<?xml version="1.0" encoding="UTF-8"?>
<testsuites name="Сверка дашбордов из разных блоков" time="7566.311" tests="5" failures="3" errors="0">
   <testsuite name="Сверка дашбордов из разных блоков" tests="5" failures="3" errors="0" time="7566.311" skipped="0" timestamp="02-12-2024T02:28:57" hostname="liazgina-di - UVV-WS904-D.ot.ru" id="Test Suites/Пн-Ср-Пт/Сверка дашбордов из разных блоков">
      <properties>
         <property name="deviceName" value=""/>
         <property name="devicePlatform"/>
         <property name="logFolder" value="C:\\Users\\LIAZGINA-DI\\git\\SPORU\\Reports\\20241202_022852\\\u041F\u043D-\u0421\u0440-\u041F\u0442\\\u0421\u0432\u0435\u0440\u043A\u0430 \u0434\u0430\u0448\u0431\u043E\u0440\u0434\u043E\u0432 \u0438\u0437 \u0440\u0430\u0437\u043D\u044B\u0445 \u0431\u043B\u043E\u043A\u043E\u0432\\20241202_022852"/>
         <property name="logFiles" value="C:\\Users\\LIAZGINA-DI\\git\\SPORU\\Reports\\20241202_022852\\\u041F\u043D-\u0421\u0440-\u041F\u0442\\\u0421\u0432\u0435\u0440\u043A\u0430 \u0434\u0430\u0448\u0431\u043E\u0440\u0434\u043E\u0432 \u0438\u0437 \u0440\u0430\u0437\u043D\u044B\u0445 \u0431\u043B\u043E\u043A\u043E\u0432\\20241202_022852\\execution0.log, C:\\Users\\LIAZGINA-DI\\git\\SPORU\\Reports\\20241202_022852\\\u041F\u043D-\u0421\u0440-\u041F\u0442\\\u0421\u0432\u0435\u0440\u043A\u0430 \u0434\u0430\u0448\u0431\u043E\u0440\u0434\u043E\u0432 \u0438\u0437 \u0440\u0430\u0437\u043D\u044B\u0445 \u0431\u043B\u043E\u043A\u043E\u0432\\20241202_022852\\execution1.log"/>
         <property name="attachments" value="C:\\Users\\LIAZGINA-DI\\git\\SPORU\\Reports\\20241202_022852\\\u041F\u043D-\u0421\u0440-\u041F\u0442\\\u0421\u0432\u0435\u0440\u043A\u0430 \u0434\u0430\u0448\u0431\u043E\u0440\u0434\u043E\u0432 \u0438\u0437 \u0440\u0430\u0437\u043D\u044B\u0445 \u0431\u043B\u043E\u043A\u043E\u0432\\20241202_022852\\1733096231106.png"/>
         <property name="hostName" value="liazgina-di - UVV-WS904-D.ot.ru"/>
         <property name="os" value="Windows 10 64bit"/>
         <property name="katalonVersion" value="9.5.0.217"/>
         <property name="browser" value="Chrome 131.0.0.0"/>
         <property name="hostAddress" value="192.168.0.19"/>
         <property name="sessionId" value="9495507c4234ef27badddd2cd985d3f3"/>
         <property name="seleniumVersion" value="3.141.59"/>
         <property name="proxyInformation" value="ProxyInformation { proxyOption=NO_PROXY, proxyServerType=HTTP, username=, password=********, proxyServerAddress=, proxyServerPort=0, executionList=&quot;&quot;, isApplyToDesiredCapabilities=true }"/>
         <property name="platform" value="Windows 10"/>
      </properties>
      <testcase name="Test Cases/Сверки дашбордов/Выполнение бизнес-плана сверка дашбордов" time="800.781" classname="Test Cases/Сверки дашбордов/Выполнение бизнес-плана сверка дашбордов" status="FAILED">
         <failure type="FAILED" message="Test Cases/Сверки дашбордов/Выполнение бизнес-плана сверка дашбордов FAILED.&#xa;Reason:&#xa;com.kms.katalon.core.exception.StepFailedException: Unable to verify object is present (Root cause: com.kms.katalon.core.exception.StepFailedException: Unable to verify object is present&#xa;	at com.kms.katalon.core.webui.keyword.internal.WebUIKeywordMain.stepFailed(WebUIKeywordMain.groovy:64)&#xa;	at com.kms.katalon.core.webui.keyword.internal.WebUIKeywordMain.runKeyword(WebUIKeywordMain.groovy:26)&#xa;	at com.kms.katalon.core.webui.keyword.builtin.VerifyElementPresentKeyword.verifyElementPresent(VerifyElementPresentKeyword.groovy:92)&#xa;	at com.kms.katalon.core.webui.keyword.builtin.VerifyElementPresentKeyword.execute(VerifyElementPresentKeyword.groovy:68)&#xa;	at com.kms.katalon.core.keyword.internal.KeywordExecutor.executeKeywordForPlatform(KeywordExecutor.groovy:74)&#xa;	at com.kms.katalon.core.webui.keyword.WebUiBuiltInKeywords.verifyElementPresent(WebUiBuiltInKeywords.groovy:1503)&#xa;	at Выполнение бизнес-плана сверка дашбордов.GetAllPAOData(Выполнение бизнес-плана сверка дашбордов:862)&#xa;	at Выполнение бизнес-плана сверка дашбордов.run(Выполнение бизнес-плана сверка дашбордов:362)&#xa;	at com.kms.katalon.core.main.ScriptEngine.run(ScriptEngine.java:194)&#xa;	at com.kms.katalon.core.main.ScriptEngine.runScriptAsRawText(ScriptEngine.java:119)&#xa;	at com.kms.katalon.core.main.TestCaseExecutor.runScript(TestCaseExecutor.java:448)&#xa;	at com.kms.katalon.core.main.TestCaseExecutor.doExecute(TestCaseExecutor.java:439)&#xa;	at com.kms.katalon.core.main.TestCaseExecutor.processExecutionPhase(TestCaseExecutor.java:418)&#xa;	at com.kms.katalon.core.main.TestCaseExecutor.accessMainPhase(TestCaseExecutor.java:410)&#xa;	at com.kms.katalon.core.main.TestCaseExecutor.execute(TestCaseExecutor.java:285)&#xa;	at com.kms.katalon.core.common.CommonExecutor.accessTestCaseMainPhase(CommonExecutor.java:65)&#xa;	at com.kms.katalon.core.main.TestSuiteExecutor.accessTestSuiteMainPhase(TestSuiteExecutor.java:150)&#xa;	at com.kms.katalon.core.main.TestSuiteExecutor.execute(TestSuiteExecutor.java:106)&#xa;	at com.kms.katalon.core.main.TestCaseMain.startTestSuite(TestCaseMain.java:180)&#xa;	at TempTestSuite1733095732962.run(TempTestSuite1733095732962.groovy:35)&#xa;	at java.base/jdk.internal.reflect.NativeMethodAccessorImpl.invoke0(Native Method)&#xa;	at java.base/jdk.internal.reflect.NativeMethodAccessorImpl.invoke(NativeMethodAccessorImpl.java:77)&#xa;	at java.base/jdk.internal.reflect.DelegatingMethodAccessorImpl.invoke(DelegatingMethodAccessorImpl.java:43)&#xa;Caused by: java.lang.IllegalArgumentException: Object is null&#xa;	at com.kms.katalon.core.helper.KeywordHelper.checkTestObjectParameter(KeywordHelper.java:33)&#xa;	at com.kms.katalon.core.webui.keyword.builtin.VerifyElementPresentKeyword$_verifyElementPresent_closure1.doCall(VerifyElementPresentKeyword.groovy:76)&#xa;	at com.kms.katalon.core.webui.keyword.builtin.VerifyElementPresentKeyword$_verifyElementPresent_closure1.call(VerifyElementPresentKeyword.groovy)&#xa;	at com.kms.katalon.core.webui.keyword.internal.WebUIKeywordMain.runKeyword(WebUIKeywordMain.groovy:20)&#xa;	at com.kms.katalon.core.webui.keyword.builtin.VerifyElementPresentKeyword.verifyElementPresent(VerifyElementPresentKeyword.groovy:92)&#xa;	at com.kms.katalon.core.webui.keyword.builtin.VerifyElementPresentKeyword.execute(VerifyElementPresentKeyword.groovy:68)&#xa;	at com.kms.katalon.core.keyword.internal.KeywordExecutor.executeKeywordForPlatform(KeywordExecutor.groovy:74)&#xa;	at com.kms.katalon.core.webui.keyword.WebUiBuiltInKeywords.verifyElementPresent(WebUiBuiltInKeywords.groovy:1503)&#xa;	at Script1719299571342.GetAllPAOData(Script1719299571342.groovy:862)&#xa;	at Script1719299571342.run(Script1719299571342.groovy:362)&#xa;	... 15 more&#xa;)&#xa;	at com.kms.katalon.core.keyword.internal.KeywordMain.stepFailed(KeywordMain.groovy:39)&#xa;	at com.kms.katalon.core.webui.keyword.internal.WebUIKeywordMain.stepFailed(WebUIKeywordMain.groovy:64)&#xa;	at com.kms.katalon.core.webui.keyword.internal.WebUIKeywordMain.runKeyword(WebUIKeywordMain.groovy:26)&#xa;	at com.kms.katalon.core.webui.keyword.builtin.VerifyElementPresentKeyword.verifyElementPresent(VerifyElementPresentKeyword.groovy:92)&#xa;	at com.kms.katalon.core.webui.keyword.builtin.VerifyElementPresentKeyword.execute(VerifyElementPresentKeyword.groovy:68)&#xa;	at com.kms.katalon.core.keyword.internal.KeywordExecutor.executeKeywordForPlatform(KeywordExecutor.groovy:74)&#xa;	at com.kms.katalon.core.webui.keyword.WebUiBuiltInKeywords.verifyElementPresent(WebUiBuiltInKeywords.groovy:1503)&#xa;	at Выполнение бизнес-плана сверка дашбордов.GetAllPAOData(Выполнение бизнес-плана сверка дашбордов:862)&#xa;	at Выполнение бизнес-плана сверка дашбордов.run(Выполнение бизнес-плана сверка дашбордов:362)&#xa;	at com.kms.katalon.core.main.ScriptEngine.run(ScriptEngine.java:194)&#xa;	at com.kms.katalon.core.main.ScriptEngine.runScriptAsRawText(ScriptEngine.java:119)&#xa;	at com.kms.katalon.core.main.TestCaseExecutor.runScript(TestCaseExecutor.java:448)&#xa;	at com.kms.katalon.core.main.TestCaseExecutor.doExecute(TestCaseExecutor.java:439)&#xa;	at com.kms.katalon.core.main.TestCaseExecutor.processExecutionPhase(TestCaseExecutor.java:418)&#xa;	at com.kms.katalon.core.main.TestCaseExecutor.accessMainPhase(TestCaseExecutor.java:410)&#xa;	at com.kms.katalon.core.main.TestCaseExecutor.execute(TestCaseExecutor.java:285)&#xa;	at com.kms.katalon.core.common.CommonExecutor.accessTestCaseMainPhase(CommonExecutor.java:65)&#xa;	at com.kms.katalon.core.main.TestSuiteExecutor.accessTestSuiteMainPhase(TestSuiteExecutor.java:150)&#xa;	at com.kms.katalon.core.main.TestSuiteExecutor.execute(TestSuiteExecutor.java:106)&#xa;	at com.kms.katalon.core.main.TestCaseMain.startTestSuite(TestCaseMain.java:180)&#xa;	at TempTestSuite1733095732962.run(TempTestSuite1733095732962.groovy:35)&#xa;	at java.base/jdk.internal.reflect.NativeMethodAccessorImpl.invoke0(Native Method)&#xa;	at java.base/jdk.internal.reflect.NativeMethodAccessorImpl.invoke(NativeMethodAccessorImpl.java:77)&#xa;	at java.base/jdk.internal.reflect.DelegatingMethodAccessorImpl.invoke(DelegatingMethodAccessorImpl.java:43)&#xa;Caused by: com.kms.katalon.core.exception.StepFailedException: Unable to verify object is present&#xa;	... 23 more&#xa;Caused by: java.lang.IllegalArgumentException: Object is null&#xa;	at com.kms.katalon.core.helper.KeywordHelper.checkTestObjectParameter(KeywordHelper.java:33)&#xa;	at com.kms.katalon.core.webui.keyword.builtin.VerifyElementPresentKeyword$_verifyElementPresent_closure1.doCall(VerifyElementPresentKeyword.groovy:76)&#xa;	at com.kms.katalon.core.webui.keyword.builtin.VerifyElementPresentKeyword$_verifyElementPresent_closure1.call(VerifyElementPresentKeyword.groovy)&#xa;	at com.kms.katalon.core.webui.keyword.internal.WebUIKeywordMain.runKeyword(WebUIKeywordMain.groovy:20)&#xa;	... 21 more&#xa;"/>
         <system-out><![CDATA[02-12-2024T02:28:58 - [TEST_CASE][FAILED] - Test Cases/Сверки дашбордов/Выполнение бизнес-плана сверка дашбордов: Test Cases/Сверки дашбордов/Выполнение бизнес-плана сверка дашбордов FAILED.
Reason:
com.kms.katalon.core.exception.StepFailedException: Unable to verify object is present (Root cause: com.kms.katalon.core.exception.StepFailedException: Unable to verify object is present
	at com.kms.katalon.core.webui.keyword.internal.WebUIKeywordMain.stepFailed(WebUIKeywordMain.groovy:64)
	at com.kms.katalon.core.webui.keyword.internal.WebUIKeywordMain.runKeyword(WebUIKeywordMain.groovy:26)
	at com.kms.katalon.core.webui.keyword.builtin.VerifyElementPresentKeyword.verifyElementPresent(VerifyElementPresentKeyword.groovy:92)
	at com.kms.katalon.core.webui.keyword.builtin.VerifyElementPresentKeyword.execute(VerifyElementPresentKeyword.groovy:68)
	at com.kms.katalon.core.keyword.internal.KeywordExecutor.executeKeywordForPlatform(KeywordExecutor.groovy:74)
	at com.kms.katalon.core.webui.keyword.WebUiBuiltInKeywords.verifyElementPresent(WebUiBuiltInKeywords.groovy:1503)
	at Выполнение бизнес-плана сверка дашбордов.GetAllPAOData(Выполнение бизнес-плана сверка дашбордов:862)
	at Выполнение бизнес-плана сверка дашбордов.run(Выполнение бизнес-плана сверка дашбордов:362)
	at com.kms.katalon.core.main.ScriptEngine.run(ScriptEngine.java:194)
	at com.kms.katalon.core.main.ScriptEngine.runScriptAsRawText(ScriptEngine.java:119)
	at com.kms.katalon.core.main.TestCaseExecutor.runScript(TestCaseExecutor.java:448)
	at com.kms.katalon.core.main.TestCaseExecutor.doExecute(TestCaseExecutor.java:439)
	at com.kms.katalon.core.main.TestCaseExecutor.processExecutionPhase(TestCaseExecutor.java:418)
	at com.kms.katalon.core.main.TestCaseExecutor.accessMainPhase(TestCaseExecutor.java:410)
	at com.kms.katalon.core.main.TestCaseExecutor.execute(TestCaseExecutor.java:285)
	at com.kms.katalon.core.common.CommonExecutor.accessTestCaseMainPhase(CommonExecutor.java:65)
	at com.kms.katalon.core.main.TestSuiteExecutor.accessTestSuiteMainPhase(TestSuiteExecutor.java:150)
	at com.kms.katalon.core.main.TestSuiteExecutor.execute(TestSuiteExecutor.java:106)
	at com.kms.katalon.core.main.TestCaseMain.startTestSuite(TestCaseMain.java:180)
	at TempTestSuite1733095732962.run(TempTestSuite1733095732962.groovy:35)
	at java.base/jdk.internal.reflect.NativeMethodAccessorImpl.invoke0(Native Method)
	at java.base/jdk.internal.reflect.NativeMethodAccessorImpl.invoke(NativeMethodAccessorImpl.java:77)
	at java.base/jdk.internal.reflect.DelegatingMethodAccessorImpl.invoke(DelegatingMethodAccessorImpl.java:43)
Caused by: java.lang.IllegalArgumentException: Object is null
	at com.kms.katalon.core.helper.KeywordHelper.checkTestObjectParameter(KeywordHelper.java:33)
	at com.kms.katalon.core.webui.keyword.builtin.VerifyElementPresentKeyword$_verifyElementPresent_closure1.doCall(VerifyElementPresentKeyword.groovy:76)
	at com.kms.katalon.core.webui.keyword.builtin.VerifyElementPresentKeyword$_verifyElementPresent_closure1.call(VerifyElementPresentKeyword.groovy)
	at com.kms.katalon.core.webui.keyword.internal.WebUIKeywordMain.runKeyword(WebUIKeywordMain.groovy:20)
	at com.kms.katalon.core.webui.keyword.builtin.VerifyElementPresentKeyword.verifyElementPresent(VerifyElementPresentKeyword.groovy:92)
	at com.kms.katalon.core.webui.keyword.builtin.VerifyElementPresentKeyword.execute(VerifyElementPresentKeyword.groovy:68)
	at com.kms.katalon.core.keyword.internal.KeywordExecutor.executeKeywordForPlatform(KeywordExecutor.groovy:74)
	at com.kms.katalon.core.webui.keyword.WebUiBuiltInKeywords.verifyElementPresent(WebUiBuiltInKeywords.groovy:1503)
	at Script1719299571342.GetAllPAOData(Script1719299571342.groovy:862)
	at Script1719299571342.run(Script1719299571342.groovy:362)
	... 15 more
)
	at com.kms.katalon.core.keyword.internal.KeywordMain.stepFailed(KeywordMain.groovy:39)
	at com.kms.katalon.core.webui.keyword.internal.WebUIKeywordMain.stepFailed(WebUIKeywordMain.groovy:64)
	at com.kms.katalon.core.webui.keyword.internal.WebUIKeywordMain.runKeyword(WebUIKeywordMain.groovy:26)
	at com.kms.katalon.core.webui.keyword.builtin.VerifyElementPresentKeyword.verifyElementPresent(VerifyElementPresentKeyword.groovy:92)
	at com.kms.katalon.core.webui.keyword.builtin.VerifyElementPresentKeyword.execute(VerifyElementPresentKeyword.groovy:68)
	at com.kms.katalon.core.keyword.internal.KeywordExecutor.executeKeywordForPlatform(KeywordExecutor.groovy:74)
	at com.kms.katalon.core.webui.keyword.WebUiBuiltInKeywords.verifyElementPresent(WebUiBuiltInKeywords.groovy:1503)
	at Выполнение бизнес-плана сверка дашбордов.GetAllPAOData(Выполнение бизнес-плана сверка дашбордов:862)
	at Выполнение бизнес-плана сверка дашбордов.run(Выполнение бизнес-плана сверка дашбордов:362)
	at com.kms.katalon.core.main.ScriptEngine.run(ScriptEngine.java:194)
	at com.kms.katalon.core.main.ScriptEngine.runScriptAsRawText(ScriptEngine.java:119)
	at com.kms.katalon.core.main.TestCaseExecutor.runScript(TestCaseExecutor.java:448)
	at com.kms.katalon.core.main.TestCaseExecutor.doExecute(TestCaseExecutor.java:439)
	at com.kms.katalon.core.main.TestCaseExecutor.processExecutionPhase(TestCaseExecutor.java:418)
	at com.kms.katalon.core.main.TestCaseExecutor.accessMainPhase(TestCaseExecutor.java:410)
	at com.kms.katalon.core.main.TestCaseExecutor.execute(TestCaseExecutor.java:285)
	at com.kms.katalon.core.common.CommonExecutor.accessTestCaseMainPhase(CommonExecutor.java:65)
	at com.kms.katalon.core.main.TestSuiteExecutor.accessTestSuiteMainPhase(TestSuiteExecutor.java:150)
	at com.kms.katalon.core.main.TestSuiteExecutor.execute(TestSuiteExecutor.java:106)
	at com.kms.katalon.core.main.TestCaseMain.startTestSuite(TestCaseMain.java:180)
	at TempTestSuite1733095732962.run(TempTestSuite1733095732962.groovy:35)
	at java.base/jdk.internal.reflect.NativeMethodAccessorImpl.invoke0(Native Method)
	at java.base/jdk.internal.reflect.NativeMethodAccessorImpl.invoke(NativeMethodAccessorImpl.java:77)
	at java.base/jdk.internal.reflect.DelegatingMethodAccessorImpl.invoke(DelegatingMethodAccessorImpl.java:43)
Caused by: com.kms.katalon.core.exception.StepFailedException: Unable to verify object is present
	... 23 more
Caused by: java.lang.IllegalArgumentException: Object is null
	at com.kms.katalon.core.helper.KeywordHelper.checkTestObjectParameter(KeywordHelper.java:33)
	at com.kms.katalon.core.webui.keyword.builtin.VerifyElementPresentKeyword$_verifyElementPresent_closure1.doCall(VerifyElementPresentKeyword.groovy:76)
	at com.kms.katalon.core.webui.keyword.builtin.VerifyElementPresentKeyword$_verifyElementPresent_closure1.call(VerifyElementPresentKeyword.groovy)
	at com.kms.katalon.core.webui.keyword.internal.WebUIKeywordMain.runKeyword(WebUIKeywordMain.groovy:20)
	... 21 more


02-12-2024T02:28:59 - [TEST_STEP][PASSED] - date = new java.util.Date(): null

02-12-2024T02:28:59 - [TEST_STEP][PASSED] - todaysDate = date.format("dd.MM.yyyy"): null

02-12-2024T02:28:59 - [TEST_STEP][PASSED] - blockNum = <not implemented yet for class: org.codehaus.groovy.ast.expr.EmptyExpression>: null

02-12-2024T02:28:59 - [TEST_STEP][PASSED] - path = <not implemented yet for class: org.codehaus.groovy.ast.expr.EmptyExpression>: null

02-12-2024T02:28:59 - [TEST_STEP][PASSED] - typeOfData = <not implemented yet for class: org.codehaus.groovy.ast.expr.EmptyExpression>: null

02-12-2024T02:28:59 - [TEST_STEP][PASSED] - i = <not implemented yet for class: org.codehaus.groovy.ast.expr.EmptyExpression>: null

02-12-2024T02:28:59 - [TEST_STEP][PASSED] - dZO = <not implemented yet for class: org.codehaus.groovy.ast.expr.EmptyExpression>: null

02-12-2024T02:28:59 - [TEST_STEP][PASSED] - vidget = <not implemented yet for class: org.codehaus.groovy.ast.expr.EmptyExpression>: null

02-12-2024T02:28:59 - [TEST_STEP][PASSED] - tabR = <not implemented yet for class: org.codehaus.groovy.ast.expr.EmptyExpression>: null

02-12-2024T02:28:59 - [TEST_STEP][PASSED] - tabB = <not implemented yet for class: org.codehaus.groovy.ast.expr.EmptyExpression>: null

02-12-2024T02:28:59 - [TEST_STEP][PASSED] - o1R = <not implemented yet for class: org.codehaus.groovy.ast.expr.EmptyExpression>: null

02-12-2024T02:28:59 - [TEST_STEP][PASSED] - o1B = <not implemented yet for class: org.codehaus.groovy.ast.expr.EmptyExpression>: null

02-12-2024T02:28:59 - [TEST_STEP][PASSED] - PercPlanR = <not implemented yet for class: org.codehaus.groovy.ast.expr.EmptyExpression>: null

02-12-2024T02:28:59 - [TEST_STEP][PASSED] - PercPlanB = <not implemented yet for class: org.codehaus.groovy.ast.expr.EmptyExpression>: null

02-12-2024T02:28:59 - [TEST_STEP][PASSED] - PercFactR = <not implemented yet for class: org.codehaus.groovy.ast.expr.EmptyExpression>: null

02-12-2024T02:28:59 - [TEST_STEP][PASSED] - PercFactB = <not implemented yet for class: org.codehaus.groovy.ast.expr.EmptyExpression>: null

02-12-2024T02:28:59 - [TEST_STEP][PASSED] - pRR = "ПАО Россети/": null

02-12-2024T02:28:59 - [TEST_STEP][PASSED] - fR = "Россети ФСК ЕЭС/": null

02-12-2024T02:28:59 - [TEST_STEP][PASSED] - tyR = "АО "Тываэнерго"/": null

02-12-2024T02:28:59 - [TEST_STEP][PASSED] - chR = "Чеченэнерго": null

02-12-2024T02:28:59 - [TEST_STEP][PASSED] - vR = "Россети Волга/": null

02-12-2024T02:28:59 - [TEST_STEP][PASSED] - kR = "Россети Кубань/": null

02-12-2024T02:28:59 - [TEST_STEP][PASSED] - lR = "Россети Ленэнерго (ГК)/": null

02-12-2024T02:28:59 - [TEST_STEP][PASSED] - mR = "Россети Московский регион/": null

02-12-2024T02:28:59 - [TEST_STEP][PASSED] - sKR = "Россети Северный Кавказ (ГК)/": null

02-12-2024T02:28:59 - [TEST_STEP][PASSED] - sZR = "Россети Северо-Запад/": null

02-12-2024T02:28:59 - [TEST_STEP][PASSED] - siR = "Россети Сибирь (ГК)/": null

02-12-2024T02:28:59 - [TEST_STEP][PASSED] - tomR = "Россети Томск/": null

02-12-2024T02:28:59 - [TEST_STEP][PASSED] - tyumR = "Россети Тюмень/": null

02-12-2024T02:28:59 - [TEST_STEP][PASSED] - urR = "Россети Урал (ГК)/": null

02-12-2024T02:28:59 - [TEST_STEP][PASSED] - cenR = "Россети Центр (ГК)/": null

02-12-2024T02:28:59 - [TEST_STEP][PASSED] - cIPR = "Россети Центр и Приволжье (ГК)/": null

02-12-2024T02:28:59 - [TEST_STEP][PASSED] - ugR = "Россети Юг (ГК)/": null

02-12-2024T02:28:59 - [TEST_STEP][PASSED] - yR = "Россети Янтарь/": null

02-12-2024T02:28:59 - [TEST_STEP][PASSED] - pRB = "ПАО Россети/": null

02-12-2024T02:28:59 - [TEST_STEP][PASSED] - fB = "Россети ФСК ЕЭС/": null

02-12-2024T02:28:59 - [TEST_STEP][PASSED] - tyB = "АО "Тываэнерго"/": null

02-12-2024T02:28:59 - [TEST_STEP][PASSED] - chB = "Чеченэнерго": null

02-12-2024T02:28:59 - [TEST_STEP][PASSED] - vB = "Россети Волга/": null

02-12-2024T02:28:59 - [TEST_STEP][PASSED] - kB = "Россети Кубань/": null

02-12-2024T02:28:59 - [TEST_STEP][PASSED] - lB = "Россети Ленэнерго (ГК)/": null

02-12-2024T02:28:59 - [TEST_STEP][PASSED] - mB = "Россети Московский регион/": null

02-12-2024T02:28:59 - [TEST_STEP][PASSED] - sKB = "Россети Северный Кавказ (ГК)/": null

02-12-2024T02:28:59 - [TEST_STEP][PASSED] - sZB = "Россети Северо-Запад/": null

02-12-2024T02:28:59 - [TEST_STEP][PASSED] - siB = "Россети Сибирь (ГК)/": null

02-12-2024T02:28:59 - [TEST_STEP][PASSED] - tomB = "Россети Томск/": null

02-12-2024T02:28:59 - [TEST_STEP][PASSED] - tyumB = "Россети Тюмень/": null

02-12-2024T02:28:59 - [TEST_STEP][PASSED] - urB = "Россети Урал (ГК)/": null

02-12-2024T02:28:59 - [TEST_STEP][PASSED] - cenB = "Россети Центр (ГК)/": null

02-12-2024T02:28:59 - [TEST_STEP][PASSED] - cIPB = "Россети Центр и Приволжье (ГК)/": null

02-12-2024T02:28:59 - [TEST_STEP][PASSED] - ugB = "Россети Юг (ГК)/": null

02-12-2024T02:28:59 - [TEST_STEP][PASSED] - yB = "Россети Янтарь/": null

02-12-2024T02:28:59 - [TEST_STEP][PASSED] - VseDZO = <not implemented yet for class: org.codehaus.groovy.ast.expr.EmptyExpression>: null

02-12-2024T02:28:59 - [TEST_STEP][PASSED] - a = <not implemented yet for class: org.codehaus.groovy.ast.expr.EmptyExpression>: null

02-12-2024T02:28:59 - [TEST_STEP][PASSED] - b = <not implemented yet for class: org.codehaus.groovy.ast.expr.EmptyExpression>: null

02-12-2024T02:28:59 - [TEST_STEP][PASSED] - dZONum = 0: null

02-12-2024T02:28:59 - [TEST_STEP][PASSED] - x = <not implemented yet for class: org.codehaus.groovy.ast.expr.EmptyExpression>: null

02-12-2024T02:28:59 - [TEST_STEP][PASSED] - blockNum = 1: null

02-12-2024T02:28:59 - [TEST_STEP][PASSED] - path = "Object Repository/Выполнение бизнес-плана/": null

02-12-2024T02:28:59 - [TEST_STEP][PASSED] - Script1719299571342.Presettings(blockNum, path): null

02-12-2024T02:28:59 - [TEST_STEP][PASSED] - blockNumber = <not implemented yet for class: org.codehaus.groovy.ast.expr.EmptyExpression>: null

02-12-2024T02:28:59 - [TEST_STEP][PASSED] - urlText = <not implemented yet for class: org.codehaus.groovy.ast.expr.EmptyExpression>: null

02-12-2024T02:28:59 - [TEST_STEP][PASSED] - searchWord = <not implemented yet for class: org.codehaus.groovy.ast.expr.EmptyExpression>: null

02-12-2024T02:28:59 - [TEST_STEP][PASSED] - i = <not implemented yet for class: org.codehaus.groovy.ast.expr.EmptyExpression>: null

02-12-2024T02:28:59 - [TEST_STEP][PASSED] - ii = <not implemented yet for class: org.codehaus.groovy.ast.expr.EmptyExpression>: null

02-12-2024T02:28:59 - [TEST_STEP][PASSED] - openBrowser(""): Browser is opened with url: ''

02-12-2024T02:29:00 - [MESSAGE][INFO] - Starting 'Chrome' driver

02-12-2024T02:29:00 - [MESSAGE][INFO] - Action delay is set to 0 milliseconds

02-12-2024T02:29:02 - [MESSAGE][PASSED] - Browser is opened with url: ''

02-12-2024T02:29:02 - [TEST_STEP][PASSED] - if (blockNum == 1): null

02-12-2024T02:29:02 - [TEST_STEP][PASSED] - path = "Object Repository/Выполнение бизнес-плана/": null

02-12-2024T02:29:02 - [TEST_STEP][PASSED] - blockNumber = 1: null

02-12-2024T02:29:02 - [TEST_STEP][PASSED] - navigateToUrl(findTestData("PlanFact").getValue(10, blockNumber)): Navigate to 'https://bi.rosseti.digital/viewer?dashboardGuid=d154a8eaf6824e2b9de1bb04dd061c18&sheetGuid=1305e8ce744049e1abdacea1ea397a26&fit=true' successfully

02-12-2024T02:29:13 - [MESSAGE][PASSED] - Navigate to 'https://bi.rosseti.digital/viewer?dashboardGuid=d154a8eaf6824e2b9de1bb04dd061c18&sheetGuid=1305e8ce744049e1abdacea1ea397a26&fit=true' successfully

02-12-2024T02:29:13 - [TEST_STEP][PASSED] - urlText = getText(findTestObject("Страница авторизации/Text")): Text of object 'Object Repository/Страница авторизации/Text' is: 'Вход'

02-12-2024T02:29:15 - [MESSAGE][PASSED] - Text of object 'Object Repository/Страница авторизации/Text' is: 'Вход'

02-12-2024T02:29:15 - [TEST_STEP][PASSED] - delay(10): Delayed 10 second(s)

02-12-2024T02:29:25 - [MESSAGE][PASSED] - Delayed 10 second(s)

02-12-2024T02:29:25 - [TEST_STEP][PASSED] - searchWord = "Вход": null

02-12-2024T02:29:25 - [TEST_STEP][PASSED] - if (urlText.contains(searchWord) == false): null

02-12-2024T02:29:25 - [TEST_STEP][PASSED] - setText(findTestObject("Страница авторизации/input__username"), findTestData("PlanFact").getValue(8, 1)): Text 'liazgina-di' is set on object 'Object Repository/Страница авторизации/input__username'

02-12-2024T02:29:26 - [MESSAGE][PASSED] - Text 'liazgina-di' is set on object 'Object Repository/Страница авторизации/input__username'

02-12-2024T02:29:26 - [TEST_STEP][PASSED] - setText(findTestObject("Страница авторизации/input__password"), findTestData("PlanFact").getValue(9, 1)): Text ')$%5srZ8o688Dm#q' is set on object 'Object Repository/Страница авторизации/input__password'

02-12-2024T02:29:27 - [MESSAGE][PASSED] - Text ')$%5srZ8o688Dm#q' is set on object 'Object Repository/Страница авторизации/input__password'

02-12-2024T02:29:27 - [TEST_STEP][PASSED] - click(findTestObject("Страница авторизации/button_")): Object: 'Object Repository/Страница авторизации/button_' is clicked on

02-12-2024T02:29:29 - [MESSAGE][PASSED] - Object: 'Object Repository/Страница авторизации/button_' is clicked on

02-12-2024T02:29:29 - [TEST_STEP][PASSED] - delay(50): Delayed 50 second(s)

02-12-2024T02:30:19 - [MESSAGE][PASSED] - Delayed 50 second(s)

02-12-2024T02:30:19 - [TEST_STEP][PASSED] - searchWord = "ДЗО": null

02-12-2024T02:30:19 - [TEST_STEP][PASSED] - urlText = getText(findTestObject("Страница авторизации/Text")): Text of object 'Object Repository/Страница авторизации/Text' is: 'ДЗО 
Все
Период
1, 2, 3 кв., Октябрь 2024 года
Отклонения фактического уровня потерь от бизнес-плана, п.п.
-0.07
3.72
3.84
-0.05
0.15
-0.50
-0.27
АО «Тываэнерго»
АО «Чеченэнерго»
Россети Северный Кавказ
Россети Сибирь
Россети Тюмень
Россети Центр (ГК)
Россети Центр и Приволжье (ГК)
-1
0
1
2
3
4
5
6
7

Уровень потерь электроэнергии
АО «Тываэнерго»
АО «Чеченэнерго»
Россети Северный Кавказ
Россети Сибирь
Россети Тюмень
Россети Центр (ГК)
Россети Центр и Приволжье (ГК)
0
10
20
30
40
50
60
70
21.03
|
32.87
23.70
6.97
|
2.50
10.14
|
7.04
|
20.96
36.59
|
27.54
|
6.92
2.65
|
9.64
6.77
п.п.
0.06
Итого
0
0.025
0.05
0.075
%
5.35 5.35
5.31 5.31
План
Факт
1
100

● Бизнес-план выполнен● ●● Превышение бизнес-плана
Отклонения фактического уровня потерь от бизнес-плана за 3 месяца (нарастающим итогом), п.п.
-0.0-0.0
4.14.1
4.04.0
-0.1-0.1
0.10.1
-0.4-0.4
-0.2-0.2
-0.1-0.1
3.73.7
3.83.8
-0.0-0.0
0.10.1
-0.5-0.5
-0.2-0.2
-0.1-0.1
3.73.7
3.83.8
-0.0-0.0
0.10.1
-0.5-0.5
-0.3-0.3
Россети ФСКЕЭС
АО«Тываэнерго»
АО«Чеченэнерго»
Россети Волга
РоссетиКубань
РоссетиЛенэнерго (ГК)
РоссетиМосковскийрегион
РоссетиСеверныйКавказ (ГК)
Россети Северо-Запад
Россети Сибирь(ГК)
Россети Томск
Россети Тюмень
Россети Урал(ГК)
Россети Центр
Россети Центр иПриволжье (ГК)
Россети Юг (Г…
РоссетиЯнтарь
0
-5
5
п.п.
Отклонения фактического уровня потерь от бизнес-плана за 3 месяца (нарастающим итогом)
-0.2-0.2
-0.0-0.0
0.20.2
-0.1-0.1
4.24.2
-1.7-1.7
-0.1-0.1
-0.3-0.3
-0.1-0.1
0.30.3
-0.7-0.7
-0.4-0.4
8.48.4
0.20.2
13.213.2
-0.2-0.2
-0.1-0.1
-0.5-0.5
-0.3-0.3
3.83.8
-1.8-1.8
-0.1-0.1
-0.3-0.3
-0.2-0.2
0.40.4
-0.7-0.7
-0.4-0.4
8.08.0
0.30.3
13.213.2
-0.2-0.2
-0.3-0.3
-1.8-1.8
-0.3-0.3
-0.2-0.2
-0.7-0.7
-0.5-0.5
0.40.4
Итого по ФСК ЕЭС
Каббалкэнерго
Калмэнерго
Калугаэнерго
АО "Кинешемская электросеть"
АО "Тываэнерго"
АО «ВМЭС»
АО «Воронежская горэлектросеть»
АО «Тульские городские электрические сети»
АО «Чеченэнерго»
АО «Ярославская электросетевая компания»
АО ЕЭСК
Алтайэнерго
Архангельский филиал
Астраханьэнерго
Белгородэнерго
Брянскэнерго
Бурятэнерго
Владимирэнерго
Волгоградэнерго
Вологодский филиал
Воронежэнерго
Дагэнерго
Ивэнерго
Ингушэнерго
-5
15

Статус данных
Просьба обратить внимание
— все данные не занесены
Факт
План
Итого – Факт
Отпуск в сеть 206 165 497
Отпуск из сети 187 914 500
Потери 18 250 997
Итого – План
Отпуск в сеть 201 515 981
Отпуск из сети 184 398 651
Потери 17 117 330
Выполнение бизнес-плана в части показателя «Уровень потерь электроэнергии»
Показатели баланса электроэнергии по ДЗО – Факт 
572 217 3 034 612 17 367 779 46 928 172 43 413 766 49 425 284 45 596 339
452 291 1 924 288 12 584 601 43 678 766 42 264 622 44 662 142 42 504 429
119 926 1 110 325 4 783 177 3 249 406 1 149 143 4 763 141 3 091 910
Показатели баланса электроэнергии по ДЗО – План
544 127 2 822 152 16 300 204 44 875 501 45 056 130 48 037 333 44 041 851
429 681 1 894 447 12 437 092 41 746 891 43 930 370 43 167 677 40 938 806
114 446 927 705 3 863 112 3 128 610 1 125 760 4 869 656 3 103 045'

02-12-2024T02:30:50 - [MESSAGE][PASSED] - Text of object 'Object Repository/Страница авторизации/Text' is: 'ДЗО 
Все
Период
1, 2, 3 кв., Октябрь 2024 года
Отклонения фактического уровня потерь от бизнес-плана, п.п.
-0.07
3.72
3.84
-0.05
0.15
-0.50
-0.27
АО «Тываэнерго»
АО «Чеченэнерго»
Россети Северный Кавказ
Россети Сибирь
Россети Тюмень
Россети Центр (ГК)
Россети Центр и Приволжье (ГК)
-1
0
1
2
3
4
5
6
7

Уровень потерь электроэнергии
АО «Тываэнерго»
АО «Чеченэнерго»
Россети Северный Кавказ
Россети Сибирь
Россети Тюмень
Россети Центр (ГК)
Россети Центр и Приволжье (ГК)
0
10
20
30
40
50
60
70
21.03
|
32.87
23.70
6.97
|
2.50
10.14
|
7.04
|
20.96
36.59
|
27.54
|
6.92
2.65
|
9.64
6.77
п.п.
0.06
Итого
0
0.025
0.05
0.075
%
5.35 5.35
5.31 5.31
План
Факт
1
100

● Бизнес-план выполнен● ●● Превышение бизнес-плана
Отклонения фактического уровня потерь от бизнес-плана за 3 месяца (нарастающим итогом), п.п.
-0.0-0.0
4.14.1
4.04.0
-0.1-0.1
0.10.1
-0.4-0.4
-0.2-0.2
-0.1-0.1
3.73.7
3.83.8
-0.0-0.0
0.10.1
-0.5-0.5
-0.2-0.2
-0.1-0.1
3.73.7
3.83.8
-0.0-0.0
0.10.1
-0.5-0.5
-0.3-0.3
Россети ФСКЕЭС
АО«Тываэнерго»
АО«Чеченэнерго»
Россети Волга
РоссетиКубань
РоссетиЛенэнерго (ГК)
РоссетиМосковскийрегион
РоссетиСеверныйКавказ (ГК)
Россети Северо-Запад
Россети Сибирь(ГК)
Россети Томск
Россети Тюмень
Россети Урал(ГК)
Россети Центр
Россети Центр иПриволжье (ГК)
Россети Юг (Г…
РоссетиЯнтарь
0
-5
5
п.п.
Отклонения фактического уровня потерь от бизнес-плана за 3 месяца (нарастающим итогом)
-0.2-0.2
-0.0-0.0
0.20.2
-0.1-0.1
4.24.2
-1.7-1.7
-0.1-0.1
-0.3-0.3
-0.1-0.1
0.30.3
-0.7-0.7
-0.4-0.4
8.48.4
0.20.2
13.213.2
-0.2-0.2
-0.1-0.1
-0.5-0.5
-0.3-0.3
3.83.8
-1.8-1.8
-0.1-0.1
-0.3-0.3
-0.2-0.2
0.40.4
-0.7-0.7
-0.4-0.4
8.08.0
0.30.3
13.213.2
-0.2-0.2
-0.3-0.3
-1.8-1.8
-0.3-0.3
-0.2-0.2
-0.7-0.7
-0.5-0.5
0.40.4
Итого по ФСК ЕЭС
Каббалкэнерго
Калмэнерго
Калугаэнерго
АО "Кинешемская электросеть"
АО "Тываэнерго"
АО «ВМЭС»
АО «Воронежская горэлектросеть»
АО «Тульские городские электрические сети»
АО «Чеченэнерго»
АО «Ярославская электросетевая компания»
АО ЕЭСК
Алтайэнерго
Архангельский филиал
Астраханьэнерго
Белгородэнерго
Брянскэнерго
Бурятэнерго
Владимирэнерго
Волгоградэнерго
Вологодский филиал
Воронежэнерго
Дагэнерго
Ивэнерго
Ингушэнерго
-5
15

Статус данных
Просьба обратить внимание
— все данные не занесены
Факт
План
Итого – Факт
Отпуск в сеть 206 165 497
Отпуск из сети 187 914 500
Потери 18 250 997
Итого – План
Отпуск в сеть 201 515 981
Отпуск из сети 184 398 651
Потери 17 117 330
Выполнение бизнес-плана в части показателя «Уровень потерь электроэнергии»
Показатели баланса электроэнергии по ДЗО – Факт 
572 217 3 034 612 17 367 779 46 928 172 43 413 766 49 425 284 45 596 339
452 291 1 924 288 12 584 601 43 678 766 42 264 622 44 662 142 42 504 429
119 926 1 110 325 4 783 177 3 249 406 1 149 143 4 763 141 3 091 910
Показатели баланса электроэнергии по ДЗО – План
544 127 2 822 152 16 300 204 44 875 501 45 056 130 48 037 333 44 041 851
429 681 1 894 447 12 437 092 41 746 891 43 930 370 43 167 677 40 938 806
114 446 927 705 3 863 112 3 128 610 1 125 760 4 869 656 3 103 045'

02-12-2024T02:30:50 - [TEST_STEP][PASSED] - if (urlText.contains("ошибка") || urlText.contains(searchWord) == false): null

02-12-2024T02:30:50 - [TEST_STEP][PASSED] - Script1719299571342.ZakrytOpoveshenie(): null

02-12-2024T02:30:50 - [TEST_STEP][PASSED] - opoveshenie = getText(findTestObject("Выполнение бизнес-плана/Просьба обратить внимание")): Text of object 'Object Repository/Выполнение бизнес-плана/Просьба обратить внимание' is: 'Просьба обратить внимание'

02-12-2024T02:30:50 - [MESSAGE][PASSED] - Text of object 'Object Repository/Выполнение бизнес-плана/Просьба обратить внимание' is: 'Просьба обратить внимание'

02-12-2024T02:30:50 - [TEST_STEP][PASSED] - if (opoveshenie == "Просьба обратить внимание"): Object: 'Object Repository/Выполнение бизнес-плана/Закрыть оповещение' is clicked on

02-12-2024T02:30:50 - [TEST_STEP][PASSED] - click(findTestObject("Выполнение бизнес-плана/Закрыть оповещение")): Object: 'Object Repository/Выполнение бизнес-плана/Закрыть оповещение' is clicked on

02-12-2024T02:30:51 - [MESSAGE][PASSED] - Object: 'Object Repository/Выполнение бизнес-плана/Закрыть оповещение' is clicked on

02-12-2024T02:30:51 - [TEST_STEP][PASSED] - click(findTestObject(path + "Фильтр Дата")): Object: 'Object Repository/Выполнение бизнес-плана/Фильтр Дата' is clicked on

02-12-2024T02:30:51 - [MESSAGE][PASSED] - Object: 'Object Repository/Выполнение бизнес-плана/Фильтр Дата' is clicked on

02-12-2024T02:30:51 - [TEST_STEP][PASSED] - click(findTestObject(path + "Снять выделение в фильтре Дата")): Object: 'Object Repository/Выполнение бизнес-плана/Снять выделение в фильтре Дата' is clicked on

02-12-2024T02:30:52 - [MESSAGE][PASSED] - Object: 'Object Repository/Выполнение бизнес-плана/Снять выделение в фильтре Дата' is clicked on

02-12-2024T02:30:52 - [TEST_STEP][PASSED] - click(findTestObject(path + "Применить в фильтре Дата")): Object: 'Object Repository/Выполнение бизнес-плана/Применить в фильтре Дата' is clicked on

02-12-2024T02:30:52 - [MESSAGE][PASSED] - Object: 'Object Repository/Выполнение бизнес-плана/Применить в фильтре Дата' is clicked on

02-12-2024T02:30:52 - [TEST_STEP][PASSED] - delay(50): Delayed 50 second(s)

02-12-2024T02:31:42 - [MESSAGE][PASSED] - Delayed 50 second(s)

02-12-2024T02:31:42 - [TEST_STEP][PASSED] - Script1719299571342.ZakrytOpoveshenie(): null

02-12-2024T02:31:42 - [TEST_STEP][PASSED] - opoveshenie = getText(findTestObject("Выполнение бизнес-плана/Просьба обратить внимание")): Text of object 'Object Repository/Выполнение бизнес-плана/Просьба обратить внимание' is: 'Просьба обратить внимание'

02-12-2024T02:31:43 - [MESSAGE][PASSED] - Text of object 'Object Repository/Выполнение бизнес-плана/Просьба обратить внимание' is: 'Просьба обратить внимание'

02-12-2024T02:31:43 - [TEST_STEP][PASSED] - if (opoveshenie == "Просьба обратить внимание"): Object: 'Object Repository/Выполнение бизнес-плана/Закрыть оповещение' is clicked on

02-12-2024T02:31:43 - [TEST_STEP][PASSED] - click(findTestObject("Выполнение бизнес-плана/Закрыть оповещение")): Object: 'Object Repository/Выполнение бизнес-плана/Закрыть оповещение' is clicked on

02-12-2024T02:31:43 - [MESSAGE][PASSED] - Object: 'Object Repository/Выполнение бизнес-плана/Закрыть оповещение' is clicked on

02-12-2024T02:31:43 - [TEST_STEP][PASSED] - click(findTestObject(path + "Фильтр Дата")): Object: 'Object Repository/Выполнение бизнес-плана/Фильтр Дата' is clicked on

02-12-2024T02:31:43 - [MESSAGE][PASSED] - Object: 'Object Repository/Выполнение бизнес-плана/Фильтр Дата' is clicked on

02-12-2024T02:31:43 - [TEST_STEP][PASSED] - scrollToElement(findTestObject(path + "2024 список"), 30): Scroll to object 'Object Repository/Выполнение бизнес-плана/2024 список' successfully

02-12-2024T02:31:44 - [MESSAGE][PASSED] - Scroll to object 'Object Repository/Выполнение бизнес-плана/2024 список' successfully

02-12-2024T02:31:44 - [TEST_STEP][PASSED] - click(findTestObject(path + "2024 список")): Object: 'Object Repository/Выполнение бизнес-плана/2024 список' is clicked on

02-12-2024T02:31:44 - [MESSAGE][PASSED] - Object: 'Object Repository/Выполнение бизнес-плана/2024 список' is clicked on

02-12-2024T02:31:44 - [TEST_STEP][PASSED] - scrollToElement(findTestObject(path + "1 квартал 2024 список"), 30): Scroll to object 'Object Repository/Выполнение бизнес-плана/1 квартал 2024 список' successfully

02-12-2024T02:31:45 - [MESSAGE][PASSED] - Scroll to object 'Object Repository/Выполнение бизнес-плана/1 квартал 2024 список' successfully

02-12-2024T02:31:45 - [TEST_STEP][PASSED] - click(findTestObject(path + "1 квартал 2024 список")): Object: 'Object Repository/Выполнение бизнес-плана/1 квартал 2024 список' is clicked on

02-12-2024T02:31:45 - [MESSAGE][PASSED] - Object: 'Object Repository/Выполнение бизнес-плана/1 квартал 2024 список' is clicked on

02-12-2024T02:31:45 - [TEST_STEP][PASSED] - click(findTestObject(path + "Январь 2024")): Object: 'Object Repository/Выполнение бизнес-плана/Январь 2024' is clicked on

02-12-2024T02:31:46 - [MESSAGE][PASSED] - Object: 'Object Repository/Выполнение бизнес-плана/Январь 2024' is clicked on

02-12-2024T02:31:46 - [TEST_STEP][PASSED] - click(findTestObject(path + "Февраль 2024")): Object: 'Object Repository/Выполнение бизнес-плана/Февраль 2024' is clicked on

02-12-2024T02:31:46 - [MESSAGE][PASSED] - Object: 'Object Repository/Выполнение бизнес-плана/Февраль 2024' is clicked on

02-12-2024T02:31:46 - [TEST_STEP][PASSED] - click(findTestObject(path + "Март 2024")): Object: 'Object Repository/Выполнение бизнес-плана/Март 2024' is clicked on

02-12-2024T02:31:47 - [MESSAGE][PASSED] - Object: 'Object Repository/Выполнение бизнес-плана/Март 2024' is clicked on

02-12-2024T02:31:47 - [TEST_STEP][PASSED] - scrollToElement(findTestObject(path + "2 квартал 2024"), 30): Scroll to object 'Object Repository/Выполнение бизнес-плана/2 квартал 2024' successfully

02-12-2024T02:31:47 - [MESSAGE][PASSED] - Scroll to object 'Object Repository/Выполнение бизнес-плана/2 квартал 2024' successfully

02-12-2024T02:31:47 - [TEST_STEP][PASSED] - click(findTestObject(path + "2 квартал 2024")): Object: 'Object Repository/Выполнение бизнес-плана/2 квартал 2024' is clicked on

02-12-2024T02:31:48 - [MESSAGE][PASSED] - Object: 'Object Repository/Выполнение бизнес-плана/2 квартал 2024' is clicked on

02-12-2024T02:31:48 - [TEST_STEP][PASSED] - scrollToElement(findTestObject(path + "3 квартал 2024 список"), 30): Scroll to object 'Object Repository/Выполнение бизнес-плана/3 квартал 2024 список' successfully

02-12-2024T02:31:48 - [MESSAGE][PASSED] - Scroll to object 'Object Repository/Выполнение бизнес-плана/3 квартал 2024 список' successfully

02-12-2024T02:31:48 - [TEST_STEP][PASSED] - click(findTestObject(path + "3 квартал 2024")): Object: 'Object Repository/Выполнение бизнес-плана/3 квартал 2024' is clicked on

02-12-2024T02:31:48 - [MESSAGE][PASSED] - Object: 'Object Repository/Выполнение бизнес-плана/3 квартал 2024' is clicked on

02-12-2024T02:31:48 - [TEST_STEP][PASSED] - scrollToElement(findTestObject(path + "4 квартал 2024 список"), 30): Scroll to object 'Object Repository/Выполнение бизнес-плана/4 квартал 2024 список' successfully

02-12-2024T02:31:49 - [MESSAGE][PASSED] - Scroll to object 'Object Repository/Выполнение бизнес-плана/4 квартал 2024 список' successfully

02-12-2024T02:31:49 - [TEST_STEP][PASSED] - click(findTestObject(path + "4 квартал 2024 список")): Object: 'Object Repository/Выполнение бизнес-плана/4 квартал 2024 список' is clicked on

02-12-2024T02:31:49 - [MESSAGE][PASSED] - Object: 'Object Repository/Выполнение бизнес-плана/4 квартал 2024 список' is clicked on

02-12-2024T02:31:49 - [TEST_STEP][PASSED] - scrollToElement(findTestObject(path + "Октябрь 2024"), 30): Scroll to object 'Object Repository/Выполнение бизнес-плана/Октябрь 2024' successfully

02-12-2024T02:31:50 - [MESSAGE][PASSED] - Scroll to object 'Object Repository/Выполнение бизнес-плана/Октябрь 2024' successfully

02-12-2024T02:31:50 - [TEST_STEP][PASSED] - click(findTestObject(path + "Октябрь 2024")): Object: 'Object Repository/Выполнение бизнес-плана/Октябрь 2024' is clicked on

02-12-2024T02:31:50 - [MESSAGE][PASSED] - Object: 'Object Repository/Выполнение бизнес-плана/Октябрь 2024' is clicked on

02-12-2024T02:31:50 - [TEST_STEP][PASSED] - scrollToElement(findTestObject(path + "Заголовок дашборда"), 30): Scroll to object 'Object Repository/Выполнение бизнес-плана/Заголовок дашборда' successfully

02-12-2024T02:31:50 - [MESSAGE][PASSED] - Scroll to object 'Object Repository/Выполнение бизнес-плана/Заголовок дашборда' successfully

02-12-2024T02:31:50 - [TEST_STEP][PASSED] - click(findTestObject(path + "Применить в фильтре Дата")): Object: 'Object Repository/Выполнение бизнес-плана/Применить в фильтре Дата' is clicked on

02-12-2024T02:31:51 - [MESSAGE][PASSED] - Object: 'Object Repository/Выполнение бизнес-плана/Применить в фильтре Дата' is clicked on

02-12-2024T02:31:51 - [TEST_STEP][PASSED] - delay(30): Delayed 30 second(s)

02-12-2024T02:32:21 - [MESSAGE][PASSED] - Delayed 30 second(s)

02-12-2024T02:32:21 - [TEST_STEP][PASSED] - Script1719299571342.ZakrytOpoveshenie(): null

02-12-2024T02:32:21 - [TEST_STEP][PASSED] - opoveshenie = getText(findTestObject("Выполнение бизнес-плана/Просьба обратить внимание")): Text of object 'Object Repository/Выполнение бизнес-плана/Просьба обратить внимание' is: 'Просьба обратить внимание'

02-12-2024T02:32:26 - [MESSAGE][PASSED] - Text of object 'Object Repository/Выполнение бизнес-плана/Просьба обратить внимание' is: 'Просьба обратить внимание'

02-12-2024T02:32:26 - [TEST_STEP][PASSED] - if (opoveshenie == "Просьба обратить внимание"): Object: 'Object Repository/Выполнение бизнес-плана/Закрыть оповещение' is clicked on

02-12-2024T02:32:26 - [TEST_STEP][PASSED] - click(findTestObject("Выполнение бизнес-плана/Закрыть оповещение")): Object: 'Object Repository/Выполнение бизнес-плана/Закрыть оповещение' is clicked on

02-12-2024T02:32:27 - [MESSAGE][PASSED] - Object: 'Object Repository/Выполнение бизнес-плана/Закрыть оповещение' is clicked on

02-12-2024T02:32:27 - [TEST_STEP][PASSED] - click(findTestObject(path + "Фильтр ДЗО")): Object: 'Object Repository/Выполнение бизнес-плана/Фильтр ДЗО' is clicked on

02-12-2024T02:32:27 - [MESSAGE][PASSED] - Object: 'Object Repository/Выполнение бизнес-плана/Фильтр ДЗО' is clicked on

02-12-2024T02:32:27 - [TEST_STEP][PASSED] - click(findTestObject(path + "Снять выделение в фильтре ДЗО")): Object: 'Object Repository/Выполнение бизнес-плана/Снять выделение в фильтре ДЗО' is clicked on

02-12-2024T02:32:28 - [MESSAGE][PASSED] - Object: 'Object Repository/Выполнение бизнес-плана/Снять выделение в фильтре ДЗО' is clicked on

02-12-2024T02:32:28 - [TEST_STEP][PASSED] - click(findTestObject(path + "ПАО Россети")): Object: 'Object Repository/Выполнение бизнес-плана/ПАО Россети' is clicked on

02-12-2024T02:32:28 - [MESSAGE][PASSED] - Object: 'Object Repository/Выполнение бизнес-плана/ПАО Россети' is clicked on

02-12-2024T02:32:28 - [TEST_STEP][PASSED] - click(findTestObject(path + "Применить в фильтре ДЗО")): Object: 'Object Repository/Выполнение бизнес-плана/Применить в фильтре ДЗО' is clicked on

02-12-2024T02:32:29 - [MESSAGE][PASSED] - Object: 'Object Repository/Выполнение бизнес-плана/Применить в фильтре ДЗО' is clicked on

02-12-2024T02:32:29 - [TEST_STEP][PASSED] - delay(30): Delayed 30 second(s)

02-12-2024T02:32:59 - [MESSAGE][PASSED] - Delayed 30 second(s)

02-12-2024T02:32:59 - [TEST_STEP][PASSED] - VseDZO = getText(findTestObject(path + "Список ДЗО")): Text of object 'Object Repository/Выполнение бизнес-плана/Список ДЗО' is: '-0.07
3.72
3.84
-0.05
0.15
-0.50
-0.27
АО «Тываэнерго»
АО «Чеченэнерго»
Россети Северный Кавказ
Россети Сибирь
Россети Тюмень
Россети Центр (ГК)
Россети Центр и Приволжье (ГК)
-1
0
1
2
3
4
5
6
7'

02-12-2024T02:32:59 - [MESSAGE][PASSED] - Text of object 'Object Repository/Выполнение бизнес-плана/Список ДЗО' is: '-0.07
3.72
3.84
-0.05
0.15
-0.50
-0.27
АО «Тываэнерго»
АО «Чеченэнерго»
Россети Северный Кавказ
Россети Сибирь
Россети Тюмень
Россети Центр (ГК)
Россети Центр и Приволжье (ГК)
-1
0
1
2
3
4
5
6
7'

02-12-2024T02:32:59 - [TEST_STEP][PASSED] - pRR = GetAllPAOData(path, dZONum, VseDZO, z = "ПАО Россети/"): null

02-12-2024T02:32:59 - [TEST_STEP][PASSED] - path2 = "Значения со страницы Выполнение бизнес-плана/Table Data/": null

02-12-2024T02:32:59 - [TEST_STEP][PASSED] - ii = <not implemented yet for class: org.codehaus.groovy.ast.expr.EmptyExpression>: null

02-12-2024T02:32:59 - [TEST_STEP][PASSED] - i1 = <not implemented yet for class: org.codehaus.groovy.ast.expr.EmptyExpression>: null

02-12-2024T02:33:00 - [TEST_STEP][PASSED] - z = <not implemented yet for class: org.codehaus.groovy.ast.expr.EmptyExpression>: null

02-12-2024T02:33:00 - [TEST_STEP][PASSED] - z1 = <not implemented yet for class: org.codehaus.groovy.ast.expr.EmptyExpression>: null

02-12-2024T02:33:00 - [TEST_STEP][PASSED] - println("path: " + path): null

02-12-2024T02:33:00 - [TEST_STEP][PASSED] - z = getText(findTestObject(path + "Итого")).replaceAll("[\r?
|
]", "/"): Text of object 'Object Repository/Выполнение бизнес-плана/Итого' is: '%
5.35 5.35
5.31 5.31
План
Факт
1
100'

02-12-2024T02:33:00 - [MESSAGE][PASSED] - Text of object 'Object Repository/Выполнение бизнес-плана/Итого' is: '%
5.35 5.35
5.31 5.31
План
Факт
1
100'

02-12-2024T02:33:00 - [TEST_STEP][PASSED] - ii = z.indexOf("%") + 2: null

02-12-2024T02:33:00 - [TEST_STEP][PASSED] - if (ii > -1): null

02-12-2024T02:33:00 - [TEST_STEP][PASSED] - z = z.substring(ii, z.length()): null

02-12-2024T02:33:00 - [TEST_STEP][PASSED] - println(z): null

02-12-2024T02:33:00 - [TEST_STEP][PASSED] - ii = z.indexOf("/1/100") - 1: null

02-12-2024T02:33:00 - [TEST_STEP][PASSED] - if (ii > -1): null

02-12-2024T02:33:00 - [TEST_STEP][PASSED] - z = z.substring(0, ii): null

02-12-2024T02:33:00 - [TEST_STEP][PASSED] - println(z): null

02-12-2024T02:33:00 - [TEST_STEP][PASSED] - ii = z.indexOf("План"): null

02-12-2024T02:33:00 - [TEST_STEP][PASSED] - if (ii > -1): null

02-12-2024T02:33:00 - [TEST_STEP][PASSED] - z = z.substring(0, ii): null

02-12-2024T02:33:00 - [TEST_STEP][PASSED] - println(z): null

02-12-2024T02:33:00 - [TEST_STEP][PASSED] - ii = z.indexOf("/") + 1: null

02-12-2024T02:33:00 - [TEST_STEP][PASSED] - z1 = z.substring(0, ii): null

02-12-2024T02:33:00 - [TEST_STEP][PASSED] - println(z1): null

02-12-2024T02:33:00 - [TEST_STEP][PASSED] - z = z.substring(ii, z.length()): null

02-12-2024T02:33:00 - [TEST_STEP][PASSED] - println(z): null

02-12-2024T02:33:00 - [TEST_STEP][PASSED] - ii = z1.length() / 2: null

02-12-2024T02:33:00 - [TEST_STEP][PASSED] - z1 = replaceAll("[\r?
|
]", "/").trim(): null

02-12-2024T02:33:00 - [TEST_STEP][PASSED] - println(z1): null

02-12-2024T02:33:00 - [TEST_STEP][PASSED] - ii = z.length() / 2: null

02-12-2024T02:33:00 - [TEST_STEP][PASSED] - z = replace("/", "").trim(): null

02-12-2024T02:33:00 - [TEST_STEP][PASSED] - println(z): null

02-12-2024T02:33:00 - [TEST_STEP][PASSED] - x = x + z1 + "/" + z: null

02-12-2024T02:33:00 - [TEST_STEP][PASSED] - println(x): null

02-12-2024T02:33:00 - [TEST_STEP][PASSED] - if (verifyElementPresent(findTestObject(path + "Таблица Итого-Факт"), 30)): null

02-12-2024T02:33:00 - [MESSAGE][PASSED] - Object 'Object Repository/Выполнение бизнес-плана/Таблица Итого-Факт' is present

02-12-2024T02:33:00 - [TEST_STEP][PASSED] - z = replaceAll("\s+", "").replaceAll("[а-яА-Я]", ""): Text of object 'Object Repository/Выполнение бизнес-плана/Таблица Итого-Факт' is: 'Отпуск в сеть 206 165 497
Отпуск из сети 187 914 500
Потери 18 250 997'

02-12-2024T02:33:00 - [MESSAGE][PASSED] - Text of object 'Object Repository/Выполнение бизнес-плана/Таблица Итого-Факт' is: 'Отпуск в сеть 206 165 497
Отпуск из сети 187 914 500
Потери 18 250 997'

02-12-2024T02:33:00 - [TEST_STEP][PASSED] - println(z): null

02-12-2024T02:33:00 - [TEST_STEP][PASSED] - x = x + "/" + z: null

02-12-2024T02:33:00 - [TEST_STEP][PASSED] - println(x): null

02-12-2024T02:33:00 - [TEST_STEP][PASSED] - click(findTestObject(path + "Кнопка План")): Object: 'Object Repository/Выполнение бизнес-плана/Кнопка План' is clicked on

02-12-2024T02:33:01 - [MESSAGE][PASSED] - Object: 'Object Repository/Выполнение бизнес-плана/Кнопка План' is clicked on

02-12-2024T02:33:01 - [TEST_STEP][PASSED] - z = replaceAll("\s+", "").replaceAll("[а-яА-Я]", ""): Text of object 'Object Repository/Выполнение бизнес-плана/Таблица Итого-План' is: 'Отпуск в сеть 201 515 981
Отпуск из сети 184 398 651
Потери 17 117 330'

02-12-2024T02:33:01 - [MESSAGE][PASSED] - Text of object 'Object Repository/Выполнение бизнес-плана/Таблица Итого-План' is: 'Отпуск в сеть 201 515 981
Отпуск из сети 184 398 651
Потери 17 117 330'

02-12-2024T02:33:01 - [TEST_STEP][PASSED] - x = x + "/" + z: null

02-12-2024T02:33:01 - [TEST_STEP][PASSED] - println(x): null

02-12-2024T02:33:01 - [TEST_STEP][PASSED] - click(findTestObject(path + "Кнопка Факт")): Object: 'Object Repository/Выполнение бизнес-плана/Кнопка Факт' is clicked on

02-12-2024T02:33:01 - [MESSAGE][PASSED] - Object: 'Object Repository/Выполнение бизнес-плана/Кнопка Факт' is clicked on

02-12-2024T02:33:01 - [TEST_STEP][PASSED] - return x: null

02-12-2024T02:33:01 - [TEST_STEP][PASSED] - println("pRR: " + pRR): null

02-12-2024T02:33:01 - [TEST_STEP][PASSED] - i = VseDZO.indexOf("ЕЭС"): null

02-12-2024T02:33:01 - [TEST_STEP][PASSED] - if (i > -1): null

02-12-2024T02:33:01 - [TEST_STEP][PASSED] - else: null

02-12-2024T02:33:01 - [TEST_STEP][PASSED] - fR = fR + "нет данных/нет данных/нет данных/нет данных/нет данных/нет данных/нет данных/нет данных/нет данных": null

02-12-2024T02:33:01 - [TEST_STEP][PASSED] - println("fR: " + fR): null

02-12-2024T02:33:01 - [TEST_STEP][PASSED] - i = VseDZO.indexOf("Тываэнерго"): null

02-12-2024T02:33:01 - [TEST_STEP][PASSED] - if (i > -1): null

02-12-2024T02:33:01 - [TEST_STEP][PASSED] - dZONum = dZONum + 1: null

02-12-2024T02:33:01 - [TEST_STEP][PASSED] - tyR = GetAllData(path, dZONum, VseDZO, x = "АО "Тываэнерго"/"): null

02-12-2024T02:33:01 - [TEST_STEP][PASSED] - ii = <not implemented yet for class: org.codehaus.groovy.ast.expr.EmptyExpression>: null

02-12-2024T02:33:01 - [TEST_STEP][PASSED] - i1 = <not implemented yet for class: org.codehaus.groovy.ast.expr.EmptyExpression>: null

02-12-2024T02:33:01 - [TEST_STEP][PASSED] - z = <not implemented yet for class: org.codehaus.groovy.ast.expr.EmptyExpression>: null

02-12-2024T02:33:01 - [TEST_STEP][PASSED] - path2 = "Значения со страницы Выполнение бизнес-плана/Table Data/": null

02-12-2024T02:33:01 - [TEST_STEP][PASSED] - println("path: " + path): null

02-12-2024T02:33:01 - [TEST_STEP][PASSED] - println("dZONum: " + dZONum): null

02-12-2024T02:33:01 - [TEST_STEP][PASSED] - z = getText(findTestObject(path + "spanPlan" + dZONum)): Text of object 'Object Repository/Выполнение бизнес-плана/spanPlan1' is: '21.03
|'

02-12-2024T02:33:02 - [MESSAGE][PASSED] - Text of object 'Object Repository/Выполнение бизнес-плана/spanPlan1' is: '21.03
|'

02-12-2024T02:33:02 - [TEST_STEP][PASSED] - println(z): null

02-12-2024T02:33:02 - [TEST_STEP][PASSED] - ii = z.indexOf("|"): null

02-12-2024T02:33:02 - [TEST_STEP][PASSED] - if (ii > -1): null

02-12-2024T02:33:02 - [TEST_STEP][PASSED] - z = z.substring(0, z.length() - 1): null

02-12-2024T02:33:02 - [TEST_STEP][PASSED] - println(z): null

02-12-2024T02:33:02 - [TEST_STEP][PASSED] - z = z.replaceAll("\s+", ""): null

02-12-2024T02:33:02 - [TEST_STEP][PASSED] - z = z.replace("[\r?
|
]", "/"): null

02-12-2024T02:33:02 - [TEST_STEP][PASSED] - println(z): null

02-12-2024T02:33:02 - [TEST_STEP][PASSED] - x = x + z: null

02-12-2024T02:33:02 - [TEST_STEP][PASSED] - z = getText(findTestObject(path + "spanFact" + dZONum)): Text of object 'Object Repository/Выполнение бизнес-плана/spanFact1' is: '20.96'

02-12-2024T02:33:02 - [MESSAGE][PASSED] - Text of object 'Object Repository/Выполнение бизнес-плана/spanFact1' is: '20.96'

02-12-2024T02:33:02 - [TEST_STEP][PASSED] - ii = z.indexOf("|"): null

02-12-2024T02:33:02 - [TEST_STEP][PASSED] - if (ii > -1): null

02-12-2024T02:33:02 - [TEST_STEP][PASSED] - x = x + "/" + z: null

02-12-2024T02:33:02 - [TEST_STEP][PASSED] - z = getText(findTestObject(path + path2 + "Факт Отпуск в сеть за отчётный период " + dZONum)).replaceAll("\s+", ""): Text of object 'Object Repository/Выполнение бизнес-плана/Значения со страницы Выполнение бизнес-плана/Table Data/Факт Отпуск в сеть за отчётный период 1' is: '572 217'

02-12-2024T02:33:02 - [MESSAGE][PASSED] - Text of object 'Object Repository/Выполнение бизнес-плана/Значения со страницы Выполнение бизнес-плана/Table Data/Факт Отпуск в сеть за отчётный период 1' is: '572 217'

02-12-2024T02:33:02 - [TEST_STEP][PASSED] - x = x + "/" + z: null

02-12-2024T02:33:02 - [TEST_STEP][PASSED] - z = getText(findTestObject(path + path2 + "Факт Отпуск из сети за отчётный период " + dZONum)).replaceAll("\s+", ""): Text of object 'Object Repository/Выполнение бизнес-плана/Значения со страницы Выполнение бизнес-плана/Table Data/Факт Отпуск из сети за отчётный период 1' is: '452 291'

02-12-2024T02:33:03 - [MESSAGE][PASSED] - Text of object 'Object Repository/Выполнение бизнес-плана/Значения со страницы Выполнение бизнес-плана/Table Data/Факт Отпуск из сети за отчётный период 1' is: '452 291'

02-12-2024T02:33:03 - [TEST_STEP][PASSED] - x = x + "/" + z: null

02-12-2024T02:33:03 - [TEST_STEP][PASSED] - z = getText(findTestObject(path + path2 + "Факт Потери за отчётный период " + dZONum)).replaceAll("\s+", ""): Text of object 'Object Repository/Выполнение бизнес-плана/Значения со страницы Выполнение бизнес-плана/Table Data/Факт Потери за отчётный период 1' is: '119 926'

02-12-2024T02:33:03 - [MESSAGE][PASSED] - Text of object 'Object Repository/Выполнение бизнес-плана/Значения со страницы Выполнение бизнес-плана/Table Data/Факт Потери за отчётный период 1' is: '119 926'

02-12-2024T02:33:03 - [TEST_STEP][PASSED] - x = x + "/" + z: null

02-12-2024T02:33:03 - [TEST_STEP][PASSED] - z = getText(findTestObject(path + path2 + "План Отпуск в сеть за отчётный период " + dZONum)).replaceAll("\s+", ""): Text of object 'Object Repository/Выполнение бизнес-плана/Значения со страницы Выполнение бизнес-плана/Table Data/План Отпуск в сеть за отчётный период 1' is: '544 127'

02-12-2024T02:33:03 - [MESSAGE][PASSED] - Text of object 'Object Repository/Выполнение бизнес-плана/Значения со страницы Выполнение бизнес-плана/Table Data/План Отпуск в сеть за отчётный период 1' is: '544 127'

02-12-2024T02:33:03 - [TEST_STEP][PASSED] - x = x + "/" + z: null

02-12-2024T02:33:03 - [TEST_STEP][PASSED] - z = getText(findTestObject(path + path2 + "План Отпуск из сети за отчётный период " + dZONum)).replaceAll("\s+", ""): Text of object 'Object Repository/Выполнение бизнес-плана/Значения со страницы Выполнение бизнес-плана/Table Data/План Отпуск из сети за отчётный период 1' is: '429 681'

02-12-2024T02:33:04 - [MESSAGE][PASSED] - Text of object 'Object Repository/Выполнение бизнес-плана/Значения со страницы Выполнение бизнес-плана/Table Data/План Отпуск из сети за отчётный период 1' is: '429 681'

02-12-2024T02:33:04 - [TEST_STEP][PASSED] - x = x + "/" + z: null

02-12-2024T02:33:04 - [TEST_STEP][PASSED] - z = getText(findTestObject(path + path2 + "План Потери за отчётный период " + dZONum)).replaceAll("\s+", ""): Text of object 'Object Repository/Выполнение бизнес-плана/Значения со страницы Выполнение бизнес-плана/Table Data/План Потери за отчётный период 1' is: '114 446'

02-12-2024T02:33:04 - [MESSAGE][PASSED] - Text of object 'Object Repository/Выполнение бизнес-плана/Значения со страницы Выполнение бизнес-плана/Table Data/План Потери за отчётный период 1' is: '114 446'

02-12-2024T02:33:04 - [TEST_STEP][PASSED] - x = x + "/" + z: null

02-12-2024T02:33:04 - [TEST_STEP][PASSED] - z = getText(findTestObject(path + "Список ДЗО")).replaceAll("[\r?
|
]", "/"): Text of object 'Object Repository/Выполнение бизнес-плана/Список ДЗО' is: '-0.07
3.72
3.84
-0.05
0.15
-0.50
-0.27
АО «Тываэнерго»
АО «Чеченэнерго»
Россети Северный Кавказ
Россети Сибирь
Россети Тюмень
Россети Центр (ГК)
Россети Центр и Приволжье (ГК)
-1
0
1
2
3
4
5
6
7'

02-12-2024T02:33:04 - [MESSAGE][PASSED] - Text of object 'Object Repository/Выполнение бизнес-плана/Список ДЗО' is: '-0.07
3.72
3.84
-0.05
0.15
-0.50
-0.27
АО «Тываэнерго»
АО «Чеченэнерго»
Россети Северный Кавказ
Россети Сибирь
Россети Тюмень
Россети Центр (ГК)
Россети Центр и Приволжье (ГК)
-1
0
1
2
3
4
5
6
7'

02-12-2024T02:33:04 - [TEST_STEP][PASSED] - for ([ii = 1, ii < dZONum, (ii++)]): null

02-12-2024T02:33:04 - [TEST_STEP][PASSED] - i1 = z.indexOf("/"): null

02-12-2024T02:33:04 - [TEST_STEP][PASSED] - if (i1 > -1): null

02-12-2024T02:33:04 - [TEST_STEP][PASSED] - z = z.substring(0, i1): null

02-12-2024T02:33:04 - [TEST_STEP][PASSED] - z = z.replace(",", "."): null

02-12-2024T02:33:04 - [TEST_STEP][PASSED] - println(z): null

02-12-2024T02:33:04 - [TEST_STEP][PASSED] - x = x + "/" + z: null

02-12-2024T02:33:04 - [TEST_STEP][PASSED] - x = x.replaceAll("[\r?
|
]", ""): null

02-12-2024T02:33:04 - [TEST_STEP][PASSED] - println(x): null

02-12-2024T02:33:04 - [TEST_STEP][PASSED] - return x: null

02-12-2024T02:33:04 - [TEST_STEP][PASSED] - println("tyR: " + tyR): null

02-12-2024T02:33:04 - [TEST_STEP][PASSED] - i = VseDZO.indexOf("Чеченэнерго"): null

02-12-2024T02:33:04 - [TEST_STEP][PASSED] - if (i > -1): null

02-12-2024T02:33:04 - [TEST_STEP][PASSED] - dZONum = dZONum + 1: null

02-12-2024T02:33:04 - [TEST_STEP][PASSED] - chR = GetAllData(path, dZONum, VseDZO, x = "АО "Чеченэнерго"/"): null

02-12-2024T02:33:04 - [TEST_STEP][PASSED] - ii = <not implemented yet for class: org.codehaus.groovy.ast.expr.EmptyExpression>: null

02-12-2024T02:33:04 - [TEST_STEP][PASSED] - i1 = <not implemented yet for class: org.codehaus.groovy.ast.expr.EmptyExpression>: null

02-12-2024T02:33:04 - [TEST_STEP][PASSED] - z = <not implemented yet for class: org.codehaus.groovy.ast.expr.EmptyExpression>: null

02-12-2024T02:33:04 - [TEST_STEP][PASSED] - path2 = "Значения со страницы Выполнение бизнес-плана/Table Data/": null

02-12-2024T02:33:04 - [TEST_STEP][PASSED] - println("path: " + path): null

02-12-2024T02:33:04 - [TEST_STEP][PASSED] - println("dZONum: " + dZONum): null

02-12-2024T02:33:04 - [TEST_STEP][PASSED] - z = getText(findTestObject(path + "spanPlan" + dZONum)): Text of object 'Object Repository/Выполнение бизнес-плана/spanPlan2' is: '32.87'

02-12-2024T02:33:05 - [MESSAGE][PASSED] - Text of object 'Object Repository/Выполнение бизнес-плана/spanPlan2' is: '32.87'

02-12-2024T02:33:05 - [TEST_STEP][PASSED] - println(z): null

02-12-2024T02:33:05 - [TEST_STEP][PASSED] - ii = z.indexOf("|"): null

02-12-2024T02:33:05 - [TEST_STEP][PASSED] - if (ii > -1): null

02-12-2024T02:33:05 - [TEST_STEP][PASSED] - z = z.replaceAll("\s+", ""): null

02-12-2024T02:33:05 - [TEST_STEP][PASSED] - z = z.replace("[\r?
|
]", "/"): null

02-12-2024T02:33:05 - [TEST_STEP][PASSED] - println(z): null

02-12-2024T02:33:05 - [TEST_STEP][PASSED] - x = x + z: null

02-12-2024T02:33:05 - [TEST_STEP][PASSED] - z = getText(findTestObject(path + "spanFact" + dZONum)): Text of object 'Object Repository/Выполнение бизнес-плана/spanFact2' is: '36.59
|'

02-12-2024T02:33:05 - [MESSAGE][PASSED] - Text of object 'Object Repository/Выполнение бизнес-плана/spanFact2' is: '36.59
|'

02-12-2024T02:33:05 - [TEST_STEP][PASSED] - ii = z.indexOf("|"): null

02-12-2024T02:33:05 - [TEST_STEP][PASSED] - if (ii > -1): null

02-12-2024T02:33:05 - [TEST_STEP][PASSED] - z = length() - 1).replace("[\r?
|
]", "/"): null

02-12-2024T02:33:05 - [TEST_STEP][PASSED] - x = x + "/" + z: null

02-12-2024T02:33:05 - [TEST_STEP][PASSED] - z = getText(findTestObject(path + path2 + "Факт Отпуск в сеть за отчётный период " + dZONum)).replaceAll("\s+", ""): Text of object 'Object Repository/Выполнение бизнес-плана/Значения со страницы Выполнение бизнес-плана/Table Data/Факт Отпуск в сеть за отчётный период 2' is: '3 034 612'

02-12-2024T02:33:05 - [MESSAGE][PASSED] - Text of object 'Object Repository/Выполнение бизнес-плана/Значения со страницы Выполнение бизнес-плана/Table Data/Факт Отпуск в сеть за отчётный период 2' is: '3 034 612'

02-12-2024T02:33:05 - [TEST_STEP][PASSED] - x = x + "/" + z: null

02-12-2024T02:33:05 - [TEST_STEP][PASSED] - z = getText(findTestObject(path + path2 + "Факт Отпуск из сети за отчётный период " + dZONum)).replaceAll("\s+", ""): Text of object 'Object Repository/Выполнение бизнес-плана/Значения со страницы Выполнение бизнес-плана/Table Data/Факт Отпуск из сети за отчётный период 2' is: '1 924 288'

02-12-2024T02:33:06 - [MESSAGE][PASSED] - Text of object 'Object Repository/Выполнение бизнес-плана/Значения со страницы Выполнение бизнес-плана/Table Data/Факт Отпуск из сети за отчётный период 2' is: '1 924 288'

02-12-2024T02:33:06 - [TEST_STEP][PASSED] - x = x + "/" + z: null

02-12-2024T02:33:06 - [TEST_STEP][PASSED] - z = getText(findTestObject(path + path2 + "Факт Потери за отчётный период " + dZONum)).replaceAll("\s+", ""): Text of object 'Object Repository/Выполнение бизнес-плана/Значения со страницы Выполнение бизнес-плана/Table Data/Факт Потери за отчётный период 2' is: '1 110 325'

02-12-2024T02:33:06 - [MESSAGE][PASSED] - Text of object 'Object Repository/Выполнение бизнес-плана/Значения со страницы Выполнение бизнес-плана/Table Data/Факт Потери за отчётный период 2' is: '1 110 325'

02-12-2024T02:33:06 - [TEST_STEP][PASSED] - x = x + "/" + z: null

02-12-2024T02:33:06 - [TEST_STEP][PASSED] - z = getText(findTestObject(path + path2 + "План Отпуск в сеть за отчётный период " + dZONum)).replaceAll("\s+", ""): Text of object 'Object Repository/Выполнение бизнес-плана/Значения со страницы Выполнение бизнес-плана/Table Data/План Отпуск в сеть за отчётный период 2' is: '2 822 152'

02-12-2024T02:33:06 - [MESSAGE][PASSED] - Text of object 'Object Repository/Выполнение бизнес-плана/Значения со страницы Выполнение бизнес-плана/Table Data/План Отпуск в сеть за отчётный период 2' is: '2 822 152'

02-12-2024T02:33:06 - [TEST_STEP][PASSED] - x = x + "/" + z: null

02-12-2024T02:33:06 - [TEST_STEP][PASSED] - z = getText(findTestObject(path + path2 + "План Отпуск из сети за отчётный период " + dZONum)).replaceAll("\s+", ""): Text of object 'Object Repository/Выполнение бизнес-плана/Значения со страницы Выполнение бизнес-плана/Table Data/План Отпуск из сети за отчётный период 2' is: '1 894 447'

02-12-2024T02:33:07 - [MESSAGE][PASSED] - Text of object 'Object Repository/Выполнение бизнес-плана/Значения со страницы Выполнение бизнес-плана/Table Data/План Отпуск из сети за отчётный период 2' is: '1 894 447'

02-12-2024T02:33:07 - [TEST_STEP][PASSED] - x = x + "/" + z: null

02-12-2024T02:33:07 - [TEST_STEP][PASSED] - z = getText(findTestObject(path + path2 + "План Потери за отчётный период " + dZONum)).replaceAll("\s+", ""): Text of object 'Object Repository/Выполнение бизнес-плана/Значения со страницы Выполнение бизнес-плана/Table Data/План Потери за отчётный период 2' is: '927 705'

02-12-2024T02:33:07 - [MESSAGE][PASSED] - Text of object 'Object Repository/Выполнение бизнес-плана/Значения со страницы Выполнение бизнес-плана/Table Data/План Потери за отчётный период 2' is: '927 705'

02-12-2024T02:33:07 - [TEST_STEP][PASSED] - x = x + "/" + z: null

02-12-2024T02:33:07 - [TEST_STEP][PASSED] - z = getText(findTestObject(path + "Список ДЗО")).replaceAll("[\r?
|
]", "/"): Text of object 'Object Repository/Выполнение бизнес-плана/Список ДЗО' is: '-0.07
3.72
3.84
-0.05
0.15
-0.50
-0.27
АО «Тываэнерго»
АО «Чеченэнерго»
Россети Северный Кавказ
Россети Сибирь
Россети Тюмень
Россети Центр (ГК)
Россети Центр и Приволжье (ГК)
-1
0
1
2
3
4
5
6
7'

02-12-2024T02:33:07 - [MESSAGE][PASSED] - Text of object 'Object Repository/Выполнение бизнес-плана/Список ДЗО' is: '-0.07
3.72
3.84
-0.05
0.15
-0.50
-0.27
АО «Тываэнерго»
АО «Чеченэнерго»
Россети Северный Кавказ
Россети Сибирь
Россети Тюмень
Россети Центр (ГК)
Россети Центр и Приволжье (ГК)
-1
0
1
2
3
4
5
6
7'

02-12-2024T02:33:07 - [TEST_STEP][PASSED] - for ([ii = 1, ii < dZONum, (ii++)]): null

02-12-2024T02:33:07 - [TEST_STEP][PASSED] - i1 = z.indexOf("/") + 1: null

02-12-2024T02:33:07 - [TEST_STEP][PASSED] - if (i1 > -1): null

02-12-2024T02:33:07 - [TEST_STEP][PASSED] - z = z.substring(i1, z.length()): null

02-12-2024T02:33:07 - [TEST_STEP][PASSED] - i1 = z.indexOf("/"): null

02-12-2024T02:33:07 - [TEST_STEP][PASSED] - i1 = z.indexOf("/"): null

02-12-2024T02:33:07 - [TEST_STEP][PASSED] - if (i1 > -1): null

02-12-2024T02:33:07 - [TEST_STEP][PASSED] - z = z.substring(0, i1): null

02-12-2024T02:33:07 - [TEST_STEP][PASSED] - z = z.replace(",", "."): null

02-12-2024T02:33:07 - [TEST_STEP][PASSED] - println(z): null

02-12-2024T02:33:07 - [TEST_STEP][PASSED] - x = x + "/" + z: null

02-12-2024T02:33:07 - [TEST_STEP][PASSED] - x = x.replaceAll("[\r?
|
]", ""): null

02-12-2024T02:33:07 - [TEST_STEP][PASSED] - println(x): null

02-12-2024T02:33:07 - [TEST_STEP][PASSED] - return x: null

02-12-2024T02:33:07 - [TEST_STEP][PASSED] - println("chR: " + chR): null

02-12-2024T02:33:07 - [TEST_STEP][PASSED] - i = VseDZO.indexOf("Волга"): null

02-12-2024T02:33:07 - [TEST_STEP][PASSED] - if (i > -1): null

02-12-2024T02:33:07 - [TEST_STEP][PASSED] - else: null

02-12-2024T02:33:07 - [TEST_STEP][PASSED] - vR = vR + "нет данных/нет данных/нет данных/нет данных/нет данных/нет данных/нет данных/нет данных/нет данных": null

02-12-2024T02:33:07 - [TEST_STEP][PASSED] - println("vR: " + vR): null

02-12-2024T02:33:07 - [TEST_STEP][PASSED] - i = VseDZO.indexOf("Кубань"): null

02-12-2024T02:33:07 - [TEST_STEP][PASSED] - if (i > -1): null

02-12-2024T02:33:07 - [TEST_STEP][PASSED] - else: null

02-12-2024T02:33:07 - [TEST_STEP][PASSED] - kR = kR + "нет данных/нет данных/нет данных/нет данных/нет данных/нет данных/нет данных/нет данных/нет данных": null

02-12-2024T02:33:07 - [TEST_STEP][PASSED] - println("kR: " + kR): null

02-12-2024T02:33:07 - [TEST_STEP][PASSED] - i = VseDZO.indexOf("Ленэнерго"): null

02-12-2024T02:33:07 - [TEST_STEP][PASSED] - if (i > -1): null

02-12-2024T02:33:07 - [TEST_STEP][PASSED] - else: null

02-12-2024T02:33:07 - [TEST_STEP][PASSED] - lR = lR + "нет данных/нет данных/нет данных/нет данных/нет данных/нет данных/нет данных/нет данных/нет данных": null

02-12-2024T02:33:07 - [TEST_STEP][PASSED] - println("lR: " + lR): null

02-12-2024T02:33:07 - [TEST_STEP][PASSED] - i = VseDZO.indexOf("Московский"): null

02-12-2024T02:33:07 - [TEST_STEP][PASSED] - if (i > -1): null

02-12-2024T02:33:07 - [TEST_STEP][PASSED] - else: null

02-12-2024T02:33:07 - [TEST_STEP][PASSED] - mR = mR + "нет данных/нет данных/нет данных/нет данных/нет данных/нет данных/нет данных/нет данных/нет данных": null

02-12-2024T02:33:07 - [TEST_STEP][PASSED] - println("mR: " + mR): null

02-12-2024T02:33:07 - [TEST_STEP][PASSED] - i = VseDZO.indexOf("Кавказ"): null

02-12-2024T02:33:07 - [TEST_STEP][PASSED] - if (i > -1): null

02-12-2024T02:33:07 - [TEST_STEP][PASSED] - dZONum = dZONum + 1: null

02-12-2024T02:33:07 - [TEST_STEP][PASSED] - sKR = GetAllData(path, dZONum, VseDZO, x = "Россети Северный Кавказ (ГК)/"): null

02-12-2024T02:33:07 - [TEST_STEP][PASSED] - ii = <not implemented yet for class: org.codehaus.groovy.ast.expr.EmptyExpression>: null

02-12-2024T02:33:07 - [TEST_STEP][PASSED] - i1 = <not implemented yet for class: org.codehaus.groovy.ast.expr.EmptyExpression>: null

02-12-2024T02:33:07 - [TEST_STEP][PASSED] - z = <not implemented yet for class: org.codehaus.groovy.ast.expr.EmptyExpression>: null

02-12-2024T02:33:07 - [TEST_STEP][PASSED] - path2 = "Значения со страницы Выполнение бизнес-плана/Table Data/": null

02-12-2024T02:33:07 - [TEST_STEP][PASSED] - println("path: " + path): null

02-12-2024T02:33:07 - [TEST_STEP][PASSED] - println("dZONum: " + dZONum): null

02-12-2024T02:33:07 - [TEST_STEP][PASSED] - z = getText(findTestObject(path + "spanPlan" + dZONum)): Text of object 'Object Repository/Выполнение бизнес-плана/spanPlan3' is: '23.70'

02-12-2024T02:33:07 - [MESSAGE][PASSED] - Text of object 'Object Repository/Выполнение бизнес-плана/spanPlan3' is: '23.70'

02-12-2024T02:33:07 - [TEST_STEP][PASSED] - println(z): null

02-12-2024T02:33:07 - [TEST_STEP][PASSED] - ii = z.indexOf("|"): null

02-12-2024T02:33:07 - [TEST_STEP][PASSED] - if (ii > -1): null

02-12-2024T02:33:07 - [TEST_STEP][PASSED] - z = z.replaceAll("\s+", ""): null

02-12-2024T02:33:07 - [TEST_STEP][PASSED] - z = z.replace("[\r?
|
]", "/"): null

02-12-2024T02:33:07 - [TEST_STEP][PASSED] - println(z): null

02-12-2024T02:33:07 - [TEST_STEP][PASSED] - x = x + z: null

02-12-2024T02:33:07 - [TEST_STEP][PASSED] - z = getText(findTestObject(path + "spanFact" + dZONum)): Text of object 'Object Repository/Выполнение бизнес-плана/spanFact3' is: '27.54
|'

02-12-2024T02:33:08 - [MESSAGE][PASSED] - Text of object 'Object Repository/Выполнение бизнес-плана/spanFact3' is: '27.54
|'

02-12-2024T02:33:08 - [TEST_STEP][PASSED] - ii = z.indexOf("|"): null

02-12-2024T02:33:08 - [TEST_STEP][PASSED] - if (ii > -1): null

02-12-2024T02:33:08 - [TEST_STEP][PASSED] - z = length() - 1).replace("[\r?
|
]", "/"): null

02-12-2024T02:33:08 - [TEST_STEP][PASSED] - x = x + "/" + z: null

02-12-2024T02:33:08 - [TEST_STEP][PASSED] - z = getText(findTestObject(path + path2 + "Факт Отпуск в сеть за отчётный период " + dZONum)).replaceAll("\s+", ""): Text of object 'Object Repository/Выполнение бизнес-плана/Значения со страницы Выполнение бизнес-плана/Table Data/Факт Отпуск в сеть за отчётный период 3' is: '17 367 779'

02-12-2024T02:33:08 - [MESSAGE][PASSED] - Text of object 'Object Repository/Выполнение бизнес-плана/Значения со страницы Выполнение бизнес-плана/Table Data/Факт Отпуск в сеть за отчётный период 3' is: '17 367 779'

02-12-2024T02:33:08 - [TEST_STEP][PASSED] - x = x + "/" + z: null

02-12-2024T02:33:08 - [TEST_STEP][PASSED] - z = getText(findTestObject(path + path2 + "Факт Отпуск из сети за отчётный период " + dZONum)).replaceAll("\s+", ""): Text of object 'Object Repository/Выполнение бизнес-плана/Значения со страницы Выполнение бизнес-плана/Table Data/Факт Отпуск из сети за отчётный период 3' is: '12 584 601'

02-12-2024T02:33:08 - [MESSAGE][PASSED] - Text of object 'Object Repository/Выполнение бизнес-плана/Значения со страницы Выполнение бизнес-плана/Table Data/Факт Отпуск из сети за отчётный период 3' is: '12 584 601'

02-12-2024T02:33:08 - [TEST_STEP][PASSED] - x = x + "/" + z: null

02-12-2024T02:33:08 - [TEST_STEP][PASSED] - z = getText(findTestObject(path + path2 + "Факт Потери за отчётный период " + dZONum)).replaceAll("\s+", ""): Text of object 'Object Repository/Выполнение бизнес-плана/Значения со страницы Выполнение бизнес-плана/Table Data/Факт Потери за отчётный период 3' is: '4 783 177'

02-12-2024T02:33:09 - [MESSAGE][PASSED] - Text of object 'Object Repository/Выполнение бизнес-плана/Значения со страницы Выполнение бизнес-плана/Table Data/Факт Потери за отчётный период 3' is: '4 783 177'

02-12-2024T02:33:09 - [TEST_STEP][PASSED] - x = x + "/" + z: null

02-12-2024T02:33:09 - [TEST_STEP][PASSED] - z = getText(findTestObject(path + path2 + "План Отпуск в сеть за отчётный период " + dZONum)).replaceAll("\s+", ""): Text of object 'Object Repository/Выполнение бизнес-плана/Значения со страницы Выполнение бизнес-плана/Table Data/План Отпуск в сеть за отчётный период 3' is: '16 300 204'

02-12-2024T02:33:09 - [MESSAGE][PASSED] - Text of object 'Object Repository/Выполнение бизнес-плана/Значения со страницы Выполнение бизнес-плана/Table Data/План Отпуск в сеть за отчётный период 3' is: '16 300 204'

02-12-2024T02:33:09 - [TEST_STEP][PASSED] - x = x + "/" + z: null

02-12-2024T02:33:09 - [TEST_STEP][PASSED] - z = getText(findTestObject(path + path2 + "План Отпуск из сети за отчётный период " + dZONum)).replaceAll("\s+", ""): Text of object 'Object Repository/Выполнение бизнес-плана/Значения со страницы Выполнение бизнес-плана/Table Data/План Отпуск из сети за отчётный период 3' is: '12 437 092'

02-12-2024T02:33:09 - [MESSAGE][PASSED] - Text of object 'Object Repository/Выполнение бизнес-плана/Значения со страницы Выполнение бизнес-плана/Table Data/План Отпуск из сети за отчётный период 3' is: '12 437 092'

02-12-2024T02:33:09 - [TEST_STEP][PASSED] - x = x + "/" + z: null

02-12-2024T02:33:09 - [TEST_STEP][PASSED] - z = getText(findTestObject(path + path2 + "План Потери за отчётный период " + dZONum)).replaceAll("\s+", ""): Text of object 'Object Repository/Выполнение бизнес-плана/Значения со страницы Выполнение бизнес-плана/Table Data/План Потери за отчётный период 3' is: '3 863 112'

02-12-2024T02:33:10 - [MESSAGE][PASSED] - Text of object 'Object Repository/Выполнение бизнес-плана/Значения со страницы Выполнение бизнес-плана/Table Data/План Потери за отчётный период 3' is: '3 863 112'

02-12-2024T02:33:10 - [TEST_STEP][PASSED] - x = x + "/" + z: null

02-12-2024T02:33:10 - [TEST_STEP][PASSED] - z = getText(findTestObject(path + "Список ДЗО")).replaceAll("[\r?
|
]", "/"): Text of object 'Object Repository/Выполнение бизнес-плана/Список ДЗО' is: '-0.07
3.72
3.84
-0.05
0.15
-0.50
-0.27
АО «Тываэнерго»
АО «Чеченэнерго»
Россети Северный Кавказ
Россети Сибирь
Россети Тюмень
Россети Центр (ГК)
Россети Центр и Приволжье (ГК)
-1
0
1
2
3
4
5
6
7'

02-12-2024T02:33:10 - [MESSAGE][PASSED] - Text of object 'Object Repository/Выполнение бизнес-плана/Список ДЗО' is: '-0.07
3.72
3.84
-0.05
0.15
-0.50
-0.27
АО «Тываэнерго»
АО «Чеченэнерго»
Россети Северный Кавказ
Россети Сибирь
Россети Тюмень
Россети Центр (ГК)
Россети Центр и Приволжье (ГК)
-1
0
1
2
3
4
5
6
7'

02-12-2024T02:33:10 - [TEST_STEP][PASSED] - for ([ii = 1, ii < dZONum, (ii++)]): null

02-12-2024T02:33:10 - [TEST_STEP][PASSED] - i1 = z.indexOf("/") + 1: null

02-12-2024T02:33:10 - [TEST_STEP][PASSED] - if (i1 > -1): null

02-12-2024T02:33:10 - [TEST_STEP][PASSED] - z = z.substring(i1, z.length()): null

02-12-2024T02:33:10 - [TEST_STEP][PASSED] - i1 = z.indexOf("/"): null

02-12-2024T02:33:10 - [TEST_STEP][PASSED] - i1 = z.indexOf("/") + 1: null

02-12-2024T02:33:10 - [TEST_STEP][PASSED] - if (i1 > -1): null

02-12-2024T02:33:10 - [TEST_STEP][PASSED] - z = z.substring(i1, z.length()): null

02-12-2024T02:33:10 - [TEST_STEP][PASSED] - i1 = z.indexOf("/"): null

02-12-2024T02:33:10 - [TEST_STEP][PASSED] - i1 = z.indexOf("/"): null

02-12-2024T02:33:10 - [TEST_STEP][PASSED] - if (i1 > -1): null

02-12-2024T02:33:10 - [TEST_STEP][PASSED] - z = z.substring(0, i1): null

02-12-2024T02:33:10 - [TEST_STEP][PASSED] - z = z.replace(",", "."): null

02-12-2024T02:33:10 - [TEST_STEP][PASSED] - println(z): null

02-12-2024T02:33:10 - [TEST_STEP][PASSED] - x = x + "/" + z: null

02-12-2024T02:33:10 - [TEST_STEP][PASSED] - x = x.replaceAll("[\r?
|
]", ""): null

02-12-2024T02:33:10 - [TEST_STEP][PASSED] - println(x): null

02-12-2024T02:33:10 - [TEST_STEP][PASSED] - return x: null

02-12-2024T02:33:10 - [TEST_STEP][PASSED] - println("sKR: " + sKR): null

02-12-2024T02:33:10 - [TEST_STEP][PASSED] - i = VseDZO.indexOf("Запад"): null

02-12-2024T02:33:10 - [TEST_STEP][PASSED] - if (i > -1): null

02-12-2024T02:33:10 - [TEST_STEP][PASSED] - else: null

02-12-2024T02:33:10 - [TEST_STEP][PASSED] - sZR = sZR + "нет данных/нет данных/нет данных/нет данных/нет данных/нет данных/нет данных/нет данных/нет данных": null

02-12-2024T02:33:10 - [TEST_STEP][PASSED] - println("sZR: " + sZR): null

02-12-2024T02:33:10 - [TEST_STEP][PASSED] - i = VseDZO.indexOf("Сибирь"): null

02-12-2024T02:33:10 - [TEST_STEP][PASSED] - if (i > -1): null

02-12-2024T02:33:10 - [TEST_STEP][PASSED] - dZONum = dZONum + 1: null

02-12-2024T02:33:10 - [TEST_STEP][PASSED] - siR = GetAllData(path, dZONum, VseDZO, x = "Россети Сибирь (ГК)/"): null

02-12-2024T02:33:10 - [TEST_STEP][PASSED] - ii = <not implemented yet for class: org.codehaus.groovy.ast.expr.EmptyExpression>: null

02-12-2024T02:33:10 - [TEST_STEP][PASSED] - i1 = <not implemented yet for class: org.codehaus.groovy.ast.expr.EmptyExpression>: null

02-12-2024T02:33:10 - [TEST_STEP][PASSED] - z = <not implemented yet for class: org.codehaus.groovy.ast.expr.EmptyExpression>: null

02-12-2024T02:33:10 - [TEST_STEP][PASSED] - path2 = "Значения со страницы Выполнение бизнес-плана/Table Data/": null

02-12-2024T02:33:10 - [TEST_STEP][PASSED] - println("path: " + path): null

02-12-2024T02:33:10 - [TEST_STEP][PASSED] - println("dZONum: " + dZONum): null

02-12-2024T02:33:10 - [TEST_STEP][PASSED] - z = getText(findTestObject(path + "spanPlan" + dZONum)): Text of object 'Object Repository/Выполнение бизнес-плана/spanPlan4' is: '6.97
|'

02-12-2024T02:33:10 - [MESSAGE][PASSED] - Text of object 'Object Repository/Выполнение бизнес-плана/spanPlan4' is: '6.97
|'

02-12-2024T02:33:10 - [TEST_STEP][PASSED] - println(z): null

02-12-2024T02:33:10 - [TEST_STEP][PASSED] - ii = z.indexOf("|"): null

02-12-2024T02:33:10 - [TEST_STEP][PASSED] - if (ii > -1): null

02-12-2024T02:33:10 - [TEST_STEP][PASSED] - z = z.substring(0, z.length() - 1): null

02-12-2024T02:33:10 - [TEST_STEP][PASSED] - println(z): null

02-12-2024T02:33:10 - [TEST_STEP][PASSED] - z = z.replaceAll("\s+", ""): null

02-12-2024T02:33:10 - [TEST_STEP][PASSED] - z = z.replace("[\r?
|
]", "/"): null

02-12-2024T02:33:10 - [TEST_STEP][PASSED] - println(z): null

02-12-2024T02:33:10 - [TEST_STEP][PASSED] - x = x + z: null

02-12-2024T02:33:10 - [TEST_STEP][PASSED] - z = getText(findTestObject(path + "spanFact" + dZONum)): Text of object 'Object Repository/Выполнение бизнес-плана/spanFact4' is: '6.92'

02-12-2024T02:33:11 - [MESSAGE][PASSED] - Text of object 'Object Repository/Выполнение бизнес-плана/spanFact4' is: '6.92'

02-12-2024T02:33:11 - [TEST_STEP][PASSED] - ii = z.indexOf("|"): null

02-12-2024T02:33:11 - [TEST_STEP][PASSED] - if (ii > -1): null

02-12-2024T02:33:11 - [TEST_STEP][PASSED] - x = x + "/" + z: null

02-12-2024T02:33:11 - [TEST_STEP][PASSED] - z = getText(findTestObject(path + path2 + "Факт Отпуск в сеть за отчётный период " + dZONum)).replaceAll("\s+", ""): Text of object 'Object Repository/Выполнение бизнес-плана/Значения со страницы Выполнение бизнес-плана/Table Data/Факт Отпуск в сеть за отчётный период 4' is: '46 928 172'

02-12-2024T02:33:11 - [MESSAGE][PASSED] - Text of object 'Object Repository/Выполнение бизнес-плана/Значения со страницы Выполнение бизнес-плана/Table Data/Факт Отпуск в сеть за отчётный период 4' is: '46 928 172'

02-12-2024T02:33:11 - [TEST_STEP][PASSED] - x = x + "/" + z: null

02-12-2024T02:33:11 - [TEST_STEP][PASSED] - z = getText(findTestObject(path + path2 + "Факт Отпуск из сети за отчётный период " + dZONum)).replaceAll("\s+", ""): Text of object 'Object Repository/Выполнение бизнес-плана/Значения со страницы Выполнение бизнес-плана/Table Data/Факт Отпуск из сети за отчётный период 4' is: '43 678 766'

02-12-2024T02:33:11 - [MESSAGE][PASSED] - Text of object 'Object Repository/Выполнение бизнес-плана/Значения со страницы Выполнение бизнес-плана/Table Data/Факт Отпуск из сети за отчётный период 4' is: '43 678 766'

02-12-2024T02:33:11 - [TEST_STEP][PASSED] - x = x + "/" + z: null

02-12-2024T02:33:11 - [TEST_STEP][PASSED] - z = getText(findTestObject(path + path2 + "Факт Потери за отчётный период " + dZONum)).replaceAll("\s+", ""): Text of object 'Object Repository/Выполнение бизнес-плана/Значения со страницы Выполнение бизнес-плана/Table Data/Факт Потери за отчётный период 4' is: '3 249 406'

02-12-2024T02:33:11 - [MESSAGE][PASSED] - Text of object 'Object Repository/Выполнение бизнес-плана/Значения со страницы Выполнение бизнес-плана/Table Data/Факт Потери за отчётный период 4' is: '3 249 406'

02-12-2024T02:33:11 - [TEST_STEP][PASSED] - x = x + "/" + z: null

02-12-2024T02:33:11 - [TEST_STEP][PASSED] - z = getText(findTestObject(path + path2 + "План Отпуск в сеть за отчётный период " + dZONum)).replaceAll("\s+", ""): Text of object 'Object Repository/Выполнение бизнес-плана/Значения со страницы Выполнение бизнес-плана/Table Data/План Отпуск в сеть за отчётный период 4' is: '44 875 501'

02-12-2024T02:33:12 - [MESSAGE][PASSED] - Text of object 'Object Repository/Выполнение бизнес-плана/Значения со страницы Выполнение бизнес-плана/Table Data/План Отпуск в сеть за отчётный период 4' is: '44 875 501'

02-12-2024T02:33:12 - [TEST_STEP][PASSED] - x = x + "/" + z: null

02-12-2024T02:33:12 - [TEST_STEP][PASSED] - z = getText(findTestObject(path + path2 + "План Отпуск из сети за отчётный период " + dZONum)).replaceAll("\s+", ""): Text of object 'Object Repository/Выполнение бизнес-плана/Значения со страницы Выполнение бизнес-плана/Table Data/План Отпуск из сети за отчётный период 4' is: '41 746 891'

02-12-2024T02:33:12 - [MESSAGE][PASSED] - Text of object 'Object Repository/Выполнение бизнес-плана/Значения со страницы Выполнение бизнес-плана/Table Data/План Отпуск из сети за отчётный период 4' is: '41 746 891'

02-12-2024T02:33:12 - [TEST_STEP][PASSED] - x = x + "/" + z: null

02-12-2024T02:33:12 - [TEST_STEP][PASSED] - z = getText(findTestObject(path + path2 + "План Потери за отчётный период " + dZONum)).replaceAll("\s+", ""): Text of object 'Object Repository/Выполнение бизнес-плана/Значения со страницы Выполнение бизнес-плана/Table Data/План Потери за отчётный период 4' is: '3 128 610'

02-12-2024T02:33:12 - [MESSAGE][PASSED] - Text of object 'Object Repository/Выполнение бизнес-плана/Значения со страницы Выполнение бизнес-плана/Table Data/План Потери за отчётный период 4' is: '3 128 610'

02-12-2024T02:33:12 - [TEST_STEP][PASSED] - x = x + "/" + z: null

02-12-2024T02:33:12 - [TEST_STEP][PASSED] - z = getText(findTestObject(path + "Список ДЗО")).replaceAll("[\r?
|
]", "/"): Text of object 'Object Repository/Выполнение бизнес-плана/Список ДЗО' is: '-0.07
3.72
3.84
-0.05
0.15
-0.50
-0.27
АО «Тываэнерго»
АО «Чеченэнерго»
Россети Северный Кавказ
Россети Сибирь
Россети Тюмень
Россети Центр (ГК)
Россети Центр и Приволжье (ГК)
-1
0
1
2
3
4
5
6
7'

02-12-2024T02:33:13 - [MESSAGE][PASSED] - Text of object 'Object Repository/Выполнение бизнес-плана/Список ДЗО' is: '-0.07
3.72
3.84
-0.05
0.15
-0.50
-0.27
АО «Тываэнерго»
АО «Чеченэнерго»
Россети Северный Кавказ
Россети Сибирь
Россети Тюмень
Россети Центр (ГК)
Россети Центр и Приволжье (ГК)
-1
0
1
2
3
4
5
6
7'

02-12-2024T02:33:13 - [TEST_STEP][PASSED] - for ([ii = 1, ii < dZONum, (ii++)]): null

02-12-2024T02:33:13 - [TEST_STEP][PASSED] - i1 = z.indexOf("/") + 1: null

02-12-2024T02:33:13 - [TEST_STEP][PASSED] - if (i1 > -1): null

02-12-2024T02:33:13 - [TEST_STEP][PASSED] - z = z.substring(i1, z.length()): null

02-12-2024T02:33:13 - [TEST_STEP][PASSED] - i1 = z.indexOf("/"): null

02-12-2024T02:33:13 - [TEST_STEP][PASSED] - i1 = z.indexOf("/") + 1: null

02-12-2024T02:33:13 - [TEST_STEP][PASSED] - if (i1 > -1): null

02-12-2024T02:33:13 - [TEST_STEP][PASSED] - z = z.substring(i1, z.length()): null

02-12-2024T02:33:13 - [TEST_STEP][PASSED] - i1 = z.indexOf("/"): null

02-12-2024T02:33:13 - [TEST_STEP][PASSED] - i1 = z.indexOf("/") + 1: null

02-12-2024T02:33:13 - [TEST_STEP][PASSED] - if (i1 > -1): null

02-12-2024T02:33:13 - [TEST_STEP][PASSED] - z = z.substring(i1, z.length()): null

02-12-2024T02:33:13 - [TEST_STEP][PASSED] - i1 = z.indexOf("/"): null

02-12-2024T02:33:13 - [TEST_STEP][PASSED] - i1 = z.indexOf("/"): null

02-12-2024T02:33:13 - [TEST_STEP][PASSED] - if (i1 > -1): null

02-12-2024T02:33:13 - [TEST_STEP][PASSED] - z = z.substring(0, i1): null

02-12-2024T02:33:13 - [TEST_STEP][PASSED] - z = z.replace(",", "."): null

02-12-2024T02:33:13 - [TEST_STEP][PASSED] - println(z): null

02-12-2024T02:33:13 - [TEST_STEP][PASSED] - x = x + "/" + z: null

02-12-2024T02:33:13 - [TEST_STEP][PASSED] - x = x.replaceAll("[\r?
|
]", ""): null

02-12-2024T02:33:13 - [TEST_STEP][PASSED] - println(x): null

02-12-2024T02:33:13 - [TEST_STEP][PASSED] - return x: null

02-12-2024T02:33:13 - [TEST_STEP][PASSED] - println("siR: " + siR): null

02-12-2024T02:33:13 - [TEST_STEP][PASSED] - i = VseDZO.indexOf("Томск"): null

02-12-2024T02:33:13 - [TEST_STEP][PASSED] - if (i > -1): null

02-12-2024T02:33:13 - [TEST_STEP][PASSED] - else: null

02-12-2024T02:33:13 - [TEST_STEP][PASSED] - tomR = tomR + "нет данных/нет данных/нет данных/нет данных/нет данных/нет данных/нет данных/нет данных/нет данных": null

02-12-2024T02:33:13 - [TEST_STEP][PASSED] - println("tomR: " + tomR): null

02-12-2024T02:33:13 - [TEST_STEP][PASSED] - i = VseDZO.indexOf("Тюмень"): null

02-12-2024T02:33:13 - [TEST_STEP][PASSED] - if (i > -1): null

02-12-2024T02:33:13 - [TEST_STEP][PASSED] - dZONum = dZONum + 1: null

02-12-2024T02:33:13 - [TEST_STEP][PASSED] - tyumR = GetAllData(path, dZONum, VseDZO, x = "Россети Тюмень/"): null

02-12-2024T02:33:13 - [TEST_STEP][PASSED] - ii = <not implemented yet for class: org.codehaus.groovy.ast.expr.EmptyExpression>: null

02-12-2024T02:33:13 - [TEST_STEP][PASSED] - i1 = <not implemented yet for class: org.codehaus.groovy.ast.expr.EmptyExpression>: null

02-12-2024T02:33:13 - [TEST_STEP][PASSED] - z = <not implemented yet for class: org.codehaus.groovy.ast.expr.EmptyExpression>: null

02-12-2024T02:33:13 - [TEST_STEP][PASSED] - path2 = "Значения со страницы Выполнение бизнес-плана/Table Data/": null

02-12-2024T02:33:13 - [TEST_STEP][PASSED] - println("path: " + path): null

02-12-2024T02:33:13 - [TEST_STEP][PASSED] - println("dZONum: " + dZONum): null

02-12-2024T02:33:13 - [TEST_STEP][PASSED] - z = getText(findTestObject(path + "spanPlan" + dZONum)): Text of object 'Object Repository/Выполнение бизнес-плана/spanPlan5' is: '2.50'

02-12-2024T02:33:13 - [MESSAGE][PASSED] - Text of object 'Object Repository/Выполнение бизнес-плана/spanPlan5' is: '2.50'

02-12-2024T02:33:13 - [TEST_STEP][PASSED] - println(z): null

02-12-2024T02:33:13 - [TEST_STEP][PASSED] - ii = z.indexOf("|"): null

02-12-2024T02:33:13 - [TEST_STEP][PASSED] - if (ii > -1): null

02-12-2024T02:33:13 - [TEST_STEP][PASSED] - z = z.replaceAll("\s+", ""): null

02-12-2024T02:33:13 - [TEST_STEP][PASSED] - z = z.replace("[\r?
|
]", "/"): null

02-12-2024T02:33:13 - [TEST_STEP][PASSED] - println(z): null

02-12-2024T02:33:13 - [TEST_STEP][PASSED] - x = x + z: null

02-12-2024T02:33:13 - [TEST_STEP][PASSED] - z = getText(findTestObject(path + "spanFact" + dZONum)): Text of object 'Object Repository/Выполнение бизнес-плана/spanFact5' is: '2.65
|'

02-12-2024T02:33:13 - [MESSAGE][PASSED] - Text of object 'Object Repository/Выполнение бизнес-плана/spanFact5' is: '2.65
|'

02-12-2024T02:33:13 - [TEST_STEP][PASSED] - ii = z.indexOf("|"): null

02-12-2024T02:33:13 - [TEST_STEP][PASSED] - if (ii > -1): null

02-12-2024T02:33:13 - [TEST_STEP][PASSED] - z = length() - 1).replace("[\r?
|
]", "/"): null

02-12-2024T02:33:13 - [TEST_STEP][PASSED] - x = x + "/" + z: null

02-12-2024T02:33:13 - [TEST_STEP][PASSED] - z = getText(findTestObject(path + path2 + "Факт Отпуск в сеть за отчётный период " + dZONum)).replaceAll("\s+", ""): Text of object 'Object Repository/Выполнение бизнес-плана/Значения со страницы Выполнение бизнес-плана/Table Data/Факт Отпуск в сеть за отчётный период 5' is: '43 413 766'

02-12-2024T02:33:14 - [MESSAGE][PASSED] - Text of object 'Object Repository/Выполнение бизнес-плана/Значения со страницы Выполнение бизнес-плана/Table Data/Факт Отпуск в сеть за отчётный период 5' is: '43 413 766'

02-12-2024T02:33:14 - [TEST_STEP][PASSED] - x = x + "/" + z: null

02-12-2024T02:33:14 - [TEST_STEP][PASSED] - z = getText(findTestObject(path + path2 + "Факт Отпуск из сети за отчётный период " + dZONum)).replaceAll("\s+", ""): Text of object 'Object Repository/Выполнение бизнес-плана/Значения со страницы Выполнение бизнес-плана/Table Data/Факт Отпуск из сети за отчётный период 5' is: '42 264 622'

02-12-2024T02:33:14 - [MESSAGE][PASSED] - Text of object 'Object Repository/Выполнение бизнес-плана/Значения со страницы Выполнение бизнес-плана/Table Data/Факт Отпуск из сети за отчётный период 5' is: '42 264 622'

02-12-2024T02:33:14 - [TEST_STEP][PASSED] - x = x + "/" + z: null

02-12-2024T02:33:14 - [TEST_STEP][PASSED] - z = getText(findTestObject(path + path2 + "Факт Потери за отчётный период " + dZONum)).replaceAll("\s+", ""): Text of object 'Object Repository/Выполнение бизнес-плана/Значения со страницы Выполнение бизнес-плана/Table Data/Факт Потери за отчётный период 5' is: '1 149 143'

02-12-2024T02:33:14 - [MESSAGE][PASSED] - Text of object 'Object Repository/Выполнение бизнес-плана/Значения со страницы Выполнение бизнес-плана/Table Data/Факт Потери за отчётный период 5' is: '1 149 143'

02-12-2024T02:33:14 - [TEST_STEP][PASSED] - x = x + "/" + z: null

02-12-2024T02:33:14 - [TEST_STEP][PASSED] - z = getText(findTestObject(path + path2 + "План Отпуск в сеть за отчётный период " + dZONum)).replaceAll("\s+", ""): Text of object 'Object Repository/Выполнение бизнес-плана/Значения со страницы Выполнение бизнес-плана/Table Data/План Отпуск в сеть за отчётный период 5' is: '45 056 130'

02-12-2024T02:33:15 - [MESSAGE][PASSED] - Text of object 'Object Repository/Выполнение бизнес-плана/Значения со страницы Выполнение бизнес-плана/Table Data/План Отпуск в сеть за отчётный период 5' is: '45 056 130'

02-12-2024T02:33:15 - [TEST_STEP][PASSED] - x = x + "/" + z: null

02-12-2024T02:33:15 - [TEST_STEP][PASSED] - z = getText(findTestObject(path + path2 + "План Отпуск из сети за отчётный период " + dZONum)).replaceAll("\s+", ""): Text of object 'Object Repository/Выполнение бизнес-плана/Значения со страницы Выполнение бизнес-плана/Table Data/План Отпуск из сети за отчётный период 5' is: '43 930 370'

02-12-2024T02:33:15 - [MESSAGE][PASSED] - Text of object 'Object Repository/Выполнение бизнес-плана/Значения со страницы Выполнение бизнес-плана/Table Data/План Отпуск из сети за отчётный период 5' is: '43 930 370'

02-12-2024T02:33:15 - [TEST_STEP][PASSED] - x = x + "/" + z: null

02-12-2024T02:33:15 - [TEST_STEP][PASSED] - z = getText(findTestObject(path + path2 + "План Потери за отчётный период " + dZONum)).replaceAll("\s+", ""): Text of object 'Object Repository/Выполнение бизнес-плана/Значения со страницы Выполнение бизнес-плана/Table Data/План Потери за отчётный период 5' is: '1 125 760'

02-12-2024T02:33:15 - [MESSAGE][PASSED] - Text of object 'Object Repository/Выполнение бизнес-плана/Значения со страницы Выполнение бизнес-плана/Table Data/План Потери за отчётный период 5' is: '1 125 760'

02-12-2024T02:33:15 - [TEST_STEP][PASSED] - x = x + "/" + z: null

02-12-2024T02:33:15 - [TEST_STEP][PASSED] - z = getText(findTestObject(path + "Список ДЗО")).replaceAll("[\r?
|
]", "/"): Text of object 'Object Repository/Выполнение бизнес-плана/Список ДЗО' is: '-0.07
3.72
3.84
-0.05
0.15
-0.50
-0.27
АО «Тываэнерго»
АО «Чеченэнерго»
Россети Северный Кавказ
Россети Сибирь
Россети Тюмень
Россети Центр (ГК)
Россети Центр и Приволжье (ГК)
-1
0
1
2
3
4
5
6
7'

02-12-2024T02:33:15 - [MESSAGE][PASSED] - Text of object 'Object Repository/Выполнение бизнес-плана/Список ДЗО' is: '-0.07
3.72
3.84
-0.05
0.15
-0.50
-0.27
АО «Тываэнерго»
АО «Чеченэнерго»
Россети Северный Кавказ
Россети Сибирь
Россети Тюмень
Россети Центр (ГК)
Россети Центр и Приволжье (ГК)
-1
0
1
2
3
4
5
6
7'

02-12-2024T02:33:15 - [TEST_STEP][PASSED] - for ([ii = 1, ii < dZONum, (ii++)]): null

02-12-2024T02:33:15 - [TEST_STEP][PASSED] - i1 = z.indexOf("/") + 1: null

02-12-2024T02:33:15 - [TEST_STEP][PASSED] - if (i1 > -1): null

02-12-2024T02:33:15 - [TEST_STEP][PASSED] - z = z.substring(i1, z.length()): null

02-12-2024T02:33:15 - [TEST_STEP][PASSED] - i1 = z.indexOf("/"): null

02-12-2024T02:33:15 - [TEST_STEP][PASSED] - i1 = z.indexOf("/") + 1: null

02-12-2024T02:33:15 - [TEST_STEP][PASSED] - if (i1 > -1): null

02-12-2024T02:33:15 - [TEST_STEP][PASSED] - z = z.substring(i1, z.length()): null

02-12-2024T02:33:15 - [TEST_STEP][PASSED] - i1 = z.indexOf("/"): null

02-12-2024T02:33:15 - [TEST_STEP][PASSED] - i1 = z.indexOf("/") + 1: null

02-12-2024T02:33:15 - [TEST_STEP][PASSED] - if (i1 > -1): null

02-12-2024T02:33:15 - [TEST_STEP][PASSED] - z = z.substring(i1, z.length()): null

02-12-2024T02:33:15 - [TEST_STEP][PASSED] - i1 = z.indexOf("/"): null

02-12-2024T02:33:15 - [TEST_STEP][PASSED] - i1 = z.indexOf("/") + 1: null

02-12-2024T02:33:15 - [TEST_STEP][PASSED] - if (i1 > -1): null

02-12-2024T02:33:15 - [TEST_STEP][PASSED] - z = z.substring(i1, z.length()): null

02-12-2024T02:33:15 - [TEST_STEP][PASSED] - i1 = z.indexOf("/"): null

02-12-2024T02:33:15 - [TEST_STEP][PASSED] - i1 = z.indexOf("/"): null

02-12-2024T02:33:15 - [TEST_STEP][PASSED] - if (i1 > -1): null

02-12-2024T02:33:15 - [TEST_STEP][PASSED] - z = z.substring(0, i1): null

02-12-2024T02:33:15 - [TEST_STEP][PASSED] - z = z.replace(",", "."): null

02-12-2024T02:33:15 - [TEST_STEP][PASSED] - println(z): null

02-12-2024T02:33:15 - [TEST_STEP][PASSED] - x = x + "/" + z: null

02-12-2024T02:33:15 - [TEST_STEP][PASSED] - x = x.replaceAll("[\r?
|
]", ""): null

02-12-2024T02:33:15 - [TEST_STEP][PASSED] - println(x): null

02-12-2024T02:33:15 - [TEST_STEP][PASSED] - return x: null

02-12-2024T02:33:15 - [TEST_STEP][PASSED] - println("tyumR: " + tyumR): null

02-12-2024T02:33:15 - [TEST_STEP][PASSED] - i = VseDZO.indexOf("Урал"): null

02-12-2024T02:33:15 - [TEST_STEP][PASSED] - if (i > -1): null

02-12-2024T02:33:15 - [TEST_STEP][PASSED] - else: null

02-12-2024T02:33:15 - [TEST_STEP][PASSED] - urR = urR + "нет данных/нет данных/нет данных/нет данных/нет данных/нет данных/нет данных/нет данных/нет данных": null

02-12-2024T02:33:15 - [TEST_STEP][PASSED] - println("urR: " + urR): null

02-12-2024T02:33:15 - [TEST_STEP][PASSED] - i = VseDZO.indexOf("Центр"): null

02-12-2024T02:33:15 - [TEST_STEP][PASSED] - if (i > -1): null

02-12-2024T02:33:15 - [TEST_STEP][PASSED] - dZONum = dZONum + 1: null

02-12-2024T02:33:15 - [TEST_STEP][PASSED] - cenR = GetAllData(path, dZONum, VseDZO, x = "Россети Центр (ГК)/"): null

02-12-2024T02:33:15 - [TEST_STEP][PASSED] - ii = <not implemented yet for class: org.codehaus.groovy.ast.expr.EmptyExpression>: null

02-12-2024T02:33:15 - [TEST_STEP][PASSED] - i1 = <not implemented yet for class: org.codehaus.groovy.ast.expr.EmptyExpression>: null

02-12-2024T02:33:15 - [TEST_STEP][PASSED] - z = <not implemented yet for class: org.codehaus.groovy.ast.expr.EmptyExpression>: null

02-12-2024T02:33:15 - [TEST_STEP][PASSED] - path2 = "Значения со страницы Выполнение бизнес-плана/Table Data/": null

02-12-2024T02:33:15 - [TEST_STEP][PASSED] - println("path: " + path): null

02-12-2024T02:33:15 - [TEST_STEP][PASSED] - println("dZONum: " + dZONum): null

02-12-2024T02:33:15 - [TEST_STEP][PASSED] - z = getText(findTestObject(path + "spanPlan" + dZONum)): Text of object 'Object Repository/Выполнение бизнес-плана/spanPlan6' is: '10.14
|'

02-12-2024T02:33:16 - [MESSAGE][PASSED] - Text of object 'Object Repository/Выполнение бизнес-плана/spanPlan6' is: '10.14
|'

02-12-2024T02:33:16 - [TEST_STEP][PASSED] - println(z): null

02-12-2024T02:33:16 - [TEST_STEP][PASSED] - ii = z.indexOf("|"): null

02-12-2024T02:33:16 - [TEST_STEP][PASSED] - if (ii > -1): null

02-12-2024T02:33:16 - [TEST_STEP][PASSED] - z = z.substring(0, z.length() - 1): null

02-12-2024T02:33:16 - [TEST_STEP][PASSED] - println(z): null

02-12-2024T02:33:16 - [TEST_STEP][PASSED] - z = z.replaceAll("\s+", ""): null

02-12-2024T02:33:16 - [TEST_STEP][PASSED] - z = z.replace("[\r?
|
]", "/"): null

02-12-2024T02:33:16 - [TEST_STEP][PASSED] - println(z): null

02-12-2024T02:33:16 - [TEST_STEP][PASSED] - x = x + z: null

02-12-2024T02:33:16 - [TEST_STEP][PASSED] - z = getText(findTestObject(path + "spanFact" + dZONum)): Text of object 'Object Repository/Выполнение бизнес-плана/spanFact6' is: '9.64'

02-12-2024T02:33:16 - [MESSAGE][PASSED] - Text of object 'Object Repository/Выполнение бизнес-плана/spanFact6' is: '9.64'

02-12-2024T02:33:16 - [TEST_STEP][PASSED] - ii = z.indexOf("|"): null

02-12-2024T02:33:16 - [TEST_STEP][PASSED] - if (ii > -1): null

02-12-2024T02:33:16 - [TEST_STEP][PASSED] - x = x + "/" + z: null

02-12-2024T02:33:16 - [TEST_STEP][PASSED] - z = getText(findTestObject(path + path2 + "Факт Отпуск в сеть за отчётный период " + dZONum)).replaceAll("\s+", ""): Text of object 'Object Repository/Выполнение бизнес-плана/Значения со страницы Выполнение бизнес-плана/Table Data/Факт Отпуск в сеть за отчётный период 6' is: '49 425 284'

02-12-2024T02:33:16 - [MESSAGE][PASSED] - Text of object 'Object Repository/Выполнение бизнес-плана/Значения со страницы Выполнение бизнес-плана/Table Data/Факт Отпуск в сеть за отчётный период 6' is: '49 425 284'

02-12-2024T02:33:16 - [TEST_STEP][PASSED] - x = x + "/" + z: null

02-12-2024T02:33:16 - [TEST_STEP][PASSED] - z = getText(findTestObject(path + path2 + "Факт Отпуск из сети за отчётный период " + dZONum)).replaceAll("\s+", ""): Text of object 'Object Repository/Выполнение бизнес-плана/Значения со страницы Выполнение бизнес-плана/Table Data/Факт Отпуск из сети за отчётный период 6' is: '44 662 142'

02-12-2024T02:33:17 - [MESSAGE][PASSED] - Text of object 'Object Repository/Выполнение бизнес-плана/Значения со страницы Выполнение бизнес-плана/Table Data/Факт Отпуск из сети за отчётный период 6' is: '44 662 142'

02-12-2024T02:33:17 - [TEST_STEP][PASSED] - x = x + "/" + z: null

02-12-2024T02:33:17 - [TEST_STEP][PASSED] - z = getText(findTestObject(path + path2 + "Факт Потери за отчётный период " + dZONum)).replaceAll("\s+", ""): Text of object 'Object Repository/Выполнение бизнес-плана/Значения со страницы Выполнение бизнес-плана/Table Data/Факт Потери за отчётный период 6' is: '4 763 141'

02-12-2024T02:33:17 - [MESSAGE][PASSED] - Text of object 'Object Repository/Выполнение бизнес-плана/Значения со страницы Выполнение бизнес-плана/Table Data/Факт Потери за отчётный период 6' is: '4 763 141'

02-12-2024T02:33:17 - [TEST_STEP][PASSED] - x = x + "/" + z: null

02-12-2024T02:33:17 - [TEST_STEP][PASSED] - z = getText(findTestObject(path + path2 + "План Отпуск в сеть за отчётный период " + dZONum)).replaceAll("\s+", ""): Text of object 'Object Repository/Выполнение бизнес-плана/Значения со страницы Выполнение бизнес-плана/Table Data/План Отпуск в сеть за отчётный период 6' is: '48 037 333'

02-12-2024T02:33:17 - [MESSAGE][PASSED] - Text of object 'Object Repository/Выполнение бизнес-плана/Значения со страницы Выполнение бизнес-плана/Table Data/План Отпуск в сеть за отчётный период 6' is: '48 037 333'

02-12-2024T02:33:17 - [TEST_STEP][PASSED] - x = x + "/" + z: null

02-12-2024T02:33:17 - [TEST_STEP][PASSED] - z = getText(findTestObject(path + path2 + "План Отпуск из сети за отчётный период " + dZONum)).replaceAll("\s+", ""): Text of object 'Object Repository/Выполнение бизнес-плана/Значения со страницы Выполнение бизнес-плана/Table Data/План Отпуск из сети за отчётный период 6' is: '43 167 677'

02-12-2024T02:33:18 - [MESSAGE][PASSED] - Text of object 'Object Repository/Выполнение бизнес-плана/Значения со страницы Выполнение бизнес-плана/Table Data/План Отпуск из сети за отчётный период 6' is: '43 167 677'

02-12-2024T02:33:18 - [TEST_STEP][PASSED] - x = x + "/" + z: null

02-12-2024T02:33:18 - [TEST_STEP][PASSED] - z = getText(findTestObject(path + path2 + "План Потери за отчётный период " + dZONum)).replaceAll("\s+", ""): Text of object 'Object Repository/Выполнение бизнес-плана/Значения со страницы Выполнение бизнес-плана/Table Data/План Потери за отчётный период 6' is: '4 869 656'

02-12-2024T02:33:18 - [MESSAGE][PASSED] - Text of object 'Object Repository/Выполнение бизнес-плана/Значения со страницы Выполнение бизнес-плана/Table Data/План Потери за отчётный период 6' is: '4 869 656'

02-12-2024T02:33:18 - [TEST_STEP][PASSED] - x = x + "/" + z: null

02-12-2024T02:33:18 - [TEST_STEP][PASSED] - z = getText(findTestObject(path + "Список ДЗО")).replaceAll("[\r?
|
]", "/"): Text of object 'Object Repository/Выполнение бизнес-плана/Список ДЗО' is: '-0.07
3.72
3.84
-0.05
0.15
-0.50
-0.27
АО «Тываэнерго»
АО «Чеченэнерго»
Россети Северный Кавказ
Россети Сибирь
Россети Тюмень
Россети Центр (ГК)
Россети Центр и Приволжье (ГК)
-1
0
1
2
3
4
5
6
7'

02-12-2024T02:33:18 - [MESSAGE][PASSED] - Text of object 'Object Repository/Выполнение бизнес-плана/Список ДЗО' is: '-0.07
3.72
3.84
-0.05
0.15
-0.50
-0.27
АО «Тываэнерго»
АО «Чеченэнерго»
Россети Северный Кавказ
Россети Сибирь
Россети Тюмень
Россети Центр (ГК)
Россети Центр и Приволжье (ГК)
-1
0
1
2
3
4
5
6
7'

02-12-2024T02:33:18 - [TEST_STEP][PASSED] - for ([ii = 1, ii < dZONum, (ii++)]): null

02-12-2024T02:33:18 - [TEST_STEP][PASSED] - i1 = z.indexOf("/") + 1: null

02-12-2024T02:33:18 - [TEST_STEP][PASSED] - if (i1 > -1): null

02-12-2024T02:33:18 - [TEST_STEP][PASSED] - z = z.substring(i1, z.length()): null

02-12-2024T02:33:18 - [TEST_STEP][PASSED] - i1 = z.indexOf("/"): null

02-12-2024T02:33:18 - [TEST_STEP][PASSED] - i1 = z.indexOf("/") + 1: null

02-12-2024T02:33:18 - [TEST_STEP][PASSED] - if (i1 > -1): null

02-12-2024T02:33:18 - [TEST_STEP][PASSED] - z = z.substring(i1, z.length()): null

02-12-2024T02:33:18 - [TEST_STEP][PASSED] - i1 = z.indexOf("/"): null

02-12-2024T02:33:18 - [TEST_STEP][PASSED] - i1 = z.indexOf("/") + 1: null

02-12-2024T02:33:18 - [TEST_STEP][PASSED] - if (i1 > -1): null

02-12-2024T02:33:18 - [TEST_STEP][PASSED] - z = z.substring(i1, z.length()): null

02-12-2024T02:33:18 - [TEST_STEP][PASSED] - i1 = z.indexOf("/"): null

02-12-2024T02:33:18 - [TEST_STEP][PASSED] - i1 = z.indexOf("/") + 1: null

02-12-2024T02:33:18 - [TEST_STEP][PASSED] - if (i1 > -1): null

02-12-2024T02:33:18 - [TEST_STEP][PASSED] - z = z.substring(i1, z.length()): null

02-12-2024T02:33:18 - [TEST_STEP][PASSED] - i1 = z.indexOf("/"): null

02-12-2024T02:33:18 - [TEST_STEP][PASSED] - i1 = z.indexOf("/") + 1: null

02-12-2024T02:33:18 - [TEST_STEP][PASSED] - if (i1 > -1): null

02-12-2024T02:33:18 - [TEST_STEP][PASSED] - z = z.substring(i1, z.length()): null

02-12-2024T02:33:18 - [TEST_STEP][PASSED] - i1 = z.indexOf("/"): null

02-12-2024T02:33:18 - [TEST_STEP][PASSED] - i1 = z.indexOf("/"): null

02-12-2024T02:33:18 - [TEST_STEP][PASSED] - if (i1 > -1): null

02-12-2024T02:33:18 - [TEST_STEP][PASSED] - z = z.substring(0, i1): null

02-12-2024T02:33:18 - [TEST_STEP][PASSED] - z = z.replace(",", "."): null

02-12-2024T02:33:18 - [TEST_STEP][PASSED] - println(z): null

02-12-2024T02:33:18 - [TEST_STEP][PASSED] - x = x + "/" + z: null

02-12-2024T02:33:18 - [TEST_STEP][PASSED] - x = x.replaceAll("[\r?
|
]", ""): null

02-12-2024T02:33:18 - [TEST_STEP][PASSED] - println(x): null

02-12-2024T02:33:18 - [TEST_STEP][PASSED] - return x: null

02-12-2024T02:33:18 - [TEST_STEP][PASSED] - println("cenR: " + cenR): null

02-12-2024T02:33:18 - [TEST_STEP][PASSED] - i = VseDZO.indexOf("Приволжье"): null

02-12-2024T02:33:18 - [TEST_STEP][PASSED] - if (i > -1): null

02-12-2024T02:33:18 - [TEST_STEP][PASSED] - dZONum = dZONum + 1: null

02-12-2024T02:33:18 - [TEST_STEP][PASSED] - cIPR = GetAllData(path, dZONum, VseDZO, x = "Россети Центр и Приволжье (ГК)/"): null

02-12-2024T02:33:18 - [TEST_STEP][PASSED] - ii = <not implemented yet for class: org.codehaus.groovy.ast.expr.EmptyExpression>: null

02-12-2024T02:33:18 - [TEST_STEP][PASSED] - i1 = <not implemented yet for class: org.codehaus.groovy.ast.expr.EmptyExpression>: null

02-12-2024T02:33:18 - [TEST_STEP][PASSED] - z = <not implemented yet for class: org.codehaus.groovy.ast.expr.EmptyExpression>: null

02-12-2024T02:33:18 - [TEST_STEP][PASSED] - path2 = "Значения со страницы Выполнение бизнес-плана/Table Data/": null

02-12-2024T02:33:18 - [TEST_STEP][PASSED] - println("path: " + path): null

02-12-2024T02:33:18 - [TEST_STEP][PASSED] - println("dZONum: " + dZONum): null

02-12-2024T02:33:18 - [TEST_STEP][PASSED] - z = getText(findTestObject(path + "spanPlan" + dZONum)): Text of object 'Object Repository/Выполнение бизнес-плана/spanPlan7' is: '7.04
|'

02-12-2024T02:33:19 - [MESSAGE][PASSED] - Text of object 'Object Repository/Выполнение бизнес-плана/spanPlan7' is: '7.04
|'

02-12-2024T02:33:19 - [TEST_STEP][PASSED] - println(z): null

02-12-2024T02:33:19 - [TEST_STEP][PASSED] - ii = z.indexOf("|"): null

02-12-2024T02:33:19 - [TEST_STEP][PASSED] - if (ii > -1): null

02-12-2024T02:33:19 - [TEST_STEP][PASSED] - z = z.substring(0, z.length() - 1): null

02-12-2024T02:33:19 - [TEST_STEP][PASSED] - println(z): null

02-12-2024T02:33:19 - [TEST_STEP][PASSED] - z = z.replaceAll("\s+", ""): null

02-12-2024T02:33:19 - [TEST_STEP][PASSED] - z = z.replace("[\r?
|
]", "/"): null

02-12-2024T02:33:19 - [TEST_STEP][PASSED] - println(z): null

02-12-2024T02:33:19 - [TEST_STEP][PASSED] - x = x + z: null

02-12-2024T02:33:19 - [TEST_STEP][PASSED] - z = getText(findTestObject(path + "spanFact" + dZONum)): Text of object 'Object Repository/Выполнение бизнес-плана/spanFact7' is: '6.77'

02-12-2024T02:33:19 - [MESSAGE][PASSED] - Text of object 'Object Repository/Выполнение бизнес-плана/spanFact7' is: '6.77'

02-12-2024T02:33:19 - [TEST_STEP][PASSED] - ii = z.indexOf("|"): null

02-12-2024T02:33:19 - [TEST_STEP][PASSED] - if (ii > -1): null

02-12-2024T02:33:19 - [TEST_STEP][PASSED] - x = x + "/" + z: null

02-12-2024T02:33:19 - [TEST_STEP][PASSED] - z = getText(findTestObject(path + path2 + "Факт Отпуск в сеть за отчётный период " + dZONum)).replaceAll("\s+", ""): Text of object 'Object Repository/Выполнение бизнес-плана/Значения со страницы Выполнение бизнес-плана/Table Data/Факт Отпуск в сеть за отчётный период 7' is: '45 596 339'

02-12-2024T02:33:19 - [MESSAGE][PASSED] - Text of object 'Object Repository/Выполнение бизнес-плана/Значения со страницы Выполнение бизнес-плана/Table Data/Факт Отпуск в сеть за отчётный период 7' is: '45 596 339'

02-12-2024T02:33:19 - [TEST_STEP][PASSED] - x = x + "/" + z: null

02-12-2024T02:33:19 - [TEST_STEP][PASSED] - z = getText(findTestObject(path + path2 + "Факт Отпуск из сети за отчётный период " + dZONum)).replaceAll("\s+", ""): Text of object 'Object Repository/Выполнение бизнес-плана/Значения со страницы Выполнение бизнес-плана/Table Data/Факт Отпуск из сети за отчётный период 7' is: '42 504 429'

02-12-2024T02:33:20 - [MESSAGE][PASSED] - Text of object 'Object Repository/Выполнение бизнес-плана/Значения со страницы Выполнение бизнес-плана/Table Data/Факт Отпуск из сети за отчётный период 7' is: '42 504 429'

02-12-2024T02:33:20 - [TEST_STEP][PASSED] - x = x + "/" + z: null

02-12-2024T02:33:20 - [TEST_STEP][PASSED] - z = getText(findTestObject(path + path2 + "Факт Потери за отчётный период " + dZONum)).replaceAll("\s+", ""): Text of object 'Object Repository/Выполнение бизнес-плана/Значения со страницы Выполнение бизнес-плана/Table Data/Факт Потери за отчётный период 7' is: '3 091 910'

02-12-2024T02:33:20 - [MESSAGE][PASSED] - Text of object 'Object Repository/Выполнение бизнес-плана/Значения со страницы Выполнение бизнес-плана/Table Data/Факт Потери за отчётный период 7' is: '3 091 910'

02-12-2024T02:33:20 - [TEST_STEP][PASSED] - x = x + "/" + z: null

02-12-2024T02:33:20 - [TEST_STEP][PASSED] - z = getText(findTestObject(path + path2 + "План Отпуск в сеть за отчётный период " + dZONum)).replaceAll("\s+", ""): Text of object 'Object Repository/Выполнение бизнес-плана/Значения со страницы Выполнение бизнес-плана/Table Data/План Отпуск в сеть за отчётный период 7' is: '44 041 851'

02-12-2024T02:33:20 - [MESSAGE][PASSED] - Text of object 'Object Repository/Выполнение бизнес-плана/Значения со страницы Выполнение бизнес-плана/Table Data/План Отпуск в сеть за отчётный период 7' is: '44 041 851'

02-12-2024T02:33:20 - [TEST_STEP][PASSED] - x = x + "/" + z: null

02-12-2024T02:33:20 - [TEST_STEP][PASSED] - z = getText(findTestObject(path + path2 + "План Отпуск из сети за отчётный период " + dZONum)).replaceAll("\s+", ""): Text of object 'Object Repository/Выполнение бизнес-плана/Значения со страницы Выполнение бизнес-плана/Table Data/План Отпуск из сети за отчётный период 7' is: '40 938 806'

02-12-2024T02:33:20 - [MESSAGE][PASSED] - Text of object 'Object Repository/Выполнение бизнес-плана/Значения со страницы Выполнение бизнес-плана/Table Data/План Отпуск из сети за отчётный период 7' is: '40 938 806'

02-12-2024T02:33:20 - [TEST_STEP][PASSED] - x = x + "/" + z: null

02-12-2024T02:33:20 - [TEST_STEP][PASSED] - z = getText(findTestObject(path + path2 + "План Потери за отчётный период " + dZONum)).replaceAll("\s+", ""): Text of object 'Object Repository/Выполнение бизнес-плана/Значения со страницы Выполнение бизнес-плана/Table Data/План Потери за отчётный период 7' is: '3 103 045'

02-12-2024T02:33:21 - [MESSAGE][PASSED] - Text of object 'Object Repository/Выполнение бизнес-плана/Значения со страницы Выполнение бизнес-плана/Table Data/План Потери за отчётный период 7' is: '3 103 045'

02-12-2024T02:33:21 - [TEST_STEP][PASSED] - x = x + "/" + z: null

02-12-2024T02:33:21 - [TEST_STEP][PASSED] - z = getText(findTestObject(path + "Список ДЗО")).replaceAll("[\r?
|
]", "/"): Text of object 'Object Repository/Выполнение бизнес-плана/Список ДЗО' is: '-0.07
3.72
3.84
-0.05
0.15
-0.50
-0.27
АО «Тываэнерго»
АО «Чеченэнерго»
Россети Северный Кавказ
Россети Сибирь
Россети Тюмень
Россети Центр (ГК)
Россети Центр и Приволжье (ГК)
-1
0
1
2
3
4
5
6
7'

02-12-2024T02:33:21 - [MESSAGE][PASSED] - Text of object 'Object Repository/Выполнение бизнес-плана/Список ДЗО' is: '-0.07
3.72
3.84
-0.05
0.15
-0.50
-0.27
АО «Тываэнерго»
АО «Чеченэнерго»
Россети Северный Кавказ
Россети Сибирь
Россети Тюмень
Россети Центр (ГК)
Россети Центр и Приволжье (ГК)
-1
0
1
2
3
4
5
6
7'

02-12-2024T02:33:21 - [TEST_STEP][PASSED] - for ([ii = 1, ii < dZONum, (ii++)]): null

02-12-2024T02:33:21 - [TEST_STEP][PASSED] - i1 = z.indexOf("/") + 1: null

02-12-2024T02:33:21 - [TEST_STEP][PASSED] - if (i1 > -1): null

02-12-2024T02:33:21 - [TEST_STEP][PASSED] - z = z.substring(i1, z.length()): null

02-12-2024T02:33:21 - [TEST_STEP][PASSED] - i1 = z.indexOf("/"): null

02-12-2024T02:33:21 - [TEST_STEP][PASSED] - i1 = z.indexOf("/") + 1: null

02-12-2024T02:33:21 - [TEST_STEP][PASSED] - if (i1 > -1): null

02-12-2024T02:33:21 - [TEST_STEP][PASSED] - z = z.substring(i1, z.length()): null

02-12-2024T02:33:21 - [TEST_STEP][PASSED] - i1 = z.indexOf("/"): null

02-12-2024T02:33:21 - [TEST_STEP][PASSED] - i1 = z.indexOf("/") + 1: null

02-12-2024T02:33:21 - [TEST_STEP][PASSED] - if (i1 > -1): null

02-12-2024T02:33:21 - [TEST_STEP][PASSED] - z = z.substring(i1, z.length()): null

02-12-2024T02:33:21 - [TEST_STEP][PASSED] - i1 = z.indexOf("/"): null

02-12-2024T02:33:21 - [TEST_STEP][PASSED] - i1 = z.indexOf("/") + 1: null

02-12-2024T02:33:21 - [TEST_STEP][PASSED] - if (i1 > -1): null

02-12-2024T02:33:21 - [TEST_STEP][PASSED] - z = z.substring(i1, z.length()): null

02-12-2024T02:33:21 - [TEST_STEP][PASSED] - i1 = z.indexOf("/"): null

02-12-2024T02:33:21 - [TEST_STEP][PASSED] - i1 = z.indexOf("/") + 1: null

02-12-2024T02:33:21 - [TEST_STEP][PASSED] - if (i1 > -1): null

02-12-2024T02:33:21 - [TEST_STEP][PASSED] - z = z.substring(i1, z.length()): null

02-12-2024T02:33:21 - [TEST_STEP][PASSED] - i1 = z.indexOf("/"): null

02-12-2024T02:33:21 - [TEST_STEP][PASSED] - i1 = z.indexOf("/") + 1: null

02-12-2024T02:33:21 - [TEST_STEP][PASSED] - if (i1 > -1): null

02-12-2024T02:33:21 - [TEST_STEP][PASSED] - z = z.substring(i1, z.length()): null

02-12-2024T02:33:21 - [TEST_STEP][PASSED] - i1 = z.indexOf("/"): null

02-12-2024T02:33:21 - [TEST_STEP][PASSED] - i1 = z.indexOf("/"): null

02-12-2024T02:33:21 - [TEST_STEP][PASSED] - if (i1 > -1): null

02-12-2024T02:33:21 - [TEST_STEP][PASSED] - z = z.substring(0, i1): null

02-12-2024T02:33:21 - [TEST_STEP][PASSED] - z = z.replace(",", "."): null

02-12-2024T02:33:21 - [TEST_STEP][PASSED] - println(z): null

02-12-2024T02:33:21 - [TEST_STEP][PASSED] - x = x + "/" + z: null

02-12-2024T02:33:21 - [TEST_STEP][PASSED] - x = x.replaceAll("[\r?
|
]", ""): null

02-12-2024T02:33:21 - [TEST_STEP][PASSED] - println(x): null

02-12-2024T02:33:21 - [TEST_STEP][PASSED] - return x: null

02-12-2024T02:33:21 - [TEST_STEP][PASSED] - println("cIPR: " + cIPR): null

02-12-2024T02:33:21 - [TEST_STEP][PASSED] - i = VseDZO.indexOf("Юг"): null

02-12-2024T02:33:21 - [TEST_STEP][PASSED] - if (i > -1): null

02-12-2024T02:33:21 - [TEST_STEP][PASSED] - else: null

02-12-2024T02:33:21 - [TEST_STEP][PASSED] - ugR = ugR + "нет данных/нет данных/нет данных/нет данных/нет данных/нет данных/нет данных/нет данных/нет данных": null

02-12-2024T02:33:21 - [TEST_STEP][PASSED] - println("ugR: " + ugR): null

02-12-2024T02:33:21 - [TEST_STEP][PASSED] - i = VseDZO.indexOf("Янтарь"): null

02-12-2024T02:33:21 - [TEST_STEP][PASSED] - if (i > -1): null

02-12-2024T02:33:21 - [TEST_STEP][PASSED] - else: null

02-12-2024T02:33:21 - [TEST_STEP][PASSED] - yR = yR + "нет данных/нет данных/нет данных/нет данных/нет данных/нет данных/нет данных/нет данных/нет данных": null

02-12-2024T02:33:21 - [TEST_STEP][PASSED] - println("yR: " + yR): null

02-12-2024T02:33:21 - [TEST_STEP][PASSED] - blockNum = 2: null

02-12-2024T02:33:21 - [TEST_STEP][PASSED] - path = "Object Repository/Выполнение бизнес-плана/Выполнение бизнес-плана Балансы/": null

02-12-2024T02:33:21 - [TEST_STEP][PASSED] - Script1719299571342.Presettings(blockNum, path): null

02-12-2024T02:33:21 - [TEST_STEP][PASSED] - blockNumber = <not implemented yet for class: org.codehaus.groovy.ast.expr.EmptyExpression>: null

02-12-2024T02:33:21 - [TEST_STEP][PASSED] - urlText = <not implemented yet for class: org.codehaus.groovy.ast.expr.EmptyExpression>: null

02-12-2024T02:33:21 - [TEST_STEP][PASSED] - searchWord = <not implemented yet for class: org.codehaus.groovy.ast.expr.EmptyExpression>: null

02-12-2024T02:33:21 - [TEST_STEP][PASSED] - i = <not implemented yet for class: org.codehaus.groovy.ast.expr.EmptyExpression>: null

02-12-2024T02:33:21 - [TEST_STEP][PASSED] - ii = <not implemented yet for class: org.codehaus.groovy.ast.expr.EmptyExpression>: null

02-12-2024T02:33:21 - [TEST_STEP][PASSED] - openBrowser(""): Browser is opened with url: ''

02-12-2024T02:33:21 - [MESSAGE][WARNING] - A browser is already opened. Closing browser and opening a new one

02-12-2024T02:33:21 - [MESSAGE][INFO] - Starting 'Chrome' driver

02-12-2024T02:33:21 - [MESSAGE][INFO] - Action delay is set to 0 milliseconds

02-12-2024T02:33:22 - [MESSAGE][PASSED] - Browser is opened with url: ''

02-12-2024T02:33:22 - [TEST_STEP][PASSED] - if (blockNum == 1): null

02-12-2024T02:33:22 - [TEST_STEP][PASSED] - else: null

02-12-2024T02:33:22 - [TEST_STEP][PASSED] - path = "Object Repository/Выполнение бизнес-плана/Выполнение бизнес-плана Балансы/": null

02-12-2024T02:33:22 - [TEST_STEP][PASSED] - blockNumber = 4: null

02-12-2024T02:33:22 - [TEST_STEP][PASSED] - navigateToUrl(findTestData("PlanFact").getValue(10, blockNumber)): Navigate to 'https://bi.rosseti.digital/viewer?dashboardGuid=5ed11b2f4eb2434fa5c5ff1537a71532&sheetGuid=0d90a67b6f664f58b2e6cf8ff5d9a66c&fit=true' successfully

02-12-2024T02:33:28 - [MESSAGE][PASSED] - Navigate to 'https://bi.rosseti.digital/viewer?dashboardGuid=5ed11b2f4eb2434fa5c5ff1537a71532&sheetGuid=0d90a67b6f664f58b2e6cf8ff5d9a66c&fit=true' successfully

02-12-2024T02:33:28 - [TEST_STEP][PASSED] - urlText = getText(findTestObject("Страница авторизации/Text")): Text of object 'Object Repository/Страница авторизации/Text' is: 'Вход'

02-12-2024T02:33:31 - [MESSAGE][PASSED] - Text of object 'Object Repository/Страница авторизации/Text' is: 'Вход'

02-12-2024T02:33:31 - [TEST_STEP][PASSED] - delay(10): Delayed 10 second(s)

02-12-2024T02:33:41 - [MESSAGE][PASSED] - Delayed 10 second(s)

02-12-2024T02:33:41 - [TEST_STEP][PASSED] - searchWord = "Вход": null

02-12-2024T02:33:41 - [TEST_STEP][PASSED] - if (urlText.contains(searchWord) == false): null

02-12-2024T02:33:41 - [TEST_STEP][PASSED] - setText(findTestObject("Страница авторизации/input__username"), findTestData("PlanFact").getValue(8, 1)): Text 'liazgina-di' is set on object 'Object Repository/Страница авторизации/input__username'

02-12-2024T02:33:41 - [MESSAGE][PASSED] - Text 'liazgina-di' is set on object 'Object Repository/Страница авторизации/input__username'

02-12-2024T02:33:41 - [TEST_STEP][PASSED] - setText(findTestObject("Страница авторизации/input__password"), findTestData("PlanFact").getValue(9, 1)): Text ')$%5srZ8o688Dm#q' is set on object 'Object Repository/Страница авторизации/input__password'

02-12-2024T02:33:42 - [MESSAGE][PASSED] - Text ')$%5srZ8o688Dm#q' is set on object 'Object Repository/Страница авторизации/input__password'

02-12-2024T02:33:42 - [TEST_STEP][PASSED] - click(findTestObject("Страница авторизации/button_")): Object: 'Object Repository/Страница авторизации/button_' is clicked on

02-12-2024T02:33:44 - [MESSAGE][PASSED] - Object: 'Object Repository/Страница авторизации/button_' is clicked on

02-12-2024T02:33:44 - [TEST_STEP][PASSED] - delay(50): Delayed 50 second(s)

02-12-2024T02:34:34 - [MESSAGE][PASSED] - Delayed 50 second(s)

02-12-2024T02:34:34 - [TEST_STEP][PASSED] - searchWord = "ДЗО": null

02-12-2024T02:34:34 - [TEST_STEP][PASSED] - urlText = getText(findTestObject("Страница авторизации/Text")): Text of object 'Object Repository/Страница авторизации/Text' is: 'ДЗО 
ПАО Россети - РаспредКомплекс - Россети Урал (ГК) - Свердловэнерго
Период
1, 2, 3 кв., Октябрь 2024 года

Показатели баланса электроэнергии по ДЗО – Факт
24 739 145 0
23 768 762 0
970 383 0
Итого
п.п.
-0.05
-0.06
-0.04
-0.02
0
Итого
%
4.11 4.11
4.04 4.04
1
100

Выполнение бизнес-плана в части показателя «Уровень потерь электроэнергии»
Итого – Факт
Отпуск в сеть 24 739 145
Отпуск из сети 23 768 762
Потери 970 383
Статус данных
Просьба обратить внимание
— данные занесены не полностью
Показатели баланса электроэнергии по ДЗО – План
29 246 626 0
28 024 791 0
1 221 835 0
Факт
План
Итого – План
Отпуск в сеть 24 092 241
Отпуск из сети 23 119 085
Потери 973 156
● Бизнес-план выполнен● ●● Превышение бизнес-плана
Отклонения фактического уровня потерь от бизнес-плана за 3 месяца (нарастающим итогом), п.п.
Россети ФСКЕЭС
АО«Тываэнерго»
АО«Чеченэнерго»
Россети Волга
Россети Кубань
РоссетиЛенэнерго (ГК)
РоссетиМосковскийрегион
РоссетиСеверныйКавказ (ГК)
Россети Севе…
Россети Сибирь(ГК)
Россети Томск
Россети Тюмень
Россети Урал(ГК)
Россети Центр
Россети Центри Приволжье(ГК)
Россети Юг(ГК)
Россети Янтарь
0
-5
5
Отклонения фактического уровня потерь от бизнес-плана, п.п. 
-0.10
Россети Урал (ГК)
-1
0
1
2
3
4
5
6
7
Уровень потерь электроэнергии 
Россети Урал (ГК)
0
10
20
30
40
50
60
70
4.02
|
3.92
● Отрицательные/нулевые отклонения● ● ● ● Положительные отклонения
п.п.
Отклонения фактического уровня потерь от бизнес-плана за 3 месяца (нарастающим итогом)
Свердловэнерго'

02-12-2024T02:35:06 - [MESSAGE][PASSED] - Text of object 'Object Repository/Страница авторизации/Text' is: 'ДЗО 
ПАО Россети - РаспредКомплекс - Россети Урал (ГК) - Свердловэнерго
Период
1, 2, 3 кв., Октябрь 2024 года

Показатели баланса электроэнергии по ДЗО – Факт
24 739 145 0
23 768 762 0
970 383 0
Итого
п.п.
-0.05
-0.06
-0.04
-0.02
0
Итого
%
4.11 4.11
4.04 4.04
1
100

Выполнение бизнес-плана в части показателя «Уровень потерь электроэнергии»
Итого – Факт
Отпуск в сеть 24 739 145
Отпуск из сети 23 768 762
Потери 970 383
Статус данных
Просьба обратить внимание
— данные занесены не полностью
Показатели баланса электроэнергии по ДЗО – План
29 246 626 0
28 024 791 0
1 221 835 0
Факт
План
Итого – План
Отпуск в сеть 24 092 241
Отпуск из сети 23 119 085
Потери 973 156
● Бизнес-план выполнен● ●● Превышение бизнес-плана
Отклонения фактического уровня потерь от бизнес-плана за 3 месяца (нарастающим итогом), п.п.
Россети ФСКЕЭС
АО«Тываэнерго»
АО«Чеченэнерго»
Россети Волга
Россети Кубань
РоссетиЛенэнерго (ГК)
РоссетиМосковскийрегион
РоссетиСеверныйКавказ (ГК)
Россети Севе…
Россети Сибирь(ГК)
Россети Томск
Россети Тюмень
Россети Урал(ГК)
Россети Центр
Россети Центри Приволжье(ГК)
Россети Юг(ГК)
Россети Янтарь
0
-5
5
Отклонения фактического уровня потерь от бизнес-плана, п.п. 
-0.10
Россети Урал (ГК)
-1
0
1
2
3
4
5
6
7
Уровень потерь электроэнергии 
Россети Урал (ГК)
0
10
20
30
40
50
60
70
4.02
|
3.92
● Отрицательные/нулевые отклонения● ● ● ● Положительные отклонения
п.п.
Отклонения фактического уровня потерь от бизнес-плана за 3 месяца (нарастающим итогом)
Свердловэнерго'

02-12-2024T02:35:06 - [TEST_STEP][PASSED] - if (urlText.contains("ошибка") || urlText.contains(searchWord) == false): null

02-12-2024T02:35:06 - [TEST_STEP][PASSED] - Script1719299571342.ZakrytOpoveshenie(): null

02-12-2024T02:35:06 - [TEST_STEP][PASSED] - opoveshenie = getText(findTestObject("Выполнение бизнес-плана/Просьба обратить внимание")): Text of object 'Object Repository/Выполнение бизнес-плана/Просьба обратить внимание' is: 'Просьба обратить внимание'

02-12-2024T02:35:06 - [MESSAGE][PASSED] - Text of object 'Object Repository/Выполнение бизнес-плана/Просьба обратить внимание' is: 'Просьба обратить внимание'

02-12-2024T02:35:06 - [TEST_STEP][PASSED] - if (opoveshenie == "Просьба обратить внимание"): Object: 'Object Repository/Выполнение бизнес-плана/Закрыть оповещение' is clicked on

02-12-2024T02:35:06 - [TEST_STEP][PASSED] - click(findTestObject("Выполнение бизнес-плана/Закрыть оповещение")): Object: 'Object Repository/Выполнение бизнес-плана/Закрыть оповещение' is clicked on

02-12-2024T02:35:07 - [MESSAGE][PASSED] - Object: 'Object Repository/Выполнение бизнес-плана/Закрыть оповещение' is clicked on

02-12-2024T02:35:07 - [TEST_STEP][PASSED] - click(findTestObject(path + "Фильтр Дата")): Object: 'Object Repository/Выполнение бизнес-плана/Выполнение бизнес-плана Балансы/Фильтр Дата' is clicked on

02-12-2024T02:35:07 - [MESSAGE][PASSED] - Object: 'Object Repository/Выполнение бизнес-плана/Выполнение бизнес-плана Балансы/Фильтр Дата' is clicked on

02-12-2024T02:35:07 - [TEST_STEP][PASSED] - click(findTestObject(path + "Снять выделение в фильтре Дата")): Object: 'Object Repository/Выполнение бизнес-плана/Выполнение бизнес-плана Балансы/Снять выделение в фильтре Дата' is clicked on

02-12-2024T02:35:07 - [MESSAGE][PASSED] - Object: 'Object Repository/Выполнение бизнес-плана/Выполнение бизнес-плана Балансы/Снять выделение в фильтре Дата' is clicked on

02-12-2024T02:35:07 - [TEST_STEP][PASSED] - click(findTestObject(path + "Применить в фильтре Дата")): Object: 'Object Repository/Выполнение бизнес-плана/Выполнение бизнес-плана Балансы/Применить в фильтре Дата' is clicked on

02-12-2024T02:35:08 - [MESSAGE][PASSED] - Object: 'Object Repository/Выполнение бизнес-плана/Выполнение бизнес-плана Балансы/Применить в фильтре Дата' is clicked on

02-12-2024T02:35:08 - [TEST_STEP][PASSED] - delay(50): Delayed 50 second(s)

02-12-2024T02:35:58 - [MESSAGE][PASSED] - Delayed 50 second(s)

02-12-2024T02:35:58 - [TEST_STEP][PASSED] - Script1719299571342.ZakrytOpoveshenie(): null

02-12-2024T02:35:58 - [TEST_STEP][PASSED] - opoveshenie = getText(findTestObject("Выполнение бизнес-плана/Просьба обратить внимание")): Text of object 'Object Repository/Выполнение бизнес-плана/Просьба обратить внимание' is: 'Просьба обратить внимание'

02-12-2024T02:35:59 - [MESSAGE][PASSED] - Text of object 'Object Repository/Выполнение бизнес-плана/Просьба обратить внимание' is: 'Просьба обратить внимание'

02-12-2024T02:35:59 - [TEST_STEP][PASSED] - if (opoveshenie == "Просьба обратить внимание"): Object: 'Object Repository/Выполнение бизнес-плана/Закрыть оповещение' is clicked on

02-12-2024T02:35:59 - [TEST_STEP][PASSED] - click(findTestObject("Выполнение бизнес-плана/Закрыть оповещение")): Object: 'Object Repository/Выполнение бизнес-плана/Закрыть оповещение' is clicked on

02-12-2024T02:35:59 - [MESSAGE][PASSED] - Object: 'Object Repository/Выполнение бизнес-плана/Закрыть оповещение' is clicked on

02-12-2024T02:35:59 - [TEST_STEP][PASSED] - click(findTestObject(path + "Фильтр Дата")): Object: 'Object Repository/Выполнение бизнес-плана/Выполнение бизнес-плана Балансы/Фильтр Дата' is clicked on

02-12-2024T02:35:59 - [MESSAGE][PASSED] - Object: 'Object Repository/Выполнение бизнес-плана/Выполнение бизнес-плана Балансы/Фильтр Дата' is clicked on

02-12-2024T02:35:59 - [TEST_STEP][PASSED] - scrollToElement(findTestObject(path + "2024 список"), 30): Scroll to object 'Object Repository/Выполнение бизнес-плана/Выполнение бизнес-плана Балансы/2024 список' successfully

02-12-2024T02:36:00 - [MESSAGE][PASSED] - Scroll to object 'Object Repository/Выполнение бизнес-плана/Выполнение бизнес-плана Балансы/2024 список' successfully

02-12-2024T02:36:00 - [TEST_STEP][PASSED] - click(findTestObject(path + "2024 список")): Object: 'Object Repository/Выполнение бизнес-плана/Выполнение бизнес-плана Балансы/2024 список' is clicked on

02-12-2024T02:36:00 - [MESSAGE][PASSED] - Object: 'Object Repository/Выполнение бизнес-плана/Выполнение бизнес-плана Балансы/2024 список' is clicked on

02-12-2024T02:36:00 - [TEST_STEP][PASSED] - scrollToElement(findTestObject(path + "1 квартал 2024 список"), 30): Scroll to object 'Object Repository/Выполнение бизнес-плана/Выполнение бизнес-плана Балансы/1 квартал 2024 список' successfully

02-12-2024T02:36:01 - [MESSAGE][PASSED] - Scroll to object 'Object Repository/Выполнение бизнес-плана/Выполнение бизнес-плана Балансы/1 квартал 2024 список' successfully

02-12-2024T02:36:01 - [TEST_STEP][PASSED] - click(findTestObject(path + "1 квартал 2024 список")): Object: 'Object Repository/Выполнение бизнес-плана/Выполнение бизнес-плана Балансы/1 квартал 2024 список' is clicked on

02-12-2024T02:36:01 - [MESSAGE][PASSED] - Object: 'Object Repository/Выполнение бизнес-плана/Выполнение бизнес-плана Балансы/1 квартал 2024 список' is clicked on

02-12-2024T02:36:01 - [TEST_STEP][PASSED] - click(findTestObject(path + "Январь 2024")): Object: 'Object Repository/Выполнение бизнес-плана/Выполнение бизнес-плана Балансы/Январь 2024' is clicked on

02-12-2024T02:36:01 - [MESSAGE][PASSED] - Object: 'Object Repository/Выполнение бизнес-плана/Выполнение бизнес-плана Балансы/Январь 2024' is clicked on

02-12-2024T02:36:01 - [TEST_STEP][PASSED] - click(findTestObject(path + "Февраль 2024")): Object: 'Object Repository/Выполнение бизнес-плана/Выполнение бизнес-плана Балансы/Февраль 2024' is clicked on

02-12-2024T02:36:02 - [MESSAGE][PASSED] - Object: 'Object Repository/Выполнение бизнес-плана/Выполнение бизнес-плана Балансы/Февраль 2024' is clicked on

02-12-2024T02:36:02 - [TEST_STEP][PASSED] - click(findTestObject(path + "Март 2024")): Object: 'Object Repository/Выполнение бизнес-плана/Выполнение бизнес-плана Балансы/Март 2024' is clicked on

02-12-2024T02:36:03 - [MESSAGE][PASSED] - Object: 'Object Repository/Выполнение бизнес-плана/Выполнение бизнес-плана Балансы/Март 2024' is clicked on

02-12-2024T02:36:03 - [TEST_STEP][PASSED] - scrollToElement(findTestObject(path + "2 квартал 2024"), 30): Scroll to object 'Object Repository/Выполнение бизнес-плана/Выполнение бизнес-плана Балансы/2 квартал 2024' successfully

02-12-2024T02:36:03 - [MESSAGE][PASSED] - Scroll to object 'Object Repository/Выполнение бизнес-плана/Выполнение бизнес-плана Балансы/2 квартал 2024' successfully

02-12-2024T02:36:03 - [TEST_STEP][PASSED] - click(findTestObject(path + "2 квартал 2024")): Object: 'Object Repository/Выполнение бизнес-плана/Выполнение бизнес-плана Балансы/2 квартал 2024' is clicked on

02-12-2024T02:36:03 - [MESSAGE][PASSED] - Object: 'Object Repository/Выполнение бизнес-плана/Выполнение бизнес-плана Балансы/2 квартал 2024' is clicked on

02-12-2024T02:36:03 - [TEST_STEP][PASSED] - scrollToElement(findTestObject(path + "3 квартал 2024 список"), 30): Scroll to object 'Object Repository/Выполнение бизнес-плана/Выполнение бизнес-плана Балансы/3 квартал 2024 список' successfully

02-12-2024T02:36:04 - [MESSAGE][PASSED] - Scroll to object 'Object Repository/Выполнение бизнес-плана/Выполнение бизнес-плана Балансы/3 квартал 2024 список' successfully

02-12-2024T02:36:04 - [TEST_STEP][PASSED] - click(findTestObject(path + "3 квартал 2024")): Object: 'Object Repository/Выполнение бизнес-плана/Выполнение бизнес-плана Балансы/3 квартал 2024' is clicked on

02-12-2024T02:36:04 - [MESSAGE][PASSED] - Object: 'Object Repository/Выполнение бизнес-плана/Выполнение бизнес-плана Балансы/3 квартал 2024' is clicked on

02-12-2024T02:36:04 - [TEST_STEP][PASSED] - scrollToElement(findTestObject(path + "4 квартал 2024 список"), 30): Scroll to object 'Object Repository/Выполнение бизнес-плана/Выполнение бизнес-плана Балансы/4 квартал 2024 список' successfully

02-12-2024T02:36:05 - [MESSAGE][PASSED] - Scroll to object 'Object Repository/Выполнение бизнес-плана/Выполнение бизнес-плана Балансы/4 квартал 2024 список' successfully

02-12-2024T02:36:05 - [TEST_STEP][PASSED] - click(findTestObject(path + "4 квартал 2024 список")): Object: 'Object Repository/Выполнение бизнес-плана/Выполнение бизнес-плана Балансы/4 квартал 2024 список' is clicked on

02-12-2024T02:36:05 - [MESSAGE][PASSED] - Object: 'Object Repository/Выполнение бизнес-плана/Выполнение бизнес-плана Балансы/4 квартал 2024 список' is clicked on

02-12-2024T02:36:05 - [TEST_STEP][PASSED] - scrollToElement(findTestObject(path + "Октябрь 2024"), 30): Scroll to object 'Object Repository/Выполнение бизнес-плана/Выполнение бизнес-плана Балансы/Октябрь 2024' successfully

02-12-2024T02:36:05 - [MESSAGE][PASSED] - Scroll to object 'Object Repository/Выполнение бизнес-плана/Выполнение бизнес-плана Балансы/Октябрь 2024' successfully

02-12-2024T02:36:05 - [TEST_STEP][PASSED] - click(findTestObject(path + "Октябрь 2024")): Object: 'Object Repository/Выполнение бизнес-плана/Выполнение бизнес-плана Балансы/Октябрь 2024' is clicked on

02-12-2024T02:36:06 - [MESSAGE][PASSED] - Object: 'Object Repository/Выполнение бизнес-плана/Выполнение бизнес-плана Балансы/Октябрь 2024' is clicked on

02-12-2024T02:36:06 - [TEST_STEP][PASSED] - scrollToElement(findTestObject(path + "Заголовок дашборда"), 30): Scroll to object 'Object Repository/Выполнение бизнес-плана/Выполнение бизнес-плана Балансы/Заголовок дашборда' successfully

02-12-2024T02:36:06 - [MESSAGE][PASSED] - Scroll to object 'Object Repository/Выполнение бизнес-плана/Выполнение бизнес-плана Балансы/Заголовок дашборда' successfully

02-12-2024T02:36:06 - [TEST_STEP][PASSED] - click(findTestObject(path + "Применить в фильтре Дата")): Object: 'Object Repository/Выполнение бизнес-плана/Выполнение бизнес-плана Балансы/Применить в фильтре Дата' is clicked on

02-12-2024T02:36:07 - [MESSAGE][PASSED] - Object: 'Object Repository/Выполнение бизнес-плана/Выполнение бизнес-плана Балансы/Применить в фильтре Дата' is clicked on

02-12-2024T02:36:07 - [TEST_STEP][PASSED] - delay(30): Delayed 30 second(s)

02-12-2024T02:36:37 - [MESSAGE][PASSED] - Delayed 30 second(s)

02-12-2024T02:36:37 - [TEST_STEP][PASSED] - Script1719299571342.ZakrytOpoveshenie(): null

02-12-2024T02:36:37 - [TEST_STEP][PASSED] - opoveshenie = getText(findTestObject("Выполнение бизнес-плана/Просьба обратить внимание")): Text of object 'Object Repository/Выполнение бизнес-плана/Просьба обратить внимание' is: 'Просьба обратить внимание'

02-12-2024T02:36:38 - [MESSAGE][PASSED] - Text of object 'Object Repository/Выполнение бизнес-плана/Просьба обратить внимание' is: 'Просьба обратить внимание'

02-12-2024T02:36:38 - [TEST_STEP][PASSED] - if (opoveshenie == "Просьба обратить внимание"): Object: 'Object Repository/Выполнение бизнес-плана/Закрыть оповещение' is clicked on

02-12-2024T02:36:38 - [TEST_STEP][PASSED] - click(findTestObject("Выполнение бизнес-плана/Закрыть оповещение")): Object: 'Object Repository/Выполнение бизнес-плана/Закрыть оповещение' is clicked on

02-12-2024T02:36:38 - [MESSAGE][PASSED] - Object: 'Object Repository/Выполнение бизнес-плана/Закрыть оповещение' is clicked on

02-12-2024T02:36:38 - [TEST_STEP][PASSED] - click(findTestObject(path + "Фильтр ДЗО")): Object: 'Object Repository/Выполнение бизнес-плана/Выполнение бизнес-плана Балансы/Фильтр ДЗО' is clicked on

02-12-2024T02:36:38 - [MESSAGE][PASSED] - Object: 'Object Repository/Выполнение бизнес-плана/Выполнение бизнес-плана Балансы/Фильтр ДЗО' is clicked on

02-12-2024T02:36:38 - [TEST_STEP][PASSED] - click(findTestObject(path + "Снять выделение в фильтре ДЗО")): Object: 'Object Repository/Выполнение бизнес-плана/Выполнение бизнес-плана Балансы/Снять выделение в фильтре ДЗО' is clicked on

02-12-2024T02:36:39 - [MESSAGE][PASSED] - Object: 'Object Repository/Выполнение бизнес-плана/Выполнение бизнес-плана Балансы/Снять выделение в фильтре ДЗО' is clicked on

02-12-2024T02:36:39 - [TEST_STEP][PASSED] - click(findTestObject(path + "ПАО Россети")): Object: 'Object Repository/Выполнение бизнес-плана/Выполнение бизнес-плана Балансы/ПАО Россети' is clicked on

02-12-2024T02:36:39 - [MESSAGE][PASSED] - Object: 'Object Repository/Выполнение бизнес-плана/Выполнение бизнес-плана Балансы/ПАО Россети' is clicked on

02-12-2024T02:36:39 - [TEST_STEP][PASSED] - click(findTestObject(path + "Применить в фильтре ДЗО")): Object: 'Object Repository/Выполнение бизнес-плана/Выполнение бизнес-плана Балансы/Применить в фильтре ДЗО' is clicked on

02-12-2024T02:36:40 - [MESSAGE][PASSED] - Object: 'Object Repository/Выполнение бизнес-плана/Выполнение бизнес-плана Балансы/Применить в фильтре ДЗО' is clicked on

02-12-2024T02:36:40 - [TEST_STEP][PASSED] - delay(30): Delayed 30 second(s)

02-12-2024T02:37:10 - [MESSAGE][PASSED] - Delayed 30 second(s)

02-12-2024T02:37:10 - [TEST_STEP][PASSED] - pRB = GetAllPAOData(path, dZONum, VseDZO, z = "ПАО Россети/"): null

02-12-2024T02:37:10 - [TEST_STEP][PASSED] - path2 = "Значения со страницы Выполнение бизнес-плана/Table Data/": null

02-12-2024T02:37:10 - [TEST_STEP][PASSED] - ii = <not implemented yet for class: org.codehaus.groovy.ast.expr.EmptyExpression>: null

02-12-2024T02:37:10 - [TEST_STEP][PASSED] - i1 = <not implemented yet for class: org.codehaus.groovy.ast.expr.EmptyExpression>: null

02-12-2024T02:37:10 - [TEST_STEP][PASSED] - z = <not implemented yet for class: org.codehaus.groovy.ast.expr.EmptyExpression>: null

02-12-2024T02:37:10 - [TEST_STEP][PASSED] - z1 = <not implemented yet for class: org.codehaus.groovy.ast.expr.EmptyExpression>: null

02-12-2024T02:37:10 - [TEST_STEP][PASSED] - println("path: " + path): null

02-12-2024T02:37:10 - [TEST_STEP][PASSED] - z = getText(findTestObject(path + "Итого")).replaceAll("[\r?
|
]", "/"): Text of object 'Object Repository/Выполнение бизнес-плана/Выполнение бизнес-плана Балансы/Итого' is: 'Итого
%
5.78 5.78
7.98 7.98
1
100'

02-12-2024T02:37:11 - [MESSAGE][PASSED] - Text of object 'Object Repository/Выполнение бизнес-плана/Выполнение бизнес-плана Балансы/Итого' is: 'Итого
%
5.78 5.78
7.98 7.98
1
100'

02-12-2024T02:37:11 - [TEST_STEP][PASSED] - ii = z.indexOf("%") + 2: null

02-12-2024T02:37:11 - [TEST_STEP][PASSED] - if (ii > -1): null

02-12-2024T02:37:11 - [TEST_STEP][PASSED] - z = z.substring(ii, z.length()): null

02-12-2024T02:37:11 - [TEST_STEP][PASSED] - println(z): null

02-12-2024T02:37:11 - [TEST_STEP][PASSED] - ii = z.indexOf("/1/100") - 1: null

02-12-2024T02:37:11 - [TEST_STEP][PASSED] - if (ii > -1): null

02-12-2024T02:37:11 - [TEST_STEP][PASSED] - z = z.substring(0, ii): null

02-12-2024T02:37:11 - [TEST_STEP][PASSED] - println(z): null

02-12-2024T02:37:11 - [TEST_STEP][PASSED] - ii = z.indexOf("План"): null

02-12-2024T02:37:11 - [TEST_STEP][PASSED] - if (ii > -1): null

02-12-2024T02:37:11 - [TEST_STEP][PASSED] - ii = z.indexOf("/") + 1: null

02-12-2024T02:37:11 - [TEST_STEP][PASSED] - z1 = z.substring(0, ii): null

02-12-2024T02:37:11 - [TEST_STEP][PASSED] - println(z1): null

02-12-2024T02:37:11 - [TEST_STEP][PASSED] - z = z.substring(ii, z.length()): null

02-12-2024T02:37:11 - [TEST_STEP][PASSED] - println(z): null

02-12-2024T02:37:11 - [TEST_STEP][PASSED] - ii = z1.length() / 2: null

02-12-2024T02:37:11 - [TEST_STEP][PASSED] - z1 = replaceAll("[\r?
|
]", "/").trim(): null

02-12-2024T02:37:11 - [TEST_STEP][PASSED] - println(z1): null

02-12-2024T02:37:11 - [TEST_STEP][PASSED] - ii = z.length() / 2: null

02-12-2024T02:37:11 - [TEST_STEP][PASSED] - z = replace("/", "").trim(): null

02-12-2024T02:37:11 - [TEST_STEP][PASSED] - println(z): null

02-12-2024T02:37:11 - [TEST_STEP][PASSED] - x = x + z1 + "/" + z: null

02-12-2024T02:37:11 - [TEST_STEP][PASSED] - println(x): null

02-12-2024T02:37:11 - [TEST_STEP][FAILED] - if (verifyElementPresent(findTestObject(path + "Таблица Итого-Факт"), 30)): Unable to verify object is present (Root cause: com.kms.katalon.core.exception.StepFailedException: Unable to verify object is present
	at com.kms.katalon.core.webui.keyword.internal.WebUIKeywordMain.stepFailed(WebUIKeywordMain.groovy:64)
	at com.kms.katalon.core.webui.keyword.internal.WebUIKeywordMain.runKeyword(WebUIKeywordMain.groovy:26)
	at com.kms.katalon.core.webui.keyword.builtin.VerifyElementPresentKeyword.verifyElementPresent(VerifyElementPresentKeyword.groovy:92)
	at com.kms.katalon.core.webui.keyword.builtin.VerifyElementPresentKeyword.execute(VerifyElementPresentKeyword.groovy:68)
	at com.kms.katalon.core.keyword.internal.KeywordExecutor.executeKeywordForPlatform(KeywordExecutor.groovy:74)
	at com.kms.katalon.core.webui.keyword.WebUiBuiltInKeywords.verifyElementPresent(WebUiBuiltInKeywords.groovy:1503)
	at Выполнение бизнес-плана сверка дашбордов.GetAllPAOData(Выполнение бизнес-плана сверка дашбордов:862)
	at Выполнение бизнес-плана сверка дашбордов.run(Выполнение бизнес-плана сверка дашбордов:362)
	at com.kms.katalon.core.main.ScriptEngine.run(ScriptEngine.java:194)
	at com.kms.katalon.core.main.ScriptEngine.runScriptAsRawText(ScriptEngine.java:119)
	at com.kms.katalon.core.main.TestCaseExecutor.runScript(TestCaseExecutor.java:448)
	at com.kms.katalon.core.main.TestCaseExecutor.doExecute(TestCaseExecutor.java:439)
	at com.kms.katalon.core.main.TestCaseExecutor.processExecutionPhase(TestCaseExecutor.java:418)
	at com.kms.katalon.core.main.TestCaseExecutor.accessMainPhase(TestCaseExecutor.java:410)
	at com.kms.katalon.core.main.TestCaseExecutor.execute(TestCaseExecutor.java:285)
	at com.kms.katalon.core.common.CommonExecutor.accessTestCaseMainPhase(CommonExecutor.java:65)
	at com.kms.katalon.core.main.TestSuiteExecutor.accessTestSuiteMainPhase(TestSuiteExecutor.java:150)
	at com.kms.katalon.core.main.TestSuiteExecutor.execute(TestSuiteExecutor.java:106)
	at com.kms.katalon.core.main.TestCaseMain.startTestSuite(TestCaseMain.java:180)
	at TempTestSuite1733095732962.run(TempTestSuite1733095732962.groovy:35)
	at java.base/jdk.internal.reflect.NativeMethodAccessorImpl.invoke0(Native Method)
	at java.base/jdk.internal.reflect.NativeMethodAccessorImpl.invoke(NativeMethodAccessorImpl.java:77)
	at java.base/jdk.internal.reflect.DelegatingMethodAccessorImpl.invoke(DelegatingMethodAccessorImpl.java:43)
Caused by: java.lang.IllegalArgumentException: Object is null
	at com.kms.katalon.core.helper.KeywordHelper.checkTestObjectParameter(KeywordHelper.java:33)
	at com.kms.katalon.core.webui.keyword.builtin.VerifyElementPresentKeyword$_verifyElementPresent_closure1.doCall(VerifyElementPresentKeyword.groovy:76)
	at com.kms.katalon.core.webui.keyword.builtin.VerifyElementPresentKeyword$_verifyElementPresent_closure1.call(VerifyElementPresentKeyword.groovy)
	at com.kms.katalon.core.webui.keyword.internal.WebUIKeywordMain.runKeyword(WebUIKeywordMain.groovy:20)
	at com.kms.katalon.core.webui.keyword.builtin.VerifyElementPresentKeyword.verifyElementPresent(VerifyElementPresentKeyword.groovy:92)
	at com.kms.katalon.core.webui.keyword.builtin.VerifyElementPresentKeyword.execute(VerifyElementPresentKeyword.groovy:68)
	at com.kms.katalon.core.keyword.internal.KeywordExecutor.executeKeywordForPlatform(KeywordExecutor.groovy:74)
	at com.kms.katalon.core.webui.keyword.WebUiBuiltInKeywords.verifyElementPresent(WebUiBuiltInKeywords.groovy:1503)
	at Script1719299571342.GetAllPAOData(Script1719299571342.groovy:862)
	at Script1719299571342.run(Script1719299571342.groovy:362)
	... 15 more
)

02-12-2024T02:37:11 - [MESSAGE][WARNING] - Test object with id 'Object Repository/Выполнение бизнес-плана/Выполнение бизнес-плана Балансы/Таблица Итого-Факт' does not exist

02-12-2024T02:37:11 - [MESSAGE][WARNING] - Test object with id 'Object Repository/' does not exist

02-12-2024T02:37:11 - [MESSAGE][FAILED] - Unable to verify object is present (Root cause: com.kms.katalon.core.exception.StepFailedException: Unable to verify object is present
	at com.kms.katalon.core.webui.keyword.internal.WebUIKeywordMain.stepFailed(WebUIKeywordMain.groovy:64)
	at com.kms.katalon.core.webui.keyword.internal.WebUIKeywordMain.runKeyword(WebUIKeywordMain.groovy:26)
	at com.kms.katalon.core.webui.keyword.builtin.VerifyElementPresentKeyword.verifyElementPresent(VerifyElementPresentKeyword.groovy:92)
	at com.kms.katalon.core.webui.keyword.builtin.VerifyElementPresentKeyword.execute(VerifyElementPresentKeyword.groovy:68)
	at com.kms.katalon.core.keyword.internal.KeywordExecutor.executeKeywordForPlatform(KeywordExecutor.groovy:74)
	at com.kms.katalon.core.webui.keyword.WebUiBuiltInKeywords.verifyElementPresent(WebUiBuiltInKeywords.groovy:1503)
	at Выполнение бизнес-плана сверка дашбордов.GetAllPAOData(Выполнение бизнес-плана сверка дашбордов:862)
	at Выполнение бизнес-плана сверка дашбордов.run(Выполнение бизнес-плана сверка дашбордов:362)
	at com.kms.katalon.core.main.ScriptEngine.run(ScriptEngine.java:194)
	at com.kms.katalon.core.main.ScriptEngine.runScriptAsRawText(ScriptEngine.java:119)
	at com.kms.katalon.core.main.TestCaseExecutor.runScript(TestCaseExecutor.java:448)
	at com.kms.katalon.core.main.TestCaseExecutor.doExecute(TestCaseExecutor.java:439)
	at com.kms.katalon.core.main.TestCaseExecutor.processExecutionPhase(TestCaseExecutor.java:418)
	at com.kms.katalon.core.main.TestCaseExecutor.accessMainPhase(TestCaseExecutor.java:410)
	at com.kms.katalon.core.main.TestCaseExecutor.execute(TestCaseExecutor.java:285)
	at com.kms.katalon.core.common.CommonExecutor.accessTestCaseMainPhase(CommonExecutor.java:65)
	at com.kms.katalon.core.main.TestSuiteExecutor.accessTestSuiteMainPhase(TestSuiteExecutor.java:150)
	at com.kms.katalon.core.main.TestSuiteExecutor.execute(TestSuiteExecutor.java:106)
	at com.kms.katalon.core.main.TestCaseMain.startTestSuite(TestCaseMain.java:180)
	at TempTestSuite1733095732962.run(TempTestSuite1733095732962.groovy:35)
	at java.base/jdk.internal.reflect.NativeMethodAccessorImpl.invoke0(Native Method)
	at java.base/jdk.internal.reflect.NativeMethodAccessorImpl.invoke(NativeMethodAccessorImpl.java:77)
	at java.base/jdk.internal.reflect.DelegatingMethodAccessorImpl.invoke(DelegatingMethodAccessorImpl.java:43)
Caused by: java.lang.IllegalArgumentException: Object is null
	at com.kms.katalon.core.helper.KeywordHelper.checkTestObjectParameter(KeywordHelper.java:33)
	at com.kms.katalon.core.webui.keyword.builtin.VerifyElementPresentKeyword$_verifyElementPresent_closure1.doCall(VerifyElementPresentKeyword.groovy:76)
	at com.kms.katalon.core.webui.keyword.builtin.VerifyElementPresentKeyword$_verifyElementPresent_closure1.call(VerifyElementPresentKeyword.groovy)
	at com.kms.katalon.core.webui.keyword.internal.WebUIKeywordMain.runKeyword(WebUIKeywordMain.groovy:20)
	at com.kms.katalon.core.webui.keyword.builtin.VerifyElementPresentKeyword.verifyElementPresent(VerifyElementPresentKeyword.groovy:92)
	at com.kms.katalon.core.webui.keyword.builtin.VerifyElementPresentKeyword.execute(VerifyElementPresentKeyword.groovy:68)
	at com.kms.katalon.core.keyword.internal.KeywordExecutor.executeKeywordForPlatform(KeywordExecutor.groovy:74)
	at com.kms.katalon.core.webui.keyword.WebUiBuiltInKeywords.verifyElementPresent(WebUiBuiltInKeywords.groovy:1503)
	at Script1719299571342.GetAllPAOData(Script1719299571342.groovy:862)
	at Script1719299571342.run(Script1719299571342.groovy:362)
	... 15 more
)
[[ATTACHMENT|C:\\Users\\LIAZGINA-DI\\git\\SPORU\\Reports\\20241202_022852\\\u041F\u043D-\u0421\u0440-\u041F\u0442\\\u0421\u0432\u0435\u0440\u043A\u0430 \u0434\u0430\u0448\u0431\u043E\u0440\u0434\u043E\u0432 \u0438\u0437 \u0440\u0430\u0437\u043D\u044B\u0445 \u0431\u043B\u043E\u043A\u043E\u0432\\20241202_022852\\1733096231106.png]]

02-12-2024T02:37:11 - [TEST_STEP][PASSED] - else: null

02-12-2024T02:37:11 - [TEST_STEP][PASSED] - z = getText(findTestObject(path + "Факт Отпуск в сеть за отчётный период ПАО Россети")).replaceAll("\s+", ""): Text of object 'Object Repository/Выполнение бизнес-плана/Выполнение бизнес-плана Балансы/Факт Отпуск в сеть за отчётный период ПАО Россети' is: '505 792 902'

02-12-2024T02:37:11 - [MESSAGE][PASSED] - Text of object 'Object Repository/Выполнение бизнес-плана/Выполнение бизнес-плана Балансы/Факт Отпуск в сеть за отчётный период ПАО Россети' is: '505 792 902'

02-12-2024T02:37:11 - [TEST_STEP][PASSED] - x = x + "/" + z: null

02-12-2024T02:37:11 - [TEST_STEP][PASSED] - z = getText(findTestObject(path + "Факт Отпуск из сети за отчётный период ПАО Россети")).replaceAll("\s+", ""): Text of object 'Object Repository/Выполнение бизнес-плана/Выполнение бизнес-плана Балансы/Факт Отпуск из сети за отчётный период ПАО Россети' is: '466 342 021'

02-12-2024T02:37:11 - [MESSAGE][PASSED] - Text of object 'Object Repository/Выполнение бизнес-плана/Выполнение бизнес-плана Балансы/Факт Отпуск из сети за отчётный период ПАО Россети' is: '466 342 021'

02-12-2024T02:37:11 - [TEST_STEP][PASSED] - x = x + "/" + z: null

02-12-2024T02:37:11 - [TEST_STEP][PASSED] - z = getText(findTestObject(path + "Факт Потери за отчётный период ПАО Россети")).replaceAll("\s+", ""): Text of object 'Object Repository/Выполнение бизнес-плана/Выполнение бизнес-плана Балансы/Факт Потери за отчётный период ПАО Россети' is: '39 450 881'

02-12-2024T02:37:12 - [MESSAGE][PASSED] - Text of object 'Object Repository/Выполнение бизнес-плана/Выполнение бизнес-плана Балансы/Факт Потери за отчётный период ПАО Россети' is: '39 450 881'

02-12-2024T02:37:12 - [TEST_STEP][PASSED] - x = x + "/" + z: null

02-12-2024T02:37:12 - [TEST_STEP][PASSED] - z = getText(findTestObject(path + "План Отпуск в сеть за отчётный период ПАО Россети")).replaceAll("\s+", ""): Text of object 'Object Repository/Выполнение бизнес-плана/Выполнение бизнес-плана Балансы/План Отпуск в сеть за отчётный период ПАО Россети' is: '990 453 279'

02-12-2024T02:37:12 - [MESSAGE][PASSED] - Text of object 'Object Repository/Выполнение бизнес-плана/Выполнение бизнес-плана Балансы/План Отпуск в сеть за отчётный период ПАО Россети' is: '990 453 279'

02-12-2024T02:37:12 - [TEST_STEP][PASSED] - x = x + "/" + z: null

02-12-2024T02:37:12 - [TEST_STEP][PASSED] - z = getText(findTestObject(path + "План Отпуск из сети за отчётный период ПАО Россети")).replaceAll("\s+", ""): Text of object 'Object Repository/Выполнение бизнес-плана/Выполнение бизнес-плана Балансы/План Отпуск из сети за отчётный период ПАО Россети' is: '933 890 278'

02-12-2024T02:37:12 - [MESSAGE][PASSED] - Text of object 'Object Repository/Выполнение бизнес-плана/Выполнение бизнес-плана Балансы/План Отпуск из сети за отчётный период ПАО Россети' is: '933 890 278'

02-12-2024T02:37:12 - [TEST_STEP][PASSED] - x = x + "/" + z: null

02-12-2024T02:37:12 - [TEST_STEP][PASSED] - z = getText(findTestObject(path + "План Потери за отчётный период ПАО Россети")).replaceAll("\s+", ""): Text of object 'Object Repository/Выполнение бизнес-плана/Выполнение бизнес-плана Балансы/План Потери за отчётный период ПАО Россети' is: '56 563 000'

02-12-2024T02:37:13 - [MESSAGE][PASSED] - Text of object 'Object Repository/Выполнение бизнес-плана/Выполнение бизнес-плана Балансы/План Потери за отчётный период ПАО Россети' is: '56 563 000'

02-12-2024T02:37:13 - [TEST_STEP][PASSED] - x = x + "/" + z: null

02-12-2024T02:37:13 - [TEST_STEP][PASSED] - return x: null

02-12-2024T02:37:13 - [TEST_STEP][PASSED] - println("pRB: " + pRB): null

02-12-2024T02:37:13 - [TEST_STEP][PASSED] - VseDZO = getText(findTestObject(path + "Список ДЗО")): Text of object 'Object Repository/Выполнение бизнес-плана/Выполнение бизнес-плана Балансы/Список ДЗО' is: '-0.21
-0.07
3.72
-0.38
-0.53
0.09
0.09
3.84
-0.41
-0.05
-0.01
0.15
-0.11
-0.50
-0.27
-0.45
-0.05
Россети ФСКЕЭС
АО«Тываэнерго»
АО«Чеченэнерго»
РоссетиВолга
РоссетиКубань
РоссетиЛенэнерго(ГК)
РоссетиМосковскийрегион
РоссетиСеверныйКавказ
РоссетиСеверо-Запад
РоссетиСибирь
РоссетиТомск
РоссетиТюмень
Россети Урал(ГК)
РоссетиЦентр (ГК)
РоссетиЦентр иПриволжье(ГК)
Россети Юг(ГК)
РоссетиЯнтарь
0
2
4
6
-2
8'

02-12-2024T02:37:13 - [MESSAGE][PASSED] - Text of object 'Object Repository/Выполнение бизнес-плана/Выполнение бизнес-плана Балансы/Список ДЗО' is: '-0.21
-0.07
3.72
-0.38
-0.53
0.09
0.09
3.84
-0.41
-0.05
-0.01
0.15
-0.11
-0.50
-0.27
-0.45
-0.05
Россети ФСКЕЭС
АО«Тываэнерго»
АО«Чеченэнерго»
РоссетиВолга
РоссетиКубань
РоссетиЛенэнерго(ГК)
РоссетиМосковскийрегион
РоссетиСеверныйКавказ
РоссетиСеверо-Запад
РоссетиСибирь
РоссетиТомск
РоссетиТюмень
Россети Урал(ГК)
РоссетиЦентр (ГК)
РоссетиЦентр иПриволжье(ГК)
Россети Юг(ГК)
РоссетиЯнтарь
0
2
4
6
-2
8'

02-12-2024T02:37:13 - [TEST_STEP][PASSED] - dZONum = 0: null

02-12-2024T02:37:13 - [TEST_STEP][PASSED] - i = VseDZO.indexOf("ЕЭС"): null

02-12-2024T02:37:13 - [TEST_STEP][PASSED] - if (i > -1): null

02-12-2024T02:37:13 - [TEST_STEP][PASSED] - dZONum = dZONum + 1: null

02-12-2024T02:37:13 - [TEST_STEP][PASSED] - fB = GetAllData(path, dZONum, VseDZO, x = "Россети ФСК ЕЭС/"): null

02-12-2024T02:37:13 - [TEST_STEP][PASSED] - ii = <not implemented yet for class: org.codehaus.groovy.ast.expr.EmptyExpression>: null

02-12-2024T02:37:13 - [TEST_STEP][PASSED] - i1 = <not implemented yet for class: org.codehaus.groovy.ast.expr.EmptyExpression>: null

02-12-2024T02:37:13 - [TEST_STEP][PASSED] - z = <not implemented yet for class: org.codehaus.groovy.ast.expr.EmptyExpression>: null

02-12-2024T02:37:13 - [TEST_STEP][PASSED] - path2 = "Значения со страницы Выполнение бизнес-плана/Table Data/": null

02-12-2024T02:37:13 - [TEST_STEP][PASSED] - println("path: " + path): null

02-12-2024T02:37:13 - [TEST_STEP][PASSED] - println("dZONum: " + dZONum): null

02-12-2024T02:37:13 - [TEST_STEP][PASSED] - z = getText(findTestObject(path + "spanPlan" + dZONum)): Text of object 'Object Repository/Выполнение бизнес-плана/Выполнение бизнес-плана Балансы/spanPlan1' is: '3.86
|'

02-12-2024T02:37:13 - [MESSAGE][PASSED] - Text of object 'Object Repository/Выполнение бизнес-плана/Выполнение бизнес-плана Балансы/spanPlan1' is: '3.86
|'

02-12-2024T02:37:13 - [TEST_STEP][PASSED] - println(z): null

02-12-2024T02:37:13 - [TEST_STEP][PASSED] - ii = z.indexOf("|"): null

02-12-2024T02:37:13 - [TEST_STEP][PASSED] - if (ii > -1): null

02-12-2024T02:37:13 - [TEST_STEP][PASSED] - z = z.substring(0, z.length() - 1): null

02-12-2024T02:37:13 - [TEST_STEP][PASSED] - println(z): null

02-12-2024T02:37:13 - [TEST_STEP][PASSED] - z = z.replaceAll("\s+", ""): null

02-12-2024T02:37:13 - [TEST_STEP][PASSED] - z = z.replace("[\r?
|
]", "/"): null

02-12-2024T02:37:13 - [TEST_STEP][PASSED] - println(z): null

02-12-2024T02:37:13 - [TEST_STEP][PASSED] - x = x + z: null

02-12-2024T02:37:13 - [TEST_STEP][PASSED] - z = getText(findTestObject(path + "spanFact" + dZONum)): Text of object 'Object Repository/Выполнение бизнес-плана/Выполнение бизнес-плана Балансы/spanFact1' is: '3.65'

02-12-2024T02:37:13 - [MESSAGE][PASSED] - Text of object 'Object Repository/Выполнение бизнес-плана/Выполнение бизнес-плана Балансы/spanFact1' is: '3.65'

02-12-2024T02:37:13 - [TEST_STEP][PASSED] - ii = z.indexOf("|"): null

02-12-2024T02:37:13 - [TEST_STEP][PASSED] - if (ii > -1): null

02-12-2024T02:37:13 - [TEST_STEP][PASSED] - x = x + "/" + z: null

02-12-2024T02:37:13 - [TEST_STEP][PASSED] - z = getText(findTestObject(path + path2 + "Факт Отпуск в сеть за отчётный период " + dZONum)).replaceAll("\s+", ""): Text of object 'Object Repository/Выполнение бизнес-плана/Выполнение бизнес-плана Балансы/Значения со страницы Выполнение бизнес-плана/Table Data/Факт Отпуск в сеть за отчётный период 1' is: '515 451 879'

02-12-2024T02:37:14 - [MESSAGE][PASSED] - Text of object 'Object Repository/Выполнение бизнес-плана/Выполнение бизнес-плана Балансы/Значения со страницы Выполнение бизнес-плана/Table Data/Факт Отпуск в сеть за отчётный период 1' is: '515 451 879'

02-12-2024T02:37:14 - [TEST_STEP][PASSED] - x = x + "/" + z: null

02-12-2024T02:37:14 - [TEST_STEP][PASSED] - z = getText(findTestObject(path + path2 + "Факт Отпуск из сети за отчётный период " + dZONum)).replaceAll("\s+", ""): Text of object 'Object Repository/Выполнение бизнес-плана/Выполнение бизнес-плана Балансы/Значения со страницы Выполнение бизнес-плана/Table Data/Факт Отпуск из сети за отчётный период 1' is: '497 290 886'

02-12-2024T02:37:14 - [MESSAGE][PASSED] - Text of object 'Object Repository/Выполнение бизнес-плана/Выполнение бизнес-плана Балансы/Значения со страницы Выполнение бизнес-плана/Table Data/Факт Отпуск из сети за отчётный период 1' is: '497 290 886'

02-12-2024T02:37:14 - [TEST_STEP][PASSED] - x = x + "/" + z: null

02-12-2024T02:37:14 - [TEST_STEP][PASSED] - z = getText(findTestObject(path + path2 + "Факт Потери за отчётный период " + dZONum)).replaceAll("\s+", ""): Text of object 'Object Repository/Выполнение бизнес-плана/Выполнение бизнес-плана Балансы/Значения со страницы Выполнение бизнес-плана/Table Data/Факт Потери за отчётный период 1' is: '18 160 993'

02-12-2024T02:37:14 - [MESSAGE][PASSED] - Text of object 'Object Repository/Выполнение бизнес-плана/Выполнение бизнес-плана Балансы/Значения со страницы Выполнение бизнес-плана/Table Data/Факт Потери за отчётный период 1' is: '18 160 993'

02-12-2024T02:37:14 - [TEST_STEP][PASSED] - x = x + "/" + z: null

02-12-2024T02:37:14 - [TEST_STEP][PASSED] - z = getText(findTestObject(path + path2 + "План Отпуск в сеть за отчётный период " + dZONum)).replaceAll("\s+", ""): Text of object 'Object Repository/Выполнение бизнес-плана/Выполнение бизнес-плана Балансы/Значения со страницы Выполнение бизнес-плана/Table Data/План Отпуск в сеть за отчётный период 1' is: '500 569 809'

02-12-2024T02:37:15 - [MESSAGE][PASSED] - Text of object 'Object Repository/Выполнение бизнес-плана/Выполнение бизнес-плана Балансы/Значения со страницы Выполнение бизнес-плана/Table Data/План Отпуск в сеть за отчётный период 1' is: '500 569 809'

02-12-2024T02:37:15 - [TEST_STEP][PASSED] - x = x + "/" + z: null

02-12-2024T02:37:15 - [TEST_STEP][PASSED] - z = getText(findTestObject(path + path2 + "План Отпуск из сети за отчётный период " + dZONum)).replaceAll("\s+", ""): Text of object 'Object Repository/Выполнение бизнес-плана/Выполнение бизнес-плана Балансы/Значения со страницы Выполнение бизнес-плана/Table Data/План Отпуск из сети за отчётный период 1' is: '481 951 765'

02-12-2024T02:37:15 - [MESSAGE][PASSED] - Text of object 'Object Repository/Выполнение бизнес-плана/Выполнение бизнес-плана Балансы/Значения со страницы Выполнение бизнес-плана/Table Data/План Отпуск из сети за отчётный период 1' is: '481 951 765'

02-12-2024T02:37:15 - [TEST_STEP][PASSED] - x = x + "/" + z: null

02-12-2024T02:37:15 - [TEST_STEP][PASSED] - z = getText(findTestObject(path + path2 + "План Потери за отчётный период " + dZONum)).replaceAll("\s+", ""): Text of object 'Object Repository/Выполнение бизнес-плана/Выполнение бизнес-плана Балансы/Значения со страницы Выполнение бизнес-плана/Table Data/План Потери за отчётный период 1' is: '18 618 044'

02-12-2024T02:37:15 - [MESSAGE][PASSED] - Text of object 'Object Repository/Выполнение бизнес-плана/Выполнение бизнес-плана Балансы/Значения со страницы Выполнение бизнес-плана/Table Data/План Потери за отчётный период 1' is: '18 618 044'

02-12-2024T02:37:15 - [TEST_STEP][PASSED] - x = x + "/" + z: null

02-12-2024T02:37:15 - [TEST_STEP][PASSED] - z = getText(findTestObject(path + "Список ДЗО")).replaceAll("[\r?
|
]", "/"): Text of object 'Object Repository/Выполнение бизнес-плана/Выполнение бизнес-плана Балансы/Список ДЗО' is: '-0.21
-0.07
3.72
-0.38
-0.53
0.09
0.09
3.84
-0.41
-0.05
-0.01
0.15
-0.11
-0.50
-0.27
-0.45
-0.05
Россети ФСКЕЭС
АО«Тываэнерго»
АО«Чеченэнерго»
РоссетиВолга
РоссетиКубань
РоссетиЛенэнерго(ГК)
РоссетиМосковскийрегион
РоссетиСеверныйКавказ
РоссетиСеверо-Запад
РоссетиСибирь
РоссетиТомск
РоссетиТюмень
Россети Урал(ГК)
РоссетиЦентр (ГК)
РоссетиЦентр иПриволжье(ГК)
Россети Юг(ГК)
РоссетиЯнтарь
0
2
4
6
-2
8'

02-12-2024T02:37:16 - [MESSAGE][PASSED] - Text of object 'Object Repository/Выполнение бизнес-плана/Выполнение бизнес-плана Балансы/Список ДЗО' is: '-0.21
-0.07
3.72
-0.38
-0.53
0.09
0.09
3.84
-0.41
-0.05
-0.01
0.15
-0.11
-0.50
-0.27
-0.45
-0.05
Россети ФСКЕЭС
АО«Тываэнерго»
АО«Чеченэнерго»
РоссетиВолга
РоссетиКубань
РоссетиЛенэнерго(ГК)
РоссетиМосковскийрегион
РоссетиСеверныйКавказ
РоссетиСеверо-Запад
РоссетиСибирь
РоссетиТомск
РоссетиТюмень
Россети Урал(ГК)
РоссетиЦентр (ГК)
РоссетиЦентр иПриволжье(ГК)
Россети Юг(ГК)
РоссетиЯнтарь
0
2
4
6
-2
8'

02-12-2024T02:37:16 - [TEST_STEP][PASSED] - for ([ii = 1, ii < dZONum, (ii++)]): null

02-12-2024T02:37:16 - [TEST_STEP][PASSED] - i1 = z.indexOf("/"): null

02-12-2024T02:37:16 - [TEST_STEP][PASSED] - if (i1 > -1): null

02-12-2024T02:37:16 - [TEST_STEP][PASSED] - z = z.substring(0, i1): null

02-12-2024T02:37:16 - [TEST_STEP][PASSED] - z = z.replace(",", "."): null

02-12-2024T02:37:16 - [TEST_STEP][PASSED] - println(z): null

02-12-2024T02:37:16 - [TEST_STEP][PASSED] - x = x + "/" + z: null

02-12-2024T02:37:16 - [TEST_STEP][PASSED] - x = x.replaceAll("[\r?
|
]", ""): null

02-12-2024T02:37:16 - [TEST_STEP][PASSED] - println(x): null

02-12-2024T02:37:16 - [TEST_STEP][PASSED] - return x: null

02-12-2024T02:37:16 - [TEST_STEP][PASSED] - println("fB: " + fB): null

02-12-2024T02:37:16 - [TEST_STEP][PASSED] - i = VseDZO.indexOf("Тываэнерго"): null

02-12-2024T02:37:16 - [TEST_STEP][PASSED] - if (i > -1): null

02-12-2024T02:37:16 - [TEST_STEP][PASSED] - dZONum = dZONum + 1: null

02-12-2024T02:37:16 - [TEST_STEP][PASSED] - tyB = GetAllData(path, dZONum, VseDZO, x = "АО "Тываэнерго"/"): null

02-12-2024T02:37:16 - [TEST_STEP][PASSED] - ii = <not implemented yet for class: org.codehaus.groovy.ast.expr.EmptyExpression>: null

02-12-2024T02:37:16 - [TEST_STEP][PASSED] - i1 = <not implemented yet for class: org.codehaus.groovy.ast.expr.EmptyExpression>: null

02-12-2024T02:37:16 - [TEST_STEP][PASSED] - z = <not implemented yet for class: org.codehaus.groovy.ast.expr.EmptyExpression>: null

02-12-2024T02:37:16 - [TEST_STEP][PASSED] - path2 = "Значения со страницы Выполнение бизнес-плана/Table Data/": null

02-12-2024T02:37:16 - [TEST_STEP][PASSED] - println("path: " + path): null

02-12-2024T02:37:16 - [TEST_STEP][PASSED] - println("dZONum: " + dZONum): null

02-12-2024T02:37:16 - [TEST_STEP][PASSED] - z = getText(findTestObject(path + "spanPlan" + dZONum)): Text of object 'Object Repository/Выполнение бизнес-плана/Выполнение бизнес-плана Балансы/spanPlan2' is: '21.03
|'

02-12-2024T02:37:16 - [MESSAGE][PASSED] - Text of object 'Object Repository/Выполнение бизнес-плана/Выполнение бизнес-плана Балансы/spanPlan2' is: '21.03
|'

02-12-2024T02:37:16 - [TEST_STEP][PASSED] - println(z): null

02-12-2024T02:37:16 - [TEST_STEP][PASSED] - ii = z.indexOf("|"): null

02-12-2024T02:37:16 - [TEST_STEP][PASSED] - if (ii > -1): null

02-12-2024T02:37:16 - [TEST_STEP][PASSED] - z = z.substring(0, z.length() - 1): null

02-12-2024T02:37:16 - [TEST_STEP][PASSED] - println(z): null

02-12-2024T02:37:16 - [TEST_STEP][PASSED] - z = z.replaceAll("\s+", ""): null

02-12-2024T02:37:16 - [TEST_STEP][PASSED] - z = z.replace("[\r?
|
]", "/"): null

02-12-2024T02:37:16 - [TEST_STEP][PASSED] - println(z): null

02-12-2024T02:37:16 - [TEST_STEP][PASSED] - x = x + z: null

02-12-2024T02:37:16 - [TEST_STEP][PASSED] - z = getText(findTestObject(path + "spanFact" + dZONum)): Text of object 'Object Repository/Выполнение бизнес-плана/Выполнение бизнес-плана Балансы/spanFact2' is: '20.96'

02-12-2024T02:37:16 - [MESSAGE][PASSED] - Text of object 'Object Repository/Выполнение бизнес-плана/Выполнение бизнес-плана Балансы/spanFact2' is: '20.96'

02-12-2024T02:37:16 - [TEST_STEP][PASSED] - ii = z.indexOf("|"): null

02-12-2024T02:37:16 - [TEST_STEP][PASSED] - if (ii > -1): null

02-12-2024T02:37:16 - [TEST_STEP][PASSED] - x = x + "/" + z: null

02-12-2024T02:37:16 - [TEST_STEP][PASSED] - z = getText(findTestObject(path + path2 + "Факт Отпуск в сеть за отчётный период " + dZONum)).replaceAll("\s+", ""): Text of object 'Object Repository/Выполнение бизнес-плана/Выполнение бизнес-плана Балансы/Значения со страницы Выполнение бизнес-плана/Table Data/Факт Отпуск в сеть за отчётный период 2' is: '572 217'

02-12-2024T02:37:17 - [MESSAGE][PASSED] - Text of object 'Object Repository/Выполнение бизнес-плана/Выполнение бизнес-плана Балансы/Значения со страницы Выполнение бизнес-плана/Table Data/Факт Отпуск в сеть за отчётный период 2' is: '572 217'

02-12-2024T02:37:17 - [TEST_STEP][PASSED] - x = x + "/" + z: null

02-12-2024T02:37:17 - [TEST_STEP][PASSED] - z = getText(findTestObject(path + path2 + "Факт Отпуск из сети за отчётный период " + dZONum)).replaceAll("\s+", ""): Text of object 'Object Repository/Выполнение бизнес-плана/Выполнение бизнес-плана Балансы/Значения со страницы Выполнение бизнес-плана/Table Data/Факт Отпуск из сети за отчётный период 2' is: '452 291'

02-12-2024T02:37:17 - [MESSAGE][PASSED] - Text of object 'Object Repository/Выполнение бизнес-плана/Выполнение бизнес-плана Балансы/Значения со страницы Выполнение бизнес-плана/Table Data/Факт Отпуск из сети за отчётный период 2' is: '452 291'

02-12-2024T02:37:17 - [TEST_STEP][PASSED] - x = x + "/" + z: null

02-12-2024T02:37:17 - [TEST_STEP][PASSED] - z = getText(findTestObject(path + path2 + "Факт Потери за отчётный период " + dZONum)).replaceAll("\s+", ""): Text of object 'Object Repository/Выполнение бизнес-плана/Выполнение бизнес-плана Балансы/Значения со страницы Выполнение бизнес-плана/Table Data/Факт Потери за отчётный период 2' is: '119 926'

02-12-2024T02:37:17 - [MESSAGE][PASSED] - Text of object 'Object Repository/Выполнение бизнес-плана/Выполнение бизнес-плана Балансы/Значения со страницы Выполнение бизнес-плана/Table Data/Факт Потери за отчётный период 2' is: '119 926'

02-12-2024T02:37:17 - [TEST_STEP][PASSED] - x = x + "/" + z: null

02-12-2024T02:37:17 - [TEST_STEP][PASSED] - z = getText(findTestObject(path + path2 + "План Отпуск в сеть за отчётный период " + dZONum)).replaceAll("\s+", ""): Text of object 'Object Repository/Выполнение бизнес-плана/Выполнение бизнес-плана Балансы/Значения со страницы Выполнение бизнес-плана/Table Data/План Отпуск в сеть за отчётный период 2' is: '544 127'

02-12-2024T02:37:17 - [MESSAGE][PASSED] - Text of object 'Object Repository/Выполнение бизнес-плана/Выполнение бизнес-плана Балансы/Значения со страницы Выполнение бизнес-плана/Table Data/План Отпуск в сеть за отчётный период 2' is: '544 127'

02-12-2024T02:37:17 - [TEST_STEP][PASSED] - x = x + "/" + z: null

02-12-2024T02:37:17 - [TEST_STEP][PASSED] - z = getText(findTestObject(path + path2 + "План Отпуск из сети за отчётный период " + dZONum)).replaceAll("\s+", ""): Text of object 'Object Repository/Выполнение бизнес-плана/Выполнение бизнес-плана Балансы/Значения со страницы Выполнение бизнес-плана/Table Data/План Отпуск из сети за отчётный период 2' is: '429 681'

02-12-2024T02:37:18 - [MESSAGE][PASSED] - Text of object 'Object Repository/Выполнение бизнес-плана/Выполнение бизнес-плана Балансы/Значения со страницы Выполнение бизнес-плана/Table Data/План Отпуск из сети за отчётный период 2' is: '429 681'

02-12-2024T02:37:18 - [TEST_STEP][PASSED] - x = x + "/" + z: null

02-12-2024T02:37:18 - [TEST_STEP][PASSED] - z = getText(findTestObject(path + path2 + "План Потери за отчётный период " + dZONum)).replaceAll("\s+", ""): Text of object 'Object Repository/Выполнение бизнес-плана/Выполнение бизнес-плана Балансы/Значения со страницы Выполнение бизнес-плана/Table Data/План Потери за отчётный период 2' is: '114 446'

02-12-2024T02:37:18 - [MESSAGE][PASSED] - Text of object 'Object Repository/Выполнение бизнес-плана/Выполнение бизнес-плана Балансы/Значения со страницы Выполнение бизнес-плана/Table Data/План Потери за отчётный период 2' is: '114 446'

02-12-2024T02:37:18 - [TEST_STEP][PASSED] - x = x + "/" + z: null

02-12-2024T02:37:18 - [TEST_STEP][PASSED] - z = getText(findTestObject(path + "Список ДЗО")).replaceAll("[\r?
|
]", "/"): Text of object 'Object Repository/Выполнение бизнес-плана/Выполнение бизнес-плана Балансы/Список ДЗО' is: '-0.21
-0.07
3.72
-0.38
-0.53
0.09
0.09
3.84
-0.41
-0.05
-0.01
0.15
-0.11
-0.50
-0.27
-0.45
-0.05
Россети ФСКЕЭС
АО«Тываэнерго»
АО«Чеченэнерго»
РоссетиВолга
РоссетиКубань
РоссетиЛенэнерго(ГК)
РоссетиМосковскийрегион
РоссетиСеверныйКавказ
РоссетиСеверо-Запад
РоссетиСибирь
РоссетиТомск
РоссетиТюмень
Россети Урал(ГК)
РоссетиЦентр (ГК)
РоссетиЦентр иПриволжье(ГК)
Россети Юг(ГК)
РоссетиЯнтарь
0
2
4
6
-2
8'

02-12-2024T02:37:18 - [MESSAGE][PASSED] - Text of object 'Object Repository/Выполнение бизнес-плана/Выполнение бизнес-плана Балансы/Список ДЗО' is: '-0.21
-0.07
3.72
-0.38
-0.53
0.09
0.09
3.84
-0.41
-0.05
-0.01
0.15
-0.11
-0.50
-0.27
-0.45
-0.05
Россети ФСКЕЭС
АО«Тываэнерго»
АО«Чеченэнерго»
РоссетиВолга
РоссетиКубань
РоссетиЛенэнерго(ГК)
РоссетиМосковскийрегион
РоссетиСеверныйКавказ
РоссетиСеверо-Запад
РоссетиСибирь
РоссетиТомск
РоссетиТюмень
Россети Урал(ГК)
РоссетиЦентр (ГК)
РоссетиЦентр иПриволжье(ГК)
Россети Юг(ГК)
РоссетиЯнтарь
0
2
4
6
-2
8'

02-12-2024T02:37:18 - [TEST_STEP][PASSED] - for ([ii = 1, ii < dZONum, (ii++)]): null

02-12-2024T02:37:18 - [TEST_STEP][PASSED] - i1 = z.indexOf("/") + 1: null

02-12-2024T02:37:18 - [TEST_STEP][PASSED] - if (i1 > -1): null

02-12-2024T02:37:18 - [TEST_STEP][PASSED] - z = z.substring(i1, z.length()): null

02-12-2024T02:37:18 - [TEST_STEP][PASSED] - i1 = z.indexOf("/"): null

02-12-2024T02:37:18 - [TEST_STEP][PASSED] - i1 = z.indexOf("/"): null

02-12-2024T02:37:18 - [TEST_STEP][PASSED] - if (i1 > -1): null

02-12-2024T02:37:18 - [TEST_STEP][PASSED] - z = z.substring(0, i1): null

02-12-2024T02:37:18 - [TEST_STEP][PASSED] - z = z.replace(",", "."): null

02-12-2024T02:37:18 - [TEST_STEP][PASSED] - println(z): null

02-12-2024T02:37:18 - [TEST_STEP][PASSED] - x = x + "/" + z: null

02-12-2024T02:37:18 - [TEST_STEP][PASSED] - x = x.replaceAll("[\r?
|
]", ""): null

02-12-2024T02:37:18 - [TEST_STEP][PASSED] - println(x): null

02-12-2024T02:37:18 - [TEST_STEP][PASSED] - return x: null

02-12-2024T02:37:18 - [TEST_STEP][PASSED] - println("tyB: " + tyB): null

02-12-2024T02:37:18 - [TEST_STEP][PASSED] - i = VseDZO.indexOf("Чеченэнерго"): null

02-12-2024T02:37:18 - [TEST_STEP][PASSED] - if (i > -1): null

02-12-2024T02:37:18 - [TEST_STEP][PASSED] - dZONum = dZONum + 1: null

02-12-2024T02:37:18 - [TEST_STEP][PASSED] - chB = GetAllData(path, dZONum, VseDZO, x = "АО "Чеченэнерго"/"): null

02-12-2024T02:37:18 - [TEST_STEP][PASSED] - ii = <not implemented yet for class: org.codehaus.groovy.ast.expr.EmptyExpression>: null

02-12-2024T02:37:18 - [TEST_STEP][PASSED] - i1 = <not implemented yet for class: org.codehaus.groovy.ast.expr.EmptyExpression>: null

02-12-2024T02:37:18 - [TEST_STEP][PASSED] - z = <not implemented yet for class: org.codehaus.groovy.ast.expr.EmptyExpression>: null

02-12-2024T02:37:18 - [TEST_STEP][PASSED] - path2 = "Значения со страницы Выполнение бизнес-плана/Table Data/": null

02-12-2024T02:37:18 - [TEST_STEP][PASSED] - println("path: " + path): null

02-12-2024T02:37:18 - [TEST_STEP][PASSED] - println("dZONum: " + dZONum): null

02-12-2024T02:37:18 - [TEST_STEP][PASSED] - z = getText(findTestObject(path + "spanPlan" + dZONum)): Text of object 'Object Repository/Выполнение бизнес-плана/Выполнение бизнес-плана Балансы/spanPlan3' is: '32.87'

02-12-2024T02:37:19 - [MESSAGE][PASSED] - Text of object 'Object Repository/Выполнение бизнес-плана/Выполнение бизнес-плана Балансы/spanPlan3' is: '32.87'

02-12-2024T02:37:19 - [TEST_STEP][PASSED] - println(z): null

02-12-2024T02:37:19 - [TEST_STEP][PASSED] - ii = z.indexOf("|"): null

02-12-2024T02:37:19 - [TEST_STEP][PASSED] - if (ii > -1): null

02-12-2024T02:37:19 - [TEST_STEP][PASSED] - z = z.replaceAll("\s+", ""): null

02-12-2024T02:37:19 - [TEST_STEP][PASSED] - z = z.replace("[\r?
|
]", "/"): null

02-12-2024T02:37:19 - [TEST_STEP][PASSED] - println(z): null

02-12-2024T02:37:19 - [TEST_STEP][PASSED] - x = x + z: null

02-12-2024T02:37:19 - [TEST_STEP][PASSED] - z = getText(findTestObject(path + "spanFact" + dZONum)): Text of object 'Object Repository/Выполнение бизнес-плана/Выполнение бизнес-плана Балансы/spanFact3' is: '36.59
|'

02-12-2024T02:37:19 - [MESSAGE][PASSED] - Text of object 'Object Repository/Выполнение бизнес-плана/Выполнение бизнес-плана Балансы/spanFact3' is: '36.59
|'

02-12-2024T02:37:19 - [TEST_STEP][PASSED] - ii = z.indexOf("|"): null

02-12-2024T02:37:19 - [TEST_STEP][PASSED] - if (ii > -1): null

02-12-2024T02:37:19 - [TEST_STEP][PASSED] - z = length() - 1).replace("[\r?
|
]", "/"): null

02-12-2024T02:37:19 - [TEST_STEP][PASSED] - x = x + "/" + z: null

02-12-2024T02:37:19 - [TEST_STEP][PASSED] - z = getText(findTestObject(path + path2 + "Факт Отпуск в сеть за отчётный период " + dZONum)).replaceAll("\s+", ""): Text of object 'Object Repository/Выполнение бизнес-плана/Выполнение бизнес-плана Балансы/Значения со страницы Выполнение бизнес-плана/Table Data/Факт Отпуск в сеть за отчётный период 3' is: '3 034 612'

02-12-2024T02:37:19 - [MESSAGE][PASSED] - Text of object 'Object Repository/Выполнение бизнес-плана/Выполнение бизнес-плана Балансы/Значения со страницы Выполнение бизнес-плана/Table Data/Факт Отпуск в сеть за отчётный период 3' is: '3 034 612'

02-12-2024T02:37:19 - [TEST_STEP][PASSED] - x = x + "/" + z: null

02-12-2024T02:37:19 - [TEST_STEP][PASSED] - z = getText(findTestObject(path + path2 + "Факт Отпуск из сети за отчётный период " + dZONum)).replaceAll("\s+", ""): Text of object 'Object Repository/Выполнение бизнес-плана/Выполнение бизнес-плана Балансы/Значения со страницы Выполнение бизнес-плана/Table Data/Факт Отпуск из сети за отчётный период 3' is: '1 924 288'

02-12-2024T02:37:20 - [MESSAGE][PASSED] - Text of object 'Object Repository/Выполнение бизнес-плана/Выполнение бизнес-плана Балансы/Значения со страницы Выполнение бизнес-плана/Table Data/Факт Отпуск из сети за отчётный период 3' is: '1 924 288'

02-12-2024T02:37:20 - [TEST_STEP][PASSED] - x = x + "/" + z: null

02-12-2024T02:37:20 - [TEST_STEP][PASSED] - z = getText(findTestObject(path + path2 + "Факт Потери за отчётный период " + dZONum)).replaceAll("\s+", ""): Text of object 'Object Repository/Выполнение бизнес-плана/Выполнение бизнес-плана Балансы/Значения со страницы Выполнение бизнес-плана/Table Data/Факт Потери за отчётный период 3' is: '1 110 325'

02-12-2024T02:37:20 - [MESSAGE][PASSED] - Text of object 'Object Repository/Выполнение бизнес-плана/Выполнение бизнес-плана Балансы/Значения со страницы Выполнение бизнес-плана/Table Data/Факт Потери за отчётный период 3' is: '1 110 325'

02-12-2024T02:37:20 - [TEST_STEP][PASSED] - x = x + "/" + z: null

02-12-2024T02:37:20 - [TEST_STEP][PASSED] - z = getText(findTestObject(path + path2 + "План Отпуск в сеть за отчётный период " + dZONum)).replaceAll("\s+", ""): Text of object 'Object Repository/Выполнение бизнес-плана/Выполнение бизнес-плана Балансы/Значения со страницы Выполнение бизнес-плана/Table Data/План Отпуск в сеть за отчётный период 3' is: '2 822 152'

02-12-2024T02:37:20 - [MESSAGE][PASSED] - Text of object 'Object Repository/Выполнение бизнес-плана/Выполнение бизнес-плана Балансы/Значения со страницы Выполнение бизнес-плана/Table Data/План Отпуск в сеть за отчётный период 3' is: '2 822 152'

02-12-2024T02:37:20 - [TEST_STEP][PASSED] - x = x + "/" + z: null

02-12-2024T02:37:20 - [TEST_STEP][PASSED] - z = getText(findTestObject(path + path2 + "План Отпуск из сети за отчётный период " + dZONum)).replaceAll("\s+", ""): Text of object 'Object Repository/Выполнение бизнес-плана/Выполнение бизнес-плана Балансы/Значения со страницы Выполнение бизнес-плана/Table Data/План Отпуск из сети за отчётный период 3' is: '1 894 447'

02-12-2024T02:37:21 - [MESSAGE][PASSED] - Text of object 'Object Repository/Выполнение бизнес-плана/Выполнение бизнес-плана Балансы/Значения со страницы Выполнение бизнес-плана/Table Data/План Отпуск из сети за отчётный период 3' is: '1 894 447'

02-12-2024T02:37:21 - [TEST_STEP][PASSED] - x = x + "/" + z: null

02-12-2024T02:37:21 - [TEST_STEP][PASSED] - z = getText(findTestObject(path + path2 + "План Потери за отчётный период " + dZONum)).replaceAll("\s+", ""): Text of object 'Object Repository/Выполнение бизнес-плана/Выполнение бизнес-плана Балансы/Значения со страницы Выполнение бизнес-плана/Table Data/План Потери за отчётный период 3' is: '927 705'

02-12-2024T02:37:21 - [MESSAGE][PASSED] - Text of object 'Object Repository/Выполнение бизнес-плана/Выполнение бизнес-плана Балансы/Значения со страницы Выполнение бизнес-плана/Table Data/План Потери за отчётный период 3' is: '927 705'

02-12-2024T02:37:21 - [TEST_STEP][PASSED] - x = x + "/" + z: null

02-12-2024T02:37:21 - [TEST_STEP][PASSED] - z = getText(findTestObject(path + "Список ДЗО")).replaceAll("[\r?
|
]", "/"): Text of object 'Object Repository/Выполнение бизнес-плана/Выполнение бизнес-плана Балансы/Список ДЗО' is: '-0.21
-0.07
3.72
-0.38
-0.53
0.09
0.09
3.84
-0.41
-0.05
-0.01
0.15
-0.11
-0.50
-0.27
-0.45
-0.05
Россети ФСКЕЭС
АО«Тываэнерго»
АО«Чеченэнерго»
РоссетиВолга
РоссетиКубань
РоссетиЛенэнерго(ГК)
РоссетиМосковскийрегион
РоссетиСеверныйКавказ
РоссетиСеверо-Запад
РоссетиСибирь
РоссетиТомск
РоссетиТюмень
Россети Урал(ГК)
РоссетиЦентр (ГК)
РоссетиЦентр иПриволжье(ГК)
Россети Юг(ГК)
РоссетиЯнтарь
0
2
4
6
-2
8'

02-12-2024T02:37:21 - [MESSAGE][PASSED] - Text of object 'Object Repository/Выполнение бизнес-плана/Выполнение бизнес-плана Балансы/Список ДЗО' is: '-0.21
-0.07
3.72
-0.38
-0.53
0.09
0.09
3.84
-0.41
-0.05
-0.01
0.15
-0.11
-0.50
-0.27
-0.45
-0.05
Россети ФСКЕЭС
АО«Тываэнерго»
АО«Чеченэнерго»
РоссетиВолга
РоссетиКубань
РоссетиЛенэнерго(ГК)
РоссетиМосковскийрегион
РоссетиСеверныйКавказ
РоссетиСеверо-Запад
РоссетиСибирь
РоссетиТомск
РоссетиТюмень
Россети Урал(ГК)
РоссетиЦентр (ГК)
РоссетиЦентр иПриволжье(ГК)
Россети Юг(ГК)
РоссетиЯнтарь
0
2
4
6
-2
8'

02-12-2024T02:37:21 - [TEST_STEP][PASSED] - for ([ii = 1, ii < dZONum, (ii++)]): null

02-12-2024T02:37:21 - [TEST_STEP][PASSED] - i1 = z.indexOf("/") + 1: null

02-12-2024T02:37:21 - [TEST_STEP][PASSED] - if (i1 > -1): null

02-12-2024T02:37:21 - [TEST_STEP][PASSED] - z = z.substring(i1, z.length()): null

02-12-2024T02:37:21 - [TEST_STEP][PASSED] - i1 = z.indexOf("/"): null

02-12-2024T02:37:21 - [TEST_STEP][PASSED] - i1 = z.indexOf("/") + 1: null

02-12-2024T02:37:21 - [TEST_STEP][PASSED] - if (i1 > -1): null

02-12-2024T02:37:21 - [TEST_STEP][PASSED] - z = z.substring(i1, z.length()): null

02-12-2024T02:37:21 - [TEST_STEP][PASSED] - i1 = z.indexOf("/"): null

02-12-2024T02:37:21 - [TEST_STEP][PASSED] - i1 = z.indexOf("/"): null

02-12-2024T02:37:21 - [TEST_STEP][PASSED] - if (i1 > -1): null

02-12-2024T02:37:21 - [TEST_STEP][PASSED] - z = z.substring(0, i1): null

02-12-2024T02:37:21 - [TEST_STEP][PASSED] - z = z.replace(",", "."): null

02-12-2024T02:37:21 - [TEST_STEP][PASSED] - println(z): null

02-12-2024T02:37:21 - [TEST_STEP][PASSED] - x = x + "/" + z: null

02-12-2024T02:37:21 - [TEST_STEP][PASSED] - x = x.replaceAll("[\r?
|
]", ""): null

02-12-2024T02:37:21 - [TEST_STEP][PASSED] - println(x): null

02-12-2024T02:37:21 - [TEST_STEP][PASSED] - return x: null

02-12-2024T02:37:21 - [TEST_STEP][PASSED] - println("chB: " + chB): null

02-12-2024T02:37:21 - [TEST_STEP][PASSED] - i = VseDZO.indexOf("Волга"): null

02-12-2024T02:37:21 - [TEST_STEP][PASSED] - if (i > -1): null

02-12-2024T02:37:21 - [TEST_STEP][PASSED] - dZONum = dZONum + 1: null

02-12-2024T02:37:21 - [TEST_STEP][PASSED] - vB = GetAllData(path, dZONum, VseDZO, x = "Россети Волга/"): null

02-12-2024T02:37:21 - [TEST_STEP][PASSED] - ii = <not implemented yet for class: org.codehaus.groovy.ast.expr.EmptyExpression>: null

02-12-2024T02:37:21 - [TEST_STEP][PASSED] - i1 = <not implemented yet for class: org.codehaus.groovy.ast.expr.EmptyExpression>: null

02-12-2024T02:37:21 - [TEST_STEP][PASSED] - z = <not implemented yet for class: org.codehaus.groovy.ast.expr.EmptyExpression>: null

02-12-2024T02:37:21 - [TEST_STEP][PASSED] - path2 = "Значения со страницы Выполнение бизнес-плана/Table Data/": null

02-12-2024T02:37:21 - [TEST_STEP][PASSED] - println("path: " + path): null

02-12-2024T02:37:21 - [TEST_STEP][PASSED] - println("dZONum: " + dZONum): null

02-12-2024T02:37:21 - [TEST_STEP][PASSED] - z = getText(findTestObject(path + "spanPlan" + dZONum)): Text of object 'Object Repository/Выполнение бизнес-плана/Выполнение бизнес-плана Балансы/spanPlan4' is: '5.43
|'

02-12-2024T02:37:22 - [MESSAGE][PASSED] - Text of object 'Object Repository/Выполнение бизнес-плана/Выполнение бизнес-плана Балансы/spanPlan4' is: '5.43
|'

02-12-2024T02:37:22 - [TEST_STEP][PASSED] - println(z): null

02-12-2024T02:37:22 - [TEST_STEP][PASSED] - ii = z.indexOf("|"): null

02-12-2024T02:37:22 - [TEST_STEP][PASSED] - if (ii > -1): null

02-12-2024T02:37:22 - [TEST_STEP][PASSED] - z = z.substring(0, z.length() - 1): null

02-12-2024T02:37:22 - [TEST_STEP][PASSED] - println(z): null

02-12-2024T02:37:22 - [TEST_STEP][PASSED] - z = z.replaceAll("\s+", ""): null

02-12-2024T02:37:22 - [TEST_STEP][PASSED] - z = z.replace("[\r?
|
]", "/"): null

02-12-2024T02:37:22 - [TEST_STEP][PASSED] - println(z): null

02-12-2024T02:37:22 - [TEST_STEP][PASSED] - x = x + z: null

02-12-2024T02:37:22 - [TEST_STEP][PASSED] - z = getText(findTestObject(path + "spanFact" + dZONum)): Text of object 'Object Repository/Выполнение бизнес-плана/Выполнение бизнес-плана Балансы/spanFact4' is: '5.05'

02-12-2024T02:37:22 - [MESSAGE][PASSED] - Text of object 'Object Repository/Выполнение бизнес-плана/Выполнение бизнес-плана Балансы/spanFact4' is: '5.05'

02-12-2024T02:37:22 - [TEST_STEP][PASSED] - ii = z.indexOf("|"): null

02-12-2024T02:37:22 - [TEST_STEP][PASSED] - if (ii > -1): null

02-12-2024T02:37:22 - [TEST_STEP][PASSED] - x = x + "/" + z: null

02-12-2024T02:37:22 - [TEST_STEP][PASSED] - z = getText(findTestObject(path + path2 + "Факт Отпуск в сеть за отчётный период " + dZONum)).replaceAll("\s+", ""): Text of object 'Object Repository/Выполнение бизнес-плана/Выполнение бизнес-плана Балансы/Значения со страницы Выполнение бизнес-плана/Table Data/Факт Отпуск в сеть за отчётный период 4' is: '44 218 047'

02-12-2024T02:37:22 - [MESSAGE][PASSED] - Text of object 'Object Repository/Выполнение бизнес-плана/Выполнение бизнес-плана Балансы/Значения со страницы Выполнение бизнес-плана/Table Data/Факт Отпуск в сеть за отчётный период 4' is: '44 218 047'

02-12-2024T02:37:22 - [TEST_STEP][PASSED] - x = x + "/" + z: null

02-12-2024T02:37:22 - [TEST_STEP][PASSED] - z = getText(findTestObject(path + path2 + "Факт Отпуск из сети за отчётный период " + dZONum)).replaceAll("\s+", ""): Text of object 'Object Repository/Выполнение бизнес-плана/Выполнение бизнес-плана Балансы/Значения со страницы Выполнение бизнес-плана/Table Data/Факт Отпуск из сети за отчётный период 4' is: '41 984 455'

02-12-2024T02:37:22 - [MESSAGE][PASSED] - Text of object 'Object Repository/Выполнение бизнес-плана/Выполнение бизнес-плана Балансы/Значения со страницы Выполнение бизнес-плана/Table Data/Факт Отпуск из сети за отчётный период 4' is: '41 984 455'

02-12-2024T02:37:22 - [TEST_STEP][PASSED] - x = x + "/" + z: null

02-12-2024T02:37:22 - [TEST_STEP][PASSED] - z = getText(findTestObject(path + path2 + "Факт Потери за отчётный период " + dZONum)).replaceAll("\s+", ""): Text of object 'Object Repository/Выполнение бизнес-плана/Выполнение бизнес-плана Балансы/Значения со страницы Выполнение бизнес-плана/Table Data/Факт Потери за отчётный период 4' is: '2 233 593'

02-12-2024T02:37:23 - [MESSAGE][PASSED] - Text of object 'Object Repository/Выполнение бизнес-плана/Выполнение бизнес-плана Балансы/Значения со страницы Выполнение бизнес-плана/Table Data/Факт Потери за отчётный период 4' is: '2 233 593'

02-12-2024T02:37:23 - [TEST_STEP][PASSED] - x = x + "/" + z: null

02-12-2024T02:37:23 - [TEST_STEP][PASSED] - z = getText(findTestObject(path + path2 + "План Отпуск в сеть за отчётный период " + dZONum)).replaceAll("\s+", ""): Text of object 'Object Repository/Выполнение бизнес-плана/Выполнение бизнес-плана Балансы/Значения со страницы Выполнение бизнес-плана/Table Data/План Отпуск в сеть за отчётный период 4' is: '43 718 080'

02-12-2024T02:37:23 - [MESSAGE][PASSED] - Text of object 'Object Repository/Выполнение бизнес-плана/Выполнение бизнес-плана Балансы/Значения со страницы Выполнение бизнес-плана/Table Data/План Отпуск в сеть за отчётный период 4' is: '43 718 080'

02-12-2024T02:37:23 - [TEST_STEP][PASSED] - x = x + "/" + z: null

02-12-2024T02:37:23 - [TEST_STEP][PASSED] - z = getText(findTestObject(path + path2 + "План Отпуск из сети за отчётный период " + dZONum)).replaceAll("\s+", ""): Text of object 'Object Repository/Выполнение бизнес-плана/Выполнение бизнес-плана Балансы/Значения со страницы Выполнение бизнес-плана/Table Data/План Отпуск из сети за отчётный период 4' is: '41 326 865'

02-12-2024T02:37:23 - [MESSAGE][PASSED] - Text of object 'Object Repository/Выполнение бизнес-плана/Выполнение бизнес-плана Балансы/Значения со страницы Выполнение бизнес-плана/Table Data/План Отпуск из сети за отчётный период 4' is: '41 326 865'

02-12-2024T02:37:23 - [TEST_STEP][PASSED] - x = x + "/" + z: null

02-12-2024T02:37:23 - [TEST_STEP][PASSED] - z = getText(findTestObject(path + path2 + "План Потери за отчётный период " + dZONum)).replaceAll("\s+", ""): Text of object 'Object Repository/Выполнение бизнес-плана/Выполнение бизнес-плана Балансы/Значения со страницы Выполнение бизнес-плана/Table Data/План Потери за отчётный период 4' is: '2 391 215'

02-12-2024T02:37:24 - [MESSAGE][PASSED] - Text of object 'Object Repository/Выполнение бизнес-плана/Выполнение бизнес-плана Балансы/Значения со страницы Выполнение бизнес-плана/Table Data/План Потери за отчётный период 4' is: '2 391 215'

02-12-2024T02:37:24 - [TEST_STEP][PASSED] - x = x + "/" + z: null

02-12-2024T02:37:24 - [TEST_STEP][PASSED] - z = getText(findTestObject(path + "Список ДЗО")).replaceAll("[\r?
|
]", "/"): Text of object 'Object Repository/Выполнение бизнес-плана/Выполнение бизнес-плана Балансы/Список ДЗО' is: '-0.21
-0.07
3.72
-0.38
-0.53
0.09
0.09
3.84
-0.41
-0.05
-0.01
0.15
-0.11
-0.50
-0.27
-0.45
-0.05
Россети ФСКЕЭС
АО«Тываэнерго»
АО«Чеченэнерго»
РоссетиВолга
РоссетиКубань
РоссетиЛенэнерго(ГК)
РоссетиМосковскийрегион
РоссетиСеверныйКавказ
РоссетиСеверо-Запад
РоссетиСибирь
РоссетиТомск
РоссетиТюмень
Россети Урал(ГК)
РоссетиЦентр (ГК)
РоссетиЦентр иПриволжье(ГК)
Россети Юг(ГК)
РоссетиЯнтарь
0
2
4
6
-2
8'

02-12-2024T02:37:24 - [MESSAGE][PASSED] - Text of object 'Object Repository/Выполнение бизнес-плана/Выполнение бизнес-плана Балансы/Список ДЗО' is: '-0.21
-0.07
3.72
-0.38
-0.53
0.09
0.09
3.84
-0.41
-0.05
-0.01
0.15
-0.11
-0.50
-0.27
-0.45
-0.05
Россети ФСКЕЭС
АО«Тываэнерго»
АО«Чеченэнерго»
РоссетиВолга
РоссетиКубань
РоссетиЛенэнерго(ГК)
РоссетиМосковскийрегион
РоссетиСеверныйКавказ
РоссетиСеверо-Запад
РоссетиСибирь
РоссетиТомск
РоссетиТюмень
Россети Урал(ГК)
РоссетиЦентр (ГК)
РоссетиЦентр иПриволжье(ГК)
Россети Юг(ГК)
РоссетиЯнтарь
0
2
4
6
-2
8'

02-12-2024T02:37:24 - [TEST_STEP][PASSED] - for ([ii = 1, ii < dZONum, (ii++)]): null

02-12-2024T02:37:24 - [TEST_STEP][PASSED] - i1 = z.indexOf("/") + 1: null

02-12-2024T02:37:24 - [TEST_STEP][PASSED] - if (i1 > -1): null

02-12-2024T02:37:24 - [TEST_STEP][PASSED] - z = z.substring(i1, z.length()): null

02-12-2024T02:37:24 - [TEST_STEP][PASSED] - i1 = z.indexOf("/"): null

02-12-2024T02:37:24 - [TEST_STEP][PASSED] - i1 = z.indexOf("/") + 1: null

02-12-2024T02:37:24 - [TEST_STEP][PASSED] - if (i1 > -1): null

02-12-2024T02:37:24 - [TEST_STEP][PASSED] - z = z.substring(i1, z.length()): null

02-12-2024T02:37:24 - [TEST_STEP][PASSED] - i1 = z.indexOf("/"): null

02-12-2024T02:37:24 - [TEST_STEP][PASSED] - i1 = z.indexOf("/") + 1: null

02-12-2024T02:37:24 - [TEST_STEP][PASSED] - if (i1 > -1): null

02-12-2024T02:37:24 - [TEST_STEP][PASSED] - z = z.substring(i1, z.length()): null

02-12-2024T02:37:24 - [TEST_STEP][PASSED] - i1 = z.indexOf("/"): null

02-12-2024T02:37:24 - [TEST_STEP][PASSED] - i1 = z.indexOf("/"): null

02-12-2024T02:37:24 - [TEST_STEP][PASSED] - if (i1 > -1): null

02-12-2024T02:37:24 - [TEST_STEP][PASSED] - z = z.substring(0, i1): null

02-12-2024T02:37:24 - [TEST_STEP][PASSED] - z = z.replace(",", "."): null

02-12-2024T02:37:24 - [TEST_STEP][PASSED] - println(z): null

02-12-2024T02:37:24 - [TEST_STEP][PASSED] - x = x + "/" + z: null

02-12-2024T02:37:24 - [TEST_STEP][PASSED] - x = x.replaceAll("[\r?
|
]", ""): null

02-12-2024T02:37:24 - [TEST_STEP][PASSED] - println(x): null

02-12-2024T02:37:24 - [TEST_STEP][PASSED] - return x: null

02-12-2024T02:37:24 - [TEST_STEP][PASSED] - println("vB: " + vB): null

02-12-2024T02:37:24 - [TEST_STEP][PASSED] - i = VseDZO.indexOf("Кубань"): null

02-12-2024T02:37:24 - [TEST_STEP][PASSED] - if (i > -1): null

02-12-2024T02:37:24 - [TEST_STEP][PASSED] - dZONum = dZONum + 1: null

02-12-2024T02:37:24 - [TEST_STEP][PASSED] - kB = GetAllData(path, dZONum, VseDZO, x = "Россети Кубань/"): null

02-12-2024T02:37:24 - [TEST_STEP][PASSED] - ii = <not implemented yet for class: org.codehaus.groovy.ast.expr.EmptyExpression>: null

02-12-2024T02:37:24 - [TEST_STEP][PASSED] - i1 = <not implemented yet for class: org.codehaus.groovy.ast.expr.EmptyExpression>: null

02-12-2024T02:37:24 - [TEST_STEP][PASSED] - z = <not implemented yet for class: org.codehaus.groovy.ast.expr.EmptyExpression>: null

02-12-2024T02:37:24 - [TEST_STEP][PASSED] - path2 = "Значения со страницы Выполнение бизнес-плана/Table Data/": null

02-12-2024T02:37:24 - [TEST_STEP][PASSED] - println("path: " + path): null

02-12-2024T02:37:24 - [TEST_STEP][PASSED] - println("dZONum: " + dZONum): null

02-12-2024T02:37:24 - [TEST_STEP][PASSED] - z = getText(findTestObject(path + "spanPlan" + dZONum)): Text of object 'Object Repository/Выполнение бизнес-плана/Выполнение бизнес-плана Балансы/spanPlan5' is: '9.22
|'

02-12-2024T02:37:24 - [MESSAGE][PASSED] - Text of object 'Object Repository/Выполнение бизнес-плана/Выполнение бизнес-плана Балансы/spanPlan5' is: '9.22
|'

02-12-2024T02:37:24 - [TEST_STEP][PASSED] - println(z): null

02-12-2024T02:37:24 - [TEST_STEP][PASSED] - ii = z.indexOf("|"): null

02-12-2024T02:37:24 - [TEST_STEP][PASSED] - if (ii > -1): null

02-12-2024T02:37:24 - [TEST_STEP][PASSED] - z = z.substring(0, z.length() - 1): null

02-12-2024T02:37:24 - [TEST_STEP][PASSED] - println(z): null

02-12-2024T02:37:24 - [TEST_STEP][PASSED] - z = z.replaceAll("\s+", ""): null

02-12-2024T02:37:24 - [TEST_STEP][PASSED] - z = z.replace("[\r?
|
]", "/"): null

02-12-2024T02:37:24 - [TEST_STEP][PASSED] - println(z): null

02-12-2024T02:37:24 - [TEST_STEP][PASSED] - x = x + z: null

02-12-2024T02:37:24 - [TEST_STEP][PASSED] - z = getText(findTestObject(path + "spanFact" + dZONum)): Text of object 'Object Repository/Выполнение бизнес-плана/Выполнение бизнес-плана Балансы/spanFact5' is: '8.68'

02-12-2024T02:37:25 - [MESSAGE][PASSED] - Text of object 'Object Repository/Выполнение бизнес-плана/Выполнение бизнес-плана Балансы/spanFact5' is: '8.68'

02-12-2024T02:37:25 - [TEST_STEP][PASSED] - ii = z.indexOf("|"): null

02-12-2024T02:37:25 - [TEST_STEP][PASSED] - if (ii > -1): null

02-12-2024T02:37:25 - [TEST_STEP][PASSED] - x = x + "/" + z: null

02-12-2024T02:37:25 - [TEST_STEP][PASSED] - z = getText(findTestObject(path + path2 + "Факт Отпуск в сеть за отчётный период " + dZONum)).replaceAll("\s+", ""): Text of object 'Object Repository/Выполнение бизнес-плана/Выполнение бизнес-плана Балансы/Значения со страницы Выполнение бизнес-плана/Table Data/Факт Отпуск в сеть за отчётный период 5' is: '19 209 232'

02-12-2024T02:37:25 - [MESSAGE][PASSED] - Text of object 'Object Repository/Выполнение бизнес-плана/Выполнение бизнес-плана Балансы/Значения со страницы Выполнение бизнес-плана/Table Data/Факт Отпуск в сеть за отчётный период 5' is: '19 209 232'

02-12-2024T02:37:25 - [TEST_STEP][PASSED] - x = x + "/" + z: null

02-12-2024T02:37:25 - [TEST_STEP][PASSED] - z = getText(findTestObject(path + path2 + "Факт Отпуск из сети за отчётный период " + dZONum)).replaceAll("\s+", ""): Text of object 'Object Repository/Выполнение бизнес-плана/Выполнение бизнес-плана Балансы/Значения со страницы Выполнение бизнес-плана/Table Data/Факт Отпуск из сети за отчётный период 5' is: '17 541 196'

02-12-2024T02:37:25 - [MESSAGE][PASSED] - Text of object 'Object Repository/Выполнение бизнес-плана/Выполнение бизнес-плана Балансы/Значения со страницы Выполнение бизнес-плана/Table Data/Факт Отпуск из сети за отчётный период 5' is: '17 541 196'

02-12-2024T02:37:25 - [TEST_STEP][PASSED] - x = x + "/" + z: null

02-12-2024T02:37:25 - [TEST_STEP][PASSED] - z = getText(findTestObject(path + path2 + "Факт Потери за отчётный период " + dZONum)).replaceAll("\s+", ""): Text of object 'Object Repository/Выполнение бизнес-плана/Выполнение бизнес-плана Балансы/Значения со страницы Выполнение бизнес-плана/Table Data/Факт Потери за отчётный период 5' is: '1 668 036'

02-12-2024T02:37:26 - [MESSAGE][PASSED] - Text of object 'Object Repository/Выполнение бизнес-плана/Выполнение бизнес-плана Балансы/Значения со страницы Выполнение бизнес-плана/Table Data/Факт Потери за отчётный период 5' is: '1 668 036'

02-12-2024T02:37:26 - [TEST_STEP][PASSED] - x = x + "/" + z: null

02-12-2024T02:37:26 - [TEST_STEP][PASSED] - z = getText(findTestObject(path + path2 + "План Отпуск в сеть за отчётный период " + dZONum)).replaceAll("\s+", ""): Text of object 'Object Repository/Выполнение бизнес-плана/Выполнение бизнес-плана Балансы/Значения со страницы Выполнение бизнес-плана/Table Data/План Отпуск в сеть за отчётный период 5' is: '18 442 019'

02-12-2024T02:37:26 - [MESSAGE][PASSED] - Text of object 'Object Repository/Выполнение бизнес-плана/Выполнение бизнес-плана Балансы/Значения со страницы Выполнение бизнес-плана/Table Data/План Отпуск в сеть за отчётный период 5' is: '18 442 019'

02-12-2024T02:37:26 - [TEST_STEP][PASSED] - x = x + "/" + z: null

02-12-2024T02:37:26 - [TEST_STEP][PASSED] - z = getText(findTestObject(path + path2 + "План Отпуск из сети за отчётный период " + dZONum)).replaceAll("\s+", ""): Text of object 'Object Repository/Выполнение бизнес-плана/Выполнение бизнес-плана Балансы/Значения со страницы Выполнение бизнес-плана/Table Data/План Отпуск из сети за отчётный период 5' is: '16 742 025'

02-12-2024T02:37:26 - [MESSAGE][PASSED] - Text of object 'Object Repository/Выполнение бизнес-плана/Выполнение бизнес-плана Балансы/Значения со страницы Выполнение бизнес-плана/Table Data/План Отпуск из сети за отчётный период 5' is: '16 742 025'

02-12-2024T02:37:26 - [TEST_STEP][PASSED] - x = x + "/" + z: null

02-12-2024T02:37:26 - [TEST_STEP][PASSED] - z = getText(findTestObject(path + path2 + "План Потери за отчётный период " + dZONum)).replaceAll("\s+", ""): Text of object 'Object Repository/Выполнение бизнес-плана/Выполнение бизнес-плана Балансы/Значения со страницы Выполнение бизнес-плана/Table Data/План Потери за отчётный период 5' is: '1 699 994'

02-12-2024T02:37:26 - [MESSAGE][PASSED] - Text of object 'Object Repository/Выполнение бизнес-плана/Выполнение бизнес-плана Балансы/Значения со страницы Выполнение бизнес-плана/Table Data/План Потери за отчётный период 5' is: '1 699 994'

02-12-2024T02:37:26 - [TEST_STEP][PASSED] - x = x + "/" + z: null

02-12-2024T02:37:26 - [TEST_STEP][PASSED] - z = getText(findTestObject(path + "Список ДЗО")).replaceAll("[\r?
|
]", "/"): Text of object 'Object Repository/Выполнение бизнес-плана/Выполнение бизнес-плана Балансы/Список ДЗО' is: '-0.21
-0.07
3.72
-0.38
-0.53
0.09
0.09
3.84
-0.41
-0.05
-0.01
0.15
-0.11
-0.50
-0.27
-0.45
-0.05
Россети ФСКЕЭС
АО«Тываэнерго»
АО«Чеченэнерго»
РоссетиВолга
РоссетиКубань
РоссетиЛенэнерго(ГК)
РоссетиМосковскийрегион
РоссетиСеверныйКавказ
РоссетиСеверо-Запад
РоссетиСибирь
РоссетиТомск
РоссетиТюмень
Россети Урал(ГК)
РоссетиЦентр (ГК)
РоссетиЦентр иПриволжье(ГК)
Россети Юг(ГК)
РоссетиЯнтарь
0
2
4
6
-2
8'

02-12-2024T02:37:27 - [MESSAGE][PASSED] - Text of object 'Object Repository/Выполнение бизнес-плана/Выполнение бизнес-плана Балансы/Список ДЗО' is: '-0.21
-0.07
3.72
-0.38
-0.53
0.09
0.09
3.84
-0.41
-0.05
-0.01
0.15
-0.11
-0.50
-0.27
-0.45
-0.05
Россети ФСКЕЭС
АО«Тываэнерго»
АО«Чеченэнерго»
РоссетиВолга
РоссетиКубань
РоссетиЛенэнерго(ГК)
РоссетиМосковскийрегион
РоссетиСеверныйКавказ
РоссетиСеверо-Запад
РоссетиСибирь
РоссетиТомск
РоссетиТюмень
Россети Урал(ГК)
РоссетиЦентр (ГК)
РоссетиЦентр иПриволжье(ГК)
Россети Юг(ГК)
РоссетиЯнтарь
0
2
4
6
-2
8'

02-12-2024T02:37:27 - [TEST_STEP][PASSED] - for ([ii = 1, ii < dZONum, (ii++)]): null

02-12-2024T02:37:27 - [TEST_STEP][PASSED] - i1 = z.indexOf("/") + 1: null

02-12-2024T02:37:27 - [TEST_STEP][PASSED] - if (i1 > -1): null

02-12-2024T02:37:27 - [TEST_STEP][PASSED] - z = z.substring(i1, z.length()): null

02-12-2024T02:37:27 - [TEST_STEP][PASSED] - i1 = z.indexOf("/"): null

02-12-2024T02:37:27 - [TEST_STEP][PASSED] - i1 = z.indexOf("/") + 1: null

02-12-2024T02:37:27 - [TEST_STEP][PASSED] - if (i1 > -1): null

02-12-2024T02:37:27 - [TEST_STEP][PASSED] - z = z.substring(i1, z.length()): null

02-12-2024T02:37:27 - [TEST_STEP][PASSED] - i1 = z.indexOf("/"): null

02-12-2024T02:37:27 - [TEST_STEP][PASSED] - i1 = z.indexOf("/") + 1: null

02-12-2024T02:37:27 - [TEST_STEP][PASSED] - if (i1 > -1): null

02-12-2024T02:37:27 - [TEST_STEP][PASSED] - z = z.substring(i1, z.length()): null

02-12-2024T02:37:27 - [TEST_STEP][PASSED] - i1 = z.indexOf("/"): null

02-12-2024T02:37:27 - [TEST_STEP][PASSED] - i1 = z.indexOf("/") + 1: null

02-12-2024T02:37:27 - [TEST_STEP][PASSED] - if (i1 > -1): null

02-12-2024T02:37:27 - [TEST_STEP][PASSED] - z = z.substring(i1, z.length()): null

02-12-2024T02:37:27 - [TEST_STEP][PASSED] - i1 = z.indexOf("/"): null

02-12-2024T02:37:27 - [TEST_STEP][PASSED] - i1 = z.indexOf("/"): null

02-12-2024T02:37:27 - [TEST_STEP][PASSED] - if (i1 > -1): null

02-12-2024T02:37:27 - [TEST_STEP][PASSED] - z = z.substring(0, i1): null

02-12-2024T02:37:27 - [TEST_STEP][PASSED] - z = z.replace(",", "."): null

02-12-2024T02:37:27 - [TEST_STEP][PASSED] - println(z): null

02-12-2024T02:37:27 - [TEST_STEP][PASSED] - x = x + "/" + z: null

02-12-2024T02:37:27 - [TEST_STEP][PASSED] - x = x.replaceAll("[\r?
|
]", ""): null

02-12-2024T02:37:27 - [TEST_STEP][PASSED] - println(x): null

02-12-2024T02:37:27 - [TEST_STEP][PASSED] - return x: null

02-12-2024T02:37:27 - [TEST_STEP][PASSED] - println("kB: " + kB): null

02-12-2024T02:37:27 - [TEST_STEP][PASSED] - i = VseDZO.indexOf("Ленэнерго"): null

02-12-2024T02:37:27 - [TEST_STEP][PASSED] - if (i > -1): null

02-12-2024T02:37:27 - [TEST_STEP][PASSED] - dZONum = dZONum + 1: null

02-12-2024T02:37:27 - [TEST_STEP][PASSED] - lB = GetAllData(path, dZONum, VseDZO, x = "Россети Ленэнерго (ГК)/"): null

02-12-2024T02:37:27 - [TEST_STEP][PASSED] - ii = <not implemented yet for class: org.codehaus.groovy.ast.expr.EmptyExpression>: null

02-12-2024T02:37:27 - [TEST_STEP][PASSED] - i1 = <not implemented yet for class: org.codehaus.groovy.ast.expr.EmptyExpression>: null

02-12-2024T02:37:27 - [TEST_STEP][PASSED] - z = <not implemented yet for class: org.codehaus.groovy.ast.expr.EmptyExpression>: null

02-12-2024T02:37:27 - [TEST_STEP][PASSED] - path2 = "Значения со страницы Выполнение бизнес-плана/Table Data/": null

02-12-2024T02:37:27 - [TEST_STEP][PASSED] - println("path: " + path): null

02-12-2024T02:37:27 - [TEST_STEP][PASSED] - println("dZONum: " + dZONum): null

02-12-2024T02:37:27 - [TEST_STEP][PASSED] - z = getText(findTestObject(path + "spanPlan" + dZONum)): Text of object 'Object Repository/Выполнение бизнес-плана/Выполнение бизнес-плана Балансы/spanPlan6' is: '10.63'

02-12-2024T02:37:27 - [MESSAGE][PASSED] - Text of object 'Object Repository/Выполнение бизнес-плана/Выполнение бизнес-плана Балансы/spanPlan6' is: '10.63'

02-12-2024T02:37:27 - [TEST_STEP][PASSED] - println(z): null

02-12-2024T02:37:27 - [TEST_STEP][PASSED] - ii = z.indexOf("|"): null

02-12-2024T02:37:27 - [TEST_STEP][PASSED] - if (ii > -1): null

02-12-2024T02:37:27 - [TEST_STEP][PASSED] - z = z.replaceAll("\s+", ""): null

02-12-2024T02:37:27 - [TEST_STEP][PASSED] - z = z.replace("[\r?
|
]", "/"): null

02-12-2024T02:37:27 - [TEST_STEP][PASSED] - println(z): null

02-12-2024T02:37:27 - [TEST_STEP][PASSED] - x = x + z: null

02-12-2024T02:37:27 - [TEST_STEP][PASSED] - z = getText(findTestObject(path + "spanFact" + dZONum)): Text of object 'Object Repository/Выполнение бизнес-плана/Выполнение бизнес-плана Балансы/spanFact6' is: '10.72
|'

02-12-2024T02:37:27 - [MESSAGE][PASSED] - Text of object 'Object Repository/Выполнение бизнес-плана/Выполнение бизнес-плана Балансы/spanFact6' is: '10.72
|'

02-12-2024T02:37:27 - [TEST_STEP][PASSED] - ii = z.indexOf("|"): null

02-12-2024T02:37:27 - [TEST_STEP][PASSED] - if (ii > -1): null

02-12-2024T02:37:27 - [TEST_STEP][PASSED] - z = length() - 1).replace("[\r?
|
]", "/"): null

02-12-2024T02:37:27 - [TEST_STEP][PASSED] - x = x + "/" + z: null

02-12-2024T02:37:27 - [TEST_STEP][PASSED] - z = getText(findTestObject(path + path2 + "Факт Отпуск в сеть за отчётный период " + dZONum)).replaceAll("\s+", ""): Text of object 'Object Repository/Выполнение бизнес-плана/Выполнение бизнес-плана Балансы/Значения со страницы Выполнение бизнес-плана/Table Data/Факт Отпуск в сеть за отчётный период 6' is: '31 469 202'

02-12-2024T02:37:28 - [MESSAGE][PASSED] - Text of object 'Object Repository/Выполнение бизнес-плана/Выполнение бизнес-плана Балансы/Значения со страницы Выполнение бизнес-плана/Table Data/Факт Отпуск в сеть за отчётный период 6' is: '31 469 202'

02-12-2024T02:37:28 - [TEST_STEP][PASSED] - x = x + "/" + z: null

02-12-2024T02:37:28 - [TEST_STEP][PASSED] - z = getText(findTestObject(path + path2 + "Факт Отпуск из сети за отчётный период " + dZONum)).replaceAll("\s+", ""): Text of object 'Object Repository/Выполнение бизнес-плана/Выполнение бизнес-плана Балансы/Значения со страницы Выполнение бизнес-плана/Table Data/Факт Отпуск из сети за отчётный период 6' is: '28 096 239'

02-12-2024T02:37:28 - [MESSAGE][PASSED] - Text of object 'Object Repository/Выполнение бизнес-плана/Выполнение бизнес-плана Балансы/Значения со страницы Выполнение бизнес-плана/Table Data/Факт Отпуск из сети за отчётный период 6' is: '28 096 239'

02-12-2024T02:37:28 - [TEST_STEP][PASSED] - x = x + "/" + z: null

02-12-2024T02:37:28 - [TEST_STEP][PASSED] - z = getText(findTestObject(path + path2 + "Факт Потери за отчётный период " + dZONum)).replaceAll("\s+", ""): Text of object 'Object Repository/Выполнение бизнес-плана/Выполнение бизнес-плана Балансы/Значения со страницы Выполнение бизнес-плана/Table Data/Факт Потери за отчётный период 6' is: '3 372 962'

02-12-2024T02:37:28 - [MESSAGE][PASSED] - Text of object 'Object Repository/Выполнение бизнес-плана/Выполнение бизнес-плана Балансы/Значения со страницы Выполнение бизнес-плана/Table Data/Факт Потери за отчётный период 6' is: '3 372 962'

02-12-2024T02:37:28 - [TEST_STEP][PASSED] - x = x + "/" + z: null

02-12-2024T02:37:28 - [TEST_STEP][PASSED] - z = getText(findTestObject(path + path2 + "План Отпуск в сеть за отчётный период " + dZONum)).replaceAll("\s+", ""): Text of object 'Object Repository/Выполнение бизнес-плана/Выполнение бизнес-плана Балансы/Значения со страницы Выполнение бизнес-плана/Table Data/План Отпуск в сеть за отчётный период 6' is: '30 053 986'

02-12-2024T02:37:29 - [MESSAGE][PASSED] - Text of object 'Object Repository/Выполнение бизнес-плана/Выполнение бизнес-плана Балансы/Значения со страницы Выполнение бизнес-плана/Table Data/План Отпуск в сеть за отчётный период 6' is: '30 053 986'

02-12-2024T02:37:29 - [TEST_STEP][PASSED] - x = x + "/" + z: null

02-12-2024T02:37:29 - [TEST_STEP][PASSED] - z = getText(findTestObject(path + path2 + "План Отпуск из сети за отчётный период " + dZONum)).replaceAll("\s+", ""): Text of object 'Object Repository/Выполнение бизнес-плана/Выполнение бизнес-плана Балансы/Значения со страницы Выполнение бизнес-плана/Table Data/План Отпуск из сети за отчётный период 6' is: '26 859 673'

02-12-2024T02:37:29 - [MESSAGE][PASSED] - Text of object 'Object Repository/Выполнение бизнес-плана/Выполнение бизнес-плана Балансы/Значения со страницы Выполнение бизнес-плана/Table Data/План Отпуск из сети за отчётный период 6' is: '26 859 673'

02-12-2024T02:37:29 - [TEST_STEP][PASSED] - x = x + "/" + z: null

02-12-2024T02:37:29 - [TEST_STEP][PASSED] - z = getText(findTestObject(path + path2 + "План Потери за отчётный период " + dZONum)).replaceAll("\s+", ""): Text of object 'Object Repository/Выполнение бизнес-плана/Выполнение бизнес-плана Балансы/Значения со страницы Выполнение бизнес-плана/Table Data/План Потери за отчётный период 6' is: '3 194 313'

02-12-2024T02:37:29 - [MESSAGE][PASSED] - Text of object 'Object Repository/Выполнение бизнес-плана/Выполнение бизнес-плана Балансы/Значения со страницы Выполнение бизнес-плана/Table Data/План Потери за отчётный период 6' is: '3 194 313'

02-12-2024T02:37:29 - [TEST_STEP][PASSED] - x = x + "/" + z: null

02-12-2024T02:37:29 - [TEST_STEP][PASSED] - z = getText(findTestObject(path + "Список ДЗО")).replaceAll("[\r?
|
]", "/"): Text of object 'Object Repository/Выполнение бизнес-плана/Выполнение бизнес-плана Балансы/Список ДЗО' is: '-0.21
-0.07
3.72
-0.38
-0.53
0.09
0.09
3.84
-0.41
-0.05
-0.01
0.15
-0.11
-0.50
-0.27
-0.45
-0.05
Россети ФСКЕЭС
АО«Тываэнерго»
АО«Чеченэнерго»
РоссетиВолга
РоссетиКубань
РоссетиЛенэнерго(ГК)
РоссетиМосковскийрегион
РоссетиСеверныйКавказ
РоссетиСеверо-Запад
РоссетиСибирь
РоссетиТомск
РоссетиТюмень
Россети Урал(ГК)
РоссетиЦентр (ГК)
РоссетиЦентр иПриволжье(ГК)
Россети Юг(ГК)
РоссетиЯнтарь
0
2
4
6
-2
8'

02-12-2024T02:37:30 - [MESSAGE][PASSED] - Text of object 'Object Repository/Выполнение бизнес-плана/Выполнение бизнес-плана Балансы/Список ДЗО' is: '-0.21
-0.07
3.72
-0.38
-0.53
0.09
0.09
3.84
-0.41
-0.05
-0.01
0.15
-0.11
-0.50
-0.27
-0.45
-0.05
Россети ФСКЕЭС
АО«Тываэнерго»
АО«Чеченэнерго»
РоссетиВолга
РоссетиКубань
РоссетиЛенэнерго(ГК)
РоссетиМосковскийрегион
РоссетиСеверныйКавказ
РоссетиСеверо-Запад
РоссетиСибирь
РоссетиТомск
РоссетиТюмень
Россети Урал(ГК)
РоссетиЦентр (ГК)
РоссетиЦентр иПриволжье(ГК)
Россети Юг(ГК)
РоссетиЯнтарь
0
2
4
6
-2
8'

02-12-2024T02:37:30 - [TEST_STEP][PASSED] - for ([ii = 1, ii < dZONum, (ii++)]): null

02-12-2024T02:37:30 - [TEST_STEP][PASSED] - i1 = z.indexOf("/") + 1: null

02-12-2024T02:37:30 - [TEST_STEP][PASSED] - if (i1 > -1): null

02-12-2024T02:37:30 - [TEST_STEP][PASSED] - z = z.substring(i1, z.length()): null

02-12-2024T02:37:30 - [TEST_STEP][PASSED] - i1 = z.indexOf("/"): null

02-12-2024T02:37:30 - [TEST_STEP][PASSED] - i1 = z.indexOf("/") + 1: null

02-12-2024T02:37:30 - [TEST_STEP][PASSED] - if (i1 > -1): null

02-12-2024T02:37:30 - [TEST_STEP][PASSED] - z = z.substring(i1, z.length()): null

02-12-2024T02:37:30 - [TEST_STEP][PASSED] - i1 = z.indexOf("/"): null

02-12-2024T02:37:30 - [TEST_STEP][PASSED] - i1 = z.indexOf("/") + 1: null

02-12-2024T02:37:30 - [TEST_STEP][PASSED] - if (i1 > -1): null

02-12-2024T02:37:30 - [TEST_STEP][PASSED] - z = z.substring(i1, z.length()): null

02-12-2024T02:37:30 - [TEST_STEP][PASSED] - i1 = z.indexOf("/"): null

02-12-2024T02:37:30 - [TEST_STEP][PASSED] - i1 = z.indexOf("/") + 1: null

02-12-2024T02:37:30 - [TEST_STEP][PASSED] - if (i1 > -1): null

02-12-2024T02:37:30 - [TEST_STEP][PASSED] - z = z.substring(i1, z.length()): null

02-12-2024T02:37:30 - [TEST_STEP][PASSED] - i1 = z.indexOf("/"): null

02-12-2024T02:37:30 - [TEST_STEP][PASSED] - i1 = z.indexOf("/") + 1: null

02-12-2024T02:37:30 - [TEST_STEP][PASSED] - if (i1 > -1): null

02-12-2024T02:37:30 - [TEST_STEP][PASSED] - z = z.substring(i1, z.length()): null

02-12-2024T02:37:30 - [TEST_STEP][PASSED] - i1 = z.indexOf("/"): null

02-12-2024T02:37:30 - [TEST_STEP][PASSED] - i1 = z.indexOf("/"): null

02-12-2024T02:37:30 - [TEST_STEP][PASSED] - if (i1 > -1): null

02-12-2024T02:37:30 - [TEST_STEP][PASSED] - z = z.substring(0, i1): null

02-12-2024T02:37:30 - [TEST_STEP][PASSED] - z = z.replace(",", "."): null

02-12-2024T02:37:30 - [TEST_STEP][PASSED] - println(z): null

02-12-2024T02:37:30 - [TEST_STEP][PASSED] - x = x + "/" + z: null

02-12-2024T02:37:30 - [TEST_STEP][PASSED] - x = x.replaceAll("[\r?
|
]", ""): null

02-12-2024T02:37:30 - [TEST_STEP][PASSED] - println(x): null

02-12-2024T02:37:30 - [TEST_STEP][PASSED] - return x: null

02-12-2024T02:37:30 - [TEST_STEP][PASSED] - println("lB: " + lB): null

02-12-2024T02:37:30 - [TEST_STEP][PASSED] - i = VseDZO.indexOf("Московский"): null

02-12-2024T02:37:30 - [TEST_STEP][PASSED] - if (i > -1): null

02-12-2024T02:37:30 - [TEST_STEP][PASSED] - dZONum = dZONum + 1: null

02-12-2024T02:37:30 - [TEST_STEP][PASSED] - mB = GetAllData(path, dZONum, VseDZO, x = "Россети Московский регион/"): null

02-12-2024T02:37:30 - [TEST_STEP][PASSED] - ii = <not implemented yet for class: org.codehaus.groovy.ast.expr.EmptyExpression>: null

02-12-2024T02:37:30 - [TEST_STEP][PASSED] - i1 = <not implemented yet for class: org.codehaus.groovy.ast.expr.EmptyExpression>: null

02-12-2024T02:37:30 - [TEST_STEP][PASSED] - z = <not implemented yet for class: org.codehaus.groovy.ast.expr.EmptyExpression>: null

02-12-2024T02:37:30 - [TEST_STEP][PASSED] - path2 = "Значения со страницы Выполнение бизнес-плана/Table Data/": null

02-12-2024T02:37:30 - [TEST_STEP][PASSED] - println("path: " + path): null

02-12-2024T02:37:30 - [TEST_STEP][PASSED] - println("dZONum: " + dZONum): null

02-12-2024T02:37:30 - [TEST_STEP][PASSED] - z = getText(findTestObject(path + "spanPlan" + dZONum)): Text of object 'Object Repository/Выполнение бизнес-плана/Выполнение бизнес-плана Балансы/spanPlan7' is: '7.26'

02-12-2024T02:37:30 - [MESSAGE][PASSED] - Text of object 'Object Repository/Выполнение бизнес-плана/Выполнение бизнес-плана Балансы/spanPlan7' is: '7.26'

02-12-2024T02:37:30 - [TEST_STEP][PASSED] - println(z): null

02-12-2024T02:37:30 - [TEST_STEP][PASSED] - ii = z.indexOf("|"): null

02-12-2024T02:37:30 - [TEST_STEP][PASSED] - if (ii > -1): null

02-12-2024T02:37:30 - [TEST_STEP][PASSED] - z = z.replaceAll("\s+", ""): null

02-12-2024T02:37:30 - [TEST_STEP][PASSED] - z = z.replace("[\r?
|
]", "/"): null

02-12-2024T02:37:30 - [TEST_STEP][PASSED] - println(z): null

02-12-2024T02:37:30 - [TEST_STEP][PASSED] - x = x + z: null

02-12-2024T02:37:30 - [TEST_STEP][PASSED] - z = getText(findTestObject(path + "spanFact" + dZONum)): Text of object 'Object Repository/Выполнение бизнес-плана/Выполнение бизнес-плана Балансы/spanFact7' is: '7.35
|'

02-12-2024T02:37:30 - [MESSAGE][PASSED] - Text of object 'Object Repository/Выполнение бизнес-плана/Выполнение бизнес-плана Балансы/spanFact7' is: '7.35
|'

02-12-2024T02:37:30 - [TEST_STEP][PASSED] - ii = z.indexOf("|"): null

02-12-2024T02:37:30 - [TEST_STEP][PASSED] - if (ii > -1): null

02-12-2024T02:37:30 - [TEST_STEP][PASSED] - z = length() - 1).replace("[\r?
|
]", "/"): null

02-12-2024T02:37:30 - [TEST_STEP][PASSED] - x = x + "/" + z: null

02-12-2024T02:37:30 - [TEST_STEP][PASSED] - z = getText(findTestObject(path + path2 + "Факт Отпуск в сеть за отчётный период " + dZONum)).replaceAll("\s+", ""): Text of object 'Object Repository/Выполнение бизнес-плана/Выполнение бизнес-плана Балансы/Значения со страницы Выполнение бизнес-плана/Table Data/Факт Отпуск в сеть за отчётный период 7' is: '84 423 998'

02-12-2024T02:37:30 - [MESSAGE][PASSED] - Text of object 'Object Repository/Выполнение бизнес-плана/Выполнение бизнес-плана Балансы/Значения со страницы Выполнение бизнес-плана/Table Data/Факт Отпуск в сеть за отчётный период 7' is: '84 423 998'

02-12-2024T02:37:30 - [TEST_STEP][PASSED] - x = x + "/" + z: null

02-12-2024T02:37:30 - [TEST_STEP][PASSED] - z = getText(findTestObject(path + path2 + "Факт Отпуск из сети за отчётный период " + dZONum)).replaceAll("\s+", ""): Text of object 'Object Repository/Выполнение бизнес-плана/Выполнение бизнес-плана Балансы/Значения со страницы Выполнение бизнес-плана/Table Data/Факт Отпуск из сети за отчётный период 7' is: '78 218 926'

02-12-2024T02:37:31 - [MESSAGE][PASSED] - Text of object 'Object Repository/Выполнение бизнес-плана/Выполнение бизнес-плана Балансы/Значения со страницы Выполнение бизнес-плана/Table Data/Факт Отпуск из сети за отчётный период 7' is: '78 218 926'

02-12-2024T02:37:31 - [TEST_STEP][PASSED] - x = x + "/" + z: null

02-12-2024T02:37:31 - [TEST_STEP][PASSED] - z = getText(findTestObject(path + path2 + "Факт Потери за отчётный период " + dZONum)).replaceAll("\s+", ""): Text of object 'Object Repository/Выполнение бизнес-плана/Выполнение бизнес-плана Балансы/Значения со страницы Выполнение бизнес-плана/Table Data/Факт Потери за отчётный период 7' is: '6 205 073'

02-12-2024T02:37:31 - [MESSAGE][PASSED] - Text of object 'Object Repository/Выполнение бизнес-плана/Выполнение бизнес-плана Балансы/Значения со страницы Выполнение бизнес-плана/Table Data/Факт Потери за отчётный период 7' is: '6 205 073'

02-12-2024T02:37:31 - [TEST_STEP][PASSED] - x = x + "/" + z: null

02-12-2024T02:37:31 - [TEST_STEP][PASSED] - z = getText(findTestObject(path + path2 + "План Отпуск в сеть за отчётный период " + dZONum)).replaceAll("\s+", ""): Text of object 'Object Repository/Выполнение бизнес-плана/Выполнение бизнес-плана Балансы/Значения со страницы Выполнение бизнес-плана/Table Data/План Отпуск в сеть за отчётный период 7' is: '80 544 314'

02-12-2024T02:37:31 - [MESSAGE][PASSED] - Text of object 'Object Repository/Выполнение бизнес-плана/Выполнение бизнес-плана Балансы/Значения со страницы Выполнение бизнес-плана/Table Data/План Отпуск в сеть за отчётный период 7' is: '80 544 314'

02-12-2024T02:37:31 - [TEST_STEP][PASSED] - x = x + "/" + z: null

02-12-2024T02:37:31 - [TEST_STEP][PASSED] - z = getText(findTestObject(path + path2 + "План Отпуск из сети за отчётный период " + dZONum)).replaceAll("\s+", ""): Text of object 'Object Repository/Выполнение бизнес-плана/Выполнение бизнес-плана Балансы/Значения со страницы Выполнение бизнес-плана/Table Data/План Отпуск из сети за отчётный период 7' is: '74 697 878'

02-12-2024T02:37:32 - [MESSAGE][PASSED] - Text of object 'Object Repository/Выполнение бизнес-плана/Выполнение бизнес-плана Балансы/Значения со страницы Выполнение бизнес-плана/Table Data/План Отпуск из сети за отчётный период 7' is: '74 697 878'

02-12-2024T02:37:32 - [TEST_STEP][PASSED] - x = x + "/" + z: null

02-12-2024T02:37:32 - [TEST_STEP][PASSED] - z = getText(findTestObject(path + path2 + "План Потери за отчётный период " + dZONum)).replaceAll("\s+", ""): Text of object 'Object Repository/Выполнение бизнес-плана/Выполнение бизнес-плана Балансы/Значения со страницы Выполнение бизнес-плана/Table Data/План Потери за отчётный период 7' is: '5 846 436'

02-12-2024T02:37:32 - [MESSAGE][PASSED] - Text of object 'Object Repository/Выполнение бизнес-плана/Выполнение бизнес-плана Балансы/Значения со страницы Выполнение бизнес-плана/Table Data/План Потери за отчётный период 7' is: '5 846 436'

02-12-2024T02:37:32 - [TEST_STEP][PASSED] - x = x + "/" + z: null

02-12-2024T02:37:32 - [TEST_STEP][PASSED] - z = getText(findTestObject(path + "Список ДЗО")).replaceAll("[\r?
|
]", "/"): Text of object 'Object Repository/Выполнение бизнес-плана/Выполнение бизнес-плана Балансы/Список ДЗО' is: '-0.21
-0.07
3.72
-0.38
-0.53
0.09
0.09
3.84
-0.41
-0.05
-0.01
0.15
-0.11
-0.50
-0.27
-0.45
-0.05
Россети ФСКЕЭС
АО«Тываэнерго»
АО«Чеченэнерго»
РоссетиВолга
РоссетиКубань
РоссетиЛенэнерго(ГК)
РоссетиМосковскийрегион
РоссетиСеверныйКавказ
РоссетиСеверо-Запад
РоссетиСибирь
РоссетиТомск
РоссетиТюмень
Россети Урал(ГК)
РоссетиЦентр (ГК)
РоссетиЦентр иПриволжье(ГК)
Россети Юг(ГК)
РоссетиЯнтарь
0
2
4
6
-2
8'

02-12-2024T02:37:32 - [MESSAGE][PASSED] - Text of object 'Object Repository/Выполнение бизнес-плана/Выполнение бизнес-плана Балансы/Список ДЗО' is: '-0.21
-0.07
3.72
-0.38
-0.53
0.09
0.09
3.84
-0.41
-0.05
-0.01
0.15
-0.11
-0.50
-0.27
-0.45
-0.05
Россети ФСКЕЭС
АО«Тываэнерго»
АО«Чеченэнерго»
РоссетиВолга
РоссетиКубань
РоссетиЛенэнерго(ГК)
РоссетиМосковскийрегион
РоссетиСеверныйКавказ
РоссетиСеверо-Запад
РоссетиСибирь
РоссетиТомск
РоссетиТюмень
Россети Урал(ГК)
РоссетиЦентр (ГК)
РоссетиЦентр иПриволжье(ГК)
Россети Юг(ГК)
РоссетиЯнтарь
0
2
4
6
-2
8'

02-12-2024T02:37:32 - [TEST_STEP][PASSED] - for ([ii = 1, ii < dZONum, (ii++)]): null

02-12-2024T02:37:32 - [TEST_STEP][PASSED] - i1 = z.indexOf("/") + 1: null

02-12-2024T02:37:32 - [TEST_STEP][PASSED] - if (i1 > -1): null

02-12-2024T02:37:32 - [TEST_STEP][PASSED] - z = z.substring(i1, z.length()): null

02-12-2024T02:37:32 - [TEST_STEP][PASSED] - i1 = z.indexOf("/"): null

02-12-2024T02:37:32 - [TEST_STEP][PASSED] - i1 = z.indexOf("/") + 1: null

02-12-2024T02:37:32 - [TEST_STEP][PASSED] - if (i1 > -1): null

02-12-2024T02:37:32 - [TEST_STEP][PASSED] - z = z.substring(i1, z.length()): null

02-12-2024T02:37:32 - [TEST_STEP][PASSED] - i1 = z.indexOf("/"): null

02-12-2024T02:37:32 - [TEST_STEP][PASSED] - i1 = z.indexOf("/") + 1: null

02-12-2024T02:37:32 - [TEST_STEP][PASSED] - if (i1 > -1): null

02-12-2024T02:37:32 - [TEST_STEP][PASSED] - z = z.substring(i1, z.length()): null

02-12-2024T02:37:32 - [TEST_STEP][PASSED] - i1 = z.indexOf("/"): null

02-12-2024T02:37:32 - [TEST_STEP][PASSED] - i1 = z.indexOf("/") + 1: null

02-12-2024T02:37:32 - [TEST_STEP][PASSED] - if (i1 > -1): null

02-12-2024T02:37:32 - [TEST_STEP][PASSED] - z = z.substring(i1, z.length()): null

02-12-2024T02:37:32 - [TEST_STEP][PASSED] - i1 = z.indexOf("/"): null

02-12-2024T02:37:32 - [TEST_STEP][PASSED] - i1 = z.indexOf("/") + 1: null

02-12-2024T02:37:32 - [TEST_STEP][PASSED] - if (i1 > -1): null

02-12-2024T02:37:32 - [TEST_STEP][PASSED] - z = z.substring(i1, z.length()): null

02-12-2024T02:37:32 - [TEST_STEP][PASSED] - i1 = z.indexOf("/"): null

02-12-2024T02:37:32 - [TEST_STEP][PASSED] - i1 = z.indexOf("/") + 1: null

02-12-2024T02:37:32 - [TEST_STEP][PASSED] - if (i1 > -1): null

02-12-2024T02:37:32 - [TEST_STEP][PASSED] - z = z.substring(i1, z.length()): null

02-12-2024T02:37:32 - [TEST_STEP][PASSED] - i1 = z.indexOf("/"): null

02-12-2024T02:37:32 - [TEST_STEP][PASSED] - i1 = z.indexOf("/"): null

02-12-2024T02:37:32 - [TEST_STEP][PASSED] - if (i1 > -1): null

02-12-2024T02:37:32 - [TEST_STEP][PASSED] - z = z.substring(0, i1): null

02-12-2024T02:37:32 - [TEST_STEP][PASSED] - z = z.replace(",", "."): null

02-12-2024T02:37:32 - [TEST_STEP][PASSED] - println(z): null

02-12-2024T02:37:32 - [TEST_STEP][PASSED] - x = x + "/" + z: null

02-12-2024T02:37:32 - [TEST_STEP][PASSED] - x = x.replaceAll("[\r?
|
]", ""): null

02-12-2024T02:37:32 - [TEST_STEP][PASSED] - println(x): null

02-12-2024T02:37:32 - [TEST_STEP][PASSED] - return x: null

02-12-2024T02:37:32 - [TEST_STEP][PASSED] - println("mB: " + mB): null

02-12-2024T02:37:32 - [TEST_STEP][PASSED] - i = VseDZO.indexOf("Кавказ"): null

02-12-2024T02:37:32 - [TEST_STEP][PASSED] - if (i > -1): null

02-12-2024T02:37:32 - [TEST_STEP][PASSED] - dZONum = dZONum + 1: null

02-12-2024T02:37:32 - [TEST_STEP][PASSED] - sKB = GetAllData(path, dZONum, VseDZO, x = "Россети Северный Кавказ (ГК)/"): null

02-12-2024T02:37:32 - [TEST_STEP][PASSED] - ii = <not implemented yet for class: org.codehaus.groovy.ast.expr.EmptyExpression>: null

02-12-2024T02:37:32 - [TEST_STEP][PASSED] - i1 = <not implemented yet for class: org.codehaus.groovy.ast.expr.EmptyExpression>: null

02-12-2024T02:37:32 - [TEST_STEP][PASSED] - z = <not implemented yet for class: org.codehaus.groovy.ast.expr.EmptyExpression>: null

02-12-2024T02:37:32 - [TEST_STEP][PASSED] - path2 = "Значения со страницы Выполнение бизнес-плана/Table Data/": null

02-12-2024T02:37:32 - [TEST_STEP][PASSED] - println("path: " + path): null

02-12-2024T02:37:32 - [TEST_STEP][PASSED] - println("dZONum: " + dZONum): null

02-12-2024T02:37:32 - [TEST_STEP][PASSED] - z = getText(findTestObject(path + "spanPlan" + dZONum)): Text of object 'Object Repository/Выполнение бизнес-плана/Выполнение бизнес-плана Балансы/spanPlan8' is: '23.70'

02-12-2024T02:37:33 - [MESSAGE][PASSED] - Text of object 'Object Repository/Выполнение бизнес-плана/Выполнение бизнес-плана Балансы/spanPlan8' is: '23.70'

02-12-2024T02:37:33 - [TEST_STEP][PASSED] - println(z): null

02-12-2024T02:37:33 - [TEST_STEP][PASSED] - ii = z.indexOf("|"): null

02-12-2024T02:37:33 - [TEST_STEP][PASSED] - if (ii > -1): null

02-12-2024T02:37:33 - [TEST_STEP][PASSED] - z = z.replaceAll("\s+", ""): null

02-12-2024T02:37:33 - [TEST_STEP][PASSED] - z = z.replace("[\r?
|
]", "/"): null

02-12-2024T02:37:33 - [TEST_STEP][PASSED] - println(z): null

02-12-2024T02:37:33 - [TEST_STEP][PASSED] - x = x + z: null

02-12-2024T02:37:33 - [TEST_STEP][PASSED] - z = getText(findTestObject(path + "spanFact" + dZONum)): Text of object 'Object Repository/Выполнение бизнес-плана/Выполнение бизнес-плана Балансы/spanFact8' is: '27.54
|'

02-12-2024T02:37:33 - [MESSAGE][PASSED] - Text of object 'Object Repository/Выполнение бизнес-плана/Выполнение бизнес-плана Балансы/spanFact8' is: '27.54
|'

02-12-2024T02:37:33 - [TEST_STEP][PASSED] - ii = z.indexOf("|"): null

02-12-2024T02:37:33 - [TEST_STEP][PASSED] - if (ii > -1): null

02-12-2024T02:37:33 - [TEST_STEP][PASSED] - z = length() - 1).replace("[\r?
|
]", "/"): null

02-12-2024T02:37:33 - [TEST_STEP][PASSED] - x = x + "/" + z: null

02-12-2024T02:37:33 - [TEST_STEP][PASSED] - z = getText(findTestObject(path + path2 + "Факт Отпуск в сеть за отчётный период " + dZONum)).replaceAll("\s+", ""): Text of object 'Object Repository/Выполнение бизнес-плана/Выполнение бизнес-плана Балансы/Значения со страницы Выполнение бизнес-плана/Table Data/Факт Отпуск в сеть за отчётный период 8' is: '17 367 779'

02-12-2024T02:37:33 - [MESSAGE][PASSED] - Text of object 'Object Repository/Выполнение бизнес-плана/Выполнение бизнес-плана Балансы/Значения со страницы Выполнение бизнес-плана/Table Data/Факт Отпуск в сеть за отчётный период 8' is: '17 367 779'

02-12-2024T02:37:33 - [TEST_STEP][PASSED] - x = x + "/" + z: null

02-12-2024T02:37:33 - [TEST_STEP][PASSED] - z = getText(findTestObject(path + path2 + "Факт Отпуск из сети за отчётный период " + dZONum)).replaceAll("\s+", ""): Text of object 'Object Repository/Выполнение бизнес-плана/Выполнение бизнес-плана Балансы/Значения со страницы Выполнение бизнес-плана/Table Data/Факт Отпуск из сети за отчётный период 8' is: '12 584 601'

02-12-2024T02:37:34 - [MESSAGE][PASSED] - Text of object 'Object Repository/Выполнение бизнес-плана/Выполнение бизнес-плана Балансы/Значения со страницы Выполнение бизнес-плана/Table Data/Факт Отпуск из сети за отчётный период 8' is: '12 584 601'

02-12-2024T02:37:34 - [TEST_STEP][PASSED] - x = x + "/" + z: null

02-12-2024T02:37:34 - [TEST_STEP][PASSED] - z = getText(findTestObject(path + path2 + "Факт Потери за отчётный период " + dZONum)).replaceAll("\s+", ""): Text of object 'Object Repository/Выполнение бизнес-плана/Выполнение бизнес-плана Балансы/Значения со страницы Выполнение бизнес-плана/Table Data/Факт Потери за отчётный период 8' is: '4 783 177'

02-12-2024T02:37:34 - [MESSAGE][PASSED] - Text of object 'Object Repository/Выполнение бизнес-плана/Выполнение бизнес-плана Балансы/Значения со страницы Выполнение бизнес-плана/Table Data/Факт Потери за отчётный период 8' is: '4 783 177'

02-12-2024T02:37:34 - [TEST_STEP][PASSED] - x = x + "/" + z: null

02-12-2024T02:37:34 - [TEST_STEP][PASSED] - z = getText(findTestObject(path + path2 + "План Отпуск в сеть за отчётный период " + dZONum)).replaceAll("\s+", ""): Text of object 'Object Repository/Выполнение бизнес-плана/Выполнение бизнес-плана Балансы/Значения со страницы Выполнение бизнес-плана/Table Data/План Отпуск в сеть за отчётный период 8' is: '16 300 204'

02-12-2024T02:37:34 - [MESSAGE][PASSED] - Text of object 'Object Repository/Выполнение бизнес-плана/Выполнение бизнес-плана Балансы/Значения со страницы Выполнение бизнес-плана/Table Data/План Отпуск в сеть за отчётный период 8' is: '16 300 204'

02-12-2024T02:37:34 - [TEST_STEP][PASSED] - x = x + "/" + z: null

02-12-2024T02:37:34 - [TEST_STEP][PASSED] - z = getText(findTestObject(path + path2 + "План Отпуск из сети за отчётный период " + dZONum)).replaceAll("\s+", ""): Text of object 'Object Repository/Выполнение бизнес-плана/Выполнение бизнес-плана Балансы/Значения со страницы Выполнение бизнес-плана/Table Data/План Отпуск из сети за отчётный период 8' is: '12 437 092'

02-12-2024T02:37:35 - [MESSAGE][PASSED] - Text of object 'Object Repository/Выполнение бизнес-плана/Выполнение бизнес-плана Балансы/Значения со страницы Выполнение бизнес-плана/Table Data/План Отпуск из сети за отчётный период 8' is: '12 437 092'

02-12-2024T02:37:35 - [TEST_STEP][PASSED] - x = x + "/" + z: null

02-12-2024T02:37:35 - [TEST_STEP][PASSED] - z = getText(findTestObject(path + path2 + "План Потери за отчётный период " + dZONum)).replaceAll("\s+", ""): Text of object 'Object Repository/Выполнение бизнес-плана/Выполнение бизнес-плана Балансы/Значения со страницы Выполнение бизнес-плана/Table Data/План Потери за отчётный период 8' is: '3 863 112'

02-12-2024T02:37:35 - [MESSAGE][PASSED] - Text of object 'Object Repository/Выполнение бизнес-плана/Выполнение бизнес-плана Балансы/Значения со страницы Выполнение бизнес-плана/Table Data/План Потери за отчётный период 8' is: '3 863 112'

02-12-2024T02:37:35 - [TEST_STEP][PASSED] - x = x + "/" + z: null

02-12-2024T02:37:35 - [TEST_STEP][PASSED] - z = getText(findTestObject(path + "Список ДЗО")).replaceAll("[\r?
|
]", "/"): Text of object 'Object Repository/Выполнение бизнес-плана/Выполнение бизнес-плана Балансы/Список ДЗО' is: '-0.21
-0.07
3.72
-0.38
-0.53
0.09
0.09
3.84
-0.41
-0.05
-0.01
0.15
-0.11
-0.50
-0.27
-0.45
-0.05
Россети ФСКЕЭС
АО«Тываэнерго»
АО«Чеченэнерго»
РоссетиВолга
РоссетиКубань
РоссетиЛенэнерго(ГК)
РоссетиМосковскийрегион
РоссетиСеверныйКавказ
РоссетиСеверо-Запад
РоссетиСибирь
РоссетиТомск
РоссетиТюмень
Россети Урал(ГК)
РоссетиЦентр (ГК)
РоссетиЦентр иПриволжье(ГК)
Россети Юг(ГК)
РоссетиЯнтарь
0
2
4
6
-2
8'

02-12-2024T02:37:35 - [MESSAGE][PASSED] - Text of object 'Object Repository/Выполнение бизнес-плана/Выполнение бизнес-плана Балансы/Список ДЗО' is: '-0.21
-0.07
3.72
-0.38
-0.53
0.09
0.09
3.84
-0.41
-0.05
-0.01
0.15
-0.11
-0.50
-0.27
-0.45
-0.05
Россети ФСКЕЭС
АО«Тываэнерго»
АО«Чеченэнерго»
РоссетиВолга
РоссетиКубань
РоссетиЛенэнерго(ГК)
РоссетиМосковскийрегион
РоссетиСеверныйКавказ
РоссетиСеверо-Запад
РоссетиСибирь
РоссетиТомск
РоссетиТюмень
Россети Урал(ГК)
РоссетиЦентр (ГК)
РоссетиЦентр иПриволжье(ГК)
Россети Юг(ГК)
РоссетиЯнтарь
0
2
4
6
-2
8'

02-12-2024T02:37:35 - [TEST_STEP][PASSED] - for ([ii = 1, ii < dZONum, (ii++)]): null

02-12-2024T02:37:35 - [TEST_STEP][PASSED] - i1 = z.indexOf("/") + 1: null

02-12-2024T02:37:35 - [TEST_STEP][PASSED] - if (i1 > -1): null

02-12-2024T02:37:35 - [TEST_STEP][PASSED] - z = z.substring(i1, z.length()): null

02-12-2024T02:37:35 - [TEST_STEP][PASSED] - i1 = z.indexOf("/"): null

02-12-2024T02:37:35 - [TEST_STEP][PASSED] - i1 = z.indexOf("/") + 1: null

02-12-2024T02:37:35 - [TEST_STEP][PASSED] - if (i1 > -1): null

02-12-2024T02:37:35 - [TEST_STEP][PASSED] - z = z.substring(i1, z.length()): null

02-12-2024T02:37:35 - [TEST_STEP][PASSED] - i1 = z.indexOf("/"): null

02-12-2024T02:37:35 - [TEST_STEP][PASSED] - i1 = z.indexOf("/") + 1: null

02-12-2024T02:37:35 - [TEST_STEP][PASSED] - if (i1 > -1): null

02-12-2024T02:37:35 - [TEST_STEP][PASSED] - z = z.substring(i1, z.length()): null

02-12-2024T02:37:35 - [TEST_STEP][PASSED] - i1 = z.indexOf("/"): null

02-12-2024T02:37:35 - [TEST_STEP][PASSED] - i1 = z.indexOf("/") + 1: null

02-12-2024T02:37:35 - [TEST_STEP][PASSED] - if (i1 > -1): null

02-12-2024T02:37:35 - [TEST_STEP][PASSED] - z = z.substring(i1, z.length()): null

02-12-2024T02:37:35 - [TEST_STEP][PASSED] - i1 = z.indexOf("/"): null

02-12-2024T02:37:35 - [TEST_STEP][PASSED] - i1 = z.indexOf("/") + 1: null

02-12-2024T02:37:35 - [TEST_STEP][PASSED] - if (i1 > -1): null

02-12-2024T02:37:35 - [TEST_STEP][PASSED] - z = z.substring(i1, z.length()): null

02-12-2024T02:37:35 - [TEST_STEP][PASSED] - i1 = z.indexOf("/"): null

02-12-2024T02:37:35 - [TEST_STEP][PASSED] - i1 = z.indexOf("/") + 1: null

02-12-2024T02:37:35 - [TEST_STEP][PASSED] - if (i1 > -1): null

02-12-2024T02:37:35 - [TEST_STEP][PASSED] - z = z.substring(i1, z.length()): null

02-12-2024T02:37:35 - [TEST_STEP][PASSED] - i1 = z.indexOf("/"): null

02-12-2024T02:37:35 - [TEST_STEP][PASSED] - i1 = z.indexOf("/") + 1: null

02-12-2024T02:37:35 - [TEST_STEP][PASSED] - if (i1 > -1): null

02-12-2024T02:37:35 - [TEST_STEP][PASSED] - z = z.substring(i1, z.length()): null

02-12-2024T02:37:35 - [TEST_STEP][PASSED] - i1 = z.indexOf("/"): null

02-12-2024T02:37:35 - [TEST_STEP][PASSED] - i1 = z.indexOf("/"): null

02-12-2024T02:37:35 - [TEST_STEP][PASSED] - if (i1 > -1): null

02-12-2024T02:37:35 - [TEST_STEP][PASSED] - z = z.substring(0, i1): null

02-12-2024T02:37:35 - [TEST_STEP][PASSED] - z = z.replace(",", "."): null

02-12-2024T02:37:35 - [TEST_STEP][PASSED] - println(z): null

02-12-2024T02:37:35 - [TEST_STEP][PASSED] - x = x + "/" + z: null

02-12-2024T02:37:35 - [TEST_STEP][PASSED] - x = x.replaceAll("[\r?
|
]", ""): null

02-12-2024T02:37:35 - [TEST_STEP][PASSED] - println(x): null

02-12-2024T02:37:35 - [TEST_STEP][PASSED] - return x: null

02-12-2024T02:37:35 - [TEST_STEP][PASSED] - println("sKB: " + sKB): null

02-12-2024T02:37:35 - [TEST_STEP][PASSED] - i = VseDZO.indexOf("Запад"): null

02-12-2024T02:37:35 - [TEST_STEP][PASSED] - if (i > -1): null

02-12-2024T02:37:35 - [TEST_STEP][PASSED] - dZONum = dZONum + 1: null

02-12-2024T02:37:35 - [TEST_STEP][PASSED] - sZB = GetAllData(path, dZONum, VseDZO, x = "Россети Северо-Запад/"): null

02-12-2024T02:37:35 - [TEST_STEP][PASSED] - ii = <not implemented yet for class: org.codehaus.groovy.ast.expr.EmptyExpression>: null

02-12-2024T02:37:35 - [TEST_STEP][PASSED] - i1 = <not implemented yet for class: org.codehaus.groovy.ast.expr.EmptyExpression>: null

02-12-2024T02:37:35 - [TEST_STEP][PASSED] - z = <not implemented yet for class: org.codehaus.groovy.ast.expr.EmptyExpression>: null

02-12-2024T02:37:35 - [TEST_STEP][PASSED] - path2 = "Значения со страницы Выполнение бизнес-плана/Table Data/": null

02-12-2024T02:37:35 - [TEST_STEP][PASSED] - println("path: " + path): null

02-12-2024T02:37:35 - [TEST_STEP][PASSED] - println("dZONum: " + dZONum): null

02-12-2024T02:37:35 - [TEST_STEP][PASSED] - z = getText(findTestObject(path + "spanPlan" + dZONum)): Text of object 'Object Repository/Выполнение бизнес-плана/Выполнение бизнес-плана Балансы/spanPlan9' is: '5.67
|'

02-12-2024T02:37:35 - [MESSAGE][PASSED] - Text of object 'Object Repository/Выполнение бизнес-плана/Выполнение бизнес-плана Балансы/spanPlan9' is: '5.67
|'

02-12-2024T02:37:35 - [TEST_STEP][PASSED] - println(z): null

02-12-2024T02:37:35 - [TEST_STEP][PASSED] - ii = z.indexOf("|"): null

02-12-2024T02:37:35 - [TEST_STEP][PASSED] - if (ii > -1): null

02-12-2024T02:37:35 - [TEST_STEP][PASSED] - z = z.substring(0, z.length() - 1): null

02-12-2024T02:37:35 - [TEST_STEP][PASSED] - println(z): null

02-12-2024T02:37:35 - [TEST_STEP][PASSED] - z = z.replaceAll("\s+", ""): null

02-12-2024T02:37:35 - [TEST_STEP][PASSED] - z = z.replace("[\r?
|
]", "/"): null

02-12-2024T02:37:35 - [TEST_STEP][PASSED] - println(z): null

02-12-2024T02:37:35 - [TEST_STEP][PASSED] - x = x + z: null

02-12-2024T02:37:35 - [TEST_STEP][PASSED] - z = getText(findTestObject(path + "spanFact" + dZONum)): Text of object 'Object Repository/Выполнение бизнес-плана/Выполнение бизнес-плана Балансы/spanFact9' is: '5.26'

02-12-2024T02:37:36 - [MESSAGE][PASSED] - Text of object 'Object Repository/Выполнение бизнес-плана/Выполнение бизнес-плана Балансы/spanFact9' is: '5.26'

02-12-2024T02:37:36 - [TEST_STEP][PASSED] - ii = z.indexOf("|"): null

02-12-2024T02:37:36 - [TEST_STEP][PASSED] - if (ii > -1): null

02-12-2024T02:37:36 - [TEST_STEP][PASSED] - x = x + "/" + z: null

02-12-2024T02:37:36 - [TEST_STEP][PASSED] - z = getText(findTestObject(path + path2 + "Факт Отпуск в сеть за отчётный период " + dZONum)).replaceAll("\s+", ""): Text of object 'Object Repository/Выполнение бизнес-плана/Выполнение бизнес-плана Балансы/Значения со страницы Выполнение бизнес-плана/Table Data/Факт Отпуск в сеть за отчётный период 9' is: '27 102 297'

02-12-2024T02:37:36 - [MESSAGE][PASSED] - Text of object 'Object Repository/Выполнение бизнес-плана/Выполнение бизнес-плана Балансы/Значения со страницы Выполнение бизнес-плана/Table Data/Факт Отпуск в сеть за отчётный период 9' is: '27 102 297'

02-12-2024T02:37:36 - [TEST_STEP][PASSED] - x = x + "/" + z: null

02-12-2024T02:37:36 - [TEST_STEP][PASSED] - z = getText(findTestObject(path + path2 + "Факт Отпуск из сети за отчётный период " + dZONum)).replaceAll("\s+", ""): Text of object 'Object Repository/Выполнение бизнес-плана/Выполнение бизнес-плана Балансы/Значения со страницы Выполнение бизнес-плана/Table Data/Факт Отпуск из сети за отчётный период 9' is: '25 676 842'

02-12-2024T02:37:36 - [MESSAGE][PASSED] - Text of object 'Object Repository/Выполнение бизнес-плана/Выполнение бизнес-плана Балансы/Значения со страницы Выполнение бизнес-плана/Table Data/Факт Отпуск из сети за отчётный период 9' is: '25 676 842'

02-12-2024T02:37:36 - [TEST_STEP][PASSED] - x = x + "/" + z: null

02-12-2024T02:37:36 - [TEST_STEP][PASSED] - z = getText(findTestObject(path + path2 + "Факт Потери за отчётный период " + dZONum)).replaceAll("\s+", ""): Text of object 'Object Repository/Выполнение бизнес-плана/Выполнение бизнес-плана Балансы/Значения со страницы Выполнение бизнес-плана/Table Data/Факт Потери за отчётный период 9' is: '1 425 455'

02-12-2024T02:37:37 - [MESSAGE][PASSED] - Text of object 'Object Repository/Выполнение бизнес-плана/Выполнение бизнес-плана Балансы/Значения со страницы Выполнение бизнес-плана/Table Data/Факт Потери за отчётный период 9' is: '1 425 455'

02-12-2024T02:37:37 - [TEST_STEP][PASSED] - x = x + "/" + z: null

02-12-2024T02:37:37 - [TEST_STEP][PASSED] - z = getText(findTestObject(path + path2 + "План Отпуск в сеть за отчётный период " + dZONum)).replaceAll("\s+", ""): Text of object 'Object Repository/Выполнение бизнес-плана/Выполнение бизнес-плана Балансы/Значения со страницы Выполнение бизнес-плана/Table Data/План Отпуск в сеть за отчётный период 9' is: '26 659 502'

02-12-2024T02:37:37 - [MESSAGE][PASSED] - Text of object 'Object Repository/Выполнение бизнес-плана/Выполнение бизнес-плана Балансы/Значения со страницы Выполнение бизнес-плана/Table Data/План Отпуск в сеть за отчётный период 9' is: '26 659 502'

02-12-2024T02:37:37 - [TEST_STEP][PASSED] - x = x + "/" + z: null

02-12-2024T02:37:37 - [TEST_STEP][PASSED] - z = getText(findTestObject(path + path2 + "План Отпуск из сети за отчётный период " + dZONum)).replaceAll("\s+", ""): Text of object 'Object Repository/Выполнение бизнес-плана/Выполнение бизнес-плана Балансы/Значения со страницы Выполнение бизнес-плана/Table Data/План Отпуск из сети за отчётный период 9' is: '25 149 128'

02-12-2024T02:37:37 - [MESSAGE][PASSED] - Text of object 'Object Repository/Выполнение бизнес-плана/Выполнение бизнес-плана Балансы/Значения со страницы Выполнение бизнес-плана/Table Data/План Отпуск из сети за отчётный период 9' is: '25 149 128'

02-12-2024T02:37:37 - [TEST_STEP][PASSED] - x = x + "/" + z: null

02-12-2024T02:37:37 - [TEST_STEP][PASSED] - z = getText(findTestObject(path + path2 + "План Потери за отчётный период " + dZONum)).replaceAll("\s+", ""): Text of object 'Object Repository/Выполнение бизнес-плана/Выполнение бизнес-плана Балансы/Значения со страницы Выполнение бизнес-плана/Table Data/План Потери за отчётный период 9' is: '1 510 374'

02-12-2024T02:37:38 - [MESSAGE][PASSED] - Text of object 'Object Repository/Выполнение бизнес-плана/Выполнение бизнес-плана Балансы/Значения со страницы Выполнение бизнес-плана/Table Data/План Потери за отчётный период 9' is: '1 510 374'

02-12-2024T02:37:38 - [TEST_STEP][PASSED] - x = x + "/" + z: null

02-12-2024T02:37:38 - [TEST_STEP][PASSED] - z = getText(findTestObject(path + "Список ДЗО")).replaceAll("[\r?
|
]", "/"): Text of object 'Object Repository/Выполнение бизнес-плана/Выполнение бизнес-плана Балансы/Список ДЗО' is: '-0.21
-0.07
3.72
-0.38
-0.53
0.09
0.09
3.84
-0.41
-0.05
-0.01
0.15
-0.11
-0.50
-0.27
-0.45
-0.05
Россети ФСКЕЭС
АО«Тываэнерго»
АО«Чеченэнерго»
РоссетиВолга
РоссетиКубань
РоссетиЛенэнерго(ГК)
РоссетиМосковскийрегион
РоссетиСеверныйКавказ
РоссетиСеверо-Запад
РоссетиСибирь
РоссетиТомск
РоссетиТюмень
Россети Урал(ГК)
РоссетиЦентр (ГК)
РоссетиЦентр иПриволжье(ГК)
Россети Юг(ГК)
РоссетиЯнтарь
0
2
4
6
-2
8'

02-12-2024T02:37:38 - [MESSAGE][PASSED] - Text of object 'Object Repository/Выполнение бизнес-плана/Выполнение бизнес-плана Балансы/Список ДЗО' is: '-0.21
-0.07
3.72
-0.38
-0.53
0.09
0.09
3.84
-0.41
-0.05
-0.01
0.15
-0.11
-0.50
-0.27
-0.45
-0.05
Россети ФСКЕЭС
АО«Тываэнерго»
АО«Чеченэнерго»
РоссетиВолга
РоссетиКубань
РоссетиЛенэнерго(ГК)
РоссетиМосковскийрегион
РоссетиСеверныйКавказ
РоссетиСеверо-Запад
РоссетиСибирь
РоссетиТомск
РоссетиТюмень
Россети Урал(ГК)
РоссетиЦентр (ГК)
РоссетиЦентр иПриволжье(ГК)
Россети Юг(ГК)
РоссетиЯнтарь
0
2
4
6
-2
8'

02-12-2024T02:37:38 - [TEST_STEP][PASSED] - for ([ii = 1, ii < dZONum, (ii++)]): null

02-12-2024T02:37:38 - [TEST_STEP][PASSED] - i1 = z.indexOf("/") + 1: null

02-12-2024T02:37:38 - [TEST_STEP][PASSED] - if (i1 > -1): null

02-12-2024T02:37:38 - [TEST_STEP][PASSED] - z = z.substring(i1, z.length()): null

02-12-2024T02:37:38 - [TEST_STEP][PASSED] - i1 = z.indexOf("/"): null

02-12-2024T02:37:38 - [TEST_STEP][PASSED] - i1 = z.indexOf("/") + 1: null

02-12-2024T02:37:38 - [TEST_STEP][PASSED] - if (i1 > -1): null

02-12-2024T02:37:38 - [TEST_STEP][PASSED] - z = z.substring(i1, z.length()): null

02-12-2024T02:37:38 - [TEST_STEP][PASSED] - i1 = z.indexOf("/"): null

02-12-2024T02:37:38 - [TEST_STEP][PASSED] - i1 = z.indexOf("/") + 1: null

02-12-2024T02:37:38 - [TEST_STEP][PASSED] - if (i1 > -1): null

02-12-2024T02:37:38 - [TEST_STEP][PASSED] - z = z.substring(i1, z.length()): null

02-12-2024T02:37:38 - [TEST_STEP][PASSED] - i1 = z.indexOf("/"): null

02-12-2024T02:37:38 - [TEST_STEP][PASSED] - i1 = z.indexOf("/") + 1: null

02-12-2024T02:37:38 - [TEST_STEP][PASSED] - if (i1 > -1): null

02-12-2024T02:37:38 - [TEST_STEP][PASSED] - z = z.substring(i1, z.length()): null

02-12-2024T02:37:38 - [TEST_STEP][PASSED] - i1 = z.indexOf("/"): null

02-12-2024T02:37:38 - [TEST_STEP][PASSED] - i1 = z.indexOf("/") + 1: null

02-12-2024T02:37:38 - [TEST_STEP][PASSED] - if (i1 > -1): null

02-12-2024T02:37:38 - [TEST_STEP][PASSED] - z = z.substring(i1, z.length()): null

02-12-2024T02:37:38 - [TEST_STEP][PASSED] - i1 = z.indexOf("/"): null

02-12-2024T02:37:38 - [TEST_STEP][PASSED] - i1 = z.indexOf("/") + 1: null

02-12-2024T02:37:38 - [TEST_STEP][PASSED] - if (i1 > -1): null

02-12-2024T02:37:38 - [TEST_STEP][PASSED] - z = z.substring(i1, z.length()): null

02-12-2024T02:37:38 - [TEST_STEP][PASSED] - i1 = z.indexOf("/"): null

02-12-2024T02:37:38 - [TEST_STEP][PASSED] - i1 = z.indexOf("/") + 1: null

02-12-2024T02:37:38 - [TEST_STEP][PASSED] - if (i1 > -1): null

02-12-2024T02:37:38 - [TEST_STEP][PASSED] - z = z.substring(i1, z.length()): null

02-12-2024T02:37:38 - [TEST_STEP][PASSED] - i1 = z.indexOf("/"): null

02-12-2024T02:37:38 - [TEST_STEP][PASSED] - i1 = z.indexOf("/") + 1: null

02-12-2024T02:37:38 - [TEST_STEP][PASSED] - if (i1 > -1): null

02-12-2024T02:37:38 - [TEST_STEP][PASSED] - z = z.substring(i1, z.length()): null

02-12-2024T02:37:38 - [TEST_STEP][PASSED] - i1 = z.indexOf("/"): null

02-12-2024T02:37:38 - [TEST_STEP][PASSED] - i1 = z.indexOf("/"): null

02-12-2024T02:37:38 - [TEST_STEP][PASSED] - if (i1 > -1): null

02-12-2024T02:37:38 - [TEST_STEP][PASSED] - z = z.substring(0, i1): null

02-12-2024T02:37:38 - [TEST_STEP][PASSED] - z = z.replace(",", "."): null

02-12-2024T02:37:38 - [TEST_STEP][PASSED] - println(z): null

02-12-2024T02:37:38 - [TEST_STEP][PASSED] - x = x + "/" + z: null

02-12-2024T02:37:38 - [TEST_STEP][PASSED] - x = x.replaceAll("[\r?
|
]", ""): null

02-12-2024T02:37:38 - [TEST_STEP][PASSED] - println(x): null

02-12-2024T02:37:38 - [TEST_STEP][PASSED] - return x: null

02-12-2024T02:37:38 - [TEST_STEP][PASSED] - println("sZB: " + sZB): null

02-12-2024T02:37:38 - [TEST_STEP][PASSED] - i = VseDZO.indexOf("Сибирь"): null

02-12-2024T02:37:38 - [TEST_STEP][PASSED] - if (i > -1): null

02-12-2024T02:37:38 - [TEST_STEP][PASSED] - dZONum = dZONum + 1: null

02-12-2024T02:37:38 - [TEST_STEP][PASSED] - siB = GetAllData(path, dZONum, VseDZO, x = "Россети Сибирь (ГК)/"): null

02-12-2024T02:37:38 - [TEST_STEP][PASSED] - ii = <not implemented yet for class: org.codehaus.groovy.ast.expr.EmptyExpression>: null

02-12-2024T02:37:38 - [TEST_STEP][PASSED] - i1 = <not implemented yet for class: org.codehaus.groovy.ast.expr.EmptyExpression>: null

02-12-2024T02:37:38 - [TEST_STEP][PASSED] - z = <not implemented yet for class: org.codehaus.groovy.ast.expr.EmptyExpression>: null

02-12-2024T02:37:38 - [TEST_STEP][PASSED] - path2 = "Значения со страницы Выполнение бизнес-плана/Table Data/": null

02-12-2024T02:37:38 - [TEST_STEP][PASSED] - println("path: " + path): null

02-12-2024T02:37:38 - [TEST_STEP][PASSED] - println("dZONum: " + dZONum): null

02-12-2024T02:37:38 - [TEST_STEP][PASSED] - z = getText(findTestObject(path + "spanPlan" + dZONum)): Text of object 'Object Repository/Выполнение бизнес-плана/Выполнение бизнес-плана Балансы/spanPlan10' is: '6.97
|'

02-12-2024T02:37:38 - [MESSAGE][PASSED] - Text of object 'Object Repository/Выполнение бизнес-плана/Выполнение бизнес-плана Балансы/spanPlan10' is: '6.97
|'

02-12-2024T02:37:38 - [TEST_STEP][PASSED] - println(z): null

02-12-2024T02:37:38 - [TEST_STEP][PASSED] - ii = z.indexOf("|"): null

02-12-2024T02:37:38 - [TEST_STEP][PASSED] - if (ii > -1): null

02-12-2024T02:37:38 - [TEST_STEP][PASSED] - z = z.substring(0, z.length() - 1): null

02-12-2024T02:37:38 - [TEST_STEP][PASSED] - println(z): null

02-12-2024T02:37:38 - [TEST_STEP][PASSED] - z = z.replaceAll("\s+", ""): null

02-12-2024T02:37:38 - [TEST_STEP][PASSED] - z = z.replace("[\r?
|
]", "/"): null

02-12-2024T02:37:38 - [TEST_STEP][PASSED] - println(z): null

02-12-2024T02:37:38 - [TEST_STEP][PASSED] - x = x + z: null

02-12-2024T02:37:38 - [TEST_STEP][PASSED] - z = getText(findTestObject(path + "spanFact" + dZONum)): Text of object 'Object Repository/Выполнение бизнес-плана/Выполнение бизнес-плана Балансы/spanFact10' is: '6.92'

02-12-2024T02:37:39 - [MESSAGE][PASSED] - Text of object 'Object Repository/Выполнение бизнес-плана/Выполнение бизнес-плана Балансы/spanFact10' is: '6.92'

02-12-2024T02:37:39 - [TEST_STEP][PASSED] - ii = z.indexOf("|"): null

02-12-2024T02:37:39 - [TEST_STEP][PASSED] - if (ii > -1): null

02-12-2024T02:37:39 - [TEST_STEP][PASSED] - x = x + "/" + z: null

02-12-2024T02:37:39 - [TEST_STEP][PASSED] - z = getText(findTestObject(path + path2 + "Факт Отпуск в сеть за отчётный период " + dZONum)).replaceAll("\s+", ""): Text of object 'Object Repository/Выполнение бизнес-плана/Выполнение бизнес-плана Балансы/Значения со страницы Выполнение бизнес-плана/Table Data/Факт Отпуск в сеть за отчётный период 10' is: '46 928 172'

02-12-2024T02:37:39 - [MESSAGE][PASSED] - Text of object 'Object Repository/Выполнение бизнес-плана/Выполнение бизнес-плана Балансы/Значения со страницы Выполнение бизнес-плана/Table Data/Факт Отпуск в сеть за отчётный период 10' is: '46 928 172'

02-12-2024T02:37:39 - [TEST_STEP][PASSED] - x = x + "/" + z: null

02-12-2024T02:37:39 - [TEST_STEP][PASSED] - z = getText(findTestObject(path + path2 + "Факт Отпуск из сети за отчётный период " + dZONum)).replaceAll("\s+", ""): Text of object 'Object Repository/Выполнение бизнес-плана/Выполнение бизнес-плана Балансы/Значения со страницы Выполнение бизнес-плана/Table Data/Факт Отпуск из сети за отчётный период 10' is: '43 678 766'

02-12-2024T02:37:39 - [MESSAGE][PASSED] - Text of object 'Object Repository/Выполнение бизнес-плана/Выполнение бизнес-плана Балансы/Значения со страницы Выполнение бизнес-плана/Table Data/Факт Отпуск из сети за отчётный период 10' is: '43 678 766'

02-12-2024T02:37:39 - [TEST_STEP][PASSED] - x = x + "/" + z: null

02-12-2024T02:37:39 - [TEST_STEP][PASSED] - z = getText(findTestObject(path + path2 + "Факт Потери за отчётный период " + dZONum)).replaceAll("\s+", ""): Text of object 'Object Repository/Выполнение бизнес-плана/Выполнение бизнес-плана Балансы/Значения со страницы Выполнение бизнес-плана/Table Data/Факт Потери за отчётный период 10' is: '3 249 406'

02-12-2024T02:37:39 - [MESSAGE][PASSED] - Text of object 'Object Repository/Выполнение бизнес-плана/Выполнение бизнес-плана Балансы/Значения со страницы Выполнение бизнес-плана/Table Data/Факт Потери за отчётный период 10' is: '3 249 406'

02-12-2024T02:37:39 - [TEST_STEP][PASSED] - x = x + "/" + z: null

02-12-2024T02:37:40 - [TEST_STEP][PASSED] - z = getText(findTestObject(path + path2 + "План Отпуск в сеть за отчётный период " + dZONum)).replaceAll("\s+", ""): Text of object 'Object Repository/Выполнение бизнес-плана/Выполнение бизнес-плана Балансы/Значения со страницы Выполнение бизнес-плана/Table Data/План Отпуск в сеть за отчётный период 10' is: '44 875 501'

02-12-2024T02:37:40 - [MESSAGE][PASSED] - Text of object 'Object Repository/Выполнение бизнес-плана/Выполнение бизнес-плана Балансы/Значения со страницы Выполнение бизнес-плана/Table Data/План Отпуск в сеть за отчётный период 10' is: '44 875 501'

02-12-2024T02:37:40 - [TEST_STEP][PASSED] - x = x + "/" + z: null

02-12-2024T02:37:40 - [TEST_STEP][PASSED] - z = getText(findTestObject(path + path2 + "План Отпуск из сети за отчётный период " + dZONum)).replaceAll("\s+", ""): Text of object 'Object Repository/Выполнение бизнес-плана/Выполнение бизнес-плана Балансы/Значения со страницы Выполнение бизнес-плана/Table Data/План Отпуск из сети за отчётный период 10' is: '41 746 891'

02-12-2024T02:37:40 - [MESSAGE][PASSED] - Text of object 'Object Repository/Выполнение бизнес-плана/Выполнение бизнес-плана Балансы/Значения со страницы Выполнение бизнес-плана/Table Data/План Отпуск из сети за отчётный период 10' is: '41 746 891'

02-12-2024T02:37:40 - [TEST_STEP][PASSED] - x = x + "/" + z: null

02-12-2024T02:37:40 - [TEST_STEP][PASSED] - z = getText(findTestObject(path + path2 + "План Потери за отчётный период " + dZONum)).replaceAll("\s+", ""): Text of object 'Object Repository/Выполнение бизнес-плана/Выполнение бизнес-плана Балансы/Значения со страницы Выполнение бизнес-плана/Table Data/План Потери за отчётный период 10' is: '3 128 610'

02-12-2024T02:37:40 - [MESSAGE][PASSED] - Text of object 'Object Repository/Выполнение бизнес-плана/Выполнение бизнес-плана Балансы/Значения со страницы Выполнение бизнес-плана/Table Data/План Потери за отчётный период 10' is: '3 128 610'

02-12-2024T02:37:40 - [TEST_STEP][PASSED] - x = x + "/" + z: null

02-12-2024T02:37:40 - [TEST_STEP][PASSED] - z = getText(findTestObject(path + "Список ДЗО")).replaceAll("[\r?
|
]", "/"): Text of object 'Object Repository/Выполнение бизнес-плана/Выполнение бизнес-плана Балансы/Список ДЗО' is: '-0.21
-0.07
3.72
-0.38
-0.53
0.09
0.09
3.84
-0.41
-0.05
-0.01
0.15
-0.11
-0.50
-0.27
-0.45
-0.05
Россети ФСКЕЭС
АО«Тываэнерго»
АО«Чеченэнерго»
РоссетиВолга
РоссетиКубань
РоссетиЛенэнерго(ГК)
РоссетиМосковскийрегион
РоссетиСеверныйКавказ
РоссетиСеверо-Запад
РоссетиСибирь
РоссетиТомск
РоссетиТюмень
Россети Урал(ГК)
РоссетиЦентр (ГК)
РоссетиЦентр иПриволжье(ГК)
Россети Юг(ГК)
РоссетиЯнтарь
0
2
4
6
-2
8'

02-12-2024T02:37:41 - [MESSAGE][PASSED] - Text of object 'Object Repository/Выполнение бизнес-плана/Выполнение бизнес-плана Балансы/Список ДЗО' is: '-0.21
-0.07
3.72
-0.38
-0.53
0.09
0.09
3.84
-0.41
-0.05
-0.01
0.15
-0.11
-0.50
-0.27
-0.45
-0.05
Россети ФСКЕЭС
АО«Тываэнерго»
АО«Чеченэнерго»
РоссетиВолга
РоссетиКубань
РоссетиЛенэнерго(ГК)
РоссетиМосковскийрегион
РоссетиСеверныйКавказ
РоссетиСеверо-Запад
РоссетиСибирь
РоссетиТомск
РоссетиТюмень
Россети Урал(ГК)
РоссетиЦентр (ГК)
РоссетиЦентр иПриволжье(ГК)
Россети Юг(ГК)
РоссетиЯнтарь
0
2
4
6
-2
8'

02-12-2024T02:37:41 - [TEST_STEP][PASSED] - for ([ii = 1, ii < dZONum, (ii++)]): null

02-12-2024T02:37:41 - [TEST_STEP][PASSED] - i1 = z.indexOf("/") + 1: null

02-12-2024T02:37:41 - [TEST_STEP][PASSED] - if (i1 > -1): null

02-12-2024T02:37:41 - [TEST_STEP][PASSED] - z = z.substring(i1, z.length()): null

02-12-2024T02:37:41 - [TEST_STEP][PASSED] - i1 = z.indexOf("/"): null

02-12-2024T02:37:41 - [TEST_STEP][PASSED] - i1 = z.indexOf("/") + 1: null

02-12-2024T02:37:41 - [TEST_STEP][PASSED] - if (i1 > -1): null

02-12-2024T02:37:41 - [TEST_STEP][PASSED] - z = z.substring(i1, z.length()): null

02-12-2024T02:37:41 - [TEST_STEP][PASSED] - i1 = z.indexOf("/"): null

02-12-2024T02:37:41 - [TEST_STEP][PASSED] - i1 = z.indexOf("/") + 1: null

02-12-2024T02:37:41 - [TEST_STEP][PASSED] - if (i1 > -1): null

02-12-2024T02:37:41 - [TEST_STEP][PASSED] - z = z.substring(i1, z.length()): null

02-12-2024T02:37:41 - [TEST_STEP][PASSED] - i1 = z.indexOf("/"): null

02-12-2024T02:37:41 - [TEST_STEP][PASSED] - i1 = z.indexOf("/") + 1: null

02-12-2024T02:37:41 - [TEST_STEP][PASSED] - if (i1 > -1): null

02-12-2024T02:37:41 - [TEST_STEP][PASSED] - z = z.substring(i1, z.length()): null

02-12-2024T02:37:41 - [TEST_STEP][PASSED] - i1 = z.indexOf("/"): null

02-12-2024T02:37:41 - [TEST_STEP][PASSED] - i1 = z.indexOf("/") + 1: null

02-12-2024T02:37:41 - [TEST_STEP][PASSED] - if (i1 > -1): null

02-12-2024T02:37:41 - [TEST_STEP][PASSED] - z = z.substring(i1, z.length()): null

02-12-2024T02:37:41 - [TEST_STEP][PASSED] - i1 = z.indexOf("/"): null

02-12-2024T02:37:41 - [TEST_STEP][PASSED] - i1 = z.indexOf("/") + 1: null

02-12-2024T02:37:41 - [TEST_STEP][PASSED] - if (i1 > -1): null

02-12-2024T02:37:41 - [TEST_STEP][PASSED] - z = z.substring(i1, z.length()): null

02-12-2024T02:37:41 - [TEST_STEP][PASSED] - i1 = z.indexOf("/"): null

02-12-2024T02:37:41 - [TEST_STEP][PASSED] - i1 = z.indexOf("/") + 1: null

02-12-2024T02:37:41 - [TEST_STEP][PASSED] - if (i1 > -1): null

02-12-2024T02:37:41 - [TEST_STEP][PASSED] - z = z.substring(i1, z.length()): null

02-12-2024T02:37:41 - [TEST_STEP][PASSED] - i1 = z.indexOf("/"): null

02-12-2024T02:37:41 - [TEST_STEP][PASSED] - i1 = z.indexOf("/") + 1: null

02-12-2024T02:37:41 - [TEST_STEP][PASSED] - if (i1 > -1): null

02-12-2024T02:37:41 - [TEST_STEP][PASSED] - z = z.substring(i1, z.length()): null

02-12-2024T02:37:41 - [TEST_STEP][PASSED] - i1 = z.indexOf("/"): null

02-12-2024T02:37:41 - [TEST_STEP][PASSED] - i1 = z.indexOf("/") + 1: null

02-12-2024T02:37:41 - [TEST_STEP][PASSED] - if (i1 > -1): null

02-12-2024T02:37:41 - [TEST_STEP][PASSED] - z = z.substring(i1, z.length()): null

02-12-2024T02:37:41 - [TEST_STEP][PASSED] - i1 = z.indexOf("/"): null

02-12-2024T02:37:41 - [TEST_STEP][PASSED] - i1 = z.indexOf("/"): null

02-12-2024T02:37:41 - [TEST_STEP][PASSED] - if (i1 > -1): null

02-12-2024T02:37:41 - [TEST_STEP][PASSED] - z = z.substring(0, i1): null

02-12-2024T02:37:41 - [TEST_STEP][PASSED] - z = z.replace(",", "."): null

02-12-2024T02:37:41 - [TEST_STEP][PASSED] - println(z): null

02-12-2024T02:37:41 - [TEST_STEP][PASSED] - x = x + "/" + z: null

02-12-2024T02:37:41 - [TEST_STEP][PASSED] - x = x.replaceAll("[\r?
|
]", ""): null

02-12-2024T02:37:41 - [TEST_STEP][PASSED] - println(x): null

02-12-2024T02:37:41 - [TEST_STEP][PASSED] - return x: null

02-12-2024T02:37:41 - [TEST_STEP][PASSED] - println("siB: " + siB): null

02-12-2024T02:37:41 - [TEST_STEP][PASSED] - i = VseDZO.indexOf("Томск"): null

02-12-2024T02:37:41 - [TEST_STEP][PASSED] - if (i > -1): null

02-12-2024T02:37:41 - [TEST_STEP][PASSED] - dZONum = dZONum + 1: null

02-12-2024T02:37:41 - [TEST_STEP][PASSED] - tomB = GetAllData(path, dZONum, VseDZO, x = "Россети Томск/"): null

02-12-2024T02:37:41 - [TEST_STEP][PASSED] - ii = <not implemented yet for class: org.codehaus.groovy.ast.expr.EmptyExpression>: null

02-12-2024T02:37:41 - [TEST_STEP][PASSED] - i1 = <not implemented yet for class: org.codehaus.groovy.ast.expr.EmptyExpression>: null

02-12-2024T02:37:41 - [TEST_STEP][PASSED] - z = <not implemented yet for class: org.codehaus.groovy.ast.expr.EmptyExpression>: null

02-12-2024T02:37:41 - [TEST_STEP][PASSED] - path2 = "Значения со страницы Выполнение бизнес-плана/Table Data/": null

02-12-2024T02:37:41 - [TEST_STEP][PASSED] - println("path: " + path): null

02-12-2024T02:37:41 - [TEST_STEP][PASSED] - println("dZONum: " + dZONum): null

02-12-2024T02:37:41 - [TEST_STEP][PASSED] - z = getText(findTestObject(path + "spanPlan" + dZONum)): Text of object 'Object Repository/Выполнение бизнес-плана/Выполнение бизнес-плана Балансы/spanPlan11' is: '8.29
|'

02-12-2024T02:37:41 - [MESSAGE][PASSED] - Text of object 'Object Repository/Выполнение бизнес-плана/Выполнение бизнес-плана Балансы/spanPlan11' is: '8.29
|'

02-12-2024T02:37:41 - [TEST_STEP][PASSED] - println(z): null

02-12-2024T02:37:41 - [TEST_STEP][PASSED] - ii = z.indexOf("|"): null

02-12-2024T02:37:41 - [TEST_STEP][PASSED] - if (ii > -1): null

02-12-2024T02:37:41 - [TEST_STEP][PASSED] - z = z.substring(0, z.length() - 1): null

02-12-2024T02:37:41 - [TEST_STEP][PASSED] - println(z): null

02-12-2024T02:37:41 - [TEST_STEP][PASSED] - z = z.replaceAll("\s+", ""): null

02-12-2024T02:37:41 - [TEST_STEP][PASSED] - z = z.replace("[\r?
|
]", "/"): null

02-12-2024T02:37:41 - [TEST_STEP][PASSED] - println(z): null

02-12-2024T02:37:41 - [TEST_STEP][PASSED] - x = x + z: null

02-12-2024T02:37:41 - [TEST_STEP][PASSED] - z = getText(findTestObject(path + "spanFact" + dZONum)): Text of object 'Object Repository/Выполнение бизнес-плана/Выполнение бизнес-плана Балансы/spanFact11' is: '8.28'

02-12-2024T02:37:41 - [MESSAGE][PASSED] - Text of object 'Object Repository/Выполнение бизнес-плана/Выполнение бизнес-плана Балансы/spanFact11' is: '8.28'

02-12-2024T02:37:41 - [TEST_STEP][PASSED] - ii = z.indexOf("|"): null

02-12-2024T02:37:41 - [TEST_STEP][PASSED] - if (ii > -1): null

02-12-2024T02:37:41 - [TEST_STEP][PASSED] - x = x + "/" + z: null

02-12-2024T02:37:41 - [TEST_STEP][PASSED] - z = getText(findTestObject(path + path2 + "Факт Отпуск в сеть за отчётный период " + dZONum)).replaceAll("\s+", ""): Text of object 'Object Repository/Выполнение бизнес-плана/Выполнение бизнес-плана Балансы/Значения со страницы Выполнение бизнес-плана/Table Data/Факт Отпуск в сеть за отчётный период 11' is: '4 235 220'

02-12-2024T02:37:42 - [MESSAGE][PASSED] - Text of object 'Object Repository/Выполнение бизнес-плана/Выполнение бизнес-плана Балансы/Значения со страницы Выполнение бизнес-плана/Table Data/Факт Отпуск в сеть за отчётный период 11' is: '4 235 220'

02-12-2024T02:37:42 - [TEST_STEP][PASSED] - x = x + "/" + z: null

02-12-2024T02:37:42 - [TEST_STEP][PASSED] - z = getText(findTestObject(path + path2 + "Факт Отпуск из сети за отчётный период " + dZONum)).replaceAll("\s+", ""): Text of object 'Object Repository/Выполнение бизнес-плана/Выполнение бизнес-плана Балансы/Значения со страницы Выполнение бизнес-плана/Table Data/Факт Отпуск из сети за отчётный период 11' is: '3 884 378'

02-12-2024T02:37:42 - [MESSAGE][PASSED] - Text of object 'Object Repository/Выполнение бизнес-плана/Выполнение бизнес-плана Балансы/Значения со страницы Выполнение бизнес-плана/Table Data/Факт Отпуск из сети за отчётный период 11' is: '3 884 378'

02-12-2024T02:37:42 - [TEST_STEP][PASSED] - x = x + "/" + z: null

02-12-2024T02:37:42 - [TEST_STEP][PASSED] - z = getText(findTestObject(path + path2 + "Факт Потери за отчётный период " + dZONum)).replaceAll("\s+", ""): Text of object 'Object Repository/Выполнение бизнес-плана/Выполнение бизнес-плана Балансы/Значения со страницы Выполнение бизнес-плана/Table Data/Факт Потери за отчётный период 11' is: '350 842'

02-12-2024T02:37:42 - [MESSAGE][PASSED] - Text of object 'Object Repository/Выполнение бизнес-плана/Выполнение бизнес-плана Балансы/Значения со страницы Выполнение бизнес-плана/Table Data/Факт Потери за отчётный период 11' is: '350 842'

02-12-2024T02:37:42 - [TEST_STEP][PASSED] - x = x + "/" + z: null

02-12-2024T02:37:42 - [TEST_STEP][PASSED] - z = getText(findTestObject(path + path2 + "План Отпуск в сеть за отчётный период " + dZONum)).replaceAll("\s+", ""): Text of object 'Object Repository/Выполнение бизнес-плана/Выполнение бизнес-плана Балансы/Значения со страницы Выполнение бизнес-плана/Table Data/План Отпуск в сеть за отчётный период 11' is: '4 062 314'

02-12-2024T02:37:43 - [MESSAGE][PASSED] - Text of object 'Object Repository/Выполнение бизнес-плана/Выполнение бизнес-плана Балансы/Значения со страницы Выполнение бизнес-плана/Table Data/План Отпуск в сеть за отчётный период 11' is: '4 062 314'

02-12-2024T02:37:43 - [TEST_STEP][PASSED] - x = x + "/" + z: null

02-12-2024T02:37:43 - [TEST_STEP][PASSED] - z = getText(findTestObject(path + path2 + "План Отпуск из сети за отчётный период " + dZONum)).replaceAll("\s+", ""): Text of object 'Object Repository/Выполнение бизнес-плана/Выполнение бизнес-плана Балансы/Значения со страницы Выполнение бизнес-плана/Table Data/План Отпуск из сети за отчётный период 11' is: '3 725 557'

02-12-2024T02:37:43 - [MESSAGE][PASSED] - Text of object 'Object Repository/Выполнение бизнес-плана/Выполнение бизнес-плана Балансы/Значения со страницы Выполнение бизнес-плана/Table Data/План Отпуск из сети за отчётный период 11' is: '3 725 557'

02-12-2024T02:37:43 - [TEST_STEP][PASSED] - x = x + "/" + z: null

02-12-2024T02:37:43 - [TEST_STEP][PASSED] - z = getText(findTestObject(path + path2 + "План Потери за отчётный период " + dZONum)).replaceAll("\s+", ""): Text of object 'Object Repository/Выполнение бизнес-плана/Выполнение бизнес-плана Балансы/Значения со страницы Выполнение бизнес-плана/Table Data/План Потери за отчётный период 11' is: '336 757'

02-12-2024T02:37:43 - [MESSAGE][PASSED] - Text of object 'Object Repository/Выполнение бизнес-плана/Выполнение бизнес-плана Балансы/Значения со страницы Выполнение бизнес-плана/Table Data/План Потери за отчётный период 11' is: '336 757'

02-12-2024T02:37:43 - [TEST_STEP][PASSED] - x = x + "/" + z: null

02-12-2024T02:37:43 - [TEST_STEP][PASSED] - z = getText(findTestObject(path + "Список ДЗО")).replaceAll("[\r?
|
]", "/"): Text of object 'Object Repository/Выполнение бизнес-плана/Выполнение бизнес-плана Балансы/Список ДЗО' is: '-0.21
-0.07
3.72
-0.38
-0.53
0.09
0.09
3.84
-0.41
-0.05
-0.01
0.15
-0.11
-0.50
-0.27
-0.45
-0.05
Россети ФСКЕЭС
АО«Тываэнерго»
АО«Чеченэнерго»
РоссетиВолга
РоссетиКубань
РоссетиЛенэнерго(ГК)
РоссетиМосковскийрегион
РоссетиСеверныйКавказ
РоссетиСеверо-Запад
РоссетиСибирь
РоссетиТомск
РоссетиТюмень
Россети Урал(ГК)
РоссетиЦентр (ГК)
РоссетиЦентр иПриволжье(ГК)
Россети Юг(ГК)
РоссетиЯнтарь
0
2
4
6
-2
8'

02-12-2024T02:37:44 - [MESSAGE][PASSED] - Text of object 'Object Repository/Выполнение бизнес-плана/Выполнение бизнес-плана Балансы/Список ДЗО' is: '-0.21
-0.07
3.72
-0.38
-0.53
0.09
0.09
3.84
-0.41
-0.05
-0.01
0.15
-0.11
-0.50
-0.27
-0.45
-0.05
Россети ФСКЕЭС
АО«Тываэнерго»
АО«Чеченэнерго»
РоссетиВолга
РоссетиКубань
РоссетиЛенэнерго(ГК)
РоссетиМосковскийрегион
РоссетиСеверныйКавказ
РоссетиСеверо-Запад
РоссетиСибирь
РоссетиТомск
РоссетиТюмень
Россети Урал(ГК)
РоссетиЦентр (ГК)
РоссетиЦентр иПриволжье(ГК)
Россети Юг(ГК)
РоссетиЯнтарь
0
2
4
6
-2
8'

02-12-2024T02:37:44 - [TEST_STEP][PASSED] - for ([ii = 1, ii < dZONum, (ii++)]): null

02-12-2024T02:37:44 - [TEST_STEP][PASSED] - i1 = z.indexOf("/") + 1: null

02-12-2024T02:37:44 - [TEST_STEP][PASSED] - if (i1 > -1): null

02-12-2024T02:37:44 - [TEST_STEP][PASSED] - z = z.substring(i1, z.length()): null

02-12-2024T02:37:44 - [TEST_STEP][PASSED] - i1 = z.indexOf("/"): null

02-12-2024T02:37:44 - [TEST_STEP][PASSED] - i1 = z.indexOf("/") + 1: null

02-12-2024T02:37:44 - [TEST_STEP][PASSED] - if (i1 > -1): null

02-12-2024T02:37:44 - [TEST_STEP][PASSED] - z = z.substring(i1, z.length()): null

02-12-2024T02:37:44 - [TEST_STEP][PASSED] - i1 = z.indexOf("/"): null

02-12-2024T02:37:44 - [TEST_STEP][PASSED] - i1 = z.indexOf("/") + 1: null

02-12-2024T02:37:44 - [TEST_STEP][PASSED] - if (i1 > -1): null

02-12-2024T02:37:44 - [TEST_STEP][PASSED] - z = z.substring(i1, z.length()): null

02-12-2024T02:37:44 - [TEST_STEP][PASSED] - i1 = z.indexOf("/"): null

02-12-2024T02:37:44 - [TEST_STEP][PASSED] - i1 = z.indexOf("/") + 1: null

02-12-2024T02:37:44 - [TEST_STEP][PASSED] - if (i1 > -1): null

02-12-2024T02:37:44 - [TEST_STEP][PASSED] - z = z.substring(i1, z.length()): null

02-12-2024T02:37:44 - [TEST_STEP][PASSED] - i1 = z.indexOf("/"): null

02-12-2024T02:37:44 - [TEST_STEP][PASSED] - i1 = z.indexOf("/") + 1: null

02-12-2024T02:37:44 - [TEST_STEP][PASSED] - if (i1 > -1): null

02-12-2024T02:37:44 - [TEST_STEP][PASSED] - z = z.substring(i1, z.length()): null

02-12-2024T02:37:44 - [TEST_STEP][PASSED] - i1 = z.indexOf("/"): null

02-12-2024T02:37:44 - [TEST_STEP][PASSED] - i1 = z.indexOf("/") + 1: null

02-12-2024T02:37:44 - [TEST_STEP][PASSED] - if (i1 > -1): null

02-12-2024T02:37:44 - [TEST_STEP][PASSED] - z = z.substring(i1, z.length()): null

02-12-2024T02:37:44 - [TEST_STEP][PASSED] - i1 = z.indexOf("/"): null

02-12-2024T02:37:44 - [TEST_STEP][PASSED] - i1 = z.indexOf("/") + 1: null

02-12-2024T02:37:44 - [TEST_STEP][PASSED] - if (i1 > -1): null

02-12-2024T02:37:44 - [TEST_STEP][PASSED] - z = z.substring(i1, z.length()): null

02-12-2024T02:37:44 - [TEST_STEP][PASSED] - i1 = z.indexOf("/"): null

02-12-2024T02:37:44 - [TEST_STEP][PASSED] - i1 = z.indexOf("/") + 1: null

02-12-2024T02:37:44 - [TEST_STEP][PASSED] - if (i1 > -1): null

02-12-2024T02:37:44 - [TEST_STEP][PASSED] - z = z.substring(i1, z.length()): null

02-12-2024T02:37:44 - [TEST_STEP][PASSED] - i1 = z.indexOf("/"): null

02-12-2024T02:37:44 - [TEST_STEP][PASSED] - i1 = z.indexOf("/") + 1: null

02-12-2024T02:37:44 - [TEST_STEP][PASSED] - if (i1 > -1): null

02-12-2024T02:37:44 - [TEST_STEP][PASSED] - z = z.substring(i1, z.length()): null

02-12-2024T02:37:44 - [TEST_STEP][PASSED] - i1 = z.indexOf("/"): null

02-12-2024T02:37:44 - [TEST_STEP][PASSED] - i1 = z.indexOf("/") + 1: null

02-12-2024T02:37:44 - [TEST_STEP][PASSED] - if (i1 > -1): null

02-12-2024T02:37:44 - [TEST_STEP][PASSED] - z = z.substring(i1, z.length()): null

02-12-2024T02:37:44 - [TEST_STEP][PASSED] - i1 = z.indexOf("/"): null

02-12-2024T02:37:44 - [TEST_STEP][PASSED] - i1 = z.indexOf("/"): null

02-12-2024T02:37:44 - [TEST_STEP][PASSED] - if (i1 > -1): null

02-12-2024T02:37:44 - [TEST_STEP][PASSED] - z = z.substring(0, i1): null

02-12-2024T02:37:44 - [TEST_STEP][PASSED] - z = z.replace(",", "."): null

02-12-2024T02:37:44 - [TEST_STEP][PASSED] - println(z): null

02-12-2024T02:37:44 - [TEST_STEP][PASSED] - x = x + "/" + z: null

02-12-2024T02:37:44 - [TEST_STEP][PASSED] - x = x.replaceAll("[\r?
|
]", ""): null

02-12-2024T02:37:44 - [TEST_STEP][PASSED] - println(x): null

02-12-2024T02:37:44 - [TEST_STEP][PASSED] - return x: null

02-12-2024T02:37:44 - [TEST_STEP][PASSED] - println("tomB: " + tomB): null

02-12-2024T02:37:44 - [TEST_STEP][PASSED] - i = VseDZO.indexOf("Тюмень"): null

02-12-2024T02:37:44 - [TEST_STEP][PASSED] - if (i > -1): null

02-12-2024T02:37:44 - [TEST_STEP][PASSED] - dZONum = dZONum + 1: null

02-12-2024T02:37:44 - [TEST_STEP][PASSED] - tyumB = GetAllData(path, dZONum, VseDZO, x = "Россети Тюмень/"): null

02-12-2024T02:37:44 - [TEST_STEP][PASSED] - ii = <not implemented yet for class: org.codehaus.groovy.ast.expr.EmptyExpression>: null

02-12-2024T02:37:44 - [TEST_STEP][PASSED] - i1 = <not implemented yet for class: org.codehaus.groovy.ast.expr.EmptyExpression>: null

02-12-2024T02:37:44 - [TEST_STEP][PASSED] - z = <not implemented yet for class: org.codehaus.groovy.ast.expr.EmptyExpression>: null

02-12-2024T02:37:44 - [TEST_STEP][PASSED] - path2 = "Значения со страницы Выполнение бизнес-плана/Table Data/": null

02-12-2024T02:37:44 - [TEST_STEP][PASSED] - println("path: " + path): null

02-12-2024T02:37:44 - [TEST_STEP][PASSED] - println("dZONum: " + dZONum): null

02-12-2024T02:37:44 - [TEST_STEP][PASSED] - z = getText(findTestObject(path + "spanPlan" + dZONum)): Text of object 'Object Repository/Выполнение бизнес-плана/Выполнение бизнес-плана Балансы/spanPlan12' is: '2.50'

02-12-2024T02:37:44 - [MESSAGE][PASSED] - Text of object 'Object Repository/Выполнение бизнес-плана/Выполнение бизнес-плана Балансы/spanPlan12' is: '2.50'

02-12-2024T02:37:44 - [TEST_STEP][PASSED] - println(z): null

02-12-2024T02:37:44 - [TEST_STEP][PASSED] - ii = z.indexOf("|"): null

02-12-2024T02:37:44 - [TEST_STEP][PASSED] - if (ii > -1): null

02-12-2024T02:37:44 - [TEST_STEP][PASSED] - z = z.replaceAll("\s+", ""): null

02-12-2024T02:37:44 - [TEST_STEP][PASSED] - z = z.replace("[\r?
|
]", "/"): null

02-12-2024T02:37:44 - [TEST_STEP][PASSED] - println(z): null

02-12-2024T02:37:44 - [TEST_STEP][PASSED] - x = x + z: null

02-12-2024T02:37:44 - [TEST_STEP][PASSED] - z = getText(findTestObject(path + "spanFact" + dZONum)): Text of object 'Object Repository/Выполнение бизнес-плана/Выполнение бизнес-плана Балансы/spanFact12' is: '2.65
|'

02-12-2024T02:37:44 - [MESSAGE][PASSED] - Text of object 'Object Repository/Выполнение бизнес-плана/Выполнение бизнес-плана Балансы/spanFact12' is: '2.65
|'

02-12-2024T02:37:44 - [TEST_STEP][PASSED] - ii = z.indexOf("|"): null

02-12-2024T02:37:44 - [TEST_STEP][PASSED] - if (ii > -1): null

02-12-2024T02:37:44 - [TEST_STEP][PASSED] - z = length() - 1).replace("[\r?
|
]", "/"): null

02-12-2024T02:37:44 - [TEST_STEP][PASSED] - x = x + "/" + z: null

02-12-2024T02:37:44 - [TEST_STEP][PASSED] - z = getText(findTestObject(path + path2 + "Факт Отпуск в сеть за отчётный период " + dZONum)).replaceAll("\s+", ""): Text of object 'Object Repository/Выполнение бизнес-плана/Выполнение бизнес-плана Балансы/Значения со страницы Выполнение бизнес-плана/Table Data/Факт Отпуск в сеть за отчётный период 12' is: '43 413 766'

02-12-2024T02:37:45 - [MESSAGE][PASSED] - Text of object 'Object Repository/Выполнение бизнес-плана/Выполнение бизнес-плана Балансы/Значения со страницы Выполнение бизнес-плана/Table Data/Факт Отпуск в сеть за отчётный период 12' is: '43 413 766'

02-12-2024T02:37:45 - [TEST_STEP][PASSED] - x = x + "/" + z: null

02-12-2024T02:37:45 - [TEST_STEP][PASSED] - z = getText(findTestObject(path + path2 + "Факт Отпуск из сети за отчётный период " + dZONum)).replaceAll("\s+", ""): Text of object 'Object Repository/Выполнение бизнес-плана/Выполнение бизнес-плана Балансы/Значения со страницы Выполнение бизнес-плана/Table Data/Факт Отпуск из сети за отчётный период 12' is: '42 264 622'

02-12-2024T02:37:45 - [MESSAGE][PASSED] - Text of object 'Object Repository/Выполнение бизнес-плана/Выполнение бизнес-плана Балансы/Значения со страницы Выполнение бизнес-плана/Table Data/Факт Отпуск из сети за отчётный период 12' is: '42 264 622'

02-12-2024T02:37:45 - [TEST_STEP][PASSED] - x = x + "/" + z: null

02-12-2024T02:37:45 - [TEST_STEP][PASSED] - z = getText(findTestObject(path + path2 + "Факт Потери за отчётный период " + dZONum)).replaceAll("\s+", ""): Text of object 'Object Repository/Выполнение бизнес-плана/Выполнение бизнес-плана Балансы/Значения со страницы Выполнение бизнес-плана/Table Data/Факт Потери за отчётный период 12' is: '1 149 143'

02-12-2024T02:37:45 - [MESSAGE][PASSED] - Text of object 'Object Repository/Выполнение бизнес-плана/Выполнение бизнес-плана Балансы/Значения со страницы Выполнение бизнес-плана/Table Data/Факт Потери за отчётный период 12' is: '1 149 143'

02-12-2024T02:37:45 - [TEST_STEP][PASSED] - x = x + "/" + z: null

02-12-2024T02:37:45 - [TEST_STEP][PASSED] - z = getText(findTestObject(path + path2 + "План Отпуск в сеть за отчётный период " + dZONum)).replaceAll("\s+", ""): Text of object 'Object Repository/Выполнение бизнес-плана/Выполнение бизнес-плана Балансы/Значения со страницы Выполнение бизнес-плана/Table Data/План Отпуск в сеть за отчётный период 12' is: '45 056 130'

02-12-2024T02:37:45 - [MESSAGE][PASSED] - Text of object 'Object Repository/Выполнение бизнес-плана/Выполнение бизнес-плана Балансы/Значения со страницы Выполнение бизнес-плана/Table Data/План Отпуск в сеть за отчётный период 12' is: '45 056 130'

02-12-2024T02:37:45 - [TEST_STEP][PASSED] - x = x + "/" + z: null

02-12-2024T02:37:45 - [TEST_STEP][PASSED] - z = getText(findTestObject(path + path2 + "План Отпуск из сети за отчётный период " + dZONum)).replaceAll("\s+", ""): Text of object 'Object Repository/Выполнение бизнес-плана/Выполнение бизнес-плана Балансы/Значения со страницы Выполнение бизнес-плана/Table Data/План Отпуск из сети за отчётный период 12' is: '43 930 370'

02-12-2024T02:37:46 - [MESSAGE][PASSED] - Text of object 'Object Repository/Выполнение бизнес-плана/Выполнение бизнес-плана Балансы/Значения со страницы Выполнение бизнес-плана/Table Data/План Отпуск из сети за отчётный период 12' is: '43 930 370'

02-12-2024T02:37:46 - [TEST_STEP][PASSED] - x = x + "/" + z: null

02-12-2024T02:37:46 - [TEST_STEP][PASSED] - z = getText(findTestObject(path + path2 + "План Потери за отчётный период " + dZONum)).replaceAll("\s+", ""): Text of object 'Object Repository/Выполнение бизнес-плана/Выполнение бизнес-плана Балансы/Значения со страницы Выполнение бизнес-плана/Table Data/План Потери за отчётный период 12' is: '1 125 760'

02-12-2024T02:37:46 - [MESSAGE][PASSED] - Text of object 'Object Repository/Выполнение бизнес-плана/Выполнение бизнес-плана Балансы/Значения со страницы Выполнение бизнес-плана/Table Data/План Потери за отчётный период 12' is: '1 125 760'

02-12-2024T02:37:46 - [TEST_STEP][PASSED] - x = x + "/" + z: null

02-12-2024T02:37:46 - [TEST_STEP][PASSED] - z = getText(findTestObject(path + "Список ДЗО")).replaceAll("[\r?
|
]", "/"): Text of object 'Object Repository/Выполнение бизнес-плана/Выполнение бизнес-плана Балансы/Список ДЗО' is: '-0.21
-0.07
3.72
-0.38
-0.53
0.09
0.09
3.84
-0.41
-0.05
-0.01
0.15
-0.11
-0.50
-0.27
-0.45
-0.05
Россети ФСКЕЭС
АО«Тываэнерго»
АО«Чеченэнерго»
РоссетиВолга
РоссетиКубань
РоссетиЛенэнерго(ГК)
РоссетиМосковскийрегион
РоссетиСеверныйКавказ
РоссетиСеверо-Запад
РоссетиСибирь
РоссетиТомск
РоссетиТюмень
Россети Урал(ГК)
РоссетиЦентр (ГК)
РоссетиЦентр иПриволжье(ГК)
Россети Юг(ГК)
РоссетиЯнтарь
0
2
4
6
-2
8'

02-12-2024T02:37:46 - [MESSAGE][PASSED] - Text of object 'Object Repository/Выполнение бизнес-плана/Выполнение бизнес-плана Балансы/Список ДЗО' is: '-0.21
-0.07
3.72
-0.38
-0.53
0.09
0.09
3.84
-0.41
-0.05
-0.01
0.15
-0.11
-0.50
-0.27
-0.45
-0.05
Россети ФСКЕЭС
АО«Тываэнерго»
АО«Чеченэнерго»
РоссетиВолга
РоссетиКубань
РоссетиЛенэнерго(ГК)
РоссетиМосковскийрегион
РоссетиСеверныйКавказ
РоссетиСеверо-Запад
РоссетиСибирь
РоссетиТомск
РоссетиТюмень
Россети Урал(ГК)
РоссетиЦентр (ГК)
РоссетиЦентр иПриволжье(ГК)
Россети Юг(ГК)
РоссетиЯнтарь
0
2
4
6
-2
8'

02-12-2024T02:37:46 - [TEST_STEP][PASSED] - for ([ii = 1, ii < dZONum, (ii++)]): null

02-12-2024T02:37:46 - [TEST_STEP][PASSED] - i1 = z.indexOf("/") + 1: null

02-12-2024T02:37:46 - [TEST_STEP][PASSED] - if (i1 > -1): null

02-12-2024T02:37:46 - [TEST_STEP][PASSED] - z = z.substring(i1, z.length()): null

02-12-2024T02:37:46 - [TEST_STEP][PASSED] - i1 = z.indexOf("/"): null

02-12-2024T02:37:46 - [TEST_STEP][PASSED] - i1 = z.indexOf("/") + 1: null

02-12-2024T02:37:46 - [TEST_STEP][PASSED] - if (i1 > -1): null

02-12-2024T02:37:46 - [TEST_STEP][PASSED] - z = z.substring(i1, z.length()): null

02-12-2024T02:37:46 - [TEST_STEP][PASSED] - i1 = z.indexOf("/"): null

02-12-2024T02:37:46 - [TEST_STEP][PASSED] - i1 = z.indexOf("/") + 1: null

02-12-2024T02:37:46 - [TEST_STEP][PASSED] - if (i1 > -1): null

02-12-2024T02:37:46 - [TEST_STEP][PASSED] - z = z.substring(i1, z.length()): null

02-12-2024T02:37:46 - [TEST_STEP][PASSED] - i1 = z.indexOf("/"): null

02-12-2024T02:37:46 - [TEST_STEP][PASSED] - i1 = z.indexOf("/") + 1: null

02-12-2024T02:37:46 - [TEST_STEP][PASSED] - if (i1 > -1): null

02-12-2024T02:37:46 - [TEST_STEP][PASSED] - z = z.substring(i1, z.length()): null

02-12-2024T02:37:46 - [TEST_STEP][PASSED] - i1 = z.indexOf("/"): null

02-12-2024T02:37:46 - [TEST_STEP][PASSED] - i1 = z.indexOf("/") + 1: null

02-12-2024T02:37:46 - [TEST_STEP][PASSED] - if (i1 > -1): null

02-12-2024T02:37:46 - [TEST_STEP][PASSED] - z = z.substring(i1, z.length()): null

02-12-2024T02:37:46 - [TEST_STEP][PASSED] - i1 = z.indexOf("/"): null

02-12-2024T02:37:46 - [TEST_STEP][PASSED] - i1 = z.indexOf("/") + 1: null

02-12-2024T02:37:46 - [TEST_STEP][PASSED] - if (i1 > -1): null

02-12-2024T02:37:46 - [TEST_STEP][PASSED] - z = z.substring(i1, z.length()): null

02-12-2024T02:37:46 - [TEST_STEP][PASSED] - i1 = z.indexOf("/"): null

02-12-2024T02:37:46 - [TEST_STEP][PASSED] - i1 = z.indexOf("/") + 1: null

02-12-2024T02:37:46 - [TEST_STEP][PASSED] - if (i1 > -1): null

02-12-2024T02:37:46 - [TEST_STEP][PASSED] - z = z.substring(i1, z.length()): null

02-12-2024T02:37:46 - [TEST_STEP][PASSED] - i1 = z.indexOf("/"): null

02-12-2024T02:37:46 - [TEST_STEP][PASSED] - i1 = z.indexOf("/") + 1: null

02-12-2024T02:37:46 - [TEST_STEP][PASSED] - if (i1 > -1): null

02-12-2024T02:37:46 - [TEST_STEP][PASSED] - z = z.substring(i1, z.length()): null

02-12-2024T02:37:46 - [TEST_STEP][PASSED] - i1 = z.indexOf("/"): null

02-12-2024T02:37:46 - [TEST_STEP][PASSED] - i1 = z.indexOf("/") + 1: null

02-12-2024T02:37:46 - [TEST_STEP][PASSED] - if (i1 > -1): null

02-12-2024T02:37:46 - [TEST_STEP][PASSED] - z = z.substring(i1, z.length()): null

02-12-2024T02:37:46 - [TEST_STEP][PASSED] - i1 = z.indexOf("/"): null

02-12-2024T02:37:46 - [TEST_STEP][PASSED] - i1 = z.indexOf("/") + 1: null

02-12-2024T02:37:46 - [TEST_STEP][PASSED] - if (i1 > -1): null

02-12-2024T02:37:46 - [TEST_STEP][PASSED] - z = z.substring(i1, z.length()): null

02-12-2024T02:37:46 - [TEST_STEP][PASSED] - i1 = z.indexOf("/"): null

02-12-2024T02:37:46 - [TEST_STEP][PASSED] - i1 = z.indexOf("/") + 1: null

02-12-2024T02:37:46 - [TEST_STEP][PASSED] - if (i1 > -1): null

02-12-2024T02:37:46 - [TEST_STEP][PASSED] - z = z.substring(i1, z.length()): null

02-12-2024T02:37:46 - [TEST_STEP][PASSED] - i1 = z.indexOf("/"): null

02-12-2024T02:37:46 - [TEST_STEP][PASSED] - i1 = z.indexOf("/"): null

02-12-2024T02:37:46 - [TEST_STEP][PASSED] - if (i1 > -1): null

02-12-2024T02:37:46 - [TEST_STEP][PASSED] - z = z.substring(0, i1): null

02-12-2024T02:37:46 - [TEST_STEP][PASSED] - z = z.replace(",", "."): null

02-12-2024T02:37:46 - [TEST_STEP][PASSED] - println(z): null

02-12-2024T02:37:46 - [TEST_STEP][PASSED] - x = x + "/" + z: null

02-12-2024T02:37:46 - [TEST_STEP][PASSED] - x = x.replaceAll("[\r?
|
]", ""): null

02-12-2024T02:37:46 - [TEST_STEP][PASSED] - println(x): null

02-12-2024T02:37:46 - [TEST_STEP][PASSED] - return x: null

02-12-2024T02:37:46 - [TEST_STEP][PASSED] - println("tyumB: " + tyumB): null

02-12-2024T02:37:46 - [TEST_STEP][PASSED] - i = VseDZO.indexOf("Урал"): null

02-12-2024T02:37:46 - [TEST_STEP][PASSED] - if (i > -1): null

02-12-2024T02:37:46 - [TEST_STEP][PASSED] - dZONum = dZONum + 1: null

02-12-2024T02:37:46 - [TEST_STEP][PASSED] - urB = GetAllData(path, dZONum, VseDZO, x = "Россети Урал (ГК)/"): null

02-12-2024T02:37:46 - [TEST_STEP][PASSED] - ii = <not implemented yet for class: org.codehaus.groovy.ast.expr.EmptyExpression>: null

02-12-2024T02:37:46 - [TEST_STEP][PASSED] - i1 = <not implemented yet for class: org.codehaus.groovy.ast.expr.EmptyExpression>: null

02-12-2024T02:37:46 - [TEST_STEP][PASSED] - z = <not implemented yet for class: org.codehaus.groovy.ast.expr.EmptyExpression>: null

02-12-2024T02:37:46 - [TEST_STEP][PASSED] - path2 = "Значения со страницы Выполнение бизнес-плана/Table Data/": null

02-12-2024T02:37:46 - [TEST_STEP][PASSED] - println("path: " + path): null

02-12-2024T02:37:46 - [TEST_STEP][PASSED] - println("dZONum: " + dZONum): null

02-12-2024T02:37:46 - [TEST_STEP][PASSED] - z = getText(findTestObject(path + "spanPlan" + dZONum)): Text of object 'Object Repository/Выполнение бизнес-плана/Выполнение бизнес-плана Балансы/spanPlan13' is: '5.87
|'

02-12-2024T02:37:47 - [MESSAGE][PASSED] - Text of object 'Object Repository/Выполнение бизнес-плана/Выполнение бизнес-плана Балансы/spanPlan13' is: '5.87
|'

02-12-2024T02:37:47 - [TEST_STEP][PASSED] - println(z): null

02-12-2024T02:37:47 - [TEST_STEP][PASSED] - ii = z.indexOf("|"): null

02-12-2024T02:37:47 - [TEST_STEP][PASSED] - if (ii > -1): null

02-12-2024T02:37:47 - [TEST_STEP][PASSED] - z = z.substring(0, z.length() - 1): null

02-12-2024T02:37:47 - [TEST_STEP][PASSED] - println(z): null

02-12-2024T02:37:47 - [TEST_STEP][PASSED] - z = z.replaceAll("\s+", ""): null

02-12-2024T02:37:47 - [TEST_STEP][PASSED] - z = z.replace("[\r?
|
]", "/"): null

02-12-2024T02:37:47 - [TEST_STEP][PASSED] - println(z): null

02-12-2024T02:37:47 - [TEST_STEP][PASSED] - x = x + z: null

02-12-2024T02:37:47 - [TEST_STEP][PASSED] - z = getText(findTestObject(path + "spanFact" + dZONum)): Text of object 'Object Repository/Выполнение бизнес-плана/Выполнение бизнес-плана Балансы/spanFact13' is: '5.76'

02-12-2024T02:37:47 - [MESSAGE][PASSED] - Text of object 'Object Repository/Выполнение бизнес-плана/Выполнение бизнес-плана Балансы/spanFact13' is: '5.76'

02-12-2024T02:37:47 - [TEST_STEP][PASSED] - ii = z.indexOf("|"): null

02-12-2024T02:37:47 - [TEST_STEP][PASSED] - if (ii > -1): null

02-12-2024T02:37:47 - [TEST_STEP][PASSED] - x = x + "/" + z: null

02-12-2024T02:37:47 - [TEST_STEP][PASSED] - z = getText(findTestObject(path + path2 + "Факт Отпуск в сеть за отчётный период " + dZONum)).replaceAll("\s+", ""): Text of object 'Object Repository/Выполнение бизнес-плана/Выполнение бизнес-плана Балансы/Значения со страницы Выполнение бизнес-плана/Table Data/Факт Отпуск в сеть за отчётный период 13' is: '60 236 197'

02-12-2024T02:37:47 - [MESSAGE][PASSED] - Text of object 'Object Repository/Выполнение бизнес-плана/Выполнение бизнес-плана Балансы/Значения со страницы Выполнение бизнес-плана/Table Data/Факт Отпуск в сеть за отчётный период 13' is: '60 236 197'

02-12-2024T02:37:47 - [TEST_STEP][PASSED] - x = x + "/" + z: null

02-12-2024T02:37:47 - [TEST_STEP][PASSED] - z = getText(findTestObject(path + path2 + "Факт Отпуск из сети за отчётный период " + dZONum)).replaceAll("\s+", ""): Text of object 'Object Repository/Выполнение бизнес-плана/Выполнение бизнес-плана Балансы/Значения со страницы Выполнение бизнес-плана/Table Data/Факт Отпуск из сети за отчётный период 13' is: '56 765 393'

02-12-2024T02:37:48 - [MESSAGE][PASSED] - Text of object 'Object Repository/Выполнение бизнес-плана/Выполнение бизнес-плана Балансы/Значения со страницы Выполнение бизнес-плана/Table Data/Факт Отпуск из сети за отчётный период 13' is: '56 765 393'

02-12-2024T02:37:48 - [TEST_STEP][PASSED] - x = x + "/" + z: null

02-12-2024T02:37:48 - [TEST_STEP][PASSED] - z = getText(findTestObject(path + path2 + "Факт Потери за отчётный период " + dZONum)).replaceAll("\s+", ""): Text of object 'Object Repository/Выполнение бизнес-плана/Выполнение бизнес-плана Балансы/Значения со страницы Выполнение бизнес-плана/Table Data/Факт Потери за отчётный период 13' is: '3 470 805'

02-12-2024T02:37:48 - [MESSAGE][PASSED] - Text of object 'Object Repository/Выполнение бизнес-плана/Выполнение бизнес-плана Балансы/Значения со страницы Выполнение бизнес-плана/Table Data/Факт Потери за отчётный период 13' is: '3 470 805'

02-12-2024T02:37:48 - [TEST_STEP][PASSED] - x = x + "/" + z: null

02-12-2024T02:37:48 - [TEST_STEP][PASSED] - z = getText(findTestObject(path + path2 + "План Отпуск в сеть за отчётный период " + dZONum)).replaceAll("\s+", ""): Text of object 'Object Repository/Выполнение бизнес-плана/Выполнение бизнес-плана Балансы/Значения со страницы Выполнение бизнес-плана/Table Data/План Отпуск в сеть за отчётный период 13' is: '66 176 856'

02-12-2024T02:37:48 - [MESSAGE][PASSED] - Text of object 'Object Repository/Выполнение бизнес-плана/Выполнение бизнес-плана Балансы/Значения со страницы Выполнение бизнес-плана/Table Data/План Отпуск в сеть за отчётный период 13' is: '66 176 856'

02-12-2024T02:37:48 - [TEST_STEP][PASSED] - x = x + "/" + z: null

02-12-2024T02:37:48 - [TEST_STEP][PASSED] - z = getText(findTestObject(path + path2 + "План Отпуск из сети за отчётный период " + dZONum)).replaceAll("\s+", ""): Text of object 'Object Repository/Выполнение бизнес-плана/Выполнение бизнес-плана Балансы/Значения со страницы Выполнение бизнес-плана/Table Data/План Отпуск из сети за отчётный период 13' is: '62 251 551'

02-12-2024T02:37:49 - [MESSAGE][PASSED] - Text of object 'Object Repository/Выполнение бизнес-плана/Выполнение бизнес-плана Балансы/Значения со страницы Выполнение бизнес-плана/Table Data/План Отпуск из сети за отчётный период 13' is: '62 251 551'

02-12-2024T02:37:49 - [TEST_STEP][PASSED] - x = x + "/" + z: null

02-12-2024T02:37:49 - [TEST_STEP][PASSED] - z = getText(findTestObject(path + path2 + "План Потери за отчётный период " + dZONum)).replaceAll("\s+", ""): Text of object 'Object Repository/Выполнение бизнес-плана/Выполнение бизнес-плана Балансы/Значения со страницы Выполнение бизнес-плана/Table Data/План Потери за отчётный период 13' is: '3 925 305'

02-12-2024T02:37:49 - [MESSAGE][PASSED] - Text of object 'Object Repository/Выполнение бизнес-плана/Выполнение бизнес-плана Балансы/Значения со страницы Выполнение бизнес-плана/Table Data/План Потери за отчётный период 13' is: '3 925 305'

02-12-2024T02:37:49 - [TEST_STEP][PASSED] - x = x + "/" + z: null

02-12-2024T02:37:49 - [TEST_STEP][PASSED] - z = getText(findTestObject(path + "Список ДЗО")).replaceAll("[\r?
|
]", "/"): Text of object 'Object Repository/Выполнение бизнес-плана/Выполнение бизнес-плана Балансы/Список ДЗО' is: '-0.21
-0.07
3.72
-0.38
-0.53
0.09
0.09
3.84
-0.41
-0.05
-0.01
0.15
-0.11
-0.50
-0.27
-0.45
-0.05
Россети ФСКЕЭС
АО«Тываэнерго»
АО«Чеченэнерго»
РоссетиВолга
РоссетиКубань
РоссетиЛенэнерго(ГК)
РоссетиМосковскийрегион
РоссетиСеверныйКавказ
РоссетиСеверо-Запад
РоссетиСибирь
РоссетиТомск
РоссетиТюмень
Россети Урал(ГК)
РоссетиЦентр (ГК)
РоссетиЦентр иПриволжье(ГК)
Россети Юг(ГК)
РоссетиЯнтарь
0
2
4
6
-2
8'

02-12-2024T02:37:49 - [MESSAGE][PASSED] - Text of object 'Object Repository/Выполнение бизнес-плана/Выполнение бизнес-плана Балансы/Список ДЗО' is: '-0.21
-0.07
3.72
-0.38
-0.53
0.09
0.09
3.84
-0.41
-0.05
-0.01
0.15
-0.11
-0.50
-0.27
-0.45
-0.05
Россети ФСКЕЭС
АО«Тываэнерго»
АО«Чеченэнерго»
РоссетиВолга
РоссетиКубань
РоссетиЛенэнерго(ГК)
РоссетиМосковскийрегион
РоссетиСеверныйКавказ
РоссетиСеверо-Запад
РоссетиСибирь
РоссетиТомск
РоссетиТюмень
Россети Урал(ГК)
РоссетиЦентр (ГК)
РоссетиЦентр иПриволжье(ГК)
Россети Юг(ГК)
РоссетиЯнтарь
0
2
4
6
-2
8'

02-12-2024T02:37:49 - [TEST_STEP][PASSED] - for ([ii = 1, ii < dZONum, (ii++)]): null

02-12-2024T02:37:49 - [TEST_STEP][PASSED] - i1 = z.indexOf("/") + 1: null

02-12-2024T02:37:49 - [TEST_STEP][PASSED] - if (i1 > -1): null

02-12-2024T02:37:49 - [TEST_STEP][PASSED] - z = z.substring(i1, z.length()): null

02-12-2024T02:37:49 - [TEST_STEP][PASSED] - i1 = z.indexOf("/"): null

02-12-2024T02:37:49 - [TEST_STEP][PASSED] - i1 = z.indexOf("/") + 1: null

02-12-2024T02:37:49 - [TEST_STEP][PASSED] - if (i1 > -1): null

02-12-2024T02:37:49 - [TEST_STEP][PASSED] - z = z.substring(i1, z.length()): null

02-12-2024T02:37:49 - [TEST_STEP][PASSED] - i1 = z.indexOf("/"): null

02-12-2024T02:37:49 - [TEST_STEP][PASSED] - i1 = z.indexOf("/") + 1: null

02-12-2024T02:37:49 - [TEST_STEP][PASSED] - if (i1 > -1): null

02-12-2024T02:37:49 - [TEST_STEP][PASSED] - z = z.substring(i1, z.length()): null

02-12-2024T02:37:49 - [TEST_STEP][PASSED] - i1 = z.indexOf("/"): null

02-12-2024T02:37:49 - [TEST_STEP][PASSED] - i1 = z.indexOf("/") + 1: null

02-12-2024T02:37:49 - [TEST_STEP][PASSED] - if (i1 > -1): null

02-12-2024T02:37:49 - [TEST_STEP][PASSED] - z = z.substring(i1, z.length()): null

02-12-2024T02:37:49 - [TEST_STEP][PASSED] - i1 = z.indexOf("/"): null

02-12-2024T02:37:49 - [TEST_STEP][PASSED] - i1 = z.indexOf("/") + 1: null

02-12-2024T02:37:49 - [TEST_STEP][PASSED] - if (i1 > -1): null

02-12-2024T02:37:49 - [TEST_STEP][PASSED] - z = z.substring(i1, z.length()): null

02-12-2024T02:37:49 - [TEST_STEP][PASSED] - i1 = z.indexOf("/"): null

02-12-2024T02:37:49 - [TEST_STEP][PASSED] - i1 = z.indexOf("/") + 1: null

02-12-2024T02:37:49 - [TEST_STEP][PASSED] - if (i1 > -1): null

02-12-2024T02:37:49 - [TEST_STEP][PASSED] - z = z.substring(i1, z.length()): null

02-12-2024T02:37:49 - [TEST_STEP][PASSED] - i1 = z.indexOf("/"): null

02-12-2024T02:37:49 - [TEST_STEP][PASSED] - i1 = z.indexOf("/") + 1: null

02-12-2024T02:37:49 - [TEST_STEP][PASSED] - if (i1 > -1): null

02-12-2024T02:37:49 - [TEST_STEP][PASSED] - z = z.substring(i1, z.length()): null

02-12-2024T02:37:49 - [TEST_STEP][PASSED] - i1 = z.indexOf("/"): null

02-12-2024T02:37:49 - [TEST_STEP][PASSED] - i1 = z.indexOf("/") + 1: null

02-12-2024T02:37:49 - [TEST_STEP][PASSED] - if (i1 > -1): null

02-12-2024T02:37:49 - [TEST_STEP][PASSED] - z = z.substring(i1, z.length()): null

02-12-2024T02:37:49 - [TEST_STEP][PASSED] - i1 = z.indexOf("/"): null

02-12-2024T02:37:49 - [TEST_STEP][PASSED] - i1 = z.indexOf("/") + 1: null

02-12-2024T02:37:49 - [TEST_STEP][PASSED] - if (i1 > -1): null

02-12-2024T02:37:49 - [TEST_STEP][PASSED] - z = z.substring(i1, z.length()): null

02-12-2024T02:37:49 - [TEST_STEP][PASSED] - i1 = z.indexOf("/"): null

02-12-2024T02:37:49 - [TEST_STEP][PASSED] - i1 = z.indexOf("/") + 1: null

02-12-2024T02:37:49 - [TEST_STEP][PASSED] - if (i1 > -1): null

02-12-2024T02:37:49 - [TEST_STEP][PASSED] - z = z.substring(i1, z.length()): null

02-12-2024T02:37:49 - [TEST_STEP][PASSED] - i1 = z.indexOf("/"): null

02-12-2024T02:37:49 - [TEST_STEP][PASSED] - i1 = z.indexOf("/") + 1: null

02-12-2024T02:37:49 - [TEST_STEP][PASSED] - if (i1 > -1): null

02-12-2024T02:37:49 - [TEST_STEP][PASSED] - z = z.substring(i1, z.length()): null

02-12-2024T02:37:49 - [TEST_STEP][PASSED] - i1 = z.indexOf("/"): null

02-12-2024T02:37:49 - [TEST_STEP][PASSED] - i1 = z.indexOf("/") + 1: null

02-12-2024T02:37:49 - [TEST_STEP][PASSED] - if (i1 > -1): null

02-12-2024T02:37:49 - [TEST_STEP][PASSED] - z = z.substring(i1, z.length()): null

02-12-2024T02:37:49 - [TEST_STEP][PASSED] - i1 = z.indexOf("/"): null

02-12-2024T02:37:49 - [TEST_STEP][PASSED] - i1 = z.indexOf("/"): null

02-12-2024T02:37:49 - [TEST_STEP][PASSED] - if (i1 > -1): null

02-12-2024T02:37:49 - [TEST_STEP][PASSED] - z = z.substring(0, i1): null

02-12-2024T02:37:49 - [TEST_STEP][PASSED] - z = z.replace(",", "."): null

02-12-2024T02:37:49 - [TEST_STEP][PASSED] - println(z): null

02-12-2024T02:37:49 - [TEST_STEP][PASSED] - x = x + "/" + z: null

02-12-2024T02:37:49 - [TEST_STEP][PASSED] - x = x.replaceAll("[\r?
|
]", ""): null

02-12-2024T02:37:49 - [TEST_STEP][PASSED] - println(x): null

02-12-2024T02:37:49 - [TEST_STEP][PASSED] - return x: null

02-12-2024T02:37:49 - [TEST_STEP][PASSED] - println("urB: " + urB): null

02-12-2024T02:37:49 - [TEST_STEP][PASSED] - i = VseDZO.indexOf("Центр"): null

02-12-2024T02:37:49 - [TEST_STEP][PASSED] - if (i > -1): null

02-12-2024T02:37:49 - [TEST_STEP][PASSED] - dZONum = dZONum + 1: null

02-12-2024T02:37:49 - [TEST_STEP][PASSED] - cenB = GetAllData(path, dZONum, VseDZO, x = "Россети Центр (ГК)/"): null

02-12-2024T02:37:49 - [TEST_STEP][PASSED] - ii = <not implemented yet for class: org.codehaus.groovy.ast.expr.EmptyExpression>: null

02-12-2024T02:37:49 - [TEST_STEP][PASSED] - i1 = <not implemented yet for class: org.codehaus.groovy.ast.expr.EmptyExpression>: null

02-12-2024T02:37:49 - [TEST_STEP][PASSED] - z = <not implemented yet for class: org.codehaus.groovy.ast.expr.EmptyExpression>: null

02-12-2024T02:37:49 - [TEST_STEP][PASSED] - path2 = "Значения со страницы Выполнение бизнес-плана/Table Data/": null

02-12-2024T02:37:49 - [TEST_STEP][PASSED] - println("path: " + path): null

02-12-2024T02:37:49 - [TEST_STEP][PASSED] - println("dZONum: " + dZONum): null

02-12-2024T02:37:49 - [TEST_STEP][PASSED] - z = getText(findTestObject(path + "spanPlan" + dZONum)): Text of object 'Object Repository/Выполнение бизнес-плана/Выполнение бизнес-плана Балансы/spanPlan14' is: '10.14
|'

02-12-2024T02:37:49 - [MESSAGE][PASSED] - Text of object 'Object Repository/Выполнение бизнес-плана/Выполнение бизнес-плана Балансы/spanPlan14' is: '10.14
|'

02-12-2024T02:37:49 - [TEST_STEP][PASSED] - println(z): null

02-12-2024T02:37:49 - [TEST_STEP][PASSED] - ii = z.indexOf("|"): null

02-12-2024T02:37:49 - [TEST_STEP][PASSED] - if (ii > -1): null

02-12-2024T02:37:49 - [TEST_STEP][PASSED] - z = z.substring(0, z.length() - 1): null

02-12-2024T02:37:49 - [TEST_STEP][PASSED] - println(z): null

02-12-2024T02:37:49 - [TEST_STEP][PASSED] - z = z.replaceAll("\s+", ""): null

02-12-2024T02:37:49 - [TEST_STEP][PASSED] - z = z.replace("[\r?
|
]", "/"): null

02-12-2024T02:37:49 - [TEST_STEP][PASSED] - println(z): null

02-12-2024T02:37:49 - [TEST_STEP][PASSED] - x = x + z: null

02-12-2024T02:37:49 - [TEST_STEP][PASSED] - z = getText(findTestObject(path + "spanFact" + dZONum)): Text of object 'Object Repository/Выполнение бизнес-плана/Выполнение бизнес-плана Балансы/spanFact14' is: '9.64'

02-12-2024T02:37:50 - [MESSAGE][PASSED] - Text of object 'Object Repository/Выполнение бизнес-плана/Выполнение бизнес-плана Балансы/spanFact14' is: '9.64'

02-12-2024T02:37:50 - [TEST_STEP][PASSED] - ii = z.indexOf("|"): null

02-12-2024T02:37:50 - [TEST_STEP][PASSED] - if (ii > -1): null

02-12-2024T02:37:50 - [TEST_STEP][PASSED] - x = x + "/" + z: null

02-12-2024T02:37:50 - [TEST_STEP][PASSED] - z = getText(findTestObject(path + path2 + "Факт Отпуск в сеть за отчётный период " + dZONum)).replaceAll("\s+", ""): Text of object 'Object Repository/Выполнение бизнес-плана/Выполнение бизнес-плана Балансы/Значения со страницы Выполнение бизнес-плана/Table Data/Факт Отпуск в сеть за отчётный период 14' is: '49 425 284'

02-12-2024T02:37:50 - [MESSAGE][PASSED] - Text of object 'Object Repository/Выполнение бизнес-плана/Выполнение бизнес-плана Балансы/Значения со страницы Выполнение бизнес-плана/Table Data/Факт Отпуск в сеть за отчётный период 14' is: '49 425 284'

02-12-2024T02:37:50 - [TEST_STEP][PASSED] - x = x + "/" + z: null

02-12-2024T02:37:50 - [TEST_STEP][PASSED] - z = getText(findTestObject(path + path2 + "Факт Отпуск из сети за отчётный период " + dZONum)).replaceAll("\s+", ""): Text of object 'Object Repository/Выполнение бизнес-плана/Выполнение бизнес-плана Балансы/Значения со страницы Выполнение бизнес-плана/Table Data/Факт Отпуск из сети за отчётный период 14' is: '44 662 142'

02-12-2024T02:37:50 - [MESSAGE][PASSED] - Text of object 'Object Repository/Выполнение бизнес-плана/Выполнение бизнес-плана Балансы/Значения со страницы Выполнение бизнес-плана/Table Data/Факт Отпуск из сети за отчётный период 14' is: '44 662 142'

02-12-2024T02:37:50 - [TEST_STEP][PASSED] - x = x + "/" + z: null

02-12-2024T02:37:50 - [TEST_STEP][PASSED] - z = getText(findTestObject(path + path2 + "Факт Потери за отчётный период " + dZONum)).replaceAll("\s+", ""): Text of object 'Object Repository/Выполнение бизнес-плана/Выполнение бизнес-плана Балансы/Значения со страницы Выполнение бизнес-плана/Table Data/Факт Потери за отчётный период 14' is: '4 763 141'

02-12-2024T02:37:51 - [MESSAGE][PASSED] - Text of object 'Object Repository/Выполнение бизнес-плана/Выполнение бизнес-плана Балансы/Значения со страницы Выполнение бизнес-плана/Table Data/Факт Потери за отчётный период 14' is: '4 763 141'

02-12-2024T02:37:51 - [TEST_STEP][PASSED] - x = x + "/" + z: null

02-12-2024T02:37:51 - [TEST_STEP][PASSED] - z = getText(findTestObject(path + path2 + "План Отпуск в сеть за отчётный период " + dZONum)).replaceAll("\s+", ""): Text of object 'Object Repository/Выполнение бизнес-плана/Выполнение бизнес-плана Балансы/Значения со страницы Выполнение бизнес-плана/Table Data/План Отпуск в сеть за отчётный период 14' is: '48 037 333'

02-12-2024T02:37:51 - [MESSAGE][PASSED] - Text of object 'Object Repository/Выполнение бизнес-плана/Выполнение бизнес-плана Балансы/Значения со страницы Выполнение бизнес-плана/Table Data/План Отпуск в сеть за отчётный период 14' is: '48 037 333'

02-12-2024T02:37:51 - [TEST_STEP][PASSED] - x = x + "/" + z: null

02-12-2024T02:37:51 - [TEST_STEP][PASSED] - z = getText(findTestObject(path + path2 + "План Отпуск из сети за отчётный период " + dZONum)).replaceAll("\s+", ""): Text of object 'Object Repository/Выполнение бизнес-плана/Выполнение бизнес-плана Балансы/Значения со страницы Выполнение бизнес-плана/Table Data/План Отпуск из сети за отчётный период 14' is: '43 167 677'

02-12-2024T02:37:51 - [MESSAGE][PASSED] - Text of object 'Object Repository/Выполнение бизнес-плана/Выполнение бизнес-плана Балансы/Значения со страницы Выполнение бизнес-плана/Table Data/План Отпуск из сети за отчётный период 14' is: '43 167 677'

02-12-2024T02:37:51 - [TEST_STEP][PASSED] - x = x + "/" + z: null

02-12-2024T02:37:51 - [TEST_STEP][PASSED] - z = getText(findTestObject(path + path2 + "План Потери за отчётный период " + dZONum)).replaceAll("\s+", ""): Text of object 'Object Repository/Выполнение бизнес-плана/Выполнение бизнес-плана Балансы/Значения со страницы Выполнение бизнес-плана/Table Data/План Потери за отчётный период 14' is: '4 869 656'

02-12-2024T02:37:52 - [MESSAGE][PASSED] - Text of object 'Object Repository/Выполнение бизнес-плана/Выполнение бизнес-плана Балансы/Значения со страницы Выполнение бизнес-плана/Table Data/План Потери за отчётный период 14' is: '4 869 656'

02-12-2024T02:37:52 - [TEST_STEP][PASSED] - x = x + "/" + z: null

02-12-2024T02:37:52 - [TEST_STEP][PASSED] - z = getText(findTestObject(path + "Список ДЗО")).replaceAll("[\r?
|
]", "/"): Text of object 'Object Repository/Выполнение бизнес-плана/Выполнение бизнес-плана Балансы/Список ДЗО' is: '-0.21
-0.07
3.72
-0.38
-0.53
0.09
0.09
3.84
-0.41
-0.05
-0.01
0.15
-0.11
-0.50
-0.27
-0.45
-0.05
Россети ФСКЕЭС
АО«Тываэнерго»
АО«Чеченэнерго»
РоссетиВолга
РоссетиКубань
РоссетиЛенэнерго(ГК)
РоссетиМосковскийрегион
РоссетиСеверныйКавказ
РоссетиСеверо-Запад
РоссетиСибирь
РоссетиТомск
РоссетиТюмень
Россети Урал(ГК)
РоссетиЦентр (ГК)
РоссетиЦентр иПриволжье(ГК)
Россети Юг(ГК)
РоссетиЯнтарь
0
2
4
6
-2
8'

02-12-2024T02:37:52 - [MESSAGE][PASSED] - Text of object 'Object Repository/Выполнение бизнес-плана/Выполнение бизнес-плана Балансы/Список ДЗО' is: '-0.21
-0.07
3.72
-0.38
-0.53
0.09
0.09
3.84
-0.41
-0.05
-0.01
0.15
-0.11
-0.50
-0.27
-0.45
-0.05
Россети ФСКЕЭС
АО«Тываэнерго»
АО«Чеченэнерго»
РоссетиВолга
РоссетиКубань
РоссетиЛенэнерго(ГК)
РоссетиМосковскийрегион
РоссетиСеверныйКавказ
РоссетиСеверо-Запад
РоссетиСибирь
РоссетиТомск
РоссетиТюмень
Россети Урал(ГК)
РоссетиЦентр (ГК)
РоссетиЦентр иПриволжье(ГК)
Россети Юг(ГК)
РоссетиЯнтарь
0
2
4
6
-2
8'

02-12-2024T02:37:52 - [TEST_STEP][PASSED] - for ([ii = 1, ii < dZONum, (ii++)]): null

02-12-2024T02:37:52 - [TEST_STEP][PASSED] - i1 = z.indexOf("/") + 1: null

02-12-2024T02:37:52 - [TEST_STEP][PASSED] - if (i1 > -1): null

02-12-2024T02:37:52 - [TEST_STEP][PASSED] - z = z.substring(i1, z.length()): null

02-12-2024T02:37:52 - [TEST_STEP][PASSED] - i1 = z.indexOf("/"): null

02-12-2024T02:37:52 - [TEST_STEP][PASSED] - i1 = z.indexOf("/") + 1: null

02-12-2024T02:37:52 - [TEST_STEP][PASSED] - if (i1 > -1): null

02-12-2024T02:37:52 - [TEST_STEP][PASSED] - z = z.substring(i1, z.length()): null

02-12-2024T02:37:52 - [TEST_STEP][PASSED] - i1 = z.indexOf("/"): null

02-12-2024T02:37:52 - [TEST_STEP][PASSED] - i1 = z.indexOf("/") + 1: null

02-12-2024T02:37:52 - [TEST_STEP][PASSED] - if (i1 > -1): null

02-12-2024T02:37:52 - [TEST_STEP][PASSED] - z = z.substring(i1, z.length()): null

02-12-2024T02:37:52 - [TEST_STEP][PASSED] - i1 = z.indexOf("/"): null

02-12-2024T02:37:52 - [TEST_STEP][PASSED] - i1 = z.indexOf("/") + 1: null

02-12-2024T02:37:52 - [TEST_STEP][PASSED] - if (i1 > -1): null

02-12-2024T02:37:52 - [TEST_STEP][PASSED] - z = z.substring(i1, z.length()): null

02-12-2024T02:37:52 - [TEST_STEP][PASSED] - i1 = z.indexOf("/"): null

02-12-2024T02:37:52 - [TEST_STEP][PASSED] - i1 = z.indexOf("/") + 1: null

02-12-2024T02:37:52 - [TEST_STEP][PASSED] - if (i1 > -1): null

02-12-2024T02:37:52 - [TEST_STEP][PASSED] - z = z.substring(i1, z.length()): null

02-12-2024T02:37:52 - [TEST_STEP][PASSED] - i1 = z.indexOf("/"): null

02-12-2024T02:37:52 - [TEST_STEP][PASSED] - i1 = z.indexOf("/") + 1: null

02-12-2024T02:37:52 - [TEST_STEP][PASSED] - if (i1 > -1): null

02-12-2024T02:37:52 - [TEST_STEP][PASSED] - z = z.substring(i1, z.length()): null

02-12-2024T02:37:52 - [TEST_STEP][PASSED] - i1 = z.indexOf("/"): null

02-12-2024T02:37:52 - [TEST_STEP][PASSED] - i1 = z.indexOf("/") + 1: null

02-12-2024T02:37:52 - [TEST_STEP][PASSED] - if (i1 > -1): null

02-12-2024T02:37:52 - [TEST_STEP][PASSED] - z = z.substring(i1, z.length()): null

02-12-2024T02:37:52 - [TEST_STEP][PASSED] - i1 = z.indexOf("/"): null

02-12-2024T02:37:52 - [TEST_STEP][PASSED] - i1 = z.indexOf("/") + 1: null

02-12-2024T02:37:52 - [TEST_STEP][PASSED] - if (i1 > -1): null

02-12-2024T02:37:52 - [TEST_STEP][PASSED] - z = z.substring(i1, z.length()): null

02-12-2024T02:37:52 - [TEST_STEP][PASSED] - i1 = z.indexOf("/"): null

02-12-2024T02:37:52 - [TEST_STEP][PASSED] - i1 = z.indexOf("/") + 1: null

02-12-2024T02:37:52 - [TEST_STEP][PASSED] - if (i1 > -1): null

02-12-2024T02:37:52 - [TEST_STEP][PASSED] - z = z.substring(i1, z.length()): null

02-12-2024T02:37:52 - [TEST_STEP][PASSED] - i1 = z.indexOf("/"): null

02-12-2024T02:37:52 - [TEST_STEP][PASSED] - i1 = z.indexOf("/") + 1: null

02-12-2024T02:37:52 - [TEST_STEP][PASSED] - if (i1 > -1): null

02-12-2024T02:37:52 - [TEST_STEP][PASSED] - z = z.substring(i1, z.length()): null

02-12-2024T02:37:52 - [TEST_STEP][PASSED] - i1 = z.indexOf("/"): null

02-12-2024T02:37:52 - [TEST_STEP][PASSED] - i1 = z.indexOf("/") + 1: null

02-12-2024T02:37:52 - [TEST_STEP][PASSED] - if (i1 > -1): null

02-12-2024T02:37:52 - [TEST_STEP][PASSED] - z = z.substring(i1, z.length()): null

02-12-2024T02:37:52 - [TEST_STEP][PASSED] - i1 = z.indexOf("/"): null

02-12-2024T02:37:52 - [TEST_STEP][PASSED] - i1 = z.indexOf("/") + 1: null

02-12-2024T02:37:52 - [TEST_STEP][PASSED] - if (i1 > -1): null

02-12-2024T02:37:52 - [TEST_STEP][PASSED] - z = z.substring(i1, z.length()): null

02-12-2024T02:37:52 - [TEST_STEP][PASSED] - i1 = z.indexOf("/"): null

02-12-2024T02:37:52 - [TEST_STEP][PASSED] - i1 = z.indexOf("/") + 1: null

02-12-2024T02:37:52 - [TEST_STEP][PASSED] - if (i1 > -1): null

02-12-2024T02:37:52 - [TEST_STEP][PASSED] - z = z.substring(i1, z.length()): null

02-12-2024T02:37:52 - [TEST_STEP][PASSED] - i1 = z.indexOf("/"): null

02-12-2024T02:37:52 - [TEST_STEP][PASSED] - i1 = z.indexOf("/"): null

02-12-2024T02:37:52 - [TEST_STEP][PASSED] - if (i1 > -1): null

02-12-2024T02:37:52 - [TEST_STEP][PASSED] - z = z.substring(0, i1): null

02-12-2024T02:37:52 - [TEST_STEP][PASSED] - z = z.replace(",", "."): null

02-12-2024T02:37:52 - [TEST_STEP][PASSED] - println(z): null

02-12-2024T02:37:52 - [TEST_STEP][PASSED] - x = x + "/" + z: null

02-12-2024T02:37:52 - [TEST_STEP][PASSED] - x = x.replaceAll("[\r?
|
]", ""): null

02-12-2024T02:37:52 - [TEST_STEP][PASSED] - println(x): null

02-12-2024T02:37:52 - [TEST_STEP][PASSED] - return x: null

02-12-2024T02:37:52 - [TEST_STEP][PASSED] - println("cenB: " + cenB): null

02-12-2024T02:37:52 - [TEST_STEP][PASSED] - i = VseDZO.indexOf("Приволжье"): null

02-12-2024T02:37:52 - [TEST_STEP][PASSED] - if (i > -1): null

02-12-2024T02:37:52 - [TEST_STEP][PASSED] - dZONum = dZONum + 1: null

02-12-2024T02:37:52 - [TEST_STEP][PASSED] - cIPB = GetAllData(path, dZONum, VseDZO, x = "Россети Центр и Приволжье (ГК)/"): null

02-12-2024T02:37:52 - [TEST_STEP][PASSED] - ii = <not implemented yet for class: org.codehaus.groovy.ast.expr.EmptyExpression>: null

02-12-2024T02:37:52 - [TEST_STEP][PASSED] - i1 = <not implemented yet for class: org.codehaus.groovy.ast.expr.EmptyExpression>: null

02-12-2024T02:37:52 - [TEST_STEP][PASSED] - z = <not implemented yet for class: org.codehaus.groovy.ast.expr.EmptyExpression>: null

02-12-2024T02:37:52 - [TEST_STEP][PASSED] - path2 = "Значения со страницы Выполнение бизнес-плана/Table Data/": null

02-12-2024T02:37:52 - [TEST_STEP][PASSED] - println("path: " + path): null

02-12-2024T02:37:52 - [TEST_STEP][PASSED] - println("dZONum: " + dZONum): null

02-12-2024T02:37:52 - [TEST_STEP][PASSED] - z = getText(findTestObject(path + "spanPlan" + dZONum)): Text of object 'Object Repository/Выполнение бизнес-плана/Выполнение бизнес-плана Балансы/spanPlan15' is: '7.04
|'

02-12-2024T02:37:52 - [MESSAGE][PASSED] - Text of object 'Object Repository/Выполнение бизнес-плана/Выполнение бизнес-плана Балансы/spanPlan15' is: '7.04
|'

02-12-2024T02:37:52 - [TEST_STEP][PASSED] - println(z): null

02-12-2024T02:37:52 - [TEST_STEP][PASSED] - ii = z.indexOf("|"): null

02-12-2024T02:37:52 - [TEST_STEP][PASSED] - if (ii > -1): null

02-12-2024T02:37:52 - [TEST_STEP][PASSED] - z = z.substring(0, z.length() - 1): null

02-12-2024T02:37:52 - [TEST_STEP][PASSED] - println(z): null

02-12-2024T02:37:52 - [TEST_STEP][PASSED] - z = z.replaceAll("\s+", ""): null

02-12-2024T02:37:52 - [TEST_STEP][PASSED] - z = z.replace("[\r?
|
]", "/"): null

02-12-2024T02:37:52 - [TEST_STEP][PASSED] - println(z): null

02-12-2024T02:37:52 - [TEST_STEP][PASSED] - x = x + z: null

02-12-2024T02:37:52 - [TEST_STEP][PASSED] - z = getText(findTestObject(path + "spanFact" + dZONum)): Text of object 'Object Repository/Выполнение бизнес-плана/Выполнение бизнес-плана Балансы/spanFact15' is: '6.77'

02-12-2024T02:37:53 - [MESSAGE][PASSED] - Text of object 'Object Repository/Выполнение бизнес-плана/Выполнение бизнес-плана Балансы/spanFact15' is: '6.77'

02-12-2024T02:37:53 - [TEST_STEP][PASSED] - ii = z.indexOf("|"): null

02-12-2024T02:37:53 - [TEST_STEP][PASSED] - if (ii > -1): null

02-12-2024T02:37:53 - [TEST_STEP][PASSED] - x = x + "/" + z: null

02-12-2024T02:37:53 - [TEST_STEP][PASSED] - z = getText(findTestObject(path + path2 + "Факт Отпуск в сеть за отчётный период " + dZONum)).replaceAll("\s+", ""): Text of object 'Object Repository/Выполнение бизнес-плана/Выполнение бизнес-плана Балансы/Значения со страницы Выполнение бизнес-плана/Table Data/Факт Отпуск в сеть за отчётный период 15' is: '45 423 668'

02-12-2024T02:37:53 - [MESSAGE][PASSED] - Text of object 'Object Repository/Выполнение бизнес-плана/Выполнение бизнес-плана Балансы/Значения со страницы Выполнение бизнес-плана/Table Data/Факт Отпуск в сеть за отчётный период 15' is: '45 423 668'

02-12-2024T02:37:53 - [TEST_STEP][PASSED] - x = x + "/" + z: null

02-12-2024T02:37:53 - [TEST_STEP][PASSED] - z = getText(findTestObject(path + path2 + "Факт Отпуск из сети за отчётный период " + dZONum)).replaceAll("\s+", ""): Text of object 'Object Repository/Выполнение бизнес-плана/Выполнение бизнес-плана Балансы/Значения со страницы Выполнение бизнес-плана/Table Data/Факт Отпуск из сети за отчётный период 15' is: '42 347 790'

02-12-2024T02:37:53 - [MESSAGE][PASSED] - Text of object 'Object Repository/Выполнение бизнес-плана/Выполнение бизнес-плана Балансы/Значения со страницы Выполнение бизнес-плана/Table Data/Факт Отпуск из сети за отчётный период 15' is: '42 347 790'

02-12-2024T02:37:53 - [TEST_STEP][PASSED] - x = x + "/" + z: null

02-12-2024T02:37:53 - [TEST_STEP][PASSED] - z = getText(findTestObject(path + path2 + "Факт Потери за отчётный период " + dZONum)).replaceAll("\s+", ""): Text of object 'Object Repository/Выполнение бизнес-плана/Выполнение бизнес-плана Балансы/Значения со страницы Выполнение бизнес-плана/Table Data/Факт Потери за отчётный период 15' is: '3 075 878'

02-12-2024T02:37:53 - [MESSAGE][PASSED] - Text of object 'Object Repository/Выполнение бизнес-плана/Выполнение бизнес-плана Балансы/Значения со страницы Выполнение бизнес-плана/Table Data/Факт Потери за отчётный период 15' is: '3 075 878'

02-12-2024T02:37:53 - [TEST_STEP][PASSED] - x = x + "/" + z: null

02-12-2024T02:37:53 - [TEST_STEP][PASSED] - z = getText(findTestObject(path + path2 + "План Отпуск в сеть за отчётный период " + dZONum)).replaceAll("\s+", ""): Text of object 'Object Repository/Выполнение бизнес-плана/Выполнение бизнес-плана Балансы/Значения со страницы Выполнение бизнес-плана/Table Data/План Отпуск в сеть за отчётный период 15' is: '44 041 851'

02-12-2024T02:37:54 - [MESSAGE][PASSED] - Text of object 'Object Repository/Выполнение бизнес-плана/Выполнение бизнес-плана Балансы/Значения со страницы Выполнение бизнес-плана/Table Data/План Отпуск в сеть за отчётный период 15' is: '44 041 851'

02-12-2024T02:37:54 - [TEST_STEP][PASSED] - x = x + "/" + z: null

02-12-2024T02:37:54 - [TEST_STEP][PASSED] - z = getText(findTestObject(path + path2 + "План Отпуск из сети за отчётный период " + dZONum)).replaceAll("\s+", ""): Text of object 'Object Repository/Выполнение бизнес-плана/Выполнение бизнес-плана Балансы/Значения со страницы Выполнение бизнес-плана/Table Data/План Отпуск из сети за отчётный период 15' is: '40 938 806'

02-12-2024T02:37:54 - [MESSAGE][PASSED] - Text of object 'Object Repository/Выполнение бизнес-плана/Выполнение бизнес-плана Балансы/Значения со страницы Выполнение бизнес-плана/Table Data/План Отпуск из сети за отчётный период 15' is: '40 938 806'

02-12-2024T02:37:54 - [TEST_STEP][PASSED] - x = x + "/" + z: null

02-12-2024T02:37:54 - [TEST_STEP][PASSED] - z = getText(findTestObject(path + path2 + "План Потери за отчётный период " + dZONum)).replaceAll("\s+", ""): Text of object 'Object Repository/Выполнение бизнес-плана/Выполнение бизнес-плана Балансы/Значения со страницы Выполнение бизнес-плана/Table Data/План Потери за отчётный период 15' is: '3 103 045'

02-12-2024T02:37:54 - [MESSAGE][PASSED] - Text of object 'Object Repository/Выполнение бизнес-плана/Выполнение бизнес-плана Балансы/Значения со страницы Выполнение бизнес-плана/Table Data/План Потери за отчётный период 15' is: '3 103 045'

02-12-2024T02:37:54 - [TEST_STEP][PASSED] - x = x + "/" + z: null

02-12-2024T02:37:54 - [TEST_STEP][PASSED] - z = getText(findTestObject(path + "Список ДЗО")).replaceAll("[\r?
|
]", "/"): Text of object 'Object Repository/Выполнение бизнес-плана/Выполнение бизнес-плана Балансы/Список ДЗО' is: '-0.21
-0.07
3.72
-0.38
-0.53
0.09
0.09
3.84
-0.41
-0.05
-0.01
0.15
-0.11
-0.50
-0.27
-0.45
-0.05
Россети ФСКЕЭС
АО«Тываэнерго»
АО«Чеченэнерго»
РоссетиВолга
РоссетиКубань
РоссетиЛенэнерго(ГК)
РоссетиМосковскийрегион
РоссетиСеверныйКавказ
РоссетиСеверо-Запад
РоссетиСибирь
РоссетиТомск
РоссетиТюмень
Россети Урал(ГК)
РоссетиЦентр (ГК)
РоссетиЦентр иПриволжье(ГК)
Россети Юг(ГК)
РоссетиЯнтарь
0
2
4
6
-2
8'

02-12-2024T02:37:55 - [MESSAGE][PASSED] - Text of object 'Object Repository/Выполнение бизнес-плана/Выполнение бизнес-плана Балансы/Список ДЗО' is: '-0.21
-0.07
3.72
-0.38
-0.53
0.09
0.09
3.84
-0.41
-0.05
-0.01
0.15
-0.11
-0.50
-0.27
-0.45
-0.05
Россети ФСКЕЭС
АО«Тываэнерго»
АО«Чеченэнерго»
РоссетиВолга
РоссетиКубань
РоссетиЛенэнерго(ГК)
РоссетиМосковскийрегион
РоссетиСеверныйКавказ
РоссетиСеверо-Запад
РоссетиСибирь
РоссетиТомск
РоссетиТюмень
Россети Урал(ГК)
РоссетиЦентр (ГК)
РоссетиЦентр иПриволжье(ГК)
Россети Юг(ГК)
РоссетиЯнтарь
0
2
4
6
-2
8'

02-12-2024T02:37:55 - [TEST_STEP][PASSED] - for ([ii = 1, ii < dZONum, (ii++)]): null

02-12-2024T02:37:55 - [TEST_STEP][PASSED] - i1 = z.indexOf("/") + 1: null

02-12-2024T02:37:55 - [TEST_STEP][PASSED] - if (i1 > -1): null

02-12-2024T02:37:55 - [TEST_STEP][PASSED] - z = z.substring(i1, z.length()): null

02-12-2024T02:37:55 - [TEST_STEP][PASSED] - i1 = z.indexOf("/"): null

02-12-2024T02:37:55 - [TEST_STEP][PASSED] - i1 = z.indexOf("/") + 1: null

02-12-2024T02:37:55 - [TEST_STEP][PASSED] - if (i1 > -1): null

02-12-2024T02:37:55 - [TEST_STEP][PASSED] - z = z.substring(i1, z.length()): null

02-12-2024T02:37:55 - [TEST_STEP][PASSED] - i1 = z.indexOf("/"): null

02-12-2024T02:37:55 - [TEST_STEP][PASSED] - i1 = z.indexOf("/") + 1: null

02-12-2024T02:37:55 - [TEST_STEP][PASSED] - if (i1 > -1): null

02-12-2024T02:37:55 - [TEST_STEP][PASSED] - z = z.substring(i1, z.length()): null

02-12-2024T02:37:55 - [TEST_STEP][PASSED] - i1 = z.indexOf("/"): null

02-12-2024T02:37:55 - [TEST_STEP][PASSED] - i1 = z.indexOf("/") + 1: null

02-12-2024T02:37:55 - [TEST_STEP][PASSED] - if (i1 > -1): null

02-12-2024T02:37:55 - [TEST_STEP][PASSED] - z = z.substring(i1, z.length()): null

02-12-2024T02:37:55 - [TEST_STEP][PASSED] - i1 = z.indexOf("/"): null

02-12-2024T02:37:55 - [TEST_STEP][PASSED] - i1 = z.indexOf("/") + 1: null

02-12-2024T02:37:55 - [TEST_STEP][PASSED] - if (i1 > -1): null

02-12-2024T02:37:55 - [TEST_STEP][PASSED] - z = z.substring(i1, z.length()): null

02-12-2024T02:37:55 - [TEST_STEP][PASSED] - i1 = z.indexOf("/"): null

02-12-2024T02:37:55 - [TEST_STEP][PASSED] - i1 = z.indexOf("/") + 1: null

02-12-2024T02:37:55 - [TEST_STEP][PASSED] - if (i1 > -1): null

02-12-2024T02:37:55 - [TEST_STEP][PASSED] - z = z.substring(i1, z.length()): null

02-12-2024T02:37:55 - [TEST_STEP][PASSED] - i1 = z.indexOf("/"): null

02-12-2024T02:37:55 - [TEST_STEP][PASSED] - i1 = z.indexOf("/") + 1: null

02-12-2024T02:37:55 - [TEST_STEP][PASSED] - if (i1 > -1): null

02-12-2024T02:37:55 - [TEST_STEP][PASSED] - z = z.substring(i1, z.length()): null

02-12-2024T02:37:55 - [TEST_STEP][PASSED] - i1 = z.indexOf("/"): null

02-12-2024T02:37:55 - [TEST_STEP][PASSED] - i1 = z.indexOf("/") + 1: null

02-12-2024T02:37:55 - [TEST_STEP][PASSED] - if (i1 > -1): null

02-12-2024T02:37:55 - [TEST_STEP][PASSED] - z = z.substring(i1, z.length()): null

02-12-2024T02:37:55 - [TEST_STEP][PASSED] - i1 = z.indexOf("/"): null

02-12-2024T02:37:55 - [TEST_STEP][PASSED] - i1 = z.indexOf("/") + 1: null

02-12-2024T02:37:55 - [TEST_STEP][PASSED] - if (i1 > -1): null

02-12-2024T02:37:55 - [TEST_STEP][PASSED] - z = z.substring(i1, z.length()): null

02-12-2024T02:37:55 - [TEST_STEP][PASSED] - i1 = z.indexOf("/"): null

02-12-2024T02:37:55 - [TEST_STEP][PASSED] - i1 = z.indexOf("/") + 1: null

02-12-2024T02:37:55 - [TEST_STEP][PASSED] - if (i1 > -1): null

02-12-2024T02:37:55 - [TEST_STEP][PASSED] - z = z.substring(i1, z.length()): null

02-12-2024T02:37:55 - [TEST_STEP][PASSED] - i1 = z.indexOf("/"): null

02-12-2024T02:37:55 - [TEST_STEP][PASSED] - i1 = z.indexOf("/") + 1: null

02-12-2024T02:37:55 - [TEST_STEP][PASSED] - if (i1 > -1): null

02-12-2024T02:37:55 - [TEST_STEP][PASSED] - z = z.substring(i1, z.length()): null

02-12-2024T02:37:55 - [TEST_STEP][PASSED] - i1 = z.indexOf("/"): null

02-12-2024T02:37:55 - [TEST_STEP][PASSED] - i1 = z.indexOf("/") + 1: null

02-12-2024T02:37:55 - [TEST_STEP][PASSED] - if (i1 > -1): null

02-12-2024T02:37:55 - [TEST_STEP][PASSED] - z = z.substring(i1, z.length()): null

02-12-2024T02:37:55 - [TEST_STEP][PASSED] - i1 = z.indexOf("/"): null

02-12-2024T02:37:55 - [TEST_STEP][PASSED] - i1 = z.indexOf("/") + 1: null

02-12-2024T02:37:55 - [TEST_STEP][PASSED] - if (i1 > -1): null

02-12-2024T02:37:55 - [TEST_STEP][PASSED] - z = z.substring(i1, z.length()): null

02-12-2024T02:37:55 - [TEST_STEP][PASSED] - i1 = z.indexOf("/"): null

02-12-2024T02:37:55 - [TEST_STEP][PASSED] - i1 = z.indexOf("/") + 1: null

02-12-2024T02:37:55 - [TEST_STEP][PASSED] - if (i1 > -1): null

02-12-2024T02:37:55 - [TEST_STEP][PASSED] - z = z.substring(i1, z.length()): null

02-12-2024T02:37:55 - [TEST_STEP][PASSED] - i1 = z.indexOf("/"): null

02-12-2024T02:37:55 - [TEST_STEP][PASSED] - i1 = z.indexOf("/"): null

02-12-2024T02:37:55 - [TEST_STEP][PASSED] - if (i1 > -1): null

02-12-2024T02:37:55 - [TEST_STEP][PASSED] - z = z.substring(0, i1): null

02-12-2024T02:37:55 - [TEST_STEP][PASSED] - z = z.replace(",", "."): null

02-12-2024T02:37:55 - [TEST_STEP][PASSED] - println(z): null

02-12-2024T02:37:55 - [TEST_STEP][PASSED] - x = x + "/" + z: null

02-12-2024T02:37:55 - [TEST_STEP][PASSED] - x = x.replaceAll("[\r?
|
]", ""): null

02-12-2024T02:37:55 - [TEST_STEP][PASSED] - println(x): null

02-12-2024T02:37:55 - [TEST_STEP][PASSED] - return x: null

02-12-2024T02:37:55 - [TEST_STEP][PASSED] - println("cIPB: " + cIPB): null

02-12-2024T02:37:55 - [TEST_STEP][PASSED] - i = VseDZO.indexOf("Юг"): null

02-12-2024T02:37:55 - [TEST_STEP][PASSED] - if (i > -1): null

02-12-2024T02:37:55 - [TEST_STEP][PASSED] - dZONum = dZONum + 1: null

02-12-2024T02:37:55 - [TEST_STEP][PASSED] - ugB = GetAllData(path, dZONum, VseDZO, x = "Россети Юг (ГК)/"): null

02-12-2024T02:37:55 - [TEST_STEP][PASSED] - ii = <not implemented yet for class: org.codehaus.groovy.ast.expr.EmptyExpression>: null

02-12-2024T02:37:55 - [TEST_STEP][PASSED] - i1 = <not implemented yet for class: org.codehaus.groovy.ast.expr.EmptyExpression>: null

02-12-2024T02:37:55 - [TEST_STEP][PASSED] - z = <not implemented yet for class: org.codehaus.groovy.ast.expr.EmptyExpression>: null

02-12-2024T02:37:55 - [TEST_STEP][PASSED] - path2 = "Значения со страницы Выполнение бизнес-плана/Table Data/": null

02-12-2024T02:37:55 - [TEST_STEP][PASSED] - println("path: " + path): null

02-12-2024T02:37:55 - [TEST_STEP][PASSED] - println("dZONum: " + dZONum): null

02-12-2024T02:37:55 - [TEST_STEP][PASSED] - z = getText(findTestObject(path + "spanPlan" + dZONum)): Text of object 'Object Repository/Выполнение бизнес-плана/Выполнение бизнес-плана Балансы/spanPlan16' is: '9.03
|'

02-12-2024T02:37:55 - [MESSAGE][PASSED] - Text of object 'Object Repository/Выполнение бизнес-плана/Выполнение бизнес-плана Балансы/spanPlan16' is: '9.03
|'

02-12-2024T02:37:55 - [TEST_STEP][PASSED] - println(z): null

02-12-2024T02:37:55 - [TEST_STEP][PASSED] - ii = z.indexOf("|"): null

02-12-2024T02:37:55 - [TEST_STEP][PASSED] - if (ii > -1): null

02-12-2024T02:37:55 - [TEST_STEP][PASSED] - z = z.substring(0, z.length() - 1): null

02-12-2024T02:37:55 - [TEST_STEP][PASSED] - println(z): null

02-12-2024T02:37:55 - [TEST_STEP][PASSED] - z = z.replaceAll("\s+", ""): null

02-12-2024T02:37:55 - [TEST_STEP][PASSED] - z = z.replace("[\r?
|
]", "/"): null

02-12-2024T02:37:55 - [TEST_STEP][PASSED] - println(z): null

02-12-2024T02:37:55 - [TEST_STEP][PASSED] - x = x + z: null

02-12-2024T02:37:55 - [TEST_STEP][PASSED] - z = getText(findTestObject(path + "spanFact" + dZONum)): Text of object 'Object Repository/Выполнение бизнес-плана/Выполнение бизнес-плана Балансы/spanFact16' is: '8.58'

02-12-2024T02:37:55 - [MESSAGE][PASSED] - Text of object 'Object Repository/Выполнение бизнес-плана/Выполнение бизнес-плана Балансы/spanFact16' is: '8.58'

02-12-2024T02:37:55 - [TEST_STEP][PASSED] - ii = z.indexOf("|"): null

02-12-2024T02:37:55 - [TEST_STEP][PASSED] - if (ii > -1): null

02-12-2024T02:37:55 - [TEST_STEP][PASSED] - x = x + "/" + z: null

02-12-2024T02:37:55 - [TEST_STEP][PASSED] - z = getText(findTestObject(path + path2 + "Факт Отпуск в сеть за отчётный период " + dZONum)).replaceAll("\s+", ""): Text of object 'Object Repository/Выполнение бизнес-плана/Выполнение бизнес-плана Балансы/Значения со страницы Выполнение бизнес-плана/Table Data/Факт Отпуск в сеть за отчётный период 16' is: '24 803 317'

02-12-2024T02:37:56 - [MESSAGE][PASSED] - Text of object 'Object Repository/Выполнение бизнес-плана/Выполнение бизнес-плана Балансы/Значения со страницы Выполнение бизнес-плана/Table Data/Факт Отпуск в сеть за отчётный период 16' is: '24 803 317'

02-12-2024T02:37:56 - [TEST_STEP][PASSED] - x = x + "/" + z: null

02-12-2024T02:37:56 - [TEST_STEP][PASSED] - z = getText(findTestObject(path + path2 + "Факт Отпуск из сети за отчётный период " + dZONum)).replaceAll("\s+", ""): Text of object 'Object Repository/Выполнение бизнес-плана/Выполнение бизнес-плана Балансы/Значения со страницы Выполнение бизнес-плана/Table Data/Факт Отпуск из сети за отчётный период 16' is: '22 675 442'

02-12-2024T02:37:56 - [MESSAGE][PASSED] - Text of object 'Object Repository/Выполнение бизнес-плана/Выполнение бизнес-плана Балансы/Значения со страницы Выполнение бизнес-плана/Table Data/Факт Отпуск из сети за отчётный период 16' is: '22 675 442'

02-12-2024T02:37:56 - [TEST_STEP][PASSED] - x = x + "/" + z: null

02-12-2024T02:37:56 - [TEST_STEP][PASSED] - z = getText(findTestObject(path + path2 + "Факт Потери за отчётный период " + dZONum)).replaceAll("\s+", ""): Text of object 'Object Repository/Выполнение бизнес-плана/Выполнение бизнес-плана Балансы/Значения со страницы Выполнение бизнес-плана/Table Data/Факт Потери за отчётный период 16' is: '2 127 876'

02-12-2024T02:37:56 - [MESSAGE][PASSED] - Text of object 'Object Repository/Выполнение бизнес-плана/Выполнение бизнес-плана Балансы/Значения со страницы Выполнение бизнес-плана/Table Data/Факт Потери за отчётный период 16' is: '2 127 876'

02-12-2024T02:37:56 - [TEST_STEP][PASSED] - x = x + "/" + z: null

02-12-2024T02:37:56 - [TEST_STEP][PASSED] - z = getText(findTestObject(path + path2 + "План Отпуск в сеть за отчётный период " + dZONum)).replaceAll("\s+", ""): Text of object 'Object Repository/Выполнение бизнес-плана/Выполнение бизнес-плана Балансы/Значения со страницы Выполнение бизнес-плана/Table Data/План Отпуск в сеть за отчётный период 16' is: '24 059 967'

02-12-2024T02:37:56 - [MESSAGE][PASSED] - Text of object 'Object Repository/Выполнение бизнес-плана/Выполнение бизнес-плана Балансы/Значения со страницы Выполнение бизнес-плана/Table Data/План Отпуск в сеть за отчётный период 16' is: '24 059 967'

02-12-2024T02:37:56 - [TEST_STEP][PASSED] - x = x + "/" + z: null

02-12-2024T02:37:56 - [TEST_STEP][PASSED] - z = getText(findTestObject(path + path2 + "План Отпуск из сети за отчётный период " + dZONum)).replaceAll("\s+", ""): Text of object 'Object Repository/Выполнение бизнес-плана/Выполнение бизнес-плана Балансы/Значения со страницы Выполнение бизнес-плана/Table Data/План Отпуск из сети за отчётный период 16' is: '21 888 350'

02-12-2024T02:37:57 - [MESSAGE][PASSED] - Text of object 'Object Repository/Выполнение бизнес-плана/Выполнение бизнес-плана Балансы/Значения со страницы Выполнение бизнес-плана/Table Data/План Отпуск из сети за отчётный период 16' is: '21 888 350'

02-12-2024T02:37:57 - [TEST_STEP][PASSED] - x = x + "/" + z: null

02-12-2024T02:37:57 - [TEST_STEP][PASSED] - z = getText(findTestObject(path + path2 + "План Потери за отчётный период " + dZONum)).replaceAll("\s+", ""): Text of object 'Object Repository/Выполнение бизнес-плана/Выполнение бизнес-плана Балансы/Значения со страницы Выполнение бизнес-плана/Table Data/План Потери за отчётный период 16' is: '2 171 617'

02-12-2024T02:37:57 - [MESSAGE][PASSED] - Text of object 'Object Repository/Выполнение бизнес-плана/Выполнение бизнес-плана Балансы/Значения со страницы Выполнение бизнес-плана/Table Data/План Потери за отчётный период 16' is: '2 171 617'

02-12-2024T02:37:57 - [TEST_STEP][PASSED] - x = x + "/" + z: null

02-12-2024T02:37:57 - [TEST_STEP][PASSED] - z = getText(findTestObject(path + "Список ДЗО")).replaceAll("[\r?
|
]", "/"): Text of object 'Object Repository/Выполнение бизнес-плана/Выполнение бизнес-плана Балансы/Список ДЗО' is: '-0.21
-0.07
3.72
-0.38
-0.53
0.09
0.09
3.84
-0.41
-0.05
-0.01
0.15
-0.11
-0.50
-0.27
-0.45
-0.05
Россети ФСКЕЭС
АО«Тываэнерго»
АО«Чеченэнерго»
РоссетиВолга
РоссетиКубань
РоссетиЛенэнерго(ГК)
РоссетиМосковскийрегион
РоссетиСеверныйКавказ
РоссетиСеверо-Запад
РоссетиСибирь
РоссетиТомск
РоссетиТюмень
Россети Урал(ГК)
РоссетиЦентр (ГК)
РоссетиЦентр иПриволжье(ГК)
Россети Юг(ГК)
РоссетиЯнтарь
0
2
4
6
-2
8'

02-12-2024T02:37:57 - [MESSAGE][PASSED] - Text of object 'Object Repository/Выполнение бизнес-плана/Выполнение бизнес-плана Балансы/Список ДЗО' is: '-0.21
-0.07
3.72
-0.38
-0.53
0.09
0.09
3.84
-0.41
-0.05
-0.01
0.15
-0.11
-0.50
-0.27
-0.45
-0.05
Россети ФСКЕЭС
АО«Тываэнерго»
АО«Чеченэнерго»
РоссетиВолга
РоссетиКубань
РоссетиЛенэнерго(ГК)
РоссетиМосковскийрегион
РоссетиСеверныйКавказ
РоссетиСеверо-Запад
РоссетиСибирь
РоссетиТомск
РоссетиТюмень
Россети Урал(ГК)
РоссетиЦентр (ГК)
РоссетиЦентр иПриволжье(ГК)
Россети Юг(ГК)
РоссетиЯнтарь
0
2
4
6
-2
8'

02-12-2024T02:37:57 - [TEST_STEP][PASSED] - for ([ii = 1, ii < dZONum, (ii++)]): null

02-12-2024T02:37:57 - [TEST_STEP][PASSED] - i1 = z.indexOf("/") + 1: null

02-12-2024T02:37:57 - [TEST_STEP][PASSED] - if (i1 > -1): null

02-12-2024T02:37:57 - [TEST_STEP][PASSED] - z = z.substring(i1, z.length()): null

02-12-2024T02:37:57 - [TEST_STEP][PASSED] - i1 = z.indexOf("/"): null

02-12-2024T02:37:57 - [TEST_STEP][PASSED] - i1 = z.indexOf("/") + 1: null

02-12-2024T02:37:57 - [TEST_STEP][PASSED] - if (i1 > -1): null

02-12-2024T02:37:57 - [TEST_STEP][PASSED] - z = z.substring(i1, z.length()): null

02-12-2024T02:37:57 - [TEST_STEP][PASSED] - i1 = z.indexOf("/"): null

02-12-2024T02:37:57 - [TEST_STEP][PASSED] - i1 = z.indexOf("/") + 1: null

02-12-2024T02:37:57 - [TEST_STEP][PASSED] - if (i1 > -1): null

02-12-2024T02:37:57 - [TEST_STEP][PASSED] - z = z.substring(i1, z.length()): null

02-12-2024T02:37:57 - [TEST_STEP][PASSED] - i1 = z.indexOf("/"): null

02-12-2024T02:37:57 - [TEST_STEP][PASSED] - i1 = z.indexOf("/") + 1: null

02-12-2024T02:37:57 - [TEST_STEP][PASSED] - if (i1 > -1): null

02-12-2024T02:37:57 - [TEST_STEP][PASSED] - z = z.substring(i1, z.length()): null

02-12-2024T02:37:57 - [TEST_STEP][PASSED] - i1 = z.indexOf("/"): null

02-12-2024T02:37:57 - [TEST_STEP][PASSED] - i1 = z.indexOf("/") + 1: null

02-12-2024T02:37:57 - [TEST_STEP][PASSED] - if (i1 > -1): null

02-12-2024T02:37:57 - [TEST_STEP][PASSED] - z = z.substring(i1, z.length()): null

02-12-2024T02:37:57 - [TEST_STEP][PASSED] - i1 = z.indexOf("/"): null

02-12-2024T02:37:57 - [TEST_STEP][PASSED] - i1 = z.indexOf("/") + 1: null

02-12-2024T02:37:57 - [TEST_STEP][PASSED] - if (i1 > -1): null

02-12-2024T02:37:57 - [TEST_STEP][PASSED] - z = z.substring(i1, z.length()): null

02-12-2024T02:37:57 - [TEST_STEP][PASSED] - i1 = z.indexOf("/"): null

02-12-2024T02:37:57 - [TEST_STEP][PASSED] - i1 = z.indexOf("/") + 1: null

02-12-2024T02:37:57 - [TEST_STEP][PASSED] - if (i1 > -1): null

02-12-2024T02:37:57 - [TEST_STEP][PASSED] - z = z.substring(i1, z.length()): null

02-12-2024T02:37:57 - [TEST_STEP][PASSED] - i1 = z.indexOf("/"): null

02-12-2024T02:37:57 - [TEST_STEP][PASSED] - i1 = z.indexOf("/") + 1: null

02-12-2024T02:37:57 - [TEST_STEP][PASSED] - if (i1 > -1): null

02-12-2024T02:37:57 - [TEST_STEP][PASSED] - z = z.substring(i1, z.length()): null

02-12-2024T02:37:57 - [TEST_STEP][PASSED] - i1 = z.indexOf("/"): null

02-12-2024T02:37:57 - [TEST_STEP][PASSED] - i1 = z.indexOf("/") + 1: null

02-12-2024T02:37:57 - [TEST_STEP][PASSED] - if (i1 > -1): null

02-12-2024T02:37:57 - [TEST_STEP][PASSED] - z = z.substring(i1, z.length()): null

02-12-2024T02:37:57 - [TEST_STEP][PASSED] - i1 = z.indexOf("/"): null

02-12-2024T02:37:57 - [TEST_STEP][PASSED] - i1 = z.indexOf("/") + 1: null

02-12-2024T02:37:57 - [TEST_STEP][PASSED] - if (i1 > -1): null

02-12-2024T02:37:57 - [TEST_STEP][PASSED] - z = z.substring(i1, z.length()): null

02-12-2024T02:37:57 - [TEST_STEP][PASSED] - i1 = z.indexOf("/"): null

02-12-2024T02:37:57 - [TEST_STEP][PASSED] - i1 = z.indexOf("/") + 1: null

02-12-2024T02:37:57 - [TEST_STEP][PASSED] - if (i1 > -1): null

02-12-2024T02:37:57 - [TEST_STEP][PASSED] - z = z.substring(i1, z.length()): null

02-12-2024T02:37:57 - [TEST_STEP][PASSED] - i1 = z.indexOf("/"): null

02-12-2024T02:37:57 - [TEST_STEP][PASSED] - i1 = z.indexOf("/") + 1: null

02-12-2024T02:37:57 - [TEST_STEP][PASSED] - if (i1 > -1): null

02-12-2024T02:37:57 - [TEST_STEP][PASSED] - z = z.substring(i1, z.length()): null

02-12-2024T02:37:57 - [TEST_STEP][PASSED] - i1 = z.indexOf("/"): null

02-12-2024T02:37:57 - [TEST_STEP][PASSED] - i1 = z.indexOf("/") + 1: null

02-12-2024T02:37:57 - [TEST_STEP][PASSED] - if (i1 > -1): null

02-12-2024T02:37:57 - [TEST_STEP][PASSED] - z = z.substring(i1, z.length()): null

02-12-2024T02:37:57 - [TEST_STEP][PASSED] - i1 = z.indexOf("/"): null

02-12-2024T02:37:57 - [TEST_STEP][PASSED] - i1 = z.indexOf("/") + 1: null

02-12-2024T02:37:57 - [TEST_STEP][PASSED] - if (i1 > -1): null

02-12-2024T02:37:57 - [TEST_STEP][PASSED] - z = z.substring(i1, z.length()): null

02-12-2024T02:37:57 - [TEST_STEP][PASSED] - i1 = z.indexOf("/"): null

02-12-2024T02:37:57 - [TEST_STEP][PASSED] - i1 = z.indexOf("/") + 1: null

02-12-2024T02:37:57 - [TEST_STEP][PASSED] - if (i1 > -1): null

02-12-2024T02:37:57 - [TEST_STEP][PASSED] - z = z.substring(i1, z.length()): null

02-12-2024T02:37:57 - [TEST_STEP][PASSED] - i1 = z.indexOf("/"): null

02-12-2024T02:37:57 - [TEST_STEP][PASSED] - i1 = z.indexOf("/"): null

02-12-2024T02:37:57 - [TEST_STEP][PASSED] - if (i1 > -1): null

02-12-2024T02:37:57 - [TEST_STEP][PASSED] - z = z.substring(0, i1): null

02-12-2024T02:37:57 - [TEST_STEP][PASSED] - z = z.replace(",", "."): null

02-12-2024T02:37:57 - [TEST_STEP][PASSED] - println(z): null

02-12-2024T02:37:57 - [TEST_STEP][PASSED] - x = x + "/" + z: null

02-12-2024T02:37:57 - [TEST_STEP][PASSED] - x = x.replaceAll("[\r?
|
]", ""): null

02-12-2024T02:37:57 - [TEST_STEP][PASSED] - println(x): null

02-12-2024T02:37:57 - [TEST_STEP][PASSED] - return x: null

02-12-2024T02:37:57 - [TEST_STEP][PASSED] - println("ugB: " + ugB): null

02-12-2024T02:37:57 - [TEST_STEP][PASSED] - i = VseDZO.indexOf("Янтарь"): null

02-12-2024T02:37:57 - [TEST_STEP][PASSED] - if (i > -1): null

02-12-2024T02:37:57 - [TEST_STEP][PASSED] - dZONum = dZONum + 1: null

02-12-2024T02:37:57 - [TEST_STEP][PASSED] - yB = GetAllData(path, dZONum, VseDZO, x = "Россети Янтарь/"): null

02-12-2024T02:37:57 - [TEST_STEP][PASSED] - ii = <not implemented yet for class: org.codehaus.groovy.ast.expr.EmptyExpression>: null

02-12-2024T02:37:57 - [TEST_STEP][PASSED] - i1 = <not implemented yet for class: org.codehaus.groovy.ast.expr.EmptyExpression>: null

02-12-2024T02:37:57 - [TEST_STEP][PASSED] - z = <not implemented yet for class: org.codehaus.groovy.ast.expr.EmptyExpression>: null

02-12-2024T02:37:57 - [TEST_STEP][PASSED] - path2 = "Значения со страницы Выполнение бизнес-плана/Table Data/": null

02-12-2024T02:37:57 - [TEST_STEP][PASSED] - println("path: " + path): null

02-12-2024T02:37:57 - [TEST_STEP][PASSED] - println("dZONum: " + dZONum): null

02-12-2024T02:37:57 - [TEST_STEP][PASSED] - z = getText(findTestObject(path + "spanPlan" + dZONum)): Text of object 'Object Repository/Выполнение бизнес-плана/Выполнение бизнес-плана Балансы/spanPlan17' is: '8.82
|'

02-12-2024T02:37:58 - [MESSAGE][PASSED] - Text of object 'Object Repository/Выполнение бизнес-плана/Выполнение бизнес-плана Балансы/spanPlan17' is: '8.82
|'

02-12-2024T02:37:58 - [TEST_STEP][PASSED] - println(z): null

02-12-2024T02:37:58 - [TEST_STEP][PASSED] - ii = z.indexOf("|"): null

02-12-2024T02:37:58 - [TEST_STEP][PASSED] - if (ii > -1): null

02-12-2024T02:37:58 - [TEST_STEP][PASSED] - z = z.substring(0, z.length() - 1): null

02-12-2024T02:37:58 - [TEST_STEP][PASSED] - println(z): null

02-12-2024T02:37:58 - [TEST_STEP][PASSED] - z = z.replaceAll("\s+", ""): null

02-12-2024T02:37:58 - [TEST_STEP][PASSED] - z = z.replace("[\r?
|
]", "/"): null

02-12-2024T02:37:58 - [TEST_STEP][PASSED] - println(z): null

02-12-2024T02:37:58 - [TEST_STEP][PASSED] - x = x + z: null

02-12-2024T02:37:58 - [TEST_STEP][PASSED] - z = getText(findTestObject(path + "spanFact" + dZONum)): Text of object 'Object Repository/Выполнение бизнес-плана/Выполнение бизнес-плана Балансы/spanFact17' is: '8.76'

02-12-2024T02:37:58 - [MESSAGE][PASSED] - Text of object 'Object Repository/Выполнение бизнес-плана/Выполнение бизнес-плана Балансы/spanFact17' is: '8.76'

02-12-2024T02:37:58 - [TEST_STEP][PASSED] - ii = z.indexOf("|"): null

02-12-2024T02:37:58 - [TEST_STEP][PASSED] - if (ii > -1): null

02-12-2024T02:37:58 - [TEST_STEP][PASSED] - x = x + "/" + z: null

02-12-2024T02:37:58 - [TEST_STEP][PASSED] - z = getText(findTestObject(path + path2 + "Факт Отпуск в сеть за отчётный период " + dZONum)).replaceAll("\s+", ""): Text of object 'Object Repository/Выполнение бизнес-плана/Выполнение бизнес-плана Балансы/Значения со страницы Выполнение бизнес-плана/Table Data/Факт Отпуск в сеть за отчётный период 17' is: '3 757 223'

02-12-2024T02:37:58 - [MESSAGE][PASSED] - Text of object 'Object Repository/Выполнение бизнес-плана/Выполнение бизнес-плана Балансы/Значения со страницы Выполнение бизнес-плана/Table Data/Факт Отпуск в сеть за отчётный период 17' is: '3 757 223'

02-12-2024T02:37:58 - [TEST_STEP][PASSED] - x = x + "/" + z: null

02-12-2024T02:37:58 - [TEST_STEP][PASSED] - z = getText(findTestObject(path + path2 + "Факт Отпуск из сети за отчётный период " + dZONum)).replaceAll("\s+", ""): Text of object 'Object Repository/Выполнение бизнес-плана/Выполнение бизнес-плана Балансы/Значения со страницы Выполнение бизнес-плана/Table Data/Факт Отпуск из сети за отчётный период 17' is: '3 428 012'

02-12-2024T02:37:59 - [MESSAGE][PASSED] - Text of object 'Object Repository/Выполнение бизнес-плана/Выполнение бизнес-плана Балансы/Значения со страницы Выполнение бизнес-плана/Table Data/Факт Отпуск из сети за отчётный период 17' is: '3 428 012'

02-12-2024T02:37:59 - [TEST_STEP][PASSED] - x = x + "/" + z: null

02-12-2024T02:37:59 - [TEST_STEP][PASSED] - z = getText(findTestObject(path + path2 + "Факт Потери за отчётный период " + dZONum)).replaceAll("\s+", ""): Text of object 'Object Repository/Выполнение бизнес-плана/Выполнение бизнес-плана Балансы/Значения со страницы Выполнение бизнес-плана/Table Data/Факт Потери за отчётный период 17' is: '329 211'

02-12-2024T02:37:59 - [MESSAGE][PASSED] - Text of object 'Object Repository/Выполнение бизнес-плана/Выполнение бизнес-плана Балансы/Значения со страницы Выполнение бизнес-плана/Table Data/Факт Потери за отчётный период 17' is: '329 211'

02-12-2024T02:37:59 - [TEST_STEP][PASSED] - x = x + "/" + z: null

02-12-2024T02:37:59 - [TEST_STEP][PASSED] - z = getText(findTestObject(path + path2 + "План Отпуск в сеть за отчётный период " + dZONum)).replaceAll("\s+", ""): Text of object 'Object Repository/Выполнение бизнес-плана/Выполнение бизнес-плана Балансы/Значения со страницы Выполнение бизнес-плана/Table Data/План Отпуск в сеть за отчётный период 17' is: '3 603 098'

02-12-2024T02:37:59 - [MESSAGE][PASSED] - Text of object 'Object Repository/Выполнение бизнес-плана/Выполнение бизнес-плана Балансы/Значения со страницы Выполнение бизнес-плана/Table Data/План Отпуск в сеть за отчётный период 17' is: '3 603 098'

02-12-2024T02:37:59 - [TEST_STEP][PASSED] - x = x + "/" + z: null

02-12-2024T02:37:59 - [TEST_STEP][PASSED] - z = getText(findTestObject(path + path2 + "План Отпуск из сети за отчётный период " + dZONum)).replaceAll("\s+", ""): Text of object 'Object Repository/Выполнение бизнес-плана/Выполнение бизнес-плана Балансы/Значения со страницы Выполнение бизнес-плана/Table Data/План Отпуск из сети за отчётный период 17' is: '3 285 438'

02-12-2024T02:38:00 - [MESSAGE][PASSED] - Text of object 'Object Repository/Выполнение бизнес-плана/Выполнение бизнес-плана Балансы/Значения со страницы Выполнение бизнес-плана/Table Data/План Отпуск из сети за отчётный период 17' is: '3 285 438'

02-12-2024T02:38:00 - [TEST_STEP][PASSED] - x = x + "/" + z: null

02-12-2024T02:38:00 - [TEST_STEP][PASSED] - z = getText(findTestObject(path + path2 + "План Потери за отчётный период " + dZONum)).replaceAll("\s+", ""): Text of object 'Object Repository/Выполнение бизнес-плана/Выполнение бизнес-плана Балансы/Значения со страницы Выполнение бизнес-плана/Table Data/План Потери за отчётный период 17' is: '317 660'

02-12-2024T02:38:00 - [MESSAGE][PASSED] - Text of object 'Object Repository/Выполнение бизнес-плана/Выполнение бизнес-плана Балансы/Значения со страницы Выполнение бизнес-плана/Table Data/План Потери за отчётный период 17' is: '317 660'

02-12-2024T02:38:00 - [TEST_STEP][PASSED] - x = x + "/" + z: null

02-12-2024T02:38:00 - [TEST_STEP][PASSED] - z = getText(findTestObject(path + "Список ДЗО")).replaceAll("[\r?
|
]", "/"): Text of object 'Object Repository/Выполнение бизнес-плана/Выполнение бизнес-плана Балансы/Список ДЗО' is: '-0.21
-0.07
3.72
-0.38
-0.53
0.09
0.09
3.84
-0.41
-0.05
-0.01
0.15
-0.11
-0.50
-0.27
-0.45
-0.05
Россети ФСКЕЭС
АО«Тываэнерго»
АО«Чеченэнерго»
РоссетиВолга
РоссетиКубань
РоссетиЛенэнерго(ГК)
РоссетиМосковскийрегион
РоссетиСеверныйКавказ
РоссетиСеверо-Запад
РоссетиСибирь
РоссетиТомск
РоссетиТюмень
Россети Урал(ГК)
РоссетиЦентр (ГК)
РоссетиЦентр иПриволжье(ГК)
Россети Юг(ГК)
РоссетиЯнтарь
0
2
4
6
-2
8'

02-12-2024T02:38:00 - [MESSAGE][PASSED] - Text of object 'Object Repository/Выполнение бизнес-плана/Выполнение бизнес-плана Балансы/Список ДЗО' is: '-0.21
-0.07
3.72
-0.38
-0.53
0.09
0.09
3.84
-0.41
-0.05
-0.01
0.15
-0.11
-0.50
-0.27
-0.45
-0.05
Россети ФСКЕЭС
АО«Тываэнерго»
АО«Чеченэнерго»
РоссетиВолга
РоссетиКубань
РоссетиЛенэнерго(ГК)
РоссетиМосковскийрегион
РоссетиСеверныйКавказ
РоссетиСеверо-Запад
РоссетиСибирь
РоссетиТомск
РоссетиТюмень
Россети Урал(ГК)
РоссетиЦентр (ГК)
РоссетиЦентр иПриволжье(ГК)
Россети Юг(ГК)
РоссетиЯнтарь
0
2
4
6
-2
8'

02-12-2024T02:38:00 - [TEST_STEP][PASSED] - for ([ii = 1, ii < dZONum, (ii++)]): null

02-12-2024T02:38:00 - [TEST_STEP][PASSED] - i1 = z.indexOf("/") + 1: null

02-12-2024T02:38:00 - [TEST_STEP][PASSED] - if (i1 > -1): null

02-12-2024T02:38:00 - [TEST_STEP][PASSED] - z = z.substring(i1, z.length()): null

02-12-2024T02:38:00 - [TEST_STEP][PASSED] - i1 = z.indexOf("/"): null

02-12-2024T02:38:00 - [TEST_STEP][PASSED] - i1 = z.indexOf("/") + 1: null

02-12-2024T02:38:00 - [TEST_STEP][PASSED] - if (i1 > -1): null

02-12-2024T02:38:00 - [TEST_STEP][PASSED] - z = z.substring(i1, z.length()): null

02-12-2024T02:38:00 - [TEST_STEP][PASSED] - i1 = z.indexOf("/"): null

02-12-2024T02:38:00 - [TEST_STEP][PASSED] - i1 = z.indexOf("/") + 1: null

02-12-2024T02:38:00 - [TEST_STEP][PASSED] - if (i1 > -1): null

02-12-2024T02:38:00 - [TEST_STEP][PASSED] - z = z.substring(i1, z.length()): null

02-12-2024T02:38:00 - [TEST_STEP][PASSED] - i1 = z.indexOf("/"): null

02-12-2024T02:38:00 - [TEST_STEP][PASSED] - i1 = z.indexOf("/") + 1: null

02-12-2024T02:38:00 - [TEST_STEP][PASSED] - if (i1 > -1): null

02-12-2024T02:38:00 - [TEST_STEP][PASSED] - z = z.substring(i1, z.length()): null

02-12-2024T02:38:00 - [TEST_STEP][PASSED] - i1 = z.indexOf("/"): null

02-12-2024T02:38:00 - [TEST_STEP][PASSED] - i1 = z.indexOf("/") + 1: null

02-12-2024T02:38:00 - [TEST_STEP][PASSED] - if (i1 > -1): null

02-12-2024T02:38:00 - [TEST_STEP][PASSED] - z = z.substring(i1, z.length()): null

02-12-2024T02:38:00 - [TEST_STEP][PASSED] - i1 = z.indexOf("/"): null

02-12-2024T02:38:00 - [TEST_STEP][PASSED] - i1 = z.indexOf("/") + 1: null

02-12-2024T02:38:00 - [TEST_STEP][PASSED] - if (i1 > -1): null

02-12-2024T02:38:00 - [TEST_STEP][PASSED] - z = z.substring(i1, z.length()): null

02-12-2024T02:38:00 - [TEST_STEP][PASSED] - i1 = z.indexOf("/"): null

02-12-2024T02:38:00 - [TEST_STEP][PASSED] - i1 = z.indexOf("/") + 1: null

02-12-2024T02:38:00 - [TEST_STEP][PASSED] - if (i1 > -1): null

02-12-2024T02:38:00 - [TEST_STEP][PASSED] - z = z.substring(i1, z.length()): null

02-12-2024T02:38:00 - [TEST_STEP][PASSED] - i1 = z.indexOf("/"): null

02-12-2024T02:38:00 - [TEST_STEP][PASSED] - i1 = z.indexOf("/") + 1: null

02-12-2024T02:38:00 - [TEST_STEP][PASSED] - if (i1 > -1): null

02-12-2024T02:38:00 - [TEST_STEP][PASSED] - z = z.substring(i1, z.length()): null

02-12-2024T02:38:00 - [TEST_STEP][PASSED] - i1 = z.indexOf("/"): null

02-12-2024T02:38:00 - [TEST_STEP][PASSED] - i1 = z.indexOf("/") + 1: null

02-12-2024T02:38:00 - [TEST_STEP][PASSED] - if (i1 > -1): null

02-12-2024T02:38:00 - [TEST_STEP][PASSED] - z = z.substring(i1, z.length()): null

02-12-2024T02:38:00 - [TEST_STEP][PASSED] - i1 = z.indexOf("/"): null

02-12-2024T02:38:00 - [TEST_STEP][PASSED] - i1 = z.indexOf("/") + 1: null

02-12-2024T02:38:00 - [TEST_STEP][PASSED] - if (i1 > -1): null

02-12-2024T02:38:00 - [TEST_STEP][PASSED] - z = z.substring(i1, z.length()): null

02-12-2024T02:38:00 - [TEST_STEP][PASSED] - i1 = z.indexOf("/"): null

02-12-2024T02:38:00 - [TEST_STEP][PASSED] - i1 = z.indexOf("/") + 1: null

02-12-2024T02:38:00 - [TEST_STEP][PASSED] - if (i1 > -1): null

02-12-2024T02:38:00 - [TEST_STEP][PASSED] - z = z.substring(i1, z.length()): null

02-12-2024T02:38:00 - [TEST_STEP][PASSED] - i1 = z.indexOf("/"): null

02-12-2024T02:38:00 - [TEST_STEP][PASSED] - i1 = z.indexOf("/") + 1: null

02-12-2024T02:38:00 - [TEST_STEP][PASSED] - if (i1 > -1): null

02-12-2024T02:38:00 - [TEST_STEP][PASSED] - z = z.substring(i1, z.length()): null

02-12-2024T02:38:00 - [TEST_STEP][PASSED] - i1 = z.indexOf("/"): null

02-12-2024T02:38:00 - [TEST_STEP][PASSED] - i1 = z.indexOf("/") + 1: null

02-12-2024T02:38:00 - [TEST_STEP][PASSED] - if (i1 > -1): null

02-12-2024T02:38:00 - [TEST_STEP][PASSED] - z = z.substring(i1, z.length()): null

02-12-2024T02:38:00 - [TEST_STEP][PASSED] - i1 = z.indexOf("/"): null

02-12-2024T02:38:00 - [TEST_STEP][PASSED] - i1 = z.indexOf("/") + 1: null

02-12-2024T02:38:00 - [TEST_STEP][PASSED] - if (i1 > -1): null

02-12-2024T02:38:00 - [TEST_STEP][PASSED] - z = z.substring(i1, z.length()): null

02-12-2024T02:38:00 - [TEST_STEP][PASSED] - i1 = z.indexOf("/"): null

02-12-2024T02:38:00 - [TEST_STEP][PASSED] - i1 = z.indexOf("/") + 1: null

02-12-2024T02:38:00 - [TEST_STEP][PASSED] - if (i1 > -1): null

02-12-2024T02:38:00 - [TEST_STEP][PASSED] - z = z.substring(i1, z.length()): null

02-12-2024T02:38:00 - [TEST_STEP][PASSED] - i1 = z.indexOf("/"): null

02-12-2024T02:38:00 - [TEST_STEP][PASSED] - i1 = z.indexOf("/") + 1: null

02-12-2024T02:38:00 - [TEST_STEP][PASSED] - if (i1 > -1): null

02-12-2024T02:38:00 - [TEST_STEP][PASSED] - z = z.substring(i1, z.length()): null

02-12-2024T02:38:00 - [TEST_STEP][PASSED] - i1 = z.indexOf("/"): null

02-12-2024T02:38:00 - [TEST_STEP][PASSED] - i1 = z.indexOf("/"): null

02-12-2024T02:38:00 - [TEST_STEP][PASSED] - if (i1 > -1): null

02-12-2024T02:38:00 - [TEST_STEP][PASSED] - z = z.substring(0, i1): null

02-12-2024T02:38:00 - [TEST_STEP][PASSED] - z = z.replace(",", "."): null

02-12-2024T02:38:00 - [TEST_STEP][PASSED] - println(z): null

02-12-2024T02:38:00 - [TEST_STEP][PASSED] - x = x + "/" + z: null

02-12-2024T02:38:00 - [TEST_STEP][PASSED] - x = x.replaceAll("[\r?
|
]", ""): null

02-12-2024T02:38:00 - [TEST_STEP][PASSED] - println(x): null

02-12-2024T02:38:00 - [TEST_STEP][PASSED] - return x: null

02-12-2024T02:38:00 - [TEST_STEP][PASSED] - println("yB: " + yB): null

02-12-2024T02:38:00 - [TEST_STEP][PASSED] - VseDZO = getText(findTestObject(path + "Список ДЗО")): Text of object 'Object Repository/Выполнение бизнес-плана/Выполнение бизнес-плана Балансы/Список ДЗО' is: '-0.21
-0.07
3.72
-0.38
-0.53
0.09
0.09
3.84
-0.41
-0.05
-0.01
0.15
-0.11
-0.50
-0.27
-0.45
-0.05
Россети ФСКЕЭС
АО«Тываэнерго»
АО«Чеченэнерго»
РоссетиВолга
РоссетиКубань
РоссетиЛенэнерго(ГК)
РоссетиМосковскийрегион
РоссетиСеверныйКавказ
РоссетиСеверо-Запад
РоссетиСибирь
РоссетиТомск
РоссетиТюмень
Россети Урал(ГК)
РоссетиЦентр (ГК)
РоссетиЦентр иПриволжье(ГК)
Россети Юг(ГК)
РоссетиЯнтарь
0
2
4
6
-2
8'

02-12-2024T02:38:01 - [MESSAGE][PASSED] - Text of object 'Object Repository/Выполнение бизнес-плана/Выполнение бизнес-плана Балансы/Список ДЗО' is: '-0.21
-0.07
3.72
-0.38
-0.53
0.09
0.09
3.84
-0.41
-0.05
-0.01
0.15
-0.11
-0.50
-0.27
-0.45
-0.05
Россети ФСКЕЭС
АО«Тываэнерго»
АО«Чеченэнерго»
РоссетиВолга
РоссетиКубань
РоссетиЛенэнерго(ГК)
РоссетиМосковскийрегион
РоссетиСеверныйКавказ
РоссетиСеверо-Запад
РоссетиСибирь
РоссетиТомск
РоссетиТюмень
Россети Урал(ГК)
РоссетиЦентр (ГК)
РоссетиЦентр иПриволжье(ГК)
Россети Юг(ГК)
РоссетиЯнтарь
0
2
4
6
-2
8'

02-12-2024T02:38:01 - [TEST_STEP][FAILED] - if (blockNum == 2): null

02-12-2024T02:38:01 - [TEST_STEP][FAILED] - if (verifyEqual(pRR, pRB) == false): null

02-12-2024T02:38:01 - [MESSAGE][FAILED] - Unable to verify equal between actual object 'ПАО Россети/5.35/5.31/206165497/187914500/18250997/201515981/184398651/17117330' and expected object 'ПАО Россети/5.78/7.98/505792902/466342021/39450881/990453279/933890278/56563000' (Root cause: com.kms.katalon.core.exception.StepFailedException: Actual object 'ПАО Россети/5.35/5.31/206165497/187914500/18250997/201515981/184398651/17117330' and expected object 'ПАО Россети/5.78/7.98/505792902/466342021/39450881/990453279/933890278/56563000' are not equal
	at com.kms.katalon.core.keyword.builtin.VerifyEqualKeyword$_verifyEqual_closure1.doCall(VerifyEqualKeyword.groovy:58)
	at com.kms.katalon.core.keyword.builtin.VerifyEqualKeyword$_verifyEqual_closure1.call(VerifyEqualKeyword.groovy)
	at com.kms.katalon.core.keyword.internal.KeywordMain.runKeyword(KeywordMain.groovy:75)
	at com.kms.katalon.core.keyword.builtin.VerifyEqualKeyword.verifyEqual(VerifyEqualKeyword.groovy:63)
	at com.kms.katalon.core.keyword.builtin.VerifyEqualKeyword.execute(VerifyEqualKeyword.groovy:44)
	at com.kms.katalon.core.keyword.internal.KeywordExecutor.executeKeywordForPlatform(KeywordExecutor.groovy:74)
	at com.kms.katalon.core.keyword.BuiltinKeywords.verifyEqual(BuiltinKeywords.groovy:146)
	at java.base/jdk.internal.reflect.NativeMethodAccessorImpl.invoke0(Native Method)
	at java.base/jdk.internal.reflect.NativeMethodAccessorImpl.invoke(NativeMethodAccessorImpl.java:77)
	at java.base/jdk.internal.reflect.DelegatingMethodAccessorImpl.invoke(DelegatingMethodAccessorImpl.java:43)
	at Выполнение бизнес-плана сверка дашбордов.run(Выполнение бизнес-плана сверка дашбордов:577)
	at com.kms.katalon.core.main.ScriptEngine.run(ScriptEngine.java:194)
	at com.kms.katalon.core.main.ScriptEngine.runScriptAsRawText(ScriptEngine.java:119)
	at com.kms.katalon.core.main.TestCaseExecutor.runScript(TestCaseExecutor.java:448)
	at com.kms.katalon.core.main.TestCaseExecutor.doExecute(TestCaseExecutor.java:439)
	at com.kms.katalon.core.main.TestCaseExecutor.processExecutionPhase(TestCaseExecutor.java:418)
	at com.kms.katalon.core.main.TestCaseExecutor.accessMainPhase(TestCaseExecutor.java:410)
	at com.kms.katalon.core.main.TestCaseExecutor.execute(TestCaseExecutor.java:285)
	at com.kms.katalon.core.common.CommonExecutor.accessTestCaseMainPhase(CommonExecutor.java:65)
	at com.kms.katalon.core.main.TestSuiteExecutor.accessTestSuiteMainPhase(TestSuiteExecutor.java:150)
	at com.kms.katalon.core.main.TestSuiteExecutor.execute(TestSuiteExecutor.java:106)
	at com.kms.katalon.core.main.TestCaseMain.startTestSuite(TestCaseMain.java:180)
	at TempTestSuite1733095732962.run(TempTestSuite1733095732962.groovy:35)
	at java.base/jdk.internal.reflect.NativeMethodAccessorImpl.invoke0(Native Method)
	at java.base/jdk.internal.reflect.NativeMethodAccessorImpl.invoke(NativeMethodAccessorImpl.java:77)
	at java.base/jdk.internal.reflect.DelegatingMethodAccessorImpl.invoke(DelegatingMethodAccessorImpl.java:43)
)

02-12-2024T02:38:01 - [TEST_STEP][PASSED] - result = CompareDZOData(a = pRR, b = pRB, dZO, typeOfData, PercPlanR, PercPlanB, PercFactR, PercFactB, todaysDate, x, vidget, tabR, tabB, o1R, o1B): null

02-12-2024T02:38:01 - [TEST_STEP][PASSED] - ii2 = <not implemented yet for class: org.codehaus.groovy.ast.expr.EmptyExpression>: null

02-12-2024T02:38:01 - [TEST_STEP][FAILED] - if (verifyEqual(a, b) == false): null

02-12-2024T02:38:01 - [MESSAGE][FAILED] - Unable to verify equal between actual object 'ПАО Россети/5.35/5.31/206165497/187914500/18250997/201515981/184398651/17117330' and expected object 'ПАО Россети/5.78/7.98/505792902/466342021/39450881/990453279/933890278/56563000' (Root cause: com.kms.katalon.core.exception.StepFailedException: Actual object 'ПАО Россети/5.35/5.31/206165497/187914500/18250997/201515981/184398651/17117330' and expected object 'ПАО Россети/5.78/7.98/505792902/466342021/39450881/990453279/933890278/56563000' are not equal
	at com.kms.katalon.core.keyword.builtin.VerifyEqualKeyword$_verifyEqual_closure1.doCall(VerifyEqualKeyword.groovy:58)
	at com.kms.katalon.core.keyword.builtin.VerifyEqualKeyword$_verifyEqual_closure1.call(VerifyEqualKeyword.groovy)
	at com.kms.katalon.core.keyword.internal.KeywordMain.runKeyword(KeywordMain.groovy:75)
	at com.kms.katalon.core.keyword.builtin.VerifyEqualKeyword.verifyEqual(VerifyEqualKeyword.groovy:63)
	at com.kms.katalon.core.keyword.builtin.VerifyEqualKeyword.execute(VerifyEqualKeyword.groovy:44)
	at com.kms.katalon.core.keyword.internal.KeywordExecutor.executeKeywordForPlatform(KeywordExecutor.groovy:74)
	at com.kms.katalon.core.keyword.BuiltinKeywords.verifyEqual(BuiltinKeywords.groovy:146)
	at java.base/jdk.internal.reflect.NativeMethodAccessorImpl.invoke0(Native Method)
	at java.base/jdk.internal.reflect.NativeMethodAccessorImpl.invoke(NativeMethodAccessorImpl.java:77)
	at java.base/jdk.internal.reflect.DelegatingMethodAccessorImpl.invoke(DelegatingMethodAccessorImpl.java:43)
	at Выполнение бизнес-плана сверка дашбордов.CompareDZOData(Выполнение бизнес-плана сверка дашбордов:673)
	at Выполнение бизнес-плана сверка дашбордов.run(Выполнение бизнес-плана сверка дашбордов:578)
	at com.kms.katalon.core.main.ScriptEngine.run(ScriptEngine.java:194)
	at com.kms.katalon.core.main.ScriptEngine.runScriptAsRawText(ScriptEngine.java:119)
	at com.kms.katalon.core.main.TestCaseExecutor.runScript(TestCaseExecutor.java:448)
	at com.kms.katalon.core.main.TestCaseExecutor.doExecute(TestCaseExecutor.java:439)
	at com.kms.katalon.core.main.TestCaseExecutor.processExecutionPhase(TestCaseExecutor.java:418)
	at com.kms.katalon.core.main.TestCaseExecutor.accessMainPhase(TestCaseExecutor.java:410)
	at com.kms.katalon.core.main.TestCaseExecutor.execute(TestCaseExecutor.java:285)
	at com.kms.katalon.core.common.CommonExecutor.accessTestCaseMainPhase(CommonExecutor.java:65)
	at com.kms.katalon.core.main.TestSuiteExecutor.accessTestSuiteMainPhase(TestSuiteExecutor.java:150)
	at com.kms.katalon.core.main.TestSuiteExecutor.execute(TestSuiteExecutor.java:106)
	at com.kms.katalon.core.main.TestCaseMain.startTestSuite(TestCaseMain.java:180)
	at TempTestSuite1733095732962.run(TempTestSuite1733095732962.groovy:35)
	at java.base/jdk.internal.reflect.NativeMethodAccessorImpl.invoke0(Native Method)
	at java.base/jdk.internal.reflect.NativeMethodAccessorImpl.invoke(NativeMethodAccessorImpl.java:77)
	at java.base/jdk.internal.reflect.DelegatingMethodAccessorImpl.invoke(DelegatingMethodAccessorImpl.java:43)
)

02-12-2024T02:38:01 - [TEST_STEP][PASSED] - vidget = "Уровень потерь электроэнергии": null

02-12-2024T02:38:01 - [TEST_STEP][PASSED] - typeOfData = "План": null

02-12-2024T02:38:01 - [TEST_STEP][PASSED] - PercPlanR = GetPercPlanR(x = a): null

02-12-2024T02:38:01 - [TEST_STEP][PASSED] - i1 = <not implemented yet for class: org.codehaus.groovy.ast.expr.EmptyExpression>: null

02-12-2024T02:38:01 - [TEST_STEP][PASSED] - i1 = x.indexOf("/") + 1: null

02-12-2024T02:38:01 - [TEST_STEP][PASSED] - if (i1 > -1): null

02-12-2024T02:38:01 - [TEST_STEP][PASSED] - x = x.substring(i1, x.length()): null

02-12-2024T02:38:01 - [TEST_STEP][PASSED] - i1 = x.indexOf("/"): null

02-12-2024T02:38:01 - [TEST_STEP][PASSED] - if (i1 > -1): null

02-12-2024T02:38:01 - [TEST_STEP][PASSED] - x = x.substring(0, i1): null

02-12-2024T02:38:01 - [TEST_STEP][PASSED] - return x: null

02-12-2024T02:38:01 - [TEST_STEP][PASSED] - PercPlanB = GetPercPlanB(x = b): null

02-12-2024T02:38:01 - [TEST_STEP][PASSED] - i1 = <not implemented yet for class: org.codehaus.groovy.ast.expr.EmptyExpression>: null

02-12-2024T02:38:01 - [TEST_STEP][PASSED] - i1 = x.indexOf("/") + 1: null

02-12-2024T02:38:01 - [TEST_STEP][PASSED] - if (i1 > -1): null

02-12-2024T02:38:01 - [TEST_STEP][PASSED] - x = x.substring(i1, x.length()): null

02-12-2024T02:38:01 - [TEST_STEP][PASSED] - i1 = x.indexOf("/"): null

02-12-2024T02:38:01 - [TEST_STEP][PASSED] - if (i1 > -1): null

02-12-2024T02:38:01 - [TEST_STEP][PASSED] - x = x.substring(0, i1): null

02-12-2024T02:38:01 - [TEST_STEP][FAILED] - return x: null

02-12-2024T02:38:01 - [TEST_STEP][FAILED] - if (verifyEqual(PercPlanR, PercPlanB) == false): null

02-12-2024T02:38:01 - [MESSAGE][FAILED] - Unable to verify equal between actual object '5.35' and expected object '5.78' (Root cause: com.kms.katalon.core.exception.StepFailedException: Actual object '5.35' and expected object '5.78' are not equal
	at com.kms.katalon.core.keyword.builtin.VerifyEqualKeyword$_verifyEqual_closure1.doCall(VerifyEqualKeyword.groovy:58)
	at com.kms.katalon.core.keyword.builtin.VerifyEqualKeyword$_verifyEqual_closure1.call(VerifyEqualKeyword.groovy)
	at com.kms.katalon.core.keyword.internal.KeywordMain.runKeyword(KeywordMain.groovy:75)
	at com.kms.katalon.core.keyword.builtin.VerifyEqualKeyword.verifyEqual(VerifyEqualKeyword.groovy:63)
	at com.kms.katalon.core.keyword.builtin.VerifyEqualKeyword.execute(VerifyEqualKeyword.groovy:44)
	at com.kms.katalon.core.keyword.internal.KeywordExecutor.executeKeywordForPlatform(KeywordExecutor.groovy:74)
	at com.kms.katalon.core.keyword.BuiltinKeywords.verifyEqual(BuiltinKeywords.groovy:146)
	at java.base/jdk.internal.reflect.NativeMethodAccessorImpl.invoke0(Native Method)
	at java.base/jdk.internal.reflect.NativeMethodAccessorImpl.invoke(NativeMethodAccessorImpl.java:77)
	at java.base/jdk.internal.reflect.DelegatingMethodAccessorImpl.invoke(DelegatingMethodAccessorImpl.java:43)
	at Выполнение бизнес-плана сверка дашбордов.CompareDZOData(Выполнение бизнес-плана сверка дашбордов:682)
	at Выполнение бизнес-плана сверка дашбордов.run(Выполнение бизнес-плана сверка дашбордов:578)
	at com.kms.katalon.core.main.ScriptEngine.run(ScriptEngine.java:194)
	at com.kms.katalon.core.main.ScriptEngine.runScriptAsRawText(ScriptEngine.java:119)
	at com.kms.katalon.core.main.TestCaseExecutor.runScript(TestCaseExecutor.java:448)
	at com.kms.katalon.core.main.TestCaseExecutor.doExecute(TestCaseExecutor.java:439)
	at com.kms.katalon.core.main.TestCaseExecutor.processExecutionPhase(TestCaseExecutor.java:418)
	at com.kms.katalon.core.main.TestCaseExecutor.accessMainPhase(TestCaseExecutor.java:410)
	at com.kms.katalon.core.main.TestCaseExecutor.execute(TestCaseExecutor.java:285)
	at com.kms.katalon.core.common.CommonExecutor.accessTestCaseMainPhase(CommonExecutor.java:65)
	at com.kms.katalon.core.main.TestSuiteExecutor.accessTestSuiteMainPhase(TestSuiteExecutor.java:150)
	at com.kms.katalon.core.main.TestSuiteExecutor.execute(TestSuiteExecutor.java:106)
	at com.kms.katalon.core.main.TestCaseMain.startTestSuite(TestCaseMain.java:180)
	at TempTestSuite1733095732962.run(TempTestSuite1733095732962.groovy:35)
	at java.base/jdk.internal.reflect.NativeMethodAccessorImpl.invoke0(Native Method)
	at java.base/jdk.internal.reflect.NativeMethodAccessorImpl.invoke(NativeMethodAccessorImpl.java:77)
	at java.base/jdk.internal.reflect.DelegatingMethodAccessorImpl.invoke(DelegatingMethodAccessorImpl.java:43)
)

02-12-2024T02:38:01 - [TEST_STEP][PASSED] - result = WriteToExcel(typeOfData, todaysDate, PercPlanR, PercPlanB, PercFactR, PercFactB, x, tabR, tabB, o1R, o1B, vidget): null

02-12-2024T02:38:01 - [TEST_STEP][PASSED] - iii = dZO.indexOf("/"): null

02-12-2024T02:38:01 - [TEST_STEP][PASSED] - println(iii): null

02-12-2024T02:38:01 - [TEST_STEP][PASSED] - dZO = dZO.substring(0, iii): null

02-12-2024T02:38:01 - [TEST_STEP][PASSED] - println(dZO): null

02-12-2024T02:38:01 - [TEST_STEP][PASSED] - println(PercPlanR): null

02-12-2024T02:38:01 - [TEST_STEP][PASSED] - println(PercPlanB): null

02-12-2024T02:38:01 - [TEST_STEP][PASSED] - println(PercFactR): null

02-12-2024T02:38:01 - [TEST_STEP][PASSED] - println(PercFactB): null

02-12-2024T02:38:01 - [TEST_STEP][PASSED] - println(tabR): null

02-12-2024T02:38:01 - [TEST_STEP][PASSED] - println(tabB): null

02-12-2024T02:38:01 - [TEST_STEP][PASSED] - println(o1R): null

02-12-2024T02:38:01 - [TEST_STEP][PASSED] - println(o1B): null

02-12-2024T02:38:01 - [TEST_STEP][PASSED] - PR = <not implemented yet for class: org.codehaus.groovy.ast.expr.EmptyExpression>: null

02-12-2024T02:38:01 - [TEST_STEP][PASSED] - FR = <not implemented yet for class: org.codehaus.groovy.ast.expr.EmptyExpression>: null

02-12-2024T02:38:01 - [TEST_STEP][PASSED] - PB = <not implemented yet for class: org.codehaus.groovy.ast.expr.EmptyExpression>: null

02-12-2024T02:38:01 - [TEST_STEP][PASSED] - FB = <not implemented yet for class: org.codehaus.groovy.ast.expr.EmptyExpression>: null

02-12-2024T02:38:01 - [TEST_STEP][PASSED] - TR = <not implemented yet for class: org.codehaus.groovy.ast.expr.EmptyExpression>: null

02-12-2024T02:38:01 - [TEST_STEP][PASSED] - TB = <not implemented yet for class: org.codehaus.groovy.ast.expr.EmptyExpression>: null

02-12-2024T02:38:01 - [TEST_STEP][PASSED] - sheetName = "Sheet1": null

02-12-2024T02:38:01 - [TEST_STEP][PASSED] - data = findTestData("PlanFact"): null

02-12-2024T02:38:01 - [TEST_STEP][PASSED] - n = data.getRowNumbers() + 1: null

02-12-2024T02:38:01 - [TEST_STEP][PASSED] - year = todaysDate.substring(todaysDate.length() - 4, todaysDate.length()): null

02-12-2024T02:38:01 - [TEST_STEP][PASSED] - y = year.toInteger(): null

02-12-2024T02:38:01 - [TEST_STEP][PASSED] - m = getText(findTestObject("Выполнение бизнес-плана/Выполнение бизнес-плана Балансы/Фильтр Дата")): Text of object 'Object Repository/Выполнение бизнес-плана/Выполнение бизнес-плана Балансы/Фильтр Дата' is: '1, 2, 3 кв., Октябрь 2024 года'

02-12-2024T02:38:01 - [MESSAGE][PASSED] - Text of object 'Object Repository/Выполнение бизнес-плана/Выполнение бизнес-плана Балансы/Фильтр Дата' is: '1, 2, 3 кв., Октябрь 2024 года'

02-12-2024T02:38:01 - [TEST_STEP][PASSED] - m = m.substring(0, m.indexOf("2024")): null

02-12-2024T02:38:01 - [TEST_STEP][PASSED] - m = m.trim(): null

02-12-2024T02:38:01 - [TEST_STEP][PASSED] - dashboardName = "Выполнение бизнес-плана": null

02-12-2024T02:38:01 - [TEST_STEP][PASSED] - workbook01 = getWorkbook(excelFilePath): null

02-12-2024T02:38:01 - [TEST_STEP][PASSED] - sheet01 = getExcelSheet(workbook01, sheetName): null

02-12-2024T02:38:01 - [TEST_STEP][PASSED] - setValueToCellByIndex(sheet01, n, 0, dashboardName): null

02-12-2024T02:38:01 - [TEST_STEP][PASSED] - setValueToCellByIndex(sheet01, n, 1, dZO): null

02-12-2024T02:38:01 - [TEST_STEP][PASSED] - setValueToCellByIndex(sheet01, n, 2, typeOfData): null

02-12-2024T02:38:01 - [TEST_STEP][PASSED] - setValueToCellByIndex(sheet01, n, 3, typeOfData): null

02-12-2024T02:38:01 - [TEST_STEP][PASSED] - if (typeOfData == "План"): null

02-12-2024T02:38:01 - [TEST_STEP][PASSED] - if (PercPlanR == null): null

02-12-2024T02:38:01 - [TEST_STEP][PASSED] - else: null

02-12-2024T02:38:01 - [TEST_STEP][PASSED] - if (PercPlanR == "нет данных"): null

02-12-2024T02:38:01 - [TEST_STEP][PASSED] - else: null

02-12-2024T02:38:01 - [TEST_STEP][PASSED] - PR = PercPlanR.toDouble(): null

02-12-2024T02:38:01 - [TEST_STEP][PASSED] - setValueToCellByIndex(sheet01, n, 4, PR): null

02-12-2024T02:38:01 - [TEST_STEP][PASSED] - if (PercPlanB == null): null

02-12-2024T02:38:01 - [TEST_STEP][PASSED] - else: null

02-12-2024T02:38:01 - [TEST_STEP][PASSED] - if (PercPlanB == "нет данных"): null

02-12-2024T02:38:01 - [TEST_STEP][PASSED] - else: null

02-12-2024T02:38:01 - [TEST_STEP][PASSED] - PB = PercPlanB.toDouble(): null

02-12-2024T02:38:01 - [TEST_STEP][PASSED] - setValueToCellByIndex(sheet01, n, 5, PB): null

02-12-2024T02:38:01 - [TEST_STEP][PASSED] - setValueToCellByIndex(sheet01, n, 6, m): null

02-12-2024T02:38:01 - [TEST_STEP][PASSED] - setValueToCellByIndex(sheet01, n, 7, y): null

02-12-2024T02:38:01 - [TEST_STEP][PASSED] - setValueToCellByIndex(sheet01, n, 8, todaysDate): null

02-12-2024T02:38:01 - [TEST_STEP][PASSED] - n = n + 1: null

02-12-2024T02:38:01 - [TEST_STEP][PASSED] - saveWorkbook(excelFilePath, workbook01): null

02-12-2024T02:38:02 - [TEST_STEP][PASSED] - typeOfData = "Факт": null

02-12-2024T02:38:02 - [TEST_STEP][PASSED] - PercFactR = GetPercFactR(x = a): null

02-12-2024T02:38:02 - [TEST_STEP][PASSED] - i1 = <not implemented yet for class: org.codehaus.groovy.ast.expr.EmptyExpression>: null

02-12-2024T02:38:02 - [TEST_STEP][PASSED] - ii = <not implemented yet for class: org.codehaus.groovy.ast.expr.EmptyExpression>: null

02-12-2024T02:38:02 - [TEST_STEP][PASSED] - for ([ii = 1, ii < 3, (ii++)]): null

02-12-2024T02:38:02 - [TEST_STEP][PASSED] - i1 = x.indexOf("/") + 1: null

02-12-2024T02:38:02 - [TEST_STEP][PASSED] - if (i1 > -1): null

02-12-2024T02:38:02 - [TEST_STEP][PASSED] - x = x.substring(i1, x.length()): null

02-12-2024T02:38:02 - [TEST_STEP][PASSED] - println(x): null

02-12-2024T02:38:02 - [TEST_STEP][PASSED] - i1 = x.indexOf("/") + 1: null

02-12-2024T02:38:02 - [TEST_STEP][PASSED] - if (i1 > -1): null

02-12-2024T02:38:02 - [TEST_STEP][PASSED] - x = x.substring(i1, x.length()): null

02-12-2024T02:38:02 - [TEST_STEP][PASSED] - println(x): null

02-12-2024T02:38:02 - [TEST_STEP][PASSED] - i1 = x.indexOf("/"): null

02-12-2024T02:38:02 - [TEST_STEP][PASSED] - if (i1 > -1): null

02-12-2024T02:38:02 - [TEST_STEP][PASSED] - x = x.substring(0, i1): null

02-12-2024T02:38:02 - [TEST_STEP][PASSED] - println(x): null

02-12-2024T02:38:02 - [TEST_STEP][PASSED] - return x: null

02-12-2024T02:38:02 - [TEST_STEP][PASSED] - PercFactB = GetPercFactB(x = b): null

02-12-2024T02:38:02 - [TEST_STEP][PASSED] - i1 = <not implemented yet for class: org.codehaus.groovy.ast.expr.EmptyExpression>: null

02-12-2024T02:38:02 - [TEST_STEP][PASSED] - ii = <not implemented yet for class: org.codehaus.groovy.ast.expr.EmptyExpression>: null

02-12-2024T02:38:02 - [TEST_STEP][PASSED] - for ([ii = 1, ii < 3, (ii++)]): null

02-12-2024T02:38:02 - [TEST_STEP][PASSED] - i1 = x.indexOf("/") + 1: null

02-12-2024T02:38:02 - [TEST_STEP][PASSED] - if (i1 > -1): null

02-12-2024T02:38:02 - [TEST_STEP][PASSED] - x = x.substring(i1, x.length()): null

02-12-2024T02:38:02 - [TEST_STEP][PASSED] - println(x): null

02-12-2024T02:38:02 - [TEST_STEP][PASSED] - i1 = x.indexOf("/") + 1: null

02-12-2024T02:38:02 - [TEST_STEP][PASSED] - if (i1 > -1): null

02-12-2024T02:38:02 - [TEST_STEP][PASSED] - x = x.substring(i1, x.length()): null

02-12-2024T02:38:02 - [TEST_STEP][PASSED] - println(x): null

02-12-2024T02:38:02 - [TEST_STEP][PASSED] - i1 = x.indexOf("/"): null

02-12-2024T02:38:02 - [TEST_STEP][PASSED] - if (i1 > -1): null

02-12-2024T02:38:02 - [TEST_STEP][PASSED] - x = x.substring(0, i1): null

02-12-2024T02:38:02 - [TEST_STEP][PASSED] - println(x): null

02-12-2024T02:38:02 - [TEST_STEP][FAILED] - return x: null

02-12-2024T02:38:02 - [TEST_STEP][FAILED] - if (verifyEqual(PercFactR, PercFactB) == false): null

02-12-2024T02:38:02 - [MESSAGE][FAILED] - Unable to verify equal between actual object '5.31' and expected object '7.98' (Root cause: com.kms.katalon.core.exception.StepFailedException: Actual object '5.31' and expected object '7.98' are not equal
	at com.kms.katalon.core.keyword.builtin.VerifyEqualKeyword$_verifyEqual_closure1.doCall(VerifyEqualKeyword.groovy:58)
	at com.kms.katalon.core.keyword.builtin.VerifyEqualKeyword$_verifyEqual_closure1.call(VerifyEqualKeyword.groovy)
	at com.kms.katalon.core.keyword.internal.KeywordMain.runKeyword(KeywordMain.groovy:75)
	at com.kms.katalon.core.keyword.builtin.VerifyEqualKeyword.verifyEqual(VerifyEqualKeyword.groovy:63)
	at com.kms.katalon.core.keyword.builtin.VerifyEqualKeyword.execute(VerifyEqualKeyword.groovy:44)
	at com.kms.katalon.core.keyword.internal.KeywordExecutor.executeKeywordForPlatform(KeywordExecutor.groovy:74)
	at com.kms.katalon.core.keyword.BuiltinKeywords.verifyEqual(BuiltinKeywords.groovy:146)
	at java.base/jdk.internal.reflect.NativeMethodAccessorImpl.invoke0(Native Method)
	at java.base/jdk.internal.reflect.NativeMethodAccessorImpl.invoke(NativeMethodAccessorImpl.java:77)
	at java.base/jdk.internal.reflect.DelegatingMethodAccessorImpl.invoke(DelegatingMethodAccessorImpl.java:43)
	at Выполнение бизнес-плана сверка дашбордов.CompareDZOData(Выполнение бизнес-плана сверка дашбордов:693)
	at Выполнение бизнес-плана сверка дашбордов.run(Выполнение бизнес-плана сверка дашбордов:578)
	at com.kms.katalon.core.main.ScriptEngine.run(ScriptEngine.java:194)
	at com.kms.katalon.core.main.ScriptEngine.runScriptAsRawText(ScriptEngine.java:119)
	at com.kms.katalon.core.main.TestCaseExecutor.runScript(TestCaseExecutor.java:448)
	at com.kms.katalon.core.main.TestCaseExecutor.doExecute(TestCaseExecutor.java:439)
	at com.kms.katalon.core.main.TestCaseExecutor.processExecutionPhase(TestCaseExecutor.java:418)
	at com.kms.katalon.core.main.TestCaseExecutor.accessMainPhase(TestCaseExecutor.java:410)
	at com.kms.katalon.core.main.TestCaseExecutor.execute(TestCaseExecutor.java:285)
	at com.kms.katalon.core.common.CommonExecutor.accessTestCaseMainPhase(CommonExecutor.java:65)
	at com.kms.katalon.core.main.TestSuiteExecutor.accessTestSuiteMainPhase(TestSuiteExecutor.java:150)
	at com.kms.katalon.core.main.TestSuiteExecutor.execute(TestSuiteExecutor.java:106)
	at com.kms.katalon.core.main.TestCaseMain.startTestSuite(TestCaseMain.java:180)
	at TempTestSuite1733095732962.run(TempTestSuite1733095732962.groovy:35)
	at java.base/jdk.internal.reflect.NativeMethodAccessorImpl.invoke0(Native Method)
	at java.base/jdk.internal.reflect.NativeMethodAccessorImpl.invoke(NativeMethodAccessorImpl.java:77)
	at java.base/jdk.internal.reflect.DelegatingMethodAccessorImpl.invoke(DelegatingMethodAccessorImpl.java:43)
)

02-12-2024T02:38:02 - [TEST_STEP][PASSED] - result = WriteToExcel(typeOfData, todaysDate, PercPlanR, PercPlanB, PercFactR, PercFactB, x, tabR, tabB, o1R, o1B, vidget): null

02-12-2024T02:38:02 - [TEST_STEP][PASSED] - iii = dZO.indexOf("/"): null

02-12-2024T02:38:02 - [TEST_STEP][PASSED] - println(iii): null

02-12-2024T02:38:02 - [TEST_STEP][PASSED] - dZO = dZO.substring(0, iii): null

02-12-2024T02:38:02 - [TEST_STEP][PASSED] - println(dZO): null

02-12-2024T02:38:02 - [TEST_STEP][PASSED] - println(PercPlanR): null

02-12-2024T02:38:02 - [TEST_STEP][PASSED] - println(PercPlanB): null

02-12-2024T02:38:02 - [TEST_STEP][PASSED] - println(PercFactR): null

02-12-2024T02:38:02 - [TEST_STEP][PASSED] - println(PercFactB): null

02-12-2024T02:38:02 - [TEST_STEP][PASSED] - println(tabR): null

02-12-2024T02:38:02 - [TEST_STEP][PASSED] - println(tabB): null

02-12-2024T02:38:02 - [TEST_STEP][PASSED] - println(o1R): null

02-12-2024T02:38:02 - [TEST_STEP][PASSED] - println(o1B): null

02-12-2024T02:38:02 - [TEST_STEP][PASSED] - PR = <not implemented yet for class: org.codehaus.groovy.ast.expr.EmptyExpression>: null

02-12-2024T02:38:02 - [TEST_STEP][PASSED] - FR = <not implemented yet for class: org.codehaus.groovy.ast.expr.EmptyExpression>: null

02-12-2024T02:38:02 - [TEST_STEP][PASSED] - PB = <not implemented yet for class: org.codehaus.groovy.ast.expr.EmptyExpression>: null

02-12-2024T02:38:02 - [TEST_STEP][PASSED] - FB = <not implemented yet for class: org.codehaus.groovy.ast.expr.EmptyExpression>: null

02-12-2024T02:38:02 - [TEST_STEP][PASSED] - TR = <not implemented yet for class: org.codehaus.groovy.ast.expr.EmptyExpression>: null

02-12-2024T02:38:02 - [TEST_STEP][PASSED] - TB = <not implemented yet for class: org.codehaus.groovy.ast.expr.EmptyExpression>: null

02-12-2024T02:38:02 - [TEST_STEP][PASSED] - sheetName = "Sheet1": null

02-12-2024T02:38:02 - [TEST_STEP][PASSED] - data = findTestData("PlanFact"): null

02-12-2024T02:38:02 - [TEST_STEP][PASSED] - n = data.getRowNumbers() + 1: null

02-12-2024T02:38:02 - [TEST_STEP][PASSED] - year = todaysDate.substring(todaysDate.length() - 4, todaysDate.length()): null

02-12-2024T02:38:02 - [TEST_STEP][PASSED] - y = year.toInteger(): null

02-12-2024T02:38:02 - [TEST_STEP][PASSED] - m = getText(findTestObject("Выполнение бизнес-плана/Выполнение бизнес-плана Балансы/Фильтр Дата")): Text of object 'Object Repository/Выполнение бизнес-плана/Выполнение бизнес-плана Балансы/Фильтр Дата' is: '1, 2, 3 кв., Октябрь 2024 года'

02-12-2024T02:38:02 - [MESSAGE][PASSED] - Text of object 'Object Repository/Выполнение бизнес-плана/Выполнение бизнес-плана Балансы/Фильтр Дата' is: '1, 2, 3 кв., Октябрь 2024 года'

02-12-2024T02:38:02 - [TEST_STEP][PASSED] - m = m.substring(0, m.indexOf("2024")): null

02-12-2024T02:38:02 - [TEST_STEP][PASSED] - m = m.trim(): null

02-12-2024T02:38:02 - [TEST_STEP][PASSED] - dashboardName = "Выполнение бизнес-плана": null

02-12-2024T02:38:02 - [TEST_STEP][PASSED] - workbook01 = getWorkbook(excelFilePath): null

02-12-2024T02:38:02 - [TEST_STEP][PASSED] - sheet01 = getExcelSheet(workbook01, sheetName): null

02-12-2024T02:38:02 - [TEST_STEP][PASSED] - setValueToCellByIndex(sheet01, n, 0, dashboardName): null

02-12-2024T02:38:02 - [TEST_STEP][PASSED] - setValueToCellByIndex(sheet01, n, 1, dZO): null

02-12-2024T02:38:02 - [TEST_STEP][PASSED] - setValueToCellByIndex(sheet01, n, 2, typeOfData): null

02-12-2024T02:38:02 - [TEST_STEP][PASSED] - setValueToCellByIndex(sheet01, n, 3, typeOfData): null

02-12-2024T02:38:02 - [TEST_STEP][PASSED] - if (typeOfData == "План"): null

02-12-2024T02:38:02 - [TEST_STEP][PASSED] - else if (typeOfData == "Факт"): null

02-12-2024T02:38:02 - [TEST_STEP][PASSED] - if (PercFactR == null): null

02-12-2024T02:38:02 - [TEST_STEP][PASSED] - else: null

02-12-2024T02:38:02 - [TEST_STEP][PASSED] - if (PercFactR == "нет данных"): null

02-12-2024T02:38:02 - [TEST_STEP][PASSED] - else: null

02-12-2024T02:38:02 - [TEST_STEP][PASSED] - FR = PercFactR.toDouble(): null

02-12-2024T02:38:02 - [TEST_STEP][PASSED] - setValueToCellByIndex(sheet01, n, 4, FR): null

02-12-2024T02:38:02 - [TEST_STEP][PASSED] - if (PercFactB == null): null

02-12-2024T02:38:02 - [TEST_STEP][PASSED] - else: null

02-12-2024T02:38:02 - [TEST_STEP][PASSED] - if (PercFactB == "нет данных"): null

02-12-2024T02:38:02 - [TEST_STEP][PASSED] - else: null

02-12-2024T02:38:02 - [TEST_STEP][PASSED] - FB = PercFactB.toDouble(): null

02-12-2024T02:38:02 - [TEST_STEP][PASSED] - setValueToCellByIndex(sheet01, n, 5, FB): null

02-12-2024T02:38:02 - [TEST_STEP][PASSED] - setValueToCellByIndex(sheet01, n, 6, m): null

02-12-2024T02:38:02 - [TEST_STEP][PASSED] - setValueToCellByIndex(sheet01, n, 7, y): null

02-12-2024T02:38:02 - [TEST_STEP][PASSED] - setValueToCellByIndex(sheet01, n, 8, todaysDate): null

02-12-2024T02:38:02 - [TEST_STEP][PASSED] - n = n + 1: null

02-12-2024T02:38:02 - [TEST_STEP][PASSED] - saveWorkbook(excelFilePath, workbook01): null

02-12-2024T02:38:02 - [TEST_STEP][PASSED] - vidget = "Показатели баланса электроэнергии по ДЗО – Факт": null

02-12-2024T02:38:02 - [TEST_STEP][PASSED] - typeOfData = "Факт Отпуск в сеть": null

02-12-2024T02:38:02 - [TEST_STEP][PASSED] - tabR = GetOvSFactR(x = a): null

02-12-2024T02:38:02 - [TEST_STEP][PASSED] - i1 = <not implemented yet for class: org.codehaus.groovy.ast.expr.EmptyExpression>: null

02-12-2024T02:38:02 - [TEST_STEP][PASSED] - ii = <not implemented yet for class: org.codehaus.groovy.ast.expr.EmptyExpression>: null

02-12-2024T02:38:02 - [TEST_STEP][PASSED] - for ([ii = 1, ii < 4, (ii++)]): null

02-12-2024T02:38:02 - [TEST_STEP][PASSED] - i1 = x.indexOf("/") + 1: null

02-12-2024T02:38:02 - [TEST_STEP][PASSED] - if (i1 > -1): null

02-12-2024T02:38:02 - [TEST_STEP][PASSED] - x = x.substring(i1, x.length()): null

02-12-2024T02:38:02 - [TEST_STEP][PASSED] - println(x): null

02-12-2024T02:38:02 - [TEST_STEP][PASSED] - i1 = x.indexOf("/") + 1: null

02-12-2024T02:38:02 - [TEST_STEP][PASSED] - if (i1 > -1): null

02-12-2024T02:38:02 - [TEST_STEP][PASSED] - x = x.substring(i1, x.length()): null

02-12-2024T02:38:02 - [TEST_STEP][PASSED] - println(x): null

02-12-2024T02:38:02 - [TEST_STEP][PASSED] - i1 = x.indexOf("/") + 1: null

02-12-2024T02:38:02 - [TEST_STEP][PASSED] - if (i1 > -1): null

02-12-2024T02:38:02 - [TEST_STEP][PASSED] - x = x.substring(i1, x.length()): null

02-12-2024T02:38:02 - [TEST_STEP][PASSED] - println(x): null

02-12-2024T02:38:02 - [TEST_STEP][PASSED] - i1 = x.indexOf("/"): null

02-12-2024T02:38:02 - [TEST_STEP][PASSED] - if (i1 > -1): null

02-12-2024T02:38:02 - [TEST_STEP][PASSED] - x = x.substring(0, i1): null

02-12-2024T02:38:02 - [TEST_STEP][PASSED] - println(x): null

02-12-2024T02:38:02 - [TEST_STEP][PASSED] - return x: null

02-12-2024T02:38:02 - [TEST_STEP][PASSED] - tabB = GetOvSFactB(x = b): null

02-12-2024T02:38:02 - [TEST_STEP][PASSED] - i1 = <not implemented yet for class: org.codehaus.groovy.ast.expr.EmptyExpression>: null

02-12-2024T02:38:02 - [TEST_STEP][PASSED] - ii = <not implemented yet for class: org.codehaus.groovy.ast.expr.EmptyExpression>: null

02-12-2024T02:38:02 - [TEST_STEP][PASSED] - for ([ii = 1, ii < 4, (ii++)]): null

02-12-2024T02:38:02 - [TEST_STEP][PASSED] - i1 = x.indexOf("/") + 1: null

02-12-2024T02:38:02 - [TEST_STEP][PASSED] - if (i1 > -1): null

02-12-2024T02:38:02 - [TEST_STEP][PASSED] - x = x.substring(i1, x.length()): null

02-12-2024T02:38:02 - [TEST_STEP][PASSED] - println(x): null

02-12-2024T02:38:02 - [TEST_STEP][PASSED] - i1 = x.indexOf("/") + 1: null

02-12-2024T02:38:02 - [TEST_STEP][PASSED] - if (i1 > -1): null

02-12-2024T02:38:02 - [TEST_STEP][PASSED] - x = x.substring(i1, x.length()): null

02-12-2024T02:38:02 - [TEST_STEP][PASSED] - println(x): null

02-12-2024T02:38:03 - [TEST_STEP][PASSED] - i1 = x.indexOf("/") + 1: null

02-12-2024T02:38:03 - [TEST_STEP][PASSED] - if (i1 > -1): null

02-12-2024T02:38:03 - [TEST_STEP][PASSED] - x = x.substring(i1, x.length()): null

02-12-2024T02:38:03 - [TEST_STEP][PASSED] - println(x): null

02-12-2024T02:38:03 - [TEST_STEP][PASSED] - i1 = x.indexOf("/"): null

02-12-2024T02:38:03 - [TEST_STEP][PASSED] - if (i1 > -1): null

02-12-2024T02:38:03 - [TEST_STEP][PASSED] - x = x.substring(0, i1): null

02-12-2024T02:38:03 - [TEST_STEP][PASSED] - println(x): null

02-12-2024T02:38:03 - [TEST_STEP][FAILED] - return x: null

02-12-2024T02:38:03 - [TEST_STEP][FAILED] - if (verifyEqual(tabR, tabB) == false): null

02-12-2024T02:38:03 - [MESSAGE][FAILED] - Unable to verify equal between actual object '206165497' and expected object '505792902' (Root cause: com.kms.katalon.core.exception.StepFailedException: Actual object '206165497' and expected object '505792902' are not equal
	at com.kms.katalon.core.keyword.builtin.VerifyEqualKeyword$_verifyEqual_closure1.doCall(VerifyEqualKeyword.groovy:58)
	at com.kms.katalon.core.keyword.builtin.VerifyEqualKeyword$_verifyEqual_closure1.call(VerifyEqualKeyword.groovy)
	at com.kms.katalon.core.keyword.internal.KeywordMain.runKeyword(KeywordMain.groovy:75)
	at com.kms.katalon.core.keyword.builtin.VerifyEqualKeyword.verifyEqual(VerifyEqualKeyword.groovy:63)
	at com.kms.katalon.core.keyword.builtin.VerifyEqualKeyword.execute(VerifyEqualKeyword.groovy:44)
	at com.kms.katalon.core.keyword.internal.KeywordExecutor.executeKeywordForPlatform(KeywordExecutor.groovy:74)
	at com.kms.katalon.core.keyword.BuiltinKeywords.verifyEqual(BuiltinKeywords.groovy:146)
	at java.base/jdk.internal.reflect.NativeMethodAccessorImpl.invoke0(Native Method)
	at java.base/jdk.internal.reflect.NativeMethodAccessorImpl.invoke(NativeMethodAccessorImpl.java:77)
	at java.base/jdk.internal.reflect.DelegatingMethodAccessorImpl.invoke(DelegatingMethodAccessorImpl.java:43)
	at Выполнение бизнес-плана сверка дашбордов.CompareDZOData(Выполнение бизнес-плана сверка дашбордов:706)
	at Выполнение бизнес-плана сверка дашбордов.run(Выполнение бизнес-плана сверка дашбордов:578)
	at com.kms.katalon.core.main.ScriptEngine.run(ScriptEngine.java:194)
	at com.kms.katalon.core.main.ScriptEngine.runScriptAsRawText(ScriptEngine.java:119)
	at com.kms.katalon.core.main.TestCaseExecutor.runScript(TestCaseExecutor.java:448)
	at com.kms.katalon.core.main.TestCaseExecutor.doExecute(TestCaseExecutor.java:439)
	at com.kms.katalon.core.main.TestCaseExecutor.processExecutionPhase(TestCaseExecutor.java:418)
	at com.kms.katalon.core.main.TestCaseExecutor.accessMainPhase(TestCaseExecutor.java:410)
	at com.kms.katalon.core.main.TestCaseExecutor.execute(TestCaseExecutor.java:285)
	at com.kms.katalon.core.common.CommonExecutor.accessTestCaseMainPhase(CommonExecutor.java:65)
	at com.kms.katalon.core.main.TestSuiteExecutor.accessTestSuiteMainPhase(TestSuiteExecutor.java:150)
	at com.kms.katalon.core.main.TestSuiteExecutor.execute(TestSuiteExecutor.java:106)
	at com.kms.katalon.core.main.TestCaseMain.startTestSuite(TestCaseMain.java:180)
	at TempTestSuite1733095732962.run(TempTestSuite1733095732962.groovy:35)
	at java.base/jdk.internal.reflect.NativeMethodAccessorImpl.invoke0(Native Method)
	at java.base/jdk.internal.reflect.NativeMethodAccessorImpl.invoke(NativeMethodAccessorImpl.java:77)
	at java.base/jdk.internal.reflect.DelegatingMethodAccessorImpl.invoke(DelegatingMethodAccessorImpl.java:43)
)

02-12-2024T02:38:03 - [TEST_STEP][PASSED] - result = WriteToExcel(typeOfData, todaysDate, PercPlanR, PercPlanB, PercFactR, PercFactB, x, tabR, tabB, o1R, o1B, vidget): null

02-12-2024T02:38:03 - [TEST_STEP][PASSED] - iii = dZO.indexOf("/"): null

02-12-2024T02:38:03 - [TEST_STEP][PASSED] - println(iii): null

02-12-2024T02:38:03 - [TEST_STEP][PASSED] - dZO = dZO.substring(0, iii): null

02-12-2024T02:38:03 - [TEST_STEP][PASSED] - println(dZO): null

02-12-2024T02:38:03 - [TEST_STEP][PASSED] - println(PercPlanR): null

02-12-2024T02:38:03 - [TEST_STEP][PASSED] - println(PercPlanB): null

02-12-2024T02:38:03 - [TEST_STEP][PASSED] - println(PercFactR): null

02-12-2024T02:38:03 - [TEST_STEP][PASSED] - println(PercFactB): null

02-12-2024T02:38:03 - [TEST_STEP][PASSED] - println(tabR): null

02-12-2024T02:38:03 - [TEST_STEP][PASSED] - println(tabB): null

02-12-2024T02:38:03 - [TEST_STEP][PASSED] - println(o1R): null

02-12-2024T02:38:03 - [TEST_STEP][PASSED] - println(o1B): null

02-12-2024T02:38:03 - [TEST_STEP][PASSED] - PR = <not implemented yet for class: org.codehaus.groovy.ast.expr.EmptyExpression>: null

02-12-2024T02:38:03 - [TEST_STEP][PASSED] - FR = <not implemented yet for class: org.codehaus.groovy.ast.expr.EmptyExpression>: null

02-12-2024T02:38:03 - [TEST_STEP][PASSED] - PB = <not implemented yet for class: org.codehaus.groovy.ast.expr.EmptyExpression>: null

02-12-2024T02:38:03 - [TEST_STEP][PASSED] - FB = <not implemented yet for class: org.codehaus.groovy.ast.expr.EmptyExpression>: null

02-12-2024T02:38:03 - [TEST_STEP][PASSED] - TR = <not implemented yet for class: org.codehaus.groovy.ast.expr.EmptyExpression>: null

02-12-2024T02:38:03 - [TEST_STEP][PASSED] - TB = <not implemented yet for class: org.codehaus.groovy.ast.expr.EmptyExpression>: null

02-12-2024T02:38:03 - [TEST_STEP][PASSED] - sheetName = "Sheet1": null

02-12-2024T02:38:03 - [TEST_STEP][PASSED] - data = findTestData("PlanFact"): null

02-12-2024T02:38:03 - [TEST_STEP][PASSED] - n = data.getRowNumbers() + 1: null

02-12-2024T02:38:03 - [TEST_STEP][PASSED] - year = todaysDate.substring(todaysDate.length() - 4, todaysDate.length()): null

02-12-2024T02:38:03 - [TEST_STEP][PASSED] - y = year.toInteger(): null

02-12-2024T02:38:03 - [TEST_STEP][PASSED] - m = getText(findTestObject("Выполнение бизнес-плана/Выполнение бизнес-плана Балансы/Фильтр Дата")): Text of object 'Object Repository/Выполнение бизнес-плана/Выполнение бизнес-плана Балансы/Фильтр Дата' is: '1, 2, 3 кв., Октябрь 2024 года'

02-12-2024T02:38:03 - [MESSAGE][PASSED] - Text of object 'Object Repository/Выполнение бизнес-плана/Выполнение бизнес-плана Балансы/Фильтр Дата' is: '1, 2, 3 кв., Октябрь 2024 года'

02-12-2024T02:38:03 - [TEST_STEP][PASSED] - m = m.substring(0, m.indexOf("2024")): null

02-12-2024T02:38:03 - [TEST_STEP][PASSED] - m = m.trim(): null

02-12-2024T02:38:03 - [TEST_STEP][PASSED] - dashboardName = "Выполнение бизнес-плана": null

02-12-2024T02:38:03 - [TEST_STEP][PASSED] - workbook01 = getWorkbook(excelFilePath): null

02-12-2024T02:38:03 - [TEST_STEP][PASSED] - sheet01 = getExcelSheet(workbook01, sheetName): null

02-12-2024T02:38:03 - [TEST_STEP][PASSED] - setValueToCellByIndex(sheet01, n, 0, dashboardName): null

02-12-2024T02:38:03 - [TEST_STEP][PASSED] - setValueToCellByIndex(sheet01, n, 1, dZO): null

02-12-2024T02:38:03 - [TEST_STEP][PASSED] - setValueToCellByIndex(sheet01, n, 2, typeOfData): null

02-12-2024T02:38:03 - [TEST_STEP][PASSED] - setValueToCellByIndex(sheet01, n, 3, typeOfData): null

02-12-2024T02:38:03 - [TEST_STEP][PASSED] - if (typeOfData == "План"): null

02-12-2024T02:38:03 - [TEST_STEP][PASSED] - else if (typeOfData == "Факт"): null

02-12-2024T02:38:03 - [TEST_STEP][PASSED] - else if (vidget.contains("электроэнергии") == true): null

02-12-2024T02:38:03 - [TEST_STEP][PASSED] - if (tabR == null): null

02-12-2024T02:38:03 - [TEST_STEP][PASSED] - else: null

02-12-2024T02:38:03 - [TEST_STEP][PASSED] - if (tabR == "нет данных"): null

02-12-2024T02:38:03 - [TEST_STEP][PASSED] - else: null

02-12-2024T02:38:03 - [TEST_STEP][PASSED] - TR = tabR.toInteger(): null

02-12-2024T02:38:03 - [TEST_STEP][PASSED] - setValueToCellByIndex(sheet01, n, 4, TR): null

02-12-2024T02:38:03 - [TEST_STEP][PASSED] - if (tabB == null): null

02-12-2024T02:38:03 - [TEST_STEP][PASSED] - else: null

02-12-2024T02:38:03 - [TEST_STEP][PASSED] - if (tabB == "нет данных"): null

02-12-2024T02:38:03 - [TEST_STEP][PASSED] - else: null

02-12-2024T02:38:03 - [TEST_STEP][PASSED] - TB = tabB.toInteger(): null

02-12-2024T02:38:03 - [TEST_STEP][PASSED] - setValueToCellByIndex(sheet01, n, 5, TB): null

02-12-2024T02:38:03 - [TEST_STEP][PASSED] - setValueToCellByIndex(sheet01, n, 6, m): null

02-12-2024T02:38:03 - [TEST_STEP][PASSED] - setValueToCellByIndex(sheet01, n, 7, y): null

02-12-2024T02:38:03 - [TEST_STEP][PASSED] - setValueToCellByIndex(sheet01, n, 8, todaysDate): null

02-12-2024T02:38:03 - [TEST_STEP][PASSED] - n = n + 1: null

02-12-2024T02:38:03 - [TEST_STEP][PASSED] - saveWorkbook(excelFilePath, workbook01): null

02-12-2024T02:38:03 - [TEST_STEP][PASSED] - typeOfData = "Факт Отпуск из сети": null

02-12-2024T02:38:03 - [TEST_STEP][PASSED] - tabR = GetOiSFactR(x = a): null

02-12-2024T02:38:03 - [TEST_STEP][PASSED] - i1 = <not implemented yet for class: org.codehaus.groovy.ast.expr.EmptyExpression>: null

02-12-2024T02:38:03 - [TEST_STEP][PASSED] - ii = <not implemented yet for class: org.codehaus.groovy.ast.expr.EmptyExpression>: null

02-12-2024T02:38:03 - [TEST_STEP][PASSED] - for ([ii = 1, ii < 5, (ii++)]): null

02-12-2024T02:38:03 - [TEST_STEP][PASSED] - i1 = x.indexOf("/") + 1: null

02-12-2024T02:38:03 - [TEST_STEP][PASSED] - if (i1 > -1): null

02-12-2024T02:38:03 - [TEST_STEP][PASSED] - x = x.substring(i1, x.length()): null

02-12-2024T02:38:03 - [TEST_STEP][PASSED] - println(x): null

02-12-2024T02:38:03 - [TEST_STEP][PASSED] - i1 = x.indexOf("/") + 1: null

02-12-2024T02:38:03 - [TEST_STEP][PASSED] - if (i1 > -1): null

02-12-2024T02:38:03 - [TEST_STEP][PASSED] - x = x.substring(i1, x.length()): null

02-12-2024T02:38:03 - [TEST_STEP][PASSED] - println(x): null

02-12-2024T02:38:03 - [TEST_STEP][PASSED] - i1 = x.indexOf("/") + 1: null

02-12-2024T02:38:03 - [TEST_STEP][PASSED] - if (i1 > -1): null

02-12-2024T02:38:03 - [TEST_STEP][PASSED] - x = x.substring(i1, x.length()): null

02-12-2024T02:38:03 - [TEST_STEP][PASSED] - println(x): null

02-12-2024T02:38:03 - [TEST_STEP][PASSED] - i1 = x.indexOf("/") + 1: null

02-12-2024T02:38:03 - [TEST_STEP][PASSED] - if (i1 > -1): null

02-12-2024T02:38:03 - [TEST_STEP][PASSED] - x = x.substring(i1, x.length()): null

02-12-2024T02:38:03 - [TEST_STEP][PASSED] - println(x): null

02-12-2024T02:38:03 - [TEST_STEP][PASSED] - i1 = x.indexOf("/"): null

02-12-2024T02:38:03 - [TEST_STEP][PASSED] - if (i1 > -1): null

02-12-2024T02:38:03 - [TEST_STEP][PASSED] - x = x.substring(0, i1): null

02-12-2024T02:38:03 - [TEST_STEP][PASSED] - println(x): null

02-12-2024T02:38:03 - [TEST_STEP][PASSED] - return x: null

02-12-2024T02:38:03 - [TEST_STEP][PASSED] - tabB = GetOiSFactB(x = b): null

02-12-2024T02:38:03 - [TEST_STEP][PASSED] - i1 = <not implemented yet for class: org.codehaus.groovy.ast.expr.EmptyExpression>: null

02-12-2024T02:38:03 - [TEST_STEP][PASSED] - ii = <not implemented yet for class: org.codehaus.groovy.ast.expr.EmptyExpression>: null

02-12-2024T02:38:03 - [TEST_STEP][PASSED] - for ([ii = 1, ii < 5, (ii++)]): null

02-12-2024T02:38:03 - [TEST_STEP][PASSED] - i1 = x.indexOf("/") + 1: null

02-12-2024T02:38:03 - [TEST_STEP][PASSED] - if (i1 > -1): null

02-12-2024T02:38:03 - [TEST_STEP][PASSED] - x = x.substring(i1, x.length()): null

02-12-2024T02:38:03 - [TEST_STEP][PASSED] - println(x): null

02-12-2024T02:38:03 - [TEST_STEP][PASSED] - i1 = x.indexOf("/") + 1: null

02-12-2024T02:38:03 - [TEST_STEP][PASSED] - if (i1 > -1): null

02-12-2024T02:38:03 - [TEST_STEP][PASSED] - x = x.substring(i1, x.length()): null

02-12-2024T02:38:03 - [TEST_STEP][PASSED] - println(x): null

02-12-2024T02:38:03 - [TEST_STEP][PASSED] - i1 = x.indexOf("/") + 1: null

02-12-2024T02:38:03 - [TEST_STEP][PASSED] - if (i1 > -1): null

02-12-2024T02:38:03 - [TEST_STEP][PASSED] - x = x.substring(i1, x.length()): null

02-12-2024T02:38:03 - [TEST_STEP][PASSED] - println(x): null

02-12-2024T02:38:03 - [TEST_STEP][PASSED] - i1 = x.indexOf("/") + 1: null

02-12-2024T02:38:03 - [TEST_STEP][PASSED] - if (i1 > -1): null

02-12-2024T02:38:03 - [TEST_STEP][PASSED] - x = x.substring(i1, x.length()): null

02-12-2024T02:38:03 - [TEST_STEP][PASSED] - println(x): null

02-12-2024T02:38:03 - [TEST_STEP][PASSED] - i1 = x.indexOf("/"): null

02-12-2024T02:38:03 - [TEST_STEP][PASSED] - if (i1 > -1): null

02-12-2024T02:38:03 - [TEST_STEP][PASSED] - x = x.substring(0, i1): null

02-12-2024T02:38:03 - [TEST_STEP][PASSED] - println(x): null

02-12-2024T02:38:03 - [TEST_STEP][FAILED] - return x: null

02-12-2024T02:38:03 - [TEST_STEP][FAILED] - if (verifyEqual(tabR, tabB) == false): null

02-12-2024T02:38:03 - [MESSAGE][FAILED] - Unable to verify equal between actual object '187914500' and expected object '466342021' (Root cause: com.kms.katalon.core.exception.StepFailedException: Actual object '187914500' and expected object '466342021' are not equal
	at com.kms.katalon.core.keyword.builtin.VerifyEqualKeyword$_verifyEqual_closure1.doCall(VerifyEqualKeyword.groovy:58)
	at com.kms.katalon.core.keyword.builtin.VerifyEqualKeyword$_verifyEqual_closure1.call(VerifyEqualKeyword.groovy)
	at com.kms.katalon.core.keyword.internal.KeywordMain.runKeyword(KeywordMain.groovy:75)
	at com.kms.katalon.core.keyword.builtin.VerifyEqualKeyword.verifyEqual(VerifyEqualKeyword.groovy:63)
	at com.kms.katalon.core.keyword.builtin.VerifyEqualKeyword.execute(VerifyEqualKeyword.groovy:44)
	at com.kms.katalon.core.keyword.internal.KeywordExecutor.executeKeywordForPlatform(KeywordExecutor.groovy:74)
	at com.kms.katalon.core.keyword.BuiltinKeywords.verifyEqual(BuiltinKeywords.groovy:146)
	at java.base/jdk.internal.reflect.NativeMethodAccessorImpl.invoke0(Native Method)
	at java.base/jdk.internal.reflect.NativeMethodAccessorImpl.invoke(NativeMethodAccessorImpl.java:77)
	at java.base/jdk.internal.reflect.DelegatingMethodAccessorImpl.invoke(DelegatingMethodAccessorImpl.java:43)
	at Выполнение бизнес-плана сверка дашбордов.CompareDZOData(Выполнение бизнес-плана сверка дашбордов:717)
	at Выполнение бизнес-плана сверка дашбордов.run(Выполнение бизнес-плана сверка дашбордов:578)
	at com.kms.katalon.core.main.ScriptEngine.run(ScriptEngine.java:194)
	at com.kms.katalon.core.main.ScriptEngine.runScriptAsRawText(ScriptEngine.java:119)
	at com.kms.katalon.core.main.TestCaseExecutor.runScript(TestCaseExecutor.java:448)
	at com.kms.katalon.core.main.TestCaseExecutor.doExecute(TestCaseExecutor.java:439)
	at com.kms.katalon.core.main.TestCaseExecutor.processExecutionPhase(TestCaseExecutor.java:418)
	at com.kms.katalon.core.main.TestCaseExecutor.accessMainPhase(TestCaseExecutor.java:410)
	at com.kms.katalon.core.main.TestCaseExecutor.execute(TestCaseExecutor.java:285)
	at com.kms.katalon.core.common.CommonExecutor.accessTestCaseMainPhase(CommonExecutor.java:65)
	at com.kms.katalon.core.main.TestSuiteExecutor.accessTestSuiteMainPhase(TestSuiteExecutor.java:150)
	at com.kms.katalon.core.main.TestSuiteExecutor.execute(TestSuiteExecutor.java:106)
	at com.kms.katalon.core.main.TestCaseMain.startTestSuite(TestCaseMain.java:180)
	at TempTestSuite1733095732962.run(TempTestSuite1733095732962.groovy:35)
	at java.base/jdk.internal.reflect.NativeMethodAccessorImpl.invoke0(Native Method)
	at java.base/jdk.internal.reflect.NativeMethodAccessorImpl.invoke(NativeMethodAccessorImpl.java:77)
	at java.base/jdk.internal.reflect.DelegatingMethodAccessorImpl.invoke(DelegatingMethodAccessorImpl.java:43)
)

02-12-2024T02:38:03 - [TEST_STEP][PASSED] - result = WriteToExcel(typeOfData, todaysDate, PercPlanR, PercPlanB, PercFactR, PercFactB, x, tabR, tabB, o1R, o1B, vidget): null

02-12-2024T02:38:03 - [TEST_STEP][PASSED] - iii = dZO.indexOf("/"): null

02-12-2024T02:38:03 - [TEST_STEP][PASSED] - println(iii): null

02-12-2024T02:38:03 - [TEST_STEP][PASSED] - dZO = dZO.substring(0, iii): null

02-12-2024T02:38:03 - [TEST_STEP][PASSED] - println(dZO): null

02-12-2024T02:38:03 - [TEST_STEP][PASSED] - println(PercPlanR): null

02-12-2024T02:38:03 - [TEST_STEP][PASSED] - println(PercPlanB): null

02-12-2024T02:38:03 - [TEST_STEP][PASSED] - println(PercFactR): null

02-12-2024T02:38:03 - [TEST_STEP][PASSED] - println(PercFactB): null

02-12-2024T02:38:03 - [TEST_STEP][PASSED] - println(tabR): null

02-12-2024T02:38:03 - [TEST_STEP][PASSED] - println(tabB): null

02-12-2024T02:38:03 - [TEST_STEP][PASSED] - println(o1R): null

02-12-2024T02:38:03 - [TEST_STEP][PASSED] - println(o1B): null

02-12-2024T02:38:03 - [TEST_STEP][PASSED] - PR = <not implemented yet for class: org.codehaus.groovy.ast.expr.EmptyExpression>: null

02-12-2024T02:38:03 - [TEST_STEP][PASSED] - FR = <not implemented yet for class: org.codehaus.groovy.ast.expr.EmptyExpression>: null

02-12-2024T02:38:03 - [TEST_STEP][PASSED] - PB = <not implemented yet for class: org.codehaus.groovy.ast.expr.EmptyExpression>: null

02-12-2024T02:38:03 - [TEST_STEP][PASSED] - FB = <not implemented yet for class: org.codehaus.groovy.ast.expr.EmptyExpression>: null

02-12-2024T02:38:03 - [TEST_STEP][PASSED] - TR = <not implemented yet for class: org.codehaus.groovy.ast.expr.EmptyExpression>: null

02-12-2024T02:38:03 - [TEST_STEP][PASSED] - TB = <not implemented yet for class: org.codehaus.groovy.ast.expr.EmptyExpression>: null

02-12-2024T02:38:03 - [TEST_STEP][PASSED] - sheetName = "Sheet1": null

02-12-2024T02:38:03 - [TEST_STEP][PASSED] - data = findTestData("PlanFact"): null

02-12-2024T02:38:03 - [TEST_STEP][PASSED] - n = data.getRowNumbers() + 1: null

02-12-2024T02:38:03 - [TEST_STEP][PASSED] - year = todaysDate.substring(todaysDate.length() - 4, todaysDate.length()): null

02-12-2024T02:38:03 - [TEST_STEP][PASSED] - y = year.toInteger(): null

02-12-2024T02:38:03 - [TEST_STEP][PASSED] - m = getText(findTestObject("Выполнение бизнес-плана/Выполнение бизнес-плана Балансы/Фильтр Дата")): Text of object 'Object Repository/Выполнение бизнес-плана/Выполнение бизнес-плана Балансы/Фильтр Дата' is: '1, 2, 3 кв., Октябрь 2024 года'

02-12-2024T02:38:04 - [MESSAGE][PASSED] - Text of object 'Object Repository/Выполнение бизнес-плана/Выполнение бизнес-плана Балансы/Фильтр Дата' is: '1, 2, 3 кв., Октябрь 2024 года'

02-12-2024T02:38:04 - [TEST_STEP][PASSED] - m = m.substring(0, m.indexOf("2024")): null

02-12-2024T02:38:04 - [TEST_STEP][PASSED] - m = m.trim(): null

02-12-2024T02:38:04 - [TEST_STEP][PASSED] - dashboardName = "Выполнение бизнес-плана": null

02-12-2024T02:38:04 - [TEST_STEP][PASSED] - workbook01 = getWorkbook(excelFilePath): null

02-12-2024T02:38:04 - [TEST_STEP][PASSED] - sheet01 = getExcelSheet(workbook01, sheetName): null

02-12-2024T02:38:04 - [TEST_STEP][PASSED] - setValueToCellByIndex(sheet01, n, 0, dashboardName): null

02-12-2024T02:38:04 - [TEST_STEP][PASSED] - setValueToCellByIndex(sheet01, n, 1, dZO): null

02-12-2024T02:38:04 - [TEST_STEP][PASSED] - setValueToCellByIndex(sheet01, n, 2, typeOfData): null

02-12-2024T02:38:04 - [TEST_STEP][PASSED] - setValueToCellByIndex(sheet01, n, 3, typeOfData): null

02-12-2024T02:38:04 - [TEST_STEP][PASSED] - if (typeOfData == "План"): null

02-12-2024T02:38:04 - [TEST_STEP][PASSED] - else if (typeOfData == "Факт"): null

02-12-2024T02:38:04 - [TEST_STEP][PASSED] - else if (vidget.contains("электроэнергии") == true): null

02-12-2024T02:38:04 - [TEST_STEP][PASSED] - if (tabR == null): null

02-12-2024T02:38:04 - [TEST_STEP][PASSED] - else: null

02-12-2024T02:38:04 - [TEST_STEP][PASSED] - if (tabR == "нет данных"): null

02-12-2024T02:38:04 - [TEST_STEP][PASSED] - else: null

02-12-2024T02:38:04 - [TEST_STEP][PASSED] - TR = tabR.toInteger(): null

02-12-2024T02:38:04 - [TEST_STEP][PASSED] - setValueToCellByIndex(sheet01, n, 4, TR): null

02-12-2024T02:38:04 - [TEST_STEP][PASSED] - if (tabB == null): null

02-12-2024T02:38:04 - [TEST_STEP][PASSED] - else: null

02-12-2024T02:38:04 - [TEST_STEP][PASSED] - if (tabB == "нет данных"): null

02-12-2024T02:38:04 - [TEST_STEP][PASSED] - else: null

02-12-2024T02:38:04 - [TEST_STEP][PASSED] - TB = tabB.toInteger(): null

02-12-2024T02:38:04 - [TEST_STEP][PASSED] - setValueToCellByIndex(sheet01, n, 5, TB): null

02-12-2024T02:38:04 - [TEST_STEP][PASSED] - setValueToCellByIndex(sheet01, n, 6, m): null

02-12-2024T02:38:04 - [TEST_STEP][PASSED] - setValueToCellByIndex(sheet01, n, 7, y): null

02-12-2024T02:38:04 - [TEST_STEP][PASSED] - setValueToCellByIndex(sheet01, n, 8, todaysDate): null

02-12-2024T02:38:04 - [TEST_STEP][PASSED] - n = n + 1: null

02-12-2024T02:38:04 - [TEST_STEP][PASSED] - saveWorkbook(excelFilePath, workbook01): null

02-12-2024T02:38:04 - [TEST_STEP][PASSED] - typeOfData = "Факт Потери": null

02-12-2024T02:38:04 - [TEST_STEP][PASSED] - tabR = GetPFactR(x = a): null

02-12-2024T02:38:04 - [TEST_STEP][PASSED] - i1 = <not implemented yet for class: org.codehaus.groovy.ast.expr.EmptyExpression>: null

02-12-2024T02:38:04 - [TEST_STEP][PASSED] - ii = <not implemented yet for class: org.codehaus.groovy.ast.expr.EmptyExpression>: null

02-12-2024T02:38:04 - [TEST_STEP][PASSED] - for ([ii = 1, ii < 6, (ii++)]): null

02-12-2024T02:38:04 - [TEST_STEP][PASSED] - i1 = x.indexOf("/") + 1: null

02-12-2024T02:38:04 - [TEST_STEP][PASSED] - if (i1 > -1): null

02-12-2024T02:38:04 - [TEST_STEP][PASSED] - x = x.substring(i1, x.length()): null

02-12-2024T02:38:04 - [TEST_STEP][PASSED] - println(x): null

02-12-2024T02:38:04 - [TEST_STEP][PASSED] - i1 = x.indexOf("/") + 1: null

02-12-2024T02:38:04 - [TEST_STEP][PASSED] - if (i1 > -1): null

02-12-2024T02:38:04 - [TEST_STEP][PASSED] - x = x.substring(i1, x.length()): null

02-12-2024T02:38:04 - [TEST_STEP][PASSED] - println(x): null

02-12-2024T02:38:04 - [TEST_STEP][PASSED] - i1 = x.indexOf("/") + 1: null

02-12-2024T02:38:04 - [TEST_STEP][PASSED] - if (i1 > -1): null

02-12-2024T02:38:04 - [TEST_STEP][PASSED] - x = x.substring(i1, x.length()): null

02-12-2024T02:38:04 - [TEST_STEP][PASSED] - println(x): null

02-12-2024T02:38:04 - [TEST_STEP][PASSED] - i1 = x.indexOf("/") + 1: null

02-12-2024T02:38:04 - [TEST_STEP][PASSED] - if (i1 > -1): null

02-12-2024T02:38:04 - [TEST_STEP][PASSED] - x = x.substring(i1, x.length()): null

02-12-2024T02:38:04 - [TEST_STEP][PASSED] - println(x): null

02-12-2024T02:38:04 - [TEST_STEP][PASSED] - i1 = x.indexOf("/") + 1: null

02-12-2024T02:38:04 - [TEST_STEP][PASSED] - if (i1 > -1): null

02-12-2024T02:38:04 - [TEST_STEP][PASSED] - x = x.substring(i1, x.length()): null

02-12-2024T02:38:04 - [TEST_STEP][PASSED] - println(x): null

02-12-2024T02:38:04 - [TEST_STEP][PASSED] - i1 = x.indexOf("/"): null

02-12-2024T02:38:04 - [TEST_STEP][PASSED] - if (i1 > -1): null

02-12-2024T02:38:04 - [TEST_STEP][PASSED] - x = x.substring(0, i1): null

02-12-2024T02:38:04 - [TEST_STEP][PASSED] - println(x): null

02-12-2024T02:38:04 - [TEST_STEP][PASSED] - return x: null

02-12-2024T02:38:04 - [TEST_STEP][PASSED] - tabB = GetPFactB(x = b): null

02-12-2024T02:38:04 - [TEST_STEP][PASSED] - i1 = <not implemented yet for class: org.codehaus.groovy.ast.expr.EmptyExpression>: null

02-12-2024T02:38:04 - [TEST_STEP][PASSED] - ii = <not implemented yet for class: org.codehaus.groovy.ast.expr.EmptyExpression>: null

02-12-2024T02:38:04 - [TEST_STEP][PASSED] - for ([ii = 1, ii < 6, (ii++)]): null

02-12-2024T02:38:04 - [TEST_STEP][PASSED] - i1 = x.indexOf("/") + 1: null

02-12-2024T02:38:04 - [TEST_STEP][PASSED] - if (i1 > -1): null

02-12-2024T02:38:04 - [TEST_STEP][PASSED] - x = x.substring(i1, x.length()): null

02-12-2024T02:38:04 - [TEST_STEP][PASSED] - println(x): null

02-12-2024T02:38:04 - [TEST_STEP][PASSED] - i1 = x.indexOf("/") + 1: null

02-12-2024T02:38:04 - [TEST_STEP][PASSED] - if (i1 > -1): null

02-12-2024T02:38:04 - [TEST_STEP][PASSED] - x = x.substring(i1, x.length()): null

02-12-2024T02:38:04 - [TEST_STEP][PASSED] - println(x): null

02-12-2024T02:38:04 - [TEST_STEP][PASSED] - i1 = x.indexOf("/") + 1: null

02-12-2024T02:38:04 - [TEST_STEP][PASSED] - if (i1 > -1): null

02-12-2024T02:38:04 - [TEST_STEP][PASSED] - x = x.substring(i1, x.length()): null

02-12-2024T02:38:04 - [TEST_STEP][PASSED] - println(x): null

02-12-2024T02:38:04 - [TEST_STEP][PASSED] - i1 = x.indexOf("/") + 1: null

02-12-2024T02:38:04 - [TEST_STEP][PASSED] - if (i1 > -1): null

02-12-2024T02:38:04 - [TEST_STEP][PASSED] - x = x.substring(i1, x.length()): null

02-12-2024T02:38:04 - [TEST_STEP][PASSED] - println(x): null

02-12-2024T02:38:04 - [TEST_STEP][PASSED] - i1 = x.indexOf("/") + 1: null

02-12-2024T02:38:04 - [TEST_STEP][PASSED] - if (i1 > -1): null

02-12-2024T02:38:04 - [TEST_STEP][PASSED] - x = x.substring(i1, x.length()): null

02-12-2024T02:38:04 - [TEST_STEP][PASSED] - println(x): null

02-12-2024T02:38:04 - [TEST_STEP][PASSED] - i1 = x.indexOf("/"): null

02-12-2024T02:38:04 - [TEST_STEP][PASSED] - if (i1 > -1): null

02-12-2024T02:38:04 - [TEST_STEP][PASSED] - x = x.substring(0, i1): null

02-12-2024T02:38:04 - [TEST_STEP][PASSED] - println(x): null

02-12-2024T02:38:04 - [TEST_STEP][FAILED] - return x: null

02-12-2024T02:38:04 - [TEST_STEP][PASSED] - println(tabR + "/" + tabB): null

02-12-2024T02:38:04 - [TEST_STEP][FAILED] - if (verifyEqual(tabR, tabB) == false): null

02-12-2024T02:38:04 - [MESSAGE][FAILED] - Unable to verify equal between actual object '18250997' and expected object '39450881' (Root cause: com.kms.katalon.core.exception.StepFailedException: Actual object '18250997' and expected object '39450881' are not equal
	at com.kms.katalon.core.keyword.builtin.VerifyEqualKeyword$_verifyEqual_closure1.doCall(VerifyEqualKeyword.groovy:58)
	at com.kms.katalon.core.keyword.builtin.VerifyEqualKeyword$_verifyEqual_closure1.call(VerifyEqualKeyword.groovy)
	at com.kms.katalon.core.keyword.internal.KeywordMain.runKeyword(KeywordMain.groovy:75)
	at com.kms.katalon.core.keyword.builtin.VerifyEqualKeyword.verifyEqual(VerifyEqualKeyword.groovy:63)
	at com.kms.katalon.core.keyword.builtin.VerifyEqualKeyword.execute(VerifyEqualKeyword.groovy:44)
	at com.kms.katalon.core.keyword.internal.KeywordExecutor.executeKeywordForPlatform(KeywordExecutor.groovy:74)
	at com.kms.katalon.core.keyword.BuiltinKeywords.verifyEqual(BuiltinKeywords.groovy:146)
	at java.base/jdk.internal.reflect.NativeMethodAccessorImpl.invoke0(Native Method)
	at java.base/jdk.internal.reflect.NativeMethodAccessorImpl.invoke(NativeMethodAccessorImpl.java:77)
	at java.base/jdk.internal.reflect.DelegatingMethodAccessorImpl.invoke(DelegatingMethodAccessorImpl.java:43)
	at Выполнение бизнес-плана сверка дашбордов.CompareDZOData(Выполнение бизнес-плана сверка дашбордов:730)
	at Выполнение бизнес-плана сверка дашбордов.run(Выполнение бизнес-плана сверка дашбордов:578)
	at com.kms.katalon.core.main.ScriptEngine.run(ScriptEngine.java:194)
	at com.kms.katalon.core.main.ScriptEngine.runScriptAsRawText(ScriptEngine.java:119)
	at com.kms.katalon.core.main.TestCaseExecutor.runScript(TestCaseExecutor.java:448)
	at com.kms.katalon.core.main.TestCaseExecutor.doExecute(TestCaseExecutor.java:439)
	at com.kms.katalon.core.main.TestCaseExecutor.processExecutionPhase(TestCaseExecutor.java:418)
	at com.kms.katalon.core.main.TestCaseExecutor.accessMainPhase(TestCaseExecutor.java:410)
	at com.kms.katalon.core.main.TestCaseExecutor.execute(TestCaseExecutor.java:285)
	at com.kms.katalon.core.common.CommonExecutor.accessTestCaseMainPhase(CommonExecutor.java:65)
	at com.kms.katalon.core.main.TestSuiteExecutor.accessTestSuiteMainPhase(TestSuiteExecutor.java:150)
	at com.kms.katalon.core.main.TestSuiteExecutor.execute(TestSuiteExecutor.java:106)
	at com.kms.katalon.core.main.TestCaseMain.startTestSuite(TestCaseMain.java:180)
	at TempTestSuite1733095732962.run(TempTestSuite1733095732962.groovy:35)
	at java.base/jdk.internal.reflect.NativeMethodAccessorImpl.invoke0(Native Method)
	at java.base/jdk.internal.reflect.NativeMethodAccessorImpl.invoke(NativeMethodAccessorImpl.java:77)
	at java.base/jdk.internal.reflect.DelegatingMethodAccessorImpl.invoke(DelegatingMethodAccessorImpl.java:43)
)

02-12-2024T02:38:04 - [TEST_STEP][PASSED] - result = WriteToExcel(typeOfData, todaysDate, PercPlanR, PercPlanB, PercFactR, PercFactB, x, tabR, tabB, o1R, o1B, vidget): null

02-12-2024T02:38:04 - [TEST_STEP][PASSED] - iii = dZO.indexOf("/"): null

02-12-2024T02:38:04 - [TEST_STEP][PASSED] - println(iii): null

02-12-2024T02:38:04 - [TEST_STEP][PASSED] - dZO = dZO.substring(0, iii): null

02-12-2024T02:38:04 - [TEST_STEP][PASSED] - println(dZO): null

02-12-2024T02:38:04 - [TEST_STEP][PASSED] - println(PercPlanR): null

02-12-2024T02:38:04 - [TEST_STEP][PASSED] - println(PercPlanB): null

02-12-2024T02:38:04 - [TEST_STEP][PASSED] - println(PercFactR): null

02-12-2024T02:38:04 - [TEST_STEP][PASSED] - println(PercFactB): null

02-12-2024T02:38:04 - [TEST_STEP][PASSED] - println(tabR): null

02-12-2024T02:38:04 - [TEST_STEP][PASSED] - println(tabB): null

02-12-2024T02:38:04 - [TEST_STEP][PASSED] - println(o1R): null

02-12-2024T02:38:04 - [TEST_STEP][PASSED] - println(o1B): null

02-12-2024T02:38:04 - [TEST_STEP][PASSED] - PR = <not implemented yet for class: org.codehaus.groovy.ast.expr.EmptyExpression>: null

02-12-2024T02:38:04 - [TEST_STEP][PASSED] - FR = <not implemented yet for class: org.codehaus.groovy.ast.expr.EmptyExpression>: null

02-12-2024T02:38:04 - [TEST_STEP][PASSED] - PB = <not implemented yet for class: org.codehaus.groovy.ast.expr.EmptyExpression>: null

02-12-2024T02:38:04 - [TEST_STEP][PASSED] - FB = <not implemented yet for class: org.codehaus.groovy.ast.expr.EmptyExpression>: null

02-12-2024T02:38:04 - [TEST_STEP][PASSED] - TR = <not implemented yet for class: org.codehaus.groovy.ast.expr.EmptyExpression>: null

02-12-2024T02:38:04 - [TEST_STEP][PASSED] - TB = <not implemented yet for class: org.codehaus.groovy.ast.expr.EmptyExpression>: null

02-12-2024T02:38:04 - [TEST_STEP][PASSED] - sheetName = "Sheet1": null

02-12-2024T02:38:04 - [TEST_STEP][PASSED] - data = findTestData("PlanFact"): null

02-12-2024T02:38:04 - [TEST_STEP][PASSED] - n = data.getRowNumbers() + 1: null

02-12-2024T02:38:04 - [TEST_STEP][PASSED] - year = todaysDate.substring(todaysDate.length() - 4, todaysDate.length()): null

02-12-2024T02:38:04 - [TEST_STEP][PASSED] - y = year.toInteger(): null

02-12-2024T02:38:04 - [TEST_STEP][PASSED] - m = getText(findTestObject("Выполнение бизнес-плана/Выполнение бизнес-плана Балансы/Фильтр Дата")): Text of object 'Object Repository/Выполнение бизнес-плана/Выполнение бизнес-плана Балансы/Фильтр Дата' is: '1, 2, 3 кв., Октябрь 2024 года'

02-12-2024T02:38:04 - [MESSAGE][PASSED] - Text of object 'Object Repository/Выполнение бизнес-плана/Выполнение бизнес-плана Балансы/Фильтр Дата' is: '1, 2, 3 кв., Октябрь 2024 года'

02-12-2024T02:38:04 - [TEST_STEP][PASSED] - m = m.substring(0, m.indexOf("2024")): null

02-12-2024T02:38:04 - [TEST_STEP][PASSED] - m = m.trim(): null

02-12-2024T02:38:04 - [TEST_STEP][PASSED] - dashboardName = "Выполнение бизнес-плана": null

02-12-2024T02:38:04 - [TEST_STEP][PASSED] - workbook01 = getWorkbook(excelFilePath): null

02-12-2024T02:38:04 - [TEST_STEP][PASSED] - sheet01 = getExcelSheet(workbook01, sheetName): null

02-12-2024T02:38:04 - [TEST_STEP][PASSED] - setValueToCellByIndex(sheet01, n, 0, dashboardName): null

02-12-2024T02:38:04 - [TEST_STEP][PASSED] - setValueToCellByIndex(sheet01, n, 1, dZO): null

02-12-2024T02:38:04 - [TEST_STEP][PASSED] - setValueToCellByIndex(sheet01, n, 2, typeOfData): null

02-12-2024T02:38:04 - [TEST_STEP][PASSED] - setValueToCellByIndex(sheet01, n, 3, typeOfData): null

02-12-2024T02:38:04 - [TEST_STEP][PASSED] - if (typeOfData == "План"): null

02-12-2024T02:38:04 - [TEST_STEP][PASSED] - else if (typeOfData == "Факт"): null

02-12-2024T02:38:04 - [TEST_STEP][PASSED] - else if (vidget.contains("электроэнергии") == true): null

02-12-2024T02:38:04 - [TEST_STEP][PASSED] - if (tabR == null): null

02-12-2024T02:38:04 - [TEST_STEP][PASSED] - else: null

02-12-2024T02:38:04 - [TEST_STEP][PASSED] - if (tabR == "нет данных"): null

02-12-2024T02:38:04 - [TEST_STEP][PASSED] - else: null

02-12-2024T02:38:04 - [TEST_STEP][PASSED] - TR = tabR.toInteger(): null

02-12-2024T02:38:04 - [TEST_STEP][PASSED] - setValueToCellByIndex(sheet01, n, 4, TR): null

02-12-2024T02:38:04 - [TEST_STEP][PASSED] - if (tabB == null): null

02-12-2024T02:38:04 - [TEST_STEP][PASSED] - else: null

02-12-2024T02:38:04 - [TEST_STEP][PASSED] - if (tabB == "нет данных"): null

02-12-2024T02:38:04 - [TEST_STEP][PASSED] - else: null

02-12-2024T02:38:04 - [TEST_STEP][PASSED] - TB = tabB.toInteger(): null

02-12-2024T02:38:04 - [TEST_STEP][PASSED] - setValueToCellByIndex(sheet01, n, 5, TB): null

02-12-2024T02:38:04 - [TEST_STEP][PASSED] - setValueToCellByIndex(sheet01, n, 6, m): null

02-12-2024T02:38:04 - [TEST_STEP][PASSED] - setValueToCellByIndex(sheet01, n, 7, y): null

02-12-2024T02:38:04 - [TEST_STEP][PASSED] - setValueToCellByIndex(sheet01, n, 8, todaysDate): null

02-12-2024T02:38:04 - [TEST_STEP][PASSED] - n = n + 1: null

02-12-2024T02:38:04 - [TEST_STEP][PASSED] - saveWorkbook(excelFilePath, workbook01): null

02-12-2024T02:38:05 - [TEST_STEP][PASSED] - vidget = "Показатели баланса электроэнергии по ДЗО – План": null

02-12-2024T02:38:05 - [TEST_STEP][PASSED] - typeOfData = "План Отпуск в сеть": null

02-12-2024T02:38:05 - [TEST_STEP][PASSED] - tabR = GetOvSPlanR(x = a): null

02-12-2024T02:38:05 - [TEST_STEP][PASSED] - i1 = <not implemented yet for class: org.codehaus.groovy.ast.expr.EmptyExpression>: null

02-12-2024T02:38:05 - [TEST_STEP][PASSED] - ii = <not implemented yet for class: org.codehaus.groovy.ast.expr.EmptyExpression>: null

02-12-2024T02:38:05 - [TEST_STEP][PASSED] - for ([ii = 1, ii < 7, (ii++)]): null

02-12-2024T02:38:05 - [TEST_STEP][PASSED] - i1 = x.indexOf("/") + 1: null

02-12-2024T02:38:05 - [TEST_STEP][PASSED] - if (i1 > -1): null

02-12-2024T02:38:05 - [TEST_STEP][PASSED] - x = x.substring(i1, x.length()): null

02-12-2024T02:38:05 - [TEST_STEP][PASSED] - println(x): null

02-12-2024T02:38:05 - [TEST_STEP][PASSED] - i1 = x.indexOf("/") + 1: null

02-12-2024T02:38:05 - [TEST_STEP][PASSED] - if (i1 > -1): null

02-12-2024T02:38:05 - [TEST_STEP][PASSED] - x = x.substring(i1, x.length()): null

02-12-2024T02:38:05 - [TEST_STEP][PASSED] - println(x): null

02-12-2024T02:38:05 - [TEST_STEP][PASSED] - i1 = x.indexOf("/") + 1: null

02-12-2024T02:38:05 - [TEST_STEP][PASSED] - if (i1 > -1): null

02-12-2024T02:38:05 - [TEST_STEP][PASSED] - x = x.substring(i1, x.length()): null

02-12-2024T02:38:05 - [TEST_STEP][PASSED] - println(x): null

02-12-2024T02:38:05 - [TEST_STEP][PASSED] - i1 = x.indexOf("/") + 1: null

02-12-2024T02:38:05 - [TEST_STEP][PASSED] - if (i1 > -1): null

02-12-2024T02:38:05 - [TEST_STEP][PASSED] - x = x.substring(i1, x.length()): null

02-12-2024T02:38:05 - [TEST_STEP][PASSED] - println(x): null

02-12-2024T02:38:05 - [TEST_STEP][PASSED] - i1 = x.indexOf("/") + 1: null

02-12-2024T02:38:05 - [TEST_STEP][PASSED] - if (i1 > -1): null

02-12-2024T02:38:05 - [TEST_STEP][PASSED] - x = x.substring(i1, x.length()): null

02-12-2024T02:38:05 - [TEST_STEP][PASSED] - println(x): null

02-12-2024T02:38:05 - [TEST_STEP][PASSED] - i1 = x.indexOf("/") + 1: null

02-12-2024T02:38:05 - [TEST_STEP][PASSED] - if (i1 > -1): null

02-12-2024T02:38:05 - [TEST_STEP][PASSED] - x = x.substring(i1, x.length()): null

02-12-2024T02:38:05 - [TEST_STEP][PASSED] - println(x): null

02-12-2024T02:38:05 - [TEST_STEP][PASSED] - i1 = x.indexOf("/"): null

02-12-2024T02:38:05 - [TEST_STEP][PASSED] - if (i1 > -1): null

02-12-2024T02:38:05 - [TEST_STEP][PASSED] - x = x.substring(0, i1): null

02-12-2024T02:38:05 - [TEST_STEP][PASSED] - println(x): null

02-12-2024T02:38:05 - [TEST_STEP][PASSED] - return x: null

02-12-2024T02:38:05 - [TEST_STEP][PASSED] - tabB = GetOvSPlanB(x = b): null

02-12-2024T02:38:05 - [TEST_STEP][PASSED] - i1 = <not implemented yet for class: org.codehaus.groovy.ast.expr.EmptyExpression>: null

02-12-2024T02:38:05 - [TEST_STEP][PASSED] - ii = <not implemented yet for class: org.codehaus.groovy.ast.expr.EmptyExpression>: null

02-12-2024T02:38:05 - [TEST_STEP][PASSED] - for ([ii = 1, ii < 7, (ii++)]): null

02-12-2024T02:38:05 - [TEST_STEP][PASSED] - i1 = x.indexOf("/") + 1: null

02-12-2024T02:38:05 - [TEST_STEP][PASSED] - if (i1 > -1): null

02-12-2024T02:38:05 - [TEST_STEP][PASSED] - x = x.substring(i1, x.length()): null

02-12-2024T02:38:05 - [TEST_STEP][PASSED] - println(x): null

02-12-2024T02:38:05 - [TEST_STEP][PASSED] - i1 = x.indexOf("/") + 1: null

02-12-2024T02:38:05 - [TEST_STEP][PASSED] - if (i1 > -1): null

02-12-2024T02:38:05 - [TEST_STEP][PASSED] - x = x.substring(i1, x.length()): null

02-12-2024T02:38:05 - [TEST_STEP][PASSED] - println(x): null

02-12-2024T02:38:05 - [TEST_STEP][PASSED] - i1 = x.indexOf("/") + 1: null

02-12-2024T02:38:05 - [TEST_STEP][PASSED] - if (i1 > -1): null

02-12-2024T02:38:05 - [TEST_STEP][PASSED] - x = x.substring(i1, x.length()): null

02-12-2024T02:38:05 - [TEST_STEP][PASSED] - println(x): null

02-12-2024T02:38:05 - [TEST_STEP][PASSED] - i1 = x.indexOf("/") + 1: null

02-12-2024T02:38:05 - [TEST_STEP][PASSED] - if (i1 > -1): null

02-12-2024T02:38:05 - [TEST_STEP][PASSED] - x = x.substring(i1, x.length()): null

02-12-2024T02:38:05 - [TEST_STEP][PASSED] - println(x): null

02-12-2024T02:38:05 - [TEST_STEP][PASSED] - i1 = x.indexOf("/") + 1: null

02-12-2024T02:38:05 - [TEST_STEP][PASSED] - if (i1 > -1): null

02-12-2024T02:38:05 - [TEST_STEP][PASSED] - x = x.substring(i1, x.length()): null

02-12-2024T02:38:05 - [TEST_STEP][PASSED] - println(x): null

02-12-2024T02:38:05 - [TEST_STEP][PASSED] - i1 = x.indexOf("/") + 1: null

02-12-2024T02:38:05 - [TEST_STEP][PASSED] - if (i1 > -1): null

02-12-2024T02:38:05 - [TEST_STEP][PASSED] - x = x.substring(i1, x.length()): null

02-12-2024T02:38:05 - [TEST_STEP][PASSED] - println(x): null

02-12-2024T02:38:05 - [TEST_STEP][PASSED] - i1 = x.indexOf("/"): null

02-12-2024T02:38:05 - [TEST_STEP][PASSED] - if (i1 > -1): null

02-12-2024T02:38:05 - [TEST_STEP][PASSED] - x = x.substring(0, i1): null

02-12-2024T02:38:05 - [TEST_STEP][PASSED] - println(x): null

02-12-2024T02:38:05 - [TEST_STEP][FAILED] - return x: null

02-12-2024T02:38:05 - [TEST_STEP][PASSED] - println(tabR + "/" + tabB): null

02-12-2024T02:38:05 - [TEST_STEP][FAILED] - if (verifyEqual(PercFactR, PercFactB) == false): null

02-12-2024T02:38:05 - [MESSAGE][FAILED] - Unable to verify equal between actual object '5.31' and expected object '7.98' (Root cause: com.kms.katalon.core.exception.StepFailedException: Actual object '5.31' and expected object '7.98' are not equal
	at com.kms.katalon.core.keyword.builtin.VerifyEqualKeyword$_verifyEqual_closure1.doCall(VerifyEqualKeyword.groovy:58)
	at com.kms.katalon.core.keyword.builtin.VerifyEqualKeyword$_verifyEqual_closure1.call(VerifyEqualKeyword.groovy)
	at com.kms.katalon.core.keyword.internal.KeywordMain.runKeyword(KeywordMain.groovy:75)
	at com.kms.katalon.core.keyword.builtin.VerifyEqualKeyword.verifyEqual(VerifyEqualKeyword.groovy:63)
	at com.kms.katalon.core.keyword.builtin.VerifyEqualKeyword.execute(VerifyEqualKeyword.groovy:44)
	at com.kms.katalon.core.keyword.internal.KeywordExecutor.executeKeywordForPlatform(KeywordExecutor.groovy:74)
	at com.kms.katalon.core.keyword.BuiltinKeywords.verifyEqual(BuiltinKeywords.groovy:146)
	at java.base/jdk.internal.reflect.NativeMethodAccessorImpl.invoke0(Native Method)
	at java.base/jdk.internal.reflect.NativeMethodAccessorImpl.invoke(NativeMethodAccessorImpl.java:77)
	at java.base/jdk.internal.reflect.DelegatingMethodAccessorImpl.invoke(DelegatingMethodAccessorImpl.java:43)
	at Выполнение бизнес-плана сверка дашбордов.CompareDZOData(Выполнение бизнес-плана сверка дашбордов:745)
	at Выполнение бизнес-плана сверка дашбордов.run(Выполнение бизнес-плана сверка дашбордов:578)
	at com.kms.katalon.core.main.ScriptEngine.run(ScriptEngine.java:194)
	at com.kms.katalon.core.main.ScriptEngine.runScriptAsRawText(ScriptEngine.java:119)
	at com.kms.katalon.core.main.TestCaseExecutor.runScript(TestCaseExecutor.java:448)
	at com.kms.katalon.core.main.TestCaseExecutor.doExecute(TestCaseExecutor.java:439)
	at com.kms.katalon.core.main.TestCaseExecutor.processExecutionPhase(TestCaseExecutor.java:418)
	at com.kms.katalon.core.main.TestCaseExecutor.accessMainPhase(TestCaseExecutor.java:410)
	at com.kms.katalon.core.main.TestCaseExecutor.execute(TestCaseExecutor.java:285)
	at com.kms.katalon.core.common.CommonExecutor.accessTestCaseMainPhase(CommonExecutor.java:65)
	at com.kms.katalon.core.main.TestSuiteExecutor.accessTestSuiteMainPhase(TestSuiteExecutor.java:150)
	at com.kms.katalon.core.main.TestSuiteExecutor.execute(TestSuiteExecutor.java:106)
	at com.kms.katalon.core.main.TestCaseMain.startTestSuite(TestCaseMain.java:180)
	at TempTestSuite1733095732962.run(TempTestSuite1733095732962.groovy:35)
	at java.base/jdk.internal.reflect.NativeMethodAccessorImpl.invoke0(Native Method)
	at java.base/jdk.internal.reflect.NativeMethodAccessorImpl.invoke(NativeMethodAccessorImpl.java:77)
	at java.base/jdk.internal.reflect.DelegatingMethodAccessorImpl.invoke(DelegatingMethodAccessorImpl.java:43)
)

02-12-2024T02:38:05 - [TEST_STEP][PASSED] - result = WriteToExcel(typeOfData, todaysDate, PercPlanR, PercPlanB, PercFactR, PercFactB, x, tabR, tabB, o1R, o1B, vidget): null

02-12-2024T02:38:05 - [TEST_STEP][PASSED] - iii = dZO.indexOf("/"): null

02-12-2024T02:38:05 - [TEST_STEP][PASSED] - println(iii): null

02-12-2024T02:38:05 - [TEST_STEP][PASSED] - dZO = dZO.substring(0, iii): null

02-12-2024T02:38:05 - [TEST_STEP][PASSED] - println(dZO): null

02-12-2024T02:38:05 - [TEST_STEP][PASSED] - println(PercPlanR): null

02-12-2024T02:38:05 - [TEST_STEP][PASSED] - println(PercPlanB): null

02-12-2024T02:38:05 - [TEST_STEP][PASSED] - println(PercFactR): null

02-12-2024T02:38:05 - [TEST_STEP][PASSED] - println(PercFactB): null

02-12-2024T02:38:05 - [TEST_STEP][PASSED] - println(tabR): null

02-12-2024T02:38:05 - [TEST_STEP][PASSED] - println(tabB): null

02-12-2024T02:38:05 - [TEST_STEP][PASSED] - println(o1R): null

02-12-2024T02:38:05 - [TEST_STEP][PASSED] - println(o1B): null

02-12-2024T02:38:05 - [TEST_STEP][PASSED] - PR = <not implemented yet for class: org.codehaus.groovy.ast.expr.EmptyExpression>: null

02-12-2024T02:38:05 - [TEST_STEP][PASSED] - FR = <not implemented yet for class: org.codehaus.groovy.ast.expr.EmptyExpression>: null

02-12-2024T02:38:05 - [TEST_STEP][PASSED] - PB = <not implemented yet for class: org.codehaus.groovy.ast.expr.EmptyExpression>: null

02-12-2024T02:38:05 - [TEST_STEP][PASSED] - FB = <not implemented yet for class: org.codehaus.groovy.ast.expr.EmptyExpression>: null

02-12-2024T02:38:05 - [TEST_STEP][PASSED] - TR = <not implemented yet for class: org.codehaus.groovy.ast.expr.EmptyExpression>: null

02-12-2024T02:38:05 - [TEST_STEP][PASSED] - TB = <not implemented yet for class: org.codehaus.groovy.ast.expr.EmptyExpression>: null

02-12-2024T02:38:05 - [TEST_STEP][PASSED] - sheetName = "Sheet1": null

02-12-2024T02:38:05 - [TEST_STEP][PASSED] - data = findTestData("PlanFact"): null

02-12-2024T02:38:05 - [TEST_STEP][PASSED] - n = data.getRowNumbers() + 1: null

02-12-2024T02:38:05 - [TEST_STEP][PASSED] - year = todaysDate.substring(todaysDate.length() - 4, todaysDate.length()): null

02-12-2024T02:38:05 - [TEST_STEP][PASSED] - y = year.toInteger(): null

02-12-2024T02:38:05 - [TEST_STEP][PASSED] - m = getText(findTestObject("Выполнение бизнес-плана/Выполнение бизнес-плана Балансы/Фильтр Дата")): Text of object 'Object Repository/Выполнение бизнес-плана/Выполнение бизнес-плана Балансы/Фильтр Дата' is: '1, 2, 3 кв., Октябрь 2024 года'

02-12-2024T02:38:05 - [MESSAGE][PASSED] - Text of object 'Object Repository/Выполнение бизнес-плана/Выполнение бизнес-плана Балансы/Фильтр Дата' is: '1, 2, 3 кв., Октябрь 2024 года'

02-12-2024T02:38:05 - [TEST_STEP][PASSED] - m = m.substring(0, m.indexOf("2024")): null

02-12-2024T02:38:05 - [TEST_STEP][PASSED] - m = m.trim(): null

02-12-2024T02:38:05 - [TEST_STEP][PASSED] - dashboardName = "Выполнение бизнес-плана": null

02-12-2024T02:38:05 - [TEST_STEP][PASSED] - workbook01 = getWorkbook(excelFilePath): null

02-12-2024T02:38:05 - [TEST_STEP][PASSED] - sheet01 = getExcelSheet(workbook01, sheetName): null

02-12-2024T02:38:05 - [TEST_STEP][PASSED] - setValueToCellByIndex(sheet01, n, 0, dashboardName): null

02-12-2024T02:38:05 - [TEST_STEP][PASSED] - setValueToCellByIndex(sheet01, n, 1, dZO): null

02-12-2024T02:38:05 - [TEST_STEP][PASSED] - setValueToCellByIndex(sheet01, n, 2, typeOfData): null

02-12-2024T02:38:05 - [TEST_STEP][PASSED] - setValueToCellByIndex(sheet01, n, 3, typeOfData): null

02-12-2024T02:38:05 - [TEST_STEP][PASSED] - if (typeOfData == "План"): null

02-12-2024T02:38:05 - [TEST_STEP][PASSED] - else if (typeOfData == "Факт"): null

02-12-2024T02:38:05 - [TEST_STEP][PASSED] - else if (vidget.contains("электроэнергии") == true): null

02-12-2024T02:38:05 - [TEST_STEP][PASSED] - if (tabR == null): null

02-12-2024T02:38:05 - [TEST_STEP][PASSED] - else: null

02-12-2024T02:38:05 - [TEST_STEP][PASSED] - if (tabR == "нет данных"): null

02-12-2024T02:38:05 - [TEST_STEP][PASSED] - else: null

02-12-2024T02:38:05 - [TEST_STEP][PASSED] - TR = tabR.toInteger(): null

02-12-2024T02:38:05 - [TEST_STEP][PASSED] - setValueToCellByIndex(sheet01, n, 4, TR): null

02-12-2024T02:38:05 - [TEST_STEP][PASSED] - if (tabB == null): null

02-12-2024T02:38:05 - [TEST_STEP][PASSED] - else: null

02-12-2024T02:38:05 - [TEST_STEP][PASSED] - if (tabB == "нет данных"): null

02-12-2024T02:38:05 - [TEST_STEP][PASSED] - else: null

02-12-2024T02:38:05 - [TEST_STEP][PASSED] - TB = tabB.toInteger(): null

02-12-2024T02:38:05 - [TEST_STEP][PASSED] - setValueToCellByIndex(sheet01, n, 5, TB): null

02-12-2024T02:38:05 - [TEST_STEP][PASSED] - setValueToCellByIndex(sheet01, n, 6, m): null

02-12-2024T02:38:05 - [TEST_STEP][PASSED] - setValueToCellByIndex(sheet01, n, 7, y): null

02-12-2024T02:38:05 - [TEST_STEP][PASSED] - setValueToCellByIndex(sheet01, n, 8, todaysDate): null

02-12-2024T02:38:05 - [TEST_STEP][PASSED] - n = n + 1: null

02-12-2024T02:38:05 - [TEST_STEP][PASSED] - saveWorkbook(excelFilePath, workbook01): null

02-12-2024T02:38:05 - [TEST_STEP][PASSED] - typeOfData = "План Отпуск из сети": null

02-12-2024T02:38:05 - [TEST_STEP][PASSED] - tabR = GetOiSPlanR(x = a): null

02-12-2024T02:38:05 - [TEST_STEP][PASSED] - i1 = <not implemented yet for class: org.codehaus.groovy.ast.expr.EmptyExpression>: null

02-12-2024T02:38:05 - [TEST_STEP][PASSED] - ii = <not implemented yet for class: org.codehaus.groovy.ast.expr.EmptyExpression>: null

02-12-2024T02:38:05 - [TEST_STEP][PASSED] - for ([ii = 1, ii < 8, (ii++)]): null

02-12-2024T02:38:05 - [TEST_STEP][PASSED] - i1 = x.indexOf("/") + 1: null

02-12-2024T02:38:05 - [TEST_STEP][PASSED] - if (i1 > -1): null

02-12-2024T02:38:05 - [TEST_STEP][PASSED] - x = x.substring(i1, x.length()): null

02-12-2024T02:38:05 - [TEST_STEP][PASSED] - println(x): null

02-12-2024T02:38:05 - [TEST_STEP][PASSED] - i1 = x.indexOf("/") + 1: null

02-12-2024T02:38:05 - [TEST_STEP][PASSED] - if (i1 > -1): null

02-12-2024T02:38:05 - [TEST_STEP][PASSED] - x = x.substring(i1, x.length()): null

02-12-2024T02:38:05 - [TEST_STEP][PASSED] - println(x): null

02-12-2024T02:38:05 - [TEST_STEP][PASSED] - i1 = x.indexOf("/") + 1: null

02-12-2024T02:38:05 - [TEST_STEP][PASSED] - if (i1 > -1): null

02-12-2024T02:38:05 - [TEST_STEP][PASSED] - x = x.substring(i1, x.length()): null

02-12-2024T02:38:05 - [TEST_STEP][PASSED] - println(x): null

02-12-2024T02:38:05 - [TEST_STEP][PASSED] - i1 = x.indexOf("/") + 1: null

02-12-2024T02:38:05 - [TEST_STEP][PASSED] - if (i1 > -1): null

02-12-2024T02:38:05 - [TEST_STEP][PASSED] - x = x.substring(i1, x.length()): null

02-12-2024T02:38:05 - [TEST_STEP][PASSED] - println(x): null

02-12-2024T02:38:05 - [TEST_STEP][PASSED] - i1 = x.indexOf("/") + 1: null

02-12-2024T02:38:05 - [TEST_STEP][PASSED] - if (i1 > -1): null

02-12-2024T02:38:05 - [TEST_STEP][PASSED] - x = x.substring(i1, x.length()): null

02-12-2024T02:38:05 - [TEST_STEP][PASSED] - println(x): null

02-12-2024T02:38:05 - [TEST_STEP][PASSED] - i1 = x.indexOf("/") + 1: null

02-12-2024T02:38:05 - [TEST_STEP][PASSED] - if (i1 > -1): null

02-12-2024T02:38:05 - [TEST_STEP][PASSED] - x = x.substring(i1, x.length()): null

02-12-2024T02:38:05 - [TEST_STEP][PASSED] - println(x): null

02-12-2024T02:38:05 - [TEST_STEP][PASSED] - i1 = x.indexOf("/") + 1: null

02-12-2024T02:38:05 - [TEST_STEP][PASSED] - if (i1 > -1): null

02-12-2024T02:38:05 - [TEST_STEP][PASSED] - x = x.substring(i1, x.length()): null

02-12-2024T02:38:05 - [TEST_STEP][PASSED] - println(x): null

02-12-2024T02:38:05 - [TEST_STEP][PASSED] - i1 = x.indexOf("/"): null

02-12-2024T02:38:05 - [TEST_STEP][PASSED] - if (i1 > -1): null

02-12-2024T02:38:05 - [TEST_STEP][PASSED] - x = x.substring(0, i1): null

02-12-2024T02:38:05 - [TEST_STEP][PASSED] - println(x): null

02-12-2024T02:38:05 - [TEST_STEP][PASSED] - return x: null

02-12-2024T02:38:05 - [TEST_STEP][PASSED] - tabB = GetOiSPlanB(x = b): null

02-12-2024T02:38:05 - [TEST_STEP][PASSED] - i1 = <not implemented yet for class: org.codehaus.groovy.ast.expr.EmptyExpression>: null

02-12-2024T02:38:05 - [TEST_STEP][PASSED] - ii = <not implemented yet for class: org.codehaus.groovy.ast.expr.EmptyExpression>: null

02-12-2024T02:38:05 - [TEST_STEP][PASSED] - for ([ii = 1, ii < 8, (ii++)]): null

02-12-2024T02:38:05 - [TEST_STEP][PASSED] - i1 = x.indexOf("/") + 1: null

02-12-2024T02:38:05 - [TEST_STEP][PASSED] - if (i1 > -1): null

02-12-2024T02:38:05 - [TEST_STEP][PASSED] - x = x.substring(i1, x.length()): null

02-12-2024T02:38:05 - [TEST_STEP][PASSED] - println(x): null

02-12-2024T02:38:05 - [TEST_STEP][PASSED] - i1 = x.indexOf("/") + 1: null

02-12-2024T02:38:05 - [TEST_STEP][PASSED] - if (i1 > -1): null

02-12-2024T02:38:05 - [TEST_STEP][PASSED] - x = x.substring(i1, x.length()): null

02-12-2024T02:38:05 - [TEST_STEP][PASSED] - println(x): null

02-12-2024T02:38:05 - [TEST_STEP][PASSED] - i1 = x.indexOf("/") + 1: null

02-12-2024T02:38:05 - [TEST_STEP][PASSED] - if (i1 > -1): null

02-12-2024T02:38:05 - [TEST_STEP][PASSED] - x = x.substring(i1, x.length()): null

02-12-2024T02:38:05 - [TEST_STEP][PASSED] - println(x): null

02-12-2024T02:38:05 - [TEST_STEP][PASSED] - i1 = x.indexOf("/") + 1: null

02-12-2024T02:38:05 - [TEST_STEP][PASSED] - if (i1 > -1): null

02-12-2024T02:38:05 - [TEST_STEP][PASSED] - x = x.substring(i1, x.length()): null

02-12-2024T02:38:05 - [TEST_STEP][PASSED] - println(x): null

02-12-2024T02:38:05 - [TEST_STEP][PASSED] - i1 = x.indexOf("/") + 1: null

02-12-2024T02:38:05 - [TEST_STEP][PASSED] - if (i1 > -1): null

02-12-2024T02:38:05 - [TEST_STEP][PASSED] - x = x.substring(i1, x.length()): null

02-12-2024T02:38:05 - [TEST_STEP][PASSED] - println(x): null

02-12-2024T02:38:05 - [TEST_STEP][PASSED] - i1 = x.indexOf("/") + 1: null

02-12-2024T02:38:05 - [TEST_STEP][PASSED] - if (i1 > -1): null

02-12-2024T02:38:05 - [TEST_STEP][PASSED] - x = x.substring(i1, x.length()): null

02-12-2024T02:38:05 - [TEST_STEP][PASSED] - println(x): null

02-12-2024T02:38:05 - [TEST_STEP][PASSED] - i1 = x.indexOf("/") + 1: null

02-12-2024T02:38:05 - [TEST_STEP][PASSED] - if (i1 > -1): null

02-12-2024T02:38:05 - [TEST_STEP][PASSED] - x = x.substring(i1, x.length()): null

02-12-2024T02:38:05 - [TEST_STEP][PASSED] - println(x): null

02-12-2024T02:38:05 - [TEST_STEP][PASSED] - i1 = x.indexOf("/"): null

02-12-2024T02:38:05 - [TEST_STEP][PASSED] - if (i1 > -1): null

02-12-2024T02:38:05 - [TEST_STEP][PASSED] - x = x.substring(0, i1): null

02-12-2024T02:38:05 - [TEST_STEP][PASSED] - println(x): null

02-12-2024T02:38:05 - [TEST_STEP][FAILED] - return x: null

02-12-2024T02:38:05 - [TEST_STEP][PASSED] - println(tabR + "/" + tabB): null

02-12-2024T02:38:05 - [TEST_STEP][FAILED] - if (verifyEqual(PercFactR, PercFactB) == false): null

02-12-2024T02:38:05 - [MESSAGE][FAILED] - Unable to verify equal between actual object '5.31' and expected object '7.98' (Root cause: com.kms.katalon.core.exception.StepFailedException: Actual object '5.31' and expected object '7.98' are not equal
	at com.kms.katalon.core.keyword.builtin.VerifyEqualKeyword$_verifyEqual_closure1.doCall(VerifyEqualKeyword.groovy:58)
	at com.kms.katalon.core.keyword.builtin.VerifyEqualKeyword$_verifyEqual_closure1.call(VerifyEqualKeyword.groovy)
	at com.kms.katalon.core.keyword.internal.KeywordMain.runKeyword(KeywordMain.groovy:75)
	at com.kms.katalon.core.keyword.builtin.VerifyEqualKeyword.verifyEqual(VerifyEqualKeyword.groovy:63)
	at com.kms.katalon.core.keyword.builtin.VerifyEqualKeyword.execute(VerifyEqualKeyword.groovy:44)
	at com.kms.katalon.core.keyword.internal.KeywordExecutor.executeKeywordForPlatform(KeywordExecutor.groovy:74)
	at com.kms.katalon.core.keyword.BuiltinKeywords.verifyEqual(BuiltinKeywords.groovy:146)
	at java.base/jdk.internal.reflect.NativeMethodAccessorImpl.invoke0(Native Method)
	at java.base/jdk.internal.reflect.NativeMethodAccessorImpl.invoke(NativeMethodAccessorImpl.java:77)
	at java.base/jdk.internal.reflect.DelegatingMethodAccessorImpl.invoke(DelegatingMethodAccessorImpl.java:43)
	at Выполнение бизнес-плана сверка дашбордов.CompareDZOData(Выполнение бизнес-плана сверка дашбордов:758)
	at Выполнение бизнес-плана сверка дашбордов.run(Выполнение бизнес-плана сверка дашбордов:578)
	at com.kms.katalon.core.main.ScriptEngine.run(ScriptEngine.java:194)
	at com.kms.katalon.core.main.ScriptEngine.runScriptAsRawText(ScriptEngine.java:119)
	at com.kms.katalon.core.main.TestCaseExecutor.runScript(TestCaseExecutor.java:448)
	at com.kms.katalon.core.main.TestCaseExecutor.doExecute(TestCaseExecutor.java:439)
	at com.kms.katalon.core.main.TestCaseExecutor.processExecutionPhase(TestCaseExecutor.java:418)
	at com.kms.katalon.core.main.TestCaseExecutor.accessMainPhase(TestCaseExecutor.java:410)
	at com.kms.katalon.core.main.TestCaseExecutor.execute(TestCaseExecutor.java:285)
	at com.kms.katalon.core.common.CommonExecutor.accessTestCaseMainPhase(CommonExecutor.java:65)
	at com.kms.katalon.core.main.TestSuiteExecutor.accessTestSuiteMainPhase(TestSuiteExecutor.java:150)
	at com.kms.katalon.core.main.TestSuiteExecutor.execute(TestSuiteExecutor.java:106)
	at com.kms.katalon.core.main.TestCaseMain.startTestSuite(TestCaseMain.java:180)
	at TempTestSuite1733095732962.run(TempTestSuite1733095732962.groovy:35)
	at java.base/jdk.internal.reflect.NativeMethodAccessorImpl.invoke0(Native Method)
	at java.base/jdk.internal.reflect.NativeMethodAccessorImpl.invoke(NativeMethodAccessorImpl.java:77)
	at java.base/jdk.internal.reflect.DelegatingMethodAccessorImpl.invoke(DelegatingMethodAccessorImpl.java:43)
)

02-12-2024T02:38:05 - [TEST_STEP][PASSED] - result = WriteToExcel(typeOfData, todaysDate, PercPlanR, PercPlanB, PercFactR, PercFactB, x, tabR, tabB, o1R, o1B, vidget): null

02-12-2024T02:38:05 - [TEST_STEP][PASSED] - iii = dZO.indexOf("/"): null

02-12-2024T02:38:05 - [TEST_STEP][PASSED] - println(iii): null

02-12-2024T02:38:05 - [TEST_STEP][PASSED] - dZO = dZO.substring(0, iii): null

02-12-2024T02:38:05 - [TEST_STEP][PASSED] - println(dZO): null

02-12-2024T02:38:05 - [TEST_STEP][PASSED] - println(PercPlanR): null

02-12-2024T02:38:05 - [TEST_STEP][PASSED] - println(PercPlanB): null

02-12-2024T02:38:05 - [TEST_STEP][PASSED] - println(PercFactR): null

02-12-2024T02:38:05 - [TEST_STEP][PASSED] - println(PercFactB): null

02-12-2024T02:38:05 - [TEST_STEP][PASSED] - println(tabR): null

02-12-2024T02:38:05 - [TEST_STEP][PASSED] - println(tabB): null

02-12-2024T02:38:05 - [TEST_STEP][PASSED] - println(o1R): null

02-12-2024T02:38:05 - [TEST_STEP][PASSED] - println(o1B): null

02-12-2024T02:38:05 - [TEST_STEP][PASSED] - PR = <not implemented yet for class: org.codehaus.groovy.ast.expr.EmptyExpression>: null

02-12-2024T02:38:05 - [TEST_STEP][PASSED] - FR = <not implemented yet for class: org.codehaus.groovy.ast.expr.EmptyExpression>: null

02-12-2024T02:38:05 - [TEST_STEP][PASSED] - PB = <not implemented yet for class: org.codehaus.groovy.ast.expr.EmptyExpression>: null

02-12-2024T02:38:05 - [TEST_STEP][PASSED] - FB = <not implemented yet for class: org.codehaus.groovy.ast.expr.EmptyExpression>: null

02-12-2024T02:38:05 - [TEST_STEP][PASSED] - TR = <not implemented yet for class: org.codehaus.groovy.ast.expr.EmptyExpression>: null

02-12-2024T02:38:05 - [TEST_STEP][PASSED] - TB = <not implemented yet for class: org.codehaus.groovy.ast.expr.EmptyExpression>: null

02-12-2024T02:38:05 - [TEST_STEP][PASSED] - sheetName = "Sheet1": null

02-12-2024T02:38:05 - [TEST_STEP][PASSED] - data = findTestData("PlanFact"): null

02-12-2024T02:38:05 - [TEST_STEP][PASSED] - n = data.getRowNumbers() + 1: null

02-12-2024T02:38:05 - [TEST_STEP][PASSED] - year = todaysDate.substring(todaysDate.length() - 4, todaysDate.length()): null

02-12-2024T02:38:05 - [TEST_STEP][PASSED] - y = year.toInteger(): null

02-12-2024T02:38:05 - [TEST_STEP][PASSED] - m = getText(findTestObject("Выполнение бизнес-плана/Выполнение бизнес-плана Балансы/Фильтр Дата")): Text of object 'Object Repository/Выполнение бизнес-плана/Выполнение бизнес-плана Балансы/Фильтр Дата' is: '1, 2, 3 кв., Октябрь 2024 года'

02-12-2024T02:38:06 - [MESSAGE][PASSED] - Text of object 'Object Repository/Выполнение бизнес-плана/Выполнение бизнес-плана Балансы/Фильтр Дата' is: '1, 2, 3 кв., Октябрь 2024 года'

02-12-2024T02:38:06 - [TEST_STEP][PASSED] - m = m.substring(0, m.indexOf("2024")): null

02-12-2024T02:38:06 - [TEST_STEP][PASSED] - m = m.trim(): null

02-12-2024T02:38:06 - [TEST_STEP][PASSED] - dashboardName = "Выполнение бизнес-плана": null

02-12-2024T02:38:06 - [TEST_STEP][PASSED] - workbook01 = getWorkbook(excelFilePath): null

02-12-2024T02:38:06 - [TEST_STEP][PASSED] - sheet01 = getExcelSheet(workbook01, sheetName): null

02-12-2024T02:38:06 - [TEST_STEP][PASSED] - setValueToCellByIndex(sheet01, n, 0, dashboardName): null

02-12-2024T02:38:06 - [TEST_STEP][PASSED] - setValueToCellByIndex(sheet01, n, 1, dZO): null

02-12-2024T02:38:06 - [TEST_STEP][PASSED] - setValueToCellByIndex(sheet01, n, 2, typeOfData): null

02-12-2024T02:38:06 - [TEST_STEP][PASSED] - setValueToCellByIndex(sheet01, n, 3, typeOfData): null

02-12-2024T02:38:06 - [TEST_STEP][PASSED] - if (typeOfData == "План"): null

02-12-2024T02:38:06 - [TEST_STEP][PASSED] - else if (typeOfData == "Факт"): null

02-12-2024T02:38:06 - [TEST_STEP][PASSED] - else if (vidget.contains("электроэнергии") == true): null

02-12-2024T02:38:06 - [TEST_STEP][PASSED] - if (tabR == null): null

02-12-2024T02:38:06 - [TEST_STEP][PASSED] - else: null

02-12-2024T02:38:06 - [TEST_STEP][PASSED] - if (tabR == "нет данных"): null

02-12-2024T02:38:06 - [TEST_STEP][PASSED] - else: null

02-12-2024T02:38:06 - [TEST_STEP][PASSED] - TR = tabR.toInteger(): null

02-12-2024T02:38:06 - [TEST_STEP][PASSED] - setValueToCellByIndex(sheet01, n, 4, TR): null

02-12-2024T02:38:06 - [TEST_STEP][PASSED] - if (tabB == null): null

02-12-2024T02:38:06 - [TEST_STEP][PASSED] - else: null

02-12-2024T02:38:06 - [TEST_STEP][PASSED] - if (tabB == "нет данных"): null

02-12-2024T02:38:06 - [TEST_STEP][PASSED] - else: null

02-12-2024T02:38:06 - [TEST_STEP][PASSED] - TB = tabB.toInteger(): null

02-12-2024T02:38:06 - [TEST_STEP][PASSED] - setValueToCellByIndex(sheet01, n, 5, TB): null

02-12-2024T02:38:06 - [TEST_STEP][PASSED] - setValueToCellByIndex(sheet01, n, 6, m): null

02-12-2024T02:38:06 - [TEST_STEP][PASSED] - setValueToCellByIndex(sheet01, n, 7, y): null

02-12-2024T02:38:06 - [TEST_STEP][PASSED] - setValueToCellByIndex(sheet01, n, 8, todaysDate): null

02-12-2024T02:38:06 - [TEST_STEP][PASSED] - n = n + 1: null

02-12-2024T02:38:06 - [TEST_STEP][PASSED] - saveWorkbook(excelFilePath, workbook01): null

02-12-2024T02:38:06 - [TEST_STEP][PASSED] - typeOfData = "План Потери": null

02-12-2024T02:38:06 - [TEST_STEP][PASSED] - tabR = GetPPlanR(x = a): null

02-12-2024T02:38:06 - [TEST_STEP][PASSED] - i1 = <not implemented yet for class: org.codehaus.groovy.ast.expr.EmptyExpression>: null

02-12-2024T02:38:06 - [TEST_STEP][PASSED] - ii = <not implemented yet for class: org.codehaus.groovy.ast.expr.EmptyExpression>: null

02-12-2024T02:38:06 - [TEST_STEP][PASSED] - for ([ii = 1, ii < 9, (ii++)]): null

02-12-2024T02:38:06 - [TEST_STEP][PASSED] - i1 = x.indexOf("/") + 1: null

02-12-2024T02:38:06 - [TEST_STEP][PASSED] - if (i1 > -1): null

02-12-2024T02:38:06 - [TEST_STEP][PASSED] - x = x.substring(i1, x.length()): null

02-12-2024T02:38:06 - [TEST_STEP][PASSED] - println(x): null

02-12-2024T02:38:06 - [TEST_STEP][PASSED] - i1 = x.indexOf("/") + 1: null

02-12-2024T02:38:06 - [TEST_STEP][PASSED] - if (i1 > -1): null

02-12-2024T02:38:06 - [TEST_STEP][PASSED] - x = x.substring(i1, x.length()): null

02-12-2024T02:38:06 - [TEST_STEP][PASSED] - println(x): null

02-12-2024T02:38:06 - [TEST_STEP][PASSED] - i1 = x.indexOf("/") + 1: null

02-12-2024T02:38:06 - [TEST_STEP][PASSED] - if (i1 > -1): null

02-12-2024T02:38:06 - [TEST_STEP][PASSED] - x = x.substring(i1, x.length()): null

02-12-2024T02:38:06 - [TEST_STEP][PASSED] - println(x): null

02-12-2024T02:38:06 - [TEST_STEP][PASSED] - i1 = x.indexOf("/") + 1: null

02-12-2024T02:38:06 - [TEST_STEP][PASSED] - if (i1 > -1): null

02-12-2024T02:38:06 - [TEST_STEP][PASSED] - x = x.substring(i1, x.length()): null

02-12-2024T02:38:06 - [TEST_STEP][PASSED] - println(x): null

02-12-2024T02:38:06 - [TEST_STEP][PASSED] - i1 = x.indexOf("/") + 1: null

02-12-2024T02:38:06 - [TEST_STEP][PASSED] - if (i1 > -1): null

02-12-2024T02:38:06 - [TEST_STEP][PASSED] - x = x.substring(i1, x.length()): null

02-12-2024T02:38:06 - [TEST_STEP][PASSED] - println(x): null

02-12-2024T02:38:06 - [TEST_STEP][PASSED] - i1 = x.indexOf("/") + 1: null

02-12-2024T02:38:06 - [TEST_STEP][PASSED] - if (i1 > -1): null

02-12-2024T02:38:06 - [TEST_STEP][PASSED] - x = x.substring(i1, x.length()): null

02-12-2024T02:38:06 - [TEST_STEP][PASSED] - println(x): null

02-12-2024T02:38:06 - [TEST_STEP][PASSED] - i1 = x.indexOf("/") + 1: null

02-12-2024T02:38:06 - [TEST_STEP][PASSED] - if (i1 > -1): null

02-12-2024T02:38:06 - [TEST_STEP][PASSED] - x = x.substring(i1, x.length()): null

02-12-2024T02:38:06 - [TEST_STEP][PASSED] - println(x): null

02-12-2024T02:38:06 - [TEST_STEP][PASSED] - i1 = x.indexOf("/") + 1: null

02-12-2024T02:38:06 - [TEST_STEP][PASSED] - if (i1 > -1): null

02-12-2024T02:38:06 - [TEST_STEP][PASSED] - x = x.substring(i1, x.length()): null

02-12-2024T02:38:06 - [TEST_STEP][PASSED] - println(x): null

02-12-2024T02:38:06 - [TEST_STEP][PASSED] - i1 = x.indexOf("/"): null

02-12-2024T02:38:06 - [TEST_STEP][PASSED] - if (i1 > -1): null

02-12-2024T02:38:06 - [TEST_STEP][PASSED] - println(x): null

02-12-2024T02:38:06 - [TEST_STEP][PASSED] - return x: null

02-12-2024T02:38:06 - [TEST_STEP][PASSED] - tabB = GetPPlanB(x = b): null

02-12-2024T02:38:06 - [TEST_STEP][PASSED] - i1 = <not implemented yet for class: org.codehaus.groovy.ast.expr.EmptyExpression>: null

02-12-2024T02:38:06 - [TEST_STEP][PASSED] - ii = <not implemented yet for class: org.codehaus.groovy.ast.expr.EmptyExpression>: null

02-12-2024T02:38:06 - [TEST_STEP][PASSED] - for ([ii = 1, ii < 9, (ii++)]): null

02-12-2024T02:38:06 - [TEST_STEP][PASSED] - i1 = x.indexOf("/") + 1: null

02-12-2024T02:38:06 - [TEST_STEP][PASSED] - if (i1 > -1): null

02-12-2024T02:38:06 - [TEST_STEP][PASSED] - x = x.substring(i1, x.length()): null

02-12-2024T02:38:06 - [TEST_STEP][PASSED] - println(x): null

02-12-2024T02:38:06 - [TEST_STEP][PASSED] - i1 = x.indexOf("/") + 1: null

02-12-2024T02:38:06 - [TEST_STEP][PASSED] - if (i1 > -1): null

02-12-2024T02:38:06 - [TEST_STEP][PASSED] - x = x.substring(i1, x.length()): null

02-12-2024T02:38:06 - [TEST_STEP][PASSED] - println(x): null

02-12-2024T02:38:06 - [TEST_STEP][PASSED] - i1 = x.indexOf("/") + 1: null

02-12-2024T02:38:06 - [TEST_STEP][PASSED] - if (i1 > -1): null

02-12-2024T02:38:06 - [TEST_STEP][PASSED] - x = x.substring(i1, x.length()): null

02-12-2024T02:38:06 - [TEST_STEP][PASSED] - println(x): null

02-12-2024T02:38:06 - [TEST_STEP][PASSED] - i1 = x.indexOf("/") + 1: null

02-12-2024T02:38:06 - [TEST_STEP][PASSED] - if (i1 > -1): null

02-12-2024T02:38:06 - [TEST_STEP][PASSED] - x = x.substring(i1, x.length()): null

02-12-2024T02:38:06 - [TEST_STEP][PASSED] - println(x): null

02-12-2024T02:38:06 - [TEST_STEP][PASSED] - i1 = x.indexOf("/") + 1: null

02-12-2024T02:38:06 - [TEST_STEP][PASSED] - if (i1 > -1): null

02-12-2024T02:38:06 - [TEST_STEP][PASSED] - x = x.substring(i1, x.length()): null

02-12-2024T02:38:06 - [TEST_STEP][PASSED] - println(x): null

02-12-2024T02:38:06 - [TEST_STEP][PASSED] - i1 = x.indexOf("/") + 1: null

02-12-2024T02:38:06 - [TEST_STEP][PASSED] - if (i1 > -1): null

02-12-2024T02:38:06 - [TEST_STEP][PASSED] - x = x.substring(i1, x.length()): null

02-12-2024T02:38:06 - [TEST_STEP][PASSED] - println(x): null

02-12-2024T02:38:06 - [TEST_STEP][PASSED] - i1 = x.indexOf("/") + 1: null

02-12-2024T02:38:06 - [TEST_STEP][PASSED] - if (i1 > -1): null

02-12-2024T02:38:06 - [TEST_STEP][PASSED] - x = x.substring(i1, x.length()): null

02-12-2024T02:38:06 - [TEST_STEP][PASSED] - println(x): null

02-12-2024T02:38:06 - [TEST_STEP][PASSED] - i1 = x.indexOf("/") + 1: null

02-12-2024T02:38:06 - [TEST_STEP][PASSED] - if (i1 > -1): null

02-12-2024T02:38:06 - [TEST_STEP][PASSED] - x = x.substring(i1, x.length()): null

02-12-2024T02:38:06 - [TEST_STEP][PASSED] - println(x): null

02-12-2024T02:38:06 - [TEST_STEP][PASSED] - i1 = x.indexOf("/"): null

02-12-2024T02:38:06 - [TEST_STEP][PASSED] - if (i1 > -1): null

02-12-2024T02:38:06 - [TEST_STEP][PASSED] - println(x): null

02-12-2024T02:38:06 - [TEST_STEP][FAILED] - return x: null

02-12-2024T02:38:06 - [TEST_STEP][PASSED] - println(tabR + "/" + tabB): null

02-12-2024T02:38:06 - [TEST_STEP][FAILED] - if (verifyEqual(PercFactR, PercFactB) == false): null

02-12-2024T02:38:06 - [MESSAGE][FAILED] - Unable to verify equal between actual object '5.31' and expected object '7.98' (Root cause: com.kms.katalon.core.exception.StepFailedException: Actual object '5.31' and expected object '7.98' are not equal
	at com.kms.katalon.core.keyword.builtin.VerifyEqualKeyword$_verifyEqual_closure1.doCall(VerifyEqualKeyword.groovy:58)
	at com.kms.katalon.core.keyword.builtin.VerifyEqualKeyword$_verifyEqual_closure1.call(VerifyEqualKeyword.groovy)
	at com.kms.katalon.core.keyword.internal.KeywordMain.runKeyword(KeywordMain.groovy:75)
	at com.kms.katalon.core.keyword.builtin.VerifyEqualKeyword.verifyEqual(VerifyEqualKeyword.groovy:63)
	at com.kms.katalon.core.keyword.builtin.VerifyEqualKeyword.execute(VerifyEqualKeyword.groovy:44)
	at com.kms.katalon.core.keyword.internal.KeywordExecutor.executeKeywordForPlatform(KeywordExecutor.groovy:74)
	at com.kms.katalon.core.keyword.BuiltinKeywords.verifyEqual(BuiltinKeywords.groovy:146)
	at java.base/jdk.internal.reflect.NativeMethodAccessorImpl.invoke0(Native Method)
	at java.base/jdk.internal.reflect.NativeMethodAccessorImpl.invoke(NativeMethodAccessorImpl.java:77)
	at java.base/jdk.internal.reflect.DelegatingMethodAccessorImpl.invoke(DelegatingMethodAccessorImpl.java:43)
	at Выполнение бизнес-плана сверка дашбордов.CompareDZOData(Выполнение бизнес-плана сверка дашбордов:771)
	at Выполнение бизнес-плана сверка дашбордов.run(Выполнение бизнес-плана сверка дашбордов:578)
	at com.kms.katalon.core.main.ScriptEngine.run(ScriptEngine.java:194)
	at com.kms.katalon.core.main.ScriptEngine.runScriptAsRawText(ScriptEngine.java:119)
	at com.kms.katalon.core.main.TestCaseExecutor.runScript(TestCaseExecutor.java:448)
	at com.kms.katalon.core.main.TestCaseExecutor.doExecute(TestCaseExecutor.java:439)
	at com.kms.katalon.core.main.TestCaseExecutor.processExecutionPhase(TestCaseExecutor.java:418)
	at com.kms.katalon.core.main.TestCaseExecutor.accessMainPhase(TestCaseExecutor.java:410)
	at com.kms.katalon.core.main.TestCaseExecutor.execute(TestCaseExecutor.java:285)
	at com.kms.katalon.core.common.CommonExecutor.accessTestCaseMainPhase(CommonExecutor.java:65)
	at com.kms.katalon.core.main.TestSuiteExecutor.accessTestSuiteMainPhase(TestSuiteExecutor.java:150)
	at com.kms.katalon.core.main.TestSuiteExecutor.execute(TestSuiteExecutor.java:106)
	at com.kms.katalon.core.main.TestCaseMain.startTestSuite(TestCaseMain.java:180)
	at TempTestSuite1733095732962.run(TempTestSuite1733095732962.groovy:35)
	at java.base/jdk.internal.reflect.NativeMethodAccessorImpl.invoke0(Native Method)
	at java.base/jdk.internal.reflect.NativeMethodAccessorImpl.invoke(NativeMethodAccessorImpl.java:77)
	at java.base/jdk.internal.reflect.DelegatingMethodAccessorImpl.invoke(DelegatingMethodAccessorImpl.java:43)
)

02-12-2024T02:38:06 - [TEST_STEP][PASSED] - result = WriteToExcel(typeOfData, todaysDate, PercPlanR, PercPlanB, PercFactR, PercFactB, x, tabR, tabB, o1R, o1B, vidget): null

02-12-2024T02:38:06 - [TEST_STEP][PASSED] - iii = dZO.indexOf("/"): null

02-12-2024T02:38:06 - [TEST_STEP][PASSED] - println(iii): null

02-12-2024T02:38:06 - [TEST_STEP][PASSED] - dZO = dZO.substring(0, iii): null

02-12-2024T02:38:06 - [TEST_STEP][PASSED] - println(dZO): null

02-12-2024T02:38:06 - [TEST_STEP][PASSED] - println(PercPlanR): null

02-12-2024T02:38:06 - [TEST_STEP][PASSED] - println(PercPlanB): null

02-12-2024T02:38:06 - [TEST_STEP][PASSED] - println(PercFactR): null

02-12-2024T02:38:06 - [TEST_STEP][PASSED] - println(PercFactB): null

02-12-2024T02:38:06 - [TEST_STEP][PASSED] - println(tabR): null

02-12-2024T02:38:06 - [TEST_STEP][PASSED] - println(tabB): null

02-12-2024T02:38:06 - [TEST_STEP][PASSED] - println(o1R): null

02-12-2024T02:38:06 - [TEST_STEP][PASSED] - println(o1B): null

02-12-2024T02:38:06 - [TEST_STEP][PASSED] - PR = <not implemented yet for class: org.codehaus.groovy.ast.expr.EmptyExpression>: null

02-12-2024T02:38:06 - [TEST_STEP][PASSED] - FR = <not implemented yet for class: org.codehaus.groovy.ast.expr.EmptyExpression>: null

02-12-2024T02:38:06 - [TEST_STEP][PASSED] - PB = <not implemented yet for class: org.codehaus.groovy.ast.expr.EmptyExpression>: null

02-12-2024T02:38:06 - [TEST_STEP][PASSED] - FB = <not implemented yet for class: org.codehaus.groovy.ast.expr.EmptyExpression>: null

02-12-2024T02:38:06 - [TEST_STEP][PASSED] - TR = <not implemented yet for class: org.codehaus.groovy.ast.expr.EmptyExpression>: null

02-12-2024T02:38:06 - [TEST_STEP][PASSED] - TB = <not implemented yet for class: org.codehaus.groovy.ast.expr.EmptyExpression>: null

02-12-2024T02:38:06 - [TEST_STEP][PASSED] - sheetName = "Sheet1": null

02-12-2024T02:38:06 - [TEST_STEP][PASSED] - data = findTestData("PlanFact"): null

02-12-2024T02:38:06 - [TEST_STEP][PASSED] - n = data.getRowNumbers() + 1: null

02-12-2024T02:38:06 - [TEST_STEP][PASSED] - year = todaysDate.substring(todaysDate.length() - 4, todaysDate.length()): null

02-12-2024T02:38:06 - [TEST_STEP][PASSED] - y = year.toInteger(): null

02-12-2024T02:38:06 - [TEST_STEP][PASSED] - m = getText(findTestObject("Выполнение бизнес-плана/Выполнение бизнес-плана Балансы/Фильтр Дата")): Text of object 'Object Repository/Выполнение бизнес-плана/Выполнение бизнес-плана Балансы/Фильтр Дата' is: '1, 2, 3 кв., Октябрь 2024 года'

02-12-2024T02:38:06 - [MESSAGE][PASSED] - Text of object 'Object Repository/Выполнение бизнес-плана/Выполнение бизнес-плана Балансы/Фильтр Дата' is: '1, 2, 3 кв., Октябрь 2024 года'

02-12-2024T02:38:06 - [TEST_STEP][PASSED] - m = m.substring(0, m.indexOf("2024")): null

02-12-2024T02:38:06 - [TEST_STEP][PASSED] - m = m.trim(): null

02-12-2024T02:38:06 - [TEST_STEP][PASSED] - dashboardName = "Выполнение бизнес-плана": null

02-12-2024T02:38:06 - [TEST_STEP][PASSED] - workbook01 = getWorkbook(excelFilePath): null

02-12-2024T02:38:06 - [TEST_STEP][PASSED] - sheet01 = getExcelSheet(workbook01, sheetName): null

02-12-2024T02:38:06 - [TEST_STEP][PASSED] - setValueToCellByIndex(sheet01, n, 0, dashboardName): null

02-12-2024T02:38:06 - [TEST_STEP][PASSED] - setValueToCellByIndex(sheet01, n, 1, dZO): null

02-12-2024T02:38:06 - [TEST_STEP][PASSED] - setValueToCellByIndex(sheet01, n, 2, typeOfData): null

02-12-2024T02:38:06 - [TEST_STEP][PASSED] - setValueToCellByIndex(sheet01, n, 3, typeOfData): null

02-12-2024T02:38:06 - [TEST_STEP][PASSED] - if (typeOfData == "План"): null

02-12-2024T02:38:06 - [TEST_STEP][PASSED] - else if (typeOfData == "Факт"): null

02-12-2024T02:38:06 - [TEST_STEP][PASSED] - else if (vidget.contains("электроэнергии") == true): null

02-12-2024T02:38:06 - [TEST_STEP][PASSED] - if (tabR == null): null

02-12-2024T02:38:06 - [TEST_STEP][PASSED] - else: null

02-12-2024T02:38:06 - [TEST_STEP][PASSED] - if (tabR == "нет данных"): null

02-12-2024T02:38:06 - [TEST_STEP][PASSED] - else: null

02-12-2024T02:38:06 - [TEST_STEP][PASSED] - TR = tabR.toInteger(): null

02-12-2024T02:38:06 - [TEST_STEP][PASSED] - setValueToCellByIndex(sheet01, n, 4, TR): null

02-12-2024T02:38:06 - [TEST_STEP][PASSED] - if (tabB == null): null

02-12-2024T02:38:06 - [TEST_STEP][PASSED] - else: null

02-12-2024T02:38:06 - [TEST_STEP][PASSED] - if (tabB == "нет данных"): null

02-12-2024T02:38:06 - [TEST_STEP][PASSED] - else: null

02-12-2024T02:38:06 - [TEST_STEP][PASSED] - TB = tabB.toInteger(): null

02-12-2024T02:38:06 - [TEST_STEP][PASSED] - setValueToCellByIndex(sheet01, n, 5, TB): null

02-12-2024T02:38:06 - [TEST_STEP][PASSED] - setValueToCellByIndex(sheet01, n, 6, m): null

02-12-2024T02:38:06 - [TEST_STEP][PASSED] - setValueToCellByIndex(sheet01, n, 7, y): null

02-12-2024T02:38:06 - [TEST_STEP][PASSED] - setValueToCellByIndex(sheet01, n, 8, todaysDate): null

02-12-2024T02:38:06 - [TEST_STEP][PASSED] - n = n + 1: null

02-12-2024T02:38:06 - [TEST_STEP][FAILED] - saveWorkbook(excelFilePath, workbook01): null

02-12-2024T02:38:07 - [TEST_STEP][PASSED] - ii2 = a.indexOf("ПАО"): null

02-12-2024T02:38:07 - [TEST_STEP][PASSED] - if (ii2 == -1): null

02-12-2024T02:38:07 - [TEST_STEP][FAILED] - if (verifyEqual(fR, fB) == false): null

02-12-2024T02:38:07 - [MESSAGE][FAILED] - Unable to verify equal between actual object 'Россети ФСК ЕЭС/нет данных/нет данных/нет данных/нет данных/нет данных/нет данных/нет данных/нет данных/нет данных' and expected object 'Россети ФСК ЕЭС/3.86/3.65/515451879/497290886/18160993/500569809/481951765/18618044/-0.21' (Root cause: com.kms.katalon.core.exception.StepFailedException: Actual object 'Россети ФСК ЕЭС/нет данных/нет данных/нет данных/нет данных/нет данных/нет данных/нет данных/нет данных/нет данных' and expected object 'Россети ФСК ЕЭС/3.86/3.65/515451879/497290886/18160993/500569809/481951765/18618044/-0.21' are not equal
	at com.kms.katalon.core.keyword.builtin.VerifyEqualKeyword$_verifyEqual_closure1.doCall(VerifyEqualKeyword.groovy:58)
	at com.kms.katalon.core.keyword.builtin.VerifyEqualKeyword$_verifyEqual_closure1.call(VerifyEqualKeyword.groovy)
	at com.kms.katalon.core.keyword.internal.KeywordMain.runKeyword(KeywordMain.groovy:75)
	at com.kms.katalon.core.keyword.builtin.VerifyEqualKeyword.verifyEqual(VerifyEqualKeyword.groovy:63)
	at com.kms.katalon.core.keyword.builtin.VerifyEqualKeyword.execute(VerifyEqualKeyword.groovy:44)
	at com.kms.katalon.core.keyword.internal.KeywordExecutor.executeKeywordForPlatform(KeywordExecutor.groovy:74)
	at com.kms.katalon.core.keyword.BuiltinKeywords.verifyEqual(BuiltinKeywords.groovy:146)
	at java.base/jdk.internal.reflect.NativeMethodAccessorImpl.invoke0(Native Method)
	at java.base/jdk.internal.reflect.NativeMethodAccessorImpl.invoke(NativeMethodAccessorImpl.java:77)
	at java.base/jdk.internal.reflect.DelegatingMethodAccessorImpl.invoke(DelegatingMethodAccessorImpl.java:43)
	at Выполнение бизнес-плана сверка дашбордов.run(Выполнение бизнес-плана сверка дашбордов:582)
	at com.kms.katalon.core.main.ScriptEngine.run(ScriptEngine.java:194)
	at com.kms.katalon.core.main.ScriptEngine.runScriptAsRawText(ScriptEngine.java:119)
	at com.kms.katalon.core.main.TestCaseExecutor.runScript(TestCaseExecutor.java:448)
	at com.kms.katalon.core.main.TestCaseExecutor.doExecute(TestCaseExecutor.java:439)
	at com.kms.katalon.core.main.TestCaseExecutor.processExecutionPhase(TestCaseExecutor.java:418)
	at com.kms.katalon.core.main.TestCaseExecutor.accessMainPhase(TestCaseExecutor.java:410)
	at com.kms.katalon.core.main.TestCaseExecutor.execute(TestCaseExecutor.java:285)
	at com.kms.katalon.core.common.CommonExecutor.accessTestCaseMainPhase(CommonExecutor.java:65)
	at com.kms.katalon.core.main.TestSuiteExecutor.accessTestSuiteMainPhase(TestSuiteExecutor.java:150)
	at com.kms.katalon.core.main.TestSuiteExecutor.execute(TestSuiteExecutor.java:106)
	at com.kms.katalon.core.main.TestCaseMain.startTestSuite(TestCaseMain.java:180)
	at TempTestSuite1733095732962.run(TempTestSuite1733095732962.groovy:35)
	at java.base/jdk.internal.reflect.NativeMethodAccessorImpl.invoke0(Native Method)
	at java.base/jdk.internal.reflect.NativeMethodAccessorImpl.invoke(NativeMethodAccessorImpl.java:77)
	at java.base/jdk.internal.reflect.DelegatingMethodAccessorImpl.invoke(DelegatingMethodAccessorImpl.java:43)
)

02-12-2024T02:38:07 - [TEST_STEP][PASSED] - result = CompareDZOData(a = fR, b = fB, dZO, typeOfData, PercPlanR, PercPlanB, PercFactR, PercFactB, todaysDate, x, vidget, tabR, tabB, o1R, o1B): null

02-12-2024T02:38:07 - [TEST_STEP][PASSED] - ii2 = <not implemented yet for class: org.codehaus.groovy.ast.expr.EmptyExpression>: null

02-12-2024T02:38:07 - [TEST_STEP][FAILED] - if (verifyEqual(a, b) == false): null

02-12-2024T02:38:07 - [MESSAGE][FAILED] - Unable to verify equal between actual object 'Россети ФСК ЕЭС/нет данных/нет данных/нет данных/нет данных/нет данных/нет данных/нет данных/нет данных/нет данных' and expected object 'Россети ФСК ЕЭС/3.86/3.65/515451879/497290886/18160993/500569809/481951765/18618044/-0.21' (Root cause: com.kms.katalon.core.exception.StepFailedException: Actual object 'Россети ФСК ЕЭС/нет данных/нет данных/нет данных/нет данных/нет данных/нет данных/нет данных/нет данных/нет данных' and expected object 'Россети ФСК ЕЭС/3.86/3.65/515451879/497290886/18160993/500569809/481951765/18618044/-0.21' are not equal
	at com.kms.katalon.core.keyword.builtin.VerifyEqualKeyword$_verifyEqual_closure1.doCall(VerifyEqualKeyword.groovy:58)
	at com.kms.katalon.core.keyword.builtin.VerifyEqualKeyword$_verifyEqual_closure1.call(VerifyEqualKeyword.groovy)
	at com.kms.katalon.core.keyword.internal.KeywordMain.runKeyword(KeywordMain.groovy:75)
	at com.kms.katalon.core.keyword.builtin.VerifyEqualKeyword.verifyEqual(VerifyEqualKeyword.groovy:63)
	at com.kms.katalon.core.keyword.builtin.VerifyEqualKeyword.execute(VerifyEqualKeyword.groovy:44)
	at com.kms.katalon.core.keyword.internal.KeywordExecutor.executeKeywordForPlatform(KeywordExecutor.groovy:74)
	at com.kms.katalon.core.keyword.BuiltinKeywords.verifyEqual(BuiltinKeywords.groovy:146)
	at java.base/jdk.internal.reflect.NativeMethodAccessorImpl.invoke0(Native Method)
	at java.base/jdk.internal.reflect.NativeMethodAccessorImpl.invoke(NativeMethodAccessorImpl.java:77)
	at java.base/jdk.internal.reflect.DelegatingMethodAccessorImpl.invoke(DelegatingMethodAccessorImpl.java:43)
	at Выполнение бизнес-плана сверка дашбордов.CompareDZOData(Выполнение бизнес-плана сверка дашбордов:673)
	at Выполнение бизнес-плана сверка дашбордов.run(Выполнение бизнес-плана сверка дашбордов:583)
	at com.kms.katalon.core.main.ScriptEngine.run(ScriptEngine.java:194)
	at com.kms.katalon.core.main.ScriptEngine.runScriptAsRawText(ScriptEngine.java:119)
	at com.kms.katalon.core.main.TestCaseExecutor.runScript(TestCaseExecutor.java:448)
	at com.kms.katalon.core.main.TestCaseExecutor.doExecute(TestCaseExecutor.java:439)
	at com.kms.katalon.core.main.TestCaseExecutor.processExecutionPhase(TestCaseExecutor.java:418)
	at com.kms.katalon.core.main.TestCaseExecutor.accessMainPhase(TestCaseExecutor.java:410)
	at com.kms.katalon.core.main.TestCaseExecutor.execute(TestCaseExecutor.java:285)
	at com.kms.katalon.core.common.CommonExecutor.accessTestCaseMainPhase(CommonExecutor.java:65)
	at com.kms.katalon.core.main.TestSuiteExecutor.accessTestSuiteMainPhase(TestSuiteExecutor.java:150)
	at com.kms.katalon.core.main.TestSuiteExecutor.execute(TestSuiteExecutor.java:106)
	at com.kms.katalon.core.main.TestCaseMain.startTestSuite(TestCaseMain.java:180)
	at TempTestSuite1733095732962.run(TempTestSuite1733095732962.groovy:35)
	at java.base/jdk.internal.reflect.NativeMethodAccessorImpl.invoke0(Native Method)
	at java.base/jdk.internal.reflect.NativeMethodAccessorImpl.invoke(NativeMethodAccessorImpl.java:77)
	at java.base/jdk.internal.reflect.DelegatingMethodAccessorImpl.invoke(DelegatingMethodAccessorImpl.java:43)
)

02-12-2024T02:38:07 - [TEST_STEP][PASSED] - vidget = "Уровень потерь электроэнергии": null

02-12-2024T02:38:07 - [TEST_STEP][PASSED] - typeOfData = "План": null

02-12-2024T02:38:07 - [TEST_STEP][PASSED] - PercPlanR = GetPercPlanR(x = a): null

02-12-2024T02:38:07 - [TEST_STEP][PASSED] - i1 = <not implemented yet for class: org.codehaus.groovy.ast.expr.EmptyExpression>: null

02-12-2024T02:38:07 - [TEST_STEP][PASSED] - i1 = x.indexOf("/") + 1: null

02-12-2024T02:38:07 - [TEST_STEP][PASSED] - if (i1 > -1): null

02-12-2024T02:38:07 - [TEST_STEP][PASSED] - x = x.substring(i1, x.length()): null

02-12-2024T02:38:07 - [TEST_STEP][PASSED] - i1 = x.indexOf("/"): null

02-12-2024T02:38:07 - [TEST_STEP][PASSED] - if (i1 > -1): null

02-12-2024T02:38:07 - [TEST_STEP][PASSED] - x = x.substring(0, i1): null

02-12-2024T02:38:07 - [TEST_STEP][PASSED] - return x: null

02-12-2024T02:38:07 - [TEST_STEP][PASSED] - PercPlanB = GetPercPlanB(x = b): null

02-12-2024T02:38:07 - [TEST_STEP][PASSED] - i1 = <not implemented yet for class: org.codehaus.groovy.ast.expr.EmptyExpression>: null

02-12-2024T02:38:07 - [TEST_STEP][PASSED] - i1 = x.indexOf("/") + 1: null

02-12-2024T02:38:07 - [TEST_STEP][PASSED] - if (i1 > -1): null

02-12-2024T02:38:07 - [TEST_STEP][PASSED] - x = x.substring(i1, x.length()): null

02-12-2024T02:38:07 - [TEST_STEP][PASSED] - i1 = x.indexOf("/"): null

02-12-2024T02:38:07 - [TEST_STEP][PASSED] - if (i1 > -1): null

02-12-2024T02:38:07 - [TEST_STEP][PASSED] - x = x.substring(0, i1): null

02-12-2024T02:38:07 - [TEST_STEP][FAILED] - return x: null

02-12-2024T02:38:07 - [TEST_STEP][FAILED] - if (verifyEqual(PercPlanR, PercPlanB) == false): null

02-12-2024T02:38:07 - [MESSAGE][FAILED] - Unable to verify equal between actual object 'нет данных' and expected object '3.86' (Root cause: com.kms.katalon.core.exception.StepFailedException: Actual object 'нет данных' and expected object '3.86' are not equal
	at com.kms.katalon.core.keyword.builtin.VerifyEqualKeyword$_verifyEqual_closure1.doCall(VerifyEqualKeyword.groovy:58)
	at com.kms.katalon.core.keyword.builtin.VerifyEqualKeyword$_verifyEqual_closure1.call(VerifyEqualKeyword.groovy)
	at com.kms.katalon.core.keyword.internal.KeywordMain.runKeyword(KeywordMain.groovy:75)
	at com.kms.katalon.core.keyword.builtin.VerifyEqualKeyword.verifyEqual(VerifyEqualKeyword.groovy:63)
	at com.kms.katalon.core.keyword.builtin.VerifyEqualKeyword.execute(VerifyEqualKeyword.groovy:44)
	at com.kms.katalon.core.keyword.internal.KeywordExecutor.executeKeywordForPlatform(KeywordExecutor.groovy:74)
	at com.kms.katalon.core.keyword.BuiltinKeywords.verifyEqual(BuiltinKeywords.groovy:146)
	at java.base/jdk.internal.reflect.NativeMethodAccessorImpl.invoke0(Native Method)
	at java.base/jdk.internal.reflect.NativeMethodAccessorImpl.invoke(NativeMethodAccessorImpl.java:77)
	at java.base/jdk.internal.reflect.DelegatingMethodAccessorImpl.invoke(DelegatingMethodAccessorImpl.java:43)
	at Выполнение бизнес-плана сверка дашбордов.CompareDZOData(Выполнение бизнес-плана сверка дашбордов:682)
	at Выполнение бизнес-плана сверка дашбордов.run(Выполнение бизнес-плана сверка дашбордов:583)
	at com.kms.katalon.core.main.ScriptEngine.run(ScriptEngine.java:194)
	at com.kms.katalon.core.main.ScriptEngine.runScriptAsRawText(ScriptEngine.java:119)
	at com.kms.katalon.core.main.TestCaseExecutor.runScript(TestCaseExecutor.java:448)
	at com.kms.katalon.core.main.TestCaseExecutor.doExecute(TestCaseExecutor.java:439)
	at com.kms.katalon.core.main.TestCaseExecutor.processExecutionPhase(TestCaseExecutor.java:418)
	at com.kms.katalon.core.main.TestCaseExecutor.accessMainPhase(TestCaseExecutor.java:410)
	at com.kms.katalon.core.main.TestCaseExecutor.execute(TestCaseExecutor.java:285)
	at com.kms.katalon.core.common.CommonExecutor.accessTestCaseMainPhase(CommonExecutor.java:65)
	at com.kms.katalon.core.main.TestSuiteExecutor.accessTestSuiteMainPhase(TestSuiteExecutor.java:150)
	at com.kms.katalon.core.main.TestSuiteExecutor.execute(TestSuiteExecutor.java:106)
	at com.kms.katalon.core.main.TestCaseMain.startTestSuite(TestCaseMain.java:180)
	at TempTestSuite1733095732962.run(TempTestSuite1733095732962.groovy:35)
	at java.base/jdk.internal.reflect.NativeMethodAccessorImpl.invoke0(Native Method)
	at java.base/jdk.internal.reflect.NativeMethodAccessorImpl.invoke(NativeMethodAccessorImpl.java:77)
	at java.base/jdk.internal.reflect.DelegatingMethodAccessorImpl.invoke(DelegatingMethodAccessorImpl.java:43)
)

02-12-2024T02:38:07 - [TEST_STEP][PASSED] - result = WriteToExcel(typeOfData, todaysDate, PercPlanR, PercPlanB, PercFactR, PercFactB, x, tabR, tabB, o1R, o1B, vidget): null

02-12-2024T02:38:07 - [TEST_STEP][PASSED] - iii = dZO.indexOf("/"): null

02-12-2024T02:38:07 - [TEST_STEP][PASSED] - println(iii): null

02-12-2024T02:38:07 - [TEST_STEP][PASSED] - dZO = dZO.substring(0, iii): null

02-12-2024T02:38:07 - [TEST_STEP][PASSED] - println(dZO): null

02-12-2024T02:38:07 - [TEST_STEP][PASSED] - println(PercPlanR): null

02-12-2024T02:38:07 - [TEST_STEP][PASSED] - println(PercPlanB): null

02-12-2024T02:38:07 - [TEST_STEP][PASSED] - println(PercFactR): null

02-12-2024T02:38:07 - [TEST_STEP][PASSED] - println(PercFactB): null

02-12-2024T02:38:07 - [TEST_STEP][PASSED] - println(tabR): null

02-12-2024T02:38:07 - [TEST_STEP][PASSED] - println(tabB): null

02-12-2024T02:38:07 - [TEST_STEP][PASSED] - println(o1R): null

02-12-2024T02:38:07 - [TEST_STEP][PASSED] - println(o1B): null

02-12-2024T02:38:07 - [TEST_STEP][PASSED] - PR = <not implemented yet for class: org.codehaus.groovy.ast.expr.EmptyExpression>: null

02-12-2024T02:38:07 - [TEST_STEP][PASSED] - FR = <not implemented yet for class: org.codehaus.groovy.ast.expr.EmptyExpression>: null

02-12-2024T02:38:07 - [TEST_STEP][PASSED] - PB = <not implemented yet for class: org.codehaus.groovy.ast.expr.EmptyExpression>: null

02-12-2024T02:38:07 - [TEST_STEP][PASSED] - FB = <not implemented yet for class: org.codehaus.groovy.ast.expr.EmptyExpression>: null

02-12-2024T02:38:07 - [TEST_STEP][PASSED] - TR = <not implemented yet for class: org.codehaus.groovy.ast.expr.EmptyExpression>: null

02-12-2024T02:38:07 - [TEST_STEP][PASSED] - TB = <not implemented yet for class: org.codehaus.groovy.ast.expr.EmptyExpression>: null

02-12-2024T02:38:07 - [TEST_STEP][PASSED] - sheetName = "Sheet1": null

02-12-2024T02:38:07 - [TEST_STEP][PASSED] - data = findTestData("PlanFact"): null

02-12-2024T02:38:07 - [TEST_STEP][PASSED] - n = data.getRowNumbers() + 1: null

02-12-2024T02:38:07 - [TEST_STEP][PASSED] - year = todaysDate.substring(todaysDate.length() - 4, todaysDate.length()): null

02-12-2024T02:38:07 - [TEST_STEP][PASSED] - y = year.toInteger(): null

02-12-2024T02:38:07 - [TEST_STEP][PASSED] - m = getText(findTestObject("Выполнение бизнес-плана/Выполнение бизнес-плана Балансы/Фильтр Дата")): Text of object 'Object Repository/Выполнение бизнес-плана/Выполнение бизнес-плана Балансы/Фильтр Дата' is: '1, 2, 3 кв., Октябрь 2024 года'

02-12-2024T02:38:07 - [MESSAGE][PASSED] - Text of object 'Object Repository/Выполнение бизнес-плана/Выполнение бизнес-плана Балансы/Фильтр Дата' is: '1, 2, 3 кв., Октябрь 2024 года'

02-12-2024T02:38:07 - [TEST_STEP][PASSED] - m = m.substring(0, m.indexOf("2024")): null

02-12-2024T02:38:07 - [TEST_STEP][PASSED] - m = m.trim(): null

02-12-2024T02:38:07 - [TEST_STEP][PASSED] - dashboardName = "Выполнение бизнес-плана": null

02-12-2024T02:38:07 - [TEST_STEP][PASSED] - workbook01 = getWorkbook(excelFilePath): null

02-12-2024T02:38:07 - [TEST_STEP][PASSED] - sheet01 = getExcelSheet(workbook01, sheetName): null

02-12-2024T02:38:07 - [TEST_STEP][PASSED] - setValueToCellByIndex(sheet01, n, 0, dashboardName): null

02-12-2024T02:38:07 - [TEST_STEP][PASSED] - setValueToCellByIndex(sheet01, n, 1, dZO): null

02-12-2024T02:38:07 - [TEST_STEP][PASSED] - setValueToCellByIndex(sheet01, n, 2, typeOfData): null

02-12-2024T02:38:07 - [TEST_STEP][PASSED] - setValueToCellByIndex(sheet01, n, 3, typeOfData): null

02-12-2024T02:38:07 - [TEST_STEP][PASSED] - if (typeOfData == "План"): null

02-12-2024T02:38:07 - [TEST_STEP][PASSED] - if (PercPlanR == null): null

02-12-2024T02:38:07 - [TEST_STEP][PASSED] - else: null

02-12-2024T02:38:07 - [TEST_STEP][PASSED] - if (PercPlanR == "нет данных"): null

02-12-2024T02:38:07 - [TEST_STEP][PASSED] - setValueToCellByIndex(sheet01, n, 4, "нет данных"): null

02-12-2024T02:38:07 - [TEST_STEP][PASSED] - if (PercPlanB == null): null

02-12-2024T02:38:07 - [TEST_STEP][PASSED] - else: null

02-12-2024T02:38:07 - [TEST_STEP][PASSED] - if (PercPlanB == "нет данных"): null

02-12-2024T02:38:07 - [TEST_STEP][PASSED] - else: null

02-12-2024T02:38:07 - [TEST_STEP][PASSED] - PB = PercPlanB.toDouble(): null

02-12-2024T02:38:07 - [TEST_STEP][PASSED] - setValueToCellByIndex(sheet01, n, 5, PB): null

02-12-2024T02:38:07 - [TEST_STEP][PASSED] - setValueToCellByIndex(sheet01, n, 6, m): null

02-12-2024T02:38:07 - [TEST_STEP][PASSED] - setValueToCellByIndex(sheet01, n, 7, y): null

02-12-2024T02:38:07 - [TEST_STEP][PASSED] - setValueToCellByIndex(sheet01, n, 8, todaysDate): null

02-12-2024T02:38:07 - [TEST_STEP][PASSED] - n = n + 1: null

02-12-2024T02:38:07 - [TEST_STEP][PASSED] - saveWorkbook(excelFilePath, workbook01): null

02-12-2024T02:38:07 - [TEST_STEP][PASSED] - typeOfData = "Факт": null

02-12-2024T02:38:07 - [TEST_STEP][PASSED] - PercFactR = GetPercFactR(x = a): null

02-12-2024T02:38:07 - [TEST_STEP][PASSED] - i1 = <not implemented yet for class: org.codehaus.groovy.ast.expr.EmptyExpression>: null

02-12-2024T02:38:07 - [TEST_STEP][PASSED] - ii = <not implemented yet for class: org.codehaus.groovy.ast.expr.EmptyExpression>: null

02-12-2024T02:38:07 - [TEST_STEP][PASSED] - for ([ii = 1, ii < 3, (ii++)]): null

02-12-2024T02:38:07 - [TEST_STEP][PASSED] - i1 = x.indexOf("/") + 1: null

02-12-2024T02:38:07 - [TEST_STEP][PASSED] - if (i1 > -1): null

02-12-2024T02:38:07 - [TEST_STEP][PASSED] - x = x.substring(i1, x.length()): null

02-12-2024T02:38:07 - [TEST_STEP][PASSED] - println(x): null

02-12-2024T02:38:07 - [TEST_STEP][PASSED] - i1 = x.indexOf("/") + 1: null

02-12-2024T02:38:07 - [TEST_STEP][PASSED] - if (i1 > -1): null

02-12-2024T02:38:07 - [TEST_STEP][PASSED] - x = x.substring(i1, x.length()): null

02-12-2024T02:38:07 - [TEST_STEP][PASSED] - println(x): null

02-12-2024T02:38:07 - [TEST_STEP][PASSED] - i1 = x.indexOf("/"): null

02-12-2024T02:38:07 - [TEST_STEP][PASSED] - if (i1 > -1): null

02-12-2024T02:38:07 - [TEST_STEP][PASSED] - x = x.substring(0, i1): null

02-12-2024T02:38:07 - [TEST_STEP][PASSED] - println(x): null

02-12-2024T02:38:07 - [TEST_STEP][PASSED] - return x: null

02-12-2024T02:38:07 - [TEST_STEP][PASSED] - PercFactB = GetPercFactB(x = b): null

02-12-2024T02:38:07 - [TEST_STEP][PASSED] - i1 = <not implemented yet for class: org.codehaus.groovy.ast.expr.EmptyExpression>: null

02-12-2024T02:38:07 - [TEST_STEP][PASSED] - ii = <not implemented yet for class: org.codehaus.groovy.ast.expr.EmptyExpression>: null

02-12-2024T02:38:07 - [TEST_STEP][PASSED] - for ([ii = 1, ii < 3, (ii++)]): null

02-12-2024T02:38:07 - [TEST_STEP][PASSED] - i1 = x.indexOf("/") + 1: null

02-12-2024T02:38:07 - [TEST_STEP][PASSED] - if (i1 > -1): null

02-12-2024T02:38:07 - [TEST_STEP][PASSED] - x = x.substring(i1, x.length()): null

02-12-2024T02:38:07 - [TEST_STEP][PASSED] - println(x): null

02-12-2024T02:38:07 - [TEST_STEP][PASSED] - i1 = x.indexOf("/") + 1: null

02-12-2024T02:38:07 - [TEST_STEP][PASSED] - if (i1 > -1): null

02-12-2024T02:38:07 - [TEST_STEP][PASSED] - x = x.substring(i1, x.length()): null

02-12-2024T02:38:07 - [TEST_STEP][PASSED] - println(x): null

02-12-2024T02:38:07 - [TEST_STEP][PASSED] - i1 = x.indexOf("/"): null

02-12-2024T02:38:07 - [TEST_STEP][PASSED] - if (i1 > -1): null

02-12-2024T02:38:07 - [TEST_STEP][PASSED] - x = x.substring(0, i1): null

02-12-2024T02:38:07 - [TEST_STEP][PASSED] - println(x): null

02-12-2024T02:38:07 - [TEST_STEP][FAILED] - return x: null

02-12-2024T02:38:07 - [TEST_STEP][FAILED] - if (verifyEqual(PercFactR, PercFactB) == false): null

02-12-2024T02:38:07 - [MESSAGE][FAILED] - Unable to verify equal between actual object 'нет данных' and expected object '3.65' (Root cause: com.kms.katalon.core.exception.StepFailedException: Actual object 'нет данных' and expected object '3.65' are not equal
	at com.kms.katalon.core.keyword.builtin.VerifyEqualKeyword$_verifyEqual_closure1.doCall(VerifyEqualKeyword.groovy:58)
	at com.kms.katalon.core.keyword.builtin.VerifyEqualKeyword$_verifyEqual_closure1.call(VerifyEqualKeyword.groovy)
	at com.kms.katalon.core.keyword.internal.KeywordMain.runKeyword(KeywordMain.groovy:75)
	at com.kms.katalon.core.keyword.builtin.VerifyEqualKeyword.verifyEqual(VerifyEqualKeyword.groovy:63)
	at com.kms.katalon.core.keyword.builtin.VerifyEqualKeyword.execute(VerifyEqualKeyword.groovy:44)
	at com.kms.katalon.core.keyword.internal.KeywordExecutor.executeKeywordForPlatform(KeywordExecutor.groovy:74)
	at com.kms.katalon.core.keyword.BuiltinKeywords.verifyEqual(BuiltinKeywords.groovy:146)
	at java.base/jdk.internal.reflect.NativeMethodAccessorImpl.invoke0(Native Method)
	at java.base/jdk.internal.reflect.NativeMethodAccessorImpl.invoke(NativeMethodAccessorImpl.java:77)
	at java.base/jdk.internal.reflect.DelegatingMethodAccessorImpl.invoke(DelegatingMethodAccessorImpl.java:43)
	at Выполнение бизнес-плана сверка дашбордов.CompareDZOData(Выполнение бизнес-плана сверка дашбордов:693)
	at Выполнение бизнес-плана сверка дашбордов.run(Выполнение бизнес-плана сверка дашбордов:583)
	at com.kms.katalon.core.main.ScriptEngine.run(ScriptEngine.java:194)
	at com.kms.katalon.core.main.ScriptEngine.runScriptAsRawText(ScriptEngine.java:119)
	at com.kms.katalon.core.main.TestCaseExecutor.runScript(TestCaseExecutor.java:448)
	at com.kms.katalon.core.main.TestCaseExecutor.doExecute(TestCaseExecutor.java:439)
	at com.kms.katalon.core.main.TestCaseExecutor.processExecutionPhase(TestCaseExecutor.java:418)
	at com.kms.katalon.core.main.TestCaseExecutor.accessMainPhase(TestCaseExecutor.java:410)
	at com.kms.katalon.core.main.TestCaseExecutor.execute(TestCaseExecutor.java:285)
	at com.kms.katalon.core.common.CommonExecutor.accessTestCaseMainPhase(CommonExecutor.java:65)
	at com.kms.katalon.core.main.TestSuiteExecutor.accessTestSuiteMainPhase(TestSuiteExecutor.java:150)
	at com.kms.katalon.core.main.TestSuiteExecutor.execute(TestSuiteExecutor.java:106)
	at com.kms.katalon.core.main.TestCaseMain.startTestSuite(TestCaseMain.java:180)
	at TempTestSuite1733095732962.run(TempTestSuite1733095732962.groovy:35)
	at java.base/jdk.internal.reflect.NativeMethodAccessorImpl.invoke0(Native Method)
	at java.base/jdk.internal.reflect.NativeMethodAccessorImpl.invoke(NativeMethodAccessorImpl.java:77)
	at java.base/jdk.internal.reflect.DelegatingMethodAccessorImpl.invoke(DelegatingMethodAccessorImpl.java:43)
)

02-12-2024T02:38:07 - [TEST_STEP][PASSED] - result = WriteToExcel(typeOfData, todaysDate, PercPlanR, PercPlanB, PercFactR, PercFactB, x, tabR, tabB, o1R, o1B, vidget): null

02-12-2024T02:38:07 - [TEST_STEP][PASSED] - iii = dZO.indexOf("/"): null

02-12-2024T02:38:07 - [TEST_STEP][PASSED] - println(iii): null

02-12-2024T02:38:07 - [TEST_STEP][PASSED] - dZO = dZO.substring(0, iii): null

02-12-2024T02:38:07 - [TEST_STEP][PASSED] - println(dZO): null

02-12-2024T02:38:07 - [TEST_STEP][PASSED] - println(PercPlanR): null

02-12-2024T02:38:07 - [TEST_STEP][PASSED] - println(PercPlanB): null

02-12-2024T02:38:07 - [TEST_STEP][PASSED] - println(PercFactR): null

02-12-2024T02:38:07 - [TEST_STEP][PASSED] - println(PercFactB): null

02-12-2024T02:38:07 - [TEST_STEP][PASSED] - println(tabR): null

02-12-2024T02:38:07 - [TEST_STEP][PASSED] - println(tabB): null

02-12-2024T02:38:07 - [TEST_STEP][PASSED] - println(o1R): null

02-12-2024T02:38:07 - [TEST_STEP][PASSED] - println(o1B): null

02-12-2024T02:38:07 - [TEST_STEP][PASSED] - PR = <not implemented yet for class: org.codehaus.groovy.ast.expr.EmptyExpression>: null

02-12-2024T02:38:07 - [TEST_STEP][PASSED] - FR = <not implemented yet for class: org.codehaus.groovy.ast.expr.EmptyExpression>: null

02-12-2024T02:38:07 - [TEST_STEP][PASSED] - PB = <not implemented yet for class: org.codehaus.groovy.ast.expr.EmptyExpression>: null

02-12-2024T02:38:07 - [TEST_STEP][PASSED] - FB = <not implemented yet for class: org.codehaus.groovy.ast.expr.EmptyExpression>: null

02-12-2024T02:38:07 - [TEST_STEP][PASSED] - TR = <not implemented yet for class: org.codehaus.groovy.ast.expr.EmptyExpression>: null

02-12-2024T02:38:07 - [TEST_STEP][PASSED] - TB = <not implemented yet for class: org.codehaus.groovy.ast.expr.EmptyExpression>: null

02-12-2024T02:38:07 - [TEST_STEP][PASSED] - sheetName = "Sheet1": null

02-12-2024T02:38:07 - [TEST_STEP][PASSED] - data = findTestData("PlanFact"): null

02-12-2024T02:38:07 - [TEST_STEP][PASSED] - n = data.getRowNumbers() + 1: null

02-12-2024T02:38:07 - [TEST_STEP][PASSED] - year = todaysDate.substring(todaysDate.length() - 4, todaysDate.length()): null

02-12-2024T02:38:07 - [TEST_STEP][PASSED] - y = year.toInteger(): null

02-12-2024T02:38:07 - [TEST_STEP][PASSED] - m = getText(findTestObject("Выполнение бизнес-плана/Выполнение бизнес-плана Балансы/Фильтр Дата")): Text of object 'Object Repository/Выполнение бизнес-плана/Выполнение бизнес-плана Балансы/Фильтр Дата' is: '1, 2, 3 кв., Октябрь 2024 года'

02-12-2024T02:38:08 - [MESSAGE][PASSED] - Text of object 'Object Repository/Выполнение бизнес-плана/Выполнение бизнес-плана Балансы/Фильтр Дата' is: '1, 2, 3 кв., Октябрь 2024 года'

02-12-2024T02:38:08 - [TEST_STEP][PASSED] - m = m.substring(0, m.indexOf("2024")): null

02-12-2024T02:38:08 - [TEST_STEP][PASSED] - m = m.trim(): null

02-12-2024T02:38:08 - [TEST_STEP][PASSED] - dashboardName = "Выполнение бизнес-плана": null

02-12-2024T02:38:08 - [TEST_STEP][PASSED] - workbook01 = getWorkbook(excelFilePath): null

02-12-2024T02:38:08 - [TEST_STEP][PASSED] - sheet01 = getExcelSheet(workbook01, sheetName): null

02-12-2024T02:38:08 - [TEST_STEP][PASSED] - setValueToCellByIndex(sheet01, n, 0, dashboardName): null

02-12-2024T02:38:08 - [TEST_STEP][PASSED] - setValueToCellByIndex(sheet01, n, 1, dZO): null

02-12-2024T02:38:08 - [TEST_STEP][PASSED] - setValueToCellByIndex(sheet01, n, 2, typeOfData): null

02-12-2024T02:38:08 - [TEST_STEP][PASSED] - setValueToCellByIndex(sheet01, n, 3, typeOfData): null

02-12-2024T02:38:08 - [TEST_STEP][PASSED] - if (typeOfData == "План"): null

02-12-2024T02:38:08 - [TEST_STEP][PASSED] - else if (typeOfData == "Факт"): null

02-12-2024T02:38:08 - [TEST_STEP][PASSED] - if (PercFactR == null): null

02-12-2024T02:38:08 - [TEST_STEP][PASSED] - else: null

02-12-2024T02:38:08 - [TEST_STEP][PASSED] - if (PercFactR == "нет данных"): null

02-12-2024T02:38:08 - [TEST_STEP][PASSED] - setValueToCellByIndex(sheet01, n, 4, "нет данных"): null

02-12-2024T02:38:08 - [TEST_STEP][PASSED] - if (PercFactB == null): null

02-12-2024T02:38:08 - [TEST_STEP][PASSED] - else: null

02-12-2024T02:38:08 - [TEST_STEP][PASSED] - if (PercFactB == "нет данных"): null

02-12-2024T02:38:08 - [TEST_STEP][PASSED] - else: null

02-12-2024T02:38:08 - [TEST_STEP][PASSED] - FB = PercFactB.toDouble(): null

02-12-2024T02:38:08 - [TEST_STEP][PASSED] - setValueToCellByIndex(sheet01, n, 5, FB): null

02-12-2024T02:38:08 - [TEST_STEP][PASSED] - setValueToCellByIndex(sheet01, n, 6, m): null

02-12-2024T02:38:08 - [TEST_STEP][PASSED] - setValueToCellByIndex(sheet01, n, 7, y): null

02-12-2024T02:38:08 - [TEST_STEP][PASSED] - setValueToCellByIndex(sheet01, n, 8, todaysDate): null

02-12-2024T02:38:08 - [TEST_STEP][PASSED] - n = n + 1: null

02-12-2024T02:38:08 - [TEST_STEP][PASSED] - saveWorkbook(excelFilePath, workbook01): null

02-12-2024T02:38:08 - [TEST_STEP][PASSED] - vidget = "Показатели баланса электроэнергии по ДЗО – Факт": null

02-12-2024T02:38:08 - [TEST_STEP][PASSED] - typeOfData = "Факт Отпуск в сеть": null

02-12-2024T02:38:08 - [TEST_STEP][PASSED] - tabR = GetOvSFactR(x = a): null

02-12-2024T02:38:08 - [TEST_STEP][PASSED] - i1 = <not implemented yet for class: org.codehaus.groovy.ast.expr.EmptyExpression>: null

02-12-2024T02:38:08 - [TEST_STEP][PASSED] - ii = <not implemented yet for class: org.codehaus.groovy.ast.expr.EmptyExpression>: null

02-12-2024T02:38:08 - [TEST_STEP][PASSED] - for ([ii = 1, ii < 4, (ii++)]): null

02-12-2024T02:38:08 - [TEST_STEP][PASSED] - i1 = x.indexOf("/") + 1: null

02-12-2024T02:38:08 - [TEST_STEP][PASSED] - if (i1 > -1): null

02-12-2024T02:38:08 - [TEST_STEP][PASSED] - x = x.substring(i1, x.length()): null

02-12-2024T02:38:08 - [TEST_STEP][PASSED] - println(x): null

02-12-2024T02:38:08 - [TEST_STEP][PASSED] - i1 = x.indexOf("/") + 1: null

02-12-2024T02:38:08 - [TEST_STEP][PASSED] - if (i1 > -1): null

02-12-2024T02:38:08 - [TEST_STEP][PASSED] - x = x.substring(i1, x.length()): null

02-12-2024T02:38:08 - [TEST_STEP][PASSED] - println(x): null

02-12-2024T02:38:08 - [TEST_STEP][PASSED] - i1 = x.indexOf("/") + 1: null

02-12-2024T02:38:08 - [TEST_STEP][PASSED] - if (i1 > -1): null

02-12-2024T02:38:08 - [TEST_STEP][PASSED] - x = x.substring(i1, x.length()): null

02-12-2024T02:38:08 - [TEST_STEP][PASSED] - println(x): null

02-12-2024T02:38:08 - [TEST_STEP][PASSED] - i1 = x.indexOf("/"): null

02-12-2024T02:38:08 - [TEST_STEP][PASSED] - if (i1 > -1): null

02-12-2024T02:38:08 - [TEST_STEP][PASSED] - x = x.substring(0, i1): null

02-12-2024T02:38:08 - [TEST_STEP][PASSED] - println(x): null

02-12-2024T02:38:08 - [TEST_STEP][PASSED] - return x: null

02-12-2024T02:38:08 - [TEST_STEP][PASSED] - tabB = GetOvSFactB(x = b): null

02-12-2024T02:38:08 - [TEST_STEP][PASSED] - i1 = <not implemented yet for class: org.codehaus.groovy.ast.expr.EmptyExpression>: null

02-12-2024T02:38:08 - [TEST_STEP][PASSED] - ii = <not implemented yet for class: org.codehaus.groovy.ast.expr.EmptyExpression>: null

02-12-2024T02:38:08 - [TEST_STEP][PASSED] - for ([ii = 1, ii < 4, (ii++)]): null

02-12-2024T02:38:08 - [TEST_STEP][PASSED] - i1 = x.indexOf("/") + 1: null

02-12-2024T02:38:08 - [TEST_STEP][PASSED] - if (i1 > -1): null

02-12-2024T02:38:08 - [TEST_STEP][PASSED] - x = x.substring(i1, x.length()): null

02-12-2024T02:38:08 - [TEST_STEP][PASSED] - println(x): null

02-12-2024T02:38:08 - [TEST_STEP][PASSED] - i1 = x.indexOf("/") + 1: null

02-12-2024T02:38:08 - [TEST_STEP][PASSED] - if (i1 > -1): null

02-12-2024T02:38:08 - [TEST_STEP][PASSED] - x = x.substring(i1, x.length()): null

02-12-2024T02:38:08 - [TEST_STEP][PASSED] - println(x): null

02-12-2024T02:38:08 - [TEST_STEP][PASSED] - i1 = x.indexOf("/") + 1: null

02-12-2024T02:38:08 - [TEST_STEP][PASSED] - if (i1 > -1): null

02-12-2024T02:38:08 - [TEST_STEP][PASSED] - x = x.substring(i1, x.length()): null

02-12-2024T02:38:08 - [TEST_STEP][PASSED] - println(x): null

02-12-2024T02:38:08 - [TEST_STEP][PASSED] - i1 = x.indexOf("/"): null

02-12-2024T02:38:08 - [TEST_STEP][PASSED] - if (i1 > -1): null

02-12-2024T02:38:08 - [TEST_STEP][PASSED] - x = x.substring(0, i1): null

02-12-2024T02:38:08 - [TEST_STEP][PASSED] - println(x): null

02-12-2024T02:38:08 - [TEST_STEP][FAILED] - return x: null

02-12-2024T02:38:08 - [TEST_STEP][FAILED] - if (verifyEqual(tabR, tabB) == false): null

02-12-2024T02:38:08 - [MESSAGE][FAILED] - Unable to verify equal between actual object 'нет данных' and expected object '515451879' (Root cause: com.kms.katalon.core.exception.StepFailedException: Actual object 'нет данных' and expected object '515451879' are not equal
	at com.kms.katalon.core.keyword.builtin.VerifyEqualKeyword$_verifyEqual_closure1.doCall(VerifyEqualKeyword.groovy:58)
	at com.kms.katalon.core.keyword.builtin.VerifyEqualKeyword$_verifyEqual_closure1.call(VerifyEqualKeyword.groovy)
	at com.kms.katalon.core.keyword.internal.KeywordMain.runKeyword(KeywordMain.groovy:75)
	at com.kms.katalon.core.keyword.builtin.VerifyEqualKeyword.verifyEqual(VerifyEqualKeyword.groovy:63)
	at com.kms.katalon.core.keyword.builtin.VerifyEqualKeyword.execute(VerifyEqualKeyword.groovy:44)
	at com.kms.katalon.core.keyword.internal.KeywordExecutor.executeKeywordForPlatform(KeywordExecutor.groovy:74)
	at com.kms.katalon.core.keyword.BuiltinKeywords.verifyEqual(BuiltinKeywords.groovy:146)
	at java.base/jdk.internal.reflect.NativeMethodAccessorImpl.invoke0(Native Method)
	at java.base/jdk.internal.reflect.NativeMethodAccessorImpl.invoke(NativeMethodAccessorImpl.java:77)
	at java.base/jdk.internal.reflect.DelegatingMethodAccessorImpl.invoke(DelegatingMethodAccessorImpl.java:43)
	at Выполнение бизнес-плана сверка дашбордов.CompareDZOData(Выполнение бизнес-плана сверка дашбордов:706)
	at Выполнение бизнес-плана сверка дашбордов.run(Выполнение бизнес-плана сверка дашбордов:583)
	at com.kms.katalon.core.main.ScriptEngine.run(ScriptEngine.java:194)
	at com.kms.katalon.core.main.ScriptEngine.runScriptAsRawText(ScriptEngine.java:119)
	at com.kms.katalon.core.main.TestCaseExecutor.runScript(TestCaseExecutor.java:448)
	at com.kms.katalon.core.main.TestCaseExecutor.doExecute(TestCaseExecutor.java:439)
	at com.kms.katalon.core.main.TestCaseExecutor.processExecutionPhase(TestCaseExecutor.java:418)
	at com.kms.katalon.core.main.TestCaseExecutor.accessMainPhase(TestCaseExecutor.java:410)
	at com.kms.katalon.core.main.TestCaseExecutor.execute(TestCaseExecutor.java:285)
	at com.kms.katalon.core.common.CommonExecutor.accessTestCaseMainPhase(CommonExecutor.java:65)
	at com.kms.katalon.core.main.TestSuiteExecutor.accessTestSuiteMainPhase(TestSuiteExecutor.java:150)
	at com.kms.katalon.core.main.TestSuiteExecutor.execute(TestSuiteExecutor.java:106)
	at com.kms.katalon.core.main.TestCaseMain.startTestSuite(TestCaseMain.java:180)
	at TempTestSuite1733095732962.run(TempTestSuite1733095732962.groovy:35)
	at java.base/jdk.internal.reflect.NativeMethodAccessorImpl.invoke0(Native Method)
	at java.base/jdk.internal.reflect.NativeMethodAccessorImpl.invoke(NativeMethodAccessorImpl.java:77)
	at java.base/jdk.internal.reflect.DelegatingMethodAccessorImpl.invoke(DelegatingMethodAccessorImpl.java:43)
)

02-12-2024T02:38:08 - [TEST_STEP][PASSED] - result = WriteToExcel(typeOfData, todaysDate, PercPlanR, PercPlanB, PercFactR, PercFactB, x, tabR, tabB, o1R, o1B, vidget): null

02-12-2024T02:38:08 - [TEST_STEP][PASSED] - iii = dZO.indexOf("/"): null

02-12-2024T02:38:08 - [TEST_STEP][PASSED] - println(iii): null

02-12-2024T02:38:08 - [TEST_STEP][PASSED] - dZO = dZO.substring(0, iii): null

02-12-2024T02:38:08 - [TEST_STEP][PASSED] - println(dZO): null

02-12-2024T02:38:08 - [TEST_STEP][PASSED] - println(PercPlanR): null

02-12-2024T02:38:08 - [TEST_STEP][PASSED] - println(PercPlanB): null

02-12-2024T02:38:08 - [TEST_STEP][PASSED] - println(PercFactR): null

02-12-2024T02:38:08 - [TEST_STEP][PASSED] - println(PercFactB): null

02-12-2024T02:38:08 - [TEST_STEP][PASSED] - println(tabR): null

02-12-2024T02:38:08 - [TEST_STEP][PASSED] - println(tabB): null

02-12-2024T02:38:08 - [TEST_STEP][PASSED] - println(o1R): null

02-12-2024T02:38:08 - [TEST_STEP][PASSED] - println(o1B): null

02-12-2024T02:38:08 - [TEST_STEP][PASSED] - PR = <not implemented yet for class: org.codehaus.groovy.ast.expr.EmptyExpression>: null

02-12-2024T02:38:08 - [TEST_STEP][PASSED] - FR = <not implemented yet for class: org.codehaus.groovy.ast.expr.EmptyExpression>: null

02-12-2024T02:38:08 - [TEST_STEP][PASSED] - PB = <not implemented yet for class: org.codehaus.groovy.ast.expr.EmptyExpression>: null

02-12-2024T02:38:08 - [TEST_STEP][PASSED] - FB = <not implemented yet for class: org.codehaus.groovy.ast.expr.EmptyExpression>: null

02-12-2024T02:38:08 - [TEST_STEP][PASSED] - TR = <not implemented yet for class: org.codehaus.groovy.ast.expr.EmptyExpression>: null

02-12-2024T02:38:08 - [TEST_STEP][PASSED] - TB = <not implemented yet for class: org.codehaus.groovy.ast.expr.EmptyExpression>: null

02-12-2024T02:38:08 - [TEST_STEP][PASSED] - sheetName = "Sheet1": null

02-12-2024T02:38:08 - [TEST_STEP][PASSED] - data = findTestData("PlanFact"): null

02-12-2024T02:38:08 - [TEST_STEP][PASSED] - n = data.getRowNumbers() + 1: null

02-12-2024T02:38:08 - [TEST_STEP][PASSED] - year = todaysDate.substring(todaysDate.length() - 4, todaysDate.length()): null

02-12-2024T02:38:08 - [TEST_STEP][PASSED] - y = year.toInteger(): null

02-12-2024T02:38:08 - [TEST_STEP][PASSED] - m = getText(findTestObject("Выполнение бизнес-плана/Выполнение бизнес-плана Балансы/Фильтр Дата")): Text of object 'Object Repository/Выполнение бизнес-плана/Выполнение бизнес-плана Балансы/Фильтр Дата' is: '1, 2, 3 кв., Октябрь 2024 года'

02-12-2024T02:38:08 - [MESSAGE][PASSED] - Text of object 'Object Repository/Выполнение бизнес-плана/Выполнение бизнес-плана Балансы/Фильтр Дата' is: '1, 2, 3 кв., Октябрь 2024 года'

02-12-2024T02:38:08 - [TEST_STEP][PASSED] - m = m.substring(0, m.indexOf("2024")): null

02-12-2024T02:38:08 - [TEST_STEP][PASSED] - m = m.trim(): null

02-12-2024T02:38:08 - [TEST_STEP][PASSED] - dashboardName = "Выполнение бизнес-плана": null

02-12-2024T02:38:08 - [TEST_STEP][PASSED] - workbook01 = getWorkbook(excelFilePath): null

02-12-2024T02:38:09 - [TEST_STEP][PASSED] - sheet01 = getExcelSheet(workbook01, sheetName): null

02-12-2024T02:38:09 - [TEST_STEP][PASSED] - setValueToCellByIndex(sheet01, n, 0, dashboardName): null

02-12-2024T02:38:09 - [TEST_STEP][PASSED] - setValueToCellByIndex(sheet01, n, 1, dZO): null

02-12-2024T02:38:09 - [TEST_STEP][PASSED] - setValueToCellByIndex(sheet01, n, 2, typeOfData): null

02-12-2024T02:38:09 - [TEST_STEP][PASSED] - setValueToCellByIndex(sheet01, n, 3, typeOfData): null

02-12-2024T02:38:09 - [TEST_STEP][PASSED] - if (typeOfData == "План"): null

02-12-2024T02:38:09 - [TEST_STEP][PASSED] - else if (typeOfData == "Факт"): null

02-12-2024T02:38:09 - [TEST_STEP][PASSED] - else if (vidget.contains("электроэнергии") == true): null

02-12-2024T02:38:09 - [TEST_STEP][PASSED] - if (tabR == null): null

02-12-2024T02:38:09 - [TEST_STEP][PASSED] - else: null

02-12-2024T02:38:09 - [TEST_STEP][PASSED] - if (tabR == "нет данных"): null

02-12-2024T02:38:09 - [TEST_STEP][PASSED] - setValueToCellByIndex(sheet01, n, 4, "нет данных"): null

02-12-2024T02:38:09 - [TEST_STEP][PASSED] - if (tabB == null): null

02-12-2024T02:38:09 - [TEST_STEP][PASSED] - else: null

02-12-2024T02:38:09 - [TEST_STEP][PASSED] - if (tabB == "нет данных"): null

02-12-2024T02:38:09 - [TEST_STEP][PASSED] - else: null

02-12-2024T02:38:09 - [TEST_STEP][PASSED] - TB = tabB.toInteger(): null

02-12-2024T02:38:09 - [TEST_STEP][PASSED] - setValueToCellByIndex(sheet01, n, 5, TB): null

02-12-2024T02:38:09 - [TEST_STEP][PASSED] - setValueToCellByIndex(sheet01, n, 6, m): null

02-12-2024T02:38:09 - [TEST_STEP][PASSED] - setValueToCellByIndex(sheet01, n, 7, y): null

02-12-2024T02:38:09 - [TEST_STEP][PASSED] - setValueToCellByIndex(sheet01, n, 8, todaysDate): null

02-12-2024T02:38:09 - [TEST_STEP][PASSED] - n = n + 1: null

02-12-2024T02:38:09 - [TEST_STEP][PASSED] - saveWorkbook(excelFilePath, workbook01): null

02-12-2024T02:38:09 - [TEST_STEP][PASSED] - typeOfData = "Факт Отпуск из сети": null

02-12-2024T02:38:09 - [TEST_STEP][PASSED] - tabR = GetOiSFactR(x = a): null

02-12-2024T02:38:09 - [TEST_STEP][PASSED] - i1 = <not implemented yet for class: org.codehaus.groovy.ast.expr.EmptyExpression>: null

02-12-2024T02:38:09 - [TEST_STEP][PASSED] - ii = <not implemented yet for class: org.codehaus.groovy.ast.expr.EmptyExpression>: null

02-12-2024T02:38:09 - [TEST_STEP][PASSED] - for ([ii = 1, ii < 5, (ii++)]): null

02-12-2024T02:38:09 - [TEST_STEP][PASSED] - i1 = x.indexOf("/") + 1: null

02-12-2024T02:38:09 - [TEST_STEP][PASSED] - if (i1 > -1): null

02-12-2024T02:38:09 - [TEST_STEP][PASSED] - x = x.substring(i1, x.length()): null

02-12-2024T02:38:09 - [TEST_STEP][PASSED] - println(x): null

02-12-2024T02:38:09 - [TEST_STEP][PASSED] - i1 = x.indexOf("/") + 1: null

02-12-2024T02:38:09 - [TEST_STEP][PASSED] - if (i1 > -1): null

02-12-2024T02:38:09 - [TEST_STEP][PASSED] - x = x.substring(i1, x.length()): null

02-12-2024T02:38:09 - [TEST_STEP][PASSED] - println(x): null

02-12-2024T02:38:09 - [TEST_STEP][PASSED] - i1 = x.indexOf("/") + 1: null

02-12-2024T02:38:09 - [TEST_STEP][PASSED] - if (i1 > -1): null

02-12-2024T02:38:09 - [TEST_STEP][PASSED] - x = x.substring(i1, x.length()): null

02-12-2024T02:38:09 - [TEST_STEP][PASSED] - println(x): null

02-12-2024T02:38:09 - [TEST_STEP][PASSED] - i1 = x.indexOf("/") + 1: null

02-12-2024T02:38:09 - [TEST_STEP][PASSED] - if (i1 > -1): null

02-12-2024T02:38:09 - [TEST_STEP][PASSED] - x = x.substring(i1, x.length()): null

02-12-2024T02:38:09 - [TEST_STEP][PASSED] - println(x): null

02-12-2024T02:38:09 - [TEST_STEP][PASSED] - i1 = x.indexOf("/"): null

02-12-2024T02:38:09 - [TEST_STEP][PASSED] - if (i1 > -1): null

02-12-2024T02:38:09 - [TEST_STEP][PASSED] - x = x.substring(0, i1): null

02-12-2024T02:38:09 - [TEST_STEP][PASSED] - println(x): null

02-12-2024T02:38:09 - [TEST_STEP][PASSED] - return x: null

02-12-2024T02:38:09 - [TEST_STEP][PASSED] - tabB = GetOiSFactB(x = b): null

02-12-2024T02:38:09 - [TEST_STEP][PASSED] - i1 = <not implemented yet for class: org.codehaus.groovy.ast.expr.EmptyExpression>: null

02-12-2024T02:38:09 - [TEST_STEP][PASSED] - ii = <not implemented yet for class: org.codehaus.groovy.ast.expr.EmptyExpression>: null

02-12-2024T02:38:09 - [TEST_STEP][PASSED] - for ([ii = 1, ii < 5, (ii++)]): null

02-12-2024T02:38:09 - [TEST_STEP][PASSED] - i1 = x.indexOf("/") + 1: null

02-12-2024T02:38:09 - [TEST_STEP][PASSED] - if (i1 > -1): null

02-12-2024T02:38:09 - [TEST_STEP][PASSED] - x = x.substring(i1, x.length()): null

02-12-2024T02:38:09 - [TEST_STEP][PASSED] - println(x): null

02-12-2024T02:38:09 - [TEST_STEP][PASSED] - i1 = x.indexOf("/") + 1: null

02-12-2024T02:38:09 - [TEST_STEP][PASSED] - if (i1 > -1): null

02-12-2024T02:38:09 - [TEST_STEP][PASSED] - x = x.substring(i1, x.length()): null

02-12-2024T02:38:09 - [TEST_STEP][PASSED] - println(x): null

02-12-2024T02:38:09 - [TEST_STEP][PASSED] - i1 = x.indexOf("/") + 1: null

02-12-2024T02:38:09 - [TEST_STEP][PASSED] - if (i1 > -1): null

02-12-2024T02:38:09 - [TEST_STEP][PASSED] - x = x.substring(i1, x.length()): null

02-12-2024T02:38:09 - [TEST_STEP][PASSED] - println(x): null

02-12-2024T02:38:09 - [TEST_STEP][PASSED] - i1 = x.indexOf("/") + 1: null

02-12-2024T02:38:09 - [TEST_STEP][PASSED] - if (i1 > -1): null

02-12-2024T02:38:09 - [TEST_STEP][PASSED] - x = x.substring(i1, x.length()): null

02-12-2024T02:38:09 - [TEST_STEP][PASSED] - println(x): null

02-12-2024T02:38:09 - [TEST_STEP][PASSED] - i1 = x.indexOf("/"): null

02-12-2024T02:38:09 - [TEST_STEP][PASSED] - if (i1 > -1): null

02-12-2024T02:38:09 - [TEST_STEP][PASSED] - x = x.substring(0, i1): null

02-12-2024T02:38:09 - [TEST_STEP][PASSED] - println(x): null

02-12-2024T02:38:09 - [TEST_STEP][FAILED] - return x: null

02-12-2024T02:38:09 - [TEST_STEP][FAILED] - if (verifyEqual(tabR, tabB) == false): null

02-12-2024T02:38:09 - [MESSAGE][FAILED] - Unable to verify equal between actual object 'нет данных' and expected object '497290886' (Root cause: com.kms.katalon.core.exception.StepFailedException: Actual object 'нет данных' and expected object '497290886' are not equal
	at com.kms.katalon.core.keyword.builtin.VerifyEqualKeyword$_verifyEqual_closure1.doCall(VerifyEqualKeyword.groovy:58)
	at com.kms.katalon.core.keyword.builtin.VerifyEqualKeyword$_verifyEqual_closure1.call(VerifyEqualKeyword.groovy)
	at com.kms.katalon.core.keyword.internal.KeywordMain.runKeyword(KeywordMain.groovy:75)
	at com.kms.katalon.core.keyword.builtin.VerifyEqualKeyword.verifyEqual(VerifyEqualKeyword.groovy:63)
	at com.kms.katalon.core.keyword.builtin.VerifyEqualKeyword.execute(VerifyEqualKeyword.groovy:44)
	at com.kms.katalon.core.keyword.internal.KeywordExecutor.executeKeywordForPlatform(KeywordExecutor.groovy:74)
	at com.kms.katalon.core.keyword.BuiltinKeywords.verifyEqual(BuiltinKeywords.groovy:146)
	at java.base/jdk.internal.reflect.NativeMethodAccessorImpl.invoke0(Native Method)
	at java.base/jdk.internal.reflect.NativeMethodAccessorImpl.invoke(NativeMethodAccessorImpl.java:77)
	at java.base/jdk.internal.reflect.DelegatingMethodAccessorImpl.invoke(DelegatingMethodAccessorImpl.java:43)
	at Выполнение бизнес-плана сверка дашбордов.CompareDZOData(Выполнение бизнес-плана сверка дашбордов:717)
	at Выполнение бизнес-плана сверка дашбордов.run(Выполнение бизнес-плана сверка дашбордов:583)
	at com.kms.katalon.core.main.ScriptEngine.run(ScriptEngine.java:194)
	at com.kms.katalon.core.main.ScriptEngine.runScriptAsRawText(ScriptEngine.java:119)
	at com.kms.katalon.core.main.TestCaseExecutor.runScript(TestCaseExecutor.java:448)
	at com.kms.katalon.core.main.TestCaseExecutor.doExecute(TestCaseExecutor.java:439)
	at com.kms.katalon.core.main.TestCaseExecutor.processExecutionPhase(TestCaseExecutor.java:418)
	at com.kms.katalon.core.main.TestCaseExecutor.accessMainPhase(TestCaseExecutor.java:410)
	at com.kms.katalon.core.main.TestCaseExecutor.execute(TestCaseExecutor.java:285)
	at com.kms.katalon.core.common.CommonExecutor.accessTestCaseMainPhase(CommonExecutor.java:65)
	at com.kms.katalon.core.main.TestSuiteExecutor.accessTestSuiteMainPhase(TestSuiteExecutor.java:150)
	at com.kms.katalon.core.main.TestSuiteExecutor.execute(TestSuiteExecutor.java:106)
	at com.kms.katalon.core.main.TestCaseMain.startTestSuite(TestCaseMain.java:180)
	at TempTestSuite1733095732962.run(TempTestSuite1733095732962.groovy:35)
	at java.base/jdk.internal.reflect.NativeMethodAccessorImpl.invoke0(Native Method)
	at java.base/jdk.internal.reflect.NativeMethodAccessorImpl.invoke(NativeMethodAccessorImpl.java:77)
	at java.base/jdk.internal.reflect.DelegatingMethodAccessorImpl.invoke(DelegatingMethodAccessorImpl.java:43)
)

02-12-2024T02:38:09 - [TEST_STEP][PASSED] - result = WriteToExcel(typeOfData, todaysDate, PercPlanR, PercPlanB, PercFactR, PercFactB, x, tabR, tabB, o1R, o1B, vidget): null

02-12-2024T02:38:09 - [TEST_STEP][PASSED] - iii = dZO.indexOf("/"): null

02-12-2024T02:38:09 - [TEST_STEP][PASSED] - println(iii): null

02-12-2024T02:38:09 - [TEST_STEP][PASSED] - dZO = dZO.substring(0, iii): null

02-12-2024T02:38:09 - [TEST_STEP][PASSED] - println(dZO): null

02-12-2024T02:38:09 - [TEST_STEP][PASSED] - println(PercPlanR): null

02-12-2024T02:38:09 - [TEST_STEP][PASSED] - println(PercPlanB): null

02-12-2024T02:38:09 - [TEST_STEP][PASSED] - println(PercFactR): null

02-12-2024T02:38:09 - [TEST_STEP][PASSED] - println(PercFactB): null

02-12-2024T02:38:09 - [TEST_STEP][PASSED] - println(tabR): null

02-12-2024T02:38:09 - [TEST_STEP][PASSED] - println(tabB): null

02-12-2024T02:38:09 - [TEST_STEP][PASSED] - println(o1R): null

02-12-2024T02:38:09 - [TEST_STEP][PASSED] - println(o1B): null

02-12-2024T02:38:09 - [TEST_STEP][PASSED] - PR = <not implemented yet for class: org.codehaus.groovy.ast.expr.EmptyExpression>: null

02-12-2024T02:38:09 - [TEST_STEP][PASSED] - FR = <not implemented yet for class: org.codehaus.groovy.ast.expr.EmptyExpression>: null

02-12-2024T02:38:09 - [TEST_STEP][PASSED] - PB = <not implemented yet for class: org.codehaus.groovy.ast.expr.EmptyExpression>: null

02-12-2024T02:38:09 - [TEST_STEP][PASSED] - FB = <not implemented yet for class: org.codehaus.groovy.ast.expr.EmptyExpression>: null

02-12-2024T02:38:09 - [TEST_STEP][PASSED] - TR = <not implemented yet for class: org.codehaus.groovy.ast.expr.EmptyExpression>: null

02-12-2024T02:38:09 - [TEST_STEP][PASSED] - TB = <not implemented yet for class: org.codehaus.groovy.ast.expr.EmptyExpression>: null

02-12-2024T02:38:09 - [TEST_STEP][PASSED] - sheetName = "Sheet1": null

02-12-2024T02:38:09 - [TEST_STEP][PASSED] - data = findTestData("PlanFact"): null

02-12-2024T02:38:09 - [TEST_STEP][PASSED] - n = data.getRowNumbers() + 1: null

02-12-2024T02:38:09 - [TEST_STEP][PASSED] - year = todaysDate.substring(todaysDate.length() - 4, todaysDate.length()): null

02-12-2024T02:38:09 - [TEST_STEP][PASSED] - y = year.toInteger(): null

02-12-2024T02:38:09 - [TEST_STEP][PASSED] - m = getText(findTestObject("Выполнение бизнес-плана/Выполнение бизнес-плана Балансы/Фильтр Дата")): Text of object 'Object Repository/Выполнение бизнес-плана/Выполнение бизнес-плана Балансы/Фильтр Дата' is: '1, 2, 3 кв., Октябрь 2024 года'

02-12-2024T02:38:09 - [MESSAGE][PASSED] - Text of object 'Object Repository/Выполнение бизнес-плана/Выполнение бизнес-плана Балансы/Фильтр Дата' is: '1, 2, 3 кв., Октябрь 2024 года'

02-12-2024T02:38:09 - [TEST_STEP][PASSED] - m = m.substring(0, m.indexOf("2024")): null

02-12-2024T02:38:09 - [TEST_STEP][PASSED] - m = m.trim(): null

02-12-2024T02:38:09 - [TEST_STEP][PASSED] - dashboardName = "Выполнение бизнес-плана": null

02-12-2024T02:38:09 - [TEST_STEP][PASSED] - workbook01 = getWorkbook(excelFilePath): null

02-12-2024T02:38:09 - [TEST_STEP][PASSED] - sheet01 = getExcelSheet(workbook01, sheetName): null

02-12-2024T02:38:09 - [TEST_STEP][PASSED] - setValueToCellByIndex(sheet01, n, 0, dashboardName): null

02-12-2024T02:38:09 - [TEST_STEP][PASSED] - setValueToCellByIndex(sheet01, n, 1, dZO): null

02-12-2024T02:38:09 - [TEST_STEP][PASSED] - setValueToCellByIndex(sheet01, n, 2, typeOfData): null

02-12-2024T02:38:09 - [TEST_STEP][PASSED] - setValueToCellByIndex(sheet01, n, 3, typeOfData): null

02-12-2024T02:38:09 - [TEST_STEP][PASSED] - if (typeOfData == "План"): null

02-12-2024T02:38:09 - [TEST_STEP][PASSED] - else if (typeOfData == "Факт"): null

02-12-2024T02:38:09 - [TEST_STEP][PASSED] - else if (vidget.contains("электроэнергии") == true): null

02-12-2024T02:38:09 - [TEST_STEP][PASSED] - if (tabR == null): null

02-12-2024T02:38:09 - [TEST_STEP][PASSED] - else: null

02-12-2024T02:38:09 - [TEST_STEP][PASSED] - if (tabR == "нет данных"): null

02-12-2024T02:38:09 - [TEST_STEP][PASSED] - setValueToCellByIndex(sheet01, n, 4, "нет данных"): null

02-12-2024T02:38:09 - [TEST_STEP][PASSED] - if (tabB == null): null

02-12-2024T02:38:09 - [TEST_STEP][PASSED] - else: null

02-12-2024T02:38:09 - [TEST_STEP][PASSED] - if (tabB == "нет данных"): null

02-12-2024T02:38:09 - [TEST_STEP][PASSED] - else: null

02-12-2024T02:38:09 - [TEST_STEP][PASSED] - TB = tabB.toInteger(): null

02-12-2024T02:38:09 - [TEST_STEP][PASSED] - setValueToCellByIndex(sheet01, n, 5, TB): null

02-12-2024T02:38:09 - [TEST_STEP][PASSED] - setValueToCellByIndex(sheet01, n, 6, m): null

02-12-2024T02:38:09 - [TEST_STEP][PASSED] - setValueToCellByIndex(sheet01, n, 7, y): null

02-12-2024T02:38:09 - [TEST_STEP][PASSED] - setValueToCellByIndex(sheet01, n, 8, todaysDate): null

02-12-2024T02:38:09 - [TEST_STEP][PASSED] - n = n + 1: null

02-12-2024T02:38:09 - [TEST_STEP][PASSED] - saveWorkbook(excelFilePath, workbook01): null

02-12-2024T02:38:09 - [TEST_STEP][PASSED] - typeOfData = "Факт Потери": null

02-12-2024T02:38:09 - [TEST_STEP][PASSED] - tabR = GetPFactR(x = a): null

02-12-2024T02:38:09 - [TEST_STEP][PASSED] - i1 = <not implemented yet for class: org.codehaus.groovy.ast.expr.EmptyExpression>: null

02-12-2024T02:38:09 - [TEST_STEP][PASSED] - ii = <not implemented yet for class: org.codehaus.groovy.ast.expr.EmptyExpression>: null

02-12-2024T02:38:09 - [TEST_STEP][PASSED] - for ([ii = 1, ii < 6, (ii++)]): null

02-12-2024T02:38:09 - [TEST_STEP][PASSED] - i1 = x.indexOf("/") + 1: null

02-12-2024T02:38:09 - [TEST_STEP][PASSED] - if (i1 > -1): null

02-12-2024T02:38:09 - [TEST_STEP][PASSED] - x = x.substring(i1, x.length()): null

02-12-2024T02:38:09 - [TEST_STEP][PASSED] - println(x): null

02-12-2024T02:38:09 - [TEST_STEP][PASSED] - i1 = x.indexOf("/") + 1: null

02-12-2024T02:38:09 - [TEST_STEP][PASSED] - if (i1 > -1): null

02-12-2024T02:38:09 - [TEST_STEP][PASSED] - x = x.substring(i1, x.length()): null

02-12-2024T02:38:09 - [TEST_STEP][PASSED] - println(x): null

02-12-2024T02:38:09 - [TEST_STEP][PASSED] - i1 = x.indexOf("/") + 1: null

02-12-2024T02:38:09 - [TEST_STEP][PASSED] - if (i1 > -1): null

02-12-2024T02:38:09 - [TEST_STEP][PASSED] - x = x.substring(i1, x.length()): null

02-12-2024T02:38:09 - [TEST_STEP][PASSED] - println(x): null

02-12-2024T02:38:09 - [TEST_STEP][PASSED] - i1 = x.indexOf("/") + 1: null

02-12-2024T02:38:09 - [TEST_STEP][PASSED] - if (i1 > -1): null

02-12-2024T02:38:09 - [TEST_STEP][PASSED] - x = x.substring(i1, x.length()): null

02-12-2024T02:38:09 - [TEST_STEP][PASSED] - println(x): null

02-12-2024T02:38:09 - [TEST_STEP][PASSED] - i1 = x.indexOf("/") + 1: null

02-12-2024T02:38:09 - [TEST_STEP][PASSED] - if (i1 > -1): null

02-12-2024T02:38:09 - [TEST_STEP][PASSED] - x = x.substring(i1, x.length()): null

02-12-2024T02:38:09 - [TEST_STEP][PASSED] - println(x): null

02-12-2024T02:38:09 - [TEST_STEP][PASSED] - i1 = x.indexOf("/"): null

02-12-2024T02:38:09 - [TEST_STEP][PASSED] - if (i1 > -1): null

02-12-2024T02:38:09 - [TEST_STEP][PASSED] - x = x.substring(0, i1): null

02-12-2024T02:38:09 - [TEST_STEP][PASSED] - println(x): null

02-12-2024T02:38:09 - [TEST_STEP][PASSED] - return x: null

02-12-2024T02:38:09 - [TEST_STEP][PASSED] - tabB = GetPFactB(x = b): null

02-12-2024T02:38:09 - [TEST_STEP][PASSED] - i1 = <not implemented yet for class: org.codehaus.groovy.ast.expr.EmptyExpression>: null

02-12-2024T02:38:09 - [TEST_STEP][PASSED] - ii = <not implemented yet for class: org.codehaus.groovy.ast.expr.EmptyExpression>: null

02-12-2024T02:38:09 - [TEST_STEP][PASSED] - for ([ii = 1, ii < 6, (ii++)]): null

02-12-2024T02:38:09 - [TEST_STEP][PASSED] - i1 = x.indexOf("/") + 1: null

02-12-2024T02:38:09 - [TEST_STEP][PASSED] - if (i1 > -1): null

02-12-2024T02:38:09 - [TEST_STEP][PASSED] - x = x.substring(i1, x.length()): null

02-12-2024T02:38:09 - [TEST_STEP][PASSED] - println(x): null

02-12-2024T02:38:09 - [TEST_STEP][PASSED] - i1 = x.indexOf("/") + 1: null

02-12-2024T02:38:09 - [TEST_STEP][PASSED] - if (i1 > -1): null

02-12-2024T02:38:09 - [TEST_STEP][PASSED] - x = x.substring(i1, x.length()): null

02-12-2024T02:38:09 - [TEST_STEP][PASSED] - println(x): null

02-12-2024T02:38:09 - [TEST_STEP][PASSED] - i1 = x.indexOf("/") + 1: null

02-12-2024T02:38:09 - [TEST_STEP][PASSED] - if (i1 > -1): null

02-12-2024T02:38:09 - [TEST_STEP][PASSED] - x = x.substring(i1, x.length()): null

02-12-2024T02:38:09 - [TEST_STEP][PASSED] - println(x): null

02-12-2024T02:38:09 - [TEST_STEP][PASSED] - i1 = x.indexOf("/") + 1: null

02-12-2024T02:38:09 - [TEST_STEP][PASSED] - if (i1 > -1): null

02-12-2024T02:38:09 - [TEST_STEP][PASSED] - x = x.substring(i1, x.length()): null

02-12-2024T02:38:09 - [TEST_STEP][PASSED] - println(x): null

02-12-2024T02:38:09 - [TEST_STEP][PASSED] - i1 = x.indexOf("/") + 1: null

02-12-2024T02:38:09 - [TEST_STEP][PASSED] - if (i1 > -1): null

02-12-2024T02:38:09 - [TEST_STEP][PASSED] - x = x.substring(i1, x.length()): null

02-12-2024T02:38:09 - [TEST_STEP][PASSED] - println(x): null

02-12-2024T02:38:09 - [TEST_STEP][PASSED] - i1 = x.indexOf("/"): null

02-12-2024T02:38:09 - [TEST_STEP][PASSED] - if (i1 > -1): null

02-12-2024T02:38:09 - [TEST_STEP][PASSED] - x = x.substring(0, i1): null

02-12-2024T02:38:09 - [TEST_STEP][PASSED] - println(x): null

02-12-2024T02:38:09 - [TEST_STEP][FAILED] - return x: null

02-12-2024T02:38:09 - [TEST_STEP][PASSED] - println(tabR + "/" + tabB): null

02-12-2024T02:38:09 - [TEST_STEP][FAILED] - if (verifyEqual(tabR, tabB) == false): null

02-12-2024T02:38:09 - [MESSAGE][FAILED] - Unable to verify equal between actual object 'нет данных' and expected object '18160993' (Root cause: com.kms.katalon.core.exception.StepFailedException: Actual object 'нет данных' and expected object '18160993' are not equal
	at com.kms.katalon.core.keyword.builtin.VerifyEqualKeyword$_verifyEqual_closure1.doCall(VerifyEqualKeyword.groovy:58)
	at com.kms.katalon.core.keyword.builtin.VerifyEqualKeyword$_verifyEqual_closure1.call(VerifyEqualKeyword.groovy)
	at com.kms.katalon.core.keyword.internal.KeywordMain.runKeyword(KeywordMain.groovy:75)
	at com.kms.katalon.core.keyword.builtin.VerifyEqualKeyword.verifyEqual(VerifyEqualKeyword.groovy:63)
	at com.kms.katalon.core.keyword.builtin.VerifyEqualKeyword.execute(VerifyEqualKeyword.groovy:44)
	at com.kms.katalon.core.keyword.internal.KeywordExecutor.executeKeywordForPlatform(KeywordExecutor.groovy:74)
	at com.kms.katalon.core.keyword.BuiltinKeywords.verifyEqual(BuiltinKeywords.groovy:146)
	at jdk.internal.reflect.GeneratedMethodAccessor25.invoke(Unknown Source)
	at java.base/jdk.internal.reflect.DelegatingMethodAccessorImpl.invoke(DelegatingMethodAccessorImpl.java:43)
	at Выполнение бизнес-плана сверка дашбордов.CompareDZOData(Выполнение бизнес-плана сверка дашбордов:730)
	at Выполнение бизнес-плана сверка дашбордов.run(Выполнение бизнес-плана сверка дашбордов:583)
	at com.kms.katalon.core.main.ScriptEngine.run(ScriptEngine.java:194)
	at com.kms.katalon.core.main.ScriptEngine.runScriptAsRawText(ScriptEngine.java:119)
	at com.kms.katalon.core.main.TestCaseExecutor.runScript(TestCaseExecutor.java:448)
	at com.kms.katalon.core.main.TestCaseExecutor.doExecute(TestCaseExecutor.java:439)
	at com.kms.katalon.core.main.TestCaseExecutor.processExecutionPhase(TestCaseExecutor.java:418)
	at com.kms.katalon.core.main.TestCaseExecutor.accessMainPhase(TestCaseExecutor.java:410)
	at com.kms.katalon.core.main.TestCaseExecutor.execute(TestCaseExecutor.java:285)
	at com.kms.katalon.core.common.CommonExecutor.accessTestCaseMainPhase(CommonExecutor.java:65)
	at com.kms.katalon.core.main.TestSuiteExecutor.accessTestSuiteMainPhase(TestSuiteExecutor.java:150)
	at com.kms.katalon.core.main.TestSuiteExecutor.execute(TestSuiteExecutor.java:106)
	at com.kms.katalon.core.main.TestCaseMain.startTestSuite(TestCaseMain.java:180)
	at TempTestSuite1733095732962.run(TempTestSuite1733095732962.groovy:35)
	at java.base/jdk.internal.reflect.NativeMethodAccessorImpl.invoke0(Native Method)
	at java.base/jdk.internal.reflect.NativeMethodAccessorImpl.invoke(NativeMethodAccessorImpl.java:77)
	at java.base/jdk.internal.reflect.DelegatingMethodAccessorImpl.invoke(DelegatingMethodAccessorImpl.java:43)
)

02-12-2024T02:38:09 - [TEST_STEP][PASSED] - result = WriteToExcel(typeOfData, todaysDate, PercPlanR, PercPlanB, PercFactR, PercFactB, x, tabR, tabB, o1R, o1B, vidget): null

02-12-2024T02:38:09 - [TEST_STEP][PASSED] - iii = dZO.indexOf("/"): null

02-12-2024T02:38:09 - [TEST_STEP][PASSED] - println(iii): null

02-12-2024T02:38:09 - [TEST_STEP][PASSED] - dZO = dZO.substring(0, iii): null

02-12-2024T02:38:09 - [TEST_STEP][PASSED] - println(dZO): null

02-12-2024T02:38:09 - [TEST_STEP][PASSED] - println(PercPlanR): null

02-12-2024T02:38:09 - [TEST_STEP][PASSED] - println(PercPlanB): null

02-12-2024T02:38:09 - [TEST_STEP][PASSED] - println(PercFactR): null

02-12-2024T02:38:09 - [TEST_STEP][PASSED] - println(PercFactB): null

02-12-2024T02:38:09 - [TEST_STEP][PASSED] - println(tabR): null

02-12-2024T02:38:09 - [TEST_STEP][PASSED] - println(tabB): null

02-12-2024T02:38:09 - [TEST_STEP][PASSED] - println(o1R): null

02-12-2024T02:38:09 - [TEST_STEP][PASSED] - println(o1B): null

02-12-2024T02:38:09 - [TEST_STEP][PASSED] - PR = <not implemented yet for class: org.codehaus.groovy.ast.expr.EmptyExpression>: null

02-12-2024T02:38:09 - [TEST_STEP][PASSED] - FR = <not implemented yet for class: org.codehaus.groovy.ast.expr.EmptyExpression>: null

02-12-2024T02:38:09 - [TEST_STEP][PASSED] - PB = <not implemented yet for class: org.codehaus.groovy.ast.expr.EmptyExpression>: null

02-12-2024T02:38:09 - [TEST_STEP][PASSED] - FB = <not implemented yet for class: org.codehaus.groovy.ast.expr.EmptyExpression>: null

02-12-2024T02:38:09 - [TEST_STEP][PASSED] - TR = <not implemented yet for class: org.codehaus.groovy.ast.expr.EmptyExpression>: null

02-12-2024T02:38:09 - [TEST_STEP][PASSED] - TB = <not implemented yet for class: org.codehaus.groovy.ast.expr.EmptyExpression>: null

02-12-2024T02:38:09 - [TEST_STEP][PASSED] - sheetName = "Sheet1": null

02-12-2024T02:38:09 - [TEST_STEP][PASSED] - data = findTestData("PlanFact"): null

02-12-2024T02:38:10 - [TEST_STEP][PASSED] - n = data.getRowNumbers() + 1: null

02-12-2024T02:38:10 - [TEST_STEP][PASSED] - year = todaysDate.substring(todaysDate.length() - 4, todaysDate.length()): null

02-12-2024T02:38:10 - [TEST_STEP][PASSED] - y = year.toInteger(): null

02-12-2024T02:38:10 - [TEST_STEP][PASSED] - m = getText(findTestObject("Выполнение бизнес-плана/Выполнение бизнес-плана Балансы/Фильтр Дата")): Text of object 'Object Repository/Выполнение бизнес-плана/Выполнение бизнес-плана Балансы/Фильтр Дата' is: '1, 2, 3 кв., Октябрь 2024 года'

02-12-2024T02:38:10 - [MESSAGE][PASSED] - Text of object 'Object Repository/Выполнение бизнес-плана/Выполнение бизнес-плана Балансы/Фильтр Дата' is: '1, 2, 3 кв., Октябрь 2024 года'

02-12-2024T02:38:10 - [TEST_STEP][PASSED] - m = m.substring(0, m.indexOf("2024")): null

02-12-2024T02:38:10 - [TEST_STEP][PASSED] - m = m.trim(): null

02-12-2024T02:38:10 - [TEST_STEP][PASSED] - dashboardName = "Выполнение бизнес-плана": null

02-12-2024T02:38:10 - [TEST_STEP][PASSED] - workbook01 = getWorkbook(excelFilePath): null

02-12-2024T02:38:10 - [TEST_STEP][PASSED] - sheet01 = getExcelSheet(workbook01, sheetName): null

02-12-2024T02:38:10 - [TEST_STEP][PASSED] - setValueToCellByIndex(sheet01, n, 0, dashboardName): null

02-12-2024T02:38:10 - [TEST_STEP][PASSED] - setValueToCellByIndex(sheet01, n, 1, dZO): null

02-12-2024T02:38:10 - [TEST_STEP][PASSED] - setValueToCellByIndex(sheet01, n, 2, typeOfData): null

02-12-2024T02:38:10 - [TEST_STEP][PASSED] - setValueToCellByIndex(sheet01, n, 3, typeOfData): null

02-12-2024T02:38:10 - [TEST_STEP][PASSED] - if (typeOfData == "План"): null

02-12-2024T02:38:10 - [TEST_STEP][PASSED] - else if (typeOfData == "Факт"): null

02-12-2024T02:38:10 - [TEST_STEP][PASSED] - else if (vidget.contains("электроэнергии") == true): null

02-12-2024T02:38:10 - [TEST_STEP][PASSED] - if (tabR == null): null

02-12-2024T02:38:10 - [TEST_STEP][PASSED] - else: null

02-12-2024T02:38:10 - [TEST_STEP][PASSED] - if (tabR == "нет данных"): null

02-12-2024T02:38:10 - [TEST_STEP][PASSED] - setValueToCellByIndex(sheet01, n, 4, "нет данных"): null

02-12-2024T02:38:10 - [TEST_STEP][PASSED] - if (tabB == null): null

02-12-2024T02:38:10 - [TEST_STEP][PASSED] - else: null

02-12-2024T02:38:10 - [TEST_STEP][PASSED] - if (tabB == "нет данных"): null

02-12-2024T02:38:10 - [TEST_STEP][PASSED] - else: null

02-12-2024T02:38:10 - [TEST_STEP][PASSED] - TB = tabB.toInteger(): null

02-12-2024T02:38:10 - [TEST_STEP][PASSED] - setValueToCellByIndex(sheet01, n, 5, TB): null

02-12-2024T02:38:10 - [TEST_STEP][PASSED] - setValueToCellByIndex(sheet01, n, 6, m): null

02-12-2024T02:38:10 - [TEST_STEP][PASSED] - setValueToCellByIndex(sheet01, n, 7, y): null

02-12-2024T02:38:10 - [TEST_STEP][PASSED] - setValueToCellByIndex(sheet01, n, 8, todaysDate): null

02-12-2024T02:38:10 - [TEST_STEP][PASSED] - n = n + 1: null

02-12-2024T02:38:10 - [TEST_STEP][PASSED] - saveWorkbook(excelFilePath, workbook01): null

02-12-2024T02:38:10 - [TEST_STEP][PASSED] - vidget = "Показатели баланса электроэнергии по ДЗО – План": null

02-12-2024T02:38:10 - [TEST_STEP][PASSED] - typeOfData = "План Отпуск в сеть": null

02-12-2024T02:38:10 - [TEST_STEP][PASSED] - tabR = GetOvSPlanR(x = a): null

02-12-2024T02:38:10 - [TEST_STEP][PASSED] - i1 = <not implemented yet for class: org.codehaus.groovy.ast.expr.EmptyExpression>: null

02-12-2024T02:38:10 - [TEST_STEP][PASSED] - ii = <not implemented yet for class: org.codehaus.groovy.ast.expr.EmptyExpression>: null

02-12-2024T02:38:10 - [TEST_STEP][PASSED] - for ([ii = 1, ii < 7, (ii++)]): null

02-12-2024T02:38:10 - [TEST_STEP][PASSED] - i1 = x.indexOf("/") + 1: null

02-12-2024T02:38:10 - [TEST_STEP][PASSED] - if (i1 > -1): null

02-12-2024T02:38:10 - [TEST_STEP][PASSED] - x = x.substring(i1, x.length()): null

02-12-2024T02:38:10 - [TEST_STEP][PASSED] - println(x): null

02-12-2024T02:38:10 - [TEST_STEP][PASSED] - i1 = x.indexOf("/") + 1: null

02-12-2024T02:38:10 - [TEST_STEP][PASSED] - if (i1 > -1): null

02-12-2024T02:38:10 - [TEST_STEP][PASSED] - x = x.substring(i1, x.length()): null

02-12-2024T02:38:10 - [TEST_STEP][PASSED] - println(x): null

02-12-2024T02:38:10 - [TEST_STEP][PASSED] - i1 = x.indexOf("/") + 1: null

02-12-2024T02:38:10 - [TEST_STEP][PASSED] - if (i1 > -1): null

02-12-2024T02:38:10 - [TEST_STEP][PASSED] - x = x.substring(i1, x.length()): null

02-12-2024T02:38:10 - [TEST_STEP][PASSED] - println(x): null

02-12-2024T02:38:10 - [TEST_STEP][PASSED] - i1 = x.indexOf("/") + 1: null

02-12-2024T02:38:10 - [TEST_STEP][PASSED] - if (i1 > -1): null

02-12-2024T02:38:10 - [TEST_STEP][PASSED] - x = x.substring(i1, x.length()): null

02-12-2024T02:38:10 - [TEST_STEP][PASSED] - println(x): null

02-12-2024T02:38:10 - [TEST_STEP][PASSED] - i1 = x.indexOf("/") + 1: null

02-12-2024T02:38:10 - [TEST_STEP][PASSED] - if (i1 > -1): null

02-12-2024T02:38:10 - [TEST_STEP][PASSED] - x = x.substring(i1, x.length()): null

02-12-2024T02:38:10 - [TEST_STEP][PASSED] - println(x): null

02-12-2024T02:38:10 - [TEST_STEP][PASSED] - i1 = x.indexOf("/") + 1: null

02-12-2024T02:38:10 - [TEST_STEP][PASSED] - if (i1 > -1): null

02-12-2024T02:38:10 - [TEST_STEP][PASSED] - x = x.substring(i1, x.length()): null

02-12-2024T02:38:10 - [TEST_STEP][PASSED] - println(x): null

02-12-2024T02:38:10 - [TEST_STEP][PASSED] - i1 = x.indexOf("/"): null

02-12-2024T02:38:10 - [TEST_STEP][PASSED] - if (i1 > -1): null

02-12-2024T02:38:10 - [TEST_STEP][PASSED] - x = x.substring(0, i1): null

02-12-2024T02:38:10 - [TEST_STEP][PASSED] - println(x): null

02-12-2024T02:38:10 - [TEST_STEP][PASSED] - return x: null

02-12-2024T02:38:10 - [TEST_STEP][PASSED] - tabB = GetOvSPlanB(x = b): null

02-12-2024T02:38:10 - [TEST_STEP][PASSED] - i1 = <not implemented yet for class: org.codehaus.groovy.ast.expr.EmptyExpression>: null

02-12-2024T02:38:10 - [TEST_STEP][PASSED] - ii = <not implemented yet for class: org.codehaus.groovy.ast.expr.EmptyExpression>: null

02-12-2024T02:38:10 - [TEST_STEP][PASSED] - for ([ii = 1, ii < 7, (ii++)]): null

02-12-2024T02:38:10 - [TEST_STEP][PASSED] - i1 = x.indexOf("/") + 1: null

02-12-2024T02:38:10 - [TEST_STEP][PASSED] - if (i1 > -1): null

02-12-2024T02:38:10 - [TEST_STEP][PASSED] - x = x.substring(i1, x.length()): null

02-12-2024T02:38:10 - [TEST_STEP][PASSED] - println(x): null

02-12-2024T02:38:10 - [TEST_STEP][PASSED] - i1 = x.indexOf("/") + 1: null

02-12-2024T02:38:10 - [TEST_STEP][PASSED] - if (i1 > -1): null

02-12-2024T02:38:10 - [TEST_STEP][PASSED] - x = x.substring(i1, x.length()): null

02-12-2024T02:38:10 - [TEST_STEP][PASSED] - println(x): null

02-12-2024T02:38:10 - [TEST_STEP][PASSED] - i1 = x.indexOf("/") + 1: null

02-12-2024T02:38:10 - [TEST_STEP][PASSED] - if (i1 > -1): null

02-12-2024T02:38:10 - [TEST_STEP][PASSED] - x = x.substring(i1, x.length()): null

02-12-2024T02:38:10 - [TEST_STEP][PASSED] - println(x): null

02-12-2024T02:38:10 - [TEST_STEP][PASSED] - i1 = x.indexOf("/") + 1: null

02-12-2024T02:38:10 - [TEST_STEP][PASSED] - if (i1 > -1): null

02-12-2024T02:38:10 - [TEST_STEP][PASSED] - x = x.substring(i1, x.length()): null

02-12-2024T02:38:10 - [TEST_STEP][PASSED] - println(x): null

02-12-2024T02:38:10 - [TEST_STEP][PASSED] - i1 = x.indexOf("/") + 1: null

02-12-2024T02:38:10 - [TEST_STEP][PASSED] - if (i1 > -1): null

02-12-2024T02:38:10 - [TEST_STEP][PASSED] - x = x.substring(i1, x.length()): null

02-12-2024T02:38:10 - [TEST_STEP][PASSED] - println(x): null

02-12-2024T02:38:10 - [TEST_STEP][PASSED] - i1 = x.indexOf("/") + 1: null

02-12-2024T02:38:10 - [TEST_STEP][PASSED] - if (i1 > -1): null

02-12-2024T02:38:10 - [TEST_STEP][PASSED] - x = x.substring(i1, x.length()): null

02-12-2024T02:38:10 - [TEST_STEP][PASSED] - println(x): null

02-12-2024T02:38:10 - [TEST_STEP][PASSED] - i1 = x.indexOf("/"): null

02-12-2024T02:38:10 - [TEST_STEP][PASSED] - if (i1 > -1): null

02-12-2024T02:38:10 - [TEST_STEP][PASSED] - x = x.substring(0, i1): null

02-12-2024T02:38:10 - [TEST_STEP][PASSED] - println(x): null

02-12-2024T02:38:10 - [TEST_STEP][FAILED] - return x: null

02-12-2024T02:38:10 - [TEST_STEP][PASSED] - println(tabR + "/" + tabB): null

02-12-2024T02:38:10 - [TEST_STEP][FAILED] - if (verifyEqual(PercFactR, PercFactB) == false): null

02-12-2024T02:38:10 - [MESSAGE][FAILED] - Unable to verify equal between actual object 'нет данных' and expected object '3.65' (Root cause: com.kms.katalon.core.exception.StepFailedException: Actual object 'нет данных' and expected object '3.65' are not equal
	at com.kms.katalon.core.keyword.builtin.VerifyEqualKeyword$_verifyEqual_closure1.doCall(VerifyEqualKeyword.groovy:58)
	at com.kms.katalon.core.keyword.builtin.VerifyEqualKeyword$_verifyEqual_closure1.call(VerifyEqualKeyword.groovy)
	at com.kms.katalon.core.keyword.internal.KeywordMain.runKeyword(KeywordMain.groovy:75)
	at com.kms.katalon.core.keyword.builtin.VerifyEqualKeyword.verifyEqual(VerifyEqualKeyword.groovy:63)
	at com.kms.katalon.core.keyword.builtin.VerifyEqualKeyword.execute(VerifyEqualKeyword.groovy:44)
	at com.kms.katalon.core.keyword.internal.KeywordExecutor.executeKeywordForPlatform(KeywordExecutor.groovy:74)
	at com.kms.katalon.core.keyword.BuiltinKeywords.verifyEqual(BuiltinKeywords.groovy:146)
	at jdk.internal.reflect.GeneratedMethodAccessor25.invoke(Unknown Source)
	at java.base/jdk.internal.reflect.DelegatingMethodAccessorImpl.invoke(DelegatingMethodAccessorImpl.java:43)
	at Выполнение бизнес-плана сверка дашбордов.CompareDZOData(Выполнение бизнес-плана сверка дашбордов:745)
	at Выполнение бизнес-плана сверка дашбордов.run(Выполнение бизнес-плана сверка дашбордов:583)
	at com.kms.katalon.core.main.ScriptEngine.run(ScriptEngine.java:194)
	at com.kms.katalon.core.main.ScriptEngine.runScriptAsRawText(ScriptEngine.java:119)
	at com.kms.katalon.core.main.TestCaseExecutor.runScript(TestCaseExecutor.java:448)
	at com.kms.katalon.core.main.TestCaseExecutor.doExecute(TestCaseExecutor.java:439)
	at com.kms.katalon.core.main.TestCaseExecutor.processExecutionPhase(TestCaseExecutor.java:418)
	at com.kms.katalon.core.main.TestCaseExecutor.accessMainPhase(TestCaseExecutor.java:410)
	at com.kms.katalon.core.main.TestCaseExecutor.execute(TestCaseExecutor.java:285)
	at com.kms.katalon.core.common.CommonExecutor.accessTestCaseMainPhase(CommonExecutor.java:65)
	at com.kms.katalon.core.main.TestSuiteExecutor.accessTestSuiteMainPhase(TestSuiteExecutor.java:150)
	at com.kms.katalon.core.main.TestSuiteExecutor.execute(TestSuiteExecutor.java:106)
	at com.kms.katalon.core.main.TestCaseMain.startTestSuite(TestCaseMain.java:180)
	at TempTestSuite1733095732962.run(TempTestSuite1733095732962.groovy:35)
	at java.base/jdk.internal.reflect.NativeMethodAccessorImpl.invoke0(Native Method)
	at java.base/jdk.internal.reflect.NativeMethodAccessorImpl.invoke(NativeMethodAccessorImpl.java:77)
	at java.base/jdk.internal.reflect.DelegatingMethodAccessorImpl.invoke(DelegatingMethodAccessorImpl.java:43)
)

02-12-2024T02:38:10 - [TEST_STEP][PASSED] - result = WriteToExcel(typeOfData, todaysDate, PercPlanR, PercPlanB, PercFactR, PercFactB, x, tabR, tabB, o1R, o1B, vidget): null

02-12-2024T02:38:10 - [TEST_STEP][PASSED] - iii = dZO.indexOf("/"): null

02-12-2024T02:38:10 - [TEST_STEP][PASSED] - println(iii): null

02-12-2024T02:38:10 - [TEST_STEP][PASSED] - dZO = dZO.substring(0, iii): null

02-12-2024T02:38:10 - [TEST_STEP][PASSED] - println(dZO): null

02-12-2024T02:38:10 - [TEST_STEP][PASSED] - println(PercPlanR): null

02-12-2024T02:38:10 - [TEST_STEP][PASSED] - println(PercPlanB): null

02-12-2024T02:38:10 - [TEST_STEP][PASSED] - println(PercFactR): null

02-12-2024T02:38:10 - [TEST_STEP][PASSED] - println(PercFactB): null

02-12-2024T02:38:10 - [TEST_STEP][PASSED] - println(tabR): null

02-12-2024T02:38:10 - [TEST_STEP][PASSED] - println(tabB): null

02-12-2024T02:38:10 - [TEST_STEP][PASSED] - println(o1R): null

02-12-2024T02:38:10 - [TEST_STEP][PASSED] - println(o1B): null

02-12-2024T02:38:10 - [TEST_STEP][PASSED] - PR = <not implemented yet for class: org.codehaus.groovy.ast.expr.EmptyExpression>: null

02-12-2024T02:38:10 - [TEST_STEP][PASSED] - FR = <not implemented yet for class: org.codehaus.groovy.ast.expr.EmptyExpression>: null

02-12-2024T02:38:10 - [TEST_STEP][PASSED] - PB = <not implemented yet for class: org.codehaus.groovy.ast.expr.EmptyExpression>: null

02-12-2024T02:38:10 - [TEST_STEP][PASSED] - FB = <not implemented yet for class: org.codehaus.groovy.ast.expr.EmptyExpression>: null

02-12-2024T02:38:10 - [TEST_STEP][PASSED] - TR = <not implemented yet for class: org.codehaus.groovy.ast.expr.EmptyExpression>: null

02-12-2024T02:38:10 - [TEST_STEP][PASSED] - TB = <not implemented yet for class: org.codehaus.groovy.ast.expr.EmptyExpression>: null

02-12-2024T02:38:10 - [TEST_STEP][PASSED] - sheetName = "Sheet1": null

02-12-2024T02:38:10 - [TEST_STEP][PASSED] - data = findTestData("PlanFact"): null

02-12-2024T02:38:10 - [TEST_STEP][PASSED] - n = data.getRowNumbers() + 1: null

02-12-2024T02:38:10 - [TEST_STEP][PASSED] - year = todaysDate.substring(todaysDate.length() - 4, todaysDate.length()): null

02-12-2024T02:38:10 - [TEST_STEP][PASSED] - y = year.toInteger(): null

02-12-2024T02:38:10 - [TEST_STEP][PASSED] - m = getText(findTestObject("Выполнение бизнес-плана/Выполнение бизнес-плана Балансы/Фильтр Дата")): Text of object 'Object Repository/Выполнение бизнес-плана/Выполнение бизнес-плана Балансы/Фильтр Дата' is: '1, 2, 3 кв., Октябрь 2024 года'

02-12-2024T02:38:11 - [MESSAGE][PASSED] - Text of object 'Object Repository/Выполнение бизнес-плана/Выполнение бизнес-плана Балансы/Фильтр Дата' is: '1, 2, 3 кв., Октябрь 2024 года'

02-12-2024T02:38:11 - [TEST_STEP][PASSED] - m = m.substring(0, m.indexOf("2024")): null

02-12-2024T02:38:11 - [TEST_STEP][PASSED] - m = m.trim(): null

02-12-2024T02:38:11 - [TEST_STEP][PASSED] - dashboardName = "Выполнение бизнес-плана": null

02-12-2024T02:38:11 - [TEST_STEP][PASSED] - workbook01 = getWorkbook(excelFilePath): null

02-12-2024T02:38:11 - [TEST_STEP][PASSED] - sheet01 = getExcelSheet(workbook01, sheetName): null

02-12-2024T02:38:11 - [TEST_STEP][PASSED] - setValueToCellByIndex(sheet01, n, 0, dashboardName): null

02-12-2024T02:38:11 - [TEST_STEP][PASSED] - setValueToCellByIndex(sheet01, n, 1, dZO): null

02-12-2024T02:38:11 - [TEST_STEP][PASSED] - setValueToCellByIndex(sheet01, n, 2, typeOfData): null

02-12-2024T02:38:11 - [TEST_STEP][PASSED] - setValueToCellByIndex(sheet01, n, 3, typeOfData): null

02-12-2024T02:38:11 - [TEST_STEP][PASSED] - if (typeOfData == "План"): null

02-12-2024T02:38:11 - [TEST_STEP][PASSED] - else if (typeOfData == "Факт"): null

02-12-2024T02:38:11 - [TEST_STEP][PASSED] - else if (vidget.contains("электроэнергии") == true): null

02-12-2024T02:38:11 - [TEST_STEP][PASSED] - if (tabR == null): null

02-12-2024T02:38:11 - [TEST_STEP][PASSED] - else: null

02-12-2024T02:38:11 - [TEST_STEP][PASSED] - if (tabR == "нет данных"): null

02-12-2024T02:38:11 - [TEST_STEP][PASSED] - setValueToCellByIndex(sheet01, n, 4, "нет данных"): null

02-12-2024T02:38:11 - [TEST_STEP][PASSED] - if (tabB == null): null

02-12-2024T02:38:11 - [TEST_STEP][PASSED] - else: null

02-12-2024T02:38:11 - [TEST_STEP][PASSED] - if (tabB == "нет данных"): null

02-12-2024T02:38:11 - [TEST_STEP][PASSED] - else: null

02-12-2024T02:38:11 - [TEST_STEP][PASSED] - TB = tabB.toInteger(): null

02-12-2024T02:38:11 - [TEST_STEP][PASSED] - setValueToCellByIndex(sheet01, n, 5, TB): null

02-12-2024T02:38:11 - [TEST_STEP][PASSED] - setValueToCellByIndex(sheet01, n, 6, m): null

02-12-2024T02:38:11 - [TEST_STEP][PASSED] - setValueToCellByIndex(sheet01, n, 7, y): null

02-12-2024T02:38:11 - [TEST_STEP][PASSED] - setValueToCellByIndex(sheet01, n, 8, todaysDate): null

02-12-2024T02:38:11 - [TEST_STEP][PASSED] - n = n + 1: null

02-12-2024T02:38:11 - [TEST_STEP][PASSED] - saveWorkbook(excelFilePath, workbook01): null

02-12-2024T02:38:11 - [TEST_STEP][PASSED] - typeOfData = "План Отпуск из сети": null

02-12-2024T02:38:11 - [TEST_STEP][PASSED] - tabR = GetOiSPlanR(x = a): null

02-12-2024T02:38:11 - [TEST_STEP][PASSED] - i1 = <not implemented yet for class: org.codehaus.groovy.ast.expr.EmptyExpression>: null

02-12-2024T02:38:11 - [TEST_STEP][PASSED] - ii = <not implemented yet for class: org.codehaus.groovy.ast.expr.EmptyExpression>: null

02-12-2024T02:38:11 - [TEST_STEP][PASSED] - for ([ii = 1, ii < 8, (ii++)]): null

02-12-2024T02:38:11 - [TEST_STEP][PASSED] - i1 = x.indexOf("/") + 1: null

02-12-2024T02:38:11 - [TEST_STEP][PASSED] - if (i1 > -1): null

02-12-2024T02:38:11 - [TEST_STEP][PASSED] - x = x.substring(i1, x.length()): null

02-12-2024T02:38:11 - [TEST_STEP][PASSED] - println(x): null

02-12-2024T02:38:11 - [TEST_STEP][PASSED] - i1 = x.indexOf("/") + 1: null

02-12-2024T02:38:11 - [TEST_STEP][PASSED] - if (i1 > -1): null

02-12-2024T02:38:11 - [TEST_STEP][PASSED] - x = x.substring(i1, x.length()): null

02-12-2024T02:38:11 - [TEST_STEP][PASSED] - println(x): null

02-12-2024T02:38:11 - [TEST_STEP][PASSED] - i1 = x.indexOf("/") + 1: null

02-12-2024T02:38:11 - [TEST_STEP][PASSED] - if (i1 > -1): null

02-12-2024T02:38:11 - [TEST_STEP][PASSED] - x = x.substring(i1, x.length()): null

02-12-2024T02:38:11 - [TEST_STEP][PASSED] - println(x): null

02-12-2024T02:38:11 - [TEST_STEP][PASSED] - i1 = x.indexOf("/") + 1: null

02-12-2024T02:38:11 - [TEST_STEP][PASSED] - if (i1 > -1): null

02-12-2024T02:38:11 - [TEST_STEP][PASSED] - x = x.substring(i1, x.length()): null

02-12-2024T02:38:11 - [TEST_STEP][PASSED] - println(x): null

02-12-2024T02:38:11 - [TEST_STEP][PASSED] - i1 = x.indexOf("/") + 1: null

02-12-2024T02:38:11 - [TEST_STEP][PASSED] - if (i1 > -1): null

02-12-2024T02:38:11 - [TEST_STEP][PASSED] - x = x.substring(i1, x.length()): null

02-12-2024T02:38:11 - [TEST_STEP][PASSED] - println(x): null

02-12-2024T02:38:11 - [TEST_STEP][PASSED] - i1 = x.indexOf("/") + 1: null

02-12-2024T02:38:11 - [TEST_STEP][PASSED] - if (i1 > -1): null

02-12-2024T02:38:11 - [TEST_STEP][PASSED] - x = x.substring(i1, x.length()): null

02-12-2024T02:38:11 - [TEST_STEP][PASSED] - println(x): null

02-12-2024T02:38:11 - [TEST_STEP][PASSED] - i1 = x.indexOf("/") + 1: null

02-12-2024T02:38:11 - [TEST_STEP][PASSED] - if (i1 > -1): null

02-12-2024T02:38:11 - [TEST_STEP][PASSED] - x = x.substring(i1, x.length()): null

02-12-2024T02:38:11 - [TEST_STEP][PASSED] - println(x): null

02-12-2024T02:38:11 - [TEST_STEP][PASSED] - i1 = x.indexOf("/"): null

02-12-2024T02:38:11 - [TEST_STEP][PASSED] - if (i1 > -1): null

02-12-2024T02:38:11 - [TEST_STEP][PASSED] - x = x.substring(0, i1): null

02-12-2024T02:38:11 - [TEST_STEP][PASSED] - println(x): null

02-12-2024T02:38:11 - [TEST_STEP][PASSED] - return x: null

02-12-2024T02:38:11 - [TEST_STEP][PASSED] - tabB = GetOiSPlanB(x = b): null

02-12-2024T02:38:11 - [TEST_STEP][PASSED] - i1 = <not implemented yet for class: org.codehaus.groovy.ast.expr.EmptyExpression>: null

02-12-2024T02:38:11 - [TEST_STEP][PASSED] - ii = <not implemented yet for class: org.codehaus.groovy.ast.expr.EmptyExpression>: null

02-12-2024T02:38:11 - [TEST_STEP][PASSED] - for ([ii = 1, ii < 8, (ii++)]): null

02-12-2024T02:38:11 - [TEST_STEP][PASSED] - i1 = x.indexOf("/") + 1: null

02-12-2024T02:38:11 - [TEST_STEP][PASSED] - if (i1 > -1): null

02-12-2024T02:38:11 - [TEST_STEP][PASSED] - x = x.substring(i1, x.length()): null

02-12-2024T02:38:11 - [TEST_STEP][PASSED] - println(x): null

02-12-2024T02:38:11 - [TEST_STEP][PASSED] - i1 = x.indexOf("/") + 1: null

02-12-2024T02:38:11 - [TEST_STEP][PASSED] - if (i1 > -1): null

02-12-2024T02:38:11 - [TEST_STEP][PASSED] - x = x.substring(i1, x.length()): null

02-12-2024T02:38:11 - [TEST_STEP][PASSED] - println(x): null

02-12-2024T02:38:11 - [TEST_STEP][PASSED] - i1 = x.indexOf("/") + 1: null

02-12-2024T02:38:11 - [TEST_STEP][PASSED] - if (i1 > -1): null

02-12-2024T02:38:11 - [TEST_STEP][PASSED] - x = x.substring(i1, x.length()): null

02-12-2024T02:38:11 - [TEST_STEP][PASSED] - println(x): null

02-12-2024T02:38:11 - [TEST_STEP][PASSED] - i1 = x.indexOf("/") + 1: null

02-12-2024T02:38:11 - [TEST_STEP][PASSED] - if (i1 > -1): null

02-12-2024T02:38:11 - [TEST_STEP][PASSED] - x = x.substring(i1, x.length()): null

02-12-2024T02:38:11 - [TEST_STEP][PASSED] - println(x): null

02-12-2024T02:38:11 - [TEST_STEP][PASSED] - i1 = x.indexOf("/") + 1: null

02-12-2024T02:38:11 - [TEST_STEP][PASSED] - if (i1 > -1): null

02-12-2024T02:38:11 - [TEST_STEP][PASSED] - x = x.substring(i1, x.length()): null

02-12-2024T02:38:11 - [TEST_STEP][PASSED] - println(x): null

02-12-2024T02:38:11 - [TEST_STEP][PASSED] - i1 = x.indexOf("/") + 1: null

02-12-2024T02:38:11 - [TEST_STEP][PASSED] - if (i1 > -1): null

02-12-2024T02:38:11 - [TEST_STEP][PASSED] - x = x.substring(i1, x.length()): null

02-12-2024T02:38:11 - [TEST_STEP][PASSED] - println(x): null

02-12-2024T02:38:11 - [TEST_STEP][PASSED] - i1 = x.indexOf("/") + 1: null

02-12-2024T02:38:11 - [TEST_STEP][PASSED] - if (i1 > -1): null

02-12-2024T02:38:11 - [TEST_STEP][PASSED] - x = x.substring(i1, x.length()): null

02-12-2024T02:38:11 - [TEST_STEP][PASSED] - println(x): null

02-12-2024T02:38:11 - [TEST_STEP][PASSED] - i1 = x.indexOf("/"): null

02-12-2024T02:38:11 - [TEST_STEP][PASSED] - if (i1 > -1): null

02-12-2024T02:38:11 - [TEST_STEP][PASSED] - x = x.substring(0, i1): null

02-12-2024T02:38:11 - [TEST_STEP][PASSED] - println(x): null

02-12-2024T02:38:11 - [TEST_STEP][FAILED] - return x: null

02-12-2024T02:38:11 - [TEST_STEP][PASSED] - println(tabR + "/" + tabB): null

02-12-2024T02:38:11 - [TEST_STEP][FAILED] - if (verifyEqual(PercFactR, PercFactB) == false): null

02-12-2024T02:38:11 - [MESSAGE][FAILED] - Unable to verify equal between actual object 'нет данных' and expected object '3.65' (Root cause: com.kms.katalon.core.exception.StepFailedException: Actual object 'нет данных' and expected object '3.65' are not equal
	at com.kms.katalon.core.keyword.builtin.VerifyEqualKeyword$_verifyEqual_closure1.doCall(VerifyEqualKeyword.groovy:58)
	at com.kms.katalon.core.keyword.builtin.VerifyEqualKeyword$_verifyEqual_closure1.call(VerifyEqualKeyword.groovy)
	at com.kms.katalon.core.keyword.internal.KeywordMain.runKeyword(KeywordMain.groovy:75)
	at com.kms.katalon.core.keyword.builtin.VerifyEqualKeyword.verifyEqual(VerifyEqualKeyword.groovy:63)
	at com.kms.katalon.core.keyword.builtin.VerifyEqualKeyword.execute(VerifyEqualKeyword.groovy:44)
	at com.kms.katalon.core.keyword.internal.KeywordExecutor.executeKeywordForPlatform(KeywordExecutor.groovy:74)
	at com.kms.katalon.core.keyword.BuiltinKeywords.verifyEqual(BuiltinKeywords.groovy:146)
	at jdk.internal.reflect.GeneratedMethodAccessor25.invoke(Unknown Source)
	at java.base/jdk.internal.reflect.DelegatingMethodAccessorImpl.invoke(DelegatingMethodAccessorImpl.java:43)
	at Выполнение бизнес-плана сверка дашбордов.CompareDZOData(Выполнение бизнес-плана сверка дашбордов:758)
	at Выполнение бизнес-плана сверка дашбордов.run(Выполнение бизнес-плана сверка дашбордов:583)
	at com.kms.katalon.core.main.ScriptEngine.run(ScriptEngine.java:194)
	at com.kms.katalon.core.main.ScriptEngine.runScriptAsRawText(ScriptEngine.java:119)
	at com.kms.katalon.core.main.TestCaseExecutor.runScript(TestCaseExecutor.java:448)
	at com.kms.katalon.core.main.TestCaseExecutor.doExecute(TestCaseExecutor.java:439)
	at com.kms.katalon.core.main.TestCaseExecutor.processExecutionPhase(TestCaseExecutor.java:418)
	at com.kms.katalon.core.main.TestCaseExecutor.accessMainPhase(TestCaseExecutor.java:410)
	at com.kms.katalon.core.main.TestCaseExecutor.execute(TestCaseExecutor.java:285)
	at com.kms.katalon.core.common.CommonExecutor.accessTestCaseMainPhase(CommonExecutor.java:65)
	at com.kms.katalon.core.main.TestSuiteExecutor.accessTestSuiteMainPhase(TestSuiteExecutor.java:150)
	at com.kms.katalon.core.main.TestSuiteExecutor.execute(TestSuiteExecutor.java:106)
	at com.kms.katalon.core.main.TestCaseMain.startTestSuite(TestCaseMain.java:180)
	at TempTestSuite1733095732962.run(TempTestSuite1733095732962.groovy:35)
	at java.base/jdk.internal.reflect.NativeMethodAccessorImpl.invoke0(Native Method)
	at java.base/jdk.internal.reflect.NativeMethodAccessorImpl.invoke(NativeMethodAccessorImpl.java:77)
	at java.base/jdk.internal.reflect.DelegatingMethodAccessorImpl.invoke(DelegatingMethodAccessorImpl.java:43)
)

02-12-2024T02:38:11 - [TEST_STEP][PASSED] - result = WriteToExcel(typeOfData, todaysDate, PercPlanR, PercPlanB, PercFactR, PercFactB, x, tabR, tabB, o1R, o1B, vidget): null

02-12-2024T02:38:11 - [TEST_STEP][PASSED] - iii = dZO.indexOf("/"): null

02-12-2024T02:38:11 - [TEST_STEP][PASSED] - println(iii): null

02-12-2024T02:38:11 - [TEST_STEP][PASSED] - dZO = dZO.substring(0, iii): null

02-12-2024T02:38:11 - [TEST_STEP][PASSED] - println(dZO): null

02-12-2024T02:38:11 - [TEST_STEP][PASSED] - println(PercPlanR): null

02-12-2024T02:38:11 - [TEST_STEP][PASSED] - println(PercPlanB): null

02-12-2024T02:38:11 - [TEST_STEP][PASSED] - println(PercFactR): null

02-12-2024T02:38:11 - [TEST_STEP][PASSED] - println(PercFactB): null

02-12-2024T02:38:11 - [TEST_STEP][PASSED] - println(tabR): null

02-12-2024T02:38:11 - [TEST_STEP][PASSED] - println(tabB): null

02-12-2024T02:38:11 - [TEST_STEP][PASSED] - println(o1R): null

02-12-2024T02:38:11 - [TEST_STEP][PASSED] - println(o1B): null

02-12-2024T02:38:11 - [TEST_STEP][PASSED] - PR = <not implemented yet for class: org.codehaus.groovy.ast.expr.EmptyExpression>: null

02-12-2024T02:38:11 - [TEST_STEP][PASSED] - FR = <not implemented yet for class: org.codehaus.groovy.ast.expr.EmptyExpression>: null

02-12-2024T02:38:11 - [TEST_STEP][PASSED] - PB = <not implemented yet for class: org.codehaus.groovy.ast.expr.EmptyExpression>: null

02-12-2024T02:38:11 - [TEST_STEP][PASSED] - FB = <not implemented yet for class: org.codehaus.groovy.ast.expr.EmptyExpression>: null

02-12-2024T02:38:11 - [TEST_STEP][PASSED] - TR = <not implemented yet for class: org.codehaus.groovy.ast.expr.EmptyExpression>: null

02-12-2024T02:38:11 - [TEST_STEP][PASSED] - TB = <not implemented yet for class: org.codehaus.groovy.ast.expr.EmptyExpression>: null

02-12-2024T02:38:11 - [TEST_STEP][PASSED] - sheetName = "Sheet1": null

02-12-2024T02:38:11 - [TEST_STEP][PASSED] - data = findTestData("PlanFact"): null

02-12-2024T02:38:11 - [TEST_STEP][PASSED] - n = data.getRowNumbers() + 1: null

02-12-2024T02:38:11 - [TEST_STEP][PASSED] - year = todaysDate.substring(todaysDate.length() - 4, todaysDate.length()): null

02-12-2024T02:38:11 - [TEST_STEP][PASSED] - y = year.toInteger(): null

02-12-2024T02:38:11 - [TEST_STEP][PASSED] - m = getText(findTestObject("Выполнение бизнес-плана/Выполнение бизнес-плана Балансы/Фильтр Дата")): Text of object 'Object Repository/Выполнение бизнес-плана/Выполнение бизнес-плана Балансы/Фильтр Дата' is: '1, 2, 3 кв., Октябрь 2024 года'

02-12-2024T02:38:11 - [MESSAGE][PASSED] - Text of object 'Object Repository/Выполнение бизнес-плана/Выполнение бизнес-плана Балансы/Фильтр Дата' is: '1, 2, 3 кв., Октябрь 2024 года'

02-12-2024T02:38:11 - [TEST_STEP][PASSED] - m = m.substring(0, m.indexOf("2024")): null

02-12-2024T02:38:11 - [TEST_STEP][PASSED] - m = m.trim(): null

02-12-2024T02:38:11 - [TEST_STEP][PASSED] - dashboardName = "Выполнение бизнес-плана": null

02-12-2024T02:38:11 - [TEST_STEP][PASSED] - workbook01 = getWorkbook(excelFilePath): null

02-12-2024T02:38:11 - [TEST_STEP][PASSED] - sheet01 = getExcelSheet(workbook01, sheetName): null

02-12-2024T02:38:11 - [TEST_STEP][PASSED] - setValueToCellByIndex(sheet01, n, 0, dashboardName): null

02-12-2024T02:38:11 - [TEST_STEP][PASSED] - setValueToCellByIndex(sheet01, n, 1, dZO): null

02-12-2024T02:38:11 - [TEST_STEP][PASSED] - setValueToCellByIndex(sheet01, n, 2, typeOfData): null

02-12-2024T02:38:11 - [TEST_STEP][PASSED] - setValueToCellByIndex(sheet01, n, 3, typeOfData): null

02-12-2024T02:38:11 - [TEST_STEP][PASSED] - if (typeOfData == "План"): null

02-12-2024T02:38:11 - [TEST_STEP][PASSED] - else if (typeOfData == "Факт"): null

02-12-2024T02:38:11 - [TEST_STEP][PASSED] - else if (vidget.contains("электроэнергии") == true): null

02-12-2024T02:38:11 - [TEST_STEP][PASSED] - if (tabR == null): null

02-12-2024T02:38:11 - [TEST_STEP][PASSED] - else: null

02-12-2024T02:38:11 - [TEST_STEP][PASSED] - if (tabR == "нет данных"): null

02-12-2024T02:38:11 - [TEST_STEP][PASSED] - setValueToCellByIndex(sheet01, n, 4, "нет данных"): null

02-12-2024T02:38:11 - [TEST_STEP][PASSED] - if (tabB == null): null

02-12-2024T02:38:11 - [TEST_STEP][PASSED] - else: null

02-12-2024T02:38:11 - [TEST_STEP][PASSED] - if (tabB == "нет данных"): null

02-12-2024T02:38:11 - [TEST_STEP][PASSED] - else: null

02-12-2024T02:38:11 - [TEST_STEP][PASSED] - TB = tabB.toInteger(): null

02-12-2024T02:38:11 - [TEST_STEP][PASSED] - setValueToCellByIndex(sheet01, n, 5, TB): null

02-12-2024T02:38:11 - [TEST_STEP][PASSED] - setValueToCellByIndex(sheet01, n, 6, m): null

02-12-2024T02:38:11 - [TEST_STEP][PASSED] - setValueToCellByIndex(sheet01, n, 7, y): null

02-12-2024T02:38:11 - [TEST_STEP][PASSED] - setValueToCellByIndex(sheet01, n, 8, todaysDate): null

02-12-2024T02:38:11 - [TEST_STEP][PASSED] - n = n + 1: null

02-12-2024T02:38:11 - [TEST_STEP][PASSED] - saveWorkbook(excelFilePath, workbook01): null

02-12-2024T02:38:11 - [TEST_STEP][PASSED] - typeOfData = "План Потери": null

02-12-2024T02:38:11 - [TEST_STEP][PASSED] - tabR = GetPPlanR(x = a): null

02-12-2024T02:38:11 - [TEST_STEP][PASSED] - i1 = <not implemented yet for class: org.codehaus.groovy.ast.expr.EmptyExpression>: null

02-12-2024T02:38:11 - [TEST_STEP][PASSED] - ii = <not implemented yet for class: org.codehaus.groovy.ast.expr.EmptyExpression>: null

02-12-2024T02:38:11 - [TEST_STEP][PASSED] - for ([ii = 1, ii < 9, (ii++)]): null

02-12-2024T02:38:11 - [TEST_STEP][PASSED] - i1 = x.indexOf("/") + 1: null

02-12-2024T02:38:11 - [TEST_STEP][PASSED] - if (i1 > -1): null

02-12-2024T02:38:11 - [TEST_STEP][PASSED] - x = x.substring(i1, x.length()): null

02-12-2024T02:38:11 - [TEST_STEP][PASSED] - println(x): null

02-12-2024T02:38:11 - [TEST_STEP][PASSED] - i1 = x.indexOf("/") + 1: null

02-12-2024T02:38:11 - [TEST_STEP][PASSED] - if (i1 > -1): null

02-12-2024T02:38:11 - [TEST_STEP][PASSED] - x = x.substring(i1, x.length()): null

02-12-2024T02:38:11 - [TEST_STEP][PASSED] - println(x): null

02-12-2024T02:38:11 - [TEST_STEP][PASSED] - i1 = x.indexOf("/") + 1: null

02-12-2024T02:38:11 - [TEST_STEP][PASSED] - if (i1 > -1): null

02-12-2024T02:38:11 - [TEST_STEP][PASSED] - x = x.substring(i1, x.length()): null

02-12-2024T02:38:11 - [TEST_STEP][PASSED] - println(x): null

02-12-2024T02:38:11 - [TEST_STEP][PASSED] - i1 = x.indexOf("/") + 1: null

02-12-2024T02:38:11 - [TEST_STEP][PASSED] - if (i1 > -1): null

02-12-2024T02:38:11 - [TEST_STEP][PASSED] - x = x.substring(i1, x.length()): null

02-12-2024T02:38:11 - [TEST_STEP][PASSED] - println(x): null

02-12-2024T02:38:11 - [TEST_STEP][PASSED] - i1 = x.indexOf("/") + 1: null

02-12-2024T02:38:11 - [TEST_STEP][PASSED] - if (i1 > -1): null

02-12-2024T02:38:11 - [TEST_STEP][PASSED] - x = x.substring(i1, x.length()): null

02-12-2024T02:38:11 - [TEST_STEP][PASSED] - println(x): null

02-12-2024T02:38:11 - [TEST_STEP][PASSED] - i1 = x.indexOf("/") + 1: null

02-12-2024T02:38:11 - [TEST_STEP][PASSED] - if (i1 > -1): null

02-12-2024T02:38:11 - [TEST_STEP][PASSED] - x = x.substring(i1, x.length()): null

02-12-2024T02:38:11 - [TEST_STEP][PASSED] - println(x): null

02-12-2024T02:38:11 - [TEST_STEP][PASSED] - i1 = x.indexOf("/") + 1: null

02-12-2024T02:38:11 - [TEST_STEP][PASSED] - if (i1 > -1): null

02-12-2024T02:38:11 - [TEST_STEP][PASSED] - x = x.substring(i1, x.length()): null

02-12-2024T02:38:11 - [TEST_STEP][PASSED] - println(x): null

02-12-2024T02:38:11 - [TEST_STEP][PASSED] - i1 = x.indexOf("/") + 1: null

02-12-2024T02:38:11 - [TEST_STEP][PASSED] - if (i1 > -1): null

02-12-2024T02:38:11 - [TEST_STEP][PASSED] - x = x.substring(i1, x.length()): null

02-12-2024T02:38:11 - [TEST_STEP][PASSED] - println(x): null

02-12-2024T02:38:11 - [TEST_STEP][PASSED] - i1 = x.indexOf("/"): null

02-12-2024T02:38:11 - [TEST_STEP][PASSED] - if (i1 > -1): null

02-12-2024T02:38:11 - [TEST_STEP][PASSED] - x = x.substring(0, i1): null

02-12-2024T02:38:11 - [TEST_STEP][PASSED] - println(x): null

02-12-2024T02:38:11 - [TEST_STEP][PASSED] - return x: null

02-12-2024T02:38:11 - [TEST_STEP][PASSED] - tabB = GetPPlanB(x = b): null

02-12-2024T02:38:11 - [TEST_STEP][PASSED] - i1 = <not implemented yet for class: org.codehaus.groovy.ast.expr.EmptyExpression>: null

02-12-2024T02:38:11 - [TEST_STEP][PASSED] - ii = <not implemented yet for class: org.codehaus.groovy.ast.expr.EmptyExpression>: null

02-12-2024T02:38:11 - [TEST_STEP][PASSED] - for ([ii = 1, ii < 9, (ii++)]): null

02-12-2024T02:38:11 - [TEST_STEP][PASSED] - i1 = x.indexOf("/") + 1: null

02-12-2024T02:38:11 - [TEST_STEP][PASSED] - if (i1 > -1): null

02-12-2024T02:38:11 - [TEST_STEP][PASSED] - x = x.substring(i1, x.length()): null

02-12-2024T02:38:11 - [TEST_STEP][PASSED] - println(x): null

02-12-2024T02:38:11 - [TEST_STEP][PASSED] - i1 = x.indexOf("/") + 1: null

02-12-2024T02:38:11 - [TEST_STEP][PASSED] - if (i1 > -1): null

02-12-2024T02:38:11 - [TEST_STEP][PASSED] - x = x.substring(i1, x.length()): null

02-12-2024T02:38:11 - [TEST_STEP][PASSED] - println(x): null

02-12-2024T02:38:11 - [TEST_STEP][PASSED] - i1 = x.indexOf("/") + 1: null

02-12-2024T02:38:11 - [TEST_STEP][PASSED] - if (i1 > -1): null

02-12-2024T02:38:11 - [TEST_STEP][PASSED] - x = x.substring(i1, x.length()): null

02-12-2024T02:38:11 - [TEST_STEP][PASSED] - println(x): null

02-12-2024T02:38:11 - [TEST_STEP][PASSED] - i1 = x.indexOf("/") + 1: null

02-12-2024T02:38:11 - [TEST_STEP][PASSED] - if (i1 > -1): null

02-12-2024T02:38:11 - [TEST_STEP][PASSED] - x = x.substring(i1, x.length()): null

02-12-2024T02:38:11 - [TEST_STEP][PASSED] - println(x): null

02-12-2024T02:38:11 - [TEST_STEP][PASSED] - i1 = x.indexOf("/") + 1: null

02-12-2024T02:38:11 - [TEST_STEP][PASSED] - if (i1 > -1): null

02-12-2024T02:38:11 - [TEST_STEP][PASSED] - x = x.substring(i1, x.length()): null

02-12-2024T02:38:11 - [TEST_STEP][PASSED] - println(x): null

02-12-2024T02:38:11 - [TEST_STEP][PASSED] - i1 = x.indexOf("/") + 1: null

02-12-2024T02:38:11 - [TEST_STEP][PASSED] - if (i1 > -1): null

02-12-2024T02:38:11 - [TEST_STEP][PASSED] - x = x.substring(i1, x.length()): null

02-12-2024T02:38:11 - [TEST_STEP][PASSED] - println(x): null

02-12-2024T02:38:11 - [TEST_STEP][PASSED] - i1 = x.indexOf("/") + 1: null

02-12-2024T02:38:11 - [TEST_STEP][PASSED] - if (i1 > -1): null

02-12-2024T02:38:11 - [TEST_STEP][PASSED] - x = x.substring(i1, x.length()): null

02-12-2024T02:38:11 - [TEST_STEP][PASSED] - println(x): null

02-12-2024T02:38:11 - [TEST_STEP][PASSED] - i1 = x.indexOf("/") + 1: null

02-12-2024T02:38:11 - [TEST_STEP][PASSED] - if (i1 > -1): null

02-12-2024T02:38:11 - [TEST_STEP][PASSED] - x = x.substring(i1, x.length()): null

02-12-2024T02:38:11 - [TEST_STEP][PASSED] - println(x): null

02-12-2024T02:38:11 - [TEST_STEP][PASSED] - i1 = x.indexOf("/"): null

02-12-2024T02:38:11 - [TEST_STEP][PASSED] - if (i1 > -1): null

02-12-2024T02:38:11 - [TEST_STEP][PASSED] - x = x.substring(0, i1): null

02-12-2024T02:38:11 - [TEST_STEP][PASSED] - println(x): null

02-12-2024T02:38:11 - [TEST_STEP][FAILED] - return x: null

02-12-2024T02:38:11 - [TEST_STEP][PASSED] - println(tabR + "/" + tabB): null

02-12-2024T02:38:11 - [TEST_STEP][FAILED] - if (verifyEqual(PercFactR, PercFactB) == false): null

02-12-2024T02:38:11 - [MESSAGE][FAILED] - Unable to verify equal between actual object 'нет данных' and expected object '3.65' (Root cause: com.kms.katalon.core.exception.StepFailedException: Actual object 'нет данных' and expected object '3.65' are not equal
	at com.kms.katalon.core.keyword.builtin.VerifyEqualKeyword$_verifyEqual_closure1.doCall(VerifyEqualKeyword.groovy:58)
	at com.kms.katalon.core.keyword.builtin.VerifyEqualKeyword$_verifyEqual_closure1.call(VerifyEqualKeyword.groovy)
	at com.kms.katalon.core.keyword.internal.KeywordMain.runKeyword(KeywordMain.groovy:75)
	at com.kms.katalon.core.keyword.builtin.VerifyEqualKeyword.verifyEqual(VerifyEqualKeyword.groovy:63)
	at com.kms.katalon.core.keyword.builtin.VerifyEqualKeyword.execute(VerifyEqualKeyword.groovy:44)
	at com.kms.katalon.core.keyword.internal.KeywordExecutor.executeKeywordForPlatform(KeywordExecutor.groovy:74)
	at com.kms.katalon.core.keyword.BuiltinKeywords.verifyEqual(BuiltinKeywords.groovy:146)
	at jdk.internal.reflect.GeneratedMethodAccessor25.invoke(Unknown Source)
	at java.base/jdk.internal.reflect.DelegatingMethodAccessorImpl.invoke(DelegatingMethodAccessorImpl.java:43)
	at Выполнение бизнес-плана сверка дашбордов.CompareDZOData(Выполнение бизнес-плана сверка дашбордов:771)
	at Выполнение бизнес-плана сверка дашбордов.run(Выполнение бизнес-плана сверка дашбордов:583)
	at com.kms.katalon.core.main.ScriptEngine.run(ScriptEngine.java:194)
	at com.kms.katalon.core.main.ScriptEngine.runScriptAsRawText(ScriptEngine.java:119)
	at com.kms.katalon.core.main.TestCaseExecutor.runScript(TestCaseExecutor.java:448)
	at com.kms.katalon.core.main.TestCaseExecutor.doExecute(TestCaseExecutor.java:439)
	at com.kms.katalon.core.main.TestCaseExecutor.processExecutionPhase(TestCaseExecutor.java:418)
	at com.kms.katalon.core.main.TestCaseExecutor.accessMainPhase(TestCaseExecutor.java:410)
	at com.kms.katalon.core.main.TestCaseExecutor.execute(TestCaseExecutor.java:285)
	at com.kms.katalon.core.common.CommonExecutor.accessTestCaseMainPhase(CommonExecutor.java:65)
	at com.kms.katalon.core.main.TestSuiteExecutor.accessTestSuiteMainPhase(TestSuiteExecutor.java:150)
	at com.kms.katalon.core.main.TestSuiteExecutor.execute(TestSuiteExecutor.java:106)
	at com.kms.katalon.core.main.TestCaseMain.startTestSuite(TestCaseMain.java:180)
	at TempTestSuite1733095732962.run(TempTestSuite1733095732962.groovy:35)
	at java.base/jdk.internal.reflect.NativeMethodAccessorImpl.invoke0(Native Method)
	at java.base/jdk.internal.reflect.NativeMethodAccessorImpl.invoke(NativeMethodAccessorImpl.java:77)
	at java.base/jdk.internal.reflect.DelegatingMethodAccessorImpl.invoke(DelegatingMethodAccessorImpl.java:43)
)

02-12-2024T02:38:11 - [TEST_STEP][PASSED] - result = WriteToExcel(typeOfData, todaysDate, PercPlanR, PercPlanB, PercFactR, PercFactB, x, tabR, tabB, o1R, o1B, vidget): null

02-12-2024T02:38:11 - [TEST_STEP][PASSED] - iii = dZO.indexOf("/"): null

02-12-2024T02:38:11 - [TEST_STEP][PASSED] - println(iii): null

02-12-2024T02:38:11 - [TEST_STEP][PASSED] - dZO = dZO.substring(0, iii): null

02-12-2024T02:38:11 - [TEST_STEP][PASSED] - println(dZO): null

02-12-2024T02:38:11 - [TEST_STEP][PASSED] - println(PercPlanR): null

02-12-2024T02:38:11 - [TEST_STEP][PASSED] - println(PercPlanB): null

02-12-2024T02:38:11 - [TEST_STEP][PASSED] - println(PercFactR): null

02-12-2024T02:38:11 - [TEST_STEP][PASSED] - println(PercFactB): null

02-12-2024T02:38:11 - [TEST_STEP][PASSED] - println(tabR): null

02-12-2024T02:38:11 - [TEST_STEP][PASSED] - println(tabB): null

02-12-2024T02:38:11 - [TEST_STEP][PASSED] - println(o1R): null

02-12-2024T02:38:11 - [TEST_STEP][PASSED] - println(o1B): null

02-12-2024T02:38:11 - [TEST_STEP][PASSED] - PR = <not implemented yet for class: org.codehaus.groovy.ast.expr.EmptyExpression>: null

02-12-2024T02:38:11 - [TEST_STEP][PASSED] - FR = <not implemented yet for class: org.codehaus.groovy.ast.expr.EmptyExpression>: null

02-12-2024T02:38:11 - [TEST_STEP][PASSED] - PB = <not implemented yet for class: org.codehaus.groovy.ast.expr.EmptyExpression>: null

02-12-2024T02:38:11 - [TEST_STEP][PASSED] - FB = <not implemented yet for class: org.codehaus.groovy.ast.expr.EmptyExpression>: null

02-12-2024T02:38:11 - [TEST_STEP][PASSED] - TR = <not implemented yet for class: org.codehaus.groovy.ast.expr.EmptyExpression>: null

02-12-2024T02:38:11 - [TEST_STEP][PASSED] - TB = <not implemented yet for class: org.codehaus.groovy.ast.expr.EmptyExpression>: null

02-12-2024T02:38:11 - [TEST_STEP][PASSED] - sheetName = "Sheet1": null

02-12-2024T02:38:11 - [TEST_STEP][PASSED] - data = findTestData("PlanFact"): null

02-12-2024T02:38:12 - [TEST_STEP][PASSED] - n = data.getRowNumbers() + 1: null

02-12-2024T02:38:12 - [TEST_STEP][PASSED] - year = todaysDate.substring(todaysDate.length() - 4, todaysDate.length()): null

02-12-2024T02:38:12 - [TEST_STEP][PASSED] - y = year.toInteger(): null

02-12-2024T02:38:12 - [TEST_STEP][PASSED] - m = getText(findTestObject("Выполнение бизнес-плана/Выполнение бизнес-плана Балансы/Фильтр Дата")): Text of object 'Object Repository/Выполнение бизнес-плана/Выполнение бизнес-плана Балансы/Фильтр Дата' is: '1, 2, 3 кв., Октябрь 2024 года'

02-12-2024T02:38:12 - [MESSAGE][PASSED] - Text of object 'Object Repository/Выполнение бизнес-плана/Выполнение бизнес-плана Балансы/Фильтр Дата' is: '1, 2, 3 кв., Октябрь 2024 года'

02-12-2024T02:38:12 - [TEST_STEP][PASSED] - m = m.substring(0, m.indexOf("2024")): null

02-12-2024T02:38:12 - [TEST_STEP][PASSED] - m = m.trim(): null

02-12-2024T02:38:12 - [TEST_STEP][PASSED] - dashboardName = "Выполнение бизнес-плана": null

02-12-2024T02:38:12 - [TEST_STEP][PASSED] - workbook01 = getWorkbook(excelFilePath): null

02-12-2024T02:38:12 - [TEST_STEP][PASSED] - sheet01 = getExcelSheet(workbook01, sheetName): null

02-12-2024T02:38:12 - [TEST_STEP][PASSED] - setValueToCellByIndex(sheet01, n, 0, dashboardName): null

02-12-2024T02:38:12 - [TEST_STEP][PASSED] - setValueToCellByIndex(sheet01, n, 1, dZO): null

02-12-2024T02:38:12 - [TEST_STEP][PASSED] - setValueToCellByIndex(sheet01, n, 2, typeOfData): null

02-12-2024T02:38:12 - [TEST_STEP][PASSED] - setValueToCellByIndex(sheet01, n, 3, typeOfData): null

02-12-2024T02:38:12 - [TEST_STEP][PASSED] - if (typeOfData == "План"): null

02-12-2024T02:38:12 - [TEST_STEP][PASSED] - else if (typeOfData == "Факт"): null

02-12-2024T02:38:12 - [TEST_STEP][PASSED] - else if (vidget.contains("электроэнергии") == true): null

02-12-2024T02:38:12 - [TEST_STEP][PASSED] - if (tabR == null): null

02-12-2024T02:38:12 - [TEST_STEP][PASSED] - else: null

02-12-2024T02:38:12 - [TEST_STEP][PASSED] - if (tabR == "нет данных"): null

02-12-2024T02:38:12 - [TEST_STEP][PASSED] - setValueToCellByIndex(sheet01, n, 4, "нет данных"): null

02-12-2024T02:38:12 - [TEST_STEP][PASSED] - if (tabB == null): null

02-12-2024T02:38:12 - [TEST_STEP][PASSED] - else: null

02-12-2024T02:38:12 - [TEST_STEP][PASSED] - if (tabB == "нет данных"): null

02-12-2024T02:38:12 - [TEST_STEP][PASSED] - else: null

02-12-2024T02:38:12 - [TEST_STEP][PASSED] - TB = tabB.toInteger(): null

02-12-2024T02:38:12 - [TEST_STEP][PASSED] - setValueToCellByIndex(sheet01, n, 5, TB): null

02-12-2024T02:38:12 - [TEST_STEP][PASSED] - setValueToCellByIndex(sheet01, n, 6, m): null

02-12-2024T02:38:12 - [TEST_STEP][PASSED] - setValueToCellByIndex(sheet01, n, 7, y): null

02-12-2024T02:38:12 - [TEST_STEP][PASSED] - setValueToCellByIndex(sheet01, n, 8, todaysDate): null

02-12-2024T02:38:12 - [TEST_STEP][PASSED] - n = n + 1: null

02-12-2024T02:38:12 - [TEST_STEP][PASSED] - saveWorkbook(excelFilePath, workbook01): null

02-12-2024T02:38:12 - [TEST_STEP][PASSED] - ii2 = a.indexOf("ПАО"): null

02-12-2024T02:38:12 - [TEST_STEP][PASSED] - if (ii2 == -1): null

02-12-2024T02:38:12 - [TEST_STEP][PASSED] - vidget = "Отклонения фактического уровня потерь от бизнес-плана": null

02-12-2024T02:38:12 - [TEST_STEP][PASSED] - typeOfData = "Коэффициент": null

02-12-2024T02:38:12 - [TEST_STEP][PASSED] - o1R = Geto1R(x = a): null

02-12-2024T02:38:12 - [TEST_STEP][PASSED] - i1 = <not implemented yet for class: org.codehaus.groovy.ast.expr.EmptyExpression>: null

02-12-2024T02:38:12 - [TEST_STEP][PASSED] - ii = <not implemented yet for class: org.codehaus.groovy.ast.expr.EmptyExpression>: null

02-12-2024T02:38:12 - [TEST_STEP][PASSED] - for ([ii = 1, ii < 10, (ii++)]): null

02-12-2024T02:38:12 - [TEST_STEP][PASSED] - i1 = x.indexOf("/") + 1: null

02-12-2024T02:38:12 - [TEST_STEP][PASSED] - if (i1 > -1): null

02-12-2024T02:38:12 - [TEST_STEP][PASSED] - x = x.substring(i1, x.length()): null

02-12-2024T02:38:12 - [TEST_STEP][PASSED] - i1 = x.indexOf("/") + 1: null

02-12-2024T02:38:12 - [TEST_STEP][PASSED] - if (i1 > -1): null

02-12-2024T02:38:12 - [TEST_STEP][PASSED] - x = x.substring(i1, x.length()): null

02-12-2024T02:38:12 - [TEST_STEP][PASSED] - i1 = x.indexOf("/") + 1: null

02-12-2024T02:38:12 - [TEST_STEP][PASSED] - if (i1 > -1): null

02-12-2024T02:38:12 - [TEST_STEP][PASSED] - x = x.substring(i1, x.length()): null

02-12-2024T02:38:12 - [TEST_STEP][PASSED] - i1 = x.indexOf("/") + 1: null

02-12-2024T02:38:12 - [TEST_STEP][PASSED] - if (i1 > -1): null

02-12-2024T02:38:12 - [TEST_STEP][PASSED] - x = x.substring(i1, x.length()): null

02-12-2024T02:38:12 - [TEST_STEP][PASSED] - i1 = x.indexOf("/") + 1: null

02-12-2024T02:38:12 - [TEST_STEP][PASSED] - if (i1 > -1): null

02-12-2024T02:38:12 - [TEST_STEP][PASSED] - x = x.substring(i1, x.length()): null

02-12-2024T02:38:12 - [TEST_STEP][PASSED] - i1 = x.indexOf("/") + 1: null

02-12-2024T02:38:12 - [TEST_STEP][PASSED] - if (i1 > -1): null

02-12-2024T02:38:12 - [TEST_STEP][PASSED] - x = x.substring(i1, x.length()): null

02-12-2024T02:38:12 - [TEST_STEP][PASSED] - i1 = x.indexOf("/") + 1: null

02-12-2024T02:38:12 - [TEST_STEP][PASSED] - if (i1 > -1): null

02-12-2024T02:38:12 - [TEST_STEP][PASSED] - x = x.substring(i1, x.length()): null

02-12-2024T02:38:12 - [TEST_STEP][PASSED] - i1 = x.indexOf("/") + 1: null

02-12-2024T02:38:12 - [TEST_STEP][PASSED] - if (i1 > -1): null

02-12-2024T02:38:12 - [TEST_STEP][PASSED] - x = x.substring(i1, x.length()): null

02-12-2024T02:38:12 - [TEST_STEP][PASSED] - i1 = x.indexOf("/") + 1: null

02-12-2024T02:38:12 - [TEST_STEP][PASSED] - if (i1 > -1): null

02-12-2024T02:38:12 - [TEST_STEP][PASSED] - x = x.substring(i1, x.length()): null

02-12-2024T02:38:12 - [TEST_STEP][PASSED] - i1 = x.indexOf("/"): null

02-12-2024T02:38:12 - [TEST_STEP][PASSED] - if (i1 > -1): null

02-12-2024T02:38:12 - [TEST_STEP][PASSED] - println(x): null

02-12-2024T02:38:12 - [TEST_STEP][PASSED] - return x: null

02-12-2024T02:38:12 - [TEST_STEP][PASSED] - o1B = Geto1B(x = b): null

02-12-2024T02:38:12 - [TEST_STEP][PASSED] - i1 = <not implemented yet for class: org.codehaus.groovy.ast.expr.EmptyExpression>: null

02-12-2024T02:38:12 - [TEST_STEP][PASSED] - ii = <not implemented yet for class: org.codehaus.groovy.ast.expr.EmptyExpression>: null

02-12-2024T02:38:12 - [TEST_STEP][PASSED] - for ([ii = 1, ii < 10, (ii++)]): null

02-12-2024T02:38:12 - [TEST_STEP][PASSED] - i1 = x.indexOf("/") + 1: null

02-12-2024T02:38:12 - [TEST_STEP][PASSED] - if (i1 > -1): null

02-12-2024T02:38:12 - [TEST_STEP][PASSED] - x = x.substring(i1, x.length()): null

02-12-2024T02:38:12 - [TEST_STEP][PASSED] - i1 = x.indexOf("/") + 1: null

02-12-2024T02:38:12 - [TEST_STEP][PASSED] - if (i1 > -1): null

02-12-2024T02:38:12 - [TEST_STEP][PASSED] - x = x.substring(i1, x.length()): null

02-12-2024T02:38:12 - [TEST_STEP][PASSED] - i1 = x.indexOf("/") + 1: null

02-12-2024T02:38:12 - [TEST_STEP][PASSED] - if (i1 > -1): null

02-12-2024T02:38:12 - [TEST_STEP][PASSED] - x = x.substring(i1, x.length()): null

02-12-2024T02:38:12 - [TEST_STEP][PASSED] - i1 = x.indexOf("/") + 1: null

02-12-2024T02:38:12 - [TEST_STEP][PASSED] - if (i1 > -1): null

02-12-2024T02:38:12 - [TEST_STEP][PASSED] - x = x.substring(i1, x.length()): null

02-12-2024T02:38:12 - [TEST_STEP][PASSED] - i1 = x.indexOf("/") + 1: null

02-12-2024T02:38:12 - [TEST_STEP][PASSED] - if (i1 > -1): null

02-12-2024T02:38:12 - [TEST_STEP][PASSED] - x = x.substring(i1, x.length()): null

02-12-2024T02:38:12 - [TEST_STEP][PASSED] - i1 = x.indexOf("/") + 1: null

02-12-2024T02:38:12 - [TEST_STEP][PASSED] - if (i1 > -1): null

02-12-2024T02:38:12 - [TEST_STEP][PASSED] - x = x.substring(i1, x.length()): null

02-12-2024T02:38:12 - [TEST_STEP][PASSED] - i1 = x.indexOf("/") + 1: null

02-12-2024T02:38:12 - [TEST_STEP][PASSED] - if (i1 > -1): null

02-12-2024T02:38:12 - [TEST_STEP][PASSED] - x = x.substring(i1, x.length()): null

02-12-2024T02:38:12 - [TEST_STEP][PASSED] - i1 = x.indexOf("/") + 1: null

02-12-2024T02:38:12 - [TEST_STEP][PASSED] - if (i1 > -1): null

02-12-2024T02:38:12 - [TEST_STEP][PASSED] - x = x.substring(i1, x.length()): null

02-12-2024T02:38:12 - [TEST_STEP][PASSED] - i1 = x.indexOf("/") + 1: null

02-12-2024T02:38:12 - [TEST_STEP][PASSED] - if (i1 > -1): null

02-12-2024T02:38:12 - [TEST_STEP][PASSED] - x = x.substring(i1, x.length()): null

02-12-2024T02:38:12 - [TEST_STEP][PASSED] - i1 = x.indexOf("/"): null

02-12-2024T02:38:12 - [TEST_STEP][PASSED] - if (i1 > -1): null

02-12-2024T02:38:12 - [TEST_STEP][PASSED] - println(x): null

02-12-2024T02:38:12 - [TEST_STEP][FAILED] - return x: null

02-12-2024T02:38:12 - [TEST_STEP][PASSED] - println(o1R + "/" + o1B): null

02-12-2024T02:38:12 - [TEST_STEP][FAILED] - if (verifyEqual(PercFactR, PercFactB) == false): null

02-12-2024T02:38:12 - [MESSAGE][FAILED] - Unable to verify equal between actual object 'нет данных' and expected object '3.65' (Root cause: com.kms.katalon.core.exception.StepFailedException: Actual object 'нет данных' and expected object '3.65' are not equal
	at com.kms.katalon.core.keyword.builtin.VerifyEqualKeyword$_verifyEqual_closure1.doCall(VerifyEqualKeyword.groovy:58)
	at com.kms.katalon.core.keyword.builtin.VerifyEqualKeyword$_verifyEqual_closure1.call(VerifyEqualKeyword.groovy)
	at com.kms.katalon.core.keyword.internal.KeywordMain.runKeyword(KeywordMain.groovy:75)
	at com.kms.katalon.core.keyword.builtin.VerifyEqualKeyword.verifyEqual(VerifyEqualKeyword.groovy:63)
	at com.kms.katalon.core.keyword.builtin.VerifyEqualKeyword.execute(VerifyEqualKeyword.groovy:44)
	at com.kms.katalon.core.keyword.internal.KeywordExecutor.executeKeywordForPlatform(KeywordExecutor.groovy:74)
	at com.kms.katalon.core.keyword.BuiltinKeywords.verifyEqual(BuiltinKeywords.groovy:146)
	at jdk.internal.reflect.GeneratedMethodAccessor25.invoke(Unknown Source)
	at java.base/jdk.internal.reflect.DelegatingMethodAccessorImpl.invoke(DelegatingMethodAccessorImpl.java:43)
	at Выполнение бизнес-плана сверка дашбордов.CompareDZOData(Выполнение бизнес-плана сверка дашбордов:789)
	at Выполнение бизнес-плана сверка дашбордов.run(Выполнение бизнес-плана сверка дашбордов:583)
	at com.kms.katalon.core.main.ScriptEngine.run(ScriptEngine.java:194)
	at com.kms.katalon.core.main.ScriptEngine.runScriptAsRawText(ScriptEngine.java:119)
	at com.kms.katalon.core.main.TestCaseExecutor.runScript(TestCaseExecutor.java:448)
	at com.kms.katalon.core.main.TestCaseExecutor.doExecute(TestCaseExecutor.java:439)
	at com.kms.katalon.core.main.TestCaseExecutor.processExecutionPhase(TestCaseExecutor.java:418)
	at com.kms.katalon.core.main.TestCaseExecutor.accessMainPhase(TestCaseExecutor.java:410)
	at com.kms.katalon.core.main.TestCaseExecutor.execute(TestCaseExecutor.java:285)
	at com.kms.katalon.core.common.CommonExecutor.accessTestCaseMainPhase(CommonExecutor.java:65)
	at com.kms.katalon.core.main.TestSuiteExecutor.accessTestSuiteMainPhase(TestSuiteExecutor.java:150)
	at com.kms.katalon.core.main.TestSuiteExecutor.execute(TestSuiteExecutor.java:106)
	at com.kms.katalon.core.main.TestCaseMain.startTestSuite(TestCaseMain.java:180)
	at TempTestSuite1733095732962.run(TempTestSuite1733095732962.groovy:35)
	at java.base/jdk.internal.reflect.NativeMethodAccessorImpl.invoke0(Native Method)
	at java.base/jdk.internal.reflect.NativeMethodAccessorImpl.invoke(NativeMethodAccessorImpl.java:77)
	at java.base/jdk.internal.reflect.DelegatingMethodAccessorImpl.invoke(DelegatingMethodAccessorImpl.java:43)
)

02-12-2024T02:38:12 - [TEST_STEP][PASSED] - result = WriteToExcel(typeOfData, todaysDate, PercPlanR, PercPlanB, PercFactR, PercFactB, x, tabR, tabB, o1R, o1B, vidget): null

02-12-2024T02:38:12 - [TEST_STEP][PASSED] - iii = dZO.indexOf("/"): null

02-12-2024T02:38:12 - [TEST_STEP][PASSED] - println(iii): null

02-12-2024T02:38:12 - [TEST_STEP][PASSED] - dZO = dZO.substring(0, iii): null

02-12-2024T02:38:12 - [TEST_STEP][PASSED] - println(dZO): null

02-12-2024T02:38:12 - [TEST_STEP][PASSED] - println(PercPlanR): null

02-12-2024T02:38:12 - [TEST_STEP][PASSED] - println(PercPlanB): null

02-12-2024T02:38:12 - [TEST_STEP][PASSED] - println(PercFactR): null

02-12-2024T02:38:12 - [TEST_STEP][PASSED] - println(PercFactB): null

02-12-2024T02:38:12 - [TEST_STEP][PASSED] - println(tabR): null

02-12-2024T02:38:12 - [TEST_STEP][PASSED] - println(tabB): null

02-12-2024T02:38:12 - [TEST_STEP][PASSED] - println(o1R): null

02-12-2024T02:38:12 - [TEST_STEP][PASSED] - println(o1B): null

02-12-2024T02:38:12 - [TEST_STEP][PASSED] - PR = <not implemented yet for class: org.codehaus.groovy.ast.expr.EmptyExpression>: null

02-12-2024T02:38:12 - [TEST_STEP][PASSED] - FR = <not implemented yet for class: org.codehaus.groovy.ast.expr.EmptyExpression>: null

02-12-2024T02:38:12 - [TEST_STEP][PASSED] - PB = <not implemented yet for class: org.codehaus.groovy.ast.expr.EmptyExpression>: null

02-12-2024T02:38:12 - [TEST_STEP][PASSED] - FB = <not implemented yet for class: org.codehaus.groovy.ast.expr.EmptyExpression>: null

02-12-2024T02:38:12 - [TEST_STEP][PASSED] - TR = <not implemented yet for class: org.codehaus.groovy.ast.expr.EmptyExpression>: null

02-12-2024T02:38:12 - [TEST_STEP][PASSED] - TB = <not implemented yet for class: org.codehaus.groovy.ast.expr.EmptyExpression>: null

02-12-2024T02:38:12 - [TEST_STEP][PASSED] - sheetName = "Sheet1": null

02-12-2024T02:38:12 - [TEST_STEP][PASSED] - data = findTestData("PlanFact"): null

02-12-2024T02:38:12 - [TEST_STEP][PASSED] - n = data.getRowNumbers() + 1: null

02-12-2024T02:38:12 - [TEST_STEP][PASSED] - year = todaysDate.substring(todaysDate.length() - 4, todaysDate.length()): null

02-12-2024T02:38:12 - [TEST_STEP][PASSED] - y = year.toInteger(): null

02-12-2024T02:38:12 - [TEST_STEP][PASSED] - m = getText(findTestObject("Выполнение бизнес-плана/Выполнение бизнес-плана Балансы/Фильтр Дата")): Text of object 'Object Repository/Выполнение бизнес-плана/Выполнение бизнес-плана Балансы/Фильтр Дата' is: '1, 2, 3 кв., Октябрь 2024 года'

02-12-2024T02:38:12 - [MESSAGE][PASSED] - Text of object 'Object Repository/Выполнение бизнес-плана/Выполнение бизнес-плана Балансы/Фильтр Дата' is: '1, 2, 3 кв., Октябрь 2024 года'

02-12-2024T02:38:12 - [TEST_STEP][PASSED] - m = m.substring(0, m.indexOf("2024")): null

02-12-2024T02:38:12 - [TEST_STEP][PASSED] - m = m.trim(): null

02-12-2024T02:38:12 - [TEST_STEP][PASSED] - dashboardName = "Выполнение бизнес-плана": null

02-12-2024T02:38:12 - [TEST_STEP][PASSED] - workbook01 = getWorkbook(excelFilePath): null

02-12-2024T02:38:13 - [TEST_STEP][PASSED] - sheet01 = getExcelSheet(workbook01, sheetName): null

02-12-2024T02:38:13 - [TEST_STEP][PASSED] - setValueToCellByIndex(sheet01, n, 0, dashboardName): null

02-12-2024T02:38:13 - [TEST_STEP][PASSED] - setValueToCellByIndex(sheet01, n, 1, dZO): null

02-12-2024T02:38:13 - [TEST_STEP][PASSED] - setValueToCellByIndex(sheet01, n, 2, typeOfData): null

02-12-2024T02:38:13 - [TEST_STEP][PASSED] - setValueToCellByIndex(sheet01, n, 3, typeOfData): null

02-12-2024T02:38:13 - [TEST_STEP][PASSED] - if (typeOfData == "План"): null

02-12-2024T02:38:13 - [TEST_STEP][PASSED] - else if (typeOfData == "Факт"): null

02-12-2024T02:38:13 - [TEST_STEP][PASSED] - else if (vidget.contains("электроэнергии") == true): null

02-12-2024T02:38:13 - [TEST_STEP][PASSED] - else: null

02-12-2024T02:38:13 - [TEST_STEP][PASSED] - if (o1R == null): null

02-12-2024T02:38:13 - [TEST_STEP][PASSED] - else: null

02-12-2024T02:38:13 - [TEST_STEP][PASSED] - if (o1R == "нет данных"): null

02-12-2024T02:38:13 - [TEST_STEP][PASSED] - setValueToCellByIndex(sheet01, n, 4, "нет данных"): null

02-12-2024T02:38:13 - [TEST_STEP][PASSED] - if (o1B == null): null

02-12-2024T02:38:13 - [TEST_STEP][PASSED] - else: null

02-12-2024T02:38:13 - [TEST_STEP][PASSED] - if (o1B == "нет данных"): null

02-12-2024T02:38:13 - [TEST_STEP][PASSED] - else: null

02-12-2024T02:38:13 - [TEST_STEP][PASSED] - FB = o1B.toDouble(): null

02-12-2024T02:38:13 - [TEST_STEP][PASSED] - setValueToCellByIndex(sheet01, n, 5, FB): null

02-12-2024T02:38:13 - [TEST_STEP][PASSED] - setValueToCellByIndex(sheet01, n, 6, m): null

02-12-2024T02:38:13 - [TEST_STEP][PASSED] - setValueToCellByIndex(sheet01, n, 7, y): null

02-12-2024T02:38:13 - [TEST_STEP][PASSED] - setValueToCellByIndex(sheet01, n, 8, todaysDate): null

02-12-2024T02:38:13 - [TEST_STEP][PASSED] - n = n + 1: null

02-12-2024T02:38:13 - [TEST_STEP][FAILED] - saveWorkbook(excelFilePath, workbook01): null

02-12-2024T02:38:13 - [TEST_STEP][PASSED] - if (verifyEqual(tyR, tyB) == false): Actual object 'АО "Тываэнерго"/21.03/20.96/572217/452291/119926/544127/429681/114446/-0.07' and expected object 'АО "Тываэнерго"/21.03/20.96/572217/452291/119926/544127/429681/114446/-0.07' are equal

02-12-2024T02:38:13 - [MESSAGE][PASSED] - Actual object 'АО "Тываэнерго"/21.03/20.96/572217/452291/119926/544127/429681/114446/-0.07' and expected object 'АО "Тываэнерго"/21.03/20.96/572217/452291/119926/544127/429681/114446/-0.07' are equal

02-12-2024T02:38:13 - [TEST_STEP][PASSED] - if (verifyEqual(chR, chB) == false): Actual object 'АО "Чеченэнерго"/32.87/36.59/3034612/1924288/1110325/2822152/1894447/927705/3.72' and expected object 'АО "Чеченэнерго"/32.87/36.59/3034612/1924288/1110325/2822152/1894447/927705/3.72' are equal

02-12-2024T02:38:13 - [MESSAGE][PASSED] - Actual object 'АО "Чеченэнерго"/32.87/36.59/3034612/1924288/1110325/2822152/1894447/927705/3.72' and expected object 'АО "Чеченэнерго"/32.87/36.59/3034612/1924288/1110325/2822152/1894447/927705/3.72' are equal

02-12-2024T02:38:13 - [TEST_STEP][FAILED] - if (verifyEqual(vR, vB) == false): null

02-12-2024T02:38:13 - [MESSAGE][FAILED] - Unable to verify equal between actual object 'Россети Волга/нет данных/нет данных/нет данных/нет данных/нет данных/нет данных/нет данных/нет данных/нет данных' and expected object 'Россети Волга/5.43/5.05/44218047/41984455/2233593/43718080/41326865/2391215/-0.38' (Root cause: com.kms.katalon.core.exception.StepFailedException: Actual object 'Россети Волга/нет данных/нет данных/нет данных/нет данных/нет данных/нет данных/нет данных/нет данных/нет данных' and expected object 'Россети Волга/5.43/5.05/44218047/41984455/2233593/43718080/41326865/2391215/-0.38' are not equal
	at com.kms.katalon.core.keyword.builtin.VerifyEqualKeyword$_verifyEqual_closure1.doCall(VerifyEqualKeyword.groovy:58)
	at com.kms.katalon.core.keyword.builtin.VerifyEqualKeyword$_verifyEqual_closure1.call(VerifyEqualKeyword.groovy)
	at com.kms.katalon.core.keyword.internal.KeywordMain.runKeyword(KeywordMain.groovy:75)
	at com.kms.katalon.core.keyword.builtin.VerifyEqualKeyword.verifyEqual(VerifyEqualKeyword.groovy:63)
	at com.kms.katalon.core.keyword.builtin.VerifyEqualKeyword.execute(VerifyEqualKeyword.groovy:44)
	at com.kms.katalon.core.keyword.internal.KeywordExecutor.executeKeywordForPlatform(KeywordExecutor.groovy:74)
	at com.kms.katalon.core.keyword.BuiltinKeywords.verifyEqual(BuiltinKeywords.groovy:146)
	at jdk.internal.reflect.GeneratedMethodAccessor25.invoke(Unknown Source)
	at java.base/jdk.internal.reflect.DelegatingMethodAccessorImpl.invoke(DelegatingMethodAccessorImpl.java:43)
	at Выполнение бизнес-плана сверка дашбордов.run(Выполнение бизнес-плана сверка дашбордов:597)
	at com.kms.katalon.core.main.ScriptEngine.run(ScriptEngine.java:194)
	at com.kms.katalon.core.main.ScriptEngine.runScriptAsRawText(ScriptEngine.java:119)
	at com.kms.katalon.core.main.TestCaseExecutor.runScript(TestCaseExecutor.java:448)
	at com.kms.katalon.core.main.TestCaseExecutor.doExecute(TestCaseExecutor.java:439)
	at com.kms.katalon.core.main.TestCaseExecutor.processExecutionPhase(TestCaseExecutor.java:418)
	at com.kms.katalon.core.main.TestCaseExecutor.accessMainPhase(TestCaseExecutor.java:410)
	at com.kms.katalon.core.main.TestCaseExecutor.execute(TestCaseExecutor.java:285)
	at com.kms.katalon.core.common.CommonExecutor.accessTestCaseMainPhase(CommonExecutor.java:65)
	at com.kms.katalon.core.main.TestSuiteExecutor.accessTestSuiteMainPhase(TestSuiteExecutor.java:150)
	at com.kms.katalon.core.main.TestSuiteExecutor.execute(TestSuiteExecutor.java:106)
	at com.kms.katalon.core.main.TestCaseMain.startTestSuite(TestCaseMain.java:180)
	at TempTestSuite1733095732962.run(TempTestSuite1733095732962.groovy:35)
	at java.base/jdk.internal.reflect.NativeMethodAccessorImpl.invoke0(Native Method)
	at java.base/jdk.internal.reflect.NativeMethodAccessorImpl.invoke(NativeMethodAccessorImpl.java:77)
	at java.base/jdk.internal.reflect.DelegatingMethodAccessorImpl.invoke(DelegatingMethodAccessorImpl.java:43)
)

02-12-2024T02:38:13 - [TEST_STEP][PASSED] - result = CompareDZOData(a = vR, b = vB, dZO, typeOfData, PercPlanR, PercPlanB, PercFactR, PercFactB, todaysDate, x, vidget, tabR, tabB, o1R, o1B): null

02-12-2024T02:38:13 - [TEST_STEP][PASSED] - ii2 = <not implemented yet for class: org.codehaus.groovy.ast.expr.EmptyExpression>: null

02-12-2024T02:38:13 - [TEST_STEP][FAILED] - if (verifyEqual(a, b) == false): null

02-12-2024T02:38:13 - [MESSAGE][FAILED] - Unable to verify equal between actual object 'Россети Волга/нет данных/нет данных/нет данных/нет данных/нет данных/нет данных/нет данных/нет данных/нет данных' and expected object 'Россети Волга/5.43/5.05/44218047/41984455/2233593/43718080/41326865/2391215/-0.38' (Root cause: com.kms.katalon.core.exception.StepFailedException: Actual object 'Россети Волга/нет данных/нет данных/нет данных/нет данных/нет данных/нет данных/нет данных/нет данных/нет данных' and expected object 'Россети Волга/5.43/5.05/44218047/41984455/2233593/43718080/41326865/2391215/-0.38' are not equal
	at com.kms.katalon.core.keyword.builtin.VerifyEqualKeyword$_verifyEqual_closure1.doCall(VerifyEqualKeyword.groovy:58)
	at com.kms.katalon.core.keyword.builtin.VerifyEqualKeyword$_verifyEqual_closure1.call(VerifyEqualKeyword.groovy)
	at com.kms.katalon.core.keyword.internal.KeywordMain.runKeyword(KeywordMain.groovy:75)
	at com.kms.katalon.core.keyword.builtin.VerifyEqualKeyword.verifyEqual(VerifyEqualKeyword.groovy:63)
	at com.kms.katalon.core.keyword.builtin.VerifyEqualKeyword.execute(VerifyEqualKeyword.groovy:44)
	at com.kms.katalon.core.keyword.internal.KeywordExecutor.executeKeywordForPlatform(KeywordExecutor.groovy:74)
	at com.kms.katalon.core.keyword.BuiltinKeywords.verifyEqual(BuiltinKeywords.groovy:146)
	at jdk.internal.reflect.GeneratedMethodAccessor25.invoke(Unknown Source)
	at java.base/jdk.internal.reflect.DelegatingMethodAccessorImpl.invoke(DelegatingMethodAccessorImpl.java:43)
	at Выполнение бизнес-плана сверка дашбордов.CompareDZOData(Выполнение бизнес-плана сверка дашбордов:673)
	at Выполнение бизнес-плана сверка дашбордов.run(Выполнение бизнес-плана сверка дашбордов:598)
	at com.kms.katalon.core.main.ScriptEngine.run(ScriptEngine.java:194)
	at com.kms.katalon.core.main.ScriptEngine.runScriptAsRawText(ScriptEngine.java:119)
	at com.kms.katalon.core.main.TestCaseExecutor.runScript(TestCaseExecutor.java:448)
	at com.kms.katalon.core.main.TestCaseExecutor.doExecute(TestCaseExecutor.java:439)
	at com.kms.katalon.core.main.TestCaseExecutor.processExecutionPhase(TestCaseExecutor.java:418)
	at com.kms.katalon.core.main.TestCaseExecutor.accessMainPhase(TestCaseExecutor.java:410)
	at com.kms.katalon.core.main.TestCaseExecutor.execute(TestCaseExecutor.java:285)
	at com.kms.katalon.core.common.CommonExecutor.accessTestCaseMainPhase(CommonExecutor.java:65)
	at com.kms.katalon.core.main.TestSuiteExecutor.accessTestSuiteMainPhase(TestSuiteExecutor.java:150)
	at com.kms.katalon.core.main.TestSuiteExecutor.execute(TestSuiteExecutor.java:106)
	at com.kms.katalon.core.main.TestCaseMain.startTestSuite(TestCaseMain.java:180)
	at TempTestSuite1733095732962.run(TempTestSuite1733095732962.groovy:35)
	at java.base/jdk.internal.reflect.NativeMethodAccessorImpl.invoke0(Native Method)
	at java.base/jdk.internal.reflect.NativeMethodAccessorImpl.invoke(NativeMethodAccessorImpl.java:77)
	at java.base/jdk.internal.reflect.DelegatingMethodAccessorImpl.invoke(DelegatingMethodAccessorImpl.java:43)
)

02-12-2024T02:38:13 - [TEST_STEP][PASSED] - vidget = "Уровень потерь электроэнергии": null

02-12-2024T02:38:13 - [TEST_STEP][PASSED] - typeOfData = "План": null

02-12-2024T02:38:13 - [TEST_STEP][PASSED] - PercPlanR = GetPercPlanR(x = a): null

02-12-2024T02:38:13 - [TEST_STEP][PASSED] - i1 = <not implemented yet for class: org.codehaus.groovy.ast.expr.EmptyExpression>: null

02-12-2024T02:38:13 - [TEST_STEP][PASSED] - i1 = x.indexOf("/") + 1: null

02-12-2024T02:38:13 - [TEST_STEP][PASSED] - if (i1 > -1): null

02-12-2024T02:38:13 - [TEST_STEP][PASSED] - x = x.substring(i1, x.length()): null

02-12-2024T02:38:13 - [TEST_STEP][PASSED] - i1 = x.indexOf("/"): null

02-12-2024T02:38:13 - [TEST_STEP][PASSED] - if (i1 > -1): null

02-12-2024T02:38:13 - [TEST_STEP][PASSED] - x = x.substring(0, i1): null

02-12-2024T02:38:13 - [TEST_STEP][PASSED] - return x: null

02-12-2024T02:38:13 - [TEST_STEP][PASSED] - PercPlanB = GetPercPlanB(x = b): null

02-12-2024T02:38:13 - [TEST_STEP][PASSED] - i1 = <not implemented yet for class: org.codehaus.groovy.ast.expr.EmptyExpression>: null

02-12-2024T02:38:13 - [TEST_STEP][PASSED] - i1 = x.indexOf("/") + 1: null

02-12-2024T02:38:13 - [TEST_STEP][PASSED] - if (i1 > -1): null

02-12-2024T02:38:13 - [TEST_STEP][PASSED] - x = x.substring(i1, x.length()): null

02-12-2024T02:38:13 - [TEST_STEP][PASSED] - i1 = x.indexOf("/"): null

02-12-2024T02:38:13 - [TEST_STEP][PASSED] - if (i1 > -1): null

02-12-2024T02:38:13 - [TEST_STEP][PASSED] - x = x.substring(0, i1): null

02-12-2024T02:38:13 - [TEST_STEP][FAILED] - return x: null

02-12-2024T02:38:13 - [TEST_STEP][FAILED] - if (verifyEqual(PercPlanR, PercPlanB) == false): null

02-12-2024T02:38:13 - [MESSAGE][FAILED] - Unable to verify equal between actual object 'нет данных' and expected object '5.43' (Root cause: com.kms.katalon.core.exception.StepFailedException: Actual object 'нет данных' and expected object '5.43' are not equal
	at com.kms.katalon.core.keyword.builtin.VerifyEqualKeyword$_verifyEqual_closure1.doCall(VerifyEqualKeyword.groovy:58)
	at com.kms.katalon.core.keyword.builtin.VerifyEqualKeyword$_verifyEqual_closure1.call(VerifyEqualKeyword.groovy)
	at com.kms.katalon.core.keyword.internal.KeywordMain.runKeyword(KeywordMain.groovy:75)
	at com.kms.katalon.core.keyword.builtin.VerifyEqualKeyword.verifyEqual(VerifyEqualKeyword.groovy:63)
	at com.kms.katalon.core.keyword.builtin.VerifyEqualKeyword.execute(VerifyEqualKeyword.groovy:44)
	at com.kms.katalon.core.keyword.internal.KeywordExecutor.executeKeywordForPlatform(KeywordExecutor.groovy:74)
	at com.kms.katalon.core.keyword.BuiltinKeywords.verifyEqual(BuiltinKeywords.groovy:146)
	at jdk.internal.reflect.GeneratedMethodAccessor25.invoke(Unknown Source)
	at java.base/jdk.internal.reflect.DelegatingMethodAccessorImpl.invoke(DelegatingMethodAccessorImpl.java:43)
	at Выполнение бизнес-плана сверка дашбордов.CompareDZOData(Выполнение бизнес-плана сверка дашбордов:682)
	at Выполнение бизнес-плана сверка дашбордов.run(Выполнение бизнес-плана сверка дашбордов:598)
	at com.kms.katalon.core.main.ScriptEngine.run(ScriptEngine.java:194)
	at com.kms.katalon.core.main.ScriptEngine.runScriptAsRawText(ScriptEngine.java:119)
	at com.kms.katalon.core.main.TestCaseExecutor.runScript(TestCaseExecutor.java:448)
	at com.kms.katalon.core.main.TestCaseExecutor.doExecute(TestCaseExecutor.java:439)
	at com.kms.katalon.core.main.TestCaseExecutor.processExecutionPhase(TestCaseExecutor.java:418)
	at com.kms.katalon.core.main.TestCaseExecutor.accessMainPhase(TestCaseExecutor.java:410)
	at com.kms.katalon.core.main.TestCaseExecutor.execute(TestCaseExecutor.java:285)
	at com.kms.katalon.core.common.CommonExecutor.accessTestCaseMainPhase(CommonExecutor.java:65)
	at com.kms.katalon.core.main.TestSuiteExecutor.accessTestSuiteMainPhase(TestSuiteExecutor.java:150)
	at com.kms.katalon.core.main.TestSuiteExecutor.execute(TestSuiteExecutor.java:106)
	at com.kms.katalon.core.main.TestCaseMain.startTestSuite(TestCaseMain.java:180)
	at TempTestSuite1733095732962.run(TempTestSuite1733095732962.groovy:35)
	at java.base/jdk.internal.reflect.NativeMethodAccessorImpl.invoke0(Native Method)
	at java.base/jdk.internal.reflect.NativeMethodAccessorImpl.invoke(NativeMethodAccessorImpl.java:77)
	at java.base/jdk.internal.reflect.DelegatingMethodAccessorImpl.invoke(DelegatingMethodAccessorImpl.java:43)
)

02-12-2024T02:38:13 - [TEST_STEP][PASSED] - result = WriteToExcel(typeOfData, todaysDate, PercPlanR, PercPlanB, PercFactR, PercFactB, x, tabR, tabB, o1R, o1B, vidget): null

02-12-2024T02:38:13 - [TEST_STEP][PASSED] - iii = dZO.indexOf("/"): null

02-12-2024T02:38:13 - [TEST_STEP][PASSED] - println(iii): null

02-12-2024T02:38:13 - [TEST_STEP][PASSED] - dZO = dZO.substring(0, iii): null

02-12-2024T02:38:13 - [TEST_STEP][PASSED] - println(dZO): null

02-12-2024T02:38:13 - [TEST_STEP][PASSED] - println(PercPlanR): null

02-12-2024T02:38:13 - [TEST_STEP][PASSED] - println(PercPlanB): null

02-12-2024T02:38:13 - [TEST_STEP][PASSED] - println(PercFactR): null

02-12-2024T02:38:13 - [TEST_STEP][PASSED] - println(PercFactB): null

02-12-2024T02:38:13 - [TEST_STEP][PASSED] - println(tabR): null

02-12-2024T02:38:13 - [TEST_STEP][PASSED] - println(tabB): null

02-12-2024T02:38:13 - [TEST_STEP][PASSED] - println(o1R): null

02-12-2024T02:38:13 - [TEST_STEP][PASSED] - println(o1B): null

02-12-2024T02:38:13 - [TEST_STEP][PASSED] - PR = <not implemented yet for class: org.codehaus.groovy.ast.expr.EmptyExpression>: null

02-12-2024T02:38:13 - [TEST_STEP][PASSED] - FR = <not implemented yet for class: org.codehaus.groovy.ast.expr.EmptyExpression>: null

02-12-2024T02:38:13 - [TEST_STEP][PASSED] - PB = <not implemented yet for class: org.codehaus.groovy.ast.expr.EmptyExpression>: null

02-12-2024T02:38:13 - [TEST_STEP][PASSED] - FB = <not implemented yet for class: org.codehaus.groovy.ast.expr.EmptyExpression>: null

02-12-2024T02:38:13 - [TEST_STEP][PASSED] - TR = <not implemented yet for class: org.codehaus.groovy.ast.expr.EmptyExpression>: null

02-12-2024T02:38:13 - [TEST_STEP][PASSED] - TB = <not implemented yet for class: org.codehaus.groovy.ast.expr.EmptyExpression>: null

02-12-2024T02:38:13 - [TEST_STEP][PASSED] - sheetName = "Sheet1": null

02-12-2024T02:38:13 - [TEST_STEP][PASSED] - data = findTestData("PlanFact"): null

02-12-2024T02:38:13 - [TEST_STEP][PASSED] - n = data.getRowNumbers() + 1: null

02-12-2024T02:38:13 - [TEST_STEP][PASSED] - year = todaysDate.substring(todaysDate.length() - 4, todaysDate.length()): null

02-12-2024T02:38:13 - [TEST_STEP][PASSED] - y = year.toInteger(): null

02-12-2024T02:38:13 - [TEST_STEP][PASSED] - m = getText(findTestObject("Выполнение бизнес-плана/Выполнение бизнес-плана Балансы/Фильтр Дата")): Text of object 'Object Repository/Выполнение бизнес-плана/Выполнение бизнес-плана Балансы/Фильтр Дата' is: '1, 2, 3 кв., Октябрь 2024 года'

02-12-2024T02:38:13 - [MESSAGE][PASSED] - Text of object 'Object Repository/Выполнение бизнес-плана/Выполнение бизнес-плана Балансы/Фильтр Дата' is: '1, 2, 3 кв., Октябрь 2024 года'

02-12-2024T02:38:13 - [TEST_STEP][PASSED] - m = m.substring(0, m.indexOf("2024")): null

02-12-2024T02:38:13 - [TEST_STEP][PASSED] - m = m.trim(): null

02-12-2024T02:38:13 - [TEST_STEP][PASSED] - dashboardName = "Выполнение бизнес-плана": null

02-12-2024T02:38:13 - [TEST_STEP][PASSED] - workbook01 = getWorkbook(excelFilePath): null

02-12-2024T02:38:13 - [TEST_STEP][PASSED] - sheet01 = getExcelSheet(workbook01, sheetName): null

02-12-2024T02:38:13 - [TEST_STEP][PASSED] - setValueToCellByIndex(sheet01, n, 0, dashboardName): null

02-12-2024T02:38:13 - [TEST_STEP][PASSED] - setValueToCellByIndex(sheet01, n, 1, dZO): null

02-12-2024T02:38:13 - [TEST_STEP][PASSED] - setValueToCellByIndex(sheet01, n, 2, typeOfData): null

02-12-2024T02:38:13 - [TEST_STEP][PASSED] - setValueToCellByIndex(sheet01, n, 3, typeOfData): null

02-12-2024T02:38:13 - [TEST_STEP][PASSED] - if (typeOfData == "План"): null

02-12-2024T02:38:13 - [TEST_STEP][PASSED] - if (PercPlanR == null): null

02-12-2024T02:38:13 - [TEST_STEP][PASSED] - else: null

02-12-2024T02:38:13 - [TEST_STEP][PASSED] - if (PercPlanR == "нет данных"): null

02-12-2024T02:38:13 - [TEST_STEP][PASSED] - setValueToCellByIndex(sheet01, n, 4, "нет данных"): null

02-12-2024T02:38:13 - [TEST_STEP][PASSED] - if (PercPlanB == null): null

02-12-2024T02:38:13 - [TEST_STEP][PASSED] - else: null

02-12-2024T02:38:13 - [TEST_STEP][PASSED] - if (PercPlanB == "нет данных"): null

02-12-2024T02:38:13 - [TEST_STEP][PASSED] - else: null

02-12-2024T02:38:13 - [TEST_STEP][PASSED] - PB = PercPlanB.toDouble(): null

02-12-2024T02:38:13 - [TEST_STEP][PASSED] - setValueToCellByIndex(sheet01, n, 5, PB): null

02-12-2024T02:38:13 - [TEST_STEP][PASSED] - setValueToCellByIndex(sheet01, n, 6, m): null

02-12-2024T02:38:13 - [TEST_STEP][PASSED] - setValueToCellByIndex(sheet01, n, 7, y): null

02-12-2024T02:38:13 - [TEST_STEP][PASSED] - setValueToCellByIndex(sheet01, n, 8, todaysDate): null

02-12-2024T02:38:13 - [TEST_STEP][PASSED] - n = n + 1: null

02-12-2024T02:38:13 - [TEST_STEP][PASSED] - saveWorkbook(excelFilePath, workbook01): null

02-12-2024T02:38:13 - [TEST_STEP][PASSED] - typeOfData = "Факт": null

02-12-2024T02:38:13 - [TEST_STEP][PASSED] - PercFactR = GetPercFactR(x = a): null

02-12-2024T02:38:13 - [TEST_STEP][PASSED] - i1 = <not implemented yet for class: org.codehaus.groovy.ast.expr.EmptyExpression>: null

02-12-2024T02:38:13 - [TEST_STEP][PASSED] - ii = <not implemented yet for class: org.codehaus.groovy.ast.expr.EmptyExpression>: null

02-12-2024T02:38:13 - [TEST_STEP][PASSED] - for ([ii = 1, ii < 3, (ii++)]): null

02-12-2024T02:38:13 - [TEST_STEP][PASSED] - i1 = x.indexOf("/") + 1: null

02-12-2024T02:38:13 - [TEST_STEP][PASSED] - if (i1 > -1): null

02-12-2024T02:38:13 - [TEST_STEP][PASSED] - x = x.substring(i1, x.length()): null

02-12-2024T02:38:13 - [TEST_STEP][PASSED] - println(x): null

02-12-2024T02:38:13 - [TEST_STEP][PASSED] - i1 = x.indexOf("/") + 1: null

02-12-2024T02:38:13 - [TEST_STEP][PASSED] - if (i1 > -1): null

02-12-2024T02:38:13 - [TEST_STEP][PASSED] - x = x.substring(i1, x.length()): null

02-12-2024T02:38:13 - [TEST_STEP][PASSED] - println(x): null

02-12-2024T02:38:13 - [TEST_STEP][PASSED] - i1 = x.indexOf("/"): null

02-12-2024T02:38:13 - [TEST_STEP][PASSED] - if (i1 > -1): null

02-12-2024T02:38:13 - [TEST_STEP][PASSED] - x = x.substring(0, i1): null

02-12-2024T02:38:13 - [TEST_STEP][PASSED] - println(x): null

02-12-2024T02:38:13 - [TEST_STEP][PASSED] - return x: null

02-12-2024T02:38:13 - [TEST_STEP][PASSED] - PercFactB = GetPercFactB(x = b): null

02-12-2024T02:38:13 - [TEST_STEP][PASSED] - i1 = <not implemented yet for class: org.codehaus.groovy.ast.expr.EmptyExpression>: null

02-12-2024T02:38:13 - [TEST_STEP][PASSED] - ii = <not implemented yet for class: org.codehaus.groovy.ast.expr.EmptyExpression>: null

02-12-2024T02:38:13 - [TEST_STEP][PASSED] - for ([ii = 1, ii < 3, (ii++)]): null

02-12-2024T02:38:13 - [TEST_STEP][PASSED] - i1 = x.indexOf("/") + 1: null

02-12-2024T02:38:13 - [TEST_STEP][PASSED] - if (i1 > -1): null

02-12-2024T02:38:13 - [TEST_STEP][PASSED] - x = x.substring(i1, x.length()): null

02-12-2024T02:38:13 - [TEST_STEP][PASSED] - println(x): null

02-12-2024T02:38:13 - [TEST_STEP][PASSED] - i1 = x.indexOf("/") + 1: null

02-12-2024T02:38:13 - [TEST_STEP][PASSED] - if (i1 > -1): null

02-12-2024T02:38:13 - [TEST_STEP][PASSED] - x = x.substring(i1, x.length()): null

02-12-2024T02:38:13 - [TEST_STEP][PASSED] - println(x): null

02-12-2024T02:38:13 - [TEST_STEP][PASSED] - i1 = x.indexOf("/"): null

02-12-2024T02:38:13 - [TEST_STEP][PASSED] - if (i1 > -1): null

02-12-2024T02:38:13 - [TEST_STEP][PASSED] - x = x.substring(0, i1): null

02-12-2024T02:38:13 - [TEST_STEP][PASSED] - println(x): null

02-12-2024T02:38:13 - [TEST_STEP][FAILED] - return x: null

02-12-2024T02:38:13 - [TEST_STEP][FAILED] - if (verifyEqual(PercFactR, PercFactB) == false): null

02-12-2024T02:38:13 - [MESSAGE][FAILED] - Unable to verify equal between actual object 'нет данных' and expected object '5.05' (Root cause: com.kms.katalon.core.exception.StepFailedException: Actual object 'нет данных' and expected object '5.05' are not equal
	at com.kms.katalon.core.keyword.builtin.VerifyEqualKeyword$_verifyEqual_closure1.doCall(VerifyEqualKeyword.groovy:58)
	at com.kms.katalon.core.keyword.builtin.VerifyEqualKeyword$_verifyEqual_closure1.call(VerifyEqualKeyword.groovy)
	at com.kms.katalon.core.keyword.internal.KeywordMain.runKeyword(KeywordMain.groovy:75)
	at com.kms.katalon.core.keyword.builtin.VerifyEqualKeyword.verifyEqual(VerifyEqualKeyword.groovy:63)
	at com.kms.katalon.core.keyword.builtin.VerifyEqualKeyword.execute(VerifyEqualKeyword.groovy:44)
	at com.kms.katalon.core.keyword.internal.KeywordExecutor.executeKeywordForPlatform(KeywordExecutor.groovy:74)
	at com.kms.katalon.core.keyword.BuiltinKeywords.verifyEqual(BuiltinKeywords.groovy:146)
	at jdk.internal.reflect.GeneratedMethodAccessor25.invoke(Unknown Source)
	at java.base/jdk.internal.reflect.DelegatingMethodAccessorImpl.invoke(DelegatingMethodAccessorImpl.java:43)
	at Выполнение бизнес-плана сверка дашбордов.CompareDZOData(Выполнение бизнес-плана сверка дашбордов:693)
	at Выполнение бизнес-плана сверка дашбордов.run(Выполнение бизнес-плана сверка дашбордов:598)
	at com.kms.katalon.core.main.ScriptEngine.run(ScriptEngine.java:194)
	at com.kms.katalon.core.main.ScriptEngine.runScriptAsRawText(ScriptEngine.java:119)
	at com.kms.katalon.core.main.TestCaseExecutor.runScript(TestCaseExecutor.java:448)
	at com.kms.katalon.core.main.TestCaseExecutor.doExecute(TestCaseExecutor.java:439)
	at com.kms.katalon.core.main.TestCaseExecutor.processExecutionPhase(TestCaseExecutor.java:418)
	at com.kms.katalon.core.main.TestCaseExecutor.accessMainPhase(TestCaseExecutor.java:410)
	at com.kms.katalon.core.main.TestCaseExecutor.execute(TestCaseExecutor.java:285)
	at com.kms.katalon.core.common.CommonExecutor.accessTestCaseMainPhase(CommonExecutor.java:65)
	at com.kms.katalon.core.main.TestSuiteExecutor.accessTestSuiteMainPhase(TestSuiteExecutor.java:150)
	at com.kms.katalon.core.main.TestSuiteExecutor.execute(TestSuiteExecutor.java:106)
	at com.kms.katalon.core.main.TestCaseMain.startTestSuite(TestCaseMain.java:180)
	at TempTestSuite1733095732962.run(TempTestSuite1733095732962.groovy:35)
	at java.base/jdk.internal.reflect.NativeMethodAccessorImpl.invoke0(Native Method)
	at java.base/jdk.internal.reflect.NativeMethodAccessorImpl.invoke(NativeMethodAccessorImpl.java:77)
	at java.base/jdk.internal.reflect.DelegatingMethodAccessorImpl.invoke(DelegatingMethodAccessorImpl.java:43)
)

02-12-2024T02:38:13 - [TEST_STEP][PASSED] - result = WriteToExcel(typeOfData, todaysDate, PercPlanR, PercPlanB, PercFactR, PercFactB, x, tabR, tabB, o1R, o1B, vidget): null

02-12-2024T02:38:13 - [TEST_STEP][PASSED] - iii = dZO.indexOf("/"): null

02-12-2024T02:38:13 - [TEST_STEP][PASSED] - println(iii): null

02-12-2024T02:38:13 - [TEST_STEP][PASSED] - dZO = dZO.substring(0, iii): null

02-12-2024T02:38:13 - [TEST_STEP][PASSED] - println(dZO): null

02-12-2024T02:38:13 - [TEST_STEP][PASSED] - println(PercPlanR): null

02-12-2024T02:38:13 - [TEST_STEP][PASSED] - println(PercPlanB): null

02-12-2024T02:38:13 - [TEST_STEP][PASSED] - println(PercFactR): null

02-12-2024T02:38:13 - [TEST_STEP][PASSED] - println(PercFactB): null

02-12-2024T02:38:13 - [TEST_STEP][PASSED] - println(tabR): null

02-12-2024T02:38:13 - [TEST_STEP][PASSED] - println(tabB): null

02-12-2024T02:38:13 - [TEST_STEP][PASSED] - println(o1R): null

02-12-2024T02:38:13 - [TEST_STEP][PASSED] - println(o1B): null

02-12-2024T02:38:13 - [TEST_STEP][PASSED] - PR = <not implemented yet for class: org.codehaus.groovy.ast.expr.EmptyExpression>: null

02-12-2024T02:38:13 - [TEST_STEP][PASSED] - FR = <not implemented yet for class: org.codehaus.groovy.ast.expr.EmptyExpression>: null

02-12-2024T02:38:13 - [TEST_STEP][PASSED] - PB = <not implemented yet for class: org.codehaus.groovy.ast.expr.EmptyExpression>: null

02-12-2024T02:38:13 - [TEST_STEP][PASSED] - FB = <not implemented yet for class: org.codehaus.groovy.ast.expr.EmptyExpression>: null

02-12-2024T02:38:13 - [TEST_STEP][PASSED] - TR = <not implemented yet for class: org.codehaus.groovy.ast.expr.EmptyExpression>: null

02-12-2024T02:38:13 - [TEST_STEP][PASSED] - TB = <not implemented yet for class: org.codehaus.groovy.ast.expr.EmptyExpression>: null

02-12-2024T02:38:13 - [TEST_STEP][PASSED] - sheetName = "Sheet1": null

02-12-2024T02:38:13 - [TEST_STEP][PASSED] - data = findTestData("PlanFact"): null

02-12-2024T02:38:14 - [TEST_STEP][PASSED] - n = data.getRowNumbers() + 1: null

02-12-2024T02:38:14 - [TEST_STEP][PASSED] - year = todaysDate.substring(todaysDate.length() - 4, todaysDate.length()): null

02-12-2024T02:38:14 - [TEST_STEP][PASSED] - y = year.toInteger(): null

02-12-2024T02:38:14 - [TEST_STEP][PASSED] - m = getText(findTestObject("Выполнение бизнес-плана/Выполнение бизнес-плана Балансы/Фильтр Дата")): Text of object 'Object Repository/Выполнение бизнес-плана/Выполнение бизнес-плана Балансы/Фильтр Дата' is: '1, 2, 3 кв., Октябрь 2024 года'

02-12-2024T02:38:14 - [MESSAGE][PASSED] - Text of object 'Object Repository/Выполнение бизнес-плана/Выполнение бизнес-плана Балансы/Фильтр Дата' is: '1, 2, 3 кв., Октябрь 2024 года'

02-12-2024T02:38:14 - [TEST_STEP][PASSED] - m = m.substring(0, m.indexOf("2024")): null

02-12-2024T02:38:14 - [TEST_STEP][PASSED] - m = m.trim(): null

02-12-2024T02:38:14 - [TEST_STEP][PASSED] - dashboardName = "Выполнение бизнес-плана": null

02-12-2024T02:38:14 - [TEST_STEP][PASSED] - workbook01 = getWorkbook(excelFilePath): null

02-12-2024T02:38:14 - [TEST_STEP][PASSED] - sheet01 = getExcelSheet(workbook01, sheetName): null

02-12-2024T02:38:14 - [TEST_STEP][PASSED] - setValueToCellByIndex(sheet01, n, 0, dashboardName): null

02-12-2024T02:38:14 - [TEST_STEP][PASSED] - setValueToCellByIndex(sheet01, n, 1, dZO): null

02-12-2024T02:38:14 - [TEST_STEP][PASSED] - setValueToCellByIndex(sheet01, n, 2, typeOfData): null

02-12-2024T02:38:14 - [TEST_STEP][PASSED] - setValueToCellByIndex(sheet01, n, 3, typeOfData): null

02-12-2024T02:38:14 - [TEST_STEP][PASSED] - if (typeOfData == "План"): null

02-12-2024T02:38:14 - [TEST_STEP][PASSED] - else if (typeOfData == "Факт"): null

02-12-2024T02:38:14 - [TEST_STEP][PASSED] - if (PercFactR == null): null

02-12-2024T02:38:14 - [TEST_STEP][PASSED] - else: null

02-12-2024T02:38:14 - [TEST_STEP][PASSED] - if (PercFactR == "нет данных"): null

02-12-2024T02:38:14 - [TEST_STEP][PASSED] - setValueToCellByIndex(sheet01, n, 4, "нет данных"): null

02-12-2024T02:38:14 - [TEST_STEP][PASSED] - if (PercFactB == null): null

02-12-2024T02:38:14 - [TEST_STEP][PASSED] - else: null

02-12-2024T02:38:14 - [TEST_STEP][PASSED] - if (PercFactB == "нет данных"): null

02-12-2024T02:38:14 - [TEST_STEP][PASSED] - else: null

02-12-2024T02:38:14 - [TEST_STEP][PASSED] - FB = PercFactB.toDouble(): null

02-12-2024T02:38:14 - [TEST_STEP][PASSED] - setValueToCellByIndex(sheet01, n, 5, FB): null

02-12-2024T02:38:14 - [TEST_STEP][PASSED] - setValueToCellByIndex(sheet01, n, 6, m): null

02-12-2024T02:38:14 - [TEST_STEP][PASSED] - setValueToCellByIndex(sheet01, n, 7, y): null

02-12-2024T02:38:14 - [TEST_STEP][PASSED] - setValueToCellByIndex(sheet01, n, 8, todaysDate): null

02-12-2024T02:38:14 - [TEST_STEP][PASSED] - n = n + 1: null

02-12-2024T02:38:14 - [TEST_STEP][PASSED] - saveWorkbook(excelFilePath, workbook01): null

02-12-2024T02:38:14 - [TEST_STEP][PASSED] - vidget = "Показатели баланса электроэнергии по ДЗО – Факт": null

02-12-2024T02:38:14 - [TEST_STEP][PASSED] - typeOfData = "Факт Отпуск в сеть": null

02-12-2024T02:38:14 - [TEST_STEP][PASSED] - tabR = GetOvSFactR(x = a): null

02-12-2024T02:38:14 - [TEST_STEP][PASSED] - i1 = <not implemented yet for class: org.codehaus.groovy.ast.expr.EmptyExpression>: null

02-12-2024T02:38:14 - [TEST_STEP][PASSED] - ii = <not implemented yet for class: org.codehaus.groovy.ast.expr.EmptyExpression>: null

02-12-2024T02:38:14 - [TEST_STEP][PASSED] - for ([ii = 1, ii < 4, (ii++)]): null

02-12-2024T02:38:14 - [TEST_STEP][PASSED] - i1 = x.indexOf("/") + 1: null

02-12-2024T02:38:14 - [TEST_STEP][PASSED] - if (i1 > -1): null

02-12-2024T02:38:14 - [TEST_STEP][PASSED] - x = x.substring(i1, x.length()): null

02-12-2024T02:38:14 - [TEST_STEP][PASSED] - println(x): null

02-12-2024T02:38:14 - [TEST_STEP][PASSED] - i1 = x.indexOf("/") + 1: null

02-12-2024T02:38:14 - [TEST_STEP][PASSED] - if (i1 > -1): null

02-12-2024T02:38:14 - [TEST_STEP][PASSED] - x = x.substring(i1, x.length()): null

02-12-2024T02:38:14 - [TEST_STEP][PASSED] - println(x): null

02-12-2024T02:38:14 - [TEST_STEP][PASSED] - i1 = x.indexOf("/") + 1: null

02-12-2024T02:38:14 - [TEST_STEP][PASSED] - if (i1 > -1): null

02-12-2024T02:38:14 - [TEST_STEP][PASSED] - x = x.substring(i1, x.length()): null

02-12-2024T02:38:14 - [TEST_STEP][PASSED] - println(x): null

02-12-2024T02:38:14 - [TEST_STEP][PASSED] - i1 = x.indexOf("/"): null

02-12-2024T02:38:14 - [TEST_STEP][PASSED] - if (i1 > -1): null

02-12-2024T02:38:14 - [TEST_STEP][PASSED] - x = x.substring(0, i1): null

02-12-2024T02:38:14 - [TEST_STEP][PASSED] - println(x): null

02-12-2024T02:38:14 - [TEST_STEP][PASSED] - return x: null

02-12-2024T02:38:14 - [TEST_STEP][PASSED] - tabB = GetOvSFactB(x = b): null

02-12-2024T02:38:14 - [TEST_STEP][PASSED] - i1 = <not implemented yet for class: org.codehaus.groovy.ast.expr.EmptyExpression>: null

02-12-2024T02:38:14 - [TEST_STEP][PASSED] - ii = <not implemented yet for class: org.codehaus.groovy.ast.expr.EmptyExpression>: null

02-12-2024T02:38:14 - [TEST_STEP][PASSED] - for ([ii = 1, ii < 4, (ii++)]): null

02-12-2024T02:38:14 - [TEST_STEP][PASSED] - i1 = x.indexOf("/") + 1: null

02-12-2024T02:38:14 - [TEST_STEP][PASSED] - if (i1 > -1): null

02-12-2024T02:38:14 - [TEST_STEP][PASSED] - x = x.substring(i1, x.length()): null

02-12-2024T02:38:14 - [TEST_STEP][PASSED] - println(x): null

02-12-2024T02:38:14 - [TEST_STEP][PASSED] - i1 = x.indexOf("/") + 1: null

02-12-2024T02:38:14 - [TEST_STEP][PASSED] - if (i1 > -1): null

02-12-2024T02:38:14 - [TEST_STEP][PASSED] - x = x.substring(i1, x.length()): null

02-12-2024T02:38:14 - [TEST_STEP][PASSED] - println(x): null

02-12-2024T02:38:14 - [TEST_STEP][PASSED] - i1 = x.indexOf("/") + 1: null

02-12-2024T02:38:14 - [TEST_STEP][PASSED] - if (i1 > -1): null

02-12-2024T02:38:14 - [TEST_STEP][PASSED] - x = x.substring(i1, x.length()): null

02-12-2024T02:38:14 - [TEST_STEP][PASSED] - println(x): null

02-12-2024T02:38:14 - [TEST_STEP][PASSED] - i1 = x.indexOf("/"): null

02-12-2024T02:38:14 - [TEST_STEP][PASSED] - if (i1 > -1): null

02-12-2024T02:38:14 - [TEST_STEP][PASSED] - x = x.substring(0, i1): null

02-12-2024T02:38:14 - [TEST_STEP][PASSED] - println(x): null

02-12-2024T02:38:14 - [TEST_STEP][FAILED] - return x: null

02-12-2024T02:38:14 - [TEST_STEP][FAILED] - if (verifyEqual(tabR, tabB) == false): null

02-12-2024T02:38:14 - [MESSAGE][FAILED] - Unable to verify equal between actual object 'нет данных' and expected object '44218047' (Root cause: com.kms.katalon.core.exception.StepFailedException: Actual object 'нет данных' and expected object '44218047' are not equal
	at com.kms.katalon.core.keyword.builtin.VerifyEqualKeyword$_verifyEqual_closure1.doCall(VerifyEqualKeyword.groovy:58)
	at com.kms.katalon.core.keyword.builtin.VerifyEqualKeyword$_verifyEqual_closure1.call(VerifyEqualKeyword.groovy)
	at com.kms.katalon.core.keyword.internal.KeywordMain.runKeyword(KeywordMain.groovy:75)
	at com.kms.katalon.core.keyword.builtin.VerifyEqualKeyword.verifyEqual(VerifyEqualKeyword.groovy:63)
	at com.kms.katalon.core.keyword.builtin.VerifyEqualKeyword.execute(VerifyEqualKeyword.groovy:44)
	at com.kms.katalon.core.keyword.internal.KeywordExecutor.executeKeywordForPlatform(KeywordExecutor.groovy:74)
	at com.kms.katalon.core.keyword.BuiltinKeywords.verifyEqual(BuiltinKeywords.groovy:146)
	at jdk.internal.reflect.GeneratedMethodAccessor25.invoke(Unknown Source)
	at java.base/jdk.internal.reflect.DelegatingMethodAccessorImpl.invoke(DelegatingMethodAccessorImpl.java:43)
	at Выполнение бизнес-плана сверка дашбордов.CompareDZOData(Выполнение бизнес-плана сверка дашбордов:706)
	at Выполнение бизнес-плана сверка дашбордов.run(Выполнение бизнес-плана сверка дашбордов:598)
	at com.kms.katalon.core.main.ScriptEngine.run(ScriptEngine.java:194)
	at com.kms.katalon.core.main.ScriptEngine.runScriptAsRawText(ScriptEngine.java:119)
	at com.kms.katalon.core.main.TestCaseExecutor.runScript(TestCaseExecutor.java:448)
	at com.kms.katalon.core.main.TestCaseExecutor.doExecute(TestCaseExecutor.java:439)
	at com.kms.katalon.core.main.TestCaseExecutor.processExecutionPhase(TestCaseExecutor.java:418)
	at com.kms.katalon.core.main.TestCaseExecutor.accessMainPhase(TestCaseExecutor.java:410)
	at com.kms.katalon.core.main.TestCaseExecutor.execute(TestCaseExecutor.java:285)
	at com.kms.katalon.core.common.CommonExecutor.accessTestCaseMainPhase(CommonExecutor.java:65)
	at com.kms.katalon.core.main.TestSuiteExecutor.accessTestSuiteMainPhase(TestSuiteExecutor.java:150)
	at com.kms.katalon.core.main.TestSuiteExecutor.execute(TestSuiteExecutor.java:106)
	at com.kms.katalon.core.main.TestCaseMain.startTestSuite(TestCaseMain.java:180)
	at TempTestSuite1733095732962.run(TempTestSuite1733095732962.groovy:35)
	at java.base/jdk.internal.reflect.NativeMethodAccessorImpl.invoke0(Native Method)
	at java.base/jdk.internal.reflect.NativeMethodAccessorImpl.invoke(NativeMethodAccessorImpl.java:77)
	at java.base/jdk.internal.reflect.DelegatingMethodAccessorImpl.invoke(DelegatingMethodAccessorImpl.java:43)
)

02-12-2024T02:38:14 - [TEST_STEP][PASSED] - result = WriteToExcel(typeOfData, todaysDate, PercPlanR, PercPlanB, PercFactR, PercFactB, x, tabR, tabB, o1R, o1B, vidget): null

02-12-2024T02:38:14 - [TEST_STEP][PASSED] - iii = dZO.indexOf("/"): null

02-12-2024T02:38:14 - [TEST_STEP][PASSED] - println(iii): null

02-12-2024T02:38:14 - [TEST_STEP][PASSED] - dZO = dZO.substring(0, iii): null

02-12-2024T02:38:14 - [TEST_STEP][PASSED] - println(dZO): null

02-12-2024T02:38:14 - [TEST_STEP][PASSED] - println(PercPlanR): null

02-12-2024T02:38:14 - [TEST_STEP][PASSED] - println(PercPlanB): null

02-12-2024T02:38:14 - [TEST_STEP][PASSED] - println(PercFactR): null

02-12-2024T02:38:14 - [TEST_STEP][PASSED] - println(PercFactB): null

02-12-2024T02:38:14 - [TEST_STEP][PASSED] - println(tabR): null

02-12-2024T02:38:14 - [TEST_STEP][PASSED] - println(tabB): null

02-12-2024T02:38:14 - [TEST_STEP][PASSED] - println(o1R): null

02-12-2024T02:38:14 - [TEST_STEP][PASSED] - println(o1B): null

02-12-2024T02:38:14 - [TEST_STEP][PASSED] - PR = <not implemented yet for class: org.codehaus.groovy.ast.expr.EmptyExpression>: null

02-12-2024T02:38:14 - [TEST_STEP][PASSED] - FR = <not implemented yet for class: org.codehaus.groovy.ast.expr.EmptyExpression>: null

02-12-2024T02:38:14 - [TEST_STEP][PASSED] - PB = <not implemented yet for class: org.codehaus.groovy.ast.expr.EmptyExpression>: null

02-12-2024T02:38:14 - [TEST_STEP][PASSED] - FB = <not implemented yet for class: org.codehaus.groovy.ast.expr.EmptyExpression>: null

02-12-2024T02:38:14 - [TEST_STEP][PASSED] - TR = <not implemented yet for class: org.codehaus.groovy.ast.expr.EmptyExpression>: null

02-12-2024T02:38:14 - [TEST_STEP][PASSED] - TB = <not implemented yet for class: org.codehaus.groovy.ast.expr.EmptyExpression>: null

02-12-2024T02:38:14 - [TEST_STEP][PASSED] - sheetName = "Sheet1": null

02-12-2024T02:38:14 - [TEST_STEP][PASSED] - data = findTestData("PlanFact"): null

02-12-2024T02:38:14 - [TEST_STEP][PASSED] - n = data.getRowNumbers() + 1: null

02-12-2024T02:38:14 - [TEST_STEP][PASSED] - year = todaysDate.substring(todaysDate.length() - 4, todaysDate.length()): null

02-12-2024T02:38:14 - [TEST_STEP][PASSED] - y = year.toInteger(): null

02-12-2024T02:38:14 - [TEST_STEP][PASSED] - m = getText(findTestObject("Выполнение бизнес-плана/Выполнение бизнес-плана Балансы/Фильтр Дата")): Text of object 'Object Repository/Выполнение бизнес-плана/Выполнение бизнес-плана Балансы/Фильтр Дата' is: '1, 2, 3 кв., Октябрь 2024 года'

02-12-2024T02:38:14 - [MESSAGE][PASSED] - Text of object 'Object Repository/Выполнение бизнес-плана/Выполнение бизнес-плана Балансы/Фильтр Дата' is: '1, 2, 3 кв., Октябрь 2024 года'

02-12-2024T02:38:14 - [TEST_STEP][PASSED] - m = m.substring(0, m.indexOf("2024")): null

02-12-2024T02:38:14 - [TEST_STEP][PASSED] - m = m.trim(): null

02-12-2024T02:38:14 - [TEST_STEP][PASSED] - dashboardName = "Выполнение бизнес-плана": null

02-12-2024T02:38:14 - [TEST_STEP][PASSED] - workbook01 = getWorkbook(excelFilePath): null

02-12-2024T02:38:15 - [TEST_STEP][PASSED] - sheet01 = getExcelSheet(workbook01, sheetName): null

02-12-2024T02:38:15 - [TEST_STEP][PASSED] - setValueToCellByIndex(sheet01, n, 0, dashboardName): null

02-12-2024T02:38:15 - [TEST_STEP][PASSED] - setValueToCellByIndex(sheet01, n, 1, dZO): null

02-12-2024T02:38:15 - [TEST_STEP][PASSED] - setValueToCellByIndex(sheet01, n, 2, typeOfData): null

02-12-2024T02:38:15 - [TEST_STEP][PASSED] - setValueToCellByIndex(sheet01, n, 3, typeOfData): null

02-12-2024T02:38:15 - [TEST_STEP][PASSED] - if (typeOfData == "План"): null

02-12-2024T02:38:15 - [TEST_STEP][PASSED] - else if (typeOfData == "Факт"): null

02-12-2024T02:38:15 - [TEST_STEP][PASSED] - else if (vidget.contains("электроэнергии") == true): null

02-12-2024T02:38:15 - [TEST_STEP][PASSED] - if (tabR == null): null

02-12-2024T02:38:15 - [TEST_STEP][PASSED] - else: null

02-12-2024T02:38:15 - [TEST_STEP][PASSED] - if (tabR == "нет данных"): null

02-12-2024T02:38:15 - [TEST_STEP][PASSED] - setValueToCellByIndex(sheet01, n, 4, "нет данных"): null

02-12-2024T02:38:15 - [TEST_STEP][PASSED] - if (tabB == null): null

02-12-2024T02:38:15 - [TEST_STEP][PASSED] - else: null

02-12-2024T02:38:15 - [TEST_STEP][PASSED] - if (tabB == "нет данных"): null

02-12-2024T02:38:15 - [TEST_STEP][PASSED] - else: null

02-12-2024T02:38:15 - [TEST_STEP][PASSED] - TB = tabB.toInteger(): null

02-12-2024T02:38:15 - [TEST_STEP][PASSED] - setValueToCellByIndex(sheet01, n, 5, TB): null

02-12-2024T02:38:15 - [TEST_STEP][PASSED] - setValueToCellByIndex(sheet01, n, 6, m): null

02-12-2024T02:38:15 - [TEST_STEP][PASSED] - setValueToCellByIndex(sheet01, n, 7, y): null

02-12-2024T02:38:15 - [TEST_STEP][PASSED] - setValueToCellByIndex(sheet01, n, 8, todaysDate): null

02-12-2024T02:38:15 - [TEST_STEP][PASSED] - n = n + 1: null

02-12-2024T02:38:15 - [TEST_STEP][PASSED] - saveWorkbook(excelFilePath, workbook01): null

02-12-2024T02:38:15 - [TEST_STEP][PASSED] - typeOfData = "Факт Отпуск из сети": null

02-12-2024T02:38:15 - [TEST_STEP][PASSED] - tabR = GetOiSFactR(x = a): null

02-12-2024T02:38:15 - [TEST_STEP][PASSED] - i1 = <not implemented yet for class: org.codehaus.groovy.ast.expr.EmptyExpression>: null

02-12-2024T02:38:15 - [TEST_STEP][PASSED] - ii = <not implemented yet for class: org.codehaus.groovy.ast.expr.EmptyExpression>: null

02-12-2024T02:38:15 - [TEST_STEP][PASSED] - for ([ii = 1, ii < 5, (ii++)]): null

02-12-2024T02:38:15 - [TEST_STEP][PASSED] - i1 = x.indexOf("/") + 1: null

02-12-2024T02:38:15 - [TEST_STEP][PASSED] - if (i1 > -1): null

02-12-2024T02:38:15 - [TEST_STEP][PASSED] - x = x.substring(i1, x.length()): null

02-12-2024T02:38:15 - [TEST_STEP][PASSED] - println(x): null

02-12-2024T02:38:15 - [TEST_STEP][PASSED] - i1 = x.indexOf("/") + 1: null

02-12-2024T02:38:15 - [TEST_STEP][PASSED] - if (i1 > -1): null

02-12-2024T02:38:15 - [TEST_STEP][PASSED] - x = x.substring(i1, x.length()): null

02-12-2024T02:38:15 - [TEST_STEP][PASSED] - println(x): null

02-12-2024T02:38:15 - [TEST_STEP][PASSED] - i1 = x.indexOf("/") + 1: null

02-12-2024T02:38:15 - [TEST_STEP][PASSED] - if (i1 > -1): null

02-12-2024T02:38:15 - [TEST_STEP][PASSED] - x = x.substring(i1, x.length()): null

02-12-2024T02:38:15 - [TEST_STEP][PASSED] - println(x): null

02-12-2024T02:38:15 - [TEST_STEP][PASSED] - i1 = x.indexOf("/") + 1: null

02-12-2024T02:38:15 - [TEST_STEP][PASSED] - if (i1 > -1): null

02-12-2024T02:38:15 - [TEST_STEP][PASSED] - x = x.substring(i1, x.length()): null

02-12-2024T02:38:15 - [TEST_STEP][PASSED] - println(x): null

02-12-2024T02:38:15 - [TEST_STEP][PASSED] - i1 = x.indexOf("/"): null

02-12-2024T02:38:15 - [TEST_STEP][PASSED] - if (i1 > -1): null

02-12-2024T02:38:15 - [TEST_STEP][PASSED] - x = x.substring(0, i1): null

02-12-2024T02:38:15 - [TEST_STEP][PASSED] - println(x): null

02-12-2024T02:38:15 - [TEST_STEP][PASSED] - return x: null

02-12-2024T02:38:15 - [TEST_STEP][PASSED] - tabB = GetOiSFactB(x = b): null

02-12-2024T02:38:15 - [TEST_STEP][PASSED] - i1 = <not implemented yet for class: org.codehaus.groovy.ast.expr.EmptyExpression>: null

02-12-2024T02:38:15 - [TEST_STEP][PASSED] - ii = <not implemented yet for class: org.codehaus.groovy.ast.expr.EmptyExpression>: null

02-12-2024T02:38:15 - [TEST_STEP][PASSED] - for ([ii = 1, ii < 5, (ii++)]): null

02-12-2024T02:38:15 - [TEST_STEP][PASSED] - i1 = x.indexOf("/") + 1: null

02-12-2024T02:38:15 - [TEST_STEP][PASSED] - if (i1 > -1): null

02-12-2024T02:38:15 - [TEST_STEP][PASSED] - x = x.substring(i1, x.length()): null

02-12-2024T02:38:15 - [TEST_STEP][PASSED] - println(x): null

02-12-2024T02:38:15 - [TEST_STEP][PASSED] - i1 = x.indexOf("/") + 1: null

02-12-2024T02:38:15 - [TEST_STEP][PASSED] - if (i1 > -1): null

02-12-2024T02:38:15 - [TEST_STEP][PASSED] - x = x.substring(i1, x.length()): null

02-12-2024T02:38:15 - [TEST_STEP][PASSED] - println(x): null

02-12-2024T02:38:15 - [TEST_STEP][PASSED] - i1 = x.indexOf("/") + 1: null

02-12-2024T02:38:15 - [TEST_STEP][PASSED] - if (i1 > -1): null

02-12-2024T02:38:15 - [TEST_STEP][PASSED] - x = x.substring(i1, x.length()): null

02-12-2024T02:38:15 - [TEST_STEP][PASSED] - println(x): null

02-12-2024T02:38:15 - [TEST_STEP][PASSED] - i1 = x.indexOf("/") + 1: null

02-12-2024T02:38:15 - [TEST_STEP][PASSED] - if (i1 > -1): null

02-12-2024T02:38:15 - [TEST_STEP][PASSED] - x = x.substring(i1, x.length()): null

02-12-2024T02:38:15 - [TEST_STEP][PASSED] - println(x): null

02-12-2024T02:38:15 - [TEST_STEP][PASSED] - i1 = x.indexOf("/"): null

02-12-2024T02:38:15 - [TEST_STEP][PASSED] - if (i1 > -1): null

02-12-2024T02:38:15 - [TEST_STEP][PASSED] - x = x.substring(0, i1): null

02-12-2024T02:38:15 - [TEST_STEP][PASSED] - println(x): null

02-12-2024T02:38:15 - [TEST_STEP][FAILED] - return x: null

02-12-2024T02:38:15 - [TEST_STEP][FAILED] - if (verifyEqual(tabR, tabB) == false): null

02-12-2024T02:38:15 - [MESSAGE][FAILED] - Unable to verify equal between actual object 'нет данных' and expected object '41984455' (Root cause: com.kms.katalon.core.exception.StepFailedException: Actual object 'нет данных' and expected object '41984455' are not equal
	at com.kms.katalon.core.keyword.builtin.VerifyEqualKeyword$_verifyEqual_closure1.doCall(VerifyEqualKeyword.groovy:58)
	at com.kms.katalon.core.keyword.builtin.VerifyEqualKeyword$_verifyEqual_closure1.call(VerifyEqualKeyword.groovy)
	at com.kms.katalon.core.keyword.internal.KeywordMain.runKeyword(KeywordMain.groovy:75)
	at com.kms.katalon.core.keyword.builtin.VerifyEqualKeyword.verifyEqual(VerifyEqualKeyword.groovy:63)
	at com.kms.katalon.core.keyword.builtin.VerifyEqualKeyword.execute(VerifyEqualKeyword.groovy:44)
	at com.kms.katalon.core.keyword.internal.KeywordExecutor.executeKeywordForPlatform(KeywordExecutor.groovy:74)
	at com.kms.katalon.core.keyword.BuiltinKeywords.verifyEqual(BuiltinKeywords.groovy:146)
	at jdk.internal.reflect.GeneratedMethodAccessor25.invoke(Unknown Source)
	at java.base/jdk.internal.reflect.DelegatingMethodAccessorImpl.invoke(DelegatingMethodAccessorImpl.java:43)
	at Выполнение бизнес-плана сверка дашбордов.CompareDZOData(Выполнение бизнес-плана сверка дашбордов:717)
	at Выполнение бизнес-плана сверка дашбордов.run(Выполнение бизнес-плана сверка дашбордов:598)
	at com.kms.katalon.core.main.ScriptEngine.run(ScriptEngine.java:194)
	at com.kms.katalon.core.main.ScriptEngine.runScriptAsRawText(ScriptEngine.java:119)
	at com.kms.katalon.core.main.TestCaseExecutor.runScript(TestCaseExecutor.java:448)
	at com.kms.katalon.core.main.TestCaseExecutor.doExecute(TestCaseExecutor.java:439)
	at com.kms.katalon.core.main.TestCaseExecutor.processExecutionPhase(TestCaseExecutor.java:418)
	at com.kms.katalon.core.main.TestCaseExecutor.accessMainPhase(TestCaseExecutor.java:410)
	at com.kms.katalon.core.main.TestCaseExecutor.execute(TestCaseExecutor.java:285)
	at com.kms.katalon.core.common.CommonExecutor.accessTestCaseMainPhase(CommonExecutor.java:65)
	at com.kms.katalon.core.main.TestSuiteExecutor.accessTestSuiteMainPhase(TestSuiteExecutor.java:150)
	at com.kms.katalon.core.main.TestSuiteExecutor.execute(TestSuiteExecutor.java:106)
	at com.kms.katalon.core.main.TestCaseMain.startTestSuite(TestCaseMain.java:180)
	at TempTestSuite1733095732962.run(TempTestSuite1733095732962.groovy:35)
	at java.base/jdk.internal.reflect.NativeMethodAccessorImpl.invoke0(Native Method)
	at java.base/jdk.internal.reflect.NativeMethodAccessorImpl.invoke(NativeMethodAccessorImpl.java:77)
	at java.base/jdk.internal.reflect.DelegatingMethodAccessorImpl.invoke(DelegatingMethodAccessorImpl.java:43)
)

02-12-2024T02:38:15 - [TEST_STEP][PASSED] - result = WriteToExcel(typeOfData, todaysDate, PercPlanR, PercPlanB, PercFactR, PercFactB, x, tabR, tabB, o1R, o1B, vidget): null

02-12-2024T02:38:15 - [TEST_STEP][PASSED] - iii = dZO.indexOf("/"): null

02-12-2024T02:38:15 - [TEST_STEP][PASSED] - println(iii): null

02-12-2024T02:38:15 - [TEST_STEP][PASSED] - dZO = dZO.substring(0, iii): null

02-12-2024T02:38:15 - [TEST_STEP][PASSED] - println(dZO): null

02-12-2024T02:38:15 - [TEST_STEP][PASSED] - println(PercPlanR): null

02-12-2024T02:38:15 - [TEST_STEP][PASSED] - println(PercPlanB): null

02-12-2024T02:38:15 - [TEST_STEP][PASSED] - println(PercFactR): null

02-12-2024T02:38:15 - [TEST_STEP][PASSED] - println(PercFactB): null

02-12-2024T02:38:15 - [TEST_STEP][PASSED] - println(tabR): null

02-12-2024T02:38:15 - [TEST_STEP][PASSED] - println(tabB): null

02-12-2024T02:38:15 - [TEST_STEP][PASSED] - println(o1R): null

02-12-2024T02:38:15 - [TEST_STEP][PASSED] - println(o1B): null

02-12-2024T02:38:15 - [TEST_STEP][PASSED] - PR = <not implemented yet for class: org.codehaus.groovy.ast.expr.EmptyExpression>: null

02-12-2024T02:38:15 - [TEST_STEP][PASSED] - FR = <not implemented yet for class: org.codehaus.groovy.ast.expr.EmptyExpression>: null

02-12-2024T02:38:15 - [TEST_STEP][PASSED] - PB = <not implemented yet for class: org.codehaus.groovy.ast.expr.EmptyExpression>: null

02-12-2024T02:38:15 - [TEST_STEP][PASSED] - FB = <not implemented yet for class: org.codehaus.groovy.ast.expr.EmptyExpression>: null

02-12-2024T02:38:15 - [TEST_STEP][PASSED] - TR = <not implemented yet for class: org.codehaus.groovy.ast.expr.EmptyExpression>: null

02-12-2024T02:38:15 - [TEST_STEP][PASSED] - TB = <not implemented yet for class: org.codehaus.groovy.ast.expr.EmptyExpression>: null

02-12-2024T02:38:15 - [TEST_STEP][PASSED] - sheetName = "Sheet1": null

02-12-2024T02:38:15 - [TEST_STEP][PASSED] - data = findTestData("PlanFact"): null

02-12-2024T02:38:15 - [TEST_STEP][PASSED] - n = data.getRowNumbers() + 1: null

02-12-2024T02:38:15 - [TEST_STEP][PASSED] - year = todaysDate.substring(todaysDate.length() - 4, todaysDate.length()): null

02-12-2024T02:38:15 - [TEST_STEP][PASSED] - y = year.toInteger(): null

02-12-2024T02:38:15 - [TEST_STEP][PASSED] - m = getText(findTestObject("Выполнение бизнес-плана/Выполнение бизнес-плана Балансы/Фильтр Дата")): Text of object 'Object Repository/Выполнение бизнес-плана/Выполнение бизнес-плана Балансы/Фильтр Дата' is: '1, 2, 3 кв., Октябрь 2024 года'

02-12-2024T02:38:15 - [MESSAGE][PASSED] - Text of object 'Object Repository/Выполнение бизнес-плана/Выполнение бизнес-плана Балансы/Фильтр Дата' is: '1, 2, 3 кв., Октябрь 2024 года'

02-12-2024T02:38:15 - [TEST_STEP][PASSED] - m = m.substring(0, m.indexOf("2024")): null

02-12-2024T02:38:15 - [TEST_STEP][PASSED] - m = m.trim(): null

02-12-2024T02:38:15 - [TEST_STEP][PASSED] - dashboardName = "Выполнение бизнес-плана": null

02-12-2024T02:38:15 - [TEST_STEP][PASSED] - workbook01 = getWorkbook(excelFilePath): null

02-12-2024T02:38:15 - [TEST_STEP][PASSED] - sheet01 = getExcelSheet(workbook01, sheetName): null

02-12-2024T02:38:15 - [TEST_STEP][PASSED] - setValueToCellByIndex(sheet01, n, 0, dashboardName): null

02-12-2024T02:38:15 - [TEST_STEP][PASSED] - setValueToCellByIndex(sheet01, n, 1, dZO): null

02-12-2024T02:38:15 - [TEST_STEP][PASSED] - setValueToCellByIndex(sheet01, n, 2, typeOfData): null

02-12-2024T02:38:15 - [TEST_STEP][PASSED] - setValueToCellByIndex(sheet01, n, 3, typeOfData): null

02-12-2024T02:38:15 - [TEST_STEP][PASSED] - if (typeOfData == "План"): null

02-12-2024T02:38:15 - [TEST_STEP][PASSED] - else if (typeOfData == "Факт"): null

02-12-2024T02:38:15 - [TEST_STEP][PASSED] - else if (vidget.contains("электроэнергии") == true): null

02-12-2024T02:38:15 - [TEST_STEP][PASSED] - if (tabR == null): null

02-12-2024T02:38:15 - [TEST_STEP][PASSED] - else: null

02-12-2024T02:38:15 - [TEST_STEP][PASSED] - if (tabR == "нет данных"): null

02-12-2024T02:38:15 - [TEST_STEP][PASSED] - setValueToCellByIndex(sheet01, n, 4, "нет данных"): null

02-12-2024T02:38:15 - [TEST_STEP][PASSED] - if (tabB == null): null

02-12-2024T02:38:15 - [TEST_STEP][PASSED] - else: null

02-12-2024T02:38:15 - [TEST_STEP][PASSED] - if (tabB == "нет данных"): null

02-12-2024T02:38:15 - [TEST_STEP][PASSED] - else: null

02-12-2024T02:38:15 - [TEST_STEP][PASSED] - TB = tabB.toInteger(): null

02-12-2024T02:38:15 - [TEST_STEP][PASSED] - setValueToCellByIndex(sheet01, n, 5, TB): null

02-12-2024T02:38:15 - [TEST_STEP][PASSED] - setValueToCellByIndex(sheet01, n, 6, m): null

02-12-2024T02:38:15 - [TEST_STEP][PASSED] - setValueToCellByIndex(sheet01, n, 7, y): null

02-12-2024T02:38:15 - [TEST_STEP][PASSED] - setValueToCellByIndex(sheet01, n, 8, todaysDate): null

02-12-2024T02:38:15 - [TEST_STEP][PASSED] - n = n + 1: null

02-12-2024T02:38:15 - [TEST_STEP][PASSED] - saveWorkbook(excelFilePath, workbook01): null

02-12-2024T02:38:15 - [TEST_STEP][PASSED] - typeOfData = "Факт Потери": null

02-12-2024T02:38:15 - [TEST_STEP][PASSED] - tabR = GetPFactR(x = a): null

02-12-2024T02:38:15 - [TEST_STEP][PASSED] - i1 = <not implemented yet for class: org.codehaus.groovy.ast.expr.EmptyExpression>: null

02-12-2024T02:38:15 - [TEST_STEP][PASSED] - ii = <not implemented yet for class: org.codehaus.groovy.ast.expr.EmptyExpression>: null

02-12-2024T02:38:15 - [TEST_STEP][PASSED] - for ([ii = 1, ii < 6, (ii++)]): null

02-12-2024T02:38:15 - [TEST_STEP][PASSED] - i1 = x.indexOf("/") + 1: null

02-12-2024T02:38:15 - [TEST_STEP][PASSED] - if (i1 > -1): null

02-12-2024T02:38:15 - [TEST_STEP][PASSED] - x = x.substring(i1, x.length()): null

02-12-2024T02:38:15 - [TEST_STEP][PASSED] - println(x): null

02-12-2024T02:38:15 - [TEST_STEP][PASSED] - i1 = x.indexOf("/") + 1: null

02-12-2024T02:38:15 - [TEST_STEP][PASSED] - if (i1 > -1): null

02-12-2024T02:38:15 - [TEST_STEP][PASSED] - x = x.substring(i1, x.length()): null

02-12-2024T02:38:15 - [TEST_STEP][PASSED] - println(x): null

02-12-2024T02:38:15 - [TEST_STEP][PASSED] - i1 = x.indexOf("/") + 1: null

02-12-2024T02:38:15 - [TEST_STEP][PASSED] - if (i1 > -1): null

02-12-2024T02:38:15 - [TEST_STEP][PASSED] - x = x.substring(i1, x.length()): null

02-12-2024T02:38:15 - [TEST_STEP][PASSED] - println(x): null

02-12-2024T02:38:15 - [TEST_STEP][PASSED] - i1 = x.indexOf("/") + 1: null

02-12-2024T02:38:15 - [TEST_STEP][PASSED] - if (i1 > -1): null

02-12-2024T02:38:15 - [TEST_STEP][PASSED] - x = x.substring(i1, x.length()): null

02-12-2024T02:38:15 - [TEST_STEP][PASSED] - println(x): null

02-12-2024T02:38:15 - [TEST_STEP][PASSED] - i1 = x.indexOf("/") + 1: null

02-12-2024T02:38:15 - [TEST_STEP][PASSED] - if (i1 > -1): null

02-12-2024T02:38:15 - [TEST_STEP][PASSED] - x = x.substring(i1, x.length()): null

02-12-2024T02:38:15 - [TEST_STEP][PASSED] - println(x): null

02-12-2024T02:38:15 - [TEST_STEP][PASSED] - i1 = x.indexOf("/"): null

02-12-2024T02:38:15 - [TEST_STEP][PASSED] - if (i1 > -1): null

02-12-2024T02:38:15 - [TEST_STEP][PASSED] - x = x.substring(0, i1): null

02-12-2024T02:38:15 - [TEST_STEP][PASSED] - println(x): null

02-12-2024T02:38:15 - [TEST_STEP][PASSED] - return x: null

02-12-2024T02:38:15 - [TEST_STEP][PASSED] - tabB = GetPFactB(x = b): null

02-12-2024T02:38:15 - [TEST_STEP][PASSED] - i1 = <not implemented yet for class: org.codehaus.groovy.ast.expr.EmptyExpression>: null

02-12-2024T02:38:15 - [TEST_STEP][PASSED] - ii = <not implemented yet for class: org.codehaus.groovy.ast.expr.EmptyExpression>: null

02-12-2024T02:38:15 - [TEST_STEP][PASSED] - for ([ii = 1, ii < 6, (ii++)]): null

02-12-2024T02:38:15 - [TEST_STEP][PASSED] - i1 = x.indexOf("/") + 1: null

02-12-2024T02:38:15 - [TEST_STEP][PASSED] - if (i1 > -1): null

02-12-2024T02:38:15 - [TEST_STEP][PASSED] - x = x.substring(i1, x.length()): null

02-12-2024T02:38:15 - [TEST_STEP][PASSED] - println(x): null

02-12-2024T02:38:15 - [TEST_STEP][PASSED] - i1 = x.indexOf("/") + 1: null

02-12-2024T02:38:15 - [TEST_STEP][PASSED] - if (i1 > -1): null

02-12-2024T02:38:15 - [TEST_STEP][PASSED] - x = x.substring(i1, x.length()): null

02-12-2024T02:38:15 - [TEST_STEP][PASSED] - println(x): null

02-12-2024T02:38:15 - [TEST_STEP][PASSED] - i1 = x.indexOf("/") + 1: null

02-12-2024T02:38:15 - [TEST_STEP][PASSED] - if (i1 > -1): null

02-12-2024T02:38:15 - [TEST_STEP][PASSED] - x = x.substring(i1, x.length()): null

02-12-2024T02:38:15 - [TEST_STEP][PASSED] - println(x): null

02-12-2024T02:38:15 - [TEST_STEP][PASSED] - i1 = x.indexOf("/") + 1: null

02-12-2024T02:38:15 - [TEST_STEP][PASSED] - if (i1 > -1): null

02-12-2024T02:38:15 - [TEST_STEP][PASSED] - x = x.substring(i1, x.length()): null

02-12-2024T02:38:15 - [TEST_STEP][PASSED] - println(x): null

02-12-2024T02:38:15 - [TEST_STEP][PASSED] - i1 = x.indexOf("/") + 1: null

02-12-2024T02:38:15 - [TEST_STEP][PASSED] - if (i1 > -1): null

02-12-2024T02:38:15 - [TEST_STEP][PASSED] - x = x.substring(i1, x.length()): null

02-12-2024T02:38:15 - [TEST_STEP][PASSED] - println(x): null

02-12-2024T02:38:15 - [TEST_STEP][PASSED] - i1 = x.indexOf("/"): null

02-12-2024T02:38:15 - [TEST_STEP][PASSED] - if (i1 > -1): null

02-12-2024T02:38:15 - [TEST_STEP][PASSED] - x = x.substring(0, i1): null

02-12-2024T02:38:15 - [TEST_STEP][PASSED] - println(x): null

02-12-2024T02:38:15 - [TEST_STEP][FAILED] - return x: null

02-12-2024T02:38:15 - [TEST_STEP][PASSED] - println(tabR + "/" + tabB): null

02-12-2024T02:38:15 - [TEST_STEP][FAILED] - if (verifyEqual(tabR, tabB) == false): null

02-12-2024T02:38:15 - [MESSAGE][FAILED] - Unable to verify equal between actual object 'нет данных' and expected object '2233593' (Root cause: com.kms.katalon.core.exception.StepFailedException: Actual object 'нет данных' and expected object '2233593' are not equal
	at com.kms.katalon.core.keyword.builtin.VerifyEqualKeyword$_verifyEqual_closure1.doCall(VerifyEqualKeyword.groovy:58)
	at com.kms.katalon.core.keyword.builtin.VerifyEqualKeyword$_verifyEqual_closure1.call(VerifyEqualKeyword.groovy)
	at com.kms.katalon.core.keyword.internal.KeywordMain.runKeyword(KeywordMain.groovy:75)
	at com.kms.katalon.core.keyword.builtin.VerifyEqualKeyword.verifyEqual(VerifyEqualKeyword.groovy:63)
	at com.kms.katalon.core.keyword.builtin.VerifyEqualKeyword.execute(VerifyEqualKeyword.groovy:44)
	at com.kms.katalon.core.keyword.internal.KeywordExecutor.executeKeywordForPlatform(KeywordExecutor.groovy:74)
	at com.kms.katalon.core.keyword.BuiltinKeywords.verifyEqual(BuiltinKeywords.groovy:146)
	at jdk.internal.reflect.GeneratedMethodAccessor25.invoke(Unknown Source)
	at java.base/jdk.internal.reflect.DelegatingMethodAccessorImpl.invoke(DelegatingMethodAccessorImpl.java:43)
	at Выполнение бизнес-плана сверка дашбордов.CompareDZOData(Выполнение бизнес-плана сверка дашбордов:730)
	at Выполнение бизнес-плана сверка дашбордов.run(Выполнение бизнес-плана сверка дашбордов:598)
	at com.kms.katalon.core.main.ScriptEngine.run(ScriptEngine.java:194)
	at com.kms.katalon.core.main.ScriptEngine.runScriptAsRawText(ScriptEngine.java:119)
	at com.kms.katalon.core.main.TestCaseExecutor.runScript(TestCaseExecutor.java:448)
	at com.kms.katalon.core.main.TestCaseExecutor.doExecute(TestCaseExecutor.java:439)
	at com.kms.katalon.core.main.TestCaseExecutor.processExecutionPhase(TestCaseExecutor.java:418)
	at com.kms.katalon.core.main.TestCaseExecutor.accessMainPhase(TestCaseExecutor.java:410)
	at com.kms.katalon.core.main.TestCaseExecutor.execute(TestCaseExecutor.java:285)
	at com.kms.katalon.core.common.CommonExecutor.accessTestCaseMainPhase(CommonExecutor.java:65)
	at com.kms.katalon.core.main.TestSuiteExecutor.accessTestSuiteMainPhase(TestSuiteExecutor.java:150)
	at com.kms.katalon.core.main.TestSuiteExecutor.execute(TestSuiteExecutor.java:106)
	at com.kms.katalon.core.main.TestCaseMain.startTestSuite(TestCaseMain.java:180)
	at TempTestSuite1733095732962.run(TempTestSuite1733095732962.groovy:35)
	at java.base/jdk.internal.reflect.NativeMethodAccessorImpl.invoke0(Native Method)
	at java.base/jdk.internal.reflect.NativeMethodAccessorImpl.invoke(NativeMethodAccessorImpl.java:77)
	at java.base/jdk.internal.reflect.DelegatingMethodAccessorImpl.invoke(DelegatingMethodAccessorImpl.java:43)
)

02-12-2024T02:38:15 - [TEST_STEP][PASSED] - result = WriteToExcel(typeOfData, todaysDate, PercPlanR, PercPlanB, PercFactR, PercFactB, x, tabR, tabB, o1R, o1B, vidget): null

02-12-2024T02:38:15 - [TEST_STEP][PASSED] - iii = dZO.indexOf("/"): null

02-12-2024T02:38:15 - [TEST_STEP][PASSED] - println(iii): null

02-12-2024T02:38:15 - [TEST_STEP][PASSED] - dZO = dZO.substring(0, iii): null

02-12-2024T02:38:15 - [TEST_STEP][PASSED] - println(dZO): null

02-12-2024T02:38:15 - [TEST_STEP][PASSED] - println(PercPlanR): null

02-12-2024T02:38:15 - [TEST_STEP][PASSED] - println(PercPlanB): null

02-12-2024T02:38:15 - [TEST_STEP][PASSED] - println(PercFactR): null

02-12-2024T02:38:15 - [TEST_STEP][PASSED] - println(PercFactB): null

02-12-2024T02:38:15 - [TEST_STEP][PASSED] - println(tabR): null

02-12-2024T02:38:15 - [TEST_STEP][PASSED] - println(tabB): null

02-12-2024T02:38:15 - [TEST_STEP][PASSED] - println(o1R): null

02-12-2024T02:38:15 - [TEST_STEP][PASSED] - println(o1B): null

02-12-2024T02:38:15 - [TEST_STEP][PASSED] - PR = <not implemented yet for class: org.codehaus.groovy.ast.expr.EmptyExpression>: null

02-12-2024T02:38:15 - [TEST_STEP][PASSED] - FR = <not implemented yet for class: org.codehaus.groovy.ast.expr.EmptyExpression>: null

02-12-2024T02:38:15 - [TEST_STEP][PASSED] - PB = <not implemented yet for class: org.codehaus.groovy.ast.expr.EmptyExpression>: null

02-12-2024T02:38:15 - [TEST_STEP][PASSED] - FB = <not implemented yet for class: org.codehaus.groovy.ast.expr.EmptyExpression>: null

02-12-2024T02:38:15 - [TEST_STEP][PASSED] - TR = <not implemented yet for class: org.codehaus.groovy.ast.expr.EmptyExpression>: null

02-12-2024T02:38:15 - [TEST_STEP][PASSED] - TB = <not implemented yet for class: org.codehaus.groovy.ast.expr.EmptyExpression>: null

02-12-2024T02:38:15 - [TEST_STEP][PASSED] - sheetName = "Sheet1": null

02-12-2024T02:38:15 - [TEST_STEP][PASSED] - data = findTestData("PlanFact"): null

02-12-2024T02:38:16 - [TEST_STEP][PASSED] - n = data.getRowNumbers() + 1: null

02-12-2024T02:38:16 - [TEST_STEP][PASSED] - year = todaysDate.substring(todaysDate.length() - 4, todaysDate.length()): null

02-12-2024T02:38:16 - [TEST_STEP][PASSED] - y = year.toInteger(): null

02-12-2024T02:38:16 - [TEST_STEP][PASSED] - m = getText(findTestObject("Выполнение бизнес-плана/Выполнение бизнес-плана Балансы/Фильтр Дата")): Text of object 'Object Repository/Выполнение бизнес-плана/Выполнение бизнес-плана Балансы/Фильтр Дата' is: '1, 2, 3 кв., Октябрь 2024 года'

02-12-2024T02:38:16 - [MESSAGE][PASSED] - Text of object 'Object Repository/Выполнение бизнес-плана/Выполнение бизнес-плана Балансы/Фильтр Дата' is: '1, 2, 3 кв., Октябрь 2024 года'

02-12-2024T02:38:16 - [TEST_STEP][PASSED] - m = m.substring(0, m.indexOf("2024")): null

02-12-2024T02:38:16 - [TEST_STEP][PASSED] - m = m.trim(): null

02-12-2024T02:38:16 - [TEST_STEP][PASSED] - dashboardName = "Выполнение бизнес-плана": null

02-12-2024T02:38:16 - [TEST_STEP][PASSED] - workbook01 = getWorkbook(excelFilePath): null

02-12-2024T02:38:16 - [TEST_STEP][PASSED] - sheet01 = getExcelSheet(workbook01, sheetName): null

02-12-2024T02:38:16 - [TEST_STEP][PASSED] - setValueToCellByIndex(sheet01, n, 0, dashboardName): null

02-12-2024T02:38:16 - [TEST_STEP][PASSED] - setValueToCellByIndex(sheet01, n, 1, dZO): null

02-12-2024T02:38:16 - [TEST_STEP][PASSED] - setValueToCellByIndex(sheet01, n, 2, typeOfData): null

02-12-2024T02:38:16 - [TEST_STEP][PASSED] - setValueToCellByIndex(sheet01, n, 3, typeOfData): null

02-12-2024T02:38:16 - [TEST_STEP][PASSED] - if (typeOfData == "План"): null

02-12-2024T02:38:16 - [TEST_STEP][PASSED] - else if (typeOfData == "Факт"): null

02-12-2024T02:38:16 - [TEST_STEP][PASSED] - else if (vidget.contains("электроэнергии") == true): null

02-12-2024T02:38:16 - [TEST_STEP][PASSED] - if (tabR == null): null

02-12-2024T02:38:16 - [TEST_STEP][PASSED] - else: null

02-12-2024T02:38:16 - [TEST_STEP][PASSED] - if (tabR == "нет данных"): null

02-12-2024T02:38:16 - [TEST_STEP][PASSED] - setValueToCellByIndex(sheet01, n, 4, "нет данных"): null

02-12-2024T02:38:16 - [TEST_STEP][PASSED] - if (tabB == null): null

02-12-2024T02:38:16 - [TEST_STEP][PASSED] - else: null

02-12-2024T02:38:16 - [TEST_STEP][PASSED] - if (tabB == "нет данных"): null

02-12-2024T02:38:16 - [TEST_STEP][PASSED] - else: null

02-12-2024T02:38:16 - [TEST_STEP][PASSED] - TB = tabB.toInteger(): null

02-12-2024T02:38:16 - [TEST_STEP][PASSED] - setValueToCellByIndex(sheet01, n, 5, TB): null

02-12-2024T02:38:16 - [TEST_STEP][PASSED] - setValueToCellByIndex(sheet01, n, 6, m): null

02-12-2024T02:38:16 - [TEST_STEP][PASSED] - setValueToCellByIndex(sheet01, n, 7, y): null

02-12-2024T02:38:16 - [TEST_STEP][PASSED] - setValueToCellByIndex(sheet01, n, 8, todaysDate): null

02-12-2024T02:38:16 - [TEST_STEP][PASSED] - n = n + 1: null

02-12-2024T02:38:16 - [TEST_STEP][PASSED] - saveWorkbook(excelFilePath, workbook01): null

02-12-2024T02:38:16 - [TEST_STEP][PASSED] - vidget = "Показатели баланса электроэнергии по ДЗО – План": null

02-12-2024T02:38:16 - [TEST_STEP][PASSED] - typeOfData = "План Отпуск в сеть": null

02-12-2024T02:38:16 - [TEST_STEP][PASSED] - tabR = GetOvSPlanR(x = a): null

02-12-2024T02:38:16 - [TEST_STEP][PASSED] - i1 = <not implemented yet for class: org.codehaus.groovy.ast.expr.EmptyExpression>: null

02-12-2024T02:38:16 - [TEST_STEP][PASSED] - ii = <not implemented yet for class: org.codehaus.groovy.ast.expr.EmptyExpression>: null

02-12-2024T02:38:16 - [TEST_STEP][PASSED] - for ([ii = 1, ii < 7, (ii++)]): null

02-12-2024T02:38:16 - [TEST_STEP][PASSED] - i1 = x.indexOf("/") + 1: null

02-12-2024T02:38:16 - [TEST_STEP][PASSED] - if (i1 > -1): null

02-12-2024T02:38:16 - [TEST_STEP][PASSED] - x = x.substring(i1, x.length()): null

02-12-2024T02:38:16 - [TEST_STEP][PASSED] - println(x): null

02-12-2024T02:38:16 - [TEST_STEP][PASSED] - i1 = x.indexOf("/") + 1: null

02-12-2024T02:38:16 - [TEST_STEP][PASSED] - if (i1 > -1): null

02-12-2024T02:38:16 - [TEST_STEP][PASSED] - x = x.substring(i1, x.length()): null

02-12-2024T02:38:16 - [TEST_STEP][PASSED] - println(x): null

02-12-2024T02:38:16 - [TEST_STEP][PASSED] - i1 = x.indexOf("/") + 1: null

02-12-2024T02:38:16 - [TEST_STEP][PASSED] - if (i1 > -1): null

02-12-2024T02:38:16 - [TEST_STEP][PASSED] - x = x.substring(i1, x.length()): null

02-12-2024T02:38:16 - [TEST_STEP][PASSED] - println(x): null

02-12-2024T02:38:16 - [TEST_STEP][PASSED] - i1 = x.indexOf("/") + 1: null

02-12-2024T02:38:16 - [TEST_STEP][PASSED] - if (i1 > -1): null

02-12-2024T02:38:16 - [TEST_STEP][PASSED] - x = x.substring(i1, x.length()): null

02-12-2024T02:38:16 - [TEST_STEP][PASSED] - println(x): null

02-12-2024T02:38:16 - [TEST_STEP][PASSED] - i1 = x.indexOf("/") + 1: null

02-12-2024T02:38:16 - [TEST_STEP][PASSED] - if (i1 > -1): null

02-12-2024T02:38:16 - [TEST_STEP][PASSED] - x = x.substring(i1, x.length()): null

02-12-2024T02:38:16 - [TEST_STEP][PASSED] - println(x): null

02-12-2024T02:38:16 - [TEST_STEP][PASSED] - i1 = x.indexOf("/") + 1: null

02-12-2024T02:38:16 - [TEST_STEP][PASSED] - if (i1 > -1): null

02-12-2024T02:38:16 - [TEST_STEP][PASSED] - x = x.substring(i1, x.length()): null

02-12-2024T02:38:16 - [TEST_STEP][PASSED] - println(x): null

02-12-2024T02:38:16 - [TEST_STEP][PASSED] - i1 = x.indexOf("/"): null

02-12-2024T02:38:16 - [TEST_STEP][PASSED] - if (i1 > -1): null

02-12-2024T02:38:16 - [TEST_STEP][PASSED] - x = x.substring(0, i1): null

02-12-2024T02:38:16 - [TEST_STEP][PASSED] - println(x): null

02-12-2024T02:38:16 - [TEST_STEP][PASSED] - return x: null

02-12-2024T02:38:16 - [TEST_STEP][PASSED] - tabB = GetOvSPlanB(x = b): null

02-12-2024T02:38:16 - [TEST_STEP][PASSED] - i1 = <not implemented yet for class: org.codehaus.groovy.ast.expr.EmptyExpression>: null

02-12-2024T02:38:16 - [TEST_STEP][PASSED] - ii = <not implemented yet for class: org.codehaus.groovy.ast.expr.EmptyExpression>: null

02-12-2024T02:38:16 - [TEST_STEP][PASSED] - for ([ii = 1, ii < 7, (ii++)]): null

02-12-2024T02:38:16 - [TEST_STEP][PASSED] - i1 = x.indexOf("/") + 1: null

02-12-2024T02:38:16 - [TEST_STEP][PASSED] - if (i1 > -1): null

02-12-2024T02:38:16 - [TEST_STEP][PASSED] - x = x.substring(i1, x.length()): null

02-12-2024T02:38:16 - [TEST_STEP][PASSED] - println(x): null

02-12-2024T02:38:16 - [TEST_STEP][PASSED] - i1 = x.indexOf("/") + 1: null

02-12-2024T02:38:16 - [TEST_STEP][PASSED] - if (i1 > -1): null

02-12-2024T02:38:16 - [TEST_STEP][PASSED] - x = x.substring(i1, x.length()): null

02-12-2024T02:38:16 - [TEST_STEP][PASSED] - println(x): null

02-12-2024T02:38:16 - [TEST_STEP][PASSED] - i1 = x.indexOf("/") + 1: null

02-12-2024T02:38:16 - [TEST_STEP][PASSED] - if (i1 > -1): null

02-12-2024T02:38:16 - [TEST_STEP][PASSED] - x = x.substring(i1, x.length()): null

02-12-2024T02:38:16 - [TEST_STEP][PASSED] - println(x): null

02-12-2024T02:38:16 - [TEST_STEP][PASSED] - i1 = x.indexOf("/") + 1: null

02-12-2024T02:38:16 - [TEST_STEP][PASSED] - if (i1 > -1): null

02-12-2024T02:38:16 - [TEST_STEP][PASSED] - x = x.substring(i1, x.length()): null

02-12-2024T02:38:16 - [TEST_STEP][PASSED] - println(x): null

02-12-2024T02:38:16 - [TEST_STEP][PASSED] - i1 = x.indexOf("/") + 1: null

02-12-2024T02:38:16 - [TEST_STEP][PASSED] - if (i1 > -1): null

02-12-2024T02:38:16 - [TEST_STEP][PASSED] - x = x.substring(i1, x.length()): null

02-12-2024T02:38:16 - [TEST_STEP][PASSED] - println(x): null

02-12-2024T02:38:16 - [TEST_STEP][PASSED] - i1 = x.indexOf("/") + 1: null

02-12-2024T02:38:16 - [TEST_STEP][PASSED] - if (i1 > -1): null

02-12-2024T02:38:16 - [TEST_STEP][PASSED] - x = x.substring(i1, x.length()): null

02-12-2024T02:38:16 - [TEST_STEP][PASSED] - println(x): null

02-12-2024T02:38:16 - [TEST_STEP][PASSED] - i1 = x.indexOf("/"): null

02-12-2024T02:38:16 - [TEST_STEP][PASSED] - if (i1 > -1): null

02-12-2024T02:38:16 - [TEST_STEP][PASSED] - x = x.substring(0, i1): null

02-12-2024T02:38:16 - [TEST_STEP][PASSED] - println(x): null

02-12-2024T02:38:16 - [TEST_STEP][FAILED] - return x: null

02-12-2024T02:38:16 - [TEST_STEP][PASSED] - println(tabR + "/" + tabB): null

02-12-2024T02:38:16 - [TEST_STEP][FAILED] - if (verifyEqual(PercFactR, PercFactB) == false): null

02-12-2024T02:38:16 - [MESSAGE][FAILED] - Unable to verify equal between actual object 'нет данных' and expected object '5.05' (Root cause: com.kms.katalon.core.exception.StepFailedException: Actual object 'нет данных' and expected object '5.05' are not equal
	at com.kms.katalon.core.keyword.builtin.VerifyEqualKeyword$_verifyEqual_closure1.doCall(VerifyEqualKeyword.groovy:58)
	at com.kms.katalon.core.keyword.builtin.VerifyEqualKeyword$_verifyEqual_closure1.call(VerifyEqualKeyword.groovy)
	at com.kms.katalon.core.keyword.internal.KeywordMain.runKeyword(KeywordMain.groovy:75)
	at com.kms.katalon.core.keyword.builtin.VerifyEqualKeyword.verifyEqual(VerifyEqualKeyword.groovy:63)
	at com.kms.katalon.core.keyword.builtin.VerifyEqualKeyword.execute(VerifyEqualKeyword.groovy:44)
	at com.kms.katalon.core.keyword.internal.KeywordExecutor.executeKeywordForPlatform(KeywordExecutor.groovy:74)
	at com.kms.katalon.core.keyword.BuiltinKeywords.verifyEqual(BuiltinKeywords.groovy:146)
	at jdk.internal.reflect.GeneratedMethodAccessor25.invoke(Unknown Source)
	at java.base/jdk.internal.reflect.DelegatingMethodAccessorImpl.invoke(DelegatingMethodAccessorImpl.java:43)
	at Выполнение бизнес-плана сверка дашбордов.CompareDZOData(Выполнение бизнес-плана сверка дашбордов:745)
	at Выполнение бизнес-плана сверка дашбордов.run(Выполнение бизнес-плана сверка дашбордов:598)
	at com.kms.katalon.core.main.ScriptEngine.run(ScriptEngine.java:194)
	at com.kms.katalon.core.main.ScriptEngine.runScriptAsRawText(ScriptEngine.java:119)
	at com.kms.katalon.core.main.TestCaseExecutor.runScript(TestCaseExecutor.java:448)
	at com.kms.katalon.core.main.TestCaseExecutor.doExecute(TestCaseExecutor.java:439)
	at com.kms.katalon.core.main.TestCaseExecutor.processExecutionPhase(TestCaseExecutor.java:418)
	at com.kms.katalon.core.main.TestCaseExecutor.accessMainPhase(TestCaseExecutor.java:410)
	at com.kms.katalon.core.main.TestCaseExecutor.execute(TestCaseExecutor.java:285)
	at com.kms.katalon.core.common.CommonExecutor.accessTestCaseMainPhase(CommonExecutor.java:65)
	at com.kms.katalon.core.main.TestSuiteExecutor.accessTestSuiteMainPhase(TestSuiteExecutor.java:150)
	at com.kms.katalon.core.main.TestSuiteExecutor.execute(TestSuiteExecutor.java:106)
	at com.kms.katalon.core.main.TestCaseMain.startTestSuite(TestCaseMain.java:180)
	at TempTestSuite1733095732962.run(TempTestSuite1733095732962.groovy:35)
	at java.base/jdk.internal.reflect.NativeMethodAccessorImpl.invoke0(Native Method)
	at java.base/jdk.internal.reflect.NativeMethodAccessorImpl.invoke(NativeMethodAccessorImpl.java:77)
	at java.base/jdk.internal.reflect.DelegatingMethodAccessorImpl.invoke(DelegatingMethodAccessorImpl.java:43)
)

02-12-2024T02:38:16 - [TEST_STEP][PASSED] - result = WriteToExcel(typeOfData, todaysDate, PercPlanR, PercPlanB, PercFactR, PercFactB, x, tabR, tabB, o1R, o1B, vidget): null

02-12-2024T02:38:16 - [TEST_STEP][PASSED] - iii = dZO.indexOf("/"): null

02-12-2024T02:38:16 - [TEST_STEP][PASSED] - println(iii): null

02-12-2024T02:38:16 - [TEST_STEP][PASSED] - dZO = dZO.substring(0, iii): null

02-12-2024T02:38:16 - [TEST_STEP][PASSED] - println(dZO): null

02-12-2024T02:38:16 - [TEST_STEP][PASSED] - println(PercPlanR): null

02-12-2024T02:38:16 - [TEST_STEP][PASSED] - println(PercPlanB): null

02-12-2024T02:38:16 - [TEST_STEP][PASSED] - println(PercFactR): null

02-12-2024T02:38:16 - [TEST_STEP][PASSED] - println(PercFactB): null

02-12-2024T02:38:16 - [TEST_STEP][PASSED] - println(tabR): null

02-12-2024T02:38:16 - [TEST_STEP][PASSED] - println(tabB): null

02-12-2024T02:38:16 - [TEST_STEP][PASSED] - println(o1R): null

02-12-2024T02:38:16 - [TEST_STEP][PASSED] - println(o1B): null

02-12-2024T02:38:16 - [TEST_STEP][PASSED] - PR = <not implemented yet for class: org.codehaus.groovy.ast.expr.EmptyExpression>: null

02-12-2024T02:38:16 - [TEST_STEP][PASSED] - FR = <not implemented yet for class: org.codehaus.groovy.ast.expr.EmptyExpression>: null

02-12-2024T02:38:16 - [TEST_STEP][PASSED] - PB = <not implemented yet for class: org.codehaus.groovy.ast.expr.EmptyExpression>: null

02-12-2024T02:38:16 - [TEST_STEP][PASSED] - FB = <not implemented yet for class: org.codehaus.groovy.ast.expr.EmptyExpression>: null

02-12-2024T02:38:16 - [TEST_STEP][PASSED] - TR = <not implemented yet for class: org.codehaus.groovy.ast.expr.EmptyExpression>: null

02-12-2024T02:38:16 - [TEST_STEP][PASSED] - TB = <not implemented yet for class: org.codehaus.groovy.ast.expr.EmptyExpression>: null

02-12-2024T02:38:16 - [TEST_STEP][PASSED] - sheetName = "Sheet1": null

02-12-2024T02:38:16 - [TEST_STEP][PASSED] - data = findTestData("PlanFact"): null

02-12-2024T02:38:16 - [TEST_STEP][PASSED] - n = data.getRowNumbers() + 1: null

02-12-2024T02:38:16 - [TEST_STEP][PASSED] - year = todaysDate.substring(todaysDate.length() - 4, todaysDate.length()): null

02-12-2024T02:38:16 - [TEST_STEP][PASSED] - y = year.toInteger(): null

02-12-2024T02:38:16 - [TEST_STEP][PASSED] - m = getText(findTestObject("Выполнение бизнес-плана/Выполнение бизнес-плана Балансы/Фильтр Дата")): Text of object 'Object Repository/Выполнение бизнес-плана/Выполнение бизнес-плана Балансы/Фильтр Дата' is: '1, 2, 3 кв., Октябрь 2024 года'

02-12-2024T02:38:16 - [MESSAGE][PASSED] - Text of object 'Object Repository/Выполнение бизнес-плана/Выполнение бизнес-плана Балансы/Фильтр Дата' is: '1, 2, 3 кв., Октябрь 2024 года'

02-12-2024T02:38:16 - [TEST_STEP][PASSED] - m = m.substring(0, m.indexOf("2024")): null

02-12-2024T02:38:16 - [TEST_STEP][PASSED] - m = m.trim(): null

02-12-2024T02:38:16 - [TEST_STEP][PASSED] - dashboardName = "Выполнение бизнес-плана": null

02-12-2024T02:38:16 - [TEST_STEP][PASSED] - workbook01 = getWorkbook(excelFilePath): null

02-12-2024T02:38:17 - [TEST_STEP][PASSED] - sheet01 = getExcelSheet(workbook01, sheetName): null

02-12-2024T02:38:17 - [TEST_STEP][PASSED] - setValueToCellByIndex(sheet01, n, 0, dashboardName): null

02-12-2024T02:38:17 - [TEST_STEP][PASSED] - setValueToCellByIndex(sheet01, n, 1, dZO): null

02-12-2024T02:38:17 - [TEST_STEP][PASSED] - setValueToCellByIndex(sheet01, n, 2, typeOfData): null

02-12-2024T02:38:17 - [TEST_STEP][PASSED] - setValueToCellByIndex(sheet01, n, 3, typeOfData): null

02-12-2024T02:38:17 - [TEST_STEP][PASSED] - if (typeOfData == "План"): null

02-12-2024T02:38:17 - [TEST_STEP][PASSED] - else if (typeOfData == "Факт"): null

02-12-2024T02:38:17 - [TEST_STEP][PASSED] - else if (vidget.contains("электроэнергии") == true): null

02-12-2024T02:38:17 - [TEST_STEP][PASSED] - if (tabR == null): null

02-12-2024T02:38:17 - [TEST_STEP][PASSED] - else: null

02-12-2024T02:38:17 - [TEST_STEP][PASSED] - if (tabR == "нет данных"): null

02-12-2024T02:38:17 - [TEST_STEP][PASSED] - setValueToCellByIndex(sheet01, n, 4, "нет данных"): null

02-12-2024T02:38:17 - [TEST_STEP][PASSED] - if (tabB == null): null

02-12-2024T02:38:17 - [TEST_STEP][PASSED] - else: null

02-12-2024T02:38:17 - [TEST_STEP][PASSED] - if (tabB == "нет данных"): null

02-12-2024T02:38:17 - [TEST_STEP][PASSED] - else: null

02-12-2024T02:38:17 - [TEST_STEP][PASSED] - TB = tabB.toInteger(): null

02-12-2024T02:38:17 - [TEST_STEP][PASSED] - setValueToCellByIndex(sheet01, n, 5, TB): null

02-12-2024T02:38:17 - [TEST_STEP][PASSED] - setValueToCellByIndex(sheet01, n, 6, m): null

02-12-2024T02:38:17 - [TEST_STEP][PASSED] - setValueToCellByIndex(sheet01, n, 7, y): null

02-12-2024T02:38:17 - [TEST_STEP][PASSED] - setValueToCellByIndex(sheet01, n, 8, todaysDate): null

02-12-2024T02:38:17 - [TEST_STEP][PASSED] - n = n + 1: null

02-12-2024T02:38:17 - [TEST_STEP][PASSED] - saveWorkbook(excelFilePath, workbook01): null

02-12-2024T02:38:17 - [TEST_STEP][PASSED] - typeOfData = "План Отпуск из сети": null

02-12-2024T02:38:17 - [TEST_STEP][PASSED] - tabR = GetOiSPlanR(x = a): null

02-12-2024T02:38:17 - [TEST_STEP][PASSED] - i1 = <not implemented yet for class: org.codehaus.groovy.ast.expr.EmptyExpression>: null

02-12-2024T02:38:17 - [TEST_STEP][PASSED] - ii = <not implemented yet for class: org.codehaus.groovy.ast.expr.EmptyExpression>: null

02-12-2024T02:38:17 - [TEST_STEP][PASSED] - for ([ii = 1, ii < 8, (ii++)]): null

02-12-2024T02:38:17 - [TEST_STEP][PASSED] - i1 = x.indexOf("/") + 1: null

02-12-2024T02:38:17 - [TEST_STEP][PASSED] - if (i1 > -1): null

02-12-2024T02:38:17 - [TEST_STEP][PASSED] - x = x.substring(i1, x.length()): null

02-12-2024T02:38:17 - [TEST_STEP][PASSED] - println(x): null

02-12-2024T02:38:17 - [TEST_STEP][PASSED] - i1 = x.indexOf("/") + 1: null

02-12-2024T02:38:17 - [TEST_STEP][PASSED] - if (i1 > -1): null

02-12-2024T02:38:17 - [TEST_STEP][PASSED] - x = x.substring(i1, x.length()): null

02-12-2024T02:38:17 - [TEST_STEP][PASSED] - println(x): null

02-12-2024T02:38:17 - [TEST_STEP][PASSED] - i1 = x.indexOf("/") + 1: null

02-12-2024T02:38:17 - [TEST_STEP][PASSED] - if (i1 > -1): null

02-12-2024T02:38:17 - [TEST_STEP][PASSED] - x = x.substring(i1, x.length()): null

02-12-2024T02:38:17 - [TEST_STEP][PASSED] - println(x): null

02-12-2024T02:38:17 - [TEST_STEP][PASSED] - i1 = x.indexOf("/") + 1: null

02-12-2024T02:38:17 - [TEST_STEP][PASSED] - if (i1 > -1): null

02-12-2024T02:38:17 - [TEST_STEP][PASSED] - x = x.substring(i1, x.length()): null

02-12-2024T02:38:17 - [TEST_STEP][PASSED] - println(x): null

02-12-2024T02:38:17 - [TEST_STEP][PASSED] - i1 = x.indexOf("/") + 1: null

02-12-2024T02:38:17 - [TEST_STEP][PASSED] - if (i1 > -1): null

02-12-2024T02:38:17 - [TEST_STEP][PASSED] - x = x.substring(i1, x.length()): null

02-12-2024T02:38:17 - [TEST_STEP][PASSED] - println(x): null

02-12-2024T02:38:17 - [TEST_STEP][PASSED] - i1 = x.indexOf("/") + 1: null

02-12-2024T02:38:17 - [TEST_STEP][PASSED] - if (i1 > -1): null

02-12-2024T02:38:17 - [TEST_STEP][PASSED] - x = x.substring(i1, x.length()): null

02-12-2024T02:38:17 - [TEST_STEP][PASSED] - println(x): null

02-12-2024T02:38:17 - [TEST_STEP][PASSED] - i1 = x.indexOf("/") + 1: null

02-12-2024T02:38:17 - [TEST_STEP][PASSED] - if (i1 > -1): null

02-12-2024T02:38:17 - [TEST_STEP][PASSED] - x = x.substring(i1, x.length()): null

02-12-2024T02:38:17 - [TEST_STEP][PASSED] - println(x): null

02-12-2024T02:38:17 - [TEST_STEP][PASSED] - i1 = x.indexOf("/"): null

02-12-2024T02:38:17 - [TEST_STEP][PASSED] - if (i1 > -1): null

02-12-2024T02:38:17 - [TEST_STEP][PASSED] - x = x.substring(0, i1): null

02-12-2024T02:38:17 - [TEST_STEP][PASSED] - println(x): null

02-12-2024T02:38:17 - [TEST_STEP][PASSED] - return x: null

02-12-2024T02:38:17 - [TEST_STEP][PASSED] - tabB = GetOiSPlanB(x = b): null

02-12-2024T02:38:17 - [TEST_STEP][PASSED] - i1 = <not implemented yet for class: org.codehaus.groovy.ast.expr.EmptyExpression>: null

02-12-2024T02:38:17 - [TEST_STEP][PASSED] - ii = <not implemented yet for class: org.codehaus.groovy.ast.expr.EmptyExpression>: null

02-12-2024T02:38:17 - [TEST_STEP][PASSED] - for ([ii = 1, ii < 8, (ii++)]): null

02-12-2024T02:38:17 - [TEST_STEP][PASSED] - i1 = x.indexOf("/") + 1: null

02-12-2024T02:38:17 - [TEST_STEP][PASSED] - if (i1 > -1): null

02-12-2024T02:38:17 - [TEST_STEP][PASSED] - x = x.substring(i1, x.length()): null

02-12-2024T02:38:17 - [TEST_STEP][PASSED] - println(x): null

02-12-2024T02:38:17 - [TEST_STEP][PASSED] - i1 = x.indexOf("/") + 1: null

02-12-2024T02:38:17 - [TEST_STEP][PASSED] - if (i1 > -1): null

02-12-2024T02:38:17 - [TEST_STEP][PASSED] - x = x.substring(i1, x.length()): null

02-12-2024T02:38:17 - [TEST_STEP][PASSED] - println(x): null

02-12-2024T02:38:17 - [TEST_STEP][PASSED] - i1 = x.indexOf("/") + 1: null

02-12-2024T02:38:17 - [TEST_STEP][PASSED] - if (i1 > -1): null

02-12-2024T02:38:17 - [TEST_STEP][PASSED] - x = x.substring(i1, x.length()): null

02-12-2024T02:38:17 - [TEST_STEP][PASSED] - println(x): null

02-12-2024T02:38:17 - [TEST_STEP][PASSED] - i1 = x.indexOf("/") + 1: null

02-12-2024T02:38:17 - [TEST_STEP][PASSED] - if (i1 > -1): null

02-12-2024T02:38:17 - [TEST_STEP][PASSED] - x = x.substring(i1, x.length()): null

02-12-2024T02:38:17 - [TEST_STEP][PASSED] - println(x): null

02-12-2024T02:38:17 - [TEST_STEP][PASSED] - i1 = x.indexOf("/") + 1: null

02-12-2024T02:38:17 - [TEST_STEP][PASSED] - if (i1 > -1): null

02-12-2024T02:38:17 - [TEST_STEP][PASSED] - x = x.substring(i1, x.length()): null

02-12-2024T02:38:17 - [TEST_STEP][PASSED] - println(x): null

02-12-2024T02:38:17 - [TEST_STEP][PASSED] - i1 = x.indexOf("/") + 1: null

02-12-2024T02:38:17 - [TEST_STEP][PASSED] - if (i1 > -1): null

02-12-2024T02:38:17 - [TEST_STEP][PASSED] - x = x.substring(i1, x.length()): null

02-12-2024T02:38:17 - [TEST_STEP][PASSED] - println(x): null

02-12-2024T02:38:17 - [TEST_STEP][PASSED] - i1 = x.indexOf("/") + 1: null

02-12-2024T02:38:17 - [TEST_STEP][PASSED] - if (i1 > -1): null

02-12-2024T02:38:17 - [TEST_STEP][PASSED] - x = x.substring(i1, x.length()): null

02-12-2024T02:38:17 - [TEST_STEP][PASSED] - println(x): null

02-12-2024T02:38:17 - [TEST_STEP][PASSED] - i1 = x.indexOf("/"): null

02-12-2024T02:38:17 - [TEST_STEP][PASSED] - if (i1 > -1): null

02-12-2024T02:38:17 - [TEST_STEP][PASSED] - x = x.substring(0, i1): null

02-12-2024T02:38:17 - [TEST_STEP][PASSED] - println(x): null

02-12-2024T02:38:17 - [TEST_STEP][FAILED] - return x: null

02-12-2024T02:38:17 - [TEST_STEP][PASSED] - println(tabR + "/" + tabB): null

02-12-2024T02:38:17 - [TEST_STEP][FAILED] - if (verifyEqual(PercFactR, PercFactB) == false): null

02-12-2024T02:38:17 - [MESSAGE][FAILED] - Unable to verify equal between actual object 'нет данных' and expected object '5.05' (Root cause: com.kms.katalon.core.exception.StepFailedException: Actual object 'нет данных' and expected object '5.05' are not equal
	at com.kms.katalon.core.keyword.builtin.VerifyEqualKeyword$_verifyEqual_closure1.doCall(VerifyEqualKeyword.groovy:58)
	at com.kms.katalon.core.keyword.builtin.VerifyEqualKeyword$_verifyEqual_closure1.call(VerifyEqualKeyword.groovy)
	at com.kms.katalon.core.keyword.internal.KeywordMain.runKeyword(KeywordMain.groovy:75)
	at com.kms.katalon.core.keyword.builtin.VerifyEqualKeyword.verifyEqual(VerifyEqualKeyword.groovy:63)
	at com.kms.katalon.core.keyword.builtin.VerifyEqualKeyword.execute(VerifyEqualKeyword.groovy:44)
	at com.kms.katalon.core.keyword.internal.KeywordExecutor.executeKeywordForPlatform(KeywordExecutor.groovy:74)
	at com.kms.katalon.core.keyword.BuiltinKeywords.verifyEqual(BuiltinKeywords.groovy:146)
	at jdk.internal.reflect.GeneratedMethodAccessor25.invoke(Unknown Source)
	at java.base/jdk.internal.reflect.DelegatingMethodAccessorImpl.invoke(DelegatingMethodAccessorImpl.java:43)
	at Выполнение бизнес-плана сверка дашбордов.CompareDZOData(Выполнение бизнес-плана сверка дашбордов:758)
	at Выполнение бизнес-плана сверка дашбордов.run(Выполнение бизнес-плана сверка дашбордов:598)
	at com.kms.katalon.core.main.ScriptEngine.run(ScriptEngine.java:194)
	at com.kms.katalon.core.main.ScriptEngine.runScriptAsRawText(ScriptEngine.java:119)
	at com.kms.katalon.core.main.TestCaseExecutor.runScript(TestCaseExecutor.java:448)
	at com.kms.katalon.core.main.TestCaseExecutor.doExecute(TestCaseExecutor.java:439)
	at com.kms.katalon.core.main.TestCaseExecutor.processExecutionPhase(TestCaseExecutor.java:418)
	at com.kms.katalon.core.main.TestCaseExecutor.accessMainPhase(TestCaseExecutor.java:410)
	at com.kms.katalon.core.main.TestCaseExecutor.execute(TestCaseExecutor.java:285)
	at com.kms.katalon.core.common.CommonExecutor.accessTestCaseMainPhase(CommonExecutor.java:65)
	at com.kms.katalon.core.main.TestSuiteExecutor.accessTestSuiteMainPhase(TestSuiteExecutor.java:150)
	at com.kms.katalon.core.main.TestSuiteExecutor.execute(TestSuiteExecutor.java:106)
	at com.kms.katalon.core.main.TestCaseMain.startTestSuite(TestCaseMain.java:180)
	at TempTestSuite1733095732962.run(TempTestSuite1733095732962.groovy:35)
	at java.base/jdk.internal.reflect.NativeMethodAccessorImpl.invoke0(Native Method)
	at java.base/jdk.internal.reflect.NativeMethodAccessorImpl.invoke(NativeMethodAccessorImpl.java:77)
	at java.base/jdk.internal.reflect.DelegatingMethodAccessorImpl.invoke(DelegatingMethodAccessorImpl.java:43)
)

02-12-2024T02:38:17 - [TEST_STEP][PASSED] - result = WriteToExcel(typeOfData, todaysDate, PercPlanR, PercPlanB, PercFactR, PercFactB, x, tabR, tabB, o1R, o1B, vidget): null

02-12-2024T02:38:17 - [TEST_STEP][PASSED] - iii = dZO.indexOf("/"): null

02-12-2024T02:38:17 - [TEST_STEP][PASSED] - println(iii): null

02-12-2024T02:38:17 - [TEST_STEP][PASSED] - dZO = dZO.substring(0, iii): null

02-12-2024T02:38:17 - [TEST_STEP][PASSED] - println(dZO): null

02-12-2024T02:38:17 - [TEST_STEP][PASSED] - println(PercPlanR): null

02-12-2024T02:38:17 - [TEST_STEP][PASSED] - println(PercPlanB): null

02-12-2024T02:38:17 - [TEST_STEP][PASSED] - println(PercFactR): null

02-12-2024T02:38:17 - [TEST_STEP][PASSED] - println(PercFactB): null

02-12-2024T02:38:17 - [TEST_STEP][PASSED] - println(tabR): null

02-12-2024T02:38:17 - [TEST_STEP][PASSED] - println(tabB): null

02-12-2024T02:38:17 - [TEST_STEP][PASSED] - println(o1R): null

02-12-2024T02:38:17 - [TEST_STEP][PASSED] - println(o1B): null

02-12-2024T02:38:17 - [TEST_STEP][PASSED] - PR = <not implemented yet for class: org.codehaus.groovy.ast.expr.EmptyExpression>: null

02-12-2024T02:38:17 - [TEST_STEP][PASSED] - FR = <not implemented yet for class: org.codehaus.groovy.ast.expr.EmptyExpression>: null

02-12-2024T02:38:17 - [TEST_STEP][PASSED] - PB = <not implemented yet for class: org.codehaus.groovy.ast.expr.EmptyExpression>: null

02-12-2024T02:38:17 - [TEST_STEP][PASSED] - FB = <not implemented yet for class: org.codehaus.groovy.ast.expr.EmptyExpression>: null

02-12-2024T02:38:17 - [TEST_STEP][PASSED] - TR = <not implemented yet for class: org.codehaus.groovy.ast.expr.EmptyExpression>: null

02-12-2024T02:38:17 - [TEST_STEP][PASSED] - TB = <not implemented yet for class: org.codehaus.groovy.ast.expr.EmptyExpression>: null

02-12-2024T02:38:17 - [TEST_STEP][PASSED] - sheetName = "Sheet1": null

02-12-2024T02:38:17 - [TEST_STEP][PASSED] - data = findTestData("PlanFact"): null

02-12-2024T02:38:17 - [TEST_STEP][PASSED] - n = data.getRowNumbers() + 1: null

02-12-2024T02:38:17 - [TEST_STEP][PASSED] - year = todaysDate.substring(todaysDate.length() - 4, todaysDate.length()): null

02-12-2024T02:38:17 - [TEST_STEP][PASSED] - y = year.toInteger(): null

02-12-2024T02:38:17 - [TEST_STEP][PASSED] - m = getText(findTestObject("Выполнение бизнес-плана/Выполнение бизнес-плана Балансы/Фильтр Дата")): Text of object 'Object Repository/Выполнение бизнес-плана/Выполнение бизнес-плана Балансы/Фильтр Дата' is: '1, 2, 3 кв., Октябрь 2024 года'

02-12-2024T02:38:17 - [MESSAGE][PASSED] - Text of object 'Object Repository/Выполнение бизнес-плана/Выполнение бизнес-плана Балансы/Фильтр Дата' is: '1, 2, 3 кв., Октябрь 2024 года'

02-12-2024T02:38:17 - [TEST_STEP][PASSED] - m = m.substring(0, m.indexOf("2024")): null

02-12-2024T02:38:17 - [TEST_STEP][PASSED] - m = m.trim(): null

02-12-2024T02:38:17 - [TEST_STEP][PASSED] - dashboardName = "Выполнение бизнес-плана": null

02-12-2024T02:38:17 - [TEST_STEP][PASSED] - workbook01 = getWorkbook(excelFilePath): null

02-12-2024T02:38:17 - [TEST_STEP][PASSED] - sheet01 = getExcelSheet(workbook01, sheetName): null

02-12-2024T02:38:17 - [TEST_STEP][PASSED] - setValueToCellByIndex(sheet01, n, 0, dashboardName): null

02-12-2024T02:38:17 - [TEST_STEP][PASSED] - setValueToCellByIndex(sheet01, n, 1, dZO): null

02-12-2024T02:38:17 - [TEST_STEP][PASSED] - setValueToCellByIndex(sheet01, n, 2, typeOfData): null

02-12-2024T02:38:17 - [TEST_STEP][PASSED] - setValueToCellByIndex(sheet01, n, 3, typeOfData): null

02-12-2024T02:38:17 - [TEST_STEP][PASSED] - if (typeOfData == "План"): null

02-12-2024T02:38:17 - [TEST_STEP][PASSED] - else if (typeOfData == "Факт"): null

02-12-2024T02:38:17 - [TEST_STEP][PASSED] - else if (vidget.contains("электроэнергии") == true): null

02-12-2024T02:38:17 - [TEST_STEP][PASSED] - if (tabR == null): null

02-12-2024T02:38:17 - [TEST_STEP][PASSED] - else: null

02-12-2024T02:38:17 - [TEST_STEP][PASSED] - if (tabR == "нет данных"): null

02-12-2024T02:38:17 - [TEST_STEP][PASSED] - setValueToCellByIndex(sheet01, n, 4, "нет данных"): null

02-12-2024T02:38:17 - [TEST_STEP][PASSED] - if (tabB == null): null

02-12-2024T02:38:17 - [TEST_STEP][PASSED] - else: null

02-12-2024T02:38:17 - [TEST_STEP][PASSED] - if (tabB == "нет данных"): null

02-12-2024T02:38:17 - [TEST_STEP][PASSED] - else: null

02-12-2024T02:38:17 - [TEST_STEP][PASSED] - TB = tabB.toInteger(): null

02-12-2024T02:38:17 - [TEST_STEP][PASSED] - setValueToCellByIndex(sheet01, n, 5, TB): null

02-12-2024T02:38:17 - [TEST_STEP][PASSED] - setValueToCellByIndex(sheet01, n, 6, m): null

02-12-2024T02:38:17 - [TEST_STEP][PASSED] - setValueToCellByIndex(sheet01, n, 7, y): null

02-12-2024T02:38:17 - [TEST_STEP][PASSED] - setValueToCellByIndex(sheet01, n, 8, todaysDate): null

02-12-2024T02:38:17 - [TEST_STEP][PASSED] - n = n + 1: null

02-12-2024T02:38:17 - [TEST_STEP][PASSED] - saveWorkbook(excelFilePath, workbook01): null

02-12-2024T02:38:18 - [TEST_STEP][PASSED] - typeOfData = "План Потери": null

02-12-2024T02:38:18 - [TEST_STEP][PASSED] - tabR = GetPPlanR(x = a): null

02-12-2024T02:38:18 - [TEST_STEP][PASSED] - i1 = <not implemented yet for class: org.codehaus.groovy.ast.expr.EmptyExpression>: null

02-12-2024T02:38:18 - [TEST_STEP][PASSED] - ii = <not implemented yet for class: org.codehaus.groovy.ast.expr.EmptyExpression>: null

02-12-2024T02:38:18 - [TEST_STEP][PASSED] - for ([ii = 1, ii < 9, (ii++)]): null

02-12-2024T02:38:18 - [TEST_STEP][PASSED] - i1 = x.indexOf("/") + 1: null

02-12-2024T02:38:18 - [TEST_STEP][PASSED] - if (i1 > -1): null

02-12-2024T02:38:18 - [TEST_STEP][PASSED] - x = x.substring(i1, x.length()): null

02-12-2024T02:38:18 - [TEST_STEP][PASSED] - println(x): null

02-12-2024T02:38:18 - [TEST_STEP][PASSED] - i1 = x.indexOf("/") + 1: null

02-12-2024T02:38:18 - [TEST_STEP][PASSED] - if (i1 > -1): null

02-12-2024T02:38:18 - [TEST_STEP][PASSED] - x = x.substring(i1, x.length()): null

02-12-2024T02:38:18 - [TEST_STEP][PASSED] - println(x): null

02-12-2024T02:38:18 - [TEST_STEP][PASSED] - i1 = x.indexOf("/") + 1: null

02-12-2024T02:38:18 - [TEST_STEP][PASSED] - if (i1 > -1): null

02-12-2024T02:38:18 - [TEST_STEP][PASSED] - x = x.substring(i1, x.length()): null

02-12-2024T02:38:18 - [TEST_STEP][PASSED] - println(x): null

02-12-2024T02:38:18 - [TEST_STEP][PASSED] - i1 = x.indexOf("/") + 1: null

02-12-2024T02:38:18 - [TEST_STEP][PASSED] - if (i1 > -1): null

02-12-2024T02:38:18 - [TEST_STEP][PASSED] - x = x.substring(i1, x.length()): null

02-12-2024T02:38:18 - [TEST_STEP][PASSED] - println(x): null

02-12-2024T02:38:18 - [TEST_STEP][PASSED] - i1 = x.indexOf("/") + 1: null

02-12-2024T02:38:18 - [TEST_STEP][PASSED] - if (i1 > -1): null

02-12-2024T02:38:18 - [TEST_STEP][PASSED] - x = x.substring(i1, x.length()): null

02-12-2024T02:38:18 - [TEST_STEP][PASSED] - println(x): null

02-12-2024T02:38:18 - [TEST_STEP][PASSED] - i1 = x.indexOf("/") + 1: null

02-12-2024T02:38:18 - [TEST_STEP][PASSED] - if (i1 > -1): null

02-12-2024T02:38:18 - [TEST_STEP][PASSED] - x = x.substring(i1, x.length()): null

02-12-2024T02:38:18 - [TEST_STEP][PASSED] - println(x): null

02-12-2024T02:38:18 - [TEST_STEP][PASSED] - i1 = x.indexOf("/") + 1: null

02-12-2024T02:38:18 - [TEST_STEP][PASSED] - if (i1 > -1): null

02-12-2024T02:38:18 - [TEST_STEP][PASSED] - x = x.substring(i1, x.length()): null

02-12-2024T02:38:18 - [TEST_STEP][PASSED] - println(x): null

02-12-2024T02:38:18 - [TEST_STEP][PASSED] - i1 = x.indexOf("/") + 1: null

02-12-2024T02:38:18 - [TEST_STEP][PASSED] - if (i1 > -1): null

02-12-2024T02:38:18 - [TEST_STEP][PASSED] - x = x.substring(i1, x.length()): null

02-12-2024T02:38:18 - [TEST_STEP][PASSED] - println(x): null

02-12-2024T02:38:18 - [TEST_STEP][PASSED] - i1 = x.indexOf("/"): null

02-12-2024T02:38:18 - [TEST_STEP][PASSED] - if (i1 > -1): null

02-12-2024T02:38:18 - [TEST_STEP][PASSED] - x = x.substring(0, i1): null

02-12-2024T02:38:18 - [TEST_STEP][PASSED] - println(x): null

02-12-2024T02:38:18 - [TEST_STEP][PASSED] - return x: null

02-12-2024T02:38:18 - [TEST_STEP][PASSED] - tabB = GetPPlanB(x = b): null

02-12-2024T02:38:18 - [TEST_STEP][PASSED] - i1 = <not implemented yet for class: org.codehaus.groovy.ast.expr.EmptyExpression>: null

02-12-2024T02:38:18 - [TEST_STEP][PASSED] - ii = <not implemented yet for class: org.codehaus.groovy.ast.expr.EmptyExpression>: null

02-12-2024T02:38:18 - [TEST_STEP][PASSED] - for ([ii = 1, ii < 9, (ii++)]): null

02-12-2024T02:38:18 - [TEST_STEP][PASSED] - i1 = x.indexOf("/") + 1: null

02-12-2024T02:38:18 - [TEST_STEP][PASSED] - if (i1 > -1): null

02-12-2024T02:38:18 - [TEST_STEP][PASSED] - x = x.substring(i1, x.length()): null

02-12-2024T02:38:18 - [TEST_STEP][PASSED] - println(x): null

02-12-2024T02:38:18 - [TEST_STEP][PASSED] - i1 = x.indexOf("/") + 1: null

02-12-2024T02:38:18 - [TEST_STEP][PASSED] - if (i1 > -1): null

02-12-2024T02:38:18 - [TEST_STEP][PASSED] - x = x.substring(i1, x.length()): null

02-12-2024T02:38:18 - [TEST_STEP][PASSED] - println(x): null

02-12-2024T02:38:18 - [TEST_STEP][PASSED] - i1 = x.indexOf("/") + 1: null

02-12-2024T02:38:18 - [TEST_STEP][PASSED] - if (i1 > -1): null

02-12-2024T02:38:18 - [TEST_STEP][PASSED] - x = x.substring(i1, x.length()): null

02-12-2024T02:38:18 - [TEST_STEP][PASSED] - println(x): null

02-12-2024T02:38:18 - [TEST_STEP][PASSED] - i1 = x.indexOf("/") + 1: null

02-12-2024T02:38:18 - [TEST_STEP][PASSED] - if (i1 > -1): null

02-12-2024T02:38:18 - [TEST_STEP][PASSED] - x = x.substring(i1, x.length()): null

02-12-2024T02:38:18 - [TEST_STEP][PASSED] - println(x): null

02-12-2024T02:38:18 - [TEST_STEP][PASSED] - i1 = x.indexOf("/") + 1: null

02-12-2024T02:38:18 - [TEST_STEP][PASSED] - if (i1 > -1): null

02-12-2024T02:38:18 - [TEST_STEP][PASSED] - x = x.substring(i1, x.length()): null

02-12-2024T02:38:18 - [TEST_STEP][PASSED] - println(x): null

02-12-2024T02:38:18 - [TEST_STEP][PASSED] - i1 = x.indexOf("/") + 1: null

02-12-2024T02:38:18 - [TEST_STEP][PASSED] - if (i1 > -1): null

02-12-2024T02:38:18 - [TEST_STEP][PASSED] - x = x.substring(i1, x.length()): null

02-12-2024T02:38:18 - [TEST_STEP][PASSED] - println(x): null

02-12-2024T02:38:18 - [TEST_STEP][PASSED] - i1 = x.indexOf("/") + 1: null

02-12-2024T02:38:18 - [TEST_STEP][PASSED] - if (i1 > -1): null

02-12-2024T02:38:18 - [TEST_STEP][PASSED] - x = x.substring(i1, x.length()): null

02-12-2024T02:38:18 - [TEST_STEP][PASSED] - println(x): null

02-12-2024T02:38:18 - [TEST_STEP][PASSED] - i1 = x.indexOf("/") + 1: null

02-12-2024T02:38:18 - [TEST_STEP][PASSED] - if (i1 > -1): null

02-12-2024T02:38:18 - [TEST_STEP][PASSED] - x = x.substring(i1, x.length()): null

02-12-2024T02:38:18 - [TEST_STEP][PASSED] - println(x): null

02-12-2024T02:38:18 - [TEST_STEP][PASSED] - i1 = x.indexOf("/"): null

02-12-2024T02:38:18 - [TEST_STEP][PASSED] - if (i1 > -1): null

02-12-2024T02:38:18 - [TEST_STEP][PASSED] - x = x.substring(0, i1): null

02-12-2024T02:38:18 - [TEST_STEP][PASSED] - println(x): null

02-12-2024T02:38:18 - [TEST_STEP][FAILED] - return x: null

02-12-2024T02:38:18 - [TEST_STEP][PASSED] - println(tabR + "/" + tabB): null

02-12-2024T02:38:18 - [TEST_STEP][FAILED] - if (verifyEqual(PercFactR, PercFactB) == false): null

02-12-2024T02:38:18 - [MESSAGE][FAILED] - Unable to verify equal between actual object 'нет данных' and expected object '5.05' (Root cause: com.kms.katalon.core.exception.StepFailedException: Actual object 'нет данных' and expected object '5.05' are not equal
	at com.kms.katalon.core.keyword.builtin.VerifyEqualKeyword$_verifyEqual_closure1.doCall(VerifyEqualKeyword.groovy:58)
	at com.kms.katalon.core.keyword.builtin.VerifyEqualKeyword$_verifyEqual_closure1.call(VerifyEqualKeyword.groovy)
	at com.kms.katalon.core.keyword.internal.KeywordMain.runKeyword(KeywordMain.groovy:75)
	at com.kms.katalon.core.keyword.builtin.VerifyEqualKeyword.verifyEqual(VerifyEqualKeyword.groovy:63)
	at com.kms.katalon.core.keyword.builtin.VerifyEqualKeyword.execute(VerifyEqualKeyword.groovy:44)
	at com.kms.katalon.core.keyword.internal.KeywordExecutor.executeKeywordForPlatform(KeywordExecutor.groovy:74)
	at com.kms.katalon.core.keyword.BuiltinKeywords.verifyEqual(BuiltinKeywords.groovy:146)
	at jdk.internal.reflect.GeneratedMethodAccessor25.invoke(Unknown Source)
	at java.base/jdk.internal.reflect.DelegatingMethodAccessorImpl.invoke(DelegatingMethodAccessorImpl.java:43)
	at Выполнение бизнес-плана сверка дашбордов.CompareDZOData(Выполнение бизнес-плана сверка дашбордов:771)
	at Выполнение бизнес-плана сверка дашбордов.run(Выполнение бизнес-плана сверка дашбордов:598)
	at com.kms.katalon.core.main.ScriptEngine.run(ScriptEngine.java:194)
	at com.kms.katalon.core.main.ScriptEngine.runScriptAsRawText(ScriptEngine.java:119)
	at com.kms.katalon.core.main.TestCaseExecutor.runScript(TestCaseExecutor.java:448)
	at com.kms.katalon.core.main.TestCaseExecutor.doExecute(TestCaseExecutor.java:439)
	at com.kms.katalon.core.main.TestCaseExecutor.processExecutionPhase(TestCaseExecutor.java:418)
	at com.kms.katalon.core.main.TestCaseExecutor.accessMainPhase(TestCaseExecutor.java:410)
	at com.kms.katalon.core.main.TestCaseExecutor.execute(TestCaseExecutor.java:285)
	at com.kms.katalon.core.common.CommonExecutor.accessTestCaseMainPhase(CommonExecutor.java:65)
	at com.kms.katalon.core.main.TestSuiteExecutor.accessTestSuiteMainPhase(TestSuiteExecutor.java:150)
	at com.kms.katalon.core.main.TestSuiteExecutor.execute(TestSuiteExecutor.java:106)
	at com.kms.katalon.core.main.TestCaseMain.startTestSuite(TestCaseMain.java:180)
	at TempTestSuite1733095732962.run(TempTestSuite1733095732962.groovy:35)
	at java.base/jdk.internal.reflect.NativeMethodAccessorImpl.invoke0(Native Method)
	at java.base/jdk.internal.reflect.NativeMethodAccessorImpl.invoke(NativeMethodAccessorImpl.java:77)
	at java.base/jdk.internal.reflect.DelegatingMethodAccessorImpl.invoke(DelegatingMethodAccessorImpl.java:43)
)

02-12-2024T02:38:18 - [TEST_STEP][PASSED] - result = WriteToExcel(typeOfData, todaysDate, PercPlanR, PercPlanB, PercFactR, PercFactB, x, tabR, tabB, o1R, o1B, vidget): null

02-12-2024T02:38:18 - [TEST_STEP][PASSED] - iii = dZO.indexOf("/"): null

02-12-2024T02:38:18 - [TEST_STEP][PASSED] - println(iii): null

02-12-2024T02:38:18 - [TEST_STEP][PASSED] - dZO = dZO.substring(0, iii): null

02-12-2024T02:38:18 - [TEST_STEP][PASSED] - println(dZO): null

02-12-2024T02:38:18 - [TEST_STEP][PASSED] - println(PercPlanR): null

02-12-2024T02:38:18 - [TEST_STEP][PASSED] - println(PercPlanB): null

02-12-2024T02:38:18 - [TEST_STEP][PASSED] - println(PercFactR): null

02-12-2024T02:38:18 - [TEST_STEP][PASSED] - println(PercFactB): null

02-12-2024T02:38:18 - [TEST_STEP][PASSED] - println(tabR): null

02-12-2024T02:38:18 - [TEST_STEP][PASSED] - println(tabB): null

02-12-2024T02:38:18 - [TEST_STEP][PASSED] - println(o1R): null

02-12-2024T02:38:18 - [TEST_STEP][PASSED] - println(o1B): null

02-12-2024T02:38:18 - [TEST_STEP][PASSED] - PR = <not implemented yet for class: org.codehaus.groovy.ast.expr.EmptyExpression>: null

02-12-2024T02:38:18 - [TEST_STEP][PASSED] - FR = <not implemented yet for class: org.codehaus.groovy.ast.expr.EmptyExpression>: null

02-12-2024T02:38:18 - [TEST_STEP][PASSED] - PB = <not implemented yet for class: org.codehaus.groovy.ast.expr.EmptyExpression>: null

02-12-2024T02:38:18 - [TEST_STEP][PASSED] - FB = <not implemented yet for class: org.codehaus.groovy.ast.expr.EmptyExpression>: null

02-12-2024T02:38:18 - [TEST_STEP][PASSED] - TR = <not implemented yet for class: org.codehaus.groovy.ast.expr.EmptyExpression>: null

02-12-2024T02:38:18 - [TEST_STEP][PASSED] - TB = <not implemented yet for class: org.codehaus.groovy.ast.expr.EmptyExpression>: null

02-12-2024T02:38:18 - [TEST_STEP][PASSED] - sheetName = "Sheet1": null

02-12-2024T02:38:18 - [TEST_STEP][PASSED] - data = findTestData("PlanFact"): null

02-12-2024T02:38:18 - [TEST_STEP][PASSED] - n = data.getRowNumbers() + 1: null

02-12-2024T02:38:18 - [TEST_STEP][PASSED] - year = todaysDate.substring(todaysDate.length() - 4, todaysDate.length()): null

02-12-2024T02:38:18 - [TEST_STEP][PASSED] - y = year.toInteger(): null

02-12-2024T02:38:18 - [TEST_STEP][PASSED] - m = getText(findTestObject("Выполнение бизнес-плана/Выполнение бизнес-плана Балансы/Фильтр Дата")): Text of object 'Object Repository/Выполнение бизнес-плана/Выполнение бизнес-плана Балансы/Фильтр Дата' is: '1, 2, 3 кв., Октябрь 2024 года'

02-12-2024T02:38:18 - [MESSAGE][PASSED] - Text of object 'Object Repository/Выполнение бизнес-плана/Выполнение бизнес-плана Балансы/Фильтр Дата' is: '1, 2, 3 кв., Октябрь 2024 года'

02-12-2024T02:38:18 - [TEST_STEP][PASSED] - m = m.substring(0, m.indexOf("2024")): null

02-12-2024T02:38:18 - [TEST_STEP][PASSED] - m = m.trim(): null

02-12-2024T02:38:18 - [TEST_STEP][PASSED] - dashboardName = "Выполнение бизнес-плана": null

02-12-2024T02:38:18 - [TEST_STEP][PASSED] - workbook01 = getWorkbook(excelFilePath): null

02-12-2024T02:38:18 - [TEST_STEP][PASSED] - sheet01 = getExcelSheet(workbook01, sheetName): null

02-12-2024T02:38:18 - [TEST_STEP][PASSED] - setValueToCellByIndex(sheet01, n, 0, dashboardName): null

02-12-2024T02:38:18 - [TEST_STEP][PASSED] - setValueToCellByIndex(sheet01, n, 1, dZO): null

02-12-2024T02:38:18 - [TEST_STEP][PASSED] - setValueToCellByIndex(sheet01, n, 2, typeOfData): null

02-12-2024T02:38:18 - [TEST_STEP][PASSED] - setValueToCellByIndex(sheet01, n, 3, typeOfData): null

02-12-2024T02:38:18 - [TEST_STEP][PASSED] - if (typeOfData == "План"): null

02-12-2024T02:38:18 - [TEST_STEP][PASSED] - else if (typeOfData == "Факт"): null

02-12-2024T02:38:18 - [TEST_STEP][PASSED] - else if (vidget.contains("электроэнергии") == true): null

02-12-2024T02:38:18 - [TEST_STEP][PASSED] - if (tabR == null): null

02-12-2024T02:38:18 - [TEST_STEP][PASSED] - else: null

02-12-2024T02:38:18 - [TEST_STEP][PASSED] - if (tabR == "нет данных"): null

02-12-2024T02:38:18 - [TEST_STEP][PASSED] - setValueToCellByIndex(sheet01, n, 4, "нет данных"): null

02-12-2024T02:38:18 - [TEST_STEP][PASSED] - if (tabB == null): null

02-12-2024T02:38:18 - [TEST_STEP][PASSED] - else: null

02-12-2024T02:38:18 - [TEST_STEP][PASSED] - if (tabB == "нет данных"): null

02-12-2024T02:38:18 - [TEST_STEP][PASSED] - else: null

02-12-2024T02:38:18 - [TEST_STEP][PASSED] - TB = tabB.toInteger(): null

02-12-2024T02:38:18 - [TEST_STEP][PASSED] - setValueToCellByIndex(sheet01, n, 5, TB): null

02-12-2024T02:38:18 - [TEST_STEP][PASSED] - setValueToCellByIndex(sheet01, n, 6, m): null

02-12-2024T02:38:18 - [TEST_STEP][PASSED] - setValueToCellByIndex(sheet01, n, 7, y): null

02-12-2024T02:38:18 - [TEST_STEP][PASSED] - setValueToCellByIndex(sheet01, n, 8, todaysDate): null

02-12-2024T02:38:18 - [TEST_STEP][PASSED] - n = n + 1: null

02-12-2024T02:38:18 - [TEST_STEP][PASSED] - saveWorkbook(excelFilePath, workbook01): null

02-12-2024T02:38:18 - [TEST_STEP][PASSED] - ii2 = a.indexOf("ПАО"): null

02-12-2024T02:38:18 - [TEST_STEP][PASSED] - if (ii2 == -1): null

02-12-2024T02:38:18 - [TEST_STEP][PASSED] - vidget = "Отклонения фактического уровня потерь от бизнес-плана": null

02-12-2024T02:38:18 - [TEST_STEP][PASSED] - typeOfData = "Коэффициент": null

02-12-2024T02:38:18 - [TEST_STEP][PASSED] - o1R = Geto1R(x = a): null

02-12-2024T02:38:18 - [TEST_STEP][PASSED] - i1 = <not implemented yet for class: org.codehaus.groovy.ast.expr.EmptyExpression>: null

02-12-2024T02:38:18 - [TEST_STEP][PASSED] - ii = <not implemented yet for class: org.codehaus.groovy.ast.expr.EmptyExpression>: null

02-12-2024T02:38:18 - [TEST_STEP][PASSED] - for ([ii = 1, ii < 10, (ii++)]): null

02-12-2024T02:38:18 - [TEST_STEP][PASSED] - i1 = x.indexOf("/") + 1: null

02-12-2024T02:38:18 - [TEST_STEP][PASSED] - if (i1 > -1): null

02-12-2024T02:38:18 - [TEST_STEP][PASSED] - x = x.substring(i1, x.length()): null

02-12-2024T02:38:18 - [TEST_STEP][PASSED] - i1 = x.indexOf("/") + 1: null

02-12-2024T02:38:18 - [TEST_STEP][PASSED] - if (i1 > -1): null

02-12-2024T02:38:18 - [TEST_STEP][PASSED] - x = x.substring(i1, x.length()): null

02-12-2024T02:38:18 - [TEST_STEP][PASSED] - i1 = x.indexOf("/") + 1: null

02-12-2024T02:38:18 - [TEST_STEP][PASSED] - if (i1 > -1): null

02-12-2024T02:38:18 - [TEST_STEP][PASSED] - x = x.substring(i1, x.length()): null

02-12-2024T02:38:18 - [TEST_STEP][PASSED] - i1 = x.indexOf("/") + 1: null

02-12-2024T02:38:18 - [TEST_STEP][PASSED] - if (i1 > -1): null

02-12-2024T02:38:18 - [TEST_STEP][PASSED] - x = x.substring(i1, x.length()): null

02-12-2024T02:38:18 - [TEST_STEP][PASSED] - i1 = x.indexOf("/") + 1: null

02-12-2024T02:38:18 - [TEST_STEP][PASSED] - if (i1 > -1): null

02-12-2024T02:38:18 - [TEST_STEP][PASSED] - x = x.substring(i1, x.length()): null

02-12-2024T02:38:18 - [TEST_STEP][PASSED] - i1 = x.indexOf("/") + 1: null

02-12-2024T02:38:18 - [TEST_STEP][PASSED] - if (i1 > -1): null

02-12-2024T02:38:18 - [TEST_STEP][PASSED] - x = x.substring(i1, x.length()): null

02-12-2024T02:38:18 - [TEST_STEP][PASSED] - i1 = x.indexOf("/") + 1: null

02-12-2024T02:38:18 - [TEST_STEP][PASSED] - if (i1 > -1): null

02-12-2024T02:38:18 - [TEST_STEP][PASSED] - x = x.substring(i1, x.length()): null

02-12-2024T02:38:18 - [TEST_STEP][PASSED] - i1 = x.indexOf("/") + 1: null

02-12-2024T02:38:18 - [TEST_STEP][PASSED] - if (i1 > -1): null

02-12-2024T02:38:18 - [TEST_STEP][PASSED] - x = x.substring(i1, x.length()): null

02-12-2024T02:38:18 - [TEST_STEP][PASSED] - i1 = x.indexOf("/") + 1: null

02-12-2024T02:38:18 - [TEST_STEP][PASSED] - if (i1 > -1): null

02-12-2024T02:38:18 - [TEST_STEP][PASSED] - x = x.substring(i1, x.length()): null

02-12-2024T02:38:18 - [TEST_STEP][PASSED] - i1 = x.indexOf("/"): null

02-12-2024T02:38:18 - [TEST_STEP][PASSED] - if (i1 > -1): null

02-12-2024T02:38:18 - [TEST_STEP][PASSED] - println(x): null

02-12-2024T02:38:18 - [TEST_STEP][PASSED] - return x: null

02-12-2024T02:38:18 - [TEST_STEP][PASSED] - o1B = Geto1B(x = b): null

02-12-2024T02:38:18 - [TEST_STEP][PASSED] - i1 = <not implemented yet for class: org.codehaus.groovy.ast.expr.EmptyExpression>: null

02-12-2024T02:38:18 - [TEST_STEP][PASSED] - ii = <not implemented yet for class: org.codehaus.groovy.ast.expr.EmptyExpression>: null

02-12-2024T02:38:18 - [TEST_STEP][PASSED] - for ([ii = 1, ii < 10, (ii++)]): null

02-12-2024T02:38:18 - [TEST_STEP][PASSED] - i1 = x.indexOf("/") + 1: null

02-12-2024T02:38:18 - [TEST_STEP][PASSED] - if (i1 > -1): null

02-12-2024T02:38:18 - [TEST_STEP][PASSED] - x = x.substring(i1, x.length()): null

02-12-2024T02:38:18 - [TEST_STEP][PASSED] - i1 = x.indexOf("/") + 1: null

02-12-2024T02:38:18 - [TEST_STEP][PASSED] - if (i1 > -1): null

02-12-2024T02:38:18 - [TEST_STEP][PASSED] - x = x.substring(i1, x.length()): null

02-12-2024T02:38:18 - [TEST_STEP][PASSED] - i1 = x.indexOf("/") + 1: null

02-12-2024T02:38:18 - [TEST_STEP][PASSED] - if (i1 > -1): null

02-12-2024T02:38:18 - [TEST_STEP][PASSED] - x = x.substring(i1, x.length()): null

02-12-2024T02:38:18 - [TEST_STEP][PASSED] - i1 = x.indexOf("/") + 1: null

02-12-2024T02:38:18 - [TEST_STEP][PASSED] - if (i1 > -1): null

02-12-2024T02:38:18 - [TEST_STEP][PASSED] - x = x.substring(i1, x.length()): null

02-12-2024T02:38:18 - [TEST_STEP][PASSED] - i1 = x.indexOf("/") + 1: null

02-12-2024T02:38:18 - [TEST_STEP][PASSED] - if (i1 > -1): null

02-12-2024T02:38:18 - [TEST_STEP][PASSED] - x = x.substring(i1, x.length()): null

02-12-2024T02:38:18 - [TEST_STEP][PASSED] - i1 = x.indexOf("/") + 1: null

02-12-2024T02:38:18 - [TEST_STEP][PASSED] - if (i1 > -1): null

02-12-2024T02:38:18 - [TEST_STEP][PASSED] - x = x.substring(i1, x.length()): null

02-12-2024T02:38:18 - [TEST_STEP][PASSED] - i1 = x.indexOf("/") + 1: null

02-12-2024T02:38:18 - [TEST_STEP][PASSED] - if (i1 > -1): null

02-12-2024T02:38:18 - [TEST_STEP][PASSED] - x = x.substring(i1, x.length()): null

02-12-2024T02:38:18 - [TEST_STEP][PASSED] - i1 = x.indexOf("/") + 1: null

02-12-2024T02:38:18 - [TEST_STEP][PASSED] - if (i1 > -1): null

02-12-2024T02:38:18 - [TEST_STEP][PASSED] - x = x.substring(i1, x.length()): null

02-12-2024T02:38:18 - [TEST_STEP][PASSED] - i1 = x.indexOf("/") + 1: null

02-12-2024T02:38:18 - [TEST_STEP][PASSED] - if (i1 > -1): null

02-12-2024T02:38:18 - [TEST_STEP][PASSED] - x = x.substring(i1, x.length()): null

02-12-2024T02:38:18 - [TEST_STEP][PASSED] - i1 = x.indexOf("/"): null

02-12-2024T02:38:18 - [TEST_STEP][PASSED] - if (i1 > -1): null

02-12-2024T02:38:18 - [TEST_STEP][PASSED] - println(x): null

02-12-2024T02:38:18 - [TEST_STEP][FAILED] - return x: null

02-12-2024T02:38:18 - [TEST_STEP][PASSED] - println(o1R + "/" + o1B): null

02-12-2024T02:38:18 - [TEST_STEP][FAILED] - if (verifyEqual(PercFactR, PercFactB) == false): null

02-12-2024T02:38:18 - [MESSAGE][FAILED] - Unable to verify equal between actual object 'нет данных' and expected object '5.05' (Root cause: com.kms.katalon.core.exception.StepFailedException: Actual object 'нет данных' and expected object '5.05' are not equal
	at com.kms.katalon.core.keyword.builtin.VerifyEqualKeyword$_verifyEqual_closure1.doCall(VerifyEqualKeyword.groovy:58)
	at com.kms.katalon.core.keyword.builtin.VerifyEqualKeyword$_verifyEqual_closure1.call(VerifyEqualKeyword.groovy)
	at com.kms.katalon.core.keyword.internal.KeywordMain.runKeyword(KeywordMain.groovy:75)
	at com.kms.katalon.core.keyword.builtin.VerifyEqualKeyword.verifyEqual(VerifyEqualKeyword.groovy:63)
	at com.kms.katalon.core.keyword.builtin.VerifyEqualKeyword.execute(VerifyEqualKeyword.groovy:44)
	at com.kms.katalon.core.keyword.internal.KeywordExecutor.executeKeywordForPlatform(KeywordExecutor.groovy:74)
	at com.kms.katalon.core.keyword.BuiltinKeywords.verifyEqual(BuiltinKeywords.groovy:146)
	at jdk.internal.reflect.GeneratedMethodAccessor25.invoke(Unknown Source)
	at java.base/jdk.internal.reflect.DelegatingMethodAccessorImpl.invoke(DelegatingMethodAccessorImpl.java:43)
	at Выполнение бизнес-плана сверка дашбордов.CompareDZOData(Выполнение бизнес-плана сверка дашбордов:789)
	at Выполнение бизнес-плана сверка дашбордов.run(Выполнение бизнес-плана сверка дашбордов:598)
	at com.kms.katalon.core.main.ScriptEngine.run(ScriptEngine.java:194)
	at com.kms.katalon.core.main.ScriptEngine.runScriptAsRawText(ScriptEngine.java:119)
	at com.kms.katalon.core.main.TestCaseExecutor.runScript(TestCaseExecutor.java:448)
	at com.kms.katalon.core.main.TestCaseExecutor.doExecute(TestCaseExecutor.java:439)
	at com.kms.katalon.core.main.TestCaseExecutor.processExecutionPhase(TestCaseExecutor.java:418)
	at com.kms.katalon.core.main.TestCaseExecutor.accessMainPhase(TestCaseExecutor.java:410)
	at com.kms.katalon.core.main.TestCaseExecutor.execute(TestCaseExecutor.java:285)
	at com.kms.katalon.core.common.CommonExecutor.accessTestCaseMainPhase(CommonExecutor.java:65)
	at com.kms.katalon.core.main.TestSuiteExecutor.accessTestSuiteMainPhase(TestSuiteExecutor.java:150)
	at com.kms.katalon.core.main.TestSuiteExecutor.execute(TestSuiteExecutor.java:106)
	at com.kms.katalon.core.main.TestCaseMain.startTestSuite(TestCaseMain.java:180)
	at TempTestSuite1733095732962.run(TempTestSuite1733095732962.groovy:35)
	at java.base/jdk.internal.reflect.NativeMethodAccessorImpl.invoke0(Native Method)
	at java.base/jdk.internal.reflect.NativeMethodAccessorImpl.invoke(NativeMethodAccessorImpl.java:77)
	at java.base/jdk.internal.reflect.DelegatingMethodAccessorImpl.invoke(DelegatingMethodAccessorImpl.java:43)
)

02-12-2024T02:38:18 - [TEST_STEP][PASSED] - result = WriteToExcel(typeOfData, todaysDate, PercPlanR, PercPlanB, PercFactR, PercFactB, x, tabR, tabB, o1R, o1B, vidget): null

02-12-2024T02:38:18 - [TEST_STEP][PASSED] - iii = dZO.indexOf("/"): null

02-12-2024T02:38:18 - [TEST_STEP][PASSED] - println(iii): null

02-12-2024T02:38:18 - [TEST_STEP][PASSED] - dZO = dZO.substring(0, iii): null

02-12-2024T02:38:18 - [TEST_STEP][PASSED] - println(dZO): null

02-12-2024T02:38:18 - [TEST_STEP][PASSED] - println(PercPlanR): null

02-12-2024T02:38:18 - [TEST_STEP][PASSED] - println(PercPlanB): null

02-12-2024T02:38:18 - [TEST_STEP][PASSED] - println(PercFactR): null

02-12-2024T02:38:18 - [TEST_STEP][PASSED] - println(PercFactB): null

02-12-2024T02:38:18 - [TEST_STEP][PASSED] - println(tabR): null

02-12-2024T02:38:18 - [TEST_STEP][PASSED] - println(tabB): null

02-12-2024T02:38:18 - [TEST_STEP][PASSED] - println(o1R): null

02-12-2024T02:38:18 - [TEST_STEP][PASSED] - println(o1B): null

02-12-2024T02:38:18 - [TEST_STEP][PASSED] - PR = <not implemented yet for class: org.codehaus.groovy.ast.expr.EmptyExpression>: null

02-12-2024T02:38:18 - [TEST_STEP][PASSED] - FR = <not implemented yet for class: org.codehaus.groovy.ast.expr.EmptyExpression>: null

02-12-2024T02:38:18 - [TEST_STEP][PASSED] - PB = <not implemented yet for class: org.codehaus.groovy.ast.expr.EmptyExpression>: null

02-12-2024T02:38:18 - [TEST_STEP][PASSED] - FB = <not implemented yet for class: org.codehaus.groovy.ast.expr.EmptyExpression>: null

02-12-2024T02:38:18 - [TEST_STEP][PASSED] - TR = <not implemented yet for class: org.codehaus.groovy.ast.expr.EmptyExpression>: null

02-12-2024T02:38:18 - [TEST_STEP][PASSED] - TB = <not implemented yet for class: org.codehaus.groovy.ast.expr.EmptyExpression>: null

02-12-2024T02:38:18 - [TEST_STEP][PASSED] - sheetName = "Sheet1": null

02-12-2024T02:38:18 - [TEST_STEP][PASSED] - data = findTestData("PlanFact"): null

02-12-2024T02:38:18 - [TEST_STEP][PASSED] - n = data.getRowNumbers() + 1: null

02-12-2024T02:38:18 - [TEST_STEP][PASSED] - year = todaysDate.substring(todaysDate.length() - 4, todaysDate.length()): null

02-12-2024T02:38:18 - [TEST_STEP][PASSED] - y = year.toInteger(): null

02-12-2024T02:38:18 - [TEST_STEP][PASSED] - m = getText(findTestObject("Выполнение бизнес-плана/Выполнение бизнес-плана Балансы/Фильтр Дата")): Text of object 'Object Repository/Выполнение бизнес-плана/Выполнение бизнес-плана Балансы/Фильтр Дата' is: '1, 2, 3 кв., Октябрь 2024 года'

02-12-2024T02:38:19 - [MESSAGE][PASSED] - Text of object 'Object Repository/Выполнение бизнес-плана/Выполнение бизнес-плана Балансы/Фильтр Дата' is: '1, 2, 3 кв., Октябрь 2024 года'

02-12-2024T02:38:19 - [TEST_STEP][PASSED] - m = m.substring(0, m.indexOf("2024")): null

02-12-2024T02:38:19 - [TEST_STEP][PASSED] - m = m.trim(): null

02-12-2024T02:38:19 - [TEST_STEP][PASSED] - dashboardName = "Выполнение бизнес-плана": null

02-12-2024T02:38:19 - [TEST_STEP][PASSED] - workbook01 = getWorkbook(excelFilePath): null

02-12-2024T02:38:19 - [TEST_STEP][PASSED] - sheet01 = getExcelSheet(workbook01, sheetName): null

02-12-2024T02:38:19 - [TEST_STEP][PASSED] - setValueToCellByIndex(sheet01, n, 0, dashboardName): null

02-12-2024T02:38:19 - [TEST_STEP][PASSED] - setValueToCellByIndex(sheet01, n, 1, dZO): null

02-12-2024T02:38:19 - [TEST_STEP][PASSED] - setValueToCellByIndex(sheet01, n, 2, typeOfData): null

02-12-2024T02:38:19 - [TEST_STEP][PASSED] - setValueToCellByIndex(sheet01, n, 3, typeOfData): null

02-12-2024T02:38:19 - [TEST_STEP][PASSED] - if (typeOfData == "План"): null

02-12-2024T02:38:19 - [TEST_STEP][PASSED] - else if (typeOfData == "Факт"): null

02-12-2024T02:38:19 - [TEST_STEP][PASSED] - else if (vidget.contains("электроэнергии") == true): null

02-12-2024T02:38:19 - [TEST_STEP][PASSED] - else: null

02-12-2024T02:38:19 - [TEST_STEP][PASSED] - if (o1R == null): null

02-12-2024T02:38:19 - [TEST_STEP][PASSED] - else: null

02-12-2024T02:38:19 - [TEST_STEP][PASSED] - if (o1R == "нет данных"): null

02-12-2024T02:38:19 - [TEST_STEP][PASSED] - setValueToCellByIndex(sheet01, n, 4, "нет данных"): null

02-12-2024T02:38:19 - [TEST_STEP][PASSED] - if (o1B == null): null

02-12-2024T02:38:19 - [TEST_STEP][PASSED] - else: null

02-12-2024T02:38:19 - [TEST_STEP][PASSED] - if (o1B == "нет данных"): null

02-12-2024T02:38:19 - [TEST_STEP][PASSED] - else: null

02-12-2024T02:38:19 - [TEST_STEP][PASSED] - FB = o1B.toDouble(): null

02-12-2024T02:38:19 - [TEST_STEP][PASSED] - setValueToCellByIndex(sheet01, n, 5, FB): null

02-12-2024T02:38:19 - [TEST_STEP][PASSED] - setValueToCellByIndex(sheet01, n, 6, m): null

02-12-2024T02:38:19 - [TEST_STEP][PASSED] - setValueToCellByIndex(sheet01, n, 7, y): null

02-12-2024T02:38:19 - [TEST_STEP][PASSED] - setValueToCellByIndex(sheet01, n, 8, todaysDate): null

02-12-2024T02:38:19 - [TEST_STEP][PASSED] - n = n + 1: null

02-12-2024T02:38:19 - [TEST_STEP][FAILED] - saveWorkbook(excelFilePath, workbook01): null

02-12-2024T02:38:19 - [TEST_STEP][FAILED] - if (verifyEqual(kR, kB) == false): null

02-12-2024T02:38:19 - [MESSAGE][FAILED] - Unable to verify equal between actual object 'Россети Кубань/нет данных/нет данных/нет данных/нет данных/нет данных/нет данных/нет данных/нет данных/нет данных' and expected object 'Россети Кубань/9.22/8.68/19209232/17541196/1668036/18442019/16742025/1699994/-0.53' (Root cause: com.kms.katalon.core.exception.StepFailedException: Actual object 'Россети Кубань/нет данных/нет данных/нет данных/нет данных/нет данных/нет данных/нет данных/нет данных/нет данных' and expected object 'Россети Кубань/9.22/8.68/19209232/17541196/1668036/18442019/16742025/1699994/-0.53' are not equal
	at com.kms.katalon.core.keyword.builtin.VerifyEqualKeyword$_verifyEqual_closure1.doCall(VerifyEqualKeyword.groovy:58)
	at com.kms.katalon.core.keyword.builtin.VerifyEqualKeyword$_verifyEqual_closure1.call(VerifyEqualKeyword.groovy)
	at com.kms.katalon.core.keyword.internal.KeywordMain.runKeyword(KeywordMain.groovy:75)
	at com.kms.katalon.core.keyword.builtin.VerifyEqualKeyword.verifyEqual(VerifyEqualKeyword.groovy:63)
	at com.kms.katalon.core.keyword.builtin.VerifyEqualKeyword.execute(VerifyEqualKeyword.groovy:44)
	at com.kms.katalon.core.keyword.internal.KeywordExecutor.executeKeywordForPlatform(KeywordExecutor.groovy:74)
	at com.kms.katalon.core.keyword.BuiltinKeywords.verifyEqual(BuiltinKeywords.groovy:146)
	at jdk.internal.reflect.GeneratedMethodAccessor25.invoke(Unknown Source)
	at java.base/jdk.internal.reflect.DelegatingMethodAccessorImpl.invoke(DelegatingMethodAccessorImpl.java:43)
	at Выполнение бизнес-плана сверка дашбордов.run(Выполнение бизнес-плана сверка дашбордов:602)
	at com.kms.katalon.core.main.ScriptEngine.run(ScriptEngine.java:194)
	at com.kms.katalon.core.main.ScriptEngine.runScriptAsRawText(ScriptEngine.java:119)
	at com.kms.katalon.core.main.TestCaseExecutor.runScript(TestCaseExecutor.java:448)
	at com.kms.katalon.core.main.TestCaseExecutor.doExecute(TestCaseExecutor.java:439)
	at com.kms.katalon.core.main.TestCaseExecutor.processExecutionPhase(TestCaseExecutor.java:418)
	at com.kms.katalon.core.main.TestCaseExecutor.accessMainPhase(TestCaseExecutor.java:410)
	at com.kms.katalon.core.main.TestCaseExecutor.execute(TestCaseExecutor.java:285)
	at com.kms.katalon.core.common.CommonExecutor.accessTestCaseMainPhase(CommonExecutor.java:65)
	at com.kms.katalon.core.main.TestSuiteExecutor.accessTestSuiteMainPhase(TestSuiteExecutor.java:150)
	at com.kms.katalon.core.main.TestSuiteExecutor.execute(TestSuiteExecutor.java:106)
	at com.kms.katalon.core.main.TestCaseMain.startTestSuite(TestCaseMain.java:180)
	at TempTestSuite1733095732962.run(TempTestSuite1733095732962.groovy:35)
	at java.base/jdk.internal.reflect.NativeMethodAccessorImpl.invoke0(Native Method)
	at java.base/jdk.internal.reflect.NativeMethodAccessorImpl.invoke(NativeMethodAccessorImpl.java:77)
	at java.base/jdk.internal.reflect.DelegatingMethodAccessorImpl.invoke(DelegatingMethodAccessorImpl.java:43)
)

02-12-2024T02:38:19 - [TEST_STEP][PASSED] - result = CompareDZOData(a = kR, b = kB, dZO, typeOfData, PercPlanR, PercPlanB, PercFactR, PercFactB, todaysDate, x, vidget, tabR, tabB, o1R, o1B): null

02-12-2024T02:38:19 - [TEST_STEP][PASSED] - ii2 = <not implemented yet for class: org.codehaus.groovy.ast.expr.EmptyExpression>: null

02-12-2024T02:38:19 - [TEST_STEP][FAILED] - if (verifyEqual(a, b) == false): null

02-12-2024T02:38:19 - [MESSAGE][FAILED] - Unable to verify equal between actual object 'Россети Кубань/нет данных/нет данных/нет данных/нет данных/нет данных/нет данных/нет данных/нет данных/нет данных' and expected object 'Россети Кубань/9.22/8.68/19209232/17541196/1668036/18442019/16742025/1699994/-0.53' (Root cause: com.kms.katalon.core.exception.StepFailedException: Actual object 'Россети Кубань/нет данных/нет данных/нет данных/нет данных/нет данных/нет данных/нет данных/нет данных/нет данных' and expected object 'Россети Кубань/9.22/8.68/19209232/17541196/1668036/18442019/16742025/1699994/-0.53' are not equal
	at com.kms.katalon.core.keyword.builtin.VerifyEqualKeyword$_verifyEqual_closure1.doCall(VerifyEqualKeyword.groovy:58)
	at com.kms.katalon.core.keyword.builtin.VerifyEqualKeyword$_verifyEqual_closure1.call(VerifyEqualKeyword.groovy)
	at com.kms.katalon.core.keyword.internal.KeywordMain.runKeyword(KeywordMain.groovy:75)
	at com.kms.katalon.core.keyword.builtin.VerifyEqualKeyword.verifyEqual(VerifyEqualKeyword.groovy:63)
	at com.kms.katalon.core.keyword.builtin.VerifyEqualKeyword.execute(VerifyEqualKeyword.groovy:44)
	at com.kms.katalon.core.keyword.internal.KeywordExecutor.executeKeywordForPlatform(KeywordExecutor.groovy:74)
	at com.kms.katalon.core.keyword.BuiltinKeywords.verifyEqual(BuiltinKeywords.groovy:146)
	at jdk.internal.reflect.GeneratedMethodAccessor25.invoke(Unknown Source)
	at java.base/jdk.internal.reflect.DelegatingMethodAccessorImpl.invoke(DelegatingMethodAccessorImpl.java:43)
	at Выполнение бизнес-плана сверка дашбордов.CompareDZOData(Выполнение бизнес-плана сверка дашбордов:673)
	at Выполнение бизнес-плана сверка дашбордов.run(Выполнение бизнес-плана сверка дашбордов:603)
	at com.kms.katalon.core.main.ScriptEngine.run(ScriptEngine.java:194)
	at com.kms.katalon.core.main.ScriptEngine.runScriptAsRawText(ScriptEngine.java:119)
	at com.kms.katalon.core.main.TestCaseExecutor.runScript(TestCaseExecutor.java:448)
	at com.kms.katalon.core.main.TestCaseExecutor.doExecute(TestCaseExecutor.java:439)
	at com.kms.katalon.core.main.TestCaseExecutor.processExecutionPhase(TestCaseExecutor.java:418)
	at com.kms.katalon.core.main.TestCaseExecutor.accessMainPhase(TestCaseExecutor.java:410)
	at com.kms.katalon.core.main.TestCaseExecutor.execute(TestCaseExecutor.java:285)
	at com.kms.katalon.core.common.CommonExecutor.accessTestCaseMainPhase(CommonExecutor.java:65)
	at com.kms.katalon.core.main.TestSuiteExecutor.accessTestSuiteMainPhase(TestSuiteExecutor.java:150)
	at com.kms.katalon.core.main.TestSuiteExecutor.execute(TestSuiteExecutor.java:106)
	at com.kms.katalon.core.main.TestCaseMain.startTestSuite(TestCaseMain.java:180)
	at TempTestSuite1733095732962.run(TempTestSuite1733095732962.groovy:35)
	at java.base/jdk.internal.reflect.NativeMethodAccessorImpl.invoke0(Native Method)
	at java.base/jdk.internal.reflect.NativeMethodAccessorImpl.invoke(NativeMethodAccessorImpl.java:77)
	at java.base/jdk.internal.reflect.DelegatingMethodAccessorImpl.invoke(DelegatingMethodAccessorImpl.java:43)
)

02-12-2024T02:38:19 - [TEST_STEP][PASSED] - vidget = "Уровень потерь электроэнергии": null

02-12-2024T02:38:19 - [TEST_STEP][PASSED] - typeOfData = "План": null

02-12-2024T02:38:19 - [TEST_STEP][PASSED] - PercPlanR = GetPercPlanR(x = a): null

02-12-2024T02:38:19 - [TEST_STEP][PASSED] - i1 = <not implemented yet for class: org.codehaus.groovy.ast.expr.EmptyExpression>: null

02-12-2024T02:38:19 - [TEST_STEP][PASSED] - i1 = x.indexOf("/") + 1: null

02-12-2024T02:38:19 - [TEST_STEP][PASSED] - if (i1 > -1): null

02-12-2024T02:38:19 - [TEST_STEP][PASSED] - x = x.substring(i1, x.length()): null

02-12-2024T02:38:19 - [TEST_STEP][PASSED] - i1 = x.indexOf("/"): null

02-12-2024T02:38:19 - [TEST_STEP][PASSED] - if (i1 > -1): null

02-12-2024T02:38:19 - [TEST_STEP][PASSED] - x = x.substring(0, i1): null

02-12-2024T02:38:19 - [TEST_STEP][PASSED] - return x: null

02-12-2024T02:38:19 - [TEST_STEP][PASSED] - PercPlanB = GetPercPlanB(x = b): null

02-12-2024T02:38:19 - [TEST_STEP][PASSED] - i1 = <not implemented yet for class: org.codehaus.groovy.ast.expr.EmptyExpression>: null

02-12-2024T02:38:19 - [TEST_STEP][PASSED] - i1 = x.indexOf("/") + 1: null

02-12-2024T02:38:19 - [TEST_STEP][PASSED] - if (i1 > -1): null

02-12-2024T02:38:19 - [TEST_STEP][PASSED] - x = x.substring(i1, x.length()): null

02-12-2024T02:38:19 - [TEST_STEP][PASSED] - i1 = x.indexOf("/"): null

02-12-2024T02:38:19 - [TEST_STEP][PASSED] - if (i1 > -1): null

02-12-2024T02:38:19 - [TEST_STEP][PASSED] - x = x.substring(0, i1): null

02-12-2024T02:38:19 - [TEST_STEP][FAILED] - return x: null

02-12-2024T02:38:19 - [TEST_STEP][FAILED] - if (verifyEqual(PercPlanR, PercPlanB) == false): null

02-12-2024T02:38:19 - [MESSAGE][FAILED] - Unable to verify equal between actual object 'нет данных' and expected object '9.22' (Root cause: com.kms.katalon.core.exception.StepFailedException: Actual object 'нет данных' and expected object '9.22' are not equal
	at com.kms.katalon.core.keyword.builtin.VerifyEqualKeyword$_verifyEqual_closure1.doCall(VerifyEqualKeyword.groovy:58)
	at com.kms.katalon.core.keyword.builtin.VerifyEqualKeyword$_verifyEqual_closure1.call(VerifyEqualKeyword.groovy)
	at com.kms.katalon.core.keyword.internal.KeywordMain.runKeyword(KeywordMain.groovy:75)
	at com.kms.katalon.core.keyword.builtin.VerifyEqualKeyword.verifyEqual(VerifyEqualKeyword.groovy:63)
	at com.kms.katalon.core.keyword.builtin.VerifyEqualKeyword.execute(VerifyEqualKeyword.groovy:44)
	at com.kms.katalon.core.keyword.internal.KeywordExecutor.executeKeywordForPlatform(KeywordExecutor.groovy:74)
	at com.kms.katalon.core.keyword.BuiltinKeywords.verifyEqual(BuiltinKeywords.groovy:146)
	at jdk.internal.reflect.GeneratedMethodAccessor25.invoke(Unknown Source)
	at java.base/jdk.internal.reflect.DelegatingMethodAccessorImpl.invoke(DelegatingMethodAccessorImpl.java:43)
	at Выполнение бизнес-плана сверка дашбордов.CompareDZOData(Выполнение бизнес-плана сверка дашбордов:682)
	at Выполнение бизнес-плана сверка дашбордов.run(Выполнение бизнес-плана сверка дашбордов:603)
	at com.kms.katalon.core.main.ScriptEngine.run(ScriptEngine.java:194)
	at com.kms.katalon.core.main.ScriptEngine.runScriptAsRawText(ScriptEngine.java:119)
	at com.kms.katalon.core.main.TestCaseExecutor.runScript(TestCaseExecutor.java:448)
	at com.kms.katalon.core.main.TestCaseExecutor.doExecute(TestCaseExecutor.java:439)
	at com.kms.katalon.core.main.TestCaseExecutor.processExecutionPhase(TestCaseExecutor.java:418)
	at com.kms.katalon.core.main.TestCaseExecutor.accessMainPhase(TestCaseExecutor.java:410)
	at com.kms.katalon.core.main.TestCaseExecutor.execute(TestCaseExecutor.java:285)
	at com.kms.katalon.core.common.CommonExecutor.accessTestCaseMainPhase(CommonExecutor.java:65)
	at com.kms.katalon.core.main.TestSuiteExecutor.accessTestSuiteMainPhase(TestSuiteExecutor.java:150)
	at com.kms.katalon.core.main.TestSuiteExecutor.execute(TestSuiteExecutor.java:106)
	at com.kms.katalon.core.main.TestCaseMain.startTestSuite(TestCaseMain.java:180)
	at TempTestSuite1733095732962.run(TempTestSuite1733095732962.groovy:35)
	at java.base/jdk.internal.reflect.NativeMethodAccessorImpl.invoke0(Native Method)
	at java.base/jdk.internal.reflect.NativeMethodAccessorImpl.invoke(NativeMethodAccessorImpl.java:77)
	at java.base/jdk.internal.reflect.DelegatingMethodAccessorImpl.invoke(DelegatingMethodAccessorImpl.java:43)
)

02-12-2024T02:38:19 - [TEST_STEP][PASSED] - result = WriteToExcel(typeOfData, todaysDate, PercPlanR, PercPlanB, PercFactR, PercFactB, x, tabR, tabB, o1R, o1B, vidget): null

02-12-2024T02:38:19 - [TEST_STEP][PASSED] - iii = dZO.indexOf("/"): null

02-12-2024T02:38:19 - [TEST_STEP][PASSED] - println(iii): null

02-12-2024T02:38:19 - [TEST_STEP][PASSED] - dZO = dZO.substring(0, iii): null

02-12-2024T02:38:19 - [TEST_STEP][PASSED] - println(dZO): null

02-12-2024T02:38:19 - [TEST_STEP][PASSED] - println(PercPlanR): null

02-12-2024T02:38:19 - [TEST_STEP][PASSED] - println(PercPlanB): null

02-12-2024T02:38:19 - [TEST_STEP][PASSED] - println(PercFactR): null

02-12-2024T02:38:19 - [TEST_STEP][PASSED] - println(PercFactB): null

02-12-2024T02:38:19 - [TEST_STEP][PASSED] - println(tabR): null

02-12-2024T02:38:19 - [TEST_STEP][PASSED] - println(tabB): null

02-12-2024T02:38:19 - [TEST_STEP][PASSED] - println(o1R): null

02-12-2024T02:38:19 - [TEST_STEP][PASSED] - println(o1B): null

02-12-2024T02:38:19 - [TEST_STEP][PASSED] - PR = <not implemented yet for class: org.codehaus.groovy.ast.expr.EmptyExpression>: null

02-12-2024T02:38:19 - [TEST_STEP][PASSED] - FR = <not implemented yet for class: org.codehaus.groovy.ast.expr.EmptyExpression>: null

02-12-2024T02:38:19 - [TEST_STEP][PASSED] - PB = <not implemented yet for class: org.codehaus.groovy.ast.expr.EmptyExpression>: null

02-12-2024T02:38:19 - [TEST_STEP][PASSED] - FB = <not implemented yet for class: org.codehaus.groovy.ast.expr.EmptyExpression>: null

02-12-2024T02:38:19 - [TEST_STEP][PASSED] - TR = <not implemented yet for class: org.codehaus.groovy.ast.expr.EmptyExpression>: null

02-12-2024T02:38:19 - [TEST_STEP][PASSED] - TB = <not implemented yet for class: org.codehaus.groovy.ast.expr.EmptyExpression>: null

02-12-2024T02:38:19 - [TEST_STEP][PASSED] - sheetName = "Sheet1": null

02-12-2024T02:38:19 - [TEST_STEP][PASSED] - data = findTestData("PlanFact"): null

02-12-2024T02:38:19 - [TEST_STEP][PASSED] - n = data.getRowNumbers() + 1: null

02-12-2024T02:38:19 - [TEST_STEP][PASSED] - year = todaysDate.substring(todaysDate.length() - 4, todaysDate.length()): null

02-12-2024T02:38:19 - [TEST_STEP][PASSED] - y = year.toInteger(): null

02-12-2024T02:38:19 - [TEST_STEP][PASSED] - m = getText(findTestObject("Выполнение бизнес-плана/Выполнение бизнес-плана Балансы/Фильтр Дата")): Text of object 'Object Repository/Выполнение бизнес-плана/Выполнение бизнес-плана Балансы/Фильтр Дата' is: '1, 2, 3 кв., Октябрь 2024 года'

02-12-2024T02:38:19 - [MESSAGE][PASSED] - Text of object 'Object Repository/Выполнение бизнес-плана/Выполнение бизнес-плана Балансы/Фильтр Дата' is: '1, 2, 3 кв., Октябрь 2024 года'

02-12-2024T02:38:19 - [TEST_STEP][PASSED] - m = m.substring(0, m.indexOf("2024")): null

02-12-2024T02:38:19 - [TEST_STEP][PASSED] - m = m.trim(): null

02-12-2024T02:38:19 - [TEST_STEP][PASSED] - dashboardName = "Выполнение бизнес-плана": null

02-12-2024T02:38:19 - [TEST_STEP][PASSED] - workbook01 = getWorkbook(excelFilePath): null

02-12-2024T02:38:19 - [TEST_STEP][PASSED] - sheet01 = getExcelSheet(workbook01, sheetName): null

02-12-2024T02:38:19 - [TEST_STEP][PASSED] - setValueToCellByIndex(sheet01, n, 0, dashboardName): null

02-12-2024T02:38:19 - [TEST_STEP][PASSED] - setValueToCellByIndex(sheet01, n, 1, dZO): null

02-12-2024T02:38:19 - [TEST_STEP][PASSED] - setValueToCellByIndex(sheet01, n, 2, typeOfData): null

02-12-2024T02:38:19 - [TEST_STEP][PASSED] - setValueToCellByIndex(sheet01, n, 3, typeOfData): null

02-12-2024T02:38:19 - [TEST_STEP][PASSED] - if (typeOfData == "План"): null

02-12-2024T02:38:19 - [TEST_STEP][PASSED] - if (PercPlanR == null): null

02-12-2024T02:38:19 - [TEST_STEP][PASSED] - else: null

02-12-2024T02:38:19 - [TEST_STEP][PASSED] - if (PercPlanR == "нет данных"): null

02-12-2024T02:38:19 - [TEST_STEP][PASSED] - setValueToCellByIndex(sheet01, n, 4, "нет данных"): null

02-12-2024T02:38:19 - [TEST_STEP][PASSED] - if (PercPlanB == null): null

02-12-2024T02:38:19 - [TEST_STEP][PASSED] - else: null

02-12-2024T02:38:19 - [TEST_STEP][PASSED] - if (PercPlanB == "нет данных"): null

02-12-2024T02:38:19 - [TEST_STEP][PASSED] - else: null

02-12-2024T02:38:19 - [TEST_STEP][PASSED] - PB = PercPlanB.toDouble(): null

02-12-2024T02:38:19 - [TEST_STEP][PASSED] - setValueToCellByIndex(sheet01, n, 5, PB): null

02-12-2024T02:38:19 - [TEST_STEP][PASSED] - setValueToCellByIndex(sheet01, n, 6, m): null

02-12-2024T02:38:19 - [TEST_STEP][PASSED] - setValueToCellByIndex(sheet01, n, 7, y): null

02-12-2024T02:38:19 - [TEST_STEP][PASSED] - setValueToCellByIndex(sheet01, n, 8, todaysDate): null

02-12-2024T02:38:19 - [TEST_STEP][PASSED] - n = n + 1: null

02-12-2024T02:38:19 - [TEST_STEP][PASSED] - saveWorkbook(excelFilePath, workbook01): null

02-12-2024T02:38:20 - [TEST_STEP][PASSED] - typeOfData = "Факт": null

02-12-2024T02:38:20 - [TEST_STEP][PASSED] - PercFactR = GetPercFactR(x = a): null

02-12-2024T02:38:20 - [TEST_STEP][PASSED] - i1 = <not implemented yet for class: org.codehaus.groovy.ast.expr.EmptyExpression>: null

02-12-2024T02:38:20 - [TEST_STEP][PASSED] - ii = <not implemented yet for class: org.codehaus.groovy.ast.expr.EmptyExpression>: null

02-12-2024T02:38:20 - [TEST_STEP][PASSED] - for ([ii = 1, ii < 3, (ii++)]): null

02-12-2024T02:38:20 - [TEST_STEP][PASSED] - i1 = x.indexOf("/") + 1: null

02-12-2024T02:38:20 - [TEST_STEP][PASSED] - if (i1 > -1): null

02-12-2024T02:38:20 - [TEST_STEP][PASSED] - x = x.substring(i1, x.length()): null

02-12-2024T02:38:20 - [TEST_STEP][PASSED] - println(x): null

02-12-2024T02:38:20 - [TEST_STEP][PASSED] - i1 = x.indexOf("/") + 1: null

02-12-2024T02:38:20 - [TEST_STEP][PASSED] - if (i1 > -1): null

02-12-2024T02:38:20 - [TEST_STEP][PASSED] - x = x.substring(i1, x.length()): null

02-12-2024T02:38:20 - [TEST_STEP][PASSED] - println(x): null

02-12-2024T02:38:20 - [TEST_STEP][PASSED] - i1 = x.indexOf("/"): null

02-12-2024T02:38:20 - [TEST_STEP][PASSED] - if (i1 > -1): null

02-12-2024T02:38:20 - [TEST_STEP][PASSED] - x = x.substring(0, i1): null

02-12-2024T02:38:20 - [TEST_STEP][PASSED] - println(x): null

02-12-2024T02:38:20 - [TEST_STEP][PASSED] - return x: null

02-12-2024T02:38:20 - [TEST_STEP][PASSED] - PercFactB = GetPercFactB(x = b): null

02-12-2024T02:38:20 - [TEST_STEP][PASSED] - i1 = <not implemented yet for class: org.codehaus.groovy.ast.expr.EmptyExpression>: null

02-12-2024T02:38:20 - [TEST_STEP][PASSED] - ii = <not implemented yet for class: org.codehaus.groovy.ast.expr.EmptyExpression>: null

02-12-2024T02:38:20 - [TEST_STEP][PASSED] - for ([ii = 1, ii < 3, (ii++)]): null

02-12-2024T02:38:20 - [TEST_STEP][PASSED] - i1 = x.indexOf("/") + 1: null

02-12-2024T02:38:20 - [TEST_STEP][PASSED] - if (i1 > -1): null

02-12-2024T02:38:20 - [TEST_STEP][PASSED] - x = x.substring(i1, x.length()): null

02-12-2024T02:38:20 - [TEST_STEP][PASSED] - println(x): null

02-12-2024T02:38:20 - [TEST_STEP][PASSED] - i1 = x.indexOf("/") + 1: null

02-12-2024T02:38:20 - [TEST_STEP][PASSED] - if (i1 > -1): null

02-12-2024T02:38:20 - [TEST_STEP][PASSED] - x = x.substring(i1, x.length()): null

02-12-2024T02:38:20 - [TEST_STEP][PASSED] - println(x): null

02-12-2024T02:38:20 - [TEST_STEP][PASSED] - i1 = x.indexOf("/"): null

02-12-2024T02:38:20 - [TEST_STEP][PASSED] - if (i1 > -1): null

02-12-2024T02:38:20 - [TEST_STEP][PASSED] - x = x.substring(0, i1): null

02-12-2024T02:38:20 - [TEST_STEP][PASSED] - println(x): null

02-12-2024T02:38:20 - [TEST_STEP][FAILED] - return x: null

02-12-2024T02:38:20 - [TEST_STEP][FAILED] - if (verifyEqual(PercFactR, PercFactB) == false): null

02-12-2024T02:38:20 - [MESSAGE][FAILED] - Unable to verify equal between actual object 'нет данных' and expected object '8.68' (Root cause: com.kms.katalon.core.exception.StepFailedException: Actual object 'нет данных' and expected object '8.68' are not equal
	at com.kms.katalon.core.keyword.builtin.VerifyEqualKeyword$_verifyEqual_closure1.doCall(VerifyEqualKeyword.groovy:58)
	at com.kms.katalon.core.keyword.builtin.VerifyEqualKeyword$_verifyEqual_closure1.call(VerifyEqualKeyword.groovy)
	at com.kms.katalon.core.keyword.internal.KeywordMain.runKeyword(KeywordMain.groovy:75)
	at com.kms.katalon.core.keyword.builtin.VerifyEqualKeyword.verifyEqual(VerifyEqualKeyword.groovy:63)
	at com.kms.katalon.core.keyword.builtin.VerifyEqualKeyword.execute(VerifyEqualKeyword.groovy:44)
	at com.kms.katalon.core.keyword.internal.KeywordExecutor.executeKeywordForPlatform(KeywordExecutor.groovy:74)
	at com.kms.katalon.core.keyword.BuiltinKeywords.verifyEqual(BuiltinKeywords.groovy:146)
	at jdk.internal.reflect.GeneratedMethodAccessor25.invoke(Unknown Source)
	at java.base/jdk.internal.reflect.DelegatingMethodAccessorImpl.invoke(DelegatingMethodAccessorImpl.java:43)
	at Выполнение бизнес-плана сверка дашбордов.CompareDZOData(Выполнение бизнес-плана сверка дашбордов:693)
	at Выполнение бизнес-плана сверка дашбордов.run(Выполнение бизнес-плана сверка дашбордов:603)
	at com.kms.katalon.core.main.ScriptEngine.run(ScriptEngine.java:194)
	at com.kms.katalon.core.main.ScriptEngine.runScriptAsRawText(ScriptEngine.java:119)
	at com.kms.katalon.core.main.TestCaseExecutor.runScript(TestCaseExecutor.java:448)
	at com.kms.katalon.core.main.TestCaseExecutor.doExecute(TestCaseExecutor.java:439)
	at com.kms.katalon.core.main.TestCaseExecutor.processExecutionPhase(TestCaseExecutor.java:418)
	at com.kms.katalon.core.main.TestCaseExecutor.accessMainPhase(TestCaseExecutor.java:410)
	at com.kms.katalon.core.main.TestCaseExecutor.execute(TestCaseExecutor.java:285)
	at com.kms.katalon.core.common.CommonExecutor.accessTestCaseMainPhase(CommonExecutor.java:65)
	at com.kms.katalon.core.main.TestSuiteExecutor.accessTestSuiteMainPhase(TestSuiteExecutor.java:150)
	at com.kms.katalon.core.main.TestSuiteExecutor.execute(TestSuiteExecutor.java:106)
	at com.kms.katalon.core.main.TestCaseMain.startTestSuite(TestCaseMain.java:180)
	at TempTestSuite1733095732962.run(TempTestSuite1733095732962.groovy:35)
	at java.base/jdk.internal.reflect.NativeMethodAccessorImpl.invoke0(Native Method)
	at java.base/jdk.internal.reflect.NativeMethodAccessorImpl.invoke(NativeMethodAccessorImpl.java:77)
	at java.base/jdk.internal.reflect.DelegatingMethodAccessorImpl.invoke(DelegatingMethodAccessorImpl.java:43)
)

02-12-2024T02:38:20 - [TEST_STEP][PASSED] - result = WriteToExcel(typeOfData, todaysDate, PercPlanR, PercPlanB, PercFactR, PercFactB, x, tabR, tabB, o1R, o1B, vidget): null

02-12-2024T02:38:20 - [TEST_STEP][PASSED] - iii = dZO.indexOf("/"): null

02-12-2024T02:38:20 - [TEST_STEP][PASSED] - println(iii): null

02-12-2024T02:38:20 - [TEST_STEP][PASSED] - dZO = dZO.substring(0, iii): null

02-12-2024T02:38:20 - [TEST_STEP][PASSED] - println(dZO): null

02-12-2024T02:38:20 - [TEST_STEP][PASSED] - println(PercPlanR): null

02-12-2024T02:38:20 - [TEST_STEP][PASSED] - println(PercPlanB): null

02-12-2024T02:38:20 - [TEST_STEP][PASSED] - println(PercFactR): null

02-12-2024T02:38:20 - [TEST_STEP][PASSED] - println(PercFactB): null

02-12-2024T02:38:20 - [TEST_STEP][PASSED] - println(tabR): null

02-12-2024T02:38:20 - [TEST_STEP][PASSED] - println(tabB): null

02-12-2024T02:38:20 - [TEST_STEP][PASSED] - println(o1R): null

02-12-2024T02:38:20 - [TEST_STEP][PASSED] - println(o1B): null

02-12-2024T02:38:20 - [TEST_STEP][PASSED] - PR = <not implemented yet for class: org.codehaus.groovy.ast.expr.EmptyExpression>: null

02-12-2024T02:38:20 - [TEST_STEP][PASSED] - FR = <not implemented yet for class: org.codehaus.groovy.ast.expr.EmptyExpression>: null

02-12-2024T02:38:20 - [TEST_STEP][PASSED] - PB = <not implemented yet for class: org.codehaus.groovy.ast.expr.EmptyExpression>: null

02-12-2024T02:38:20 - [TEST_STEP][PASSED] - FB = <not implemented yet for class: org.codehaus.groovy.ast.expr.EmptyExpression>: null

02-12-2024T02:38:20 - [TEST_STEP][PASSED] - TR = <not implemented yet for class: org.codehaus.groovy.ast.expr.EmptyExpression>: null

02-12-2024T02:38:20 - [TEST_STEP][PASSED] - TB = <not implemented yet for class: org.codehaus.groovy.ast.expr.EmptyExpression>: null

02-12-2024T02:38:20 - [TEST_STEP][PASSED] - sheetName = "Sheet1": null

02-12-2024T02:38:20 - [TEST_STEP][PASSED] - data = findTestData("PlanFact"): null

02-12-2024T02:38:20 - [TEST_STEP][PASSED] - n = data.getRowNumbers() + 1: null

02-12-2024T02:38:20 - [TEST_STEP][PASSED] - year = todaysDate.substring(todaysDate.length() - 4, todaysDate.length()): null

02-12-2024T02:38:20 - [TEST_STEP][PASSED] - y = year.toInteger(): null

02-12-2024T02:38:20 - [TEST_STEP][PASSED] - m = getText(findTestObject("Выполнение бизнес-плана/Выполнение бизнес-плана Балансы/Фильтр Дата")): Text of object 'Object Repository/Выполнение бизнес-плана/Выполнение бизнес-плана Балансы/Фильтр Дата' is: '1, 2, 3 кв., Октябрь 2024 года'

02-12-2024T02:38:20 - [MESSAGE][PASSED] - Text of object 'Object Repository/Выполнение бизнес-плана/Выполнение бизнес-плана Балансы/Фильтр Дата' is: '1, 2, 3 кв., Октябрь 2024 года'

02-12-2024T02:38:20 - [TEST_STEP][PASSED] - m = m.substring(0, m.indexOf("2024")): null

02-12-2024T02:38:20 - [TEST_STEP][PASSED] - m = m.trim(): null

02-12-2024T02:38:20 - [TEST_STEP][PASSED] - dashboardName = "Выполнение бизнес-плана": null

02-12-2024T02:38:20 - [TEST_STEP][PASSED] - workbook01 = getWorkbook(excelFilePath): null

02-12-2024T02:38:20 - [TEST_STEP][PASSED] - sheet01 = getExcelSheet(workbook01, sheetName): null

02-12-2024T02:38:20 - [TEST_STEP][PASSED] - setValueToCellByIndex(sheet01, n, 0, dashboardName): null

02-12-2024T02:38:20 - [TEST_STEP][PASSED] - setValueToCellByIndex(sheet01, n, 1, dZO): null

02-12-2024T02:38:20 - [TEST_STEP][PASSED] - setValueToCellByIndex(sheet01, n, 2, typeOfData): null

02-12-2024T02:38:20 - [TEST_STEP][PASSED] - setValueToCellByIndex(sheet01, n, 3, typeOfData): null

02-12-2024T02:38:20 - [TEST_STEP][PASSED] - if (typeOfData == "План"): null

02-12-2024T02:38:20 - [TEST_STEP][PASSED] - else if (typeOfData == "Факт"): null

02-12-2024T02:38:20 - [TEST_STEP][PASSED] - if (PercFactR == null): null

02-12-2024T02:38:20 - [TEST_STEP][PASSED] - else: null

02-12-2024T02:38:20 - [TEST_STEP][PASSED] - if (PercFactR == "нет данных"): null

02-12-2024T02:38:20 - [TEST_STEP][PASSED] - setValueToCellByIndex(sheet01, n, 4, "нет данных"): null

02-12-2024T02:38:20 - [TEST_STEP][PASSED] - if (PercFactB == null): null

02-12-2024T02:38:20 - [TEST_STEP][PASSED] - else: null

02-12-2024T02:38:20 - [TEST_STEP][PASSED] - if (PercFactB == "нет данных"): null

02-12-2024T02:38:20 - [TEST_STEP][PASSED] - else: null

02-12-2024T02:38:20 - [TEST_STEP][PASSED] - FB = PercFactB.toDouble(): null

02-12-2024T02:38:20 - [TEST_STEP][PASSED] - setValueToCellByIndex(sheet01, n, 5, FB): null

02-12-2024T02:38:20 - [TEST_STEP][PASSED] - setValueToCellByIndex(sheet01, n, 6, m): null

02-12-2024T02:38:20 - [TEST_STEP][PASSED] - setValueToCellByIndex(sheet01, n, 7, y): null

02-12-2024T02:38:20 - [TEST_STEP][PASSED] - setValueToCellByIndex(sheet01, n, 8, todaysDate): null

02-12-2024T02:38:20 - [TEST_STEP][PASSED] - n = n + 1: null

02-12-2024T02:38:20 - [TEST_STEP][PASSED] - saveWorkbook(excelFilePath, workbook01): null

02-12-2024T02:38:20 - [TEST_STEP][PASSED] - vidget = "Показатели баланса электроэнергии по ДЗО – Факт": null

02-12-2024T02:38:20 - [TEST_STEP][PASSED] - typeOfData = "Факт Отпуск в сеть": null

02-12-2024T02:38:20 - [TEST_STEP][PASSED] - tabR = GetOvSFactR(x = a): null

02-12-2024T02:38:20 - [TEST_STEP][PASSED] - i1 = <not implemented yet for class: org.codehaus.groovy.ast.expr.EmptyExpression>: null

02-12-2024T02:38:20 - [TEST_STEP][PASSED] - ii = <not implemented yet for class: org.codehaus.groovy.ast.expr.EmptyExpression>: null

02-12-2024T02:38:20 - [TEST_STEP][PASSED] - for ([ii = 1, ii < 4, (ii++)]): null

02-12-2024T02:38:20 - [TEST_STEP][PASSED] - i1 = x.indexOf("/") + 1: null

02-12-2024T02:38:20 - [TEST_STEP][PASSED] - if (i1 > -1): null

02-12-2024T02:38:20 - [TEST_STEP][PASSED] - x = x.substring(i1, x.length()): null

02-12-2024T02:38:20 - [TEST_STEP][PASSED] - println(x): null

02-12-2024T02:38:20 - [TEST_STEP][PASSED] - i1 = x.indexOf("/") + 1: null

02-12-2024T02:38:20 - [TEST_STEP][PASSED] - if (i1 > -1): null

02-12-2024T02:38:20 - [TEST_STEP][PASSED] - x = x.substring(i1, x.length()): null

02-12-2024T02:38:20 - [TEST_STEP][PASSED] - println(x): null

02-12-2024T02:38:20 - [TEST_STEP][PASSED] - i1 = x.indexOf("/") + 1: null

02-12-2024T02:38:20 - [TEST_STEP][PASSED] - if (i1 > -1): null

02-12-2024T02:38:20 - [TEST_STEP][PASSED] - x = x.substring(i1, x.length()): null

02-12-2024T02:38:20 - [TEST_STEP][PASSED] - println(x): null

02-12-2024T02:38:20 - [TEST_STEP][PASSED] - i1 = x.indexOf("/"): null

02-12-2024T02:38:20 - [TEST_STEP][PASSED] - if (i1 > -1): null

02-12-2024T02:38:20 - [TEST_STEP][PASSED] - x = x.substring(0, i1): null

02-12-2024T02:38:20 - [TEST_STEP][PASSED] - println(x): null

02-12-2024T02:38:20 - [TEST_STEP][PASSED] - return x: null

02-12-2024T02:38:20 - [TEST_STEP][PASSED] - tabB = GetOvSFactB(x = b): null

02-12-2024T02:38:20 - [TEST_STEP][PASSED] - i1 = <not implemented yet for class: org.codehaus.groovy.ast.expr.EmptyExpression>: null

02-12-2024T02:38:20 - [TEST_STEP][PASSED] - ii = <not implemented yet for class: org.codehaus.groovy.ast.expr.EmptyExpression>: null

02-12-2024T02:38:20 - [TEST_STEP][PASSED] - for ([ii = 1, ii < 4, (ii++)]): null

02-12-2024T02:38:20 - [TEST_STEP][PASSED] - i1 = x.indexOf("/") + 1: null

02-12-2024T02:38:20 - [TEST_STEP][PASSED] - if (i1 > -1): null

02-12-2024T02:38:20 - [TEST_STEP][PASSED] - x = x.substring(i1, x.length()): null

02-12-2024T02:38:20 - [TEST_STEP][PASSED] - println(x): null

02-12-2024T02:38:20 - [TEST_STEP][PASSED] - i1 = x.indexOf("/") + 1: null

02-12-2024T02:38:20 - [TEST_STEP][PASSED] - if (i1 > -1): null

02-12-2024T02:38:20 - [TEST_STEP][PASSED] - x = x.substring(i1, x.length()): null

02-12-2024T02:38:20 - [TEST_STEP][PASSED] - println(x): null

02-12-2024T02:38:20 - [TEST_STEP][PASSED] - i1 = x.indexOf("/") + 1: null

02-12-2024T02:38:20 - [TEST_STEP][PASSED] - if (i1 > -1): null

02-12-2024T02:38:20 - [TEST_STEP][PASSED] - x = x.substring(i1, x.length()): null

02-12-2024T02:38:20 - [TEST_STEP][PASSED] - println(x): null

02-12-2024T02:38:20 - [TEST_STEP][PASSED] - i1 = x.indexOf("/"): null

02-12-2024T02:38:20 - [TEST_STEP][PASSED] - if (i1 > -1): null

02-12-2024T02:38:20 - [TEST_STEP][PASSED] - x = x.substring(0, i1): null

02-12-2024T02:38:20 - [TEST_STEP][PASSED] - println(x): null

02-12-2024T02:38:20 - [TEST_STEP][FAILED] - return x: null

02-12-2024T02:38:20 - [TEST_STEP][FAILED] - if (verifyEqual(tabR, tabB) == false): null

02-12-2024T02:38:20 - [MESSAGE][FAILED] - Unable to verify equal between actual object 'нет данных' and expected object '19209232' (Root cause: com.kms.katalon.core.exception.StepFailedException: Actual object 'нет данных' and expected object '19209232' are not equal
	at com.kms.katalon.core.keyword.builtin.VerifyEqualKeyword$_verifyEqual_closure1.doCall(VerifyEqualKeyword.groovy:58)
	at com.kms.katalon.core.keyword.builtin.VerifyEqualKeyword$_verifyEqual_closure1.call(VerifyEqualKeyword.groovy)
	at com.kms.katalon.core.keyword.internal.KeywordMain.runKeyword(KeywordMain.groovy:75)
	at com.kms.katalon.core.keyword.builtin.VerifyEqualKeyword.verifyEqual(VerifyEqualKeyword.groovy:63)
	at com.kms.katalon.core.keyword.builtin.VerifyEqualKeyword.execute(VerifyEqualKeyword.groovy:44)
	at com.kms.katalon.core.keyword.internal.KeywordExecutor.executeKeywordForPlatform(KeywordExecutor.groovy:74)
	at com.kms.katalon.core.keyword.BuiltinKeywords.verifyEqual(BuiltinKeywords.groovy:146)
	at jdk.internal.reflect.GeneratedMethodAccessor25.invoke(Unknown Source)
	at java.base/jdk.internal.reflect.DelegatingMethodAccessorImpl.invoke(DelegatingMethodAccessorImpl.java:43)
	at Выполнение бизнес-плана сверка дашбордов.CompareDZOData(Выполнение бизнес-плана сверка дашбордов:706)
	at Выполнение бизнес-плана сверка дашбордов.run(Выполнение бизнес-плана сверка дашбордов:603)
	at com.kms.katalon.core.main.ScriptEngine.run(ScriptEngine.java:194)
	at com.kms.katalon.core.main.ScriptEngine.runScriptAsRawText(ScriptEngine.java:119)
	at com.kms.katalon.core.main.TestCaseExecutor.runScript(TestCaseExecutor.java:448)
	at com.kms.katalon.core.main.TestCaseExecutor.doExecute(TestCaseExecutor.java:439)
	at com.kms.katalon.core.main.TestCaseExecutor.processExecutionPhase(TestCaseExecutor.java:418)
	at com.kms.katalon.core.main.TestCaseExecutor.accessMainPhase(TestCaseExecutor.java:410)
	at com.kms.katalon.core.main.TestCaseExecutor.execute(TestCaseExecutor.java:285)
	at com.kms.katalon.core.common.CommonExecutor.accessTestCaseMainPhase(CommonExecutor.java:65)
	at com.kms.katalon.core.main.TestSuiteExecutor.accessTestSuiteMainPhase(TestSuiteExecutor.java:150)
	at com.kms.katalon.core.main.TestSuiteExecutor.execute(TestSuiteExecutor.java:106)
	at com.kms.katalon.core.main.TestCaseMain.startTestSuite(TestCaseMain.java:180)
	at TempTestSuite1733095732962.run(TempTestSuite1733095732962.groovy:35)
	at java.base/jdk.internal.reflect.NativeMethodAccessorImpl.invoke0(Native Method)
	at java.base/jdk.internal.reflect.NativeMethodAccessorImpl.invoke(NativeMethodAccessorImpl.java:77)
	at java.base/jdk.internal.reflect.DelegatingMethodAccessorImpl.invoke(DelegatingMethodAccessorImpl.java:43)
)

02-12-2024T02:38:20 - [TEST_STEP][PASSED] - result = WriteToExcel(typeOfData, todaysDate, PercPlanR, PercPlanB, PercFactR, PercFactB, x, tabR, tabB, o1R, o1B, vidget): null

02-12-2024T02:38:20 - [TEST_STEP][PASSED] - iii = dZO.indexOf("/"): null

02-12-2024T02:38:20 - [TEST_STEP][PASSED] - println(iii): null

02-12-2024T02:38:20 - [TEST_STEP][PASSED] - dZO = dZO.substring(0, iii): null

02-12-2024T02:38:20 - [TEST_STEP][PASSED] - println(dZO): null

02-12-2024T02:38:20 - [TEST_STEP][PASSED] - println(PercPlanR): null

02-12-2024T02:38:20 - [TEST_STEP][PASSED] - println(PercPlanB): null

02-12-2024T02:38:20 - [TEST_STEP][PASSED] - println(PercFactR): null

02-12-2024T02:38:20 - [TEST_STEP][PASSED] - println(PercFactB): null

02-12-2024T02:38:20 - [TEST_STEP][PASSED] - println(tabR): null

02-12-2024T02:38:20 - [TEST_STEP][PASSED] - println(tabB): null

02-12-2024T02:38:20 - [TEST_STEP][PASSED] - println(o1R): null

02-12-2024T02:38:20 - [TEST_STEP][PASSED] - println(o1B): null

02-12-2024T02:38:20 - [TEST_STEP][PASSED] - PR = <not implemented yet for class: org.codehaus.groovy.ast.expr.EmptyExpression>: null

02-12-2024T02:38:20 - [TEST_STEP][PASSED] - FR = <not implemented yet for class: org.codehaus.groovy.ast.expr.EmptyExpression>: null

02-12-2024T02:38:20 - [TEST_STEP][PASSED] - PB = <not implemented yet for class: org.codehaus.groovy.ast.expr.EmptyExpression>: null

02-12-2024T02:38:20 - [TEST_STEP][PASSED] - FB = <not implemented yet for class: org.codehaus.groovy.ast.expr.EmptyExpression>: null

02-12-2024T02:38:20 - [TEST_STEP][PASSED] - TR = <not implemented yet for class: org.codehaus.groovy.ast.expr.EmptyExpression>: null

02-12-2024T02:38:20 - [TEST_STEP][PASSED] - TB = <not implemented yet for class: org.codehaus.groovy.ast.expr.EmptyExpression>: null

02-12-2024T02:38:20 - [TEST_STEP][PASSED] - sheetName = "Sheet1": null

02-12-2024T02:38:20 - [TEST_STEP][PASSED] - data = findTestData("PlanFact"): null

02-12-2024T02:38:20 - [TEST_STEP][PASSED] - n = data.getRowNumbers() + 1: null

02-12-2024T02:38:20 - [TEST_STEP][PASSED] - year = todaysDate.substring(todaysDate.length() - 4, todaysDate.length()): null

02-12-2024T02:38:20 - [TEST_STEP][PASSED] - y = year.toInteger(): null

02-12-2024T02:38:20 - [TEST_STEP][PASSED] - m = getText(findTestObject("Выполнение бизнес-плана/Выполнение бизнес-плана Балансы/Фильтр Дата")): Text of object 'Object Repository/Выполнение бизнес-плана/Выполнение бизнес-плана Балансы/Фильтр Дата' is: '1, 2, 3 кв., Октябрь 2024 года'

02-12-2024T02:38:21 - [MESSAGE][PASSED] - Text of object 'Object Repository/Выполнение бизнес-плана/Выполнение бизнес-плана Балансы/Фильтр Дата' is: '1, 2, 3 кв., Октябрь 2024 года'

02-12-2024T02:38:21 - [TEST_STEP][PASSED] - m = m.substring(0, m.indexOf("2024")): null

02-12-2024T02:38:21 - [TEST_STEP][PASSED] - m = m.trim(): null

02-12-2024T02:38:21 - [TEST_STEP][PASSED] - dashboardName = "Выполнение бизнес-плана": null

02-12-2024T02:38:21 - [TEST_STEP][PASSED] - workbook01 = getWorkbook(excelFilePath): null

02-12-2024T02:38:21 - [TEST_STEP][PASSED] - sheet01 = getExcelSheet(workbook01, sheetName): null

02-12-2024T02:38:21 - [TEST_STEP][PASSED] - setValueToCellByIndex(sheet01, n, 0, dashboardName): null

02-12-2024T02:38:21 - [TEST_STEP][PASSED] - setValueToCellByIndex(sheet01, n, 1, dZO): null

02-12-2024T02:38:21 - [TEST_STEP][PASSED] - setValueToCellByIndex(sheet01, n, 2, typeOfData): null

02-12-2024T02:38:21 - [TEST_STEP][PASSED] - setValueToCellByIndex(sheet01, n, 3, typeOfData): null

02-12-2024T02:38:21 - [TEST_STEP][PASSED] - if (typeOfData == "План"): null

02-12-2024T02:38:21 - [TEST_STEP][PASSED] - else if (typeOfData == "Факт"): null

02-12-2024T02:38:21 - [TEST_STEP][PASSED] - else if (vidget.contains("электроэнергии") == true): null

02-12-2024T02:38:21 - [TEST_STEP][PASSED] - if (tabR == null): null

02-12-2024T02:38:21 - [TEST_STEP][PASSED] - else: null

02-12-2024T02:38:21 - [TEST_STEP][PASSED] - if (tabR == "нет данных"): null

02-12-2024T02:38:21 - [TEST_STEP][PASSED] - setValueToCellByIndex(sheet01, n, 4, "нет данных"): null

02-12-2024T02:38:21 - [TEST_STEP][PASSED] - if (tabB == null): null

02-12-2024T02:38:21 - [TEST_STEP][PASSED] - else: null

02-12-2024T02:38:21 - [TEST_STEP][PASSED] - if (tabB == "нет данных"): null

02-12-2024T02:38:21 - [TEST_STEP][PASSED] - else: null

02-12-2024T02:38:21 - [TEST_STEP][PASSED] - TB = tabB.toInteger(): null

02-12-2024T02:38:21 - [TEST_STEP][PASSED] - setValueToCellByIndex(sheet01, n, 5, TB): null

02-12-2024T02:38:21 - [TEST_STEP][PASSED] - setValueToCellByIndex(sheet01, n, 6, m): null

02-12-2024T02:38:21 - [TEST_STEP][PASSED] - setValueToCellByIndex(sheet01, n, 7, y): null

02-12-2024T02:38:21 - [TEST_STEP][PASSED] - setValueToCellByIndex(sheet01, n, 8, todaysDate): null

02-12-2024T02:38:21 - [TEST_STEP][PASSED] - n = n + 1: null

02-12-2024T02:38:21 - [TEST_STEP][PASSED] - saveWorkbook(excelFilePath, workbook01): null

02-12-2024T02:38:21 - [TEST_STEP][PASSED] - typeOfData = "Факт Отпуск из сети": null

02-12-2024T02:38:21 - [TEST_STEP][PASSED] - tabR = GetOiSFactR(x = a): null

02-12-2024T02:38:21 - [TEST_STEP][PASSED] - i1 = <not implemented yet for class: org.codehaus.groovy.ast.expr.EmptyExpression>: null

02-12-2024T02:38:21 - [TEST_STEP][PASSED] - ii = <not implemented yet for class: org.codehaus.groovy.ast.expr.EmptyExpression>: null

02-12-2024T02:38:21 - [TEST_STEP][PASSED] - for ([ii = 1, ii < 5, (ii++)]): null

02-12-2024T02:38:21 - [TEST_STEP][PASSED] - i1 = x.indexOf("/") + 1: null

02-12-2024T02:38:21 - [TEST_STEP][PASSED] - if (i1 > -1): null

02-12-2024T02:38:21 - [TEST_STEP][PASSED] - x = x.substring(i1, x.length()): null

02-12-2024T02:38:21 - [TEST_STEP][PASSED] - println(x): null

02-12-2024T02:38:21 - [TEST_STEP][PASSED] - i1 = x.indexOf("/") + 1: null

02-12-2024T02:38:21 - [TEST_STEP][PASSED] - if (i1 > -1): null

02-12-2024T02:38:21 - [TEST_STEP][PASSED] - x = x.substring(i1, x.length()): null

02-12-2024T02:38:21 - [TEST_STEP][PASSED] - println(x): null

02-12-2024T02:38:21 - [TEST_STEP][PASSED] - i1 = x.indexOf("/") + 1: null

02-12-2024T02:38:21 - [TEST_STEP][PASSED] - if (i1 > -1): null

02-12-2024T02:38:21 - [TEST_STEP][PASSED] - x = x.substring(i1, x.length()): null

02-12-2024T02:38:21 - [TEST_STEP][PASSED] - println(x): null

02-12-2024T02:38:21 - [TEST_STEP][PASSED] - i1 = x.indexOf("/") + 1: null

02-12-2024T02:38:21 - [TEST_STEP][PASSED] - if (i1 > -1): null

02-12-2024T02:38:21 - [TEST_STEP][PASSED] - x = x.substring(i1, x.length()): null

02-12-2024T02:38:21 - [TEST_STEP][PASSED] - println(x): null

02-12-2024T02:38:21 - [TEST_STEP][PASSED] - i1 = x.indexOf("/"): null

02-12-2024T02:38:21 - [TEST_STEP][PASSED] - if (i1 > -1): null

02-12-2024T02:38:21 - [TEST_STEP][PASSED] - x = x.substring(0, i1): null

02-12-2024T02:38:21 - [TEST_STEP][PASSED] - println(x): null

02-12-2024T02:38:21 - [TEST_STEP][PASSED] - return x: null

02-12-2024T02:38:21 - [TEST_STEP][PASSED] - tabB = GetOiSFactB(x = b): null

02-12-2024T02:38:21 - [TEST_STEP][PASSED] - i1 = <not implemented yet for class: org.codehaus.groovy.ast.expr.EmptyExpression>: null

02-12-2024T02:38:21 - [TEST_STEP][PASSED] - ii = <not implemented yet for class: org.codehaus.groovy.ast.expr.EmptyExpression>: null

02-12-2024T02:38:21 - [TEST_STEP][PASSED] - for ([ii = 1, ii < 5, (ii++)]): null

02-12-2024T02:38:21 - [TEST_STEP][PASSED] - i1 = x.indexOf("/") + 1: null

02-12-2024T02:38:21 - [TEST_STEP][PASSED] - if (i1 > -1): null

02-12-2024T02:38:21 - [TEST_STEP][PASSED] - x = x.substring(i1, x.length()): null

02-12-2024T02:38:21 - [TEST_STEP][PASSED] - println(x): null

02-12-2024T02:38:21 - [TEST_STEP][PASSED] - i1 = x.indexOf("/") + 1: null

02-12-2024T02:38:21 - [TEST_STEP][PASSED] - if (i1 > -1): null

02-12-2024T02:38:21 - [TEST_STEP][PASSED] - x = x.substring(i1, x.length()): null

02-12-2024T02:38:21 - [TEST_STEP][PASSED] - println(x): null

02-12-2024T02:38:21 - [TEST_STEP][PASSED] - i1 = x.indexOf("/") + 1: null

02-12-2024T02:38:21 - [TEST_STEP][PASSED] - if (i1 > -1): null

02-12-2024T02:38:21 - [TEST_STEP][PASSED] - x = x.substring(i1, x.length()): null

02-12-2024T02:38:21 - [TEST_STEP][PASSED] - println(x): null

02-12-2024T02:38:21 - [TEST_STEP][PASSED] - i1 = x.indexOf("/") + 1: null

02-12-2024T02:38:21 - [TEST_STEP][PASSED] - if (i1 > -1): null

02-12-2024T02:38:21 - [TEST_STEP][PASSED] - x = x.substring(i1, x.length()): null

02-12-2024T02:38:21 - [TEST_STEP][PASSED] - println(x): null

02-12-2024T02:38:21 - [TEST_STEP][PASSED] - i1 = x.indexOf("/"): null

02-12-2024T02:38:21 - [TEST_STEP][PASSED] - if (i1 > -1): null

02-12-2024T02:38:21 - [TEST_STEP][PASSED] - x = x.substring(0, i1): null

02-12-2024T02:38:21 - [TEST_STEP][PASSED] - println(x): null

02-12-2024T02:38:21 - [TEST_STEP][FAILED] - return x: null

02-12-2024T02:38:21 - [TEST_STEP][FAILED] - if (verifyEqual(tabR, tabB) == false): null

02-12-2024T02:38:21 - [MESSAGE][FAILED] - Unable to verify equal between actual object 'нет данных' and expected object '17541196' (Root cause: com.kms.katalon.core.exception.StepFailedException: Actual object 'нет данных' and expected object '17541196' are not equal
	at com.kms.katalon.core.keyword.builtin.VerifyEqualKeyword$_verifyEqual_closure1.doCall(VerifyEqualKeyword.groovy:58)
	at com.kms.katalon.core.keyword.builtin.VerifyEqualKeyword$_verifyEqual_closure1.call(VerifyEqualKeyword.groovy)
	at com.kms.katalon.core.keyword.internal.KeywordMain.runKeyword(KeywordMain.groovy:75)
	at com.kms.katalon.core.keyword.builtin.VerifyEqualKeyword.verifyEqual(VerifyEqualKeyword.groovy:63)
	at com.kms.katalon.core.keyword.builtin.VerifyEqualKeyword.execute(VerifyEqualKeyword.groovy:44)
	at com.kms.katalon.core.keyword.internal.KeywordExecutor.executeKeywordForPlatform(KeywordExecutor.groovy:74)
	at com.kms.katalon.core.keyword.BuiltinKeywords.verifyEqual(BuiltinKeywords.groovy:146)
	at jdk.internal.reflect.GeneratedMethodAccessor25.invoke(Unknown Source)
	at java.base/jdk.internal.reflect.DelegatingMethodAccessorImpl.invoke(DelegatingMethodAccessorImpl.java:43)
	at Выполнение бизнес-плана сверка дашбордов.CompareDZOData(Выполнение бизнес-плана сверка дашбордов:717)
	at Выполнение бизнес-плана сверка дашбордов.run(Выполнение бизнес-плана сверка дашбордов:603)
	at com.kms.katalon.core.main.ScriptEngine.run(ScriptEngine.java:194)
	at com.kms.katalon.core.main.ScriptEngine.runScriptAsRawText(ScriptEngine.java:119)
	at com.kms.katalon.core.main.TestCaseExecutor.runScript(TestCaseExecutor.java:448)
	at com.kms.katalon.core.main.TestCaseExecutor.doExecute(TestCaseExecutor.java:439)
	at com.kms.katalon.core.main.TestCaseExecutor.processExecutionPhase(TestCaseExecutor.java:418)
	at com.kms.katalon.core.main.TestCaseExecutor.accessMainPhase(TestCaseExecutor.java:410)
	at com.kms.katalon.core.main.TestCaseExecutor.execute(TestCaseExecutor.java:285)
	at com.kms.katalon.core.common.CommonExecutor.accessTestCaseMainPhase(CommonExecutor.java:65)
	at com.kms.katalon.core.main.TestSuiteExecutor.accessTestSuiteMainPhase(TestSuiteExecutor.java:150)
	at com.kms.katalon.core.main.TestSuiteExecutor.execute(TestSuiteExecutor.java:106)
	at com.kms.katalon.core.main.TestCaseMain.startTestSuite(TestCaseMain.java:180)
	at TempTestSuite1733095732962.run(TempTestSuite1733095732962.groovy:35)
	at java.base/jdk.internal.reflect.NativeMethodAccessorImpl.invoke0(Native Method)
	at java.base/jdk.internal.reflect.NativeMethodAccessorImpl.invoke(NativeMethodAccessorImpl.java:77)
	at java.base/jdk.internal.reflect.DelegatingMethodAccessorImpl.invoke(DelegatingMethodAccessorImpl.java:43)
)

02-12-2024T02:38:21 - [TEST_STEP][PASSED] - result = WriteToExcel(typeOfData, todaysDate, PercPlanR, PercPlanB, PercFactR, PercFactB, x, tabR, tabB, o1R, o1B, vidget): null

02-12-2024T02:38:21 - [TEST_STEP][PASSED] - iii = dZO.indexOf("/"): null

02-12-2024T02:38:21 - [TEST_STEP][PASSED] - println(iii): null

02-12-2024T02:38:21 - [TEST_STEP][PASSED] - dZO = dZO.substring(0, iii): null

02-12-2024T02:38:21 - [TEST_STEP][PASSED] - println(dZO): null

02-12-2024T02:38:21 - [TEST_STEP][PASSED] - println(PercPlanR): null

02-12-2024T02:38:21 - [TEST_STEP][PASSED] - println(PercPlanB): null

02-12-2024T02:38:21 - [TEST_STEP][PASSED] - println(PercFactR): null

02-12-2024T02:38:21 - [TEST_STEP][PASSED] - println(PercFactB): null

02-12-2024T02:38:21 - [TEST_STEP][PASSED] - println(tabR): null

02-12-2024T02:38:21 - [TEST_STEP][PASSED] - println(tabB): null

02-12-2024T02:38:21 - [TEST_STEP][PASSED] - println(o1R): null

02-12-2024T02:38:21 - [TEST_STEP][PASSED] - println(o1B): null

02-12-2024T02:38:21 - [TEST_STEP][PASSED] - PR = <not implemented yet for class: org.codehaus.groovy.ast.expr.EmptyExpression>: null

02-12-2024T02:38:21 - [TEST_STEP][PASSED] - FR = <not implemented yet for class: org.codehaus.groovy.ast.expr.EmptyExpression>: null

02-12-2024T02:38:21 - [TEST_STEP][PASSED] - PB = <not implemented yet for class: org.codehaus.groovy.ast.expr.EmptyExpression>: null

02-12-2024T02:38:21 - [TEST_STEP][PASSED] - FB = <not implemented yet for class: org.codehaus.groovy.ast.expr.EmptyExpression>: null

02-12-2024T02:38:21 - [TEST_STEP][PASSED] - TR = <not implemented yet for class: org.codehaus.groovy.ast.expr.EmptyExpression>: null

02-12-2024T02:38:21 - [TEST_STEP][PASSED] - TB = <not implemented yet for class: org.codehaus.groovy.ast.expr.EmptyExpression>: null

02-12-2024T02:38:21 - [TEST_STEP][PASSED] - sheetName = "Sheet1": null

02-12-2024T02:38:21 - [TEST_STEP][PASSED] - data = findTestData("PlanFact"): null

02-12-2024T02:38:21 - [TEST_STEP][PASSED] - n = data.getRowNumbers() + 1: null

02-12-2024T02:38:21 - [TEST_STEP][PASSED] - year = todaysDate.substring(todaysDate.length() - 4, todaysDate.length()): null

02-12-2024T02:38:21 - [TEST_STEP][PASSED] - y = year.toInteger(): null

02-12-2024T02:38:21 - [TEST_STEP][PASSED] - m = getText(findTestObject("Выполнение бизнес-плана/Выполнение бизнес-плана Балансы/Фильтр Дата")): Text of object 'Object Repository/Выполнение бизнес-плана/Выполнение бизнес-плана Балансы/Фильтр Дата' is: '1, 2, 3 кв., Октябрь 2024 года'

02-12-2024T02:38:21 - [MESSAGE][PASSED] - Text of object 'Object Repository/Выполнение бизнес-плана/Выполнение бизнес-плана Балансы/Фильтр Дата' is: '1, 2, 3 кв., Октябрь 2024 года'

02-12-2024T02:38:21 - [TEST_STEP][PASSED] - m = m.substring(0, m.indexOf("2024")): null

02-12-2024T02:38:21 - [TEST_STEP][PASSED] - m = m.trim(): null

02-12-2024T02:38:21 - [TEST_STEP][PASSED] - dashboardName = "Выполнение бизнес-плана": null

02-12-2024T02:38:21 - [TEST_STEP][PASSED] - workbook01 = getWorkbook(excelFilePath): null

02-12-2024T02:38:21 - [TEST_STEP][PASSED] - sheet01 = getExcelSheet(workbook01, sheetName): null

02-12-2024T02:38:21 - [TEST_STEP][PASSED] - setValueToCellByIndex(sheet01, n, 0, dashboardName): null

02-12-2024T02:38:21 - [TEST_STEP][PASSED] - setValueToCellByIndex(sheet01, n, 1, dZO): null

02-12-2024T02:38:21 - [TEST_STEP][PASSED] - setValueToCellByIndex(sheet01, n, 2, typeOfData): null

02-12-2024T02:38:21 - [TEST_STEP][PASSED] - setValueToCellByIndex(sheet01, n, 3, typeOfData): null

02-12-2024T02:38:21 - [TEST_STEP][PASSED] - if (typeOfData == "План"): null

02-12-2024T02:38:21 - [TEST_STEP][PASSED] - else if (typeOfData == "Факт"): null

02-12-2024T02:38:21 - [TEST_STEP][PASSED] - else if (vidget.contains("электроэнергии") == true): null

02-12-2024T02:38:21 - [TEST_STEP][PASSED] - if (tabR == null): null

02-12-2024T02:38:21 - [TEST_STEP][PASSED] - else: null

02-12-2024T02:38:21 - [TEST_STEP][PASSED] - if (tabR == "нет данных"): null

02-12-2024T02:38:21 - [TEST_STEP][PASSED] - setValueToCellByIndex(sheet01, n, 4, "нет данных"): null

02-12-2024T02:38:21 - [TEST_STEP][PASSED] - if (tabB == null): null

02-12-2024T02:38:21 - [TEST_STEP][PASSED] - else: null

02-12-2024T02:38:21 - [TEST_STEP][PASSED] - if (tabB == "нет данных"): null

02-12-2024T02:38:21 - [TEST_STEP][PASSED] - else: null

02-12-2024T02:38:21 - [TEST_STEP][PASSED] - TB = tabB.toInteger(): null

02-12-2024T02:38:21 - [TEST_STEP][PASSED] - setValueToCellByIndex(sheet01, n, 5, TB): null

02-12-2024T02:38:21 - [TEST_STEP][PASSED] - setValueToCellByIndex(sheet01, n, 6, m): null

02-12-2024T02:38:21 - [TEST_STEP][PASSED] - setValueToCellByIndex(sheet01, n, 7, y): null

02-12-2024T02:38:21 - [TEST_STEP][PASSED] - setValueToCellByIndex(sheet01, n, 8, todaysDate): null

02-12-2024T02:38:21 - [TEST_STEP][PASSED] - n = n + 1: null

02-12-2024T02:38:21 - [TEST_STEP][PASSED] - saveWorkbook(excelFilePath, workbook01): null

02-12-2024T02:38:22 - [TEST_STEP][PASSED] - typeOfData = "Факт Потери": null

02-12-2024T02:38:22 - [TEST_STEP][PASSED] - tabR = GetPFactR(x = a): null

02-12-2024T02:38:22 - [TEST_STEP][PASSED] - i1 = <not implemented yet for class: org.codehaus.groovy.ast.expr.EmptyExpression>: null

02-12-2024T02:38:22 - [TEST_STEP][PASSED] - ii = <not implemented yet for class: org.codehaus.groovy.ast.expr.EmptyExpression>: null

02-12-2024T02:38:22 - [TEST_STEP][PASSED] - for ([ii = 1, ii < 6, (ii++)]): null

02-12-2024T02:38:22 - [TEST_STEP][PASSED] - i1 = x.indexOf("/") + 1: null

02-12-2024T02:38:22 - [TEST_STEP][PASSED] - if (i1 > -1): null

02-12-2024T02:38:22 - [TEST_STEP][PASSED] - x = x.substring(i1, x.length()): null

02-12-2024T02:38:22 - [TEST_STEP][PASSED] - println(x): null

02-12-2024T02:38:22 - [TEST_STEP][PASSED] - i1 = x.indexOf("/") + 1: null

02-12-2024T02:38:22 - [TEST_STEP][PASSED] - if (i1 > -1): null

02-12-2024T02:38:22 - [TEST_STEP][PASSED] - x = x.substring(i1, x.length()): null

02-12-2024T02:38:22 - [TEST_STEP][PASSED] - println(x): null

02-12-2024T02:38:22 - [TEST_STEP][PASSED] - i1 = x.indexOf("/") + 1: null

02-12-2024T02:38:22 - [TEST_STEP][PASSED] - if (i1 > -1): null

02-12-2024T02:38:22 - [TEST_STEP][PASSED] - x = x.substring(i1, x.length()): null

02-12-2024T02:38:22 - [TEST_STEP][PASSED] - println(x): null

02-12-2024T02:38:22 - [TEST_STEP][PASSED] - i1 = x.indexOf("/") + 1: null

02-12-2024T02:38:22 - [TEST_STEP][PASSED] - if (i1 > -1): null

02-12-2024T02:38:22 - [TEST_STEP][PASSED] - x = x.substring(i1, x.length()): null

02-12-2024T02:38:22 - [TEST_STEP][PASSED] - println(x): null

02-12-2024T02:38:22 - [TEST_STEP][PASSED] - i1 = x.indexOf("/") + 1: null

02-12-2024T02:38:22 - [TEST_STEP][PASSED] - if (i1 > -1): null

02-12-2024T02:38:22 - [TEST_STEP][PASSED] - x = x.substring(i1, x.length()): null

02-12-2024T02:38:22 - [TEST_STEP][PASSED] - println(x): null

02-12-2024T02:38:22 - [TEST_STEP][PASSED] - i1 = x.indexOf("/"): null

02-12-2024T02:38:22 - [TEST_STEP][PASSED] - if (i1 > -1): null

02-12-2024T02:38:22 - [TEST_STEP][PASSED] - x = x.substring(0, i1): null

02-12-2024T02:38:22 - [TEST_STEP][PASSED] - println(x): null

02-12-2024T02:38:22 - [TEST_STEP][PASSED] - return x: null

02-12-2024T02:38:22 - [TEST_STEP][PASSED] - tabB = GetPFactB(x = b): null

02-12-2024T02:38:22 - [TEST_STEP][PASSED] - i1 = <not implemented yet for class: org.codehaus.groovy.ast.expr.EmptyExpression>: null

02-12-2024T02:38:22 - [TEST_STEP][PASSED] - ii = <not implemented yet for class: org.codehaus.groovy.ast.expr.EmptyExpression>: null

02-12-2024T02:38:22 - [TEST_STEP][PASSED] - for ([ii = 1, ii < 6, (ii++)]): null

02-12-2024T02:38:22 - [TEST_STEP][PASSED] - i1 = x.indexOf("/") + 1: null

02-12-2024T02:38:22 - [TEST_STEP][PASSED] - if (i1 > -1): null

02-12-2024T02:38:22 - [TEST_STEP][PASSED] - x = x.substring(i1, x.length()): null

02-12-2024T02:38:22 - [TEST_STEP][PASSED] - println(x): null

02-12-2024T02:38:22 - [TEST_STEP][PASSED] - i1 = x.indexOf("/") + 1: null

02-12-2024T02:38:22 - [TEST_STEP][PASSED] - if (i1 > -1): null

02-12-2024T02:38:22 - [TEST_STEP][PASSED] - x = x.substring(i1, x.length()): null

02-12-2024T02:38:22 - [TEST_STEP][PASSED] - println(x): null

02-12-2024T02:38:22 - [TEST_STEP][PASSED] - i1 = x.indexOf("/") + 1: null

02-12-2024T02:38:22 - [TEST_STEP][PASSED] - if (i1 > -1): null

02-12-2024T02:38:22 - [TEST_STEP][PASSED] - x = x.substring(i1, x.length()): null

02-12-2024T02:38:22 - [TEST_STEP][PASSED] - println(x): null

02-12-2024T02:38:22 - [TEST_STEP][PASSED] - i1 = x.indexOf("/") + 1: null

02-12-2024T02:38:22 - [TEST_STEP][PASSED] - if (i1 > -1): null

02-12-2024T02:38:22 - [TEST_STEP][PASSED] - x = x.substring(i1, x.length()): null

02-12-2024T02:38:22 - [TEST_STEP][PASSED] - println(x): null

02-12-2024T02:38:22 - [TEST_STEP][PASSED] - i1 = x.indexOf("/") + 1: null

02-12-2024T02:38:22 - [TEST_STEP][PASSED] - if (i1 > -1): null

02-12-2024T02:38:22 - [TEST_STEP][PASSED] - x = x.substring(i1, x.length()): null

02-12-2024T02:38:22 - [TEST_STEP][PASSED] - println(x): null

02-12-2024T02:38:22 - [TEST_STEP][PASSED] - i1 = x.indexOf("/"): null

02-12-2024T02:38:22 - [TEST_STEP][PASSED] - if (i1 > -1): null

02-12-2024T02:38:22 - [TEST_STEP][PASSED] - x = x.substring(0, i1): null

02-12-2024T02:38:22 - [TEST_STEP][PASSED] - println(x): null

02-12-2024T02:38:22 - [TEST_STEP][FAILED] - return x: null

02-12-2024T02:38:22 - [TEST_STEP][PASSED] - println(tabR + "/" + tabB): null

02-12-2024T02:38:22 - [TEST_STEP][FAILED] - if (verifyEqual(tabR, tabB) == false): null

02-12-2024T02:38:22 - [MESSAGE][FAILED] - Unable to verify equal between actual object 'нет данных' and expected object '1668036' (Root cause: com.kms.katalon.core.exception.StepFailedException: Actual object 'нет данных' and expected object '1668036' are not equal
	at com.kms.katalon.core.keyword.builtin.VerifyEqualKeyword$_verifyEqual_closure1.doCall(VerifyEqualKeyword.groovy:58)
	at com.kms.katalon.core.keyword.builtin.VerifyEqualKeyword$_verifyEqual_closure1.call(VerifyEqualKeyword.groovy)
	at com.kms.katalon.core.keyword.internal.KeywordMain.runKeyword(KeywordMain.groovy:75)
	at com.kms.katalon.core.keyword.builtin.VerifyEqualKeyword.verifyEqual(VerifyEqualKeyword.groovy:63)
	at com.kms.katalon.core.keyword.builtin.VerifyEqualKeyword.execute(VerifyEqualKeyword.groovy:44)
	at com.kms.katalon.core.keyword.internal.KeywordExecutor.executeKeywordForPlatform(KeywordExecutor.groovy:74)
	at com.kms.katalon.core.keyword.BuiltinKeywords.verifyEqual(BuiltinKeywords.groovy:146)
	at jdk.internal.reflect.GeneratedMethodAccessor25.invoke(Unknown Source)
	at java.base/jdk.internal.reflect.DelegatingMethodAccessorImpl.invoke(DelegatingMethodAccessorImpl.java:43)
	at Выполнение бизнес-плана сверка дашбордов.CompareDZOData(Выполнение бизнес-плана сверка дашбордов:730)
	at Выполнение бизнес-плана сверка дашбордов.run(Выполнение бизнес-плана сверка дашбордов:603)
	at com.kms.katalon.core.main.ScriptEngine.run(ScriptEngine.java:194)
	at com.kms.katalon.core.main.ScriptEngine.runScriptAsRawText(ScriptEngine.java:119)
	at com.kms.katalon.core.main.TestCaseExecutor.runScript(TestCaseExecutor.java:448)
	at com.kms.katalon.core.main.TestCaseExecutor.doExecute(TestCaseExecutor.java:439)
	at com.kms.katalon.core.main.TestCaseExecutor.processExecutionPhase(TestCaseExecutor.java:418)
	at com.kms.katalon.core.main.TestCaseExecutor.accessMainPhase(TestCaseExecutor.java:410)
	at com.kms.katalon.core.main.TestCaseExecutor.execute(TestCaseExecutor.java:285)
	at com.kms.katalon.core.common.CommonExecutor.accessTestCaseMainPhase(CommonExecutor.java:65)
	at com.kms.katalon.core.main.TestSuiteExecutor.accessTestSuiteMainPhase(TestSuiteExecutor.java:150)
	at com.kms.katalon.core.main.TestSuiteExecutor.execute(TestSuiteExecutor.java:106)
	at com.kms.katalon.core.main.TestCaseMain.startTestSuite(TestCaseMain.java:180)
	at TempTestSuite1733095732962.run(TempTestSuite1733095732962.groovy:35)
	at java.base/jdk.internal.reflect.NativeMethodAccessorImpl.invoke0(Native Method)
	at java.base/jdk.internal.reflect.NativeMethodAccessorImpl.invoke(NativeMethodAccessorImpl.java:77)
	at java.base/jdk.internal.reflect.DelegatingMethodAccessorImpl.invoke(DelegatingMethodAccessorImpl.java:43)
)

02-12-2024T02:38:22 - [TEST_STEP][PASSED] - result = WriteToExcel(typeOfData, todaysDate, PercPlanR, PercPlanB, PercFactR, PercFactB, x, tabR, tabB, o1R, o1B, vidget): null

02-12-2024T02:38:22 - [TEST_STEP][PASSED] - iii = dZO.indexOf("/"): null

02-12-2024T02:38:22 - [TEST_STEP][PASSED] - println(iii): null

02-12-2024T02:38:22 - [TEST_STEP][PASSED] - dZO = dZO.substring(0, iii): null

02-12-2024T02:38:22 - [TEST_STEP][PASSED] - println(dZO): null

02-12-2024T02:38:22 - [TEST_STEP][PASSED] - println(PercPlanR): null

02-12-2024T02:38:22 - [TEST_STEP][PASSED] - println(PercPlanB): null

02-12-2024T02:38:22 - [TEST_STEP][PASSED] - println(PercFactR): null

02-12-2024T02:38:22 - [TEST_STEP][PASSED] - println(PercFactB): null

02-12-2024T02:38:22 - [TEST_STEP][PASSED] - println(tabR): null

02-12-2024T02:38:22 - [TEST_STEP][PASSED] - println(tabB): null

02-12-2024T02:38:22 - [TEST_STEP][PASSED] - println(o1R): null

02-12-2024T02:38:22 - [TEST_STEP][PASSED] - println(o1B): null

02-12-2024T02:38:22 - [TEST_STEP][PASSED] - PR = <not implemented yet for class: org.codehaus.groovy.ast.expr.EmptyExpression>: null

02-12-2024T02:38:22 - [TEST_STEP][PASSED] - FR = <not implemented yet for class: org.codehaus.groovy.ast.expr.EmptyExpression>: null

02-12-2024T02:38:22 - [TEST_STEP][PASSED] - PB = <not implemented yet for class: org.codehaus.groovy.ast.expr.EmptyExpression>: null

02-12-2024T02:38:22 - [TEST_STEP][PASSED] - FB = <not implemented yet for class: org.codehaus.groovy.ast.expr.EmptyExpression>: null

02-12-2024T02:38:22 - [TEST_STEP][PASSED] - TR = <not implemented yet for class: org.codehaus.groovy.ast.expr.EmptyExpression>: null

02-12-2024T02:38:22 - [TEST_STEP][PASSED] - TB = <not implemented yet for class: org.codehaus.groovy.ast.expr.EmptyExpression>: null

02-12-2024T02:38:22 - [TEST_STEP][PASSED] - sheetName = "Sheet1": null

02-12-2024T02:38:22 - [TEST_STEP][PASSED] - data = findTestData("PlanFact"): null

02-12-2024T02:38:22 - [TEST_STEP][PASSED] - n = data.getRowNumbers() + 1: null

02-12-2024T02:38:22 - [TEST_STEP][PASSED] - year = todaysDate.substring(todaysDate.length() - 4, todaysDate.length()): null

02-12-2024T02:38:22 - [TEST_STEP][PASSED] - y = year.toInteger(): null

02-12-2024T02:38:22 - [TEST_STEP][PASSED] - m = getText(findTestObject("Выполнение бизнес-плана/Выполнение бизнес-плана Балансы/Фильтр Дата")): Text of object 'Object Repository/Выполнение бизнес-плана/Выполнение бизнес-плана Балансы/Фильтр Дата' is: '1, 2, 3 кв., Октябрь 2024 года'

02-12-2024T02:38:22 - [MESSAGE][PASSED] - Text of object 'Object Repository/Выполнение бизнес-плана/Выполнение бизнес-плана Балансы/Фильтр Дата' is: '1, 2, 3 кв., Октябрь 2024 года'

02-12-2024T02:38:22 - [TEST_STEP][PASSED] - m = m.substring(0, m.indexOf("2024")): null

02-12-2024T02:38:22 - [TEST_STEP][PASSED] - m = m.trim(): null

02-12-2024T02:38:22 - [TEST_STEP][PASSED] - dashboardName = "Выполнение бизнес-плана": null

02-12-2024T02:38:22 - [TEST_STEP][PASSED] - workbook01 = getWorkbook(excelFilePath): null

02-12-2024T02:38:22 - [TEST_STEP][PASSED] - sheet01 = getExcelSheet(workbook01, sheetName): null

02-12-2024T02:38:22 - [TEST_STEP][PASSED] - setValueToCellByIndex(sheet01, n, 0, dashboardName): null

02-12-2024T02:38:22 - [TEST_STEP][PASSED] - setValueToCellByIndex(sheet01, n, 1, dZO): null

02-12-2024T02:38:22 - [TEST_STEP][PASSED] - setValueToCellByIndex(sheet01, n, 2, typeOfData): null

02-12-2024T02:38:22 - [TEST_STEP][PASSED] - setValueToCellByIndex(sheet01, n, 3, typeOfData): null

02-12-2024T02:38:22 - [TEST_STEP][PASSED] - if (typeOfData == "План"): null

02-12-2024T02:38:22 - [TEST_STEP][PASSED] - else if (typeOfData == "Факт"): null

02-12-2024T02:38:22 - [TEST_STEP][PASSED] - else if (vidget.contains("электроэнергии") == true): null

02-12-2024T02:38:22 - [TEST_STEP][PASSED] - if (tabR == null): null

02-12-2024T02:38:22 - [TEST_STEP][PASSED] - else: null

02-12-2024T02:38:22 - [TEST_STEP][PASSED] - if (tabR == "нет данных"): null

02-12-2024T02:38:22 - [TEST_STEP][PASSED] - setValueToCellByIndex(sheet01, n, 4, "нет данных"): null

02-12-2024T02:38:22 - [TEST_STEP][PASSED] - if (tabB == null): null

02-12-2024T02:38:22 - [TEST_STEP][PASSED] - else: null

02-12-2024T02:38:22 - [TEST_STEP][PASSED] - if (tabB == "нет данных"): null

02-12-2024T02:38:22 - [TEST_STEP][PASSED] - else: null

02-12-2024T02:38:22 - [TEST_STEP][PASSED] - TB = tabB.toInteger(): null

02-12-2024T02:38:22 - [TEST_STEP][PASSED] - setValueToCellByIndex(sheet01, n, 5, TB): null

02-12-2024T02:38:22 - [TEST_STEP][PASSED] - setValueToCellByIndex(sheet01, n, 6, m): null

02-12-2024T02:38:22 - [TEST_STEP][PASSED] - setValueToCellByIndex(sheet01, n, 7, y): null

02-12-2024T02:38:22 - [TEST_STEP][PASSED] - setValueToCellByIndex(sheet01, n, 8, todaysDate): null

02-12-2024T02:38:22 - [TEST_STEP][PASSED] - n = n + 1: null

02-12-2024T02:38:22 - [TEST_STEP][PASSED] - saveWorkbook(excelFilePath, workbook01): null

02-12-2024T02:38:22 - [TEST_STEP][PASSED] - vidget = "Показатели баланса электроэнергии по ДЗО – План": null

02-12-2024T02:38:22 - [TEST_STEP][PASSED] - typeOfData = "План Отпуск в сеть": null

02-12-2024T02:38:22 - [TEST_STEP][PASSED] - tabR = GetOvSPlanR(x = a): null

02-12-2024T02:38:22 - [TEST_STEP][PASSED] - i1 = <not implemented yet for class: org.codehaus.groovy.ast.expr.EmptyExpression>: null

02-12-2024T02:38:22 - [TEST_STEP][PASSED] - ii = <not implemented yet for class: org.codehaus.groovy.ast.expr.EmptyExpression>: null

02-12-2024T02:38:22 - [TEST_STEP][PASSED] - for ([ii = 1, ii < 7, (ii++)]): null

02-12-2024T02:38:22 - [TEST_STEP][PASSED] - i1 = x.indexOf("/") + 1: null

02-12-2024T02:38:22 - [TEST_STEP][PASSED] - if (i1 > -1): null

02-12-2024T02:38:22 - [TEST_STEP][PASSED] - x = x.substring(i1, x.length()): null

02-12-2024T02:38:22 - [TEST_STEP][PASSED] - println(x): null

02-12-2024T02:38:22 - [TEST_STEP][PASSED] - i1 = x.indexOf("/") + 1: null

02-12-2024T02:38:22 - [TEST_STEP][PASSED] - if (i1 > -1): null

02-12-2024T02:38:22 - [TEST_STEP][PASSED] - x = x.substring(i1, x.length()): null

02-12-2024T02:38:22 - [TEST_STEP][PASSED] - println(x): null

02-12-2024T02:38:22 - [TEST_STEP][PASSED] - i1 = x.indexOf("/") + 1: null

02-12-2024T02:38:22 - [TEST_STEP][PASSED] - if (i1 > -1): null

02-12-2024T02:38:22 - [TEST_STEP][PASSED] - x = x.substring(i1, x.length()): null

02-12-2024T02:38:22 - [TEST_STEP][PASSED] - println(x): null

02-12-2024T02:38:22 - [TEST_STEP][PASSED] - i1 = x.indexOf("/") + 1: null

02-12-2024T02:38:22 - [TEST_STEP][PASSED] - if (i1 > -1): null

02-12-2024T02:38:22 - [TEST_STEP][PASSED] - x = x.substring(i1, x.length()): null

02-12-2024T02:38:22 - [TEST_STEP][PASSED] - println(x): null

02-12-2024T02:38:22 - [TEST_STEP][PASSED] - i1 = x.indexOf("/") + 1: null

02-12-2024T02:38:22 - [TEST_STEP][PASSED] - if (i1 > -1): null

02-12-2024T02:38:22 - [TEST_STEP][PASSED] - x = x.substring(i1, x.length()): null

02-12-2024T02:38:22 - [TEST_STEP][PASSED] - println(x): null

02-12-2024T02:38:22 - [TEST_STEP][PASSED] - i1 = x.indexOf("/") + 1: null

02-12-2024T02:38:22 - [TEST_STEP][PASSED] - if (i1 > -1): null

02-12-2024T02:38:22 - [TEST_STEP][PASSED] - x = x.substring(i1, x.length()): null

02-12-2024T02:38:22 - [TEST_STEP][PASSED] - println(x): null

02-12-2024T02:38:22 - [TEST_STEP][PASSED] - i1 = x.indexOf("/"): null

02-12-2024T02:38:22 - [TEST_STEP][PASSED] - if (i1 > -1): null

02-12-2024T02:38:22 - [TEST_STEP][PASSED] - x = x.substring(0, i1): null

02-12-2024T02:38:22 - [TEST_STEP][PASSED] - println(x): null

02-12-2024T02:38:22 - [TEST_STEP][PASSED] - return x: null

02-12-2024T02:38:22 - [TEST_STEP][PASSED] - tabB = GetOvSPlanB(x = b): null

02-12-2024T02:38:22 - [TEST_STEP][PASSED] - i1 = <not implemented yet for class: org.codehaus.groovy.ast.expr.EmptyExpression>: null

02-12-2024T02:38:22 - [TEST_STEP][PASSED] - ii = <not implemented yet for class: org.codehaus.groovy.ast.expr.EmptyExpression>: null

02-12-2024T02:38:22 - [TEST_STEP][PASSED] - for ([ii = 1, ii < 7, (ii++)]): null

02-12-2024T02:38:22 - [TEST_STEP][PASSED] - i1 = x.indexOf("/") + 1: null

02-12-2024T02:38:22 - [TEST_STEP][PASSED] - if (i1 > -1): null

02-12-2024T02:38:22 - [TEST_STEP][PASSED] - x = x.substring(i1, x.length()): null

02-12-2024T02:38:22 - [TEST_STEP][PASSED] - println(x): null

02-12-2024T02:38:22 - [TEST_STEP][PASSED] - i1 = x.indexOf("/") + 1: null

02-12-2024T02:38:22 - [TEST_STEP][PASSED] - if (i1 > -1): null

02-12-2024T02:38:22 - [TEST_STEP][PASSED] - x = x.substring(i1, x.length()): null

02-12-2024T02:38:22 - [TEST_STEP][PASSED] - println(x): null

02-12-2024T02:38:22 - [TEST_STEP][PASSED] - i1 = x.indexOf("/") + 1: null

02-12-2024T02:38:22 - [TEST_STEP][PASSED] - if (i1 > -1): null

02-12-2024T02:38:22 - [TEST_STEP][PASSED] - x = x.substring(i1, x.length()): null

02-12-2024T02:38:22 - [TEST_STEP][PASSED] - println(x): null

02-12-2024T02:38:22 - [TEST_STEP][PASSED] - i1 = x.indexOf("/") + 1: null

02-12-2024T02:38:22 - [TEST_STEP][PASSED] - if (i1 > -1): null

02-12-2024T02:38:22 - [TEST_STEP][PASSED] - x = x.substring(i1, x.length()): null

02-12-2024T02:38:22 - [TEST_STEP][PASSED] - println(x): null

02-12-2024T02:38:22 - [TEST_STEP][PASSED] - i1 = x.indexOf("/") + 1: null

02-12-2024T02:38:22 - [TEST_STEP][PASSED] - if (i1 > -1): null

02-12-2024T02:38:22 - [TEST_STEP][PASSED] - x = x.substring(i1, x.length()): null

02-12-2024T02:38:22 - [TEST_STEP][PASSED] - println(x): null

02-12-2024T02:38:22 - [TEST_STEP][PASSED] - i1 = x.indexOf("/") + 1: null

02-12-2024T02:38:22 - [TEST_STEP][PASSED] - if (i1 > -1): null

02-12-2024T02:38:22 - [TEST_STEP][PASSED] - x = x.substring(i1, x.length()): null

02-12-2024T02:38:22 - [TEST_STEP][PASSED] - println(x): null

02-12-2024T02:38:22 - [TEST_STEP][PASSED] - i1 = x.indexOf("/"): null

02-12-2024T02:38:22 - [TEST_STEP][PASSED] - if (i1 > -1): null

02-12-2024T02:38:22 - [TEST_STEP][PASSED] - x = x.substring(0, i1): null

02-12-2024T02:38:22 - [TEST_STEP][PASSED] - println(x): null

02-12-2024T02:38:22 - [TEST_STEP][FAILED] - return x: null

02-12-2024T02:38:22 - [TEST_STEP][PASSED] - println(tabR + "/" + tabB): null

02-12-2024T02:38:22 - [TEST_STEP][FAILED] - if (verifyEqual(PercFactR, PercFactB) == false): null

02-12-2024T02:38:22 - [MESSAGE][FAILED] - Unable to verify equal between actual object 'нет данных' and expected object '8.68' (Root cause: com.kms.katalon.core.exception.StepFailedException: Actual object 'нет данных' and expected object '8.68' are not equal
	at com.kms.katalon.core.keyword.builtin.VerifyEqualKeyword$_verifyEqual_closure1.doCall(VerifyEqualKeyword.groovy:58)
	at com.kms.katalon.core.keyword.builtin.VerifyEqualKeyword$_verifyEqual_closure1.call(VerifyEqualKeyword.groovy)
	at com.kms.katalon.core.keyword.internal.KeywordMain.runKeyword(KeywordMain.groovy:75)
	at com.kms.katalon.core.keyword.builtin.VerifyEqualKeyword.verifyEqual(VerifyEqualKeyword.groovy:63)
	at com.kms.katalon.core.keyword.builtin.VerifyEqualKeyword.execute(VerifyEqualKeyword.groovy:44)
	at com.kms.katalon.core.keyword.internal.KeywordExecutor.executeKeywordForPlatform(KeywordExecutor.groovy:74)
	at com.kms.katalon.core.keyword.BuiltinKeywords.verifyEqual(BuiltinKeywords.groovy:146)
	at jdk.internal.reflect.GeneratedMethodAccessor25.invoke(Unknown Source)
	at java.base/jdk.internal.reflect.DelegatingMethodAccessorImpl.invoke(DelegatingMethodAccessorImpl.java:43)
	at Выполнение бизнес-плана сверка дашбордов.CompareDZOData(Выполнение бизнес-плана сверка дашбордов:745)
	at Выполнение бизнес-плана сверка дашбордов.run(Выполнение бизнес-плана сверка дашбордов:603)
	at com.kms.katalon.core.main.ScriptEngine.run(ScriptEngine.java:194)
	at com.kms.katalon.core.main.ScriptEngine.runScriptAsRawText(ScriptEngine.java:119)
	at com.kms.katalon.core.main.TestCaseExecutor.runScript(TestCaseExecutor.java:448)
	at com.kms.katalon.core.main.TestCaseExecutor.doExecute(TestCaseExecutor.java:439)
	at com.kms.katalon.core.main.TestCaseExecutor.processExecutionPhase(TestCaseExecutor.java:418)
	at com.kms.katalon.core.main.TestCaseExecutor.accessMainPhase(TestCaseExecutor.java:410)
	at com.kms.katalon.core.main.TestCaseExecutor.execute(TestCaseExecutor.java:285)
	at com.kms.katalon.core.common.CommonExecutor.accessTestCaseMainPhase(CommonExecutor.java:65)
	at com.kms.katalon.core.main.TestSuiteExecutor.accessTestSuiteMainPhase(TestSuiteExecutor.java:150)
	at com.kms.katalon.core.main.TestSuiteExecutor.execute(TestSuiteExecutor.java:106)
	at com.kms.katalon.core.main.TestCaseMain.startTestSuite(TestCaseMain.java:180)
	at TempTestSuite1733095732962.run(TempTestSuite1733095732962.groovy:35)
	at java.base/jdk.internal.reflect.NativeMethodAccessorImpl.invoke0(Native Method)
	at java.base/jdk.internal.reflect.NativeMethodAccessorImpl.invoke(NativeMethodAccessorImpl.java:77)
	at java.base/jdk.internal.reflect.DelegatingMethodAccessorImpl.invoke(DelegatingMethodAccessorImpl.java:43)
)

02-12-2024T02:38:22 - [TEST_STEP][PASSED] - result = WriteToExcel(typeOfData, todaysDate, PercPlanR, PercPlanB, PercFactR, PercFactB, x, tabR, tabB, o1R, o1B, vidget): null

02-12-2024T02:38:22 - [TEST_STEP][PASSED] - iii = dZO.indexOf("/"): null

02-12-2024T02:38:22 - [TEST_STEP][PASSED] - println(iii): null

02-12-2024T02:38:22 - [TEST_STEP][PASSED] - dZO = dZO.substring(0, iii): null

02-12-2024T02:38:22 - [TEST_STEP][PASSED] - println(dZO): null

02-12-2024T02:38:22 - [TEST_STEP][PASSED] - println(PercPlanR): null

02-12-2024T02:38:22 - [TEST_STEP][PASSED] - println(PercPlanB): null

02-12-2024T02:38:22 - [TEST_STEP][PASSED] - println(PercFactR): null

02-12-2024T02:38:22 - [TEST_STEP][PASSED] - println(PercFactB): null

02-12-2024T02:38:22 - [TEST_STEP][PASSED] - println(tabR): null

02-12-2024T02:38:22 - [TEST_STEP][PASSED] - println(tabB): null

02-12-2024T02:38:22 - [TEST_STEP][PASSED] - println(o1R): null

02-12-2024T02:38:22 - [TEST_STEP][PASSED] - println(o1B): null

02-12-2024T02:38:22 - [TEST_STEP][PASSED] - PR = <not implemented yet for class: org.codehaus.groovy.ast.expr.EmptyExpression>: null

02-12-2024T02:38:22 - [TEST_STEP][PASSED] - FR = <not implemented yet for class: org.codehaus.groovy.ast.expr.EmptyExpression>: null

02-12-2024T02:38:22 - [TEST_STEP][PASSED] - PB = <not implemented yet for class: org.codehaus.groovy.ast.expr.EmptyExpression>: null

02-12-2024T02:38:22 - [TEST_STEP][PASSED] - FB = <not implemented yet for class: org.codehaus.groovy.ast.expr.EmptyExpression>: null

02-12-2024T02:38:22 - [TEST_STEP][PASSED] - TR = <not implemented yet for class: org.codehaus.groovy.ast.expr.EmptyExpression>: null

02-12-2024T02:38:22 - [TEST_STEP][PASSED] - TB = <not implemented yet for class: org.codehaus.groovy.ast.expr.EmptyExpression>: null

02-12-2024T02:38:22 - [TEST_STEP][PASSED] - sheetName = "Sheet1": null

02-12-2024T02:38:22 - [TEST_STEP][PASSED] - data = findTestData("PlanFact"): null

02-12-2024T02:38:22 - [TEST_STEP][PASSED] - n = data.getRowNumbers() + 1: null

02-12-2024T02:38:22 - [TEST_STEP][PASSED] - year = todaysDate.substring(todaysDate.length() - 4, todaysDate.length()): null

02-12-2024T02:38:22 - [TEST_STEP][PASSED] - y = year.toInteger(): null

02-12-2024T02:38:22 - [TEST_STEP][PASSED] - m = getText(findTestObject("Выполнение бизнес-плана/Выполнение бизнес-плана Балансы/Фильтр Дата")): Text of object 'Object Repository/Выполнение бизнес-плана/Выполнение бизнес-плана Балансы/Фильтр Дата' is: '1, 2, 3 кв., Октябрь 2024 года'

02-12-2024T02:38:23 - [MESSAGE][PASSED] - Text of object 'Object Repository/Выполнение бизнес-плана/Выполнение бизнес-плана Балансы/Фильтр Дата' is: '1, 2, 3 кв., Октябрь 2024 года'

02-12-2024T02:38:23 - [TEST_STEP][PASSED] - m = m.substring(0, m.indexOf("2024")): null

02-12-2024T02:38:23 - [TEST_STEP][PASSED] - m = m.trim(): null

02-12-2024T02:38:23 - [TEST_STEP][PASSED] - dashboardName = "Выполнение бизнес-плана": null

02-12-2024T02:38:23 - [TEST_STEP][PASSED] - workbook01 = getWorkbook(excelFilePath): null

02-12-2024T02:38:23 - [TEST_STEP][PASSED] - sheet01 = getExcelSheet(workbook01, sheetName): null

02-12-2024T02:38:23 - [TEST_STEP][PASSED] - setValueToCellByIndex(sheet01, n, 0, dashboardName): null

02-12-2024T02:38:23 - [TEST_STEP][PASSED] - setValueToCellByIndex(sheet01, n, 1, dZO): null

02-12-2024T02:38:23 - [TEST_STEP][PASSED] - setValueToCellByIndex(sheet01, n, 2, typeOfData): null

02-12-2024T02:38:23 - [TEST_STEP][PASSED] - setValueToCellByIndex(sheet01, n, 3, typeOfData): null

02-12-2024T02:38:23 - [TEST_STEP][PASSED] - if (typeOfData == "План"): null

02-12-2024T02:38:23 - [TEST_STEP][PASSED] - else if (typeOfData == "Факт"): null

02-12-2024T02:38:23 - [TEST_STEP][PASSED] - else if (vidget.contains("электроэнергии") == true): null

02-12-2024T02:38:23 - [TEST_STEP][PASSED] - if (tabR == null): null

02-12-2024T02:38:23 - [TEST_STEP][PASSED] - else: null

02-12-2024T02:38:23 - [TEST_STEP][PASSED] - if (tabR == "нет данных"): null

02-12-2024T02:38:23 - [TEST_STEP][PASSED] - setValueToCellByIndex(sheet01, n, 4, "нет данных"): null

02-12-2024T02:38:23 - [TEST_STEP][PASSED] - if (tabB == null): null

02-12-2024T02:38:23 - [TEST_STEP][PASSED] - else: null

02-12-2024T02:38:23 - [TEST_STEP][PASSED] - if (tabB == "нет данных"): null

02-12-2024T02:38:23 - [TEST_STEP][PASSED] - else: null

02-12-2024T02:38:23 - [TEST_STEP][PASSED] - TB = tabB.toInteger(): null

02-12-2024T02:38:23 - [TEST_STEP][PASSED] - setValueToCellByIndex(sheet01, n, 5, TB): null

02-12-2024T02:38:23 - [TEST_STEP][PASSED] - setValueToCellByIndex(sheet01, n, 6, m): null

02-12-2024T02:38:23 - [TEST_STEP][PASSED] - setValueToCellByIndex(sheet01, n, 7, y): null

02-12-2024T02:38:23 - [TEST_STEP][PASSED] - setValueToCellByIndex(sheet01, n, 8, todaysDate): null

02-12-2024T02:38:23 - [TEST_STEP][PASSED] - n = n + 1: null

02-12-2024T02:38:23 - [TEST_STEP][PASSED] - saveWorkbook(excelFilePath, workbook01): null

02-12-2024T02:38:23 - [TEST_STEP][PASSED] - typeOfData = "План Отпуск из сети": null

02-12-2024T02:38:23 - [TEST_STEP][PASSED] - tabR = GetOiSPlanR(x = a): null

02-12-2024T02:38:23 - [TEST_STEP][PASSED] - i1 = <not implemented yet for class: org.codehaus.groovy.ast.expr.EmptyExpression>: null

02-12-2024T02:38:23 - [TEST_STEP][PASSED] - ii = <not implemented yet for class: org.codehaus.groovy.ast.expr.EmptyExpression>: null

02-12-2024T02:38:23 - [TEST_STEP][PASSED] - for ([ii = 1, ii < 8, (ii++)]): null

02-12-2024T02:38:23 - [TEST_STEP][PASSED] - i1 = x.indexOf("/") + 1: null

02-12-2024T02:38:23 - [TEST_STEP][PASSED] - if (i1 > -1): null

02-12-2024T02:38:23 - [TEST_STEP][PASSED] - x = x.substring(i1, x.length()): null

02-12-2024T02:38:23 - [TEST_STEP][PASSED] - println(x): null

02-12-2024T02:38:23 - [TEST_STEP][PASSED] - i1 = x.indexOf("/") + 1: null

02-12-2024T02:38:23 - [TEST_STEP][PASSED] - if (i1 > -1): null

02-12-2024T02:38:23 - [TEST_STEP][PASSED] - x = x.substring(i1, x.length()): null

02-12-2024T02:38:23 - [TEST_STEP][PASSED] - println(x): null

02-12-2024T02:38:23 - [TEST_STEP][PASSED] - i1 = x.indexOf("/") + 1: null

02-12-2024T02:38:23 - [TEST_STEP][PASSED] - if (i1 > -1): null

02-12-2024T02:38:23 - [TEST_STEP][PASSED] - x = x.substring(i1, x.length()): null

02-12-2024T02:38:23 - [TEST_STEP][PASSED] - println(x): null

02-12-2024T02:38:23 - [TEST_STEP][PASSED] - i1 = x.indexOf("/") + 1: null

02-12-2024T02:38:23 - [TEST_STEP][PASSED] - if (i1 > -1): null

02-12-2024T02:38:23 - [TEST_STEP][PASSED] - x = x.substring(i1, x.length()): null

02-12-2024T02:38:23 - [TEST_STEP][PASSED] - println(x): null

02-12-2024T02:38:23 - [TEST_STEP][PASSED] - i1 = x.indexOf("/") + 1: null

02-12-2024T02:38:23 - [TEST_STEP][PASSED] - if (i1 > -1): null

02-12-2024T02:38:23 - [TEST_STEP][PASSED] - x = x.substring(i1, x.length()): null

02-12-2024T02:38:23 - [TEST_STEP][PASSED] - println(x): null

02-12-2024T02:38:23 - [TEST_STEP][PASSED] - i1 = x.indexOf("/") + 1: null

02-12-2024T02:38:23 - [TEST_STEP][PASSED] - if (i1 > -1): null

02-12-2024T02:38:23 - [TEST_STEP][PASSED] - x = x.substring(i1, x.length()): null

02-12-2024T02:38:23 - [TEST_STEP][PASSED] - println(x): null

02-12-2024T02:38:23 - [TEST_STEP][PASSED] - i1 = x.indexOf("/") + 1: null

02-12-2024T02:38:23 - [TEST_STEP][PASSED] - if (i1 > -1): null

02-12-2024T02:38:23 - [TEST_STEP][PASSED] - x = x.substring(i1, x.length()): null

02-12-2024T02:38:23 - [TEST_STEP][PASSED] - println(x): null

02-12-2024T02:38:23 - [TEST_STEP][PASSED] - i1 = x.indexOf("/"): null

02-12-2024T02:38:23 - [TEST_STEP][PASSED] - if (i1 > -1): null

02-12-2024T02:38:23 - [TEST_STEP][PASSED] - x = x.substring(0, i1): null

02-12-2024T02:38:23 - [TEST_STEP][PASSED] - println(x): null

02-12-2024T02:38:23 - [TEST_STEP][PASSED] - return x: null

02-12-2024T02:38:23 - [TEST_STEP][PASSED] - tabB = GetOiSPlanB(x = b): null

02-12-2024T02:38:23 - [TEST_STEP][PASSED] - i1 = <not implemented yet for class: org.codehaus.groovy.ast.expr.EmptyExpression>: null

02-12-2024T02:38:23 - [TEST_STEP][PASSED] - ii = <not implemented yet for class: org.codehaus.groovy.ast.expr.EmptyExpression>: null

02-12-2024T02:38:23 - [TEST_STEP][PASSED] - for ([ii = 1, ii < 8, (ii++)]): null

02-12-2024T02:38:23 - [TEST_STEP][PASSED] - i1 = x.indexOf("/") + 1: null

02-12-2024T02:38:23 - [TEST_STEP][PASSED] - if (i1 > -1): null

02-12-2024T02:38:23 - [TEST_STEP][PASSED] - x = x.substring(i1, x.length()): null

02-12-2024T02:38:23 - [TEST_STEP][PASSED] - println(x): null

02-12-2024T02:38:23 - [TEST_STEP][PASSED] - i1 = x.indexOf("/") + 1: null

02-12-2024T02:38:23 - [TEST_STEP][PASSED] - if (i1 > -1): null

02-12-2024T02:38:23 - [TEST_STEP][PASSED] - x = x.substring(i1, x.length()): null

02-12-2024T02:38:23 - [TEST_STEP][PASSED] - println(x): null

02-12-2024T02:38:23 - [TEST_STEP][PASSED] - i1 = x.indexOf("/") + 1: null

02-12-2024T02:38:23 - [TEST_STEP][PASSED] - if (i1 > -1): null

02-12-2024T02:38:23 - [TEST_STEP][PASSED] - x = x.substring(i1, x.length()): null

02-12-2024T02:38:23 - [TEST_STEP][PASSED] - println(x): null

02-12-2024T02:38:23 - [TEST_STEP][PASSED] - i1 = x.indexOf("/") + 1: null

02-12-2024T02:38:23 - [TEST_STEP][PASSED] - if (i1 > -1): null

02-12-2024T02:38:23 - [TEST_STEP][PASSED] - x = x.substring(i1, x.length()): null

02-12-2024T02:38:23 - [TEST_STEP][PASSED] - println(x): null

02-12-2024T02:38:23 - [TEST_STEP][PASSED] - i1 = x.indexOf("/") + 1: null

02-12-2024T02:38:23 - [TEST_STEP][PASSED] - if (i1 > -1): null

02-12-2024T02:38:23 - [TEST_STEP][PASSED] - x = x.substring(i1, x.length()): null

02-12-2024T02:38:23 - [TEST_STEP][PASSED] - println(x): null

02-12-2024T02:38:23 - [TEST_STEP][PASSED] - i1 = x.indexOf("/") + 1: null

02-12-2024T02:38:23 - [TEST_STEP][PASSED] - if (i1 > -1): null

02-12-2024T02:38:23 - [TEST_STEP][PASSED] - x = x.substring(i1, x.length()): null

02-12-2024T02:38:23 - [TEST_STEP][PASSED] - println(x): null

02-12-2024T02:38:23 - [TEST_STEP][PASSED] - i1 = x.indexOf("/") + 1: null

02-12-2024T02:38:23 - [TEST_STEP][PASSED] - if (i1 > -1): null

02-12-2024T02:38:23 - [TEST_STEP][PASSED] - x = x.substring(i1, x.length()): null

02-12-2024T02:38:23 - [TEST_STEP][PASSED] - println(x): null

02-12-2024T02:38:23 - [TEST_STEP][PASSED] - i1 = x.indexOf("/"): null

02-12-2024T02:38:23 - [TEST_STEP][PASSED] - if (i1 > -1): null

02-12-2024T02:38:23 - [TEST_STEP][PASSED] - x = x.substring(0, i1): null

02-12-2024T02:38:23 - [TEST_STEP][PASSED] - println(x): null

02-12-2024T02:38:23 - [TEST_STEP][FAILED] - return x: null

02-12-2024T02:38:23 - [TEST_STEP][PASSED] - println(tabR + "/" + tabB): null

02-12-2024T02:38:23 - [TEST_STEP][FAILED] - if (verifyEqual(PercFactR, PercFactB) == false): null

02-12-2024T02:38:23 - [MESSAGE][FAILED] - Unable to verify equal between actual object 'нет данных' and expected object '8.68' (Root cause: com.kms.katalon.core.exception.StepFailedException: Actual object 'нет данных' and expected object '8.68' are not equal
	at com.kms.katalon.core.keyword.builtin.VerifyEqualKeyword$_verifyEqual_closure1.doCall(VerifyEqualKeyword.groovy:58)
	at com.kms.katalon.core.keyword.builtin.VerifyEqualKeyword$_verifyEqual_closure1.call(VerifyEqualKeyword.groovy)
	at com.kms.katalon.core.keyword.internal.KeywordMain.runKeyword(KeywordMain.groovy:75)
	at com.kms.katalon.core.keyword.builtin.VerifyEqualKeyword.verifyEqual(VerifyEqualKeyword.groovy:63)
	at com.kms.katalon.core.keyword.builtin.VerifyEqualKeyword.execute(VerifyEqualKeyword.groovy:44)
	at com.kms.katalon.core.keyword.internal.KeywordExecutor.executeKeywordForPlatform(KeywordExecutor.groovy:74)
	at com.kms.katalon.core.keyword.BuiltinKeywords.verifyEqual(BuiltinKeywords.groovy:146)
	at jdk.internal.reflect.GeneratedMethodAccessor25.invoke(Unknown Source)
	at java.base/jdk.internal.reflect.DelegatingMethodAccessorImpl.invoke(DelegatingMethodAccessorImpl.java:43)
	at Выполнение бизнес-плана сверка дашбордов.CompareDZOData(Выполнение бизнес-плана сверка дашбордов:758)
	at Выполнение бизнес-плана сверка дашбордов.run(Выполнение бизнес-плана сверка дашбордов:603)
	at com.kms.katalon.core.main.ScriptEngine.run(ScriptEngine.java:194)
	at com.kms.katalon.core.main.ScriptEngine.runScriptAsRawText(ScriptEngine.java:119)
	at com.kms.katalon.core.main.TestCaseExecutor.runScript(TestCaseExecutor.java:448)
	at com.kms.katalon.core.main.TestCaseExecutor.doExecute(TestCaseExecutor.java:439)
	at com.kms.katalon.core.main.TestCaseExecutor.processExecutionPhase(TestCaseExecutor.java:418)
	at com.kms.katalon.core.main.TestCaseExecutor.accessMainPhase(TestCaseExecutor.java:410)
	at com.kms.katalon.core.main.TestCaseExecutor.execute(TestCaseExecutor.java:285)
	at com.kms.katalon.core.common.CommonExecutor.accessTestCaseMainPhase(CommonExecutor.java:65)
	at com.kms.katalon.core.main.TestSuiteExecutor.accessTestSuiteMainPhase(TestSuiteExecutor.java:150)
	at com.kms.katalon.core.main.TestSuiteExecutor.execute(TestSuiteExecutor.java:106)
	at com.kms.katalon.core.main.TestCaseMain.startTestSuite(TestCaseMain.java:180)
	at TempTestSuite1733095732962.run(TempTestSuite1733095732962.groovy:35)
	at java.base/jdk.internal.reflect.NativeMethodAccessorImpl.invoke0(Native Method)
	at java.base/jdk.internal.reflect.NativeMethodAccessorImpl.invoke(NativeMethodAccessorImpl.java:77)
	at java.base/jdk.internal.reflect.DelegatingMethodAccessorImpl.invoke(DelegatingMethodAccessorImpl.java:43)
)

02-12-2024T02:38:23 - [TEST_STEP][PASSED] - result = WriteToExcel(typeOfData, todaysDate, PercPlanR, PercPlanB, PercFactR, PercFactB, x, tabR, tabB, o1R, o1B, vidget): null

02-12-2024T02:38:23 - [TEST_STEP][PASSED] - iii = dZO.indexOf("/"): null

02-12-2024T02:38:23 - [TEST_STEP][PASSED] - println(iii): null

02-12-2024T02:38:23 - [TEST_STEP][PASSED] - dZO = dZO.substring(0, iii): null

02-12-2024T02:38:23 - [TEST_STEP][PASSED] - println(dZO): null

02-12-2024T02:38:23 - [TEST_STEP][PASSED] - println(PercPlanR): null

02-12-2024T02:38:23 - [TEST_STEP][PASSED] - println(PercPlanB): null

02-12-2024T02:38:23 - [TEST_STEP][PASSED] - println(PercFactR): null

02-12-2024T02:38:23 - [TEST_STEP][PASSED] - println(PercFactB): null

02-12-2024T02:38:23 - [TEST_STEP][PASSED] - println(tabR): null

02-12-2024T02:38:23 - [TEST_STEP][PASSED] - println(tabB): null

02-12-2024T02:38:23 - [TEST_STEP][PASSED] - println(o1R): null

02-12-2024T02:38:23 - [TEST_STEP][PASSED] - println(o1B): null

02-12-2024T02:38:23 - [TEST_STEP][PASSED] - PR = <not implemented yet for class: org.codehaus.groovy.ast.expr.EmptyExpression>: null

02-12-2024T02:38:23 - [TEST_STEP][PASSED] - FR = <not implemented yet for class: org.codehaus.groovy.ast.expr.EmptyExpression>: null

02-12-2024T02:38:23 - [TEST_STEP][PASSED] - PB = <not implemented yet for class: org.codehaus.groovy.ast.expr.EmptyExpression>: null

02-12-2024T02:38:23 - [TEST_STEP][PASSED] - FB = <not implemented yet for class: org.codehaus.groovy.ast.expr.EmptyExpression>: null

02-12-2024T02:38:23 - [TEST_STEP][PASSED] - TR = <not implemented yet for class: org.codehaus.groovy.ast.expr.EmptyExpression>: null

02-12-2024T02:38:23 - [TEST_STEP][PASSED] - TB = <not implemented yet for class: org.codehaus.groovy.ast.expr.EmptyExpression>: null

02-12-2024T02:38:23 - [TEST_STEP][PASSED] - sheetName = "Sheet1": null

02-12-2024T02:38:23 - [TEST_STEP][PASSED] - data = findTestData("PlanFact"): null

02-12-2024T02:38:23 - [TEST_STEP][PASSED] - n = data.getRowNumbers() + 1: null

02-12-2024T02:38:23 - [TEST_STEP][PASSED] - year = todaysDate.substring(todaysDate.length() - 4, todaysDate.length()): null

02-12-2024T02:38:23 - [TEST_STEP][PASSED] - y = year.toInteger(): null

02-12-2024T02:38:23 - [TEST_STEP][PASSED] - m = getText(findTestObject("Выполнение бизнес-плана/Выполнение бизнес-плана Балансы/Фильтр Дата")): Text of object 'Object Repository/Выполнение бизнес-плана/Выполнение бизнес-плана Балансы/Фильтр Дата' is: '1, 2, 3 кв., Октябрь 2024 года'

02-12-2024T02:38:23 - [MESSAGE][PASSED] - Text of object 'Object Repository/Выполнение бизнес-плана/Выполнение бизнес-плана Балансы/Фильтр Дата' is: '1, 2, 3 кв., Октябрь 2024 года'

02-12-2024T02:38:23 - [TEST_STEP][PASSED] - m = m.substring(0, m.indexOf("2024")): null

02-12-2024T02:38:23 - [TEST_STEP][PASSED] - m = m.trim(): null

02-12-2024T02:38:23 - [TEST_STEP][PASSED] - dashboardName = "Выполнение бизнес-плана": null

02-12-2024T02:38:23 - [TEST_STEP][PASSED] - workbook01 = getWorkbook(excelFilePath): null

02-12-2024T02:38:23 - [TEST_STEP][PASSED] - sheet01 = getExcelSheet(workbook01, sheetName): null

02-12-2024T02:38:23 - [TEST_STEP][PASSED] - setValueToCellByIndex(sheet01, n, 0, dashboardName): null

02-12-2024T02:38:23 - [TEST_STEP][PASSED] - setValueToCellByIndex(sheet01, n, 1, dZO): null

02-12-2024T02:38:23 - [TEST_STEP][PASSED] - setValueToCellByIndex(sheet01, n, 2, typeOfData): null

02-12-2024T02:38:23 - [TEST_STEP][PASSED] - setValueToCellByIndex(sheet01, n, 3, typeOfData): null

02-12-2024T02:38:23 - [TEST_STEP][PASSED] - if (typeOfData == "План"): null

02-12-2024T02:38:23 - [TEST_STEP][PASSED] - else if (typeOfData == "Факт"): null

02-12-2024T02:38:23 - [TEST_STEP][PASSED] - else if (vidget.contains("электроэнергии") == true): null

02-12-2024T02:38:23 - [TEST_STEP][PASSED] - if (tabR == null): null

02-12-2024T02:38:23 - [TEST_STEP][PASSED] - else: null

02-12-2024T02:38:23 - [TEST_STEP][PASSED] - if (tabR == "нет данных"): null

02-12-2024T02:38:23 - [TEST_STEP][PASSED] - setValueToCellByIndex(sheet01, n, 4, "нет данных"): null

02-12-2024T02:38:23 - [TEST_STEP][PASSED] - if (tabB == null): null

02-12-2024T02:38:23 - [TEST_STEP][PASSED] - else: null

02-12-2024T02:38:23 - [TEST_STEP][PASSED] - if (tabB == "нет данных"): null

02-12-2024T02:38:23 - [TEST_STEP][PASSED] - else: null

02-12-2024T02:38:23 - [TEST_STEP][PASSED] - TB = tabB.toInteger(): null

02-12-2024T02:38:23 - [TEST_STEP][PASSED] - setValueToCellByIndex(sheet01, n, 5, TB): null

02-12-2024T02:38:23 - [TEST_STEP][PASSED] - setValueToCellByIndex(sheet01, n, 6, m): null

02-12-2024T02:38:23 - [TEST_STEP][PASSED] - setValueToCellByIndex(sheet01, n, 7, y): null

02-12-2024T02:38:23 - [TEST_STEP][PASSED] - setValueToCellByIndex(sheet01, n, 8, todaysDate): null

02-12-2024T02:38:23 - [TEST_STEP][PASSED] - n = n + 1: null

02-12-2024T02:38:23 - [TEST_STEP][PASSED] - saveWorkbook(excelFilePath, workbook01): null

02-12-2024T02:38:24 - [TEST_STEP][PASSED] - typeOfData = "План Потери": null

02-12-2024T02:38:24 - [TEST_STEP][PASSED] - tabR = GetPPlanR(x = a): null

02-12-2024T02:38:24 - [TEST_STEP][PASSED] - i1 = <not implemented yet for class: org.codehaus.groovy.ast.expr.EmptyExpression>: null

02-12-2024T02:38:24 - [TEST_STEP][PASSED] - ii = <not implemented yet for class: org.codehaus.groovy.ast.expr.EmptyExpression>: null

02-12-2024T02:38:24 - [TEST_STEP][PASSED] - for ([ii = 1, ii < 9, (ii++)]): null

02-12-2024T02:38:24 - [TEST_STEP][PASSED] - i1 = x.indexOf("/") + 1: null

02-12-2024T02:38:24 - [TEST_STEP][PASSED] - if (i1 > -1): null

02-12-2024T02:38:24 - [TEST_STEP][PASSED] - x = x.substring(i1, x.length()): null

02-12-2024T02:38:24 - [TEST_STEP][PASSED] - println(x): null

02-12-2024T02:38:24 - [TEST_STEP][PASSED] - i1 = x.indexOf("/") + 1: null

02-12-2024T02:38:24 - [TEST_STEP][PASSED] - if (i1 > -1): null

02-12-2024T02:38:24 - [TEST_STEP][PASSED] - x = x.substring(i1, x.length()): null

02-12-2024T02:38:24 - [TEST_STEP][PASSED] - println(x): null

02-12-2024T02:38:24 - [TEST_STEP][PASSED] - i1 = x.indexOf("/") + 1: null

02-12-2024T02:38:24 - [TEST_STEP][PASSED] - if (i1 > -1): null

02-12-2024T02:38:24 - [TEST_STEP][PASSED] - x = x.substring(i1, x.length()): null

02-12-2024T02:38:24 - [TEST_STEP][PASSED] - println(x): null

02-12-2024T02:38:24 - [TEST_STEP][PASSED] - i1 = x.indexOf("/") + 1: null

02-12-2024T02:38:24 - [TEST_STEP][PASSED] - if (i1 > -1): null

02-12-2024T02:38:24 - [TEST_STEP][PASSED] - x = x.substring(i1, x.length()): null

02-12-2024T02:38:24 - [TEST_STEP][PASSED] - println(x): null

02-12-2024T02:38:24 - [TEST_STEP][PASSED] - i1 = x.indexOf("/") + 1: null

02-12-2024T02:38:24 - [TEST_STEP][PASSED] - if (i1 > -1): null

02-12-2024T02:38:24 - [TEST_STEP][PASSED] - x = x.substring(i1, x.length()): null

02-12-2024T02:38:24 - [TEST_STEP][PASSED] - println(x): null

02-12-2024T02:38:24 - [TEST_STEP][PASSED] - i1 = x.indexOf("/") + 1: null

02-12-2024T02:38:24 - [TEST_STEP][PASSED] - if (i1 > -1): null

02-12-2024T02:38:24 - [TEST_STEP][PASSED] - x = x.substring(i1, x.length()): null

02-12-2024T02:38:24 - [TEST_STEP][PASSED] - println(x): null

02-12-2024T02:38:24 - [TEST_STEP][PASSED] - i1 = x.indexOf("/") + 1: null

02-12-2024T02:38:24 - [TEST_STEP][PASSED] - if (i1 > -1): null

02-12-2024T02:38:24 - [TEST_STEP][PASSED] - x = x.substring(i1, x.length()): null

02-12-2024T02:38:24 - [TEST_STEP][PASSED] - println(x): null

02-12-2024T02:38:24 - [TEST_STEP][PASSED] - i1 = x.indexOf("/") + 1: null

02-12-2024T02:38:24 - [TEST_STEP][PASSED] - if (i1 > -1): null

02-12-2024T02:38:24 - [TEST_STEP][PASSED] - x = x.substring(i1, x.length()): null

02-12-2024T02:38:24 - [TEST_STEP][PASSED] - println(x): null

02-12-2024T02:38:24 - [TEST_STEP][PASSED] - i1 = x.indexOf("/"): null

02-12-2024T02:38:24 - [TEST_STEP][PASSED] - if (i1 > -1): null

02-12-2024T02:38:24 - [TEST_STEP][PASSED] - x = x.substring(0, i1): null

02-12-2024T02:38:24 - [TEST_STEP][PASSED] - println(x): null

02-12-2024T02:38:24 - [TEST_STEP][PASSED] - return x: null

02-12-2024T02:38:24 - [TEST_STEP][PASSED] - tabB = GetPPlanB(x = b): null

02-12-2024T02:38:24 - [TEST_STEP][PASSED] - i1 = <not implemented yet for class: org.codehaus.groovy.ast.expr.EmptyExpression>: null

02-12-2024T02:38:24 - [TEST_STEP][PASSED] - ii = <not implemented yet for class: org.codehaus.groovy.ast.expr.EmptyExpression>: null

02-12-2024T02:38:24 - [TEST_STEP][PASSED] - for ([ii = 1, ii < 9, (ii++)]): null

02-12-2024T02:38:24 - [TEST_STEP][PASSED] - i1 = x.indexOf("/") + 1: null

02-12-2024T02:38:24 - [TEST_STEP][PASSED] - if (i1 > -1): null

02-12-2024T02:38:24 - [TEST_STEP][PASSED] - x = x.substring(i1, x.length()): null

02-12-2024T02:38:24 - [TEST_STEP][PASSED] - println(x): null

02-12-2024T02:38:24 - [TEST_STEP][PASSED] - i1 = x.indexOf("/") + 1: null

02-12-2024T02:38:24 - [TEST_STEP][PASSED] - if (i1 > -1): null

02-12-2024T02:38:24 - [TEST_STEP][PASSED] - x = x.substring(i1, x.length()): null

02-12-2024T02:38:24 - [TEST_STEP][PASSED] - println(x): null

02-12-2024T02:38:24 - [TEST_STEP][PASSED] - i1 = x.indexOf("/") + 1: null

02-12-2024T02:38:24 - [TEST_STEP][PASSED] - if (i1 > -1): null

02-12-2024T02:38:24 - [TEST_STEP][PASSED] - x = x.substring(i1, x.length()): null

02-12-2024T02:38:24 - [TEST_STEP][PASSED] - println(x): null

02-12-2024T02:38:24 - [TEST_STEP][PASSED] - i1 = x.indexOf("/") + 1: null

02-12-2024T02:38:24 - [TEST_STEP][PASSED] - if (i1 > -1): null

02-12-2024T02:38:24 - [TEST_STEP][PASSED] - x = x.substring(i1, x.length()): null

02-12-2024T02:38:24 - [TEST_STEP][PASSED] - println(x): null

02-12-2024T02:38:24 - [TEST_STEP][PASSED] - i1 = x.indexOf("/") + 1: null

02-12-2024T02:38:24 - [TEST_STEP][PASSED] - if (i1 > -1): null

02-12-2024T02:38:24 - [TEST_STEP][PASSED] - x = x.substring(i1, x.length()): null

02-12-2024T02:38:24 - [TEST_STEP][PASSED] - println(x): null

02-12-2024T02:38:24 - [TEST_STEP][PASSED] - i1 = x.indexOf("/") + 1: null

02-12-2024T02:38:24 - [TEST_STEP][PASSED] - if (i1 > -1): null

02-12-2024T02:38:24 - [TEST_STEP][PASSED] - x = x.substring(i1, x.length()): null

02-12-2024T02:38:24 - [TEST_STEP][PASSED] - println(x): null

02-12-2024T02:38:24 - [TEST_STEP][PASSED] - i1 = x.indexOf("/") + 1: null

02-12-2024T02:38:24 - [TEST_STEP][PASSED] - if (i1 > -1): null

02-12-2024T02:38:24 - [TEST_STEP][PASSED] - x = x.substring(i1, x.length()): null

02-12-2024T02:38:24 - [TEST_STEP][PASSED] - println(x): null

02-12-2024T02:38:24 - [TEST_STEP][PASSED] - i1 = x.indexOf("/") + 1: null

02-12-2024T02:38:24 - [TEST_STEP][PASSED] - if (i1 > -1): null

02-12-2024T02:38:24 - [TEST_STEP][PASSED] - x = x.substring(i1, x.length()): null

02-12-2024T02:38:24 - [TEST_STEP][PASSED] - println(x): null

02-12-2024T02:38:24 - [TEST_STEP][PASSED] - i1 = x.indexOf("/"): null

02-12-2024T02:38:24 - [TEST_STEP][PASSED] - if (i1 > -1): null

02-12-2024T02:38:24 - [TEST_STEP][PASSED] - x = x.substring(0, i1): null

02-12-2024T02:38:24 - [TEST_STEP][PASSED] - println(x): null

02-12-2024T02:38:24 - [TEST_STEP][FAILED] - return x: null

02-12-2024T02:38:24 - [TEST_STEP][PASSED] - println(tabR + "/" + tabB): null

02-12-2024T02:38:24 - [TEST_STEP][FAILED] - if (verifyEqual(PercFactR, PercFactB) == false): null

02-12-2024T02:38:24 - [MESSAGE][FAILED] - Unable to verify equal between actual object 'нет данных' and expected object '8.68' (Root cause: com.kms.katalon.core.exception.StepFailedException: Actual object 'нет данных' and expected object '8.68' are not equal
	at com.kms.katalon.core.keyword.builtin.VerifyEqualKeyword$_verifyEqual_closure1.doCall(VerifyEqualKeyword.groovy:58)
	at com.kms.katalon.core.keyword.builtin.VerifyEqualKeyword$_verifyEqual_closure1.call(VerifyEqualKeyword.groovy)
	at com.kms.katalon.core.keyword.internal.KeywordMain.runKeyword(KeywordMain.groovy:75)
	at com.kms.katalon.core.keyword.builtin.VerifyEqualKeyword.verifyEqual(VerifyEqualKeyword.groovy:63)
	at com.kms.katalon.core.keyword.builtin.VerifyEqualKeyword.execute(VerifyEqualKeyword.groovy:44)
	at com.kms.katalon.core.keyword.internal.KeywordExecutor.executeKeywordForPlatform(KeywordExecutor.groovy:74)
	at com.kms.katalon.core.keyword.BuiltinKeywords.verifyEqual(BuiltinKeywords.groovy:146)
	at jdk.internal.reflect.GeneratedMethodAccessor25.invoke(Unknown Source)
	at java.base/jdk.internal.reflect.DelegatingMethodAccessorImpl.invoke(DelegatingMethodAccessorImpl.java:43)
	at Выполнение бизнес-плана сверка дашбордов.CompareDZOData(Выполнение бизнес-плана сверка дашбордов:771)
	at Выполнение бизнес-плана сверка дашбордов.run(Выполнение бизнес-плана сверка дашбордов:603)
	at com.kms.katalon.core.main.ScriptEngine.run(ScriptEngine.java:194)
	at com.kms.katalon.core.main.ScriptEngine.runScriptAsRawText(ScriptEngine.java:119)
	at com.kms.katalon.core.main.TestCaseExecutor.runScript(TestCaseExecutor.java:448)
	at com.kms.katalon.core.main.TestCaseExecutor.doExecute(TestCaseExecutor.java:439)
	at com.kms.katalon.core.main.TestCaseExecutor.processExecutionPhase(TestCaseExecutor.java:418)
	at com.kms.katalon.core.main.TestCaseExecutor.accessMainPhase(TestCaseExecutor.java:410)
	at com.kms.katalon.core.main.TestCaseExecutor.execute(TestCaseExecutor.java:285)
	at com.kms.katalon.core.common.CommonExecutor.accessTestCaseMainPhase(CommonExecutor.java:65)
	at com.kms.katalon.core.main.TestSuiteExecutor.accessTestSuiteMainPhase(TestSuiteExecutor.java:150)
	at com.kms.katalon.core.main.TestSuiteExecutor.execute(TestSuiteExecutor.java:106)
	at com.kms.katalon.core.main.TestCaseMain.startTestSuite(TestCaseMain.java:180)
	at TempTestSuite1733095732962.run(TempTestSuite1733095732962.groovy:35)
	at java.base/jdk.internal.reflect.NativeMethodAccessorImpl.invoke0(Native Method)
	at java.base/jdk.internal.reflect.NativeMethodAccessorImpl.invoke(NativeMethodAccessorImpl.java:77)
	at java.base/jdk.internal.reflect.DelegatingMethodAccessorImpl.invoke(DelegatingMethodAccessorImpl.java:43)
)

02-12-2024T02:38:24 - [TEST_STEP][PASSED] - result = WriteToExcel(typeOfData, todaysDate, PercPlanR, PercPlanB, PercFactR, PercFactB, x, tabR, tabB, o1R, o1B, vidget): null

02-12-2024T02:38:24 - [TEST_STEP][PASSED] - iii = dZO.indexOf("/"): null

02-12-2024T02:38:24 - [TEST_STEP][PASSED] - println(iii): null

02-12-2024T02:38:24 - [TEST_STEP][PASSED] - dZO = dZO.substring(0, iii): null

02-12-2024T02:38:24 - [TEST_STEP][PASSED] - println(dZO): null

02-12-2024T02:38:24 - [TEST_STEP][PASSED] - println(PercPlanR): null

02-12-2024T02:38:24 - [TEST_STEP][PASSED] - println(PercPlanB): null

02-12-2024T02:38:24 - [TEST_STEP][PASSED] - println(PercFactR): null

02-12-2024T02:38:24 - [TEST_STEP][PASSED] - println(PercFactB): null

02-12-2024T02:38:24 - [TEST_STEP][PASSED] - println(tabR): null

02-12-2024T02:38:24 - [TEST_STEP][PASSED] - println(tabB): null

02-12-2024T02:38:24 - [TEST_STEP][PASSED] - println(o1R): null

02-12-2024T02:38:24 - [TEST_STEP][PASSED] - println(o1B): null

02-12-2024T02:38:24 - [TEST_STEP][PASSED] - PR = <not implemented yet for class: org.codehaus.groovy.ast.expr.EmptyExpression>: null

02-12-2024T02:38:24 - [TEST_STEP][PASSED] - FR = <not implemented yet for class: org.codehaus.groovy.ast.expr.EmptyExpression>: null

02-12-2024T02:38:24 - [TEST_STEP][PASSED] - PB = <not implemented yet for class: org.codehaus.groovy.ast.expr.EmptyExpression>: null

02-12-2024T02:38:24 - [TEST_STEP][PASSED] - FB = <not implemented yet for class: org.codehaus.groovy.ast.expr.EmptyExpression>: null

02-12-2024T02:38:24 - [TEST_STEP][PASSED] - TR = <not implemented yet for class: org.codehaus.groovy.ast.expr.EmptyExpression>: null

02-12-2024T02:38:24 - [TEST_STEP][PASSED] - TB = <not implemented yet for class: org.codehaus.groovy.ast.expr.EmptyExpression>: null

02-12-2024T02:38:24 - [TEST_STEP][PASSED] - sheetName = "Sheet1": null

02-12-2024T02:38:24 - [TEST_STEP][PASSED] - data = findTestData("PlanFact"): null

02-12-2024T02:38:24 - [TEST_STEP][PASSED] - n = data.getRowNumbers() + 1: null

02-12-2024T02:38:24 - [TEST_STEP][PASSED] - year = todaysDate.substring(todaysDate.length() - 4, todaysDate.length()): null

02-12-2024T02:38:24 - [TEST_STEP][PASSED] - y = year.toInteger(): null

02-12-2024T02:38:24 - [TEST_STEP][PASSED] - m = getText(findTestObject("Выполнение бизнес-плана/Выполнение бизнес-плана Балансы/Фильтр Дата")): Text of object 'Object Repository/Выполнение бизнес-плана/Выполнение бизнес-плана Балансы/Фильтр Дата' is: '1, 2, 3 кв., Октябрь 2024 года'

02-12-2024T02:38:24 - [MESSAGE][PASSED] - Text of object 'Object Repository/Выполнение бизнес-плана/Выполнение бизнес-плана Балансы/Фильтр Дата' is: '1, 2, 3 кв., Октябрь 2024 года'

02-12-2024T02:38:24 - [TEST_STEP][PASSED] - m = m.substring(0, m.indexOf("2024")): null

02-12-2024T02:38:24 - [TEST_STEP][PASSED] - m = m.trim(): null

02-12-2024T02:38:24 - [TEST_STEP][PASSED] - dashboardName = "Выполнение бизнес-плана": null

02-12-2024T02:38:24 - [TEST_STEP][PASSED] - workbook01 = getWorkbook(excelFilePath): null

02-12-2024T02:38:24 - [TEST_STEP][PASSED] - sheet01 = getExcelSheet(workbook01, sheetName): null

02-12-2024T02:38:24 - [TEST_STEP][PASSED] - setValueToCellByIndex(sheet01, n, 0, dashboardName): null

02-12-2024T02:38:24 - [TEST_STEP][PASSED] - setValueToCellByIndex(sheet01, n, 1, dZO): null

02-12-2024T02:38:24 - [TEST_STEP][PASSED] - setValueToCellByIndex(sheet01, n, 2, typeOfData): null

02-12-2024T02:38:24 - [TEST_STEP][PASSED] - setValueToCellByIndex(sheet01, n, 3, typeOfData): null

02-12-2024T02:38:24 - [TEST_STEP][PASSED] - if (typeOfData == "План"): null

02-12-2024T02:38:24 - [TEST_STEP][PASSED] - else if (typeOfData == "Факт"): null

02-12-2024T02:38:24 - [TEST_STEP][PASSED] - else if (vidget.contains("электроэнергии") == true): null

02-12-2024T02:38:24 - [TEST_STEP][PASSED] - if (tabR == null): null

02-12-2024T02:38:24 - [TEST_STEP][PASSED] - else: null

02-12-2024T02:38:24 - [TEST_STEP][PASSED] - if (tabR == "нет данных"): null

02-12-2024T02:38:24 - [TEST_STEP][PASSED] - setValueToCellByIndex(sheet01, n, 4, "нет данных"): null

02-12-2024T02:38:24 - [TEST_STEP][PASSED] - if (tabB == null): null

02-12-2024T02:38:24 - [TEST_STEP][PASSED] - else: null

02-12-2024T02:38:24 - [TEST_STEP][PASSED] - if (tabB == "нет данных"): null

02-12-2024T02:38:24 - [TEST_STEP][PASSED] - else: null

02-12-2024T02:38:24 - [TEST_STEP][PASSED] - TB = tabB.toInteger(): null

02-12-2024T02:38:24 - [TEST_STEP][PASSED] - setValueToCellByIndex(sheet01, n, 5, TB): null

02-12-2024T02:38:24 - [TEST_STEP][PASSED] - setValueToCellByIndex(sheet01, n, 6, m): null

02-12-2024T02:38:24 - [TEST_STEP][PASSED] - setValueToCellByIndex(sheet01, n, 7, y): null

02-12-2024T02:38:24 - [TEST_STEP][PASSED] - setValueToCellByIndex(sheet01, n, 8, todaysDate): null

02-12-2024T02:38:24 - [TEST_STEP][PASSED] - n = n + 1: null

02-12-2024T02:38:24 - [TEST_STEP][PASSED] - saveWorkbook(excelFilePath, workbook01): null

02-12-2024T02:38:24 - [TEST_STEP][PASSED] - ii2 = a.indexOf("ПАО"): null

02-12-2024T02:38:24 - [TEST_STEP][PASSED] - if (ii2 == -1): null

02-12-2024T02:38:24 - [TEST_STEP][PASSED] - vidget = "Отклонения фактического уровня потерь от бизнес-плана": null

02-12-2024T02:38:24 - [TEST_STEP][PASSED] - typeOfData = "Коэффициент": null

02-12-2024T02:38:24 - [TEST_STEP][PASSED] - o1R = Geto1R(x = a): null

02-12-2024T02:38:24 - [TEST_STEP][PASSED] - i1 = <not implemented yet for class: org.codehaus.groovy.ast.expr.EmptyExpression>: null

02-12-2024T02:38:24 - [TEST_STEP][PASSED] - ii = <not implemented yet for class: org.codehaus.groovy.ast.expr.EmptyExpression>: null

02-12-2024T02:38:24 - [TEST_STEP][PASSED] - for ([ii = 1, ii < 10, (ii++)]): null

02-12-2024T02:38:24 - [TEST_STEP][PASSED] - i1 = x.indexOf("/") + 1: null

02-12-2024T02:38:24 - [TEST_STEP][PASSED] - if (i1 > -1): null

02-12-2024T02:38:24 - [TEST_STEP][PASSED] - x = x.substring(i1, x.length()): null

02-12-2024T02:38:24 - [TEST_STEP][PASSED] - i1 = x.indexOf("/") + 1: null

02-12-2024T02:38:24 - [TEST_STEP][PASSED] - if (i1 > -1): null

02-12-2024T02:38:24 - [TEST_STEP][PASSED] - x = x.substring(i1, x.length()): null

02-12-2024T02:38:24 - [TEST_STEP][PASSED] - i1 = x.indexOf("/") + 1: null

02-12-2024T02:38:24 - [TEST_STEP][PASSED] - if (i1 > -1): null

02-12-2024T02:38:24 - [TEST_STEP][PASSED] - x = x.substring(i1, x.length()): null

02-12-2024T02:38:24 - [TEST_STEP][PASSED] - i1 = x.indexOf("/") + 1: null

02-12-2024T02:38:24 - [TEST_STEP][PASSED] - if (i1 > -1): null

02-12-2024T02:38:24 - [TEST_STEP][PASSED] - x = x.substring(i1, x.length()): null

02-12-2024T02:38:24 - [TEST_STEP][PASSED] - i1 = x.indexOf("/") + 1: null

02-12-2024T02:38:24 - [TEST_STEP][PASSED] - if (i1 > -1): null

02-12-2024T02:38:24 - [TEST_STEP][PASSED] - x = x.substring(i1, x.length()): null

02-12-2024T02:38:24 - [TEST_STEP][PASSED] - i1 = x.indexOf("/") + 1: null

02-12-2024T02:38:24 - [TEST_STEP][PASSED] - if (i1 > -1): null

02-12-2024T02:38:24 - [TEST_STEP][PASSED] - x = x.substring(i1, x.length()): null

02-12-2024T02:38:24 - [TEST_STEP][PASSED] - i1 = x.indexOf("/") + 1: null

02-12-2024T02:38:24 - [TEST_STEP][PASSED] - if (i1 > -1): null

02-12-2024T02:38:24 - [TEST_STEP][PASSED] - x = x.substring(i1, x.length()): null

02-12-2024T02:38:24 - [TEST_STEP][PASSED] - i1 = x.indexOf("/") + 1: null

02-12-2024T02:38:24 - [TEST_STEP][PASSED] - if (i1 > -1): null

02-12-2024T02:38:24 - [TEST_STEP][PASSED] - x = x.substring(i1, x.length()): null

02-12-2024T02:38:24 - [TEST_STEP][PASSED] - i1 = x.indexOf("/") + 1: null

02-12-2024T02:38:24 - [TEST_STEP][PASSED] - if (i1 > -1): null

02-12-2024T02:38:24 - [TEST_STEP][PASSED] - x = x.substring(i1, x.length()): null

02-12-2024T02:38:24 - [TEST_STEP][PASSED] - i1 = x.indexOf("/"): null

02-12-2024T02:38:24 - [TEST_STEP][PASSED] - if (i1 > -1): null

02-12-2024T02:38:24 - [TEST_STEP][PASSED] - println(x): null

02-12-2024T02:38:24 - [TEST_STEP][PASSED] - return x: null

02-12-2024T02:38:24 - [TEST_STEP][PASSED] - o1B = Geto1B(x = b): null

02-12-2024T02:38:24 - [TEST_STEP][PASSED] - i1 = <not implemented yet for class: org.codehaus.groovy.ast.expr.EmptyExpression>: null

02-12-2024T02:38:24 - [TEST_STEP][PASSED] - ii = <not implemented yet for class: org.codehaus.groovy.ast.expr.EmptyExpression>: null

02-12-2024T02:38:24 - [TEST_STEP][PASSED] - for ([ii = 1, ii < 10, (ii++)]): null

02-12-2024T02:38:24 - [TEST_STEP][PASSED] - i1 = x.indexOf("/") + 1: null

02-12-2024T02:38:24 - [TEST_STEP][PASSED] - if (i1 > -1): null

02-12-2024T02:38:24 - [TEST_STEP][PASSED] - x = x.substring(i1, x.length()): null

02-12-2024T02:38:24 - [TEST_STEP][PASSED] - i1 = x.indexOf("/") + 1: null

02-12-2024T02:38:24 - [TEST_STEP][PASSED] - if (i1 > -1): null

02-12-2024T02:38:24 - [TEST_STEP][PASSED] - x = x.substring(i1, x.length()): null

02-12-2024T02:38:24 - [TEST_STEP][PASSED] - i1 = x.indexOf("/") + 1: null

02-12-2024T02:38:24 - [TEST_STEP][PASSED] - if (i1 > -1): null

02-12-2024T02:38:24 - [TEST_STEP][PASSED] - x = x.substring(i1, x.length()): null

02-12-2024T02:38:24 - [TEST_STEP][PASSED] - i1 = x.indexOf("/") + 1: null

02-12-2024T02:38:24 - [TEST_STEP][PASSED] - if (i1 > -1): null

02-12-2024T02:38:24 - [TEST_STEP][PASSED] - x = x.substring(i1, x.length()): null

02-12-2024T02:38:24 - [TEST_STEP][PASSED] - i1 = x.indexOf("/") + 1: null

02-12-2024T02:38:24 - [TEST_STEP][PASSED] - if (i1 > -1): null

02-12-2024T02:38:24 - [TEST_STEP][PASSED] - x = x.substring(i1, x.length()): null

02-12-2024T02:38:24 - [TEST_STEP][PASSED] - i1 = x.indexOf("/") + 1: null

02-12-2024T02:38:24 - [TEST_STEP][PASSED] - if (i1 > -1): null

02-12-2024T02:38:24 - [TEST_STEP][PASSED] - x = x.substring(i1, x.length()): null

02-12-2024T02:38:24 - [TEST_STEP][PASSED] - i1 = x.indexOf("/") + 1: null

02-12-2024T02:38:24 - [TEST_STEP][PASSED] - if (i1 > -1): null

02-12-2024T02:38:24 - [TEST_STEP][PASSED] - x = x.substring(i1, x.length()): null

02-12-2024T02:38:24 - [TEST_STEP][PASSED] - i1 = x.indexOf("/") + 1: null

02-12-2024T02:38:24 - [TEST_STEP][PASSED] - if (i1 > -1): null

02-12-2024T02:38:24 - [TEST_STEP][PASSED] - x = x.substring(i1, x.length()): null

02-12-2024T02:38:24 - [TEST_STEP][PASSED] - i1 = x.indexOf("/") + 1: null

02-12-2024T02:38:24 - [TEST_STEP][PASSED] - if (i1 > -1): null

02-12-2024T02:38:24 - [TEST_STEP][PASSED] - x = x.substring(i1, x.length()): null

02-12-2024T02:38:24 - [TEST_STEP][PASSED] - i1 = x.indexOf("/"): null

02-12-2024T02:38:24 - [TEST_STEP][PASSED] - if (i1 > -1): null

02-12-2024T02:38:24 - [TEST_STEP][PASSED] - println(x): null

02-12-2024T02:38:24 - [TEST_STEP][FAILED] - return x: null

02-12-2024T02:38:24 - [TEST_STEP][PASSED] - println(o1R + "/" + o1B): null

02-12-2024T02:38:24 - [TEST_STEP][FAILED] - if (verifyEqual(PercFactR, PercFactB) == false): null

02-12-2024T02:38:24 - [MESSAGE][FAILED] - Unable to verify equal between actual object 'нет данных' and expected object '8.68' (Root cause: com.kms.katalon.core.exception.StepFailedException: Actual object 'нет данных' and expected object '8.68' are not equal
	at com.kms.katalon.core.keyword.builtin.VerifyEqualKeyword$_verifyEqual_closure1.doCall(VerifyEqualKeyword.groovy:58)
	at com.kms.katalon.core.keyword.builtin.VerifyEqualKeyword$_verifyEqual_closure1.call(VerifyEqualKeyword.groovy)
	at com.kms.katalon.core.keyword.internal.KeywordMain.runKeyword(KeywordMain.groovy:75)
	at com.kms.katalon.core.keyword.builtin.VerifyEqualKeyword.verifyEqual(VerifyEqualKeyword.groovy:63)
	at com.kms.katalon.core.keyword.builtin.VerifyEqualKeyword.execute(VerifyEqualKeyword.groovy:44)
	at com.kms.katalon.core.keyword.internal.KeywordExecutor.executeKeywordForPlatform(KeywordExecutor.groovy:74)
	at com.kms.katalon.core.keyword.BuiltinKeywords.verifyEqual(BuiltinKeywords.groovy:146)
	at jdk.internal.reflect.GeneratedMethodAccessor25.invoke(Unknown Source)
	at java.base/jdk.internal.reflect.DelegatingMethodAccessorImpl.invoke(DelegatingMethodAccessorImpl.java:43)
	at Выполнение бизнес-плана сверка дашбордов.CompareDZOData(Выполнение бизнес-плана сверка дашбордов:789)
	at Выполнение бизнес-плана сверка дашбордов.run(Выполнение бизнес-плана сверка дашбордов:603)
	at com.kms.katalon.core.main.ScriptEngine.run(ScriptEngine.java:194)
	at com.kms.katalon.core.main.ScriptEngine.runScriptAsRawText(ScriptEngine.java:119)
	at com.kms.katalon.core.main.TestCaseExecutor.runScript(TestCaseExecutor.java:448)
	at com.kms.katalon.core.main.TestCaseExecutor.doExecute(TestCaseExecutor.java:439)
	at com.kms.katalon.core.main.TestCaseExecutor.processExecutionPhase(TestCaseExecutor.java:418)
	at com.kms.katalon.core.main.TestCaseExecutor.accessMainPhase(TestCaseExecutor.java:410)
	at com.kms.katalon.core.main.TestCaseExecutor.execute(TestCaseExecutor.java:285)
	at com.kms.katalon.core.common.CommonExecutor.accessTestCaseMainPhase(CommonExecutor.java:65)
	at com.kms.katalon.core.main.TestSuiteExecutor.accessTestSuiteMainPhase(TestSuiteExecutor.java:150)
	at com.kms.katalon.core.main.TestSuiteExecutor.execute(TestSuiteExecutor.java:106)
	at com.kms.katalon.core.main.TestCaseMain.startTestSuite(TestCaseMain.java:180)
	at TempTestSuite1733095732962.run(TempTestSuite1733095732962.groovy:35)
	at java.base/jdk.internal.reflect.NativeMethodAccessorImpl.invoke0(Native Method)
	at java.base/jdk.internal.reflect.NativeMethodAccessorImpl.invoke(NativeMethodAccessorImpl.java:77)
	at java.base/jdk.internal.reflect.DelegatingMethodAccessorImpl.invoke(DelegatingMethodAccessorImpl.java:43)
)

02-12-2024T02:38:24 - [TEST_STEP][PASSED] - result = WriteToExcel(typeOfData, todaysDate, PercPlanR, PercPlanB, PercFactR, PercFactB, x, tabR, tabB, o1R, o1B, vidget): null

02-12-2024T02:38:24 - [TEST_STEP][PASSED] - iii = dZO.indexOf("/"): null

02-12-2024T02:38:24 - [TEST_STEP][PASSED] - println(iii): null

02-12-2024T02:38:24 - [TEST_STEP][PASSED] - dZO = dZO.substring(0, iii): null

02-12-2024T02:38:24 - [TEST_STEP][PASSED] - println(dZO): null

02-12-2024T02:38:24 - [TEST_STEP][PASSED] - println(PercPlanR): null

02-12-2024T02:38:24 - [TEST_STEP][PASSED] - println(PercPlanB): null

02-12-2024T02:38:24 - [TEST_STEP][PASSED] - println(PercFactR): null

02-12-2024T02:38:24 - [TEST_STEP][PASSED] - println(PercFactB): null

02-12-2024T02:38:24 - [TEST_STEP][PASSED] - println(tabR): null

02-12-2024T02:38:24 - [TEST_STEP][PASSED] - println(tabB): null

02-12-2024T02:38:24 - [TEST_STEP][PASSED] - println(o1R): null

02-12-2024T02:38:24 - [TEST_STEP][PASSED] - println(o1B): null

02-12-2024T02:38:24 - [TEST_STEP][PASSED] - PR = <not implemented yet for class: org.codehaus.groovy.ast.expr.EmptyExpression>: null

02-12-2024T02:38:24 - [TEST_STEP][PASSED] - FR = <not implemented yet for class: org.codehaus.groovy.ast.expr.EmptyExpression>: null

02-12-2024T02:38:24 - [TEST_STEP][PASSED] - PB = <not implemented yet for class: org.codehaus.groovy.ast.expr.EmptyExpression>: null

02-12-2024T02:38:24 - [TEST_STEP][PASSED] - FB = <not implemented yet for class: org.codehaus.groovy.ast.expr.EmptyExpression>: null

02-12-2024T02:38:24 - [TEST_STEP][PASSED] - TR = <not implemented yet for class: org.codehaus.groovy.ast.expr.EmptyExpression>: null

02-12-2024T02:38:24 - [TEST_STEP][PASSED] - TB = <not implemented yet for class: org.codehaus.groovy.ast.expr.EmptyExpression>: null

02-12-2024T02:38:24 - [TEST_STEP][PASSED] - sheetName = "Sheet1": null

02-12-2024T02:38:24 - [TEST_STEP][PASSED] - data = findTestData("PlanFact"): null

02-12-2024T02:38:24 - [TEST_STEP][PASSED] - n = data.getRowNumbers() + 1: null

02-12-2024T02:38:24 - [TEST_STEP][PASSED] - year = todaysDate.substring(todaysDate.length() - 4, todaysDate.length()): null

02-12-2024T02:38:24 - [TEST_STEP][PASSED] - y = year.toInteger(): null

02-12-2024T02:38:24 - [TEST_STEP][PASSED] - m = getText(findTestObject("Выполнение бизнес-плана/Выполнение бизнес-плана Балансы/Фильтр Дата")): Text of object 'Object Repository/Выполнение бизнес-плана/Выполнение бизнес-плана Балансы/Фильтр Дата' is: '1, 2, 3 кв., Октябрь 2024 года'

02-12-2024T02:38:25 - [MESSAGE][PASSED] - Text of object 'Object Repository/Выполнение бизнес-плана/Выполнение бизнес-плана Балансы/Фильтр Дата' is: '1, 2, 3 кв., Октябрь 2024 года'

02-12-2024T02:38:25 - [TEST_STEP][PASSED] - m = m.substring(0, m.indexOf("2024")): null

02-12-2024T02:38:25 - [TEST_STEP][PASSED] - m = m.trim(): null

02-12-2024T02:38:25 - [TEST_STEP][PASSED] - dashboardName = "Выполнение бизнес-плана": null

02-12-2024T02:38:25 - [TEST_STEP][PASSED] - workbook01 = getWorkbook(excelFilePath): null

02-12-2024T02:38:25 - [TEST_STEP][PASSED] - sheet01 = getExcelSheet(workbook01, sheetName): null

02-12-2024T02:38:25 - [TEST_STEP][PASSED] - setValueToCellByIndex(sheet01, n, 0, dashboardName): null

02-12-2024T02:38:25 - [TEST_STEP][PASSED] - setValueToCellByIndex(sheet01, n, 1, dZO): null

02-12-2024T02:38:25 - [TEST_STEP][PASSED] - setValueToCellByIndex(sheet01, n, 2, typeOfData): null

02-12-2024T02:38:25 - [TEST_STEP][PASSED] - setValueToCellByIndex(sheet01, n, 3, typeOfData): null

02-12-2024T02:38:25 - [TEST_STEP][PASSED] - if (typeOfData == "План"): null

02-12-2024T02:38:25 - [TEST_STEP][PASSED] - else if (typeOfData == "Факт"): null

02-12-2024T02:38:25 - [TEST_STEP][PASSED] - else if (vidget.contains("электроэнергии") == true): null

02-12-2024T02:38:25 - [TEST_STEP][PASSED] - else: null

02-12-2024T02:38:25 - [TEST_STEP][PASSED] - if (o1R == null): null

02-12-2024T02:38:25 - [TEST_STEP][PASSED] - else: null

02-12-2024T02:38:25 - [TEST_STEP][PASSED] - if (o1R == "нет данных"): null

02-12-2024T02:38:25 - [TEST_STEP][PASSED] - setValueToCellByIndex(sheet01, n, 4, "нет данных"): null

02-12-2024T02:38:25 - [TEST_STEP][PASSED] - if (o1B == null): null

02-12-2024T02:38:25 - [TEST_STEP][PASSED] - else: null

02-12-2024T02:38:25 - [TEST_STEP][PASSED] - if (o1B == "нет данных"): null

02-12-2024T02:38:25 - [TEST_STEP][PASSED] - else: null

02-12-2024T02:38:25 - [TEST_STEP][PASSED] - FB = o1B.toDouble(): null

02-12-2024T02:38:25 - [TEST_STEP][PASSED] - setValueToCellByIndex(sheet01, n, 5, FB): null

02-12-2024T02:38:25 - [TEST_STEP][PASSED] - setValueToCellByIndex(sheet01, n, 6, m): null

02-12-2024T02:38:25 - [TEST_STEP][PASSED] - setValueToCellByIndex(sheet01, n, 7, y): null

02-12-2024T02:38:25 - [TEST_STEP][PASSED] - setValueToCellByIndex(sheet01, n, 8, todaysDate): null

02-12-2024T02:38:25 - [TEST_STEP][PASSED] - n = n + 1: null

02-12-2024T02:38:25 - [TEST_STEP][FAILED] - saveWorkbook(excelFilePath, workbook01): null

02-12-2024T02:38:25 - [TEST_STEP][FAILED] - if (verifyEqual(lR, lB) == false): null

02-12-2024T02:38:25 - [MESSAGE][FAILED] - Unable to verify equal between actual object 'Россети Ленэнерго (ГК)/нет данных/нет данных/нет данных/нет данных/нет данных/нет данных/нет данных/нет данных/нет данных' and expected object 'Россети Ленэнерго (ГК)/10.63/10.72/31469202/28096239/3372962/30053986/26859673/3194313/0.09' (Root cause: com.kms.katalon.core.exception.StepFailedException: Actual object 'Россети Ленэнерго (ГК)/нет данных/нет данных/нет данных/нет данных/нет данных/нет данных/нет данных/нет данных/нет данных' and expected object 'Россети Ленэнерго (ГК)/10.63/10.72/31469202/28096239/3372962/30053986/26859673/3194313/0.09' are not equal
	at com.kms.katalon.core.keyword.builtin.VerifyEqualKeyword$_verifyEqual_closure1.doCall(VerifyEqualKeyword.groovy:58)
	at com.kms.katalon.core.keyword.builtin.VerifyEqualKeyword$_verifyEqual_closure1.call(VerifyEqualKeyword.groovy)
	at com.kms.katalon.core.keyword.internal.KeywordMain.runKeyword(KeywordMain.groovy:75)
	at com.kms.katalon.core.keyword.builtin.VerifyEqualKeyword.verifyEqual(VerifyEqualKeyword.groovy:63)
	at com.kms.katalon.core.keyword.builtin.VerifyEqualKeyword.execute(VerifyEqualKeyword.groovy:44)
	at com.kms.katalon.core.keyword.internal.KeywordExecutor.executeKeywordForPlatform(KeywordExecutor.groovy:74)
	at com.kms.katalon.core.keyword.BuiltinKeywords.verifyEqual(BuiltinKeywords.groovy:146)
	at jdk.internal.reflect.GeneratedMethodAccessor25.invoke(Unknown Source)
	at java.base/jdk.internal.reflect.DelegatingMethodAccessorImpl.invoke(DelegatingMethodAccessorImpl.java:43)
	at Выполнение бизнес-плана сверка дашбордов.run(Выполнение бизнес-плана сверка дашбордов:607)
	at com.kms.katalon.core.main.ScriptEngine.run(ScriptEngine.java:194)
	at com.kms.katalon.core.main.ScriptEngine.runScriptAsRawText(ScriptEngine.java:119)
	at com.kms.katalon.core.main.TestCaseExecutor.runScript(TestCaseExecutor.java:448)
	at com.kms.katalon.core.main.TestCaseExecutor.doExecute(TestCaseExecutor.java:439)
	at com.kms.katalon.core.main.TestCaseExecutor.processExecutionPhase(TestCaseExecutor.java:418)
	at com.kms.katalon.core.main.TestCaseExecutor.accessMainPhase(TestCaseExecutor.java:410)
	at com.kms.katalon.core.main.TestCaseExecutor.execute(TestCaseExecutor.java:285)
	at com.kms.katalon.core.common.CommonExecutor.accessTestCaseMainPhase(CommonExecutor.java:65)
	at com.kms.katalon.core.main.TestSuiteExecutor.accessTestSuiteMainPhase(TestSuiteExecutor.java:150)
	at com.kms.katalon.core.main.TestSuiteExecutor.execute(TestSuiteExecutor.java:106)
	at com.kms.katalon.core.main.TestCaseMain.startTestSuite(TestCaseMain.java:180)
	at TempTestSuite1733095732962.run(TempTestSuite1733095732962.groovy:35)
	at java.base/jdk.internal.reflect.NativeMethodAccessorImpl.invoke0(Native Method)
	at java.base/jdk.internal.reflect.NativeMethodAccessorImpl.invoke(NativeMethodAccessorImpl.java:77)
	at java.base/jdk.internal.reflect.DelegatingMethodAccessorImpl.invoke(DelegatingMethodAccessorImpl.java:43)
)

02-12-2024T02:38:25 - [TEST_STEP][PASSED] - result = CompareDZOData(a = lR, b = lB, dZO, typeOfData, PercPlanR, PercPlanB, PercFactR, PercFactB, todaysDate, x, vidget, tabR, tabB, o1R, o1B): null

02-12-2024T02:38:25 - [TEST_STEP][PASSED] - ii2 = <not implemented yet for class: org.codehaus.groovy.ast.expr.EmptyExpression>: null

02-12-2024T02:38:25 - [TEST_STEP][FAILED] - if (verifyEqual(a, b) == false): null

02-12-2024T02:38:25 - [MESSAGE][FAILED] - Unable to verify equal between actual object 'Россети Ленэнерго (ГК)/нет данных/нет данных/нет данных/нет данных/нет данных/нет данных/нет данных/нет данных/нет данных' and expected object 'Россети Ленэнерго (ГК)/10.63/10.72/31469202/28096239/3372962/30053986/26859673/3194313/0.09' (Root cause: com.kms.katalon.core.exception.StepFailedException: Actual object 'Россети Ленэнерго (ГК)/нет данных/нет данных/нет данных/нет данных/нет данных/нет данных/нет данных/нет данных/нет данных' and expected object 'Россети Ленэнерго (ГК)/10.63/10.72/31469202/28096239/3372962/30053986/26859673/3194313/0.09' are not equal
	at com.kms.katalon.core.keyword.builtin.VerifyEqualKeyword$_verifyEqual_closure1.doCall(VerifyEqualKeyword.groovy:58)
	at com.kms.katalon.core.keyword.builtin.VerifyEqualKeyword$_verifyEqual_closure1.call(VerifyEqualKeyword.groovy)
	at com.kms.katalon.core.keyword.internal.KeywordMain.runKeyword(KeywordMain.groovy:75)
	at com.kms.katalon.core.keyword.builtin.VerifyEqualKeyword.verifyEqual(VerifyEqualKeyword.groovy:63)
	at com.kms.katalon.core.keyword.builtin.VerifyEqualKeyword.execute(VerifyEqualKeyword.groovy:44)
	at com.kms.katalon.core.keyword.internal.KeywordExecutor.executeKeywordForPlatform(KeywordExecutor.groovy:74)
	at com.kms.katalon.core.keyword.BuiltinKeywords.verifyEqual(BuiltinKeywords.groovy:146)
	at jdk.internal.reflect.GeneratedMethodAccessor25.invoke(Unknown Source)
	at java.base/jdk.internal.reflect.DelegatingMethodAccessorImpl.invoke(DelegatingMethodAccessorImpl.java:43)
	at Выполнение бизнес-плана сверка дашбордов.CompareDZOData(Выполнение бизнес-плана сверка дашбордов:673)
	at Выполнение бизнес-плана сверка дашбордов.run(Выполнение бизнес-плана сверка дашбордов:608)
	at com.kms.katalon.core.main.ScriptEngine.run(ScriptEngine.java:194)
	at com.kms.katalon.core.main.ScriptEngine.runScriptAsRawText(ScriptEngine.java:119)
	at com.kms.katalon.core.main.TestCaseExecutor.runScript(TestCaseExecutor.java:448)
	at com.kms.katalon.core.main.TestCaseExecutor.doExecute(TestCaseExecutor.java:439)
	at com.kms.katalon.core.main.TestCaseExecutor.processExecutionPhase(TestCaseExecutor.java:418)
	at com.kms.katalon.core.main.TestCaseExecutor.accessMainPhase(TestCaseExecutor.java:410)
	at com.kms.katalon.core.main.TestCaseExecutor.execute(TestCaseExecutor.java:285)
	at com.kms.katalon.core.common.CommonExecutor.accessTestCaseMainPhase(CommonExecutor.java:65)
	at com.kms.katalon.core.main.TestSuiteExecutor.accessTestSuiteMainPhase(TestSuiteExecutor.java:150)
	at com.kms.katalon.core.main.TestSuiteExecutor.execute(TestSuiteExecutor.java:106)
	at com.kms.katalon.core.main.TestCaseMain.startTestSuite(TestCaseMain.java:180)
	at TempTestSuite1733095732962.run(TempTestSuite1733095732962.groovy:35)
	at java.base/jdk.internal.reflect.NativeMethodAccessorImpl.invoke0(Native Method)
	at java.base/jdk.internal.reflect.NativeMethodAccessorImpl.invoke(NativeMethodAccessorImpl.java:77)
	at java.base/jdk.internal.reflect.DelegatingMethodAccessorImpl.invoke(DelegatingMethodAccessorImpl.java:43)
)

02-12-2024T02:38:25 - [TEST_STEP][PASSED] - vidget = "Уровень потерь электроэнергии": null

02-12-2024T02:38:25 - [TEST_STEP][PASSED] - typeOfData = "План": null

02-12-2024T02:38:25 - [TEST_STEP][PASSED] - PercPlanR = GetPercPlanR(x = a): null

02-12-2024T02:38:25 - [TEST_STEP][PASSED] - i1 = <not implemented yet for class: org.codehaus.groovy.ast.expr.EmptyExpression>: null

02-12-2024T02:38:25 - [TEST_STEP][PASSED] - i1 = x.indexOf("/") + 1: null

02-12-2024T02:38:25 - [TEST_STEP][PASSED] - if (i1 > -1): null

02-12-2024T02:38:25 - [TEST_STEP][PASSED] - x = x.substring(i1, x.length()): null

02-12-2024T02:38:25 - [TEST_STEP][PASSED] - i1 = x.indexOf("/"): null

02-12-2024T02:38:25 - [TEST_STEP][PASSED] - if (i1 > -1): null

02-12-2024T02:38:25 - [TEST_STEP][PASSED] - x = x.substring(0, i1): null

02-12-2024T02:38:25 - [TEST_STEP][PASSED] - return x: null

02-12-2024T02:38:25 - [TEST_STEP][PASSED] - PercPlanB = GetPercPlanB(x = b): null

02-12-2024T02:38:25 - [TEST_STEP][PASSED] - i1 = <not implemented yet for class: org.codehaus.groovy.ast.expr.EmptyExpression>: null

02-12-2024T02:38:25 - [TEST_STEP][PASSED] - i1 = x.indexOf("/") + 1: null

02-12-2024T02:38:25 - [TEST_STEP][PASSED] - if (i1 > -1): null

02-12-2024T02:38:25 - [TEST_STEP][PASSED] - x = x.substring(i1, x.length()): null

02-12-2024T02:38:25 - [TEST_STEP][PASSED] - i1 = x.indexOf("/"): null

02-12-2024T02:38:25 - [TEST_STEP][PASSED] - if (i1 > -1): null

02-12-2024T02:38:25 - [TEST_STEP][PASSED] - x = x.substring(0, i1): null

02-12-2024T02:38:25 - [TEST_STEP][FAILED] - return x: null

02-12-2024T02:38:25 - [TEST_STEP][FAILED] - if (verifyEqual(PercPlanR, PercPlanB) == false): null

02-12-2024T02:38:25 - [MESSAGE][FAILED] - Unable to verify equal between actual object 'нет данных' and expected object '10.63' (Root cause: com.kms.katalon.core.exception.StepFailedException: Actual object 'нет данных' and expected object '10.63' are not equal
	at com.kms.katalon.core.keyword.builtin.VerifyEqualKeyword$_verifyEqual_closure1.doCall(VerifyEqualKeyword.groovy:58)
	at com.kms.katalon.core.keyword.builtin.VerifyEqualKeyword$_verifyEqual_closure1.call(VerifyEqualKeyword.groovy)
	at com.kms.katalon.core.keyword.internal.KeywordMain.runKeyword(KeywordMain.groovy:75)
	at com.kms.katalon.core.keyword.builtin.VerifyEqualKeyword.verifyEqual(VerifyEqualKeyword.groovy:63)
	at com.kms.katalon.core.keyword.builtin.VerifyEqualKeyword.execute(VerifyEqualKeyword.groovy:44)
	at com.kms.katalon.core.keyword.internal.KeywordExecutor.executeKeywordForPlatform(KeywordExecutor.groovy:74)
	at com.kms.katalon.core.keyword.BuiltinKeywords.verifyEqual(BuiltinKeywords.groovy:146)
	at jdk.internal.reflect.GeneratedMethodAccessor25.invoke(Unknown Source)
	at java.base/jdk.internal.reflect.DelegatingMethodAccessorImpl.invoke(DelegatingMethodAccessorImpl.java:43)
	at Выполнение бизнес-плана сверка дашбордов.CompareDZOData(Выполнение бизнес-плана сверка дашбордов:682)
	at Выполнение бизнес-плана сверка дашбордов.run(Выполнение бизнес-плана сверка дашбордов:608)
	at com.kms.katalon.core.main.ScriptEngine.run(ScriptEngine.java:194)
	at com.kms.katalon.core.main.ScriptEngine.runScriptAsRawText(ScriptEngine.java:119)
	at com.kms.katalon.core.main.TestCaseExecutor.runScript(TestCaseExecutor.java:448)
	at com.kms.katalon.core.main.TestCaseExecutor.doExecute(TestCaseExecutor.java:439)
	at com.kms.katalon.core.main.TestCaseExecutor.processExecutionPhase(TestCaseExecutor.java:418)
	at com.kms.katalon.core.main.TestCaseExecutor.accessMainPhase(TestCaseExecutor.java:410)
	at com.kms.katalon.core.main.TestCaseExecutor.execute(TestCaseExecutor.java:285)
	at com.kms.katalon.core.common.CommonExecutor.accessTestCaseMainPhase(CommonExecutor.java:65)
	at com.kms.katalon.core.main.TestSuiteExecutor.accessTestSuiteMainPhase(TestSuiteExecutor.java:150)
	at com.kms.katalon.core.main.TestSuiteExecutor.execute(TestSuiteExecutor.java:106)
	at com.kms.katalon.core.main.TestCaseMain.startTestSuite(TestCaseMain.java:180)
	at TempTestSuite1733095732962.run(TempTestSuite1733095732962.groovy:35)
	at java.base/jdk.internal.reflect.NativeMethodAccessorImpl.invoke0(Native Method)
	at java.base/jdk.internal.reflect.NativeMethodAccessorImpl.invoke(NativeMethodAccessorImpl.java:77)
	at java.base/jdk.internal.reflect.DelegatingMethodAccessorImpl.invoke(DelegatingMethodAccessorImpl.java:43)
)

02-12-2024T02:38:25 - [TEST_STEP][PASSED] - result = WriteToExcel(typeOfData, todaysDate, PercPlanR, PercPlanB, PercFactR, PercFactB, x, tabR, tabB, o1R, o1B, vidget): null

02-12-2024T02:38:25 - [TEST_STEP][PASSED] - iii = dZO.indexOf("/"): null

02-12-2024T02:38:25 - [TEST_STEP][PASSED] - println(iii): null

02-12-2024T02:38:25 - [TEST_STEP][PASSED] - dZO = dZO.substring(0, iii): null

02-12-2024T02:38:25 - [TEST_STEP][PASSED] - println(dZO): null

02-12-2024T02:38:25 - [TEST_STEP][PASSED] - println(PercPlanR): null

02-12-2024T02:38:25 - [TEST_STEP][PASSED] - println(PercPlanB): null

02-12-2024T02:38:25 - [TEST_STEP][PASSED] - println(PercFactR): null

02-12-2024T02:38:25 - [TEST_STEP][PASSED] - println(PercFactB): null

02-12-2024T02:38:25 - [TEST_STEP][PASSED] - println(tabR): null

02-12-2024T02:38:25 - [TEST_STEP][PASSED] - println(tabB): null

02-12-2024T02:38:25 - [TEST_STEP][PASSED] - println(o1R): null

02-12-2024T02:38:25 - [TEST_STEP][PASSED] - println(o1B): null

02-12-2024T02:38:25 - [TEST_STEP][PASSED] - PR = <not implemented yet for class: org.codehaus.groovy.ast.expr.EmptyExpression>: null

02-12-2024T02:38:25 - [TEST_STEP][PASSED] - FR = <not implemented yet for class: org.codehaus.groovy.ast.expr.EmptyExpression>: null

02-12-2024T02:38:25 - [TEST_STEP][PASSED] - PB = <not implemented yet for class: org.codehaus.groovy.ast.expr.EmptyExpression>: null

02-12-2024T02:38:25 - [TEST_STEP][PASSED] - FB = <not implemented yet for class: org.codehaus.groovy.ast.expr.EmptyExpression>: null

02-12-2024T02:38:25 - [TEST_STEP][PASSED] - TR = <not implemented yet for class: org.codehaus.groovy.ast.expr.EmptyExpression>: null

02-12-2024T02:38:25 - [TEST_STEP][PASSED] - TB = <not implemented yet for class: org.codehaus.groovy.ast.expr.EmptyExpression>: null

02-12-2024T02:38:25 - [TEST_STEP][PASSED] - sheetName = "Sheet1": null

02-12-2024T02:38:25 - [TEST_STEP][PASSED] - data = findTestData("PlanFact"): null

02-12-2024T02:38:25 - [TEST_STEP][PASSED] - n = data.getRowNumbers() + 1: null

02-12-2024T02:38:25 - [TEST_STEP][PASSED] - year = todaysDate.substring(todaysDate.length() - 4, todaysDate.length()): null

02-12-2024T02:38:25 - [TEST_STEP][PASSED] - y = year.toInteger(): null

02-12-2024T02:38:25 - [TEST_STEP][PASSED] - m = getText(findTestObject("Выполнение бизнес-плана/Выполнение бизнес-плана Балансы/Фильтр Дата")): Text of object 'Object Repository/Выполнение бизнес-плана/Выполнение бизнес-плана Балансы/Фильтр Дата' is: '1, 2, 3 кв., Октябрь 2024 года'

02-12-2024T02:38:25 - [MESSAGE][PASSED] - Text of object 'Object Repository/Выполнение бизнес-плана/Выполнение бизнес-плана Балансы/Фильтр Дата' is: '1, 2, 3 кв., Октябрь 2024 года'

02-12-2024T02:38:25 - [TEST_STEP][PASSED] - m = m.substring(0, m.indexOf("2024")): null

02-12-2024T02:38:25 - [TEST_STEP][PASSED] - m = m.trim(): null

02-12-2024T02:38:25 - [TEST_STEP][PASSED] - dashboardName = "Выполнение бизнес-плана": null

02-12-2024T02:38:25 - [TEST_STEP][PASSED] - workbook01 = getWorkbook(excelFilePath): null

02-12-2024T02:38:25 - [TEST_STEP][PASSED] - sheet01 = getExcelSheet(workbook01, sheetName): null

02-12-2024T02:38:25 - [TEST_STEP][PASSED] - setValueToCellByIndex(sheet01, n, 0, dashboardName): null

02-12-2024T02:38:25 - [TEST_STEP][PASSED] - setValueToCellByIndex(sheet01, n, 1, dZO): null

02-12-2024T02:38:25 - [TEST_STEP][PASSED] - setValueToCellByIndex(sheet01, n, 2, typeOfData): null

02-12-2024T02:38:25 - [TEST_STEP][PASSED] - setValueToCellByIndex(sheet01, n, 3, typeOfData): null

02-12-2024T02:38:25 - [TEST_STEP][PASSED] - if (typeOfData == "План"): null

02-12-2024T02:38:25 - [TEST_STEP][PASSED] - if (PercPlanR == null): null

02-12-2024T02:38:25 - [TEST_STEP][PASSED] - else: null

02-12-2024T02:38:25 - [TEST_STEP][PASSED] - if (PercPlanR == "нет данных"): null

02-12-2024T02:38:25 - [TEST_STEP][PASSED] - setValueToCellByIndex(sheet01, n, 4, "нет данных"): null

02-12-2024T02:38:25 - [TEST_STEP][PASSED] - if (PercPlanB == null): null

02-12-2024T02:38:25 - [TEST_STEP][PASSED] - else: null

02-12-2024T02:38:25 - [TEST_STEP][PASSED] - if (PercPlanB == "нет данных"): null

02-12-2024T02:38:25 - [TEST_STEP][PASSED] - else: null

02-12-2024T02:38:25 - [TEST_STEP][PASSED] - PB = PercPlanB.toDouble(): null

02-12-2024T02:38:25 - [TEST_STEP][PASSED] - setValueToCellByIndex(sheet01, n, 5, PB): null

02-12-2024T02:38:25 - [TEST_STEP][PASSED] - setValueToCellByIndex(sheet01, n, 6, m): null

02-12-2024T02:38:25 - [TEST_STEP][PASSED] - setValueToCellByIndex(sheet01, n, 7, y): null

02-12-2024T02:38:25 - [TEST_STEP][PASSED] - setValueToCellByIndex(sheet01, n, 8, todaysDate): null

02-12-2024T02:38:25 - [TEST_STEP][PASSED] - n = n + 1: null

02-12-2024T02:38:25 - [TEST_STEP][PASSED] - saveWorkbook(excelFilePath, workbook01): null

02-12-2024T02:38:25 - [TEST_STEP][PASSED] - typeOfData = "Факт": null

02-12-2024T02:38:25 - [TEST_STEP][PASSED] - PercFactR = GetPercFactR(x = a): null

02-12-2024T02:38:25 - [TEST_STEP][PASSED] - i1 = <not implemented yet for class: org.codehaus.groovy.ast.expr.EmptyExpression>: null

02-12-2024T02:38:25 - [TEST_STEP][PASSED] - ii = <not implemented yet for class: org.codehaus.groovy.ast.expr.EmptyExpression>: null

02-12-2024T02:38:25 - [TEST_STEP][PASSED] - for ([ii = 1, ii < 3, (ii++)]): null

02-12-2024T02:38:25 - [TEST_STEP][PASSED] - i1 = x.indexOf("/") + 1: null

02-12-2024T02:38:25 - [TEST_STEP][PASSED] - if (i1 > -1): null

02-12-2024T02:38:25 - [TEST_STEP][PASSED] - x = x.substring(i1, x.length()): null

02-12-2024T02:38:25 - [TEST_STEP][PASSED] - println(x): null

02-12-2024T02:38:25 - [TEST_STEP][PASSED] - i1 = x.indexOf("/") + 1: null

02-12-2024T02:38:25 - [TEST_STEP][PASSED] - if (i1 > -1): null

02-12-2024T02:38:25 - [TEST_STEP][PASSED] - x = x.substring(i1, x.length()): null

02-12-2024T02:38:25 - [TEST_STEP][PASSED] - println(x): null

02-12-2024T02:38:25 - [TEST_STEP][PASSED] - i1 = x.indexOf("/"): null

02-12-2024T02:38:25 - [TEST_STEP][PASSED] - if (i1 > -1): null

02-12-2024T02:38:25 - [TEST_STEP][PASSED] - x = x.substring(0, i1): null

02-12-2024T02:38:25 - [TEST_STEP][PASSED] - println(x): null

02-12-2024T02:38:25 - [TEST_STEP][PASSED] - return x: null

02-12-2024T02:38:25 - [TEST_STEP][PASSED] - PercFactB = GetPercFactB(x = b): null

02-12-2024T02:38:25 - [TEST_STEP][PASSED] - i1 = <not implemented yet for class: org.codehaus.groovy.ast.expr.EmptyExpression>: null

02-12-2024T02:38:25 - [TEST_STEP][PASSED] - ii = <not implemented yet for class: org.codehaus.groovy.ast.expr.EmptyExpression>: null

02-12-2024T02:38:25 - [TEST_STEP][PASSED] - for ([ii = 1, ii < 3, (ii++)]): null

02-12-2024T02:38:25 - [TEST_STEP][PASSED] - i1 = x.indexOf("/") + 1: null

02-12-2024T02:38:25 - [TEST_STEP][PASSED] - if (i1 > -1): null

02-12-2024T02:38:25 - [TEST_STEP][PASSED] - x = x.substring(i1, x.length()): null

02-12-2024T02:38:25 - [TEST_STEP][PASSED] - println(x): null

02-12-2024T02:38:25 - [TEST_STEP][PASSED] - i1 = x.indexOf("/") + 1: null

02-12-2024T02:38:25 - [TEST_STEP][PASSED] - if (i1 > -1): null

02-12-2024T02:38:25 - [TEST_STEP][PASSED] - x = x.substring(i1, x.length()): null

02-12-2024T02:38:25 - [TEST_STEP][PASSED] - println(x): null

02-12-2024T02:38:25 - [TEST_STEP][PASSED] - i1 = x.indexOf("/"): null

02-12-2024T02:38:25 - [TEST_STEP][PASSED] - if (i1 > -1): null

02-12-2024T02:38:25 - [TEST_STEP][PASSED] - x = x.substring(0, i1): null

02-12-2024T02:38:25 - [TEST_STEP][PASSED] - println(x): null

02-12-2024T02:38:25 - [TEST_STEP][FAILED] - return x: null

02-12-2024T02:38:25 - [TEST_STEP][FAILED] - if (verifyEqual(PercFactR, PercFactB) == false): null

02-12-2024T02:38:25 - [MESSAGE][FAILED] - Unable to verify equal between actual object 'нет данных' and expected object '10.72' (Root cause: com.kms.katalon.core.exception.StepFailedException: Actual object 'нет данных' and expected object '10.72' are not equal
	at com.kms.katalon.core.keyword.builtin.VerifyEqualKeyword$_verifyEqual_closure1.doCall(VerifyEqualKeyword.groovy:58)
	at com.kms.katalon.core.keyword.builtin.VerifyEqualKeyword$_verifyEqual_closure1.call(VerifyEqualKeyword.groovy)
	at com.kms.katalon.core.keyword.internal.KeywordMain.runKeyword(KeywordMain.groovy:75)
	at com.kms.katalon.core.keyword.builtin.VerifyEqualKeyword.verifyEqual(VerifyEqualKeyword.groovy:63)
	at com.kms.katalon.core.keyword.builtin.VerifyEqualKeyword.execute(VerifyEqualKeyword.groovy:44)
	at com.kms.katalon.core.keyword.internal.KeywordExecutor.executeKeywordForPlatform(KeywordExecutor.groovy:74)
	at com.kms.katalon.core.keyword.BuiltinKeywords.verifyEqual(BuiltinKeywords.groovy:146)
	at jdk.internal.reflect.GeneratedMethodAccessor25.invoke(Unknown Source)
	at java.base/jdk.internal.reflect.DelegatingMethodAccessorImpl.invoke(DelegatingMethodAccessorImpl.java:43)
	at Выполнение бизнес-плана сверка дашбордов.CompareDZOData(Выполнение бизнес-плана сверка дашбордов:693)
	at Выполнение бизнес-плана сверка дашбордов.run(Выполнение бизнес-плана сверка дашбордов:608)
	at com.kms.katalon.core.main.ScriptEngine.run(ScriptEngine.java:194)
	at com.kms.katalon.core.main.ScriptEngine.runScriptAsRawText(ScriptEngine.java:119)
	at com.kms.katalon.core.main.TestCaseExecutor.runScript(TestCaseExecutor.java:448)
	at com.kms.katalon.core.main.TestCaseExecutor.doExecute(TestCaseExecutor.java:439)
	at com.kms.katalon.core.main.TestCaseExecutor.processExecutionPhase(TestCaseExecutor.java:418)
	at com.kms.katalon.core.main.TestCaseExecutor.accessMainPhase(TestCaseExecutor.java:410)
	at com.kms.katalon.core.main.TestCaseExecutor.execute(TestCaseExecutor.java:285)
	at com.kms.katalon.core.common.CommonExecutor.accessTestCaseMainPhase(CommonExecutor.java:65)
	at com.kms.katalon.core.main.TestSuiteExecutor.accessTestSuiteMainPhase(TestSuiteExecutor.java:150)
	at com.kms.katalon.core.main.TestSuiteExecutor.execute(TestSuiteExecutor.java:106)
	at com.kms.katalon.core.main.TestCaseMain.startTestSuite(TestCaseMain.java:180)
	at TempTestSuite1733095732962.run(TempTestSuite1733095732962.groovy:35)
	at java.base/jdk.internal.reflect.NativeMethodAccessorImpl.invoke0(Native Method)
	at java.base/jdk.internal.reflect.NativeMethodAccessorImpl.invoke(NativeMethodAccessorImpl.java:77)
	at java.base/jdk.internal.reflect.DelegatingMethodAccessorImpl.invoke(DelegatingMethodAccessorImpl.java:43)
)

02-12-2024T02:38:25 - [TEST_STEP][PASSED] - result = WriteToExcel(typeOfData, todaysDate, PercPlanR, PercPlanB, PercFactR, PercFactB, x, tabR, tabB, o1R, o1B, vidget): null

02-12-2024T02:38:25 - [TEST_STEP][PASSED] - iii = dZO.indexOf("/"): null

02-12-2024T02:38:25 - [TEST_STEP][PASSED] - println(iii): null

02-12-2024T02:38:25 - [TEST_STEP][PASSED] - dZO = dZO.substring(0, iii): null

02-12-2024T02:38:25 - [TEST_STEP][PASSED] - println(dZO): null

02-12-2024T02:38:25 - [TEST_STEP][PASSED] - println(PercPlanR): null

02-12-2024T02:38:25 - [TEST_STEP][PASSED] - println(PercPlanB): null

02-12-2024T02:38:25 - [TEST_STEP][PASSED] - println(PercFactR): null

02-12-2024T02:38:25 - [TEST_STEP][PASSED] - println(PercFactB): null

02-12-2024T02:38:25 - [TEST_STEP][PASSED] - println(tabR): null

02-12-2024T02:38:25 - [TEST_STEP][PASSED] - println(tabB): null

02-12-2024T02:38:25 - [TEST_STEP][PASSED] - println(o1R): null

02-12-2024T02:38:25 - [TEST_STEP][PASSED] - println(o1B): null

02-12-2024T02:38:25 - [TEST_STEP][PASSED] - PR = <not implemented yet for class: org.codehaus.groovy.ast.expr.EmptyExpression>: null

02-12-2024T02:38:25 - [TEST_STEP][PASSED] - FR = <not implemented yet for class: org.codehaus.groovy.ast.expr.EmptyExpression>: null

02-12-2024T02:38:25 - [TEST_STEP][PASSED] - PB = <not implemented yet for class: org.codehaus.groovy.ast.expr.EmptyExpression>: null

02-12-2024T02:38:25 - [TEST_STEP][PASSED] - FB = <not implemented yet for class: org.codehaus.groovy.ast.expr.EmptyExpression>: null

02-12-2024T02:38:25 - [TEST_STEP][PASSED] - TR = <not implemented yet for class: org.codehaus.groovy.ast.expr.EmptyExpression>: null

02-12-2024T02:38:25 - [TEST_STEP][PASSED] - TB = <not implemented yet for class: org.codehaus.groovy.ast.expr.EmptyExpression>: null

02-12-2024T02:38:25 - [TEST_STEP][PASSED] - sheetName = "Sheet1": null

02-12-2024T02:38:25 - [TEST_STEP][PASSED] - data = findTestData("PlanFact"): null

02-12-2024T02:38:26 - [TEST_STEP][PASSED] - n = data.getRowNumbers() + 1: null

02-12-2024T02:38:26 - [TEST_STEP][PASSED] - year = todaysDate.substring(todaysDate.length() - 4, todaysDate.length()): null

02-12-2024T02:38:26 - [TEST_STEP][PASSED] - y = year.toInteger(): null

02-12-2024T02:38:26 - [TEST_STEP][PASSED] - m = getText(findTestObject("Выполнение бизнес-плана/Выполнение бизнес-плана Балансы/Фильтр Дата")): Text of object 'Object Repository/Выполнение бизнес-плана/Выполнение бизнес-плана Балансы/Фильтр Дата' is: '1, 2, 3 кв., Октябрь 2024 года'

02-12-2024T02:38:26 - [MESSAGE][PASSED] - Text of object 'Object Repository/Выполнение бизнес-плана/Выполнение бизнес-плана Балансы/Фильтр Дата' is: '1, 2, 3 кв., Октябрь 2024 года'

02-12-2024T02:38:26 - [TEST_STEP][PASSED] - m = m.substring(0, m.indexOf("2024")): null

02-12-2024T02:38:26 - [TEST_STEP][PASSED] - m = m.trim(): null

02-12-2024T02:38:26 - [TEST_STEP][PASSED] - dashboardName = "Выполнение бизнес-плана": null

02-12-2024T02:38:26 - [TEST_STEP][PASSED] - workbook01 = getWorkbook(excelFilePath): null

02-12-2024T02:38:26 - [TEST_STEP][PASSED] - sheet01 = getExcelSheet(workbook01, sheetName): null

02-12-2024T02:38:26 - [TEST_STEP][PASSED] - setValueToCellByIndex(sheet01, n, 0, dashboardName): null

02-12-2024T02:38:26 - [TEST_STEP][PASSED] - setValueToCellByIndex(sheet01, n, 1, dZO): null

02-12-2024T02:38:26 - [TEST_STEP][PASSED] - setValueToCellByIndex(sheet01, n, 2, typeOfData): null

02-12-2024T02:38:26 - [TEST_STEP][PASSED] - setValueToCellByIndex(sheet01, n, 3, typeOfData): null

02-12-2024T02:38:26 - [TEST_STEP][PASSED] - if (typeOfData == "План"): null

02-12-2024T02:38:26 - [TEST_STEP][PASSED] - else if (typeOfData == "Факт"): null

02-12-2024T02:38:26 - [TEST_STEP][PASSED] - if (PercFactR == null): null

02-12-2024T02:38:26 - [TEST_STEP][PASSED] - else: null

02-12-2024T02:38:26 - [TEST_STEP][PASSED] - if (PercFactR == "нет данных"): null

02-12-2024T02:38:26 - [TEST_STEP][PASSED] - setValueToCellByIndex(sheet01, n, 4, "нет данных"): null

02-12-2024T02:38:26 - [TEST_STEP][PASSED] - if (PercFactB == null): null

02-12-2024T02:38:26 - [TEST_STEP][PASSED] - else: null

02-12-2024T02:38:26 - [TEST_STEP][PASSED] - if (PercFactB == "нет данных"): null

02-12-2024T02:38:26 - [TEST_STEP][PASSED] - else: null

02-12-2024T02:38:26 - [TEST_STEP][PASSED] - FB = PercFactB.toDouble(): null

02-12-2024T02:38:26 - [TEST_STEP][PASSED] - setValueToCellByIndex(sheet01, n, 5, FB): null

02-12-2024T02:38:26 - [TEST_STEP][PASSED] - setValueToCellByIndex(sheet01, n, 6, m): null

02-12-2024T02:38:26 - [TEST_STEP][PASSED] - setValueToCellByIndex(sheet01, n, 7, y): null

02-12-2024T02:38:26 - [TEST_STEP][PASSED] - setValueToCellByIndex(sheet01, n, 8, todaysDate): null

02-12-2024T02:38:26 - [TEST_STEP][PASSED] - n = n + 1: null

02-12-2024T02:38:26 - [TEST_STEP][PASSED] - saveWorkbook(excelFilePath, workbook01): null

02-12-2024T02:38:26 - [TEST_STEP][PASSED] - vidget = "Показатели баланса электроэнергии по ДЗО – Факт": null

02-12-2024T02:38:26 - [TEST_STEP][PASSED] - typeOfData = "Факт Отпуск в сеть": null

02-12-2024T02:38:26 - [TEST_STEP][PASSED] - tabR = GetOvSFactR(x = a): null

02-12-2024T02:38:26 - [TEST_STEP][PASSED] - i1 = <not implemented yet for class: org.codehaus.groovy.ast.expr.EmptyExpression>: null

02-12-2024T02:38:26 - [TEST_STEP][PASSED] - ii = <not implemented yet for class: org.codehaus.groovy.ast.expr.EmptyExpression>: null

02-12-2024T02:38:26 - [TEST_STEP][PASSED] - for ([ii = 1, ii < 4, (ii++)]): null

02-12-2024T02:38:26 - [TEST_STEP][PASSED] - i1 = x.indexOf("/") + 1: null

02-12-2024T02:38:26 - [TEST_STEP][PASSED] - if (i1 > -1): null

02-12-2024T02:38:26 - [TEST_STEP][PASSED] - x = x.substring(i1, x.length()): null

02-12-2024T02:38:26 - [TEST_STEP][PASSED] - println(x): null

02-12-2024T02:38:26 - [TEST_STEP][PASSED] - i1 = x.indexOf("/") + 1: null

02-12-2024T02:38:26 - [TEST_STEP][PASSED] - if (i1 > -1): null

02-12-2024T02:38:26 - [TEST_STEP][PASSED] - x = x.substring(i1, x.length()): null

02-12-2024T02:38:26 - [TEST_STEP][PASSED] - println(x): null

02-12-2024T02:38:26 - [TEST_STEP][PASSED] - i1 = x.indexOf("/") + 1: null

02-12-2024T02:38:26 - [TEST_STEP][PASSED] - if (i1 > -1): null

02-12-2024T02:38:26 - [TEST_STEP][PASSED] - x = x.substring(i1, x.length()): null

02-12-2024T02:38:26 - [TEST_STEP][PASSED] - println(x): null

02-12-2024T02:38:26 - [TEST_STEP][PASSED] - i1 = x.indexOf("/"): null

02-12-2024T02:38:26 - [TEST_STEP][PASSED] - if (i1 > -1): null

02-12-2024T02:38:26 - [TEST_STEP][PASSED] - x = x.substring(0, i1): null

02-12-2024T02:38:26 - [TEST_STEP][PASSED] - println(x): null

02-12-2024T02:38:26 - [TEST_STEP][PASSED] - return x: null

02-12-2024T02:38:26 - [TEST_STEP][PASSED] - tabB = GetOvSFactB(x = b): null

02-12-2024T02:38:26 - [TEST_STEP][PASSED] - i1 = <not implemented yet for class: org.codehaus.groovy.ast.expr.EmptyExpression>: null

02-12-2024T02:38:26 - [TEST_STEP][PASSED] - ii = <not implemented yet for class: org.codehaus.groovy.ast.expr.EmptyExpression>: null

02-12-2024T02:38:26 - [TEST_STEP][PASSED] - for ([ii = 1, ii < 4, (ii++)]): null

02-12-2024T02:38:26 - [TEST_STEP][PASSED] - i1 = x.indexOf("/") + 1: null

02-12-2024T02:38:26 - [TEST_STEP][PASSED] - if (i1 > -1): null

02-12-2024T02:38:26 - [TEST_STEP][PASSED] - x = x.substring(i1, x.length()): null

02-12-2024T02:38:26 - [TEST_STEP][PASSED] - println(x): null

02-12-2024T02:38:26 - [TEST_STEP][PASSED] - i1 = x.indexOf("/") + 1: null

02-12-2024T02:38:26 - [TEST_STEP][PASSED] - if (i1 > -1): null

02-12-2024T02:38:26 - [TEST_STEP][PASSED] - x = x.substring(i1, x.length()): null

02-12-2024T02:38:26 - [TEST_STEP][PASSED] - println(x): null

02-12-2024T02:38:26 - [TEST_STEP][PASSED] - i1 = x.indexOf("/") + 1: null

02-12-2024T02:38:26 - [TEST_STEP][PASSED] - if (i1 > -1): null

02-12-2024T02:38:26 - [TEST_STEP][PASSED] - x = x.substring(i1, x.length()): null

02-12-2024T02:38:26 - [TEST_STEP][PASSED] - println(x): null

02-12-2024T02:38:26 - [TEST_STEP][PASSED] - i1 = x.indexOf("/"): null

02-12-2024T02:38:26 - [TEST_STEP][PASSED] - if (i1 > -1): null

02-12-2024T02:38:26 - [TEST_STEP][PASSED] - x = x.substring(0, i1): null

02-12-2024T02:38:26 - [TEST_STEP][PASSED] - println(x): null

02-12-2024T02:38:26 - [TEST_STEP][FAILED] - return x: null

02-12-2024T02:38:26 - [TEST_STEP][FAILED] - if (verifyEqual(tabR, tabB) == false): null

02-12-2024T02:38:26 - [MESSAGE][FAILED] - Unable to verify equal between actual object 'нет данных' and expected object '31469202' (Root cause: com.kms.katalon.core.exception.StepFailedException: Actual object 'нет данных' and expected object '31469202' are not equal
	at com.kms.katalon.core.keyword.builtin.VerifyEqualKeyword$_verifyEqual_closure1.doCall(VerifyEqualKeyword.groovy:58)
	at com.kms.katalon.core.keyword.builtin.VerifyEqualKeyword$_verifyEqual_closure1.call(VerifyEqualKeyword.groovy)
	at com.kms.katalon.core.keyword.internal.KeywordMain.runKeyword(KeywordMain.groovy:75)
	at com.kms.katalon.core.keyword.builtin.VerifyEqualKeyword.verifyEqual(VerifyEqualKeyword.groovy:63)
	at com.kms.katalon.core.keyword.builtin.VerifyEqualKeyword.execute(VerifyEqualKeyword.groovy:44)
	at com.kms.katalon.core.keyword.internal.KeywordExecutor.executeKeywordForPlatform(KeywordExecutor.groovy:74)
	at com.kms.katalon.core.keyword.BuiltinKeywords.verifyEqual(BuiltinKeywords.groovy:146)
	at jdk.internal.reflect.GeneratedMethodAccessor25.invoke(Unknown Source)
	at java.base/jdk.internal.reflect.DelegatingMethodAccessorImpl.invoke(DelegatingMethodAccessorImpl.java:43)
	at Выполнение бизнес-плана сверка дашбордов.CompareDZOData(Выполнение бизнес-плана сверка дашбордов:706)
	at Выполнение бизнес-плана сверка дашбордов.run(Выполнение бизнес-плана сверка дашбордов:608)
	at com.kms.katalon.core.main.ScriptEngine.run(ScriptEngine.java:194)
	at com.kms.katalon.core.main.ScriptEngine.runScriptAsRawText(ScriptEngine.java:119)
	at com.kms.katalon.core.main.TestCaseExecutor.runScript(TestCaseExecutor.java:448)
	at com.kms.katalon.core.main.TestCaseExecutor.doExecute(TestCaseExecutor.java:439)
	at com.kms.katalon.core.main.TestCaseExecutor.processExecutionPhase(TestCaseExecutor.java:418)
	at com.kms.katalon.core.main.TestCaseExecutor.accessMainPhase(TestCaseExecutor.java:410)
	at com.kms.katalon.core.main.TestCaseExecutor.execute(TestCaseExecutor.java:285)
	at com.kms.katalon.core.common.CommonExecutor.accessTestCaseMainPhase(CommonExecutor.java:65)
	at com.kms.katalon.core.main.TestSuiteExecutor.accessTestSuiteMainPhase(TestSuiteExecutor.java:150)
	at com.kms.katalon.core.main.TestSuiteExecutor.execute(TestSuiteExecutor.java:106)
	at com.kms.katalon.core.main.TestCaseMain.startTestSuite(TestCaseMain.java:180)
	at TempTestSuite1733095732962.run(TempTestSuite1733095732962.groovy:35)
	at java.base/jdk.internal.reflect.NativeMethodAccessorImpl.invoke0(Native Method)
	at java.base/jdk.internal.reflect.NativeMethodAccessorImpl.invoke(NativeMethodAccessorImpl.java:77)
	at java.base/jdk.internal.reflect.DelegatingMethodAccessorImpl.invoke(DelegatingMethodAccessorImpl.java:43)
)

02-12-2024T02:38:26 - [TEST_STEP][PASSED] - result = WriteToExcel(typeOfData, todaysDate, PercPlanR, PercPlanB, PercFactR, PercFactB, x, tabR, tabB, o1R, o1B, vidget): null

02-12-2024T02:38:26 - [TEST_STEP][PASSED] - iii = dZO.indexOf("/"): null

02-12-2024T02:38:26 - [TEST_STEP][PASSED] - println(iii): null

02-12-2024T02:38:26 - [TEST_STEP][PASSED] - dZO = dZO.substring(0, iii): null

02-12-2024T02:38:26 - [TEST_STEP][PASSED] - println(dZO): null

02-12-2024T02:38:26 - [TEST_STEP][PASSED] - println(PercPlanR): null

02-12-2024T02:38:26 - [TEST_STEP][PASSED] - println(PercPlanB): null

02-12-2024T02:38:26 - [TEST_STEP][PASSED] - println(PercFactR): null

02-12-2024T02:38:26 - [TEST_STEP][PASSED] - println(PercFactB): null

02-12-2024T02:38:26 - [TEST_STEP][PASSED] - println(tabR): null

02-12-2024T02:38:26 - [TEST_STEP][PASSED] - println(tabB): null

02-12-2024T02:38:26 - [TEST_STEP][PASSED] - println(o1R): null

02-12-2024T02:38:26 - [TEST_STEP][PASSED] - println(o1B): null

02-12-2024T02:38:26 - [TEST_STEP][PASSED] - PR = <not implemented yet for class: org.codehaus.groovy.ast.expr.EmptyExpression>: null

02-12-2024T02:38:26 - [TEST_STEP][PASSED] - FR = <not implemented yet for class: org.codehaus.groovy.ast.expr.EmptyExpression>: null

02-12-2024T02:38:26 - [TEST_STEP][PASSED] - PB = <not implemented yet for class: org.codehaus.groovy.ast.expr.EmptyExpression>: null

02-12-2024T02:38:26 - [TEST_STEP][PASSED] - FB = <not implemented yet for class: org.codehaus.groovy.ast.expr.EmptyExpression>: null

02-12-2024T02:38:26 - [TEST_STEP][PASSED] - TR = <not implemented yet for class: org.codehaus.groovy.ast.expr.EmptyExpression>: null

02-12-2024T02:38:26 - [TEST_STEP][PASSED] - TB = <not implemented yet for class: org.codehaus.groovy.ast.expr.EmptyExpression>: null

02-12-2024T02:38:26 - [TEST_STEP][PASSED] - sheetName = "Sheet1": null

02-12-2024T02:38:26 - [TEST_STEP][PASSED] - data = findTestData("PlanFact"): null

02-12-2024T02:38:26 - [TEST_STEP][PASSED] - n = data.getRowNumbers() + 1: null

02-12-2024T02:38:26 - [TEST_STEP][PASSED] - year = todaysDate.substring(todaysDate.length() - 4, todaysDate.length()): null

02-12-2024T02:38:26 - [TEST_STEP][PASSED] - y = year.toInteger(): null

02-12-2024T02:38:26 - [TEST_STEP][PASSED] - m = getText(findTestObject("Выполнение бизнес-плана/Выполнение бизнес-плана Балансы/Фильтр Дата")): Text of object 'Object Repository/Выполнение бизнес-плана/Выполнение бизнес-плана Балансы/Фильтр Дата' is: '1, 2, 3 кв., Октябрь 2024 года'

02-12-2024T02:38:26 - [MESSAGE][PASSED] - Text of object 'Object Repository/Выполнение бизнес-плана/Выполнение бизнес-плана Балансы/Фильтр Дата' is: '1, 2, 3 кв., Октябрь 2024 года'

02-12-2024T02:38:26 - [TEST_STEP][PASSED] - m = m.substring(0, m.indexOf("2024")): null

02-12-2024T02:38:26 - [TEST_STEP][PASSED] - m = m.trim(): null

02-12-2024T02:38:26 - [TEST_STEP][PASSED] - dashboardName = "Выполнение бизнес-плана": null

02-12-2024T02:38:26 - [TEST_STEP][PASSED] - workbook01 = getWorkbook(excelFilePath): null

02-12-2024T02:38:26 - [TEST_STEP][PASSED] - sheet01 = getExcelSheet(workbook01, sheetName): null

02-12-2024T02:38:26 - [TEST_STEP][PASSED] - setValueToCellByIndex(sheet01, n, 0, dashboardName): null

02-12-2024T02:38:26 - [TEST_STEP][PASSED] - setValueToCellByIndex(sheet01, n, 1, dZO): null

02-12-2024T02:38:26 - [TEST_STEP][PASSED] - setValueToCellByIndex(sheet01, n, 2, typeOfData): null

02-12-2024T02:38:26 - [TEST_STEP][PASSED] - setValueToCellByIndex(sheet01, n, 3, typeOfData): null

02-12-2024T02:38:26 - [TEST_STEP][PASSED] - if (typeOfData == "План"): null

02-12-2024T02:38:26 - [TEST_STEP][PASSED] - else if (typeOfData == "Факт"): null

02-12-2024T02:38:26 - [TEST_STEP][PASSED] - else if (vidget.contains("электроэнергии") == true): null

02-12-2024T02:38:26 - [TEST_STEP][PASSED] - if (tabR == null): null

02-12-2024T02:38:26 - [TEST_STEP][PASSED] - else: null

02-12-2024T02:38:26 - [TEST_STEP][PASSED] - if (tabR == "нет данных"): null

02-12-2024T02:38:26 - [TEST_STEP][PASSED] - setValueToCellByIndex(sheet01, n, 4, "нет данных"): null

02-12-2024T02:38:26 - [TEST_STEP][PASSED] - if (tabB == null): null

02-12-2024T02:38:26 - [TEST_STEP][PASSED] - else: null

02-12-2024T02:38:26 - [TEST_STEP][PASSED] - if (tabB == "нет данных"): null

02-12-2024T02:38:26 - [TEST_STEP][PASSED] - else: null

02-12-2024T02:38:26 - [TEST_STEP][PASSED] - TB = tabB.toInteger(): null

02-12-2024T02:38:26 - [TEST_STEP][PASSED] - setValueToCellByIndex(sheet01, n, 5, TB): null

02-12-2024T02:38:26 - [TEST_STEP][PASSED] - setValueToCellByIndex(sheet01, n, 6, m): null

02-12-2024T02:38:27 - [TEST_STEP][PASSED] - setValueToCellByIndex(sheet01, n, 7, y): null

02-12-2024T02:38:27 - [TEST_STEP][PASSED] - setValueToCellByIndex(sheet01, n, 8, todaysDate): null

02-12-2024T02:38:27 - [TEST_STEP][PASSED] - n = n + 1: null

02-12-2024T02:38:27 - [TEST_STEP][PASSED] - saveWorkbook(excelFilePath, workbook01): null

02-12-2024T02:38:27 - [TEST_STEP][PASSED] - typeOfData = "Факт Отпуск из сети": null

02-12-2024T02:38:27 - [TEST_STEP][PASSED] - tabR = GetOiSFactR(x = a): null

02-12-2024T02:38:27 - [TEST_STEP][PASSED] - i1 = <not implemented yet for class: org.codehaus.groovy.ast.expr.EmptyExpression>: null

02-12-2024T02:38:27 - [TEST_STEP][PASSED] - ii = <not implemented yet for class: org.codehaus.groovy.ast.expr.EmptyExpression>: null

02-12-2024T02:38:27 - [TEST_STEP][PASSED] - for ([ii = 1, ii < 5, (ii++)]): null

02-12-2024T02:38:27 - [TEST_STEP][PASSED] - i1 = x.indexOf("/") + 1: null

02-12-2024T02:38:27 - [TEST_STEP][PASSED] - if (i1 > -1): null

02-12-2024T02:38:27 - [TEST_STEP][PASSED] - x = x.substring(i1, x.length()): null

02-12-2024T02:38:27 - [TEST_STEP][PASSED] - println(x): null

02-12-2024T02:38:27 - [TEST_STEP][PASSED] - i1 = x.indexOf("/") + 1: null

02-12-2024T02:38:27 - [TEST_STEP][PASSED] - if (i1 > -1): null

02-12-2024T02:38:27 - [TEST_STEP][PASSED] - x = x.substring(i1, x.length()): null

02-12-2024T02:38:27 - [TEST_STEP][PASSED] - println(x): null

02-12-2024T02:38:27 - [TEST_STEP][PASSED] - i1 = x.indexOf("/") + 1: null

02-12-2024T02:38:27 - [TEST_STEP][PASSED] - if (i1 > -1): null

02-12-2024T02:38:27 - [TEST_STEP][PASSED] - x = x.substring(i1, x.length()): null

02-12-2024T02:38:27 - [TEST_STEP][PASSED] - println(x): null

02-12-2024T02:38:27 - [TEST_STEP][PASSED] - i1 = x.indexOf("/") + 1: null

02-12-2024T02:38:27 - [TEST_STEP][PASSED] - if (i1 > -1): null

02-12-2024T02:38:27 - [TEST_STEP][PASSED] - x = x.substring(i1, x.length()): null

02-12-2024T02:38:27 - [TEST_STEP][PASSED] - println(x): null

02-12-2024T02:38:27 - [TEST_STEP][PASSED] - i1 = x.indexOf("/"): null

02-12-2024T02:38:27 - [TEST_STEP][PASSED] - if (i1 > -1): null

02-12-2024T02:38:27 - [TEST_STEP][PASSED] - x = x.substring(0, i1): null

02-12-2024T02:38:27 - [TEST_STEP][PASSED] - println(x): null

02-12-2024T02:38:27 - [TEST_STEP][PASSED] - return x: null

02-12-2024T02:38:27 - [TEST_STEP][PASSED] - tabB = GetOiSFactB(x = b): null

02-12-2024T02:38:27 - [TEST_STEP][PASSED] - i1 = <not implemented yet for class: org.codehaus.groovy.ast.expr.EmptyExpression>: null

02-12-2024T02:38:27 - [TEST_STEP][PASSED] - ii = <not implemented yet for class: org.codehaus.groovy.ast.expr.EmptyExpression>: null

02-12-2024T02:38:27 - [TEST_STEP][PASSED] - for ([ii = 1, ii < 5, (ii++)]): null

02-12-2024T02:38:27 - [TEST_STEP][PASSED] - i1 = x.indexOf("/") + 1: null

02-12-2024T02:38:27 - [TEST_STEP][PASSED] - if (i1 > -1): null

02-12-2024T02:38:27 - [TEST_STEP][PASSED] - x = x.substring(i1, x.length()): null

02-12-2024T02:38:27 - [TEST_STEP][PASSED] - println(x): null

02-12-2024T02:38:27 - [TEST_STEP][PASSED] - i1 = x.indexOf("/") + 1: null

02-12-2024T02:38:27 - [TEST_STEP][PASSED] - if (i1 > -1): null

02-12-2024T02:38:27 - [TEST_STEP][PASSED] - x = x.substring(i1, x.length()): null

02-12-2024T02:38:27 - [TEST_STEP][PASSED] - println(x): null

02-12-2024T02:38:27 - [TEST_STEP][PASSED] - i1 = x.indexOf("/") + 1: null

02-12-2024T02:38:27 - [TEST_STEP][PASSED] - if (i1 > -1): null

02-12-2024T02:38:27 - [TEST_STEP][PASSED] - x = x.substring(i1, x.length()): null

02-12-2024T02:38:27 - [TEST_STEP][PASSED] - println(x): null

02-12-2024T02:38:27 - [TEST_STEP][PASSED] - i1 = x.indexOf("/") + 1: null

02-12-2024T02:38:27 - [TEST_STEP][PASSED] - if (i1 > -1): null

02-12-2024T02:38:27 - [TEST_STEP][PASSED] - x = x.substring(i1, x.length()): null

02-12-2024T02:38:27 - [TEST_STEP][PASSED] - println(x): null

02-12-2024T02:38:27 - [TEST_STEP][PASSED] - i1 = x.indexOf("/"): null

02-12-2024T02:38:27 - [TEST_STEP][PASSED] - if (i1 > -1): null

02-12-2024T02:38:27 - [TEST_STEP][PASSED] - x = x.substring(0, i1): null

02-12-2024T02:38:27 - [TEST_STEP][PASSED] - println(x): null

02-12-2024T02:38:31 - [TEST_STEP][FAILED] - return x: null

02-12-2024T02:38:31 - [TEST_STEP][FAILED] - if (verifyEqual(tabR, tabB) == false): null

02-12-2024T02:38:31 - [MESSAGE][FAILED] - Unable to verify equal between actual object 'нет данных' and expected object '28096239' (Root cause: com.kms.katalon.core.exception.StepFailedException: Actual object 'нет данных' and expected object '28096239' are not equal
	at com.kms.katalon.core.keyword.builtin.VerifyEqualKeyword$_verifyEqual_closure1.doCall(VerifyEqualKeyword.groovy:58)
	at com.kms.katalon.core.keyword.builtin.VerifyEqualKeyword$_verifyEqual_closure1.call(VerifyEqualKeyword.groovy)
	at com.kms.katalon.core.keyword.internal.KeywordMain.runKeyword(KeywordMain.groovy:75)
	at com.kms.katalon.core.keyword.builtin.VerifyEqualKeyword.verifyEqual(VerifyEqualKeyword.groovy:63)
	at com.kms.katalon.core.keyword.builtin.VerifyEqualKeyword.execute(VerifyEqualKeyword.groovy:44)
	at com.kms.katalon.core.keyword.internal.KeywordExecutor.executeKeywordForPlatform(KeywordExecutor.groovy:74)
	at com.kms.katalon.core.keyword.BuiltinKeywords.verifyEqual(BuiltinKeywords.groovy:146)
	at jdk.internal.reflect.GeneratedMethodAccessor25.invoke(Unknown Source)
	at java.base/jdk.internal.reflect.DelegatingMethodAccessorImpl.invoke(DelegatingMethodAccessorImpl.java:43)
	at Выполнение бизнес-плана сверка дашбордов.CompareDZOData(Выполнение бизнес-плана сверка дашбордов:717)
	at Выполнение бизнес-плана сверка дашбордов.run(Выполнение бизнес-плана сверка дашбордов:608)
	at com.kms.katalon.core.main.ScriptEngine.run(ScriptEngine.java:194)
	at com.kms.katalon.core.main.ScriptEngine.runScriptAsRawText(ScriptEngine.java:119)
	at com.kms.katalon.core.main.TestCaseExecutor.runScript(TestCaseExecutor.java:448)
	at com.kms.katalon.core.main.TestCaseExecutor.doExecute(TestCaseExecutor.java:439)
	at com.kms.katalon.core.main.TestCaseExecutor.processExecutionPhase(TestCaseExecutor.java:418)
	at com.kms.katalon.core.main.TestCaseExecutor.accessMainPhase(TestCaseExecutor.java:410)
	at com.kms.katalon.core.main.TestCaseExecutor.execute(TestCaseExecutor.java:285)
	at com.kms.katalon.core.common.CommonExecutor.accessTestCaseMainPhase(CommonExecutor.java:65)
	at com.kms.katalon.core.main.TestSuiteExecutor.accessTestSuiteMainPhase(TestSuiteExecutor.java:150)
	at com.kms.katalon.core.main.TestSuiteExecutor.execute(TestSuiteExecutor.java:106)
	at com.kms.katalon.core.main.TestCaseMain.startTestSuite(TestCaseMain.java:180)
	at TempTestSuite1733095732962.run(TempTestSuite1733095732962.groovy:35)
	at java.base/jdk.internal.reflect.NativeMethodAccessorImpl.invoke0(Native Method)
	at java.base/jdk.internal.reflect.NativeMethodAccessorImpl.invoke(NativeMethodAccessorImpl.java:77)
	at java.base/jdk.internal.reflect.DelegatingMethodAccessorImpl.invoke(DelegatingMethodAccessorImpl.java:43)
)

02-12-2024T02:38:31 - [TEST_STEP][PASSED] - result = WriteToExcel(typeOfData, todaysDate, PercPlanR, PercPlanB, PercFactR, PercFactB, x, tabR, tabB, o1R, o1B, vidget): null

02-12-2024T02:38:31 - [TEST_STEP][PASSED] - iii = dZO.indexOf("/"): null

02-12-2024T02:38:31 - [TEST_STEP][PASSED] - println(iii): null

02-12-2024T02:38:31 - [TEST_STEP][PASSED] - dZO = dZO.substring(0, iii): null

02-12-2024T02:38:31 - [TEST_STEP][PASSED] - println(dZO): null

02-12-2024T02:38:31 - [TEST_STEP][PASSED] - println(PercPlanR): null

02-12-2024T02:38:31 - [TEST_STEP][PASSED] - println(PercPlanB): null

02-12-2024T02:38:31 - [TEST_STEP][PASSED] - println(PercFactR): null

02-12-2024T02:38:31 - [TEST_STEP][PASSED] - println(PercFactB): null

02-12-2024T02:38:31 - [TEST_STEP][PASSED] - println(tabR): null

02-12-2024T02:38:31 - [TEST_STEP][PASSED] - println(tabB): null

02-12-2024T02:38:31 - [TEST_STEP][PASSED] - println(o1R): null

02-12-2024T02:38:31 - [TEST_STEP][PASSED] - println(o1B): null

02-12-2024T02:38:31 - [TEST_STEP][PASSED] - PR = <not implemented yet for class: org.codehaus.groovy.ast.expr.EmptyExpression>: null

02-12-2024T02:38:31 - [TEST_STEP][PASSED] - FR = <not implemented yet for class: org.codehaus.groovy.ast.expr.EmptyExpression>: null

02-12-2024T02:38:31 - [TEST_STEP][PASSED] - PB = <not implemented yet for class: org.codehaus.groovy.ast.expr.EmptyExpression>: null

02-12-2024T02:38:31 - [TEST_STEP][PASSED] - FB = <not implemented yet for class: org.codehaus.groovy.ast.expr.EmptyExpression>: null

02-12-2024T02:38:31 - [TEST_STEP][PASSED] - TR = <not implemented yet for class: org.codehaus.groovy.ast.expr.EmptyExpression>: null

02-12-2024T02:38:31 - [TEST_STEP][PASSED] - TB = <not implemented yet for class: org.codehaus.groovy.ast.expr.EmptyExpression>: null

02-12-2024T02:38:31 - [TEST_STEP][PASSED] - sheetName = "Sheet1": null

02-12-2024T02:38:31 - [TEST_STEP][PASSED] - data = findTestData("PlanFact"): null

02-12-2024T02:38:31 - [TEST_STEP][PASSED] - n = data.getRowNumbers() + 1: null

02-12-2024T02:38:31 - [TEST_STEP][PASSED] - year = todaysDate.substring(todaysDate.length() - 4, todaysDate.length()): null

02-12-2024T02:38:31 - [TEST_STEP][PASSED] - y = year.toInteger(): null

02-12-2024T02:38:31 - [TEST_STEP][PASSED] - m = getText(findTestObject("Выполнение бизнес-плана/Выполнение бизнес-плана Балансы/Фильтр Дата")): Text of object 'Object Repository/Выполнение бизнес-плана/Выполнение бизнес-плана Балансы/Фильтр Дата' is: '1, 2, 3 кв., Октябрь 2024 года'

02-12-2024T02:38:31 - [MESSAGE][PASSED] - Text of object 'Object Repository/Выполнение бизнес-плана/Выполнение бизнес-плана Балансы/Фильтр Дата' is: '1, 2, 3 кв., Октябрь 2024 года'

02-12-2024T02:38:31 - [TEST_STEP][PASSED] - m = m.substring(0, m.indexOf("2024")): null

02-12-2024T02:38:31 - [TEST_STEP][PASSED] - m = m.trim(): null

02-12-2024T02:38:31 - [TEST_STEP][PASSED] - dashboardName = "Выполнение бизнес-плана": null

02-12-2024T02:38:31 - [TEST_STEP][PASSED] - workbook01 = getWorkbook(excelFilePath): null

02-12-2024T02:38:31 - [TEST_STEP][PASSED] - sheet01 = getExcelSheet(workbook01, sheetName): null

02-12-2024T02:38:31 - [TEST_STEP][PASSED] - setValueToCellByIndex(sheet01, n, 0, dashboardName): null

02-12-2024T02:38:31 - [TEST_STEP][PASSED] - setValueToCellByIndex(sheet01, n, 1, dZO): null

02-12-2024T02:38:31 - [TEST_STEP][PASSED] - setValueToCellByIndex(sheet01, n, 2, typeOfData): null

02-12-2024T02:38:31 - [TEST_STEP][PASSED] - setValueToCellByIndex(sheet01, n, 3, typeOfData): null

02-12-2024T02:38:31 - [TEST_STEP][PASSED] - if (typeOfData == "План"): null

02-12-2024T02:38:31 - [TEST_STEP][PASSED] - else if (typeOfData == "Факт"): null

02-12-2024T02:38:31 - [TEST_STEP][PASSED] - else if (vidget.contains("электроэнергии") == true): null

02-12-2024T02:38:31 - [TEST_STEP][PASSED] - if (tabR == null): null

02-12-2024T02:38:31 - [TEST_STEP][PASSED] - else: null

02-12-2024T02:38:31 - [TEST_STEP][PASSED] - if (tabR == "нет данных"): null

02-12-2024T02:38:31 - [TEST_STEP][PASSED] - setValueToCellByIndex(sheet01, n, 4, "нет данных"): null

02-12-2024T02:38:31 - [TEST_STEP][PASSED] - if (tabB == null): null

02-12-2024T02:38:31 - [TEST_STEP][PASSED] - else: null

02-12-2024T02:38:31 - [TEST_STEP][PASSED] - if (tabB == "нет данных"): null

02-12-2024T02:38:31 - [TEST_STEP][PASSED] - else: null

02-12-2024T02:38:31 - [TEST_STEP][PASSED] - TB = tabB.toInteger(): null

02-12-2024T02:38:31 - [TEST_STEP][PASSED] - setValueToCellByIndex(sheet01, n, 5, TB): null

02-12-2024T02:38:31 - [TEST_STEP][PASSED] - setValueToCellByIndex(sheet01, n, 6, m): null

02-12-2024T02:38:31 - [TEST_STEP][PASSED] - setValueToCellByIndex(sheet01, n, 7, y): null

02-12-2024T02:38:31 - [TEST_STEP][PASSED] - setValueToCellByIndex(sheet01, n, 8, todaysDate): null

02-12-2024T02:38:31 - [TEST_STEP][PASSED] - n = n + 1: null

02-12-2024T02:38:31 - [TEST_STEP][PASSED] - saveWorkbook(excelFilePath, workbook01): null

02-12-2024T02:38:32 - [TEST_STEP][PASSED] - typeOfData = "Факт Потери": null

02-12-2024T02:38:32 - [TEST_STEP][PASSED] - tabR = GetPFactR(x = a): null

02-12-2024T02:38:32 - [TEST_STEP][PASSED] - i1 = <not implemented yet for class: org.codehaus.groovy.ast.expr.EmptyExpression>: null

02-12-2024T02:38:32 - [TEST_STEP][PASSED] - ii = <not implemented yet for class: org.codehaus.groovy.ast.expr.EmptyExpression>: null

02-12-2024T02:38:32 - [TEST_STEP][PASSED] - for ([ii = 1, ii < 6, (ii++)]): null

02-12-2024T02:38:32 - [TEST_STEP][PASSED] - i1 = x.indexOf("/") + 1: null

02-12-2024T02:38:32 - [TEST_STEP][PASSED] - if (i1 > -1): null

02-12-2024T02:38:32 - [TEST_STEP][PASSED] - x = x.substring(i1, x.length()): null

02-12-2024T02:38:32 - [TEST_STEP][PASSED] - println(x): null

02-12-2024T02:38:32 - [TEST_STEP][PASSED] - i1 = x.indexOf("/") + 1: null

02-12-2024T02:38:32 - [TEST_STEP][PASSED] - if (i1 > -1): null

02-12-2024T02:38:32 - [TEST_STEP][PASSED] - x = x.substring(i1, x.length()): null

02-12-2024T02:38:32 - [TEST_STEP][PASSED] - println(x): null

02-12-2024T02:38:32 - [TEST_STEP][PASSED] - i1 = x.indexOf("/") + 1: null

02-12-2024T02:38:32 - [TEST_STEP][PASSED] - if (i1 > -1): null

02-12-2024T02:38:32 - [TEST_STEP][PASSED] - x = x.substring(i1, x.length()): null

02-12-2024T02:38:32 - [TEST_STEP][PASSED] - println(x): null

02-12-2024T02:38:32 - [TEST_STEP][PASSED] - i1 = x.indexOf("/") + 1: null

02-12-2024T02:38:32 - [TEST_STEP][PASSED] - if (i1 > -1): null

02-12-2024T02:38:32 - [TEST_STEP][PASSED] - x = x.substring(i1, x.length()): null

02-12-2024T02:38:32 - [TEST_STEP][PASSED] - println(x): null

02-12-2024T02:38:32 - [TEST_STEP][PASSED] - i1 = x.indexOf("/") + 1: null

02-12-2024T02:38:32 - [TEST_STEP][PASSED] - if (i1 > -1): null

02-12-2024T02:38:32 - [TEST_STEP][PASSED] - x = x.substring(i1, x.length()): null

02-12-2024T02:38:32 - [TEST_STEP][PASSED] - println(x): null

02-12-2024T02:38:32 - [TEST_STEP][PASSED] - i1 = x.indexOf("/"): null

02-12-2024T02:38:32 - [TEST_STEP][PASSED] - if (i1 > -1): null

02-12-2024T02:38:32 - [TEST_STEP][PASSED] - x = x.substring(0, i1): null

02-12-2024T02:38:32 - [TEST_STEP][PASSED] - println(x): null

02-12-2024T02:38:32 - [TEST_STEP][PASSED] - return x: null

02-12-2024T02:38:32 - [TEST_STEP][PASSED] - tabB = GetPFactB(x = b): null

02-12-2024T02:38:32 - [TEST_STEP][PASSED] - i1 = <not implemented yet for class: org.codehaus.groovy.ast.expr.EmptyExpression>: null

02-12-2024T02:38:32 - [TEST_STEP][PASSED] - ii = <not implemented yet for class: org.codehaus.groovy.ast.expr.EmptyExpression>: null

02-12-2024T02:38:32 - [TEST_STEP][PASSED] - for ([ii = 1, ii < 6, (ii++)]): null

02-12-2024T02:38:32 - [TEST_STEP][PASSED] - i1 = x.indexOf("/") + 1: null

02-12-2024T02:38:32 - [TEST_STEP][PASSED] - if (i1 > -1): null

02-12-2024T02:38:32 - [TEST_STEP][PASSED] - x = x.substring(i1, x.length()): null

02-12-2024T02:38:32 - [TEST_STEP][PASSED] - println(x): null

02-12-2024T02:38:32 - [TEST_STEP][PASSED] - i1 = x.indexOf("/") + 1: null

02-12-2024T02:38:32 - [TEST_STEP][PASSED] - if (i1 > -1): null

02-12-2024T02:38:32 - [TEST_STEP][PASSED] - x = x.substring(i1, x.length()): null

02-12-2024T02:38:32 - [TEST_STEP][PASSED] - println(x): null

02-12-2024T02:38:32 - [TEST_STEP][PASSED] - i1 = x.indexOf("/") + 1: null

02-12-2024T02:38:32 - [TEST_STEP][PASSED] - if (i1 > -1): null

02-12-2024T02:38:32 - [TEST_STEP][PASSED] - x = x.substring(i1, x.length()): null

02-12-2024T02:38:32 - [TEST_STEP][PASSED] - println(x): null

02-12-2024T02:38:32 - [TEST_STEP][PASSED] - i1 = x.indexOf("/") + 1: null

02-12-2024T02:38:32 - [TEST_STEP][PASSED] - if (i1 > -1): null

02-12-2024T02:38:32 - [TEST_STEP][PASSED] - x = x.substring(i1, x.length()): null

02-12-2024T02:38:32 - [TEST_STEP][PASSED] - println(x): null

02-12-2024T02:38:32 - [TEST_STEP][PASSED] - i1 = x.indexOf("/") + 1: null

02-12-2024T02:38:32 - [TEST_STEP][PASSED] - if (i1 > -1): null

02-12-2024T02:38:32 - [TEST_STEP][PASSED] - x = x.substring(i1, x.length()): null

02-12-2024T02:38:32 - [TEST_STEP][PASSED] - println(x): null

02-12-2024T02:38:32 - [TEST_STEP][PASSED] - i1 = x.indexOf("/"): null

02-12-2024T02:38:32 - [TEST_STEP][PASSED] - if (i1 > -1): null

02-12-2024T02:38:32 - [TEST_STEP][PASSED] - x = x.substring(0, i1): null

02-12-2024T02:38:32 - [TEST_STEP][PASSED] - println(x): null

02-12-2024T02:38:32 - [TEST_STEP][FAILED] - return x: null

02-12-2024T02:38:32 - [TEST_STEP][PASSED] - println(tabR + "/" + tabB): null

02-12-2024T02:38:32 - [TEST_STEP][FAILED] - if (verifyEqual(tabR, tabB) == false): null

02-12-2024T02:38:32 - [MESSAGE][FAILED] - Unable to verify equal between actual object 'нет данных' and expected object '3372962' (Root cause: com.kms.katalon.core.exception.StepFailedException: Actual object 'нет данных' and expected object '3372962' are not equal
	at com.kms.katalon.core.keyword.builtin.VerifyEqualKeyword$_verifyEqual_closure1.doCall(VerifyEqualKeyword.groovy:58)
	at com.kms.katalon.core.keyword.builtin.VerifyEqualKeyword$_verifyEqual_closure1.call(VerifyEqualKeyword.groovy)
	at com.kms.katalon.core.keyword.internal.KeywordMain.runKeyword(KeywordMain.groovy:75)
	at com.kms.katalon.core.keyword.builtin.VerifyEqualKeyword.verifyEqual(VerifyEqualKeyword.groovy:63)
	at com.kms.katalon.core.keyword.builtin.VerifyEqualKeyword.execute(VerifyEqualKeyword.groovy:44)
	at com.kms.katalon.core.keyword.internal.KeywordExecutor.executeKeywordForPlatform(KeywordExecutor.groovy:74)
	at com.kms.katalon.core.keyword.BuiltinKeywords.verifyEqual(BuiltinKeywords.groovy:146)
	at jdk.internal.reflect.GeneratedMethodAccessor25.invoke(Unknown Source)
	at java.base/jdk.internal.reflect.DelegatingMethodAccessorImpl.invoke(DelegatingMethodAccessorImpl.java:43)
	at Выполнение бизнес-плана сверка дашбордов.CompareDZOData(Выполнение бизнес-плана сверка дашбордов:730)
	at Выполнение бизнес-плана сверка дашбордов.run(Выполнение бизнес-плана сверка дашбордов:608)
	at com.kms.katalon.core.main.ScriptEngine.run(ScriptEngine.java:194)
	at com.kms.katalon.core.main.ScriptEngine.runScriptAsRawText(ScriptEngine.java:119)
	at com.kms.katalon.core.main.TestCaseExecutor.runScript(TestCaseExecutor.java:448)
	at com.kms.katalon.core.main.TestCaseExecutor.doExecute(TestCaseExecutor.java:439)
	at com.kms.katalon.core.main.TestCaseExecutor.processExecutionPhase(TestCaseExecutor.java:418)
	at com.kms.katalon.core.main.TestCaseExecutor.accessMainPhase(TestCaseExecutor.java:410)
	at com.kms.katalon.core.main.TestCaseExecutor.execute(TestCaseExecutor.java:285)
	at com.kms.katalon.core.common.CommonExecutor.accessTestCaseMainPhase(CommonExecutor.java:65)
	at com.kms.katalon.core.main.TestSuiteExecutor.accessTestSuiteMainPhase(TestSuiteExecutor.java:150)
	at com.kms.katalon.core.main.TestSuiteExecutor.execute(TestSuiteExecutor.java:106)
	at com.kms.katalon.core.main.TestCaseMain.startTestSuite(TestCaseMain.java:180)
	at TempTestSuite1733095732962.run(TempTestSuite1733095732962.groovy:35)
	at java.base/jdk.internal.reflect.NativeMethodAccessorImpl.invoke0(Native Method)
	at java.base/jdk.internal.reflect.NativeMethodAccessorImpl.invoke(NativeMethodAccessorImpl.java:77)
	at java.base/jdk.internal.reflect.DelegatingMethodAccessorImpl.invoke(DelegatingMethodAccessorImpl.java:43)
)

02-12-2024T02:38:32 - [TEST_STEP][PASSED] - result = WriteToExcel(typeOfData, todaysDate, PercPlanR, PercPlanB, PercFactR, PercFactB, x, tabR, tabB, o1R, o1B, vidget): null

02-12-2024T02:38:32 - [TEST_STEP][PASSED] - iii = dZO.indexOf("/"): null

02-12-2024T02:38:32 - [TEST_STEP][PASSED] - println(iii): null

02-12-2024T02:38:32 - [TEST_STEP][PASSED] - dZO = dZO.substring(0, iii): null

02-12-2024T02:38:32 - [TEST_STEP][PASSED] - println(dZO): null

02-12-2024T02:38:32 - [TEST_STEP][PASSED] - println(PercPlanR): null

02-12-2024T02:38:32 - [TEST_STEP][PASSED] - println(PercPlanB): null

02-12-2024T02:38:32 - [TEST_STEP][PASSED] - println(PercFactR): null

02-12-2024T02:38:32 - [TEST_STEP][PASSED] - println(PercFactB): null

02-12-2024T02:38:32 - [TEST_STEP][PASSED] - println(tabR): null

02-12-2024T02:38:32 - [TEST_STEP][PASSED] - println(tabB): null

02-12-2024T02:38:32 - [TEST_STEP][PASSED] - println(o1R): null

02-12-2024T02:38:32 - [TEST_STEP][PASSED] - println(o1B): null

02-12-2024T02:38:32 - [TEST_STEP][PASSED] - PR = <not implemented yet for class: org.codehaus.groovy.ast.expr.EmptyExpression>: null

02-12-2024T02:38:32 - [TEST_STEP][PASSED] - FR = <not implemented yet for class: org.codehaus.groovy.ast.expr.EmptyExpression>: null

02-12-2024T02:38:32 - [TEST_STEP][PASSED] - PB = <not implemented yet for class: org.codehaus.groovy.ast.expr.EmptyExpression>: null

02-12-2024T02:38:32 - [TEST_STEP][PASSED] - FB = <not implemented yet for class: org.codehaus.groovy.ast.expr.EmptyExpression>: null

02-12-2024T02:38:32 - [TEST_STEP][PASSED] - TR = <not implemented yet for class: org.codehaus.groovy.ast.expr.EmptyExpression>: null

02-12-2024T02:38:32 - [TEST_STEP][PASSED] - TB = <not implemented yet for class: org.codehaus.groovy.ast.expr.EmptyExpression>: null

02-12-2024T02:38:32 - [TEST_STEP][PASSED] - sheetName = "Sheet1": null

02-12-2024T02:38:32 - [TEST_STEP][PASSED] - data = findTestData("PlanFact"): null

02-12-2024T02:38:32 - [TEST_STEP][PASSED] - n = data.getRowNumbers() + 1: null

02-12-2024T02:38:32 - [TEST_STEP][PASSED] - year = todaysDate.substring(todaysDate.length() - 4, todaysDate.length()): null

02-12-2024T02:38:32 - [TEST_STEP][PASSED] - y = year.toInteger(): null

02-12-2024T02:38:32 - [TEST_STEP][PASSED] - m = getText(findTestObject("Выполнение бизнес-плана/Выполнение бизнес-плана Балансы/Фильтр Дата")): Text of object 'Object Repository/Выполнение бизнес-плана/Выполнение бизнес-плана Балансы/Фильтр Дата' is: '1, 2, 3 кв., Октябрь 2024 года'

02-12-2024T02:38:32 - [MESSAGE][PASSED] - Text of object 'Object Repository/Выполнение бизнес-плана/Выполнение бизнес-плана Балансы/Фильтр Дата' is: '1, 2, 3 кв., Октябрь 2024 года'

02-12-2024T02:38:32 - [TEST_STEP][PASSED] - m = m.substring(0, m.indexOf("2024")): null

02-12-2024T02:38:32 - [TEST_STEP][PASSED] - m = m.trim(): null

02-12-2024T02:38:32 - [TEST_STEP][PASSED] - dashboardName = "Выполнение бизнес-плана": null

02-12-2024T02:38:32 - [TEST_STEP][PASSED] - workbook01 = getWorkbook(excelFilePath): null

02-12-2024T02:38:32 - [TEST_STEP][PASSED] - sheet01 = getExcelSheet(workbook01, sheetName): null

02-12-2024T02:38:32 - [TEST_STEP][PASSED] - setValueToCellByIndex(sheet01, n, 0, dashboardName): null

02-12-2024T02:38:32 - [TEST_STEP][PASSED] - setValueToCellByIndex(sheet01, n, 1, dZO): null

02-12-2024T02:38:32 - [TEST_STEP][PASSED] - setValueToCellByIndex(sheet01, n, 2, typeOfData): null

02-12-2024T02:38:32 - [TEST_STEP][PASSED] - setValueToCellByIndex(sheet01, n, 3, typeOfData): null

02-12-2024T02:38:32 - [TEST_STEP][PASSED] - if (typeOfData == "План"): null

02-12-2024T02:38:32 - [TEST_STEP][PASSED] - else if (typeOfData == "Факт"): null

02-12-2024T02:38:32 - [TEST_STEP][PASSED] - else if (vidget.contains("электроэнергии") == true): null

02-12-2024T02:38:32 - [TEST_STEP][PASSED] - if (tabR == null): null

02-12-2024T02:38:32 - [TEST_STEP][PASSED] - else: null

02-12-2024T02:38:32 - [TEST_STEP][PASSED] - if (tabR == "нет данных"): null

02-12-2024T02:38:32 - [TEST_STEP][PASSED] - setValueToCellByIndex(sheet01, n, 4, "нет данных"): null

02-12-2024T02:38:32 - [TEST_STEP][PASSED] - if (tabB == null): null

02-12-2024T02:38:32 - [TEST_STEP][PASSED] - else: null

02-12-2024T02:38:32 - [TEST_STEP][PASSED] - if (tabB == "нет данных"): null

02-12-2024T02:38:32 - [TEST_STEP][PASSED] - else: null

02-12-2024T02:38:32 - [TEST_STEP][PASSED] - TB = tabB.toInteger(): null

02-12-2024T02:38:32 - [TEST_STEP][PASSED] - setValueToCellByIndex(sheet01, n, 5, TB): null

02-12-2024T02:38:32 - [TEST_STEP][PASSED] - setValueToCellByIndex(sheet01, n, 6, m): null

02-12-2024T02:38:32 - [TEST_STEP][PASSED] - setValueToCellByIndex(sheet01, n, 7, y): null

02-12-2024T02:38:32 - [TEST_STEP][PASSED] - setValueToCellByIndex(sheet01, n, 8, todaysDate): null

02-12-2024T02:38:32 - [TEST_STEP][PASSED] - n = n + 1: null

02-12-2024T02:38:32 - [TEST_STEP][PASSED] - saveWorkbook(excelFilePath, workbook01): null

02-12-2024T02:38:32 - [TEST_STEP][PASSED] - vidget = "Показатели баланса электроэнергии по ДЗО – План": null

02-12-2024T02:38:32 - [TEST_STEP][PASSED] - typeOfData = "План Отпуск в сеть": null

02-12-2024T02:38:32 - [TEST_STEP][PASSED] - tabR = GetOvSPlanR(x = a): null

02-12-2024T02:38:32 - [TEST_STEP][PASSED] - i1 = <not implemented yet for class: org.codehaus.groovy.ast.expr.EmptyExpression>: null

02-12-2024T02:38:32 - [TEST_STEP][PASSED] - ii = <not implemented yet for class: org.codehaus.groovy.ast.expr.EmptyExpression>: null

02-12-2024T02:38:32 - [TEST_STEP][PASSED] - for ([ii = 1, ii < 7, (ii++)]): null

02-12-2024T02:38:32 - [TEST_STEP][PASSED] - i1 = x.indexOf("/") + 1: null

02-12-2024T02:38:32 - [TEST_STEP][PASSED] - if (i1 > -1): null

02-12-2024T02:38:32 - [TEST_STEP][PASSED] - x = x.substring(i1, x.length()): null

02-12-2024T02:38:32 - [TEST_STEP][PASSED] - println(x): null

02-12-2024T02:38:32 - [TEST_STEP][PASSED] - i1 = x.indexOf("/") + 1: null

02-12-2024T02:38:32 - [TEST_STEP][PASSED] - if (i1 > -1): null

02-12-2024T02:38:32 - [TEST_STEP][PASSED] - x = x.substring(i1, x.length()): null

02-12-2024T02:38:32 - [TEST_STEP][PASSED] - println(x): null

02-12-2024T02:38:32 - [TEST_STEP][PASSED] - i1 = x.indexOf("/") + 1: null

02-12-2024T02:38:32 - [TEST_STEP][PASSED] - if (i1 > -1): null

02-12-2024T02:38:32 - [TEST_STEP][PASSED] - x = x.substring(i1, x.length()): null

02-12-2024T02:38:32 - [TEST_STEP][PASSED] - println(x): null

02-12-2024T02:38:32 - [TEST_STEP][PASSED] - i1 = x.indexOf("/") + 1: null

02-12-2024T02:38:32 - [TEST_STEP][PASSED] - if (i1 > -1): null

02-12-2024T02:38:32 - [TEST_STEP][PASSED] - x = x.substring(i1, x.length()): null

02-12-2024T02:38:32 - [TEST_STEP][PASSED] - println(x): null

02-12-2024T02:38:32 - [TEST_STEP][PASSED] - i1 = x.indexOf("/") + 1: null

02-12-2024T02:38:32 - [TEST_STEP][PASSED] - if (i1 > -1): null

02-12-2024T02:38:32 - [TEST_STEP][PASSED] - x = x.substring(i1, x.length()): null

02-12-2024T02:38:32 - [TEST_STEP][PASSED] - println(x): null

02-12-2024T02:38:32 - [TEST_STEP][PASSED] - i1 = x.indexOf("/") + 1: null

02-12-2024T02:38:32 - [TEST_STEP][PASSED] - if (i1 > -1): null

02-12-2024T02:38:32 - [TEST_STEP][PASSED] - x = x.substring(i1, x.length()): null

02-12-2024T02:38:32 - [TEST_STEP][PASSED] - println(x): null

02-12-2024T02:38:32 - [TEST_STEP][PASSED] - i1 = x.indexOf("/"): null

02-12-2024T02:38:32 - [TEST_STEP][PASSED] - if (i1 > -1): null

02-12-2024T02:38:32 - [TEST_STEP][PASSED] - x = x.substring(0, i1): null

02-12-2024T02:38:32 - [TEST_STEP][PASSED] - println(x): null

02-12-2024T02:38:32 - [TEST_STEP][PASSED] - return x: null

02-12-2024T02:38:32 - [TEST_STEP][PASSED] - tabB = GetOvSPlanB(x = b): null

02-12-2024T02:38:32 - [TEST_STEP][PASSED] - i1 = <not implemented yet for class: org.codehaus.groovy.ast.expr.EmptyExpression>: null

02-12-2024T02:38:32 - [TEST_STEP][PASSED] - ii = <not implemented yet for class: org.codehaus.groovy.ast.expr.EmptyExpression>: null

02-12-2024T02:38:32 - [TEST_STEP][PASSED] - for ([ii = 1, ii < 7, (ii++)]): null

02-12-2024T02:38:32 - [TEST_STEP][PASSED] - i1 = x.indexOf("/") + 1: null

02-12-2024T02:38:32 - [TEST_STEP][PASSED] - if (i1 > -1): null

02-12-2024T02:38:32 - [TEST_STEP][PASSED] - x = x.substring(i1, x.length()): null

02-12-2024T02:38:32 - [TEST_STEP][PASSED] - println(x): null

02-12-2024T02:38:32 - [TEST_STEP][PASSED] - i1 = x.indexOf("/") + 1: null

02-12-2024T02:38:32 - [TEST_STEP][PASSED] - if (i1 > -1): null

02-12-2024T02:38:32 - [TEST_STEP][PASSED] - x = x.substring(i1, x.length()): null

02-12-2024T02:38:32 - [TEST_STEP][PASSED] - println(x): null

02-12-2024T02:38:32 - [TEST_STEP][PASSED] - i1 = x.indexOf("/") + 1: null

02-12-2024T02:38:32 - [TEST_STEP][PASSED] - if (i1 > -1): null

02-12-2024T02:38:32 - [TEST_STEP][PASSED] - x = x.substring(i1, x.length()): null

02-12-2024T02:38:32 - [TEST_STEP][PASSED] - println(x): null

02-12-2024T02:38:32 - [TEST_STEP][PASSED] - i1 = x.indexOf("/") + 1: null

02-12-2024T02:38:32 - [TEST_STEP][PASSED] - if (i1 > -1): null

02-12-2024T02:38:32 - [TEST_STEP][PASSED] - x = x.substring(i1, x.length()): null

02-12-2024T02:38:32 - [TEST_STEP][PASSED] - println(x): null

02-12-2024T02:38:32 - [TEST_STEP][PASSED] - i1 = x.indexOf("/") + 1: null

02-12-2024T02:38:32 - [TEST_STEP][PASSED] - if (i1 > -1): null

02-12-2024T02:38:32 - [TEST_STEP][PASSED] - x = x.substring(i1, x.length()): null

02-12-2024T02:38:32 - [TEST_STEP][PASSED] - println(x): null

02-12-2024T02:38:32 - [TEST_STEP][PASSED] - i1 = x.indexOf("/") + 1: null

02-12-2024T02:38:32 - [TEST_STEP][PASSED] - if (i1 > -1): null

02-12-2024T02:38:32 - [TEST_STEP][PASSED] - x = x.substring(i1, x.length()): null

02-12-2024T02:38:32 - [TEST_STEP][PASSED] - println(x): null

02-12-2024T02:38:32 - [TEST_STEP][PASSED] - i1 = x.indexOf("/"): null

02-12-2024T02:38:32 - [TEST_STEP][PASSED] - if (i1 > -1): null

02-12-2024T02:38:32 - [TEST_STEP][PASSED] - x = x.substring(0, i1): null

02-12-2024T02:38:32 - [TEST_STEP][PASSED] - println(x): null

02-12-2024T02:38:32 - [TEST_STEP][FAILED] - return x: null

02-12-2024T02:38:32 - [TEST_STEP][PASSED] - println(tabR + "/" + tabB): null

02-12-2024T02:38:32 - [TEST_STEP][FAILED] - if (verifyEqual(PercFactR, PercFactB) == false): null

02-12-2024T02:38:32 - [MESSAGE][FAILED] - Unable to verify equal between actual object 'нет данных' and expected object '10.72' (Root cause: com.kms.katalon.core.exception.StepFailedException: Actual object 'нет данных' and expected object '10.72' are not equal
	at com.kms.katalon.core.keyword.builtin.VerifyEqualKeyword$_verifyEqual_closure1.doCall(VerifyEqualKeyword.groovy:58)
	at com.kms.katalon.core.keyword.builtin.VerifyEqualKeyword$_verifyEqual_closure1.call(VerifyEqualKeyword.groovy)
	at com.kms.katalon.core.keyword.internal.KeywordMain.runKeyword(KeywordMain.groovy:75)
	at com.kms.katalon.core.keyword.builtin.VerifyEqualKeyword.verifyEqual(VerifyEqualKeyword.groovy:63)
	at com.kms.katalon.core.keyword.builtin.VerifyEqualKeyword.execute(VerifyEqualKeyword.groovy:44)
	at com.kms.katalon.core.keyword.internal.KeywordExecutor.executeKeywordForPlatform(KeywordExecutor.groovy:74)
	at com.kms.katalon.core.keyword.BuiltinKeywords.verifyEqual(BuiltinKeywords.groovy:146)
	at jdk.internal.reflect.GeneratedMethodAccessor25.invoke(Unknown Source)
	at java.base/jdk.internal.reflect.DelegatingMethodAccessorImpl.invoke(DelegatingMethodAccessorImpl.java:43)
	at Выполнение бизнес-плана сверка дашбордов.CompareDZOData(Выполнение бизнес-плана сверка дашбордов:745)
	at Выполнение бизнес-плана сверка дашбордов.run(Выполнение бизнес-плана сверка дашбордов:608)
	at com.kms.katalon.core.main.ScriptEngine.run(ScriptEngine.java:194)
	at com.kms.katalon.core.main.ScriptEngine.runScriptAsRawText(ScriptEngine.java:119)
	at com.kms.katalon.core.main.TestCaseExecutor.runScript(TestCaseExecutor.java:448)
	at com.kms.katalon.core.main.TestCaseExecutor.doExecute(TestCaseExecutor.java:439)
	at com.kms.katalon.core.main.TestCaseExecutor.processExecutionPhase(TestCaseExecutor.java:418)
	at com.kms.katalon.core.main.TestCaseExecutor.accessMainPhase(TestCaseExecutor.java:410)
	at com.kms.katalon.core.main.TestCaseExecutor.execute(TestCaseExecutor.java:285)
	at com.kms.katalon.core.common.CommonExecutor.accessTestCaseMainPhase(CommonExecutor.java:65)
	at com.kms.katalon.core.main.TestSuiteExecutor.accessTestSuiteMainPhase(TestSuiteExecutor.java:150)
	at com.kms.katalon.core.main.TestSuiteExecutor.execute(TestSuiteExecutor.java:106)
	at com.kms.katalon.core.main.TestCaseMain.startTestSuite(TestCaseMain.java:180)
	at TempTestSuite1733095732962.run(TempTestSuite1733095732962.groovy:35)
	at java.base/jdk.internal.reflect.NativeMethodAccessorImpl.invoke0(Native Method)
	at java.base/jdk.internal.reflect.NativeMethodAccessorImpl.invoke(NativeMethodAccessorImpl.java:77)
	at java.base/jdk.internal.reflect.DelegatingMethodAccessorImpl.invoke(DelegatingMethodAccessorImpl.java:43)
)

02-12-2024T02:38:32 - [TEST_STEP][PASSED] - result = WriteToExcel(typeOfData, todaysDate, PercPlanR, PercPlanB, PercFactR, PercFactB, x, tabR, tabB, o1R, o1B, vidget): null

02-12-2024T02:38:32 - [TEST_STEP][PASSED] - iii = dZO.indexOf("/"): null

02-12-2024T02:38:32 - [TEST_STEP][PASSED] - println(iii): null

02-12-2024T02:38:32 - [TEST_STEP][PASSED] - dZO = dZO.substring(0, iii): null

02-12-2024T02:38:32 - [TEST_STEP][PASSED] - println(dZO): null

02-12-2024T02:38:32 - [TEST_STEP][PASSED] - println(PercPlanR): null

02-12-2024T02:38:32 - [TEST_STEP][PASSED] - println(PercPlanB): null

02-12-2024T02:38:32 - [TEST_STEP][PASSED] - println(PercFactR): null

02-12-2024T02:38:32 - [TEST_STEP][PASSED] - println(PercFactB): null

02-12-2024T02:38:32 - [TEST_STEP][PASSED] - println(tabR): null

02-12-2024T02:38:32 - [TEST_STEP][PASSED] - println(tabB): null

02-12-2024T02:38:32 - [TEST_STEP][PASSED] - println(o1R): null

02-12-2024T02:38:32 - [TEST_STEP][PASSED] - println(o1B): null

02-12-2024T02:38:32 - [TEST_STEP][PASSED] - PR = <not implemented yet for class: org.codehaus.groovy.ast.expr.EmptyExpression>: null

02-12-2024T02:38:32 - [TEST_STEP][PASSED] - FR = <not implemented yet for class: org.codehaus.groovy.ast.expr.EmptyExpression>: null

02-12-2024T02:38:32 - [TEST_STEP][PASSED] - PB = <not implemented yet for class: org.codehaus.groovy.ast.expr.EmptyExpression>: null

02-12-2024T02:38:32 - [TEST_STEP][PASSED] - FB = <not implemented yet for class: org.codehaus.groovy.ast.expr.EmptyExpression>: null

02-12-2024T02:38:32 - [TEST_STEP][PASSED] - TR = <not implemented yet for class: org.codehaus.groovy.ast.expr.EmptyExpression>: null

02-12-2024T02:38:32 - [TEST_STEP][PASSED] - TB = <not implemented yet for class: org.codehaus.groovy.ast.expr.EmptyExpression>: null

02-12-2024T02:38:32 - [TEST_STEP][PASSED] - sheetName = "Sheet1": null

02-12-2024T02:38:32 - [TEST_STEP][PASSED] - data = findTestData("PlanFact"): null

02-12-2024T02:38:32 - [TEST_STEP][PASSED] - n = data.getRowNumbers() + 1: null

02-12-2024T02:38:32 - [TEST_STEP][PASSED] - year = todaysDate.substring(todaysDate.length() - 4, todaysDate.length()): null

02-12-2024T02:38:32 - [TEST_STEP][PASSED] - y = year.toInteger(): null

02-12-2024T02:38:32 - [TEST_STEP][PASSED] - m = getText(findTestObject("Выполнение бизнес-плана/Выполнение бизнес-плана Балансы/Фильтр Дата")): Text of object 'Object Repository/Выполнение бизнес-плана/Выполнение бизнес-плана Балансы/Фильтр Дата' is: '1, 2, 3 кв., Октябрь 2024 года'

02-12-2024T02:38:33 - [MESSAGE][PASSED] - Text of object 'Object Repository/Выполнение бизнес-плана/Выполнение бизнес-плана Балансы/Фильтр Дата' is: '1, 2, 3 кв., Октябрь 2024 года'

02-12-2024T02:38:33 - [TEST_STEP][PASSED] - m = m.substring(0, m.indexOf("2024")): null

02-12-2024T02:38:33 - [TEST_STEP][PASSED] - m = m.trim(): null

02-12-2024T02:38:33 - [TEST_STEP][PASSED] - dashboardName = "Выполнение бизнес-плана": null

02-12-2024T02:38:33 - [TEST_STEP][PASSED] - workbook01 = getWorkbook(excelFilePath): null

02-12-2024T02:38:33 - [TEST_STEP][PASSED] - sheet01 = getExcelSheet(workbook01, sheetName): null

02-12-2024T02:38:33 - [TEST_STEP][PASSED] - setValueToCellByIndex(sheet01, n, 0, dashboardName): null

02-12-2024T02:38:33 - [TEST_STEP][PASSED] - setValueToCellByIndex(sheet01, n, 1, dZO): null

02-12-2024T02:38:33 - [TEST_STEP][PASSED] - setValueToCellByIndex(sheet01, n, 2, typeOfData): null

02-12-2024T02:38:33 - [TEST_STEP][PASSED] - setValueToCellByIndex(sheet01, n, 3, typeOfData): null

02-12-2024T02:38:33 - [TEST_STEP][PASSED] - if (typeOfData == "План"): null

02-12-2024T02:38:33 - [TEST_STEP][PASSED] - else if (typeOfData == "Факт"): null

02-12-2024T02:38:33 - [TEST_STEP][PASSED] - else if (vidget.contains("электроэнергии") == true): null

02-12-2024T02:38:33 - [TEST_STEP][PASSED] - if (tabR == null): null

02-12-2024T02:38:33 - [TEST_STEP][PASSED] - else: null

02-12-2024T02:38:33 - [TEST_STEP][PASSED] - if (tabR == "нет данных"): null

02-12-2024T02:38:33 - [TEST_STEP][PASSED] - setValueToCellByIndex(sheet01, n, 4, "нет данных"): null

02-12-2024T02:38:33 - [TEST_STEP][PASSED] - if (tabB == null): null

02-12-2024T02:38:33 - [TEST_STEP][PASSED] - else: null

02-12-2024T02:38:33 - [TEST_STEP][PASSED] - if (tabB == "нет данных"): null

02-12-2024T02:38:33 - [TEST_STEP][PASSED] - else: null

02-12-2024T02:38:33 - [TEST_STEP][PASSED] - TB = tabB.toInteger(): null

02-12-2024T02:38:33 - [TEST_STEP][PASSED] - setValueToCellByIndex(sheet01, n, 5, TB): null

02-12-2024T02:38:33 - [TEST_STEP][PASSED] - setValueToCellByIndex(sheet01, n, 6, m): null

02-12-2024T02:38:33 - [TEST_STEP][PASSED] - setValueToCellByIndex(sheet01, n, 7, y): null

02-12-2024T02:38:33 - [TEST_STEP][PASSED] - setValueToCellByIndex(sheet01, n, 8, todaysDate): null

02-12-2024T02:38:33 - [TEST_STEP][PASSED] - n = n + 1: null

02-12-2024T02:38:33 - [TEST_STEP][PASSED] - saveWorkbook(excelFilePath, workbook01): null

02-12-2024T02:38:33 - [TEST_STEP][PASSED] - typeOfData = "План Отпуск из сети": null

02-12-2024T02:38:33 - [TEST_STEP][PASSED] - tabR = GetOiSPlanR(x = a): null

02-12-2024T02:38:33 - [TEST_STEP][PASSED] - i1 = <not implemented yet for class: org.codehaus.groovy.ast.expr.EmptyExpression>: null

02-12-2024T02:38:33 - [TEST_STEP][PASSED] - ii = <not implemented yet for class: org.codehaus.groovy.ast.expr.EmptyExpression>: null

02-12-2024T02:38:33 - [TEST_STEP][PASSED] - for ([ii = 1, ii < 8, (ii++)]): null

02-12-2024T02:38:33 - [TEST_STEP][PASSED] - i1 = x.indexOf("/") + 1: null

02-12-2024T02:38:33 - [TEST_STEP][PASSED] - if (i1 > -1): null

02-12-2024T02:38:33 - [TEST_STEP][PASSED] - x = x.substring(i1, x.length()): null

02-12-2024T02:38:33 - [TEST_STEP][PASSED] - println(x): null

02-12-2024T02:38:33 - [TEST_STEP][PASSED] - i1 = x.indexOf("/") + 1: null

02-12-2024T02:38:33 - [TEST_STEP][PASSED] - if (i1 > -1): null

02-12-2024T02:38:33 - [TEST_STEP][PASSED] - x = x.substring(i1, x.length()): null

02-12-2024T02:38:33 - [TEST_STEP][PASSED] - println(x): null

02-12-2024T02:38:33 - [TEST_STEP][PASSED] - i1 = x.indexOf("/") + 1: null

02-12-2024T02:38:33 - [TEST_STEP][PASSED] - if (i1 > -1): null

02-12-2024T02:38:33 - [TEST_STEP][PASSED] - x = x.substring(i1, x.length()): null

02-12-2024T02:38:33 - [TEST_STEP][PASSED] - println(x): null

02-12-2024T02:38:33 - [TEST_STEP][PASSED] - i1 = x.indexOf("/") + 1: null

02-12-2024T02:38:33 - [TEST_STEP][PASSED] - if (i1 > -1): null

02-12-2024T02:38:33 - [TEST_STEP][PASSED] - x = x.substring(i1, x.length()): null

02-12-2024T02:38:33 - [TEST_STEP][PASSED] - println(x): null

02-12-2024T02:38:33 - [TEST_STEP][PASSED] - i1 = x.indexOf("/") + 1: null

02-12-2024T02:38:33 - [TEST_STEP][PASSED] - if (i1 > -1): null

02-12-2024T02:38:33 - [TEST_STEP][PASSED] - x = x.substring(i1, x.length()): null

02-12-2024T02:38:33 - [TEST_STEP][PASSED] - println(x): null

02-12-2024T02:38:33 - [TEST_STEP][PASSED] - i1 = x.indexOf("/") + 1: null

02-12-2024T02:38:33 - [TEST_STEP][PASSED] - if (i1 > -1): null

02-12-2024T02:38:33 - [TEST_STEP][PASSED] - x = x.substring(i1, x.length()): null

02-12-2024T02:38:33 - [TEST_STEP][PASSED] - println(x): null

02-12-2024T02:38:33 - [TEST_STEP][PASSED] - i1 = x.indexOf("/") + 1: null

02-12-2024T02:38:33 - [TEST_STEP][PASSED] - if (i1 > -1): null

02-12-2024T02:38:33 - [TEST_STEP][PASSED] - x = x.substring(i1, x.length()): null

02-12-2024T02:38:33 - [TEST_STEP][PASSED] - println(x): null

02-12-2024T02:38:33 - [TEST_STEP][PASSED] - i1 = x.indexOf("/"): null

02-12-2024T02:38:33 - [TEST_STEP][PASSED] - if (i1 > -1): null

02-12-2024T02:38:33 - [TEST_STEP][PASSED] - x = x.substring(0, i1): null

02-12-2024T02:38:33 - [TEST_STEP][PASSED] - println(x): null

02-12-2024T02:38:33 - [TEST_STEP][PASSED] - return x: null

02-12-2024T02:38:33 - [TEST_STEP][PASSED] - tabB = GetOiSPlanB(x = b): null

02-12-2024T02:38:33 - [TEST_STEP][PASSED] - i1 = <not implemented yet for class: org.codehaus.groovy.ast.expr.EmptyExpression>: null

02-12-2024T02:38:33 - [TEST_STEP][PASSED] - ii = <not implemented yet for class: org.codehaus.groovy.ast.expr.EmptyExpression>: null

02-12-2024T02:38:33 - [TEST_STEP][PASSED] - for ([ii = 1, ii < 8, (ii++)]): null

02-12-2024T02:38:33 - [TEST_STEP][PASSED] - i1 = x.indexOf("/") + 1: null

02-12-2024T02:38:33 - [TEST_STEP][PASSED] - if (i1 > -1): null

02-12-2024T02:38:33 - [TEST_STEP][PASSED] - x = x.substring(i1, x.length()): null

02-12-2024T02:38:33 - [TEST_STEP][PASSED] - println(x): null

02-12-2024T02:38:33 - [TEST_STEP][PASSED] - i1 = x.indexOf("/") + 1: null

02-12-2024T02:38:33 - [TEST_STEP][PASSED] - if (i1 > -1): null

02-12-2024T02:38:33 - [TEST_STEP][PASSED] - x = x.substring(i1, x.length()): null

02-12-2024T02:38:33 - [TEST_STEP][PASSED] - println(x): null

02-12-2024T02:38:33 - [TEST_STEP][PASSED] - i1 = x.indexOf("/") + 1: null

02-12-2024T02:38:33 - [TEST_STEP][PASSED] - if (i1 > -1): null

02-12-2024T02:38:33 - [TEST_STEP][PASSED] - x = x.substring(i1, x.length()): null

02-12-2024T02:38:33 - [TEST_STEP][PASSED] - println(x): null

02-12-2024T02:38:33 - [TEST_STEP][PASSED] - i1 = x.indexOf("/") + 1: null

02-12-2024T02:38:33 - [TEST_STEP][PASSED] - if (i1 > -1): null

02-12-2024T02:38:33 - [TEST_STEP][PASSED] - x = x.substring(i1, x.length()): null

02-12-2024T02:38:33 - [TEST_STEP][PASSED] - println(x): null

02-12-2024T02:38:33 - [TEST_STEP][PASSED] - i1 = x.indexOf("/") + 1: null

02-12-2024T02:38:33 - [TEST_STEP][PASSED] - if (i1 > -1): null

02-12-2024T02:38:33 - [TEST_STEP][PASSED] - x = x.substring(i1, x.length()): null

02-12-2024T02:38:33 - [TEST_STEP][PASSED] - println(x): null

02-12-2024T02:38:33 - [TEST_STEP][PASSED] - i1 = x.indexOf("/") + 1: null

02-12-2024T02:38:33 - [TEST_STEP][PASSED] - if (i1 > -1): null

02-12-2024T02:38:33 - [TEST_STEP][PASSED] - x = x.substring(i1, x.length()): null

02-12-2024T02:38:33 - [TEST_STEP][PASSED] - println(x): null

02-12-2024T02:38:33 - [TEST_STEP][PASSED] - i1 = x.indexOf("/") + 1: null

02-12-2024T02:38:33 - [TEST_STEP][PASSED] - if (i1 > -1): null

02-12-2024T02:38:33 - [TEST_STEP][PASSED] - x = x.substring(i1, x.length()): null

02-12-2024T02:38:33 - [TEST_STEP][PASSED] - println(x): null

02-12-2024T02:38:33 - [TEST_STEP][PASSED] - i1 = x.indexOf("/"): null

02-12-2024T02:38:33 - [TEST_STEP][PASSED] - if (i1 > -1): null

02-12-2024T02:38:33 - [TEST_STEP][PASSED] - x = x.substring(0, i1): null

02-12-2024T02:38:33 - [TEST_STEP][PASSED] - println(x): null

02-12-2024T02:38:33 - [TEST_STEP][FAILED] - return x: null

02-12-2024T02:38:33 - [TEST_STEP][PASSED] - println(tabR + "/" + tabB): null

02-12-2024T02:38:33 - [TEST_STEP][FAILED] - if (verifyEqual(PercFactR, PercFactB) == false): null

02-12-2024T02:38:33 - [MESSAGE][FAILED] - Unable to verify equal between actual object 'нет данных' and expected object '10.72' (Root cause: com.kms.katalon.core.exception.StepFailedException: Actual object 'нет данных' and expected object '10.72' are not equal
	at com.kms.katalon.core.keyword.builtin.VerifyEqualKeyword$_verifyEqual_closure1.doCall(VerifyEqualKeyword.groovy:58)
	at com.kms.katalon.core.keyword.builtin.VerifyEqualKeyword$_verifyEqual_closure1.call(VerifyEqualKeyword.groovy)
	at com.kms.katalon.core.keyword.internal.KeywordMain.runKeyword(KeywordMain.groovy:75)
	at com.kms.katalon.core.keyword.builtin.VerifyEqualKeyword.verifyEqual(VerifyEqualKeyword.groovy:63)
	at com.kms.katalon.core.keyword.builtin.VerifyEqualKeyword.execute(VerifyEqualKeyword.groovy:44)
	at com.kms.katalon.core.keyword.internal.KeywordExecutor.executeKeywordForPlatform(KeywordExecutor.groovy:74)
	at com.kms.katalon.core.keyword.BuiltinKeywords.verifyEqual(BuiltinKeywords.groovy:146)
	at jdk.internal.reflect.GeneratedMethodAccessor25.invoke(Unknown Source)
	at java.base/jdk.internal.reflect.DelegatingMethodAccessorImpl.invoke(DelegatingMethodAccessorImpl.java:43)
	at Выполнение бизнес-плана сверка дашбордов.CompareDZOData(Выполнение бизнес-плана сверка дашбордов:758)
	at Выполнение бизнес-плана сверка дашбордов.run(Выполнение бизнес-плана сверка дашбордов:608)
	at com.kms.katalon.core.main.ScriptEngine.run(ScriptEngine.java:194)
	at com.kms.katalon.core.main.ScriptEngine.runScriptAsRawText(ScriptEngine.java:119)
	at com.kms.katalon.core.main.TestCaseExecutor.runScript(TestCaseExecutor.java:448)
	at com.kms.katalon.core.main.TestCaseExecutor.doExecute(TestCaseExecutor.java:439)
	at com.kms.katalon.core.main.TestCaseExecutor.processExecutionPhase(TestCaseExecutor.java:418)
	at com.kms.katalon.core.main.TestCaseExecutor.accessMainPhase(TestCaseExecutor.java:410)
	at com.kms.katalon.core.main.TestCaseExecutor.execute(TestCaseExecutor.java:285)
	at com.kms.katalon.core.common.CommonExecutor.accessTestCaseMainPhase(CommonExecutor.java:65)
	at com.kms.katalon.core.main.TestSuiteExecutor.accessTestSuiteMainPhase(TestSuiteExecutor.java:150)
	at com.kms.katalon.core.main.TestSuiteExecutor.execute(TestSuiteExecutor.java:106)
	at com.kms.katalon.core.main.TestCaseMain.startTestSuite(TestCaseMain.java:180)
	at TempTestSuite1733095732962.run(TempTestSuite1733095732962.groovy:35)
	at java.base/jdk.internal.reflect.NativeMethodAccessorImpl.invoke0(Native Method)
	at java.base/jdk.internal.reflect.NativeMethodAccessorImpl.invoke(NativeMethodAccessorImpl.java:77)
	at java.base/jdk.internal.reflect.DelegatingMethodAccessorImpl.invoke(DelegatingMethodAccessorImpl.java:43)
)

02-12-2024T02:38:33 - [TEST_STEP][PASSED] - result = WriteToExcel(typeOfData, todaysDate, PercPlanR, PercPlanB, PercFactR, PercFactB, x, tabR, tabB, o1R, o1B, vidget): null

02-12-2024T02:38:33 - [TEST_STEP][PASSED] - iii = dZO.indexOf("/"): null

02-12-2024T02:38:33 - [TEST_STEP][PASSED] - println(iii): null

02-12-2024T02:38:33 - [TEST_STEP][PASSED] - dZO = dZO.substring(0, iii): null

02-12-2024T02:38:33 - [TEST_STEP][PASSED] - println(dZO): null

02-12-2024T02:38:33 - [TEST_STEP][PASSED] - println(PercPlanR): null

02-12-2024T02:38:33 - [TEST_STEP][PASSED] - println(PercPlanB): null

02-12-2024T02:38:33 - [TEST_STEP][PASSED] - println(PercFactR): null

02-12-2024T02:38:33 - [TEST_STEP][PASSED] - println(PercFactB): null

02-12-2024T02:38:33 - [TEST_STEP][PASSED] - println(tabR): null

02-12-2024T02:38:33 - [TEST_STEP][PASSED] - println(tabB): null

02-12-2024T02:38:33 - [TEST_STEP][PASSED] - println(o1R): null

02-12-2024T02:38:33 - [TEST_STEP][PASSED] - println(o1B): null

02-12-2024T02:38:33 - [TEST_STEP][PASSED] - PR = <not implemented yet for class: org.codehaus.groovy.ast.expr.EmptyExpression>: null

02-12-2024T02:38:33 - [TEST_STEP][PASSED] - FR = <not implemented yet for class: org.codehaus.groovy.ast.expr.EmptyExpression>: null

02-12-2024T02:38:33 - [TEST_STEP][PASSED] - PB = <not implemented yet for class: org.codehaus.groovy.ast.expr.EmptyExpression>: null

02-12-2024T02:38:33 - [TEST_STEP][PASSED] - FB = <not implemented yet for class: org.codehaus.groovy.ast.expr.EmptyExpression>: null

02-12-2024T02:38:33 - [TEST_STEP][PASSED] - TR = <not implemented yet for class: org.codehaus.groovy.ast.expr.EmptyExpression>: null

02-12-2024T02:38:33 - [TEST_STEP][PASSED] - TB = <not implemented yet for class: org.codehaus.groovy.ast.expr.EmptyExpression>: null

02-12-2024T02:38:33 - [TEST_STEP][PASSED] - sheetName = "Sheet1": null

02-12-2024T02:38:33 - [TEST_STEP][PASSED] - data = findTestData("PlanFact"): null

02-12-2024T02:38:33 - [TEST_STEP][PASSED] - n = data.getRowNumbers() + 1: null

02-12-2024T02:38:33 - [TEST_STEP][PASSED] - year = todaysDate.substring(todaysDate.length() - 4, todaysDate.length()): null

02-12-2024T02:38:33 - [TEST_STEP][PASSED] - y = year.toInteger(): null

02-12-2024T02:38:33 - [TEST_STEP][PASSED] - m = getText(findTestObject("Выполнение бизнес-плана/Выполнение бизнес-плана Балансы/Фильтр Дата")): Text of object 'Object Repository/Выполнение бизнес-плана/Выполнение бизнес-плана Балансы/Фильтр Дата' is: '1, 2, 3 кв., Октябрь 2024 года'

02-12-2024T02:38:33 - [MESSAGE][PASSED] - Text of object 'Object Repository/Выполнение бизнес-плана/Выполнение бизнес-плана Балансы/Фильтр Дата' is: '1, 2, 3 кв., Октябрь 2024 года'

02-12-2024T02:38:33 - [TEST_STEP][PASSED] - m = m.substring(0, m.indexOf("2024")): null

02-12-2024T02:38:33 - [TEST_STEP][PASSED] - m = m.trim(): null

02-12-2024T02:38:33 - [TEST_STEP][PASSED] - dashboardName = "Выполнение бизнес-плана": null

02-12-2024T02:38:33 - [TEST_STEP][PASSED] - workbook01 = getWorkbook(excelFilePath): null

02-12-2024T02:38:34 - [TEST_STEP][PASSED] - sheet01 = getExcelSheet(workbook01, sheetName): null

02-12-2024T02:38:34 - [TEST_STEP][PASSED] - setValueToCellByIndex(sheet01, n, 0, dashboardName): null

02-12-2024T02:38:34 - [TEST_STEP][PASSED] - setValueToCellByIndex(sheet01, n, 1, dZO): null

02-12-2024T02:38:34 - [TEST_STEP][PASSED] - setValueToCellByIndex(sheet01, n, 2, typeOfData): null

02-12-2024T02:38:34 - [TEST_STEP][PASSED] - setValueToCellByIndex(sheet01, n, 3, typeOfData): null

02-12-2024T02:38:34 - [TEST_STEP][PASSED] - if (typeOfData == "План"): null

02-12-2024T02:38:34 - [TEST_STEP][PASSED] - else if (typeOfData == "Факт"): null

02-12-2024T02:38:34 - [TEST_STEP][PASSED] - else if (vidget.contains("электроэнергии") == true): null

02-12-2024T02:38:34 - [TEST_STEP][PASSED] - if (tabR == null): null

02-12-2024T02:38:34 - [TEST_STEP][PASSED] - else: null

02-12-2024T02:38:34 - [TEST_STEP][PASSED] - if (tabR == "нет данных"): null

02-12-2024T02:38:34 - [TEST_STEP][PASSED] - setValueToCellByIndex(sheet01, n, 4, "нет данных"): null

02-12-2024T02:38:34 - [TEST_STEP][PASSED] - if (tabB == null): null

02-12-2024T02:38:34 - [TEST_STEP][PASSED] - else: null

02-12-2024T02:38:34 - [TEST_STEP][PASSED] - if (tabB == "нет данных"): null

02-12-2024T02:38:34 - [TEST_STEP][PASSED] - else: null

02-12-2024T02:38:34 - [TEST_STEP][PASSED] - TB = tabB.toInteger(): null

02-12-2024T02:38:34 - [TEST_STEP][PASSED] - setValueToCellByIndex(sheet01, n, 5, TB): null

02-12-2024T02:38:34 - [TEST_STEP][PASSED] - setValueToCellByIndex(sheet01, n, 6, m): null

02-12-2024T02:38:34 - [TEST_STEP][PASSED] - setValueToCellByIndex(sheet01, n, 7, y): null

02-12-2024T02:38:34 - [TEST_STEP][PASSED] - setValueToCellByIndex(sheet01, n, 8, todaysDate): null

02-12-2024T02:38:34 - [TEST_STEP][PASSED] - n = n + 1: null

02-12-2024T02:38:34 - [TEST_STEP][PASSED] - saveWorkbook(excelFilePath, workbook01): null

02-12-2024T02:38:34 - [TEST_STEP][PASSED] - typeOfData = "План Потери": null

02-12-2024T02:38:34 - [TEST_STEP][PASSED] - tabR = GetPPlanR(x = a): null

02-12-2024T02:38:34 - [TEST_STEP][PASSED] - i1 = <not implemented yet for class: org.codehaus.groovy.ast.expr.EmptyExpression>: null

02-12-2024T02:38:34 - [TEST_STEP][PASSED] - ii = <not implemented yet for class: org.codehaus.groovy.ast.expr.EmptyExpression>: null

02-12-2024T02:38:34 - [TEST_STEP][PASSED] - for ([ii = 1, ii < 9, (ii++)]): null

02-12-2024T02:38:34 - [TEST_STEP][PASSED] - i1 = x.indexOf("/") + 1: null

02-12-2024T02:38:34 - [TEST_STEP][PASSED] - if (i1 > -1): null

02-12-2024T02:38:34 - [TEST_STEP][PASSED] - x = x.substring(i1, x.length()): null

02-12-2024T02:38:34 - [TEST_STEP][PASSED] - println(x): null

02-12-2024T02:38:34 - [TEST_STEP][PASSED] - i1 = x.indexOf("/") + 1: null

02-12-2024T02:38:34 - [TEST_STEP][PASSED] - if (i1 > -1): null

02-12-2024T02:38:34 - [TEST_STEP][PASSED] - x = x.substring(i1, x.length()): null

02-12-2024T02:38:34 - [TEST_STEP][PASSED] - println(x): null

02-12-2024T02:38:34 - [TEST_STEP][PASSED] - i1 = x.indexOf("/") + 1: null

02-12-2024T02:38:34 - [TEST_STEP][PASSED] - if (i1 > -1): null

02-12-2024T02:38:34 - [TEST_STEP][PASSED] - x = x.substring(i1, x.length()): null

02-12-2024T02:38:34 - [TEST_STEP][PASSED] - println(x): null

02-12-2024T02:38:34 - [TEST_STEP][PASSED] - i1 = x.indexOf("/") + 1: null

02-12-2024T02:38:34 - [TEST_STEP][PASSED] - if (i1 > -1): null

02-12-2024T02:38:34 - [TEST_STEP][PASSED] - x = x.substring(i1, x.length()): null

02-12-2024T02:38:34 - [TEST_STEP][PASSED] - println(x): null

02-12-2024T02:38:34 - [TEST_STEP][PASSED] - i1 = x.indexOf("/") + 1: null

02-12-2024T02:38:34 - [TEST_STEP][PASSED] - if (i1 > -1): null

02-12-2024T02:38:34 - [TEST_STEP][PASSED] - x = x.substring(i1, x.length()): null

02-12-2024T02:38:34 - [TEST_STEP][PASSED] - println(x): null

02-12-2024T02:38:34 - [TEST_STEP][PASSED] - i1 = x.indexOf("/") + 1: null

02-12-2024T02:38:34 - [TEST_STEP][PASSED] - if (i1 > -1): null

02-12-2024T02:38:34 - [TEST_STEP][PASSED] - x = x.substring(i1, x.length()): null

02-12-2024T02:38:34 - [TEST_STEP][PASSED] - println(x): null

02-12-2024T02:38:34 - [TEST_STEP][PASSED] - i1 = x.indexOf("/") + 1: null

02-12-2024T02:38:34 - [TEST_STEP][PASSED] - if (i1 > -1): null

02-12-2024T02:38:34 - [TEST_STEP][PASSED] - x = x.substring(i1, x.length()): null

02-12-2024T02:38:34 - [TEST_STEP][PASSED] - println(x): null

02-12-2024T02:38:34 - [TEST_STEP][PASSED] - i1 = x.indexOf("/") + 1: null

02-12-2024T02:38:34 - [TEST_STEP][PASSED] - if (i1 > -1): null

02-12-2024T02:38:34 - [TEST_STEP][PASSED] - x = x.substring(i1, x.length()): null

02-12-2024T02:38:34 - [TEST_STEP][PASSED] - println(x): null

02-12-2024T02:38:34 - [TEST_STEP][PASSED] - i1 = x.indexOf("/"): null

02-12-2024T02:38:34 - [TEST_STEP][PASSED] - if (i1 > -1): null

02-12-2024T02:38:34 - [TEST_STEP][PASSED] - x = x.substring(0, i1): null

02-12-2024T02:38:34 - [TEST_STEP][PASSED] - println(x): null

02-12-2024T02:38:34 - [TEST_STEP][PASSED] - return x: null

02-12-2024T02:38:34 - [TEST_STEP][PASSED] - tabB = GetPPlanB(x = b): null

02-12-2024T02:38:34 - [TEST_STEP][PASSED] - i1 = <not implemented yet for class: org.codehaus.groovy.ast.expr.EmptyExpression>: null

02-12-2024T02:38:34 - [TEST_STEP][PASSED] - ii = <not implemented yet for class: org.codehaus.groovy.ast.expr.EmptyExpression>: null

02-12-2024T02:38:34 - [TEST_STEP][PASSED] - for ([ii = 1, ii < 9, (ii++)]): null

02-12-2024T02:38:34 - [TEST_STEP][PASSED] - i1 = x.indexOf("/") + 1: null

02-12-2024T02:38:34 - [TEST_STEP][PASSED] - if (i1 > -1): null

02-12-2024T02:38:34 - [TEST_STEP][PASSED] - x = x.substring(i1, x.length()): null

02-12-2024T02:38:34 - [TEST_STEP][PASSED] - println(x): null

02-12-2024T02:38:34 - [TEST_STEP][PASSED] - i1 = x.indexOf("/") + 1: null

02-12-2024T02:38:34 - [TEST_STEP][PASSED] - if (i1 > -1): null

02-12-2024T02:38:34 - [TEST_STEP][PASSED] - x = x.substring(i1, x.length()): null

02-12-2024T02:38:34 - [TEST_STEP][PASSED] - println(x): null

02-12-2024T02:38:34 - [TEST_STEP][PASSED] - i1 = x.indexOf("/") + 1: null

02-12-2024T02:38:34 - [TEST_STEP][PASSED] - if (i1 > -1): null

02-12-2024T02:38:34 - [TEST_STEP][PASSED] - x = x.substring(i1, x.length()): null

02-12-2024T02:38:34 - [TEST_STEP][PASSED] - println(x): null

02-12-2024T02:38:34 - [TEST_STEP][PASSED] - i1 = x.indexOf("/") + 1: null

02-12-2024T02:38:34 - [TEST_STEP][PASSED] - if (i1 > -1): null

02-12-2024T02:38:34 - [TEST_STEP][PASSED] - x = x.substring(i1, x.length()): null

02-12-2024T02:38:34 - [TEST_STEP][PASSED] - println(x): null

02-12-2024T02:38:34 - [TEST_STEP][PASSED] - i1 = x.indexOf("/") + 1: null

02-12-2024T02:38:34 - [TEST_STEP][PASSED] - if (i1 > -1): null

02-12-2024T02:38:34 - [TEST_STEP][PASSED] - x = x.substring(i1, x.length()): null

02-12-2024T02:38:34 - [TEST_STEP][PASSED] - println(x): null

02-12-2024T02:38:34 - [TEST_STEP][PASSED] - i1 = x.indexOf("/") + 1: null

02-12-2024T02:38:34 - [TEST_STEP][PASSED] - if (i1 > -1): null

02-12-2024T02:38:34 - [TEST_STEP][PASSED] - x = x.substring(i1, x.length()): null

02-12-2024T02:38:34 - [TEST_STEP][PASSED] - println(x): null

02-12-2024T02:38:34 - [TEST_STEP][PASSED] - i1 = x.indexOf("/") + 1: null

02-12-2024T02:38:34 - [TEST_STEP][PASSED] - if (i1 > -1): null

02-12-2024T02:38:34 - [TEST_STEP][PASSED] - x = x.substring(i1, x.length()): null

02-12-2024T02:38:34 - [TEST_STEP][PASSED] - println(x): null

02-12-2024T02:38:34 - [TEST_STEP][PASSED] - i1 = x.indexOf("/") + 1: null

02-12-2024T02:38:34 - [TEST_STEP][PASSED] - if (i1 > -1): null

02-12-2024T02:38:34 - [TEST_STEP][PASSED] - x = x.substring(i1, x.length()): null

02-12-2024T02:38:34 - [TEST_STEP][PASSED] - println(x): null

02-12-2024T02:38:34 - [TEST_STEP][PASSED] - i1 = x.indexOf("/"): null

02-12-2024T02:38:34 - [TEST_STEP][PASSED] - if (i1 > -1): null

02-12-2024T02:38:34 - [TEST_STEP][PASSED] - x = x.substring(0, i1): null

02-12-2024T02:38:34 - [TEST_STEP][PASSED] - println(x): null

02-12-2024T02:38:34 - [TEST_STEP][FAILED] - return x: null

02-12-2024T02:38:34 - [TEST_STEP][PASSED] - println(tabR + "/" + tabB): null

02-12-2024T02:38:34 - [TEST_STEP][FAILED] - if (verifyEqual(PercFactR, PercFactB) == false): null

02-12-2024T02:38:34 - [MESSAGE][FAILED] - Unable to verify equal between actual object 'нет данных' and expected object '10.72' (Root cause: com.kms.katalon.core.exception.StepFailedException: Actual object 'нет данных' and expected object '10.72' are not equal
	at com.kms.katalon.core.keyword.builtin.VerifyEqualKeyword$_verifyEqual_closure1.doCall(VerifyEqualKeyword.groovy:58)
	at com.kms.katalon.core.keyword.builtin.VerifyEqualKeyword$_verifyEqual_closure1.call(VerifyEqualKeyword.groovy)
	at com.kms.katalon.core.keyword.internal.KeywordMain.runKeyword(KeywordMain.groovy:75)
	at com.kms.katalon.core.keyword.builtin.VerifyEqualKeyword.verifyEqual(VerifyEqualKeyword.groovy:63)
	at com.kms.katalon.core.keyword.builtin.VerifyEqualKeyword.execute(VerifyEqualKeyword.groovy:44)
	at com.kms.katalon.core.keyword.internal.KeywordExecutor.executeKeywordForPlatform(KeywordExecutor.groovy:74)
	at com.kms.katalon.core.keyword.BuiltinKeywords.verifyEqual(BuiltinKeywords.groovy:146)
	at jdk.internal.reflect.GeneratedMethodAccessor25.invoke(Unknown Source)
	at java.base/jdk.internal.reflect.DelegatingMethodAccessorImpl.invoke(DelegatingMethodAccessorImpl.java:43)
	at Выполнение бизнес-плана сверка дашбордов.CompareDZOData(Выполнение бизнес-плана сверка дашбордов:771)
	at Выполнение бизнес-плана сверка дашбордов.run(Выполнение бизнес-плана сверка дашбордов:608)
	at com.kms.katalon.core.main.ScriptEngine.run(ScriptEngine.java:194)
	at com.kms.katalon.core.main.ScriptEngine.runScriptAsRawText(ScriptEngine.java:119)
	at com.kms.katalon.core.main.TestCaseExecutor.runScript(TestCaseExecutor.java:448)
	at com.kms.katalon.core.main.TestCaseExecutor.doExecute(TestCaseExecutor.java:439)
	at com.kms.katalon.core.main.TestCaseExecutor.processExecutionPhase(TestCaseExecutor.java:418)
	at com.kms.katalon.core.main.TestCaseExecutor.accessMainPhase(TestCaseExecutor.java:410)
	at com.kms.katalon.core.main.TestCaseExecutor.execute(TestCaseExecutor.java:285)
	at com.kms.katalon.core.common.CommonExecutor.accessTestCaseMainPhase(CommonExecutor.java:65)
	at com.kms.katalon.core.main.TestSuiteExecutor.accessTestSuiteMainPhase(TestSuiteExecutor.java:150)
	at com.kms.katalon.core.main.TestSuiteExecutor.execute(TestSuiteExecutor.java:106)
	at com.kms.katalon.core.main.TestCaseMain.startTestSuite(TestCaseMain.java:180)
	at TempTestSuite1733095732962.run(TempTestSuite1733095732962.groovy:35)
	at java.base/jdk.internal.reflect.NativeMethodAccessorImpl.invoke0(Native Method)
	at java.base/jdk.internal.reflect.NativeMethodAccessorImpl.invoke(NativeMethodAccessorImpl.java:77)
	at java.base/jdk.internal.reflect.DelegatingMethodAccessorImpl.invoke(DelegatingMethodAccessorImpl.java:43)
)

02-12-2024T02:38:34 - [TEST_STEP][PASSED] - result = WriteToExcel(typeOfData, todaysDate, PercPlanR, PercPlanB, PercFactR, PercFactB, x, tabR, tabB, o1R, o1B, vidget): null

02-12-2024T02:38:34 - [TEST_STEP][PASSED] - iii = dZO.indexOf("/"): null

02-12-2024T02:38:34 - [TEST_STEP][PASSED] - println(iii): null

02-12-2024T02:38:34 - [TEST_STEP][PASSED] - dZO = dZO.substring(0, iii): null

02-12-2024T02:38:34 - [TEST_STEP][PASSED] - println(dZO): null

02-12-2024T02:38:34 - [TEST_STEP][PASSED] - println(PercPlanR): null

02-12-2024T02:38:34 - [TEST_STEP][PASSED] - println(PercPlanB): null

02-12-2024T02:38:34 - [TEST_STEP][PASSED] - println(PercFactR): null

02-12-2024T02:38:34 - [TEST_STEP][PASSED] - println(PercFactB): null

02-12-2024T02:38:34 - [TEST_STEP][PASSED] - println(tabR): null

02-12-2024T02:38:34 - [TEST_STEP][PASSED] - println(tabB): null

02-12-2024T02:38:34 - [TEST_STEP][PASSED] - println(o1R): null

02-12-2024T02:38:34 - [TEST_STEP][PASSED] - println(o1B): null

02-12-2024T02:38:34 - [TEST_STEP][PASSED] - PR = <not implemented yet for class: org.codehaus.groovy.ast.expr.EmptyExpression>: null

02-12-2024T02:38:34 - [TEST_STEP][PASSED] - FR = <not implemented yet for class: org.codehaus.groovy.ast.expr.EmptyExpression>: null

02-12-2024T02:38:34 - [TEST_STEP][PASSED] - PB = <not implemented yet for class: org.codehaus.groovy.ast.expr.EmptyExpression>: null

02-12-2024T02:38:34 - [TEST_STEP][PASSED] - FB = <not implemented yet for class: org.codehaus.groovy.ast.expr.EmptyExpression>: null

02-12-2024T02:38:34 - [TEST_STEP][PASSED] - TR = <not implemented yet for class: org.codehaus.groovy.ast.expr.EmptyExpression>: null

02-12-2024T02:38:34 - [TEST_STEP][PASSED] - TB = <not implemented yet for class: org.codehaus.groovy.ast.expr.EmptyExpression>: null

02-12-2024T02:38:34 - [TEST_STEP][PASSED] - sheetName = "Sheet1": null

02-12-2024T02:38:34 - [TEST_STEP][PASSED] - data = findTestData("PlanFact"): null

02-12-2024T02:38:34 - [TEST_STEP][PASSED] - n = data.getRowNumbers() + 1: null

02-12-2024T02:38:34 - [TEST_STEP][PASSED] - year = todaysDate.substring(todaysDate.length() - 4, todaysDate.length()): null

02-12-2024T02:38:34 - [TEST_STEP][PASSED] - y = year.toInteger(): null

02-12-2024T02:38:34 - [TEST_STEP][PASSED] - m = getText(findTestObject("Выполнение бизнес-плана/Выполнение бизнес-плана Балансы/Фильтр Дата")): Text of object 'Object Repository/Выполнение бизнес-плана/Выполнение бизнес-плана Балансы/Фильтр Дата' is: '1, 2, 3 кв., Октябрь 2024 года'

02-12-2024T02:38:34 - [MESSAGE][PASSED] - Text of object 'Object Repository/Выполнение бизнес-плана/Выполнение бизнес-плана Балансы/Фильтр Дата' is: '1, 2, 3 кв., Октябрь 2024 года'

02-12-2024T02:38:34 - [TEST_STEP][PASSED] - m = m.substring(0, m.indexOf("2024")): null

02-12-2024T02:38:34 - [TEST_STEP][PASSED] - m = m.trim(): null

02-12-2024T02:38:34 - [TEST_STEP][PASSED] - dashboardName = "Выполнение бизнес-плана": null

02-12-2024T02:38:34 - [TEST_STEP][PASSED] - workbook01 = getWorkbook(excelFilePath): null

02-12-2024T02:38:34 - [TEST_STEP][PASSED] - sheet01 = getExcelSheet(workbook01, sheetName): null

02-12-2024T02:38:34 - [TEST_STEP][PASSED] - setValueToCellByIndex(sheet01, n, 0, dashboardName): null

02-12-2024T02:38:34 - [TEST_STEP][PASSED] - setValueToCellByIndex(sheet01, n, 1, dZO): null

02-12-2024T02:38:34 - [TEST_STEP][PASSED] - setValueToCellByIndex(sheet01, n, 2, typeOfData): null

02-12-2024T02:38:34 - [TEST_STEP][PASSED] - setValueToCellByIndex(sheet01, n, 3, typeOfData): null

02-12-2024T02:38:34 - [TEST_STEP][PASSED] - if (typeOfData == "План"): null

02-12-2024T02:38:34 - [TEST_STEP][PASSED] - else if (typeOfData == "Факт"): null

02-12-2024T02:38:34 - [TEST_STEP][PASSED] - else if (vidget.contains("электроэнергии") == true): null

02-12-2024T02:38:34 - [TEST_STEP][PASSED] - if (tabR == null): null

02-12-2024T02:38:34 - [TEST_STEP][PASSED] - else: null

02-12-2024T02:38:34 - [TEST_STEP][PASSED] - if (tabR == "нет данных"): null

02-12-2024T02:38:34 - [TEST_STEP][PASSED] - setValueToCellByIndex(sheet01, n, 4, "нет данных"): null

02-12-2024T02:38:34 - [TEST_STEP][PASSED] - if (tabB == null): null

02-12-2024T02:38:34 - [TEST_STEP][PASSED] - else: null

02-12-2024T02:38:34 - [TEST_STEP][PASSED] - if (tabB == "нет данных"): null

02-12-2024T02:38:34 - [TEST_STEP][PASSED] - else: null

02-12-2024T02:38:34 - [TEST_STEP][PASSED] - TB = tabB.toInteger(): null

02-12-2024T02:38:34 - [TEST_STEP][PASSED] - setValueToCellByIndex(sheet01, n, 5, TB): null

02-12-2024T02:38:34 - [TEST_STEP][PASSED] - setValueToCellByIndex(sheet01, n, 6, m): null

02-12-2024T02:38:34 - [TEST_STEP][PASSED] - setValueToCellByIndex(sheet01, n, 7, y): null

02-12-2024T02:38:34 - [TEST_STEP][PASSED] - setValueToCellByIndex(sheet01, n, 8, todaysDate): null

02-12-2024T02:38:34 - [TEST_STEP][PASSED] - n = n + 1: null

02-12-2024T02:38:34 - [TEST_STEP][PASSED] - saveWorkbook(excelFilePath, workbook01): null

02-12-2024T02:38:34 - [TEST_STEP][PASSED] - ii2 = a.indexOf("ПАО"): null

02-12-2024T02:38:34 - [TEST_STEP][PASSED] - if (ii2 == -1): null

02-12-2024T02:38:34 - [TEST_STEP][PASSED] - vidget = "Отклонения фактического уровня потерь от бизнес-плана": null

02-12-2024T02:38:34 - [TEST_STEP][PASSED] - typeOfData = "Коэффициент": null

02-12-2024T02:38:34 - [TEST_STEP][PASSED] - o1R = Geto1R(x = a): null

02-12-2024T02:38:34 - [TEST_STEP][PASSED] - i1 = <not implemented yet for class: org.codehaus.groovy.ast.expr.EmptyExpression>: null

02-12-2024T02:38:34 - [TEST_STEP][PASSED] - ii = <not implemented yet for class: org.codehaus.groovy.ast.expr.EmptyExpression>: null

02-12-2024T02:38:34 - [TEST_STEP][PASSED] - for ([ii = 1, ii < 10, (ii++)]): null

02-12-2024T02:38:34 - [TEST_STEP][PASSED] - i1 = x.indexOf("/") + 1: null

02-12-2024T02:38:34 - [TEST_STEP][PASSED] - if (i1 > -1): null

02-12-2024T02:38:34 - [TEST_STEP][PASSED] - x = x.substring(i1, x.length()): null

02-12-2024T02:38:34 - [TEST_STEP][PASSED] - i1 = x.indexOf("/") + 1: null

02-12-2024T02:38:34 - [TEST_STEP][PASSED] - if (i1 > -1): null

02-12-2024T02:38:34 - [TEST_STEP][PASSED] - x = x.substring(i1, x.length()): null

02-12-2024T02:38:34 - [TEST_STEP][PASSED] - i1 = x.indexOf("/") + 1: null

02-12-2024T02:38:34 - [TEST_STEP][PASSED] - if (i1 > -1): null

02-12-2024T02:38:34 - [TEST_STEP][PASSED] - x = x.substring(i1, x.length()): null

02-12-2024T02:38:34 - [TEST_STEP][PASSED] - i1 = x.indexOf("/") + 1: null

02-12-2024T02:38:34 - [TEST_STEP][PASSED] - if (i1 > -1): null

02-12-2024T02:38:34 - [TEST_STEP][PASSED] - x = x.substring(i1, x.length()): null

02-12-2024T02:38:34 - [TEST_STEP][PASSED] - i1 = x.indexOf("/") + 1: null

02-12-2024T02:38:34 - [TEST_STEP][PASSED] - if (i1 > -1): null

02-12-2024T02:38:34 - [TEST_STEP][PASSED] - x = x.substring(i1, x.length()): null

02-12-2024T02:38:34 - [TEST_STEP][PASSED] - i1 = x.indexOf("/") + 1: null

02-12-2024T02:38:34 - [TEST_STEP][PASSED] - if (i1 > -1): null

02-12-2024T02:38:34 - [TEST_STEP][PASSED] - x = x.substring(i1, x.length()): null

02-12-2024T02:38:34 - [TEST_STEP][PASSED] - i1 = x.indexOf("/") + 1: null

02-12-2024T02:38:34 - [TEST_STEP][PASSED] - if (i1 > -1): null

02-12-2024T02:38:34 - [TEST_STEP][PASSED] - x = x.substring(i1, x.length()): null

02-12-2024T02:38:34 - [TEST_STEP][PASSED] - i1 = x.indexOf("/") + 1: null

02-12-2024T02:38:34 - [TEST_STEP][PASSED] - if (i1 > -1): null

02-12-2024T02:38:34 - [TEST_STEP][PASSED] - x = x.substring(i1, x.length()): null

02-12-2024T02:38:34 - [TEST_STEP][PASSED] - i1 = x.indexOf("/") + 1: null

02-12-2024T02:38:34 - [TEST_STEP][PASSED] - if (i1 > -1): null

02-12-2024T02:38:34 - [TEST_STEP][PASSED] - x = x.substring(i1, x.length()): null

02-12-2024T02:38:34 - [TEST_STEP][PASSED] - i1 = x.indexOf("/"): null

02-12-2024T02:38:34 - [TEST_STEP][PASSED] - if (i1 > -1): null

02-12-2024T02:38:34 - [TEST_STEP][PASSED] - println(x): null

02-12-2024T02:38:34 - [TEST_STEP][PASSED] - return x: null

02-12-2024T02:38:34 - [TEST_STEP][PASSED] - o1B = Geto1B(x = b): null

02-12-2024T02:38:34 - [TEST_STEP][PASSED] - i1 = <not implemented yet for class: org.codehaus.groovy.ast.expr.EmptyExpression>: null

02-12-2024T02:38:34 - [TEST_STEP][PASSED] - ii = <not implemented yet for class: org.codehaus.groovy.ast.expr.EmptyExpression>: null

02-12-2024T02:38:34 - [TEST_STEP][PASSED] - for ([ii = 1, ii < 10, (ii++)]): null

02-12-2024T02:38:34 - [TEST_STEP][PASSED] - i1 = x.indexOf("/") + 1: null

02-12-2024T02:38:34 - [TEST_STEP][PASSED] - if (i1 > -1): null

02-12-2024T02:38:34 - [TEST_STEP][PASSED] - x = x.substring(i1, x.length()): null

02-12-2024T02:38:34 - [TEST_STEP][PASSED] - i1 = x.indexOf("/") + 1: null

02-12-2024T02:38:34 - [TEST_STEP][PASSED] - if (i1 > -1): null

02-12-2024T02:38:34 - [TEST_STEP][PASSED] - x = x.substring(i1, x.length()): null

02-12-2024T02:38:34 - [TEST_STEP][PASSED] - i1 = x.indexOf("/") + 1: null

02-12-2024T02:38:34 - [TEST_STEP][PASSED] - if (i1 > -1): null

02-12-2024T02:38:34 - [TEST_STEP][PASSED] - x = x.substring(i1, x.length()): null

02-12-2024T02:38:34 - [TEST_STEP][PASSED] - i1 = x.indexOf("/") + 1: null

02-12-2024T02:38:34 - [TEST_STEP][PASSED] - if (i1 > -1): null

02-12-2024T02:38:34 - [TEST_STEP][PASSED] - x = x.substring(i1, x.length()): null

02-12-2024T02:38:34 - [TEST_STEP][PASSED] - i1 = x.indexOf("/") + 1: null

02-12-2024T02:38:34 - [TEST_STEP][PASSED] - if (i1 > -1): null

02-12-2024T02:38:34 - [TEST_STEP][PASSED] - x = x.substring(i1, x.length()): null

02-12-2024T02:38:34 - [TEST_STEP][PASSED] - i1 = x.indexOf("/") + 1: null

02-12-2024T02:38:34 - [TEST_STEP][PASSED] - if (i1 > -1): null

02-12-2024T02:38:34 - [TEST_STEP][PASSED] - x = x.substring(i1, x.length()): null

02-12-2024T02:38:34 - [TEST_STEP][PASSED] - i1 = x.indexOf("/") + 1: null

02-12-2024T02:38:34 - [TEST_STEP][PASSED] - if (i1 > -1): null

02-12-2024T02:38:34 - [TEST_STEP][PASSED] - x = x.substring(i1, x.length()): null

02-12-2024T02:38:34 - [TEST_STEP][PASSED] - i1 = x.indexOf("/") + 1: null

02-12-2024T02:38:34 - [TEST_STEP][PASSED] - if (i1 > -1): null

02-12-2024T02:38:34 - [TEST_STEP][PASSED] - x = x.substring(i1, x.length()): null

02-12-2024T02:38:34 - [TEST_STEP][PASSED] - i1 = x.indexOf("/") + 1: null

02-12-2024T02:38:34 - [TEST_STEP][PASSED] - if (i1 > -1): null

02-12-2024T02:38:34 - [TEST_STEP][PASSED] - x = x.substring(i1, x.length()): null

02-12-2024T02:38:34 - [TEST_STEP][PASSED] - i1 = x.indexOf("/"): null

02-12-2024T02:38:34 - [TEST_STEP][PASSED] - if (i1 > -1): null

02-12-2024T02:38:34 - [TEST_STEP][PASSED] - println(x): null

02-12-2024T02:38:34 - [TEST_STEP][FAILED] - return x: null

02-12-2024T02:38:34 - [TEST_STEP][PASSED] - println(o1R + "/" + o1B): null

02-12-2024T02:38:34 - [TEST_STEP][FAILED] - if (verifyEqual(PercFactR, PercFactB) == false): null

02-12-2024T02:38:34 - [MESSAGE][FAILED] - Unable to verify equal between actual object 'нет данных' and expected object '10.72' (Root cause: com.kms.katalon.core.exception.StepFailedException: Actual object 'нет данных' and expected object '10.72' are not equal
	at com.kms.katalon.core.keyword.builtin.VerifyEqualKeyword$_verifyEqual_closure1.doCall(VerifyEqualKeyword.groovy:58)
	at com.kms.katalon.core.keyword.builtin.VerifyEqualKeyword$_verifyEqual_closure1.call(VerifyEqualKeyword.groovy)
	at com.kms.katalon.core.keyword.internal.KeywordMain.runKeyword(KeywordMain.groovy:75)
	at com.kms.katalon.core.keyword.builtin.VerifyEqualKeyword.verifyEqual(VerifyEqualKeyword.groovy:63)
	at com.kms.katalon.core.keyword.builtin.VerifyEqualKeyword.execute(VerifyEqualKeyword.groovy:44)
	at com.kms.katalon.core.keyword.internal.KeywordExecutor.executeKeywordForPlatform(KeywordExecutor.groovy:74)
	at com.kms.katalon.core.keyword.BuiltinKeywords.verifyEqual(BuiltinKeywords.groovy:146)
	at jdk.internal.reflect.GeneratedMethodAccessor25.invoke(Unknown Source)
	at java.base/jdk.internal.reflect.DelegatingMethodAccessorImpl.invoke(DelegatingMethodAccessorImpl.java:43)
	at Выполнение бизнес-плана сверка дашбордов.CompareDZOData(Выполнение бизнес-плана сверка дашбордов:789)
	at Выполнение бизнес-плана сверка дашбордов.run(Выполнение бизнес-плана сверка дашбордов:608)
	at com.kms.katalon.core.main.ScriptEngine.run(ScriptEngine.java:194)
	at com.kms.katalon.core.main.ScriptEngine.runScriptAsRawText(ScriptEngine.java:119)
	at com.kms.katalon.core.main.TestCaseExecutor.runScript(TestCaseExecutor.java:448)
	at com.kms.katalon.core.main.TestCaseExecutor.doExecute(TestCaseExecutor.java:439)
	at com.kms.katalon.core.main.TestCaseExecutor.processExecutionPhase(TestCaseExecutor.java:418)
	at com.kms.katalon.core.main.TestCaseExecutor.accessMainPhase(TestCaseExecutor.java:410)
	at com.kms.katalon.core.main.TestCaseExecutor.execute(TestCaseExecutor.java:285)
	at com.kms.katalon.core.common.CommonExecutor.accessTestCaseMainPhase(CommonExecutor.java:65)
	at com.kms.katalon.core.main.TestSuiteExecutor.accessTestSuiteMainPhase(TestSuiteExecutor.java:150)
	at com.kms.katalon.core.main.TestSuiteExecutor.execute(TestSuiteExecutor.java:106)
	at com.kms.katalon.core.main.TestCaseMain.startTestSuite(TestCaseMain.java:180)
	at TempTestSuite1733095732962.run(TempTestSuite1733095732962.groovy:35)
	at java.base/jdk.internal.reflect.NativeMethodAccessorImpl.invoke0(Native Method)
	at java.base/jdk.internal.reflect.NativeMethodAccessorImpl.invoke(NativeMethodAccessorImpl.java:77)
	at java.base/jdk.internal.reflect.DelegatingMethodAccessorImpl.invoke(DelegatingMethodAccessorImpl.java:43)
)

02-12-2024T02:38:34 - [TEST_STEP][PASSED] - result = WriteToExcel(typeOfData, todaysDate, PercPlanR, PercPlanB, PercFactR, PercFactB, x, tabR, tabB, o1R, o1B, vidget): null

02-12-2024T02:38:34 - [TEST_STEP][PASSED] - iii = dZO.indexOf("/"): null

02-12-2024T02:38:34 - [TEST_STEP][PASSED] - println(iii): null

02-12-2024T02:38:34 - [TEST_STEP][PASSED] - dZO = dZO.substring(0, iii): null

02-12-2024T02:38:34 - [TEST_STEP][PASSED] - println(dZO): null

02-12-2024T02:38:34 - [TEST_STEP][PASSED] - println(PercPlanR): null

02-12-2024T02:38:34 - [TEST_STEP][PASSED] - println(PercPlanB): null

02-12-2024T02:38:34 - [TEST_STEP][PASSED] - println(PercFactR): null

02-12-2024T02:38:34 - [TEST_STEP][PASSED] - println(PercFactB): null

02-12-2024T02:38:34 - [TEST_STEP][PASSED] - println(tabR): null

02-12-2024T02:38:34 - [TEST_STEP][PASSED] - println(tabB): null

02-12-2024T02:38:34 - [TEST_STEP][PASSED] - println(o1R): null

02-12-2024T02:38:34 - [TEST_STEP][PASSED] - println(o1B): null

02-12-2024T02:38:34 - [TEST_STEP][PASSED] - PR = <not implemented yet for class: org.codehaus.groovy.ast.expr.EmptyExpression>: null

02-12-2024T02:38:34 - [TEST_STEP][PASSED] - FR = <not implemented yet for class: org.codehaus.groovy.ast.expr.EmptyExpression>: null

02-12-2024T02:38:34 - [TEST_STEP][PASSED] - PB = <not implemented yet for class: org.codehaus.groovy.ast.expr.EmptyExpression>: null

02-12-2024T02:38:34 - [TEST_STEP][PASSED] - FB = <not implemented yet for class: org.codehaus.groovy.ast.expr.EmptyExpression>: null

02-12-2024T02:38:34 - [TEST_STEP][PASSED] - TR = <not implemented yet for class: org.codehaus.groovy.ast.expr.EmptyExpression>: null

02-12-2024T02:38:34 - [TEST_STEP][PASSED] - TB = <not implemented yet for class: org.codehaus.groovy.ast.expr.EmptyExpression>: null

02-12-2024T02:38:34 - [TEST_STEP][PASSED] - sheetName = "Sheet1": null

02-12-2024T02:38:34 - [TEST_STEP][PASSED] - data = findTestData("PlanFact"): null

02-12-2024T02:38:34 - [TEST_STEP][PASSED] - n = data.getRowNumbers() + 1: null

02-12-2024T02:38:34 - [TEST_STEP][PASSED] - year = todaysDate.substring(todaysDate.length() - 4, todaysDate.length()): null

02-12-2024T02:38:34 - [TEST_STEP][PASSED] - y = year.toInteger(): null

02-12-2024T02:38:34 - [TEST_STEP][PASSED] - m = getText(findTestObject("Выполнение бизнес-плана/Выполнение бизнес-плана Балансы/Фильтр Дата")): Text of object 'Object Repository/Выполнение бизнес-плана/Выполнение бизнес-плана Балансы/Фильтр Дата' is: '1, 2, 3 кв., Октябрь 2024 года'

02-12-2024T02:38:35 - [MESSAGE][PASSED] - Text of object 'Object Repository/Выполнение бизнес-плана/Выполнение бизнес-плана Балансы/Фильтр Дата' is: '1, 2, 3 кв., Октябрь 2024 года'

02-12-2024T02:38:35 - [TEST_STEP][PASSED] - m = m.substring(0, m.indexOf("2024")): null

02-12-2024T02:38:35 - [TEST_STEP][PASSED] - m = m.trim(): null

02-12-2024T02:38:35 - [TEST_STEP][PASSED] - dashboardName = "Выполнение бизнес-плана": null

02-12-2024T02:38:35 - [TEST_STEP][PASSED] - workbook01 = getWorkbook(excelFilePath): null

02-12-2024T02:38:35 - [TEST_STEP][PASSED] - sheet01 = getExcelSheet(workbook01, sheetName): null

02-12-2024T02:38:35 - [TEST_STEP][PASSED] - setValueToCellByIndex(sheet01, n, 0, dashboardName): null

02-12-2024T02:38:35 - [TEST_STEP][PASSED] - setValueToCellByIndex(sheet01, n, 1, dZO): null

02-12-2024T02:38:35 - [TEST_STEP][PASSED] - setValueToCellByIndex(sheet01, n, 2, typeOfData): null

02-12-2024T02:38:35 - [TEST_STEP][PASSED] - setValueToCellByIndex(sheet01, n, 3, typeOfData): null

02-12-2024T02:38:35 - [TEST_STEP][PASSED] - if (typeOfData == "План"): null

02-12-2024T02:38:35 - [TEST_STEP][PASSED] - else if (typeOfData == "Факт"): null

02-12-2024T02:38:35 - [TEST_STEP][PASSED] - else if (vidget.contains("электроэнергии") == true): null

02-12-2024T02:38:35 - [TEST_STEP][PASSED] - else: null

02-12-2024T02:38:35 - [TEST_STEP][PASSED] - if (o1R == null): null

02-12-2024T02:38:35 - [TEST_STEP][PASSED] - else: null

02-12-2024T02:38:35 - [TEST_STEP][PASSED] - if (o1R == "нет данных"): null

02-12-2024T02:38:35 - [TEST_STEP][PASSED] - setValueToCellByIndex(sheet01, n, 4, "нет данных"): null

02-12-2024T02:38:35 - [TEST_STEP][PASSED] - if (o1B == null): null

02-12-2024T02:38:35 - [TEST_STEP][PASSED] - else: null

02-12-2024T02:38:35 - [TEST_STEP][PASSED] - if (o1B == "нет данных"): null

02-12-2024T02:38:35 - [TEST_STEP][PASSED] - else: null

02-12-2024T02:38:35 - [TEST_STEP][PASSED] - FB = o1B.toDouble(): null

02-12-2024T02:38:35 - [TEST_STEP][PASSED] - setValueToCellByIndex(sheet01, n, 5, FB): null

02-12-2024T02:38:35 - [TEST_STEP][PASSED] - setValueToCellByIndex(sheet01, n, 6, m): null

02-12-2024T02:38:35 - [TEST_STEP][PASSED] - setValueToCellByIndex(sheet01, n, 7, y): null

02-12-2024T02:38:35 - [TEST_STEP][PASSED] - setValueToCellByIndex(sheet01, n, 8, todaysDate): null

02-12-2024T02:38:35 - [TEST_STEP][PASSED] - n = n + 1: null

02-12-2024T02:38:35 - [TEST_STEP][FAILED] - saveWorkbook(excelFilePath, workbook01): null

02-12-2024T02:38:35 - [TEST_STEP][FAILED] - if (verifyEqual(mR, mB) == false): null

02-12-2024T02:38:35 - [MESSAGE][FAILED] - Unable to verify equal between actual object 'Россети Московский регион/нет данных/нет данных/нет данных/нет данных/нет данных/нет данных/нет данных/нет данных/нет данных' and expected object 'Россети Московский регион/7.26/7.35/84423998/78218926/6205073/80544314/74697878/5846436/0.09' (Root cause: com.kms.katalon.core.exception.StepFailedException: Actual object 'Россети Московский регион/нет данных/нет данных/нет данных/нет данных/нет данных/нет данных/нет данных/нет данных/нет данных' and expected object 'Россети Московский регион/7.26/7.35/84423998/78218926/6205073/80544314/74697878/5846436/0.09' are not equal
	at com.kms.katalon.core.keyword.builtin.VerifyEqualKeyword$_verifyEqual_closure1.doCall(VerifyEqualKeyword.groovy:58)
	at com.kms.katalon.core.keyword.builtin.VerifyEqualKeyword$_verifyEqual_closure1.call(VerifyEqualKeyword.groovy)
	at com.kms.katalon.core.keyword.internal.KeywordMain.runKeyword(KeywordMain.groovy:75)
	at com.kms.katalon.core.keyword.builtin.VerifyEqualKeyword.verifyEqual(VerifyEqualKeyword.groovy:63)
	at com.kms.katalon.core.keyword.builtin.VerifyEqualKeyword.execute(VerifyEqualKeyword.groovy:44)
	at com.kms.katalon.core.keyword.internal.KeywordExecutor.executeKeywordForPlatform(KeywordExecutor.groovy:74)
	at com.kms.katalon.core.keyword.BuiltinKeywords.verifyEqual(BuiltinKeywords.groovy:146)
	at jdk.internal.reflect.GeneratedMethodAccessor25.invoke(Unknown Source)
	at java.base/jdk.internal.reflect.DelegatingMethodAccessorImpl.invoke(DelegatingMethodAccessorImpl.java:43)
	at Выполнение бизнес-плана сверка дашбордов.run(Выполнение бизнес-плана сверка дашбордов:612)
	at com.kms.katalon.core.main.ScriptEngine.run(ScriptEngine.java:194)
	at com.kms.katalon.core.main.ScriptEngine.runScriptAsRawText(ScriptEngine.java:119)
	at com.kms.katalon.core.main.TestCaseExecutor.runScript(TestCaseExecutor.java:448)
	at com.kms.katalon.core.main.TestCaseExecutor.doExecute(TestCaseExecutor.java:439)
	at com.kms.katalon.core.main.TestCaseExecutor.processExecutionPhase(TestCaseExecutor.java:418)
	at com.kms.katalon.core.main.TestCaseExecutor.accessMainPhase(TestCaseExecutor.java:410)
	at com.kms.katalon.core.main.TestCaseExecutor.execute(TestCaseExecutor.java:285)
	at com.kms.katalon.core.common.CommonExecutor.accessTestCaseMainPhase(CommonExecutor.java:65)
	at com.kms.katalon.core.main.TestSuiteExecutor.accessTestSuiteMainPhase(TestSuiteExecutor.java:150)
	at com.kms.katalon.core.main.TestSuiteExecutor.execute(TestSuiteExecutor.java:106)
	at com.kms.katalon.core.main.TestCaseMain.startTestSuite(TestCaseMain.java:180)
	at TempTestSuite1733095732962.run(TempTestSuite1733095732962.groovy:35)
	at java.base/jdk.internal.reflect.NativeMethodAccessorImpl.invoke0(Native Method)
	at java.base/jdk.internal.reflect.NativeMethodAccessorImpl.invoke(NativeMethodAccessorImpl.java:77)
	at java.base/jdk.internal.reflect.DelegatingMethodAccessorImpl.invoke(DelegatingMethodAccessorImpl.java:43)
)

02-12-2024T02:38:35 - [TEST_STEP][PASSED] - result = CompareDZOData(a = mR, b = mB, dZO, typeOfData, PercPlanR, PercPlanB, PercFactR, PercFactB, todaysDate, x, vidget, tabR, tabB, o1R, o1B): null

02-12-2024T02:38:35 - [TEST_STEP][PASSED] - ii2 = <not implemented yet for class: org.codehaus.groovy.ast.expr.EmptyExpression>: null

02-12-2024T02:38:35 - [TEST_STEP][FAILED] - if (verifyEqual(a, b) == false): null

02-12-2024T02:38:35 - [MESSAGE][FAILED] - Unable to verify equal between actual object 'Россети Московский регион/нет данных/нет данных/нет данных/нет данных/нет данных/нет данных/нет данных/нет данных/нет данных' and expected object 'Россети Московский регион/7.26/7.35/84423998/78218926/6205073/80544314/74697878/5846436/0.09' (Root cause: com.kms.katalon.core.exception.StepFailedException: Actual object 'Россети Московский регион/нет данных/нет данных/нет данных/нет данных/нет данных/нет данных/нет данных/нет данных/нет данных' and expected object 'Россети Московский регион/7.26/7.35/84423998/78218926/6205073/80544314/74697878/5846436/0.09' are not equal
	at com.kms.katalon.core.keyword.builtin.VerifyEqualKeyword$_verifyEqual_closure1.doCall(VerifyEqualKeyword.groovy:58)
	at com.kms.katalon.core.keyword.builtin.VerifyEqualKeyword$_verifyEqual_closure1.call(VerifyEqualKeyword.groovy)
	at com.kms.katalon.core.keyword.internal.KeywordMain.runKeyword(KeywordMain.groovy:75)
	at com.kms.katalon.core.keyword.builtin.VerifyEqualKeyword.verifyEqual(VerifyEqualKeyword.groovy:63)
	at com.kms.katalon.core.keyword.builtin.VerifyEqualKeyword.execute(VerifyEqualKeyword.groovy:44)
	at com.kms.katalon.core.keyword.internal.KeywordExecutor.executeKeywordForPlatform(KeywordExecutor.groovy:74)
	at com.kms.katalon.core.keyword.BuiltinKeywords.verifyEqual(BuiltinKeywords.groovy:146)
	at jdk.internal.reflect.GeneratedMethodAccessor25.invoke(Unknown Source)
	at java.base/jdk.internal.reflect.DelegatingMethodAccessorImpl.invoke(DelegatingMethodAccessorImpl.java:43)
	at Выполнение бизнес-плана сверка дашбордов.CompareDZOData(Выполнение бизнес-плана сверка дашбордов:673)
	at Выполнение бизнес-плана сверка дашбордов.run(Выполнение бизнес-плана сверка дашбордов:613)
	at com.kms.katalon.core.main.ScriptEngine.run(ScriptEngine.java:194)
	at com.kms.katalon.core.main.ScriptEngine.runScriptAsRawText(ScriptEngine.java:119)
	at com.kms.katalon.core.main.TestCaseExecutor.runScript(TestCaseExecutor.java:448)
	at com.kms.katalon.core.main.TestCaseExecutor.doExecute(TestCaseExecutor.java:439)
	at com.kms.katalon.core.main.TestCaseExecutor.processExecutionPhase(TestCaseExecutor.java:418)
	at com.kms.katalon.core.main.TestCaseExecutor.accessMainPhase(TestCaseExecutor.java:410)
	at com.kms.katalon.core.main.TestCaseExecutor.execute(TestCaseExecutor.java:285)
	at com.kms.katalon.core.common.CommonExecutor.accessTestCaseMainPhase(CommonExecutor.java:65)
	at com.kms.katalon.core.main.TestSuiteExecutor.accessTestSuiteMainPhase(TestSuiteExecutor.java:150)
	at com.kms.katalon.core.main.TestSuiteExecutor.execute(TestSuiteExecutor.java:106)
	at com.kms.katalon.core.main.TestCaseMain.startTestSuite(TestCaseMain.java:180)
	at TempTestSuite1733095732962.run(TempTestSuite1733095732962.groovy:35)
	at java.base/jdk.internal.reflect.NativeMethodAccessorImpl.invoke0(Native Method)
	at java.base/jdk.internal.reflect.NativeMethodAccessorImpl.invoke(NativeMethodAccessorImpl.java:77)
	at java.base/jdk.internal.reflect.DelegatingMethodAccessorImpl.invoke(DelegatingMethodAccessorImpl.java:43)
)

02-12-2024T02:38:35 - [TEST_STEP][PASSED] - vidget = "Уровень потерь электроэнергии": null

02-12-2024T02:38:35 - [TEST_STEP][PASSED] - typeOfData = "План": null

02-12-2024T02:38:35 - [TEST_STEP][PASSED] - PercPlanR = GetPercPlanR(x = a): null

02-12-2024T02:38:35 - [TEST_STEP][PASSED] - i1 = <not implemented yet for class: org.codehaus.groovy.ast.expr.EmptyExpression>: null

02-12-2024T02:38:35 - [TEST_STEP][PASSED] - i1 = x.indexOf("/") + 1: null

02-12-2024T02:38:35 - [TEST_STEP][PASSED] - if (i1 > -1): null

02-12-2024T02:38:35 - [TEST_STEP][PASSED] - x = x.substring(i1, x.length()): null

02-12-2024T02:38:35 - [TEST_STEP][PASSED] - i1 = x.indexOf("/"): null

02-12-2024T02:38:35 - [TEST_STEP][PASSED] - if (i1 > -1): null

02-12-2024T02:38:35 - [TEST_STEP][PASSED] - x = x.substring(0, i1): null

02-12-2024T02:38:35 - [TEST_STEP][PASSED] - return x: null

02-12-2024T02:38:35 - [TEST_STEP][PASSED] - PercPlanB = GetPercPlanB(x = b): null

02-12-2024T02:38:35 - [TEST_STEP][PASSED] - i1 = <not implemented yet for class: org.codehaus.groovy.ast.expr.EmptyExpression>: null

02-12-2024T02:38:35 - [TEST_STEP][PASSED] - i1 = x.indexOf("/") + 1: null

02-12-2024T02:38:35 - [TEST_STEP][PASSED] - if (i1 > -1): null

02-12-2024T02:38:35 - [TEST_STEP][PASSED] - x = x.substring(i1, x.length()): null

02-12-2024T02:38:35 - [TEST_STEP][PASSED] - i1 = x.indexOf("/"): null

02-12-2024T02:38:35 - [TEST_STEP][PASSED] - if (i1 > -1): null

02-12-2024T02:38:35 - [TEST_STEP][PASSED] - x = x.substring(0, i1): null

02-12-2024T02:38:35 - [TEST_STEP][FAILED] - return x: null

02-12-2024T02:38:35 - [TEST_STEP][FAILED] - if (verifyEqual(PercPlanR, PercPlanB) == false): null

02-12-2024T02:38:35 - [MESSAGE][FAILED] - Unable to verify equal between actual object 'нет данных' and expected object '7.26' (Root cause: com.kms.katalon.core.exception.StepFailedException: Actual object 'нет данных' and expected object '7.26' are not equal
	at com.kms.katalon.core.keyword.builtin.VerifyEqualKeyword$_verifyEqual_closure1.doCall(VerifyEqualKeyword.groovy:58)
	at com.kms.katalon.core.keyword.builtin.VerifyEqualKeyword$_verifyEqual_closure1.call(VerifyEqualKeyword.groovy)
	at com.kms.katalon.core.keyword.internal.KeywordMain.runKeyword(KeywordMain.groovy:75)
	at com.kms.katalon.core.keyword.builtin.VerifyEqualKeyword.verifyEqual(VerifyEqualKeyword.groovy:63)
	at com.kms.katalon.core.keyword.builtin.VerifyEqualKeyword.execute(VerifyEqualKeyword.groovy:44)
	at com.kms.katalon.core.keyword.internal.KeywordExecutor.executeKeywordForPlatform(KeywordExecutor.groovy:74)
	at com.kms.katalon.core.keyword.BuiltinKeywords.verifyEqual(BuiltinKeywords.groovy:146)
	at jdk.internal.reflect.GeneratedMethodAccessor25.invoke(Unknown Source)
	at java.base/jdk.internal.reflect.DelegatingMethodAccessorImpl.invoke(DelegatingMethodAccessorImpl.java:43)
	at Выполнение бизнес-плана сверка дашбордов.CompareDZOData(Выполнение бизнес-плана сверка дашбордов:682)
	at Выполнение бизнес-плана сверка дашбордов.run(Выполнение бизнес-плана сверка дашбордов:613)
	at com.kms.katalon.core.main.ScriptEngine.run(ScriptEngine.java:194)
	at com.kms.katalon.core.main.ScriptEngine.runScriptAsRawText(ScriptEngine.java:119)
	at com.kms.katalon.core.main.TestCaseExecutor.runScript(TestCaseExecutor.java:448)
	at com.kms.katalon.core.main.TestCaseExecutor.doExecute(TestCaseExecutor.java:439)
	at com.kms.katalon.core.main.TestCaseExecutor.processExecutionPhase(TestCaseExecutor.java:418)
	at com.kms.katalon.core.main.TestCaseExecutor.accessMainPhase(TestCaseExecutor.java:410)
	at com.kms.katalon.core.main.TestCaseExecutor.execute(TestCaseExecutor.java:285)
	at com.kms.katalon.core.common.CommonExecutor.accessTestCaseMainPhase(CommonExecutor.java:65)
	at com.kms.katalon.core.main.TestSuiteExecutor.accessTestSuiteMainPhase(TestSuiteExecutor.java:150)
	at com.kms.katalon.core.main.TestSuiteExecutor.execute(TestSuiteExecutor.java:106)
	at com.kms.katalon.core.main.TestCaseMain.startTestSuite(TestCaseMain.java:180)
	at TempTestSuite1733095732962.run(TempTestSuite1733095732962.groovy:35)
	at java.base/jdk.internal.reflect.NativeMethodAccessorImpl.invoke0(Native Method)
	at java.base/jdk.internal.reflect.NativeMethodAccessorImpl.invoke(NativeMethodAccessorImpl.java:77)
	at java.base/jdk.internal.reflect.DelegatingMethodAccessorImpl.invoke(DelegatingMethodAccessorImpl.java:43)
)

02-12-2024T02:38:35 - [TEST_STEP][PASSED] - result = WriteToExcel(typeOfData, todaysDate, PercPlanR, PercPlanB, PercFactR, PercFactB, x, tabR, tabB, o1R, o1B, vidget): null

02-12-2024T02:38:35 - [TEST_STEP][PASSED] - iii = dZO.indexOf("/"): null

02-12-2024T02:38:35 - [TEST_STEP][PASSED] - println(iii): null

02-12-2024T02:38:35 - [TEST_STEP][PASSED] - dZO = dZO.substring(0, iii): null

02-12-2024T02:38:35 - [TEST_STEP][PASSED] - println(dZO): null

02-12-2024T02:38:35 - [TEST_STEP][PASSED] - println(PercPlanR): null

02-12-2024T02:38:35 - [TEST_STEP][PASSED] - println(PercPlanB): null

02-12-2024T02:38:35 - [TEST_STEP][PASSED] - println(PercFactR): null

02-12-2024T02:38:35 - [TEST_STEP][PASSED] - println(PercFactB): null

02-12-2024T02:38:35 - [TEST_STEP][PASSED] - println(tabR): null

02-12-2024T02:38:35 - [TEST_STEP][PASSED] - println(tabB): null

02-12-2024T02:38:35 - [TEST_STEP][PASSED] - println(o1R): null

02-12-2024T02:38:35 - [TEST_STEP][PASSED] - println(o1B): null

02-12-2024T02:38:35 - [TEST_STEP][PASSED] - PR = <not implemented yet for class: org.codehaus.groovy.ast.expr.EmptyExpression>: null

02-12-2024T02:38:35 - [TEST_STEP][PASSED] - FR = <not implemented yet for class: org.codehaus.groovy.ast.expr.EmptyExpression>: null

02-12-2024T02:38:35 - [TEST_STEP][PASSED] - PB = <not implemented yet for class: org.codehaus.groovy.ast.expr.EmptyExpression>: null

02-12-2024T02:38:35 - [TEST_STEP][PASSED] - FB = <not implemented yet for class: org.codehaus.groovy.ast.expr.EmptyExpression>: null

02-12-2024T02:38:35 - [TEST_STEP][PASSED] - TR = <not implemented yet for class: org.codehaus.groovy.ast.expr.EmptyExpression>: null

02-12-2024T02:38:35 - [TEST_STEP][PASSED] - TB = <not implemented yet for class: org.codehaus.groovy.ast.expr.EmptyExpression>: null

02-12-2024T02:38:35 - [TEST_STEP][PASSED] - sheetName = "Sheet1": null

02-12-2024T02:38:35 - [TEST_STEP][PASSED] - data = findTestData("PlanFact"): null

02-12-2024T02:38:35 - [TEST_STEP][PASSED] - n = data.getRowNumbers() + 1: null

02-12-2024T02:38:35 - [TEST_STEP][PASSED] - year = todaysDate.substring(todaysDate.length() - 4, todaysDate.length()): null

02-12-2024T02:38:35 - [TEST_STEP][PASSED] - y = year.toInteger(): null

02-12-2024T02:38:35 - [TEST_STEP][PASSED] - m = getText(findTestObject("Выполнение бизнес-плана/Выполнение бизнес-плана Балансы/Фильтр Дата")): Text of object 'Object Repository/Выполнение бизнес-плана/Выполнение бизнес-плана Балансы/Фильтр Дата' is: '1, 2, 3 кв., Октябрь 2024 года'

02-12-2024T02:38:35 - [MESSAGE][PASSED] - Text of object 'Object Repository/Выполнение бизнес-плана/Выполнение бизнес-плана Балансы/Фильтр Дата' is: '1, 2, 3 кв., Октябрь 2024 года'

02-12-2024T02:38:35 - [TEST_STEP][PASSED] - m = m.substring(0, m.indexOf("2024")): null

02-12-2024T02:38:35 - [TEST_STEP][PASSED] - m = m.trim(): null

02-12-2024T02:38:35 - [TEST_STEP][PASSED] - dashboardName = "Выполнение бизнес-плана": null

02-12-2024T02:38:35 - [TEST_STEP][PASSED] - workbook01 = getWorkbook(excelFilePath): null

02-12-2024T02:38:35 - [TEST_STEP][PASSED] - sheet01 = getExcelSheet(workbook01, sheetName): null

02-12-2024T02:38:35 - [TEST_STEP][PASSED] - setValueToCellByIndex(sheet01, n, 0, dashboardName): null

02-12-2024T02:38:35 - [TEST_STEP][PASSED] - setValueToCellByIndex(sheet01, n, 1, dZO): null

02-12-2024T02:38:35 - [TEST_STEP][PASSED] - setValueToCellByIndex(sheet01, n, 2, typeOfData): null

02-12-2024T02:38:35 - [TEST_STEP][PASSED] - setValueToCellByIndex(sheet01, n, 3, typeOfData): null

02-12-2024T02:38:35 - [TEST_STEP][PASSED] - if (typeOfData == "План"): null

02-12-2024T02:38:35 - [TEST_STEP][PASSED] - if (PercPlanR == null): null

02-12-2024T02:38:35 - [TEST_STEP][PASSED] - else: null

02-12-2024T02:38:35 - [TEST_STEP][PASSED] - if (PercPlanR == "нет данных"): null

02-12-2024T02:38:35 - [TEST_STEP][PASSED] - setValueToCellByIndex(sheet01, n, 4, "нет данных"): null

02-12-2024T02:38:35 - [TEST_STEP][PASSED] - if (PercPlanB == null): null

02-12-2024T02:38:35 - [TEST_STEP][PASSED] - else: null

02-12-2024T02:38:35 - [TEST_STEP][PASSED] - if (PercPlanB == "нет данных"): null

02-12-2024T02:38:35 - [TEST_STEP][PASSED] - else: null

02-12-2024T02:38:35 - [TEST_STEP][PASSED] - PB = PercPlanB.toDouble(): null

02-12-2024T02:38:35 - [TEST_STEP][PASSED] - setValueToCellByIndex(sheet01, n, 5, PB): null

02-12-2024T02:38:35 - [TEST_STEP][PASSED] - setValueToCellByIndex(sheet01, n, 6, m): null

02-12-2024T02:38:35 - [TEST_STEP][PASSED] - setValueToCellByIndex(sheet01, n, 7, y): null

02-12-2024T02:38:35 - [TEST_STEP][PASSED] - setValueToCellByIndex(sheet01, n, 8, todaysDate): null

02-12-2024T02:38:35 - [TEST_STEP][PASSED] - n = n + 1: null

02-12-2024T02:38:35 - [TEST_STEP][PASSED] - saveWorkbook(excelFilePath, workbook01): null

02-12-2024T02:38:36 - [TEST_STEP][PASSED] - typeOfData = "Факт": null

02-12-2024T02:38:36 - [TEST_STEP][PASSED] - PercFactR = GetPercFactR(x = a): null

02-12-2024T02:38:36 - [TEST_STEP][PASSED] - i1 = <not implemented yet for class: org.codehaus.groovy.ast.expr.EmptyExpression>: null

02-12-2024T02:38:36 - [TEST_STEP][PASSED] - ii = <not implemented yet for class: org.codehaus.groovy.ast.expr.EmptyExpression>: null

02-12-2024T02:38:36 - [TEST_STEP][PASSED] - for ([ii = 1, ii < 3, (ii++)]): null

02-12-2024T02:38:36 - [TEST_STEP][PASSED] - i1 = x.indexOf("/") + 1: null

02-12-2024T02:38:36 - [TEST_STEP][PASSED] - if (i1 > -1): null

02-12-2024T02:38:36 - [TEST_STEP][PASSED] - x = x.substring(i1, x.length()): null

02-12-2024T02:38:36 - [TEST_STEP][PASSED] - println(x): null

02-12-2024T02:38:36 - [TEST_STEP][PASSED] - i1 = x.indexOf("/") + 1: null

02-12-2024T02:38:36 - [TEST_STEP][PASSED] - if (i1 > -1): null

02-12-2024T02:38:36 - [TEST_STEP][PASSED] - x = x.substring(i1, x.length()): null

02-12-2024T02:38:36 - [TEST_STEP][PASSED] - println(x): null

02-12-2024T02:38:36 - [TEST_STEP][PASSED] - i1 = x.indexOf("/"): null

02-12-2024T02:38:36 - [TEST_STEP][PASSED] - if (i1 > -1): null

02-12-2024T02:38:36 - [TEST_STEP][PASSED] - x = x.substring(0, i1): null

02-12-2024T02:38:36 - [TEST_STEP][PASSED] - println(x): null

02-12-2024T02:38:36 - [TEST_STEP][PASSED] - return x: null

02-12-2024T02:38:36 - [TEST_STEP][PASSED] - PercFactB = GetPercFactB(x = b): null

02-12-2024T02:38:36 - [TEST_STEP][PASSED] - i1 = <not implemented yet for class: org.codehaus.groovy.ast.expr.EmptyExpression>: null

02-12-2024T02:38:36 - [TEST_STEP][PASSED] - ii = <not implemented yet for class: org.codehaus.groovy.ast.expr.EmptyExpression>: null

02-12-2024T02:38:36 - [TEST_STEP][PASSED] - for ([ii = 1, ii < 3, (ii++)]): null

02-12-2024T02:38:36 - [TEST_STEP][PASSED] - i1 = x.indexOf("/") + 1: null

02-12-2024T02:38:36 - [TEST_STEP][PASSED] - if (i1 > -1): null

02-12-2024T02:38:36 - [TEST_STEP][PASSED] - x = x.substring(i1, x.length()): null

02-12-2024T02:38:36 - [TEST_STEP][PASSED] - println(x): null

02-12-2024T02:38:36 - [TEST_STEP][PASSED] - i1 = x.indexOf("/") + 1: null

02-12-2024T02:38:36 - [TEST_STEP][PASSED] - if (i1 > -1): null

02-12-2024T02:38:36 - [TEST_STEP][PASSED] - x = x.substring(i1, x.length()): null

02-12-2024T02:38:36 - [TEST_STEP][PASSED] - println(x): null

02-12-2024T02:38:36 - [TEST_STEP][PASSED] - i1 = x.indexOf("/"): null

02-12-2024T02:38:36 - [TEST_STEP][PASSED] - if (i1 > -1): null

02-12-2024T02:38:36 - [TEST_STEP][PASSED] - x = x.substring(0, i1): null

02-12-2024T02:38:36 - [TEST_STEP][PASSED] - println(x): null

02-12-2024T02:38:36 - [TEST_STEP][FAILED] - return x: null

02-12-2024T02:38:36 - [TEST_STEP][FAILED] - if (verifyEqual(PercFactR, PercFactB) == false): null

02-12-2024T02:38:36 - [MESSAGE][FAILED] - Unable to verify equal between actual object 'нет данных' and expected object '7.35' (Root cause: com.kms.katalon.core.exception.StepFailedException: Actual object 'нет данных' and expected object '7.35' are not equal
	at com.kms.katalon.core.keyword.builtin.VerifyEqualKeyword$_verifyEqual_closure1.doCall(VerifyEqualKeyword.groovy:58)
	at com.kms.katalon.core.keyword.builtin.VerifyEqualKeyword$_verifyEqual_closure1.call(VerifyEqualKeyword.groovy)
	at com.kms.katalon.core.keyword.internal.KeywordMain.runKeyword(KeywordMain.groovy:75)
	at com.kms.katalon.core.keyword.builtin.VerifyEqualKeyword.verifyEqual(VerifyEqualKeyword.groovy:63)
	at com.kms.katalon.core.keyword.builtin.VerifyEqualKeyword.execute(VerifyEqualKeyword.groovy:44)
	at com.kms.katalon.core.keyword.internal.KeywordExecutor.executeKeywordForPlatform(KeywordExecutor.groovy:74)
	at com.kms.katalon.core.keyword.BuiltinKeywords.verifyEqual(BuiltinKeywords.groovy:146)
	at jdk.internal.reflect.GeneratedMethodAccessor25.invoke(Unknown Source)
	at java.base/jdk.internal.reflect.DelegatingMethodAccessorImpl.invoke(DelegatingMethodAccessorImpl.java:43)
	at Выполнение бизнес-плана сверка дашбордов.CompareDZOData(Выполнение бизнес-плана сверка дашбордов:693)
	at Выполнение бизнес-плана сверка дашбордов.run(Выполнение бизнес-плана сверка дашбордов:613)
	at com.kms.katalon.core.main.ScriptEngine.run(ScriptEngine.java:194)
	at com.kms.katalon.core.main.ScriptEngine.runScriptAsRawText(ScriptEngine.java:119)
	at com.kms.katalon.core.main.TestCaseExecutor.runScript(TestCaseExecutor.java:448)
	at com.kms.katalon.core.main.TestCaseExecutor.doExecute(TestCaseExecutor.java:439)
	at com.kms.katalon.core.main.TestCaseExecutor.processExecutionPhase(TestCaseExecutor.java:418)
	at com.kms.katalon.core.main.TestCaseExecutor.accessMainPhase(TestCaseExecutor.java:410)
	at com.kms.katalon.core.main.TestCaseExecutor.execute(TestCaseExecutor.java:285)
	at com.kms.katalon.core.common.CommonExecutor.accessTestCaseMainPhase(CommonExecutor.java:65)
	at com.kms.katalon.core.main.TestSuiteExecutor.accessTestSuiteMainPhase(TestSuiteExecutor.java:150)
	at com.kms.katalon.core.main.TestSuiteExecutor.execute(TestSuiteExecutor.java:106)
	at com.kms.katalon.core.main.TestCaseMain.startTestSuite(TestCaseMain.java:180)
	at TempTestSuite1733095732962.run(TempTestSuite1733095732962.groovy:35)
	at java.base/jdk.internal.reflect.NativeMethodAccessorImpl.invoke0(Native Method)
	at java.base/jdk.internal.reflect.NativeMethodAccessorImpl.invoke(NativeMethodAccessorImpl.java:77)
	at java.base/jdk.internal.reflect.DelegatingMethodAccessorImpl.invoke(DelegatingMethodAccessorImpl.java:43)
)

02-12-2024T02:38:36 - [TEST_STEP][PASSED] - result = WriteToExcel(typeOfData, todaysDate, PercPlanR, PercPlanB, PercFactR, PercFactB, x, tabR, tabB, o1R, o1B, vidget): null

02-12-2024T02:38:36 - [TEST_STEP][PASSED] - iii = dZO.indexOf("/"): null

02-12-2024T02:38:36 - [TEST_STEP][PASSED] - println(iii): null

02-12-2024T02:38:36 - [TEST_STEP][PASSED] - dZO = dZO.substring(0, iii): null

02-12-2024T02:38:36 - [TEST_STEP][PASSED] - println(dZO): null

02-12-2024T02:38:36 - [TEST_STEP][PASSED] - println(PercPlanR): null

02-12-2024T02:38:36 - [TEST_STEP][PASSED] - println(PercPlanB): null

02-12-2024T02:38:36 - [TEST_STEP][PASSED] - println(PercFactR): null

02-12-2024T02:38:36 - [TEST_STEP][PASSED] - println(PercFactB): null

02-12-2024T02:38:36 - [TEST_STEP][PASSED] - println(tabR): null

02-12-2024T02:38:36 - [TEST_STEP][PASSED] - println(tabB): null

02-12-2024T02:38:36 - [TEST_STEP][PASSED] - println(o1R): null

02-12-2024T02:38:36 - [TEST_STEP][PASSED] - println(o1B): null

02-12-2024T02:38:36 - [TEST_STEP][PASSED] - PR = <not implemented yet for class: org.codehaus.groovy.ast.expr.EmptyExpression>: null

02-12-2024T02:38:36 - [TEST_STEP][PASSED] - FR = <not implemented yet for class: org.codehaus.groovy.ast.expr.EmptyExpression>: null

02-12-2024T02:38:36 - [TEST_STEP][PASSED] - PB = <not implemented yet for class: org.codehaus.groovy.ast.expr.EmptyExpression>: null

02-12-2024T02:38:36 - [TEST_STEP][PASSED] - FB = <not implemented yet for class: org.codehaus.groovy.ast.expr.EmptyExpression>: null

02-12-2024T02:38:36 - [TEST_STEP][PASSED] - TR = <not implemented yet for class: org.codehaus.groovy.ast.expr.EmptyExpression>: null

02-12-2024T02:38:36 - [TEST_STEP][PASSED] - TB = <not implemented yet for class: org.codehaus.groovy.ast.expr.EmptyExpression>: null

02-12-2024T02:38:36 - [TEST_STEP][PASSED] - sheetName = "Sheet1": null

02-12-2024T02:38:36 - [TEST_STEP][PASSED] - data = findTestData("PlanFact"): null

02-12-2024T02:38:36 - [TEST_STEP][PASSED] - n = data.getRowNumbers() + 1: null

02-12-2024T02:38:36 - [TEST_STEP][PASSED] - year = todaysDate.substring(todaysDate.length() - 4, todaysDate.length()): null

02-12-2024T02:38:36 - [TEST_STEP][PASSED] - y = year.toInteger(): null

02-12-2024T02:38:36 - [TEST_STEP][PASSED] - m = getText(findTestObject("Выполнение бизнес-плана/Выполнение бизнес-плана Балансы/Фильтр Дата")): Text of object 'Object Repository/Выполнение бизнес-плана/Выполнение бизнес-плана Балансы/Фильтр Дата' is: '1, 2, 3 кв., Октябрь 2024 года'

02-12-2024T02:38:36 - [MESSAGE][PASSED] - Text of object 'Object Repository/Выполнение бизнес-плана/Выполнение бизнес-плана Балансы/Фильтр Дата' is: '1, 2, 3 кв., Октябрь 2024 года'

02-12-2024T02:38:36 - [TEST_STEP][PASSED] - m = m.substring(0, m.indexOf("2024")): null

02-12-2024T02:38:36 - [TEST_STEP][PASSED] - m = m.trim(): null

02-12-2024T02:38:36 - [TEST_STEP][PASSED] - dashboardName = "Выполнение бизнес-плана": null

02-12-2024T02:38:36 - [TEST_STEP][PASSED] - workbook01 = getWorkbook(excelFilePath): null

02-12-2024T02:38:36 - [TEST_STEP][PASSED] - sheet01 = getExcelSheet(workbook01, sheetName): null

02-12-2024T02:38:36 - [TEST_STEP][PASSED] - setValueToCellByIndex(sheet01, n, 0, dashboardName): null

02-12-2024T02:38:36 - [TEST_STEP][PASSED] - setValueToCellByIndex(sheet01, n, 1, dZO): null

02-12-2024T02:38:36 - [TEST_STEP][PASSED] - setValueToCellByIndex(sheet01, n, 2, typeOfData): null

02-12-2024T02:38:36 - [TEST_STEP][PASSED] - setValueToCellByIndex(sheet01, n, 3, typeOfData): null

02-12-2024T02:38:36 - [TEST_STEP][PASSED] - if (typeOfData == "План"): null

02-12-2024T02:38:36 - [TEST_STEP][PASSED] - else if (typeOfData == "Факт"): null

02-12-2024T02:38:36 - [TEST_STEP][PASSED] - if (PercFactR == null): null

02-12-2024T02:38:36 - [TEST_STEP][PASSED] - else: null

02-12-2024T02:38:36 - [TEST_STEP][PASSED] - if (PercFactR == "нет данных"): null

02-12-2024T02:38:36 - [TEST_STEP][PASSED] - setValueToCellByIndex(sheet01, n, 4, "нет данных"): null

02-12-2024T02:38:36 - [TEST_STEP][PASSED] - if (PercFactB == null): null

02-12-2024T02:38:36 - [TEST_STEP][PASSED] - else: null

02-12-2024T02:38:36 - [TEST_STEP][PASSED] - if (PercFactB == "нет данных"): null

02-12-2024T02:38:36 - [TEST_STEP][PASSED] - else: null

02-12-2024T02:38:36 - [TEST_STEP][PASSED] - FB = PercFactB.toDouble(): null

02-12-2024T02:38:36 - [TEST_STEP][PASSED] - setValueToCellByIndex(sheet01, n, 5, FB): null

02-12-2024T02:38:36 - [TEST_STEP][PASSED] - setValueToCellByIndex(sheet01, n, 6, m): null

02-12-2024T02:38:36 - [TEST_STEP][PASSED] - setValueToCellByIndex(sheet01, n, 7, y): null

02-12-2024T02:38:36 - [TEST_STEP][PASSED] - setValueToCellByIndex(sheet01, n, 8, todaysDate): null

02-12-2024T02:38:36 - [TEST_STEP][PASSED] - n = n + 1: null

02-12-2024T02:38:36 - [TEST_STEP][PASSED] - saveWorkbook(excelFilePath, workbook01): null

02-12-2024T02:38:36 - [TEST_STEP][PASSED] - vidget = "Показатели баланса электроэнергии по ДЗО – Факт": null

02-12-2024T02:38:36 - [TEST_STEP][PASSED] - typeOfData = "Факт Отпуск в сеть": null

02-12-2024T02:38:36 - [TEST_STEP][PASSED] - tabR = GetOvSFactR(x = a): null

02-12-2024T02:38:36 - [TEST_STEP][PASSED] - i1 = <not implemented yet for class: org.codehaus.groovy.ast.expr.EmptyExpression>: null

02-12-2024T02:38:36 - [TEST_STEP][PASSED] - ii = <not implemented yet for class: org.codehaus.groovy.ast.expr.EmptyExpression>: null

02-12-2024T02:38:36 - [TEST_STEP][PASSED] - for ([ii = 1, ii < 4, (ii++)]): null

02-12-2024T02:38:36 - [TEST_STEP][PASSED] - i1 = x.indexOf("/") + 1: null

02-12-2024T02:38:36 - [TEST_STEP][PASSED] - if (i1 > -1): null

02-12-2024T02:38:36 - [TEST_STEP][PASSED] - x = x.substring(i1, x.length()): null

02-12-2024T02:38:36 - [TEST_STEP][PASSED] - println(x): null

02-12-2024T02:38:36 - [TEST_STEP][PASSED] - i1 = x.indexOf("/") + 1: null

02-12-2024T02:38:36 - [TEST_STEP][PASSED] - if (i1 > -1): null

02-12-2024T02:38:36 - [TEST_STEP][PASSED] - x = x.substring(i1, x.length()): null

02-12-2024T02:38:36 - [TEST_STEP][PASSED] - println(x): null

02-12-2024T02:38:36 - [TEST_STEP][PASSED] - i1 = x.indexOf("/") + 1: null

02-12-2024T02:38:36 - [TEST_STEP][PASSED] - if (i1 > -1): null

02-12-2024T02:38:36 - [TEST_STEP][PASSED] - x = x.substring(i1, x.length()): null

02-12-2024T02:38:36 - [TEST_STEP][PASSED] - println(x): null

02-12-2024T02:38:36 - [TEST_STEP][PASSED] - i1 = x.indexOf("/"): null

02-12-2024T02:38:36 - [TEST_STEP][PASSED] - if (i1 > -1): null

02-12-2024T02:38:36 - [TEST_STEP][PASSED] - x = x.substring(0, i1): null

02-12-2024T02:38:36 - [TEST_STEP][PASSED] - println(x): null

02-12-2024T02:38:36 - [TEST_STEP][PASSED] - return x: null

02-12-2024T02:38:36 - [TEST_STEP][PASSED] - tabB = GetOvSFactB(x = b): null

02-12-2024T02:38:36 - [TEST_STEP][PASSED] - i1 = <not implemented yet for class: org.codehaus.groovy.ast.expr.EmptyExpression>: null

02-12-2024T02:38:36 - [TEST_STEP][PASSED] - ii = <not implemented yet for class: org.codehaus.groovy.ast.expr.EmptyExpression>: null

02-12-2024T02:38:36 - [TEST_STEP][PASSED] - for ([ii = 1, ii < 4, (ii++)]): null

02-12-2024T02:38:36 - [TEST_STEP][PASSED] - i1 = x.indexOf("/") + 1: null

02-12-2024T02:38:36 - [TEST_STEP][PASSED] - if (i1 > -1): null

02-12-2024T02:38:36 - [TEST_STEP][PASSED] - x = x.substring(i1, x.length()): null

02-12-2024T02:38:36 - [TEST_STEP][PASSED] - println(x): null

02-12-2024T02:38:36 - [TEST_STEP][PASSED] - i1 = x.indexOf("/") + 1: null

02-12-2024T02:38:36 - [TEST_STEP][PASSED] - if (i1 > -1): null

02-12-2024T02:38:36 - [TEST_STEP][PASSED] - x = x.substring(i1, x.length()): null

02-12-2024T02:38:36 - [TEST_STEP][PASSED] - println(x): null

02-12-2024T02:38:36 - [TEST_STEP][PASSED] - i1 = x.indexOf("/") + 1: null

02-12-2024T02:38:36 - [TEST_STEP][PASSED] - if (i1 > -1): null

02-12-2024T02:38:36 - [TEST_STEP][PASSED] - x = x.substring(i1, x.length()): null

02-12-2024T02:38:36 - [TEST_STEP][PASSED] - println(x): null

02-12-2024T02:38:36 - [TEST_STEP][PASSED] - i1 = x.indexOf("/"): null

02-12-2024T02:38:36 - [TEST_STEP][PASSED] - if (i1 > -1): null

02-12-2024T02:38:36 - [TEST_STEP][PASSED] - x = x.substring(0, i1): null

02-12-2024T02:38:36 - [TEST_STEP][PASSED] - println(x): null

02-12-2024T02:38:36 - [TEST_STEP][FAILED] - return x: null

02-12-2024T02:38:36 - [TEST_STEP][FAILED] - if (verifyEqual(tabR, tabB) == false): null

02-12-2024T02:38:36 - [MESSAGE][FAILED] - Unable to verify equal between actual object 'нет данных' and expected object '84423998' (Root cause: com.kms.katalon.core.exception.StepFailedException: Actual object 'нет данных' and expected object '84423998' are not equal
	at com.kms.katalon.core.keyword.builtin.VerifyEqualKeyword$_verifyEqual_closure1.doCall(VerifyEqualKeyword.groovy:58)
	at com.kms.katalon.core.keyword.builtin.VerifyEqualKeyword$_verifyEqual_closure1.call(VerifyEqualKeyword.groovy)
	at com.kms.katalon.core.keyword.internal.KeywordMain.runKeyword(KeywordMain.groovy:75)
	at com.kms.katalon.core.keyword.builtin.VerifyEqualKeyword.verifyEqual(VerifyEqualKeyword.groovy:63)
	at com.kms.katalon.core.keyword.builtin.VerifyEqualKeyword.execute(VerifyEqualKeyword.groovy:44)
	at com.kms.katalon.core.keyword.internal.KeywordExecutor.executeKeywordForPlatform(KeywordExecutor.groovy:74)
	at com.kms.katalon.core.keyword.BuiltinKeywords.verifyEqual(BuiltinKeywords.groovy:146)
	at jdk.internal.reflect.GeneratedMethodAccessor25.invoke(Unknown Source)
	at java.base/jdk.internal.reflect.DelegatingMethodAccessorImpl.invoke(DelegatingMethodAccessorImpl.java:43)
	at Выполнение бизнес-плана сверка дашбордов.CompareDZOData(Выполнение бизнес-плана сверка дашбордов:706)
	at Выполнение бизнес-плана сверка дашбордов.run(Выполнение бизнес-плана сверка дашбордов:613)
	at com.kms.katalon.core.main.ScriptEngine.run(ScriptEngine.java:194)
	at com.kms.katalon.core.main.ScriptEngine.runScriptAsRawText(ScriptEngine.java:119)
	at com.kms.katalon.core.main.TestCaseExecutor.runScript(TestCaseExecutor.java:448)
	at com.kms.katalon.core.main.TestCaseExecutor.doExecute(TestCaseExecutor.java:439)
	at com.kms.katalon.core.main.TestCaseExecutor.processExecutionPhase(TestCaseExecutor.java:418)
	at com.kms.katalon.core.main.TestCaseExecutor.accessMainPhase(TestCaseExecutor.java:410)
	at com.kms.katalon.core.main.TestCaseExecutor.execute(TestCaseExecutor.java:285)
	at com.kms.katalon.core.common.CommonExecutor.accessTestCaseMainPhase(CommonExecutor.java:65)
	at com.kms.katalon.core.main.TestSuiteExecutor.accessTestSuiteMainPhase(TestSuiteExecutor.java:150)
	at com.kms.katalon.core.main.TestSuiteExecutor.execute(TestSuiteExecutor.java:106)
	at com.kms.katalon.core.main.TestCaseMain.startTestSuite(TestCaseMain.java:180)
	at TempTestSuite1733095732962.run(TempTestSuite1733095732962.groovy:35)
	at java.base/jdk.internal.reflect.NativeMethodAccessorImpl.invoke0(Native Method)
	at java.base/jdk.internal.reflect.NativeMethodAccessorImpl.invoke(NativeMethodAccessorImpl.java:77)
	at java.base/jdk.internal.reflect.DelegatingMethodAccessorImpl.invoke(DelegatingMethodAccessorImpl.java:43)
)

02-12-2024T02:38:36 - [TEST_STEP][PASSED] - result = WriteToExcel(typeOfData, todaysDate, PercPlanR, PercPlanB, PercFactR, PercFactB, x, tabR, tabB, o1R, o1B, vidget): null

02-12-2024T02:38:36 - [TEST_STEP][PASSED] - iii = dZO.indexOf("/"): null

02-12-2024T02:38:36 - [TEST_STEP][PASSED] - println(iii): null

02-12-2024T02:38:36 - [TEST_STEP][PASSED] - dZO = dZO.substring(0, iii): null

02-12-2024T02:38:36 - [TEST_STEP][PASSED] - println(dZO): null

02-12-2024T02:38:36 - [TEST_STEP][PASSED] - println(PercPlanR): null

02-12-2024T02:38:36 - [TEST_STEP][PASSED] - println(PercPlanB): null

02-12-2024T02:38:36 - [TEST_STEP][PASSED] - println(PercFactR): null

02-12-2024T02:38:36 - [TEST_STEP][PASSED] - println(PercFactB): null

02-12-2024T02:38:36 - [TEST_STEP][PASSED] - println(tabR): null

02-12-2024T02:38:36 - [TEST_STEP][PASSED] - println(tabB): null

02-12-2024T02:38:36 - [TEST_STEP][PASSED] - println(o1R): null

02-12-2024T02:38:36 - [TEST_STEP][PASSED] - println(o1B): null

02-12-2024T02:38:36 - [TEST_STEP][PASSED] - PR = <not implemented yet for class: org.codehaus.groovy.ast.expr.EmptyExpression>: null

02-12-2024T02:38:36 - [TEST_STEP][PASSED] - FR = <not implemented yet for class: org.codehaus.groovy.ast.expr.EmptyExpression>: null

02-12-2024T02:38:36 - [TEST_STEP][PASSED] - PB = <not implemented yet for class: org.codehaus.groovy.ast.expr.EmptyExpression>: null

02-12-2024T02:38:36 - [TEST_STEP][PASSED] - FB = <not implemented yet for class: org.codehaus.groovy.ast.expr.EmptyExpression>: null

02-12-2024T02:38:36 - [TEST_STEP][PASSED] - TR = <not implemented yet for class: org.codehaus.groovy.ast.expr.EmptyExpression>: null

02-12-2024T02:38:36 - [TEST_STEP][PASSED] - TB = <not implemented yet for class: org.codehaus.groovy.ast.expr.EmptyExpression>: null

02-12-2024T02:38:36 - [TEST_STEP][PASSED] - sheetName = "Sheet1": null

02-12-2024T02:38:36 - [TEST_STEP][PASSED] - data = findTestData("PlanFact"): null

02-12-2024T02:38:36 - [TEST_STEP][PASSED] - n = data.getRowNumbers() + 1: null

02-12-2024T02:38:36 - [TEST_STEP][PASSED] - year = todaysDate.substring(todaysDate.length() - 4, todaysDate.length()): null

02-12-2024T02:38:36 - [TEST_STEP][PASSED] - y = year.toInteger(): null

02-12-2024T02:38:36 - [TEST_STEP][PASSED] - m = getText(findTestObject("Выполнение бизнес-плана/Выполнение бизнес-плана Балансы/Фильтр Дата")): Text of object 'Object Repository/Выполнение бизнес-плана/Выполнение бизнес-плана Балансы/Фильтр Дата' is: '1, 2, 3 кв., Октябрь 2024 года'

02-12-2024T02:38:37 - [MESSAGE][PASSED] - Text of object 'Object Repository/Выполнение бизнес-плана/Выполнение бизнес-плана Балансы/Фильтр Дата' is: '1, 2, 3 кв., Октябрь 2024 года'

02-12-2024T02:38:37 - [TEST_STEP][PASSED] - m = m.substring(0, m.indexOf("2024")): null

02-12-2024T02:38:37 - [TEST_STEP][PASSED] - m = m.trim(): null

02-12-2024T02:38:37 - [TEST_STEP][PASSED] - dashboardName = "Выполнение бизнес-плана": null

02-12-2024T02:38:37 - [TEST_STEP][PASSED] - workbook01 = getWorkbook(excelFilePath): null

02-12-2024T02:38:37 - [TEST_STEP][PASSED] - sheet01 = getExcelSheet(workbook01, sheetName): null

02-12-2024T02:38:37 - [TEST_STEP][PASSED] - setValueToCellByIndex(sheet01, n, 0, dashboardName): null

02-12-2024T02:38:37 - [TEST_STEP][PASSED] - setValueToCellByIndex(sheet01, n, 1, dZO): null

02-12-2024T02:38:37 - [TEST_STEP][PASSED] - setValueToCellByIndex(sheet01, n, 2, typeOfData): null

02-12-2024T02:38:37 - [TEST_STEP][PASSED] - setValueToCellByIndex(sheet01, n, 3, typeOfData): null

02-12-2024T02:38:37 - [TEST_STEP][PASSED] - if (typeOfData == "План"): null

02-12-2024T02:38:37 - [TEST_STEP][PASSED] - else if (typeOfData == "Факт"): null

02-12-2024T02:38:37 - [TEST_STEP][PASSED] - else if (vidget.contains("электроэнергии") == true): null

02-12-2024T02:38:37 - [TEST_STEP][PASSED] - if (tabR == null): null

02-12-2024T02:38:37 - [TEST_STEP][PASSED] - else: null

02-12-2024T02:38:37 - [TEST_STEP][PASSED] - if (tabR == "нет данных"): null

02-12-2024T02:38:37 - [TEST_STEP][PASSED] - setValueToCellByIndex(sheet01, n, 4, "нет данных"): null

02-12-2024T02:38:37 - [TEST_STEP][PASSED] - if (tabB == null): null

02-12-2024T02:38:37 - [TEST_STEP][PASSED] - else: null

02-12-2024T02:38:37 - [TEST_STEP][PASSED] - if (tabB == "нет данных"): null

02-12-2024T02:38:37 - [TEST_STEP][PASSED] - else: null

02-12-2024T02:38:37 - [TEST_STEP][PASSED] - TB = tabB.toInteger(): null

02-12-2024T02:38:37 - [TEST_STEP][PASSED] - setValueToCellByIndex(sheet01, n, 5, TB): null

02-12-2024T02:38:37 - [TEST_STEP][PASSED] - setValueToCellByIndex(sheet01, n, 6, m): null

02-12-2024T02:38:37 - [TEST_STEP][PASSED] - setValueToCellByIndex(sheet01, n, 7, y): null

02-12-2024T02:38:37 - [TEST_STEP][PASSED] - setValueToCellByIndex(sheet01, n, 8, todaysDate): null

02-12-2024T02:38:37 - [TEST_STEP][PASSED] - n = n + 1: null

02-12-2024T02:38:37 - [TEST_STEP][PASSED] - saveWorkbook(excelFilePath, workbook01): null

02-12-2024T02:38:37 - [TEST_STEP][PASSED] - typeOfData = "Факт Отпуск из сети": null

02-12-2024T02:38:37 - [TEST_STEP][PASSED] - tabR = GetOiSFactR(x = a): null

02-12-2024T02:38:37 - [TEST_STEP][PASSED] - i1 = <not implemented yet for class: org.codehaus.groovy.ast.expr.EmptyExpression>: null

02-12-2024T02:38:37 - [TEST_STEP][PASSED] - ii = <not implemented yet for class: org.codehaus.groovy.ast.expr.EmptyExpression>: null

02-12-2024T02:38:37 - [TEST_STEP][PASSED] - for ([ii = 1, ii < 5, (ii++)]): null

02-12-2024T02:38:37 - [TEST_STEP][PASSED] - i1 = x.indexOf("/") + 1: null

02-12-2024T02:38:37 - [TEST_STEP][PASSED] - if (i1 > -1): null

02-12-2024T02:38:37 - [TEST_STEP][PASSED] - x = x.substring(i1, x.length()): null

02-12-2024T02:38:37 - [TEST_STEP][PASSED] - println(x): null

02-12-2024T02:38:37 - [TEST_STEP][PASSED] - i1 = x.indexOf("/") + 1: null

02-12-2024T02:38:37 - [TEST_STEP][PASSED] - if (i1 > -1): null

02-12-2024T02:38:37 - [TEST_STEP][PASSED] - x = x.substring(i1, x.length()): null

02-12-2024T02:38:37 - [TEST_STEP][PASSED] - println(x): null

02-12-2024T02:38:37 - [TEST_STEP][PASSED] - i1 = x.indexOf("/") + 1: null

02-12-2024T02:38:37 - [TEST_STEP][PASSED] - if (i1 > -1): null

02-12-2024T02:38:37 - [TEST_STEP][PASSED] - x = x.substring(i1, x.length()): null

02-12-2024T02:38:37 - [TEST_STEP][PASSED] - println(x): null

02-12-2024T02:38:37 - [TEST_STEP][PASSED] - i1 = x.indexOf("/") + 1: null

02-12-2024T02:38:37 - [TEST_STEP][PASSED] - if (i1 > -1): null

02-12-2024T02:38:37 - [TEST_STEP][PASSED] - x = x.substring(i1, x.length()): null

02-12-2024T02:38:37 - [TEST_STEP][PASSED] - println(x): null

02-12-2024T02:38:37 - [TEST_STEP][PASSED] - i1 = x.indexOf("/"): null

02-12-2024T02:38:37 - [TEST_STEP][PASSED] - if (i1 > -1): null

02-12-2024T02:38:37 - [TEST_STEP][PASSED] - x = x.substring(0, i1): null

02-12-2024T02:38:37 - [TEST_STEP][PASSED] - println(x): null

02-12-2024T02:38:37 - [TEST_STEP][PASSED] - return x: null

02-12-2024T02:38:37 - [TEST_STEP][PASSED] - tabB = GetOiSFactB(x = b): null

02-12-2024T02:38:37 - [TEST_STEP][PASSED] - i1 = <not implemented yet for class: org.codehaus.groovy.ast.expr.EmptyExpression>: null

02-12-2024T02:38:37 - [TEST_STEP][PASSED] - ii = <not implemented yet for class: org.codehaus.groovy.ast.expr.EmptyExpression>: null

02-12-2024T02:38:37 - [TEST_STEP][PASSED] - for ([ii = 1, ii < 5, (ii++)]): null

02-12-2024T02:38:37 - [TEST_STEP][PASSED] - i1 = x.indexOf("/") + 1: null

02-12-2024T02:38:37 - [TEST_STEP][PASSED] - if (i1 > -1): null

02-12-2024T02:38:37 - [TEST_STEP][PASSED] - x = x.substring(i1, x.length()): null

02-12-2024T02:38:37 - [TEST_STEP][PASSED] - println(x): null

02-12-2024T02:38:37 - [TEST_STEP][PASSED] - i1 = x.indexOf("/") + 1: null

02-12-2024T02:38:37 - [TEST_STEP][PASSED] - if (i1 > -1): null

02-12-2024T02:38:37 - [TEST_STEP][PASSED] - x = x.substring(i1, x.length()): null

02-12-2024T02:38:37 - [TEST_STEP][PASSED] - println(x): null

02-12-2024T02:38:37 - [TEST_STEP][PASSED] - i1 = x.indexOf("/") + 1: null

02-12-2024T02:38:37 - [TEST_STEP][PASSED] - if (i1 > -1): null

02-12-2024T02:38:37 - [TEST_STEP][PASSED] - x = x.substring(i1, x.length()): null

02-12-2024T02:38:37 - [TEST_STEP][PASSED] - println(x): null

02-12-2024T02:38:37 - [TEST_STEP][PASSED] - i1 = x.indexOf("/") + 1: null

02-12-2024T02:38:37 - [TEST_STEP][PASSED] - if (i1 > -1): null

02-12-2024T02:38:37 - [TEST_STEP][PASSED] - x = x.substring(i1, x.length()): null

02-12-2024T02:38:37 - [TEST_STEP][PASSED] - println(x): null

02-12-2024T02:38:37 - [TEST_STEP][PASSED] - i1 = x.indexOf("/"): null

02-12-2024T02:38:37 - [TEST_STEP][PASSED] - if (i1 > -1): null

02-12-2024T02:38:37 - [TEST_STEP][PASSED] - x = x.substring(0, i1): null

02-12-2024T02:38:37 - [TEST_STEP][PASSED] - println(x): null

02-12-2024T02:38:37 - [TEST_STEP][FAILED] - return x: null

02-12-2024T02:38:37 - [TEST_STEP][FAILED] - if (verifyEqual(tabR, tabB) == false): null

02-12-2024T02:38:37 - [MESSAGE][FAILED] - Unable to verify equal between actual object 'нет данных' and expected object '78218926' (Root cause: com.kms.katalon.core.exception.StepFailedException: Actual object 'нет данных' and expected object '78218926' are not equal
	at com.kms.katalon.core.keyword.builtin.VerifyEqualKeyword$_verifyEqual_closure1.doCall(VerifyEqualKeyword.groovy:58)
	at com.kms.katalon.core.keyword.builtin.VerifyEqualKeyword$_verifyEqual_closure1.call(VerifyEqualKeyword.groovy)
	at com.kms.katalon.core.keyword.internal.KeywordMain.runKeyword(KeywordMain.groovy:75)
	at com.kms.katalon.core.keyword.builtin.VerifyEqualKeyword.verifyEqual(VerifyEqualKeyword.groovy:63)
	at com.kms.katalon.core.keyword.builtin.VerifyEqualKeyword.execute(VerifyEqualKeyword.groovy:44)
	at com.kms.katalon.core.keyword.internal.KeywordExecutor.executeKeywordForPlatform(KeywordExecutor.groovy:74)
	at com.kms.katalon.core.keyword.BuiltinKeywords.verifyEqual(BuiltinKeywords.groovy:146)
	at jdk.internal.reflect.GeneratedMethodAccessor25.invoke(Unknown Source)
	at java.base/jdk.internal.reflect.DelegatingMethodAccessorImpl.invoke(DelegatingMethodAccessorImpl.java:43)
	at Выполнение бизнес-плана сверка дашбордов.CompareDZOData(Выполнение бизнес-плана сверка дашбордов:717)
	at Выполнение бизнес-плана сверка дашбордов.run(Выполнение бизнес-плана сверка дашбордов:613)
	at com.kms.katalon.core.main.ScriptEngine.run(ScriptEngine.java:194)
	at com.kms.katalon.core.main.ScriptEngine.runScriptAsRawText(ScriptEngine.java:119)
	at com.kms.katalon.core.main.TestCaseExecutor.runScript(TestCaseExecutor.java:448)
	at com.kms.katalon.core.main.TestCaseExecutor.doExecute(TestCaseExecutor.java:439)
	at com.kms.katalon.core.main.TestCaseExecutor.processExecutionPhase(TestCaseExecutor.java:418)
	at com.kms.katalon.core.main.TestCaseExecutor.accessMainPhase(TestCaseExecutor.java:410)
	at com.kms.katalon.core.main.TestCaseExecutor.execute(TestCaseExecutor.java:285)
	at com.kms.katalon.core.common.CommonExecutor.accessTestCaseMainPhase(CommonExecutor.java:65)
	at com.kms.katalon.core.main.TestSuiteExecutor.accessTestSuiteMainPhase(TestSuiteExecutor.java:150)
	at com.kms.katalon.core.main.TestSuiteExecutor.execute(TestSuiteExecutor.java:106)
	at com.kms.katalon.core.main.TestCaseMain.startTestSuite(TestCaseMain.java:180)
	at TempTestSuite1733095732962.run(TempTestSuite1733095732962.groovy:35)
	at java.base/jdk.internal.reflect.NativeMethodAccessorImpl.invoke0(Native Method)
	at java.base/jdk.internal.reflect.NativeMethodAccessorImpl.invoke(NativeMethodAccessorImpl.java:77)
	at java.base/jdk.internal.reflect.DelegatingMethodAccessorImpl.invoke(DelegatingMethodAccessorImpl.java:43)
)

02-12-2024T02:38:37 - [TEST_STEP][PASSED] - result = WriteToExcel(typeOfData, todaysDate, PercPlanR, PercPlanB, PercFactR, PercFactB, x, tabR, tabB, o1R, o1B, vidget): null

02-12-2024T02:38:37 - [TEST_STEP][PASSED] - iii = dZO.indexOf("/"): null

02-12-2024T02:38:37 - [TEST_STEP][PASSED] - println(iii): null

02-12-2024T02:38:37 - [TEST_STEP][PASSED] - dZO = dZO.substring(0, iii): null

02-12-2024T02:38:37 - [TEST_STEP][PASSED] - println(dZO): null

02-12-2024T02:38:37 - [TEST_STEP][PASSED] - println(PercPlanR): null

02-12-2024T02:38:37 - [TEST_STEP][PASSED] - println(PercPlanB): null

02-12-2024T02:38:37 - [TEST_STEP][PASSED] - println(PercFactR): null

02-12-2024T02:38:37 - [TEST_STEP][PASSED] - println(PercFactB): null

02-12-2024T02:38:37 - [TEST_STEP][PASSED] - println(tabR): null

02-12-2024T02:38:37 - [TEST_STEP][PASSED] - println(tabB): null

02-12-2024T02:38:37 - [TEST_STEP][PASSED] - println(o1R): null

02-12-2024T02:38:37 - [TEST_STEP][PASSED] - println(o1B): null

02-12-2024T02:38:37 - [TEST_STEP][PASSED] - PR = <not implemented yet for class: org.codehaus.groovy.ast.expr.EmptyExpression>: null

02-12-2024T02:38:37 - [TEST_STEP][PASSED] - FR = <not implemented yet for class: org.codehaus.groovy.ast.expr.EmptyExpression>: null

02-12-2024T02:38:37 - [TEST_STEP][PASSED] - PB = <not implemented yet for class: org.codehaus.groovy.ast.expr.EmptyExpression>: null

02-12-2024T02:38:37 - [TEST_STEP][PASSED] - FB = <not implemented yet for class: org.codehaus.groovy.ast.expr.EmptyExpression>: null

02-12-2024T02:38:37 - [TEST_STEP][PASSED] - TR = <not implemented yet for class: org.codehaus.groovy.ast.expr.EmptyExpression>: null

02-12-2024T02:38:37 - [TEST_STEP][PASSED] - TB = <not implemented yet for class: org.codehaus.groovy.ast.expr.EmptyExpression>: null

02-12-2024T02:38:37 - [TEST_STEP][PASSED] - sheetName = "Sheet1": null

02-12-2024T02:38:37 - [TEST_STEP][PASSED] - data = findTestData("PlanFact"): null

02-12-2024T02:38:37 - [TEST_STEP][PASSED] - n = data.getRowNumbers() + 1: null

02-12-2024T02:38:37 - [TEST_STEP][PASSED] - year = todaysDate.substring(todaysDate.length() - 4, todaysDate.length()): null

02-12-2024T02:38:37 - [TEST_STEP][PASSED] - y = year.toInteger(): null

02-12-2024T02:38:37 - [TEST_STEP][PASSED] - m = getText(findTestObject("Выполнение бизнес-плана/Выполнение бизнес-плана Балансы/Фильтр Дата")): Text of object 'Object Repository/Выполнение бизнес-плана/Выполнение бизнес-плана Балансы/Фильтр Дата' is: '1, 2, 3 кв., Октябрь 2024 года'

02-12-2024T02:38:37 - [MESSAGE][PASSED] - Text of object 'Object Repository/Выполнение бизнес-плана/Выполнение бизнес-плана Балансы/Фильтр Дата' is: '1, 2, 3 кв., Октябрь 2024 года'

02-12-2024T02:38:37 - [TEST_STEP][PASSED] - m = m.substring(0, m.indexOf("2024")): null

02-12-2024T02:38:37 - [TEST_STEP][PASSED] - m = m.trim(): null

02-12-2024T02:38:37 - [TEST_STEP][PASSED] - dashboardName = "Выполнение бизнес-плана": null

02-12-2024T02:38:37 - [TEST_STEP][PASSED] - workbook01 = getWorkbook(excelFilePath): null

02-12-2024T02:38:37 - [TEST_STEP][PASSED] - sheet01 = getExcelSheet(workbook01, sheetName): null

02-12-2024T02:38:37 - [TEST_STEP][PASSED] - setValueToCellByIndex(sheet01, n, 0, dashboardName): null

02-12-2024T02:38:37 - [TEST_STEP][PASSED] - setValueToCellByIndex(sheet01, n, 1, dZO): null

02-12-2024T02:38:37 - [TEST_STEP][PASSED] - setValueToCellByIndex(sheet01, n, 2, typeOfData): null

02-12-2024T02:38:37 - [TEST_STEP][PASSED] - setValueToCellByIndex(sheet01, n, 3, typeOfData): null

02-12-2024T02:38:37 - [TEST_STEP][PASSED] - if (typeOfData == "План"): null

02-12-2024T02:38:37 - [TEST_STEP][PASSED] - else if (typeOfData == "Факт"): null

02-12-2024T02:38:37 - [TEST_STEP][PASSED] - else if (vidget.contains("электроэнергии") == true): null

02-12-2024T02:38:37 - [TEST_STEP][PASSED] - if (tabR == null): null

02-12-2024T02:38:37 - [TEST_STEP][PASSED] - else: null

02-12-2024T02:38:37 - [TEST_STEP][PASSED] - if (tabR == "нет данных"): null

02-12-2024T02:38:37 - [TEST_STEP][PASSED] - setValueToCellByIndex(sheet01, n, 4, "нет данных"): null

02-12-2024T02:38:37 - [TEST_STEP][PASSED] - if (tabB == null): null

02-12-2024T02:38:37 - [TEST_STEP][PASSED] - else: null

02-12-2024T02:38:37 - [TEST_STEP][PASSED] - if (tabB == "нет данных"): null

02-12-2024T02:38:37 - [TEST_STEP][PASSED] - else: null

02-12-2024T02:38:37 - [TEST_STEP][PASSED] - TB = tabB.toInteger(): null

02-12-2024T02:38:37 - [TEST_STEP][PASSED] - setValueToCellByIndex(sheet01, n, 5, TB): null

02-12-2024T02:38:37 - [TEST_STEP][PASSED] - setValueToCellByIndex(sheet01, n, 6, m): null

02-12-2024T02:38:37 - [TEST_STEP][PASSED] - setValueToCellByIndex(sheet01, n, 7, y): null

02-12-2024T02:38:37 - [TEST_STEP][PASSED] - setValueToCellByIndex(sheet01, n, 8, todaysDate): null

02-12-2024T02:38:37 - [TEST_STEP][PASSED] - n = n + 1: null

02-12-2024T02:38:37 - [TEST_STEP][PASSED] - saveWorkbook(excelFilePath, workbook01): null

02-12-2024T02:38:38 - [TEST_STEP][PASSED] - typeOfData = "Факт Потери": null

02-12-2024T02:38:38 - [TEST_STEP][PASSED] - tabR = GetPFactR(x = a): null

02-12-2024T02:38:38 - [TEST_STEP][PASSED] - i1 = <not implemented yet for class: org.codehaus.groovy.ast.expr.EmptyExpression>: null

02-12-2024T02:38:38 - [TEST_STEP][PASSED] - ii = <not implemented yet for class: org.codehaus.groovy.ast.expr.EmptyExpression>: null

02-12-2024T02:38:38 - [TEST_STEP][PASSED] - for ([ii = 1, ii < 6, (ii++)]): null

02-12-2024T02:38:38 - [TEST_STEP][PASSED] - i1 = x.indexOf("/") + 1: null

02-12-2024T02:38:38 - [TEST_STEP][PASSED] - if (i1 > -1): null

02-12-2024T02:38:38 - [TEST_STEP][PASSED] - x = x.substring(i1, x.length()): null

02-12-2024T02:38:38 - [TEST_STEP][PASSED] - println(x): null

02-12-2024T02:38:38 - [TEST_STEP][PASSED] - i1 = x.indexOf("/") + 1: null

02-12-2024T02:38:38 - [TEST_STEP][PASSED] - if (i1 > -1): null

02-12-2024T02:38:38 - [TEST_STEP][PASSED] - x = x.substring(i1, x.length()): null

02-12-2024T02:38:38 - [TEST_STEP][PASSED] - println(x): null

02-12-2024T02:38:38 - [TEST_STEP][PASSED] - i1 = x.indexOf("/") + 1: null

02-12-2024T02:38:38 - [TEST_STEP][PASSED] - if (i1 > -1): null

02-12-2024T02:38:38 - [TEST_STEP][PASSED] - x = x.substring(i1, x.length()): null

02-12-2024T02:38:38 - [TEST_STEP][PASSED] - println(x): null

02-12-2024T02:38:38 - [TEST_STEP][PASSED] - i1 = x.indexOf("/") + 1: null

02-12-2024T02:38:38 - [TEST_STEP][PASSED] - if (i1 > -1): null

02-12-2024T02:38:38 - [TEST_STEP][PASSED] - x = x.substring(i1, x.length()): null

02-12-2024T02:38:38 - [TEST_STEP][PASSED] - println(x): null

02-12-2024T02:38:38 - [TEST_STEP][PASSED] - i1 = x.indexOf("/") + 1: null

02-12-2024T02:38:38 - [TEST_STEP][PASSED] - if (i1 > -1): null

02-12-2024T02:38:38 - [TEST_STEP][PASSED] - x = x.substring(i1, x.length()): null

02-12-2024T02:38:38 - [TEST_STEP][PASSED] - println(x): null

02-12-2024T02:38:38 - [TEST_STEP][PASSED] - i1 = x.indexOf("/"): null

02-12-2024T02:38:38 - [TEST_STEP][PASSED] - if (i1 > -1): null

02-12-2024T02:38:38 - [TEST_STEP][PASSED] - x = x.substring(0, i1): null

02-12-2024T02:38:38 - [TEST_STEP][PASSED] - println(x): null

02-12-2024T02:38:38 - [TEST_STEP][PASSED] - return x: null

02-12-2024T02:38:38 - [TEST_STEP][PASSED] - tabB = GetPFactB(x = b): null

02-12-2024T02:38:38 - [TEST_STEP][PASSED] - i1 = <not implemented yet for class: org.codehaus.groovy.ast.expr.EmptyExpression>: null

02-12-2024T02:38:38 - [TEST_STEP][PASSED] - ii = <not implemented yet for class: org.codehaus.groovy.ast.expr.EmptyExpression>: null

02-12-2024T02:38:38 - [TEST_STEP][PASSED] - for ([ii = 1, ii < 6, (ii++)]): null

02-12-2024T02:38:38 - [TEST_STEP][PASSED] - i1 = x.indexOf("/") + 1: null

02-12-2024T02:38:38 - [TEST_STEP][PASSED] - if (i1 > -1): null

02-12-2024T02:38:38 - [TEST_STEP][PASSED] - x = x.substring(i1, x.length()): null

02-12-2024T02:38:38 - [TEST_STEP][PASSED] - println(x): null

02-12-2024T02:38:38 - [TEST_STEP][PASSED] - i1 = x.indexOf("/") + 1: null

02-12-2024T02:38:38 - [TEST_STEP][PASSED] - if (i1 > -1): null

02-12-2024T02:38:38 - [TEST_STEP][PASSED] - x = x.substring(i1, x.length()): null

02-12-2024T02:38:38 - [TEST_STEP][PASSED] - println(x): null

02-12-2024T02:38:38 - [TEST_STEP][PASSED] - i1 = x.indexOf("/") + 1: null

02-12-2024T02:38:38 - [TEST_STEP][PASSED] - if (i1 > -1): null

02-12-2024T02:38:38 - [TEST_STEP][PASSED] - x = x.substring(i1, x.length()): null

02-12-2024T02:38:38 - [TEST_STEP][PASSED] - println(x): null

02-12-2024T02:38:38 - [TEST_STEP][PASSED] - i1 = x.indexOf("/") + 1: null

02-12-2024T02:38:38 - [TEST_STEP][PASSED] - if (i1 > -1): null

02-12-2024T02:38:38 - [TEST_STEP][PASSED] - x = x.substring(i1, x.length()): null

02-12-2024T02:38:38 - [TEST_STEP][PASSED] - println(x): null

02-12-2024T02:38:38 - [TEST_STEP][PASSED] - i1 = x.indexOf("/") + 1: null

02-12-2024T02:38:38 - [TEST_STEP][PASSED] - if (i1 > -1): null

02-12-2024T02:38:38 - [TEST_STEP][PASSED] - x = x.substring(i1, x.length()): null

02-12-2024T02:38:38 - [TEST_STEP][PASSED] - println(x): null

02-12-2024T02:38:38 - [TEST_STEP][PASSED] - i1 = x.indexOf("/"): null

02-12-2024T02:38:38 - [TEST_STEP][PASSED] - if (i1 > -1): null

02-12-2024T02:38:38 - [TEST_STEP][PASSED] - x = x.substring(0, i1): null

02-12-2024T02:38:38 - [TEST_STEP][PASSED] - println(x): null

02-12-2024T02:38:38 - [TEST_STEP][FAILED] - return x: null

02-12-2024T02:38:38 - [TEST_STEP][PASSED] - println(tabR + "/" + tabB): null

02-12-2024T02:38:38 - [TEST_STEP][FAILED] - if (verifyEqual(tabR, tabB) == false): null

02-12-2024T02:38:38 - [MESSAGE][FAILED] - Unable to verify equal between actual object 'нет данных' and expected object '6205073' (Root cause: com.kms.katalon.core.exception.StepFailedException: Actual object 'нет данных' and expected object '6205073' are not equal
	at com.kms.katalon.core.keyword.builtin.VerifyEqualKeyword$_verifyEqual_closure1.doCall(VerifyEqualKeyword.groovy:58)
	at com.kms.katalon.core.keyword.builtin.VerifyEqualKeyword$_verifyEqual_closure1.call(VerifyEqualKeyword.groovy)
	at com.kms.katalon.core.keyword.internal.KeywordMain.runKeyword(KeywordMain.groovy:75)
	at com.kms.katalon.core.keyword.builtin.VerifyEqualKeyword.verifyEqual(VerifyEqualKeyword.groovy:63)
	at com.kms.katalon.core.keyword.builtin.VerifyEqualKeyword.execute(VerifyEqualKeyword.groovy:44)
	at com.kms.katalon.core.keyword.internal.KeywordExecutor.executeKeywordForPlatform(KeywordExecutor.groovy:74)
	at com.kms.katalon.core.keyword.BuiltinKeywords.verifyEqual(BuiltinKeywords.groovy:146)
	at jdk.internal.reflect.GeneratedMethodAccessor25.invoke(Unknown Source)
	at java.base/jdk.internal.reflect.DelegatingMethodAccessorImpl.invoke(DelegatingMethodAccessorImpl.java:43)
	at Выполнение бизнес-плана сверка дашбордов.CompareDZOData(Выполнение бизнес-плана сверка дашбордов:730)
	at Выполнение бизнес-плана сверка дашбордов.run(Выполнение бизнес-плана сверка дашбордов:613)
	at com.kms.katalon.core.main.ScriptEngine.run(ScriptEngine.java:194)
	at com.kms.katalon.core.main.ScriptEngine.runScriptAsRawText(ScriptEngine.java:119)
	at com.kms.katalon.core.main.TestCaseExecutor.runScript(TestCaseExecutor.java:448)
	at com.kms.katalon.core.main.TestCaseExecutor.doExecute(TestCaseExecutor.java:439)
	at com.kms.katalon.core.main.TestCaseExecutor.processExecutionPhase(TestCaseExecutor.java:418)
	at com.kms.katalon.core.main.TestCaseExecutor.accessMainPhase(TestCaseExecutor.java:410)
	at com.kms.katalon.core.main.TestCaseExecutor.execute(TestCaseExecutor.java:285)
	at com.kms.katalon.core.common.CommonExecutor.accessTestCaseMainPhase(CommonExecutor.java:65)
	at com.kms.katalon.core.main.TestSuiteExecutor.accessTestSuiteMainPhase(TestSuiteExecutor.java:150)
	at com.kms.katalon.core.main.TestSuiteExecutor.execute(TestSuiteExecutor.java:106)
	at com.kms.katalon.core.main.TestCaseMain.startTestSuite(TestCaseMain.java:180)
	at TempTestSuite1733095732962.run(TempTestSuite1733095732962.groovy:35)
	at java.base/jdk.internal.reflect.NativeMethodAccessorImpl.invoke0(Native Method)
	at java.base/jdk.internal.reflect.NativeMethodAccessorImpl.invoke(NativeMethodAccessorImpl.java:77)
	at java.base/jdk.internal.reflect.DelegatingMethodAccessorImpl.invoke(DelegatingMethodAccessorImpl.java:43)
)

02-12-2024T02:38:38 - [TEST_STEP][PASSED] - result = WriteToExcel(typeOfData, todaysDate, PercPlanR, PercPlanB, PercFactR, PercFactB, x, tabR, tabB, o1R, o1B, vidget): null

02-12-2024T02:38:38 - [TEST_STEP][PASSED] - iii = dZO.indexOf("/"): null

02-12-2024T02:38:38 - [TEST_STEP][PASSED] - println(iii): null

02-12-2024T02:38:38 - [TEST_STEP][PASSED] - dZO = dZO.substring(0, iii): null

02-12-2024T02:38:38 - [TEST_STEP][PASSED] - println(dZO): null

02-12-2024T02:38:38 - [TEST_STEP][PASSED] - println(PercPlanR): null

02-12-2024T02:38:38 - [TEST_STEP][PASSED] - println(PercPlanB): null

02-12-2024T02:38:38 - [TEST_STEP][PASSED] - println(PercFactR): null

02-12-2024T02:38:38 - [TEST_STEP][PASSED] - println(PercFactB): null

02-12-2024T02:38:38 - [TEST_STEP][PASSED] - println(tabR): null

02-12-2024T02:38:38 - [TEST_STEP][PASSED] - println(tabB): null

02-12-2024T02:38:38 - [TEST_STEP][PASSED] - println(o1R): null

02-12-2024T02:38:38 - [TEST_STEP][PASSED] - println(o1B): null

02-12-2024T02:38:38 - [TEST_STEP][PASSED] - PR = <not implemented yet for class: org.codehaus.groovy.ast.expr.EmptyExpression>: null

02-12-2024T02:38:38 - [TEST_STEP][PASSED] - FR = <not implemented yet for class: org.codehaus.groovy.ast.expr.EmptyExpression>: null

02-12-2024T02:38:38 - [TEST_STEP][PASSED] - PB = <not implemented yet for class: org.codehaus.groovy.ast.expr.EmptyExpression>: null

02-12-2024T02:38:38 - [TEST_STEP][PASSED] - FB = <not implemented yet for class: org.codehaus.groovy.ast.expr.EmptyExpression>: null

02-12-2024T02:38:38 - [TEST_STEP][PASSED] - TR = <not implemented yet for class: org.codehaus.groovy.ast.expr.EmptyExpression>: null

02-12-2024T02:38:38 - [TEST_STEP][PASSED] - TB = <not implemented yet for class: org.codehaus.groovy.ast.expr.EmptyExpression>: null

02-12-2024T02:38:38 - [TEST_STEP][PASSED] - sheetName = "Sheet1": null

02-12-2024T02:38:38 - [TEST_STEP][PASSED] - data = findTestData("PlanFact"): null

02-12-2024T02:38:38 - [TEST_STEP][PASSED] - n = data.getRowNumbers() + 1: null

02-12-2024T02:38:38 - [TEST_STEP][PASSED] - year = todaysDate.substring(todaysDate.length() - 4, todaysDate.length()): null

02-12-2024T02:38:38 - [TEST_STEP][PASSED] - y = year.toInteger(): null

02-12-2024T02:38:38 - [TEST_STEP][PASSED] - m = getText(findTestObject("Выполнение бизнес-плана/Выполнение бизнес-плана Балансы/Фильтр Дата")): Text of object 'Object Repository/Выполнение бизнес-плана/Выполнение бизнес-плана Балансы/Фильтр Дата' is: '1, 2, 3 кв., Октябрь 2024 года'

02-12-2024T02:38:38 - [MESSAGE][PASSED] - Text of object 'Object Repository/Выполнение бизнес-плана/Выполнение бизнес-плана Балансы/Фильтр Дата' is: '1, 2, 3 кв., Октябрь 2024 года'

02-12-2024T02:38:38 - [TEST_STEP][PASSED] - m = m.substring(0, m.indexOf("2024")): null

02-12-2024T02:38:38 - [TEST_STEP][PASSED] - m = m.trim(): null

02-12-2024T02:38:38 - [TEST_STEP][PASSED] - dashboardName = "Выполнение бизнес-плана": null

02-12-2024T02:38:38 - [TEST_STEP][PASSED] - workbook01 = getWorkbook(excelFilePath): null

02-12-2024T02:38:38 - [TEST_STEP][PASSED] - sheet01 = getExcelSheet(workbook01, sheetName): null

02-12-2024T02:38:38 - [TEST_STEP][PASSED] - setValueToCellByIndex(sheet01, n, 0, dashboardName): null

02-12-2024T02:38:38 - [TEST_STEP][PASSED] - setValueToCellByIndex(sheet01, n, 1, dZO): null

02-12-2024T02:38:38 - [TEST_STEP][PASSED] - setValueToCellByIndex(sheet01, n, 2, typeOfData): null

02-12-2024T02:38:38 - [TEST_STEP][PASSED] - setValueToCellByIndex(sheet01, n, 3, typeOfData): null

02-12-2024T02:38:38 - [TEST_STEP][PASSED] - if (typeOfData == "План"): null

02-12-2024T02:38:38 - [TEST_STEP][PASSED] - else if (typeOfData == "Факт"): null

02-12-2024T02:38:38 - [TEST_STEP][PASSED] - else if (vidget.contains("электроэнергии") == true): null

02-12-2024T02:38:38 - [TEST_STEP][PASSED] - if (tabR == null): null

02-12-2024T02:38:38 - [TEST_STEP][PASSED] - else: null

02-12-2024T02:38:38 - [TEST_STEP][PASSED] - if (tabR == "нет данных"): null

02-12-2024T02:38:38 - [TEST_STEP][PASSED] - setValueToCellByIndex(sheet01, n, 4, "нет данных"): null

02-12-2024T02:38:38 - [TEST_STEP][PASSED] - if (tabB == null): null

02-12-2024T02:38:38 - [TEST_STEP][PASSED] - else: null

02-12-2024T02:38:38 - [TEST_STEP][PASSED] - if (tabB == "нет данных"): null

02-12-2024T02:38:38 - [TEST_STEP][PASSED] - else: null

02-12-2024T02:38:38 - [TEST_STEP][PASSED] - TB = tabB.toInteger(): null

02-12-2024T02:38:38 - [TEST_STEP][PASSED] - setValueToCellByIndex(sheet01, n, 5, TB): null

02-12-2024T02:38:38 - [TEST_STEP][PASSED] - setValueToCellByIndex(sheet01, n, 6, m): null

02-12-2024T02:38:38 - [TEST_STEP][PASSED] - setValueToCellByIndex(sheet01, n, 7, y): null

02-12-2024T02:38:38 - [TEST_STEP][PASSED] - setValueToCellByIndex(sheet01, n, 8, todaysDate): null

02-12-2024T02:38:38 - [TEST_STEP][PASSED] - n = n + 1: null

02-12-2024T02:38:38 - [TEST_STEP][PASSED] - saveWorkbook(excelFilePath, workbook01): null

02-12-2024T02:38:38 - [TEST_STEP][PASSED] - vidget = "Показатели баланса электроэнергии по ДЗО – План": null

02-12-2024T02:38:38 - [TEST_STEP][PASSED] - typeOfData = "План Отпуск в сеть": null

02-12-2024T02:38:38 - [TEST_STEP][PASSED] - tabR = GetOvSPlanR(x = a): null

02-12-2024T02:38:38 - [TEST_STEP][PASSED] - i1 = <not implemented yet for class: org.codehaus.groovy.ast.expr.EmptyExpression>: null

02-12-2024T02:38:38 - [TEST_STEP][PASSED] - ii = <not implemented yet for class: org.codehaus.groovy.ast.expr.EmptyExpression>: null

02-12-2024T02:38:38 - [TEST_STEP][PASSED] - for ([ii = 1, ii < 7, (ii++)]): null

02-12-2024T02:38:38 - [TEST_STEP][PASSED] - i1 = x.indexOf("/") + 1: null

02-12-2024T02:38:38 - [TEST_STEP][PASSED] - if (i1 > -1): null

02-12-2024T02:38:38 - [TEST_STEP][PASSED] - x = x.substring(i1, x.length()): null

02-12-2024T02:38:38 - [TEST_STEP][PASSED] - println(x): null

02-12-2024T02:38:38 - [TEST_STEP][PASSED] - i1 = x.indexOf("/") + 1: null

02-12-2024T02:38:38 - [TEST_STEP][PASSED] - if (i1 > -1): null

02-12-2024T02:38:38 - [TEST_STEP][PASSED] - x = x.substring(i1, x.length()): null

02-12-2024T02:38:38 - [TEST_STEP][PASSED] - println(x): null

02-12-2024T02:38:38 - [TEST_STEP][PASSED] - i1 = x.indexOf("/") + 1: null

02-12-2024T02:38:38 - [TEST_STEP][PASSED] - if (i1 > -1): null

02-12-2024T02:38:38 - [TEST_STEP][PASSED] - x = x.substring(i1, x.length()): null

02-12-2024T02:38:38 - [TEST_STEP][PASSED] - println(x): null

02-12-2024T02:38:38 - [TEST_STEP][PASSED] - i1 = x.indexOf("/") + 1: null

02-12-2024T02:38:38 - [TEST_STEP][PASSED] - if (i1 > -1): null

02-12-2024T02:38:38 - [TEST_STEP][PASSED] - x = x.substring(i1, x.length()): null

02-12-2024T02:38:38 - [TEST_STEP][PASSED] - println(x): null

02-12-2024T02:38:38 - [TEST_STEP][PASSED] - i1 = x.indexOf("/") + 1: null

02-12-2024T02:38:38 - [TEST_STEP][PASSED] - if (i1 > -1): null

02-12-2024T02:38:38 - [TEST_STEP][PASSED] - x = x.substring(i1, x.length()): null

02-12-2024T02:38:38 - [TEST_STEP][PASSED] - println(x): null

02-12-2024T02:38:38 - [TEST_STEP][PASSED] - i1 = x.indexOf("/") + 1: null

02-12-2024T02:38:38 - [TEST_STEP][PASSED] - if (i1 > -1): null

02-12-2024T02:38:38 - [TEST_STEP][PASSED] - x = x.substring(i1, x.length()): null

02-12-2024T02:38:38 - [TEST_STEP][PASSED] - println(x): null

02-12-2024T02:38:38 - [TEST_STEP][PASSED] - i1 = x.indexOf("/"): null

02-12-2024T02:38:38 - [TEST_STEP][PASSED] - if (i1 > -1): null

02-12-2024T02:38:38 - [TEST_STEP][PASSED] - x = x.substring(0, i1): null

02-12-2024T02:38:38 - [TEST_STEP][PASSED] - println(x): null

02-12-2024T02:38:38 - [TEST_STEP][PASSED] - return x: null

02-12-2024T02:38:38 - [TEST_STEP][PASSED] - tabB = GetOvSPlanB(x = b): null

02-12-2024T02:38:38 - [TEST_STEP][PASSED] - i1 = <not implemented yet for class: org.codehaus.groovy.ast.expr.EmptyExpression>: null

02-12-2024T02:38:38 - [TEST_STEP][PASSED] - ii = <not implemented yet for class: org.codehaus.groovy.ast.expr.EmptyExpression>: null

02-12-2024T02:38:38 - [TEST_STEP][PASSED] - for ([ii = 1, ii < 7, (ii++)]): null

02-12-2024T02:38:38 - [TEST_STEP][PASSED] - i1 = x.indexOf("/") + 1: null

02-12-2024T02:38:38 - [TEST_STEP][PASSED] - if (i1 > -1): null

02-12-2024T02:38:38 - [TEST_STEP][PASSED] - x = x.substring(i1, x.length()): null

02-12-2024T02:38:38 - [TEST_STEP][PASSED] - println(x): null

02-12-2024T02:38:38 - [TEST_STEP][PASSED] - i1 = x.indexOf("/") + 1: null

02-12-2024T02:38:38 - [TEST_STEP][PASSED] - if (i1 > -1): null

02-12-2024T02:38:38 - [TEST_STEP][PASSED] - x = x.substring(i1, x.length()): null

02-12-2024T02:38:38 - [TEST_STEP][PASSED] - println(x): null

02-12-2024T02:38:38 - [TEST_STEP][PASSED] - i1 = x.indexOf("/") + 1: null

02-12-2024T02:38:38 - [TEST_STEP][PASSED] - if (i1 > -1): null

02-12-2024T02:38:38 - [TEST_STEP][PASSED] - x = x.substring(i1, x.length()): null

02-12-2024T02:38:38 - [TEST_STEP][PASSED] - println(x): null

02-12-2024T02:38:38 - [TEST_STEP][PASSED] - i1 = x.indexOf("/") + 1: null

02-12-2024T02:38:38 - [TEST_STEP][PASSED] - if (i1 > -1): null

02-12-2024T02:38:38 - [TEST_STEP][PASSED] - x = x.substring(i1, x.length()): null

02-12-2024T02:38:38 - [TEST_STEP][PASSED] - println(x): null

02-12-2024T02:38:38 - [TEST_STEP][PASSED] - i1 = x.indexOf("/") + 1: null

02-12-2024T02:38:38 - [TEST_STEP][PASSED] - if (i1 > -1): null

02-12-2024T02:38:38 - [TEST_STEP][PASSED] - x = x.substring(i1, x.length()): null

02-12-2024T02:38:38 - [TEST_STEP][PASSED] - println(x): null

02-12-2024T02:38:38 - [TEST_STEP][PASSED] - i1 = x.indexOf("/") + 1: null

02-12-2024T02:38:38 - [TEST_STEP][PASSED] - if (i1 > -1): null

02-12-2024T02:38:38 - [TEST_STEP][PASSED] - x = x.substring(i1, x.length()): null

02-12-2024T02:38:38 - [TEST_STEP][PASSED] - println(x): null

02-12-2024T02:38:38 - [TEST_STEP][PASSED] - i1 = x.indexOf("/"): null

02-12-2024T02:38:38 - [TEST_STEP][PASSED] - if (i1 > -1): null

02-12-2024T02:38:38 - [TEST_STEP][PASSED] - x = x.substring(0, i1): null

02-12-2024T02:38:38 - [TEST_STEP][PASSED] - println(x): null

02-12-2024T02:38:38 - [TEST_STEP][FAILED] - return x: null

02-12-2024T02:38:38 - [TEST_STEP][PASSED] - println(tabR + "/" + tabB): null

02-12-2024T02:38:38 - [TEST_STEP][FAILED] - if (verifyEqual(PercFactR, PercFactB) == false): null

02-12-2024T02:38:38 - [MESSAGE][FAILED] - Unable to verify equal between actual object 'нет данных' and expected object '7.35' (Root cause: com.kms.katalon.core.exception.StepFailedException: Actual object 'нет данных' and expected object '7.35' are not equal
	at com.kms.katalon.core.keyword.builtin.VerifyEqualKeyword$_verifyEqual_closure1.doCall(VerifyEqualKeyword.groovy:58)
	at com.kms.katalon.core.keyword.builtin.VerifyEqualKeyword$_verifyEqual_closure1.call(VerifyEqualKeyword.groovy)
	at com.kms.katalon.core.keyword.internal.KeywordMain.runKeyword(KeywordMain.groovy:75)
	at com.kms.katalon.core.keyword.builtin.VerifyEqualKeyword.verifyEqual(VerifyEqualKeyword.groovy:63)
	at com.kms.katalon.core.keyword.builtin.VerifyEqualKeyword.execute(VerifyEqualKeyword.groovy:44)
	at com.kms.katalon.core.keyword.internal.KeywordExecutor.executeKeywordForPlatform(KeywordExecutor.groovy:74)
	at com.kms.katalon.core.keyword.BuiltinKeywords.verifyEqual(BuiltinKeywords.groovy:146)
	at jdk.internal.reflect.GeneratedMethodAccessor25.invoke(Unknown Source)
	at java.base/jdk.internal.reflect.DelegatingMethodAccessorImpl.invoke(DelegatingMethodAccessorImpl.java:43)
	at Выполнение бизнес-плана сверка дашбордов.CompareDZOData(Выполнение бизнес-плана сверка дашбордов:745)
	at Выполнение бизнес-плана сверка дашбордов.run(Выполнение бизнес-плана сверка дашбордов:613)
	at com.kms.katalon.core.main.ScriptEngine.run(ScriptEngine.java:194)
	at com.kms.katalon.core.main.ScriptEngine.runScriptAsRawText(ScriptEngine.java:119)
	at com.kms.katalon.core.main.TestCaseExecutor.runScript(TestCaseExecutor.java:448)
	at com.kms.katalon.core.main.TestCaseExecutor.doExecute(TestCaseExecutor.java:439)
	at com.kms.katalon.core.main.TestCaseExecutor.processExecutionPhase(TestCaseExecutor.java:418)
	at com.kms.katalon.core.main.TestCaseExecutor.accessMainPhase(TestCaseExecutor.java:410)
	at com.kms.katalon.core.main.TestCaseExecutor.execute(TestCaseExecutor.java:285)
	at com.kms.katalon.core.common.CommonExecutor.accessTestCaseMainPhase(CommonExecutor.java:65)
	at com.kms.katalon.core.main.TestSuiteExecutor.accessTestSuiteMainPhase(TestSuiteExecutor.java:150)
	at com.kms.katalon.core.main.TestSuiteExecutor.execute(TestSuiteExecutor.java:106)
	at com.kms.katalon.core.main.TestCaseMain.startTestSuite(TestCaseMain.java:180)
	at TempTestSuite1733095732962.run(TempTestSuite1733095732962.groovy:35)
	at java.base/jdk.internal.reflect.NativeMethodAccessorImpl.invoke0(Native Method)
	at java.base/jdk.internal.reflect.NativeMethodAccessorImpl.invoke(NativeMethodAccessorImpl.java:77)
	at java.base/jdk.internal.reflect.DelegatingMethodAccessorImpl.invoke(DelegatingMethodAccessorImpl.java:43)
)

02-12-2024T02:38:38 - [TEST_STEP][PASSED] - result = WriteToExcel(typeOfData, todaysDate, PercPlanR, PercPlanB, PercFactR, PercFactB, x, tabR, tabB, o1R, o1B, vidget): null

02-12-2024T02:38:38 - [TEST_STEP][PASSED] - iii = dZO.indexOf("/"): null

02-12-2024T02:38:38 - [TEST_STEP][PASSED] - println(iii): null

02-12-2024T02:38:38 - [TEST_STEP][PASSED] - dZO = dZO.substring(0, iii): null

02-12-2024T02:38:38 - [TEST_STEP][PASSED] - println(dZO): null

02-12-2024T02:38:38 - [TEST_STEP][PASSED] - println(PercPlanR): null

02-12-2024T02:38:38 - [TEST_STEP][PASSED] - println(PercPlanB): null

02-12-2024T02:38:38 - [TEST_STEP][PASSED] - println(PercFactR): null

02-12-2024T02:38:38 - [TEST_STEP][PASSED] - println(PercFactB): null

02-12-2024T02:38:38 - [TEST_STEP][PASSED] - println(tabR): null

02-12-2024T02:38:38 - [TEST_STEP][PASSED] - println(tabB): null

02-12-2024T02:38:38 - [TEST_STEP][PASSED] - println(o1R): null

02-12-2024T02:38:38 - [TEST_STEP][PASSED] - println(o1B): null

02-12-2024T02:38:38 - [TEST_STEP][PASSED] - PR = <not implemented yet for class: org.codehaus.groovy.ast.expr.EmptyExpression>: null

02-12-2024T02:38:38 - [TEST_STEP][PASSED] - FR = <not implemented yet for class: org.codehaus.groovy.ast.expr.EmptyExpression>: null

02-12-2024T02:38:38 - [TEST_STEP][PASSED] - PB = <not implemented yet for class: org.codehaus.groovy.ast.expr.EmptyExpression>: null

02-12-2024T02:38:38 - [TEST_STEP][PASSED] - FB = <not implemented yet for class: org.codehaus.groovy.ast.expr.EmptyExpression>: null

02-12-2024T02:38:38 - [TEST_STEP][PASSED] - TR = <not implemented yet for class: org.codehaus.groovy.ast.expr.EmptyExpression>: null

02-12-2024T02:38:38 - [TEST_STEP][PASSED] - TB = <not implemented yet for class: org.codehaus.groovy.ast.expr.EmptyExpression>: null

02-12-2024T02:38:38 - [TEST_STEP][PASSED] - sheetName = "Sheet1": null

02-12-2024T02:38:38 - [TEST_STEP][PASSED] - data = findTestData("PlanFact"): null

02-12-2024T02:38:38 - [TEST_STEP][PASSED] - n = data.getRowNumbers() + 1: null

02-12-2024T02:38:38 - [TEST_STEP][PASSED] - year = todaysDate.substring(todaysDate.length() - 4, todaysDate.length()): null

02-12-2024T02:38:38 - [TEST_STEP][PASSED] - y = year.toInteger(): null

02-12-2024T02:38:38 - [TEST_STEP][PASSED] - m = getText(findTestObject("Выполнение бизнес-плана/Выполнение бизнес-плана Балансы/Фильтр Дата")): Text of object 'Object Repository/Выполнение бизнес-плана/Выполнение бизнес-плана Балансы/Фильтр Дата' is: '1, 2, 3 кв., Октябрь 2024 года'

02-12-2024T02:38:39 - [MESSAGE][PASSED] - Text of object 'Object Repository/Выполнение бизнес-плана/Выполнение бизнес-плана Балансы/Фильтр Дата' is: '1, 2, 3 кв., Октябрь 2024 года'

02-12-2024T02:38:39 - [TEST_STEP][PASSED] - m = m.substring(0, m.indexOf("2024")): null

02-12-2024T02:38:39 - [TEST_STEP][PASSED] - m = m.trim(): null

02-12-2024T02:38:39 - [TEST_STEP][PASSED] - dashboardName = "Выполнение бизнес-плана": null

02-12-2024T02:38:39 - [TEST_STEP][PASSED] - workbook01 = getWorkbook(excelFilePath): null

02-12-2024T02:38:39 - [TEST_STEP][PASSED] - sheet01 = getExcelSheet(workbook01, sheetName): null

02-12-2024T02:38:39 - [TEST_STEP][PASSED] - setValueToCellByIndex(sheet01, n, 0, dashboardName): null

02-12-2024T02:38:39 - [TEST_STEP][PASSED] - setValueToCellByIndex(sheet01, n, 1, dZO): null

02-12-2024T02:38:39 - [TEST_STEP][PASSED] - setValueToCellByIndex(sheet01, n, 2, typeOfData): null

02-12-2024T02:38:39 - [TEST_STEP][PASSED] - setValueToCellByIndex(sheet01, n, 3, typeOfData): null

02-12-2024T02:38:39 - [TEST_STEP][PASSED] - if (typeOfData == "План"): null

02-12-2024T02:38:39 - [TEST_STEP][PASSED] - else if (typeOfData == "Факт"): null

02-12-2024T02:38:39 - [TEST_STEP][PASSED] - else if (vidget.contains("электроэнергии") == true): null

02-12-2024T02:38:39 - [TEST_STEP][PASSED] - if (tabR == null): null

02-12-2024T02:38:39 - [TEST_STEP][PASSED] - else: null

02-12-2024T02:38:39 - [TEST_STEP][PASSED] - if (tabR == "нет данных"): null

02-12-2024T02:38:39 - [TEST_STEP][PASSED] - setValueToCellByIndex(sheet01, n, 4, "нет данных"): null

02-12-2024T02:38:39 - [TEST_STEP][PASSED] - if (tabB == null): null

02-12-2024T02:38:39 - [TEST_STEP][PASSED] - else: null

02-12-2024T02:38:39 - [TEST_STEP][PASSED] - if (tabB == "нет данных"): null

02-12-2024T02:38:39 - [TEST_STEP][PASSED] - else: null

02-12-2024T02:38:39 - [TEST_STEP][PASSED] - TB = tabB.toInteger(): null

02-12-2024T02:38:39 - [TEST_STEP][PASSED] - setValueToCellByIndex(sheet01, n, 5, TB): null

02-12-2024T02:38:39 - [TEST_STEP][PASSED] - setValueToCellByIndex(sheet01, n, 6, m): null

02-12-2024T02:38:39 - [TEST_STEP][PASSED] - setValueToCellByIndex(sheet01, n, 7, y): null

02-12-2024T02:38:39 - [TEST_STEP][PASSED] - setValueToCellByIndex(sheet01, n, 8, todaysDate): null

02-12-2024T02:38:39 - [TEST_STEP][PASSED] - n = n + 1: null

02-12-2024T02:38:39 - [TEST_STEP][PASSED] - saveWorkbook(excelFilePath, workbook01): null

02-12-2024T02:38:39 - [TEST_STEP][PASSED] - typeOfData = "План Отпуск из сети": null

02-12-2024T02:38:39 - [TEST_STEP][PASSED] - tabR = GetOiSPlanR(x = a): null

02-12-2024T02:38:39 - [TEST_STEP][PASSED] - i1 = <not implemented yet for class: org.codehaus.groovy.ast.expr.EmptyExpression>: null

02-12-2024T02:38:39 - [TEST_STEP][PASSED] - ii = <not implemented yet for class: org.codehaus.groovy.ast.expr.EmptyExpression>: null

02-12-2024T02:38:39 - [TEST_STEP][PASSED] - for ([ii = 1, ii < 8, (ii++)]): null

02-12-2024T02:38:39 - [TEST_STEP][PASSED] - i1 = x.indexOf("/") + 1: null

02-12-2024T02:38:39 - [TEST_STEP][PASSED] - if (i1 > -1): null

02-12-2024T02:38:39 - [TEST_STEP][PASSED] - x = x.substring(i1, x.length()): null

02-12-2024T02:38:39 - [TEST_STEP][PASSED] - println(x): null

02-12-2024T02:38:39 - [TEST_STEP][PASSED] - i1 = x.indexOf("/") + 1: null

02-12-2024T02:38:39 - [TEST_STEP][PASSED] - if (i1 > -1): null

02-12-2024T02:38:39 - [TEST_STEP][PASSED] - x = x.substring(i1, x.length()): null

02-12-2024T02:38:39 - [TEST_STEP][PASSED] - println(x): null

02-12-2024T02:38:39 - [TEST_STEP][PASSED] - i1 = x.indexOf("/") + 1: null

02-12-2024T02:38:39 - [TEST_STEP][PASSED] - if (i1 > -1): null

02-12-2024T02:38:39 - [TEST_STEP][PASSED] - x = x.substring(i1, x.length()): null

02-12-2024T02:38:39 - [TEST_STEP][PASSED] - println(x): null

02-12-2024T02:38:39 - [TEST_STEP][PASSED] - i1 = x.indexOf("/") + 1: null

02-12-2024T02:38:39 - [TEST_STEP][PASSED] - if (i1 > -1): null

02-12-2024T02:38:39 - [TEST_STEP][PASSED] - x = x.substring(i1, x.length()): null

02-12-2024T02:38:39 - [TEST_STEP][PASSED] - println(x): null

02-12-2024T02:38:39 - [TEST_STEP][PASSED] - i1 = x.indexOf("/") + 1: null

02-12-2024T02:38:39 - [TEST_STEP][PASSED] - if (i1 > -1): null

02-12-2024T02:38:39 - [TEST_STEP][PASSED] - x = x.substring(i1, x.length()): null

02-12-2024T02:38:39 - [TEST_STEP][PASSED] - println(x): null

02-12-2024T02:38:39 - [TEST_STEP][PASSED] - i1 = x.indexOf("/") + 1: null

02-12-2024T02:38:39 - [TEST_STEP][PASSED] - if (i1 > -1): null

02-12-2024T02:38:39 - [TEST_STEP][PASSED] - x = x.substring(i1, x.length()): null

02-12-2024T02:38:39 - [TEST_STEP][PASSED] - println(x): null

02-12-2024T02:38:39 - [TEST_STEP][PASSED] - i1 = x.indexOf("/") + 1: null

02-12-2024T02:38:39 - [TEST_STEP][PASSED] - if (i1 > -1): null

02-12-2024T02:38:39 - [TEST_STEP][PASSED] - x = x.substring(i1, x.length()): null

02-12-2024T02:38:39 - [TEST_STEP][PASSED] - println(x): null

02-12-2024T02:38:39 - [TEST_STEP][PASSED] - i1 = x.indexOf("/"): null

02-12-2024T02:38:39 - [TEST_STEP][PASSED] - if (i1 > -1): null

02-12-2024T02:38:39 - [TEST_STEP][PASSED] - x = x.substring(0, i1): null

02-12-2024T02:38:39 - [TEST_STEP][PASSED] - println(x): null

02-12-2024T02:38:39 - [TEST_STEP][PASSED] - return x: null

02-12-2024T02:38:39 - [TEST_STEP][PASSED] - tabB = GetOiSPlanB(x = b): null

02-12-2024T02:38:39 - [TEST_STEP][PASSED] - i1 = <not implemented yet for class: org.codehaus.groovy.ast.expr.EmptyExpression>: null

02-12-2024T02:38:39 - [TEST_STEP][PASSED] - ii = <not implemented yet for class: org.codehaus.groovy.ast.expr.EmptyExpression>: null

02-12-2024T02:38:39 - [TEST_STEP][PASSED] - for ([ii = 1, ii < 8, (ii++)]): null

02-12-2024T02:38:39 - [TEST_STEP][PASSED] - i1 = x.indexOf("/") + 1: null

02-12-2024T02:38:39 - [TEST_STEP][PASSED] - if (i1 > -1): null

02-12-2024T02:38:39 - [TEST_STEP][PASSED] - x = x.substring(i1, x.length()): null

02-12-2024T02:38:39 - [TEST_STEP][PASSED] - println(x): null

02-12-2024T02:38:39 - [TEST_STEP][PASSED] - i1 = x.indexOf("/") + 1: null

02-12-2024T02:38:39 - [TEST_STEP][PASSED] - if (i1 > -1): null

02-12-2024T02:38:39 - [TEST_STEP][PASSED] - x = x.substring(i1, x.length()): null

02-12-2024T02:38:39 - [TEST_STEP][PASSED] - println(x): null

02-12-2024T02:38:39 - [TEST_STEP][PASSED] - i1 = x.indexOf("/") + 1: null

02-12-2024T02:38:39 - [TEST_STEP][PASSED] - if (i1 > -1): null

02-12-2024T02:38:39 - [TEST_STEP][PASSED] - x = x.substring(i1, x.length()): null

02-12-2024T02:38:39 - [TEST_STEP][PASSED] - println(x): null

02-12-2024T02:38:39 - [TEST_STEP][PASSED] - i1 = x.indexOf("/") + 1: null

02-12-2024T02:38:39 - [TEST_STEP][PASSED] - if (i1 > -1): null

02-12-2024T02:38:39 - [TEST_STEP][PASSED] - x = x.substring(i1, x.length()): null

02-12-2024T02:38:39 - [TEST_STEP][PASSED] - println(x): null

02-12-2024T02:38:39 - [TEST_STEP][PASSED] - i1 = x.indexOf("/") + 1: null

02-12-2024T02:38:39 - [TEST_STEP][PASSED] - if (i1 > -1): null

02-12-2024T02:38:39 - [TEST_STEP][PASSED] - x = x.substring(i1, x.length()): null

02-12-2024T02:38:39 - [TEST_STEP][PASSED] - println(x): null

02-12-2024T02:38:39 - [TEST_STEP][PASSED] - i1 = x.indexOf("/") + 1: null

02-12-2024T02:38:39 - [TEST_STEP][PASSED] - if (i1 > -1): null

02-12-2024T02:38:39 - [TEST_STEP][PASSED] - x = x.substring(i1, x.length()): null

02-12-2024T02:38:39 - [TEST_STEP][PASSED] - println(x): null

02-12-2024T02:38:39 - [TEST_STEP][PASSED] - i1 = x.indexOf("/") + 1: null

02-12-2024T02:38:39 - [TEST_STEP][PASSED] - if (i1 > -1): null

02-12-2024T02:38:39 - [TEST_STEP][PASSED] - x = x.substring(i1, x.length()): null

02-12-2024T02:38:39 - [TEST_STEP][PASSED] - println(x): null

02-12-2024T02:38:39 - [TEST_STEP][PASSED] - i1 = x.indexOf("/"): null

02-12-2024T02:38:39 - [TEST_STEP][PASSED] - if (i1 > -1): null

02-12-2024T02:38:39 - [TEST_STEP][PASSED] - x = x.substring(0, i1): null

02-12-2024T02:38:39 - [TEST_STEP][PASSED] - println(x): null

02-12-2024T02:38:39 - [TEST_STEP][FAILED] - return x: null

02-12-2024T02:38:39 - [TEST_STEP][PASSED] - println(tabR + "/" + tabB): null

02-12-2024T02:38:39 - [TEST_STEP][FAILED] - if (verifyEqual(PercFactR, PercFactB) == false): null

02-12-2024T02:38:39 - [MESSAGE][FAILED] - Unable to verify equal between actual object 'нет данных' and expected object '7.35' (Root cause: com.kms.katalon.core.exception.StepFailedException: Actual object 'нет данных' and expected object '7.35' are not equal
	at com.kms.katalon.core.keyword.builtin.VerifyEqualKeyword$_verifyEqual_closure1.doCall(VerifyEqualKeyword.groovy:58)
	at com.kms.katalon.core.keyword.builtin.VerifyEqualKeyword$_verifyEqual_closure1.call(VerifyEqualKeyword.groovy)
	at com.kms.katalon.core.keyword.internal.KeywordMain.runKeyword(KeywordMain.groovy:75)
	at com.kms.katalon.core.keyword.builtin.VerifyEqualKeyword.verifyEqual(VerifyEqualKeyword.groovy:63)
	at com.kms.katalon.core.keyword.builtin.VerifyEqualKeyword.execute(VerifyEqualKeyword.groovy:44)
	at com.kms.katalon.core.keyword.internal.KeywordExecutor.executeKeywordForPlatform(KeywordExecutor.groovy:74)
	at com.kms.katalon.core.keyword.BuiltinKeywords.verifyEqual(BuiltinKeywords.groovy:146)
	at jdk.internal.reflect.GeneratedMethodAccessor25.invoke(Unknown Source)
	at java.base/jdk.internal.reflect.DelegatingMethodAccessorImpl.invoke(DelegatingMethodAccessorImpl.java:43)
	at Выполнение бизнес-плана сверка дашбордов.CompareDZOData(Выполнение бизнес-плана сверка дашбордов:758)
	at Выполнение бизнес-плана сверка дашбордов.run(Выполнение бизнес-плана сверка дашбордов:613)
	at com.kms.katalon.core.main.ScriptEngine.run(ScriptEngine.java:194)
	at com.kms.katalon.core.main.ScriptEngine.runScriptAsRawText(ScriptEngine.java:119)
	at com.kms.katalon.core.main.TestCaseExecutor.runScript(TestCaseExecutor.java:448)
	at com.kms.katalon.core.main.TestCaseExecutor.doExecute(TestCaseExecutor.java:439)
	at com.kms.katalon.core.main.TestCaseExecutor.processExecutionPhase(TestCaseExecutor.java:418)
	at com.kms.katalon.core.main.TestCaseExecutor.accessMainPhase(TestCaseExecutor.java:410)
	at com.kms.katalon.core.main.TestCaseExecutor.execute(TestCaseExecutor.java:285)
	at com.kms.katalon.core.common.CommonExecutor.accessTestCaseMainPhase(CommonExecutor.java:65)
	at com.kms.katalon.core.main.TestSuiteExecutor.accessTestSuiteMainPhase(TestSuiteExecutor.java:150)
	at com.kms.katalon.core.main.TestSuiteExecutor.execute(TestSuiteExecutor.java:106)
	at com.kms.katalon.core.main.TestCaseMain.startTestSuite(TestCaseMain.java:180)
	at TempTestSuite1733095732962.run(TempTestSuite1733095732962.groovy:35)
	at java.base/jdk.internal.reflect.NativeMethodAccessorImpl.invoke0(Native Method)
	at java.base/jdk.internal.reflect.NativeMethodAccessorImpl.invoke(NativeMethodAccessorImpl.java:77)
	at java.base/jdk.internal.reflect.DelegatingMethodAccessorImpl.invoke(DelegatingMethodAccessorImpl.java:43)
)

02-12-2024T02:38:39 - [TEST_STEP][PASSED] - result = WriteToExcel(typeOfData, todaysDate, PercPlanR, PercPlanB, PercFactR, PercFactB, x, tabR, tabB, o1R, o1B, vidget): null

02-12-2024T02:38:39 - [TEST_STEP][PASSED] - iii = dZO.indexOf("/"): null

02-12-2024T02:38:39 - [TEST_STEP][PASSED] - println(iii): null

02-12-2024T02:38:39 - [TEST_STEP][PASSED] - dZO = dZO.substring(0, iii): null

02-12-2024T02:38:39 - [TEST_STEP][PASSED] - println(dZO): null

02-12-2024T02:38:39 - [TEST_STEP][PASSED] - println(PercPlanR): null

02-12-2024T02:38:39 - [TEST_STEP][PASSED] - println(PercPlanB): null

02-12-2024T02:38:39 - [TEST_STEP][PASSED] - println(PercFactR): null

02-12-2024T02:38:39 - [TEST_STEP][PASSED] - println(PercFactB): null

02-12-2024T02:38:39 - [TEST_STEP][PASSED] - println(tabR): null

02-12-2024T02:38:39 - [TEST_STEP][PASSED] - println(tabB): null

02-12-2024T02:38:39 - [TEST_STEP][PASSED] - println(o1R): null

02-12-2024T02:38:39 - [TEST_STEP][PASSED] - println(o1B): null

02-12-2024T02:38:39 - [TEST_STEP][PASSED] - PR = <not implemented yet for class: org.codehaus.groovy.ast.expr.EmptyExpression>: null

02-12-2024T02:38:39 - [TEST_STEP][PASSED] - FR = <not implemented yet for class: org.codehaus.groovy.ast.expr.EmptyExpression>: null

02-12-2024T02:38:39 - [TEST_STEP][PASSED] - PB = <not implemented yet for class: org.codehaus.groovy.ast.expr.EmptyExpression>: null

02-12-2024T02:38:39 - [TEST_STEP][PASSED] - FB = <not implemented yet for class: org.codehaus.groovy.ast.expr.EmptyExpression>: null

02-12-2024T02:38:39 - [TEST_STEP][PASSED] - TR = <not implemented yet for class: org.codehaus.groovy.ast.expr.EmptyExpression>: null

02-12-2024T02:38:39 - [TEST_STEP][PASSED] - TB = <not implemented yet for class: org.codehaus.groovy.ast.expr.EmptyExpression>: null

02-12-2024T02:38:39 - [TEST_STEP][PASSED] - sheetName = "Sheet1": null

02-12-2024T02:38:39 - [TEST_STEP][PASSED] - data = findTestData("PlanFact"): null

02-12-2024T02:38:39 - [TEST_STEP][PASSED] - n = data.getRowNumbers() + 1: null

02-12-2024T02:38:39 - [TEST_STEP][PASSED] - year = todaysDate.substring(todaysDate.length() - 4, todaysDate.length()): null

02-12-2024T02:38:39 - [TEST_STEP][PASSED] - y = year.toInteger(): null

02-12-2024T02:38:39 - [TEST_STEP][PASSED] - m = getText(findTestObject("Выполнение бизнес-плана/Выполнение бизнес-плана Балансы/Фильтр Дата")): Text of object 'Object Repository/Выполнение бизнес-плана/Выполнение бизнес-плана Балансы/Фильтр Дата' is: '1, 2, 3 кв., Октябрь 2024 года'

02-12-2024T02:38:39 - [MESSAGE][PASSED] - Text of object 'Object Repository/Выполнение бизнес-плана/Выполнение бизнес-плана Балансы/Фильтр Дата' is: '1, 2, 3 кв., Октябрь 2024 года'

02-12-2024T02:38:39 - [TEST_STEP][PASSED] - m = m.substring(0, m.indexOf("2024")): null

02-12-2024T02:38:39 - [TEST_STEP][PASSED] - m = m.trim(): null

02-12-2024T02:38:39 - [TEST_STEP][PASSED] - dashboardName = "Выполнение бизнес-плана": null

02-12-2024T02:38:39 - [TEST_STEP][PASSED] - workbook01 = getWorkbook(excelFilePath): null

02-12-2024T02:38:39 - [TEST_STEP][PASSED] - sheet01 = getExcelSheet(workbook01, sheetName): null

02-12-2024T02:38:39 - [TEST_STEP][PASSED] - setValueToCellByIndex(sheet01, n, 0, dashboardName): null

02-12-2024T02:38:39 - [TEST_STEP][PASSED] - setValueToCellByIndex(sheet01, n, 1, dZO): null

02-12-2024T02:38:39 - [TEST_STEP][PASSED] - setValueToCellByIndex(sheet01, n, 2, typeOfData): null

02-12-2024T02:38:39 - [TEST_STEP][PASSED] - setValueToCellByIndex(sheet01, n, 3, typeOfData): null

02-12-2024T02:38:39 - [TEST_STEP][PASSED] - if (typeOfData == "План"): null

02-12-2024T02:38:39 - [TEST_STEP][PASSED] - else if (typeOfData == "Факт"): null

02-12-2024T02:38:39 - [TEST_STEP][PASSED] - else if (vidget.contains("электроэнергии") == true): null

02-12-2024T02:38:39 - [TEST_STEP][PASSED] - if (tabR == null): null

02-12-2024T02:38:39 - [TEST_STEP][PASSED] - else: null

02-12-2024T02:38:39 - [TEST_STEP][PASSED] - if (tabR == "нет данных"): null

02-12-2024T02:38:39 - [TEST_STEP][PASSED] - setValueToCellByIndex(sheet01, n, 4, "нет данных"): null

02-12-2024T02:38:39 - [TEST_STEP][PASSED] - if (tabB == null): null

02-12-2024T02:38:39 - [TEST_STEP][PASSED] - else: null

02-12-2024T02:38:39 - [TEST_STEP][PASSED] - if (tabB == "нет данных"): null

02-12-2024T02:38:39 - [TEST_STEP][PASSED] - else: null

02-12-2024T02:38:39 - [TEST_STEP][PASSED] - TB = tabB.toInteger(): null

02-12-2024T02:38:39 - [TEST_STEP][PASSED] - setValueToCellByIndex(sheet01, n, 5, TB): null

02-12-2024T02:38:39 - [TEST_STEP][PASSED] - setValueToCellByIndex(sheet01, n, 6, m): null

02-12-2024T02:38:39 - [TEST_STEP][PASSED] - setValueToCellByIndex(sheet01, n, 7, y): null

02-12-2024T02:38:39 - [TEST_STEP][PASSED] - setValueToCellByIndex(sheet01, n, 8, todaysDate): null

02-12-2024T02:38:39 - [TEST_STEP][PASSED] - n = n + 1: null

02-12-2024T02:38:39 - [TEST_STEP][PASSED] - saveWorkbook(excelFilePath, workbook01): null

02-12-2024T02:38:40 - [TEST_STEP][PASSED] - typeOfData = "План Потери": null

02-12-2024T02:38:40 - [TEST_STEP][PASSED] - tabR = GetPPlanR(x = a): null

02-12-2024T02:38:40 - [TEST_STEP][PASSED] - i1 = <not implemented yet for class: org.codehaus.groovy.ast.expr.EmptyExpression>: null

02-12-2024T02:38:40 - [TEST_STEP][PASSED] - ii = <not implemented yet for class: org.codehaus.groovy.ast.expr.EmptyExpression>: null

02-12-2024T02:38:40 - [TEST_STEP][PASSED] - for ([ii = 1, ii < 9, (ii++)]): null

02-12-2024T02:38:40 - [TEST_STEP][PASSED] - i1 = x.indexOf("/") + 1: null

02-12-2024T02:38:40 - [TEST_STEP][PASSED] - if (i1 > -1): null

02-12-2024T02:38:40 - [TEST_STEP][PASSED] - x = x.substring(i1, x.length()): null

02-12-2024T02:38:40 - [TEST_STEP][PASSED] - println(x): null

02-12-2024T02:38:40 - [TEST_STEP][PASSED] - i1 = x.indexOf("/") + 1: null

02-12-2024T02:38:40 - [TEST_STEP][PASSED] - if (i1 > -1): null

02-12-2024T02:38:40 - [TEST_STEP][PASSED] - x = x.substring(i1, x.length()): null

02-12-2024T02:38:40 - [TEST_STEP][PASSED] - println(x): null

02-12-2024T02:38:40 - [TEST_STEP][PASSED] - i1 = x.indexOf("/") + 1: null

02-12-2024T02:38:40 - [TEST_STEP][PASSED] - if (i1 > -1): null

02-12-2024T02:38:40 - [TEST_STEP][PASSED] - x = x.substring(i1, x.length()): null

02-12-2024T02:38:40 - [TEST_STEP][PASSED] - println(x): null

02-12-2024T02:38:40 - [TEST_STEP][PASSED] - i1 = x.indexOf("/") + 1: null

02-12-2024T02:38:40 - [TEST_STEP][PASSED] - if (i1 > -1): null

02-12-2024T02:38:40 - [TEST_STEP][PASSED] - x = x.substring(i1, x.length()): null

02-12-2024T02:38:40 - [TEST_STEP][PASSED] - println(x): null

02-12-2024T02:38:40 - [TEST_STEP][PASSED] - i1 = x.indexOf("/") + 1: null

02-12-2024T02:38:40 - [TEST_STEP][PASSED] - if (i1 > -1): null

02-12-2024T02:38:40 - [TEST_STEP][PASSED] - x = x.substring(i1, x.length()): null

02-12-2024T02:38:40 - [TEST_STEP][PASSED] - println(x): null

02-12-2024T02:38:40 - [TEST_STEP][PASSED] - i1 = x.indexOf("/") + 1: null

02-12-2024T02:38:40 - [TEST_STEP][PASSED] - if (i1 > -1): null

02-12-2024T02:38:40 - [TEST_STEP][PASSED] - x = x.substring(i1, x.length()): null

02-12-2024T02:38:40 - [TEST_STEP][PASSED] - println(x): null

02-12-2024T02:38:40 - [TEST_STEP][PASSED] - i1 = x.indexOf("/") + 1: null

02-12-2024T02:38:40 - [TEST_STEP][PASSED] - if (i1 > -1): null

02-12-2024T02:38:40 - [TEST_STEP][PASSED] - x = x.substring(i1, x.length()): null

02-12-2024T02:38:40 - [TEST_STEP][PASSED] - println(x): null

02-12-2024T02:38:40 - [TEST_STEP][PASSED] - i1 = x.indexOf("/") + 1: null

02-12-2024T02:38:40 - [TEST_STEP][PASSED] - if (i1 > -1): null

02-12-2024T02:38:40 - [TEST_STEP][PASSED] - x = x.substring(i1, x.length()): null

02-12-2024T02:38:40 - [TEST_STEP][PASSED] - println(x): null

02-12-2024T02:38:40 - [TEST_STEP][PASSED] - i1 = x.indexOf("/"): null

02-12-2024T02:38:40 - [TEST_STEP][PASSED] - if (i1 > -1): null

02-12-2024T02:38:40 - [TEST_STEP][PASSED] - x = x.substring(0, i1): null

02-12-2024T02:38:40 - [TEST_STEP][PASSED] - println(x): null

02-12-2024T02:38:40 - [TEST_STEP][PASSED] - return x: null

02-12-2024T02:38:40 - [TEST_STEP][PASSED] - tabB = GetPPlanB(x = b): null

02-12-2024T02:38:40 - [TEST_STEP][PASSED] - i1 = <not implemented yet for class: org.codehaus.groovy.ast.expr.EmptyExpression>: null

02-12-2024T02:38:40 - [TEST_STEP][PASSED] - ii = <not implemented yet for class: org.codehaus.groovy.ast.expr.EmptyExpression>: null

02-12-2024T02:38:40 - [TEST_STEP][PASSED] - for ([ii = 1, ii < 9, (ii++)]): null

02-12-2024T02:38:40 - [TEST_STEP][PASSED] - i1 = x.indexOf("/") + 1: null

02-12-2024T02:38:40 - [TEST_STEP][PASSED] - if (i1 > -1): null

02-12-2024T02:38:40 - [TEST_STEP][PASSED] - x = x.substring(i1, x.length()): null

02-12-2024T02:38:40 - [TEST_STEP][PASSED] - println(x): null

02-12-2024T02:38:40 - [TEST_STEP][PASSED] - i1 = x.indexOf("/") + 1: null

02-12-2024T02:38:40 - [TEST_STEP][PASSED] - if (i1 > -1): null

02-12-2024T02:38:40 - [TEST_STEP][PASSED] - x = x.substring(i1, x.length()): null

02-12-2024T02:38:40 - [TEST_STEP][PASSED] - println(x): null

02-12-2024T02:38:40 - [TEST_STEP][PASSED] - i1 = x.indexOf("/") + 1: null

02-12-2024T02:38:40 - [TEST_STEP][PASSED] - if (i1 > -1): null

02-12-2024T02:38:40 - [TEST_STEP][PASSED] - x = x.substring(i1, x.length()): null

02-12-2024T02:38:40 - [TEST_STEP][PASSED] - println(x): null

02-12-2024T02:38:40 - [TEST_STEP][PASSED] - i1 = x.indexOf("/") + 1: null

02-12-2024T02:38:40 - [TEST_STEP][PASSED] - if (i1 > -1): null

02-12-2024T02:38:40 - [TEST_STEP][PASSED] - x = x.substring(i1, x.length()): null

02-12-2024T02:38:40 - [TEST_STEP][PASSED] - println(x): null

02-12-2024T02:38:40 - [TEST_STEP][PASSED] - i1 = x.indexOf("/") + 1: null

02-12-2024T02:38:40 - [TEST_STEP][PASSED] - if (i1 > -1): null

02-12-2024T02:38:40 - [TEST_STEP][PASSED] - x = x.substring(i1, x.length()): null

02-12-2024T02:38:40 - [TEST_STEP][PASSED] - println(x): null

02-12-2024T02:38:40 - [TEST_STEP][PASSED] - i1 = x.indexOf("/") + 1: null

02-12-2024T02:38:40 - [TEST_STEP][PASSED] - if (i1 > -1): null

02-12-2024T02:38:40 - [TEST_STEP][PASSED] - x = x.substring(i1, x.length()): null

02-12-2024T02:38:40 - [TEST_STEP][PASSED] - println(x): null

02-12-2024T02:38:40 - [TEST_STEP][PASSED] - i1 = x.indexOf("/") + 1: null

02-12-2024T02:38:40 - [TEST_STEP][PASSED] - if (i1 > -1): null

02-12-2024T02:38:40 - [TEST_STEP][PASSED] - x = x.substring(i1, x.length()): null

02-12-2024T02:38:40 - [TEST_STEP][PASSED] - println(x): null

02-12-2024T02:38:40 - [TEST_STEP][PASSED] - i1 = x.indexOf("/") + 1: null

02-12-2024T02:38:40 - [TEST_STEP][PASSED] - if (i1 > -1): null

02-12-2024T02:38:40 - [TEST_STEP][PASSED] - x = x.substring(i1, x.length()): null

02-12-2024T02:38:40 - [TEST_STEP][PASSED] - println(x): null

02-12-2024T02:38:40 - [TEST_STEP][PASSED] - i1 = x.indexOf("/"): null

02-12-2024T02:38:40 - [TEST_STEP][PASSED] - if (i1 > -1): null

02-12-2024T02:38:40 - [TEST_STEP][PASSED] - x = x.substring(0, i1): null

02-12-2024T02:38:40 - [TEST_STEP][PASSED] - println(x): null

02-12-2024T02:38:40 - [TEST_STEP][FAILED] - return x: null

02-12-2024T02:38:40 - [TEST_STEP][PASSED] - println(tabR + "/" + tabB): null

02-12-2024T02:38:40 - [TEST_STEP][FAILED] - if (verifyEqual(PercFactR, PercFactB) == false): null

02-12-2024T02:38:40 - [MESSAGE][FAILED] - Unable to verify equal between actual object 'нет данных' and expected object '7.35' (Root cause: com.kms.katalon.core.exception.StepFailedException: Actual object 'нет данных' and expected object '7.35' are not equal
	at com.kms.katalon.core.keyword.builtin.VerifyEqualKeyword$_verifyEqual_closure1.doCall(VerifyEqualKeyword.groovy:58)
	at com.kms.katalon.core.keyword.builtin.VerifyEqualKeyword$_verifyEqual_closure1.call(VerifyEqualKeyword.groovy)
	at com.kms.katalon.core.keyword.internal.KeywordMain.runKeyword(KeywordMain.groovy:75)
	at com.kms.katalon.core.keyword.builtin.VerifyEqualKeyword.verifyEqual(VerifyEqualKeyword.groovy:63)
	at com.kms.katalon.core.keyword.builtin.VerifyEqualKeyword.execute(VerifyEqualKeyword.groovy:44)
	at com.kms.katalon.core.keyword.internal.KeywordExecutor.executeKeywordForPlatform(KeywordExecutor.groovy:74)
	at com.kms.katalon.core.keyword.BuiltinKeywords.verifyEqual(BuiltinKeywords.groovy:146)
	at jdk.internal.reflect.GeneratedMethodAccessor25.invoke(Unknown Source)
	at java.base/jdk.internal.reflect.DelegatingMethodAccessorImpl.invoke(DelegatingMethodAccessorImpl.java:43)
	at Выполнение бизнес-плана сверка дашбордов.CompareDZOData(Выполнение бизнес-плана сверка дашбордов:771)
	at Выполнение бизнес-плана сверка дашбордов.run(Выполнение бизнес-плана сверка дашбордов:613)
	at com.kms.katalon.core.main.ScriptEngine.run(ScriptEngine.java:194)
	at com.kms.katalon.core.main.ScriptEngine.runScriptAsRawText(ScriptEngine.java:119)
	at com.kms.katalon.core.main.TestCaseExecutor.runScript(TestCaseExecutor.java:448)
	at com.kms.katalon.core.main.TestCaseExecutor.doExecute(TestCaseExecutor.java:439)
	at com.kms.katalon.core.main.TestCaseExecutor.processExecutionPhase(TestCaseExecutor.java:418)
	at com.kms.katalon.core.main.TestCaseExecutor.accessMainPhase(TestCaseExecutor.java:410)
	at com.kms.katalon.core.main.TestCaseExecutor.execute(TestCaseExecutor.java:285)
	at com.kms.katalon.core.common.CommonExecutor.accessTestCaseMainPhase(CommonExecutor.java:65)
	at com.kms.katalon.core.main.TestSuiteExecutor.accessTestSuiteMainPhase(TestSuiteExecutor.java:150)
	at com.kms.katalon.core.main.TestSuiteExecutor.execute(TestSuiteExecutor.java:106)
	at com.kms.katalon.core.main.TestCaseMain.startTestSuite(TestCaseMain.java:180)
	at TempTestSuite1733095732962.run(TempTestSuite1733095732962.groovy:35)
	at java.base/jdk.internal.reflect.NativeMethodAccessorImpl.invoke0(Native Method)
	at java.base/jdk.internal.reflect.NativeMethodAccessorImpl.invoke(NativeMethodAccessorImpl.java:77)
	at java.base/jdk.internal.reflect.DelegatingMethodAccessorImpl.invoke(DelegatingMethodAccessorImpl.java:43)
)

02-12-2024T02:38:40 - [TEST_STEP][PASSED] - result = WriteToExcel(typeOfData, todaysDate, PercPlanR, PercPlanB, PercFactR, PercFactB, x, tabR, tabB, o1R, o1B, vidget): null

02-12-2024T02:38:40 - [TEST_STEP][PASSED] - iii = dZO.indexOf("/"): null

02-12-2024T02:38:40 - [TEST_STEP][PASSED] - println(iii): null

02-12-2024T02:38:40 - [TEST_STEP][PASSED] - dZO = dZO.substring(0, iii): null

02-12-2024T02:38:40 - [TEST_STEP][PASSED] - println(dZO): null

02-12-2024T02:38:40 - [TEST_STEP][PASSED] - println(PercPlanR): null

02-12-2024T02:38:40 - [TEST_STEP][PASSED] - println(PercPlanB): null

02-12-2024T02:38:40 - [TEST_STEP][PASSED] - println(PercFactR): null

02-12-2024T02:38:40 - [TEST_STEP][PASSED] - println(PercFactB): null

02-12-2024T02:38:40 - [TEST_STEP][PASSED] - println(tabR): null

02-12-2024T02:38:40 - [TEST_STEP][PASSED] - println(tabB): null

02-12-2024T02:38:40 - [TEST_STEP][PASSED] - println(o1R): null

02-12-2024T02:38:40 - [TEST_STEP][PASSED] - println(o1B): null

02-12-2024T02:38:40 - [TEST_STEP][PASSED] - PR = <not implemented yet for class: org.codehaus.groovy.ast.expr.EmptyExpression>: null

02-12-2024T02:38:40 - [TEST_STEP][PASSED] - FR = <not implemented yet for class: org.codehaus.groovy.ast.expr.EmptyExpression>: null

02-12-2024T02:38:40 - [TEST_STEP][PASSED] - PB = <not implemented yet for class: org.codehaus.groovy.ast.expr.EmptyExpression>: null

02-12-2024T02:38:40 - [TEST_STEP][PASSED] - FB = <not implemented yet for class: org.codehaus.groovy.ast.expr.EmptyExpression>: null

02-12-2024T02:38:40 - [TEST_STEP][PASSED] - TR = <not implemented yet for class: org.codehaus.groovy.ast.expr.EmptyExpression>: null

02-12-2024T02:38:40 - [TEST_STEP][PASSED] - TB = <not implemented yet for class: org.codehaus.groovy.ast.expr.EmptyExpression>: null

02-12-2024T02:38:40 - [TEST_STEP][PASSED] - sheetName = "Sheet1": null

02-12-2024T02:38:40 - [TEST_STEP][PASSED] - data = findTestData("PlanFact"): null

02-12-2024T02:38:40 - [TEST_STEP][PASSED] - n = data.getRowNumbers() + 1: null

02-12-2024T02:38:40 - [TEST_STEP][PASSED] - year = todaysDate.substring(todaysDate.length() - 4, todaysDate.length()): null

02-12-2024T02:38:40 - [TEST_STEP][PASSED] - y = year.toInteger(): null

02-12-2024T02:38:40 - [TEST_STEP][PASSED] - m = getText(findTestObject("Выполнение бизнес-плана/Выполнение бизнес-плана Балансы/Фильтр Дата")): Text of object 'Object Repository/Выполнение бизнес-плана/Выполнение бизнес-плана Балансы/Фильтр Дата' is: '1, 2, 3 кв., Октябрь 2024 года'

02-12-2024T02:38:40 - [MESSAGE][PASSED] - Text of object 'Object Repository/Выполнение бизнес-плана/Выполнение бизнес-плана Балансы/Фильтр Дата' is: '1, 2, 3 кв., Октябрь 2024 года'

02-12-2024T02:38:40 - [TEST_STEP][PASSED] - m = m.substring(0, m.indexOf("2024")): null

02-12-2024T02:38:40 - [TEST_STEP][PASSED] - m = m.trim(): null

02-12-2024T02:38:40 - [TEST_STEP][PASSED] - dashboardName = "Выполнение бизнес-плана": null

02-12-2024T02:38:40 - [TEST_STEP][PASSED] - workbook01 = getWorkbook(excelFilePath): null

02-12-2024T02:38:40 - [TEST_STEP][PASSED] - sheet01 = getExcelSheet(workbook01, sheetName): null

02-12-2024T02:38:40 - [TEST_STEP][PASSED] - setValueToCellByIndex(sheet01, n, 0, dashboardName): null

02-12-2024T02:38:40 - [TEST_STEP][PASSED] - setValueToCellByIndex(sheet01, n, 1, dZO): null

02-12-2024T02:38:40 - [TEST_STEP][PASSED] - setValueToCellByIndex(sheet01, n, 2, typeOfData): null

02-12-2024T02:38:40 - [TEST_STEP][PASSED] - setValueToCellByIndex(sheet01, n, 3, typeOfData): null

02-12-2024T02:38:40 - [TEST_STEP][PASSED] - if (typeOfData == "План"): null

02-12-2024T02:38:40 - [TEST_STEP][PASSED] - else if (typeOfData == "Факт"): null

02-12-2024T02:38:40 - [TEST_STEP][PASSED] - else if (vidget.contains("электроэнергии") == true): null

02-12-2024T02:38:40 - [TEST_STEP][PASSED] - if (tabR == null): null

02-12-2024T02:38:40 - [TEST_STEP][PASSED] - else: null

02-12-2024T02:38:40 - [TEST_STEP][PASSED] - if (tabR == "нет данных"): null

02-12-2024T02:38:40 - [TEST_STEP][PASSED] - setValueToCellByIndex(sheet01, n, 4, "нет данных"): null

02-12-2024T02:38:40 - [TEST_STEP][PASSED] - if (tabB == null): null

02-12-2024T02:38:40 - [TEST_STEP][PASSED] - else: null

02-12-2024T02:38:40 - [TEST_STEP][PASSED] - if (tabB == "нет данных"): null

02-12-2024T02:38:40 - [TEST_STEP][PASSED] - else: null

02-12-2024T02:38:40 - [TEST_STEP][PASSED] - TB = tabB.toInteger(): null

02-12-2024T02:38:40 - [TEST_STEP][PASSED] - setValueToCellByIndex(sheet01, n, 5, TB): null

02-12-2024T02:38:40 - [TEST_STEP][PASSED] - setValueToCellByIndex(sheet01, n, 6, m): null

02-12-2024T02:38:40 - [TEST_STEP][PASSED] - setValueToCellByIndex(sheet01, n, 7, y): null

02-12-2024T02:38:40 - [TEST_STEP][PASSED] - setValueToCellByIndex(sheet01, n, 8, todaysDate): null

02-12-2024T02:38:40 - [TEST_STEP][PASSED] - n = n + 1: null

02-12-2024T02:38:40 - [TEST_STEP][PASSED] - saveWorkbook(excelFilePath, workbook01): null

02-12-2024T02:38:40 - [TEST_STEP][PASSED] - ii2 = a.indexOf("ПАО"): null

02-12-2024T02:38:40 - [TEST_STEP][PASSED] - if (ii2 == -1): null

02-12-2024T02:38:40 - [TEST_STEP][PASSED] - vidget = "Отклонения фактического уровня потерь от бизнес-плана": null

02-12-2024T02:38:40 - [TEST_STEP][PASSED] - typeOfData = "Коэффициент": null

02-12-2024T02:38:40 - [TEST_STEP][PASSED] - o1R = Geto1R(x = a): null

02-12-2024T02:38:40 - [TEST_STEP][PASSED] - i1 = <not implemented yet for class: org.codehaus.groovy.ast.expr.EmptyExpression>: null

02-12-2024T02:38:40 - [TEST_STEP][PASSED] - ii = <not implemented yet for class: org.codehaus.groovy.ast.expr.EmptyExpression>: null

02-12-2024T02:38:40 - [TEST_STEP][PASSED] - for ([ii = 1, ii < 10, (ii++)]): null

02-12-2024T02:38:40 - [TEST_STEP][PASSED] - i1 = x.indexOf("/") + 1: null

02-12-2024T02:38:40 - [TEST_STEP][PASSED] - if (i1 > -1): null

02-12-2024T02:38:40 - [TEST_STEP][PASSED] - x = x.substring(i1, x.length()): null

02-12-2024T02:38:40 - [TEST_STEP][PASSED] - i1 = x.indexOf("/") + 1: null

02-12-2024T02:38:40 - [TEST_STEP][PASSED] - if (i1 > -1): null

02-12-2024T02:38:40 - [TEST_STEP][PASSED] - x = x.substring(i1, x.length()): null

02-12-2024T02:38:40 - [TEST_STEP][PASSED] - i1 = x.indexOf("/") + 1: null

02-12-2024T02:38:40 - [TEST_STEP][PASSED] - if (i1 > -1): null

02-12-2024T02:38:40 - [TEST_STEP][PASSED] - x = x.substring(i1, x.length()): null

02-12-2024T02:38:40 - [TEST_STEP][PASSED] - i1 = x.indexOf("/") + 1: null

02-12-2024T02:38:40 - [TEST_STEP][PASSED] - if (i1 > -1): null

02-12-2024T02:38:40 - [TEST_STEP][PASSED] - x = x.substring(i1, x.length()): null

02-12-2024T02:38:40 - [TEST_STEP][PASSED] - i1 = x.indexOf("/") + 1: null

02-12-2024T02:38:40 - [TEST_STEP][PASSED] - if (i1 > -1): null

02-12-2024T02:38:40 - [TEST_STEP][PASSED] - x = x.substring(i1, x.length()): null

02-12-2024T02:38:40 - [TEST_STEP][PASSED] - i1 = x.indexOf("/") + 1: null

02-12-2024T02:38:40 - [TEST_STEP][PASSED] - if (i1 > -1): null

02-12-2024T02:38:40 - [TEST_STEP][PASSED] - x = x.substring(i1, x.length()): null

02-12-2024T02:38:40 - [TEST_STEP][PASSED] - i1 = x.indexOf("/") + 1: null

02-12-2024T02:38:40 - [TEST_STEP][PASSED] - if (i1 > -1): null

02-12-2024T02:38:40 - [TEST_STEP][PASSED] - x = x.substring(i1, x.length()): null

02-12-2024T02:38:40 - [TEST_STEP][PASSED] - i1 = x.indexOf("/") + 1: null

02-12-2024T02:38:40 - [TEST_STEP][PASSED] - if (i1 > -1): null

02-12-2024T02:38:40 - [TEST_STEP][PASSED] - x = x.substring(i1, x.length()): null

02-12-2024T02:38:40 - [TEST_STEP][PASSED] - i1 = x.indexOf("/") + 1: null

02-12-2024T02:38:40 - [TEST_STEP][PASSED] - if (i1 > -1): null

02-12-2024T02:38:40 - [TEST_STEP][PASSED] - x = x.substring(i1, x.length()): null

02-12-2024T02:38:40 - [TEST_STEP][PASSED] - i1 = x.indexOf("/"): null

02-12-2024T02:38:40 - [TEST_STEP][PASSED] - if (i1 > -1): null

02-12-2024T02:38:40 - [TEST_STEP][PASSED] - println(x): null

02-12-2024T02:38:40 - [TEST_STEP][PASSED] - return x: null

02-12-2024T02:38:40 - [TEST_STEP][PASSED] - o1B = Geto1B(x = b): null

02-12-2024T02:38:40 - [TEST_STEP][PASSED] - i1 = <not implemented yet for class: org.codehaus.groovy.ast.expr.EmptyExpression>: null

02-12-2024T02:38:40 - [TEST_STEP][PASSED] - ii = <not implemented yet for class: org.codehaus.groovy.ast.expr.EmptyExpression>: null

02-12-2024T02:38:40 - [TEST_STEP][PASSED] - for ([ii = 1, ii < 10, (ii++)]): null

02-12-2024T02:38:40 - [TEST_STEP][PASSED] - i1 = x.indexOf("/") + 1: null

02-12-2024T02:38:40 - [TEST_STEP][PASSED] - if (i1 > -1): null

02-12-2024T02:38:40 - [TEST_STEP][PASSED] - x = x.substring(i1, x.length()): null

02-12-2024T02:38:40 - [TEST_STEP][PASSED] - i1 = x.indexOf("/") + 1: null

02-12-2024T02:38:40 - [TEST_STEP][PASSED] - if (i1 > -1): null

02-12-2024T02:38:40 - [TEST_STEP][PASSED] - x = x.substring(i1, x.length()): null

02-12-2024T02:38:40 - [TEST_STEP][PASSED] - i1 = x.indexOf("/") + 1: null

02-12-2024T02:38:40 - [TEST_STEP][PASSED] - if (i1 > -1): null

02-12-2024T02:38:40 - [TEST_STEP][PASSED] - x = x.substring(i1, x.length()): null

02-12-2024T02:38:40 - [TEST_STEP][PASSED] - i1 = x.indexOf("/") + 1: null

02-12-2024T02:38:40 - [TEST_STEP][PASSED] - if (i1 > -1): null

02-12-2024T02:38:40 - [TEST_STEP][PASSED] - x = x.substring(i1, x.length()): null

02-12-2024T02:38:40 - [TEST_STEP][PASSED] - i1 = x.indexOf("/") + 1: null

02-12-2024T02:38:40 - [TEST_STEP][PASSED] - if (i1 > -1): null

02-12-2024T02:38:40 - [TEST_STEP][PASSED] - x = x.substring(i1, x.length()): null

02-12-2024T02:38:40 - [TEST_STEP][PASSED] - i1 = x.indexOf("/") + 1: null

02-12-2024T02:38:40 - [TEST_STEP][PASSED] - if (i1 > -1): null

02-12-2024T02:38:40 - [TEST_STEP][PASSED] - x = x.substring(i1, x.length()): null

02-12-2024T02:38:40 - [TEST_STEP][PASSED] - i1 = x.indexOf("/") + 1: null

02-12-2024T02:38:40 - [TEST_STEP][PASSED] - if (i1 > -1): null

02-12-2024T02:38:40 - [TEST_STEP][PASSED] - x = x.substring(i1, x.length()): null

02-12-2024T02:38:40 - [TEST_STEP][PASSED] - i1 = x.indexOf("/") + 1: null

02-12-2024T02:38:40 - [TEST_STEP][PASSED] - if (i1 > -1): null

02-12-2024T02:38:40 - [TEST_STEP][PASSED] - x = x.substring(i1, x.length()): null

02-12-2024T02:38:40 - [TEST_STEP][PASSED] - i1 = x.indexOf("/") + 1: null

02-12-2024T02:38:40 - [TEST_STEP][PASSED] - if (i1 > -1): null

02-12-2024T02:38:40 - [TEST_STEP][PASSED] - x = x.substring(i1, x.length()): null

02-12-2024T02:38:40 - [TEST_STEP][PASSED] - i1 = x.indexOf("/"): null

02-12-2024T02:38:40 - [TEST_STEP][PASSED] - if (i1 > -1): null

02-12-2024T02:38:40 - [TEST_STEP][PASSED] - println(x): null

02-12-2024T02:38:40 - [TEST_STEP][FAILED] - return x: null

02-12-2024T02:38:40 - [TEST_STEP][PASSED] - println(o1R + "/" + o1B): null

02-12-2024T02:38:40 - [TEST_STEP][FAILED] - if (verifyEqual(PercFactR, PercFactB) == false): null

02-12-2024T02:38:40 - [MESSAGE][FAILED] - Unable to verify equal between actual object 'нет данных' and expected object '7.35' (Root cause: com.kms.katalon.core.exception.StepFailedException: Actual object 'нет данных' and expected object '7.35' are not equal
	at com.kms.katalon.core.keyword.builtin.VerifyEqualKeyword$_verifyEqual_closure1.doCall(VerifyEqualKeyword.groovy:58)
	at com.kms.katalon.core.keyword.builtin.VerifyEqualKeyword$_verifyEqual_closure1.call(VerifyEqualKeyword.groovy)
	at com.kms.katalon.core.keyword.internal.KeywordMain.runKeyword(KeywordMain.groovy:75)
	at com.kms.katalon.core.keyword.builtin.VerifyEqualKeyword.verifyEqual(VerifyEqualKeyword.groovy:63)
	at com.kms.katalon.core.keyword.builtin.VerifyEqualKeyword.execute(VerifyEqualKeyword.groovy:44)
	at com.kms.katalon.core.keyword.internal.KeywordExecutor.executeKeywordForPlatform(KeywordExecutor.groovy:74)
	at com.kms.katalon.core.keyword.BuiltinKeywords.verifyEqual(BuiltinKeywords.groovy:146)
	at jdk.internal.reflect.GeneratedMethodAccessor25.invoke(Unknown Source)
	at java.base/jdk.internal.reflect.DelegatingMethodAccessorImpl.invoke(DelegatingMethodAccessorImpl.java:43)
	at Выполнение бизнес-плана сверка дашбордов.CompareDZOData(Выполнение бизнес-плана сверка дашбордов:789)
	at Выполнение бизнес-плана сверка дашбордов.run(Выполнение бизнес-плана сверка дашбордов:613)
	at com.kms.katalon.core.main.ScriptEngine.run(ScriptEngine.java:194)
	at com.kms.katalon.core.main.ScriptEngine.runScriptAsRawText(ScriptEngine.java:119)
	at com.kms.katalon.core.main.TestCaseExecutor.runScript(TestCaseExecutor.java:448)
	at com.kms.katalon.core.main.TestCaseExecutor.doExecute(TestCaseExecutor.java:439)
	at com.kms.katalon.core.main.TestCaseExecutor.processExecutionPhase(TestCaseExecutor.java:418)
	at com.kms.katalon.core.main.TestCaseExecutor.accessMainPhase(TestCaseExecutor.java:410)
	at com.kms.katalon.core.main.TestCaseExecutor.execute(TestCaseExecutor.java:285)
	at com.kms.katalon.core.common.CommonExecutor.accessTestCaseMainPhase(CommonExecutor.java:65)
	at com.kms.katalon.core.main.TestSuiteExecutor.accessTestSuiteMainPhase(TestSuiteExecutor.java:150)
	at com.kms.katalon.core.main.TestSuiteExecutor.execute(TestSuiteExecutor.java:106)
	at com.kms.katalon.core.main.TestCaseMain.startTestSuite(TestCaseMain.java:180)
	at TempTestSuite1733095732962.run(TempTestSuite1733095732962.groovy:35)
	at java.base/jdk.internal.reflect.NativeMethodAccessorImpl.invoke0(Native Method)
	at java.base/jdk.internal.reflect.NativeMethodAccessorImpl.invoke(NativeMethodAccessorImpl.java:77)
	at java.base/jdk.internal.reflect.DelegatingMethodAccessorImpl.invoke(DelegatingMethodAccessorImpl.java:43)
)

02-12-2024T02:38:40 - [TEST_STEP][PASSED] - result = WriteToExcel(typeOfData, todaysDate, PercPlanR, PercPlanB, PercFactR, PercFactB, x, tabR, tabB, o1R, o1B, vidget): null

02-12-2024T02:38:40 - [TEST_STEP][PASSED] - iii = dZO.indexOf("/"): null

02-12-2024T02:38:40 - [TEST_STEP][PASSED] - println(iii): null

02-12-2024T02:38:40 - [TEST_STEP][PASSED] - dZO = dZO.substring(0, iii): null

02-12-2024T02:38:40 - [TEST_STEP][PASSED] - println(dZO): null

02-12-2024T02:38:40 - [TEST_STEP][PASSED] - println(PercPlanR): null

02-12-2024T02:38:40 - [TEST_STEP][PASSED] - println(PercPlanB): null

02-12-2024T02:38:40 - [TEST_STEP][PASSED] - println(PercFactR): null

02-12-2024T02:38:40 - [TEST_STEP][PASSED] - println(PercFactB): null

02-12-2024T02:38:40 - [TEST_STEP][PASSED] - println(tabR): null

02-12-2024T02:38:40 - [TEST_STEP][PASSED] - println(tabB): null

02-12-2024T02:38:40 - [TEST_STEP][PASSED] - println(o1R): null

02-12-2024T02:38:40 - [TEST_STEP][PASSED] - println(o1B): null

02-12-2024T02:38:40 - [TEST_STEP][PASSED] - PR = <not implemented yet for class: org.codehaus.groovy.ast.expr.EmptyExpression>: null

02-12-2024T02:38:40 - [TEST_STEP][PASSED] - FR = <not implemented yet for class: org.codehaus.groovy.ast.expr.EmptyExpression>: null

02-12-2024T02:38:40 - [TEST_STEP][PASSED] - PB = <not implemented yet for class: org.codehaus.groovy.ast.expr.EmptyExpression>: null

02-12-2024T02:38:40 - [TEST_STEP][PASSED] - FB = <not implemented yet for class: org.codehaus.groovy.ast.expr.EmptyExpression>: null

02-12-2024T02:38:40 - [TEST_STEP][PASSED] - TR = <not implemented yet for class: org.codehaus.groovy.ast.expr.EmptyExpression>: null

02-12-2024T02:38:40 - [TEST_STEP][PASSED] - TB = <not implemented yet for class: org.codehaus.groovy.ast.expr.EmptyExpression>: null

02-12-2024T02:38:40 - [TEST_STEP][PASSED] - sheetName = "Sheet1": null

02-12-2024T02:38:40 - [TEST_STEP][PASSED] - data = findTestData("PlanFact"): null

02-12-2024T02:38:40 - [TEST_STEP][PASSED] - n = data.getRowNumbers() + 1: null

02-12-2024T02:38:40 - [TEST_STEP][PASSED] - year = todaysDate.substring(todaysDate.length() - 4, todaysDate.length()): null

02-12-2024T02:38:40 - [TEST_STEP][PASSED] - y = year.toInteger(): null

02-12-2024T02:38:40 - [TEST_STEP][PASSED] - m = getText(findTestObject("Выполнение бизнес-плана/Выполнение бизнес-плана Балансы/Фильтр Дата")): Text of object 'Object Repository/Выполнение бизнес-плана/Выполнение бизнес-плана Балансы/Фильтр Дата' is: '1, 2, 3 кв., Октябрь 2024 года'

02-12-2024T02:38:41 - [MESSAGE][PASSED] - Text of object 'Object Repository/Выполнение бизнес-плана/Выполнение бизнес-плана Балансы/Фильтр Дата' is: '1, 2, 3 кв., Октябрь 2024 года'

02-12-2024T02:38:41 - [TEST_STEP][PASSED] - m = m.substring(0, m.indexOf("2024")): null

02-12-2024T02:38:41 - [TEST_STEP][PASSED] - m = m.trim(): null

02-12-2024T02:38:41 - [TEST_STEP][PASSED] - dashboardName = "Выполнение бизнес-плана": null

02-12-2024T02:38:41 - [TEST_STEP][PASSED] - workbook01 = getWorkbook(excelFilePath): null

02-12-2024T02:38:41 - [TEST_STEP][PASSED] - sheet01 = getExcelSheet(workbook01, sheetName): null

02-12-2024T02:38:41 - [TEST_STEP][PASSED] - setValueToCellByIndex(sheet01, n, 0, dashboardName): null

02-12-2024T02:38:41 - [TEST_STEP][PASSED] - setValueToCellByIndex(sheet01, n, 1, dZO): null

02-12-2024T02:38:41 - [TEST_STEP][PASSED] - setValueToCellByIndex(sheet01, n, 2, typeOfData): null

02-12-2024T02:38:41 - [TEST_STEP][PASSED] - setValueToCellByIndex(sheet01, n, 3, typeOfData): null

02-12-2024T02:38:41 - [TEST_STEP][PASSED] - if (typeOfData == "План"): null

02-12-2024T02:38:41 - [TEST_STEP][PASSED] - else if (typeOfData == "Факт"): null

02-12-2024T02:38:41 - [TEST_STEP][PASSED] - else if (vidget.contains("электроэнергии") == true): null

02-12-2024T02:38:41 - [TEST_STEP][PASSED] - else: null

02-12-2024T02:38:41 - [TEST_STEP][PASSED] - if (o1R == null): null

02-12-2024T02:38:41 - [TEST_STEP][PASSED] - else: null

02-12-2024T02:38:41 - [TEST_STEP][PASSED] - if (o1R == "нет данных"): null

02-12-2024T02:38:41 - [TEST_STEP][PASSED] - setValueToCellByIndex(sheet01, n, 4, "нет данных"): null

02-12-2024T02:38:41 - [TEST_STEP][PASSED] - if (o1B == null): null

02-12-2024T02:38:41 - [TEST_STEP][PASSED] - else: null

02-12-2024T02:38:41 - [TEST_STEP][PASSED] - if (o1B == "нет данных"): null

02-12-2024T02:38:41 - [TEST_STEP][PASSED] - else: null

02-12-2024T02:38:41 - [TEST_STEP][PASSED] - FB = o1B.toDouble(): null

02-12-2024T02:38:41 - [TEST_STEP][PASSED] - setValueToCellByIndex(sheet01, n, 5, FB): null

02-12-2024T02:38:41 - [TEST_STEP][PASSED] - setValueToCellByIndex(sheet01, n, 6, m): null

02-12-2024T02:38:41 - [TEST_STEP][PASSED] - setValueToCellByIndex(sheet01, n, 7, y): null

02-12-2024T02:38:41 - [TEST_STEP][PASSED] - setValueToCellByIndex(sheet01, n, 8, todaysDate): null

02-12-2024T02:38:41 - [TEST_STEP][PASSED] - n = n + 1: null

02-12-2024T02:38:41 - [TEST_STEP][FAILED] - saveWorkbook(excelFilePath, workbook01): null

02-12-2024T02:38:41 - [TEST_STEP][PASSED] - if (verifyEqual(sKR, sKB) == false): Actual object 'Россети Северный Кавказ (ГК)/23.70/27.54/17367779/12584601/4783177/16300204/12437092/3863112/3.84' and expected object 'Россети Северный Кавказ (ГК)/23.70/27.54/17367779/12584601/4783177/16300204/12437092/3863112/3.84' are equal

02-12-2024T02:38:41 - [MESSAGE][PASSED] - Actual object 'Россети Северный Кавказ (ГК)/23.70/27.54/17367779/12584601/4783177/16300204/12437092/3863112/3.84' and expected object 'Россети Северный Кавказ (ГК)/23.70/27.54/17367779/12584601/4783177/16300204/12437092/3863112/3.84' are equal

02-12-2024T02:38:41 - [TEST_STEP][FAILED] - if (verifyEqual(sZR, sZB) == false): null

02-12-2024T02:38:41 - [MESSAGE][FAILED] - Unable to verify equal between actual object 'Россети Северо-Запад/нет данных/нет данных/нет данных/нет данных/нет данных/нет данных/нет данных/нет данных/нет данных' and expected object 'Россети Северо-Запад/5.67/5.26/27102297/25676842/1425455/26659502/25149128/1510374/-0.41' (Root cause: com.kms.katalon.core.exception.StepFailedException: Actual object 'Россети Северо-Запад/нет данных/нет данных/нет данных/нет данных/нет данных/нет данных/нет данных/нет данных/нет данных' and expected object 'Россети Северо-Запад/5.67/5.26/27102297/25676842/1425455/26659502/25149128/1510374/-0.41' are not equal
	at com.kms.katalon.core.keyword.builtin.VerifyEqualKeyword$_verifyEqual_closure1.doCall(VerifyEqualKeyword.groovy:58)
	at com.kms.katalon.core.keyword.builtin.VerifyEqualKeyword$_verifyEqual_closure1.call(VerifyEqualKeyword.groovy)
	at com.kms.katalon.core.keyword.internal.KeywordMain.runKeyword(KeywordMain.groovy:75)
	at com.kms.katalon.core.keyword.builtin.VerifyEqualKeyword.verifyEqual(VerifyEqualKeyword.groovy:63)
	at com.kms.katalon.core.keyword.builtin.VerifyEqualKeyword.execute(VerifyEqualKeyword.groovy:44)
	at com.kms.katalon.core.keyword.internal.KeywordExecutor.executeKeywordForPlatform(KeywordExecutor.groovy:74)
	at com.kms.katalon.core.keyword.BuiltinKeywords.verifyEqual(BuiltinKeywords.groovy:146)
	at jdk.internal.reflect.GeneratedMethodAccessor25.invoke(Unknown Source)
	at java.base/jdk.internal.reflect.DelegatingMethodAccessorImpl.invoke(DelegatingMethodAccessorImpl.java:43)
	at Выполнение бизнес-плана сверка дашбордов.run(Выполнение бизнес-плана сверка дашбордов:622)
	at com.kms.katalon.core.main.ScriptEngine.run(ScriptEngine.java:194)
	at com.kms.katalon.core.main.ScriptEngine.runScriptAsRawText(ScriptEngine.java:119)
	at com.kms.katalon.core.main.TestCaseExecutor.runScript(TestCaseExecutor.java:448)
	at com.kms.katalon.core.main.TestCaseExecutor.doExecute(TestCaseExecutor.java:439)
	at com.kms.katalon.core.main.TestCaseExecutor.processExecutionPhase(TestCaseExecutor.java:418)
	at com.kms.katalon.core.main.TestCaseExecutor.accessMainPhase(TestCaseExecutor.java:410)
	at com.kms.katalon.core.main.TestCaseExecutor.execute(TestCaseExecutor.java:285)
	at com.kms.katalon.core.common.CommonExecutor.accessTestCaseMainPhase(CommonExecutor.java:65)
	at com.kms.katalon.core.main.TestSuiteExecutor.accessTestSuiteMainPhase(TestSuiteExecutor.java:150)
	at com.kms.katalon.core.main.TestSuiteExecutor.execute(TestSuiteExecutor.java:106)
	at com.kms.katalon.core.main.TestCaseMain.startTestSuite(TestCaseMain.java:180)
	at TempTestSuite1733095732962.run(TempTestSuite1733095732962.groovy:35)
	at java.base/jdk.internal.reflect.NativeMethodAccessorImpl.invoke0(Native Method)
	at java.base/jdk.internal.reflect.NativeMethodAccessorImpl.invoke(NativeMethodAccessorImpl.java:77)
	at java.base/jdk.internal.reflect.DelegatingMethodAccessorImpl.invoke(DelegatingMethodAccessorImpl.java:43)
)

02-12-2024T02:38:41 - [TEST_STEP][PASSED] - result = CompareDZOData(a = sZR, b = sZB, dZO, typeOfData, PercPlanR, PercPlanB, PercFactR, PercFactB, todaysDate, x, vidget, tabR, tabB, o1R, o1B): null

02-12-2024T02:38:41 - [TEST_STEP][PASSED] - ii2 = <not implemented yet for class: org.codehaus.groovy.ast.expr.EmptyExpression>: null

02-12-2024T02:38:41 - [TEST_STEP][FAILED] - if (verifyEqual(a, b) == false): null

02-12-2024T02:38:41 - [MESSAGE][FAILED] - Unable to verify equal between actual object 'Россети Северо-Запад/нет данных/нет данных/нет данных/нет данных/нет данных/нет данных/нет данных/нет данных/нет данных' and expected object 'Россети Северо-Запад/5.67/5.26/27102297/25676842/1425455/26659502/25149128/1510374/-0.41' (Root cause: com.kms.katalon.core.exception.StepFailedException: Actual object 'Россети Северо-Запад/нет данных/нет данных/нет данных/нет данных/нет данных/нет данных/нет данных/нет данных/нет данных' and expected object 'Россети Северо-Запад/5.67/5.26/27102297/25676842/1425455/26659502/25149128/1510374/-0.41' are not equal
	at com.kms.katalon.core.keyword.builtin.VerifyEqualKeyword$_verifyEqual_closure1.doCall(VerifyEqualKeyword.groovy:58)
	at com.kms.katalon.core.keyword.builtin.VerifyEqualKeyword$_verifyEqual_closure1.call(VerifyEqualKeyword.groovy)
	at com.kms.katalon.core.keyword.internal.KeywordMain.runKeyword(KeywordMain.groovy:75)
	at com.kms.katalon.core.keyword.builtin.VerifyEqualKeyword.verifyEqual(VerifyEqualKeyword.groovy:63)
	at com.kms.katalon.core.keyword.builtin.VerifyEqualKeyword.execute(VerifyEqualKeyword.groovy:44)
	at com.kms.katalon.core.keyword.internal.KeywordExecutor.executeKeywordForPlatform(KeywordExecutor.groovy:74)
	at com.kms.katalon.core.keyword.BuiltinKeywords.verifyEqual(BuiltinKeywords.groovy:146)
	at jdk.internal.reflect.GeneratedMethodAccessor25.invoke(Unknown Source)
	at java.base/jdk.internal.reflect.DelegatingMethodAccessorImpl.invoke(DelegatingMethodAccessorImpl.java:43)
	at Выполнение бизнес-плана сверка дашбордов.CompareDZOData(Выполнение бизнес-плана сверка дашбордов:673)
	at Выполнение бизнес-плана сверка дашбордов.run(Выполнение бизнес-плана сверка дашбордов:623)
	at com.kms.katalon.core.main.ScriptEngine.run(ScriptEngine.java:194)
	at com.kms.katalon.core.main.ScriptEngine.runScriptAsRawText(ScriptEngine.java:119)
	at com.kms.katalon.core.main.TestCaseExecutor.runScript(TestCaseExecutor.java:448)
	at com.kms.katalon.core.main.TestCaseExecutor.doExecute(TestCaseExecutor.java:439)
	at com.kms.katalon.core.main.TestCaseExecutor.processExecutionPhase(TestCaseExecutor.java:418)
	at com.kms.katalon.core.main.TestCaseExecutor.accessMainPhase(TestCaseExecutor.java:410)
	at com.kms.katalon.core.main.TestCaseExecutor.execute(TestCaseExecutor.java:285)
	at com.kms.katalon.core.common.CommonExecutor.accessTestCaseMainPhase(CommonExecutor.java:65)
	at com.kms.katalon.core.main.TestSuiteExecutor.accessTestSuiteMainPhase(TestSuiteExecutor.java:150)
	at com.kms.katalon.core.main.TestSuiteExecutor.execute(TestSuiteExecutor.java:106)
	at com.kms.katalon.core.main.TestCaseMain.startTestSuite(TestCaseMain.java:180)
	at TempTestSuite1733095732962.run(TempTestSuite1733095732962.groovy:35)
	at java.base/jdk.internal.reflect.NativeMethodAccessorImpl.invoke0(Native Method)
	at java.base/jdk.internal.reflect.NativeMethodAccessorImpl.invoke(NativeMethodAccessorImpl.java:77)
	at java.base/jdk.internal.reflect.DelegatingMethodAccessorImpl.invoke(DelegatingMethodAccessorImpl.java:43)
)

02-12-2024T02:38:41 - [TEST_STEP][PASSED] - vidget = "Уровень потерь электроэнергии": null

02-12-2024T02:38:41 - [TEST_STEP][PASSED] - typeOfData = "План": null

02-12-2024T02:38:41 - [TEST_STEP][PASSED] - PercPlanR = GetPercPlanR(x = a): null

02-12-2024T02:38:41 - [TEST_STEP][PASSED] - i1 = <not implemented yet for class: org.codehaus.groovy.ast.expr.EmptyExpression>: null

02-12-2024T02:38:41 - [TEST_STEP][PASSED] - i1 = x.indexOf("/") + 1: null

02-12-2024T02:38:41 - [TEST_STEP][PASSED] - if (i1 > -1): null

02-12-2024T02:38:41 - [TEST_STEP][PASSED] - x = x.substring(i1, x.length()): null

02-12-2024T02:38:41 - [TEST_STEP][PASSED] - i1 = x.indexOf("/"): null

02-12-2024T02:38:41 - [TEST_STEP][PASSED] - if (i1 > -1): null

02-12-2024T02:38:41 - [TEST_STEP][PASSED] - x = x.substring(0, i1): null

02-12-2024T02:38:41 - [TEST_STEP][PASSED] - return x: null

02-12-2024T02:38:41 - [TEST_STEP][PASSED] - PercPlanB = GetPercPlanB(x = b): null

02-12-2024T02:38:41 - [TEST_STEP][PASSED] - i1 = <not implemented yet for class: org.codehaus.groovy.ast.expr.EmptyExpression>: null

02-12-2024T02:38:41 - [TEST_STEP][PASSED] - i1 = x.indexOf("/") + 1: null

02-12-2024T02:38:41 - [TEST_STEP][PASSED] - if (i1 > -1): null

02-12-2024T02:38:41 - [TEST_STEP][PASSED] - x = x.substring(i1, x.length()): null

02-12-2024T02:38:41 - [TEST_STEP][PASSED] - i1 = x.indexOf("/"): null

02-12-2024T02:38:41 - [TEST_STEP][PASSED] - if (i1 > -1): null

02-12-2024T02:38:41 - [TEST_STEP][PASSED] - x = x.substring(0, i1): null

02-12-2024T02:38:41 - [TEST_STEP][FAILED] - return x: null

02-12-2024T02:38:41 - [TEST_STEP][FAILED] - if (verifyEqual(PercPlanR, PercPlanB) == false): null

02-12-2024T02:38:41 - [MESSAGE][FAILED] - Unable to verify equal between actual object 'нет данных' and expected object '5.67' (Root cause: com.kms.katalon.core.exception.StepFailedException: Actual object 'нет данных' and expected object '5.67' are not equal
	at com.kms.katalon.core.keyword.builtin.VerifyEqualKeyword$_verifyEqual_closure1.doCall(VerifyEqualKeyword.groovy:58)
	at com.kms.katalon.core.keyword.builtin.VerifyEqualKeyword$_verifyEqual_closure1.call(VerifyEqualKeyword.groovy)
	at com.kms.katalon.core.keyword.internal.KeywordMain.runKeyword(KeywordMain.groovy:75)
	at com.kms.katalon.core.keyword.builtin.VerifyEqualKeyword.verifyEqual(VerifyEqualKeyword.groovy:63)
	at com.kms.katalon.core.keyword.builtin.VerifyEqualKeyword.execute(VerifyEqualKeyword.groovy:44)
	at com.kms.katalon.core.keyword.internal.KeywordExecutor.executeKeywordForPlatform(KeywordExecutor.groovy:74)
	at com.kms.katalon.core.keyword.BuiltinKeywords.verifyEqual(BuiltinKeywords.groovy:146)
	at jdk.internal.reflect.GeneratedMethodAccessor25.invoke(Unknown Source)
	at java.base/jdk.internal.reflect.DelegatingMethodAccessorImpl.invoke(DelegatingMethodAccessorImpl.java:43)
	at Выполнение бизнес-плана сверка дашбордов.CompareDZOData(Выполнение бизнес-плана сверка дашбордов:682)
	at Выполнение бизнес-плана сверка дашбордов.run(Выполнение бизнес-плана сверка дашбордов:623)
	at com.kms.katalon.core.main.ScriptEngine.run(ScriptEngine.java:194)
	at com.kms.katalon.core.main.ScriptEngine.runScriptAsRawText(ScriptEngine.java:119)
	at com.kms.katalon.core.main.TestCaseExecutor.runScript(TestCaseExecutor.java:448)
	at com.kms.katalon.core.main.TestCaseExecutor.doExecute(TestCaseExecutor.java:439)
	at com.kms.katalon.core.main.TestCaseExecutor.processExecutionPhase(TestCaseExecutor.java:418)
	at com.kms.katalon.core.main.TestCaseExecutor.accessMainPhase(TestCaseExecutor.java:410)
	at com.kms.katalon.core.main.TestCaseExecutor.execute(TestCaseExecutor.java:285)
	at com.kms.katalon.core.common.CommonExecutor.accessTestCaseMainPhase(CommonExecutor.java:65)
	at com.kms.katalon.core.main.TestSuiteExecutor.accessTestSuiteMainPhase(TestSuiteExecutor.java:150)
	at com.kms.katalon.core.main.TestSuiteExecutor.execute(TestSuiteExecutor.java:106)
	at com.kms.katalon.core.main.TestCaseMain.startTestSuite(TestCaseMain.java:180)
	at TempTestSuite1733095732962.run(TempTestSuite1733095732962.groovy:35)
	at java.base/jdk.internal.reflect.NativeMethodAccessorImpl.invoke0(Native Method)
	at java.base/jdk.internal.reflect.NativeMethodAccessorImpl.invoke(NativeMethodAccessorImpl.java:77)
	at java.base/jdk.internal.reflect.DelegatingMethodAccessorImpl.invoke(DelegatingMethodAccessorImpl.java:43)
)

02-12-2024T02:38:41 - [TEST_STEP][PASSED] - result = WriteToExcel(typeOfData, todaysDate, PercPlanR, PercPlanB, PercFactR, PercFactB, x, tabR, tabB, o1R, o1B, vidget): null

02-12-2024T02:38:41 - [TEST_STEP][PASSED] - iii = dZO.indexOf("/"): null

02-12-2024T02:38:41 - [TEST_STEP][PASSED] - println(iii): null

02-12-2024T02:38:41 - [TEST_STEP][PASSED] - dZO = dZO.substring(0, iii): null

02-12-2024T02:38:41 - [TEST_STEP][PASSED] - println(dZO): null

02-12-2024T02:38:41 - [TEST_STEP][PASSED] - println(PercPlanR): null

02-12-2024T02:38:41 - [TEST_STEP][PASSED] - println(PercPlanB): null

02-12-2024T02:38:41 - [TEST_STEP][PASSED] - println(PercFactR): null

02-12-2024T02:38:41 - [TEST_STEP][PASSED] - println(PercFactB): null

02-12-2024T02:38:41 - [TEST_STEP][PASSED] - println(tabR): null

02-12-2024T02:38:41 - [TEST_STEP][PASSED] - println(tabB): null

02-12-2024T02:38:41 - [TEST_STEP][PASSED] - println(o1R): null

02-12-2024T02:38:41 - [TEST_STEP][PASSED] - println(o1B): null

02-12-2024T02:38:41 - [TEST_STEP][PASSED] - PR = <not implemented yet for class: org.codehaus.groovy.ast.expr.EmptyExpression>: null

02-12-2024T02:38:41 - [TEST_STEP][PASSED] - FR = <not implemented yet for class: org.codehaus.groovy.ast.expr.EmptyExpression>: null

02-12-2024T02:38:41 - [TEST_STEP][PASSED] - PB = <not implemented yet for class: org.codehaus.groovy.ast.expr.EmptyExpression>: null

02-12-2024T02:38:41 - [TEST_STEP][PASSED] - FB = <not implemented yet for class: org.codehaus.groovy.ast.expr.EmptyExpression>: null

02-12-2024T02:38:41 - [TEST_STEP][PASSED] - TR = <not implemented yet for class: org.codehaus.groovy.ast.expr.EmptyExpression>: null

02-12-2024T02:38:41 - [TEST_STEP][PASSED] - TB = <not implemented yet for class: org.codehaus.groovy.ast.expr.EmptyExpression>: null

02-12-2024T02:38:41 - [TEST_STEP][PASSED] - sheetName = "Sheet1": null

02-12-2024T02:38:41 - [TEST_STEP][PASSED] - data = findTestData("PlanFact"): null

02-12-2024T02:38:41 - [TEST_STEP][PASSED] - n = data.getRowNumbers() + 1: null

02-12-2024T02:38:41 - [TEST_STEP][PASSED] - year = todaysDate.substring(todaysDate.length() - 4, todaysDate.length()): null

02-12-2024T02:38:41 - [TEST_STEP][PASSED] - y = year.toInteger(): null

02-12-2024T02:38:41 - [TEST_STEP][PASSED] - m = getText(findTestObject("Выполнение бизнес-плана/Выполнение бизнес-плана Балансы/Фильтр Дата")): Text of object 'Object Repository/Выполнение бизнес-плана/Выполнение бизнес-плана Балансы/Фильтр Дата' is: '1, 2, 3 кв., Октябрь 2024 года'

02-12-2024T02:38:41 - [MESSAGE][PASSED] - Text of object 'Object Repository/Выполнение бизнес-плана/Выполнение бизнес-плана Балансы/Фильтр Дата' is: '1, 2, 3 кв., Октябрь 2024 года'

02-12-2024T02:38:41 - [TEST_STEP][PASSED] - m = m.substring(0, m.indexOf("2024")): null

02-12-2024T02:38:41 - [TEST_STEP][PASSED] - m = m.trim(): null

02-12-2024T02:38:41 - [TEST_STEP][PASSED] - dashboardName = "Выполнение бизнес-плана": null

02-12-2024T02:38:41 - [TEST_STEP][PASSED] - workbook01 = getWorkbook(excelFilePath): null

02-12-2024T02:38:42 - [TEST_STEP][PASSED] - sheet01 = getExcelSheet(workbook01, sheetName): null

02-12-2024T02:38:42 - [TEST_STEP][PASSED] - setValueToCellByIndex(sheet01, n, 0, dashboardName): null

02-12-2024T02:38:42 - [TEST_STEP][PASSED] - setValueToCellByIndex(sheet01, n, 1, dZO): null

02-12-2024T02:38:42 - [TEST_STEP][PASSED] - setValueToCellByIndex(sheet01, n, 2, typeOfData): null

02-12-2024T02:38:42 - [TEST_STEP][PASSED] - setValueToCellByIndex(sheet01, n, 3, typeOfData): null

02-12-2024T02:38:42 - [TEST_STEP][PASSED] - if (typeOfData == "План"): null

02-12-2024T02:38:42 - [TEST_STEP][PASSED] - if (PercPlanR == null): null

02-12-2024T02:38:42 - [TEST_STEP][PASSED] - else: null

02-12-2024T02:38:42 - [TEST_STEP][PASSED] - if (PercPlanR == "нет данных"): null

02-12-2024T02:38:42 - [TEST_STEP][PASSED] - setValueToCellByIndex(sheet01, n, 4, "нет данных"): null

02-12-2024T02:38:42 - [TEST_STEP][PASSED] - if (PercPlanB == null): null

02-12-2024T02:38:42 - [TEST_STEP][PASSED] - else: null

02-12-2024T02:38:42 - [TEST_STEP][PASSED] - if (PercPlanB == "нет данных"): null

02-12-2024T02:38:42 - [TEST_STEP][PASSED] - else: null

02-12-2024T02:38:42 - [TEST_STEP][PASSED] - PB = PercPlanB.toDouble(): null

02-12-2024T02:38:42 - [TEST_STEP][PASSED] - setValueToCellByIndex(sheet01, n, 5, PB): null

02-12-2024T02:38:42 - [TEST_STEP][PASSED] - setValueToCellByIndex(sheet01, n, 6, m): null

02-12-2024T02:38:42 - [TEST_STEP][PASSED] - setValueToCellByIndex(sheet01, n, 7, y): null

02-12-2024T02:38:42 - [TEST_STEP][PASSED] - setValueToCellByIndex(sheet01, n, 8, todaysDate): null

02-12-2024T02:38:42 - [TEST_STEP][PASSED] - n = n + 1: null

02-12-2024T02:38:42 - [TEST_STEP][PASSED] - saveWorkbook(excelFilePath, workbook01): null

02-12-2024T02:38:42 - [TEST_STEP][PASSED] - typeOfData = "Факт": null

02-12-2024T02:38:42 - [TEST_STEP][PASSED] - PercFactR = GetPercFactR(x = a): null

02-12-2024T02:38:42 - [TEST_STEP][PASSED] - i1 = <not implemented yet for class: org.codehaus.groovy.ast.expr.EmptyExpression>: null

02-12-2024T02:38:42 - [TEST_STEP][PASSED] - ii = <not implemented yet for class: org.codehaus.groovy.ast.expr.EmptyExpression>: null

02-12-2024T02:38:42 - [TEST_STEP][PASSED] - for ([ii = 1, ii < 3, (ii++)]): null

02-12-2024T02:38:42 - [TEST_STEP][PASSED] - i1 = x.indexOf("/") + 1: null

02-12-2024T02:38:42 - [TEST_STEP][PASSED] - if (i1 > -1): null

02-12-2024T02:38:42 - [TEST_STEP][PASSED] - x = x.substring(i1, x.length()): null

02-12-2024T02:38:42 - [TEST_STEP][PASSED] - println(x): null

02-12-2024T02:38:42 - [TEST_STEP][PASSED] - i1 = x.indexOf("/") + 1: null

02-12-2024T02:38:42 - [TEST_STEP][PASSED] - if (i1 > -1): null

02-12-2024T02:38:42 - [TEST_STEP][PASSED] - x = x.substring(i1, x.length()): null

02-12-2024T02:38:42 - [TEST_STEP][PASSED] - println(x): null

02-12-2024T02:38:42 - [TEST_STEP][PASSED] - i1 = x.indexOf("/"): null

02-12-2024T02:38:42 - [TEST_STEP][PASSED] - if (i1 > -1): null

02-12-2024T02:38:42 - [TEST_STEP][PASSED] - x = x.substring(0, i1): null

02-12-2024T02:38:42 - [TEST_STEP][PASSED] - println(x): null

02-12-2024T02:38:42 - [TEST_STEP][PASSED] - return x: null

02-12-2024T02:38:42 - [TEST_STEP][PASSED] - PercFactB = GetPercFactB(x = b): null

02-12-2024T02:38:42 - [TEST_STEP][PASSED] - i1 = <not implemented yet for class: org.codehaus.groovy.ast.expr.EmptyExpression>: null

02-12-2024T02:38:42 - [TEST_STEP][PASSED] - ii = <not implemented yet for class: org.codehaus.groovy.ast.expr.EmptyExpression>: null

02-12-2024T02:38:42 - [TEST_STEP][PASSED] - for ([ii = 1, ii < 3, (ii++)]): null

02-12-2024T02:38:42 - [TEST_STEP][PASSED] - i1 = x.indexOf("/") + 1: null

02-12-2024T02:38:42 - [TEST_STEP][PASSED] - if (i1 > -1): null

02-12-2024T02:38:42 - [TEST_STEP][PASSED] - x = x.substring(i1, x.length()): null

02-12-2024T02:38:42 - [TEST_STEP][PASSED] - println(x): null

02-12-2024T02:38:42 - [TEST_STEP][PASSED] - i1 = x.indexOf("/") + 1: null

02-12-2024T02:38:42 - [TEST_STEP][PASSED] - if (i1 > -1): null

02-12-2024T02:38:42 - [TEST_STEP][PASSED] - x = x.substring(i1, x.length()): null

02-12-2024T02:38:42 - [TEST_STEP][PASSED] - println(x): null

02-12-2024T02:38:42 - [TEST_STEP][PASSED] - i1 = x.indexOf("/"): null

02-12-2024T02:38:42 - [TEST_STEP][PASSED] - if (i1 > -1): null

02-12-2024T02:38:42 - [TEST_STEP][PASSED] - x = x.substring(0, i1): null

02-12-2024T02:38:42 - [TEST_STEP][PASSED] - println(x): null

02-12-2024T02:38:42 - [TEST_STEP][FAILED] - return x: null

02-12-2024T02:38:42 - [TEST_STEP][FAILED] - if (verifyEqual(PercFactR, PercFactB) == false): null

02-12-2024T02:38:42 - [MESSAGE][FAILED] - Unable to verify equal between actual object 'нет данных' and expected object '5.26' (Root cause: com.kms.katalon.core.exception.StepFailedException: Actual object 'нет данных' and expected object '5.26' are not equal
	at com.kms.katalon.core.keyword.builtin.VerifyEqualKeyword$_verifyEqual_closure1.doCall(VerifyEqualKeyword.groovy:58)
	at com.kms.katalon.core.keyword.builtin.VerifyEqualKeyword$_verifyEqual_closure1.call(VerifyEqualKeyword.groovy)
	at com.kms.katalon.core.keyword.internal.KeywordMain.runKeyword(KeywordMain.groovy:75)
	at com.kms.katalon.core.keyword.builtin.VerifyEqualKeyword.verifyEqual(VerifyEqualKeyword.groovy:63)
	at com.kms.katalon.core.keyword.builtin.VerifyEqualKeyword.execute(VerifyEqualKeyword.groovy:44)
	at com.kms.katalon.core.keyword.internal.KeywordExecutor.executeKeywordForPlatform(KeywordExecutor.groovy:74)
	at com.kms.katalon.core.keyword.BuiltinKeywords.verifyEqual(BuiltinKeywords.groovy:146)
	at jdk.internal.reflect.GeneratedMethodAccessor25.invoke(Unknown Source)
	at java.base/jdk.internal.reflect.DelegatingMethodAccessorImpl.invoke(DelegatingMethodAccessorImpl.java:43)
	at Выполнение бизнес-плана сверка дашбордов.CompareDZOData(Выполнение бизнес-плана сверка дашбордов:693)
	at Выполнение бизнес-плана сверка дашбордов.run(Выполнение бизнес-плана сверка дашбордов:623)
	at com.kms.katalon.core.main.ScriptEngine.run(ScriptEngine.java:194)
	at com.kms.katalon.core.main.ScriptEngine.runScriptAsRawText(ScriptEngine.java:119)
	at com.kms.katalon.core.main.TestCaseExecutor.runScript(TestCaseExecutor.java:448)
	at com.kms.katalon.core.main.TestCaseExecutor.doExecute(TestCaseExecutor.java:439)
	at com.kms.katalon.core.main.TestCaseExecutor.processExecutionPhase(TestCaseExecutor.java:418)
	at com.kms.katalon.core.main.TestCaseExecutor.accessMainPhase(TestCaseExecutor.java:410)
	at com.kms.katalon.core.main.TestCaseExecutor.execute(TestCaseExecutor.java:285)
	at com.kms.katalon.core.common.CommonExecutor.accessTestCaseMainPhase(CommonExecutor.java:65)
	at com.kms.katalon.core.main.TestSuiteExecutor.accessTestSuiteMainPhase(TestSuiteExecutor.java:150)
	at com.kms.katalon.core.main.TestSuiteExecutor.execute(TestSuiteExecutor.java:106)
	at com.kms.katalon.core.main.TestCaseMain.startTestSuite(TestCaseMain.java:180)
	at TempTestSuite1733095732962.run(TempTestSuite1733095732962.groovy:35)
	at java.base/jdk.internal.reflect.NativeMethodAccessorImpl.invoke0(Native Method)
	at java.base/jdk.internal.reflect.NativeMethodAccessorImpl.invoke(NativeMethodAccessorImpl.java:77)
	at java.base/jdk.internal.reflect.DelegatingMethodAccessorImpl.invoke(DelegatingMethodAccessorImpl.java:43)
)

02-12-2024T02:38:42 - [TEST_STEP][PASSED] - result = WriteToExcel(typeOfData, todaysDate, PercPlanR, PercPlanB, PercFactR, PercFactB, x, tabR, tabB, o1R, o1B, vidget): null

02-12-2024T02:38:42 - [TEST_STEP][PASSED] - iii = dZO.indexOf("/"): null

02-12-2024T02:38:42 - [TEST_STEP][PASSED] - println(iii): null

02-12-2024T02:38:42 - [TEST_STEP][PASSED] - dZO = dZO.substring(0, iii): null

02-12-2024T02:38:42 - [TEST_STEP][PASSED] - println(dZO): null

02-12-2024T02:38:42 - [TEST_STEP][PASSED] - println(PercPlanR): null

02-12-2024T02:38:42 - [TEST_STEP][PASSED] - println(PercPlanB): null

02-12-2024T02:38:42 - [TEST_STEP][PASSED] - println(PercFactR): null

02-12-2024T02:38:42 - [TEST_STEP][PASSED] - println(PercFactB): null

02-12-2024T02:38:42 - [TEST_STEP][PASSED] - println(tabR): null

02-12-2024T02:38:42 - [TEST_STEP][PASSED] - println(tabB): null

02-12-2024T02:38:42 - [TEST_STEP][PASSED] - println(o1R): null

02-12-2024T02:38:42 - [TEST_STEP][PASSED] - println(o1B): null

02-12-2024T02:38:42 - [TEST_STEP][PASSED] - PR = <not implemented yet for class: org.codehaus.groovy.ast.expr.EmptyExpression>: null

02-12-2024T02:38:42 - [TEST_STEP][PASSED] - FR = <not implemented yet for class: org.codehaus.groovy.ast.expr.EmptyExpression>: null

02-12-2024T02:38:42 - [TEST_STEP][PASSED] - PB = <not implemented yet for class: org.codehaus.groovy.ast.expr.EmptyExpression>: null

02-12-2024T02:38:42 - [TEST_STEP][PASSED] - FB = <not implemented yet for class: org.codehaus.groovy.ast.expr.EmptyExpression>: null

02-12-2024T02:38:42 - [TEST_STEP][PASSED] - TR = <not implemented yet for class: org.codehaus.groovy.ast.expr.EmptyExpression>: null

02-12-2024T02:38:42 - [TEST_STEP][PASSED] - TB = <not implemented yet for class: org.codehaus.groovy.ast.expr.EmptyExpression>: null

02-12-2024T02:38:42 - [TEST_STEP][PASSED] - sheetName = "Sheet1": null

02-12-2024T02:38:42 - [TEST_STEP][PASSED] - data = findTestData("PlanFact"): null

02-12-2024T02:38:42 - [TEST_STEP][PASSED] - n = data.getRowNumbers() + 1: null

02-12-2024T02:38:42 - [TEST_STEP][PASSED] - year = todaysDate.substring(todaysDate.length() - 4, todaysDate.length()): null

02-12-2024T02:38:42 - [TEST_STEP][PASSED] - y = year.toInteger(): null

02-12-2024T02:38:42 - [TEST_STEP][PASSED] - m = getText(findTestObject("Выполнение бизнес-плана/Выполнение бизнес-плана Балансы/Фильтр Дата")): Text of object 'Object Repository/Выполнение бизнес-плана/Выполнение бизнес-плана Балансы/Фильтр Дата' is: '1, 2, 3 кв., Октябрь 2024 года'

02-12-2024T02:38:42 - [MESSAGE][PASSED] - Text of object 'Object Repository/Выполнение бизнес-плана/Выполнение бизнес-плана Балансы/Фильтр Дата' is: '1, 2, 3 кв., Октябрь 2024 года'

02-12-2024T02:38:42 - [TEST_STEP][PASSED] - m = m.substring(0, m.indexOf("2024")): null

02-12-2024T02:38:42 - [TEST_STEP][PASSED] - m = m.trim(): null

02-12-2024T02:38:42 - [TEST_STEP][PASSED] - dashboardName = "Выполнение бизнес-плана": null

02-12-2024T02:38:42 - [TEST_STEP][PASSED] - workbook01 = getWorkbook(excelFilePath): null

02-12-2024T02:38:42 - [TEST_STEP][PASSED] - sheet01 = getExcelSheet(workbook01, sheetName): null

02-12-2024T02:38:42 - [TEST_STEP][PASSED] - setValueToCellByIndex(sheet01, n, 0, dashboardName): null

02-12-2024T02:38:42 - [TEST_STEP][PASSED] - setValueToCellByIndex(sheet01, n, 1, dZO): null

02-12-2024T02:38:42 - [TEST_STEP][PASSED] - setValueToCellByIndex(sheet01, n, 2, typeOfData): null

02-12-2024T02:38:42 - [TEST_STEP][PASSED] - setValueToCellByIndex(sheet01, n, 3, typeOfData): null

02-12-2024T02:38:42 - [TEST_STEP][PASSED] - if (typeOfData == "План"): null

02-12-2024T02:38:42 - [TEST_STEP][PASSED] - else if (typeOfData == "Факт"): null

02-12-2024T02:38:42 - [TEST_STEP][PASSED] - if (PercFactR == null): null

02-12-2024T02:38:42 - [TEST_STEP][PASSED] - else: null

02-12-2024T02:38:42 - [TEST_STEP][PASSED] - if (PercFactR == "нет данных"): null

02-12-2024T02:38:42 - [TEST_STEP][PASSED] - setValueToCellByIndex(sheet01, n, 4, "нет данных"): null

02-12-2024T02:38:42 - [TEST_STEP][PASSED] - if (PercFactB == null): null

02-12-2024T02:38:42 - [TEST_STEP][PASSED] - else: null

02-12-2024T02:38:42 - [TEST_STEP][PASSED] - if (PercFactB == "нет данных"): null

02-12-2024T02:38:42 - [TEST_STEP][PASSED] - else: null

02-12-2024T02:38:42 - [TEST_STEP][PASSED] - FB = PercFactB.toDouble(): null

02-12-2024T02:38:42 - [TEST_STEP][PASSED] - setValueToCellByIndex(sheet01, n, 5, FB): null

02-12-2024T02:38:42 - [TEST_STEP][PASSED] - setValueToCellByIndex(sheet01, n, 6, m): null

02-12-2024T02:38:42 - [TEST_STEP][PASSED] - setValueToCellByIndex(sheet01, n, 7, y): null

02-12-2024T02:38:42 - [TEST_STEP][PASSED] - setValueToCellByIndex(sheet01, n, 8, todaysDate): null

02-12-2024T02:38:42 - [TEST_STEP][PASSED] - n = n + 1: null

02-12-2024T02:38:42 - [TEST_STEP][PASSED] - saveWorkbook(excelFilePath, workbook01): null

02-12-2024T02:38:42 - [TEST_STEP][PASSED] - vidget = "Показатели баланса электроэнергии по ДЗО – Факт": null

02-12-2024T02:38:42 - [TEST_STEP][PASSED] - typeOfData = "Факт Отпуск в сеть": null

02-12-2024T02:38:42 - [TEST_STEP][PASSED] - tabR = GetOvSFactR(x = a): null

02-12-2024T02:38:42 - [TEST_STEP][PASSED] - i1 = <not implemented yet for class: org.codehaus.groovy.ast.expr.EmptyExpression>: null

02-12-2024T02:38:42 - [TEST_STEP][PASSED] - ii = <not implemented yet for class: org.codehaus.groovy.ast.expr.EmptyExpression>: null

02-12-2024T02:38:42 - [TEST_STEP][PASSED] - for ([ii = 1, ii < 4, (ii++)]): null

02-12-2024T02:38:42 - [TEST_STEP][PASSED] - i1 = x.indexOf("/") + 1: null

02-12-2024T02:38:42 - [TEST_STEP][PASSED] - if (i1 > -1): null

02-12-2024T02:38:42 - [TEST_STEP][PASSED] - x = x.substring(i1, x.length()): null

02-12-2024T02:38:42 - [TEST_STEP][PASSED] - println(x): null

02-12-2024T02:38:42 - [TEST_STEP][PASSED] - i1 = x.indexOf("/") + 1: null

02-12-2024T02:38:42 - [TEST_STEP][PASSED] - if (i1 > -1): null

02-12-2024T02:38:42 - [TEST_STEP][PASSED] - x = x.substring(i1, x.length()): null

02-12-2024T02:38:42 - [TEST_STEP][PASSED] - println(x): null

02-12-2024T02:38:42 - [TEST_STEP][PASSED] - i1 = x.indexOf("/") + 1: null

02-12-2024T02:38:42 - [TEST_STEP][PASSED] - if (i1 > -1): null

02-12-2024T02:38:42 - [TEST_STEP][PASSED] - x = x.substring(i1, x.length()): null

02-12-2024T02:38:42 - [TEST_STEP][PASSED] - println(x): null

02-12-2024T02:38:42 - [TEST_STEP][PASSED] - i1 = x.indexOf("/"): null

02-12-2024T02:38:42 - [TEST_STEP][PASSED] - if (i1 > -1): null

02-12-2024T02:38:42 - [TEST_STEP][PASSED] - x = x.substring(0, i1): null

02-12-2024T02:38:42 - [TEST_STEP][PASSED] - println(x): null

02-12-2024T02:38:42 - [TEST_STEP][PASSED] - return x: null

02-12-2024T02:38:42 - [TEST_STEP][PASSED] - tabB = GetOvSFactB(x = b): null

02-12-2024T02:38:42 - [TEST_STEP][PASSED] - i1 = <not implemented yet for class: org.codehaus.groovy.ast.expr.EmptyExpression>: null

02-12-2024T02:38:42 - [TEST_STEP][PASSED] - ii = <not implemented yet for class: org.codehaus.groovy.ast.expr.EmptyExpression>: null

02-12-2024T02:38:42 - [TEST_STEP][PASSED] - for ([ii = 1, ii < 4, (ii++)]): null

02-12-2024T02:38:42 - [TEST_STEP][PASSED] - i1 = x.indexOf("/") + 1: null

02-12-2024T02:38:42 - [TEST_STEP][PASSED] - if (i1 > -1): null

02-12-2024T02:38:42 - [TEST_STEP][PASSED] - x = x.substring(i1, x.length()): null

02-12-2024T02:38:42 - [TEST_STEP][PASSED] - println(x): null

02-12-2024T02:38:42 - [TEST_STEP][PASSED] - i1 = x.indexOf("/") + 1: null

02-12-2024T02:38:42 - [TEST_STEP][PASSED] - if (i1 > -1): null

02-12-2024T02:38:42 - [TEST_STEP][PASSED] - x = x.substring(i1, x.length()): null

02-12-2024T02:38:42 - [TEST_STEP][PASSED] - println(x): null

02-12-2024T02:38:42 - [TEST_STEP][PASSED] - i1 = x.indexOf("/") + 1: null

02-12-2024T02:38:42 - [TEST_STEP][PASSED] - if (i1 > -1): null

02-12-2024T02:38:42 - [TEST_STEP][PASSED] - x = x.substring(i1, x.length()): null

02-12-2024T02:38:42 - [TEST_STEP][PASSED] - println(x): null

02-12-2024T02:38:42 - [TEST_STEP][PASSED] - i1 = x.indexOf("/"): null

02-12-2024T02:38:42 - [TEST_STEP][PASSED] - if (i1 > -1): null

02-12-2024T02:38:42 - [TEST_STEP][PASSED] - x = x.substring(0, i1): null

02-12-2024T02:38:42 - [TEST_STEP][PASSED] - println(x): null

02-12-2024T02:38:42 - [TEST_STEP][FAILED] - return x: null

02-12-2024T02:38:42 - [TEST_STEP][FAILED] - if (verifyEqual(tabR, tabB) == false): null

02-12-2024T02:38:42 - [MESSAGE][FAILED] - Unable to verify equal between actual object 'нет данных' and expected object '27102297' (Root cause: com.kms.katalon.core.exception.StepFailedException: Actual object 'нет данных' and expected object '27102297' are not equal
	at com.kms.katalon.core.keyword.builtin.VerifyEqualKeyword$_verifyEqual_closure1.doCall(VerifyEqualKeyword.groovy:58)
	at com.kms.katalon.core.keyword.builtin.VerifyEqualKeyword$_verifyEqual_closure1.call(VerifyEqualKeyword.groovy)
	at com.kms.katalon.core.keyword.internal.KeywordMain.runKeyword(KeywordMain.groovy:75)
	at com.kms.katalon.core.keyword.builtin.VerifyEqualKeyword.verifyEqual(VerifyEqualKeyword.groovy:63)
	at com.kms.katalon.core.keyword.builtin.VerifyEqualKeyword.execute(VerifyEqualKeyword.groovy:44)
	at com.kms.katalon.core.keyword.internal.KeywordExecutor.executeKeywordForPlatform(KeywordExecutor.groovy:74)
	at com.kms.katalon.core.keyword.BuiltinKeywords.verifyEqual(BuiltinKeywords.groovy:146)
	at jdk.internal.reflect.GeneratedMethodAccessor25.invoke(Unknown Source)
	at java.base/jdk.internal.reflect.DelegatingMethodAccessorImpl.invoke(DelegatingMethodAccessorImpl.java:43)
	at Выполнение бизнес-плана сверка дашбордов.CompareDZOData(Выполнение бизнес-плана сверка дашбордов:706)
	at Выполнение бизнес-плана сверка дашбордов.run(Выполнение бизнес-плана сверка дашбордов:623)
	at com.kms.katalon.core.main.ScriptEngine.run(ScriptEngine.java:194)
	at com.kms.katalon.core.main.ScriptEngine.runScriptAsRawText(ScriptEngine.java:119)
	at com.kms.katalon.core.main.TestCaseExecutor.runScript(TestCaseExecutor.java:448)
	at com.kms.katalon.core.main.TestCaseExecutor.doExecute(TestCaseExecutor.java:439)
	at com.kms.katalon.core.main.TestCaseExecutor.processExecutionPhase(TestCaseExecutor.java:418)
	at com.kms.katalon.core.main.TestCaseExecutor.accessMainPhase(TestCaseExecutor.java:410)
	at com.kms.katalon.core.main.TestCaseExecutor.execute(TestCaseExecutor.java:285)
	at com.kms.katalon.core.common.CommonExecutor.accessTestCaseMainPhase(CommonExecutor.java:65)
	at com.kms.katalon.core.main.TestSuiteExecutor.accessTestSuiteMainPhase(TestSuiteExecutor.java:150)
	at com.kms.katalon.core.main.TestSuiteExecutor.execute(TestSuiteExecutor.java:106)
	at com.kms.katalon.core.main.TestCaseMain.startTestSuite(TestCaseMain.java:180)
	at TempTestSuite1733095732962.run(TempTestSuite1733095732962.groovy:35)
	at java.base/jdk.internal.reflect.NativeMethodAccessorImpl.invoke0(Native Method)
	at java.base/jdk.internal.reflect.NativeMethodAccessorImpl.invoke(NativeMethodAccessorImpl.java:77)
	at java.base/jdk.internal.reflect.DelegatingMethodAccessorImpl.invoke(DelegatingMethodAccessorImpl.java:43)
)

02-12-2024T02:38:42 - [TEST_STEP][PASSED] - result = WriteToExcel(typeOfData, todaysDate, PercPlanR, PercPlanB, PercFactR, PercFactB, x, tabR, tabB, o1R, o1B, vidget): null

02-12-2024T02:38:42 - [TEST_STEP][PASSED] - iii = dZO.indexOf("/"): null

02-12-2024T02:38:42 - [TEST_STEP][PASSED] - println(iii): null

02-12-2024T02:38:42 - [TEST_STEP][PASSED] - dZO = dZO.substring(0, iii): null

02-12-2024T02:38:42 - [TEST_STEP][PASSED] - println(dZO): null

02-12-2024T02:38:42 - [TEST_STEP][PASSED] - println(PercPlanR): null

02-12-2024T02:38:42 - [TEST_STEP][PASSED] - println(PercPlanB): null

02-12-2024T02:38:42 - [TEST_STEP][PASSED] - println(PercFactR): null

02-12-2024T02:38:42 - [TEST_STEP][PASSED] - println(PercFactB): null

02-12-2024T02:38:42 - [TEST_STEP][PASSED] - println(tabR): null

02-12-2024T02:38:42 - [TEST_STEP][PASSED] - println(tabB): null

02-12-2024T02:38:42 - [TEST_STEP][PASSED] - println(o1R): null

02-12-2024T02:38:42 - [TEST_STEP][PASSED] - println(o1B): null

02-12-2024T02:38:42 - [TEST_STEP][PASSED] - PR = <not implemented yet for class: org.codehaus.groovy.ast.expr.EmptyExpression>: null

02-12-2024T02:38:42 - [TEST_STEP][PASSED] - FR = <not implemented yet for class: org.codehaus.groovy.ast.expr.EmptyExpression>: null

02-12-2024T02:38:42 - [TEST_STEP][PASSED] - PB = <not implemented yet for class: org.codehaus.groovy.ast.expr.EmptyExpression>: null

02-12-2024T02:38:42 - [TEST_STEP][PASSED] - FB = <not implemented yet for class: org.codehaus.groovy.ast.expr.EmptyExpression>: null

02-12-2024T02:38:42 - [TEST_STEP][PASSED] - TR = <not implemented yet for class: org.codehaus.groovy.ast.expr.EmptyExpression>: null

02-12-2024T02:38:42 - [TEST_STEP][PASSED] - TB = <not implemented yet for class: org.codehaus.groovy.ast.expr.EmptyExpression>: null

02-12-2024T02:38:42 - [TEST_STEP][PASSED] - sheetName = "Sheet1": null

02-12-2024T02:38:42 - [TEST_STEP][PASSED] - data = findTestData("PlanFact"): null

02-12-2024T02:38:43 - [TEST_STEP][PASSED] - n = data.getRowNumbers() + 1: null

02-12-2024T02:38:43 - [TEST_STEP][PASSED] - year = todaysDate.substring(todaysDate.length() - 4, todaysDate.length()): null

02-12-2024T02:38:43 - [TEST_STEP][PASSED] - y = year.toInteger(): null

02-12-2024T02:38:43 - [TEST_STEP][PASSED] - m = getText(findTestObject("Выполнение бизнес-плана/Выполнение бизнес-плана Балансы/Фильтр Дата")): Text of object 'Object Repository/Выполнение бизнес-плана/Выполнение бизнес-плана Балансы/Фильтр Дата' is: '1, 2, 3 кв., Октябрь 2024 года'

02-12-2024T02:38:43 - [MESSAGE][PASSED] - Text of object 'Object Repository/Выполнение бизнес-плана/Выполнение бизнес-плана Балансы/Фильтр Дата' is: '1, 2, 3 кв., Октябрь 2024 года'

02-12-2024T02:38:43 - [TEST_STEP][PASSED] - m = m.substring(0, m.indexOf("2024")): null

02-12-2024T02:38:43 - [TEST_STEP][PASSED] - m = m.trim(): null

02-12-2024T02:38:43 - [TEST_STEP][PASSED] - dashboardName = "Выполнение бизнес-плана": null

02-12-2024T02:38:43 - [TEST_STEP][PASSED] - workbook01 = getWorkbook(excelFilePath): null

02-12-2024T02:38:43 - [TEST_STEP][PASSED] - sheet01 = getExcelSheet(workbook01, sheetName): null

02-12-2024T02:38:43 - [TEST_STEP][PASSED] - setValueToCellByIndex(sheet01, n, 0, dashboardName): null

02-12-2024T02:38:43 - [TEST_STEP][PASSED] - setValueToCellByIndex(sheet01, n, 1, dZO): null

02-12-2024T02:38:43 - [TEST_STEP][PASSED] - setValueToCellByIndex(sheet01, n, 2, typeOfData): null

02-12-2024T02:38:43 - [TEST_STEP][PASSED] - setValueToCellByIndex(sheet01, n, 3, typeOfData): null

02-12-2024T02:38:43 - [TEST_STEP][PASSED] - if (typeOfData == "План"): null

02-12-2024T02:38:43 - [TEST_STEP][PASSED] - else if (typeOfData == "Факт"): null

02-12-2024T02:38:43 - [TEST_STEP][PASSED] - else if (vidget.contains("электроэнергии") == true): null

02-12-2024T02:38:43 - [TEST_STEP][PASSED] - if (tabR == null): null

02-12-2024T02:38:43 - [TEST_STEP][PASSED] - else: null

02-12-2024T02:38:43 - [TEST_STEP][PASSED] - if (tabR == "нет данных"): null

02-12-2024T02:38:43 - [TEST_STEP][PASSED] - setValueToCellByIndex(sheet01, n, 4, "нет данных"): null

02-12-2024T02:38:43 - [TEST_STEP][PASSED] - if (tabB == null): null

02-12-2024T02:38:43 - [TEST_STEP][PASSED] - else: null

02-12-2024T02:38:43 - [TEST_STEP][PASSED] - if (tabB == "нет данных"): null

02-12-2024T02:38:43 - [TEST_STEP][PASSED] - else: null

02-12-2024T02:38:43 - [TEST_STEP][PASSED] - TB = tabB.toInteger(): null

02-12-2024T02:38:43 - [TEST_STEP][PASSED] - setValueToCellByIndex(sheet01, n, 5, TB): null

02-12-2024T02:38:43 - [TEST_STEP][PASSED] - setValueToCellByIndex(sheet01, n, 6, m): null

02-12-2024T02:38:43 - [TEST_STEP][PASSED] - setValueToCellByIndex(sheet01, n, 7, y): null

02-12-2024T02:38:43 - [TEST_STEP][PASSED] - setValueToCellByIndex(sheet01, n, 8, todaysDate): null

02-12-2024T02:38:43 - [TEST_STEP][PASSED] - n = n + 1: null

02-12-2024T02:38:43 - [TEST_STEP][PASSED] - saveWorkbook(excelFilePath, workbook01): null

02-12-2024T02:38:43 - [TEST_STEP][PASSED] - typeOfData = "Факт Отпуск из сети": null

02-12-2024T02:38:43 - [TEST_STEP][PASSED] - tabR = GetOiSFactR(x = a): null

02-12-2024T02:38:43 - [TEST_STEP][PASSED] - i1 = <not implemented yet for class: org.codehaus.groovy.ast.expr.EmptyExpression>: null

02-12-2024T02:38:43 - [TEST_STEP][PASSED] - ii = <not implemented yet for class: org.codehaus.groovy.ast.expr.EmptyExpression>: null

02-12-2024T02:38:43 - [TEST_STEP][PASSED] - for ([ii = 1, ii < 5, (ii++)]): null

02-12-2024T02:38:43 - [TEST_STEP][PASSED] - i1 = x.indexOf("/") + 1: null

02-12-2024T02:38:43 - [TEST_STEP][PASSED] - if (i1 > -1): null

02-12-2024T02:38:43 - [TEST_STEP][PASSED] - x = x.substring(i1, x.length()): null

02-12-2024T02:38:43 - [TEST_STEP][PASSED] - println(x): null

02-12-2024T02:38:43 - [TEST_STEP][PASSED] - i1 = x.indexOf("/") + 1: null

02-12-2024T02:38:43 - [TEST_STEP][PASSED] - if (i1 > -1): null

02-12-2024T02:38:43 - [TEST_STEP][PASSED] - x = x.substring(i1, x.length()): null

02-12-2024T02:38:43 - [TEST_STEP][PASSED] - println(x): null

02-12-2024T02:38:43 - [TEST_STEP][PASSED] - i1 = x.indexOf("/") + 1: null

02-12-2024T02:38:43 - [TEST_STEP][PASSED] - if (i1 > -1): null

02-12-2024T02:38:43 - [TEST_STEP][PASSED] - x = x.substring(i1, x.length()): null

02-12-2024T02:38:43 - [TEST_STEP][PASSED] - println(x): null

02-12-2024T02:38:43 - [TEST_STEP][PASSED] - i1 = x.indexOf("/") + 1: null

02-12-2024T02:38:43 - [TEST_STEP][PASSED] - if (i1 > -1): null

02-12-2024T02:38:43 - [TEST_STEP][PASSED] - x = x.substring(i1, x.length()): null

02-12-2024T02:38:43 - [TEST_STEP][PASSED] - println(x): null

02-12-2024T02:38:43 - [TEST_STEP][PASSED] - i1 = x.indexOf("/"): null

02-12-2024T02:38:43 - [TEST_STEP][PASSED] - if (i1 > -1): null

02-12-2024T02:38:43 - [TEST_STEP][PASSED] - x = x.substring(0, i1): null

02-12-2024T02:38:43 - [TEST_STEP][PASSED] - println(x): null

02-12-2024T02:38:43 - [TEST_STEP][PASSED] - return x: null

02-12-2024T02:38:43 - [TEST_STEP][PASSED] - tabB = GetOiSFactB(x = b): null

02-12-2024T02:38:43 - [TEST_STEP][PASSED] - i1 = <not implemented yet for class: org.codehaus.groovy.ast.expr.EmptyExpression>: null

02-12-2024T02:38:43 - [TEST_STEP][PASSED] - ii = <not implemented yet for class: org.codehaus.groovy.ast.expr.EmptyExpression>: null

02-12-2024T02:38:43 - [TEST_STEP][PASSED] - for ([ii = 1, ii < 5, (ii++)]): null

02-12-2024T02:38:43 - [TEST_STEP][PASSED] - i1 = x.indexOf("/") + 1: null

02-12-2024T02:38:43 - [TEST_STEP][PASSED] - if (i1 > -1): null

02-12-2024T02:38:43 - [TEST_STEP][PASSED] - x = x.substring(i1, x.length()): null

02-12-2024T02:38:43 - [TEST_STEP][PASSED] - println(x): null

02-12-2024T02:38:43 - [TEST_STEP][PASSED] - i1 = x.indexOf("/") + 1: null

02-12-2024T02:38:43 - [TEST_STEP][PASSED] - if (i1 > -1): null

02-12-2024T02:38:43 - [TEST_STEP][PASSED] - x = x.substring(i1, x.length()): null

02-12-2024T02:38:43 - [TEST_STEP][PASSED] - println(x): null

02-12-2024T02:38:43 - [TEST_STEP][PASSED] - i1 = x.indexOf("/") + 1: null

02-12-2024T02:38:43 - [TEST_STEP][PASSED] - if (i1 > -1): null

02-12-2024T02:38:43 - [TEST_STEP][PASSED] - x = x.substring(i1, x.length()): null

02-12-2024T02:38:43 - [TEST_STEP][PASSED] - println(x): null

02-12-2024T02:38:43 - [TEST_STEP][PASSED] - i1 = x.indexOf("/") + 1: null

02-12-2024T02:38:43 - [TEST_STEP][PASSED] - if (i1 > -1): null

02-12-2024T02:38:43 - [TEST_STEP][PASSED] - x = x.substring(i1, x.length()): null

02-12-2024T02:38:43 - [TEST_STEP][PASSED] - println(x): null

02-12-2024T02:38:43 - [TEST_STEP][PASSED] - i1 = x.indexOf("/"): null

02-12-2024T02:38:43 - [TEST_STEP][PASSED] - if (i1 > -1): null

02-12-2024T02:38:43 - [TEST_STEP][PASSED] - x = x.substring(0, i1): null

02-12-2024T02:38:43 - [TEST_STEP][PASSED] - println(x): null

02-12-2024T02:38:43 - [TEST_STEP][FAILED] - return x: null

02-12-2024T02:38:43 - [TEST_STEP][FAILED] - if (verifyEqual(tabR, tabB) == false): null

02-12-2024T02:38:43 - [MESSAGE][FAILED] - Unable to verify equal between actual object 'нет данных' and expected object '25676842' (Root cause: com.kms.katalon.core.exception.StepFailedException: Actual object 'нет данных' and expected object '25676842' are not equal
	at com.kms.katalon.core.keyword.builtin.VerifyEqualKeyword$_verifyEqual_closure1.doCall(VerifyEqualKeyword.groovy:58)
	at com.kms.katalon.core.keyword.builtin.VerifyEqualKeyword$_verifyEqual_closure1.call(VerifyEqualKeyword.groovy)
	at com.kms.katalon.core.keyword.internal.KeywordMain.runKeyword(KeywordMain.groovy:75)
	at com.kms.katalon.core.keyword.builtin.VerifyEqualKeyword.verifyEqual(VerifyEqualKeyword.groovy:63)
	at com.kms.katalon.core.keyword.builtin.VerifyEqualKeyword.execute(VerifyEqualKeyword.groovy:44)
	at com.kms.katalon.core.keyword.internal.KeywordExecutor.executeKeywordForPlatform(KeywordExecutor.groovy:74)
	at com.kms.katalon.core.keyword.BuiltinKeywords.verifyEqual(BuiltinKeywords.groovy:146)
	at jdk.internal.reflect.GeneratedMethodAccessor25.invoke(Unknown Source)
	at java.base/jdk.internal.reflect.DelegatingMethodAccessorImpl.invoke(DelegatingMethodAccessorImpl.java:43)
	at Выполнение бизнес-плана сверка дашбордов.CompareDZOData(Выполнение бизнес-плана сверка дашбордов:717)
	at Выполнение бизнес-плана сверка дашбордов.run(Выполнение бизнес-плана сверка дашбордов:623)
	at com.kms.katalon.core.main.ScriptEngine.run(ScriptEngine.java:194)
	at com.kms.katalon.core.main.ScriptEngine.runScriptAsRawText(ScriptEngine.java:119)
	at com.kms.katalon.core.main.TestCaseExecutor.runScript(TestCaseExecutor.java:448)
	at com.kms.katalon.core.main.TestCaseExecutor.doExecute(TestCaseExecutor.java:439)
	at com.kms.katalon.core.main.TestCaseExecutor.processExecutionPhase(TestCaseExecutor.java:418)
	at com.kms.katalon.core.main.TestCaseExecutor.accessMainPhase(TestCaseExecutor.java:410)
	at com.kms.katalon.core.main.TestCaseExecutor.execute(TestCaseExecutor.java:285)
	at com.kms.katalon.core.common.CommonExecutor.accessTestCaseMainPhase(CommonExecutor.java:65)
	at com.kms.katalon.core.main.TestSuiteExecutor.accessTestSuiteMainPhase(TestSuiteExecutor.java:150)
	at com.kms.katalon.core.main.TestSuiteExecutor.execute(TestSuiteExecutor.java:106)
	at com.kms.katalon.core.main.TestCaseMain.startTestSuite(TestCaseMain.java:180)
	at TempTestSuite1733095732962.run(TempTestSuite1733095732962.groovy:35)
	at java.base/jdk.internal.reflect.NativeMethodAccessorImpl.invoke0(Native Method)
	at java.base/jdk.internal.reflect.NativeMethodAccessorImpl.invoke(NativeMethodAccessorImpl.java:77)
	at java.base/jdk.internal.reflect.DelegatingMethodAccessorImpl.invoke(DelegatingMethodAccessorImpl.java:43)
)

02-12-2024T02:38:43 - [TEST_STEP][PASSED] - result = WriteToExcel(typeOfData, todaysDate, PercPlanR, PercPlanB, PercFactR, PercFactB, x, tabR, tabB, o1R, o1B, vidget): null

02-12-2024T02:38:43 - [TEST_STEP][PASSED] - iii = dZO.indexOf("/"): null

02-12-2024T02:38:43 - [TEST_STEP][PASSED] - println(iii): null

02-12-2024T02:38:43 - [TEST_STEP][PASSED] - dZO = dZO.substring(0, iii): null

02-12-2024T02:38:43 - [TEST_STEP][PASSED] - println(dZO): null

02-12-2024T02:38:43 - [TEST_STEP][PASSED] - println(PercPlanR): null

02-12-2024T02:38:43 - [TEST_STEP][PASSED] - println(PercPlanB): null

02-12-2024T02:38:43 - [TEST_STEP][PASSED] - println(PercFactR): null

02-12-2024T02:38:43 - [TEST_STEP][PASSED] - println(PercFactB): null

02-12-2024T02:38:43 - [TEST_STEP][PASSED] - println(tabR): null

02-12-2024T02:38:43 - [TEST_STEP][PASSED] - println(tabB): null

02-12-2024T02:38:43 - [TEST_STEP][PASSED] - println(o1R): null

02-12-2024T02:38:43 - [TEST_STEP][PASSED] - println(o1B): null

02-12-2024T02:38:43 - [TEST_STEP][PASSED] - PR = <not implemented yet for class: org.codehaus.groovy.ast.expr.EmptyExpression>: null

02-12-2024T02:38:43 - [TEST_STEP][PASSED] - FR = <not implemented yet for class: org.codehaus.groovy.ast.expr.EmptyExpression>: null

02-12-2024T02:38:43 - [TEST_STEP][PASSED] - PB = <not implemented yet for class: org.codehaus.groovy.ast.expr.EmptyExpression>: null

02-12-2024T02:38:43 - [TEST_STEP][PASSED] - FB = <not implemented yet for class: org.codehaus.groovy.ast.expr.EmptyExpression>: null

02-12-2024T02:38:43 - [TEST_STEP][PASSED] - TR = <not implemented yet for class: org.codehaus.groovy.ast.expr.EmptyExpression>: null

02-12-2024T02:38:43 - [TEST_STEP][PASSED] - TB = <not implemented yet for class: org.codehaus.groovy.ast.expr.EmptyExpression>: null

02-12-2024T02:38:43 - [TEST_STEP][PASSED] - sheetName = "Sheet1": null

02-12-2024T02:38:43 - [TEST_STEP][PASSED] - data = findTestData("PlanFact"): null

02-12-2024T02:38:43 - [TEST_STEP][PASSED] - n = data.getRowNumbers() + 1: null

02-12-2024T02:38:43 - [TEST_STEP][PASSED] - year = todaysDate.substring(todaysDate.length() - 4, todaysDate.length()): null

02-12-2024T02:38:43 - [TEST_STEP][PASSED] - y = year.toInteger(): null

02-12-2024T02:38:43 - [TEST_STEP][PASSED] - m = getText(findTestObject("Выполнение бизнес-плана/Выполнение бизнес-плана Балансы/Фильтр Дата")): Text of object 'Object Repository/Выполнение бизнес-плана/Выполнение бизнес-плана Балансы/Фильтр Дата' is: '1, 2, 3 кв., Октябрь 2024 года'

02-12-2024T02:38:43 - [MESSAGE][PASSED] - Text of object 'Object Repository/Выполнение бизнес-плана/Выполнение бизнес-плана Балансы/Фильтр Дата' is: '1, 2, 3 кв., Октябрь 2024 года'

02-12-2024T02:38:43 - [TEST_STEP][PASSED] - m = m.substring(0, m.indexOf("2024")): null

02-12-2024T02:38:43 - [TEST_STEP][PASSED] - m = m.trim(): null

02-12-2024T02:38:43 - [TEST_STEP][PASSED] - dashboardName = "Выполнение бизнес-плана": null

02-12-2024T02:38:43 - [TEST_STEP][PASSED] - workbook01 = getWorkbook(excelFilePath): null

02-12-2024T02:38:43 - [TEST_STEP][PASSED] - sheet01 = getExcelSheet(workbook01, sheetName): null

02-12-2024T02:38:43 - [TEST_STEP][PASSED] - setValueToCellByIndex(sheet01, n, 0, dashboardName): null

02-12-2024T02:38:43 - [TEST_STEP][PASSED] - setValueToCellByIndex(sheet01, n, 1, dZO): null

02-12-2024T02:38:43 - [TEST_STEP][PASSED] - setValueToCellByIndex(sheet01, n, 2, typeOfData): null

02-12-2024T02:38:43 - [TEST_STEP][PASSED] - setValueToCellByIndex(sheet01, n, 3, typeOfData): null

02-12-2024T02:38:43 - [TEST_STEP][PASSED] - if (typeOfData == "План"): null

02-12-2024T02:38:43 - [TEST_STEP][PASSED] - else if (typeOfData == "Факт"): null

02-12-2024T02:38:43 - [TEST_STEP][PASSED] - else if (vidget.contains("электроэнергии") == true): null

02-12-2024T02:38:43 - [TEST_STEP][PASSED] - if (tabR == null): null

02-12-2024T02:38:43 - [TEST_STEP][PASSED] - else: null

02-12-2024T02:38:43 - [TEST_STEP][PASSED] - if (tabR == "нет данных"): null

02-12-2024T02:38:43 - [TEST_STEP][PASSED] - setValueToCellByIndex(sheet01, n, 4, "нет данных"): null

02-12-2024T02:38:43 - [TEST_STEP][PASSED] - if (tabB == null): null

02-12-2024T02:38:43 - [TEST_STEP][PASSED] - else: null

02-12-2024T02:38:43 - [TEST_STEP][PASSED] - if (tabB == "нет данных"): null

02-12-2024T02:38:43 - [TEST_STEP][PASSED] - else: null

02-12-2024T02:38:43 - [TEST_STEP][PASSED] - TB = tabB.toInteger(): null

02-12-2024T02:38:43 - [TEST_STEP][PASSED] - setValueToCellByIndex(sheet01, n, 5, TB): null

02-12-2024T02:38:43 - [TEST_STEP][PASSED] - setValueToCellByIndex(sheet01, n, 6, m): null

02-12-2024T02:38:43 - [TEST_STEP][PASSED] - setValueToCellByIndex(sheet01, n, 7, y): null

02-12-2024T02:38:43 - [TEST_STEP][PASSED] - setValueToCellByIndex(sheet01, n, 8, todaysDate): null

02-12-2024T02:38:43 - [TEST_STEP][PASSED] - n = n + 1: null

02-12-2024T02:38:43 - [TEST_STEP][PASSED] - saveWorkbook(excelFilePath, workbook01): null

02-12-2024T02:38:44 - [TEST_STEP][PASSED] - typeOfData = "Факт Потери": null

02-12-2024T02:38:44 - [TEST_STEP][PASSED] - tabR = GetPFactR(x = a): null

02-12-2024T02:38:44 - [TEST_STEP][PASSED] - i1 = <not implemented yet for class: org.codehaus.groovy.ast.expr.EmptyExpression>: null

02-12-2024T02:38:44 - [TEST_STEP][PASSED] - ii = <not implemented yet for class: org.codehaus.groovy.ast.expr.EmptyExpression>: null

02-12-2024T02:38:44 - [TEST_STEP][PASSED] - for ([ii = 1, ii < 6, (ii++)]): null

02-12-2024T02:38:44 - [TEST_STEP][PASSED] - i1 = x.indexOf("/") + 1: null

02-12-2024T02:38:44 - [TEST_STEP][PASSED] - if (i1 > -1): null

02-12-2024T02:38:44 - [TEST_STEP][PASSED] - x = x.substring(i1, x.length()): null

02-12-2024T02:38:44 - [TEST_STEP][PASSED] - println(x): null

02-12-2024T02:38:44 - [TEST_STEP][PASSED] - i1 = x.indexOf("/") + 1: null

02-12-2024T02:38:44 - [TEST_STEP][PASSED] - if (i1 > -1): null

02-12-2024T02:38:44 - [TEST_STEP][PASSED] - x = x.substring(i1, x.length()): null

02-12-2024T02:38:44 - [TEST_STEP][PASSED] - println(x): null

02-12-2024T02:38:44 - [TEST_STEP][PASSED] - i1 = x.indexOf("/") + 1: null

02-12-2024T02:38:44 - [TEST_STEP][PASSED] - if (i1 > -1): null

02-12-2024T02:38:44 - [TEST_STEP][PASSED] - x = x.substring(i1, x.length()): null

02-12-2024T02:38:44 - [TEST_STEP][PASSED] - println(x): null

02-12-2024T02:38:44 - [TEST_STEP][PASSED] - i1 = x.indexOf("/") + 1: null

02-12-2024T02:38:44 - [TEST_STEP][PASSED] - if (i1 > -1): null

02-12-2024T02:38:44 - [TEST_STEP][PASSED] - x = x.substring(i1, x.length()): null

02-12-2024T02:38:44 - [TEST_STEP][PASSED] - println(x): null

02-12-2024T02:38:44 - [TEST_STEP][PASSED] - i1 = x.indexOf("/") + 1: null

02-12-2024T02:38:44 - [TEST_STEP][PASSED] - if (i1 > -1): null

02-12-2024T02:38:44 - [TEST_STEP][PASSED] - x = x.substring(i1, x.length()): null

02-12-2024T02:38:44 - [TEST_STEP][PASSED] - println(x): null

02-12-2024T02:38:44 - [TEST_STEP][PASSED] - i1 = x.indexOf("/"): null

02-12-2024T02:38:44 - [TEST_STEP][PASSED] - if (i1 > -1): null

02-12-2024T02:38:44 - [TEST_STEP][PASSED] - x = x.substring(0, i1): null

02-12-2024T02:38:44 - [TEST_STEP][PASSED] - println(x): null

02-12-2024T02:38:44 - [TEST_STEP][PASSED] - return x: null

02-12-2024T02:38:44 - [TEST_STEP][PASSED] - tabB = GetPFactB(x = b): null

02-12-2024T02:38:44 - [TEST_STEP][PASSED] - i1 = <not implemented yet for class: org.codehaus.groovy.ast.expr.EmptyExpression>: null

02-12-2024T02:38:44 - [TEST_STEP][PASSED] - ii = <not implemented yet for class: org.codehaus.groovy.ast.expr.EmptyExpression>: null

02-12-2024T02:38:44 - [TEST_STEP][PASSED] - for ([ii = 1, ii < 6, (ii++)]): null

02-12-2024T02:38:44 - [TEST_STEP][PASSED] - i1 = x.indexOf("/") + 1: null

02-12-2024T02:38:44 - [TEST_STEP][PASSED] - if (i1 > -1): null

02-12-2024T02:38:44 - [TEST_STEP][PASSED] - x = x.substring(i1, x.length()): null

02-12-2024T02:38:44 - [TEST_STEP][PASSED] - println(x): null

02-12-2024T02:38:44 - [TEST_STEP][PASSED] - i1 = x.indexOf("/") + 1: null

02-12-2024T02:38:44 - [TEST_STEP][PASSED] - if (i1 > -1): null

02-12-2024T02:38:44 - [TEST_STEP][PASSED] - x = x.substring(i1, x.length()): null

02-12-2024T02:38:44 - [TEST_STEP][PASSED] - println(x): null

02-12-2024T02:38:44 - [TEST_STEP][PASSED] - i1 = x.indexOf("/") + 1: null

02-12-2024T02:38:44 - [TEST_STEP][PASSED] - if (i1 > -1): null

02-12-2024T02:38:44 - [TEST_STEP][PASSED] - x = x.substring(i1, x.length()): null

02-12-2024T02:38:44 - [TEST_STEP][PASSED] - println(x): null

02-12-2024T02:38:44 - [TEST_STEP][PASSED] - i1 = x.indexOf("/") + 1: null

02-12-2024T02:38:44 - [TEST_STEP][PASSED] - if (i1 > -1): null

02-12-2024T02:38:44 - [TEST_STEP][PASSED] - x = x.substring(i1, x.length()): null

02-12-2024T02:38:44 - [TEST_STEP][PASSED] - println(x): null

02-12-2024T02:38:44 - [TEST_STEP][PASSED] - i1 = x.indexOf("/") + 1: null

02-12-2024T02:38:44 - [TEST_STEP][PASSED] - if (i1 > -1): null

02-12-2024T02:38:44 - [TEST_STEP][PASSED] - x = x.substring(i1, x.length()): null

02-12-2024T02:38:44 - [TEST_STEP][PASSED] - println(x): null

02-12-2024T02:38:44 - [TEST_STEP][PASSED] - i1 = x.indexOf("/"): null

02-12-2024T02:38:44 - [TEST_STEP][PASSED] - if (i1 > -1): null

02-12-2024T02:38:44 - [TEST_STEP][PASSED] - x = x.substring(0, i1): null

02-12-2024T02:38:44 - [TEST_STEP][PASSED] - println(x): null

02-12-2024T02:38:44 - [TEST_STEP][FAILED] - return x: null

02-12-2024T02:38:44 - [TEST_STEP][PASSED] - println(tabR + "/" + tabB): null

02-12-2024T02:38:44 - [TEST_STEP][FAILED] - if (verifyEqual(tabR, tabB) == false): null

02-12-2024T02:38:44 - [MESSAGE][FAILED] - Unable to verify equal between actual object 'нет данных' and expected object '1425455' (Root cause: com.kms.katalon.core.exception.StepFailedException: Actual object 'нет данных' and expected object '1425455' are not equal
	at com.kms.katalon.core.keyword.builtin.VerifyEqualKeyword$_verifyEqual_closure1.doCall(VerifyEqualKeyword.groovy:58)
	at com.kms.katalon.core.keyword.builtin.VerifyEqualKeyword$_verifyEqual_closure1.call(VerifyEqualKeyword.groovy)
	at com.kms.katalon.core.keyword.internal.KeywordMain.runKeyword(KeywordMain.groovy:75)
	at com.kms.katalon.core.keyword.builtin.VerifyEqualKeyword.verifyEqual(VerifyEqualKeyword.groovy:63)
	at com.kms.katalon.core.keyword.builtin.VerifyEqualKeyword.execute(VerifyEqualKeyword.groovy:44)
	at com.kms.katalon.core.keyword.internal.KeywordExecutor.executeKeywordForPlatform(KeywordExecutor.groovy:74)
	at com.kms.katalon.core.keyword.BuiltinKeywords.verifyEqual(BuiltinKeywords.groovy:146)
	at jdk.internal.reflect.GeneratedMethodAccessor25.invoke(Unknown Source)
	at java.base/jdk.internal.reflect.DelegatingMethodAccessorImpl.invoke(DelegatingMethodAccessorImpl.java:43)
	at Выполнение бизнес-плана сверка дашбордов.CompareDZOData(Выполнение бизнес-плана сверка дашбордов:730)
	at Выполнение бизнес-плана сверка дашбордов.run(Выполнение бизнес-плана сверка дашбордов:623)
	at com.kms.katalon.core.main.ScriptEngine.run(ScriptEngine.java:194)
	at com.kms.katalon.core.main.ScriptEngine.runScriptAsRawText(ScriptEngine.java:119)
	at com.kms.katalon.core.main.TestCaseExecutor.runScript(TestCaseExecutor.java:448)
	at com.kms.katalon.core.main.TestCaseExecutor.doExecute(TestCaseExecutor.java:439)
	at com.kms.katalon.core.main.TestCaseExecutor.processExecutionPhase(TestCaseExecutor.java:418)
	at com.kms.katalon.core.main.TestCaseExecutor.accessMainPhase(TestCaseExecutor.java:410)
	at com.kms.katalon.core.main.TestCaseExecutor.execute(TestCaseExecutor.java:285)
	at com.kms.katalon.core.common.CommonExecutor.accessTestCaseMainPhase(CommonExecutor.java:65)
	at com.kms.katalon.core.main.TestSuiteExecutor.accessTestSuiteMainPhase(TestSuiteExecutor.java:150)
	at com.kms.katalon.core.main.TestSuiteExecutor.execute(TestSuiteExecutor.java:106)
	at com.kms.katalon.core.main.TestCaseMain.startTestSuite(TestCaseMain.java:180)
	at TempTestSuite1733095732962.run(TempTestSuite1733095732962.groovy:35)
	at java.base/jdk.internal.reflect.NativeMethodAccessorImpl.invoke0(Native Method)
	at java.base/jdk.internal.reflect.NativeMethodAccessorImpl.invoke(NativeMethodAccessorImpl.java:77)
	at java.base/jdk.internal.reflect.DelegatingMethodAccessorImpl.invoke(DelegatingMethodAccessorImpl.java:43)
)

02-12-2024T02:38:44 - [TEST_STEP][PASSED] - result = WriteToExcel(typeOfData, todaysDate, PercPlanR, PercPlanB, PercFactR, PercFactB, x, tabR, tabB, o1R, o1B, vidget): null

02-12-2024T02:38:44 - [TEST_STEP][PASSED] - iii = dZO.indexOf("/"): null

02-12-2024T02:38:44 - [TEST_STEP][PASSED] - println(iii): null

02-12-2024T02:38:44 - [TEST_STEP][PASSED] - dZO = dZO.substring(0, iii): null

02-12-2024T02:38:44 - [TEST_STEP][PASSED] - println(dZO): null

02-12-2024T02:38:44 - [TEST_STEP][PASSED] - println(PercPlanR): null

02-12-2024T02:38:44 - [TEST_STEP][PASSED] - println(PercPlanB): null

02-12-2024T02:38:44 - [TEST_STEP][PASSED] - println(PercFactR): null

02-12-2024T02:38:44 - [TEST_STEP][PASSED] - println(PercFactB): null

02-12-2024T02:38:44 - [TEST_STEP][PASSED] - println(tabR): null

02-12-2024T02:38:44 - [TEST_STEP][PASSED] - println(tabB): null

02-12-2024T02:38:44 - [TEST_STEP][PASSED] - println(o1R): null

02-12-2024T02:38:44 - [TEST_STEP][PASSED] - println(o1B): null

02-12-2024T02:38:44 - [TEST_STEP][PASSED] - PR = <not implemented yet for class: org.codehaus.groovy.ast.expr.EmptyExpression>: null

02-12-2024T02:38:44 - [TEST_STEP][PASSED] - FR = <not implemented yet for class: org.codehaus.groovy.ast.expr.EmptyExpression>: null

02-12-2024T02:38:44 - [TEST_STEP][PASSED] - PB = <not implemented yet for class: org.codehaus.groovy.ast.expr.EmptyExpression>: null

02-12-2024T02:38:44 - [TEST_STEP][PASSED] - FB = <not implemented yet for class: org.codehaus.groovy.ast.expr.EmptyExpression>: null

02-12-2024T02:38:44 - [TEST_STEP][PASSED] - TR = <not implemented yet for class: org.codehaus.groovy.ast.expr.EmptyExpression>: null

02-12-2024T02:38:44 - [TEST_STEP][PASSED] - TB = <not implemented yet for class: org.codehaus.groovy.ast.expr.EmptyExpression>: null

02-12-2024T02:38:44 - [TEST_STEP][PASSED] - sheetName = "Sheet1": null

02-12-2024T02:38:44 - [TEST_STEP][PASSED] - data = findTestData("PlanFact"): null

02-12-2024T02:38:44 - [TEST_STEP][PASSED] - n = data.getRowNumbers() + 1: null

02-12-2024T02:38:44 - [TEST_STEP][PASSED] - year = todaysDate.substring(todaysDate.length() - 4, todaysDate.length()): null

02-12-2024T02:38:44 - [TEST_STEP][PASSED] - y = year.toInteger(): null

02-12-2024T02:38:44 - [TEST_STEP][PASSED] - m = getText(findTestObject("Выполнение бизнес-плана/Выполнение бизнес-плана Балансы/Фильтр Дата")): Text of object 'Object Repository/Выполнение бизнес-плана/Выполнение бизнес-плана Балансы/Фильтр Дата' is: '1, 2, 3 кв., Октябрь 2024 года'

02-12-2024T02:38:44 - [MESSAGE][PASSED] - Text of object 'Object Repository/Выполнение бизнес-плана/Выполнение бизнес-плана Балансы/Фильтр Дата' is: '1, 2, 3 кв., Октябрь 2024 года'

02-12-2024T02:38:44 - [TEST_STEP][PASSED] - m = m.substring(0, m.indexOf("2024")): null

02-12-2024T02:38:44 - [TEST_STEP][PASSED] - m = m.trim(): null

02-12-2024T02:38:44 - [TEST_STEP][PASSED] - dashboardName = "Выполнение бизнес-плана": null

02-12-2024T02:38:44 - [TEST_STEP][PASSED] - workbook01 = getWorkbook(excelFilePath): null

02-12-2024T02:38:44 - [TEST_STEP][PASSED] - sheet01 = getExcelSheet(workbook01, sheetName): null

02-12-2024T02:38:44 - [TEST_STEP][PASSED] - setValueToCellByIndex(sheet01, n, 0, dashboardName): null

02-12-2024T02:38:44 - [TEST_STEP][PASSED] - setValueToCellByIndex(sheet01, n, 1, dZO): null

02-12-2024T02:38:44 - [TEST_STEP][PASSED] - setValueToCellByIndex(sheet01, n, 2, typeOfData): null

02-12-2024T02:38:44 - [TEST_STEP][PASSED] - setValueToCellByIndex(sheet01, n, 3, typeOfData): null

02-12-2024T02:38:44 - [TEST_STEP][PASSED] - if (typeOfData == "План"): null

02-12-2024T02:38:44 - [TEST_STEP][PASSED] - else if (typeOfData == "Факт"): null

02-12-2024T02:38:44 - [TEST_STEP][PASSED] - else if (vidget.contains("электроэнергии") == true): null

02-12-2024T02:38:44 - [TEST_STEP][PASSED] - if (tabR == null): null

02-12-2024T02:38:44 - [TEST_STEP][PASSED] - else: null

02-12-2024T02:38:44 - [TEST_STEP][PASSED] - if (tabR == "нет данных"): null

02-12-2024T02:38:44 - [TEST_STEP][PASSED] - setValueToCellByIndex(sheet01, n, 4, "нет данных"): null

02-12-2024T02:38:44 - [TEST_STEP][PASSED] - if (tabB == null): null

02-12-2024T02:38:44 - [TEST_STEP][PASSED] - else: null

02-12-2024T02:38:44 - [TEST_STEP][PASSED] - if (tabB == "нет данных"): null

02-12-2024T02:38:44 - [TEST_STEP][PASSED] - else: null

02-12-2024T02:38:44 - [TEST_STEP][PASSED] - TB = tabB.toInteger(): null

02-12-2024T02:38:44 - [TEST_STEP][PASSED] - setValueToCellByIndex(sheet01, n, 5, TB): null

02-12-2024T02:38:44 - [TEST_STEP][PASSED] - setValueToCellByIndex(sheet01, n, 6, m): null

02-12-2024T02:38:44 - [TEST_STEP][PASSED] - setValueToCellByIndex(sheet01, n, 7, y): null

02-12-2024T02:38:44 - [TEST_STEP][PASSED] - setValueToCellByIndex(sheet01, n, 8, todaysDate): null

02-12-2024T02:38:44 - [TEST_STEP][PASSED] - n = n + 1: null

02-12-2024T02:38:44 - [TEST_STEP][PASSED] - saveWorkbook(excelFilePath, workbook01): null

02-12-2024T02:38:44 - [TEST_STEP][PASSED] - vidget = "Показатели баланса электроэнергии по ДЗО – План": null

02-12-2024T02:38:44 - [TEST_STEP][PASSED] - typeOfData = "План Отпуск в сеть": null

02-12-2024T02:38:44 - [TEST_STEP][PASSED] - tabR = GetOvSPlanR(x = a): null

02-12-2024T02:38:44 - [TEST_STEP][PASSED] - i1 = <not implemented yet for class: org.codehaus.groovy.ast.expr.EmptyExpression>: null

02-12-2024T02:38:44 - [TEST_STEP][PASSED] - ii = <not implemented yet for class: org.codehaus.groovy.ast.expr.EmptyExpression>: null

02-12-2024T02:38:44 - [TEST_STEP][PASSED] - for ([ii = 1, ii < 7, (ii++)]): null

02-12-2024T02:38:44 - [TEST_STEP][PASSED] - i1 = x.indexOf("/") + 1: null

02-12-2024T02:38:44 - [TEST_STEP][PASSED] - if (i1 > -1): null

02-12-2024T02:38:44 - [TEST_STEP][PASSED] - x = x.substring(i1, x.length()): null

02-12-2024T02:38:44 - [TEST_STEP][PASSED] - println(x): null

02-12-2024T02:38:44 - [TEST_STEP][PASSED] - i1 = x.indexOf("/") + 1: null

02-12-2024T02:38:44 - [TEST_STEP][PASSED] - if (i1 > -1): null

02-12-2024T02:38:44 - [TEST_STEP][PASSED] - x = x.substring(i1, x.length()): null

02-12-2024T02:38:44 - [TEST_STEP][PASSED] - println(x): null

02-12-2024T02:38:44 - [TEST_STEP][PASSED] - i1 = x.indexOf("/") + 1: null

02-12-2024T02:38:44 - [TEST_STEP][PASSED] - if (i1 > -1): null

02-12-2024T02:38:44 - [TEST_STEP][PASSED] - x = x.substring(i1, x.length()): null

02-12-2024T02:38:44 - [TEST_STEP][PASSED] - println(x): null

02-12-2024T02:38:44 - [TEST_STEP][PASSED] - i1 = x.indexOf("/") + 1: null

02-12-2024T02:38:44 - [TEST_STEP][PASSED] - if (i1 > -1): null

02-12-2024T02:38:44 - [TEST_STEP][PASSED] - x = x.substring(i1, x.length()): null

02-12-2024T02:38:44 - [TEST_STEP][PASSED] - println(x): null

02-12-2024T02:38:44 - [TEST_STEP][PASSED] - i1 = x.indexOf("/") + 1: null

02-12-2024T02:38:44 - [TEST_STEP][PASSED] - if (i1 > -1): null

02-12-2024T02:38:44 - [TEST_STEP][PASSED] - x = x.substring(i1, x.length()): null

02-12-2024T02:38:44 - [TEST_STEP][PASSED] - println(x): null

02-12-2024T02:38:44 - [TEST_STEP][PASSED] - i1 = x.indexOf("/") + 1: null

02-12-2024T02:38:44 - [TEST_STEP][PASSED] - if (i1 > -1): null

02-12-2024T02:38:44 - [TEST_STEP][PASSED] - x = x.substring(i1, x.length()): null

02-12-2024T02:38:44 - [TEST_STEP][PASSED] - println(x): null

02-12-2024T02:38:44 - [TEST_STEP][PASSED] - i1 = x.indexOf("/"): null

02-12-2024T02:38:44 - [TEST_STEP][PASSED] - if (i1 > -1): null

02-12-2024T02:38:44 - [TEST_STEP][PASSED] - x = x.substring(0, i1): null

02-12-2024T02:38:44 - [TEST_STEP][PASSED] - println(x): null

02-12-2024T02:38:44 - [TEST_STEP][PASSED] - return x: null

02-12-2024T02:38:44 - [TEST_STEP][PASSED] - tabB = GetOvSPlanB(x = b): null

02-12-2024T02:38:44 - [TEST_STEP][PASSED] - i1 = <not implemented yet for class: org.codehaus.groovy.ast.expr.EmptyExpression>: null

02-12-2024T02:38:44 - [TEST_STEP][PASSED] - ii = <not implemented yet for class: org.codehaus.groovy.ast.expr.EmptyExpression>: null

02-12-2024T02:38:44 - [TEST_STEP][PASSED] - for ([ii = 1, ii < 7, (ii++)]): null

02-12-2024T02:38:44 - [TEST_STEP][PASSED] - i1 = x.indexOf("/") + 1: null

02-12-2024T02:39:28 - [TEST_STEP][PASSED] - if (i1 > -1): null

02-12-2024T02:39:28 - [TEST_STEP][PASSED] - x = x.substring(i1, x.length()): null

02-12-2024T02:39:28 - [TEST_STEP][PASSED] - println(x): null

02-12-2024T02:39:28 - [TEST_STEP][PASSED] - i1 = x.indexOf("/") + 1: null

02-12-2024T02:39:28 - [TEST_STEP][PASSED] - if (i1 > -1): null

02-12-2024T02:39:28 - [TEST_STEP][PASSED] - x = x.substring(i1, x.length()): null

02-12-2024T02:39:28 - [TEST_STEP][PASSED] - println(x): null

02-12-2024T02:39:28 - [TEST_STEP][PASSED] - i1 = x.indexOf("/") + 1: null

02-12-2024T02:39:28 - [TEST_STEP][PASSED] - if (i1 > -1): null

02-12-2024T02:39:28 - [TEST_STEP][PASSED] - x = x.substring(i1, x.length()): null

02-12-2024T02:39:28 - [TEST_STEP][PASSED] - println(x): null

02-12-2024T02:39:28 - [TEST_STEP][PASSED] - i1 = x.indexOf("/") + 1: null

02-12-2024T02:39:28 - [TEST_STEP][PASSED] - if (i1 > -1): null

02-12-2024T02:39:28 - [TEST_STEP][PASSED] - x = x.substring(i1, x.length()): null

02-12-2024T02:39:28 - [TEST_STEP][PASSED] - println(x): null

02-12-2024T02:39:28 - [TEST_STEP][PASSED] - i1 = x.indexOf("/") + 1: null

02-12-2024T02:39:28 - [TEST_STEP][PASSED] - if (i1 > -1): null

02-12-2024T02:39:28 - [TEST_STEP][PASSED] - x = x.substring(i1, x.length()): null

02-12-2024T02:39:28 - [TEST_STEP][PASSED] - println(x): null

02-12-2024T02:39:28 - [TEST_STEP][PASSED] - i1 = x.indexOf("/") + 1: null

02-12-2024T02:39:28 - [TEST_STEP][PASSED] - if (i1 > -1): null

02-12-2024T02:39:28 - [TEST_STEP][PASSED] - x = x.substring(i1, x.length()): null

02-12-2024T02:39:28 - [TEST_STEP][PASSED] - println(x): null

02-12-2024T02:39:28 - [TEST_STEP][PASSED] - i1 = x.indexOf("/"): null

02-12-2024T02:39:28 - [TEST_STEP][PASSED] - if (i1 > -1): null

02-12-2024T02:39:28 - [TEST_STEP][PASSED] - x = x.substring(0, i1): null

02-12-2024T02:39:28 - [TEST_STEP][PASSED] - println(x): null

02-12-2024T02:39:28 - [TEST_STEP][FAILED] - return x: null

02-12-2024T02:39:28 - [TEST_STEP][PASSED] - println(tabR + "/" + tabB): null

02-12-2024T02:39:28 - [TEST_STEP][FAILED] - if (verifyEqual(PercFactR, PercFactB) == false): null

02-12-2024T02:39:28 - [MESSAGE][FAILED] - Unable to verify equal between actual object 'нет данных' and expected object '5.26' (Root cause: com.kms.katalon.core.exception.StepFailedException: Actual object 'нет данных' and expected object '5.26' are not equal
	at com.kms.katalon.core.keyword.builtin.VerifyEqualKeyword$_verifyEqual_closure1.doCall(VerifyEqualKeyword.groovy:58)
	at com.kms.katalon.core.keyword.builtin.VerifyEqualKeyword$_verifyEqual_closure1.call(VerifyEqualKeyword.groovy)
	at com.kms.katalon.core.keyword.internal.KeywordMain.runKeyword(KeywordMain.groovy:75)
	at com.kms.katalon.core.keyword.builtin.VerifyEqualKeyword.verifyEqual(VerifyEqualKeyword.groovy:63)
	at com.kms.katalon.core.keyword.builtin.VerifyEqualKeyword.execute(VerifyEqualKeyword.groovy:44)
	at com.kms.katalon.core.keyword.internal.KeywordExecutor.executeKeywordForPlatform(KeywordExecutor.groovy:74)
	at com.kms.katalon.core.keyword.BuiltinKeywords.verifyEqual(BuiltinKeywords.groovy:146)
	at jdk.internal.reflect.GeneratedMethodAccessor25.invoke(Unknown Source)
	at java.base/jdk.internal.reflect.DelegatingMethodAccessorImpl.invoke(DelegatingMethodAccessorImpl.java:43)
	at Выполнение бизнес-плана сверка дашбордов.CompareDZOData(Выполнение бизнес-плана сверка дашбордов:745)
	at Выполнение бизнес-плана сверка дашбордов.run(Выполнение бизнес-плана сверка дашбордов:623)
	at com.kms.katalon.core.main.ScriptEngine.run(ScriptEngine.java:194)
	at com.kms.katalon.core.main.ScriptEngine.runScriptAsRawText(ScriptEngine.java:119)
	at com.kms.katalon.core.main.TestCaseExecutor.runScript(TestCaseExecutor.java:448)
	at com.kms.katalon.core.main.TestCaseExecutor.doExecute(TestCaseExecutor.java:439)
	at com.kms.katalon.core.main.TestCaseExecutor.processExecutionPhase(TestCaseExecutor.java:418)
	at com.kms.katalon.core.main.TestCaseExecutor.accessMainPhase(TestCaseExecutor.java:410)
	at com.kms.katalon.core.main.TestCaseExecutor.execute(TestCaseExecutor.java:285)
	at com.kms.katalon.core.common.CommonExecutor.accessTestCaseMainPhase(CommonExecutor.java:65)
	at com.kms.katalon.core.main.TestSuiteExecutor.accessTestSuiteMainPhase(TestSuiteExecutor.java:150)
	at com.kms.katalon.core.main.TestSuiteExecutor.execute(TestSuiteExecutor.java:106)
	at com.kms.katalon.core.main.TestCaseMain.startTestSuite(TestCaseMain.java:180)
	at TempTestSuite1733095732962.run(TempTestSuite1733095732962.groovy:35)
	at java.base/jdk.internal.reflect.NativeMethodAccessorImpl.invoke0(Native Method)
	at java.base/jdk.internal.reflect.NativeMethodAccessorImpl.invoke(NativeMethodAccessorImpl.java:77)
	at java.base/jdk.internal.reflect.DelegatingMethodAccessorImpl.invoke(DelegatingMethodAccessorImpl.java:43)
)

02-12-2024T02:39:28 - [TEST_STEP][PASSED] - result = WriteToExcel(typeOfData, todaysDate, PercPlanR, PercPlanB, PercFactR, PercFactB, x, tabR, tabB, o1R, o1B, vidget): null

02-12-2024T02:39:28 - [TEST_STEP][PASSED] - iii = dZO.indexOf("/"): null

02-12-2024T02:39:28 - [TEST_STEP][PASSED] - println(iii): null

02-12-2024T02:39:28 - [TEST_STEP][PASSED] - dZO = dZO.substring(0, iii): null

02-12-2024T02:39:28 - [TEST_STEP][PASSED] - println(dZO): null

02-12-2024T02:39:28 - [TEST_STEP][PASSED] - println(PercPlanR): null

02-12-2024T02:39:28 - [TEST_STEP][PASSED] - println(PercPlanB): null

02-12-2024T02:39:28 - [TEST_STEP][PASSED] - println(PercFactR): null

02-12-2024T02:39:28 - [TEST_STEP][PASSED] - println(PercFactB): null

02-12-2024T02:39:28 - [TEST_STEP][PASSED] - println(tabR): null

02-12-2024T02:39:28 - [TEST_STEP][PASSED] - println(tabB): null

02-12-2024T02:39:28 - [TEST_STEP][PASSED] - println(o1R): null

02-12-2024T02:39:28 - [TEST_STEP][PASSED] - println(o1B): null

02-12-2024T02:39:28 - [TEST_STEP][PASSED] - PR = <not implemented yet for class: org.codehaus.groovy.ast.expr.EmptyExpression>: null

02-12-2024T02:39:28 - [TEST_STEP][PASSED] - FR = <not implemented yet for class: org.codehaus.groovy.ast.expr.EmptyExpression>: null

02-12-2024T02:39:28 - [TEST_STEP][PASSED] - PB = <not implemented yet for class: org.codehaus.groovy.ast.expr.EmptyExpression>: null

02-12-2024T02:39:28 - [TEST_STEP][PASSED] - FB = <not implemented yet for class: org.codehaus.groovy.ast.expr.EmptyExpression>: null

02-12-2024T02:39:28 - [TEST_STEP][PASSED] - TR = <not implemented yet for class: org.codehaus.groovy.ast.expr.EmptyExpression>: null

02-12-2024T02:39:28 - [TEST_STEP][PASSED] - TB = <not implemented yet for class: org.codehaus.groovy.ast.expr.EmptyExpression>: null

02-12-2024T02:39:28 - [TEST_STEP][PASSED] - sheetName = "Sheet1": null

02-12-2024T02:39:28 - [TEST_STEP][PASSED] - data = findTestData("PlanFact"): null

02-12-2024T02:39:28 - [TEST_STEP][PASSED] - n = data.getRowNumbers() + 1: null

02-12-2024T02:39:28 - [TEST_STEP][PASSED] - year = todaysDate.substring(todaysDate.length() - 4, todaysDate.length()): null

02-12-2024T02:39:28 - [TEST_STEP][PASSED] - y = year.toInteger(): null

02-12-2024T02:39:28 - [TEST_STEP][PASSED] - m = getText(findTestObject("Выполнение бизнес-плана/Выполнение бизнес-плана Балансы/Фильтр Дата")): Text of object 'Object Repository/Выполнение бизнес-плана/Выполнение бизнес-плана Балансы/Фильтр Дата' is: '1, 2, 3 кв., Октябрь 2024 года'

02-12-2024T02:39:29 - [MESSAGE][PASSED] - Text of object 'Object Repository/Выполнение бизнес-плана/Выполнение бизнес-плана Балансы/Фильтр Дата' is: '1, 2, 3 кв., Октябрь 2024 года'

02-12-2024T02:39:29 - [TEST_STEP][PASSED] - m = m.substring(0, m.indexOf("2024")): null

02-12-2024T02:39:29 - [TEST_STEP][PASSED] - m = m.trim(): null

02-12-2024T02:39:29 - [TEST_STEP][PASSED] - dashboardName = "Выполнение бизнес-плана": null

02-12-2024T02:39:29 - [TEST_STEP][PASSED] - workbook01 = getWorkbook(excelFilePath): null

02-12-2024T02:39:29 - [TEST_STEP][PASSED] - sheet01 = getExcelSheet(workbook01, sheetName): null

02-12-2024T02:39:29 - [TEST_STEP][PASSED] - setValueToCellByIndex(sheet01, n, 0, dashboardName): null

02-12-2024T02:39:29 - [TEST_STEP][PASSED] - setValueToCellByIndex(sheet01, n, 1, dZO): null

02-12-2024T02:39:29 - [TEST_STEP][PASSED] - setValueToCellByIndex(sheet01, n, 2, typeOfData): null

02-12-2024T02:39:29 - [TEST_STEP][PASSED] - setValueToCellByIndex(sheet01, n, 3, typeOfData): null

02-12-2024T02:39:29 - [TEST_STEP][PASSED] - if (typeOfData == "План"): null

02-12-2024T02:39:29 - [TEST_STEP][PASSED] - else if (typeOfData == "Факт"): null

02-12-2024T02:39:29 - [TEST_STEP][PASSED] - else if (vidget.contains("электроэнергии") == true): null

02-12-2024T02:39:29 - [TEST_STEP][PASSED] - if (tabR == null): null

02-12-2024T02:39:29 - [TEST_STEP][PASSED] - else: null

02-12-2024T02:39:29 - [TEST_STEP][PASSED] - if (tabR == "нет данных"): null

02-12-2024T02:39:29 - [TEST_STEP][PASSED] - setValueToCellByIndex(sheet01, n, 4, "нет данных"): null

02-12-2024T02:39:29 - [TEST_STEP][PASSED] - if (tabB == null): null

02-12-2024T02:39:29 - [TEST_STEP][PASSED] - else: null

02-12-2024T02:39:29 - [TEST_STEP][PASSED] - if (tabB == "нет данных"): null

02-12-2024T02:39:29 - [TEST_STEP][PASSED] - else: null

02-12-2024T02:39:29 - [TEST_STEP][PASSED] - TB = tabB.toInteger(): null

02-12-2024T02:39:29 - [TEST_STEP][PASSED] - setValueToCellByIndex(sheet01, n, 5, TB): null

02-12-2024T02:39:29 - [TEST_STEP][PASSED] - setValueToCellByIndex(sheet01, n, 6, m): null

02-12-2024T02:39:29 - [TEST_STEP][PASSED] - setValueToCellByIndex(sheet01, n, 7, y): null

02-12-2024T02:39:29 - [TEST_STEP][PASSED] - setValueToCellByIndex(sheet01, n, 8, todaysDate): null

02-12-2024T02:39:29 - [TEST_STEP][PASSED] - n = n + 1: null

02-12-2024T02:39:29 - [TEST_STEP][PASSED] - saveWorkbook(excelFilePath, workbook01): null

02-12-2024T02:39:29 - [TEST_STEP][PASSED] - typeOfData = "План Отпуск из сети": null

02-12-2024T02:39:29 - [TEST_STEP][PASSED] - tabR = GetOiSPlanR(x = a): null

02-12-2024T02:39:29 - [TEST_STEP][PASSED] - i1 = <not implemented yet for class: org.codehaus.groovy.ast.expr.EmptyExpression>: null

02-12-2024T02:39:29 - [TEST_STEP][PASSED] - ii = <not implemented yet for class: org.codehaus.groovy.ast.expr.EmptyExpression>: null

02-12-2024T02:39:29 - [TEST_STEP][PASSED] - for ([ii = 1, ii < 8, (ii++)]): null

02-12-2024T02:39:29 - [TEST_STEP][PASSED] - i1 = x.indexOf("/") + 1: null

02-12-2024T02:39:29 - [TEST_STEP][PASSED] - if (i1 > -1): null

02-12-2024T02:39:29 - [TEST_STEP][PASSED] - x = x.substring(i1, x.length()): null

02-12-2024T02:39:29 - [TEST_STEP][PASSED] - println(x): null

02-12-2024T02:39:29 - [TEST_STEP][PASSED] - i1 = x.indexOf("/") + 1: null

02-12-2024T02:39:29 - [TEST_STEP][PASSED] - if (i1 > -1): null

02-12-2024T02:39:29 - [TEST_STEP][PASSED] - x = x.substring(i1, x.length()): null

02-12-2024T02:39:29 - [TEST_STEP][PASSED] - println(x): null

02-12-2024T02:39:29 - [TEST_STEP][PASSED] - i1 = x.indexOf("/") + 1: null

02-12-2024T02:39:29 - [TEST_STEP][PASSED] - if (i1 > -1): null

02-12-2024T02:39:29 - [TEST_STEP][PASSED] - x = x.substring(i1, x.length()): null

02-12-2024T02:39:29 - [TEST_STEP][PASSED] - println(x): null

02-12-2024T02:39:29 - [TEST_STEP][PASSED] - i1 = x.indexOf("/") + 1: null

02-12-2024T02:39:29 - [TEST_STEP][PASSED] - if (i1 > -1): null

02-12-2024T02:39:29 - [TEST_STEP][PASSED] - x = x.substring(i1, x.length()): null

02-12-2024T02:39:29 - [TEST_STEP][PASSED] - println(x): null

02-12-2024T02:39:29 - [TEST_STEP][PASSED] - i1 = x.indexOf("/") + 1: null

02-12-2024T02:39:29 - [TEST_STEP][PASSED] - if (i1 > -1): null

02-12-2024T02:39:29 - [TEST_STEP][PASSED] - x = x.substring(i1, x.length()): null

02-12-2024T02:39:29 - [TEST_STEP][PASSED] - println(x): null

02-12-2024T02:39:29 - [TEST_STEP][PASSED] - i1 = x.indexOf("/") + 1: null

02-12-2024T02:39:29 - [TEST_STEP][PASSED] - if (i1 > -1): null

02-12-2024T02:39:29 - [TEST_STEP][PASSED] - x = x.substring(i1, x.length()): null

02-12-2024T02:39:29 - [TEST_STEP][PASSED] - println(x): null

02-12-2024T02:39:29 - [TEST_STEP][PASSED] - i1 = x.indexOf("/") + 1: null

02-12-2024T02:39:29 - [TEST_STEP][PASSED] - if (i1 > -1): null

02-12-2024T02:39:29 - [TEST_STEP][PASSED] - x = x.substring(i1, x.length()): null

02-12-2024T02:39:29 - [TEST_STEP][PASSED] - println(x): null

02-12-2024T02:39:29 - [TEST_STEP][PASSED] - i1 = x.indexOf("/"): null

02-12-2024T02:39:29 - [TEST_STEP][PASSED] - if (i1 > -1): null

02-12-2024T02:39:29 - [TEST_STEP][PASSED] - x = x.substring(0, i1): null

02-12-2024T02:39:29 - [TEST_STEP][PASSED] - println(x): null

02-12-2024T02:39:29 - [TEST_STEP][PASSED] - return x: null

02-12-2024T02:39:29 - [TEST_STEP][PASSED] - tabB = GetOiSPlanB(x = b): null

02-12-2024T02:39:29 - [TEST_STEP][PASSED] - i1 = <not implemented yet for class: org.codehaus.groovy.ast.expr.EmptyExpression>: null

02-12-2024T02:39:29 - [TEST_STEP][PASSED] - ii = <not implemented yet for class: org.codehaus.groovy.ast.expr.EmptyExpression>: null

02-12-2024T02:39:29 - [TEST_STEP][PASSED] - for ([ii = 1, ii < 8, (ii++)]): null

02-12-2024T02:39:29 - [TEST_STEP][PASSED] - i1 = x.indexOf("/") + 1: null

02-12-2024T02:39:29 - [TEST_STEP][PASSED] - if (i1 > -1): null

02-12-2024T02:39:29 - [TEST_STEP][PASSED] - x = x.substring(i1, x.length()): null

02-12-2024T02:39:29 - [TEST_STEP][PASSED] - println(x): null

02-12-2024T02:39:29 - [TEST_STEP][PASSED] - i1 = x.indexOf("/") + 1: null

02-12-2024T02:39:29 - [TEST_STEP][PASSED] - if (i1 > -1): null

02-12-2024T02:39:29 - [TEST_STEP][PASSED] - x = x.substring(i1, x.length()): null

02-12-2024T02:39:29 - [TEST_STEP][PASSED] - println(x): null

02-12-2024T02:39:29 - [TEST_STEP][PASSED] - i1 = x.indexOf("/") + 1: null

02-12-2024T02:39:29 - [TEST_STEP][PASSED] - if (i1 > -1): null

02-12-2024T02:39:29 - [TEST_STEP][PASSED] - x = x.substring(i1, x.length()): null

02-12-2024T02:39:29 - [TEST_STEP][PASSED] - println(x): null

02-12-2024T02:39:29 - [TEST_STEP][PASSED] - i1 = x.indexOf("/") + 1: null

02-12-2024T02:39:29 - [TEST_STEP][PASSED] - if (i1 > -1): null

02-12-2024T02:39:29 - [TEST_STEP][PASSED] - x = x.substring(i1, x.length()): null

02-12-2024T02:39:29 - [TEST_STEP][PASSED] - println(x): null

02-12-2024T02:39:29 - [TEST_STEP][PASSED] - i1 = x.indexOf("/") + 1: null

02-12-2024T02:39:29 - [TEST_STEP][PASSED] - if (i1 > -1): null

02-12-2024T02:39:29 - [TEST_STEP][PASSED] - x = x.substring(i1, x.length()): null

02-12-2024T02:39:29 - [TEST_STEP][PASSED] - println(x): null

02-12-2024T02:39:29 - [TEST_STEP][PASSED] - i1 = x.indexOf("/") + 1: null

02-12-2024T02:39:29 - [TEST_STEP][PASSED] - if (i1 > -1): null

02-12-2024T02:39:29 - [TEST_STEP][PASSED] - x = x.substring(i1, x.length()): null

02-12-2024T02:39:29 - [TEST_STEP][PASSED] - println(x): null

02-12-2024T02:39:29 - [TEST_STEP][PASSED] - i1 = x.indexOf("/") + 1: null

02-12-2024T02:39:29 - [TEST_STEP][PASSED] - if (i1 > -1): null

02-12-2024T02:39:29 - [TEST_STEP][PASSED] - x = x.substring(i1, x.length()): null

02-12-2024T02:39:29 - [TEST_STEP][PASSED] - println(x): null

02-12-2024T02:39:29 - [TEST_STEP][PASSED] - i1 = x.indexOf("/"): null

02-12-2024T02:39:29 - [TEST_STEP][PASSED] - if (i1 > -1): null

02-12-2024T02:39:29 - [TEST_STEP][PASSED] - x = x.substring(0, i1): null

02-12-2024T02:39:29 - [TEST_STEP][PASSED] - println(x): null

02-12-2024T02:39:29 - [TEST_STEP][FAILED] - return x: null

02-12-2024T02:39:29 - [TEST_STEP][PASSED] - println(tabR + "/" + tabB): null

02-12-2024T02:39:29 - [TEST_STEP][FAILED] - if (verifyEqual(PercFactR, PercFactB) == false): null

02-12-2024T02:39:29 - [MESSAGE][FAILED] - Unable to verify equal between actual object 'нет данных' and expected object '5.26' (Root cause: com.kms.katalon.core.exception.StepFailedException: Actual object 'нет данных' and expected object '5.26' are not equal
	at com.kms.katalon.core.keyword.builtin.VerifyEqualKeyword$_verifyEqual_closure1.doCall(VerifyEqualKeyword.groovy:58)
	at com.kms.katalon.core.keyword.builtin.VerifyEqualKeyword$_verifyEqual_closure1.call(VerifyEqualKeyword.groovy)
	at com.kms.katalon.core.keyword.internal.KeywordMain.runKeyword(KeywordMain.groovy:75)
	at com.kms.katalon.core.keyword.builtin.VerifyEqualKeyword.verifyEqual(VerifyEqualKeyword.groovy:63)
	at com.kms.katalon.core.keyword.builtin.VerifyEqualKeyword.execute(VerifyEqualKeyword.groovy:44)
	at com.kms.katalon.core.keyword.internal.KeywordExecutor.executeKeywordForPlatform(KeywordExecutor.groovy:74)
	at com.kms.katalon.core.keyword.BuiltinKeywords.verifyEqual(BuiltinKeywords.groovy:146)
	at jdk.internal.reflect.GeneratedMethodAccessor25.invoke(Unknown Source)
	at java.base/jdk.internal.reflect.DelegatingMethodAccessorImpl.invoke(DelegatingMethodAccessorImpl.java:43)
	at Выполнение бизнес-плана сверка дашбордов.CompareDZOData(Выполнение бизнес-плана сверка дашбордов:758)
	at Выполнение бизнес-плана сверка дашбордов.run(Выполнение бизнес-плана сверка дашбордов:623)
	at com.kms.katalon.core.main.ScriptEngine.run(ScriptEngine.java:194)
	at com.kms.katalon.core.main.ScriptEngine.runScriptAsRawText(ScriptEngine.java:119)
	at com.kms.katalon.core.main.TestCaseExecutor.runScript(TestCaseExecutor.java:448)
	at com.kms.katalon.core.main.TestCaseExecutor.doExecute(TestCaseExecutor.java:439)
	at com.kms.katalon.core.main.TestCaseExecutor.processExecutionPhase(TestCaseExecutor.java:418)
	at com.kms.katalon.core.main.TestCaseExecutor.accessMainPhase(TestCaseExecutor.java:410)
	at com.kms.katalon.core.main.TestCaseExecutor.execute(TestCaseExecutor.java:285)
	at com.kms.katalon.core.common.CommonExecutor.accessTestCaseMainPhase(CommonExecutor.java:65)
	at com.kms.katalon.core.main.TestSuiteExecutor.accessTestSuiteMainPhase(TestSuiteExecutor.java:150)
	at com.kms.katalon.core.main.TestSuiteExecutor.execute(TestSuiteExecutor.java:106)
	at com.kms.katalon.core.main.TestCaseMain.startTestSuite(TestCaseMain.java:180)
	at TempTestSuite1733095732962.run(TempTestSuite1733095732962.groovy:35)
	at java.base/jdk.internal.reflect.NativeMethodAccessorImpl.invoke0(Native Method)
	at java.base/jdk.internal.reflect.NativeMethodAccessorImpl.invoke(NativeMethodAccessorImpl.java:77)
	at java.base/jdk.internal.reflect.DelegatingMethodAccessorImpl.invoke(DelegatingMethodAccessorImpl.java:43)
)

02-12-2024T02:39:29 - [TEST_STEP][PASSED] - result = WriteToExcel(typeOfData, todaysDate, PercPlanR, PercPlanB, PercFactR, PercFactB, x, tabR, tabB, o1R, o1B, vidget): null

02-12-2024T02:39:29 - [TEST_STEP][PASSED] - iii = dZO.indexOf("/"): null

02-12-2024T02:39:29 - [TEST_STEP][PASSED] - println(iii): null

02-12-2024T02:39:29 - [TEST_STEP][PASSED] - dZO = dZO.substring(0, iii): null

02-12-2024T02:39:29 - [TEST_STEP][PASSED] - println(dZO): null

02-12-2024T02:39:29 - [TEST_STEP][PASSED] - println(PercPlanR): null

02-12-2024T02:39:29 - [TEST_STEP][PASSED] - println(PercPlanB): null

02-12-2024T02:39:29 - [TEST_STEP][PASSED] - println(PercFactR): null

02-12-2024T02:39:29 - [TEST_STEP][PASSED] - println(PercFactB): null

02-12-2024T02:39:29 - [TEST_STEP][PASSED] - println(tabR): null

02-12-2024T02:39:29 - [TEST_STEP][PASSED] - println(tabB): null

02-12-2024T02:39:29 - [TEST_STEP][PASSED] - println(o1R): null

02-12-2024T02:39:29 - [TEST_STEP][PASSED] - println(o1B): null

02-12-2024T02:39:29 - [TEST_STEP][PASSED] - PR = <not implemented yet for class: org.codehaus.groovy.ast.expr.EmptyExpression>: null

02-12-2024T02:39:29 - [TEST_STEP][PASSED] - FR = <not implemented yet for class: org.codehaus.groovy.ast.expr.EmptyExpression>: null

02-12-2024T02:39:29 - [TEST_STEP][PASSED] - PB = <not implemented yet for class: org.codehaus.groovy.ast.expr.EmptyExpression>: null

02-12-2024T02:39:29 - [TEST_STEP][PASSED] - FB = <not implemented yet for class: org.codehaus.groovy.ast.expr.EmptyExpression>: null

02-12-2024T02:39:29 - [TEST_STEP][PASSED] - TR = <not implemented yet for class: org.codehaus.groovy.ast.expr.EmptyExpression>: null

02-12-2024T02:39:29 - [TEST_STEP][PASSED] - TB = <not implemented yet for class: org.codehaus.groovy.ast.expr.EmptyExpression>: null

02-12-2024T02:39:29 - [TEST_STEP][PASSED] - sheetName = "Sheet1": null

02-12-2024T02:39:29 - [TEST_STEP][PASSED] - data = findTestData("PlanFact"): null

02-12-2024T02:39:29 - [TEST_STEP][PASSED] - n = data.getRowNumbers() + 1: null

02-12-2024T02:39:29 - [TEST_STEP][PASSED] - year = todaysDate.substring(todaysDate.length() - 4, todaysDate.length()): null

02-12-2024T02:39:29 - [TEST_STEP][PASSED] - y = year.toInteger(): null

02-12-2024T02:39:29 - [TEST_STEP][PASSED] - m = getText(findTestObject("Выполнение бизнес-плана/Выполнение бизнес-плана Балансы/Фильтр Дата")): Text of object 'Object Repository/Выполнение бизнес-плана/Выполнение бизнес-плана Балансы/Фильтр Дата' is: '1, 2, 3 кв., Октябрь 2024 года'

02-12-2024T02:39:29 - [MESSAGE][PASSED] - Text of object 'Object Repository/Выполнение бизнес-плана/Выполнение бизнес-плана Балансы/Фильтр Дата' is: '1, 2, 3 кв., Октябрь 2024 года'

02-12-2024T02:39:29 - [TEST_STEP][PASSED] - m = m.substring(0, m.indexOf("2024")): null

02-12-2024T02:39:29 - [TEST_STEP][PASSED] - m = m.trim(): null

02-12-2024T02:39:29 - [TEST_STEP][PASSED] - dashboardName = "Выполнение бизнес-плана": null

02-12-2024T02:39:29 - [TEST_STEP][PASSED] - workbook01 = getWorkbook(excelFilePath): null

02-12-2024T02:39:29 - [TEST_STEP][PASSED] - sheet01 = getExcelSheet(workbook01, sheetName): null

02-12-2024T02:39:29 - [TEST_STEP][PASSED] - setValueToCellByIndex(sheet01, n, 0, dashboardName): null

02-12-2024T02:39:29 - [TEST_STEP][PASSED] - setValueToCellByIndex(sheet01, n, 1, dZO): null

02-12-2024T02:39:29 - [TEST_STEP][PASSED] - setValueToCellByIndex(sheet01, n, 2, typeOfData): null

02-12-2024T02:39:29 - [TEST_STEP][PASSED] - setValueToCellByIndex(sheet01, n, 3, typeOfData): null

02-12-2024T02:39:29 - [TEST_STEP][PASSED] - if (typeOfData == "План"): null

02-12-2024T02:39:29 - [TEST_STEP][PASSED] - else if (typeOfData == "Факт"): null

02-12-2024T02:39:29 - [TEST_STEP][PASSED] - else if (vidget.contains("электроэнергии") == true): null

02-12-2024T02:39:29 - [TEST_STEP][PASSED] - if (tabR == null): null

02-12-2024T02:39:29 - [TEST_STEP][PASSED] - else: null

02-12-2024T02:39:29 - [TEST_STEP][PASSED] - if (tabR == "нет данных"): null

02-12-2024T02:39:29 - [TEST_STEP][PASSED] - setValueToCellByIndex(sheet01, n, 4, "нет данных"): null

02-12-2024T02:39:29 - [TEST_STEP][PASSED] - if (tabB == null): null

02-12-2024T02:39:29 - [TEST_STEP][PASSED] - else: null

02-12-2024T02:39:29 - [TEST_STEP][PASSED] - if (tabB == "нет данных"): null

02-12-2024T02:39:29 - [TEST_STEP][PASSED] - else: null

02-12-2024T02:39:29 - [TEST_STEP][PASSED] - TB = tabB.toInteger(): null

02-12-2024T02:39:29 - [TEST_STEP][PASSED] - setValueToCellByIndex(sheet01, n, 5, TB): null

02-12-2024T02:39:29 - [TEST_STEP][PASSED] - setValueToCellByIndex(sheet01, n, 6, m): null

02-12-2024T02:39:29 - [TEST_STEP][PASSED] - setValueToCellByIndex(sheet01, n, 7, y): null

02-12-2024T02:39:29 - [TEST_STEP][PASSED] - setValueToCellByIndex(sheet01, n, 8, todaysDate): null

02-12-2024T02:39:29 - [TEST_STEP][PASSED] - n = n + 1: null

02-12-2024T02:39:29 - [TEST_STEP][PASSED] - saveWorkbook(excelFilePath, workbook01): null

02-12-2024T02:39:29 - [TEST_STEP][PASSED] - typeOfData = "План Потери": null

02-12-2024T02:39:29 - [TEST_STEP][PASSED] - tabR = GetPPlanR(x = a): null

02-12-2024T02:39:29 - [TEST_STEP][PASSED] - i1 = <not implemented yet for class: org.codehaus.groovy.ast.expr.EmptyExpression>: null

02-12-2024T02:39:29 - [TEST_STEP][PASSED] - ii = <not implemented yet for class: org.codehaus.groovy.ast.expr.EmptyExpression>: null

02-12-2024T02:39:29 - [TEST_STEP][PASSED] - for ([ii = 1, ii < 9, (ii++)]): null

02-12-2024T02:39:29 - [TEST_STEP][PASSED] - i1 = x.indexOf("/") + 1: null

02-12-2024T02:39:29 - [TEST_STEP][PASSED] - if (i1 > -1): null

02-12-2024T02:39:29 - [TEST_STEP][PASSED] - x = x.substring(i1, x.length()): null

02-12-2024T02:39:29 - [TEST_STEP][PASSED] - println(x): null

02-12-2024T02:39:29 - [TEST_STEP][PASSED] - i1 = x.indexOf("/") + 1: null

02-12-2024T02:39:29 - [TEST_STEP][PASSED] - if (i1 > -1): null

02-12-2024T02:39:29 - [TEST_STEP][PASSED] - x = x.substring(i1, x.length()): null

02-12-2024T02:39:29 - [TEST_STEP][PASSED] - println(x): null

02-12-2024T02:39:29 - [TEST_STEP][PASSED] - i1 = x.indexOf("/") + 1: null

02-12-2024T02:39:29 - [TEST_STEP][PASSED] - if (i1 > -1): null

02-12-2024T02:39:29 - [TEST_STEP][PASSED] - x = x.substring(i1, x.length()): null

02-12-2024T02:39:29 - [TEST_STEP][PASSED] - println(x): null

02-12-2024T02:39:29 - [TEST_STEP][PASSED] - i1 = x.indexOf("/") + 1: null

02-12-2024T02:39:29 - [TEST_STEP][PASSED] - if (i1 > -1): null

02-12-2024T02:39:29 - [TEST_STEP][PASSED] - x = x.substring(i1, x.length()): null

02-12-2024T02:39:29 - [TEST_STEP][PASSED] - println(x): null

02-12-2024T02:39:29 - [TEST_STEP][PASSED] - i1 = x.indexOf("/") + 1: null

02-12-2024T02:39:29 - [TEST_STEP][PASSED] - if (i1 > -1): null

02-12-2024T02:39:29 - [TEST_STEP][PASSED] - x = x.substring(i1, x.length()): null

02-12-2024T02:39:29 - [TEST_STEP][PASSED] - println(x): null

02-12-2024T02:39:29 - [TEST_STEP][PASSED] - i1 = x.indexOf("/") + 1: null

02-12-2024T02:39:29 - [TEST_STEP][PASSED] - if (i1 > -1): null

02-12-2024T02:39:29 - [TEST_STEP][PASSED] - x = x.substring(i1, x.length()): null

02-12-2024T02:39:29 - [TEST_STEP][PASSED] - println(x): null

02-12-2024T02:39:29 - [TEST_STEP][PASSED] - i1 = x.indexOf("/") + 1: null

02-12-2024T02:39:29 - [TEST_STEP][PASSED] - if (i1 > -1): null

02-12-2024T02:39:29 - [TEST_STEP][PASSED] - x = x.substring(i1, x.length()): null

02-12-2024T02:39:29 - [TEST_STEP][PASSED] - println(x): null

02-12-2024T02:39:29 - [TEST_STEP][PASSED] - i1 = x.indexOf("/") + 1: null

02-12-2024T02:39:29 - [TEST_STEP][PASSED] - if (i1 > -1): null

02-12-2024T02:39:29 - [TEST_STEP][PASSED] - x = x.substring(i1, x.length()): null

02-12-2024T02:39:29 - [TEST_STEP][PASSED] - println(x): null

02-12-2024T02:39:29 - [TEST_STEP][PASSED] - i1 = x.indexOf("/"): null

02-12-2024T02:39:29 - [TEST_STEP][PASSED] - if (i1 > -1): null

02-12-2024T02:39:29 - [TEST_STEP][PASSED] - x = x.substring(0, i1): null

02-12-2024T02:39:29 - [TEST_STEP][PASSED] - println(x): null

02-12-2024T02:39:29 - [TEST_STEP][PASSED] - return x: null

02-12-2024T02:39:29 - [TEST_STEP][PASSED] - tabB = GetPPlanB(x = b): null

02-12-2024T02:39:29 - [TEST_STEP][PASSED] - i1 = <not implemented yet for class: org.codehaus.groovy.ast.expr.EmptyExpression>: null

02-12-2024T02:39:29 - [TEST_STEP][PASSED] - ii = <not implemented yet for class: org.codehaus.groovy.ast.expr.EmptyExpression>: null

02-12-2024T02:39:29 - [TEST_STEP][PASSED] - for ([ii = 1, ii < 9, (ii++)]): null

02-12-2024T02:39:29 - [TEST_STEP][PASSED] - i1 = x.indexOf("/") + 1: null

02-12-2024T02:39:29 - [TEST_STEP][PASSED] - if (i1 > -1): null

02-12-2024T02:39:29 - [TEST_STEP][PASSED] - x = x.substring(i1, x.length()): null

02-12-2024T02:39:29 - [TEST_STEP][PASSED] - println(x): null

02-12-2024T02:39:29 - [TEST_STEP][PASSED] - i1 = x.indexOf("/") + 1: null

02-12-2024T02:39:29 - [TEST_STEP][PASSED] - if (i1 > -1): null

02-12-2024T02:39:29 - [TEST_STEP][PASSED] - x = x.substring(i1, x.length()): null

02-12-2024T02:39:29 - [TEST_STEP][PASSED] - println(x): null

02-12-2024T02:39:29 - [TEST_STEP][PASSED] - i1 = x.indexOf("/") + 1: null

02-12-2024T02:39:29 - [TEST_STEP][PASSED] - if (i1 > -1): null

02-12-2024T02:39:29 - [TEST_STEP][PASSED] - x = x.substring(i1, x.length()): null

02-12-2024T02:39:29 - [TEST_STEP][PASSED] - println(x): null

02-12-2024T02:39:29 - [TEST_STEP][PASSED] - i1 = x.indexOf("/") + 1: null

02-12-2024T02:39:29 - [TEST_STEP][PASSED] - if (i1 > -1): null

02-12-2024T02:39:29 - [TEST_STEP][PASSED] - x = x.substring(i1, x.length()): null

02-12-2024T02:39:29 - [TEST_STEP][PASSED] - println(x): null

02-12-2024T02:39:29 - [TEST_STEP][PASSED] - i1 = x.indexOf("/") + 1: null

02-12-2024T02:39:29 - [TEST_STEP][PASSED] - if (i1 > -1): null

02-12-2024T02:39:29 - [TEST_STEP][PASSED] - x = x.substring(i1, x.length()): null

02-12-2024T02:39:29 - [TEST_STEP][PASSED] - println(x): null

02-12-2024T02:39:29 - [TEST_STEP][PASSED] - i1 = x.indexOf("/") + 1: null

02-12-2024T02:39:29 - [TEST_STEP][PASSED] - if (i1 > -1): null

02-12-2024T02:39:29 - [TEST_STEP][PASSED] - x = x.substring(i1, x.length()): null

02-12-2024T02:39:29 - [TEST_STEP][PASSED] - println(x): null

02-12-2024T02:39:29 - [TEST_STEP][PASSED] - i1 = x.indexOf("/") + 1: null

02-12-2024T02:39:29 - [TEST_STEP][PASSED] - if (i1 > -1): null

02-12-2024T02:39:29 - [TEST_STEP][PASSED] - x = x.substring(i1, x.length()): null

02-12-2024T02:39:29 - [TEST_STEP][PASSED] - println(x): null

02-12-2024T02:39:29 - [TEST_STEP][PASSED] - i1 = x.indexOf("/") + 1: null

02-12-2024T02:39:29 - [TEST_STEP][PASSED] - if (i1 > -1): null

02-12-2024T02:39:29 - [TEST_STEP][PASSED] - x = x.substring(i1, x.length()): null

02-12-2024T02:39:29 - [TEST_STEP][PASSED] - println(x): null

02-12-2024T02:39:29 - [TEST_STEP][PASSED] - i1 = x.indexOf("/"): null

02-12-2024T02:39:29 - [TEST_STEP][PASSED] - if (i1 > -1): null

02-12-2024T02:39:29 - [TEST_STEP][PASSED] - x = x.substring(0, i1): null

02-12-2024T02:39:29 - [TEST_STEP][PASSED] - println(x): null

02-12-2024T02:39:29 - [TEST_STEP][FAILED] - return x: null

02-12-2024T02:39:29 - [TEST_STEP][PASSED] - println(tabR + "/" + tabB): null

02-12-2024T02:39:29 - [TEST_STEP][FAILED] - if (verifyEqual(PercFactR, PercFactB) == false): null

02-12-2024T02:39:29 - [MESSAGE][FAILED] - Unable to verify equal between actual object 'нет данных' and expected object '5.26' (Root cause: com.kms.katalon.core.exception.StepFailedException: Actual object 'нет данных' and expected object '5.26' are not equal
	at com.kms.katalon.core.keyword.builtin.VerifyEqualKeyword$_verifyEqual_closure1.doCall(VerifyEqualKeyword.groovy:58)
	at com.kms.katalon.core.keyword.builtin.VerifyEqualKeyword$_verifyEqual_closure1.call(VerifyEqualKeyword.groovy)
	at com.kms.katalon.core.keyword.internal.KeywordMain.runKeyword(KeywordMain.groovy:75)
	at com.kms.katalon.core.keyword.builtin.VerifyEqualKeyword.verifyEqual(VerifyEqualKeyword.groovy:63)
	at com.kms.katalon.core.keyword.builtin.VerifyEqualKeyword.execute(VerifyEqualKeyword.groovy:44)
	at com.kms.katalon.core.keyword.internal.KeywordExecutor.executeKeywordForPlatform(KeywordExecutor.groovy:74)
	at com.kms.katalon.core.keyword.BuiltinKeywords.verifyEqual(BuiltinKeywords.groovy:146)
	at jdk.internal.reflect.GeneratedMethodAccessor25.invoke(Unknown Source)
	at java.base/jdk.internal.reflect.DelegatingMethodAccessorImpl.invoke(DelegatingMethodAccessorImpl.java:43)
	at Выполнение бизнес-плана сверка дашбордов.CompareDZOData(Выполнение бизнес-плана сверка дашбордов:771)
	at Выполнение бизнес-плана сверка дашбордов.run(Выполнение бизнес-плана сверка дашбордов:623)
	at com.kms.katalon.core.main.ScriptEngine.run(ScriptEngine.java:194)
	at com.kms.katalon.core.main.ScriptEngine.runScriptAsRawText(ScriptEngine.java:119)
	at com.kms.katalon.core.main.TestCaseExecutor.runScript(TestCaseExecutor.java:448)
	at com.kms.katalon.core.main.TestCaseExecutor.doExecute(TestCaseExecutor.java:439)
	at com.kms.katalon.core.main.TestCaseExecutor.processExecutionPhase(TestCaseExecutor.java:418)
	at com.kms.katalon.core.main.TestCaseExecutor.accessMainPhase(TestCaseExecutor.java:410)
	at com.kms.katalon.core.main.TestCaseExecutor.execute(TestCaseExecutor.java:285)
	at com.kms.katalon.core.common.CommonExecutor.accessTestCaseMainPhase(CommonExecutor.java:65)
	at com.kms.katalon.core.main.TestSuiteExecutor.accessTestSuiteMainPhase(TestSuiteExecutor.java:150)
	at com.kms.katalon.core.main.TestSuiteExecutor.execute(TestSuiteExecutor.java:106)
	at com.kms.katalon.core.main.TestCaseMain.startTestSuite(TestCaseMain.java:180)
	at TempTestSuite1733095732962.run(TempTestSuite1733095732962.groovy:35)
	at java.base/jdk.internal.reflect.NativeMethodAccessorImpl.invoke0(Native Method)
	at java.base/jdk.internal.reflect.NativeMethodAccessorImpl.invoke(NativeMethodAccessorImpl.java:77)
	at java.base/jdk.internal.reflect.DelegatingMethodAccessorImpl.invoke(DelegatingMethodAccessorImpl.java:43)
)

02-12-2024T02:39:29 - [TEST_STEP][PASSED] - result = WriteToExcel(typeOfData, todaysDate, PercPlanR, PercPlanB, PercFactR, PercFactB, x, tabR, tabB, o1R, o1B, vidget): null

02-12-2024T02:39:29 - [TEST_STEP][PASSED] - iii = dZO.indexOf("/"): null

02-12-2024T02:39:29 - [TEST_STEP][PASSED] - println(iii): null

02-12-2024T02:39:29 - [TEST_STEP][PASSED] - dZO = dZO.substring(0, iii): null

02-12-2024T02:39:29 - [TEST_STEP][PASSED] - println(dZO): null

02-12-2024T02:39:29 - [TEST_STEP][PASSED] - println(PercPlanR): null

02-12-2024T02:39:29 - [TEST_STEP][PASSED] - println(PercPlanB): null

02-12-2024T02:39:29 - [TEST_STEP][PASSED] - println(PercFactR): null

02-12-2024T02:39:29 - [TEST_STEP][PASSED] - println(PercFactB): null

02-12-2024T02:39:29 - [TEST_STEP][PASSED] - println(tabR): null

02-12-2024T02:39:29 - [TEST_STEP][PASSED] - println(tabB): null

02-12-2024T02:39:29 - [TEST_STEP][PASSED] - println(o1R): null

02-12-2024T02:39:29 - [TEST_STEP][PASSED] - println(o1B): null

02-12-2024T02:39:29 - [TEST_STEP][PASSED] - PR = <not implemented yet for class: org.codehaus.groovy.ast.expr.EmptyExpression>: null

02-12-2024T02:39:29 - [TEST_STEP][PASSED] - FR = <not implemented yet for class: org.codehaus.groovy.ast.expr.EmptyExpression>: null

02-12-2024T02:39:29 - [TEST_STEP][PASSED] - PB = <not implemented yet for class: org.codehaus.groovy.ast.expr.EmptyExpression>: null

02-12-2024T02:39:29 - [TEST_STEP][PASSED] - FB = <not implemented yet for class: org.codehaus.groovy.ast.expr.EmptyExpression>: null

02-12-2024T02:39:29 - [TEST_STEP][PASSED] - TR = <not implemented yet for class: org.codehaus.groovy.ast.expr.EmptyExpression>: null

02-12-2024T02:39:29 - [TEST_STEP][PASSED] - TB = <not implemented yet for class: org.codehaus.groovy.ast.expr.EmptyExpression>: null

02-12-2024T02:39:29 - [TEST_STEP][PASSED] - sheetName = "Sheet1": null

02-12-2024T02:39:29 - [TEST_STEP][PASSED] - data = findTestData("PlanFact"): null

02-12-2024T02:39:30 - [TEST_STEP][PASSED] - n = data.getRowNumbers() + 1: null

02-12-2024T02:39:30 - [TEST_STEP][PASSED] - year = todaysDate.substring(todaysDate.length() - 4, todaysDate.length()): null

02-12-2024T02:39:30 - [TEST_STEP][PASSED] - y = year.toInteger(): null

02-12-2024T02:39:30 - [TEST_STEP][PASSED] - m = getText(findTestObject("Выполнение бизнес-плана/Выполнение бизнес-плана Балансы/Фильтр Дата")): Text of object 'Object Repository/Выполнение бизнес-плана/Выполнение бизнес-плана Балансы/Фильтр Дата' is: '1, 2, 3 кв., Октябрь 2024 года'

02-12-2024T02:39:30 - [MESSAGE][PASSED] - Text of object 'Object Repository/Выполнение бизнес-плана/Выполнение бизнес-плана Балансы/Фильтр Дата' is: '1, 2, 3 кв., Октябрь 2024 года'

02-12-2024T02:39:30 - [TEST_STEP][PASSED] - m = m.substring(0, m.indexOf("2024")): null

02-12-2024T02:39:30 - [TEST_STEP][PASSED] - m = m.trim(): null

02-12-2024T02:39:30 - [TEST_STEP][PASSED] - dashboardName = "Выполнение бизнес-плана": null

02-12-2024T02:39:30 - [TEST_STEP][PASSED] - workbook01 = getWorkbook(excelFilePath): null

02-12-2024T02:39:30 - [TEST_STEP][PASSED] - sheet01 = getExcelSheet(workbook01, sheetName): null

02-12-2024T02:39:30 - [TEST_STEP][PASSED] - setValueToCellByIndex(sheet01, n, 0, dashboardName): null

02-12-2024T02:39:30 - [TEST_STEP][PASSED] - setValueToCellByIndex(sheet01, n, 1, dZO): null

02-12-2024T02:39:30 - [TEST_STEP][PASSED] - setValueToCellByIndex(sheet01, n, 2, typeOfData): null

02-12-2024T02:39:30 - [TEST_STEP][PASSED] - setValueToCellByIndex(sheet01, n, 3, typeOfData): null

02-12-2024T02:39:30 - [TEST_STEP][PASSED] - if (typeOfData == "План"): null

02-12-2024T02:39:30 - [TEST_STEP][PASSED] - else if (typeOfData == "Факт"): null

02-12-2024T02:39:30 - [TEST_STEP][PASSED] - else if (vidget.contains("электроэнергии") == true): null

02-12-2024T02:39:30 - [TEST_STEP][PASSED] - if (tabR == null): null

02-12-2024T02:39:38 - [TEST_STEP][PASSED] - else: null

02-12-2024T02:39:38 - [TEST_STEP][PASSED] - if (tabR == "нет данных"): null

02-12-2024T02:39:38 - [TEST_STEP][PASSED] - setValueToCellByIndex(sheet01, n, 4, "нет данных"): null

02-12-2024T02:39:38 - [TEST_STEP][PASSED] - if (tabB == null): null

02-12-2024T02:39:38 - [TEST_STEP][PASSED] - else: null

02-12-2024T02:39:38 - [TEST_STEP][PASSED] - if (tabB == "нет данных"): null

02-12-2024T02:39:38 - [TEST_STEP][PASSED] - else: null

02-12-2024T02:39:38 - [TEST_STEP][PASSED] - TB = tabB.toInteger(): null

02-12-2024T02:39:38 - [TEST_STEP][PASSED] - setValueToCellByIndex(sheet01, n, 5, TB): null

02-12-2024T02:39:38 - [TEST_STEP][PASSED] - setValueToCellByIndex(sheet01, n, 6, m): null

02-12-2024T02:39:38 - [TEST_STEP][PASSED] - setValueToCellByIndex(sheet01, n, 7, y): null

02-12-2024T02:39:38 - [TEST_STEP][PASSED] - setValueToCellByIndex(sheet01, n, 8, todaysDate): null

02-12-2024T02:39:38 - [TEST_STEP][PASSED] - n = n + 1: null

02-12-2024T02:39:38 - [TEST_STEP][PASSED] - saveWorkbook(excelFilePath, workbook01): null

02-12-2024T02:39:38 - [TEST_STEP][PASSED] - ii2 = a.indexOf("ПАО"): null

02-12-2024T02:39:38 - [TEST_STEP][PASSED] - if (ii2 == -1): null

02-12-2024T02:39:38 - [TEST_STEP][PASSED] - vidget = "Отклонения фактического уровня потерь от бизнес-плана": null

02-12-2024T02:39:38 - [TEST_STEP][PASSED] - typeOfData = "Коэффициент": null

02-12-2024T02:39:38 - [TEST_STEP][PASSED] - o1R = Geto1R(x = a): null

02-12-2024T02:39:38 - [TEST_STEP][PASSED] - i1 = <not implemented yet for class: org.codehaus.groovy.ast.expr.EmptyExpression>: null

02-12-2024T02:39:38 - [TEST_STEP][PASSED] - ii = <not implemented yet for class: org.codehaus.groovy.ast.expr.EmptyExpression>: null

02-12-2024T02:39:38 - [TEST_STEP][PASSED] - for ([ii = 1, ii < 10, (ii++)]): null

02-12-2024T02:39:38 - [TEST_STEP][PASSED] - i1 = x.indexOf("/") + 1: null

02-12-2024T02:39:38 - [TEST_STEP][PASSED] - if (i1 > -1): null

02-12-2024T02:39:38 - [TEST_STEP][PASSED] - x = x.substring(i1, x.length()): null

02-12-2024T02:39:38 - [TEST_STEP][PASSED] - i1 = x.indexOf("/") + 1: null

02-12-2024T02:39:38 - [TEST_STEP][PASSED] - if (i1 > -1): null

02-12-2024T02:39:38 - [TEST_STEP][PASSED] - x = x.substring(i1, x.length()): null

02-12-2024T02:39:38 - [TEST_STEP][PASSED] - i1 = x.indexOf("/") + 1: null

02-12-2024T02:39:38 - [TEST_STEP][PASSED] - if (i1 > -1): null

02-12-2024T02:39:38 - [TEST_STEP][PASSED] - x = x.substring(i1, x.length()): null

02-12-2024T02:39:38 - [TEST_STEP][PASSED] - i1 = x.indexOf("/") + 1: null

02-12-2024T02:39:38 - [TEST_STEP][PASSED] - if (i1 > -1): null

02-12-2024T02:39:38 - [TEST_STEP][PASSED] - x = x.substring(i1, x.length()): null

02-12-2024T02:39:38 - [TEST_STEP][PASSED] - i1 = x.indexOf("/") + 1: null

02-12-2024T02:39:38 - [TEST_STEP][PASSED] - if (i1 > -1): null

02-12-2024T02:39:38 - [TEST_STEP][PASSED] - x = x.substring(i1, x.length()): null

02-12-2024T02:39:38 - [TEST_STEP][PASSED] - i1 = x.indexOf("/") + 1: null

02-12-2024T02:39:38 - [TEST_STEP][PASSED] - if (i1 > -1): null

02-12-2024T02:39:38 - [TEST_STEP][PASSED] - x = x.substring(i1, x.length()): null

02-12-2024T02:39:38 - [TEST_STEP][PASSED] - i1 = x.indexOf("/") + 1: null

02-12-2024T02:39:38 - [TEST_STEP][PASSED] - if (i1 > -1): null

02-12-2024T02:39:38 - [TEST_STEP][PASSED] - x = x.substring(i1, x.length()): null

02-12-2024T02:39:38 - [TEST_STEP][PASSED] - i1 = x.indexOf("/") + 1: null

02-12-2024T02:39:38 - [TEST_STEP][PASSED] - if (i1 > -1): null

02-12-2024T02:39:38 - [TEST_STEP][PASSED] - x = x.substring(i1, x.length()): null

02-12-2024T02:39:38 - [TEST_STEP][PASSED] - i1 = x.indexOf("/") + 1: null

02-12-2024T02:39:38 - [TEST_STEP][PASSED] - if (i1 > -1): null

02-12-2024T02:39:38 - [TEST_STEP][PASSED] - x = x.substring(i1, x.length()): null

02-12-2024T02:39:38 - [TEST_STEP][PASSED] - i1 = x.indexOf("/"): null

02-12-2024T02:39:38 - [TEST_STEP][PASSED] - if (i1 > -1): null

02-12-2024T02:39:38 - [TEST_STEP][PASSED] - println(x): null

02-12-2024T02:39:38 - [TEST_STEP][PASSED] - return x: null

02-12-2024T02:39:38 - [TEST_STEP][PASSED] - o1B = Geto1B(x = b): null

02-12-2024T02:39:38 - [TEST_STEP][PASSED] - i1 = <not implemented yet for class: org.codehaus.groovy.ast.expr.EmptyExpression>: null

02-12-2024T02:39:38 - [TEST_STEP][PASSED] - ii = <not implemented yet for class: org.codehaus.groovy.ast.expr.EmptyExpression>: null

02-12-2024T02:39:38 - [TEST_STEP][PASSED] - for ([ii = 1, ii < 10, (ii++)]): null

02-12-2024T02:39:38 - [TEST_STEP][PASSED] - i1 = x.indexOf("/") + 1: null

02-12-2024T02:39:38 - [TEST_STEP][PASSED] - if (i1 > -1): null

02-12-2024T02:39:38 - [TEST_STEP][PASSED] - x = x.substring(i1, x.length()): null

02-12-2024T02:39:38 - [TEST_STEP][PASSED] - i1 = x.indexOf("/") + 1: null

02-12-2024T02:39:38 - [TEST_STEP][PASSED] - if (i1 > -1): null

02-12-2024T02:39:38 - [TEST_STEP][PASSED] - x = x.substring(i1, x.length()): null

02-12-2024T02:39:38 - [TEST_STEP][PASSED] - i1 = x.indexOf("/") + 1: null

02-12-2024T02:39:38 - [TEST_STEP][PASSED] - if (i1 > -1): null

02-12-2024T02:39:38 - [TEST_STEP][PASSED] - x = x.substring(i1, x.length()): null

02-12-2024T02:39:38 - [TEST_STEP][PASSED] - i1 = x.indexOf("/") + 1: null

02-12-2024T02:39:38 - [TEST_STEP][PASSED] - if (i1 > -1): null

02-12-2024T02:39:38 - [TEST_STEP][PASSED] - x = x.substring(i1, x.length()): null

02-12-2024T02:39:38 - [TEST_STEP][PASSED] - i1 = x.indexOf("/") + 1: null

02-12-2024T02:39:38 - [TEST_STEP][PASSED] - if (i1 > -1): null

02-12-2024T02:39:38 - [TEST_STEP][PASSED] - x = x.substring(i1, x.length()): null

02-12-2024T02:39:38 - [TEST_STEP][PASSED] - i1 = x.indexOf("/") + 1: null

02-12-2024T02:39:38 - [TEST_STEP][PASSED] - if (i1 > -1): null

02-12-2024T02:39:38 - [TEST_STEP][PASSED] - x = x.substring(i1, x.length()): null

02-12-2024T02:39:38 - [TEST_STEP][PASSED] - i1 = x.indexOf("/") + 1: null

02-12-2024T02:39:38 - [TEST_STEP][PASSED] - if (i1 > -1): null

02-12-2024T02:39:38 - [TEST_STEP][PASSED] - x = x.substring(i1, x.length()): null

02-12-2024T02:39:38 - [TEST_STEP][PASSED] - i1 = x.indexOf("/") + 1: null

02-12-2024T02:39:38 - [TEST_STEP][PASSED] - if (i1 > -1): null

02-12-2024T02:39:38 - [TEST_STEP][PASSED] - x = x.substring(i1, x.length()): null

02-12-2024T02:39:38 - [TEST_STEP][PASSED] - i1 = x.indexOf("/") + 1: null

02-12-2024T02:39:38 - [TEST_STEP][PASSED] - if (i1 > -1): null

02-12-2024T02:39:38 - [TEST_STEP][PASSED] - x = x.substring(i1, x.length()): null

02-12-2024T02:39:38 - [TEST_STEP][PASSED] - i1 = x.indexOf("/"): null

02-12-2024T02:39:38 - [TEST_STEP][PASSED] - if (i1 > -1): null

02-12-2024T02:39:38 - [TEST_STEP][PASSED] - println(x): null

02-12-2024T02:39:38 - [TEST_STEP][FAILED] - return x: null

02-12-2024T02:39:38 - [TEST_STEP][PASSED] - println(o1R + "/" + o1B): null

02-12-2024T02:39:38 - [TEST_STEP][FAILED] - if (verifyEqual(PercFactR, PercFactB) == false): null

02-12-2024T02:39:38 - [MESSAGE][FAILED] - Unable to verify equal between actual object 'нет данных' and expected object '5.26' (Root cause: com.kms.katalon.core.exception.StepFailedException: Actual object 'нет данных' and expected object '5.26' are not equal
	at com.kms.katalon.core.keyword.builtin.VerifyEqualKeyword$_verifyEqual_closure1.doCall(VerifyEqualKeyword.groovy:58)
	at com.kms.katalon.core.keyword.builtin.VerifyEqualKeyword$_verifyEqual_closure1.call(VerifyEqualKeyword.groovy)
	at com.kms.katalon.core.keyword.internal.KeywordMain.runKeyword(KeywordMain.groovy:75)
	at com.kms.katalon.core.keyword.builtin.VerifyEqualKeyword.verifyEqual(VerifyEqualKeyword.groovy:63)
	at com.kms.katalon.core.keyword.builtin.VerifyEqualKeyword.execute(VerifyEqualKeyword.groovy:44)
	at com.kms.katalon.core.keyword.internal.KeywordExecutor.executeKeywordForPlatform(KeywordExecutor.groovy:74)
	at com.kms.katalon.core.keyword.BuiltinKeywords.verifyEqual(BuiltinKeywords.groovy:146)
	at jdk.internal.reflect.GeneratedMethodAccessor25.invoke(Unknown Source)
	at java.base/jdk.internal.reflect.DelegatingMethodAccessorImpl.invoke(DelegatingMethodAccessorImpl.java:43)
	at Выполнение бизнес-плана сверка дашбордов.CompareDZOData(Выполнение бизнес-плана сверка дашбордов:789)
	at Выполнение бизнес-плана сверка дашбордов.run(Выполнение бизнес-плана сверка дашбордов:623)
	at com.kms.katalon.core.main.ScriptEngine.run(ScriptEngine.java:194)
	at com.kms.katalon.core.main.ScriptEngine.runScriptAsRawText(ScriptEngine.java:119)
	at com.kms.katalon.core.main.TestCaseExecutor.runScript(TestCaseExecutor.java:448)
	at com.kms.katalon.core.main.TestCaseExecutor.doExecute(TestCaseExecutor.java:439)
	at com.kms.katalon.core.main.TestCaseExecutor.processExecutionPhase(TestCaseExecutor.java:418)
	at com.kms.katalon.core.main.TestCaseExecutor.accessMainPhase(TestCaseExecutor.java:410)
	at com.kms.katalon.core.main.TestCaseExecutor.execute(TestCaseExecutor.java:285)
	at com.kms.katalon.core.common.CommonExecutor.accessTestCaseMainPhase(CommonExecutor.java:65)
	at com.kms.katalon.core.main.TestSuiteExecutor.accessTestSuiteMainPhase(TestSuiteExecutor.java:150)
	at com.kms.katalon.core.main.TestSuiteExecutor.execute(TestSuiteExecutor.java:106)
	at com.kms.katalon.core.main.TestCaseMain.startTestSuite(TestCaseMain.java:180)
	at TempTestSuite1733095732962.run(TempTestSuite1733095732962.groovy:35)
	at java.base/jdk.internal.reflect.NativeMethodAccessorImpl.invoke0(Native Method)
	at java.base/jdk.internal.reflect.NativeMethodAccessorImpl.invoke(NativeMethodAccessorImpl.java:77)
	at java.base/jdk.internal.reflect.DelegatingMethodAccessorImpl.invoke(DelegatingMethodAccessorImpl.java:43)
)

02-12-2024T02:39:38 - [TEST_STEP][PASSED] - result = WriteToExcel(typeOfData, todaysDate, PercPlanR, PercPlanB, PercFactR, PercFactB, x, tabR, tabB, o1R, o1B, vidget): null

02-12-2024T02:39:38 - [TEST_STEP][PASSED] - iii = dZO.indexOf("/"): null

02-12-2024T02:39:38 - [TEST_STEP][PASSED] - println(iii): null

02-12-2024T02:39:38 - [TEST_STEP][PASSED] - dZO = dZO.substring(0, iii): null

02-12-2024T02:39:38 - [TEST_STEP][PASSED] - println(dZO): null

02-12-2024T02:39:38 - [TEST_STEP][PASSED] - println(PercPlanR): null

02-12-2024T02:39:38 - [TEST_STEP][PASSED] - println(PercPlanB): null

02-12-2024T02:39:38 - [TEST_STEP][PASSED] - println(PercFactR): null

02-12-2024T02:39:38 - [TEST_STEP][PASSED] - println(PercFactB): null

02-12-2024T02:39:38 - [TEST_STEP][PASSED] - println(tabR): null

02-12-2024T02:39:38 - [TEST_STEP][PASSED] - println(tabB): null

02-12-2024T02:39:38 - [TEST_STEP][PASSED] - println(o1R): null

02-12-2024T02:39:38 - [TEST_STEP][PASSED] - println(o1B): null

02-12-2024T02:39:38 - [TEST_STEP][PASSED] - PR = <not implemented yet for class: org.codehaus.groovy.ast.expr.EmptyExpression>: null

02-12-2024T02:39:38 - [TEST_STEP][PASSED] - FR = <not implemented yet for class: org.codehaus.groovy.ast.expr.EmptyExpression>: null

02-12-2024T02:39:38 - [TEST_STEP][PASSED] - PB = <not implemented yet for class: org.codehaus.groovy.ast.expr.EmptyExpression>: null

02-12-2024T02:39:38 - [TEST_STEP][PASSED] - FB = <not implemented yet for class: org.codehaus.groovy.ast.expr.EmptyExpression>: null

02-12-2024T02:39:38 - [TEST_STEP][PASSED] - TR = <not implemented yet for class: org.codehaus.groovy.ast.expr.EmptyExpression>: null

02-12-2024T02:39:38 - [TEST_STEP][PASSED] - TB = <not implemented yet for class: org.codehaus.groovy.ast.expr.EmptyExpression>: null

02-12-2024T02:39:38 - [TEST_STEP][PASSED] - sheetName = "Sheet1": null

02-12-2024T02:39:38 - [TEST_STEP][PASSED] - data = findTestData("PlanFact"): null

02-12-2024T02:39:38 - [TEST_STEP][PASSED] - n = data.getRowNumbers() + 1: null

02-12-2024T02:39:38 - [TEST_STEP][PASSED] - year = todaysDate.substring(todaysDate.length() - 4, todaysDate.length()): null

02-12-2024T02:39:38 - [TEST_STEP][PASSED] - y = year.toInteger(): null

02-12-2024T02:39:38 - [TEST_STEP][PASSED] - m = getText(findTestObject("Выполнение бизнес-плана/Выполнение бизнес-плана Балансы/Фильтр Дата")): Text of object 'Object Repository/Выполнение бизнес-плана/Выполнение бизнес-плана Балансы/Фильтр Дата' is: '1, 2, 3 кв., Октябрь 2024 года'

02-12-2024T02:39:39 - [MESSAGE][PASSED] - Text of object 'Object Repository/Выполнение бизнес-плана/Выполнение бизнес-плана Балансы/Фильтр Дата' is: '1, 2, 3 кв., Октябрь 2024 года'

02-12-2024T02:39:39 - [TEST_STEP][PASSED] - m = m.substring(0, m.indexOf("2024")): null

02-12-2024T02:39:39 - [TEST_STEP][PASSED] - m = m.trim(): null

02-12-2024T02:39:39 - [TEST_STEP][PASSED] - dashboardName = "Выполнение бизнес-плана": null

02-12-2024T02:39:39 - [TEST_STEP][PASSED] - workbook01 = getWorkbook(excelFilePath): null

02-12-2024T02:39:39 - [TEST_STEP][PASSED] - sheet01 = getExcelSheet(workbook01, sheetName): null

02-12-2024T02:39:39 - [TEST_STEP][PASSED] - setValueToCellByIndex(sheet01, n, 0, dashboardName): null

02-12-2024T02:39:39 - [TEST_STEP][PASSED] - setValueToCellByIndex(sheet01, n, 1, dZO): null

02-12-2024T02:39:39 - [TEST_STEP][PASSED] - setValueToCellByIndex(sheet01, n, 2, typeOfData): null

02-12-2024T02:39:39 - [TEST_STEP][PASSED] - setValueToCellByIndex(sheet01, n, 3, typeOfData): null

02-12-2024T02:39:39 - [TEST_STEP][PASSED] - if (typeOfData == "План"): null

02-12-2024T02:39:39 - [TEST_STEP][PASSED] - else if (typeOfData == "Факт"): null

02-12-2024T02:39:39 - [TEST_STEP][PASSED] - else if (vidget.contains("электроэнергии") == true): null

02-12-2024T02:39:39 - [TEST_STEP][PASSED] - else: null

02-12-2024T02:39:39 - [TEST_STEP][PASSED] - if (o1R == null): null

02-12-2024T02:39:39 - [TEST_STEP][PASSED] - else: null

02-12-2024T02:39:39 - [TEST_STEP][PASSED] - if (o1R == "нет данных"): null

02-12-2024T02:39:39 - [TEST_STEP][PASSED] - setValueToCellByIndex(sheet01, n, 4, "нет данных"): null

02-12-2024T02:39:39 - [TEST_STEP][PASSED] - if (o1B == null): null

02-12-2024T02:39:39 - [TEST_STEP][PASSED] - else: null

02-12-2024T02:39:39 - [TEST_STEP][PASSED] - if (o1B == "нет данных"): null

02-12-2024T02:39:39 - [TEST_STEP][PASSED] - else: null

02-12-2024T02:39:39 - [TEST_STEP][PASSED] - FB = o1B.toDouble(): null

02-12-2024T02:39:39 - [TEST_STEP][PASSED] - setValueToCellByIndex(sheet01, n, 5, FB): null

02-12-2024T02:39:39 - [TEST_STEP][PASSED] - setValueToCellByIndex(sheet01, n, 6, m): null

02-12-2024T02:39:39 - [TEST_STEP][PASSED] - setValueToCellByIndex(sheet01, n, 7, y): null

02-12-2024T02:39:39 - [TEST_STEP][PASSED] - setValueToCellByIndex(sheet01, n, 8, todaysDate): null

02-12-2024T02:39:39 - [TEST_STEP][PASSED] - n = n + 1: null

02-12-2024T02:39:39 - [TEST_STEP][FAILED] - saveWorkbook(excelFilePath, workbook01): null

02-12-2024T02:39:39 - [TEST_STEP][PASSED] - if (verifyEqual(siR, siB) == false): Actual object 'Россети Сибирь (ГК)/6.97/6.92/46928172/43678766/3249406/44875501/41746891/3128610/-0.05' and expected object 'Россети Сибирь (ГК)/6.97/6.92/46928172/43678766/3249406/44875501/41746891/3128610/-0.05' are equal

02-12-2024T02:39:39 - [MESSAGE][PASSED] - Actual object 'Россети Сибирь (ГК)/6.97/6.92/46928172/43678766/3249406/44875501/41746891/3128610/-0.05' and expected object 'Россети Сибирь (ГК)/6.97/6.92/46928172/43678766/3249406/44875501/41746891/3128610/-0.05' are equal

02-12-2024T02:39:39 - [TEST_STEP][FAILED] - if (verifyEqual(tomR, tomB) == false): null

02-12-2024T02:39:39 - [MESSAGE][FAILED] - Unable to verify equal between actual object 'Россети Томск/нет данных/нет данных/нет данных/нет данных/нет данных/нет данных/нет данных/нет данных/нет данных' and expected object 'Россети Томск/8.29/8.28/4235220/3884378/350842/4062314/3725557/336757/-0.01' (Root cause: com.kms.katalon.core.exception.StepFailedException: Actual object 'Россети Томск/нет данных/нет данных/нет данных/нет данных/нет данных/нет данных/нет данных/нет данных/нет данных' and expected object 'Россети Томск/8.29/8.28/4235220/3884378/350842/4062314/3725557/336757/-0.01' are not equal
	at com.kms.katalon.core.keyword.builtin.VerifyEqualKeyword$_verifyEqual_closure1.doCall(VerifyEqualKeyword.groovy:58)
	at com.kms.katalon.core.keyword.builtin.VerifyEqualKeyword$_verifyEqual_closure1.call(VerifyEqualKeyword.groovy)
	at com.kms.katalon.core.keyword.internal.KeywordMain.runKeyword(KeywordMain.groovy:75)
	at com.kms.katalon.core.keyword.builtin.VerifyEqualKeyword.verifyEqual(VerifyEqualKeyword.groovy:63)
	at com.kms.katalon.core.keyword.builtin.VerifyEqualKeyword.execute(VerifyEqualKeyword.groovy:44)
	at com.kms.katalon.core.keyword.internal.KeywordExecutor.executeKeywordForPlatform(KeywordExecutor.groovy:74)
	at com.kms.katalon.core.keyword.BuiltinKeywords.verifyEqual(BuiltinKeywords.groovy:146)
	at jdk.internal.reflect.GeneratedMethodAccessor25.invoke(Unknown Source)
	at java.base/jdk.internal.reflect.DelegatingMethodAccessorImpl.invoke(DelegatingMethodAccessorImpl.java:43)
	at Выполнение бизнес-плана сверка дашбордов.run(Выполнение бизнес-плана сверка дашбордов:632)
	at com.kms.katalon.core.main.ScriptEngine.run(ScriptEngine.java:194)
	at com.kms.katalon.core.main.ScriptEngine.runScriptAsRawText(ScriptEngine.java:119)
	at com.kms.katalon.core.main.TestCaseExecutor.runScript(TestCaseExecutor.java:448)
	at com.kms.katalon.core.main.TestCaseExecutor.doExecute(TestCaseExecutor.java:439)
	at com.kms.katalon.core.main.TestCaseExecutor.processExecutionPhase(TestCaseExecutor.java:418)
	at com.kms.katalon.core.main.TestCaseExecutor.accessMainPhase(TestCaseExecutor.java:410)
	at com.kms.katalon.core.main.TestCaseExecutor.execute(TestCaseExecutor.java:285)
	at com.kms.katalon.core.common.CommonExecutor.accessTestCaseMainPhase(CommonExecutor.java:65)
	at com.kms.katalon.core.main.TestSuiteExecutor.accessTestSuiteMainPhase(TestSuiteExecutor.java:150)
	at com.kms.katalon.core.main.TestSuiteExecutor.execute(TestSuiteExecutor.java:106)
	at com.kms.katalon.core.main.TestCaseMain.startTestSuite(TestCaseMain.java:180)
	at TempTestSuite1733095732962.run(TempTestSuite1733095732962.groovy:35)
	at java.base/jdk.internal.reflect.NativeMethodAccessorImpl.invoke0(Native Method)
	at java.base/jdk.internal.reflect.NativeMethodAccessorImpl.invoke(NativeMethodAccessorImpl.java:77)
	at java.base/jdk.internal.reflect.DelegatingMethodAccessorImpl.invoke(DelegatingMethodAccessorImpl.java:43)
)

02-12-2024T02:39:39 - [TEST_STEP][PASSED] - result = CompareDZOData(a = tomR, b = tomB, dZO, typeOfData, PercPlanR, PercPlanB, PercFactR, PercFactB, todaysDate, x, vidget, tabR, tabB, o1R, o1B): null

02-12-2024T02:39:39 - [TEST_STEP][PASSED] - ii2 = <not implemented yet for class: org.codehaus.groovy.ast.expr.EmptyExpression>: null

02-12-2024T02:39:39 - [TEST_STEP][FAILED] - if (verifyEqual(a, b) == false): null

02-12-2024T02:39:39 - [MESSAGE][FAILED] - Unable to verify equal between actual object 'Россети Томск/нет данных/нет данных/нет данных/нет данных/нет данных/нет данных/нет данных/нет данных/нет данных' and expected object 'Россети Томск/8.29/8.28/4235220/3884378/350842/4062314/3725557/336757/-0.01' (Root cause: com.kms.katalon.core.exception.StepFailedException: Actual object 'Россети Томск/нет данных/нет данных/нет данных/нет данных/нет данных/нет данных/нет данных/нет данных/нет данных' and expected object 'Россети Томск/8.29/8.28/4235220/3884378/350842/4062314/3725557/336757/-0.01' are not equal
	at com.kms.katalon.core.keyword.builtin.VerifyEqualKeyword$_verifyEqual_closure1.doCall(VerifyEqualKeyword.groovy:58)
	at com.kms.katalon.core.keyword.builtin.VerifyEqualKeyword$_verifyEqual_closure1.call(VerifyEqualKeyword.groovy)
	at com.kms.katalon.core.keyword.internal.KeywordMain.runKeyword(KeywordMain.groovy:75)
	at com.kms.katalon.core.keyword.builtin.VerifyEqualKeyword.verifyEqual(VerifyEqualKeyword.groovy:63)
	at com.kms.katalon.core.keyword.builtin.VerifyEqualKeyword.execute(VerifyEqualKeyword.groovy:44)
	at com.kms.katalon.core.keyword.internal.KeywordExecutor.executeKeywordForPlatform(KeywordExecutor.groovy:74)
	at com.kms.katalon.core.keyword.BuiltinKeywords.verifyEqual(BuiltinKeywords.groovy:146)
	at jdk.internal.reflect.GeneratedMethodAccessor25.invoke(Unknown Source)
	at java.base/jdk.internal.reflect.DelegatingMethodAccessorImpl.invoke(DelegatingMethodAccessorImpl.java:43)
	at Выполнение бизнес-плана сверка дашбордов.CompareDZOData(Выполнение бизнес-плана сверка дашбордов:673)
	at Выполнение бизнес-плана сверка дашбордов.run(Выполнение бизнес-плана сверка дашбордов:633)
	at com.kms.katalon.core.main.ScriptEngine.run(ScriptEngine.java:194)
	at com.kms.katalon.core.main.ScriptEngine.runScriptAsRawText(ScriptEngine.java:119)
	at com.kms.katalon.core.main.TestCaseExecutor.runScript(TestCaseExecutor.java:448)
	at com.kms.katalon.core.main.TestCaseExecutor.doExecute(TestCaseExecutor.java:439)
	at com.kms.katalon.core.main.TestCaseExecutor.processExecutionPhase(TestCaseExecutor.java:418)
	at com.kms.katalon.core.main.TestCaseExecutor.accessMainPhase(TestCaseExecutor.java:410)
	at com.kms.katalon.core.main.TestCaseExecutor.execute(TestCaseExecutor.java:285)
	at com.kms.katalon.core.common.CommonExecutor.accessTestCaseMainPhase(CommonExecutor.java:65)
	at com.kms.katalon.core.main.TestSuiteExecutor.accessTestSuiteMainPhase(TestSuiteExecutor.java:150)
	at com.kms.katalon.core.main.TestSuiteExecutor.execute(TestSuiteExecutor.java:106)
	at com.kms.katalon.core.main.TestCaseMain.startTestSuite(TestCaseMain.java:180)
	at TempTestSuite1733095732962.run(TempTestSuite1733095732962.groovy:35)
	at java.base/jdk.internal.reflect.NativeMethodAccessorImpl.invoke0(Native Method)
	at java.base/jdk.internal.reflect.NativeMethodAccessorImpl.invoke(NativeMethodAccessorImpl.java:77)
	at java.base/jdk.internal.reflect.DelegatingMethodAccessorImpl.invoke(DelegatingMethodAccessorImpl.java:43)
)

02-12-2024T02:39:39 - [TEST_STEP][PASSED] - vidget = "Уровень потерь электроэнергии": null

02-12-2024T02:39:39 - [TEST_STEP][PASSED] - typeOfData = "План": null

02-12-2024T02:39:39 - [TEST_STEP][PASSED] - PercPlanR = GetPercPlanR(x = a): null

02-12-2024T02:39:39 - [TEST_STEP][PASSED] - i1 = <not implemented yet for class: org.codehaus.groovy.ast.expr.EmptyExpression>: null

02-12-2024T02:39:39 - [TEST_STEP][PASSED] - i1 = x.indexOf("/") + 1: null

02-12-2024T02:39:39 - [TEST_STEP][PASSED] - if (i1 > -1): null

02-12-2024T02:39:39 - [TEST_STEP][PASSED] - x = x.substring(i1, x.length()): null

02-12-2024T02:39:39 - [TEST_STEP][PASSED] - i1 = x.indexOf("/"): null

02-12-2024T02:39:39 - [TEST_STEP][PASSED] - if (i1 > -1): null

02-12-2024T02:39:39 - [TEST_STEP][PASSED] - x = x.substring(0, i1): null

02-12-2024T02:39:39 - [TEST_STEP][PASSED] - return x: null

02-12-2024T02:39:39 - [TEST_STEP][PASSED] - PercPlanB = GetPercPlanB(x = b): null

02-12-2024T02:39:39 - [TEST_STEP][PASSED] - i1 = <not implemented yet for class: org.codehaus.groovy.ast.expr.EmptyExpression>: null

02-12-2024T02:39:39 - [TEST_STEP][PASSED] - i1 = x.indexOf("/") + 1: null

02-12-2024T02:39:39 - [TEST_STEP][PASSED] - if (i1 > -1): null

02-12-2024T02:39:39 - [TEST_STEP][PASSED] - x = x.substring(i1, x.length()): null

02-12-2024T02:39:39 - [TEST_STEP][PASSED] - i1 = x.indexOf("/"): null

02-12-2024T02:39:39 - [TEST_STEP][PASSED] - if (i1 > -1): null

02-12-2024T02:39:39 - [TEST_STEP][PASSED] - x = x.substring(0, i1): null

02-12-2024T02:39:39 - [TEST_STEP][FAILED] - return x: null

02-12-2024T02:39:39 - [TEST_STEP][FAILED] - if (verifyEqual(PercPlanR, PercPlanB) == false): null

02-12-2024T02:39:39 - [MESSAGE][FAILED] - Unable to verify equal between actual object 'нет данных' and expected object '8.29' (Root cause: com.kms.katalon.core.exception.StepFailedException: Actual object 'нет данных' and expected object '8.29' are not equal
	at com.kms.katalon.core.keyword.builtin.VerifyEqualKeyword$_verifyEqual_closure1.doCall(VerifyEqualKeyword.groovy:58)
	at com.kms.katalon.core.keyword.builtin.VerifyEqualKeyword$_verifyEqual_closure1.call(VerifyEqualKeyword.groovy)
	at com.kms.katalon.core.keyword.internal.KeywordMain.runKeyword(KeywordMain.groovy:75)
	at com.kms.katalon.core.keyword.builtin.VerifyEqualKeyword.verifyEqual(VerifyEqualKeyword.groovy:63)
	at com.kms.katalon.core.keyword.builtin.VerifyEqualKeyword.execute(VerifyEqualKeyword.groovy:44)
	at com.kms.katalon.core.keyword.internal.KeywordExecutor.executeKeywordForPlatform(KeywordExecutor.groovy:74)
	at com.kms.katalon.core.keyword.BuiltinKeywords.verifyEqual(BuiltinKeywords.groovy:146)
	at jdk.internal.reflect.GeneratedMethodAccessor25.invoke(Unknown Source)
	at java.base/jdk.internal.reflect.DelegatingMethodAccessorImpl.invoke(DelegatingMethodAccessorImpl.java:43)
	at Выполнение бизнес-плана сверка дашбордов.CompareDZOData(Выполнение бизнес-плана сверка дашбордов:682)
	at Выполнение бизнес-плана сверка дашбордов.run(Выполнение бизнес-плана сверка дашбордов:633)
	at com.kms.katalon.core.main.ScriptEngine.run(ScriptEngine.java:194)
	at com.kms.katalon.core.main.ScriptEngine.runScriptAsRawText(ScriptEngine.java:119)
	at com.kms.katalon.core.main.TestCaseExecutor.runScript(TestCaseExecutor.java:448)
	at com.kms.katalon.core.main.TestCaseExecutor.doExecute(TestCaseExecutor.java:439)
	at com.kms.katalon.core.main.TestCaseExecutor.processExecutionPhase(TestCaseExecutor.java:418)
	at com.kms.katalon.core.main.TestCaseExecutor.accessMainPhase(TestCaseExecutor.java:410)
	at com.kms.katalon.core.main.TestCaseExecutor.execute(TestCaseExecutor.java:285)
	at com.kms.katalon.core.common.CommonExecutor.accessTestCaseMainPhase(CommonExecutor.java:65)
	at com.kms.katalon.core.main.TestSuiteExecutor.accessTestSuiteMainPhase(TestSuiteExecutor.java:150)
	at com.kms.katalon.core.main.TestSuiteExecutor.execute(TestSuiteExecutor.java:106)
	at com.kms.katalon.core.main.TestCaseMain.startTestSuite(TestCaseMain.java:180)
	at TempTestSuite1733095732962.run(TempTestSuite1733095732962.groovy:35)
	at java.base/jdk.internal.reflect.NativeMethodAccessorImpl.invoke0(Native Method)
	at java.base/jdk.internal.reflect.NativeMethodAccessorImpl.invoke(NativeMethodAccessorImpl.java:77)
	at java.base/jdk.internal.reflect.DelegatingMethodAccessorImpl.invoke(DelegatingMethodAccessorImpl.java:43)
)

02-12-2024T02:39:39 - [TEST_STEP][PASSED] - result = WriteToExcel(typeOfData, todaysDate, PercPlanR, PercPlanB, PercFactR, PercFactB, x, tabR, tabB, o1R, o1B, vidget): null

02-12-2024T02:39:39 - [TEST_STEP][PASSED] - iii = dZO.indexOf("/"): null

02-12-2024T02:39:39 - [TEST_STEP][PASSED] - println(iii): null

02-12-2024T02:39:39 - [TEST_STEP][PASSED] - dZO = dZO.substring(0, iii): null

02-12-2024T02:39:39 - [TEST_STEP][PASSED] - println(dZO): null

02-12-2024T02:39:39 - [TEST_STEP][PASSED] - println(PercPlanR): null

02-12-2024T02:39:39 - [TEST_STEP][PASSED] - println(PercPlanB): null

02-12-2024T02:39:39 - [TEST_STEP][PASSED] - println(PercFactR): null

02-12-2024T02:39:39 - [TEST_STEP][PASSED] - println(PercFactB): null

02-12-2024T02:39:39 - [TEST_STEP][PASSED] - println(tabR): null

02-12-2024T02:39:39 - [TEST_STEP][PASSED] - println(tabB): null

02-12-2024T02:39:39 - [TEST_STEP][PASSED] - println(o1R): null

02-12-2024T02:39:39 - [TEST_STEP][PASSED] - println(o1B): null

02-12-2024T02:39:39 - [TEST_STEP][PASSED] - PR = <not implemented yet for class: org.codehaus.groovy.ast.expr.EmptyExpression>: null

02-12-2024T02:39:39 - [TEST_STEP][PASSED] - FR = <not implemented yet for class: org.codehaus.groovy.ast.expr.EmptyExpression>: null

02-12-2024T02:39:39 - [TEST_STEP][PASSED] - PB = <not implemented yet for class: org.codehaus.groovy.ast.expr.EmptyExpression>: null

02-12-2024T02:39:39 - [TEST_STEP][PASSED] - FB = <not implemented yet for class: org.codehaus.groovy.ast.expr.EmptyExpression>: null

02-12-2024T02:39:39 - [TEST_STEP][PASSED] - TR = <not implemented yet for class: org.codehaus.groovy.ast.expr.EmptyExpression>: null

02-12-2024T02:39:39 - [TEST_STEP][PASSED] - TB = <not implemented yet for class: org.codehaus.groovy.ast.expr.EmptyExpression>: null

02-12-2024T02:39:39 - [TEST_STEP][PASSED] - sheetName = "Sheet1": null

02-12-2024T02:39:39 - [TEST_STEP][PASSED] - data = findTestData("PlanFact"): null

02-12-2024T02:39:39 - [TEST_STEP][PASSED] - n = data.getRowNumbers() + 1: null

02-12-2024T02:39:39 - [TEST_STEP][PASSED] - year = todaysDate.substring(todaysDate.length() - 4, todaysDate.length()): null

02-12-2024T02:39:39 - [TEST_STEP][PASSED] - y = year.toInteger(): null

02-12-2024T02:39:39 - [TEST_STEP][PASSED] - m = getText(findTestObject("Выполнение бизнес-плана/Выполнение бизнес-плана Балансы/Фильтр Дата")): Text of object 'Object Repository/Выполнение бизнес-плана/Выполнение бизнес-плана Балансы/Фильтр Дата' is: '1, 2, 3 кв., Октябрь 2024 года'

02-12-2024T02:39:39 - [MESSAGE][PASSED] - Text of object 'Object Repository/Выполнение бизнес-плана/Выполнение бизнес-плана Балансы/Фильтр Дата' is: '1, 2, 3 кв., Октябрь 2024 года'

02-12-2024T02:39:39 - [TEST_STEP][PASSED] - m = m.substring(0, m.indexOf("2024")): null

02-12-2024T02:39:39 - [TEST_STEP][PASSED] - m = m.trim(): null

02-12-2024T02:39:39 - [TEST_STEP][PASSED] - dashboardName = "Выполнение бизнес-плана": null

02-12-2024T02:39:39 - [TEST_STEP][PASSED] - workbook01 = getWorkbook(excelFilePath): null

02-12-2024T02:39:39 - [TEST_STEP][PASSED] - sheet01 = getExcelSheet(workbook01, sheetName): null

02-12-2024T02:39:39 - [TEST_STEP][PASSED] - setValueToCellByIndex(sheet01, n, 0, dashboardName): null

02-12-2024T02:39:39 - [TEST_STEP][PASSED] - setValueToCellByIndex(sheet01, n, 1, dZO): null

02-12-2024T02:39:39 - [TEST_STEP][PASSED] - setValueToCellByIndex(sheet01, n, 2, typeOfData): null

02-12-2024T02:39:39 - [TEST_STEP][PASSED] - setValueToCellByIndex(sheet01, n, 3, typeOfData): null

02-12-2024T02:39:39 - [TEST_STEP][PASSED] - if (typeOfData == "План"): null

02-12-2024T02:39:39 - [TEST_STEP][PASSED] - if (PercPlanR == null): null

02-12-2024T02:39:39 - [TEST_STEP][PASSED] - else: null

02-12-2024T02:39:39 - [TEST_STEP][PASSED] - if (PercPlanR == "нет данных"): null

02-12-2024T02:39:39 - [TEST_STEP][PASSED] - setValueToCellByIndex(sheet01, n, 4, "нет данных"): null

02-12-2024T02:39:39 - [TEST_STEP][PASSED] - if (PercPlanB == null): null

02-12-2024T02:39:39 - [TEST_STEP][PASSED] - else: null

02-12-2024T02:39:39 - [TEST_STEP][PASSED] - if (PercPlanB == "нет данных"): null

02-12-2024T02:39:39 - [TEST_STEP][PASSED] - else: null

02-12-2024T02:39:39 - [TEST_STEP][PASSED] - PB = PercPlanB.toDouble(): null

02-12-2024T02:39:39 - [TEST_STEP][PASSED] - setValueToCellByIndex(sheet01, n, 5, PB): null

02-12-2024T02:39:39 - [TEST_STEP][PASSED] - setValueToCellByIndex(sheet01, n, 6, m): null

02-12-2024T02:39:39 - [TEST_STEP][PASSED] - setValueToCellByIndex(sheet01, n, 7, y): null

02-12-2024T02:39:39 - [TEST_STEP][PASSED] - setValueToCellByIndex(sheet01, n, 8, todaysDate): null

02-12-2024T02:39:39 - [TEST_STEP][PASSED] - n = n + 1: null

02-12-2024T02:39:39 - [TEST_STEP][PASSED] - saveWorkbook(excelFilePath, workbook01): null

02-12-2024T02:39:39 - [TEST_STEP][PASSED] - typeOfData = "Факт": null

02-12-2024T02:39:39 - [TEST_STEP][PASSED] - PercFactR = GetPercFactR(x = a): null

02-12-2024T02:39:39 - [TEST_STEP][PASSED] - i1 = <not implemented yet for class: org.codehaus.groovy.ast.expr.EmptyExpression>: null

02-12-2024T02:39:39 - [TEST_STEP][PASSED] - ii = <not implemented yet for class: org.codehaus.groovy.ast.expr.EmptyExpression>: null

02-12-2024T02:39:39 - [TEST_STEP][PASSED] - for ([ii = 1, ii < 3, (ii++)]): null

02-12-2024T02:39:39 - [TEST_STEP][PASSED] - i1 = x.indexOf("/") + 1: null

02-12-2024T02:39:39 - [TEST_STEP][PASSED] - if (i1 > -1): null

02-12-2024T02:39:39 - [TEST_STEP][PASSED] - x = x.substring(i1, x.length()): null

02-12-2024T02:39:39 - [TEST_STEP][PASSED] - println(x): null

02-12-2024T02:39:39 - [TEST_STEP][PASSED] - i1 = x.indexOf("/") + 1: null

02-12-2024T02:39:39 - [TEST_STEP][PASSED] - if (i1 > -1): null

02-12-2024T02:39:39 - [TEST_STEP][PASSED] - x = x.substring(i1, x.length()): null

02-12-2024T02:39:39 - [TEST_STEP][PASSED] - println(x): null

02-12-2024T02:39:39 - [TEST_STEP][PASSED] - i1 = x.indexOf("/"): null

02-12-2024T02:39:39 - [TEST_STEP][PASSED] - if (i1 > -1): null

02-12-2024T02:39:39 - [TEST_STEP][PASSED] - x = x.substring(0, i1): null

02-12-2024T02:39:39 - [TEST_STEP][PASSED] - println(x): null

02-12-2024T02:39:39 - [TEST_STEP][PASSED] - return x: null

02-12-2024T02:39:39 - [TEST_STEP][PASSED] - PercFactB = GetPercFactB(x = b): null

02-12-2024T02:39:39 - [TEST_STEP][PASSED] - i1 = <not implemented yet for class: org.codehaus.groovy.ast.expr.EmptyExpression>: null

02-12-2024T02:39:39 - [TEST_STEP][PASSED] - ii = <not implemented yet for class: org.codehaus.groovy.ast.expr.EmptyExpression>: null

02-12-2024T02:39:39 - [TEST_STEP][PASSED] - for ([ii = 1, ii < 3, (ii++)]): null

02-12-2024T02:39:39 - [TEST_STEP][PASSED] - i1 = x.indexOf("/") + 1: null

02-12-2024T02:39:39 - [TEST_STEP][PASSED] - if (i1 > -1): null

02-12-2024T02:39:39 - [TEST_STEP][PASSED] - x = x.substring(i1, x.length()): null

02-12-2024T02:39:39 - [TEST_STEP][PASSED] - println(x): null

02-12-2024T02:39:39 - [TEST_STEP][PASSED] - i1 = x.indexOf("/") + 1: null

02-12-2024T02:39:39 - [TEST_STEP][PASSED] - if (i1 > -1): null

02-12-2024T02:39:39 - [TEST_STEP][PASSED] - x = x.substring(i1, x.length()): null

02-12-2024T02:39:39 - [TEST_STEP][PASSED] - println(x): null

02-12-2024T02:39:39 - [TEST_STEP][PASSED] - i1 = x.indexOf("/"): null

02-12-2024T02:39:39 - [TEST_STEP][PASSED] - if (i1 > -1): null

02-12-2024T02:39:39 - [TEST_STEP][PASSED] - x = x.substring(0, i1): null

02-12-2024T02:39:39 - [TEST_STEP][PASSED] - println(x): null

02-12-2024T02:39:39 - [TEST_STEP][FAILED] - return x: null

02-12-2024T02:39:39 - [TEST_STEP][FAILED] - if (verifyEqual(PercFactR, PercFactB) == false): null

02-12-2024T02:39:39 - [MESSAGE][FAILED] - Unable to verify equal between actual object 'нет данных' and expected object '8.28' (Root cause: com.kms.katalon.core.exception.StepFailedException: Actual object 'нет данных' and expected object '8.28' are not equal
	at com.kms.katalon.core.keyword.builtin.VerifyEqualKeyword$_verifyEqual_closure1.doCall(VerifyEqualKeyword.groovy:58)
	at com.kms.katalon.core.keyword.builtin.VerifyEqualKeyword$_verifyEqual_closure1.call(VerifyEqualKeyword.groovy)
	at com.kms.katalon.core.keyword.internal.KeywordMain.runKeyword(KeywordMain.groovy:75)
	at com.kms.katalon.core.keyword.builtin.VerifyEqualKeyword.verifyEqual(VerifyEqualKeyword.groovy:63)
	at com.kms.katalon.core.keyword.builtin.VerifyEqualKeyword.execute(VerifyEqualKeyword.groovy:44)
	at com.kms.katalon.core.keyword.internal.KeywordExecutor.executeKeywordForPlatform(KeywordExecutor.groovy:74)
	at com.kms.katalon.core.keyword.BuiltinKeywords.verifyEqual(BuiltinKeywords.groovy:146)
	at jdk.internal.reflect.GeneratedMethodAccessor25.invoke(Unknown Source)
	at java.base/jdk.internal.reflect.DelegatingMethodAccessorImpl.invoke(DelegatingMethodAccessorImpl.java:43)
	at Выполнение бизнес-плана сверка дашбордов.CompareDZOData(Выполнение бизнес-плана сверка дашбордов:693)
	at Выполнение бизнес-плана сверка дашбордов.run(Выполнение бизнес-плана сверка дашбордов:633)
	at com.kms.katalon.core.main.ScriptEngine.run(ScriptEngine.java:194)
	at com.kms.katalon.core.main.ScriptEngine.runScriptAsRawText(ScriptEngine.java:119)
	at com.kms.katalon.core.main.TestCaseExecutor.runScript(TestCaseExecutor.java:448)
	at com.kms.katalon.core.main.TestCaseExecutor.doExecute(TestCaseExecutor.java:439)
	at com.kms.katalon.core.main.TestCaseExecutor.processExecutionPhase(TestCaseExecutor.java:418)
	at com.kms.katalon.core.main.TestCaseExecutor.accessMainPhase(TestCaseExecutor.java:410)
	at com.kms.katalon.core.main.TestCaseExecutor.execute(TestCaseExecutor.java:285)
	at com.kms.katalon.core.common.CommonExecutor.accessTestCaseMainPhase(CommonExecutor.java:65)
	at com.kms.katalon.core.main.TestSuiteExecutor.accessTestSuiteMainPhase(TestSuiteExecutor.java:150)
	at com.kms.katalon.core.main.TestSuiteExecutor.execute(TestSuiteExecutor.java:106)
	at com.kms.katalon.core.main.TestCaseMain.startTestSuite(TestCaseMain.java:180)
	at TempTestSuite1733095732962.run(TempTestSuite1733095732962.groovy:35)
	at java.base/jdk.internal.reflect.NativeMethodAccessorImpl.invoke0(Native Method)
	at java.base/jdk.internal.reflect.NativeMethodAccessorImpl.invoke(NativeMethodAccessorImpl.java:77)
	at java.base/jdk.internal.reflect.DelegatingMethodAccessorImpl.invoke(DelegatingMethodAccessorImpl.java:43)
)

02-12-2024T02:39:39 - [TEST_STEP][PASSED] - result = WriteToExcel(typeOfData, todaysDate, PercPlanR, PercPlanB, PercFactR, PercFactB, x, tabR, tabB, o1R, o1B, vidget): null

02-12-2024T02:39:39 - [TEST_STEP][PASSED] - iii = dZO.indexOf("/"): null

02-12-2024T02:39:39 - [TEST_STEP][PASSED] - println(iii): null

02-12-2024T02:39:39 - [TEST_STEP][PASSED] - dZO = dZO.substring(0, iii): null

02-12-2024T02:39:39 - [TEST_STEP][PASSED] - println(dZO): null

02-12-2024T02:39:39 - [TEST_STEP][PASSED] - println(PercPlanR): null

02-12-2024T02:39:39 - [TEST_STEP][PASSED] - println(PercPlanB): null

02-12-2024T02:39:39 - [TEST_STEP][PASSED] - println(PercFactR): null

02-12-2024T02:39:39 - [TEST_STEP][PASSED] - println(PercFactB): null

02-12-2024T02:39:39 - [TEST_STEP][PASSED] - println(tabR): null

02-12-2024T02:39:39 - [TEST_STEP][PASSED] - println(tabB): null

02-12-2024T02:39:39 - [TEST_STEP][PASSED] - println(o1R): null

02-12-2024T02:39:39 - [TEST_STEP][PASSED] - println(o1B): null

02-12-2024T02:39:39 - [TEST_STEP][PASSED] - PR = <not implemented yet for class: org.codehaus.groovy.ast.expr.EmptyExpression>: null

02-12-2024T02:39:39 - [TEST_STEP][PASSED] - FR = <not implemented yet for class: org.codehaus.groovy.ast.expr.EmptyExpression>: null

02-12-2024T02:39:39 - [TEST_STEP][PASSED] - PB = <not implemented yet for class: org.codehaus.groovy.ast.expr.EmptyExpression>: null

02-12-2024T02:39:39 - [TEST_STEP][PASSED] - FB = <not implemented yet for class: org.codehaus.groovy.ast.expr.EmptyExpression>: null

02-12-2024T02:39:39 - [TEST_STEP][PASSED] - TR = <not implemented yet for class: org.codehaus.groovy.ast.expr.EmptyExpression>: null

02-12-2024T02:39:39 - [TEST_STEP][PASSED] - TB = <not implemented yet for class: org.codehaus.groovy.ast.expr.EmptyExpression>: null

02-12-2024T02:39:39 - [TEST_STEP][PASSED] - sheetName = "Sheet1": null

02-12-2024T02:39:39 - [TEST_STEP][PASSED] - data = findTestData("PlanFact"): null

02-12-2024T02:39:40 - [TEST_STEP][PASSED] - n = data.getRowNumbers() + 1: null

02-12-2024T02:39:40 - [TEST_STEP][PASSED] - year = todaysDate.substring(todaysDate.length() - 4, todaysDate.length()): null

02-12-2024T02:39:40 - [TEST_STEP][PASSED] - y = year.toInteger(): null

02-12-2024T02:39:40 - [TEST_STEP][PASSED] - m = getText(findTestObject("Выполнение бизнес-плана/Выполнение бизнес-плана Балансы/Фильтр Дата")): Text of object 'Object Repository/Выполнение бизнес-плана/Выполнение бизнес-плана Балансы/Фильтр Дата' is: '1, 2, 3 кв., Октябрь 2024 года'

02-12-2024T02:39:40 - [MESSAGE][PASSED] - Text of object 'Object Repository/Выполнение бизнес-плана/Выполнение бизнес-плана Балансы/Фильтр Дата' is: '1, 2, 3 кв., Октябрь 2024 года'

02-12-2024T02:39:40 - [TEST_STEP][PASSED] - m = m.substring(0, m.indexOf("2024")): null

02-12-2024T02:39:40 - [TEST_STEP][PASSED] - m = m.trim(): null

02-12-2024T02:39:40 - [TEST_STEP][PASSED] - dashboardName = "Выполнение бизнес-плана": null

02-12-2024T02:39:40 - [TEST_STEP][PASSED] - workbook01 = getWorkbook(excelFilePath): null

02-12-2024T02:39:40 - [TEST_STEP][PASSED] - sheet01 = getExcelSheet(workbook01, sheetName): null

02-12-2024T02:39:40 - [TEST_STEP][PASSED] - setValueToCellByIndex(sheet01, n, 0, dashboardName): null

02-12-2024T02:39:40 - [TEST_STEP][PASSED] - setValueToCellByIndex(sheet01, n, 1, dZO): null

02-12-2024T02:39:40 - [TEST_STEP][PASSED] - setValueToCellByIndex(sheet01, n, 2, typeOfData): null

02-12-2024T02:39:40 - [TEST_STEP][PASSED] - setValueToCellByIndex(sheet01, n, 3, typeOfData): null

02-12-2024T02:39:40 - [TEST_STEP][PASSED] - if (typeOfData == "План"): null

02-12-2024T02:39:40 - [TEST_STEP][PASSED] - else if (typeOfData == "Факт"): null

02-12-2024T02:39:40 - [TEST_STEP][PASSED] - if (PercFactR == null): null

02-12-2024T02:39:40 - [TEST_STEP][PASSED] - else: null

02-12-2024T02:39:40 - [TEST_STEP][PASSED] - if (PercFactR == "нет данных"): null

02-12-2024T02:39:40 - [TEST_STEP][PASSED] - setValueToCellByIndex(sheet01, n, 4, "нет данных"): null

02-12-2024T02:39:40 - [TEST_STEP][PASSED] - if (PercFactB == null): null

02-12-2024T02:39:40 - [TEST_STEP][PASSED] - else: null

02-12-2024T02:39:40 - [TEST_STEP][PASSED] - if (PercFactB == "нет данных"): null

02-12-2024T02:39:40 - [TEST_STEP][PASSED] - else: null

02-12-2024T02:39:40 - [TEST_STEP][PASSED] - FB = PercFactB.toDouble(): null

02-12-2024T02:39:40 - [TEST_STEP][PASSED] - setValueToCellByIndex(sheet01, n, 5, FB): null

02-12-2024T02:39:40 - [TEST_STEP][PASSED] - setValueToCellByIndex(sheet01, n, 6, m): null

02-12-2024T02:39:40 - [TEST_STEP][PASSED] - setValueToCellByIndex(sheet01, n, 7, y): null

02-12-2024T02:39:40 - [TEST_STEP][PASSED] - setValueToCellByIndex(sheet01, n, 8, todaysDate): null

02-12-2024T02:39:40 - [TEST_STEP][PASSED] - n = n + 1: null

02-12-2024T02:39:40 - [TEST_STEP][PASSED] - saveWorkbook(excelFilePath, workbook01): null

02-12-2024T02:39:40 - [TEST_STEP][PASSED] - vidget = "Показатели баланса электроэнергии по ДЗО – Факт": null

02-12-2024T02:39:40 - [TEST_STEP][PASSED] - typeOfData = "Факт Отпуск в сеть": null

02-12-2024T02:39:40 - [TEST_STEP][PASSED] - tabR = GetOvSFactR(x = a): null

02-12-2024T02:39:40 - [TEST_STEP][PASSED] - i1 = <not implemented yet for class: org.codehaus.groovy.ast.expr.EmptyExpression>: null

02-12-2024T02:39:40 - [TEST_STEP][PASSED] - ii = <not implemented yet for class: org.codehaus.groovy.ast.expr.EmptyExpression>: null

02-12-2024T02:39:40 - [TEST_STEP][PASSED] - for ([ii = 1, ii < 4, (ii++)]): null

02-12-2024T02:39:40 - [TEST_STEP][PASSED] - i1 = x.indexOf("/") + 1: null

02-12-2024T02:39:40 - [TEST_STEP][PASSED] - if (i1 > -1): null

02-12-2024T02:39:40 - [TEST_STEP][PASSED] - x = x.substring(i1, x.length()): null

02-12-2024T02:39:40 - [TEST_STEP][PASSED] - println(x): null

02-12-2024T02:39:40 - [TEST_STEP][PASSED] - i1 = x.indexOf("/") + 1: null

02-12-2024T02:39:40 - [TEST_STEP][PASSED] - if (i1 > -1): null

02-12-2024T02:39:40 - [TEST_STEP][PASSED] - x = x.substring(i1, x.length()): null

02-12-2024T02:39:40 - [TEST_STEP][PASSED] - println(x): null

02-12-2024T02:39:40 - [TEST_STEP][PASSED] - i1 = x.indexOf("/") + 1: null

02-12-2024T02:39:40 - [TEST_STEP][PASSED] - if (i1 > -1): null

02-12-2024T02:39:40 - [TEST_STEP][PASSED] - x = x.substring(i1, x.length()): null

02-12-2024T02:39:40 - [TEST_STEP][PASSED] - println(x): null

02-12-2024T02:39:40 - [TEST_STEP][PASSED] - i1 = x.indexOf("/"): null

02-12-2024T02:39:40 - [TEST_STEP][PASSED] - if (i1 > -1): null

02-12-2024T02:39:40 - [TEST_STEP][PASSED] - x = x.substring(0, i1): null

02-12-2024T02:39:40 - [TEST_STEP][PASSED] - println(x): null

02-12-2024T02:39:40 - [TEST_STEP][PASSED] - return x: null

02-12-2024T02:39:40 - [TEST_STEP][PASSED] - tabB = GetOvSFactB(x = b): null

02-12-2024T02:39:40 - [TEST_STEP][PASSED] - i1 = <not implemented yet for class: org.codehaus.groovy.ast.expr.EmptyExpression>: null

02-12-2024T02:39:40 - [TEST_STEP][PASSED] - ii = <not implemented yet for class: org.codehaus.groovy.ast.expr.EmptyExpression>: null

02-12-2024T02:39:40 - [TEST_STEP][PASSED] - for ([ii = 1, ii < 4, (ii++)]): null

02-12-2024T02:39:40 - [TEST_STEP][PASSED] - i1 = x.indexOf("/") + 1: null

02-12-2024T02:39:40 - [TEST_STEP][PASSED] - if (i1 > -1): null

02-12-2024T02:39:40 - [TEST_STEP][PASSED] - x = x.substring(i1, x.length()): null

02-12-2024T02:39:40 - [TEST_STEP][PASSED] - println(x): null

02-12-2024T02:39:40 - [TEST_STEP][PASSED] - i1 = x.indexOf("/") + 1: null

02-12-2024T02:39:40 - [TEST_STEP][PASSED] - if (i1 > -1): null

02-12-2024T02:39:40 - [TEST_STEP][PASSED] - x = x.substring(i1, x.length()): null

02-12-2024T02:39:40 - [TEST_STEP][PASSED] - println(x): null

02-12-2024T02:39:40 - [TEST_STEP][PASSED] - i1 = x.indexOf("/") + 1: null

02-12-2024T02:39:40 - [TEST_STEP][PASSED] - if (i1 > -1): null

02-12-2024T02:39:40 - [TEST_STEP][PASSED] - x = x.substring(i1, x.length()): null

02-12-2024T02:39:40 - [TEST_STEP][PASSED] - println(x): null

02-12-2024T02:39:40 - [TEST_STEP][PASSED] - i1 = x.indexOf("/"): null

02-12-2024T02:39:40 - [TEST_STEP][PASSED] - if (i1 > -1): null

02-12-2024T02:39:40 - [TEST_STEP][PASSED] - x = x.substring(0, i1): null

02-12-2024T02:39:40 - [TEST_STEP][PASSED] - println(x): null

02-12-2024T02:39:40 - [TEST_STEP][FAILED] - return x: null

02-12-2024T02:39:40 - [TEST_STEP][FAILED] - if (verifyEqual(tabR, tabB) == false): null

02-12-2024T02:39:40 - [MESSAGE][FAILED] - Unable to verify equal between actual object 'нет данных' and expected object '4235220' (Root cause: com.kms.katalon.core.exception.StepFailedException: Actual object 'нет данных' and expected object '4235220' are not equal
	at com.kms.katalon.core.keyword.builtin.VerifyEqualKeyword$_verifyEqual_closure1.doCall(VerifyEqualKeyword.groovy:58)
	at com.kms.katalon.core.keyword.builtin.VerifyEqualKeyword$_verifyEqual_closure1.call(VerifyEqualKeyword.groovy)
	at com.kms.katalon.core.keyword.internal.KeywordMain.runKeyword(KeywordMain.groovy:75)
	at com.kms.katalon.core.keyword.builtin.VerifyEqualKeyword.verifyEqual(VerifyEqualKeyword.groovy:63)
	at com.kms.katalon.core.keyword.builtin.VerifyEqualKeyword.execute(VerifyEqualKeyword.groovy:44)
	at com.kms.katalon.core.keyword.internal.KeywordExecutor.executeKeywordForPlatform(KeywordExecutor.groovy:74)
	at com.kms.katalon.core.keyword.BuiltinKeywords.verifyEqual(BuiltinKeywords.groovy:146)
	at jdk.internal.reflect.GeneratedMethodAccessor25.invoke(Unknown Source)
	at java.base/jdk.internal.reflect.DelegatingMethodAccessorImpl.invoke(DelegatingMethodAccessorImpl.java:43)
	at Выполнение бизнес-плана сверка дашбордов.CompareDZOData(Выполнение бизнес-плана сверка дашбордов:706)
	at Выполнение бизнес-плана сверка дашбордов.run(Выполнение бизнес-плана сверка дашбордов:633)
	at com.kms.katalon.core.main.ScriptEngine.run(ScriptEngine.java:194)
	at com.kms.katalon.core.main.ScriptEngine.runScriptAsRawText(ScriptEngine.java:119)
	at com.kms.katalon.core.main.TestCaseExecutor.runScript(TestCaseExecutor.java:448)
	at com.kms.katalon.core.main.TestCaseExecutor.doExecute(TestCaseExecutor.java:439)
	at com.kms.katalon.core.main.TestCaseExecutor.processExecutionPhase(TestCaseExecutor.java:418)
	at com.kms.katalon.core.main.TestCaseExecutor.accessMainPhase(TestCaseExecutor.java:410)
	at com.kms.katalon.core.main.TestCaseExecutor.execute(TestCaseExecutor.java:285)
	at com.kms.katalon.core.common.CommonExecutor.accessTestCaseMainPhase(CommonExecutor.java:65)
	at com.kms.katalon.core.main.TestSuiteExecutor.accessTestSuiteMainPhase(TestSuiteExecutor.java:150)
	at com.kms.katalon.core.main.TestSuiteExecutor.execute(TestSuiteExecutor.java:106)
	at com.kms.katalon.core.main.TestCaseMain.startTestSuite(TestCaseMain.java:180)
	at TempTestSuite1733095732962.run(TempTestSuite1733095732962.groovy:35)
	at java.base/jdk.internal.reflect.NativeMethodAccessorImpl.invoke0(Native Method)
	at java.base/jdk.internal.reflect.NativeMethodAccessorImpl.invoke(NativeMethodAccessorImpl.java:77)
	at java.base/jdk.internal.reflect.DelegatingMethodAccessorImpl.invoke(DelegatingMethodAccessorImpl.java:43)
)

02-12-2024T02:39:40 - [TEST_STEP][PASSED] - result = WriteToExcel(typeOfData, todaysDate, PercPlanR, PercPlanB, PercFactR, PercFactB, x, tabR, tabB, o1R, o1B, vidget): null

02-12-2024T02:39:40 - [TEST_STEP][PASSED] - iii = dZO.indexOf("/"): null

02-12-2024T02:39:40 - [TEST_STEP][PASSED] - println(iii): null

02-12-2024T02:39:40 - [TEST_STEP][PASSED] - dZO = dZO.substring(0, iii): null

02-12-2024T02:39:40 - [TEST_STEP][PASSED] - println(dZO): null

02-12-2024T02:39:40 - [TEST_STEP][PASSED] - println(PercPlanR): null

02-12-2024T02:39:40 - [TEST_STEP][PASSED] - println(PercPlanB): null

02-12-2024T02:39:40 - [TEST_STEP][PASSED] - println(PercFactR): null

02-12-2024T02:39:40 - [TEST_STEP][PASSED] - println(PercFactB): null

02-12-2024T02:39:40 - [TEST_STEP][PASSED] - println(tabR): null

02-12-2024T02:39:40 - [TEST_STEP][PASSED] - println(tabB): null

02-12-2024T02:39:40 - [TEST_STEP][PASSED] - println(o1R): null

02-12-2024T02:39:40 - [TEST_STEP][PASSED] - println(o1B): null

02-12-2024T02:39:40 - [TEST_STEP][PASSED] - PR = <not implemented yet for class: org.codehaus.groovy.ast.expr.EmptyExpression>: null

02-12-2024T02:39:40 - [TEST_STEP][PASSED] - FR = <not implemented yet for class: org.codehaus.groovy.ast.expr.EmptyExpression>: null

02-12-2024T02:39:40 - [TEST_STEP][PASSED] - PB = <not implemented yet for class: org.codehaus.groovy.ast.expr.EmptyExpression>: null

02-12-2024T02:39:40 - [TEST_STEP][PASSED] - FB = <not implemented yet for class: org.codehaus.groovy.ast.expr.EmptyExpression>: null

02-12-2024T02:39:40 - [TEST_STEP][PASSED] - TR = <not implemented yet for class: org.codehaus.groovy.ast.expr.EmptyExpression>: null

02-12-2024T02:39:40 - [TEST_STEP][PASSED] - TB = <not implemented yet for class: org.codehaus.groovy.ast.expr.EmptyExpression>: null

02-12-2024T02:39:40 - [TEST_STEP][PASSED] - sheetName = "Sheet1": null

02-12-2024T02:39:40 - [TEST_STEP][PASSED] - data = findTestData("PlanFact"): null

02-12-2024T02:39:40 - [TEST_STEP][PASSED] - n = data.getRowNumbers() + 1: null

02-12-2024T02:39:40 - [TEST_STEP][PASSED] - year = todaysDate.substring(todaysDate.length() - 4, todaysDate.length()): null

02-12-2024T02:39:40 - [TEST_STEP][PASSED] - y = year.toInteger(): null

02-12-2024T02:39:40 - [TEST_STEP][PASSED] - m = getText(findTestObject("Выполнение бизнес-плана/Выполнение бизнес-плана Балансы/Фильтр Дата")): Text of object 'Object Repository/Выполнение бизнес-плана/Выполнение бизнес-плана Балансы/Фильтр Дата' is: '1, 2, 3 кв., Октябрь 2024 года'

02-12-2024T02:39:40 - [MESSAGE][PASSED] - Text of object 'Object Repository/Выполнение бизнес-плана/Выполнение бизнес-плана Балансы/Фильтр Дата' is: '1, 2, 3 кв., Октябрь 2024 года'

02-12-2024T02:39:40 - [TEST_STEP][PASSED] - m = m.substring(0, m.indexOf("2024")): null

02-12-2024T02:39:40 - [TEST_STEP][PASSED] - m = m.trim(): null

02-12-2024T02:39:40 - [TEST_STEP][PASSED] - dashboardName = "Выполнение бизнес-плана": null

02-12-2024T02:39:40 - [TEST_STEP][PASSED] - workbook01 = getWorkbook(excelFilePath): null

02-12-2024T02:39:41 - [TEST_STEP][PASSED] - sheet01 = getExcelSheet(workbook01, sheetName): null

02-12-2024T02:39:41 - [TEST_STEP][PASSED] - setValueToCellByIndex(sheet01, n, 0, dashboardName): null

02-12-2024T02:39:41 - [TEST_STEP][PASSED] - setValueToCellByIndex(sheet01, n, 1, dZO): null

02-12-2024T02:39:41 - [TEST_STEP][PASSED] - setValueToCellByIndex(sheet01, n, 2, typeOfData): null

02-12-2024T02:39:41 - [TEST_STEP][PASSED] - setValueToCellByIndex(sheet01, n, 3, typeOfData): null

02-12-2024T02:39:41 - [TEST_STEP][PASSED] - if (typeOfData == "План"): null

02-12-2024T02:39:41 - [TEST_STEP][PASSED] - else if (typeOfData == "Факт"): null

02-12-2024T02:39:41 - [TEST_STEP][PASSED] - else if (vidget.contains("электроэнергии") == true): null

02-12-2024T02:39:41 - [TEST_STEP][PASSED] - if (tabR == null): null

02-12-2024T02:39:41 - [TEST_STEP][PASSED] - else: null

02-12-2024T02:39:41 - [TEST_STEP][PASSED] - if (tabR == "нет данных"): null

02-12-2024T02:39:41 - [TEST_STEP][PASSED] - setValueToCellByIndex(sheet01, n, 4, "нет данных"): null

02-12-2024T02:39:41 - [TEST_STEP][PASSED] - if (tabB == null): null

02-12-2024T02:39:41 - [TEST_STEP][PASSED] - else: null

02-12-2024T02:39:41 - [TEST_STEP][PASSED] - if (tabB == "нет данных"): null

02-12-2024T02:39:41 - [TEST_STEP][PASSED] - else: null

02-12-2024T02:39:41 - [TEST_STEP][PASSED] - TB = tabB.toInteger(): null

02-12-2024T02:39:41 - [TEST_STEP][PASSED] - setValueToCellByIndex(sheet01, n, 5, TB): null

02-12-2024T02:39:41 - [TEST_STEP][PASSED] - setValueToCellByIndex(sheet01, n, 6, m): null

02-12-2024T02:39:41 - [TEST_STEP][PASSED] - setValueToCellByIndex(sheet01, n, 7, y): null

02-12-2024T02:39:41 - [TEST_STEP][PASSED] - setValueToCellByIndex(sheet01, n, 8, todaysDate): null

02-12-2024T02:39:41 - [TEST_STEP][PASSED] - n = n + 1: null

02-12-2024T02:39:41 - [TEST_STEP][PASSED] - saveWorkbook(excelFilePath, workbook01): null

02-12-2024T02:39:41 - [TEST_STEP][PASSED] - typeOfData = "Факт Отпуск из сети": null

02-12-2024T02:39:41 - [TEST_STEP][PASSED] - tabR = GetOiSFactR(x = a): null

02-12-2024T02:39:41 - [TEST_STEP][PASSED] - i1 = <not implemented yet for class: org.codehaus.groovy.ast.expr.EmptyExpression>: null

02-12-2024T02:39:41 - [TEST_STEP][PASSED] - ii = <not implemented yet for class: org.codehaus.groovy.ast.expr.EmptyExpression>: null

02-12-2024T02:39:41 - [TEST_STEP][PASSED] - for ([ii = 1, ii < 5, (ii++)]): null

02-12-2024T02:39:41 - [TEST_STEP][PASSED] - i1 = x.indexOf("/") + 1: null

02-12-2024T02:39:41 - [TEST_STEP][PASSED] - if (i1 > -1): null

02-12-2024T02:39:41 - [TEST_STEP][PASSED] - x = x.substring(i1, x.length()): null

02-12-2024T02:39:41 - [TEST_STEP][PASSED] - println(x): null

02-12-2024T02:39:41 - [TEST_STEP][PASSED] - i1 = x.indexOf("/") + 1: null

02-12-2024T02:39:41 - [TEST_STEP][PASSED] - if (i1 > -1): null

02-12-2024T02:39:41 - [TEST_STEP][PASSED] - x = x.substring(i1, x.length()): null

02-12-2024T02:39:41 - [TEST_STEP][PASSED] - println(x): null

02-12-2024T02:39:41 - [TEST_STEP][PASSED] - i1 = x.indexOf("/") + 1: null

02-12-2024T02:39:41 - [TEST_STEP][PASSED] - if (i1 > -1): null

02-12-2024T02:39:41 - [TEST_STEP][PASSED] - x = x.substring(i1, x.length()): null

02-12-2024T02:39:41 - [TEST_STEP][PASSED] - println(x): null

02-12-2024T02:39:41 - [TEST_STEP][PASSED] - i1 = x.indexOf("/") + 1: null

02-12-2024T02:39:41 - [TEST_STEP][PASSED] - if (i1 > -1): null

02-12-2024T02:39:41 - [TEST_STEP][PASSED] - x = x.substring(i1, x.length()): null

02-12-2024T02:39:41 - [TEST_STEP][PASSED] - println(x): null

02-12-2024T02:39:41 - [TEST_STEP][PASSED] - i1 = x.indexOf("/"): null

02-12-2024T02:39:41 - [TEST_STEP][PASSED] - if (i1 > -1): null

02-12-2024T02:39:41 - [TEST_STEP][PASSED] - x = x.substring(0, i1): null

02-12-2024T02:39:41 - [TEST_STEP][PASSED] - println(x): null

02-12-2024T02:39:41 - [TEST_STEP][PASSED] - return x: null

02-12-2024T02:39:41 - [TEST_STEP][PASSED] - tabB = GetOiSFactB(x = b): null

02-12-2024T02:39:41 - [TEST_STEP][PASSED] - i1 = <not implemented yet for class: org.codehaus.groovy.ast.expr.EmptyExpression>: null

02-12-2024T02:39:41 - [TEST_STEP][PASSED] - ii = <not implemented yet for class: org.codehaus.groovy.ast.expr.EmptyExpression>: null

02-12-2024T02:39:41 - [TEST_STEP][PASSED] - for ([ii = 1, ii < 5, (ii++)]): null

02-12-2024T02:39:41 - [TEST_STEP][PASSED] - i1 = x.indexOf("/") + 1: null

02-12-2024T02:39:41 - [TEST_STEP][PASSED] - if (i1 > -1): null

02-12-2024T02:39:41 - [TEST_STEP][PASSED] - x = x.substring(i1, x.length()): null

02-12-2024T02:39:41 - [TEST_STEP][PASSED] - println(x): null

02-12-2024T02:39:41 - [TEST_STEP][PASSED] - i1 = x.indexOf("/") + 1: null

02-12-2024T02:39:41 - [TEST_STEP][PASSED] - if (i1 > -1): null

02-12-2024T02:39:41 - [TEST_STEP][PASSED] - x = x.substring(i1, x.length()): null

02-12-2024T02:39:41 - [TEST_STEP][PASSED] - println(x): null

02-12-2024T02:39:41 - [TEST_STEP][PASSED] - i1 = x.indexOf("/") + 1: null

02-12-2024T02:39:41 - [TEST_STEP][PASSED] - if (i1 > -1): null

02-12-2024T02:39:41 - [TEST_STEP][PASSED] - x = x.substring(i1, x.length()): null

02-12-2024T02:39:41 - [TEST_STEP][PASSED] - println(x): null

02-12-2024T02:39:41 - [TEST_STEP][PASSED] - i1 = x.indexOf("/") + 1: null

02-12-2024T02:39:41 - [TEST_STEP][PASSED] - if (i1 > -1): null

02-12-2024T02:39:41 - [TEST_STEP][PASSED] - x = x.substring(i1, x.length()): null

02-12-2024T02:39:41 - [TEST_STEP][PASSED] - println(x): null

02-12-2024T02:39:41 - [TEST_STEP][PASSED] - i1 = x.indexOf("/"): null

02-12-2024T02:39:41 - [TEST_STEP][PASSED] - if (i1 > -1): null

02-12-2024T02:39:41 - [TEST_STEP][PASSED] - x = x.substring(0, i1): null

02-12-2024T02:39:41 - [TEST_STEP][PASSED] - println(x): null

02-12-2024T02:39:41 - [TEST_STEP][FAILED] - return x: null

02-12-2024T02:39:41 - [TEST_STEP][FAILED] - if (verifyEqual(tabR, tabB) == false): null

02-12-2024T02:39:41 - [MESSAGE][FAILED] - Unable to verify equal between actual object 'нет данных' and expected object '3884378' (Root cause: com.kms.katalon.core.exception.StepFailedException: Actual object 'нет данных' and expected object '3884378' are not equal
	at com.kms.katalon.core.keyword.builtin.VerifyEqualKeyword$_verifyEqual_closure1.doCall(VerifyEqualKeyword.groovy:58)
	at com.kms.katalon.core.keyword.builtin.VerifyEqualKeyword$_verifyEqual_closure1.call(VerifyEqualKeyword.groovy)
	at com.kms.katalon.core.keyword.internal.KeywordMain.runKeyword(KeywordMain.groovy:75)
	at com.kms.katalon.core.keyword.builtin.VerifyEqualKeyword.verifyEqual(VerifyEqualKeyword.groovy:63)
	at com.kms.katalon.core.keyword.builtin.VerifyEqualKeyword.execute(VerifyEqualKeyword.groovy:44)
	at com.kms.katalon.core.keyword.internal.KeywordExecutor.executeKeywordForPlatform(KeywordExecutor.groovy:74)
	at com.kms.katalon.core.keyword.BuiltinKeywords.verifyEqual(BuiltinKeywords.groovy:146)
	at jdk.internal.reflect.GeneratedMethodAccessor25.invoke(Unknown Source)
	at java.base/jdk.internal.reflect.DelegatingMethodAccessorImpl.invoke(DelegatingMethodAccessorImpl.java:43)
	at Выполнение бизнес-плана сверка дашбордов.CompareDZOData(Выполнение бизнес-плана сверка дашбордов:717)
	at Выполнение бизнес-плана сверка дашбордов.run(Выполнение бизнес-плана сверка дашбордов:633)
	at com.kms.katalon.core.main.ScriptEngine.run(ScriptEngine.java:194)
	at com.kms.katalon.core.main.ScriptEngine.runScriptAsRawText(ScriptEngine.java:119)
	at com.kms.katalon.core.main.TestCaseExecutor.runScript(TestCaseExecutor.java:448)
	at com.kms.katalon.core.main.TestCaseExecutor.doExecute(TestCaseExecutor.java:439)
	at com.kms.katalon.core.main.TestCaseExecutor.processExecutionPhase(TestCaseExecutor.java:418)
	at com.kms.katalon.core.main.TestCaseExecutor.accessMainPhase(TestCaseExecutor.java:410)
	at com.kms.katalon.core.main.TestCaseExecutor.execute(TestCaseExecutor.java:285)
	at com.kms.katalon.core.common.CommonExecutor.accessTestCaseMainPhase(CommonExecutor.java:65)
	at com.kms.katalon.core.main.TestSuiteExecutor.accessTestSuiteMainPhase(TestSuiteExecutor.java:150)
	at com.kms.katalon.core.main.TestSuiteExecutor.execute(TestSuiteExecutor.java:106)
	at com.kms.katalon.core.main.TestCaseMain.startTestSuite(TestCaseMain.java:180)
	at TempTestSuite1733095732962.run(TempTestSuite1733095732962.groovy:35)
	at java.base/jdk.internal.reflect.NativeMethodAccessorImpl.invoke0(Native Method)
	at java.base/jdk.internal.reflect.NativeMethodAccessorImpl.invoke(NativeMethodAccessorImpl.java:77)
	at java.base/jdk.internal.reflect.DelegatingMethodAccessorImpl.invoke(DelegatingMethodAccessorImpl.java:43)
)

02-12-2024T02:39:41 - [TEST_STEP][PASSED] - result = WriteToExcel(typeOfData, todaysDate, PercPlanR, PercPlanB, PercFactR, PercFactB, x, tabR, tabB, o1R, o1B, vidget): null

02-12-2024T02:39:41 - [TEST_STEP][PASSED] - iii = dZO.indexOf("/"): null

02-12-2024T02:39:41 - [TEST_STEP][PASSED] - println(iii): null

02-12-2024T02:39:41 - [TEST_STEP][PASSED] - dZO = dZO.substring(0, iii): null

02-12-2024T02:39:41 - [TEST_STEP][PASSED] - println(dZO): null

02-12-2024T02:39:41 - [TEST_STEP][PASSED] - println(PercPlanR): null

02-12-2024T02:39:41 - [TEST_STEP][PASSED] - println(PercPlanB): null

02-12-2024T02:39:41 - [TEST_STEP][PASSED] - println(PercFactR): null

02-12-2024T02:39:41 - [TEST_STEP][PASSED] - println(PercFactB): null

02-12-2024T02:39:41 - [TEST_STEP][PASSED] - println(tabR): null

02-12-2024T02:39:41 - [TEST_STEP][PASSED] - println(tabB): null

02-12-2024T02:39:41 - [TEST_STEP][PASSED] - println(o1R): null

02-12-2024T02:39:41 - [TEST_STEP][PASSED] - println(o1B): null

02-12-2024T02:39:41 - [TEST_STEP][PASSED] - PR = <not implemented yet for class: org.codehaus.groovy.ast.expr.EmptyExpression>: null

02-12-2024T02:39:41 - [TEST_STEP][PASSED] - FR = <not implemented yet for class: org.codehaus.groovy.ast.expr.EmptyExpression>: null

02-12-2024T02:39:41 - [TEST_STEP][PASSED] - PB = <not implemented yet for class: org.codehaus.groovy.ast.expr.EmptyExpression>: null

02-12-2024T02:39:41 - [TEST_STEP][PASSED] - FB = <not implemented yet for class: org.codehaus.groovy.ast.expr.EmptyExpression>: null

02-12-2024T02:39:41 - [TEST_STEP][PASSED] - TR = <not implemented yet for class: org.codehaus.groovy.ast.expr.EmptyExpression>: null

02-12-2024T02:39:41 - [TEST_STEP][PASSED] - TB = <not implemented yet for class: org.codehaus.groovy.ast.expr.EmptyExpression>: null

02-12-2024T02:39:41 - [TEST_STEP][PASSED] - sheetName = "Sheet1": null

02-12-2024T02:39:41 - [TEST_STEP][PASSED] - data = findTestData("PlanFact"): null

02-12-2024T02:39:41 - [TEST_STEP][PASSED] - n = data.getRowNumbers() + 1: null

02-12-2024T02:39:41 - [TEST_STEP][PASSED] - year = todaysDate.substring(todaysDate.length() - 4, todaysDate.length()): null

02-12-2024T02:39:41 - [TEST_STEP][PASSED] - y = year.toInteger(): null

02-12-2024T02:39:41 - [TEST_STEP][PASSED] - m = getText(findTestObject("Выполнение бизнес-плана/Выполнение бизнес-плана Балансы/Фильтр Дата")): Text of object 'Object Repository/Выполнение бизнес-плана/Выполнение бизнес-плана Балансы/Фильтр Дата' is: '1, 2, 3 кв., Октябрь 2024 года'

02-12-2024T02:39:41 - [MESSAGE][PASSED] - Text of object 'Object Repository/Выполнение бизнес-плана/Выполнение бизнес-плана Балансы/Фильтр Дата' is: '1, 2, 3 кв., Октябрь 2024 года'

02-12-2024T02:39:41 - [TEST_STEP][PASSED] - m = m.substring(0, m.indexOf("2024")): null

02-12-2024T02:39:41 - [TEST_STEP][PASSED] - m = m.trim(): null

02-12-2024T02:39:41 - [TEST_STEP][PASSED] - dashboardName = "Выполнение бизнес-плана": null

02-12-2024T02:39:41 - [TEST_STEP][PASSED] - workbook01 = getWorkbook(excelFilePath): null

02-12-2024T02:39:41 - [TEST_STEP][PASSED] - sheet01 = getExcelSheet(workbook01, sheetName): null

02-12-2024T02:39:41 - [TEST_STEP][PASSED] - setValueToCellByIndex(sheet01, n, 0, dashboardName): null

02-12-2024T02:39:41 - [TEST_STEP][PASSED] - setValueToCellByIndex(sheet01, n, 1, dZO): null

02-12-2024T02:39:41 - [TEST_STEP][PASSED] - setValueToCellByIndex(sheet01, n, 2, typeOfData): null

02-12-2024T02:39:41 - [TEST_STEP][PASSED] - setValueToCellByIndex(sheet01, n, 3, typeOfData): null

02-12-2024T02:39:41 - [TEST_STEP][PASSED] - if (typeOfData == "План"): null

02-12-2024T02:39:41 - [TEST_STEP][PASSED] - else if (typeOfData == "Факт"): null

02-12-2024T02:39:41 - [TEST_STEP][PASSED] - else if (vidget.contains("электроэнергии") == true): null

02-12-2024T02:39:41 - [TEST_STEP][PASSED] - if (tabR == null): null

02-12-2024T02:39:41 - [TEST_STEP][PASSED] - else: null

02-12-2024T02:39:41 - [TEST_STEP][PASSED] - if (tabR == "нет данных"): null

02-12-2024T02:39:41 - [TEST_STEP][PASSED] - setValueToCellByIndex(sheet01, n, 4, "нет данных"): null

02-12-2024T02:39:41 - [TEST_STEP][PASSED] - if (tabB == null): null

02-12-2024T02:39:41 - [TEST_STEP][PASSED] - else: null

02-12-2024T02:39:41 - [TEST_STEP][PASSED] - if (tabB == "нет данных"): null

02-12-2024T02:39:41 - [TEST_STEP][PASSED] - else: null

02-12-2024T02:39:41 - [TEST_STEP][PASSED] - TB = tabB.toInteger(): null

02-12-2024T02:39:41 - [TEST_STEP][PASSED] - setValueToCellByIndex(sheet01, n, 5, TB): null

02-12-2024T02:39:41 - [TEST_STEP][PASSED] - setValueToCellByIndex(sheet01, n, 6, m): null

02-12-2024T02:39:41 - [TEST_STEP][PASSED] - setValueToCellByIndex(sheet01, n, 7, y): null

02-12-2024T02:39:41 - [TEST_STEP][PASSED] - setValueToCellByIndex(sheet01, n, 8, todaysDate): null

02-12-2024T02:39:41 - [TEST_STEP][PASSED] - n = n + 1: null

02-12-2024T02:39:41 - [TEST_STEP][PASSED] - saveWorkbook(excelFilePath, workbook01): null

02-12-2024T02:39:41 - [TEST_STEP][PASSED] - typeOfData = "Факт Потери": null

02-12-2024T02:39:41 - [TEST_STEP][PASSED] - tabR = GetPFactR(x = a): null

02-12-2024T02:39:41 - [TEST_STEP][PASSED] - i1 = <not implemented yet for class: org.codehaus.groovy.ast.expr.EmptyExpression>: null

02-12-2024T02:39:41 - [TEST_STEP][PASSED] - ii = <not implemented yet for class: org.codehaus.groovy.ast.expr.EmptyExpression>: null

02-12-2024T02:39:41 - [TEST_STEP][PASSED] - for ([ii = 1, ii < 6, (ii++)]): null

02-12-2024T02:39:41 - [TEST_STEP][PASSED] - i1 = x.indexOf("/") + 1: null

02-12-2024T02:39:41 - [TEST_STEP][PASSED] - if (i1 > -1): null

02-12-2024T02:39:41 - [TEST_STEP][PASSED] - x = x.substring(i1, x.length()): null

02-12-2024T02:39:41 - [TEST_STEP][PASSED] - println(x): null

02-12-2024T02:39:41 - [TEST_STEP][PASSED] - i1 = x.indexOf("/") + 1: null

02-12-2024T02:39:41 - [TEST_STEP][PASSED] - if (i1 > -1): null

02-12-2024T02:39:41 - [TEST_STEP][PASSED] - x = x.substring(i1, x.length()): null

02-12-2024T02:39:41 - [TEST_STEP][PASSED] - println(x): null

02-12-2024T02:39:41 - [TEST_STEP][PASSED] - i1 = x.indexOf("/") + 1: null

02-12-2024T02:39:41 - [TEST_STEP][PASSED] - if (i1 > -1): null

02-12-2024T02:39:41 - [TEST_STEP][PASSED] - x = x.substring(i1, x.length()): null

02-12-2024T02:39:41 - [TEST_STEP][PASSED] - println(x): null

02-12-2024T02:39:41 - [TEST_STEP][PASSED] - i1 = x.indexOf("/") + 1: null

02-12-2024T02:39:41 - [TEST_STEP][PASSED] - if (i1 > -1): null

02-12-2024T02:39:41 - [TEST_STEP][PASSED] - x = x.substring(i1, x.length()): null

02-12-2024T02:39:41 - [TEST_STEP][PASSED] - println(x): null

02-12-2024T02:39:41 - [TEST_STEP][PASSED] - i1 = x.indexOf("/") + 1: null

02-12-2024T02:39:41 - [TEST_STEP][PASSED] - if (i1 > -1): null

02-12-2024T02:39:41 - [TEST_STEP][PASSED] - x = x.substring(i1, x.length()): null

02-12-2024T02:39:41 - [TEST_STEP][PASSED] - println(x): null

02-12-2024T02:39:41 - [TEST_STEP][PASSED] - i1 = x.indexOf("/"): null

02-12-2024T02:39:41 - [TEST_STEP][PASSED] - if (i1 > -1): null

02-12-2024T02:39:41 - [TEST_STEP][PASSED] - x = x.substring(0, i1): null

02-12-2024T02:39:41 - [TEST_STEP][PASSED] - println(x): null

02-12-2024T02:39:41 - [TEST_STEP][PASSED] - return x: null

02-12-2024T02:39:41 - [TEST_STEP][PASSED] - tabB = GetPFactB(x = b): null

02-12-2024T02:39:41 - [TEST_STEP][PASSED] - i1 = <not implemented yet for class: org.codehaus.groovy.ast.expr.EmptyExpression>: null

02-12-2024T02:39:41 - [TEST_STEP][PASSED] - ii = <not implemented yet for class: org.codehaus.groovy.ast.expr.EmptyExpression>: null

02-12-2024T02:39:41 - [TEST_STEP][PASSED] - for ([ii = 1, ii < 6, (ii++)]): null

02-12-2024T02:39:41 - [TEST_STEP][PASSED] - i1 = x.indexOf("/") + 1: null

02-12-2024T02:39:41 - [TEST_STEP][PASSED] - if (i1 > -1): null

02-12-2024T02:39:41 - [TEST_STEP][PASSED] - x = x.substring(i1, x.length()): null

02-12-2024T02:39:41 - [TEST_STEP][PASSED] - println(x): null

02-12-2024T02:39:41 - [TEST_STEP][PASSED] - i1 = x.indexOf("/") + 1: null

02-12-2024T02:39:41 - [TEST_STEP][PASSED] - if (i1 > -1): null

02-12-2024T02:39:41 - [TEST_STEP][PASSED] - x = x.substring(i1, x.length()): null

02-12-2024T02:39:41 - [TEST_STEP][PASSED] - println(x): null

02-12-2024T02:39:41 - [TEST_STEP][PASSED] - i1 = x.indexOf("/") + 1: null

02-12-2024T02:39:41 - [TEST_STEP][PASSED] - if (i1 > -1): null

02-12-2024T02:39:41 - [TEST_STEP][PASSED] - x = x.substring(i1, x.length()): null

02-12-2024T02:39:41 - [TEST_STEP][PASSED] - println(x): null

02-12-2024T02:39:41 - [TEST_STEP][PASSED] - i1 = x.indexOf("/") + 1: null

02-12-2024T02:39:41 - [TEST_STEP][PASSED] - if (i1 > -1): null

02-12-2024T02:39:41 - [TEST_STEP][PASSED] - x = x.substring(i1, x.length()): null

02-12-2024T02:39:41 - [TEST_STEP][PASSED] - println(x): null

02-12-2024T02:39:41 - [TEST_STEP][PASSED] - i1 = x.indexOf("/") + 1: null

02-12-2024T02:39:41 - [TEST_STEP][PASSED] - if (i1 > -1): null

02-12-2024T02:39:41 - [TEST_STEP][PASSED] - x = x.substring(i1, x.length()): null

02-12-2024T02:39:41 - [TEST_STEP][PASSED] - println(x): null

02-12-2024T02:39:41 - [TEST_STEP][PASSED] - i1 = x.indexOf("/"): null

02-12-2024T02:39:41 - [TEST_STEP][PASSED] - if (i1 > -1): null

02-12-2024T02:39:41 - [TEST_STEP][PASSED] - x = x.substring(0, i1): null

02-12-2024T02:39:41 - [TEST_STEP][PASSED] - println(x): null

02-12-2024T02:39:41 - [TEST_STEP][FAILED] - return x: null

02-12-2024T02:39:41 - [TEST_STEP][PASSED] - println(tabR + "/" + tabB): null

02-12-2024T02:39:41 - [TEST_STEP][FAILED] - if (verifyEqual(tabR, tabB) == false): null

02-12-2024T02:39:41 - [MESSAGE][FAILED] - Unable to verify equal between actual object 'нет данных' and expected object '350842' (Root cause: com.kms.katalon.core.exception.StepFailedException: Actual object 'нет данных' and expected object '350842' are not equal
	at com.kms.katalon.core.keyword.builtin.VerifyEqualKeyword$_verifyEqual_closure1.doCall(VerifyEqualKeyword.groovy:58)
	at com.kms.katalon.core.keyword.builtin.VerifyEqualKeyword$_verifyEqual_closure1.call(VerifyEqualKeyword.groovy)
	at com.kms.katalon.core.keyword.internal.KeywordMain.runKeyword(KeywordMain.groovy:75)
	at com.kms.katalon.core.keyword.builtin.VerifyEqualKeyword.verifyEqual(VerifyEqualKeyword.groovy:63)
	at com.kms.katalon.core.keyword.builtin.VerifyEqualKeyword.execute(VerifyEqualKeyword.groovy:44)
	at com.kms.katalon.core.keyword.internal.KeywordExecutor.executeKeywordForPlatform(KeywordExecutor.groovy:74)
	at com.kms.katalon.core.keyword.BuiltinKeywords.verifyEqual(BuiltinKeywords.groovy:146)
	at jdk.internal.reflect.GeneratedMethodAccessor25.invoke(Unknown Source)
	at java.base/jdk.internal.reflect.DelegatingMethodAccessorImpl.invoke(DelegatingMethodAccessorImpl.java:43)
	at Выполнение бизнес-плана сверка дашбордов.CompareDZOData(Выполнение бизнес-плана сверка дашбордов:730)
	at Выполнение бизнес-плана сверка дашбордов.run(Выполнение бизнес-плана сверка дашбордов:633)
	at com.kms.katalon.core.main.ScriptEngine.run(ScriptEngine.java:194)
	at com.kms.katalon.core.main.ScriptEngine.runScriptAsRawText(ScriptEngine.java:119)
	at com.kms.katalon.core.main.TestCaseExecutor.runScript(TestCaseExecutor.java:448)
	at com.kms.katalon.core.main.TestCaseExecutor.doExecute(TestCaseExecutor.java:439)
	at com.kms.katalon.core.main.TestCaseExecutor.processExecutionPhase(TestCaseExecutor.java:418)
	at com.kms.katalon.core.main.TestCaseExecutor.accessMainPhase(TestCaseExecutor.java:410)
	at com.kms.katalon.core.main.TestCaseExecutor.execute(TestCaseExecutor.java:285)
	at com.kms.katalon.core.common.CommonExecutor.accessTestCaseMainPhase(CommonExecutor.java:65)
	at com.kms.katalon.core.main.TestSuiteExecutor.accessTestSuiteMainPhase(TestSuiteExecutor.java:150)
	at com.kms.katalon.core.main.TestSuiteExecutor.execute(TestSuiteExecutor.java:106)
	at com.kms.katalon.core.main.TestCaseMain.startTestSuite(TestCaseMain.java:180)
	at TempTestSuite1733095732962.run(TempTestSuite1733095732962.groovy:35)
	at java.base/jdk.internal.reflect.NativeMethodAccessorImpl.invoke0(Native Method)
	at java.base/jdk.internal.reflect.NativeMethodAccessorImpl.invoke(NativeMethodAccessorImpl.java:77)
	at java.base/jdk.internal.reflect.DelegatingMethodAccessorImpl.invoke(DelegatingMethodAccessorImpl.java:43)
)

02-12-2024T02:39:41 - [TEST_STEP][PASSED] - result = WriteToExcel(typeOfData, todaysDate, PercPlanR, PercPlanB, PercFactR, PercFactB, x, tabR, tabB, o1R, o1B, vidget): null

02-12-2024T02:39:41 - [TEST_STEP][PASSED] - iii = dZO.indexOf("/"): null

02-12-2024T02:39:41 - [TEST_STEP][PASSED] - println(iii): null

02-12-2024T02:39:41 - [TEST_STEP][PASSED] - dZO = dZO.substring(0, iii): null

02-12-2024T02:39:41 - [TEST_STEP][PASSED] - println(dZO): null

02-12-2024T02:39:41 - [TEST_STEP][PASSED] - println(PercPlanR): null

02-12-2024T02:39:41 - [TEST_STEP][PASSED] - println(PercPlanB): null

02-12-2024T02:39:41 - [TEST_STEP][PASSED] - println(PercFactR): null

02-12-2024T02:39:41 - [TEST_STEP][PASSED] - println(PercFactB): null

02-12-2024T02:39:41 - [TEST_STEP][PASSED] - println(tabR): null

02-12-2024T02:39:41 - [TEST_STEP][PASSED] - println(tabB): null

02-12-2024T02:39:41 - [TEST_STEP][PASSED] - println(o1R): null

02-12-2024T02:39:41 - [TEST_STEP][PASSED] - println(o1B): null

02-12-2024T02:39:41 - [TEST_STEP][PASSED] - PR = <not implemented yet for class: org.codehaus.groovy.ast.expr.EmptyExpression>: null

02-12-2024T02:39:41 - [TEST_STEP][PASSED] - FR = <not implemented yet for class: org.codehaus.groovy.ast.expr.EmptyExpression>: null

02-12-2024T02:39:41 - [TEST_STEP][PASSED] - PB = <not implemented yet for class: org.codehaus.groovy.ast.expr.EmptyExpression>: null

02-12-2024T02:39:41 - [TEST_STEP][PASSED] - FB = <not implemented yet for class: org.codehaus.groovy.ast.expr.EmptyExpression>: null

02-12-2024T02:39:41 - [TEST_STEP][PASSED] - TR = <not implemented yet for class: org.codehaus.groovy.ast.expr.EmptyExpression>: null

02-12-2024T02:39:41 - [TEST_STEP][PASSED] - TB = <not implemented yet for class: org.codehaus.groovy.ast.expr.EmptyExpression>: null

02-12-2024T02:39:41 - [TEST_STEP][PASSED] - sheetName = "Sheet1": null

02-12-2024T02:39:41 - [TEST_STEP][PASSED] - data = findTestData("PlanFact"): null

02-12-2024T02:39:41 - [TEST_STEP][PASSED] - n = data.getRowNumbers() + 1: null

02-12-2024T02:39:41 - [TEST_STEP][PASSED] - year = todaysDate.substring(todaysDate.length() - 4, todaysDate.length()): null

02-12-2024T02:39:41 - [TEST_STEP][PASSED] - y = year.toInteger(): null

02-12-2024T02:39:41 - [TEST_STEP][PASSED] - m = getText(findTestObject("Выполнение бизнес-плана/Выполнение бизнес-плана Балансы/Фильтр Дата")): Text of object 'Object Repository/Выполнение бизнес-плана/Выполнение бизнес-плана Балансы/Фильтр Дата' is: '1, 2, 3 кв., Октябрь 2024 года'

02-12-2024T02:39:42 - [MESSAGE][PASSED] - Text of object 'Object Repository/Выполнение бизнес-плана/Выполнение бизнес-плана Балансы/Фильтр Дата' is: '1, 2, 3 кв., Октябрь 2024 года'

02-12-2024T02:39:42 - [TEST_STEP][PASSED] - m = m.substring(0, m.indexOf("2024")): null

02-12-2024T02:39:42 - [TEST_STEP][PASSED] - m = m.trim(): null

02-12-2024T02:39:42 - [TEST_STEP][PASSED] - dashboardName = "Выполнение бизнес-плана": null

02-12-2024T02:39:42 - [TEST_STEP][PASSED] - workbook01 = getWorkbook(excelFilePath): null

02-12-2024T02:39:42 - [TEST_STEP][PASSED] - sheet01 = getExcelSheet(workbook01, sheetName): null

02-12-2024T02:39:42 - [TEST_STEP][PASSED] - setValueToCellByIndex(sheet01, n, 0, dashboardName): null

02-12-2024T02:39:42 - [TEST_STEP][PASSED] - setValueToCellByIndex(sheet01, n, 1, dZO): null

02-12-2024T02:39:42 - [TEST_STEP][PASSED] - setValueToCellByIndex(sheet01, n, 2, typeOfData): null

02-12-2024T02:39:42 - [TEST_STEP][PASSED] - setValueToCellByIndex(sheet01, n, 3, typeOfData): null

02-12-2024T02:39:42 - [TEST_STEP][PASSED] - if (typeOfData == "План"): null

02-12-2024T02:39:42 - [TEST_STEP][PASSED] - else if (typeOfData == "Факт"): null

02-12-2024T02:39:42 - [TEST_STEP][PASSED] - else if (vidget.contains("электроэнергии") == true): null

02-12-2024T02:39:42 - [TEST_STEP][PASSED] - if (tabR == null): null

02-12-2024T02:39:42 - [TEST_STEP][PASSED] - else: null

02-12-2024T02:39:42 - [TEST_STEP][PASSED] - if (tabR == "нет данных"): null

02-12-2024T02:39:42 - [TEST_STEP][PASSED] - setValueToCellByIndex(sheet01, n, 4, "нет данных"): null

02-12-2024T02:39:42 - [TEST_STEP][PASSED] - if (tabB == null): null

02-12-2024T02:39:42 - [TEST_STEP][PASSED] - else: null

02-12-2024T02:39:42 - [TEST_STEP][PASSED] - if (tabB == "нет данных"): null

02-12-2024T02:39:42 - [TEST_STEP][PASSED] - else: null

02-12-2024T02:39:42 - [TEST_STEP][PASSED] - TB = tabB.toInteger(): null

02-12-2024T02:39:42 - [TEST_STEP][PASSED] - setValueToCellByIndex(sheet01, n, 5, TB): null

02-12-2024T02:39:42 - [TEST_STEP][PASSED] - setValueToCellByIndex(sheet01, n, 6, m): null

02-12-2024T02:39:42 - [TEST_STEP][PASSED] - setValueToCellByIndex(sheet01, n, 7, y): null

02-12-2024T02:39:42 - [TEST_STEP][PASSED] - setValueToCellByIndex(sheet01, n, 8, todaysDate): null

02-12-2024T02:39:42 - [TEST_STEP][PASSED] - n = n + 1: null

02-12-2024T02:39:42 - [TEST_STEP][PASSED] - saveWorkbook(excelFilePath, workbook01): null

02-12-2024T02:39:42 - [TEST_STEP][PASSED] - vidget = "Показатели баланса электроэнергии по ДЗО – План": null

02-12-2024T02:39:42 - [TEST_STEP][PASSED] - typeOfData = "План Отпуск в сеть": null

02-12-2024T02:39:42 - [TEST_STEP][PASSED] - tabR = GetOvSPlanR(x = a): null

02-12-2024T02:39:42 - [TEST_STEP][PASSED] - i1 = <not implemented yet for class: org.codehaus.groovy.ast.expr.EmptyExpression>: null

02-12-2024T02:39:42 - [TEST_STEP][PASSED] - ii = <not implemented yet for class: org.codehaus.groovy.ast.expr.EmptyExpression>: null

02-12-2024T02:39:42 - [TEST_STEP][PASSED] - for ([ii = 1, ii < 7, (ii++)]): null

02-12-2024T02:39:42 - [TEST_STEP][PASSED] - i1 = x.indexOf("/") + 1: null

02-12-2024T02:39:42 - [TEST_STEP][PASSED] - if (i1 > -1): null

02-12-2024T02:39:42 - [TEST_STEP][PASSED] - x = x.substring(i1, x.length()): null

02-12-2024T02:39:42 - [TEST_STEP][PASSED] - println(x): null

02-12-2024T02:39:42 - [TEST_STEP][PASSED] - i1 = x.indexOf("/") + 1: null

02-12-2024T02:39:42 - [TEST_STEP][PASSED] - if (i1 > -1): null

02-12-2024T02:39:42 - [TEST_STEP][PASSED] - x = x.substring(i1, x.length()): null

02-12-2024T02:39:42 - [TEST_STEP][PASSED] - println(x): null

02-12-2024T02:39:42 - [TEST_STEP][PASSED] - i1 = x.indexOf("/") + 1: null

02-12-2024T02:39:42 - [TEST_STEP][PASSED] - if (i1 > -1): null

02-12-2024T02:39:42 - [TEST_STEP][PASSED] - x = x.substring(i1, x.length()): null

02-12-2024T02:39:42 - [TEST_STEP][PASSED] - println(x): null

02-12-2024T02:39:42 - [TEST_STEP][PASSED] - i1 = x.indexOf("/") + 1: null

02-12-2024T02:39:42 - [TEST_STEP][PASSED] - if (i1 > -1): null

02-12-2024T02:39:42 - [TEST_STEP][PASSED] - x = x.substring(i1, x.length()): null

02-12-2024T02:39:42 - [TEST_STEP][PASSED] - println(x): null

02-12-2024T02:39:42 - [TEST_STEP][PASSED] - i1 = x.indexOf("/") + 1: null

02-12-2024T02:39:42 - [TEST_STEP][PASSED] - if (i1 > -1): null

02-12-2024T02:39:42 - [TEST_STEP][PASSED] - x = x.substring(i1, x.length()): null

02-12-2024T02:39:42 - [TEST_STEP][PASSED] - println(x): null

02-12-2024T02:39:42 - [TEST_STEP][PASSED] - i1 = x.indexOf("/") + 1: null

02-12-2024T02:39:42 - [TEST_STEP][PASSED] - if (i1 > -1): null

02-12-2024T02:39:42 - [TEST_STEP][PASSED] - x = x.substring(i1, x.length()): null

02-12-2024T02:39:42 - [TEST_STEP][PASSED] - println(x): null

02-12-2024T02:39:42 - [TEST_STEP][PASSED] - i1 = x.indexOf("/"): null

02-12-2024T02:39:42 - [TEST_STEP][PASSED] - if (i1 > -1): null

02-12-2024T02:39:42 - [TEST_STEP][PASSED] - x = x.substring(0, i1): null

02-12-2024T02:39:42 - [TEST_STEP][PASSED] - println(x): null

02-12-2024T02:39:42 - [TEST_STEP][PASSED] - return x: null

02-12-2024T02:39:42 - [TEST_STEP][PASSED] - tabB = GetOvSPlanB(x = b): null

02-12-2024T02:39:42 - [TEST_STEP][PASSED] - i1 = <not implemented yet for class: org.codehaus.groovy.ast.expr.EmptyExpression>: null

02-12-2024T02:39:42 - [TEST_STEP][PASSED] - ii = <not implemented yet for class: org.codehaus.groovy.ast.expr.EmptyExpression>: null

02-12-2024T02:39:42 - [TEST_STEP][PASSED] - for ([ii = 1, ii < 7, (ii++)]): null

02-12-2024T02:39:42 - [TEST_STEP][PASSED] - i1 = x.indexOf("/") + 1: null

02-12-2024T02:39:42 - [TEST_STEP][PASSED] - if (i1 > -1): null

02-12-2024T02:39:42 - [TEST_STEP][PASSED] - x = x.substring(i1, x.length()): null

02-12-2024T02:39:42 - [TEST_STEP][PASSED] - println(x): null

02-12-2024T02:39:42 - [TEST_STEP][PASSED] - i1 = x.indexOf("/") + 1: null

02-12-2024T02:39:42 - [TEST_STEP][PASSED] - if (i1 > -1): null

02-12-2024T02:39:42 - [TEST_STEP][PASSED] - x = x.substring(i1, x.length()): null

02-12-2024T02:39:42 - [TEST_STEP][PASSED] - println(x): null

02-12-2024T02:39:42 - [TEST_STEP][PASSED] - i1 = x.indexOf("/") + 1: null

02-12-2024T02:39:42 - [TEST_STEP][PASSED] - if (i1 > -1): null

02-12-2024T02:39:42 - [TEST_STEP][PASSED] - x = x.substring(i1, x.length()): null

02-12-2024T02:39:42 - [TEST_STEP][PASSED] - println(x): null

02-12-2024T02:39:42 - [TEST_STEP][PASSED] - i1 = x.indexOf("/") + 1: null

02-12-2024T02:39:42 - [TEST_STEP][PASSED] - if (i1 > -1): null

02-12-2024T02:39:42 - [TEST_STEP][PASSED] - x = x.substring(i1, x.length()): null

02-12-2024T02:39:42 - [TEST_STEP][PASSED] - println(x): null

02-12-2024T02:39:42 - [TEST_STEP][PASSED] - i1 = x.indexOf("/") + 1: null

02-12-2024T02:39:42 - [TEST_STEP][PASSED] - if (i1 > -1): null

02-12-2024T02:39:42 - [TEST_STEP][PASSED] - x = x.substring(i1, x.length()): null

02-12-2024T02:39:42 - [TEST_STEP][PASSED] - println(x): null

02-12-2024T02:39:42 - [TEST_STEP][PASSED] - i1 = x.indexOf("/") + 1: null

02-12-2024T02:39:42 - [TEST_STEP][PASSED] - if (i1 > -1): null

02-12-2024T02:39:42 - [TEST_STEP][PASSED] - x = x.substring(i1, x.length()): null

02-12-2024T02:39:42 - [TEST_STEP][PASSED] - println(x): null

02-12-2024T02:39:42 - [TEST_STEP][PASSED] - i1 = x.indexOf("/"): null

02-12-2024T02:39:42 - [TEST_STEP][PASSED] - if (i1 > -1): null

02-12-2024T02:39:42 - [TEST_STEP][PASSED] - x = x.substring(0, i1): null

02-12-2024T02:39:42 - [TEST_STEP][PASSED] - println(x): null

02-12-2024T02:39:42 - [TEST_STEP][FAILED] - return x: null

02-12-2024T02:39:42 - [TEST_STEP][PASSED] - println(tabR + "/" + tabB): null

02-12-2024T02:39:42 - [TEST_STEP][FAILED] - if (verifyEqual(PercFactR, PercFactB) == false): null

02-12-2024T02:39:42 - [MESSAGE][FAILED] - Unable to verify equal between actual object 'нет данных' and expected object '8.28' (Root cause: com.kms.katalon.core.exception.StepFailedException: Actual object 'нет данных' and expected object '8.28' are not equal
	at com.kms.katalon.core.keyword.builtin.VerifyEqualKeyword$_verifyEqual_closure1.doCall(VerifyEqualKeyword.groovy:58)
	at com.kms.katalon.core.keyword.builtin.VerifyEqualKeyword$_verifyEqual_closure1.call(VerifyEqualKeyword.groovy)
	at com.kms.katalon.core.keyword.internal.KeywordMain.runKeyword(KeywordMain.groovy:75)
	at com.kms.katalon.core.keyword.builtin.VerifyEqualKeyword.verifyEqual(VerifyEqualKeyword.groovy:63)
	at com.kms.katalon.core.keyword.builtin.VerifyEqualKeyword.execute(VerifyEqualKeyword.groovy:44)
	at com.kms.katalon.core.keyword.internal.KeywordExecutor.executeKeywordForPlatform(KeywordExecutor.groovy:74)
	at com.kms.katalon.core.keyword.BuiltinKeywords.verifyEqual(BuiltinKeywords.groovy:146)
	at jdk.internal.reflect.GeneratedMethodAccessor25.invoke(Unknown Source)
	at java.base/jdk.internal.reflect.DelegatingMethodAccessorImpl.invoke(DelegatingMethodAccessorImpl.java:43)
	at Выполнение бизнес-плана сверка дашбордов.CompareDZOData(Выполнение бизнес-плана сверка дашбордов:745)
	at Выполнение бизнес-плана сверка дашбордов.run(Выполнение бизнес-плана сверка дашбордов:633)
	at com.kms.katalon.core.main.ScriptEngine.run(ScriptEngine.java:194)
	at com.kms.katalon.core.main.ScriptEngine.runScriptAsRawText(ScriptEngine.java:119)
	at com.kms.katalon.core.main.TestCaseExecutor.runScript(TestCaseExecutor.java:448)
	at com.kms.katalon.core.main.TestCaseExecutor.doExecute(TestCaseExecutor.java:439)
	at com.kms.katalon.core.main.TestCaseExecutor.processExecutionPhase(TestCaseExecutor.java:418)
	at com.kms.katalon.core.main.TestCaseExecutor.accessMainPhase(TestCaseExecutor.java:410)
	at com.kms.katalon.core.main.TestCaseExecutor.execute(TestCaseExecutor.java:285)
	at com.kms.katalon.core.common.CommonExecutor.accessTestCaseMainPhase(CommonExecutor.java:65)
	at com.kms.katalon.core.main.TestSuiteExecutor.accessTestSuiteMainPhase(TestSuiteExecutor.java:150)
	at com.kms.katalon.core.main.TestSuiteExecutor.execute(TestSuiteExecutor.java:106)
	at com.kms.katalon.core.main.TestCaseMain.startTestSuite(TestCaseMain.java:180)
	at TempTestSuite1733095732962.run(TempTestSuite1733095732962.groovy:35)
	at java.base/jdk.internal.reflect.NativeMethodAccessorImpl.invoke0(Native Method)
	at java.base/jdk.internal.reflect.NativeMethodAccessorImpl.invoke(NativeMethodAccessorImpl.java:77)
	at java.base/jdk.internal.reflect.DelegatingMethodAccessorImpl.invoke(DelegatingMethodAccessorImpl.java:43)
)

02-12-2024T02:39:42 - [TEST_STEP][PASSED] - result = WriteToExcel(typeOfData, todaysDate, PercPlanR, PercPlanB, PercFactR, PercFactB, x, tabR, tabB, o1R, o1B, vidget): null

02-12-2024T02:39:42 - [TEST_STEP][PASSED] - iii = dZO.indexOf("/"): null

02-12-2024T02:39:42 - [TEST_STEP][PASSED] - println(iii): null

02-12-2024T02:39:42 - [TEST_STEP][PASSED] - dZO = dZO.substring(0, iii): null

02-12-2024T02:39:42 - [TEST_STEP][PASSED] - println(dZO): null

02-12-2024T02:39:42 - [TEST_STEP][PASSED] - println(PercPlanR): null

02-12-2024T02:39:42 - [TEST_STEP][PASSED] - println(PercPlanB): null

02-12-2024T02:39:42 - [TEST_STEP][PASSED] - println(PercFactR): null

02-12-2024T02:39:42 - [TEST_STEP][PASSED] - println(PercFactB): null

02-12-2024T02:39:42 - [TEST_STEP][PASSED] - println(tabR): null

02-12-2024T02:39:42 - [TEST_STEP][PASSED] - println(tabB): null

02-12-2024T02:39:42 - [TEST_STEP][PASSED] - println(o1R): null

02-12-2024T02:39:42 - [TEST_STEP][PASSED] - println(o1B): null

02-12-2024T02:39:42 - [TEST_STEP][PASSED] - PR = <not implemented yet for class: org.codehaus.groovy.ast.expr.EmptyExpression>: null

02-12-2024T02:39:42 - [TEST_STEP][PASSED] - FR = <not implemented yet for class: org.codehaus.groovy.ast.expr.EmptyExpression>: null

02-12-2024T02:39:42 - [TEST_STEP][PASSED] - PB = <not implemented yet for class: org.codehaus.groovy.ast.expr.EmptyExpression>: null

02-12-2024T02:39:42 - [TEST_STEP][PASSED] - FB = <not implemented yet for class: org.codehaus.groovy.ast.expr.EmptyExpression>: null

02-12-2024T02:39:42 - [TEST_STEP][PASSED] - TR = <not implemented yet for class: org.codehaus.groovy.ast.expr.EmptyExpression>: null

02-12-2024T02:39:42 - [TEST_STEP][PASSED] - TB = <not implemented yet for class: org.codehaus.groovy.ast.expr.EmptyExpression>: null

02-12-2024T02:39:42 - [TEST_STEP][PASSED] - sheetName = "Sheet1": null

02-12-2024T02:39:42 - [TEST_STEP][PASSED] - data = findTestData("PlanFact"): null

02-12-2024T02:39:42 - [TEST_STEP][PASSED] - n = data.getRowNumbers() + 1: null

02-12-2024T02:39:42 - [TEST_STEP][PASSED] - year = todaysDate.substring(todaysDate.length() - 4, todaysDate.length()): null

02-12-2024T02:39:42 - [TEST_STEP][PASSED] - y = year.toInteger(): null

02-12-2024T02:39:42 - [TEST_STEP][PASSED] - m = getText(findTestObject("Выполнение бизнес-плана/Выполнение бизнес-плана Балансы/Фильтр Дата")): Text of object 'Object Repository/Выполнение бизнес-плана/Выполнение бизнес-плана Балансы/Фильтр Дата' is: '1, 2, 3 кв., Октябрь 2024 года'

02-12-2024T02:39:42 - [MESSAGE][PASSED] - Text of object 'Object Repository/Выполнение бизнес-плана/Выполнение бизнес-плана Балансы/Фильтр Дата' is: '1, 2, 3 кв., Октябрь 2024 года'

02-12-2024T02:39:42 - [TEST_STEP][PASSED] - m = m.substring(0, m.indexOf("2024")): null

02-12-2024T02:39:42 - [TEST_STEP][PASSED] - m = m.trim(): null

02-12-2024T02:39:42 - [TEST_STEP][PASSED] - dashboardName = "Выполнение бизнес-плана": null

02-12-2024T02:39:42 - [TEST_STEP][PASSED] - workbook01 = getWorkbook(excelFilePath): null

02-12-2024T02:39:42 - [TEST_STEP][PASSED] - sheet01 = getExcelSheet(workbook01, sheetName): null

02-12-2024T02:39:42 - [TEST_STEP][PASSED] - setValueToCellByIndex(sheet01, n, 0, dashboardName): null

02-12-2024T02:39:42 - [TEST_STEP][PASSED] - setValueToCellByIndex(sheet01, n, 1, dZO): null

02-12-2024T02:39:42 - [TEST_STEP][PASSED] - setValueToCellByIndex(sheet01, n, 2, typeOfData): null

02-12-2024T02:39:42 - [TEST_STEP][PASSED] - setValueToCellByIndex(sheet01, n, 3, typeOfData): null

02-12-2024T02:39:42 - [TEST_STEP][PASSED] - if (typeOfData == "План"): null

02-12-2024T02:39:42 - [TEST_STEP][PASSED] - else if (typeOfData == "Факт"): null

02-12-2024T02:39:42 - [TEST_STEP][PASSED] - else if (vidget.contains("электроэнергии") == true): null

02-12-2024T02:39:42 - [TEST_STEP][PASSED] - if (tabR == null): null

02-12-2024T02:39:42 - [TEST_STEP][PASSED] - else: null

02-12-2024T02:39:42 - [TEST_STEP][PASSED] - if (tabR == "нет данных"): null

02-12-2024T02:39:42 - [TEST_STEP][PASSED] - setValueToCellByIndex(sheet01, n, 4, "нет данных"): null

02-12-2024T02:39:42 - [TEST_STEP][PASSED] - if (tabB == null): null

02-12-2024T02:39:42 - [TEST_STEP][PASSED] - else: null

02-12-2024T02:39:42 - [TEST_STEP][PASSED] - if (tabB == "нет данных"): null

02-12-2024T02:39:42 - [TEST_STEP][PASSED] - else: null

02-12-2024T02:39:42 - [TEST_STEP][PASSED] - TB = tabB.toInteger(): null

02-12-2024T02:39:42 - [TEST_STEP][PASSED] - setValueToCellByIndex(sheet01, n, 5, TB): null

02-12-2024T02:39:42 - [TEST_STEP][PASSED] - setValueToCellByIndex(sheet01, n, 6, m): null

02-12-2024T02:39:42 - [TEST_STEP][PASSED] - setValueToCellByIndex(sheet01, n, 7, y): null

02-12-2024T02:39:42 - [TEST_STEP][PASSED] - setValueToCellByIndex(sheet01, n, 8, todaysDate): null

02-12-2024T02:39:42 - [TEST_STEP][PASSED] - n = n + 1: null

02-12-2024T02:39:42 - [TEST_STEP][PASSED] - saveWorkbook(excelFilePath, workbook01): null

02-12-2024T02:39:43 - [TEST_STEP][PASSED] - typeOfData = "План Отпуск из сети": null

02-12-2024T02:39:43 - [TEST_STEP][PASSED] - tabR = GetOiSPlanR(x = a): null

02-12-2024T02:39:43 - [TEST_STEP][PASSED] - i1 = <not implemented yet for class: org.codehaus.groovy.ast.expr.EmptyExpression>: null

02-12-2024T02:39:43 - [TEST_STEP][PASSED] - ii = <not implemented yet for class: org.codehaus.groovy.ast.expr.EmptyExpression>: null

02-12-2024T02:39:43 - [TEST_STEP][PASSED] - for ([ii = 1, ii < 8, (ii++)]): null

02-12-2024T02:39:43 - [TEST_STEP][PASSED] - i1 = x.indexOf("/") + 1: null

02-12-2024T02:39:43 - [TEST_STEP][PASSED] - if (i1 > -1): null

02-12-2024T02:39:43 - [TEST_STEP][PASSED] - x = x.substring(i1, x.length()): null

02-12-2024T02:39:43 - [TEST_STEP][PASSED] - println(x): null

02-12-2024T02:39:43 - [TEST_STEP][PASSED] - i1 = x.indexOf("/") + 1: null

02-12-2024T02:39:43 - [TEST_STEP][PASSED] - if (i1 > -1): null

02-12-2024T02:39:43 - [TEST_STEP][PASSED] - x = x.substring(i1, x.length()): null

02-12-2024T02:39:43 - [TEST_STEP][PASSED] - println(x): null

02-12-2024T02:39:43 - [TEST_STEP][PASSED] - i1 = x.indexOf("/") + 1: null

02-12-2024T02:39:43 - [TEST_STEP][PASSED] - if (i1 > -1): null

02-12-2024T02:39:43 - [TEST_STEP][PASSED] - x = x.substring(i1, x.length()): null

02-12-2024T02:39:43 - [TEST_STEP][PASSED] - println(x): null

02-12-2024T02:39:43 - [TEST_STEP][PASSED] - i1 = x.indexOf("/") + 1: null

02-12-2024T02:39:43 - [TEST_STEP][PASSED] - if (i1 > -1): null

02-12-2024T02:39:43 - [TEST_STEP][PASSED] - x = x.substring(i1, x.length()): null

02-12-2024T02:39:43 - [TEST_STEP][PASSED] - println(x): null

02-12-2024T02:39:43 - [TEST_STEP][PASSED] - i1 = x.indexOf("/") + 1: null

02-12-2024T02:39:43 - [TEST_STEP][PASSED] - if (i1 > -1): null

02-12-2024T02:39:43 - [TEST_STEP][PASSED] - x = x.substring(i1, x.length()): null

02-12-2024T02:39:43 - [TEST_STEP][PASSED] - println(x): null

02-12-2024T02:39:43 - [TEST_STEP][PASSED] - i1 = x.indexOf("/") + 1: null

02-12-2024T02:39:43 - [TEST_STEP][PASSED] - if (i1 > -1): null

02-12-2024T02:39:43 - [TEST_STEP][PASSED] - x = x.substring(i1, x.length()): null

02-12-2024T02:39:43 - [TEST_STEP][PASSED] - println(x): null

02-12-2024T02:39:43 - [TEST_STEP][PASSED] - i1 = x.indexOf("/") + 1: null

02-12-2024T02:39:43 - [TEST_STEP][PASSED] - if (i1 > -1): null

02-12-2024T02:39:43 - [TEST_STEP][PASSED] - x = x.substring(i1, x.length()): null

02-12-2024T02:39:43 - [TEST_STEP][PASSED] - println(x): null

02-12-2024T02:39:43 - [TEST_STEP][PASSED] - i1 = x.indexOf("/"): null

02-12-2024T02:39:43 - [TEST_STEP][PASSED] - if (i1 > -1): null

02-12-2024T02:39:43 - [TEST_STEP][PASSED] - x = x.substring(0, i1): null

02-12-2024T02:39:43 - [TEST_STEP][PASSED] - println(x): null

02-12-2024T02:39:43 - [TEST_STEP][PASSED] - return x: null

02-12-2024T02:39:43 - [TEST_STEP][PASSED] - tabB = GetOiSPlanB(x = b): null

02-12-2024T02:39:43 - [TEST_STEP][PASSED] - i1 = <not implemented yet for class: org.codehaus.groovy.ast.expr.EmptyExpression>: null

02-12-2024T02:39:43 - [TEST_STEP][PASSED] - ii = <not implemented yet for class: org.codehaus.groovy.ast.expr.EmptyExpression>: null

02-12-2024T02:39:43 - [TEST_STEP][PASSED] - for ([ii = 1, ii < 8, (ii++)]): null

02-12-2024T02:39:43 - [TEST_STEP][PASSED] - i1 = x.indexOf("/") + 1: null

02-12-2024T02:39:43 - [TEST_STEP][PASSED] - if (i1 > -1): null

02-12-2024T02:39:43 - [TEST_STEP][PASSED] - x = x.substring(i1, x.length()): null

02-12-2024T02:39:43 - [TEST_STEP][PASSED] - println(x): null

02-12-2024T02:39:43 - [TEST_STEP][PASSED] - i1 = x.indexOf("/") + 1: null

02-12-2024T02:39:43 - [TEST_STEP][PASSED] - if (i1 > -1): null

02-12-2024T02:39:43 - [TEST_STEP][PASSED] - x = x.substring(i1, x.length()): null

02-12-2024T02:39:43 - [TEST_STEP][PASSED] - println(x): null

02-12-2024T02:39:43 - [TEST_STEP][PASSED] - i1 = x.indexOf("/") + 1: null

02-12-2024T02:39:43 - [TEST_STEP][PASSED] - if (i1 > -1): null

02-12-2024T02:39:43 - [TEST_STEP][PASSED] - x = x.substring(i1, x.length()): null

02-12-2024T02:39:43 - [TEST_STEP][PASSED] - println(x): null

02-12-2024T02:39:43 - [TEST_STEP][PASSED] - i1 = x.indexOf("/") + 1: null

02-12-2024T02:39:43 - [TEST_STEP][PASSED] - if (i1 > -1): null

02-12-2024T02:39:43 - [TEST_STEP][PASSED] - x = x.substring(i1, x.length()): null

02-12-2024T02:39:43 - [TEST_STEP][PASSED] - println(x): null

02-12-2024T02:39:43 - [TEST_STEP][PASSED] - i1 = x.indexOf("/") + 1: null

02-12-2024T02:39:43 - [TEST_STEP][PASSED] - if (i1 > -1): null

02-12-2024T02:39:43 - [TEST_STEP][PASSED] - x = x.substring(i1, x.length()): null

02-12-2024T02:39:43 - [TEST_STEP][PASSED] - println(x): null

02-12-2024T02:39:43 - [TEST_STEP][PASSED] - i1 = x.indexOf("/") + 1: null

02-12-2024T02:39:43 - [TEST_STEP][PASSED] - if (i1 > -1): null

02-12-2024T02:39:43 - [TEST_STEP][PASSED] - x = x.substring(i1, x.length()): null

02-12-2024T02:39:43 - [TEST_STEP][PASSED] - println(x): null

02-12-2024T02:39:43 - [TEST_STEP][PASSED] - i1 = x.indexOf("/") + 1: null

02-12-2024T02:39:43 - [TEST_STEP][PASSED] - if (i1 > -1): null

02-12-2024T02:39:43 - [TEST_STEP][PASSED] - x = x.substring(i1, x.length()): null

02-12-2024T02:39:43 - [TEST_STEP][PASSED] - println(x): null

02-12-2024T02:39:43 - [TEST_STEP][PASSED] - i1 = x.indexOf("/"): null

02-12-2024T02:39:43 - [TEST_STEP][PASSED] - if (i1 > -1): null

02-12-2024T02:39:43 - [TEST_STEP][PASSED] - x = x.substring(0, i1): null

02-12-2024T02:39:43 - [TEST_STEP][PASSED] - println(x): null

02-12-2024T02:39:43 - [TEST_STEP][FAILED] - return x: null

02-12-2024T02:39:43 - [TEST_STEP][PASSED] - println(tabR + "/" + tabB): null

02-12-2024T02:39:43 - [TEST_STEP][FAILED] - if (verifyEqual(PercFactR, PercFactB) == false): null

02-12-2024T02:39:43 - [MESSAGE][FAILED] - Unable to verify equal between actual object 'нет данных' and expected object '8.28' (Root cause: com.kms.katalon.core.exception.StepFailedException: Actual object 'нет данных' and expected object '8.28' are not equal
	at com.kms.katalon.core.keyword.builtin.VerifyEqualKeyword$_verifyEqual_closure1.doCall(VerifyEqualKeyword.groovy:58)
	at com.kms.katalon.core.keyword.builtin.VerifyEqualKeyword$_verifyEqual_closure1.call(VerifyEqualKeyword.groovy)
	at com.kms.katalon.core.keyword.internal.KeywordMain.runKeyword(KeywordMain.groovy:75)
	at com.kms.katalon.core.keyword.builtin.VerifyEqualKeyword.verifyEqual(VerifyEqualKeyword.groovy:63)
	at com.kms.katalon.core.keyword.builtin.VerifyEqualKeyword.execute(VerifyEqualKeyword.groovy:44)
	at com.kms.katalon.core.keyword.internal.KeywordExecutor.executeKeywordForPlatform(KeywordExecutor.groovy:74)
	at com.kms.katalon.core.keyword.BuiltinKeywords.verifyEqual(BuiltinKeywords.groovy:146)
	at jdk.internal.reflect.GeneratedMethodAccessor25.invoke(Unknown Source)
	at java.base/jdk.internal.reflect.DelegatingMethodAccessorImpl.invoke(DelegatingMethodAccessorImpl.java:43)
	at Выполнение бизнес-плана сверка дашбордов.CompareDZOData(Выполнение бизнес-плана сверка дашбордов:758)
	at Выполнение бизнес-плана сверка дашбордов.run(Выполнение бизнес-плана сверка дашбордов:633)
	at com.kms.katalon.core.main.ScriptEngine.run(ScriptEngine.java:194)
	at com.kms.katalon.core.main.ScriptEngine.runScriptAsRawText(ScriptEngine.java:119)
	at com.kms.katalon.core.main.TestCaseExecutor.runScript(TestCaseExecutor.java:448)
	at com.kms.katalon.core.main.TestCaseExecutor.doExecute(TestCaseExecutor.java:439)
	at com.kms.katalon.core.main.TestCaseExecutor.processExecutionPhase(TestCaseExecutor.java:418)
	at com.kms.katalon.core.main.TestCaseExecutor.accessMainPhase(TestCaseExecutor.java:410)
	at com.kms.katalon.core.main.TestCaseExecutor.execute(TestCaseExecutor.java:285)
	at com.kms.katalon.core.common.CommonExecutor.accessTestCaseMainPhase(CommonExecutor.java:65)
	at com.kms.katalon.core.main.TestSuiteExecutor.accessTestSuiteMainPhase(TestSuiteExecutor.java:150)
	at com.kms.katalon.core.main.TestSuiteExecutor.execute(TestSuiteExecutor.java:106)
	at com.kms.katalon.core.main.TestCaseMain.startTestSuite(TestCaseMain.java:180)
	at TempTestSuite1733095732962.run(TempTestSuite1733095732962.groovy:35)
	at java.base/jdk.internal.reflect.NativeMethodAccessorImpl.invoke0(Native Method)
	at java.base/jdk.internal.reflect.NativeMethodAccessorImpl.invoke(NativeMethodAccessorImpl.java:77)
	at java.base/jdk.internal.reflect.DelegatingMethodAccessorImpl.invoke(DelegatingMethodAccessorImpl.java:43)
)

02-12-2024T02:39:43 - [TEST_STEP][PASSED] - result = WriteToExcel(typeOfData, todaysDate, PercPlanR, PercPlanB, PercFactR, PercFactB, x, tabR, tabB, o1R, o1B, vidget): null

02-12-2024T02:39:43 - [TEST_STEP][PASSED] - iii = dZO.indexOf("/"): null

02-12-2024T02:39:43 - [TEST_STEP][PASSED] - println(iii): null

02-12-2024T02:39:43 - [TEST_STEP][PASSED] - dZO = dZO.substring(0, iii): null

02-12-2024T02:39:43 - [TEST_STEP][PASSED] - println(dZO): null

02-12-2024T02:39:43 - [TEST_STEP][PASSED] - println(PercPlanR): null

02-12-2024T02:39:43 - [TEST_STEP][PASSED] - println(PercPlanB): null

02-12-2024T02:39:43 - [TEST_STEP][PASSED] - println(PercFactR): null

02-12-2024T02:39:43 - [TEST_STEP][PASSED] - println(PercFactB): null

02-12-2024T02:39:43 - [TEST_STEP][PASSED] - println(tabR): null

02-12-2024T02:39:43 - [TEST_STEP][PASSED] - println(tabB): null

02-12-2024T02:39:43 - [TEST_STEP][PASSED] - println(o1R): null

02-12-2024T02:39:43 - [TEST_STEP][PASSED] - println(o1B): null

02-12-2024T02:39:43 - [TEST_STEP][PASSED] - PR = <not implemented yet for class: org.codehaus.groovy.ast.expr.EmptyExpression>: null

02-12-2024T02:39:43 - [TEST_STEP][PASSED] - FR = <not implemented yet for class: org.codehaus.groovy.ast.expr.EmptyExpression>: null

02-12-2024T02:39:43 - [TEST_STEP][PASSED] - PB = <not implemented yet for class: org.codehaus.groovy.ast.expr.EmptyExpression>: null

02-12-2024T02:39:43 - [TEST_STEP][PASSED] - FB = <not implemented yet for class: org.codehaus.groovy.ast.expr.EmptyExpression>: null

02-12-2024T02:39:43 - [TEST_STEP][PASSED] - TR = <not implemented yet for class: org.codehaus.groovy.ast.expr.EmptyExpression>: null

02-12-2024T02:39:43 - [TEST_STEP][PASSED] - TB = <not implemented yet for class: org.codehaus.groovy.ast.expr.EmptyExpression>: null

02-12-2024T02:39:43 - [TEST_STEP][PASSED] - sheetName = "Sheet1": null

02-12-2024T02:39:43 - [TEST_STEP][PASSED] - data = findTestData("PlanFact"): null

02-12-2024T02:39:43 - [TEST_STEP][PASSED] - n = data.getRowNumbers() + 1: null

02-12-2024T02:39:43 - [TEST_STEP][PASSED] - year = todaysDate.substring(todaysDate.length() - 4, todaysDate.length()): null

02-12-2024T02:39:43 - [TEST_STEP][PASSED] - y = year.toInteger(): null

02-12-2024T02:39:43 - [TEST_STEP][PASSED] - m = getText(findTestObject("Выполнение бизнес-плана/Выполнение бизнес-плана Балансы/Фильтр Дата")): Text of object 'Object Repository/Выполнение бизнес-плана/Выполнение бизнес-плана Балансы/Фильтр Дата' is: '1, 2, 3 кв., Октябрь 2024 года'

02-12-2024T02:39:43 - [MESSAGE][PASSED] - Text of object 'Object Repository/Выполнение бизнес-плана/Выполнение бизнес-плана Балансы/Фильтр Дата' is: '1, 2, 3 кв., Октябрь 2024 года'

02-12-2024T02:39:43 - [TEST_STEP][PASSED] - m = m.substring(0, m.indexOf("2024")): null

02-12-2024T02:39:43 - [TEST_STEP][PASSED] - m = m.trim(): null

02-12-2024T02:39:43 - [TEST_STEP][PASSED] - dashboardName = "Выполнение бизнес-плана": null

02-12-2024T02:39:43 - [TEST_STEP][PASSED] - workbook01 = getWorkbook(excelFilePath): null

02-12-2024T02:39:43 - [TEST_STEP][PASSED] - sheet01 = getExcelSheet(workbook01, sheetName): null

02-12-2024T02:39:43 - [TEST_STEP][PASSED] - setValueToCellByIndex(sheet01, n, 0, dashboardName): null

02-12-2024T02:39:43 - [TEST_STEP][PASSED] - setValueToCellByIndex(sheet01, n, 1, dZO): null

02-12-2024T02:39:43 - [TEST_STEP][PASSED] - setValueToCellByIndex(sheet01, n, 2, typeOfData): null

02-12-2024T02:39:43 - [TEST_STEP][PASSED] - setValueToCellByIndex(sheet01, n, 3, typeOfData): null

02-12-2024T02:39:43 - [TEST_STEP][PASSED] - if (typeOfData == "План"): null

02-12-2024T02:39:43 - [TEST_STEP][PASSED] - else if (typeOfData == "Факт"): null

02-12-2024T02:39:43 - [TEST_STEP][PASSED] - else if (vidget.contains("электроэнергии") == true): null

02-12-2024T02:39:43 - [TEST_STEP][PASSED] - if (tabR == null): null

02-12-2024T02:39:43 - [TEST_STEP][PASSED] - else: null

02-12-2024T02:39:43 - [TEST_STEP][PASSED] - if (tabR == "нет данных"): null

02-12-2024T02:39:43 - [TEST_STEP][PASSED] - setValueToCellByIndex(sheet01, n, 4, "нет данных"): null

02-12-2024T02:39:43 - [TEST_STEP][PASSED] - if (tabB == null): null

02-12-2024T02:39:43 - [TEST_STEP][PASSED] - else: null

02-12-2024T02:39:43 - [TEST_STEP][PASSED] - if (tabB == "нет данных"): null

02-12-2024T02:39:43 - [TEST_STEP][PASSED] - else: null

02-12-2024T02:39:43 - [TEST_STEP][PASSED] - TB = tabB.toInteger(): null

02-12-2024T02:39:43 - [TEST_STEP][PASSED] - setValueToCellByIndex(sheet01, n, 5, TB): null

02-12-2024T02:39:43 - [TEST_STEP][PASSED] - setValueToCellByIndex(sheet01, n, 6, m): null

02-12-2024T02:39:43 - [TEST_STEP][PASSED] - setValueToCellByIndex(sheet01, n, 7, y): null

02-12-2024T02:39:43 - [TEST_STEP][PASSED] - setValueToCellByIndex(sheet01, n, 8, todaysDate): null

02-12-2024T02:39:43 - [TEST_STEP][PASSED] - n = n + 1: null

02-12-2024T02:39:43 - [TEST_STEP][PASSED] - saveWorkbook(excelFilePath, workbook01): null

02-12-2024T02:39:43 - [TEST_STEP][PASSED] - typeOfData = "План Потери": null

02-12-2024T02:39:43 - [TEST_STEP][PASSED] - tabR = GetPPlanR(x = a): null

02-12-2024T02:39:43 - [TEST_STEP][PASSED] - i1 = <not implemented yet for class: org.codehaus.groovy.ast.expr.EmptyExpression>: null

02-12-2024T02:39:43 - [TEST_STEP][PASSED] - ii = <not implemented yet for class: org.codehaus.groovy.ast.expr.EmptyExpression>: null

02-12-2024T02:39:43 - [TEST_STEP][PASSED] - for ([ii = 1, ii < 9, (ii++)]): null

02-12-2024T02:39:43 - [TEST_STEP][PASSED] - i1 = x.indexOf("/") + 1: null

02-12-2024T02:39:43 - [TEST_STEP][PASSED] - if (i1 > -1): null

02-12-2024T02:39:43 - [TEST_STEP][PASSED] - x = x.substring(i1, x.length()): null

02-12-2024T02:39:43 - [TEST_STEP][PASSED] - println(x): null

02-12-2024T02:39:43 - [TEST_STEP][PASSED] - i1 = x.indexOf("/") + 1: null

02-12-2024T02:39:43 - [TEST_STEP][PASSED] - if (i1 > -1): null

02-12-2024T02:39:43 - [TEST_STEP][PASSED] - x = x.substring(i1, x.length()): null

02-12-2024T02:39:43 - [TEST_STEP][PASSED] - println(x): null

02-12-2024T02:39:43 - [TEST_STEP][PASSED] - i1 = x.indexOf("/") + 1: null

02-12-2024T02:39:43 - [TEST_STEP][PASSED] - if (i1 > -1): null

02-12-2024T02:39:43 - [TEST_STEP][PASSED] - x = x.substring(i1, x.length()): null

02-12-2024T02:39:43 - [TEST_STEP][PASSED] - println(x): null

02-12-2024T02:39:43 - [TEST_STEP][PASSED] - i1 = x.indexOf("/") + 1: null

02-12-2024T02:39:43 - [TEST_STEP][PASSED] - if (i1 > -1): null

02-12-2024T02:39:43 - [TEST_STEP][PASSED] - x = x.substring(i1, x.length()): null

02-12-2024T02:39:43 - [TEST_STEP][PASSED] - println(x): null

02-12-2024T02:39:43 - [TEST_STEP][PASSED] - i1 = x.indexOf("/") + 1: null

02-12-2024T02:39:43 - [TEST_STEP][PASSED] - if (i1 > -1): null

02-12-2024T02:39:43 - [TEST_STEP][PASSED] - x = x.substring(i1, x.length()): null

02-12-2024T02:39:43 - [TEST_STEP][PASSED] - println(x): null

02-12-2024T02:39:43 - [TEST_STEP][PASSED] - i1 = x.indexOf("/") + 1: null

02-12-2024T02:39:43 - [TEST_STEP][PASSED] - if (i1 > -1): null

02-12-2024T02:39:43 - [TEST_STEP][PASSED] - x = x.substring(i1, x.length()): null

02-12-2024T02:39:43 - [TEST_STEP][PASSED] - println(x): null

02-12-2024T02:39:43 - [TEST_STEP][PASSED] - i1 = x.indexOf("/") + 1: null

02-12-2024T02:39:43 - [TEST_STEP][PASSED] - if (i1 > -1): null

02-12-2024T02:39:43 - [TEST_STEP][PASSED] - x = x.substring(i1, x.length()): null

02-12-2024T02:39:43 - [TEST_STEP][PASSED] - println(x): null

02-12-2024T02:39:43 - [TEST_STEP][PASSED] - i1 = x.indexOf("/") + 1: null

02-12-2024T02:39:43 - [TEST_STEP][PASSED] - if (i1 > -1): null

02-12-2024T02:39:43 - [TEST_STEP][PASSED] - x = x.substring(i1, x.length()): null

02-12-2024T02:39:43 - [TEST_STEP][PASSED] - println(x): null

02-12-2024T02:39:43 - [TEST_STEP][PASSED] - i1 = x.indexOf("/"): null

02-12-2024T02:39:43 - [TEST_STEP][PASSED] - if (i1 > -1): null

02-12-2024T02:39:43 - [TEST_STEP][PASSED] - x = x.substring(0, i1): null

02-12-2024T02:39:43 - [TEST_STEP][PASSED] - println(x): null

02-12-2024T02:39:43 - [TEST_STEP][PASSED] - return x: null

02-12-2024T02:39:43 - [TEST_STEP][PASSED] - tabB = GetPPlanB(x = b): null

02-12-2024T02:39:43 - [TEST_STEP][PASSED] - i1 = <not implemented yet for class: org.codehaus.groovy.ast.expr.EmptyExpression>: null

02-12-2024T02:39:43 - [TEST_STEP][PASSED] - ii = <not implemented yet for class: org.codehaus.groovy.ast.expr.EmptyExpression>: null

02-12-2024T02:39:43 - [TEST_STEP][PASSED] - for ([ii = 1, ii < 9, (ii++)]): null

02-12-2024T02:39:43 - [TEST_STEP][PASSED] - i1 = x.indexOf("/") + 1: null

02-12-2024T02:39:43 - [TEST_STEP][PASSED] - if (i1 > -1): null

02-12-2024T02:39:43 - [TEST_STEP][PASSED] - x = x.substring(i1, x.length()): null

02-12-2024T02:39:43 - [TEST_STEP][PASSED] - println(x): null

02-12-2024T02:39:43 - [TEST_STEP][PASSED] - i1 = x.indexOf("/") + 1: null

02-12-2024T02:39:43 - [TEST_STEP][PASSED] - if (i1 > -1): null

02-12-2024T02:39:43 - [TEST_STEP][PASSED] - x = x.substring(i1, x.length()): null

02-12-2024T02:39:43 - [TEST_STEP][PASSED] - println(x): null

02-12-2024T02:39:43 - [TEST_STEP][PASSED] - i1 = x.indexOf("/") + 1: null

02-12-2024T02:39:43 - [TEST_STEP][PASSED] - if (i1 > -1): null

02-12-2024T02:39:43 - [TEST_STEP][PASSED] - x = x.substring(i1, x.length()): null

02-12-2024T02:39:43 - [TEST_STEP][PASSED] - println(x): null

02-12-2024T02:39:43 - [TEST_STEP][PASSED] - i1 = x.indexOf("/") + 1: null

02-12-2024T02:39:43 - [TEST_STEP][PASSED] - if (i1 > -1): null

02-12-2024T02:39:43 - [TEST_STEP][PASSED] - x = x.substring(i1, x.length()): null

02-12-2024T02:39:43 - [TEST_STEP][PASSED] - println(x): null

02-12-2024T02:39:43 - [TEST_STEP][PASSED] - i1 = x.indexOf("/") + 1: null

02-12-2024T02:39:43 - [TEST_STEP][PASSED] - if (i1 > -1): null

02-12-2024T02:39:43 - [TEST_STEP][PASSED] - x = x.substring(i1, x.length()): null

02-12-2024T02:39:43 - [TEST_STEP][PASSED] - println(x): null

02-12-2024T02:39:43 - [TEST_STEP][PASSED] - i1 = x.indexOf("/") + 1: null

02-12-2024T02:39:43 - [TEST_STEP][PASSED] - if (i1 > -1): null

02-12-2024T02:39:43 - [TEST_STEP][PASSED] - x = x.substring(i1, x.length()): null

02-12-2024T02:39:43 - [TEST_STEP][PASSED] - println(x): null

02-12-2024T02:39:43 - [TEST_STEP][PASSED] - i1 = x.indexOf("/") + 1: null

02-12-2024T02:39:43 - [TEST_STEP][PASSED] - if (i1 > -1): null

02-12-2024T02:39:43 - [TEST_STEP][PASSED] - x = x.substring(i1, x.length()): null

02-12-2024T02:39:43 - [TEST_STEP][PASSED] - println(x): null

02-12-2024T02:39:43 - [TEST_STEP][PASSED] - i1 = x.indexOf("/") + 1: null

02-12-2024T02:39:43 - [TEST_STEP][PASSED] - if (i1 > -1): null

02-12-2024T02:39:43 - [TEST_STEP][PASSED] - x = x.substring(i1, x.length()): null

02-12-2024T02:39:43 - [TEST_STEP][PASSED] - println(x): null

02-12-2024T02:39:43 - [TEST_STEP][PASSED] - i1 = x.indexOf("/"): null

02-12-2024T02:39:43 - [TEST_STEP][PASSED] - if (i1 > -1): null

02-12-2024T02:39:43 - [TEST_STEP][PASSED] - x = x.substring(0, i1): null

02-12-2024T02:39:43 - [TEST_STEP][PASSED] - println(x): null

02-12-2024T02:39:43 - [TEST_STEP][FAILED] - return x: null

02-12-2024T02:39:43 - [TEST_STEP][PASSED] - println(tabR + "/" + tabB): null

02-12-2024T02:39:43 - [TEST_STEP][FAILED] - if (verifyEqual(PercFactR, PercFactB) == false): null

02-12-2024T02:39:43 - [MESSAGE][FAILED] - Unable to verify equal between actual object 'нет данных' and expected object '8.28' (Root cause: com.kms.katalon.core.exception.StepFailedException: Actual object 'нет данных' and expected object '8.28' are not equal
	at com.kms.katalon.core.keyword.builtin.VerifyEqualKeyword$_verifyEqual_closure1.doCall(VerifyEqualKeyword.groovy:58)
	at com.kms.katalon.core.keyword.builtin.VerifyEqualKeyword$_verifyEqual_closure1.call(VerifyEqualKeyword.groovy)
	at com.kms.katalon.core.keyword.internal.KeywordMain.runKeyword(KeywordMain.groovy:75)
	at com.kms.katalon.core.keyword.builtin.VerifyEqualKeyword.verifyEqual(VerifyEqualKeyword.groovy:63)
	at com.kms.katalon.core.keyword.builtin.VerifyEqualKeyword.execute(VerifyEqualKeyword.groovy:44)
	at com.kms.katalon.core.keyword.internal.KeywordExecutor.executeKeywordForPlatform(KeywordExecutor.groovy:74)
	at com.kms.katalon.core.keyword.BuiltinKeywords.verifyEqual(BuiltinKeywords.groovy:146)
	at jdk.internal.reflect.GeneratedMethodAccessor25.invoke(Unknown Source)
	at java.base/jdk.internal.reflect.DelegatingMethodAccessorImpl.invoke(DelegatingMethodAccessorImpl.java:43)
	at Выполнение бизнес-плана сверка дашбордов.CompareDZOData(Выполнение бизнес-плана сверка дашбордов:771)
	at Выполнение бизнес-плана сверка дашбордов.run(Выполнение бизнес-плана сверка дашбордов:633)
	at com.kms.katalon.core.main.ScriptEngine.run(ScriptEngine.java:194)
	at com.kms.katalon.core.main.ScriptEngine.runScriptAsRawText(ScriptEngine.java:119)
	at com.kms.katalon.core.main.TestCaseExecutor.runScript(TestCaseExecutor.java:448)
	at com.kms.katalon.core.main.TestCaseExecutor.doExecute(TestCaseExecutor.java:439)
	at com.kms.katalon.core.main.TestCaseExecutor.processExecutionPhase(TestCaseExecutor.java:418)
	at com.kms.katalon.core.main.TestCaseExecutor.accessMainPhase(TestCaseExecutor.java:410)
	at com.kms.katalon.core.main.TestCaseExecutor.execute(TestCaseExecutor.java:285)
	at com.kms.katalon.core.common.CommonExecutor.accessTestCaseMainPhase(CommonExecutor.java:65)
	at com.kms.katalon.core.main.TestSuiteExecutor.accessTestSuiteMainPhase(TestSuiteExecutor.java:150)
	at com.kms.katalon.core.main.TestSuiteExecutor.execute(TestSuiteExecutor.java:106)
	at com.kms.katalon.core.main.TestCaseMain.startTestSuite(TestCaseMain.java:180)
	at TempTestSuite1733095732962.run(TempTestSuite1733095732962.groovy:35)
	at java.base/jdk.internal.reflect.NativeMethodAccessorImpl.invoke0(Native Method)
	at java.base/jdk.internal.reflect.NativeMethodAccessorImpl.invoke(NativeMethodAccessorImpl.java:77)
	at java.base/jdk.internal.reflect.DelegatingMethodAccessorImpl.invoke(DelegatingMethodAccessorImpl.java:43)
)

02-12-2024T02:39:43 - [TEST_STEP][PASSED] - result = WriteToExcel(typeOfData, todaysDate, PercPlanR, PercPlanB, PercFactR, PercFactB, x, tabR, tabB, o1R, o1B, vidget): null

02-12-2024T02:39:43 - [TEST_STEP][PASSED] - iii = dZO.indexOf("/"): null

02-12-2024T02:39:43 - [TEST_STEP][PASSED] - println(iii): null

02-12-2024T02:39:43 - [TEST_STEP][PASSED] - dZO = dZO.substring(0, iii): null

02-12-2024T02:39:43 - [TEST_STEP][PASSED] - println(dZO): null

02-12-2024T02:39:43 - [TEST_STEP][PASSED] - println(PercPlanR): null

02-12-2024T02:39:43 - [TEST_STEP][PASSED] - println(PercPlanB): null

02-12-2024T02:39:43 - [TEST_STEP][PASSED] - println(PercFactR): null

02-12-2024T02:39:43 - [TEST_STEP][PASSED] - println(PercFactB): null

02-12-2024T02:39:43 - [TEST_STEP][PASSED] - println(tabR): null

02-12-2024T02:39:43 - [TEST_STEP][PASSED] - println(tabB): null

02-12-2024T02:39:43 - [TEST_STEP][PASSED] - println(o1R): null

02-12-2024T02:39:43 - [TEST_STEP][PASSED] - println(o1B): null

02-12-2024T02:39:43 - [TEST_STEP][PASSED] - PR = <not implemented yet for class: org.codehaus.groovy.ast.expr.EmptyExpression>: null

02-12-2024T02:39:43 - [TEST_STEP][PASSED] - FR = <not implemented yet for class: org.codehaus.groovy.ast.expr.EmptyExpression>: null

02-12-2024T02:39:43 - [TEST_STEP][PASSED] - PB = <not implemented yet for class: org.codehaus.groovy.ast.expr.EmptyExpression>: null

02-12-2024T02:39:43 - [TEST_STEP][PASSED] - FB = <not implemented yet for class: org.codehaus.groovy.ast.expr.EmptyExpression>: null

02-12-2024T02:39:43 - [TEST_STEP][PASSED] - TR = <not implemented yet for class: org.codehaus.groovy.ast.expr.EmptyExpression>: null

02-12-2024T02:39:43 - [TEST_STEP][PASSED] - TB = <not implemented yet for class: org.codehaus.groovy.ast.expr.EmptyExpression>: null

02-12-2024T02:39:43 - [TEST_STEP][PASSED] - sheetName = "Sheet1": null

02-12-2024T02:39:43 - [TEST_STEP][PASSED] - data = findTestData("PlanFact"): null

02-12-2024T02:39:43 - [TEST_STEP][PASSED] - n = data.getRowNumbers() + 1: null

02-12-2024T02:39:43 - [TEST_STEP][PASSED] - year = todaysDate.substring(todaysDate.length() - 4, todaysDate.length()): null

02-12-2024T02:39:43 - [TEST_STEP][PASSED] - y = year.toInteger(): null

02-12-2024T02:39:43 - [TEST_STEP][PASSED] - m = getText(findTestObject("Выполнение бизнес-плана/Выполнение бизнес-плана Балансы/Фильтр Дата")): Text of object 'Object Repository/Выполнение бизнес-плана/Выполнение бизнес-плана Балансы/Фильтр Дата' is: '1, 2, 3 кв., Октябрь 2024 года'

02-12-2024T02:39:44 - [MESSAGE][PASSED] - Text of object 'Object Repository/Выполнение бизнес-плана/Выполнение бизнес-плана Балансы/Фильтр Дата' is: '1, 2, 3 кв., Октябрь 2024 года'

02-12-2024T02:39:44 - [TEST_STEP][PASSED] - m = m.substring(0, m.indexOf("2024")): null

02-12-2024T02:39:44 - [TEST_STEP][PASSED] - m = m.trim(): null

02-12-2024T02:39:44 - [TEST_STEP][PASSED] - dashboardName = "Выполнение бизнес-плана": null

02-12-2024T02:39:44 - [TEST_STEP][PASSED] - workbook01 = getWorkbook(excelFilePath): null

02-12-2024T02:39:44 - [TEST_STEP][PASSED] - sheet01 = getExcelSheet(workbook01, sheetName): null

02-12-2024T02:39:44 - [TEST_STEP][PASSED] - setValueToCellByIndex(sheet01, n, 0, dashboardName): null

02-12-2024T02:39:44 - [TEST_STEP][PASSED] - setValueToCellByIndex(sheet01, n, 1, dZO): null

02-12-2024T02:39:44 - [TEST_STEP][PASSED] - setValueToCellByIndex(sheet01, n, 2, typeOfData): null

02-12-2024T02:39:44 - [TEST_STEP][PASSED] - setValueToCellByIndex(sheet01, n, 3, typeOfData): null

02-12-2024T02:39:44 - [TEST_STEP][PASSED] - if (typeOfData == "План"): null

02-12-2024T02:39:44 - [TEST_STEP][PASSED] - else if (typeOfData == "Факт"): null

02-12-2024T02:39:44 - [TEST_STEP][PASSED] - else if (vidget.contains("электроэнергии") == true): null

02-12-2024T02:39:44 - [TEST_STEP][PASSED] - if (tabR == null): null

02-12-2024T02:39:44 - [TEST_STEP][PASSED] - else: null

02-12-2024T02:39:44 - [TEST_STEP][PASSED] - if (tabR == "нет данных"): null

02-12-2024T02:39:44 - [TEST_STEP][PASSED] - setValueToCellByIndex(sheet01, n, 4, "нет данных"): null

02-12-2024T02:39:44 - [TEST_STEP][PASSED] - if (tabB == null): null

02-12-2024T02:39:44 - [TEST_STEP][PASSED] - else: null

02-12-2024T02:39:44 - [TEST_STEP][PASSED] - if (tabB == "нет данных"): null

02-12-2024T02:39:44 - [TEST_STEP][PASSED] - else: null

02-12-2024T02:39:44 - [TEST_STEP][PASSED] - TB = tabB.toInteger(): null

02-12-2024T02:39:44 - [TEST_STEP][PASSED] - setValueToCellByIndex(sheet01, n, 5, TB): null

02-12-2024T02:39:44 - [TEST_STEP][PASSED] - setValueToCellByIndex(sheet01, n, 6, m): null

02-12-2024T02:39:44 - [TEST_STEP][PASSED] - setValueToCellByIndex(sheet01, n, 7, y): null

02-12-2024T02:39:44 - [TEST_STEP][PASSED] - setValueToCellByIndex(sheet01, n, 8, todaysDate): null

02-12-2024T02:39:44 - [TEST_STEP][PASSED] - n = n + 1: null

02-12-2024T02:39:44 - [TEST_STEP][PASSED] - saveWorkbook(excelFilePath, workbook01): null

02-12-2024T02:39:44 - [TEST_STEP][PASSED] - ii2 = a.indexOf("ПАО"): null

02-12-2024T02:39:44 - [TEST_STEP][PASSED] - if (ii2 == -1): null

02-12-2024T02:39:44 - [TEST_STEP][PASSED] - vidget = "Отклонения фактического уровня потерь от бизнес-плана": null

02-12-2024T02:39:44 - [TEST_STEP][PASSED] - typeOfData = "Коэффициент": null

02-12-2024T02:39:44 - [TEST_STEP][PASSED] - o1R = Geto1R(x = a): null

02-12-2024T02:39:44 - [TEST_STEP][PASSED] - i1 = <not implemented yet for class: org.codehaus.groovy.ast.expr.EmptyExpression>: null

02-12-2024T02:39:44 - [TEST_STEP][PASSED] - ii = <not implemented yet for class: org.codehaus.groovy.ast.expr.EmptyExpression>: null

02-12-2024T02:39:44 - [TEST_STEP][PASSED] - for ([ii = 1, ii < 10, (ii++)]): null

02-12-2024T02:39:44 - [TEST_STEP][PASSED] - i1 = x.indexOf("/") + 1: null

02-12-2024T02:39:44 - [TEST_STEP][PASSED] - if (i1 > -1): null

02-12-2024T02:39:44 - [TEST_STEP][PASSED] - x = x.substring(i1, x.length()): null

02-12-2024T02:39:44 - [TEST_STEP][PASSED] - i1 = x.indexOf("/") + 1: null

02-12-2024T02:39:44 - [TEST_STEP][PASSED] - if (i1 > -1): null

02-12-2024T02:39:44 - [TEST_STEP][PASSED] - x = x.substring(i1, x.length()): null

02-12-2024T02:39:44 - [TEST_STEP][PASSED] - i1 = x.indexOf("/") + 1: null

02-12-2024T02:39:44 - [TEST_STEP][PASSED] - if (i1 > -1): null

02-12-2024T02:39:44 - [TEST_STEP][PASSED] - x = x.substring(i1, x.length()): null

02-12-2024T02:39:44 - [TEST_STEP][PASSED] - i1 = x.indexOf("/") + 1: null

02-12-2024T02:39:44 - [TEST_STEP][PASSED] - if (i1 > -1): null

02-12-2024T02:39:44 - [TEST_STEP][PASSED] - x = x.substring(i1, x.length()): null

02-12-2024T02:39:44 - [TEST_STEP][PASSED] - i1 = x.indexOf("/") + 1: null

02-12-2024T02:39:44 - [TEST_STEP][PASSED] - if (i1 > -1): null

02-12-2024T02:39:44 - [TEST_STEP][PASSED] - x = x.substring(i1, x.length()): null

02-12-2024T02:39:44 - [TEST_STEP][PASSED] - i1 = x.indexOf("/") + 1: null

02-12-2024T02:39:44 - [TEST_STEP][PASSED] - if (i1 > -1): null

02-12-2024T02:39:44 - [TEST_STEP][PASSED] - x = x.substring(i1, x.length()): null

02-12-2024T02:39:44 - [TEST_STEP][PASSED] - i1 = x.indexOf("/") + 1: null

02-12-2024T02:39:44 - [TEST_STEP][PASSED] - if (i1 > -1): null

02-12-2024T02:39:44 - [TEST_STEP][PASSED] - x = x.substring(i1, x.length()): null

02-12-2024T02:39:44 - [TEST_STEP][PASSED] - i1 = x.indexOf("/") + 1: null

02-12-2024T02:39:44 - [TEST_STEP][PASSED] - if (i1 > -1): null

02-12-2024T02:39:44 - [TEST_STEP][PASSED] - x = x.substring(i1, x.length()): null

02-12-2024T02:39:44 - [TEST_STEP][PASSED] - i1 = x.indexOf("/") + 1: null

02-12-2024T02:39:44 - [TEST_STEP][PASSED] - if (i1 > -1): null

02-12-2024T02:39:44 - [TEST_STEP][PASSED] - x = x.substring(i1, x.length()): null

02-12-2024T02:39:44 - [TEST_STEP][PASSED] - i1 = x.indexOf("/"): null

02-12-2024T02:39:44 - [TEST_STEP][PASSED] - if (i1 > -1): null

02-12-2024T02:39:44 - [TEST_STEP][PASSED] - println(x): null

02-12-2024T02:39:44 - [TEST_STEP][PASSED] - return x: null

02-12-2024T02:39:44 - [TEST_STEP][PASSED] - o1B = Geto1B(x = b): null

02-12-2024T02:39:44 - [TEST_STEP][PASSED] - i1 = <not implemented yet for class: org.codehaus.groovy.ast.expr.EmptyExpression>: null

02-12-2024T02:39:44 - [TEST_STEP][PASSED] - ii = <not implemented yet for class: org.codehaus.groovy.ast.expr.EmptyExpression>: null

02-12-2024T02:39:44 - [TEST_STEP][PASSED] - for ([ii = 1, ii < 10, (ii++)]): null

02-12-2024T02:39:44 - [TEST_STEP][PASSED] - i1 = x.indexOf("/") + 1: null

02-12-2024T02:39:44 - [TEST_STEP][PASSED] - if (i1 > -1): null

02-12-2024T02:39:44 - [TEST_STEP][PASSED] - x = x.substring(i1, x.length()): null

02-12-2024T02:39:44 - [TEST_STEP][PASSED] - i1 = x.indexOf("/") + 1: null

02-12-2024T02:39:44 - [TEST_STEP][PASSED] - if (i1 > -1): null

02-12-2024T02:39:44 - [TEST_STEP][PASSED] - x = x.substring(i1, x.length()): null

02-12-2024T02:39:44 - [TEST_STEP][PASSED] - i1 = x.indexOf("/") + 1: null

02-12-2024T02:39:44 - [TEST_STEP][PASSED] - if (i1 > -1): null

02-12-2024T02:39:44 - [TEST_STEP][PASSED] - x = x.substring(i1, x.length()): null

02-12-2024T02:39:44 - [TEST_STEP][PASSED] - i1 = x.indexOf("/") + 1: null

02-12-2024T02:39:44 - [TEST_STEP][PASSED] - if (i1 > -1): null

02-12-2024T02:39:44 - [TEST_STEP][PASSED] - x = x.substring(i1, x.length()): null

02-12-2024T02:39:44 - [TEST_STEP][PASSED] - i1 = x.indexOf("/") + 1: null

02-12-2024T02:39:44 - [TEST_STEP][PASSED] - if (i1 > -1): null

02-12-2024T02:39:44 - [TEST_STEP][PASSED] - x = x.substring(i1, x.length()): null

02-12-2024T02:39:44 - [TEST_STEP][PASSED] - i1 = x.indexOf("/") + 1: null

02-12-2024T02:39:44 - [TEST_STEP][PASSED] - if (i1 > -1): null

02-12-2024T02:39:44 - [TEST_STEP][PASSED] - x = x.substring(i1, x.length()): null

02-12-2024T02:39:44 - [TEST_STEP][PASSED] - i1 = x.indexOf("/") + 1: null

02-12-2024T02:39:44 - [TEST_STEP][PASSED] - if (i1 > -1): null

02-12-2024T02:39:44 - [TEST_STEP][PASSED] - x = x.substring(i1, x.length()): null

02-12-2024T02:39:44 - [TEST_STEP][PASSED] - i1 = x.indexOf("/") + 1: null

02-12-2024T02:39:44 - [TEST_STEP][PASSED] - if (i1 > -1): null

02-12-2024T02:39:44 - [TEST_STEP][PASSED] - x = x.substring(i1, x.length()): null

02-12-2024T02:39:44 - [TEST_STEP][PASSED] - i1 = x.indexOf("/") + 1: null

02-12-2024T02:39:44 - [TEST_STEP][PASSED] - if (i1 > -1): null

02-12-2024T02:39:44 - [TEST_STEP][PASSED] - x = x.substring(i1, x.length()): null

02-12-2024T02:39:44 - [TEST_STEP][PASSED] - i1 = x.indexOf("/"): null

02-12-2024T02:39:44 - [TEST_STEP][PASSED] - if (i1 > -1): null

02-12-2024T02:39:44 - [TEST_STEP][PASSED] - println(x): null

02-12-2024T02:39:44 - [TEST_STEP][FAILED] - return x: null

02-12-2024T02:39:44 - [TEST_STEP][PASSED] - println(o1R + "/" + o1B): null

02-12-2024T02:39:44 - [TEST_STEP][FAILED] - if (verifyEqual(PercFactR, PercFactB) == false): null

02-12-2024T02:39:44 - [MESSAGE][FAILED] - Unable to verify equal between actual object 'нет данных' and expected object '8.28' (Root cause: com.kms.katalon.core.exception.StepFailedException: Actual object 'нет данных' and expected object '8.28' are not equal
	at com.kms.katalon.core.keyword.builtin.VerifyEqualKeyword$_verifyEqual_closure1.doCall(VerifyEqualKeyword.groovy:58)
	at com.kms.katalon.core.keyword.builtin.VerifyEqualKeyword$_verifyEqual_closure1.call(VerifyEqualKeyword.groovy)
	at com.kms.katalon.core.keyword.internal.KeywordMain.runKeyword(KeywordMain.groovy:75)
	at com.kms.katalon.core.keyword.builtin.VerifyEqualKeyword.verifyEqual(VerifyEqualKeyword.groovy:63)
	at com.kms.katalon.core.keyword.builtin.VerifyEqualKeyword.execute(VerifyEqualKeyword.groovy:44)
	at com.kms.katalon.core.keyword.internal.KeywordExecutor.executeKeywordForPlatform(KeywordExecutor.groovy:74)
	at com.kms.katalon.core.keyword.BuiltinKeywords.verifyEqual(BuiltinKeywords.groovy:146)
	at jdk.internal.reflect.GeneratedMethodAccessor25.invoke(Unknown Source)
	at java.base/jdk.internal.reflect.DelegatingMethodAccessorImpl.invoke(DelegatingMethodAccessorImpl.java:43)
	at Выполнение бизнес-плана сверка дашбордов.CompareDZOData(Выполнение бизнес-плана сверка дашбордов:789)
	at Выполнение бизнес-плана сверка дашбордов.run(Выполнение бизнес-плана сверка дашбордов:633)
	at com.kms.katalon.core.main.ScriptEngine.run(ScriptEngine.java:194)
	at com.kms.katalon.core.main.ScriptEngine.runScriptAsRawText(ScriptEngine.java:119)
	at com.kms.katalon.core.main.TestCaseExecutor.runScript(TestCaseExecutor.java:448)
	at com.kms.katalon.core.main.TestCaseExecutor.doExecute(TestCaseExecutor.java:439)
	at com.kms.katalon.core.main.TestCaseExecutor.processExecutionPhase(TestCaseExecutor.java:418)
	at com.kms.katalon.core.main.TestCaseExecutor.accessMainPhase(TestCaseExecutor.java:410)
	at com.kms.katalon.core.main.TestCaseExecutor.execute(TestCaseExecutor.java:285)
	at com.kms.katalon.core.common.CommonExecutor.accessTestCaseMainPhase(CommonExecutor.java:65)
	at com.kms.katalon.core.main.TestSuiteExecutor.accessTestSuiteMainPhase(TestSuiteExecutor.java:150)
	at com.kms.katalon.core.main.TestSuiteExecutor.execute(TestSuiteExecutor.java:106)
	at com.kms.katalon.core.main.TestCaseMain.startTestSuite(TestCaseMain.java:180)
	at TempTestSuite1733095732962.run(TempTestSuite1733095732962.groovy:35)
	at java.base/jdk.internal.reflect.NativeMethodAccessorImpl.invoke0(Native Method)
	at java.base/jdk.internal.reflect.NativeMethodAccessorImpl.invoke(NativeMethodAccessorImpl.java:77)
	at java.base/jdk.internal.reflect.DelegatingMethodAccessorImpl.invoke(DelegatingMethodAccessorImpl.java:43)
)

02-12-2024T02:39:44 - [TEST_STEP][PASSED] - result = WriteToExcel(typeOfData, todaysDate, PercPlanR, PercPlanB, PercFactR, PercFactB, x, tabR, tabB, o1R, o1B, vidget): null

02-12-2024T02:39:44 - [TEST_STEP][PASSED] - iii = dZO.indexOf("/"): null

02-12-2024T02:39:44 - [TEST_STEP][PASSED] - println(iii): null

02-12-2024T02:39:44 - [TEST_STEP][PASSED] - dZO = dZO.substring(0, iii): null

02-12-2024T02:39:44 - [TEST_STEP][PASSED] - println(dZO): null

02-12-2024T02:39:44 - [TEST_STEP][PASSED] - println(PercPlanR): null

02-12-2024T02:39:44 - [TEST_STEP][PASSED] - println(PercPlanB): null

02-12-2024T02:39:44 - [TEST_STEP][PASSED] - println(PercFactR): null

02-12-2024T02:39:44 - [TEST_STEP][PASSED] - println(PercFactB): null

02-12-2024T02:39:44 - [TEST_STEP][PASSED] - println(tabR): null

02-12-2024T02:39:44 - [TEST_STEP][PASSED] - println(tabB): null

02-12-2024T02:39:44 - [TEST_STEP][PASSED] - println(o1R): null

02-12-2024T02:39:44 - [TEST_STEP][PASSED] - println(o1B): null

02-12-2024T02:39:44 - [TEST_STEP][PASSED] - PR = <not implemented yet for class: org.codehaus.groovy.ast.expr.EmptyExpression>: null

02-12-2024T02:39:44 - [TEST_STEP][PASSED] - FR = <not implemented yet for class: org.codehaus.groovy.ast.expr.EmptyExpression>: null

02-12-2024T02:39:44 - [TEST_STEP][PASSED] - PB = <not implemented yet for class: org.codehaus.groovy.ast.expr.EmptyExpression>: null

02-12-2024T02:39:44 - [TEST_STEP][PASSED] - FB = <not implemented yet for class: org.codehaus.groovy.ast.expr.EmptyExpression>: null

02-12-2024T02:39:44 - [TEST_STEP][PASSED] - TR = <not implemented yet for class: org.codehaus.groovy.ast.expr.EmptyExpression>: null

02-12-2024T02:39:44 - [TEST_STEP][PASSED] - TB = <not implemented yet for class: org.codehaus.groovy.ast.expr.EmptyExpression>: null

02-12-2024T02:39:44 - [TEST_STEP][PASSED] - sheetName = "Sheet1": null

02-12-2024T02:39:44 - [TEST_STEP][PASSED] - data = findTestData("PlanFact"): null

02-12-2024T02:39:44 - [TEST_STEP][PASSED] - n = data.getRowNumbers() + 1: null

02-12-2024T02:39:44 - [TEST_STEP][PASSED] - year = todaysDate.substring(todaysDate.length() - 4, todaysDate.length()): null

02-12-2024T02:39:44 - [TEST_STEP][PASSED] - y = year.toInteger(): null

02-12-2024T02:39:44 - [TEST_STEP][PASSED] - m = getText(findTestObject("Выполнение бизнес-плана/Выполнение бизнес-плана Балансы/Фильтр Дата")): Text of object 'Object Repository/Выполнение бизнес-плана/Выполнение бизнес-плана Балансы/Фильтр Дата' is: '1, 2, 3 кв., Октябрь 2024 года'

02-12-2024T02:39:44 - [MESSAGE][PASSED] - Text of object 'Object Repository/Выполнение бизнес-плана/Выполнение бизнес-плана Балансы/Фильтр Дата' is: '1, 2, 3 кв., Октябрь 2024 года'

02-12-2024T02:39:44 - [TEST_STEP][PASSED] - m = m.substring(0, m.indexOf("2024")): null

02-12-2024T02:39:44 - [TEST_STEP][PASSED] - m = m.trim(): null

02-12-2024T02:39:44 - [TEST_STEP][PASSED] - dashboardName = "Выполнение бизнес-плана": null

02-12-2024T02:39:44 - [TEST_STEP][PASSED] - workbook01 = getWorkbook(excelFilePath): null

02-12-2024T02:39:44 - [TEST_STEP][PASSED] - sheet01 = getExcelSheet(workbook01, sheetName): null

02-12-2024T02:39:44 - [TEST_STEP][PASSED] - setValueToCellByIndex(sheet01, n, 0, dashboardName): null

02-12-2024T02:39:44 - [TEST_STEP][PASSED] - setValueToCellByIndex(sheet01, n, 1, dZO): null

02-12-2024T02:39:44 - [TEST_STEP][PASSED] - setValueToCellByIndex(sheet01, n, 2, typeOfData): null

02-12-2024T02:39:44 - [TEST_STEP][PASSED] - setValueToCellByIndex(sheet01, n, 3, typeOfData): null

02-12-2024T02:39:44 - [TEST_STEP][PASSED] - if (typeOfData == "План"): null

02-12-2024T02:39:44 - [TEST_STEP][PASSED] - else if (typeOfData == "Факт"): null

02-12-2024T02:39:44 - [TEST_STEP][PASSED] - else if (vidget.contains("электроэнергии") == true): null

02-12-2024T02:39:44 - [TEST_STEP][PASSED] - else: null

02-12-2024T02:39:44 - [TEST_STEP][PASSED] - if (o1R == null): null

02-12-2024T02:39:44 - [TEST_STEP][PASSED] - else: null

02-12-2024T02:39:44 - [TEST_STEP][PASSED] - if (o1R == "нет данных"): null

02-12-2024T02:39:44 - [TEST_STEP][PASSED] - setValueToCellByIndex(sheet01, n, 4, "нет данных"): null

02-12-2024T02:39:44 - [TEST_STEP][PASSED] - if (o1B == null): null

02-12-2024T02:39:44 - [TEST_STEP][PASSED] - else: null

02-12-2024T02:39:44 - [TEST_STEP][PASSED] - if (o1B == "нет данных"): null

02-12-2024T02:39:44 - [TEST_STEP][PASSED] - else: null

02-12-2024T02:39:44 - [TEST_STEP][PASSED] - FB = o1B.toDouble(): null

02-12-2024T02:39:44 - [TEST_STEP][PASSED] - setValueToCellByIndex(sheet01, n, 5, FB): null

02-12-2024T02:39:44 - [TEST_STEP][PASSED] - setValueToCellByIndex(sheet01, n, 6, m): null

02-12-2024T02:39:44 - [TEST_STEP][PASSED] - setValueToCellByIndex(sheet01, n, 7, y): null

02-12-2024T02:39:44 - [TEST_STEP][PASSED] - setValueToCellByIndex(sheet01, n, 8, todaysDate): null

02-12-2024T02:39:44 - [TEST_STEP][PASSED] - n = n + 1: null

02-12-2024T02:39:44 - [TEST_STEP][FAILED] - saveWorkbook(excelFilePath, workbook01): null

02-12-2024T02:39:44 - [TEST_STEP][PASSED] - if (verifyEqual(tyumR, tyumB) == false): Actual object 'Россети Тюмень/2.50/2.65/43413766/42264622/1149143/45056130/43930370/1125760/0.15' and expected object 'Россети Тюмень/2.50/2.65/43413766/42264622/1149143/45056130/43930370/1125760/0.15' are equal

02-12-2024T02:39:44 - [MESSAGE][PASSED] - Actual object 'Россети Тюмень/2.50/2.65/43413766/42264622/1149143/45056130/43930370/1125760/0.15' and expected object 'Россети Тюмень/2.50/2.65/43413766/42264622/1149143/45056130/43930370/1125760/0.15' are equal

02-12-2024T02:39:44 - [TEST_STEP][FAILED] - if (verifyEqual(urR, urB) == false): null

02-12-2024T02:39:44 - [MESSAGE][FAILED] - Unable to verify equal between actual object 'Россети Урал (ГК)/нет данных/нет данных/нет данных/нет данных/нет данных/нет данных/нет данных/нет данных/нет данных' and expected object 'Россети Урал (ГК)/5.87/5.76/60236197/56765393/3470805/66176856/62251551/3925305/-0.11' (Root cause: com.kms.katalon.core.exception.StepFailedException: Actual object 'Россети Урал (ГК)/нет данных/нет данных/нет данных/нет данных/нет данных/нет данных/нет данных/нет данных/нет данных' and expected object 'Россети Урал (ГК)/5.87/5.76/60236197/56765393/3470805/66176856/62251551/3925305/-0.11' are not equal
	at com.kms.katalon.core.keyword.builtin.VerifyEqualKeyword$_verifyEqual_closure1.doCall(VerifyEqualKeyword.groovy:58)
	at com.kms.katalon.core.keyword.builtin.VerifyEqualKeyword$_verifyEqual_closure1.call(VerifyEqualKeyword.groovy)
	at com.kms.katalon.core.keyword.internal.KeywordMain.runKeyword(KeywordMain.groovy:75)
	at com.kms.katalon.core.keyword.builtin.VerifyEqualKeyword.verifyEqual(VerifyEqualKeyword.groovy:63)
	at com.kms.katalon.core.keyword.builtin.VerifyEqualKeyword.execute(VerifyEqualKeyword.groovy:44)
	at com.kms.katalon.core.keyword.internal.KeywordExecutor.executeKeywordForPlatform(KeywordExecutor.groovy:74)
	at com.kms.katalon.core.keyword.BuiltinKeywords.verifyEqual(BuiltinKeywords.groovy:146)
	at jdk.internal.reflect.GeneratedMethodAccessor25.invoke(Unknown Source)
	at java.base/jdk.internal.reflect.DelegatingMethodAccessorImpl.invoke(DelegatingMethodAccessorImpl.java:43)
	at Выполнение бизнес-плана сверка дашбордов.run(Выполнение бизнес-плана сверка дашбордов:642)
	at com.kms.katalon.core.main.ScriptEngine.run(ScriptEngine.java:194)
	at com.kms.katalon.core.main.ScriptEngine.runScriptAsRawText(ScriptEngine.java:119)
	at com.kms.katalon.core.main.TestCaseExecutor.runScript(TestCaseExecutor.java:448)
	at com.kms.katalon.core.main.TestCaseExecutor.doExecute(TestCaseExecutor.java:439)
	at com.kms.katalon.core.main.TestCaseExecutor.processExecutionPhase(TestCaseExecutor.java:418)
	at com.kms.katalon.core.main.TestCaseExecutor.accessMainPhase(TestCaseExecutor.java:410)
	at com.kms.katalon.core.main.TestCaseExecutor.execute(TestCaseExecutor.java:285)
	at com.kms.katalon.core.common.CommonExecutor.accessTestCaseMainPhase(CommonExecutor.java:65)
	at com.kms.katalon.core.main.TestSuiteExecutor.accessTestSuiteMainPhase(TestSuiteExecutor.java:150)
	at com.kms.katalon.core.main.TestSuiteExecutor.execute(TestSuiteExecutor.java:106)
	at com.kms.katalon.core.main.TestCaseMain.startTestSuite(TestCaseMain.java:180)
	at TempTestSuite1733095732962.run(TempTestSuite1733095732962.groovy:35)
	at java.base/jdk.internal.reflect.NativeMethodAccessorImpl.invoke0(Native Method)
	at java.base/jdk.internal.reflect.NativeMethodAccessorImpl.invoke(NativeMethodAccessorImpl.java:77)
	at java.base/jdk.internal.reflect.DelegatingMethodAccessorImpl.invoke(DelegatingMethodAccessorImpl.java:43)
)

02-12-2024T02:39:44 - [TEST_STEP][PASSED] - result = CompareDZOData(a = urR, b = urB, dZO, typeOfData, PercPlanR, PercPlanB, PercFactR, PercFactB, todaysDate, x, vidget, tabR, tabB, o1R, o1B): null

02-12-2024T02:39:44 - [TEST_STEP][PASSED] - ii2 = <not implemented yet for class: org.codehaus.groovy.ast.expr.EmptyExpression>: null

02-12-2024T02:39:44 - [TEST_STEP][FAILED] - if (verifyEqual(a, b) == false): null

02-12-2024T02:39:44 - [MESSAGE][FAILED] - Unable to verify equal between actual object 'Россети Урал (ГК)/нет данных/нет данных/нет данных/нет данных/нет данных/нет данных/нет данных/нет данных/нет данных' and expected object 'Россети Урал (ГК)/5.87/5.76/60236197/56765393/3470805/66176856/62251551/3925305/-0.11' (Root cause: com.kms.katalon.core.exception.StepFailedException: Actual object 'Россети Урал (ГК)/нет данных/нет данных/нет данных/нет данных/нет данных/нет данных/нет данных/нет данных/нет данных' and expected object 'Россети Урал (ГК)/5.87/5.76/60236197/56765393/3470805/66176856/62251551/3925305/-0.11' are not equal
	at com.kms.katalon.core.keyword.builtin.VerifyEqualKeyword$_verifyEqual_closure1.doCall(VerifyEqualKeyword.groovy:58)
	at com.kms.katalon.core.keyword.builtin.VerifyEqualKeyword$_verifyEqual_closure1.call(VerifyEqualKeyword.groovy)
	at com.kms.katalon.core.keyword.internal.KeywordMain.runKeyword(KeywordMain.groovy:75)
	at com.kms.katalon.core.keyword.builtin.VerifyEqualKeyword.verifyEqual(VerifyEqualKeyword.groovy:63)
	at com.kms.katalon.core.keyword.builtin.VerifyEqualKeyword.execute(VerifyEqualKeyword.groovy:44)
	at com.kms.katalon.core.keyword.internal.KeywordExecutor.executeKeywordForPlatform(KeywordExecutor.groovy:74)
	at com.kms.katalon.core.keyword.BuiltinKeywords.verifyEqual(BuiltinKeywords.groovy:146)
	at jdk.internal.reflect.GeneratedMethodAccessor25.invoke(Unknown Source)
	at java.base/jdk.internal.reflect.DelegatingMethodAccessorImpl.invoke(DelegatingMethodAccessorImpl.java:43)
	at Выполнение бизнес-плана сверка дашбордов.CompareDZOData(Выполнение бизнес-плана сверка дашбордов:673)
	at Выполнение бизнес-плана сверка дашбордов.run(Выполнение бизнес-плана сверка дашбордов:643)
	at com.kms.katalon.core.main.ScriptEngine.run(ScriptEngine.java:194)
	at com.kms.katalon.core.main.ScriptEngine.runScriptAsRawText(ScriptEngine.java:119)
	at com.kms.katalon.core.main.TestCaseExecutor.runScript(TestCaseExecutor.java:448)
	at com.kms.katalon.core.main.TestCaseExecutor.doExecute(TestCaseExecutor.java:439)
	at com.kms.katalon.core.main.TestCaseExecutor.processExecutionPhase(TestCaseExecutor.java:418)
	at com.kms.katalon.core.main.TestCaseExecutor.accessMainPhase(TestCaseExecutor.java:410)
	at com.kms.katalon.core.main.TestCaseExecutor.execute(TestCaseExecutor.java:285)
	at com.kms.katalon.core.common.CommonExecutor.accessTestCaseMainPhase(CommonExecutor.java:65)
	at com.kms.katalon.core.main.TestSuiteExecutor.accessTestSuiteMainPhase(TestSuiteExecutor.java:150)
	at com.kms.katalon.core.main.TestSuiteExecutor.execute(TestSuiteExecutor.java:106)
	at com.kms.katalon.core.main.TestCaseMain.startTestSuite(TestCaseMain.java:180)
	at TempTestSuite1733095732962.run(TempTestSuite1733095732962.groovy:35)
	at java.base/jdk.internal.reflect.NativeMethodAccessorImpl.invoke0(Native Method)
	at java.base/jdk.internal.reflect.NativeMethodAccessorImpl.invoke(NativeMethodAccessorImpl.java:77)
	at java.base/jdk.internal.reflect.DelegatingMethodAccessorImpl.invoke(DelegatingMethodAccessorImpl.java:43)
)

02-12-2024T02:39:44 - [TEST_STEP][PASSED] - vidget = "Уровень потерь электроэнергии": null

02-12-2024T02:39:44 - [TEST_STEP][PASSED] - typeOfData = "План": null

02-12-2024T02:39:44 - [TEST_STEP][PASSED] - PercPlanR = GetPercPlanR(x = a): null

02-12-2024T02:39:44 - [TEST_STEP][PASSED] - i1 = <not implemented yet for class: org.codehaus.groovy.ast.expr.EmptyExpression>: null

02-12-2024T02:39:44 - [TEST_STEP][PASSED] - i1 = x.indexOf("/") + 1: null

02-12-2024T02:39:44 - [TEST_STEP][PASSED] - if (i1 > -1): null

02-12-2024T02:39:44 - [TEST_STEP][PASSED] - x = x.substring(i1, x.length()): null

02-12-2024T02:39:44 - [TEST_STEP][PASSED] - i1 = x.indexOf("/"): null

02-12-2024T02:39:44 - [TEST_STEP][PASSED] - if (i1 > -1): null

02-12-2024T02:39:44 - [TEST_STEP][PASSED] - x = x.substring(0, i1): null

02-12-2024T02:39:44 - [TEST_STEP][PASSED] - return x: null

02-12-2024T02:39:44 - [TEST_STEP][PASSED] - PercPlanB = GetPercPlanB(x = b): null

02-12-2024T02:39:44 - [TEST_STEP][PASSED] - i1 = <not implemented yet for class: org.codehaus.groovy.ast.expr.EmptyExpression>: null

02-12-2024T02:39:44 - [TEST_STEP][PASSED] - i1 = x.indexOf("/") + 1: null

02-12-2024T02:39:44 - [TEST_STEP][PASSED] - if (i1 > -1): null

02-12-2024T02:39:44 - [TEST_STEP][PASSED] - x = x.substring(i1, x.length()): null

02-12-2024T02:39:44 - [TEST_STEP][PASSED] - i1 = x.indexOf("/"): null

02-12-2024T02:39:44 - [TEST_STEP][PASSED] - if (i1 > -1): null

02-12-2024T02:39:44 - [TEST_STEP][PASSED] - x = x.substring(0, i1): null

02-12-2024T02:39:44 - [TEST_STEP][FAILED] - return x: null

02-12-2024T02:39:44 - [TEST_STEP][FAILED] - if (verifyEqual(PercPlanR, PercPlanB) == false): null

02-12-2024T02:39:44 - [MESSAGE][FAILED] - Unable to verify equal between actual object 'нет данных' and expected object '5.87' (Root cause: com.kms.katalon.core.exception.StepFailedException: Actual object 'нет данных' and expected object '5.87' are not equal
	at com.kms.katalon.core.keyword.builtin.VerifyEqualKeyword$_verifyEqual_closure1.doCall(VerifyEqualKeyword.groovy:58)
	at com.kms.katalon.core.keyword.builtin.VerifyEqualKeyword$_verifyEqual_closure1.call(VerifyEqualKeyword.groovy)
	at com.kms.katalon.core.keyword.internal.KeywordMain.runKeyword(KeywordMain.groovy:75)
	at com.kms.katalon.core.keyword.builtin.VerifyEqualKeyword.verifyEqual(VerifyEqualKeyword.groovy:63)
	at com.kms.katalon.core.keyword.builtin.VerifyEqualKeyword.execute(VerifyEqualKeyword.groovy:44)
	at com.kms.katalon.core.keyword.internal.KeywordExecutor.executeKeywordForPlatform(KeywordExecutor.groovy:74)
	at com.kms.katalon.core.keyword.BuiltinKeywords.verifyEqual(BuiltinKeywords.groovy:146)
	at jdk.internal.reflect.GeneratedMethodAccessor25.invoke(Unknown Source)
	at java.base/jdk.internal.reflect.DelegatingMethodAccessorImpl.invoke(DelegatingMethodAccessorImpl.java:43)
	at Выполнение бизнес-плана сверка дашбордов.CompareDZOData(Выполнение бизнес-плана сверка дашбордов:682)
	at Выполнение бизнес-плана сверка дашбордов.run(Выполнение бизнес-плана сверка дашбордов:643)
	at com.kms.katalon.core.main.ScriptEngine.run(ScriptEngine.java:194)
	at com.kms.katalon.core.main.ScriptEngine.runScriptAsRawText(ScriptEngine.java:119)
	at com.kms.katalon.core.main.TestCaseExecutor.runScript(TestCaseExecutor.java:448)
	at com.kms.katalon.core.main.TestCaseExecutor.doExecute(TestCaseExecutor.java:439)
	at com.kms.katalon.core.main.TestCaseExecutor.processExecutionPhase(TestCaseExecutor.java:418)
	at com.kms.katalon.core.main.TestCaseExecutor.accessMainPhase(TestCaseExecutor.java:410)
	at com.kms.katalon.core.main.TestCaseExecutor.execute(TestCaseExecutor.java:285)
	at com.kms.katalon.core.common.CommonExecutor.accessTestCaseMainPhase(CommonExecutor.java:65)
	at com.kms.katalon.core.main.TestSuiteExecutor.accessTestSuiteMainPhase(TestSuiteExecutor.java:150)
	at com.kms.katalon.core.main.TestSuiteExecutor.execute(TestSuiteExecutor.java:106)
	at com.kms.katalon.core.main.TestCaseMain.startTestSuite(TestCaseMain.java:180)
	at TempTestSuite1733095732962.run(TempTestSuite1733095732962.groovy:35)
	at java.base/jdk.internal.reflect.NativeMethodAccessorImpl.invoke0(Native Method)
	at java.base/jdk.internal.reflect.NativeMethodAccessorImpl.invoke(NativeMethodAccessorImpl.java:77)
	at java.base/jdk.internal.reflect.DelegatingMethodAccessorImpl.invoke(DelegatingMethodAccessorImpl.java:43)
)

02-12-2024T02:39:44 - [TEST_STEP][PASSED] - result = WriteToExcel(typeOfData, todaysDate, PercPlanR, PercPlanB, PercFactR, PercFactB, x, tabR, tabB, o1R, o1B, vidget): null

02-12-2024T02:39:44 - [TEST_STEP][PASSED] - iii = dZO.indexOf("/"): null

02-12-2024T02:39:44 - [TEST_STEP][PASSED] - println(iii): null

02-12-2024T02:39:44 - [TEST_STEP][PASSED] - dZO = dZO.substring(0, iii): null

02-12-2024T02:39:44 - [TEST_STEP][PASSED] - println(dZO): null

02-12-2024T02:39:44 - [TEST_STEP][PASSED] - println(PercPlanR): null

02-12-2024T02:39:44 - [TEST_STEP][PASSED] - println(PercPlanB): null

02-12-2024T02:39:44 - [TEST_STEP][PASSED] - println(PercFactR): null

02-12-2024T02:39:44 - [TEST_STEP][PASSED] - println(PercFactB): null

02-12-2024T02:39:44 - [TEST_STEP][PASSED] - println(tabR): null

02-12-2024T02:39:44 - [TEST_STEP][PASSED] - println(tabB): null

02-12-2024T02:39:44 - [TEST_STEP][PASSED] - println(o1R): null

02-12-2024T02:39:44 - [TEST_STEP][PASSED] - println(o1B): null

02-12-2024T02:39:44 - [TEST_STEP][PASSED] - PR = <not implemented yet for class: org.codehaus.groovy.ast.expr.EmptyExpression>: null

02-12-2024T02:39:44 - [TEST_STEP][PASSED] - FR = <not implemented yet for class: org.codehaus.groovy.ast.expr.EmptyExpression>: null

02-12-2024T02:39:44 - [TEST_STEP][PASSED] - PB = <not implemented yet for class: org.codehaus.groovy.ast.expr.EmptyExpression>: null

02-12-2024T02:39:44 - [TEST_STEP][PASSED] - FB = <not implemented yet for class: org.codehaus.groovy.ast.expr.EmptyExpression>: null

02-12-2024T02:39:44 - [TEST_STEP][PASSED] - TR = <not implemented yet for class: org.codehaus.groovy.ast.expr.EmptyExpression>: null

02-12-2024T02:39:44 - [TEST_STEP][PASSED] - TB = <not implemented yet for class: org.codehaus.groovy.ast.expr.EmptyExpression>: null

02-12-2024T02:39:44 - [TEST_STEP][PASSED] - sheetName = "Sheet1": null

02-12-2024T02:39:44 - [TEST_STEP][PASSED] - data = findTestData("PlanFact"): null

02-12-2024T02:39:45 - [TEST_STEP][PASSED] - n = data.getRowNumbers() + 1: null

02-12-2024T02:39:45 - [TEST_STEP][PASSED] - year = todaysDate.substring(todaysDate.length() - 4, todaysDate.length()): null

02-12-2024T02:39:45 - [TEST_STEP][PASSED] - y = year.toInteger(): null

02-12-2024T02:39:45 - [TEST_STEP][PASSED] - m = getText(findTestObject("Выполнение бизнес-плана/Выполнение бизнес-плана Балансы/Фильтр Дата")): Text of object 'Object Repository/Выполнение бизнес-плана/Выполнение бизнес-плана Балансы/Фильтр Дата' is: '1, 2, 3 кв., Октябрь 2024 года'

02-12-2024T02:39:45 - [MESSAGE][PASSED] - Text of object 'Object Repository/Выполнение бизнес-плана/Выполнение бизнес-плана Балансы/Фильтр Дата' is: '1, 2, 3 кв., Октябрь 2024 года'

02-12-2024T02:39:45 - [TEST_STEP][PASSED] - m = m.substring(0, m.indexOf("2024")): null

02-12-2024T02:39:45 - [TEST_STEP][PASSED] - m = m.trim(): null

02-12-2024T02:39:45 - [TEST_STEP][PASSED] - dashboardName = "Выполнение бизнес-плана": null

02-12-2024T02:39:45 - [TEST_STEP][PASSED] - workbook01 = getWorkbook(excelFilePath): null

02-12-2024T02:39:45 - [TEST_STEP][PASSED] - sheet01 = getExcelSheet(workbook01, sheetName): null

02-12-2024T02:39:45 - [TEST_STEP][PASSED] - setValueToCellByIndex(sheet01, n, 0, dashboardName): null

02-12-2024T02:39:45 - [TEST_STEP][PASSED] - setValueToCellByIndex(sheet01, n, 1, dZO): null

02-12-2024T02:39:45 - [TEST_STEP][PASSED] - setValueToCellByIndex(sheet01, n, 2, typeOfData): null

02-12-2024T02:39:45 - [TEST_STEP][PASSED] - setValueToCellByIndex(sheet01, n, 3, typeOfData): null

02-12-2024T02:39:45 - [TEST_STEP][PASSED] - if (typeOfData == "План"): null

02-12-2024T02:39:45 - [TEST_STEP][PASSED] - if (PercPlanR == null): null

02-12-2024T02:39:45 - [TEST_STEP][PASSED] - else: null

02-12-2024T02:39:45 - [TEST_STEP][PASSED] - if (PercPlanR == "нет данных"): null

02-12-2024T02:39:45 - [TEST_STEP][PASSED] - setValueToCellByIndex(sheet01, n, 4, "нет данных"): null

02-12-2024T02:39:45 - [TEST_STEP][PASSED] - if (PercPlanB == null): null

02-12-2024T02:39:45 - [TEST_STEP][PASSED] - else: null

02-12-2024T02:39:45 - [TEST_STEP][PASSED] - if (PercPlanB == "нет данных"): null

02-12-2024T02:39:45 - [TEST_STEP][PASSED] - else: null

02-12-2024T02:39:45 - [TEST_STEP][PASSED] - PB = PercPlanB.toDouble(): null

02-12-2024T02:39:45 - [TEST_STEP][PASSED] - setValueToCellByIndex(sheet01, n, 5, PB): null

02-12-2024T02:39:45 - [TEST_STEP][PASSED] - setValueToCellByIndex(sheet01, n, 6, m): null

02-12-2024T02:39:45 - [TEST_STEP][PASSED] - setValueToCellByIndex(sheet01, n, 7, y): null

02-12-2024T02:39:45 - [TEST_STEP][PASSED] - setValueToCellByIndex(sheet01, n, 8, todaysDate): null

02-12-2024T02:39:45 - [TEST_STEP][PASSED] - n = n + 1: null

02-12-2024T02:39:45 - [TEST_STEP][PASSED] - saveWorkbook(excelFilePath, workbook01): null

02-12-2024T02:39:45 - [TEST_STEP][PASSED] - typeOfData = "Факт": null

02-12-2024T02:39:45 - [TEST_STEP][PASSED] - PercFactR = GetPercFactR(x = a): null

02-12-2024T02:39:45 - [TEST_STEP][PASSED] - i1 = <not implemented yet for class: org.codehaus.groovy.ast.expr.EmptyExpression>: null

02-12-2024T02:39:45 - [TEST_STEP][PASSED] - ii = <not implemented yet for class: org.codehaus.groovy.ast.expr.EmptyExpression>: null

02-12-2024T02:39:45 - [TEST_STEP][PASSED] - for ([ii = 1, ii < 3, (ii++)]): null

02-12-2024T02:39:45 - [TEST_STEP][PASSED] - i1 = x.indexOf("/") + 1: null

02-12-2024T02:39:45 - [TEST_STEP][PASSED] - if (i1 > -1): null

02-12-2024T02:39:45 - [TEST_STEP][PASSED] - x = x.substring(i1, x.length()): null

02-12-2024T02:39:45 - [TEST_STEP][PASSED] - println(x): null

02-12-2024T02:39:45 - [TEST_STEP][PASSED] - i1 = x.indexOf("/") + 1: null

02-12-2024T02:39:45 - [TEST_STEP][PASSED] - if (i1 > -1): null

02-12-2024T02:39:45 - [TEST_STEP][PASSED] - x = x.substring(i1, x.length()): null

02-12-2024T02:39:45 - [TEST_STEP][PASSED] - println(x): null

02-12-2024T02:39:45 - [TEST_STEP][PASSED] - i1 = x.indexOf("/"): null

02-12-2024T02:39:45 - [TEST_STEP][PASSED] - if (i1 > -1): null

02-12-2024T02:39:45 - [TEST_STEP][PASSED] - x = x.substring(0, i1): null

02-12-2024T02:39:45 - [TEST_STEP][PASSED] - println(x): null

02-12-2024T02:39:45 - [TEST_STEP][PASSED] - return x: null

02-12-2024T02:39:45 - [TEST_STEP][PASSED] - PercFactB = GetPercFactB(x = b): null

02-12-2024T02:39:45 - [TEST_STEP][PASSED] - i1 = <not implemented yet for class: org.codehaus.groovy.ast.expr.EmptyExpression>: null

02-12-2024T02:39:45 - [TEST_STEP][PASSED] - ii = <not implemented yet for class: org.codehaus.groovy.ast.expr.EmptyExpression>: null

02-12-2024T02:39:45 - [TEST_STEP][PASSED] - for ([ii = 1, ii < 3, (ii++)]): null

02-12-2024T02:39:45 - [TEST_STEP][PASSED] - i1 = x.indexOf("/") + 1: null

02-12-2024T02:39:45 - [TEST_STEP][PASSED] - if (i1 > -1): null

02-12-2024T02:39:45 - [TEST_STEP][PASSED] - x = x.substring(i1, x.length()): null

02-12-2024T02:39:45 - [TEST_STEP][PASSED] - println(x): null

02-12-2024T02:39:45 - [TEST_STEP][PASSED] - i1 = x.indexOf("/") + 1: null

02-12-2024T02:39:45 - [TEST_STEP][PASSED] - if (i1 > -1): null

02-12-2024T02:39:45 - [TEST_STEP][PASSED] - x = x.substring(i1, x.length()): null

02-12-2024T02:39:45 - [TEST_STEP][PASSED] - println(x): null

02-12-2024T02:39:45 - [TEST_STEP][PASSED] - i1 = x.indexOf("/"): null

02-12-2024T02:39:45 - [TEST_STEP][PASSED] - if (i1 > -1): null

02-12-2024T02:39:45 - [TEST_STEP][PASSED] - x = x.substring(0, i1): null

02-12-2024T02:39:45 - [TEST_STEP][PASSED] - println(x): null

02-12-2024T02:39:45 - [TEST_STEP][FAILED] - return x: null

02-12-2024T02:39:45 - [TEST_STEP][FAILED] - if (verifyEqual(PercFactR, PercFactB) == false): null

02-12-2024T02:39:45 - [MESSAGE][FAILED] - Unable to verify equal between actual object 'нет данных' and expected object '5.76' (Root cause: com.kms.katalon.core.exception.StepFailedException: Actual object 'нет данных' and expected object '5.76' are not equal
	at com.kms.katalon.core.keyword.builtin.VerifyEqualKeyword$_verifyEqual_closure1.doCall(VerifyEqualKeyword.groovy:58)
	at com.kms.katalon.core.keyword.builtin.VerifyEqualKeyword$_verifyEqual_closure1.call(VerifyEqualKeyword.groovy)
	at com.kms.katalon.core.keyword.internal.KeywordMain.runKeyword(KeywordMain.groovy:75)
	at com.kms.katalon.core.keyword.builtin.VerifyEqualKeyword.verifyEqual(VerifyEqualKeyword.groovy:63)
	at com.kms.katalon.core.keyword.builtin.VerifyEqualKeyword.execute(VerifyEqualKeyword.groovy:44)
	at com.kms.katalon.core.keyword.internal.KeywordExecutor.executeKeywordForPlatform(KeywordExecutor.groovy:74)
	at com.kms.katalon.core.keyword.BuiltinKeywords.verifyEqual(BuiltinKeywords.groovy:146)
	at jdk.internal.reflect.GeneratedMethodAccessor25.invoke(Unknown Source)
	at java.base/jdk.internal.reflect.DelegatingMethodAccessorImpl.invoke(DelegatingMethodAccessorImpl.java:43)
	at Выполнение бизнес-плана сверка дашбордов.CompareDZOData(Выполнение бизнес-плана сверка дашбордов:693)
	at Выполнение бизнес-плана сверка дашбордов.run(Выполнение бизнес-плана сверка дашбордов:643)
	at com.kms.katalon.core.main.ScriptEngine.run(ScriptEngine.java:194)
	at com.kms.katalon.core.main.ScriptEngine.runScriptAsRawText(ScriptEngine.java:119)
	at com.kms.katalon.core.main.TestCaseExecutor.runScript(TestCaseExecutor.java:448)
	at com.kms.katalon.core.main.TestCaseExecutor.doExecute(TestCaseExecutor.java:439)
	at com.kms.katalon.core.main.TestCaseExecutor.processExecutionPhase(TestCaseExecutor.java:418)
	at com.kms.katalon.core.main.TestCaseExecutor.accessMainPhase(TestCaseExecutor.java:410)
	at com.kms.katalon.core.main.TestCaseExecutor.execute(TestCaseExecutor.java:285)
	at com.kms.katalon.core.common.CommonExecutor.accessTestCaseMainPhase(CommonExecutor.java:65)
	at com.kms.katalon.core.main.TestSuiteExecutor.accessTestSuiteMainPhase(TestSuiteExecutor.java:150)
	at com.kms.katalon.core.main.TestSuiteExecutor.execute(TestSuiteExecutor.java:106)
	at com.kms.katalon.core.main.TestCaseMain.startTestSuite(TestCaseMain.java:180)
	at TempTestSuite1733095732962.run(TempTestSuite1733095732962.groovy:35)
	at java.base/jdk.internal.reflect.NativeMethodAccessorImpl.invoke0(Native Method)
	at java.base/jdk.internal.reflect.NativeMethodAccessorImpl.invoke(NativeMethodAccessorImpl.java:77)
	at java.base/jdk.internal.reflect.DelegatingMethodAccessorImpl.invoke(DelegatingMethodAccessorImpl.java:43)
)

02-12-2024T02:39:45 - [TEST_STEP][PASSED] - result = WriteToExcel(typeOfData, todaysDate, PercPlanR, PercPlanB, PercFactR, PercFactB, x, tabR, tabB, o1R, o1B, vidget): null

02-12-2024T02:39:45 - [TEST_STEP][PASSED] - iii = dZO.indexOf("/"): null

02-12-2024T02:39:45 - [TEST_STEP][PASSED] - println(iii): null

02-12-2024T02:39:45 - [TEST_STEP][PASSED] - dZO = dZO.substring(0, iii): null

02-12-2024T02:39:45 - [TEST_STEP][PASSED] - println(dZO): null

02-12-2024T02:39:45 - [TEST_STEP][PASSED] - println(PercPlanR): null

02-12-2024T02:39:45 - [TEST_STEP][PASSED] - println(PercPlanB): null

02-12-2024T02:39:45 - [TEST_STEP][PASSED] - println(PercFactR): null

02-12-2024T02:39:45 - [TEST_STEP][PASSED] - println(PercFactB): null

02-12-2024T02:39:45 - [TEST_STEP][PASSED] - println(tabR): null

02-12-2024T02:39:45 - [TEST_STEP][PASSED] - println(tabB): null

02-12-2024T02:39:45 - [TEST_STEP][PASSED] - println(o1R): null

02-12-2024T02:39:45 - [TEST_STEP][PASSED] - println(o1B): null

02-12-2024T02:39:45 - [TEST_STEP][PASSED] - PR = <not implemented yet for class: org.codehaus.groovy.ast.expr.EmptyExpression>: null

02-12-2024T02:39:45 - [TEST_STEP][PASSED] - FR = <not implemented yet for class: org.codehaus.groovy.ast.expr.EmptyExpression>: null

02-12-2024T02:39:45 - [TEST_STEP][PASSED] - PB = <not implemented yet for class: org.codehaus.groovy.ast.expr.EmptyExpression>: null

02-12-2024T02:39:45 - [TEST_STEP][PASSED] - FB = <not implemented yet for class: org.codehaus.groovy.ast.expr.EmptyExpression>: null

02-12-2024T02:39:45 - [TEST_STEP][PASSED] - TR = <not implemented yet for class: org.codehaus.groovy.ast.expr.EmptyExpression>: null

02-12-2024T02:39:45 - [TEST_STEP][PASSED] - TB = <not implemented yet for class: org.codehaus.groovy.ast.expr.EmptyExpression>: null

02-12-2024T02:39:45 - [TEST_STEP][PASSED] - sheetName = "Sheet1": null

02-12-2024T02:39:45 - [TEST_STEP][PASSED] - data = findTestData("PlanFact"): null

02-12-2024T02:39:45 - [TEST_STEP][PASSED] - n = data.getRowNumbers() + 1: null

02-12-2024T02:39:45 - [TEST_STEP][PASSED] - year = todaysDate.substring(todaysDate.length() - 4, todaysDate.length()): null

02-12-2024T02:39:45 - [TEST_STEP][PASSED] - y = year.toInteger(): null

02-12-2024T02:39:45 - [TEST_STEP][PASSED] - m = getText(findTestObject("Выполнение бизнес-плана/Выполнение бизнес-плана Балансы/Фильтр Дата")): Text of object 'Object Repository/Выполнение бизнес-плана/Выполнение бизнес-плана Балансы/Фильтр Дата' is: '1, 2, 3 кв., Октябрь 2024 года'

02-12-2024T02:39:45 - [MESSAGE][PASSED] - Text of object 'Object Repository/Выполнение бизнес-плана/Выполнение бизнес-плана Балансы/Фильтр Дата' is: '1, 2, 3 кв., Октябрь 2024 года'

02-12-2024T02:39:45 - [TEST_STEP][PASSED] - m = m.substring(0, m.indexOf("2024")): null

02-12-2024T02:39:45 - [TEST_STEP][PASSED] - m = m.trim(): null

02-12-2024T02:39:45 - [TEST_STEP][PASSED] - dashboardName = "Выполнение бизнес-плана": null

02-12-2024T02:39:45 - [TEST_STEP][PASSED] - workbook01 = getWorkbook(excelFilePath): null

02-12-2024T02:39:46 - [TEST_STEP][PASSED] - sheet01 = getExcelSheet(workbook01, sheetName): null

02-12-2024T02:39:46 - [TEST_STEP][PASSED] - setValueToCellByIndex(sheet01, n, 0, dashboardName): null

02-12-2024T02:39:46 - [TEST_STEP][PASSED] - setValueToCellByIndex(sheet01, n, 1, dZO): null

02-12-2024T02:39:46 - [TEST_STEP][PASSED] - setValueToCellByIndex(sheet01, n, 2, typeOfData): null

02-12-2024T02:39:46 - [TEST_STEP][PASSED] - setValueToCellByIndex(sheet01, n, 3, typeOfData): null

02-12-2024T02:39:46 - [TEST_STEP][PASSED] - if (typeOfData == "План"): null

02-12-2024T02:39:46 - [TEST_STEP][PASSED] - else if (typeOfData == "Факт"): null

02-12-2024T02:39:46 - [TEST_STEP][PASSED] - if (PercFactR == null): null

02-12-2024T02:39:46 - [TEST_STEP][PASSED] - else: null

02-12-2024T02:39:46 - [TEST_STEP][PASSED] - if (PercFactR == "нет данных"): null

02-12-2024T02:39:46 - [TEST_STEP][PASSED] - setValueToCellByIndex(sheet01, n, 4, "нет данных"): null

02-12-2024T02:39:46 - [TEST_STEP][PASSED] - if (PercFactB == null): null

02-12-2024T02:39:46 - [TEST_STEP][PASSED] - else: null

02-12-2024T02:39:46 - [TEST_STEP][PASSED] - if (PercFactB == "нет данных"): null

02-12-2024T02:39:46 - [TEST_STEP][PASSED] - else: null

02-12-2024T02:39:46 - [TEST_STEP][PASSED] - FB = PercFactB.toDouble(): null

02-12-2024T02:39:46 - [TEST_STEP][PASSED] - setValueToCellByIndex(sheet01, n, 5, FB): null

02-12-2024T02:39:46 - [TEST_STEP][PASSED] - setValueToCellByIndex(sheet01, n, 6, m): null

02-12-2024T02:39:46 - [TEST_STEP][PASSED] - setValueToCellByIndex(sheet01, n, 7, y): null

02-12-2024T02:39:46 - [TEST_STEP][PASSED] - setValueToCellByIndex(sheet01, n, 8, todaysDate): null

02-12-2024T02:39:46 - [TEST_STEP][PASSED] - n = n + 1: null

02-12-2024T02:39:46 - [TEST_STEP][PASSED] - saveWorkbook(excelFilePath, workbook01): null

02-12-2024T02:39:46 - [TEST_STEP][PASSED] - vidget = "Показатели баланса электроэнергии по ДЗО – Факт": null

02-12-2024T02:39:46 - [TEST_STEP][PASSED] - typeOfData = "Факт Отпуск в сеть": null

02-12-2024T02:39:46 - [TEST_STEP][PASSED] - tabR = GetOvSFactR(x = a): null

02-12-2024T02:39:46 - [TEST_STEP][PASSED] - i1 = <not implemented yet for class: org.codehaus.groovy.ast.expr.EmptyExpression>: null

02-12-2024T02:39:46 - [TEST_STEP][PASSED] - ii = <not implemented yet for class: org.codehaus.groovy.ast.expr.EmptyExpression>: null

02-12-2024T02:39:46 - [TEST_STEP][PASSED] - for ([ii = 1, ii < 4, (ii++)]): null

02-12-2024T02:39:46 - [TEST_STEP][PASSED] - i1 = x.indexOf("/") + 1: null

02-12-2024T02:39:46 - [TEST_STEP][PASSED] - if (i1 > -1): null

02-12-2024T02:39:46 - [TEST_STEP][PASSED] - x = x.substring(i1, x.length()): null

02-12-2024T02:39:46 - [TEST_STEP][PASSED] - println(x): null

02-12-2024T02:39:46 - [TEST_STEP][PASSED] - i1 = x.indexOf("/") + 1: null

02-12-2024T02:39:46 - [TEST_STEP][PASSED] - if (i1 > -1): null

02-12-2024T02:39:46 - [TEST_STEP][PASSED] - x = x.substring(i1, x.length()): null

02-12-2024T02:39:46 - [TEST_STEP][PASSED] - println(x): null

02-12-2024T02:39:46 - [TEST_STEP][PASSED] - i1 = x.indexOf("/") + 1: null

02-12-2024T02:39:46 - [TEST_STEP][PASSED] - if (i1 > -1): null

02-12-2024T02:39:46 - [TEST_STEP][PASSED] - x = x.substring(i1, x.length()): null

02-12-2024T02:39:46 - [TEST_STEP][PASSED] - println(x): null

02-12-2024T02:39:46 - [TEST_STEP][PASSED] - i1 = x.indexOf("/"): null

02-12-2024T02:39:46 - [TEST_STEP][PASSED] - if (i1 > -1): null

02-12-2024T02:39:46 - [TEST_STEP][PASSED] - x = x.substring(0, i1): null

02-12-2024T02:39:46 - [TEST_STEP][PASSED] - println(x): null

02-12-2024T02:39:46 - [TEST_STEP][PASSED] - return x: null

02-12-2024T02:39:46 - [TEST_STEP][PASSED] - tabB = GetOvSFactB(x = b): null

02-12-2024T02:39:46 - [TEST_STEP][PASSED] - i1 = <not implemented yet for class: org.codehaus.groovy.ast.expr.EmptyExpression>: null

02-12-2024T02:39:46 - [TEST_STEP][PASSED] - ii = <not implemented yet for class: org.codehaus.groovy.ast.expr.EmptyExpression>: null

02-12-2024T02:39:46 - [TEST_STEP][PASSED] - for ([ii = 1, ii < 4, (ii++)]): null

02-12-2024T02:39:46 - [TEST_STEP][PASSED] - i1 = x.indexOf("/") + 1: null

02-12-2024T02:39:46 - [TEST_STEP][PASSED] - if (i1 > -1): null

02-12-2024T02:39:46 - [TEST_STEP][PASSED] - x = x.substring(i1, x.length()): null

02-12-2024T02:39:46 - [TEST_STEP][PASSED] - println(x): null

02-12-2024T02:39:46 - [TEST_STEP][PASSED] - i1 = x.indexOf("/") + 1: null

02-12-2024T02:39:46 - [TEST_STEP][PASSED] - if (i1 > -1): null

02-12-2024T02:39:46 - [TEST_STEP][PASSED] - x = x.substring(i1, x.length()): null

02-12-2024T02:39:46 - [TEST_STEP][PASSED] - println(x): null

02-12-2024T02:39:46 - [TEST_STEP][PASSED] - i1 = x.indexOf("/") + 1: null

02-12-2024T02:39:46 - [TEST_STEP][PASSED] - if (i1 > -1): null

02-12-2024T02:39:46 - [TEST_STEP][PASSED] - x = x.substring(i1, x.length()): null

02-12-2024T02:39:46 - [TEST_STEP][PASSED] - println(x): null

02-12-2024T02:39:46 - [TEST_STEP][PASSED] - i1 = x.indexOf("/"): null

02-12-2024T02:39:46 - [TEST_STEP][PASSED] - if (i1 > -1): null

02-12-2024T02:39:46 - [TEST_STEP][PASSED] - x = x.substring(0, i1): null

02-12-2024T02:39:46 - [TEST_STEP][PASSED] - println(x): null

02-12-2024T02:39:46 - [TEST_STEP][FAILED] - return x: null

02-12-2024T02:39:46 - [TEST_STEP][FAILED] - if (verifyEqual(tabR, tabB) == false): null

02-12-2024T02:39:46 - [MESSAGE][FAILED] - Unable to verify equal between actual object 'нет данных' and expected object '60236197' (Root cause: com.kms.katalon.core.exception.StepFailedException: Actual object 'нет данных' and expected object '60236197' are not equal
	at com.kms.katalon.core.keyword.builtin.VerifyEqualKeyword$_verifyEqual_closure1.doCall(VerifyEqualKeyword.groovy:58)
	at com.kms.katalon.core.keyword.builtin.VerifyEqualKeyword$_verifyEqual_closure1.call(VerifyEqualKeyword.groovy)
	at com.kms.katalon.core.keyword.internal.KeywordMain.runKeyword(KeywordMain.groovy:75)
	at com.kms.katalon.core.keyword.builtin.VerifyEqualKeyword.verifyEqual(VerifyEqualKeyword.groovy:63)
	at com.kms.katalon.core.keyword.builtin.VerifyEqualKeyword.execute(VerifyEqualKeyword.groovy:44)
	at com.kms.katalon.core.keyword.internal.KeywordExecutor.executeKeywordForPlatform(KeywordExecutor.groovy:74)
	at com.kms.katalon.core.keyword.BuiltinKeywords.verifyEqual(BuiltinKeywords.groovy:146)
	at jdk.internal.reflect.GeneratedMethodAccessor25.invoke(Unknown Source)
	at java.base/jdk.internal.reflect.DelegatingMethodAccessorImpl.invoke(DelegatingMethodAccessorImpl.java:43)
	at Выполнение бизнес-плана сверка дашбордов.CompareDZOData(Выполнение бизнес-плана сверка дашбордов:706)
	at Выполнение бизнес-плана сверка дашбордов.run(Выполнение бизнес-плана сверка дашбордов:643)
	at com.kms.katalon.core.main.ScriptEngine.run(ScriptEngine.java:194)
	at com.kms.katalon.core.main.ScriptEngine.runScriptAsRawText(ScriptEngine.java:119)
	at com.kms.katalon.core.main.TestCaseExecutor.runScript(TestCaseExecutor.java:448)
	at com.kms.katalon.core.main.TestCaseExecutor.doExecute(TestCaseExecutor.java:439)
	at com.kms.katalon.core.main.TestCaseExecutor.processExecutionPhase(TestCaseExecutor.java:418)
	at com.kms.katalon.core.main.TestCaseExecutor.accessMainPhase(TestCaseExecutor.java:410)
	at com.kms.katalon.core.main.TestCaseExecutor.execute(TestCaseExecutor.java:285)
	at com.kms.katalon.core.common.CommonExecutor.accessTestCaseMainPhase(CommonExecutor.java:65)
	at com.kms.katalon.core.main.TestSuiteExecutor.accessTestSuiteMainPhase(TestSuiteExecutor.java:150)
	at com.kms.katalon.core.main.TestSuiteExecutor.execute(TestSuiteExecutor.java:106)
	at com.kms.katalon.core.main.TestCaseMain.startTestSuite(TestCaseMain.java:180)
	at TempTestSuite1733095732962.run(TempTestSuite1733095732962.groovy:35)
	at java.base/jdk.internal.reflect.NativeMethodAccessorImpl.invoke0(Native Method)
	at java.base/jdk.internal.reflect.NativeMethodAccessorImpl.invoke(NativeMethodAccessorImpl.java:77)
	at java.base/jdk.internal.reflect.DelegatingMethodAccessorImpl.invoke(DelegatingMethodAccessorImpl.java:43)
)

02-12-2024T02:39:46 - [TEST_STEP][PASSED] - result = WriteToExcel(typeOfData, todaysDate, PercPlanR, PercPlanB, PercFactR, PercFactB, x, tabR, tabB, o1R, o1B, vidget): null

02-12-2024T02:39:46 - [TEST_STEP][PASSED] - iii = dZO.indexOf("/"): null

02-12-2024T02:39:46 - [TEST_STEP][PASSED] - println(iii): null

02-12-2024T02:39:46 - [TEST_STEP][PASSED] - dZO = dZO.substring(0, iii): null

02-12-2024T02:39:46 - [TEST_STEP][PASSED] - println(dZO): null

02-12-2024T02:39:46 - [TEST_STEP][PASSED] - println(PercPlanR): null

02-12-2024T02:39:46 - [TEST_STEP][PASSED] - println(PercPlanB): null

02-12-2024T02:39:46 - [TEST_STEP][PASSED] - println(PercFactR): null

02-12-2024T02:39:46 - [TEST_STEP][PASSED] - println(PercFactB): null

02-12-2024T02:39:46 - [TEST_STEP][PASSED] - println(tabR): null

02-12-2024T02:39:46 - [TEST_STEP][PASSED] - println(tabB): null

02-12-2024T02:39:46 - [TEST_STEP][PASSED] - println(o1R): null

02-12-2024T02:39:46 - [TEST_STEP][PASSED] - println(o1B): null

02-12-2024T02:39:46 - [TEST_STEP][PASSED] - PR = <not implemented yet for class: org.codehaus.groovy.ast.expr.EmptyExpression>: null

02-12-2024T02:39:46 - [TEST_STEP][PASSED] - FR = <not implemented yet for class: org.codehaus.groovy.ast.expr.EmptyExpression>: null

02-12-2024T02:39:46 - [TEST_STEP][PASSED] - PB = <not implemented yet for class: org.codehaus.groovy.ast.expr.EmptyExpression>: null

02-12-2024T02:39:46 - [TEST_STEP][PASSED] - FB = <not implemented yet for class: org.codehaus.groovy.ast.expr.EmptyExpression>: null

02-12-2024T02:39:46 - [TEST_STEP][PASSED] - TR = <not implemented yet for class: org.codehaus.groovy.ast.expr.EmptyExpression>: null

02-12-2024T02:39:46 - [TEST_STEP][PASSED] - TB = <not implemented yet for class: org.codehaus.groovy.ast.expr.EmptyExpression>: null

02-12-2024T02:39:46 - [TEST_STEP][PASSED] - sheetName = "Sheet1": null

02-12-2024T02:39:46 - [TEST_STEP][PASSED] - data = findTestData("PlanFact"): null

02-12-2024T02:39:46 - [TEST_STEP][PASSED] - n = data.getRowNumbers() + 1: null

02-12-2024T02:39:46 - [TEST_STEP][PASSED] - year = todaysDate.substring(todaysDate.length() - 4, todaysDate.length()): null

02-12-2024T02:39:46 - [TEST_STEP][PASSED] - y = year.toInteger(): null

02-12-2024T02:39:46 - [TEST_STEP][PASSED] - m = getText(findTestObject("Выполнение бизнес-плана/Выполнение бизнес-плана Балансы/Фильтр Дата")): Text of object 'Object Repository/Выполнение бизнес-плана/Выполнение бизнес-плана Балансы/Фильтр Дата' is: '1, 2, 3 кв., Октябрь 2024 года'

02-12-2024T02:39:46 - [MESSAGE][PASSED] - Text of object 'Object Repository/Выполнение бизнес-плана/Выполнение бизнес-плана Балансы/Фильтр Дата' is: '1, 2, 3 кв., Октябрь 2024 года'

02-12-2024T02:39:46 - [TEST_STEP][PASSED] - m = m.substring(0, m.indexOf("2024")): null

02-12-2024T02:39:46 - [TEST_STEP][PASSED] - m = m.trim(): null

02-12-2024T02:39:46 - [TEST_STEP][PASSED] - dashboardName = "Выполнение бизнес-плана": null

02-12-2024T02:39:46 - [TEST_STEP][PASSED] - workbook01 = getWorkbook(excelFilePath): null

02-12-2024T02:39:46 - [TEST_STEP][PASSED] - sheet01 = getExcelSheet(workbook01, sheetName): null

02-12-2024T02:39:46 - [TEST_STEP][PASSED] - setValueToCellByIndex(sheet01, n, 0, dashboardName): null

02-12-2024T02:39:46 - [TEST_STEP][PASSED] - setValueToCellByIndex(sheet01, n, 1, dZO): null

02-12-2024T02:39:46 - [TEST_STEP][PASSED] - setValueToCellByIndex(sheet01, n, 2, typeOfData): null

02-12-2024T02:39:46 - [TEST_STEP][PASSED] - setValueToCellByIndex(sheet01, n, 3, typeOfData): null

02-12-2024T02:39:46 - [TEST_STEP][PASSED] - if (typeOfData == "План"): null

02-12-2024T02:39:46 - [TEST_STEP][PASSED] - else if (typeOfData == "Факт"): null

02-12-2024T02:39:46 - [TEST_STEP][PASSED] - else if (vidget.contains("электроэнергии") == true): null

02-12-2024T02:39:46 - [TEST_STEP][PASSED] - if (tabR == null): null

02-12-2024T02:39:46 - [TEST_STEP][PASSED] - else: null

02-12-2024T02:39:46 - [TEST_STEP][PASSED] - if (tabR == "нет данных"): null

02-12-2024T02:39:46 - [TEST_STEP][PASSED] - setValueToCellByIndex(sheet01, n, 4, "нет данных"): null

02-12-2024T02:39:46 - [TEST_STEP][PASSED] - if (tabB == null): null

02-12-2024T02:39:46 - [TEST_STEP][PASSED] - else: null

02-12-2024T02:39:46 - [TEST_STEP][PASSED] - if (tabB == "нет данных"): null

02-12-2024T02:39:46 - [TEST_STEP][PASSED] - else: null

02-12-2024T02:39:46 - [TEST_STEP][PASSED] - TB = tabB.toInteger(): null

02-12-2024T02:39:46 - [TEST_STEP][PASSED] - setValueToCellByIndex(sheet01, n, 5, TB): null

02-12-2024T02:39:46 - [TEST_STEP][PASSED] - setValueToCellByIndex(sheet01, n, 6, m): null

02-12-2024T02:39:46 - [TEST_STEP][PASSED] - setValueToCellByIndex(sheet01, n, 7, y): null

02-12-2024T02:39:46 - [TEST_STEP][PASSED] - setValueToCellByIndex(sheet01, n, 8, todaysDate): null

02-12-2024T02:39:46 - [TEST_STEP][PASSED] - n = n + 1: null

02-12-2024T02:39:46 - [TEST_STEP][PASSED] - saveWorkbook(excelFilePath, workbook01): null

02-12-2024T02:39:46 - [TEST_STEP][PASSED] - typeOfData = "Факт Отпуск из сети": null

02-12-2024T02:39:46 - [TEST_STEP][PASSED] - tabR = GetOiSFactR(x = a): null

02-12-2024T02:39:46 - [TEST_STEP][PASSED] - i1 = <not implemented yet for class: org.codehaus.groovy.ast.expr.EmptyExpression>: null

02-12-2024T02:39:46 - [TEST_STEP][PASSED] - ii = <not implemented yet for class: org.codehaus.groovy.ast.expr.EmptyExpression>: null

02-12-2024T02:39:46 - [TEST_STEP][PASSED] - for ([ii = 1, ii < 5, (ii++)]): null

02-12-2024T02:39:46 - [TEST_STEP][PASSED] - i1 = x.indexOf("/") + 1: null

02-12-2024T02:39:46 - [TEST_STEP][PASSED] - if (i1 > -1): null

02-12-2024T02:39:46 - [TEST_STEP][PASSED] - x = x.substring(i1, x.length()): null

02-12-2024T02:39:46 - [TEST_STEP][PASSED] - println(x): null

02-12-2024T02:39:46 - [TEST_STEP][PASSED] - i1 = x.indexOf("/") + 1: null

02-12-2024T02:39:46 - [TEST_STEP][PASSED] - if (i1 > -1): null

02-12-2024T02:39:46 - [TEST_STEP][PASSED] - x = x.substring(i1, x.length()): null

02-12-2024T02:39:46 - [TEST_STEP][PASSED] - println(x): null

02-12-2024T02:39:46 - [TEST_STEP][PASSED] - i1 = x.indexOf("/") + 1: null

02-12-2024T02:39:46 - [TEST_STEP][PASSED] - if (i1 > -1): null

02-12-2024T02:39:46 - [TEST_STEP][PASSED] - x = x.substring(i1, x.length()): null

02-12-2024T02:39:46 - [TEST_STEP][PASSED] - println(x): null

02-12-2024T02:39:46 - [TEST_STEP][PASSED] - i1 = x.indexOf("/") + 1: null

02-12-2024T02:39:46 - [TEST_STEP][PASSED] - if (i1 > -1): null

02-12-2024T02:39:46 - [TEST_STEP][PASSED] - x = x.substring(i1, x.length()): null

02-12-2024T02:39:46 - [TEST_STEP][PASSED] - println(x): null

02-12-2024T02:39:46 - [TEST_STEP][PASSED] - i1 = x.indexOf("/"): null

02-12-2024T02:39:46 - [TEST_STEP][PASSED] - if (i1 > -1): null

02-12-2024T02:39:46 - [TEST_STEP][PASSED] - x = x.substring(0, i1): null

02-12-2024T02:39:46 - [TEST_STEP][PASSED] - println(x): null

02-12-2024T02:39:46 - [TEST_STEP][PASSED] - return x: null

02-12-2024T02:39:46 - [TEST_STEP][PASSED] - tabB = GetOiSFactB(x = b): null

02-12-2024T02:39:46 - [TEST_STEP][PASSED] - i1 = <not implemented yet for class: org.codehaus.groovy.ast.expr.EmptyExpression>: null

02-12-2024T02:39:46 - [TEST_STEP][PASSED] - ii = <not implemented yet for class: org.codehaus.groovy.ast.expr.EmptyExpression>: null

02-12-2024T02:39:46 - [TEST_STEP][PASSED] - for ([ii = 1, ii < 5, (ii++)]): null

02-12-2024T02:39:46 - [TEST_STEP][PASSED] - i1 = x.indexOf("/") + 1: null

02-12-2024T02:39:46 - [TEST_STEP][PASSED] - if (i1 > -1): null

02-12-2024T02:39:46 - [TEST_STEP][PASSED] - x = x.substring(i1, x.length()): null

02-12-2024T02:39:46 - [TEST_STEP][PASSED] - println(x): null

02-12-2024T02:39:46 - [TEST_STEP][PASSED] - i1 = x.indexOf("/") + 1: null

02-12-2024T02:39:46 - [TEST_STEP][PASSED] - if (i1 > -1): null

02-12-2024T02:39:46 - [TEST_STEP][PASSED] - x = x.substring(i1, x.length()): null

02-12-2024T02:39:46 - [TEST_STEP][PASSED] - println(x): null

02-12-2024T02:39:46 - [TEST_STEP][PASSED] - i1 = x.indexOf("/") + 1: null

02-12-2024T02:39:46 - [TEST_STEP][PASSED] - if (i1 > -1): null

02-12-2024T02:39:46 - [TEST_STEP][PASSED] - x = x.substring(i1, x.length()): null

02-12-2024T02:39:46 - [TEST_STEP][PASSED] - println(x): null

02-12-2024T02:39:46 - [TEST_STEP][PASSED] - i1 = x.indexOf("/") + 1: null

02-12-2024T02:39:46 - [TEST_STEP][PASSED] - if (i1 > -1): null

02-12-2024T02:39:46 - [TEST_STEP][PASSED] - x = x.substring(i1, x.length()): null

02-12-2024T02:39:46 - [TEST_STEP][PASSED] - println(x): null

02-12-2024T02:39:46 - [TEST_STEP][PASSED] - i1 = x.indexOf("/"): null

02-12-2024T02:39:46 - [TEST_STEP][PASSED] - if (i1 > -1): null

02-12-2024T02:39:46 - [TEST_STEP][PASSED] - x = x.substring(0, i1): null

02-12-2024T02:39:46 - [TEST_STEP][PASSED] - println(x): null

02-12-2024T02:39:46 - [TEST_STEP][FAILED] - return x: null

02-12-2024T02:39:46 - [TEST_STEP][FAILED] - if (verifyEqual(tabR, tabB) == false): null

02-12-2024T02:39:46 - [MESSAGE][FAILED] - Unable to verify equal between actual object 'нет данных' and expected object '56765393' (Root cause: com.kms.katalon.core.exception.StepFailedException: Actual object 'нет данных' and expected object '56765393' are not equal
	at com.kms.katalon.core.keyword.builtin.VerifyEqualKeyword$_verifyEqual_closure1.doCall(VerifyEqualKeyword.groovy:58)
	at com.kms.katalon.core.keyword.builtin.VerifyEqualKeyword$_verifyEqual_closure1.call(VerifyEqualKeyword.groovy)
	at com.kms.katalon.core.keyword.internal.KeywordMain.runKeyword(KeywordMain.groovy:75)
	at com.kms.katalon.core.keyword.builtin.VerifyEqualKeyword.verifyEqual(VerifyEqualKeyword.groovy:63)
	at com.kms.katalon.core.keyword.builtin.VerifyEqualKeyword.execute(VerifyEqualKeyword.groovy:44)
	at com.kms.katalon.core.keyword.internal.KeywordExecutor.executeKeywordForPlatform(KeywordExecutor.groovy:74)
	at com.kms.katalon.core.keyword.BuiltinKeywords.verifyEqual(BuiltinKeywords.groovy:146)
	at jdk.internal.reflect.GeneratedMethodAccessor25.invoke(Unknown Source)
	at java.base/jdk.internal.reflect.DelegatingMethodAccessorImpl.invoke(DelegatingMethodAccessorImpl.java:43)
	at Выполнение бизнес-плана сверка дашбордов.CompareDZOData(Выполнение бизнес-плана сверка дашбордов:717)
	at Выполнение бизнес-плана сверка дашбордов.run(Выполнение бизнес-плана сверка дашбордов:643)
	at com.kms.katalon.core.main.ScriptEngine.run(ScriptEngine.java:194)
	at com.kms.katalon.core.main.ScriptEngine.runScriptAsRawText(ScriptEngine.java:119)
	at com.kms.katalon.core.main.TestCaseExecutor.runScript(TestCaseExecutor.java:448)
	at com.kms.katalon.core.main.TestCaseExecutor.doExecute(TestCaseExecutor.java:439)
	at com.kms.katalon.core.main.TestCaseExecutor.processExecutionPhase(TestCaseExecutor.java:418)
	at com.kms.katalon.core.main.TestCaseExecutor.accessMainPhase(TestCaseExecutor.java:410)
	at com.kms.katalon.core.main.TestCaseExecutor.execute(TestCaseExecutor.java:285)
	at com.kms.katalon.core.common.CommonExecutor.accessTestCaseMainPhase(CommonExecutor.java:65)
	at com.kms.katalon.core.main.TestSuiteExecutor.accessTestSuiteMainPhase(TestSuiteExecutor.java:150)
	at com.kms.katalon.core.main.TestSuiteExecutor.execute(TestSuiteExecutor.java:106)
	at com.kms.katalon.core.main.TestCaseMain.startTestSuite(TestCaseMain.java:180)
	at TempTestSuite1733095732962.run(TempTestSuite1733095732962.groovy:35)
	at java.base/jdk.internal.reflect.NativeMethodAccessorImpl.invoke0(Native Method)
	at java.base/jdk.internal.reflect.NativeMethodAccessorImpl.invoke(NativeMethodAccessorImpl.java:77)
	at java.base/jdk.internal.reflect.DelegatingMethodAccessorImpl.invoke(DelegatingMethodAccessorImpl.java:43)
)

02-12-2024T02:39:46 - [TEST_STEP][PASSED] - result = WriteToExcel(typeOfData, todaysDate, PercPlanR, PercPlanB, PercFactR, PercFactB, x, tabR, tabB, o1R, o1B, vidget): null

02-12-2024T02:39:46 - [TEST_STEP][PASSED] - iii = dZO.indexOf("/"): null

02-12-2024T02:39:46 - [TEST_STEP][PASSED] - println(iii): null

02-12-2024T02:39:46 - [TEST_STEP][PASSED] - dZO = dZO.substring(0, iii): null

02-12-2024T02:39:46 - [TEST_STEP][PASSED] - println(dZO): null

02-12-2024T02:39:46 - [TEST_STEP][PASSED] - println(PercPlanR): null

02-12-2024T02:39:46 - [TEST_STEP][PASSED] - println(PercPlanB): null

02-12-2024T02:39:46 - [TEST_STEP][PASSED] - println(PercFactR): null

02-12-2024T02:39:46 - [TEST_STEP][PASSED] - println(PercFactB): null

02-12-2024T02:39:46 - [TEST_STEP][PASSED] - println(tabR): null

02-12-2024T02:39:46 - [TEST_STEP][PASSED] - println(tabB): null

02-12-2024T02:39:46 - [TEST_STEP][PASSED] - println(o1R): null

02-12-2024T02:39:46 - [TEST_STEP][PASSED] - println(o1B): null

02-12-2024T02:39:46 - [TEST_STEP][PASSED] - PR = <not implemented yet for class: org.codehaus.groovy.ast.expr.EmptyExpression>: null

02-12-2024T02:39:46 - [TEST_STEP][PASSED] - FR = <not implemented yet for class: org.codehaus.groovy.ast.expr.EmptyExpression>: null

02-12-2024T02:39:46 - [TEST_STEP][PASSED] - PB = <not implemented yet for class: org.codehaus.groovy.ast.expr.EmptyExpression>: null

02-12-2024T02:39:46 - [TEST_STEP][PASSED] - FB = <not implemented yet for class: org.codehaus.groovy.ast.expr.EmptyExpression>: null

02-12-2024T02:39:46 - [TEST_STEP][PASSED] - TR = <not implemented yet for class: org.codehaus.groovy.ast.expr.EmptyExpression>: null

02-12-2024T02:39:46 - [TEST_STEP][PASSED] - TB = <not implemented yet for class: org.codehaus.groovy.ast.expr.EmptyExpression>: null

02-12-2024T02:39:46 - [TEST_STEP][PASSED] - sheetName = "Sheet1": null

02-12-2024T02:39:46 - [TEST_STEP][PASSED] - data = findTestData("PlanFact"): null

02-12-2024T02:39:46 - [TEST_STEP][PASSED] - n = data.getRowNumbers() + 1: null

02-12-2024T02:39:46 - [TEST_STEP][PASSED] - year = todaysDate.substring(todaysDate.length() - 4, todaysDate.length()): null

02-12-2024T02:39:46 - [TEST_STEP][PASSED] - y = year.toInteger(): null

02-12-2024T02:39:46 - [TEST_STEP][PASSED] - m = getText(findTestObject("Выполнение бизнес-плана/Выполнение бизнес-плана Балансы/Фильтр Дата")): Text of object 'Object Repository/Выполнение бизнес-плана/Выполнение бизнес-плана Балансы/Фильтр Дата' is: '1, 2, 3 кв., Октябрь 2024 года'

02-12-2024T02:39:47 - [MESSAGE][PASSED] - Text of object 'Object Repository/Выполнение бизнес-плана/Выполнение бизнес-плана Балансы/Фильтр Дата' is: '1, 2, 3 кв., Октябрь 2024 года'

02-12-2024T02:39:47 - [TEST_STEP][PASSED] - m = m.substring(0, m.indexOf("2024")): null

02-12-2024T02:39:47 - [TEST_STEP][PASSED] - m = m.trim(): null

02-12-2024T02:39:47 - [TEST_STEP][PASSED] - dashboardName = "Выполнение бизнес-плана": null

02-12-2024T02:39:47 - [TEST_STEP][PASSED] - workbook01 = getWorkbook(excelFilePath): null

02-12-2024T02:39:47 - [TEST_STEP][PASSED] - sheet01 = getExcelSheet(workbook01, sheetName): null

02-12-2024T02:39:47 - [TEST_STEP][PASSED] - setValueToCellByIndex(sheet01, n, 0, dashboardName): null

02-12-2024T02:39:47 - [TEST_STEP][PASSED] - setValueToCellByIndex(sheet01, n, 1, dZO): null

02-12-2024T02:39:47 - [TEST_STEP][PASSED] - setValueToCellByIndex(sheet01, n, 2, typeOfData): null

02-12-2024T02:39:47 - [TEST_STEP][PASSED] - setValueToCellByIndex(sheet01, n, 3, typeOfData): null

02-12-2024T02:39:47 - [TEST_STEP][PASSED] - if (typeOfData == "План"): null

02-12-2024T02:39:47 - [TEST_STEP][PASSED] - else if (typeOfData == "Факт"): null

02-12-2024T02:39:47 - [TEST_STEP][PASSED] - else if (vidget.contains("электроэнергии") == true): null

02-12-2024T02:39:47 - [TEST_STEP][PASSED] - if (tabR == null): null

02-12-2024T02:39:47 - [TEST_STEP][PASSED] - else: null

02-12-2024T02:39:47 - [TEST_STEP][PASSED] - if (tabR == "нет данных"): null

02-12-2024T02:39:47 - [TEST_STEP][PASSED] - setValueToCellByIndex(sheet01, n, 4, "нет данных"): null

02-12-2024T02:39:47 - [TEST_STEP][PASSED] - if (tabB == null): null

02-12-2024T02:39:47 - [TEST_STEP][PASSED] - else: null

02-12-2024T02:39:47 - [TEST_STEP][PASSED] - if (tabB == "нет данных"): null

02-12-2024T02:39:47 - [TEST_STEP][PASSED] - else: null

02-12-2024T02:39:47 - [TEST_STEP][PASSED] - TB = tabB.toInteger(): null

02-12-2024T02:39:47 - [TEST_STEP][PASSED] - setValueToCellByIndex(sheet01, n, 5, TB): null

02-12-2024T02:39:47 - [TEST_STEP][PASSED] - setValueToCellByIndex(sheet01, n, 6, m): null

02-12-2024T02:39:47 - [TEST_STEP][PASSED] - setValueToCellByIndex(sheet01, n, 7, y): null

02-12-2024T02:39:47 - [TEST_STEP][PASSED] - setValueToCellByIndex(sheet01, n, 8, todaysDate): null

02-12-2024T02:39:47 - [TEST_STEP][PASSED] - n = n + 1: null

02-12-2024T02:39:47 - [TEST_STEP][PASSED] - saveWorkbook(excelFilePath, workbook01): null

02-12-2024T02:39:47 - [TEST_STEP][PASSED] - typeOfData = "Факт Потери": null

02-12-2024T02:39:47 - [TEST_STEP][PASSED] - tabR = GetPFactR(x = a): null

02-12-2024T02:39:47 - [TEST_STEP][PASSED] - i1 = <not implemented yet for class: org.codehaus.groovy.ast.expr.EmptyExpression>: null

02-12-2024T02:39:47 - [TEST_STEP][PASSED] - ii = <not implemented yet for class: org.codehaus.groovy.ast.expr.EmptyExpression>: null

02-12-2024T02:39:47 - [TEST_STEP][PASSED] - for ([ii = 1, ii < 6, (ii++)]): null

02-12-2024T02:39:47 - [TEST_STEP][PASSED] - i1 = x.indexOf("/") + 1: null

02-12-2024T02:39:47 - [TEST_STEP][PASSED] - if (i1 > -1): null

02-12-2024T02:39:47 - [TEST_STEP][PASSED] - x = x.substring(i1, x.length()): null

02-12-2024T02:39:47 - [TEST_STEP][PASSED] - println(x): null

02-12-2024T02:39:47 - [TEST_STEP][PASSED] - i1 = x.indexOf("/") + 1: null

02-12-2024T02:39:47 - [TEST_STEP][PASSED] - if (i1 > -1): null

02-12-2024T02:39:47 - [TEST_STEP][PASSED] - x = x.substring(i1, x.length()): null

02-12-2024T02:39:47 - [TEST_STEP][PASSED] - println(x): null

02-12-2024T02:39:47 - [TEST_STEP][PASSED] - i1 = x.indexOf("/") + 1: null

02-12-2024T02:39:47 - [TEST_STEP][PASSED] - if (i1 > -1): null

02-12-2024T02:39:47 - [TEST_STEP][PASSED] - x = x.substring(i1, x.length()): null

02-12-2024T02:39:47 - [TEST_STEP][PASSED] - println(x): null

02-12-2024T02:39:47 - [TEST_STEP][PASSED] - i1 = x.indexOf("/") + 1: null

02-12-2024T02:39:47 - [TEST_STEP][PASSED] - if (i1 > -1): null

02-12-2024T02:39:47 - [TEST_STEP][PASSED] - x = x.substring(i1, x.length()): null

02-12-2024T02:39:47 - [TEST_STEP][PASSED] - println(x): null

02-12-2024T02:39:47 - [TEST_STEP][PASSED] - i1 = x.indexOf("/") + 1: null

02-12-2024T02:39:47 - [TEST_STEP][PASSED] - if (i1 > -1): null

02-12-2024T02:39:47 - [TEST_STEP][PASSED] - x = x.substring(i1, x.length()): null

02-12-2024T02:39:47 - [TEST_STEP][PASSED] - println(x): null

02-12-2024T02:39:47 - [TEST_STEP][PASSED] - i1 = x.indexOf("/"): null

02-12-2024T02:39:47 - [TEST_STEP][PASSED] - if (i1 > -1): null

02-12-2024T02:39:47 - [TEST_STEP][PASSED] - x = x.substring(0, i1): null

02-12-2024T02:39:47 - [TEST_STEP][PASSED] - println(x): null

02-12-2024T02:39:47 - [TEST_STEP][PASSED] - return x: null

02-12-2024T02:39:47 - [TEST_STEP][PASSED] - tabB = GetPFactB(x = b): null

02-12-2024T02:39:47 - [TEST_STEP][PASSED] - i1 = <not implemented yet for class: org.codehaus.groovy.ast.expr.EmptyExpression>: null

02-12-2024T02:39:47 - [TEST_STEP][PASSED] - ii = <not implemented yet for class: org.codehaus.groovy.ast.expr.EmptyExpression>: null

02-12-2024T02:39:47 - [TEST_STEP][PASSED] - for ([ii = 1, ii < 6, (ii++)]): null

02-12-2024T02:39:47 - [TEST_STEP][PASSED] - i1 = x.indexOf("/") + 1: null

02-12-2024T02:39:47 - [TEST_STEP][PASSED] - if (i1 > -1): null

02-12-2024T02:39:47 - [TEST_STEP][PASSED] - x = x.substring(i1, x.length()): null

02-12-2024T02:39:47 - [TEST_STEP][PASSED] - println(x): null

02-12-2024T02:39:47 - [TEST_STEP][PASSED] - i1 = x.indexOf("/") + 1: null

02-12-2024T02:39:47 - [TEST_STEP][PASSED] - if (i1 > -1): null

02-12-2024T02:39:47 - [TEST_STEP][PASSED] - x = x.substring(i1, x.length()): null

02-12-2024T02:39:47 - [TEST_STEP][PASSED] - println(x): null

02-12-2024T02:39:47 - [TEST_STEP][PASSED] - i1 = x.indexOf("/") + 1: null

02-12-2024T02:39:47 - [TEST_STEP][PASSED] - if (i1 > -1): null

02-12-2024T02:39:47 - [TEST_STEP][PASSED] - x = x.substring(i1, x.length()): null

02-12-2024T02:39:47 - [TEST_STEP][PASSED] - println(x): null

02-12-2024T02:39:47 - [TEST_STEP][PASSED] - i1 = x.indexOf("/") + 1: null

02-12-2024T02:39:47 - [TEST_STEP][PASSED] - if (i1 > -1): null

02-12-2024T02:39:47 - [TEST_STEP][PASSED] - x = x.substring(i1, x.length()): null

02-12-2024T02:39:47 - [TEST_STEP][PASSED] - println(x): null

02-12-2024T02:39:47 - [TEST_STEP][PASSED] - i1 = x.indexOf("/") + 1: null

02-12-2024T02:39:47 - [TEST_STEP][PASSED] - if (i1 > -1): null

02-12-2024T02:39:47 - [TEST_STEP][PASSED] - x = x.substring(i1, x.length()): null

02-12-2024T02:39:47 - [TEST_STEP][PASSED] - println(x): null

02-12-2024T02:39:47 - [TEST_STEP][PASSED] - i1 = x.indexOf("/"): null

02-12-2024T02:39:47 - [TEST_STEP][PASSED] - if (i1 > -1): null

02-12-2024T02:39:47 - [TEST_STEP][PASSED] - x = x.substring(0, i1): null

02-12-2024T02:39:47 - [TEST_STEP][PASSED] - println(x): null

02-12-2024T02:39:47 - [TEST_STEP][FAILED] - return x: null

02-12-2024T02:39:47 - [TEST_STEP][PASSED] - println(tabR + "/" + tabB): null

02-12-2024T02:39:47 - [TEST_STEP][FAILED] - if (verifyEqual(tabR, tabB) == false): null

02-12-2024T02:39:47 - [MESSAGE][FAILED] - Unable to verify equal between actual object 'нет данных' and expected object '3470805' (Root cause: com.kms.katalon.core.exception.StepFailedException: Actual object 'нет данных' and expected object '3470805' are not equal
	at com.kms.katalon.core.keyword.builtin.VerifyEqualKeyword$_verifyEqual_closure1.doCall(VerifyEqualKeyword.groovy:58)
	at com.kms.katalon.core.keyword.builtin.VerifyEqualKeyword$_verifyEqual_closure1.call(VerifyEqualKeyword.groovy)
	at com.kms.katalon.core.keyword.internal.KeywordMain.runKeyword(KeywordMain.groovy:75)
	at com.kms.katalon.core.keyword.builtin.VerifyEqualKeyword.verifyEqual(VerifyEqualKeyword.groovy:63)
	at com.kms.katalon.core.keyword.builtin.VerifyEqualKeyword.execute(VerifyEqualKeyword.groovy:44)
	at com.kms.katalon.core.keyword.internal.KeywordExecutor.executeKeywordForPlatform(KeywordExecutor.groovy:74)
	at com.kms.katalon.core.keyword.BuiltinKeywords.verifyEqual(BuiltinKeywords.groovy:146)
	at jdk.internal.reflect.GeneratedMethodAccessor25.invoke(Unknown Source)
	at java.base/jdk.internal.reflect.DelegatingMethodAccessorImpl.invoke(DelegatingMethodAccessorImpl.java:43)
	at Выполнение бизнес-плана сверка дашбордов.CompareDZOData(Выполнение бизнес-плана сверка дашбордов:730)
	at Выполнение бизнес-плана сверка дашбордов.run(Выполнение бизнес-плана сверка дашбордов:643)
	at com.kms.katalon.core.main.ScriptEngine.run(ScriptEngine.java:194)
	at com.kms.katalon.core.main.ScriptEngine.runScriptAsRawText(ScriptEngine.java:119)
	at com.kms.katalon.core.main.TestCaseExecutor.runScript(TestCaseExecutor.java:448)
	at com.kms.katalon.core.main.TestCaseExecutor.doExecute(TestCaseExecutor.java:439)
	at com.kms.katalon.core.main.TestCaseExecutor.processExecutionPhase(TestCaseExecutor.java:418)
	at com.kms.katalon.core.main.TestCaseExecutor.accessMainPhase(TestCaseExecutor.java:410)
	at com.kms.katalon.core.main.TestCaseExecutor.execute(TestCaseExecutor.java:285)
	at com.kms.katalon.core.common.CommonExecutor.accessTestCaseMainPhase(CommonExecutor.java:65)
	at com.kms.katalon.core.main.TestSuiteExecutor.accessTestSuiteMainPhase(TestSuiteExecutor.java:150)
	at com.kms.katalon.core.main.TestSuiteExecutor.execute(TestSuiteExecutor.java:106)
	at com.kms.katalon.core.main.TestCaseMain.startTestSuite(TestCaseMain.java:180)
	at TempTestSuite1733095732962.run(TempTestSuite1733095732962.groovy:35)
	at java.base/jdk.internal.reflect.NativeMethodAccessorImpl.invoke0(Native Method)
	at java.base/jdk.internal.reflect.NativeMethodAccessorImpl.invoke(NativeMethodAccessorImpl.java:77)
	at java.base/jdk.internal.reflect.DelegatingMethodAccessorImpl.invoke(DelegatingMethodAccessorImpl.java:43)
)

02-12-2024T02:39:47 - [TEST_STEP][PASSED] - result = WriteToExcel(typeOfData, todaysDate, PercPlanR, PercPlanB, PercFactR, PercFactB, x, tabR, tabB, o1R, o1B, vidget): null

02-12-2024T02:39:47 - [TEST_STEP][PASSED] - iii = dZO.indexOf("/"): null

02-12-2024T02:39:47 - [TEST_STEP][PASSED] - println(iii): null

02-12-2024T02:39:47 - [TEST_STEP][PASSED] - dZO = dZO.substring(0, iii): null

02-12-2024T02:39:47 - [TEST_STEP][PASSED] - println(dZO): null

02-12-2024T02:39:47 - [TEST_STEP][PASSED] - println(PercPlanR): null

02-12-2024T02:39:47 - [TEST_STEP][PASSED] - println(PercPlanB): null

02-12-2024T02:39:47 - [TEST_STEP][PASSED] - println(PercFactR): null

02-12-2024T02:39:47 - [TEST_STEP][PASSED] - println(PercFactB): null

02-12-2024T02:39:47 - [TEST_STEP][PASSED] - println(tabR): null

02-12-2024T02:39:47 - [TEST_STEP][PASSED] - println(tabB): null

02-12-2024T02:39:47 - [TEST_STEP][PASSED] - println(o1R): null

02-12-2024T02:39:47 - [TEST_STEP][PASSED] - println(o1B): null

02-12-2024T02:39:47 - [TEST_STEP][PASSED] - PR = <not implemented yet for class: org.codehaus.groovy.ast.expr.EmptyExpression>: null

02-12-2024T02:39:47 - [TEST_STEP][PASSED] - FR = <not implemented yet for class: org.codehaus.groovy.ast.expr.EmptyExpression>: null

02-12-2024T02:39:47 - [TEST_STEP][PASSED] - PB = <not implemented yet for class: org.codehaus.groovy.ast.expr.EmptyExpression>: null

02-12-2024T02:39:47 - [TEST_STEP][PASSED] - FB = <not implemented yet for class: org.codehaus.groovy.ast.expr.EmptyExpression>: null

02-12-2024T02:39:47 - [TEST_STEP][PASSED] - TR = <not implemented yet for class: org.codehaus.groovy.ast.expr.EmptyExpression>: null

02-12-2024T02:39:47 - [TEST_STEP][PASSED] - TB = <not implemented yet for class: org.codehaus.groovy.ast.expr.EmptyExpression>: null

02-12-2024T02:39:47 - [TEST_STEP][PASSED] - sheetName = "Sheet1": null

02-12-2024T02:39:47 - [TEST_STEP][PASSED] - data = findTestData("PlanFact"): null

02-12-2024T02:39:47 - [TEST_STEP][PASSED] - n = data.getRowNumbers() + 1: null

02-12-2024T02:39:47 - [TEST_STEP][PASSED] - year = todaysDate.substring(todaysDate.length() - 4, todaysDate.length()): null

02-12-2024T02:39:47 - [TEST_STEP][PASSED] - y = year.toInteger(): null

02-12-2024T02:39:47 - [TEST_STEP][PASSED] - m = getText(findTestObject("Выполнение бизнес-плана/Выполнение бизнес-плана Балансы/Фильтр Дата")): Text of object 'Object Repository/Выполнение бизнес-плана/Выполнение бизнес-плана Балансы/Фильтр Дата' is: '1, 2, 3 кв., Октябрь 2024 года'

02-12-2024T02:39:47 - [MESSAGE][PASSED] - Text of object 'Object Repository/Выполнение бизнес-плана/Выполнение бизнес-плана Балансы/Фильтр Дата' is: '1, 2, 3 кв., Октябрь 2024 года'

02-12-2024T02:39:47 - [TEST_STEP][PASSED] - m = m.substring(0, m.indexOf("2024")): null

02-12-2024T02:39:47 - [TEST_STEP][PASSED] - m = m.trim(): null

02-12-2024T02:39:47 - [TEST_STEP][PASSED] - dashboardName = "Выполнение бизнес-плана": null

02-12-2024T02:39:47 - [TEST_STEP][PASSED] - workbook01 = getWorkbook(excelFilePath): null

02-12-2024T02:39:47 - [TEST_STEP][PASSED] - sheet01 = getExcelSheet(workbook01, sheetName): null

02-12-2024T02:39:47 - [TEST_STEP][PASSED] - setValueToCellByIndex(sheet01, n, 0, dashboardName): null

02-12-2024T02:39:47 - [TEST_STEP][PASSED] - setValueToCellByIndex(sheet01, n, 1, dZO): null

02-12-2024T02:39:47 - [TEST_STEP][PASSED] - setValueToCellByIndex(sheet01, n, 2, typeOfData): null

02-12-2024T02:39:47 - [TEST_STEP][PASSED] - setValueToCellByIndex(sheet01, n, 3, typeOfData): null

02-12-2024T02:39:47 - [TEST_STEP][PASSED] - if (typeOfData == "План"): null

02-12-2024T02:39:47 - [TEST_STEP][PASSED] - else if (typeOfData == "Факт"): null

02-12-2024T02:39:47 - [TEST_STEP][PASSED] - else if (vidget.contains("электроэнергии") == true): null

02-12-2024T02:39:47 - [TEST_STEP][PASSED] - if (tabR == null): null

02-12-2024T02:39:47 - [TEST_STEP][PASSED] - else: null

02-12-2024T02:39:47 - [TEST_STEP][PASSED] - if (tabR == "нет данных"): null

02-12-2024T02:39:47 - [TEST_STEP][PASSED] - setValueToCellByIndex(sheet01, n, 4, "нет данных"): null

02-12-2024T02:39:47 - [TEST_STEP][PASSED] - if (tabB == null): null

02-12-2024T02:39:47 - [TEST_STEP][PASSED] - else: null

02-12-2024T02:39:47 - [TEST_STEP][PASSED] - if (tabB == "нет данных"): null

02-12-2024T02:39:47 - [TEST_STEP][PASSED] - else: null

02-12-2024T02:39:47 - [TEST_STEP][PASSED] - TB = tabB.toInteger(): null

02-12-2024T02:39:47 - [TEST_STEP][PASSED] - setValueToCellByIndex(sheet01, n, 5, TB): null

02-12-2024T02:39:47 - [TEST_STEP][PASSED] - setValueToCellByIndex(sheet01, n, 6, m): null

02-12-2024T02:39:47 - [TEST_STEP][PASSED] - setValueToCellByIndex(sheet01, n, 7, y): null

02-12-2024T02:39:47 - [TEST_STEP][PASSED] - setValueToCellByIndex(sheet01, n, 8, todaysDate): null

02-12-2024T02:39:47 - [TEST_STEP][PASSED] - n = n + 1: null

02-12-2024T02:39:47 - [TEST_STEP][PASSED] - saveWorkbook(excelFilePath, workbook01): null

02-12-2024T02:39:48 - [TEST_STEP][PASSED] - vidget = "Показатели баланса электроэнергии по ДЗО – План": null

02-12-2024T02:39:48 - [TEST_STEP][PASSED] - typeOfData = "План Отпуск в сеть": null

02-12-2024T02:39:48 - [TEST_STEP][PASSED] - tabR = GetOvSPlanR(x = a): null

02-12-2024T02:39:48 - [TEST_STEP][PASSED] - i1 = <not implemented yet for class: org.codehaus.groovy.ast.expr.EmptyExpression>: null

02-12-2024T02:39:48 - [TEST_STEP][PASSED] - ii = <not implemented yet for class: org.codehaus.groovy.ast.expr.EmptyExpression>: null

02-12-2024T02:39:48 - [TEST_STEP][PASSED] - for ([ii = 1, ii < 7, (ii++)]): null

02-12-2024T02:39:48 - [TEST_STEP][PASSED] - i1 = x.indexOf("/") + 1: null

02-12-2024T02:39:48 - [TEST_STEP][PASSED] - if (i1 > -1): null

02-12-2024T02:39:48 - [TEST_STEP][PASSED] - x = x.substring(i1, x.length()): null

02-12-2024T02:39:48 - [TEST_STEP][PASSED] - println(x): null

02-12-2024T02:39:48 - [TEST_STEP][PASSED] - i1 = x.indexOf("/") + 1: null

02-12-2024T02:39:48 - [TEST_STEP][PASSED] - if (i1 > -1): null

02-12-2024T02:39:48 - [TEST_STEP][PASSED] - x = x.substring(i1, x.length()): null

02-12-2024T02:39:48 - [TEST_STEP][PASSED] - println(x): null

02-12-2024T02:39:48 - [TEST_STEP][PASSED] - i1 = x.indexOf("/") + 1: null

02-12-2024T02:39:48 - [TEST_STEP][PASSED] - if (i1 > -1): null

02-12-2024T02:39:48 - [TEST_STEP][PASSED] - x = x.substring(i1, x.length()): null

02-12-2024T02:39:48 - [TEST_STEP][PASSED] - println(x): null

02-12-2024T02:39:48 - [TEST_STEP][PASSED] - i1 = x.indexOf("/") + 1: null

02-12-2024T02:39:48 - [TEST_STEP][PASSED] - if (i1 > -1): null

02-12-2024T02:39:48 - [TEST_STEP][PASSED] - x = x.substring(i1, x.length()): null

02-12-2024T02:39:48 - [TEST_STEP][PASSED] - println(x): null

02-12-2024T02:39:48 - [TEST_STEP][PASSED] - i1 = x.indexOf("/") + 1: null

02-12-2024T02:39:48 - [TEST_STEP][PASSED] - if (i1 > -1): null

02-12-2024T02:39:48 - [TEST_STEP][PASSED] - x = x.substring(i1, x.length()): null

02-12-2024T02:39:48 - [TEST_STEP][PASSED] - println(x): null

02-12-2024T02:39:48 - [TEST_STEP][PASSED] - i1 = x.indexOf("/") + 1: null

02-12-2024T02:39:48 - [TEST_STEP][PASSED] - if (i1 > -1): null

02-12-2024T02:39:48 - [TEST_STEP][PASSED] - x = x.substring(i1, x.length()): null

02-12-2024T02:39:48 - [TEST_STEP][PASSED] - println(x): null

02-12-2024T02:39:48 - [TEST_STEP][PASSED] - i1 = x.indexOf("/"): null

02-12-2024T02:39:48 - [TEST_STEP][PASSED] - if (i1 > -1): null

02-12-2024T02:39:48 - [TEST_STEP][PASSED] - x = x.substring(0, i1): null

02-12-2024T02:39:48 - [TEST_STEP][PASSED] - println(x): null

02-12-2024T02:39:48 - [TEST_STEP][PASSED] - return x: null

02-12-2024T02:39:48 - [TEST_STEP][PASSED] - tabB = GetOvSPlanB(x = b): null

02-12-2024T02:39:48 - [TEST_STEP][PASSED] - i1 = <not implemented yet for class: org.codehaus.groovy.ast.expr.EmptyExpression>: null

02-12-2024T02:39:48 - [TEST_STEP][PASSED] - ii = <not implemented yet for class: org.codehaus.groovy.ast.expr.EmptyExpression>: null

02-12-2024T02:39:48 - [TEST_STEP][PASSED] - for ([ii = 1, ii < 7, (ii++)]): null

02-12-2024T02:39:48 - [TEST_STEP][PASSED] - i1 = x.indexOf("/") + 1: null

02-12-2024T02:39:48 - [TEST_STEP][PASSED] - if (i1 > -1): null

02-12-2024T02:39:48 - [TEST_STEP][PASSED] - x = x.substring(i1, x.length()): null

02-12-2024T02:39:48 - [TEST_STEP][PASSED] - println(x): null

02-12-2024T02:39:48 - [TEST_STEP][PASSED] - i1 = x.indexOf("/") + 1: null

02-12-2024T02:39:48 - [TEST_STEP][PASSED] - if (i1 > -1): null

02-12-2024T02:39:48 - [TEST_STEP][PASSED] - x = x.substring(i1, x.length()): null

02-12-2024T02:39:48 - [TEST_STEP][PASSED] - println(x): null

02-12-2024T02:39:48 - [TEST_STEP][PASSED] - i1 = x.indexOf("/") + 1: null

02-12-2024T02:39:48 - [TEST_STEP][PASSED] - if (i1 > -1): null

02-12-2024T02:39:48 - [TEST_STEP][PASSED] - x = x.substring(i1, x.length()): null

02-12-2024T02:39:48 - [TEST_STEP][PASSED] - println(x): null

02-12-2024T02:39:48 - [TEST_STEP][PASSED] - i1 = x.indexOf("/") + 1: null

02-12-2024T02:39:48 - [TEST_STEP][PASSED] - if (i1 > -1): null

02-12-2024T02:39:48 - [TEST_STEP][PASSED] - x = x.substring(i1, x.length()): null

02-12-2024T02:39:48 - [TEST_STEP][PASSED] - println(x): null

02-12-2024T02:39:48 - [TEST_STEP][PASSED] - i1 = x.indexOf("/") + 1: null

02-12-2024T02:39:48 - [TEST_STEP][PASSED] - if (i1 > -1): null

02-12-2024T02:39:48 - [TEST_STEP][PASSED] - x = x.substring(i1, x.length()): null

02-12-2024T02:39:48 - [TEST_STEP][PASSED] - println(x): null

02-12-2024T02:39:48 - [TEST_STEP][PASSED] - i1 = x.indexOf("/") + 1: null

02-12-2024T02:39:48 - [TEST_STEP][PASSED] - if (i1 > -1): null

02-12-2024T02:39:48 - [TEST_STEP][PASSED] - x = x.substring(i1, x.length()): null

02-12-2024T02:39:48 - [TEST_STEP][PASSED] - println(x): null

02-12-2024T02:39:48 - [TEST_STEP][PASSED] - i1 = x.indexOf("/"): null

02-12-2024T02:39:48 - [TEST_STEP][PASSED] - if (i1 > -1): null

02-12-2024T02:39:48 - [TEST_STEP][PASSED] - x = x.substring(0, i1): null

02-12-2024T02:39:48 - [TEST_STEP][PASSED] - println(x): null

02-12-2024T02:39:48 - [TEST_STEP][FAILED] - return x: null

02-12-2024T02:39:48 - [TEST_STEP][PASSED] - println(tabR + "/" + tabB): null

02-12-2024T02:39:48 - [TEST_STEP][FAILED] - if (verifyEqual(PercFactR, PercFactB) == false): null

02-12-2024T02:39:48 - [MESSAGE][FAILED] - Unable to verify equal between actual object 'нет данных' and expected object '5.76' (Root cause: com.kms.katalon.core.exception.StepFailedException: Actual object 'нет данных' and expected object '5.76' are not equal
	at com.kms.katalon.core.keyword.builtin.VerifyEqualKeyword$_verifyEqual_closure1.doCall(VerifyEqualKeyword.groovy:58)
	at com.kms.katalon.core.keyword.builtin.VerifyEqualKeyword$_verifyEqual_closure1.call(VerifyEqualKeyword.groovy)
	at com.kms.katalon.core.keyword.internal.KeywordMain.runKeyword(KeywordMain.groovy:75)
	at com.kms.katalon.core.keyword.builtin.VerifyEqualKeyword.verifyEqual(VerifyEqualKeyword.groovy:63)
	at com.kms.katalon.core.keyword.builtin.VerifyEqualKeyword.execute(VerifyEqualKeyword.groovy:44)
	at com.kms.katalon.core.keyword.internal.KeywordExecutor.executeKeywordForPlatform(KeywordExecutor.groovy:74)
	at com.kms.katalon.core.keyword.BuiltinKeywords.verifyEqual(BuiltinKeywords.groovy:146)
	at jdk.internal.reflect.GeneratedMethodAccessor25.invoke(Unknown Source)
	at java.base/jdk.internal.reflect.DelegatingMethodAccessorImpl.invoke(DelegatingMethodAccessorImpl.java:43)
	at Выполнение бизнес-плана сверка дашбордов.CompareDZOData(Выполнение бизнес-плана сверка дашбордов:745)
	at Выполнение бизнес-плана сверка дашбордов.run(Выполнение бизнес-плана сверка дашбордов:643)
	at com.kms.katalon.core.main.ScriptEngine.run(ScriptEngine.java:194)
	at com.kms.katalon.core.main.ScriptEngine.runScriptAsRawText(ScriptEngine.java:119)
	at com.kms.katalon.core.main.TestCaseExecutor.runScript(TestCaseExecutor.java:448)
	at com.kms.katalon.core.main.TestCaseExecutor.doExecute(TestCaseExecutor.java:439)
	at com.kms.katalon.core.main.TestCaseExecutor.processExecutionPhase(TestCaseExecutor.java:418)
	at com.kms.katalon.core.main.TestCaseExecutor.accessMainPhase(TestCaseExecutor.java:410)
	at com.kms.katalon.core.main.TestCaseExecutor.execute(TestCaseExecutor.java:285)
	at com.kms.katalon.core.common.CommonExecutor.accessTestCaseMainPhase(CommonExecutor.java:65)
	at com.kms.katalon.core.main.TestSuiteExecutor.accessTestSuiteMainPhase(TestSuiteExecutor.java:150)
	at com.kms.katalon.core.main.TestSuiteExecutor.execute(TestSuiteExecutor.java:106)
	at com.kms.katalon.core.main.TestCaseMain.startTestSuite(TestCaseMain.java:180)
	at TempTestSuite1733095732962.run(TempTestSuite1733095732962.groovy:35)
	at java.base/jdk.internal.reflect.NativeMethodAccessorImpl.invoke0(Native Method)
	at java.base/jdk.internal.reflect.NativeMethodAccessorImpl.invoke(NativeMethodAccessorImpl.java:77)
	at java.base/jdk.internal.reflect.DelegatingMethodAccessorImpl.invoke(DelegatingMethodAccessorImpl.java:43)
)

02-12-2024T02:39:48 - [TEST_STEP][PASSED] - result = WriteToExcel(typeOfData, todaysDate, PercPlanR, PercPlanB, PercFactR, PercFactB, x, tabR, tabB, o1R, o1B, vidget): null

02-12-2024T02:39:48 - [TEST_STEP][PASSED] - iii = dZO.indexOf("/"): null

02-12-2024T02:39:48 - [TEST_STEP][PASSED] - println(iii): null

02-12-2024T02:39:48 - [TEST_STEP][PASSED] - dZO = dZO.substring(0, iii): null

02-12-2024T02:39:48 - [TEST_STEP][PASSED] - println(dZO): null

02-12-2024T02:39:48 - [TEST_STEP][PASSED] - println(PercPlanR): null

02-12-2024T02:39:48 - [TEST_STEP][PASSED] - println(PercPlanB): null

02-12-2024T02:39:48 - [TEST_STEP][PASSED] - println(PercFactR): null

02-12-2024T02:39:48 - [TEST_STEP][PASSED] - println(PercFactB): null

02-12-2024T02:39:48 - [TEST_STEP][PASSED] - println(tabR): null

02-12-2024T02:39:48 - [TEST_STEP][PASSED] - println(tabB): null

02-12-2024T02:39:48 - [TEST_STEP][PASSED] - println(o1R): null

02-12-2024T02:39:48 - [TEST_STEP][PASSED] - println(o1B): null

02-12-2024T02:39:48 - [TEST_STEP][PASSED] - PR = <not implemented yet for class: org.codehaus.groovy.ast.expr.EmptyExpression>: null

02-12-2024T02:39:48 - [TEST_STEP][PASSED] - FR = <not implemented yet for class: org.codehaus.groovy.ast.expr.EmptyExpression>: null

02-12-2024T02:39:48 - [TEST_STEP][PASSED] - PB = <not implemented yet for class: org.codehaus.groovy.ast.expr.EmptyExpression>: null

02-12-2024T02:39:48 - [TEST_STEP][PASSED] - FB = <not implemented yet for class: org.codehaus.groovy.ast.expr.EmptyExpression>: null

02-12-2024T02:39:48 - [TEST_STEP][PASSED] - TR = <not implemented yet for class: org.codehaus.groovy.ast.expr.EmptyExpression>: null

02-12-2024T02:39:48 - [TEST_STEP][PASSED] - TB = <not implemented yet for class: org.codehaus.groovy.ast.expr.EmptyExpression>: null

02-12-2024T02:39:48 - [TEST_STEP][PASSED] - sheetName = "Sheet1": null

02-12-2024T02:39:48 - [TEST_STEP][PASSED] - data = findTestData("PlanFact"): null

02-12-2024T02:39:48 - [TEST_STEP][PASSED] - n = data.getRowNumbers() + 1: null

02-12-2024T02:39:48 - [TEST_STEP][PASSED] - year = todaysDate.substring(todaysDate.length() - 4, todaysDate.length()): null

02-12-2024T02:39:48 - [TEST_STEP][PASSED] - y = year.toInteger(): null

02-12-2024T02:39:48 - [TEST_STEP][PASSED] - m = getText(findTestObject("Выполнение бизнес-плана/Выполнение бизнес-плана Балансы/Фильтр Дата")): Text of object 'Object Repository/Выполнение бизнес-плана/Выполнение бизнес-плана Балансы/Фильтр Дата' is: '1, 2, 3 кв., Октябрь 2024 года'

02-12-2024T02:39:48 - [MESSAGE][PASSED] - Text of object 'Object Repository/Выполнение бизнес-плана/Выполнение бизнес-плана Балансы/Фильтр Дата' is: '1, 2, 3 кв., Октябрь 2024 года'

02-12-2024T02:39:48 - [TEST_STEP][PASSED] - m = m.substring(0, m.indexOf("2024")): null

02-12-2024T02:39:48 - [TEST_STEP][PASSED] - m = m.trim(): null

02-12-2024T02:39:48 - [TEST_STEP][PASSED] - dashboardName = "Выполнение бизнес-плана": null

02-12-2024T02:39:48 - [TEST_STEP][PASSED] - workbook01 = getWorkbook(excelFilePath): null

02-12-2024T02:39:48 - [TEST_STEP][PASSED] - sheet01 = getExcelSheet(workbook01, sheetName): null

02-12-2024T02:39:48 - [TEST_STEP][PASSED] - setValueToCellByIndex(sheet01, n, 0, dashboardName): null

02-12-2024T02:39:48 - [TEST_STEP][PASSED] - setValueToCellByIndex(sheet01, n, 1, dZO): null

02-12-2024T02:39:48 - [TEST_STEP][PASSED] - setValueToCellByIndex(sheet01, n, 2, typeOfData): null

02-12-2024T02:39:48 - [TEST_STEP][PASSED] - setValueToCellByIndex(sheet01, n, 3, typeOfData): null

02-12-2024T02:39:48 - [TEST_STEP][PASSED] - if (typeOfData == "План"): null

02-12-2024T02:39:48 - [TEST_STEP][PASSED] - else if (typeOfData == "Факт"): null

02-12-2024T02:39:48 - [TEST_STEP][PASSED] - else if (vidget.contains("электроэнергии") == true): null

02-12-2024T02:39:48 - [TEST_STEP][PASSED] - if (tabR == null): null

02-12-2024T02:39:48 - [TEST_STEP][PASSED] - else: null

02-12-2024T02:39:48 - [TEST_STEP][PASSED] - if (tabR == "нет данных"): null

02-12-2024T02:39:48 - [TEST_STEP][PASSED] - setValueToCellByIndex(sheet01, n, 4, "нет данных"): null

02-12-2024T02:39:48 - [TEST_STEP][PASSED] - if (tabB == null): null

02-12-2024T02:39:48 - [TEST_STEP][PASSED] - else: null

02-12-2024T02:39:48 - [TEST_STEP][PASSED] - if (tabB == "нет данных"): null

02-12-2024T02:39:48 - [TEST_STEP][PASSED] - else: null

02-12-2024T02:39:48 - [TEST_STEP][PASSED] - TB = tabB.toInteger(): null

02-12-2024T02:39:48 - [TEST_STEP][PASSED] - setValueToCellByIndex(sheet01, n, 5, TB): null

02-12-2024T02:39:48 - [TEST_STEP][PASSED] - setValueToCellByIndex(sheet01, n, 6, m): null

02-12-2024T02:39:48 - [TEST_STEP][PASSED] - setValueToCellByIndex(sheet01, n, 7, y): null

02-12-2024T02:39:48 - [TEST_STEP][PASSED] - setValueToCellByIndex(sheet01, n, 8, todaysDate): null

02-12-2024T02:39:48 - [TEST_STEP][PASSED] - n = n + 1: null

02-12-2024T02:39:48 - [TEST_STEP][PASSED] - saveWorkbook(excelFilePath, workbook01): null

02-12-2024T02:39:48 - [TEST_STEP][PASSED] - typeOfData = "План Отпуск из сети": null

02-12-2024T02:39:48 - [TEST_STEP][PASSED] - tabR = GetOiSPlanR(x = a): null

02-12-2024T02:39:48 - [TEST_STEP][PASSED] - i1 = <not implemented yet for class: org.codehaus.groovy.ast.expr.EmptyExpression>: null

02-12-2024T02:39:48 - [TEST_STEP][PASSED] - ii = <not implemented yet for class: org.codehaus.groovy.ast.expr.EmptyExpression>: null

02-12-2024T02:39:48 - [TEST_STEP][PASSED] - for ([ii = 1, ii < 8, (ii++)]): null

02-12-2024T02:39:48 - [TEST_STEP][PASSED] - i1 = x.indexOf("/") + 1: null

02-12-2024T02:39:48 - [TEST_STEP][PASSED] - if (i1 > -1): null

02-12-2024T02:39:48 - [TEST_STEP][PASSED] - x = x.substring(i1, x.length()): null

02-12-2024T02:39:48 - [TEST_STEP][PASSED] - println(x): null

02-12-2024T02:39:48 - [TEST_STEP][PASSED] - i1 = x.indexOf("/") + 1: null

02-12-2024T02:39:48 - [TEST_STEP][PASSED] - if (i1 > -1): null

02-12-2024T02:39:48 - [TEST_STEP][PASSED] - x = x.substring(i1, x.length()): null

02-12-2024T02:39:48 - [TEST_STEP][PASSED] - println(x): null

02-12-2024T02:39:48 - [TEST_STEP][PASSED] - i1 = x.indexOf("/") + 1: null

02-12-2024T02:39:48 - [TEST_STEP][PASSED] - if (i1 > -1): null

02-12-2024T02:39:48 - [TEST_STEP][PASSED] - x = x.substring(i1, x.length()): null

02-12-2024T02:39:48 - [TEST_STEP][PASSED] - println(x): null

02-12-2024T02:39:48 - [TEST_STEP][PASSED] - i1 = x.indexOf("/") + 1: null

02-12-2024T02:39:48 - [TEST_STEP][PASSED] - if (i1 > -1): null

02-12-2024T02:39:48 - [TEST_STEP][PASSED] - x = x.substring(i1, x.length()): null

02-12-2024T02:39:48 - [TEST_STEP][PASSED] - println(x): null

02-12-2024T02:39:48 - [TEST_STEP][PASSED] - i1 = x.indexOf("/") + 1: null

02-12-2024T02:39:48 - [TEST_STEP][PASSED] - if (i1 > -1): null

02-12-2024T02:39:48 - [TEST_STEP][PASSED] - x = x.substring(i1, x.length()): null

02-12-2024T02:39:48 - [TEST_STEP][PASSED] - println(x): null

02-12-2024T02:39:48 - [TEST_STEP][PASSED] - i1 = x.indexOf("/") + 1: null

02-12-2024T02:39:48 - [TEST_STEP][PASSED] - if (i1 > -1): null

02-12-2024T02:39:48 - [TEST_STEP][PASSED] - x = x.substring(i1, x.length()): null

02-12-2024T02:39:48 - [TEST_STEP][PASSED] - println(x): null

02-12-2024T02:39:48 - [TEST_STEP][PASSED] - i1 = x.indexOf("/") + 1: null

02-12-2024T02:39:48 - [TEST_STEP][PASSED] - if (i1 > -1): null

02-12-2024T02:39:48 - [TEST_STEP][PASSED] - x = x.substring(i1, x.length()): null

02-12-2024T02:39:48 - [TEST_STEP][PASSED] - println(x): null

02-12-2024T02:39:48 - [TEST_STEP][PASSED] - i1 = x.indexOf("/"): null

02-12-2024T02:39:48 - [TEST_STEP][PASSED] - if (i1 > -1): null

02-12-2024T02:39:48 - [TEST_STEP][PASSED] - x = x.substring(0, i1): null

02-12-2024T02:39:48 - [TEST_STEP][PASSED] - println(x): null

02-12-2024T02:39:48 - [TEST_STEP][PASSED] - return x: null

02-12-2024T02:39:48 - [TEST_STEP][PASSED] - tabB = GetOiSPlanB(x = b): null

02-12-2024T02:39:48 - [TEST_STEP][PASSED] - i1 = <not implemented yet for class: org.codehaus.groovy.ast.expr.EmptyExpression>: null

02-12-2024T02:39:48 - [TEST_STEP][PASSED] - ii = <not implemented yet for class: org.codehaus.groovy.ast.expr.EmptyExpression>: null

02-12-2024T02:39:48 - [TEST_STEP][PASSED] - for ([ii = 1, ii < 8, (ii++)]): null

02-12-2024T02:39:48 - [TEST_STEP][PASSED] - i1 = x.indexOf("/") + 1: null

02-12-2024T02:39:48 - [TEST_STEP][PASSED] - if (i1 > -1): null

02-12-2024T02:39:48 - [TEST_STEP][PASSED] - x = x.substring(i1, x.length()): null

02-12-2024T02:39:48 - [TEST_STEP][PASSED] - println(x): null

02-12-2024T02:39:48 - [TEST_STEP][PASSED] - i1 = x.indexOf("/") + 1: null

02-12-2024T02:39:48 - [TEST_STEP][PASSED] - if (i1 > -1): null

02-12-2024T02:39:48 - [TEST_STEP][PASSED] - x = x.substring(i1, x.length()): null

02-12-2024T02:39:48 - [TEST_STEP][PASSED] - println(x): null

02-12-2024T02:39:48 - [TEST_STEP][PASSED] - i1 = x.indexOf("/") + 1: null

02-12-2024T02:39:48 - [TEST_STEP][PASSED] - if (i1 > -1): null

02-12-2024T02:39:48 - [TEST_STEP][PASSED] - x = x.substring(i1, x.length()): null

02-12-2024T02:39:48 - [TEST_STEP][PASSED] - println(x): null

02-12-2024T02:39:48 - [TEST_STEP][PASSED] - i1 = x.indexOf("/") + 1: null

02-12-2024T02:39:48 - [TEST_STEP][PASSED] - if (i1 > -1): null

02-12-2024T02:39:48 - [TEST_STEP][PASSED] - x = x.substring(i1, x.length()): null

02-12-2024T02:39:48 - [TEST_STEP][PASSED] - println(x): null

02-12-2024T02:39:48 - [TEST_STEP][PASSED] - i1 = x.indexOf("/") + 1: null

02-12-2024T02:39:48 - [TEST_STEP][PASSED] - if (i1 > -1): null

02-12-2024T02:39:48 - [TEST_STEP][PASSED] - x = x.substring(i1, x.length()): null

02-12-2024T02:39:48 - [TEST_STEP][PASSED] - println(x): null

02-12-2024T02:39:48 - [TEST_STEP][PASSED] - i1 = x.indexOf("/") + 1: null

02-12-2024T02:39:48 - [TEST_STEP][PASSED] - if (i1 > -1): null

02-12-2024T02:39:48 - [TEST_STEP][PASSED] - x = x.substring(i1, x.length()): null

02-12-2024T02:39:48 - [TEST_STEP][PASSED] - println(x): null

02-12-2024T02:39:48 - [TEST_STEP][PASSED] - i1 = x.indexOf("/") + 1: null

02-12-2024T02:39:48 - [TEST_STEP][PASSED] - if (i1 > -1): null

02-12-2024T02:39:48 - [TEST_STEP][PASSED] - x = x.substring(i1, x.length()): null

02-12-2024T02:39:48 - [TEST_STEP][PASSED] - println(x): null

02-12-2024T02:39:48 - [TEST_STEP][PASSED] - i1 = x.indexOf("/"): null

02-12-2024T02:39:48 - [TEST_STEP][PASSED] - if (i1 > -1): null

02-12-2024T02:39:48 - [TEST_STEP][PASSED] - x = x.substring(0, i1): null

02-12-2024T02:39:48 - [TEST_STEP][PASSED] - println(x): null

02-12-2024T02:39:48 - [TEST_STEP][FAILED] - return x: null

02-12-2024T02:39:48 - [TEST_STEP][PASSED] - println(tabR + "/" + tabB): null

02-12-2024T02:39:48 - [TEST_STEP][FAILED] - if (verifyEqual(PercFactR, PercFactB) == false): null

02-12-2024T02:39:48 - [MESSAGE][FAILED] - Unable to verify equal between actual object 'нет данных' and expected object '5.76' (Root cause: com.kms.katalon.core.exception.StepFailedException: Actual object 'нет данных' and expected object '5.76' are not equal
	at com.kms.katalon.core.keyword.builtin.VerifyEqualKeyword$_verifyEqual_closure1.doCall(VerifyEqualKeyword.groovy:58)
	at com.kms.katalon.core.keyword.builtin.VerifyEqualKeyword$_verifyEqual_closure1.call(VerifyEqualKeyword.groovy)
	at com.kms.katalon.core.keyword.internal.KeywordMain.runKeyword(KeywordMain.groovy:75)
	at com.kms.katalon.core.keyword.builtin.VerifyEqualKeyword.verifyEqual(VerifyEqualKeyword.groovy:63)
	at com.kms.katalon.core.keyword.builtin.VerifyEqualKeyword.execute(VerifyEqualKeyword.groovy:44)
	at com.kms.katalon.core.keyword.internal.KeywordExecutor.executeKeywordForPlatform(KeywordExecutor.groovy:74)
	at com.kms.katalon.core.keyword.BuiltinKeywords.verifyEqual(BuiltinKeywords.groovy:146)
	at jdk.internal.reflect.GeneratedMethodAccessor25.invoke(Unknown Source)
	at java.base/jdk.internal.reflect.DelegatingMethodAccessorImpl.invoke(DelegatingMethodAccessorImpl.java:43)
	at Выполнение бизнес-плана сверка дашбордов.CompareDZOData(Выполнение бизнес-плана сверка дашбордов:758)
	at Выполнение бизнес-плана сверка дашбордов.run(Выполнение бизнес-плана сверка дашбордов:643)
	at com.kms.katalon.core.main.ScriptEngine.run(ScriptEngine.java:194)
	at com.kms.katalon.core.main.ScriptEngine.runScriptAsRawText(ScriptEngine.java:119)
	at com.kms.katalon.core.main.TestCaseExecutor.runScript(TestCaseExecutor.java:448)
	at com.kms.katalon.core.main.TestCaseExecutor.doExecute(TestCaseExecutor.java:439)
	at com.kms.katalon.core.main.TestCaseExecutor.processExecutionPhase(TestCaseExecutor.java:418)
	at com.kms.katalon.core.main.TestCaseExecutor.accessMainPhase(TestCaseExecutor.java:410)
	at com.kms.katalon.core.main.TestCaseExecutor.execute(TestCaseExecutor.java:285)
	at com.kms.katalon.core.common.CommonExecutor.accessTestCaseMainPhase(CommonExecutor.java:65)
	at com.kms.katalon.core.main.TestSuiteExecutor.accessTestSuiteMainPhase(TestSuiteExecutor.java:150)
	at com.kms.katalon.core.main.TestSuiteExecutor.execute(TestSuiteExecutor.java:106)
	at com.kms.katalon.core.main.TestCaseMain.startTestSuite(TestCaseMain.java:180)
	at TempTestSuite1733095732962.run(TempTestSuite1733095732962.groovy:35)
	at java.base/jdk.internal.reflect.NativeMethodAccessorImpl.invoke0(Native Method)
	at java.base/jdk.internal.reflect.NativeMethodAccessorImpl.invoke(NativeMethodAccessorImpl.java:77)
	at java.base/jdk.internal.reflect.DelegatingMethodAccessorImpl.invoke(DelegatingMethodAccessorImpl.java:43)
)

02-12-2024T02:39:48 - [TEST_STEP][PASSED] - result = WriteToExcel(typeOfData, todaysDate, PercPlanR, PercPlanB, PercFactR, PercFactB, x, tabR, tabB, o1R, o1B, vidget): null

02-12-2024T02:39:48 - [TEST_STEP][PASSED] - iii = dZO.indexOf("/"): null

02-12-2024T02:39:48 - [TEST_STEP][PASSED] - println(iii): null

02-12-2024T02:39:48 - [TEST_STEP][PASSED] - dZO = dZO.substring(0, iii): null

02-12-2024T02:39:48 - [TEST_STEP][PASSED] - println(dZO): null

02-12-2024T02:39:48 - [TEST_STEP][PASSED] - println(PercPlanR): null

02-12-2024T02:39:48 - [TEST_STEP][PASSED] - println(PercPlanB): null

02-12-2024T02:39:48 - [TEST_STEP][PASSED] - println(PercFactR): null

02-12-2024T02:39:48 - [TEST_STEP][PASSED] - println(PercFactB): null

02-12-2024T02:39:48 - [TEST_STEP][PASSED] - println(tabR): null

02-12-2024T02:39:48 - [TEST_STEP][PASSED] - println(tabB): null

02-12-2024T02:39:48 - [TEST_STEP][PASSED] - println(o1R): null

02-12-2024T02:39:48 - [TEST_STEP][PASSED] - println(o1B): null

02-12-2024T02:39:48 - [TEST_STEP][PASSED] - PR = <not implemented yet for class: org.codehaus.groovy.ast.expr.EmptyExpression>: null

02-12-2024T02:39:48 - [TEST_STEP][PASSED] - FR = <not implemented yet for class: org.codehaus.groovy.ast.expr.EmptyExpression>: null

02-12-2024T02:39:48 - [TEST_STEP][PASSED] - PB = <not implemented yet for class: org.codehaus.groovy.ast.expr.EmptyExpression>: null

02-12-2024T02:39:48 - [TEST_STEP][PASSED] - FB = <not implemented yet for class: org.codehaus.groovy.ast.expr.EmptyExpression>: null

02-12-2024T02:39:48 - [TEST_STEP][PASSED] - TR = <not implemented yet for class: org.codehaus.groovy.ast.expr.EmptyExpression>: null

02-12-2024T02:39:48 - [TEST_STEP][PASSED] - TB = <not implemented yet for class: org.codehaus.groovy.ast.expr.EmptyExpression>: null

02-12-2024T02:39:48 - [TEST_STEP][PASSED] - sheetName = "Sheet1": null

02-12-2024T02:39:48 - [TEST_STEP][PASSED] - data = findTestData("PlanFact"): null

02-12-2024T02:39:48 - [TEST_STEP][PASSED] - n = data.getRowNumbers() + 1: null

02-12-2024T02:39:48 - [TEST_STEP][PASSED] - year = todaysDate.substring(todaysDate.length() - 4, todaysDate.length()): null

02-12-2024T02:39:48 - [TEST_STEP][PASSED] - y = year.toInteger(): null

02-12-2024T02:39:48 - [TEST_STEP][PASSED] - m = getText(findTestObject("Выполнение бизнес-плана/Выполнение бизнес-плана Балансы/Фильтр Дата")): Text of object 'Object Repository/Выполнение бизнес-плана/Выполнение бизнес-плана Балансы/Фильтр Дата' is: '1, 2, 3 кв., Октябрь 2024 года'

02-12-2024T02:39:49 - [MESSAGE][PASSED] - Text of object 'Object Repository/Выполнение бизнес-плана/Выполнение бизнес-плана Балансы/Фильтр Дата' is: '1, 2, 3 кв., Октябрь 2024 года'

02-12-2024T02:39:49 - [TEST_STEP][PASSED] - m = m.substring(0, m.indexOf("2024")): null

02-12-2024T02:39:49 - [TEST_STEP][PASSED] - m = m.trim(): null

02-12-2024T02:39:49 - [TEST_STEP][PASSED] - dashboardName = "Выполнение бизнес-плана": null

02-12-2024T02:39:49 - [TEST_STEP][PASSED] - workbook01 = getWorkbook(excelFilePath): null

02-12-2024T02:39:49 - [TEST_STEP][PASSED] - sheet01 = getExcelSheet(workbook01, sheetName): null

02-12-2024T02:39:49 - [TEST_STEP][PASSED] - setValueToCellByIndex(sheet01, n, 0, dashboardName): null

02-12-2024T02:39:49 - [TEST_STEP][PASSED] - setValueToCellByIndex(sheet01, n, 1, dZO): null

02-12-2024T02:39:49 - [TEST_STEP][PASSED] - setValueToCellByIndex(sheet01, n, 2, typeOfData): null

02-12-2024T02:39:49 - [TEST_STEP][PASSED] - setValueToCellByIndex(sheet01, n, 3, typeOfData): null

02-12-2024T02:39:49 - [TEST_STEP][PASSED] - if (typeOfData == "План"): null

02-12-2024T02:39:49 - [TEST_STEP][PASSED] - else if (typeOfData == "Факт"): null

02-12-2024T02:39:49 - [TEST_STEP][PASSED] - else if (vidget.contains("электроэнергии") == true): null

02-12-2024T02:39:49 - [TEST_STEP][PASSED] - if (tabR == null): null

02-12-2024T02:39:49 - [TEST_STEP][PASSED] - else: null

02-12-2024T02:39:49 - [TEST_STEP][PASSED] - if (tabR == "нет данных"): null

02-12-2024T02:39:49 - [TEST_STEP][PASSED] - setValueToCellByIndex(sheet01, n, 4, "нет данных"): null

02-12-2024T02:39:49 - [TEST_STEP][PASSED] - if (tabB == null): null

02-12-2024T02:39:49 - [TEST_STEP][PASSED] - else: null

02-12-2024T02:39:49 - [TEST_STEP][PASSED] - if (tabB == "нет данных"): null

02-12-2024T02:39:49 - [TEST_STEP][PASSED] - else: null

02-12-2024T02:39:49 - [TEST_STEP][PASSED] - TB = tabB.toInteger(): null

02-12-2024T02:39:49 - [TEST_STEP][PASSED] - setValueToCellByIndex(sheet01, n, 5, TB): null

02-12-2024T02:39:49 - [TEST_STEP][PASSED] - setValueToCellByIndex(sheet01, n, 6, m): null

02-12-2024T02:39:49 - [TEST_STEP][PASSED] - setValueToCellByIndex(sheet01, n, 7, y): null

02-12-2024T02:39:49 - [TEST_STEP][PASSED] - setValueToCellByIndex(sheet01, n, 8, todaysDate): null

02-12-2024T02:39:49 - [TEST_STEP][PASSED] - n = n + 1: null

02-12-2024T02:39:49 - [TEST_STEP][PASSED] - saveWorkbook(excelFilePath, workbook01): null

02-12-2024T02:39:49 - [TEST_STEP][PASSED] - typeOfData = "План Потери": null

02-12-2024T02:39:49 - [TEST_STEP][PASSED] - tabR = GetPPlanR(x = a): null

02-12-2024T02:39:49 - [TEST_STEP][PASSED] - i1 = <not implemented yet for class: org.codehaus.groovy.ast.expr.EmptyExpression>: null

02-12-2024T02:39:49 - [TEST_STEP][PASSED] - ii = <not implemented yet for class: org.codehaus.groovy.ast.expr.EmptyExpression>: null

02-12-2024T02:39:49 - [TEST_STEP][PASSED] - for ([ii = 1, ii < 9, (ii++)]): null

02-12-2024T02:39:49 - [TEST_STEP][PASSED] - i1 = x.indexOf("/") + 1: null

02-12-2024T02:39:49 - [TEST_STEP][PASSED] - if (i1 > -1): null

02-12-2024T02:39:49 - [TEST_STEP][PASSED] - x = x.substring(i1, x.length()): null

02-12-2024T02:39:49 - [TEST_STEP][PASSED] - println(x): null

02-12-2024T02:39:49 - [TEST_STEP][PASSED] - i1 = x.indexOf("/") + 1: null

02-12-2024T02:39:49 - [TEST_STEP][PASSED] - if (i1 > -1): null

02-12-2024T02:39:49 - [TEST_STEP][PASSED] - x = x.substring(i1, x.length()): null

02-12-2024T02:39:49 - [TEST_STEP][PASSED] - println(x): null

02-12-2024T02:39:49 - [TEST_STEP][PASSED] - i1 = x.indexOf("/") + 1: null

02-12-2024T02:39:49 - [TEST_STEP][PASSED] - if (i1 > -1): null

02-12-2024T02:39:49 - [TEST_STEP][PASSED] - x = x.substring(i1, x.length()): null

02-12-2024T02:39:49 - [TEST_STEP][PASSED] - println(x): null

02-12-2024T02:39:49 - [TEST_STEP][PASSED] - i1 = x.indexOf("/") + 1: null

02-12-2024T02:39:49 - [TEST_STEP][PASSED] - if (i1 > -1): null

02-12-2024T02:39:49 - [TEST_STEP][PASSED] - x = x.substring(i1, x.length()): null

02-12-2024T02:39:49 - [TEST_STEP][PASSED] - println(x): null

02-12-2024T02:39:49 - [TEST_STEP][PASSED] - i1 = x.indexOf("/") + 1: null

02-12-2024T02:39:49 - [TEST_STEP][PASSED] - if (i1 > -1): null

02-12-2024T02:39:49 - [TEST_STEP][PASSED] - x = x.substring(i1, x.length()): null

02-12-2024T02:39:49 - [TEST_STEP][PASSED] - println(x): null

02-12-2024T02:39:49 - [TEST_STEP][PASSED] - i1 = x.indexOf("/") + 1: null

02-12-2024T02:39:49 - [TEST_STEP][PASSED] - if (i1 > -1): null

02-12-2024T02:39:49 - [TEST_STEP][PASSED] - x = x.substring(i1, x.length()): null

02-12-2024T02:39:49 - [TEST_STEP][PASSED] - println(x): null

02-12-2024T02:39:49 - [TEST_STEP][PASSED] - i1 = x.indexOf("/") + 1: null

02-12-2024T02:39:49 - [TEST_STEP][PASSED] - if (i1 > -1): null

02-12-2024T02:39:49 - [TEST_STEP][PASSED] - x = x.substring(i1, x.length()): null

02-12-2024T02:39:49 - [TEST_STEP][PASSED] - println(x): null

02-12-2024T02:39:49 - [TEST_STEP][PASSED] - i1 = x.indexOf("/") + 1: null

02-12-2024T02:39:49 - [TEST_STEP][PASSED] - if (i1 > -1): null

02-12-2024T02:39:49 - [TEST_STEP][PASSED] - x = x.substring(i1, x.length()): null

02-12-2024T02:39:49 - [TEST_STEP][PASSED] - println(x): null

02-12-2024T02:39:49 - [TEST_STEP][PASSED] - i1 = x.indexOf("/"): null

02-12-2024T02:39:49 - [TEST_STEP][PASSED] - if (i1 > -1): null

02-12-2024T02:39:49 - [TEST_STEP][PASSED] - x = x.substring(0, i1): null

02-12-2024T02:39:49 - [TEST_STEP][PASSED] - println(x): null

02-12-2024T02:39:49 - [TEST_STEP][PASSED] - return x: null

02-12-2024T02:39:49 - [TEST_STEP][PASSED] - tabB = GetPPlanB(x = b): null

02-12-2024T02:39:49 - [TEST_STEP][PASSED] - i1 = <not implemented yet for class: org.codehaus.groovy.ast.expr.EmptyExpression>: null

02-12-2024T02:39:49 - [TEST_STEP][PASSED] - ii = <not implemented yet for class: org.codehaus.groovy.ast.expr.EmptyExpression>: null

02-12-2024T02:39:49 - [TEST_STEP][PASSED] - for ([ii = 1, ii < 9, (ii++)]): null

02-12-2024T02:39:49 - [TEST_STEP][PASSED] - i1 = x.indexOf("/") + 1: null

02-12-2024T02:39:49 - [TEST_STEP][PASSED] - if (i1 > -1): null

02-12-2024T02:39:49 - [TEST_STEP][PASSED] - x = x.substring(i1, x.length()): null

02-12-2024T02:39:49 - [TEST_STEP][PASSED] - println(x): null

02-12-2024T02:39:49 - [TEST_STEP][PASSED] - i1 = x.indexOf("/") + 1: null

02-12-2024T02:39:49 - [TEST_STEP][PASSED] - if (i1 > -1): null

02-12-2024T02:39:49 - [TEST_STEP][PASSED] - x = x.substring(i1, x.length()): null

02-12-2024T02:39:49 - [TEST_STEP][PASSED] - println(x): null

02-12-2024T02:39:49 - [TEST_STEP][PASSED] - i1 = x.indexOf("/") + 1: null

02-12-2024T02:39:49 - [TEST_STEP][PASSED] - if (i1 > -1): null

02-12-2024T02:39:49 - [TEST_STEP][PASSED] - x = x.substring(i1, x.length()): null

02-12-2024T02:39:49 - [TEST_STEP][PASSED] - println(x): null

02-12-2024T02:39:49 - [TEST_STEP][PASSED] - i1 = x.indexOf("/") + 1: null

02-12-2024T02:39:49 - [TEST_STEP][PASSED] - if (i1 > -1): null

02-12-2024T02:39:49 - [TEST_STEP][PASSED] - x = x.substring(i1, x.length()): null

02-12-2024T02:39:49 - [TEST_STEP][PASSED] - println(x): null

02-12-2024T02:39:49 - [TEST_STEP][PASSED] - i1 = x.indexOf("/") + 1: null

02-12-2024T02:39:49 - [TEST_STEP][PASSED] - if (i1 > -1): null

02-12-2024T02:39:49 - [TEST_STEP][PASSED] - x = x.substring(i1, x.length()): null

02-12-2024T02:39:49 - [TEST_STEP][PASSED] - println(x): null

02-12-2024T02:39:49 - [TEST_STEP][PASSED] - i1 = x.indexOf("/") + 1: null

02-12-2024T02:39:49 - [TEST_STEP][PASSED] - if (i1 > -1): null

02-12-2024T02:39:49 - [TEST_STEP][PASSED] - x = x.substring(i1, x.length()): null

02-12-2024T02:39:49 - [TEST_STEP][PASSED] - println(x): null

02-12-2024T02:39:49 - [TEST_STEP][PASSED] - i1 = x.indexOf("/") + 1: null

02-12-2024T02:39:49 - [TEST_STEP][PASSED] - if (i1 > -1): null

02-12-2024T02:39:49 - [TEST_STEP][PASSED] - x = x.substring(i1, x.length()): null

02-12-2024T02:39:49 - [TEST_STEP][PASSED] - println(x): null

02-12-2024T02:39:49 - [TEST_STEP][PASSED] - i1 = x.indexOf("/") + 1: null

02-12-2024T02:39:49 - [TEST_STEP][PASSED] - if (i1 > -1): null

02-12-2024T02:39:49 - [TEST_STEP][PASSED] - x = x.substring(i1, x.length()): null

02-12-2024T02:39:49 - [TEST_STEP][PASSED] - println(x): null

02-12-2024T02:39:49 - [TEST_STEP][PASSED] - i1 = x.indexOf("/"): null

02-12-2024T02:39:49 - [TEST_STEP][PASSED] - if (i1 > -1): null

02-12-2024T02:39:49 - [TEST_STEP][PASSED] - x = x.substring(0, i1): null

02-12-2024T02:39:49 - [TEST_STEP][PASSED] - println(x): null

02-12-2024T02:39:49 - [TEST_STEP][FAILED] - return x: null

02-12-2024T02:39:49 - [TEST_STEP][PASSED] - println(tabR + "/" + tabB): null

02-12-2024T02:39:49 - [TEST_STEP][FAILED] - if (verifyEqual(PercFactR, PercFactB) == false): null

02-12-2024T02:39:49 - [MESSAGE][FAILED] - Unable to verify equal between actual object 'нет данных' and expected object '5.76' (Root cause: com.kms.katalon.core.exception.StepFailedException: Actual object 'нет данных' and expected object '5.76' are not equal
	at com.kms.katalon.core.keyword.builtin.VerifyEqualKeyword$_verifyEqual_closure1.doCall(VerifyEqualKeyword.groovy:58)
	at com.kms.katalon.core.keyword.builtin.VerifyEqualKeyword$_verifyEqual_closure1.call(VerifyEqualKeyword.groovy)
	at com.kms.katalon.core.keyword.internal.KeywordMain.runKeyword(KeywordMain.groovy:75)
	at com.kms.katalon.core.keyword.builtin.VerifyEqualKeyword.verifyEqual(VerifyEqualKeyword.groovy:63)
	at com.kms.katalon.core.keyword.builtin.VerifyEqualKeyword.execute(VerifyEqualKeyword.groovy:44)
	at com.kms.katalon.core.keyword.internal.KeywordExecutor.executeKeywordForPlatform(KeywordExecutor.groovy:74)
	at com.kms.katalon.core.keyword.BuiltinKeywords.verifyEqual(BuiltinKeywords.groovy:146)
	at jdk.internal.reflect.GeneratedMethodAccessor25.invoke(Unknown Source)
	at java.base/jdk.internal.reflect.DelegatingMethodAccessorImpl.invoke(DelegatingMethodAccessorImpl.java:43)
	at Выполнение бизнес-плана сверка дашбордов.CompareDZOData(Выполнение бизнес-плана сверка дашбордов:771)
	at Выполнение бизнес-плана сверка дашбордов.run(Выполнение бизнес-плана сверка дашбордов:643)
	at com.kms.katalon.core.main.ScriptEngine.run(ScriptEngine.java:194)
	at com.kms.katalon.core.main.ScriptEngine.runScriptAsRawText(ScriptEngine.java:119)
	at com.kms.katalon.core.main.TestCaseExecutor.runScript(TestCaseExecutor.java:448)
	at com.kms.katalon.core.main.TestCaseExecutor.doExecute(TestCaseExecutor.java:439)
	at com.kms.katalon.core.main.TestCaseExecutor.processExecutionPhase(TestCaseExecutor.java:418)
	at com.kms.katalon.core.main.TestCaseExecutor.accessMainPhase(TestCaseExecutor.java:410)
	at com.kms.katalon.core.main.TestCaseExecutor.execute(TestCaseExecutor.java:285)
	at com.kms.katalon.core.common.CommonExecutor.accessTestCaseMainPhase(CommonExecutor.java:65)
	at com.kms.katalon.core.main.TestSuiteExecutor.accessTestSuiteMainPhase(TestSuiteExecutor.java:150)
	at com.kms.katalon.core.main.TestSuiteExecutor.execute(TestSuiteExecutor.java:106)
	at com.kms.katalon.core.main.TestCaseMain.startTestSuite(TestCaseMain.java:180)
	at TempTestSuite1733095732962.run(TempTestSuite1733095732962.groovy:35)
	at java.base/jdk.internal.reflect.NativeMethodAccessorImpl.invoke0(Native Method)
	at java.base/jdk.internal.reflect.NativeMethodAccessorImpl.invoke(NativeMethodAccessorImpl.java:77)
	at java.base/jdk.internal.reflect.DelegatingMethodAccessorImpl.invoke(DelegatingMethodAccessorImpl.java:43)
)

02-12-2024T02:39:49 - [TEST_STEP][PASSED] - result = WriteToExcel(typeOfData, todaysDate, PercPlanR, PercPlanB, PercFactR, PercFactB, x, tabR, tabB, o1R, o1B, vidget): null

02-12-2024T02:39:49 - [TEST_STEP][PASSED] - iii = dZO.indexOf("/"): null

02-12-2024T02:39:49 - [TEST_STEP][PASSED] - println(iii): null

02-12-2024T02:39:49 - [TEST_STEP][PASSED] - dZO = dZO.substring(0, iii): null

02-12-2024T02:39:49 - [TEST_STEP][PASSED] - println(dZO): null

02-12-2024T02:39:49 - [TEST_STEP][PASSED] - println(PercPlanR): null

02-12-2024T02:39:49 - [TEST_STEP][PASSED] - println(PercPlanB): null

02-12-2024T02:39:49 - [TEST_STEP][PASSED] - println(PercFactR): null

02-12-2024T02:39:49 - [TEST_STEP][PASSED] - println(PercFactB): null

02-12-2024T02:39:49 - [TEST_STEP][PASSED] - println(tabR): null

02-12-2024T02:39:49 - [TEST_STEP][PASSED] - println(tabB): null

02-12-2024T02:39:49 - [TEST_STEP][PASSED] - println(o1R): null

02-12-2024T02:39:49 - [TEST_STEP][PASSED] - println(o1B): null

02-12-2024T02:39:49 - [TEST_STEP][PASSED] - PR = <not implemented yet for class: org.codehaus.groovy.ast.expr.EmptyExpression>: null

02-12-2024T02:39:49 - [TEST_STEP][PASSED] - FR = <not implemented yet for class: org.codehaus.groovy.ast.expr.EmptyExpression>: null

02-12-2024T02:39:49 - [TEST_STEP][PASSED] - PB = <not implemented yet for class: org.codehaus.groovy.ast.expr.EmptyExpression>: null

02-12-2024T02:39:49 - [TEST_STEP][PASSED] - FB = <not implemented yet for class: org.codehaus.groovy.ast.expr.EmptyExpression>: null

02-12-2024T02:39:49 - [TEST_STEP][PASSED] - TR = <not implemented yet for class: org.codehaus.groovy.ast.expr.EmptyExpression>: null

02-12-2024T02:39:49 - [TEST_STEP][PASSED] - TB = <not implemented yet for class: org.codehaus.groovy.ast.expr.EmptyExpression>: null

02-12-2024T02:39:49 - [TEST_STEP][PASSED] - sheetName = "Sheet1": null

02-12-2024T02:39:49 - [TEST_STEP][PASSED] - data = findTestData("PlanFact"): null

02-12-2024T02:39:49 - [TEST_STEP][PASSED] - n = data.getRowNumbers() + 1: null

02-12-2024T02:39:49 - [TEST_STEP][PASSED] - year = todaysDate.substring(todaysDate.length() - 4, todaysDate.length()): null

02-12-2024T02:39:49 - [TEST_STEP][PASSED] - y = year.toInteger(): null

02-12-2024T02:39:49 - [TEST_STEP][PASSED] - m = getText(findTestObject("Выполнение бизнес-плана/Выполнение бизнес-плана Балансы/Фильтр Дата")): Text of object 'Object Repository/Выполнение бизнес-плана/Выполнение бизнес-плана Балансы/Фильтр Дата' is: '1, 2, 3 кв., Октябрь 2024 года'

02-12-2024T02:39:49 - [MESSAGE][PASSED] - Text of object 'Object Repository/Выполнение бизнес-плана/Выполнение бизнес-плана Балансы/Фильтр Дата' is: '1, 2, 3 кв., Октябрь 2024 года'

02-12-2024T02:39:49 - [TEST_STEP][PASSED] - m = m.substring(0, m.indexOf("2024")): null

02-12-2024T02:39:49 - [TEST_STEP][PASSED] - m = m.trim(): null

02-12-2024T02:39:49 - [TEST_STEP][PASSED] - dashboardName = "Выполнение бизнес-плана": null

02-12-2024T02:39:49 - [TEST_STEP][PASSED] - workbook01 = getWorkbook(excelFilePath): null

02-12-2024T02:39:49 - [TEST_STEP][PASSED] - sheet01 = getExcelSheet(workbook01, sheetName): null

02-12-2024T02:39:49 - [TEST_STEP][PASSED] - setValueToCellByIndex(sheet01, n, 0, dashboardName): null

02-12-2024T02:39:49 - [TEST_STEP][PASSED] - setValueToCellByIndex(sheet01, n, 1, dZO): null

02-12-2024T02:39:49 - [TEST_STEP][PASSED] - setValueToCellByIndex(sheet01, n, 2, typeOfData): null

02-12-2024T02:39:49 - [TEST_STEP][PASSED] - setValueToCellByIndex(sheet01, n, 3, typeOfData): null

02-12-2024T02:39:49 - [TEST_STEP][PASSED] - if (typeOfData == "План"): null

02-12-2024T02:39:49 - [TEST_STEP][PASSED] - else if (typeOfData == "Факт"): null

02-12-2024T02:39:49 - [TEST_STEP][PASSED] - else if (vidget.contains("электроэнергии") == true): null

02-12-2024T02:39:49 - [TEST_STEP][PASSED] - if (tabR == null): null

02-12-2024T02:39:49 - [TEST_STEP][PASSED] - else: null

02-12-2024T02:39:49 - [TEST_STEP][PASSED] - if (tabR == "нет данных"): null

02-12-2024T02:39:49 - [TEST_STEP][PASSED] - setValueToCellByIndex(sheet01, n, 4, "нет данных"): null

02-12-2024T02:39:49 - [TEST_STEP][PASSED] - if (tabB == null): null

02-12-2024T02:39:49 - [TEST_STEP][PASSED] - else: null

02-12-2024T02:39:49 - [TEST_STEP][PASSED] - if (tabB == "нет данных"): null

02-12-2024T02:39:49 - [TEST_STEP][PASSED] - else: null

02-12-2024T02:39:49 - [TEST_STEP][PASSED] - TB = tabB.toInteger(): null

02-12-2024T02:39:49 - [TEST_STEP][PASSED] - setValueToCellByIndex(sheet01, n, 5, TB): null

02-12-2024T02:39:49 - [TEST_STEP][PASSED] - setValueToCellByIndex(sheet01, n, 6, m): null

02-12-2024T02:39:49 - [TEST_STEP][PASSED] - setValueToCellByIndex(sheet01, n, 7, y): null

02-12-2024T02:39:49 - [TEST_STEP][PASSED] - setValueToCellByIndex(sheet01, n, 8, todaysDate): null

02-12-2024T02:39:49 - [TEST_STEP][PASSED] - n = n + 1: null

02-12-2024T02:39:49 - [TEST_STEP][PASSED] - saveWorkbook(excelFilePath, workbook01): null

02-12-2024T02:39:50 - [TEST_STEP][PASSED] - ii2 = a.indexOf("ПАО"): null

02-12-2024T02:39:50 - [TEST_STEP][PASSED] - if (ii2 == -1): null

02-12-2024T02:39:50 - [TEST_STEP][PASSED] - vidget = "Отклонения фактического уровня потерь от бизнес-плана": null

02-12-2024T02:39:50 - [TEST_STEP][PASSED] - typeOfData = "Коэффициент": null

02-12-2024T02:39:50 - [TEST_STEP][PASSED] - o1R = Geto1R(x = a): null

02-12-2024T02:39:50 - [TEST_STEP][PASSED] - i1 = <not implemented yet for class: org.codehaus.groovy.ast.expr.EmptyExpression>: null

02-12-2024T02:39:50 - [TEST_STEP][PASSED] - ii = <not implemented yet for class: org.codehaus.groovy.ast.expr.EmptyExpression>: null

02-12-2024T02:39:50 - [TEST_STEP][PASSED] - for ([ii = 1, ii < 10, (ii++)]): null

02-12-2024T02:39:50 - [TEST_STEP][PASSED] - i1 = x.indexOf("/") + 1: null

02-12-2024T02:39:50 - [TEST_STEP][PASSED] - if (i1 > -1): null

02-12-2024T02:39:50 - [TEST_STEP][PASSED] - x = x.substring(i1, x.length()): null

02-12-2024T02:39:50 - [TEST_STEP][PASSED] - i1 = x.indexOf("/") + 1: null

02-12-2024T02:39:50 - [TEST_STEP][PASSED] - if (i1 > -1): null

02-12-2024T02:39:50 - [TEST_STEP][PASSED] - x = x.substring(i1, x.length()): null

02-12-2024T02:39:50 - [TEST_STEP][PASSED] - i1 = x.indexOf("/") + 1: null

02-12-2024T02:39:50 - [TEST_STEP][PASSED] - if (i1 > -1): null

02-12-2024T02:39:50 - [TEST_STEP][PASSED] - x = x.substring(i1, x.length()): null

02-12-2024T02:39:50 - [TEST_STEP][PASSED] - i1 = x.indexOf("/") + 1: null

02-12-2024T02:39:50 - [TEST_STEP][PASSED] - if (i1 > -1): null

02-12-2024T02:39:50 - [TEST_STEP][PASSED] - x = x.substring(i1, x.length()): null

02-12-2024T02:39:50 - [TEST_STEP][PASSED] - i1 = x.indexOf("/") + 1: null

02-12-2024T02:39:50 - [TEST_STEP][PASSED] - if (i1 > -1): null

02-12-2024T02:39:50 - [TEST_STEP][PASSED] - x = x.substring(i1, x.length()): null

02-12-2024T02:39:50 - [TEST_STEP][PASSED] - i1 = x.indexOf("/") + 1: null

02-12-2024T02:39:50 - [TEST_STEP][PASSED] - if (i1 > -1): null

02-12-2024T02:39:50 - [TEST_STEP][PASSED] - x = x.substring(i1, x.length()): null

02-12-2024T02:39:50 - [TEST_STEP][PASSED] - i1 = x.indexOf("/") + 1: null

02-12-2024T02:39:50 - [TEST_STEP][PASSED] - if (i1 > -1): null

02-12-2024T02:39:50 - [TEST_STEP][PASSED] - x = x.substring(i1, x.length()): null

02-12-2024T02:39:50 - [TEST_STEP][PASSED] - i1 = x.indexOf("/") + 1: null

02-12-2024T02:39:50 - [TEST_STEP][PASSED] - if (i1 > -1): null

02-12-2024T02:39:50 - [TEST_STEP][PASSED] - x = x.substring(i1, x.length()): null

02-12-2024T02:39:50 - [TEST_STEP][PASSED] - i1 = x.indexOf("/") + 1: null

02-12-2024T02:39:50 - [TEST_STEP][PASSED] - if (i1 > -1): null

02-12-2024T02:39:50 - [TEST_STEP][PASSED] - x = x.substring(i1, x.length()): null

02-12-2024T02:39:50 - [TEST_STEP][PASSED] - i1 = x.indexOf("/"): null

02-12-2024T02:39:50 - [TEST_STEP][PASSED] - if (i1 > -1): null

02-12-2024T02:39:50 - [TEST_STEP][PASSED] - println(x): null

02-12-2024T02:39:50 - [TEST_STEP][PASSED] - return x: null

02-12-2024T02:39:50 - [TEST_STEP][PASSED] - o1B = Geto1B(x = b): null

02-12-2024T02:39:50 - [TEST_STEP][PASSED] - i1 = <not implemented yet for class: org.codehaus.groovy.ast.expr.EmptyExpression>: null

02-12-2024T02:39:50 - [TEST_STEP][PASSED] - ii = <not implemented yet for class: org.codehaus.groovy.ast.expr.EmptyExpression>: null

02-12-2024T02:39:50 - [TEST_STEP][PASSED] - for ([ii = 1, ii < 10, (ii++)]): null

02-12-2024T02:39:50 - [TEST_STEP][PASSED] - i1 = x.indexOf("/") + 1: null

02-12-2024T02:39:50 - [TEST_STEP][PASSED] - if (i1 > -1): null

02-12-2024T02:39:50 - [TEST_STEP][PASSED] - x = x.substring(i1, x.length()): null

02-12-2024T02:39:50 - [TEST_STEP][PASSED] - i1 = x.indexOf("/") + 1: null

02-12-2024T02:39:50 - [TEST_STEP][PASSED] - if (i1 > -1): null

02-12-2024T02:39:50 - [TEST_STEP][PASSED] - x = x.substring(i1, x.length()): null

02-12-2024T02:39:50 - [TEST_STEP][PASSED] - i1 = x.indexOf("/") + 1: null

02-12-2024T02:39:50 - [TEST_STEP][PASSED] - if (i1 > -1): null

02-12-2024T02:39:50 - [TEST_STEP][PASSED] - x = x.substring(i1, x.length()): null

02-12-2024T02:39:50 - [TEST_STEP][PASSED] - i1 = x.indexOf("/") + 1: null

02-12-2024T02:39:50 - [TEST_STEP][PASSED] - if (i1 > -1): null

02-12-2024T02:39:50 - [TEST_STEP][PASSED] - x = x.substring(i1, x.length()): null

02-12-2024T02:39:50 - [TEST_STEP][PASSED] - i1 = x.indexOf("/") + 1: null

02-12-2024T02:39:50 - [TEST_STEP][PASSED] - if (i1 > -1): null

02-12-2024T02:39:50 - [TEST_STEP][PASSED] - x = x.substring(i1, x.length()): null

02-12-2024T02:39:50 - [TEST_STEP][PASSED] - i1 = x.indexOf("/") + 1: null

02-12-2024T02:39:50 - [TEST_STEP][PASSED] - if (i1 > -1): null

02-12-2024T02:39:50 - [TEST_STEP][PASSED] - x = x.substring(i1, x.length()): null

02-12-2024T02:39:50 - [TEST_STEP][PASSED] - i1 = x.indexOf("/") + 1: null

02-12-2024T02:39:50 - [TEST_STEP][PASSED] - if (i1 > -1): null

02-12-2024T02:39:50 - [TEST_STEP][PASSED] - x = x.substring(i1, x.length()): null

02-12-2024T02:39:50 - [TEST_STEP][PASSED] - i1 = x.indexOf("/") + 1: null

02-12-2024T02:39:50 - [TEST_STEP][PASSED] - if (i1 > -1): null

02-12-2024T02:39:50 - [TEST_STEP][PASSED] - x = x.substring(i1, x.length()): null

02-12-2024T02:39:50 - [TEST_STEP][PASSED] - i1 = x.indexOf("/") + 1: null

02-12-2024T02:39:50 - [TEST_STEP][PASSED] - if (i1 > -1): null

02-12-2024T02:39:50 - [TEST_STEP][PASSED] - x = x.substring(i1, x.length()): null

02-12-2024T02:39:50 - [TEST_STEP][PASSED] - i1 = x.indexOf("/"): null

02-12-2024T02:39:50 - [TEST_STEP][PASSED] - if (i1 > -1): null

02-12-2024T02:39:50 - [TEST_STEP][PASSED] - println(x): null

02-12-2024T02:39:50 - [TEST_STEP][FAILED] - return x: null

02-12-2024T02:39:50 - [TEST_STEP][PASSED] - println(o1R + "/" + o1B): null

02-12-2024T02:39:50 - [TEST_STEP][FAILED] - if (verifyEqual(PercFactR, PercFactB) == false): null

02-12-2024T02:39:50 - [MESSAGE][FAILED] - Unable to verify equal between actual object 'нет данных' and expected object '5.76' (Root cause: com.kms.katalon.core.exception.StepFailedException: Actual object 'нет данных' and expected object '5.76' are not equal
	at com.kms.katalon.core.keyword.builtin.VerifyEqualKeyword$_verifyEqual_closure1.doCall(VerifyEqualKeyword.groovy:58)
	at com.kms.katalon.core.keyword.builtin.VerifyEqualKeyword$_verifyEqual_closure1.call(VerifyEqualKeyword.groovy)
	at com.kms.katalon.core.keyword.internal.KeywordMain.runKeyword(KeywordMain.groovy:75)
	at com.kms.katalon.core.keyword.builtin.VerifyEqualKeyword.verifyEqual(VerifyEqualKeyword.groovy:63)
	at com.kms.katalon.core.keyword.builtin.VerifyEqualKeyword.execute(VerifyEqualKeyword.groovy:44)
	at com.kms.katalon.core.keyword.internal.KeywordExecutor.executeKeywordForPlatform(KeywordExecutor.groovy:74)
	at com.kms.katalon.core.keyword.BuiltinKeywords.verifyEqual(BuiltinKeywords.groovy:146)
	at jdk.internal.reflect.GeneratedMethodAccessor25.invoke(Unknown Source)
	at java.base/jdk.internal.reflect.DelegatingMethodAccessorImpl.invoke(DelegatingMethodAccessorImpl.java:43)
	at Выполнение бизнес-плана сверка дашбордов.CompareDZOData(Выполнение бизнес-плана сверка дашбордов:789)
	at Выполнение бизнес-плана сверка дашбордов.run(Выполнение бизнес-плана сверка дашбордов:643)
	at com.kms.katalon.core.main.ScriptEngine.run(ScriptEngine.java:194)
	at com.kms.katalon.core.main.ScriptEngine.runScriptAsRawText(ScriptEngine.java:119)
	at com.kms.katalon.core.main.TestCaseExecutor.runScript(TestCaseExecutor.java:448)
	at com.kms.katalon.core.main.TestCaseExecutor.doExecute(TestCaseExecutor.java:439)
	at com.kms.katalon.core.main.TestCaseExecutor.processExecutionPhase(TestCaseExecutor.java:418)
	at com.kms.katalon.core.main.TestCaseExecutor.accessMainPhase(TestCaseExecutor.java:410)
	at com.kms.katalon.core.main.TestCaseExecutor.execute(TestCaseExecutor.java:285)
	at com.kms.katalon.core.common.CommonExecutor.accessTestCaseMainPhase(CommonExecutor.java:65)
	at com.kms.katalon.core.main.TestSuiteExecutor.accessTestSuiteMainPhase(TestSuiteExecutor.java:150)
	at com.kms.katalon.core.main.TestSuiteExecutor.execute(TestSuiteExecutor.java:106)
	at com.kms.katalon.core.main.TestCaseMain.startTestSuite(TestCaseMain.java:180)
	at TempTestSuite1733095732962.run(TempTestSuite1733095732962.groovy:35)
	at java.base/jdk.internal.reflect.NativeMethodAccessorImpl.invoke0(Native Method)
	at java.base/jdk.internal.reflect.NativeMethodAccessorImpl.invoke(NativeMethodAccessorImpl.java:77)
	at java.base/jdk.internal.reflect.DelegatingMethodAccessorImpl.invoke(DelegatingMethodAccessorImpl.java:43)
)

02-12-2024T02:39:50 - [TEST_STEP][PASSED] - result = WriteToExcel(typeOfData, todaysDate, PercPlanR, PercPlanB, PercFactR, PercFactB, x, tabR, tabB, o1R, o1B, vidget): null

02-12-2024T02:39:50 - [TEST_STEP][PASSED] - iii = dZO.indexOf("/"): null

02-12-2024T02:39:50 - [TEST_STEP][PASSED] - println(iii): null

02-12-2024T02:39:50 - [TEST_STEP][PASSED] - dZO = dZO.substring(0, iii): null

02-12-2024T02:39:50 - [TEST_STEP][PASSED] - println(dZO): null

02-12-2024T02:39:50 - [TEST_STEP][PASSED] - println(PercPlanR): null

02-12-2024T02:39:50 - [TEST_STEP][PASSED] - println(PercPlanB): null

02-12-2024T02:39:50 - [TEST_STEP][PASSED] - println(PercFactR): null

02-12-2024T02:39:50 - [TEST_STEP][PASSED] - println(PercFactB): null

02-12-2024T02:39:50 - [TEST_STEP][PASSED] - println(tabR): null

02-12-2024T02:39:50 - [TEST_STEP][PASSED] - println(tabB): null

02-12-2024T02:39:50 - [TEST_STEP][PASSED] - println(o1R): null

02-12-2024T02:39:50 - [TEST_STEP][PASSED] - println(o1B): null

02-12-2024T02:39:50 - [TEST_STEP][PASSED] - PR = <not implemented yet for class: org.codehaus.groovy.ast.expr.EmptyExpression>: null

02-12-2024T02:39:50 - [TEST_STEP][PASSED] - FR = <not implemented yet for class: org.codehaus.groovy.ast.expr.EmptyExpression>: null

02-12-2024T02:39:50 - [TEST_STEP][PASSED] - PB = <not implemented yet for class: org.codehaus.groovy.ast.expr.EmptyExpression>: null

02-12-2024T02:39:50 - [TEST_STEP][PASSED] - FB = <not implemented yet for class: org.codehaus.groovy.ast.expr.EmptyExpression>: null

02-12-2024T02:39:50 - [TEST_STEP][PASSED] - TR = <not implemented yet for class: org.codehaus.groovy.ast.expr.EmptyExpression>: null

02-12-2024T02:39:50 - [TEST_STEP][PASSED] - TB = <not implemented yet for class: org.codehaus.groovy.ast.expr.EmptyExpression>: null

02-12-2024T02:39:50 - [TEST_STEP][PASSED] - sheetName = "Sheet1": null

02-12-2024T02:39:50 - [TEST_STEP][PASSED] - data = findTestData("PlanFact"): null

02-12-2024T02:39:50 - [TEST_STEP][PASSED] - n = data.getRowNumbers() + 1: null

02-12-2024T02:39:50 - [TEST_STEP][PASSED] - year = todaysDate.substring(todaysDate.length() - 4, todaysDate.length()): null

02-12-2024T02:39:50 - [TEST_STEP][PASSED] - y = year.toInteger(): null

02-12-2024T02:39:50 - [TEST_STEP][PASSED] - m = getText(findTestObject("Выполнение бизнес-плана/Выполнение бизнес-плана Балансы/Фильтр Дата")): Text of object 'Object Repository/Выполнение бизнес-плана/Выполнение бизнес-плана Балансы/Фильтр Дата' is: '1, 2, 3 кв., Октябрь 2024 года'

02-12-2024T02:39:50 - [MESSAGE][PASSED] - Text of object 'Object Repository/Выполнение бизнес-плана/Выполнение бизнес-плана Балансы/Фильтр Дата' is: '1, 2, 3 кв., Октябрь 2024 года'

02-12-2024T02:39:50 - [TEST_STEP][PASSED] - m = m.substring(0, m.indexOf("2024")): null

02-12-2024T02:39:50 - [TEST_STEP][PASSED] - m = m.trim(): null

02-12-2024T02:39:50 - [TEST_STEP][PASSED] - dashboardName = "Выполнение бизнес-плана": null

02-12-2024T02:39:50 - [TEST_STEP][PASSED] - workbook01 = getWorkbook(excelFilePath): null

02-12-2024T02:39:50 - [TEST_STEP][PASSED] - sheet01 = getExcelSheet(workbook01, sheetName): null

02-12-2024T02:39:50 - [TEST_STEP][PASSED] - setValueToCellByIndex(sheet01, n, 0, dashboardName): null

02-12-2024T02:39:50 - [TEST_STEP][PASSED] - setValueToCellByIndex(sheet01, n, 1, dZO): null

02-12-2024T02:39:50 - [TEST_STEP][PASSED] - setValueToCellByIndex(sheet01, n, 2, typeOfData): null

02-12-2024T02:39:50 - [TEST_STEP][PASSED] - setValueToCellByIndex(sheet01, n, 3, typeOfData): null

02-12-2024T02:39:50 - [TEST_STEP][PASSED] - if (typeOfData == "План"): null

02-12-2024T02:39:50 - [TEST_STEP][PASSED] - else if (typeOfData == "Факт"): null

02-12-2024T02:39:50 - [TEST_STEP][PASSED] - else if (vidget.contains("электроэнергии") == true): null

02-12-2024T02:39:50 - [TEST_STEP][PASSED] - else: null

02-12-2024T02:39:50 - [TEST_STEP][PASSED] - if (o1R == null): null

02-12-2024T02:39:50 - [TEST_STEP][PASSED] - else: null

02-12-2024T02:39:50 - [TEST_STEP][PASSED] - if (o1R == "нет данных"): null

02-12-2024T02:39:50 - [TEST_STEP][PASSED] - setValueToCellByIndex(sheet01, n, 4, "нет данных"): null

02-12-2024T02:39:50 - [TEST_STEP][PASSED] - if (o1B == null): null

02-12-2024T02:39:50 - [TEST_STEP][PASSED] - else: null

02-12-2024T02:39:50 - [TEST_STEP][PASSED] - if (o1B == "нет данных"): null

02-12-2024T02:39:50 - [TEST_STEP][PASSED] - else: null

02-12-2024T02:39:50 - [TEST_STEP][PASSED] - FB = o1B.toDouble(): null

02-12-2024T02:39:50 - [TEST_STEP][PASSED] - setValueToCellByIndex(sheet01, n, 5, FB): null

02-12-2024T02:39:50 - [TEST_STEP][PASSED] - setValueToCellByIndex(sheet01, n, 6, m): null

02-12-2024T02:39:50 - [TEST_STEP][PASSED] - setValueToCellByIndex(sheet01, n, 7, y): null

02-12-2024T02:39:50 - [TEST_STEP][PASSED] - setValueToCellByIndex(sheet01, n, 8, todaysDate): null

02-12-2024T02:39:50 - [TEST_STEP][PASSED] - n = n + 1: null

02-12-2024T02:39:50 - [TEST_STEP][FAILED] - saveWorkbook(excelFilePath, workbook01): null

02-12-2024T02:39:50 - [TEST_STEP][PASSED] - if (verifyEqual(cenR, cenB) == false): Actual object 'Россети Центр (ГК)/10.14/9.64/49425284/44662142/4763141/48037333/43167677/4869656/-0.50' and expected object 'Россети Центр (ГК)/10.14/9.64/49425284/44662142/4763141/48037333/43167677/4869656/-0.50' are equal

02-12-2024T02:39:50 - [MESSAGE][PASSED] - Actual object 'Россети Центр (ГК)/10.14/9.64/49425284/44662142/4763141/48037333/43167677/4869656/-0.50' and expected object 'Россети Центр (ГК)/10.14/9.64/49425284/44662142/4763141/48037333/43167677/4869656/-0.50' are equal

02-12-2024T02:39:50 - [TEST_STEP][FAILED] - if (verifyEqual(cIPR, cIPB) == false): null

02-12-2024T02:39:50 - [MESSAGE][FAILED] - Unable to verify equal between actual object 'Россети Центр и Приволжье (ГК)/7.04/6.77/45596339/42504429/3091910/44041851/40938806/3103045/-0.27' and expected object 'Россети Центр и Приволжье (ГК)/7.04/6.77/45423668/42347790/3075878/44041851/40938806/3103045/-0.27' (Root cause: com.kms.katalon.core.exception.StepFailedException: Actual object 'Россети Центр и Приволжье (ГК)/7.04/6.77/45596339/42504429/3091910/44041851/40938806/3103045/-0.27' and expected object 'Россети Центр и Приволжье (ГК)/7.04/6.77/45423668/42347790/3075878/44041851/40938806/3103045/-0.27' are not equal
	at com.kms.katalon.core.keyword.builtin.VerifyEqualKeyword$_verifyEqual_closure1.doCall(VerifyEqualKeyword.groovy:58)
	at com.kms.katalon.core.keyword.builtin.VerifyEqualKeyword$_verifyEqual_closure1.call(VerifyEqualKeyword.groovy)
	at com.kms.katalon.core.keyword.internal.KeywordMain.runKeyword(KeywordMain.groovy:75)
	at com.kms.katalon.core.keyword.builtin.VerifyEqualKeyword.verifyEqual(VerifyEqualKeyword.groovy:63)
	at com.kms.katalon.core.keyword.builtin.VerifyEqualKeyword.execute(VerifyEqualKeyword.groovy:44)
	at com.kms.katalon.core.keyword.internal.KeywordExecutor.executeKeywordForPlatform(KeywordExecutor.groovy:74)
	at com.kms.katalon.core.keyword.BuiltinKeywords.verifyEqual(BuiltinKeywords.groovy:146)
	at jdk.internal.reflect.GeneratedMethodAccessor25.invoke(Unknown Source)
	at java.base/jdk.internal.reflect.DelegatingMethodAccessorImpl.invoke(DelegatingMethodAccessorImpl.java:43)
	at Выполнение бизнес-плана сверка дашбордов.run(Выполнение бизнес-плана сверка дашбордов:652)
	at com.kms.katalon.core.main.ScriptEngine.run(ScriptEngine.java:194)
	at com.kms.katalon.core.main.ScriptEngine.runScriptAsRawText(ScriptEngine.java:119)
	at com.kms.katalon.core.main.TestCaseExecutor.runScript(TestCaseExecutor.java:448)
	at com.kms.katalon.core.main.TestCaseExecutor.doExecute(TestCaseExecutor.java:439)
	at com.kms.katalon.core.main.TestCaseExecutor.processExecutionPhase(TestCaseExecutor.java:418)
	at com.kms.katalon.core.main.TestCaseExecutor.accessMainPhase(TestCaseExecutor.java:410)
	at com.kms.katalon.core.main.TestCaseExecutor.execute(TestCaseExecutor.java:285)
	at com.kms.katalon.core.common.CommonExecutor.accessTestCaseMainPhase(CommonExecutor.java:65)
	at com.kms.katalon.core.main.TestSuiteExecutor.accessTestSuiteMainPhase(TestSuiteExecutor.java:150)
	at com.kms.katalon.core.main.TestSuiteExecutor.execute(TestSuiteExecutor.java:106)
	at com.kms.katalon.core.main.TestCaseMain.startTestSuite(TestCaseMain.java:180)
	at TempTestSuite1733095732962.run(TempTestSuite1733095732962.groovy:35)
	at java.base/jdk.internal.reflect.NativeMethodAccessorImpl.invoke0(Native Method)
	at java.base/jdk.internal.reflect.NativeMethodAccessorImpl.invoke(NativeMethodAccessorImpl.java:77)
	at java.base/jdk.internal.reflect.DelegatingMethodAccessorImpl.invoke(DelegatingMethodAccessorImpl.java:43)
)

02-12-2024T02:39:50 - [TEST_STEP][PASSED] - result = CompareDZOData(a = cIPR, b = cIPB, dZO, typeOfData, PercPlanR, PercPlanB, PercFactR, PercFactB, todaysDate, x, vidget, tabR, tabB, o1R, o1B): null

02-12-2024T02:39:50 - [TEST_STEP][PASSED] - ii2 = <not implemented yet for class: org.codehaus.groovy.ast.expr.EmptyExpression>: null

02-12-2024T02:39:50 - [TEST_STEP][FAILED] - if (verifyEqual(a, b) == false): null

02-12-2024T02:39:50 - [MESSAGE][FAILED] - Unable to verify equal between actual object 'Россети Центр и Приволжье (ГК)/7.04/6.77/45596339/42504429/3091910/44041851/40938806/3103045/-0.27' and expected object 'Россети Центр и Приволжье (ГК)/7.04/6.77/45423668/42347790/3075878/44041851/40938806/3103045/-0.27' (Root cause: com.kms.katalon.core.exception.StepFailedException: Actual object 'Россети Центр и Приволжье (ГК)/7.04/6.77/45596339/42504429/3091910/44041851/40938806/3103045/-0.27' and expected object 'Россети Центр и Приволжье (ГК)/7.04/6.77/45423668/42347790/3075878/44041851/40938806/3103045/-0.27' are not equal
	at com.kms.katalon.core.keyword.builtin.VerifyEqualKeyword$_verifyEqual_closure1.doCall(VerifyEqualKeyword.groovy:58)
	at com.kms.katalon.core.keyword.builtin.VerifyEqualKeyword$_verifyEqual_closure1.call(VerifyEqualKeyword.groovy)
	at com.kms.katalon.core.keyword.internal.KeywordMain.runKeyword(KeywordMain.groovy:75)
	at com.kms.katalon.core.keyword.builtin.VerifyEqualKeyword.verifyEqual(VerifyEqualKeyword.groovy:63)
	at com.kms.katalon.core.keyword.builtin.VerifyEqualKeyword.execute(VerifyEqualKeyword.groovy:44)
	at com.kms.katalon.core.keyword.internal.KeywordExecutor.executeKeywordForPlatform(KeywordExecutor.groovy:74)
	at com.kms.katalon.core.keyword.BuiltinKeywords.verifyEqual(BuiltinKeywords.groovy:146)
	at jdk.internal.reflect.GeneratedMethodAccessor25.invoke(Unknown Source)
	at java.base/jdk.internal.reflect.DelegatingMethodAccessorImpl.invoke(DelegatingMethodAccessorImpl.java:43)
	at Выполнение бизнес-плана сверка дашбордов.CompareDZOData(Выполнение бизнес-плана сверка дашбордов:673)
	at Выполнение бизнес-плана сверка дашбордов.run(Выполнение бизнес-плана сверка дашбордов:653)
	at com.kms.katalon.core.main.ScriptEngine.run(ScriptEngine.java:194)
	at com.kms.katalon.core.main.ScriptEngine.runScriptAsRawText(ScriptEngine.java:119)
	at com.kms.katalon.core.main.TestCaseExecutor.runScript(TestCaseExecutor.java:448)
	at com.kms.katalon.core.main.TestCaseExecutor.doExecute(TestCaseExecutor.java:439)
	at com.kms.katalon.core.main.TestCaseExecutor.processExecutionPhase(TestCaseExecutor.java:418)
	at com.kms.katalon.core.main.TestCaseExecutor.accessMainPhase(TestCaseExecutor.java:410)
	at com.kms.katalon.core.main.TestCaseExecutor.execute(TestCaseExecutor.java:285)
	at com.kms.katalon.core.common.CommonExecutor.accessTestCaseMainPhase(CommonExecutor.java:65)
	at com.kms.katalon.core.main.TestSuiteExecutor.accessTestSuiteMainPhase(TestSuiteExecutor.java:150)
	at com.kms.katalon.core.main.TestSuiteExecutor.execute(TestSuiteExecutor.java:106)
	at com.kms.katalon.core.main.TestCaseMain.startTestSuite(TestCaseMain.java:180)
	at TempTestSuite1733095732962.run(TempTestSuite1733095732962.groovy:35)
	at java.base/jdk.internal.reflect.NativeMethodAccessorImpl.invoke0(Native Method)
	at java.base/jdk.internal.reflect.NativeMethodAccessorImpl.invoke(NativeMethodAccessorImpl.java:77)
	at java.base/jdk.internal.reflect.DelegatingMethodAccessorImpl.invoke(DelegatingMethodAccessorImpl.java:43)
)

02-12-2024T02:39:50 - [TEST_STEP][PASSED] - vidget = "Уровень потерь электроэнергии": null

02-12-2024T02:39:50 - [TEST_STEP][PASSED] - typeOfData = "План": null

02-12-2024T02:39:50 - [TEST_STEP][PASSED] - PercPlanR = GetPercPlanR(x = a): null

02-12-2024T02:39:50 - [TEST_STEP][PASSED] - i1 = <not implemented yet for class: org.codehaus.groovy.ast.expr.EmptyExpression>: null

02-12-2024T02:39:50 - [TEST_STEP][PASSED] - i1 = x.indexOf("/") + 1: null

02-12-2024T02:39:50 - [TEST_STEP][PASSED] - if (i1 > -1): null

02-12-2024T02:39:50 - [TEST_STEP][PASSED] - x = x.substring(i1, x.length()): null

02-12-2024T02:39:50 - [TEST_STEP][PASSED] - i1 = x.indexOf("/"): null

02-12-2024T02:39:50 - [TEST_STEP][PASSED] - if (i1 > -1): null

02-12-2024T02:39:50 - [TEST_STEP][PASSED] - x = x.substring(0, i1): null

02-12-2024T02:39:50 - [TEST_STEP][PASSED] - return x: null

02-12-2024T02:39:50 - [TEST_STEP][PASSED] - PercPlanB = GetPercPlanB(x = b): null

02-12-2024T02:39:50 - [TEST_STEP][PASSED] - i1 = <not implemented yet for class: org.codehaus.groovy.ast.expr.EmptyExpression>: null

02-12-2024T02:39:50 - [TEST_STEP][PASSED] - i1 = x.indexOf("/") + 1: null

02-12-2024T02:39:50 - [TEST_STEP][PASSED] - if (i1 > -1): null

02-12-2024T02:39:50 - [TEST_STEP][PASSED] - x = x.substring(i1, x.length()): null

02-12-2024T02:39:50 - [TEST_STEP][PASSED] - i1 = x.indexOf("/"): null

02-12-2024T02:39:50 - [TEST_STEP][PASSED] - if (i1 > -1): null

02-12-2024T02:39:50 - [TEST_STEP][PASSED] - x = x.substring(0, i1): null

02-12-2024T02:39:50 - [TEST_STEP][PASSED] - return x: null

02-12-2024T02:39:50 - [TEST_STEP][PASSED] - if (verifyEqual(PercPlanR, PercPlanB) == false): Actual object '7.04' and expected object '7.04' are equal

02-12-2024T02:39:50 - [MESSAGE][PASSED] - Actual object '7.04' and expected object '7.04' are equal

02-12-2024T02:39:50 - [TEST_STEP][PASSED] - typeOfData = "Факт": null

02-12-2024T02:39:50 - [TEST_STEP][PASSED] - PercFactR = GetPercFactR(x = a): null

02-12-2024T02:39:50 - [TEST_STEP][PASSED] - i1 = <not implemented yet for class: org.codehaus.groovy.ast.expr.EmptyExpression>: null

02-12-2024T02:39:50 - [TEST_STEP][PASSED] - ii = <not implemented yet for class: org.codehaus.groovy.ast.expr.EmptyExpression>: null

02-12-2024T02:39:50 - [TEST_STEP][PASSED] - for ([ii = 1, ii < 3, (ii++)]): null

02-12-2024T02:39:50 - [TEST_STEP][PASSED] - i1 = x.indexOf("/") + 1: null

02-12-2024T02:39:50 - [TEST_STEP][PASSED] - if (i1 > -1): null

02-12-2024T02:39:50 - [TEST_STEP][PASSED] - x = x.substring(i1, x.length()): null

02-12-2024T02:39:50 - [TEST_STEP][PASSED] - println(x): null

02-12-2024T02:39:50 - [TEST_STEP][PASSED] - i1 = x.indexOf("/") + 1: null

02-12-2024T02:39:50 - [TEST_STEP][PASSED] - if (i1 > -1): null

02-12-2024T02:39:50 - [TEST_STEP][PASSED] - x = x.substring(i1, x.length()): null

02-12-2024T02:39:50 - [TEST_STEP][PASSED] - println(x): null

02-12-2024T02:39:50 - [TEST_STEP][PASSED] - i1 = x.indexOf("/"): null

02-12-2024T02:39:50 - [TEST_STEP][PASSED] - if (i1 > -1): null

02-12-2024T02:39:50 - [TEST_STEP][PASSED] - x = x.substring(0, i1): null

02-12-2024T02:39:50 - [TEST_STEP][PASSED] - println(x): null

02-12-2024T02:39:50 - [TEST_STEP][PASSED] - return x: null

02-12-2024T02:39:50 - [TEST_STEP][PASSED] - PercFactB = GetPercFactB(x = b): null

02-12-2024T02:39:50 - [TEST_STEP][PASSED] - i1 = <not implemented yet for class: org.codehaus.groovy.ast.expr.EmptyExpression>: null

02-12-2024T02:39:50 - [TEST_STEP][PASSED] - ii = <not implemented yet for class: org.codehaus.groovy.ast.expr.EmptyExpression>: null

02-12-2024T02:39:50 - [TEST_STEP][PASSED] - for ([ii = 1, ii < 3, (ii++)]): null

02-12-2024T02:39:50 - [TEST_STEP][PASSED] - i1 = x.indexOf("/") + 1: null

02-12-2024T02:39:50 - [TEST_STEP][PASSED] - if (i1 > -1): null

02-12-2024T02:39:50 - [TEST_STEP][PASSED] - x = x.substring(i1, x.length()): null

02-12-2024T02:39:50 - [TEST_STEP][PASSED] - println(x): null

02-12-2024T02:40:49 - [TEST_STEP][PASSED] - i1 = x.indexOf("/") + 1: null

02-12-2024T02:40:49 - [TEST_STEP][PASSED] - if (i1 > -1): null

02-12-2024T02:40:49 - [TEST_STEP][PASSED] - x = x.substring(i1, x.length()): null

02-12-2024T02:40:49 - [TEST_STEP][PASSED] - println(x): null

02-12-2024T02:40:49 - [TEST_STEP][PASSED] - i1 = x.indexOf("/"): null

02-12-2024T02:40:49 - [TEST_STEP][PASSED] - if (i1 > -1): null

02-12-2024T02:40:49 - [TEST_STEP][PASSED] - x = x.substring(0, i1): null

02-12-2024T02:40:49 - [TEST_STEP][PASSED] - println(x): null

02-12-2024T02:40:49 - [TEST_STEP][PASSED] - return x: null

02-12-2024T02:40:49 - [TEST_STEP][PASSED] - if (verifyEqual(PercFactR, PercFactB) == false): Actual object '6.77' and expected object '6.77' are equal

02-12-2024T02:40:49 - [MESSAGE][PASSED] - Actual object '6.77' and expected object '6.77' are equal

02-12-2024T02:40:49 - [TEST_STEP][PASSED] - vidget = "Показатели баланса электроэнергии по ДЗО – Факт": null

02-12-2024T02:40:49 - [TEST_STEP][PASSED] - typeOfData = "Факт Отпуск в сеть": null

02-12-2024T02:40:49 - [TEST_STEP][PASSED] - tabR = GetOvSFactR(x = a): null

02-12-2024T02:40:49 - [TEST_STEP][PASSED] - i1 = <not implemented yet for class: org.codehaus.groovy.ast.expr.EmptyExpression>: null

02-12-2024T02:40:49 - [TEST_STEP][PASSED] - ii = <not implemented yet for class: org.codehaus.groovy.ast.expr.EmptyExpression>: null

02-12-2024T02:40:49 - [TEST_STEP][PASSED] - for ([ii = 1, ii < 4, (ii++)]): null

02-12-2024T02:40:49 - [TEST_STEP][PASSED] - i1 = x.indexOf("/") + 1: null

02-12-2024T02:40:49 - [TEST_STEP][PASSED] - if (i1 > -1): null

02-12-2024T02:40:49 - [TEST_STEP][PASSED] - x = x.substring(i1, x.length()): null

02-12-2024T02:40:49 - [TEST_STEP][PASSED] - println(x): null

02-12-2024T02:40:49 - [TEST_STEP][PASSED] - i1 = x.indexOf("/") + 1: null

02-12-2024T02:40:49 - [TEST_STEP][PASSED] - if (i1 > -1): null

02-12-2024T02:40:49 - [TEST_STEP][PASSED] - x = x.substring(i1, x.length()): null

02-12-2024T02:40:49 - [TEST_STEP][PASSED] - println(x): null

02-12-2024T02:40:49 - [TEST_STEP][PASSED] - i1 = x.indexOf("/") + 1: null

02-12-2024T02:40:49 - [TEST_STEP][PASSED] - if (i1 > -1): null

02-12-2024T02:40:49 - [TEST_STEP][PASSED] - x = x.substring(i1, x.length()): null

02-12-2024T02:40:49 - [TEST_STEP][PASSED] - println(x): null

02-12-2024T02:40:49 - [TEST_STEP][PASSED] - i1 = x.indexOf("/"): null

02-12-2024T02:40:49 - [TEST_STEP][PASSED] - if (i1 > -1): null

02-12-2024T02:40:49 - [TEST_STEP][PASSED] - x = x.substring(0, i1): null

02-12-2024T02:40:49 - [TEST_STEP][PASSED] - println(x): null

02-12-2024T02:40:49 - [TEST_STEP][PASSED] - return x: null

02-12-2024T02:40:49 - [TEST_STEP][PASSED] - tabB = GetOvSFactB(x = b): null

02-12-2024T02:40:49 - [TEST_STEP][PASSED] - i1 = <not implemented yet for class: org.codehaus.groovy.ast.expr.EmptyExpression>: null

02-12-2024T02:40:49 - [TEST_STEP][PASSED] - ii = <not implemented yet for class: org.codehaus.groovy.ast.expr.EmptyExpression>: null

02-12-2024T02:40:49 - [TEST_STEP][PASSED] - for ([ii = 1, ii < 4, (ii++)]): null

02-12-2024T02:40:49 - [TEST_STEP][PASSED] - i1 = x.indexOf("/") + 1: null

02-12-2024T02:40:49 - [TEST_STEP][PASSED] - if (i1 > -1): null

02-12-2024T02:40:49 - [TEST_STEP][PASSED] - x = x.substring(i1, x.length()): null

02-12-2024T02:40:49 - [TEST_STEP][PASSED] - println(x): null

02-12-2024T02:40:49 - [TEST_STEP][PASSED] - i1 = x.indexOf("/") + 1: null

02-12-2024T02:40:49 - [TEST_STEP][PASSED] - if (i1 > -1): null

02-12-2024T02:40:49 - [TEST_STEP][PASSED] - x = x.substring(i1, x.length()): null

02-12-2024T02:40:49 - [TEST_STEP][PASSED] - println(x): null

02-12-2024T02:40:49 - [TEST_STEP][PASSED] - i1 = x.indexOf("/") + 1: null

02-12-2024T02:40:49 - [TEST_STEP][PASSED] - if (i1 > -1): null

02-12-2024T02:40:49 - [TEST_STEP][PASSED] - x = x.substring(i1, x.length()): null

02-12-2024T02:40:49 - [TEST_STEP][PASSED] - println(x): null

02-12-2024T02:40:49 - [TEST_STEP][PASSED] - i1 = x.indexOf("/"): null

02-12-2024T02:40:49 - [TEST_STEP][PASSED] - if (i1 > -1): null

02-12-2024T02:40:49 - [TEST_STEP][PASSED] - x = x.substring(0, i1): null

02-12-2024T02:40:49 - [TEST_STEP][PASSED] - println(x): null

02-12-2024T02:40:49 - [TEST_STEP][FAILED] - return x: null

02-12-2024T02:40:49 - [TEST_STEP][FAILED] - if (verifyEqual(tabR, tabB) == false): null

02-12-2024T02:40:49 - [MESSAGE][FAILED] - Unable to verify equal between actual object '45596339' and expected object '45423668' (Root cause: com.kms.katalon.core.exception.StepFailedException: Actual object '45596339' and expected object '45423668' are not equal
	at com.kms.katalon.core.keyword.builtin.VerifyEqualKeyword$_verifyEqual_closure1.doCall(VerifyEqualKeyword.groovy:58)
	at com.kms.katalon.core.keyword.builtin.VerifyEqualKeyword$_verifyEqual_closure1.call(VerifyEqualKeyword.groovy)
	at com.kms.katalon.core.keyword.internal.KeywordMain.runKeyword(KeywordMain.groovy:75)
	at com.kms.katalon.core.keyword.builtin.VerifyEqualKeyword.verifyEqual(VerifyEqualKeyword.groovy:63)
	at com.kms.katalon.core.keyword.builtin.VerifyEqualKeyword.execute(VerifyEqualKeyword.groovy:44)
	at com.kms.katalon.core.keyword.internal.KeywordExecutor.executeKeywordForPlatform(KeywordExecutor.groovy:74)
	at com.kms.katalon.core.keyword.BuiltinKeywords.verifyEqual(BuiltinKeywords.groovy:146)
	at jdk.internal.reflect.GeneratedMethodAccessor25.invoke(Unknown Source)
	at java.base/jdk.internal.reflect.DelegatingMethodAccessorImpl.invoke(DelegatingMethodAccessorImpl.java:43)
	at Выполнение бизнес-плана сверка дашбордов.CompareDZOData(Выполнение бизнес-плана сверка дашбордов:706)
	at Выполнение бизнес-плана сверка дашбордов.run(Выполнение бизнес-плана сверка дашбордов:653)
	at com.kms.katalon.core.main.ScriptEngine.run(ScriptEngine.java:194)
	at com.kms.katalon.core.main.ScriptEngine.runScriptAsRawText(ScriptEngine.java:119)
	at com.kms.katalon.core.main.TestCaseExecutor.runScript(TestCaseExecutor.java:448)
	at com.kms.katalon.core.main.TestCaseExecutor.doExecute(TestCaseExecutor.java:439)
	at com.kms.katalon.core.main.TestCaseExecutor.processExecutionPhase(TestCaseExecutor.java:418)
	at com.kms.katalon.core.main.TestCaseExecutor.accessMainPhase(TestCaseExecutor.java:410)
	at com.kms.katalon.core.main.TestCaseExecutor.execute(TestCaseExecutor.java:285)
	at com.kms.katalon.core.common.CommonExecutor.accessTestCaseMainPhase(CommonExecutor.java:65)
	at com.kms.katalon.core.main.TestSuiteExecutor.accessTestSuiteMainPhase(TestSuiteExecutor.java:150)
	at com.kms.katalon.core.main.TestSuiteExecutor.execute(TestSuiteExecutor.java:106)
	at com.kms.katalon.core.main.TestCaseMain.startTestSuite(TestCaseMain.java:180)
	at TempTestSuite1733095732962.run(TempTestSuite1733095732962.groovy:35)
	at java.base/jdk.internal.reflect.NativeMethodAccessorImpl.invoke0(Native Method)
	at java.base/jdk.internal.reflect.NativeMethodAccessorImpl.invoke(NativeMethodAccessorImpl.java:77)
	at java.base/jdk.internal.reflect.DelegatingMethodAccessorImpl.invoke(DelegatingMethodAccessorImpl.java:43)
)

02-12-2024T02:40:49 - [TEST_STEP][PASSED] - result = WriteToExcel(typeOfData, todaysDate, PercPlanR, PercPlanB, PercFactR, PercFactB, x, tabR, tabB, o1R, o1B, vidget): null

02-12-2024T02:40:49 - [TEST_STEP][PASSED] - iii = dZO.indexOf("/"): null

02-12-2024T02:40:49 - [TEST_STEP][PASSED] - println(iii): null

02-12-2024T02:40:49 - [TEST_STEP][PASSED] - dZO = dZO.substring(0, iii): null

02-12-2024T02:40:49 - [TEST_STEP][PASSED] - println(dZO): null

02-12-2024T02:40:49 - [TEST_STEP][PASSED] - println(PercPlanR): null

02-12-2024T02:40:49 - [TEST_STEP][PASSED] - println(PercPlanB): null

02-12-2024T02:40:49 - [TEST_STEP][PASSED] - println(PercFactR): null

02-12-2024T02:40:49 - [TEST_STEP][PASSED] - println(PercFactB): null

02-12-2024T02:40:49 - [TEST_STEP][PASSED] - println(tabR): null

02-12-2024T02:40:49 - [TEST_STEP][PASSED] - println(tabB): null

02-12-2024T02:40:49 - [TEST_STEP][PASSED] - println(o1R): null

02-12-2024T02:40:49 - [TEST_STEP][PASSED] - println(o1B): null

02-12-2024T02:40:49 - [TEST_STEP][PASSED] - PR = <not implemented yet for class: org.codehaus.groovy.ast.expr.EmptyExpression>: null

02-12-2024T02:40:49 - [TEST_STEP][PASSED] - FR = <not implemented yet for class: org.codehaus.groovy.ast.expr.EmptyExpression>: null

02-12-2024T02:40:49 - [TEST_STEP][PASSED] - PB = <not implemented yet for class: org.codehaus.groovy.ast.expr.EmptyExpression>: null

02-12-2024T02:40:49 - [TEST_STEP][PASSED] - FB = <not implemented yet for class: org.codehaus.groovy.ast.expr.EmptyExpression>: null

02-12-2024T02:40:49 - [TEST_STEP][PASSED] - TR = <not implemented yet for class: org.codehaus.groovy.ast.expr.EmptyExpression>: null

02-12-2024T02:40:49 - [TEST_STEP][PASSED] - TB = <not implemented yet for class: org.codehaus.groovy.ast.expr.EmptyExpression>: null

02-12-2024T02:40:49 - [TEST_STEP][PASSED] - sheetName = "Sheet1": null

02-12-2024T02:40:49 - [TEST_STEP][PASSED] - data = findTestData("PlanFact"): null

02-12-2024T02:40:49 - [TEST_STEP][PASSED] - n = data.getRowNumbers() + 1: null

02-12-2024T02:40:49 - [TEST_STEP][PASSED] - year = todaysDate.substring(todaysDate.length() - 4, todaysDate.length()): null

02-12-2024T02:40:49 - [TEST_STEP][PASSED] - y = year.toInteger(): null

02-12-2024T02:40:49 - [TEST_STEP][PASSED] - m = getText(findTestObject("Выполнение бизнес-плана/Выполнение бизнес-плана Балансы/Фильтр Дата")): Text of object 'Object Repository/Выполнение бизнес-плана/Выполнение бизнес-плана Балансы/Фильтр Дата' is: '1, 2, 3 кв., Октябрь 2024 года'

02-12-2024T02:40:49 - [MESSAGE][PASSED] - Text of object 'Object Repository/Выполнение бизнес-плана/Выполнение бизнес-плана Балансы/Фильтр Дата' is: '1, 2, 3 кв., Октябрь 2024 года'

02-12-2024T02:40:49 - [TEST_STEP][PASSED] - m = m.substring(0, m.indexOf("2024")): null

02-12-2024T02:40:49 - [TEST_STEP][PASSED] - m = m.trim(): null

02-12-2024T02:40:49 - [TEST_STEP][PASSED] - dashboardName = "Выполнение бизнес-плана": null

02-12-2024T02:40:49 - [TEST_STEP][PASSED] - workbook01 = getWorkbook(excelFilePath): null

02-12-2024T02:40:50 - [TEST_STEP][PASSED] - sheet01 = getExcelSheet(workbook01, sheetName): null

02-12-2024T02:40:50 - [TEST_STEP][PASSED] - setValueToCellByIndex(sheet01, n, 0, dashboardName): null

02-12-2024T02:40:50 - [TEST_STEP][PASSED] - setValueToCellByIndex(sheet01, n, 1, dZO): null

02-12-2024T02:40:50 - [TEST_STEP][PASSED] - setValueToCellByIndex(sheet01, n, 2, typeOfData): null

02-12-2024T02:40:50 - [TEST_STEP][PASSED] - setValueToCellByIndex(sheet01, n, 3, typeOfData): null

02-12-2024T02:40:50 - [TEST_STEP][PASSED] - if (typeOfData == "План"): null

02-12-2024T02:40:50 - [TEST_STEP][PASSED] - else if (typeOfData == "Факт"): null

02-12-2024T02:40:50 - [TEST_STEP][PASSED] - else if (vidget.contains("электроэнергии") == true): null

02-12-2024T02:40:50 - [TEST_STEP][PASSED] - if (tabR == null): null

02-12-2024T02:40:50 - [TEST_STEP][PASSED] - else: null

02-12-2024T02:40:50 - [TEST_STEP][PASSED] - if (tabR == "нет данных"): null

02-12-2024T02:40:50 - [TEST_STEP][PASSED] - else: null

02-12-2024T02:40:50 - [TEST_STEP][PASSED] - TR = tabR.toInteger(): null

02-12-2024T02:40:50 - [TEST_STEP][PASSED] - setValueToCellByIndex(sheet01, n, 4, TR): null

02-12-2024T02:40:50 - [TEST_STEP][PASSED] - if (tabB == null): null

02-12-2024T02:40:50 - [TEST_STEP][PASSED] - else: null

02-12-2024T02:40:50 - [TEST_STEP][PASSED] - if (tabB == "нет данных"): null

02-12-2024T02:40:50 - [TEST_STEP][PASSED] - else: null

02-12-2024T02:40:50 - [TEST_STEP][PASSED] - TB = tabB.toInteger(): null

02-12-2024T02:40:50 - [TEST_STEP][PASSED] - setValueToCellByIndex(sheet01, n, 5, TB): null

02-12-2024T02:40:50 - [TEST_STEP][PASSED] - setValueToCellByIndex(sheet01, n, 6, m): null

02-12-2024T02:40:50 - [TEST_STEP][PASSED] - setValueToCellByIndex(sheet01, n, 7, y): null

02-12-2024T02:40:50 - [TEST_STEP][PASSED] - setValueToCellByIndex(sheet01, n, 8, todaysDate): null

02-12-2024T02:40:50 - [TEST_STEP][PASSED] - n = n + 1: null

02-12-2024T02:40:50 - [TEST_STEP][PASSED] - saveWorkbook(excelFilePath, workbook01): null

02-12-2024T02:40:50 - [TEST_STEP][PASSED] - typeOfData = "Факт Отпуск из сети": null

02-12-2024T02:40:50 - [TEST_STEP][PASSED] - tabR = GetOiSFactR(x = a): null

02-12-2024T02:40:50 - [TEST_STEP][PASSED] - i1 = <not implemented yet for class: org.codehaus.groovy.ast.expr.EmptyExpression>: null

02-12-2024T02:40:50 - [TEST_STEP][PASSED] - ii = <not implemented yet for class: org.codehaus.groovy.ast.expr.EmptyExpression>: null

02-12-2024T02:40:50 - [TEST_STEP][PASSED] - for ([ii = 1, ii < 5, (ii++)]): null

02-12-2024T02:40:50 - [TEST_STEP][PASSED] - i1 = x.indexOf("/") + 1: null

02-12-2024T02:40:50 - [TEST_STEP][PASSED] - if (i1 > -1): null

02-12-2024T02:40:50 - [TEST_STEP][PASSED] - x = x.substring(i1, x.length()): null

02-12-2024T02:40:50 - [TEST_STEP][PASSED] - println(x): null

02-12-2024T02:40:50 - [TEST_STEP][PASSED] - i1 = x.indexOf("/") + 1: null

02-12-2024T02:40:50 - [TEST_STEP][PASSED] - if (i1 > -1): null

02-12-2024T02:40:50 - [TEST_STEP][PASSED] - x = x.substring(i1, x.length()): null

02-12-2024T02:40:50 - [TEST_STEP][PASSED] - println(x): null

02-12-2024T02:40:50 - [TEST_STEP][PASSED] - i1 = x.indexOf("/") + 1: null

02-12-2024T02:40:50 - [TEST_STEP][PASSED] - if (i1 > -1): null

02-12-2024T02:40:50 - [TEST_STEP][PASSED] - x = x.substring(i1, x.length()): null

02-12-2024T02:40:50 - [TEST_STEP][PASSED] - println(x): null

02-12-2024T02:40:50 - [TEST_STEP][PASSED] - i1 = x.indexOf("/") + 1: null

02-12-2024T02:40:50 - [TEST_STEP][PASSED] - if (i1 > -1): null

02-12-2024T02:40:50 - [TEST_STEP][PASSED] - x = x.substring(i1, x.length()): null

02-12-2024T02:40:50 - [TEST_STEP][PASSED] - println(x): null

02-12-2024T02:40:50 - [TEST_STEP][PASSED] - i1 = x.indexOf("/"): null

02-12-2024T02:40:50 - [TEST_STEP][PASSED] - if (i1 > -1): null

02-12-2024T02:40:50 - [TEST_STEP][PASSED] - x = x.substring(0, i1): null

02-12-2024T02:40:50 - [TEST_STEP][PASSED] - println(x): null

02-12-2024T02:40:50 - [TEST_STEP][PASSED] - return x: null

02-12-2024T02:40:50 - [TEST_STEP][PASSED] - tabB = GetOiSFactB(x = b): null

02-12-2024T02:40:50 - [TEST_STEP][PASSED] - i1 = <not implemented yet for class: org.codehaus.groovy.ast.expr.EmptyExpression>: null

02-12-2024T02:40:50 - [TEST_STEP][PASSED] - ii = <not implemented yet for class: org.codehaus.groovy.ast.expr.EmptyExpression>: null

02-12-2024T02:40:50 - [TEST_STEP][PASSED] - for ([ii = 1, ii < 5, (ii++)]): null

02-12-2024T02:40:50 - [TEST_STEP][PASSED] - i1 = x.indexOf("/") + 1: null

02-12-2024T02:40:50 - [TEST_STEP][PASSED] - if (i1 > -1): null

02-12-2024T02:40:50 - [TEST_STEP][PASSED] - x = x.substring(i1, x.length()): null

02-12-2024T02:40:50 - [TEST_STEP][PASSED] - println(x): null

02-12-2024T02:40:50 - [TEST_STEP][PASSED] - i1 = x.indexOf("/") + 1: null

02-12-2024T02:40:50 - [TEST_STEP][PASSED] - if (i1 > -1): null

02-12-2024T02:40:50 - [TEST_STEP][PASSED] - x = x.substring(i1, x.length()): null

02-12-2024T02:40:50 - [TEST_STEP][PASSED] - println(x): null

02-12-2024T02:40:50 - [TEST_STEP][PASSED] - i1 = x.indexOf("/") + 1: null

02-12-2024T02:40:50 - [TEST_STEP][PASSED] - if (i1 > -1): null

02-12-2024T02:40:50 - [TEST_STEP][PASSED] - x = x.substring(i1, x.length()): null

02-12-2024T02:40:50 - [TEST_STEP][PASSED] - println(x): null

02-12-2024T02:40:50 - [TEST_STEP][PASSED] - i1 = x.indexOf("/") + 1: null

02-12-2024T02:40:50 - [TEST_STEP][PASSED] - if (i1 > -1): null

02-12-2024T02:40:50 - [TEST_STEP][PASSED] - x = x.substring(i1, x.length()): null

02-12-2024T02:40:50 - [TEST_STEP][PASSED] - println(x): null

02-12-2024T02:40:50 - [TEST_STEP][PASSED] - i1 = x.indexOf("/"): null

02-12-2024T02:40:50 - [TEST_STEP][PASSED] - if (i1 > -1): null

02-12-2024T02:40:50 - [TEST_STEP][PASSED] - x = x.substring(0, i1): null

02-12-2024T02:40:50 - [TEST_STEP][PASSED] - println(x): null

02-12-2024T02:40:50 - [TEST_STEP][FAILED] - return x: null

02-12-2024T02:40:50 - [TEST_STEP][FAILED] - if (verifyEqual(tabR, tabB) == false): null

02-12-2024T02:40:50 - [MESSAGE][FAILED] - Unable to verify equal between actual object '42504429' and expected object '42347790' (Root cause: com.kms.katalon.core.exception.StepFailedException: Actual object '42504429' and expected object '42347790' are not equal
	at com.kms.katalon.core.keyword.builtin.VerifyEqualKeyword$_verifyEqual_closure1.doCall(VerifyEqualKeyword.groovy:58)
	at com.kms.katalon.core.keyword.builtin.VerifyEqualKeyword$_verifyEqual_closure1.call(VerifyEqualKeyword.groovy)
	at com.kms.katalon.core.keyword.internal.KeywordMain.runKeyword(KeywordMain.groovy:75)
	at com.kms.katalon.core.keyword.builtin.VerifyEqualKeyword.verifyEqual(VerifyEqualKeyword.groovy:63)
	at com.kms.katalon.core.keyword.builtin.VerifyEqualKeyword.execute(VerifyEqualKeyword.groovy:44)
	at com.kms.katalon.core.keyword.internal.KeywordExecutor.executeKeywordForPlatform(KeywordExecutor.groovy:74)
	at com.kms.katalon.core.keyword.BuiltinKeywords.verifyEqual(BuiltinKeywords.groovy:146)
	at jdk.internal.reflect.GeneratedMethodAccessor25.invoke(Unknown Source)
	at java.base/jdk.internal.reflect.DelegatingMethodAccessorImpl.invoke(DelegatingMethodAccessorImpl.java:43)
	at Выполнение бизнес-плана сверка дашбордов.CompareDZOData(Выполнение бизнес-плана сверка дашбордов:717)
	at Выполнение бизнес-плана сверка дашбордов.run(Выполнение бизнес-плана сверка дашбордов:653)
	at com.kms.katalon.core.main.ScriptEngine.run(ScriptEngine.java:194)
	at com.kms.katalon.core.main.ScriptEngine.runScriptAsRawText(ScriptEngine.java:119)
	at com.kms.katalon.core.main.TestCaseExecutor.runScript(TestCaseExecutor.java:448)
	at com.kms.katalon.core.main.TestCaseExecutor.doExecute(TestCaseExecutor.java:439)
	at com.kms.katalon.core.main.TestCaseExecutor.processExecutionPhase(TestCaseExecutor.java:418)
	at com.kms.katalon.core.main.TestCaseExecutor.accessMainPhase(TestCaseExecutor.java:410)
	at com.kms.katalon.core.main.TestCaseExecutor.execute(TestCaseExecutor.java:285)
	at com.kms.katalon.core.common.CommonExecutor.accessTestCaseMainPhase(CommonExecutor.java:65)
	at com.kms.katalon.core.main.TestSuiteExecutor.accessTestSuiteMainPhase(TestSuiteExecutor.java:150)
	at com.kms.katalon.core.main.TestSuiteExecutor.execute(TestSuiteExecutor.java:106)
	at com.kms.katalon.core.main.TestCaseMain.startTestSuite(TestCaseMain.java:180)
	at TempTestSuite1733095732962.run(TempTestSuite1733095732962.groovy:35)
	at java.base/jdk.internal.reflect.NativeMethodAccessorImpl.invoke0(Native Method)
	at java.base/jdk.internal.reflect.NativeMethodAccessorImpl.invoke(NativeMethodAccessorImpl.java:77)
	at java.base/jdk.internal.reflect.DelegatingMethodAccessorImpl.invoke(DelegatingMethodAccessorImpl.java:43)
)

02-12-2024T02:40:50 - [TEST_STEP][PASSED] - result = WriteToExcel(typeOfData, todaysDate, PercPlanR, PercPlanB, PercFactR, PercFactB, x, tabR, tabB, o1R, o1B, vidget): null

02-12-2024T02:40:50 - [TEST_STEP][PASSED] - iii = dZO.indexOf("/"): null

02-12-2024T02:40:50 - [TEST_STEP][PASSED] - println(iii): null

02-12-2024T02:40:50 - [TEST_STEP][PASSED] - dZO = dZO.substring(0, iii): null

02-12-2024T02:40:50 - [TEST_STEP][PASSED] - println(dZO): null

02-12-2024T02:40:50 - [TEST_STEP][PASSED] - println(PercPlanR): null

02-12-2024T02:40:50 - [TEST_STEP][PASSED] - println(PercPlanB): null

02-12-2024T02:40:50 - [TEST_STEP][PASSED] - println(PercFactR): null

02-12-2024T02:40:50 - [TEST_STEP][PASSED] - println(PercFactB): null

02-12-2024T02:40:50 - [TEST_STEP][PASSED] - println(tabR): null

02-12-2024T02:40:50 - [TEST_STEP][PASSED] - println(tabB): null

02-12-2024T02:40:50 - [TEST_STEP][PASSED] - println(o1R): null

02-12-2024T02:40:50 - [TEST_STEP][PASSED] - println(o1B): null

02-12-2024T02:40:50 - [TEST_STEP][PASSED] - PR = <not implemented yet for class: org.codehaus.groovy.ast.expr.EmptyExpression>: null

02-12-2024T02:40:50 - [TEST_STEP][PASSED] - FR = <not implemented yet for class: org.codehaus.groovy.ast.expr.EmptyExpression>: null

02-12-2024T02:40:50 - [TEST_STEP][PASSED] - PB = <not implemented yet for class: org.codehaus.groovy.ast.expr.EmptyExpression>: null

02-12-2024T02:40:50 - [TEST_STEP][PASSED] - FB = <not implemented yet for class: org.codehaus.groovy.ast.expr.EmptyExpression>: null

02-12-2024T02:40:50 - [TEST_STEP][PASSED] - TR = <not implemented yet for class: org.codehaus.groovy.ast.expr.EmptyExpression>: null

02-12-2024T02:40:50 - [TEST_STEP][PASSED] - TB = <not implemented yet for class: org.codehaus.groovy.ast.expr.EmptyExpression>: null

02-12-2024T02:40:50 - [TEST_STEP][PASSED] - sheetName = "Sheet1": null

02-12-2024T02:40:50 - [TEST_STEP][PASSED] - data = findTestData("PlanFact"): null

02-12-2024T02:40:50 - [TEST_STEP][PASSED] - n = data.getRowNumbers() + 1: null

02-12-2024T02:40:50 - [TEST_STEP][PASSED] - year = todaysDate.substring(todaysDate.length() - 4, todaysDate.length()): null

02-12-2024T02:40:50 - [TEST_STEP][PASSED] - y = year.toInteger(): null

02-12-2024T02:40:50 - [TEST_STEP][PASSED] - m = getText(findTestObject("Выполнение бизнес-плана/Выполнение бизнес-плана Балансы/Фильтр Дата")): Text of object 'Object Repository/Выполнение бизнес-плана/Выполнение бизнес-плана Балансы/Фильтр Дата' is: '1, 2, 3 кв., Октябрь 2024 года'

02-12-2024T02:40:50 - [MESSAGE][PASSED] - Text of object 'Object Repository/Выполнение бизнес-плана/Выполнение бизнес-плана Балансы/Фильтр Дата' is: '1, 2, 3 кв., Октябрь 2024 года'

02-12-2024T02:40:50 - [TEST_STEP][PASSED] - m = m.substring(0, m.indexOf("2024")): null

02-12-2024T02:40:50 - [TEST_STEP][PASSED] - m = m.trim(): null

02-12-2024T02:40:50 - [TEST_STEP][PASSED] - dashboardName = "Выполнение бизнес-плана": null

02-12-2024T02:40:50 - [TEST_STEP][PASSED] - workbook01 = getWorkbook(excelFilePath): null

02-12-2024T02:40:50 - [TEST_STEP][PASSED] - sheet01 = getExcelSheet(workbook01, sheetName): null

02-12-2024T02:40:50 - [TEST_STEP][PASSED] - setValueToCellByIndex(sheet01, n, 0, dashboardName): null

02-12-2024T02:40:50 - [TEST_STEP][PASSED] - setValueToCellByIndex(sheet01, n, 1, dZO): null

02-12-2024T02:40:50 - [TEST_STEP][PASSED] - setValueToCellByIndex(sheet01, n, 2, typeOfData): null

02-12-2024T02:40:50 - [TEST_STEP][PASSED] - setValueToCellByIndex(sheet01, n, 3, typeOfData): null

02-12-2024T02:40:50 - [TEST_STEP][PASSED] - if (typeOfData == "План"): null

02-12-2024T02:40:50 - [TEST_STEP][PASSED] - else if (typeOfData == "Факт"): null

02-12-2024T02:40:50 - [TEST_STEP][PASSED] - else if (vidget.contains("электроэнергии") == true): null

02-12-2024T02:40:50 - [TEST_STEP][PASSED] - if (tabR == null): null

02-12-2024T02:40:50 - [TEST_STEP][PASSED] - else: null

02-12-2024T02:40:50 - [TEST_STEP][PASSED] - if (tabR == "нет данных"): null

02-12-2024T02:40:50 - [TEST_STEP][PASSED] - else: null

02-12-2024T02:40:50 - [TEST_STEP][PASSED] - TR = tabR.toInteger(): null

02-12-2024T02:40:50 - [TEST_STEP][PASSED] - setValueToCellByIndex(sheet01, n, 4, TR): null

02-12-2024T02:40:50 - [TEST_STEP][PASSED] - if (tabB == null): null

02-12-2024T02:40:50 - [TEST_STEP][PASSED] - else: null

02-12-2024T02:40:50 - [TEST_STEP][PASSED] - if (tabB == "нет данных"): null

02-12-2024T02:40:50 - [TEST_STEP][PASSED] - else: null

02-12-2024T02:40:50 - [TEST_STEP][PASSED] - TB = tabB.toInteger(): null

02-12-2024T02:40:50 - [TEST_STEP][PASSED] - setValueToCellByIndex(sheet01, n, 5, TB): null

02-12-2024T02:40:50 - [TEST_STEP][PASSED] - setValueToCellByIndex(sheet01, n, 6, m): null

02-12-2024T02:40:50 - [TEST_STEP][PASSED] - setValueToCellByIndex(sheet01, n, 7, y): null

02-12-2024T02:40:50 - [TEST_STEP][PASSED] - setValueToCellByIndex(sheet01, n, 8, todaysDate): null

02-12-2024T02:40:50 - [TEST_STEP][PASSED] - n = n + 1: null

02-12-2024T02:40:50 - [TEST_STEP][PASSED] - saveWorkbook(excelFilePath, workbook01): null

02-12-2024T02:40:50 - [TEST_STEP][PASSED] - typeOfData = "Факт Потери": null

02-12-2024T02:40:50 - [TEST_STEP][PASSED] - tabR = GetPFactR(x = a): null

02-12-2024T02:40:50 - [TEST_STEP][PASSED] - i1 = <not implemented yet for class: org.codehaus.groovy.ast.expr.EmptyExpression>: null

02-12-2024T02:40:50 - [TEST_STEP][PASSED] - ii = <not implemented yet for class: org.codehaus.groovy.ast.expr.EmptyExpression>: null

02-12-2024T02:40:50 - [TEST_STEP][PASSED] - for ([ii = 1, ii < 6, (ii++)]): null

02-12-2024T02:40:50 - [TEST_STEP][PASSED] - i1 = x.indexOf("/") + 1: null

02-12-2024T02:40:50 - [TEST_STEP][PASSED] - if (i1 > -1): null

02-12-2024T02:40:50 - [TEST_STEP][PASSED] - x = x.substring(i1, x.length()): null

02-12-2024T02:40:50 - [TEST_STEP][PASSED] - println(x): null

02-12-2024T02:40:50 - [TEST_STEP][PASSED] - i1 = x.indexOf("/") + 1: null

02-12-2024T02:40:50 - [TEST_STEP][PASSED] - if (i1 > -1): null

02-12-2024T02:40:50 - [TEST_STEP][PASSED] - x = x.substring(i1, x.length()): null

02-12-2024T02:40:50 - [TEST_STEP][PASSED] - println(x): null

02-12-2024T02:40:50 - [TEST_STEP][PASSED] - i1 = x.indexOf("/") + 1: null

02-12-2024T02:40:50 - [TEST_STEP][PASSED] - if (i1 > -1): null

02-12-2024T02:40:50 - [TEST_STEP][PASSED] - x = x.substring(i1, x.length()): null

02-12-2024T02:40:50 - [TEST_STEP][PASSED] - println(x): null

02-12-2024T02:40:50 - [TEST_STEP][PASSED] - i1 = x.indexOf("/") + 1: null

02-12-2024T02:40:50 - [TEST_STEP][PASSED] - if (i1 > -1): null

02-12-2024T02:40:50 - [TEST_STEP][PASSED] - x = x.substring(i1, x.length()): null

02-12-2024T02:40:50 - [TEST_STEP][PASSED] - println(x): null

02-12-2024T02:40:50 - [TEST_STEP][PASSED] - i1 = x.indexOf("/") + 1: null

02-12-2024T02:40:50 - [TEST_STEP][PASSED] - if (i1 > -1): null

02-12-2024T02:40:50 - [TEST_STEP][PASSED] - x = x.substring(i1, x.length()): null

02-12-2024T02:40:50 - [TEST_STEP][PASSED] - println(x): null

02-12-2024T02:40:50 - [TEST_STEP][PASSED] - i1 = x.indexOf("/"): null

02-12-2024T02:40:50 - [TEST_STEP][PASSED] - if (i1 > -1): null

02-12-2024T02:40:50 - [TEST_STEP][PASSED] - x = x.substring(0, i1): null

02-12-2024T02:40:50 - [TEST_STEP][PASSED] - println(x): null

02-12-2024T02:40:50 - [TEST_STEP][PASSED] - return x: null

02-12-2024T02:40:50 - [TEST_STEP][PASSED] - tabB = GetPFactB(x = b): null

02-12-2024T02:40:50 - [TEST_STEP][PASSED] - i1 = <not implemented yet for class: org.codehaus.groovy.ast.expr.EmptyExpression>: null

02-12-2024T02:40:50 - [TEST_STEP][PASSED] - ii = <not implemented yet for class: org.codehaus.groovy.ast.expr.EmptyExpression>: null

02-12-2024T02:40:50 - [TEST_STEP][PASSED] - for ([ii = 1, ii < 6, (ii++)]): null

02-12-2024T02:40:50 - [TEST_STEP][PASSED] - i1 = x.indexOf("/") + 1: null

02-12-2024T02:40:50 - [TEST_STEP][PASSED] - if (i1 > -1): null

02-12-2024T02:40:50 - [TEST_STEP][PASSED] - x = x.substring(i1, x.length()): null

02-12-2024T02:40:50 - [TEST_STEP][PASSED] - println(x): null

02-12-2024T02:40:50 - [TEST_STEP][PASSED] - i1 = x.indexOf("/") + 1: null

02-12-2024T02:40:50 - [TEST_STEP][PASSED] - if (i1 > -1): null

02-12-2024T02:40:50 - [TEST_STEP][PASSED] - x = x.substring(i1, x.length()): null

02-12-2024T02:40:50 - [TEST_STEP][PASSED] - println(x): null

02-12-2024T02:40:50 - [TEST_STEP][PASSED] - i1 = x.indexOf("/") + 1: null

02-12-2024T02:40:50 - [TEST_STEP][PASSED] - if (i1 > -1): null

02-12-2024T02:40:50 - [TEST_STEP][PASSED] - x = x.substring(i1, x.length()): null

02-12-2024T02:40:50 - [TEST_STEP][PASSED] - println(x): null

02-12-2024T02:40:50 - [TEST_STEP][PASSED] - i1 = x.indexOf("/") + 1: null

02-12-2024T02:40:50 - [TEST_STEP][PASSED] - if (i1 > -1): null

02-12-2024T02:40:50 - [TEST_STEP][PASSED] - x = x.substring(i1, x.length()): null

02-12-2024T02:40:50 - [TEST_STEP][PASSED] - println(x): null

02-12-2024T02:40:50 - [TEST_STEP][PASSED] - i1 = x.indexOf("/") + 1: null

02-12-2024T02:40:50 - [TEST_STEP][PASSED] - if (i1 > -1): null

02-12-2024T02:40:50 - [TEST_STEP][PASSED] - x = x.substring(i1, x.length()): null

02-12-2024T02:40:50 - [TEST_STEP][PASSED] - println(x): null

02-12-2024T02:40:50 - [TEST_STEP][PASSED] - i1 = x.indexOf("/"): null

02-12-2024T02:40:50 - [TEST_STEP][PASSED] - if (i1 > -1): null

02-12-2024T02:40:50 - [TEST_STEP][PASSED] - x = x.substring(0, i1): null

02-12-2024T02:40:50 - [TEST_STEP][PASSED] - println(x): null

02-12-2024T02:40:50 - [TEST_STEP][FAILED] - return x: null

02-12-2024T02:40:50 - [TEST_STEP][PASSED] - println(tabR + "/" + tabB): null

02-12-2024T02:40:50 - [TEST_STEP][FAILED] - if (verifyEqual(tabR, tabB) == false): null

02-12-2024T02:40:50 - [MESSAGE][FAILED] - Unable to verify equal between actual object '3091910' and expected object '3075878' (Root cause: com.kms.katalon.core.exception.StepFailedException: Actual object '3091910' and expected object '3075878' are not equal
	at com.kms.katalon.core.keyword.builtin.VerifyEqualKeyword$_verifyEqual_closure1.doCall(VerifyEqualKeyword.groovy:58)
	at com.kms.katalon.core.keyword.builtin.VerifyEqualKeyword$_verifyEqual_closure1.call(VerifyEqualKeyword.groovy)
	at com.kms.katalon.core.keyword.internal.KeywordMain.runKeyword(KeywordMain.groovy:75)
	at com.kms.katalon.core.keyword.builtin.VerifyEqualKeyword.verifyEqual(VerifyEqualKeyword.groovy:63)
	at com.kms.katalon.core.keyword.builtin.VerifyEqualKeyword.execute(VerifyEqualKeyword.groovy:44)
	at com.kms.katalon.core.keyword.internal.KeywordExecutor.executeKeywordForPlatform(KeywordExecutor.groovy:74)
	at com.kms.katalon.core.keyword.BuiltinKeywords.verifyEqual(BuiltinKeywords.groovy:146)
	at jdk.internal.reflect.GeneratedMethodAccessor25.invoke(Unknown Source)
	at java.base/jdk.internal.reflect.DelegatingMethodAccessorImpl.invoke(DelegatingMethodAccessorImpl.java:43)
	at Выполнение бизнес-плана сверка дашбордов.CompareDZOData(Выполнение бизнес-плана сверка дашбордов:730)
	at Выполнение бизнес-плана сверка дашбордов.run(Выполнение бизнес-плана сверка дашбордов:653)
	at com.kms.katalon.core.main.ScriptEngine.run(ScriptEngine.java:194)
	at com.kms.katalon.core.main.ScriptEngine.runScriptAsRawText(ScriptEngine.java:119)
	at com.kms.katalon.core.main.TestCaseExecutor.runScript(TestCaseExecutor.java:448)
	at com.kms.katalon.core.main.TestCaseExecutor.doExecute(TestCaseExecutor.java:439)
	at com.kms.katalon.core.main.TestCaseExecutor.processExecutionPhase(TestCaseExecutor.java:418)
	at com.kms.katalon.core.main.TestCaseExecutor.accessMainPhase(TestCaseExecutor.java:410)
	at com.kms.katalon.core.main.TestCaseExecutor.execute(TestCaseExecutor.java:285)
	at com.kms.katalon.core.common.CommonExecutor.accessTestCaseMainPhase(CommonExecutor.java:65)
	at com.kms.katalon.core.main.TestSuiteExecutor.accessTestSuiteMainPhase(TestSuiteExecutor.java:150)
	at com.kms.katalon.core.main.TestSuiteExecutor.execute(TestSuiteExecutor.java:106)
	at com.kms.katalon.core.main.TestCaseMain.startTestSuite(TestCaseMain.java:180)
	at TempTestSuite1733095732962.run(TempTestSuite1733095732962.groovy:35)
	at java.base/jdk.internal.reflect.NativeMethodAccessorImpl.invoke0(Native Method)
	at java.base/jdk.internal.reflect.NativeMethodAccessorImpl.invoke(NativeMethodAccessorImpl.java:77)
	at java.base/jdk.internal.reflect.DelegatingMethodAccessorImpl.invoke(DelegatingMethodAccessorImpl.java:43)
)

02-12-2024T02:40:50 - [TEST_STEP][PASSED] - result = WriteToExcel(typeOfData, todaysDate, PercPlanR, PercPlanB, PercFactR, PercFactB, x, tabR, tabB, o1R, o1B, vidget): null

02-12-2024T02:40:50 - [TEST_STEP][PASSED] - iii = dZO.indexOf("/"): null

02-12-2024T02:40:50 - [TEST_STEP][PASSED] - println(iii): null

02-12-2024T02:40:50 - [TEST_STEP][PASSED] - dZO = dZO.substring(0, iii): null

02-12-2024T02:40:50 - [TEST_STEP][PASSED] - println(dZO): null

02-12-2024T02:40:50 - [TEST_STEP][PASSED] - println(PercPlanR): null

02-12-2024T02:40:50 - [TEST_STEP][PASSED] - println(PercPlanB): null

02-12-2024T02:40:50 - [TEST_STEP][PASSED] - println(PercFactR): null

02-12-2024T02:40:50 - [TEST_STEP][PASSED] - println(PercFactB): null

02-12-2024T02:40:50 - [TEST_STEP][PASSED] - println(tabR): null

02-12-2024T02:40:50 - [TEST_STEP][PASSED] - println(tabB): null

02-12-2024T02:40:50 - [TEST_STEP][PASSED] - println(o1R): null

02-12-2024T02:40:50 - [TEST_STEP][PASSED] - println(o1B): null

02-12-2024T02:40:50 - [TEST_STEP][PASSED] - PR = <not implemented yet for class: org.codehaus.groovy.ast.expr.EmptyExpression>: null

02-12-2024T02:40:50 - [TEST_STEP][PASSED] - FR = <not implemented yet for class: org.codehaus.groovy.ast.expr.EmptyExpression>: null

02-12-2024T02:40:50 - [TEST_STEP][PASSED] - PB = <not implemented yet for class: org.codehaus.groovy.ast.expr.EmptyExpression>: null

02-12-2024T02:40:50 - [TEST_STEP][PASSED] - FB = <not implemented yet for class: org.codehaus.groovy.ast.expr.EmptyExpression>: null

02-12-2024T02:40:50 - [TEST_STEP][PASSED] - TR = <not implemented yet for class: org.codehaus.groovy.ast.expr.EmptyExpression>: null

02-12-2024T02:40:50 - [TEST_STEP][PASSED] - TB = <not implemented yet for class: org.codehaus.groovy.ast.expr.EmptyExpression>: null

02-12-2024T02:40:50 - [TEST_STEP][PASSED] - sheetName = "Sheet1": null

02-12-2024T02:40:50 - [TEST_STEP][PASSED] - data = findTestData("PlanFact"): null

02-12-2024T02:40:50 - [TEST_STEP][PASSED] - n = data.getRowNumbers() + 1: null

02-12-2024T02:40:50 - [TEST_STEP][PASSED] - year = todaysDate.substring(todaysDate.length() - 4, todaysDate.length()): null

02-12-2024T02:40:50 - [TEST_STEP][PASSED] - y = year.toInteger(): null

02-12-2024T02:40:50 - [TEST_STEP][PASSED] - m = getText(findTestObject("Выполнение бизнес-плана/Выполнение бизнес-плана Балансы/Фильтр Дата")): Text of object 'Object Repository/Выполнение бизнес-плана/Выполнение бизнес-плана Балансы/Фильтр Дата' is: '1, 2, 3 кв., Октябрь 2024 года'

02-12-2024T02:40:51 - [MESSAGE][PASSED] - Text of object 'Object Repository/Выполнение бизнес-плана/Выполнение бизнес-плана Балансы/Фильтр Дата' is: '1, 2, 3 кв., Октябрь 2024 года'

02-12-2024T02:40:51 - [TEST_STEP][PASSED] - m = m.substring(0, m.indexOf("2024")): null

02-12-2024T02:40:51 - [TEST_STEP][PASSED] - m = m.trim(): null

02-12-2024T02:40:51 - [TEST_STEP][PASSED] - dashboardName = "Выполнение бизнес-плана": null

02-12-2024T02:40:51 - [TEST_STEP][PASSED] - workbook01 = getWorkbook(excelFilePath): null

02-12-2024T02:40:51 - [TEST_STEP][PASSED] - sheet01 = getExcelSheet(workbook01, sheetName): null

02-12-2024T02:40:51 - [TEST_STEP][PASSED] - setValueToCellByIndex(sheet01, n, 0, dashboardName): null

02-12-2024T02:40:51 - [TEST_STEP][PASSED] - setValueToCellByIndex(sheet01, n, 1, dZO): null

02-12-2024T02:40:51 - [TEST_STEP][PASSED] - setValueToCellByIndex(sheet01, n, 2, typeOfData): null

02-12-2024T02:40:51 - [TEST_STEP][PASSED] - setValueToCellByIndex(sheet01, n, 3, typeOfData): null

02-12-2024T02:40:51 - [TEST_STEP][PASSED] - if (typeOfData == "План"): null

02-12-2024T02:40:51 - [TEST_STEP][PASSED] - else if (typeOfData == "Факт"): null

02-12-2024T02:40:51 - [TEST_STEP][PASSED] - else if (vidget.contains("электроэнергии") == true): null

02-12-2024T02:40:51 - [TEST_STEP][PASSED] - if (tabR == null): null

02-12-2024T02:40:51 - [TEST_STEP][PASSED] - else: null

02-12-2024T02:40:51 - [TEST_STEP][PASSED] - if (tabR == "нет данных"): null

02-12-2024T02:40:51 - [TEST_STEP][PASSED] - else: null

02-12-2024T02:40:51 - [TEST_STEP][PASSED] - TR = tabR.toInteger(): null

02-12-2024T02:40:51 - [TEST_STEP][PASSED] - setValueToCellByIndex(sheet01, n, 4, TR): null

02-12-2024T02:40:51 - [TEST_STEP][PASSED] - if (tabB == null): null

02-12-2024T02:40:51 - [TEST_STEP][PASSED] - else: null

02-12-2024T02:40:51 - [TEST_STEP][PASSED] - if (tabB == "нет данных"): null

02-12-2024T02:40:51 - [TEST_STEP][PASSED] - else: null

02-12-2024T02:40:51 - [TEST_STEP][PASSED] - TB = tabB.toInteger(): null

02-12-2024T02:40:51 - [TEST_STEP][PASSED] - setValueToCellByIndex(sheet01, n, 5, TB): null

02-12-2024T02:40:51 - [TEST_STEP][PASSED] - setValueToCellByIndex(sheet01, n, 6, m): null

02-12-2024T02:40:51 - [TEST_STEP][PASSED] - setValueToCellByIndex(sheet01, n, 7, y): null

02-12-2024T02:40:51 - [TEST_STEP][PASSED] - setValueToCellByIndex(sheet01, n, 8, todaysDate): null

02-12-2024T02:40:51 - [TEST_STEP][PASSED] - n = n + 1: null

02-12-2024T02:40:51 - [TEST_STEP][PASSED] - saveWorkbook(excelFilePath, workbook01): null

02-12-2024T02:40:51 - [TEST_STEP][PASSED] - vidget = "Показатели баланса электроэнергии по ДЗО – План": null

02-12-2024T02:40:51 - [TEST_STEP][PASSED] - typeOfData = "План Отпуск в сеть": null

02-12-2024T02:40:51 - [TEST_STEP][PASSED] - tabR = GetOvSPlanR(x = a): null

02-12-2024T02:40:51 - [TEST_STEP][PASSED] - i1 = <not implemented yet for class: org.codehaus.groovy.ast.expr.EmptyExpression>: null

02-12-2024T02:41:01 - [TEST_STEP][PASSED] - ii = <not implemented yet for class: org.codehaus.groovy.ast.expr.EmptyExpression>: null

02-12-2024T02:41:01 - [TEST_STEP][PASSED] - for ([ii = 1, ii < 7, (ii++)]): null

02-12-2024T02:41:01 - [TEST_STEP][PASSED] - i1 = x.indexOf("/") + 1: null

02-12-2024T02:41:01 - [TEST_STEP][PASSED] - if (i1 > -1): null

02-12-2024T02:41:01 - [TEST_STEP][PASSED] - x = x.substring(i1, x.length()): null

02-12-2024T02:41:01 - [TEST_STEP][PASSED] - println(x): null

02-12-2024T02:41:01 - [TEST_STEP][PASSED] - i1 = x.indexOf("/") + 1: null

02-12-2024T02:41:01 - [TEST_STEP][PASSED] - if (i1 > -1): null

02-12-2024T02:41:01 - [TEST_STEP][PASSED] - x = x.substring(i1, x.length()): null

02-12-2024T02:41:01 - [TEST_STEP][PASSED] - println(x): null

02-12-2024T02:41:01 - [TEST_STEP][PASSED] - i1 = x.indexOf("/") + 1: null

02-12-2024T02:41:01 - [TEST_STEP][PASSED] - if (i1 > -1): null

02-12-2024T02:41:01 - [TEST_STEP][PASSED] - x = x.substring(i1, x.length()): null

02-12-2024T02:41:01 - [TEST_STEP][PASSED] - println(x): null

02-12-2024T02:41:01 - [TEST_STEP][PASSED] - i1 = x.indexOf("/") + 1: null

02-12-2024T02:41:01 - [TEST_STEP][PASSED] - if (i1 > -1): null

02-12-2024T02:41:01 - [TEST_STEP][PASSED] - x = x.substring(i1, x.length()): null

02-12-2024T02:41:01 - [TEST_STEP][PASSED] - println(x): null

02-12-2024T02:41:01 - [TEST_STEP][PASSED] - i1 = x.indexOf("/") + 1: null

02-12-2024T02:41:01 - [TEST_STEP][PASSED] - if (i1 > -1): null

02-12-2024T02:41:01 - [TEST_STEP][PASSED] - x = x.substring(i1, x.length()): null

02-12-2024T02:41:01 - [TEST_STEP][PASSED] - println(x): null

02-12-2024T02:41:01 - [TEST_STEP][PASSED] - i1 = x.indexOf("/") + 1: null

02-12-2024T02:41:01 - [TEST_STEP][PASSED] - if (i1 > -1): null

02-12-2024T02:41:01 - [TEST_STEP][PASSED] - x = x.substring(i1, x.length()): null

02-12-2024T02:41:01 - [TEST_STEP][PASSED] - println(x): null

02-12-2024T02:41:01 - [TEST_STEP][PASSED] - i1 = x.indexOf("/"): null

02-12-2024T02:41:01 - [TEST_STEP][PASSED] - if (i1 > -1): null

02-12-2024T02:41:01 - [TEST_STEP][PASSED] - x = x.substring(0, i1): null

02-12-2024T02:41:01 - [TEST_STEP][PASSED] - println(x): null

02-12-2024T02:41:01 - [TEST_STEP][PASSED] - return x: null

02-12-2024T02:41:01 - [TEST_STEP][PASSED] - tabB = GetOvSPlanB(x = b): null

02-12-2024T02:41:01 - [TEST_STEP][PASSED] - i1 = <not implemented yet for class: org.codehaus.groovy.ast.expr.EmptyExpression>: null

02-12-2024T02:41:01 - [TEST_STEP][PASSED] - ii = <not implemented yet for class: org.codehaus.groovy.ast.expr.EmptyExpression>: null

02-12-2024T02:41:01 - [TEST_STEP][PASSED] - for ([ii = 1, ii < 7, (ii++)]): null

02-12-2024T02:41:01 - [TEST_STEP][PASSED] - i1 = x.indexOf("/") + 1: null

02-12-2024T02:41:01 - [TEST_STEP][PASSED] - if (i1 > -1): null

02-12-2024T02:41:01 - [TEST_STEP][PASSED] - x = x.substring(i1, x.length()): null

02-12-2024T02:41:01 - [TEST_STEP][PASSED] - println(x): null

02-12-2024T02:41:01 - [TEST_STEP][PASSED] - i1 = x.indexOf("/") + 1: null

02-12-2024T02:41:01 - [TEST_STEP][PASSED] - if (i1 > -1): null

02-12-2024T02:41:01 - [TEST_STEP][PASSED] - x = x.substring(i1, x.length()): null

02-12-2024T02:41:01 - [TEST_STEP][PASSED] - println(x): null

02-12-2024T02:41:01 - [TEST_STEP][PASSED] - i1 = x.indexOf("/") + 1: null

02-12-2024T02:41:01 - [TEST_STEP][PASSED] - if (i1 > -1): null

02-12-2024T02:41:01 - [TEST_STEP][PASSED] - x = x.substring(i1, x.length()): null

02-12-2024T02:41:01 - [TEST_STEP][PASSED] - println(x): null

02-12-2024T02:41:01 - [TEST_STEP][PASSED] - i1 = x.indexOf("/") + 1: null

02-12-2024T02:41:01 - [TEST_STEP][PASSED] - if (i1 > -1): null

02-12-2024T02:41:01 - [TEST_STEP][PASSED] - x = x.substring(i1, x.length()): null

02-12-2024T02:41:01 - [TEST_STEP][PASSED] - println(x): null

02-12-2024T02:41:01 - [TEST_STEP][PASSED] - i1 = x.indexOf("/") + 1: null

02-12-2024T02:41:01 - [TEST_STEP][PASSED] - if (i1 > -1): null

02-12-2024T02:41:01 - [TEST_STEP][PASSED] - x = x.substring(i1, x.length()): null

02-12-2024T02:41:01 - [TEST_STEP][PASSED] - println(x): null

02-12-2024T02:41:01 - [TEST_STEP][PASSED] - i1 = x.indexOf("/") + 1: null

02-12-2024T02:41:01 - [TEST_STEP][PASSED] - if (i1 > -1): null

02-12-2024T02:41:01 - [TEST_STEP][PASSED] - x = x.substring(i1, x.length()): null

02-12-2024T02:41:01 - [TEST_STEP][PASSED] - println(x): null

02-12-2024T02:41:01 - [TEST_STEP][PASSED] - i1 = x.indexOf("/"): null

02-12-2024T02:41:01 - [TEST_STEP][PASSED] - if (i1 > -1): null

02-12-2024T02:41:01 - [TEST_STEP][PASSED] - x = x.substring(0, i1): null

02-12-2024T02:41:01 - [TEST_STEP][PASSED] - println(x): null

02-12-2024T02:41:01 - [TEST_STEP][PASSED] - return x: null

02-12-2024T02:41:01 - [TEST_STEP][PASSED] - println(tabR + "/" + tabB): null

02-12-2024T02:41:01 - [TEST_STEP][PASSED] - if (verifyEqual(PercFactR, PercFactB) == false): Actual object '6.77' and expected object '6.77' are equal

02-12-2024T02:41:01 - [MESSAGE][PASSED] - Actual object '6.77' and expected object '6.77' are equal

02-12-2024T02:41:01 - [TEST_STEP][PASSED] - typeOfData = "План Отпуск из сети": null

02-12-2024T02:41:01 - [TEST_STEP][PASSED] - tabR = GetOiSPlanR(x = a): null

02-12-2024T02:41:01 - [TEST_STEP][PASSED] - i1 = <not implemented yet for class: org.codehaus.groovy.ast.expr.EmptyExpression>: null

02-12-2024T02:41:01 - [TEST_STEP][PASSED] - ii = <not implemented yet for class: org.codehaus.groovy.ast.expr.EmptyExpression>: null

02-12-2024T02:41:01 - [TEST_STEP][PASSED] - for ([ii = 1, ii < 8, (ii++)]): null

02-12-2024T02:41:01 - [TEST_STEP][PASSED] - i1 = x.indexOf("/") + 1: null

02-12-2024T02:41:01 - [TEST_STEP][PASSED] - if (i1 > -1): null

02-12-2024T02:41:01 - [TEST_STEP][PASSED] - x = x.substring(i1, x.length()): null

02-12-2024T02:41:01 - [TEST_STEP][PASSED] - println(x): null

02-12-2024T02:41:01 - [TEST_STEP][PASSED] - i1 = x.indexOf("/") + 1: null

02-12-2024T02:41:01 - [TEST_STEP][PASSED] - if (i1 > -1): null

02-12-2024T02:41:01 - [TEST_STEP][PASSED] - x = x.substring(i1, x.length()): null

02-12-2024T02:41:01 - [TEST_STEP][PASSED] - println(x): null

02-12-2024T02:41:01 - [TEST_STEP][PASSED] - i1 = x.indexOf("/") + 1: null

02-12-2024T02:41:01 - [TEST_STEP][PASSED] - if (i1 > -1): null

02-12-2024T02:41:01 - [TEST_STEP][PASSED] - x = x.substring(i1, x.length()): null

02-12-2024T02:41:01 - [TEST_STEP][PASSED] - println(x): null

02-12-2024T02:41:01 - [TEST_STEP][PASSED] - i1 = x.indexOf("/") + 1: null

02-12-2024T02:41:01 - [TEST_STEP][PASSED] - if (i1 > -1): null

02-12-2024T02:41:01 - [TEST_STEP][PASSED] - x = x.substring(i1, x.length()): null

02-12-2024T02:41:01 - [TEST_STEP][PASSED] - println(x): null

02-12-2024T02:41:01 - [TEST_STEP][PASSED] - i1 = x.indexOf("/") + 1: null

02-12-2024T02:41:01 - [TEST_STEP][PASSED] - if (i1 > -1): null

02-12-2024T02:41:01 - [TEST_STEP][PASSED] - x = x.substring(i1, x.length()): null

02-12-2024T02:41:01 - [TEST_STEP][PASSED] - println(x): null

02-12-2024T02:41:01 - [TEST_STEP][PASSED] - i1 = x.indexOf("/") + 1: null

02-12-2024T02:41:01 - [TEST_STEP][PASSED] - if (i1 > -1): null

02-12-2024T02:41:01 - [TEST_STEP][PASSED] - x = x.substring(i1, x.length()): null

02-12-2024T02:41:01 - [TEST_STEP][PASSED] - println(x): null

02-12-2024T02:41:01 - [TEST_STEP][PASSED] - i1 = x.indexOf("/") + 1: null

02-12-2024T02:41:01 - [TEST_STEP][PASSED] - if (i1 > -1): null

02-12-2024T02:41:01 - [TEST_STEP][PASSED] - x = x.substring(i1, x.length()): null

02-12-2024T02:41:01 - [TEST_STEP][PASSED] - println(x): null

02-12-2024T02:41:01 - [TEST_STEP][PASSED] - i1 = x.indexOf("/"): null

02-12-2024T02:41:01 - [TEST_STEP][PASSED] - if (i1 > -1): null

02-12-2024T02:41:01 - [TEST_STEP][PASSED] - x = x.substring(0, i1): null

02-12-2024T02:41:01 - [TEST_STEP][PASSED] - println(x): null

02-12-2024T02:41:01 - [TEST_STEP][PASSED] - return x: null

02-12-2024T02:41:01 - [TEST_STEP][PASSED] - tabB = GetOiSPlanB(x = b): null

02-12-2024T02:41:01 - [TEST_STEP][PASSED] - i1 = <not implemented yet for class: org.codehaus.groovy.ast.expr.EmptyExpression>: null

02-12-2024T02:41:01 - [TEST_STEP][PASSED] - ii = <not implemented yet for class: org.codehaus.groovy.ast.expr.EmptyExpression>: null

02-12-2024T02:41:01 - [TEST_STEP][PASSED] - for ([ii = 1, ii < 8, (ii++)]): null

02-12-2024T02:41:01 - [TEST_STEP][PASSED] - i1 = x.indexOf("/") + 1: null

02-12-2024T02:41:01 - [TEST_STEP][PASSED] - if (i1 > -1): null

02-12-2024T02:41:01 - [TEST_STEP][PASSED] - x = x.substring(i1, x.length()): null

02-12-2024T02:41:01 - [TEST_STEP][PASSED] - println(x): null

02-12-2024T02:41:01 - [TEST_STEP][PASSED] - i1 = x.indexOf("/") + 1: null

02-12-2024T02:41:01 - [TEST_STEP][PASSED] - if (i1 > -1): null

02-12-2024T02:41:01 - [TEST_STEP][PASSED] - x = x.substring(i1, x.length()): null

02-12-2024T02:41:01 - [TEST_STEP][PASSED] - println(x): null

02-12-2024T02:41:01 - [TEST_STEP][PASSED] - i1 = x.indexOf("/") + 1: null

02-12-2024T02:41:01 - [TEST_STEP][PASSED] - if (i1 > -1): null

02-12-2024T02:41:01 - [TEST_STEP][PASSED] - x = x.substring(i1, x.length()): null

02-12-2024T02:41:01 - [TEST_STEP][PASSED] - println(x): null

02-12-2024T02:41:01 - [TEST_STEP][PASSED] - i1 = x.indexOf("/") + 1: null

02-12-2024T02:41:01 - [TEST_STEP][PASSED] - if (i1 > -1): null

02-12-2024T02:41:01 - [TEST_STEP][PASSED] - x = x.substring(i1, x.length()): null

02-12-2024T02:41:01 - [TEST_STEP][PASSED] - println(x): null

02-12-2024T02:41:01 - [TEST_STEP][PASSED] - i1 = x.indexOf("/") + 1: null

02-12-2024T02:41:01 - [TEST_STEP][PASSED] - if (i1 > -1): null

02-12-2024T02:41:01 - [TEST_STEP][PASSED] - x = x.substring(i1, x.length()): null

02-12-2024T02:41:01 - [TEST_STEP][PASSED] - println(x): null

02-12-2024T02:41:01 - [TEST_STEP][PASSED] - i1 = x.indexOf("/") + 1: null

02-12-2024T02:41:01 - [TEST_STEP][PASSED] - if (i1 > -1): null

02-12-2024T02:41:01 - [TEST_STEP][PASSED] - x = x.substring(i1, x.length()): null

02-12-2024T02:41:01 - [TEST_STEP][PASSED] - println(x): null

02-12-2024T02:41:01 - [TEST_STEP][PASSED] - i1 = x.indexOf("/") + 1: null

02-12-2024T02:41:01 - [TEST_STEP][PASSED] - if (i1 > -1): null

02-12-2024T02:41:01 - [TEST_STEP][PASSED] - x = x.substring(i1, x.length()): null

02-12-2024T02:41:01 - [TEST_STEP][PASSED] - println(x): null

02-12-2024T02:41:01 - [TEST_STEP][PASSED] - i1 = x.indexOf("/"): null

02-12-2024T02:41:01 - [TEST_STEP][PASSED] - if (i1 > -1): null

02-12-2024T02:41:01 - [TEST_STEP][PASSED] - x = x.substring(0, i1): null

02-12-2024T02:41:01 - [TEST_STEP][PASSED] - println(x): null

02-12-2024T02:41:01 - [TEST_STEP][PASSED] - return x: null

02-12-2024T02:41:01 - [TEST_STEP][PASSED] - println(tabR + "/" + tabB): null

02-12-2024T02:41:01 - [TEST_STEP][PASSED] - if (verifyEqual(PercFactR, PercFactB) == false): Actual object '6.77' and expected object '6.77' are equal

02-12-2024T02:41:01 - [MESSAGE][PASSED] - Actual object '6.77' and expected object '6.77' are equal

02-12-2024T02:41:01 - [TEST_STEP][PASSED] - typeOfData = "План Потери": null

02-12-2024T02:41:01 - [TEST_STEP][PASSED] - tabR = GetPPlanR(x = a): null

02-12-2024T02:41:01 - [TEST_STEP][PASSED] - i1 = <not implemented yet for class: org.codehaus.groovy.ast.expr.EmptyExpression>: null

02-12-2024T02:41:01 - [TEST_STEP][PASSED] - ii = <not implemented yet for class: org.codehaus.groovy.ast.expr.EmptyExpression>: null

02-12-2024T02:41:01 - [TEST_STEP][PASSED] - for ([ii = 1, ii < 9, (ii++)]): null

02-12-2024T02:41:01 - [TEST_STEP][PASSED] - i1 = x.indexOf("/") + 1: null

02-12-2024T02:41:01 - [TEST_STEP][PASSED] - if (i1 > -1): null

02-12-2024T02:41:01 - [TEST_STEP][PASSED] - x = x.substring(i1, x.length()): null

02-12-2024T02:41:01 - [TEST_STEP][PASSED] - println(x): null

02-12-2024T02:41:01 - [TEST_STEP][PASSED] - i1 = x.indexOf("/") + 1: null

02-12-2024T02:41:01 - [TEST_STEP][PASSED] - if (i1 > -1): null

02-12-2024T02:41:01 - [TEST_STEP][PASSED] - x = x.substring(i1, x.length()): null

02-12-2024T02:41:01 - [TEST_STEP][PASSED] - println(x): null

02-12-2024T02:41:01 - [TEST_STEP][PASSED] - i1 = x.indexOf("/") + 1: null

02-12-2024T02:41:01 - [TEST_STEP][PASSED] - if (i1 > -1): null

02-12-2024T02:41:01 - [TEST_STEP][PASSED] - x = x.substring(i1, x.length()): null

02-12-2024T02:41:01 - [TEST_STEP][PASSED] - println(x): null

02-12-2024T02:41:01 - [TEST_STEP][PASSED] - i1 = x.indexOf("/") + 1: null

02-12-2024T02:41:01 - [TEST_STEP][PASSED] - if (i1 > -1): null

02-12-2024T02:41:01 - [TEST_STEP][PASSED] - x = x.substring(i1, x.length()): null

02-12-2024T02:41:01 - [TEST_STEP][PASSED] - println(x): null

02-12-2024T02:41:01 - [TEST_STEP][PASSED] - i1 = x.indexOf("/") + 1: null

02-12-2024T02:41:01 - [TEST_STEP][PASSED] - if (i1 > -1): null

02-12-2024T02:41:01 - [TEST_STEP][PASSED] - x = x.substring(i1, x.length()): null

02-12-2024T02:41:01 - [TEST_STEP][PASSED] - println(x): null

02-12-2024T02:41:01 - [TEST_STEP][PASSED] - i1 = x.indexOf("/") + 1: null

02-12-2024T02:41:01 - [TEST_STEP][PASSED] - if (i1 > -1): null

02-12-2024T02:41:01 - [TEST_STEP][PASSED] - x = x.substring(i1, x.length()): null

02-12-2024T02:41:01 - [TEST_STEP][PASSED] - println(x): null

02-12-2024T02:41:01 - [TEST_STEP][PASSED] - i1 = x.indexOf("/") + 1: null

02-12-2024T02:41:01 - [TEST_STEP][PASSED] - if (i1 > -1): null

02-12-2024T02:41:01 - [TEST_STEP][PASSED] - x = x.substring(i1, x.length()): null

02-12-2024T02:41:01 - [TEST_STEP][PASSED] - println(x): null

02-12-2024T02:41:01 - [TEST_STEP][PASSED] - i1 = x.indexOf("/") + 1: null

02-12-2024T02:41:01 - [TEST_STEP][PASSED] - if (i1 > -1): null

02-12-2024T02:41:01 - [TEST_STEP][PASSED] - x = x.substring(i1, x.length()): null

02-12-2024T02:41:01 - [TEST_STEP][PASSED] - println(x): null

02-12-2024T02:41:01 - [TEST_STEP][PASSED] - i1 = x.indexOf("/"): null

02-12-2024T02:41:01 - [TEST_STEP][PASSED] - if (i1 > -1): null

02-12-2024T02:41:01 - [TEST_STEP][PASSED] - x = x.substring(0, i1): null

02-12-2024T02:41:01 - [TEST_STEP][PASSED] - println(x): null

02-12-2024T02:41:01 - [TEST_STEP][PASSED] - return x: null

02-12-2024T02:41:01 - [TEST_STEP][PASSED] - tabB = GetPPlanB(x = b): null

02-12-2024T02:41:01 - [TEST_STEP][PASSED] - i1 = <not implemented yet for class: org.codehaus.groovy.ast.expr.EmptyExpression>: null

02-12-2024T02:41:01 - [TEST_STEP][PASSED] - ii = <not implemented yet for class: org.codehaus.groovy.ast.expr.EmptyExpression>: null

02-12-2024T02:41:01 - [TEST_STEP][PASSED] - for ([ii = 1, ii < 9, (ii++)]): null

02-12-2024T02:41:01 - [TEST_STEP][PASSED] - i1 = x.indexOf("/") + 1: null

02-12-2024T02:41:01 - [TEST_STEP][PASSED] - if (i1 > -1): null

02-12-2024T02:41:01 - [TEST_STEP][PASSED] - x = x.substring(i1, x.length()): null

02-12-2024T02:41:01 - [TEST_STEP][PASSED] - println(x): null

02-12-2024T02:41:01 - [TEST_STEP][PASSED] - i1 = x.indexOf("/") + 1: null

02-12-2024T02:41:01 - [TEST_STEP][PASSED] - if (i1 > -1): null

02-12-2024T02:41:01 - [TEST_STEP][PASSED] - x = x.substring(i1, x.length()): null

02-12-2024T02:41:01 - [TEST_STEP][PASSED] - println(x): null

02-12-2024T02:41:01 - [TEST_STEP][PASSED] - i1 = x.indexOf("/") + 1: null

02-12-2024T02:41:01 - [TEST_STEP][PASSED] - if (i1 > -1): null

02-12-2024T02:41:01 - [TEST_STEP][PASSED] - x = x.substring(i1, x.length()): null

02-12-2024T02:41:01 - [TEST_STEP][PASSED] - println(x): null

02-12-2024T02:41:01 - [TEST_STEP][PASSED] - i1 = x.indexOf("/") + 1: null

02-12-2024T02:41:01 - [TEST_STEP][PASSED] - if (i1 > -1): null

02-12-2024T02:41:01 - [TEST_STEP][PASSED] - x = x.substring(i1, x.length()): null

02-12-2024T02:41:01 - [TEST_STEP][PASSED] - println(x): null

02-12-2024T02:41:01 - [TEST_STEP][PASSED] - i1 = x.indexOf("/") + 1: null

02-12-2024T02:41:01 - [TEST_STEP][PASSED] - if (i1 > -1): null

02-12-2024T02:41:01 - [TEST_STEP][PASSED] - x = x.substring(i1, x.length()): null

02-12-2024T02:41:01 - [TEST_STEP][PASSED] - println(x): null

02-12-2024T02:41:01 - [TEST_STEP][PASSED] - i1 = x.indexOf("/") + 1: null

02-12-2024T02:41:01 - [TEST_STEP][PASSED] - if (i1 > -1): null

02-12-2024T02:41:01 - [TEST_STEP][PASSED] - x = x.substring(i1, x.length()): null

02-12-2024T02:41:01 - [TEST_STEP][PASSED] - println(x): null

02-12-2024T02:41:01 - [TEST_STEP][PASSED] - i1 = x.indexOf("/") + 1: null

02-12-2024T02:41:01 - [TEST_STEP][PASSED] - if (i1 > -1): null

02-12-2024T02:41:01 - [TEST_STEP][PASSED] - x = x.substring(i1, x.length()): null

02-12-2024T02:41:01 - [TEST_STEP][PASSED] - println(x): null

02-12-2024T02:41:01 - [TEST_STEP][PASSED] - i1 = x.indexOf("/") + 1: null

02-12-2024T02:41:01 - [TEST_STEP][PASSED] - if (i1 > -1): null

02-12-2024T02:41:01 - [TEST_STEP][PASSED] - x = x.substring(i1, x.length()): null

02-12-2024T02:41:01 - [TEST_STEP][PASSED] - println(x): null

02-12-2024T02:41:01 - [TEST_STEP][PASSED] - i1 = x.indexOf("/"): null

02-12-2024T02:41:01 - [TEST_STEP][PASSED] - if (i1 > -1): null

02-12-2024T02:41:01 - [TEST_STEP][PASSED] - x = x.substring(0, i1): null

02-12-2024T02:41:01 - [TEST_STEP][PASSED] - println(x): null

02-12-2024T02:41:01 - [TEST_STEP][PASSED] - return x: null

02-12-2024T02:41:01 - [TEST_STEP][PASSED] - println(tabR + "/" + tabB): null

02-12-2024T02:41:01 - [TEST_STEP][PASSED] - if (verifyEqual(PercFactR, PercFactB) == false): Actual object '6.77' and expected object '6.77' are equal

02-12-2024T02:41:01 - [MESSAGE][PASSED] - Actual object '6.77' and expected object '6.77' are equal

02-12-2024T02:41:01 - [TEST_STEP][PASSED] - ii2 = a.indexOf("ПАО"): null

02-12-2024T02:41:01 - [TEST_STEP][PASSED] - if (ii2 == -1): null

02-12-2024T02:41:01 - [TEST_STEP][PASSED] - vidget = "Отклонения фактического уровня потерь от бизнес-плана": null

02-12-2024T02:41:01 - [TEST_STEP][PASSED] - typeOfData = "Коэффициент": null

02-12-2024T02:41:01 - [TEST_STEP][PASSED] - o1R = Geto1R(x = a): null

02-12-2024T02:41:01 - [TEST_STEP][PASSED] - i1 = <not implemented yet for class: org.codehaus.groovy.ast.expr.EmptyExpression>: null

02-12-2024T02:41:01 - [TEST_STEP][PASSED] - ii = <not implemented yet for class: org.codehaus.groovy.ast.expr.EmptyExpression>: null

02-12-2024T02:41:01 - [TEST_STEP][PASSED] - for ([ii = 1, ii < 10, (ii++)]): null

02-12-2024T02:41:01 - [TEST_STEP][PASSED] - i1 = x.indexOf("/") + 1: null

02-12-2024T02:41:01 - [TEST_STEP][PASSED] - if (i1 > -1): null

02-12-2024T02:41:01 - [TEST_STEP][PASSED] - x = x.substring(i1, x.length()): null

02-12-2024T02:41:01 - [TEST_STEP][PASSED] - i1 = x.indexOf("/") + 1: null

02-12-2024T02:41:01 - [TEST_STEP][PASSED] - if (i1 > -1): null

02-12-2024T02:41:01 - [TEST_STEP][PASSED] - x = x.substring(i1, x.length()): null

02-12-2024T02:41:01 - [TEST_STEP][PASSED] - i1 = x.indexOf("/") + 1: null

02-12-2024T02:41:01 - [TEST_STEP][PASSED] - if (i1 > -1): null

02-12-2024T02:41:01 - [TEST_STEP][PASSED] - x = x.substring(i1, x.length()): null

02-12-2024T02:41:01 - [TEST_STEP][PASSED] - i1 = x.indexOf("/") + 1: null

02-12-2024T02:41:01 - [TEST_STEP][PASSED] - if (i1 > -1): null

02-12-2024T02:41:01 - [TEST_STEP][PASSED] - x = x.substring(i1, x.length()): null

02-12-2024T02:41:01 - [TEST_STEP][PASSED] - i1 = x.indexOf("/") + 1: null

02-12-2024T02:41:01 - [TEST_STEP][PASSED] - if (i1 > -1): null

02-12-2024T02:41:01 - [TEST_STEP][PASSED] - x = x.substring(i1, x.length()): null

02-12-2024T02:41:01 - [TEST_STEP][PASSED] - i1 = x.indexOf("/") + 1: null

02-12-2024T02:41:01 - [TEST_STEP][PASSED] - if (i1 > -1): null

02-12-2024T02:41:01 - [TEST_STEP][PASSED] - x = x.substring(i1, x.length()): null

02-12-2024T02:41:01 - [TEST_STEP][PASSED] - i1 = x.indexOf("/") + 1: null

02-12-2024T02:41:01 - [TEST_STEP][PASSED] - if (i1 > -1): null

02-12-2024T02:41:01 - [TEST_STEP][PASSED] - x = x.substring(i1, x.length()): null

02-12-2024T02:41:01 - [TEST_STEP][PASSED] - i1 = x.indexOf("/") + 1: null

02-12-2024T02:41:01 - [TEST_STEP][PASSED] - if (i1 > -1): null

02-12-2024T02:41:01 - [TEST_STEP][PASSED] - x = x.substring(i1, x.length()): null

02-12-2024T02:41:01 - [TEST_STEP][PASSED] - i1 = x.indexOf("/") + 1: null

02-12-2024T02:41:01 - [TEST_STEP][PASSED] - if (i1 > -1): null

02-12-2024T02:41:01 - [TEST_STEP][PASSED] - x = x.substring(i1, x.length()): null

02-12-2024T02:41:01 - [TEST_STEP][PASSED] - i1 = x.indexOf("/"): null

02-12-2024T02:41:01 - [TEST_STEP][PASSED] - if (i1 > -1): null

02-12-2024T02:41:01 - [TEST_STEP][PASSED] - println(x): null

02-12-2024T02:41:01 - [TEST_STEP][PASSED] - return x: null

02-12-2024T02:41:01 - [TEST_STEP][PASSED] - o1B = Geto1B(x = b): null

02-12-2024T02:41:01 - [TEST_STEP][PASSED] - i1 = <not implemented yet for class: org.codehaus.groovy.ast.expr.EmptyExpression>: null

02-12-2024T02:41:01 - [TEST_STEP][PASSED] - ii = <not implemented yet for class: org.codehaus.groovy.ast.expr.EmptyExpression>: null

02-12-2024T02:41:01 - [TEST_STEP][PASSED] - for ([ii = 1, ii < 10, (ii++)]): null

02-12-2024T02:41:01 - [TEST_STEP][PASSED] - i1 = x.indexOf("/") + 1: null

02-12-2024T02:41:01 - [TEST_STEP][PASSED] - if (i1 > -1): null

02-12-2024T02:41:01 - [TEST_STEP][PASSED] - x = x.substring(i1, x.length()): null

02-12-2024T02:41:01 - [TEST_STEP][PASSED] - i1 = x.indexOf("/") + 1: null

02-12-2024T02:41:01 - [TEST_STEP][PASSED] - if (i1 > -1): null

02-12-2024T02:41:01 - [TEST_STEP][PASSED] - x = x.substring(i1, x.length()): null

02-12-2024T02:41:01 - [TEST_STEP][PASSED] - i1 = x.indexOf("/") + 1: null

02-12-2024T02:41:01 - [TEST_STEP][PASSED] - if (i1 > -1): null

02-12-2024T02:41:01 - [TEST_STEP][PASSED] - x = x.substring(i1, x.length()): null

02-12-2024T02:41:01 - [TEST_STEP][PASSED] - i1 = x.indexOf("/") + 1: null

02-12-2024T02:41:01 - [TEST_STEP][PASSED] - if (i1 > -1): null

02-12-2024T02:41:01 - [TEST_STEP][PASSED] - x = x.substring(i1, x.length()): null

02-12-2024T02:41:01 - [TEST_STEP][PASSED] - i1 = x.indexOf("/") + 1: null

02-12-2024T02:41:01 - [TEST_STEP][PASSED] - if (i1 > -1): null

02-12-2024T02:41:01 - [TEST_STEP][PASSED] - x = x.substring(i1, x.length()): null

02-12-2024T02:41:01 - [TEST_STEP][PASSED] - i1 = x.indexOf("/") + 1: null

02-12-2024T02:41:01 - [TEST_STEP][PASSED] - if (i1 > -1): null

02-12-2024T02:41:01 - [TEST_STEP][PASSED] - x = x.substring(i1, x.length()): null

02-12-2024T02:41:01 - [TEST_STEP][PASSED] - i1 = x.indexOf("/") + 1: null

02-12-2024T02:41:01 - [TEST_STEP][PASSED] - if (i1 > -1): null

02-12-2024T02:41:01 - [TEST_STEP][PASSED] - x = x.substring(i1, x.length()): null

02-12-2024T02:41:01 - [TEST_STEP][PASSED] - i1 = x.indexOf("/") + 1: null

02-12-2024T02:41:01 - [TEST_STEP][PASSED] - if (i1 > -1): null

02-12-2024T02:41:01 - [TEST_STEP][PASSED] - x = x.substring(i1, x.length()): null

02-12-2024T02:41:01 - [TEST_STEP][PASSED] - i1 = x.indexOf("/") + 1: null

02-12-2024T02:41:01 - [TEST_STEP][PASSED] - if (i1 > -1): null

02-12-2024T02:41:01 - [TEST_STEP][PASSED] - x = x.substring(i1, x.length()): null

02-12-2024T02:41:01 - [TEST_STEP][PASSED] - i1 = x.indexOf("/"): null

02-12-2024T02:41:01 - [TEST_STEP][PASSED] - if (i1 > -1): null

02-12-2024T02:41:01 - [TEST_STEP][PASSED] - println(x): null

02-12-2024T02:41:01 - [TEST_STEP][FAILED] - return x: null

02-12-2024T02:41:01 - [TEST_STEP][PASSED] - println(o1R + "/" + o1B): null

02-12-2024T02:41:01 - [TEST_STEP][PASSED] - if (verifyEqual(PercFactR, PercFactB) == false): Actual object '6.77' and expected object '6.77' are equal

02-12-2024T02:41:01 - [MESSAGE][PASSED] - Actual object '6.77' and expected object '6.77' are equal

02-12-2024T02:41:01 - [TEST_STEP][FAILED] - if (verifyEqual(ugR, ugB) == false): null

02-12-2024T02:41:01 - [MESSAGE][FAILED] - Unable to verify equal between actual object 'Россети Юг (ГК)/нет данных/нет данных/нет данных/нет данных/нет данных/нет данных/нет данных/нет данных/нет данных' and expected object 'Россети Юг (ГК)/9.03/8.58/24803317/22675442/2127876/24059967/21888350/2171617/-0.45' (Root cause: com.kms.katalon.core.exception.StepFailedException: Actual object 'Россети Юг (ГК)/нет данных/нет данных/нет данных/нет данных/нет данных/нет данных/нет данных/нет данных/нет данных' and expected object 'Россети Юг (ГК)/9.03/8.58/24803317/22675442/2127876/24059967/21888350/2171617/-0.45' are not equal
	at com.kms.katalon.core.keyword.builtin.VerifyEqualKeyword$_verifyEqual_closure1.doCall(VerifyEqualKeyword.groovy:58)
	at com.kms.katalon.core.keyword.builtin.VerifyEqualKeyword$_verifyEqual_closure1.call(VerifyEqualKeyword.groovy)
	at com.kms.katalon.core.keyword.internal.KeywordMain.runKeyword(KeywordMain.groovy:75)
	at com.kms.katalon.core.keyword.builtin.VerifyEqualKeyword.verifyEqual(VerifyEqualKeyword.groovy:63)
	at com.kms.katalon.core.keyword.builtin.VerifyEqualKeyword.execute(VerifyEqualKeyword.groovy:44)
	at com.kms.katalon.core.keyword.internal.KeywordExecutor.executeKeywordForPlatform(KeywordExecutor.groovy:74)
	at com.kms.katalon.core.keyword.BuiltinKeywords.verifyEqual(BuiltinKeywords.groovy:146)
	at jdk.internal.reflect.GeneratedMethodAccessor25.invoke(Unknown Source)
	at java.base/jdk.internal.reflect.DelegatingMethodAccessorImpl.invoke(DelegatingMethodAccessorImpl.java:43)
	at Выполнение бизнес-плана сверка дашбордов.run(Выполнение бизнес-плана сверка дашбордов:657)
	at com.kms.katalon.core.main.ScriptEngine.run(ScriptEngine.java:194)
	at com.kms.katalon.core.main.ScriptEngine.runScriptAsRawText(ScriptEngine.java:119)
	at com.kms.katalon.core.main.TestCaseExecutor.runScript(TestCaseExecutor.java:448)
	at com.kms.katalon.core.main.TestCaseExecutor.doExecute(TestCaseExecutor.java:439)
	at com.kms.katalon.core.main.TestCaseExecutor.processExecutionPhase(TestCaseExecutor.java:418)
	at com.kms.katalon.core.main.TestCaseExecutor.accessMainPhase(TestCaseExecutor.java:410)
	at com.kms.katalon.core.main.TestCaseExecutor.execute(TestCaseExecutor.java:285)
	at com.kms.katalon.core.common.CommonExecutor.accessTestCaseMainPhase(CommonExecutor.java:65)
	at com.kms.katalon.core.main.TestSuiteExecutor.accessTestSuiteMainPhase(TestSuiteExecutor.java:150)
	at com.kms.katalon.core.main.TestSuiteExecutor.execute(TestSuiteExecutor.java:106)
	at com.kms.katalon.core.main.TestCaseMain.startTestSuite(TestCaseMain.java:180)
	at TempTestSuite1733095732962.run(TempTestSuite1733095732962.groovy:35)
	at java.base/jdk.internal.reflect.NativeMethodAccessorImpl.invoke0(Native Method)
	at java.base/jdk.internal.reflect.NativeMethodAccessorImpl.invoke(NativeMethodAccessorImpl.java:77)
	at java.base/jdk.internal.reflect.DelegatingMethodAccessorImpl.invoke(DelegatingMethodAccessorImpl.java:43)
)

02-12-2024T02:41:01 - [TEST_STEP][PASSED] - result = CompareDZOData(a = ugR, b = ugB, dZO, typeOfData, PercPlanR, PercPlanB, PercFactR, PercFactB, todaysDate, x, vidget, tabR, tabB, o1R, o1B): null

02-12-2024T02:41:01 - [TEST_STEP][PASSED] - ii2 = <not implemented yet for class: org.codehaus.groovy.ast.expr.EmptyExpression>: null

02-12-2024T02:41:01 - [TEST_STEP][FAILED] - if (verifyEqual(a, b) == false): null

02-12-2024T02:41:01 - [MESSAGE][FAILED] - Unable to verify equal between actual object 'Россети Юг (ГК)/нет данных/нет данных/нет данных/нет данных/нет данных/нет данных/нет данных/нет данных/нет данных' and expected object 'Россети Юг (ГК)/9.03/8.58/24803317/22675442/2127876/24059967/21888350/2171617/-0.45' (Root cause: com.kms.katalon.core.exception.StepFailedException: Actual object 'Россети Юг (ГК)/нет данных/нет данных/нет данных/нет данных/нет данных/нет данных/нет данных/нет данных/нет данных' and expected object 'Россети Юг (ГК)/9.03/8.58/24803317/22675442/2127876/24059967/21888350/2171617/-0.45' are not equal
	at com.kms.katalon.core.keyword.builtin.VerifyEqualKeyword$_verifyEqual_closure1.doCall(VerifyEqualKeyword.groovy:58)
	at com.kms.katalon.core.keyword.builtin.VerifyEqualKeyword$_verifyEqual_closure1.call(VerifyEqualKeyword.groovy)
	at com.kms.katalon.core.keyword.internal.KeywordMain.runKeyword(KeywordMain.groovy:75)
	at com.kms.katalon.core.keyword.builtin.VerifyEqualKeyword.verifyEqual(VerifyEqualKeyword.groovy:63)
	at com.kms.katalon.core.keyword.builtin.VerifyEqualKeyword.execute(VerifyEqualKeyword.groovy:44)
	at com.kms.katalon.core.keyword.internal.KeywordExecutor.executeKeywordForPlatform(KeywordExecutor.groovy:74)
	at com.kms.katalon.core.keyword.BuiltinKeywords.verifyEqual(BuiltinKeywords.groovy:146)
	at jdk.internal.reflect.GeneratedMethodAccessor25.invoke(Unknown Source)
	at java.base/jdk.internal.reflect.DelegatingMethodAccessorImpl.invoke(DelegatingMethodAccessorImpl.java:43)
	at Выполнение бизнес-плана сверка дашбордов.CompareDZOData(Выполнение бизнес-плана сверка дашбордов:673)
	at Выполнение бизнес-плана сверка дашбордов.run(Выполнение бизнес-плана сверка дашбордов:658)
	at com.kms.katalon.core.main.ScriptEngine.run(ScriptEngine.java:194)
	at com.kms.katalon.core.main.ScriptEngine.runScriptAsRawText(ScriptEngine.java:119)
	at com.kms.katalon.core.main.TestCaseExecutor.runScript(TestCaseExecutor.java:448)
	at com.kms.katalon.core.main.TestCaseExecutor.doExecute(TestCaseExecutor.java:439)
	at com.kms.katalon.core.main.TestCaseExecutor.processExecutionPhase(TestCaseExecutor.java:418)
	at com.kms.katalon.core.main.TestCaseExecutor.accessMainPhase(TestCaseExecutor.java:410)
	at com.kms.katalon.core.main.TestCaseExecutor.execute(TestCaseExecutor.java:285)
	at com.kms.katalon.core.common.CommonExecutor.accessTestCaseMainPhase(CommonExecutor.java:65)
	at com.kms.katalon.core.main.TestSuiteExecutor.accessTestSuiteMainPhase(TestSuiteExecutor.java:150)
	at com.kms.katalon.core.main.TestSuiteExecutor.execute(TestSuiteExecutor.java:106)
	at com.kms.katalon.core.main.TestCaseMain.startTestSuite(TestCaseMain.java:180)
	at TempTestSuite1733095732962.run(TempTestSuite1733095732962.groovy:35)
	at java.base/jdk.internal.reflect.NativeMethodAccessorImpl.invoke0(Native Method)
	at java.base/jdk.internal.reflect.NativeMethodAccessorImpl.invoke(NativeMethodAccessorImpl.java:77)
	at java.base/jdk.internal.reflect.DelegatingMethodAccessorImpl.invoke(DelegatingMethodAccessorImpl.java:43)
)

02-12-2024T02:41:01 - [TEST_STEP][PASSED] - vidget = "Уровень потерь электроэнергии": null

02-12-2024T02:41:01 - [TEST_STEP][PASSED] - typeOfData = "План": null

02-12-2024T02:41:01 - [TEST_STEP][PASSED] - PercPlanR = GetPercPlanR(x = a): null

02-12-2024T02:41:01 - [TEST_STEP][PASSED] - i1 = <not implemented yet for class: org.codehaus.groovy.ast.expr.EmptyExpression>: null

02-12-2024T02:41:01 - [TEST_STEP][PASSED] - i1 = x.indexOf("/") + 1: null

02-12-2024T02:41:01 - [TEST_STEP][PASSED] - if (i1 > -1): null

02-12-2024T02:41:01 - [TEST_STEP][PASSED] - x = x.substring(i1, x.length()): null

02-12-2024T02:41:01 - [TEST_STEP][PASSED] - i1 = x.indexOf("/"): null

02-12-2024T02:41:01 - [TEST_STEP][PASSED] - if (i1 > -1): null

02-12-2024T02:41:01 - [TEST_STEP][PASSED] - x = x.substring(0, i1): null

02-12-2024T02:41:01 - [TEST_STEP][PASSED] - return x: null

02-12-2024T02:41:01 - [TEST_STEP][PASSED] - PercPlanB = GetPercPlanB(x = b): null

02-12-2024T02:41:01 - [TEST_STEP][PASSED] - i1 = <not implemented yet for class: org.codehaus.groovy.ast.expr.EmptyExpression>: null

02-12-2024T02:41:01 - [TEST_STEP][PASSED] - i1 = x.indexOf("/") + 1: null

02-12-2024T02:41:01 - [TEST_STEP][PASSED] - if (i1 > -1): null

02-12-2024T02:41:01 - [TEST_STEP][PASSED] - x = x.substring(i1, x.length()): null

02-12-2024T02:41:01 - [TEST_STEP][PASSED] - i1 = x.indexOf("/"): null

02-12-2024T02:41:01 - [TEST_STEP][PASSED] - if (i1 > -1): null

02-12-2024T02:41:01 - [TEST_STEP][PASSED] - x = x.substring(0, i1): null

02-12-2024T02:41:01 - [TEST_STEP][FAILED] - return x: null

02-12-2024T02:41:01 - [TEST_STEP][FAILED] - if (verifyEqual(PercPlanR, PercPlanB) == false): null

02-12-2024T02:41:01 - [MESSAGE][FAILED] - Unable to verify equal between actual object 'нет данных' and expected object '9.03' (Root cause: com.kms.katalon.core.exception.StepFailedException: Actual object 'нет данных' and expected object '9.03' are not equal
	at com.kms.katalon.core.keyword.builtin.VerifyEqualKeyword$_verifyEqual_closure1.doCall(VerifyEqualKeyword.groovy:58)
	at com.kms.katalon.core.keyword.builtin.VerifyEqualKeyword$_verifyEqual_closure1.call(VerifyEqualKeyword.groovy)
	at com.kms.katalon.core.keyword.internal.KeywordMain.runKeyword(KeywordMain.groovy:75)
	at com.kms.katalon.core.keyword.builtin.VerifyEqualKeyword.verifyEqual(VerifyEqualKeyword.groovy:63)
	at com.kms.katalon.core.keyword.builtin.VerifyEqualKeyword.execute(VerifyEqualKeyword.groovy:44)
	at com.kms.katalon.core.keyword.internal.KeywordExecutor.executeKeywordForPlatform(KeywordExecutor.groovy:74)
	at com.kms.katalon.core.keyword.BuiltinKeywords.verifyEqual(BuiltinKeywords.groovy:146)
	at jdk.internal.reflect.GeneratedMethodAccessor25.invoke(Unknown Source)
	at java.base/jdk.internal.reflect.DelegatingMethodAccessorImpl.invoke(DelegatingMethodAccessorImpl.java:43)
	at Выполнение бизнес-плана сверка дашбордов.CompareDZOData(Выполнение бизнес-плана сверка дашбордов:682)
	at Выполнение бизнес-плана сверка дашбордов.run(Выполнение бизнес-плана сверка дашбордов:658)
	at com.kms.katalon.core.main.ScriptEngine.run(ScriptEngine.java:194)
	at com.kms.katalon.core.main.ScriptEngine.runScriptAsRawText(ScriptEngine.java:119)
	at com.kms.katalon.core.main.TestCaseExecutor.runScript(TestCaseExecutor.java:448)
	at com.kms.katalon.core.main.TestCaseExecutor.doExecute(TestCaseExecutor.java:439)
	at com.kms.katalon.core.main.TestCaseExecutor.processExecutionPhase(TestCaseExecutor.java:418)
	at com.kms.katalon.core.main.TestCaseExecutor.accessMainPhase(TestCaseExecutor.java:410)
	at com.kms.katalon.core.main.TestCaseExecutor.execute(TestCaseExecutor.java:285)
	at com.kms.katalon.core.common.CommonExecutor.accessTestCaseMainPhase(CommonExecutor.java:65)
	at com.kms.katalon.core.main.TestSuiteExecutor.accessTestSuiteMainPhase(TestSuiteExecutor.java:150)
	at com.kms.katalon.core.main.TestSuiteExecutor.execute(TestSuiteExecutor.java:106)
	at com.kms.katalon.core.main.TestCaseMain.startTestSuite(TestCaseMain.java:180)
	at TempTestSuite1733095732962.run(TempTestSuite1733095732962.groovy:35)
	at java.base/jdk.internal.reflect.NativeMethodAccessorImpl.invoke0(Native Method)
	at java.base/jdk.internal.reflect.NativeMethodAccessorImpl.invoke(NativeMethodAccessorImpl.java:77)
	at java.base/jdk.internal.reflect.DelegatingMethodAccessorImpl.invoke(DelegatingMethodAccessorImpl.java:43)
)

02-12-2024T02:41:01 - [TEST_STEP][PASSED] - result = WriteToExcel(typeOfData, todaysDate, PercPlanR, PercPlanB, PercFactR, PercFactB, x, tabR, tabB, o1R, o1B, vidget): null

02-12-2024T02:41:01 - [TEST_STEP][PASSED] - iii = dZO.indexOf("/"): null

02-12-2024T02:41:01 - [TEST_STEP][PASSED] - println(iii): null

02-12-2024T02:41:01 - [TEST_STEP][PASSED] - dZO = dZO.substring(0, iii): null

02-12-2024T02:41:01 - [TEST_STEP][PASSED] - println(dZO): null

02-12-2024T02:41:01 - [TEST_STEP][PASSED] - println(PercPlanR): null

02-12-2024T02:41:01 - [TEST_STEP][PASSED] - println(PercPlanB): null

02-12-2024T02:41:01 - [TEST_STEP][PASSED] - println(PercFactR): null

02-12-2024T02:41:01 - [TEST_STEP][PASSED] - println(PercFactB): null

02-12-2024T02:41:01 - [TEST_STEP][PASSED] - println(tabR): null

02-12-2024T02:41:01 - [TEST_STEP][PASSED] - println(tabB): null

02-12-2024T02:41:01 - [TEST_STEP][PASSED] - println(o1R): null

02-12-2024T02:41:01 - [TEST_STEP][PASSED] - println(o1B): null

02-12-2024T02:41:01 - [TEST_STEP][PASSED] - PR = <not implemented yet for class: org.codehaus.groovy.ast.expr.EmptyExpression>: null

02-12-2024T02:41:01 - [TEST_STEP][PASSED] - FR = <not implemented yet for class: org.codehaus.groovy.ast.expr.EmptyExpression>: null

02-12-2024T02:41:01 - [TEST_STEP][PASSED] - PB = <not implemented yet for class: org.codehaus.groovy.ast.expr.EmptyExpression>: null

02-12-2024T02:41:01 - [TEST_STEP][PASSED] - FB = <not implemented yet for class: org.codehaus.groovy.ast.expr.EmptyExpression>: null

02-12-2024T02:41:01 - [TEST_STEP][PASSED] - TR = <not implemented yet for class: org.codehaus.groovy.ast.expr.EmptyExpression>: null

02-12-2024T02:41:01 - [TEST_STEP][PASSED] - TB = <not implemented yet for class: org.codehaus.groovy.ast.expr.EmptyExpression>: null

02-12-2024T02:41:01 - [TEST_STEP][PASSED] - sheetName = "Sheet1": null

02-12-2024T02:41:01 - [TEST_STEP][PASSED] - data = findTestData("PlanFact"): null

02-12-2024T02:41:01 - [TEST_STEP][PASSED] - n = data.getRowNumbers() + 1: null

02-12-2024T02:41:01 - [TEST_STEP][PASSED] - year = todaysDate.substring(todaysDate.length() - 4, todaysDate.length()): null

02-12-2024T02:41:01 - [TEST_STEP][PASSED] - y = year.toInteger(): null

02-12-2024T02:41:01 - [TEST_STEP][PASSED] - m = getText(findTestObject("Выполнение бизнес-плана/Выполнение бизнес-плана Балансы/Фильтр Дата")): Text of object 'Object Repository/Выполнение бизнес-плана/Выполнение бизнес-плана Балансы/Фильтр Дата' is: '1, 2, 3 кв., Октябрь 2024 года'

02-12-2024T02:41:01 - [MESSAGE][PASSED] - Text of object 'Object Repository/Выполнение бизнес-плана/Выполнение бизнес-плана Балансы/Фильтр Дата' is: '1, 2, 3 кв., Октябрь 2024 года'

02-12-2024T02:41:01 - [TEST_STEP][PASSED] - m = m.substring(0, m.indexOf("2024")): null

02-12-2024T02:41:01 - [TEST_STEP][PASSED] - m = m.trim(): null

02-12-2024T02:41:01 - [TEST_STEP][PASSED] - dashboardName = "Выполнение бизнес-плана": null

02-12-2024T02:41:01 - [TEST_STEP][PASSED] - workbook01 = getWorkbook(excelFilePath): null

02-12-2024T02:41:01 - [TEST_STEP][PASSED] - sheet01 = getExcelSheet(workbook01, sheetName): null

02-12-2024T02:41:01 - [TEST_STEP][PASSED] - setValueToCellByIndex(sheet01, n, 0, dashboardName): null

02-12-2024T02:41:01 - [TEST_STEP][PASSED] - setValueToCellByIndex(sheet01, n, 1, dZO): null

02-12-2024T02:41:01 - [TEST_STEP][PASSED] - setValueToCellByIndex(sheet01, n, 2, typeOfData): null

02-12-2024T02:41:01 - [TEST_STEP][PASSED] - setValueToCellByIndex(sheet01, n, 3, typeOfData): null

02-12-2024T02:41:01 - [TEST_STEP][PASSED] - if (typeOfData == "План"): null

02-12-2024T02:41:01 - [TEST_STEP][PASSED] - if (PercPlanR == null): null

02-12-2024T02:41:01 - [TEST_STEP][PASSED] - else: null

02-12-2024T02:41:01 - [TEST_STEP][PASSED] - if (PercPlanR == "нет данных"): null

02-12-2024T02:41:01 - [TEST_STEP][PASSED] - setValueToCellByIndex(sheet01, n, 4, "нет данных"): null

02-12-2024T02:41:01 - [TEST_STEP][PASSED] - if (PercPlanB == null): null

02-12-2024T02:41:01 - [TEST_STEP][PASSED] - else: null

02-12-2024T02:41:01 - [TEST_STEP][PASSED] - if (PercPlanB == "нет данных"): null

02-12-2024T02:41:01 - [TEST_STEP][PASSED] - else: null

02-12-2024T02:41:01 - [TEST_STEP][PASSED] - PB = PercPlanB.toDouble(): null

02-12-2024T02:41:01 - [TEST_STEP][PASSED] - setValueToCellByIndex(sheet01, n, 5, PB): null

02-12-2024T02:41:01 - [TEST_STEP][PASSED] - setValueToCellByIndex(sheet01, n, 6, m): null

02-12-2024T02:41:01 - [TEST_STEP][PASSED] - setValueToCellByIndex(sheet01, n, 7, y): null

02-12-2024T02:41:01 - [TEST_STEP][PASSED] - setValueToCellByIndex(sheet01, n, 8, todaysDate): null

02-12-2024T02:41:01 - [TEST_STEP][PASSED] - n = n + 1: null

02-12-2024T02:41:01 - [TEST_STEP][PASSED] - saveWorkbook(excelFilePath, workbook01): null

02-12-2024T02:41:01 - [TEST_STEP][PASSED] - typeOfData = "Факт": null

02-12-2024T02:41:01 - [TEST_STEP][PASSED] - PercFactR = GetPercFactR(x = a): null

02-12-2024T02:41:01 - [TEST_STEP][PASSED] - i1 = <not implemented yet for class: org.codehaus.groovy.ast.expr.EmptyExpression>: null

02-12-2024T02:41:01 - [TEST_STEP][PASSED] - ii = <not implemented yet for class: org.codehaus.groovy.ast.expr.EmptyExpression>: null

02-12-2024T02:41:01 - [TEST_STEP][PASSED] - for ([ii = 1, ii < 3, (ii++)]): null

02-12-2024T02:41:01 - [TEST_STEP][PASSED] - i1 = x.indexOf("/") + 1: null

02-12-2024T02:41:01 - [TEST_STEP][PASSED] - if (i1 > -1): null

02-12-2024T02:41:01 - [TEST_STEP][PASSED] - x = x.substring(i1, x.length()): null

02-12-2024T02:41:01 - [TEST_STEP][PASSED] - println(x): null

02-12-2024T02:41:01 - [TEST_STEP][PASSED] - i1 = x.indexOf("/") + 1: null

02-12-2024T02:41:01 - [TEST_STEP][PASSED] - if (i1 > -1): null

02-12-2024T02:41:01 - [TEST_STEP][PASSED] - x = x.substring(i1, x.length()): null

02-12-2024T02:41:01 - [TEST_STEP][PASSED] - println(x): null

02-12-2024T02:41:01 - [TEST_STEP][PASSED] - i1 = x.indexOf("/"): null

02-12-2024T02:41:01 - [TEST_STEP][PASSED] - if (i1 > -1): null

02-12-2024T02:41:01 - [TEST_STEP][PASSED] - x = x.substring(0, i1): null

02-12-2024T02:41:01 - [TEST_STEP][PASSED] - println(x): null

02-12-2024T02:41:01 - [TEST_STEP][PASSED] - return x: null

02-12-2024T02:41:01 - [TEST_STEP][PASSED] - PercFactB = GetPercFactB(x = b): null

02-12-2024T02:41:01 - [TEST_STEP][PASSED] - i1 = <not implemented yet for class: org.codehaus.groovy.ast.expr.EmptyExpression>: null

02-12-2024T02:41:01 - [TEST_STEP][PASSED] - ii = <not implemented yet for class: org.codehaus.groovy.ast.expr.EmptyExpression>: null

02-12-2024T02:41:01 - [TEST_STEP][PASSED] - for ([ii = 1, ii < 3, (ii++)]): null

02-12-2024T02:41:01 - [TEST_STEP][PASSED] - i1 = x.indexOf("/") + 1: null

02-12-2024T02:41:01 - [TEST_STEP][PASSED] - if (i1 > -1): null

02-12-2024T02:41:01 - [TEST_STEP][PASSED] - x = x.substring(i1, x.length()): null

02-12-2024T02:41:01 - [TEST_STEP][PASSED] - println(x): null

02-12-2024T02:41:01 - [TEST_STEP][PASSED] - i1 = x.indexOf("/") + 1: null

02-12-2024T02:41:01 - [TEST_STEP][PASSED] - if (i1 > -1): null

02-12-2024T02:41:01 - [TEST_STEP][PASSED] - x = x.substring(i1, x.length()): null

02-12-2024T02:41:01 - [TEST_STEP][PASSED] - println(x): null

02-12-2024T02:41:01 - [TEST_STEP][PASSED] - i1 = x.indexOf("/"): null

02-12-2024T02:41:01 - [TEST_STEP][PASSED] - if (i1 > -1): null

02-12-2024T02:41:01 - [TEST_STEP][PASSED] - x = x.substring(0, i1): null

02-12-2024T02:41:01 - [TEST_STEP][PASSED] - println(x): null

02-12-2024T02:41:01 - [TEST_STEP][FAILED] - return x: null

02-12-2024T02:41:01 - [TEST_STEP][FAILED] - if (verifyEqual(PercFactR, PercFactB) == false): null

02-12-2024T02:41:01 - [MESSAGE][FAILED] - Unable to verify equal between actual object 'нет данных' and expected object '8.58' (Root cause: com.kms.katalon.core.exception.StepFailedException: Actual object 'нет данных' and expected object '8.58' are not equal
	at com.kms.katalon.core.keyword.builtin.VerifyEqualKeyword$_verifyEqual_closure1.doCall(VerifyEqualKeyword.groovy:58)
	at com.kms.katalon.core.keyword.builtin.VerifyEqualKeyword$_verifyEqual_closure1.call(VerifyEqualKeyword.groovy)
	at com.kms.katalon.core.keyword.internal.KeywordMain.runKeyword(KeywordMain.groovy:75)
	at com.kms.katalon.core.keyword.builtin.VerifyEqualKeyword.verifyEqual(VerifyEqualKeyword.groovy:63)
	at com.kms.katalon.core.keyword.builtin.VerifyEqualKeyword.execute(VerifyEqualKeyword.groovy:44)
	at com.kms.katalon.core.keyword.internal.KeywordExecutor.executeKeywordForPlatform(KeywordExecutor.groovy:74)
	at com.kms.katalon.core.keyword.BuiltinKeywords.verifyEqual(BuiltinKeywords.groovy:146)
	at jdk.internal.reflect.GeneratedMethodAccessor25.invoke(Unknown Source)
	at java.base/jdk.internal.reflect.DelegatingMethodAccessorImpl.invoke(DelegatingMethodAccessorImpl.java:43)
	at Выполнение бизнес-плана сверка дашбордов.CompareDZOData(Выполнение бизнес-плана сверка дашбордов:693)
	at Выполнение бизнес-плана сверка дашбордов.run(Выполнение бизнес-плана сверка дашбордов:658)
	at com.kms.katalon.core.main.ScriptEngine.run(ScriptEngine.java:194)
	at com.kms.katalon.core.main.ScriptEngine.runScriptAsRawText(ScriptEngine.java:119)
	at com.kms.katalon.core.main.TestCaseExecutor.runScript(TestCaseExecutor.java:448)
	at com.kms.katalon.core.main.TestCaseExecutor.doExecute(TestCaseExecutor.java:439)
	at com.kms.katalon.core.main.TestCaseExecutor.processExecutionPhase(TestCaseExecutor.java:418)
	at com.kms.katalon.core.main.TestCaseExecutor.accessMainPhase(TestCaseExecutor.java:410)
	at com.kms.katalon.core.main.TestCaseExecutor.execute(TestCaseExecutor.java:285)
	at com.kms.katalon.core.common.CommonExecutor.accessTestCaseMainPhase(CommonExecutor.java:65)
	at com.kms.katalon.core.main.TestSuiteExecutor.accessTestSuiteMainPhase(TestSuiteExecutor.java:150)
	at com.kms.katalon.core.main.TestSuiteExecutor.execute(TestSuiteExecutor.java:106)
	at com.kms.katalon.core.main.TestCaseMain.startTestSuite(TestCaseMain.java:180)
	at TempTestSuite1733095732962.run(TempTestSuite1733095732962.groovy:35)
	at java.base/jdk.internal.reflect.NativeMethodAccessorImpl.invoke0(Native Method)
	at java.base/jdk.internal.reflect.NativeMethodAccessorImpl.invoke(NativeMethodAccessorImpl.java:77)
	at java.base/jdk.internal.reflect.DelegatingMethodAccessorImpl.invoke(DelegatingMethodAccessorImpl.java:43)
)

02-12-2024T02:41:01 - [TEST_STEP][PASSED] - result = WriteToExcel(typeOfData, todaysDate, PercPlanR, PercPlanB, PercFactR, PercFactB, x, tabR, tabB, o1R, o1B, vidget): null

02-12-2024T02:41:01 - [TEST_STEP][PASSED] - iii = dZO.indexOf("/"): null

02-12-2024T02:41:01 - [TEST_STEP][PASSED] - println(iii): null

02-12-2024T02:41:01 - [TEST_STEP][PASSED] - dZO = dZO.substring(0, iii): null

02-12-2024T02:41:01 - [TEST_STEP][PASSED] - println(dZO): null

02-12-2024T02:41:01 - [TEST_STEP][PASSED] - println(PercPlanR): null

02-12-2024T02:41:01 - [TEST_STEP][PASSED] - println(PercPlanB): null

02-12-2024T02:41:01 - [TEST_STEP][PASSED] - println(PercFactR): null

02-12-2024T02:41:01 - [TEST_STEP][PASSED] - println(PercFactB): null

02-12-2024T02:41:01 - [TEST_STEP][PASSED] - println(tabR): null

02-12-2024T02:41:01 - [TEST_STEP][PASSED] - println(tabB): null

02-12-2024T02:41:01 - [TEST_STEP][PASSED] - println(o1R): null

02-12-2024T02:41:01 - [TEST_STEP][PASSED] - println(o1B): null

02-12-2024T02:41:01 - [TEST_STEP][PASSED] - PR = <not implemented yet for class: org.codehaus.groovy.ast.expr.EmptyExpression>: null

02-12-2024T02:41:01 - [TEST_STEP][PASSED] - FR = <not implemented yet for class: org.codehaus.groovy.ast.expr.EmptyExpression>: null

02-12-2024T02:41:01 - [TEST_STEP][PASSED] - PB = <not implemented yet for class: org.codehaus.groovy.ast.expr.EmptyExpression>: null

02-12-2024T02:41:01 - [TEST_STEP][PASSED] - FB = <not implemented yet for class: org.codehaus.groovy.ast.expr.EmptyExpression>: null

02-12-2024T02:41:01 - [TEST_STEP][PASSED] - TR = <not implemented yet for class: org.codehaus.groovy.ast.expr.EmptyExpression>: null

02-12-2024T02:41:01 - [TEST_STEP][PASSED] - TB = <not implemented yet for class: org.codehaus.groovy.ast.expr.EmptyExpression>: null

02-12-2024T02:41:01 - [TEST_STEP][PASSED] - sheetName = "Sheet1": null

02-12-2024T02:41:01 - [TEST_STEP][PASSED] - data = findTestData("PlanFact"): null

02-12-2024T02:41:01 - [TEST_STEP][PASSED] - n = data.getRowNumbers() + 1: null

02-12-2024T02:41:01 - [TEST_STEP][PASSED] - year = todaysDate.substring(todaysDate.length() - 4, todaysDate.length()): null

02-12-2024T02:41:01 - [TEST_STEP][PASSED] - y = year.toInteger(): null

02-12-2024T02:41:01 - [TEST_STEP][PASSED] - m = getText(findTestObject("Выполнение бизнес-плана/Выполнение бизнес-плана Балансы/Фильтр Дата")): Text of object 'Object Repository/Выполнение бизнес-плана/Выполнение бизнес-плана Балансы/Фильтр Дата' is: '1, 2, 3 кв., Октябрь 2024 года'

02-12-2024T02:41:02 - [MESSAGE][PASSED] - Text of object 'Object Repository/Выполнение бизнес-плана/Выполнение бизнес-плана Балансы/Фильтр Дата' is: '1, 2, 3 кв., Октябрь 2024 года'

02-12-2024T02:41:02 - [TEST_STEP][PASSED] - m = m.substring(0, m.indexOf("2024")): null

02-12-2024T02:41:02 - [TEST_STEP][PASSED] - m = m.trim(): null

02-12-2024T02:41:02 - [TEST_STEP][PASSED] - dashboardName = "Выполнение бизнес-плана": null

02-12-2024T02:41:02 - [TEST_STEP][PASSED] - workbook01 = getWorkbook(excelFilePath): null

02-12-2024T02:41:02 - [TEST_STEP][PASSED] - sheet01 = getExcelSheet(workbook01, sheetName): null

02-12-2024T02:41:02 - [TEST_STEP][PASSED] - setValueToCellByIndex(sheet01, n, 0, dashboardName): null

02-12-2024T02:41:02 - [TEST_STEP][PASSED] - setValueToCellByIndex(sheet01, n, 1, dZO): null

02-12-2024T02:41:02 - [TEST_STEP][PASSED] - setValueToCellByIndex(sheet01, n, 2, typeOfData): null

02-12-2024T02:41:02 - [TEST_STEP][PASSED] - setValueToCellByIndex(sheet01, n, 3, typeOfData): null

02-12-2024T02:41:02 - [TEST_STEP][PASSED] - if (typeOfData == "План"): null

02-12-2024T02:41:02 - [TEST_STEP][PASSED] - else if (typeOfData == "Факт"): null

02-12-2024T02:41:02 - [TEST_STEP][PASSED] - if (PercFactR == null): null

02-12-2024T02:41:02 - [TEST_STEP][PASSED] - else: null

02-12-2024T02:41:02 - [TEST_STEP][PASSED] - if (PercFactR == "нет данных"): null

02-12-2024T02:41:02 - [TEST_STEP][PASSED] - setValueToCellByIndex(sheet01, n, 4, "нет данных"): null

02-12-2024T02:41:02 - [TEST_STEP][PASSED] - if (PercFactB == null): null

02-12-2024T02:41:02 - [TEST_STEP][PASSED] - else: null

02-12-2024T02:41:02 - [TEST_STEP][PASSED] - if (PercFactB == "нет данных"): null

02-12-2024T02:41:02 - [TEST_STEP][PASSED] - else: null

02-12-2024T02:41:02 - [TEST_STEP][PASSED] - FB = PercFactB.toDouble(): null

02-12-2024T02:41:02 - [TEST_STEP][PASSED] - setValueToCellByIndex(sheet01, n, 5, FB): null

02-12-2024T02:41:02 - [TEST_STEP][PASSED] - setValueToCellByIndex(sheet01, n, 6, m): null

02-12-2024T02:41:02 - [TEST_STEP][PASSED] - setValueToCellByIndex(sheet01, n, 7, y): null

02-12-2024T02:41:02 - [TEST_STEP][PASSED] - setValueToCellByIndex(sheet01, n, 8, todaysDate): null

02-12-2024T02:41:02 - [TEST_STEP][PASSED] - n = n + 1: null

02-12-2024T02:41:02 - [TEST_STEP][PASSED] - saveWorkbook(excelFilePath, workbook01): null

02-12-2024T02:41:02 - [TEST_STEP][PASSED] - vidget = "Показатели баланса электроэнергии по ДЗО – Факт": null

02-12-2024T02:41:02 - [TEST_STEP][PASSED] - typeOfData = "Факт Отпуск в сеть": null

02-12-2024T02:41:02 - [TEST_STEP][PASSED] - tabR = GetOvSFactR(x = a): null

02-12-2024T02:41:02 - [TEST_STEP][PASSED] - i1 = <not implemented yet for class: org.codehaus.groovy.ast.expr.EmptyExpression>: null

02-12-2024T02:41:02 - [TEST_STEP][PASSED] - ii = <not implemented yet for class: org.codehaus.groovy.ast.expr.EmptyExpression>: null

02-12-2024T02:41:02 - [TEST_STEP][PASSED] - for ([ii = 1, ii < 4, (ii++)]): null

02-12-2024T02:41:02 - [TEST_STEP][PASSED] - i1 = x.indexOf("/") + 1: null

02-12-2024T02:41:02 - [TEST_STEP][PASSED] - if (i1 > -1): null

02-12-2024T02:41:02 - [TEST_STEP][PASSED] - x = x.substring(i1, x.length()): null

02-12-2024T02:41:02 - [TEST_STEP][PASSED] - println(x): null

02-12-2024T02:41:02 - [TEST_STEP][PASSED] - i1 = x.indexOf("/") + 1: null

02-12-2024T02:41:02 - [TEST_STEP][PASSED] - if (i1 > -1): null

02-12-2024T02:41:02 - [TEST_STEP][PASSED] - x = x.substring(i1, x.length()): null

02-12-2024T02:41:02 - [TEST_STEP][PASSED] - println(x): null

02-12-2024T02:41:02 - [TEST_STEP][PASSED] - i1 = x.indexOf("/") + 1: null

02-12-2024T02:41:02 - [TEST_STEP][PASSED] - if (i1 > -1): null

02-12-2024T02:41:02 - [TEST_STEP][PASSED] - x = x.substring(i1, x.length()): null

02-12-2024T02:41:02 - [TEST_STEP][PASSED] - println(x): null

02-12-2024T02:41:02 - [TEST_STEP][PASSED] - i1 = x.indexOf("/"): null

02-12-2024T02:41:02 - [TEST_STEP][PASSED] - if (i1 > -1): null

02-12-2024T02:41:02 - [TEST_STEP][PASSED] - x = x.substring(0, i1): null

02-12-2024T02:41:02 - [TEST_STEP][PASSED] - println(x): null

02-12-2024T02:41:02 - [TEST_STEP][PASSED] - return x: null

02-12-2024T02:41:02 - [TEST_STEP][PASSED] - tabB = GetOvSFactB(x = b): null

02-12-2024T02:41:02 - [TEST_STEP][PASSED] - i1 = <not implemented yet for class: org.codehaus.groovy.ast.expr.EmptyExpression>: null

02-12-2024T02:41:02 - [TEST_STEP][PASSED] - ii = <not implemented yet for class: org.codehaus.groovy.ast.expr.EmptyExpression>: null

02-12-2024T02:41:02 - [TEST_STEP][PASSED] - for ([ii = 1, ii < 4, (ii++)]): null

02-12-2024T02:41:02 - [TEST_STEP][PASSED] - i1 = x.indexOf("/") + 1: null

02-12-2024T02:41:02 - [TEST_STEP][PASSED] - if (i1 > -1): null

02-12-2024T02:41:02 - [TEST_STEP][PASSED] - x = x.substring(i1, x.length()): null

02-12-2024T02:41:02 - [TEST_STEP][PASSED] - println(x): null

02-12-2024T02:41:02 - [TEST_STEP][PASSED] - i1 = x.indexOf("/") + 1: null

02-12-2024T02:41:02 - [TEST_STEP][PASSED] - if (i1 > -1): null

02-12-2024T02:41:02 - [TEST_STEP][PASSED] - x = x.substring(i1, x.length()): null

02-12-2024T02:41:02 - [TEST_STEP][PASSED] - println(x): null

02-12-2024T02:41:02 - [TEST_STEP][PASSED] - i1 = x.indexOf("/") + 1: null

02-12-2024T02:41:02 - [TEST_STEP][PASSED] - if (i1 > -1): null

02-12-2024T02:41:02 - [TEST_STEP][PASSED] - x = x.substring(i1, x.length()): null

02-12-2024T02:41:02 - [TEST_STEP][PASSED] - println(x): null

02-12-2024T02:41:02 - [TEST_STEP][PASSED] - i1 = x.indexOf("/"): null

02-12-2024T02:41:02 - [TEST_STEP][PASSED] - if (i1 > -1): null

02-12-2024T02:41:02 - [TEST_STEP][PASSED] - x = x.substring(0, i1): null

02-12-2024T02:41:02 - [TEST_STEP][PASSED] - println(x): null

02-12-2024T02:41:02 - [TEST_STEP][FAILED] - return x: null

02-12-2024T02:41:02 - [TEST_STEP][FAILED] - if (verifyEqual(tabR, tabB) == false): null

02-12-2024T02:41:02 - [MESSAGE][FAILED] - Unable to verify equal between actual object 'нет данных' and expected object '24803317' (Root cause: com.kms.katalon.core.exception.StepFailedException: Actual object 'нет данных' and expected object '24803317' are not equal
	at com.kms.katalon.core.keyword.builtin.VerifyEqualKeyword$_verifyEqual_closure1.doCall(VerifyEqualKeyword.groovy:58)
	at com.kms.katalon.core.keyword.builtin.VerifyEqualKeyword$_verifyEqual_closure1.call(VerifyEqualKeyword.groovy)
	at com.kms.katalon.core.keyword.internal.KeywordMain.runKeyword(KeywordMain.groovy:75)
	at com.kms.katalon.core.keyword.builtin.VerifyEqualKeyword.verifyEqual(VerifyEqualKeyword.groovy:63)
	at com.kms.katalon.core.keyword.builtin.VerifyEqualKeyword.execute(VerifyEqualKeyword.groovy:44)
	at com.kms.katalon.core.keyword.internal.KeywordExecutor.executeKeywordForPlatform(KeywordExecutor.groovy:74)
	at com.kms.katalon.core.keyword.BuiltinKeywords.verifyEqual(BuiltinKeywords.groovy:146)
	at jdk.internal.reflect.GeneratedMethodAccessor25.invoke(Unknown Source)
	at java.base/jdk.internal.reflect.DelegatingMethodAccessorImpl.invoke(DelegatingMethodAccessorImpl.java:43)
	at Выполнение бизнес-плана сверка дашбордов.CompareDZOData(Выполнение бизнес-плана сверка дашбордов:706)
	at Выполнение бизнес-плана сверка дашбордов.run(Выполнение бизнес-плана сверка дашбордов:658)
	at com.kms.katalon.core.main.ScriptEngine.run(ScriptEngine.java:194)
	at com.kms.katalon.core.main.ScriptEngine.runScriptAsRawText(ScriptEngine.java:119)
	at com.kms.katalon.core.main.TestCaseExecutor.runScript(TestCaseExecutor.java:448)
	at com.kms.katalon.core.main.TestCaseExecutor.doExecute(TestCaseExecutor.java:439)
	at com.kms.katalon.core.main.TestCaseExecutor.processExecutionPhase(TestCaseExecutor.java:418)
	at com.kms.katalon.core.main.TestCaseExecutor.accessMainPhase(TestCaseExecutor.java:410)
	at com.kms.katalon.core.main.TestCaseExecutor.execute(TestCaseExecutor.java:285)
	at com.kms.katalon.core.common.CommonExecutor.accessTestCaseMainPhase(CommonExecutor.java:65)
	at com.kms.katalon.core.main.TestSuiteExecutor.accessTestSuiteMainPhase(TestSuiteExecutor.java:150)
	at com.kms.katalon.core.main.TestSuiteExecutor.execute(TestSuiteExecutor.java:106)
	at com.kms.katalon.core.main.TestCaseMain.startTestSuite(TestCaseMain.java:180)
	at TempTestSuite1733095732962.run(TempTestSuite1733095732962.groovy:35)
	at java.base/jdk.internal.reflect.NativeMethodAccessorImpl.invoke0(Native Method)
	at java.base/jdk.internal.reflect.NativeMethodAccessorImpl.invoke(NativeMethodAccessorImpl.java:77)
	at java.base/jdk.internal.reflect.DelegatingMethodAccessorImpl.invoke(DelegatingMethodAccessorImpl.java:43)
)

02-12-2024T02:41:02 - [TEST_STEP][PASSED] - result = WriteToExcel(typeOfData, todaysDate, PercPlanR, PercPlanB, PercFactR, PercFactB, x, tabR, tabB, o1R, o1B, vidget): null

02-12-2024T02:41:02 - [TEST_STEP][PASSED] - iii = dZO.indexOf("/"): null

02-12-2024T02:41:02 - [TEST_STEP][PASSED] - println(iii): null

02-12-2024T02:41:02 - [TEST_STEP][PASSED] - dZO = dZO.substring(0, iii): null

02-12-2024T02:41:02 - [TEST_STEP][PASSED] - println(dZO): null

02-12-2024T02:41:02 - [TEST_STEP][PASSED] - println(PercPlanR): null

02-12-2024T02:41:02 - [TEST_STEP][PASSED] - println(PercPlanB): null

02-12-2024T02:41:02 - [TEST_STEP][PASSED] - println(PercFactR): null

02-12-2024T02:41:02 - [TEST_STEP][PASSED] - println(PercFactB): null

02-12-2024T02:41:02 - [TEST_STEP][PASSED] - println(tabR): null

02-12-2024T02:41:02 - [TEST_STEP][PASSED] - println(tabB): null

02-12-2024T02:41:02 - [TEST_STEP][PASSED] - println(o1R): null

02-12-2024T02:41:02 - [TEST_STEP][PASSED] - println(o1B): null

02-12-2024T02:41:02 - [TEST_STEP][PASSED] - PR = <not implemented yet for class: org.codehaus.groovy.ast.expr.EmptyExpression>: null

02-12-2024T02:41:02 - [TEST_STEP][PASSED] - FR = <not implemented yet for class: org.codehaus.groovy.ast.expr.EmptyExpression>: null

02-12-2024T02:41:02 - [TEST_STEP][PASSED] - PB = <not implemented yet for class: org.codehaus.groovy.ast.expr.EmptyExpression>: null

02-12-2024T02:41:02 - [TEST_STEP][PASSED] - FB = <not implemented yet for class: org.codehaus.groovy.ast.expr.EmptyExpression>: null

02-12-2024T02:41:02 - [TEST_STEP][PASSED] - TR = <not implemented yet for class: org.codehaus.groovy.ast.expr.EmptyExpression>: null

02-12-2024T02:41:02 - [TEST_STEP][PASSED] - TB = <not implemented yet for class: org.codehaus.groovy.ast.expr.EmptyExpression>: null

02-12-2024T02:41:02 - [TEST_STEP][PASSED] - sheetName = "Sheet1": null

02-12-2024T02:41:02 - [TEST_STEP][PASSED] - data = findTestData("PlanFact"): null

02-12-2024T02:41:02 - [TEST_STEP][PASSED] - n = data.getRowNumbers() + 1: null

02-12-2024T02:41:02 - [TEST_STEP][PASSED] - year = todaysDate.substring(todaysDate.length() - 4, todaysDate.length()): null

02-12-2024T02:41:02 - [TEST_STEP][PASSED] - y = year.toInteger(): null

02-12-2024T02:41:02 - [TEST_STEP][PASSED] - m = getText(findTestObject("Выполнение бизнес-плана/Выполнение бизнес-плана Балансы/Фильтр Дата")): Text of object 'Object Repository/Выполнение бизнес-плана/Выполнение бизнес-плана Балансы/Фильтр Дата' is: '1, 2, 3 кв., Октябрь 2024 года'

02-12-2024T02:41:02 - [MESSAGE][PASSED] - Text of object 'Object Repository/Выполнение бизнес-плана/Выполнение бизнес-плана Балансы/Фильтр Дата' is: '1, 2, 3 кв., Октябрь 2024 года'

02-12-2024T02:41:02 - [TEST_STEP][PASSED] - m = m.substring(0, m.indexOf("2024")): null

02-12-2024T02:41:02 - [TEST_STEP][PASSED] - m = m.trim(): null

02-12-2024T02:41:02 - [TEST_STEP][PASSED] - dashboardName = "Выполнение бизнес-плана": null

02-12-2024T02:41:02 - [TEST_STEP][PASSED] - workbook01 = getWorkbook(excelFilePath): null

02-12-2024T02:41:02 - [TEST_STEP][PASSED] - sheet01 = getExcelSheet(workbook01, sheetName): null

02-12-2024T02:41:02 - [TEST_STEP][PASSED] - setValueToCellByIndex(sheet01, n, 0, dashboardName): null

02-12-2024T02:41:02 - [TEST_STEP][PASSED] - setValueToCellByIndex(sheet01, n, 1, dZO): null

02-12-2024T02:41:02 - [TEST_STEP][PASSED] - setValueToCellByIndex(sheet01, n, 2, typeOfData): null

02-12-2024T02:41:02 - [TEST_STEP][PASSED] - setValueToCellByIndex(sheet01, n, 3, typeOfData): null

02-12-2024T02:41:02 - [TEST_STEP][PASSED] - if (typeOfData == "План"): null

02-12-2024T02:41:02 - [TEST_STEP][PASSED] - else if (typeOfData == "Факт"): null

02-12-2024T02:41:02 - [TEST_STEP][PASSED] - else if (vidget.contains("электроэнергии") == true): null

02-12-2024T02:41:02 - [TEST_STEP][PASSED] - if (tabR == null): null

02-12-2024T02:41:02 - [TEST_STEP][PASSED] - else: null

02-12-2024T02:41:02 - [TEST_STEP][PASSED] - if (tabR == "нет данных"): null

02-12-2024T02:41:02 - [TEST_STEP][PASSED] - setValueToCellByIndex(sheet01, n, 4, "нет данных"): null

02-12-2024T02:41:02 - [TEST_STEP][PASSED] - if (tabB == null): null

02-12-2024T02:41:02 - [TEST_STEP][PASSED] - else: null

02-12-2024T02:41:02 - [TEST_STEP][PASSED] - if (tabB == "нет данных"): null

02-12-2024T02:41:02 - [TEST_STEP][PASSED] - else: null

02-12-2024T02:41:02 - [TEST_STEP][PASSED] - TB = tabB.toInteger(): null

02-12-2024T02:41:02 - [TEST_STEP][PASSED] - setValueToCellByIndex(sheet01, n, 5, TB): null

02-12-2024T02:41:02 - [TEST_STEP][PASSED] - setValueToCellByIndex(sheet01, n, 6, m): null

02-12-2024T02:41:02 - [TEST_STEP][PASSED] - setValueToCellByIndex(sheet01, n, 7, y): null

02-12-2024T02:41:02 - [TEST_STEP][PASSED] - setValueToCellByIndex(sheet01, n, 8, todaysDate): null

02-12-2024T02:41:02 - [TEST_STEP][PASSED] - n = n + 1: null

02-12-2024T02:41:02 - [TEST_STEP][PASSED] - saveWorkbook(excelFilePath, workbook01): null

02-12-2024T02:41:03 - [TEST_STEP][PASSED] - typeOfData = "Факт Отпуск из сети": null

02-12-2024T02:41:03 - [TEST_STEP][PASSED] - tabR = GetOiSFactR(x = a): null

02-12-2024T02:41:03 - [TEST_STEP][PASSED] - i1 = <not implemented yet for class: org.codehaus.groovy.ast.expr.EmptyExpression>: null

02-12-2024T02:41:03 - [TEST_STEP][PASSED] - ii = <not implemented yet for class: org.codehaus.groovy.ast.expr.EmptyExpression>: null

02-12-2024T02:41:03 - [TEST_STEP][PASSED] - for ([ii = 1, ii < 5, (ii++)]): null

02-12-2024T02:41:03 - [TEST_STEP][PASSED] - i1 = x.indexOf("/") + 1: null

02-12-2024T02:41:03 - [TEST_STEP][PASSED] - if (i1 > -1): null

02-12-2024T02:41:03 - [TEST_STEP][PASSED] - x = x.substring(i1, x.length()): null

02-12-2024T02:41:03 - [TEST_STEP][PASSED] - println(x): null

02-12-2024T02:41:03 - [TEST_STEP][PASSED] - i1 = x.indexOf("/") + 1: null

02-12-2024T02:41:03 - [TEST_STEP][PASSED] - if (i1 > -1): null

02-12-2024T02:41:03 - [TEST_STEP][PASSED] - x = x.substring(i1, x.length()): null

02-12-2024T02:41:03 - [TEST_STEP][PASSED] - println(x): null

02-12-2024T02:41:03 - [TEST_STEP][PASSED] - i1 = x.indexOf("/") + 1: null

02-12-2024T02:41:03 - [TEST_STEP][PASSED] - if (i1 > -1): null

02-12-2024T02:41:03 - [TEST_STEP][PASSED] - x = x.substring(i1, x.length()): null

02-12-2024T02:41:03 - [TEST_STEP][PASSED] - println(x): null

02-12-2024T02:41:03 - [TEST_STEP][PASSED] - i1 = x.indexOf("/") + 1: null

02-12-2024T02:41:03 - [TEST_STEP][PASSED] - if (i1 > -1): null

02-12-2024T02:41:03 - [TEST_STEP][PASSED] - x = x.substring(i1, x.length()): null

02-12-2024T02:41:03 - [TEST_STEP][PASSED] - println(x): null

02-12-2024T02:41:03 - [TEST_STEP][PASSED] - i1 = x.indexOf("/"): null

02-12-2024T02:41:03 - [TEST_STEP][PASSED] - if (i1 > -1): null

02-12-2024T02:41:03 - [TEST_STEP][PASSED] - x = x.substring(0, i1): null

02-12-2024T02:41:03 - [TEST_STEP][PASSED] - println(x): null

02-12-2024T02:41:03 - [TEST_STEP][PASSED] - return x: null

02-12-2024T02:41:03 - [TEST_STEP][PASSED] - tabB = GetOiSFactB(x = b): null

02-12-2024T02:41:03 - [TEST_STEP][PASSED] - i1 = <not implemented yet for class: org.codehaus.groovy.ast.expr.EmptyExpression>: null

02-12-2024T02:41:03 - [TEST_STEP][PASSED] - ii = <not implemented yet for class: org.codehaus.groovy.ast.expr.EmptyExpression>: null

02-12-2024T02:41:03 - [TEST_STEP][PASSED] - for ([ii = 1, ii < 5, (ii++)]): null

02-12-2024T02:41:03 - [TEST_STEP][PASSED] - i1 = x.indexOf("/") + 1: null

02-12-2024T02:41:03 - [TEST_STEP][PASSED] - if (i1 > -1): null

02-12-2024T02:41:03 - [TEST_STEP][PASSED] - x = x.substring(i1, x.length()): null

02-12-2024T02:41:03 - [TEST_STEP][PASSED] - println(x): null

02-12-2024T02:41:03 - [TEST_STEP][PASSED] - i1 = x.indexOf("/") + 1: null

02-12-2024T02:41:03 - [TEST_STEP][PASSED] - if (i1 > -1): null

02-12-2024T02:41:03 - [TEST_STEP][PASSED] - x = x.substring(i1, x.length()): null

02-12-2024T02:41:03 - [TEST_STEP][PASSED] - println(x): null

02-12-2024T02:41:03 - [TEST_STEP][PASSED] - i1 = x.indexOf("/") + 1: null

02-12-2024T02:41:03 - [TEST_STEP][PASSED] - if (i1 > -1): null

02-12-2024T02:41:03 - [TEST_STEP][PASSED] - x = x.substring(i1, x.length()): null

02-12-2024T02:41:03 - [TEST_STEP][PASSED] - println(x): null

02-12-2024T02:41:03 - [TEST_STEP][PASSED] - i1 = x.indexOf("/") + 1: null

02-12-2024T02:41:03 - [TEST_STEP][PASSED] - if (i1 > -1): null

02-12-2024T02:41:03 - [TEST_STEP][PASSED] - x = x.substring(i1, x.length()): null

02-12-2024T02:41:03 - [TEST_STEP][PASSED] - println(x): null

02-12-2024T02:41:03 - [TEST_STEP][PASSED] - i1 = x.indexOf("/"): null

02-12-2024T02:41:03 - [TEST_STEP][PASSED] - if (i1 > -1): null

02-12-2024T02:41:03 - [TEST_STEP][PASSED] - x = x.substring(0, i1): null

02-12-2024T02:41:03 - [TEST_STEP][PASSED] - println(x): null

02-12-2024T02:41:03 - [TEST_STEP][FAILED] - return x: null

02-12-2024T02:41:03 - [TEST_STEP][FAILED] - if (verifyEqual(tabR, tabB) == false): null

02-12-2024T02:41:03 - [MESSAGE][FAILED] - Unable to verify equal between actual object 'нет данных' and expected object '22675442' (Root cause: com.kms.katalon.core.exception.StepFailedException: Actual object 'нет данных' and expected object '22675442' are not equal
	at com.kms.katalon.core.keyword.builtin.VerifyEqualKeyword$_verifyEqual_closure1.doCall(VerifyEqualKeyword.groovy:58)
	at com.kms.katalon.core.keyword.builtin.VerifyEqualKeyword$_verifyEqual_closure1.call(VerifyEqualKeyword.groovy)
	at com.kms.katalon.core.keyword.internal.KeywordMain.runKeyword(KeywordMain.groovy:75)
	at com.kms.katalon.core.keyword.builtin.VerifyEqualKeyword.verifyEqual(VerifyEqualKeyword.groovy:63)
	at com.kms.katalon.core.keyword.builtin.VerifyEqualKeyword.execute(VerifyEqualKeyword.groovy:44)
	at com.kms.katalon.core.keyword.internal.KeywordExecutor.executeKeywordForPlatform(KeywordExecutor.groovy:74)
	at com.kms.katalon.core.keyword.BuiltinKeywords.verifyEqual(BuiltinKeywords.groovy:146)
	at jdk.internal.reflect.GeneratedMethodAccessor25.invoke(Unknown Source)
	at java.base/jdk.internal.reflect.DelegatingMethodAccessorImpl.invoke(DelegatingMethodAccessorImpl.java:43)
	at Выполнение бизнес-плана сверка дашбордов.CompareDZOData(Выполнение бизнес-плана сверка дашбордов:717)
	at Выполнение бизнес-плана сверка дашбордов.run(Выполнение бизнес-плана сверка дашбордов:658)
	at com.kms.katalon.core.main.ScriptEngine.run(ScriptEngine.java:194)
	at com.kms.katalon.core.main.ScriptEngine.runScriptAsRawText(ScriptEngine.java:119)
	at com.kms.katalon.core.main.TestCaseExecutor.runScript(TestCaseExecutor.java:448)
	at com.kms.katalon.core.main.TestCaseExecutor.doExecute(TestCaseExecutor.java:439)
	at com.kms.katalon.core.main.TestCaseExecutor.processExecutionPhase(TestCaseExecutor.java:418)
	at com.kms.katalon.core.main.TestCaseExecutor.accessMainPhase(TestCaseExecutor.java:410)
	at com.kms.katalon.core.main.TestCaseExecutor.execute(TestCaseExecutor.java:285)
	at com.kms.katalon.core.common.CommonExecutor.accessTestCaseMainPhase(CommonExecutor.java:65)
	at com.kms.katalon.core.main.TestSuiteExecutor.accessTestSuiteMainPhase(TestSuiteExecutor.java:150)
	at com.kms.katalon.core.main.TestSuiteExecutor.execute(TestSuiteExecutor.java:106)
	at com.kms.katalon.core.main.TestCaseMain.startTestSuite(TestCaseMain.java:180)
	at TempTestSuite1733095732962.run(TempTestSuite1733095732962.groovy:35)
	at java.base/jdk.internal.reflect.NativeMethodAccessorImpl.invoke0(Native Method)
	at java.base/jdk.internal.reflect.NativeMethodAccessorImpl.invoke(NativeMethodAccessorImpl.java:77)
	at java.base/jdk.internal.reflect.DelegatingMethodAccessorImpl.invoke(DelegatingMethodAccessorImpl.java:43)
)

02-12-2024T02:41:03 - [TEST_STEP][PASSED] - result = WriteToExcel(typeOfData, todaysDate, PercPlanR, PercPlanB, PercFactR, PercFactB, x, tabR, tabB, o1R, o1B, vidget): null

02-12-2024T02:41:03 - [TEST_STEP][PASSED] - iii = dZO.indexOf("/"): null

02-12-2024T02:41:03 - [TEST_STEP][PASSED] - println(iii): null

02-12-2024T02:41:03 - [TEST_STEP][PASSED] - dZO = dZO.substring(0, iii): null

02-12-2024T02:41:03 - [TEST_STEP][PASSED] - println(dZO): null

02-12-2024T02:41:03 - [TEST_STEP][PASSED] - println(PercPlanR): null

02-12-2024T02:41:03 - [TEST_STEP][PASSED] - println(PercPlanB): null

02-12-2024T02:41:03 - [TEST_STEP][PASSED] - println(PercFactR): null

02-12-2024T02:41:03 - [TEST_STEP][PASSED] - println(PercFactB): null

02-12-2024T02:41:03 - [TEST_STEP][PASSED] - println(tabR): null

02-12-2024T02:41:03 - [TEST_STEP][PASSED] - println(tabB): null

02-12-2024T02:41:03 - [TEST_STEP][PASSED] - println(o1R): null

02-12-2024T02:41:03 - [TEST_STEP][PASSED] - println(o1B): null

02-12-2024T02:41:03 - [TEST_STEP][PASSED] - PR = <not implemented yet for class: org.codehaus.groovy.ast.expr.EmptyExpression>: null

02-12-2024T02:41:03 - [TEST_STEP][PASSED] - FR = <not implemented yet for class: org.codehaus.groovy.ast.expr.EmptyExpression>: null

02-12-2024T02:41:03 - [TEST_STEP][PASSED] - PB = <not implemented yet for class: org.codehaus.groovy.ast.expr.EmptyExpression>: null

02-12-2024T02:41:03 - [TEST_STEP][PASSED] - FB = <not implemented yet for class: org.codehaus.groovy.ast.expr.EmptyExpression>: null

02-12-2024T02:41:03 - [TEST_STEP][PASSED] - TR = <not implemented yet for class: org.codehaus.groovy.ast.expr.EmptyExpression>: null

02-12-2024T02:41:03 - [TEST_STEP][PASSED] - TB = <not implemented yet for class: org.codehaus.groovy.ast.expr.EmptyExpression>: null

02-12-2024T02:41:03 - [TEST_STEP][PASSED] - sheetName = "Sheet1": null

02-12-2024T02:41:03 - [TEST_STEP][PASSED] - data = findTestData("PlanFact"): null

02-12-2024T02:41:03 - [TEST_STEP][PASSED] - n = data.getRowNumbers() + 1: null

02-12-2024T02:41:03 - [TEST_STEP][PASSED] - year = todaysDate.substring(todaysDate.length() - 4, todaysDate.length()): null

02-12-2024T02:41:03 - [TEST_STEP][PASSED] - y = year.toInteger(): null

02-12-2024T02:41:03 - [TEST_STEP][PASSED] - m = getText(findTestObject("Выполнение бизнес-плана/Выполнение бизнес-плана Балансы/Фильтр Дата")): Text of object 'Object Repository/Выполнение бизнес-плана/Выполнение бизнес-плана Балансы/Фильтр Дата' is: '1, 2, 3 кв., Октябрь 2024 года'

02-12-2024T02:41:03 - [MESSAGE][PASSED] - Text of object 'Object Repository/Выполнение бизнес-плана/Выполнение бизнес-плана Балансы/Фильтр Дата' is: '1, 2, 3 кв., Октябрь 2024 года'

02-12-2024T02:41:03 - [TEST_STEP][PASSED] - m = m.substring(0, m.indexOf("2024")): null

02-12-2024T02:41:03 - [TEST_STEP][PASSED] - m = m.trim(): null

02-12-2024T02:41:03 - [TEST_STEP][PASSED] - dashboardName = "Выполнение бизнес-плана": null

02-12-2024T02:41:03 - [TEST_STEP][PASSED] - workbook01 = getWorkbook(excelFilePath): null

02-12-2024T02:41:03 - [TEST_STEP][PASSED] - sheet01 = getExcelSheet(workbook01, sheetName): null

02-12-2024T02:41:03 - [TEST_STEP][PASSED] - setValueToCellByIndex(sheet01, n, 0, dashboardName): null

02-12-2024T02:41:03 - [TEST_STEP][PASSED] - setValueToCellByIndex(sheet01, n, 1, dZO): null

02-12-2024T02:41:03 - [TEST_STEP][PASSED] - setValueToCellByIndex(sheet01, n, 2, typeOfData): null

02-12-2024T02:41:03 - [TEST_STEP][PASSED] - setValueToCellByIndex(sheet01, n, 3, typeOfData): null

02-12-2024T02:41:03 - [TEST_STEP][PASSED] - if (typeOfData == "План"): null

02-12-2024T02:41:03 - [TEST_STEP][PASSED] - else if (typeOfData == "Факт"): null

02-12-2024T02:41:03 - [TEST_STEP][PASSED] - else if (vidget.contains("электроэнергии") == true): null

02-12-2024T02:41:03 - [TEST_STEP][PASSED] - if (tabR == null): null

02-12-2024T02:41:03 - [TEST_STEP][PASSED] - else: null

02-12-2024T02:41:03 - [TEST_STEP][PASSED] - if (tabR == "нет данных"): null

02-12-2024T02:41:03 - [TEST_STEP][PASSED] - setValueToCellByIndex(sheet01, n, 4, "нет данных"): null

02-12-2024T02:41:03 - [TEST_STEP][PASSED] - if (tabB == null): null

02-12-2024T02:41:03 - [TEST_STEP][PASSED] - else: null

02-12-2024T02:41:03 - [TEST_STEP][PASSED] - if (tabB == "нет данных"): null

02-12-2024T02:41:03 - [TEST_STEP][PASSED] - else: null

02-12-2024T02:41:03 - [TEST_STEP][PASSED] - TB = tabB.toInteger(): null

02-12-2024T02:41:03 - [TEST_STEP][PASSED] - setValueToCellByIndex(sheet01, n, 5, TB): null

02-12-2024T02:41:03 - [TEST_STEP][PASSED] - setValueToCellByIndex(sheet01, n, 6, m): null

02-12-2024T02:41:03 - [TEST_STEP][PASSED] - setValueToCellByIndex(sheet01, n, 7, y): null

02-12-2024T02:41:03 - [TEST_STEP][PASSED] - setValueToCellByIndex(sheet01, n, 8, todaysDate): null

02-12-2024T02:41:03 - [TEST_STEP][PASSED] - n = n + 1: null

02-12-2024T02:41:03 - [TEST_STEP][PASSED] - saveWorkbook(excelFilePath, workbook01): null

02-12-2024T02:41:03 - [TEST_STEP][PASSED] - typeOfData = "Факт Потери": null

02-12-2024T02:41:03 - [TEST_STEP][PASSED] - tabR = GetPFactR(x = a): null

02-12-2024T02:41:03 - [TEST_STEP][PASSED] - i1 = <not implemented yet for class: org.codehaus.groovy.ast.expr.EmptyExpression>: null

02-12-2024T02:41:03 - [TEST_STEP][PASSED] - ii = <not implemented yet for class: org.codehaus.groovy.ast.expr.EmptyExpression>: null

02-12-2024T02:41:03 - [TEST_STEP][PASSED] - for ([ii = 1, ii < 6, (ii++)]): null

02-12-2024T02:41:03 - [TEST_STEP][PASSED] - i1 = x.indexOf("/") + 1: null

02-12-2024T02:41:03 - [TEST_STEP][PASSED] - if (i1 > -1): null

02-12-2024T02:41:03 - [TEST_STEP][PASSED] - x = x.substring(i1, x.length()): null

02-12-2024T02:41:03 - [TEST_STEP][PASSED] - println(x): null

02-12-2024T02:41:03 - [TEST_STEP][PASSED] - i1 = x.indexOf("/") + 1: null

02-12-2024T02:41:03 - [TEST_STEP][PASSED] - if (i1 > -1): null

02-12-2024T02:41:03 - [TEST_STEP][PASSED] - x = x.substring(i1, x.length()): null

02-12-2024T02:41:03 - [TEST_STEP][PASSED] - println(x): null

02-12-2024T02:41:03 - [TEST_STEP][PASSED] - i1 = x.indexOf("/") + 1: null

02-12-2024T02:41:03 - [TEST_STEP][PASSED] - if (i1 > -1): null

02-12-2024T02:41:03 - [TEST_STEP][PASSED] - x = x.substring(i1, x.length()): null

02-12-2024T02:41:03 - [TEST_STEP][PASSED] - println(x): null

02-12-2024T02:41:03 - [TEST_STEP][PASSED] - i1 = x.indexOf("/") + 1: null

02-12-2024T02:41:03 - [TEST_STEP][PASSED] - if (i1 > -1): null

02-12-2024T02:41:03 - [TEST_STEP][PASSED] - x = x.substring(i1, x.length()): null

02-12-2024T02:41:03 - [TEST_STEP][PASSED] - println(x): null

02-12-2024T02:41:03 - [TEST_STEP][PASSED] - i1 = x.indexOf("/") + 1: null

02-12-2024T02:41:03 - [TEST_STEP][PASSED] - if (i1 > -1): null

02-12-2024T02:41:03 - [TEST_STEP][PASSED] - x = x.substring(i1, x.length()): null

02-12-2024T02:41:03 - [TEST_STEP][PASSED] - println(x): null

02-12-2024T02:41:03 - [TEST_STEP][PASSED] - i1 = x.indexOf("/"): null

02-12-2024T02:41:03 - [TEST_STEP][PASSED] - if (i1 > -1): null

02-12-2024T02:41:03 - [TEST_STEP][PASSED] - x = x.substring(0, i1): null

02-12-2024T02:41:03 - [TEST_STEP][PASSED] - println(x): null

02-12-2024T02:41:03 - [TEST_STEP][PASSED] - return x: null

02-12-2024T02:41:03 - [TEST_STEP][PASSED] - tabB = GetPFactB(x = b): null

02-12-2024T02:41:03 - [TEST_STEP][PASSED] - i1 = <not implemented yet for class: org.codehaus.groovy.ast.expr.EmptyExpression>: null

02-12-2024T02:41:03 - [TEST_STEP][PASSED] - ii = <not implemented yet for class: org.codehaus.groovy.ast.expr.EmptyExpression>: null

02-12-2024T02:41:03 - [TEST_STEP][PASSED] - for ([ii = 1, ii < 6, (ii++)]): null

02-12-2024T02:41:03 - [TEST_STEP][PASSED] - i1 = x.indexOf("/") + 1: null

02-12-2024T02:41:03 - [TEST_STEP][PASSED] - if (i1 > -1): null

02-12-2024T02:41:03 - [TEST_STEP][PASSED] - x = x.substring(i1, x.length()): null

02-12-2024T02:41:03 - [TEST_STEP][PASSED] - println(x): null

02-12-2024T02:41:03 - [TEST_STEP][PASSED] - i1 = x.indexOf("/") + 1: null

02-12-2024T02:41:03 - [TEST_STEP][PASSED] - if (i1 > -1): null

02-12-2024T02:41:03 - [TEST_STEP][PASSED] - x = x.substring(i1, x.length()): null

02-12-2024T02:41:03 - [TEST_STEP][PASSED] - println(x): null

02-12-2024T02:41:03 - [TEST_STEP][PASSED] - i1 = x.indexOf("/") + 1: null

02-12-2024T02:41:03 - [TEST_STEP][PASSED] - if (i1 > -1): null

02-12-2024T02:41:03 - [TEST_STEP][PASSED] - x = x.substring(i1, x.length()): null

02-12-2024T02:41:03 - [TEST_STEP][PASSED] - println(x): null

02-12-2024T02:41:03 - [TEST_STEP][PASSED] - i1 = x.indexOf("/") + 1: null

02-12-2024T02:41:03 - [TEST_STEP][PASSED] - if (i1 > -1): null

02-12-2024T02:41:03 - [TEST_STEP][PASSED] - x = x.substring(i1, x.length()): null

02-12-2024T02:41:03 - [TEST_STEP][PASSED] - println(x): null

02-12-2024T02:41:03 - [TEST_STEP][PASSED] - i1 = x.indexOf("/") + 1: null

02-12-2024T02:41:03 - [TEST_STEP][PASSED] - if (i1 > -1): null

02-12-2024T02:41:03 - [TEST_STEP][PASSED] - x = x.substring(i1, x.length()): null

02-12-2024T02:41:03 - [TEST_STEP][PASSED] - println(x): null

02-12-2024T02:41:03 - [TEST_STEP][PASSED] - i1 = x.indexOf("/"): null

02-12-2024T02:41:03 - [TEST_STEP][PASSED] - if (i1 > -1): null

02-12-2024T02:41:03 - [TEST_STEP][PASSED] - x = x.substring(0, i1): null

02-12-2024T02:41:03 - [TEST_STEP][PASSED] - println(x): null

02-12-2024T02:41:03 - [TEST_STEP][FAILED] - return x: null

02-12-2024T02:41:03 - [TEST_STEP][PASSED] - println(tabR + "/" + tabB): null

02-12-2024T02:41:03 - [TEST_STEP][FAILED] - if (verifyEqual(tabR, tabB) == false): null

02-12-2024T02:41:03 - [MESSAGE][FAILED] - Unable to verify equal between actual object 'нет данных' and expected object '2127876' (Root cause: com.kms.katalon.core.exception.StepFailedException: Actual object 'нет данных' and expected object '2127876' are not equal
	at com.kms.katalon.core.keyword.builtin.VerifyEqualKeyword$_verifyEqual_closure1.doCall(VerifyEqualKeyword.groovy:58)
	at com.kms.katalon.core.keyword.builtin.VerifyEqualKeyword$_verifyEqual_closure1.call(VerifyEqualKeyword.groovy)
	at com.kms.katalon.core.keyword.internal.KeywordMain.runKeyword(KeywordMain.groovy:75)
	at com.kms.katalon.core.keyword.builtin.VerifyEqualKeyword.verifyEqual(VerifyEqualKeyword.groovy:63)
	at com.kms.katalon.core.keyword.builtin.VerifyEqualKeyword.execute(VerifyEqualKeyword.groovy:44)
	at com.kms.katalon.core.keyword.internal.KeywordExecutor.executeKeywordForPlatform(KeywordExecutor.groovy:74)
	at com.kms.katalon.core.keyword.BuiltinKeywords.verifyEqual(BuiltinKeywords.groovy:146)
	at jdk.internal.reflect.GeneratedMethodAccessor25.invoke(Unknown Source)
	at java.base/jdk.internal.reflect.DelegatingMethodAccessorImpl.invoke(DelegatingMethodAccessorImpl.java:43)
	at Выполнение бизнес-плана сверка дашбордов.CompareDZOData(Выполнение бизнес-плана сверка дашбордов:730)
	at Выполнение бизнес-плана сверка дашбордов.run(Выполнение бизнес-плана сверка дашбордов:658)
	at com.kms.katalon.core.main.ScriptEngine.run(ScriptEngine.java:194)
	at com.kms.katalon.core.main.ScriptEngine.runScriptAsRawText(ScriptEngine.java:119)
	at com.kms.katalon.core.main.TestCaseExecutor.runScript(TestCaseExecutor.java:448)
	at com.kms.katalon.core.main.TestCaseExecutor.doExecute(TestCaseExecutor.java:439)
	at com.kms.katalon.core.main.TestCaseExecutor.processExecutionPhase(TestCaseExecutor.java:418)
	at com.kms.katalon.core.main.TestCaseExecutor.accessMainPhase(TestCaseExecutor.java:410)
	at com.kms.katalon.core.main.TestCaseExecutor.execute(TestCaseExecutor.java:285)
	at com.kms.katalon.core.common.CommonExecutor.accessTestCaseMainPhase(CommonExecutor.java:65)
	at com.kms.katalon.core.main.TestSuiteExecutor.accessTestSuiteMainPhase(TestSuiteExecutor.java:150)
	at com.kms.katalon.core.main.TestSuiteExecutor.execute(TestSuiteExecutor.java:106)
	at com.kms.katalon.core.main.TestCaseMain.startTestSuite(TestCaseMain.java:180)
	at TempTestSuite1733095732962.run(TempTestSuite1733095732962.groovy:35)
	at java.base/jdk.internal.reflect.NativeMethodAccessorImpl.invoke0(Native Method)
	at java.base/jdk.internal.reflect.NativeMethodAccessorImpl.invoke(NativeMethodAccessorImpl.java:77)
	at java.base/jdk.internal.reflect.DelegatingMethodAccessorImpl.invoke(DelegatingMethodAccessorImpl.java:43)
)

02-12-2024T02:41:03 - [TEST_STEP][PASSED] - result = WriteToExcel(typeOfData, todaysDate, PercPlanR, PercPlanB, PercFactR, PercFactB, x, tabR, tabB, o1R, o1B, vidget): null

02-12-2024T02:41:03 - [TEST_STEP][PASSED] - iii = dZO.indexOf("/"): null

02-12-2024T02:41:03 - [TEST_STEP][PASSED] - println(iii): null

02-12-2024T02:41:03 - [TEST_STEP][PASSED] - dZO = dZO.substring(0, iii): null

02-12-2024T02:41:03 - [TEST_STEP][PASSED] - println(dZO): null

02-12-2024T02:41:03 - [TEST_STEP][PASSED] - println(PercPlanR): null

02-12-2024T02:41:03 - [TEST_STEP][PASSED] - println(PercPlanB): null

02-12-2024T02:41:03 - [TEST_STEP][PASSED] - println(PercFactR): null

02-12-2024T02:41:03 - [TEST_STEP][PASSED] - println(PercFactB): null

02-12-2024T02:41:03 - [TEST_STEP][PASSED] - println(tabR): null

02-12-2024T02:41:03 - [TEST_STEP][PASSED] - println(tabB): null

02-12-2024T02:41:03 - [TEST_STEP][PASSED] - println(o1R): null

02-12-2024T02:41:03 - [TEST_STEP][PASSED] - println(o1B): null

02-12-2024T02:41:03 - [TEST_STEP][PASSED] - PR = <not implemented yet for class: org.codehaus.groovy.ast.expr.EmptyExpression>: null

02-12-2024T02:41:03 - [TEST_STEP][PASSED] - FR = <not implemented yet for class: org.codehaus.groovy.ast.expr.EmptyExpression>: null

02-12-2024T02:41:03 - [TEST_STEP][PASSED] - PB = <not implemented yet for class: org.codehaus.groovy.ast.expr.EmptyExpression>: null

02-12-2024T02:41:03 - [TEST_STEP][PASSED] - FB = <not implemented yet for class: org.codehaus.groovy.ast.expr.EmptyExpression>: null

02-12-2024T02:41:03 - [TEST_STEP][PASSED] - TR = <not implemented yet for class: org.codehaus.groovy.ast.expr.EmptyExpression>: null

02-12-2024T02:41:03 - [TEST_STEP][PASSED] - TB = <not implemented yet for class: org.codehaus.groovy.ast.expr.EmptyExpression>: null

02-12-2024T02:41:03 - [TEST_STEP][PASSED] - sheetName = "Sheet1": null

02-12-2024T02:41:03 - [TEST_STEP][PASSED] - data = findTestData("PlanFact"): null

02-12-2024T02:41:03 - [TEST_STEP][PASSED] - n = data.getRowNumbers() + 1: null

02-12-2024T02:41:03 - [TEST_STEP][PASSED] - year = todaysDate.substring(todaysDate.length() - 4, todaysDate.length()): null

02-12-2024T02:41:03 - [TEST_STEP][PASSED] - y = year.toInteger(): null

02-12-2024T02:41:03 - [TEST_STEP][PASSED] - m = getText(findTestObject("Выполнение бизнес-плана/Выполнение бизнес-плана Балансы/Фильтр Дата")): Text of object 'Object Repository/Выполнение бизнес-плана/Выполнение бизнес-плана Балансы/Фильтр Дата' is: '1, 2, 3 кв., Октябрь 2024 года'

02-12-2024T02:41:04 - [MESSAGE][PASSED] - Text of object 'Object Repository/Выполнение бизнес-плана/Выполнение бизнес-плана Балансы/Фильтр Дата' is: '1, 2, 3 кв., Октябрь 2024 года'

02-12-2024T02:41:04 - [TEST_STEP][PASSED] - m = m.substring(0, m.indexOf("2024")): null

02-12-2024T02:41:04 - [TEST_STEP][PASSED] - m = m.trim(): null

02-12-2024T02:41:04 - [TEST_STEP][PASSED] - dashboardName = "Выполнение бизнес-плана": null

02-12-2024T02:41:04 - [TEST_STEP][PASSED] - workbook01 = getWorkbook(excelFilePath): null

02-12-2024T02:41:04 - [TEST_STEP][PASSED] - sheet01 = getExcelSheet(workbook01, sheetName): null

02-12-2024T02:41:04 - [TEST_STEP][PASSED] - setValueToCellByIndex(sheet01, n, 0, dashboardName): null

02-12-2024T02:41:04 - [TEST_STEP][PASSED] - setValueToCellByIndex(sheet01, n, 1, dZO): null

02-12-2024T02:41:04 - [TEST_STEP][PASSED] - setValueToCellByIndex(sheet01, n, 2, typeOfData): null

02-12-2024T02:41:04 - [TEST_STEP][PASSED] - setValueToCellByIndex(sheet01, n, 3, typeOfData): null

02-12-2024T02:41:04 - [TEST_STEP][PASSED] - if (typeOfData == "План"): null

02-12-2024T02:41:04 - [TEST_STEP][PASSED] - else if (typeOfData == "Факт"): null

02-12-2024T02:41:04 - [TEST_STEP][PASSED] - else if (vidget.contains("электроэнергии") == true): null

02-12-2024T02:41:04 - [TEST_STEP][PASSED] - if (tabR == null): null

02-12-2024T02:41:04 - [TEST_STEP][PASSED] - else: null

02-12-2024T02:41:04 - [TEST_STEP][PASSED] - if (tabR == "нет данных"): null

02-12-2024T02:41:04 - [TEST_STEP][PASSED] - setValueToCellByIndex(sheet01, n, 4, "нет данных"): null

02-12-2024T02:41:04 - [TEST_STEP][PASSED] - if (tabB == null): null

02-12-2024T02:41:04 - [TEST_STEP][PASSED] - else: null

02-12-2024T02:41:04 - [TEST_STEP][PASSED] - if (tabB == "нет данных"): null

02-12-2024T02:41:04 - [TEST_STEP][PASSED] - else: null

02-12-2024T02:41:04 - [TEST_STEP][PASSED] - TB = tabB.toInteger(): null

02-12-2024T02:41:04 - [TEST_STEP][PASSED] - setValueToCellByIndex(sheet01, n, 5, TB): null

02-12-2024T02:41:04 - [TEST_STEP][PASSED] - setValueToCellByIndex(sheet01, n, 6, m): null

02-12-2024T02:41:04 - [TEST_STEP][PASSED] - setValueToCellByIndex(sheet01, n, 7, y): null

02-12-2024T02:41:04 - [TEST_STEP][PASSED] - setValueToCellByIndex(sheet01, n, 8, todaysDate): null

02-12-2024T02:41:04 - [TEST_STEP][PASSED] - n = n + 1: null

02-12-2024T02:41:04 - [TEST_STEP][PASSED] - saveWorkbook(excelFilePath, workbook01): null

02-12-2024T02:41:04 - [TEST_STEP][PASSED] - vidget = "Показатели баланса электроэнергии по ДЗО – План": null

02-12-2024T02:41:04 - [TEST_STEP][PASSED] - typeOfData = "План Отпуск в сеть": null

02-12-2024T02:41:04 - [TEST_STEP][PASSED] - tabR = GetOvSPlanR(x = a): null

02-12-2024T02:41:04 - [TEST_STEP][PASSED] - i1 = <not implemented yet for class: org.codehaus.groovy.ast.expr.EmptyExpression>: null

02-12-2024T02:41:04 - [TEST_STEP][PASSED] - ii = <not implemented yet for class: org.codehaus.groovy.ast.expr.EmptyExpression>: null

02-12-2024T02:41:04 - [TEST_STEP][PASSED] - for ([ii = 1, ii < 7, (ii++)]): null

02-12-2024T02:41:04 - [TEST_STEP][PASSED] - i1 = x.indexOf("/") + 1: null

02-12-2024T02:41:04 - [TEST_STEP][PASSED] - if (i1 > -1): null

02-12-2024T02:41:04 - [TEST_STEP][PASSED] - x = x.substring(i1, x.length()): null

02-12-2024T02:41:04 - [TEST_STEP][PASSED] - println(x): null

02-12-2024T02:41:04 - [TEST_STEP][PASSED] - i1 = x.indexOf("/") + 1: null

02-12-2024T02:41:04 - [TEST_STEP][PASSED] - if (i1 > -1): null

02-12-2024T02:41:04 - [TEST_STEP][PASSED] - x = x.substring(i1, x.length()): null

02-12-2024T02:41:04 - [TEST_STEP][PASSED] - println(x): null

02-12-2024T02:41:04 - [TEST_STEP][PASSED] - i1 = x.indexOf("/") + 1: null

02-12-2024T02:41:04 - [TEST_STEP][PASSED] - if (i1 > -1): null

02-12-2024T02:41:04 - [TEST_STEP][PASSED] - x = x.substring(i1, x.length()): null

02-12-2024T02:41:04 - [TEST_STEP][PASSED] - println(x): null

02-12-2024T02:41:04 - [TEST_STEP][PASSED] - i1 = x.indexOf("/") + 1: null

02-12-2024T02:41:04 - [TEST_STEP][PASSED] - if (i1 > -1): null

02-12-2024T02:41:04 - [TEST_STEP][PASSED] - x = x.substring(i1, x.length()): null

02-12-2024T02:41:04 - [TEST_STEP][PASSED] - println(x): null

02-12-2024T02:41:04 - [TEST_STEP][PASSED] - i1 = x.indexOf("/") + 1: null

02-12-2024T02:41:04 - [TEST_STEP][PASSED] - if (i1 > -1): null

02-12-2024T02:41:04 - [TEST_STEP][PASSED] - x = x.substring(i1, x.length()): null

02-12-2024T02:41:04 - [TEST_STEP][PASSED] - println(x): null

02-12-2024T02:41:04 - [TEST_STEP][PASSED] - i1 = x.indexOf("/") + 1: null

02-12-2024T02:41:04 - [TEST_STEP][PASSED] - if (i1 > -1): null

02-12-2024T02:41:04 - [TEST_STEP][PASSED] - x = x.substring(i1, x.length()): null

02-12-2024T02:41:04 - [TEST_STEP][PASSED] - println(x): null

02-12-2024T02:41:04 - [TEST_STEP][PASSED] - i1 = x.indexOf("/"): null

02-12-2024T02:41:04 - [TEST_STEP][PASSED] - if (i1 > -1): null

02-12-2024T02:41:04 - [TEST_STEP][PASSED] - x = x.substring(0, i1): null

02-12-2024T02:41:04 - [TEST_STEP][PASSED] - println(x): null

02-12-2024T02:41:04 - [TEST_STEP][PASSED] - return x: null

02-12-2024T02:41:04 - [TEST_STEP][PASSED] - tabB = GetOvSPlanB(x = b): null

02-12-2024T02:41:04 - [TEST_STEP][PASSED] - i1 = <not implemented yet for class: org.codehaus.groovy.ast.expr.EmptyExpression>: null

02-12-2024T02:41:04 - [TEST_STEP][PASSED] - ii = <not implemented yet for class: org.codehaus.groovy.ast.expr.EmptyExpression>: null

02-12-2024T02:41:04 - [TEST_STEP][PASSED] - for ([ii = 1, ii < 7, (ii++)]): null

02-12-2024T02:41:04 - [TEST_STEP][PASSED] - i1 = x.indexOf("/") + 1: null

02-12-2024T02:41:04 - [TEST_STEP][PASSED] - if (i1 > -1): null

02-12-2024T02:41:04 - [TEST_STEP][PASSED] - x = x.substring(i1, x.length()): null

02-12-2024T02:41:04 - [TEST_STEP][PASSED] - println(x): null

02-12-2024T02:41:04 - [TEST_STEP][PASSED] - i1 = x.indexOf("/") + 1: null

02-12-2024T02:41:04 - [TEST_STEP][PASSED] - if (i1 > -1): null

02-12-2024T02:41:04 - [TEST_STEP][PASSED] - x = x.substring(i1, x.length()): null

02-12-2024T02:41:04 - [TEST_STEP][PASSED] - println(x): null

02-12-2024T02:41:04 - [TEST_STEP][PASSED] - i1 = x.indexOf("/") + 1: null

02-12-2024T02:41:04 - [TEST_STEP][PASSED] - if (i1 > -1): null

02-12-2024T02:41:04 - [TEST_STEP][PASSED] - x = x.substring(i1, x.length()): null

02-12-2024T02:41:04 - [TEST_STEP][PASSED] - println(x): null

02-12-2024T02:41:04 - [TEST_STEP][PASSED] - i1 = x.indexOf("/") + 1: null

02-12-2024T02:41:04 - [TEST_STEP][PASSED] - if (i1 > -1): null

02-12-2024T02:41:04 - [TEST_STEP][PASSED] - x = x.substring(i1, x.length()): null

02-12-2024T02:41:04 - [TEST_STEP][PASSED] - println(x): null

02-12-2024T02:41:04 - [TEST_STEP][PASSED] - i1 = x.indexOf("/") + 1: null

02-12-2024T02:41:04 - [TEST_STEP][PASSED] - if (i1 > -1): null

02-12-2024T02:41:04 - [TEST_STEP][PASSED] - x = x.substring(i1, x.length()): null

02-12-2024T02:41:04 - [TEST_STEP][PASSED] - println(x): null

02-12-2024T02:41:04 - [TEST_STEP][PASSED] - i1 = x.indexOf("/") + 1: null

02-12-2024T02:41:04 - [TEST_STEP][PASSED] - if (i1 > -1): null

02-12-2024T02:41:04 - [TEST_STEP][PASSED] - x = x.substring(i1, x.length()): null

02-12-2024T02:41:04 - [TEST_STEP][PASSED] - println(x): null

02-12-2024T02:41:04 - [TEST_STEP][PASSED] - i1 = x.indexOf("/"): null

02-12-2024T02:41:04 - [TEST_STEP][PASSED] - if (i1 > -1): null

02-12-2024T02:41:04 - [TEST_STEP][PASSED] - x = x.substring(0, i1): null

02-12-2024T02:41:04 - [TEST_STEP][PASSED] - println(x): null

02-12-2024T02:41:04 - [TEST_STEP][FAILED] - return x: null

02-12-2024T02:41:04 - [TEST_STEP][PASSED] - println(tabR + "/" + tabB): null

02-12-2024T02:41:04 - [TEST_STEP][FAILED] - if (verifyEqual(PercFactR, PercFactB) == false): null

02-12-2024T02:41:04 - [MESSAGE][FAILED] - Unable to verify equal between actual object 'нет данных' and expected object '8.58' (Root cause: com.kms.katalon.core.exception.StepFailedException: Actual object 'нет данных' and expected object '8.58' are not equal
	at com.kms.katalon.core.keyword.builtin.VerifyEqualKeyword$_verifyEqual_closure1.doCall(VerifyEqualKeyword.groovy:58)
	at com.kms.katalon.core.keyword.builtin.VerifyEqualKeyword$_verifyEqual_closure1.call(VerifyEqualKeyword.groovy)
	at com.kms.katalon.core.keyword.internal.KeywordMain.runKeyword(KeywordMain.groovy:75)
	at com.kms.katalon.core.keyword.builtin.VerifyEqualKeyword.verifyEqual(VerifyEqualKeyword.groovy:63)
	at com.kms.katalon.core.keyword.builtin.VerifyEqualKeyword.execute(VerifyEqualKeyword.groovy:44)
	at com.kms.katalon.core.keyword.internal.KeywordExecutor.executeKeywordForPlatform(KeywordExecutor.groovy:74)
	at com.kms.katalon.core.keyword.BuiltinKeywords.verifyEqual(BuiltinKeywords.groovy:146)
	at jdk.internal.reflect.GeneratedMethodAccessor25.invoke(Unknown Source)
	at java.base/jdk.internal.reflect.DelegatingMethodAccessorImpl.invoke(DelegatingMethodAccessorImpl.java:43)
	at Выполнение бизнес-плана сверка дашбордов.CompareDZOData(Выполнение бизнес-плана сверка дашбордов:745)
	at Выполнение бизнес-плана сверка дашбордов.run(Выполнение бизнес-плана сверка дашбордов:658)
	at com.kms.katalon.core.main.ScriptEngine.run(ScriptEngine.java:194)
	at com.kms.katalon.core.main.ScriptEngine.runScriptAsRawText(ScriptEngine.java:119)
	at com.kms.katalon.core.main.TestCaseExecutor.runScript(TestCaseExecutor.java:448)
	at com.kms.katalon.core.main.TestCaseExecutor.doExecute(TestCaseExecutor.java:439)
	at com.kms.katalon.core.main.TestCaseExecutor.processExecutionPhase(TestCaseExecutor.java:418)
	at com.kms.katalon.core.main.TestCaseExecutor.accessMainPhase(TestCaseExecutor.java:410)
	at com.kms.katalon.core.main.TestCaseExecutor.execute(TestCaseExecutor.java:285)
	at com.kms.katalon.core.common.CommonExecutor.accessTestCaseMainPhase(CommonExecutor.java:65)
	at com.kms.katalon.core.main.TestSuiteExecutor.accessTestSuiteMainPhase(TestSuiteExecutor.java:150)
	at com.kms.katalon.core.main.TestSuiteExecutor.execute(TestSuiteExecutor.java:106)
	at com.kms.katalon.core.main.TestCaseMain.startTestSuite(TestCaseMain.java:180)
	at TempTestSuite1733095732962.run(TempTestSuite1733095732962.groovy:35)
	at java.base/jdk.internal.reflect.NativeMethodAccessorImpl.invoke0(Native Method)
	at java.base/jdk.internal.reflect.NativeMethodAccessorImpl.invoke(NativeMethodAccessorImpl.java:77)
	at java.base/jdk.internal.reflect.DelegatingMethodAccessorImpl.invoke(DelegatingMethodAccessorImpl.java:43)
)

02-12-2024T02:41:04 - [TEST_STEP][PASSED] - result = WriteToExcel(typeOfData, todaysDate, PercPlanR, PercPlanB, PercFactR, PercFactB, x, tabR, tabB, o1R, o1B, vidget): null

02-12-2024T02:41:04 - [TEST_STEP][PASSED] - iii = dZO.indexOf("/"): null

02-12-2024T02:41:04 - [TEST_STEP][PASSED] - println(iii): null

02-12-2024T02:41:04 - [TEST_STEP][PASSED] - dZO = dZO.substring(0, iii): null

02-12-2024T02:41:04 - [TEST_STEP][PASSED] - println(dZO): null

02-12-2024T02:41:04 - [TEST_STEP][PASSED] - println(PercPlanR): null

02-12-2024T02:41:04 - [TEST_STEP][PASSED] - println(PercPlanB): null

02-12-2024T02:41:04 - [TEST_STEP][PASSED] - println(PercFactR): null

02-12-2024T02:41:04 - [TEST_STEP][PASSED] - println(PercFactB): null

02-12-2024T02:41:04 - [TEST_STEP][PASSED] - println(tabR): null

02-12-2024T02:41:04 - [TEST_STEP][PASSED] - println(tabB): null

02-12-2024T02:41:04 - [TEST_STEP][PASSED] - println(o1R): null

02-12-2024T02:41:04 - [TEST_STEP][PASSED] - println(o1B): null

02-12-2024T02:41:04 - [TEST_STEP][PASSED] - PR = <not implemented yet for class: org.codehaus.groovy.ast.expr.EmptyExpression>: null

02-12-2024T02:41:04 - [TEST_STEP][PASSED] - FR = <not implemented yet for class: org.codehaus.groovy.ast.expr.EmptyExpression>: null

02-12-2024T02:41:04 - [TEST_STEP][PASSED] - PB = <not implemented yet for class: org.codehaus.groovy.ast.expr.EmptyExpression>: null

02-12-2024T02:41:04 - [TEST_STEP][PASSED] - FB = <not implemented yet for class: org.codehaus.groovy.ast.expr.EmptyExpression>: null

02-12-2024T02:41:04 - [TEST_STEP][PASSED] - TR = <not implemented yet for class: org.codehaus.groovy.ast.expr.EmptyExpression>: null

02-12-2024T02:41:04 - [TEST_STEP][PASSED] - TB = <not implemented yet for class: org.codehaus.groovy.ast.expr.EmptyExpression>: null

02-12-2024T02:41:04 - [TEST_STEP][PASSED] - sheetName = "Sheet1": null

02-12-2024T02:41:04 - [TEST_STEP][PASSED] - data = findTestData("PlanFact"): null

02-12-2024T02:41:04 - [TEST_STEP][PASSED] - n = data.getRowNumbers() + 1: null

02-12-2024T02:41:04 - [TEST_STEP][PASSED] - year = todaysDate.substring(todaysDate.length() - 4, todaysDate.length()): null

02-12-2024T02:41:04 - [TEST_STEP][PASSED] - y = year.toInteger(): null

02-12-2024T02:41:04 - [TEST_STEP][PASSED] - m = getText(findTestObject("Выполнение бизнес-плана/Выполнение бизнес-плана Балансы/Фильтр Дата")): Text of object 'Object Repository/Выполнение бизнес-плана/Выполнение бизнес-плана Балансы/Фильтр Дата' is: '1, 2, 3 кв., Октябрь 2024 года'

02-12-2024T02:41:04 - [MESSAGE][PASSED] - Text of object 'Object Repository/Выполнение бизнес-плана/Выполнение бизнес-плана Балансы/Фильтр Дата' is: '1, 2, 3 кв., Октябрь 2024 года'

02-12-2024T02:41:04 - [TEST_STEP][PASSED] - m = m.substring(0, m.indexOf("2024")): null

02-12-2024T02:41:04 - [TEST_STEP][PASSED] - m = m.trim(): null

02-12-2024T02:41:04 - [TEST_STEP][PASSED] - dashboardName = "Выполнение бизнес-плана": null

02-12-2024T02:41:04 - [TEST_STEP][PASSED] - workbook01 = getWorkbook(excelFilePath): null

02-12-2024T02:41:04 - [TEST_STEP][PASSED] - sheet01 = getExcelSheet(workbook01, sheetName): null

02-12-2024T02:41:04 - [TEST_STEP][PASSED] - setValueToCellByIndex(sheet01, n, 0, dashboardName): null

02-12-2024T02:41:04 - [TEST_STEP][PASSED] - setValueToCellByIndex(sheet01, n, 1, dZO): null

02-12-2024T02:41:04 - [TEST_STEP][PASSED] - setValueToCellByIndex(sheet01, n, 2, typeOfData): null

02-12-2024T02:41:04 - [TEST_STEP][PASSED] - setValueToCellByIndex(sheet01, n, 3, typeOfData): null

02-12-2024T02:41:04 - [TEST_STEP][PASSED] - if (typeOfData == "План"): null

02-12-2024T02:41:04 - [TEST_STEP][PASSED] - else if (typeOfData == "Факт"): null

02-12-2024T02:41:04 - [TEST_STEP][PASSED] - else if (vidget.contains("электроэнергии") == true): null

02-12-2024T02:41:04 - [TEST_STEP][PASSED] - if (tabR == null): null

02-12-2024T02:41:04 - [TEST_STEP][PASSED] - else: null

02-12-2024T02:41:04 - [TEST_STEP][PASSED] - if (tabR == "нет данных"): null

02-12-2024T02:41:04 - [TEST_STEP][PASSED] - setValueToCellByIndex(sheet01, n, 4, "нет данных"): null

02-12-2024T02:41:04 - [TEST_STEP][PASSED] - if (tabB == null): null

02-12-2024T02:41:04 - [TEST_STEP][PASSED] - else: null

02-12-2024T02:41:04 - [TEST_STEP][PASSED] - if (tabB == "нет данных"): null

02-12-2024T02:41:04 - [TEST_STEP][PASSED] - else: null

02-12-2024T02:41:04 - [TEST_STEP][PASSED] - TB = tabB.toInteger(): null

02-12-2024T02:41:04 - [TEST_STEP][PASSED] - setValueToCellByIndex(sheet01, n, 5, TB): null

02-12-2024T02:41:04 - [TEST_STEP][PASSED] - setValueToCellByIndex(sheet01, n, 6, m): null

02-12-2024T02:41:04 - [TEST_STEP][PASSED] - setValueToCellByIndex(sheet01, n, 7, y): null

02-12-2024T02:41:04 - [TEST_STEP][PASSED] - setValueToCellByIndex(sheet01, n, 8, todaysDate): null

02-12-2024T02:41:04 - [TEST_STEP][PASSED] - n = n + 1: null

02-12-2024T02:41:04 - [TEST_STEP][PASSED] - saveWorkbook(excelFilePath, workbook01): null

02-12-2024T02:41:05 - [TEST_STEP][PASSED] - typeOfData = "План Отпуск из сети": null

02-12-2024T02:41:05 - [TEST_STEP][PASSED] - tabR = GetOiSPlanR(x = a): null

02-12-2024T02:41:05 - [TEST_STEP][PASSED] - i1 = <not implemented yet for class: org.codehaus.groovy.ast.expr.EmptyExpression>: null

02-12-2024T02:41:05 - [TEST_STEP][PASSED] - ii = <not implemented yet for class: org.codehaus.groovy.ast.expr.EmptyExpression>: null

02-12-2024T02:41:05 - [TEST_STEP][PASSED] - for ([ii = 1, ii < 8, (ii++)]): null

02-12-2024T02:41:05 - [TEST_STEP][PASSED] - i1 = x.indexOf("/") + 1: null

02-12-2024T02:41:05 - [TEST_STEP][PASSED] - if (i1 > -1): null

02-12-2024T02:41:05 - [TEST_STEP][PASSED] - x = x.substring(i1, x.length()): null

02-12-2024T02:41:05 - [TEST_STEP][PASSED] - println(x): null

02-12-2024T02:41:05 - [TEST_STEP][PASSED] - i1 = x.indexOf("/") + 1: null

02-12-2024T02:41:05 - [TEST_STEP][PASSED] - if (i1 > -1): null

02-12-2024T02:41:05 - [TEST_STEP][PASSED] - x = x.substring(i1, x.length()): null

02-12-2024T02:41:05 - [TEST_STEP][PASSED] - println(x): null

02-12-2024T02:41:05 - [TEST_STEP][PASSED] - i1 = x.indexOf("/") + 1: null

02-12-2024T02:41:05 - [TEST_STEP][PASSED] - if (i1 > -1): null

02-12-2024T02:41:05 - [TEST_STEP][PASSED] - x = x.substring(i1, x.length()): null

02-12-2024T02:41:05 - [TEST_STEP][PASSED] - println(x): null

02-12-2024T02:41:05 - [TEST_STEP][PASSED] - i1 = x.indexOf("/") + 1: null

02-12-2024T02:41:05 - [TEST_STEP][PASSED] - if (i1 > -1): null

02-12-2024T02:41:05 - [TEST_STEP][PASSED] - x = x.substring(i1, x.length()): null

02-12-2024T02:41:05 - [TEST_STEP][PASSED] - println(x): null

02-12-2024T02:41:05 - [TEST_STEP][PASSED] - i1 = x.indexOf("/") + 1: null

02-12-2024T02:41:05 - [TEST_STEP][PASSED] - if (i1 > -1): null

02-12-2024T02:41:05 - [TEST_STEP][PASSED] - x = x.substring(i1, x.length()): null

02-12-2024T02:41:05 - [TEST_STEP][PASSED] - println(x): null

02-12-2024T02:41:05 - [TEST_STEP][PASSED] - i1 = x.indexOf("/") + 1: null

02-12-2024T02:41:05 - [TEST_STEP][PASSED] - if (i1 > -1): null

02-12-2024T02:41:05 - [TEST_STEP][PASSED] - x = x.substring(i1, x.length()): null

02-12-2024T02:41:05 - [TEST_STEP][PASSED] - println(x): null

02-12-2024T02:41:05 - [TEST_STEP][PASSED] - i1 = x.indexOf("/") + 1: null

02-12-2024T02:41:05 - [TEST_STEP][PASSED] - if (i1 > -1): null

02-12-2024T02:41:05 - [TEST_STEP][PASSED] - x = x.substring(i1, x.length()): null

02-12-2024T02:41:05 - [TEST_STEP][PASSED] - println(x): null

02-12-2024T02:41:05 - [TEST_STEP][PASSED] - i1 = x.indexOf("/"): null

02-12-2024T02:41:05 - [TEST_STEP][PASSED] - if (i1 > -1): null

02-12-2024T02:41:05 - [TEST_STEP][PASSED] - x = x.substring(0, i1): null

02-12-2024T02:41:05 - [TEST_STEP][PASSED] - println(x): null

02-12-2024T02:41:05 - [TEST_STEP][PASSED] - return x: null

02-12-2024T02:41:05 - [TEST_STEP][PASSED] - tabB = GetOiSPlanB(x = b): null

02-12-2024T02:41:05 - [TEST_STEP][PASSED] - i1 = <not implemented yet for class: org.codehaus.groovy.ast.expr.EmptyExpression>: null

02-12-2024T02:41:05 - [TEST_STEP][PASSED] - ii = <not implemented yet for class: org.codehaus.groovy.ast.expr.EmptyExpression>: null

02-12-2024T02:41:05 - [TEST_STEP][PASSED] - for ([ii = 1, ii < 8, (ii++)]): null

02-12-2024T02:41:05 - [TEST_STEP][PASSED] - i1 = x.indexOf("/") + 1: null

02-12-2024T02:41:05 - [TEST_STEP][PASSED] - if (i1 > -1): null

02-12-2024T02:41:05 - [TEST_STEP][PASSED] - x = x.substring(i1, x.length()): null

02-12-2024T02:41:05 - [TEST_STEP][PASSED] - println(x): null

02-12-2024T02:41:05 - [TEST_STEP][PASSED] - i1 = x.indexOf("/") + 1: null

02-12-2024T02:41:05 - [TEST_STEP][PASSED] - if (i1 > -1): null

02-12-2024T02:41:05 - [TEST_STEP][PASSED] - x = x.substring(i1, x.length()): null

02-12-2024T02:41:05 - [TEST_STEP][PASSED] - println(x): null

02-12-2024T02:41:05 - [TEST_STEP][PASSED] - i1 = x.indexOf("/") + 1: null

02-12-2024T02:41:05 - [TEST_STEP][PASSED] - if (i1 > -1): null

02-12-2024T02:41:05 - [TEST_STEP][PASSED] - x = x.substring(i1, x.length()): null

02-12-2024T02:41:05 - [TEST_STEP][PASSED] - println(x): null

02-12-2024T02:41:05 - [TEST_STEP][PASSED] - i1 = x.indexOf("/") + 1: null

02-12-2024T02:41:05 - [TEST_STEP][PASSED] - if (i1 > -1): null

02-12-2024T02:41:05 - [TEST_STEP][PASSED] - x = x.substring(i1, x.length()): null

02-12-2024T02:41:05 - [TEST_STEP][PASSED] - println(x): null

02-12-2024T02:41:05 - [TEST_STEP][PASSED] - i1 = x.indexOf("/") + 1: null

02-12-2024T02:41:05 - [TEST_STEP][PASSED] - if (i1 > -1): null

02-12-2024T02:41:05 - [TEST_STEP][PASSED] - x = x.substring(i1, x.length()): null

02-12-2024T02:41:05 - [TEST_STEP][PASSED] - println(x): null

02-12-2024T02:41:05 - [TEST_STEP][PASSED] - i1 = x.indexOf("/") + 1: null

02-12-2024T02:41:05 - [TEST_STEP][PASSED] - if (i1 > -1): null

02-12-2024T02:41:05 - [TEST_STEP][PASSED] - x = x.substring(i1, x.length()): null

02-12-2024T02:41:05 - [TEST_STEP][PASSED] - println(x): null

02-12-2024T02:41:05 - [TEST_STEP][PASSED] - i1 = x.indexOf("/") + 1: null

02-12-2024T02:41:05 - [TEST_STEP][PASSED] - if (i1 > -1): null

02-12-2024T02:41:05 - [TEST_STEP][PASSED] - x = x.substring(i1, x.length()): null

02-12-2024T02:41:05 - [TEST_STEP][PASSED] - println(x): null

02-12-2024T02:41:05 - [TEST_STEP][PASSED] - i1 = x.indexOf("/"): null

02-12-2024T02:41:05 - [TEST_STEP][PASSED] - if (i1 > -1): null

02-12-2024T02:41:05 - [TEST_STEP][PASSED] - x = x.substring(0, i1): null

02-12-2024T02:41:05 - [TEST_STEP][PASSED] - println(x): null

02-12-2024T02:41:05 - [TEST_STEP][FAILED] - return x: null

02-12-2024T02:41:05 - [TEST_STEP][PASSED] - println(tabR + "/" + tabB): null

02-12-2024T02:41:05 - [TEST_STEP][FAILED] - if (verifyEqual(PercFactR, PercFactB) == false): null

02-12-2024T02:41:05 - [MESSAGE][FAILED] - Unable to verify equal between actual object 'нет данных' and expected object '8.58' (Root cause: com.kms.katalon.core.exception.StepFailedException: Actual object 'нет данных' and expected object '8.58' are not equal
	at com.kms.katalon.core.keyword.builtin.VerifyEqualKeyword$_verifyEqual_closure1.doCall(VerifyEqualKeyword.groovy:58)
	at com.kms.katalon.core.keyword.builtin.VerifyEqualKeyword$_verifyEqual_closure1.call(VerifyEqualKeyword.groovy)
	at com.kms.katalon.core.keyword.internal.KeywordMain.runKeyword(KeywordMain.groovy:75)
	at com.kms.katalon.core.keyword.builtin.VerifyEqualKeyword.verifyEqual(VerifyEqualKeyword.groovy:63)
	at com.kms.katalon.core.keyword.builtin.VerifyEqualKeyword.execute(VerifyEqualKeyword.groovy:44)
	at com.kms.katalon.core.keyword.internal.KeywordExecutor.executeKeywordForPlatform(KeywordExecutor.groovy:74)
	at com.kms.katalon.core.keyword.BuiltinKeywords.verifyEqual(BuiltinKeywords.groovy:146)
	at jdk.internal.reflect.GeneratedMethodAccessor25.invoke(Unknown Source)
	at java.base/jdk.internal.reflect.DelegatingMethodAccessorImpl.invoke(DelegatingMethodAccessorImpl.java:43)
	at Выполнение бизнес-плана сверка дашбордов.CompareDZOData(Выполнение бизнес-плана сверка дашбордов:758)
	at Выполнение бизнес-плана сверка дашбордов.run(Выполнение бизнес-плана сверка дашбордов:658)
	at com.kms.katalon.core.main.ScriptEngine.run(ScriptEngine.java:194)
	at com.kms.katalon.core.main.ScriptEngine.runScriptAsRawText(ScriptEngine.java:119)
	at com.kms.katalon.core.main.TestCaseExecutor.runScript(TestCaseExecutor.java:448)
	at com.kms.katalon.core.main.TestCaseExecutor.doExecute(TestCaseExecutor.java:439)
	at com.kms.katalon.core.main.TestCaseExecutor.processExecutionPhase(TestCaseExecutor.java:418)
	at com.kms.katalon.core.main.TestCaseExecutor.accessMainPhase(TestCaseExecutor.java:410)
	at com.kms.katalon.core.main.TestCaseExecutor.execute(TestCaseExecutor.java:285)
	at com.kms.katalon.core.common.CommonExecutor.accessTestCaseMainPhase(CommonExecutor.java:65)
	at com.kms.katalon.core.main.TestSuiteExecutor.accessTestSuiteMainPhase(TestSuiteExecutor.java:150)
	at com.kms.katalon.core.main.TestSuiteExecutor.execute(TestSuiteExecutor.java:106)
	at com.kms.katalon.core.main.TestCaseMain.startTestSuite(TestCaseMain.java:180)
	at TempTestSuite1733095732962.run(TempTestSuite1733095732962.groovy:35)
	at java.base/jdk.internal.reflect.NativeMethodAccessorImpl.invoke0(Native Method)
	at java.base/jdk.internal.reflect.NativeMethodAccessorImpl.invoke(NativeMethodAccessorImpl.java:77)
	at java.base/jdk.internal.reflect.DelegatingMethodAccessorImpl.invoke(DelegatingMethodAccessorImpl.java:43)
)

02-12-2024T02:41:05 - [TEST_STEP][PASSED] - result = WriteToExcel(typeOfData, todaysDate, PercPlanR, PercPlanB, PercFactR, PercFactB, x, tabR, tabB, o1R, o1B, vidget): null

02-12-2024T02:41:05 - [TEST_STEP][PASSED] - iii = dZO.indexOf("/"): null

02-12-2024T02:41:05 - [TEST_STEP][PASSED] - println(iii): null

02-12-2024T02:41:05 - [TEST_STEP][PASSED] - dZO = dZO.substring(0, iii): null

02-12-2024T02:41:05 - [TEST_STEP][PASSED] - println(dZO): null

02-12-2024T02:41:05 - [TEST_STEP][PASSED] - println(PercPlanR): null

02-12-2024T02:41:05 - [TEST_STEP][PASSED] - println(PercPlanB): null

02-12-2024T02:41:05 - [TEST_STEP][PASSED] - println(PercFactR): null

02-12-2024T02:41:05 - [TEST_STEP][PASSED] - println(PercFactB): null

02-12-2024T02:41:05 - [TEST_STEP][PASSED] - println(tabR): null

02-12-2024T02:41:05 - [TEST_STEP][PASSED] - println(tabB): null

02-12-2024T02:41:05 - [TEST_STEP][PASSED] - println(o1R): null

02-12-2024T02:41:05 - [TEST_STEP][PASSED] - println(o1B): null

02-12-2024T02:41:05 - [TEST_STEP][PASSED] - PR = <not implemented yet for class: org.codehaus.groovy.ast.expr.EmptyExpression>: null

02-12-2024T02:41:05 - [TEST_STEP][PASSED] - FR = <not implemented yet for class: org.codehaus.groovy.ast.expr.EmptyExpression>: null

02-12-2024T02:41:05 - [TEST_STEP][PASSED] - PB = <not implemented yet for class: org.codehaus.groovy.ast.expr.EmptyExpression>: null

02-12-2024T02:41:05 - [TEST_STEP][PASSED] - FB = <not implemented yet for class: org.codehaus.groovy.ast.expr.EmptyExpression>: null

02-12-2024T02:41:05 - [TEST_STEP][PASSED] - TR = <not implemented yet for class: org.codehaus.groovy.ast.expr.EmptyExpression>: null

02-12-2024T02:41:05 - [TEST_STEP][PASSED] - TB = <not implemented yet for class: org.codehaus.groovy.ast.expr.EmptyExpression>: null

02-12-2024T02:41:05 - [TEST_STEP][PASSED] - sheetName = "Sheet1": null

02-12-2024T02:41:05 - [TEST_STEP][PASSED] - data = findTestData("PlanFact"): null

02-12-2024T02:41:05 - [TEST_STEP][PASSED] - n = data.getRowNumbers() + 1: null

02-12-2024T02:41:05 - [TEST_STEP][PASSED] - year = todaysDate.substring(todaysDate.length() - 4, todaysDate.length()): null

02-12-2024T02:41:05 - [TEST_STEP][PASSED] - y = year.toInteger(): null

02-12-2024T02:41:05 - [TEST_STEP][PASSED] - m = getText(findTestObject("Выполнение бизнес-плана/Выполнение бизнес-плана Балансы/Фильтр Дата")): Text of object 'Object Repository/Выполнение бизнес-плана/Выполнение бизнес-плана Балансы/Фильтр Дата' is: '1, 2, 3 кв., Октябрь 2024 года'

02-12-2024T02:41:05 - [MESSAGE][PASSED] - Text of object 'Object Repository/Выполнение бизнес-плана/Выполнение бизнес-плана Балансы/Фильтр Дата' is: '1, 2, 3 кв., Октябрь 2024 года'

02-12-2024T02:41:05 - [TEST_STEP][PASSED] - m = m.substring(0, m.indexOf("2024")): null

02-12-2024T02:41:05 - [TEST_STEP][PASSED] - m = m.trim(): null

02-12-2024T02:41:05 - [TEST_STEP][PASSED] - dashboardName = "Выполнение бизнес-плана": null

02-12-2024T02:41:05 - [TEST_STEP][PASSED] - workbook01 = getWorkbook(excelFilePath): null

02-12-2024T02:41:05 - [TEST_STEP][PASSED] - sheet01 = getExcelSheet(workbook01, sheetName): null

02-12-2024T02:41:05 - [TEST_STEP][PASSED] - setValueToCellByIndex(sheet01, n, 0, dashboardName): null

02-12-2024T02:41:05 - [TEST_STEP][PASSED] - setValueToCellByIndex(sheet01, n, 1, dZO): null

02-12-2024T02:41:05 - [TEST_STEP][PASSED] - setValueToCellByIndex(sheet01, n, 2, typeOfData): null

02-12-2024T02:41:05 - [TEST_STEP][PASSED] - setValueToCellByIndex(sheet01, n, 3, typeOfData): null

02-12-2024T02:41:05 - [TEST_STEP][PASSED] - if (typeOfData == "План"): null

02-12-2024T02:41:05 - [TEST_STEP][PASSED] - else if (typeOfData == "Факт"): null

02-12-2024T02:41:05 - [TEST_STEP][PASSED] - else if (vidget.contains("электроэнергии") == true): null

02-12-2024T02:41:05 - [TEST_STEP][PASSED] - if (tabR == null): null

02-12-2024T02:41:05 - [TEST_STEP][PASSED] - else: null

02-12-2024T02:41:05 - [TEST_STEP][PASSED] - if (tabR == "нет данных"): null

02-12-2024T02:41:05 - [TEST_STEP][PASSED] - setValueToCellByIndex(sheet01, n, 4, "нет данных"): null

02-12-2024T02:41:05 - [TEST_STEP][PASSED] - if (tabB == null): null

02-12-2024T02:41:05 - [TEST_STEP][PASSED] - else: null

02-12-2024T02:41:05 - [TEST_STEP][PASSED] - if (tabB == "нет данных"): null

02-12-2024T02:41:05 - [TEST_STEP][PASSED] - else: null

02-12-2024T02:41:05 - [TEST_STEP][PASSED] - TB = tabB.toInteger(): null

02-12-2024T02:41:05 - [TEST_STEP][PASSED] - setValueToCellByIndex(sheet01, n, 5, TB): null

02-12-2024T02:41:05 - [TEST_STEP][PASSED] - setValueToCellByIndex(sheet01, n, 6, m): null

02-12-2024T02:41:05 - [TEST_STEP][PASSED] - setValueToCellByIndex(sheet01, n, 7, y): null

02-12-2024T02:41:05 - [TEST_STEP][PASSED] - setValueToCellByIndex(sheet01, n, 8, todaysDate): null

02-12-2024T02:41:05 - [TEST_STEP][PASSED] - n = n + 1: null

02-12-2024T02:41:05 - [TEST_STEP][PASSED] - saveWorkbook(excelFilePath, workbook01): null

02-12-2024T02:41:05 - [TEST_STEP][PASSED] - typeOfData = "План Потери": null

02-12-2024T02:41:05 - [TEST_STEP][PASSED] - tabR = GetPPlanR(x = a): null

02-12-2024T02:41:05 - [TEST_STEP][PASSED] - i1 = <not implemented yet for class: org.codehaus.groovy.ast.expr.EmptyExpression>: null

02-12-2024T02:41:05 - [TEST_STEP][PASSED] - ii = <not implemented yet for class: org.codehaus.groovy.ast.expr.EmptyExpression>: null

02-12-2024T02:41:05 - [TEST_STEP][PASSED] - for ([ii = 1, ii < 9, (ii++)]): null

02-12-2024T02:41:05 - [TEST_STEP][PASSED] - i1 = x.indexOf("/") + 1: null

02-12-2024T02:41:05 - [TEST_STEP][PASSED] - if (i1 > -1): null

02-12-2024T02:41:05 - [TEST_STEP][PASSED] - x = x.substring(i1, x.length()): null

02-12-2024T02:41:05 - [TEST_STEP][PASSED] - println(x): null

02-12-2024T02:41:05 - [TEST_STEP][PASSED] - i1 = x.indexOf("/") + 1: null

02-12-2024T02:41:05 - [TEST_STEP][PASSED] - if (i1 > -1): null

02-12-2024T02:41:05 - [TEST_STEP][PASSED] - x = x.substring(i1, x.length()): null

02-12-2024T02:41:05 - [TEST_STEP][PASSED] - println(x): null

02-12-2024T02:41:05 - [TEST_STEP][PASSED] - i1 = x.indexOf("/") + 1: null

02-12-2024T02:41:05 - [TEST_STEP][PASSED] - if (i1 > -1): null

02-12-2024T02:41:05 - [TEST_STEP][PASSED] - x = x.substring(i1, x.length()): null

02-12-2024T02:41:05 - [TEST_STEP][PASSED] - println(x): null

02-12-2024T02:41:05 - [TEST_STEP][PASSED] - i1 = x.indexOf("/") + 1: null

02-12-2024T02:41:05 - [TEST_STEP][PASSED] - if (i1 > -1): null

02-12-2024T02:41:05 - [TEST_STEP][PASSED] - x = x.substring(i1, x.length()): null

02-12-2024T02:41:05 - [TEST_STEP][PASSED] - println(x): null

02-12-2024T02:41:05 - [TEST_STEP][PASSED] - i1 = x.indexOf("/") + 1: null

02-12-2024T02:41:05 - [TEST_STEP][PASSED] - if (i1 > -1): null

02-12-2024T02:41:05 - [TEST_STEP][PASSED] - x = x.substring(i1, x.length()): null

02-12-2024T02:41:05 - [TEST_STEP][PASSED] - println(x): null

02-12-2024T02:41:05 - [TEST_STEP][PASSED] - i1 = x.indexOf("/") + 1: null

02-12-2024T02:41:05 - [TEST_STEP][PASSED] - if (i1 > -1): null

02-12-2024T02:41:05 - [TEST_STEP][PASSED] - x = x.substring(i1, x.length()): null

02-12-2024T02:41:05 - [TEST_STEP][PASSED] - println(x): null

02-12-2024T02:41:05 - [TEST_STEP][PASSED] - i1 = x.indexOf("/") + 1: null

02-12-2024T02:41:05 - [TEST_STEP][PASSED] - if (i1 > -1): null

02-12-2024T02:41:05 - [TEST_STEP][PASSED] - x = x.substring(i1, x.length()): null

02-12-2024T02:41:05 - [TEST_STEP][PASSED] - println(x): null

02-12-2024T02:41:05 - [TEST_STEP][PASSED] - i1 = x.indexOf("/") + 1: null

02-12-2024T02:41:05 - [TEST_STEP][PASSED] - if (i1 > -1): null

02-12-2024T02:41:05 - [TEST_STEP][PASSED] - x = x.substring(i1, x.length()): null

02-12-2024T02:41:05 - [TEST_STEP][PASSED] - println(x): null

02-12-2024T02:41:05 - [TEST_STEP][PASSED] - i1 = x.indexOf("/"): null

02-12-2024T02:41:05 - [TEST_STEP][PASSED] - if (i1 > -1): null

02-12-2024T02:41:05 - [TEST_STEP][PASSED] - x = x.substring(0, i1): null

02-12-2024T02:41:05 - [TEST_STEP][PASSED] - println(x): null

02-12-2024T02:41:05 - [TEST_STEP][PASSED] - return x: null

02-12-2024T02:41:05 - [TEST_STEP][PASSED] - tabB = GetPPlanB(x = b): null

02-12-2024T02:41:05 - [TEST_STEP][PASSED] - i1 = <not implemented yet for class: org.codehaus.groovy.ast.expr.EmptyExpression>: null

02-12-2024T02:41:05 - [TEST_STEP][PASSED] - ii = <not implemented yet for class: org.codehaus.groovy.ast.expr.EmptyExpression>: null

02-12-2024T02:41:05 - [TEST_STEP][PASSED] - for ([ii = 1, ii < 9, (ii++)]): null

02-12-2024T02:41:05 - [TEST_STEP][PASSED] - i1 = x.indexOf("/") + 1: null

02-12-2024T02:41:05 - [TEST_STEP][PASSED] - if (i1 > -1): null

02-12-2024T02:41:05 - [TEST_STEP][PASSED] - x = x.substring(i1, x.length()): null

02-12-2024T02:41:05 - [TEST_STEP][PASSED] - println(x): null

02-12-2024T02:41:05 - [TEST_STEP][PASSED] - i1 = x.indexOf("/") + 1: null

02-12-2024T02:41:05 - [TEST_STEP][PASSED] - if (i1 > -1): null

02-12-2024T02:41:05 - [TEST_STEP][PASSED] - x = x.substring(i1, x.length()): null

02-12-2024T02:41:05 - [TEST_STEP][PASSED] - println(x): null

02-12-2024T02:41:05 - [TEST_STEP][PASSED] - i1 = x.indexOf("/") + 1: null

02-12-2024T02:41:05 - [TEST_STEP][PASSED] - if (i1 > -1): null

02-12-2024T02:41:05 - [TEST_STEP][PASSED] - x = x.substring(i1, x.length()): null

02-12-2024T02:41:05 - [TEST_STEP][PASSED] - println(x): null

02-12-2024T02:41:05 - [TEST_STEP][PASSED] - i1 = x.indexOf("/") + 1: null

02-12-2024T02:41:05 - [TEST_STEP][PASSED] - if (i1 > -1): null

02-12-2024T02:41:05 - [TEST_STEP][PASSED] - x = x.substring(i1, x.length()): null

02-12-2024T02:41:05 - [TEST_STEP][PASSED] - println(x): null

02-12-2024T02:41:05 - [TEST_STEP][PASSED] - i1 = x.indexOf("/") + 1: null

02-12-2024T02:41:05 - [TEST_STEP][PASSED] - if (i1 > -1): null

02-12-2024T02:41:05 - [TEST_STEP][PASSED] - x = x.substring(i1, x.length()): null

02-12-2024T02:41:05 - [TEST_STEP][PASSED] - println(x): null

02-12-2024T02:41:05 - [TEST_STEP][PASSED] - i1 = x.indexOf("/") + 1: null

02-12-2024T02:41:05 - [TEST_STEP][PASSED] - if (i1 > -1): null

02-12-2024T02:41:05 - [TEST_STEP][PASSED] - x = x.substring(i1, x.length()): null

02-12-2024T02:41:05 - [TEST_STEP][PASSED] - println(x): null

02-12-2024T02:41:05 - [TEST_STEP][PASSED] - i1 = x.indexOf("/") + 1: null

02-12-2024T02:41:05 - [TEST_STEP][PASSED] - if (i1 > -1): null

02-12-2024T02:41:05 - [TEST_STEP][PASSED] - x = x.substring(i1, x.length()): null

02-12-2024T02:41:05 - [TEST_STEP][PASSED] - println(x): null

02-12-2024T02:41:05 - [TEST_STEP][PASSED] - i1 = x.indexOf("/") + 1: null

02-12-2024T02:41:05 - [TEST_STEP][PASSED] - if (i1 > -1): null

02-12-2024T02:41:05 - [TEST_STEP][PASSED] - x = x.substring(i1, x.length()): null

02-12-2024T02:41:05 - [TEST_STEP][PASSED] - println(x): null

02-12-2024T02:41:05 - [TEST_STEP][PASSED] - i1 = x.indexOf("/"): null

02-12-2024T02:41:05 - [TEST_STEP][PASSED] - if (i1 > -1): null

02-12-2024T02:41:05 - [TEST_STEP][PASSED] - x = x.substring(0, i1): null

02-12-2024T02:41:05 - [TEST_STEP][PASSED] - println(x): null

02-12-2024T02:41:05 - [TEST_STEP][FAILED] - return x: null

02-12-2024T02:41:05 - [TEST_STEP][PASSED] - println(tabR + "/" + tabB): null

02-12-2024T02:41:05 - [TEST_STEP][FAILED] - if (verifyEqual(PercFactR, PercFactB) == false): null

02-12-2024T02:41:05 - [MESSAGE][FAILED] - Unable to verify equal between actual object 'нет данных' and expected object '8.58' (Root cause: com.kms.katalon.core.exception.StepFailedException: Actual object 'нет данных' and expected object '8.58' are not equal
	at com.kms.katalon.core.keyword.builtin.VerifyEqualKeyword$_verifyEqual_closure1.doCall(VerifyEqualKeyword.groovy:58)
	at com.kms.katalon.core.keyword.builtin.VerifyEqualKeyword$_verifyEqual_closure1.call(VerifyEqualKeyword.groovy)
	at com.kms.katalon.core.keyword.internal.KeywordMain.runKeyword(KeywordMain.groovy:75)
	at com.kms.katalon.core.keyword.builtin.VerifyEqualKeyword.verifyEqual(VerifyEqualKeyword.groovy:63)
	at com.kms.katalon.core.keyword.builtin.VerifyEqualKeyword.execute(VerifyEqualKeyword.groovy:44)
	at com.kms.katalon.core.keyword.internal.KeywordExecutor.executeKeywordForPlatform(KeywordExecutor.groovy:74)
	at com.kms.katalon.core.keyword.BuiltinKeywords.verifyEqual(BuiltinKeywords.groovy:146)
	at jdk.internal.reflect.GeneratedMethodAccessor25.invoke(Unknown Source)
	at java.base/jdk.internal.reflect.DelegatingMethodAccessorImpl.invoke(DelegatingMethodAccessorImpl.java:43)
	at Выполнение бизнес-плана сверка дашбордов.CompareDZOData(Выполнение бизнес-плана сверка дашбордов:771)
	at Выполнение бизнес-плана сверка дашбордов.run(Выполнение бизнес-плана сверка дашбордов:658)
	at com.kms.katalon.core.main.ScriptEngine.run(ScriptEngine.java:194)
	at com.kms.katalon.core.main.ScriptEngine.runScriptAsRawText(ScriptEngine.java:119)
	at com.kms.katalon.core.main.TestCaseExecutor.runScript(TestCaseExecutor.java:448)
	at com.kms.katalon.core.main.TestCaseExecutor.doExecute(TestCaseExecutor.java:439)
	at com.kms.katalon.core.main.TestCaseExecutor.processExecutionPhase(TestCaseExecutor.java:418)
	at com.kms.katalon.core.main.TestCaseExecutor.accessMainPhase(TestCaseExecutor.java:410)
	at com.kms.katalon.core.main.TestCaseExecutor.execute(TestCaseExecutor.java:285)
	at com.kms.katalon.core.common.CommonExecutor.accessTestCaseMainPhase(CommonExecutor.java:65)
	at com.kms.katalon.core.main.TestSuiteExecutor.accessTestSuiteMainPhase(TestSuiteExecutor.java:150)
	at com.kms.katalon.core.main.TestSuiteExecutor.execute(TestSuiteExecutor.java:106)
	at com.kms.katalon.core.main.TestCaseMain.startTestSuite(TestCaseMain.java:180)
	at TempTestSuite1733095732962.run(TempTestSuite1733095732962.groovy:35)
	at java.base/jdk.internal.reflect.NativeMethodAccessorImpl.invoke0(Native Method)
	at java.base/jdk.internal.reflect.NativeMethodAccessorImpl.invoke(NativeMethodAccessorImpl.java:77)
	at java.base/jdk.internal.reflect.DelegatingMethodAccessorImpl.invoke(DelegatingMethodAccessorImpl.java:43)
)

02-12-2024T02:41:05 - [TEST_STEP][PASSED] - result = WriteToExcel(typeOfData, todaysDate, PercPlanR, PercPlanB, PercFactR, PercFactB, x, tabR, tabB, o1R, o1B, vidget): null

02-12-2024T02:41:05 - [TEST_STEP][PASSED] - iii = dZO.indexOf("/"): null

02-12-2024T02:41:05 - [TEST_STEP][PASSED] - println(iii): null

02-12-2024T02:41:05 - [TEST_STEP][PASSED] - dZO = dZO.substring(0, iii): null

02-12-2024T02:41:05 - [TEST_STEP][PASSED] - println(dZO): null

02-12-2024T02:41:05 - [TEST_STEP][PASSED] - println(PercPlanR): null

02-12-2024T02:41:05 - [TEST_STEP][PASSED] - println(PercPlanB): null

02-12-2024T02:41:05 - [TEST_STEP][PASSED] - println(PercFactR): null

02-12-2024T02:41:05 - [TEST_STEP][PASSED] - println(PercFactB): null

02-12-2024T02:41:05 - [TEST_STEP][PASSED] - println(tabR): null

02-12-2024T02:41:05 - [TEST_STEP][PASSED] - println(tabB): null

02-12-2024T02:41:05 - [TEST_STEP][PASSED] - println(o1R): null

02-12-2024T02:41:05 - [TEST_STEP][PASSED] - println(o1B): null

02-12-2024T02:41:05 - [TEST_STEP][PASSED] - PR = <not implemented yet for class: org.codehaus.groovy.ast.expr.EmptyExpression>: null

02-12-2024T02:41:05 - [TEST_STEP][PASSED] - FR = <not implemented yet for class: org.codehaus.groovy.ast.expr.EmptyExpression>: null

02-12-2024T02:41:05 - [TEST_STEP][PASSED] - PB = <not implemented yet for class: org.codehaus.groovy.ast.expr.EmptyExpression>: null

02-12-2024T02:41:05 - [TEST_STEP][PASSED] - FB = <not implemented yet for class: org.codehaus.groovy.ast.expr.EmptyExpression>: null

02-12-2024T02:41:05 - [TEST_STEP][PASSED] - TR = <not implemented yet for class: org.codehaus.groovy.ast.expr.EmptyExpression>: null

02-12-2024T02:41:05 - [TEST_STEP][PASSED] - TB = <not implemented yet for class: org.codehaus.groovy.ast.expr.EmptyExpression>: null

02-12-2024T02:41:05 - [TEST_STEP][PASSED] - sheetName = "Sheet1": null

02-12-2024T02:41:05 - [TEST_STEP][PASSED] - data = findTestData("PlanFact"): null

02-12-2024T02:41:05 - [TEST_STEP][PASSED] - n = data.getRowNumbers() + 1: null

02-12-2024T02:41:05 - [TEST_STEP][PASSED] - year = todaysDate.substring(todaysDate.length() - 4, todaysDate.length()): null

02-12-2024T02:41:05 - [TEST_STEP][PASSED] - y = year.toInteger(): null

02-12-2024T02:41:05 - [TEST_STEP][PASSED] - m = getText(findTestObject("Выполнение бизнес-плана/Выполнение бизнес-плана Балансы/Фильтр Дата")): Text of object 'Object Repository/Выполнение бизнес-плана/Выполнение бизнес-плана Балансы/Фильтр Дата' is: '1, 2, 3 кв., Октябрь 2024 года'

02-12-2024T02:41:05 - [MESSAGE][PASSED] - Text of object 'Object Repository/Выполнение бизнес-плана/Выполнение бизнес-плана Балансы/Фильтр Дата' is: '1, 2, 3 кв., Октябрь 2024 года'

02-12-2024T02:41:05 - [TEST_STEP][PASSED] - m = m.substring(0, m.indexOf("2024")): null

02-12-2024T02:41:05 - [TEST_STEP][PASSED] - m = m.trim(): null

02-12-2024T02:41:05 - [TEST_STEP][PASSED] - dashboardName = "Выполнение бизнес-плана": null

02-12-2024T02:41:05 - [TEST_STEP][PASSED] - workbook01 = getWorkbook(excelFilePath): null

02-12-2024T02:41:06 - [TEST_STEP][PASSED] - sheet01 = getExcelSheet(workbook01, sheetName): null

02-12-2024T02:41:06 - [TEST_STEP][PASSED] - setValueToCellByIndex(sheet01, n, 0, dashboardName): null

02-12-2024T02:41:06 - [TEST_STEP][PASSED] - setValueToCellByIndex(sheet01, n, 1, dZO): null

02-12-2024T02:41:06 - [TEST_STEP][PASSED] - setValueToCellByIndex(sheet01, n, 2, typeOfData): null

02-12-2024T02:41:06 - [TEST_STEP][PASSED] - setValueToCellByIndex(sheet01, n, 3, typeOfData): null

02-12-2024T02:41:06 - [TEST_STEP][PASSED] - if (typeOfData == "План"): null

02-12-2024T02:41:06 - [TEST_STEP][PASSED] - else if (typeOfData == "Факт"): null

02-12-2024T02:41:06 - [TEST_STEP][PASSED] - else if (vidget.contains("электроэнергии") == true): null

02-12-2024T02:41:06 - [TEST_STEP][PASSED] - if (tabR == null): null

02-12-2024T02:41:06 - [TEST_STEP][PASSED] - else: null

02-12-2024T02:41:06 - [TEST_STEP][PASSED] - if (tabR == "нет данных"): null

02-12-2024T02:41:06 - [TEST_STEP][PASSED] - setValueToCellByIndex(sheet01, n, 4, "нет данных"): null

02-12-2024T02:41:06 - [TEST_STEP][PASSED] - if (tabB == null): null

02-12-2024T02:41:06 - [TEST_STEP][PASSED] - else: null

02-12-2024T02:41:06 - [TEST_STEP][PASSED] - if (tabB == "нет данных"): null

02-12-2024T02:41:06 - [TEST_STEP][PASSED] - else: null

02-12-2024T02:41:06 - [TEST_STEP][PASSED] - TB = tabB.toInteger(): null

02-12-2024T02:41:06 - [TEST_STEP][PASSED] - setValueToCellByIndex(sheet01, n, 5, TB): null

02-12-2024T02:41:06 - [TEST_STEP][PASSED] - setValueToCellByIndex(sheet01, n, 6, m): null

02-12-2024T02:41:06 - [TEST_STEP][PASSED] - setValueToCellByIndex(sheet01, n, 7, y): null

02-12-2024T02:41:06 - [TEST_STEP][PASSED] - setValueToCellByIndex(sheet01, n, 8, todaysDate): null

02-12-2024T02:41:06 - [TEST_STEP][PASSED] - n = n + 1: null

02-12-2024T02:41:06 - [TEST_STEP][PASSED] - saveWorkbook(excelFilePath, workbook01): null

02-12-2024T02:41:06 - [TEST_STEP][PASSED] - ii2 = a.indexOf("ПАО"): null

02-12-2024T02:41:06 - [TEST_STEP][PASSED] - if (ii2 == -1): null

02-12-2024T02:41:06 - [TEST_STEP][PASSED] - vidget = "Отклонения фактического уровня потерь от бизнес-плана": null

02-12-2024T02:41:06 - [TEST_STEP][PASSED] - typeOfData = "Коэффициент": null

02-12-2024T02:41:06 - [TEST_STEP][PASSED] - o1R = Geto1R(x = a): null

02-12-2024T02:41:06 - [TEST_STEP][PASSED] - i1 = <not implemented yet for class: org.codehaus.groovy.ast.expr.EmptyExpression>: null

02-12-2024T02:41:06 - [TEST_STEP][PASSED] - ii = <not implemented yet for class: org.codehaus.groovy.ast.expr.EmptyExpression>: null

02-12-2024T02:41:06 - [TEST_STEP][PASSED] - for ([ii = 1, ii < 10, (ii++)]): null

02-12-2024T02:41:06 - [TEST_STEP][PASSED] - i1 = x.indexOf("/") + 1: null

02-12-2024T02:41:06 - [TEST_STEP][PASSED] - if (i1 > -1): null

02-12-2024T02:41:06 - [TEST_STEP][PASSED] - x = x.substring(i1, x.length()): null

02-12-2024T02:41:06 - [TEST_STEP][PASSED] - i1 = x.indexOf("/") + 1: null

02-12-2024T02:41:06 - [TEST_STEP][PASSED] - if (i1 > -1): null

02-12-2024T02:41:06 - [TEST_STEP][PASSED] - x = x.substring(i1, x.length()): null

02-12-2024T02:41:06 - [TEST_STEP][PASSED] - i1 = x.indexOf("/") + 1: null

02-12-2024T02:41:06 - [TEST_STEP][PASSED] - if (i1 > -1): null

02-12-2024T02:41:06 - [TEST_STEP][PASSED] - x = x.substring(i1, x.length()): null

02-12-2024T02:41:06 - [TEST_STEP][PASSED] - i1 = x.indexOf("/") + 1: null

02-12-2024T02:41:06 - [TEST_STEP][PASSED] - if (i1 > -1): null

02-12-2024T02:41:06 - [TEST_STEP][PASSED] - x = x.substring(i1, x.length()): null

02-12-2024T02:41:06 - [TEST_STEP][PASSED] - i1 = x.indexOf("/") + 1: null

02-12-2024T02:41:06 - [TEST_STEP][PASSED] - if (i1 > -1): null

02-12-2024T02:41:06 - [TEST_STEP][PASSED] - x = x.substring(i1, x.length()): null

02-12-2024T02:41:06 - [TEST_STEP][PASSED] - i1 = x.indexOf("/") + 1: null

02-12-2024T02:41:06 - [TEST_STEP][PASSED] - if (i1 > -1): null

02-12-2024T02:41:06 - [TEST_STEP][PASSED] - x = x.substring(i1, x.length()): null

02-12-2024T02:41:06 - [TEST_STEP][PASSED] - i1 = x.indexOf("/") + 1: null

02-12-2024T02:41:06 - [TEST_STEP][PASSED] - if (i1 > -1): null

02-12-2024T02:41:06 - [TEST_STEP][PASSED] - x = x.substring(i1, x.length()): null

02-12-2024T02:41:06 - [TEST_STEP][PASSED] - i1 = x.indexOf("/") + 1: null

02-12-2024T02:41:06 - [TEST_STEP][PASSED] - if (i1 > -1): null

02-12-2024T02:41:06 - [TEST_STEP][PASSED] - x = x.substring(i1, x.length()): null

02-12-2024T02:41:06 - [TEST_STEP][PASSED] - i1 = x.indexOf("/") + 1: null

02-12-2024T02:41:06 - [TEST_STEP][PASSED] - if (i1 > -1): null

02-12-2024T02:41:06 - [TEST_STEP][PASSED] - x = x.substring(i1, x.length()): null

02-12-2024T02:41:06 - [TEST_STEP][PASSED] - i1 = x.indexOf("/"): null

02-12-2024T02:41:06 - [TEST_STEP][PASSED] - if (i1 > -1): null

02-12-2024T02:41:06 - [TEST_STEP][PASSED] - println(x): null

02-12-2024T02:41:06 - [TEST_STEP][PASSED] - return x: null

02-12-2024T02:41:06 - [TEST_STEP][PASSED] - o1B = Geto1B(x = b): null

02-12-2024T02:41:06 - [TEST_STEP][PASSED] - i1 = <not implemented yet for class: org.codehaus.groovy.ast.expr.EmptyExpression>: null

02-12-2024T02:41:06 - [TEST_STEP][PASSED] - ii = <not implemented yet for class: org.codehaus.groovy.ast.expr.EmptyExpression>: null

02-12-2024T02:41:06 - [TEST_STEP][PASSED] - for ([ii = 1, ii < 10, (ii++)]): null

02-12-2024T02:41:06 - [TEST_STEP][PASSED] - i1 = x.indexOf("/") + 1: null

02-12-2024T02:41:06 - [TEST_STEP][PASSED] - if (i1 > -1): null

02-12-2024T02:41:06 - [TEST_STEP][PASSED] - x = x.substring(i1, x.length()): null

02-12-2024T02:41:06 - [TEST_STEP][PASSED] - i1 = x.indexOf("/") + 1: null

02-12-2024T02:41:06 - [TEST_STEP][PASSED] - if (i1 > -1): null

02-12-2024T02:41:06 - [TEST_STEP][PASSED] - x = x.substring(i1, x.length()): null

02-12-2024T02:41:06 - [TEST_STEP][PASSED] - i1 = x.indexOf("/") + 1: null

02-12-2024T02:41:06 - [TEST_STEP][PASSED] - if (i1 > -1): null

02-12-2024T02:41:06 - [TEST_STEP][PASSED] - x = x.substring(i1, x.length()): null

02-12-2024T02:41:06 - [TEST_STEP][PASSED] - i1 = x.indexOf("/") + 1: null

02-12-2024T02:41:06 - [TEST_STEP][PASSED] - if (i1 > -1): null

02-12-2024T02:41:06 - [TEST_STEP][PASSED] - x = x.substring(i1, x.length()): null

02-12-2024T02:41:06 - [TEST_STEP][PASSED] - i1 = x.indexOf("/") + 1: null

02-12-2024T02:41:06 - [TEST_STEP][PASSED] - if (i1 > -1): null

02-12-2024T02:41:06 - [TEST_STEP][PASSED] - x = x.substring(i1, x.length()): null

02-12-2024T02:41:06 - [TEST_STEP][PASSED] - i1 = x.indexOf("/") + 1: null

02-12-2024T02:41:06 - [TEST_STEP][PASSED] - if (i1 > -1): null

02-12-2024T02:41:06 - [TEST_STEP][PASSED] - x = x.substring(i1, x.length()): null

02-12-2024T02:41:06 - [TEST_STEP][PASSED] - i1 = x.indexOf("/") + 1: null

02-12-2024T02:41:06 - [TEST_STEP][PASSED] - if (i1 > -1): null

02-12-2024T02:41:06 - [TEST_STEP][PASSED] - x = x.substring(i1, x.length()): null

02-12-2024T02:41:06 - [TEST_STEP][PASSED] - i1 = x.indexOf("/") + 1: null

02-12-2024T02:41:06 - [TEST_STEP][PASSED] - if (i1 > -1): null

02-12-2024T02:41:06 - [TEST_STEP][PASSED] - x = x.substring(i1, x.length()): null

02-12-2024T02:41:06 - [TEST_STEP][PASSED] - i1 = x.indexOf("/") + 1: null

02-12-2024T02:41:06 - [TEST_STEP][PASSED] - if (i1 > -1): null

02-12-2024T02:41:06 - [TEST_STEP][PASSED] - x = x.substring(i1, x.length()): null

02-12-2024T02:41:06 - [TEST_STEP][PASSED] - i1 = x.indexOf("/"): null

02-12-2024T02:41:06 - [TEST_STEP][PASSED] - if (i1 > -1): null

02-12-2024T02:41:06 - [TEST_STEP][PASSED] - println(x): null

02-12-2024T02:41:06 - [TEST_STEP][FAILED] - return x: null

02-12-2024T02:41:06 - [TEST_STEP][PASSED] - println(o1R + "/" + o1B): null

02-12-2024T02:41:06 - [TEST_STEP][FAILED] - if (verifyEqual(PercFactR, PercFactB) == false): null

02-12-2024T02:41:06 - [MESSAGE][FAILED] - Unable to verify equal between actual object 'нет данных' and expected object '8.58' (Root cause: com.kms.katalon.core.exception.StepFailedException: Actual object 'нет данных' and expected object '8.58' are not equal
	at com.kms.katalon.core.keyword.builtin.VerifyEqualKeyword$_verifyEqual_closure1.doCall(VerifyEqualKeyword.groovy:58)
	at com.kms.katalon.core.keyword.builtin.VerifyEqualKeyword$_verifyEqual_closure1.call(VerifyEqualKeyword.groovy)
	at com.kms.katalon.core.keyword.internal.KeywordMain.runKeyword(KeywordMain.groovy:75)
	at com.kms.katalon.core.keyword.builtin.VerifyEqualKeyword.verifyEqual(VerifyEqualKeyword.groovy:63)
	at com.kms.katalon.core.keyword.builtin.VerifyEqualKeyword.execute(VerifyEqualKeyword.groovy:44)
	at com.kms.katalon.core.keyword.internal.KeywordExecutor.executeKeywordForPlatform(KeywordExecutor.groovy:74)
	at com.kms.katalon.core.keyword.BuiltinKeywords.verifyEqual(BuiltinKeywords.groovy:146)
	at jdk.internal.reflect.GeneratedMethodAccessor25.invoke(Unknown Source)
	at java.base/jdk.internal.reflect.DelegatingMethodAccessorImpl.invoke(DelegatingMethodAccessorImpl.java:43)
	at Выполнение бизнес-плана сверка дашбордов.CompareDZOData(Выполнение бизнес-плана сверка дашбордов:789)
	at Выполнение бизнес-плана сверка дашбордов.run(Выполнение бизнес-плана сверка дашбордов:658)
	at com.kms.katalon.core.main.ScriptEngine.run(ScriptEngine.java:194)
	at com.kms.katalon.core.main.ScriptEngine.runScriptAsRawText(ScriptEngine.java:119)
	at com.kms.katalon.core.main.TestCaseExecutor.runScript(TestCaseExecutor.java:448)
	at com.kms.katalon.core.main.TestCaseExecutor.doExecute(TestCaseExecutor.java:439)
	at com.kms.katalon.core.main.TestCaseExecutor.processExecutionPhase(TestCaseExecutor.java:418)
	at com.kms.katalon.core.main.TestCaseExecutor.accessMainPhase(TestCaseExecutor.java:410)
	at com.kms.katalon.core.main.TestCaseExecutor.execute(TestCaseExecutor.java:285)
	at com.kms.katalon.core.common.CommonExecutor.accessTestCaseMainPhase(CommonExecutor.java:65)
	at com.kms.katalon.core.main.TestSuiteExecutor.accessTestSuiteMainPhase(TestSuiteExecutor.java:150)
	at com.kms.katalon.core.main.TestSuiteExecutor.execute(TestSuiteExecutor.java:106)
	at com.kms.katalon.core.main.TestCaseMain.startTestSuite(TestCaseMain.java:180)
	at TempTestSuite1733095732962.run(TempTestSuite1733095732962.groovy:35)
	at java.base/jdk.internal.reflect.NativeMethodAccessorImpl.invoke0(Native Method)
	at java.base/jdk.internal.reflect.NativeMethodAccessorImpl.invoke(NativeMethodAccessorImpl.java:77)
	at java.base/jdk.internal.reflect.DelegatingMethodAccessorImpl.invoke(DelegatingMethodAccessorImpl.java:43)
)

02-12-2024T02:41:06 - [TEST_STEP][PASSED] - result = WriteToExcel(typeOfData, todaysDate, PercPlanR, PercPlanB, PercFactR, PercFactB, x, tabR, tabB, o1R, o1B, vidget): null

02-12-2024T02:41:06 - [TEST_STEP][PASSED] - iii = dZO.indexOf("/"): null

02-12-2024T02:41:06 - [TEST_STEP][PASSED] - println(iii): null

02-12-2024T02:41:06 - [TEST_STEP][PASSED] - dZO = dZO.substring(0, iii): null

02-12-2024T02:41:06 - [TEST_STEP][PASSED] - println(dZO): null

02-12-2024T02:41:06 - [TEST_STEP][PASSED] - println(PercPlanR): null

02-12-2024T02:41:06 - [TEST_STEP][PASSED] - println(PercPlanB): null

02-12-2024T02:41:06 - [TEST_STEP][PASSED] - println(PercFactR): null

02-12-2024T02:41:06 - [TEST_STEP][PASSED] - println(PercFactB): null

02-12-2024T02:41:06 - [TEST_STEP][PASSED] - println(tabR): null

02-12-2024T02:41:06 - [TEST_STEP][PASSED] - println(tabB): null

02-12-2024T02:41:06 - [TEST_STEP][PASSED] - println(o1R): null

02-12-2024T02:41:06 - [TEST_STEP][PASSED] - println(o1B): null

02-12-2024T02:41:06 - [TEST_STEP][PASSED] - PR = <not implemented yet for class: org.codehaus.groovy.ast.expr.EmptyExpression>: null

02-12-2024T02:41:06 - [TEST_STEP][PASSED] - FR = <not implemented yet for class: org.codehaus.groovy.ast.expr.EmptyExpression>: null

02-12-2024T02:41:06 - [TEST_STEP][PASSED] - PB = <not implemented yet for class: org.codehaus.groovy.ast.expr.EmptyExpression>: null

02-12-2024T02:41:06 - [TEST_STEP][PASSED] - FB = <not implemented yet for class: org.codehaus.groovy.ast.expr.EmptyExpression>: null

02-12-2024T02:41:06 - [TEST_STEP][PASSED] - TR = <not implemented yet for class: org.codehaus.groovy.ast.expr.EmptyExpression>: null

02-12-2024T02:41:06 - [TEST_STEP][PASSED] - TB = <not implemented yet for class: org.codehaus.groovy.ast.expr.EmptyExpression>: null

02-12-2024T02:41:06 - [TEST_STEP][PASSED] - sheetName = "Sheet1": null

02-12-2024T02:41:06 - [TEST_STEP][PASSED] - data = findTestData("PlanFact"): null

02-12-2024T02:41:06 - [TEST_STEP][PASSED] - n = data.getRowNumbers() + 1: null

02-12-2024T02:41:06 - [TEST_STEP][PASSED] - year = todaysDate.substring(todaysDate.length() - 4, todaysDate.length()): null

02-12-2024T02:41:06 - [TEST_STEP][PASSED] - y = year.toInteger(): null

02-12-2024T02:41:06 - [TEST_STEP][PASSED] - m = getText(findTestObject("Выполнение бизнес-плана/Выполнение бизнес-плана Балансы/Фильтр Дата")): Text of object 'Object Repository/Выполнение бизнес-плана/Выполнение бизнес-плана Балансы/Фильтр Дата' is: '1, 2, 3 кв., Октябрь 2024 года'

02-12-2024T02:41:06 - [MESSAGE][PASSED] - Text of object 'Object Repository/Выполнение бизнес-плана/Выполнение бизнес-плана Балансы/Фильтр Дата' is: '1, 2, 3 кв., Октябрь 2024 года'

02-12-2024T02:41:06 - [TEST_STEP][PASSED] - m = m.substring(0, m.indexOf("2024")): null

02-12-2024T02:41:06 - [TEST_STEP][PASSED] - m = m.trim(): null

02-12-2024T02:41:06 - [TEST_STEP][PASSED] - dashboardName = "Выполнение бизнес-плана": null

02-12-2024T02:41:06 - [TEST_STEP][PASSED] - workbook01 = getWorkbook(excelFilePath): null

02-12-2024T02:41:06 - [TEST_STEP][PASSED] - sheet01 = getExcelSheet(workbook01, sheetName): null

02-12-2024T02:41:06 - [TEST_STEP][PASSED] - setValueToCellByIndex(sheet01, n, 0, dashboardName): null

02-12-2024T02:41:06 - [TEST_STEP][PASSED] - setValueToCellByIndex(sheet01, n, 1, dZO): null

02-12-2024T02:41:06 - [TEST_STEP][PASSED] - setValueToCellByIndex(sheet01, n, 2, typeOfData): null

02-12-2024T02:41:06 - [TEST_STEP][PASSED] - setValueToCellByIndex(sheet01, n, 3, typeOfData): null

02-12-2024T02:41:06 - [TEST_STEP][PASSED] - if (typeOfData == "План"): null

02-12-2024T02:41:06 - [TEST_STEP][PASSED] - else if (typeOfData == "Факт"): null

02-12-2024T02:41:06 - [TEST_STEP][PASSED] - else if (vidget.contains("электроэнергии") == true): null

02-12-2024T02:41:06 - [TEST_STEP][PASSED] - else: null

02-12-2024T02:41:06 - [TEST_STEP][PASSED] - if (o1R == null): null

02-12-2024T02:41:06 - [TEST_STEP][PASSED] - else: null

02-12-2024T02:41:06 - [TEST_STEP][PASSED] - if (o1R == "нет данных"): null

02-12-2024T02:41:06 - [TEST_STEP][PASSED] - setValueToCellByIndex(sheet01, n, 4, "нет данных"): null

02-12-2024T02:41:06 - [TEST_STEP][PASSED] - if (o1B == null): null

02-12-2024T02:41:06 - [TEST_STEP][PASSED] - else: null

02-12-2024T02:41:06 - [TEST_STEP][PASSED] - if (o1B == "нет данных"): null

02-12-2024T02:41:06 - [TEST_STEP][PASSED] - else: null

02-12-2024T02:41:06 - [TEST_STEP][PASSED] - FB = o1B.toDouble(): null

02-12-2024T02:41:06 - [TEST_STEP][PASSED] - setValueToCellByIndex(sheet01, n, 5, FB): null

02-12-2024T02:41:06 - [TEST_STEP][PASSED] - setValueToCellByIndex(sheet01, n, 6, m): null

02-12-2024T02:41:06 - [TEST_STEP][PASSED] - setValueToCellByIndex(sheet01, n, 7, y): null

02-12-2024T02:41:06 - [TEST_STEP][PASSED] - setValueToCellByIndex(sheet01, n, 8, todaysDate): null

02-12-2024T02:41:06 - [TEST_STEP][PASSED] - n = n + 1: null

02-12-2024T02:41:06 - [TEST_STEP][FAILED] - saveWorkbook(excelFilePath, workbook01): null

02-12-2024T02:41:06 - [TEST_STEP][FAILED] - if (verifyEqual(yR, yB) == false): null

02-12-2024T02:41:06 - [MESSAGE][FAILED] - Unable to verify equal between actual object 'Россети Янтарь/нет данных/нет данных/нет данных/нет данных/нет данных/нет данных/нет данных/нет данных/нет данных' and expected object 'Россети Янтарь/8.82/8.76/3757223/3428012/329211/3603098/3285438/317660/-0.05' (Root cause: com.kms.katalon.core.exception.StepFailedException: Actual object 'Россети Янтарь/нет данных/нет данных/нет данных/нет данных/нет данных/нет данных/нет данных/нет данных/нет данных' and expected object 'Россети Янтарь/8.82/8.76/3757223/3428012/329211/3603098/3285438/317660/-0.05' are not equal
	at com.kms.katalon.core.keyword.builtin.VerifyEqualKeyword$_verifyEqual_closure1.doCall(VerifyEqualKeyword.groovy:58)
	at com.kms.katalon.core.keyword.builtin.VerifyEqualKeyword$_verifyEqual_closure1.call(VerifyEqualKeyword.groovy)
	at com.kms.katalon.core.keyword.internal.KeywordMain.runKeyword(KeywordMain.groovy:75)
	at com.kms.katalon.core.keyword.builtin.VerifyEqualKeyword.verifyEqual(VerifyEqualKeyword.groovy:63)
	at com.kms.katalon.core.keyword.builtin.VerifyEqualKeyword.execute(VerifyEqualKeyword.groovy:44)
	at com.kms.katalon.core.keyword.internal.KeywordExecutor.executeKeywordForPlatform(KeywordExecutor.groovy:74)
	at com.kms.katalon.core.keyword.BuiltinKeywords.verifyEqual(BuiltinKeywords.groovy:146)
	at jdk.internal.reflect.GeneratedMethodAccessor25.invoke(Unknown Source)
	at java.base/jdk.internal.reflect.DelegatingMethodAccessorImpl.invoke(DelegatingMethodAccessorImpl.java:43)
	at Выполнение бизнес-плана сверка дашбордов.run(Выполнение бизнес-плана сверка дашбордов:662)
	at com.kms.katalon.core.main.ScriptEngine.run(ScriptEngine.java:194)
	at com.kms.katalon.core.main.ScriptEngine.runScriptAsRawText(ScriptEngine.java:119)
	at com.kms.katalon.core.main.TestCaseExecutor.runScript(TestCaseExecutor.java:448)
	at com.kms.katalon.core.main.TestCaseExecutor.doExecute(TestCaseExecutor.java:439)
	at com.kms.katalon.core.main.TestCaseExecutor.processExecutionPhase(TestCaseExecutor.java:418)
	at com.kms.katalon.core.main.TestCaseExecutor.accessMainPhase(TestCaseExecutor.java:410)
	at com.kms.katalon.core.main.TestCaseExecutor.execute(TestCaseExecutor.java:285)
	at com.kms.katalon.core.common.CommonExecutor.accessTestCaseMainPhase(CommonExecutor.java:65)
	at com.kms.katalon.core.main.TestSuiteExecutor.accessTestSuiteMainPhase(TestSuiteExecutor.java:150)
	at com.kms.katalon.core.main.TestSuiteExecutor.execute(TestSuiteExecutor.java:106)
	at com.kms.katalon.core.main.TestCaseMain.startTestSuite(TestCaseMain.java:180)
	at TempTestSuite1733095732962.run(TempTestSuite1733095732962.groovy:35)
	at java.base/jdk.internal.reflect.NativeMethodAccessorImpl.invoke0(Native Method)
	at java.base/jdk.internal.reflect.NativeMethodAccessorImpl.invoke(NativeMethodAccessorImpl.java:77)
	at java.base/jdk.internal.reflect.DelegatingMethodAccessorImpl.invoke(DelegatingMethodAccessorImpl.java:43)
)

02-12-2024T02:41:06 - [TEST_STEP][PASSED] - result = CompareDZOData(a = yR, b = yB, dZO, typeOfData, PercPlanR, PercPlanB, PercFactR, PercFactB, todaysDate, x, vidget, tabR, tabB, o1R, o1B): null

02-12-2024T02:41:06 - [TEST_STEP][PASSED] - ii2 = <not implemented yet for class: org.codehaus.groovy.ast.expr.EmptyExpression>: null

02-12-2024T02:41:06 - [TEST_STEP][FAILED] - if (verifyEqual(a, b) == false): null

02-12-2024T02:41:06 - [MESSAGE][FAILED] - Unable to verify equal between actual object 'Россети Янтарь/нет данных/нет данных/нет данных/нет данных/нет данных/нет данных/нет данных/нет данных/нет данных' and expected object 'Россети Янтарь/8.82/8.76/3757223/3428012/329211/3603098/3285438/317660/-0.05' (Root cause: com.kms.katalon.core.exception.StepFailedException: Actual object 'Россети Янтарь/нет данных/нет данных/нет данных/нет данных/нет данных/нет данных/нет данных/нет данных/нет данных' and expected object 'Россети Янтарь/8.82/8.76/3757223/3428012/329211/3603098/3285438/317660/-0.05' are not equal
	at com.kms.katalon.core.keyword.builtin.VerifyEqualKeyword$_verifyEqual_closure1.doCall(VerifyEqualKeyword.groovy:58)
	at com.kms.katalon.core.keyword.builtin.VerifyEqualKeyword$_verifyEqual_closure1.call(VerifyEqualKeyword.groovy)
	at com.kms.katalon.core.keyword.internal.KeywordMain.runKeyword(KeywordMain.groovy:75)
	at com.kms.katalon.core.keyword.builtin.VerifyEqualKeyword.verifyEqual(VerifyEqualKeyword.groovy:63)
	at com.kms.katalon.core.keyword.builtin.VerifyEqualKeyword.execute(VerifyEqualKeyword.groovy:44)
	at com.kms.katalon.core.keyword.internal.KeywordExecutor.executeKeywordForPlatform(KeywordExecutor.groovy:74)
	at com.kms.katalon.core.keyword.BuiltinKeywords.verifyEqual(BuiltinKeywords.groovy:146)
	at jdk.internal.reflect.GeneratedMethodAccessor25.invoke(Unknown Source)
	at java.base/jdk.internal.reflect.DelegatingMethodAccessorImpl.invoke(DelegatingMethodAccessorImpl.java:43)
	at Выполнение бизнес-плана сверка дашбордов.CompareDZOData(Выполнение бизнес-плана сверка дашбордов:673)
	at Выполнение бизнес-плана сверка дашбордов.run(Выполнение бизнес-плана сверка дашбордов:663)
	at com.kms.katalon.core.main.ScriptEngine.run(ScriptEngine.java:194)
	at com.kms.katalon.core.main.ScriptEngine.runScriptAsRawText(ScriptEngine.java:119)
	at com.kms.katalon.core.main.TestCaseExecutor.runScript(TestCaseExecutor.java:448)
	at com.kms.katalon.core.main.TestCaseExecutor.doExecute(TestCaseExecutor.java:439)
	at com.kms.katalon.core.main.TestCaseExecutor.processExecutionPhase(TestCaseExecutor.java:418)
	at com.kms.katalon.core.main.TestCaseExecutor.accessMainPhase(TestCaseExecutor.java:410)
	at com.kms.katalon.core.main.TestCaseExecutor.execute(TestCaseExecutor.java:285)
	at com.kms.katalon.core.common.CommonExecutor.accessTestCaseMainPhase(CommonExecutor.java:65)
	at com.kms.katalon.core.main.TestSuiteExecutor.accessTestSuiteMainPhase(TestSuiteExecutor.java:150)
	at com.kms.katalon.core.main.TestSuiteExecutor.execute(TestSuiteExecutor.java:106)
	at com.kms.katalon.core.main.TestCaseMain.startTestSuite(TestCaseMain.java:180)
	at TempTestSuite1733095732962.run(TempTestSuite1733095732962.groovy:35)
	at java.base/jdk.internal.reflect.NativeMethodAccessorImpl.invoke0(Native Method)
	at java.base/jdk.internal.reflect.NativeMethodAccessorImpl.invoke(NativeMethodAccessorImpl.java:77)
	at java.base/jdk.internal.reflect.DelegatingMethodAccessorImpl.invoke(DelegatingMethodAccessorImpl.java:43)
)

02-12-2024T02:41:06 - [TEST_STEP][PASSED] - vidget = "Уровень потерь электроэнергии": null

02-12-2024T02:41:06 - [TEST_STEP][PASSED] - typeOfData = "План": null

02-12-2024T02:41:06 - [TEST_STEP][PASSED] - PercPlanR = GetPercPlanR(x = a): null

02-12-2024T02:41:06 - [TEST_STEP][PASSED] - i1 = <not implemented yet for class: org.codehaus.groovy.ast.expr.EmptyExpression>: null

02-12-2024T02:41:06 - [TEST_STEP][PASSED] - i1 = x.indexOf("/") + 1: null

02-12-2024T02:41:06 - [TEST_STEP][PASSED] - if (i1 > -1): null

02-12-2024T02:41:06 - [TEST_STEP][PASSED] - x = x.substring(i1, x.length()): null

02-12-2024T02:41:06 - [TEST_STEP][PASSED] - i1 = x.indexOf("/"): null

02-12-2024T02:41:06 - [TEST_STEP][PASSED] - if (i1 > -1): null

02-12-2024T02:41:06 - [TEST_STEP][PASSED] - x = x.substring(0, i1): null

02-12-2024T02:41:06 - [TEST_STEP][PASSED] - return x: null

02-12-2024T02:41:06 - [TEST_STEP][PASSED] - PercPlanB = GetPercPlanB(x = b): null

02-12-2024T02:41:06 - [TEST_STEP][PASSED] - i1 = <not implemented yet for class: org.codehaus.groovy.ast.expr.EmptyExpression>: null

02-12-2024T02:41:06 - [TEST_STEP][PASSED] - i1 = x.indexOf("/") + 1: null

02-12-2024T02:41:06 - [TEST_STEP][PASSED] - if (i1 > -1): null

02-12-2024T02:41:06 - [TEST_STEP][PASSED] - x = x.substring(i1, x.length()): null

02-12-2024T02:41:06 - [TEST_STEP][PASSED] - i1 = x.indexOf("/"): null

02-12-2024T02:41:06 - [TEST_STEP][PASSED] - if (i1 > -1): null

02-12-2024T02:41:06 - [TEST_STEP][PASSED] - x = x.substring(0, i1): null

02-12-2024T02:41:06 - [TEST_STEP][FAILED] - return x: null

02-12-2024T02:41:06 - [TEST_STEP][FAILED] - if (verifyEqual(PercPlanR, PercPlanB) == false): null

02-12-2024T02:41:06 - [MESSAGE][FAILED] - Unable to verify equal between actual object 'нет данных' and expected object '8.82' (Root cause: com.kms.katalon.core.exception.StepFailedException: Actual object 'нет данных' and expected object '8.82' are not equal
	at com.kms.katalon.core.keyword.builtin.VerifyEqualKeyword$_verifyEqual_closure1.doCall(VerifyEqualKeyword.groovy:58)
	at com.kms.katalon.core.keyword.builtin.VerifyEqualKeyword$_verifyEqual_closure1.call(VerifyEqualKeyword.groovy)
	at com.kms.katalon.core.keyword.internal.KeywordMain.runKeyword(KeywordMain.groovy:75)
	at com.kms.katalon.core.keyword.builtin.VerifyEqualKeyword.verifyEqual(VerifyEqualKeyword.groovy:63)
	at com.kms.katalon.core.keyword.builtin.VerifyEqualKeyword.execute(VerifyEqualKeyword.groovy:44)
	at com.kms.katalon.core.keyword.internal.KeywordExecutor.executeKeywordForPlatform(KeywordExecutor.groovy:74)
	at com.kms.katalon.core.keyword.BuiltinKeywords.verifyEqual(BuiltinKeywords.groovy:146)
	at jdk.internal.reflect.GeneratedMethodAccessor25.invoke(Unknown Source)
	at java.base/jdk.internal.reflect.DelegatingMethodAccessorImpl.invoke(DelegatingMethodAccessorImpl.java:43)
	at Выполнение бизнес-плана сверка дашбордов.CompareDZOData(Выполнение бизнес-плана сверка дашбордов:682)
	at Выполнение бизнес-плана сверка дашбордов.run(Выполнение бизнес-плана сверка дашбордов:663)
	at com.kms.katalon.core.main.ScriptEngine.run(ScriptEngine.java:194)
	at com.kms.katalon.core.main.ScriptEngine.runScriptAsRawText(ScriptEngine.java:119)
	at com.kms.katalon.core.main.TestCaseExecutor.runScript(TestCaseExecutor.java:448)
	at com.kms.katalon.core.main.TestCaseExecutor.doExecute(TestCaseExecutor.java:439)
	at com.kms.katalon.core.main.TestCaseExecutor.processExecutionPhase(TestCaseExecutor.java:418)
	at com.kms.katalon.core.main.TestCaseExecutor.accessMainPhase(TestCaseExecutor.java:410)
	at com.kms.katalon.core.main.TestCaseExecutor.execute(TestCaseExecutor.java:285)
	at com.kms.katalon.core.common.CommonExecutor.accessTestCaseMainPhase(CommonExecutor.java:65)
	at com.kms.katalon.core.main.TestSuiteExecutor.accessTestSuiteMainPhase(TestSuiteExecutor.java:150)
	at com.kms.katalon.core.main.TestSuiteExecutor.execute(TestSuiteExecutor.java:106)
	at com.kms.katalon.core.main.TestCaseMain.startTestSuite(TestCaseMain.java:180)
	at TempTestSuite1733095732962.run(TempTestSuite1733095732962.groovy:35)
	at java.base/jdk.internal.reflect.NativeMethodAccessorImpl.invoke0(Native Method)
	at java.base/jdk.internal.reflect.NativeMethodAccessorImpl.invoke(NativeMethodAccessorImpl.java:77)
	at java.base/jdk.internal.reflect.DelegatingMethodAccessorImpl.invoke(DelegatingMethodAccessorImpl.java:43)
)

02-12-2024T02:41:06 - [TEST_STEP][PASSED] - result = WriteToExcel(typeOfData, todaysDate, PercPlanR, PercPlanB, PercFactR, PercFactB, x, tabR, tabB, o1R, o1B, vidget): null

02-12-2024T02:41:06 - [TEST_STEP][PASSED] - iii = dZO.indexOf("/"): null

02-12-2024T02:41:06 - [TEST_STEP][PASSED] - println(iii): null

02-12-2024T02:41:06 - [TEST_STEP][PASSED] - dZO = dZO.substring(0, iii): null

02-12-2024T02:41:06 - [TEST_STEP][PASSED] - println(dZO): null

02-12-2024T02:41:06 - [TEST_STEP][PASSED] - println(PercPlanR): null

02-12-2024T02:41:06 - [TEST_STEP][PASSED] - println(PercPlanB): null

02-12-2024T02:41:06 - [TEST_STEP][PASSED] - println(PercFactR): null

02-12-2024T02:41:06 - [TEST_STEP][PASSED] - println(PercFactB): null

02-12-2024T02:41:06 - [TEST_STEP][PASSED] - println(tabR): null

02-12-2024T02:41:06 - [TEST_STEP][PASSED] - println(tabB): null

02-12-2024T02:41:06 - [TEST_STEP][PASSED] - println(o1R): null

02-12-2024T02:41:06 - [TEST_STEP][PASSED] - println(o1B): null

02-12-2024T02:41:06 - [TEST_STEP][PASSED] - PR = <not implemented yet for class: org.codehaus.groovy.ast.expr.EmptyExpression>: null

02-12-2024T02:41:06 - [TEST_STEP][PASSED] - FR = <not implemented yet for class: org.codehaus.groovy.ast.expr.EmptyExpression>: null

02-12-2024T02:41:06 - [TEST_STEP][PASSED] - PB = <not implemented yet for class: org.codehaus.groovy.ast.expr.EmptyExpression>: null

02-12-2024T02:41:06 - [TEST_STEP][PASSED] - FB = <not implemented yet for class: org.codehaus.groovy.ast.expr.EmptyExpression>: null

02-12-2024T02:41:06 - [TEST_STEP][PASSED] - TR = <not implemented yet for class: org.codehaus.groovy.ast.expr.EmptyExpression>: null

02-12-2024T02:41:06 - [TEST_STEP][PASSED] - TB = <not implemented yet for class: org.codehaus.groovy.ast.expr.EmptyExpression>: null

02-12-2024T02:41:06 - [TEST_STEP][PASSED] - sheetName = "Sheet1": null

02-12-2024T02:41:06 - [TEST_STEP][PASSED] - data = findTestData("PlanFact"): null

02-12-2024T02:41:06 - [TEST_STEP][PASSED] - n = data.getRowNumbers() + 1: null

02-12-2024T02:41:06 - [TEST_STEP][PASSED] - year = todaysDate.substring(todaysDate.length() - 4, todaysDate.length()): null

02-12-2024T02:41:06 - [TEST_STEP][PASSED] - y = year.toInteger(): null

02-12-2024T02:41:06 - [TEST_STEP][PASSED] - m = getText(findTestObject("Выполнение бизнес-плана/Выполнение бизнес-плана Балансы/Фильтр Дата")): Text of object 'Object Repository/Выполнение бизнес-плана/Выполнение бизнес-плана Балансы/Фильтр Дата' is: '1, 2, 3 кв., Октябрь 2024 года'

02-12-2024T02:41:07 - [MESSAGE][PASSED] - Text of object 'Object Repository/Выполнение бизнес-плана/Выполнение бизнес-плана Балансы/Фильтр Дата' is: '1, 2, 3 кв., Октябрь 2024 года'

02-12-2024T02:41:07 - [TEST_STEP][PASSED] - m = m.substring(0, m.indexOf("2024")): null

02-12-2024T02:41:07 - [TEST_STEP][PASSED] - m = m.trim(): null

02-12-2024T02:41:07 - [TEST_STEP][PASSED] - dashboardName = "Выполнение бизнес-плана": null

02-12-2024T02:41:07 - [TEST_STEP][PASSED] - workbook01 = getWorkbook(excelFilePath): null

02-12-2024T02:41:07 - [TEST_STEP][PASSED] - sheet01 = getExcelSheet(workbook01, sheetName): null

02-12-2024T02:41:07 - [TEST_STEP][PASSED] - setValueToCellByIndex(sheet01, n, 0, dashboardName): null

02-12-2024T02:41:07 - [TEST_STEP][PASSED] - setValueToCellByIndex(sheet01, n, 1, dZO): null

02-12-2024T02:41:07 - [TEST_STEP][PASSED] - setValueToCellByIndex(sheet01, n, 2, typeOfData): null

02-12-2024T02:41:07 - [TEST_STEP][PASSED] - setValueToCellByIndex(sheet01, n, 3, typeOfData): null

02-12-2024T02:41:07 - [TEST_STEP][PASSED] - if (typeOfData == "План"): null

02-12-2024T02:41:07 - [TEST_STEP][PASSED] - if (PercPlanR == null): null

02-12-2024T02:41:07 - [TEST_STEP][PASSED] - else: null

02-12-2024T02:41:07 - [TEST_STEP][PASSED] - if (PercPlanR == "нет данных"): null

02-12-2024T02:41:07 - [TEST_STEP][PASSED] - setValueToCellByIndex(sheet01, n, 4, "нет данных"): null

02-12-2024T02:41:07 - [TEST_STEP][PASSED] - if (PercPlanB == null): null

02-12-2024T02:41:07 - [TEST_STEP][PASSED] - else: null

02-12-2024T02:41:07 - [TEST_STEP][PASSED] - if (PercPlanB == "нет данных"): null

02-12-2024T02:41:07 - [TEST_STEP][PASSED] - else: null

02-12-2024T02:41:07 - [TEST_STEP][PASSED] - PB = PercPlanB.toDouble(): null

02-12-2024T02:41:07 - [TEST_STEP][PASSED] - setValueToCellByIndex(sheet01, n, 5, PB): null

02-12-2024T02:41:07 - [TEST_STEP][PASSED] - setValueToCellByIndex(sheet01, n, 6, m): null

02-12-2024T02:41:07 - [TEST_STEP][PASSED] - setValueToCellByIndex(sheet01, n, 7, y): null

02-12-2024T02:41:07 - [TEST_STEP][PASSED] - setValueToCellByIndex(sheet01, n, 8, todaysDate): null

02-12-2024T02:41:07 - [TEST_STEP][PASSED] - n = n + 1: null

02-12-2024T02:41:07 - [TEST_STEP][PASSED] - saveWorkbook(excelFilePath, workbook01): null

02-12-2024T02:41:07 - [TEST_STEP][PASSED] - typeOfData = "Факт": null

02-12-2024T02:41:07 - [TEST_STEP][PASSED] - PercFactR = GetPercFactR(x = a): null

02-12-2024T02:41:07 - [TEST_STEP][PASSED] - i1 = <not implemented yet for class: org.codehaus.groovy.ast.expr.EmptyExpression>: null

02-12-2024T02:41:07 - [TEST_STEP][PASSED] - ii = <not implemented yet for class: org.codehaus.groovy.ast.expr.EmptyExpression>: null

02-12-2024T02:41:07 - [TEST_STEP][PASSED] - for ([ii = 1, ii < 3, (ii++)]): null

02-12-2024T02:41:07 - [TEST_STEP][PASSED] - i1 = x.indexOf("/") + 1: null

02-12-2024T02:41:07 - [TEST_STEP][PASSED] - if (i1 > -1): null

02-12-2024T02:41:07 - [TEST_STEP][PASSED] - x = x.substring(i1, x.length()): null

02-12-2024T02:41:07 - [TEST_STEP][PASSED] - println(x): null

02-12-2024T02:41:07 - [TEST_STEP][PASSED] - i1 = x.indexOf("/") + 1: null

02-12-2024T02:41:07 - [TEST_STEP][PASSED] - if (i1 > -1): null

02-12-2024T02:41:07 - [TEST_STEP][PASSED] - x = x.substring(i1, x.length()): null

02-12-2024T02:41:07 - [TEST_STEP][PASSED] - println(x): null

02-12-2024T02:41:07 - [TEST_STEP][PASSED] - i1 = x.indexOf("/"): null

02-12-2024T02:41:07 - [TEST_STEP][PASSED] - if (i1 > -1): null

02-12-2024T02:41:07 - [TEST_STEP][PASSED] - x = x.substring(0, i1): null

02-12-2024T02:41:07 - [TEST_STEP][PASSED] - println(x): null

02-12-2024T02:41:07 - [TEST_STEP][PASSED] - return x: null

02-12-2024T02:41:07 - [TEST_STEP][PASSED] - PercFactB = GetPercFactB(x = b): null

02-12-2024T02:41:07 - [TEST_STEP][PASSED] - i1 = <not implemented yet for class: org.codehaus.groovy.ast.expr.EmptyExpression>: null

02-12-2024T02:41:07 - [TEST_STEP][PASSED] - ii = <not implemented yet for class: org.codehaus.groovy.ast.expr.EmptyExpression>: null

02-12-2024T02:41:07 - [TEST_STEP][PASSED] - for ([ii = 1, ii < 3, (ii++)]): null

02-12-2024T02:41:07 - [TEST_STEP][PASSED] - i1 = x.indexOf("/") + 1: null

02-12-2024T02:41:07 - [TEST_STEP][PASSED] - if (i1 > -1): null

02-12-2024T02:41:07 - [TEST_STEP][PASSED] - x = x.substring(i1, x.length()): null

02-12-2024T02:41:07 - [TEST_STEP][PASSED] - println(x): null

02-12-2024T02:41:07 - [TEST_STEP][PASSED] - i1 = x.indexOf("/") + 1: null

02-12-2024T02:41:07 - [TEST_STEP][PASSED] - if (i1 > -1): null

02-12-2024T02:41:07 - [TEST_STEP][PASSED] - x = x.substring(i1, x.length()): null

02-12-2024T02:41:07 - [TEST_STEP][PASSED] - println(x): null

02-12-2024T02:41:07 - [TEST_STEP][PASSED] - i1 = x.indexOf("/"): null

02-12-2024T02:41:07 - [TEST_STEP][PASSED] - if (i1 > -1): null

02-12-2024T02:41:07 - [TEST_STEP][PASSED] - x = x.substring(0, i1): null

02-12-2024T02:41:07 - [TEST_STEP][PASSED] - println(x): null

02-12-2024T02:41:07 - [TEST_STEP][FAILED] - return x: null

02-12-2024T02:41:07 - [TEST_STEP][FAILED] - if (verifyEqual(PercFactR, PercFactB) == false): null

02-12-2024T02:41:07 - [MESSAGE][FAILED] - Unable to verify equal between actual object 'нет данных' and expected object '8.76' (Root cause: com.kms.katalon.core.exception.StepFailedException: Actual object 'нет данных' and expected object '8.76' are not equal
	at com.kms.katalon.core.keyword.builtin.VerifyEqualKeyword$_verifyEqual_closure1.doCall(VerifyEqualKeyword.groovy:58)
	at com.kms.katalon.core.keyword.builtin.VerifyEqualKeyword$_verifyEqual_closure1.call(VerifyEqualKeyword.groovy)
	at com.kms.katalon.core.keyword.internal.KeywordMain.runKeyword(KeywordMain.groovy:75)
	at com.kms.katalon.core.keyword.builtin.VerifyEqualKeyword.verifyEqual(VerifyEqualKeyword.groovy:63)
	at com.kms.katalon.core.keyword.builtin.VerifyEqualKeyword.execute(VerifyEqualKeyword.groovy:44)
	at com.kms.katalon.core.keyword.internal.KeywordExecutor.executeKeywordForPlatform(KeywordExecutor.groovy:74)
	at com.kms.katalon.core.keyword.BuiltinKeywords.verifyEqual(BuiltinKeywords.groovy:146)
	at jdk.internal.reflect.GeneratedMethodAccessor25.invoke(Unknown Source)
	at java.base/jdk.internal.reflect.DelegatingMethodAccessorImpl.invoke(DelegatingMethodAccessorImpl.java:43)
	at Выполнение бизнес-плана сверка дашбордов.CompareDZOData(Выполнение бизнес-плана сверка дашбордов:693)
	at Выполнение бизнес-плана сверка дашбордов.run(Выполнение бизнес-плана сверка дашбордов:663)
	at com.kms.katalon.core.main.ScriptEngine.run(ScriptEngine.java:194)
	at com.kms.katalon.core.main.ScriptEngine.runScriptAsRawText(ScriptEngine.java:119)
	at com.kms.katalon.core.main.TestCaseExecutor.runScript(TestCaseExecutor.java:448)
	at com.kms.katalon.core.main.TestCaseExecutor.doExecute(TestCaseExecutor.java:439)
	at com.kms.katalon.core.main.TestCaseExecutor.processExecutionPhase(TestCaseExecutor.java:418)
	at com.kms.katalon.core.main.TestCaseExecutor.accessMainPhase(TestCaseExecutor.java:410)
	at com.kms.katalon.core.main.TestCaseExecutor.execute(TestCaseExecutor.java:285)
	at com.kms.katalon.core.common.CommonExecutor.accessTestCaseMainPhase(CommonExecutor.java:65)
	at com.kms.katalon.core.main.TestSuiteExecutor.accessTestSuiteMainPhase(TestSuiteExecutor.java:150)
	at com.kms.katalon.core.main.TestSuiteExecutor.execute(TestSuiteExecutor.java:106)
	at com.kms.katalon.core.main.TestCaseMain.startTestSuite(TestCaseMain.java:180)
	at TempTestSuite1733095732962.run(TempTestSuite1733095732962.groovy:35)
	at java.base/jdk.internal.reflect.NativeMethodAccessorImpl.invoke0(Native Method)
	at java.base/jdk.internal.reflect.NativeMethodAccessorImpl.invoke(NativeMethodAccessorImpl.java:77)
	at java.base/jdk.internal.reflect.DelegatingMethodAccessorImpl.invoke(DelegatingMethodAccessorImpl.java:43)
)

02-12-2024T02:41:07 - [TEST_STEP][PASSED] - result = WriteToExcel(typeOfData, todaysDate, PercPlanR, PercPlanB, PercFactR, PercFactB, x, tabR, tabB, o1R, o1B, vidget): null

02-12-2024T02:41:07 - [TEST_STEP][PASSED] - iii = dZO.indexOf("/"): null

02-12-2024T02:41:07 - [TEST_STEP][PASSED] - println(iii): null

02-12-2024T02:41:07 - [TEST_STEP][PASSED] - dZO = dZO.substring(0, iii): null

02-12-2024T02:41:07 - [TEST_STEP][PASSED] - println(dZO): null

02-12-2024T02:41:07 - [TEST_STEP][PASSED] - println(PercPlanR): null

02-12-2024T02:41:07 - [TEST_STEP][PASSED] - println(PercPlanB): null

02-12-2024T02:41:07 - [TEST_STEP][PASSED] - println(PercFactR): null

02-12-2024T02:41:07 - [TEST_STEP][PASSED] - println(PercFactB): null

02-12-2024T02:41:07 - [TEST_STEP][PASSED] - println(tabR): null

02-12-2024T02:41:07 - [TEST_STEP][PASSED] - println(tabB): null

02-12-2024T02:41:07 - [TEST_STEP][PASSED] - println(o1R): null

02-12-2024T02:41:07 - [TEST_STEP][PASSED] - println(o1B): null

02-12-2024T02:41:07 - [TEST_STEP][PASSED] - PR = <not implemented yet for class: org.codehaus.groovy.ast.expr.EmptyExpression>: null

02-12-2024T02:41:07 - [TEST_STEP][PASSED] - FR = <not implemented yet for class: org.codehaus.groovy.ast.expr.EmptyExpression>: null

02-12-2024T02:41:07 - [TEST_STEP][PASSED] - PB = <not implemented yet for class: org.codehaus.groovy.ast.expr.EmptyExpression>: null

02-12-2024T02:41:07 - [TEST_STEP][PASSED] - FB = <not implemented yet for class: org.codehaus.groovy.ast.expr.EmptyExpression>: null

02-12-2024T02:41:07 - [TEST_STEP][PASSED] - TR = <not implemented yet for class: org.codehaus.groovy.ast.expr.EmptyExpression>: null

02-12-2024T02:41:07 - [TEST_STEP][PASSED] - TB = <not implemented yet for class: org.codehaus.groovy.ast.expr.EmptyExpression>: null

02-12-2024T02:41:07 - [TEST_STEP][PASSED] - sheetName = "Sheet1": null

02-12-2024T02:41:07 - [TEST_STEP][PASSED] - data = findTestData("PlanFact"): null

02-12-2024T02:41:07 - [TEST_STEP][PASSED] - n = data.getRowNumbers() + 1: null

02-12-2024T02:41:07 - [TEST_STEP][PASSED] - year = todaysDate.substring(todaysDate.length() - 4, todaysDate.length()): null

02-12-2024T02:41:07 - [TEST_STEP][PASSED] - y = year.toInteger(): null

02-12-2024T02:41:07 - [TEST_STEP][PASSED] - m = getText(findTestObject("Выполнение бизнес-плана/Выполнение бизнес-плана Балансы/Фильтр Дата")): Text of object 'Object Repository/Выполнение бизнес-плана/Выполнение бизнес-плана Балансы/Фильтр Дата' is: '1, 2, 3 кв., Октябрь 2024 года'

02-12-2024T02:41:07 - [MESSAGE][PASSED] - Text of object 'Object Repository/Выполнение бизнес-плана/Выполнение бизнес-плана Балансы/Фильтр Дата' is: '1, 2, 3 кв., Октябрь 2024 года'

02-12-2024T02:41:07 - [TEST_STEP][PASSED] - m = m.substring(0, m.indexOf("2024")): null

02-12-2024T02:41:07 - [TEST_STEP][PASSED] - m = m.trim(): null

02-12-2024T02:41:07 - [TEST_STEP][PASSED] - dashboardName = "Выполнение бизнес-плана": null

02-12-2024T02:41:07 - [TEST_STEP][PASSED] - workbook01 = getWorkbook(excelFilePath): null

02-12-2024T02:41:07 - [TEST_STEP][PASSED] - sheet01 = getExcelSheet(workbook01, sheetName): null

02-12-2024T02:41:07 - [TEST_STEP][PASSED] - setValueToCellByIndex(sheet01, n, 0, dashboardName): null

02-12-2024T02:41:07 - [TEST_STEP][PASSED] - setValueToCellByIndex(sheet01, n, 1, dZO): null

02-12-2024T02:41:07 - [TEST_STEP][PASSED] - setValueToCellByIndex(sheet01, n, 2, typeOfData): null

02-12-2024T02:41:07 - [TEST_STEP][PASSED] - setValueToCellByIndex(sheet01, n, 3, typeOfData): null

02-12-2024T02:41:07 - [TEST_STEP][PASSED] - if (typeOfData == "План"): null

02-12-2024T02:41:07 - [TEST_STEP][PASSED] - else if (typeOfData == "Факт"): null

02-12-2024T02:41:07 - [TEST_STEP][PASSED] - if (PercFactR == null): null

02-12-2024T02:41:07 - [TEST_STEP][PASSED] - else: null

02-12-2024T02:41:07 - [TEST_STEP][PASSED] - if (PercFactR == "нет данных"): null

02-12-2024T02:41:07 - [TEST_STEP][PASSED] - setValueToCellByIndex(sheet01, n, 4, "нет данных"): null

02-12-2024T02:41:07 - [TEST_STEP][PASSED] - if (PercFactB == null): null

02-12-2024T02:41:07 - [TEST_STEP][PASSED] - else: null

02-12-2024T02:41:07 - [TEST_STEP][PASSED] - if (PercFactB == "нет данных"): null

02-12-2024T02:41:07 - [TEST_STEP][PASSED] - else: null

02-12-2024T02:41:07 - [TEST_STEP][PASSED] - FB = PercFactB.toDouble(): null

02-12-2024T02:41:07 - [TEST_STEP][PASSED] - setValueToCellByIndex(sheet01, n, 5, FB): null

02-12-2024T02:41:07 - [TEST_STEP][PASSED] - setValueToCellByIndex(sheet01, n, 6, m): null

02-12-2024T02:41:07 - [TEST_STEP][PASSED] - setValueToCellByIndex(sheet01, n, 7, y): null

02-12-2024T02:41:07 - [TEST_STEP][PASSED] - setValueToCellByIndex(sheet01, n, 8, todaysDate): null

02-12-2024T02:41:07 - [TEST_STEP][PASSED] - n = n + 1: null

02-12-2024T02:41:07 - [TEST_STEP][PASSED] - saveWorkbook(excelFilePath, workbook01): null

02-12-2024T02:41:08 - [TEST_STEP][PASSED] - vidget = "Показатели баланса электроэнергии по ДЗО – Факт": null

02-12-2024T02:41:08 - [TEST_STEP][PASSED] - typeOfData = "Факт Отпуск в сеть": null

02-12-2024T02:41:08 - [TEST_STEP][PASSED] - tabR = GetOvSFactR(x = a): null

02-12-2024T02:41:08 - [TEST_STEP][PASSED] - i1 = <not implemented yet for class: org.codehaus.groovy.ast.expr.EmptyExpression>: null

02-12-2024T02:41:08 - [TEST_STEP][PASSED] - ii = <not implemented yet for class: org.codehaus.groovy.ast.expr.EmptyExpression>: null

02-12-2024T02:41:08 - [TEST_STEP][PASSED] - for ([ii = 1, ii < 4, (ii++)]): null

02-12-2024T02:41:08 - [TEST_STEP][PASSED] - i1 = x.indexOf("/") + 1: null

02-12-2024T02:41:08 - [TEST_STEP][PASSED] - if (i1 > -1): null

02-12-2024T02:41:08 - [TEST_STEP][PASSED] - x = x.substring(i1, x.length()): null

02-12-2024T02:41:08 - [TEST_STEP][PASSED] - println(x): null

02-12-2024T02:41:08 - [TEST_STEP][PASSED] - i1 = x.indexOf("/") + 1: null

02-12-2024T02:41:08 - [TEST_STEP][PASSED] - if (i1 > -1): null

02-12-2024T02:41:08 - [TEST_STEP][PASSED] - x = x.substring(i1, x.length()): null

02-12-2024T02:41:08 - [TEST_STEP][PASSED] - println(x): null

02-12-2024T02:41:08 - [TEST_STEP][PASSED] - i1 = x.indexOf("/") + 1: null

02-12-2024T02:41:08 - [TEST_STEP][PASSED] - if (i1 > -1): null

02-12-2024T02:41:08 - [TEST_STEP][PASSED] - x = x.substring(i1, x.length()): null

02-12-2024T02:41:08 - [TEST_STEP][PASSED] - println(x): null

02-12-2024T02:41:08 - [TEST_STEP][PASSED] - i1 = x.indexOf("/"): null

02-12-2024T02:41:08 - [TEST_STEP][PASSED] - if (i1 > -1): null

02-12-2024T02:41:08 - [TEST_STEP][PASSED] - x = x.substring(0, i1): null

02-12-2024T02:41:08 - [TEST_STEP][PASSED] - println(x): null

02-12-2024T02:41:08 - [TEST_STEP][PASSED] - return x: null

02-12-2024T02:41:08 - [TEST_STEP][PASSED] - tabB = GetOvSFactB(x = b): null

02-12-2024T02:41:08 - [TEST_STEP][PASSED] - i1 = <not implemented yet for class: org.codehaus.groovy.ast.expr.EmptyExpression>: null

02-12-2024T02:41:08 - [TEST_STEP][PASSED] - ii = <not implemented yet for class: org.codehaus.groovy.ast.expr.EmptyExpression>: null

02-12-2024T02:41:08 - [TEST_STEP][PASSED] - for ([ii = 1, ii < 4, (ii++)]): null

02-12-2024T02:41:08 - [TEST_STEP][PASSED] - i1 = x.indexOf("/") + 1: null

02-12-2024T02:41:08 - [TEST_STEP][PASSED] - if (i1 > -1): null

02-12-2024T02:41:08 - [TEST_STEP][PASSED] - x = x.substring(i1, x.length()): null

02-12-2024T02:41:08 - [TEST_STEP][PASSED] - println(x): null

02-12-2024T02:41:08 - [TEST_STEP][PASSED] - i1 = x.indexOf("/") + 1: null

02-12-2024T02:41:08 - [TEST_STEP][PASSED] - if (i1 > -1): null

02-12-2024T02:41:08 - [TEST_STEP][PASSED] - x = x.substring(i1, x.length()): null

02-12-2024T02:41:08 - [TEST_STEP][PASSED] - println(x): null

02-12-2024T02:41:08 - [TEST_STEP][PASSED] - i1 = x.indexOf("/") + 1: null

02-12-2024T02:41:08 - [TEST_STEP][PASSED] - if (i1 > -1): null

02-12-2024T02:41:08 - [TEST_STEP][PASSED] - x = x.substring(i1, x.length()): null

02-12-2024T02:41:08 - [TEST_STEP][PASSED] - println(x): null

02-12-2024T02:41:08 - [TEST_STEP][PASSED] - i1 = x.indexOf("/"): null

02-12-2024T02:41:08 - [TEST_STEP][PASSED] - if (i1 > -1): null

02-12-2024T02:41:08 - [TEST_STEP][PASSED] - x = x.substring(0, i1): null

02-12-2024T02:41:08 - [TEST_STEP][PASSED] - println(x): null

02-12-2024T02:41:08 - [TEST_STEP][FAILED] - return x: null

02-12-2024T02:41:08 - [TEST_STEP][FAILED] - if (verifyEqual(tabR, tabB) == false): null

02-12-2024T02:41:08 - [MESSAGE][FAILED] - Unable to verify equal between actual object 'нет данных' and expected object '3757223' (Root cause: com.kms.katalon.core.exception.StepFailedException: Actual object 'нет данных' and expected object '3757223' are not equal
	at com.kms.katalon.core.keyword.builtin.VerifyEqualKeyword$_verifyEqual_closure1.doCall(VerifyEqualKeyword.groovy:58)
	at com.kms.katalon.core.keyword.builtin.VerifyEqualKeyword$_verifyEqual_closure1.call(VerifyEqualKeyword.groovy)
	at com.kms.katalon.core.keyword.internal.KeywordMain.runKeyword(KeywordMain.groovy:75)
	at com.kms.katalon.core.keyword.builtin.VerifyEqualKeyword.verifyEqual(VerifyEqualKeyword.groovy:63)
	at com.kms.katalon.core.keyword.builtin.VerifyEqualKeyword.execute(VerifyEqualKeyword.groovy:44)
	at com.kms.katalon.core.keyword.internal.KeywordExecutor.executeKeywordForPlatform(KeywordExecutor.groovy:74)
	at com.kms.katalon.core.keyword.BuiltinKeywords.verifyEqual(BuiltinKeywords.groovy:146)
	at jdk.internal.reflect.GeneratedMethodAccessor25.invoke(Unknown Source)
	at java.base/jdk.internal.reflect.DelegatingMethodAccessorImpl.invoke(DelegatingMethodAccessorImpl.java:43)
	at Выполнение бизнес-плана сверка дашбордов.CompareDZOData(Выполнение бизнес-плана сверка дашбордов:706)
	at Выполнение бизнес-плана сверка дашбордов.run(Выполнение бизнес-плана сверка дашбордов:663)
	at com.kms.katalon.core.main.ScriptEngine.run(ScriptEngine.java:194)
	at com.kms.katalon.core.main.ScriptEngine.runScriptAsRawText(ScriptEngine.java:119)
	at com.kms.katalon.core.main.TestCaseExecutor.runScript(TestCaseExecutor.java:448)
	at com.kms.katalon.core.main.TestCaseExecutor.doExecute(TestCaseExecutor.java:439)
	at com.kms.katalon.core.main.TestCaseExecutor.processExecutionPhase(TestCaseExecutor.java:418)
	at com.kms.katalon.core.main.TestCaseExecutor.accessMainPhase(TestCaseExecutor.java:410)
	at com.kms.katalon.core.main.TestCaseExecutor.execute(TestCaseExecutor.java:285)
	at com.kms.katalon.core.common.CommonExecutor.accessTestCaseMainPhase(CommonExecutor.java:65)
	at com.kms.katalon.core.main.TestSuiteExecutor.accessTestSuiteMainPhase(TestSuiteExecutor.java:150)
	at com.kms.katalon.core.main.TestSuiteExecutor.execute(TestSuiteExecutor.java:106)
	at com.kms.katalon.core.main.TestCaseMain.startTestSuite(TestCaseMain.java:180)
	at TempTestSuite1733095732962.run(TempTestSuite1733095732962.groovy:35)
	at java.base/jdk.internal.reflect.NativeMethodAccessorImpl.invoke0(Native Method)
	at java.base/jdk.internal.reflect.NativeMethodAccessorImpl.invoke(NativeMethodAccessorImpl.java:77)
	at java.base/jdk.internal.reflect.DelegatingMethodAccessorImpl.invoke(DelegatingMethodAccessorImpl.java:43)
)

02-12-2024T02:41:08 - [TEST_STEP][PASSED] - result = WriteToExcel(typeOfData, todaysDate, PercPlanR, PercPlanB, PercFactR, PercFactB, x, tabR, tabB, o1R, o1B, vidget): null

02-12-2024T02:41:08 - [TEST_STEP][PASSED] - iii = dZO.indexOf("/"): null

02-12-2024T02:41:08 - [TEST_STEP][PASSED] - println(iii): null

02-12-2024T02:41:08 - [TEST_STEP][PASSED] - dZO = dZO.substring(0, iii): null

02-12-2024T02:41:08 - [TEST_STEP][PASSED] - println(dZO): null

02-12-2024T02:41:08 - [TEST_STEP][PASSED] - println(PercPlanR): null

02-12-2024T02:41:08 - [TEST_STEP][PASSED] - println(PercPlanB): null

02-12-2024T02:41:08 - [TEST_STEP][PASSED] - println(PercFactR): null

02-12-2024T02:41:08 - [TEST_STEP][PASSED] - println(PercFactB): null

02-12-2024T02:41:08 - [TEST_STEP][PASSED] - println(tabR): null

02-12-2024T02:41:08 - [TEST_STEP][PASSED] - println(tabB): null

02-12-2024T02:41:08 - [TEST_STEP][PASSED] - println(o1R): null

02-12-2024T02:41:08 - [TEST_STEP][PASSED] - println(o1B): null

02-12-2024T02:41:08 - [TEST_STEP][PASSED] - PR = <not implemented yet for class: org.codehaus.groovy.ast.expr.EmptyExpression>: null

02-12-2024T02:41:08 - [TEST_STEP][PASSED] - FR = <not implemented yet for class: org.codehaus.groovy.ast.expr.EmptyExpression>: null

02-12-2024T02:41:08 - [TEST_STEP][PASSED] - PB = <not implemented yet for class: org.codehaus.groovy.ast.expr.EmptyExpression>: null

02-12-2024T02:41:08 - [TEST_STEP][PASSED] - FB = <not implemented yet for class: org.codehaus.groovy.ast.expr.EmptyExpression>: null

02-12-2024T02:41:08 - [TEST_STEP][PASSED] - TR = <not implemented yet for class: org.codehaus.groovy.ast.expr.EmptyExpression>: null

02-12-2024T02:41:08 - [TEST_STEP][PASSED] - TB = <not implemented yet for class: org.codehaus.groovy.ast.expr.EmptyExpression>: null

02-12-2024T02:41:08 - [TEST_STEP][PASSED] - sheetName = "Sheet1": null

02-12-2024T02:41:08 - [TEST_STEP][PASSED] - data = findTestData("PlanFact"): null

02-12-2024T02:41:08 - [TEST_STEP][PASSED] - n = data.getRowNumbers() + 1: null

02-12-2024T02:41:08 - [TEST_STEP][PASSED] - year = todaysDate.substring(todaysDate.length() - 4, todaysDate.length()): null

02-12-2024T02:41:08 - [TEST_STEP][PASSED] - y = year.toInteger(): null

02-12-2024T02:41:08 - [TEST_STEP][PASSED] - m = getText(findTestObject("Выполнение бизнес-плана/Выполнение бизнес-плана Балансы/Фильтр Дата")): Text of object 'Object Repository/Выполнение бизнес-плана/Выполнение бизнес-плана Балансы/Фильтр Дата' is: '1, 2, 3 кв., Октябрь 2024 года'

02-12-2024T02:41:08 - [MESSAGE][PASSED] - Text of object 'Object Repository/Выполнение бизнес-плана/Выполнение бизнес-плана Балансы/Фильтр Дата' is: '1, 2, 3 кв., Октябрь 2024 года'

02-12-2024T02:41:08 - [TEST_STEP][PASSED] - m = m.substring(0, m.indexOf("2024")): null

02-12-2024T02:41:08 - [TEST_STEP][PASSED] - m = m.trim(): null

02-12-2024T02:41:08 - [TEST_STEP][PASSED] - dashboardName = "Выполнение бизнес-плана": null

02-12-2024T02:41:08 - [TEST_STEP][PASSED] - workbook01 = getWorkbook(excelFilePath): null

02-12-2024T02:41:08 - [TEST_STEP][PASSED] - sheet01 = getExcelSheet(workbook01, sheetName): null

02-12-2024T02:41:08 - [TEST_STEP][PASSED] - setValueToCellByIndex(sheet01, n, 0, dashboardName): null

02-12-2024T02:41:08 - [TEST_STEP][PASSED] - setValueToCellByIndex(sheet01, n, 1, dZO): null

02-12-2024T02:41:08 - [TEST_STEP][PASSED] - setValueToCellByIndex(sheet01, n, 2, typeOfData): null

02-12-2024T02:41:08 - [TEST_STEP][PASSED] - setValueToCellByIndex(sheet01, n, 3, typeOfData): null

02-12-2024T02:41:08 - [TEST_STEP][PASSED] - if (typeOfData == "План"): null

02-12-2024T02:41:08 - [TEST_STEP][PASSED] - else if (typeOfData == "Факт"): null

02-12-2024T02:41:08 - [TEST_STEP][PASSED] - else if (vidget.contains("электроэнергии") == true): null

02-12-2024T02:41:08 - [TEST_STEP][PASSED] - if (tabR == null): null

02-12-2024T02:41:08 - [TEST_STEP][PASSED] - else: null

02-12-2024T02:41:08 - [TEST_STEP][PASSED] - if (tabR == "нет данных"): null

02-12-2024T02:41:08 - [TEST_STEP][PASSED] - setValueToCellByIndex(sheet01, n, 4, "нет данных"): null

02-12-2024T02:41:08 - [TEST_STEP][PASSED] - if (tabB == null): null

02-12-2024T02:41:08 - [TEST_STEP][PASSED] - else: null

02-12-2024T02:41:08 - [TEST_STEP][PASSED] - if (tabB == "нет данных"): null

02-12-2024T02:41:08 - [TEST_STEP][PASSED] - else: null

02-12-2024T02:41:08 - [TEST_STEP][PASSED] - TB = tabB.toInteger(): null

02-12-2024T02:41:08 - [TEST_STEP][PASSED] - setValueToCellByIndex(sheet01, n, 5, TB): null

02-12-2024T02:41:08 - [TEST_STEP][PASSED] - setValueToCellByIndex(sheet01, n, 6, m): null

02-12-2024T02:41:08 - [TEST_STEP][PASSED] - setValueToCellByIndex(sheet01, n, 7, y): null

02-12-2024T02:41:08 - [TEST_STEP][PASSED] - setValueToCellByIndex(sheet01, n, 8, todaysDate): null

02-12-2024T02:41:08 - [TEST_STEP][PASSED] - n = n + 1: null

02-12-2024T02:41:08 - [TEST_STEP][PASSED] - saveWorkbook(excelFilePath, workbook01): null

02-12-2024T02:41:08 - [TEST_STEP][PASSED] - typeOfData = "Факт Отпуск из сети": null

02-12-2024T02:41:08 - [TEST_STEP][PASSED] - tabR = GetOiSFactR(x = a): null

02-12-2024T02:41:08 - [TEST_STEP][PASSED] - i1 = <not implemented yet for class: org.codehaus.groovy.ast.expr.EmptyExpression>: null

02-12-2024T02:41:08 - [TEST_STEP][PASSED] - ii = <not implemented yet for class: org.codehaus.groovy.ast.expr.EmptyExpression>: null

02-12-2024T02:41:08 - [TEST_STEP][PASSED] - for ([ii = 1, ii < 5, (ii++)]): null

02-12-2024T02:41:08 - [TEST_STEP][PASSED] - i1 = x.indexOf("/") + 1: null

02-12-2024T02:41:08 - [TEST_STEP][PASSED] - if (i1 > -1): null

02-12-2024T02:41:08 - [TEST_STEP][PASSED] - x = x.substring(i1, x.length()): null

02-12-2024T02:41:08 - [TEST_STEP][PASSED] - println(x): null

02-12-2024T02:41:08 - [TEST_STEP][PASSED] - i1 = x.indexOf("/") + 1: null

02-12-2024T02:41:08 - [TEST_STEP][PASSED] - if (i1 > -1): null

02-12-2024T02:41:08 - [TEST_STEP][PASSED] - x = x.substring(i1, x.length()): null

02-12-2024T02:41:08 - [TEST_STEP][PASSED] - println(x): null

02-12-2024T02:41:08 - [TEST_STEP][PASSED] - i1 = x.indexOf("/") + 1: null

02-12-2024T02:41:08 - [TEST_STEP][PASSED] - if (i1 > -1): null

02-12-2024T02:41:08 - [TEST_STEP][PASSED] - x = x.substring(i1, x.length()): null

02-12-2024T02:41:08 - [TEST_STEP][PASSED] - println(x): null

02-12-2024T02:41:08 - [TEST_STEP][PASSED] - i1 = x.indexOf("/") + 1: null

02-12-2024T02:41:08 - [TEST_STEP][PASSED] - if (i1 > -1): null

02-12-2024T02:41:08 - [TEST_STEP][PASSED] - x = x.substring(i1, x.length()): null

02-12-2024T02:41:08 - [TEST_STEP][PASSED] - println(x): null

02-12-2024T02:41:08 - [TEST_STEP][PASSED] - i1 = x.indexOf("/"): null

02-12-2024T02:41:08 - [TEST_STEP][PASSED] - if (i1 > -1): null

02-12-2024T02:41:08 - [TEST_STEP][PASSED] - x = x.substring(0, i1): null

02-12-2024T02:41:08 - [TEST_STEP][PASSED] - println(x): null

02-12-2024T02:41:08 - [TEST_STEP][PASSED] - return x: null

02-12-2024T02:41:08 - [TEST_STEP][PASSED] - tabB = GetOiSFactB(x = b): null

02-12-2024T02:41:08 - [TEST_STEP][PASSED] - i1 = <not implemented yet for class: org.codehaus.groovy.ast.expr.EmptyExpression>: null

02-12-2024T02:41:08 - [TEST_STEP][PASSED] - ii = <not implemented yet for class: org.codehaus.groovy.ast.expr.EmptyExpression>: null

02-12-2024T02:41:08 - [TEST_STEP][PASSED] - for ([ii = 1, ii < 5, (ii++)]): null

02-12-2024T02:41:08 - [TEST_STEP][PASSED] - i1 = x.indexOf("/") + 1: null

02-12-2024T02:41:08 - [TEST_STEP][PASSED] - if (i1 > -1): null

02-12-2024T02:41:08 - [TEST_STEP][PASSED] - x = x.substring(i1, x.length()): null

02-12-2024T02:41:08 - [TEST_STEP][PASSED] - println(x): null

02-12-2024T02:41:08 - [TEST_STEP][PASSED] - i1 = x.indexOf("/") + 1: null

02-12-2024T02:41:08 - [TEST_STEP][PASSED] - if (i1 > -1): null

02-12-2024T02:41:08 - [TEST_STEP][PASSED] - x = x.substring(i1, x.length()): null

02-12-2024T02:41:08 - [TEST_STEP][PASSED] - println(x): null

02-12-2024T02:41:08 - [TEST_STEP][PASSED] - i1 = x.indexOf("/") + 1: null

02-12-2024T02:41:08 - [TEST_STEP][PASSED] - if (i1 > -1): null

02-12-2024T02:41:08 - [TEST_STEP][PASSED] - x = x.substring(i1, x.length()): null

02-12-2024T02:41:08 - [TEST_STEP][PASSED] - println(x): null

02-12-2024T02:41:08 - [TEST_STEP][PASSED] - i1 = x.indexOf("/") + 1: null

02-12-2024T02:41:08 - [TEST_STEP][PASSED] - if (i1 > -1): null

02-12-2024T02:41:08 - [TEST_STEP][PASSED] - x = x.substring(i1, x.length()): null

02-12-2024T02:41:08 - [TEST_STEP][PASSED] - println(x): null

02-12-2024T02:41:08 - [TEST_STEP][PASSED] - i1 = x.indexOf("/"): null

02-12-2024T02:41:08 - [TEST_STEP][PASSED] - if (i1 > -1): null

02-12-2024T02:41:08 - [TEST_STEP][PASSED] - x = x.substring(0, i1): null

02-12-2024T02:41:08 - [TEST_STEP][PASSED] - println(x): null

02-12-2024T02:41:08 - [TEST_STEP][FAILED] - return x: null

02-12-2024T02:41:08 - [TEST_STEP][FAILED] - if (verifyEqual(tabR, tabB) == false): null

02-12-2024T02:41:08 - [MESSAGE][FAILED] - Unable to verify equal between actual object 'нет данных' and expected object '3428012' (Root cause: com.kms.katalon.core.exception.StepFailedException: Actual object 'нет данных' and expected object '3428012' are not equal
	at com.kms.katalon.core.keyword.builtin.VerifyEqualKeyword$_verifyEqual_closure1.doCall(VerifyEqualKeyword.groovy:58)
	at com.kms.katalon.core.keyword.builtin.VerifyEqualKeyword$_verifyEqual_closure1.call(VerifyEqualKeyword.groovy)
	at com.kms.katalon.core.keyword.internal.KeywordMain.runKeyword(KeywordMain.groovy:75)
	at com.kms.katalon.core.keyword.builtin.VerifyEqualKeyword.verifyEqual(VerifyEqualKeyword.groovy:63)
	at com.kms.katalon.core.keyword.builtin.VerifyEqualKeyword.execute(VerifyEqualKeyword.groovy:44)
	at com.kms.katalon.core.keyword.internal.KeywordExecutor.executeKeywordForPlatform(KeywordExecutor.groovy:74)
	at com.kms.katalon.core.keyword.BuiltinKeywords.verifyEqual(BuiltinKeywords.groovy:146)
	at jdk.internal.reflect.GeneratedMethodAccessor25.invoke(Unknown Source)
	at java.base/jdk.internal.reflect.DelegatingMethodAccessorImpl.invoke(DelegatingMethodAccessorImpl.java:43)
	at Выполнение бизнес-плана сверка дашбордов.CompareDZOData(Выполнение бизнес-плана сверка дашбордов:717)
	at Выполнение бизнес-плана сверка дашбордов.run(Выполнение бизнес-плана сверка дашбордов:663)
	at com.kms.katalon.core.main.ScriptEngine.run(ScriptEngine.java:194)
	at com.kms.katalon.core.main.ScriptEngine.runScriptAsRawText(ScriptEngine.java:119)
	at com.kms.katalon.core.main.TestCaseExecutor.runScript(TestCaseExecutor.java:448)
	at com.kms.katalon.core.main.TestCaseExecutor.doExecute(TestCaseExecutor.java:439)
	at com.kms.katalon.core.main.TestCaseExecutor.processExecutionPhase(TestCaseExecutor.java:418)
	at com.kms.katalon.core.main.TestCaseExecutor.accessMainPhase(TestCaseExecutor.java:410)
	at com.kms.katalon.core.main.TestCaseExecutor.execute(TestCaseExecutor.java:285)
	at com.kms.katalon.core.common.CommonExecutor.accessTestCaseMainPhase(CommonExecutor.java:65)
	at com.kms.katalon.core.main.TestSuiteExecutor.accessTestSuiteMainPhase(TestSuiteExecutor.java:150)
	at com.kms.katalon.core.main.TestSuiteExecutor.execute(TestSuiteExecutor.java:106)
	at com.kms.katalon.core.main.TestCaseMain.startTestSuite(TestCaseMain.java:180)
	at TempTestSuite1733095732962.run(TempTestSuite1733095732962.groovy:35)
	at java.base/jdk.internal.reflect.NativeMethodAccessorImpl.invoke0(Native Method)
	at java.base/jdk.internal.reflect.NativeMethodAccessorImpl.invoke(NativeMethodAccessorImpl.java:77)
	at java.base/jdk.internal.reflect.DelegatingMethodAccessorImpl.invoke(DelegatingMethodAccessorImpl.java:43)
)

02-12-2024T02:41:08 - [TEST_STEP][PASSED] - result = WriteToExcel(typeOfData, todaysDate, PercPlanR, PercPlanB, PercFactR, PercFactB, x, tabR, tabB, o1R, o1B, vidget): null

02-12-2024T02:41:08 - [TEST_STEP][PASSED] - iii = dZO.indexOf("/"): null

02-12-2024T02:41:08 - [TEST_STEP][PASSED] - println(iii): null

02-12-2024T02:41:08 - [TEST_STEP][PASSED] - dZO = dZO.substring(0, iii): null

02-12-2024T02:41:08 - [TEST_STEP][PASSED] - println(dZO): null

02-12-2024T02:41:08 - [TEST_STEP][PASSED] - println(PercPlanR): null

02-12-2024T02:41:08 - [TEST_STEP][PASSED] - println(PercPlanB): null

02-12-2024T02:41:08 - [TEST_STEP][PASSED] - println(PercFactR): null

02-12-2024T02:41:08 - [TEST_STEP][PASSED] - println(PercFactB): null

02-12-2024T02:41:08 - [TEST_STEP][PASSED] - println(tabR): null

02-12-2024T02:41:08 - [TEST_STEP][PASSED] - println(tabB): null

02-12-2024T02:41:08 - [TEST_STEP][PASSED] - println(o1R): null

02-12-2024T02:41:08 - [TEST_STEP][PASSED] - println(o1B): null

02-12-2024T02:41:08 - [TEST_STEP][PASSED] - PR = <not implemented yet for class: org.codehaus.groovy.ast.expr.EmptyExpression>: null

02-12-2024T02:41:08 - [TEST_STEP][PASSED] - FR = <not implemented yet for class: org.codehaus.groovy.ast.expr.EmptyExpression>: null

02-12-2024T02:41:08 - [TEST_STEP][PASSED] - PB = <not implemented yet for class: org.codehaus.groovy.ast.expr.EmptyExpression>: null

02-12-2024T02:41:08 - [TEST_STEP][PASSED] - FB = <not implemented yet for class: org.codehaus.groovy.ast.expr.EmptyExpression>: null

02-12-2024T02:41:08 - [TEST_STEP][PASSED] - TR = <not implemented yet for class: org.codehaus.groovy.ast.expr.EmptyExpression>: null

02-12-2024T02:41:08 - [TEST_STEP][PASSED] - TB = <not implemented yet for class: org.codehaus.groovy.ast.expr.EmptyExpression>: null

02-12-2024T02:41:08 - [TEST_STEP][PASSED] - sheetName = "Sheet1": null

02-12-2024T02:41:08 - [TEST_STEP][PASSED] - data = findTestData("PlanFact"): null

02-12-2024T02:41:08 - [TEST_STEP][PASSED] - n = data.getRowNumbers() + 1: null

02-12-2024T02:41:08 - [TEST_STEP][PASSED] - year = todaysDate.substring(todaysDate.length() - 4, todaysDate.length()): null

02-12-2024T02:41:08 - [TEST_STEP][PASSED] - y = year.toInteger(): null

02-12-2024T02:41:08 - [TEST_STEP][PASSED] - m = getText(findTestObject("Выполнение бизнес-плана/Выполнение бизнес-плана Балансы/Фильтр Дата")): Text of object 'Object Repository/Выполнение бизнес-плана/Выполнение бизнес-плана Балансы/Фильтр Дата' is: '1, 2, 3 кв., Октябрь 2024 года'

02-12-2024T02:41:09 - [MESSAGE][PASSED] - Text of object 'Object Repository/Выполнение бизнес-плана/Выполнение бизнес-плана Балансы/Фильтр Дата' is: '1, 2, 3 кв., Октябрь 2024 года'

02-12-2024T02:41:09 - [TEST_STEP][PASSED] - m = m.substring(0, m.indexOf("2024")): null

02-12-2024T02:41:09 - [TEST_STEP][PASSED] - m = m.trim(): null

02-12-2024T02:41:09 - [TEST_STEP][PASSED] - dashboardName = "Выполнение бизнес-плана": null

02-12-2024T02:41:09 - [TEST_STEP][PASSED] - workbook01 = getWorkbook(excelFilePath): null

02-12-2024T02:41:09 - [TEST_STEP][PASSED] - sheet01 = getExcelSheet(workbook01, sheetName): null

02-12-2024T02:41:09 - [TEST_STEP][PASSED] - setValueToCellByIndex(sheet01, n, 0, dashboardName): null

02-12-2024T02:41:09 - [TEST_STEP][PASSED] - setValueToCellByIndex(sheet01, n, 1, dZO): null

02-12-2024T02:41:09 - [TEST_STEP][PASSED] - setValueToCellByIndex(sheet01, n, 2, typeOfData): null

02-12-2024T02:41:09 - [TEST_STEP][PASSED] - setValueToCellByIndex(sheet01, n, 3, typeOfData): null

02-12-2024T02:41:09 - [TEST_STEP][PASSED] - if (typeOfData == "План"): null

02-12-2024T02:41:09 - [TEST_STEP][PASSED] - else if (typeOfData == "Факт"): null

02-12-2024T02:41:09 - [TEST_STEP][PASSED] - else if (vidget.contains("электроэнергии") == true): null

02-12-2024T02:41:09 - [TEST_STEP][PASSED] - if (tabR == null): null

02-12-2024T02:41:09 - [TEST_STEP][PASSED] - else: null

02-12-2024T02:41:09 - [TEST_STEP][PASSED] - if (tabR == "нет данных"): null

02-12-2024T02:41:09 - [TEST_STEP][PASSED] - setValueToCellByIndex(sheet01, n, 4, "нет данных"): null

02-12-2024T02:41:09 - [TEST_STEP][PASSED] - if (tabB == null): null

02-12-2024T02:41:09 - [TEST_STEP][PASSED] - else: null

02-12-2024T02:41:09 - [TEST_STEP][PASSED] - if (tabB == "нет данных"): null

02-12-2024T02:41:09 - [TEST_STEP][PASSED] - else: null

02-12-2024T02:41:09 - [TEST_STEP][PASSED] - TB = tabB.toInteger(): null

02-12-2024T02:41:09 - [TEST_STEP][PASSED] - setValueToCellByIndex(sheet01, n, 5, TB): null

02-12-2024T02:41:09 - [TEST_STEP][PASSED] - setValueToCellByIndex(sheet01, n, 6, m): null

02-12-2024T02:41:09 - [TEST_STEP][PASSED] - setValueToCellByIndex(sheet01, n, 7, y): null

02-12-2024T02:41:09 - [TEST_STEP][PASSED] - setValueToCellByIndex(sheet01, n, 8, todaysDate): null

02-12-2024T02:41:09 - [TEST_STEP][PASSED] - n = n + 1: null

02-12-2024T02:41:09 - [TEST_STEP][PASSED] - saveWorkbook(excelFilePath, workbook01): null

02-12-2024T02:41:09 - [TEST_STEP][PASSED] - typeOfData = "Факт Потери": null

02-12-2024T02:41:09 - [TEST_STEP][PASSED] - tabR = GetPFactR(x = a): null

02-12-2024T02:41:09 - [TEST_STEP][PASSED] - i1 = <not implemented yet for class: org.codehaus.groovy.ast.expr.EmptyExpression>: null

02-12-2024T02:41:09 - [TEST_STEP][PASSED] - ii = <not implemented yet for class: org.codehaus.groovy.ast.expr.EmptyExpression>: null

02-12-2024T02:41:09 - [TEST_STEP][PASSED] - for ([ii = 1, ii < 6, (ii++)]): null

02-12-2024T02:41:09 - [TEST_STEP][PASSED] - i1 = x.indexOf("/") + 1: null

02-12-2024T02:41:09 - [TEST_STEP][PASSED] - if (i1 > -1): null

02-12-2024T02:41:09 - [TEST_STEP][PASSED] - x = x.substring(i1, x.length()): null

02-12-2024T02:41:09 - [TEST_STEP][PASSED] - println(x): null

02-12-2024T02:41:09 - [TEST_STEP][PASSED] - i1 = x.indexOf("/") + 1: null

02-12-2024T02:41:09 - [TEST_STEP][PASSED] - if (i1 > -1): null

02-12-2024T02:41:09 - [TEST_STEP][PASSED] - x = x.substring(i1, x.length()): null

02-12-2024T02:41:09 - [TEST_STEP][PASSED] - println(x): null

02-12-2024T02:41:09 - [TEST_STEP][PASSED] - i1 = x.indexOf("/") + 1: null

02-12-2024T02:41:09 - [TEST_STEP][PASSED] - if (i1 > -1): null

02-12-2024T02:41:09 - [TEST_STEP][PASSED] - x = x.substring(i1, x.length()): null

02-12-2024T02:41:09 - [TEST_STEP][PASSED] - println(x): null

02-12-2024T02:41:09 - [TEST_STEP][PASSED] - i1 = x.indexOf("/") + 1: null

02-12-2024T02:41:09 - [TEST_STEP][PASSED] - if (i1 > -1): null

02-12-2024T02:41:09 - [TEST_STEP][PASSED] - x = x.substring(i1, x.length()): null

02-12-2024T02:41:09 - [TEST_STEP][PASSED] - println(x): null

02-12-2024T02:41:09 - [TEST_STEP][PASSED] - i1 = x.indexOf("/") + 1: null

02-12-2024T02:41:09 - [TEST_STEP][PASSED] - if (i1 > -1): null

02-12-2024T02:41:09 - [TEST_STEP][PASSED] - x = x.substring(i1, x.length()): null

02-12-2024T02:41:09 - [TEST_STEP][PASSED] - println(x): null

02-12-2024T02:41:09 - [TEST_STEP][PASSED] - i1 = x.indexOf("/"): null

02-12-2024T02:41:09 - [TEST_STEP][PASSED] - if (i1 > -1): null

02-12-2024T02:41:09 - [TEST_STEP][PASSED] - x = x.substring(0, i1): null

02-12-2024T02:41:09 - [TEST_STEP][PASSED] - println(x): null

02-12-2024T02:41:09 - [TEST_STEP][PASSED] - return x: null

02-12-2024T02:41:09 - [TEST_STEP][PASSED] - tabB = GetPFactB(x = b): null

02-12-2024T02:41:09 - [TEST_STEP][PASSED] - i1 = <not implemented yet for class: org.codehaus.groovy.ast.expr.EmptyExpression>: null

02-12-2024T02:41:09 - [TEST_STEP][PASSED] - ii = <not implemented yet for class: org.codehaus.groovy.ast.expr.EmptyExpression>: null

02-12-2024T02:41:09 - [TEST_STEP][PASSED] - for ([ii = 1, ii < 6, (ii++)]): null

02-12-2024T02:41:09 - [TEST_STEP][PASSED] - i1 = x.indexOf("/") + 1: null

02-12-2024T02:41:09 - [TEST_STEP][PASSED] - if (i1 > -1): null

02-12-2024T02:41:09 - [TEST_STEP][PASSED] - x = x.substring(i1, x.length()): null

02-12-2024T02:41:09 - [TEST_STEP][PASSED] - println(x): null

02-12-2024T02:41:09 - [TEST_STEP][PASSED] - i1 = x.indexOf("/") + 1: null

02-12-2024T02:41:09 - [TEST_STEP][PASSED] - if (i1 > -1): null

02-12-2024T02:41:09 - [TEST_STEP][PASSED] - x = x.substring(i1, x.length()): null

02-12-2024T02:41:09 - [TEST_STEP][PASSED] - println(x): null

02-12-2024T02:41:09 - [TEST_STEP][PASSED] - i1 = x.indexOf("/") + 1: null

02-12-2024T02:41:09 - [TEST_STEP][PASSED] - if (i1 > -1): null

02-12-2024T02:41:09 - [TEST_STEP][PASSED] - x = x.substring(i1, x.length()): null

02-12-2024T02:41:09 - [TEST_STEP][PASSED] - println(x): null

02-12-2024T02:41:09 - [TEST_STEP][PASSED] - i1 = x.indexOf("/") + 1: null

02-12-2024T02:41:09 - [TEST_STEP][PASSED] - if (i1 > -1): null

02-12-2024T02:41:09 - [TEST_STEP][PASSED] - x = x.substring(i1, x.length()): null

02-12-2024T02:41:09 - [TEST_STEP][PASSED] - println(x): null

02-12-2024T02:41:09 - [TEST_STEP][PASSED] - i1 = x.indexOf("/") + 1: null

02-12-2024T02:41:09 - [TEST_STEP][PASSED] - if (i1 > -1): null

02-12-2024T02:41:09 - [TEST_STEP][PASSED] - x = x.substring(i1, x.length()): null

02-12-2024T02:41:09 - [TEST_STEP][PASSED] - println(x): null

02-12-2024T02:41:09 - [TEST_STEP][PASSED] - i1 = x.indexOf("/"): null

02-12-2024T02:41:09 - [TEST_STEP][PASSED] - if (i1 > -1): null

02-12-2024T02:41:09 - [TEST_STEP][PASSED] - x = x.substring(0, i1): null

02-12-2024T02:41:09 - [TEST_STEP][PASSED] - println(x): null

02-12-2024T02:41:09 - [TEST_STEP][FAILED] - return x: null

02-12-2024T02:41:09 - [TEST_STEP][PASSED] - println(tabR + "/" + tabB): null

02-12-2024T02:41:09 - [TEST_STEP][FAILED] - if (verifyEqual(tabR, tabB) == false): null

02-12-2024T02:41:09 - [MESSAGE][FAILED] - Unable to verify equal between actual object 'нет данных' and expected object '329211' (Root cause: com.kms.katalon.core.exception.StepFailedException: Actual object 'нет данных' and expected object '329211' are not equal
	at com.kms.katalon.core.keyword.builtin.VerifyEqualKeyword$_verifyEqual_closure1.doCall(VerifyEqualKeyword.groovy:58)
	at com.kms.katalon.core.keyword.builtin.VerifyEqualKeyword$_verifyEqual_closure1.call(VerifyEqualKeyword.groovy)
	at com.kms.katalon.core.keyword.internal.KeywordMain.runKeyword(KeywordMain.groovy:75)
	at com.kms.katalon.core.keyword.builtin.VerifyEqualKeyword.verifyEqual(VerifyEqualKeyword.groovy:63)
	at com.kms.katalon.core.keyword.builtin.VerifyEqualKeyword.execute(VerifyEqualKeyword.groovy:44)
	at com.kms.katalon.core.keyword.internal.KeywordExecutor.executeKeywordForPlatform(KeywordExecutor.groovy:74)
	at com.kms.katalon.core.keyword.BuiltinKeywords.verifyEqual(BuiltinKeywords.groovy:146)
	at jdk.internal.reflect.GeneratedMethodAccessor25.invoke(Unknown Source)
	at java.base/jdk.internal.reflect.DelegatingMethodAccessorImpl.invoke(DelegatingMethodAccessorImpl.java:43)
	at Выполнение бизнес-плана сверка дашбордов.CompareDZOData(Выполнение бизнес-плана сверка дашбордов:730)
	at Выполнение бизнес-плана сверка дашбордов.run(Выполнение бизнес-плана сверка дашбордов:663)
	at com.kms.katalon.core.main.ScriptEngine.run(ScriptEngine.java:194)
	at com.kms.katalon.core.main.ScriptEngine.runScriptAsRawText(ScriptEngine.java:119)
	at com.kms.katalon.core.main.TestCaseExecutor.runScript(TestCaseExecutor.java:448)
	at com.kms.katalon.core.main.TestCaseExecutor.doExecute(TestCaseExecutor.java:439)
	at com.kms.katalon.core.main.TestCaseExecutor.processExecutionPhase(TestCaseExecutor.java:418)
	at com.kms.katalon.core.main.TestCaseExecutor.accessMainPhase(TestCaseExecutor.java:410)
	at com.kms.katalon.core.main.TestCaseExecutor.execute(TestCaseExecutor.java:285)
	at com.kms.katalon.core.common.CommonExecutor.accessTestCaseMainPhase(CommonExecutor.java:65)
	at com.kms.katalon.core.main.TestSuiteExecutor.accessTestSuiteMainPhase(TestSuiteExecutor.java:150)
	at com.kms.katalon.core.main.TestSuiteExecutor.execute(TestSuiteExecutor.java:106)
	at com.kms.katalon.core.main.TestCaseMain.startTestSuite(TestCaseMain.java:180)
	at TempTestSuite1733095732962.run(TempTestSuite1733095732962.groovy:35)
	at java.base/jdk.internal.reflect.NativeMethodAccessorImpl.invoke0(Native Method)
	at java.base/jdk.internal.reflect.NativeMethodAccessorImpl.invoke(NativeMethodAccessorImpl.java:77)
	at java.base/jdk.internal.reflect.DelegatingMethodAccessorImpl.invoke(DelegatingMethodAccessorImpl.java:43)
)

02-12-2024T02:41:09 - [TEST_STEP][PASSED] - result = WriteToExcel(typeOfData, todaysDate, PercPlanR, PercPlanB, PercFactR, PercFactB, x, tabR, tabB, o1R, o1B, vidget): null

02-12-2024T02:41:09 - [TEST_STEP][PASSED] - iii = dZO.indexOf("/"): null

02-12-2024T02:41:09 - [TEST_STEP][PASSED] - println(iii): null

02-12-2024T02:41:09 - [TEST_STEP][PASSED] - dZO = dZO.substring(0, iii): null

02-12-2024T02:41:09 - [TEST_STEP][PASSED] - println(dZO): null

02-12-2024T02:41:09 - [TEST_STEP][PASSED] - println(PercPlanR): null

02-12-2024T02:41:09 - [TEST_STEP][PASSED] - println(PercPlanB): null

02-12-2024T02:41:09 - [TEST_STEP][PASSED] - println(PercFactR): null

02-12-2024T02:41:09 - [TEST_STEP][PASSED] - println(PercFactB): null

02-12-2024T02:41:09 - [TEST_STEP][PASSED] - println(tabR): null

02-12-2024T02:41:09 - [TEST_STEP][PASSED] - println(tabB): null

02-12-2024T02:41:09 - [TEST_STEP][PASSED] - println(o1R): null

02-12-2024T02:41:09 - [TEST_STEP][PASSED] - println(o1B): null

02-12-2024T02:41:09 - [TEST_STEP][PASSED] - PR = <not implemented yet for class: org.codehaus.groovy.ast.expr.EmptyExpression>: null

02-12-2024T02:41:09 - [TEST_STEP][PASSED] - FR = <not implemented yet for class: org.codehaus.groovy.ast.expr.EmptyExpression>: null

02-12-2024T02:41:09 - [TEST_STEP][PASSED] - PB = <not implemented yet for class: org.codehaus.groovy.ast.expr.EmptyExpression>: null

02-12-2024T02:41:09 - [TEST_STEP][PASSED] - FB = <not implemented yet for class: org.codehaus.groovy.ast.expr.EmptyExpression>: null

02-12-2024T02:41:09 - [TEST_STEP][PASSED] - TR = <not implemented yet for class: org.codehaus.groovy.ast.expr.EmptyExpression>: null

02-12-2024T02:41:09 - [TEST_STEP][PASSED] - TB = <not implemented yet for class: org.codehaus.groovy.ast.expr.EmptyExpression>: null

02-12-2024T02:41:09 - [TEST_STEP][PASSED] - sheetName = "Sheet1": null

02-12-2024T02:41:09 - [TEST_STEP][PASSED] - data = findTestData("PlanFact"): null

02-12-2024T02:41:09 - [TEST_STEP][PASSED] - n = data.getRowNumbers() + 1: null

02-12-2024T02:41:09 - [TEST_STEP][PASSED] - year = todaysDate.substring(todaysDate.length() - 4, todaysDate.length()): null

02-12-2024T02:41:09 - [TEST_STEP][PASSED] - y = year.toInteger(): null

02-12-2024T02:41:09 - [TEST_STEP][PASSED] - m = getText(findTestObject("Выполнение бизнес-плана/Выполнение бизнес-плана Балансы/Фильтр Дата")): Text of object 'Object Repository/Выполнение бизнес-плана/Выполнение бизнес-плана Балансы/Фильтр Дата' is: '1, 2, 3 кв., Октябрь 2024 года'

02-12-2024T02:41:09 - [MESSAGE][PASSED] - Text of object 'Object Repository/Выполнение бизнес-плана/Выполнение бизнес-плана Балансы/Фильтр Дата' is: '1, 2, 3 кв., Октябрь 2024 года'

02-12-2024T02:41:09 - [TEST_STEP][PASSED] - m = m.substring(0, m.indexOf("2024")): null

02-12-2024T02:41:09 - [TEST_STEP][PASSED] - m = m.trim(): null

02-12-2024T02:41:09 - [TEST_STEP][PASSED] - dashboardName = "Выполнение бизнес-плана": null

02-12-2024T02:41:09 - [TEST_STEP][PASSED] - workbook01 = getWorkbook(excelFilePath): null

02-12-2024T02:41:09 - [TEST_STEP][PASSED] - sheet01 = getExcelSheet(workbook01, sheetName): null

02-12-2024T02:41:09 - [TEST_STEP][PASSED] - setValueToCellByIndex(sheet01, n, 0, dashboardName): null

02-12-2024T02:41:09 - [TEST_STEP][PASSED] - setValueToCellByIndex(sheet01, n, 1, dZO): null

02-12-2024T02:41:09 - [TEST_STEP][PASSED] - setValueToCellByIndex(sheet01, n, 2, typeOfData): null

02-12-2024T02:41:09 - [TEST_STEP][PASSED] - setValueToCellByIndex(sheet01, n, 3, typeOfData): null

02-12-2024T02:41:09 - [TEST_STEP][PASSED] - if (typeOfData == "План"): null

02-12-2024T02:41:09 - [TEST_STEP][PASSED] - else if (typeOfData == "Факт"): null

02-12-2024T02:41:09 - [TEST_STEP][PASSED] - else if (vidget.contains("электроэнергии") == true): null

02-12-2024T02:41:09 - [TEST_STEP][PASSED] - if (tabR == null): null

02-12-2024T02:41:09 - [TEST_STEP][PASSED] - else: null

02-12-2024T02:41:09 - [TEST_STEP][PASSED] - if (tabR == "нет данных"): null

02-12-2024T02:41:09 - [TEST_STEP][PASSED] - setValueToCellByIndex(sheet01, n, 4, "нет данных"): null

02-12-2024T02:41:09 - [TEST_STEP][PASSED] - if (tabB == null): null

02-12-2024T02:41:09 - [TEST_STEP][PASSED] - else: null

02-12-2024T02:41:09 - [TEST_STEP][PASSED] - if (tabB == "нет данных"): null

02-12-2024T02:41:09 - [TEST_STEP][PASSED] - else: null

02-12-2024T02:41:09 - [TEST_STEP][PASSED] - TB = tabB.toInteger(): null

02-12-2024T02:41:09 - [TEST_STEP][PASSED] - setValueToCellByIndex(sheet01, n, 5, TB): null

02-12-2024T02:41:09 - [TEST_STEP][PASSED] - setValueToCellByIndex(sheet01, n, 6, m): null

02-12-2024T02:41:09 - [TEST_STEP][PASSED] - setValueToCellByIndex(sheet01, n, 7, y): null

02-12-2024T02:41:09 - [TEST_STEP][PASSED] - setValueToCellByIndex(sheet01, n, 8, todaysDate): null

02-12-2024T02:41:09 - [TEST_STEP][PASSED] - n = n + 1: null

02-12-2024T02:41:09 - [TEST_STEP][PASSED] - saveWorkbook(excelFilePath, workbook01): null

02-12-2024T02:41:10 - [TEST_STEP][PASSED] - vidget = "Показатели баланса электроэнергии по ДЗО – План": null

02-12-2024T02:41:10 - [TEST_STEP][PASSED] - typeOfData = "План Отпуск в сеть": null

02-12-2024T02:41:10 - [TEST_STEP][PASSED] - tabR = GetOvSPlanR(x = a): null

02-12-2024T02:41:10 - [TEST_STEP][PASSED] - i1 = <not implemented yet for class: org.codehaus.groovy.ast.expr.EmptyExpression>: null

02-12-2024T02:41:10 - [TEST_STEP][PASSED] - ii = <not implemented yet for class: org.codehaus.groovy.ast.expr.EmptyExpression>: null

02-12-2024T02:41:10 - [TEST_STEP][PASSED] - for ([ii = 1, ii < 7, (ii++)]): null

02-12-2024T02:41:10 - [TEST_STEP][PASSED] - i1 = x.indexOf("/") + 1: null

02-12-2024T02:41:10 - [TEST_STEP][PASSED] - if (i1 > -1): null

02-12-2024T02:41:10 - [TEST_STEP][PASSED] - x = x.substring(i1, x.length()): null

02-12-2024T02:41:10 - [TEST_STEP][PASSED] - println(x): null

02-12-2024T02:41:10 - [TEST_STEP][PASSED] - i1 = x.indexOf("/") + 1: null

02-12-2024T02:41:10 - [TEST_STEP][PASSED] - if (i1 > -1): null

02-12-2024T02:41:10 - [TEST_STEP][PASSED] - x = x.substring(i1, x.length()): null

02-12-2024T02:41:10 - [TEST_STEP][PASSED] - println(x): null

02-12-2024T02:41:10 - [TEST_STEP][PASSED] - i1 = x.indexOf("/") + 1: null

02-12-2024T02:41:10 - [TEST_STEP][PASSED] - if (i1 > -1): null

02-12-2024T02:41:10 - [TEST_STEP][PASSED] - x = x.substring(i1, x.length()): null

02-12-2024T02:41:10 - [TEST_STEP][PASSED] - println(x): null

02-12-2024T02:41:10 - [TEST_STEP][PASSED] - i1 = x.indexOf("/") + 1: null

02-12-2024T02:41:10 - [TEST_STEP][PASSED] - if (i1 > -1): null

02-12-2024T02:41:10 - [TEST_STEP][PASSED] - x = x.substring(i1, x.length()): null

02-12-2024T02:41:10 - [TEST_STEP][PASSED] - println(x): null

02-12-2024T02:41:10 - [TEST_STEP][PASSED] - i1 = x.indexOf("/") + 1: null

02-12-2024T02:41:10 - [TEST_STEP][PASSED] - if (i1 > -1): null

02-12-2024T02:41:10 - [TEST_STEP][PASSED] - x = x.substring(i1, x.length()): null

02-12-2024T02:41:10 - [TEST_STEP][PASSED] - println(x): null

02-12-2024T02:41:10 - [TEST_STEP][PASSED] - i1 = x.indexOf("/") + 1: null

02-12-2024T02:41:10 - [TEST_STEP][PASSED] - if (i1 > -1): null

02-12-2024T02:41:10 - [TEST_STEP][PASSED] - x = x.substring(i1, x.length()): null

02-12-2024T02:41:10 - [TEST_STEP][PASSED] - println(x): null

02-12-2024T02:41:10 - [TEST_STEP][PASSED] - i1 = x.indexOf("/"): null

02-12-2024T02:41:10 - [TEST_STEP][PASSED] - if (i1 > -1): null

02-12-2024T02:41:10 - [TEST_STEP][PASSED] - x = x.substring(0, i1): null

02-12-2024T02:41:10 - [TEST_STEP][PASSED] - println(x): null

02-12-2024T02:41:10 - [TEST_STEP][PASSED] - return x: null

02-12-2024T02:41:10 - [TEST_STEP][PASSED] - tabB = GetOvSPlanB(x = b): null

02-12-2024T02:41:10 - [TEST_STEP][PASSED] - i1 = <not implemented yet for class: org.codehaus.groovy.ast.expr.EmptyExpression>: null

02-12-2024T02:41:10 - [TEST_STEP][PASSED] - ii = <not implemented yet for class: org.codehaus.groovy.ast.expr.EmptyExpression>: null

02-12-2024T02:41:10 - [TEST_STEP][PASSED] - for ([ii = 1, ii < 7, (ii++)]): null

02-12-2024T02:41:10 - [TEST_STEP][PASSED] - i1 = x.indexOf("/") + 1: null

02-12-2024T02:41:10 - [TEST_STEP][PASSED] - if (i1 > -1): null

02-12-2024T02:41:10 - [TEST_STEP][PASSED] - x = x.substring(i1, x.length()): null

02-12-2024T02:41:10 - [TEST_STEP][PASSED] - println(x): null

02-12-2024T02:41:10 - [TEST_STEP][PASSED] - i1 = x.indexOf("/") + 1: null

02-12-2024T02:41:10 - [TEST_STEP][PASSED] - if (i1 > -1): null

02-12-2024T02:41:10 - [TEST_STEP][PASSED] - x = x.substring(i1, x.length()): null

02-12-2024T02:41:10 - [TEST_STEP][PASSED] - println(x): null

02-12-2024T02:41:10 - [TEST_STEP][PASSED] - i1 = x.indexOf("/") + 1: null

02-12-2024T02:41:10 - [TEST_STEP][PASSED] - if (i1 > -1): null

02-12-2024T02:41:10 - [TEST_STEP][PASSED] - x = x.substring(i1, x.length()): null

02-12-2024T02:41:10 - [TEST_STEP][PASSED] - println(x): null

02-12-2024T02:41:10 - [TEST_STEP][PASSED] - i1 = x.indexOf("/") + 1: null

02-12-2024T02:41:10 - [TEST_STEP][PASSED] - if (i1 > -1): null

02-12-2024T02:41:10 - [TEST_STEP][PASSED] - x = x.substring(i1, x.length()): null

02-12-2024T02:41:10 - [TEST_STEP][PASSED] - println(x): null

02-12-2024T02:41:10 - [TEST_STEP][PASSED] - i1 = x.indexOf("/") + 1: null

02-12-2024T02:41:10 - [TEST_STEP][PASSED] - if (i1 > -1): null

02-12-2024T02:41:10 - [TEST_STEP][PASSED] - x = x.substring(i1, x.length()): null

02-12-2024T02:41:10 - [TEST_STEP][PASSED] - println(x): null

02-12-2024T02:41:10 - [TEST_STEP][PASSED] - i1 = x.indexOf("/") + 1: null

02-12-2024T02:41:10 - [TEST_STEP][PASSED] - if (i1 > -1): null

02-12-2024T02:41:10 - [TEST_STEP][PASSED] - x = x.substring(i1, x.length()): null

02-12-2024T02:41:10 - [TEST_STEP][PASSED] - println(x): null

02-12-2024T02:41:10 - [TEST_STEP][PASSED] - i1 = x.indexOf("/"): null

02-12-2024T02:41:10 - [TEST_STEP][PASSED] - if (i1 > -1): null

02-12-2024T02:41:10 - [TEST_STEP][PASSED] - x = x.substring(0, i1): null

02-12-2024T02:41:10 - [TEST_STEP][PASSED] - println(x): null

02-12-2024T02:41:10 - [TEST_STEP][FAILED] - return x: null

02-12-2024T02:41:10 - [TEST_STEP][PASSED] - println(tabR + "/" + tabB): null

02-12-2024T02:41:10 - [TEST_STEP][FAILED] - if (verifyEqual(PercFactR, PercFactB) == false): null

02-12-2024T02:41:10 - [MESSAGE][FAILED] - Unable to verify equal between actual object 'нет данных' and expected object '8.76' (Root cause: com.kms.katalon.core.exception.StepFailedException: Actual object 'нет данных' and expected object '8.76' are not equal
	at com.kms.katalon.core.keyword.builtin.VerifyEqualKeyword$_verifyEqual_closure1.doCall(VerifyEqualKeyword.groovy:58)
	at com.kms.katalon.core.keyword.builtin.VerifyEqualKeyword$_verifyEqual_closure1.call(VerifyEqualKeyword.groovy)
	at com.kms.katalon.core.keyword.internal.KeywordMain.runKeyword(KeywordMain.groovy:75)
	at com.kms.katalon.core.keyword.builtin.VerifyEqualKeyword.verifyEqual(VerifyEqualKeyword.groovy:63)
	at com.kms.katalon.core.keyword.builtin.VerifyEqualKeyword.execute(VerifyEqualKeyword.groovy:44)
	at com.kms.katalon.core.keyword.internal.KeywordExecutor.executeKeywordForPlatform(KeywordExecutor.groovy:74)
	at com.kms.katalon.core.keyword.BuiltinKeywords.verifyEqual(BuiltinKeywords.groovy:146)
	at jdk.internal.reflect.GeneratedMethodAccessor25.invoke(Unknown Source)
	at java.base/jdk.internal.reflect.DelegatingMethodAccessorImpl.invoke(DelegatingMethodAccessorImpl.java:43)
	at Выполнение бизнес-плана сверка дашбордов.CompareDZOData(Выполнение бизнес-плана сверка дашбордов:745)
	at Выполнение бизнес-плана сверка дашбордов.run(Выполнение бизнес-плана сверка дашбордов:663)
	at com.kms.katalon.core.main.ScriptEngine.run(ScriptEngine.java:194)
	at com.kms.katalon.core.main.ScriptEngine.runScriptAsRawText(ScriptEngine.java:119)
	at com.kms.katalon.core.main.TestCaseExecutor.runScript(TestCaseExecutor.java:448)
	at com.kms.katalon.core.main.TestCaseExecutor.doExecute(TestCaseExecutor.java:439)
	at com.kms.katalon.core.main.TestCaseExecutor.processExecutionPhase(TestCaseExecutor.java:418)
	at com.kms.katalon.core.main.TestCaseExecutor.accessMainPhase(TestCaseExecutor.java:410)
	at com.kms.katalon.core.main.TestCaseExecutor.execute(TestCaseExecutor.java:285)
	at com.kms.katalon.core.common.CommonExecutor.accessTestCaseMainPhase(CommonExecutor.java:65)
	at com.kms.katalon.core.main.TestSuiteExecutor.accessTestSuiteMainPhase(TestSuiteExecutor.java:150)
	at com.kms.katalon.core.main.TestSuiteExecutor.execute(TestSuiteExecutor.java:106)
	at com.kms.katalon.core.main.TestCaseMain.startTestSuite(TestCaseMain.java:180)
	at TempTestSuite1733095732962.run(TempTestSuite1733095732962.groovy:35)
	at java.base/jdk.internal.reflect.NativeMethodAccessorImpl.invoke0(Native Method)
	at java.base/jdk.internal.reflect.NativeMethodAccessorImpl.invoke(NativeMethodAccessorImpl.java:77)
	at java.base/jdk.internal.reflect.DelegatingMethodAccessorImpl.invoke(DelegatingMethodAccessorImpl.java:43)
)

02-12-2024T02:41:10 - [TEST_STEP][PASSED] - result = WriteToExcel(typeOfData, todaysDate, PercPlanR, PercPlanB, PercFactR, PercFactB, x, tabR, tabB, o1R, o1B, vidget): null

02-12-2024T02:41:10 - [TEST_STEP][PASSED] - iii = dZO.indexOf("/"): null

02-12-2024T02:41:10 - [TEST_STEP][PASSED] - println(iii): null

02-12-2024T02:41:10 - [TEST_STEP][PASSED] - dZO = dZO.substring(0, iii): null

02-12-2024T02:41:10 - [TEST_STEP][PASSED] - println(dZO): null

02-12-2024T02:41:10 - [TEST_STEP][PASSED] - println(PercPlanR): null

02-12-2024T02:41:10 - [TEST_STEP][PASSED] - println(PercPlanB): null

02-12-2024T02:41:10 - [TEST_STEP][PASSED] - println(PercFactR): null

02-12-2024T02:41:10 - [TEST_STEP][PASSED] - println(PercFactB): null

02-12-2024T02:41:10 - [TEST_STEP][PASSED] - println(tabR): null

02-12-2024T02:41:10 - [TEST_STEP][PASSED] - println(tabB): null

02-12-2024T02:41:10 - [TEST_STEP][PASSED] - println(o1R): null

02-12-2024T02:41:10 - [TEST_STEP][PASSED] - println(o1B): null

02-12-2024T02:41:10 - [TEST_STEP][PASSED] - PR = <not implemented yet for class: org.codehaus.groovy.ast.expr.EmptyExpression>: null

02-12-2024T02:41:10 - [TEST_STEP][PASSED] - FR = <not implemented yet for class: org.codehaus.groovy.ast.expr.EmptyExpression>: null

02-12-2024T02:41:10 - [TEST_STEP][PASSED] - PB = <not implemented yet for class: org.codehaus.groovy.ast.expr.EmptyExpression>: null

02-12-2024T02:41:10 - [TEST_STEP][PASSED] - FB = <not implemented yet for class: org.codehaus.groovy.ast.expr.EmptyExpression>: null

02-12-2024T02:41:10 - [TEST_STEP][PASSED] - TR = <not implemented yet for class: org.codehaus.groovy.ast.expr.EmptyExpression>: null

02-12-2024T02:41:10 - [TEST_STEP][PASSED] - TB = <not implemented yet for class: org.codehaus.groovy.ast.expr.EmptyExpression>: null

02-12-2024T02:41:10 - [TEST_STEP][PASSED] - sheetName = "Sheet1": null

02-12-2024T02:41:10 - [TEST_STEP][PASSED] - data = findTestData("PlanFact"): null

02-12-2024T02:41:10 - [TEST_STEP][PASSED] - n = data.getRowNumbers() + 1: null

02-12-2024T02:41:10 - [TEST_STEP][PASSED] - year = todaysDate.substring(todaysDate.length() - 4, todaysDate.length()): null

02-12-2024T02:41:10 - [TEST_STEP][PASSED] - y = year.toInteger(): null

02-12-2024T02:41:10 - [TEST_STEP][PASSED] - m = getText(findTestObject("Выполнение бизнес-плана/Выполнение бизнес-плана Балансы/Фильтр Дата")): Text of object 'Object Repository/Выполнение бизнес-плана/Выполнение бизнес-плана Балансы/Фильтр Дата' is: '1, 2, 3 кв., Октябрь 2024 года'

02-12-2024T02:41:10 - [MESSAGE][PASSED] - Text of object 'Object Repository/Выполнение бизнес-плана/Выполнение бизнес-плана Балансы/Фильтр Дата' is: '1, 2, 3 кв., Октябрь 2024 года'

02-12-2024T02:41:10 - [TEST_STEP][PASSED] - m = m.substring(0, m.indexOf("2024")): null

02-12-2024T02:41:10 - [TEST_STEP][PASSED] - m = m.trim(): null

02-12-2024T02:41:10 - [TEST_STEP][PASSED] - dashboardName = "Выполнение бизнес-плана": null

02-12-2024T02:41:10 - [TEST_STEP][PASSED] - workbook01 = getWorkbook(excelFilePath): null

02-12-2024T02:41:10 - [TEST_STEP][PASSED] - sheet01 = getExcelSheet(workbook01, sheetName): null

02-12-2024T02:41:10 - [TEST_STEP][PASSED] - setValueToCellByIndex(sheet01, n, 0, dashboardName): null

02-12-2024T02:41:10 - [TEST_STEP][PASSED] - setValueToCellByIndex(sheet01, n, 1, dZO): null

02-12-2024T02:41:10 - [TEST_STEP][PASSED] - setValueToCellByIndex(sheet01, n, 2, typeOfData): null

02-12-2024T02:41:10 - [TEST_STEP][PASSED] - setValueToCellByIndex(sheet01, n, 3, typeOfData): null

02-12-2024T02:41:10 - [TEST_STEP][PASSED] - if (typeOfData == "План"): null

02-12-2024T02:41:10 - [TEST_STEP][PASSED] - else if (typeOfData == "Факт"): null

02-12-2024T02:41:10 - [TEST_STEP][PASSED] - else if (vidget.contains("электроэнергии") == true): null

02-12-2024T02:41:10 - [TEST_STEP][PASSED] - if (tabR == null): null

02-12-2024T02:41:10 - [TEST_STEP][PASSED] - else: null

02-12-2024T02:41:10 - [TEST_STEP][PASSED] - if (tabR == "нет данных"): null

02-12-2024T02:41:10 - [TEST_STEP][PASSED] - setValueToCellByIndex(sheet01, n, 4, "нет данных"): null

02-12-2024T02:41:10 - [TEST_STEP][PASSED] - if (tabB == null): null

02-12-2024T02:41:10 - [TEST_STEP][PASSED] - else: null

02-12-2024T02:41:10 - [TEST_STEP][PASSED] - if (tabB == "нет данных"): null

02-12-2024T02:41:10 - [TEST_STEP][PASSED] - else: null

02-12-2024T02:41:10 - [TEST_STEP][PASSED] - TB = tabB.toInteger(): null

02-12-2024T02:41:10 - [TEST_STEP][PASSED] - setValueToCellByIndex(sheet01, n, 5, TB): null

02-12-2024T02:41:10 - [TEST_STEP][PASSED] - setValueToCellByIndex(sheet01, n, 6, m): null

02-12-2024T02:41:10 - [TEST_STEP][PASSED] - setValueToCellByIndex(sheet01, n, 7, y): null

02-12-2024T02:41:10 - [TEST_STEP][PASSED] - setValueToCellByIndex(sheet01, n, 8, todaysDate): null

02-12-2024T02:41:10 - [TEST_STEP][PASSED] - n = n + 1: null

02-12-2024T02:41:10 - [TEST_STEP][PASSED] - saveWorkbook(excelFilePath, workbook01): null

02-12-2024T02:41:10 - [TEST_STEP][PASSED] - typeOfData = "План Отпуск из сети": null

02-12-2024T02:41:10 - [TEST_STEP][PASSED] - tabR = GetOiSPlanR(x = a): null

02-12-2024T02:41:10 - [TEST_STEP][PASSED] - i1 = <not implemented yet for class: org.codehaus.groovy.ast.expr.EmptyExpression>: null

02-12-2024T02:41:10 - [TEST_STEP][PASSED] - ii = <not implemented yet for class: org.codehaus.groovy.ast.expr.EmptyExpression>: null

02-12-2024T02:41:10 - [TEST_STEP][PASSED] - for ([ii = 1, ii < 8, (ii++)]): null

02-12-2024T02:41:10 - [TEST_STEP][PASSED] - i1 = x.indexOf("/") + 1: null

02-12-2024T02:41:10 - [TEST_STEP][PASSED] - if (i1 > -1): null

02-12-2024T02:41:10 - [TEST_STEP][PASSED] - x = x.substring(i1, x.length()): null

02-12-2024T02:41:10 - [TEST_STEP][PASSED] - println(x): null

02-12-2024T02:41:10 - [TEST_STEP][PASSED] - i1 = x.indexOf("/") + 1: null

02-12-2024T02:41:10 - [TEST_STEP][PASSED] - if (i1 > -1): null

02-12-2024T02:41:10 - [TEST_STEP][PASSED] - x = x.substring(i1, x.length()): null

02-12-2024T02:41:10 - [TEST_STEP][PASSED] - println(x): null

02-12-2024T02:41:10 - [TEST_STEP][PASSED] - i1 = x.indexOf("/") + 1: null

02-12-2024T02:41:10 - [TEST_STEP][PASSED] - if (i1 > -1): null

02-12-2024T02:41:10 - [TEST_STEP][PASSED] - x = x.substring(i1, x.length()): null

02-12-2024T02:41:10 - [TEST_STEP][PASSED] - println(x): null

02-12-2024T02:41:10 - [TEST_STEP][PASSED] - i1 = x.indexOf("/") + 1: null

02-12-2024T02:41:10 - [TEST_STEP][PASSED] - if (i1 > -1): null

02-12-2024T02:41:10 - [TEST_STEP][PASSED] - x = x.substring(i1, x.length()): null

02-12-2024T02:41:10 - [TEST_STEP][PASSED] - println(x): null

02-12-2024T02:41:10 - [TEST_STEP][PASSED] - i1 = x.indexOf("/") + 1: null

02-12-2024T02:41:10 - [TEST_STEP][PASSED] - if (i1 > -1): null

02-12-2024T02:41:10 - [TEST_STEP][PASSED] - x = x.substring(i1, x.length()): null

02-12-2024T02:41:10 - [TEST_STEP][PASSED] - println(x): null

02-12-2024T02:41:10 - [TEST_STEP][PASSED] - i1 = x.indexOf("/") + 1: null

02-12-2024T02:41:10 - [TEST_STEP][PASSED] - if (i1 > -1): null

02-12-2024T02:41:10 - [TEST_STEP][PASSED] - x = x.substring(i1, x.length()): null

02-12-2024T02:41:10 - [TEST_STEP][PASSED] - println(x): null

02-12-2024T02:41:10 - [TEST_STEP][PASSED] - i1 = x.indexOf("/") + 1: null

02-12-2024T02:41:10 - [TEST_STEP][PASSED] - if (i1 > -1): null

02-12-2024T02:41:10 - [TEST_STEP][PASSED] - x = x.substring(i1, x.length()): null

02-12-2024T02:41:10 - [TEST_STEP][PASSED] - println(x): null

02-12-2024T02:41:10 - [TEST_STEP][PASSED] - i1 = x.indexOf("/"): null

02-12-2024T02:41:10 - [TEST_STEP][PASSED] - if (i1 > -1): null

02-12-2024T02:41:10 - [TEST_STEP][PASSED] - x = x.substring(0, i1): null

02-12-2024T02:41:10 - [TEST_STEP][PASSED] - println(x): null

02-12-2024T02:41:10 - [TEST_STEP][PASSED] - return x: null

02-12-2024T02:41:10 - [TEST_STEP][PASSED] - tabB = GetOiSPlanB(x = b): null

02-12-2024T02:41:10 - [TEST_STEP][PASSED] - i1 = <not implemented yet for class: org.codehaus.groovy.ast.expr.EmptyExpression>: null

02-12-2024T02:41:10 - [TEST_STEP][PASSED] - ii = <not implemented yet for class: org.codehaus.groovy.ast.expr.EmptyExpression>: null

02-12-2024T02:41:10 - [TEST_STEP][PASSED] - for ([ii = 1, ii < 8, (ii++)]): null

02-12-2024T02:41:10 - [TEST_STEP][PASSED] - i1 = x.indexOf("/") + 1: null

02-12-2024T02:41:10 - [TEST_STEP][PASSED] - if (i1 > -1): null

02-12-2024T02:41:10 - [TEST_STEP][PASSED] - x = x.substring(i1, x.length()): null

02-12-2024T02:41:10 - [TEST_STEP][PASSED] - println(x): null

02-12-2024T02:41:10 - [TEST_STEP][PASSED] - i1 = x.indexOf("/") + 1: null

02-12-2024T02:41:10 - [TEST_STEP][PASSED] - if (i1 > -1): null

02-12-2024T02:41:10 - [TEST_STEP][PASSED] - x = x.substring(i1, x.length()): null

02-12-2024T02:41:10 - [TEST_STEP][PASSED] - println(x): null

02-12-2024T02:41:10 - [TEST_STEP][PASSED] - i1 = x.indexOf("/") + 1: null

02-12-2024T02:41:10 - [TEST_STEP][PASSED] - if (i1 > -1): null

02-12-2024T02:41:10 - [TEST_STEP][PASSED] - x = x.substring(i1, x.length()): null

02-12-2024T02:41:10 - [TEST_STEP][PASSED] - println(x): null

02-12-2024T02:41:10 - [TEST_STEP][PASSED] - i1 = x.indexOf("/") + 1: null

02-12-2024T02:41:10 - [TEST_STEP][PASSED] - if (i1 > -1): null

02-12-2024T02:41:10 - [TEST_STEP][PASSED] - x = x.substring(i1, x.length()): null

02-12-2024T02:41:10 - [TEST_STEP][PASSED] - println(x): null

02-12-2024T02:41:10 - [TEST_STEP][PASSED] - i1 = x.indexOf("/") + 1: null

02-12-2024T02:41:10 - [TEST_STEP][PASSED] - if (i1 > -1): null

02-12-2024T02:41:10 - [TEST_STEP][PASSED] - x = x.substring(i1, x.length()): null

02-12-2024T02:41:10 - [TEST_STEP][PASSED] - println(x): null

02-12-2024T02:41:10 - [TEST_STEP][PASSED] - i1 = x.indexOf("/") + 1: null

02-12-2024T02:41:10 - [TEST_STEP][PASSED] - if (i1 > -1): null

02-12-2024T02:41:10 - [TEST_STEP][PASSED] - x = x.substring(i1, x.length()): null

02-12-2024T02:41:10 - [TEST_STEP][PASSED] - println(x): null

02-12-2024T02:41:10 - [TEST_STEP][PASSED] - i1 = x.indexOf("/") + 1: null

02-12-2024T02:41:10 - [TEST_STEP][PASSED] - if (i1 > -1): null

02-12-2024T02:41:10 - [TEST_STEP][PASSED] - x = x.substring(i1, x.length()): null

02-12-2024T02:41:10 - [TEST_STEP][PASSED] - println(x): null

02-12-2024T02:41:10 - [TEST_STEP][PASSED] - i1 = x.indexOf("/"): null

02-12-2024T02:41:10 - [TEST_STEP][PASSED] - if (i1 > -1): null

02-12-2024T02:41:10 - [TEST_STEP][PASSED] - x = x.substring(0, i1): null

02-12-2024T02:41:10 - [TEST_STEP][PASSED] - println(x): null

02-12-2024T02:41:10 - [TEST_STEP][FAILED] - return x: null

02-12-2024T02:41:10 - [TEST_STEP][PASSED] - println(tabR + "/" + tabB): null

02-12-2024T02:41:10 - [TEST_STEP][FAILED] - if (verifyEqual(PercFactR, PercFactB) == false): null

02-12-2024T02:41:10 - [MESSAGE][FAILED] - Unable to verify equal between actual object 'нет данных' and expected object '8.76' (Root cause: com.kms.katalon.core.exception.StepFailedException: Actual object 'нет данных' and expected object '8.76' are not equal
	at com.kms.katalon.core.keyword.builtin.VerifyEqualKeyword$_verifyEqual_closure1.doCall(VerifyEqualKeyword.groovy:58)
	at com.kms.katalon.core.keyword.builtin.VerifyEqualKeyword$_verifyEqual_closure1.call(VerifyEqualKeyword.groovy)
	at com.kms.katalon.core.keyword.internal.KeywordMain.runKeyword(KeywordMain.groovy:75)
	at com.kms.katalon.core.keyword.builtin.VerifyEqualKeyword.verifyEqual(VerifyEqualKeyword.groovy:63)
	at com.kms.katalon.core.keyword.builtin.VerifyEqualKeyword.execute(VerifyEqualKeyword.groovy:44)
	at com.kms.katalon.core.keyword.internal.KeywordExecutor.executeKeywordForPlatform(KeywordExecutor.groovy:74)
	at com.kms.katalon.core.keyword.BuiltinKeywords.verifyEqual(BuiltinKeywords.groovy:146)
	at jdk.internal.reflect.GeneratedMethodAccessor25.invoke(Unknown Source)
	at java.base/jdk.internal.reflect.DelegatingMethodAccessorImpl.invoke(DelegatingMethodAccessorImpl.java:43)
	at Выполнение бизнес-плана сверка дашбордов.CompareDZOData(Выполнение бизнес-плана сверка дашбордов:758)
	at Выполнение бизнес-плана сверка дашбордов.run(Выполнение бизнес-плана сверка дашбордов:663)
	at com.kms.katalon.core.main.ScriptEngine.run(ScriptEngine.java:194)
	at com.kms.katalon.core.main.ScriptEngine.runScriptAsRawText(ScriptEngine.java:119)
	at com.kms.katalon.core.main.TestCaseExecutor.runScript(TestCaseExecutor.java:448)
	at com.kms.katalon.core.main.TestCaseExecutor.doExecute(TestCaseExecutor.java:439)
	at com.kms.katalon.core.main.TestCaseExecutor.processExecutionPhase(TestCaseExecutor.java:418)
	at com.kms.katalon.core.main.TestCaseExecutor.accessMainPhase(TestCaseExecutor.java:410)
	at com.kms.katalon.core.main.TestCaseExecutor.execute(TestCaseExecutor.java:285)
	at com.kms.katalon.core.common.CommonExecutor.accessTestCaseMainPhase(CommonExecutor.java:65)
	at com.kms.katalon.core.main.TestSuiteExecutor.accessTestSuiteMainPhase(TestSuiteExecutor.java:150)
	at com.kms.katalon.core.main.TestSuiteExecutor.execute(TestSuiteExecutor.java:106)
	at com.kms.katalon.core.main.TestCaseMain.startTestSuite(TestCaseMain.java:180)
	at TempTestSuite1733095732962.run(TempTestSuite1733095732962.groovy:35)
	at java.base/jdk.internal.reflect.NativeMethodAccessorImpl.invoke0(Native Method)
	at java.base/jdk.internal.reflect.NativeMethodAccessorImpl.invoke(NativeMethodAccessorImpl.java:77)
	at java.base/jdk.internal.reflect.DelegatingMethodAccessorImpl.invoke(DelegatingMethodAccessorImpl.java:43)
)

02-12-2024T02:41:10 - [TEST_STEP][PASSED] - result = WriteToExcel(typeOfData, todaysDate, PercPlanR, PercPlanB, PercFactR, PercFactB, x, tabR, tabB, o1R, o1B, vidget): null

02-12-2024T02:41:10 - [TEST_STEP][PASSED] - iii = dZO.indexOf("/"): null

02-12-2024T02:41:10 - [TEST_STEP][PASSED] - println(iii): null

02-12-2024T02:41:10 - [TEST_STEP][PASSED] - dZO = dZO.substring(0, iii): null

02-12-2024T02:41:10 - [TEST_STEP][PASSED] - println(dZO): null

02-12-2024T02:41:10 - [TEST_STEP][PASSED] - println(PercPlanR): null

02-12-2024T02:41:10 - [TEST_STEP][PASSED] - println(PercPlanB): null

02-12-2024T02:41:10 - [TEST_STEP][PASSED] - println(PercFactR): null

02-12-2024T02:41:10 - [TEST_STEP][PASSED] - println(PercFactB): null

02-12-2024T02:41:10 - [TEST_STEP][PASSED] - println(tabR): null

02-12-2024T02:41:10 - [TEST_STEP][PASSED] - println(tabB): null

02-12-2024T02:41:10 - [TEST_STEP][PASSED] - println(o1R): null

02-12-2024T02:41:10 - [TEST_STEP][PASSED] - println(o1B): null

02-12-2024T02:41:10 - [TEST_STEP][PASSED] - PR = <not implemented yet for class: org.codehaus.groovy.ast.expr.EmptyExpression>: null

02-12-2024T02:41:10 - [TEST_STEP][PASSED] - FR = <not implemented yet for class: org.codehaus.groovy.ast.expr.EmptyExpression>: null

02-12-2024T02:41:10 - [TEST_STEP][PASSED] - PB = <not implemented yet for class: org.codehaus.groovy.ast.expr.EmptyExpression>: null

02-12-2024T02:41:10 - [TEST_STEP][PASSED] - FB = <not implemented yet for class: org.codehaus.groovy.ast.expr.EmptyExpression>: null

02-12-2024T02:41:10 - [TEST_STEP][PASSED] - TR = <not implemented yet for class: org.codehaus.groovy.ast.expr.EmptyExpression>: null

02-12-2024T02:41:10 - [TEST_STEP][PASSED] - TB = <not implemented yet for class: org.codehaus.groovy.ast.expr.EmptyExpression>: null

02-12-2024T02:41:10 - [TEST_STEP][PASSED] - sheetName = "Sheet1": null

02-12-2024T02:41:10 - [TEST_STEP][PASSED] - data = findTestData("PlanFact"): null

02-12-2024T02:41:10 - [TEST_STEP][PASSED] - n = data.getRowNumbers() + 1: null

02-12-2024T02:41:10 - [TEST_STEP][PASSED] - year = todaysDate.substring(todaysDate.length() - 4, todaysDate.length()): null

02-12-2024T02:41:10 - [TEST_STEP][PASSED] - y = year.toInteger(): null

02-12-2024T02:41:10 - [TEST_STEP][PASSED] - m = getText(findTestObject("Выполнение бизнес-плана/Выполнение бизнес-плана Балансы/Фильтр Дата")): Text of object 'Object Repository/Выполнение бизнес-плана/Выполнение бизнес-плана Балансы/Фильтр Дата' is: '1, 2, 3 кв., Октябрь 2024 года'

02-12-2024T02:41:10 - [MESSAGE][PASSED] - Text of object 'Object Repository/Выполнение бизнес-плана/Выполнение бизнес-плана Балансы/Фильтр Дата' is: '1, 2, 3 кв., Октябрь 2024 года'

02-12-2024T02:41:10 - [TEST_STEP][PASSED] - m = m.substring(0, m.indexOf("2024")): null

02-12-2024T02:41:10 - [TEST_STEP][PASSED] - m = m.trim(): null

02-12-2024T02:41:10 - [TEST_STEP][PASSED] - dashboardName = "Выполнение бизнес-плана": null

02-12-2024T02:41:10 - [TEST_STEP][PASSED] - workbook01 = getWorkbook(excelFilePath): null

02-12-2024T02:41:11 - [TEST_STEP][PASSED] - sheet01 = getExcelSheet(workbook01, sheetName): null

02-12-2024T02:41:11 - [TEST_STEP][PASSED] - setValueToCellByIndex(sheet01, n, 0, dashboardName): null

02-12-2024T02:41:11 - [TEST_STEP][PASSED] - setValueToCellByIndex(sheet01, n, 1, dZO): null

02-12-2024T02:41:11 - [TEST_STEP][PASSED] - setValueToCellByIndex(sheet01, n, 2, typeOfData): null

02-12-2024T02:41:11 - [TEST_STEP][PASSED] - setValueToCellByIndex(sheet01, n, 3, typeOfData): null

02-12-2024T02:41:11 - [TEST_STEP][PASSED] - if (typeOfData == "План"): null

02-12-2024T02:41:11 - [TEST_STEP][PASSED] - else if (typeOfData == "Факт"): null

02-12-2024T02:41:11 - [TEST_STEP][PASSED] - else if (vidget.contains("электроэнергии") == true): null

02-12-2024T02:41:11 - [TEST_STEP][PASSED] - if (tabR == null): null

02-12-2024T02:41:11 - [TEST_STEP][PASSED] - else: null

02-12-2024T02:41:11 - [TEST_STEP][PASSED] - if (tabR == "нет данных"): null

02-12-2024T02:41:11 - [TEST_STEP][PASSED] - setValueToCellByIndex(sheet01, n, 4, "нет данных"): null

02-12-2024T02:41:11 - [TEST_STEP][PASSED] - if (tabB == null): null

02-12-2024T02:41:11 - [TEST_STEP][PASSED] - else: null

02-12-2024T02:41:11 - [TEST_STEP][PASSED] - if (tabB == "нет данных"): null

02-12-2024T02:41:11 - [TEST_STEP][PASSED] - else: null

02-12-2024T02:41:11 - [TEST_STEP][PASSED] - TB = tabB.toInteger(): null

02-12-2024T02:41:11 - [TEST_STEP][PASSED] - setValueToCellByIndex(sheet01, n, 5, TB): null

02-12-2024T02:41:11 - [TEST_STEP][PASSED] - setValueToCellByIndex(sheet01, n, 6, m): null

02-12-2024T02:41:11 - [TEST_STEP][PASSED] - setValueToCellByIndex(sheet01, n, 7, y): null

02-12-2024T02:41:11 - [TEST_STEP][PASSED] - setValueToCellByIndex(sheet01, n, 8, todaysDate): null

02-12-2024T02:41:11 - [TEST_STEP][PASSED] - n = n + 1: null

02-12-2024T02:41:11 - [TEST_STEP][PASSED] - saveWorkbook(excelFilePath, workbook01): null

02-12-2024T02:41:11 - [TEST_STEP][PASSED] - typeOfData = "План Потери": null

02-12-2024T02:41:11 - [TEST_STEP][PASSED] - tabR = GetPPlanR(x = a): null

02-12-2024T02:41:11 - [TEST_STEP][PASSED] - i1 = <not implemented yet for class: org.codehaus.groovy.ast.expr.EmptyExpression>: null

02-12-2024T02:41:11 - [TEST_STEP][PASSED] - ii = <not implemented yet for class: org.codehaus.groovy.ast.expr.EmptyExpression>: null

02-12-2024T02:41:11 - [TEST_STEP][PASSED] - for ([ii = 1, ii < 9, (ii++)]): null

02-12-2024T02:41:11 - [TEST_STEP][PASSED] - i1 = x.indexOf("/") + 1: null

02-12-2024T02:41:11 - [TEST_STEP][PASSED] - if (i1 > -1): null

02-12-2024T02:41:11 - [TEST_STEP][PASSED] - x = x.substring(i1, x.length()): null

02-12-2024T02:41:11 - [TEST_STEP][PASSED] - println(x): null

02-12-2024T02:41:11 - [TEST_STEP][PASSED] - i1 = x.indexOf("/") + 1: null

02-12-2024T02:41:11 - [TEST_STEP][PASSED] - if (i1 > -1): null

02-12-2024T02:41:11 - [TEST_STEP][PASSED] - x = x.substring(i1, x.length()): null

02-12-2024T02:41:11 - [TEST_STEP][PASSED] - println(x): null

02-12-2024T02:41:11 - [TEST_STEP][PASSED] - i1 = x.indexOf("/") + 1: null

02-12-2024T02:41:11 - [TEST_STEP][PASSED] - if (i1 > -1): null

02-12-2024T02:41:11 - [TEST_STEP][PASSED] - x = x.substring(i1, x.length()): null

02-12-2024T02:41:11 - [TEST_STEP][PASSED] - println(x): null

02-12-2024T02:41:11 - [TEST_STEP][PASSED] - i1 = x.indexOf("/") + 1: null

02-12-2024T02:41:11 - [TEST_STEP][PASSED] - if (i1 > -1): null

02-12-2024T02:41:11 - [TEST_STEP][PASSED] - x = x.substring(i1, x.length()): null

02-12-2024T02:41:11 - [TEST_STEP][PASSED] - println(x): null

02-12-2024T02:41:11 - [TEST_STEP][PASSED] - i1 = x.indexOf("/") + 1: null

02-12-2024T02:41:11 - [TEST_STEP][PASSED] - if (i1 > -1): null

02-12-2024T02:41:11 - [TEST_STEP][PASSED] - x = x.substring(i1, x.length()): null

02-12-2024T02:41:11 - [TEST_STEP][PASSED] - println(x): null

02-12-2024T02:41:11 - [TEST_STEP][PASSED] - i1 = x.indexOf("/") + 1: null

02-12-2024T02:41:11 - [TEST_STEP][PASSED] - if (i1 > -1): null

02-12-2024T02:41:11 - [TEST_STEP][PASSED] - x = x.substring(i1, x.length()): null

02-12-2024T02:41:11 - [TEST_STEP][PASSED] - println(x): null

02-12-2024T02:41:11 - [TEST_STEP][PASSED] - i1 = x.indexOf("/") + 1: null

02-12-2024T02:41:11 - [TEST_STEP][PASSED] - if (i1 > -1): null

02-12-2024T02:41:11 - [TEST_STEP][PASSED] - x = x.substring(i1, x.length()): null

02-12-2024T02:41:11 - [TEST_STEP][PASSED] - println(x): null

02-12-2024T02:41:11 - [TEST_STEP][PASSED] - i1 = x.indexOf("/") + 1: null

02-12-2024T02:41:11 - [TEST_STEP][PASSED] - if (i1 > -1): null

02-12-2024T02:41:11 - [TEST_STEP][PASSED] - x = x.substring(i1, x.length()): null

02-12-2024T02:41:11 - [TEST_STEP][PASSED] - println(x): null

02-12-2024T02:41:11 - [TEST_STEP][PASSED] - i1 = x.indexOf("/"): null

02-12-2024T02:41:11 - [TEST_STEP][PASSED] - if (i1 > -1): null

02-12-2024T02:41:11 - [TEST_STEP][PASSED] - x = x.substring(0, i1): null

02-12-2024T02:41:11 - [TEST_STEP][PASSED] - println(x): null

02-12-2024T02:41:11 - [TEST_STEP][PASSED] - return x: null

02-12-2024T02:41:11 - [TEST_STEP][PASSED] - tabB = GetPPlanB(x = b): null

02-12-2024T02:41:11 - [TEST_STEP][PASSED] - i1 = <not implemented yet for class: org.codehaus.groovy.ast.expr.EmptyExpression>: null

02-12-2024T02:41:11 - [TEST_STEP][PASSED] - ii = <not implemented yet for class: org.codehaus.groovy.ast.expr.EmptyExpression>: null

02-12-2024T02:41:11 - [TEST_STEP][PASSED] - for ([ii = 1, ii < 9, (ii++)]): null

02-12-2024T02:41:11 - [TEST_STEP][PASSED] - i1 = x.indexOf("/") + 1: null

02-12-2024T02:41:11 - [TEST_STEP][PASSED] - if (i1 > -1): null

02-12-2024T02:41:11 - [TEST_STEP][PASSED] - x = x.substring(i1, x.length()): null

02-12-2024T02:41:11 - [TEST_STEP][PASSED] - println(x): null

02-12-2024T02:41:11 - [TEST_STEP][PASSED] - i1 = x.indexOf("/") + 1: null

02-12-2024T02:41:11 - [TEST_STEP][PASSED] - if (i1 > -1): null

02-12-2024T02:41:11 - [TEST_STEP][PASSED] - x = x.substring(i1, x.length()): null

02-12-2024T02:41:11 - [TEST_STEP][PASSED] - println(x): null

02-12-2024T02:41:11 - [TEST_STEP][PASSED] - i1 = x.indexOf("/") + 1: null

02-12-2024T02:41:11 - [TEST_STEP][PASSED] - if (i1 > -1): null

02-12-2024T02:41:11 - [TEST_STEP][PASSED] - x = x.substring(i1, x.length()): null

02-12-2024T02:41:11 - [TEST_STEP][PASSED] - println(x): null

02-12-2024T02:41:11 - [TEST_STEP][PASSED] - i1 = x.indexOf("/") + 1: null

02-12-2024T02:41:11 - [TEST_STEP][PASSED] - if (i1 > -1): null

02-12-2024T02:41:11 - [TEST_STEP][PASSED] - x = x.substring(i1, x.length()): null

02-12-2024T02:41:11 - [TEST_STEP][PASSED] - println(x): null

02-12-2024T02:41:11 - [TEST_STEP][PASSED] - i1 = x.indexOf("/") + 1: null

02-12-2024T02:41:11 - [TEST_STEP][PASSED] - if (i1 > -1): null

02-12-2024T02:41:11 - [TEST_STEP][PASSED] - x = x.substring(i1, x.length()): null

02-12-2024T02:41:11 - [TEST_STEP][PASSED] - println(x): null

02-12-2024T02:41:11 - [TEST_STEP][PASSED] - i1 = x.indexOf("/") + 1: null

02-12-2024T02:41:11 - [TEST_STEP][PASSED] - if (i1 > -1): null

02-12-2024T02:41:11 - [TEST_STEP][PASSED] - x = x.substring(i1, x.length()): null

02-12-2024T02:41:11 - [TEST_STEP][PASSED] - println(x): null

02-12-2024T02:41:11 - [TEST_STEP][PASSED] - i1 = x.indexOf("/") + 1: null

02-12-2024T02:41:11 - [TEST_STEP][PASSED] - if (i1 > -1): null

02-12-2024T02:41:11 - [TEST_STEP][PASSED] - x = x.substring(i1, x.length()): null

02-12-2024T02:41:11 - [TEST_STEP][PASSED] - println(x): null

02-12-2024T02:41:11 - [TEST_STEP][PASSED] - i1 = x.indexOf("/") + 1: null

02-12-2024T02:41:11 - [TEST_STEP][PASSED] - if (i1 > -1): null

02-12-2024T02:41:11 - [TEST_STEP][PASSED] - x = x.substring(i1, x.length()): null

02-12-2024T02:41:11 - [TEST_STEP][PASSED] - println(x): null

02-12-2024T02:41:11 - [TEST_STEP][PASSED] - i1 = x.indexOf("/"): null

02-12-2024T02:41:11 - [TEST_STEP][PASSED] - if (i1 > -1): null

02-12-2024T02:41:11 - [TEST_STEP][PASSED] - x = x.substring(0, i1): null

02-12-2024T02:41:11 - [TEST_STEP][PASSED] - println(x): null

02-12-2024T02:41:11 - [TEST_STEP][FAILED] - return x: null

02-12-2024T02:41:11 - [TEST_STEP][PASSED] - println(tabR + "/" + tabB): null

02-12-2024T02:41:11 - [TEST_STEP][FAILED] - if (verifyEqual(PercFactR, PercFactB) == false): null

02-12-2024T02:41:11 - [MESSAGE][FAILED] - Unable to verify equal between actual object 'нет данных' and expected object '8.76' (Root cause: com.kms.katalon.core.exception.StepFailedException: Actual object 'нет данных' and expected object '8.76' are not equal
	at com.kms.katalon.core.keyword.builtin.VerifyEqualKeyword$_verifyEqual_closure1.doCall(VerifyEqualKeyword.groovy:58)
	at com.kms.katalon.core.keyword.builtin.VerifyEqualKeyword$_verifyEqual_closure1.call(VerifyEqualKeyword.groovy)
	at com.kms.katalon.core.keyword.internal.KeywordMain.runKeyword(KeywordMain.groovy:75)
	at com.kms.katalon.core.keyword.builtin.VerifyEqualKeyword.verifyEqual(VerifyEqualKeyword.groovy:63)
	at com.kms.katalon.core.keyword.builtin.VerifyEqualKeyword.execute(VerifyEqualKeyword.groovy:44)
	at com.kms.katalon.core.keyword.internal.KeywordExecutor.executeKeywordForPlatform(KeywordExecutor.groovy:74)
	at com.kms.katalon.core.keyword.BuiltinKeywords.verifyEqual(BuiltinKeywords.groovy:146)
	at jdk.internal.reflect.GeneratedMethodAccessor25.invoke(Unknown Source)
	at java.base/jdk.internal.reflect.DelegatingMethodAccessorImpl.invoke(DelegatingMethodAccessorImpl.java:43)
	at Выполнение бизнес-плана сверка дашбордов.CompareDZOData(Выполнение бизнес-плана сверка дашбордов:771)
	at Выполнение бизнес-плана сверка дашбордов.run(Выполнение бизнес-плана сверка дашбордов:663)
	at com.kms.katalon.core.main.ScriptEngine.run(ScriptEngine.java:194)
	at com.kms.katalon.core.main.ScriptEngine.runScriptAsRawText(ScriptEngine.java:119)
	at com.kms.katalon.core.main.TestCaseExecutor.runScript(TestCaseExecutor.java:448)
	at com.kms.katalon.core.main.TestCaseExecutor.doExecute(TestCaseExecutor.java:439)
	at com.kms.katalon.core.main.TestCaseExecutor.processExecutionPhase(TestCaseExecutor.java:418)
	at com.kms.katalon.core.main.TestCaseExecutor.accessMainPhase(TestCaseExecutor.java:410)
	at com.kms.katalon.core.main.TestCaseExecutor.execute(TestCaseExecutor.java:285)
	at com.kms.katalon.core.common.CommonExecutor.accessTestCaseMainPhase(CommonExecutor.java:65)
	at com.kms.katalon.core.main.TestSuiteExecutor.accessTestSuiteMainPhase(TestSuiteExecutor.java:150)
	at com.kms.katalon.core.main.TestSuiteExecutor.execute(TestSuiteExecutor.java:106)
	at com.kms.katalon.core.main.TestCaseMain.startTestSuite(TestCaseMain.java:180)
	at TempTestSuite1733095732962.run(TempTestSuite1733095732962.groovy:35)
	at java.base/jdk.internal.reflect.NativeMethodAccessorImpl.invoke0(Native Method)
	at java.base/jdk.internal.reflect.NativeMethodAccessorImpl.invoke(NativeMethodAccessorImpl.java:77)
	at java.base/jdk.internal.reflect.DelegatingMethodAccessorImpl.invoke(DelegatingMethodAccessorImpl.java:43)
)

02-12-2024T02:41:11 - [TEST_STEP][PASSED] - result = WriteToExcel(typeOfData, todaysDate, PercPlanR, PercPlanB, PercFactR, PercFactB, x, tabR, tabB, o1R, o1B, vidget): null

02-12-2024T02:41:11 - [TEST_STEP][PASSED] - iii = dZO.indexOf("/"): null

02-12-2024T02:41:11 - [TEST_STEP][PASSED] - println(iii): null

02-12-2024T02:41:11 - [TEST_STEP][PASSED] - dZO = dZO.substring(0, iii): null

02-12-2024T02:41:11 - [TEST_STEP][PASSED] - println(dZO): null

02-12-2024T02:41:11 - [TEST_STEP][PASSED] - println(PercPlanR): null

02-12-2024T02:41:11 - [TEST_STEP][PASSED] - println(PercPlanB): null

02-12-2024T02:41:11 - [TEST_STEP][PASSED] - println(PercFactR): null

02-12-2024T02:41:11 - [TEST_STEP][PASSED] - println(PercFactB): null

02-12-2024T02:41:11 - [TEST_STEP][PASSED] - println(tabR): null

02-12-2024T02:41:11 - [TEST_STEP][PASSED] - println(tabB): null

02-12-2024T02:41:11 - [TEST_STEP][PASSED] - println(o1R): null

02-12-2024T02:41:11 - [TEST_STEP][PASSED] - println(o1B): null

02-12-2024T02:41:11 - [TEST_STEP][PASSED] - PR = <not implemented yet for class: org.codehaus.groovy.ast.expr.EmptyExpression>: null

02-12-2024T02:41:11 - [TEST_STEP][PASSED] - FR = <not implemented yet for class: org.codehaus.groovy.ast.expr.EmptyExpression>: null

02-12-2024T02:41:11 - [TEST_STEP][PASSED] - PB = <not implemented yet for class: org.codehaus.groovy.ast.expr.EmptyExpression>: null

02-12-2024T02:41:11 - [TEST_STEP][PASSED] - FB = <not implemented yet for class: org.codehaus.groovy.ast.expr.EmptyExpression>: null

02-12-2024T02:41:11 - [TEST_STEP][PASSED] - TR = <not implemented yet for class: org.codehaus.groovy.ast.expr.EmptyExpression>: null

02-12-2024T02:41:11 - [TEST_STEP][PASSED] - TB = <not implemented yet for class: org.codehaus.groovy.ast.expr.EmptyExpression>: null

02-12-2024T02:41:11 - [TEST_STEP][PASSED] - sheetName = "Sheet1": null

02-12-2024T02:41:11 - [TEST_STEP][PASSED] - data = findTestData("PlanFact"): null

02-12-2024T02:41:11 - [TEST_STEP][PASSED] - n = data.getRowNumbers() + 1: null

02-12-2024T02:41:11 - [TEST_STEP][PASSED] - year = todaysDate.substring(todaysDate.length() - 4, todaysDate.length()): null

02-12-2024T02:41:11 - [TEST_STEP][PASSED] - y = year.toInteger(): null

02-12-2024T02:41:11 - [TEST_STEP][PASSED] - m = getText(findTestObject("Выполнение бизнес-плана/Выполнение бизнес-плана Балансы/Фильтр Дата")): Text of object 'Object Repository/Выполнение бизнес-плана/Выполнение бизнес-плана Балансы/Фильтр Дата' is: '1, 2, 3 кв., Октябрь 2024 года'

02-12-2024T02:41:11 - [MESSAGE][PASSED] - Text of object 'Object Repository/Выполнение бизнес-плана/Выполнение бизнес-плана Балансы/Фильтр Дата' is: '1, 2, 3 кв., Октябрь 2024 года'

02-12-2024T02:41:11 - [TEST_STEP][PASSED] - m = m.substring(0, m.indexOf("2024")): null

02-12-2024T02:41:11 - [TEST_STEP][PASSED] - m = m.trim(): null

02-12-2024T02:41:11 - [TEST_STEP][PASSED] - dashboardName = "Выполнение бизнес-плана": null

02-12-2024T02:41:11 - [TEST_STEP][PASSED] - workbook01 = getWorkbook(excelFilePath): null

02-12-2024T02:41:11 - [TEST_STEP][PASSED] - sheet01 = getExcelSheet(workbook01, sheetName): null

02-12-2024T02:41:11 - [TEST_STEP][PASSED] - setValueToCellByIndex(sheet01, n, 0, dashboardName): null

02-12-2024T02:41:11 - [TEST_STEP][PASSED] - setValueToCellByIndex(sheet01, n, 1, dZO): null

02-12-2024T02:41:11 - [TEST_STEP][PASSED] - setValueToCellByIndex(sheet01, n, 2, typeOfData): null

02-12-2024T02:41:11 - [TEST_STEP][PASSED] - setValueToCellByIndex(sheet01, n, 3, typeOfData): null

02-12-2024T02:41:11 - [TEST_STEP][PASSED] - if (typeOfData == "План"): null

02-12-2024T02:41:11 - [TEST_STEP][PASSED] - else if (typeOfData == "Факт"): null

02-12-2024T02:41:11 - [TEST_STEP][PASSED] - else if (vidget.contains("электроэнергии") == true): null

02-12-2024T02:41:11 - [TEST_STEP][PASSED] - if (tabR == null): null

02-12-2024T02:41:11 - [TEST_STEP][PASSED] - else: null

02-12-2024T02:41:11 - [TEST_STEP][PASSED] - if (tabR == "нет данных"): null

02-12-2024T02:41:11 - [TEST_STEP][PASSED] - setValueToCellByIndex(sheet01, n, 4, "нет данных"): null

02-12-2024T02:41:11 - [TEST_STEP][PASSED] - if (tabB == null): null

02-12-2024T02:41:11 - [TEST_STEP][PASSED] - else: null

02-12-2024T02:41:11 - [TEST_STEP][PASSED] - if (tabB == "нет данных"): null

02-12-2024T02:41:11 - [TEST_STEP][PASSED] - else: null

02-12-2024T02:41:11 - [TEST_STEP][PASSED] - TB = tabB.toInteger(): null

02-12-2024T02:41:11 - [TEST_STEP][PASSED] - setValueToCellByIndex(sheet01, n, 5, TB): null

02-12-2024T02:41:11 - [TEST_STEP][PASSED] - setValueToCellByIndex(sheet01, n, 6, m): null

02-12-2024T02:41:11 - [TEST_STEP][PASSED] - setValueToCellByIndex(sheet01, n, 7, y): null

02-12-2024T02:41:11 - [TEST_STEP][PASSED] - setValueToCellByIndex(sheet01, n, 8, todaysDate): null

02-12-2024T02:41:11 - [TEST_STEP][PASSED] - n = n + 1: null

02-12-2024T02:41:11 - [TEST_STEP][PASSED] - saveWorkbook(excelFilePath, workbook01): null

02-12-2024T02:41:11 - [TEST_STEP][PASSED] - ii2 = a.indexOf("ПАО"): null

02-12-2024T02:41:11 - [TEST_STEP][PASSED] - if (ii2 == -1): null

02-12-2024T02:41:11 - [TEST_STEP][PASSED] - vidget = "Отклонения фактического уровня потерь от бизнес-плана": null

02-12-2024T02:41:11 - [TEST_STEP][PASSED] - typeOfData = "Коэффициент": null

02-12-2024T02:41:11 - [TEST_STEP][PASSED] - o1R = Geto1R(x = a): null

02-12-2024T02:41:11 - [TEST_STEP][PASSED] - i1 = <not implemented yet for class: org.codehaus.groovy.ast.expr.EmptyExpression>: null

02-12-2024T02:41:11 - [TEST_STEP][PASSED] - ii = <not implemented yet for class: org.codehaus.groovy.ast.expr.EmptyExpression>: null

02-12-2024T02:41:11 - [TEST_STEP][PASSED] - for ([ii = 1, ii < 10, (ii++)]): null

02-12-2024T02:41:11 - [TEST_STEP][PASSED] - i1 = x.indexOf("/") + 1: null

02-12-2024T02:41:11 - [TEST_STEP][PASSED] - if (i1 > -1): null

02-12-2024T02:41:11 - [TEST_STEP][PASSED] - x = x.substring(i1, x.length()): null

02-12-2024T02:41:11 - [TEST_STEP][PASSED] - i1 = x.indexOf("/") + 1: null

02-12-2024T02:41:11 - [TEST_STEP][PASSED] - if (i1 > -1): null

02-12-2024T02:41:11 - [TEST_STEP][PASSED] - x = x.substring(i1, x.length()): null

02-12-2024T02:41:11 - [TEST_STEP][PASSED] - i1 = x.indexOf("/") + 1: null

02-12-2024T02:41:11 - [TEST_STEP][PASSED] - if (i1 > -1): null

02-12-2024T02:41:11 - [TEST_STEP][PASSED] - x = x.substring(i1, x.length()): null

02-12-2024T02:41:11 - [TEST_STEP][PASSED] - i1 = x.indexOf("/") + 1: null

02-12-2024T02:41:11 - [TEST_STEP][PASSED] - if (i1 > -1): null

02-12-2024T02:41:11 - [TEST_STEP][PASSED] - x = x.substring(i1, x.length()): null

02-12-2024T02:41:11 - [TEST_STEP][PASSED] - i1 = x.indexOf("/") + 1: null

02-12-2024T02:41:11 - [TEST_STEP][PASSED] - if (i1 > -1): null

02-12-2024T02:41:11 - [TEST_STEP][PASSED] - x = x.substring(i1, x.length()): null

02-12-2024T02:41:11 - [TEST_STEP][PASSED] - i1 = x.indexOf("/") + 1: null

02-12-2024T02:41:11 - [TEST_STEP][PASSED] - if (i1 > -1): null

02-12-2024T02:41:11 - [TEST_STEP][PASSED] - x = x.substring(i1, x.length()): null

02-12-2024T02:41:11 - [TEST_STEP][PASSED] - i1 = x.indexOf("/") + 1: null

02-12-2024T02:41:11 - [TEST_STEP][PASSED] - if (i1 > -1): null

02-12-2024T02:41:11 - [TEST_STEP][PASSED] - x = x.substring(i1, x.length()): null

02-12-2024T02:41:11 - [TEST_STEP][PASSED] - i1 = x.indexOf("/") + 1: null

02-12-2024T02:41:11 - [TEST_STEP][PASSED] - if (i1 > -1): null

02-12-2024T02:41:11 - [TEST_STEP][PASSED] - x = x.substring(i1, x.length()): null

02-12-2024T02:41:11 - [TEST_STEP][PASSED] - i1 = x.indexOf("/") + 1: null

02-12-2024T02:41:11 - [TEST_STEP][PASSED] - if (i1 > -1): null

02-12-2024T02:41:11 - [TEST_STEP][PASSED] - x = x.substring(i1, x.length()): null

02-12-2024T02:41:11 - [TEST_STEP][PASSED] - i1 = x.indexOf("/"): null

02-12-2024T02:41:11 - [TEST_STEP][PASSED] - if (i1 > -1): null

02-12-2024T02:41:11 - [TEST_STEP][PASSED] - println(x): null

02-12-2024T02:41:11 - [TEST_STEP][PASSED] - return x: null

02-12-2024T02:41:11 - [TEST_STEP][PASSED] - o1B = Geto1B(x = b): null

02-12-2024T02:41:11 - [TEST_STEP][PASSED] - i1 = <not implemented yet for class: org.codehaus.groovy.ast.expr.EmptyExpression>: null

02-12-2024T02:41:11 - [TEST_STEP][PASSED] - ii = <not implemented yet for class: org.codehaus.groovy.ast.expr.EmptyExpression>: null

02-12-2024T02:41:11 - [TEST_STEP][PASSED] - for ([ii = 1, ii < 10, (ii++)]): null

02-12-2024T02:41:11 - [TEST_STEP][PASSED] - i1 = x.indexOf("/") + 1: null

02-12-2024T02:41:11 - [TEST_STEP][PASSED] - if (i1 > -1): null

02-12-2024T02:41:11 - [TEST_STEP][PASSED] - x = x.substring(i1, x.length()): null

02-12-2024T02:41:11 - [TEST_STEP][PASSED] - i1 = x.indexOf("/") + 1: null

02-12-2024T02:41:11 - [TEST_STEP][PASSED] - if (i1 > -1): null

02-12-2024T02:41:11 - [TEST_STEP][PASSED] - x = x.substring(i1, x.length()): null

02-12-2024T02:41:11 - [TEST_STEP][PASSED] - i1 = x.indexOf("/") + 1: null

02-12-2024T02:41:11 - [TEST_STEP][PASSED] - if (i1 > -1): null

02-12-2024T02:41:11 - [TEST_STEP][PASSED] - x = x.substring(i1, x.length()): null

02-12-2024T02:41:11 - [TEST_STEP][PASSED] - i1 = x.indexOf("/") + 1: null

02-12-2024T02:41:11 - [TEST_STEP][PASSED] - if (i1 > -1): null

02-12-2024T02:41:11 - [TEST_STEP][PASSED] - x = x.substring(i1, x.length()): null

02-12-2024T02:41:11 - [TEST_STEP][PASSED] - i1 = x.indexOf("/") + 1: null

02-12-2024T02:41:11 - [TEST_STEP][PASSED] - if (i1 > -1): null

02-12-2024T02:41:11 - [TEST_STEP][PASSED] - x = x.substring(i1, x.length()): null

02-12-2024T02:41:11 - [TEST_STEP][PASSED] - i1 = x.indexOf("/") + 1: null

02-12-2024T02:41:11 - [TEST_STEP][PASSED] - if (i1 > -1): null

02-12-2024T02:41:11 - [TEST_STEP][PASSED] - x = x.substring(i1, x.length()): null

02-12-2024T02:41:11 - [TEST_STEP][PASSED] - i1 = x.indexOf("/") + 1: null

02-12-2024T02:41:11 - [TEST_STEP][PASSED] - if (i1 > -1): null

02-12-2024T02:41:11 - [TEST_STEP][PASSED] - x = x.substring(i1, x.length()): null

02-12-2024T02:41:11 - [TEST_STEP][PASSED] - i1 = x.indexOf("/") + 1: null

02-12-2024T02:42:17 - [TEST_STEP][PASSED] - if (i1 > -1): null

02-12-2024T02:42:17 - [TEST_STEP][PASSED] - x = x.substring(i1, x.length()): null

02-12-2024T02:42:17 - [TEST_STEP][PASSED] - i1 = x.indexOf("/") + 1: null

02-12-2024T02:42:17 - [TEST_STEP][PASSED] - if (i1 > -1): null

02-12-2024T02:42:17 - [TEST_STEP][PASSED] - x = x.substring(i1, x.length()): null

02-12-2024T02:42:17 - [TEST_STEP][PASSED] - i1 = x.indexOf("/"): null

02-12-2024T02:42:17 - [TEST_STEP][PASSED] - if (i1 > -1): null

02-12-2024T02:42:17 - [TEST_STEP][PASSED] - println(x): null

02-12-2024T02:42:17 - [TEST_STEP][FAILED] - return x: null

02-12-2024T02:42:17 - [TEST_STEP][PASSED] - println(o1R + "/" + o1B): null

02-12-2024T02:42:17 - [TEST_STEP][FAILED] - if (verifyEqual(PercFactR, PercFactB) == false): null

02-12-2024T02:42:17 - [MESSAGE][FAILED] - Unable to verify equal between actual object 'нет данных' and expected object '8.76' (Root cause: com.kms.katalon.core.exception.StepFailedException: Actual object 'нет данных' and expected object '8.76' are not equal
	at com.kms.katalon.core.keyword.builtin.VerifyEqualKeyword$_verifyEqual_closure1.doCall(VerifyEqualKeyword.groovy:58)
	at com.kms.katalon.core.keyword.builtin.VerifyEqualKeyword$_verifyEqual_closure1.call(VerifyEqualKeyword.groovy)
	at com.kms.katalon.core.keyword.internal.KeywordMain.runKeyword(KeywordMain.groovy:75)
	at com.kms.katalon.core.keyword.builtin.VerifyEqualKeyword.verifyEqual(VerifyEqualKeyword.groovy:63)
	at com.kms.katalon.core.keyword.builtin.VerifyEqualKeyword.execute(VerifyEqualKeyword.groovy:44)
	at com.kms.katalon.core.keyword.internal.KeywordExecutor.executeKeywordForPlatform(KeywordExecutor.groovy:74)
	at com.kms.katalon.core.keyword.BuiltinKeywords.verifyEqual(BuiltinKeywords.groovy:146)
	at jdk.internal.reflect.GeneratedMethodAccessor25.invoke(Unknown Source)
	at java.base/jdk.internal.reflect.DelegatingMethodAccessorImpl.invoke(DelegatingMethodAccessorImpl.java:43)
	at Выполнение бизнес-плана сверка дашбордов.CompareDZOData(Выполнение бизнес-плана сверка дашбордов:789)
	at Выполнение бизнес-плана сверка дашбордов.run(Выполнение бизнес-плана сверка дашбордов:663)
	at com.kms.katalon.core.main.ScriptEngine.run(ScriptEngine.java:194)
	at com.kms.katalon.core.main.ScriptEngine.runScriptAsRawText(ScriptEngine.java:119)
	at com.kms.katalon.core.main.TestCaseExecutor.runScript(TestCaseExecutor.java:448)
	at com.kms.katalon.core.main.TestCaseExecutor.doExecute(TestCaseExecutor.java:439)
	at com.kms.katalon.core.main.TestCaseExecutor.processExecutionPhase(TestCaseExecutor.java:418)
	at com.kms.katalon.core.main.TestCaseExecutor.accessMainPhase(TestCaseExecutor.java:410)
	at com.kms.katalon.core.main.TestCaseExecutor.execute(TestCaseExecutor.java:285)
	at com.kms.katalon.core.common.CommonExecutor.accessTestCaseMainPhase(CommonExecutor.java:65)
	at com.kms.katalon.core.main.TestSuiteExecutor.accessTestSuiteMainPhase(TestSuiteExecutor.java:150)
	at com.kms.katalon.core.main.TestSuiteExecutor.execute(TestSuiteExecutor.java:106)
	at com.kms.katalon.core.main.TestCaseMain.startTestSuite(TestCaseMain.java:180)
	at TempTestSuite1733095732962.run(TempTestSuite1733095732962.groovy:35)
	at java.base/jdk.internal.reflect.NativeMethodAccessorImpl.invoke0(Native Method)
	at java.base/jdk.internal.reflect.NativeMethodAccessorImpl.invoke(NativeMethodAccessorImpl.java:77)
	at java.base/jdk.internal.reflect.DelegatingMethodAccessorImpl.invoke(DelegatingMethodAccessorImpl.java:43)
)

02-12-2024T02:42:17 - [TEST_STEP][PASSED] - result = WriteToExcel(typeOfData, todaysDate, PercPlanR, PercPlanB, PercFactR, PercFactB, x, tabR, tabB, o1R, o1B, vidget): null

02-12-2024T02:42:17 - [TEST_STEP][PASSED] - iii = dZO.indexOf("/"): null

02-12-2024T02:42:17 - [TEST_STEP][PASSED] - println(iii): null

02-12-2024T02:42:17 - [TEST_STEP][PASSED] - dZO = dZO.substring(0, iii): null

02-12-2024T02:42:17 - [TEST_STEP][PASSED] - println(dZO): null

02-12-2024T02:42:17 - [TEST_STEP][PASSED] - println(PercPlanR): null

02-12-2024T02:42:17 - [TEST_STEP][PASSED] - println(PercPlanB): null

02-12-2024T02:42:17 - [TEST_STEP][PASSED] - println(PercFactR): null

02-12-2024T02:42:17 - [TEST_STEP][PASSED] - println(PercFactB): null

02-12-2024T02:42:17 - [TEST_STEP][PASSED] - println(tabR): null

02-12-2024T02:42:17 - [TEST_STEP][PASSED] - println(tabB): null

02-12-2024T02:42:17 - [TEST_STEP][PASSED] - println(o1R): null

02-12-2024T02:42:17 - [TEST_STEP][PASSED] - println(o1B): null

02-12-2024T02:42:17 - [TEST_STEP][PASSED] - PR = <not implemented yet for class: org.codehaus.groovy.ast.expr.EmptyExpression>: null

02-12-2024T02:42:17 - [TEST_STEP][PASSED] - FR = <not implemented yet for class: org.codehaus.groovy.ast.expr.EmptyExpression>: null

02-12-2024T02:42:17 - [TEST_STEP][PASSED] - PB = <not implemented yet for class: org.codehaus.groovy.ast.expr.EmptyExpression>: null

02-12-2024T02:42:17 - [TEST_STEP][PASSED] - FB = <not implemented yet for class: org.codehaus.groovy.ast.expr.EmptyExpression>: null

02-12-2024T02:42:17 - [TEST_STEP][PASSED] - TR = <not implemented yet for class: org.codehaus.groovy.ast.expr.EmptyExpression>: null

02-12-2024T02:42:17 - [TEST_STEP][PASSED] - TB = <not implemented yet for class: org.codehaus.groovy.ast.expr.EmptyExpression>: null

02-12-2024T02:42:17 - [TEST_STEP][PASSED] - sheetName = "Sheet1": null

02-12-2024T02:42:17 - [TEST_STEP][PASSED] - data = findTestData("PlanFact"): null

02-12-2024T02:42:18 - [TEST_STEP][PASSED] - n = data.getRowNumbers() + 1: null

02-12-2024T02:42:18 - [TEST_STEP][PASSED] - year = todaysDate.substring(todaysDate.length() - 4, todaysDate.length()): null

02-12-2024T02:42:18 - [TEST_STEP][PASSED] - y = year.toInteger(): null

02-12-2024T02:42:18 - [TEST_STEP][PASSED] - m = getText(findTestObject("Выполнение бизнес-плана/Выполнение бизнес-плана Балансы/Фильтр Дата")): Text of object 'Object Repository/Выполнение бизнес-плана/Выполнение бизнес-плана Балансы/Фильтр Дата' is: '1, 2, 3 кв., Октябрь 2024 года'

02-12-2024T02:42:18 - [MESSAGE][PASSED] - Text of object 'Object Repository/Выполнение бизнес-плана/Выполнение бизнес-плана Балансы/Фильтр Дата' is: '1, 2, 3 кв., Октябрь 2024 года'

02-12-2024T02:42:18 - [TEST_STEP][PASSED] - m = m.substring(0, m.indexOf("2024")): null

02-12-2024T02:42:18 - [TEST_STEP][PASSED] - m = m.trim(): null

02-12-2024T02:42:18 - [TEST_STEP][PASSED] - dashboardName = "Выполнение бизнес-плана": null

02-12-2024T02:42:18 - [TEST_STEP][PASSED] - workbook01 = getWorkbook(excelFilePath): null

02-12-2024T02:42:18 - [TEST_STEP][PASSED] - sheet01 = getExcelSheet(workbook01, sheetName): null

02-12-2024T02:42:18 - [TEST_STEP][PASSED] - setValueToCellByIndex(sheet01, n, 0, dashboardName): null

02-12-2024T02:42:18 - [TEST_STEP][PASSED] - setValueToCellByIndex(sheet01, n, 1, dZO): null

02-12-2024T02:42:18 - [TEST_STEP][PASSED] - setValueToCellByIndex(sheet01, n, 2, typeOfData): null

02-12-2024T02:42:18 - [TEST_STEP][PASSED] - setValueToCellByIndex(sheet01, n, 3, typeOfData): null

02-12-2024T02:42:18 - [TEST_STEP][PASSED] - if (typeOfData == "План"): null

02-12-2024T02:42:18 - [TEST_STEP][PASSED] - else if (typeOfData == "Факт"): null

02-12-2024T02:42:18 - [TEST_STEP][PASSED] - else if (vidget.contains("электроэнергии") == true): null

02-12-2024T02:42:18 - [TEST_STEP][PASSED] - else: null

02-12-2024T02:42:18 - [TEST_STEP][PASSED] - if (o1R == null): null

02-12-2024T02:42:18 - [TEST_STEP][PASSED] - else: null

02-12-2024T02:42:18 - [TEST_STEP][PASSED] - if (o1R == "нет данных"): null

02-12-2024T02:42:18 - [TEST_STEP][PASSED] - setValueToCellByIndex(sheet01, n, 4, "нет данных"): null

02-12-2024T02:42:18 - [TEST_STEP][PASSED] - if (o1B == null): null

02-12-2024T02:42:18 - [TEST_STEP][PASSED] - else: null

02-12-2024T02:42:18 - [TEST_STEP][PASSED] - if (o1B == "нет данных"): null

02-12-2024T02:42:18 - [TEST_STEP][PASSED] - else: null

02-12-2024T02:42:18 - [TEST_STEP][PASSED] - FB = o1B.toDouble(): null

02-12-2024T02:42:18 - [TEST_STEP][PASSED] - setValueToCellByIndex(sheet01, n, 5, FB): null

02-12-2024T02:42:18 - [TEST_STEP][PASSED] - setValueToCellByIndex(sheet01, n, 6, m): null

02-12-2024T02:42:18 - [TEST_STEP][PASSED] - setValueToCellByIndex(sheet01, n, 7, y): null

02-12-2024T02:42:18 - [TEST_STEP][PASSED] - setValueToCellByIndex(sheet01, n, 8, todaysDate): null

02-12-2024T02:42:18 - [TEST_STEP][PASSED] - n = n + 1: null

02-12-2024T02:42:18 - [TEST_STEP][PASSED] - saveWorkbook(excelFilePath, workbook01): null

02-12-2024T02:42:18 - [TEST_STEP][PASSED] - closeBrowser(): Browser is closed

02-12-2024T02:42:18 - [MESSAGE][PASSED] - Browser is closed]]></system-out>
         <system-err><![CDATA[02-12-2024T02:28:58 - [TEST_CASE][FAILED] - Test Cases/Сверки дашбордов/Выполнение бизнес-плана сверка дашбордов: Test Cases/Сверки дашбордов/Выполнение бизнес-плана сверка дашбордов FAILED.
Reason:
com.kms.katalon.core.exception.StepFailedException: Unable to verify object is present (Root cause: com.kms.katalon.core.exception.StepFailedException: Unable to verify object is present
	at com.kms.katalon.core.webui.keyword.internal.WebUIKeywordMain.stepFailed(WebUIKeywordMain.groovy:64)
	at com.kms.katalon.core.webui.keyword.internal.WebUIKeywordMain.runKeyword(WebUIKeywordMain.groovy:26)
	at com.kms.katalon.core.webui.keyword.builtin.VerifyElementPresentKeyword.verifyElementPresent(VerifyElementPresentKeyword.groovy:92)
	at com.kms.katalon.core.webui.keyword.builtin.VerifyElementPresentKeyword.execute(VerifyElementPresentKeyword.groovy:68)
	at com.kms.katalon.core.keyword.internal.KeywordExecutor.executeKeywordForPlatform(KeywordExecutor.groovy:74)
	at com.kms.katalon.core.webui.keyword.WebUiBuiltInKeywords.verifyElementPresent(WebUiBuiltInKeywords.groovy:1503)
	at Выполнение бизнес-плана сверка дашбордов.GetAllPAOData(Выполнение бизнес-плана сверка дашбордов:862)
	at Выполнение бизнес-плана сверка дашбордов.run(Выполнение бизнес-плана сверка дашбордов:362)
	at com.kms.katalon.core.main.ScriptEngine.run(ScriptEngine.java:194)
	at com.kms.katalon.core.main.ScriptEngine.runScriptAsRawText(ScriptEngine.java:119)
	at com.kms.katalon.core.main.TestCaseExecutor.runScript(TestCaseExecutor.java:448)
	at com.kms.katalon.core.main.TestCaseExecutor.doExecute(TestCaseExecutor.java:439)
	at com.kms.katalon.core.main.TestCaseExecutor.processExecutionPhase(TestCaseExecutor.java:418)
	at com.kms.katalon.core.main.TestCaseExecutor.accessMainPhase(TestCaseExecutor.java:410)
	at com.kms.katalon.core.main.TestCaseExecutor.execute(TestCaseExecutor.java:285)
	at com.kms.katalon.core.common.CommonExecutor.accessTestCaseMainPhase(CommonExecutor.java:65)
	at com.kms.katalon.core.main.TestSuiteExecutor.accessTestSuiteMainPhase(TestSuiteExecutor.java:150)
	at com.kms.katalon.core.main.TestSuiteExecutor.execute(TestSuiteExecutor.java:106)
	at com.kms.katalon.core.main.TestCaseMain.startTestSuite(TestCaseMain.java:180)
	at TempTestSuite1733095732962.run(TempTestSuite1733095732962.groovy:35)
	at java.base/jdk.internal.reflect.NativeMethodAccessorImpl.invoke0(Native Method)
	at java.base/jdk.internal.reflect.NativeMethodAccessorImpl.invoke(NativeMethodAccessorImpl.java:77)
	at java.base/jdk.internal.reflect.DelegatingMethodAccessorImpl.invoke(DelegatingMethodAccessorImpl.java:43)
Caused by: java.lang.IllegalArgumentException: Object is null
	at com.kms.katalon.core.helper.KeywordHelper.checkTestObjectParameter(KeywordHelper.java:33)
	at com.kms.katalon.core.webui.keyword.builtin.VerifyElementPresentKeyword$_verifyElementPresent_closure1.doCall(VerifyElementPresentKeyword.groovy:76)
	at com.kms.katalon.core.webui.keyword.builtin.VerifyElementPresentKeyword$_verifyElementPresent_closure1.call(VerifyElementPresentKeyword.groovy)
	at com.kms.katalon.core.webui.keyword.internal.WebUIKeywordMain.runKeyword(WebUIKeywordMain.groovy:20)
	at com.kms.katalon.core.webui.keyword.builtin.VerifyElementPresentKeyword.verifyElementPresent(VerifyElementPresentKeyword.groovy:92)
	at com.kms.katalon.core.webui.keyword.builtin.VerifyElementPresentKeyword.execute(VerifyElementPresentKeyword.groovy:68)
	at com.kms.katalon.core.keyword.internal.KeywordExecutor.executeKeywordForPlatform(KeywordExecutor.groovy:74)
	at com.kms.katalon.core.webui.keyword.WebUiBuiltInKeywords.verifyElementPresent(WebUiBuiltInKeywords.groovy:1503)
	at Script1719299571342.GetAllPAOData(Script1719299571342.groovy:862)
	at Script1719299571342.run(Script1719299571342.groovy:362)
	... 15 more
)
	at com.kms.katalon.core.keyword.internal.KeywordMain.stepFailed(KeywordMain.groovy:39)
	at com.kms.katalon.core.webui.keyword.internal.WebUIKeywordMain.stepFailed(WebUIKeywordMain.groovy:64)
	at com.kms.katalon.core.webui.keyword.internal.WebUIKeywordMain.runKeyword(WebUIKeywordMain.groovy:26)
	at com.kms.katalon.core.webui.keyword.builtin.VerifyElementPresentKeyword.verifyElementPresent(VerifyElementPresentKeyword.groovy:92)
	at com.kms.katalon.core.webui.keyword.builtin.VerifyElementPresentKeyword.execute(VerifyElementPresentKeyword.groovy:68)
	at com.kms.katalon.core.keyword.internal.KeywordExecutor.executeKeywordForPlatform(KeywordExecutor.groovy:74)
	at com.kms.katalon.core.webui.keyword.WebUiBuiltInKeywords.verifyElementPresent(WebUiBuiltInKeywords.groovy:1503)
	at Выполнение бизнес-плана сверка дашбордов.GetAllPAOData(Выполнение бизнес-плана сверка дашбордов:862)
	at Выполнение бизнес-плана сверка дашбордов.run(Выполнение бизнес-плана сверка дашбордов:362)
	at com.kms.katalon.core.main.ScriptEngine.run(ScriptEngine.java:194)
	at com.kms.katalon.core.main.ScriptEngine.runScriptAsRawText(ScriptEngine.java:119)
	at com.kms.katalon.core.main.TestCaseExecutor.runScript(TestCaseExecutor.java:448)
	at com.kms.katalon.core.main.TestCaseExecutor.doExecute(TestCaseExecutor.java:439)
	at com.kms.katalon.core.main.TestCaseExecutor.processExecutionPhase(TestCaseExecutor.java:418)
	at com.kms.katalon.core.main.TestCaseExecutor.accessMainPhase(TestCaseExecutor.java:410)
	at com.kms.katalon.core.main.TestCaseExecutor.execute(TestCaseExecutor.java:285)
	at com.kms.katalon.core.common.CommonExecutor.accessTestCaseMainPhase(CommonExecutor.java:65)
	at com.kms.katalon.core.main.TestSuiteExecutor.accessTestSuiteMainPhase(TestSuiteExecutor.java:150)
	at com.kms.katalon.core.main.TestSuiteExecutor.execute(TestSuiteExecutor.java:106)
	at com.kms.katalon.core.main.TestCaseMain.startTestSuite(TestCaseMain.java:180)
	at TempTestSuite1733095732962.run(TempTestSuite1733095732962.groovy:35)
	at java.base/jdk.internal.reflect.NativeMethodAccessorImpl.invoke0(Native Method)
	at java.base/jdk.internal.reflect.NativeMethodAccessorImpl.invoke(NativeMethodAccessorImpl.java:77)
	at java.base/jdk.internal.reflect.DelegatingMethodAccessorImpl.invoke(DelegatingMethodAccessorImpl.java:43)
Caused by: com.kms.katalon.core.exception.StepFailedException: Unable to verify object is present
	... 23 more
Caused by: java.lang.IllegalArgumentException: Object is null
	at com.kms.katalon.core.helper.KeywordHelper.checkTestObjectParameter(KeywordHelper.java:33)
	at com.kms.katalon.core.webui.keyword.builtin.VerifyElementPresentKeyword$_verifyElementPresent_closure1.doCall(VerifyElementPresentKeyword.groovy:76)
	at com.kms.katalon.core.webui.keyword.builtin.VerifyElementPresentKeyword$_verifyElementPresent_closure1.call(VerifyElementPresentKeyword.groovy)
	at com.kms.katalon.core.webui.keyword.internal.WebUIKeywordMain.runKeyword(WebUIKeywordMain.groovy:20)
	... 21 more]]></system-err>
      </testcase>
      <testcase name="Test Cases/Сверки дашбордов/Выручка в рублях сверка дашбордов ПАО Россети" time="5288.285" classname="Test Cases/Сверки дашбордов/Выручка в рублях сверка дашбордов ПАО Россети" status="FAILED">
         <failure type="FAILED" message="Test Cases/Сверки дашбордов/Выручка в рублях сверка дашбордов ПАО Россети FAILED.&#xa;Reason:&#xa;com.kms.katalon.core.exception.StepFailedException: Unable to verify equal between actual object '-25.61' and expected object '0.07' (Root cause: com.kms.katalon.core.exception.StepFailedException: Actual object '-25.61' and expected object '0.07' are not equal&#xa;	at com.kms.katalon.core.keyword.builtin.VerifyEqualKeyword$_verifyEqual_closure1.doCall(VerifyEqualKeyword.groovy:58)&#xa;	at com.kms.katalon.core.keyword.builtin.VerifyEqualKeyword$_verifyEqual_closure1.call(VerifyEqualKeyword.groovy)&#xa;	at com.kms.katalon.core.keyword.internal.KeywordMain.runKeyword(KeywordMain.groovy:75)&#xa;	at com.kms.katalon.core.keyword.builtin.VerifyEqualKeyword.verifyEqual(VerifyEqualKeyword.groovy:63)&#xa;	at com.kms.katalon.core.keyword.builtin.VerifyEqualKeyword.execute(VerifyEqualKeyword.groovy:44)&#xa;	at com.kms.katalon.core.keyword.internal.KeywordExecutor.executeKeywordForPlatform(KeywordExecutor.groovy:74)&#xa;	at com.kms.katalon.core.keyword.BuiltinKeywords.verifyEqual(BuiltinKeywords.groovy:146)&#xa;	at jdk.internal.reflect.GeneratedMethodAccessor25.invoke(Unknown Source)&#xa;	at java.base/jdk.internal.reflect.DelegatingMethodAccessorImpl.invoke(DelegatingMethodAccessorImpl.java:43)&#xa;	at Выручка в рублях сверка дашбордов ПАО Россети.Blocks(Выручка в рублях сверка дашбордов ПАО Россети:357)&#xa;	at Выручка в рублях сверка дашбордов ПАО Россети.ViruchkaChange(Выручка в рублях сверка дашбордов ПАО Россети:60)&#xa;	at Выручка в рублях сверка дашбордов ПАО Россети.run(Выручка в рублях сверка дашбордов ПАО Россети:55)&#xa;	at com.kms.katalon.core.main.ScriptEngine.run(ScriptEngine.java:194)&#xa;	at com.kms.katalon.core.main.ScriptEngine.runScriptAsRawText(ScriptEngine.java:119)&#xa;	at com.kms.katalon.core.main.TestCaseExecutor.runScript(TestCaseExecutor.java:448)&#xa;	at com.kms.katalon.core.main.TestCaseExecutor.doExecute(TestCaseExecutor.java:439)&#xa;	at com.kms.katalon.core.main.TestCaseExecutor.processExecutionPhase(TestCaseExecutor.java:418)&#xa;	at com.kms.katalon.core.main.TestCaseExecutor.accessMainPhase(TestCaseExecutor.java:410)&#xa;	at com.kms.katalon.core.main.TestCaseExecutor.execute(TestCaseExecutor.java:285)&#xa;	at com.kms.katalon.core.common.CommonExecutor.accessTestCaseMainPhase(CommonExecutor.java:65)&#xa;	at com.kms.katalon.core.main.TestSuiteExecutor.accessTestSuiteMainPhase(TestSuiteExecutor.java:150)&#xa;	at com.kms.katalon.core.main.TestSuiteExecutor.execute(TestSuiteExecutor.java:106)&#xa;	at com.kms.katalon.core.main.TestCaseMain.startTestSuite(TestCaseMain.java:180)&#xa;	at TempTestSuite1733095732962.run(TempTestSuite1733095732962.groovy:35)&#xa;	at java.base/jdk.internal.reflect.NativeMethodAccessorImpl.invoke0(Native Method)&#xa;	at java.base/jdk.internal.reflect.NativeMethodAccessorImpl.invoke(NativeMethodAccessorImpl.java:77)&#xa;	at java.base/jdk.internal.reflect.DelegatingMethodAccessorImpl.invoke(DelegatingMethodAccessorImpl.java:43)&#xa;)&#xa;	at com.kms.katalon.core.keyword.internal.KeywordMain.stepFailed(KeywordMain.groovy:39)&#xa;	at com.kms.katalon.core.keyword.internal.KeywordMain.stepFailed(KeywordMain.groovy)&#xa;	at com.kms.katalon.core.keyword.internal.KeywordMain.runKeyword(KeywordMain.groovy:77)&#xa;	at com.kms.katalon.core.keyword.builtin.VerifyEqualKeyword.verifyEqual(VerifyEqualKeyword.groovy:63)&#xa;	at com.kms.katalon.core.keyword.builtin.VerifyEqualKeyword.execute(VerifyEqualKeyword.groovy:44)&#xa;	at com.kms.katalon.core.keyword.internal.KeywordExecutor.executeKeywordForPlatform(KeywordExecutor.groovy:74)&#xa;	at com.kms.katalon.core.keyword.BuiltinKeywords.verifyEqual(BuiltinKeywords.groovy:146)&#xa;	at jdk.internal.reflect.GeneratedMethodAccessor25.invoke(Unknown Source)&#xa;	at java.base/jdk.internal.reflect.DelegatingMethodAccessorImpl.invoke(DelegatingMethodAccessorImpl.java:43)&#xa;	at Выручка в рублях сверка дашбордов ПАО Россети.Blocks(Выручка в рублях сверка дашбордов ПАО Россети:357)&#xa;	at Выручка в рублях сверка дашбордов ПАО Россети.ViruchkaChange(Выручка в рублях сверка дашбордов ПАО Россети:60)&#xa;	at Выручка в рублях сверка дашбордов ПАО Россети.run(Выручка в рублях сверка дашбордов ПАО Россети:55)&#xa;	at com.kms.katalon.core.main.ScriptEngine.run(ScriptEngine.java:194)&#xa;	at com.kms.katalon.core.main.ScriptEngine.runScriptAsRawText(ScriptEngine.java:119)&#xa;	at com.kms.katalon.core.main.TestCaseExecutor.runScript(TestCaseExecutor.java:448)&#xa;	at com.kms.katalon.core.main.TestCaseExecutor.doExecute(TestCaseExecutor.java:439)&#xa;	at com.kms.katalon.core.main.TestCaseExecutor.processExecutionPhase(TestCaseExecutor.java:418)&#xa;	at com.kms.katalon.core.main.TestCaseExecutor.accessMainPhase(TestCaseExecutor.java:410)&#xa;	at com.kms.katalon.core.main.TestCaseExecutor.execute(TestCaseExecutor.java:285)&#xa;	at com.kms.katalon.core.common.CommonExecutor.accessTestCaseMainPhase(CommonExecutor.java:65)&#xa;	at com.kms.katalon.core.main.TestSuiteExecutor.accessTestSuiteMainPhase(TestSuiteExecutor.java:150)&#xa;	at com.kms.katalon.core.main.TestSuiteExecutor.execute(TestSuiteExecutor.java:106)&#xa;	at com.kms.katalon.core.main.TestCaseMain.startTestSuite(TestCaseMain.java:180)&#xa;	at TempTestSuite1733095732962.run(TempTestSuite1733095732962.groovy:35)&#xa;	at java.base/jdk.internal.reflect.NativeMethodAccessorImpl.invoke0(Native Method)&#xa;	at java.base/jdk.internal.reflect.NativeMethodAccessorImpl.invoke(NativeMethodAccessorImpl.java:77)&#xa;	at java.base/jdk.internal.reflect.DelegatingMethodAccessorImpl.invoke(DelegatingMethodAccessorImpl.java:43)&#xa;Caused by: com.kms.katalon.core.exception.StepFailedException: Actual object '-25.61' and expected object '0.07' are not equal&#xa;	at com.kms.katalon.core.keyword.builtin.VerifyEqualKeyword$_verifyEqual_closure1.doCall(VerifyEqualKeyword.groovy:58)&#xa;	at com.kms.katalon.core.keyword.builtin.VerifyEqualKeyword$_verifyEqual_closure1.call(VerifyEqualKeyword.groovy)&#xa;	at com.kms.katalon.core.keyword.internal.KeywordMain.runKeyword(KeywordMain.groovy:75)&#xa;	... 24 more&#xa;"/>
         <system-out><![CDATA[02-12-2024T02:42:18 - [TEST_CASE][FAILED] - Test Cases/Сверки дашбордов/Выручка в рублях сверка дашбордов ПАО Россети: Test Cases/Сверки дашбордов/Выручка в рублях сверка дашбордов ПАО Россети FAILED.
Reason:
com.kms.katalon.core.exception.StepFailedException: Unable to verify equal between actual object '-25.61' and expected object '0.07' (Root cause: com.kms.katalon.core.exception.StepFailedException: Actual object '-25.61' and expected object '0.07' are not equal
	at com.kms.katalon.core.keyword.builtin.VerifyEqualKeyword$_verifyEqual_closure1.doCall(VerifyEqualKeyword.groovy:58)
	at com.kms.katalon.core.keyword.builtin.VerifyEqualKeyword$_verifyEqual_closure1.call(VerifyEqualKeyword.groovy)
	at com.kms.katalon.core.keyword.internal.KeywordMain.runKeyword(KeywordMain.groovy:75)
	at com.kms.katalon.core.keyword.builtin.VerifyEqualKeyword.verifyEqual(VerifyEqualKeyword.groovy:63)
	at com.kms.katalon.core.keyword.builtin.VerifyEqualKeyword.execute(VerifyEqualKeyword.groovy:44)
	at com.kms.katalon.core.keyword.internal.KeywordExecutor.executeKeywordForPlatform(KeywordExecutor.groovy:74)
	at com.kms.katalon.core.keyword.BuiltinKeywords.verifyEqual(BuiltinKeywords.groovy:146)
	at jdk.internal.reflect.GeneratedMethodAccessor25.invoke(Unknown Source)
	at java.base/jdk.internal.reflect.DelegatingMethodAccessorImpl.invoke(DelegatingMethodAccessorImpl.java:43)
	at Выручка в рублях сверка дашбордов ПАО Россети.Blocks(Выручка в рублях сверка дашбордов ПАО Россети:357)
	at Выручка в рублях сверка дашбордов ПАО Россети.ViruchkaChange(Выручка в рублях сверка дашбордов ПАО Россети:60)
	at Выручка в рублях сверка дашбордов ПАО Россети.run(Выручка в рублях сверка дашбордов ПАО Россети:55)
	at com.kms.katalon.core.main.ScriptEngine.run(ScriptEngine.java:194)
	at com.kms.katalon.core.main.ScriptEngine.runScriptAsRawText(ScriptEngine.java:119)
	at com.kms.katalon.core.main.TestCaseExecutor.runScript(TestCaseExecutor.java:448)
	at com.kms.katalon.core.main.TestCaseExecutor.doExecute(TestCaseExecutor.java:439)
	at com.kms.katalon.core.main.TestCaseExecutor.processExecutionPhase(TestCaseExecutor.java:418)
	at com.kms.katalon.core.main.TestCaseExecutor.accessMainPhase(TestCaseExecutor.java:410)
	at com.kms.katalon.core.main.TestCaseExecutor.execute(TestCaseExecutor.java:285)
	at com.kms.katalon.core.common.CommonExecutor.accessTestCaseMainPhase(CommonExecutor.java:65)
	at com.kms.katalon.core.main.TestSuiteExecutor.accessTestSuiteMainPhase(TestSuiteExecutor.java:150)
	at com.kms.katalon.core.main.TestSuiteExecutor.execute(TestSuiteExecutor.java:106)
	at com.kms.katalon.core.main.TestCaseMain.startTestSuite(TestCaseMain.java:180)
	at TempTestSuite1733095732962.run(TempTestSuite1733095732962.groovy:35)
	at java.base/jdk.internal.reflect.NativeMethodAccessorImpl.invoke0(Native Method)
	at java.base/jdk.internal.reflect.NativeMethodAccessorImpl.invoke(NativeMethodAccessorImpl.java:77)
	at java.base/jdk.internal.reflect.DelegatingMethodAccessorImpl.invoke(DelegatingMethodAccessorImpl.java:43)
)
	at com.kms.katalon.core.keyword.internal.KeywordMain.stepFailed(KeywordMain.groovy:39)
	at com.kms.katalon.core.keyword.internal.KeywordMain.stepFailed(KeywordMain.groovy)
	at com.kms.katalon.core.keyword.internal.KeywordMain.runKeyword(KeywordMain.groovy:77)
	at com.kms.katalon.core.keyword.builtin.VerifyEqualKeyword.verifyEqual(VerifyEqualKeyword.groovy:63)
	at com.kms.katalon.core.keyword.builtin.VerifyEqualKeyword.execute(VerifyEqualKeyword.groovy:44)
	at com.kms.katalon.core.keyword.internal.KeywordExecutor.executeKeywordForPlatform(KeywordExecutor.groovy:74)
	at com.kms.katalon.core.keyword.BuiltinKeywords.verifyEqual(BuiltinKeywords.groovy:146)
	at jdk.internal.reflect.GeneratedMethodAccessor25.invoke(Unknown Source)
	at java.base/jdk.internal.reflect.DelegatingMethodAccessorImpl.invoke(DelegatingMethodAccessorImpl.java:43)
	at Выручка в рублях сверка дашбордов ПАО Россети.Blocks(Выручка в рублях сверка дашбордов ПАО Россети:357)
	at Выручка в рублях сверка дашбордов ПАО Россети.ViruchkaChange(Выручка в рублях сверка дашбордов ПАО Россети:60)
	at Выручка в рублях сверка дашбордов ПАО Россети.run(Выручка в рублях сверка дашбордов ПАО Россети:55)
	at com.kms.katalon.core.main.ScriptEngine.run(ScriptEngine.java:194)
	at com.kms.katalon.core.main.ScriptEngine.runScriptAsRawText(ScriptEngine.java:119)
	at com.kms.katalon.core.main.TestCaseExecutor.runScript(TestCaseExecutor.java:448)
	at com.kms.katalon.core.main.TestCaseExecutor.doExecute(TestCaseExecutor.java:439)
	at com.kms.katalon.core.main.TestCaseExecutor.processExecutionPhase(TestCaseExecutor.java:418)
	at com.kms.katalon.core.main.TestCaseExecutor.accessMainPhase(TestCaseExecutor.java:410)
	at com.kms.katalon.core.main.TestCaseExecutor.execute(TestCaseExecutor.java:285)
	at com.kms.katalon.core.common.CommonExecutor.accessTestCaseMainPhase(CommonExecutor.java:65)
	at com.kms.katalon.core.main.TestSuiteExecutor.accessTestSuiteMainPhase(TestSuiteExecutor.java:150)
	at com.kms.katalon.core.main.TestSuiteExecutor.execute(TestSuiteExecutor.java:106)
	at com.kms.katalon.core.main.TestCaseMain.startTestSuite(TestCaseMain.java:180)
	at TempTestSuite1733095732962.run(TempTestSuite1733095732962.groovy:35)
	at java.base/jdk.internal.reflect.NativeMethodAccessorImpl.invoke0(Native Method)
	at java.base/jdk.internal.reflect.NativeMethodAccessorImpl.invoke(NativeMethodAccessorImpl.java:77)
	at java.base/jdk.internal.reflect.DelegatingMethodAccessorImpl.invoke(DelegatingMethodAccessorImpl.java:43)
Caused by: com.kms.katalon.core.exception.StepFailedException: Actual object '-25.61' and expected object '0.07' are not equal
	at com.kms.katalon.core.keyword.builtin.VerifyEqualKeyword$_verifyEqual_closure1.doCall(VerifyEqualKeyword.groovy:58)
	at com.kms.katalon.core.keyword.builtin.VerifyEqualKeyword$_verifyEqual_closure1.call(VerifyEqualKeyword.groovy)
	at com.kms.katalon.core.keyword.internal.KeywordMain.runKeyword(KeywordMain.groovy:75)
	... 24 more


02-12-2024T02:42:19 - [TEST_STEP][PASSED] - date = new java.util.Date(): null

02-12-2024T02:42:19 - [TEST_STEP][PASSED] - todaysDate = date.format("dd.MM.yyyy"): null

02-12-2024T02:42:19 - [TEST_STEP][PASSED] - println(todaysDate): null

02-12-2024T02:42:19 - [TEST_STEP][PASSED] - run = 1: null

02-12-2024T02:42:19 - [TEST_STEP][PASSED] - vir = 1: null

02-12-2024T02:42:19 - [TEST_STEP][PASSED] - block = 1: null

02-12-2024T02:42:19 - [TEST_STEP][PASSED] - vidget = <not implemented yet for class: org.codehaus.groovy.ast.expr.EmptyExpression>: null

02-12-2024T02:42:19 - [TEST_STEP][PASSED] - nameOfBlock = <not implemented yet for class: org.codehaus.groovy.ast.expr.EmptyExpression>: null

02-12-2024T02:42:19 - [TEST_STEP][PASSED] - typeOfData = <not implemented yet for class: org.codehaus.groovy.ast.expr.EmptyExpression>: null

02-12-2024T02:42:19 - [TEST_STEP][PASSED] - viruchka = <not implemented yet for class: org.codehaus.groovy.ast.expr.EmptyExpression>: null

02-12-2024T02:42:19 - [TEST_STEP][PASSED] - a = <not implemented yet for class: org.codehaus.groovy.ast.expr.EmptyExpression>: null

02-12-2024T02:42:19 - [TEST_STEP][PASSED] - b = <not implemented yet for class: org.codehaus.groovy.ast.expr.EmptyExpression>: null

02-12-2024T02:42:19 - [TEST_STEP][PASSED] - x = <not implemented yet for class: org.codehaus.groovy.ast.expr.EmptyExpression>: null

02-12-2024T02:42:19 - [TEST_STEP][PASSED] - y = <not implemented yet for class: org.codehaus.groovy.ast.expr.EmptyExpression>: null

02-12-2024T02:42:19 - [TEST_STEP][PASSED] - dZO = "ПАО Россети": null

02-12-2024T02:42:19 - [TEST_STEP][PASSED] - for ([run = 1, run < 3, (run++)]): null

02-12-2024T02:42:19 - [TEST_STEP][PASSED] - Script1710234207206.ViruchkaChange(run, vir, block, nameOfBlock, typeOfData, viruchka, vidget, todaysDate, a, b, dZO, x, y): null

02-12-2024T02:42:19 - [TEST_STEP][PASSED] - for ([vir = 1, vir < 4, (vir++)]): null

02-12-2024T02:42:19 - [TEST_STEP][PASSED] - Script1710234207206.Blocks(run, vir, block, nameOfBlock, typeOfData, viruchka, vidget, todaysDate, a, b, dZO, x, y): null

02-12-2024T02:42:19 - [TEST_STEP][PASSED] - i = <not implemented yet for class: org.codehaus.groovy.ast.expr.EmptyExpression>: null

02-12-2024T02:42:19 - [TEST_STEP][PASSED] - perc = "": null

02-12-2024T02:42:19 - [TEST_STEP][PASSED] - a1 = <not implemented yet for class: org.codehaus.groovy.ast.expr.EmptyExpression>: null

02-12-2024T02:42:19 - [TEST_STEP][PASSED] - a2 = <not implemented yet for class: org.codehaus.groovy.ast.expr.EmptyExpression>: null

02-12-2024T02:42:19 - [TEST_STEP][PASSED] - a30 = <not implemented yet for class: org.codehaus.groovy.ast.expr.EmptyExpression>: null

02-12-2024T02:42:19 - [TEST_STEP][PASSED] - a31 = <not implemented yet for class: org.codehaus.groovy.ast.expr.EmptyExpression>: null

02-12-2024T02:42:19 - [TEST_STEP][PASSED] - a32 = <not implemented yet for class: org.codehaus.groovy.ast.expr.EmptyExpression>: null

02-12-2024T02:42:19 - [TEST_STEP][PASSED] - a33 = <not implemented yet for class: org.codehaus.groovy.ast.expr.EmptyExpression>: null

02-12-2024T02:42:19 - [TEST_STEP][PASSED] - a34 = <not implemented yet for class: org.codehaus.groovy.ast.expr.EmptyExpression>: null

02-12-2024T02:42:19 - [TEST_STEP][PASSED] - a35 = <not implemented yet for class: org.codehaus.groovy.ast.expr.EmptyExpression>: null

02-12-2024T02:42:19 - [TEST_STEP][PASSED] - a36 = <not implemented yet for class: org.codehaus.groovy.ast.expr.EmptyExpression>: null

02-12-2024T02:42:19 - [TEST_STEP][PASSED] - a37 = <not implemented yet for class: org.codehaus.groovy.ast.expr.EmptyExpression>: null

02-12-2024T02:42:19 - [TEST_STEP][PASSED] - a38 = <not implemented yet for class: org.codehaus.groovy.ast.expr.EmptyExpression>: null

02-12-2024T02:42:19 - [TEST_STEP][PASSED] - a39 = <not implemented yet for class: org.codehaus.groovy.ast.expr.EmptyExpression>: null

02-12-2024T02:42:19 - [TEST_STEP][PASSED] - a310 = <not implemented yet for class: org.codehaus.groovy.ast.expr.EmptyExpression>: null

02-12-2024T02:42:19 - [TEST_STEP][PASSED] - a311 = <not implemented yet for class: org.codehaus.groovy.ast.expr.EmptyExpression>: null

02-12-2024T02:42:19 - [TEST_STEP][PASSED] - a312 = <not implemented yet for class: org.codehaus.groovy.ast.expr.EmptyExpression>: null

02-12-2024T02:42:19 - [TEST_STEP][PASSED] - a313 = <not implemented yet for class: org.codehaus.groovy.ast.expr.EmptyExpression>: null

02-12-2024T02:42:19 - [TEST_STEP][PASSED] - a314 = <not implemented yet for class: org.codehaus.groovy.ast.expr.EmptyExpression>: null

02-12-2024T02:42:19 - [TEST_STEP][PASSED] - a315 = <not implemented yet for class: org.codehaus.groovy.ast.expr.EmptyExpression>: null

02-12-2024T02:42:19 - [TEST_STEP][PASSED] - a316 = <not implemented yet for class: org.codehaus.groovy.ast.expr.EmptyExpression>: null

02-12-2024T02:42:19 - [TEST_STEP][PASSED] - a317 = <not implemented yet for class: org.codehaus.groovy.ast.expr.EmptyExpression>: null

02-12-2024T02:42:19 - [TEST_STEP][PASSED] - b1 = <not implemented yet for class: org.codehaus.groovy.ast.expr.EmptyExpression>: null

02-12-2024T02:42:19 - [TEST_STEP][PASSED] - b2 = <not implemented yet for class: org.codehaus.groovy.ast.expr.EmptyExpression>: null

02-12-2024T02:42:19 - [TEST_STEP][PASSED] - b30 = <not implemented yet for class: org.codehaus.groovy.ast.expr.EmptyExpression>: null

02-12-2024T02:42:19 - [TEST_STEP][PASSED] - b31 = <not implemented yet for class: org.codehaus.groovy.ast.expr.EmptyExpression>: null

02-12-2024T02:42:19 - [TEST_STEP][PASSED] - b32 = <not implemented yet for class: org.codehaus.groovy.ast.expr.EmptyExpression>: null

02-12-2024T02:42:19 - [TEST_STEP][PASSED] - b33 = <not implemented yet for class: org.codehaus.groovy.ast.expr.EmptyExpression>: null

02-12-2024T02:42:19 - [TEST_STEP][PASSED] - b34 = <not implemented yet for class: org.codehaus.groovy.ast.expr.EmptyExpression>: null

02-12-2024T02:42:19 - [TEST_STEP][PASSED] - b35 = <not implemented yet for class: org.codehaus.groovy.ast.expr.EmptyExpression>: null

02-12-2024T02:42:19 - [TEST_STEP][PASSED] - b36 = <not implemented yet for class: org.codehaus.groovy.ast.expr.EmptyExpression>: null

02-12-2024T02:42:19 - [TEST_STEP][PASSED] - b37 = <not implemented yet for class: org.codehaus.groovy.ast.expr.EmptyExpression>: null

02-12-2024T02:42:19 - [TEST_STEP][PASSED] - b38 = <not implemented yet for class: org.codehaus.groovy.ast.expr.EmptyExpression>: null

02-12-2024T02:42:19 - [TEST_STEP][PASSED] - b39 = <not implemented yet for class: org.codehaus.groovy.ast.expr.EmptyExpression>: null

02-12-2024T02:42:19 - [TEST_STEP][PASSED] - b310 = <not implemented yet for class: org.codehaus.groovy.ast.expr.EmptyExpression>: null

02-12-2024T02:42:19 - [TEST_STEP][PASSED] - b311 = <not implemented yet for class: org.codehaus.groovy.ast.expr.EmptyExpression>: null

02-12-2024T02:42:19 - [TEST_STEP][PASSED] - b312 = <not implemented yet for class: org.codehaus.groovy.ast.expr.EmptyExpression>: null

02-12-2024T02:42:19 - [TEST_STEP][PASSED] - b313 = <not implemented yet for class: org.codehaus.groovy.ast.expr.EmptyExpression>: null

02-12-2024T02:42:19 - [TEST_STEP][PASSED] - b314 = <not implemented yet for class: org.codehaus.groovy.ast.expr.EmptyExpression>: null

02-12-2024T02:42:19 - [TEST_STEP][PASSED] - b315 = <not implemented yet for class: org.codehaus.groovy.ast.expr.EmptyExpression>: null

02-12-2024T02:42:19 - [TEST_STEP][PASSED] - b316 = <not implemented yet for class: org.codehaus.groovy.ast.expr.EmptyExpression>: null

02-12-2024T02:42:19 - [TEST_STEP][PASSED] - b317 = <not implemented yet for class: org.codehaus.groovy.ast.expr.EmptyExpression>: null

02-12-2024T02:42:19 - [TEST_STEP][PASSED] - block = 1: null

02-12-2024T02:42:19 - [TEST_STEP][PASSED] - nameOfBlock = "": null

02-12-2024T02:42:19 - [TEST_STEP][PASSED] - Script1710234207206.PreSettings(run, vir, block, nameOfBlock, typeOfData, todaysDate): null

02-12-2024T02:42:19 - [TEST_STEP][PASSED] - openBrowser(""): Browser is opened with url: ''

02-12-2024T02:42:19 - [MESSAGE][INFO] - Starting 'Chrome' driver

02-12-2024T02:42:19 - [MESSAGE][INFO] - Action delay is set to 0 milliseconds

02-12-2024T02:42:20 - [MESSAGE][PASSED] - Browser is opened with url: ''

02-12-2024T02:42:20 - [TEST_STEP][PASSED] - refresh(): Refresh successfully

02-12-2024T02:42:20 - [MESSAGE][PASSED] - Refresh successfully

02-12-2024T02:42:20 - [TEST_STEP][PASSED] - delay(50): Delayed 50 second(s)

02-12-2024T02:43:10 - [MESSAGE][PASSED] - Delayed 50 second(s)

02-12-2024T02:43:10 - [TEST_STEP][PASSED] - println("run:" + run): null

02-12-2024T02:43:10 - [TEST_STEP][PASSED] - println("vir:" + vir): null

02-12-2024T02:43:10 - [TEST_STEP][PASSED] - println("block:" + block): null

02-12-2024T02:43:10 - [TEST_STEP][PASSED] - if (block == 1): null

02-12-2024T02:43:10 - [TEST_STEP][PASSED] - nameOfBlock = "": null

02-12-2024T02:43:10 - [TEST_STEP][PASSED] - println("nameOfBlock:" + nameOfBlock): null

02-12-2024T02:43:10 - [TEST_STEP][PASSED] - println("typeOfData:" + typeOfData): null

02-12-2024T02:43:10 - [TEST_STEP][PASSED] - println("todaysDate:" + todaysDate): null

02-12-2024T02:43:10 - [TEST_STEP][PASSED] - Script1710234207206.Autorization(block, nameOfBlock): null

02-12-2024T02:43:10 - [TEST_STEP][PASSED] - i = <not implemented yet for class: org.codehaus.groovy.ast.expr.EmptyExpression>: null

02-12-2024T02:43:10 - [TEST_STEP][PASSED] - ii = <not implemented yet for class: org.codehaus.groovy.ast.expr.EmptyExpression>: null

02-12-2024T02:43:10 - [TEST_STEP][PASSED] - urlData = <not implemented yet for class: org.codehaus.groovy.ast.expr.EmptyExpression>: null

02-12-2024T02:43:10 - [TEST_STEP][PASSED] - searchWord = <not implemented yet for class: org.codehaus.groovy.ast.expr.EmptyExpression>: null

02-12-2024T02:43:10 - [TEST_STEP][PASSED] - urlText = <not implemented yet for class: org.codehaus.groovy.ast.expr.EmptyExpression>: null

02-12-2024T02:43:10 - [TEST_STEP][PASSED] - println("block:" + block): null

02-12-2024T02:43:10 - [TEST_STEP][PASSED] - if (block == 1): null

02-12-2024T02:43:10 - [TEST_STEP][PASSED] - nameOfBlock = "": null

02-12-2024T02:43:10 - [TEST_STEP][PASSED] - println("nameOfBlock:" + nameOfBlock): null

02-12-2024T02:43:10 - [TEST_STEP][PASSED] - if (block == 1): Delayed 45 second(s)

02-12-2024T02:43:10 - [TEST_STEP][PASSED] - urlData = 2: null

02-12-2024T02:43:10 - [TEST_STEP][PASSED] - delay(45): Delayed 45 second(s)

02-12-2024T02:43:55 - [MESSAGE][PASSED] - Delayed 45 second(s)

02-12-2024T02:43:55 - [TEST_STEP][PASSED] - navigateToUrl(findTestData("PlanFact").getValue(10, urlData)): Navigate to 'https://bi.rosseti.digital/viewer?dashboardGuid=2301950b23be4ed89c1df75f2020051e&sheetGuid=b723206f698544fb87299f3095c00435&fit=true' successfully

02-12-2024T02:44:02 - [MESSAGE][PASSED] - Navigate to 'https://bi.rosseti.digital/viewer?dashboardGuid=2301950b23be4ed89c1df75f2020051e&sheetGuid=b723206f698544fb87299f3095c00435&fit=true' successfully

02-12-2024T02:44:02 - [TEST_STEP][PASSED] - urlText = getText(findTestObject("Страница авторизации/Text")): Text of object 'Object Repository/Страница авторизации/Text' is: 'Вход'

02-12-2024T02:44:05 - [MESSAGE][PASSED] - Text of object 'Object Repository/Страница авторизации/Text' is: 'Вход'

02-12-2024T02:44:05 - [TEST_STEP][PASSED] - searchWord = "Вход": null

02-12-2024T02:44:05 - [TEST_STEP][PASSED] - if (urlText == null || urlText.contains("ошибка") || urlText.contains(searchWord) == false): null

02-12-2024T02:44:05 - [TEST_STEP][PASSED] - if (verifyElementPresent(findTestObject("Страница авторизации/button_"), 30) == true): null

02-12-2024T02:44:06 - [MESSAGE][PASSED] - Object 'Object Repository/Страница авторизации/button_' is present

02-12-2024T02:44:06 - [TEST_STEP][PASSED] - setText(findTestObject("Страница авторизации/input__username"), findTestData("PlanFact").getValue(8, 1)): Text 'liazgina-di' is set on object 'Object Repository/Страница авторизации/input__username'

02-12-2024T02:44:06 - [MESSAGE][PASSED] - Text 'liazgina-di' is set on object 'Object Repository/Страница авторизации/input__username'

02-12-2024T02:44:06 - [TEST_STEP][PASSED] - setText(findTestObject("Страница авторизации/input__password"), findTestData("PlanFact").getValue(9, 1)): Text ')$%5srZ8o688Dm#q' is set on object 'Object Repository/Страница авторизации/input__password'

02-12-2024T02:44:07 - [MESSAGE][PASSED] - Text ')$%5srZ8o688Dm#q' is set on object 'Object Repository/Страница авторизации/input__password'

02-12-2024T02:44:07 - [TEST_STEP][PASSED] - click(findTestObject("Страница авторизации/button_")): Object: 'Object Repository/Страница авторизации/button_' is clicked on

02-12-2024T02:44:10 - [MESSAGE][PASSED] - Object: 'Object Repository/Страница авторизации/button_' is clicked on

02-12-2024T02:44:10 - [TEST_STEP][PASSED] - delay(45): Delayed 45 second(s)

02-12-2024T02:44:55 - [MESSAGE][PASSED] - Delayed 45 second(s)

02-12-2024T02:44:55 - [TEST_STEP][PASSED] - urlText = getText(findTestObject("Страница авторизации/Text")): Text of object 'Object Repository/Страница авторизации/Text' is: 'Период
1, 2, 3 кв., Октябрь 2024 года
Выручка
Все
Выполнение плановых показателей по ПАО Россети за 1, 2, 3 кв., Октябрь 2024 года
План
Факт
Динамика
2024 год
0 млн.руб.
100 000 млн.руб.
200 000 млн.руб.
300 000 млн.руб.
400 000 млн.руб.
500 000 млн.руб.
600 000 млн.руб.
700 000 млн.руб.
800 000 млн.руб.
900 000 млн.руб.
1 000 000 млн.руб.
1 100 000 млн.руб.
1 200 000 млн.руб.
1 300 000 млн.руб.
1 400 000 млн.руб.
1 180 677
1 181 459
↑
ДЗО 
Все
Внутренний оборот - выручка за услуги по передаче электрической энергии, учтенная в выручке за электроэнергию для конечных потребителей, при выполнении ДЗО функций гарантирующего поставщика
Подписи данных
⬤Отклонение
АО «Тываэнерго»
АО «Чеченэнерго»
Россети Волга
Россети Кубань
Россети Ленэнерго (ГК)
Россети Московский регион
Россети Северный Кавказ (ГК)
Россети Северо-Запад
Россети Сибирь (ГК)
Россети Томск
Россети Тюмень
Россети Урал (ГК)
Россети ФСК ЕЭС
Россети Центр
Россети Центр и Приволжье (ГК)
Россети Юг (ГК)
Россети Янтарь
-25 000млн.руб.
-20 000млн.руб.
-15 000млн.руб.
-10 000млн.руб.
-5 000млн.руб.
0млн.руб.
5 000млн.руб.
10 …
-30 000млн.руб.
300
101
156
3 953
4 462
7 500
888
878
1 274
238
-5 106
1 955
-24 344
2 435
4 419
1 357
318
млн.
%
Выручка
Отклонение выручки по ПАО Россети за 1, 2, 3 кв., Октябрь 2024 года (факт/план, млн. руб)
ПАО Россети
782.4 млн.руб.
 '

02-12-2024T02:44:56 - [MESSAGE][PASSED] - Text of object 'Object Repository/Страница авторизации/Text' is: 'Период
1, 2, 3 кв., Октябрь 2024 года
Выручка
Все
Выполнение плановых показателей по ПАО Россети за 1, 2, 3 кв., Октябрь 2024 года
План
Факт
Динамика
2024 год
0 млн.руб.
100 000 млн.руб.
200 000 млн.руб.
300 000 млн.руб.
400 000 млн.руб.
500 000 млн.руб.
600 000 млн.руб.
700 000 млн.руб.
800 000 млн.руб.
900 000 млн.руб.
1 000 000 млн.руб.
1 100 000 млн.руб.
1 200 000 млн.руб.
1 300 000 млн.руб.
1 400 000 млн.руб.
1 180 677
1 181 459
↑
ДЗО 
Все
Внутренний оборот - выручка за услуги по передаче электрической энергии, учтенная в выручке за электроэнергию для конечных потребителей, при выполнении ДЗО функций гарантирующего поставщика
Подписи данных
⬤Отклонение
АО «Тываэнерго»
АО «Чеченэнерго»
Россети Волга
Россети Кубань
Россети Ленэнерго (ГК)
Россети Московский регион
Россети Северный Кавказ (ГК)
Россети Северо-Запад
Россети Сибирь (ГК)
Россети Томск
Россети Тюмень
Россети Урал (ГК)
Россети ФСК ЕЭС
Россети Центр
Россети Центр и Приволжье (ГК)
Россети Юг (ГК)
Россети Янтарь
-25 000млн.руб.
-20 000млн.руб.
-15 000млн.руб.
-10 000млн.руб.
-5 000млн.руб.
0млн.руб.
5 000млн.руб.
10 …
-30 000млн.руб.
300
101
156
3 953
4 462
7 500
888
878
1 274
238
-5 106
1 955
-24 344
2 435
4 419
1 357
318
млн.
%
Выручка
Отклонение выручки по ПАО Россети за 1, 2, 3 кв., Октябрь 2024 года (факт/план, млн. руб)
ПАО Россети
782.4 млн.руб.
 '

02-12-2024T02:44:56 - [TEST_STEP][PASSED] - searchWord = "а": null

02-12-2024T02:44:56 - [TEST_STEP][PASSED] - if (urlText.contains("ошибка") || urlText.contains(searchWord) == false): null

02-12-2024T02:44:56 - [TEST_STEP][PASSED] - delay(45): Delayed 45 second(s)

02-12-2024T02:45:41 - [MESSAGE][PASSED] - Delayed 45 second(s)

02-12-2024T02:45:41 - [TEST_STEP][PASSED] - if (block == 2): null

02-12-2024T02:45:41 - [TEST_STEP][PASSED] - click(findTestObject("Выручка в рублях/Фильтр Период" + nameOfBlock)): Object: 'Object Repository/Выручка в рублях/Фильтр Период' is clicked on

02-12-2024T02:45:41 - [MESSAGE][PASSED] - Object: 'Object Repository/Выручка в рублях/Фильтр Период' is clicked on

02-12-2024T02:45:41 - [TEST_STEP][PASSED] - click(findTestObject("Выручка в рублях/Снять выделение в фильтре Дата" + nameOfBlock)): Object: 'Object Repository/Выручка в рублях/Снять выделение в фильтре Дата' is clicked on

02-12-2024T02:45:42 - [MESSAGE][PASSED] - Object: 'Object Repository/Выручка в рублях/Снять выделение в фильтре Дата' is clicked on

02-12-2024T02:45:42 - [TEST_STEP][PASSED] - click(findTestObject("Выручка в рублях/Применить в фильтре Дата" + nameOfBlock)): Object: 'Object Repository/Выручка в рублях/Применить в фильтре Дата' is clicked on

02-12-2024T02:45:42 - [MESSAGE][PASSED] - Object: 'Object Repository/Выручка в рублях/Применить в фильтре Дата' is clicked on

02-12-2024T02:45:42 - [TEST_STEP][PASSED] - delay(50): Delayed 50 second(s)

02-12-2024T02:46:32 - [MESSAGE][PASSED] - Delayed 50 second(s)

02-12-2024T02:46:32 - [TEST_STEP][PASSED] - click(findTestObject("Выручка в рублях/Фильтр Период" + nameOfBlock)): Object: 'Object Repository/Выручка в рублях/Фильтр Период' is clicked on

02-12-2024T02:46:33 - [MESSAGE][PASSED] - Object: 'Object Repository/Выручка в рублях/Фильтр Период' is clicked on

02-12-2024T02:46:33 - [TEST_STEP][PASSED] - click(findTestObject("Выручка в рублях/Снять выделение в фильтре Дата" + nameOfBlock)): Object: 'Object Repository/Выручка в рублях/Снять выделение в фильтре Дата' is clicked on

02-12-2024T02:46:33 - [MESSAGE][PASSED] - Object: 'Object Repository/Выручка в рублях/Снять выделение в фильтре Дата' is clicked on

02-12-2024T02:46:33 - [TEST_STEP][PASSED] - scrollToElement(findTestObject("Выручка в рублях/2024 список" + nameOfBlock), 30): Scroll to object 'Object Repository/Выручка в рублях/2024 список' successfully

02-12-2024T02:46:34 - [MESSAGE][PASSED] - Scroll to object 'Object Repository/Выручка в рублях/2024 список' successfully

02-12-2024T02:46:34 - [TEST_STEP][PASSED] - click(findTestObject("Выручка в рублях/2024 список" + nameOfBlock)): Object: 'Object Repository/Выручка в рублях/2024 список' is clicked on

02-12-2024T02:46:34 - [MESSAGE][PASSED] - Object: 'Object Repository/Выручка в рублях/2024 список' is clicked on

02-12-2024T02:46:34 - [TEST_STEP][PASSED] - scrollToElement(findTestObject("Выручка в рублях/1 квартал 2024 выбрать" + nameOfBlock), 30): Scroll to object 'Object Repository/Выручка в рублях/1 квартал 2024 выбрать' successfully

02-12-2024T02:46:34 - [MESSAGE][PASSED] - Scroll to object 'Object Repository/Выручка в рублях/1 квартал 2024 выбрать' successfully

02-12-2024T02:46:34 - [TEST_STEP][PASSED] - click(findTestObject("Выручка в рублях/1 квартал 2024 выбрать" + nameOfBlock)): Object: 'Object Repository/Выручка в рублях/1 квартал 2024 выбрать' is clicked on

02-12-2024T02:46:35 - [MESSAGE][PASSED] - Object: 'Object Repository/Выручка в рублях/1 квартал 2024 выбрать' is clicked on

02-12-2024T02:46:35 - [TEST_STEP][PASSED] - scrollToElement(findTestObject("Выручка в рублях/2 квартал 2024 выбрать" + nameOfBlock), 30): Scroll to object 'Object Repository/Выручка в рублях/2 квартал 2024 выбрать' successfully

02-12-2024T02:46:35 - [MESSAGE][PASSED] - Scroll to object 'Object Repository/Выручка в рублях/2 квартал 2024 выбрать' successfully

02-12-2024T02:46:35 - [TEST_STEP][PASSED] - click(findTestObject("Выручка в рублях/2 квартал 2024 выбрать" + nameOfBlock)): Object: 'Object Repository/Выручка в рублях/2 квартал 2024 выбрать' is clicked on

02-12-2024T02:46:36 - [MESSAGE][PASSED] - Object: 'Object Repository/Выручка в рублях/2 квартал 2024 выбрать' is clicked on

02-12-2024T02:46:36 - [TEST_STEP][PASSED] - scrollToElement(findTestObject("Выручка в рублях/3 квартал 2024 список" + nameOfBlock), 30): Scroll to object 'Object Repository/Выручка в рублях/3 квартал 2024 список' successfully

02-12-2024T02:46:36 - [MESSAGE][PASSED] - Scroll to object 'Object Repository/Выручка в рублях/3 квартал 2024 список' successfully

02-12-2024T02:46:36 - [TEST_STEP][PASSED] - click(findTestObject("Выручка в рублях/3 квартал 2024" + nameOfBlock)): Object: 'Object Repository/Выручка в рублях/3 квартал 2024' is clicked on

02-12-2024T02:46:36 - [MESSAGE][PASSED] - Object: 'Object Repository/Выручка в рублях/3 квартал 2024' is clicked on

02-12-2024T02:46:36 - [TEST_STEP][PASSED] - scrollToElement(findTestObject("Выручка в рублях/4 квартал 2024 список" + nameOfBlock), 30): Scroll to object 'Object Repository/Выручка в рублях/4 квартал 2024 список' successfully

02-12-2024T02:46:37 - [MESSAGE][PASSED] - Scroll to object 'Object Repository/Выручка в рублях/4 квартал 2024 список' successfully

02-12-2024T02:46:37 - [TEST_STEP][PASSED] - click(findTestObject("Выручка в рублях/4 квартал 2024 список" + nameOfBlock)): Object: 'Object Repository/Выручка в рублях/4 квартал 2024 список' is clicked on

02-12-2024T02:46:37 - [MESSAGE][PASSED] - Object: 'Object Repository/Выручка в рублях/4 квартал 2024 список' is clicked on

02-12-2024T02:46:37 - [TEST_STEP][PASSED] - scrollToElement(findTestObject("Выручка в рублях/Октябрь 2024" + nameOfBlock), 30): Scroll to object 'Object Repository/Выручка в рублях/Октябрь 2024' successfully

02-12-2024T02:46:38 - [MESSAGE][PASSED] - Scroll to object 'Object Repository/Выручка в рублях/Октябрь 2024' successfully

02-12-2024T02:46:38 - [TEST_STEP][PASSED] - click(findTestObject("Выручка в рублях/Октябрь 2024" + nameOfBlock)): Object: 'Object Repository/Выручка в рублях/Октябрь 2024' is clicked on

02-12-2024T02:46:38 - [MESSAGE][PASSED] - Object: 'Object Repository/Выручка в рублях/Октябрь 2024' is clicked on

02-12-2024T02:46:38 - [TEST_STEP][PASSED] - scrollToElement(findTestObject("Выручка в рублях/Заголовок дашборда" + nameOfBlock), 30): Scroll to object 'Object Repository/Выручка в рублях/Заголовок дашборда' successfully

02-12-2024T02:46:38 - [MESSAGE][PASSED] - Scroll to object 'Object Repository/Выручка в рублях/Заголовок дашборда' successfully

02-12-2024T02:46:38 - [TEST_STEP][PASSED] - click(findTestObject("Выручка в рублях/Применить в фильтре Дата" + nameOfBlock)): Object: 'Object Repository/Выручка в рублях/Применить в фильтре Дата' is clicked on

02-12-2024T02:46:39 - [MESSAGE][PASSED] - Object: 'Object Repository/Выручка в рублях/Применить в фильтре Дата' is clicked on

02-12-2024T02:46:39 - [TEST_STEP][PASSED] - delay(55): Delayed 55 second(s)

02-12-2024T02:47:34 - [MESSAGE][PASSED] - Delayed 55 second(s)

02-12-2024T02:47:34 - [TEST_STEP][PASSED] - click(findTestObject("Выручка в рублях/Фильтр ДЗО" + nameOfBlock)): Object: 'Object Repository/Выручка в рублях/Фильтр ДЗО' is clicked on

02-12-2024T02:47:34 - [MESSAGE][PASSED] - Object: 'Object Repository/Выручка в рублях/Фильтр ДЗО' is clicked on

02-12-2024T02:47:34 - [TEST_STEP][PASSED] - click(findTestObject("Выручка в рублях/Снять выделение в фильтре ДЗО" + nameOfBlock)): Object: 'Object Repository/Выручка в рублях/Снять выделение в фильтре ДЗО' is clicked on

02-12-2024T02:47:35 - [MESSAGE][PASSED] - Object: 'Object Repository/Выручка в рублях/Снять выделение в фильтре ДЗО' is clicked on

02-12-2024T02:47:35 - [TEST_STEP][PASSED] - click(findTestObject("Выручка в рублях/Применить в фильтре ДЗО" + nameOfBlock)): Object: 'Object Repository/Выручка в рублях/Применить в фильтре ДЗО' is clicked on

02-12-2024T02:47:35 - [MESSAGE][PASSED] - Object: 'Object Repository/Выручка в рублях/Применить в фильтре ДЗО' is clicked on

02-12-2024T02:47:35 - [TEST_STEP][PASSED] - delay(50): Delayed 50 second(s)

02-12-2024T02:48:25 - [MESSAGE][PASSED] - Delayed 50 second(s)

02-12-2024T02:48:25 - [TEST_STEP][PASSED] - Script1710234207206.Tumbler(run, vir, block, nameOfBlock): null

02-12-2024T02:48:25 - [TEST_STEP][PASSED] - println("run:" + run): null

02-12-2024T02:48:25 - [TEST_STEP][PASSED] - println("vir:" + vir): null

02-12-2024T02:48:25 - [TEST_STEP][PASSED] - println("block:" + block): null

02-12-2024T02:48:25 - [TEST_STEP][PASSED] - println("nameOfBlock:" + nameOfBlock): null

02-12-2024T02:48:25 - [TEST_STEP][PASSED] - if (vir == 1): null

02-12-2024T02:48:25 - [TEST_STEP][PASSED] - if (run == 2): null

02-12-2024T02:48:25 - [TEST_STEP][PASSED] - click(findTestObject("Выручка в рублях/Фильтр ДЗО" + nameOfBlock)): Object: 'Object Repository/Выручка в рублях/Фильтр ДЗО' is clicked on

02-12-2024T02:48:26 - [MESSAGE][PASSED] - Object: 'Object Repository/Выручка в рублях/Фильтр ДЗО' is clicked on

02-12-2024T02:48:26 - [TEST_STEP][PASSED] - Script1710234207206.Rosseti(nameOfBlock): null

02-12-2024T02:48:26 - [TEST_STEP][PASSED] - println("nameOfBlock:" + nameOfBlock): null

02-12-2024T02:48:26 - [TEST_STEP][PASSED] - click(findTestObject("Выручка в рублях/ПАО Россети" + nameOfBlock)): Object: 'Object Repository/Выручка в рублях/ПАО Россети' is clicked on

02-12-2024T02:48:26 - [MESSAGE][PASSED] - Object: 'Object Repository/Выручка в рублях/ПАО Россети' is clicked on

02-12-2024T02:48:26 - [TEST_STEP][PASSED] - click(findTestObject("Выручка в рублях/Применить в фильтре ДЗО" + nameOfBlock)): Object: 'Object Repository/Выручка в рублях/Применить в фильтре ДЗО' is clicked on

02-12-2024T02:48:27 - [MESSAGE][PASSED] - Object: 'Object Repository/Выручка в рублях/Применить в фильтре ДЗО' is clicked on

02-12-2024T02:48:27 - [TEST_STEP][PASSED] - if (run == 2): null

02-12-2024T02:48:27 - [TEST_STEP][PASSED] - if (vir == 1 || vir == 2): Text of object 'Object Repository/Выручка в рублях/График План' is: '1 180 677'

02-12-2024T02:48:27 - [TEST_STEP][PASSED] - a1 = getText(findTestObject("Выручка в рублях/График План")): Text of object 'Object Repository/Выручка в рублях/График План' is: '1 180 677'

02-12-2024T02:48:29 - [MESSAGE][PASSED] - Text of object 'Object Repository/Выручка в рублях/График План' is: '1 180 677'

02-12-2024T02:48:29 - [TEST_STEP][PASSED] - if (vir == 1 || vir == 2): Text of object 'Object Repository/Выручка в рублях/График Факт' is: '1 181 459'

02-12-2024T02:48:29 - [TEST_STEP][PASSED] - a2 = getText(findTestObject("Выручка в рублях/График Факт")): Text of object 'Object Repository/Выручка в рублях/График Факт' is: '1 181 459'

02-12-2024T02:48:29 - [MESSAGE][PASSED] - Text of object 'Object Repository/Выручка в рублях/График Факт' is: '1 181 459'

02-12-2024T02:48:29 - [TEST_STEP][PASSED] - a30 = getText(findTestObject("Выручка в рублях/span1" + perc)): Text of object 'Object Repository/Выручка в рублях/span1' is: '782.4 млн.руб.'

02-12-2024T02:48:30 - [MESSAGE][PASSED] - Text of object 'Object Repository/Выручка в рублях/span1' is: '782.4 млн.руб.'

02-12-2024T02:48:30 - [TEST_STEP][PASSED] - i = a30.indexOf("млн.руб."): null

02-12-2024T02:48:30 - [TEST_STEP][PASSED] - if (i > -1): null

02-12-2024T02:48:30 - [TEST_STEP][PASSED] - a30 = a30.substring(0, i): null

02-12-2024T02:48:30 - [TEST_STEP][PASSED] - a30 = a30.replaceAll(" ", ""): null

02-12-2024T02:48:30 - [TEST_STEP][PASSED] - if (a30.contains("%")): null

02-12-2024T02:48:30 - [TEST_STEP][PASSED] - a30 = ").trim(): null

02-12-2024T02:48:30 - [TEST_STEP][PASSED] - println("a30: " + a30): null

02-12-2024T02:48:30 - [TEST_STEP][PASSED] - if (vir == 1 || vir == 2): Text of object 'Object Repository/Выручка в рублях/span2' is: '300'

02-12-2024T02:48:30 - [TEST_STEP][PASSED] - a31 = ").trim(): Text of object 'Object Repository/Выручка в рублях/span2' is: '300'

02-12-2024T02:48:30 - [MESSAGE][PASSED] - Text of object 'Object Repository/Выручка в рублях/span2' is: '300'

02-12-2024T02:48:30 - [TEST_STEP][PASSED] - if (vir == 1 || vir == 2): Text of object 'Object Repository/Выручка в рублях/span3' is: '101'

02-12-2024T02:48:30 - [TEST_STEP][PASSED] - a32 = ").trim(): Text of object 'Object Repository/Выручка в рублях/span3' is: '101'

02-12-2024T02:48:30 - [MESSAGE][PASSED] - Text of object 'Object Repository/Выручка в рублях/span3' is: '101'

02-12-2024T02:48:30 - [TEST_STEP][PASSED] - if (vir == 1 || vir == 2): Text of object 'Object Repository/Выручка в рублях/span8' is: '888'

02-12-2024T02:48:30 - [TEST_STEP][PASSED] - a33 = ").trim(): Text of object 'Object Repository/Выручка в рублях/span4' is: '156'

02-12-2024T02:48:31 - [MESSAGE][PASSED] - Text of object 'Object Repository/Выручка в рублях/span4' is: '156'

02-12-2024T02:48:31 - [TEST_STEP][PASSED] - a34 = ").trim(): Text of object 'Object Repository/Выручка в рублях/span5' is: '3 953'

02-12-2024T02:48:31 - [MESSAGE][PASSED] - Text of object 'Object Repository/Выручка в рублях/span5' is: '3 953'

02-12-2024T02:48:31 - [TEST_STEP][PASSED] - a35 = ").trim(): Text of object 'Object Repository/Выручка в рублях/span6' is: '4 462'

02-12-2024T02:48:31 - [MESSAGE][PASSED] - Text of object 'Object Repository/Выручка в рублях/span6' is: '4 462'

02-12-2024T02:48:31 - [TEST_STEP][PASSED] - a36 = ").trim(): Text of object 'Object Repository/Выручка в рублях/span7' is: '7 500'

02-12-2024T02:48:32 - [MESSAGE][PASSED] - Text of object 'Object Repository/Выручка в рублях/span7' is: '7 500'

02-12-2024T02:48:32 - [TEST_STEP][PASSED] - a37 = ").trim(): Text of object 'Object Repository/Выручка в рублях/span8' is: '888'

02-12-2024T02:48:32 - [MESSAGE][PASSED] - Text of object 'Object Repository/Выручка в рублях/span8' is: '888'

02-12-2024T02:48:32 - [TEST_STEP][PASSED] - if (vir == 1 || vir == 2): Text of object 'Object Repository/Выручка в рублях/span17' is: '1 357'

02-12-2024T02:48:32 - [TEST_STEP][PASSED] - a38 = ").trim(): Text of object 'Object Repository/Выручка в рублях/span9' is: '878'

02-12-2024T02:48:32 - [MESSAGE][PASSED] - Text of object 'Object Repository/Выручка в рублях/span9' is: '878'

02-12-2024T02:48:32 - [TEST_STEP][PASSED] - a39 = ").trim(): Text of object 'Object Repository/Выручка в рублях/span10' is: '1 274'

02-12-2024T02:48:32 - [MESSAGE][PASSED] - Text of object 'Object Repository/Выручка в рублях/span10' is: '1 274'

02-12-2024T02:48:32 - [TEST_STEP][PASSED] - a310 = ").trim(): Text of object 'Object Repository/Выручка в рублях/span11' is: '238'

02-12-2024T02:48:33 - [MESSAGE][PASSED] - Text of object 'Object Repository/Выручка в рублях/span11' is: '238'

02-12-2024T02:48:33 - [TEST_STEP][PASSED] - a311 = ").trim(): Text of object 'Object Repository/Выручка в рублях/span12' is: '-5 106'

02-12-2024T02:48:33 - [MESSAGE][PASSED] - Text of object 'Object Repository/Выручка в рублях/span12' is: '-5 106'

02-12-2024T02:48:33 - [TEST_STEP][PASSED] - a312 = ").trim(): Text of object 'Object Repository/Выручка в рублях/span13' is: '1 955'

02-12-2024T02:48:33 - [MESSAGE][PASSED] - Text of object 'Object Repository/Выручка в рублях/span13' is: '1 955'

02-12-2024T02:48:33 - [TEST_STEP][PASSED] - a313 = ").trim(): Text of object 'Object Repository/Выручка в рублях/span14' is: '-24 344'

02-12-2024T02:48:34 - [MESSAGE][PASSED] - Text of object 'Object Repository/Выручка в рублях/span14' is: '-24 344'

02-12-2024T02:48:34 - [TEST_STEP][PASSED] - a314 = ").trim(): Text of object 'Object Repository/Выручка в рублях/span15' is: '2 435'

02-12-2024T02:48:34 - [MESSAGE][PASSED] - Text of object 'Object Repository/Выручка в рублях/span15' is: '2 435'

02-12-2024T02:48:34 - [TEST_STEP][PASSED] - a315 = ").trim(): Text of object 'Object Repository/Выручка в рублях/span16' is: '4 419'

02-12-2024T02:48:34 - [MESSAGE][PASSED] - Text of object 'Object Repository/Выручка в рублях/span16' is: '4 419'

02-12-2024T02:48:34 - [TEST_STEP][PASSED] - a316 = ").trim(): Text of object 'Object Repository/Выручка в рублях/span17' is: '1 357'

02-12-2024T02:48:35 - [MESSAGE][PASSED] - Text of object 'Object Repository/Выручка в рублях/span17' is: '1 357'

02-12-2024T02:48:35 - [TEST_STEP][PASSED] - if (vir == 1 || vir == 2): Text of object 'Object Repository/Выручка в рублях/span18' is: '318'

02-12-2024T02:48:35 - [TEST_STEP][PASSED] - a317 = ").trim(): Text of object 'Object Repository/Выручка в рублях/span18' is: '318'

02-12-2024T02:48:35 - [MESSAGE][PASSED] - Text of object 'Object Repository/Выручка в рублях/span18' is: '318'

02-12-2024T02:48:35 - [TEST_STEP][PASSED] - block = 2: null

02-12-2024T02:48:35 - [TEST_STEP][PASSED] - nameOfBlock = " Выручка": null

02-12-2024T02:48:35 - [TEST_STEP][PASSED] - Script1710234207206.PreSettings(run, vir, block, nameOfBlock, typeOfData, todaysDate): null

02-12-2024T02:48:35 - [TEST_STEP][PASSED] - openBrowser(""): Browser is opened with url: ''

02-12-2024T02:48:35 - [MESSAGE][WARNING] - A browser is already opened. Closing browser and opening a new one

02-12-2024T02:48:35 - [MESSAGE][INFO] - Starting 'Chrome' driver

02-12-2024T02:48:35 - [MESSAGE][INFO] - Action delay is set to 0 milliseconds

02-12-2024T02:48:36 - [MESSAGE][PASSED] - Browser is opened with url: ''

02-12-2024T02:48:36 - [TEST_STEP][PASSED] - refresh(): Refresh successfully

02-12-2024T02:48:36 - [MESSAGE][PASSED] - Refresh successfully

02-12-2024T02:48:36 - [TEST_STEP][PASSED] - delay(50): Delayed 50 second(s)

02-12-2024T02:49:26 - [MESSAGE][PASSED] - Delayed 50 second(s)

02-12-2024T02:49:26 - [TEST_STEP][PASSED] - println("run:" + run): null

02-12-2024T02:49:26 - [TEST_STEP][PASSED] - println("vir:" + vir): null

02-12-2024T02:49:26 - [TEST_STEP][PASSED] - println("block:" + block): null

02-12-2024T02:49:26 - [TEST_STEP][PASSED] - if (block == 1): null

02-12-2024T02:49:26 - [TEST_STEP][PASSED] - else: null

02-12-2024T02:49:26 - [TEST_STEP][PASSED] - nameOfBlock = " Выручка": null

02-12-2024T02:49:26 - [TEST_STEP][PASSED] - println("nameOfBlock:" + nameOfBlock): null

02-12-2024T02:49:26 - [TEST_STEP][PASSED] - println("typeOfData:" + typeOfData): null

02-12-2024T02:49:26 - [TEST_STEP][PASSED] - println("todaysDate:" + todaysDate): null

02-12-2024T02:49:26 - [TEST_STEP][PASSED] - Script1710234207206.Autorization(block, nameOfBlock): null

02-12-2024T02:49:26 - [TEST_STEP][PASSED] - i = <not implemented yet for class: org.codehaus.groovy.ast.expr.EmptyExpression>: null

02-12-2024T02:49:26 - [TEST_STEP][PASSED] - ii = <not implemented yet for class: org.codehaus.groovy.ast.expr.EmptyExpression>: null

02-12-2024T02:49:26 - [TEST_STEP][PASSED] - urlData = <not implemented yet for class: org.codehaus.groovy.ast.expr.EmptyExpression>: null

02-12-2024T02:49:26 - [TEST_STEP][PASSED] - searchWord = <not implemented yet for class: org.codehaus.groovy.ast.expr.EmptyExpression>: null

02-12-2024T02:49:26 - [TEST_STEP][PASSED] - urlText = <not implemented yet for class: org.codehaus.groovy.ast.expr.EmptyExpression>: null

02-12-2024T02:49:26 - [TEST_STEP][PASSED] - println("block:" + block): null

02-12-2024T02:49:26 - [TEST_STEP][PASSED] - if (block == 1): null

02-12-2024T02:49:26 - [TEST_STEP][PASSED] - else: null

02-12-2024T02:49:26 - [TEST_STEP][PASSED] - delay(45): Delayed 45 second(s)

02-12-2024T02:50:11 - [MESSAGE][PASSED] - Delayed 45 second(s)

02-12-2024T02:50:11 - [TEST_STEP][PASSED] - nameOfBlock = " Выручка": null

02-12-2024T02:50:11 - [TEST_STEP][PASSED] - println("nameOfBlock:" + nameOfBlock): null

02-12-2024T02:50:11 - [TEST_STEP][PASSED] - if (block == 1): null

02-12-2024T02:50:11 - [TEST_STEP][PASSED] - else: Delayed 45 second(s)

02-12-2024T02:50:11 - [TEST_STEP][PASSED] - urlData = 9: null

02-12-2024T02:50:11 - [TEST_STEP][PASSED] - delay(45): Delayed 45 second(s)

02-12-2024T02:50:56 - [MESSAGE][PASSED] - Delayed 45 second(s)

02-12-2024T02:50:56 - [TEST_STEP][PASSED] - navigateToUrl(findTestData("PlanFact").getValue(10, urlData)): Navigate to 'https://bi.rosseti.digital/viewer?dashboardGuid=a1fd28b3785d443cbc4d7690a1d78e31&sheetGuid=86092a20c5984827a0c87b24cac76a50&fit=true' successfully

02-12-2024T02:51:02 - [MESSAGE][PASSED] - Navigate to 'https://bi.rosseti.digital/viewer?dashboardGuid=a1fd28b3785d443cbc4d7690a1d78e31&sheetGuid=86092a20c5984827a0c87b24cac76a50&fit=true' successfully

02-12-2024T02:51:02 - [TEST_STEP][PASSED] - urlText = getText(findTestObject("Страница авторизации/Text")): Text of object 'Object Repository/Страница авторизации/Text' is: 'Вход'

02-12-2024T02:51:04 - [MESSAGE][PASSED] - Text of object 'Object Repository/Страница авторизации/Text' is: 'Вход'

02-12-2024T02:51:04 - [TEST_STEP][PASSED] - searchWord = "Вход": null

02-12-2024T02:51:04 - [TEST_STEP][PASSED] - if (urlText == null || urlText.contains("ошибка") || urlText.contains(searchWord) == false): null

02-12-2024T02:51:04 - [TEST_STEP][PASSED] - if (verifyElementPresent(findTestObject("Страница авторизации/button_"), 30) == true): null

02-12-2024T02:51:04 - [MESSAGE][PASSED] - Object 'Object Repository/Страница авторизации/button_' is present

02-12-2024T02:51:04 - [TEST_STEP][PASSED] - setText(findTestObject("Страница авторизации/input__username"), findTestData("PlanFact").getValue(8, 1)): Text 'liazgina-di' is set on object 'Object Repository/Страница авторизации/input__username'

02-12-2024T02:51:05 - [MESSAGE][PASSED] - Text 'liazgina-di' is set on object 'Object Repository/Страница авторизации/input__username'

02-12-2024T02:51:05 - [TEST_STEP][PASSED] - setText(findTestObject("Страница авторизации/input__password"), findTestData("PlanFact").getValue(9, 1)): Text ')$%5srZ8o688Dm#q' is set on object 'Object Repository/Страница авторизации/input__password'

02-12-2024T02:51:06 - [MESSAGE][PASSED] - Text ')$%5srZ8o688Dm#q' is set on object 'Object Repository/Страница авторизации/input__password'

02-12-2024T02:51:06 - [TEST_STEP][PASSED] - click(findTestObject("Страница авторизации/button_")): Object: 'Object Repository/Страница авторизации/button_' is clicked on

02-12-2024T02:51:10 - [MESSAGE][PASSED] - Object: 'Object Repository/Страница авторизации/button_' is clicked on

02-12-2024T02:51:10 - [TEST_STEP][PASSED] - delay(45): Delayed 45 second(s)

02-12-2024T02:51:55 - [MESSAGE][PASSED] - Delayed 45 second(s)

02-12-2024T02:51:55 - [TEST_STEP][PASSED] - urlText = getText(findTestObject("Страница авторизации/Text")): Text of object 'Object Repository/Страница авторизации/Text' is: 'Период
Январь, Февраль, Март, Апрель, Май, Июнь, Июль, Август, Сентябрь, Октябрь 2024 года
Выручка
Все
Выполнение плановых показателей по ПАО Россети за Январь, Февраль, Март, Апрель, Май, Июнь, Июль, Август, Сентябрь, Октябрь 2024 года
План
Факт
Динамика
2024 год
0 млн.руб.
100 000 млн.руб.
200 000 млн.руб.
300 000 млн.руб.
400 000 млн.руб.
500 000 млн.руб.
600 000 млн.руб.
700 000 млн.руб.
800 000 млн.руб.
900 000 млн.руб.
1 000 000 млн.руб.
1 100 000 млн.руб.
1 200 000 млн.руб.
1 300 000 млн.руб.
1 400 000 млн.руб.
1 180 677
1 181 459
↑
ДЗО 
Все
Подписи данных
⬤Отклонение
АО «Тываэнерго»
АО «Чеченэнерго»
Россети Волга
Россети Кубань
Россети Ленэнерго (ГК)
Россети Московский регион
Россети Северный Кавказ (ГК)
Россети Северо-Запад
Россети Сибирь (ГК)
Россети Томск
Россети Тюмень
Россети Урал (ГК)
Россети ФСК ЕЭС
Россети Центр
Россети Центр и Приволжье (ГК)
Россети Юг (ГК)
Россети Янтарь
-27 500 млн.руб.
-25 000 млн.руб.
-22 500 млн.руб.
-20 000 млн.руб.
-17 500 млн.руб.
-15 000 млн.руб.
-12 500 млн.руб.
-10 000 млн.руб.
-7 500 млн.руб.
-5 000 млн.руб.
-2 500 млн.руб.
0 млн.руб.
2 500 млн.руб.
5 000 млн.руб.
7 500 млн.руб.
10 000 млн.руб.
300
101
156
3 953
4 462
7 500
888
878
1 274
238
-5 106
1 955
-24 344
2 435
4 419
1 357
318
млн.
%
Выручка
Отклонение выручки по ПАО Россети за Январь, Февраль, Март, Апрель, Май, Июнь, Июль, Август, Сентябрь, Октябрь 2024 года (факт/план, млн. руб)
ПАО Россети
782.4 млн.руб.
Статус данных
×
Просьба обратить внимание
Данные занесены не полностью
ВЫБРАННЫЕ ЗНАЧЕНИЯ ФИЛЬТРОВ
ДЗО | ПЕРИОД
ПАО Россети: [«Выбраны все филиалы по всем ДЗО по всем категориям»]
2024: [Янв, Фев, Мар, Апр, Май, Июн, Июл, Авг, Сен, Окт]
*Внутренний оборот'

02-12-2024T02:51:56 - [MESSAGE][PASSED] - Text of object 'Object Repository/Страница авторизации/Text' is: 'Период
Январь, Февраль, Март, Апрель, Май, Июнь, Июль, Август, Сентябрь, Октябрь 2024 года
Выручка
Все
Выполнение плановых показателей по ПАО Россети за Январь, Февраль, Март, Апрель, Май, Июнь, Июль, Август, Сентябрь, Октябрь 2024 года
План
Факт
Динамика
2024 год
0 млн.руб.
100 000 млн.руб.
200 000 млн.руб.
300 000 млн.руб.
400 000 млн.руб.
500 000 млн.руб.
600 000 млн.руб.
700 000 млн.руб.
800 000 млн.руб.
900 000 млн.руб.
1 000 000 млн.руб.
1 100 000 млн.руб.
1 200 000 млн.руб.
1 300 000 млн.руб.
1 400 000 млн.руб.
1 180 677
1 181 459
↑
ДЗО 
Все
Подписи данных
⬤Отклонение
АО «Тываэнерго»
АО «Чеченэнерго»
Россети Волга
Россети Кубань
Россети Ленэнерго (ГК)
Россети Московский регион
Россети Северный Кавказ (ГК)
Россети Северо-Запад
Россети Сибирь (ГК)
Россети Томск
Россети Тюмень
Россети Урал (ГК)
Россети ФСК ЕЭС
Россети Центр
Россети Центр и Приволжье (ГК)
Россети Юг (ГК)
Россети Янтарь
-27 500 млн.руб.
-25 000 млн.руб.
-22 500 млн.руб.
-20 000 млн.руб.
-17 500 млн.руб.
-15 000 млн.руб.
-12 500 млн.руб.
-10 000 млн.руб.
-7 500 млн.руб.
-5 000 млн.руб.
-2 500 млн.руб.
0 млн.руб.
2 500 млн.руб.
5 000 млн.руб.
7 500 млн.руб.
10 000 млн.руб.
300
101
156
3 953
4 462
7 500
888
878
1 274
238
-5 106
1 955
-24 344
2 435
4 419
1 357
318
млн.
%
Выручка
Отклонение выручки по ПАО Россети за Январь, Февраль, Март, Апрель, Май, Июнь, Июль, Август, Сентябрь, Октябрь 2024 года (факт/план, млн. руб)
ПАО Россети
782.4 млн.руб.
Статус данных
×
Просьба обратить внимание
Данные занесены не полностью
ВЫБРАННЫЕ ЗНАЧЕНИЯ ФИЛЬТРОВ
ДЗО | ПЕРИОД
ПАО Россети: [«Выбраны все филиалы по всем ДЗО по всем категориям»]
2024: [Янв, Фев, Мар, Апр, Май, Июн, Июл, Авг, Сен, Окт]
*Внутренний оборот'

02-12-2024T02:51:56 - [TEST_STEP][PASSED] - searchWord = "а": null

02-12-2024T02:51:56 - [TEST_STEP][PASSED] - if (urlText.contains("ошибка") || urlText.contains(searchWord) == false): null

02-12-2024T02:51:56 - [TEST_STEP][PASSED] - delay(45): Delayed 45 second(s)

02-12-2024T02:52:41 - [MESSAGE][PASSED] - Delayed 45 second(s)

02-12-2024T02:52:41 - [TEST_STEP][PASSED] - if (block == 2): Delayed 50 second(s)

02-12-2024T02:52:41 - [TEST_STEP][PASSED] - opoveshenie = getText(findTestObject("Выручка в рублях/Просьба обратить внимание")): Text of object 'Object Repository/Выручка в рублях/Просьба обратить внимание' is: 'Просьба обратить внимание'

02-12-2024T02:52:41 - [MESSAGE][PASSED] - Text of object 'Object Repository/Выручка в рублях/Просьба обратить внимание' is: 'Просьба обратить внимание'

02-12-2024T02:52:41 - [TEST_STEP][PASSED] - if (opoveshenie == "Просьба обратить внимание"): Delayed 50 second(s)

02-12-2024T02:52:41 - [TEST_STEP][PASSED] - click(findTestObject("Выручка в рублях/Закрыть оповещение")): Object: 'Object Repository/Выручка в рублях/Закрыть оповещение' is clicked on

02-12-2024T02:52:41 - [MESSAGE][PASSED] - Object: 'Object Repository/Выручка в рублях/Закрыть оповещение' is clicked on

02-12-2024T02:52:41 - [TEST_STEP][PASSED] - delay(50): Delayed 50 second(s)

02-12-2024T02:53:31 - [MESSAGE][PASSED] - Delayed 50 second(s)

02-12-2024T02:53:31 - [TEST_STEP][PASSED] - click(findTestObject("Выручка в рублях/Фильтр Период" + nameOfBlock)): Object: 'Object Repository/Выручка в рублях/Фильтр Период Выручка' is clicked on

02-12-2024T02:53:32 - [MESSAGE][PASSED] - Object: 'Object Repository/Выручка в рублях/Фильтр Период Выручка' is clicked on

02-12-2024T02:53:32 - [TEST_STEP][PASSED] - click(findTestObject("Выручка в рублях/Снять выделение в фильтре Дата" + nameOfBlock)): Object: 'Object Repository/Выручка в рублях/Снять выделение в фильтре Дата Выручка' is clicked on

02-12-2024T02:53:32 - [MESSAGE][PASSED] - Object: 'Object Repository/Выручка в рублях/Снять выделение в фильтре Дата Выручка' is clicked on

02-12-2024T02:53:32 - [TEST_STEP][PASSED] - click(findTestObject("Выручка в рублях/Применить в фильтре Дата" + nameOfBlock)): Object: 'Object Repository/Выручка в рублях/Применить в фильтре Дата Выручка' is clicked on

02-12-2024T02:53:33 - [MESSAGE][PASSED] - Object: 'Object Repository/Выручка в рублях/Применить в фильтре Дата Выручка' is clicked on

02-12-2024T02:53:33 - [TEST_STEP][PASSED] - delay(50): Delayed 50 second(s)

02-12-2024T02:54:23 - [MESSAGE][PASSED] - Delayed 50 second(s)

02-12-2024T02:54:23 - [TEST_STEP][PASSED] - click(findTestObject("Выручка в рублях/Фильтр Период" + nameOfBlock)): Object: 'Object Repository/Выручка в рублях/Фильтр Период Выручка' is clicked on

02-12-2024T02:54:23 - [MESSAGE][PASSED] - Object: 'Object Repository/Выручка в рублях/Фильтр Период Выручка' is clicked on

02-12-2024T02:54:23 - [TEST_STEP][PASSED] - click(findTestObject("Выручка в рублях/Снять выделение в фильтре Дата" + nameOfBlock)): Object: 'Object Repository/Выручка в рублях/Снять выделение в фильтре Дата Выручка' is clicked on

02-12-2024T02:54:24 - [MESSAGE][PASSED] - Object: 'Object Repository/Выручка в рублях/Снять выделение в фильтре Дата Выручка' is clicked on

02-12-2024T02:54:24 - [TEST_STEP][PASSED] - scrollToElement(findTestObject("Выручка в рублях/2024 список" + nameOfBlock), 30): Scroll to object 'Object Repository/Выручка в рублях/2024 список Выручка' successfully

02-12-2024T02:54:24 - [MESSAGE][PASSED] - Scroll to object 'Object Repository/Выручка в рублях/2024 список Выручка' successfully

02-12-2024T02:54:24 - [TEST_STEP][PASSED] - click(findTestObject("Выручка в рублях/2024 список" + nameOfBlock)): Object: 'Object Repository/Выручка в рублях/2024 список Выручка' is clicked on

02-12-2024T02:54:24 - [MESSAGE][PASSED] - Object: 'Object Repository/Выручка в рублях/2024 список Выручка' is clicked on

02-12-2024T02:54:24 - [TEST_STEP][PASSED] - scrollToElement(findTestObject("Выручка в рублях/1 квартал 2024 выбрать" + nameOfBlock), 30): Scroll to object 'Object Repository/Выручка в рублях/1 квартал 2024 выбрать Выручка' successfully

02-12-2024T02:54:25 - [MESSAGE][PASSED] - Scroll to object 'Object Repository/Выручка в рублях/1 квартал 2024 выбрать Выручка' successfully

02-12-2024T02:54:25 - [TEST_STEP][PASSED] - click(findTestObject("Выручка в рублях/1 квартал 2024 выбрать" + nameOfBlock)): Object: 'Object Repository/Выручка в рублях/1 квартал 2024 выбрать Выручка' is clicked on

02-12-2024T02:54:25 - [MESSAGE][PASSED] - Object: 'Object Repository/Выручка в рублях/1 квартал 2024 выбрать Выручка' is clicked on

02-12-2024T02:54:25 - [TEST_STEP][PASSED] - scrollToElement(findTestObject("Выручка в рублях/2 квартал 2024 выбрать" + nameOfBlock), 30): Scroll to object 'Object Repository/Выручка в рублях/2 квартал 2024 выбрать Выручка' successfully

02-12-2024T02:54:26 - [MESSAGE][PASSED] - Scroll to object 'Object Repository/Выручка в рублях/2 квартал 2024 выбрать Выручка' successfully

02-12-2024T02:54:26 - [TEST_STEP][PASSED] - click(findTestObject("Выручка в рублях/2 квартал 2024 выбрать" + nameOfBlock)): Object: 'Object Repository/Выручка в рублях/2 квартал 2024 выбрать Выручка' is clicked on

02-12-2024T02:54:26 - [MESSAGE][PASSED] - Object: 'Object Repository/Выручка в рублях/2 квартал 2024 выбрать Выручка' is clicked on

02-12-2024T02:54:26 - [TEST_STEP][PASSED] - scrollToElement(findTestObject("Выручка в рублях/3 квартал 2024 список" + nameOfBlock), 30): Scroll to object 'Object Repository/Выручка в рублях/3 квартал 2024 список Выручка' successfully

02-12-2024T02:54:26 - [MESSAGE][PASSED] - Scroll to object 'Object Repository/Выручка в рублях/3 квартал 2024 список Выручка' successfully

02-12-2024T02:54:26 - [TEST_STEP][PASSED] - click(findTestObject("Выручка в рублях/3 квартал 2024" + nameOfBlock)): Object: 'Object Repository/Выручка в рублях/3 квартал 2024 Выручка' is clicked on

02-12-2024T02:54:27 - [MESSAGE][PASSED] - Object: 'Object Repository/Выручка в рублях/3 квартал 2024 Выручка' is clicked on

02-12-2024T02:54:27 - [TEST_STEP][PASSED] - scrollToElement(findTestObject("Выручка в рублях/4 квартал 2024 список" + nameOfBlock), 30): Scroll to object 'Object Repository/Выручка в рублях/4 квартал 2024 список Выручка' successfully

02-12-2024T02:54:27 - [MESSAGE][PASSED] - Scroll to object 'Object Repository/Выручка в рублях/4 квартал 2024 список Выручка' successfully

02-12-2024T02:54:27 - [TEST_STEP][PASSED] - click(findTestObject("Выручка в рублях/4 квартал 2024 список" + nameOfBlock)): Object: 'Object Repository/Выручка в рублях/4 квартал 2024 список Выручка' is clicked on

02-12-2024T02:54:28 - [MESSAGE][PASSED] - Object: 'Object Repository/Выручка в рублях/4 квартал 2024 список Выручка' is clicked on

02-12-2024T02:54:28 - [TEST_STEP][PASSED] - scrollToElement(findTestObject("Выручка в рублях/Октябрь 2024" + nameOfBlock), 30): Scroll to object 'Object Repository/Выручка в рублях/Октябрь 2024 Выручка' successfully

02-12-2024T02:54:28 - [MESSAGE][PASSED] - Scroll to object 'Object Repository/Выручка в рублях/Октябрь 2024 Выручка' successfully

02-12-2024T02:54:28 - [TEST_STEP][PASSED] - click(findTestObject("Выручка в рублях/Октябрь 2024" + nameOfBlock)): Object: 'Object Repository/Выручка в рублях/Октябрь 2024 Выручка' is clicked on

02-12-2024T02:54:28 - [MESSAGE][PASSED] - Object: 'Object Repository/Выручка в рублях/Октябрь 2024 Выручка' is clicked on

02-12-2024T02:54:28 - [TEST_STEP][PASSED] - scrollToElement(findTestObject("Выручка в рублях/Заголовок дашборда" + nameOfBlock), 30): Scroll to object 'Object Repository/Выручка в рублях/Заголовок дашборда Выручка' successfully

02-12-2024T02:54:29 - [MESSAGE][PASSED] - Scroll to object 'Object Repository/Выручка в рублях/Заголовок дашборда Выручка' successfully

02-12-2024T02:54:29 - [TEST_STEP][PASSED] - click(findTestObject("Выручка в рублях/Применить в фильтре Дата" + nameOfBlock)): Object: 'Object Repository/Выручка в рублях/Применить в фильтре Дата Выручка' is clicked on

02-12-2024T02:54:29 - [MESSAGE][PASSED] - Object: 'Object Repository/Выручка в рублях/Применить в фильтре Дата Выручка' is clicked on

02-12-2024T02:54:29 - [TEST_STEP][PASSED] - delay(55): Delayed 55 second(s)

02-12-2024T02:55:24 - [MESSAGE][PASSED] - Delayed 55 second(s)

02-12-2024T02:55:24 - [TEST_STEP][PASSED] - click(findTestObject("Выручка в рублях/Фильтр ДЗО" + nameOfBlock)): Object: 'Object Repository/Выручка в рублях/Фильтр ДЗО Выручка' is clicked on

02-12-2024T02:55:25 - [MESSAGE][PASSED] - Object: 'Object Repository/Выручка в рублях/Фильтр ДЗО Выручка' is clicked on

02-12-2024T02:55:25 - [TEST_STEP][PASSED] - click(findTestObject("Выручка в рублях/Снять выделение в фильтре ДЗО" + nameOfBlock)): Object: 'Object Repository/Выручка в рублях/Снять выделение в фильтре ДЗО Выручка' is clicked on

02-12-2024T02:55:25 - [MESSAGE][PASSED] - Object: 'Object Repository/Выручка в рублях/Снять выделение в фильтре ДЗО Выручка' is clicked on

02-12-2024T02:55:25 - [TEST_STEP][PASSED] - click(findTestObject("Выручка в рублях/Применить в фильтре ДЗО" + nameOfBlock)): Object: 'Object Repository/Выручка в рублях/Применить в фильтре ДЗО Выручка' is clicked on

02-12-2024T02:55:26 - [MESSAGE][PASSED] - Object: 'Object Repository/Выручка в рублях/Применить в фильтре ДЗО Выручка' is clicked on

02-12-2024T02:55:26 - [TEST_STEP][PASSED] - delay(50): Delayed 50 second(s)

02-12-2024T02:56:16 - [MESSAGE][PASSED] - Delayed 50 second(s)

02-12-2024T02:56:16 - [TEST_STEP][PASSED] - Script1710234207206.Tumbler(run, vir, block, nameOfBlock): null

02-12-2024T02:56:16 - [TEST_STEP][PASSED] - println("run:" + run): null

02-12-2024T02:56:16 - [TEST_STEP][PASSED] - println("vir:" + vir): null

02-12-2024T02:56:16 - [TEST_STEP][PASSED] - println("block:" + block): null

02-12-2024T02:56:16 - [TEST_STEP][PASSED] - println("nameOfBlock:" + nameOfBlock): null

02-12-2024T02:56:16 - [TEST_STEP][PASSED] - if (vir == 1): null

02-12-2024T02:56:16 - [TEST_STEP][PASSED] - if (run == 2): null

02-12-2024T02:56:16 - [TEST_STEP][PASSED] - click(findTestObject("Выручка в рублях/Фильтр ДЗО" + nameOfBlock)): Object: 'Object Repository/Выручка в рублях/Фильтр ДЗО Выручка' is clicked on

02-12-2024T02:56:16 - [MESSAGE][PASSED] - Object: 'Object Repository/Выручка в рублях/Фильтр ДЗО Выручка' is clicked on

02-12-2024T02:56:16 - [TEST_STEP][PASSED] - Script1710234207206.Rosseti(nameOfBlock): null

02-12-2024T02:56:16 - [TEST_STEP][PASSED] - println("nameOfBlock:" + nameOfBlock): null

02-12-2024T02:56:16 - [TEST_STEP][PASSED] - click(findTestObject("Выручка в рублях/ПАО Россети" + nameOfBlock)): Object: 'Object Repository/Выручка в рублях/ПАО Россети Выручка' is clicked on

02-12-2024T02:56:17 - [MESSAGE][PASSED] - Object: 'Object Repository/Выручка в рублях/ПАО Россети Выручка' is clicked on

02-12-2024T02:56:17 - [TEST_STEP][PASSED] - click(findTestObject("Выручка в рублях/Применить в фильтре ДЗО" + nameOfBlock)): Object: 'Object Repository/Выручка в рублях/Применить в фильтре ДЗО Выручка' is clicked on

02-12-2024T02:56:17 - [MESSAGE][PASSED] - Object: 'Object Repository/Выручка в рублях/Применить в фильтре ДЗО Выручка' is clicked on

02-12-2024T02:56:17 - [TEST_STEP][PASSED] - if (vir == 1 || vir == 2): Text of object 'Object Repository/Выручка в рублях/График План Выручка' is: '1 180 677'

02-12-2024T02:56:17 - [TEST_STEP][PASSED] - b1 = getText(findTestObject("Выручка в рублях/График План Выручка")): Text of object 'Object Repository/Выручка в рублях/График План Выручка' is: '1 180 677'

02-12-2024T02:56:22 - [MESSAGE][PASSED] - Text of object 'Object Repository/Выручка в рублях/График План Выручка' is: '1 180 677'

02-12-2024T02:56:22 - [TEST_STEP][PASSED] - if (vir == 1 || vir == 2): Text of object 'Object Repository/Выручка в рублях/График Факт Выручка' is: '1 181 459'

02-12-2024T02:56:22 - [TEST_STEP][PASSED] - b2 = getText(findTestObject("Выручка в рублях/График Факт Выручка")): Text of object 'Object Repository/Выручка в рублях/График Факт Выручка' is: '1 181 459'

02-12-2024T02:56:23 - [MESSAGE][PASSED] - Text of object 'Object Repository/Выручка в рублях/График Факт Выручка' is: '1 181 459'

02-12-2024T02:56:23 - [TEST_STEP][PASSED] - b30 = getText(findTestObject("Выручка в рублях/span1" + perc)): Text of object 'Object Repository/Выручка в рублях/span1' is: '782.4 млн.руб.'

02-12-2024T02:56:23 - [MESSAGE][PASSED] - Text of object 'Object Repository/Выручка в рублях/span1' is: '782.4 млн.руб.'

02-12-2024T02:56:23 - [TEST_STEP][PASSED] - i = b30.indexOf("млн.руб."): null

02-12-2024T02:56:23 - [TEST_STEP][PASSED] - if (i > -1): null

02-12-2024T02:56:23 - [TEST_STEP][PASSED] - b30 = b30.substring(0, i): null

02-12-2024T02:56:23 - [TEST_STEP][PASSED] - b30 = b30.replaceAll(" ", ""): null

02-12-2024T02:56:23 - [TEST_STEP][PASSED] - if (b30.contains("%")): null

02-12-2024T02:56:23 - [TEST_STEP][PASSED] - b30 = ").trim(): null

02-12-2024T02:56:23 - [TEST_STEP][PASSED] - println("b30: " + b30): null

02-12-2024T02:56:23 - [TEST_STEP][PASSED] - if (vir == 1 || vir == 2): Text of object 'Object Repository/Выручка в рублях/span2' is: '300'

02-12-2024T02:56:23 - [TEST_STEP][PASSED] - b31 = ").trim(): Text of object 'Object Repository/Выручка в рублях/span2' is: '300'

02-12-2024T02:56:23 - [MESSAGE][PASSED] - Text of object 'Object Repository/Выручка в рублях/span2' is: '300'

02-12-2024T02:56:23 - [TEST_STEP][PASSED] - if (vir == 1 || vir == 2): Text of object 'Object Repository/Выручка в рублях/span3' is: '101'

02-12-2024T02:56:23 - [TEST_STEP][PASSED] - b32 = ").trim(): Text of object 'Object Repository/Выручка в рублях/span3' is: '101'

02-12-2024T02:56:24 - [MESSAGE][PASSED] - Text of object 'Object Repository/Выручка в рублях/span3' is: '101'

02-12-2024T02:56:24 - [TEST_STEP][PASSED] - if (vir == 1 || vir == 2): Text of object 'Object Repository/Выручка в рублях/span8' is: '888'

02-12-2024T02:56:24 - [TEST_STEP][PASSED] - b33 = ").trim(): Text of object 'Object Repository/Выручка в рублях/span4' is: '156'

02-12-2024T02:56:24 - [MESSAGE][PASSED] - Text of object 'Object Repository/Выручка в рублях/span4' is: '156'

02-12-2024T02:56:24 - [TEST_STEP][PASSED] - b34 = ").trim(): Text of object 'Object Repository/Выручка в рублях/span5' is: '3 953'

02-12-2024T02:56:24 - [MESSAGE][PASSED] - Text of object 'Object Repository/Выручка в рублях/span5' is: '3 953'

02-12-2024T02:56:24 - [TEST_STEP][PASSED] - b35 = ").trim(): Text of object 'Object Repository/Выручка в рублях/span6' is: '4 462'

02-12-2024T02:56:25 - [MESSAGE][PASSED] - Text of object 'Object Repository/Выручка в рублях/span6' is: '4 462'

02-12-2024T02:56:25 - [TEST_STEP][PASSED] - b36 = ").trim(): Text of object 'Object Repository/Выручка в рублях/span7' is: '7 500'

02-12-2024T02:56:25 - [MESSAGE][PASSED] - Text of object 'Object Repository/Выручка в рублях/span7' is: '7 500'

02-12-2024T02:56:25 - [TEST_STEP][PASSED] - b37 = ").trim(): Text of object 'Object Repository/Выручка в рублях/span8' is: '888'

02-12-2024T02:56:25 - [MESSAGE][PASSED] - Text of object 'Object Repository/Выручка в рублях/span8' is: '888'

02-12-2024T02:56:25 - [TEST_STEP][PASSED] - if (vir == 1 || vir == 2): Text of object 'Object Repository/Выручка в рублях/span17' is: '1 357'

02-12-2024T02:56:25 - [TEST_STEP][PASSED] - b38 = ").trim(): Text of object 'Object Repository/Выручка в рублях/span9' is: '878'

02-12-2024T02:56:25 - [MESSAGE][PASSED] - Text of object 'Object Repository/Выручка в рублях/span9' is: '878'

02-12-2024T02:56:25 - [TEST_STEP][PASSED] - b39 = ").trim(): Text of object 'Object Repository/Выручка в рублях/span10' is: '1 274'

02-12-2024T02:56:26 - [MESSAGE][PASSED] - Text of object 'Object Repository/Выручка в рублях/span10' is: '1 274'

02-12-2024T02:56:26 - [TEST_STEP][PASSED] - b310 = ").trim(): Text of object 'Object Repository/Выручка в рублях/span11' is: '238'

02-12-2024T02:56:26 - [MESSAGE][PASSED] - Text of object 'Object Repository/Выручка в рублях/span11' is: '238'

02-12-2024T02:56:26 - [TEST_STEP][PASSED] - b311 = ").trim(): Text of object 'Object Repository/Выручка в рублях/span12' is: '-5 106'

02-12-2024T02:56:26 - [MESSAGE][PASSED] - Text of object 'Object Repository/Выручка в рублях/span12' is: '-5 106'

02-12-2024T02:56:26 - [TEST_STEP][PASSED] - b312 = ").trim(): Text of object 'Object Repository/Выручка в рублях/span13' is: '1 955'

02-12-2024T02:56:27 - [MESSAGE][PASSED] - Text of object 'Object Repository/Выручка в рублях/span13' is: '1 955'

02-12-2024T02:56:27 - [TEST_STEP][PASSED] - b313 = ").trim(): Text of object 'Object Repository/Выручка в рублях/span14' is: '-24 344'

02-12-2024T02:56:27 - [MESSAGE][PASSED] - Text of object 'Object Repository/Выручка в рублях/span14' is: '-24 344'

02-12-2024T02:56:27 - [TEST_STEP][PASSED] - b314 = ").trim(): Text of object 'Object Repository/Выручка в рублях/span15' is: '2 435'

02-12-2024T02:56:27 - [MESSAGE][PASSED] - Text of object 'Object Repository/Выручка в рублях/span15' is: '2 435'

02-12-2024T02:56:27 - [TEST_STEP][PASSED] - b315 = ").trim(): Text of object 'Object Repository/Выручка в рублях/span16' is: '4 419'

02-12-2024T02:56:28 - [MESSAGE][PASSED] - Text of object 'Object Repository/Выручка в рублях/span16' is: '4 419'

02-12-2024T02:56:28 - [TEST_STEP][PASSED] - b316 = ").trim(): Text of object 'Object Repository/Выручка в рублях/span17' is: '1 357'

02-12-2024T02:56:28 - [MESSAGE][PASSED] - Text of object 'Object Repository/Выручка в рублях/span17' is: '1 357'

02-12-2024T02:56:28 - [TEST_STEP][PASSED] - if (vir == 1 || vir == 2): Text of object 'Object Repository/Выручка в рублях/span18' is: '318'

02-12-2024T02:56:28 - [TEST_STEP][PASSED] - b317 = ").trim(): Text of object 'Object Repository/Выручка в рублях/span18' is: '318'

02-12-2024T02:56:28 - [MESSAGE][PASSED] - Text of object 'Object Repository/Выручка в рублях/span18' is: '318'

02-12-2024T02:56:28 - [TEST_STEP][PASSED] - dZO = "ПАО Россети": null

02-12-2024T02:56:28 - [TEST_STEP][PASSED] - if (verifyEqual(a1, b1) == false): Actual object '1 180 677' and expected object '1 180 677' are equal

02-12-2024T02:56:28 - [MESSAGE][PASSED] - Actual object '1 180 677' and expected object '1 180 677' are equal

02-12-2024T02:56:28 - [TEST_STEP][PASSED] - if (verifyEqual(a2, b2) == false): Actual object '1 181 459' and expected object '1 181 459' are equal

02-12-2024T02:56:28 - [MESSAGE][PASSED] - Actual object '1 181 459' and expected object '1 181 459' are equal

02-12-2024T02:56:28 - [TEST_STEP][PASSED] - vidget = "Отклонения": null

02-12-2024T02:56:28 - [TEST_STEP][PASSED] - if (verifyEqual(a30, b30) == false): Actual object '782.4' and expected object '782.4' are equal

02-12-2024T02:56:28 - [MESSAGE][PASSED] - Actual object '782.4' and expected object '782.4' are equal

02-12-2024T02:56:28 - [TEST_STEP][PASSED] - dZO = "АО «Тываэнерго»": null

02-12-2024T02:56:28 - [TEST_STEP][PASSED] - if (verifyEqual(a31, b31) == false): Actual object '300' and expected object '300' are equal

02-12-2024T02:56:28 - [MESSAGE][PASSED] - Actual object '300' and expected object '300' are equal

02-12-2024T02:56:28 - [TEST_STEP][PASSED] - dZO = "АО «Чеченэнерго»": null

02-12-2024T02:56:28 - [TEST_STEP][PASSED] - if (verifyEqual(a32, b32) == false): Actual object '101' and expected object '101' are equal

02-12-2024T02:56:28 - [MESSAGE][PASSED] - Actual object '101' and expected object '101' are equal

02-12-2024T02:56:28 - [TEST_STEP][PASSED] - dZO = "Россети Волга": null

02-12-2024T02:56:28 - [TEST_STEP][PASSED] - if (verifyEqual(a33, b33) == false): Actual object '156' and expected object '156' are equal

02-12-2024T02:56:28 - [MESSAGE][PASSED] - Actual object '156' and expected object '156' are equal

02-12-2024T02:56:28 - [TEST_STEP][PASSED] - dZO = "Россети Кубань": null

02-12-2024T02:56:28 - [TEST_STEP][PASSED] - if (verifyEqual(a34, b34) == false): Actual object '3 953' and expected object '3 953' are equal

02-12-2024T02:56:28 - [MESSAGE][PASSED] - Actual object '3 953' and expected object '3 953' are equal

02-12-2024T02:56:28 - [TEST_STEP][PASSED] - dZO = "Россети Ленэнерго (ГК)": null

02-12-2024T02:56:28 - [TEST_STEP][PASSED] - if (verifyEqual(a35, b35) == false): Actual object '4 462' and expected object '4 462' are equal

02-12-2024T02:56:28 - [MESSAGE][PASSED] - Actual object '4 462' and expected object '4 462' are equal

02-12-2024T02:56:28 - [TEST_STEP][PASSED] - dZO = "Россети Московский регион": null

02-12-2024T02:56:28 - [TEST_STEP][PASSED] - if (verifyEqual(a36, b36) == false): Actual object '7 500' and expected object '7 500' are equal

02-12-2024T02:56:28 - [MESSAGE][PASSED] - Actual object '7 500' and expected object '7 500' are equal

02-12-2024T02:56:28 - [TEST_STEP][PASSED] - dZO = "Россети Северный Кавказ (ГК)": null

02-12-2024T02:56:28 - [TEST_STEP][PASSED] - if (verifyEqual(a37, b37) == false): Actual object '888' and expected object '888' are equal

02-12-2024T02:56:28 - [MESSAGE][PASSED] - Actual object '888' and expected object '888' are equal

02-12-2024T02:56:28 - [TEST_STEP][PASSED] - dZO = "Россети Северо-Запад": null

02-12-2024T02:56:28 - [TEST_STEP][PASSED] - if (verifyEqual(a38, b38) == false): Actual object '878' and expected object '878' are equal

02-12-2024T02:56:28 - [MESSAGE][PASSED] - Actual object '878' and expected object '878' are equal

02-12-2024T02:56:28 - [TEST_STEP][PASSED] - dZO = "Россети Сибирь (ГК)": null

02-12-2024T02:56:28 - [TEST_STEP][PASSED] - if (verifyEqual(a39, b39) == false): Actual object '1 274' and expected object '1 274' are equal

02-12-2024T02:56:28 - [MESSAGE][PASSED] - Actual object '1 274' and expected object '1 274' are equal

02-12-2024T02:56:28 - [TEST_STEP][PASSED] - dZO = "Россети Томск": null

02-12-2024T02:56:28 - [TEST_STEP][PASSED] - if (verifyEqual(a310, b310) == false): Actual object '238' and expected object '238' are equal

02-12-2024T02:56:28 - [MESSAGE][PASSED] - Actual object '238' and expected object '238' are equal

02-12-2024T02:56:28 - [TEST_STEP][PASSED] - dZO = "Россети Тюмень": null

02-12-2024T02:56:28 - [TEST_STEP][PASSED] - if (verifyEqual(a311, b311) == false): Actual object '-5 106' and expected object '-5 106' are equal

02-12-2024T02:56:28 - [MESSAGE][PASSED] - Actual object '-5 106' and expected object '-5 106' are equal

02-12-2024T02:56:28 - [TEST_STEP][PASSED] - dZO = "Россети Урал (ГК)": null

02-12-2024T02:56:28 - [TEST_STEP][PASSED] - if (verifyEqual(a312, b312) == false): Actual object '1 955' and expected object '1 955' are equal

02-12-2024T02:56:28 - [MESSAGE][PASSED] - Actual object '1 955' and expected object '1 955' are equal

02-12-2024T02:56:28 - [TEST_STEP][PASSED] - dZO = "Россети ФСК ЕЭС": null

02-12-2024T02:56:28 - [TEST_STEP][PASSED] - if (verifyEqual(a313, b313) == false): Actual object '-24 344' and expected object '-24 344' are equal

02-12-2024T02:56:28 - [MESSAGE][PASSED] - Actual object '-24 344' and expected object '-24 344' are equal

02-12-2024T02:56:28 - [TEST_STEP][PASSED] - dZO = "Россети Центр": null

02-12-2024T02:56:28 - [TEST_STEP][PASSED] - if (verifyEqual(a314, b314) == false): Actual object '2 435' and expected object '2 435' are equal

02-12-2024T02:56:28 - [MESSAGE][PASSED] - Actual object '2 435' and expected object '2 435' are equal

02-12-2024T02:56:28 - [TEST_STEP][PASSED] - dZO = "Россети Центр и Приволжье (ГК)": null

02-12-2024T02:56:28 - [TEST_STEP][PASSED] - if (verifyEqual(a315, b315) == false): Actual object '4 419' and expected object '4 419' are equal

02-12-2024T02:56:28 - [MESSAGE][PASSED] - Actual object '4 419' and expected object '4 419' are equal

02-12-2024T02:56:28 - [TEST_STEP][PASSED] - dZO = "Россети Юг (ГК)": null

02-12-2024T02:56:28 - [TEST_STEP][PASSED] - if (verifyEqual(a316, b316) == false): Actual object '1 357' and expected object '1 357' are equal

02-12-2024T02:56:28 - [MESSAGE][PASSED] - Actual object '1 357' and expected object '1 357' are equal

02-12-2024T02:56:28 - [TEST_STEP][PASSED] - dZO = "Россети Янтарь": null

02-12-2024T02:56:28 - [TEST_STEP][PASSED] - if (verifyEqual(a317, b317) == false): Actual object '318' and expected object '318' are equal

02-12-2024T02:56:28 - [MESSAGE][PASSED] - Actual object '318' and expected object '318' are equal

02-12-2024T02:56:28 - [TEST_STEP][PASSED] - closeBrowser(): null

02-12-2024T02:56:28 - [MESSAGE][PASSED] - Browser is closed

02-12-2024T02:56:28 - [TEST_STEP][PASSED] - Script1710234207206.Blocks(run, vir, block, nameOfBlock, typeOfData, viruchka, vidget, todaysDate, a, b, dZO, x, y): null

02-12-2024T02:56:28 - [TEST_STEP][PASSED] - i = <not implemented yet for class: org.codehaus.groovy.ast.expr.EmptyExpression>: null

02-12-2024T02:56:28 - [TEST_STEP][PASSED] - perc = "": null

02-12-2024T02:56:28 - [TEST_STEP][PASSED] - a1 = <not implemented yet for class: org.codehaus.groovy.ast.expr.EmptyExpression>: null

02-12-2024T02:56:28 - [TEST_STEP][PASSED] - a2 = <not implemented yet for class: org.codehaus.groovy.ast.expr.EmptyExpression>: null

02-12-2024T02:56:28 - [TEST_STEP][PASSED] - a30 = <not implemented yet for class: org.codehaus.groovy.ast.expr.EmptyExpression>: null

02-12-2024T02:56:28 - [TEST_STEP][PASSED] - a31 = <not implemented yet for class: org.codehaus.groovy.ast.expr.EmptyExpression>: null

02-12-2024T02:56:28 - [TEST_STEP][PASSED] - a32 = <not implemented yet for class: org.codehaus.groovy.ast.expr.EmptyExpression>: null

02-12-2024T02:56:28 - [TEST_STEP][PASSED] - a33 = <not implemented yet for class: org.codehaus.groovy.ast.expr.EmptyExpression>: null

02-12-2024T02:56:28 - [TEST_STEP][PASSED] - a34 = <not implemented yet for class: org.codehaus.groovy.ast.expr.EmptyExpression>: null

02-12-2024T02:56:28 - [TEST_STEP][PASSED] - a35 = <not implemented yet for class: org.codehaus.groovy.ast.expr.EmptyExpression>: null

02-12-2024T02:56:28 - [TEST_STEP][PASSED] - a36 = <not implemented yet for class: org.codehaus.groovy.ast.expr.EmptyExpression>: null

02-12-2024T02:56:28 - [TEST_STEP][PASSED] - a37 = <not implemented yet for class: org.codehaus.groovy.ast.expr.EmptyExpression>: null

02-12-2024T02:56:28 - [TEST_STEP][PASSED] - a38 = <not implemented yet for class: org.codehaus.groovy.ast.expr.EmptyExpression>: null

02-12-2024T02:56:28 - [TEST_STEP][PASSED] - a39 = <not implemented yet for class: org.codehaus.groovy.ast.expr.EmptyExpression>: null

02-12-2024T02:56:28 - [TEST_STEP][PASSED] - a310 = <not implemented yet for class: org.codehaus.groovy.ast.expr.EmptyExpression>: null

02-12-2024T02:56:28 - [TEST_STEP][PASSED] - a311 = <not implemented yet for class: org.codehaus.groovy.ast.expr.EmptyExpression>: null

02-12-2024T02:56:28 - [TEST_STEP][PASSED] - a312 = <not implemented yet for class: org.codehaus.groovy.ast.expr.EmptyExpression>: null

02-12-2024T02:56:28 - [TEST_STEP][PASSED] - a313 = <not implemented yet for class: org.codehaus.groovy.ast.expr.EmptyExpression>: null

02-12-2024T02:56:28 - [TEST_STEP][PASSED] - a314 = <not implemented yet for class: org.codehaus.groovy.ast.expr.EmptyExpression>: null

02-12-2024T02:56:28 - [TEST_STEP][PASSED] - a315 = <not implemented yet for class: org.codehaus.groovy.ast.expr.EmptyExpression>: null

02-12-2024T02:56:28 - [TEST_STEP][PASSED] - a316 = <not implemented yet for class: org.codehaus.groovy.ast.expr.EmptyExpression>: null

02-12-2024T02:56:28 - [TEST_STEP][PASSED] - a317 = <not implemented yet for class: org.codehaus.groovy.ast.expr.EmptyExpression>: null

02-12-2024T02:56:28 - [TEST_STEP][PASSED] - b1 = <not implemented yet for class: org.codehaus.groovy.ast.expr.EmptyExpression>: null

02-12-2024T02:56:28 - [TEST_STEP][PASSED] - b2 = <not implemented yet for class: org.codehaus.groovy.ast.expr.EmptyExpression>: null

02-12-2024T02:56:28 - [TEST_STEP][PASSED] - b30 = <not implemented yet for class: org.codehaus.groovy.ast.expr.EmptyExpression>: null

02-12-2024T02:56:28 - [TEST_STEP][PASSED] - b31 = <not implemented yet for class: org.codehaus.groovy.ast.expr.EmptyExpression>: null

02-12-2024T02:56:28 - [TEST_STEP][PASSED] - b32 = <not implemented yet for class: org.codehaus.groovy.ast.expr.EmptyExpression>: null

02-12-2024T02:56:28 - [TEST_STEP][PASSED] - b33 = <not implemented yet for class: org.codehaus.groovy.ast.expr.EmptyExpression>: null

02-12-2024T02:56:28 - [TEST_STEP][PASSED] - b34 = <not implemented yet for class: org.codehaus.groovy.ast.expr.EmptyExpression>: null

02-12-2024T02:56:28 - [TEST_STEP][PASSED] - b35 = <not implemented yet for class: org.codehaus.groovy.ast.expr.EmptyExpression>: null

02-12-2024T02:56:28 - [TEST_STEP][PASSED] - b36 = <not implemented yet for class: org.codehaus.groovy.ast.expr.EmptyExpression>: null

02-12-2024T02:56:28 - [TEST_STEP][PASSED] - b37 = <not implemented yet for class: org.codehaus.groovy.ast.expr.EmptyExpression>: null

02-12-2024T02:56:28 - [TEST_STEP][PASSED] - b38 = <not implemented yet for class: org.codehaus.groovy.ast.expr.EmptyExpression>: null

02-12-2024T02:56:28 - [TEST_STEP][PASSED] - b39 = <not implemented yet for class: org.codehaus.groovy.ast.expr.EmptyExpression>: null

02-12-2024T02:56:28 - [TEST_STEP][PASSED] - b310 = <not implemented yet for class: org.codehaus.groovy.ast.expr.EmptyExpression>: null

02-12-2024T02:56:28 - [TEST_STEP][PASSED] - b311 = <not implemented yet for class: org.codehaus.groovy.ast.expr.EmptyExpression>: null

02-12-2024T02:56:28 - [TEST_STEP][PASSED] - b312 = <not implemented yet for class: org.codehaus.groovy.ast.expr.EmptyExpression>: null

02-12-2024T02:56:28 - [TEST_STEP][PASSED] - b313 = <not implemented yet for class: org.codehaus.groovy.ast.expr.EmptyExpression>: null

02-12-2024T02:56:28 - [TEST_STEP][PASSED] - b314 = <not implemented yet for class: org.codehaus.groovy.ast.expr.EmptyExpression>: null

02-12-2024T02:56:28 - [TEST_STEP][PASSED] - b315 = <not implemented yet for class: org.codehaus.groovy.ast.expr.EmptyExpression>: null

02-12-2024T02:56:28 - [TEST_STEP][PASSED] - b316 = <not implemented yet for class: org.codehaus.groovy.ast.expr.EmptyExpression>: null

02-12-2024T02:56:28 - [TEST_STEP][PASSED] - b317 = <not implemented yet for class: org.codehaus.groovy.ast.expr.EmptyExpression>: null

02-12-2024T02:56:28 - [TEST_STEP][PASSED] - block = 1: null

02-12-2024T02:56:28 - [TEST_STEP][PASSED] - nameOfBlock = "": null

02-12-2024T02:56:28 - [TEST_STEP][PASSED] - Script1710234207206.PreSettings(run, vir, block, nameOfBlock, typeOfData, todaysDate): null

02-12-2024T02:56:28 - [TEST_STEP][PASSED] - openBrowser(""): Browser is opened with url: ''

02-12-2024T02:56:28 - [MESSAGE][INFO] - Starting 'Chrome' driver

02-12-2024T02:56:28 - [MESSAGE][INFO] - Action delay is set to 0 milliseconds

02-12-2024T02:56:29 - [MESSAGE][PASSED] - Browser is opened with url: ''

02-12-2024T02:56:29 - [TEST_STEP][PASSED] - refresh(): Refresh successfully

02-12-2024T02:56:29 - [MESSAGE][PASSED] - Refresh successfully

02-12-2024T02:56:29 - [TEST_STEP][PASSED] - delay(50): Delayed 50 second(s)

02-12-2024T02:57:19 - [MESSAGE][PASSED] - Delayed 50 second(s)

02-12-2024T02:57:19 - [TEST_STEP][PASSED] - println("run:" + run): null

02-12-2024T02:57:19 - [TEST_STEP][PASSED] - println("vir:" + vir): null

02-12-2024T02:57:19 - [TEST_STEP][PASSED] - println("block:" + block): null

02-12-2024T02:57:19 - [TEST_STEP][PASSED] - if (block == 1): null

02-12-2024T02:57:19 - [TEST_STEP][PASSED] - nameOfBlock = "": null

02-12-2024T02:57:19 - [TEST_STEP][PASSED] - println("nameOfBlock:" + nameOfBlock): null

02-12-2024T02:57:19 - [TEST_STEP][PASSED] - println("typeOfData:" + typeOfData): null

02-12-2024T02:57:19 - [TEST_STEP][PASSED] - println("todaysDate:" + todaysDate): null

02-12-2024T02:57:19 - [TEST_STEP][PASSED] - Script1710234207206.Autorization(block, nameOfBlock): null

02-12-2024T02:57:19 - [TEST_STEP][PASSED] - i = <not implemented yet for class: org.codehaus.groovy.ast.expr.EmptyExpression>: null

02-12-2024T02:57:19 - [TEST_STEP][PASSED] - ii = <not implemented yet for class: org.codehaus.groovy.ast.expr.EmptyExpression>: null

02-12-2024T02:57:19 - [TEST_STEP][PASSED] - urlData = <not implemented yet for class: org.codehaus.groovy.ast.expr.EmptyExpression>: null

02-12-2024T02:57:19 - [TEST_STEP][PASSED] - searchWord = <not implemented yet for class: org.codehaus.groovy.ast.expr.EmptyExpression>: null

02-12-2024T02:57:19 - [TEST_STEP][PASSED] - urlText = <not implemented yet for class: org.codehaus.groovy.ast.expr.EmptyExpression>: null

02-12-2024T02:57:19 - [TEST_STEP][PASSED] - println("block:" + block): null

02-12-2024T02:57:19 - [TEST_STEP][PASSED] - if (block == 1): null

02-12-2024T02:57:19 - [TEST_STEP][PASSED] - nameOfBlock = "": null

02-12-2024T02:57:19 - [TEST_STEP][PASSED] - println("nameOfBlock:" + nameOfBlock): null

02-12-2024T02:57:19 - [TEST_STEP][PASSED] - if (block == 1): Delayed 45 second(s)

02-12-2024T02:57:19 - [TEST_STEP][PASSED] - urlData = 2: null

02-12-2024T02:57:19 - [TEST_STEP][PASSED] - delay(45): Delayed 45 second(s)

02-12-2024T02:58:05 - [MESSAGE][PASSED] - Delayed 45 second(s)

02-12-2024T02:58:05 - [TEST_STEP][PASSED] - navigateToUrl(findTestData("PlanFact").getValue(10, urlData)): Navigate to 'https://bi.rosseti.digital/viewer?dashboardGuid=2301950b23be4ed89c1df75f2020051e&sheetGuid=b723206f698544fb87299f3095c00435&fit=true' successfully

02-12-2024T02:58:11 - [MESSAGE][PASSED] - Navigate to 'https://bi.rosseti.digital/viewer?dashboardGuid=2301950b23be4ed89c1df75f2020051e&sheetGuid=b723206f698544fb87299f3095c00435&fit=true' successfully

02-12-2024T02:58:11 - [TEST_STEP][PASSED] - urlText = getText(findTestObject("Страница авторизации/Text")): Text of object 'Object Repository/Страница авторизации/Text' is: 'Вход'

02-12-2024T02:58:14 - [MESSAGE][PASSED] - Text of object 'Object Repository/Страница авторизации/Text' is: 'Вход'

02-12-2024T02:58:14 - [TEST_STEP][PASSED] - searchWord = "Вход": null

02-12-2024T02:58:14 - [TEST_STEP][PASSED] - if (urlText == null || urlText.contains("ошибка") || urlText.contains(searchWord) == false): null

02-12-2024T02:58:14 - [TEST_STEP][PASSED] - if (verifyElementPresent(findTestObject("Страница авторизации/button_"), 30) == true): null

02-12-2024T02:58:14 - [MESSAGE][PASSED] - Object 'Object Repository/Страница авторизации/button_' is present

02-12-2024T02:58:14 - [TEST_STEP][PASSED] - setText(findTestObject("Страница авторизации/input__username"), findTestData("PlanFact").getValue(8, 1)): Text 'liazgina-di' is set on object 'Object Repository/Страница авторизации/input__username'

02-12-2024T02:58:14 - [MESSAGE][PASSED] - Text 'liazgina-di' is set on object 'Object Repository/Страница авторизации/input__username'

02-12-2024T02:58:14 - [TEST_STEP][PASSED] - setText(findTestObject("Страница авторизации/input__password"), findTestData("PlanFact").getValue(9, 1)): Text ')$%5srZ8o688Dm#q' is set on object 'Object Repository/Страница авторизации/input__password'

02-12-2024T02:58:15 - [MESSAGE][PASSED] - Text ')$%5srZ8o688Dm#q' is set on object 'Object Repository/Страница авторизации/input__password'

02-12-2024T02:58:15 - [TEST_STEP][PASSED] - click(findTestObject("Страница авторизации/button_")): Object: 'Object Repository/Страница авторизации/button_' is clicked on

02-12-2024T02:58:18 - [MESSAGE][PASSED] - Object: 'Object Repository/Страница авторизации/button_' is clicked on

02-12-2024T02:58:18 - [TEST_STEP][PASSED] - delay(45): Delayed 45 second(s)

02-12-2024T02:59:03 - [MESSAGE][PASSED] - Delayed 45 second(s)

02-12-2024T02:59:03 - [TEST_STEP][PASSED] - urlText = getText(findTestObject("Страница авторизации/Text")): Text of object 'Object Repository/Страница авторизации/Text' is: 'Период
1, 2, 3 кв., Октябрь 2024 года
Выручка
Все
Выполнение плановых показателей по ПАО Россети за 1, 2, 3 кв., Октябрь 2024 года
План
Факт
Динамика
2024 год
0 млн.руб.
100 000 млн.руб.
200 000 млн.руб.
300 000 млн.руб.
400 000 млн.руб.
500 000 млн.руб.
600 000 млн.руб.
700 000 млн.руб.
800 000 млн.руб.
900 000 млн.руб.
1 000 000 млн.руб.
1 100 000 млн.руб.
1 200 000 млн.руб.
1 300 000 млн.руб.
1 400 000 млн.руб.
1 180 677
1 181 459
↑
ДЗО 
Все
Внутренний оборот - выручка за услуги по передаче электрической энергии, учтенная в выручке за электроэнергию для конечных потребителей, при выполнении ДЗО функций гарантирующего поставщика
Подписи данных
⬤Отклонение
АО «Тываэнерго»
АО «Чеченэнерго»
Россети Волга
Россети Кубань
Россети Ленэнерго (ГК)
Россети Московский регион
Россети Северный Кавказ (ГК)
Россети Северо-Запад
Россети Сибирь (ГК)
Россети Томск
Россети Тюмень
Россети Урал (ГК)
Россети ФСК ЕЭС
Россети Центр
Россети Центр и Приволжье (ГК)
Россети Юг (ГК)
Россети Янтарь
-25 000млн.руб.
-20 000млн.руб.
-15 000млн.руб.
-10 000млн.руб.
-5 000млн.руб.
0млн.руб.
5 000млн.руб.
10 …
-30 000млн.руб.
300
101
156
3 953
4 462
7 500
888
878
1 274
238
-5 106
1 955
-24 344
2 435
4 419
1 357
318
млн.
%
Выручка
Отклонение выручки по ПАО Россети за 1, 2, 3 кв., Октябрь 2024 года (факт/план, млн. руб)
ПАО Россети
782.4 млн.руб.
 '

02-12-2024T02:59:04 - [MESSAGE][PASSED] - Text of object 'Object Repository/Страница авторизации/Text' is: 'Период
1, 2, 3 кв., Октябрь 2024 года
Выручка
Все
Выполнение плановых показателей по ПАО Россети за 1, 2, 3 кв., Октябрь 2024 года
План
Факт
Динамика
2024 год
0 млн.руб.
100 000 млн.руб.
200 000 млн.руб.
300 000 млн.руб.
400 000 млн.руб.
500 000 млн.руб.
600 000 млн.руб.
700 000 млн.руб.
800 000 млн.руб.
900 000 млн.руб.
1 000 000 млн.руб.
1 100 000 млн.руб.
1 200 000 млн.руб.
1 300 000 млн.руб.
1 400 000 млн.руб.
1 180 677
1 181 459
↑
ДЗО 
Все
Внутренний оборот - выручка за услуги по передаче электрической энергии, учтенная в выручке за электроэнергию для конечных потребителей, при выполнении ДЗО функций гарантирующего поставщика
Подписи данных
⬤Отклонение
АО «Тываэнерго»
АО «Чеченэнерго»
Россети Волга
Россети Кубань
Россети Ленэнерго (ГК)
Россети Московский регион
Россети Северный Кавказ (ГК)
Россети Северо-Запад
Россети Сибирь (ГК)
Россети Томск
Россети Тюмень
Россети Урал (ГК)
Россети ФСК ЕЭС
Россети Центр
Россети Центр и Приволжье (ГК)
Россети Юг (ГК)
Россети Янтарь
-25 000млн.руб.
-20 000млн.руб.
-15 000млн.руб.
-10 000млн.руб.
-5 000млн.руб.
0млн.руб.
5 000млн.руб.
10 …
-30 000млн.руб.
300
101
156
3 953
4 462
7 500
888
878
1 274
238
-5 106
1 955
-24 344
2 435
4 419
1 357
318
млн.
%
Выручка
Отклонение выручки по ПАО Россети за 1, 2, 3 кв., Октябрь 2024 года (факт/план, млн. руб)
ПАО Россети
782.4 млн.руб.
 '

02-12-2024T02:59:04 - [TEST_STEP][PASSED] - searchWord = "а": null

02-12-2024T02:59:04 - [TEST_STEP][PASSED] - if (urlText.contains("ошибка") || urlText.contains(searchWord) == false): null

02-12-2024T02:59:04 - [TEST_STEP][PASSED] - delay(45): Delayed 45 second(s)

02-12-2024T02:59:49 - [MESSAGE][PASSED] - Delayed 45 second(s)

02-12-2024T02:59:49 - [TEST_STEP][PASSED] - if (block == 2): null

02-12-2024T02:59:49 - [TEST_STEP][PASSED] - click(findTestObject("Выручка в рублях/Фильтр Период" + nameOfBlock)): Object: 'Object Repository/Выручка в рублях/Фильтр Период' is clicked on

02-12-2024T02:59:49 - [MESSAGE][PASSED] - Object: 'Object Repository/Выручка в рублях/Фильтр Период' is clicked on

02-12-2024T02:59:49 - [TEST_STEP][PASSED] - click(findTestObject("Выручка в рублях/Снять выделение в фильтре Дата" + nameOfBlock)): Object: 'Object Repository/Выручка в рублях/Снять выделение в фильтре Дата' is clicked on

02-12-2024T02:59:50 - [MESSAGE][PASSED] - Object: 'Object Repository/Выручка в рублях/Снять выделение в фильтре Дата' is clicked on

02-12-2024T02:59:50 - [TEST_STEP][PASSED] - click(findTestObject("Выручка в рублях/Применить в фильтре Дата" + nameOfBlock)): Object: 'Object Repository/Выручка в рублях/Применить в фильтре Дата' is clicked on

02-12-2024T02:59:50 - [MESSAGE][PASSED] - Object: 'Object Repository/Выручка в рублях/Применить в фильтре Дата' is clicked on

02-12-2024T02:59:50 - [TEST_STEP][PASSED] - delay(50): Delayed 50 second(s)

02-12-2024T03:00:40 - [MESSAGE][PASSED] - Delayed 50 second(s)

02-12-2024T03:00:40 - [TEST_STEP][PASSED] - click(findTestObject("Выручка в рублях/Фильтр Период" + nameOfBlock)): Object: 'Object Repository/Выручка в рублях/Фильтр Период' is clicked on

02-12-2024T03:00:41 - [MESSAGE][PASSED] - Object: 'Object Repository/Выручка в рублях/Фильтр Период' is clicked on

02-12-2024T03:00:41 - [TEST_STEP][PASSED] - click(findTestObject("Выручка в рублях/Снять выделение в фильтре Дата" + nameOfBlock)): Object: 'Object Repository/Выручка в рублях/Снять выделение в фильтре Дата' is clicked on

02-12-2024T03:00:41 - [MESSAGE][PASSED] - Object: 'Object Repository/Выручка в рублях/Снять выделение в фильтре Дата' is clicked on

02-12-2024T03:00:41 - [TEST_STEP][PASSED] - scrollToElement(findTestObject("Выручка в рублях/2024 список" + nameOfBlock), 30): Scroll to object 'Object Repository/Выручка в рублях/2024 список' successfully

02-12-2024T03:00:41 - [MESSAGE][PASSED] - Scroll to object 'Object Repository/Выручка в рублях/2024 список' successfully

02-12-2024T03:00:41 - [TEST_STEP][PASSED] - click(findTestObject("Выручка в рублях/2024 список" + nameOfBlock)): Object: 'Object Repository/Выручка в рублях/2024 список' is clicked on

02-12-2024T03:00:42 - [MESSAGE][PASSED] - Object: 'Object Repository/Выручка в рублях/2024 список' is clicked on

02-12-2024T03:00:42 - [TEST_STEP][PASSED] - scrollToElement(findTestObject("Выручка в рублях/1 квартал 2024 выбрать" + nameOfBlock), 30): Scroll to object 'Object Repository/Выручка в рублях/1 квартал 2024 выбрать' successfully

02-12-2024T03:00:42 - [MESSAGE][PASSED] - Scroll to object 'Object Repository/Выручка в рублях/1 квартал 2024 выбрать' successfully

02-12-2024T03:00:42 - [TEST_STEP][PASSED] - click(findTestObject("Выручка в рублях/1 квартал 2024 выбрать" + nameOfBlock)): Object: 'Object Repository/Выручка в рублях/1 квартал 2024 выбрать' is clicked on

02-12-2024T03:00:43 - [MESSAGE][PASSED] - Object: 'Object Repository/Выручка в рублях/1 квартал 2024 выбрать' is clicked on

02-12-2024T03:00:43 - [TEST_STEP][PASSED] - scrollToElement(findTestObject("Выручка в рублях/2 квартал 2024 выбрать" + nameOfBlock), 30): Scroll to object 'Object Repository/Выручка в рублях/2 квартал 2024 выбрать' successfully

02-12-2024T03:00:43 - [MESSAGE][PASSED] - Scroll to object 'Object Repository/Выручка в рублях/2 квартал 2024 выбрать' successfully

02-12-2024T03:00:43 - [TEST_STEP][PASSED] - click(findTestObject("Выручка в рублях/2 квартал 2024 выбрать" + nameOfBlock)): Object: 'Object Repository/Выручка в рублях/2 квартал 2024 выбрать' is clicked on

02-12-2024T03:00:43 - [MESSAGE][PASSED] - Object: 'Object Repository/Выручка в рублях/2 квартал 2024 выбрать' is clicked on

02-12-2024T03:00:43 - [TEST_STEP][PASSED] - scrollToElement(findTestObject("Выручка в рублях/3 квартал 2024 список" + nameOfBlock), 30): Scroll to object 'Object Repository/Выручка в рублях/3 квартал 2024 список' successfully

02-12-2024T03:00:44 - [MESSAGE][PASSED] - Scroll to object 'Object Repository/Выручка в рублях/3 квартал 2024 список' successfully

02-12-2024T03:00:44 - [TEST_STEP][PASSED] - click(findTestObject("Выручка в рублях/3 квартал 2024" + nameOfBlock)): Object: 'Object Repository/Выручка в рублях/3 квартал 2024' is clicked on

02-12-2024T03:00:44 - [MESSAGE][PASSED] - Object: 'Object Repository/Выручка в рублях/3 квартал 2024' is clicked on

02-12-2024T03:00:44 - [TEST_STEP][PASSED] - scrollToElement(findTestObject("Выручка в рублях/4 квартал 2024 список" + nameOfBlock), 30): Scroll to object 'Object Repository/Выручка в рублях/4 квартал 2024 список' successfully

02-12-2024T03:00:45 - [MESSAGE][PASSED] - Scroll to object 'Object Repository/Выручка в рублях/4 квартал 2024 список' successfully

02-12-2024T03:00:45 - [TEST_STEP][PASSED] - click(findTestObject("Выручка в рублях/4 квартал 2024 список" + nameOfBlock)): Object: 'Object Repository/Выручка в рублях/4 квартал 2024 список' is clicked on

02-12-2024T03:00:45 - [MESSAGE][PASSED] - Object: 'Object Repository/Выручка в рублях/4 квартал 2024 список' is clicked on

02-12-2024T03:00:45 - [TEST_STEP][PASSED] - scrollToElement(findTestObject("Выручка в рублях/Октябрь 2024" + nameOfBlock), 30): Scroll to object 'Object Repository/Выручка в рублях/Октябрь 2024' successfully

02-12-2024T03:00:45 - [MESSAGE][PASSED] - Scroll to object 'Object Repository/Выручка в рублях/Октябрь 2024' successfully

02-12-2024T03:00:45 - [TEST_STEP][PASSED] - click(findTestObject("Выручка в рублях/Октябрь 2024" + nameOfBlock)): Object: 'Object Repository/Выручка в рублях/Октябрь 2024' is clicked on

02-12-2024T03:00:46 - [MESSAGE][PASSED] - Object: 'Object Repository/Выручка в рублях/Октябрь 2024' is clicked on

02-12-2024T03:00:46 - [TEST_STEP][PASSED] - scrollToElement(findTestObject("Выручка в рублях/Заголовок дашборда" + nameOfBlock), 30): Scroll to object 'Object Repository/Выручка в рублях/Заголовок дашборда' successfully

02-12-2024T03:00:46 - [MESSAGE][PASSED] - Scroll to object 'Object Repository/Выручка в рублях/Заголовок дашборда' successfully

02-12-2024T03:00:46 - [TEST_STEP][PASSED] - click(findTestObject("Выручка в рублях/Применить в фильтре Дата" + nameOfBlock)): Object: 'Object Repository/Выручка в рублях/Применить в фильтре Дата' is clicked on

02-12-2024T03:00:47 - [MESSAGE][PASSED] - Object: 'Object Repository/Выручка в рублях/Применить в фильтре Дата' is clicked on

02-12-2024T03:00:47 - [TEST_STEP][PASSED] - delay(55): Delayed 55 second(s)

02-12-2024T03:01:42 - [MESSAGE][PASSED] - Delayed 55 second(s)

02-12-2024T03:01:42 - [TEST_STEP][PASSED] - click(findTestObject("Выручка в рублях/Фильтр ДЗО" + nameOfBlock)): Object: 'Object Repository/Выручка в рублях/Фильтр ДЗО' is clicked on

02-12-2024T03:01:42 - [MESSAGE][PASSED] - Object: 'Object Repository/Выручка в рублях/Фильтр ДЗО' is clicked on

02-12-2024T03:01:42 - [TEST_STEP][PASSED] - click(findTestObject("Выручка в рублях/Снять выделение в фильтре ДЗО" + nameOfBlock)): Object: 'Object Repository/Выручка в рублях/Снять выделение в фильтре ДЗО' is clicked on

02-12-2024T03:01:43 - [MESSAGE][PASSED] - Object: 'Object Repository/Выручка в рублях/Снять выделение в фильтре ДЗО' is clicked on

02-12-2024T03:01:43 - [TEST_STEP][PASSED] - click(findTestObject("Выручка в рублях/Применить в фильтре ДЗО" + nameOfBlock)): Object: 'Object Repository/Выручка в рублях/Применить в фильтре ДЗО' is clicked on

02-12-2024T03:01:43 - [MESSAGE][PASSED] - Object: 'Object Repository/Выручка в рублях/Применить в фильтре ДЗО' is clicked on

02-12-2024T03:01:43 - [TEST_STEP][PASSED] - delay(50): Delayed 50 second(s)

02-12-2024T03:02:33 - [MESSAGE][PASSED] - Delayed 50 second(s)

02-12-2024T03:02:33 - [TEST_STEP][PASSED] - Script1710234207206.Tumbler(run, vir, block, nameOfBlock): null

02-12-2024T03:02:33 - [TEST_STEP][PASSED] - println("run:" + run): null

02-12-2024T03:02:33 - [TEST_STEP][PASSED] - println("vir:" + vir): null

02-12-2024T03:02:33 - [TEST_STEP][PASSED] - println("block:" + block): null

02-12-2024T03:02:33 - [TEST_STEP][PASSED] - println("nameOfBlock:" + nameOfBlock): null

02-12-2024T03:02:33 - [TEST_STEP][PASSED] - if (vir == 1): null

02-12-2024T03:02:33 - [TEST_STEP][PASSED] - else if (vir == 2): Object: 'Object Repository/Выручка в рублях/Применить в фильтре Выручка' is clicked on

02-12-2024T03:02:33 - [TEST_STEP][PASSED] - if (run == 2): null

02-12-2024T03:02:33 - [TEST_STEP][PASSED] - click(findTestObject("Выручка в рублях/Фильтр Выручка" + nameOfBlock)): Object: 'Object Repository/Выручка в рублях/Фильтр Выручка' is clicked on

02-12-2024T03:02:34 - [MESSAGE][PASSED] - Object: 'Object Repository/Выручка в рублях/Фильтр Выручка' is clicked on

02-12-2024T03:02:34 - [TEST_STEP][PASSED] - click(findTestObject("Выручка в рублях/Итого в фильтре Выручка" + nameOfBlock)): Object: 'Object Repository/Выручка в рублях/Итого в фильтре Выручка' is clicked on

02-12-2024T03:02:34 - [MESSAGE][PASSED] - Object: 'Object Repository/Выручка в рублях/Итого в фильтре Выручка' is clicked on

02-12-2024T03:02:34 - [TEST_STEP][PASSED] - click(findTestObject("Выручка в рублях/Применить в фильтре Выручка" + nameOfBlock)): Object: 'Object Repository/Выручка в рублях/Применить в фильтре Выручка' is clicked on

02-12-2024T03:02:35 - [MESSAGE][PASSED] - Object: 'Object Repository/Выручка в рублях/Применить в фильтре Выручка' is clicked on

02-12-2024T03:02:35 - [TEST_STEP][PASSED] - click(findTestObject("Выручка в рублях/Фильтр ДЗО" + nameOfBlock)): Object: 'Object Repository/Выручка в рублях/Фильтр ДЗО' is clicked on

02-12-2024T03:02:37 - [MESSAGE][PASSED] - Object: 'Object Repository/Выручка в рублях/Фильтр ДЗО' is clicked on

02-12-2024T03:02:37 - [TEST_STEP][PASSED] - Script1710234207206.Rosseti(nameOfBlock): null

02-12-2024T03:02:37 - [TEST_STEP][PASSED] - println("nameOfBlock:" + nameOfBlock): null

02-12-2024T03:02:37 - [TEST_STEP][PASSED] - click(findTestObject("Выручка в рублях/ПАО Россети" + nameOfBlock)): Object: 'Object Repository/Выручка в рублях/ПАО Россети' is clicked on

02-12-2024T03:02:38 - [MESSAGE][PASSED] - Object: 'Object Repository/Выручка в рублях/ПАО Россети' is clicked on

02-12-2024T03:02:38 - [TEST_STEP][PASSED] - click(findTestObject("Выручка в рублях/Применить в фильтре ДЗО" + nameOfBlock)): Object: 'Object Repository/Выручка в рублях/Применить в фильтре ДЗО' is clicked on

02-12-2024T03:02:38 - [MESSAGE][PASSED] - Object: 'Object Repository/Выручка в рублях/Применить в фильтре ДЗО' is clicked on

02-12-2024T03:02:38 - [TEST_STEP][PASSED] - if (run == 2): null

02-12-2024T03:02:38 - [TEST_STEP][PASSED] - if (vir == 1 || vir == 2): Text of object 'Object Repository/Выручка в рублях/График План' is: '1 160 716'

02-12-2024T03:02:38 - [TEST_STEP][PASSED] - a1 = getText(findTestObject("Выручка в рублях/График План")): Text of object 'Object Repository/Выручка в рублях/График План' is: '1 160 716'

02-12-2024T03:02:40 - [MESSAGE][PASSED] - Text of object 'Object Repository/Выручка в рублях/График План' is: '1 160 716'

02-12-2024T03:02:40 - [TEST_STEP][PASSED] - if (vir == 1 || vir == 2): Text of object 'Object Repository/Выручка в рублях/График Факт' is: '1 160 805'

02-12-2024T03:02:40 - [TEST_STEP][PASSED] - a2 = getText(findTestObject("Выручка в рублях/График Факт")): Text of object 'Object Repository/Выручка в рублях/График Факт' is: '1 160 805'

02-12-2024T03:02:41 - [MESSAGE][PASSED] - Text of object 'Object Repository/Выручка в рублях/График Факт' is: '1 160 805'

02-12-2024T03:02:41 - [TEST_STEP][PASSED] - a30 = getText(findTestObject("Выручка в рублях/span1" + perc)): Text of object 'Object Repository/Выручка в рублях/span1' is: '89.8 млн.руб.'

02-12-2024T03:02:41 - [MESSAGE][PASSED] - Text of object 'Object Repository/Выручка в рублях/span1' is: '89.8 млн.руб.'

02-12-2024T03:02:41 - [TEST_STEP][PASSED] - i = a30.indexOf("млн.руб."): null

02-12-2024T03:02:41 - [TEST_STEP][PASSED] - if (i > -1): null

02-12-2024T03:02:41 - [TEST_STEP][PASSED] - a30 = a30.substring(0, i): null

02-12-2024T03:02:41 - [TEST_STEP][PASSED] - a30 = a30.replaceAll(" ", ""): null

02-12-2024T03:02:41 - [TEST_STEP][PASSED] - if (a30.contains("%")): null

02-12-2024T03:02:41 - [TEST_STEP][PASSED] - a30 = ").trim(): null

02-12-2024T03:02:41 - [TEST_STEP][PASSED] - println("a30: " + a30): null

02-12-2024T03:02:41 - [TEST_STEP][PASSED] - if (vir == 1 || vir == 2): Text of object 'Object Repository/Выручка в рублях/span2' is: '383'

02-12-2024T03:02:41 - [TEST_STEP][PASSED] - a31 = ").trim(): Text of object 'Object Repository/Выручка в рублях/span2' is: '383'

02-12-2024T03:02:41 - [MESSAGE][PASSED] - Text of object 'Object Repository/Выручка в рублях/span2' is: '383'

02-12-2024T03:02:41 - [TEST_STEP][PASSED] - if (vir == 1 || vir == 2): Text of object 'Object Repository/Выручка в рублях/span3' is: '-12'

02-12-2024T03:02:41 - [TEST_STEP][PASSED] - a32 = ").trim(): Text of object 'Object Repository/Выручка в рублях/span3' is: '-12'

02-12-2024T03:02:42 - [MESSAGE][PASSED] - Text of object 'Object Repository/Выручка в рублях/span3' is: '-12'

02-12-2024T03:02:42 - [TEST_STEP][PASSED] - if (vir == 1 || vir == 2): Text of object 'Object Repository/Выручка в рублях/span8' is: '263'

02-12-2024T03:02:42 - [TEST_STEP][PASSED] - a33 = ").trim(): Text of object 'Object Repository/Выручка в рублях/span4' is: '156'

02-12-2024T03:02:42 - [MESSAGE][PASSED] - Text of object 'Object Repository/Выручка в рублях/span4' is: '156'

02-12-2024T03:02:42 - [TEST_STEP][PASSED] - a34 = ").trim(): Text of object 'Object Repository/Выручка в рублях/span5' is: '3 953'

02-12-2024T03:02:42 - [MESSAGE][PASSED] - Text of object 'Object Repository/Выручка в рублях/span5' is: '3 953'

02-12-2024T03:02:42 - [TEST_STEP][PASSED] - a35 = ").trim(): Text of object 'Object Repository/Выручка в рублях/span6' is: '4 462'

02-12-2024T03:02:42 - [MESSAGE][PASSED] - Text of object 'Object Repository/Выручка в рублях/span6' is: '4 462'

02-12-2024T03:02:42 - [TEST_STEP][PASSED] - a36 = ").trim(): Text of object 'Object Repository/Выручка в рублях/span7' is: '7 500'

02-12-2024T03:02:43 - [MESSAGE][PASSED] - Text of object 'Object Repository/Выручка в рублях/span7' is: '7 500'

02-12-2024T03:02:43 - [TEST_STEP][PASSED] - a37 = ").trim(): Text of object 'Object Repository/Выручка в рублях/span8' is: '263'

02-12-2024T03:02:43 - [MESSAGE][PASSED] - Text of object 'Object Repository/Выручка в рублях/span8' is: '263'

02-12-2024T03:02:43 - [TEST_STEP][PASSED] - if (vir == 1 || vir == 2): Text of object 'Object Repository/Выручка в рублях/span17' is: '1 319'

02-12-2024T03:02:43 - [TEST_STEP][PASSED] - a38 = ").trim(): Text of object 'Object Repository/Выручка в рублях/span9' is: '878'

02-12-2024T03:02:43 - [MESSAGE][PASSED] - Text of object 'Object Repository/Выручка в рублях/span9' is: '878'

02-12-2024T03:02:43 - [TEST_STEP][PASSED] - a39 = ").trim(): Text of object 'Object Repository/Выручка в рублях/span10' is: '1 274'

02-12-2024T03:02:44 - [MESSAGE][PASSED] - Text of object 'Object Repository/Выручка в рублях/span10' is: '1 274'

02-12-2024T03:02:44 - [TEST_STEP][PASSED] - a310 = ").trim(): Text of object 'Object Repository/Выручка в рублях/span11' is: '238'

02-12-2024T03:02:44 - [MESSAGE][PASSED] - Text of object 'Object Repository/Выручка в рублях/span11' is: '238'

02-12-2024T03:02:44 - [TEST_STEP][PASSED] - a311 = ").trim(): Text of object 'Object Repository/Выручка в рублях/span12' is: '-5 106'

02-12-2024T03:02:44 - [MESSAGE][PASSED] - Text of object 'Object Repository/Выручка в рублях/span12' is: '-5 106'

02-12-2024T03:02:44 - [TEST_STEP][PASSED] - a312 = ").trim(): Text of object 'Object Repository/Выручка в рублях/span13' is: '1 955'

02-12-2024T03:02:45 - [MESSAGE][PASSED] - Text of object 'Object Repository/Выручка в рублях/span13' is: '1 955'

02-12-2024T03:02:45 - [TEST_STEP][PASSED] - a313 = ").trim(): Text of object 'Object Repository/Выручка в рублях/span14' is: '-24 344'

02-12-2024T03:02:45 - [MESSAGE][PASSED] - Text of object 'Object Repository/Выручка в рублях/span14' is: '-24 344'

02-12-2024T03:02:45 - [TEST_STEP][PASSED] - a314 = ").trim(): Text of object 'Object Repository/Выручка в рублях/span15' is: '2 435'

02-12-2024T03:02:45 - [MESSAGE][PASSED] - Text of object 'Object Repository/Выручка в рублях/span15' is: '2 435'

02-12-2024T03:02:45 - [TEST_STEP][PASSED] - a315 = ").trim(): Text of object 'Object Repository/Выручка в рублях/span16' is: '4 419'

02-12-2024T03:02:45 - [MESSAGE][PASSED] - Text of object 'Object Repository/Выручка в рублях/span16' is: '4 419'

02-12-2024T03:02:45 - [TEST_STEP][PASSED] - a316 = ").trim(): Text of object 'Object Repository/Выручка в рублях/span17' is: '1 319'

02-12-2024T03:02:46 - [MESSAGE][PASSED] - Text of object 'Object Repository/Выручка в рублях/span17' is: '1 319'

02-12-2024T03:02:46 - [TEST_STEP][PASSED] - if (vir == 1 || vir == 2): Text of object 'Object Repository/Выручка в рублях/span18' is: '318'

02-12-2024T03:02:46 - [TEST_STEP][PASSED] - a317 = ").trim(): Text of object 'Object Repository/Выручка в рублях/span18' is: '318'

02-12-2024T03:02:46 - [MESSAGE][PASSED] - Text of object 'Object Repository/Выручка в рублях/span18' is: '318'

02-12-2024T03:02:46 - [TEST_STEP][PASSED] - block = 2: null

02-12-2024T03:02:46 - [TEST_STEP][PASSED] - nameOfBlock = " Выручка": null

02-12-2024T03:02:46 - [TEST_STEP][PASSED] - Script1710234207206.PreSettings(run, vir, block, nameOfBlock, typeOfData, todaysDate): null

02-12-2024T03:02:46 - [TEST_STEP][PASSED] - openBrowser(""): Browser is opened with url: ''

02-12-2024T03:02:46 - [MESSAGE][WARNING] - A browser is already opened. Closing browser and opening a new one

02-12-2024T03:02:46 - [MESSAGE][INFO] - Starting 'Chrome' driver

02-12-2024T03:02:46 - [MESSAGE][INFO] - Action delay is set to 0 milliseconds

02-12-2024T03:02:47 - [MESSAGE][PASSED] - Browser is opened with url: ''

02-12-2024T03:02:47 - [TEST_STEP][PASSED] - refresh(): Refresh successfully

02-12-2024T03:02:47 - [MESSAGE][PASSED] - Refresh successfully

02-12-2024T03:02:47 - [TEST_STEP][PASSED] - delay(50): Delayed 50 second(s)

02-12-2024T03:03:37 - [MESSAGE][PASSED] - Delayed 50 second(s)

02-12-2024T03:03:37 - [TEST_STEP][PASSED] - println("run:" + run): null

02-12-2024T03:03:37 - [TEST_STEP][PASSED] - println("vir:" + vir): null

02-12-2024T03:03:37 - [TEST_STEP][PASSED] - println("block:" + block): null

02-12-2024T03:03:37 - [TEST_STEP][PASSED] - if (block == 1): null

02-12-2024T03:03:37 - [TEST_STEP][PASSED] - else: null

02-12-2024T03:03:37 - [TEST_STEP][PASSED] - nameOfBlock = " Выручка": null

02-12-2024T03:03:37 - [TEST_STEP][PASSED] - println("nameOfBlock:" + nameOfBlock): null

02-12-2024T03:03:37 - [TEST_STEP][PASSED] - println("typeOfData:" + typeOfData): null

02-12-2024T03:03:37 - [TEST_STEP][PASSED] - println("todaysDate:" + todaysDate): null

02-12-2024T03:03:37 - [TEST_STEP][PASSED] - Script1710234207206.Autorization(block, nameOfBlock): null

02-12-2024T03:03:37 - [TEST_STEP][PASSED] - i = <not implemented yet for class: org.codehaus.groovy.ast.expr.EmptyExpression>: null

02-12-2024T03:03:37 - [TEST_STEP][PASSED] - ii = <not implemented yet for class: org.codehaus.groovy.ast.expr.EmptyExpression>: null

02-12-2024T03:03:37 - [TEST_STEP][PASSED] - urlData = <not implemented yet for class: org.codehaus.groovy.ast.expr.EmptyExpression>: null

02-12-2024T03:03:37 - [TEST_STEP][PASSED] - searchWord = <not implemented yet for class: org.codehaus.groovy.ast.expr.EmptyExpression>: null

02-12-2024T03:03:37 - [TEST_STEP][PASSED] - urlText = <not implemented yet for class: org.codehaus.groovy.ast.expr.EmptyExpression>: null

02-12-2024T03:03:37 - [TEST_STEP][PASSED] - println("block:" + block): null

02-12-2024T03:03:37 - [TEST_STEP][PASSED] - if (block == 1): null

02-12-2024T03:03:37 - [TEST_STEP][PASSED] - else: null

02-12-2024T03:03:37 - [TEST_STEP][PASSED] - delay(45): Delayed 45 second(s)

02-12-2024T03:04:22 - [MESSAGE][PASSED] - Delayed 45 second(s)

02-12-2024T03:04:22 - [TEST_STEP][PASSED] - nameOfBlock = " Выручка": null

02-12-2024T03:04:22 - [TEST_STEP][PASSED] - println("nameOfBlock:" + nameOfBlock): null

02-12-2024T03:04:22 - [TEST_STEP][PASSED] - if (block == 1): null

02-12-2024T03:04:22 - [TEST_STEP][PASSED] - else: Delayed 45 second(s)

02-12-2024T03:04:22 - [TEST_STEP][PASSED] - urlData = 9: null

02-12-2024T03:04:22 - [TEST_STEP][PASSED] - delay(45): Delayed 45 second(s)

02-12-2024T03:05:07 - [MESSAGE][PASSED] - Delayed 45 second(s)

02-12-2024T03:05:07 - [TEST_STEP][PASSED] - navigateToUrl(findTestData("PlanFact").getValue(10, urlData)): Navigate to 'https://bi.rosseti.digital/viewer?dashboardGuid=a1fd28b3785d443cbc4d7690a1d78e31&sheetGuid=86092a20c5984827a0c87b24cac76a50&fit=true' successfully

02-12-2024T03:05:12 - [MESSAGE][PASSED] - Navigate to 'https://bi.rosseti.digital/viewer?dashboardGuid=a1fd28b3785d443cbc4d7690a1d78e31&sheetGuid=86092a20c5984827a0c87b24cac76a50&fit=true' successfully

02-12-2024T03:05:12 - [TEST_STEP][PASSED] - urlText = getText(findTestObject("Страница авторизации/Text")): Text of object 'Object Repository/Страница авторизации/Text' is: 'Вход'

02-12-2024T03:05:15 - [MESSAGE][PASSED] - Text of object 'Object Repository/Страница авторизации/Text' is: 'Вход'

02-12-2024T03:05:15 - [TEST_STEP][PASSED] - searchWord = "Вход": null

02-12-2024T03:05:15 - [TEST_STEP][PASSED] - if (urlText == null || urlText.contains("ошибка") || urlText.contains(searchWord) == false): null

02-12-2024T03:05:15 - [TEST_STEP][PASSED] - if (verifyElementPresent(findTestObject("Страница авторизации/button_"), 30) == true): null

02-12-2024T03:05:15 - [MESSAGE][PASSED] - Object 'Object Repository/Страница авторизации/button_' is present

02-12-2024T03:05:15 - [TEST_STEP][PASSED] - setText(findTestObject("Страница авторизации/input__username"), findTestData("PlanFact").getValue(8, 1)): Text 'liazgina-di' is set on object 'Object Repository/Страница авторизации/input__username'

02-12-2024T03:05:16 - [MESSAGE][PASSED] - Text 'liazgina-di' is set on object 'Object Repository/Страница авторизации/input__username'

02-12-2024T03:05:16 - [TEST_STEP][PASSED] - setText(findTestObject("Страница авторизации/input__password"), findTestData("PlanFact").getValue(9, 1)): Text ')$%5srZ8o688Dm#q' is set on object 'Object Repository/Страница авторизации/input__password'

02-12-2024T03:05:17 - [MESSAGE][PASSED] - Text ')$%5srZ8o688Dm#q' is set on object 'Object Repository/Страница авторизации/input__password'

02-12-2024T03:05:17 - [TEST_STEP][PASSED] - click(findTestObject("Страница авторизации/button_")): Object: 'Object Repository/Страница авторизации/button_' is clicked on

02-12-2024T03:05:19 - [MESSAGE][PASSED] - Object: 'Object Repository/Страница авторизации/button_' is clicked on

02-12-2024T03:05:19 - [TEST_STEP][PASSED] - delay(45): Delayed 45 second(s)

02-12-2024T03:06:04 - [MESSAGE][PASSED] - Delayed 45 second(s)

02-12-2024T03:06:04 - [TEST_STEP][PASSED] - urlText = getText(findTestObject("Страница авторизации/Text")): Text of object 'Object Repository/Страница авторизации/Text' is: 'Период
Январь, Февраль, Март, Апрель, Май, Июнь, Июль, Август, Сентябрь, Октябрь 2024 года
Выручка
Все
Выполнение плановых показателей по ПАО Россети за Январь, Февраль, Март, Апрель, Май, Июнь, Июль, Август, Сентябрь, Октябрь 2024 года
План
Факт
Динамика
2024 год
0 млн.руб.
100 000 млн.руб.
200 000 млн.руб.
300 000 млн.руб.
400 000 млн.руб.
500 000 млн.руб.
600 000 млн.руб.
700 000 млн.руб.
800 000 млн.руб.
900 000 млн.руб.
1 000 000 млн.руб.
1 100 000 млн.руб.
1 200 000 млн.руб.
1 300 000 млн.руб.
1 400 000 млн.руб.
1 180 677
1 181 459
↑
ДЗО 
Все
Подписи данных
⬤Отклонение
АО «Тываэнерго»
АО «Чеченэнерго»
Россети Волга
Россети Кубань
Россети Ленэнерго (ГК)
Россети Московский регион
Россети Северный Кавказ (ГК)
Россети Северо-Запад
Россети Сибирь (ГК)
Россети Томск
Россети Тюмень
Россети Урал (ГК)
Россети ФСК ЕЭС
Россети Центр
Россети Центр и Приволжье (ГК)
Россети Юг (ГК)
Россети Янтарь
-27 500 млн.руб.
-25 000 млн.руб.
-22 500 млн.руб.
-20 000 млн.руб.
-17 500 млн.руб.
-15 000 млн.руб.
-12 500 млн.руб.
-10 000 млн.руб.
-7 500 млн.руб.
-5 000 млн.руб.
-2 500 млн.руб.
0 млн.руб.
2 500 млн.руб.
5 000 млн.руб.
7 500 млн.руб.
10 000 млн.руб.
300
101
156
3 953
4 462
7 500
888
878
1 274
238
-5 106
1 955
-24 344
2 435
4 419
1 357
318
млн.
%
Выручка
Отклонение выручки по ПАО Россети за Январь, Февраль, Март, Апрель, Май, Июнь, Июль, Август, Сентябрь, Октябрь 2024 года (факт/план, млн. руб)
ПАО Россети
782.4 млн.руб.
Статус данных
×
Просьба обратить внимание
Данные занесены не полностью
ВЫБРАННЫЕ ЗНАЧЕНИЯ ФИЛЬТРОВ
ДЗО | ПЕРИОД
ПАО Россети: [«Выбраны все филиалы по всем ДЗО по всем категориям»]
2024: [Янв, Фев, Мар, Апр, Май, Июн, Июл, Авг, Сен, Окт]
*Внутренний оборот'

02-12-2024T03:06:05 - [MESSAGE][PASSED] - Text of object 'Object Repository/Страница авторизации/Text' is: 'Период
Январь, Февраль, Март, Апрель, Май, Июнь, Июль, Август, Сентябрь, Октябрь 2024 года
Выручка
Все
Выполнение плановых показателей по ПАО Россети за Январь, Февраль, Март, Апрель, Май, Июнь, Июль, Август, Сентябрь, Октябрь 2024 года
План
Факт
Динамика
2024 год
0 млн.руб.
100 000 млн.руб.
200 000 млн.руб.
300 000 млн.руб.
400 000 млн.руб.
500 000 млн.руб.
600 000 млн.руб.
700 000 млн.руб.
800 000 млн.руб.
900 000 млн.руб.
1 000 000 млн.руб.
1 100 000 млн.руб.
1 200 000 млн.руб.
1 300 000 млн.руб.
1 400 000 млн.руб.
1 180 677
1 181 459
↑
ДЗО 
Все
Подписи данных
⬤Отклонение
АО «Тываэнерго»
АО «Чеченэнерго»
Россети Волга
Россети Кубань
Россети Ленэнерго (ГК)
Россети Московский регион
Россети Северный Кавказ (ГК)
Россети Северо-Запад
Россети Сибирь (ГК)
Россети Томск
Россети Тюмень
Россети Урал (ГК)
Россети ФСК ЕЭС
Россети Центр
Россети Центр и Приволжье (ГК)
Россети Юг (ГК)
Россети Янтарь
-27 500 млн.руб.
-25 000 млн.руб.
-22 500 млн.руб.
-20 000 млн.руб.
-17 500 млн.руб.
-15 000 млн.руб.
-12 500 млн.руб.
-10 000 млн.руб.
-7 500 млн.руб.
-5 000 млн.руб.
-2 500 млн.руб.
0 млн.руб.
2 500 млн.руб.
5 000 млн.руб.
7 500 млн.руб.
10 000 млн.руб.
300
101
156
3 953
4 462
7 500
888
878
1 274
238
-5 106
1 955
-24 344
2 435
4 419
1 357
318
млн.
%
Выручка
Отклонение выручки по ПАО Россети за Январь, Февраль, Март, Апрель, Май, Июнь, Июль, Август, Сентябрь, Октябрь 2024 года (факт/план, млн. руб)
ПАО Россети
782.4 млн.руб.
Статус данных
×
Просьба обратить внимание
Данные занесены не полностью
ВЫБРАННЫЕ ЗНАЧЕНИЯ ФИЛЬТРОВ
ДЗО | ПЕРИОД
ПАО Россети: [«Выбраны все филиалы по всем ДЗО по всем категориям»]
2024: [Янв, Фев, Мар, Апр, Май, Июн, Июл, Авг, Сен, Окт]
*Внутренний оборот'

02-12-2024T03:06:05 - [TEST_STEP][PASSED] - searchWord = "а": null

02-12-2024T03:06:05 - [TEST_STEP][PASSED] - if (urlText.contains("ошибка") || urlText.contains(searchWord) == false): null

02-12-2024T03:06:05 - [TEST_STEP][PASSED] - delay(45): Delayed 45 second(s)

02-12-2024T03:06:50 - [MESSAGE][PASSED] - Delayed 45 second(s)

02-12-2024T03:06:50 - [TEST_STEP][PASSED] - if (block == 2): Delayed 50 second(s)

02-12-2024T03:06:50 - [TEST_STEP][PASSED] - opoveshenie = getText(findTestObject("Выручка в рублях/Просьба обратить внимание")): Text of object 'Object Repository/Выручка в рублях/Просьба обратить внимание' is: 'Просьба обратить внимание'

02-12-2024T03:06:50 - [MESSAGE][PASSED] - Text of object 'Object Repository/Выручка в рублях/Просьба обратить внимание' is: 'Просьба обратить внимание'

02-12-2024T03:06:50 - [TEST_STEP][PASSED] - if (opoveshenie == "Просьба обратить внимание"): Delayed 50 second(s)

02-12-2024T03:06:50 - [TEST_STEP][PASSED] - click(findTestObject("Выручка в рублях/Закрыть оповещение")): Object: 'Object Repository/Выручка в рублях/Закрыть оповещение' is clicked on

02-12-2024T03:06:51 - [MESSAGE][PASSED] - Object: 'Object Repository/Выручка в рублях/Закрыть оповещение' is clicked on

02-12-2024T03:06:51 - [TEST_STEP][PASSED] - delay(50): Delayed 50 second(s)

02-12-2024T03:07:41 - [MESSAGE][PASSED] - Delayed 50 second(s)

02-12-2024T03:07:41 - [TEST_STEP][PASSED] - click(findTestObject("Выручка в рублях/Фильтр Период" + nameOfBlock)): Object: 'Object Repository/Выручка в рублях/Фильтр Период Выручка' is clicked on

02-12-2024T03:07:41 - [MESSAGE][PASSED] - Object: 'Object Repository/Выручка в рублях/Фильтр Период Выручка' is clicked on

02-12-2024T03:07:41 - [TEST_STEP][PASSED] - click(findTestObject("Выручка в рублях/Снять выделение в фильтре Дата" + nameOfBlock)): Object: 'Object Repository/Выручка в рублях/Снять выделение в фильтре Дата Выручка' is clicked on

02-12-2024T03:07:42 - [MESSAGE][PASSED] - Object: 'Object Repository/Выручка в рублях/Снять выделение в фильтре Дата Выручка' is clicked on

02-12-2024T03:07:42 - [TEST_STEP][PASSED] - click(findTestObject("Выручка в рублях/Применить в фильтре Дата" + nameOfBlock)): Object: 'Object Repository/Выручка в рублях/Применить в фильтре Дата Выручка' is clicked on

02-12-2024T03:07:42 - [MESSAGE][PASSED] - Object: 'Object Repository/Выручка в рублях/Применить в фильтре Дата Выручка' is clicked on

02-12-2024T03:07:42 - [TEST_STEP][PASSED] - delay(50): Delayed 50 second(s)

02-12-2024T03:08:32 - [MESSAGE][PASSED] - Delayed 50 second(s)

02-12-2024T03:08:32 - [TEST_STEP][PASSED] - click(findTestObject("Выручка в рублях/Фильтр Период" + nameOfBlock)): Object: 'Object Repository/Выручка в рублях/Фильтр Период Выручка' is clicked on

02-12-2024T03:08:32 - [MESSAGE][PASSED] - Object: 'Object Repository/Выручка в рублях/Фильтр Период Выручка' is clicked on

02-12-2024T03:08:32 - [TEST_STEP][PASSED] - click(findTestObject("Выручка в рублях/Снять выделение в фильтре Дата" + nameOfBlock)): Object: 'Object Repository/Выручка в рублях/Снять выделение в фильтре Дата Выручка' is clicked on

02-12-2024T03:08:33 - [MESSAGE][PASSED] - Object: 'Object Repository/Выручка в рублях/Снять выделение в фильтре Дата Выручка' is clicked on

02-12-2024T03:08:33 - [TEST_STEP][PASSED] - scrollToElement(findTestObject("Выручка в рублях/2024 список" + nameOfBlock), 30): Scroll to object 'Object Repository/Выручка в рублях/2024 список Выручка' successfully

02-12-2024T03:08:33 - [MESSAGE][PASSED] - Scroll to object 'Object Repository/Выручка в рублях/2024 список Выручка' successfully

02-12-2024T03:08:33 - [TEST_STEP][PASSED] - click(findTestObject("Выручка в рублях/2024 список" + nameOfBlock)): Object: 'Object Repository/Выручка в рублях/2024 список Выручка' is clicked on

02-12-2024T03:08:34 - [MESSAGE][PASSED] - Object: 'Object Repository/Выручка в рублях/2024 список Выручка' is clicked on

02-12-2024T03:08:34 - [TEST_STEP][PASSED] - scrollToElement(findTestObject("Выручка в рублях/1 квартал 2024 выбрать" + nameOfBlock), 30): Scroll to object 'Object Repository/Выручка в рублях/1 квартал 2024 выбрать Выручка' successfully

02-12-2024T03:08:34 - [MESSAGE][PASSED] - Scroll to object 'Object Repository/Выручка в рублях/1 квартал 2024 выбрать Выручка' successfully

02-12-2024T03:08:34 - [TEST_STEP][PASSED] - click(findTestObject("Выручка в рублях/1 квартал 2024 выбрать" + nameOfBlock)): Object: 'Object Repository/Выручка в рублях/1 квартал 2024 выбрать Выручка' is clicked on

02-12-2024T03:08:35 - [MESSAGE][PASSED] - Object: 'Object Repository/Выручка в рублях/1 квартал 2024 выбрать Выручка' is clicked on

02-12-2024T03:08:35 - [TEST_STEP][PASSED] - scrollToElement(findTestObject("Выручка в рублях/2 квартал 2024 выбрать" + nameOfBlock), 30): Scroll to object 'Object Repository/Выручка в рублях/2 квартал 2024 выбрать Выручка' successfully

02-12-2024T03:08:35 - [MESSAGE][PASSED] - Scroll to object 'Object Repository/Выручка в рублях/2 квартал 2024 выбрать Выручка' successfully

02-12-2024T03:08:35 - [TEST_STEP][PASSED] - click(findTestObject("Выручка в рублях/2 квартал 2024 выбрать" + nameOfBlock)): Object: 'Object Repository/Выручка в рублях/2 квартал 2024 выбрать Выручка' is clicked on

02-12-2024T03:08:35 - [MESSAGE][PASSED] - Object: 'Object Repository/Выручка в рублях/2 квартал 2024 выбрать Выручка' is clicked on

02-12-2024T03:08:35 - [TEST_STEP][PASSED] - scrollToElement(findTestObject("Выручка в рублях/3 квартал 2024 список" + nameOfBlock), 30): Scroll to object 'Object Repository/Выручка в рублях/3 квартал 2024 список Выручка' successfully

02-12-2024T03:08:36 - [MESSAGE][PASSED] - Scroll to object 'Object Repository/Выручка в рублях/3 квартал 2024 список Выручка' successfully

02-12-2024T03:08:36 - [TEST_STEP][PASSED] - click(findTestObject("Выручка в рублях/3 квартал 2024" + nameOfBlock)): Object: 'Object Repository/Выручка в рублях/3 квартал 2024 Выручка' is clicked on

02-12-2024T03:08:36 - [MESSAGE][PASSED] - Object: 'Object Repository/Выручка в рублях/3 квартал 2024 Выручка' is clicked on

02-12-2024T03:08:36 - [TEST_STEP][PASSED] - scrollToElement(findTestObject("Выручка в рублях/4 квартал 2024 список" + nameOfBlock), 30): Scroll to object 'Object Repository/Выручка в рублях/4 квартал 2024 список Выручка' successfully

02-12-2024T03:08:37 - [MESSAGE][PASSED] - Scroll to object 'Object Repository/Выручка в рублях/4 квартал 2024 список Выручка' successfully

02-12-2024T03:08:37 - [TEST_STEP][PASSED] - click(findTestObject("Выручка в рублях/4 квартал 2024 список" + nameOfBlock)): Object: 'Object Repository/Выручка в рублях/4 квартал 2024 список Выручка' is clicked on

02-12-2024T03:08:37 - [MESSAGE][PASSED] - Object: 'Object Repository/Выручка в рублях/4 квартал 2024 список Выручка' is clicked on

02-12-2024T03:08:37 - [TEST_STEP][PASSED] - scrollToElement(findTestObject("Выручка в рублях/Октябрь 2024" + nameOfBlock), 30): Scroll to object 'Object Repository/Выручка в рублях/Октябрь 2024 Выручка' successfully

02-12-2024T03:08:37 - [MESSAGE][PASSED] - Scroll to object 'Object Repository/Выручка в рублях/Октябрь 2024 Выручка' successfully

02-12-2024T03:08:37 - [TEST_STEP][PASSED] - click(findTestObject("Выручка в рублях/Октябрь 2024" + nameOfBlock)): Object: 'Object Repository/Выручка в рублях/Октябрь 2024 Выручка' is clicked on

02-12-2024T03:08:38 - [MESSAGE][PASSED] - Object: 'Object Repository/Выручка в рублях/Октябрь 2024 Выручка' is clicked on

02-12-2024T03:08:38 - [TEST_STEP][PASSED] - scrollToElement(findTestObject("Выручка в рублях/Заголовок дашборда" + nameOfBlock), 30): Scroll to object 'Object Repository/Выручка в рублях/Заголовок дашборда Выручка' successfully

02-12-2024T03:08:38 - [MESSAGE][PASSED] - Scroll to object 'Object Repository/Выручка в рублях/Заголовок дашборда Выручка' successfully

02-12-2024T03:08:38 - [TEST_STEP][PASSED] - click(findTestObject("Выручка в рублях/Применить в фильтре Дата" + nameOfBlock)): Object: 'Object Repository/Выручка в рублях/Применить в фильтре Дата Выручка' is clicked on

02-12-2024T03:08:39 - [MESSAGE][PASSED] - Object: 'Object Repository/Выручка в рублях/Применить в фильтре Дата Выручка' is clicked on

02-12-2024T03:08:39 - [TEST_STEP][PASSED] - delay(55): Delayed 55 second(s)

02-12-2024T03:09:34 - [MESSAGE][PASSED] - Delayed 55 second(s)

02-12-2024T03:09:34 - [TEST_STEP][PASSED] - click(findTestObject("Выручка в рублях/Фильтр ДЗО" + nameOfBlock)): Object: 'Object Repository/Выручка в рублях/Фильтр ДЗО Выручка' is clicked on

02-12-2024T03:09:34 - [MESSAGE][PASSED] - Object: 'Object Repository/Выручка в рублях/Фильтр ДЗО Выручка' is clicked on

02-12-2024T03:09:34 - [TEST_STEP][PASSED] - click(findTestObject("Выручка в рублях/Снять выделение в фильтре ДЗО" + nameOfBlock)): Object: 'Object Repository/Выручка в рублях/Снять выделение в фильтре ДЗО Выручка' is clicked on

02-12-2024T03:09:35 - [MESSAGE][PASSED] - Object: 'Object Repository/Выручка в рублях/Снять выделение в фильтре ДЗО Выручка' is clicked on

02-12-2024T03:09:35 - [TEST_STEP][PASSED] - click(findTestObject("Выручка в рублях/Применить в фильтре ДЗО" + nameOfBlock)): Object: 'Object Repository/Выручка в рублях/Применить в фильтре ДЗО Выручка' is clicked on

02-12-2024T03:09:35 - [MESSAGE][PASSED] - Object: 'Object Repository/Выручка в рублях/Применить в фильтре ДЗО Выручка' is clicked on

02-12-2024T03:09:35 - [TEST_STEP][PASSED] - delay(50): Delayed 50 second(s)

02-12-2024T03:10:25 - [MESSAGE][PASSED] - Delayed 50 second(s)

02-12-2024T03:10:25 - [TEST_STEP][PASSED] - Script1710234207206.Tumbler(run, vir, block, nameOfBlock): null

02-12-2024T03:10:25 - [TEST_STEP][PASSED] - println("run:" + run): null

02-12-2024T03:10:25 - [TEST_STEP][PASSED] - println("vir:" + vir): null

02-12-2024T03:10:25 - [TEST_STEP][PASSED] - println("block:" + block): null

02-12-2024T03:10:25 - [TEST_STEP][PASSED] - println("nameOfBlock:" + nameOfBlock): null

02-12-2024T03:10:25 - [TEST_STEP][PASSED] - if (vir == 1): null

02-12-2024T03:10:25 - [TEST_STEP][PASSED] - else if (vir == 2): Object: 'Object Repository/Выручка в рублях/Применить в фильтре Выручка Выручка' is clicked on

02-12-2024T03:10:25 - [TEST_STEP][PASSED] - if (run == 2): null

02-12-2024T03:10:25 - [TEST_STEP][PASSED] - click(findTestObject("Выручка в рублях/Фильтр Выручка" + nameOfBlock)): Object: 'Object Repository/Выручка в рублях/Фильтр Выручка Выручка' is clicked on

02-12-2024T03:10:26 - [MESSAGE][PASSED] - Object: 'Object Repository/Выручка в рублях/Фильтр Выручка Выручка' is clicked on

02-12-2024T03:10:26 - [TEST_STEP][PASSED] - click(findTestObject("Выручка в рублях/Итого в фильтре Выручка" + nameOfBlock)): Object: 'Object Repository/Выручка в рублях/Итого в фильтре Выручка Выручка' is clicked on

02-12-2024T03:10:26 - [MESSAGE][PASSED] - Object: 'Object Repository/Выручка в рублях/Итого в фильтре Выручка Выручка' is clicked on

02-12-2024T03:10:26 - [TEST_STEP][PASSED] - click(findTestObject("Выручка в рублях/Применить в фильтре Выручка" + nameOfBlock)): Object: 'Object Repository/Выручка в рублях/Применить в фильтре Выручка Выручка' is clicked on

02-12-2024T03:10:27 - [MESSAGE][PASSED] - Object: 'Object Repository/Выручка в рублях/Применить в фильтре Выручка Выручка' is clicked on

02-12-2024T03:10:27 - [TEST_STEP][PASSED] - click(findTestObject("Выручка в рублях/Фильтр ДЗО" + nameOfBlock)): Object: 'Object Repository/Выручка в рублях/Фильтр ДЗО Выручка' is clicked on

02-12-2024T03:10:29 - [MESSAGE][PASSED] - Object: 'Object Repository/Выручка в рублях/Фильтр ДЗО Выручка' is clicked on

02-12-2024T03:10:29 - [TEST_STEP][PASSED] - Script1710234207206.Rosseti(nameOfBlock): null

02-12-2024T03:10:29 - [TEST_STEP][PASSED] - println("nameOfBlock:" + nameOfBlock): null

02-12-2024T03:10:29 - [TEST_STEP][PASSED] - click(findTestObject("Выручка в рублях/ПАО Россети" + nameOfBlock)): Object: 'Object Repository/Выручка в рублях/ПАО Россети Выручка' is clicked on

02-12-2024T03:10:30 - [MESSAGE][PASSED] - Object: 'Object Repository/Выручка в рублях/ПАО Россети Выручка' is clicked on

02-12-2024T03:10:30 - [TEST_STEP][PASSED] - click(findTestObject("Выручка в рублях/Применить в фильтре ДЗО" + nameOfBlock)): Object: 'Object Repository/Выручка в рублях/Применить в фильтре ДЗО Выручка' is clicked on

02-12-2024T03:10:31 - [MESSAGE][PASSED] - Object: 'Object Repository/Выручка в рублях/Применить в фильтре ДЗО Выручка' is clicked on

02-12-2024T03:10:31 - [TEST_STEP][PASSED] - if (vir == 1 || vir == 2): Text of object 'Object Repository/Выручка в рублях/График План Выручка' is: '1 160 716'

02-12-2024T03:10:31 - [TEST_STEP][PASSED] - b1 = getText(findTestObject("Выручка в рублях/График План Выручка")): Text of object 'Object Repository/Выручка в рублях/График План Выручка' is: '1 160 716'

02-12-2024T03:10:33 - [MESSAGE][PASSED] - Text of object 'Object Repository/Выручка в рублях/График План Выручка' is: '1 160 716'

02-12-2024T03:10:33 - [TEST_STEP][PASSED] - if (vir == 1 || vir == 2): Text of object 'Object Repository/Выручка в рублях/График Факт Выручка' is: '1 160 805'

02-12-2024T03:10:33 - [TEST_STEP][PASSED] - b2 = getText(findTestObject("Выручка в рублях/График Факт Выручка")): Text of object 'Object Repository/Выручка в рублях/График Факт Выручка' is: '1 160 805'

02-12-2024T03:10:33 - [MESSAGE][PASSED] - Text of object 'Object Repository/Выручка в рублях/График Факт Выручка' is: '1 160 805'

02-12-2024T03:10:33 - [TEST_STEP][PASSED] - b30 = getText(findTestObject("Выручка в рублях/span1" + perc)): Text of object 'Object Repository/Выручка в рублях/span1' is: '89.8 млн.руб.'

02-12-2024T03:10:33 - [MESSAGE][PASSED] - Text of object 'Object Repository/Выручка в рублях/span1' is: '89.8 млн.руб.'

02-12-2024T03:10:33 - [TEST_STEP][PASSED] - i = b30.indexOf("млн.руб."): null

02-12-2024T03:10:33 - [TEST_STEP][PASSED] - if (i > -1): null

02-12-2024T03:10:33 - [TEST_STEP][PASSED] - b30 = b30.substring(0, i): null

02-12-2024T03:10:33 - [TEST_STEP][PASSED] - b30 = b30.replaceAll(" ", ""): null

02-12-2024T03:10:33 - [TEST_STEP][PASSED] - if (b30.contains("%")): null

02-12-2024T03:10:33 - [TEST_STEP][PASSED] - b30 = ").trim(): null

02-12-2024T03:10:33 - [TEST_STEP][PASSED] - println("b30: " + b30): null

02-12-2024T03:10:33 - [TEST_STEP][PASSED] - if (vir == 1 || vir == 2): Text of object 'Object Repository/Выручка в рублях/span2' is: '383'

02-12-2024T03:10:33 - [TEST_STEP][PASSED] - b31 = ").trim(): Text of object 'Object Repository/Выручка в рублях/span2' is: '383'

02-12-2024T03:10:33 - [MESSAGE][PASSED] - Text of object 'Object Repository/Выручка в рублях/span2' is: '383'

02-12-2024T03:10:33 - [TEST_STEP][PASSED] - if (vir == 1 || vir == 2): Text of object 'Object Repository/Выручка в рублях/span3' is: '-12'

02-12-2024T03:10:33 - [TEST_STEP][PASSED] - b32 = ").trim(): Text of object 'Object Repository/Выручка в рублях/span3' is: '-12'

02-12-2024T03:10:34 - [MESSAGE][PASSED] - Text of object 'Object Repository/Выручка в рублях/span3' is: '-12'

02-12-2024T03:10:34 - [TEST_STEP][PASSED] - if (vir == 1 || vir == 2): Text of object 'Object Repository/Выручка в рублях/span8' is: '263'

02-12-2024T03:10:34 - [TEST_STEP][PASSED] - b33 = ").trim(): Text of object 'Object Repository/Выручка в рублях/span4' is: '156'

02-12-2024T03:10:34 - [MESSAGE][PASSED] - Text of object 'Object Repository/Выручка в рублях/span4' is: '156'

02-12-2024T03:10:34 - [TEST_STEP][PASSED] - b34 = ").trim(): Text of object 'Object Repository/Выручка в рублях/span5' is: '3 953'

02-12-2024T03:10:34 - [MESSAGE][PASSED] - Text of object 'Object Repository/Выручка в рублях/span5' is: '3 953'

02-12-2024T03:10:34 - [TEST_STEP][PASSED] - b35 = ").trim(): Text of object 'Object Repository/Выручка в рублях/span6' is: '4 462'

02-12-2024T03:10:35 - [MESSAGE][PASSED] - Text of object 'Object Repository/Выручка в рублях/span6' is: '4 462'

02-12-2024T03:10:35 - [TEST_STEP][PASSED] - b36 = ").trim(): Text of object 'Object Repository/Выручка в рублях/span7' is: '7 500'

02-12-2024T03:10:35 - [MESSAGE][PASSED] - Text of object 'Object Repository/Выручка в рублях/span7' is: '7 500'

02-12-2024T03:10:35 - [TEST_STEP][PASSED] - b37 = ").trim(): Text of object 'Object Repository/Выручка в рублях/span8' is: '263'

02-12-2024T03:10:35 - [MESSAGE][PASSED] - Text of object 'Object Repository/Выручка в рублях/span8' is: '263'

02-12-2024T03:10:35 - [TEST_STEP][PASSED] - if (vir == 1 || vir == 2): Text of object 'Object Repository/Выручка в рублях/span17' is: '1 319'

02-12-2024T03:10:35 - [TEST_STEP][PASSED] - b38 = ").trim(): Text of object 'Object Repository/Выручка в рублях/span9' is: '878'

02-12-2024T03:10:36 - [MESSAGE][PASSED] - Text of object 'Object Repository/Выручка в рублях/span9' is: '878'

02-12-2024T03:10:36 - [TEST_STEP][PASSED] - b39 = ").trim(): Text of object 'Object Repository/Выручка в рублях/span10' is: '1 274'

02-12-2024T03:10:36 - [MESSAGE][PASSED] - Text of object 'Object Repository/Выручка в рублях/span10' is: '1 274'

02-12-2024T03:10:36 - [TEST_STEP][PASSED] - b310 = ").trim(): Text of object 'Object Repository/Выручка в рублях/span11' is: '238'

02-12-2024T03:10:36 - [MESSAGE][PASSED] - Text of object 'Object Repository/Выручка в рублях/span11' is: '238'

02-12-2024T03:10:36 - [TEST_STEP][PASSED] - b311 = ").trim(): Text of object 'Object Repository/Выручка в рублях/span12' is: '-5 106'

02-12-2024T03:10:36 - [MESSAGE][PASSED] - Text of object 'Object Repository/Выручка в рублях/span12' is: '-5 106'

02-12-2024T03:10:36 - [TEST_STEP][PASSED] - b312 = ").trim(): Text of object 'Object Repository/Выручка в рублях/span13' is: '1 955'

02-12-2024T03:10:37 - [MESSAGE][PASSED] - Text of object 'Object Repository/Выручка в рублях/span13' is: '1 955'

02-12-2024T03:10:37 - [TEST_STEP][PASSED] - b313 = ").trim(): Text of object 'Object Repository/Выручка в рублях/span14' is: '-24 344'

02-12-2024T03:10:37 - [MESSAGE][PASSED] - Text of object 'Object Repository/Выручка в рублях/span14' is: '-24 344'

02-12-2024T03:10:37 - [TEST_STEP][PASSED] - b314 = ").trim(): Text of object 'Object Repository/Выручка в рублях/span15' is: '2 435'

02-12-2024T03:10:37 - [MESSAGE][PASSED] - Text of object 'Object Repository/Выручка в рублях/span15' is: '2 435'

02-12-2024T03:10:37 - [TEST_STEP][PASSED] - b315 = ").trim(): Text of object 'Object Repository/Выручка в рублях/span16' is: '4 419'

02-12-2024T03:10:38 - [MESSAGE][PASSED] - Text of object 'Object Repository/Выручка в рублях/span16' is: '4 419'

02-12-2024T03:10:38 - [TEST_STEP][PASSED] - b316 = ").trim(): Text of object 'Object Repository/Выручка в рублях/span17' is: '1 319'

02-12-2024T03:10:38 - [MESSAGE][PASSED] - Text of object 'Object Repository/Выручка в рублях/span17' is: '1 319'

02-12-2024T03:10:38 - [TEST_STEP][PASSED] - if (vir == 1 || vir == 2): Text of object 'Object Repository/Выручка в рублях/span18' is: '318'

02-12-2024T03:10:38 - [TEST_STEP][PASSED] - b317 = ").trim(): Text of object 'Object Repository/Выручка в рублях/span18' is: '318'

02-12-2024T03:10:38 - [MESSAGE][PASSED] - Text of object 'Object Repository/Выручка в рублях/span18' is: '318'

02-12-2024T03:10:38 - [TEST_STEP][PASSED] - dZO = "ПАО Россети": null

02-12-2024T03:10:38 - [TEST_STEP][PASSED] - if (verifyEqual(a1, b1) == false): Actual object '1 160 716' and expected object '1 160 716' are equal

02-12-2024T03:10:38 - [MESSAGE][PASSED] - Actual object '1 160 716' and expected object '1 160 716' are equal

02-12-2024T03:10:38 - [TEST_STEP][PASSED] - if (verifyEqual(a2, b2) == false): Actual object '1 160 805' and expected object '1 160 805' are equal

02-12-2024T03:10:38 - [MESSAGE][PASSED] - Actual object '1 160 805' and expected object '1 160 805' are equal

02-12-2024T03:10:38 - [TEST_STEP][PASSED] - vidget = "Отклонения": null

02-12-2024T03:10:38 - [TEST_STEP][PASSED] - if (verifyEqual(a30, b30) == false): Actual object '89.8' and expected object '89.8' are equal

02-12-2024T03:10:38 - [MESSAGE][PASSED] - Actual object '89.8' and expected object '89.8' are equal

02-12-2024T03:10:38 - [TEST_STEP][PASSED] - dZO = "АО «Тываэнерго»": null

02-12-2024T03:10:38 - [TEST_STEP][PASSED] - if (verifyEqual(a31, b31) == false): Actual object '383' and expected object '383' are equal

02-12-2024T03:10:38 - [MESSAGE][PASSED] - Actual object '383' and expected object '383' are equal

02-12-2024T03:10:38 - [TEST_STEP][PASSED] - dZO = "АО «Чеченэнерго»": null

02-12-2024T03:10:38 - [TEST_STEP][PASSED] - if (verifyEqual(a32, b32) == false): Actual object '-12' and expected object '-12' are equal

02-12-2024T03:10:38 - [MESSAGE][PASSED] - Actual object '-12' and expected object '-12' are equal

02-12-2024T03:10:38 - [TEST_STEP][PASSED] - dZO = "Россети Волга": null

02-12-2024T03:10:38 - [TEST_STEP][PASSED] - if (verifyEqual(a33, b33) == false): Actual object '156' and expected object '156' are equal

02-12-2024T03:10:38 - [MESSAGE][PASSED] - Actual object '156' and expected object '156' are equal

02-12-2024T03:10:38 - [TEST_STEP][PASSED] - dZO = "Россети Кубань": null

02-12-2024T03:10:38 - [TEST_STEP][PASSED] - if (verifyEqual(a34, b34) == false): Actual object '3 953' and expected object '3 953' are equal

02-12-2024T03:10:38 - [MESSAGE][PASSED] - Actual object '3 953' and expected object '3 953' are equal

02-12-2024T03:10:38 - [TEST_STEP][PASSED] - dZO = "Россети Ленэнерго (ГК)": null

02-12-2024T03:10:38 - [TEST_STEP][PASSED] - if (verifyEqual(a35, b35) == false): Actual object '4 462' and expected object '4 462' are equal

02-12-2024T03:10:38 - [MESSAGE][PASSED] - Actual object '4 462' and expected object '4 462' are equal

02-12-2024T03:10:38 - [TEST_STEP][PASSED] - dZO = "Россети Московский регион": null

02-12-2024T03:10:38 - [TEST_STEP][PASSED] - if (verifyEqual(a36, b36) == false): Actual object '7 500' and expected object '7 500' are equal

02-12-2024T03:10:38 - [MESSAGE][PASSED] - Actual object '7 500' and expected object '7 500' are equal

02-12-2024T03:10:38 - [TEST_STEP][PASSED] - dZO = "Россети Северный Кавказ (ГК)": null

02-12-2024T03:10:38 - [TEST_STEP][PASSED] - if (verifyEqual(a37, b37) == false): Actual object '263' and expected object '263' are equal

02-12-2024T03:10:38 - [MESSAGE][PASSED] - Actual object '263' and expected object '263' are equal

02-12-2024T03:10:38 - [TEST_STEP][PASSED] - dZO = "Россети Северо-Запад": null

02-12-2024T03:10:38 - [TEST_STEP][PASSED] - if (verifyEqual(a38, b38) == false): Actual object '878' and expected object '878' are equal

02-12-2024T03:10:38 - [MESSAGE][PASSED] - Actual object '878' and expected object '878' are equal

02-12-2024T03:10:38 - [TEST_STEP][PASSED] - dZO = "Россети Сибирь (ГК)": null

02-12-2024T03:10:38 - [TEST_STEP][PASSED] - if (verifyEqual(a39, b39) == false): Actual object '1 274' and expected object '1 274' are equal

02-12-2024T03:10:38 - [MESSAGE][PASSED] - Actual object '1 274' and expected object '1 274' are equal

02-12-2024T03:10:38 - [TEST_STEP][PASSED] - dZO = "Россети Томск": null

02-12-2024T03:10:38 - [TEST_STEP][PASSED] - if (verifyEqual(a310, b310) == false): Actual object '238' and expected object '238' are equal

02-12-2024T03:10:38 - [MESSAGE][PASSED] - Actual object '238' and expected object '238' are equal

02-12-2024T03:10:38 - [TEST_STEP][PASSED] - dZO = "Россети Тюмень": null

02-12-2024T03:10:38 - [TEST_STEP][PASSED] - if (verifyEqual(a311, b311) == false): Actual object '-5 106' and expected object '-5 106' are equal

02-12-2024T03:10:38 - [MESSAGE][PASSED] - Actual object '-5 106' and expected object '-5 106' are equal

02-12-2024T03:10:38 - [TEST_STEP][PASSED] - dZO = "Россети Урал (ГК)": null

02-12-2024T03:10:38 - [TEST_STEP][PASSED] - if (verifyEqual(a312, b312) == false): Actual object '1 955' and expected object '1 955' are equal

02-12-2024T03:10:38 - [MESSAGE][PASSED] - Actual object '1 955' and expected object '1 955' are equal

02-12-2024T03:10:38 - [TEST_STEP][PASSED] - dZO = "Россети ФСК ЕЭС": null

02-12-2024T03:10:38 - [TEST_STEP][PASSED] - if (verifyEqual(a313, b313) == false): Actual object '-24 344' and expected object '-24 344' are equal

02-12-2024T03:10:38 - [MESSAGE][PASSED] - Actual object '-24 344' and expected object '-24 344' are equal

02-12-2024T03:10:38 - [TEST_STEP][PASSED] - dZO = "Россети Центр": null

02-12-2024T03:10:38 - [TEST_STEP][PASSED] - if (verifyEqual(a314, b314) == false): Actual object '2 435' and expected object '2 435' are equal

02-12-2024T03:10:38 - [MESSAGE][PASSED] - Actual object '2 435' and expected object '2 435' are equal

02-12-2024T03:10:38 - [TEST_STEP][PASSED] - dZO = "Россети Центр и Приволжье (ГК)": null

02-12-2024T03:10:38 - [TEST_STEP][PASSED] - if (verifyEqual(a315, b315) == false): Actual object '4 419' and expected object '4 419' are equal

02-12-2024T03:10:38 - [MESSAGE][PASSED] - Actual object '4 419' and expected object '4 419' are equal

02-12-2024T03:10:38 - [TEST_STEP][PASSED] - dZO = "Россети Юг (ГК)": null

02-12-2024T03:10:38 - [TEST_STEP][PASSED] - if (verifyEqual(a316, b316) == false): Actual object '1 319' and expected object '1 319' are equal

02-12-2024T03:10:38 - [MESSAGE][PASSED] - Actual object '1 319' and expected object '1 319' are equal

02-12-2024T03:10:38 - [TEST_STEP][PASSED] - dZO = "Россети Янтарь": null

02-12-2024T03:10:38 - [TEST_STEP][PASSED] - if (verifyEqual(a317, b317) == false): Actual object '318' and expected object '318' are equal

02-12-2024T03:10:38 - [MESSAGE][PASSED] - Actual object '318' and expected object '318' are equal

02-12-2024T03:10:38 - [TEST_STEP][PASSED] - closeBrowser(): null

02-12-2024T03:10:39 - [MESSAGE][PASSED] - Browser is closed

02-12-2024T03:10:39 - [TEST_STEP][PASSED] - Script1710234207206.Blocks(run, vir, block, nameOfBlock, typeOfData, viruchka, vidget, todaysDate, a, b, dZO, x, y): null

02-12-2024T03:10:39 - [TEST_STEP][PASSED] - i = <not implemented yet for class: org.codehaus.groovy.ast.expr.EmptyExpression>: null

02-12-2024T03:10:39 - [TEST_STEP][PASSED] - perc = "": null

02-12-2024T03:10:39 - [TEST_STEP][PASSED] - a1 = <not implemented yet for class: org.codehaus.groovy.ast.expr.EmptyExpression>: null

02-12-2024T03:10:39 - [TEST_STEP][PASSED] - a2 = <not implemented yet for class: org.codehaus.groovy.ast.expr.EmptyExpression>: null

02-12-2024T03:10:39 - [TEST_STEP][PASSED] - a30 = <not implemented yet for class: org.codehaus.groovy.ast.expr.EmptyExpression>: null

02-12-2024T03:10:39 - [TEST_STEP][PASSED] - a31 = <not implemented yet for class: org.codehaus.groovy.ast.expr.EmptyExpression>: null

02-12-2024T03:10:39 - [TEST_STEP][PASSED] - a32 = <not implemented yet for class: org.codehaus.groovy.ast.expr.EmptyExpression>: null

02-12-2024T03:10:39 - [TEST_STEP][PASSED] - a33 = <not implemented yet for class: org.codehaus.groovy.ast.expr.EmptyExpression>: null

02-12-2024T03:10:39 - [TEST_STEP][PASSED] - a34 = <not implemented yet for class: org.codehaus.groovy.ast.expr.EmptyExpression>: null

02-12-2024T03:10:39 - [TEST_STEP][PASSED] - a35 = <not implemented yet for class: org.codehaus.groovy.ast.expr.EmptyExpression>: null

02-12-2024T03:10:39 - [TEST_STEP][PASSED] - a36 = <not implemented yet for class: org.codehaus.groovy.ast.expr.EmptyExpression>: null

02-12-2024T03:10:39 - [TEST_STEP][PASSED] - a37 = <not implemented yet for class: org.codehaus.groovy.ast.expr.EmptyExpression>: null

02-12-2024T03:10:39 - [TEST_STEP][PASSED] - a38 = <not implemented yet for class: org.codehaus.groovy.ast.expr.EmptyExpression>: null

02-12-2024T03:10:39 - [TEST_STEP][PASSED] - a39 = <not implemented yet for class: org.codehaus.groovy.ast.expr.EmptyExpression>: null

02-12-2024T03:10:39 - [TEST_STEP][PASSED] - a310 = <not implemented yet for class: org.codehaus.groovy.ast.expr.EmptyExpression>: null

02-12-2024T03:10:39 - [TEST_STEP][PASSED] - a311 = <not implemented yet for class: org.codehaus.groovy.ast.expr.EmptyExpression>: null

02-12-2024T03:10:39 - [TEST_STEP][PASSED] - a312 = <not implemented yet for class: org.codehaus.groovy.ast.expr.EmptyExpression>: null

02-12-2024T03:10:39 - [TEST_STEP][PASSED] - a313 = <not implemented yet for class: org.codehaus.groovy.ast.expr.EmptyExpression>: null

02-12-2024T03:10:39 - [TEST_STEP][PASSED] - a314 = <not implemented yet for class: org.codehaus.groovy.ast.expr.EmptyExpression>: null

02-12-2024T03:10:39 - [TEST_STEP][PASSED] - a315 = <not implemented yet for class: org.codehaus.groovy.ast.expr.EmptyExpression>: null

02-12-2024T03:10:39 - [TEST_STEP][PASSED] - a316 = <not implemented yet for class: org.codehaus.groovy.ast.expr.EmptyExpression>: null

02-12-2024T03:10:39 - [TEST_STEP][PASSED] - a317 = <not implemented yet for class: org.codehaus.groovy.ast.expr.EmptyExpression>: null

02-12-2024T03:10:39 - [TEST_STEP][PASSED] - b1 = <not implemented yet for class: org.codehaus.groovy.ast.expr.EmptyExpression>: null

02-12-2024T03:10:39 - [TEST_STEP][PASSED] - b2 = <not implemented yet for class: org.codehaus.groovy.ast.expr.EmptyExpression>: null

02-12-2024T03:10:39 - [TEST_STEP][PASSED] - b30 = <not implemented yet for class: org.codehaus.groovy.ast.expr.EmptyExpression>: null

02-12-2024T03:10:39 - [TEST_STEP][PASSED] - b31 = <not implemented yet for class: org.codehaus.groovy.ast.expr.EmptyExpression>: null

02-12-2024T03:10:39 - [TEST_STEP][PASSED] - b32 = <not implemented yet for class: org.codehaus.groovy.ast.expr.EmptyExpression>: null

02-12-2024T03:10:39 - [TEST_STEP][PASSED] - b33 = <not implemented yet for class: org.codehaus.groovy.ast.expr.EmptyExpression>: null

02-12-2024T03:10:39 - [TEST_STEP][PASSED] - b34 = <not implemented yet for class: org.codehaus.groovy.ast.expr.EmptyExpression>: null

02-12-2024T03:10:39 - [TEST_STEP][PASSED] - b35 = <not implemented yet for class: org.codehaus.groovy.ast.expr.EmptyExpression>: null

02-12-2024T03:10:39 - [TEST_STEP][PASSED] - b36 = <not implemented yet for class: org.codehaus.groovy.ast.expr.EmptyExpression>: null

02-12-2024T03:10:39 - [TEST_STEP][PASSED] - b37 = <not implemented yet for class: org.codehaus.groovy.ast.expr.EmptyExpression>: null

02-12-2024T03:10:39 - [TEST_STEP][PASSED] - b38 = <not implemented yet for class: org.codehaus.groovy.ast.expr.EmptyExpression>: null

02-12-2024T03:10:39 - [TEST_STEP][PASSED] - b39 = <not implemented yet for class: org.codehaus.groovy.ast.expr.EmptyExpression>: null

02-12-2024T03:10:39 - [TEST_STEP][PASSED] - b310 = <not implemented yet for class: org.codehaus.groovy.ast.expr.EmptyExpression>: null

02-12-2024T03:10:39 - [TEST_STEP][PASSED] - b311 = <not implemented yet for class: org.codehaus.groovy.ast.expr.EmptyExpression>: null

02-12-2024T03:10:39 - [TEST_STEP][PASSED] - b312 = <not implemented yet for class: org.codehaus.groovy.ast.expr.EmptyExpression>: null

02-12-2024T03:10:39 - [TEST_STEP][PASSED] - b313 = <not implemented yet for class: org.codehaus.groovy.ast.expr.EmptyExpression>: null

02-12-2024T03:10:39 - [TEST_STEP][PASSED] - b314 = <not implemented yet for class: org.codehaus.groovy.ast.expr.EmptyExpression>: null

02-12-2024T03:10:39 - [TEST_STEP][PASSED] - b315 = <not implemented yet for class: org.codehaus.groovy.ast.expr.EmptyExpression>: null

02-12-2024T03:10:39 - [TEST_STEP][PASSED] - b316 = <not implemented yet for class: org.codehaus.groovy.ast.expr.EmptyExpression>: null

02-12-2024T03:10:39 - [TEST_STEP][PASSED] - b317 = <not implemented yet for class: org.codehaus.groovy.ast.expr.EmptyExpression>: null

02-12-2024T03:10:39 - [TEST_STEP][PASSED] - block = 1: null

02-12-2024T03:10:39 - [TEST_STEP][PASSED] - nameOfBlock = "": null

02-12-2024T03:10:39 - [TEST_STEP][PASSED] - Script1710234207206.PreSettings(run, vir, block, nameOfBlock, typeOfData, todaysDate): null

02-12-2024T03:10:39 - [TEST_STEP][PASSED] - openBrowser(""): Browser is opened with url: ''

02-12-2024T03:10:39 - [MESSAGE][INFO] - Starting 'Chrome' driver

02-12-2024T03:10:39 - [MESSAGE][INFO] - Action delay is set to 0 milliseconds

02-12-2024T03:10:40 - [MESSAGE][PASSED] - Browser is opened with url: ''

02-12-2024T03:10:40 - [TEST_STEP][PASSED] - refresh(): Refresh successfully

02-12-2024T03:10:40 - [MESSAGE][PASSED] - Refresh successfully

02-12-2024T03:10:40 - [TEST_STEP][PASSED] - delay(50): Delayed 50 second(s)

02-12-2024T03:11:30 - [MESSAGE][PASSED] - Delayed 50 second(s)

02-12-2024T03:11:30 - [TEST_STEP][PASSED] - println("run:" + run): null

02-12-2024T03:11:30 - [TEST_STEP][PASSED] - println("vir:" + vir): null

02-12-2024T03:11:30 - [TEST_STEP][PASSED] - println("block:" + block): null

02-12-2024T03:11:30 - [TEST_STEP][PASSED] - if (block == 1): null

02-12-2024T03:11:30 - [TEST_STEP][PASSED] - nameOfBlock = "": null

02-12-2024T03:11:30 - [TEST_STEP][PASSED] - println("nameOfBlock:" + nameOfBlock): null

02-12-2024T03:11:30 - [TEST_STEP][PASSED] - println("typeOfData:" + typeOfData): null

02-12-2024T03:11:30 - [TEST_STEP][PASSED] - println("todaysDate:" + todaysDate): null

02-12-2024T03:11:30 - [TEST_STEP][PASSED] - Script1710234207206.Autorization(block, nameOfBlock): null

02-12-2024T03:11:30 - [TEST_STEP][PASSED] - i = <not implemented yet for class: org.codehaus.groovy.ast.expr.EmptyExpression>: null

02-12-2024T03:11:30 - [TEST_STEP][PASSED] - ii = <not implemented yet for class: org.codehaus.groovy.ast.expr.EmptyExpression>: null

02-12-2024T03:11:30 - [TEST_STEP][PASSED] - urlData = <not implemented yet for class: org.codehaus.groovy.ast.expr.EmptyExpression>: null

02-12-2024T03:11:30 - [TEST_STEP][PASSED] - searchWord = <not implemented yet for class: org.codehaus.groovy.ast.expr.EmptyExpression>: null

02-12-2024T03:11:30 - [TEST_STEP][PASSED] - urlText = <not implemented yet for class: org.codehaus.groovy.ast.expr.EmptyExpression>: null

02-12-2024T03:11:30 - [TEST_STEP][PASSED] - println("block:" + block): null

02-12-2024T03:11:30 - [TEST_STEP][PASSED] - if (block == 1): null

02-12-2024T03:11:30 - [TEST_STEP][PASSED] - nameOfBlock = "": null

02-12-2024T03:11:30 - [TEST_STEP][PASSED] - println("nameOfBlock:" + nameOfBlock): null

02-12-2024T03:11:30 - [TEST_STEP][PASSED] - if (block == 1): Delayed 45 second(s)

02-12-2024T03:11:30 - [TEST_STEP][PASSED] - urlData = 2: null

02-12-2024T03:11:30 - [TEST_STEP][PASSED] - delay(45): Delayed 45 second(s)

02-12-2024T03:12:15 - [MESSAGE][PASSED] - Delayed 45 second(s)

02-12-2024T03:12:15 - [TEST_STEP][PASSED] - navigateToUrl(findTestData("PlanFact").getValue(10, urlData)): Navigate to 'https://bi.rosseti.digital/viewer?dashboardGuid=2301950b23be4ed89c1df75f2020051e&sheetGuid=b723206f698544fb87299f3095c00435&fit=true' successfully

02-12-2024T03:12:25 - [MESSAGE][PASSED] - Navigate to 'https://bi.rosseti.digital/viewer?dashboardGuid=2301950b23be4ed89c1df75f2020051e&sheetGuid=b723206f698544fb87299f3095c00435&fit=true' successfully

02-12-2024T03:12:25 - [TEST_STEP][PASSED] - urlText = getText(findTestObject("Страница авторизации/Text")): Text of object 'Object Repository/Страница авторизации/Text' is: 'Вход'

02-12-2024T03:12:26 - [MESSAGE][PASSED] - Text of object 'Object Repository/Страница авторизации/Text' is: 'Вход'

02-12-2024T03:12:26 - [TEST_STEP][PASSED] - searchWord = "Вход": null

02-12-2024T03:12:26 - [TEST_STEP][PASSED] - if (urlText == null || urlText.contains("ошибка") || urlText.contains(searchWord) == false): null

02-12-2024T03:12:26 - [TEST_STEP][PASSED] - if (verifyElementPresent(findTestObject("Страница авторизации/button_"), 30) == true): null

02-12-2024T03:12:26 - [MESSAGE][PASSED] - Object 'Object Repository/Страница авторизации/button_' is present

02-12-2024T03:12:26 - [TEST_STEP][PASSED] - setText(findTestObject("Страница авторизации/input__username"), findTestData("PlanFact").getValue(8, 1)): Text 'liazgina-di' is set on object 'Object Repository/Страница авторизации/input__username'

02-12-2024T03:12:27 - [MESSAGE][PASSED] - Text 'liazgina-di' is set on object 'Object Repository/Страница авторизации/input__username'

02-12-2024T03:12:27 - [TEST_STEP][PASSED] - setText(findTestObject("Страница авторизации/input__password"), findTestData("PlanFact").getValue(9, 1)): Text ')$%5srZ8o688Dm#q' is set on object 'Object Repository/Страница авторизации/input__password'

02-12-2024T03:12:27 - [MESSAGE][PASSED] - Text ')$%5srZ8o688Dm#q' is set on object 'Object Repository/Страница авторизации/input__password'

02-12-2024T03:12:27 - [TEST_STEP][PASSED] - click(findTestObject("Страница авторизации/button_")): Object: 'Object Repository/Страница авторизации/button_' is clicked on

02-12-2024T03:12:30 - [MESSAGE][PASSED] - Object: 'Object Repository/Страница авторизации/button_' is clicked on

02-12-2024T03:12:30 - [TEST_STEP][PASSED] - delay(45): Delayed 45 second(s)

02-12-2024T03:13:15 - [MESSAGE][PASSED] - Delayed 45 second(s)

02-12-2024T03:13:15 - [TEST_STEP][PASSED] - urlText = getText(findTestObject("Страница авторизации/Text")): Text of object 'Object Repository/Страница авторизации/Text' is: 'Период
1, 2, 3 кв., Октябрь 2024 года
Выручка
Все
Выполнение плановых показателей по ПАО Россети за 1, 2, 3 кв., Октябрь 2024 года
План
Факт
Динамика
2024 год
0 млн.руб.
100 000 млн.руб.
200 000 млн.руб.
300 000 млн.руб.
400 000 млн.руб.
500 000 млн.руб.
600 000 млн.руб.
700 000 млн.руб.
800 000 млн.руб.
900 000 млн.руб.
1 000 000 млн.руб.
1 100 000 млн.руб.
1 200 000 млн.руб.
1 300 000 млн.руб.
1 400 000 млн.руб.
1 180 677
1 181 459
↑
ДЗО 
Все
Внутренний оборот - выручка за услуги по передаче электрической энергии, учтенная в выручке за электроэнергию для конечных потребителей, при выполнении ДЗО функций гарантирующего поставщика
Подписи данных
⬤Отклонение
АО «Тываэнерго»
АО «Чеченэнерго»
Россети Волга
Россети Кубань
Россети Ленэнерго (ГК)
Россети Московский регион
Россети Северный Кавказ (ГК)
Россети Северо-Запад
Россети Сибирь (ГК)
Россети Томск
Россети Тюмень
Россети Урал (ГК)
Россети ФСК ЕЭС
Россети Центр
Россети Центр и Приволжье (ГК)
Россети Юг (ГК)
Россети Янтарь
-25 000млн.руб.
-20 000млн.руб.
-15 000млн.руб.
-10 000млн.руб.
-5 000млн.руб.
0млн.руб.
5 000млн.руб.
10 …
-30 000млн.руб.
300
101
156
3 953
4 462
7 500
888
878
1 274
238
-5 106
1 955
-24 344
2 435
4 419
1 357
318
млн.
%
Выручка
Отклонение выручки по ПАО Россети за 1, 2, 3 кв., Октябрь 2024 года (факт/план, млн. руб)
ПАО Россети
782.4 млн.руб.
 '

02-12-2024T03:13:16 - [MESSAGE][PASSED] - Text of object 'Object Repository/Страница авторизации/Text' is: 'Период
1, 2, 3 кв., Октябрь 2024 года
Выручка
Все
Выполнение плановых показателей по ПАО Россети за 1, 2, 3 кв., Октябрь 2024 года
План
Факт
Динамика
2024 год
0 млн.руб.
100 000 млн.руб.
200 000 млн.руб.
300 000 млн.руб.
400 000 млн.руб.
500 000 млн.руб.
600 000 млн.руб.
700 000 млн.руб.
800 000 млн.руб.
900 000 млн.руб.
1 000 000 млн.руб.
1 100 000 млн.руб.
1 200 000 млн.руб.
1 300 000 млн.руб.
1 400 000 млн.руб.
1 180 677
1 181 459
↑
ДЗО 
Все
Внутренний оборот - выручка за услуги по передаче электрической энергии, учтенная в выручке за электроэнергию для конечных потребителей, при выполнении ДЗО функций гарантирующего поставщика
Подписи данных
⬤Отклонение
АО «Тываэнерго»
АО «Чеченэнерго»
Россети Волга
Россети Кубань
Россети Ленэнерго (ГК)
Россети Московский регион
Россети Северный Кавказ (ГК)
Россети Северо-Запад
Россети Сибирь (ГК)
Россети Томск
Россети Тюмень
Россети Урал (ГК)
Россети ФСК ЕЭС
Россети Центр
Россети Центр и Приволжье (ГК)
Россети Юг (ГК)
Россети Янтарь
-25 000млн.руб.
-20 000млн.руб.
-15 000млн.руб.
-10 000млн.руб.
-5 000млн.руб.
0млн.руб.
5 000млн.руб.
10 …
-30 000млн.руб.
300
101
156
3 953
4 462
7 500
888
878
1 274
238
-5 106
1 955
-24 344
2 435
4 419
1 357
318
млн.
%
Выручка
Отклонение выручки по ПАО Россети за 1, 2, 3 кв., Октябрь 2024 года (факт/план, млн. руб)
ПАО Россети
782.4 млн.руб.
 '

02-12-2024T03:13:16 - [TEST_STEP][PASSED] - searchWord = "а": null

02-12-2024T03:13:16 - [TEST_STEP][PASSED] - if (urlText.contains("ошибка") || urlText.contains(searchWord) == false): null

02-12-2024T03:13:16 - [TEST_STEP][PASSED] - delay(45): Delayed 45 second(s)

02-12-2024T03:14:01 - [MESSAGE][PASSED] - Delayed 45 second(s)

02-12-2024T03:14:01 - [TEST_STEP][PASSED] - if (block == 2): null

02-12-2024T03:14:01 - [TEST_STEP][PASSED] - click(findTestObject("Выручка в рублях/Фильтр Период" + nameOfBlock)): Object: 'Object Repository/Выручка в рублях/Фильтр Период' is clicked on

02-12-2024T03:14:01 - [MESSAGE][PASSED] - Object: 'Object Repository/Выручка в рублях/Фильтр Период' is clicked on

02-12-2024T03:14:01 - [TEST_STEP][PASSED] - click(findTestObject("Выручка в рублях/Снять выделение в фильтре Дата" + nameOfBlock)): Object: 'Object Repository/Выручка в рублях/Снять выделение в фильтре Дата' is clicked on

02-12-2024T03:14:02 - [MESSAGE][PASSED] - Object: 'Object Repository/Выручка в рублях/Снять выделение в фильтре Дата' is clicked on

02-12-2024T03:14:02 - [TEST_STEP][PASSED] - click(findTestObject("Выручка в рублях/Применить в фильтре Дата" + nameOfBlock)): Object: 'Object Repository/Выручка в рублях/Применить в фильтре Дата' is clicked on

02-12-2024T03:14:02 - [MESSAGE][PASSED] - Object: 'Object Repository/Выручка в рублях/Применить в фильтре Дата' is clicked on

02-12-2024T03:14:02 - [TEST_STEP][PASSED] - delay(50): Delayed 50 second(s)

02-12-2024T03:14:52 - [MESSAGE][PASSED] - Delayed 50 second(s)

02-12-2024T03:14:52 - [TEST_STEP][PASSED] - click(findTestObject("Выручка в рублях/Фильтр Период" + nameOfBlock)): Object: 'Object Repository/Выручка в рублях/Фильтр Период' is clicked on

02-12-2024T03:14:53 - [MESSAGE][PASSED] - Object: 'Object Repository/Выручка в рублях/Фильтр Период' is clicked on

02-12-2024T03:14:53 - [TEST_STEP][PASSED] - click(findTestObject("Выручка в рублях/Снять выделение в фильтре Дата" + nameOfBlock)): Object: 'Object Repository/Выручка в рублях/Снять выделение в фильтре Дата' is clicked on

02-12-2024T03:14:53 - [MESSAGE][PASSED] - Object: 'Object Repository/Выручка в рублях/Снять выделение в фильтре Дата' is clicked on

02-12-2024T03:14:53 - [TEST_STEP][PASSED] - scrollToElement(findTestObject("Выручка в рублях/2024 список" + nameOfBlock), 30): Scroll to object 'Object Repository/Выручка в рублях/2024 список' successfully

02-12-2024T03:14:54 - [MESSAGE][PASSED] - Scroll to object 'Object Repository/Выручка в рублях/2024 список' successfully

02-12-2024T03:14:54 - [TEST_STEP][PASSED] - click(findTestObject("Выручка в рублях/2024 список" + nameOfBlock)): Object: 'Object Repository/Выручка в рублях/2024 список' is clicked on

02-12-2024T03:14:54 - [MESSAGE][PASSED] - Object: 'Object Repository/Выручка в рублях/2024 список' is clicked on

02-12-2024T03:14:54 - [TEST_STEP][PASSED] - scrollToElement(findTestObject("Выручка в рублях/1 квартал 2024 выбрать" + nameOfBlock), 30): Scroll to object 'Object Repository/Выручка в рублях/1 квартал 2024 выбрать' successfully

02-12-2024T03:14:54 - [MESSAGE][PASSED] - Scroll to object 'Object Repository/Выручка в рублях/1 квартал 2024 выбрать' successfully

02-12-2024T03:14:54 - [TEST_STEP][PASSED] - click(findTestObject("Выручка в рублях/1 квартал 2024 выбрать" + nameOfBlock)): Object: 'Object Repository/Выручка в рублях/1 квартал 2024 выбрать' is clicked on

02-12-2024T03:14:55 - [MESSAGE][PASSED] - Object: 'Object Repository/Выручка в рублях/1 квартал 2024 выбрать' is clicked on

02-12-2024T03:14:55 - [TEST_STEP][PASSED] - scrollToElement(findTestObject("Выручка в рублях/2 квартал 2024 выбрать" + nameOfBlock), 30): Scroll to object 'Object Repository/Выручка в рублях/2 квартал 2024 выбрать' successfully

02-12-2024T03:14:55 - [MESSAGE][PASSED] - Scroll to object 'Object Repository/Выручка в рублях/2 квартал 2024 выбрать' successfully

02-12-2024T03:14:55 - [TEST_STEP][PASSED] - click(findTestObject("Выручка в рублях/2 квартал 2024 выбрать" + nameOfBlock)): Object: 'Object Repository/Выручка в рублях/2 квартал 2024 выбрать' is clicked on

02-12-2024T03:14:56 - [MESSAGE][PASSED] - Object: 'Object Repository/Выручка в рублях/2 квартал 2024 выбрать' is clicked on

02-12-2024T03:14:56 - [TEST_STEP][PASSED] - scrollToElement(findTestObject("Выручка в рублях/3 квартал 2024 список" + nameOfBlock), 30): Scroll to object 'Object Repository/Выручка в рублях/3 квартал 2024 список' successfully

02-12-2024T03:14:56 - [MESSAGE][PASSED] - Scroll to object 'Object Repository/Выручка в рублях/3 квартал 2024 список' successfully

02-12-2024T03:14:56 - [TEST_STEP][PASSED] - click(findTestObject("Выручка в рублях/3 квартал 2024" + nameOfBlock)): Object: 'Object Repository/Выручка в рублях/3 квартал 2024' is clicked on

02-12-2024T03:14:57 - [MESSAGE][PASSED] - Object: 'Object Repository/Выручка в рублях/3 квартал 2024' is clicked on

02-12-2024T03:14:57 - [TEST_STEP][PASSED] - scrollToElement(findTestObject("Выручка в рублях/4 квартал 2024 список" + nameOfBlock), 30): Scroll to object 'Object Repository/Выручка в рублях/4 квартал 2024 список' successfully

02-12-2024T03:14:57 - [MESSAGE][PASSED] - Scroll to object 'Object Repository/Выручка в рублях/4 квартал 2024 список' successfully

02-12-2024T03:14:57 - [TEST_STEP][PASSED] - click(findTestObject("Выручка в рублях/4 квартал 2024 список" + nameOfBlock)): Object: 'Object Repository/Выручка в рублях/4 квартал 2024 список' is clicked on

02-12-2024T03:14:57 - [MESSAGE][PASSED] - Object: 'Object Repository/Выручка в рублях/4 квартал 2024 список' is clicked on

02-12-2024T03:14:57 - [TEST_STEP][PASSED] - scrollToElement(findTestObject("Выручка в рублях/Октябрь 2024" + nameOfBlock), 30): Scroll to object 'Object Repository/Выручка в рублях/Октябрь 2024' successfully

02-12-2024T03:14:58 - [MESSAGE][PASSED] - Scroll to object 'Object Repository/Выручка в рублях/Октябрь 2024' successfully

02-12-2024T03:14:58 - [TEST_STEP][PASSED] - click(findTestObject("Выручка в рублях/Октябрь 2024" + nameOfBlock)): Object: 'Object Repository/Выручка в рублях/Октябрь 2024' is clicked on

02-12-2024T03:14:58 - [MESSAGE][PASSED] - Object: 'Object Repository/Выручка в рублях/Октябрь 2024' is clicked on

02-12-2024T03:14:58 - [TEST_STEP][PASSED] - scrollToElement(findTestObject("Выручка в рублях/Заголовок дашборда" + nameOfBlock), 30): Scroll to object 'Object Repository/Выручка в рублях/Заголовок дашборда' successfully

02-12-2024T03:14:58 - [MESSAGE][PASSED] - Scroll to object 'Object Repository/Выручка в рублях/Заголовок дашборда' successfully

02-12-2024T03:14:58 - [TEST_STEP][PASSED] - click(findTestObject("Выручка в рублях/Применить в фильтре Дата" + nameOfBlock)): Object: 'Object Repository/Выручка в рублях/Применить в фильтре Дата' is clicked on

02-12-2024T03:14:59 - [MESSAGE][PASSED] - Object: 'Object Repository/Выручка в рублях/Применить в фильтре Дата' is clicked on

02-12-2024T03:14:59 - [TEST_STEP][PASSED] - delay(55): Delayed 55 second(s)

02-12-2024T03:15:54 - [MESSAGE][PASSED] - Delayed 55 second(s)

02-12-2024T03:15:54 - [TEST_STEP][PASSED] - click(findTestObject("Выручка в рублях/Фильтр ДЗО" + nameOfBlock)): Object: 'Object Repository/Выручка в рублях/Фильтр ДЗО' is clicked on

02-12-2024T03:15:54 - [MESSAGE][PASSED] - Object: 'Object Repository/Выручка в рублях/Фильтр ДЗО' is clicked on

02-12-2024T03:15:54 - [TEST_STEP][PASSED] - click(findTestObject("Выручка в рублях/Снять выделение в фильтре ДЗО" + nameOfBlock)): Object: 'Object Repository/Выручка в рублях/Снять выделение в фильтре ДЗО' is clicked on

02-12-2024T03:15:55 - [MESSAGE][PASSED] - Object: 'Object Repository/Выручка в рублях/Снять выделение в фильтре ДЗО' is clicked on

02-12-2024T03:15:55 - [TEST_STEP][PASSED] - click(findTestObject("Выручка в рублях/Применить в фильтре ДЗО" + nameOfBlock)): Object: 'Object Repository/Выручка в рублях/Применить в фильтре ДЗО' is clicked on

02-12-2024T03:15:55 - [MESSAGE][PASSED] - Object: 'Object Repository/Выручка в рублях/Применить в фильтре ДЗО' is clicked on

02-12-2024T03:15:55 - [TEST_STEP][PASSED] - delay(50): Delayed 50 second(s)

02-12-2024T03:16:46 - [MESSAGE][PASSED] - Delayed 50 second(s)

02-12-2024T03:16:46 - [TEST_STEP][PASSED] - Script1710234207206.Tumbler(run, vir, block, nameOfBlock): null

02-12-2024T03:16:46 - [TEST_STEP][PASSED] - println("run:" + run): null

02-12-2024T03:16:46 - [TEST_STEP][PASSED] - println("vir:" + vir): null

02-12-2024T03:16:46 - [TEST_STEP][PASSED] - println("block:" + block): null

02-12-2024T03:16:46 - [TEST_STEP][PASSED] - println("nameOfBlock:" + nameOfBlock): null

02-12-2024T03:16:46 - [TEST_STEP][PASSED] - if (vir == 1): null

02-12-2024T03:16:46 - [TEST_STEP][PASSED] - else if (vir == 2): null

02-12-2024T03:16:46 - [TEST_STEP][PASSED] - else if (vir == 3): Object: 'Object Repository/Выручка в рублях/Применить в фильтре Выручка' is clicked on

02-12-2024T03:16:46 - [TEST_STEP][PASSED] - if (run == 2): null

02-12-2024T03:16:46 - [TEST_STEP][PASSED] - click(findTestObject("Выручка в рублях/Фильтр Выручка" + nameOfBlock)): Object: 'Object Repository/Выручка в рублях/Фильтр Выручка' is clicked on

02-12-2024T03:16:46 - [MESSAGE][PASSED] - Object: 'Object Repository/Выручка в рублях/Фильтр Выручка' is clicked on

02-12-2024T03:16:46 - [TEST_STEP][PASSED] - click(findTestObject("Выручка в рублях/Внутренний оборот в фильтре Выручка" + nameOfBlock)): Object: 'Object Repository/Выручка в рублях/Внутренний оборот в фильтре Выручка' is clicked on

02-12-2024T03:16:46 - [MESSAGE][PASSED] - Object: 'Object Repository/Выручка в рублях/Внутренний оборот в фильтре Выручка' is clicked on

02-12-2024T03:16:46 - [TEST_STEP][PASSED] - click(findTestObject("Выручка в рублях/Применить в фильтре Выручка" + nameOfBlock)): Object: 'Object Repository/Выручка в рублях/Применить в фильтре Выручка' is clicked on

02-12-2024T03:16:47 - [MESSAGE][PASSED] - Object: 'Object Repository/Выручка в рублях/Применить в фильтре Выручка' is clicked on

02-12-2024T03:16:47 - [TEST_STEP][PASSED] - click(findTestObject("Выручка в рублях/Фильтр ДЗО" + nameOfBlock)): Object: 'Object Repository/Выручка в рублях/Фильтр ДЗО' is clicked on

02-12-2024T03:16:50 - [MESSAGE][PASSED] - Object: 'Object Repository/Выручка в рублях/Фильтр ДЗО' is clicked on

02-12-2024T03:16:50 - [TEST_STEP][PASSED] - Script1710234207206.Rosseti(nameOfBlock): null

02-12-2024T03:16:50 - [TEST_STEP][PASSED] - println("nameOfBlock:" + nameOfBlock): null

02-12-2024T03:16:50 - [TEST_STEP][PASSED] - click(findTestObject("Выручка в рублях/ПАО Россети" + nameOfBlock)): Object: 'Object Repository/Выручка в рублях/ПАО Россети' is clicked on

02-12-2024T03:16:51 - [MESSAGE][PASSED] - Object: 'Object Repository/Выручка в рублях/ПАО Россети' is clicked on

02-12-2024T03:16:51 - [TEST_STEP][PASSED] - click(findTestObject("Выручка в рублях/Применить в фильтре ДЗО" + nameOfBlock)): Object: 'Object Repository/Выручка в рублях/Применить в фильтре ДЗО' is clicked on

02-12-2024T03:16:51 - [MESSAGE][PASSED] - Object: 'Object Repository/Выручка в рублях/Применить в фильтре ДЗО' is clicked on

02-12-2024T03:16:51 - [TEST_STEP][PASSED] - if (run == 2): null

02-12-2024T03:16:51 - [TEST_STEP][PASSED] - if (vir == 1 || vir == 2): null

02-12-2024T03:16:51 - [TEST_STEP][PASSED] - else: Text of object 'Object Repository/Выручка в рублях/vir3Plan' is: '19 961'

02-12-2024T03:16:51 - [TEST_STEP][PASSED] - a1 = getText(findTestObject("Выручка в рублях/vir3Plan")): Text of object 'Object Repository/Выручка в рублях/vir3Plan' is: '19 961'

02-12-2024T03:16:54 - [MESSAGE][PASSED] - Text of object 'Object Repository/Выручка в рублях/vir3Plan' is: '19 961'

02-12-2024T03:16:54 - [TEST_STEP][PASSED] - if (vir == 1 || vir == 2): null

02-12-2024T03:16:54 - [TEST_STEP][PASSED] - else: Text of object 'Object Repository/Выручка в рублях/vir3Fact' is: '20 654'

02-12-2024T03:16:54 - [TEST_STEP][PASSED] - a2 = getText(findTestObject("Выручка в рублях/vir3Fact")): Text of object 'Object Repository/Выручка в рублях/vir3Fact' is: '20 654'

02-12-2024T03:16:54 - [MESSAGE][PASSED] - Text of object 'Object Repository/Выручка в рублях/vir3Fact' is: '20 654'

02-12-2024T03:16:54 - [TEST_STEP][PASSED] - a30 = getText(findTestObject("Выручка в рублях/span1" + perc)): Text of object 'Object Repository/Выручка в рублях/span1' is: '692.6 млн.руб.'

02-12-2024T03:16:54 - [MESSAGE][PASSED] - Text of object 'Object Repository/Выручка в рублях/span1' is: '692.6 млн.руб.'

02-12-2024T03:16:54 - [TEST_STEP][PASSED] - i = a30.indexOf("млн.руб."): null

02-12-2024T03:16:54 - [TEST_STEP][PASSED] - if (i > -1): null

02-12-2024T03:16:54 - [TEST_STEP][PASSED] - a30 = a30.substring(0, i): null

02-12-2024T03:16:54 - [TEST_STEP][PASSED] - a30 = a30.replaceAll(" ", ""): null

02-12-2024T03:16:54 - [TEST_STEP][PASSED] - if (a30.contains("%")): null

02-12-2024T03:16:54 - [TEST_STEP][PASSED] - a30 = ").trim(): null

02-12-2024T03:16:54 - [TEST_STEP][PASSED] - println("a30: " + a30): null

02-12-2024T03:16:54 - [TEST_STEP][PASSED] - if (vir == 1 || vir == 2): null

02-12-2024T03:16:54 - [TEST_STEP][PASSED] - else: Text of object 'Object Repository/Выручка в рублях/span15' is: '-84'

02-12-2024T03:16:54 - [TEST_STEP][PASSED] - a31 = ").trim(): Text of object 'Object Repository/Выручка в рублях/span15' is: '-84'

02-12-2024T03:16:54 - [MESSAGE][PASSED] - Text of object 'Object Repository/Выручка в рублях/span15' is: '-84'

02-12-2024T03:16:54 - [TEST_STEP][PASSED] - if (vir == 1 || vir == 2): null

02-12-2024T03:16:54 - [TEST_STEP][PASSED] - else: Text of object 'Object Repository/Выручка в рублях/span16' is: '113'

02-12-2024T03:16:54 - [TEST_STEP][PASSED] - a32 = ").trim(): Text of object 'Object Repository/Выручка в рублях/span16' is: '113'

02-12-2024T03:16:55 - [MESSAGE][PASSED] - Text of object 'Object Repository/Выручка в рублях/span16' is: '113'

02-12-2024T03:16:55 - [TEST_STEP][PASSED] - if (vir == 1 || vir == 2): null

02-12-2024T03:16:55 - [TEST_STEP][PASSED] - else: Text of object 'Object Repository/Выручка в рублях/span17' is: '625'

02-12-2024T03:16:55 - [TEST_STEP][PASSED] - a37 = ").trim(): Text of object 'Object Repository/Выручка в рублях/span17' is: '625'

02-12-2024T03:16:55 - [MESSAGE][PASSED] - Text of object 'Object Repository/Выручка в рублях/span17' is: '625'

02-12-2024T03:16:55 - [TEST_STEP][PASSED] - if (vir == 1 || vir == 2): null

02-12-2024T03:16:55 - [TEST_STEP][PASSED] - else: Text of object 'Object Repository/Выручка в рублях/span18' is: '38'

02-12-2024T03:16:55 - [TEST_STEP][PASSED] - a316 = ").trim(): Text of object 'Object Repository/Выручка в рублях/span18' is: '38'

02-12-2024T03:16:55 - [MESSAGE][PASSED] - Text of object 'Object Repository/Выручка в рублях/span18' is: '38'

02-12-2024T03:16:55 - [TEST_STEP][PASSED] - if (vir == 1 || vir == 2): null

02-12-2024T03:16:55 - [TEST_STEP][PASSED] - block = 2: null

02-12-2024T03:16:55 - [TEST_STEP][PASSED] - nameOfBlock = " Выручка": null

02-12-2024T03:16:55 - [TEST_STEP][PASSED] - Script1710234207206.PreSettings(run, vir, block, nameOfBlock, typeOfData, todaysDate): null

02-12-2024T03:16:55 - [TEST_STEP][PASSED] - openBrowser(""): Browser is opened with url: ''

02-12-2024T03:16:55 - [MESSAGE][WARNING] - A browser is already opened. Closing browser and opening a new one

02-12-2024T03:16:56 - [MESSAGE][INFO] - Starting 'Chrome' driver

02-12-2024T03:16:56 - [MESSAGE][INFO] - Action delay is set to 0 milliseconds

02-12-2024T03:16:57 - [MESSAGE][PASSED] - Browser is opened with url: ''

02-12-2024T03:16:57 - [TEST_STEP][PASSED] - refresh(): Refresh successfully

02-12-2024T03:16:57 - [MESSAGE][PASSED] - Refresh successfully

02-12-2024T03:16:57 - [TEST_STEP][PASSED] - delay(50): Delayed 50 second(s)

02-12-2024T03:17:47 - [MESSAGE][PASSED] - Delayed 50 second(s)

02-12-2024T03:17:47 - [TEST_STEP][PASSED] - println("run:" + run): null

02-12-2024T03:17:47 - [TEST_STEP][PASSED] - println("vir:" + vir): null

02-12-2024T03:17:47 - [TEST_STEP][PASSED] - println("block:" + block): null

02-12-2024T03:17:47 - [TEST_STEP][PASSED] - if (block == 1): null

02-12-2024T03:17:47 - [TEST_STEP][PASSED] - else: null

02-12-2024T03:17:47 - [TEST_STEP][PASSED] - nameOfBlock = " Выручка": null

02-12-2024T03:17:47 - [TEST_STEP][PASSED] - println("nameOfBlock:" + nameOfBlock): null

02-12-2024T03:17:47 - [TEST_STEP][PASSED] - println("typeOfData:" + typeOfData): null

02-12-2024T03:17:47 - [TEST_STEP][PASSED] - println("todaysDate:" + todaysDate): null

02-12-2024T03:17:47 - [TEST_STEP][PASSED] - Script1710234207206.Autorization(block, nameOfBlock): null

02-12-2024T03:17:47 - [TEST_STEP][PASSED] - i = <not implemented yet for class: org.codehaus.groovy.ast.expr.EmptyExpression>: null

02-12-2024T03:17:47 - [TEST_STEP][PASSED] - ii = <not implemented yet for class: org.codehaus.groovy.ast.expr.EmptyExpression>: null

02-12-2024T03:17:47 - [TEST_STEP][PASSED] - urlData = <not implemented yet for class: org.codehaus.groovy.ast.expr.EmptyExpression>: null

02-12-2024T03:17:47 - [TEST_STEP][PASSED] - searchWord = <not implemented yet for class: org.codehaus.groovy.ast.expr.EmptyExpression>: null

02-12-2024T03:17:47 - [TEST_STEP][PASSED] - urlText = <not implemented yet for class: org.codehaus.groovy.ast.expr.EmptyExpression>: null

02-12-2024T03:17:47 - [TEST_STEP][PASSED] - println("block:" + block): null

02-12-2024T03:17:47 - [TEST_STEP][PASSED] - if (block == 1): null

02-12-2024T03:17:47 - [TEST_STEP][PASSED] - else: null

02-12-2024T03:17:47 - [TEST_STEP][PASSED] - delay(45): Delayed 45 second(s)

02-12-2024T03:18:32 - [MESSAGE][PASSED] - Delayed 45 second(s)

02-12-2024T03:18:32 - [TEST_STEP][PASSED] - nameOfBlock = " Выручка": null

02-12-2024T03:18:32 - [TEST_STEP][PASSED] - println("nameOfBlock:" + nameOfBlock): null

02-12-2024T03:18:32 - [TEST_STEP][PASSED] - if (block == 1): null

02-12-2024T03:18:32 - [TEST_STEP][PASSED] - else: Delayed 45 second(s)

02-12-2024T03:18:32 - [TEST_STEP][PASSED] - urlData = 9: null

02-12-2024T03:18:32 - [TEST_STEP][PASSED] - delay(45): Delayed 45 second(s)

02-12-2024T03:19:17 - [MESSAGE][PASSED] - Delayed 45 second(s)

02-12-2024T03:19:17 - [TEST_STEP][PASSED] - navigateToUrl(findTestData("PlanFact").getValue(10, urlData)): Navigate to 'https://bi.rosseti.digital/viewer?dashboardGuid=a1fd28b3785d443cbc4d7690a1d78e31&sheetGuid=86092a20c5984827a0c87b24cac76a50&fit=true' successfully

02-12-2024T03:19:22 - [MESSAGE][PASSED] - Navigate to 'https://bi.rosseti.digital/viewer?dashboardGuid=a1fd28b3785d443cbc4d7690a1d78e31&sheetGuid=86092a20c5984827a0c87b24cac76a50&fit=true' successfully

02-12-2024T03:19:22 - [TEST_STEP][PASSED] - urlText = getText(findTestObject("Страница авторизации/Text")): Text of object 'Object Repository/Страница авторизации/Text' is: 'Вход'

02-12-2024T03:19:26 - [MESSAGE][PASSED] - Text of object 'Object Repository/Страница авторизации/Text' is: 'Вход'

02-12-2024T03:19:26 - [TEST_STEP][PASSED] - searchWord = "Вход": null

02-12-2024T03:19:26 - [TEST_STEP][PASSED] - if (urlText == null || urlText.contains("ошибка") || urlText.contains(searchWord) == false): null

02-12-2024T03:19:26 - [TEST_STEP][PASSED] - if (verifyElementPresent(findTestObject("Страница авторизации/button_"), 30) == true): null

02-12-2024T03:19:26 - [MESSAGE][PASSED] - Object 'Object Repository/Страница авторизации/button_' is present

02-12-2024T03:19:26 - [TEST_STEP][PASSED] - setText(findTestObject("Страница авторизации/input__username"), findTestData("PlanFact").getValue(8, 1)): Text 'liazgina-di' is set on object 'Object Repository/Страница авторизации/input__username'

02-12-2024T03:19:27 - [MESSAGE][PASSED] - Text 'liazgina-di' is set on object 'Object Repository/Страница авторизации/input__username'

02-12-2024T03:19:27 - [TEST_STEP][PASSED] - setText(findTestObject("Страница авторизации/input__password"), findTestData("PlanFact").getValue(9, 1)): Text ')$%5srZ8o688Dm#q' is set on object 'Object Repository/Страница авторизации/input__password'

02-12-2024T03:19:28 - [MESSAGE][PASSED] - Text ')$%5srZ8o688Dm#q' is set on object 'Object Repository/Страница авторизации/input__password'

02-12-2024T03:19:28 - [TEST_STEP][PASSED] - click(findTestObject("Страница авторизации/button_")): Object: 'Object Repository/Страница авторизации/button_' is clicked on

02-12-2024T03:19:31 - [MESSAGE][PASSED] - Object: 'Object Repository/Страница авторизации/button_' is clicked on

02-12-2024T03:19:31 - [TEST_STEP][PASSED] - delay(45): Delayed 45 second(s)

02-12-2024T03:20:16 - [MESSAGE][PASSED] - Delayed 45 second(s)

02-12-2024T03:20:16 - [TEST_STEP][PASSED] - urlText = getText(findTestObject("Страница авторизации/Text")): Text of object 'Object Repository/Страница авторизации/Text' is: 'Период
Выбрано: 4
Выручка
Все
Выполнение плановых показателей, млн.руб.
План
Факт
Динамика
2024 год
0 млн.руб.
100 000 млн.руб.
200 000 млн.руб.
300 000 млн.руб.
400 000 млн.руб.
500 000 млн.руб.
600 000 млн.руб.
700 000 млн.руб.
800 000 млн.руб.
900 000 млн.руб.
1 000 000 млн.руб.
1 100 000 млн.руб.
1 200 000 млн.руб.
1 300 000 млн.руб.
1 400 000 млн.руб.
1 180 677
1 181 459
↑
ДЗО 
Все
Подписи данных
⬤Отклонение
АО «Тываэнерго»
АО «Чеченэнерго»
Россети Волга
Россети Кубань
Россети Ленэнерго (ГК)
Россети Московский регион
Россети Северный Кавказ (ГК)
Россети Северо-Запад
Россети Сибирь (ГК)
Россети Томск
Россети Тюмень
Россети Урал (ГК)
Россети ФСК ЕЭС
Россети Центр
Россети Центр и Приволжье (ГК)
Россети Юг (ГК)
Россети Янтарь
-27 500 млн.руб.
-25 000 млн.руб.
-22 500 млн.руб.
-20 000 млн.руб.
-17 500 млн.руб.
-15 000 млн.руб.
-12 500 млн.руб.
-10 000 млн.руб.
-7 500 млн.руб.
-5 000 млн.руб.
-2 500 млн.руб.
0 млн.руб.
2 500 млн.руб.
5 000 млн.руб.
7 500 млн.руб.
10 000 млн.руб.
300
101
156
3 953
4 462
7 500
888
878
1 274
238
-5 106
1 955
-24 344
2 435
4 419
1 357
318
млн.
%
Выручка
Отклонение выручки (факт/план, млн. руб) 
ПАО Россети
782.4 млн.руб.
Статус данных
×
Просьба обратить внимание
Данные занесены не полностью
ВЫБРАННЫЕ ЗНАЧЕНИЯ ФИЛЬТРОВ
ДЗО | ПЕРИОД
ПАО Россети: [«Выбраны все филиалы по всем ДЗО по всем категориям»]
2024: [Янв, Фев, Мар, Апр, Май, Июн, Июл, Авг, Сен, Окт]
*Внутренний оборот'

02-12-2024T03:20:16 - [MESSAGE][PASSED] - Text of object 'Object Repository/Страница авторизации/Text' is: 'Период
Выбрано: 4
Выручка
Все
Выполнение плановых показателей, млн.руб.
План
Факт
Динамика
2024 год
0 млн.руб.
100 000 млн.руб.
200 000 млн.руб.
300 000 млн.руб.
400 000 млн.руб.
500 000 млн.руб.
600 000 млн.руб.
700 000 млн.руб.
800 000 млн.руб.
900 000 млн.руб.
1 000 000 млн.руб.
1 100 000 млн.руб.
1 200 000 млн.руб.
1 300 000 млн.руб.
1 400 000 млн.руб.
1 180 677
1 181 459
↑
ДЗО 
Все
Подписи данных
⬤Отклонение
АО «Тываэнерго»
АО «Чеченэнерго»
Россети Волга
Россети Кубань
Россети Ленэнерго (ГК)
Россети Московский регион
Россети Северный Кавказ (ГК)
Россети Северо-Запад
Россети Сибирь (ГК)
Россети Томск
Россети Тюмень
Россети Урал (ГК)
Россети ФСК ЕЭС
Россети Центр
Россети Центр и Приволжье (ГК)
Россети Юг (ГК)
Россети Янтарь
-27 500 млн.руб.
-25 000 млн.руб.
-22 500 млн.руб.
-20 000 млн.руб.
-17 500 млн.руб.
-15 000 млн.руб.
-12 500 млн.руб.
-10 000 млн.руб.
-7 500 млн.руб.
-5 000 млн.руб.
-2 500 млн.руб.
0 млн.руб.
2 500 млн.руб.
5 000 млн.руб.
7 500 млн.руб.
10 000 млн.руб.
300
101
156
3 953
4 462
7 500
888
878
1 274
238
-5 106
1 955
-24 344
2 435
4 419
1 357
318
млн.
%
Выручка
Отклонение выручки (факт/план, млн. руб) 
ПАО Россети
782.4 млн.руб.
Статус данных
×
Просьба обратить внимание
Данные занесены не полностью
ВЫБРАННЫЕ ЗНАЧЕНИЯ ФИЛЬТРОВ
ДЗО | ПЕРИОД
ПАО Россети: [«Выбраны все филиалы по всем ДЗО по всем категориям»]
2024: [Янв, Фев, Мар, Апр, Май, Июн, Июл, Авг, Сен, Окт]
*Внутренний оборот'

02-12-2024T03:20:16 - [TEST_STEP][PASSED] - searchWord = "а": null

02-12-2024T03:20:16 - [TEST_STEP][PASSED] - if (urlText.contains("ошибка") || urlText.contains(searchWord) == false): null

02-12-2024T03:20:16 - [TEST_STEP][PASSED] - delay(45): Delayed 45 second(s)

02-12-2024T03:21:01 - [MESSAGE][PASSED] - Delayed 45 second(s)

02-12-2024T03:21:01 - [TEST_STEP][PASSED] - if (block == 2): Delayed 50 second(s)

02-12-2024T03:21:01 - [TEST_STEP][PASSED] - opoveshenie = getText(findTestObject("Выручка в рублях/Просьба обратить внимание")): Text of object 'Object Repository/Выручка в рублях/Просьба обратить внимание' is: 'Просьба обратить внимание'

02-12-2024T03:21:02 - [MESSAGE][PASSED] - Text of object 'Object Repository/Выручка в рублях/Просьба обратить внимание' is: 'Просьба обратить внимание'

02-12-2024T03:21:02 - [TEST_STEP][PASSED] - if (opoveshenie == "Просьба обратить внимание"): Delayed 50 second(s)

02-12-2024T03:21:02 - [TEST_STEP][PASSED] - click(findTestObject("Выручка в рублях/Закрыть оповещение")): Object: 'Object Repository/Выручка в рублях/Закрыть оповещение' is clicked on

02-12-2024T03:21:02 - [MESSAGE][PASSED] - Object: 'Object Repository/Выручка в рублях/Закрыть оповещение' is clicked on

02-12-2024T03:21:02 - [TEST_STEP][PASSED] - delay(50): Delayed 50 second(s)

02-12-2024T03:21:52 - [MESSAGE][PASSED] - Delayed 50 second(s)

02-12-2024T03:21:52 - [TEST_STEP][PASSED] - click(findTestObject("Выручка в рублях/Фильтр Период" + nameOfBlock)): Object: 'Object Repository/Выручка в рублях/Фильтр Период Выручка' is clicked on

02-12-2024T03:21:52 - [MESSAGE][PASSED] - Object: 'Object Repository/Выручка в рублях/Фильтр Период Выручка' is clicked on

02-12-2024T03:21:52 - [TEST_STEP][PASSED] - click(findTestObject("Выручка в рублях/Снять выделение в фильтре Дата" + nameOfBlock)): Object: 'Object Repository/Выручка в рублях/Снять выделение в фильтре Дата Выручка' is clicked on

02-12-2024T03:21:53 - [MESSAGE][PASSED] - Object: 'Object Repository/Выручка в рублях/Снять выделение в фильтре Дата Выручка' is clicked on

02-12-2024T03:21:53 - [TEST_STEP][PASSED] - click(findTestObject("Выручка в рублях/Применить в фильтре Дата" + nameOfBlock)): Object: 'Object Repository/Выручка в рублях/Применить в фильтре Дата Выручка' is clicked on

02-12-2024T03:21:54 - [MESSAGE][PASSED] - Object: 'Object Repository/Выручка в рублях/Применить в фильтре Дата Выручка' is clicked on

02-12-2024T03:21:54 - [TEST_STEP][PASSED] - delay(50): Delayed 50 second(s)

02-12-2024T03:22:44 - [MESSAGE][PASSED] - Delayed 50 second(s)

02-12-2024T03:22:44 - [TEST_STEP][PASSED] - click(findTestObject("Выручка в рублях/Фильтр Период" + nameOfBlock)): Object: 'Object Repository/Выручка в рублях/Фильтр Период Выручка' is clicked on

02-12-2024T03:22:44 - [MESSAGE][PASSED] - Object: 'Object Repository/Выручка в рублях/Фильтр Период Выручка' is clicked on

02-12-2024T03:22:44 - [TEST_STEP][PASSED] - click(findTestObject("Выручка в рублях/Снять выделение в фильтре Дата" + nameOfBlock)): Object: 'Object Repository/Выручка в рублях/Снять выделение в фильтре Дата Выручка' is clicked on

02-12-2024T03:22:45 - [MESSAGE][PASSED] - Object: 'Object Repository/Выручка в рублях/Снять выделение в фильтре Дата Выручка' is clicked on

02-12-2024T03:22:45 - [TEST_STEP][PASSED] - scrollToElement(findTestObject("Выручка в рублях/2024 список" + nameOfBlock), 30): Scroll to object 'Object Repository/Выручка в рублях/2024 список Выручка' successfully

02-12-2024T03:22:45 - [MESSAGE][PASSED] - Scroll to object 'Object Repository/Выручка в рублях/2024 список Выручка' successfully

02-12-2024T03:22:45 - [TEST_STEP][PASSED] - click(findTestObject("Выручка в рублях/2024 список" + nameOfBlock)): Object: 'Object Repository/Выручка в рублях/2024 список Выручка' is clicked on

02-12-2024T03:22:45 - [MESSAGE][PASSED] - Object: 'Object Repository/Выручка в рублях/2024 список Выручка' is clicked on

02-12-2024T03:22:45 - [TEST_STEP][PASSED] - scrollToElement(findTestObject("Выручка в рублях/1 квартал 2024 выбрать" + nameOfBlock), 30): Scroll to object 'Object Repository/Выручка в рублях/1 квартал 2024 выбрать Выручка' successfully

02-12-2024T03:22:46 - [MESSAGE][PASSED] - Scroll to object 'Object Repository/Выручка в рублях/1 квартал 2024 выбрать Выручка' successfully

02-12-2024T03:22:46 - [TEST_STEP][PASSED] - click(findTestObject("Выручка в рублях/1 квартал 2024 выбрать" + nameOfBlock)): Object: 'Object Repository/Выручка в рублях/1 квартал 2024 выбрать Выручка' is clicked on

02-12-2024T03:22:46 - [MESSAGE][PASSED] - Object: 'Object Repository/Выручка в рублях/1 квартал 2024 выбрать Выручка' is clicked on

02-12-2024T03:22:46 - [TEST_STEP][PASSED] - scrollToElement(findTestObject("Выручка в рублях/2 квартал 2024 выбрать" + nameOfBlock), 30): Scroll to object 'Object Repository/Выручка в рублях/2 квартал 2024 выбрать Выручка' successfully

02-12-2024T03:22:46 - [MESSAGE][PASSED] - Scroll to object 'Object Repository/Выручка в рублях/2 квартал 2024 выбрать Выручка' successfully

02-12-2024T03:22:46 - [TEST_STEP][PASSED] - click(findTestObject("Выручка в рублях/2 квартал 2024 выбрать" + nameOfBlock)): Object: 'Object Repository/Выручка в рублях/2 квартал 2024 выбрать Выручка' is clicked on

02-12-2024T03:22:47 - [MESSAGE][PASSED] - Object: 'Object Repository/Выручка в рублях/2 квартал 2024 выбрать Выручка' is clicked on

02-12-2024T03:22:47 - [TEST_STEP][PASSED] - scrollToElement(findTestObject("Выручка в рублях/3 квартал 2024 список" + nameOfBlock), 30): Scroll to object 'Object Repository/Выручка в рублях/3 квартал 2024 список Выручка' successfully

02-12-2024T03:22:47 - [MESSAGE][PASSED] - Scroll to object 'Object Repository/Выручка в рублях/3 квартал 2024 список Выручка' successfully

02-12-2024T03:22:47 - [TEST_STEP][PASSED] - click(findTestObject("Выручка в рублях/3 квартал 2024" + nameOfBlock)): Object: 'Object Repository/Выручка в рублях/3 квартал 2024 Выручка' is clicked on

02-12-2024T03:22:48 - [MESSAGE][PASSED] - Object: 'Object Repository/Выручка в рублях/3 квартал 2024 Выручка' is clicked on

02-12-2024T03:22:48 - [TEST_STEP][PASSED] - scrollToElement(findTestObject("Выручка в рублях/4 квартал 2024 список" + nameOfBlock), 30): Scroll to object 'Object Repository/Выручка в рублях/4 квартал 2024 список Выручка' successfully

02-12-2024T03:22:48 - [MESSAGE][PASSED] - Scroll to object 'Object Repository/Выручка в рублях/4 квартал 2024 список Выручка' successfully

02-12-2024T03:22:48 - [TEST_STEP][PASSED] - click(findTestObject("Выручка в рублях/4 квартал 2024 список" + nameOfBlock)): Object: 'Object Repository/Выручка в рублях/4 квартал 2024 список Выручка' is clicked on

02-12-2024T03:22:49 - [MESSAGE][PASSED] - Object: 'Object Repository/Выручка в рублях/4 квартал 2024 список Выручка' is clicked on

02-12-2024T03:22:49 - [TEST_STEP][PASSED] - scrollToElement(findTestObject("Выручка в рублях/Октябрь 2024" + nameOfBlock), 30): Scroll to object 'Object Repository/Выручка в рублях/Октябрь 2024 Выручка' successfully

02-12-2024T03:22:49 - [MESSAGE][PASSED] - Scroll to object 'Object Repository/Выручка в рублях/Октябрь 2024 Выручка' successfully

02-12-2024T03:22:49 - [TEST_STEP][PASSED] - click(findTestObject("Выручка в рублях/Октябрь 2024" + nameOfBlock)): Object: 'Object Repository/Выручка в рублях/Октябрь 2024 Выручка' is clicked on

02-12-2024T03:22:49 - [MESSAGE][PASSED] - Object: 'Object Repository/Выручка в рублях/Октябрь 2024 Выручка' is clicked on

02-12-2024T03:22:49 - [TEST_STEP][PASSED] - scrollToElement(findTestObject("Выручка в рублях/Заголовок дашборда" + nameOfBlock), 30): Scroll to object 'Object Repository/Выручка в рублях/Заголовок дашборда Выручка' successfully

02-12-2024T03:22:50 - [MESSAGE][PASSED] - Scroll to object 'Object Repository/Выручка в рублях/Заголовок дашборда Выручка' successfully

02-12-2024T03:22:50 - [TEST_STEP][PASSED] - click(findTestObject("Выручка в рублях/Применить в фильтре Дата" + nameOfBlock)): Object: 'Object Repository/Выручка в рублях/Применить в фильтре Дата Выручка' is clicked on

02-12-2024T03:22:50 - [MESSAGE][PASSED] - Object: 'Object Repository/Выручка в рублях/Применить в фильтре Дата Выручка' is clicked on

02-12-2024T03:22:50 - [TEST_STEP][PASSED] - delay(55): Delayed 55 second(s)

02-12-2024T03:23:45 - [MESSAGE][PASSED] - Delayed 55 second(s)

02-12-2024T03:23:45 - [TEST_STEP][PASSED] - click(findTestObject("Выручка в рублях/Фильтр ДЗО" + nameOfBlock)): Object: 'Object Repository/Выручка в рублях/Фильтр ДЗО Выручка' is clicked on

02-12-2024T03:23:46 - [MESSAGE][PASSED] - Object: 'Object Repository/Выручка в рублях/Фильтр ДЗО Выручка' is clicked on

02-12-2024T03:23:46 - [TEST_STEP][PASSED] - click(findTestObject("Выручка в рублях/Снять выделение в фильтре ДЗО" + nameOfBlock)): Object: 'Object Repository/Выручка в рублях/Снять выделение в фильтре ДЗО Выручка' is clicked on

02-12-2024T03:23:46 - [MESSAGE][PASSED] - Object: 'Object Repository/Выручка в рублях/Снять выделение в фильтре ДЗО Выручка' is clicked on

02-12-2024T03:23:46 - [TEST_STEP][PASSED] - click(findTestObject("Выручка в рублях/Применить в фильтре ДЗО" + nameOfBlock)): Object: 'Object Repository/Выручка в рублях/Применить в фильтре ДЗО Выручка' is clicked on

02-12-2024T03:23:47 - [MESSAGE][PASSED] - Object: 'Object Repository/Выручка в рублях/Применить в фильтре ДЗО Выручка' is clicked on

02-12-2024T03:23:47 - [TEST_STEP][PASSED] - delay(50): Delayed 50 second(s)

02-12-2024T03:24:37 - [MESSAGE][PASSED] - Delayed 50 second(s)

02-12-2024T03:24:37 - [TEST_STEP][PASSED] - Script1710234207206.Tumbler(run, vir, block, nameOfBlock): null

02-12-2024T03:24:37 - [TEST_STEP][PASSED] - println("run:" + run): null

02-12-2024T03:24:37 - [TEST_STEP][PASSED] - println("vir:" + vir): null

02-12-2024T03:24:37 - [TEST_STEP][PASSED] - println("block:" + block): null

02-12-2024T03:24:37 - [TEST_STEP][PASSED] - println("nameOfBlock:" + nameOfBlock): null

02-12-2024T03:24:37 - [TEST_STEP][PASSED] - if (vir == 1): null

02-12-2024T03:24:37 - [TEST_STEP][PASSED] - else if (vir == 2): null

02-12-2024T03:24:37 - [TEST_STEP][PASSED] - else if (vir == 3): Object: 'Object Repository/Выручка в рублях/Применить в фильтре Выручка Выручка' is clicked on

02-12-2024T03:24:37 - [TEST_STEP][PASSED] - if (run == 2): null

02-12-2024T03:24:37 - [TEST_STEP][PASSED] - click(findTestObject("Выручка в рублях/Фильтр Выручка" + nameOfBlock)): Object: 'Object Repository/Выручка в рублях/Фильтр Выручка Выручка' is clicked on

02-12-2024T03:24:37 - [MESSAGE][PASSED] - Object: 'Object Repository/Выручка в рублях/Фильтр Выручка Выручка' is clicked on

02-12-2024T03:24:37 - [TEST_STEP][PASSED] - click(findTestObject("Выручка в рублях/Внутренний оборот в фильтре Выручка" + nameOfBlock)): Object: 'Object Repository/Выручка в рублях/Внутренний оборот в фильтре Выручка Выручка' is clicked on

02-12-2024T03:24:38 - [MESSAGE][PASSED] - Object: 'Object Repository/Выручка в рублях/Внутренний оборот в фильтре Выручка Выручка' is clicked on

02-12-2024T03:24:38 - [TEST_STEP][PASSED] - click(findTestObject("Выручка в рублях/Применить в фильтре Выручка" + nameOfBlock)): Object: 'Object Repository/Выручка в рублях/Применить в фильтре Выручка Выручка' is clicked on

02-12-2024T03:24:38 - [MESSAGE][PASSED] - Object: 'Object Repository/Выручка в рублях/Применить в фильтре Выручка Выручка' is clicked on

02-12-2024T03:24:38 - [TEST_STEP][PASSED] - click(findTestObject("Выручка в рублях/Фильтр ДЗО" + nameOfBlock)): Object: 'Object Repository/Выручка в рублях/Фильтр ДЗО Выручка' is clicked on

02-12-2024T03:24:40 - [MESSAGE][PASSED] - Object: 'Object Repository/Выручка в рублях/Фильтр ДЗО Выручка' is clicked on

02-12-2024T03:24:40 - [TEST_STEP][PASSED] - Script1710234207206.Rosseti(nameOfBlock): null

02-12-2024T03:24:40 - [TEST_STEP][PASSED] - println("nameOfBlock:" + nameOfBlock): null

02-12-2024T03:24:40 - [TEST_STEP][PASSED] - click(findTestObject("Выручка в рублях/ПАО Россети" + nameOfBlock)): Object: 'Object Repository/Выручка в рублях/ПАО Россети Выручка' is clicked on

02-12-2024T03:24:41 - [MESSAGE][PASSED] - Object: 'Object Repository/Выручка в рублях/ПАО Россети Выручка' is clicked on

02-12-2024T03:24:41 - [TEST_STEP][PASSED] - click(findTestObject("Выручка в рублях/Применить в фильтре ДЗО" + nameOfBlock)): Object: 'Object Repository/Выручка в рублях/Применить в фильтре ДЗО Выручка' is clicked on

02-12-2024T03:24:42 - [MESSAGE][PASSED] - Object: 'Object Repository/Выручка в рублях/Применить в фильтре ДЗО Выручка' is clicked on

02-12-2024T03:24:42 - [TEST_STEP][PASSED] - if (vir == 1 || vir == 2): null

02-12-2024T03:24:42 - [TEST_STEP][PASSED] - else: Text of object 'Object Repository/Выручка в рублях/vir3Plan Выручка' is: '19 961'

02-12-2024T03:24:42 - [TEST_STEP][PASSED] - b1 = getText(findTestObject("Выручка в рублях/vir3Plan Выручка")): Text of object 'Object Repository/Выручка в рублях/vir3Plan Выручка' is: '19 961'

02-12-2024T03:24:44 - [MESSAGE][PASSED] - Text of object 'Object Repository/Выручка в рублях/vir3Plan Выручка' is: '19 961'

02-12-2024T03:24:44 - [TEST_STEP][PASSED] - if (vir == 1 || vir == 2): null

02-12-2024T03:24:44 - [TEST_STEP][PASSED] - else: Text of object 'Object Repository/Выручка в рублях/vir3Fact Выручка' is: '20 654'

02-12-2024T03:24:44 - [TEST_STEP][PASSED] - b2 = getText(findTestObject("Выручка в рублях/vir3Fact Выручка")): Text of object 'Object Repository/Выручка в рублях/vir3Fact Выручка' is: '20 654'

02-12-2024T03:24:44 - [MESSAGE][PASSED] - Text of object 'Object Repository/Выручка в рублях/vir3Fact Выручка' is: '20 654'

02-12-2024T03:24:44 - [TEST_STEP][PASSED] - b30 = getText(findTestObject("Выручка в рублях/span1" + perc)): Text of object 'Object Repository/Выручка в рублях/span1' is: '692.6 млн.руб.'

02-12-2024T03:24:44 - [MESSAGE][PASSED] - Text of object 'Object Repository/Выручка в рублях/span1' is: '692.6 млн.руб.'

02-12-2024T03:24:44 - [TEST_STEP][PASSED] - i = b30.indexOf("млн.руб."): null

02-12-2024T03:24:44 - [TEST_STEP][PASSED] - if (i > -1): null

02-12-2024T03:24:44 - [TEST_STEP][PASSED] - b30 = b30.substring(0, i): null

02-12-2024T03:24:44 - [TEST_STEP][PASSED] - b30 = b30.replaceAll(" ", ""): null

02-12-2024T03:24:44 - [TEST_STEP][PASSED] - if (b30.contains("%")): null

02-12-2024T03:24:44 - [TEST_STEP][PASSED] - b30 = ").trim(): null

02-12-2024T03:24:44 - [TEST_STEP][PASSED] - println("b30: " + b30): null

02-12-2024T03:24:44 - [TEST_STEP][PASSED] - if (vir == 1 || vir == 2): null

02-12-2024T03:24:44 - [TEST_STEP][PASSED] - else: Text of object 'Object Repository/Выручка в рублях/span15' is: '-84'

02-12-2024T03:24:44 - [TEST_STEP][PASSED] - b31 = ").trim(): Text of object 'Object Repository/Выручка в рублях/span15' is: '-84'

02-12-2024T03:24:44 - [MESSAGE][PASSED] - Text of object 'Object Repository/Выручка в рублях/span15' is: '-84'

02-12-2024T03:24:44 - [TEST_STEP][PASSED] - if (vir == 1 || vir == 2): null

02-12-2024T03:24:44 - [TEST_STEP][PASSED] - else: Text of object 'Object Repository/Выручка в рублях/span16' is: '113'

02-12-2024T03:24:44 - [TEST_STEP][PASSED] - b32 = ").trim(): Text of object 'Object Repository/Выручка в рублях/span16' is: '113'

02-12-2024T03:24:45 - [MESSAGE][PASSED] - Text of object 'Object Repository/Выручка в рублях/span16' is: '113'

02-12-2024T03:24:45 - [TEST_STEP][PASSED] - if (vir == 1 || vir == 2): null

02-12-2024T03:24:45 - [TEST_STEP][PASSED] - else: Text of object 'Object Repository/Выручка в рублях/span17' is: '625'

02-12-2024T03:24:45 - [TEST_STEP][PASSED] - b37 = ").trim(): Text of object 'Object Repository/Выручка в рублях/span17' is: '625'

02-12-2024T03:24:45 - [MESSAGE][PASSED] - Text of object 'Object Repository/Выручка в рублях/span17' is: '625'

02-12-2024T03:24:45 - [TEST_STEP][PASSED] - if (vir == 1 || vir == 2): null

02-12-2024T03:24:45 - [TEST_STEP][PASSED] - else: Text of object 'Object Repository/Выручка в рублях/span18' is: '38'

02-12-2024T03:24:45 - [TEST_STEP][PASSED] - b316 = ").trim(): Text of object 'Object Repository/Выручка в рублях/span18' is: '38'

02-12-2024T03:24:45 - [MESSAGE][PASSED] - Text of object 'Object Repository/Выручка в рублях/span18' is: '38'

02-12-2024T03:24:45 - [TEST_STEP][PASSED] - if (vir == 1 || vir == 2): null

02-12-2024T03:24:45 - [TEST_STEP][PASSED] - dZO = "ПАО Россети": null

02-12-2024T03:24:45 - [TEST_STEP][PASSED] - if (verifyEqual(a1, b1) == false): Actual object '19 961' and expected object '19 961' are equal

02-12-2024T03:24:45 - [MESSAGE][PASSED] - Actual object '19 961' and expected object '19 961' are equal

02-12-2024T03:24:45 - [TEST_STEP][PASSED] - if (verifyEqual(a2, b2) == false): Actual object '20 654' and expected object '20 654' are equal

02-12-2024T03:24:45 - [MESSAGE][PASSED] - Actual object '20 654' and expected object '20 654' are equal

02-12-2024T03:24:45 - [TEST_STEP][PASSED] - vidget = "Отклонения": null

02-12-2024T03:24:45 - [TEST_STEP][PASSED] - if (verifyEqual(a30, b30) == false): Actual object '692.6' and expected object '692.6' are equal

02-12-2024T03:24:45 - [MESSAGE][PASSED] - Actual object '692.6' and expected object '692.6' are equal

02-12-2024T03:24:45 - [TEST_STEP][PASSED] - dZO = "АО «Тываэнерго»": null

02-12-2024T03:24:45 - [TEST_STEP][PASSED] - if (verifyEqual(a31, b31) == false): Actual object '-84' and expected object '-84' are equal

02-12-2024T03:24:45 - [MESSAGE][PASSED] - Actual object '-84' and expected object '-84' are equal

02-12-2024T03:24:45 - [TEST_STEP][PASSED] - dZO = "АО «Чеченэнерго»": null

02-12-2024T03:24:45 - [TEST_STEP][PASSED] - if (verifyEqual(a32, b32) == false): Actual object '113' and expected object '113' are equal

02-12-2024T03:24:45 - [MESSAGE][PASSED] - Actual object '113' and expected object '113' are equal

02-12-2024T03:24:45 - [TEST_STEP][PASSED] - dZO = "Россети Волга": null

02-12-2024T03:24:45 - [TEST_STEP][PASSED] - if (verifyEqual(a33, b33) == false): Actual object 'null' and expected object 'null' are equal

02-12-2024T03:24:45 - [MESSAGE][PASSED] - Actual object 'null' and expected object 'null' are equal

02-12-2024T03:24:45 - [TEST_STEP][PASSED] - dZO = "Россети Кубань": null

02-12-2024T03:24:45 - [TEST_STEP][PASSED] - if (verifyEqual(a34, b34) == false): Actual object 'null' and expected object 'null' are equal

02-12-2024T03:24:45 - [MESSAGE][PASSED] - Actual object 'null' and expected object 'null' are equal

02-12-2024T03:24:45 - [TEST_STEP][PASSED] - dZO = "Россети Ленэнерго (ГК)": null

02-12-2024T03:24:45 - [TEST_STEP][PASSED] - if (verifyEqual(a35, b35) == false): Actual object 'null' and expected object 'null' are equal

02-12-2024T03:24:45 - [MESSAGE][PASSED] - Actual object 'null' and expected object 'null' are equal

02-12-2024T03:24:45 - [TEST_STEP][PASSED] - dZO = "Россети Московский регион": null

02-12-2024T03:24:45 - [TEST_STEP][PASSED] - if (verifyEqual(a36, b36) == false): Actual object 'null' and expected object 'null' are equal

02-12-2024T03:24:45 - [MESSAGE][PASSED] - Actual object 'null' and expected object 'null' are equal

02-12-2024T03:24:45 - [TEST_STEP][PASSED] - dZO = "Россети Северный Кавказ (ГК)": null

02-12-2024T03:24:45 - [TEST_STEP][PASSED] - if (verifyEqual(a37, b37) == false): Actual object '625' and expected object '625' are equal

02-12-2024T03:24:45 - [MESSAGE][PASSED] - Actual object '625' and expected object '625' are equal

02-12-2024T03:24:45 - [TEST_STEP][PASSED] - dZO = "Россети Северо-Запад": null

02-12-2024T03:24:45 - [TEST_STEP][PASSED] - if (verifyEqual(a38, b38) == false): Actual object 'null' and expected object 'null' are equal

02-12-2024T03:24:45 - [MESSAGE][PASSED] - Actual object 'null' and expected object 'null' are equal

02-12-2024T03:24:45 - [TEST_STEP][PASSED] - dZO = "Россети Сибирь (ГК)": null

02-12-2024T03:24:45 - [TEST_STEP][PASSED] - if (verifyEqual(a39, b39) == false): Actual object 'null' and expected object 'null' are equal

02-12-2024T03:24:45 - [MESSAGE][PASSED] - Actual object 'null' and expected object 'null' are equal

02-12-2024T03:24:45 - [TEST_STEP][PASSED] - dZO = "Россети Томск": null

02-12-2024T03:24:45 - [TEST_STEP][PASSED] - if (verifyEqual(a310, b310) == false): Actual object 'null' and expected object 'null' are equal

02-12-2024T03:24:45 - [MESSAGE][PASSED] - Actual object 'null' and expected object 'null' are equal

02-12-2024T03:24:45 - [TEST_STEP][PASSED] - dZO = "Россети Тюмень": null

02-12-2024T03:24:45 - [TEST_STEP][PASSED] - if (verifyEqual(a311, b311) == false): Actual object 'null' and expected object 'null' are equal

02-12-2024T03:24:45 - [MESSAGE][PASSED] - Actual object 'null' and expected object 'null' are equal

02-12-2024T03:24:45 - [TEST_STEP][PASSED] - dZO = "Россети Урал (ГК)": null

02-12-2024T03:24:45 - [TEST_STEP][PASSED] - if (verifyEqual(a312, b312) == false): Actual object 'null' and expected object 'null' are equal

02-12-2024T03:24:45 - [MESSAGE][PASSED] - Actual object 'null' and expected object 'null' are equal

02-12-2024T03:24:45 - [TEST_STEP][PASSED] - dZO = "Россети ФСК ЕЭС": null

02-12-2024T03:24:45 - [TEST_STEP][PASSED] - if (verifyEqual(a313, b313) == false): Actual object 'null' and expected object 'null' are equal

02-12-2024T03:24:45 - [MESSAGE][PASSED] - Actual object 'null' and expected object 'null' are equal

02-12-2024T03:24:45 - [TEST_STEP][PASSED] - dZO = "Россети Центр": null

02-12-2024T03:24:45 - [TEST_STEP][PASSED] - if (verifyEqual(a314, b314) == false): Actual object 'null' and expected object 'null' are equal

02-12-2024T03:24:45 - [MESSAGE][PASSED] - Actual object 'null' and expected object 'null' are equal

02-12-2024T03:24:45 - [TEST_STEP][PASSED] - dZO = "Россети Центр и Приволжье (ГК)": null

02-12-2024T03:24:45 - [TEST_STEP][PASSED] - if (verifyEqual(a315, b315) == false): Actual object 'null' and expected object 'null' are equal

02-12-2024T03:24:45 - [MESSAGE][PASSED] - Actual object 'null' and expected object 'null' are equal

02-12-2024T03:24:45 - [TEST_STEP][PASSED] - dZO = "Россети Юг (ГК)": null

02-12-2024T03:24:45 - [TEST_STEP][PASSED] - if (verifyEqual(a316, b316) == false): Actual object '38' and expected object '38' are equal

02-12-2024T03:24:45 - [MESSAGE][PASSED] - Actual object '38' and expected object '38' are equal

02-12-2024T03:24:45 - [TEST_STEP][PASSED] - dZO = "Россети Янтарь": null

02-12-2024T03:24:45 - [TEST_STEP][PASSED] - if (verifyEqual(a317, b317) == false): Actual object 'null' and expected object 'null' are equal

02-12-2024T03:24:45 - [MESSAGE][PASSED] - Actual object 'null' and expected object 'null' are equal

02-12-2024T03:24:45 - [TEST_STEP][PASSED] - closeBrowser(): null

02-12-2024T03:24:46 - [MESSAGE][PASSED] - Browser is closed

02-12-2024T03:24:46 - [TEST_STEP][PASSED] - Script1710234207206.ViruchkaChange(run, vir, block, nameOfBlock, typeOfData, viruchka, vidget, todaysDate, a, b, dZO, x, y): null

02-12-2024T03:24:46 - [TEST_STEP][PASSED] - for ([vir = 1, vir < 4, (vir++)]): null

02-12-2024T03:24:46 - [TEST_STEP][PASSED] - Script1710234207206.Blocks(run, vir, block, nameOfBlock, typeOfData, viruchka, vidget, todaysDate, a, b, dZO, x, y): null

02-12-2024T03:24:46 - [TEST_STEP][PASSED] - i = <not implemented yet for class: org.codehaus.groovy.ast.expr.EmptyExpression>: null

02-12-2024T03:24:46 - [TEST_STEP][PASSED] - perc = "": null

02-12-2024T03:24:46 - [TEST_STEP][PASSED] - a1 = <not implemented yet for class: org.codehaus.groovy.ast.expr.EmptyExpression>: null

02-12-2024T03:24:46 - [TEST_STEP][PASSED] - a2 = <not implemented yet for class: org.codehaus.groovy.ast.expr.EmptyExpression>: null

02-12-2024T03:24:46 - [TEST_STEP][PASSED] - a30 = <not implemented yet for class: org.codehaus.groovy.ast.expr.EmptyExpression>: null

02-12-2024T03:24:46 - [TEST_STEP][PASSED] - a31 = <not implemented yet for class: org.codehaus.groovy.ast.expr.EmptyExpression>: null

02-12-2024T03:24:46 - [TEST_STEP][PASSED] - a32 = <not implemented yet for class: org.codehaus.groovy.ast.expr.EmptyExpression>: null

02-12-2024T03:24:46 - [TEST_STEP][PASSED] - a33 = <not implemented yet for class: org.codehaus.groovy.ast.expr.EmptyExpression>: null

02-12-2024T03:24:46 - [TEST_STEP][PASSED] - a34 = <not implemented yet for class: org.codehaus.groovy.ast.expr.EmptyExpression>: null

02-12-2024T03:24:46 - [TEST_STEP][PASSED] - a35 = <not implemented yet for class: org.codehaus.groovy.ast.expr.EmptyExpression>: null

02-12-2024T03:24:46 - [TEST_STEP][PASSED] - a36 = <not implemented yet for class: org.codehaus.groovy.ast.expr.EmptyExpression>: null

02-12-2024T03:24:46 - [TEST_STEP][PASSED] - a37 = <not implemented yet for class: org.codehaus.groovy.ast.expr.EmptyExpression>: null

02-12-2024T03:24:46 - [TEST_STEP][PASSED] - a38 = <not implemented yet for class: org.codehaus.groovy.ast.expr.EmptyExpression>: null

02-12-2024T03:24:46 - [TEST_STEP][PASSED] - a39 = <not implemented yet for class: org.codehaus.groovy.ast.expr.EmptyExpression>: null

02-12-2024T03:24:46 - [TEST_STEP][PASSED] - a310 = <not implemented yet for class: org.codehaus.groovy.ast.expr.EmptyExpression>: null

02-12-2024T03:24:46 - [TEST_STEP][PASSED] - a311 = <not implemented yet for class: org.codehaus.groovy.ast.expr.EmptyExpression>: null

02-12-2024T03:24:46 - [TEST_STEP][PASSED] - a312 = <not implemented yet for class: org.codehaus.groovy.ast.expr.EmptyExpression>: null

02-12-2024T03:24:46 - [TEST_STEP][PASSED] - a313 = <not implemented yet for class: org.codehaus.groovy.ast.expr.EmptyExpression>: null

02-12-2024T03:24:46 - [TEST_STEP][PASSED] - a314 = <not implemented yet for class: org.codehaus.groovy.ast.expr.EmptyExpression>: null

02-12-2024T03:24:46 - [TEST_STEP][PASSED] - a315 = <not implemented yet for class: org.codehaus.groovy.ast.expr.EmptyExpression>: null

02-12-2024T03:24:46 - [TEST_STEP][PASSED] - a316 = <not implemented yet for class: org.codehaus.groovy.ast.expr.EmptyExpression>: null

02-12-2024T03:24:46 - [TEST_STEP][PASSED] - a317 = <not implemented yet for class: org.codehaus.groovy.ast.expr.EmptyExpression>: null

02-12-2024T03:24:46 - [TEST_STEP][PASSED] - b1 = <not implemented yet for class: org.codehaus.groovy.ast.expr.EmptyExpression>: null

02-12-2024T03:24:46 - [TEST_STEP][PASSED] - b2 = <not implemented yet for class: org.codehaus.groovy.ast.expr.EmptyExpression>: null

02-12-2024T03:24:46 - [TEST_STEP][PASSED] - b30 = <not implemented yet for class: org.codehaus.groovy.ast.expr.EmptyExpression>: null

02-12-2024T03:24:46 - [TEST_STEP][PASSED] - b31 = <not implemented yet for class: org.codehaus.groovy.ast.expr.EmptyExpression>: null

02-12-2024T03:24:46 - [TEST_STEP][PASSED] - b32 = <not implemented yet for class: org.codehaus.groovy.ast.expr.EmptyExpression>: null

02-12-2024T03:24:46 - [TEST_STEP][PASSED] - b33 = <not implemented yet for class: org.codehaus.groovy.ast.expr.EmptyExpression>: null

02-12-2024T03:24:46 - [TEST_STEP][PASSED] - b34 = <not implemented yet for class: org.codehaus.groovy.ast.expr.EmptyExpression>: null

02-12-2024T03:24:46 - [TEST_STEP][PASSED] - b35 = <not implemented yet for class: org.codehaus.groovy.ast.expr.EmptyExpression>: null

02-12-2024T03:24:46 - [TEST_STEP][PASSED] - b36 = <not implemented yet for class: org.codehaus.groovy.ast.expr.EmptyExpression>: null

02-12-2024T03:24:46 - [TEST_STEP][PASSED] - b37 = <not implemented yet for class: org.codehaus.groovy.ast.expr.EmptyExpression>: null

02-12-2024T03:24:46 - [TEST_STEP][PASSED] - b38 = <not implemented yet for class: org.codehaus.groovy.ast.expr.EmptyExpression>: null

02-12-2024T03:24:46 - [TEST_STEP][PASSED] - b39 = <not implemented yet for class: org.codehaus.groovy.ast.expr.EmptyExpression>: null

02-12-2024T03:24:46 - [TEST_STEP][PASSED] - b310 = <not implemented yet for class: org.codehaus.groovy.ast.expr.EmptyExpression>: null

02-12-2024T03:24:46 - [TEST_STEP][PASSED] - b311 = <not implemented yet for class: org.codehaus.groovy.ast.expr.EmptyExpression>: null

02-12-2024T03:24:46 - [TEST_STEP][PASSED] - b312 = <not implemented yet for class: org.codehaus.groovy.ast.expr.EmptyExpression>: null

02-12-2024T03:24:46 - [TEST_STEP][PASSED] - b313 = <not implemented yet for class: org.codehaus.groovy.ast.expr.EmptyExpression>: null

02-12-2024T03:24:46 - [TEST_STEP][PASSED] - b314 = <not implemented yet for class: org.codehaus.groovy.ast.expr.EmptyExpression>: null

02-12-2024T03:24:46 - [TEST_STEP][PASSED] - b315 = <not implemented yet for class: org.codehaus.groovy.ast.expr.EmptyExpression>: null

02-12-2024T03:24:46 - [TEST_STEP][PASSED] - b316 = <not implemented yet for class: org.codehaus.groovy.ast.expr.EmptyExpression>: null

02-12-2024T03:24:46 - [TEST_STEP][PASSED] - b317 = <not implemented yet for class: org.codehaus.groovy.ast.expr.EmptyExpression>: null

02-12-2024T03:24:46 - [TEST_STEP][PASSED] - block = 1: null

02-12-2024T03:24:46 - [TEST_STEP][PASSED] - nameOfBlock = "": null

02-12-2024T03:24:46 - [TEST_STEP][PASSED] - Script1710234207206.PreSettings(run, vir, block, nameOfBlock, typeOfData, todaysDate): null

02-12-2024T03:24:46 - [TEST_STEP][PASSED] - openBrowser(""): Browser is opened with url: ''

02-12-2024T03:24:46 - [MESSAGE][INFO] - Starting 'Chrome' driver

02-12-2024T03:24:46 - [MESSAGE][INFO] - Action delay is set to 0 milliseconds

02-12-2024T03:24:47 - [MESSAGE][PASSED] - Browser is opened with url: ''

02-12-2024T03:24:47 - [TEST_STEP][PASSED] - refresh(): Refresh successfully

02-12-2024T03:24:47 - [MESSAGE][PASSED] - Refresh successfully

02-12-2024T03:24:47 - [TEST_STEP][PASSED] - delay(50): Delayed 50 second(s)

02-12-2024T03:25:37 - [MESSAGE][PASSED] - Delayed 50 second(s)

02-12-2024T03:25:37 - [TEST_STEP][PASSED] - println("run:" + run): null

02-12-2024T03:25:37 - [TEST_STEP][PASSED] - println("vir:" + vir): null

02-12-2024T03:25:37 - [TEST_STEP][PASSED] - println("block:" + block): null

02-12-2024T03:25:37 - [TEST_STEP][PASSED] - if (block == 1): null

02-12-2024T03:25:37 - [TEST_STEP][PASSED] - nameOfBlock = "": null

02-12-2024T03:25:37 - [TEST_STEP][PASSED] - println("nameOfBlock:" + nameOfBlock): null

02-12-2024T03:25:37 - [TEST_STEP][PASSED] - println("typeOfData:" + typeOfData): null

02-12-2024T03:25:37 - [TEST_STEP][PASSED] - println("todaysDate:" + todaysDate): null

02-12-2024T03:25:37 - [TEST_STEP][PASSED] - Script1710234207206.Autorization(block, nameOfBlock): null

02-12-2024T03:25:37 - [TEST_STEP][PASSED] - i = <not implemented yet for class: org.codehaus.groovy.ast.expr.EmptyExpression>: null

02-12-2024T03:25:37 - [TEST_STEP][PASSED] - ii = <not implemented yet for class: org.codehaus.groovy.ast.expr.EmptyExpression>: null

02-12-2024T03:25:37 - [TEST_STEP][PASSED] - urlData = <not implemented yet for class: org.codehaus.groovy.ast.expr.EmptyExpression>: null

02-12-2024T03:25:37 - [TEST_STEP][PASSED] - searchWord = <not implemented yet for class: org.codehaus.groovy.ast.expr.EmptyExpression>: null

02-12-2024T03:25:37 - [TEST_STEP][PASSED] - urlText = <not implemented yet for class: org.codehaus.groovy.ast.expr.EmptyExpression>: null

02-12-2024T03:25:37 - [TEST_STEP][PASSED] - println("block:" + block): null

02-12-2024T03:25:37 - [TEST_STEP][PASSED] - if (block == 1): null

02-12-2024T03:25:37 - [TEST_STEP][PASSED] - nameOfBlock = "": null

02-12-2024T03:25:37 - [TEST_STEP][PASSED] - println("nameOfBlock:" + nameOfBlock): null

02-12-2024T03:25:37 - [TEST_STEP][PASSED] - if (block == 1): Delayed 45 second(s)

02-12-2024T03:25:37 - [TEST_STEP][PASSED] - urlData = 2: null

02-12-2024T03:25:37 - [TEST_STEP][PASSED] - delay(45): Delayed 45 second(s)

02-12-2024T03:26:22 - [MESSAGE][PASSED] - Delayed 45 second(s)

02-12-2024T03:26:22 - [TEST_STEP][PASSED] - navigateToUrl(findTestData("PlanFact").getValue(10, urlData)): Navigate to 'https://bi.rosseti.digital/viewer?dashboardGuid=2301950b23be4ed89c1df75f2020051e&sheetGuid=b723206f698544fb87299f3095c00435&fit=true' successfully

02-12-2024T03:26:32 - [MESSAGE][PASSED] - Navigate to 'https://bi.rosseti.digital/viewer?dashboardGuid=2301950b23be4ed89c1df75f2020051e&sheetGuid=b723206f698544fb87299f3095c00435&fit=true' successfully

02-12-2024T03:26:32 - [TEST_STEP][PASSED] - urlText = getText(findTestObject("Страница авторизации/Text")): Text of object 'Object Repository/Страница авторизации/Text' is: 'Вход'

02-12-2024T03:26:32 - [MESSAGE][PASSED] - Text of object 'Object Repository/Страница авторизации/Text' is: 'Вход'

02-12-2024T03:26:32 - [TEST_STEP][PASSED] - searchWord = "Вход": null

02-12-2024T03:26:32 - [TEST_STEP][PASSED] - if (urlText == null || urlText.contains("ошибка") || urlText.contains(searchWord) == false): null

02-12-2024T03:26:32 - [TEST_STEP][PASSED] - if (verifyElementPresent(findTestObject("Страница авторизации/button_"), 30) == true): null

02-12-2024T03:26:32 - [MESSAGE][PASSED] - Object 'Object Repository/Страница авторизации/button_' is present

02-12-2024T03:26:32 - [TEST_STEP][PASSED] - setText(findTestObject("Страница авторизации/input__username"), findTestData("PlanFact").getValue(8, 1)): Text 'liazgina-di' is set on object 'Object Repository/Страница авторизации/input__username'

02-12-2024T03:26:33 - [MESSAGE][PASSED] - Text 'liazgina-di' is set on object 'Object Repository/Страница авторизации/input__username'

02-12-2024T03:26:33 - [TEST_STEP][PASSED] - setText(findTestObject("Страница авторизации/input__password"), findTestData("PlanFact").getValue(9, 1)): Text ')$%5srZ8o688Dm#q' is set on object 'Object Repository/Страница авторизации/input__password'

02-12-2024T03:26:34 - [MESSAGE][PASSED] - Text ')$%5srZ8o688Dm#q' is set on object 'Object Repository/Страница авторизации/input__password'

02-12-2024T03:26:34 - [TEST_STEP][PASSED] - click(findTestObject("Страница авторизации/button_")): Object: 'Object Repository/Страница авторизации/button_' is clicked on

02-12-2024T03:26:36 - [MESSAGE][PASSED] - Object: 'Object Repository/Страница авторизации/button_' is clicked on

02-12-2024T03:26:36 - [TEST_STEP][PASSED] - delay(45): Delayed 45 second(s)

02-12-2024T03:27:21 - [MESSAGE][PASSED] - Delayed 45 second(s)

02-12-2024T03:27:21 - [TEST_STEP][PASSED] - urlText = getText(findTestObject("Страница авторизации/Text")): Text of object 'Object Repository/Страница авторизации/Text' is: 'Период
1, 2, 3 кв., Октябрь 2024 года
Выручка
Все
Выполнение плановых показателей по ПАО Россети за 1, 2, 3 кв., Октябрь 2024 года
План
Факт
Динамика
2024 год
0 млн.руб.
100 000 млн.руб.
200 000 млн.руб.
300 000 млн.руб.
400 000 млн.руб.
500 000 млн.руб.
600 000 млн.руб.
700 000 млн.руб.
800 000 млн.руб.
900 000 млн.руб.
1 000 000 млн.руб.
1 100 000 млн.руб.
1 200 000 млн.руб.
1 300 000 млн.руб.
1 400 000 млн.руб.
1 180 677
1 181 459
↑
ДЗО 
Все
Внутренний оборот - выручка за услуги по передаче электрической энергии, учтенная в выручке за электроэнергию для конечных потребителей, при выполнении ДЗО функций гарантирующего поставщика
Подписи данных
⬤Отклонение
АО «Тываэнерго»
АО «Чеченэнерго»
Россети Волга
Россети Кубань
Россети Ленэнерго (ГК)
Россети Московский регион
Россети Северный Кавказ (ГК)
Россети Северо-Запад
Россети Сибирь (ГК)
Россети Томск
Россети Тюмень
Россети Урал (ГК)
Россети ФСК ЕЭС
Россети Центр
Россети Центр и Приволжье (ГК)
Россети Юг (ГК)
Россети Янтарь
-25 000млн.руб.
-20 000млн.руб.
-15 000млн.руб.
-10 000млн.руб.
-5 000млн.руб.
0млн.руб.
5 000млн.руб.
10 …
-30 000млн.руб.
300
101
156
3 953
4 462
7 500
888
878
1 274
238
-5 106
1 955
-24 344
2 435
4 419
1 357
318
млн.
%
Выручка
Отклонение выручки по ПАО Россети за 1, 2, 3 кв., Октябрь 2024 года (факт/план, млн. руб)
ПАО Россети
782.4 млн.руб.
 '

02-12-2024T03:27:22 - [MESSAGE][PASSED] - Text of object 'Object Repository/Страница авторизации/Text' is: 'Период
1, 2, 3 кв., Октябрь 2024 года
Выручка
Все
Выполнение плановых показателей по ПАО Россети за 1, 2, 3 кв., Октябрь 2024 года
План
Факт
Динамика
2024 год
0 млн.руб.
100 000 млн.руб.
200 000 млн.руб.
300 000 млн.руб.
400 000 млн.руб.
500 000 млн.руб.
600 000 млн.руб.
700 000 млн.руб.
800 000 млн.руб.
900 000 млн.руб.
1 000 000 млн.руб.
1 100 000 млн.руб.
1 200 000 млн.руб.
1 300 000 млн.руб.
1 400 000 млн.руб.
1 180 677
1 181 459
↑
ДЗО 
Все
Внутренний оборот - выручка за услуги по передаче электрической энергии, учтенная в выручке за электроэнергию для конечных потребителей, при выполнении ДЗО функций гарантирующего поставщика
Подписи данных
⬤Отклонение
АО «Тываэнерго»
АО «Чеченэнерго»
Россети Волга
Россети Кубань
Россети Ленэнерго (ГК)
Россети Московский регион
Россети Северный Кавказ (ГК)
Россети Северо-Запад
Россети Сибирь (ГК)
Россети Томск
Россети Тюмень
Россети Урал (ГК)
Россети ФСК ЕЭС
Россети Центр
Россети Центр и Приволжье (ГК)
Россети Юг (ГК)
Россети Янтарь
-25 000млн.руб.
-20 000млн.руб.
-15 000млн.руб.
-10 000млн.руб.
-5 000млн.руб.
0млн.руб.
5 000млн.руб.
10 …
-30 000млн.руб.
300
101
156
3 953
4 462
7 500
888
878
1 274
238
-5 106
1 955
-24 344
2 435
4 419
1 357
318
млн.
%
Выручка
Отклонение выручки по ПАО Россети за 1, 2, 3 кв., Октябрь 2024 года (факт/план, млн. руб)
ПАО Россети
782.4 млн.руб.
 '

02-12-2024T03:27:22 - [TEST_STEP][PASSED] - searchWord = "а": null

02-12-2024T03:27:22 - [TEST_STEP][PASSED] - if (urlText.contains("ошибка") || urlText.contains(searchWord) == false): null

02-12-2024T03:27:22 - [TEST_STEP][PASSED] - delay(45): Delayed 45 second(s)

02-12-2024T03:28:07 - [MESSAGE][PASSED] - Delayed 45 second(s)

02-12-2024T03:28:07 - [TEST_STEP][PASSED] - if (block == 2): null

02-12-2024T03:28:07 - [TEST_STEP][PASSED] - click(findTestObject("Выручка в рублях/Фильтр Период" + nameOfBlock)): Object: 'Object Repository/Выручка в рублях/Фильтр Период' is clicked on

02-12-2024T03:28:08 - [MESSAGE][PASSED] - Object: 'Object Repository/Выручка в рублях/Фильтр Период' is clicked on

02-12-2024T03:28:08 - [TEST_STEP][PASSED] - click(findTestObject("Выручка в рублях/Снять выделение в фильтре Дата" + nameOfBlock)): Object: 'Object Repository/Выручка в рублях/Снять выделение в фильтре Дата' is clicked on

02-12-2024T03:28:08 - [MESSAGE][PASSED] - Object: 'Object Repository/Выручка в рублях/Снять выделение в фильтре Дата' is clicked on

02-12-2024T03:28:08 - [TEST_STEP][PASSED] - click(findTestObject("Выручка в рублях/Применить в фильтре Дата" + nameOfBlock)): Object: 'Object Repository/Выручка в рублях/Применить в фильтре Дата' is clicked on

02-12-2024T03:28:09 - [MESSAGE][PASSED] - Object: 'Object Repository/Выручка в рублях/Применить в фильтре Дата' is clicked on

02-12-2024T03:28:09 - [TEST_STEP][PASSED] - delay(50): Delayed 50 second(s)

02-12-2024T03:28:59 - [MESSAGE][PASSED] - Delayed 50 second(s)

02-12-2024T03:28:59 - [TEST_STEP][PASSED] - click(findTestObject("Выручка в рублях/Фильтр Период" + nameOfBlock)): Object: 'Object Repository/Выручка в рублях/Фильтр Период' is clicked on

02-12-2024T03:28:59 - [MESSAGE][PASSED] - Object: 'Object Repository/Выручка в рублях/Фильтр Период' is clicked on

02-12-2024T03:28:59 - [TEST_STEP][PASSED] - click(findTestObject("Выручка в рублях/Снять выделение в фильтре Дата" + nameOfBlock)): Object: 'Object Repository/Выручка в рублях/Снять выделение в фильтре Дата' is clicked on

02-12-2024T03:28:59 - [MESSAGE][PASSED] - Object: 'Object Repository/Выручка в рублях/Снять выделение в фильтре Дата' is clicked on

02-12-2024T03:28:59 - [TEST_STEP][PASSED] - scrollToElement(findTestObject("Выручка в рублях/2024 список" + nameOfBlock), 30): Scroll to object 'Object Repository/Выручка в рублях/2024 список' successfully

02-12-2024T03:29:00 - [MESSAGE][PASSED] - Scroll to object 'Object Repository/Выручка в рублях/2024 список' successfully

02-12-2024T03:29:00 - [TEST_STEP][PASSED] - click(findTestObject("Выручка в рублях/2024 список" + nameOfBlock)): Object: 'Object Repository/Выручка в рублях/2024 список' is clicked on

02-12-2024T03:29:00 - [MESSAGE][PASSED] - Object: 'Object Repository/Выручка в рублях/2024 список' is clicked on

02-12-2024T03:29:00 - [TEST_STEP][PASSED] - scrollToElement(findTestObject("Выручка в рублях/1 квартал 2024 выбрать" + nameOfBlock), 30): Scroll to object 'Object Repository/Выручка в рублях/1 квартал 2024 выбрать' successfully

02-12-2024T03:29:01 - [MESSAGE][PASSED] - Scroll to object 'Object Repository/Выручка в рублях/1 квартал 2024 выбрать' successfully

02-12-2024T03:29:01 - [TEST_STEP][PASSED] - click(findTestObject("Выручка в рублях/1 квартал 2024 выбрать" + nameOfBlock)): Object: 'Object Repository/Выручка в рублях/1 квартал 2024 выбрать' is clicked on

02-12-2024T03:29:01 - [MESSAGE][PASSED] - Object: 'Object Repository/Выручка в рублях/1 квартал 2024 выбрать' is clicked on

02-12-2024T03:29:01 - [TEST_STEP][PASSED] - scrollToElement(findTestObject("Выручка в рублях/2 квартал 2024 выбрать" + nameOfBlock), 30): Scroll to object 'Object Repository/Выручка в рублях/2 квартал 2024 выбрать' successfully

02-12-2024T03:29:01 - [MESSAGE][PASSED] - Scroll to object 'Object Repository/Выручка в рублях/2 квартал 2024 выбрать' successfully

02-12-2024T03:29:01 - [TEST_STEP][PASSED] - click(findTestObject("Выручка в рублях/2 квартал 2024 выбрать" + nameOfBlock)): Object: 'Object Repository/Выручка в рублях/2 квартал 2024 выбрать' is clicked on

02-12-2024T03:29:02 - [MESSAGE][PASSED] - Object: 'Object Repository/Выручка в рублях/2 квартал 2024 выбрать' is clicked on

02-12-2024T03:29:02 - [TEST_STEP][PASSED] - scrollToElement(findTestObject("Выручка в рублях/3 квартал 2024 список" + nameOfBlock), 30): Scroll to object 'Object Repository/Выручка в рублях/3 квартал 2024 список' successfully

02-12-2024T03:29:02 - [MESSAGE][PASSED] - Scroll to object 'Object Repository/Выручка в рублях/3 квартал 2024 список' successfully

02-12-2024T03:29:02 - [TEST_STEP][PASSED] - click(findTestObject("Выручка в рублях/3 квартал 2024" + nameOfBlock)): Object: 'Object Repository/Выручка в рублях/3 квартал 2024' is clicked on

02-12-2024T03:29:03 - [MESSAGE][PASSED] - Object: 'Object Repository/Выручка в рублях/3 квартал 2024' is clicked on

02-12-2024T03:29:03 - [TEST_STEP][PASSED] - scrollToElement(findTestObject("Выручка в рублях/4 квартал 2024 список" + nameOfBlock), 30): Scroll to object 'Object Repository/Выручка в рублях/4 квартал 2024 список' successfully

02-12-2024T03:29:03 - [MESSAGE][PASSED] - Scroll to object 'Object Repository/Выручка в рублях/4 квартал 2024 список' successfully

02-12-2024T03:29:03 - [TEST_STEP][PASSED] - click(findTestObject("Выручка в рублях/4 квартал 2024 список" + nameOfBlock)): Object: 'Object Repository/Выручка в рублях/4 квартал 2024 список' is clicked on

02-12-2024T03:29:03 - [MESSAGE][PASSED] - Object: 'Object Repository/Выручка в рублях/4 квартал 2024 список' is clicked on

02-12-2024T03:29:03 - [TEST_STEP][PASSED] - scrollToElement(findTestObject("Выручка в рублях/Октябрь 2024" + nameOfBlock), 30): Scroll to object 'Object Repository/Выручка в рублях/Октябрь 2024' successfully

02-12-2024T03:29:04 - [MESSAGE][PASSED] - Scroll to object 'Object Repository/Выручка в рублях/Октябрь 2024' successfully

02-12-2024T03:29:04 - [TEST_STEP][PASSED] - click(findTestObject("Выручка в рублях/Октябрь 2024" + nameOfBlock)): Object: 'Object Repository/Выручка в рублях/Октябрь 2024' is clicked on

02-12-2024T03:29:04 - [MESSAGE][PASSED] - Object: 'Object Repository/Выручка в рублях/Октябрь 2024' is clicked on

02-12-2024T03:29:04 - [TEST_STEP][PASSED] - scrollToElement(findTestObject("Выручка в рублях/Заголовок дашборда" + nameOfBlock), 30): Scroll to object 'Object Repository/Выручка в рублях/Заголовок дашборда' successfully

02-12-2024T03:29:05 - [MESSAGE][PASSED] - Scroll to object 'Object Repository/Выручка в рублях/Заголовок дашборда' successfully

02-12-2024T03:29:05 - [TEST_STEP][PASSED] - click(findTestObject("Выручка в рублях/Применить в фильтре Дата" + nameOfBlock)): Object: 'Object Repository/Выручка в рублях/Применить в фильтре Дата' is clicked on

02-12-2024T03:29:05 - [MESSAGE][PASSED] - Object: 'Object Repository/Выручка в рублях/Применить в фильтре Дата' is clicked on

02-12-2024T03:29:05 - [TEST_STEP][PASSED] - delay(55): Delayed 55 second(s)

02-12-2024T03:30:00 - [MESSAGE][PASSED] - Delayed 55 second(s)

02-12-2024T03:30:00 - [TEST_STEP][PASSED] - click(findTestObject("Выручка в рублях/Фильтр ДЗО" + nameOfBlock)): Object: 'Object Repository/Выручка в рублях/Фильтр ДЗО' is clicked on

02-12-2024T03:30:00 - [MESSAGE][PASSED] - Object: 'Object Repository/Выручка в рублях/Фильтр ДЗО' is clicked on

02-12-2024T03:30:00 - [TEST_STEP][PASSED] - click(findTestObject("Выручка в рублях/Снять выделение в фильтре ДЗО" + nameOfBlock)): Object: 'Object Repository/Выручка в рублях/Снять выделение в фильтре ДЗО' is clicked on

02-12-2024T03:30:01 - [MESSAGE][PASSED] - Object: 'Object Repository/Выручка в рублях/Снять выделение в фильтре ДЗО' is clicked on

02-12-2024T03:30:01 - [TEST_STEP][PASSED] - click(findTestObject("Выручка в рублях/Применить в фильтре ДЗО" + nameOfBlock)): Object: 'Object Repository/Выручка в рублях/Применить в фильтре ДЗО' is clicked on

02-12-2024T03:30:02 - [MESSAGE][PASSED] - Object: 'Object Repository/Выручка в рублях/Применить в фильтре ДЗО' is clicked on

02-12-2024T03:30:02 - [TEST_STEP][PASSED] - delay(50): Delayed 50 second(s)

02-12-2024T03:30:52 - [MESSAGE][PASSED] - Delayed 50 second(s)

02-12-2024T03:30:52 - [TEST_STEP][PASSED] - Script1710234207206.Tumbler(run, vir, block, nameOfBlock): null

02-12-2024T03:30:52 - [TEST_STEP][PASSED] - println("run:" + run): null

02-12-2024T03:30:52 - [TEST_STEP][PASSED] - println("vir:" + vir): null

02-12-2024T03:30:52 - [TEST_STEP][PASSED] - println("block:" + block): null

02-12-2024T03:30:52 - [TEST_STEP][PASSED] - println("nameOfBlock:" + nameOfBlock): null

02-12-2024T03:30:52 - [TEST_STEP][PASSED] - if (vir == 1): Object: 'Object Repository/Выручка в рублях/Переключить отображение с млн на проценты Выручка в рублях' is clicked on

02-12-2024T03:30:52 - [TEST_STEP][PASSED] - if (run == 2): Object: 'Object Repository/Выручка в рублях/Переключить отображение с млн на проценты Выручка в рублях' is clicked on

02-12-2024T03:30:52 - [TEST_STEP][PASSED] - click(findTestObject("Выручка в рублях/Переключить отображение с млн на проценты Выручка в рублях" + nameOfBlock)): Object: 'Object Repository/Выручка в рублях/Переключить отображение с млн на проценты Выручка в рублях' is clicked on

02-12-2024T03:30:52 - [MESSAGE][PASSED] - Object: 'Object Repository/Выручка в рублях/Переключить отображение с млн на проценты Выручка в рублях' is clicked on

02-12-2024T03:30:52 - [TEST_STEP][PASSED] - click(findTestObject("Выручка в рублях/Фильтр ДЗО" + nameOfBlock)): Object: 'Object Repository/Выручка в рублях/Фильтр ДЗО' is clicked on

02-12-2024T03:30:52 - [MESSAGE][PASSED] - Object: 'Object Repository/Выручка в рублях/Фильтр ДЗО' is clicked on

02-12-2024T03:30:52 - [TEST_STEP][PASSED] - Script1710234207206.Rosseti(nameOfBlock): null

02-12-2024T03:30:52 - [TEST_STEP][PASSED] - println("nameOfBlock:" + nameOfBlock): null

02-12-2024T03:30:52 - [TEST_STEP][PASSED] - click(findTestObject("Выручка в рублях/ПАО Россети" + nameOfBlock)): Object: 'Object Repository/Выручка в рублях/ПАО Россети' is clicked on

02-12-2024T03:30:53 - [MESSAGE][PASSED] - Object: 'Object Repository/Выручка в рублях/ПАО Россети' is clicked on

02-12-2024T03:30:53 - [TEST_STEP][PASSED] - click(findTestObject("Выручка в рублях/Применить в фильтре ДЗО" + nameOfBlock)): Object: 'Object Repository/Выручка в рублях/Применить в фильтре ДЗО' is clicked on

02-12-2024T03:30:54 - [MESSAGE][PASSED] - Object: 'Object Repository/Выручка в рублях/Применить в фильтре ДЗО' is clicked on

02-12-2024T03:30:54 - [TEST_STEP][PASSED] - if (run == 2): null

02-12-2024T03:30:54 - [TEST_STEP][PASSED] - perc = " Perc": null

02-12-2024T03:30:54 - [TEST_STEP][PASSED] - if (vir == 1 || vir == 2): Text of object 'Object Repository/Выручка в рублях/График План' is: '1 180 677'

02-12-2024T03:30:54 - [TEST_STEP][PASSED] - a1 = getText(findTestObject("Выручка в рублях/График План")): Text of object 'Object Repository/Выручка в рублях/График План' is: '1 180 677'

02-12-2024T03:30:56 - [MESSAGE][PASSED] - Text of object 'Object Repository/Выручка в рублях/График План' is: '1 180 677'

02-12-2024T03:30:56 - [TEST_STEP][PASSED] - if (vir == 1 || vir == 2): Text of object 'Object Repository/Выручка в рублях/График Факт' is: '1 181 459'

02-12-2024T03:30:56 - [TEST_STEP][PASSED] - a2 = getText(findTestObject("Выручка в рублях/График Факт")): Text of object 'Object Repository/Выручка в рублях/График Факт' is: '1 181 459'

02-12-2024T03:30:56 - [MESSAGE][PASSED] - Text of object 'Object Repository/Выручка в рублях/График Факт' is: '1 181 459'

02-12-2024T03:30:56 - [TEST_STEP][PASSED] - a30 = getText(findTestObject("Выручка в рублях/span1" + perc)): Text of object 'Object Repository/Выручка в рублях/span1 Perc' is: '-25.61 %'

02-12-2024T03:30:56 - [MESSAGE][PASSED] - Text of object 'Object Repository/Выручка в рублях/span1 Perc' is: '-25.61 %'

02-12-2024T03:30:56 - [TEST_STEP][PASSED] - i = a30.indexOf("млн.руб."): null

02-12-2024T03:30:56 - [TEST_STEP][PASSED] - if (i > -1): null

02-12-2024T03:30:56 - [TEST_STEP][PASSED] - if (a30.contains("%")): null

02-12-2024T03:30:56 - [TEST_STEP][PASSED] - a30 = a30.replaceAll("%", ""): null

02-12-2024T03:30:56 - [TEST_STEP][PASSED] - a30 = ").trim(): null

02-12-2024T03:30:56 - [TEST_STEP][PASSED] - println("a30: " + a30): null

02-12-2024T03:30:56 - [TEST_STEP][PASSED] - if (vir == 1 || vir == 2): Text of object 'Object Repository/Выручка в рублях/span2 Perc' is: '19.44 %'

02-12-2024T03:30:56 - [TEST_STEP][PASSED] - a31 = ").trim(): Text of object 'Object Repository/Выручка в рублях/span2 Perc' is: '19.44 %'

02-12-2024T03:30:56 - [MESSAGE][PASSED] - Text of object 'Object Repository/Выручка в рублях/span2 Perc' is: '19.44 %'

02-12-2024T03:30:56 - [TEST_STEP][PASSED] - if (vir == 1 || vir == 2): Text of object 'Object Repository/Выручка в рублях/span3 Perc' is: '-48.66 %'

02-12-2024T03:30:56 - [TEST_STEP][PASSED] - a32 = ").trim(): Text of object 'Object Repository/Выручка в рублях/span3 Perc' is: '-48.66 %'

02-12-2024T03:30:57 - [MESSAGE][PASSED] - Text of object 'Object Repository/Выручка в рублях/span3 Perc' is: '-48.66 %'

02-12-2024T03:30:57 - [TEST_STEP][PASSED] - if (vir == 1 || vir == 2): Text of object 'Object Repository/Выручка в рублях/span8 Perc' is: '-48.99 %'

02-12-2024T03:30:57 - [TEST_STEP][PASSED] - a33 = ").trim(): Text of object 'Object Repository/Выручка в рублях/span4 Perc' is: '-49.88 %'

02-12-2024T03:30:57 - [MESSAGE][PASSED] - Text of object 'Object Repository/Выручка в рублях/span4 Perc' is: '-49.88 %'

02-12-2024T03:30:57 - [TEST_STEP][PASSED] - a34 = ").trim(): Text of object 'Object Repository/Выручка в рублях/span5 Perc' is: '-46.84 %'

02-12-2024T03:30:57 - [MESSAGE][PASSED] - Text of object 'Object Repository/Выручка в рублях/span5 Perc' is: '-46.84 %'

02-12-2024T03:30:57 - [TEST_STEP][PASSED] - a35 = ").trim(): Text of object 'Object Repository/Выручка в рублях/span6 Perc' is: '-47.31 %'

02-12-2024T03:30:58 - [MESSAGE][PASSED] - Text of object 'Object Repository/Выручка в рублях/span6 Perc' is: '-47.31 %'

02-12-2024T03:30:58 - [TEST_STEP][PASSED] - a36 = ").trim(): Text of object 'Object Repository/Выручка в рублях/span7 Perc' is: '4.39 %'

02-12-2024T03:30:58 - [MESSAGE][PASSED] - Text of object 'Object Repository/Выручка в рублях/span7 Perc' is: '4.39 %'

02-12-2024T03:30:58 - [TEST_STEP][PASSED] - a37 = ").trim(): Text of object 'Object Repository/Выручка в рублях/span8 Perc' is: '-48.99 %'

02-12-2024T03:30:58 - [MESSAGE][PASSED] - Text of object 'Object Repository/Выручка в рублях/span8 Perc' is: '-48.99 %'

02-12-2024T03:30:58 - [TEST_STEP][PASSED] - if (vir == 1 || vir == 2): Text of object 'Object Repository/Выручка в рублях/span17 Perc' is: '-48.42 %'

02-12-2024T03:30:58 - [TEST_STEP][PASSED] - a38 = ").trim(): Text of object 'Object Repository/Выручка в рублях/span9 Perc' is: '2.01 %'

02-12-2024T03:30:59 - [MESSAGE][PASSED] - Text of object 'Object Repository/Выручка в рублях/span9 Perc' is: '2.01 %'

02-12-2024T03:30:59 - [TEST_STEP][PASSED] - a39 = ").trim(): Text of object 'Object Repository/Выручка в рублях/span10 Perc' is: '2.23 %'

02-12-2024T03:30:59 - [MESSAGE][PASSED] - Text of object 'Object Repository/Выручка в рублях/span10 Perc' is: '2.23 %'

02-12-2024T03:30:59 - [TEST_STEP][PASSED] - a310 = ").trim(): Text of object 'Object Repository/Выручка в рублях/span11 Perc' is: '-48.47 %'

02-12-2024T03:30:59 - [MESSAGE][PASSED] - Text of object 'Object Repository/Выручка в рублях/span11 Perc' is: '-48.47 %'

02-12-2024T03:30:59 - [TEST_STEP][PASSED] - a311 = ").trim(): Text of object 'Object Repository/Выручка в рублях/span12 Perc' is: '-53.69 %'

02-12-2024T03:30:59 - [MESSAGE][PASSED] - Text of object 'Object Repository/Выручка в рублях/span12 Perc' is: '-53.69 %'

02-12-2024T03:30:59 - [TEST_STEP][PASSED] - a312 = ").trim(): Text of object 'Object Repository/Выручка в рублях/span13 Perc' is: '2.27 %'

02-12-2024T03:31:00 - [MESSAGE][PASSED] - Text of object 'Object Repository/Выручка в рублях/span13 Perc' is: '2.27 %'

02-12-2024T03:31:00 - [TEST_STEP][PASSED] - a313 = ").trim(): Text of object 'Object Repository/Выручка в рублях/span14 Perc' is: '-9.49 %'

02-12-2024T03:31:00 - [MESSAGE][PASSED] - Text of object 'Object Repository/Выручка в рублях/span14 Perc' is: '-9.49 %'

02-12-2024T03:31:00 - [TEST_STEP][PASSED] - a314 = ").trim(): Text of object 'Object Repository/Выручка в рублях/span15 Perc' is: '-31.28 %'

02-12-2024T03:31:00 - [MESSAGE][PASSED] - Text of object 'Object Repository/Выручка в рублях/span15 Perc' is: '-31.28 %'

02-12-2024T03:31:00 - [TEST_STEP][PASSED] - a315 = ").trim(): Text of object 'Object Repository/Выручка в рублях/span16 Perc' is: '4.33 %'

02-12-2024T03:31:01 - [MESSAGE][PASSED] - Text of object 'Object Repository/Выручка в рублях/span16 Perc' is: '4.33 %'

02-12-2024T03:31:01 - [TEST_STEP][PASSED] - a316 = ").trim(): Text of object 'Object Repository/Выручка в рублях/span17 Perc' is: '-48.42 %'

02-12-2024T03:31:01 - [MESSAGE][PASSED] - Text of object 'Object Repository/Выручка в рублях/span17 Perc' is: '-48.42 %'

02-12-2024T03:31:01 - [TEST_STEP][PASSED] - if (vir == 1 || vir == 2): Text of object 'Object Repository/Выручка в рублях/span18 Perc' is: '4.04 %'

02-12-2024T03:31:01 - [TEST_STEP][PASSED] - a317 = ").trim(): Text of object 'Object Repository/Выручка в рублях/span18 Perc' is: '4.04 %'

02-12-2024T03:31:01 - [MESSAGE][PASSED] - Text of object 'Object Repository/Выручка в рублях/span18 Perc' is: '4.04 %'

02-12-2024T03:31:01 - [TEST_STEP][PASSED] - block = 2: null

02-12-2024T03:31:01 - [TEST_STEP][PASSED] - nameOfBlock = " Выручка": null

02-12-2024T03:31:01 - [TEST_STEP][PASSED] - Script1710234207206.PreSettings(run, vir, block, nameOfBlock, typeOfData, todaysDate): null

02-12-2024T03:31:01 - [TEST_STEP][PASSED] - openBrowser(""): Browser is opened with url: ''

02-12-2024T03:31:01 - [MESSAGE][WARNING] - A browser is already opened. Closing browser and opening a new one

02-12-2024T03:31:01 - [MESSAGE][INFO] - Starting 'Chrome' driver

02-12-2024T03:31:01 - [MESSAGE][INFO] - Action delay is set to 0 milliseconds

02-12-2024T03:31:02 - [MESSAGE][PASSED] - Browser is opened with url: ''

02-12-2024T03:31:02 - [TEST_STEP][PASSED] - refresh(): Refresh successfully

02-12-2024T03:31:02 - [MESSAGE][PASSED] - Refresh successfully

02-12-2024T03:31:02 - [TEST_STEP][PASSED] - delay(50): Delayed 50 second(s)

02-12-2024T03:31:52 - [MESSAGE][PASSED] - Delayed 50 second(s)

02-12-2024T03:31:52 - [TEST_STEP][PASSED] - println("run:" + run): null

02-12-2024T03:31:52 - [TEST_STEP][PASSED] - println("vir:" + vir): null

02-12-2024T03:31:52 - [TEST_STEP][PASSED] - println("block:" + block): null

02-12-2024T03:31:52 - [TEST_STEP][PASSED] - if (block == 1): null

02-12-2024T03:31:52 - [TEST_STEP][PASSED] - else: null

02-12-2024T03:31:52 - [TEST_STEP][PASSED] - nameOfBlock = " Выручка": null

02-12-2024T03:31:52 - [TEST_STEP][PASSED] - println("nameOfBlock:" + nameOfBlock): null

02-12-2024T03:31:52 - [TEST_STEP][PASSED] - println("typeOfData:" + typeOfData): null

02-12-2024T03:31:52 - [TEST_STEP][PASSED] - println("todaysDate:" + todaysDate): null

02-12-2024T03:31:52 - [TEST_STEP][PASSED] - Script1710234207206.Autorization(block, nameOfBlock): null

02-12-2024T03:31:52 - [TEST_STEP][PASSED] - i = <not implemented yet for class: org.codehaus.groovy.ast.expr.EmptyExpression>: null

02-12-2024T03:31:52 - [TEST_STEP][PASSED] - ii = <not implemented yet for class: org.codehaus.groovy.ast.expr.EmptyExpression>: null

02-12-2024T03:31:52 - [TEST_STEP][PASSED] - urlData = <not implemented yet for class: org.codehaus.groovy.ast.expr.EmptyExpression>: null

02-12-2024T03:31:52 - [TEST_STEP][PASSED] - searchWord = <not implemented yet for class: org.codehaus.groovy.ast.expr.EmptyExpression>: null

02-12-2024T03:31:52 - [TEST_STEP][PASSED] - urlText = <not implemented yet for class: org.codehaus.groovy.ast.expr.EmptyExpression>: null

02-12-2024T03:31:52 - [TEST_STEP][PASSED] - println("block:" + block): null

02-12-2024T03:31:52 - [TEST_STEP][PASSED] - if (block == 1): null

02-12-2024T03:31:52 - [TEST_STEP][PASSED] - else: null

02-12-2024T03:31:52 - [TEST_STEP][PASSED] - delay(45): Delayed 45 second(s)

02-12-2024T03:32:37 - [MESSAGE][PASSED] - Delayed 45 second(s)

02-12-2024T03:32:37 - [TEST_STEP][PASSED] - nameOfBlock = " Выручка": null

02-12-2024T03:32:37 - [TEST_STEP][PASSED] - println("nameOfBlock:" + nameOfBlock): null

02-12-2024T03:32:37 - [TEST_STEP][PASSED] - if (block == 1): null

02-12-2024T03:32:37 - [TEST_STEP][PASSED] - else: Delayed 45 second(s)

02-12-2024T03:32:37 - [TEST_STEP][PASSED] - urlData = 9: null

02-12-2024T03:32:37 - [TEST_STEP][PASSED] - delay(45): Delayed 45 second(s)

02-12-2024T03:33:22 - [MESSAGE][PASSED] - Delayed 45 second(s)

02-12-2024T03:33:22 - [TEST_STEP][PASSED] - navigateToUrl(findTestData("PlanFact").getValue(10, urlData)): Navigate to 'https://bi.rosseti.digital/viewer?dashboardGuid=a1fd28b3785d443cbc4d7690a1d78e31&sheetGuid=86092a20c5984827a0c87b24cac76a50&fit=true' successfully

02-12-2024T03:33:28 - [MESSAGE][PASSED] - Navigate to 'https://bi.rosseti.digital/viewer?dashboardGuid=a1fd28b3785d443cbc4d7690a1d78e31&sheetGuid=86092a20c5984827a0c87b24cac76a50&fit=true' successfully

02-12-2024T03:33:28 - [TEST_STEP][PASSED] - urlText = getText(findTestObject("Страница авторизации/Text")): Text of object 'Object Repository/Страница авторизации/Text' is: 'Вход'

02-12-2024T03:33:31 - [MESSAGE][PASSED] - Text of object 'Object Repository/Страница авторизации/Text' is: 'Вход'

02-12-2024T03:33:31 - [TEST_STEP][PASSED] - searchWord = "Вход": null

02-12-2024T03:33:31 - [TEST_STEP][PASSED] - if (urlText == null || urlText.contains("ошибка") || urlText.contains(searchWord) == false): null

02-12-2024T03:33:31 - [TEST_STEP][PASSED] - if (verifyElementPresent(findTestObject("Страница авторизации/button_"), 30) == true): null

02-12-2024T03:33:31 - [MESSAGE][PASSED] - Object 'Object Repository/Страница авторизации/button_' is present

02-12-2024T03:33:31 - [TEST_STEP][PASSED] - setText(findTestObject("Страница авторизации/input__username"), findTestData("PlanFact").getValue(8, 1)): Text 'liazgina-di' is set on object 'Object Repository/Страница авторизации/input__username'

02-12-2024T03:33:32 - [MESSAGE][PASSED] - Text 'liazgina-di' is set on object 'Object Repository/Страница авторизации/input__username'

02-12-2024T03:33:32 - [TEST_STEP][PASSED] - setText(findTestObject("Страница авторизации/input__password"), findTestData("PlanFact").getValue(9, 1)): Text ')$%5srZ8o688Dm#q' is set on object 'Object Repository/Страница авторизации/input__password'

02-12-2024T03:33:33 - [MESSAGE][PASSED] - Text ')$%5srZ8o688Dm#q' is set on object 'Object Repository/Страница авторизации/input__password'

02-12-2024T03:33:33 - [TEST_STEP][PASSED] - click(findTestObject("Страница авторизации/button_")): Object: 'Object Repository/Страница авторизации/button_' is clicked on

02-12-2024T03:33:36 - [MESSAGE][PASSED] - Object: 'Object Repository/Страница авторизации/button_' is clicked on

02-12-2024T03:33:36 - [TEST_STEP][PASSED] - delay(45): Delayed 45 second(s)

02-12-2024T03:34:21 - [MESSAGE][PASSED] - Delayed 45 second(s)

02-12-2024T03:34:21 - [TEST_STEP][PASSED] - urlText = getText(findTestObject("Страница авторизации/Text")): Text of object 'Object Repository/Страница авторизации/Text' is: 'Период
Январь, Февраль, Март, Апрель, Май, Июнь, Июль, Август, Сентябрь, Октябрь 2024 года
Выручка
Все
Выполнение плановых показателей, млн.руб.
План
Факт
Динамика
2024 год
0 млн.руб.
100 000 млн.руб.
200 000 млн.руб.
300 000 млн.руб.
400 000 млн.руб.
500 000 млн.руб.
600 000 млн.руб.
700 000 млн.руб.
800 000 млн.руб.
900 000 млн.руб.
1 000 000 млн.руб.
1 100 000 млн.руб.
1 200 000 млн.руб.
1 300 000 млн.руб.
1 400 000 млн.руб.
1 180 677
1 181 459
↑
ДЗО 
Все
Подписи данных
⬤Отклонение
АО «Тываэнерго»
АО «Чеченэнерго»
Россети Волга
Россети Кубань
Россети Ленэнерго (ГК)
Россети Московский регион
Россети Северный Кавказ (ГК)
Россети Северо-Запад
Россети Сибирь (ГК)
Россети Томск
Россети Тюмень
Россети Урал (ГК)
Россети ФСК ЕЭС
Россети Центр
Россети Центр и Приволжье (ГК)
Россети Юг (ГК)
Россети Янтарь
-27 500 млн.руб.
-25 000 млн.руб.
-22 500 млн.руб.
-20 000 млн.руб.
-17 500 млн.руб.
-15 000 млн.руб.
-12 500 млн.руб.
-10 000 млн.руб.
-7 500 млн.руб.
-5 000 млн.руб.
-2 500 млн.руб.
0 млн.руб.
2 500 млн.руб.
5 000 млн.руб.
7 500 млн.руб.
10 000 млн.руб.
300
101
156
3 953
4 462
7 500
888
878
1 274
238
-5 106
1 955
-24 344
2 435
4 419
1 357
318
млн.
%
Выручка
Отклонение выручки по ПАО Россети за Январь, Февраль, Март, Апрель, Май, Июнь, Июль, Август, Сентябрь, Октябрь 2024 года (факт/план, млн. руб)
ПАО Россети
782.4 млн.руб.
Статус данных
×
Просьба обратить внимание
Данные занесены не полностью
ВЫБРАННЫЕ ЗНАЧЕНИЯ ФИЛЬТРОВ
ДЗО | ПЕРИОД
ПАО Россети: [«Выбраны все филиалы по всем ДЗО по всем категориям»]
2024: [Янв, Фев, Мар, Апр, Май, Июн, Июл, Авг, Сен, Окт]
*Внутренний оборот'

02-12-2024T03:34:22 - [MESSAGE][PASSED] - Text of object 'Object Repository/Страница авторизации/Text' is: 'Период
Январь, Февраль, Март, Апрель, Май, Июнь, Июль, Август, Сентябрь, Октябрь 2024 года
Выручка
Все
Выполнение плановых показателей, млн.руб.
План
Факт
Динамика
2024 год
0 млн.руб.
100 000 млн.руб.
200 000 млн.руб.
300 000 млн.руб.
400 000 млн.руб.
500 000 млн.руб.
600 000 млн.руб.
700 000 млн.руб.
800 000 млн.руб.
900 000 млн.руб.
1 000 000 млн.руб.
1 100 000 млн.руб.
1 200 000 млн.руб.
1 300 000 млн.руб.
1 400 000 млн.руб.
1 180 677
1 181 459
↑
ДЗО 
Все
Подписи данных
⬤Отклонение
АО «Тываэнерго»
АО «Чеченэнерго»
Россети Волга
Россети Кубань
Россети Ленэнерго (ГК)
Россети Московский регион
Россети Северный Кавказ (ГК)
Россети Северо-Запад
Россети Сибирь (ГК)
Россети Томск
Россети Тюмень
Россети Урал (ГК)
Россети ФСК ЕЭС
Россети Центр
Россети Центр и Приволжье (ГК)
Россети Юг (ГК)
Россети Янтарь
-27 500 млн.руб.
-25 000 млн.руб.
-22 500 млн.руб.
-20 000 млн.руб.
-17 500 млн.руб.
-15 000 млн.руб.
-12 500 млн.руб.
-10 000 млн.руб.
-7 500 млн.руб.
-5 000 млн.руб.
-2 500 млн.руб.
0 млн.руб.
2 500 млн.руб.
5 000 млн.руб.
7 500 млн.руб.
10 000 млн.руб.
300
101
156
3 953
4 462
7 500
888
878
1 274
238
-5 106
1 955
-24 344
2 435
4 419
1 357
318
млн.
%
Выручка
Отклонение выручки по ПАО Россети за Январь, Февраль, Март, Апрель, Май, Июнь, Июль, Август, Сентябрь, Октябрь 2024 года (факт/план, млн. руб)
ПАО Россети
782.4 млн.руб.
Статус данных
×
Просьба обратить внимание
Данные занесены не полностью
ВЫБРАННЫЕ ЗНАЧЕНИЯ ФИЛЬТРОВ
ДЗО | ПЕРИОД
ПАО Россети: [«Выбраны все филиалы по всем ДЗО по всем категориям»]
2024: [Янв, Фев, Мар, Апр, Май, Июн, Июл, Авг, Сен, Окт]
*Внутренний оборот'

02-12-2024T03:34:22 - [TEST_STEP][PASSED] - searchWord = "а": null

02-12-2024T03:34:22 - [TEST_STEP][PASSED] - if (urlText.contains("ошибка") || urlText.contains(searchWord) == false): null

02-12-2024T03:34:22 - [TEST_STEP][PASSED] - delay(45): Delayed 45 second(s)

02-12-2024T03:35:07 - [MESSAGE][PASSED] - Delayed 45 second(s)

02-12-2024T03:35:07 - [TEST_STEP][PASSED] - if (block == 2): Delayed 50 second(s)

02-12-2024T03:35:07 - [TEST_STEP][PASSED] - opoveshenie = getText(findTestObject("Выручка в рублях/Просьба обратить внимание")): Text of object 'Object Repository/Выручка в рублях/Просьба обратить внимание' is: 'Просьба обратить внимание'

02-12-2024T03:35:07 - [MESSAGE][PASSED] - Text of object 'Object Repository/Выручка в рублях/Просьба обратить внимание' is: 'Просьба обратить внимание'

02-12-2024T03:35:07 - [TEST_STEP][PASSED] - if (opoveshenie == "Просьба обратить внимание"): Delayed 50 second(s)

02-12-2024T03:35:07 - [TEST_STEP][PASSED] - click(findTestObject("Выручка в рублях/Закрыть оповещение")): Object: 'Object Repository/Выручка в рублях/Закрыть оповещение' is clicked on

02-12-2024T03:35:08 - [MESSAGE][PASSED] - Object: 'Object Repository/Выручка в рублях/Закрыть оповещение' is clicked on

02-12-2024T03:35:08 - [TEST_STEP][PASSED] - delay(50): Delayed 50 second(s)

02-12-2024T03:35:58 - [MESSAGE][PASSED] - Delayed 50 second(s)

02-12-2024T03:35:58 - [TEST_STEP][PASSED] - click(findTestObject("Выручка в рублях/Фильтр Период" + nameOfBlock)): Object: 'Object Repository/Выручка в рублях/Фильтр Период Выручка' is clicked on

02-12-2024T03:35:58 - [MESSAGE][PASSED] - Object: 'Object Repository/Выручка в рублях/Фильтр Период Выручка' is clicked on

02-12-2024T03:35:58 - [TEST_STEP][PASSED] - click(findTestObject("Выручка в рублях/Снять выделение в фильтре Дата" + nameOfBlock)): Object: 'Object Repository/Выручка в рублях/Снять выделение в фильтре Дата Выручка' is clicked on

02-12-2024T03:35:59 - [MESSAGE][PASSED] - Object: 'Object Repository/Выручка в рублях/Снять выделение в фильтре Дата Выручка' is clicked on

02-12-2024T03:35:59 - [TEST_STEP][PASSED] - click(findTestObject("Выручка в рублях/Применить в фильтре Дата" + nameOfBlock)): Object: 'Object Repository/Выручка в рублях/Применить в фильтре Дата Выручка' is clicked on

02-12-2024T03:35:59 - [MESSAGE][PASSED] - Object: 'Object Repository/Выручка в рублях/Применить в фильтре Дата Выручка' is clicked on

02-12-2024T03:35:59 - [TEST_STEP][PASSED] - delay(50): Delayed 50 second(s)

02-12-2024T03:36:49 - [MESSAGE][PASSED] - Delayed 50 second(s)

02-12-2024T03:36:49 - [TEST_STEP][PASSED] - click(findTestObject("Выручка в рублях/Фильтр Период" + nameOfBlock)): Object: 'Object Repository/Выручка в рублях/Фильтр Период Выручка' is clicked on

02-12-2024T03:36:49 - [MESSAGE][PASSED] - Object: 'Object Repository/Выручка в рублях/Фильтр Период Выручка' is clicked on

02-12-2024T03:36:49 - [TEST_STEP][PASSED] - click(findTestObject("Выручка в рублях/Снять выделение в фильтре Дата" + nameOfBlock)): Object: 'Object Repository/Выручка в рублях/Снять выделение в фильтре Дата Выручка' is clicked on

02-12-2024T03:36:50 - [MESSAGE][PASSED] - Object: 'Object Repository/Выручка в рублях/Снять выделение в фильтре Дата Выручка' is clicked on

02-12-2024T03:36:50 - [TEST_STEP][PASSED] - scrollToElement(findTestObject("Выручка в рублях/2024 список" + nameOfBlock), 30): Scroll to object 'Object Repository/Выручка в рублях/2024 список Выручка' successfully

02-12-2024T03:36:50 - [MESSAGE][PASSED] - Scroll to object 'Object Repository/Выручка в рублях/2024 список Выручка' successfully

02-12-2024T03:36:50 - [TEST_STEP][PASSED] - click(findTestObject("Выручка в рублях/2024 список" + nameOfBlock)): Object: 'Object Repository/Выручка в рублях/2024 список Выручка' is clicked on

02-12-2024T03:36:51 - [MESSAGE][PASSED] - Object: 'Object Repository/Выручка в рублях/2024 список Выручка' is clicked on

02-12-2024T03:36:51 - [TEST_STEP][PASSED] - scrollToElement(findTestObject("Выручка в рублях/1 квартал 2024 выбрать" + nameOfBlock), 30): Scroll to object 'Object Repository/Выручка в рублях/1 квартал 2024 выбрать Выручка' successfully

02-12-2024T03:36:51 - [MESSAGE][PASSED] - Scroll to object 'Object Repository/Выручка в рублях/1 квартал 2024 выбрать Выручка' successfully

02-12-2024T03:36:51 - [TEST_STEP][PASSED] - click(findTestObject("Выручка в рублях/1 квартал 2024 выбрать" + nameOfBlock)): Object: 'Object Repository/Выручка в рублях/1 квартал 2024 выбрать Выручка' is clicked on

02-12-2024T03:36:51 - [MESSAGE][PASSED] - Object: 'Object Repository/Выручка в рублях/1 квартал 2024 выбрать Выручка' is clicked on

02-12-2024T03:36:51 - [TEST_STEP][PASSED] - scrollToElement(findTestObject("Выручка в рублях/2 квартал 2024 выбрать" + nameOfBlock), 30): Scroll to object 'Object Repository/Выручка в рублях/2 квартал 2024 выбрать Выручка' successfully

02-12-2024T03:36:52 - [MESSAGE][PASSED] - Scroll to object 'Object Repository/Выручка в рублях/2 квартал 2024 выбрать Выручка' successfully

02-12-2024T03:36:52 - [TEST_STEP][PASSED] - click(findTestObject("Выручка в рублях/2 квартал 2024 выбрать" + nameOfBlock)): Object: 'Object Repository/Выручка в рублях/2 квартал 2024 выбрать Выручка' is clicked on

02-12-2024T03:36:52 - [MESSAGE][PASSED] - Object: 'Object Repository/Выручка в рублях/2 квартал 2024 выбрать Выручка' is clicked on

02-12-2024T03:36:52 - [TEST_STEP][PASSED] - scrollToElement(findTestObject("Выручка в рублях/3 квартал 2024 список" + nameOfBlock), 30): Scroll to object 'Object Repository/Выручка в рублях/3 квартал 2024 список Выручка' successfully

02-12-2024T03:36:53 - [MESSAGE][PASSED] - Scroll to object 'Object Repository/Выручка в рублях/3 квартал 2024 список Выручка' successfully

02-12-2024T03:36:53 - [TEST_STEP][PASSED] - click(findTestObject("Выручка в рублях/3 квартал 2024" + nameOfBlock)): Object: 'Object Repository/Выручка в рублях/3 квартал 2024 Выручка' is clicked on

02-12-2024T03:36:53 - [MESSAGE][PASSED] - Object: 'Object Repository/Выручка в рублях/3 квартал 2024 Выручка' is clicked on

02-12-2024T03:36:53 - [TEST_STEP][PASSED] - scrollToElement(findTestObject("Выручка в рублях/4 квартал 2024 список" + nameOfBlock), 30): Scroll to object 'Object Repository/Выручка в рублях/4 квартал 2024 список Выручка' successfully

02-12-2024T03:36:54 - [MESSAGE][PASSED] - Scroll to object 'Object Repository/Выручка в рублях/4 квартал 2024 список Выручка' successfully

02-12-2024T03:36:54 - [TEST_STEP][PASSED] - click(findTestObject("Выручка в рублях/4 квартал 2024 список" + nameOfBlock)): Object: 'Object Repository/Выручка в рублях/4 квартал 2024 список Выручка' is clicked on

02-12-2024T03:36:54 - [MESSAGE][PASSED] - Object: 'Object Repository/Выручка в рублях/4 квартал 2024 список Выручка' is clicked on

02-12-2024T03:36:54 - [TEST_STEP][PASSED] - scrollToElement(findTestObject("Выручка в рублях/Октябрь 2024" + nameOfBlock), 30): Scroll to object 'Object Repository/Выручка в рублях/Октябрь 2024 Выручка' successfully

02-12-2024T03:36:54 - [MESSAGE][PASSED] - Scroll to object 'Object Repository/Выручка в рублях/Октябрь 2024 Выручка' successfully

02-12-2024T03:36:54 - [TEST_STEP][PASSED] - click(findTestObject("Выручка в рублях/Октябрь 2024" + nameOfBlock)): Object: 'Object Repository/Выручка в рублях/Октябрь 2024 Выручка' is clicked on

02-12-2024T03:36:55 - [MESSAGE][PASSED] - Object: 'Object Repository/Выручка в рублях/Октябрь 2024 Выручка' is clicked on

02-12-2024T03:36:55 - [TEST_STEP][PASSED] - scrollToElement(findTestObject("Выручка в рублях/Заголовок дашборда" + nameOfBlock), 30): Scroll to object 'Object Repository/Выручка в рублях/Заголовок дашборда Выручка' successfully

02-12-2024T03:36:55 - [MESSAGE][PASSED] - Scroll to object 'Object Repository/Выручка в рублях/Заголовок дашборда Выручка' successfully

02-12-2024T03:36:55 - [TEST_STEP][PASSED] - click(findTestObject("Выручка в рублях/Применить в фильтре Дата" + nameOfBlock)): Object: 'Object Repository/Выручка в рублях/Применить в фильтре Дата Выручка' is clicked on

02-12-2024T03:36:56 - [MESSAGE][PASSED] - Object: 'Object Repository/Выручка в рублях/Применить в фильтре Дата Выручка' is clicked on

02-12-2024T03:36:56 - [TEST_STEP][PASSED] - delay(55): Delayed 55 second(s)

02-12-2024T03:37:51 - [MESSAGE][PASSED] - Delayed 55 second(s)

02-12-2024T03:37:51 - [TEST_STEP][PASSED] - click(findTestObject("Выручка в рублях/Фильтр ДЗО" + nameOfBlock)): Object: 'Object Repository/Выручка в рублях/Фильтр ДЗО Выручка' is clicked on

02-12-2024T03:37:51 - [MESSAGE][PASSED] - Object: 'Object Repository/Выручка в рублях/Фильтр ДЗО Выручка' is clicked on

02-12-2024T03:37:51 - [TEST_STEP][PASSED] - click(findTestObject("Выручка в рублях/Снять выделение в фильтре ДЗО" + nameOfBlock)): Object: 'Object Repository/Выручка в рублях/Снять выделение в фильтре ДЗО Выручка' is clicked on

02-12-2024T03:37:52 - [MESSAGE][PASSED] - Object: 'Object Repository/Выручка в рублях/Снять выделение в фильтре ДЗО Выручка' is clicked on

02-12-2024T03:37:52 - [TEST_STEP][PASSED] - click(findTestObject("Выручка в рублях/Применить в фильтре ДЗО" + nameOfBlock)): Object: 'Object Repository/Выручка в рублях/Применить в фильтре ДЗО Выручка' is clicked on

02-12-2024T03:37:52 - [MESSAGE][PASSED] - Object: 'Object Repository/Выручка в рублях/Применить в фильтре ДЗО Выручка' is clicked on

02-12-2024T03:37:52 - [TEST_STEP][PASSED] - delay(50): Delayed 50 second(s)

02-12-2024T03:38:42 - [MESSAGE][PASSED] - Delayed 50 second(s)

02-12-2024T03:38:42 - [TEST_STEP][PASSED] - Script1710234207206.Tumbler(run, vir, block, nameOfBlock): null

02-12-2024T03:38:42 - [TEST_STEP][PASSED] - println("run:" + run): null

02-12-2024T03:38:42 - [TEST_STEP][PASSED] - println("vir:" + vir): null

02-12-2024T03:38:42 - [TEST_STEP][PASSED] - println("block:" + block): null

02-12-2024T03:38:42 - [TEST_STEP][PASSED] - println("nameOfBlock:" + nameOfBlock): null

02-12-2024T03:38:42 - [TEST_STEP][PASSED] - if (vir == 1): Object: 'Object Repository/Выручка в рублях/Переключить отображение с млн на проценты Выручка в рублях Выручка' is clicked on

02-12-2024T03:38:42 - [TEST_STEP][PASSED] - if (run == 2): Object: 'Object Repository/Выручка в рублях/Переключить отображение с млн на проценты Выручка в рублях Выручка' is clicked on

02-12-2024T03:38:42 - [TEST_STEP][PASSED] - click(findTestObject("Выручка в рублях/Переключить отображение с млн на проценты Выручка в рублях" + nameOfBlock)): Object: 'Object Repository/Выручка в рублях/Переключить отображение с млн на проценты Выручка в рублях Выручка' is clicked on

02-12-2024T03:38:43 - [MESSAGE][PASSED] - Object: 'Object Repository/Выручка в рублях/Переключить отображение с млн на проценты Выручка в рублях Выручка' is clicked on

02-12-2024T03:38:43 - [TEST_STEP][PASSED] - click(findTestObject("Выручка в рублях/Фильтр ДЗО" + nameOfBlock)): Object: 'Object Repository/Выручка в рублях/Фильтр ДЗО Выручка' is clicked on

02-12-2024T03:38:43 - [MESSAGE][PASSED] - Object: 'Object Repository/Выручка в рублях/Фильтр ДЗО Выручка' is clicked on

02-12-2024T03:38:43 - [TEST_STEP][PASSED] - Script1710234207206.Rosseti(nameOfBlock): null

02-12-2024T03:38:43 - [TEST_STEP][PASSED] - println("nameOfBlock:" + nameOfBlock): null

02-12-2024T03:38:43 - [TEST_STEP][PASSED] - click(findTestObject("Выручка в рублях/ПАО Россети" + nameOfBlock)): Object: 'Object Repository/Выручка в рублях/ПАО Россети Выручка' is clicked on

02-12-2024T03:38:43 - [MESSAGE][PASSED] - Object: 'Object Repository/Выручка в рублях/ПАО Россети Выручка' is clicked on

02-12-2024T03:38:43 - [TEST_STEP][PASSED] - click(findTestObject("Выручка в рублях/Применить в фильтре ДЗО" + nameOfBlock)): Object: 'Object Repository/Выручка в рублях/Применить в фильтре ДЗО Выручка' is clicked on

02-12-2024T03:38:44 - [MESSAGE][PASSED] - Object: 'Object Repository/Выручка в рублях/Применить в фильтре ДЗО Выручка' is clicked on

02-12-2024T03:38:44 - [TEST_STEP][PASSED] - if (vir == 1 || vir == 2): Text of object 'Object Repository/Выручка в рублях/График План Выручка' is: '1 180 677'

02-12-2024T03:38:44 - [TEST_STEP][PASSED] - b1 = getText(findTestObject("Выручка в рублях/График План Выручка")): Text of object 'Object Repository/Выручка в рублях/График План Выручка' is: '1 180 677'

02-12-2024T03:38:46 - [MESSAGE][PASSED] - Text of object 'Object Repository/Выручка в рублях/График План Выручка' is: '1 180 677'

02-12-2024T03:38:46 - [TEST_STEP][PASSED] - if (vir == 1 || vir == 2): Text of object 'Object Repository/Выручка в рублях/График Факт Выручка' is: '1 181 459'

02-12-2024T03:38:46 - [TEST_STEP][PASSED] - b2 = getText(findTestObject("Выручка в рублях/График Факт Выручка")): Text of object 'Object Repository/Выручка в рублях/График Факт Выручка' is: '1 181 459'

02-12-2024T03:38:46 - [MESSAGE][PASSED] - Text of object 'Object Repository/Выручка в рублях/График Факт Выручка' is: '1 181 459'

02-12-2024T03:38:46 - [TEST_STEP][PASSED] - b30 = getText(findTestObject("Выручка в рублях/span1" + perc)): Text of object 'Object Repository/Выручка в рублях/span1 Perc' is: '0.07 %'

02-12-2024T03:38:47 - [MESSAGE][PASSED] - Text of object 'Object Repository/Выручка в рублях/span1 Perc' is: '0.07 %'

02-12-2024T03:38:47 - [TEST_STEP][PASSED] - i = b30.indexOf("млн.руб."): null

02-12-2024T03:38:47 - [TEST_STEP][PASSED] - if (i > -1): null

02-12-2024T03:38:47 - [TEST_STEP][PASSED] - if (b30.contains("%")): null

02-12-2024T03:38:47 - [TEST_STEP][PASSED] - b30 = b30.replaceAll("%", ""): null

02-12-2024T03:38:47 - [TEST_STEP][PASSED] - b30 = ").trim(): null

02-12-2024T03:38:47 - [TEST_STEP][PASSED] - println("b30: " + b30): null

02-12-2024T03:38:47 - [TEST_STEP][PASSED] - if (vir == 1 || vir == 2): Text of object 'Object Repository/Выручка в рублях/span2 Perc' is: '19.44 %'

02-12-2024T03:38:47 - [TEST_STEP][PASSED] - b31 = ").trim(): Text of object 'Object Repository/Выручка в рублях/span2 Perc' is: '19.44 %'

02-12-2024T03:38:47 - [MESSAGE][PASSED] - Text of object 'Object Repository/Выручка в рублях/span2 Perc' is: '19.44 %'

02-12-2024T03:38:47 - [TEST_STEP][PASSED] - if (vir == 1 || vir == 2): Text of object 'Object Repository/Выручка в рублях/span3 Perc' is: '2.68 %'

02-12-2024T03:38:47 - [TEST_STEP][PASSED] - b32 = ").trim(): Text of object 'Object Repository/Выручка в рублях/span3 Perc' is: '2.68 %'

02-12-2024T03:38:47 - [MESSAGE][PASSED] - Text of object 'Object Repository/Выручка в рублях/span3 Perc' is: '2.68 %'

02-12-2024T03:38:47 - [TEST_STEP][PASSED] - if (vir == 1 || vir == 2): Text of object 'Object Repository/Выручка в рублях/span8 Perc' is: '3.42 %'

02-12-2024T03:38:47 - [TEST_STEP][PASSED] - b33 = ").trim(): Text of object 'Object Repository/Выручка в рублях/span4 Perc' is: '0.24 %'

02-12-2024T03:38:48 - [MESSAGE][PASSED] - Text of object 'Object Repository/Выручка в рублях/span4 Perc' is: '0.24 %'

02-12-2024T03:38:48 - [TEST_STEP][PASSED] - b34 = ").trim(): Text of object 'Object Repository/Выручка в рублях/span5 Perc' is: '6.32 %'

02-12-2024T03:38:48 - [MESSAGE][PASSED] - Text of object 'Object Repository/Выручка в рублях/span5 Perc' is: '6.32 %'

02-12-2024T03:38:48 - [TEST_STEP][PASSED] - b35 = ").trim(): Text of object 'Object Repository/Выручка в рублях/span6 Perc' is: '5.38 %'

02-12-2024T03:38:48 - [MESSAGE][PASSED] - Text of object 'Object Repository/Выручка в рублях/span6 Perc' is: '5.38 %'

02-12-2024T03:38:48 - [TEST_STEP][PASSED] - b36 = ").trim(): Text of object 'Object Repository/Выручка в рублях/span7 Perc' is: '4.39 %'

02-12-2024T03:38:48 - [MESSAGE][PASSED] - Text of object 'Object Repository/Выручка в рублях/span7 Perc' is: '4.39 %'

02-12-2024T03:38:48 - [TEST_STEP][PASSED] - b37 = ").trim(): Text of object 'Object Repository/Выручка в рублях/span8 Perc' is: '3.42 %'

02-12-2024T03:38:49 - [MESSAGE][PASSED] - Text of object 'Object Repository/Выручка в рублях/span8 Perc' is: '3.42 %'

02-12-2024T03:38:49 - [TEST_STEP][PASSED] - if (vir == 1 || vir == 2): Text of object 'Object Repository/Выручка в рублях/span17 Perc' is: '3.17 %'

02-12-2024T03:38:49 - [TEST_STEP][PASSED] - b38 = ").trim(): Text of object 'Object Repository/Выручка в рублях/span9 Perc' is: '2.01 %'

02-12-2024T03:38:49 - [MESSAGE][PASSED] - Text of object 'Object Repository/Выручка в рублях/span9 Perc' is: '2.01 %'

02-12-2024T03:38:49 - [TEST_STEP][PASSED] - b39 = ").trim(): Text of object 'Object Repository/Выручка в рублях/span10 Perc' is: '2.23 %'

02-12-2024T03:38:49 - [MESSAGE][PASSED] - Text of object 'Object Repository/Выручка в рублях/span10 Perc' is: '2.23 %'

02-12-2024T03:38:49 - [TEST_STEP][PASSED] - b310 = ").trim(): Text of object 'Object Repository/Выручка в рублях/span11 Perc' is: '3.06 %'

02-12-2024T03:38:50 - [MESSAGE][PASSED] - Text of object 'Object Repository/Выручка в рублях/span11 Perc' is: '3.06 %'

02-12-2024T03:38:50 - [TEST_STEP][PASSED] - b311 = ").trim(): Text of object 'Object Repository/Выручка в рублях/span12 Perc' is: '-7.39 %'

02-12-2024T03:38:50 - [MESSAGE][PASSED] - Text of object 'Object Repository/Выручка в рублях/span12 Perc' is: '-7.39 %'

02-12-2024T03:38:50 - [TEST_STEP][PASSED] - b312 = ").trim(): Text of object 'Object Repository/Выручка в рублях/span13 Perc' is: '2.27 %'

02-12-2024T03:38:50 - [MESSAGE][PASSED] - Text of object 'Object Repository/Выручка в рублях/span13 Perc' is: '2.27 %'

02-12-2024T03:38:50 - [TEST_STEP][PASSED] - b313 = ").trim(): Text of object 'Object Repository/Выручка в рублях/span14 Perc' is: '-9.49 %'

02-12-2024T03:38:51 - [MESSAGE][PASSED] - Text of object 'Object Repository/Выручка в рублях/span14 Perc' is: '-9.49 %'

02-12-2024T03:38:51 - [TEST_STEP][PASSED] - b314 = ").trim(): Text of object 'Object Repository/Выручка в рублях/span15 Perc' is: '2.55 %'

02-12-2024T03:38:51 - [MESSAGE][PASSED] - Text of object 'Object Repository/Выручка в рублях/span15 Perc' is: '2.55 %'

02-12-2024T03:38:51 - [TEST_STEP][PASSED] - b315 = ").trim(): Text of object 'Object Repository/Выручка в рублях/span16 Perc' is: '4.33 %'

02-12-2024T03:38:51 - [MESSAGE][PASSED] - Text of object 'Object Repository/Выручка в рублях/span16 Perc' is: '4.33 %'

02-12-2024T03:38:51 - [TEST_STEP][PASSED] - b316 = ").trim(): Text of object 'Object Repository/Выручка в рублях/span17 Perc' is: '3.17 %'

02-12-2024T03:38:51 - [MESSAGE][PASSED] - Text of object 'Object Repository/Выручка в рублях/span17 Perc' is: '3.17 %'

02-12-2024T03:38:51 - [TEST_STEP][PASSED] - if (vir == 1 || vir == 2): Text of object 'Object Repository/Выручка в рублях/span18 Perc' is: '4.04 %'

02-12-2024T03:38:51 - [TEST_STEP][PASSED] - b317 = ").trim(): Text of object 'Object Repository/Выручка в рублях/span18 Perc' is: '4.04 %'

02-12-2024T03:38:52 - [MESSAGE][PASSED] - Text of object 'Object Repository/Выручка в рублях/span18 Perc' is: '4.04 %'

02-12-2024T03:38:52 - [TEST_STEP][PASSED] - dZO = "ПАО Россети": null

02-12-2024T03:38:52 - [TEST_STEP][PASSED] - if (verifyEqual(a1, b1) == false): Actual object '1 180 677' and expected object '1 180 677' are equal

02-12-2024T03:38:52 - [MESSAGE][PASSED] - Actual object '1 180 677' and expected object '1 180 677' are equal

02-12-2024T03:38:52 - [TEST_STEP][PASSED] - if (verifyEqual(a2, b2) == false): Actual object '1 181 459' and expected object '1 181 459' are equal

02-12-2024T03:38:52 - [MESSAGE][PASSED] - Actual object '1 181 459' and expected object '1 181 459' are equal

02-12-2024T03:38:52 - [TEST_STEP][PASSED] - vidget = "Отклонения": null

02-12-2024T03:38:52 - [TEST_STEP][FAILED] - if (verifyEqual(a30, b30) == false): null

02-12-2024T03:38:52 - [MESSAGE][FAILED] - Unable to verify equal between actual object '-25.61' and expected object '0.07' (Root cause: com.kms.katalon.core.exception.StepFailedException: Actual object '-25.61' and expected object '0.07' are not equal
	at com.kms.katalon.core.keyword.builtin.VerifyEqualKeyword$_verifyEqual_closure1.doCall(VerifyEqualKeyword.groovy:58)
	at com.kms.katalon.core.keyword.builtin.VerifyEqualKeyword$_verifyEqual_closure1.call(VerifyEqualKeyword.groovy)
	at com.kms.katalon.core.keyword.internal.KeywordMain.runKeyword(KeywordMain.groovy:75)
	at com.kms.katalon.core.keyword.builtin.VerifyEqualKeyword.verifyEqual(VerifyEqualKeyword.groovy:63)
	at com.kms.katalon.core.keyword.builtin.VerifyEqualKeyword.execute(VerifyEqualKeyword.groovy:44)
	at com.kms.katalon.core.keyword.internal.KeywordExecutor.executeKeywordForPlatform(KeywordExecutor.groovy:74)
	at com.kms.katalon.core.keyword.BuiltinKeywords.verifyEqual(BuiltinKeywords.groovy:146)
	at jdk.internal.reflect.GeneratedMethodAccessor25.invoke(Unknown Source)
	at java.base/jdk.internal.reflect.DelegatingMethodAccessorImpl.invoke(DelegatingMethodAccessorImpl.java:43)
	at Выручка в рублях сверка дашбордов ПАО Россети.Blocks(Выручка в рублях сверка дашбордов ПАО Россети:357)
	at Выручка в рублях сверка дашбордов ПАО Россети.ViruchkaChange(Выручка в рублях сверка дашбордов ПАО Россети:60)
	at Выручка в рублях сверка дашбордов ПАО Россети.run(Выручка в рублях сверка дашбордов ПАО Россети:55)
	at com.kms.katalon.core.main.ScriptEngine.run(ScriptEngine.java:194)
	at com.kms.katalon.core.main.ScriptEngine.runScriptAsRawText(ScriptEngine.java:119)
	at com.kms.katalon.core.main.TestCaseExecutor.runScript(TestCaseExecutor.java:448)
	at com.kms.katalon.core.main.TestCaseExecutor.doExecute(TestCaseExecutor.java:439)
	at com.kms.katalon.core.main.TestCaseExecutor.processExecutionPhase(TestCaseExecutor.java:418)
	at com.kms.katalon.core.main.TestCaseExecutor.accessMainPhase(TestCaseExecutor.java:410)
	at com.kms.katalon.core.main.TestCaseExecutor.execute(TestCaseExecutor.java:285)
	at com.kms.katalon.core.common.CommonExecutor.accessTestCaseMainPhase(CommonExecutor.java:65)
	at com.kms.katalon.core.main.TestSuiteExecutor.accessTestSuiteMainPhase(TestSuiteExecutor.java:150)
	at com.kms.katalon.core.main.TestSuiteExecutor.execute(TestSuiteExecutor.java:106)
	at com.kms.katalon.core.main.TestCaseMain.startTestSuite(TestCaseMain.java:180)
	at TempTestSuite1733095732962.run(TempTestSuite1733095732962.groovy:35)
	at java.base/jdk.internal.reflect.NativeMethodAccessorImpl.invoke0(Native Method)
	at java.base/jdk.internal.reflect.NativeMethodAccessorImpl.invoke(NativeMethodAccessorImpl.java:77)
	at java.base/jdk.internal.reflect.DelegatingMethodAccessorImpl.invoke(DelegatingMethodAccessorImpl.java:43)
)

02-12-2024T03:38:52 - [TEST_STEP][PASSED] - a = replaceAll("\s+", "").toDouble(): null

02-12-2024T03:38:52 - [TEST_STEP][PASSED] - b = replaceAll("\s+", "").toDouble(): null

02-12-2024T03:38:52 - [TEST_STEP][PASSED] - Script1710234207206.WriteToExcel(todaysDate, run, vir, block, typeOfData, viruchka, vidget, nameOfBlock, a, b, dZO): null

02-12-2024T03:38:52 - [TEST_STEP][PASSED] - println(run): null

02-12-2024T03:38:52 - [TEST_STEP][PASSED] - if (run == 1): null

02-12-2024T03:38:52 - [TEST_STEP][PASSED] - else if (run == 2): null

02-12-2024T03:38:52 - [TEST_STEP][PASSED] - typeOfData = "Проценты": null

02-12-2024T03:38:52 - [TEST_STEP][PASSED] - println("todaysDate:" + todaysDate): null

02-12-2024T03:38:52 - [TEST_STEP][PASSED] - println("typeOfData:" + typeOfData): null

02-12-2024T03:38:52 - [TEST_STEP][PASSED] - viruchka = getText(findTestObject("Выручка в рублях/Фильтр Выручка" + nameOfBlock)): Text of object 'Object Repository/Выручка в рублях/Фильтр Выручка Выручка' is: 'Все'

02-12-2024T03:38:52 - [MESSAGE][PASSED] - Text of object 'Object Repository/Выручка в рублях/Фильтр Выручка Выручка' is: 'Все'

02-12-2024T03:38:52 - [TEST_STEP][PASSED] - println("viruchka" + viruchka): null

02-12-2024T03:38:52 - [TEST_STEP][PASSED] - println("vidget" + vidget): null

02-12-2024T03:38:52 - [TEST_STEP][PASSED] - println("a" + a): null

02-12-2024T03:38:52 - [TEST_STEP][PASSED] - println("b" + b): null

02-12-2024T03:38:52 - [TEST_STEP][PASSED] - sheetName = "Sheet1": null

02-12-2024T03:38:52 - [TEST_STEP][PASSED] - data = findTestData("PlanFact"): null

02-12-2024T03:38:52 - [TEST_STEP][PASSED] - n = data.getRowNumbers() + 1: null

02-12-2024T03:38:52 - [TEST_STEP][PASSED] - period = getText(findTestObject("Выручка в рублях/Фильтр Период")): Text of object 'Object Repository/Выручка в рублях/Фильтр Период' is: 'Октябрь и 1, 2, 3 кв. 2024 года'

02-12-2024T03:38:52 - [MESSAGE][PASSED] - Text of object 'Object Repository/Выручка в рублях/Фильтр Период' is: 'Октябрь и 1, 2, 3 кв. 2024 года'

02-12-2024T03:38:52 - [TEST_STEP][PASSED] - println(period): null

02-12-2024T03:38:52 - [TEST_STEP][PASSED] - dashboardName = "Выручка в рублях": null

02-12-2024T03:38:52 - [TEST_STEP][PASSED] - workbook01 = getWorkbook(excelFilePath): null

02-12-2024T03:38:52 - [TEST_STEP][PASSED] - sheet01 = getExcelSheet(workbook01, sheetName): null

02-12-2024T03:38:52 - [TEST_STEP][PASSED] - setValueToCellByIndex(sheet01, n, 0, dashboardName): null

02-12-2024T03:38:52 - [TEST_STEP][PASSED] - setValueToCellByIndex(sheet01, n, 1, dZO): null

02-12-2024T03:38:52 - [TEST_STEP][PASSED] - setValueToCellByIndex(sheet01, n, 2, vidget): null

02-12-2024T03:38:52 - [TEST_STEP][PASSED] - setValueToCellByIndex(sheet01, n, 3, viruchka): null

02-12-2024T03:38:52 - [TEST_STEP][PASSED] - setValueToCellByIndex(sheet01, n, 4, typeOfData): null

02-12-2024T03:38:52 - [TEST_STEP][PASSED] - if (a == null): null

02-12-2024T03:38:52 - [TEST_STEP][PASSED] - else: null

02-12-2024T03:38:52 - [TEST_STEP][PASSED] - setValueToCellByIndex(sheet01, n, 5, a): null

02-12-2024T03:38:52 - [TEST_STEP][PASSED] - if (b == null): null

02-12-2024T03:38:52 - [TEST_STEP][PASSED] - else: null

02-12-2024T03:38:52 - [TEST_STEP][PASSED] - setValueToCellByIndex(sheet01, n, 6, b): null

02-12-2024T03:38:52 - [TEST_STEP][PASSED] - setValueToCellByIndex(sheet01, n, 7, period): null

02-12-2024T03:38:52 - [TEST_STEP][PASSED] - setValueToCellByIndex(sheet01, n, 8, todaysDate): null

02-12-2024T03:38:52 - [TEST_STEP][PASSED] - n = n + 1: null

02-12-2024T03:38:52 - [TEST_STEP][PASSED] - saveWorkbook(excelFilePath, workbook01): null

02-12-2024T03:38:53 - [TEST_STEP][PASSED] - dZO = "АО «Тываэнерго»": null

02-12-2024T03:38:53 - [TEST_STEP][PASSED] - if (verifyEqual(a31, b31) == false): Actual object '19.44' and expected object '19.44' are equal

02-12-2024T03:38:53 - [MESSAGE][PASSED] - Actual object '19.44' and expected object '19.44' are equal

02-12-2024T03:38:53 - [TEST_STEP][PASSED] - dZO = "АО «Чеченэнерго»": null

02-12-2024T03:38:53 - [TEST_STEP][FAILED] - if (verifyEqual(a32, b32) == false): null

02-12-2024T03:38:53 - [MESSAGE][FAILED] - Unable to verify equal between actual object '-48.66' and expected object '2.68' (Root cause: com.kms.katalon.core.exception.StepFailedException: Actual object '-48.66' and expected object '2.68' are not equal
	at com.kms.katalon.core.keyword.builtin.VerifyEqualKeyword$_verifyEqual_closure1.doCall(VerifyEqualKeyword.groovy:58)
	at com.kms.katalon.core.keyword.builtin.VerifyEqualKeyword$_verifyEqual_closure1.call(VerifyEqualKeyword.groovy)
	at com.kms.katalon.core.keyword.internal.KeywordMain.runKeyword(KeywordMain.groovy:75)
	at com.kms.katalon.core.keyword.builtin.VerifyEqualKeyword.verifyEqual(VerifyEqualKeyword.groovy:63)
	at com.kms.katalon.core.keyword.builtin.VerifyEqualKeyword.execute(VerifyEqualKeyword.groovy:44)
	at com.kms.katalon.core.keyword.internal.KeywordExecutor.executeKeywordForPlatform(KeywordExecutor.groovy:74)
	at com.kms.katalon.core.keyword.BuiltinKeywords.verifyEqual(BuiltinKeywords.groovy:146)
	at jdk.internal.reflect.GeneratedMethodAccessor25.invoke(Unknown Source)
	at java.base/jdk.internal.reflect.DelegatingMethodAccessorImpl.invoke(DelegatingMethodAccessorImpl.java:43)
	at Выручка в рублях сверка дашбордов ПАО Россети.Blocks(Выручка в рублях сверка дашбордов ПАО Россети:377)
	at Выручка в рублях сверка дашбордов ПАО Россети.ViruchkaChange(Выручка в рублях сверка дашбордов ПАО Россети:60)
	at Выручка в рублях сверка дашбордов ПАО Россети.run(Выручка в рублях сверка дашбордов ПАО Россети:55)
	at com.kms.katalon.core.main.ScriptEngine.run(ScriptEngine.java:194)
	at com.kms.katalon.core.main.ScriptEngine.runScriptAsRawText(ScriptEngine.java:119)
	at com.kms.katalon.core.main.TestCaseExecutor.runScript(TestCaseExecutor.java:448)
	at com.kms.katalon.core.main.TestCaseExecutor.doExecute(TestCaseExecutor.java:439)
	at com.kms.katalon.core.main.TestCaseExecutor.processExecutionPhase(TestCaseExecutor.java:418)
	at com.kms.katalon.core.main.TestCaseExecutor.accessMainPhase(TestCaseExecutor.java:410)
	at com.kms.katalon.core.main.TestCaseExecutor.execute(TestCaseExecutor.java:285)
	at com.kms.katalon.core.common.CommonExecutor.accessTestCaseMainPhase(CommonExecutor.java:65)
	at com.kms.katalon.core.main.TestSuiteExecutor.accessTestSuiteMainPhase(TestSuiteExecutor.java:150)
	at com.kms.katalon.core.main.TestSuiteExecutor.execute(TestSuiteExecutor.java:106)
	at com.kms.katalon.core.main.TestCaseMain.startTestSuite(TestCaseMain.java:180)
	at TempTestSuite1733095732962.run(TempTestSuite1733095732962.groovy:35)
	at java.base/jdk.internal.reflect.NativeMethodAccessorImpl.invoke0(Native Method)
	at java.base/jdk.internal.reflect.NativeMethodAccessorImpl.invoke(NativeMethodAccessorImpl.java:77)
	at java.base/jdk.internal.reflect.DelegatingMethodAccessorImpl.invoke(DelegatingMethodAccessorImpl.java:43)
)

02-12-2024T03:38:53 - [TEST_STEP][PASSED] - a = replaceAll("\s+", "").toDouble(): null

02-12-2024T03:38:53 - [TEST_STEP][PASSED] - b = replaceAll("\s+", "").toDouble(): null

02-12-2024T03:38:53 - [TEST_STEP][PASSED] - Script1710234207206.WriteToExcel(todaysDate, run, vir, block, typeOfData, viruchka, vidget, nameOfBlock, a, b, dZO): null

02-12-2024T03:38:53 - [TEST_STEP][PASSED] - println(run): null

02-12-2024T03:38:53 - [TEST_STEP][PASSED] - if (run == 1): null

02-12-2024T03:38:53 - [TEST_STEP][PASSED] - else if (run == 2): null

02-12-2024T03:38:53 - [TEST_STEP][PASSED] - typeOfData = "Проценты": null

02-12-2024T03:38:53 - [TEST_STEP][PASSED] - println("todaysDate:" + todaysDate): null

02-12-2024T03:38:53 - [TEST_STEP][PASSED] - println("typeOfData:" + typeOfData): null

02-12-2024T03:38:53 - [TEST_STEP][PASSED] - viruchka = getText(findTestObject("Выручка в рублях/Фильтр Выручка" + nameOfBlock)): Text of object 'Object Repository/Выручка в рублях/Фильтр Выручка Выручка' is: 'Все'

02-12-2024T03:38:53 - [MESSAGE][PASSED] - Text of object 'Object Repository/Выручка в рублях/Фильтр Выручка Выручка' is: 'Все'

02-12-2024T03:38:53 - [TEST_STEP][PASSED] - println("viruchka" + viruchka): null

02-12-2024T03:38:53 - [TEST_STEP][PASSED] - println("vidget" + vidget): null

02-12-2024T03:38:53 - [TEST_STEP][PASSED] - println("a" + a): null

02-12-2024T03:38:53 - [TEST_STEP][PASSED] - println("b" + b): null

02-12-2024T03:38:53 - [TEST_STEP][PASSED] - sheetName = "Sheet1": null

02-12-2024T03:38:53 - [TEST_STEP][PASSED] - data = findTestData("PlanFact"): null

02-12-2024T03:38:53 - [TEST_STEP][PASSED] - n = data.getRowNumbers() + 1: null

02-12-2024T03:38:53 - [TEST_STEP][PASSED] - period = getText(findTestObject("Выручка в рублях/Фильтр Период")): Text of object 'Object Repository/Выручка в рублях/Фильтр Период' is: 'Октябрь и 1, 2, 3 кв. 2024 года'

02-12-2024T03:38:53 - [MESSAGE][PASSED] - Text of object 'Object Repository/Выручка в рублях/Фильтр Период' is: 'Октябрь и 1, 2, 3 кв. 2024 года'

02-12-2024T03:38:53 - [TEST_STEP][PASSED] - println(period): null

02-12-2024T03:38:53 - [TEST_STEP][PASSED] - dashboardName = "Выручка в рублях": null

02-12-2024T03:38:53 - [TEST_STEP][PASSED] - workbook01 = getWorkbook(excelFilePath): null

02-12-2024T03:38:53 - [TEST_STEP][PASSED] - sheet01 = getExcelSheet(workbook01, sheetName): null

02-12-2024T03:38:53 - [TEST_STEP][PASSED] - setValueToCellByIndex(sheet01, n, 0, dashboardName): null

02-12-2024T03:38:53 - [TEST_STEP][PASSED] - setValueToCellByIndex(sheet01, n, 1, dZO): null

02-12-2024T03:38:53 - [TEST_STEP][PASSED] - setValueToCellByIndex(sheet01, n, 2, vidget): null

02-12-2024T03:38:53 - [TEST_STEP][PASSED] - setValueToCellByIndex(sheet01, n, 3, viruchka): null

02-12-2024T03:38:53 - [TEST_STEP][PASSED] - setValueToCellByIndex(sheet01, n, 4, typeOfData): null

02-12-2024T03:38:53 - [TEST_STEP][PASSED] - if (a == null): null

02-12-2024T03:38:53 - [TEST_STEP][PASSED] - else: null

02-12-2024T03:38:53 - [TEST_STEP][PASSED] - setValueToCellByIndex(sheet01, n, 5, a): null

02-12-2024T03:38:53 - [TEST_STEP][PASSED] - if (b == null): null

02-12-2024T03:38:53 - [TEST_STEP][PASSED] - else: null

02-12-2024T03:38:53 - [TEST_STEP][PASSED] - setValueToCellByIndex(sheet01, n, 6, b): null

02-12-2024T03:38:53 - [TEST_STEP][PASSED] - setValueToCellByIndex(sheet01, n, 7, period): null

02-12-2024T03:38:53 - [TEST_STEP][PASSED] - setValueToCellByIndex(sheet01, n, 8, todaysDate): null

02-12-2024T03:38:53 - [TEST_STEP][PASSED] - n = n + 1: null

02-12-2024T03:38:53 - [TEST_STEP][PASSED] - saveWorkbook(excelFilePath, workbook01): null

02-12-2024T03:38:54 - [TEST_STEP][PASSED] - dZO = "Россети Волга": null

02-12-2024T03:38:54 - [TEST_STEP][FAILED] - if (verifyEqual(a33, b33) == false): null

02-12-2024T03:38:54 - [MESSAGE][FAILED] - Unable to verify equal between actual object '-49.88' and expected object '0.24' (Root cause: com.kms.katalon.core.exception.StepFailedException: Actual object '-49.88' and expected object '0.24' are not equal
	at com.kms.katalon.core.keyword.builtin.VerifyEqualKeyword$_verifyEqual_closure1.doCall(VerifyEqualKeyword.groovy:58)
	at com.kms.katalon.core.keyword.builtin.VerifyEqualKeyword$_verifyEqual_closure1.call(VerifyEqualKeyword.groovy)
	at com.kms.katalon.core.keyword.internal.KeywordMain.runKeyword(KeywordMain.groovy:75)
	at com.kms.katalon.core.keyword.builtin.VerifyEqualKeyword.verifyEqual(VerifyEqualKeyword.groovy:63)
	at com.kms.katalon.core.keyword.builtin.VerifyEqualKeyword.execute(VerifyEqualKeyword.groovy:44)
	at com.kms.katalon.core.keyword.internal.KeywordExecutor.executeKeywordForPlatform(KeywordExecutor.groovy:74)
	at com.kms.katalon.core.keyword.BuiltinKeywords.verifyEqual(BuiltinKeywords.groovy:146)
	at jdk.internal.reflect.GeneratedMethodAccessor25.invoke(Unknown Source)
	at java.base/jdk.internal.reflect.DelegatingMethodAccessorImpl.invoke(DelegatingMethodAccessorImpl.java:43)
	at Выручка в рублях сверка дашбордов ПАО Россети.Blocks(Выручка в рублях сверка дашбордов ПАО Россети:387)
	at Выручка в рублях сверка дашбордов ПАО Россети.ViruchkaChange(Выручка в рублях сверка дашбордов ПАО Россети:60)
	at Выручка в рублях сверка дашбордов ПАО Россети.run(Выручка в рублях сверка дашбордов ПАО Россети:55)
	at com.kms.katalon.core.main.ScriptEngine.run(ScriptEngine.java:194)
	at com.kms.katalon.core.main.ScriptEngine.runScriptAsRawText(ScriptEngine.java:119)
	at com.kms.katalon.core.main.TestCaseExecutor.runScript(TestCaseExecutor.java:448)
	at com.kms.katalon.core.main.TestCaseExecutor.doExecute(TestCaseExecutor.java:439)
	at com.kms.katalon.core.main.TestCaseExecutor.processExecutionPhase(TestCaseExecutor.java:418)
	at com.kms.katalon.core.main.TestCaseExecutor.accessMainPhase(TestCaseExecutor.java:410)
	at com.kms.katalon.core.main.TestCaseExecutor.execute(TestCaseExecutor.java:285)
	at com.kms.katalon.core.common.CommonExecutor.accessTestCaseMainPhase(CommonExecutor.java:65)
	at com.kms.katalon.core.main.TestSuiteExecutor.accessTestSuiteMainPhase(TestSuiteExecutor.java:150)
	at com.kms.katalon.core.main.TestSuiteExecutor.execute(TestSuiteExecutor.java:106)
	at com.kms.katalon.core.main.TestCaseMain.startTestSuite(TestCaseMain.java:180)
	at TempTestSuite1733095732962.run(TempTestSuite1733095732962.groovy:35)
	at java.base/jdk.internal.reflect.NativeMethodAccessorImpl.invoke0(Native Method)
	at java.base/jdk.internal.reflect.NativeMethodAccessorImpl.invoke(NativeMethodAccessorImpl.java:77)
	at java.base/jdk.internal.reflect.DelegatingMethodAccessorImpl.invoke(DelegatingMethodAccessorImpl.java:43)
)

02-12-2024T03:38:54 - [TEST_STEP][PASSED] - a = replaceAll("\s+", "").toDouble(): null

02-12-2024T03:38:54 - [TEST_STEP][PASSED] - b = replaceAll("\s+", "").toDouble(): null

02-12-2024T03:38:54 - [TEST_STEP][PASSED] - Script1710234207206.WriteToExcel(todaysDate, run, vir, block, typeOfData, viruchka, vidget, nameOfBlock, a, b, dZO): null

02-12-2024T03:38:54 - [TEST_STEP][PASSED] - println(run): null

02-12-2024T03:38:54 - [TEST_STEP][PASSED] - if (run == 1): null

02-12-2024T03:38:54 - [TEST_STEP][PASSED] - else if (run == 2): null

02-12-2024T03:38:54 - [TEST_STEP][PASSED] - typeOfData = "Проценты": null

02-12-2024T03:38:54 - [TEST_STEP][PASSED] - println("todaysDate:" + todaysDate): null

02-12-2024T03:38:54 - [TEST_STEP][PASSED] - println("typeOfData:" + typeOfData): null

02-12-2024T03:38:54 - [TEST_STEP][PASSED] - viruchka = getText(findTestObject("Выручка в рублях/Фильтр Выручка" + nameOfBlock)): Text of object 'Object Repository/Выручка в рублях/Фильтр Выручка Выручка' is: 'Все'

02-12-2024T03:38:54 - [MESSAGE][PASSED] - Text of object 'Object Repository/Выручка в рублях/Фильтр Выручка Выручка' is: 'Все'

02-12-2024T03:38:54 - [TEST_STEP][PASSED] - println("viruchka" + viruchka): null

02-12-2024T03:38:54 - [TEST_STEP][PASSED] - println("vidget" + vidget): null

02-12-2024T03:38:54 - [TEST_STEP][PASSED] - println("a" + a): null

02-12-2024T03:38:54 - [TEST_STEP][PASSED] - println("b" + b): null

02-12-2024T03:38:54 - [TEST_STEP][PASSED] - sheetName = "Sheet1": null

02-12-2024T03:38:54 - [TEST_STEP][PASSED] - data = findTestData("PlanFact"): null

02-12-2024T03:38:54 - [TEST_STEP][PASSED] - n = data.getRowNumbers() + 1: null

02-12-2024T03:38:54 - [TEST_STEP][PASSED] - period = getText(findTestObject("Выручка в рублях/Фильтр Период")): Text of object 'Object Repository/Выручка в рублях/Фильтр Период' is: 'Октябрь и 1, 2, 3 кв. 2024 года'

02-12-2024T03:38:54 - [MESSAGE][PASSED] - Text of object 'Object Repository/Выручка в рублях/Фильтр Период' is: 'Октябрь и 1, 2, 3 кв. 2024 года'

02-12-2024T03:38:54 - [TEST_STEP][PASSED] - println(period): null

02-12-2024T03:38:54 - [TEST_STEP][PASSED] - dashboardName = "Выручка в рублях": null

02-12-2024T03:38:54 - [TEST_STEP][PASSED] - workbook01 = getWorkbook(excelFilePath): null

02-12-2024T03:38:54 - [TEST_STEP][PASSED] - sheet01 = getExcelSheet(workbook01, sheetName): null

02-12-2024T03:38:54 - [TEST_STEP][PASSED] - setValueToCellByIndex(sheet01, n, 0, dashboardName): null

02-12-2024T03:38:54 - [TEST_STEP][PASSED] - setValueToCellByIndex(sheet01, n, 1, dZO): null

02-12-2024T03:38:54 - [TEST_STEP][PASSED] - setValueToCellByIndex(sheet01, n, 2, vidget): null

02-12-2024T03:38:54 - [TEST_STEP][PASSED] - setValueToCellByIndex(sheet01, n, 3, viruchka): null

02-12-2024T03:38:54 - [TEST_STEP][PASSED] - setValueToCellByIndex(sheet01, n, 4, typeOfData): null

02-12-2024T03:38:54 - [TEST_STEP][PASSED] - if (a == null): null

02-12-2024T03:38:54 - [TEST_STEP][PASSED] - else: null

02-12-2024T03:38:54 - [TEST_STEP][PASSED] - setValueToCellByIndex(sheet01, n, 5, a): null

02-12-2024T03:38:54 - [TEST_STEP][PASSED] - if (b == null): null

02-12-2024T03:38:54 - [TEST_STEP][PASSED] - else: null

02-12-2024T03:38:54 - [TEST_STEP][PASSED] - setValueToCellByIndex(sheet01, n, 6, b): null

02-12-2024T03:38:54 - [TEST_STEP][PASSED] - setValueToCellByIndex(sheet01, n, 7, period): null

02-12-2024T03:38:54 - [TEST_STEP][PASSED] - setValueToCellByIndex(sheet01, n, 8, todaysDate): null

02-12-2024T03:38:54 - [TEST_STEP][PASSED] - n = n + 1: null

02-12-2024T03:38:54 - [TEST_STEP][PASSED] - saveWorkbook(excelFilePath, workbook01): null

02-12-2024T03:38:55 - [TEST_STEP][PASSED] - dZO = "Россети Кубань": null

02-12-2024T03:38:55 - [TEST_STEP][FAILED] - if (verifyEqual(a34, b34) == false): null

02-12-2024T03:38:55 - [MESSAGE][FAILED] - Unable to verify equal between actual object '-46.84' and expected object '6.32' (Root cause: com.kms.katalon.core.exception.StepFailedException: Actual object '-46.84' and expected object '6.32' are not equal
	at com.kms.katalon.core.keyword.builtin.VerifyEqualKeyword$_verifyEqual_closure1.doCall(VerifyEqualKeyword.groovy:58)
	at com.kms.katalon.core.keyword.builtin.VerifyEqualKeyword$_verifyEqual_closure1.call(VerifyEqualKeyword.groovy)
	at com.kms.katalon.core.keyword.internal.KeywordMain.runKeyword(KeywordMain.groovy:75)
	at com.kms.katalon.core.keyword.builtin.VerifyEqualKeyword.verifyEqual(VerifyEqualKeyword.groovy:63)
	at com.kms.katalon.core.keyword.builtin.VerifyEqualKeyword.execute(VerifyEqualKeyword.groovy:44)
	at com.kms.katalon.core.keyword.internal.KeywordExecutor.executeKeywordForPlatform(KeywordExecutor.groovy:74)
	at com.kms.katalon.core.keyword.BuiltinKeywords.verifyEqual(BuiltinKeywords.groovy:146)
	at jdk.internal.reflect.GeneratedMethodAccessor25.invoke(Unknown Source)
	at java.base/jdk.internal.reflect.DelegatingMethodAccessorImpl.invoke(DelegatingMethodAccessorImpl.java:43)
	at Выручка в рублях сверка дашбордов ПАО Россети.Blocks(Выручка в рублях сверка дашбордов ПАО Россети:397)
	at Выручка в рублях сверка дашбордов ПАО Россети.ViruchkaChange(Выручка в рублях сверка дашбордов ПАО Россети:60)
	at Выручка в рублях сверка дашбордов ПАО Россети.run(Выручка в рублях сверка дашбордов ПАО Россети:55)
	at com.kms.katalon.core.main.ScriptEngine.run(ScriptEngine.java:194)
	at com.kms.katalon.core.main.ScriptEngine.runScriptAsRawText(ScriptEngine.java:119)
	at com.kms.katalon.core.main.TestCaseExecutor.runScript(TestCaseExecutor.java:448)
	at com.kms.katalon.core.main.TestCaseExecutor.doExecute(TestCaseExecutor.java:439)
	at com.kms.katalon.core.main.TestCaseExecutor.processExecutionPhase(TestCaseExecutor.java:418)
	at com.kms.katalon.core.main.TestCaseExecutor.accessMainPhase(TestCaseExecutor.java:410)
	at com.kms.katalon.core.main.TestCaseExecutor.execute(TestCaseExecutor.java:285)
	at com.kms.katalon.core.common.CommonExecutor.accessTestCaseMainPhase(CommonExecutor.java:65)
	at com.kms.katalon.core.main.TestSuiteExecutor.accessTestSuiteMainPhase(TestSuiteExecutor.java:150)
	at com.kms.katalon.core.main.TestSuiteExecutor.execute(TestSuiteExecutor.java:106)
	at com.kms.katalon.core.main.TestCaseMain.startTestSuite(TestCaseMain.java:180)
	at TempTestSuite1733095732962.run(TempTestSuite1733095732962.groovy:35)
	at java.base/jdk.internal.reflect.NativeMethodAccessorImpl.invoke0(Native Method)
	at java.base/jdk.internal.reflect.NativeMethodAccessorImpl.invoke(NativeMethodAccessorImpl.java:77)
	at java.base/jdk.internal.reflect.DelegatingMethodAccessorImpl.invoke(DelegatingMethodAccessorImpl.java:43)
)

02-12-2024T03:38:55 - [TEST_STEP][PASSED] - a = replaceAll("\s+", "").toDouble(): null

02-12-2024T03:38:55 - [TEST_STEP][PASSED] - b = replaceAll("\s+", "").toDouble(): null

02-12-2024T03:38:55 - [TEST_STEP][PASSED] - Script1710234207206.WriteToExcel(todaysDate, run, vir, block, typeOfData, viruchka, vidget, nameOfBlock, a, b, dZO): null

02-12-2024T03:38:55 - [TEST_STEP][PASSED] - println(run): null

02-12-2024T03:38:55 - [TEST_STEP][PASSED] - if (run == 1): null

02-12-2024T03:38:55 - [TEST_STEP][PASSED] - else if (run == 2): null

02-12-2024T03:38:55 - [TEST_STEP][PASSED] - typeOfData = "Проценты": null

02-12-2024T03:38:55 - [TEST_STEP][PASSED] - println("todaysDate:" + todaysDate): null

02-12-2024T03:38:55 - [TEST_STEP][PASSED] - println("typeOfData:" + typeOfData): null

02-12-2024T03:38:55 - [TEST_STEP][PASSED] - viruchka = getText(findTestObject("Выручка в рублях/Фильтр Выручка" + nameOfBlock)): Text of object 'Object Repository/Выручка в рублях/Фильтр Выручка Выручка' is: 'Все'

02-12-2024T03:38:55 - [MESSAGE][PASSED] - Text of object 'Object Repository/Выручка в рублях/Фильтр Выручка Выручка' is: 'Все'

02-12-2024T03:38:55 - [TEST_STEP][PASSED] - println("viruchka" + viruchka): null

02-12-2024T03:38:55 - [TEST_STEP][PASSED] - println("vidget" + vidget): null

02-12-2024T03:38:55 - [TEST_STEP][PASSED] - println("a" + a): null

02-12-2024T03:38:55 - [TEST_STEP][PASSED] - println("b" + b): null

02-12-2024T03:38:55 - [TEST_STEP][PASSED] - sheetName = "Sheet1": null

02-12-2024T03:38:55 - [TEST_STEP][PASSED] - data = findTestData("PlanFact"): null

02-12-2024T03:38:55 - [TEST_STEP][PASSED] - n = data.getRowNumbers() + 1: null

02-12-2024T03:38:55 - [TEST_STEP][PASSED] - period = getText(findTestObject("Выручка в рублях/Фильтр Период")): Text of object 'Object Repository/Выручка в рублях/Фильтр Период' is: 'Октябрь и 1, 2, 3 кв. 2024 года'

02-12-2024T03:38:55 - [MESSAGE][PASSED] - Text of object 'Object Repository/Выручка в рублях/Фильтр Период' is: 'Октябрь и 1, 2, 3 кв. 2024 года'

02-12-2024T03:38:55 - [TEST_STEP][PASSED] - println(period): null

02-12-2024T03:38:55 - [TEST_STEP][PASSED] - dashboardName = "Выручка в рублях": null

02-12-2024T03:38:55 - [TEST_STEP][PASSED] - workbook01 = getWorkbook(excelFilePath): null

02-12-2024T03:38:55 - [TEST_STEP][PASSED] - sheet01 = getExcelSheet(workbook01, sheetName): null

02-12-2024T03:38:55 - [TEST_STEP][PASSED] - setValueToCellByIndex(sheet01, n, 0, dashboardName): null

02-12-2024T03:38:55 - [TEST_STEP][PASSED] - setValueToCellByIndex(sheet01, n, 1, dZO): null

02-12-2024T03:38:55 - [TEST_STEP][PASSED] - setValueToCellByIndex(sheet01, n, 2, vidget): null

02-12-2024T03:38:55 - [TEST_STEP][PASSED] - setValueToCellByIndex(sheet01, n, 3, viruchka): null

02-12-2024T03:38:55 - [TEST_STEP][PASSED] - setValueToCellByIndex(sheet01, n, 4, typeOfData): null

02-12-2024T03:38:55 - [TEST_STEP][PASSED] - if (a == null): null

02-12-2024T03:38:55 - [TEST_STEP][PASSED] - else: null

02-12-2024T03:38:55 - [TEST_STEP][PASSED] - setValueToCellByIndex(sheet01, n, 5, a): null

02-12-2024T03:38:55 - [TEST_STEP][PASSED] - if (b == null): null

02-12-2024T03:38:55 - [TEST_STEP][PASSED] - else: null

02-12-2024T03:38:55 - [TEST_STEP][PASSED] - setValueToCellByIndex(sheet01, n, 6, b): null

02-12-2024T03:38:55 - [TEST_STEP][PASSED] - setValueToCellByIndex(sheet01, n, 7, period): null

02-12-2024T03:38:55 - [TEST_STEP][PASSED] - setValueToCellByIndex(sheet01, n, 8, todaysDate): null

02-12-2024T03:38:55 - [TEST_STEP][PASSED] - n = n + 1: null

02-12-2024T03:38:55 - [TEST_STEP][PASSED] - saveWorkbook(excelFilePath, workbook01): null

02-12-2024T03:38:56 - [TEST_STEP][PASSED] - dZO = "Россети Ленэнерго (ГК)": null

02-12-2024T03:38:56 - [TEST_STEP][FAILED] - if (verifyEqual(a35, b35) == false): null

02-12-2024T03:38:56 - [MESSAGE][FAILED] - Unable to verify equal between actual object '-47.31' and expected object '5.38' (Root cause: com.kms.katalon.core.exception.StepFailedException: Actual object '-47.31' and expected object '5.38' are not equal
	at com.kms.katalon.core.keyword.builtin.VerifyEqualKeyword$_verifyEqual_closure1.doCall(VerifyEqualKeyword.groovy:58)
	at com.kms.katalon.core.keyword.builtin.VerifyEqualKeyword$_verifyEqual_closure1.call(VerifyEqualKeyword.groovy)
	at com.kms.katalon.core.keyword.internal.KeywordMain.runKeyword(KeywordMain.groovy:75)
	at com.kms.katalon.core.keyword.builtin.VerifyEqualKeyword.verifyEqual(VerifyEqualKeyword.groovy:63)
	at com.kms.katalon.core.keyword.builtin.VerifyEqualKeyword.execute(VerifyEqualKeyword.groovy:44)
	at com.kms.katalon.core.keyword.internal.KeywordExecutor.executeKeywordForPlatform(KeywordExecutor.groovy:74)
	at com.kms.katalon.core.keyword.BuiltinKeywords.verifyEqual(BuiltinKeywords.groovy:146)
	at jdk.internal.reflect.GeneratedMethodAccessor25.invoke(Unknown Source)
	at java.base/jdk.internal.reflect.DelegatingMethodAccessorImpl.invoke(DelegatingMethodAccessorImpl.java:43)
	at Выручка в рублях сверка дашбордов ПАО Россети.Blocks(Выручка в рублях сверка дашбордов ПАО Россети:407)
	at Выручка в рублях сверка дашбордов ПАО Россети.ViruchkaChange(Выручка в рублях сверка дашбордов ПАО Россети:60)
	at Выручка в рублях сверка дашбордов ПАО Россети.run(Выручка в рублях сверка дашбордов ПАО Россети:55)
	at com.kms.katalon.core.main.ScriptEngine.run(ScriptEngine.java:194)
	at com.kms.katalon.core.main.ScriptEngine.runScriptAsRawText(ScriptEngine.java:119)
	at com.kms.katalon.core.main.TestCaseExecutor.runScript(TestCaseExecutor.java:448)
	at com.kms.katalon.core.main.TestCaseExecutor.doExecute(TestCaseExecutor.java:439)
	at com.kms.katalon.core.main.TestCaseExecutor.processExecutionPhase(TestCaseExecutor.java:418)
	at com.kms.katalon.core.main.TestCaseExecutor.accessMainPhase(TestCaseExecutor.java:410)
	at com.kms.katalon.core.main.TestCaseExecutor.execute(TestCaseExecutor.java:285)
	at com.kms.katalon.core.common.CommonExecutor.accessTestCaseMainPhase(CommonExecutor.java:65)
	at com.kms.katalon.core.main.TestSuiteExecutor.accessTestSuiteMainPhase(TestSuiteExecutor.java:150)
	at com.kms.katalon.core.main.TestSuiteExecutor.execute(TestSuiteExecutor.java:106)
	at com.kms.katalon.core.main.TestCaseMain.startTestSuite(TestCaseMain.java:180)
	at TempTestSuite1733095732962.run(TempTestSuite1733095732962.groovy:35)
	at java.base/jdk.internal.reflect.NativeMethodAccessorImpl.invoke0(Native Method)
	at java.base/jdk.internal.reflect.NativeMethodAccessorImpl.invoke(NativeMethodAccessorImpl.java:77)
	at java.base/jdk.internal.reflect.DelegatingMethodAccessorImpl.invoke(DelegatingMethodAccessorImpl.java:43)
)

02-12-2024T03:38:56 - [TEST_STEP][PASSED] - a = replaceAll("\s+", "").toDouble(): null

02-12-2024T03:38:56 - [TEST_STEP][PASSED] - b = replaceAll("\s+", "").toDouble(): null

02-12-2024T03:38:56 - [TEST_STEP][PASSED] - Script1710234207206.WriteToExcel(todaysDate, run, vir, block, typeOfData, viruchka, vidget, nameOfBlock, a, b, dZO): null

02-12-2024T03:38:56 - [TEST_STEP][PASSED] - println(run): null

02-12-2024T03:38:56 - [TEST_STEP][PASSED] - if (run == 1): null

02-12-2024T03:38:56 - [TEST_STEP][PASSED] - else if (run == 2): null

02-12-2024T03:38:56 - [TEST_STEP][PASSED] - typeOfData = "Проценты": null

02-12-2024T03:38:56 - [TEST_STEP][PASSED] - println("todaysDate:" + todaysDate): null

02-12-2024T03:38:56 - [TEST_STEP][PASSED] - println("typeOfData:" + typeOfData): null

02-12-2024T03:38:56 - [TEST_STEP][PASSED] - viruchka = getText(findTestObject("Выручка в рублях/Фильтр Выручка" + nameOfBlock)): Text of object 'Object Repository/Выручка в рублях/Фильтр Выручка Выручка' is: 'Все'

02-12-2024T03:38:56 - [MESSAGE][PASSED] - Text of object 'Object Repository/Выручка в рублях/Фильтр Выручка Выручка' is: 'Все'

02-12-2024T03:38:56 - [TEST_STEP][PASSED] - println("viruchka" + viruchka): null

02-12-2024T03:38:56 - [TEST_STEP][PASSED] - println("vidget" + vidget): null

02-12-2024T03:38:56 - [TEST_STEP][PASSED] - println("a" + a): null

02-12-2024T03:38:56 - [TEST_STEP][PASSED] - println("b" + b): null

02-12-2024T03:38:56 - [TEST_STEP][PASSED] - sheetName = "Sheet1": null

02-12-2024T03:38:56 - [TEST_STEP][PASSED] - data = findTestData("PlanFact"): null

02-12-2024T03:38:56 - [TEST_STEP][PASSED] - n = data.getRowNumbers() + 1: null

02-12-2024T03:38:56 - [TEST_STEP][PASSED] - period = getText(findTestObject("Выручка в рублях/Фильтр Период")): Text of object 'Object Repository/Выручка в рублях/Фильтр Период' is: 'Октябрь и 1, 2, 3 кв. 2024 года'

02-12-2024T03:38:56 - [MESSAGE][PASSED] - Text of object 'Object Repository/Выручка в рублях/Фильтр Период' is: 'Октябрь и 1, 2, 3 кв. 2024 года'

02-12-2024T03:38:56 - [TEST_STEP][PASSED] - println(period): null

02-12-2024T03:38:56 - [TEST_STEP][PASSED] - dashboardName = "Выручка в рублях": null

02-12-2024T03:38:56 - [TEST_STEP][PASSED] - workbook01 = getWorkbook(excelFilePath): null

02-12-2024T03:38:56 - [TEST_STEP][PASSED] - sheet01 = getExcelSheet(workbook01, sheetName): null

02-12-2024T03:38:56 - [TEST_STEP][PASSED] - setValueToCellByIndex(sheet01, n, 0, dashboardName): null

02-12-2024T03:38:56 - [TEST_STEP][PASSED] - setValueToCellByIndex(sheet01, n, 1, dZO): null

02-12-2024T03:38:56 - [TEST_STEP][PASSED] - setValueToCellByIndex(sheet01, n, 2, vidget): null

02-12-2024T03:38:56 - [TEST_STEP][PASSED] - setValueToCellByIndex(sheet01, n, 3, viruchka): null

02-12-2024T03:38:56 - [TEST_STEP][PASSED] - setValueToCellByIndex(sheet01, n, 4, typeOfData): null

02-12-2024T03:38:56 - [TEST_STEP][PASSED] - if (a == null): null

02-12-2024T03:38:56 - [TEST_STEP][PASSED] - else: null

02-12-2024T03:38:56 - [TEST_STEP][PASSED] - setValueToCellByIndex(sheet01, n, 5, a): null

02-12-2024T03:38:56 - [TEST_STEP][PASSED] - if (b == null): null

02-12-2024T03:38:56 - [TEST_STEP][PASSED] - else: null

02-12-2024T03:38:56 - [TEST_STEP][PASSED] - setValueToCellByIndex(sheet01, n, 6, b): null

02-12-2024T03:38:56 - [TEST_STEP][PASSED] - setValueToCellByIndex(sheet01, n, 7, period): null

02-12-2024T03:38:56 - [TEST_STEP][PASSED] - setValueToCellByIndex(sheet01, n, 8, todaysDate): null

02-12-2024T03:38:56 - [TEST_STEP][PASSED] - n = n + 1: null

02-12-2024T03:38:56 - [TEST_STEP][PASSED] - saveWorkbook(excelFilePath, workbook01): null

02-12-2024T03:38:57 - [TEST_STEP][PASSED] - dZO = "Россети Московский регион": null

02-12-2024T03:38:57 - [TEST_STEP][PASSED] - if (verifyEqual(a36, b36) == false): Actual object '4.39' and expected object '4.39' are equal

02-12-2024T03:38:57 - [MESSAGE][PASSED] - Actual object '4.39' and expected object '4.39' are equal

02-12-2024T03:38:57 - [TEST_STEP][PASSED] - dZO = "Россети Северный Кавказ (ГК)": null

02-12-2024T03:38:57 - [TEST_STEP][FAILED] - if (verifyEqual(a37, b37) == false): null

02-12-2024T03:38:57 - [MESSAGE][FAILED] - Unable to verify equal between actual object '-48.99' and expected object '3.42' (Root cause: com.kms.katalon.core.exception.StepFailedException: Actual object '-48.99' and expected object '3.42' are not equal
	at com.kms.katalon.core.keyword.builtin.VerifyEqualKeyword$_verifyEqual_closure1.doCall(VerifyEqualKeyword.groovy:58)
	at com.kms.katalon.core.keyword.builtin.VerifyEqualKeyword$_verifyEqual_closure1.call(VerifyEqualKeyword.groovy)
	at com.kms.katalon.core.keyword.internal.KeywordMain.runKeyword(KeywordMain.groovy:75)
	at com.kms.katalon.core.keyword.builtin.VerifyEqualKeyword.verifyEqual(VerifyEqualKeyword.groovy:63)
	at com.kms.katalon.core.keyword.builtin.VerifyEqualKeyword.execute(VerifyEqualKeyword.groovy:44)
	at com.kms.katalon.core.keyword.internal.KeywordExecutor.executeKeywordForPlatform(KeywordExecutor.groovy:74)
	at com.kms.katalon.core.keyword.BuiltinKeywords.verifyEqual(BuiltinKeywords.groovy:146)
	at jdk.internal.reflect.GeneratedMethodAccessor25.invoke(Unknown Source)
	at java.base/jdk.internal.reflect.DelegatingMethodAccessorImpl.invoke(DelegatingMethodAccessorImpl.java:43)
	at Выручка в рублях сверка дашбордов ПАО Россети.Blocks(Выручка в рублях сверка дашбордов ПАО Россети:427)
	at Выручка в рублях сверка дашбордов ПАО Россети.ViruchkaChange(Выручка в рублях сверка дашбордов ПАО Россети:60)
	at Выручка в рублях сверка дашбордов ПАО Россети.run(Выручка в рублях сверка дашбордов ПАО Россети:55)
	at com.kms.katalon.core.main.ScriptEngine.run(ScriptEngine.java:194)
	at com.kms.katalon.core.main.ScriptEngine.runScriptAsRawText(ScriptEngine.java:119)
	at com.kms.katalon.core.main.TestCaseExecutor.runScript(TestCaseExecutor.java:448)
	at com.kms.katalon.core.main.TestCaseExecutor.doExecute(TestCaseExecutor.java:439)
	at com.kms.katalon.core.main.TestCaseExecutor.processExecutionPhase(TestCaseExecutor.java:418)
	at com.kms.katalon.core.main.TestCaseExecutor.accessMainPhase(TestCaseExecutor.java:410)
	at com.kms.katalon.core.main.TestCaseExecutor.execute(TestCaseExecutor.java:285)
	at com.kms.katalon.core.common.CommonExecutor.accessTestCaseMainPhase(CommonExecutor.java:65)
	at com.kms.katalon.core.main.TestSuiteExecutor.accessTestSuiteMainPhase(TestSuiteExecutor.java:150)
	at com.kms.katalon.core.main.TestSuiteExecutor.execute(TestSuiteExecutor.java:106)
	at com.kms.katalon.core.main.TestCaseMain.startTestSuite(TestCaseMain.java:180)
	at TempTestSuite1733095732962.run(TempTestSuite1733095732962.groovy:35)
	at java.base/jdk.internal.reflect.NativeMethodAccessorImpl.invoke0(Native Method)
	at java.base/jdk.internal.reflect.NativeMethodAccessorImpl.invoke(NativeMethodAccessorImpl.java:77)
	at java.base/jdk.internal.reflect.DelegatingMethodAccessorImpl.invoke(DelegatingMethodAccessorImpl.java:43)
)

02-12-2024T03:38:57 - [TEST_STEP][PASSED] - a = replaceAll("\s+", "").toDouble(): null

02-12-2024T03:38:57 - [TEST_STEP][PASSED] - b = replaceAll("\s+", "").toDouble(): null

02-12-2024T03:38:57 - [TEST_STEP][PASSED] - Script1710234207206.WriteToExcel(todaysDate, run, vir, block, typeOfData, viruchka, vidget, nameOfBlock, a, b, dZO): null

02-12-2024T03:38:57 - [TEST_STEP][PASSED] - println(run): null

02-12-2024T03:38:57 - [TEST_STEP][PASSED] - if (run == 1): null

02-12-2024T03:38:57 - [TEST_STEP][PASSED] - else if (run == 2): null

02-12-2024T03:38:57 - [TEST_STEP][PASSED] - typeOfData = "Проценты": null

02-12-2024T03:38:57 - [TEST_STEP][PASSED] - println("todaysDate:" + todaysDate): null

02-12-2024T03:38:57 - [TEST_STEP][PASSED] - println("typeOfData:" + typeOfData): null

02-12-2024T03:38:57 - [TEST_STEP][PASSED] - viruchka = getText(findTestObject("Выручка в рублях/Фильтр Выручка" + nameOfBlock)): Text of object 'Object Repository/Выручка в рублях/Фильтр Выручка Выручка' is: 'Все'

02-12-2024T03:38:57 - [MESSAGE][PASSED] - Text of object 'Object Repository/Выручка в рублях/Фильтр Выручка Выручка' is: 'Все'

02-12-2024T03:38:57 - [TEST_STEP][PASSED] - println("viruchka" + viruchka): null

02-12-2024T03:38:57 - [TEST_STEP][PASSED] - println("vidget" + vidget): null

02-12-2024T03:38:57 - [TEST_STEP][PASSED] - println("a" + a): null

02-12-2024T03:38:57 - [TEST_STEP][PASSED] - println("b" + b): null

02-12-2024T03:38:57 - [TEST_STEP][PASSED] - sheetName = "Sheet1": null

02-12-2024T03:38:57 - [TEST_STEP][PASSED] - data = findTestData("PlanFact"): null

02-12-2024T03:38:57 - [TEST_STEP][PASSED] - n = data.getRowNumbers() + 1: null

02-12-2024T03:38:57 - [TEST_STEP][PASSED] - period = getText(findTestObject("Выручка в рублях/Фильтр Период")): Text of object 'Object Repository/Выручка в рублях/Фильтр Период' is: 'Октябрь и 1, 2, 3 кв. 2024 года'

02-12-2024T03:38:57 - [MESSAGE][PASSED] - Text of object 'Object Repository/Выручка в рублях/Фильтр Период' is: 'Октябрь и 1, 2, 3 кв. 2024 года'

02-12-2024T03:38:57 - [TEST_STEP][PASSED] - println(period): null

02-12-2024T03:38:57 - [TEST_STEP][PASSED] - dashboardName = "Выручка в рублях": null

02-12-2024T03:38:57 - [TEST_STEP][PASSED] - workbook01 = getWorkbook(excelFilePath): null

02-12-2024T03:38:57 - [TEST_STEP][PASSED] - sheet01 = getExcelSheet(workbook01, sheetName): null

02-12-2024T03:38:57 - [TEST_STEP][PASSED] - setValueToCellByIndex(sheet01, n, 0, dashboardName): null

02-12-2024T03:38:57 - [TEST_STEP][PASSED] - setValueToCellByIndex(sheet01, n, 1, dZO): null

02-12-2024T03:38:57 - [TEST_STEP][PASSED] - setValueToCellByIndex(sheet01, n, 2, vidget): null

02-12-2024T03:38:57 - [TEST_STEP][PASSED] - setValueToCellByIndex(sheet01, n, 3, viruchka): null

02-12-2024T03:38:57 - [TEST_STEP][PASSED] - setValueToCellByIndex(sheet01, n, 4, typeOfData): null

02-12-2024T03:38:57 - [TEST_STEP][PASSED] - if (a == null): null

02-12-2024T03:38:57 - [TEST_STEP][PASSED] - else: null

02-12-2024T03:38:57 - [TEST_STEP][PASSED] - setValueToCellByIndex(sheet01, n, 5, a): null

02-12-2024T03:38:57 - [TEST_STEP][PASSED] - if (b == null): null

02-12-2024T03:38:57 - [TEST_STEP][PASSED] - else: null

02-12-2024T03:38:57 - [TEST_STEP][PASSED] - setValueToCellByIndex(sheet01, n, 6, b): null

02-12-2024T03:38:57 - [TEST_STEP][PASSED] - setValueToCellByIndex(sheet01, n, 7, period): null

02-12-2024T03:38:57 - [TEST_STEP][PASSED] - setValueToCellByIndex(sheet01, n, 8, todaysDate): null

02-12-2024T03:38:57 - [TEST_STEP][PASSED] - n = n + 1: null

02-12-2024T03:38:57 - [TEST_STEP][PASSED] - saveWorkbook(excelFilePath, workbook01): null

02-12-2024T03:38:58 - [TEST_STEP][PASSED] - dZO = "Россети Северо-Запад": null

02-12-2024T03:38:58 - [TEST_STEP][PASSED] - if (verifyEqual(a38, b38) == false): Actual object '2.01' and expected object '2.01' are equal

02-12-2024T03:38:58 - [MESSAGE][PASSED] - Actual object '2.01' and expected object '2.01' are equal

02-12-2024T03:38:58 - [TEST_STEP][PASSED] - dZO = "Россети Сибирь (ГК)": null

02-12-2024T03:38:58 - [TEST_STEP][PASSED] - if (verifyEqual(a39, b39) == false): Actual object '2.23' and expected object '2.23' are equal

02-12-2024T03:38:58 - [MESSAGE][PASSED] - Actual object '2.23' and expected object '2.23' are equal

02-12-2024T03:38:58 - [TEST_STEP][PASSED] - dZO = "Россети Томск": null

02-12-2024T03:38:58 - [TEST_STEP][FAILED] - if (verifyEqual(a310, b310) == false): null

02-12-2024T03:38:58 - [MESSAGE][FAILED] - Unable to verify equal between actual object '-48.47' and expected object '3.06' (Root cause: com.kms.katalon.core.exception.StepFailedException: Actual object '-48.47' and expected object '3.06' are not equal
	at com.kms.katalon.core.keyword.builtin.VerifyEqualKeyword$_verifyEqual_closure1.doCall(VerifyEqualKeyword.groovy:58)
	at com.kms.katalon.core.keyword.builtin.VerifyEqualKeyword$_verifyEqual_closure1.call(VerifyEqualKeyword.groovy)
	at com.kms.katalon.core.keyword.internal.KeywordMain.runKeyword(KeywordMain.groovy:75)
	at com.kms.katalon.core.keyword.builtin.VerifyEqualKeyword.verifyEqual(VerifyEqualKeyword.groovy:63)
	at com.kms.katalon.core.keyword.builtin.VerifyEqualKeyword.execute(VerifyEqualKeyword.groovy:44)
	at com.kms.katalon.core.keyword.internal.KeywordExecutor.executeKeywordForPlatform(KeywordExecutor.groovy:74)
	at com.kms.katalon.core.keyword.BuiltinKeywords.verifyEqual(BuiltinKeywords.groovy:146)
	at jdk.internal.reflect.GeneratedMethodAccessor25.invoke(Unknown Source)
	at java.base/jdk.internal.reflect.DelegatingMethodAccessorImpl.invoke(DelegatingMethodAccessorImpl.java:43)
	at Выручка в рублях сверка дашбордов ПАО Россети.Blocks(Выручка в рублях сверка дашбордов ПАО Россети:457)
	at Выручка в рублях сверка дашбордов ПАО Россети.ViruchkaChange(Выручка в рублях сверка дашбордов ПАО Россети:60)
	at Выручка в рублях сверка дашбордов ПАО Россети.run(Выручка в рублях сверка дашбордов ПАО Россети:55)
	at com.kms.katalon.core.main.ScriptEngine.run(ScriptEngine.java:194)
	at com.kms.katalon.core.main.ScriptEngine.runScriptAsRawText(ScriptEngine.java:119)
	at com.kms.katalon.core.main.TestCaseExecutor.runScript(TestCaseExecutor.java:448)
	at com.kms.katalon.core.main.TestCaseExecutor.doExecute(TestCaseExecutor.java:439)
	at com.kms.katalon.core.main.TestCaseExecutor.processExecutionPhase(TestCaseExecutor.java:418)
	at com.kms.katalon.core.main.TestCaseExecutor.accessMainPhase(TestCaseExecutor.java:410)
	at com.kms.katalon.core.main.TestCaseExecutor.execute(TestCaseExecutor.java:285)
	at com.kms.katalon.core.common.CommonExecutor.accessTestCaseMainPhase(CommonExecutor.java:65)
	at com.kms.katalon.core.main.TestSuiteExecutor.accessTestSuiteMainPhase(TestSuiteExecutor.java:150)
	at com.kms.katalon.core.main.TestSuiteExecutor.execute(TestSuiteExecutor.java:106)
	at com.kms.katalon.core.main.TestCaseMain.startTestSuite(TestCaseMain.java:180)
	at TempTestSuite1733095732962.run(TempTestSuite1733095732962.groovy:35)
	at java.base/jdk.internal.reflect.NativeMethodAccessorImpl.invoke0(Native Method)
	at java.base/jdk.internal.reflect.NativeMethodAccessorImpl.invoke(NativeMethodAccessorImpl.java:77)
	at java.base/jdk.internal.reflect.DelegatingMethodAccessorImpl.invoke(DelegatingMethodAccessorImpl.java:43)
)

02-12-2024T03:38:58 - [TEST_STEP][PASSED] - a = replaceAll("\s+", "").toDouble(): null

02-12-2024T03:38:58 - [TEST_STEP][PASSED] - b = replaceAll("\s+", "").toDouble(): null

02-12-2024T03:38:58 - [TEST_STEP][PASSED] - Script1710234207206.WriteToExcel(todaysDate, run, vir, block, typeOfData, viruchka, vidget, nameOfBlock, a, b, dZO): null

02-12-2024T03:38:58 - [TEST_STEP][PASSED] - println(run): null

02-12-2024T03:38:58 - [TEST_STEP][PASSED] - if (run == 1): null

02-12-2024T03:38:58 - [TEST_STEP][PASSED] - else if (run == 2): null

02-12-2024T03:38:58 - [TEST_STEP][PASSED] - typeOfData = "Проценты": null

02-12-2024T03:38:58 - [TEST_STEP][PASSED] - println("todaysDate:" + todaysDate): null

02-12-2024T03:38:58 - [TEST_STEP][PASSED] - println("typeOfData:" + typeOfData): null

02-12-2024T03:38:58 - [TEST_STEP][PASSED] - viruchka = getText(findTestObject("Выручка в рублях/Фильтр Выручка" + nameOfBlock)): Text of object 'Object Repository/Выручка в рублях/Фильтр Выручка Выручка' is: 'Все'

02-12-2024T03:38:58 - [MESSAGE][PASSED] - Text of object 'Object Repository/Выручка в рублях/Фильтр Выручка Выручка' is: 'Все'

02-12-2024T03:38:58 - [TEST_STEP][PASSED] - println("viruchka" + viruchka): null

02-12-2024T03:38:58 - [TEST_STEP][PASSED] - println("vidget" + vidget): null

02-12-2024T03:38:58 - [TEST_STEP][PASSED] - println("a" + a): null

02-12-2024T03:38:58 - [TEST_STEP][PASSED] - println("b" + b): null

02-12-2024T03:38:58 - [TEST_STEP][PASSED] - sheetName = "Sheet1": null

02-12-2024T03:38:58 - [TEST_STEP][PASSED] - data = findTestData("PlanFact"): null

02-12-2024T03:38:58 - [TEST_STEP][PASSED] - n = data.getRowNumbers() + 1: null

02-12-2024T03:38:58 - [TEST_STEP][PASSED] - period = getText(findTestObject("Выручка в рублях/Фильтр Период")): Text of object 'Object Repository/Выручка в рублях/Фильтр Период' is: 'Октябрь и 1, 2, 3 кв. 2024 года'

02-12-2024T03:38:58 - [MESSAGE][PASSED] - Text of object 'Object Repository/Выручка в рублях/Фильтр Период' is: 'Октябрь и 1, 2, 3 кв. 2024 года'

02-12-2024T03:38:58 - [TEST_STEP][PASSED] - println(period): null

02-12-2024T03:38:58 - [TEST_STEP][PASSED] - dashboardName = "Выручка в рублях": null

02-12-2024T03:38:58 - [TEST_STEP][PASSED] - workbook01 = getWorkbook(excelFilePath): null

02-12-2024T03:38:58 - [TEST_STEP][PASSED] - sheet01 = getExcelSheet(workbook01, sheetName): null

02-12-2024T03:38:58 - [TEST_STEP][PASSED] - setValueToCellByIndex(sheet01, n, 0, dashboardName): null

02-12-2024T03:38:58 - [TEST_STEP][PASSED] - setValueToCellByIndex(sheet01, n, 1, dZO): null

02-12-2024T03:38:58 - [TEST_STEP][PASSED] - setValueToCellByIndex(sheet01, n, 2, vidget): null

02-12-2024T03:38:58 - [TEST_STEP][PASSED] - setValueToCellByIndex(sheet01, n, 3, viruchka): null

02-12-2024T03:38:58 - [TEST_STEP][PASSED] - setValueToCellByIndex(sheet01, n, 4, typeOfData): null

02-12-2024T03:38:58 - [TEST_STEP][PASSED] - if (a == null): null

02-12-2024T03:38:58 - [TEST_STEP][PASSED] - else: null

02-12-2024T03:38:58 - [TEST_STEP][PASSED] - setValueToCellByIndex(sheet01, n, 5, a): null

02-12-2024T03:38:58 - [TEST_STEP][PASSED] - if (b == null): null

02-12-2024T03:38:58 - [TEST_STEP][PASSED] - else: null

02-12-2024T03:38:58 - [TEST_STEP][PASSED] - setValueToCellByIndex(sheet01, n, 6, b): null

02-12-2024T03:38:58 - [TEST_STEP][PASSED] - setValueToCellByIndex(sheet01, n, 7, period): null

02-12-2024T03:38:58 - [TEST_STEP][PASSED] - setValueToCellByIndex(sheet01, n, 8, todaysDate): null

02-12-2024T03:38:58 - [TEST_STEP][PASSED] - n = n + 1: null

02-12-2024T03:38:58 - [TEST_STEP][PASSED] - saveWorkbook(excelFilePath, workbook01): null

02-12-2024T03:38:58 - [TEST_STEP][PASSED] - dZO = "Россети Тюмень": null

02-12-2024T03:38:58 - [TEST_STEP][FAILED] - if (verifyEqual(a311, b311) == false): null

02-12-2024T03:38:58 - [MESSAGE][FAILED] - Unable to verify equal between actual object '-53.69' and expected object '-7.39' (Root cause: com.kms.katalon.core.exception.StepFailedException: Actual object '-53.69' and expected object '-7.39' are not equal
	at com.kms.katalon.core.keyword.builtin.VerifyEqualKeyword$_verifyEqual_closure1.doCall(VerifyEqualKeyword.groovy:58)
	at com.kms.katalon.core.keyword.builtin.VerifyEqualKeyword$_verifyEqual_closure1.call(VerifyEqualKeyword.groovy)
	at com.kms.katalon.core.keyword.internal.KeywordMain.runKeyword(KeywordMain.groovy:75)
	at com.kms.katalon.core.keyword.builtin.VerifyEqualKeyword.verifyEqual(VerifyEqualKeyword.groovy:63)
	at com.kms.katalon.core.keyword.builtin.VerifyEqualKeyword.execute(VerifyEqualKeyword.groovy:44)
	at com.kms.katalon.core.keyword.internal.KeywordExecutor.executeKeywordForPlatform(KeywordExecutor.groovy:74)
	at com.kms.katalon.core.keyword.BuiltinKeywords.verifyEqual(BuiltinKeywords.groovy:146)
	at jdk.internal.reflect.GeneratedMethodAccessor25.invoke(Unknown Source)
	at java.base/jdk.internal.reflect.DelegatingMethodAccessorImpl.invoke(DelegatingMethodAccessorImpl.java:43)
	at Выручка в рублях сверка дашбордов ПАО Россети.Blocks(Выручка в рублях сверка дашбордов ПАО Россети:467)
	at Выручка в рублях сверка дашбордов ПАО Россети.ViruchkaChange(Выручка в рублях сверка дашбордов ПАО Россети:60)
	at Выручка в рублях сверка дашбордов ПАО Россети.run(Выручка в рублях сверка дашбордов ПАО Россети:55)
	at com.kms.katalon.core.main.ScriptEngine.run(ScriptEngine.java:194)
	at com.kms.katalon.core.main.ScriptEngine.runScriptAsRawText(ScriptEngine.java:119)
	at com.kms.katalon.core.main.TestCaseExecutor.runScript(TestCaseExecutor.java:448)
	at com.kms.katalon.core.main.TestCaseExecutor.doExecute(TestCaseExecutor.java:439)
	at com.kms.katalon.core.main.TestCaseExecutor.processExecutionPhase(TestCaseExecutor.java:418)
	at com.kms.katalon.core.main.TestCaseExecutor.accessMainPhase(TestCaseExecutor.java:410)
	at com.kms.katalon.core.main.TestCaseExecutor.execute(TestCaseExecutor.java:285)
	at com.kms.katalon.core.common.CommonExecutor.accessTestCaseMainPhase(CommonExecutor.java:65)
	at com.kms.katalon.core.main.TestSuiteExecutor.accessTestSuiteMainPhase(TestSuiteExecutor.java:150)
	at com.kms.katalon.core.main.TestSuiteExecutor.execute(TestSuiteExecutor.java:106)
	at com.kms.katalon.core.main.TestCaseMain.startTestSuite(TestCaseMain.java:180)
	at TempTestSuite1733095732962.run(TempTestSuite1733095732962.groovy:35)
	at java.base/jdk.internal.reflect.NativeMethodAccessorImpl.invoke0(Native Method)
	at java.base/jdk.internal.reflect.NativeMethodAccessorImpl.invoke(NativeMethodAccessorImpl.java:77)
	at java.base/jdk.internal.reflect.DelegatingMethodAccessorImpl.invoke(DelegatingMethodAccessorImpl.java:43)
)

02-12-2024T03:38:58 - [TEST_STEP][PASSED] - a = replaceAll("\s+", "").toDouble(): null

02-12-2024T03:38:58 - [TEST_STEP][PASSED] - b = replaceAll("\s+", "").toDouble(): null

02-12-2024T03:38:58 - [TEST_STEP][PASSED] - Script1710234207206.WriteToExcel(todaysDate, run, vir, block, typeOfData, viruchka, vidget, nameOfBlock, a, b, dZO): null

02-12-2024T03:38:58 - [TEST_STEP][PASSED] - println(run): null

02-12-2024T03:38:58 - [TEST_STEP][PASSED] - if (run == 1): null

02-12-2024T03:38:58 - [TEST_STEP][PASSED] - else if (run == 2): null

02-12-2024T03:38:58 - [TEST_STEP][PASSED] - typeOfData = "Проценты": null

02-12-2024T03:38:58 - [TEST_STEP][PASSED] - println("todaysDate:" + todaysDate): null

02-12-2024T03:38:58 - [TEST_STEP][PASSED] - println("typeOfData:" + typeOfData): null

02-12-2024T03:38:58 - [TEST_STEP][PASSED] - viruchka = getText(findTestObject("Выручка в рублях/Фильтр Выручка" + nameOfBlock)): Text of object 'Object Repository/Выручка в рублях/Фильтр Выручка Выручка' is: 'Все'

02-12-2024T03:38:59 - [MESSAGE][PASSED] - Text of object 'Object Repository/Выручка в рублях/Фильтр Выручка Выручка' is: 'Все'

02-12-2024T03:38:59 - [TEST_STEP][PASSED] - println("viruchka" + viruchka): null

02-12-2024T03:38:59 - [TEST_STEP][PASSED] - println("vidget" + vidget): null

02-12-2024T03:38:59 - [TEST_STEP][PASSED] - println("a" + a): null

02-12-2024T03:38:59 - [TEST_STEP][PASSED] - println("b" + b): null

02-12-2024T03:38:59 - [TEST_STEP][PASSED] - sheetName = "Sheet1": null

02-12-2024T03:38:59 - [TEST_STEP][PASSED] - data = findTestData("PlanFact"): null

02-12-2024T03:38:59 - [TEST_STEP][PASSED] - n = data.getRowNumbers() + 1: null

02-12-2024T03:38:59 - [TEST_STEP][PASSED] - period = getText(findTestObject("Выручка в рублях/Фильтр Период")): Text of object 'Object Repository/Выручка в рублях/Фильтр Период' is: 'Октябрь и 1, 2, 3 кв. 2024 года'

02-12-2024T03:38:59 - [MESSAGE][PASSED] - Text of object 'Object Repository/Выручка в рублях/Фильтр Период' is: 'Октябрь и 1, 2, 3 кв. 2024 года'

02-12-2024T03:38:59 - [TEST_STEP][PASSED] - println(period): null

02-12-2024T03:38:59 - [TEST_STEP][PASSED] - dashboardName = "Выручка в рублях": null

02-12-2024T03:38:59 - [TEST_STEP][PASSED] - workbook01 = getWorkbook(excelFilePath): null

02-12-2024T03:38:59 - [TEST_STEP][PASSED] - sheet01 = getExcelSheet(workbook01, sheetName): null

02-12-2024T03:38:59 - [TEST_STEP][PASSED] - setValueToCellByIndex(sheet01, n, 0, dashboardName): null

02-12-2024T03:38:59 - [TEST_STEP][PASSED] - setValueToCellByIndex(sheet01, n, 1, dZO): null

02-12-2024T03:38:59 - [TEST_STEP][PASSED] - setValueToCellByIndex(sheet01, n, 2, vidget): null

02-12-2024T03:38:59 - [TEST_STEP][PASSED] - setValueToCellByIndex(sheet01, n, 3, viruchka): null

02-12-2024T03:38:59 - [TEST_STEP][PASSED] - setValueToCellByIndex(sheet01, n, 4, typeOfData): null

02-12-2024T03:38:59 - [TEST_STEP][PASSED] - if (a == null): null

02-12-2024T03:38:59 - [TEST_STEP][PASSED] - else: null

02-12-2024T03:38:59 - [TEST_STEP][PASSED] - setValueToCellByIndex(sheet01, n, 5, a): null

02-12-2024T03:38:59 - [TEST_STEP][PASSED] - if (b == null): null

02-12-2024T03:38:59 - [TEST_STEP][PASSED] - else: null

02-12-2024T03:38:59 - [TEST_STEP][PASSED] - setValueToCellByIndex(sheet01, n, 6, b): null

02-12-2024T03:38:59 - [TEST_STEP][PASSED] - setValueToCellByIndex(sheet01, n, 7, period): null

02-12-2024T03:38:59 - [TEST_STEP][PASSED] - setValueToCellByIndex(sheet01, n, 8, todaysDate): null

02-12-2024T03:38:59 - [TEST_STEP][PASSED] - n = n + 1: null

02-12-2024T03:38:59 - [TEST_STEP][PASSED] - saveWorkbook(excelFilePath, workbook01): null

02-12-2024T03:38:59 - [TEST_STEP][PASSED] - dZO = "Россети Урал (ГК)": null

02-12-2024T03:38:59 - [TEST_STEP][PASSED] - if (verifyEqual(a312, b312) == false): Actual object '2.27' and expected object '2.27' are equal

02-12-2024T03:38:59 - [MESSAGE][PASSED] - Actual object '2.27' and expected object '2.27' are equal

02-12-2024T03:38:59 - [TEST_STEP][PASSED] - dZO = "Россети ФСК ЕЭС": null

02-12-2024T03:38:59 - [TEST_STEP][PASSED] - if (verifyEqual(a313, b313) == false): Actual object '-9.49' and expected object '-9.49' are equal

02-12-2024T03:38:59 - [MESSAGE][PASSED] - Actual object '-9.49' and expected object '-9.49' are equal

02-12-2024T03:38:59 - [TEST_STEP][PASSED] - dZO = "Россети Центр": null

02-12-2024T03:38:59 - [TEST_STEP][FAILED] - if (verifyEqual(a314, b314) == false): null

02-12-2024T03:38:59 - [MESSAGE][FAILED] - Unable to verify equal between actual object '-31.28' and expected object '2.55' (Root cause: com.kms.katalon.core.exception.StepFailedException: Actual object '-31.28' and expected object '2.55' are not equal
	at com.kms.katalon.core.keyword.builtin.VerifyEqualKeyword$_verifyEqual_closure1.doCall(VerifyEqualKeyword.groovy:58)
	at com.kms.katalon.core.keyword.builtin.VerifyEqualKeyword$_verifyEqual_closure1.call(VerifyEqualKeyword.groovy)
	at com.kms.katalon.core.keyword.internal.KeywordMain.runKeyword(KeywordMain.groovy:75)
	at com.kms.katalon.core.keyword.builtin.VerifyEqualKeyword.verifyEqual(VerifyEqualKeyword.groovy:63)
	at com.kms.katalon.core.keyword.builtin.VerifyEqualKeyword.execute(VerifyEqualKeyword.groovy:44)
	at com.kms.katalon.core.keyword.internal.KeywordExecutor.executeKeywordForPlatform(KeywordExecutor.groovy:74)
	at com.kms.katalon.core.keyword.BuiltinKeywords.verifyEqual(BuiltinKeywords.groovy:146)
	at jdk.internal.reflect.GeneratedMethodAccessor25.invoke(Unknown Source)
	at java.base/jdk.internal.reflect.DelegatingMethodAccessorImpl.invoke(DelegatingMethodAccessorImpl.java:43)
	at Выручка в рублях сверка дашбордов ПАО Россети.Blocks(Выручка в рублях сверка дашбордов ПАО Россети:497)
	at Выручка в рублях сверка дашбордов ПАО Россети.ViruchkaChange(Выручка в рублях сверка дашбордов ПАО Россети:60)
	at Выручка в рублях сверка дашбордов ПАО Россети.run(Выручка в рублях сверка дашбордов ПАО Россети:55)
	at com.kms.katalon.core.main.ScriptEngine.run(ScriptEngine.java:194)
	at com.kms.katalon.core.main.ScriptEngine.runScriptAsRawText(ScriptEngine.java:119)
	at com.kms.katalon.core.main.TestCaseExecutor.runScript(TestCaseExecutor.java:448)
	at com.kms.katalon.core.main.TestCaseExecutor.doExecute(TestCaseExecutor.java:439)
	at com.kms.katalon.core.main.TestCaseExecutor.processExecutionPhase(TestCaseExecutor.java:418)
	at com.kms.katalon.core.main.TestCaseExecutor.accessMainPhase(TestCaseExecutor.java:410)
	at com.kms.katalon.core.main.TestCaseExecutor.execute(TestCaseExecutor.java:285)
	at com.kms.katalon.core.common.CommonExecutor.accessTestCaseMainPhase(CommonExecutor.java:65)
	at com.kms.katalon.core.main.TestSuiteExecutor.accessTestSuiteMainPhase(TestSuiteExecutor.java:150)
	at com.kms.katalon.core.main.TestSuiteExecutor.execute(TestSuiteExecutor.java:106)
	at com.kms.katalon.core.main.TestCaseMain.startTestSuite(TestCaseMain.java:180)
	at TempTestSuite1733095732962.run(TempTestSuite1733095732962.groovy:35)
	at java.base/jdk.internal.reflect.NativeMethodAccessorImpl.invoke0(Native Method)
	at java.base/jdk.internal.reflect.NativeMethodAccessorImpl.invoke(NativeMethodAccessorImpl.java:77)
	at java.base/jdk.internal.reflect.DelegatingMethodAccessorImpl.invoke(DelegatingMethodAccessorImpl.java:43)
)

02-12-2024T03:38:59 - [TEST_STEP][PASSED] - a = replaceAll("\s+", "").toDouble(): null

02-12-2024T03:38:59 - [TEST_STEP][PASSED] - b = replaceAll("\s+", "").toDouble(): null

02-12-2024T03:38:59 - [TEST_STEP][PASSED] - Script1710234207206.WriteToExcel(todaysDate, run, vir, block, typeOfData, viruchka, vidget, nameOfBlock, a, b, dZO): null

02-12-2024T03:38:59 - [TEST_STEP][PASSED] - println(run): null

02-12-2024T03:38:59 - [TEST_STEP][PASSED] - if (run == 1): null

02-12-2024T03:38:59 - [TEST_STEP][PASSED] - else if (run == 2): null

02-12-2024T03:38:59 - [TEST_STEP][PASSED] - typeOfData = "Проценты": null

02-12-2024T03:38:59 - [TEST_STEP][PASSED] - println("todaysDate:" + todaysDate): null

02-12-2024T03:38:59 - [TEST_STEP][PASSED] - println("typeOfData:" + typeOfData): null

02-12-2024T03:38:59 - [TEST_STEP][PASSED] - viruchka = getText(findTestObject("Выручка в рублях/Фильтр Выручка" + nameOfBlock)): Text of object 'Object Repository/Выручка в рублях/Фильтр Выручка Выручка' is: 'Все'

02-12-2024T03:39:00 - [MESSAGE][PASSED] - Text of object 'Object Repository/Выручка в рублях/Фильтр Выручка Выручка' is: 'Все'

02-12-2024T03:39:00 - [TEST_STEP][PASSED] - println("viruchka" + viruchka): null

02-12-2024T03:39:00 - [TEST_STEP][PASSED] - println("vidget" + vidget): null

02-12-2024T03:39:00 - [TEST_STEP][PASSED] - println("a" + a): null

02-12-2024T03:39:00 - [TEST_STEP][PASSED] - println("b" + b): null

02-12-2024T03:39:00 - [TEST_STEP][PASSED] - sheetName = "Sheet1": null

02-12-2024T03:39:00 - [TEST_STEP][PASSED] - data = findTestData("PlanFact"): null

02-12-2024T03:39:00 - [TEST_STEP][PASSED] - n = data.getRowNumbers() + 1: null

02-12-2024T03:39:00 - [TEST_STEP][PASSED] - period = getText(findTestObject("Выручка в рублях/Фильтр Период")): Text of object 'Object Repository/Выручка в рублях/Фильтр Период' is: 'Октябрь и 1, 2, 3 кв. 2024 года'

02-12-2024T03:39:00 - [MESSAGE][PASSED] - Text of object 'Object Repository/Выручка в рублях/Фильтр Период' is: 'Октябрь и 1, 2, 3 кв. 2024 года'

02-12-2024T03:39:00 - [TEST_STEP][PASSED] - println(period): null

02-12-2024T03:39:00 - [TEST_STEP][PASSED] - dashboardName = "Выручка в рублях": null

02-12-2024T03:39:00 - [TEST_STEP][PASSED] - workbook01 = getWorkbook(excelFilePath): null

02-12-2024T03:39:00 - [TEST_STEP][PASSED] - sheet01 = getExcelSheet(workbook01, sheetName): null

02-12-2024T03:39:00 - [TEST_STEP][PASSED] - setValueToCellByIndex(sheet01, n, 0, dashboardName): null

02-12-2024T03:39:00 - [TEST_STEP][PASSED] - setValueToCellByIndex(sheet01, n, 1, dZO): null

02-12-2024T03:39:00 - [TEST_STEP][PASSED] - setValueToCellByIndex(sheet01, n, 2, vidget): null

02-12-2024T03:39:00 - [TEST_STEP][PASSED] - setValueToCellByIndex(sheet01, n, 3, viruchka): null

02-12-2024T03:39:00 - [TEST_STEP][PASSED] - setValueToCellByIndex(sheet01, n, 4, typeOfData): null

02-12-2024T03:39:00 - [TEST_STEP][PASSED] - if (a == null): null

02-12-2024T03:39:00 - [TEST_STEP][PASSED] - else: null

02-12-2024T03:39:00 - [TEST_STEP][PASSED] - setValueToCellByIndex(sheet01, n, 5, a): null

02-12-2024T03:39:00 - [TEST_STEP][PASSED] - if (b == null): null

02-12-2024T03:39:00 - [TEST_STEP][PASSED] - else: null

02-12-2024T03:39:00 - [TEST_STEP][PASSED] - setValueToCellByIndex(sheet01, n, 6, b): null

02-12-2024T03:39:00 - [TEST_STEP][PASSED] - setValueToCellByIndex(sheet01, n, 7, period): null

02-12-2024T03:39:00 - [TEST_STEP][PASSED] - setValueToCellByIndex(sheet01, n, 8, todaysDate): null

02-12-2024T03:39:00 - [TEST_STEP][PASSED] - n = n + 1: null

02-12-2024T03:39:00 - [TEST_STEP][PASSED] - saveWorkbook(excelFilePath, workbook01): null

02-12-2024T03:39:00 - [TEST_STEP][PASSED] - dZO = "Россети Центр и Приволжье (ГК)": null

02-12-2024T03:39:00 - [TEST_STEP][PASSED] - if (verifyEqual(a315, b315) == false): Actual object '4.33' and expected object '4.33' are equal

02-12-2024T03:39:00 - [MESSAGE][PASSED] - Actual object '4.33' and expected object '4.33' are equal

02-12-2024T03:39:00 - [TEST_STEP][PASSED] - dZO = "Россети Юг (ГК)": null

02-12-2024T03:39:00 - [TEST_STEP][FAILED] - if (verifyEqual(a316, b316) == false): null

02-12-2024T03:39:00 - [MESSAGE][FAILED] - Unable to verify equal between actual object '-48.42' and expected object '3.17' (Root cause: com.kms.katalon.core.exception.StepFailedException: Actual object '-48.42' and expected object '3.17' are not equal
	at com.kms.katalon.core.keyword.builtin.VerifyEqualKeyword$_verifyEqual_closure1.doCall(VerifyEqualKeyword.groovy:58)
	at com.kms.katalon.core.keyword.builtin.VerifyEqualKeyword$_verifyEqual_closure1.call(VerifyEqualKeyword.groovy)
	at com.kms.katalon.core.keyword.internal.KeywordMain.runKeyword(KeywordMain.groovy:75)
	at com.kms.katalon.core.keyword.builtin.VerifyEqualKeyword.verifyEqual(VerifyEqualKeyword.groovy:63)
	at com.kms.katalon.core.keyword.builtin.VerifyEqualKeyword.execute(VerifyEqualKeyword.groovy:44)
	at com.kms.katalon.core.keyword.internal.KeywordExecutor.executeKeywordForPlatform(KeywordExecutor.groovy:74)
	at com.kms.katalon.core.keyword.BuiltinKeywords.verifyEqual(BuiltinKeywords.groovy:146)
	at jdk.internal.reflect.GeneratedMethodAccessor25.invoke(Unknown Source)
	at java.base/jdk.internal.reflect.DelegatingMethodAccessorImpl.invoke(DelegatingMethodAccessorImpl.java:43)
	at Выручка в рублях сверка дашбордов ПАО Россети.Blocks(Выручка в рублях сверка дашбордов ПАО Россети:517)
	at Выручка в рублях сверка дашбордов ПАО Россети.ViruchkaChange(Выручка в рублях сверка дашбордов ПАО Россети:60)
	at Выручка в рублях сверка дашбордов ПАО Россети.run(Выручка в рублях сверка дашбордов ПАО Россети:55)
	at com.kms.katalon.core.main.ScriptEngine.run(ScriptEngine.java:194)
	at com.kms.katalon.core.main.ScriptEngine.runScriptAsRawText(ScriptEngine.java:119)
	at com.kms.katalon.core.main.TestCaseExecutor.runScript(TestCaseExecutor.java:448)
	at com.kms.katalon.core.main.TestCaseExecutor.doExecute(TestCaseExecutor.java:439)
	at com.kms.katalon.core.main.TestCaseExecutor.processExecutionPhase(TestCaseExecutor.java:418)
	at com.kms.katalon.core.main.TestCaseExecutor.accessMainPhase(TestCaseExecutor.java:410)
	at com.kms.katalon.core.main.TestCaseExecutor.execute(TestCaseExecutor.java:285)
	at com.kms.katalon.core.common.CommonExecutor.accessTestCaseMainPhase(CommonExecutor.java:65)
	at com.kms.katalon.core.main.TestSuiteExecutor.accessTestSuiteMainPhase(TestSuiteExecutor.java:150)
	at com.kms.katalon.core.main.TestSuiteExecutor.execute(TestSuiteExecutor.java:106)
	at com.kms.katalon.core.main.TestCaseMain.startTestSuite(TestCaseMain.java:180)
	at TempTestSuite1733095732962.run(TempTestSuite1733095732962.groovy:35)
	at java.base/jdk.internal.reflect.NativeMethodAccessorImpl.invoke0(Native Method)
	at java.base/jdk.internal.reflect.NativeMethodAccessorImpl.invoke(NativeMethodAccessorImpl.java:77)
	at java.base/jdk.internal.reflect.DelegatingMethodAccessorImpl.invoke(DelegatingMethodAccessorImpl.java:43)
)

02-12-2024T03:39:00 - [TEST_STEP][PASSED] - a = replaceAll("\s+", "").toDouble(): null

02-12-2024T03:39:00 - [TEST_STEP][PASSED] - b = replaceAll("\s+", "").toDouble(): null

02-12-2024T03:39:00 - [TEST_STEP][PASSED] - Script1710234207206.WriteToExcel(todaysDate, run, vir, block, typeOfData, viruchka, vidget, nameOfBlock, a, b, dZO): null

02-12-2024T03:39:00 - [TEST_STEP][PASSED] - println(run): null

02-12-2024T03:39:00 - [TEST_STEP][PASSED] - if (run == 1): null

02-12-2024T03:39:00 - [TEST_STEP][PASSED] - else if (run == 2): null

02-12-2024T03:39:00 - [TEST_STEP][PASSED] - typeOfData = "Проценты": null

02-12-2024T03:39:00 - [TEST_STEP][PASSED] - println("todaysDate:" + todaysDate): null

02-12-2024T03:39:00 - [TEST_STEP][PASSED] - println("typeOfData:" + typeOfData): null

02-12-2024T03:39:00 - [TEST_STEP][PASSED] - viruchka = getText(findTestObject("Выручка в рублях/Фильтр Выручка" + nameOfBlock)): Text of object 'Object Repository/Выручка в рублях/Фильтр Выручка Выручка' is: 'Все'

02-12-2024T03:39:01 - [MESSAGE][PASSED] - Text of object 'Object Repository/Выручка в рублях/Фильтр Выручка Выручка' is: 'Все'

02-12-2024T03:39:01 - [TEST_STEP][PASSED] - println("viruchka" + viruchka): null

02-12-2024T03:39:01 - [TEST_STEP][PASSED] - println("vidget" + vidget): null

02-12-2024T03:39:01 - [TEST_STEP][PASSED] - println("a" + a): null

02-12-2024T03:39:01 - [TEST_STEP][PASSED] - println("b" + b): null

02-12-2024T03:39:01 - [TEST_STEP][PASSED] - sheetName = "Sheet1": null

02-12-2024T03:39:01 - [TEST_STEP][PASSED] - data = findTestData("PlanFact"): null

02-12-2024T03:39:01 - [TEST_STEP][PASSED] - n = data.getRowNumbers() + 1: null

02-12-2024T03:39:01 - [TEST_STEP][PASSED] - period = getText(findTestObject("Выручка в рублях/Фильтр Период")): Text of object 'Object Repository/Выручка в рублях/Фильтр Период' is: 'Октябрь и 1, 2, 3 кв. 2024 года'

02-12-2024T03:39:01 - [MESSAGE][PASSED] - Text of object 'Object Repository/Выручка в рублях/Фильтр Период' is: 'Октябрь и 1, 2, 3 кв. 2024 года'

02-12-2024T03:39:01 - [TEST_STEP][PASSED] - println(period): null

02-12-2024T03:39:01 - [TEST_STEP][PASSED] - dashboardName = "Выручка в рублях": null

02-12-2024T03:39:01 - [TEST_STEP][PASSED] - workbook01 = getWorkbook(excelFilePath): null

02-12-2024T03:39:01 - [TEST_STEP][PASSED] - sheet01 = getExcelSheet(workbook01, sheetName): null

02-12-2024T03:39:01 - [TEST_STEP][PASSED] - setValueToCellByIndex(sheet01, n, 0, dashboardName): null

02-12-2024T03:39:01 - [TEST_STEP][PASSED] - setValueToCellByIndex(sheet01, n, 1, dZO): null

02-12-2024T03:39:01 - [TEST_STEP][PASSED] - setValueToCellByIndex(sheet01, n, 2, vidget): null

02-12-2024T03:39:01 - [TEST_STEP][PASSED] - setValueToCellByIndex(sheet01, n, 3, viruchka): null

02-12-2024T03:39:01 - [TEST_STEP][PASSED] - setValueToCellByIndex(sheet01, n, 4, typeOfData): null

02-12-2024T03:39:01 - [TEST_STEP][PASSED] - if (a == null): null

02-12-2024T03:39:01 - [TEST_STEP][PASSED] - else: null

02-12-2024T03:39:01 - [TEST_STEP][PASSED] - setValueToCellByIndex(sheet01, n, 5, a): null

02-12-2024T03:39:01 - [TEST_STEP][PASSED] - if (b == null): null

02-12-2024T03:39:01 - [TEST_STEP][PASSED] - else: null

02-12-2024T03:39:01 - [TEST_STEP][PASSED] - setValueToCellByIndex(sheet01, n, 6, b): null

02-12-2024T03:39:01 - [TEST_STEP][PASSED] - setValueToCellByIndex(sheet01, n, 7, period): null

02-12-2024T03:39:01 - [TEST_STEP][PASSED] - setValueToCellByIndex(sheet01, n, 8, todaysDate): null

02-12-2024T03:39:01 - [TEST_STEP][PASSED] - n = n + 1: null

02-12-2024T03:39:01 - [TEST_STEP][PASSED] - saveWorkbook(excelFilePath, workbook01): null

02-12-2024T03:39:01 - [TEST_STEP][PASSED] - dZO = "Россети Янтарь": null

02-12-2024T03:39:01 - [TEST_STEP][PASSED] - if (verifyEqual(a317, b317) == false): Actual object '4.04' and expected object '4.04' are equal

02-12-2024T03:39:01 - [MESSAGE][PASSED] - Actual object '4.04' and expected object '4.04' are equal

02-12-2024T03:39:01 - [TEST_STEP][PASSED] - closeBrowser(): null

02-12-2024T03:39:02 - [MESSAGE][PASSED] - Browser is closed

02-12-2024T03:39:02 - [TEST_STEP][PASSED] - Script1710234207206.Blocks(run, vir, block, nameOfBlock, typeOfData, viruchka, vidget, todaysDate, a, b, dZO, x, y): null

02-12-2024T03:39:02 - [TEST_STEP][PASSED] - i = <not implemented yet for class: org.codehaus.groovy.ast.expr.EmptyExpression>: null

02-12-2024T03:39:02 - [TEST_STEP][PASSED] - perc = "": null

02-12-2024T03:39:02 - [TEST_STEP][PASSED] - a1 = <not implemented yet for class: org.codehaus.groovy.ast.expr.EmptyExpression>: null

02-12-2024T03:39:02 - [TEST_STEP][PASSED] - a2 = <not implemented yet for class: org.codehaus.groovy.ast.expr.EmptyExpression>: null

02-12-2024T03:39:02 - [TEST_STEP][PASSED] - a30 = <not implemented yet for class: org.codehaus.groovy.ast.expr.EmptyExpression>: null

02-12-2024T03:39:02 - [TEST_STEP][PASSED] - a31 = <not implemented yet for class: org.codehaus.groovy.ast.expr.EmptyExpression>: null

02-12-2024T03:39:02 - [TEST_STEP][PASSED] - a32 = <not implemented yet for class: org.codehaus.groovy.ast.expr.EmptyExpression>: null

02-12-2024T03:39:02 - [TEST_STEP][PASSED] - a33 = <not implemented yet for class: org.codehaus.groovy.ast.expr.EmptyExpression>: null

02-12-2024T03:39:02 - [TEST_STEP][PASSED] - a34 = <not implemented yet for class: org.codehaus.groovy.ast.expr.EmptyExpression>: null

02-12-2024T03:39:02 - [TEST_STEP][PASSED] - a35 = <not implemented yet for class: org.codehaus.groovy.ast.expr.EmptyExpression>: null

02-12-2024T03:39:02 - [TEST_STEP][PASSED] - a36 = <not implemented yet for class: org.codehaus.groovy.ast.expr.EmptyExpression>: null

02-12-2024T03:39:02 - [TEST_STEP][PASSED] - a37 = <not implemented yet for class: org.codehaus.groovy.ast.expr.EmptyExpression>: null

02-12-2024T03:39:02 - [TEST_STEP][PASSED] - a38 = <not implemented yet for class: org.codehaus.groovy.ast.expr.EmptyExpression>: null

02-12-2024T03:39:02 - [TEST_STEP][PASSED] - a39 = <not implemented yet for class: org.codehaus.groovy.ast.expr.EmptyExpression>: null

02-12-2024T03:39:02 - [TEST_STEP][PASSED] - a310 = <not implemented yet for class: org.codehaus.groovy.ast.expr.EmptyExpression>: null

02-12-2024T03:39:02 - [TEST_STEP][PASSED] - a311 = <not implemented yet for class: org.codehaus.groovy.ast.expr.EmptyExpression>: null

02-12-2024T03:39:02 - [TEST_STEP][PASSED] - a312 = <not implemented yet for class: org.codehaus.groovy.ast.expr.EmptyExpression>: null

02-12-2024T03:39:02 - [TEST_STEP][PASSED] - a313 = <not implemented yet for class: org.codehaus.groovy.ast.expr.EmptyExpression>: null

02-12-2024T03:39:02 - [TEST_STEP][PASSED] - a314 = <not implemented yet for class: org.codehaus.groovy.ast.expr.EmptyExpression>: null

02-12-2024T03:39:02 - [TEST_STEP][PASSED] - a315 = <not implemented yet for class: org.codehaus.groovy.ast.expr.EmptyExpression>: null

02-12-2024T03:39:02 - [TEST_STEP][PASSED] - a316 = <not implemented yet for class: org.codehaus.groovy.ast.expr.EmptyExpression>: null

02-12-2024T03:39:02 - [TEST_STEP][PASSED] - a317 = <not implemented yet for class: org.codehaus.groovy.ast.expr.EmptyExpression>: null

02-12-2024T03:39:02 - [TEST_STEP][PASSED] - b1 = <not implemented yet for class: org.codehaus.groovy.ast.expr.EmptyExpression>: null

02-12-2024T03:39:02 - [TEST_STEP][PASSED] - b2 = <not implemented yet for class: org.codehaus.groovy.ast.expr.EmptyExpression>: null

02-12-2024T03:39:02 - [TEST_STEP][PASSED] - b30 = <not implemented yet for class: org.codehaus.groovy.ast.expr.EmptyExpression>: null

02-12-2024T03:39:02 - [TEST_STEP][PASSED] - b31 = <not implemented yet for class: org.codehaus.groovy.ast.expr.EmptyExpression>: null

02-12-2024T03:39:02 - [TEST_STEP][PASSED] - b32 = <not implemented yet for class: org.codehaus.groovy.ast.expr.EmptyExpression>: null

02-12-2024T03:39:02 - [TEST_STEP][PASSED] - b33 = <not implemented yet for class: org.codehaus.groovy.ast.expr.EmptyExpression>: null

02-12-2024T03:39:02 - [TEST_STEP][PASSED] - b34 = <not implemented yet for class: org.codehaus.groovy.ast.expr.EmptyExpression>: null

02-12-2024T03:39:02 - [TEST_STEP][PASSED] - b35 = <not implemented yet for class: org.codehaus.groovy.ast.expr.EmptyExpression>: null

02-12-2024T03:39:02 - [TEST_STEP][PASSED] - b36 = <not implemented yet for class: org.codehaus.groovy.ast.expr.EmptyExpression>: null

02-12-2024T03:39:02 - [TEST_STEP][PASSED] - b37 = <not implemented yet for class: org.codehaus.groovy.ast.expr.EmptyExpression>: null

02-12-2024T03:39:02 - [TEST_STEP][PASSED] - b38 = <not implemented yet for class: org.codehaus.groovy.ast.expr.EmptyExpression>: null

02-12-2024T03:39:02 - [TEST_STEP][PASSED] - b39 = <not implemented yet for class: org.codehaus.groovy.ast.expr.EmptyExpression>: null

02-12-2024T03:39:02 - [TEST_STEP][PASSED] - b310 = <not implemented yet for class: org.codehaus.groovy.ast.expr.EmptyExpression>: null

02-12-2024T03:39:02 - [TEST_STEP][PASSED] - b311 = <not implemented yet for class: org.codehaus.groovy.ast.expr.EmptyExpression>: null

02-12-2024T03:39:02 - [TEST_STEP][PASSED] - b312 = <not implemented yet for class: org.codehaus.groovy.ast.expr.EmptyExpression>: null

02-12-2024T03:39:02 - [TEST_STEP][PASSED] - b313 = <not implemented yet for class: org.codehaus.groovy.ast.expr.EmptyExpression>: null

02-12-2024T03:39:02 - [TEST_STEP][PASSED] - b314 = <not implemented yet for class: org.codehaus.groovy.ast.expr.EmptyExpression>: null

02-12-2024T03:39:02 - [TEST_STEP][PASSED] - b315 = <not implemented yet for class: org.codehaus.groovy.ast.expr.EmptyExpression>: null

02-12-2024T03:39:02 - [TEST_STEP][PASSED] - b316 = <not implemented yet for class: org.codehaus.groovy.ast.expr.EmptyExpression>: null

02-12-2024T03:39:02 - [TEST_STEP][PASSED] - b317 = <not implemented yet for class: org.codehaus.groovy.ast.expr.EmptyExpression>: null

02-12-2024T03:39:02 - [TEST_STEP][PASSED] - block = 1: null

02-12-2024T03:39:02 - [TEST_STEP][PASSED] - nameOfBlock = "": null

02-12-2024T03:39:02 - [TEST_STEP][PASSED] - Script1710234207206.PreSettings(run, vir, block, nameOfBlock, typeOfData, todaysDate): null

02-12-2024T03:39:02 - [TEST_STEP][PASSED] - openBrowser(""): Browser is opened with url: ''

02-12-2024T03:39:02 - [MESSAGE][INFO] - Starting 'Chrome' driver

02-12-2024T03:39:02 - [MESSAGE][INFO] - Action delay is set to 0 milliseconds

02-12-2024T03:39:02 - [MESSAGE][PASSED] - Browser is opened with url: ''

02-12-2024T03:39:02 - [TEST_STEP][PASSED] - refresh(): Refresh successfully

02-12-2024T03:39:03 - [MESSAGE][PASSED] - Refresh successfully

02-12-2024T03:39:03 - [TEST_STEP][PASSED] - delay(50): Delayed 50 second(s)

02-12-2024T03:39:53 - [MESSAGE][PASSED] - Delayed 50 second(s)

02-12-2024T03:39:53 - [TEST_STEP][PASSED] - println("run:" + run): null

02-12-2024T03:39:53 - [TEST_STEP][PASSED] - println("vir:" + vir): null

02-12-2024T03:39:53 - [TEST_STEP][PASSED] - println("block:" + block): null

02-12-2024T03:39:53 - [TEST_STEP][PASSED] - if (block == 1): null

02-12-2024T03:39:53 - [TEST_STEP][PASSED] - nameOfBlock = "": null

02-12-2024T03:39:53 - [TEST_STEP][PASSED] - println("nameOfBlock:" + nameOfBlock): null

02-12-2024T03:39:53 - [TEST_STEP][PASSED] - println("typeOfData:" + typeOfData): null

02-12-2024T03:39:53 - [TEST_STEP][PASSED] - println("todaysDate:" + todaysDate): null

02-12-2024T03:39:53 - [TEST_STEP][PASSED] - Script1710234207206.Autorization(block, nameOfBlock): null

02-12-2024T03:39:53 - [TEST_STEP][PASSED] - i = <not implemented yet for class: org.codehaus.groovy.ast.expr.EmptyExpression>: null

02-12-2024T03:39:53 - [TEST_STEP][PASSED] - ii = <not implemented yet for class: org.codehaus.groovy.ast.expr.EmptyExpression>: null

02-12-2024T03:39:53 - [TEST_STEP][PASSED] - urlData = <not implemented yet for class: org.codehaus.groovy.ast.expr.EmptyExpression>: null

02-12-2024T03:39:53 - [TEST_STEP][PASSED] - searchWord = <not implemented yet for class: org.codehaus.groovy.ast.expr.EmptyExpression>: null

02-12-2024T03:39:53 - [TEST_STEP][PASSED] - urlText = <not implemented yet for class: org.codehaus.groovy.ast.expr.EmptyExpression>: null

02-12-2024T03:39:53 - [TEST_STEP][PASSED] - println("block:" + block): null

02-12-2024T03:39:53 - [TEST_STEP][PASSED] - if (block == 1): null

02-12-2024T03:39:53 - [TEST_STEP][PASSED] - nameOfBlock = "": null

02-12-2024T03:39:53 - [TEST_STEP][PASSED] - println("nameOfBlock:" + nameOfBlock): null

02-12-2024T03:39:53 - [TEST_STEP][PASSED] - if (block == 1): Delayed 45 second(s)

02-12-2024T03:39:53 - [TEST_STEP][PASSED] - urlData = 2: null

02-12-2024T03:39:53 - [TEST_STEP][PASSED] - delay(45): Delayed 45 second(s)

02-12-2024T03:40:38 - [MESSAGE][PASSED] - Delayed 45 second(s)

02-12-2024T03:40:38 - [TEST_STEP][PASSED] - navigateToUrl(findTestData("PlanFact").getValue(10, urlData)): Navigate to 'https://bi.rosseti.digital/viewer?dashboardGuid=2301950b23be4ed89c1df75f2020051e&sheetGuid=b723206f698544fb87299f3095c00435&fit=true' successfully

02-12-2024T03:40:44 - [MESSAGE][PASSED] - Navigate to 'https://bi.rosseti.digital/viewer?dashboardGuid=2301950b23be4ed89c1df75f2020051e&sheetGuid=b723206f698544fb87299f3095c00435&fit=true' successfully

02-12-2024T03:40:44 - [TEST_STEP][PASSED] - urlText = getText(findTestObject("Страница авторизации/Text")): Text of object 'Object Repository/Страница авторизации/Text' is: 'Вход'

02-12-2024T03:40:47 - [MESSAGE][PASSED] - Text of object 'Object Repository/Страница авторизации/Text' is: 'Вход'

02-12-2024T03:40:47 - [TEST_STEP][PASSED] - searchWord = "Вход": null

02-12-2024T03:40:47 - [TEST_STEP][PASSED] - if (urlText == null || urlText.contains("ошибка") || urlText.contains(searchWord) == false): null

02-12-2024T03:40:47 - [TEST_STEP][PASSED] - if (verifyElementPresent(findTestObject("Страница авторизации/button_"), 30) == true): null

02-12-2024T03:40:48 - [MESSAGE][PASSED] - Object 'Object Repository/Страница авторизации/button_' is present

02-12-2024T03:40:48 - [TEST_STEP][PASSED] - setText(findTestObject("Страница авторизации/input__username"), findTestData("PlanFact").getValue(8, 1)): Text 'liazgina-di' is set on object 'Object Repository/Страница авторизации/input__username'

02-12-2024T03:40:48 - [MESSAGE][PASSED] - Text 'liazgina-di' is set on object 'Object Repository/Страница авторизации/input__username'

02-12-2024T03:40:48 - [TEST_STEP][PASSED] - setText(findTestObject("Страница авторизации/input__password"), findTestData("PlanFact").getValue(9, 1)): Text ')$%5srZ8o688Dm#q' is set on object 'Object Repository/Страница авторизации/input__password'

02-12-2024T03:40:49 - [MESSAGE][PASSED] - Text ')$%5srZ8o688Dm#q' is set on object 'Object Repository/Страница авторизации/input__password'

02-12-2024T03:40:49 - [TEST_STEP][PASSED] - click(findTestObject("Страница авторизации/button_")): Object: 'Object Repository/Страница авторизации/button_' is clicked on

02-12-2024T03:40:52 - [MESSAGE][PASSED] - Object: 'Object Repository/Страница авторизации/button_' is clicked on

02-12-2024T03:40:52 - [TEST_STEP][PASSED] - delay(45): Delayed 45 second(s)

02-12-2024T03:41:37 - [MESSAGE][PASSED] - Delayed 45 second(s)

02-12-2024T03:41:37 - [TEST_STEP][PASSED] - urlText = getText(findTestObject("Страница авторизации/Text")): Text of object 'Object Repository/Страница авторизации/Text' is: 'Период
1, 2, 3 кв., Октябрь 2024 года
Выручка
Все
Выполнение плановых показателей по ПАО Россети за 1, 2, 3 кв., Октябрь 2024 года
План
Факт
Динамика
2024 год
0 млн.руб.
100 000 млн.руб.
200 000 млн.руб.
300 000 млн.руб.
400 000 млн.руб.
500 000 млн.руб.
600 000 млн.руб.
700 000 млн.руб.
800 000 млн.руб.
900 000 млн.руб.
1 000 000 млн.руб.
1 100 000 млн.руб.
1 200 000 млн.руб.
1 300 000 млн.руб.
1 400 000 млн.руб.
1 180 677
1 181 459
↑
ДЗО 
Все
Внутренний оборот - выручка за услуги по передаче электрической энергии, учтенная в выручке за электроэнергию для конечных потребителей, при выполнении ДЗО функций гарантирующего поставщика
Подписи данных
⬤Отклонение
АО «Тываэнерго»
АО «Чеченэнерго»
Россети Волга
Россети Кубань
Россети Ленэнерго (ГК)
Россети Московский регион
Россети Северный Кавказ (ГК)
Россети Северо-Запад
Россети Сибирь (ГК)
Россети Томск
Россети Тюмень
Россети Урал (ГК)
Россети ФСК ЕЭС
Россети Центр
Россети Центр и Приволжье (ГК)
Россети Юг (ГК)
Россети Янтарь
-25 000млн.руб.
-20 000млн.руб.
-15 000млн.руб.
-10 000млн.руб.
-5 000млн.руб.
0млн.руб.
5 000млн.руб.
10 …
-30 000млн.руб.
300
101
156
3 953
4 462
7 500
888
878
1 274
238
-5 106
1 955
-24 344
2 435
4 419
1 357
318
млн.
%
Выручка
Отклонение выручки по ПАО Россети за 1, 2, 3 кв., Октябрь 2024 года (факт/план, млн. руб)
ПАО Россети
782.4 млн.руб.
 '

02-12-2024T03:41:38 - [MESSAGE][PASSED] - Text of object 'Object Repository/Страница авторизации/Text' is: 'Период
1, 2, 3 кв., Октябрь 2024 года
Выручка
Все
Выполнение плановых показателей по ПАО Россети за 1, 2, 3 кв., Октябрь 2024 года
План
Факт
Динамика
2024 год
0 млн.руб.
100 000 млн.руб.
200 000 млн.руб.
300 000 млн.руб.
400 000 млн.руб.
500 000 млн.руб.
600 000 млн.руб.
700 000 млн.руб.
800 000 млн.руб.
900 000 млн.руб.
1 000 000 млн.руб.
1 100 000 млн.руб.
1 200 000 млн.руб.
1 300 000 млн.руб.
1 400 000 млн.руб.
1 180 677
1 181 459
↑
ДЗО 
Все
Внутренний оборот - выручка за услуги по передаче электрической энергии, учтенная в выручке за электроэнергию для конечных потребителей, при выполнении ДЗО функций гарантирующего поставщика
Подписи данных
⬤Отклонение
АО «Тываэнерго»
АО «Чеченэнерго»
Россети Волга
Россети Кубань
Россети Ленэнерго (ГК)
Россети Московский регион
Россети Северный Кавказ (ГК)
Россети Северо-Запад
Россети Сибирь (ГК)
Россети Томск
Россети Тюмень
Россети Урал (ГК)
Россети ФСК ЕЭС
Россети Центр
Россети Центр и Приволжье (ГК)
Россети Юг (ГК)
Россети Янтарь
-25 000млн.руб.
-20 000млн.руб.
-15 000млн.руб.
-10 000млн.руб.
-5 000млн.руб.
0млн.руб.
5 000млн.руб.
10 …
-30 000млн.руб.
300
101
156
3 953
4 462
7 500
888
878
1 274
238
-5 106
1 955
-24 344
2 435
4 419
1 357
318
млн.
%
Выручка
Отклонение выручки по ПАО Россети за 1, 2, 3 кв., Октябрь 2024 года (факт/план, млн. руб)
ПАО Россети
782.4 млн.руб.
 '

02-12-2024T03:41:38 - [TEST_STEP][PASSED] - searchWord = "а": null

02-12-2024T03:41:38 - [TEST_STEP][PASSED] - if (urlText.contains("ошибка") || urlText.contains(searchWord) == false): null

02-12-2024T03:41:38 - [TEST_STEP][PASSED] - delay(45): Delayed 45 second(s)

02-12-2024T03:42:23 - [MESSAGE][PASSED] - Delayed 45 second(s)

02-12-2024T03:42:23 - [TEST_STEP][PASSED] - if (block == 2): null

02-12-2024T03:42:23 - [TEST_STEP][PASSED] - click(findTestObject("Выручка в рублях/Фильтр Период" + nameOfBlock)): Object: 'Object Repository/Выручка в рублях/Фильтр Период' is clicked on

02-12-2024T03:42:23 - [MESSAGE][PASSED] - Object: 'Object Repository/Выручка в рублях/Фильтр Период' is clicked on

02-12-2024T03:42:23 - [TEST_STEP][PASSED] - click(findTestObject("Выручка в рублях/Снять выделение в фильтре Дата" + nameOfBlock)): Object: 'Object Repository/Выручка в рублях/Снять выделение в фильтре Дата' is clicked on

02-12-2024T03:42:24 - [MESSAGE][PASSED] - Object: 'Object Repository/Выручка в рублях/Снять выделение в фильтре Дата' is clicked on

02-12-2024T03:42:24 - [TEST_STEP][PASSED] - click(findTestObject("Выручка в рублях/Применить в фильтре Дата" + nameOfBlock)): Object: 'Object Repository/Выручка в рублях/Применить в фильтре Дата' is clicked on

02-12-2024T03:42:24 - [MESSAGE][PASSED] - Object: 'Object Repository/Выручка в рублях/Применить в фильтре Дата' is clicked on

02-12-2024T03:42:24 - [TEST_STEP][PASSED] - delay(50): Delayed 50 second(s)

02-12-2024T03:43:14 - [MESSAGE][PASSED] - Delayed 50 second(s)

02-12-2024T03:43:14 - [TEST_STEP][PASSED] - click(findTestObject("Выручка в рублях/Фильтр Период" + nameOfBlock)): Object: 'Object Repository/Выручка в рублях/Фильтр Период' is clicked on

02-12-2024T03:43:15 - [MESSAGE][PASSED] - Object: 'Object Repository/Выручка в рублях/Фильтр Период' is clicked on

02-12-2024T03:43:15 - [TEST_STEP][PASSED] - click(findTestObject("Выручка в рублях/Снять выделение в фильтре Дата" + nameOfBlock)): Object: 'Object Repository/Выручка в рублях/Снять выделение в фильтре Дата' is clicked on

02-12-2024T03:43:15 - [MESSAGE][PASSED] - Object: 'Object Repository/Выручка в рублях/Снять выделение в фильтре Дата' is clicked on

02-12-2024T03:43:15 - [TEST_STEP][PASSED] - scrollToElement(findTestObject("Выручка в рублях/2024 список" + nameOfBlock), 30): Scroll to object 'Object Repository/Выручка в рублях/2024 список' successfully

02-12-2024T03:43:15 - [MESSAGE][PASSED] - Scroll to object 'Object Repository/Выручка в рублях/2024 список' successfully

02-12-2024T03:43:15 - [TEST_STEP][PASSED] - click(findTestObject("Выручка в рублях/2024 список" + nameOfBlock)): Object: 'Object Repository/Выручка в рублях/2024 список' is clicked on

02-12-2024T03:43:16 - [MESSAGE][PASSED] - Object: 'Object Repository/Выручка в рублях/2024 список' is clicked on

02-12-2024T03:43:16 - [TEST_STEP][PASSED] - scrollToElement(findTestObject("Выручка в рублях/1 квартал 2024 выбрать" + nameOfBlock), 30): Scroll to object 'Object Repository/Выручка в рублях/1 квартал 2024 выбрать' successfully

02-12-2024T03:43:16 - [MESSAGE][PASSED] - Scroll to object 'Object Repository/Выручка в рублях/1 квартал 2024 выбрать' successfully

02-12-2024T03:43:16 - [TEST_STEP][PASSED] - click(findTestObject("Выручка в рублях/1 квартал 2024 выбрать" + nameOfBlock)): Object: 'Object Repository/Выручка в рублях/1 квартал 2024 выбрать' is clicked on

02-12-2024T03:43:17 - [MESSAGE][PASSED] - Object: 'Object Repository/Выручка в рублях/1 квартал 2024 выбрать' is clicked on

02-12-2024T03:43:17 - [TEST_STEP][PASSED] - scrollToElement(findTestObject("Выручка в рублях/2 квартал 2024 выбрать" + nameOfBlock), 30): Scroll to object 'Object Repository/Выручка в рублях/2 квартал 2024 выбрать' successfully

02-12-2024T03:43:17 - [MESSAGE][PASSED] - Scroll to object 'Object Repository/Выручка в рублях/2 квартал 2024 выбрать' successfully

02-12-2024T03:43:17 - [TEST_STEP][PASSED] - click(findTestObject("Выручка в рублях/2 квартал 2024 выбрать" + nameOfBlock)): Object: 'Object Repository/Выручка в рублях/2 квартал 2024 выбрать' is clicked on

02-12-2024T03:43:17 - [MESSAGE][PASSED] - Object: 'Object Repository/Выручка в рублях/2 квартал 2024 выбрать' is clicked on

02-12-2024T03:43:17 - [TEST_STEP][PASSED] - scrollToElement(findTestObject("Выручка в рублях/3 квартал 2024 список" + nameOfBlock), 30): Scroll to object 'Object Repository/Выручка в рублях/3 квартал 2024 список' successfully

02-12-2024T03:43:18 - [MESSAGE][PASSED] - Scroll to object 'Object Repository/Выручка в рублях/3 квартал 2024 список' successfully

02-12-2024T03:43:18 - [TEST_STEP][PASSED] - click(findTestObject("Выручка в рублях/3 квартал 2024" + nameOfBlock)): Object: 'Object Repository/Выручка в рублях/3 квартал 2024' is clicked on

02-12-2024T03:43:18 - [MESSAGE][PASSED] - Object: 'Object Repository/Выручка в рублях/3 квартал 2024' is clicked on

02-12-2024T03:43:18 - [TEST_STEP][PASSED] - scrollToElement(findTestObject("Выручка в рублях/4 квартал 2024 список" + nameOfBlock), 30): Scroll to object 'Object Repository/Выручка в рублях/4 квартал 2024 список' successfully

02-12-2024T03:43:19 - [MESSAGE][PASSED] - Scroll to object 'Object Repository/Выручка в рублях/4 квартал 2024 список' successfully

02-12-2024T03:43:19 - [TEST_STEP][PASSED] - click(findTestObject("Выручка в рублях/4 квартал 2024 список" + nameOfBlock)): Object: 'Object Repository/Выручка в рублях/4 квартал 2024 список' is clicked on

02-12-2024T03:43:19 - [MESSAGE][PASSED] - Object: 'Object Repository/Выручка в рублях/4 квартал 2024 список' is clicked on

02-12-2024T03:43:19 - [TEST_STEP][PASSED] - scrollToElement(findTestObject("Выручка в рублях/Октябрь 2024" + nameOfBlock), 30): Scroll to object 'Object Repository/Выручка в рублях/Октябрь 2024' successfully

02-12-2024T03:43:19 - [MESSAGE][PASSED] - Scroll to object 'Object Repository/Выручка в рублях/Октябрь 2024' successfully

02-12-2024T03:43:19 - [TEST_STEP][PASSED] - click(findTestObject("Выручка в рублях/Октябрь 2024" + nameOfBlock)): Object: 'Object Repository/Выручка в рублях/Октябрь 2024' is clicked on

02-12-2024T03:43:20 - [MESSAGE][PASSED] - Object: 'Object Repository/Выручка в рублях/Октябрь 2024' is clicked on

02-12-2024T03:43:20 - [TEST_STEP][PASSED] - scrollToElement(findTestObject("Выручка в рублях/Заголовок дашборда" + nameOfBlock), 30): Scroll to object 'Object Repository/Выручка в рублях/Заголовок дашборда' successfully

02-12-2024T03:43:20 - [MESSAGE][PASSED] - Scroll to object 'Object Repository/Выручка в рублях/Заголовок дашборда' successfully

02-12-2024T03:43:20 - [TEST_STEP][PASSED] - click(findTestObject("Выручка в рублях/Применить в фильтре Дата" + nameOfBlock)): Object: 'Object Repository/Выручка в рублях/Применить в фильтре Дата' is clicked on

02-12-2024T03:43:21 - [MESSAGE][PASSED] - Object: 'Object Repository/Выручка в рублях/Применить в фильтре Дата' is clicked on

02-12-2024T03:43:21 - [TEST_STEP][PASSED] - delay(55): Delayed 55 second(s)

02-12-2024T03:44:16 - [MESSAGE][PASSED] - Delayed 55 second(s)

02-12-2024T03:44:16 - [TEST_STEP][PASSED] - click(findTestObject("Выручка в рублях/Фильтр ДЗО" + nameOfBlock)): Object: 'Object Repository/Выручка в рублях/Фильтр ДЗО' is clicked on

02-12-2024T03:44:16 - [MESSAGE][PASSED] - Object: 'Object Repository/Выручка в рублях/Фильтр ДЗО' is clicked on

02-12-2024T03:44:16 - [TEST_STEP][PASSED] - click(findTestObject("Выручка в рублях/Снять выделение в фильтре ДЗО" + nameOfBlock)): Object: 'Object Repository/Выручка в рублях/Снять выделение в фильтре ДЗО' is clicked on

02-12-2024T03:44:17 - [MESSAGE][PASSED] - Object: 'Object Repository/Выручка в рублях/Снять выделение в фильтре ДЗО' is clicked on

02-12-2024T03:44:17 - [TEST_STEP][PASSED] - click(findTestObject("Выручка в рублях/Применить в фильтре ДЗО" + nameOfBlock)): Object: 'Object Repository/Выручка в рублях/Применить в фильтре ДЗО' is clicked on

02-12-2024T03:44:17 - [MESSAGE][PASSED] - Object: 'Object Repository/Выручка в рублях/Применить в фильтре ДЗО' is clicked on

02-12-2024T03:44:17 - [TEST_STEP][PASSED] - delay(50): Delayed 50 second(s)

02-12-2024T03:45:07 - [MESSAGE][PASSED] - Delayed 50 second(s)

02-12-2024T03:45:07 - [TEST_STEP][PASSED] - Script1710234207206.Tumbler(run, vir, block, nameOfBlock): null

02-12-2024T03:45:07 - [TEST_STEP][PASSED] - println("run:" + run): null

02-12-2024T03:45:07 - [TEST_STEP][PASSED] - println("vir:" + vir): null

02-12-2024T03:45:07 - [TEST_STEP][PASSED] - println("block:" + block): null

02-12-2024T03:45:07 - [TEST_STEP][PASSED] - println("nameOfBlock:" + nameOfBlock): null

02-12-2024T03:45:07 - [TEST_STEP][PASSED] - if (vir == 1): null

02-12-2024T03:45:07 - [TEST_STEP][PASSED] - else if (vir == 2): Object: 'Object Repository/Выручка в рублях/Применить в фильтре Выручка' is clicked on

02-12-2024T03:45:07 - [TEST_STEP][PASSED] - if (run == 2): Object: 'Object Repository/Выручка в рублях/Переключить отображение с млн на проценты Выручка в рублях' is clicked on

02-12-2024T03:45:07 - [TEST_STEP][PASSED] - click(findTestObject("Выручка в рублях/Переключить отображение с млн на проценты Выручка в рублях" + nameOfBlock)): Object: 'Object Repository/Выручка в рублях/Переключить отображение с млн на проценты Выручка в рублях' is clicked on

02-12-2024T03:45:08 - [MESSAGE][PASSED] - Object: 'Object Repository/Выручка в рублях/Переключить отображение с млн на проценты Выручка в рублях' is clicked on

02-12-2024T03:45:08 - [TEST_STEP][PASSED] - click(findTestObject("Выручка в рублях/Фильтр Выручка" + nameOfBlock)): Object: 'Object Repository/Выручка в рублях/Фильтр Выручка' is clicked on

02-12-2024T03:45:08 - [MESSAGE][PASSED] - Object: 'Object Repository/Выручка в рублях/Фильтр Выручка' is clicked on

02-12-2024T03:45:08 - [TEST_STEP][PASSED] - click(findTestObject("Выручка в рублях/Итого в фильтре Выручка" + nameOfBlock)): Object: 'Object Repository/Выручка в рублях/Итого в фильтре Выручка' is clicked on

02-12-2024T03:45:09 - [MESSAGE][PASSED] - Object: 'Object Repository/Выручка в рублях/Итого в фильтре Выручка' is clicked on

02-12-2024T03:45:09 - [TEST_STEP][PASSED] - click(findTestObject("Выручка в рублях/Применить в фильтре Выручка" + nameOfBlock)): Object: 'Object Repository/Выручка в рублях/Применить в фильтре Выручка' is clicked on

02-12-2024T03:45:09 - [MESSAGE][PASSED] - Object: 'Object Repository/Выручка в рублях/Применить в фильтре Выручка' is clicked on

02-12-2024T03:45:09 - [TEST_STEP][PASSED] - click(findTestObject("Выручка в рублях/Фильтр ДЗО" + nameOfBlock)): Object: 'Object Repository/Выручка в рублях/Фильтр ДЗО' is clicked on

02-12-2024T03:45:12 - [MESSAGE][PASSED] - Object: 'Object Repository/Выручка в рублях/Фильтр ДЗО' is clicked on

02-12-2024T03:45:12 - [TEST_STEP][PASSED] - Script1710234207206.Rosseti(nameOfBlock): null

02-12-2024T03:45:12 - [TEST_STEP][PASSED] - println("nameOfBlock:" + nameOfBlock): null

02-12-2024T03:45:12 - [TEST_STEP][PASSED] - click(findTestObject("Выручка в рублях/ПАО Россети" + nameOfBlock)): Object: 'Object Repository/Выручка в рублях/ПАО Россети' is clicked on

02-12-2024T03:45:12 - [MESSAGE][PASSED] - Object: 'Object Repository/Выручка в рублях/ПАО Россети' is clicked on

02-12-2024T03:45:12 - [TEST_STEP][PASSED] - click(findTestObject("Выручка в рублях/Применить в фильтре ДЗО" + nameOfBlock)): Object: 'Object Repository/Выручка в рублях/Применить в фильтре ДЗО' is clicked on

02-12-2024T03:45:13 - [MESSAGE][PASSED] - Object: 'Object Repository/Выручка в рублях/Применить в фильтре ДЗО' is clicked on

02-12-2024T03:45:13 - [TEST_STEP][PASSED] - if (run == 2): null

02-12-2024T03:45:13 - [TEST_STEP][PASSED] - perc = " Perc": null

02-12-2024T03:45:13 - [TEST_STEP][PASSED] - if (vir == 1 || vir == 2): Text of object 'Object Repository/Выручка в рублях/График План' is: '1 160 716'

02-12-2024T03:45:13 - [TEST_STEP][PASSED] - a1 = getText(findTestObject("Выручка в рублях/График План")): Text of object 'Object Repository/Выручка в рублях/График План' is: '1 160 716'

02-12-2024T03:45:15 - [MESSAGE][PASSED] - Text of object 'Object Repository/Выручка в рублях/График План' is: '1 160 716'

02-12-2024T03:45:15 - [TEST_STEP][PASSED] - if (vir == 1 || vir == 2): Text of object 'Object Repository/Выручка в рублях/График Факт' is: '1 160 805'

02-12-2024T03:45:15 - [TEST_STEP][PASSED] - a2 = getText(findTestObject("Выручка в рублях/График Факт")): Text of object 'Object Repository/Выручка в рублях/График Факт' is: '1 160 805'

02-12-2024T03:45:16 - [MESSAGE][PASSED] - Text of object 'Object Repository/Выручка в рублях/График Факт' is: '1 160 805'

02-12-2024T03:45:16 - [TEST_STEP][PASSED] - a30 = getText(findTestObject("Выручка в рублях/span1" + perc)): Text of object 'Object Repository/Выручка в рублях/span1 Perc' is: '-25.07 %'

02-12-2024T03:45:16 - [MESSAGE][PASSED] - Text of object 'Object Repository/Выручка в рублях/span1 Perc' is: '-25.07 %'

02-12-2024T03:45:16 - [TEST_STEP][PASSED] - i = a30.indexOf("млн.руб."): null

02-12-2024T03:45:16 - [TEST_STEP][PASSED] - if (i > -1): null

02-12-2024T03:45:16 - [TEST_STEP][PASSED] - if (a30.contains("%")): null

02-12-2024T03:45:16 - [TEST_STEP][PASSED] - a30 = a30.replaceAll("%", ""): null

02-12-2024T03:45:16 - [TEST_STEP][PASSED] - a30 = ").trim(): null

02-12-2024T03:45:16 - [TEST_STEP][PASSED] - println("a30: " + a30): null

02-12-2024T03:45:16 - [TEST_STEP][PASSED] - if (vir == 1 || vir == 2): Text of object 'Object Repository/Выручка в рублях/span2 Perc' is: '310.93 %'

02-12-2024T03:45:16 - [TEST_STEP][PASSED] - a31 = ").trim(): Text of object 'Object Repository/Выручка в рублях/span2 Perc' is: '310.93 %'

02-12-2024T03:45:16 - [MESSAGE][PASSED] - Text of object 'Object Repository/Выручка в рублях/span2 Perc' is: '310.93 %'

02-12-2024T03:45:16 - [TEST_STEP][PASSED] - if (vir == 1 || vir == 2): Text of object 'Object Repository/Выручка в рублях/span3 Perc' is: '-72.82 %'

02-12-2024T03:45:16 - [TEST_STEP][PASSED] - a32 = ").trim(): Text of object 'Object Repository/Выручка в рублях/span3 Perc' is: '-72.82 %'

02-12-2024T03:45:16 - [MESSAGE][PASSED] - Text of object 'Object Repository/Выручка в рублях/span3 Perc' is: '-72.82 %'

02-12-2024T03:45:16 - [TEST_STEP][PASSED] - if (vir == 1 || vir == 2): Text of object 'Object Repository/Выручка в рублях/span8 Perc' is: '-49.02 %'

02-12-2024T03:45:16 - [TEST_STEP][PASSED] - a33 = ").trim(): Text of object 'Object Repository/Выручка в рублях/span4 Perc' is: '-49.88 %'

02-12-2024T03:45:17 - [MESSAGE][PASSED] - Text of object 'Object Repository/Выручка в рублях/span4 Perc' is: '-49.88 %'

02-12-2024T03:45:17 - [TEST_STEP][PASSED] - a34 = ").trim(): Text of object 'Object Repository/Выручка в рублях/span5 Perc' is: '-46.84 %'

02-12-2024T03:45:17 - [MESSAGE][PASSED] - Text of object 'Object Repository/Выручка в рублях/span5 Perc' is: '-46.84 %'

02-12-2024T03:45:17 - [TEST_STEP][PASSED] - a35 = ").trim(): Text of object 'Object Repository/Выручка в рублях/span6 Perc' is: '-47.31 %'

02-12-2024T03:45:17 - [MESSAGE][PASSED] - Text of object 'Object Repository/Выручка в рублях/span6 Perc' is: '-47.31 %'

02-12-2024T03:45:17 - [TEST_STEP][PASSED] - a36 = ").trim(): Text of object 'Object Repository/Выручка в рублях/span7 Perc' is: '4.39 %'

02-12-2024T03:45:18 - [MESSAGE][PASSED] - Text of object 'Object Repository/Выручка в рублях/span7 Perc' is: '4.39 %'

02-12-2024T03:45:18 - [TEST_STEP][PASSED] - a37 = ").trim(): Text of object 'Object Repository/Выручка в рублях/span8 Perc' is: '-49.02 %'

02-12-2024T03:45:18 - [MESSAGE][PASSED] - Text of object 'Object Repository/Выручка в рублях/span8 Perc' is: '-49.02 %'

02-12-2024T03:45:18 - [TEST_STEP][PASSED] - if (vir == 1 || vir == 2): Text of object 'Object Repository/Выручка в рублях/span17 Perc' is: '-48.44 %'

02-12-2024T03:45:18 - [TEST_STEP][PASSED] - a38 = ").trim(): Text of object 'Object Repository/Выручка в рублях/span9 Perc' is: '2.01 %'

02-12-2024T03:45:18 - [MESSAGE][PASSED] - Text of object 'Object Repository/Выручка в рублях/span9 Perc' is: '2.01 %'

02-12-2024T03:45:18 - [TEST_STEP][PASSED] - a39 = ").trim(): Text of object 'Object Repository/Выручка в рублях/span10 Perc' is: '2.23 %'

02-12-2024T03:45:18 - [MESSAGE][PASSED] - Text of object 'Object Repository/Выручка в рублях/span10 Perc' is: '2.23 %'

02-12-2024T03:45:18 - [TEST_STEP][PASSED] - a310 = ").trim(): Text of object 'Object Repository/Выручка в рублях/span11 Perc' is: '-48.47 %'

02-12-2024T03:45:19 - [MESSAGE][PASSED] - Text of object 'Object Repository/Выручка в рублях/span11 Perc' is: '-48.47 %'

02-12-2024T03:45:19 - [TEST_STEP][PASSED] - a311 = ").trim(): Text of object 'Object Repository/Выручка в рублях/span12 Perc' is: '-53.69 %'

02-12-2024T03:45:19 - [MESSAGE][PASSED] - Text of object 'Object Repository/Выручка в рублях/span12 Perc' is: '-53.69 %'

02-12-2024T03:45:19 - [TEST_STEP][PASSED] - a312 = ").trim(): Text of object 'Object Repository/Выручка в рублях/span13 Perc' is: '2.27 %'

02-12-2024T03:45:19 - [MESSAGE][PASSED] - Text of object 'Object Repository/Выручка в рублях/span13 Perc' is: '2.27 %'

02-12-2024T03:45:19 - [TEST_STEP][PASSED] - a313 = ").trim(): Text of object 'Object Repository/Выручка в рублях/span14 Perc' is: '-9.49 %'

02-12-2024T03:45:20 - [MESSAGE][PASSED] - Text of object 'Object Repository/Выручка в рублях/span14 Perc' is: '-9.49 %'

02-12-2024T03:45:20 - [TEST_STEP][PASSED] - a314 = ").trim(): Text of object 'Object Repository/Выручка в рублях/span15 Perc' is: '-31.28 %'

02-12-2024T03:45:20 - [MESSAGE][PASSED] - Text of object 'Object Repository/Выручка в рублях/span15 Perc' is: '-31.28 %'

02-12-2024T03:45:20 - [TEST_STEP][PASSED] - a315 = ").trim(): Text of object 'Object Repository/Выручка в рублях/span16 Perc' is: '4.33 %'

02-12-2024T03:45:20 - [MESSAGE][PASSED] - Text of object 'Object Repository/Выручка в рублях/span16 Perc' is: '4.33 %'

02-12-2024T03:45:20 - [TEST_STEP][PASSED] - a316 = ").trim(): Text of object 'Object Repository/Выручка в рублях/span17 Perc' is: '-48.44 %'

02-12-2024T03:45:21 - [MESSAGE][PASSED] - Text of object 'Object Repository/Выручка в рублях/span17 Perc' is: '-48.44 %'

02-12-2024T03:45:21 - [TEST_STEP][PASSED] - if (vir == 1 || vir == 2): Text of object 'Object Repository/Выручка в рублях/span18 Perc' is: '4.04 %'

02-12-2024T03:45:21 - [TEST_STEP][PASSED] - a317 = ").trim(): Text of object 'Object Repository/Выручка в рублях/span18 Perc' is: '4.04 %'

02-12-2024T03:45:21 - [MESSAGE][PASSED] - Text of object 'Object Repository/Выручка в рублях/span18 Perc' is: '4.04 %'

02-12-2024T03:45:21 - [TEST_STEP][PASSED] - block = 2: null

02-12-2024T03:45:21 - [TEST_STEP][PASSED] - nameOfBlock = " Выручка": null

02-12-2024T03:45:21 - [TEST_STEP][PASSED] - Script1710234207206.PreSettings(run, vir, block, nameOfBlock, typeOfData, todaysDate): null

02-12-2024T03:45:21 - [TEST_STEP][PASSED] - openBrowser(""): Browser is opened with url: ''

02-12-2024T03:45:21 - [MESSAGE][WARNING] - A browser is already opened. Closing browser and opening a new one

02-12-2024T03:45:21 - [MESSAGE][INFO] - Starting 'Chrome' driver

02-12-2024T03:45:21 - [MESSAGE][INFO] - Action delay is set to 0 milliseconds

02-12-2024T03:45:22 - [MESSAGE][PASSED] - Browser is opened with url: ''

02-12-2024T03:45:22 - [TEST_STEP][PASSED] - refresh(): Refresh successfully

02-12-2024T03:45:22 - [MESSAGE][PASSED] - Refresh successfully

02-12-2024T03:45:22 - [TEST_STEP][PASSED] - delay(50): Delayed 50 second(s)

02-12-2024T03:46:12 - [MESSAGE][PASSED] - Delayed 50 second(s)

02-12-2024T03:46:12 - [TEST_STEP][PASSED] - println("run:" + run): null

02-12-2024T03:46:12 - [TEST_STEP][PASSED] - println("vir:" + vir): null

02-12-2024T03:46:12 - [TEST_STEP][PASSED] - println("block:" + block): null

02-12-2024T03:46:12 - [TEST_STEP][PASSED] - if (block == 1): null

02-12-2024T03:46:12 - [TEST_STEP][PASSED] - else: null

02-12-2024T03:46:12 - [TEST_STEP][PASSED] - nameOfBlock = " Выручка": null

02-12-2024T03:46:12 - [TEST_STEP][PASSED] - println("nameOfBlock:" + nameOfBlock): null

02-12-2024T03:46:12 - [TEST_STEP][PASSED] - println("typeOfData:" + typeOfData): null

02-12-2024T03:46:12 - [TEST_STEP][PASSED] - println("todaysDate:" + todaysDate): null

02-12-2024T03:46:12 - [TEST_STEP][PASSED] - Script1710234207206.Autorization(block, nameOfBlock): null

02-12-2024T03:46:12 - [TEST_STEP][PASSED] - i = <not implemented yet for class: org.codehaus.groovy.ast.expr.EmptyExpression>: null

02-12-2024T03:46:12 - [TEST_STEP][PASSED] - ii = <not implemented yet for class: org.codehaus.groovy.ast.expr.EmptyExpression>: null

02-12-2024T03:46:12 - [TEST_STEP][PASSED] - urlData = <not implemented yet for class: org.codehaus.groovy.ast.expr.EmptyExpression>: null

02-12-2024T03:46:12 - [TEST_STEP][PASSED] - searchWord = <not implemented yet for class: org.codehaus.groovy.ast.expr.EmptyExpression>: null

02-12-2024T03:46:12 - [TEST_STEP][PASSED] - urlText = <not implemented yet for class: org.codehaus.groovy.ast.expr.EmptyExpression>: null

02-12-2024T03:46:12 - [TEST_STEP][PASSED] - println("block:" + block): null

02-12-2024T03:46:12 - [TEST_STEP][PASSED] - if (block == 1): null

02-12-2024T03:46:12 - [TEST_STEP][PASSED] - else: null

02-12-2024T03:46:12 - [TEST_STEP][PASSED] - delay(45): Delayed 45 second(s)

02-12-2024T03:46:57 - [MESSAGE][PASSED] - Delayed 45 second(s)

02-12-2024T03:46:57 - [TEST_STEP][PASSED] - nameOfBlock = " Выручка": null

02-12-2024T03:46:57 - [TEST_STEP][PASSED] - println("nameOfBlock:" + nameOfBlock): null

02-12-2024T03:46:57 - [TEST_STEP][PASSED] - if (block == 1): null

02-12-2024T03:46:57 - [TEST_STEP][PASSED] - else: Delayed 45 second(s)

02-12-2024T03:46:57 - [TEST_STEP][PASSED] - urlData = 9: null

02-12-2024T03:46:57 - [TEST_STEP][PASSED] - delay(45): Delayed 45 second(s)

02-12-2024T03:47:42 - [MESSAGE][PASSED] - Delayed 45 second(s)

02-12-2024T03:47:42 - [TEST_STEP][PASSED] - navigateToUrl(findTestData("PlanFact").getValue(10, urlData)): Navigate to 'https://bi.rosseti.digital/viewer?dashboardGuid=a1fd28b3785d443cbc4d7690a1d78e31&sheetGuid=86092a20c5984827a0c87b24cac76a50&fit=true' successfully

02-12-2024T03:47:49 - [MESSAGE][PASSED] - Navigate to 'https://bi.rosseti.digital/viewer?dashboardGuid=a1fd28b3785d443cbc4d7690a1d78e31&sheetGuid=86092a20c5984827a0c87b24cac76a50&fit=true' successfully

02-12-2024T03:47:49 - [TEST_STEP][PASSED] - urlText = getText(findTestObject("Страница авторизации/Text")): Text of object 'Object Repository/Страница авторизации/Text' is: 'Вход'

02-12-2024T03:47:52 - [MESSAGE][PASSED] - Text of object 'Object Repository/Страница авторизации/Text' is: 'Вход'

02-12-2024T03:47:52 - [TEST_STEP][PASSED] - searchWord = "Вход": null

02-12-2024T03:47:52 - [TEST_STEP][PASSED] - if (urlText == null || urlText.contains("ошибка") || urlText.contains(searchWord) == false): null

02-12-2024T03:47:52 - [TEST_STEP][PASSED] - if (verifyElementPresent(findTestObject("Страница авторизации/button_"), 30) == true): null

02-12-2024T03:47:52 - [MESSAGE][PASSED] - Object 'Object Repository/Страница авторизации/button_' is present

02-12-2024T03:47:52 - [TEST_STEP][PASSED] - setText(findTestObject("Страница авторизации/input__username"), findTestData("PlanFact").getValue(8, 1)): Text 'liazgina-di' is set on object 'Object Repository/Страница авторизации/input__username'

02-12-2024T03:47:53 - [MESSAGE][PASSED] - Text 'liazgina-di' is set on object 'Object Repository/Страница авторизации/input__username'

02-12-2024T03:47:53 - [TEST_STEP][PASSED] - setText(findTestObject("Страница авторизации/input__password"), findTestData("PlanFact").getValue(9, 1)): Text ')$%5srZ8o688Dm#q' is set on object 'Object Repository/Страница авторизации/input__password'

02-12-2024T03:47:54 - [MESSAGE][PASSED] - Text ')$%5srZ8o688Dm#q' is set on object 'Object Repository/Страница авторизации/input__password'

02-12-2024T03:47:54 - [TEST_STEP][PASSED] - click(findTestObject("Страница авторизации/button_")): Object: 'Object Repository/Страница авторизации/button_' is clicked on

02-12-2024T03:47:56 - [MESSAGE][PASSED] - Object: 'Object Repository/Страница авторизации/button_' is clicked on

02-12-2024T03:47:56 - [TEST_STEP][PASSED] - delay(45): Delayed 45 second(s)

02-12-2024T03:48:41 - [MESSAGE][PASSED] - Delayed 45 second(s)

02-12-2024T03:48:41 - [TEST_STEP][PASSED] - urlText = getText(findTestObject("Страница авторизации/Text")): Text of object 'Object Repository/Страница авторизации/Text' is: 'Период
Январь, Февраль, Март, Апрель, Май, Июнь, Июль, Август, Сентябрь, Октябрь 2024 года
Выручка
Все
Выполнение плановых показателей по ПАО Россети за Январь, Февраль, Март, Апрель, Май, Июнь, Июль, Август, Сентябрь, Октябрь 2024 года
План
Факт
Динамика
2024 год
0 млн.руб.
100 000 млн.руб.
200 000 млн.руб.
300 000 млн.руб.
400 000 млн.руб.
500 000 млн.руб.
600 000 млн.руб.
700 000 млн.руб.
800 000 млн.руб.
900 000 млн.руб.
1 000 000 млн.руб.
1 100 000 млн.руб.
1 200 000 млн.руб.
1 300 000 млн.руб.
1 400 000 млн.руб.
1 180 677
1 181 459
↑
ДЗО 
Все
Подписи данных
⬤Отклонение
АО «Тываэнерго»
АО «Чеченэнерго»
Россети Волга
Россети Кубань
Россети Ленэнерго (ГК)
Россети Московский регион
Россети Северный Кавказ (ГК)
Россети Северо-Запад
Россети Сибирь (ГК)
Россети Томск
Россети Тюмень
Россети Урал (ГК)
Россети ФСК ЕЭС
Россети Центр
Россети Центр и Приволжье (ГК)
Россети Юг (ГК)
Россети Янтарь
-27 500 млн.руб.
-25 000 млн.руб.
-22 500 млн.руб.
-20 000 млн.руб.
-17 500 млн.руб.
-15 000 млн.руб.
-12 500 млн.руб.
-10 000 млн.руб.
-7 500 млн.руб.
-5 000 млн.руб.
-2 500 млн.руб.
0 млн.руб.
2 500 млн.руб.
5 000 млн.руб.
7 500 млн.руб.
10 000 млн.руб.
300
101
156
3 953
4 462
7 500
888
878
1 274
238
-5 106
1 955
-24 344
2 435
4 419
1 357
318
млн.
%
Выручка
Отклонение выручки по ПАО Россети за Январь, Февраль, Март, Апрель, Май, Июнь, Июль, Август, Сентябрь, Октябрь 2024 года (факт/план, млн. руб)
ПАО Россети
782.4 млн.руб.
Статус данных
×
Просьба обратить внимание
Данные занесены не полностью
ВЫБРАННЫЕ ЗНАЧЕНИЯ ФИЛЬТРОВ
ДЗО | ПЕРИОД
ПАО Россети: [«Выбраны все филиалы по всем ДЗО по всем категориям»]
2024: [Янв, Фев, Мар, Апр, Май, Июн, Июл, Авг, Сен, Окт]
*Внутренний оборот'

02-12-2024T03:48:42 - [MESSAGE][PASSED] - Text of object 'Object Repository/Страница авторизации/Text' is: 'Период
Январь, Февраль, Март, Апрель, Май, Июнь, Июль, Август, Сентябрь, Октябрь 2024 года
Выручка
Все
Выполнение плановых показателей по ПАО Россети за Январь, Февраль, Март, Апрель, Май, Июнь, Июль, Август, Сентябрь, Октябрь 2024 года
План
Факт
Динамика
2024 год
0 млн.руб.
100 000 млн.руб.
200 000 млн.руб.
300 000 млн.руб.
400 000 млн.руб.
500 000 млн.руб.
600 000 млн.руб.
700 000 млн.руб.
800 000 млн.руб.
900 000 млн.руб.
1 000 000 млн.руб.
1 100 000 млн.руб.
1 200 000 млн.руб.
1 300 000 млн.руб.
1 400 000 млн.руб.
1 180 677
1 181 459
↑
ДЗО 
Все
Подписи данных
⬤Отклонение
АО «Тываэнерго»
АО «Чеченэнерго»
Россети Волга
Россети Кубань
Россети Ленэнерго (ГК)
Россети Московский регион
Россети Северный Кавказ (ГК)
Россети Северо-Запад
Россети Сибирь (ГК)
Россети Томск
Россети Тюмень
Россети Урал (ГК)
Россети ФСК ЕЭС
Россети Центр
Россети Центр и Приволжье (ГК)
Россети Юг (ГК)
Россети Янтарь
-27 500 млн.руб.
-25 000 млн.руб.
-22 500 млн.руб.
-20 000 млн.руб.
-17 500 млн.руб.
-15 000 млн.руб.
-12 500 млн.руб.
-10 000 млн.руб.
-7 500 млн.руб.
-5 000 млн.руб.
-2 500 млн.руб.
0 млн.руб.
2 500 млн.руб.
5 000 млн.руб.
7 500 млн.руб.
10 000 млн.руб.
300
101
156
3 953
4 462
7 500
888
878
1 274
238
-5 106
1 955
-24 344
2 435
4 419
1 357
318
млн.
%
Выручка
Отклонение выручки по ПАО Россети за Январь, Февраль, Март, Апрель, Май, Июнь, Июль, Август, Сентябрь, Октябрь 2024 года (факт/план, млн. руб)
ПАО Россети
782.4 млн.руб.
Статус данных
×
Просьба обратить внимание
Данные занесены не полностью
ВЫБРАННЫЕ ЗНАЧЕНИЯ ФИЛЬТРОВ
ДЗО | ПЕРИОД
ПАО Россети: [«Выбраны все филиалы по всем ДЗО по всем категориям»]
2024: [Янв, Фев, Мар, Апр, Май, Июн, Июл, Авг, Сен, Окт]
*Внутренний оборот'

02-12-2024T03:48:42 - [TEST_STEP][PASSED] - searchWord = "а": null

02-12-2024T03:48:42 - [TEST_STEP][PASSED] - if (urlText.contains("ошибка") || urlText.contains(searchWord) == false): null

02-12-2024T03:48:42 - [TEST_STEP][PASSED] - delay(45): Delayed 45 second(s)

02-12-2024T03:49:27 - [MESSAGE][PASSED] - Delayed 45 second(s)

02-12-2024T03:49:27 - [TEST_STEP][PASSED] - if (block == 2): Delayed 50 second(s)

02-12-2024T03:49:27 - [TEST_STEP][PASSED] - opoveshenie = getText(findTestObject("Выручка в рублях/Просьба обратить внимание")): Text of object 'Object Repository/Выручка в рублях/Просьба обратить внимание' is: 'Просьба обратить внимание'

02-12-2024T03:49:27 - [MESSAGE][PASSED] - Text of object 'Object Repository/Выручка в рублях/Просьба обратить внимание' is: 'Просьба обратить внимание'

02-12-2024T03:49:27 - [TEST_STEP][PASSED] - if (opoveshenie == "Просьба обратить внимание"): Delayed 50 second(s)

02-12-2024T03:49:27 - [TEST_STEP][PASSED] - click(findTestObject("Выручка в рублях/Закрыть оповещение")): Object: 'Object Repository/Выручка в рублях/Закрыть оповещение' is clicked on

02-12-2024T03:49:28 - [MESSAGE][PASSED] - Object: 'Object Repository/Выручка в рублях/Закрыть оповещение' is clicked on

02-12-2024T03:49:28 - [TEST_STEP][PASSED] - delay(50): Delayed 50 second(s)

02-12-2024T03:50:18 - [MESSAGE][PASSED] - Delayed 50 second(s)

02-12-2024T03:50:18 - [TEST_STEP][PASSED] - click(findTestObject("Выручка в рублях/Фильтр Период" + nameOfBlock)): Object: 'Object Repository/Выручка в рублях/Фильтр Период Выручка' is clicked on

02-12-2024T03:50:18 - [MESSAGE][PASSED] - Object: 'Object Repository/Выручка в рублях/Фильтр Период Выручка' is clicked on

02-12-2024T03:50:18 - [TEST_STEP][PASSED] - click(findTestObject("Выручка в рублях/Снять выделение в фильтре Дата" + nameOfBlock)): Object: 'Object Repository/Выручка в рублях/Снять выделение в фильтре Дата Выручка' is clicked on

02-12-2024T03:50:19 - [MESSAGE][PASSED] - Object: 'Object Repository/Выручка в рублях/Снять выделение в фильтре Дата Выручка' is clicked on

02-12-2024T03:50:19 - [TEST_STEP][PASSED] - click(findTestObject("Выручка в рублях/Применить в фильтре Дата" + nameOfBlock)): Object: 'Object Repository/Выручка в рублях/Применить в фильтре Дата Выручка' is clicked on

02-12-2024T03:50:19 - [MESSAGE][PASSED] - Object: 'Object Repository/Выручка в рублях/Применить в фильтре Дата Выручка' is clicked on

02-12-2024T03:50:19 - [TEST_STEP][PASSED] - delay(50): Delayed 50 second(s)

02-12-2024T03:51:09 - [MESSAGE][PASSED] - Delayed 50 second(s)

02-12-2024T03:51:09 - [TEST_STEP][PASSED] - click(findTestObject("Выручка в рублях/Фильтр Период" + nameOfBlock)): Object: 'Object Repository/Выручка в рублях/Фильтр Период Выручка' is clicked on

02-12-2024T03:51:10 - [MESSAGE][PASSED] - Object: 'Object Repository/Выручка в рублях/Фильтр Период Выручка' is clicked on

02-12-2024T03:51:10 - [TEST_STEP][PASSED] - click(findTestObject("Выручка в рублях/Снять выделение в фильтре Дата" + nameOfBlock)): Object: 'Object Repository/Выручка в рублях/Снять выделение в фильтре Дата Выручка' is clicked on

02-12-2024T03:51:10 - [MESSAGE][PASSED] - Object: 'Object Repository/Выручка в рублях/Снять выделение в фильтре Дата Выручка' is clicked on

02-12-2024T03:51:10 - [TEST_STEP][PASSED] - scrollToElement(findTestObject("Выручка в рублях/2024 список" + nameOfBlock), 30): Scroll to object 'Object Repository/Выручка в рублях/2024 список Выручка' successfully

02-12-2024T03:51:11 - [MESSAGE][PASSED] - Scroll to object 'Object Repository/Выручка в рублях/2024 список Выручка' successfully

02-12-2024T03:51:11 - [TEST_STEP][PASSED] - click(findTestObject("Выручка в рублях/2024 список" + nameOfBlock)): Object: 'Object Repository/Выручка в рублях/2024 список Выручка' is clicked on

02-12-2024T03:51:11 - [MESSAGE][PASSED] - Object: 'Object Repository/Выручка в рублях/2024 список Выручка' is clicked on

02-12-2024T03:51:11 - [TEST_STEP][PASSED] - scrollToElement(findTestObject("Выручка в рублях/1 квартал 2024 выбрать" + nameOfBlock), 30): Scroll to object 'Object Repository/Выручка в рублях/1 квартал 2024 выбрать Выручка' successfully

02-12-2024T03:51:11 - [MESSAGE][PASSED] - Scroll to object 'Object Repository/Выручка в рублях/1 квартал 2024 выбрать Выручка' successfully

02-12-2024T03:51:11 - [TEST_STEP][PASSED] - click(findTestObject("Выручка в рублях/1 квартал 2024 выбрать" + nameOfBlock)): Object: 'Object Repository/Выручка в рублях/1 квартал 2024 выбрать Выручка' is clicked on

02-12-2024T03:51:12 - [MESSAGE][PASSED] - Object: 'Object Repository/Выручка в рублях/1 квартал 2024 выбрать Выручка' is clicked on

02-12-2024T03:51:12 - [TEST_STEP][PASSED] - scrollToElement(findTestObject("Выручка в рублях/2 квартал 2024 выбрать" + nameOfBlock), 30): Scroll to object 'Object Repository/Выручка в рублях/2 квартал 2024 выбрать Выручка' successfully

02-12-2024T03:51:12 - [MESSAGE][PASSED] - Scroll to object 'Object Repository/Выручка в рублях/2 квартал 2024 выбрать Выручка' successfully

02-12-2024T03:51:12 - [TEST_STEP][PASSED] - click(findTestObject("Выручка в рублях/2 квартал 2024 выбрать" + nameOfBlock)): Object: 'Object Repository/Выручка в рублях/2 квартал 2024 выбрать Выручка' is clicked on

02-12-2024T03:51:13 - [MESSAGE][PASSED] - Object: 'Object Repository/Выручка в рублях/2 квартал 2024 выбрать Выручка' is clicked on

02-12-2024T03:51:13 - [TEST_STEP][PASSED] - scrollToElement(findTestObject("Выручка в рублях/3 квартал 2024 список" + nameOfBlock), 30): Scroll to object 'Object Repository/Выручка в рублях/3 квартал 2024 список Выручка' successfully

02-12-2024T03:51:13 - [MESSAGE][PASSED] - Scroll to object 'Object Repository/Выручка в рублях/3 квартал 2024 список Выручка' successfully

02-12-2024T03:51:13 - [TEST_STEP][PASSED] - click(findTestObject("Выручка в рублях/3 квартал 2024" + nameOfBlock)): Object: 'Object Repository/Выручка в рублях/3 квартал 2024 Выручка' is clicked on

02-12-2024T03:51:13 - [MESSAGE][PASSED] - Object: 'Object Repository/Выручка в рублях/3 квартал 2024 Выручка' is clicked on

02-12-2024T03:51:13 - [TEST_STEP][PASSED] - scrollToElement(findTestObject("Выручка в рублях/4 квартал 2024 список" + nameOfBlock), 30): Scroll to object 'Object Repository/Выручка в рублях/4 квартал 2024 список Выручка' successfully

02-12-2024T03:51:14 - [MESSAGE][PASSED] - Scroll to object 'Object Repository/Выручка в рублях/4 квартал 2024 список Выручка' successfully

02-12-2024T03:51:14 - [TEST_STEP][PASSED] - click(findTestObject("Выручка в рублях/4 квартал 2024 список" + nameOfBlock)): Object: 'Object Repository/Выручка в рублях/4 квартал 2024 список Выручка' is clicked on

02-12-2024T03:51:14 - [MESSAGE][PASSED] - Object: 'Object Repository/Выручка в рублях/4 квартал 2024 список Выручка' is clicked on

02-12-2024T03:51:14 - [TEST_STEP][PASSED] - scrollToElement(findTestObject("Выручка в рублях/Октябрь 2024" + nameOfBlock), 30): Scroll to object 'Object Repository/Выручка в рублях/Октябрь 2024 Выручка' successfully

02-12-2024T03:51:14 - [MESSAGE][PASSED] - Scroll to object 'Object Repository/Выручка в рублях/Октябрь 2024 Выручка' successfully

02-12-2024T03:51:14 - [TEST_STEP][PASSED] - click(findTestObject("Выручка в рублях/Октябрь 2024" + nameOfBlock)): Object: 'Object Repository/Выручка в рублях/Октябрь 2024 Выручка' is clicked on

02-12-2024T03:51:15 - [MESSAGE][PASSED] - Object: 'Object Repository/Выручка в рублях/Октябрь 2024 Выручка' is clicked on

02-12-2024T03:51:15 - [TEST_STEP][PASSED] - scrollToElement(findTestObject("Выручка в рублях/Заголовок дашборда" + nameOfBlock), 30): Scroll to object 'Object Repository/Выручка в рублях/Заголовок дашборда Выручка' successfully

02-12-2024T03:51:15 - [MESSAGE][PASSED] - Scroll to object 'Object Repository/Выручка в рублях/Заголовок дашборда Выручка' successfully

02-12-2024T03:51:15 - [TEST_STEP][PASSED] - click(findTestObject("Выручка в рублях/Применить в фильтре Дата" + nameOfBlock)): Object: 'Object Repository/Выручка в рублях/Применить в фильтре Дата Выручка' is clicked on

02-12-2024T03:51:16 - [MESSAGE][PASSED] - Object: 'Object Repository/Выручка в рублях/Применить в фильтре Дата Выручка' is clicked on

02-12-2024T03:51:16 - [TEST_STEP][PASSED] - delay(55): Delayed 55 second(s)

02-12-2024T03:52:11 - [MESSAGE][PASSED] - Delayed 55 second(s)

02-12-2024T03:52:11 - [TEST_STEP][PASSED] - click(findTestObject("Выручка в рублях/Фильтр ДЗО" + nameOfBlock)): Object: 'Object Repository/Выручка в рублях/Фильтр ДЗО Выручка' is clicked on

02-12-2024T03:52:11 - [MESSAGE][PASSED] - Object: 'Object Repository/Выручка в рублях/Фильтр ДЗО Выручка' is clicked on

02-12-2024T03:52:11 - [TEST_STEP][PASSED] - click(findTestObject("Выручка в рублях/Снять выделение в фильтре ДЗО" + nameOfBlock)): Object: 'Object Repository/Выручка в рублях/Снять выделение в фильтре ДЗО Выручка' is clicked on

02-12-2024T03:52:12 - [MESSAGE][PASSED] - Object: 'Object Repository/Выручка в рублях/Снять выделение в фильтре ДЗО Выручка' is clicked on

02-12-2024T03:52:12 - [TEST_STEP][PASSED] - click(findTestObject("Выручка в рублях/Применить в фильтре ДЗО" + nameOfBlock)): Object: 'Object Repository/Выручка в рублях/Применить в фильтре ДЗО Выручка' is clicked on

02-12-2024T03:52:12 - [MESSAGE][PASSED] - Object: 'Object Repository/Выручка в рублях/Применить в фильтре ДЗО Выручка' is clicked on

02-12-2024T03:52:12 - [TEST_STEP][PASSED] - delay(50): Delayed 50 second(s)

02-12-2024T03:53:02 - [MESSAGE][PASSED] - Delayed 50 second(s)

02-12-2024T03:53:02 - [TEST_STEP][PASSED] - Script1710234207206.Tumbler(run, vir, block, nameOfBlock): null

02-12-2024T03:53:02 - [TEST_STEP][PASSED] - println("run:" + run): null

02-12-2024T03:53:02 - [TEST_STEP][PASSED] - println("vir:" + vir): null

02-12-2024T03:53:02 - [TEST_STEP][PASSED] - println("block:" + block): null

02-12-2024T03:53:02 - [TEST_STEP][PASSED] - println("nameOfBlock:" + nameOfBlock): null

02-12-2024T03:53:02 - [TEST_STEP][PASSED] - if (vir == 1): null

02-12-2024T03:53:02 - [TEST_STEP][PASSED] - else if (vir == 2): Object: 'Object Repository/Выручка в рублях/Применить в фильтре Выручка Выручка' is clicked on

02-12-2024T03:53:02 - [TEST_STEP][PASSED] - if (run == 2): Object: 'Object Repository/Выручка в рублях/Переключить отображение с млн на проценты Выручка в рублях Выручка' is clicked on

02-12-2024T03:53:02 - [TEST_STEP][PASSED] - click(findTestObject("Выручка в рублях/Переключить отображение с млн на проценты Выручка в рублях" + nameOfBlock)): Object: 'Object Repository/Выручка в рублях/Переключить отображение с млн на проценты Выручка в рублях Выручка' is clicked on

02-12-2024T03:53:03 - [MESSAGE][PASSED] - Object: 'Object Repository/Выручка в рублях/Переключить отображение с млн на проценты Выручка в рублях Выручка' is clicked on

02-12-2024T03:53:03 - [TEST_STEP][PASSED] - click(findTestObject("Выручка в рублях/Фильтр Выручка" + nameOfBlock)): Object: 'Object Repository/Выручка в рублях/Фильтр Выручка Выручка' is clicked on

02-12-2024T03:53:03 - [MESSAGE][PASSED] - Object: 'Object Repository/Выручка в рублях/Фильтр Выручка Выручка' is clicked on

02-12-2024T03:53:03 - [TEST_STEP][PASSED] - click(findTestObject("Выручка в рублях/Итого в фильтре Выручка" + nameOfBlock)): Object: 'Object Repository/Выручка в рублях/Итого в фильтре Выручка Выручка' is clicked on

02-12-2024T03:53:04 - [MESSAGE][PASSED] - Object: 'Object Repository/Выручка в рублях/Итого в фильтре Выручка Выручка' is clicked on

02-12-2024T03:53:04 - [TEST_STEP][PASSED] - click(findTestObject("Выручка в рублях/Применить в фильтре Выручка" + nameOfBlock)): Object: 'Object Repository/Выручка в рублях/Применить в фильтре Выручка Выручка' is clicked on

02-12-2024T03:53:04 - [MESSAGE][PASSED] - Object: 'Object Repository/Выручка в рублях/Применить в фильтре Выручка Выручка' is clicked on

02-12-2024T03:53:04 - [TEST_STEP][PASSED] - click(findTestObject("Выручка в рублях/Фильтр ДЗО" + nameOfBlock)): Object: 'Object Repository/Выручка в рублях/Фильтр ДЗО Выручка' is clicked on

02-12-2024T03:53:06 - [MESSAGE][PASSED] - Object: 'Object Repository/Выручка в рублях/Фильтр ДЗО Выручка' is clicked on

02-12-2024T03:53:06 - [TEST_STEP][PASSED] - Script1710234207206.Rosseti(nameOfBlock): null

02-12-2024T03:53:06 - [TEST_STEP][PASSED] - println("nameOfBlock:" + nameOfBlock): null

02-12-2024T03:53:06 - [TEST_STEP][PASSED] - click(findTestObject("Выручка в рублях/ПАО Россети" + nameOfBlock)): Object: 'Object Repository/Выручка в рублях/ПАО Россети Выручка' is clicked on

02-12-2024T03:53:07 - [MESSAGE][PASSED] - Object: 'Object Repository/Выручка в рублях/ПАО Россети Выручка' is clicked on

02-12-2024T03:53:07 - [TEST_STEP][PASSED] - click(findTestObject("Выручка в рублях/Применить в фильтре ДЗО" + nameOfBlock)): Object: 'Object Repository/Выручка в рублях/Применить в фильтре ДЗО Выручка' is clicked on

02-12-2024T03:53:08 - [MESSAGE][PASSED] - Object: 'Object Repository/Выручка в рублях/Применить в фильтре ДЗО Выручка' is clicked on

02-12-2024T03:53:08 - [TEST_STEP][PASSED] - if (vir == 1 || vir == 2): Text of object 'Object Repository/Выручка в рублях/График План Выручка' is: '1 160 716'

02-12-2024T03:53:08 - [TEST_STEP][PASSED] - b1 = getText(findTestObject("Выручка в рублях/График План Выручка")): Text of object 'Object Repository/Выручка в рублях/График План Выручка' is: '1 160 716'

02-12-2024T03:53:10 - [MESSAGE][PASSED] - Text of object 'Object Repository/Выручка в рублях/График План Выручка' is: '1 160 716'

02-12-2024T03:53:10 - [TEST_STEP][PASSED] - if (vir == 1 || vir == 2): Text of object 'Object Repository/Выручка в рублях/График Факт Выручка' is: '1 160 805'

02-12-2024T03:53:10 - [TEST_STEP][PASSED] - b2 = getText(findTestObject("Выручка в рублях/График Факт Выручка")): Text of object 'Object Repository/Выручка в рублях/График Факт Выручка' is: '1 160 805'

02-12-2024T03:53:10 - [MESSAGE][PASSED] - Text of object 'Object Repository/Выручка в рублях/График Факт Выручка' is: '1 160 805'

02-12-2024T03:53:10 - [TEST_STEP][PASSED] - b30 = getText(findTestObject("Выручка в рублях/span1" + perc)): Text of object 'Object Repository/Выручка в рублях/span1 Perc' is: '0.01 %'

02-12-2024T03:53:11 - [MESSAGE][PASSED] - Text of object 'Object Repository/Выручка в рублях/span1 Perc' is: '0.01 %'

02-12-2024T03:53:11 - [TEST_STEP][PASSED] - i = b30.indexOf("млн.руб."): null

02-12-2024T03:53:11 - [TEST_STEP][PASSED] - if (i > -1): null

02-12-2024T03:53:11 - [TEST_STEP][PASSED] - if (b30.contains("%")): null

02-12-2024T03:53:11 - [TEST_STEP][PASSED] - b30 = b30.replaceAll("%", ""): null

02-12-2024T03:53:11 - [TEST_STEP][PASSED] - b30 = ").trim(): null

02-12-2024T03:53:11 - [TEST_STEP][PASSED] - println("b30: " + b30): null

02-12-2024T03:53:11 - [TEST_STEP][PASSED] - if (vir == 1 || vir == 2): Text of object 'Object Repository/Выручка в рублях/span2 Perc' is: '310.93 %'

02-12-2024T03:53:11 - [TEST_STEP][PASSED] - b31 = ").trim(): Text of object 'Object Repository/Выручка в рублях/span2 Perc' is: '310.93 %'

02-12-2024T03:53:11 - [MESSAGE][PASSED] - Text of object 'Object Repository/Выручка в рублях/span2 Perc' is: '310.93 %'

02-12-2024T03:53:11 - [TEST_STEP][PASSED] - if (vir == 1 || vir == 2): Text of object 'Object Repository/Выручка в рублях/span3 Perc' is: '-45.65 %'

02-12-2024T03:53:11 - [TEST_STEP][PASSED] - b32 = ").trim(): Text of object 'Object Repository/Выручка в рублях/span3 Perc' is: '-45.65 %'

02-12-2024T03:53:11 - [MESSAGE][PASSED] - Text of object 'Object Repository/Выручка в рублях/span3 Perc' is: '-45.65 %'

02-12-2024T03:53:11 - [TEST_STEP][PASSED] - if (vir == 1 || vir == 2): Text of object 'Object Repository/Выручка в рублях/span8 Perc' is: '2.26 %'

02-12-2024T03:53:11 - [TEST_STEP][PASSED] - b33 = ").trim(): Text of object 'Object Repository/Выручка в рублях/span4 Perc' is: '0.24 %'

02-12-2024T03:53:12 - [MESSAGE][PASSED] - Text of object 'Object Repository/Выручка в рублях/span4 Perc' is: '0.24 %'

02-12-2024T03:53:12 - [TEST_STEP][PASSED] - b34 = ").trim(): Text of object 'Object Repository/Выручка в рублях/span5 Perc' is: '6.32 %'

02-12-2024T03:53:12 - [MESSAGE][PASSED] - Text of object 'Object Repository/Выручка в рублях/span5 Perc' is: '6.32 %'

02-12-2024T03:53:12 - [TEST_STEP][PASSED] - b35 = ").trim(): Text of object 'Object Repository/Выручка в рублях/span6 Perc' is: '5.38 %'

02-12-2024T03:53:12 - [MESSAGE][PASSED] - Text of object 'Object Repository/Выручка в рублях/span6 Perc' is: '5.38 %'

02-12-2024T03:53:12 - [TEST_STEP][PASSED] - b36 = ").trim(): Text of object 'Object Repository/Выручка в рублях/span7 Perc' is: '4.39 %'

02-12-2024T03:53:12 - [MESSAGE][PASSED] - Text of object 'Object Repository/Выручка в рублях/span7 Perc' is: '4.39 %'

02-12-2024T03:53:12 - [TEST_STEP][PASSED] - b37 = ").trim(): Text of object 'Object Repository/Выручка в рублях/span8 Perc' is: '2.26 %'

02-12-2024T03:53:13 - [MESSAGE][PASSED] - Text of object 'Object Repository/Выручка в рублях/span8 Perc' is: '2.26 %'

02-12-2024T03:53:13 - [TEST_STEP][PASSED] - if (vir == 1 || vir == 2): Text of object 'Object Repository/Выручка в рублях/span17 Perc' is: '3.11 %'

02-12-2024T03:53:13 - [TEST_STEP][PASSED] - b38 = ").trim(): Text of object 'Object Repository/Выручка в рублях/span9 Perc' is: '2.01 %'

02-12-2024T03:53:13 - [MESSAGE][PASSED] - Text of object 'Object Repository/Выручка в рублях/span9 Perc' is: '2.01 %'

02-12-2024T03:53:13 - [TEST_STEP][PASSED] - b39 = ").trim(): Text of object 'Object Repository/Выручка в рублях/span10 Perc' is: '2.23 %'

02-12-2024T03:53:13 - [MESSAGE][PASSED] - Text of object 'Object Repository/Выручка в рублях/span10 Perc' is: '2.23 %'

02-12-2024T03:53:13 - [TEST_STEP][PASSED] - b310 = ").trim(): Text of object 'Object Repository/Выручка в рублях/span11 Perc' is: '3.06 %'

02-12-2024T03:53:14 - [MESSAGE][PASSED] - Text of object 'Object Repository/Выручка в рублях/span11 Perc' is: '3.06 %'

02-12-2024T03:53:14 - [TEST_STEP][PASSED] - b311 = ").trim(): Text of object 'Object Repository/Выручка в рублях/span12 Perc' is: '-7.39 %'

02-12-2024T03:53:14 - [MESSAGE][PASSED] - Text of object 'Object Repository/Выручка в рублях/span12 Perc' is: '-7.39 %'

02-12-2024T03:53:14 - [TEST_STEP][PASSED] - b312 = ").trim(): Text of object 'Object Repository/Выручка в рублях/span13 Perc' is: '2.27 %'

02-12-2024T03:53:14 - [MESSAGE][PASSED] - Text of object 'Object Repository/Выручка в рублях/span13 Perc' is: '2.27 %'

02-12-2024T03:53:14 - [TEST_STEP][PASSED] - b313 = ").trim(): Text of object 'Object Repository/Выручка в рублях/span14 Perc' is: '-9.49 %'

02-12-2024T03:53:15 - [MESSAGE][PASSED] - Text of object 'Object Repository/Выручка в рублях/span14 Perc' is: '-9.49 %'

02-12-2024T03:53:15 - [TEST_STEP][PASSED] - b314 = ").trim(): Text of object 'Object Repository/Выручка в рублях/span15 Perc' is: '2.55 %'

02-12-2024T03:53:15 - [MESSAGE][PASSED] - Text of object 'Object Repository/Выручка в рублях/span15 Perc' is: '2.55 %'

02-12-2024T03:53:15 - [TEST_STEP][PASSED] - b315 = ").trim(): Text of object 'Object Repository/Выручка в рублях/span16 Perc' is: '4.33 %'

02-12-2024T03:53:15 - [MESSAGE][PASSED] - Text of object 'Object Repository/Выручка в рублях/span16 Perc' is: '4.33 %'

02-12-2024T03:53:15 - [TEST_STEP][PASSED] - b316 = ").trim(): Text of object 'Object Repository/Выручка в рублях/span17 Perc' is: '3.11 %'

02-12-2024T03:53:15 - [MESSAGE][PASSED] - Text of object 'Object Repository/Выручка в рублях/span17 Perc' is: '3.11 %'

02-12-2024T03:53:15 - [TEST_STEP][PASSED] - if (vir == 1 || vir == 2): Text of object 'Object Repository/Выручка в рублях/span18 Perc' is: '4.04 %'

02-12-2024T03:53:15 - [TEST_STEP][PASSED] - b317 = ").trim(): Text of object 'Object Repository/Выручка в рублях/span18 Perc' is: '4.04 %'

02-12-2024T03:53:16 - [MESSAGE][PASSED] - Text of object 'Object Repository/Выручка в рублях/span18 Perc' is: '4.04 %'

02-12-2024T03:53:16 - [TEST_STEP][PASSED] - dZO = "ПАО Россети": null

02-12-2024T03:53:16 - [TEST_STEP][PASSED] - if (verifyEqual(a1, b1) == false): Actual object '1 160 716' and expected object '1 160 716' are equal

02-12-2024T03:53:16 - [MESSAGE][PASSED] - Actual object '1 160 716' and expected object '1 160 716' are equal

02-12-2024T03:53:16 - [TEST_STEP][PASSED] - if (verifyEqual(a2, b2) == false): Actual object '1 160 805' and expected object '1 160 805' are equal

02-12-2024T03:53:16 - [MESSAGE][PASSED] - Actual object '1 160 805' and expected object '1 160 805' are equal

02-12-2024T03:53:16 - [TEST_STEP][PASSED] - vidget = "Отклонения": null

02-12-2024T03:53:16 - [TEST_STEP][FAILED] - if (verifyEqual(a30, b30) == false): null

02-12-2024T03:53:16 - [MESSAGE][FAILED] - Unable to verify equal between actual object '-25.07' and expected object '0.01' (Root cause: com.kms.katalon.core.exception.StepFailedException: Actual object '-25.07' and expected object '0.01' are not equal
	at com.kms.katalon.core.keyword.builtin.VerifyEqualKeyword$_verifyEqual_closure1.doCall(VerifyEqualKeyword.groovy:58)
	at com.kms.katalon.core.keyword.builtin.VerifyEqualKeyword$_verifyEqual_closure1.call(VerifyEqualKeyword.groovy)
	at com.kms.katalon.core.keyword.internal.KeywordMain.runKeyword(KeywordMain.groovy:75)
	at com.kms.katalon.core.keyword.builtin.VerifyEqualKeyword.verifyEqual(VerifyEqualKeyword.groovy:63)
	at com.kms.katalon.core.keyword.builtin.VerifyEqualKeyword.execute(VerifyEqualKeyword.groovy:44)
	at com.kms.katalon.core.keyword.internal.KeywordExecutor.executeKeywordForPlatform(KeywordExecutor.groovy:74)
	at com.kms.katalon.core.keyword.BuiltinKeywords.verifyEqual(BuiltinKeywords.groovy:146)
	at jdk.internal.reflect.GeneratedMethodAccessor25.invoke(Unknown Source)
	at java.base/jdk.internal.reflect.DelegatingMethodAccessorImpl.invoke(DelegatingMethodAccessorImpl.java:43)
	at Выручка в рублях сверка дашбордов ПАО Россети.Blocks(Выручка в рублях сверка дашбордов ПАО Россети:357)
	at Выручка в рублях сверка дашбордов ПАО Россети.ViruchkaChange(Выручка в рублях сверка дашбордов ПАО Россети:60)
	at Выручка в рублях сверка дашбордов ПАО Россети.run(Выручка в рублях сверка дашбордов ПАО Россети:55)
	at com.kms.katalon.core.main.ScriptEngine.run(ScriptEngine.java:194)
	at com.kms.katalon.core.main.ScriptEngine.runScriptAsRawText(ScriptEngine.java:119)
	at com.kms.katalon.core.main.TestCaseExecutor.runScript(TestCaseExecutor.java:448)
	at com.kms.katalon.core.main.TestCaseExecutor.doExecute(TestCaseExecutor.java:439)
	at com.kms.katalon.core.main.TestCaseExecutor.processExecutionPhase(TestCaseExecutor.java:418)
	at com.kms.katalon.core.main.TestCaseExecutor.accessMainPhase(TestCaseExecutor.java:410)
	at com.kms.katalon.core.main.TestCaseExecutor.execute(TestCaseExecutor.java:285)
	at com.kms.katalon.core.common.CommonExecutor.accessTestCaseMainPhase(CommonExecutor.java:65)
	at com.kms.katalon.core.main.TestSuiteExecutor.accessTestSuiteMainPhase(TestSuiteExecutor.java:150)
	at com.kms.katalon.core.main.TestSuiteExecutor.execute(TestSuiteExecutor.java:106)
	at com.kms.katalon.core.main.TestCaseMain.startTestSuite(TestCaseMain.java:180)
	at TempTestSuite1733095732962.run(TempTestSuite1733095732962.groovy:35)
	at java.base/jdk.internal.reflect.NativeMethodAccessorImpl.invoke0(Native Method)
	at java.base/jdk.internal.reflect.NativeMethodAccessorImpl.invoke(NativeMethodAccessorImpl.java:77)
	at java.base/jdk.internal.reflect.DelegatingMethodAccessorImpl.invoke(DelegatingMethodAccessorImpl.java:43)
)

02-12-2024T03:53:16 - [TEST_STEP][PASSED] - a = replaceAll("\s+", "").toDouble(): null

02-12-2024T03:53:16 - [TEST_STEP][PASSED] - b = replaceAll("\s+", "").toDouble(): null

02-12-2024T03:53:16 - [TEST_STEP][PASSED] - Script1710234207206.WriteToExcel(todaysDate, run, vir, block, typeOfData, viruchka, vidget, nameOfBlock, a, b, dZO): null

02-12-2024T03:53:16 - [TEST_STEP][PASSED] - println(run): null

02-12-2024T03:53:16 - [TEST_STEP][PASSED] - if (run == 1): null

02-12-2024T03:53:16 - [TEST_STEP][PASSED] - else if (run == 2): null

02-12-2024T03:53:16 - [TEST_STEP][PASSED] - typeOfData = "Проценты": null

02-12-2024T03:53:16 - [TEST_STEP][PASSED] - println("todaysDate:" + todaysDate): null

02-12-2024T03:53:16 - [TEST_STEP][PASSED] - println("typeOfData:" + typeOfData): null

02-12-2024T03:53:16 - [TEST_STEP][PASSED] - viruchka = getText(findTestObject("Выручка в рублях/Фильтр Выручка" + nameOfBlock)): Text of object 'Object Repository/Выручка в рублях/Фильтр Выручка Выручка' is: 'ПЕРЕДАЧА ЭЛЕКТРОЭНЕРГИИ (ИТОГО, по всем видам тарифа)'

02-12-2024T03:53:16 - [MESSAGE][PASSED] - Text of object 'Object Repository/Выручка в рублях/Фильтр Выручка Выручка' is: 'ПЕРЕДАЧА ЭЛЕКТРОЭНЕРГИИ (ИТОГО, по всем видам тарифа)'

02-12-2024T03:53:16 - [TEST_STEP][PASSED] - println("viruchka" + viruchka): null

02-12-2024T03:53:16 - [TEST_STEP][PASSED] - println("vidget" + vidget): null

02-12-2024T03:53:16 - [TEST_STEP][PASSED] - println("a" + a): null

02-12-2024T03:53:16 - [TEST_STEP][PASSED] - println("b" + b): null

02-12-2024T03:53:16 - [TEST_STEP][PASSED] - sheetName = "Sheet1": null

02-12-2024T03:53:16 - [TEST_STEP][PASSED] - data = findTestData("PlanFact"): null

02-12-2024T03:53:16 - [TEST_STEP][PASSED] - n = data.getRowNumbers() + 1: null

02-12-2024T03:53:16 - [TEST_STEP][PASSED] - period = getText(findTestObject("Выручка в рублях/Фильтр Период")): Text of object 'Object Repository/Выручка в рублях/Фильтр Период' is: 'Октябрь и 1, 2, 3 кв. 2024 года'

02-12-2024T03:53:16 - [MESSAGE][PASSED] - Text of object 'Object Repository/Выручка в рублях/Фильтр Период' is: 'Октябрь и 1, 2, 3 кв. 2024 года'

02-12-2024T03:53:16 - [TEST_STEP][PASSED] - println(period): null

02-12-2024T03:53:16 - [TEST_STEP][PASSED] - dashboardName = "Выручка в рублях": null

02-12-2024T03:53:16 - [TEST_STEP][PASSED] - workbook01 = getWorkbook(excelFilePath): null

02-12-2024T03:53:16 - [TEST_STEP][PASSED] - sheet01 = getExcelSheet(workbook01, sheetName): null

02-12-2024T03:53:16 - [TEST_STEP][PASSED] - setValueToCellByIndex(sheet01, n, 0, dashboardName): null

02-12-2024T03:53:16 - [TEST_STEP][PASSED] - setValueToCellByIndex(sheet01, n, 1, dZO): null

02-12-2024T03:53:16 - [TEST_STEP][PASSED] - setValueToCellByIndex(sheet01, n, 2, vidget): null

02-12-2024T03:53:16 - [TEST_STEP][PASSED] - setValueToCellByIndex(sheet01, n, 3, viruchka): null

02-12-2024T03:53:16 - [TEST_STEP][PASSED] - setValueToCellByIndex(sheet01, n, 4, typeOfData): null

02-12-2024T03:53:16 - [TEST_STEP][PASSED] - if (a == null): null

02-12-2024T03:53:16 - [TEST_STEP][PASSED] - else: null

02-12-2024T03:53:16 - [TEST_STEP][PASSED] - setValueToCellByIndex(sheet01, n, 5, a): null

02-12-2024T03:53:16 - [TEST_STEP][PASSED] - if (b == null): null

02-12-2024T03:53:16 - [TEST_STEP][PASSED] - else: null

02-12-2024T03:53:16 - [TEST_STEP][PASSED] - setValueToCellByIndex(sheet01, n, 6, b): null

02-12-2024T03:53:16 - [TEST_STEP][PASSED] - setValueToCellByIndex(sheet01, n, 7, period): null

02-12-2024T03:53:16 - [TEST_STEP][PASSED] - setValueToCellByIndex(sheet01, n, 8, todaysDate): null

02-12-2024T03:53:16 - [TEST_STEP][PASSED] - n = n + 1: null

02-12-2024T03:53:16 - [TEST_STEP][PASSED] - saveWorkbook(excelFilePath, workbook01): null

02-12-2024T03:53:17 - [TEST_STEP][PASSED] - dZO = "АО «Тываэнерго»": null

02-12-2024T03:53:17 - [TEST_STEP][PASSED] - if (verifyEqual(a31, b31) == false): Actual object '310.93' and expected object '310.93' are equal

02-12-2024T03:53:17 - [MESSAGE][PASSED] - Actual object '310.93' and expected object '310.93' are equal

02-12-2024T03:53:17 - [TEST_STEP][PASSED] - dZO = "АО «Чеченэнерго»": null

02-12-2024T03:53:17 - [TEST_STEP][FAILED] - if (verifyEqual(a32, b32) == false): null

02-12-2024T03:53:17 - [MESSAGE][FAILED] - Unable to verify equal between actual object '-72.82' and expected object '-45.65' (Root cause: com.kms.katalon.core.exception.StepFailedException: Actual object '-72.82' and expected object '-45.65' are not equal
	at com.kms.katalon.core.keyword.builtin.VerifyEqualKeyword$_verifyEqual_closure1.doCall(VerifyEqualKeyword.groovy:58)
	at com.kms.katalon.core.keyword.builtin.VerifyEqualKeyword$_verifyEqual_closure1.call(VerifyEqualKeyword.groovy)
	at com.kms.katalon.core.keyword.internal.KeywordMain.runKeyword(KeywordMain.groovy:75)
	at com.kms.katalon.core.keyword.builtin.VerifyEqualKeyword.verifyEqual(VerifyEqualKeyword.groovy:63)
	at com.kms.katalon.core.keyword.builtin.VerifyEqualKeyword.execute(VerifyEqualKeyword.groovy:44)
	at com.kms.katalon.core.keyword.internal.KeywordExecutor.executeKeywordForPlatform(KeywordExecutor.groovy:74)
	at com.kms.katalon.core.keyword.BuiltinKeywords.verifyEqual(BuiltinKeywords.groovy:146)
	at jdk.internal.reflect.GeneratedMethodAccessor25.invoke(Unknown Source)
	at java.base/jdk.internal.reflect.DelegatingMethodAccessorImpl.invoke(DelegatingMethodAccessorImpl.java:43)
	at Выручка в рублях сверка дашбордов ПАО Россети.Blocks(Выручка в рублях сверка дашбордов ПАО Россети:377)
	at Выручка в рублях сверка дашбордов ПАО Россети.ViruchkaChange(Выручка в рублях сверка дашбордов ПАО Россети:60)
	at Выручка в рублях сверка дашбордов ПАО Россети.run(Выручка в рублях сверка дашбордов ПАО Россети:55)
	at com.kms.katalon.core.main.ScriptEngine.run(ScriptEngine.java:194)
	at com.kms.katalon.core.main.ScriptEngine.runScriptAsRawText(ScriptEngine.java:119)
	at com.kms.katalon.core.main.TestCaseExecutor.runScript(TestCaseExecutor.java:448)
	at com.kms.katalon.core.main.TestCaseExecutor.doExecute(TestCaseExecutor.java:439)
	at com.kms.katalon.core.main.TestCaseExecutor.processExecutionPhase(TestCaseExecutor.java:418)
	at com.kms.katalon.core.main.TestCaseExecutor.accessMainPhase(TestCaseExecutor.java:410)
	at com.kms.katalon.core.main.TestCaseExecutor.execute(TestCaseExecutor.java:285)
	at com.kms.katalon.core.common.CommonExecutor.accessTestCaseMainPhase(CommonExecutor.java:65)
	at com.kms.katalon.core.main.TestSuiteExecutor.accessTestSuiteMainPhase(TestSuiteExecutor.java:150)
	at com.kms.katalon.core.main.TestSuiteExecutor.execute(TestSuiteExecutor.java:106)
	at com.kms.katalon.core.main.TestCaseMain.startTestSuite(TestCaseMain.java:180)
	at TempTestSuite1733095732962.run(TempTestSuite1733095732962.groovy:35)
	at java.base/jdk.internal.reflect.NativeMethodAccessorImpl.invoke0(Native Method)
	at java.base/jdk.internal.reflect.NativeMethodAccessorImpl.invoke(NativeMethodAccessorImpl.java:77)
	at java.base/jdk.internal.reflect.DelegatingMethodAccessorImpl.invoke(DelegatingMethodAccessorImpl.java:43)
)

02-12-2024T03:53:17 - [TEST_STEP][PASSED] - a = replaceAll("\s+", "").toDouble(): null

02-12-2024T03:53:17 - [TEST_STEP][PASSED] - b = replaceAll("\s+", "").toDouble(): null

02-12-2024T03:53:17 - [TEST_STEP][PASSED] - Script1710234207206.WriteToExcel(todaysDate, run, vir, block, typeOfData, viruchka, vidget, nameOfBlock, a, b, dZO): null

02-12-2024T03:53:17 - [TEST_STEP][PASSED] - println(run): null

02-12-2024T03:53:17 - [TEST_STEP][PASSED] - if (run == 1): null

02-12-2024T03:53:17 - [TEST_STEP][PASSED] - else if (run == 2): null

02-12-2024T03:53:17 - [TEST_STEP][PASSED] - typeOfData = "Проценты": null

02-12-2024T03:53:17 - [TEST_STEP][PASSED] - println("todaysDate:" + todaysDate): null

02-12-2024T03:53:17 - [TEST_STEP][PASSED] - println("typeOfData:" + typeOfData): null

02-12-2024T03:53:17 - [TEST_STEP][PASSED] - viruchka = getText(findTestObject("Выручка в рублях/Фильтр Выручка" + nameOfBlock)): Text of object 'Object Repository/Выручка в рублях/Фильтр Выручка Выручка' is: 'ПЕРЕДАЧА ЭЛЕКТРОЭНЕРГИИ (ИТОГО, по всем видам тарифа)'

02-12-2024T03:53:17 - [MESSAGE][PASSED] - Text of object 'Object Repository/Выручка в рублях/Фильтр Выручка Выручка' is: 'ПЕРЕДАЧА ЭЛЕКТРОЭНЕРГИИ (ИТОГО, по всем видам тарифа)'

02-12-2024T03:53:17 - [TEST_STEP][PASSED] - println("viruchka" + viruchka): null

02-12-2024T03:53:17 - [TEST_STEP][PASSED] - println("vidget" + vidget): null

02-12-2024T03:53:17 - [TEST_STEP][PASSED] - println("a" + a): null

02-12-2024T03:53:17 - [TEST_STEP][PASSED] - println("b" + b): null

02-12-2024T03:53:17 - [TEST_STEP][PASSED] - sheetName = "Sheet1": null

02-12-2024T03:53:17 - [TEST_STEP][PASSED] - data = findTestData("PlanFact"): null

02-12-2024T03:53:17 - [TEST_STEP][PASSED] - n = data.getRowNumbers() + 1: null

02-12-2024T03:53:17 - [TEST_STEP][PASSED] - period = getText(findTestObject("Выручка в рублях/Фильтр Период")): Text of object 'Object Repository/Выручка в рублях/Фильтр Период' is: 'Октябрь и 1, 2, 3 кв. 2024 года'

02-12-2024T03:53:17 - [MESSAGE][PASSED] - Text of object 'Object Repository/Выручка в рублях/Фильтр Период' is: 'Октябрь и 1, 2, 3 кв. 2024 года'

02-12-2024T03:53:17 - [TEST_STEP][PASSED] - println(period): null

02-12-2024T03:53:17 - [TEST_STEP][PASSED] - dashboardName = "Выручка в рублях": null

02-12-2024T03:53:17 - [TEST_STEP][PASSED] - workbook01 = getWorkbook(excelFilePath): null

02-12-2024T03:53:17 - [TEST_STEP][PASSED] - sheet01 = getExcelSheet(workbook01, sheetName): null

02-12-2024T03:53:17 - [TEST_STEP][PASSED] - setValueToCellByIndex(sheet01, n, 0, dashboardName): null

02-12-2024T03:53:17 - [TEST_STEP][PASSED] - setValueToCellByIndex(sheet01, n, 1, dZO): null

02-12-2024T03:53:17 - [TEST_STEP][PASSED] - setValueToCellByIndex(sheet01, n, 2, vidget): null

02-12-2024T03:53:17 - [TEST_STEP][PASSED] - setValueToCellByIndex(sheet01, n, 3, viruchka): null

02-12-2024T03:53:17 - [TEST_STEP][PASSED] - setValueToCellByIndex(sheet01, n, 4, typeOfData): null

02-12-2024T03:53:17 - [TEST_STEP][PASSED] - if (a == null): null

02-12-2024T03:53:17 - [TEST_STEP][PASSED] - else: null

02-12-2024T03:53:17 - [TEST_STEP][PASSED] - setValueToCellByIndex(sheet01, n, 5, a): null

02-12-2024T03:53:17 - [TEST_STEP][PASSED] - if (b == null): null

02-12-2024T03:53:17 - [TEST_STEP][PASSED] - else: null

02-12-2024T03:53:17 - [TEST_STEP][PASSED] - setValueToCellByIndex(sheet01, n, 6, b): null

02-12-2024T03:53:17 - [TEST_STEP][PASSED] - setValueToCellByIndex(sheet01, n, 7, period): null

02-12-2024T03:53:17 - [TEST_STEP][PASSED] - setValueToCellByIndex(sheet01, n, 8, todaysDate): null

02-12-2024T03:53:17 - [TEST_STEP][PASSED] - n = n + 1: null

02-12-2024T03:53:17 - [TEST_STEP][PASSED] - saveWorkbook(excelFilePath, workbook01): null

02-12-2024T03:53:18 - [TEST_STEP][PASSED] - dZO = "Россети Волга": null

02-12-2024T03:53:18 - [TEST_STEP][FAILED] - if (verifyEqual(a33, b33) == false): null

02-12-2024T03:53:18 - [MESSAGE][FAILED] - Unable to verify equal between actual object '-49.88' and expected object '0.24' (Root cause: com.kms.katalon.core.exception.StepFailedException: Actual object '-49.88' and expected object '0.24' are not equal
	at com.kms.katalon.core.keyword.builtin.VerifyEqualKeyword$_verifyEqual_closure1.doCall(VerifyEqualKeyword.groovy:58)
	at com.kms.katalon.core.keyword.builtin.VerifyEqualKeyword$_verifyEqual_closure1.call(VerifyEqualKeyword.groovy)
	at com.kms.katalon.core.keyword.internal.KeywordMain.runKeyword(KeywordMain.groovy:75)
	at com.kms.katalon.core.keyword.builtin.VerifyEqualKeyword.verifyEqual(VerifyEqualKeyword.groovy:63)
	at com.kms.katalon.core.keyword.builtin.VerifyEqualKeyword.execute(VerifyEqualKeyword.groovy:44)
	at com.kms.katalon.core.keyword.internal.KeywordExecutor.executeKeywordForPlatform(KeywordExecutor.groovy:74)
	at com.kms.katalon.core.keyword.BuiltinKeywords.verifyEqual(BuiltinKeywords.groovy:146)
	at jdk.internal.reflect.GeneratedMethodAccessor25.invoke(Unknown Source)
	at java.base/jdk.internal.reflect.DelegatingMethodAccessorImpl.invoke(DelegatingMethodAccessorImpl.java:43)
	at Выручка в рублях сверка дашбордов ПАО Россети.Blocks(Выручка в рублях сверка дашбордов ПАО Россети:387)
	at Выручка в рублях сверка дашбордов ПАО Россети.ViruchkaChange(Выручка в рублях сверка дашбордов ПАО Россети:60)
	at Выручка в рублях сверка дашбордов ПАО Россети.run(Выручка в рублях сверка дашбордов ПАО Россети:55)
	at com.kms.katalon.core.main.ScriptEngine.run(ScriptEngine.java:194)
	at com.kms.katalon.core.main.ScriptEngine.runScriptAsRawText(ScriptEngine.java:119)
	at com.kms.katalon.core.main.TestCaseExecutor.runScript(TestCaseExecutor.java:448)
	at com.kms.katalon.core.main.TestCaseExecutor.doExecute(TestCaseExecutor.java:439)
	at com.kms.katalon.core.main.TestCaseExecutor.processExecutionPhase(TestCaseExecutor.java:418)
	at com.kms.katalon.core.main.TestCaseExecutor.accessMainPhase(TestCaseExecutor.java:410)
	at com.kms.katalon.core.main.TestCaseExecutor.execute(TestCaseExecutor.java:285)
	at com.kms.katalon.core.common.CommonExecutor.accessTestCaseMainPhase(CommonExecutor.java:65)
	at com.kms.katalon.core.main.TestSuiteExecutor.accessTestSuiteMainPhase(TestSuiteExecutor.java:150)
	at com.kms.katalon.core.main.TestSuiteExecutor.execute(TestSuiteExecutor.java:106)
	at com.kms.katalon.core.main.TestCaseMain.startTestSuite(TestCaseMain.java:180)
	at TempTestSuite1733095732962.run(TempTestSuite1733095732962.groovy:35)
	at java.base/jdk.internal.reflect.NativeMethodAccessorImpl.invoke0(Native Method)
	at java.base/jdk.internal.reflect.NativeMethodAccessorImpl.invoke(NativeMethodAccessorImpl.java:77)
	at java.base/jdk.internal.reflect.DelegatingMethodAccessorImpl.invoke(DelegatingMethodAccessorImpl.java:43)
)

02-12-2024T03:53:18 - [TEST_STEP][PASSED] - a = replaceAll("\s+", "").toDouble(): null

02-12-2024T03:53:18 - [TEST_STEP][PASSED] - b = replaceAll("\s+", "").toDouble(): null

02-12-2024T03:53:18 - [TEST_STEP][PASSED] - Script1710234207206.WriteToExcel(todaysDate, run, vir, block, typeOfData, viruchka, vidget, nameOfBlock, a, b, dZO): null

02-12-2024T03:53:18 - [TEST_STEP][PASSED] - println(run): null

02-12-2024T03:53:18 - [TEST_STEP][PASSED] - if (run == 1): null

02-12-2024T03:53:18 - [TEST_STEP][PASSED] - else if (run == 2): null

02-12-2024T03:53:18 - [TEST_STEP][PASSED] - typeOfData = "Проценты": null

02-12-2024T03:53:18 - [TEST_STEP][PASSED] - println("todaysDate:" + todaysDate): null

02-12-2024T03:53:18 - [TEST_STEP][PASSED] - println("typeOfData:" + typeOfData): null

02-12-2024T03:53:18 - [TEST_STEP][PASSED] - viruchka = getText(findTestObject("Выручка в рублях/Фильтр Выручка" + nameOfBlock)): Text of object 'Object Repository/Выручка в рублях/Фильтр Выручка Выручка' is: 'ПЕРЕДАЧА ЭЛЕКТРОЭНЕРГИИ (ИТОГО, по всем видам тарифа)'

02-12-2024T03:53:18 - [MESSAGE][PASSED] - Text of object 'Object Repository/Выручка в рублях/Фильтр Выручка Выручка' is: 'ПЕРЕДАЧА ЭЛЕКТРОЭНЕРГИИ (ИТОГО, по всем видам тарифа)'

02-12-2024T03:53:18 - [TEST_STEP][PASSED] - println("viruchka" + viruchka): null

02-12-2024T03:53:18 - [TEST_STEP][PASSED] - println("vidget" + vidget): null

02-12-2024T03:53:18 - [TEST_STEP][PASSED] - println("a" + a): null

02-12-2024T03:53:18 - [TEST_STEP][PASSED] - println("b" + b): null

02-12-2024T03:53:18 - [TEST_STEP][PASSED] - sheetName = "Sheet1": null

02-12-2024T03:53:18 - [TEST_STEP][PASSED] - data = findTestData("PlanFact"): null

02-12-2024T03:53:18 - [TEST_STEP][PASSED] - n = data.getRowNumbers() + 1: null

02-12-2024T03:53:18 - [TEST_STEP][PASSED] - period = getText(findTestObject("Выручка в рублях/Фильтр Период")): Text of object 'Object Repository/Выручка в рублях/Фильтр Период' is: 'Октябрь и 1, 2, 3 кв. 2024 года'

02-12-2024T03:53:18 - [MESSAGE][PASSED] - Text of object 'Object Repository/Выручка в рублях/Фильтр Период' is: 'Октябрь и 1, 2, 3 кв. 2024 года'

02-12-2024T03:53:18 - [TEST_STEP][PASSED] - println(period): null

02-12-2024T03:53:18 - [TEST_STEP][PASSED] - dashboardName = "Выручка в рублях": null

02-12-2024T03:53:18 - [TEST_STEP][PASSED] - workbook01 = getWorkbook(excelFilePath): null

02-12-2024T03:53:18 - [TEST_STEP][PASSED] - sheet01 = getExcelSheet(workbook01, sheetName): null

02-12-2024T03:53:18 - [TEST_STEP][PASSED] - setValueToCellByIndex(sheet01, n, 0, dashboardName): null

02-12-2024T03:53:18 - [TEST_STEP][PASSED] - setValueToCellByIndex(sheet01, n, 1, dZO): null

02-12-2024T03:53:18 - [TEST_STEP][PASSED] - setValueToCellByIndex(sheet01, n, 2, vidget): null

02-12-2024T03:53:18 - [TEST_STEP][PASSED] - setValueToCellByIndex(sheet01, n, 3, viruchka): null

02-12-2024T03:53:18 - [TEST_STEP][PASSED] - setValueToCellByIndex(sheet01, n, 4, typeOfData): null

02-12-2024T03:53:18 - [TEST_STEP][PASSED] - if (a == null): null

02-12-2024T03:53:18 - [TEST_STEP][PASSED] - else: null

02-12-2024T03:53:18 - [TEST_STEP][PASSED] - setValueToCellByIndex(sheet01, n, 5, a): null

02-12-2024T03:53:18 - [TEST_STEP][PASSED] - if (b == null): null

02-12-2024T03:53:18 - [TEST_STEP][PASSED] - else: null

02-12-2024T03:53:18 - [TEST_STEP][PASSED] - setValueToCellByIndex(sheet01, n, 6, b): null

02-12-2024T03:53:18 - [TEST_STEP][PASSED] - setValueToCellByIndex(sheet01, n, 7, period): null

02-12-2024T03:53:18 - [TEST_STEP][PASSED] - setValueToCellByIndex(sheet01, n, 8, todaysDate): null

02-12-2024T03:53:18 - [TEST_STEP][PASSED] - n = n + 1: null

02-12-2024T03:53:18 - [TEST_STEP][PASSED] - saveWorkbook(excelFilePath, workbook01): null

02-12-2024T03:53:19 - [TEST_STEP][PASSED] - dZO = "Россети Кубань": null

02-12-2024T03:53:19 - [TEST_STEP][FAILED] - if (verifyEqual(a34, b34) == false): null

02-12-2024T03:53:19 - [MESSAGE][FAILED] - Unable to verify equal between actual object '-46.84' and expected object '6.32' (Root cause: com.kms.katalon.core.exception.StepFailedException: Actual object '-46.84' and expected object '6.32' are not equal
	at com.kms.katalon.core.keyword.builtin.VerifyEqualKeyword$_verifyEqual_closure1.doCall(VerifyEqualKeyword.groovy:58)
	at com.kms.katalon.core.keyword.builtin.VerifyEqualKeyword$_verifyEqual_closure1.call(VerifyEqualKeyword.groovy)
	at com.kms.katalon.core.keyword.internal.KeywordMain.runKeyword(KeywordMain.groovy:75)
	at com.kms.katalon.core.keyword.builtin.VerifyEqualKeyword.verifyEqual(VerifyEqualKeyword.groovy:63)
	at com.kms.katalon.core.keyword.builtin.VerifyEqualKeyword.execute(VerifyEqualKeyword.groovy:44)
	at com.kms.katalon.core.keyword.internal.KeywordExecutor.executeKeywordForPlatform(KeywordExecutor.groovy:74)
	at com.kms.katalon.core.keyword.BuiltinKeywords.verifyEqual(BuiltinKeywords.groovy:146)
	at jdk.internal.reflect.GeneratedMethodAccessor25.invoke(Unknown Source)
	at java.base/jdk.internal.reflect.DelegatingMethodAccessorImpl.invoke(DelegatingMethodAccessorImpl.java:43)
	at Выручка в рублях сверка дашбордов ПАО Россети.Blocks(Выручка в рублях сверка дашбордов ПАО Россети:397)
	at Выручка в рублях сверка дашбордов ПАО Россети.ViruchkaChange(Выручка в рублях сверка дашбордов ПАО Россети:60)
	at Выручка в рублях сверка дашбордов ПАО Россети.run(Выручка в рублях сверка дашбордов ПАО Россети:55)
	at com.kms.katalon.core.main.ScriptEngine.run(ScriptEngine.java:194)
	at com.kms.katalon.core.main.ScriptEngine.runScriptAsRawText(ScriptEngine.java:119)
	at com.kms.katalon.core.main.TestCaseExecutor.runScript(TestCaseExecutor.java:448)
	at com.kms.katalon.core.main.TestCaseExecutor.doExecute(TestCaseExecutor.java:439)
	at com.kms.katalon.core.main.TestCaseExecutor.processExecutionPhase(TestCaseExecutor.java:418)
	at com.kms.katalon.core.main.TestCaseExecutor.accessMainPhase(TestCaseExecutor.java:410)
	at com.kms.katalon.core.main.TestCaseExecutor.execute(TestCaseExecutor.java:285)
	at com.kms.katalon.core.common.CommonExecutor.accessTestCaseMainPhase(CommonExecutor.java:65)
	at com.kms.katalon.core.main.TestSuiteExecutor.accessTestSuiteMainPhase(TestSuiteExecutor.java:150)
	at com.kms.katalon.core.main.TestSuiteExecutor.execute(TestSuiteExecutor.java:106)
	at com.kms.katalon.core.main.TestCaseMain.startTestSuite(TestCaseMain.java:180)
	at TempTestSuite1733095732962.run(TempTestSuite1733095732962.groovy:35)
	at java.base/jdk.internal.reflect.NativeMethodAccessorImpl.invoke0(Native Method)
	at java.base/jdk.internal.reflect.NativeMethodAccessorImpl.invoke(NativeMethodAccessorImpl.java:77)
	at java.base/jdk.internal.reflect.DelegatingMethodAccessorImpl.invoke(DelegatingMethodAccessorImpl.java:43)
)

02-12-2024T03:53:19 - [TEST_STEP][PASSED] - a = replaceAll("\s+", "").toDouble(): null

02-12-2024T03:53:19 - [TEST_STEP][PASSED] - b = replaceAll("\s+", "").toDouble(): null

02-12-2024T03:53:19 - [TEST_STEP][PASSED] - Script1710234207206.WriteToExcel(todaysDate, run, vir, block, typeOfData, viruchka, vidget, nameOfBlock, a, b, dZO): null

02-12-2024T03:53:19 - [TEST_STEP][PASSED] - println(run): null

02-12-2024T03:53:19 - [TEST_STEP][PASSED] - if (run == 1): null

02-12-2024T03:53:19 - [TEST_STEP][PASSED] - else if (run == 2): null

02-12-2024T03:53:19 - [TEST_STEP][PASSED] - typeOfData = "Проценты": null

02-12-2024T03:53:19 - [TEST_STEP][PASSED] - println("todaysDate:" + todaysDate): null

02-12-2024T03:53:19 - [TEST_STEP][PASSED] - println("typeOfData:" + typeOfData): null

02-12-2024T03:53:19 - [TEST_STEP][PASSED] - viruchka = getText(findTestObject("Выручка в рублях/Фильтр Выручка" + nameOfBlock)): Text of object 'Object Repository/Выручка в рублях/Фильтр Выручка Выручка' is: 'ПЕРЕДАЧА ЭЛЕКТРОЭНЕРГИИ (ИТОГО, по всем видам тарифа)'

02-12-2024T03:53:19 - [MESSAGE][PASSED] - Text of object 'Object Repository/Выручка в рублях/Фильтр Выручка Выручка' is: 'ПЕРЕДАЧА ЭЛЕКТРОЭНЕРГИИ (ИТОГО, по всем видам тарифа)'

02-12-2024T03:53:19 - [TEST_STEP][PASSED] - println("viruchka" + viruchka): null

02-12-2024T03:53:19 - [TEST_STEP][PASSED] - println("vidget" + vidget): null

02-12-2024T03:53:19 - [TEST_STEP][PASSED] - println("a" + a): null

02-12-2024T03:53:19 - [TEST_STEP][PASSED] - println("b" + b): null

02-12-2024T03:53:19 - [TEST_STEP][PASSED] - sheetName = "Sheet1": null

02-12-2024T03:53:19 - [TEST_STEP][PASSED] - data = findTestData("PlanFact"): null

02-12-2024T03:53:19 - [TEST_STEP][PASSED] - n = data.getRowNumbers() + 1: null

02-12-2024T03:53:19 - [TEST_STEP][PASSED] - period = getText(findTestObject("Выручка в рублях/Фильтр Период")): Text of object 'Object Repository/Выручка в рублях/Фильтр Период' is: 'Октябрь и 1, 2, 3 кв. 2024 года'

02-12-2024T03:53:19 - [MESSAGE][PASSED] - Text of object 'Object Repository/Выручка в рублях/Фильтр Период' is: 'Октябрь и 1, 2, 3 кв. 2024 года'

02-12-2024T03:53:19 - [TEST_STEP][PASSED] - println(period): null

02-12-2024T03:53:19 - [TEST_STEP][PASSED] - dashboardName = "Выручка в рублях": null

02-12-2024T03:53:19 - [TEST_STEP][PASSED] - workbook01 = getWorkbook(excelFilePath): null

02-12-2024T03:53:19 - [TEST_STEP][PASSED] - sheet01 = getExcelSheet(workbook01, sheetName): null

02-12-2024T03:53:19 - [TEST_STEP][PASSED] - setValueToCellByIndex(sheet01, n, 0, dashboardName): null

02-12-2024T03:53:19 - [TEST_STEP][PASSED] - setValueToCellByIndex(sheet01, n, 1, dZO): null

02-12-2024T03:53:19 - [TEST_STEP][PASSED] - setValueToCellByIndex(sheet01, n, 2, vidget): null

02-12-2024T03:53:19 - [TEST_STEP][PASSED] - setValueToCellByIndex(sheet01, n, 3, viruchka): null

02-12-2024T03:53:19 - [TEST_STEP][PASSED] - setValueToCellByIndex(sheet01, n, 4, typeOfData): null

02-12-2024T03:53:19 - [TEST_STEP][PASSED] - if (a == null): null

02-12-2024T03:53:19 - [TEST_STEP][PASSED] - else: null

02-12-2024T03:53:19 - [TEST_STEP][PASSED] - setValueToCellByIndex(sheet01, n, 5, a): null

02-12-2024T03:53:19 - [TEST_STEP][PASSED] - if (b == null): null

02-12-2024T03:53:19 - [TEST_STEP][PASSED] - else: null

02-12-2024T03:53:19 - [TEST_STEP][PASSED] - setValueToCellByIndex(sheet01, n, 6, b): null

02-12-2024T03:53:19 - [TEST_STEP][PASSED] - setValueToCellByIndex(sheet01, n, 7, period): null

02-12-2024T03:53:19 - [TEST_STEP][PASSED] - setValueToCellByIndex(sheet01, n, 8, todaysDate): null

02-12-2024T03:53:19 - [TEST_STEP][PASSED] - n = n + 1: null

02-12-2024T03:53:19 - [TEST_STEP][PASSED] - saveWorkbook(excelFilePath, workbook01): null

02-12-2024T03:53:19 - [TEST_STEP][PASSED] - dZO = "Россети Ленэнерго (ГК)": null

02-12-2024T03:53:19 - [TEST_STEP][FAILED] - if (verifyEqual(a35, b35) == false): null

02-12-2024T03:53:20 - [MESSAGE][FAILED] - Unable to verify equal between actual object '-47.31' and expected object '5.38' (Root cause: com.kms.katalon.core.exception.StepFailedException: Actual object '-47.31' and expected object '5.38' are not equal
	at com.kms.katalon.core.keyword.builtin.VerifyEqualKeyword$_verifyEqual_closure1.doCall(VerifyEqualKeyword.groovy:58)
	at com.kms.katalon.core.keyword.builtin.VerifyEqualKeyword$_verifyEqual_closure1.call(VerifyEqualKeyword.groovy)
	at com.kms.katalon.core.keyword.internal.KeywordMain.runKeyword(KeywordMain.groovy:75)
	at com.kms.katalon.core.keyword.builtin.VerifyEqualKeyword.verifyEqual(VerifyEqualKeyword.groovy:63)
	at com.kms.katalon.core.keyword.builtin.VerifyEqualKeyword.execute(VerifyEqualKeyword.groovy:44)
	at com.kms.katalon.core.keyword.internal.KeywordExecutor.executeKeywordForPlatform(KeywordExecutor.groovy:74)
	at com.kms.katalon.core.keyword.BuiltinKeywords.verifyEqual(BuiltinKeywords.groovy:146)
	at jdk.internal.reflect.GeneratedMethodAccessor25.invoke(Unknown Source)
	at java.base/jdk.internal.reflect.DelegatingMethodAccessorImpl.invoke(DelegatingMethodAccessorImpl.java:43)
	at Выручка в рублях сверка дашбордов ПАО Россети.Blocks(Выручка в рублях сверка дашбордов ПАО Россети:407)
	at Выручка в рублях сверка дашбордов ПАО Россети.ViruchkaChange(Выручка в рублях сверка дашбордов ПАО Россети:60)
	at Выручка в рублях сверка дашбордов ПАО Россети.run(Выручка в рублях сверка дашбордов ПАО Россети:55)
	at com.kms.katalon.core.main.ScriptEngine.run(ScriptEngine.java:194)
	at com.kms.katalon.core.main.ScriptEngine.runScriptAsRawText(ScriptEngine.java:119)
	at com.kms.katalon.core.main.TestCaseExecutor.runScript(TestCaseExecutor.java:448)
	at com.kms.katalon.core.main.TestCaseExecutor.doExecute(TestCaseExecutor.java:439)
	at com.kms.katalon.core.main.TestCaseExecutor.processExecutionPhase(TestCaseExecutor.java:418)
	at com.kms.katalon.core.main.TestCaseExecutor.accessMainPhase(TestCaseExecutor.java:410)
	at com.kms.katalon.core.main.TestCaseExecutor.execute(TestCaseExecutor.java:285)
	at com.kms.katalon.core.common.CommonExecutor.accessTestCaseMainPhase(CommonExecutor.java:65)
	at com.kms.katalon.core.main.TestSuiteExecutor.accessTestSuiteMainPhase(TestSuiteExecutor.java:150)
	at com.kms.katalon.core.main.TestSuiteExecutor.execute(TestSuiteExecutor.java:106)
	at com.kms.katalon.core.main.TestCaseMain.startTestSuite(TestCaseMain.java:180)
	at TempTestSuite1733095732962.run(TempTestSuite1733095732962.groovy:35)
	at java.base/jdk.internal.reflect.NativeMethodAccessorImpl.invoke0(Native Method)
	at java.base/jdk.internal.reflect.NativeMethodAccessorImpl.invoke(NativeMethodAccessorImpl.java:77)
	at java.base/jdk.internal.reflect.DelegatingMethodAccessorImpl.invoke(DelegatingMethodAccessorImpl.java:43)
)

02-12-2024T03:53:20 - [TEST_STEP][PASSED] - a = replaceAll("\s+", "").toDouble(): null

02-12-2024T03:53:20 - [TEST_STEP][PASSED] - b = replaceAll("\s+", "").toDouble(): null

02-12-2024T03:53:20 - [TEST_STEP][PASSED] - Script1710234207206.WriteToExcel(todaysDate, run, vir, block, typeOfData, viruchka, vidget, nameOfBlock, a, b, dZO): null

02-12-2024T03:53:20 - [TEST_STEP][PASSED] - println(run): null

02-12-2024T03:53:20 - [TEST_STEP][PASSED] - if (run == 1): null

02-12-2024T03:53:20 - [TEST_STEP][PASSED] - else if (run == 2): null

02-12-2024T03:53:20 - [TEST_STEP][PASSED] - typeOfData = "Проценты": null

02-12-2024T03:53:20 - [TEST_STEP][PASSED] - println("todaysDate:" + todaysDate): null

02-12-2024T03:53:20 - [TEST_STEP][PASSED] - println("typeOfData:" + typeOfData): null

02-12-2024T03:53:20 - [TEST_STEP][PASSED] - viruchka = getText(findTestObject("Выручка в рублях/Фильтр Выручка" + nameOfBlock)): Text of object 'Object Repository/Выручка в рублях/Фильтр Выручка Выручка' is: 'ПЕРЕДАЧА ЭЛЕКТРОЭНЕРГИИ (ИТОГО, по всем видам тарифа)'

02-12-2024T03:53:20 - [MESSAGE][PASSED] - Text of object 'Object Repository/Выручка в рублях/Фильтр Выручка Выручка' is: 'ПЕРЕДАЧА ЭЛЕКТРОЭНЕРГИИ (ИТОГО, по всем видам тарифа)'

02-12-2024T03:53:20 - [TEST_STEP][PASSED] - println("viruchka" + viruchka): null

02-12-2024T03:53:20 - [TEST_STEP][PASSED] - println("vidget" + vidget): null

02-12-2024T03:53:20 - [TEST_STEP][PASSED] - println("a" + a): null

02-12-2024T03:53:20 - [TEST_STEP][PASSED] - println("b" + b): null

02-12-2024T03:53:20 - [TEST_STEP][PASSED] - sheetName = "Sheet1": null

02-12-2024T03:53:20 - [TEST_STEP][PASSED] - data = findTestData("PlanFact"): null

02-12-2024T03:53:20 - [TEST_STEP][PASSED] - n = data.getRowNumbers() + 1: null

02-12-2024T03:53:20 - [TEST_STEP][PASSED] - period = getText(findTestObject("Выручка в рублях/Фильтр Период")): Text of object 'Object Repository/Выручка в рублях/Фильтр Период' is: 'Октябрь и 1, 2, 3 кв. 2024 года'

02-12-2024T03:53:20 - [MESSAGE][PASSED] - Text of object 'Object Repository/Выручка в рублях/Фильтр Период' is: 'Октябрь и 1, 2, 3 кв. 2024 года'

02-12-2024T03:53:20 - [TEST_STEP][PASSED] - println(period): null

02-12-2024T03:53:20 - [TEST_STEP][PASSED] - dashboardName = "Выручка в рублях": null

02-12-2024T03:53:20 - [TEST_STEP][PASSED] - workbook01 = getWorkbook(excelFilePath): null

02-12-2024T03:53:20 - [TEST_STEP][PASSED] - sheet01 = getExcelSheet(workbook01, sheetName): null

02-12-2024T03:53:20 - [TEST_STEP][PASSED] - setValueToCellByIndex(sheet01, n, 0, dashboardName): null

02-12-2024T03:53:20 - [TEST_STEP][PASSED] - setValueToCellByIndex(sheet01, n, 1, dZO): null

02-12-2024T03:53:20 - [TEST_STEP][PASSED] - setValueToCellByIndex(sheet01, n, 2, vidget): null

02-12-2024T03:53:20 - [TEST_STEP][PASSED] - setValueToCellByIndex(sheet01, n, 3, viruchka): null

02-12-2024T03:53:20 - [TEST_STEP][PASSED] - setValueToCellByIndex(sheet01, n, 4, typeOfData): null

02-12-2024T03:53:20 - [TEST_STEP][PASSED] - if (a == null): null

02-12-2024T03:53:20 - [TEST_STEP][PASSED] - else: null

02-12-2024T03:53:20 - [TEST_STEP][PASSED] - setValueToCellByIndex(sheet01, n, 5, a): null

02-12-2024T03:53:20 - [TEST_STEP][PASSED] - if (b == null): null

02-12-2024T03:53:20 - [TEST_STEP][PASSED] - else: null

02-12-2024T03:53:20 - [TEST_STEP][PASSED] - setValueToCellByIndex(sheet01, n, 6, b): null

02-12-2024T03:53:20 - [TEST_STEP][PASSED] - setValueToCellByIndex(sheet01, n, 7, period): null

02-12-2024T03:53:20 - [TEST_STEP][PASSED] - setValueToCellByIndex(sheet01, n, 8, todaysDate): null

02-12-2024T03:53:20 - [TEST_STEP][PASSED] - n = n + 1: null

02-12-2024T03:53:20 - [TEST_STEP][PASSED] - saveWorkbook(excelFilePath, workbook01): null

02-12-2024T03:53:20 - [TEST_STEP][PASSED] - dZO = "Россети Московский регион": null

02-12-2024T03:53:20 - [TEST_STEP][PASSED] - if (verifyEqual(a36, b36) == false): Actual object '4.39' and expected object '4.39' are equal

02-12-2024T03:53:20 - [MESSAGE][PASSED] - Actual object '4.39' and expected object '4.39' are equal

02-12-2024T03:53:20 - [TEST_STEP][PASSED] - dZO = "Россети Северный Кавказ (ГК)": null

02-12-2024T03:53:20 - [TEST_STEP][FAILED] - if (verifyEqual(a37, b37) == false): null

02-12-2024T03:53:20 - [MESSAGE][FAILED] - Unable to verify equal between actual object '-49.02' and expected object '2.26' (Root cause: com.kms.katalon.core.exception.StepFailedException: Actual object '-49.02' and expected object '2.26' are not equal
	at com.kms.katalon.core.keyword.builtin.VerifyEqualKeyword$_verifyEqual_closure1.doCall(VerifyEqualKeyword.groovy:58)
	at com.kms.katalon.core.keyword.builtin.VerifyEqualKeyword$_verifyEqual_closure1.call(VerifyEqualKeyword.groovy)
	at com.kms.katalon.core.keyword.internal.KeywordMain.runKeyword(KeywordMain.groovy:75)
	at com.kms.katalon.core.keyword.builtin.VerifyEqualKeyword.verifyEqual(VerifyEqualKeyword.groovy:63)
	at com.kms.katalon.core.keyword.builtin.VerifyEqualKeyword.execute(VerifyEqualKeyword.groovy:44)
	at com.kms.katalon.core.keyword.internal.KeywordExecutor.executeKeywordForPlatform(KeywordExecutor.groovy:74)
	at com.kms.katalon.core.keyword.BuiltinKeywords.verifyEqual(BuiltinKeywords.groovy:146)
	at jdk.internal.reflect.GeneratedMethodAccessor25.invoke(Unknown Source)
	at java.base/jdk.internal.reflect.DelegatingMethodAccessorImpl.invoke(DelegatingMethodAccessorImpl.java:43)
	at Выручка в рублях сверка дашбордов ПАО Россети.Blocks(Выручка в рублях сверка дашбордов ПАО Россети:427)
	at Выручка в рублях сверка дашбордов ПАО Россети.ViruchkaChange(Выручка в рублях сверка дашбордов ПАО Россети:60)
	at Выручка в рублях сверка дашбордов ПАО Россети.run(Выручка в рублях сверка дашбордов ПАО Россети:55)
	at com.kms.katalon.core.main.ScriptEngine.run(ScriptEngine.java:194)
	at com.kms.katalon.core.main.ScriptEngine.runScriptAsRawText(ScriptEngine.java:119)
	at com.kms.katalon.core.main.TestCaseExecutor.runScript(TestCaseExecutor.java:448)
	at com.kms.katalon.core.main.TestCaseExecutor.doExecute(TestCaseExecutor.java:439)
	at com.kms.katalon.core.main.TestCaseExecutor.processExecutionPhase(TestCaseExecutor.java:418)
	at com.kms.katalon.core.main.TestCaseExecutor.accessMainPhase(TestCaseExecutor.java:410)
	at com.kms.katalon.core.main.TestCaseExecutor.execute(TestCaseExecutor.java:285)
	at com.kms.katalon.core.common.CommonExecutor.accessTestCaseMainPhase(CommonExecutor.java:65)
	at com.kms.katalon.core.main.TestSuiteExecutor.accessTestSuiteMainPhase(TestSuiteExecutor.java:150)
	at com.kms.katalon.core.main.TestSuiteExecutor.execute(TestSuiteExecutor.java:106)
	at com.kms.katalon.core.main.TestCaseMain.startTestSuite(TestCaseMain.java:180)
	at TempTestSuite1733095732962.run(TempTestSuite1733095732962.groovy:35)
	at java.base/jdk.internal.reflect.NativeMethodAccessorImpl.invoke0(Native Method)
	at java.base/jdk.internal.reflect.NativeMethodAccessorImpl.invoke(NativeMethodAccessorImpl.java:77)
	at java.base/jdk.internal.reflect.DelegatingMethodAccessorImpl.invoke(DelegatingMethodAccessorImpl.java:43)
)

02-12-2024T03:53:20 - [TEST_STEP][PASSED] - a = replaceAll("\s+", "").toDouble(): null

02-12-2024T03:53:20 - [TEST_STEP][PASSED] - b = replaceAll("\s+", "").toDouble(): null

02-12-2024T03:53:20 - [TEST_STEP][PASSED] - Script1710234207206.WriteToExcel(todaysDate, run, vir, block, typeOfData, viruchka, vidget, nameOfBlock, a, b, dZO): null

02-12-2024T03:53:20 - [TEST_STEP][PASSED] - println(run): null

02-12-2024T03:53:20 - [TEST_STEP][PASSED] - if (run == 1): null

02-12-2024T03:53:20 - [TEST_STEP][PASSED] - else if (run == 2): null

02-12-2024T03:53:20 - [TEST_STEP][PASSED] - typeOfData = "Проценты": null

02-12-2024T03:53:20 - [TEST_STEP][PASSED] - println("todaysDate:" + todaysDate): null

02-12-2024T03:53:20 - [TEST_STEP][PASSED] - println("typeOfData:" + typeOfData): null

02-12-2024T03:53:20 - [TEST_STEP][PASSED] - viruchka = getText(findTestObject("Выручка в рублях/Фильтр Выручка" + nameOfBlock)): Text of object 'Object Repository/Выручка в рублях/Фильтр Выручка Выручка' is: 'ПЕРЕДАЧА ЭЛЕКТРОЭНЕРГИИ (ИТОГО, по всем видам тарифа)'

02-12-2024T03:53:21 - [MESSAGE][PASSED] - Text of object 'Object Repository/Выручка в рублях/Фильтр Выручка Выручка' is: 'ПЕРЕДАЧА ЭЛЕКТРОЭНЕРГИИ (ИТОГО, по всем видам тарифа)'

02-12-2024T03:53:21 - [TEST_STEP][PASSED] - println("viruchka" + viruchka): null

02-12-2024T03:53:21 - [TEST_STEP][PASSED] - println("vidget" + vidget): null

02-12-2024T03:53:21 - [TEST_STEP][PASSED] - println("a" + a): null

02-12-2024T03:53:21 - [TEST_STEP][PASSED] - println("b" + b): null

02-12-2024T03:53:21 - [TEST_STEP][PASSED] - sheetName = "Sheet1": null

02-12-2024T03:53:21 - [TEST_STEP][PASSED] - data = findTestData("PlanFact"): null

02-12-2024T03:53:21 - [TEST_STEP][PASSED] - n = data.getRowNumbers() + 1: null

02-12-2024T03:53:21 - [TEST_STEP][PASSED] - period = getText(findTestObject("Выручка в рублях/Фильтр Период")): Text of object 'Object Repository/Выручка в рублях/Фильтр Период' is: 'Октябрь и 1, 2, 3 кв. 2024 года'

02-12-2024T03:53:21 - [MESSAGE][PASSED] - Text of object 'Object Repository/Выручка в рублях/Фильтр Период' is: 'Октябрь и 1, 2, 3 кв. 2024 года'

02-12-2024T03:53:21 - [TEST_STEP][PASSED] - println(period): null

02-12-2024T03:53:21 - [TEST_STEP][PASSED] - dashboardName = "Выручка в рублях": null

02-12-2024T03:53:21 - [TEST_STEP][PASSED] - workbook01 = getWorkbook(excelFilePath): null

02-12-2024T03:53:21 - [TEST_STEP][PASSED] - sheet01 = getExcelSheet(workbook01, sheetName): null

02-12-2024T03:53:21 - [TEST_STEP][PASSED] - setValueToCellByIndex(sheet01, n, 0, dashboardName): null

02-12-2024T03:53:21 - [TEST_STEP][PASSED] - setValueToCellByIndex(sheet01, n, 1, dZO): null

02-12-2024T03:53:21 - [TEST_STEP][PASSED] - setValueToCellByIndex(sheet01, n, 2, vidget): null

02-12-2024T03:53:21 - [TEST_STEP][PASSED] - setValueToCellByIndex(sheet01, n, 3, viruchka): null

02-12-2024T03:53:21 - [TEST_STEP][PASSED] - setValueToCellByIndex(sheet01, n, 4, typeOfData): null

02-12-2024T03:53:21 - [TEST_STEP][PASSED] - if (a == null): null

02-12-2024T03:53:21 - [TEST_STEP][PASSED] - else: null

02-12-2024T03:53:21 - [TEST_STEP][PASSED] - setValueToCellByIndex(sheet01, n, 5, a): null

02-12-2024T03:53:21 - [TEST_STEP][PASSED] - if (b == null): null

02-12-2024T03:53:21 - [TEST_STEP][PASSED] - else: null

02-12-2024T03:53:21 - [TEST_STEP][PASSED] - setValueToCellByIndex(sheet01, n, 6, b): null

02-12-2024T03:53:21 - [TEST_STEP][PASSED] - setValueToCellByIndex(sheet01, n, 7, period): null

02-12-2024T03:53:21 - [TEST_STEP][PASSED] - setValueToCellByIndex(sheet01, n, 8, todaysDate): null

02-12-2024T03:53:21 - [TEST_STEP][PASSED] - n = n + 1: null

02-12-2024T03:53:21 - [TEST_STEP][PASSED] - saveWorkbook(excelFilePath, workbook01): null

02-12-2024T03:53:21 - [TEST_STEP][PASSED] - dZO = "Россети Северо-Запад": null

02-12-2024T03:53:21 - [TEST_STEP][PASSED] - if (verifyEqual(a38, b38) == false): Actual object '2.01' and expected object '2.01' are equal

02-12-2024T03:53:21 - [MESSAGE][PASSED] - Actual object '2.01' and expected object '2.01' are equal

02-12-2024T03:53:21 - [TEST_STEP][PASSED] - dZO = "Россети Сибирь (ГК)": null

02-12-2024T03:53:21 - [TEST_STEP][PASSED] - if (verifyEqual(a39, b39) == false): Actual object '2.23' and expected object '2.23' are equal

02-12-2024T03:53:21 - [MESSAGE][PASSED] - Actual object '2.23' and expected object '2.23' are equal

02-12-2024T03:53:21 - [TEST_STEP][PASSED] - dZO = "Россети Томск": null

02-12-2024T03:53:21 - [TEST_STEP][FAILED] - if (verifyEqual(a310, b310) == false): null

02-12-2024T03:53:21 - [MESSAGE][FAILED] - Unable to verify equal between actual object '-48.47' and expected object '3.06' (Root cause: com.kms.katalon.core.exception.StepFailedException: Actual object '-48.47' and expected object '3.06' are not equal
	at com.kms.katalon.core.keyword.builtin.VerifyEqualKeyword$_verifyEqual_closure1.doCall(VerifyEqualKeyword.groovy:58)
	at com.kms.katalon.core.keyword.builtin.VerifyEqualKeyword$_verifyEqual_closure1.call(VerifyEqualKeyword.groovy)
	at com.kms.katalon.core.keyword.internal.KeywordMain.runKeyword(KeywordMain.groovy:75)
	at com.kms.katalon.core.keyword.builtin.VerifyEqualKeyword.verifyEqual(VerifyEqualKeyword.groovy:63)
	at com.kms.katalon.core.keyword.builtin.VerifyEqualKeyword.execute(VerifyEqualKeyword.groovy:44)
	at com.kms.katalon.core.keyword.internal.KeywordExecutor.executeKeywordForPlatform(KeywordExecutor.groovy:74)
	at com.kms.katalon.core.keyword.BuiltinKeywords.verifyEqual(BuiltinKeywords.groovy:146)
	at jdk.internal.reflect.GeneratedMethodAccessor25.invoke(Unknown Source)
	at java.base/jdk.internal.reflect.DelegatingMethodAccessorImpl.invoke(DelegatingMethodAccessorImpl.java:43)
	at Выручка в рублях сверка дашбордов ПАО Россети.Blocks(Выручка в рублях сверка дашбордов ПАО Россети:457)
	at Выручка в рублях сверка дашбордов ПАО Россети.ViruchkaChange(Выручка в рублях сверка дашбордов ПАО Россети:60)
	at Выручка в рублях сверка дашбордов ПАО Россети.run(Выручка в рублях сверка дашбордов ПАО Россети:55)
	at com.kms.katalon.core.main.ScriptEngine.run(ScriptEngine.java:194)
	at com.kms.katalon.core.main.ScriptEngine.runScriptAsRawText(ScriptEngine.java:119)
	at com.kms.katalon.core.main.TestCaseExecutor.runScript(TestCaseExecutor.java:448)
	at com.kms.katalon.core.main.TestCaseExecutor.doExecute(TestCaseExecutor.java:439)
	at com.kms.katalon.core.main.TestCaseExecutor.processExecutionPhase(TestCaseExecutor.java:418)
	at com.kms.katalon.core.main.TestCaseExecutor.accessMainPhase(TestCaseExecutor.java:410)
	at com.kms.katalon.core.main.TestCaseExecutor.execute(TestCaseExecutor.java:285)
	at com.kms.katalon.core.common.CommonExecutor.accessTestCaseMainPhase(CommonExecutor.java:65)
	at com.kms.katalon.core.main.TestSuiteExecutor.accessTestSuiteMainPhase(TestSuiteExecutor.java:150)
	at com.kms.katalon.core.main.TestSuiteExecutor.execute(TestSuiteExecutor.java:106)
	at com.kms.katalon.core.main.TestCaseMain.startTestSuite(TestCaseMain.java:180)
	at TempTestSuite1733095732962.run(TempTestSuite1733095732962.groovy:35)
	at java.base/jdk.internal.reflect.NativeMethodAccessorImpl.invoke0(Native Method)
	at java.base/jdk.internal.reflect.NativeMethodAccessorImpl.invoke(NativeMethodAccessorImpl.java:77)
	at java.base/jdk.internal.reflect.DelegatingMethodAccessorImpl.invoke(DelegatingMethodAccessorImpl.java:43)
)

02-12-2024T03:53:21 - [TEST_STEP][PASSED] - a = replaceAll("\s+", "").toDouble(): null

02-12-2024T03:53:21 - [TEST_STEP][PASSED] - b = replaceAll("\s+", "").toDouble(): null

02-12-2024T03:53:21 - [TEST_STEP][PASSED] - Script1710234207206.WriteToExcel(todaysDate, run, vir, block, typeOfData, viruchka, vidget, nameOfBlock, a, b, dZO): null

02-12-2024T03:53:21 - [TEST_STEP][PASSED] - println(run): null

02-12-2024T03:53:21 - [TEST_STEP][PASSED] - if (run == 1): null

02-12-2024T03:53:21 - [TEST_STEP][PASSED] - else if (run == 2): null

02-12-2024T03:53:21 - [TEST_STEP][PASSED] - typeOfData = "Проценты": null

02-12-2024T03:53:21 - [TEST_STEP][PASSED] - println("todaysDate:" + todaysDate): null

02-12-2024T03:53:21 - [TEST_STEP][PASSED] - println("typeOfData:" + typeOfData): null

02-12-2024T03:53:21 - [TEST_STEP][PASSED] - viruchka = getText(findTestObject("Выручка в рублях/Фильтр Выручка" + nameOfBlock)): Text of object 'Object Repository/Выручка в рублях/Фильтр Выручка Выручка' is: 'ПЕРЕДАЧА ЭЛЕКТРОЭНЕРГИИ (ИТОГО, по всем видам тарифа)'

02-12-2024T03:53:22 - [MESSAGE][PASSED] - Text of object 'Object Repository/Выручка в рублях/Фильтр Выручка Выручка' is: 'ПЕРЕДАЧА ЭЛЕКТРОЭНЕРГИИ (ИТОГО, по всем видам тарифа)'

02-12-2024T03:53:22 - [TEST_STEP][PASSED] - println("viruchka" + viruchka): null

02-12-2024T03:53:22 - [TEST_STEP][PASSED] - println("vidget" + vidget): null

02-12-2024T03:53:22 - [TEST_STEP][PASSED] - println("a" + a): null

02-12-2024T03:53:22 - [TEST_STEP][PASSED] - println("b" + b): null

02-12-2024T03:53:22 - [TEST_STEP][PASSED] - sheetName = "Sheet1": null

02-12-2024T03:53:22 - [TEST_STEP][PASSED] - data = findTestData("PlanFact"): null

02-12-2024T03:53:22 - [TEST_STEP][PASSED] - n = data.getRowNumbers() + 1: null

02-12-2024T03:53:22 - [TEST_STEP][PASSED] - period = getText(findTestObject("Выручка в рублях/Фильтр Период")): Text of object 'Object Repository/Выручка в рублях/Фильтр Период' is: 'Октябрь и 1, 2, 3 кв. 2024 года'

02-12-2024T03:53:22 - [MESSAGE][PASSED] - Text of object 'Object Repository/Выручка в рублях/Фильтр Период' is: 'Октябрь и 1, 2, 3 кв. 2024 года'

02-12-2024T03:53:22 - [TEST_STEP][PASSED] - println(period): null

02-12-2024T03:53:22 - [TEST_STEP][PASSED] - dashboardName = "Выручка в рублях": null

02-12-2024T03:53:22 - [TEST_STEP][PASSED] - workbook01 = getWorkbook(excelFilePath): null

02-12-2024T03:53:22 - [TEST_STEP][PASSED] - sheet01 = getExcelSheet(workbook01, sheetName): null

02-12-2024T03:53:22 - [TEST_STEP][PASSED] - setValueToCellByIndex(sheet01, n, 0, dashboardName): null

02-12-2024T03:53:22 - [TEST_STEP][PASSED] - setValueToCellByIndex(sheet01, n, 1, dZO): null

02-12-2024T03:53:22 - [TEST_STEP][PASSED] - setValueToCellByIndex(sheet01, n, 2, vidget): null

02-12-2024T03:53:22 - [TEST_STEP][PASSED] - setValueToCellByIndex(sheet01, n, 3, viruchka): null

02-12-2024T03:53:22 - [TEST_STEP][PASSED] - setValueToCellByIndex(sheet01, n, 4, typeOfData): null

02-12-2024T03:53:22 - [TEST_STEP][PASSED] - if (a == null): null

02-12-2024T03:53:22 - [TEST_STEP][PASSED] - else: null

02-12-2024T03:53:22 - [TEST_STEP][PASSED] - setValueToCellByIndex(sheet01, n, 5, a): null

02-12-2024T03:53:22 - [TEST_STEP][PASSED] - if (b == null): null

02-12-2024T03:53:22 - [TEST_STEP][PASSED] - else: null

02-12-2024T03:53:22 - [TEST_STEP][PASSED] - setValueToCellByIndex(sheet01, n, 6, b): null

02-12-2024T03:53:22 - [TEST_STEP][PASSED] - setValueToCellByIndex(sheet01, n, 7, period): null

02-12-2024T03:53:22 - [TEST_STEP][PASSED] - setValueToCellByIndex(sheet01, n, 8, todaysDate): null

02-12-2024T03:53:22 - [TEST_STEP][PASSED] - n = n + 1: null

02-12-2024T03:53:22 - [TEST_STEP][PASSED] - saveWorkbook(excelFilePath, workbook01): null

02-12-2024T03:53:22 - [TEST_STEP][PASSED] - dZO = "Россети Тюмень": null

02-12-2024T03:53:22 - [TEST_STEP][FAILED] - if (verifyEqual(a311, b311) == false): null

02-12-2024T03:53:22 - [MESSAGE][FAILED] - Unable to verify equal between actual object '-53.69' and expected object '-7.39' (Root cause: com.kms.katalon.core.exception.StepFailedException: Actual object '-53.69' and expected object '-7.39' are not equal
	at com.kms.katalon.core.keyword.builtin.VerifyEqualKeyword$_verifyEqual_closure1.doCall(VerifyEqualKeyword.groovy:58)
	at com.kms.katalon.core.keyword.builtin.VerifyEqualKeyword$_verifyEqual_closure1.call(VerifyEqualKeyword.groovy)
	at com.kms.katalon.core.keyword.internal.KeywordMain.runKeyword(KeywordMain.groovy:75)
	at com.kms.katalon.core.keyword.builtin.VerifyEqualKeyword.verifyEqual(VerifyEqualKeyword.groovy:63)
	at com.kms.katalon.core.keyword.builtin.VerifyEqualKeyword.execute(VerifyEqualKeyword.groovy:44)
	at com.kms.katalon.core.keyword.internal.KeywordExecutor.executeKeywordForPlatform(KeywordExecutor.groovy:74)
	at com.kms.katalon.core.keyword.BuiltinKeywords.verifyEqual(BuiltinKeywords.groovy:146)
	at jdk.internal.reflect.GeneratedMethodAccessor25.invoke(Unknown Source)
	at java.base/jdk.internal.reflect.DelegatingMethodAccessorImpl.invoke(DelegatingMethodAccessorImpl.java:43)
	at Выручка в рублях сверка дашбордов ПАО Россети.Blocks(Выручка в рублях сверка дашбордов ПАО Россети:467)
	at Выручка в рублях сверка дашбордов ПАО Россети.ViruchkaChange(Выручка в рублях сверка дашбордов ПАО Россети:60)
	at Выручка в рублях сверка дашбордов ПАО Россети.run(Выручка в рублях сверка дашбордов ПАО Россети:55)
	at com.kms.katalon.core.main.ScriptEngine.run(ScriptEngine.java:194)
	at com.kms.katalon.core.main.ScriptEngine.runScriptAsRawText(ScriptEngine.java:119)
	at com.kms.katalon.core.main.TestCaseExecutor.runScript(TestCaseExecutor.java:448)
	at com.kms.katalon.core.main.TestCaseExecutor.doExecute(TestCaseExecutor.java:439)
	at com.kms.katalon.core.main.TestCaseExecutor.processExecutionPhase(TestCaseExecutor.java:418)
	at com.kms.katalon.core.main.TestCaseExecutor.accessMainPhase(TestCaseExecutor.java:410)
	at com.kms.katalon.core.main.TestCaseExecutor.execute(TestCaseExecutor.java:285)
	at com.kms.katalon.core.common.CommonExecutor.accessTestCaseMainPhase(CommonExecutor.java:65)
	at com.kms.katalon.core.main.TestSuiteExecutor.accessTestSuiteMainPhase(TestSuiteExecutor.java:150)
	at com.kms.katalon.core.main.TestSuiteExecutor.execute(TestSuiteExecutor.java:106)
	at com.kms.katalon.core.main.TestCaseMain.startTestSuite(TestCaseMain.java:180)
	at TempTestSuite1733095732962.run(TempTestSuite1733095732962.groovy:35)
	at java.base/jdk.internal.reflect.NativeMethodAccessorImpl.invoke0(Native Method)
	at java.base/jdk.internal.reflect.NativeMethodAccessorImpl.invoke(NativeMethodAccessorImpl.java:77)
	at java.base/jdk.internal.reflect.DelegatingMethodAccessorImpl.invoke(DelegatingMethodAccessorImpl.java:43)
)

02-12-2024T03:53:22 - [TEST_STEP][PASSED] - a = replaceAll("\s+", "").toDouble(): null

02-12-2024T03:53:22 - [TEST_STEP][PASSED] - b = replaceAll("\s+", "").toDouble(): null

02-12-2024T03:53:22 - [TEST_STEP][PASSED] - Script1710234207206.WriteToExcel(todaysDate, run, vir, block, typeOfData, viruchka, vidget, nameOfBlock, a, b, dZO): null

02-12-2024T03:53:22 - [TEST_STEP][PASSED] - println(run): null

02-12-2024T03:53:22 - [TEST_STEP][PASSED] - if (run == 1): null

02-12-2024T03:53:22 - [TEST_STEP][PASSED] - else if (run == 2): null

02-12-2024T03:53:22 - [TEST_STEP][PASSED] - typeOfData = "Проценты": null

02-12-2024T03:53:22 - [TEST_STEP][PASSED] - println("todaysDate:" + todaysDate): null

02-12-2024T03:53:22 - [TEST_STEP][PASSED] - println("typeOfData:" + typeOfData): null

02-12-2024T03:53:22 - [TEST_STEP][PASSED] - viruchka = getText(findTestObject("Выручка в рублях/Фильтр Выручка" + nameOfBlock)): Text of object 'Object Repository/Выручка в рублях/Фильтр Выручка Выручка' is: 'ПЕРЕДАЧА ЭЛЕКТРОЭНЕРГИИ (ИТОГО, по всем видам тарифа)'

02-12-2024T03:53:23 - [MESSAGE][PASSED] - Text of object 'Object Repository/Выручка в рублях/Фильтр Выручка Выручка' is: 'ПЕРЕДАЧА ЭЛЕКТРОЭНЕРГИИ (ИТОГО, по всем видам тарифа)'

02-12-2024T03:53:23 - [TEST_STEP][PASSED] - println("viruchka" + viruchka): null

02-12-2024T03:53:23 - [TEST_STEP][PASSED] - println("vidget" + vidget): null

02-12-2024T03:53:23 - [TEST_STEP][PASSED] - println("a" + a): null

02-12-2024T03:53:23 - [TEST_STEP][PASSED] - println("b" + b): null

02-12-2024T03:53:23 - [TEST_STEP][PASSED] - sheetName = "Sheet1": null

02-12-2024T03:53:23 - [TEST_STEP][PASSED] - data = findTestData("PlanFact"): null

02-12-2024T03:53:23 - [TEST_STEP][PASSED] - n = data.getRowNumbers() + 1: null

02-12-2024T03:53:23 - [TEST_STEP][PASSED] - period = getText(findTestObject("Выручка в рублях/Фильтр Период")): Text of object 'Object Repository/Выручка в рублях/Фильтр Период' is: 'Октябрь и 1, 2, 3 кв. 2024 года'

02-12-2024T03:53:23 - [MESSAGE][PASSED] - Text of object 'Object Repository/Выручка в рублях/Фильтр Период' is: 'Октябрь и 1, 2, 3 кв. 2024 года'

02-12-2024T03:53:23 - [TEST_STEP][PASSED] - println(period): null

02-12-2024T03:53:23 - [TEST_STEP][PASSED] - dashboardName = "Выручка в рублях": null

02-12-2024T03:53:23 - [TEST_STEP][PASSED] - workbook01 = getWorkbook(excelFilePath): null

02-12-2024T03:53:23 - [TEST_STEP][PASSED] - sheet01 = getExcelSheet(workbook01, sheetName): null

02-12-2024T03:53:23 - [TEST_STEP][PASSED] - setValueToCellByIndex(sheet01, n, 0, dashboardName): null

02-12-2024T03:53:23 - [TEST_STEP][PASSED] - setValueToCellByIndex(sheet01, n, 1, dZO): null

02-12-2024T03:53:23 - [TEST_STEP][PASSED] - setValueToCellByIndex(sheet01, n, 2, vidget): null

02-12-2024T03:53:23 - [TEST_STEP][PASSED] - setValueToCellByIndex(sheet01, n, 3, viruchka): null

02-12-2024T03:53:23 - [TEST_STEP][PASSED] - setValueToCellByIndex(sheet01, n, 4, typeOfData): null

02-12-2024T03:53:23 - [TEST_STEP][PASSED] - if (a == null): null

02-12-2024T03:53:23 - [TEST_STEP][PASSED] - else: null

02-12-2024T03:53:23 - [TEST_STEP][PASSED] - setValueToCellByIndex(sheet01, n, 5, a): null

02-12-2024T03:53:23 - [TEST_STEP][PASSED] - if (b == null): null

02-12-2024T03:53:23 - [TEST_STEP][PASSED] - else: null

02-12-2024T03:53:23 - [TEST_STEP][PASSED] - setValueToCellByIndex(sheet01, n, 6, b): null

02-12-2024T03:53:23 - [TEST_STEP][PASSED] - setValueToCellByIndex(sheet01, n, 7, period): null

02-12-2024T03:53:23 - [TEST_STEP][PASSED] - setValueToCellByIndex(sheet01, n, 8, todaysDate): null

02-12-2024T03:53:23 - [TEST_STEP][PASSED] - n = n + 1: null

02-12-2024T03:53:23 - [TEST_STEP][PASSED] - saveWorkbook(excelFilePath, workbook01): null

02-12-2024T03:53:23 - [TEST_STEP][PASSED] - dZO = "Россети Урал (ГК)": null

02-12-2024T03:53:23 - [TEST_STEP][PASSED] - if (verifyEqual(a312, b312) == false): Actual object '2.27' and expected object '2.27' are equal

02-12-2024T03:53:23 - [MESSAGE][PASSED] - Actual object '2.27' and expected object '2.27' are equal

02-12-2024T03:53:23 - [TEST_STEP][PASSED] - dZO = "Россети ФСК ЕЭС": null

02-12-2024T03:53:23 - [TEST_STEP][PASSED] - if (verifyEqual(a313, b313) == false): Actual object '-9.49' and expected object '-9.49' are equal

02-12-2024T03:53:23 - [MESSAGE][PASSED] - Actual object '-9.49' and expected object '-9.49' are equal

02-12-2024T03:53:23 - [TEST_STEP][PASSED] - dZO = "Россети Центр": null

02-12-2024T03:53:23 - [TEST_STEP][FAILED] - if (verifyEqual(a314, b314) == false): null

02-12-2024T03:53:23 - [MESSAGE][FAILED] - Unable to verify equal between actual object '-31.28' and expected object '2.55' (Root cause: com.kms.katalon.core.exception.StepFailedException: Actual object '-31.28' and expected object '2.55' are not equal
	at com.kms.katalon.core.keyword.builtin.VerifyEqualKeyword$_verifyEqual_closure1.doCall(VerifyEqualKeyword.groovy:58)
	at com.kms.katalon.core.keyword.builtin.VerifyEqualKeyword$_verifyEqual_closure1.call(VerifyEqualKeyword.groovy)
	at com.kms.katalon.core.keyword.internal.KeywordMain.runKeyword(KeywordMain.groovy:75)
	at com.kms.katalon.core.keyword.builtin.VerifyEqualKeyword.verifyEqual(VerifyEqualKeyword.groovy:63)
	at com.kms.katalon.core.keyword.builtin.VerifyEqualKeyword.execute(VerifyEqualKeyword.groovy:44)
	at com.kms.katalon.core.keyword.internal.KeywordExecutor.executeKeywordForPlatform(KeywordExecutor.groovy:74)
	at com.kms.katalon.core.keyword.BuiltinKeywords.verifyEqual(BuiltinKeywords.groovy:146)
	at jdk.internal.reflect.GeneratedMethodAccessor25.invoke(Unknown Source)
	at java.base/jdk.internal.reflect.DelegatingMethodAccessorImpl.invoke(DelegatingMethodAccessorImpl.java:43)
	at Выручка в рублях сверка дашбордов ПАО Россети.Blocks(Выручка в рублях сверка дашбордов ПАО Россети:497)
	at Выручка в рублях сверка дашбордов ПАО Россети.ViruchkaChange(Выручка в рублях сверка дашбордов ПАО Россети:60)
	at Выручка в рублях сверка дашбордов ПАО Россети.run(Выручка в рублях сверка дашбордов ПАО Россети:55)
	at com.kms.katalon.core.main.ScriptEngine.run(ScriptEngine.java:194)
	at com.kms.katalon.core.main.ScriptEngine.runScriptAsRawText(ScriptEngine.java:119)
	at com.kms.katalon.core.main.TestCaseExecutor.runScript(TestCaseExecutor.java:448)
	at com.kms.katalon.core.main.TestCaseExecutor.doExecute(TestCaseExecutor.java:439)
	at com.kms.katalon.core.main.TestCaseExecutor.processExecutionPhase(TestCaseExecutor.java:418)
	at com.kms.katalon.core.main.TestCaseExecutor.accessMainPhase(TestCaseExecutor.java:410)
	at com.kms.katalon.core.main.TestCaseExecutor.execute(TestCaseExecutor.java:285)
	at com.kms.katalon.core.common.CommonExecutor.accessTestCaseMainPhase(CommonExecutor.java:65)
	at com.kms.katalon.core.main.TestSuiteExecutor.accessTestSuiteMainPhase(TestSuiteExecutor.java:150)
	at com.kms.katalon.core.main.TestSuiteExecutor.execute(TestSuiteExecutor.java:106)
	at com.kms.katalon.core.main.TestCaseMain.startTestSuite(TestCaseMain.java:180)
	at TempTestSuite1733095732962.run(TempTestSuite1733095732962.groovy:35)
	at java.base/jdk.internal.reflect.NativeMethodAccessorImpl.invoke0(Native Method)
	at java.base/jdk.internal.reflect.NativeMethodAccessorImpl.invoke(NativeMethodAccessorImpl.java:77)
	at java.base/jdk.internal.reflect.DelegatingMethodAccessorImpl.invoke(DelegatingMethodAccessorImpl.java:43)
)

02-12-2024T03:53:23 - [TEST_STEP][PASSED] - a = replaceAll("\s+", "").toDouble(): null

02-12-2024T03:53:23 - [TEST_STEP][PASSED] - b = replaceAll("\s+", "").toDouble(): null

02-12-2024T03:53:23 - [TEST_STEP][PASSED] - Script1710234207206.WriteToExcel(todaysDate, run, vir, block, typeOfData, viruchka, vidget, nameOfBlock, a, b, dZO): null

02-12-2024T03:53:23 - [TEST_STEP][PASSED] - println(run): null

02-12-2024T03:53:23 - [TEST_STEP][PASSED] - if (run == 1): null

02-12-2024T03:53:23 - [TEST_STEP][PASSED] - else if (run == 2): null

02-12-2024T03:53:23 - [TEST_STEP][PASSED] - typeOfData = "Проценты": null

02-12-2024T03:53:23 - [TEST_STEP][PASSED] - println("todaysDate:" + todaysDate): null

02-12-2024T03:53:23 - [TEST_STEP][PASSED] - println("typeOfData:" + typeOfData): null

02-12-2024T03:53:23 - [TEST_STEP][PASSED] - viruchka = getText(findTestObject("Выручка в рублях/Фильтр Выручка" + nameOfBlock)): Text of object 'Object Repository/Выручка в рублях/Фильтр Выручка Выручка' is: 'ПЕРЕДАЧА ЭЛЕКТРОЭНЕРГИИ (ИТОГО, по всем видам тарифа)'

02-12-2024T03:53:24 - [MESSAGE][PASSED] - Text of object 'Object Repository/Выручка в рублях/Фильтр Выручка Выручка' is: 'ПЕРЕДАЧА ЭЛЕКТРОЭНЕРГИИ (ИТОГО, по всем видам тарифа)'

02-12-2024T03:53:24 - [TEST_STEP][PASSED] - println("viruchka" + viruchka): null

02-12-2024T03:53:24 - [TEST_STEP][PASSED] - println("vidget" + vidget): null

02-12-2024T03:53:24 - [TEST_STEP][PASSED] - println("a" + a): null

02-12-2024T03:53:24 - [TEST_STEP][PASSED] - println("b" + b): null

02-12-2024T03:53:24 - [TEST_STEP][PASSED] - sheetName = "Sheet1": null

02-12-2024T03:53:24 - [TEST_STEP][PASSED] - data = findTestData("PlanFact"): null

02-12-2024T03:53:24 - [TEST_STEP][PASSED] - n = data.getRowNumbers() + 1: null

02-12-2024T03:53:24 - [TEST_STEP][PASSED] - period = getText(findTestObject("Выручка в рублях/Фильтр Период")): Text of object 'Object Repository/Выручка в рублях/Фильтр Период' is: 'Октябрь и 1, 2, 3 кв. 2024 года'

02-12-2024T03:53:24 - [MESSAGE][PASSED] - Text of object 'Object Repository/Выручка в рублях/Фильтр Период' is: 'Октябрь и 1, 2, 3 кв. 2024 года'

02-12-2024T03:53:24 - [TEST_STEP][PASSED] - println(period): null

02-12-2024T03:53:24 - [TEST_STEP][PASSED] - dashboardName = "Выручка в рублях": null

02-12-2024T03:53:24 - [TEST_STEP][PASSED] - workbook01 = getWorkbook(excelFilePath): null

02-12-2024T03:53:24 - [TEST_STEP][PASSED] - sheet01 = getExcelSheet(workbook01, sheetName): null

02-12-2024T03:53:24 - [TEST_STEP][PASSED] - setValueToCellByIndex(sheet01, n, 0, dashboardName): null

02-12-2024T03:53:24 - [TEST_STEP][PASSED] - setValueToCellByIndex(sheet01, n, 1, dZO): null

02-12-2024T03:53:24 - [TEST_STEP][PASSED] - setValueToCellByIndex(sheet01, n, 2, vidget): null

02-12-2024T03:53:24 - [TEST_STEP][PASSED] - setValueToCellByIndex(sheet01, n, 3, viruchka): null

02-12-2024T03:53:24 - [TEST_STEP][PASSED] - setValueToCellByIndex(sheet01, n, 4, typeOfData): null

02-12-2024T03:53:24 - [TEST_STEP][PASSED] - if (a == null): null

02-12-2024T03:53:24 - [TEST_STEP][PASSED] - else: null

02-12-2024T03:53:24 - [TEST_STEP][PASSED] - setValueToCellByIndex(sheet01, n, 5, a): null

02-12-2024T03:53:24 - [TEST_STEP][PASSED] - if (b == null): null

02-12-2024T03:53:24 - [TEST_STEP][PASSED] - else: null

02-12-2024T03:53:24 - [TEST_STEP][PASSED] - setValueToCellByIndex(sheet01, n, 6, b): null

02-12-2024T03:53:24 - [TEST_STEP][PASSED] - setValueToCellByIndex(sheet01, n, 7, period): null

02-12-2024T03:53:24 - [TEST_STEP][PASSED] - setValueToCellByIndex(sheet01, n, 8, todaysDate): null

02-12-2024T03:53:24 - [TEST_STEP][PASSED] - n = n + 1: null

02-12-2024T03:53:24 - [TEST_STEP][PASSED] - saveWorkbook(excelFilePath, workbook01): null

02-12-2024T03:53:24 - [TEST_STEP][PASSED] - dZO = "Россети Центр и Приволжье (ГК)": null

02-12-2024T03:53:24 - [TEST_STEP][PASSED] - if (verifyEqual(a315, b315) == false): Actual object '4.33' and expected object '4.33' are equal

02-12-2024T03:53:24 - [MESSAGE][PASSED] - Actual object '4.33' and expected object '4.33' are equal

02-12-2024T03:53:24 - [TEST_STEP][PASSED] - dZO = "Россети Юг (ГК)": null

02-12-2024T03:53:24 - [TEST_STEP][FAILED] - if (verifyEqual(a316, b316) == false): null

02-12-2024T03:53:24 - [MESSAGE][FAILED] - Unable to verify equal between actual object '-48.44' and expected object '3.11' (Root cause: com.kms.katalon.core.exception.StepFailedException: Actual object '-48.44' and expected object '3.11' are not equal
	at com.kms.katalon.core.keyword.builtin.VerifyEqualKeyword$_verifyEqual_closure1.doCall(VerifyEqualKeyword.groovy:58)
	at com.kms.katalon.core.keyword.builtin.VerifyEqualKeyword$_verifyEqual_closure1.call(VerifyEqualKeyword.groovy)
	at com.kms.katalon.core.keyword.internal.KeywordMain.runKeyword(KeywordMain.groovy:75)
	at com.kms.katalon.core.keyword.builtin.VerifyEqualKeyword.verifyEqual(VerifyEqualKeyword.groovy:63)
	at com.kms.katalon.core.keyword.builtin.VerifyEqualKeyword.execute(VerifyEqualKeyword.groovy:44)
	at com.kms.katalon.core.keyword.internal.KeywordExecutor.executeKeywordForPlatform(KeywordExecutor.groovy:74)
	at com.kms.katalon.core.keyword.BuiltinKeywords.verifyEqual(BuiltinKeywords.groovy:146)
	at jdk.internal.reflect.GeneratedMethodAccessor25.invoke(Unknown Source)
	at java.base/jdk.internal.reflect.DelegatingMethodAccessorImpl.invoke(DelegatingMethodAccessorImpl.java:43)
	at Выручка в рублях сверка дашбордов ПАО Россети.Blocks(Выручка в рублях сверка дашбордов ПАО Россети:517)
	at Выручка в рублях сверка дашбордов ПАО Россети.ViruchkaChange(Выручка в рублях сверка дашбордов ПАО Россети:60)
	at Выручка в рублях сверка дашбордов ПАО Россети.run(Выручка в рублях сверка дашбордов ПАО Россети:55)
	at com.kms.katalon.core.main.ScriptEngine.run(ScriptEngine.java:194)
	at com.kms.katalon.core.main.ScriptEngine.runScriptAsRawText(ScriptEngine.java:119)
	at com.kms.katalon.core.main.TestCaseExecutor.runScript(TestCaseExecutor.java:448)
	at com.kms.katalon.core.main.TestCaseExecutor.doExecute(TestCaseExecutor.java:439)
	at com.kms.katalon.core.main.TestCaseExecutor.processExecutionPhase(TestCaseExecutor.java:418)
	at com.kms.katalon.core.main.TestCaseExecutor.accessMainPhase(TestCaseExecutor.java:410)
	at com.kms.katalon.core.main.TestCaseExecutor.execute(TestCaseExecutor.java:285)
	at com.kms.katalon.core.common.CommonExecutor.accessTestCaseMainPhase(CommonExecutor.java:65)
	at com.kms.katalon.core.main.TestSuiteExecutor.accessTestSuiteMainPhase(TestSuiteExecutor.java:150)
	at com.kms.katalon.core.main.TestSuiteExecutor.execute(TestSuiteExecutor.java:106)
	at com.kms.katalon.core.main.TestCaseMain.startTestSuite(TestCaseMain.java:180)
	at TempTestSuite1733095732962.run(TempTestSuite1733095732962.groovy:35)
	at java.base/jdk.internal.reflect.NativeMethodAccessorImpl.invoke0(Native Method)
	at java.base/jdk.internal.reflect.NativeMethodAccessorImpl.invoke(NativeMethodAccessorImpl.java:77)
	at java.base/jdk.internal.reflect.DelegatingMethodAccessorImpl.invoke(DelegatingMethodAccessorImpl.java:43)
)

02-12-2024T03:53:24 - [TEST_STEP][PASSED] - a = replaceAll("\s+", "").toDouble(): null

02-12-2024T03:53:24 - [TEST_STEP][PASSED] - b = replaceAll("\s+", "").toDouble(): null

02-12-2024T03:53:24 - [TEST_STEP][PASSED] - Script1710234207206.WriteToExcel(todaysDate, run, vir, block, typeOfData, viruchka, vidget, nameOfBlock, a, b, dZO): null

02-12-2024T03:53:24 - [TEST_STEP][PASSED] - println(run): null

02-12-2024T03:53:24 - [TEST_STEP][PASSED] - if (run == 1): null

02-12-2024T03:53:24 - [TEST_STEP][PASSED] - else if (run == 2): null

02-12-2024T03:53:24 - [TEST_STEP][PASSED] - typeOfData = "Проценты": null

02-12-2024T03:53:24 - [TEST_STEP][PASSED] - println("todaysDate:" + todaysDate): null

02-12-2024T03:53:24 - [TEST_STEP][PASSED] - println("typeOfData:" + typeOfData): null

02-12-2024T03:53:24 - [TEST_STEP][PASSED] - viruchka = getText(findTestObject("Выручка в рублях/Фильтр Выручка" + nameOfBlock)): Text of object 'Object Repository/Выручка в рублях/Фильтр Выручка Выручка' is: 'ПЕРЕДАЧА ЭЛЕКТРОЭНЕРГИИ (ИТОГО, по всем видам тарифа)'

02-12-2024T03:53:25 - [MESSAGE][PASSED] - Text of object 'Object Repository/Выручка в рублях/Фильтр Выручка Выручка' is: 'ПЕРЕДАЧА ЭЛЕКТРОЭНЕРГИИ (ИТОГО, по всем видам тарифа)'

02-12-2024T03:53:25 - [TEST_STEP][PASSED] - println("viruchka" + viruchka): null

02-12-2024T03:53:25 - [TEST_STEP][PASSED] - println("vidget" + vidget): null

02-12-2024T03:53:25 - [TEST_STEP][PASSED] - println("a" + a): null

02-12-2024T03:53:25 - [TEST_STEP][PASSED] - println("b" + b): null

02-12-2024T03:53:25 - [TEST_STEP][PASSED] - sheetName = "Sheet1": null

02-12-2024T03:53:25 - [TEST_STEP][PASSED] - data = findTestData("PlanFact"): null

02-12-2024T03:53:25 - [TEST_STEP][PASSED] - n = data.getRowNumbers() + 1: null

02-12-2024T03:53:25 - [TEST_STEP][PASSED] - period = getText(findTestObject("Выручка в рублях/Фильтр Период")): Text of object 'Object Repository/Выручка в рублях/Фильтр Период' is: 'Октябрь и 1, 2, 3 кв. 2024 года'

02-12-2024T03:53:25 - [MESSAGE][PASSED] - Text of object 'Object Repository/Выручка в рублях/Фильтр Период' is: 'Октябрь и 1, 2, 3 кв. 2024 года'

02-12-2024T03:53:25 - [TEST_STEP][PASSED] - println(period): null

02-12-2024T03:53:25 - [TEST_STEP][PASSED] - dashboardName = "Выручка в рублях": null

02-12-2024T03:53:25 - [TEST_STEP][PASSED] - workbook01 = getWorkbook(excelFilePath): null

02-12-2024T03:53:25 - [TEST_STEP][PASSED] - sheet01 = getExcelSheet(workbook01, sheetName): null

02-12-2024T03:53:25 - [TEST_STEP][PASSED] - setValueToCellByIndex(sheet01, n, 0, dashboardName): null

02-12-2024T03:53:25 - [TEST_STEP][PASSED] - setValueToCellByIndex(sheet01, n, 1, dZO): null

02-12-2024T03:53:25 - [TEST_STEP][PASSED] - setValueToCellByIndex(sheet01, n, 2, vidget): null

02-12-2024T03:53:25 - [TEST_STEP][PASSED] - setValueToCellByIndex(sheet01, n, 3, viruchka): null

02-12-2024T03:53:25 - [TEST_STEP][PASSED] - setValueToCellByIndex(sheet01, n, 4, typeOfData): null

02-12-2024T03:53:25 - [TEST_STEP][PASSED] - if (a == null): null

02-12-2024T03:53:25 - [TEST_STEP][PASSED] - else: null

02-12-2024T03:53:25 - [TEST_STEP][PASSED] - setValueToCellByIndex(sheet01, n, 5, a): null

02-12-2024T03:53:25 - [TEST_STEP][PASSED] - if (b == null): null

02-12-2024T03:53:25 - [TEST_STEP][PASSED] - else: null

02-12-2024T03:53:25 - [TEST_STEP][PASSED] - setValueToCellByIndex(sheet01, n, 6, b): null

02-12-2024T03:53:25 - [TEST_STEP][PASSED] - setValueToCellByIndex(sheet01, n, 7, period): null

02-12-2024T03:53:25 - [TEST_STEP][PASSED] - setValueToCellByIndex(sheet01, n, 8, todaysDate): null

02-12-2024T03:53:25 - [TEST_STEP][PASSED] - n = n + 1: null

02-12-2024T03:53:25 - [TEST_STEP][PASSED] - saveWorkbook(excelFilePath, workbook01): null

02-12-2024T03:53:25 - [TEST_STEP][PASSED] - dZO = "Россети Янтарь": null

02-12-2024T03:53:25 - [TEST_STEP][PASSED] - if (verifyEqual(a317, b317) == false): Actual object '4.04' and expected object '4.04' are equal

02-12-2024T03:53:25 - [MESSAGE][PASSED] - Actual object '4.04' and expected object '4.04' are equal

02-12-2024T03:53:25 - [TEST_STEP][PASSED] - closeBrowser(): null

02-12-2024T03:53:26 - [MESSAGE][PASSED] - Browser is closed

02-12-2024T03:53:26 - [TEST_STEP][PASSED] - Script1710234207206.Blocks(run, vir, block, nameOfBlock, typeOfData, viruchka, vidget, todaysDate, a, b, dZO, x, y): null

02-12-2024T03:53:26 - [TEST_STEP][PASSED] - i = <not implemented yet for class: org.codehaus.groovy.ast.expr.EmptyExpression>: null

02-12-2024T03:53:26 - [TEST_STEP][PASSED] - perc = "": null

02-12-2024T03:53:26 - [TEST_STEP][PASSED] - a1 = <not implemented yet for class: org.codehaus.groovy.ast.expr.EmptyExpression>: null

02-12-2024T03:53:26 - [TEST_STEP][PASSED] - a2 = <not implemented yet for class: org.codehaus.groovy.ast.expr.EmptyExpression>: null

02-12-2024T03:53:26 - [TEST_STEP][PASSED] - a30 = <not implemented yet for class: org.codehaus.groovy.ast.expr.EmptyExpression>: null

02-12-2024T03:53:26 - [TEST_STEP][PASSED] - a31 = <not implemented yet for class: org.codehaus.groovy.ast.expr.EmptyExpression>: null

02-12-2024T03:53:26 - [TEST_STEP][PASSED] - a32 = <not implemented yet for class: org.codehaus.groovy.ast.expr.EmptyExpression>: null

02-12-2024T03:53:26 - [TEST_STEP][PASSED] - a33 = <not implemented yet for class: org.codehaus.groovy.ast.expr.EmptyExpression>: null

02-12-2024T03:53:26 - [TEST_STEP][PASSED] - a34 = <not implemented yet for class: org.codehaus.groovy.ast.expr.EmptyExpression>: null

02-12-2024T03:53:26 - [TEST_STEP][PASSED] - a35 = <not implemented yet for class: org.codehaus.groovy.ast.expr.EmptyExpression>: null

02-12-2024T03:53:26 - [TEST_STEP][PASSED] - a36 = <not implemented yet for class: org.codehaus.groovy.ast.expr.EmptyExpression>: null

02-12-2024T03:53:26 - [TEST_STEP][PASSED] - a37 = <not implemented yet for class: org.codehaus.groovy.ast.expr.EmptyExpression>: null

02-12-2024T03:53:26 - [TEST_STEP][PASSED] - a38 = <not implemented yet for class: org.codehaus.groovy.ast.expr.EmptyExpression>: null

02-12-2024T03:53:26 - [TEST_STEP][PASSED] - a39 = <not implemented yet for class: org.codehaus.groovy.ast.expr.EmptyExpression>: null

02-12-2024T03:53:26 - [TEST_STEP][PASSED] - a310 = <not implemented yet for class: org.codehaus.groovy.ast.expr.EmptyExpression>: null

02-12-2024T03:53:26 - [TEST_STEP][PASSED] - a311 = <not implemented yet for class: org.codehaus.groovy.ast.expr.EmptyExpression>: null

02-12-2024T03:53:26 - [TEST_STEP][PASSED] - a312 = <not implemented yet for class: org.codehaus.groovy.ast.expr.EmptyExpression>: null

02-12-2024T03:53:26 - [TEST_STEP][PASSED] - a313 = <not implemented yet for class: org.codehaus.groovy.ast.expr.EmptyExpression>: null

02-12-2024T03:53:26 - [TEST_STEP][PASSED] - a314 = <not implemented yet for class: org.codehaus.groovy.ast.expr.EmptyExpression>: null

02-12-2024T03:53:26 - [TEST_STEP][PASSED] - a315 = <not implemented yet for class: org.codehaus.groovy.ast.expr.EmptyExpression>: null

02-12-2024T03:53:26 - [TEST_STEP][PASSED] - a316 = <not implemented yet for class: org.codehaus.groovy.ast.expr.EmptyExpression>: null

02-12-2024T03:53:26 - [TEST_STEP][PASSED] - a317 = <not implemented yet for class: org.codehaus.groovy.ast.expr.EmptyExpression>: null

02-12-2024T03:53:26 - [TEST_STEP][PASSED] - b1 = <not implemented yet for class: org.codehaus.groovy.ast.expr.EmptyExpression>: null

02-12-2024T03:53:26 - [TEST_STEP][PASSED] - b2 = <not implemented yet for class: org.codehaus.groovy.ast.expr.EmptyExpression>: null

02-12-2024T03:53:26 - [TEST_STEP][PASSED] - b30 = <not implemented yet for class: org.codehaus.groovy.ast.expr.EmptyExpression>: null

02-12-2024T03:53:26 - [TEST_STEP][PASSED] - b31 = <not implemented yet for class: org.codehaus.groovy.ast.expr.EmptyExpression>: null

02-12-2024T03:53:26 - [TEST_STEP][PASSED] - b32 = <not implemented yet for class: org.codehaus.groovy.ast.expr.EmptyExpression>: null

02-12-2024T03:53:26 - [TEST_STEP][PASSED] - b33 = <not implemented yet for class: org.codehaus.groovy.ast.expr.EmptyExpression>: null

02-12-2024T03:53:26 - [TEST_STEP][PASSED] - b34 = <not implemented yet for class: org.codehaus.groovy.ast.expr.EmptyExpression>: null

02-12-2024T03:53:26 - [TEST_STEP][PASSED] - b35 = <not implemented yet for class: org.codehaus.groovy.ast.expr.EmptyExpression>: null

02-12-2024T03:53:26 - [TEST_STEP][PASSED] - b36 = <not implemented yet for class: org.codehaus.groovy.ast.expr.EmptyExpression>: null

02-12-2024T03:53:26 - [TEST_STEP][PASSED] - b37 = <not implemented yet for class: org.codehaus.groovy.ast.expr.EmptyExpression>: null

02-12-2024T03:53:26 - [TEST_STEP][PASSED] - b38 = <not implemented yet for class: org.codehaus.groovy.ast.expr.EmptyExpression>: null

02-12-2024T03:53:26 - [TEST_STEP][PASSED] - b39 = <not implemented yet for class: org.codehaus.groovy.ast.expr.EmptyExpression>: null

02-12-2024T03:53:26 - [TEST_STEP][PASSED] - b310 = <not implemented yet for class: org.codehaus.groovy.ast.expr.EmptyExpression>: null

02-12-2024T03:53:26 - [TEST_STEP][PASSED] - b311 = <not implemented yet for class: org.codehaus.groovy.ast.expr.EmptyExpression>: null

02-12-2024T03:53:26 - [TEST_STEP][PASSED] - b312 = <not implemented yet for class: org.codehaus.groovy.ast.expr.EmptyExpression>: null

02-12-2024T03:53:26 - [TEST_STEP][PASSED] - b313 = <not implemented yet for class: org.codehaus.groovy.ast.expr.EmptyExpression>: null

02-12-2024T03:53:26 - [TEST_STEP][PASSED] - b314 = <not implemented yet for class: org.codehaus.groovy.ast.expr.EmptyExpression>: null

02-12-2024T03:53:26 - [TEST_STEP][PASSED] - b315 = <not implemented yet for class: org.codehaus.groovy.ast.expr.EmptyExpression>: null

02-12-2024T03:53:26 - [TEST_STEP][PASSED] - b316 = <not implemented yet for class: org.codehaus.groovy.ast.expr.EmptyExpression>: null

02-12-2024T03:53:26 - [TEST_STEP][PASSED] - b317 = <not implemented yet for class: org.codehaus.groovy.ast.expr.EmptyExpression>: null

02-12-2024T03:53:26 - [TEST_STEP][PASSED] - block = 1: null

02-12-2024T03:53:26 - [TEST_STEP][PASSED] - nameOfBlock = "": null

02-12-2024T03:53:26 - [TEST_STEP][PASSED] - Script1710234207206.PreSettings(run, vir, block, nameOfBlock, typeOfData, todaysDate): null

02-12-2024T03:53:26 - [TEST_STEP][PASSED] - openBrowser(""): Browser is opened with url: ''

02-12-2024T03:53:26 - [MESSAGE][INFO] - Starting 'Chrome' driver

02-12-2024T03:53:26 - [MESSAGE][INFO] - Action delay is set to 0 milliseconds

02-12-2024T03:53:26 - [MESSAGE][PASSED] - Browser is opened with url: ''

02-12-2024T03:53:26 - [TEST_STEP][PASSED] - refresh(): Refresh successfully

02-12-2024T03:53:27 - [MESSAGE][PASSED] - Refresh successfully

02-12-2024T03:53:27 - [TEST_STEP][PASSED] - delay(50): Delayed 50 second(s)

02-12-2024T03:54:17 - [MESSAGE][PASSED] - Delayed 50 second(s)

02-12-2024T03:54:17 - [TEST_STEP][PASSED] - println("run:" + run): null

02-12-2024T03:54:17 - [TEST_STEP][PASSED] - println("vir:" + vir): null

02-12-2024T03:54:17 - [TEST_STEP][PASSED] - println("block:" + block): null

02-12-2024T03:54:17 - [TEST_STEP][PASSED] - if (block == 1): null

02-12-2024T03:54:17 - [TEST_STEP][PASSED] - nameOfBlock = "": null

02-12-2024T03:54:17 - [TEST_STEP][PASSED] - println("nameOfBlock:" + nameOfBlock): null

02-12-2024T03:54:17 - [TEST_STEP][PASSED] - println("typeOfData:" + typeOfData): null

02-12-2024T03:54:17 - [TEST_STEP][PASSED] - println("todaysDate:" + todaysDate): null

02-12-2024T03:54:17 - [TEST_STEP][PASSED] - Script1710234207206.Autorization(block, nameOfBlock): null

02-12-2024T03:54:17 - [TEST_STEP][PASSED] - i = <not implemented yet for class: org.codehaus.groovy.ast.expr.EmptyExpression>: null

02-12-2024T03:54:17 - [TEST_STEP][PASSED] - ii = <not implemented yet for class: org.codehaus.groovy.ast.expr.EmptyExpression>: null

02-12-2024T03:54:17 - [TEST_STEP][PASSED] - urlData = <not implemented yet for class: org.codehaus.groovy.ast.expr.EmptyExpression>: null

02-12-2024T03:54:17 - [TEST_STEP][PASSED] - searchWord = <not implemented yet for class: org.codehaus.groovy.ast.expr.EmptyExpression>: null

02-12-2024T03:54:17 - [TEST_STEP][PASSED] - urlText = <not implemented yet for class: org.codehaus.groovy.ast.expr.EmptyExpression>: null

02-12-2024T03:54:17 - [TEST_STEP][PASSED] - println("block:" + block): null

02-12-2024T03:54:17 - [TEST_STEP][PASSED] - if (block == 1): null

02-12-2024T03:54:17 - [TEST_STEP][PASSED] - nameOfBlock = "": null

02-12-2024T03:54:17 - [TEST_STEP][PASSED] - println("nameOfBlock:" + nameOfBlock): null

02-12-2024T03:54:17 - [TEST_STEP][PASSED] - if (block == 1): Delayed 45 second(s)

02-12-2024T03:54:17 - [TEST_STEP][PASSED] - urlData = 2: null

02-12-2024T03:54:17 - [TEST_STEP][PASSED] - delay(45): Delayed 45 second(s)

02-12-2024T03:55:02 - [MESSAGE][PASSED] - Delayed 45 second(s)

02-12-2024T03:55:02 - [TEST_STEP][PASSED] - navigateToUrl(findTestData("PlanFact").getValue(10, urlData)): Navigate to 'https://bi.rosseti.digital/viewer?dashboardGuid=2301950b23be4ed89c1df75f2020051e&sheetGuid=b723206f698544fb87299f3095c00435&fit=true' successfully

02-12-2024T03:55:08 - [MESSAGE][PASSED] - Navigate to 'https://bi.rosseti.digital/viewer?dashboardGuid=2301950b23be4ed89c1df75f2020051e&sheetGuid=b723206f698544fb87299f3095c00435&fit=true' successfully

02-12-2024T03:55:08 - [TEST_STEP][PASSED] - urlText = getText(findTestObject("Страница авторизации/Text")): Text of object 'Object Repository/Страница авторизации/Text' is: 'Вход'

02-12-2024T03:55:11 - [MESSAGE][PASSED] - Text of object 'Object Repository/Страница авторизации/Text' is: 'Вход'

02-12-2024T03:55:11 - [TEST_STEP][PASSED] - searchWord = "Вход": null

02-12-2024T03:55:11 - [TEST_STEP][PASSED] - if (urlText == null || urlText.contains("ошибка") || urlText.contains(searchWord) == false): null

02-12-2024T03:55:11 - [TEST_STEP][PASSED] - if (verifyElementPresent(findTestObject("Страница авторизации/button_"), 30) == true): null

02-12-2024T03:55:12 - [MESSAGE][PASSED] - Object 'Object Repository/Страница авторизации/button_' is present

02-12-2024T03:55:12 - [TEST_STEP][PASSED] - setText(findTestObject("Страница авторизации/input__username"), findTestData("PlanFact").getValue(8, 1)): Text 'liazgina-di' is set on object 'Object Repository/Страница авторизации/input__username'

02-12-2024T03:55:12 - [MESSAGE][PASSED] - Text 'liazgina-di' is set on object 'Object Repository/Страница авторизации/input__username'

02-12-2024T03:55:12 - [TEST_STEP][PASSED] - setText(findTestObject("Страница авторизации/input__password"), findTestData("PlanFact").getValue(9, 1)): Text ')$%5srZ8o688Dm#q' is set on object 'Object Repository/Страница авторизации/input__password'

02-12-2024T03:55:13 - [MESSAGE][PASSED] - Text ')$%5srZ8o688Dm#q' is set on object 'Object Repository/Страница авторизации/input__password'

02-12-2024T03:55:13 - [TEST_STEP][PASSED] - click(findTestObject("Страница авторизации/button_")): Object: 'Object Repository/Страница авторизации/button_' is clicked on

02-12-2024T03:55:16 - [MESSAGE][PASSED] - Object: 'Object Repository/Страница авторизации/button_' is clicked on

02-12-2024T03:55:16 - [TEST_STEP][PASSED] - delay(45): Delayed 45 second(s)

02-12-2024T03:56:01 - [MESSAGE][PASSED] - Delayed 45 second(s)

02-12-2024T03:56:01 - [TEST_STEP][PASSED] - urlText = getText(findTestObject("Страница авторизации/Text")): Text of object 'Object Repository/Страница авторизации/Text' is: 'Период
1, 2, 3 кв., Октябрь 2024 года
Выручка
Все
Выполнение плановых показателей по ПАО Россети за 1, 2, 3 кв., Октябрь 2024 года
План
Факт
Динамика
2024 год
0 млн.руб.
100 000 млн.руб.
200 000 млн.руб.
300 000 млн.руб.
400 000 млн.руб.
500 000 млн.руб.
600 000 млн.руб.
700 000 млн.руб.
800 000 млн.руб.
900 000 млн.руб.
1 000 000 млн.руб.
1 100 000 млн.руб.
1 200 000 млн.руб.
1 300 000 млн.руб.
1 400 000 млн.руб.
1 180 677
1 181 459
↑
ДЗО 
Все
Внутренний оборот - выручка за услуги по передаче электрической энергии, учтенная в выручке за электроэнергию для конечных потребителей, при выполнении ДЗО функций гарантирующего поставщика
Подписи данных
⬤Отклонение
АО «Тываэнерго»
АО «Чеченэнерго»
Россети Волга
Россети Кубань
Россети Ленэнерго (ГК)
Россети Московский регион
Россети Северный Кавказ (ГК)
Россети Северо-Запад
Россети Сибирь (ГК)
Россети Томск
Россети Тюмень
Россети Урал (ГК)
Россети ФСК ЕЭС
Россети Центр
Россети Центр и Приволжье (ГК)
Россети Юг (ГК)
Россети Янтарь
-25 000млн.руб.
-20 000млн.руб.
-15 000млн.руб.
-10 000млн.руб.
-5 000млн.руб.
0млн.руб.
5 000млн.руб.
10 …
-30 000млн.руб.
300
101
156
3 953
4 462
7 500
888
878
1 274
238
-5 106
1 955
-24 344
2 435
4 419
1 357
318
млн.
%
Выручка
Отклонение выручки по ПАО Россети за 1, 2, 3 кв., Октябрь 2024 года (факт/план, млн. руб)
ПАО Россети
782.4 млн.руб.
 '

02-12-2024T03:56:02 - [MESSAGE][PASSED] - Text of object 'Object Repository/Страница авторизации/Text' is: 'Период
1, 2, 3 кв., Октябрь 2024 года
Выручка
Все
Выполнение плановых показателей по ПАО Россети за 1, 2, 3 кв., Октябрь 2024 года
План
Факт
Динамика
2024 год
0 млн.руб.
100 000 млн.руб.
200 000 млн.руб.
300 000 млн.руб.
400 000 млн.руб.
500 000 млн.руб.
600 000 млн.руб.
700 000 млн.руб.
800 000 млн.руб.
900 000 млн.руб.
1 000 000 млн.руб.
1 100 000 млн.руб.
1 200 000 млн.руб.
1 300 000 млн.руб.
1 400 000 млн.руб.
1 180 677
1 181 459
↑
ДЗО 
Все
Внутренний оборот - выручка за услуги по передаче электрической энергии, учтенная в выручке за электроэнергию для конечных потребителей, при выполнении ДЗО функций гарантирующего поставщика
Подписи данных
⬤Отклонение
АО «Тываэнерго»
АО «Чеченэнерго»
Россети Волга
Россети Кубань
Россети Ленэнерго (ГК)
Россети Московский регион
Россети Северный Кавказ (ГК)
Россети Северо-Запад
Россети Сибирь (ГК)
Россети Томск
Россети Тюмень
Россети Урал (ГК)
Россети ФСК ЕЭС
Россети Центр
Россети Центр и Приволжье (ГК)
Россети Юг (ГК)
Россети Янтарь
-25 000млн.руб.
-20 000млн.руб.
-15 000млн.руб.
-10 000млн.руб.
-5 000млн.руб.
0млн.руб.
5 000млн.руб.
10 …
-30 000млн.руб.
300
101
156
3 953
4 462
7 500
888
878
1 274
238
-5 106
1 955
-24 344
2 435
4 419
1 357
318
млн.
%
Выручка
Отклонение выручки по ПАО Россети за 1, 2, 3 кв., Октябрь 2024 года (факт/план, млн. руб)
ПАО Россети
782.4 млн.руб.
 '

02-12-2024T03:56:02 - [TEST_STEP][PASSED] - searchWord = "а": null

02-12-2024T03:56:02 - [TEST_STEP][PASSED] - if (urlText.contains("ошибка") || urlText.contains(searchWord) == false): null

02-12-2024T03:56:02 - [TEST_STEP][PASSED] - delay(45): Delayed 45 second(s)

02-12-2024T03:56:47 - [MESSAGE][PASSED] - Delayed 45 second(s)

02-12-2024T03:56:47 - [TEST_STEP][PASSED] - if (block == 2): null

02-12-2024T03:56:47 - [TEST_STEP][PASSED] - click(findTestObject("Выручка в рублях/Фильтр Период" + nameOfBlock)): Object: 'Object Repository/Выручка в рублях/Фильтр Период' is clicked on

02-12-2024T03:56:47 - [MESSAGE][PASSED] - Object: 'Object Repository/Выручка в рублях/Фильтр Период' is clicked on

02-12-2024T03:56:47 - [TEST_STEP][PASSED] - click(findTestObject("Выручка в рублях/Снять выделение в фильтре Дата" + nameOfBlock)): Object: 'Object Repository/Выручка в рублях/Снять выделение в фильтре Дата' is clicked on

02-12-2024T03:56:48 - [MESSAGE][PASSED] - Object: 'Object Repository/Выручка в рублях/Снять выделение в фильтре Дата' is clicked on

02-12-2024T03:56:48 - [TEST_STEP][PASSED] - click(findTestObject("Выручка в рублях/Применить в фильтре Дата" + nameOfBlock)): Object: 'Object Repository/Выручка в рублях/Применить в фильтре Дата' is clicked on

02-12-2024T03:56:48 - [MESSAGE][PASSED] - Object: 'Object Repository/Выручка в рублях/Применить в фильтре Дата' is clicked on

02-12-2024T03:56:48 - [TEST_STEP][PASSED] - delay(50): Delayed 50 second(s)

02-12-2024T03:57:38 - [MESSAGE][PASSED] - Delayed 50 second(s)

02-12-2024T03:57:38 - [TEST_STEP][PASSED] - click(findTestObject("Выручка в рублях/Фильтр Период" + nameOfBlock)): Object: 'Object Repository/Выручка в рублях/Фильтр Период' is clicked on

02-12-2024T03:57:39 - [MESSAGE][PASSED] - Object: 'Object Repository/Выручка в рублях/Фильтр Период' is clicked on

02-12-2024T03:57:39 - [TEST_STEP][PASSED] - click(findTestObject("Выручка в рублях/Снять выделение в фильтре Дата" + nameOfBlock)): Object: 'Object Repository/Выручка в рублях/Снять выделение в фильтре Дата' is clicked on

02-12-2024T03:57:39 - [MESSAGE][PASSED] - Object: 'Object Repository/Выручка в рублях/Снять выделение в фильтре Дата' is clicked on

02-12-2024T03:57:39 - [TEST_STEP][PASSED] - scrollToElement(findTestObject("Выручка в рублях/2024 список" + nameOfBlock), 30): Scroll to object 'Object Repository/Выручка в рублях/2024 список' successfully

02-12-2024T03:57:40 - [MESSAGE][PASSED] - Scroll to object 'Object Repository/Выручка в рублях/2024 список' successfully

02-12-2024T03:57:40 - [TEST_STEP][PASSED] - click(findTestObject("Выручка в рублях/2024 список" + nameOfBlock)): Object: 'Object Repository/Выручка в рублях/2024 список' is clicked on

02-12-2024T03:57:40 - [MESSAGE][PASSED] - Object: 'Object Repository/Выручка в рублях/2024 список' is clicked on

02-12-2024T03:57:40 - [TEST_STEP][PASSED] - scrollToElement(findTestObject("Выручка в рублях/1 квартал 2024 выбрать" + nameOfBlock), 30): Scroll to object 'Object Repository/Выручка в рублях/1 квартал 2024 выбрать' successfully

02-12-2024T03:57:40 - [MESSAGE][PASSED] - Scroll to object 'Object Repository/Выручка в рублях/1 квартал 2024 выбрать' successfully

02-12-2024T03:57:40 - [TEST_STEP][PASSED] - click(findTestObject("Выручка в рублях/1 квартал 2024 выбрать" + nameOfBlock)): Object: 'Object Repository/Выручка в рублях/1 квартал 2024 выбрать' is clicked on

02-12-2024T03:57:41 - [MESSAGE][PASSED] - Object: 'Object Repository/Выручка в рублях/1 квартал 2024 выбрать' is clicked on

02-12-2024T03:57:41 - [TEST_STEP][PASSED] - scrollToElement(findTestObject("Выручка в рублях/2 квартал 2024 выбрать" + nameOfBlock), 30): Scroll to object 'Object Repository/Выручка в рублях/2 квартал 2024 выбрать' successfully

02-12-2024T03:57:41 - [MESSAGE][PASSED] - Scroll to object 'Object Repository/Выручка в рублях/2 квартал 2024 выбрать' successfully

02-12-2024T03:57:41 - [TEST_STEP][PASSED] - click(findTestObject("Выручка в рублях/2 квартал 2024 выбрать" + nameOfBlock)): Object: 'Object Repository/Выручка в рублях/2 квартал 2024 выбрать' is clicked on

02-12-2024T03:57:42 - [MESSAGE][PASSED] - Object: 'Object Repository/Выручка в рублях/2 квартал 2024 выбрать' is clicked on

02-12-2024T03:57:42 - [TEST_STEP][PASSED] - scrollToElement(findTestObject("Выручка в рублях/3 квартал 2024 список" + nameOfBlock), 30): Scroll to object 'Object Repository/Выручка в рублях/3 квартал 2024 список' successfully

02-12-2024T03:57:42 - [MESSAGE][PASSED] - Scroll to object 'Object Repository/Выручка в рублях/3 квартал 2024 список' successfully

02-12-2024T03:57:42 - [TEST_STEP][PASSED] - click(findTestObject("Выручка в рублях/3 квартал 2024" + nameOfBlock)): Object: 'Object Repository/Выручка в рублях/3 квартал 2024' is clicked on

02-12-2024T03:57:42 - [MESSAGE][PASSED] - Object: 'Object Repository/Выручка в рублях/3 квартал 2024' is clicked on

02-12-2024T03:57:42 - [TEST_STEP][PASSED] - scrollToElement(findTestObject("Выручка в рублях/4 квартал 2024 список" + nameOfBlock), 30): Scroll to object 'Object Repository/Выручка в рублях/4 квартал 2024 список' successfully

02-12-2024T03:57:43 - [MESSAGE][PASSED] - Scroll to object 'Object Repository/Выручка в рублях/4 квартал 2024 список' successfully

02-12-2024T03:57:43 - [TEST_STEP][PASSED] - click(findTestObject("Выручка в рублях/4 квартал 2024 список" + nameOfBlock)): Object: 'Object Repository/Выручка в рублях/4 квартал 2024 список' is clicked on

02-12-2024T03:57:43 - [MESSAGE][PASSED] - Object: 'Object Repository/Выручка в рублях/4 квартал 2024 список' is clicked on

02-12-2024T03:57:43 - [TEST_STEP][PASSED] - scrollToElement(findTestObject("Выручка в рублях/Октябрь 2024" + nameOfBlock), 30): Scroll to object 'Object Repository/Выручка в рублях/Октябрь 2024' successfully

02-12-2024T03:57:44 - [MESSAGE][PASSED] - Scroll to object 'Object Repository/Выручка в рублях/Октябрь 2024' successfully

02-12-2024T03:57:44 - [TEST_STEP][PASSED] - click(findTestObject("Выручка в рублях/Октябрь 2024" + nameOfBlock)): Object: 'Object Repository/Выручка в рублях/Октябрь 2024' is clicked on

02-12-2024T03:57:44 - [MESSAGE][PASSED] - Object: 'Object Repository/Выручка в рублях/Октябрь 2024' is clicked on

02-12-2024T03:57:44 - [TEST_STEP][PASSED] - scrollToElement(findTestObject("Выручка в рублях/Заголовок дашборда" + nameOfBlock), 30): Scroll to object 'Object Repository/Выручка в рублях/Заголовок дашборда' successfully

02-12-2024T03:57:44 - [MESSAGE][PASSED] - Scroll to object 'Object Repository/Выручка в рублях/Заголовок дашборда' successfully

02-12-2024T03:57:44 - [TEST_STEP][PASSED] - click(findTestObject("Выручка в рублях/Применить в фильтре Дата" + nameOfBlock)): Object: 'Object Repository/Выручка в рублях/Применить в фильтре Дата' is clicked on

02-12-2024T03:57:45 - [MESSAGE][PASSED] - Object: 'Object Repository/Выручка в рублях/Применить в фильтре Дата' is clicked on

02-12-2024T03:57:45 - [TEST_STEP][PASSED] - delay(55): Delayed 55 second(s)

02-12-2024T03:58:40 - [MESSAGE][PASSED] - Delayed 55 second(s)

02-12-2024T03:58:40 - [TEST_STEP][PASSED] - click(findTestObject("Выручка в рублях/Фильтр ДЗО" + nameOfBlock)): Object: 'Object Repository/Выручка в рублях/Фильтр ДЗО' is clicked on

02-12-2024T03:58:40 - [MESSAGE][PASSED] - Object: 'Object Repository/Выручка в рублях/Фильтр ДЗО' is clicked on

02-12-2024T03:58:40 - [TEST_STEP][PASSED] - click(findTestObject("Выручка в рублях/Снять выделение в фильтре ДЗО" + nameOfBlock)): Object: 'Object Repository/Выручка в рублях/Снять выделение в фильтре ДЗО' is clicked on

02-12-2024T03:58:41 - [MESSAGE][PASSED] - Object: 'Object Repository/Выручка в рублях/Снять выделение в фильтре ДЗО' is clicked on

02-12-2024T03:58:41 - [TEST_STEP][PASSED] - click(findTestObject("Выручка в рублях/Применить в фильтре ДЗО" + nameOfBlock)): Object: 'Object Repository/Выручка в рублях/Применить в фильтре ДЗО' is clicked on

02-12-2024T03:58:41 - [MESSAGE][PASSED] - Object: 'Object Repository/Выручка в рублях/Применить в фильтре ДЗО' is clicked on

02-12-2024T03:58:41 - [TEST_STEP][PASSED] - delay(50): Delayed 50 second(s)

02-12-2024T03:59:31 - [MESSAGE][PASSED] - Delayed 50 second(s)

02-12-2024T03:59:31 - [TEST_STEP][PASSED] - Script1710234207206.Tumbler(run, vir, block, nameOfBlock): null

02-12-2024T03:59:31 - [TEST_STEP][PASSED] - println("run:" + run): null

02-12-2024T03:59:31 - [TEST_STEP][PASSED] - println("vir:" + vir): null

02-12-2024T03:59:31 - [TEST_STEP][PASSED] - println("block:" + block): null

02-12-2024T03:59:31 - [TEST_STEP][PASSED] - println("nameOfBlock:" + nameOfBlock): null

02-12-2024T03:59:31 - [TEST_STEP][PASSED] - if (vir == 1): null

02-12-2024T03:59:31 - [TEST_STEP][PASSED] - else if (vir == 2): null

02-12-2024T03:59:31 - [TEST_STEP][PASSED] - else if (vir == 3): Object: 'Object Repository/Выручка в рублях/Применить в фильтре Выручка' is clicked on

02-12-2024T03:59:31 - [TEST_STEP][PASSED] - if (run == 2): Object: 'Object Repository/Выручка в рублях/Переключить отображение с млн на проценты Выручка в рублях' is clicked on

02-12-2024T03:59:31 - [TEST_STEP][PASSED] - click(findTestObject("Выручка в рублях/Переключить отображение с млн на проценты Выручка в рублях" + nameOfBlock)): Object: 'Object Repository/Выручка в рублях/Переключить отображение с млн на проценты Выручка в рублях' is clicked on

02-12-2024T03:59:32 - [MESSAGE][PASSED] - Object: 'Object Repository/Выручка в рублях/Переключить отображение с млн на проценты Выручка в рублях' is clicked on

02-12-2024T03:59:32 - [TEST_STEP][PASSED] - click(findTestObject("Выручка в рублях/Фильтр Выручка" + nameOfBlock)): Object: 'Object Repository/Выручка в рублях/Фильтр Выручка' is clicked on

02-12-2024T03:59:32 - [MESSAGE][PASSED] - Object: 'Object Repository/Выручка в рублях/Фильтр Выручка' is clicked on

02-12-2024T03:59:32 - [TEST_STEP][PASSED] - click(findTestObject("Выручка в рублях/Внутренний оборот в фильтре Выручка" + nameOfBlock)): Object: 'Object Repository/Выручка в рублях/Внутренний оборот в фильтре Выручка' is clicked on

02-12-2024T03:59:33 - [MESSAGE][PASSED] - Object: 'Object Repository/Выручка в рублях/Внутренний оборот в фильтре Выручка' is clicked on

02-12-2024T03:59:33 - [TEST_STEP][PASSED] - click(findTestObject("Выручка в рублях/Применить в фильтре Выручка" + nameOfBlock)): Object: 'Object Repository/Выручка в рублях/Применить в фильтре Выручка' is clicked on

02-12-2024T03:59:33 - [MESSAGE][PASSED] - Object: 'Object Repository/Выручка в рублях/Применить в фильтре Выручка' is clicked on

02-12-2024T03:59:33 - [TEST_STEP][PASSED] - click(findTestObject("Выручка в рублях/Фильтр ДЗО" + nameOfBlock)): Object: 'Object Repository/Выручка в рублях/Фильтр ДЗО' is clicked on

02-12-2024T04:00:04 - [MESSAGE][PASSED] - Object: 'Object Repository/Выручка в рублях/Фильтр ДЗО' is clicked on

02-12-2024T04:00:04 - [TEST_STEP][PASSED] - Script1710234207206.Rosseti(nameOfBlock): null

02-12-2024T04:00:04 - [TEST_STEP][PASSED] - println("nameOfBlock:" + nameOfBlock): null

02-12-2024T04:00:04 - [TEST_STEP][PASSED] - click(findTestObject("Выручка в рублях/ПАО Россети" + nameOfBlock)): Object: 'Object Repository/Выручка в рублях/ПАО Россети' is clicked on

02-12-2024T04:00:23 - [MESSAGE][PASSED] - Object: 'Object Repository/Выручка в рублях/ПАО Россети' is clicked on

02-12-2024T04:00:23 - [TEST_STEP][PASSED] - click(findTestObject("Выручка в рублях/Применить в фильтре ДЗО" + nameOfBlock)): Object: 'Object Repository/Выручка в рублях/Применить в фильтре ДЗО' is clicked on

02-12-2024T04:00:24 - [MESSAGE][PASSED] - Object: 'Object Repository/Выручка в рублях/Применить в фильтре ДЗО' is clicked on

02-12-2024T04:00:24 - [TEST_STEP][PASSED] - if (run == 2): null

02-12-2024T04:00:24 - [TEST_STEP][PASSED] - perc = " Perc": null

02-12-2024T04:00:24 - [TEST_STEP][PASSED] - if (vir == 1 || vir == 2): null

02-12-2024T04:00:24 - [TEST_STEP][PASSED] - else: Text of object 'Object Repository/Выручка в рублях/vir3Plan' is: '19 961'

02-12-2024T04:00:24 - [TEST_STEP][PASSED] - a1 = getText(findTestObject("Выручка в рублях/vir3Plan")): Text of object 'Object Repository/Выручка в рублях/vir3Plan' is: '19 961'

02-12-2024T04:00:32 - [MESSAGE][PASSED] - Text of object 'Object Repository/Выручка в рублях/vir3Plan' is: '19 961'

02-12-2024T04:00:32 - [TEST_STEP][PASSED] - if (vir == 1 || vir == 2): null

02-12-2024T04:00:32 - [TEST_STEP][PASSED] - else: Text of object 'Object Repository/Выручка в рублях/vir3Fact' is: '20 654'

02-12-2024T04:00:32 - [TEST_STEP][PASSED] - a2 = getText(findTestObject("Выручка в рублях/vir3Fact")): Text of object 'Object Repository/Выручка в рублях/vir3Fact' is: '20 654'

02-12-2024T04:00:32 - [MESSAGE][PASSED] - Text of object 'Object Repository/Выручка в рублях/vir3Fact' is: '20 654'

02-12-2024T04:00:32 - [TEST_STEP][PASSED] - a30 = getText(findTestObject("Выручка в рублях/span1" + perc)): Text of object 'Object Repository/Выручка в рублях/span1 Perc' is: '-47.24 %'

02-12-2024T04:00:33 - [MESSAGE][PASSED] - Text of object 'Object Repository/Выручка в рублях/span1 Perc' is: '-47.24 %'

02-12-2024T04:00:33 - [TEST_STEP][PASSED] - i = a30.indexOf("млн.руб."): null

02-12-2024T04:00:33 - [TEST_STEP][PASSED] - if (i > -1): null

02-12-2024T04:00:33 - [TEST_STEP][PASSED] - if (a30.contains("%")): null

02-12-2024T04:00:33 - [TEST_STEP][PASSED] - a30 = a30.replaceAll("%", ""): null

02-12-2024T04:00:33 - [TEST_STEP][PASSED] - a30 = ").trim(): null

02-12-2024T04:00:33 - [TEST_STEP][PASSED] - println("a30: " + a30): null

02-12-2024T04:00:33 - [TEST_STEP][PASSED] - if (vir == 1 || vir == 2): null

02-12-2024T04:00:33 - [TEST_STEP][PASSED] - else: Text of object 'Object Repository/Выручка в рублях/span15 Perc' is: '-5.9 %'

02-12-2024T04:00:33 - [TEST_STEP][PASSED] - a31 = ").trim(): Text of object 'Object Repository/Выручка в рублях/span15 Perc' is: '-5.9 %'

02-12-2024T04:00:33 - [MESSAGE][PASSED] - Text of object 'Object Repository/Выручка в рублях/span15 Perc' is: '-5.9 %'

02-12-2024T04:00:33 - [TEST_STEP][PASSED] - if (vir == 1 || vir == 2): null

02-12-2024T04:00:33 - [TEST_STEP][PASSED] - else: Text of object 'Object Repository/Выручка в рублях/span16 Perc' is: '-48.49 %'

02-12-2024T04:00:33 - [TEST_STEP][PASSED] - a32 = ").trim(): Text of object 'Object Repository/Выручка в рублях/span16 Perc' is: '-48.49 %'

02-12-2024T04:00:33 - [MESSAGE][PASSED] - Text of object 'Object Repository/Выручка в рублях/span16 Perc' is: '-48.49 %'

02-12-2024T04:00:33 - [TEST_STEP][PASSED] - if (vir == 1 || vir == 2): null

02-12-2024T04:00:33 - [TEST_STEP][PASSED] - else: Text of object 'Object Repository/Выручка в рублях/span17 Perc' is: '-48.97 %'

02-12-2024T04:00:33 - [TEST_STEP][PASSED] - a37 = ").trim(): Text of object 'Object Repository/Выручка в рублях/span17 Perc' is: '-48.97 %'

02-12-2024T04:00:34 - [MESSAGE][PASSED] - Text of object 'Object Repository/Выручка в рублях/span17 Perc' is: '-48.97 %'

02-12-2024T04:00:34 - [TEST_STEP][PASSED] - if (vir == 1 || vir == 2): null

02-12-2024T04:00:34 - [TEST_STEP][PASSED] - else: Text of object 'Object Repository/Выручка в рублях/span18 Perc' is: '-45.96 %'

02-12-2024T04:00:34 - [TEST_STEP][PASSED] - a316 = ").trim(): Text of object 'Object Repository/Выручка в рублях/span18 Perc' is: '-45.96 %'

02-12-2024T04:00:34 - [MESSAGE][PASSED] - Text of object 'Object Repository/Выручка в рублях/span18 Perc' is: '-45.96 %'

02-12-2024T04:00:34 - [TEST_STEP][PASSED] - if (vir == 1 || vir == 2): null

02-12-2024T04:00:34 - [TEST_STEP][PASSED] - block = 2: null

02-12-2024T04:00:34 - [TEST_STEP][PASSED] - nameOfBlock = " Выручка": null

02-12-2024T04:00:34 - [TEST_STEP][PASSED] - Script1710234207206.PreSettings(run, vir, block, nameOfBlock, typeOfData, todaysDate): null

02-12-2024T04:00:34 - [TEST_STEP][PASSED] - openBrowser(""): Browser is opened with url: ''

02-12-2024T04:00:34 - [MESSAGE][WARNING] - A browser is already opened. Closing browser and opening a new one

02-12-2024T04:00:34 - [MESSAGE][INFO] - Starting 'Chrome' driver

02-12-2024T04:00:34 - [MESSAGE][INFO] - Action delay is set to 0 milliseconds

02-12-2024T04:00:35 - [MESSAGE][PASSED] - Browser is opened with url: ''

02-12-2024T04:00:35 - [TEST_STEP][PASSED] - refresh(): Refresh successfully

02-12-2024T04:00:35 - [MESSAGE][PASSED] - Refresh successfully

02-12-2024T04:00:35 - [TEST_STEP][PASSED] - delay(50): Delayed 50 second(s)

02-12-2024T04:01:25 - [MESSAGE][PASSED] - Delayed 50 second(s)

02-12-2024T04:01:25 - [TEST_STEP][PASSED] - println("run:" + run): null

02-12-2024T04:01:25 - [TEST_STEP][PASSED] - println("vir:" + vir): null

02-12-2024T04:01:25 - [TEST_STEP][PASSED] - println("block:" + block): null

02-12-2024T04:01:25 - [TEST_STEP][PASSED] - if (block == 1): null

02-12-2024T04:01:25 - [TEST_STEP][PASSED] - else: null

02-12-2024T04:01:25 - [TEST_STEP][PASSED] - nameOfBlock = " Выручка": null

02-12-2024T04:01:25 - [TEST_STEP][PASSED] - println("nameOfBlock:" + nameOfBlock): null

02-12-2024T04:01:25 - [TEST_STEP][PASSED] - println("typeOfData:" + typeOfData): null

02-12-2024T04:01:25 - [TEST_STEP][PASSED] - println("todaysDate:" + todaysDate): null

02-12-2024T04:01:25 - [TEST_STEP][PASSED] - Script1710234207206.Autorization(block, nameOfBlock): null

02-12-2024T04:01:25 - [TEST_STEP][PASSED] - i = <not implemented yet for class: org.codehaus.groovy.ast.expr.EmptyExpression>: null

02-12-2024T04:01:25 - [TEST_STEP][PASSED] - ii = <not implemented yet for class: org.codehaus.groovy.ast.expr.EmptyExpression>: null

02-12-2024T04:01:25 - [TEST_STEP][PASSED] - urlData = <not implemented yet for class: org.codehaus.groovy.ast.expr.EmptyExpression>: null

02-12-2024T04:01:25 - [TEST_STEP][PASSED] - searchWord = <not implemented yet for class: org.codehaus.groovy.ast.expr.EmptyExpression>: null

02-12-2024T04:01:25 - [TEST_STEP][PASSED] - urlText = <not implemented yet for class: org.codehaus.groovy.ast.expr.EmptyExpression>: null

02-12-2024T04:01:25 - [TEST_STEP][PASSED] - println("block:" + block): null

02-12-2024T04:01:25 - [TEST_STEP][PASSED] - if (block == 1): null

02-12-2024T04:01:25 - [TEST_STEP][PASSED] - else: null

02-12-2024T04:01:25 - [TEST_STEP][PASSED] - delay(45): Delayed 45 second(s)

02-12-2024T04:02:10 - [MESSAGE][PASSED] - Delayed 45 second(s)

02-12-2024T04:02:10 - [TEST_STEP][PASSED] - nameOfBlock = " Выручка": null

02-12-2024T04:02:10 - [TEST_STEP][PASSED] - println("nameOfBlock:" + nameOfBlock): null

02-12-2024T04:02:10 - [TEST_STEP][PASSED] - if (block == 1): null

02-12-2024T04:02:10 - [TEST_STEP][PASSED] - else: Delayed 45 second(s)

02-12-2024T04:02:10 - [TEST_STEP][PASSED] - urlData = 9: null

02-12-2024T04:02:10 - [TEST_STEP][PASSED] - delay(45): Delayed 45 second(s)

02-12-2024T04:02:55 - [MESSAGE][PASSED] - Delayed 45 second(s)

02-12-2024T04:02:55 - [TEST_STEP][FAILED] - navigateToUrl(findTestData("PlanFact").getValue(10, urlData)): Unable to navigate to 'https://bi.rosseti.digital/viewer?dashboardGuid=a1fd28b3785d443cbc4d7690a1d78e31&sheetGuid=86092a20c5984827a0c87b24cac76a50&fit=true' (Root cause: com.kms.katalon.core.exception.StepFailedException: Unable to navigate to 'https://bi.rosseti.digital/viewer?dashboardGuid=a1fd28b3785d443cbc4d7690a1d78e31&sheetGuid=86092a20c5984827a0c87b24cac76a50&fit=true'
	at com.kms.katalon.core.webui.keyword.internal.WebUIKeywordMain.stepFailed(WebUIKeywordMain.groovy:64)
	at com.kms.katalon.core.webui.keyword.internal.WebUIKeywordMain.runKeyword(WebUIKeywordMain.groovy:26)
	at com.kms.katalon.core.webui.keyword.builtin.NavigateToUrlKeyword.navigateToUrl(NavigateToUrlKeyword.groovy:83)
	at com.kms.katalon.core.webui.keyword.builtin.NavigateToUrlKeyword.execute(NavigateToUrlKeyword.groovy:67)
	at com.kms.katalon.core.keyword.internal.KeywordExecutor.executeKeywordForPlatform(KeywordExecutor.groovy:74)
	at com.kms.katalon.core.webui.keyword.WebUiBuiltInKeywords.navigateToUrl(WebUiBuiltInKeywords.groovy:187)
	at Выручка в рублях сверка дашбордов ПАО Россети.Autorization(Выручка в рублях сверка дашбордов ПАО Россети:674)
	at Выручка в рублях сверка дашбордов ПАО Россети.PreSettings(Выручка в рублях сверка дашбордов ПАО Россети:573)
	at Выручка в рублях сверка дашбордов ПАО Россети.Blocks(Выручка в рублях сверка дашбордов ПАО Россети:247)
	at Выручка в рублях сверка дашбордов ПАО Россети.ViruchkaChange(Выручка в рублях сверка дашбордов ПАО Россети:60)
	at Выручка в рублях сверка дашбордов ПАО Россети.run(Выручка в рублях сверка дашбордов ПАО Россети:55)
	at com.kms.katalon.core.main.ScriptEngine.run(ScriptEngine.java:194)
	at com.kms.katalon.core.main.ScriptEngine.runScriptAsRawText(ScriptEngine.java:119)
	at com.kms.katalon.core.main.TestCaseExecutor.runScript(TestCaseExecutor.java:448)
	at com.kms.katalon.core.main.TestCaseExecutor.doExecute(TestCaseExecutor.java:439)
	at com.kms.katalon.core.main.TestCaseExecutor.processExecutionPhase(TestCaseExecutor.java:418)
	at com.kms.katalon.core.main.TestCaseExecutor.accessMainPhase(TestCaseExecutor.java:410)
	at com.kms.katalon.core.main.TestCaseExecutor.execute(TestCaseExecutor.java:285)
	at com.kms.katalon.core.common.CommonExecutor.accessTestCaseMainPhase(CommonExecutor.java:65)
	at com.kms.katalon.core.main.TestSuiteExecutor.accessTestSuiteMainPhase(TestSuiteExecutor.java:150)
	at com.kms.katalon.core.main.TestSuiteExecutor.execute(TestSuiteExecutor.java:106)
	at com.kms.katalon.core.main.TestCaseMain.startTestSuite(TestCaseMain.java:180)
	at TempTestSuite1733095732962.run(TempTestSuite1733095732962.groovy:35)
	at java.base/jdk.internal.reflect.NativeMethodAccessorImpl.invoke0(Native Method)
	at java.base/jdk.internal.reflect.NativeMethodAccessorImpl.invoke(NativeMethodAccessorImpl.java:77)
	at java.base/jdk.internal.reflect.DelegatingMethodAccessorImpl.invoke(DelegatingMethodAccessorImpl.java:43)
Caused by: org.openqa.selenium.TimeoutException: timeout: Timed out receiving message from renderer: 299.195
  (Session info: chrome=131.0.6778.86)
Build info: version: '3.141.59', revision: 'unknown', time: 'unknown'
System info: host: 'UVV-WS904-D', ip: '192.168.0.19', os.name: 'Windows 10', os.arch: 'amd64', os.version: '10.0', java.version: '17.0.7'
Driver info: com.kms.katalon.selenium.driver.CChromeDriver
Capabilities {acceptInsecureCerts: false, browserName: chrome, browserVersion: 131.0.6778.86, chrome: {chromedriverVersion: 131.0.6778.85 (3d81e41b6f3a..., userDataDir: C:\Users\LIAZGI~1\AppData\L...}, fedcm:accounts: true, goog:chromeOptions: {debuggerAddress: localhost:54451}, javascriptEnabled: true, networkConnectionEnabled: false, pageLoadStrategy: normal, platform: WINDOWS, platformName: WINDOWS, proxy: Proxy(), setWindowRect: true, strictFileInteractability: false, timeouts: {implicit: 0, pageLoad: 300000, script: 30000}, unhandledPromptBehavior: dismiss and notify, webauthn:extension:credBlob: true, webauthn:extension:largeBlob: true, webauthn:extension:minPinLength: true, webauthn:extension:prf: true, webauthn:virtualAuthenticators: true}
Session ID: bd95e02755bd1318eb4c02d76ce2e62f
	at java.base/jdk.internal.reflect.NativeConstructorAccessorImpl.newInstance0(Native Method)
	at java.base/jdk.internal.reflect.NativeConstructorAccessorImpl.newInstance(NativeConstructorAccessorImpl.java:77)
	at java.base/jdk.internal.reflect.DelegatingConstructorAccessorImpl.newInstance(DelegatingConstructorAccessorImpl.java:45)
	at org.openqa.selenium.remote.http.W3CHttpResponseCodec.createException(W3CHttpResponseCodec.java:187)
	at org.openqa.selenium.remote.http.W3CHttpResponseCodec.decode(W3CHttpResponseCodec.java:122)
	at org.openqa.selenium.remote.http.W3CHttpResponseCodec.decode(W3CHttpResponseCodec.java:49)
	at org.openqa.selenium.remote.HttpCommandExecutor.execute(HttpCommandExecutor.java:158)
	at org.openqa.selenium.remote.service.DriverCommandExecutor.execute(DriverCommandExecutor.java:83)
	at org.openqa.selenium.remote.RemoteWebDriver.execute(RemoteWebDriver.java:552)
	at com.kms.katalon.selenium.driver.CChromeDriver.execute(CChromeDriver.java:19)
	at org.openqa.selenium.remote.RemoteWebDriver.get(RemoteWebDriver.java:277)
	at org.openqa.selenium.remote.RemoteWebDriver$RemoteNavigation.to(RemoteWebDriver.java:857)
	at org.openqa.selenium.support.events.EventFiringWebDriver$EventFiringNavigation.to(EventFiringWebDriver.java:569)
	at com.kms.katalon.core.webui.keyword.builtin.NavigateToUrlKeyword$_navigateToUrl_closure1.doCall(NavigateToUrlKeyword.groovy:81)
	at com.kms.katalon.core.webui.keyword.builtin.NavigateToUrlKeyword$_navigateToUrl_closure1.call(NavigateToUrlKeyword.groovy)
	at com.kms.katalon.core.webui.keyword.internal.WebUIKeywordMain.runKeyword(WebUIKeywordMain.groovy:20)
	at com.kms.katalon.core.webui.keyword.builtin.NavigateToUrlKeyword.navigateToUrl(NavigateToUrlKeyword.groovy:83)
	at com.kms.katalon.core.webui.keyword.builtin.NavigateToUrlKeyword.execute(NavigateToUrlKeyword.groovy:67)
	at com.kms.katalon.core.keyword.internal.KeywordExecutor.executeKeywordForPlatform(KeywordExecutor.groovy:74)
	at com.kms.katalon.core.webui.keyword.WebUiBuiltInKeywords.navigateToUrl(WebUiBuiltInKeywords.groovy:187)
	at Script1710234207206.Autorization(Script1710234207206.groovy:674)
	at Script1710234207206.PreSettings(Script1710234207206.groovy:573)
	at Script1710234207206.Blocks(Script1710234207206.groovy:247)
	at Script1710234207206.ViruchkaChange(Script1710234207206.groovy:60)
	at Script1710234207206.run(Script1710234207206.groovy:55)
	... 15 more
)

02-12-2024T04:08:55 - [MESSAGE][WARNING] - Cannot take screenshot

02-12-2024T04:08:55 - [MESSAGE][FAILED] - Unable to navigate to 'https://bi.rosseti.digital/viewer?dashboardGuid=a1fd28b3785d443cbc4d7690a1d78e31&sheetGuid=86092a20c5984827a0c87b24cac76a50&fit=true' (Root cause: com.kms.katalon.core.exception.StepFailedException: Unable to navigate to 'https://bi.rosseti.digital/viewer?dashboardGuid=a1fd28b3785d443cbc4d7690a1d78e31&sheetGuid=86092a20c5984827a0c87b24cac76a50&fit=true'
	at com.kms.katalon.core.webui.keyword.internal.WebUIKeywordMain.stepFailed(WebUIKeywordMain.groovy:64)
	at com.kms.katalon.core.webui.keyword.internal.WebUIKeywordMain.runKeyword(WebUIKeywordMain.groovy:26)
	at com.kms.katalon.core.webui.keyword.builtin.NavigateToUrlKeyword.navigateToUrl(NavigateToUrlKeyword.groovy:83)
	at com.kms.katalon.core.webui.keyword.builtin.NavigateToUrlKeyword.execute(NavigateToUrlKeyword.groovy:67)
	at com.kms.katalon.core.keyword.internal.KeywordExecutor.executeKeywordForPlatform(KeywordExecutor.groovy:74)
	at com.kms.katalon.core.webui.keyword.WebUiBuiltInKeywords.navigateToUrl(WebUiBuiltInKeywords.groovy:187)
	at Выручка в рублях сверка дашбордов ПАО Россети.Autorization(Выручка в рублях сверка дашбордов ПАО Россети:674)
	at Выручка в рублях сверка дашбордов ПАО Россети.PreSettings(Выручка в рублях сверка дашбордов ПАО Россети:573)
	at Выручка в рублях сверка дашбордов ПАО Россети.Blocks(Выручка в рублях сверка дашбордов ПАО Россети:247)
	at Выручка в рублях сверка дашбордов ПАО Россети.ViruchkaChange(Выручка в рублях сверка дашбордов ПАО Россети:60)
	at Выручка в рублях сверка дашбордов ПАО Россети.run(Выручка в рублях сверка дашбордов ПАО Россети:55)
	at com.kms.katalon.core.main.ScriptEngine.run(ScriptEngine.java:194)
	at com.kms.katalon.core.main.ScriptEngine.runScriptAsRawText(ScriptEngine.java:119)
	at com.kms.katalon.core.main.TestCaseExecutor.runScript(TestCaseExecutor.java:448)
	at com.kms.katalon.core.main.TestCaseExecutor.doExecute(TestCaseExecutor.java:439)
	at com.kms.katalon.core.main.TestCaseExecutor.processExecutionPhase(TestCaseExecutor.java:418)
	at com.kms.katalon.core.main.TestCaseExecutor.accessMainPhase(TestCaseExecutor.java:410)
	at com.kms.katalon.core.main.TestCaseExecutor.execute(TestCaseExecutor.java:285)
	at com.kms.katalon.core.common.CommonExecutor.accessTestCaseMainPhase(CommonExecutor.java:65)
	at com.kms.katalon.core.main.TestSuiteExecutor.accessTestSuiteMainPhase(TestSuiteExecutor.java:150)
	at com.kms.katalon.core.main.TestSuiteExecutor.execute(TestSuiteExecutor.java:106)
	at com.kms.katalon.core.main.TestCaseMain.startTestSuite(TestCaseMain.java:180)
	at TempTestSuite1733095732962.run(TempTestSuite1733095732962.groovy:35)
	at java.base/jdk.internal.reflect.NativeMethodAccessorImpl.invoke0(Native Method)
	at java.base/jdk.internal.reflect.NativeMethodAccessorImpl.invoke(NativeMethodAccessorImpl.java:77)
	at java.base/jdk.internal.reflect.DelegatingMethodAccessorImpl.invoke(DelegatingMethodAccessorImpl.java:43)
Caused by: org.openqa.selenium.TimeoutException: timeout: Timed out receiving message from renderer: 299.195
  (Session info: chrome=131.0.6778.86)
Build info: version: '3.141.59', revision: 'unknown', time: 'unknown'
System info: host: 'UVV-WS904-D', ip: '192.168.0.19', os.name: 'Windows 10', os.arch: 'amd64', os.version: '10.0', java.version: '17.0.7'
Driver info: com.kms.katalon.selenium.driver.CChromeDriver
Capabilities {acceptInsecureCerts: false, browserName: chrome, browserVersion: 131.0.6778.86, chrome: {chromedriverVersion: 131.0.6778.85 (3d81e41b6f3a..., userDataDir: C:\Users\LIAZGI~1\AppData\L...}, fedcm:accounts: true, goog:chromeOptions: {debuggerAddress: localhost:54451}, javascriptEnabled: true, networkConnectionEnabled: false, pageLoadStrategy: normal, platform: WINDOWS, platformName: WINDOWS, proxy: Proxy(), setWindowRect: true, strictFileInteractability: false, timeouts: {implicit: 0, pageLoad: 300000, script: 30000}, unhandledPromptBehavior: dismiss and notify, webauthn:extension:credBlob: true, webauthn:extension:largeBlob: true, webauthn:extension:minPinLength: true, webauthn:extension:prf: true, webauthn:virtualAuthenticators: true}
Session ID: bd95e02755bd1318eb4c02d76ce2e62f
	at java.base/jdk.internal.reflect.NativeConstructorAccessorImpl.newInstance0(Native Method)
	at java.base/jdk.internal.reflect.NativeConstructorAccessorImpl.newInstance(NativeConstructorAccessorImpl.java:77)
	at java.base/jdk.internal.reflect.DelegatingConstructorAccessorImpl.newInstance(DelegatingConstructorAccessorImpl.java:45)
	at org.openqa.selenium.remote.http.W3CHttpResponseCodec.createException(W3CHttpResponseCodec.java:187)
	at org.openqa.selenium.remote.http.W3CHttpResponseCodec.decode(W3CHttpResponseCodec.java:122)
	at org.openqa.selenium.remote.http.W3CHttpResponseCodec.decode(W3CHttpResponseCodec.java:49)
	at org.openqa.selenium.remote.HttpCommandExecutor.execute(HttpCommandExecutor.java:158)
	at org.openqa.selenium.remote.service.DriverCommandExecutor.execute(DriverCommandExecutor.java:83)
	at org.openqa.selenium.remote.RemoteWebDriver.execute(RemoteWebDriver.java:552)
	at com.kms.katalon.selenium.driver.CChromeDriver.execute(CChromeDriver.java:19)
	at org.openqa.selenium.remote.RemoteWebDriver.get(RemoteWebDriver.java:277)
	at org.openqa.selenium.remote.RemoteWebDriver$RemoteNavigation.to(RemoteWebDriver.java:857)
	at org.openqa.selenium.support.events.EventFiringWebDriver$EventFiringNavigation.to(EventFiringWebDriver.java:569)
	at com.kms.katalon.core.webui.keyword.builtin.NavigateToUrlKeyword$_navigateToUrl_closure1.doCall(NavigateToUrlKeyword.groovy:81)
	at com.kms.katalon.core.webui.keyword.builtin.NavigateToUrlKeyword$_navigateToUrl_closure1.call(NavigateToUrlKeyword.groovy)
	at com.kms.katalon.core.webui.keyword.internal.WebUIKeywordMain.runKeyword(WebUIKeywordMain.groovy:20)
	at com.kms.katalon.core.webui.keyword.builtin.NavigateToUrlKeyword.navigateToUrl(NavigateToUrlKeyword.groovy:83)
	at com.kms.katalon.core.webui.keyword.builtin.NavigateToUrlKeyword.execute(NavigateToUrlKeyword.groovy:67)
	at com.kms.katalon.core.keyword.internal.KeywordExecutor.executeKeywordForPlatform(KeywordExecutor.groovy:74)
	at com.kms.katalon.core.webui.keyword.WebUiBuiltInKeywords.navigateToUrl(WebUiBuiltInKeywords.groovy:187)
	at Script1710234207206.Autorization(Script1710234207206.groovy:674)
	at Script1710234207206.PreSettings(Script1710234207206.groovy:573)
	at Script1710234207206.Blocks(Script1710234207206.groovy:247)
	at Script1710234207206.ViruchkaChange(Script1710234207206.groovy:60)
	at Script1710234207206.run(Script1710234207206.groovy:55)
	... 15 more
)

02-12-2024T04:08:55 - [TEST_STEP][FAILED] - urlText = getText(findTestObject("Страница авторизации/Text")): Unable to get text of object 'Object Repository/Страница авторизации/Text' (Root cause: com.kms.katalon.core.exception.StepFailedException: Unable to get text of object 'Object Repository/Страница авторизации/Text'
	at com.kms.katalon.core.webui.keyword.internal.WebUIKeywordMain.stepFailed(WebUIKeywordMain.groovy:64)
	at com.kms.katalon.core.webui.keyword.internal.WebUIKeywordMain.runKeyword(WebUIKeywordMain.groovy:26)
	at com.kms.katalon.core.webui.keyword.builtin.GetTextKeyword.getText(GetTextKeyword.groovy:88)
	at com.kms.katalon.core.webui.keyword.builtin.GetTextKeyword.execute(GetTextKeyword.groovy:67)
	at com.kms.katalon.core.keyword.internal.KeywordExecutor.executeKeywordForPlatform(KeywordExecutor.groovy:74)
	at com.kms.katalon.core.webui.keyword.WebUiBuiltInKeywords.getText(WebUiBuiltInKeywords.groovy:957)
	at Выручка в рублях сверка дашбордов ПАО Россети.Autorization(Выручка в рублях сверка дашбордов ПАО Россети:676)
	at Выручка в рублях сверка дашбордов ПАО Россети.PreSettings(Выручка в рублях сверка дашбордов ПАО Россети:573)
	at Выручка в рублях сверка дашбордов ПАО Россети.Blocks(Выручка в рублях сверка дашбордов ПАО Россети:247)
	at Выручка в рублях сверка дашбордов ПАО Россети.ViruchkaChange(Выручка в рублях сверка дашбордов ПАО Россети:60)
	at Выручка в рублях сверка дашбордов ПАО Россети.run(Выручка в рублях сверка дашбордов ПАО Россети:55)
	at com.kms.katalon.core.main.ScriptEngine.run(ScriptEngine.java:194)
	at com.kms.katalon.core.main.ScriptEngine.runScriptAsRawText(ScriptEngine.java:119)
	at com.kms.katalon.core.main.TestCaseExecutor.runScript(TestCaseExecutor.java:448)
	at com.kms.katalon.core.main.TestCaseExecutor.doExecute(TestCaseExecutor.java:439)
	at com.kms.katalon.core.main.TestCaseExecutor.processExecutionPhase(TestCaseExecutor.java:418)
	at com.kms.katalon.core.main.TestCaseExecutor.accessMainPhase(TestCaseExecutor.java:410)
	at com.kms.katalon.core.main.TestCaseExecutor.execute(TestCaseExecutor.java:285)
	at com.kms.katalon.core.common.CommonExecutor.accessTestCaseMainPhase(CommonExecutor.java:65)
	at com.kms.katalon.core.main.TestSuiteExecutor.accessTestSuiteMainPhase(TestSuiteExecutor.java:150)
	at com.kms.katalon.core.main.TestSuiteExecutor.execute(TestSuiteExecutor.java:106)
	at com.kms.katalon.core.main.TestCaseMain.startTestSuite(TestCaseMain.java:180)
	at TempTestSuite1733095732962.run(TempTestSuite1733095732962.groovy:35)
	at java.base/jdk.internal.reflect.NativeMethodAccessorImpl.invoke0(Native Method)
	at java.base/jdk.internal.reflect.NativeMethodAccessorImpl.invoke(NativeMethodAccessorImpl.java:77)
	at java.base/jdk.internal.reflect.DelegatingMethodAccessorImpl.invoke(DelegatingMethodAccessorImpl.java:43)
Caused by: com.kms.katalon.core.webui.exception.WebElementNotFoundException: Web element with id: 'Object Repository/Страница авторизации/Text' located by '//div' not found
	at com.kms.katalon.core.webui.common.WebUiCommonHelper.findWebElement(WebUiCommonHelper.java:1426)
	at com.kms.katalon.core.webui.keyword.internal.WebUIAbstractKeyword.findWebElement(WebUIAbstractKeyword.groovy:27)
	at com.kms.katalon.core.webui.keyword.internal.WebUIAbstractKeyword.findWebElement(WebUIAbstractKeyword.groovy:26)
	at com.kms.katalon.core.webui.keyword.builtin.GetTextKeyword$_getText_closure1.doCall(GetTextKeyword.groovy:78)
	at com.kms.katalon.core.webui.keyword.builtin.GetTextKeyword$_getText_closure1.call(GetTextKeyword.groovy)
	at com.kms.katalon.core.webui.keyword.internal.WebUIKeywordMain.runKeyword(WebUIKeywordMain.groovy:20)
	at com.kms.katalon.core.webui.keyword.builtin.GetTextKeyword.getText(GetTextKeyword.groovy:88)
	at com.kms.katalon.core.webui.keyword.builtin.GetTextKeyword.execute(GetTextKeyword.groovy:67)
	at com.kms.katalon.core.keyword.internal.KeywordExecutor.executeKeywordForPlatform(KeywordExecutor.groovy:74)
	at com.kms.katalon.core.webui.keyword.WebUiBuiltInKeywords.getText(WebUiBuiltInKeywords.groovy:957)
	at Script1710234207206.Autorization(Script1710234207206.groovy:676)
	at Script1710234207206.PreSettings(Script1710234207206.groovy:573)
	at Script1710234207206.Blocks(Script1710234207206.groovy:247)
	at Script1710234207206.ViruchkaChange(Script1710234207206.groovy:60)
	at Script1710234207206.run(Script1710234207206.groovy:55)
	... 15 more
)

02-12-2024T04:09:27 - [MESSAGE][INFO] - Unable to find the element located by 'By.xpath: //div'. Please recheck the objects properties to make sure the desired element is located. 

02-12-2024T04:10:27 - [MESSAGE][WARNING] - Cannot take screenshot

02-12-2024T04:10:27 - [MESSAGE][FAILED] - Unable to get text of object 'Object Repository/Страница авторизации/Text' (Root cause: com.kms.katalon.core.exception.StepFailedException: Unable to get text of object 'Object Repository/Страница авторизации/Text'
	at com.kms.katalon.core.webui.keyword.internal.WebUIKeywordMain.stepFailed(WebUIKeywordMain.groovy:64)
	at com.kms.katalon.core.webui.keyword.internal.WebUIKeywordMain.runKeyword(WebUIKeywordMain.groovy:26)
	at com.kms.katalon.core.webui.keyword.builtin.GetTextKeyword.getText(GetTextKeyword.groovy:88)
	at com.kms.katalon.core.webui.keyword.builtin.GetTextKeyword.execute(GetTextKeyword.groovy:67)
	at com.kms.katalon.core.keyword.internal.KeywordExecutor.executeKeywordForPlatform(KeywordExecutor.groovy:74)
	at com.kms.katalon.core.webui.keyword.WebUiBuiltInKeywords.getText(WebUiBuiltInKeywords.groovy:957)
	at Выручка в рублях сверка дашбордов ПАО Россети.Autorization(Выручка в рублях сверка дашбордов ПАО Россети:676)
	at Выручка в рублях сверка дашбордов ПАО Россети.PreSettings(Выручка в рублях сверка дашбордов ПАО Россети:573)
	at Выручка в рублях сверка дашбордов ПАО Россети.Blocks(Выручка в рублях сверка дашбордов ПАО Россети:247)
	at Выручка в рублях сверка дашбордов ПАО Россети.ViruchkaChange(Выручка в рублях сверка дашбордов ПАО Россети:60)
	at Выручка в рублях сверка дашбордов ПАО Россети.run(Выручка в рублях сверка дашбордов ПАО Россети:55)
	at com.kms.katalon.core.main.ScriptEngine.run(ScriptEngine.java:194)
	at com.kms.katalon.core.main.ScriptEngine.runScriptAsRawText(ScriptEngine.java:119)
	at com.kms.katalon.core.main.TestCaseExecutor.runScript(TestCaseExecutor.java:448)
	at com.kms.katalon.core.main.TestCaseExecutor.doExecute(TestCaseExecutor.java:439)
	at com.kms.katalon.core.main.TestCaseExecutor.processExecutionPhase(TestCaseExecutor.java:418)
	at com.kms.katalon.core.main.TestCaseExecutor.accessMainPhase(TestCaseExecutor.java:410)
	at com.kms.katalon.core.main.TestCaseExecutor.execute(TestCaseExecutor.java:285)
	at com.kms.katalon.core.common.CommonExecutor.accessTestCaseMainPhase(CommonExecutor.java:65)
	at com.kms.katalon.core.main.TestSuiteExecutor.accessTestSuiteMainPhase(TestSuiteExecutor.java:150)
	at com.kms.katalon.core.main.TestSuiteExecutor.execute(TestSuiteExecutor.java:106)
	at com.kms.katalon.core.main.TestCaseMain.startTestSuite(TestCaseMain.java:180)
	at TempTestSuite1733095732962.run(TempTestSuite1733095732962.groovy:35)
	at java.base/jdk.internal.reflect.NativeMethodAccessorImpl.invoke0(Native Method)
	at java.base/jdk.internal.reflect.NativeMethodAccessorImpl.invoke(NativeMethodAccessorImpl.java:77)
	at java.base/jdk.internal.reflect.DelegatingMethodAccessorImpl.invoke(DelegatingMethodAccessorImpl.java:43)
Caused by: com.kms.katalon.core.webui.exception.WebElementNotFoundException: Web element with id: 'Object Repository/Страница авторизации/Text' located by '//div' not found
	at com.kms.katalon.core.webui.common.WebUiCommonHelper.findWebElement(WebUiCommonHelper.java:1426)
	at com.kms.katalon.core.webui.keyword.internal.WebUIAbstractKeyword.findWebElement(WebUIAbstractKeyword.groovy:27)
	at com.kms.katalon.core.webui.keyword.internal.WebUIAbstractKeyword.findWebElement(WebUIAbstractKeyword.groovy:26)
	at com.kms.katalon.core.webui.keyword.builtin.GetTextKeyword$_getText_closure1.doCall(GetTextKeyword.groovy:78)
	at com.kms.katalon.core.webui.keyword.builtin.GetTextKeyword$_getText_closure1.call(GetTextKeyword.groovy)
	at com.kms.katalon.core.webui.keyword.internal.WebUIKeywordMain.runKeyword(WebUIKeywordMain.groovy:20)
	at com.kms.katalon.core.webui.keyword.builtin.GetTextKeyword.getText(GetTextKeyword.groovy:88)
	at com.kms.katalon.core.webui.keyword.builtin.GetTextKeyword.execute(GetTextKeyword.groovy:67)
	at com.kms.katalon.core.keyword.internal.KeywordExecutor.executeKeywordForPlatform(KeywordExecutor.groovy:74)
	at com.kms.katalon.core.webui.keyword.WebUiBuiltInKeywords.getText(WebUiBuiltInKeywords.groovy:957)
	at Script1710234207206.Autorization(Script1710234207206.groovy:676)
	at Script1710234207206.PreSettings(Script1710234207206.groovy:573)
	at Script1710234207206.Blocks(Script1710234207206.groovy:247)
	at Script1710234207206.ViruchkaChange(Script1710234207206.groovy:60)
	at Script1710234207206.run(Script1710234207206.groovy:55)
	... 15 more
)

02-12-2024T04:10:27 - [TEST_STEP][PASSED] - searchWord = "Вход": null

02-12-2024T04:10:27 - [TEST_STEP][ERROR] - if (urlText == null || urlText.contains("ошибка") || urlText.contains(searchWord) == false): Test Cases/Сверки дашбордов/Выручка в рублях сверка дашбордов ПАО Россети FAILED.
Reason:
java.lang.NullPointerException: Cannot invoke method contains() on null object
	at Выручка в рублях сверка дашбордов ПАО Россети.Autorization(Выручка в рублях сверка дашбордов ПАО Россети:681)
	at Выручка в рублях сверка дашбордов ПАО Россети.PreSettings(Выручка в рублях сверка дашбордов ПАО Россети:573)
	at Выручка в рублях сверка дашбордов ПАО Россети.Blocks(Выручка в рублях сверка дашбордов ПАО Россети:247)
	at Выручка в рублях сверка дашбордов ПАО Россети.ViruchkaChange(Выручка в рублях сверка дашбордов ПАО Россети:60)
	at Выручка в рублях сверка дашбордов ПАО Россети.run(Выручка в рублях сверка дашбордов ПАО Россети:55)
	at com.kms.katalon.core.main.ScriptEngine.run(ScriptEngine.java:194)
	at com.kms.katalon.core.main.ScriptEngine.runScriptAsRawText(ScriptEngine.java:119)
	at com.kms.katalon.core.main.TestCaseExecutor.runScript(TestCaseExecutor.java:448)
	at com.kms.katalon.core.main.TestCaseExecutor.doExecute(TestCaseExecutor.java:439)
	at com.kms.katalon.core.main.TestCaseExecutor.processExecutionPhase(TestCaseExecutor.java:418)
	at com.kms.katalon.core.main.TestCaseExecutor.accessMainPhase(TestCaseExecutor.java:410)
	at com.kms.katalon.core.main.TestCaseExecutor.execute(TestCaseExecutor.java:285)
	at com.kms.katalon.core.common.CommonExecutor.accessTestCaseMainPhase(CommonExecutor.java:65)
	at com.kms.katalon.core.main.TestSuiteExecutor.accessTestSuiteMainPhase(TestSuiteExecutor.java:150)
	at com.kms.katalon.core.main.TestSuiteExecutor.execute(TestSuiteExecutor.java:106)
	at com.kms.katalon.core.main.TestCaseMain.startTestSuite(TestCaseMain.java:180)
	at TempTestSuite1733095732962.run(TempTestSuite1733095732962.groovy:35)
	at java.base/jdk.internal.reflect.NativeMethodAccessorImpl.invoke0(Native Method)
	at java.base/jdk.internal.reflect.NativeMethodAccessorImpl.invoke(NativeMethodAccessorImpl.java:77)
	at java.base/jdk.internal.reflect.DelegatingMethodAccessorImpl.invoke(DelegatingMethodAccessorImpl.java:43)


02-12-2024T04:10:27 - [TEST_STEP][ERROR] - for ([urlText.contains(searchWord) == false, i < 10, (ii++)]): Test Cases/Сверки дашбордов/Выручка в рублях сверка дашбордов ПАО Россети FAILED.
Reason:
java.lang.NullPointerException: Cannot invoke method contains() on null object
	at Выручка в рублях сверка дашбордов ПАО Россети.Autorization(Выручка в рублях сверка дашбордов ПАО Россети:681)
	at Выручка в рублях сверка дашбордов ПАО Россети.PreSettings(Выручка в рублях сверка дашбордов ПАО Россети:573)
	at Выручка в рублях сверка дашбордов ПАО Россети.Blocks(Выручка в рублях сверка дашбордов ПАО Россети:247)
	at Выручка в рублях сверка дашбордов ПАО Россети.ViruchkaChange(Выручка в рублях сверка дашбордов ПАО Россети:60)
	at Выручка в рублях сверка дашбордов ПАО Россети.run(Выручка в рублях сверка дашбордов ПАО Россети:55)
	at com.kms.katalon.core.main.ScriptEngine.run(ScriptEngine.java:194)
	at com.kms.katalon.core.main.ScriptEngine.runScriptAsRawText(ScriptEngine.java:119)
	at com.kms.katalon.core.main.TestCaseExecutor.runScript(TestCaseExecutor.java:448)
	at com.kms.katalon.core.main.TestCaseExecutor.doExecute(TestCaseExecutor.java:439)
	at com.kms.katalon.core.main.TestCaseExecutor.processExecutionPhase(TestCaseExecutor.java:418)
	at com.kms.katalon.core.main.TestCaseExecutor.accessMainPhase(TestCaseExecutor.java:410)
	at com.kms.katalon.core.main.TestCaseExecutor.execute(TestCaseExecutor.java:285)
	at com.kms.katalon.core.common.CommonExecutor.accessTestCaseMainPhase(CommonExecutor.java:65)
	at com.kms.katalon.core.main.TestSuiteExecutor.accessTestSuiteMainPhase(TestSuiteExecutor.java:150)
	at com.kms.katalon.core.main.TestSuiteExecutor.execute(TestSuiteExecutor.java:106)
	at com.kms.katalon.core.main.TestCaseMain.startTestSuite(TestCaseMain.java:180)
	at TempTestSuite1733095732962.run(TempTestSuite1733095732962.groovy:35)
	at java.base/jdk.internal.reflect.NativeMethodAccessorImpl.invoke0(Native Method)
	at java.base/jdk.internal.reflect.NativeMethodAccessorImpl.invoke(NativeMethodAccessorImpl.java:77)
	at java.base/jdk.internal.reflect.DelegatingMethodAccessorImpl.invoke(DelegatingMethodAccessorImpl.java:43)


02-12-2024T04:10:27 - [MESSAGE][ERROR] - Test Cases/Сверки дашбордов/Выручка в рублях сверка дашбордов ПАО Россети FAILED.
Reason:
java.lang.NullPointerException: Cannot invoke method contains() on null object
	at Выручка в рублях сверка дашбордов ПАО Россети.Autorization(Выручка в рублях сверка дашбордов ПАО Россети:681)
	at Выручка в рублях сверка дашбордов ПАО Россети.PreSettings(Выручка в рублях сверка дашбордов ПАО Россети:573)
	at Выручка в рублях сверка дашбордов ПАО Россети.Blocks(Выручка в рублях сверка дашбордов ПАО Россети:247)
	at Выручка в рублях сверка дашбордов ПАО Россети.ViruchkaChange(Выручка в рублях сверка дашбордов ПАО Россети:60)
	at Выручка в рублях сверка дашбордов ПАО Россети.run(Выручка в рублях сверка дашбордов ПАО Россети:55)
	at com.kms.katalon.core.main.ScriptEngine.run(ScriptEngine.java:194)
	at com.kms.katalon.core.main.ScriptEngine.runScriptAsRawText(ScriptEngine.java:119)
	at com.kms.katalon.core.main.TestCaseExecutor.runScript(TestCaseExecutor.java:448)
	at com.kms.katalon.core.main.TestCaseExecutor.doExecute(TestCaseExecutor.java:439)
	at com.kms.katalon.core.main.TestCaseExecutor.processExecutionPhase(TestCaseExecutor.java:418)
	at com.kms.katalon.core.main.TestCaseExecutor.accessMainPhase(TestCaseExecutor.java:410)
	at com.kms.katalon.core.main.TestCaseExecutor.execute(TestCaseExecutor.java:285)
	at com.kms.katalon.core.common.CommonExecutor.accessTestCaseMainPhase(CommonExecutor.java:65)
	at com.kms.katalon.core.main.TestSuiteExecutor.accessTestSuiteMainPhase(TestSuiteExecutor.java:150)
	at com.kms.katalon.core.main.TestSuiteExecutor.execute(TestSuiteExecutor.java:106)
	at com.kms.katalon.core.main.TestCaseMain.startTestSuite(TestCaseMain.java:180)
	at TempTestSuite1733095732962.run(TempTestSuite1733095732962.groovy:35)
	at java.base/jdk.internal.reflect.NativeMethodAccessorImpl.invoke0(Native Method)
	at java.base/jdk.internal.reflect.NativeMethodAccessorImpl.invoke(NativeMethodAccessorImpl.java:77)
	at java.base/jdk.internal.reflect.DelegatingMethodAccessorImpl.invoke(DelegatingMethodAccessorImpl.java:43)]]></system-out>
         <system-err><![CDATA[02-12-2024T02:42:18 - [TEST_CASE][FAILED] - Test Cases/Сверки дашбордов/Выручка в рублях сверка дашбордов ПАО Россети: Test Cases/Сверки дашбордов/Выручка в рублях сверка дашбордов ПАО Россети FAILED.
Reason:
com.kms.katalon.core.exception.StepFailedException: Unable to verify equal between actual object '-25.61' and expected object '0.07' (Root cause: com.kms.katalon.core.exception.StepFailedException: Actual object '-25.61' and expected object '0.07' are not equal
	at com.kms.katalon.core.keyword.builtin.VerifyEqualKeyword$_verifyEqual_closure1.doCall(VerifyEqualKeyword.groovy:58)
	at com.kms.katalon.core.keyword.builtin.VerifyEqualKeyword$_verifyEqual_closure1.call(VerifyEqualKeyword.groovy)
	at com.kms.katalon.core.keyword.internal.KeywordMain.runKeyword(KeywordMain.groovy:75)
	at com.kms.katalon.core.keyword.builtin.VerifyEqualKeyword.verifyEqual(VerifyEqualKeyword.groovy:63)
	at com.kms.katalon.core.keyword.builtin.VerifyEqualKeyword.execute(VerifyEqualKeyword.groovy:44)
	at com.kms.katalon.core.keyword.internal.KeywordExecutor.executeKeywordForPlatform(KeywordExecutor.groovy:74)
	at com.kms.katalon.core.keyword.BuiltinKeywords.verifyEqual(BuiltinKeywords.groovy:146)
	at jdk.internal.reflect.GeneratedMethodAccessor25.invoke(Unknown Source)
	at java.base/jdk.internal.reflect.DelegatingMethodAccessorImpl.invoke(DelegatingMethodAccessorImpl.java:43)
	at Выручка в рублях сверка дашбордов ПАО Россети.Blocks(Выручка в рублях сверка дашбордов ПАО Россети:357)
	at Выручка в рублях сверка дашбордов ПАО Россети.ViruchkaChange(Выручка в рублях сверка дашбордов ПАО Россети:60)
	at Выручка в рублях сверка дашбордов ПАО Россети.run(Выручка в рублях сверка дашбордов ПАО Россети:55)
	at com.kms.katalon.core.main.ScriptEngine.run(ScriptEngine.java:194)
	at com.kms.katalon.core.main.ScriptEngine.runScriptAsRawText(ScriptEngine.java:119)
	at com.kms.katalon.core.main.TestCaseExecutor.runScript(TestCaseExecutor.java:448)
	at com.kms.katalon.core.main.TestCaseExecutor.doExecute(TestCaseExecutor.java:439)
	at com.kms.katalon.core.main.TestCaseExecutor.processExecutionPhase(TestCaseExecutor.java:418)
	at com.kms.katalon.core.main.TestCaseExecutor.accessMainPhase(TestCaseExecutor.java:410)
	at com.kms.katalon.core.main.TestCaseExecutor.execute(TestCaseExecutor.java:285)
	at com.kms.katalon.core.common.CommonExecutor.accessTestCaseMainPhase(CommonExecutor.java:65)
	at com.kms.katalon.core.main.TestSuiteExecutor.accessTestSuiteMainPhase(TestSuiteExecutor.java:150)
	at com.kms.katalon.core.main.TestSuiteExecutor.execute(TestSuiteExecutor.java:106)
	at com.kms.katalon.core.main.TestCaseMain.startTestSuite(TestCaseMain.java:180)
	at TempTestSuite1733095732962.run(TempTestSuite1733095732962.groovy:35)
	at java.base/jdk.internal.reflect.NativeMethodAccessorImpl.invoke0(Native Method)
	at java.base/jdk.internal.reflect.NativeMethodAccessorImpl.invoke(NativeMethodAccessorImpl.java:77)
	at java.base/jdk.internal.reflect.DelegatingMethodAccessorImpl.invoke(DelegatingMethodAccessorImpl.java:43)
)
	at com.kms.katalon.core.keyword.internal.KeywordMain.stepFailed(KeywordMain.groovy:39)
	at com.kms.katalon.core.keyword.internal.KeywordMain.stepFailed(KeywordMain.groovy)
	at com.kms.katalon.core.keyword.internal.KeywordMain.runKeyword(KeywordMain.groovy:77)
	at com.kms.katalon.core.keyword.builtin.VerifyEqualKeyword.verifyEqual(VerifyEqualKeyword.groovy:63)
	at com.kms.katalon.core.keyword.builtin.VerifyEqualKeyword.execute(VerifyEqualKeyword.groovy:44)
	at com.kms.katalon.core.keyword.internal.KeywordExecutor.executeKeywordForPlatform(KeywordExecutor.groovy:74)
	at com.kms.katalon.core.keyword.BuiltinKeywords.verifyEqual(BuiltinKeywords.groovy:146)
	at jdk.internal.reflect.GeneratedMethodAccessor25.invoke(Unknown Source)
	at java.base/jdk.internal.reflect.DelegatingMethodAccessorImpl.invoke(DelegatingMethodAccessorImpl.java:43)
	at Выручка в рублях сверка дашбордов ПАО Россети.Blocks(Выручка в рублях сверка дашбордов ПАО Россети:357)
	at Выручка в рублях сверка дашбордов ПАО Россети.ViruchkaChange(Выручка в рублях сверка дашбордов ПАО Россети:60)
	at Выручка в рублях сверка дашбордов ПАО Россети.run(Выручка в рублях сверка дашбордов ПАО Россети:55)
	at com.kms.katalon.core.main.ScriptEngine.run(ScriptEngine.java:194)
	at com.kms.katalon.core.main.ScriptEngine.runScriptAsRawText(ScriptEngine.java:119)
	at com.kms.katalon.core.main.TestCaseExecutor.runScript(TestCaseExecutor.java:448)
	at com.kms.katalon.core.main.TestCaseExecutor.doExecute(TestCaseExecutor.java:439)
	at com.kms.katalon.core.main.TestCaseExecutor.processExecutionPhase(TestCaseExecutor.java:418)
	at com.kms.katalon.core.main.TestCaseExecutor.accessMainPhase(TestCaseExecutor.java:410)
	at com.kms.katalon.core.main.TestCaseExecutor.execute(TestCaseExecutor.java:285)
	at com.kms.katalon.core.common.CommonExecutor.accessTestCaseMainPhase(CommonExecutor.java:65)
	at com.kms.katalon.core.main.TestSuiteExecutor.accessTestSuiteMainPhase(TestSuiteExecutor.java:150)
	at com.kms.katalon.core.main.TestSuiteExecutor.execute(TestSuiteExecutor.java:106)
	at com.kms.katalon.core.main.TestCaseMain.startTestSuite(TestCaseMain.java:180)
	at TempTestSuite1733095732962.run(TempTestSuite1733095732962.groovy:35)
	at java.base/jdk.internal.reflect.NativeMethodAccessorImpl.invoke0(Native Method)
	at java.base/jdk.internal.reflect.NativeMethodAccessorImpl.invoke(NativeMethodAccessorImpl.java:77)
	at java.base/jdk.internal.reflect.DelegatingMethodAccessorImpl.invoke(DelegatingMethodAccessorImpl.java:43)
Caused by: com.kms.katalon.core.exception.StepFailedException: Actual object '-25.61' and expected object '0.07' are not equal
	at com.kms.katalon.core.keyword.builtin.VerifyEqualKeyword$_verifyEqual_closure1.doCall(VerifyEqualKeyword.groovy:58)
	at com.kms.katalon.core.keyword.builtin.VerifyEqualKeyword$_verifyEqual_closure1.call(VerifyEqualKeyword.groovy)
	at com.kms.katalon.core.keyword.internal.KeywordMain.runKeyword(KeywordMain.groovy:75)
	... 24 more]]></system-err>
      </testcase>
      <testcase name="Test Cases/Сверки дашбордов/Выручка по ДЗО сверка дашбордов" time="96.728" classname="Test Cases/Сверки дашбордов/Выручка по ДЗО сверка дашбордов" status="PASSED">
         <system-out><![CDATA[02-12-2024T04:10:27 - [TEST_CASE][PASSED] - Test Cases/Сверки дашбордов/Выручка по ДЗО сверка дашбордов: Test Cases/Сверки дашбордов/Выручка по ДЗО сверка дашбордов

02-12-2024T04:10:27 - [TEST_STEP][PASSED] - date = new java.util.Date(): null

02-12-2024T04:10:27 - [TEST_STEP][PASSED] - todaysDate = date.format("dd.MM.yyyy"): null

02-12-2024T04:10:27 - [TEST_STEP][PASSED] - println(todaysDate): null

02-12-2024T04:10:27 - [TEST_STEP][PASSED] - openBrowser(""): Browser is opened with url: ''

02-12-2024T04:10:27 - [MESSAGE][WARNING] - A browser is already opened. Closing browser and opening a new one

02-12-2024T04:10:27 - [MESSAGE][INFO] - Starting 'Chrome' driver

02-12-2024T04:10:27 - [MESSAGE][INFO] - Action delay is set to 0 milliseconds

02-12-2024T04:10:28 - [MESSAGE][PASSED] - Browser is opened with url: ''

02-12-2024T04:10:28 - [TEST_STEP][PASSED] - navigateToUrl(findTestData("PlanFact").getValue(10, 5)): Navigate to 'https://bi.rosseti.digital/viewer?dashboardGuid=2301950b23be4ed89c1df75f2020051e&sheetGuid=31530aa0b6664c09b016b7f2ab9d853e&fit=true' successfully

02-12-2024T04:10:36 - [MESSAGE][PASSED] - Navigate to 'https://bi.rosseti.digital/viewer?dashboardGuid=2301950b23be4ed89c1df75f2020051e&sheetGuid=31530aa0b6664c09b016b7f2ab9d853e&fit=true' successfully

02-12-2024T04:10:37 - [TEST_STEP][PASSED] - setText(findTestObject("Страница авторизации/input__username"), findTestData("PlanFact").getValue(8, 1)): Text 'liazgina-di' is set on object 'Object Repository/Страница авторизации/input__username'

02-12-2024T04:10:37 - [MESSAGE][PASSED] - Text 'liazgina-di' is set on object 'Object Repository/Страница авторизации/input__username'

02-12-2024T04:10:37 - [TEST_STEP][PASSED] - setText(findTestObject("Страница авторизации/input__password"), findTestData("PlanFact").getValue(9, 1)): Text ')$%5srZ8o688Dm#q' is set on object 'Object Repository/Страница авторизации/input__password'

02-12-2024T04:10:38 - [MESSAGE][PASSED] - Text ')$%5srZ8o688Dm#q' is set on object 'Object Repository/Страница авторизации/input__password'

02-12-2024T04:10:38 - [TEST_STEP][PASSED] - click(findTestObject("Страница авторизации/button_")): Object: 'Object Repository/Страница авторизации/button_' is clicked on

02-12-2024T04:10:40 - [MESSAGE][PASSED] - Object: 'Object Repository/Страница авторизации/button_' is clicked on

02-12-2024T04:10:40 - [TEST_STEP][PASSED] - delay(30): Delayed 30 second(s)

02-12-2024T04:11:10 - [MESSAGE][PASSED] - Delayed 30 second(s)

02-12-2024T04:11:10 - [TEST_STEP][PASSED] - click(findTestObject("Выручка по ДЗО/Фильтр Дата")): Object: 'Object Repository/Выручка по ДЗО/Фильтр Дата' is clicked on

02-12-2024T04:11:11 - [MESSAGE][PASSED] - Object: 'Object Repository/Выручка по ДЗО/Фильтр Дата' is clicked on

02-12-2024T04:11:11 - [TEST_STEP][PASSED] - click(findTestObject("Выручка по ДЗО/Снять выделение в фильтре Дата")): Object: 'Object Repository/Выручка по ДЗО/Снять выделение в фильтре Дата' is clicked on

02-12-2024T04:11:11 - [MESSAGE][PASSED] - Object: 'Object Repository/Выручка по ДЗО/Снять выделение в фильтре Дата' is clicked on

02-12-2024T04:11:11 - [TEST_STEP][PASSED] - click(findTestObject("Выручка по ДЗО/Применить в фильтре Дата")): Object: 'Object Repository/Выручка по ДЗО/Применить в фильтре Дата' is clicked on

02-12-2024T04:11:12 - [MESSAGE][PASSED] - Object: 'Object Repository/Выручка по ДЗО/Применить в фильтре Дата' is clicked on

02-12-2024T04:11:12 - [TEST_STEP][PASSED] - click(findTestObject("Выручка по ДЗО/Фильтр Дата")): Object: 'Object Repository/Выручка по ДЗО/Фильтр Дата' is clicked on

02-12-2024T04:11:14 - [MESSAGE][PASSED] - Object: 'Object Repository/Выручка по ДЗО/Фильтр Дата' is clicked on

02-12-2024T04:11:14 - [TEST_STEP][PASSED] - click(findTestObject("Выручка по ДЗО/Снять выделение в фильтре Дата")): Object: 'Object Repository/Выручка по ДЗО/Снять выделение в фильтре Дата' is clicked on

02-12-2024T04:11:14 - [MESSAGE][PASSED] - Object: 'Object Repository/Выручка по ДЗО/Снять выделение в фильтре Дата' is clicked on

02-12-2024T04:11:14 - [TEST_STEP][PASSED] - scrollToElement(findTestObject("Выручка по ДЗО/2024 список"), 30): Scroll to object 'Object Repository/Выручка по ДЗО/2024 список' successfully

02-12-2024T04:11:14 - [MESSAGE][PASSED] - Scroll to object 'Object Repository/Выручка по ДЗО/2024 список' successfully

02-12-2024T04:11:14 - [TEST_STEP][PASSED] - click(findTestObject("Выручка по ДЗО/2024 список")): Object: 'Object Repository/Выручка по ДЗО/2024 список' is clicked on

02-12-2024T04:11:15 - [MESSAGE][PASSED] - Object: 'Object Repository/Выручка по ДЗО/2024 список' is clicked on

02-12-2024T04:11:15 - [TEST_STEP][PASSED] - scrollToElement(findTestObject("Выручка по ДЗО/1 квартал 2024 выбрать"), 30): Scroll to object 'Object Repository/Выручка по ДЗО/1 квартал 2024 выбрать' successfully

02-12-2024T04:11:15 - [MESSAGE][PASSED] - Scroll to object 'Object Repository/Выручка по ДЗО/1 квартал 2024 выбрать' successfully

02-12-2024T04:11:15 - [TEST_STEP][PASSED] - click(findTestObject("Выручка по ДЗО/1 квартал 2024 выбрать")): Object: 'Object Repository/Выручка по ДЗО/1 квартал 2024 выбрать' is clicked on

02-12-2024T04:11:16 - [MESSAGE][PASSED] - Object: 'Object Repository/Выручка по ДЗО/1 квартал 2024 выбрать' is clicked on

02-12-2024T04:11:16 - [TEST_STEP][PASSED] - scrollToElement(findTestObject("Выручка по ДЗО/2 квартал 2024 выбрать"), 30): Scroll to object 'Object Repository/Выручка по ДЗО/2 квартал 2024 выбрать' successfully

02-12-2024T04:11:16 - [MESSAGE][PASSED] - Scroll to object 'Object Repository/Выручка по ДЗО/2 квартал 2024 выбрать' successfully

02-12-2024T04:11:16 - [TEST_STEP][PASSED] - click(findTestObject("Выручка по ДЗО/2 квартал 2024 выбрать"), CONTINUE_ON_FAILURE): Object: 'Object Repository/Выручка по ДЗО/2 квартал 2024 выбрать' is clicked on

02-12-2024T04:11:16 - [MESSAGE][PASSED] - Object: 'Object Repository/Выручка по ДЗО/2 квартал 2024 выбрать' is clicked on

02-12-2024T04:11:16 - [TEST_STEP][PASSED] - scrollToElement(findTestObject("Выручка по ДЗО/Заголовок дашборда"), 30): Scroll to object 'Object Repository/Выручка по ДЗО/Заголовок дашборда' successfully

02-12-2024T04:11:17 - [MESSAGE][PASSED] - Scroll to object 'Object Repository/Выручка по ДЗО/Заголовок дашборда' successfully

02-12-2024T04:11:17 - [TEST_STEP][PASSED] - click(findTestObject("Выручка по ДЗО/3 квартал 2024 выбрать"), CONTINUE_ON_FAILURE): Object: 'Object Repository/Выручка по ДЗО/3 квартал 2024 выбрать' is clicked on

02-12-2024T04:11:17 - [MESSAGE][PASSED] - Object: 'Object Repository/Выручка по ДЗО/3 квартал 2024 выбрать' is clicked on

02-12-2024T04:11:17 - [TEST_STEP][PASSED] - scrollToElement(findTestObject("Выручка по ДЗО/4 квартал 2024 список"), 30): Scroll to object 'Object Repository/Выручка по ДЗО/4 квартал 2024 список' successfully

02-12-2024T04:11:18 - [MESSAGE][PASSED] - Scroll to object 'Object Repository/Выручка по ДЗО/4 квартал 2024 список' successfully

02-12-2024T04:11:18 - [TEST_STEP][PASSED] - click(findTestObject("Выручка по ДЗО/4 квартал 2024 список"), CONTINUE_ON_FAILURE): Object: 'Object Repository/Выручка по ДЗО/4 квартал 2024 список' is clicked on

02-12-2024T04:11:18 - [MESSAGE][PASSED] - Object: 'Object Repository/Выручка по ДЗО/4 квартал 2024 список' is clicked on

02-12-2024T04:11:18 - [TEST_STEP][PASSED] - scrollToElement(findTestObject("Выручка по ДЗО/Октябрь 2024"), 30): Scroll to object 'Object Repository/Выручка по ДЗО/Октябрь 2024' successfully

02-12-2024T04:11:18 - [MESSAGE][PASSED] - Scroll to object 'Object Repository/Выручка по ДЗО/Октябрь 2024' successfully

02-12-2024T04:11:18 - [TEST_STEP][PASSED] - click(findTestObject("Выручка по ДЗО/Октябрь 2024"), CONTINUE_ON_FAILURE): Object: 'Object Repository/Выручка по ДЗО/Октябрь 2024' is clicked on

02-12-2024T04:11:19 - [MESSAGE][PASSED] - Object: 'Object Repository/Выручка по ДЗО/Октябрь 2024' is clicked on

02-12-2024T04:11:19 - [TEST_STEP][PASSED] - click(findTestObject("Выручка по ДЗО/Применить в фильтре Дата")): Object: 'Object Repository/Выручка по ДЗО/Применить в фильтре Дата' is clicked on

02-12-2024T04:11:19 - [MESSAGE][PASSED] - Object: 'Object Repository/Выручка по ДЗО/Применить в фильтре Дата' is clicked on

02-12-2024T04:11:19 - [TEST_STEP][PASSED] - a1 = getText(findTestObject("Выручка по ДЗО/График1 Выполнение плановых показателей Блок руководителя")): Text of object 'Object Repository/Выручка по ДЗО/График1 Выполнение плановых показателей Блок руководителя' is: '1 542 1 542
3 763 3 763
65 060 65 060
62 507 62 507
82 891 82 891
170 850 170 850
25 956 25 956
43 630 43 630
57 204 57 204
7 790 7 790
69 123 69 123
86 018 86 018
256 418 256 418
95 186 95 186
101 997 101 997
42 872 42 872
7 868 7 868
1 841 1 841
3 864 3 864
65 216 65 216
66 460 66 460
87 353 87 353
178 351 178 351
26 843 26 843
44 509 44 509
58 478 58 478
8 028 8 028
64 017 64 017
87 973 87 973
232 074 232 074
97 621 97 621
106 416 106 416
44 229 44 229
8 185 8 185
План
Факт
АО «Тываэнерго»
АО «Чеченэнерго»
Россети Волга
Россети Кубань
Россети Ленэнерго (ГК)
Россети Московский регион
Россети Северный Кавказ (ГК)
Россети Северо-Запад
Россети Сибирь (ГК)
Россети Томск
Россети Тюмень
Россети Урал (ГК)
Россети ФСК ЕЭС
Россети Центр
Россети Центр и Приволжье (ГК)
Россети Юг (ГК)
Россети Янтарь
0 млн. руб.
25 000 млн. руб.
50 000 млн. руб.
75 000 млн. руб.
100 000 млн. руб.
125 000 млн. руб.
150 000 млн. руб.
175 000 млн. руб.
200 000 млн. руб.
225 000 млн. руб.
250 000 млн. руб.
275 000 млн. руб.'

02-12-2024T04:11:21 - [MESSAGE][PASSED] - Text of object 'Object Repository/Выручка по ДЗО/График1 Выполнение плановых показателей Блок руководителя' is: '1 542 1 542
3 763 3 763
65 060 65 060
62 507 62 507
82 891 82 891
170 850 170 850
25 956 25 956
43 630 43 630
57 204 57 204
7 790 7 790
69 123 69 123
86 018 86 018
256 418 256 418
95 186 95 186
101 997 101 997
42 872 42 872
7 868 7 868
1 841 1 841
3 864 3 864
65 216 65 216
66 460 66 460
87 353 87 353
178 351 178 351
26 843 26 843
44 509 44 509
58 478 58 478
8 028 8 028
64 017 64 017
87 973 87 973
232 074 232 074
97 621 97 621
106 416 106 416
44 229 44 229
8 185 8 185
План
Факт
АО «Тываэнерго»
АО «Чеченэнерго»
Россети Волга
Россети Кубань
Россети Ленэнерго (ГК)
Россети Московский регион
Россети Северный Кавказ (ГК)
Россети Северо-Запад
Россети Сибирь (ГК)
Россети Томск
Россети Тюмень
Россети Урал (ГК)
Россети ФСК ЕЭС
Россети Центр
Россети Центр и Приволжье (ГК)
Россети Юг (ГК)
Россети Янтарь
0 млн. руб.
25 000 млн. руб.
50 000 млн. руб.
75 000 млн. руб.
100 000 млн. руб.
125 000 млн. руб.
150 000 млн. руб.
175 000 млн. руб.
200 000 млн. руб.
225 000 млн. руб.
250 000 млн. руб.
275 000 млн. руб.'

02-12-2024T04:11:21 - [TEST_STEP][PASSED] - println("a1: " + a1): null

02-12-2024T04:11:21 - [TEST_STEP][PASSED] - i = a1.indexOf("План"): null

02-12-2024T04:11:21 - [TEST_STEP][PASSED] - a1 = a1.substring(0, i): null

02-12-2024T04:11:21 - [TEST_STEP][PASSED] - println("a1: " + a1): null

02-12-2024T04:11:21 - [TEST_STEP][PASSED] - a2 = getText(findTestObject("Выручка по ДЗО/График2 Выполнение плановых показателей Блок руководителя")): Text of object 'Object Repository/Выручка по ДЗО/График2 Выполнение плановых показателей Блок руководителя' is: '0,16%0,16%
0,33%0,33%
5,52%5,52%
5,63%5,63%
7,39%7,39%
15,1%15,1%
2,27%2,27%
3,77%3,77%
4,95%4,95%
0,68%0,68%
5,42%5,42%
7,45%7,45%
19,64%19,64%
8,26%8,26%
9,01%9,01%
3,74%3,74%
0,69%0,69%
АО «Тываэнерго»
АО «Чеченэнерго»
Россети Волга
Россети Кубань
Россети Ленэнерго (ГК)
Россети Московский регион
Россети Северный Кавказ (ГК)
Россети Северо-Запад
Россети Сибирь (ГК)
Россети Томск
Россети Тюмень
Россети Урал (ГК)
Россети ФСК ЕЭС
Россети Центр
Россети Центр и Приволжье (ГК)
Россети Юг (ГК)
Россети Янтарь
Россети Центр и Приволжье (ГК): 106 415 543,98'

02-12-2024T04:11:21 - [MESSAGE][PASSED] - Text of object 'Object Repository/Выручка по ДЗО/График2 Выполнение плановых показателей Блок руководителя' is: '0,16%0,16%
0,33%0,33%
5,52%5,52%
5,63%5,63%
7,39%7,39%
15,1%15,1%
2,27%2,27%
3,77%3,77%
4,95%4,95%
0,68%0,68%
5,42%5,42%
7,45%7,45%
19,64%19,64%
8,26%8,26%
9,01%9,01%
3,74%3,74%
0,69%0,69%
АО «Тываэнерго»
АО «Чеченэнерго»
Россети Волга
Россети Кубань
Россети Ленэнерго (ГК)
Россети Московский регион
Россети Северный Кавказ (ГК)
Россети Северо-Запад
Россети Сибирь (ГК)
Россети Томск
Россети Тюмень
Россети Урал (ГК)
Россети ФСК ЕЭС
Россети Центр
Россети Центр и Приволжье (ГК)
Россети Юг (ГК)
Россети Янтарь
Россети Центр и Приволжье (ГК): 106 415 543,98'

02-12-2024T04:11:21 - [TEST_STEP][PASSED] - println("a2: " + a2): null

02-12-2024T04:11:21 - [TEST_STEP][PASSED] - i = a2.indexOf("АО «Тываэнерго»"): null

02-12-2024T04:11:21 - [TEST_STEP][PASSED] - a2 = a2.substring(0, i): null

02-12-2024T04:11:21 - [TEST_STEP][PASSED] - navigateToUrl(findTestData("PlanFact").getValue(10, 10)): Navigate to 'https://bi.rosseti.digital/viewer?dashboardGuid=a1fd28b3785d443cbc4d7690a1d78e31&sheetGuid=4a2f47326819444da0508dec5c59e502&fit=true' successfully

02-12-2024T04:11:22 - [MESSAGE][PASSED] - Navigate to 'https://bi.rosseti.digital/viewer?dashboardGuid=a1fd28b3785d443cbc4d7690a1d78e31&sheetGuid=4a2f47326819444da0508dec5c59e502&fit=true' successfully

02-12-2024T04:11:22 - [TEST_STEP][PASSED] - delay(30): Delayed 30 second(s)

02-12-2024T04:11:52 - [MESSAGE][PASSED] - Delayed 30 second(s)

02-12-2024T04:11:52 - [TEST_STEP][PASSED] - click(findTestObject("Выручка по ДЗО/Фильтр Дата Выручка")): Object: 'Object Repository/Выручка по ДЗО/Фильтр Дата Выручка' is clicked on

02-12-2024T04:11:52 - [MESSAGE][PASSED] - Object: 'Object Repository/Выручка по ДЗО/Фильтр Дата Выручка' is clicked on

02-12-2024T04:11:52 - [TEST_STEP][PASSED] - click(findTestObject("Выручка по ДЗО/Снять выделение в фильтре Дата Выручка")): Object: 'Object Repository/Выручка по ДЗО/Снять выделение в фильтре Дата Выручка' is clicked on

02-12-2024T04:11:53 - [MESSAGE][PASSED] - Object: 'Object Repository/Выручка по ДЗО/Снять выделение в фильтре Дата Выручка' is clicked on

02-12-2024T04:11:53 - [TEST_STEP][PASSED] - click(findTestObject("Выручка по ДЗО/Применить в фильтре Дата Выручка")): Object: 'Object Repository/Выручка по ДЗО/Применить в фильтре Дата Выручка' is clicked on

02-12-2024T04:11:53 - [MESSAGE][PASSED] - Object: 'Object Repository/Выручка по ДЗО/Применить в фильтре Дата Выручка' is clicked on

02-12-2024T04:11:53 - [TEST_STEP][PASSED] - click(findTestObject("Выручка по ДЗО/Фильтр Дата Выручка")): Object: 'Object Repository/Выручка по ДЗО/Фильтр Дата Выручка' is clicked on

02-12-2024T04:11:55 - [MESSAGE][PASSED] - Object: 'Object Repository/Выручка по ДЗО/Фильтр Дата Выручка' is clicked on

02-12-2024T04:11:55 - [TEST_STEP][PASSED] - click(findTestObject("Выручка по ДЗО/Снять выделение в фильтре Дата Выручка")): Object: 'Object Repository/Выручка по ДЗО/Снять выделение в фильтре Дата Выручка' is clicked on

02-12-2024T04:11:56 - [MESSAGE][PASSED] - Object: 'Object Repository/Выручка по ДЗО/Снять выделение в фильтре Дата Выручка' is clicked on

02-12-2024T04:11:56 - [TEST_STEP][PASSED] - scrollToElement(findTestObject("Выручка по ДЗО/2024 список Выручка"), 30): Scroll to object 'Object Repository/Выручка по ДЗО/2024 список Выручка' successfully

02-12-2024T04:11:56 - [MESSAGE][PASSED] - Scroll to object 'Object Repository/Выручка по ДЗО/2024 список Выручка' successfully

02-12-2024T04:11:56 - [TEST_STEP][PASSED] - click(findTestObject("Выручка по ДЗО/2024 список Выручка")): Object: 'Object Repository/Выручка по ДЗО/2024 список Выручка' is clicked on

02-12-2024T04:11:56 - [MESSAGE][PASSED] - Object: 'Object Repository/Выручка по ДЗО/2024 список Выручка' is clicked on

02-12-2024T04:11:56 - [TEST_STEP][PASSED] - scrollToElement(findTestObject("Выручка по ДЗО/1 квартал 2024 выбрать Выручка"), 30): Scroll to object 'Object Repository/Выручка по ДЗО/1 квартал 2024 выбрать Выручка' successfully

02-12-2024T04:11:57 - [MESSAGE][PASSED] - Scroll to object 'Object Repository/Выручка по ДЗО/1 квартал 2024 выбрать Выручка' successfully

02-12-2024T04:11:57 - [TEST_STEP][PASSED] - click(findTestObject("Выручка по ДЗО/1 квартал 2024 выбрать Выручка")): Object: 'Object Repository/Выручка по ДЗО/1 квартал 2024 выбрать Выручка' is clicked on

02-12-2024T04:11:57 - [MESSAGE][PASSED] - Object: 'Object Repository/Выручка по ДЗО/1 квартал 2024 выбрать Выручка' is clicked on

02-12-2024T04:11:57 - [TEST_STEP][PASSED] - scrollToElement(findTestObject("Выручка по ДЗО/2 квартал 2024 выбрать Выручка"), 30): Scroll to object 'Object Repository/Выручка по ДЗО/2 квартал 2024 выбрать Выручка' successfully

02-12-2024T04:11:58 - [MESSAGE][PASSED] - Scroll to object 'Object Repository/Выручка по ДЗО/2 квартал 2024 выбрать Выручка' successfully

02-12-2024T04:11:58 - [TEST_STEP][PASSED] - click(findTestObject("Выручка по ДЗО/2 квартал 2024 выбрать Выручка"), CONTINUE_ON_FAILURE): Object: 'Object Repository/Выручка по ДЗО/2 квартал 2024 выбрать Выручка' is clicked on

02-12-2024T04:11:58 - [MESSAGE][PASSED] - Object: 'Object Repository/Выручка по ДЗО/2 квартал 2024 выбрать Выручка' is clicked on

02-12-2024T04:11:58 - [TEST_STEP][PASSED] - click(findTestObject("Выручка по ДЗО/3 квартал 2024 выбрать Выручка"), CONTINUE_ON_FAILURE): Object: 'Object Repository/Выручка по ДЗО/3 квартал 2024 выбрать Выручка' is clicked on

02-12-2024T04:11:59 - [MESSAGE][PASSED] - Object: 'Object Repository/Выручка по ДЗО/3 квартал 2024 выбрать Выручка' is clicked on

02-12-2024T04:11:59 - [TEST_STEP][PASSED] - scrollToElement(findTestObject("Выручка по ДЗО/4 квартал 2024 список Выручка"), 30): Scroll to object 'Object Repository/Выручка по ДЗО/4 квартал 2024 список Выручка' successfully

02-12-2024T04:11:59 - [MESSAGE][PASSED] - Scroll to object 'Object Repository/Выручка по ДЗО/4 квартал 2024 список Выручка' successfully

02-12-2024T04:11:59 - [TEST_STEP][PASSED] - click(findTestObject("Выручка по ДЗО/4 квартал 2024 список Выручка"), CONTINUE_ON_FAILURE): Object: 'Object Repository/Выручка по ДЗО/4 квартал 2024 список Выручка' is clicked on

02-12-2024T04:12:00 - [MESSAGE][PASSED] - Object: 'Object Repository/Выручка по ДЗО/4 квартал 2024 список Выручка' is clicked on

02-12-2024T04:12:00 - [TEST_STEP][PASSED] - scrollToElement(findTestObject("Выручка по ДЗО/Октябрь 2024 Выручка"), 30): Scroll to object 'Object Repository/Выручка по ДЗО/Октябрь 2024 Выручка' successfully

02-12-2024T04:12:00 - [MESSAGE][PASSED] - Scroll to object 'Object Repository/Выручка по ДЗО/Октябрь 2024 Выручка' successfully

02-12-2024T04:12:00 - [TEST_STEP][PASSED] - click(findTestObject("Выручка по ДЗО/Октябрь 2024 Выручка"), CONTINUE_ON_FAILURE): Object: 'Object Repository/Выручка по ДЗО/Октябрь 2024 Выручка' is clicked on

02-12-2024T04:12:00 - [MESSAGE][PASSED] - Object: 'Object Repository/Выручка по ДЗО/Октябрь 2024 Выручка' is clicked on

02-12-2024T04:12:00 - [TEST_STEP][PASSED] - scrollToElement(findTestObject("Выручка по ДЗО/Заголовок дашборда Выручка"), 30): Scroll to object 'Object Repository/Выручка по ДЗО/Заголовок дашборда Выручка' successfully

02-12-2024T04:12:01 - [MESSAGE][PASSED] - Scroll to object 'Object Repository/Выручка по ДЗО/Заголовок дашборда Выручка' successfully

02-12-2024T04:12:01 - [TEST_STEP][PASSED] - click(findTestObject("Выручка по ДЗО/Применить в фильтре Дата Выручка")): Object: 'Object Repository/Выручка по ДЗО/Применить в фильтре Дата Выручка' is clicked on

02-12-2024T04:12:01 - [MESSAGE][PASSED] - Object: 'Object Repository/Выручка по ДЗО/Применить в фильтре Дата Выручка' is clicked on

02-12-2024T04:12:01 - [TEST_STEP][PASSED] - b1 = getText(findTestObject("Выручка по ДЗО/График1 Выполнение плановых показателей Выручка")): Text of object 'Object Repository/Выручка по ДЗО/График1 Выполнение плановых показателей Выручка' is: '1 542 1 542
3 763 3 763
65 060 65 060
62 507 62 507
82 891 82 891
170 850 170 850
25 956 25 956
43 630 43 630
57 204 57 204
7 790 7 790
69 123 69 123
86 018 86 018
256 418 256 418
95 186 95 186
101 997 101 997
42 872 42 872
7 868 7 868
1 841 1 841
3 864 3 864
65 216 65 216
66 460 66 460
87 353 87 353
178 351 178 351
26 843 26 843
44 509 44 509
58 478 58 478
8 028 8 028
64 017 64 017
87 973 87 973
232 074 232 074
97 621 97 621
106 416 106 416
44 229 44 229
8 185 8 185
План
Факт
АО «Тываэнерго»
АО «Чеченэнерго»
Россети Волга
Россети Кубань
Россети Ленэнерго (ГК)
Россети Московский регион
Россети Северный Кавказ (ГК)
Россети Северо-Запад
Россети Сибирь (ГК)
Россети Томск
Россети Тюмень
Россети Урал (ГК)
Россети ФСК ЕЭС
Россети Центр
Россети Центр и Приволжье (ГК)
Россети Юг (ГК)
Россети Янтарь
0 млн. руб.
25 000 млн. руб.
50 000 млн. руб.
75 000 млн. руб.
100 000 млн. руб.
125 000 млн. руб.
150 000 млн. руб.
175 000 млн. руб.
200 000 млн. руб.
225 000 млн. руб.
250 000 млн. руб.
275 000 млн. руб.
Россети Московский регион: 178 350 516,37'

02-12-2024T04:12:03 - [MESSAGE][PASSED] - Text of object 'Object Repository/Выручка по ДЗО/График1 Выполнение плановых показателей Выручка' is: '1 542 1 542
3 763 3 763
65 060 65 060
62 507 62 507
82 891 82 891
170 850 170 850
25 956 25 956
43 630 43 630
57 204 57 204
7 790 7 790
69 123 69 123
86 018 86 018
256 418 256 418
95 186 95 186
101 997 101 997
42 872 42 872
7 868 7 868
1 841 1 841
3 864 3 864
65 216 65 216
66 460 66 460
87 353 87 353
178 351 178 351
26 843 26 843
44 509 44 509
58 478 58 478
8 028 8 028
64 017 64 017
87 973 87 973
232 074 232 074
97 621 97 621
106 416 106 416
44 229 44 229
8 185 8 185
План
Факт
АО «Тываэнерго»
АО «Чеченэнерго»
Россети Волга
Россети Кубань
Россети Ленэнерго (ГК)
Россети Московский регион
Россети Северный Кавказ (ГК)
Россети Северо-Запад
Россети Сибирь (ГК)
Россети Томск
Россети Тюмень
Россети Урал (ГК)
Россети ФСК ЕЭС
Россети Центр
Россети Центр и Приволжье (ГК)
Россети Юг (ГК)
Россети Янтарь
0 млн. руб.
25 000 млн. руб.
50 000 млн. руб.
75 000 млн. руб.
100 000 млн. руб.
125 000 млн. руб.
150 000 млн. руб.
175 000 млн. руб.
200 000 млн. руб.
225 000 млн. руб.
250 000 млн. руб.
275 000 млн. руб.
Россети Московский регион: 178 350 516,37'

02-12-2024T04:12:03 - [TEST_STEP][PASSED] - println("b1: " + b1): null

02-12-2024T04:12:03 - [TEST_STEP][PASSED] - i = b1.indexOf("План"): null

02-12-2024T04:12:03 - [TEST_STEP][PASSED] - b1 = b1.substring(0, i): null

02-12-2024T04:12:03 - [TEST_STEP][PASSED] - println("b1: " + b1): null

02-12-2024T04:12:03 - [TEST_STEP][PASSED] - b2 = getText(findTestObject("Выручка по ДЗО/График2 Выполнение плановых показателей Выручка")): Text of object 'Object Repository/Выручка по ДЗО/График2 Выполнение плановых показателей Выручка' is: '0,16%0,16%
0,33%0,33%
5,52%5,52%
5,63%5,63%
7,39%7,39%
15,1%15,1%
2,27%2,27%
3,77%3,77%
4,95%4,95%
0,68%0,68%
5,42%5,42%
7,45%7,45%
19,64%19,64%
8,26%8,26%
9,01%9,01%
3,74%3,74%
0,69%0,69%
АО «Тываэнерго»
АО «Чеченэнерго»
Россети Волга
Россети Кубань
Россети Ленэнерго (ГК)
Россети Московский регион
Россети Северный Кавказ (ГК)
Россети Северо-Запад
Россети Сибирь (ГК)
Россети Томск
Россети Тюмень
Россети Урал (ГК)
Россети ФСК ЕЭС
Россети Центр
Россети Центр и Приволжье (ГК)
Россети Юг (ГК)
Россети Янтарь'

02-12-2024T04:12:03 - [MESSAGE][PASSED] - Text of object 'Object Repository/Выручка по ДЗО/График2 Выполнение плановых показателей Выручка' is: '0,16%0,16%
0,33%0,33%
5,52%5,52%
5,63%5,63%
7,39%7,39%
15,1%15,1%
2,27%2,27%
3,77%3,77%
4,95%4,95%
0,68%0,68%
5,42%5,42%
7,45%7,45%
19,64%19,64%
8,26%8,26%
9,01%9,01%
3,74%3,74%
0,69%0,69%
АО «Тываэнерго»
АО «Чеченэнерго»
Россети Волга
Россети Кубань
Россети Ленэнерго (ГК)
Россети Московский регион
Россети Северный Кавказ (ГК)
Россети Северо-Запад
Россети Сибирь (ГК)
Россети Томск
Россети Тюмень
Россети Урал (ГК)
Россети ФСК ЕЭС
Россети Центр
Россети Центр и Приволжье (ГК)
Россети Юг (ГК)
Россети Янтарь'

02-12-2024T04:12:03 - [TEST_STEP][PASSED] - i = b2.indexOf("АО «Тываэнерго»"): null

02-12-2024T04:12:03 - [TEST_STEP][PASSED] - b2 = b2.substring(0, i): null

02-12-2024T04:12:03 - [TEST_STEP][PASSED] - println(b2): null

02-12-2024T04:12:03 - [TEST_STEP][PASSED] - verifyEqual(a1, b1): Actual object '1 542 1 542
3 763 3 763
65 060 65 060
62 507 62 507
82 891 82 891
170 850 170 850
25 956 25 956
43 630 43 630
57 204 57 204
7 790 7 790
69 123 69 123
86 018 86 018
256 418 256 418
95 186 95 186
101 997 101 997
42 872 42 872
7 868 7 868
1 841 1 841
3 864 3 864
65 216 65 216
66 460 66 460
87 353 87 353
178 351 178 351
26 843 26 843
44 509 44 509
58 478 58 478
8 028 8 028
64 017 64 017
87 973 87 973
232 074 232 074
97 621 97 621
106 416 106 416
44 229 44 229
8 185 8 185
' and expected object '1 542 1 542
3 763 3 763
65 060 65 060
62 507 62 507
82 891 82 891
170 850 170 850
25 956 25 956
43 630 43 630
57 204 57 204
7 790 7 790
69 123 69 123
86 018 86 018
256 418 256 418
95 186 95 186
101 997 101 997
42 872 42 872
7 868 7 868
1 841 1 841
3 864 3 864
65 216 65 216
66 460 66 460
87 353 87 353
178 351 178 351
26 843 26 843
44 509 44 509
58 478 58 478
8 028 8 028
64 017 64 017
87 973 87 973
232 074 232 074
97 621 97 621
106 416 106 416
44 229 44 229
8 185 8 185
' are equal

02-12-2024T04:12:03 - [MESSAGE][PASSED] - Actual object '1 542 1 542
3 763 3 763
65 060 65 060
62 507 62 507
82 891 82 891
170 850 170 850
25 956 25 956
43 630 43 630
57 204 57 204
7 790 7 790
69 123 69 123
86 018 86 018
256 418 256 418
95 186 95 186
101 997 101 997
42 872 42 872
7 868 7 868
1 841 1 841
3 864 3 864
65 216 65 216
66 460 66 460
87 353 87 353
178 351 178 351
26 843 26 843
44 509 44 509
58 478 58 478
8 028 8 028
64 017 64 017
87 973 87 973
232 074 232 074
97 621 97 621
106 416 106 416
44 229 44 229
8 185 8 185
' and expected object '1 542 1 542
3 763 3 763
65 060 65 060
62 507 62 507
82 891 82 891
170 850 170 850
25 956 25 956
43 630 43 630
57 204 57 204
7 790 7 790
69 123 69 123
86 018 86 018
256 418 256 418
95 186 95 186
101 997 101 997
42 872 42 872
7 868 7 868
1 841 1 841
3 864 3 864
65 216 65 216
66 460 66 460
87 353 87 353
178 351 178 351
26 843 26 843
44 509 44 509
58 478 58 478
8 028 8 028
64 017 64 017
87 973 87 973
232 074 232 074
97 621 97 621
106 416 106 416
44 229 44 229
8 185 8 185
' are equal

02-12-2024T04:12:03 - [TEST_STEP][PASSED] - if (verifyEqual(a1, b1) == true): Actual object '1 542 1 542
3 763 3 763
65 060 65 060
62 507 62 507
82 891 82 891
170 850 170 850
25 956 25 956
43 630 43 630
57 204 57 204
7 790 7 790
69 123 69 123
86 018 86 018
256 418 256 418
95 186 95 186
101 997 101 997
42 872 42 872
7 868 7 868
1 841 1 841
3 864 3 864
65 216 65 216
66 460 66 460
87 353 87 353
178 351 178 351
26 843 26 843
44 509 44 509
58 478 58 478
8 028 8 028
64 017 64 017
87 973 87 973
232 074 232 074
97 621 97 621
106 416 106 416
44 229 44 229
8 185 8 185
' and expected object '1 542 1 542
3 763 3 763
65 060 65 060
62 507 62 507
82 891 82 891
170 850 170 850
25 956 25 956
43 630 43 630
57 204 57 204
7 790 7 790
69 123 69 123
86 018 86 018
256 418 256 418
95 186 95 186
101 997 101 997
42 872 42 872
7 868 7 868
1 841 1 841
3 864 3 864
65 216 65 216
66 460 66 460
87 353 87 353
178 351 178 351
26 843 26 843
44 509 44 509
58 478 58 478
8 028 8 028
64 017 64 017
87 973 87 973
232 074 232 074
97 621 97 621
106 416 106 416
44 229 44 229
8 185 8 185
' are equal

02-12-2024T04:12:03 - [MESSAGE][PASSED] - Actual object '1 542 1 542
3 763 3 763
65 060 65 060
62 507 62 507
82 891 82 891
170 850 170 850
25 956 25 956
43 630 43 630
57 204 57 204
7 790 7 790
69 123 69 123
86 018 86 018
256 418 256 418
95 186 95 186
101 997 101 997
42 872 42 872
7 868 7 868
1 841 1 841
3 864 3 864
65 216 65 216
66 460 66 460
87 353 87 353
178 351 178 351
26 843 26 843
44 509 44 509
58 478 58 478
8 028 8 028
64 017 64 017
87 973 87 973
232 074 232 074
97 621 97 621
106 416 106 416
44 229 44 229
8 185 8 185
' and expected object '1 542 1 542
3 763 3 763
65 060 65 060
62 507 62 507
82 891 82 891
170 850 170 850
25 956 25 956
43 630 43 630
57 204 57 204
7 790 7 790
69 123 69 123
86 018 86 018
256 418 256 418
95 186 95 186
101 997 101 997
42 872 42 872
7 868 7 868
1 841 1 841
3 864 3 864
65 216 65 216
66 460 66 460
87 353 87 353
178 351 178 351
26 843 26 843
44 509 44 509
58 478 58 478
8 028 8 028
64 017 64 017
87 973 87 973
232 074 232 074
97 621 97 621
106 416 106 416
44 229 44 229
8 185 8 185
' are equal

02-12-2024T04:12:03 - [TEST_STEP][PASSED] - verifyEqual(a2, b2): Actual object '0,16%0,16%
0,33%0,33%
5,52%5,52%
5,63%5,63%
7,39%7,39%
15,1%15,1%
2,27%2,27%
3,77%3,77%
4,95%4,95%
0,68%0,68%
5,42%5,42%
7,45%7,45%
19,64%19,64%
8,26%8,26%
9,01%9,01%
3,74%3,74%
0,69%0,69%
' and expected object '0,16%0,16%
0,33%0,33%
5,52%5,52%
5,63%5,63%
7,39%7,39%
15,1%15,1%
2,27%2,27%
3,77%3,77%
4,95%4,95%
0,68%0,68%
5,42%5,42%
7,45%7,45%
19,64%19,64%
8,26%8,26%
9,01%9,01%
3,74%3,74%
0,69%0,69%
' are equal

02-12-2024T04:12:03 - [MESSAGE][PASSED] - Actual object '0,16%0,16%
0,33%0,33%
5,52%5,52%
5,63%5,63%
7,39%7,39%
15,1%15,1%
2,27%2,27%
3,77%3,77%
4,95%4,95%
0,68%0,68%
5,42%5,42%
7,45%7,45%
19,64%19,64%
8,26%8,26%
9,01%9,01%
3,74%3,74%
0,69%0,69%
' and expected object '0,16%0,16%
0,33%0,33%
5,52%5,52%
5,63%5,63%
7,39%7,39%
15,1%15,1%
2,27%2,27%
3,77%3,77%
4,95%4,95%
0,68%0,68%
5,42%5,42%
7,45%7,45%
19,64%19,64%
8,26%8,26%
9,01%9,01%
3,74%3,74%
0,69%0,69%
' are equal

02-12-2024T04:12:03 - [TEST_STEP][PASSED] - if (verifyEqual(a2, b2) == true): Actual object '0,16%0,16%
0,33%0,33%
5,52%5,52%
5,63%5,63%
7,39%7,39%
15,1%15,1%
2,27%2,27%
3,77%3,77%
4,95%4,95%
0,68%0,68%
5,42%5,42%
7,45%7,45%
19,64%19,64%
8,26%8,26%
9,01%9,01%
3,74%3,74%
0,69%0,69%
' and expected object '0,16%0,16%
0,33%0,33%
5,52%5,52%
5,63%5,63%
7,39%7,39%
15,1%15,1%
2,27%2,27%
3,77%3,77%
4,95%4,95%
0,68%0,68%
5,42%5,42%
7,45%7,45%
19,64%19,64%
8,26%8,26%
9,01%9,01%
3,74%3,74%
0,69%0,69%
' are equal

02-12-2024T04:12:03 - [MESSAGE][PASSED] - Actual object '0,16%0,16%
0,33%0,33%
5,52%5,52%
5,63%5,63%
7,39%7,39%
15,1%15,1%
2,27%2,27%
3,77%3,77%
4,95%4,95%
0,68%0,68%
5,42%5,42%
7,45%7,45%
19,64%19,64%
8,26%8,26%
9,01%9,01%
3,74%3,74%
0,69%0,69%
' and expected object '0,16%0,16%
0,33%0,33%
5,52%5,52%
5,63%5,63%
7,39%7,39%
15,1%15,1%
2,27%2,27%
3,77%3,77%
4,95%4,95%
0,68%0,68%
5,42%5,42%
7,45%7,45%
19,64%19,64%
8,26%8,26%
9,01%9,01%
3,74%3,74%
0,69%0,69%
' are equal

02-12-2024T04:12:03 - [TEST_STEP][PASSED] - closeBrowser(): Browser is closed

02-12-2024T04:12:03 - [MESSAGE][PASSED] - Browser is closed]]></system-out>
         <system-err><![CDATA[]]></system-err>
      </testcase>
      <testcase name="Test Cases/Сверки дашбордов/Прогноз по отраслям сверка дашбордов" time="1158.883" classname="Test Cases/Сверки дашбордов/Прогноз по отраслям сверка дашбордов" status="PASSED">
         <system-out><![CDATA[02-12-2024T04:12:03 - [TEST_CASE][PASSED] - Test Cases/Сверки дашбордов/Прогноз по отраслям сверка дашбордов: Test Cases/Сверки дашбордов/Прогноз по отраслям сверка дашбордов

02-12-2024T04:12:04 - [TEST_STEP][PASSED] - date = new java.util.Date(): null

02-12-2024T04:12:04 - [TEST_STEP][PASSED] - todaysDate = date.format("dd.MM.yyyy"): null

02-12-2024T04:12:04 - [TEST_STEP][PASSED] - println(todaysDate): null

02-12-2024T04:12:04 - [TEST_STEP][PASSED] - typeOfData = <not implemented yet for class: org.codehaus.groovy.ast.expr.EmptyExpression>: null

02-12-2024T04:12:04 - [TEST_STEP][PASSED] - filterSravnenie = <not implemented yet for class: org.codehaus.groovy.ast.expr.EmptyExpression>: null

02-12-2024T04:12:04 - [TEST_STEP][PASSED] - kpoOtpusk = <not implemented yet for class: org.codehaus.groovy.ast.expr.EmptyExpression>: null

02-12-2024T04:12:04 - [TEST_STEP][PASSED] - openBrowser(""): Browser is opened with url: ''

02-12-2024T04:12:04 - [MESSAGE][INFO] - Starting 'Chrome' driver

02-12-2024T04:12:04 - [MESSAGE][INFO] - Action delay is set to 0 milliseconds

02-12-2024T04:12:05 - [MESSAGE][PASSED] - Browser is opened with url: ''

02-12-2024T04:12:05 - [TEST_STEP][PASSED] - navigateToUrl(findTestData("PlanFact").getValue(10, 6)): Navigate to 'https://bi.rosseti.digital/viewer?dashboardGuid=d6acb5b1a7114a9791b34de39263106e&sheetGuid=0b6d261d7f7b4424a967aa8f3a724189&fit=true' successfully

02-12-2024T04:12:11 - [MESSAGE][PASSED] - Navigate to 'https://bi.rosseti.digital/viewer?dashboardGuid=d6acb5b1a7114a9791b34de39263106e&sheetGuid=0b6d261d7f7b4424a967aa8f3a724189&fit=true' successfully

02-12-2024T04:12:11 - [TEST_STEP][PASSED] - setText(findTestObject("Страница авторизации/input__username"), findTestData("PlanFact").getValue(8, 1)): Text 'liazgina-di' is set on object 'Object Repository/Страница авторизации/input__username'

02-12-2024T04:12:15 - [MESSAGE][PASSED] - Text 'liazgina-di' is set on object 'Object Repository/Страница авторизации/input__username'

02-12-2024T04:12:15 - [TEST_STEP][PASSED] - setText(findTestObject("Страница авторизации/input__password"), findTestData("PlanFact").getValue(9, 1)): Text ')$%5srZ8o688Dm#q' is set on object 'Object Repository/Страница авторизации/input__password'

02-12-2024T04:12:15 - [MESSAGE][PASSED] - Text ')$%5srZ8o688Dm#q' is set on object 'Object Repository/Страница авторизации/input__password'

02-12-2024T04:12:15 - [TEST_STEP][PASSED] - click(findTestObject("Страница авторизации/button_")): Object: 'Object Repository/Страница авторизации/button_' is clicked on

02-12-2024T04:12:18 - [MESSAGE][PASSED] - Object: 'Object Repository/Страница авторизации/button_' is clicked on

02-12-2024T04:12:18 - [TEST_STEP][PASSED] - delay(50): Delayed 50 second(s)

02-12-2024T04:13:08 - [MESSAGE][PASSED] - Delayed 50 second(s)

02-12-2024T04:13:08 - [TEST_STEP][PASSED] - click(findTestObject("Прогноз по отраслям/Фильтр Месяц")): Object: 'Object Repository/Прогноз по отраслям/Фильтр Месяц' is clicked on

02-12-2024T04:13:09 - [MESSAGE][PASSED] - Object: 'Object Repository/Прогноз по отраслям/Фильтр Месяц' is clicked on

02-12-2024T04:13:09 - [TEST_STEP][PASSED] - scrollToElement(findTestObject("Прогноз по отраслям/Ноябрь"), 30): Scroll to object 'Object Repository/Прогноз по отраслям/Ноябрь' successfully

02-12-2024T04:13:09 - [MESSAGE][PASSED] - Scroll to object 'Object Repository/Прогноз по отраслям/Ноябрь' successfully

02-12-2024T04:13:09 - [TEST_STEP][PASSED] - click(findTestObject("Прогноз по отраслям/Ноябрь"), CONTINUE_ON_FAILURE): Object: 'Object Repository/Прогноз по отраслям/Ноябрь' is clicked on

02-12-2024T04:13:10 - [MESSAGE][PASSED] - Object: 'Object Repository/Прогноз по отраслям/Ноябрь' is clicked on

02-12-2024T04:13:10 - [TEST_STEP][PASSED] - scrollToElement(findTestObject("Прогноз по отраслям/Заголовок дашборда"), 30): Scroll to object 'Object Repository/Прогноз по отраслям/Заголовок дашборда' successfully

02-12-2024T04:13:12 - [MESSAGE][PASSED] - Scroll to object 'Object Repository/Прогноз по отраслям/Заголовок дашборда' successfully

02-12-2024T04:13:12 - [TEST_STEP][PASSED] - click(findTestObject("Прогноз по отраслям/Фильтр Сравнение с")): Object: 'Object Repository/Прогноз по отраслям/Фильтр Сравнение с' is clicked on

02-12-2024T04:13:13 - [MESSAGE][PASSED] - Object: 'Object Repository/Прогноз по отраслям/Фильтр Сравнение с' is clicked on

02-12-2024T04:13:13 - [TEST_STEP][PASSED] - click(findTestObject("Прогноз по отраслям/Факт прошлого года")): Object: 'Object Repository/Прогноз по отраслям/Факт прошлого года' is clicked on

02-12-2024T04:13:14 - [MESSAGE][PASSED] - Object: 'Object Repository/Прогноз по отраслям/Факт прошлого года' is clicked on

02-12-2024T04:13:14 - [TEST_STEP][PASSED] - click(findTestObject("Прогноз по отраслям/Фильтр КПО-Отпуск")): Object: 'Object Repository/Прогноз по отраслям/Фильтр КПО-Отпуск' is clicked on

02-12-2024T04:13:15 - [MESSAGE][PASSED] - Object: 'Object Repository/Прогноз по отраслям/Фильтр КПО-Отпуск' is clicked on

02-12-2024T04:13:15 - [TEST_STEP][PASSED] - click(findTestObject("Прогноз по отраслям/Отпуск")): Object: 'Object Repository/Прогноз по отраслям/Отпуск' is clicked on

02-12-2024T04:13:16 - [MESSAGE][PASSED] - Object: 'Object Repository/Прогноз по отраслям/Отпуск' is clicked on

02-12-2024T04:13:16 - [TEST_STEP][PASSED] - delay(40): Delayed 40 second(s)

02-12-2024T04:13:56 - [MESSAGE][PASSED] - Delayed 40 second(s)

02-12-2024T04:13:56 - [TEST_STEP][PASSED] - a1 = getText(findTestObject("Прогноз по отраслям/Виджеты дашборда")): Text of object 'Object Repository/Прогноз по отраслям/Виджеты дашборда' is: 'Год 
2023 год
Сравнение с 
Факт прошлого года
Динамика электропотребления, млрд. кВт.ч. по ПАО Россети на 2023 год
12 12
186 186
36 36
50 50
10 10
19 19
0 0
17 17
85 85
19 19
82 82
604 604
10 10
197 197
37 37
48 48
10 10
15 15
4 4
18 18
80 80
19 19
82 82
608 608
Факт прошлого года
Ожидаемое (прогноз по конца года)
Интер РАО (дляФСК)
Промышленныепотребители
Транспорт
Нефтедобыча
Нефтепереработка
Нефтепроводы
Газопроводы
Сельскоехозяйство ипищеваяпромышленность
Непромышленныепотребители
Государственные(муниципальные)организации ипрочиебюджетныепотребители
Население иприравненныегруппыпотребителей
Территориальныесетевыеорганизации
Выручка по ПАО Россети на 2023 год
5 5
285 285
72 72
72 72
18 18
22 22
0 0
50 50
201 201
61 61
190 190
227 227
6 6
331 331
82 82
77 77
20 20
20 20
3 3
57 57
220 220
68 68
214 214
258 258
Факт прошлого года
Ожидаемое (прогноз по конца года)
Интер РАО (дляФСК)
Промышленныепотребители
Транспорт
Нефтедобыча
Нефтепереработка
Нефтепроводы
Газопроводы
Сельскоехозяйство ипищеваяпромышленность
Непромышленныепотребители
Государственные(муниципальные)организации ипрочиебюджетныепотребители
Население иприравненныегруппыпотребителей
Территориальныесетевыеорганизации
Отклонения по ПАО Россети на 2023 год
-18.5% -18.5%
5.9% 5.9%
3.6% 3.6%
-3.9% -3.9%
0.9% 0.9%
-20.7% -20.7%
3 313.2% 3 313.2%
3.8% 3.8%
-5.6% -5.6%
1.3% 1.3%
-0.9% -0.9%
0.7% 0.7%
⬤ Отклонение, %
Интер РАО (для ФСК)
Промышленные потребители
Транспорт
Нефтедобыча
Нефтепереработка
Нефтепроводы
Газопроводы
Сельское хозяйство и пищевая пр…
Непромышленные потребители
Государственные (муниципальные…
Население и приравненные групп…
Территориальные сетевые органи…
Выручка отклонения по ПАО Россети на 2023 год
7.7% 7.7%
16.0% 16.0%
13.2% 13.2%
6.7% 6.7%
13.3% 13.3%
-7.7% -7.7%
1 331.5% 1 331.5%
14.2% 14.2%
9.9% 9.9%
12.0% 12.0%
12.4% 12.4%
13.7% 13.7%
⬤ Отклонение, %
Интер РАО (для ФСК)
Промышленные потребители
Транспорт
Нефтедобыча
Нефтепереработка
Нефтепроводы
Газопроводы
Сельское хозяйство и пищевая пр…
Непромышленные потребители
Государственные (муниципальные…
Население и приравненные групп…
Территориальные сетевые органи…
абс.
%
Прогноз на месяц 
Ноябрь
КПО/Отпуск из сети 
Отпуск из сети, млн. кВт.ч
Организация 
Все
Прогноз электропотребления и выручки за услуги по передаче в разрезе отраслей'

02-12-2024T04:13:57 - [MESSAGE][PASSED] - Text of object 'Object Repository/Прогноз по отраслям/Виджеты дашборда' is: 'Год 
2023 год
Сравнение с 
Факт прошлого года
Динамика электропотребления, млрд. кВт.ч. по ПАО Россети на 2023 год
12 12
186 186
36 36
50 50
10 10
19 19
0 0
17 17
85 85
19 19
82 82
604 604
10 10
197 197
37 37
48 48
10 10
15 15
4 4
18 18
80 80
19 19
82 82
608 608
Факт прошлого года
Ожидаемое (прогноз по конца года)
Интер РАО (дляФСК)
Промышленныепотребители
Транспорт
Нефтедобыча
Нефтепереработка
Нефтепроводы
Газопроводы
Сельскоехозяйство ипищеваяпромышленность
Непромышленныепотребители
Государственные(муниципальные)организации ипрочиебюджетныепотребители
Население иприравненныегруппыпотребителей
Территориальныесетевыеорганизации
Выручка по ПАО Россети на 2023 год
5 5
285 285
72 72
72 72
18 18
22 22
0 0
50 50
201 201
61 61
190 190
227 227
6 6
331 331
82 82
77 77
20 20
20 20
3 3
57 57
220 220
68 68
214 214
258 258
Факт прошлого года
Ожидаемое (прогноз по конца года)
Интер РАО (дляФСК)
Промышленныепотребители
Транспорт
Нефтедобыча
Нефтепереработка
Нефтепроводы
Газопроводы
Сельскоехозяйство ипищеваяпромышленность
Непромышленныепотребители
Государственные(муниципальные)организации ипрочиебюджетныепотребители
Население иприравненныегруппыпотребителей
Территориальныесетевыеорганизации
Отклонения по ПАО Россети на 2023 год
-18.5% -18.5%
5.9% 5.9%
3.6% 3.6%
-3.9% -3.9%
0.9% 0.9%
-20.7% -20.7%
3 313.2% 3 313.2%
3.8% 3.8%
-5.6% -5.6%
1.3% 1.3%
-0.9% -0.9%
0.7% 0.7%
⬤ Отклонение, %
Интер РАО (для ФСК)
Промышленные потребители
Транспорт
Нефтедобыча
Нефтепереработка
Нефтепроводы
Газопроводы
Сельское хозяйство и пищевая пр…
Непромышленные потребители
Государственные (муниципальные…
Население и приравненные групп…
Территориальные сетевые органи…
Выручка отклонения по ПАО Россети на 2023 год
7.7% 7.7%
16.0% 16.0%
13.2% 13.2%
6.7% 6.7%
13.3% 13.3%
-7.7% -7.7%
1 331.5% 1 331.5%
14.2% 14.2%
9.9% 9.9%
12.0% 12.0%
12.4% 12.4%
13.7% 13.7%
⬤ Отклонение, %
Интер РАО (для ФСК)
Промышленные потребители
Транспорт
Нефтедобыча
Нефтепереработка
Нефтепроводы
Газопроводы
Сельское хозяйство и пищевая пр…
Непромышленные потребители
Государственные (муниципальные…
Население и приравненные групп…
Территориальные сетевые органи…
абс.
%
Прогноз на месяц 
Ноябрь
КПО/Отпуск из сети 
Отпуск из сети, млн. кВт.ч
Организация 
Все
Прогноз электропотребления и выручки за услуги по передаче в разрезе отраслей'

02-12-2024T04:13:57 - [TEST_STEP][PASSED] - a1 = a1.replaceAll("[^0-9]", ""): null

02-12-2024T04:13:57 - [TEST_STEP][PASSED] - println("a1:" + a1): null

02-12-2024T04:13:57 - [TEST_STEP][PASSED] - click(findTestObject("Прогноз по отраслям/Фильтр Сравнение с")): Object: 'Object Repository/Прогноз по отраслям/Фильтр Сравнение с' is clicked on

02-12-2024T04:13:57 - [MESSAGE][PASSED] - Object: 'Object Repository/Прогноз по отраслям/Фильтр Сравнение с' is clicked on

02-12-2024T04:13:57 - [TEST_STEP][PASSED] - click(findTestObject("Прогноз по отраслям/План")): Object: 'Object Repository/Прогноз по отраслям/План' is clicked on

02-12-2024T04:13:58 - [MESSAGE][PASSED] - Object: 'Object Repository/Прогноз по отраслям/План' is clicked on

02-12-2024T04:13:58 - [TEST_STEP][PASSED] - delay(40): Delayed 40 second(s)

02-12-2024T04:14:38 - [MESSAGE][PASSED] - Delayed 40 second(s)

02-12-2024T04:14:38 - [TEST_STEP][PASSED] - a2 = getText(findTestObject("Прогноз по отраслям/Виджеты дашборда")): Text of object 'Object Repository/Прогноз по отраслям/Виджеты дашборда' is: 'Год 
2023 год
Сравнение с 
План
Динамика электропотребления, млрд. кВт.ч. по ПАО Россети на 2023 год
10 10
190 190
36 36
14 14
9 9
14 14
4 4
17 17
80 80
19 19
82 82
588 588
10 10
197 197
37 37
48 48
10 10
15 15
4 4
18 18
80 80
19 19
82 82
608 608
План
Ожидаемое (прогноз по конца года)
Интер РАО (дляФСК)
Промышленныепотребители
Транспорт
Нефтедобыча
Нефтепереработка
Нефтепроводы
Газопроводы
Сельскоехозяйство ипищеваяпромышленность
Непромышленныепотребители
Государственные(муниципальные)организации ипрочиебюджетныепотребители
Население иприравненныегруппыпотребителей
Территориальныесетевыеорганизации
Выручка по ПАО Россети на 2023 год
5 5
319 319
81 81
16 16
16 16
20 20
2 2
56 56
215 215
67 67
218 218
239 239
6 6
331 331
82 82
77 77
20 20
20 20
3 3
57 57
220 220
68 68
214 214
258 258
План
Ожидаемое (прогноз по конца года)
Интер РАО (дляФСК)
Промышленныепотребители
Транспорт
Нефтедобыча
Нефтепереработка
Нефтепроводы
Газопроводы
Сельскоехозяйство ипищеваяпромышленность
Непромышленныепотребители
Государственные(муниципальные)организации ипрочиебюджетныепотребители
Население иприравненныегруппыпотребителей
Территориальныесетевыеорганизации
Отклонения по ПАО Россети на 2023 год
-4.7% -4.7%
3.8% 3.8%
1.9% 1.9%
230.3% 230.3%
10.9% 10.9%
4.2% 4.2%
21.7% 21.7%
3.9% 3.9%
-0.6% -0.6%
1.6% 1.6%
-1.0% -1.0%
3.3% 3.3%
⬤ Отклонение, %
Интер РАО (для ФСК)
Промышленные потребители
Транспорт
Нефтедобыча
Нефтепереработка
Нефтепроводы
Газопроводы
Сельское хозяйство и пищевая пр…
Непромышленные потребители
Государственные (муниципальные…
Население и приравненные групп…
Территориальные сетевые органи…
Выручка отклонения по ПАО Россети на 2023 год
15.6% 15.6%
3.8% 3.8%
1.2% 1.2%
398.2% 398.2%
26.9% 26.9%
-0.6% -0.6%
26.9% 26.9%
1.5% 1.5%
2.7% 2.7%
2.0% 2.0%
-2.0% -2.0%
7.9% 7.9%
⬤ Отклонение, %
Интер РАО (для ФСК)
Промышленные потребители
Транспорт
Нефтедобыча
Нефтепереработка
Нефтепроводы
Газопроводы
Сельское хозяйство и пищевая пр…
Непромышленные потребители
Государственные (муниципальные…
Население и приравненные групп…
Территориальные сетевые органи…
абс.
%
Прогноз на месяц 
Ноябрь
КПО/Отпуск из сети 
Отпуск из сети, млн. кВт.ч
Организация 
Все
Прогноз электропотребления и выручки за услуги по передаче в разрезе отраслей'

02-12-2024T04:14:38 - [MESSAGE][PASSED] - Text of object 'Object Repository/Прогноз по отраслям/Виджеты дашборда' is: 'Год 
2023 год
Сравнение с 
План
Динамика электропотребления, млрд. кВт.ч. по ПАО Россети на 2023 год
10 10
190 190
36 36
14 14
9 9
14 14
4 4
17 17
80 80
19 19
82 82
588 588
10 10
197 197
37 37
48 48
10 10
15 15
4 4
18 18
80 80
19 19
82 82
608 608
План
Ожидаемое (прогноз по конца года)
Интер РАО (дляФСК)
Промышленныепотребители
Транспорт
Нефтедобыча
Нефтепереработка
Нефтепроводы
Газопроводы
Сельскоехозяйство ипищеваяпромышленность
Непромышленныепотребители
Государственные(муниципальные)организации ипрочиебюджетныепотребители
Население иприравненныегруппыпотребителей
Территориальныесетевыеорганизации
Выручка по ПАО Россети на 2023 год
5 5
319 319
81 81
16 16
16 16
20 20
2 2
56 56
215 215
67 67
218 218
239 239
6 6
331 331
82 82
77 77
20 20
20 20
3 3
57 57
220 220
68 68
214 214
258 258
План
Ожидаемое (прогноз по конца года)
Интер РАО (дляФСК)
Промышленныепотребители
Транспорт
Нефтедобыча
Нефтепереработка
Нефтепроводы
Газопроводы
Сельскоехозяйство ипищеваяпромышленность
Непромышленныепотребители
Государственные(муниципальные)организации ипрочиебюджетныепотребители
Население иприравненныегруппыпотребителей
Территориальныесетевыеорганизации
Отклонения по ПАО Россети на 2023 год
-4.7% -4.7%
3.8% 3.8%
1.9% 1.9%
230.3% 230.3%
10.9% 10.9%
4.2% 4.2%
21.7% 21.7%
3.9% 3.9%
-0.6% -0.6%
1.6% 1.6%
-1.0% -1.0%
3.3% 3.3%
⬤ Отклонение, %
Интер РАО (для ФСК)
Промышленные потребители
Транспорт
Нефтедобыча
Нефтепереработка
Нефтепроводы
Газопроводы
Сельское хозяйство и пищевая пр…
Непромышленные потребители
Государственные (муниципальные…
Население и приравненные групп…
Территориальные сетевые органи…
Выручка отклонения по ПАО Россети на 2023 год
15.6% 15.6%
3.8% 3.8%
1.2% 1.2%
398.2% 398.2%
26.9% 26.9%
-0.6% -0.6%
26.9% 26.9%
1.5% 1.5%
2.7% 2.7%
2.0% 2.0%
-2.0% -2.0%
7.9% 7.9%
⬤ Отклонение, %
Интер РАО (для ФСК)
Промышленные потребители
Транспорт
Нефтедобыча
Нефтепереработка
Нефтепроводы
Газопроводы
Сельское хозяйство и пищевая пр…
Непромышленные потребители
Государственные (муниципальные…
Население и приравненные групп…
Территориальные сетевые органи…
абс.
%
Прогноз на месяц 
Ноябрь
КПО/Отпуск из сети 
Отпуск из сети, млн. кВт.ч
Организация 
Все
Прогноз электропотребления и выручки за услуги по передаче в разрезе отраслей'

02-12-2024T04:14:38 - [TEST_STEP][PASSED] - a2 = a2.replaceAll("[^0-9]", ""): null

02-12-2024T04:14:38 - [TEST_STEP][PASSED] - println("a2:" + a2): null

02-12-2024T04:14:38 - [TEST_STEP][PASSED] - click(findTestObject("Прогноз по отраслям/Фильтр Сравнение с")): Object: 'Object Repository/Прогноз по отраслям/Фильтр Сравнение с' is clicked on

02-12-2024T04:14:39 - [MESSAGE][PASSED] - Object: 'Object Repository/Прогноз по отраслям/Фильтр Сравнение с' is clicked on

02-12-2024T04:14:39 - [TEST_STEP][PASSED] - click(findTestObject("Прогноз по отраслям/План СУ")): Object: 'Object Repository/Прогноз по отраслям/План СУ' is clicked on

02-12-2024T04:14:40 - [MESSAGE][PASSED] - Object: 'Object Repository/Прогноз по отраслям/План СУ' is clicked on

02-12-2024T04:14:40 - [TEST_STEP][PASSED] - delay(40): Delayed 40 second(s)

02-12-2024T04:15:20 - [MESSAGE][PASSED] - Delayed 40 second(s)

02-12-2024T04:15:20 - [TEST_STEP][PASSED] - a3 = getText(findTestObject("Прогноз по отраслям/Виджеты дашборда")): Text of object 'Object Repository/Прогноз по отраслям/Виджеты дашборда' is: 'Год 
2023 год
Сравнение с 
План/СУ
Динамика электропотребления, млрд. кВт.ч. по ПАО Россети на 2023 год
10 10
186 186
36 36
15 15
9 9
14 14
4 4
17 17
88 88
19 19
83 83
597 597
10 10
197 197
37 37
48 48
10 10
15 15
4 4
18 18
80 80
19 19
82 82
608 608
СУ
Ожидаемое (прогноз по конца года)
Интер РАО (дляФСК)
Промышленныепотребители
Транспорт
Нефтедобыча
Нефтепереработка
Нефтепроводы
Газопроводы
Сельскоехозяйство ипищеваяпромышленность
Непромышленныепотребители
Государственные(муниципальные)организации ипрочиебюджетныепотребители
Население иприравненныегруппыпотребителей
Территориальныесетевыеорганизации
Выручка по ПАО Россети на 2023 год
6 6
331 331
82 82
77 77
20 20
20 20
3 3
57 57
220 220
68 68
214 214
258 258
Ожидаемое (прогноз по конца года)
Интер РАО (дляФСК)
Промышленныепотребители
Транспорт
Нефтедобыча
Нефтепереработка
Нефтепроводы
Газопроводы
Сельскоехозяйство ипищеваяпромышленность
Непромышленныепотребители
Государственные(муниципальные)организации ипрочиебюджетныепотребители
Население иприравненныегруппыпотребителей
Территориальныесетевыеорганизации
Отклонения по ПАО Россети на 2023 год
2.5% 2.5%
5.9% 5.9%
1.9% 1.9%
219.1% 219.1%
11.7% 11.7%
1.9% 1.9%
13.1% 13.1%
3.5% 3.5%
-8.7% -8.7%
0.2% 0.2%
-1.6% -1.6%
1.8% 1.8%
⬤ Отклонение, %
Интер РАО (для ФСК)
Промышленные потребители
Транспорт
Нефтедобыча
Нефтепереработка
Нефтепроводы
Газопроводы
Сельское хозяйство и пищевая пр…
Непромышленные потребители
Государственные (муниципальные…
Население и приравненные групп…
Территориальные сетевые органи…
Выручка отклонения по ПАО Россети на 2023 год
⬤ Отклонение, %
Интер РАО (для ФСК)
Промышленные потребители
Транспорт
Нефтедобыча
Нефтепереработка
Нефтепроводы
Газопроводы
Сельское хозяйство и пищевая пр…
Непромышленные потребители
Государственные (муниципальные…
Население и приравненные групп…
Территориальные сетевые органи…
абс.
%
Прогноз на месяц 
Ноябрь
КПО/Отпуск из сети 
Отпуск из сети, млн. кВт.ч
Организация 
Все
Прогноз электропотребления и выручки за услуги по передаче в разрезе отраслей'

02-12-2024T04:15:20 - [MESSAGE][PASSED] - Text of object 'Object Repository/Прогноз по отраслям/Виджеты дашборда' is: 'Год 
2023 год
Сравнение с 
План/СУ
Динамика электропотребления, млрд. кВт.ч. по ПАО Россети на 2023 год
10 10
186 186
36 36
15 15
9 9
14 14
4 4
17 17
88 88
19 19
83 83
597 597
10 10
197 197
37 37
48 48
10 10
15 15
4 4
18 18
80 80
19 19
82 82
608 608
СУ
Ожидаемое (прогноз по конца года)
Интер РАО (дляФСК)
Промышленныепотребители
Транспорт
Нефтедобыча
Нефтепереработка
Нефтепроводы
Газопроводы
Сельскоехозяйство ипищеваяпромышленность
Непромышленныепотребители
Государственные(муниципальные)организации ипрочиебюджетныепотребители
Население иприравненныегруппыпотребителей
Территориальныесетевыеорганизации
Выручка по ПАО Россети на 2023 год
6 6
331 331
82 82
77 77
20 20
20 20
3 3
57 57
220 220
68 68
214 214
258 258
Ожидаемое (прогноз по конца года)
Интер РАО (дляФСК)
Промышленныепотребители
Транспорт
Нефтедобыча
Нефтепереработка
Нефтепроводы
Газопроводы
Сельскоехозяйство ипищеваяпромышленность
Непромышленныепотребители
Государственные(муниципальные)организации ипрочиебюджетныепотребители
Население иприравненныегруппыпотребителей
Территориальныесетевыеорганизации
Отклонения по ПАО Россети на 2023 год
2.5% 2.5%
5.9% 5.9%
1.9% 1.9%
219.1% 219.1%
11.7% 11.7%
1.9% 1.9%
13.1% 13.1%
3.5% 3.5%
-8.7% -8.7%
0.2% 0.2%
-1.6% -1.6%
1.8% 1.8%
⬤ Отклонение, %
Интер РАО (для ФСК)
Промышленные потребители
Транспорт
Нефтедобыча
Нефтепереработка
Нефтепроводы
Газопроводы
Сельское хозяйство и пищевая пр…
Непромышленные потребители
Государственные (муниципальные…
Население и приравненные групп…
Территориальные сетевые органи…
Выручка отклонения по ПАО Россети на 2023 год
⬤ Отклонение, %
Интер РАО (для ФСК)
Промышленные потребители
Транспорт
Нефтедобыча
Нефтепереработка
Нефтепроводы
Газопроводы
Сельское хозяйство и пищевая пр…
Непромышленные потребители
Государственные (муниципальные…
Население и приравненные групп…
Территориальные сетевые органи…
абс.
%
Прогноз на месяц 
Ноябрь
КПО/Отпуск из сети 
Отпуск из сети, млн. кВт.ч
Организация 
Все
Прогноз электропотребления и выручки за услуги по передаче в разрезе отраслей'

02-12-2024T04:15:20 - [TEST_STEP][PASSED] - a3 = a3.replaceAll("[^0-9]", ""): null

02-12-2024T04:15:20 - [TEST_STEP][PASSED] - println("a3:" + a3): null

02-12-2024T04:15:20 - [TEST_STEP][PASSED] - click(findTestObject("Прогноз по отраслям/Фильтр Сравнение с")): Object: 'Object Repository/Прогноз по отраслям/Фильтр Сравнение с' is clicked on

02-12-2024T04:15:21 - [MESSAGE][PASSED] - Object: 'Object Repository/Прогноз по отраслям/Фильтр Сравнение с' is clicked on

02-12-2024T04:15:21 - [TEST_STEP][PASSED] - click(findTestObject("Прогноз по отраслям/Факт прошлого года")): Object: 'Object Repository/Прогноз по отраслям/Факт прошлого года' is clicked on

02-12-2024T04:15:22 - [MESSAGE][PASSED] - Object: 'Object Repository/Прогноз по отраслям/Факт прошлого года' is clicked on

02-12-2024T04:15:22 - [TEST_STEP][PASSED] - click(findTestObject("Прогноз по отраслям/Фильтр КПО-Отпуск")): Object: 'Object Repository/Прогноз по отраслям/Фильтр КПО-Отпуск' is clicked on

02-12-2024T04:15:24 - [MESSAGE][PASSED] - Object: 'Object Repository/Прогноз по отраслям/Фильтр КПО-Отпуск' is clicked on

02-12-2024T04:15:24 - [TEST_STEP][PASSED] - click(findTestObject("Прогноз по отраслям/КПО")): Object: 'Object Repository/Прогноз по отраслям/КПО' is clicked on

02-12-2024T04:15:25 - [MESSAGE][PASSED] - Object: 'Object Repository/Прогноз по отраслям/КПО' is clicked on

02-12-2024T04:15:25 - [TEST_STEP][PASSED] - delay(40): Delayed 40 second(s)

02-12-2024T04:16:05 - [MESSAGE][PASSED] - Delayed 40 second(s)

02-12-2024T04:16:05 - [TEST_STEP][PASSED] - a4 = getText(findTestObject("Прогноз по отраслям/Виджеты дашборда")): Text of object 'Object Repository/Прогноз по отраслям/Виджеты дашборда' is: 'Год 
2023 год
Сравнение с 
Факт прошлого года
Динамика электропотребления, млрд. кВт.ч. по ПАО Россети на 2023 год
0 0
120 120
38 38
41 41
8 8
10 10
0 0
19 19
77 77
25 25
122 122
61 61
0 0
120 120
39 39
39 39
8 8
8 8
1 1
20 20
78 78
26 26
121 121
60 60
Факт прошлого года
Ожидаемое (прогноз по конца года)
Интер РАО (дляФСК)
Промышленныепотребители
Транспорт
Нефтедобыча
Нефтепереработка
Нефтепроводы
Газопроводы
Сельскоехозяйство ипищеваяпромышленность
Непромышленныепотребители
Государственные(муниципальные)организации ипрочиебюджетныепотребители
Население иприравненныегруппыпотребителей
Территориальныесетевыеорганизации
Выручка по ПАО Россети на 2023 год
5 5
285 285
72 72
72 72
18 18
22 22
0 0
50 50
201 201
61 61
190 190
227 227
6 6
331 331
82 82
77 77
20 20
20 20
3 3
57 57
220 220
68 68
214 214
258 258
Факт прошлого года
Ожидаемое (прогноз по конца года)
Интер РАО (дляФСК)
Промышленныепотребители
Транспорт
Нефтедобыча
Нефтепереработка
Нефтепроводы
Газопроводы
Сельскоехозяйство ипищеваяпромышленность
Непромышленныепотребители
Государственные(муниципальные)организации ипрочиебюджетныепотребители
Население иприравненныегруппыпотребителей
Территориальныесетевыеорганизации
Отклонения по ПАО Россети на 2023 год
0.5% 0.5%
0.9% 0.9%
-5.9% -5.9%
3.1% 3.1%
-17.9% -17.9%
578.4% 578.4%
2.3% 2.3%
1.8% 1.8%
2.1% 2.1%
-0.9% -0.9%
-0.2% -0.2%
⬤ Отклонение, %
Интер РАО (для ФСК)
Промышленные потребители
Транспорт
Нефтедобыча
Нефтепереработка
Нефтепроводы
Газопроводы
Сельское хозяйство и пищевая пр…
Непромышленные потребители
Государственные (муниципальные…
Население и приравненные групп…
Территориальные сетевые органи…
Выручка отклонения по ПАО Россети на 2023 год
7.7% 7.7%
16.0% 16.0%
13.2% 13.2%
6.7% 6.7%
13.3% 13.3%
-7.7% -7.7%
1 331.5% 1 331.5%
14.2% 14.2%
9.9% 9.9%
12.0% 12.0%
12.4% 12.4%
13.7% 13.7%
⬤ Отклонение, %
Интер РАО (для ФСК)
Промышленные потребители
Транспорт
Нефтедобыча
Нефтепереработка
Нефтепроводы
Газопроводы
Сельское хозяйство и пищевая пр…
Непромышленные потребители
Государственные (муниципальные…
Население и приравненные групп…
Территориальные сетевые органи…
абс.
%
Прогноз на месяц 
Ноябрь
КПО/Отпуск из сети 
Котловой полезный отпуск, млн. кВт.ч
Организация 
Все
Прогноз электропотребления и выручки за услуги по передаче в разрезе отраслей'

02-12-2024T04:16:05 - [MESSAGE][PASSED] - Text of object 'Object Repository/Прогноз по отраслям/Виджеты дашборда' is: 'Год 
2023 год
Сравнение с 
Факт прошлого года
Динамика электропотребления, млрд. кВт.ч. по ПАО Россети на 2023 год
0 0
120 120
38 38
41 41
8 8
10 10
0 0
19 19
77 77
25 25
122 122
61 61
0 0
120 120
39 39
39 39
8 8
8 8
1 1
20 20
78 78
26 26
121 121
60 60
Факт прошлого года
Ожидаемое (прогноз по конца года)
Интер РАО (дляФСК)
Промышленныепотребители
Транспорт
Нефтедобыча
Нефтепереработка
Нефтепроводы
Газопроводы
Сельскоехозяйство ипищеваяпромышленность
Непромышленныепотребители
Государственные(муниципальные)организации ипрочиебюджетныепотребители
Население иприравненныегруппыпотребителей
Территориальныесетевыеорганизации
Выручка по ПАО Россети на 2023 год
5 5
285 285
72 72
72 72
18 18
22 22
0 0
50 50
201 201
61 61
190 190
227 227
6 6
331 331
82 82
77 77
20 20
20 20
3 3
57 57
220 220
68 68
214 214
258 258
Факт прошлого года
Ожидаемое (прогноз по конца года)
Интер РАО (дляФСК)
Промышленныепотребители
Транспорт
Нефтедобыча
Нефтепереработка
Нефтепроводы
Газопроводы
Сельскоехозяйство ипищеваяпромышленность
Непромышленныепотребители
Государственные(муниципальные)организации ипрочиебюджетныепотребители
Население иприравненныегруппыпотребителей
Территориальныесетевыеорганизации
Отклонения по ПАО Россети на 2023 год
0.5% 0.5%
0.9% 0.9%
-5.9% -5.9%
3.1% 3.1%
-17.9% -17.9%
578.4% 578.4%
2.3% 2.3%
1.8% 1.8%
2.1% 2.1%
-0.9% -0.9%
-0.2% -0.2%
⬤ Отклонение, %
Интер РАО (для ФСК)
Промышленные потребители
Транспорт
Нефтедобыча
Нефтепереработка
Нефтепроводы
Газопроводы
Сельское хозяйство и пищевая пр…
Непромышленные потребители
Государственные (муниципальные…
Население и приравненные групп…
Территориальные сетевые органи…
Выручка отклонения по ПАО Россети на 2023 год
7.7% 7.7%
16.0% 16.0%
13.2% 13.2%
6.7% 6.7%
13.3% 13.3%
-7.7% -7.7%
1 331.5% 1 331.5%
14.2% 14.2%
9.9% 9.9%
12.0% 12.0%
12.4% 12.4%
13.7% 13.7%
⬤ Отклонение, %
Интер РАО (для ФСК)
Промышленные потребители
Транспорт
Нефтедобыча
Нефтепереработка
Нефтепроводы
Газопроводы
Сельское хозяйство и пищевая пр…
Непромышленные потребители
Государственные (муниципальные…
Население и приравненные групп…
Территориальные сетевые органи…
абс.
%
Прогноз на месяц 
Ноябрь
КПО/Отпуск из сети 
Котловой полезный отпуск, млн. кВт.ч
Организация 
Все
Прогноз электропотребления и выручки за услуги по передаче в разрезе отраслей'

02-12-2024T04:16:05 - [TEST_STEP][PASSED] - a4 = a4.replaceAll("[^0-9]", ""): null

02-12-2024T04:16:05 - [TEST_STEP][PASSED] - println("a4:" + a4): null

02-12-2024T04:16:05 - [TEST_STEP][PASSED] - click(findTestObject("Прогноз по отраслям/Фильтр Сравнение с")): Object: 'Object Repository/Прогноз по отраслям/Фильтр Сравнение с' is clicked on

02-12-2024T04:16:06 - [MESSAGE][PASSED] - Object: 'Object Repository/Прогноз по отраслям/Фильтр Сравнение с' is clicked on

02-12-2024T04:16:06 - [TEST_STEP][PASSED] - click(findTestObject("Прогноз по отраслям/План")): Object: 'Object Repository/Прогноз по отраслям/План' is clicked on

02-12-2024T04:16:07 - [MESSAGE][PASSED] - Object: 'Object Repository/Прогноз по отраслям/План' is clicked on

02-12-2024T04:16:07 - [TEST_STEP][PASSED] - delay(40): Delayed 40 second(s)

02-12-2024T04:16:47 - [MESSAGE][PASSED] - Delayed 40 second(s)

02-12-2024T04:16:47 - [TEST_STEP][PASSED] - a5 = getText(findTestObject("Прогноз по отраслям/Виджеты дашборда")): Text of object 'Object Repository/Прогноз по отраслям/Виджеты дашборда' is: 'Год 
2023 год
Сравнение с 
План
Динамика электропотребления, млрд. кВт.ч. по ПАО Россети на 2023 год
0 0
119 119
37 37
7 7
7 7
8 8
1 1
19 19
75 75
25 25
123 123
55 55
0 0
120 120
39 39
39 39
8 8
8 8
1 1
20 20
78 78
26 26
121 121
60 60
План
Ожидаемое (прогноз по конца года)
Интер РАО (дляФСК)
Промышленныепотребители
Транспорт
Нефтедобыча
Нефтепереработка
Нефтепроводы
Газопроводы
Сельскоехозяйство ипищеваяпромышленность
Непромышленныепотребители
Государственные(муниципальные)организации ипрочиебюджетныепотребители
Население иприравненныегруппыпотребителей
Территориальныесетевыеорганизации
Выручка по ПАО Россети на 2023 год
5 5
319 319
81 81
16 16
16 16
20 20
2 2
56 56
215 215
67 67
218 218
239 239
6 6
331 331
82 82
77 77
20 20
20 20
3 3
57 57
220 220
68 68
214 214
258 258
План
Ожидаемое (прогноз по конца года)
Интер РАО (дляФСК)
Промышленныепотребители
Транспорт
Нефтедобыча
Нефтепереработка
Нефтепроводы
Газопроводы
Сельскоехозяйство ипищеваяпромышленность
Непромышленныепотребители
Государственные(муниципальные)организации ипрочиебюджетныепотребители
Население иприравненныегруппыпотребителей
Территориальныесетевыеорганизации
Отклонения по ПАО Россети на 2023 год
1.2% 1.2%
3.2% 3.2%
492.1% 492.1%
18.1% 18.1%
4.4% 4.4%
11.9% 11.9%
1.2% 1.2%
4.1% 4.1%
2.4% 2.4%
-1.4% -1.4%
9.7% 9.7%
⬤ Отклонение, %
Интер РАО (для ФСК)
Промышленные потребители
Транспорт
Нефтедобыча
Нефтепереработка
Нефтепроводы
Газопроводы
Сельское хозяйство и пищевая пр…
Непромышленные потребители
Государственные (муниципальные…
Население и приравненные групп…
Территориальные сетевые органи…
Выручка отклонения по ПАО Россети на 2023 год
15.6% 15.6%
3.8% 3.8%
1.2% 1.2%
398.2% 398.2%
26.9% 26.9%
-0.6% -0.6%
26.9% 26.9%
1.5% 1.5%
2.7% 2.7%
2.0% 2.0%
-2.0% -2.0%
7.9% 7.9%
⬤ Отклонение, %
Интер РАО (для ФСК)
Промышленные потребители
Транспорт
Нефтедобыча
Нефтепереработка
Нефтепроводы
Газопроводы
Сельское хозяйство и пищевая пр…
Непромышленные потребители
Государственные (муниципальные…
Население и приравненные групп…
Территориальные сетевые органи…
абс.
%
Прогноз на месяц 
Ноябрь
КПО/Отпуск из сети 
Котловой полезный отпуск, млн. кВт.ч
Организация 
Все
Прогноз электропотребления и выручки за услуги по передаче в разрезе отраслей'

02-12-2024T04:16:47 - [MESSAGE][PASSED] - Text of object 'Object Repository/Прогноз по отраслям/Виджеты дашборда' is: 'Год 
2023 год
Сравнение с 
План
Динамика электропотребления, млрд. кВт.ч. по ПАО Россети на 2023 год
0 0
119 119
37 37
7 7
7 7
8 8
1 1
19 19
75 75
25 25
123 123
55 55
0 0
120 120
39 39
39 39
8 8
8 8
1 1
20 20
78 78
26 26
121 121
60 60
План
Ожидаемое (прогноз по конца года)
Интер РАО (дляФСК)
Промышленныепотребители
Транспорт
Нефтедобыча
Нефтепереработка
Нефтепроводы
Газопроводы
Сельскоехозяйство ипищеваяпромышленность
Непромышленныепотребители
Государственные(муниципальные)организации ипрочиебюджетныепотребители
Население иприравненныегруппыпотребителей
Территориальныесетевыеорганизации
Выручка по ПАО Россети на 2023 год
5 5
319 319
81 81
16 16
16 16
20 20
2 2
56 56
215 215
67 67
218 218
239 239
6 6
331 331
82 82
77 77
20 20
20 20
3 3
57 57
220 220
68 68
214 214
258 258
План
Ожидаемое (прогноз по конца года)
Интер РАО (дляФСК)
Промышленныепотребители
Транспорт
Нефтедобыча
Нефтепереработка
Нефтепроводы
Газопроводы
Сельскоехозяйство ипищеваяпромышленность
Непромышленныепотребители
Государственные(муниципальные)организации ипрочиебюджетныепотребители
Население иприравненныегруппыпотребителей
Территориальныесетевыеорганизации
Отклонения по ПАО Россети на 2023 год
1.2% 1.2%
3.2% 3.2%
492.1% 492.1%
18.1% 18.1%
4.4% 4.4%
11.9% 11.9%
1.2% 1.2%
4.1% 4.1%
2.4% 2.4%
-1.4% -1.4%
9.7% 9.7%
⬤ Отклонение, %
Интер РАО (для ФСК)
Промышленные потребители
Транспорт
Нефтедобыча
Нефтепереработка
Нефтепроводы
Газопроводы
Сельское хозяйство и пищевая пр…
Непромышленные потребители
Государственные (муниципальные…
Население и приравненные групп…
Территориальные сетевые органи…
Выручка отклонения по ПАО Россети на 2023 год
15.6% 15.6%
3.8% 3.8%
1.2% 1.2%
398.2% 398.2%
26.9% 26.9%
-0.6% -0.6%
26.9% 26.9%
1.5% 1.5%
2.7% 2.7%
2.0% 2.0%
-2.0% -2.0%
7.9% 7.9%
⬤ Отклонение, %
Интер РАО (для ФСК)
Промышленные потребители
Транспорт
Нефтедобыча
Нефтепереработка
Нефтепроводы
Газопроводы
Сельское хозяйство и пищевая пр…
Непромышленные потребители
Государственные (муниципальные…
Население и приравненные групп…
Территориальные сетевые органи…
абс.
%
Прогноз на месяц 
Ноябрь
КПО/Отпуск из сети 
Котловой полезный отпуск, млн. кВт.ч
Организация 
Все
Прогноз электропотребления и выручки за услуги по передаче в разрезе отраслей'

02-12-2024T04:16:47 - [TEST_STEP][PASSED] - println("a5:" + a5): null

02-12-2024T04:16:47 - [TEST_STEP][PASSED] - a5 = a5.replaceAll("[^0-9]", ""): null

02-12-2024T04:16:47 - [TEST_STEP][PASSED] - println("a5:" + a5): null

02-12-2024T04:16:47 - [TEST_STEP][PASSED] - click(findTestObject("Прогноз по отраслям/Фильтр Сравнение с")): Object: 'Object Repository/Прогноз по отраслям/Фильтр Сравнение с' is clicked on

02-12-2024T04:16:47 - [MESSAGE][PASSED] - Object: 'Object Repository/Прогноз по отраслям/Фильтр Сравнение с' is clicked on

02-12-2024T04:16:47 - [TEST_STEP][PASSED] - click(findTestObject("Прогноз по отраслям/План СУ")): Object: 'Object Repository/Прогноз по отраслям/План СУ' is clicked on

02-12-2024T04:16:48 - [MESSAGE][PASSED] - Object: 'Object Repository/Прогноз по отраслям/План СУ' is clicked on

02-12-2024T04:16:48 - [TEST_STEP][PASSED] - delay(40): Delayed 40 second(s)

02-12-2024T04:17:28 - [MESSAGE][PASSED] - Delayed 40 second(s)

02-12-2024T04:17:28 - [TEST_STEP][PASSED] - a6 = getText(findTestObject("Прогноз по отраслям/Виджеты дашборда")): Text of object 'Object Repository/Прогноз по отраслям/Виджеты дашборда' is: 'Год 
2023 год
Сравнение с 
План/СУ
Динамика электропотребления, млрд. кВт.ч. по ПАО Россети на 2023 год
0 0
0 0
0 0
0 0
0 0
0 0
0 0
0 0
0 0
0 0
0 0
0 0
0 0
120 120
39 39
39 39
8 8
8 8
1 1
20 20
78 78
26 26
121 121
60 60
СУ
Ожидаемое (прогноз по конца года)
Интер РАО (дляФСК)
Промышленныепотребители
Транспорт
Нефтедобыча
Нефтепереработка
Нефтепроводы
Газопроводы
Сельскоехозяйство ипищеваяпромышленность
Непромышленныепотребители
Государственные(муниципальные)организации ипрочиебюджетныепотребители
Население иприравненныегруппыпотребителей
Территориальныесетевыеорганизации
Выручка по ПАО Россети на 2023 год
6 6
331 331
82 82
77 77
20 20
20 20
3 3
57 57
220 220
68 68
214 214
258 258
Ожидаемое (прогноз по конца года)
Интер РАО (дляФСК)
Промышленныепотребители
Транспорт
Нефтедобыча
Нефтепереработка
Нефтепроводы
Газопроводы
Сельскоехозяйство ипищеваяпромышленность
Непромышленныепотребители
Государственные(муниципальные)организации ипрочиебюджетныепотребители
Население иприравненныегруппыпотребителей
Территориальныесетевыеорганизации
Отклонения по ПАО Россети на 2023 год
⬤ Отклонение, %
Интер РАО (для ФСК)
Промышленные потребители
Транспорт
Нефтедобыча
Нефтепереработка
Нефтепроводы
Газопроводы
Сельское хозяйство и пищевая пр…
Непромышленные потребители
Государственные (муниципальные…
Население и приравненные групп…
Территориальные сетевые органи…
Выручка отклонения по ПАО Россети на 2023 год
⬤ Отклонение, %
Интер РАО (для ФСК)
Промышленные потребители
Транспорт
Нефтедобыча
Нефтепереработка
Нефтепроводы
Газопроводы
Сельское хозяйство и пищевая пр…
Непромышленные потребители
Государственные (муниципальные…
Население и приравненные групп…
Территориальные сетевые органи…
абс.
%
Прогноз на месяц 
Ноябрь
КПО/Отпуск из сети 
Котловой полезный отпуск, млн. кВт.ч
Организация 
Все
Прогноз электропотребления и выручки за услуги по передаче в разрезе отраслей'

02-12-2024T04:17:29 - [MESSAGE][PASSED] - Text of object 'Object Repository/Прогноз по отраслям/Виджеты дашборда' is: 'Год 
2023 год
Сравнение с 
План/СУ
Динамика электропотребления, млрд. кВт.ч. по ПАО Россети на 2023 год
0 0
0 0
0 0
0 0
0 0
0 0
0 0
0 0
0 0
0 0
0 0
0 0
0 0
120 120
39 39
39 39
8 8
8 8
1 1
20 20
78 78
26 26
121 121
60 60
СУ
Ожидаемое (прогноз по конца года)
Интер РАО (дляФСК)
Промышленныепотребители
Транспорт
Нефтедобыча
Нефтепереработка
Нефтепроводы
Газопроводы
Сельскоехозяйство ипищеваяпромышленность
Непромышленныепотребители
Государственные(муниципальные)организации ипрочиебюджетныепотребители
Население иприравненныегруппыпотребителей
Территориальныесетевыеорганизации
Выручка по ПАО Россети на 2023 год
6 6
331 331
82 82
77 77
20 20
20 20
3 3
57 57
220 220
68 68
214 214
258 258
Ожидаемое (прогноз по конца года)
Интер РАО (дляФСК)
Промышленныепотребители
Транспорт
Нефтедобыча
Нефтепереработка
Нефтепроводы
Газопроводы
Сельскоехозяйство ипищеваяпромышленность
Непромышленныепотребители
Государственные(муниципальные)организации ипрочиебюджетныепотребители
Население иприравненныегруппыпотребителей
Территориальныесетевыеорганизации
Отклонения по ПАО Россети на 2023 год
⬤ Отклонение, %
Интер РАО (для ФСК)
Промышленные потребители
Транспорт
Нефтедобыча
Нефтепереработка
Нефтепроводы
Газопроводы
Сельское хозяйство и пищевая пр…
Непромышленные потребители
Государственные (муниципальные…
Население и приравненные групп…
Территориальные сетевые органи…
Выручка отклонения по ПАО Россети на 2023 год
⬤ Отклонение, %
Интер РАО (для ФСК)
Промышленные потребители
Транспорт
Нефтедобыча
Нефтепереработка
Нефтепроводы
Газопроводы
Сельское хозяйство и пищевая пр…
Непромышленные потребители
Государственные (муниципальные…
Население и приравненные групп…
Территориальные сетевые органи…
абс.
%
Прогноз на месяц 
Ноябрь
КПО/Отпуск из сети 
Котловой полезный отпуск, млн. кВт.ч
Организация 
Все
Прогноз электропотребления и выручки за услуги по передаче в разрезе отраслей'

02-12-2024T04:17:29 - [TEST_STEP][PASSED] - a6 = a6.replaceAll("[^0-9]", ""): null

02-12-2024T04:17:29 - [TEST_STEP][PASSED] - println("a6:" + a6): null

02-12-2024T04:17:29 - [TEST_STEP][PASSED] - click(findTestObject("Прогноз по отраслям/Переключить отображение с процентов на абс Блок руководителя")): Object: 'Object Repository/Прогноз по отраслям/Переключить отображение с процентов на абс Блок руководителя' is clicked on

02-12-2024T04:17:29 - [MESSAGE][PASSED] - Object: 'Object Repository/Прогноз по отраслям/Переключить отображение с процентов на абс Блок руководителя' is clicked on

02-12-2024T04:17:29 - [TEST_STEP][PASSED] - click(findTestObject("Прогноз по отраслям/Фильтр Сравнение с")): Object: 'Object Repository/Прогноз по отраслям/Фильтр Сравнение с' is clicked on

02-12-2024T04:17:30 - [MESSAGE][PASSED] - Object: 'Object Repository/Прогноз по отраслям/Фильтр Сравнение с' is clicked on

02-12-2024T04:17:30 - [TEST_STEP][PASSED] - click(findTestObject("Прогноз по отраслям/Факт прошлого года")): Object: 'Object Repository/Прогноз по отраслям/Факт прошлого года' is clicked on

02-12-2024T04:17:31 - [MESSAGE][PASSED] - Object: 'Object Repository/Прогноз по отраслям/Факт прошлого года' is clicked on

02-12-2024T04:17:31 - [TEST_STEP][PASSED] - click(findTestObject("Прогноз по отраслям/Фильтр КПО-Отпуск")): Object: 'Object Repository/Прогноз по отраслям/Фильтр КПО-Отпуск' is clicked on

02-12-2024T04:17:32 - [MESSAGE][PASSED] - Object: 'Object Repository/Прогноз по отраслям/Фильтр КПО-Отпуск' is clicked on

02-12-2024T04:17:32 - [TEST_STEP][PASSED] - click(findTestObject("Прогноз по отраслям/Отпуск")): Object: 'Object Repository/Прогноз по отраслям/Отпуск' is clicked on

02-12-2024T04:17:33 - [MESSAGE][PASSED] - Object: 'Object Repository/Прогноз по отраслям/Отпуск' is clicked on

02-12-2024T04:17:33 - [TEST_STEP][PASSED] - delay(40): Delayed 40 second(s)

02-12-2024T04:18:13 - [MESSAGE][PASSED] - Delayed 40 second(s)

02-12-2024T04:18:13 - [TEST_STEP][PASSED] - a7 = getText(findTestObject("Прогноз по отраслям/Виджеты дашборда")): Text of object 'Object Repository/Прогноз по отраслям/Виджеты дашборда' is: 'Год 
2023 год
Сравнение с 
Факт прошлого года
Отклонения по ПАО Россети на 2023 год
-2 263.5 -2 263.5
11 054.6 11 054.6
1 280.2 1 280.2
-1 947.5 -1 947.5
90.9 90.9
-3 845.0 -3 845.0
4 162.1 4 162.1
651.7 651.7
-4 727.7 -4 727.7
256.5 256.5
-723.9 -723.9
4 292.3 4 292.3
⬤ Отклонение, млн. кВт.ч
Интер РАО (для ФСК)
Промышленные потребители
Транспорт
Нефтедобыча
Нефтепереработка
Нефтепроводы
Газопроводы
Сельское хозяйство и пищевая пр…
Непромышленные потребители
Государственные (муниципальные…
Население и приравненные групп…
Территориальные сетевые органи…
Выручка отклонения по ПАО Россети на 2023 год
421.3 421.3
45 574.9 45 574.9
9 547.5 9 547.5
4 889.3 4 889.3
2 337.4 2 337.4
-1 682.6 -1 682.6
2 919.4 2 919.4
7 110.2 7 110.2
19 840.8 19 840.8
7 289.5 7 289.5
23 664.8 23 664.8
31 028.3 31 028.3
⬤ Отклонение, млн. руб.
Интер РАО (для ФСК)
Промышленные потребители
Транспорт
Нефтедобыча
Нефтепереработка
Нефтепроводы
Газопроводы
Сельское хозяйство и пищевая пр…
Непромышленные потребители
Государственные (муниципальные…
Население и приравненные групп…
Территориальные сетевые органи…
Динамика электропотребления, млрд. кВт.ч. по ПАО Россети на 2023 год
12 12
186 186
36 36
50 50
10 10
19 19
0 0
17 17
85 85
19 19
82 82
604 604
10 10
197 197
37 37
48 48
10 10
15 15
4 4
18 18
80 80
19 19
82 82
608 608
Факт прошлого года
Ожидаемое (прогноз по конца года)
Интер РАО (дляФСК)
Промышленныепотребители
Транспорт
Нефтедобыча
Нефтепереработка
Нефтепроводы
Газопроводы
Сельскоехозяйство ипищеваяпромышленность
Непромышленныепотребители
Государственные(муниципальные)организации ипрочиебюджетныепотребители
Население иприравненныегруппыпотребителей
Территориальныесетевыеорганизации
Выручка по ПАО Россети на 2023 год
5 5
285 285
72 72
72 72
18 18
22 22
0 0
50 50
201 201
61 61
190 190
227 227
6 6
331 331
82 82
77 77
20 20
20 20
3 3
57 57
220 220
68 68
214 214
258 258
Факт прошлого года
Ожидаемое (прогноз по конца года)
Интер РАО (дляФСК)
Промышленныепотребители
Транспорт
Нефтедобыча
Нефтепереработка
Нефтепроводы
Газопроводы
Сельскоехозяйство ипищеваяпромышленность
Непромышленныепотребители
Государственные(муниципальные)организации ипрочиебюджетныепотребители
Население иприравненныегруппыпотребителей
Территориальныесетевыеорганизации
абс.
%
Прогноз на месяц 
Ноябрь
КПО/Отпуск из сети 
Отпуск из сети, млн. кВт.ч
Организация 
Все
Прогноз электропотребления и выручки за услуги по передаче в разрезе отраслей'

02-12-2024T04:18:14 - [MESSAGE][PASSED] - Text of object 'Object Repository/Прогноз по отраслям/Виджеты дашборда' is: 'Год 
2023 год
Сравнение с 
Факт прошлого года
Отклонения по ПАО Россети на 2023 год
-2 263.5 -2 263.5
11 054.6 11 054.6
1 280.2 1 280.2
-1 947.5 -1 947.5
90.9 90.9
-3 845.0 -3 845.0
4 162.1 4 162.1
651.7 651.7
-4 727.7 -4 727.7
256.5 256.5
-723.9 -723.9
4 292.3 4 292.3
⬤ Отклонение, млн. кВт.ч
Интер РАО (для ФСК)
Промышленные потребители
Транспорт
Нефтедобыча
Нефтепереработка
Нефтепроводы
Газопроводы
Сельское хозяйство и пищевая пр…
Непромышленные потребители
Государственные (муниципальные…
Население и приравненные групп…
Территориальные сетевые органи…
Выручка отклонения по ПАО Россети на 2023 год
421.3 421.3
45 574.9 45 574.9
9 547.5 9 547.5
4 889.3 4 889.3
2 337.4 2 337.4
-1 682.6 -1 682.6
2 919.4 2 919.4
7 110.2 7 110.2
19 840.8 19 840.8
7 289.5 7 289.5
23 664.8 23 664.8
31 028.3 31 028.3
⬤ Отклонение, млн. руб.
Интер РАО (для ФСК)
Промышленные потребители
Транспорт
Нефтедобыча
Нефтепереработка
Нефтепроводы
Газопроводы
Сельское хозяйство и пищевая пр…
Непромышленные потребители
Государственные (муниципальные…
Население и приравненные групп…
Территориальные сетевые органи…
Динамика электропотребления, млрд. кВт.ч. по ПАО Россети на 2023 год
12 12
186 186
36 36
50 50
10 10
19 19
0 0
17 17
85 85
19 19
82 82
604 604
10 10
197 197
37 37
48 48
10 10
15 15
4 4
18 18
80 80
19 19
82 82
608 608
Факт прошлого года
Ожидаемое (прогноз по конца года)
Интер РАО (дляФСК)
Промышленныепотребители
Транспорт
Нефтедобыча
Нефтепереработка
Нефтепроводы
Газопроводы
Сельскоехозяйство ипищеваяпромышленность
Непромышленныепотребители
Государственные(муниципальные)организации ипрочиебюджетныепотребители
Население иприравненныегруппыпотребителей
Территориальныесетевыеорганизации
Выручка по ПАО Россети на 2023 год
5 5
285 285
72 72
72 72
18 18
22 22
0 0
50 50
201 201
61 61
190 190
227 227
6 6
331 331
82 82
77 77
20 20
20 20
3 3
57 57
220 220
68 68
214 214
258 258
Факт прошлого года
Ожидаемое (прогноз по конца года)
Интер РАО (дляФСК)
Промышленныепотребители
Транспорт
Нефтедобыча
Нефтепереработка
Нефтепроводы
Газопроводы
Сельскоехозяйство ипищеваяпромышленность
Непромышленныепотребители
Государственные(муниципальные)организации ипрочиебюджетныепотребители
Население иприравненныегруппыпотребителей
Территориальныесетевыеорганизации
абс.
%
Прогноз на месяц 
Ноябрь
КПО/Отпуск из сети 
Отпуск из сети, млн. кВт.ч
Организация 
Все
Прогноз электропотребления и выручки за услуги по передаче в разрезе отраслей'

02-12-2024T04:18:14 - [TEST_STEP][PASSED] - a7 = a7.replaceAll("[^0-9]", ""): null

02-12-2024T04:18:14 - [TEST_STEP][PASSED] - println("a7:" + a7): null

02-12-2024T04:18:14 - [TEST_STEP][PASSED] - click(findTestObject("Прогноз по отраслям/Фильтр Сравнение с")): Object: 'Object Repository/Прогноз по отраслям/Фильтр Сравнение с' is clicked on

02-12-2024T04:18:14 - [MESSAGE][PASSED] - Object: 'Object Repository/Прогноз по отраслям/Фильтр Сравнение с' is clicked on

02-12-2024T04:18:14 - [TEST_STEP][PASSED] - click(findTestObject("Прогноз по отраслям/План")): Object: 'Object Repository/Прогноз по отраслям/План' is clicked on

02-12-2024T04:18:15 - [MESSAGE][PASSED] - Object: 'Object Repository/Прогноз по отраслям/План' is clicked on

02-12-2024T04:18:15 - [TEST_STEP][PASSED] - delay(40): Delayed 40 second(s)

02-12-2024T04:18:55 - [MESSAGE][PASSED] - Delayed 40 second(s)

02-12-2024T04:18:55 - [TEST_STEP][PASSED] - a8 = getText(findTestObject("Прогноз по отраслям/Виджеты дашборда")): Text of object 'Object Repository/Прогноз по отраслям/Виджеты дашборда' is: 'Год 
2023 год
Сравнение с 
План
Отклонения по ПАО Россети на 2023 год
-492.2 -492.2
7 165.1 7 165.1
689.3 689.3
33 271.7 33 271.7
986.4 986.4
593.8 593.8
764.0 764.0
670.4 670.4
-592.4 -592.4
308.8 308.8
-940.9 -940.9
19 604.1 19 604.1
⬤ Отклонение, млн. кВт.ч
Интер РАО (для ФСК)
Промышленные потребители
Транспорт
Нефтедобыча
Нефтепереработка
Нефтепроводы
Газопроводы
Сельское хозяйство и пищевая пр…
Непромышленные потребители
Государственные (муниципальные…
Население и приравненные групп…
Территориальные сетевые органи…
Выручка отклонения по ПАО Россети на 2023 год
794.9 794.9
12 195.0 12 195.0
972.7 972.7
61 803.9 61 803.9
4 222.3 4 222.3
-121.8 -121.8
666.2 666.2
873.2 873.2
5 809.6 5 809.6
1 342.6 1 342.6
-4 463.2 -4 463.2
18 375.5 18 375.5
⬤ Отклонение, млн. руб.
Интер РАО (для ФСК)
Промышленные потребители
Транспорт
Нефтедобыча
Нефтепереработка
Нефтепроводы
Газопроводы
Сельское хозяйство и пищевая пр…
Непромышленные потребители
Государственные (муниципальные…
Население и приравненные групп…
Территориальные сетевые органи…
Динамика электропотребления, млрд. кВт.ч. по ПАО Россети на 2023 год
10 10
190 190
36 36
14 14
9 9
14 14
4 4
17 17
80 80
19 19
82 82
588 588
10 10
197 197
37 37
48 48
10 10
15 15
4 4
18 18
80 80
19 19
82 82
608 608
План
Ожидаемое (прогноз по конца года)
Интер РАО (дляФСК)
Промышленныепотребители
Транспорт
Нефтедобыча
Нефтепереработка
Нефтепроводы
Газопроводы
Сельскоехозяйство ипищеваяпромышленность
Непромышленныепотребители
Государственные(муниципальные)организации ипрочиебюджетныепотребители
Население иприравненныегруппыпотребителей
Территориальныесетевыеорганизации
Выручка по ПАО Россети на 2023 год
5 5
319 319
81 81
16 16
16 16
20 20
2 2
56 56
215 215
67 67
218 218
239 239
6 6
331 331
82 82
77 77
20 20
20 20
3 3
57 57
220 220
68 68
214 214
258 258
План
Ожидаемое (прогноз по конца года)
Интер РАО (дляФСК)
Промышленныепотребители
Транспорт
Нефтедобыча
Нефтепереработка
Нефтепроводы
Газопроводы
Сельскоехозяйство ипищеваяпромышленность
Непромышленныепотребители
Государственные(муниципальные)организации ипрочиебюджетныепотребители
Население иприравненныегруппыпотребителей
Территориальныесетевыеорганизации
абс.
%
Прогноз на месяц 
Ноябрь
КПО/Отпуск из сети 
Отпуск из сети, млн. кВт.ч
Организация 
Все
Прогноз электропотребления и выручки за услуги по передаче в разрезе отраслей'

02-12-2024T04:18:56 - [MESSAGE][PASSED] - Text of object 'Object Repository/Прогноз по отраслям/Виджеты дашборда' is: 'Год 
2023 год
Сравнение с 
План
Отклонения по ПАО Россети на 2023 год
-492.2 -492.2
7 165.1 7 165.1
689.3 689.3
33 271.7 33 271.7
986.4 986.4
593.8 593.8
764.0 764.0
670.4 670.4
-592.4 -592.4
308.8 308.8
-940.9 -940.9
19 604.1 19 604.1
⬤ Отклонение, млн. кВт.ч
Интер РАО (для ФСК)
Промышленные потребители
Транспорт
Нефтедобыча
Нефтепереработка
Нефтепроводы
Газопроводы
Сельское хозяйство и пищевая пр…
Непромышленные потребители
Государственные (муниципальные…
Население и приравненные групп…
Территориальные сетевые органи…
Выручка отклонения по ПАО Россети на 2023 год
794.9 794.9
12 195.0 12 195.0
972.7 972.7
61 803.9 61 803.9
4 222.3 4 222.3
-121.8 -121.8
666.2 666.2
873.2 873.2
5 809.6 5 809.6
1 342.6 1 342.6
-4 463.2 -4 463.2
18 375.5 18 375.5
⬤ Отклонение, млн. руб.
Интер РАО (для ФСК)
Промышленные потребители
Транспорт
Нефтедобыча
Нефтепереработка
Нефтепроводы
Газопроводы
Сельское хозяйство и пищевая пр…
Непромышленные потребители
Государственные (муниципальные…
Население и приравненные групп…
Территориальные сетевые органи…
Динамика электропотребления, млрд. кВт.ч. по ПАО Россети на 2023 год
10 10
190 190
36 36
14 14
9 9
14 14
4 4
17 17
80 80
19 19
82 82
588 588
10 10
197 197
37 37
48 48
10 10
15 15
4 4
18 18
80 80
19 19
82 82
608 608
План
Ожидаемое (прогноз по конца года)
Интер РАО (дляФСК)
Промышленныепотребители
Транспорт
Нефтедобыча
Нефтепереработка
Нефтепроводы
Газопроводы
Сельскоехозяйство ипищеваяпромышленность
Непромышленныепотребители
Государственные(муниципальные)организации ипрочиебюджетныепотребители
Население иприравненныегруппыпотребителей
Территориальныесетевыеорганизации
Выручка по ПАО Россети на 2023 год
5 5
319 319
81 81
16 16
16 16
20 20
2 2
56 56
215 215
67 67
218 218
239 239
6 6
331 331
82 82
77 77
20 20
20 20
3 3
57 57
220 220
68 68
214 214
258 258
План
Ожидаемое (прогноз по конца года)
Интер РАО (дляФСК)
Промышленныепотребители
Транспорт
Нефтедобыча
Нефтепереработка
Нефтепроводы
Газопроводы
Сельскоехозяйство ипищеваяпромышленность
Непромышленныепотребители
Государственные(муниципальные)организации ипрочиебюджетныепотребители
Население иприравненныегруппыпотребителей
Территориальныесетевыеорганизации
абс.
%
Прогноз на месяц 
Ноябрь
КПО/Отпуск из сети 
Отпуск из сети, млн. кВт.ч
Организация 
Все
Прогноз электропотребления и выручки за услуги по передаче в разрезе отраслей'

02-12-2024T04:18:56 - [TEST_STEP][PASSED] - a8 = a8.replaceAll("[^0-9]", ""): null

02-12-2024T04:18:56 - [TEST_STEP][PASSED] - println("a8:" + a8): null

02-12-2024T04:18:56 - [TEST_STEP][PASSED] - click(findTestObject("Прогноз по отраслям/Фильтр Сравнение с")): Object: 'Object Repository/Прогноз по отраслям/Фильтр Сравнение с' is clicked on

02-12-2024T04:18:56 - [MESSAGE][PASSED] - Object: 'Object Repository/Прогноз по отраслям/Фильтр Сравнение с' is clicked on

02-12-2024T04:18:56 - [TEST_STEP][PASSED] - click(findTestObject("Прогноз по отраслям/План СУ")): Object: 'Object Repository/Прогноз по отраслям/План СУ' is clicked on

02-12-2024T04:18:57 - [MESSAGE][PASSED] - Object: 'Object Repository/Прогноз по отраслям/План СУ' is clicked on

02-12-2024T04:18:57 - [TEST_STEP][PASSED] - delay(40): Delayed 40 second(s)

02-12-2024T04:19:37 - [MESSAGE][PASSED] - Delayed 40 second(s)

02-12-2024T04:19:37 - [TEST_STEP][PASSED] - a9 = getText(findTestObject("Прогноз по отраслям/Виджеты дашборда")): Text of object 'Object Repository/Прогноз по отраслям/Виджеты дашборда' is: 'Год 
2023 год
Сравнение с 
План/СУ
Отклонения по ПАО Россети на 2023 год
243.5 243.5
11 013.5 11 013.5
674.8 674.8
32 765.3 32 765.3
1 049.4 1 049.4
271.8 271.8
495.2 495.2
588.7 588.7
-7 607.7 -7 607.7
31.9 31.9
-1 318.1 -1 318.1
10 906.5 10 906.5
⬤ Отклонение, млн. кВт.ч
Интер РАО (для ФСК)
Промышленные потребители
Транспорт
Нефтедобыча
Нефтепереработка
Нефтепроводы
Газопроводы
Сельское хозяйство и пищевая пр…
Непромышленные потребители
Государственные (муниципальные…
Население и приравненные групп…
Территориальные сетевые органи…
Выручка отклонения по ПАО Россети на 2023 год
⬤ Отклонение, млн. руб.
Интер РАО (для ФСК)
Промышленные потребители
Транспорт
Нефтедобыча
Нефтепереработка
Нефтепроводы
Газопроводы
Сельское хозяйство и пищевая пр…
Непромышленные потребители
Государственные (муниципальные…
Население и приравненные групп…
Территориальные сетевые органи…
Динамика электропотребления, млрд. кВт.ч. по ПАО Россети на 2023 год
10 10
186 186
36 36
15 15
9 9
14 14
4 4
17 17
88 88
19 19
83 83
597 597
10 10
197 197
37 37
48 48
10 10
15 15
4 4
18 18
80 80
19 19
82 82
608 608
СУ
Ожидаемое (прогноз по конца года)
Интер РАО (дляФСК)
Промышленныепотребители
Транспорт
Нефтедобыча
Нефтепереработка
Нефтепроводы
Газопроводы
Сельскоехозяйство ипищеваяпромышленность
Непромышленныепотребители
Государственные(муниципальные)организации ипрочиебюджетныепотребители
Население иприравненныегруппыпотребителей
Территориальныесетевыеорганизации
Выручка по ПАО Россети на 2023 год
6 6
331 331
82 82
77 77
20 20
20 20
3 3
57 57
220 220
68 68
214 214
258 258
Ожидаемое (прогноз по конца года)
Интер РАО (дляФСК)
Промышленныепотребители
Транспорт
Нефтедобыча
Нефтепереработка
Нефтепроводы
Газопроводы
Сельскоехозяйство ипищеваяпромышленность
Непромышленныепотребители
Государственные(муниципальные)организации ипрочиебюджетныепотребители
Население иприравненныегруппыпотребителей
Территориальныесетевыеорганизации
абс.
%
Прогноз на месяц 
Ноябрь
КПО/Отпуск из сети 
Отпуск из сети, млн. кВт.ч
Организация 
Все
Прогноз электропотребления и выручки за услуги по передаче в разрезе отраслей'

02-12-2024T04:19:37 - [MESSAGE][PASSED] - Text of object 'Object Repository/Прогноз по отраслям/Виджеты дашборда' is: 'Год 
2023 год
Сравнение с 
План/СУ
Отклонения по ПАО Россети на 2023 год
243.5 243.5
11 013.5 11 013.5
674.8 674.8
32 765.3 32 765.3
1 049.4 1 049.4
271.8 271.8
495.2 495.2
588.7 588.7
-7 607.7 -7 607.7
31.9 31.9
-1 318.1 -1 318.1
10 906.5 10 906.5
⬤ Отклонение, млн. кВт.ч
Интер РАО (для ФСК)
Промышленные потребители
Транспорт
Нефтедобыча
Нефтепереработка
Нефтепроводы
Газопроводы
Сельское хозяйство и пищевая пр…
Непромышленные потребители
Государственные (муниципальные…
Население и приравненные групп…
Территориальные сетевые органи…
Выручка отклонения по ПАО Россети на 2023 год
⬤ Отклонение, млн. руб.
Интер РАО (для ФСК)
Промышленные потребители
Транспорт
Нефтедобыча
Нефтепереработка
Нефтепроводы
Газопроводы
Сельское хозяйство и пищевая пр…
Непромышленные потребители
Государственные (муниципальные…
Население и приравненные групп…
Территориальные сетевые органи…
Динамика электропотребления, млрд. кВт.ч. по ПАО Россети на 2023 год
10 10
186 186
36 36
15 15
9 9
14 14
4 4
17 17
88 88
19 19
83 83
597 597
10 10
197 197
37 37
48 48
10 10
15 15
4 4
18 18
80 80
19 19
82 82
608 608
СУ
Ожидаемое (прогноз по конца года)
Интер РАО (дляФСК)
Промышленныепотребители
Транспорт
Нефтедобыча
Нефтепереработка
Нефтепроводы
Газопроводы
Сельскоехозяйство ипищеваяпромышленность
Непромышленныепотребители
Государственные(муниципальные)организации ипрочиебюджетныепотребители
Население иприравненныегруппыпотребителей
Территориальныесетевыеорганизации
Выручка по ПАО Россети на 2023 год
6 6
331 331
82 82
77 77
20 20
20 20
3 3
57 57
220 220
68 68
214 214
258 258
Ожидаемое (прогноз по конца года)
Интер РАО (дляФСК)
Промышленныепотребители
Транспорт
Нефтедобыча
Нефтепереработка
Нефтепроводы
Газопроводы
Сельскоехозяйство ипищеваяпромышленность
Непромышленныепотребители
Государственные(муниципальные)организации ипрочиебюджетныепотребители
Население иприравненныегруппыпотребителей
Территориальныесетевыеорганизации
абс.
%
Прогноз на месяц 
Ноябрь
КПО/Отпуск из сети 
Отпуск из сети, млн. кВт.ч
Организация 
Все
Прогноз электропотребления и выручки за услуги по передаче в разрезе отраслей'

02-12-2024T04:19:37 - [TEST_STEP][PASSED] - a9 = a9.replaceAll("[^0-9]", ""): null

02-12-2024T04:19:37 - [TEST_STEP][PASSED] - println("a9:" + a9): null

02-12-2024T04:19:37 - [TEST_STEP][PASSED] - click(findTestObject("Прогноз по отраслям/Фильтр Сравнение с")): Object: 'Object Repository/Прогноз по отраслям/Фильтр Сравнение с' is clicked on

02-12-2024T04:19:38 - [MESSAGE][PASSED] - Object: 'Object Repository/Прогноз по отраслям/Фильтр Сравнение с' is clicked on

02-12-2024T04:19:38 - [TEST_STEP][PASSED] - click(findTestObject("Прогноз по отраслям/Факт прошлого года")): Object: 'Object Repository/Прогноз по отраслям/Факт прошлого года' is clicked on

02-12-2024T04:19:39 - [MESSAGE][PASSED] - Object: 'Object Repository/Прогноз по отраслям/Факт прошлого года' is clicked on

02-12-2024T04:19:39 - [TEST_STEP][PASSED] - click(findTestObject("Прогноз по отраслям/Фильтр КПО-Отпуск")): Object: 'Object Repository/Прогноз по отраслям/Фильтр КПО-Отпуск' is clicked on

02-12-2024T04:19:41 - [MESSAGE][PASSED] - Object: 'Object Repository/Прогноз по отраслям/Фильтр КПО-Отпуск' is clicked on

02-12-2024T04:19:41 - [TEST_STEP][PASSED] - click(findTestObject("Прогноз по отраслям/КПО")): Object: 'Object Repository/Прогноз по отраслям/КПО' is clicked on

02-12-2024T04:19:42 - [MESSAGE][PASSED] - Object: 'Object Repository/Прогноз по отраслям/КПО' is clicked on

02-12-2024T04:19:42 - [TEST_STEP][PASSED] - delay(40): Delayed 40 second(s)

02-12-2024T04:20:22 - [MESSAGE][PASSED] - Delayed 40 second(s)

02-12-2024T04:20:22 - [TEST_STEP][PASSED] - a10 = getText(findTestObject("Прогноз по отраслям/Виджеты дашборда")): Text of object 'Object Repository/Прогноз по отраслям/Виджеты дашборда' is: 'Год 
2023 год
Сравнение с 
Факт прошлого года
Отклонения по ПАО Россети на 2023 год
0.0 0.0
646.5 646.5
341.1 341.1
-2 455.6 -2 455.6
245.6 245.6
-1 796.0 -1 796.0
676.2 676.2
452.4 452.4
1 386.2 1 386.2
527.5 527.5
-1 130.4 -1 130.4
-128.7 -128.7
⬤ Отклонение, млн. кВт.ч
Интер РАО (для ФСК)
Промышленные потребители
Транспорт
Нефтедобыча
Нефтепереработка
Нефтепроводы
Газопроводы
Сельское хозяйство и пищевая пр…
Непромышленные потребители
Государственные (муниципальные…
Население и приравненные групп…
Территориальные сетевые органи…
Выручка отклонения по ПАО Россети на 2023 год
421.3 421.3
45 574.9 45 574.9
9 547.5 9 547.5
4 889.3 4 889.3
2 337.4 2 337.4
-1 682.6 -1 682.6
2 919.4 2 919.4
7 110.2 7 110.2
19 840.8 19 840.8
7 289.5 7 289.5
23 664.8 23 664.8
31 028.3 31 028.3
⬤ Отклонение, млн. руб.
Интер РАО (для ФСК)
Промышленные потребители
Транспорт
Нефтедобыча
Нефтепереработка
Нефтепроводы
Газопроводы
Сельское хозяйство и пищевая пр…
Непромышленные потребители
Государственные (муниципальные…
Население и приравненные групп…
Территориальные сетевые органи…
Динамика электропотребления, млрд. кВт.ч. по ПАО Россети на 2023 год
0 0
120 120
38 38
41 41
8 8
10 10
0 0
19 19
77 77
25 25
122 122
61 61
0 0
120 120
39 39
39 39
8 8
8 8
1 1
20 20
78 78
26 26
121 121
60 60
Факт прошлого года
Ожидаемое (прогноз по конца года)
Интер РАО (дляФСК)
Промышленныепотребители
Транспорт
Нефтедобыча
Нефтепереработка
Нефтепроводы
Газопроводы
Сельскоехозяйство ипищеваяпромышленность
Непромышленныепотребители
Государственные(муниципальные)организации ипрочиебюджетныепотребители
Население иприравненныегруппыпотребителей
Территориальныесетевыеорганизации
Выручка по ПАО Россети на 2023 год
5 5
285 285
72 72
72 72
18 18
22 22
0 0
50 50
201 201
61 61
190 190
227 227
6 6
331 331
82 82
77 77
20 20
20 20
3 3
57 57
220 220
68 68
214 214
258 258
Факт прошлого года
Ожидаемое (прогноз по конца года)
Интер РАО (дляФСК)
Промышленныепотребители
Транспорт
Нефтедобыча
Нефтепереработка
Нефтепроводы
Газопроводы
Сельскоехозяйство ипищеваяпромышленность
Непромышленныепотребители
Государственные(муниципальные)организации ипрочиебюджетныепотребители
Население иприравненныегруппыпотребителей
Территориальныесетевыеорганизации
абс.
%
Прогноз на месяц 
Ноябрь
КПО/Отпуск из сети 
Котловой полезный отпуск, млн. кВт.ч
Организация 
Все
Прогноз электропотребления и выручки за услуги по передаче в разрезе отраслей'

02-12-2024T04:20:22 - [MESSAGE][PASSED] - Text of object 'Object Repository/Прогноз по отраслям/Виджеты дашборда' is: 'Год 
2023 год
Сравнение с 
Факт прошлого года
Отклонения по ПАО Россети на 2023 год
0.0 0.0
646.5 646.5
341.1 341.1
-2 455.6 -2 455.6
245.6 245.6
-1 796.0 -1 796.0
676.2 676.2
452.4 452.4
1 386.2 1 386.2
527.5 527.5
-1 130.4 -1 130.4
-128.7 -128.7
⬤ Отклонение, млн. кВт.ч
Интер РАО (для ФСК)
Промышленные потребители
Транспорт
Нефтедобыча
Нефтепереработка
Нефтепроводы
Газопроводы
Сельское хозяйство и пищевая пр…
Непромышленные потребители
Государственные (муниципальные…
Население и приравненные групп…
Территориальные сетевые органи…
Выручка отклонения по ПАО Россети на 2023 год
421.3 421.3
45 574.9 45 574.9
9 547.5 9 547.5
4 889.3 4 889.3
2 337.4 2 337.4
-1 682.6 -1 682.6
2 919.4 2 919.4
7 110.2 7 110.2
19 840.8 19 840.8
7 289.5 7 289.5
23 664.8 23 664.8
31 028.3 31 028.3
⬤ Отклонение, млн. руб.
Интер РАО (для ФСК)
Промышленные потребители
Транспорт
Нефтедобыча
Нефтепереработка
Нефтепроводы
Газопроводы
Сельское хозяйство и пищевая пр…
Непромышленные потребители
Государственные (муниципальные…
Население и приравненные групп…
Территориальные сетевые органи…
Динамика электропотребления, млрд. кВт.ч. по ПАО Россети на 2023 год
0 0
120 120
38 38
41 41
8 8
10 10
0 0
19 19
77 77
25 25
122 122
61 61
0 0
120 120
39 39
39 39
8 8
8 8
1 1
20 20
78 78
26 26
121 121
60 60
Факт прошлого года
Ожидаемое (прогноз по конца года)
Интер РАО (дляФСК)
Промышленныепотребители
Транспорт
Нефтедобыча
Нефтепереработка
Нефтепроводы
Газопроводы
Сельскоехозяйство ипищеваяпромышленность
Непромышленныепотребители
Государственные(муниципальные)организации ипрочиебюджетныепотребители
Население иприравненныегруппыпотребителей
Территориальныесетевыеорганизации
Выручка по ПАО Россети на 2023 год
5 5
285 285
72 72
72 72
18 18
22 22
0 0
50 50
201 201
61 61
190 190
227 227
6 6
331 331
82 82
77 77
20 20
20 20
3 3
57 57
220 220
68 68
214 214
258 258
Факт прошлого года
Ожидаемое (прогноз по конца года)
Интер РАО (дляФСК)
Промышленныепотребители
Транспорт
Нефтедобыча
Нефтепереработка
Нефтепроводы
Газопроводы
Сельскоехозяйство ипищеваяпромышленность
Непромышленныепотребители
Государственные(муниципальные)организации ипрочиебюджетныепотребители
Население иприравненныегруппыпотребителей
Территориальныесетевыеорганизации
абс.
%
Прогноз на месяц 
Ноябрь
КПО/Отпуск из сети 
Котловой полезный отпуск, млн. кВт.ч
Организация 
Все
Прогноз электропотребления и выручки за услуги по передаче в разрезе отраслей'

02-12-2024T04:20:22 - [TEST_STEP][PASSED] - a10 = a10.replaceAll("[^0-9]", ""): null

02-12-2024T04:20:22 - [TEST_STEP][PASSED] - println("a10:" + a10): null

02-12-2024T04:20:22 - [TEST_STEP][PASSED] - click(findTestObject("Прогноз по отраслям/Фильтр Сравнение с")): Object: 'Object Repository/Прогноз по отраслям/Фильтр Сравнение с' is clicked on

02-12-2024T04:20:22 - [MESSAGE][PASSED] - Object: 'Object Repository/Прогноз по отраслям/Фильтр Сравнение с' is clicked on

02-12-2024T04:20:22 - [TEST_STEP][PASSED] - click(findTestObject("Прогноз по отраслям/План")): Object: 'Object Repository/Прогноз по отраслям/План' is clicked on

02-12-2024T04:20:23 - [MESSAGE][PASSED] - Object: 'Object Repository/Прогноз по отраслям/План' is clicked on

02-12-2024T04:20:23 - [TEST_STEP][PASSED] - delay(40): Delayed 40 second(s)

02-12-2024T04:21:03 - [MESSAGE][PASSED] - Delayed 40 second(s)

02-12-2024T04:21:03 - [TEST_STEP][PASSED] - a11 = getText(findTestObject("Прогноз по отраслям/Виджеты дашборда")): Text of object 'Object Repository/Прогноз по отраслям/Виджеты дашборда' is: 'Год 
2023 год
Сравнение с 
План
Отклонения по ПАО Россети на 2023 год
0.0 0.0
1 471.7 1 471.7
1 186.5 1 186.5
32 445.2 32 445.2
1 268.3 1 268.3
349.4 349.4
84.3 84.3
239.8 239.8
2 969.4 2 969.4
589.2 589.2
-1 798.4 -1 798.4
5 359.3 5 359.3
⬤ Отклонение, млн. кВт.ч
Интер РАО (для ФСК)
Промышленные потребители
Транспорт
Нефтедобыча
Нефтепереработка
Нефтепроводы
Газопроводы
Сельское хозяйство и пищевая пр…
Непромышленные потребители
Государственные (муниципальные…
Население и приравненные групп…
Территориальные сетевые органи…
Выручка отклонения по ПАО Россети на 2023 год
794.9 794.9
12 195.0 12 195.0
972.7 972.7
61 803.9 61 803.9
4 222.3 4 222.3
-121.8 -121.8
666.2 666.2
873.2 873.2
5 809.6 5 809.6
1 342.6 1 342.6
-4 463.2 -4 463.2
18 375.5 18 375.5
⬤ Отклонение, млн. руб.
Интер РАО (для ФСК)
Промышленные потребители
Транспорт
Нефтедобыча
Нефтепереработка
Нефтепроводы
Газопроводы
Сельское хозяйство и пищевая пр…
Непромышленные потребители
Государственные (муниципальные…
Население и приравненные групп…
Территориальные сетевые органи…
Динамика электропотребления, млрд. кВт.ч. по ПАО Россети на 2023 год
0 0
119 119
37 37
7 7
7 7
8 8
1 1
19 19
75 75
25 25
123 123
55 55
0 0
120 120
39 39
39 39
8 8
8 8
1 1
20 20
78 78
26 26
121 121
60 60
План
Ожидаемое (прогноз по конца года)
Интер РАО (дляФСК)
Промышленныепотребители
Транспорт
Нефтедобыча
Нефтепереработка
Нефтепроводы
Газопроводы
Сельскоехозяйство ипищеваяпромышленность
Непромышленныепотребители
Государственные(муниципальные)организации ипрочиебюджетныепотребители
Население иприравненныегруппыпотребителей
Территориальныесетевыеорганизации
Выручка по ПАО Россети на 2023 год
5 5
319 319
81 81
16 16
16 16
20 20
2 2
56 56
215 215
67 67
218 218
239 239
6 6
331 331
82 82
77 77
20 20
20 20
3 3
57 57
220 220
68 68
214 214
258 258
План
Ожидаемое (прогноз по конца года)
Интер РАО (дляФСК)
Промышленныепотребители
Транспорт
Нефтедобыча
Нефтепереработка
Нефтепроводы
Газопроводы
Сельскоехозяйство ипищеваяпромышленность
Непромышленныепотребители
Государственные(муниципальные)организации ипрочиебюджетныепотребители
Население иприравненныегруппыпотребителей
Территориальныесетевыеорганизации
абс.
%
Прогноз на месяц 
Ноябрь
КПО/Отпуск из сети 
Котловой полезный отпуск, млн. кВт.ч
Организация 
Все
Прогноз электропотребления и выручки за услуги по передаче в разрезе отраслей'

02-12-2024T04:21:04 - [MESSAGE][PASSED] - Text of object 'Object Repository/Прогноз по отраслям/Виджеты дашборда' is: 'Год 
2023 год
Сравнение с 
План
Отклонения по ПАО Россети на 2023 год
0.0 0.0
1 471.7 1 471.7
1 186.5 1 186.5
32 445.2 32 445.2
1 268.3 1 268.3
349.4 349.4
84.3 84.3
239.8 239.8
2 969.4 2 969.4
589.2 589.2
-1 798.4 -1 798.4
5 359.3 5 359.3
⬤ Отклонение, млн. кВт.ч
Интер РАО (для ФСК)
Промышленные потребители
Транспорт
Нефтедобыча
Нефтепереработка
Нефтепроводы
Газопроводы
Сельское хозяйство и пищевая пр…
Непромышленные потребители
Государственные (муниципальные…
Население и приравненные групп…
Территориальные сетевые органи…
Выручка отклонения по ПАО Россети на 2023 год
794.9 794.9
12 195.0 12 195.0
972.7 972.7
61 803.9 61 803.9
4 222.3 4 222.3
-121.8 -121.8
666.2 666.2
873.2 873.2
5 809.6 5 809.6
1 342.6 1 342.6
-4 463.2 -4 463.2
18 375.5 18 375.5
⬤ Отклонение, млн. руб.
Интер РАО (для ФСК)
Промышленные потребители
Транспорт
Нефтедобыча
Нефтепереработка
Нефтепроводы
Газопроводы
Сельское хозяйство и пищевая пр…
Непромышленные потребители
Государственные (муниципальные…
Население и приравненные групп…
Территориальные сетевые органи…
Динамика электропотребления, млрд. кВт.ч. по ПАО Россети на 2023 год
0 0
119 119
37 37
7 7
7 7
8 8
1 1
19 19
75 75
25 25
123 123
55 55
0 0
120 120
39 39
39 39
8 8
8 8
1 1
20 20
78 78
26 26
121 121
60 60
План
Ожидаемое (прогноз по конца года)
Интер РАО (дляФСК)
Промышленныепотребители
Транспорт
Нефтедобыча
Нефтепереработка
Нефтепроводы
Газопроводы
Сельскоехозяйство ипищеваяпромышленность
Непромышленныепотребители
Государственные(муниципальные)организации ипрочиебюджетныепотребители
Население иприравненныегруппыпотребителей
Территориальныесетевыеорганизации
Выручка по ПАО Россети на 2023 год
5 5
319 319
81 81
16 16
16 16
20 20
2 2
56 56
215 215
67 67
218 218
239 239
6 6
331 331
82 82
77 77
20 20
20 20
3 3
57 57
220 220
68 68
214 214
258 258
План
Ожидаемое (прогноз по конца года)
Интер РАО (дляФСК)
Промышленныепотребители
Транспорт
Нефтедобыча
Нефтепереработка
Нефтепроводы
Газопроводы
Сельскоехозяйство ипищеваяпромышленность
Непромышленныепотребители
Государственные(муниципальные)организации ипрочиебюджетныепотребители
Население иприравненныегруппыпотребителей
Территориальныесетевыеорганизации
абс.
%
Прогноз на месяц 
Ноябрь
КПО/Отпуск из сети 
Котловой полезный отпуск, млн. кВт.ч
Организация 
Все
Прогноз электропотребления и выручки за услуги по передаче в разрезе отраслей'

02-12-2024T04:21:04 - [TEST_STEP][PASSED] - println("a11:" + a11): null

02-12-2024T04:21:04 - [TEST_STEP][PASSED] - a11 = a11.replaceAll("[^0-9]", ""): null

02-12-2024T04:21:04 - [TEST_STEP][PASSED] - println("a11:" + a11): null

02-12-2024T04:21:04 - [TEST_STEP][PASSED] - click(findTestObject("Прогноз по отраслям/Фильтр Сравнение с")): Object: 'Object Repository/Прогноз по отраслям/Фильтр Сравнение с' is clicked on

02-12-2024T04:21:04 - [MESSAGE][PASSED] - Object: 'Object Repository/Прогноз по отраслям/Фильтр Сравнение с' is clicked on

02-12-2024T04:21:04 - [TEST_STEP][PASSED] - click(findTestObject("Прогноз по отраслям/План СУ")): Object: 'Object Repository/Прогноз по отраслям/План СУ' is clicked on

02-12-2024T04:21:05 - [MESSAGE][PASSED] - Object: 'Object Repository/Прогноз по отраслям/План СУ' is clicked on

02-12-2024T04:21:05 - [TEST_STEP][PASSED] - delay(40): Delayed 40 second(s)

02-12-2024T04:21:45 - [MESSAGE][PASSED] - Delayed 40 second(s)

02-12-2024T04:21:45 - [TEST_STEP][PASSED] - a12 = getText(findTestObject("Прогноз по отраслям/Виджеты дашборда")): Text of object 'Object Repository/Прогноз по отраслям/Виджеты дашборда' is: 'Год 
2023 год
Сравнение с 
План/СУ
Отклонения по ПАО Россети на 2023 год
0.0 0.0
120 322.6 120 322.6
38 655.4 38 655.4
39 037.8 39 037.8
8 291.7 8 291.7
8 259.5 8 259.5
793.1 793.1
19 706.6 19 706.6
78 310.2 78 310.2
25 579.5 25 579.5
121 219.7 121 219.7
60 414.9 60 414.9
⬤ Отклонение, млн. кВт.ч
Интер РАО (для ФСК)
Промышленные потребители
Транспорт
Нефтедобыча
Нефтепереработка
Нефтепроводы
Газопроводы
Сельское хозяйство и пищевая пр…
Непромышленные потребители
Государственные (муниципальные…
Население и приравненные групп…
Территориальные сетевые органи…
Выручка отклонения по ПАО Россети на 2023 год
⬤ Отклонение, млн. руб.
Интер РАО (для ФСК)
Промышленные потребители
Транспорт
Нефтедобыча
Нефтепереработка
Нефтепроводы
Газопроводы
Сельское хозяйство и пищевая пр…
Непромышленные потребители
Государственные (муниципальные…
Население и приравненные групп…
Территориальные сетевые органи…
Динамика электропотребления, млрд. кВт.ч. по ПАО Россети на 2023 год
0 0
0 0
0 0
0 0
0 0
0 0
0 0
0 0
0 0
0 0
0 0
0 0
0 0
120 120
39 39
39 39
8 8
8 8
1 1
20 20
78 78
26 26
121 121
60 60
СУ
Ожидаемое (прогноз по конца года)
Интер РАО (дляФСК)
Промышленныепотребители
Транспорт
Нефтедобыча
Нефтепереработка
Нефтепроводы
Газопроводы
Сельскоехозяйство ипищеваяпромышленность
Непромышленныепотребители
Государственные(муниципальные)организации ипрочиебюджетныепотребители
Население иприравненныегруппыпотребителей
Территориальныесетевыеорганизации
Выручка по ПАО Россети на 2023 год
6 6
331 331
82 82
77 77
20 20
20 20
3 3
57 57
220 220
68 68
214 214
258 258
Ожидаемое (прогноз по конца года)
Интер РАО (дляФСК)
Промышленныепотребители
Транспорт
Нефтедобыча
Нефтепереработка
Нефтепроводы
Газопроводы
Сельскоехозяйство ипищеваяпромышленность
Непромышленныепотребители
Государственные(муниципальные)организации ипрочиебюджетныепотребители
Население иприравненныегруппыпотребителей
Территориальныесетевыеорганизации
абс.
%
Прогноз на месяц 
Ноябрь
КПО/Отпуск из сети 
Котловой полезный отпуск, млн. кВт.ч
Организация 
Все
Прогноз электропотребления и выручки за услуги по передаче в разрезе отраслей'

02-12-2024T04:21:46 - [MESSAGE][PASSED] - Text of object 'Object Repository/Прогноз по отраслям/Виджеты дашборда' is: 'Год 
2023 год
Сравнение с 
План/СУ
Отклонения по ПАО Россети на 2023 год
0.0 0.0
120 322.6 120 322.6
38 655.4 38 655.4
39 037.8 39 037.8
8 291.7 8 291.7
8 259.5 8 259.5
793.1 793.1
19 706.6 19 706.6
78 310.2 78 310.2
25 579.5 25 579.5
121 219.7 121 219.7
60 414.9 60 414.9
⬤ Отклонение, млн. кВт.ч
Интер РАО (для ФСК)
Промышленные потребители
Транспорт
Нефтедобыча
Нефтепереработка
Нефтепроводы
Газопроводы
Сельское хозяйство и пищевая пр…
Непромышленные потребители
Государственные (муниципальные…
Население и приравненные групп…
Территориальные сетевые органи…
Выручка отклонения по ПАО Россети на 2023 год
⬤ Отклонение, млн. руб.
Интер РАО (для ФСК)
Промышленные потребители
Транспорт
Нефтедобыча
Нефтепереработка
Нефтепроводы
Газопроводы
Сельское хозяйство и пищевая пр…
Непромышленные потребители
Государственные (муниципальные…
Население и приравненные групп…
Территориальные сетевые органи…
Динамика электропотребления, млрд. кВт.ч. по ПАО Россети на 2023 год
0 0
0 0
0 0
0 0
0 0
0 0
0 0
0 0
0 0
0 0
0 0
0 0
0 0
120 120
39 39
39 39
8 8
8 8
1 1
20 20
78 78
26 26
121 121
60 60
СУ
Ожидаемое (прогноз по конца года)
Интер РАО (дляФСК)
Промышленныепотребители
Транспорт
Нефтедобыча
Нефтепереработка
Нефтепроводы
Газопроводы
Сельскоехозяйство ипищеваяпромышленность
Непромышленныепотребители
Государственные(муниципальные)организации ипрочиебюджетныепотребители
Население иприравненныегруппыпотребителей
Территориальныесетевыеорганизации
Выручка по ПАО Россети на 2023 год
6 6
331 331
82 82
77 77
20 20
20 20
3 3
57 57
220 220
68 68
214 214
258 258
Ожидаемое (прогноз по конца года)
Интер РАО (дляФСК)
Промышленныепотребители
Транспорт
Нефтедобыча
Нефтепереработка
Нефтепроводы
Газопроводы
Сельскоехозяйство ипищеваяпромышленность
Непромышленныепотребители
Государственные(муниципальные)организации ипрочиебюджетныепотребители
Население иприравненныегруппыпотребителей
Территориальныесетевыеорганизации
абс.
%
Прогноз на месяц 
Ноябрь
КПО/Отпуск из сети 
Котловой полезный отпуск, млн. кВт.ч
Организация 
Все
Прогноз электропотребления и выручки за услуги по передаче в разрезе отраслей'

02-12-2024T04:21:46 - [TEST_STEP][PASSED] - a12 = a12.replaceAll("[^0-9]", ""): null

02-12-2024T04:21:46 - [TEST_STEP][PASSED] - println("a12:" + a12): null

02-12-2024T04:21:46 - [TEST_STEP][PASSED] - navigateToUrl(findTestData("PlanFact").getValue(10, 12)): Navigate to 'https://bi.rosseti.digital/viewer?dashboardGuid=d218b6eb1b7845df8f1994d6a65c072b&sheetGuid=3059d1e0f28043ee8c80901707e9c246&fit=true' successfully

02-12-2024T04:21:46 - [MESSAGE][PASSED] - Navigate to 'https://bi.rosseti.digital/viewer?dashboardGuid=d218b6eb1b7845df8f1994d6a65c072b&sheetGuid=3059d1e0f28043ee8c80901707e9c246&fit=true' successfully

02-12-2024T04:21:46 - [TEST_STEP][PASSED] - delay(50): Delayed 50 second(s)

02-12-2024T04:22:36 - [MESSAGE][PASSED] - Delayed 50 second(s)

02-12-2024T04:22:36 - [TEST_STEP][PASSED] - click(findTestObject("Прогноз по отраслям/Фильтр месяц Стресс")): Object: 'Object Repository/Прогноз по отраслям/Фильтр месяц Стресс' is clicked on

02-12-2024T04:22:37 - [MESSAGE][PASSED] - Object: 'Object Repository/Прогноз по отраслям/Фильтр месяц Стресс' is clicked on

02-12-2024T04:22:37 - [TEST_STEP][PASSED] - scrollToElement(findTestObject("Прогноз по отраслям/Ноябрь Стресс"), 30): Scroll to object 'Object Repository/Прогноз по отраслям/Ноябрь Стресс' successfully

02-12-2024T04:22:37 - [MESSAGE][PASSED] - Scroll to object 'Object Repository/Прогноз по отраслям/Ноябрь Стресс' successfully

02-12-2024T04:22:37 - [TEST_STEP][PASSED] - click(findTestObject("Прогноз по отраслям/Ноябрь Стресс")): Object: 'Object Repository/Прогноз по отраслям/Ноябрь Стресс' is clicked on

02-12-2024T04:22:38 - [MESSAGE][PASSED] - Object: 'Object Repository/Прогноз по отраслям/Ноябрь Стресс' is clicked on

02-12-2024T04:22:38 - [TEST_STEP][PASSED] - scrollToElement(findTestObject("Прогноз по отраслям/Заголовок дашборда Стресс"), 30): Scroll to object 'Object Repository/Прогноз по отраслям/Заголовок дашборда Стресс' successfully

02-12-2024T04:22:40 - [MESSAGE][PASSED] - Scroll to object 'Object Repository/Прогноз по отраслям/Заголовок дашборда Стресс' successfully

02-12-2024T04:22:40 - [TEST_STEP][PASSED] - click(findTestObject("Прогноз по отраслям/Фильтр Сравнение с Стресс")): Object: 'Object Repository/Прогноз по отраслям/Фильтр Сравнение с Стресс' is clicked on

02-12-2024T04:22:40 - [MESSAGE][PASSED] - Object: 'Object Repository/Прогноз по отраслям/Фильтр Сравнение с Стресс' is clicked on

02-12-2024T04:22:40 - [TEST_STEP][PASSED] - click(findTestObject("Прогноз по отраслям/Факт прошлого года Стресс")): Object: 'Object Repository/Прогноз по отраслям/Факт прошлого года Стресс' is clicked on

02-12-2024T04:22:41 - [MESSAGE][PASSED] - Object: 'Object Repository/Прогноз по отраслям/Факт прошлого года Стресс' is clicked on

02-12-2024T04:22:41 - [TEST_STEP][PASSED] - click(findTestObject("Прогноз по отраслям/Фильтр КПО-Отпуск Стресс")): Object: 'Object Repository/Прогноз по отраслям/Фильтр КПО-Отпуск Стресс' is clicked on

02-12-2024T04:22:43 - [MESSAGE][PASSED] - Object: 'Object Repository/Прогноз по отраслям/Фильтр КПО-Отпуск Стресс' is clicked on

02-12-2024T04:22:43 - [TEST_STEP][PASSED] - click(findTestObject("Прогноз по отраслям/Отпуск Стресс")): Object: 'Object Repository/Прогноз по отраслям/Отпуск Стресс' is clicked on

02-12-2024T04:22:44 - [MESSAGE][PASSED] - Object: 'Object Repository/Прогноз по отраслям/Отпуск Стресс' is clicked on

02-12-2024T04:22:44 - [TEST_STEP][PASSED] - delay(40): Delayed 40 second(s)

02-12-2024T04:23:24 - [MESSAGE][PASSED] - Delayed 40 second(s)

02-12-2024T04:23:24 - [TEST_STEP][PASSED] - b1 = getText(findTestObject("Прогноз по отраслям/Виджеты дашборда")): Text of object 'Object Repository/Прогноз по отраслям/Виджеты дашборда' is: 'Год 
2023 год
Сравнение с 
Факт прошлого года
Динамика электропотребления, млрд. кВт.ч., по ПАО Россети на 2023 год
12 12
186 186
36 36
50 50
10 10
19 19
0 0
17 17
85 85
19 19
82 82
604 604
10 10
197 197
37 37
48 48
10 10
15 15
4 4
18 18
80 80
19 19
82 82
608 608
Факт прошлого года
Ожидаемое (прогноз до конца года)
Интер РАО(для ФСК)
Промышленныепотребители
Транспорт
Нефтедобыча
Нефтеперераб…
Нефтепроводы
Газопроводы
Сельское хозя…
Непромышлен…
Государственн…
Население иприравненныегруппыпотребителей
Территориальн…
Выручка, млрд. руб, по ПАО Россети на 2023 год
5 5
285 285
72 72
72 72
18 18
22 22
0 0
50 50
201 201
61 61
190 190
227 227
6 6
331 331
82 82
77 77
20 20
20 20
3 3
57 57
220 220
68 68
214 214
258 258
Факт прошлого года
Ожидаемое (прогноз до конца года)
Интер РАО(для ФСК)
Промышленныепотребители
Транспорт
Нефтедобыча
Нефтеперераб…
Нефтепроводы
Газопроводы
Сельское хозя…
Непромышлен…
Государственн…
Население иприравненныегруппыпотребителей
Территориальн…
Отклонения по ПАО Россети на 2023 год
-18.5% -18.5%
5.9% 5.9%
3.6% 3.6%
-3.9% -3.9%
0.9% 0.9%
-20.7% -20.7%
3 313.2% 3 313.2%
3.8% 3.8%
-5.6% -5.6%
1.3% 1.3%
-0.9% -0.9%
0.7% 0.7%
⬤ Отклонение, %
Интер РАО (для ФСК)
Промышленные потребители
Транспорт
Нефтедобыча
Нефтепереработка
Нефтепроводы
Газопроводы
Сельское хозяйство и пищевая про…
Непромышленные потребители
Государственные (муниципальные)…
Население и приравненные группы…
Территориальные сетевые организ…
Выручка отклонения по ПАО Россети на 2023 год
7.7% 7.7%
16.0% 16.0%
13.2% 13.2%
6.7% 6.7%
13.3% 13.3%
-7.7% -7.7%
1 331.5% 1 331.5%
14.2% 14.2%
9.9% 9.9%
12.0% 12.0%
12.4% 12.4%
13.7% 13.7%
⬤ Отклонение, %
Интер РАО (для ФСК)
Промышленные потребители
Транспорт
Нефтедобыча
Нефтепереработка
Нефтепроводы
Газопроводы
Сельское хозяйство и пищевая про…
Непромышленные потребители
Государственные (муниципальные)…
Население и приравненные группы…
Территориальные сетевые организ…
абс.
%
Прогноз на месяц 
Ноябрь
КПО/Отпуск из сети 
Отпуск из сети, млн. кВт.ч
Организация 
Все
Прогноз электропотребления и выручки за услуги по передаче в разрезе отраслей'

02-12-2024T04:23:25 - [MESSAGE][PASSED] - Text of object 'Object Repository/Прогноз по отраслям/Виджеты дашборда' is: 'Год 
2023 год
Сравнение с 
Факт прошлого года
Динамика электропотребления, млрд. кВт.ч., по ПАО Россети на 2023 год
12 12
186 186
36 36
50 50
10 10
19 19
0 0
17 17
85 85
19 19
82 82
604 604
10 10
197 197
37 37
48 48
10 10
15 15
4 4
18 18
80 80
19 19
82 82
608 608
Факт прошлого года
Ожидаемое (прогноз до конца года)
Интер РАО(для ФСК)
Промышленныепотребители
Транспорт
Нефтедобыча
Нефтеперераб…
Нефтепроводы
Газопроводы
Сельское хозя…
Непромышлен…
Государственн…
Население иприравненныегруппыпотребителей
Территориальн…
Выручка, млрд. руб, по ПАО Россети на 2023 год
5 5
285 285
72 72
72 72
18 18
22 22
0 0
50 50
201 201
61 61
190 190
227 227
6 6
331 331
82 82
77 77
20 20
20 20
3 3
57 57
220 220
68 68
214 214
258 258
Факт прошлого года
Ожидаемое (прогноз до конца года)
Интер РАО(для ФСК)
Промышленныепотребители
Транспорт
Нефтедобыча
Нефтеперераб…
Нефтепроводы
Газопроводы
Сельское хозя…
Непромышлен…
Государственн…
Население иприравненныегруппыпотребителей
Территориальн…
Отклонения по ПАО Россети на 2023 год
-18.5% -18.5%
5.9% 5.9%
3.6% 3.6%
-3.9% -3.9%
0.9% 0.9%
-20.7% -20.7%
3 313.2% 3 313.2%
3.8% 3.8%
-5.6% -5.6%
1.3% 1.3%
-0.9% -0.9%
0.7% 0.7%
⬤ Отклонение, %
Интер РАО (для ФСК)
Промышленные потребители
Транспорт
Нефтедобыча
Нефтепереработка
Нефтепроводы
Газопроводы
Сельское хозяйство и пищевая про…
Непромышленные потребители
Государственные (муниципальные)…
Население и приравненные группы…
Территориальные сетевые организ…
Выручка отклонения по ПАО Россети на 2023 год
7.7% 7.7%
16.0% 16.0%
13.2% 13.2%
6.7% 6.7%
13.3% 13.3%
-7.7% -7.7%
1 331.5% 1 331.5%
14.2% 14.2%
9.9% 9.9%
12.0% 12.0%
12.4% 12.4%
13.7% 13.7%
⬤ Отклонение, %
Интер РАО (для ФСК)
Промышленные потребители
Транспорт
Нефтедобыча
Нефтепереработка
Нефтепроводы
Газопроводы
Сельское хозяйство и пищевая про…
Непромышленные потребители
Государственные (муниципальные)…
Население и приравненные группы…
Территориальные сетевые организ…
абс.
%
Прогноз на месяц 
Ноябрь
КПО/Отпуск из сети 
Отпуск из сети, млн. кВт.ч
Организация 
Все
Прогноз электропотребления и выручки за услуги по передаче в разрезе отраслей'

02-12-2024T04:23:25 - [TEST_STEP][PASSED] - b1 = b1.replaceAll("[^0-9]", ""): null

02-12-2024T04:23:25 - [TEST_STEP][PASSED] - println("b1:" + b1): null

02-12-2024T04:23:25 - [TEST_STEP][PASSED] - click(findTestObject("Прогноз по отраслям/Фильтр Сравнение с Стресс")): Object: 'Object Repository/Прогноз по отраслям/Фильтр Сравнение с Стресс' is clicked on

02-12-2024T04:23:26 - [MESSAGE][PASSED] - Object: 'Object Repository/Прогноз по отраслям/Фильтр Сравнение с Стресс' is clicked on

02-12-2024T04:23:26 - [TEST_STEP][PASSED] - click(findTestObject("Прогноз по отраслям/План Стресс")): Object: 'Object Repository/Прогноз по отраслям/План Стресс' is clicked on

02-12-2024T04:23:27 - [MESSAGE][PASSED] - Object: 'Object Repository/Прогноз по отраслям/План Стресс' is clicked on

02-12-2024T04:23:27 - [TEST_STEP][PASSED] - delay(40): Delayed 40 second(s)

02-12-2024T04:24:07 - [MESSAGE][PASSED] - Delayed 40 second(s)

02-12-2024T04:24:07 - [TEST_STEP][PASSED] - b2 = getText(findTestObject("Прогноз по отраслям/Виджеты дашборда")): Text of object 'Object Repository/Прогноз по отраслям/Виджеты дашборда' is: 'Год 
2023 год
Сравнение с 
План
Динамика электропотребления, млрд. кВт.ч., по ПАО Россети на 2023 год
10 10
190 190
36 36
14 14
9 9
14 14
4 4
17 17
80 80
19 19
82 82
588 588
10 10
197 197
37 37
48 48
10 10
15 15
4 4
18 18
80 80
19 19
82 82
608 608
План
Ожидаемое (прогноз до конца года)
Интер РАО(для ФСК)
Промышленныепотребители
Транспорт
Нефтедобыча
Нефтеперераб…
Нефтепроводы
Газопроводы
Сельское хозя…
Непромышлен…
Государственн…
Население иприравненныегруппыпотребителей
Территориальн…
Выручка, млрд. руб, по ПАО Россети на 2023 год
5 5
319 319
81 81
16 16
16 16
20 20
2 2
56 56
215 215
67 67
218 218
239 239
6 6
331 331
82 82
77 77
20 20
20 20
3 3
57 57
220 220
68 68
214 214
258 258
План
Ожидаемое (прогноз до конца года)
Интер РАО(для ФСК)
Промышленныепотребители
Транспорт
Нефтедобыча
Нефтеперераб…
Нефтепроводы
Газопроводы
Сельское хозя…
Непромышлен…
Государственн…
Население иприравненныегруппыпотребителей
Территориальн…
Отклонения по ПАО Россети на 2023 год
-4.7% -4.7%
3.8% 3.8%
1.9% 1.9%
230.3% 230.3%
10.9% 10.9%
4.2% 4.2%
21.7% 21.7%
3.9% 3.9%
-0.6% -0.6%
1.6% 1.6%
-1.0% -1.0%
3.3% 3.3%
⬤ Отклонение, %
Интер РАО (для ФСК)
Промышленные потребители
Транспорт
Нефтедобыча
Нефтепереработка
Нефтепроводы
Газопроводы
Сельское хозяйство и пищевая про…
Непромышленные потребители
Государственные (муниципальные)…
Население и приравненные группы…
Территориальные сетевые организ…
Выручка отклонения по ПАО Россети на 2023 год
15.6% 15.6%
3.8% 3.8%
1.2% 1.2%
398.2% 398.2%
26.9% 26.9%
-0.6% -0.6%
26.9% 26.9%
1.5% 1.5%
2.7% 2.7%
2.0% 2.0%
-2.0% -2.0%
7.9% 7.9%
⬤ Отклонение, %
Интер РАО (для ФСК)
Промышленные потребители
Транспорт
Нефтедобыча
Нефтепереработка
Нефтепроводы
Газопроводы
Сельское хозяйство и пищевая про…
Непромышленные потребители
Государственные (муниципальные)…
Население и приравненные группы…
Территориальные сетевые организ…
абс.
%
Прогноз на месяц 
Ноябрь
КПО/Отпуск из сети 
Отпуск из сети, млн. кВт.ч
Организация 
Все
Прогноз электропотребления и выручки за услуги по передаче в разрезе отраслей'

02-12-2024T04:24:08 - [MESSAGE][PASSED] - Text of object 'Object Repository/Прогноз по отраслям/Виджеты дашборда' is: 'Год 
2023 год
Сравнение с 
План
Динамика электропотребления, млрд. кВт.ч., по ПАО Россети на 2023 год
10 10
190 190
36 36
14 14
9 9
14 14
4 4
17 17
80 80
19 19
82 82
588 588
10 10
197 197
37 37
48 48
10 10
15 15
4 4
18 18
80 80
19 19
82 82
608 608
План
Ожидаемое (прогноз до конца года)
Интер РАО(для ФСК)
Промышленныепотребители
Транспорт
Нефтедобыча
Нефтеперераб…
Нефтепроводы
Газопроводы
Сельское хозя…
Непромышлен…
Государственн…
Население иприравненныегруппыпотребителей
Территориальн…
Выручка, млрд. руб, по ПАО Россети на 2023 год
5 5
319 319
81 81
16 16
16 16
20 20
2 2
56 56
215 215
67 67
218 218
239 239
6 6
331 331
82 82
77 77
20 20
20 20
3 3
57 57
220 220
68 68
214 214
258 258
План
Ожидаемое (прогноз до конца года)
Интер РАО(для ФСК)
Промышленныепотребители
Транспорт
Нефтедобыча
Нефтеперераб…
Нефтепроводы
Газопроводы
Сельское хозя…
Непромышлен…
Государственн…
Население иприравненныегруппыпотребителей
Территориальн…
Отклонения по ПАО Россети на 2023 год
-4.7% -4.7%
3.8% 3.8%
1.9% 1.9%
230.3% 230.3%
10.9% 10.9%
4.2% 4.2%
21.7% 21.7%
3.9% 3.9%
-0.6% -0.6%
1.6% 1.6%
-1.0% -1.0%
3.3% 3.3%
⬤ Отклонение, %
Интер РАО (для ФСК)
Промышленные потребители
Транспорт
Нефтедобыча
Нефтепереработка
Нефтепроводы
Газопроводы
Сельское хозяйство и пищевая про…
Непромышленные потребители
Государственные (муниципальные)…
Население и приравненные группы…
Территориальные сетевые организ…
Выручка отклонения по ПАО Россети на 2023 год
15.6% 15.6%
3.8% 3.8%
1.2% 1.2%
398.2% 398.2%
26.9% 26.9%
-0.6% -0.6%
26.9% 26.9%
1.5% 1.5%
2.7% 2.7%
2.0% 2.0%
-2.0% -2.0%
7.9% 7.9%
⬤ Отклонение, %
Интер РАО (для ФСК)
Промышленные потребители
Транспорт
Нефтедобыча
Нефтепереработка
Нефтепроводы
Газопроводы
Сельское хозяйство и пищевая про…
Непромышленные потребители
Государственные (муниципальные)…
Население и приравненные группы…
Территориальные сетевые организ…
абс.
%
Прогноз на месяц 
Ноябрь
КПО/Отпуск из сети 
Отпуск из сети, млн. кВт.ч
Организация 
Все
Прогноз электропотребления и выручки за услуги по передаче в разрезе отраслей'

02-12-2024T04:24:08 - [TEST_STEP][PASSED] - b2 = b2.replaceAll("[^0-9]", ""): null

02-12-2024T04:24:08 - [TEST_STEP][PASSED] - println("b2:" + b2): null

02-12-2024T04:24:08 - [TEST_STEP][PASSED] - click(findTestObject("Прогноз по отраслям/Фильтр Сравнение с Стресс")): Object: 'Object Repository/Прогноз по отраслям/Фильтр Сравнение с Стресс' is clicked on

02-12-2024T04:24:08 - [MESSAGE][PASSED] - Object: 'Object Repository/Прогноз по отраслям/Фильтр Сравнение с Стресс' is clicked on

02-12-2024T04:24:08 - [TEST_STEP][PASSED] - click(findTestObject("Прогноз по отраслям/План СУ Стресс")): Object: 'Object Repository/Прогноз по отраслям/План СУ Стресс' is clicked on

02-12-2024T04:24:09 - [MESSAGE][PASSED] - Object: 'Object Repository/Прогноз по отраслям/План СУ Стресс' is clicked on

02-12-2024T04:24:09 - [TEST_STEP][PASSED] - delay(40): Delayed 40 second(s)

02-12-2024T04:24:49 - [MESSAGE][PASSED] - Delayed 40 second(s)

02-12-2024T04:24:49 - [TEST_STEP][PASSED] - b3 = getText(findTestObject("Прогноз по отраслям/Виджеты дашборда")): Text of object 'Object Repository/Прогноз по отраслям/Виджеты дашборда' is: 'Год 
2023 год
Сравнение с 
План/СУ
Динамика электропотребления, млрд. кВт.ч., по ПАО Россети на 2023 год
10 10
186 186
36 36
15 15
9 9
14 14
4 4
17 17
88 88
19 19
83 83
597 597
10 10
197 197
37 37
48 48
10 10
15 15
4 4
18 18
80 80
19 19
82 82
608 608
СУ
Ожидаемое (прогноз до конца года)
Интер РАО(для ФСК)
Промышленныепотребители
Транспорт
Нефтедобыча
Нефтеперераб…
Нефтепроводы
Газопроводы
Сельское хозя…
Непромышлен…
Государственн…
Население иприравненныегруппыпотребителей
Территориальн…
Выручка, млрд. руб, по ПАО Россети на 2023 год
6 6
331 331
82 82
77 77
20 20
20 20
3 3
57 57
220 220
68 68
214 214
258 258
Ожидаемое (прогноз до конца года)
Интер РАО(для ФСК)
Промышленныепотребители
Транспорт
Нефтедобыча
Нефтеперераб…
Нефтепроводы
Газопроводы
Сельское хозя…
Непромышлен…
Государственн…
Население иприравненныегруппыпотребителей
Территориальн…
Отклонения по ПАО Россети на 2023 год
2.5% 2.5%
5.9% 5.9%
1.9% 1.9%
219.1% 219.1%
11.7% 11.7%
1.9% 1.9%
13.1% 13.1%
3.5% 3.5%
-8.7% -8.7%
0.2% 0.2%
-1.6% -1.6%
1.8% 1.8%
⬤ Отклонение, %
Интер РАО (для ФСК)
Промышленные потребители
Транспорт
Нефтедобыча
Нефтепереработка
Нефтепроводы
Газопроводы
Сельское хозяйство и пищевая про…
Непромышленные потребители
Государственные (муниципальные)…
Население и приравненные группы…
Территориальные сетевые организ…
Выручка отклонения по ПАО Россети на 2023 год
⬤ Отклонение, %
Интер РАО (для ФСК)
Промышленные потребители
Транспорт
Нефтедобыча
Нефтепереработка
Нефтепроводы
Газопроводы
Сельское хозяйство и пищевая про…
Непромышленные потребители
Государственные (муниципальные)…
Население и приравненные группы…
Территориальные сетевые организ…
абс.
%
Прогноз на месяц 
Ноябрь
КПО/Отпуск из сети 
Отпуск из сети, млн. кВт.ч
Организация 
Все
Прогноз электропотребления и выручки за услуги по передаче в разрезе отраслей'

02-12-2024T04:24:50 - [MESSAGE][PASSED] - Text of object 'Object Repository/Прогноз по отраслям/Виджеты дашборда' is: 'Год 
2023 год
Сравнение с 
План/СУ
Динамика электропотребления, млрд. кВт.ч., по ПАО Россети на 2023 год
10 10
186 186
36 36
15 15
9 9
14 14
4 4
17 17
88 88
19 19
83 83
597 597
10 10
197 197
37 37
48 48
10 10
15 15
4 4
18 18
80 80
19 19
82 82
608 608
СУ
Ожидаемое (прогноз до конца года)
Интер РАО(для ФСК)
Промышленныепотребители
Транспорт
Нефтедобыча
Нефтеперераб…
Нефтепроводы
Газопроводы
Сельское хозя…
Непромышлен…
Государственн…
Население иприравненныегруппыпотребителей
Территориальн…
Выручка, млрд. руб, по ПАО Россети на 2023 год
6 6
331 331
82 82
77 77
20 20
20 20
3 3
57 57
220 220
68 68
214 214
258 258
Ожидаемое (прогноз до конца года)
Интер РАО(для ФСК)
Промышленныепотребители
Транспорт
Нефтедобыча
Нефтеперераб…
Нефтепроводы
Газопроводы
Сельское хозя…
Непромышлен…
Государственн…
Население иприравненныегруппыпотребителей
Территориальн…
Отклонения по ПАО Россети на 2023 год
2.5% 2.5%
5.9% 5.9%
1.9% 1.9%
219.1% 219.1%
11.7% 11.7%
1.9% 1.9%
13.1% 13.1%
3.5% 3.5%
-8.7% -8.7%
0.2% 0.2%
-1.6% -1.6%
1.8% 1.8%
⬤ Отклонение, %
Интер РАО (для ФСК)
Промышленные потребители
Транспорт
Нефтедобыча
Нефтепереработка
Нефтепроводы
Газопроводы
Сельское хозяйство и пищевая про…
Непромышленные потребители
Государственные (муниципальные)…
Население и приравненные группы…
Территориальные сетевые организ…
Выручка отклонения по ПАО Россети на 2023 год
⬤ Отклонение, %
Интер РАО (для ФСК)
Промышленные потребители
Транспорт
Нефтедобыча
Нефтепереработка
Нефтепроводы
Газопроводы
Сельское хозяйство и пищевая про…
Непромышленные потребители
Государственные (муниципальные)…
Население и приравненные группы…
Территориальные сетевые организ…
абс.
%
Прогноз на месяц 
Ноябрь
КПО/Отпуск из сети 
Отпуск из сети, млн. кВт.ч
Организация 
Все
Прогноз электропотребления и выручки за услуги по передаче в разрезе отраслей'

02-12-2024T04:24:50 - [TEST_STEP][PASSED] - b3 = b3.replaceAll("[^0-9]", ""): null

02-12-2024T04:24:50 - [TEST_STEP][PASSED] - println("b3:" + b3): null

02-12-2024T04:24:50 - [TEST_STEP][PASSED] - click(findTestObject("Прогноз по отраслям/Фильтр Сравнение с Стресс")): Object: 'Object Repository/Прогноз по отраслям/Фильтр Сравнение с Стресс' is clicked on

02-12-2024T04:24:50 - [MESSAGE][PASSED] - Object: 'Object Repository/Прогноз по отраслям/Фильтр Сравнение с Стресс' is clicked on

02-12-2024T04:24:50 - [TEST_STEP][PASSED] - click(findTestObject("Прогноз по отраслям/Факт прошлого года Стресс")): Object: 'Object Repository/Прогноз по отраслям/Факт прошлого года Стресс' is clicked on

02-12-2024T04:24:52 - [MESSAGE][PASSED] - Object: 'Object Repository/Прогноз по отраслям/Факт прошлого года Стресс' is clicked on

02-12-2024T04:24:52 - [TEST_STEP][PASSED] - click(findTestObject("Прогноз по отраслям/Фильтр КПО-Отпуск Стресс")): Object: 'Object Repository/Прогноз по отраслям/Фильтр КПО-Отпуск Стресс' is clicked on

02-12-2024T04:24:54 - [MESSAGE][PASSED] - Object: 'Object Repository/Прогноз по отраслям/Фильтр КПО-Отпуск Стресс' is clicked on

02-12-2024T04:24:54 - [TEST_STEP][PASSED] - click(findTestObject("Прогноз по отраслям/КПО Стресс")): Object: 'Object Repository/Прогноз по отраслям/КПО Стресс' is clicked on

02-12-2024T04:24:55 - [MESSAGE][PASSED] - Object: 'Object Repository/Прогноз по отраслям/КПО Стресс' is clicked on

02-12-2024T04:24:55 - [TEST_STEP][PASSED] - delay(40): Delayed 40 second(s)

02-12-2024T04:25:35 - [MESSAGE][PASSED] - Delayed 40 second(s)

02-12-2024T04:25:35 - [TEST_STEP][PASSED] - b4 = getText(findTestObject("Прогноз по отраслям/Виджеты дашборда")): Text of object 'Object Repository/Прогноз по отраслям/Виджеты дашборда' is: 'Год 
2023 год
Сравнение с 
Факт прошлого года
Динамика электропотребления, млрд. кВт.ч., по ПАО Россети на 2023 год
0 0
120 120
38 38
41 41
8 8
10 10
0 0
19 19
77 77
25 25
122 122
61 61
0 0
120 120
39 39
39 39
8 8
8 8
1 1
20 20
78 78
26 26
121 121
60 60
Факт прошлого года
Ожидаемое (прогноз до конца года)
Интер РАО(для ФСК)
Промышленныепотребители
Транспорт
Нефтедобыча
Нефтеперераб…
Нефтепроводы
Газопроводы
Сельское хозя…
Непромышлен…
Государственн…
Население иприравненныегруппыпотребителей
Территориальн…
Выручка, млрд. руб, по ПАО Россети на 2023 год
5 5
285 285
72 72
72 72
18 18
22 22
0 0
50 50
201 201
61 61
190 190
227 227
6 6
331 331
82 82
77 77
20 20
20 20
3 3
57 57
220 220
68 68
214 214
258 258
Факт прошлого года
Ожидаемое (прогноз до конца года)
Интер РАО(для ФСК)
Промышленныепотребители
Транспорт
Нефтедобыча
Нефтеперераб…
Нефтепроводы
Газопроводы
Сельское хозя…
Непромышлен…
Государственн…
Население иприравненныегруппыпотребителей
Территориальн…
Отклонения по ПАО Россети на 2023 год
0.5% 0.5%
0.9% 0.9%
-5.9% -5.9%
3.1% 3.1%
-17.9% -17.9%
578.4% 578.4%
2.3% 2.3%
1.8% 1.8%
2.1% 2.1%
-0.9% -0.9%
-0.2% -0.2%
⬤ Отклонение, %
Интер РАО (для ФСК)
Промышленные потребители
Транспорт
Нефтедобыча
Нефтепереработка
Нефтепроводы
Газопроводы
Сельское хозяйство и пищевая про…
Непромышленные потребители
Государственные (муниципальные)…
Население и приравненные группы…
Территориальные сетевые организ…
Выручка отклонения по ПАО Россети на 2023 год
7.7% 7.7%
16.0% 16.0%
13.2% 13.2%
6.7% 6.7%
13.3% 13.3%
-7.7% -7.7%
1 331.5% 1 331.5%
14.2% 14.2%
9.9% 9.9%
12.0% 12.0%
12.4% 12.4%
13.7% 13.7%
⬤ Отклонение, %
Интер РАО (для ФСК)
Промышленные потребители
Транспорт
Нефтедобыча
Нефтепереработка
Нефтепроводы
Газопроводы
Сельское хозяйство и пищевая про…
Непромышленные потребители
Государственные (муниципальные)…
Население и приравненные группы…
Территориальные сетевые организ…
абс.
%
Прогноз на месяц 
Ноябрь
КПО/Отпуск из сети 
Котловой полезный отпуск, млн. кВт.ч
Организация 
Все
Прогноз электропотребления и выручки за услуги по передаче в разрезе отраслей'

02-12-2024T04:25:36 - [MESSAGE][PASSED] - Text of object 'Object Repository/Прогноз по отраслям/Виджеты дашборда' is: 'Год 
2023 год
Сравнение с 
Факт прошлого года
Динамика электропотребления, млрд. кВт.ч., по ПАО Россети на 2023 год
0 0
120 120
38 38
41 41
8 8
10 10
0 0
19 19
77 77
25 25
122 122
61 61
0 0
120 120
39 39
39 39
8 8
8 8
1 1
20 20
78 78
26 26
121 121
60 60
Факт прошлого года
Ожидаемое (прогноз до конца года)
Интер РАО(для ФСК)
Промышленныепотребители
Транспорт
Нефтедобыча
Нефтеперераб…
Нефтепроводы
Газопроводы
Сельское хозя…
Непромышлен…
Государственн…
Население иприравненныегруппыпотребителей
Территориальн…
Выручка, млрд. руб, по ПАО Россети на 2023 год
5 5
285 285
72 72
72 72
18 18
22 22
0 0
50 50
201 201
61 61
190 190
227 227
6 6
331 331
82 82
77 77
20 20
20 20
3 3
57 57
220 220
68 68
214 214
258 258
Факт прошлого года
Ожидаемое (прогноз до конца года)
Интер РАО(для ФСК)
Промышленныепотребители
Транспорт
Нефтедобыча
Нефтеперераб…
Нефтепроводы
Газопроводы
Сельское хозя…
Непромышлен…
Государственн…
Население иприравненныегруппыпотребителей
Территориальн…
Отклонения по ПАО Россети на 2023 год
0.5% 0.5%
0.9% 0.9%
-5.9% -5.9%
3.1% 3.1%
-17.9% -17.9%
578.4% 578.4%
2.3% 2.3%
1.8% 1.8%
2.1% 2.1%
-0.9% -0.9%
-0.2% -0.2%
⬤ Отклонение, %
Интер РАО (для ФСК)
Промышленные потребители
Транспорт
Нефтедобыча
Нефтепереработка
Нефтепроводы
Газопроводы
Сельское хозяйство и пищевая про…
Непромышленные потребители
Государственные (муниципальные)…
Население и приравненные группы…
Территориальные сетевые организ…
Выручка отклонения по ПАО Россети на 2023 год
7.7% 7.7%
16.0% 16.0%
13.2% 13.2%
6.7% 6.7%
13.3% 13.3%
-7.7% -7.7%
1 331.5% 1 331.5%
14.2% 14.2%
9.9% 9.9%
12.0% 12.0%
12.4% 12.4%
13.7% 13.7%
⬤ Отклонение, %
Интер РАО (для ФСК)
Промышленные потребители
Транспорт
Нефтедобыча
Нефтепереработка
Нефтепроводы
Газопроводы
Сельское хозяйство и пищевая про…
Непромышленные потребители
Государственные (муниципальные)…
Население и приравненные группы…
Территориальные сетевые организ…
абс.
%
Прогноз на месяц 
Ноябрь
КПО/Отпуск из сети 
Котловой полезный отпуск, млн. кВт.ч
Организация 
Все
Прогноз электропотребления и выручки за услуги по передаче в разрезе отраслей'

02-12-2024T04:25:36 - [TEST_STEP][PASSED] - b4 = b4.replaceAll("[^0-9]", ""): null

02-12-2024T04:25:36 - [TEST_STEP][PASSED] - println("b4:" + b4): null

02-12-2024T04:25:36 - [TEST_STEP][PASSED] - click(findTestObject("Прогноз по отраслям/Фильтр Сравнение с Стресс")): Object: 'Object Repository/Прогноз по отраслям/Фильтр Сравнение с Стресс' is clicked on

02-12-2024T04:25:36 - [MESSAGE][PASSED] - Object: 'Object Repository/Прогноз по отраслям/Фильтр Сравнение с Стресс' is clicked on

02-12-2024T04:25:36 - [TEST_STEP][PASSED] - click(findTestObject("Прогноз по отраслям/План Стресс")): Object: 'Object Repository/Прогноз по отраслям/План Стресс' is clicked on

02-12-2024T04:25:37 - [MESSAGE][PASSED] - Object: 'Object Repository/Прогноз по отраслям/План Стресс' is clicked on

02-12-2024T04:25:37 - [TEST_STEP][PASSED] - delay(40): Delayed 40 second(s)

02-12-2024T04:26:17 - [MESSAGE][PASSED] - Delayed 40 second(s)

02-12-2024T04:26:17 - [TEST_STEP][PASSED] - b5 = getText(findTestObject("Прогноз по отраслям/Виджеты дашборда")): Text of object 'Object Repository/Прогноз по отраслям/Виджеты дашборда' is: 'Год 
2023 год
Сравнение с 
План
Динамика электропотребления, млрд. кВт.ч., по ПАО Россети на 2023 год
0 0
119 119
37 37
7 7
7 7
8 8
1 1
19 19
75 75
25 25
123 123
55 55
0 0
120 120
39 39
39 39
8 8
8 8
1 1
20 20
78 78
26 26
121 121
60 60
План
Ожидаемое (прогноз до конца года)
Интер РАО(для ФСК)
Промышленныепотребители
Транспорт
Нефтедобыча
Нефтеперераб…
Нефтепроводы
Газопроводы
Сельское хозя…
Непромышлен…
Государственн…
Население иприравненныегруппыпотребителей
Территориальн…
Выручка, млрд. руб, по ПАО Россети на 2023 год
5 5
319 319
81 81
16 16
16 16
20 20
2 2
56 56
215 215
67 67
218 218
239 239
6 6
331 331
82 82
77 77
20 20
20 20
3 3
57 57
220 220
68 68
214 214
258 258
План
Ожидаемое (прогноз до конца года)
Интер РАО(для ФСК)
Промышленныепотребители
Транспорт
Нефтедобыча
Нефтеперераб…
Нефтепроводы
Газопроводы
Сельское хозя…
Непромышлен…
Государственн…
Население иприравненныегруппыпотребителей
Территориальн…
Отклонения по ПАО Россети на 2023 год
1.2% 1.2%
3.2% 3.2%
492.1% 492.1%
18.1% 18.1%
4.4% 4.4%
11.9% 11.9%
1.2% 1.2%
4.1% 4.1%
2.4% 2.4%
-1.4% -1.4%
9.7% 9.7%
⬤ Отклонение, %
Интер РАО (для ФСК)
Промышленные потребители
Транспорт
Нефтедобыча
Нефтепереработка
Нефтепроводы
Газопроводы
Сельское хозяйство и пищевая про…
Непромышленные потребители
Государственные (муниципальные)…
Население и приравненные группы…
Территориальные сетевые организ…
Выручка отклонения по ПАО Россети на 2023 год
15.6% 15.6%
3.8% 3.8%
1.2% 1.2%
398.2% 398.2%
26.9% 26.9%
-0.6% -0.6%
26.9% 26.9%
1.5% 1.5%
2.7% 2.7%
2.0% 2.0%
-2.0% -2.0%
7.9% 7.9%
⬤ Отклонение, %
Интер РАО (для ФСК)
Промышленные потребители
Транспорт
Нефтедобыча
Нефтепереработка
Нефтепроводы
Газопроводы
Сельское хозяйство и пищевая про…
Непромышленные потребители
Государственные (муниципальные)…
Население и приравненные группы…
Территориальные сетевые организ…
абс.
%
Прогноз на месяц 
Ноябрь
КПО/Отпуск из сети 
Котловой полезный отпуск, млн. кВт.ч
Организация 
Все
Прогноз электропотребления и выручки за услуги по передаче в разрезе отраслей'

02-12-2024T04:26:18 - [MESSAGE][PASSED] - Text of object 'Object Repository/Прогноз по отраслям/Виджеты дашборда' is: 'Год 
2023 год
Сравнение с 
План
Динамика электропотребления, млрд. кВт.ч., по ПАО Россети на 2023 год
0 0
119 119
37 37
7 7
7 7
8 8
1 1
19 19
75 75
25 25
123 123
55 55
0 0
120 120
39 39
39 39
8 8
8 8
1 1
20 20
78 78
26 26
121 121
60 60
План
Ожидаемое (прогноз до конца года)
Интер РАО(для ФСК)
Промышленныепотребители
Транспорт
Нефтедобыча
Нефтеперераб…
Нефтепроводы
Газопроводы
Сельское хозя…
Непромышлен…
Государственн…
Население иприравненныегруппыпотребителей
Территориальн…
Выручка, млрд. руб, по ПАО Россети на 2023 год
5 5
319 319
81 81
16 16
16 16
20 20
2 2
56 56
215 215
67 67
218 218
239 239
6 6
331 331
82 82
77 77
20 20
20 20
3 3
57 57
220 220
68 68
214 214
258 258
План
Ожидаемое (прогноз до конца года)
Интер РАО(для ФСК)
Промышленныепотребители
Транспорт
Нефтедобыча
Нефтеперераб…
Нефтепроводы
Газопроводы
Сельское хозя…
Непромышлен…
Государственн…
Население иприравненныегруппыпотребителей
Территориальн…
Отклонения по ПАО Россети на 2023 год
1.2% 1.2%
3.2% 3.2%
492.1% 492.1%
18.1% 18.1%
4.4% 4.4%
11.9% 11.9%
1.2% 1.2%
4.1% 4.1%
2.4% 2.4%
-1.4% -1.4%
9.7% 9.7%
⬤ Отклонение, %
Интер РАО (для ФСК)
Промышленные потребители
Транспорт
Нефтедобыча
Нефтепереработка
Нефтепроводы
Газопроводы
Сельское хозяйство и пищевая про…
Непромышленные потребители
Государственные (муниципальные)…
Население и приравненные группы…
Территориальные сетевые организ…
Выручка отклонения по ПАО Россети на 2023 год
15.6% 15.6%
3.8% 3.8%
1.2% 1.2%
398.2% 398.2%
26.9% 26.9%
-0.6% -0.6%
26.9% 26.9%
1.5% 1.5%
2.7% 2.7%
2.0% 2.0%
-2.0% -2.0%
7.9% 7.9%
⬤ Отклонение, %
Интер РАО (для ФСК)
Промышленные потребители
Транспорт
Нефтедобыча
Нефтепереработка
Нефтепроводы
Газопроводы
Сельское хозяйство и пищевая про…
Непромышленные потребители
Государственные (муниципальные)…
Население и приравненные группы…
Территориальные сетевые организ…
абс.
%
Прогноз на месяц 
Ноябрь
КПО/Отпуск из сети 
Котловой полезный отпуск, млн. кВт.ч
Организация 
Все
Прогноз электропотребления и выручки за услуги по передаче в разрезе отраслей'

02-12-2024T04:26:18 - [TEST_STEP][PASSED] - println("b5:" + b5): null

02-12-2024T04:26:18 - [TEST_STEP][PASSED] - b5 = b5.replaceAll("[^0-9]", ""): null

02-12-2024T04:26:18 - [TEST_STEP][PASSED] - println("b5:" + b5): null

02-12-2024T04:26:18 - [TEST_STEP][PASSED] - click(findTestObject("Прогноз по отраслям/Фильтр Сравнение с Стресс")): Object: 'Object Repository/Прогноз по отраслям/Фильтр Сравнение с Стресс' is clicked on

02-12-2024T04:26:18 - [MESSAGE][PASSED] - Object: 'Object Repository/Прогноз по отраслям/Фильтр Сравнение с Стресс' is clicked on

02-12-2024T04:26:18 - [TEST_STEP][PASSED] - click(findTestObject("Прогноз по отраслям/План СУ Стресс")): Object: 'Object Repository/Прогноз по отраслям/План СУ Стресс' is clicked on

02-12-2024T04:26:20 - [MESSAGE][PASSED] - Object: 'Object Repository/Прогноз по отраслям/План СУ Стресс' is clicked on

02-12-2024T04:26:20 - [TEST_STEP][PASSED] - delay(40): Delayed 40 second(s)

02-12-2024T04:27:00 - [MESSAGE][PASSED] - Delayed 40 second(s)

02-12-2024T04:27:00 - [TEST_STEP][PASSED] - b6 = getText(findTestObject("Прогноз по отраслям/Виджеты дашборда")): Text of object 'Object Repository/Прогноз по отраслям/Виджеты дашборда' is: 'Год 
2023 год
Сравнение с 
План/СУ
Динамика электропотребления, млрд. кВт.ч., по ПАО Россети на 2023 год
0 0
0 0
0 0
0 0
0 0
0 0
0 0
0 0
0 0
0 0
0 0
0 0
0 0
120 120
39 39
39 39
8 8
8 8
1 1
20 20
78 78
26 26
121 121
60 60
СУ
Ожидаемое (прогноз до конца года)
Интер РАО(для ФСК)
Промышленныепотребители
Транспорт
Нефтедобыча
Нефтеперераб…
Нефтепроводы
Газопроводы
Сельское хозя…
Непромышлен…
Государственн…
Население иприравненныегруппыпотребителей
Территориальн…
Выручка, млрд. руб, по ПАО Россети на 2023 год
6 6
331 331
82 82
77 77
20 20
20 20
3 3
57 57
220 220
68 68
214 214
258 258
Ожидаемое (прогноз до конца года)
Интер РАО(для ФСК)
Промышленныепотребители
Транспорт
Нефтедобыча
Нефтеперераб…
Нефтепроводы
Газопроводы
Сельское хозя…
Непромышлен…
Государственн…
Население иприравненныегруппыпотребителей
Территориальн…
Отклонения по ПАО Россети на 2023 год
⬤ Отклонение, %
Интер РАО (для ФСК)
Промышленные потребители
Транспорт
Нефтедобыча
Нефтепереработка
Нефтепроводы
Газопроводы
Сельское хозяйство и пищевая про…
Непромышленные потребители
Государственные (муниципальные)…
Население и приравненные группы…
Территориальные сетевые организ…
Выручка отклонения по ПАО Россети на 2023 год
⬤ Отклонение, %
Интер РАО (для ФСК)
Промышленные потребители
Транспорт
Нефтедобыча
Нефтепереработка
Нефтепроводы
Газопроводы
Сельское хозяйство и пищевая про…
Непромышленные потребители
Государственные (муниципальные)…
Население и приравненные группы…
Территориальные сетевые организ…
абс.
%
Прогноз на месяц 
Ноябрь
КПО/Отпуск из сети 
Котловой полезный отпуск, млн. кВт.ч
Организация 
Все
Прогноз электропотребления и выручки за услуги по передаче в разрезе отраслей'

02-12-2024T04:27:01 - [MESSAGE][PASSED] - Text of object 'Object Repository/Прогноз по отраслям/Виджеты дашборда' is: 'Год 
2023 год
Сравнение с 
План/СУ
Динамика электропотребления, млрд. кВт.ч., по ПАО Россети на 2023 год
0 0
0 0
0 0
0 0
0 0
0 0
0 0
0 0
0 0
0 0
0 0
0 0
0 0
120 120
39 39
39 39
8 8
8 8
1 1
20 20
78 78
26 26
121 121
60 60
СУ
Ожидаемое (прогноз до конца года)
Интер РАО(для ФСК)
Промышленныепотребители
Транспорт
Нефтедобыча
Нефтеперераб…
Нефтепроводы
Газопроводы
Сельское хозя…
Непромышлен…
Государственн…
Население иприравненныегруппыпотребителей
Территориальн…
Выручка, млрд. руб, по ПАО Россети на 2023 год
6 6
331 331
82 82
77 77
20 20
20 20
3 3
57 57
220 220
68 68
214 214
258 258
Ожидаемое (прогноз до конца года)
Интер РАО(для ФСК)
Промышленныепотребители
Транспорт
Нефтедобыча
Нефтеперераб…
Нефтепроводы
Газопроводы
Сельское хозя…
Непромышлен…
Государственн…
Население иприравненныегруппыпотребителей
Территориальн…
Отклонения по ПАО Россети на 2023 год
⬤ Отклонение, %
Интер РАО (для ФСК)
Промышленные потребители
Транспорт
Нефтедобыча
Нефтепереработка
Нефтепроводы
Газопроводы
Сельское хозяйство и пищевая про…
Непромышленные потребители
Государственные (муниципальные)…
Население и приравненные группы…
Территориальные сетевые организ…
Выручка отклонения по ПАО Россети на 2023 год
⬤ Отклонение, %
Интер РАО (для ФСК)
Промышленные потребители
Транспорт
Нефтедобыча
Нефтепереработка
Нефтепроводы
Газопроводы
Сельское хозяйство и пищевая про…
Непромышленные потребители
Государственные (муниципальные)…
Население и приравненные группы…
Территориальные сетевые организ…
абс.
%
Прогноз на месяц 
Ноябрь
КПО/Отпуск из сети 
Котловой полезный отпуск, млн. кВт.ч
Организация 
Все
Прогноз электропотребления и выручки за услуги по передаче в разрезе отраслей'

02-12-2024T04:27:01 - [TEST_STEP][PASSED] - b6 = b6.replaceAll("[^0-9]", ""): null

02-12-2024T04:27:01 - [TEST_STEP][PASSED] - println("b6:" + b6): null

02-12-2024T04:27:01 - [TEST_STEP][PASSED] - click(findTestObject("Прогноз по отраслям/Переключить отображение с процентов на абс Стресс-сценарий")): Object: 'Object Repository/Прогноз по отраслям/Переключить отображение с процентов на абс Стресс-сценарий' is clicked on

02-12-2024T04:27:01 - [MESSAGE][PASSED] - Object: 'Object Repository/Прогноз по отраслям/Переключить отображение с процентов на абс Стресс-сценарий' is clicked on

02-12-2024T04:27:01 - [TEST_STEP][PASSED] - click(findTestObject("Прогноз по отраслям/Фильтр Сравнение с Стресс")): Object: 'Object Repository/Прогноз по отраслям/Фильтр Сравнение с Стресс' is clicked on

02-12-2024T04:27:01 - [MESSAGE][PASSED] - Object: 'Object Repository/Прогноз по отраслям/Фильтр Сравнение с Стресс' is clicked on

02-12-2024T04:27:01 - [TEST_STEP][PASSED] - click(findTestObject("Прогноз по отраслям/Факт прошлого года Стресс")): Object: 'Object Repository/Прогноз по отраслям/Факт прошлого года Стресс' is clicked on

02-12-2024T04:27:03 - [MESSAGE][PASSED] - Object: 'Object Repository/Прогноз по отраслям/Факт прошлого года Стресс' is clicked on

02-12-2024T04:27:03 - [TEST_STEP][PASSED] - click(findTestObject("Прогноз по отраслям/Фильтр КПО-Отпуск Стресс")): Object: 'Object Repository/Прогноз по отраслям/Фильтр КПО-Отпуск Стресс' is clicked on

02-12-2024T04:27:05 - [MESSAGE][PASSED] - Object: 'Object Repository/Прогноз по отраслям/Фильтр КПО-Отпуск Стресс' is clicked on

02-12-2024T04:27:05 - [TEST_STEP][PASSED] - click(findTestObject("Прогноз по отраслям/Отпуск Стресс")): Object: 'Object Repository/Прогноз по отраслям/Отпуск Стресс' is clicked on

02-12-2024T04:27:06 - [MESSAGE][PASSED] - Object: 'Object Repository/Прогноз по отраслям/Отпуск Стресс' is clicked on

02-12-2024T04:27:06 - [TEST_STEP][PASSED] - delay(40): Delayed 40 second(s)

02-12-2024T04:27:46 - [MESSAGE][PASSED] - Delayed 40 second(s)

02-12-2024T04:27:46 - [TEST_STEP][PASSED] - b7 = getText(findTestObject("Прогноз по отраслям/Виджеты дашборда")): Text of object 'Object Repository/Прогноз по отраслям/Виджеты дашборда' is: 'Год 
2023 год
Сравнение с 
Факт прошлого года
Отклонения по ПАО Россети на 2023 год
-2 263.5 -2 263.5
11 054.6 11 054.6
1 280.2 1 280.2
-1 947.5 -1 947.5
90.9 90.9
-3 845.0 -3 845.0
4 162.1 4 162.1
651.7 651.7
-4 727.7 -4 727.7
256.5 256.5
-723.9 -723.9
4 292.3 4 292.3
⬤ Отклонение, млн. кВт.ч
Интер РАО (для ФСК)
Промышленные потребители
Транспорт
Нефтедобыча
Нефтепереработка
Нефтепроводы
Газопроводы
Сельское хозяйство и пищевая про…
Непромышленные потребители
Государственные (муниципальные…
Население и приравненные группы…
Территориальные сетевые организ…
Выручка отклонения по ПАО Россети на 2023 год
421.3 421.3
45 574.9 45 574.9
9 547.5 9 547.5
4 889.3 4 889.3
2 337.4 2 337.4
-1 682.6 -1 682.6
2 919.4 2 919.4
7 110.2 7 110.2
19 840.8 19 840.8
7 289.5 7 289.5
23 664.8 23 664.8
31 028.3 31 028.3
⬤ Отклонение, млн. руб
Интер РАО (для ФСК)
Промышленные потребители
Транспорт
Нефтедобыча
Нефтепереработка
Нефтепроводы
Газопроводы
Сельское хозяйство и пищевая про…
Непромышленные потребители
Государственные (муниципальные…
Население и приравненные группы…
Территориальные сетевые организ…
Динамика электропотребления, млрд. кВт.ч., по ПАО Россети на 2023 год
12 12
186 186
36 36
50 50
10 10
19 19
0 0
17 17
85 85
19 19
82 82
604 604
10 10
197 197
37 37
48 48
10 10
15 15
4 4
18 18
80 80
19 19
82 82
608 608
Факт прошлого года
Ожидаемое (прогноз до конца года)
Интер РАО(для ФСК)
Промышленныепотребители
Транспорт
Нефтедобыча
Нефтеперераб…
Нефтепроводы
Газопроводы
Сельское хозя…
Непромышлен…
Государственн…
Население иприравненныегруппыпотребителей
Территориальн…
Выручка, млрд. руб, по ПАО Россети на 2023 год
5 5
285 285
72 72
72 72
18 18
22 22
0 0
50 50
201 201
61 61
190 190
227 227
6 6
331 331
82 82
77 77
20 20
20 20
3 3
57 57
220 220
68 68
214 214
258 258
Факт прошлого года
Ожидаемое (прогноз до конца года)
Интер РАО(для ФСК)
Промышленныепотребители
Транспорт
Нефтедобыча
Нефтеперераб…
Нефтепроводы
Газопроводы
Сельское хозя…
Непромышлен…
Государственн…
Население иприравненныегруппыпотребителей
Территориальн…
абс.
%
Прогноз на месяц 
Ноябрь
КПО/Отпуск из сети 
Отпуск из сети, млн. кВт.ч
Организация 
Все
Прогноз электропотребления и выручки за услуги по передаче в разрезе отраслей'

02-12-2024T04:27:46 - [MESSAGE][PASSED] - Text of object 'Object Repository/Прогноз по отраслям/Виджеты дашборда' is: 'Год 
2023 год
Сравнение с 
Факт прошлого года
Отклонения по ПАО Россети на 2023 год
-2 263.5 -2 263.5
11 054.6 11 054.6
1 280.2 1 280.2
-1 947.5 -1 947.5
90.9 90.9
-3 845.0 -3 845.0
4 162.1 4 162.1
651.7 651.7
-4 727.7 -4 727.7
256.5 256.5
-723.9 -723.9
4 292.3 4 292.3
⬤ Отклонение, млн. кВт.ч
Интер РАО (для ФСК)
Промышленные потребители
Транспорт
Нефтедобыча
Нефтепереработка
Нефтепроводы
Газопроводы
Сельское хозяйство и пищевая про…
Непромышленные потребители
Государственные (муниципальные…
Население и приравненные группы…
Территориальные сетевые организ…
Выручка отклонения по ПАО Россети на 2023 год
421.3 421.3
45 574.9 45 574.9
9 547.5 9 547.5
4 889.3 4 889.3
2 337.4 2 337.4
-1 682.6 -1 682.6
2 919.4 2 919.4
7 110.2 7 110.2
19 840.8 19 840.8
7 289.5 7 289.5
23 664.8 23 664.8
31 028.3 31 028.3
⬤ Отклонение, млн. руб
Интер РАО (для ФСК)
Промышленные потребители
Транспорт
Нефтедобыча
Нефтепереработка
Нефтепроводы
Газопроводы
Сельское хозяйство и пищевая про…
Непромышленные потребители
Государственные (муниципальные…
Население и приравненные группы…
Территориальные сетевые организ…
Динамика электропотребления, млрд. кВт.ч., по ПАО Россети на 2023 год
12 12
186 186
36 36
50 50
10 10
19 19
0 0
17 17
85 85
19 19
82 82
604 604
10 10
197 197
37 37
48 48
10 10
15 15
4 4
18 18
80 80
19 19
82 82
608 608
Факт прошлого года
Ожидаемое (прогноз до конца года)
Интер РАО(для ФСК)
Промышленныепотребители
Транспорт
Нефтедобыча
Нефтеперераб…
Нефтепроводы
Газопроводы
Сельское хозя…
Непромышлен…
Государственн…
Население иприравненныегруппыпотребителей
Территориальн…
Выручка, млрд. руб, по ПАО Россети на 2023 год
5 5
285 285
72 72
72 72
18 18
22 22
0 0
50 50
201 201
61 61
190 190
227 227
6 6
331 331
82 82
77 77
20 20
20 20
3 3
57 57
220 220
68 68
214 214
258 258
Факт прошлого года
Ожидаемое (прогноз до конца года)
Интер РАО(для ФСК)
Промышленныепотребители
Транспорт
Нефтедобыча
Нефтеперераб…
Нефтепроводы
Газопроводы
Сельское хозя…
Непромышлен…
Государственн…
Население иприравненныегруппыпотребителей
Территориальн…
абс.
%
Прогноз на месяц 
Ноябрь
КПО/Отпуск из сети 
Отпуск из сети, млн. кВт.ч
Организация 
Все
Прогноз электропотребления и выручки за услуги по передаче в разрезе отраслей'

02-12-2024T04:27:46 - [TEST_STEP][PASSED] - b7 = b7.replaceAll("[^0-9]", ""): null

02-12-2024T04:27:46 - [TEST_STEP][PASSED] - println("b7:" + b7): null

02-12-2024T04:27:46 - [TEST_STEP][PASSED] - click(findTestObject("Прогноз по отраслям/Фильтр Сравнение с Стресс")): Object: 'Object Repository/Прогноз по отраслям/Фильтр Сравнение с Стресс' is clicked on

02-12-2024T04:27:47 - [MESSAGE][PASSED] - Object: 'Object Repository/Прогноз по отраслям/Фильтр Сравнение с Стресс' is clicked on

02-12-2024T04:27:47 - [TEST_STEP][PASSED] - click(findTestObject("Прогноз по отраслям/План Стресс")): Object: 'Object Repository/Прогноз по отраслям/План Стресс' is clicked on

02-12-2024T04:27:48 - [MESSAGE][PASSED] - Object: 'Object Repository/Прогноз по отраслям/План Стресс' is clicked on

02-12-2024T04:27:48 - [TEST_STEP][PASSED] - delay(40): Delayed 40 second(s)

02-12-2024T04:28:28 - [MESSAGE][PASSED] - Delayed 40 second(s)

02-12-2024T04:28:28 - [TEST_STEP][PASSED] - b8 = getText(findTestObject("Прогноз по отраслям/Виджеты дашборда")): Text of object 'Object Repository/Прогноз по отраслям/Виджеты дашборда' is: 'Год 
2023 год
Сравнение с 
План
Отклонения по ПАО Россети на 2023 год
-492.2 -492.2
7 165.1 7 165.1
689.3 689.3
33 271.7 33 271.7
986.4 986.4
593.8 593.8
764.0 764.0
670.4 670.4
-592.4 -592.4
308.8 308.8
-940.9 -940.9
19 604.1 19 604.1
⬤ Отклонение, млн. кВт.ч
Интер РАО (для ФСК)
Промышленные потребители
Транспорт
Нефтедобыча
Нефтепереработка
Нефтепроводы
Газопроводы
Сельское хозяйство и пищевая про…
Непромышленные потребители
Государственные (муниципальные…
Население и приравненные группы…
Территориальные сетевые организ…
Выручка отклонения по ПАО Россети на 2023 год
794.9 794.9
12 195.0 12 195.0
972.7 972.7
61 803.9 61 803.9
4 222.3 4 222.3
-121.8 -121.8
666.2 666.2
873.2 873.2
5 809.6 5 809.6
1 342.6 1 342.6
-4 463.2 -4 463.2
18 375.5 18 375.5
⬤ Отклонение, млн. руб
Интер РАО (для ФСК)
Промышленные потребители
Транспорт
Нефтедобыча
Нефтепереработка
Нефтепроводы
Газопроводы
Сельское хозяйство и пищевая про…
Непромышленные потребители
Государственные (муниципальные…
Население и приравненные группы…
Территориальные сетевые организ…
Динамика электропотребления, млрд. кВт.ч., по ПАО Россети на 2023 год
10 10
190 190
36 36
14 14
9 9
14 14
4 4
17 17
80 80
19 19
82 82
588 588
10 10
197 197
37 37
48 48
10 10
15 15
4 4
18 18
80 80
19 19
82 82
608 608
План
Ожидаемое (прогноз до конца года)
Интер РАО(для ФСК)
Промышленныепотребители
Транспорт
Нефтедобыча
Нефтеперераб…
Нефтепроводы
Газопроводы
Сельское хозя…
Непромышлен…
Государственн…
Население иприравненныегруппыпотребителей
Территориальн…
Выручка, млрд. руб, по ПАО Россети на 2023 год
5 5
319 319
81 81
16 16
16 16
20 20
2 2
56 56
215 215
67 67
218 218
239 239
6 6
331 331
82 82
77 77
20 20
20 20
3 3
57 57
220 220
68 68
214 214
258 258
План
Ожидаемое (прогноз до конца года)
Интер РАО(для ФСК)
Промышленныепотребители
Транспорт
Нефтедобыча
Нефтеперераб…
Нефтепроводы
Газопроводы
Сельское хозя…
Непромышлен…
Государственн…
Население иприравненныегруппыпотребителей
Территориальн…
абс.
%
Прогноз на месяц 
Ноябрь
КПО/Отпуск из сети 
Отпуск из сети, млн. кВт.ч
Организация 
Все
Прогноз электропотребления и выручки за услуги по передаче в разрезе отраслей'

02-12-2024T04:28:29 - [MESSAGE][PASSED] - Text of object 'Object Repository/Прогноз по отраслям/Виджеты дашборда' is: 'Год 
2023 год
Сравнение с 
План
Отклонения по ПАО Россети на 2023 год
-492.2 -492.2
7 165.1 7 165.1
689.3 689.3
33 271.7 33 271.7
986.4 986.4
593.8 593.8
764.0 764.0
670.4 670.4
-592.4 -592.4
308.8 308.8
-940.9 -940.9
19 604.1 19 604.1
⬤ Отклонение, млн. кВт.ч
Интер РАО (для ФСК)
Промышленные потребители
Транспорт
Нефтедобыча
Нефтепереработка
Нефтепроводы
Газопроводы
Сельское хозяйство и пищевая про…
Непромышленные потребители
Государственные (муниципальные…
Население и приравненные группы…
Территориальные сетевые организ…
Выручка отклонения по ПАО Россети на 2023 год
794.9 794.9
12 195.0 12 195.0
972.7 972.7
61 803.9 61 803.9
4 222.3 4 222.3
-121.8 -121.8
666.2 666.2
873.2 873.2
5 809.6 5 809.6
1 342.6 1 342.6
-4 463.2 -4 463.2
18 375.5 18 375.5
⬤ Отклонение, млн. руб
Интер РАО (для ФСК)
Промышленные потребители
Транспорт
Нефтедобыча
Нефтепереработка
Нефтепроводы
Газопроводы
Сельское хозяйство и пищевая про…
Непромышленные потребители
Государственные (муниципальные…
Население и приравненные группы…
Территориальные сетевые организ…
Динамика электропотребления, млрд. кВт.ч., по ПАО Россети на 2023 год
10 10
190 190
36 36
14 14
9 9
14 14
4 4
17 17
80 80
19 19
82 82
588 588
10 10
197 197
37 37
48 48
10 10
15 15
4 4
18 18
80 80
19 19
82 82
608 608
План
Ожидаемое (прогноз до конца года)
Интер РАО(для ФСК)
Промышленныепотребители
Транспорт
Нефтедобыча
Нефтеперераб…
Нефтепроводы
Газопроводы
Сельское хозя…
Непромышлен…
Государственн…
Население иприравненныегруппыпотребителей
Территориальн…
Выручка, млрд. руб, по ПАО Россети на 2023 год
5 5
319 319
81 81
16 16
16 16
20 20
2 2
56 56
215 215
67 67
218 218
239 239
6 6
331 331
82 82
77 77
20 20
20 20
3 3
57 57
220 220
68 68
214 214
258 258
План
Ожидаемое (прогноз до конца года)
Интер РАО(для ФСК)
Промышленныепотребители
Транспорт
Нефтедобыча
Нефтеперераб…
Нефтепроводы
Газопроводы
Сельское хозя…
Непромышлен…
Государственн…
Население иприравненныегруппыпотребителей
Территориальн…
абс.
%
Прогноз на месяц 
Ноябрь
КПО/Отпуск из сети 
Отпуск из сети, млн. кВт.ч
Организация 
Все
Прогноз электропотребления и выручки за услуги по передаче в разрезе отраслей'

02-12-2024T04:28:29 - [TEST_STEP][PASSED] - b8 = b8.replaceAll("[^0-9]", ""): null

02-12-2024T04:28:29 - [TEST_STEP][PASSED] - println("b8:" + b8): null

02-12-2024T04:28:29 - [TEST_STEP][PASSED] - click(findTestObject("Прогноз по отраслям/Фильтр Сравнение с Стресс")): Object: 'Object Repository/Прогноз по отраслям/Фильтр Сравнение с Стресс' is clicked on

02-12-2024T04:28:29 - [MESSAGE][PASSED] - Object: 'Object Repository/Прогноз по отраслям/Фильтр Сравнение с Стресс' is clicked on

02-12-2024T04:28:29 - [TEST_STEP][PASSED] - click(findTestObject("Прогноз по отраслям/План СУ Стресс")): Object: 'Object Repository/Прогноз по отраслям/План СУ Стресс' is clicked on

02-12-2024T04:28:31 - [MESSAGE][PASSED] - Object: 'Object Repository/Прогноз по отраслям/План СУ Стресс' is clicked on

02-12-2024T04:28:31 - [TEST_STEP][PASSED] - delay(40): Delayed 40 second(s)

02-12-2024T04:29:11 - [MESSAGE][PASSED] - Delayed 40 second(s)

02-12-2024T04:29:11 - [TEST_STEP][PASSED] - b9 = getText(findTestObject("Прогноз по отраслям/Виджеты дашборда")): Text of object 'Object Repository/Прогноз по отраслям/Виджеты дашборда' is: 'Год 
2023 год
Сравнение с 
План/СУ
Отклонения по ПАО Россети на 2023 год
243.5 243.5
11 013.5 11 013.5
674.8 674.8
32 765.3 32 765.3
1 049.4 1 049.4
271.8 271.8
495.2 495.2
588.7 588.7
-7 607.7 -7 607.7
31.9 31.9
-1 318.1 -1 318.1
10 906.5 10 906.5
⬤ Отклонение, млн. кВт.ч
Интер РАО (для ФСК)
Промышленные потребители
Транспорт
Нефтедобыча
Нефтепереработка
Нефтепроводы
Газопроводы
Сельское хозяйство и пищевая про…
Непромышленные потребители
Государственные (муниципальные…
Население и приравненные группы…
Территориальные сетевые организ…
Выручка отклонения по ПАО Россети на 2023 год
⬤ Отклонение, млн. руб
Интер РАО (для ФСК)
Промышленные потребители
Транспорт
Нефтедобыча
Нефтепереработка
Нефтепроводы
Газопроводы
Сельское хозяйство и пищевая про…
Непромышленные потребители
Государственные (муниципальные…
Население и приравненные группы…
Территориальные сетевые организ…
Динамика электропотребления, млрд. кВт.ч., по ПАО Россети на 2023 год
10 10
186 186
36 36
15 15
9 9
14 14
4 4
17 17
88 88
19 19
83 83
597 597
10 10
197 197
37 37
48 48
10 10
15 15
4 4
18 18
80 80
19 19
82 82
608 608
СУ
Ожидаемое (прогноз до конца года)
Интер РАО(для ФСК)
Промышленныепотребители
Транспорт
Нефтедобыча
Нефтеперераб…
Нефтепроводы
Газопроводы
Сельское хозя…
Непромышлен…
Государственн…
Население иприравненныегруппыпотребителей
Территориальн…
Выручка, млрд. руб, по ПАО Россети на 2023 год
6 6
331 331
82 82
77 77
20 20
20 20
3 3
57 57
220 220
68 68
214 214
258 258
Ожидаемое (прогноз до конца года)
Интер РАО(для ФСК)
Промышленныепотребители
Транспорт
Нефтедобыча
Нефтеперераб…
Нефтепроводы
Газопроводы
Сельское хозя…
Непромышлен…
Государственн…
Население иприравненныегруппыпотребителей
Территориальн…
абс.
%
Прогноз на месяц 
Ноябрь
КПО/Отпуск из сети 
Отпуск из сети, млн. кВт.ч
Организация 
Все
Прогноз электропотребления и выручки за услуги по передаче в разрезе отраслей'

02-12-2024T04:29:11 - [MESSAGE][PASSED] - Text of object 'Object Repository/Прогноз по отраслям/Виджеты дашборда' is: 'Год 
2023 год
Сравнение с 
План/СУ
Отклонения по ПАО Россети на 2023 год
243.5 243.5
11 013.5 11 013.5
674.8 674.8
32 765.3 32 765.3
1 049.4 1 049.4
271.8 271.8
495.2 495.2
588.7 588.7
-7 607.7 -7 607.7
31.9 31.9
-1 318.1 -1 318.1
10 906.5 10 906.5
⬤ Отклонение, млн. кВт.ч
Интер РАО (для ФСК)
Промышленные потребители
Транспорт
Нефтедобыча
Нефтепереработка
Нефтепроводы
Газопроводы
Сельское хозяйство и пищевая про…
Непромышленные потребители
Государственные (муниципальные…
Население и приравненные группы…
Территориальные сетевые организ…
Выручка отклонения по ПАО Россети на 2023 год
⬤ Отклонение, млн. руб
Интер РАО (для ФСК)
Промышленные потребители
Транспорт
Нефтедобыча
Нефтепереработка
Нефтепроводы
Газопроводы
Сельское хозяйство и пищевая про…
Непромышленные потребители
Государственные (муниципальные…
Население и приравненные группы…
Территориальные сетевые организ…
Динамика электропотребления, млрд. кВт.ч., по ПАО Россети на 2023 год
10 10
186 186
36 36
15 15
9 9
14 14
4 4
17 17
88 88
19 19
83 83
597 597
10 10
197 197
37 37
48 48
10 10
15 15
4 4
18 18
80 80
19 19
82 82
608 608
СУ
Ожидаемое (прогноз до конца года)
Интер РАО(для ФСК)
Промышленныепотребители
Транспорт
Нефтедобыча
Нефтеперераб…
Нефтепроводы
Газопроводы
Сельское хозя…
Непромышлен…
Государственн…
Население иприравненныегруппыпотребителей
Территориальн…
Выручка, млрд. руб, по ПАО Россети на 2023 год
6 6
331 331
82 82
77 77
20 20
20 20
3 3
57 57
220 220
68 68
214 214
258 258
Ожидаемое (прогноз до конца года)
Интер РАО(для ФСК)
Промышленныепотребители
Транспорт
Нефтедобыча
Нефтеперераб…
Нефтепроводы
Газопроводы
Сельское хозя…
Непромышлен…
Государственн…
Население иприравненныегруппыпотребителей
Территориальн…
абс.
%
Прогноз на месяц 
Ноябрь
КПО/Отпуск из сети 
Отпуск из сети, млн. кВт.ч
Организация 
Все
Прогноз электропотребления и выручки за услуги по передаче в разрезе отраслей'

02-12-2024T04:29:11 - [TEST_STEP][PASSED] - b9 = b9.replaceAll("[^0-9]", ""): null

02-12-2024T04:29:11 - [TEST_STEP][PASSED] - println("b9:" + b9): null

02-12-2024T04:29:11 - [TEST_STEP][PASSED] - click(findTestObject("Прогноз по отраслям/Фильтр Сравнение с Стресс")): Object: 'Object Repository/Прогноз по отраслям/Фильтр Сравнение с Стресс' is clicked on

02-12-2024T04:29:12 - [MESSAGE][PASSED] - Object: 'Object Repository/Прогноз по отраслям/Фильтр Сравнение с Стресс' is clicked on

02-12-2024T04:29:12 - [TEST_STEP][PASSED] - click(findTestObject("Прогноз по отраслям/Факт прошлого года Стресс")): Object: 'Object Repository/Прогноз по отраслям/Факт прошлого года Стресс' is clicked on

02-12-2024T04:29:13 - [MESSAGE][PASSED] - Object: 'Object Repository/Прогноз по отраслям/Факт прошлого года Стресс' is clicked on

02-12-2024T04:29:13 - [TEST_STEP][PASSED] - click(findTestObject("Прогноз по отраслям/Фильтр КПО-Отпуск Стресс")): Object: 'Object Repository/Прогноз по отраслям/Фильтр КПО-Отпуск Стресс' is clicked on

02-12-2024T04:29:15 - [MESSAGE][PASSED] - Object: 'Object Repository/Прогноз по отраслям/Фильтр КПО-Отпуск Стресс' is clicked on

02-12-2024T04:29:15 - [TEST_STEP][PASSED] - click(findTestObject("Прогноз по отраслям/КПО Стресс")): Object: 'Object Repository/Прогноз по отраслям/КПО Стресс' is clicked on

02-12-2024T04:29:16 - [MESSAGE][PASSED] - Object: 'Object Repository/Прогноз по отраслям/КПО Стресс' is clicked on

02-12-2024T04:29:16 - [TEST_STEP][PASSED] - delay(40): Delayed 40 second(s)

02-12-2024T04:29:56 - [MESSAGE][PASSED] - Delayed 40 second(s)

02-12-2024T04:29:56 - [TEST_STEP][PASSED] - b10 = getText(findTestObject("Прогноз по отраслям/Виджеты дашборда")): Text of object 'Object Repository/Прогноз по отраслям/Виджеты дашборда' is: 'Год 
2023 год
Сравнение с 
Факт прошлого года
Отклонения по ПАО Россети на 2023 год
0.0 0.0
646.5 646.5
341.1 341.1
-2 455.6 -2 455.6
245.6 245.6
-1 796.0 -1 796.0
676.2 676.2
452.4 452.4
1 386.2 1 386.2
527.5 527.5
-1 130.4 -1 130.4
-128.7 -128.7
⬤ Отклонение, млн. кВт.ч
Интер РАО (для ФСК)
Промышленные потребители
Транспорт
Нефтедобыча
Нефтепереработка
Нефтепроводы
Газопроводы
Сельское хозяйство и пищевая про…
Непромышленные потребители
Государственные (муниципальные…
Население и приравненные группы…
Территориальные сетевые организ…
Выручка отклонения по ПАО Россети на 2023 год
421.3 421.3
45 574.9 45 574.9
9 547.5 9 547.5
4 889.3 4 889.3
2 337.4 2 337.4
-1 682.6 -1 682.6
2 919.4 2 919.4
7 110.2 7 110.2
19 840.8 19 840.8
7 289.5 7 289.5
23 664.8 23 664.8
31 028.3 31 028.3
⬤ Отклонение, млн. руб
Интер РАО (для ФСК)
Промышленные потребители
Транспорт
Нефтедобыча
Нефтепереработка
Нефтепроводы
Газопроводы
Сельское хозяйство и пищевая про…
Непромышленные потребители
Государственные (муниципальные…
Население и приравненные группы…
Территориальные сетевые организ…
Динамика электропотребления, млрд. кВт.ч., по ПАО Россети на 2023 год
0 0
120 120
38 38
41 41
8 8
10 10
0 0
19 19
77 77
25 25
122 122
61 61
0 0
120 120
39 39
39 39
8 8
8 8
1 1
20 20
78 78
26 26
121 121
60 60
Факт прошлого года
Ожидаемое (прогноз до конца года)
Интер РАО(для ФСК)
Промышленныепотребители
Транспорт
Нефтедобыча
Нефтеперераб…
Нефтепроводы
Газопроводы
Сельское хозя…
Непромышлен…
Государственн…
Население иприравненныегруппыпотребителей
Территориальн…
Выручка, млрд. руб, по ПАО Россети на 2023 год
5 5
285 285
72 72
72 72
18 18
22 22
0 0
50 50
201 201
61 61
190 190
227 227
6 6
331 331
82 82
77 77
20 20
20 20
3 3
57 57
220 220
68 68
214 214
258 258
Факт прошлого года
Ожидаемое (прогноз до конца года)
Интер РАО(для ФСК)
Промышленныепотребители
Транспорт
Нефтедобыча
Нефтеперераб…
Нефтепроводы
Газопроводы
Сельское хозя…
Непромышлен…
Государственн…
Население иприравненныегруппыпотребителей
Территориальн…
абс.
%
Прогноз на месяц 
Ноябрь
КПО/Отпуск из сети 
Котловой полезный отпуск, млн. кВт.ч
Организация 
Все
Прогноз электропотребления и выручки за услуги по передаче в разрезе отраслей'

02-12-2024T04:29:57 - [MESSAGE][PASSED] - Text of object 'Object Repository/Прогноз по отраслям/Виджеты дашборда' is: 'Год 
2023 год
Сравнение с 
Факт прошлого года
Отклонения по ПАО Россети на 2023 год
0.0 0.0
646.5 646.5
341.1 341.1
-2 455.6 -2 455.6
245.6 245.6
-1 796.0 -1 796.0
676.2 676.2
452.4 452.4
1 386.2 1 386.2
527.5 527.5
-1 130.4 -1 130.4
-128.7 -128.7
⬤ Отклонение, млн. кВт.ч
Интер РАО (для ФСК)
Промышленные потребители
Транспорт
Нефтедобыча
Нефтепереработка
Нефтепроводы
Газопроводы
Сельское хозяйство и пищевая про…
Непромышленные потребители
Государственные (муниципальные…
Население и приравненные группы…
Территориальные сетевые организ…
Выручка отклонения по ПАО Россети на 2023 год
421.3 421.3
45 574.9 45 574.9
9 547.5 9 547.5
4 889.3 4 889.3
2 337.4 2 337.4
-1 682.6 -1 682.6
2 919.4 2 919.4
7 110.2 7 110.2
19 840.8 19 840.8
7 289.5 7 289.5
23 664.8 23 664.8
31 028.3 31 028.3
⬤ Отклонение, млн. руб
Интер РАО (для ФСК)
Промышленные потребители
Транспорт
Нефтедобыча
Нефтепереработка
Нефтепроводы
Газопроводы
Сельское хозяйство и пищевая про…
Непромышленные потребители
Государственные (муниципальные…
Население и приравненные группы…
Территориальные сетевые организ…
Динамика электропотребления, млрд. кВт.ч., по ПАО Россети на 2023 год
0 0
120 120
38 38
41 41
8 8
10 10
0 0
19 19
77 77
25 25
122 122
61 61
0 0
120 120
39 39
39 39
8 8
8 8
1 1
20 20
78 78
26 26
121 121
60 60
Факт прошлого года
Ожидаемое (прогноз до конца года)
Интер РАО(для ФСК)
Промышленныепотребители
Транспорт
Нефтедобыча
Нефтеперераб…
Нефтепроводы
Газопроводы
Сельское хозя…
Непромышлен…
Государственн…
Население иприравненныегруппыпотребителей
Территориальн…
Выручка, млрд. руб, по ПАО Россети на 2023 год
5 5
285 285
72 72
72 72
18 18
22 22
0 0
50 50
201 201
61 61
190 190
227 227
6 6
331 331
82 82
77 77
20 20
20 20
3 3
57 57
220 220
68 68
214 214
258 258
Факт прошлого года
Ожидаемое (прогноз до конца года)
Интер РАО(для ФСК)
Промышленныепотребители
Транспорт
Нефтедобыча
Нефтеперераб…
Нефтепроводы
Газопроводы
Сельское хозя…
Непромышлен…
Государственн…
Население иприравненныегруппыпотребителей
Территориальн…
абс.
%
Прогноз на месяц 
Ноябрь
КПО/Отпуск из сети 
Котловой полезный отпуск, млн. кВт.ч
Организация 
Все
Прогноз электропотребления и выручки за услуги по передаче в разрезе отраслей'

02-12-2024T04:29:57 - [TEST_STEP][PASSED] - b10 = b10.replaceAll("[^0-9]", ""): null

02-12-2024T04:29:57 - [TEST_STEP][PASSED] - println("b10:" + b10): null

02-12-2024T04:29:57 - [TEST_STEP][PASSED] - click(findTestObject("Прогноз по отраслям/Фильтр Сравнение с Стресс")): Object: 'Object Repository/Прогноз по отраслям/Фильтр Сравнение с Стресс' is clicked on

02-12-2024T04:29:57 - [MESSAGE][PASSED] - Object: 'Object Repository/Прогноз по отраслям/Фильтр Сравнение с Стресс' is clicked on

02-12-2024T04:29:57 - [TEST_STEP][PASSED] - click(findTestObject("Прогноз по отраслям/План Стресс")): Object: 'Object Repository/Прогноз по отраслям/План Стресс' is clicked on

02-12-2024T04:29:59 - [MESSAGE][PASSED] - Object: 'Object Repository/Прогноз по отраслям/План Стресс' is clicked on

02-12-2024T04:29:59 - [TEST_STEP][PASSED] - delay(40): Delayed 40 second(s)

02-12-2024T04:30:39 - [MESSAGE][PASSED] - Delayed 40 second(s)

02-12-2024T04:30:39 - [TEST_STEP][PASSED] - b11 = getText(findTestObject("Прогноз по отраслям/Виджеты дашборда")): Text of object 'Object Repository/Прогноз по отраслям/Виджеты дашборда' is: 'Год 
2023 год
Сравнение с 
План
Отклонения по ПАО Россети на 2023 год
0.0 0.0
1 471.7 1 471.7
1 186.5 1 186.5
32 445.2 32 445.2
1 268.3 1 268.3
349.4 349.4
84.3 84.3
239.8 239.8
2 969.4 2 969.4
589.2 589.2
-1 798.4 -1 798.4
5 359.3 5 359.3
⬤ Отклонение, млн. кВт.ч
Интер РАО (для ФСК)
Промышленные потребители
Транспорт
Нефтедобыча
Нефтепереработка
Нефтепроводы
Газопроводы
Сельское хозяйство и пищевая про…
Непромышленные потребители
Государственные (муниципальные…
Население и приравненные группы…
Территориальные сетевые организ…
Выручка отклонения по ПАО Россети на 2023 год
794.9 794.9
12 195.0 12 195.0
972.7 972.7
61 803.9 61 803.9
4 222.3 4 222.3
-121.8 -121.8
666.2 666.2
873.2 873.2
5 809.6 5 809.6
1 342.6 1 342.6
-4 463.2 -4 463.2
18 375.5 18 375.5
⬤ Отклонение, млн. руб
Интер РАО (для ФСК)
Промышленные потребители
Транспорт
Нефтедобыча
Нефтепереработка
Нефтепроводы
Газопроводы
Сельское хозяйство и пищевая про…
Непромышленные потребители
Государственные (муниципальные…
Население и приравненные группы…
Территориальные сетевые организ…
Динамика электропотребления, млрд. кВт.ч., по ПАО Россети на 2023 год
0 0
119 119
37 37
7 7
7 7
8 8
1 1
19 19
75 75
25 25
123 123
55 55
0 0
120 120
39 39
39 39
8 8
8 8
1 1
20 20
78 78
26 26
121 121
60 60
План
Ожидаемое (прогноз до конца года)
Интер РАО(для ФСК)
Промышленныепотребители
Транспорт
Нефтедобыча
Нефтеперераб…
Нефтепроводы
Газопроводы
Сельское хозя…
Непромышлен…
Государственн…
Население иприравненныегруппыпотребителей
Территориальн…
Выручка, млрд. руб, по ПАО Россети на 2023 год
5 5
319 319
81 81
16 16
16 16
20 20
2 2
56 56
215 215
67 67
218 218
239 239
6 6
331 331
82 82
77 77
20 20
20 20
3 3
57 57
220 220
68 68
214 214
258 258
План
Ожидаемое (прогноз до конца года)
Интер РАО(для ФСК)
Промышленныепотребители
Транспорт
Нефтедобыча
Нефтеперераб…
Нефтепроводы
Газопроводы
Сельское хозя…
Непромышлен…
Государственн…
Население иприравненныегруппыпотребителей
Территориальн…
абс.
%
Прогноз на месяц 
Ноябрь
КПО/Отпуск из сети 
Котловой полезный отпуск, млн. кВт.ч
Организация 
Все
Прогноз электропотребления и выручки за услуги по передаче в разрезе отраслей'

02-12-2024T04:30:40 - [MESSAGE][PASSED] - Text of object 'Object Repository/Прогноз по отраслям/Виджеты дашборда' is: 'Год 
2023 год
Сравнение с 
План
Отклонения по ПАО Россети на 2023 год
0.0 0.0
1 471.7 1 471.7
1 186.5 1 186.5
32 445.2 32 445.2
1 268.3 1 268.3
349.4 349.4
84.3 84.3
239.8 239.8
2 969.4 2 969.4
589.2 589.2
-1 798.4 -1 798.4
5 359.3 5 359.3
⬤ Отклонение, млн. кВт.ч
Интер РАО (для ФСК)
Промышленные потребители
Транспорт
Нефтедобыча
Нефтепереработка
Нефтепроводы
Газопроводы
Сельское хозяйство и пищевая про…
Непромышленные потребители
Государственные (муниципальные…
Население и приравненные группы…
Территориальные сетевые организ…
Выручка отклонения по ПАО Россети на 2023 год
794.9 794.9
12 195.0 12 195.0
972.7 972.7
61 803.9 61 803.9
4 222.3 4 222.3
-121.8 -121.8
666.2 666.2
873.2 873.2
5 809.6 5 809.6
1 342.6 1 342.6
-4 463.2 -4 463.2
18 375.5 18 375.5
⬤ Отклонение, млн. руб
Интер РАО (для ФСК)
Промышленные потребители
Транспорт
Нефтедобыча
Нефтепереработка
Нефтепроводы
Газопроводы
Сельское хозяйство и пищевая про…
Непромышленные потребители
Государственные (муниципальные…
Население и приравненные группы…
Территориальные сетевые организ…
Динамика электропотребления, млрд. кВт.ч., по ПАО Россети на 2023 год
0 0
119 119
37 37
7 7
7 7
8 8
1 1
19 19
75 75
25 25
123 123
55 55
0 0
120 120
39 39
39 39
8 8
8 8
1 1
20 20
78 78
26 26
121 121
60 60
План
Ожидаемое (прогноз до конца года)
Интер РАО(для ФСК)
Промышленныепотребители
Транспорт
Нефтедобыча
Нефтеперераб…
Нефтепроводы
Газопроводы
Сельское хозя…
Непромышлен…
Государственн…
Население иприравненныегруппыпотребителей
Территориальн…
Выручка, млрд. руб, по ПАО Россети на 2023 год
5 5
319 319
81 81
16 16
16 16
20 20
2 2
56 56
215 215
67 67
218 218
239 239
6 6
331 331
82 82
77 77
20 20
20 20
3 3
57 57
220 220
68 68
214 214
258 258
План
Ожидаемое (прогноз до конца года)
Интер РАО(для ФСК)
Промышленныепотребители
Транспорт
Нефтедобыча
Нефтеперераб…
Нефтепроводы
Газопроводы
Сельское хозя…
Непромышлен…
Государственн…
Население иприравненныегруппыпотребителей
Территориальн…
абс.
%
Прогноз на месяц 
Ноябрь
КПО/Отпуск из сети 
Котловой полезный отпуск, млн. кВт.ч
Организация 
Все
Прогноз электропотребления и выручки за услуги по передаче в разрезе отраслей'

02-12-2024T04:30:40 - [TEST_STEP][PASSED] - println("b11:" + b11): null

02-12-2024T04:30:40 - [TEST_STEP][PASSED] - b11 = b11.replaceAll("[^0-9]", ""): null

02-12-2024T04:30:40 - [TEST_STEP][PASSED] - println("b11:" + b11): null

02-12-2024T04:30:40 - [TEST_STEP][PASSED] - click(findTestObject("Прогноз по отраслям/Фильтр Сравнение с Стресс")): Object: 'Object Repository/Прогноз по отраслям/Фильтр Сравнение с Стресс' is clicked on

02-12-2024T04:30:40 - [MESSAGE][PASSED] - Object: 'Object Repository/Прогноз по отраслям/Фильтр Сравнение с Стресс' is clicked on

02-12-2024T04:30:40 - [TEST_STEP][PASSED] - click(findTestObject("Прогноз по отраслям/План СУ Стресс")): Object: 'Object Repository/Прогноз по отраслям/План СУ Стресс' is clicked on

02-12-2024T04:30:41 - [MESSAGE][PASSED] - Object: 'Object Repository/Прогноз по отраслям/План СУ Стресс' is clicked on

02-12-2024T04:30:41 - [TEST_STEP][PASSED] - delay(40): Delayed 40 second(s)

02-12-2024T04:31:21 - [MESSAGE][PASSED] - Delayed 40 second(s)

02-12-2024T04:31:21 - [TEST_STEP][PASSED] - b12 = getText(findTestObject("Прогноз по отраслям/Виджеты дашборда")): Text of object 'Object Repository/Прогноз по отраслям/Виджеты дашборда' is: 'Год 
2023 год
Сравнение с 
План/СУ
Отклонения по ПАО Россети на 2023 год
0.0 0.0
120 322.6 120 322.6
38 655.4 38 655.4
39 037.8 39 037.8
8 291.7 8 291.7
8 259.5 8 259.5
793.1 793.1
19 706.6 19 706.6
78 310.2 78 310.2
25 579.5 25 579.5
121 219.7 121 219.7
60 414.9 60 414.9
⬤ Отклонение, млн. кВт.ч
Интер РАО (для ФСК)
Промышленные потребители
Транспорт
Нефтедобыча
Нефтепереработка
Нефтепроводы
Газопроводы
Сельское хозяйство и пищевая про…
Непромышленные потребители
Государственные (муниципальные…
Население и приравненные группы…
Территориальные сетевые организ…
Выручка отклонения по ПАО Россети на 2023 год
⬤ Отклонение, млн. руб
Интер РАО (для ФСК)
Промышленные потребители
Транспорт
Нефтедобыча
Нефтепереработка
Нефтепроводы
Газопроводы
Сельское хозяйство и пищевая про…
Непромышленные потребители
Государственные (муниципальные…
Население и приравненные группы…
Территориальные сетевые организ…
Динамика электропотребления, млрд. кВт.ч., по ПАО Россети на 2023 год
0 0
0 0
0 0
0 0
0 0
0 0
0 0
0 0
0 0
0 0
0 0
0 0
0 0
120 120
39 39
39 39
8 8
8 8
1 1
20 20
78 78
26 26
121 121
60 60
СУ
Ожидаемое (прогноз до конца года)
Интер РАО(для ФСК)
Промышленныепотребители
Транспорт
Нефтедобыча
Нефтеперераб…
Нефтепроводы
Газопроводы
Сельское хозя…
Непромышлен…
Государственн…
Население иприравненныегруппыпотребителей
Территориальн…
Выручка, млрд. руб, по ПАО Россети на 2023 год
6 6
331 331
82 82
77 77
20 20
20 20
3 3
57 57
220 220
68 68
214 214
258 258
Ожидаемое (прогноз до конца года)
Интер РАО(для ФСК)
Промышленныепотребители
Транспорт
Нефтедобыча
Нефтеперераб…
Нефтепроводы
Газопроводы
Сельское хозя…
Непромышлен…
Государственн…
Население иприравненныегруппыпотребителей
Территориальн…
абс.
%
Прогноз на месяц 
Ноябрь
КПО/Отпуск из сети 
Котловой полезный отпуск, млн. кВт.ч
Организация 
Все
Прогноз электропотребления и выручки за услуги по передаче в разрезе отраслей'

02-12-2024T04:31:22 - [MESSAGE][PASSED] - Text of object 'Object Repository/Прогноз по отраслям/Виджеты дашборда' is: 'Год 
2023 год
Сравнение с 
План/СУ
Отклонения по ПАО Россети на 2023 год
0.0 0.0
120 322.6 120 322.6
38 655.4 38 655.4
39 037.8 39 037.8
8 291.7 8 291.7
8 259.5 8 259.5
793.1 793.1
19 706.6 19 706.6
78 310.2 78 310.2
25 579.5 25 579.5
121 219.7 121 219.7
60 414.9 60 414.9
⬤ Отклонение, млн. кВт.ч
Интер РАО (для ФСК)
Промышленные потребители
Транспорт
Нефтедобыча
Нефтепереработка
Нефтепроводы
Газопроводы
Сельское хозяйство и пищевая про…
Непромышленные потребители
Государственные (муниципальные…
Население и приравненные группы…
Территориальные сетевые организ…
Выручка отклонения по ПАО Россети на 2023 год
⬤ Отклонение, млн. руб
Интер РАО (для ФСК)
Промышленные потребители
Транспорт
Нефтедобыча
Нефтепереработка
Нефтепроводы
Газопроводы
Сельское хозяйство и пищевая про…
Непромышленные потребители
Государственные (муниципальные…
Население и приравненные группы…
Территориальные сетевые организ…
Динамика электропотребления, млрд. кВт.ч., по ПАО Россети на 2023 год
0 0
0 0
0 0
0 0
0 0
0 0
0 0
0 0
0 0
0 0
0 0
0 0
0 0
120 120
39 39
39 39
8 8
8 8
1 1
20 20
78 78
26 26
121 121
60 60
СУ
Ожидаемое (прогноз до конца года)
Интер РАО(для ФСК)
Промышленныепотребители
Транспорт
Нефтедобыча
Нефтеперераб…
Нефтепроводы
Газопроводы
Сельское хозя…
Непромышлен…
Государственн…
Население иприравненныегруппыпотребителей
Территориальн…
Выручка, млрд. руб, по ПАО Россети на 2023 год
6 6
331 331
82 82
77 77
20 20
20 20
3 3
57 57
220 220
68 68
214 214
258 258
Ожидаемое (прогноз до конца года)
Интер РАО(для ФСК)
Промышленныепотребители
Транспорт
Нефтедобыча
Нефтеперераб…
Нефтепроводы
Газопроводы
Сельское хозя…
Непромышлен…
Государственн…
Население иприравненныегруппыпотребителей
Территориальн…
абс.
%
Прогноз на месяц 
Ноябрь
КПО/Отпуск из сети 
Котловой полезный отпуск, млн. кВт.ч
Организация 
Все
Прогноз электропотребления и выручки за услуги по передаче в разрезе отраслей'

02-12-2024T04:31:22 - [TEST_STEP][PASSED] - b12 = b12.replaceAll("[^0-9]", ""): null

02-12-2024T04:31:22 - [TEST_STEP][PASSED] - println("b12:" + b12): null

02-12-2024T04:31:22 - [TEST_STEP][PASSED] - if (verifyEqual(a1, b1) == true): Actual object '20232023121218618636365050101019190017178585191982826046041010197197373748481010151544181880801919828260860820235528528572727272181822220050502012016161190190227227663313318282777720202020335757220220686821421425825820231851855959363639390909207207331323313238385656131309090707202377771601601321326767133133777713315133151421429999120120124124137137' and expected object '20232023121218618636365050101019190017178585191982826046041010197197373748481010151544181880801919828260860820235528528572727272181822220050502012016161190190227227663313318282777720202020335757220220686821421425825820231851855959363639390909207207331323313238385656131309090707202377771601601321326767133133777713315133151421429999120120124124137137' are equal

02-12-2024T04:31:22 - [MESSAGE][PASSED] - Actual object '20232023121218618636365050101019190017178585191982826046041010197197373748481010151544181880801919828260860820235528528572727272181822220050502012016161190190227227663313318282777720202020335757220220686821421425825820231851855959363639390909207207331323313238385656131309090707202377771601601321326767133133777713315133151421429999120120124124137137' and expected object '20232023121218618636365050101019190017178585191982826046041010197197373748481010151544181880801919828260860820235528528572727272181822220050502012016161190190227227663313318282777720202020335757220220686821421425825820231851855959363639390909207207331323313238385656131309090707202377771601601321326767133133777713315133151421429999120120124124137137' are equal

02-12-2024T04:31:22 - [TEST_STEP][PASSED] - if (verifyEqual(a2, b2) == true): Actual object '202320231010190190363614149914144417178080191982825885881010197197373748481010151544181880801919828260860820235531931981811616161620202256562152156767218218239239663313318282777720202020335757220220686821421425825820234747383819192303230310910942422172173939060616161010333320231561563838121239823982269269060626926915152727202020207979' and expected object '202320231010190190363614149914144417178080191982825885881010197197373748481010151544181880801919828260860820235531931981811616161620202256562152156767218218239239663313318282777720202020335757220220686821421425825820234747383819192303230310910942422172173939060616161010333320231561563838121239823982269269060626926915152727202020207979' are equal

02-12-2024T04:31:22 - [MESSAGE][PASSED] - Actual object '202320231010190190363614149914144417178080191982825885881010197197373748481010151544181880801919828260860820235531931981811616161620202256562152156767218218239239663313318282777720202020335757220220686821421425825820234747383819192303230310910942422172173939060616161010333320231561563838121239823982269269060626926915152727202020207979' and expected object '202320231010190190363614149914144417178080191982825885881010197197373748481010151544181880801919828260860820235531931981811616161620202256562152156767218218239239663313318282777720202020335757220220686821421425825820234747383819192303230310910942422172173939060616161010333320231561563838121239823982269269060626926915152727202020207979' are equal

02-12-2024T04:31:22 - [TEST_STEP][PASSED] - if (verifyEqual(a3, b3) == true): Actual object '2023202310101861863636151599141444171788881919838359759710101971973737484810101515441818808019198282608608202366331331828277772020202033575722022068682142142582582023252559591919219121911171171919131131353587870202161618182023' and expected object '2023202310101861863636151599141444171788881919838359759710101971973737484810101515441818808019198282608608202366331331828277772020202033575722022068682142142582582023252559591919219121911171171919131131353587870202161618182023' are equal

02-12-2024T04:31:22 - [MESSAGE][PASSED] - Actual object '2023202310101861863636151599141444171788881919838359759710101971973737484810101515441818808019198282608608202366331331828277772020202033575722022068682142142582582023252559591919219121911171171919131131353587870202161618182023' and expected object '2023202310101861863636151599141444171788881919838359759710101971973737484810101515441818808019198282608608202366331331828277772020202033575722022068682142142582582023252559591919219121911171171919131131353587870202161618182023' are equal

02-12-2024T04:31:22 - [TEST_STEP][PASSED] - if (verifyEqual(a4, b4) == true): Actual object '20232023001201203838414188101000191977772525122122616100120120393939398888112020787826261211216060202355285285727272721818222200505020120161611901902272276633133182827777202020203357572202206868214214258258202305050909595931311791795784578423231818212109090202202377771601601321326767133133777713315133151421429999120120124124137137' and expected object '20232023001201203838414188101000191977772525122122616100120120393939398888112020787826261211216060202355285285727272721818222200505020120161611901902272276633133182827777202020203357572202206868214214258258202305050909595931311791795784578423231818212109090202202377771601601321326767133133777713315133151421429999120120124124137137' are equal

02-12-2024T04:31:22 - [MESSAGE][PASSED] - Actual object '20232023001201203838414188101000191977772525122122616100120120393939398888112020787826261211216060202355285285727272721818222200505020120161611901902272276633133182827777202020203357572202206868214214258258202305050909595931311791795784578423231818212109090202202377771601601321326767133133777713315133151421429999120120124124137137' and expected object '20232023001201203838414188101000191977772525122122616100120120393939398888112020787826261211216060202355285285727272721818222200505020120161611901902272276633133182827777202020203357572202206868214214258258202305050909595931311791795784578423231818212109090202202377771601601321326767133133777713315133151421429999120120124124137137' are equal

02-12-2024T04:31:22 - [TEST_STEP][PASSED] - if (verifyEqual(a5, b5) == true): Actual object '20232023001191193737777788111919757525251231235555001201203939393988881120207878262612112160602023553193198181161616162020225656215215676721821823923966331331828277772020202033575722022068682142142582582023121232324921492118118144441191191212414124241414979720231561563838121239823982269269060626926915152727202020207979' and expected object '20232023001191193737777788111919757525251231235555001201203939393988881120207878262612112160602023553193198181161616162020225656215215676721821823923966331331828277772020202033575722022068682142142582582023121232324921492118118144441191191212414124241414979720231561563838121239823982269269060626926915152727202020207979' are equal

02-12-2024T04:31:22 - [MESSAGE][PASSED] - Actual object '20232023001191193737777788111919757525251231235555001201203939393988881120207878262612112160602023553193198181161616162020225656215215676721821823923966331331828277772020202033575722022068682142142582582023121232324921492118118144441191191212414124241414979720231561563838121239823982269269060626926915152727202020207979' and expected object '20232023001191193737777788111919757525251231235555001201203939393988881120207878262612112160602023553193198181161616162020225656215215676721821823923966331331828277772020202033575722022068682142142582582023121232324921492118118144441191191212414124241414979720231561563838121239823982269269060626926915152727202020207979' are equal

02-12-2024T04:31:22 - [TEST_STEP][PASSED] - if (verifyEqual(a6, b6) == true): Actual object '20232023000000000000000000000000001201203939393988881120207878262612112160602023663313318282777720202020335757220220686821421425825820232023' and expected object '20232023000000000000000000000000001201203939393988881120207878262612112160602023663313318282777720202020335757220220686821421425825820232023' are equal

02-12-2024T04:31:22 - [MESSAGE][PASSED] - Actual object '20232023000000000000000000000000001201203939393988881120207878262612112160602023663313318282777720202020335757220220686821421425825820232023' and expected object '20232023000000000000000000000000001201203939393988881120207878262612112160602023663313318282777720202020335757220220686821421425825820232023' are equal

02-12-2024T04:31:22 - [TEST_STEP][PASSED] - if (verifyEqual(a7, b7) == true): Actual object '202320232263522635110546110546128021280219475194759099093845038450416214162165176517472774727725652565723972394292342923202342134213455749455749954759547548893488932337423374168261682629194291947110271102198408198408728957289523664823664831028331028320231212186186363650501010191900171785851919828260460410101971973737484810101515441818808019198282608608202355285285727272721818222200505020120161611901902272276633133182827777202020203357572202206868214214258258' and expected object '202320232263522635110546110546128021280219475194759099093845038450416214162165176517472774727725652565723972394292342923202342134213455749455749954759547548893488932337423374168261682629194291947110271102198408198408728957289523664823664831028331028320231212186186363650501010191900171785851919828260460410101971973737484810101515441818808019198282608608202355285285727272721818222200505020120161611901902272276633133182827777202020203357572202206868214214258258' are equal

02-12-2024T04:31:22 - [MESSAGE][PASSED] - Actual object '202320232263522635110546110546128021280219475194759099093845038450416214162165176517472774727725652565723972394292342923202342134213455749455749954759547548893488932337423374168261682629194291947110271102198408198408728957289523664823664831028331028320231212186186363650501010191900171785851919828260460410101971973737484810101515441818808019198282608608202355285285727272721818222200505020120161611901902272276633133182827777202020203357572202206868214214258258' and expected object '202320232263522635110546110546128021280219475194759099093845038450416214162165176517472774727725652565723972394292342923202342134213455749455749954759547548893488932337423374168261682629194291947110271102198408198408728957289523664823664831028331028320231212186186363650501010191900171785851919828260460410101971973737484810101515441818808019198282608608202355285285727272721818222200505020120161611901902272276633133182827777202020203357572202206868214214258258' are equal

02-12-2024T04:31:22 - [TEST_STEP][PASSED] - if (verifyEqual(a8, b8) == true): Actual object '202320234922492271651716516893689333271733271798649864593859387640764067046704592459243088308894099409196041196041202379497949121950121950972797276180396180394222342223121812186662666287328732580965809613426134264463244632183755183755202310101901903636141499141444171780801919828258858810101971973737484810101515441818808019198282608608202355319319818116161616202022565621521567672182182392396633133182827777202020203357572202206868214214258258' and expected object '202320234922492271651716516893689333271733271798649864593859387640764067046704592459243088308894099409196041196041202379497949121950121950972797276180396180394222342223121812186662666287328732580965809613426134264463244632183755183755202310101901903636141499141444171780801919828258858810101971973737484810101515441818808019198282608608202355319319818116161616202022565621521567672182182392396633133182827777202020203357572202206868214214258258' are equal

02-12-2024T04:31:22 - [MESSAGE][PASSED] - Actual object '202320234922492271651716516893689333271733271798649864593859387640764067046704592459243088308894099409196041196041202379497949121950121950972797276180396180394222342223121812186662666287328732580965809613426134264463244632183755183755202310101901903636141499141444171780801919828258858810101971973737484810101515441818808019198282608608202355319319818116161616202022565621521567672182182392396633133182827777202020203357572202206868214214258258' and expected object '202320234922492271651716516893689333271733271798649864593859387640764067046704592459243088308894099409196041196041202379497949121950121950972797276180396180394222342223121812186662666287328732580965809613426134264463244632183755183755202310101901903636141499141444171780801919828258858810101971973737484810101515441818808019198282608608202355319319818116161616202022565621521567672182182392396633133182827777202020203357572202206868214214258258' are equal

02-12-2024T04:31:22 - [TEST_STEP][PASSED] - if (verifyEqual(a9, b9) == true): Actual object '202320232435243511013511013567486748327653327653104941049427182718495249525887588776077760773193191318113181109065109065202320231010186186363615159914144417178888191983835975971010197197373748481010151544181880801919828260860820236633133182827777202020203357572202206868214214258258' and expected object '202320232435243511013511013567486748327653327653104941049427182718495249525887588776077760773193191318113181109065109065202320231010186186363615159914144417178888191983835975971010197197373748481010151544181880801919828260860820236633133182827777202020203357572202206868214214258258' are equal

02-12-2024T04:31:22 - [MESSAGE][PASSED] - Actual object '202320232435243511013511013567486748327653327653104941049427182718495249525887588776077760773193191318113181109065109065202320231010186186363615159914144417178888191983835975971010197197373748481010151544181880801919828260860820236633133182827777202020203357572202206868214214258258' and expected object '202320232435243511013511013567486748327653327653104941049427182718495249525887588776077760773193191318113181109065109065202320231010186186363615159914144417178888191983835975971010197197373748481010151544181880801919828260860820236633133182827777202020203357572202206868214214258258' are equal

02-12-2024T04:31:22 - [TEST_STEP][PASSED] - if (verifyEqual(a10, b10) == true): Actual object '20232023000064656465341134112455624556245624561796017960676267624524452413862138625275527511304113041287128720234213421345574945574995475954754889348893233742337416826168262919429194711027110219840819840872895728952366482366483102833102832023001201203838414188101000191977772525122122616100120120393939398888112020787826261211216060202355285285727272721818222200505020120161611901902272276633133182827777202020203357572202206868214214258258' and expected object '20232023000064656465341134112455624556245624561796017960676267624524452413862138625275527511304113041287128720234213421345574945574995475954754889348893233742337416826168262919429194711027110219840819840872895728952366482366483102833102832023001201203838414188101000191977772525122122616100120120393939398888112020787826261211216060202355285285727272721818222200505020120161611901902272276633133182827777202020203357572202206868214214258258' are equal

02-12-2024T04:31:22 - [MESSAGE][PASSED] - Actual object '20232023000064656465341134112455624556245624561796017960676267624524452413862138625275527511304113041287128720234213421345574945574995475954754889348893233742337416826168262919429194711027110219840819840872895728952366482366483102833102832023001201203838414188101000191977772525122122616100120120393939398888112020787826261211216060202355285285727272721818222200505020120161611901902272276633133182827777202020203357572202206868214214258258' and expected object '20232023000064656465341134112455624556245624561796017960676267624524452413862138625275527511304113041287128720234213421345574945574995475954754889348893233742337416826168262919429194711027110219840819840872895728952366482366483102833102832023001201203838414188101000191977772525122122616100120120393939398888112020787826261211216060202355285285727272721818222200505020120161611901902272276633133182827777202020203357572202206868214214258258' are equal

02-12-2024T04:31:22 - [TEST_STEP][PASSED] - if (verifyEqual(a11, b11) == true): Actual object '202320230000147171471711865118653244523244521268312683349434948438432398239829694296945892589217984179845359353593202379497949121950121950972797276180396180394222342223121812186662666287328732580965809613426134264463244632183755183755202300119119373777778811191975752525123123555500120120393939398888112020787826261211216060202355319319818116161616202022565621521567672182182392396633133182827777202020203357572202206868214214258258' and expected object '202320230000147171471711865118653244523244521268312683349434948438432398239829694296945892589217984179845359353593202379497949121950121950972797276180396180394222342223121812186662666287328732580965809613426134264463244632183755183755202300119119373777778811191975752525123123555500120120393939398888112020787826261211216060202355319319818116161616202022565621521567672182182392396633133182827777202020203357572202206868214214258258' are equal

02-12-2024T04:31:22 - [MESSAGE][PASSED] - Actual object '202320230000147171471711865118653244523244521268312683349434948438432398239829694296945892589217984179845359353593202379497949121950121950972797276180396180394222342223121812186662666287328732580965809613426134264463244632183755183755202300119119373777778811191975752525123123555500120120393939398888112020787826261211216060202355319319818116161616202022565621521567672182182392396633133182827777202020203357572202206868214214258258' and expected object '202320230000147171471711865118653244523244521268312683349434948438432398239829694296945892589217984179845359353593202379497949121950121950972797276180396180394222342223121812186662666287328732580965809613426134264463244632183755183755202300119119373777778811191975752525123123555500120120393939398888112020787826261211216060202355319319818116161616202022565621521567672182182392396633133182827777202020203357572202206868214214258258' are equal

02-12-2024T04:31:22 - [TEST_STEP][PASSED] - if (verifyEqual(a12, b12) == true): Actual object '20232023000012032261203226386554386554390378390378829178291782595825957931793119706619706678310278310225579525579512121971212197604149604149202320230000000000000000000000000012012039393939888811202078782626121121606020236633133182827777202020203357572202206868214214258258' and expected object '20232023000012032261203226386554386554390378390378829178291782595825957931793119706619706678310278310225579525579512121971212197604149604149202320230000000000000000000000000012012039393939888811202078782626121121606020236633133182827777202020203357572202206868214214258258' are equal

02-12-2024T04:31:22 - [MESSAGE][PASSED] - Actual object '20232023000012032261203226386554386554390378390378829178291782595825957931793119706619706678310278310225579525579512121971212197604149604149202320230000000000000000000000000012012039393939888811202078782626121121606020236633133182827777202020203357572202206868214214258258' and expected object '20232023000012032261203226386554386554390378390378829178291782595825957931793119706619706678310278310225579525579512121971212197604149604149202320230000000000000000000000000012012039393939888811202078782626121121606020236633133182827777202020203357572202206868214214258258' are equal

02-12-2024T04:31:22 - [TEST_STEP][PASSED] - closeBrowser(): Browser is closed

02-12-2024T04:31:22 - [MESSAGE][PASSED] - Browser is closed]]></system-out>
         <system-err><![CDATA[]]></system-err>
      </testcase>
      <testcase name="Test Cases/Сверки дашбордов/Факторный анализ сверка дашбордов" time="221.435" classname="Test Cases/Сверки дашбордов/Факторный анализ сверка дашбордов" status="FAILED">
         <failure type="FAILED" message="Test Cases/Сверки дашбордов/Факторный анализ сверка дашбордов FAILED.&#xa;Reason:&#xa;com.kms.katalon.core.exception.StepFailedException: Unable to verify equal between actual object '-399523' and expected object '7729' (Root cause: com.kms.katalon.core.exception.StepFailedException: Actual object '-399523' and expected object '7729' are not equal&#xa;	at com.kms.katalon.core.keyword.builtin.VerifyEqualKeyword$_verifyEqual_closure1.doCall(VerifyEqualKeyword.groovy:58)&#xa;	at com.kms.katalon.core.keyword.builtin.VerifyEqualKeyword$_verifyEqual_closure1.call(VerifyEqualKeyword.groovy)&#xa;	at com.kms.katalon.core.keyword.internal.KeywordMain.runKeyword(KeywordMain.groovy:75)&#xa;	at com.kms.katalon.core.keyword.builtin.VerifyEqualKeyword.verifyEqual(VerifyEqualKeyword.groovy:63)&#xa;	at com.kms.katalon.core.keyword.builtin.VerifyEqualKeyword.execute(VerifyEqualKeyword.groovy:44)&#xa;	at com.kms.katalon.core.keyword.internal.KeywordExecutor.executeKeywordForPlatform(KeywordExecutor.groovy:74)&#xa;	at com.kms.katalon.core.keyword.BuiltinKeywords.verifyEqual(BuiltinKeywords.groovy:146)&#xa;	at jdk.internal.reflect.GeneratedMethodAccessor25.invoke(Unknown Source)&#xa;	at java.base/jdk.internal.reflect.DelegatingMethodAccessorImpl.invoke(DelegatingMethodAccessorImpl.java:43)&#xa;	at Факторный анализ сверка дашбордов.Compare(Факторный анализ сверка дашбордов:674)&#xa;	at Факторный анализ сверка дашбордов.Test(Факторный анализ сверка дашбордов:438)&#xa;	at Факторный анализ сверка дашбордов.run(Факторный анализ сверка дашбордов:44)&#xa;	at com.kms.katalon.core.main.ScriptEngine.run(ScriptEngine.java:194)&#xa;	at com.kms.katalon.core.main.ScriptEngine.runScriptAsRawText(ScriptEngine.java:119)&#xa;	at com.kms.katalon.core.main.TestCaseExecutor.runScript(TestCaseExecutor.java:448)&#xa;	at com.kms.katalon.core.main.TestCaseExecutor.doExecute(TestCaseExecutor.java:439)&#xa;	at com.kms.katalon.core.main.TestCaseExecutor.processExecutionPhase(TestCaseExecutor.java:418)&#xa;	at com.kms.katalon.core.main.TestCaseExecutor.accessMainPhase(TestCaseExecutor.java:410)&#xa;	at com.kms.katalon.core.main.TestCaseExecutor.execute(TestCaseExecutor.java:285)&#xa;	at com.kms.katalon.core.common.CommonExecutor.accessTestCaseMainPhase(CommonExecutor.java:65)&#xa;	at com.kms.katalon.core.main.TestSuiteExecutor.accessTestSuiteMainPhase(TestSuiteExecutor.java:150)&#xa;	at com.kms.katalon.core.main.TestSuiteExecutor.execute(TestSuiteExecutor.java:106)&#xa;	at com.kms.katalon.core.main.TestCaseMain.startTestSuite(TestCaseMain.java:180)&#xa;	at TempTestSuite1733095732962.run(TempTestSuite1733095732962.groovy:35)&#xa;	at java.base/jdk.internal.reflect.NativeMethodAccessorImpl.invoke0(Native Method)&#xa;	at java.base/jdk.internal.reflect.NativeMethodAccessorImpl.invoke(NativeMethodAccessorImpl.java:77)&#xa;	at java.base/jdk.internal.reflect.DelegatingMethodAccessorImpl.invoke(DelegatingMethodAccessorImpl.java:43)&#xa;)&#xa;	at com.kms.katalon.core.keyword.internal.KeywordMain.stepFailed(KeywordMain.groovy:39)&#xa;	at com.kms.katalon.core.keyword.internal.KeywordMain.stepFailed(KeywordMain.groovy)&#xa;	at com.kms.katalon.core.keyword.internal.KeywordMain.runKeyword(KeywordMain.groovy:77)&#xa;	at com.kms.katalon.core.keyword.builtin.VerifyEqualKeyword.verifyEqual(VerifyEqualKeyword.groovy:63)&#xa;	at com.kms.katalon.core.keyword.builtin.VerifyEqualKeyword.execute(VerifyEqualKeyword.groovy:44)&#xa;	at com.kms.katalon.core.keyword.internal.KeywordExecutor.executeKeywordForPlatform(KeywordExecutor.groovy:74)&#xa;	at com.kms.katalon.core.keyword.BuiltinKeywords.verifyEqual(BuiltinKeywords.groovy:146)&#xa;	at jdk.internal.reflect.GeneratedMethodAccessor25.invoke(Unknown Source)&#xa;	at java.base/jdk.internal.reflect.DelegatingMethodAccessorImpl.invoke(DelegatingMethodAccessorImpl.java:43)&#xa;	at Факторный анализ сверка дашбордов.Compare(Факторный анализ сверка дашбордов:674)&#xa;	at Факторный анализ сверка дашбордов.Test(Факторный анализ сверка дашбордов:438)&#xa;	at Факторный анализ сверка дашбордов.run(Факторный анализ сверка дашбордов:44)&#xa;	at com.kms.katalon.core.main.ScriptEngine.run(ScriptEngine.java:194)&#xa;	at com.kms.katalon.core.main.ScriptEngine.runScriptAsRawText(ScriptEngine.java:119)&#xa;	at com.kms.katalon.core.main.TestCaseExecutor.runScript(TestCaseExecutor.java:448)&#xa;	at com.kms.katalon.core.main.TestCaseExecutor.doExecute(TestCaseExecutor.java:439)&#xa;	at com.kms.katalon.core.main.TestCaseExecutor.processExecutionPhase(TestCaseExecutor.java:418)&#xa;	at com.kms.katalon.core.main.TestCaseExecutor.accessMainPhase(TestCaseExecutor.java:410)&#xa;	at com.kms.katalon.core.main.TestCaseExecutor.execute(TestCaseExecutor.java:285)&#xa;	at com.kms.katalon.core.common.CommonExecutor.accessTestCaseMainPhase(CommonExecutor.java:65)&#xa;	at com.kms.katalon.core.main.TestSuiteExecutor.accessTestSuiteMainPhase(TestSuiteExecutor.java:150)&#xa;	at com.kms.katalon.core.main.TestSuiteExecutor.execute(TestSuiteExecutor.java:106)&#xa;	at com.kms.katalon.core.main.TestCaseMain.startTestSuite(TestCaseMain.java:180)&#xa;	at TempTestSuite1733095732962.run(TempTestSuite1733095732962.groovy:35)&#xa;	at java.base/jdk.internal.reflect.NativeMethodAccessorImpl.invoke0(Native Method)&#xa;	at java.base/jdk.internal.reflect.NativeMethodAccessorImpl.invoke(NativeMethodAccessorImpl.java:77)&#xa;	at java.base/jdk.internal.reflect.DelegatingMethodAccessorImpl.invoke(DelegatingMethodAccessorImpl.java:43)&#xa;Caused by: com.kms.katalon.core.exception.StepFailedException: Actual object '-399523' and expected object '7729' are not equal&#xa;	at com.kms.katalon.core.keyword.builtin.VerifyEqualKeyword$_verifyEqual_closure1.doCall(VerifyEqualKeyword.groovy:58)&#xa;	at com.kms.katalon.core.keyword.builtin.VerifyEqualKeyword$_verifyEqual_closure1.call(VerifyEqualKeyword.groovy)&#xa;	at com.kms.katalon.core.keyword.internal.KeywordMain.runKeyword(KeywordMain.groovy:75)&#xa;	... 24 more&#xa;"/>
         <system-out><![CDATA[02-12-2024T04:31:22 - [TEST_CASE][FAILED] - Test Cases/Сверки дашбордов/Факторный анализ сверка дашбордов: Test Cases/Сверки дашбордов/Факторный анализ сверка дашбордов FAILED.
Reason:
com.kms.katalon.core.exception.StepFailedException: Unable to verify equal between actual object '-399523' and expected object '7729' (Root cause: com.kms.katalon.core.exception.StepFailedException: Actual object '-399523' and expected object '7729' are not equal
	at com.kms.katalon.core.keyword.builtin.VerifyEqualKeyword$_verifyEqual_closure1.doCall(VerifyEqualKeyword.groovy:58)
	at com.kms.katalon.core.keyword.builtin.VerifyEqualKeyword$_verifyEqual_closure1.call(VerifyEqualKeyword.groovy)
	at com.kms.katalon.core.keyword.internal.KeywordMain.runKeyword(KeywordMain.groovy:75)
	at com.kms.katalon.core.keyword.builtin.VerifyEqualKeyword.verifyEqual(VerifyEqualKeyword.groovy:63)
	at com.kms.katalon.core.keyword.builtin.VerifyEqualKeyword.execute(VerifyEqualKeyword.groovy:44)
	at com.kms.katalon.core.keyword.internal.KeywordExecutor.executeKeywordForPlatform(KeywordExecutor.groovy:74)
	at com.kms.katalon.core.keyword.BuiltinKeywords.verifyEqual(BuiltinKeywords.groovy:146)
	at jdk.internal.reflect.GeneratedMethodAccessor25.invoke(Unknown Source)
	at java.base/jdk.internal.reflect.DelegatingMethodAccessorImpl.invoke(DelegatingMethodAccessorImpl.java:43)
	at Факторный анализ сверка дашбордов.Compare(Факторный анализ сверка дашбордов:674)
	at Факторный анализ сверка дашбордов.Test(Факторный анализ сверка дашбордов:438)
	at Факторный анализ сверка дашбордов.run(Факторный анализ сверка дашбордов:44)
	at com.kms.katalon.core.main.ScriptEngine.run(ScriptEngine.java:194)
	at com.kms.katalon.core.main.ScriptEngine.runScriptAsRawText(ScriptEngine.java:119)
	at com.kms.katalon.core.main.TestCaseExecutor.runScript(TestCaseExecutor.java:448)
	at com.kms.katalon.core.main.TestCaseExecutor.doExecute(TestCaseExecutor.java:439)
	at com.kms.katalon.core.main.TestCaseExecutor.processExecutionPhase(TestCaseExecutor.java:418)
	at com.kms.katalon.core.main.TestCaseExecutor.accessMainPhase(TestCaseExecutor.java:410)
	at com.kms.katalon.core.main.TestCaseExecutor.execute(TestCaseExecutor.java:285)
	at com.kms.katalon.core.common.CommonExecutor.accessTestCaseMainPhase(CommonExecutor.java:65)
	at com.kms.katalon.core.main.TestSuiteExecutor.accessTestSuiteMainPhase(TestSuiteExecutor.java:150)
	at com.kms.katalon.core.main.TestSuiteExecutor.execute(TestSuiteExecutor.java:106)
	at com.kms.katalon.core.main.TestCaseMain.startTestSuite(TestCaseMain.java:180)
	at TempTestSuite1733095732962.run(TempTestSuite1733095732962.groovy:35)
	at java.base/jdk.internal.reflect.NativeMethodAccessorImpl.invoke0(Native Method)
	at java.base/jdk.internal.reflect.NativeMethodAccessorImpl.invoke(NativeMethodAccessorImpl.java:77)
	at java.base/jdk.internal.reflect.DelegatingMethodAccessorImpl.invoke(DelegatingMethodAccessorImpl.java:43)
)
	at com.kms.katalon.core.keyword.internal.KeywordMain.stepFailed(KeywordMain.groovy:39)
	at com.kms.katalon.core.keyword.internal.KeywordMain.stepFailed(KeywordMain.groovy)
	at com.kms.katalon.core.keyword.internal.KeywordMain.runKeyword(KeywordMain.groovy:77)
	at com.kms.katalon.core.keyword.builtin.VerifyEqualKeyword.verifyEqual(VerifyEqualKeyword.groovy:63)
	at com.kms.katalon.core.keyword.builtin.VerifyEqualKeyword.execute(VerifyEqualKeyword.groovy:44)
	at com.kms.katalon.core.keyword.internal.KeywordExecutor.executeKeywordForPlatform(KeywordExecutor.groovy:74)
	at com.kms.katalon.core.keyword.BuiltinKeywords.verifyEqual(BuiltinKeywords.groovy:146)
	at jdk.internal.reflect.GeneratedMethodAccessor25.invoke(Unknown Source)
	at java.base/jdk.internal.reflect.DelegatingMethodAccessorImpl.invoke(DelegatingMethodAccessorImpl.java:43)
	at Факторный анализ сверка дашбордов.Compare(Факторный анализ сверка дашбордов:674)
	at Факторный анализ сверка дашбордов.Test(Факторный анализ сверка дашбордов:438)
	at Факторный анализ сверка дашбордов.run(Факторный анализ сверка дашбордов:44)
	at com.kms.katalon.core.main.ScriptEngine.run(ScriptEngine.java:194)
	at com.kms.katalon.core.main.ScriptEngine.runScriptAsRawText(ScriptEngine.java:119)
	at com.kms.katalon.core.main.TestCaseExecutor.runScript(TestCaseExecutor.java:448)
	at com.kms.katalon.core.main.TestCaseExecutor.doExecute(TestCaseExecutor.java:439)
	at com.kms.katalon.core.main.TestCaseExecutor.processExecutionPhase(TestCaseExecutor.java:418)
	at com.kms.katalon.core.main.TestCaseExecutor.accessMainPhase(TestCaseExecutor.java:410)
	at com.kms.katalon.core.main.TestCaseExecutor.execute(TestCaseExecutor.java:285)
	at com.kms.katalon.core.common.CommonExecutor.accessTestCaseMainPhase(CommonExecutor.java:65)
	at com.kms.katalon.core.main.TestSuiteExecutor.accessTestSuiteMainPhase(TestSuiteExecutor.java:150)
	at com.kms.katalon.core.main.TestSuiteExecutor.execute(TestSuiteExecutor.java:106)
	at com.kms.katalon.core.main.TestCaseMain.startTestSuite(TestCaseMain.java:180)
	at TempTestSuite1733095732962.run(TempTestSuite1733095732962.groovy:35)
	at java.base/jdk.internal.reflect.NativeMethodAccessorImpl.invoke0(Native Method)
	at java.base/jdk.internal.reflect.NativeMethodAccessorImpl.invoke(NativeMethodAccessorImpl.java:77)
	at java.base/jdk.internal.reflect.DelegatingMethodAccessorImpl.invoke(DelegatingMethodAccessorImpl.java:43)
Caused by: com.kms.katalon.core.exception.StepFailedException: Actual object '-399523' and expected object '7729' are not equal
	at com.kms.katalon.core.keyword.builtin.VerifyEqualKeyword$_verifyEqual_closure1.doCall(VerifyEqualKeyword.groovy:58)
	at com.kms.katalon.core.keyword.builtin.VerifyEqualKeyword$_verifyEqual_closure1.call(VerifyEqualKeyword.groovy)
	at com.kms.katalon.core.keyword.internal.KeywordMain.runKeyword(KeywordMain.groovy:75)
	... 24 more


02-12-2024T04:31:23 - [TEST_STEP][PASSED] - date = new java.util.Date(): null

02-12-2024T04:31:23 - [TEST_STEP][PASSED] - todaysDate = date.format("dd.MM.yyyy"): null

02-12-2024T04:31:23 - [TEST_STEP][PASSED] - typeOfData = <not implemented yet for class: org.codehaus.groovy.ast.expr.EmptyExpression>: null

02-12-2024T04:31:23 - [TEST_STEP][PASSED] - otobrajeniyeDannyh = <not implemented yet for class: org.codehaus.groovy.ast.expr.EmptyExpression>: null

02-12-2024T04:31:23 - [TEST_STEP][PASSED] - println(todaysDate): null

02-12-2024T04:31:23 - [TEST_STEP][PASSED] - vidget = <not implemented yet for class: org.codehaus.groovy.ast.expr.EmptyExpression>: null

02-12-2024T04:31:23 - [TEST_STEP][PASSED] - x = <not implemented yet for class: org.codehaus.groovy.ast.expr.EmptyExpression>: null

02-12-2024T04:31:23 - [TEST_STEP][PASSED] - y = <not implemented yet for class: org.codehaus.groovy.ast.expr.EmptyExpression>: null

02-12-2024T04:31:23 - [TEST_STEP][PASSED] - DZO = <not implemented yet for class: org.codehaus.groovy.ast.expr.EmptyExpression>: null

02-12-2024T04:31:23 - [TEST_STEP][PASSED] - openBrowser(""): Browser is opened with url: ''

02-12-2024T04:31:23 - [MESSAGE][INFO] - Starting 'Chrome' driver

02-12-2024T04:31:23 - [MESSAGE][INFO] - Action delay is set to 0 milliseconds

02-12-2024T04:31:24 - [MESSAGE][PASSED] - Browser is opened with url: ''

02-12-2024T04:31:24 - [TEST_STEP][PASSED] - run = 1: null

02-12-2024T04:31:24 - [TEST_STEP][PASSED] - for ([run = 1, run < 3, (run++)]): null

02-12-2024T04:31:24 - [TEST_STEP][PASSED] - Script1719551244403.Test(run, todaysDate, typeOfData, otobrajeniyeDannyh, x, y, vidget, DZO): null

02-12-2024T04:31:24 - [TEST_STEP][PASSED] - navigateToUrl(findTestData("PlanFact").getValue(10, 3)): Navigate to 'https://bi.rosseti.digital/viewer?dashboardGuid=2301950b23be4ed89c1df75f2020051e&sheetGuid=ccd7d7486b3d4e6fa0ee9b1eaebed46c&fit=true' successfully

02-12-2024T04:31:30 - [MESSAGE][PASSED] - Navigate to 'https://bi.rosseti.digital/viewer?dashboardGuid=2301950b23be4ed89c1df75f2020051e&sheetGuid=ccd7d7486b3d4e6fa0ee9b1eaebed46c&fit=true' successfully

02-12-2024T04:31:30 - [TEST_STEP][PASSED] - Script1719551244403.Autorization(run): null

02-12-2024T04:31:30 - [TEST_STEP][PASSED] - delay(10): Delayed 10 second(s)

02-12-2024T04:31:40 - [MESSAGE][PASSED] - Delayed 10 second(s)

02-12-2024T04:31:40 - [TEST_STEP][PASSED] - if (run == 1): Delayed 10 second(s)

02-12-2024T04:31:40 - [TEST_STEP][PASSED] - setText(findTestObject("Страница авторизации/input__username"), findTestData("PlanFact").getValue(8, 1)): Text 'liazgina-di' is set on object 'Object Repository/Страница авторизации/input__username'

02-12-2024T04:31:41 - [MESSAGE][PASSED] - Text 'liazgina-di' is set on object 'Object Repository/Страница авторизации/input__username'

02-12-2024T04:31:41 - [TEST_STEP][PASSED] - setText(findTestObject("Страница авторизации/input__password"), findTestData("PlanFact").getValue(9, 1)): Text ')$%5srZ8o688Dm#q' is set on object 'Object Repository/Страница авторизации/input__password'

02-12-2024T04:31:41 - [MESSAGE][PASSED] - Text ')$%5srZ8o688Dm#q' is set on object 'Object Repository/Страница авторизации/input__password'

02-12-2024T04:31:41 - [TEST_STEP][PASSED] - click(findTestObject("Страница авторизации/button_")): Object: 'Object Repository/Страница авторизации/button_' is clicked on

02-12-2024T04:31:44 - [MESSAGE][PASSED] - Object: 'Object Repository/Страница авторизации/button_' is clicked on

02-12-2024T04:31:44 - [TEST_STEP][PASSED] - delay(10): Delayed 10 second(s)

02-12-2024T04:31:54 - [MESSAGE][PASSED] - Delayed 10 second(s)

02-12-2024T04:31:54 - [TEST_STEP][PASSED] - i = <not implemented yet for class: org.codehaus.groovy.ast.expr.EmptyExpression>: null

02-12-2024T04:31:54 - [TEST_STEP][PASSED] - ii = <not implemented yet for class: org.codehaus.groovy.ast.expr.EmptyExpression>: null

02-12-2024T04:31:54 - [TEST_STEP][PASSED] - a = <not implemented yet for class: org.codehaus.groovy.ast.expr.EmptyExpression>: null

02-12-2024T04:31:54 - [TEST_STEP][PASSED] - a1 = <not implemented yet for class: org.codehaus.groovy.ast.expr.EmptyExpression>: null

02-12-2024T04:31:54 - [TEST_STEP][PASSED] - a2 = <not implemented yet for class: org.codehaus.groovy.ast.expr.EmptyExpression>: null

02-12-2024T04:31:54 - [TEST_STEP][PASSED] - click(findTestObject("Факторный анализ/Фильтр Период")): Object: 'Object Repository/Факторный анализ/Фильтр Период' is clicked on

02-12-2024T04:32:03 - [MESSAGE][PASSED] - Object: 'Object Repository/Факторный анализ/Фильтр Период' is clicked on

02-12-2024T04:32:03 - [TEST_STEP][PASSED] - click(findTestObject("Факторный анализ/Снять выделение в фильтре Дата")): Object: 'Object Repository/Факторный анализ/Снять выделение в фильтре Дата' is clicked on

02-12-2024T04:32:03 - [MESSAGE][PASSED] - Object: 'Object Repository/Факторный анализ/Снять выделение в фильтре Дата' is clicked on

02-12-2024T04:32:03 - [TEST_STEP][PASSED] - click(findTestObject("Факторный анализ/Применить в фильтре Дата")): Object: 'Object Repository/Факторный анализ/Применить в фильтре Дата' is clicked on

02-12-2024T04:32:04 - [MESSAGE][PASSED] - Object: 'Object Repository/Факторный анализ/Применить в фильтре Дата' is clicked on

02-12-2024T04:32:04 - [TEST_STEP][PASSED] - delay(10): Delayed 10 second(s)

02-12-2024T04:32:14 - [MESSAGE][PASSED] - Delayed 10 second(s)

02-12-2024T04:32:14 - [TEST_STEP][PASSED] - click(findTestObject("Факторный анализ/Фильтр Период")): Object: 'Object Repository/Факторный анализ/Фильтр Период' is clicked on

02-12-2024T04:32:14 - [MESSAGE][PASSED] - Object: 'Object Repository/Факторный анализ/Фильтр Период' is clicked on

02-12-2024T04:32:14 - [TEST_STEP][PASSED] - click(findTestObject("Факторный анализ/Снять выделение в фильтре Дата")): Object: 'Object Repository/Факторный анализ/Снять выделение в фильтре Дата' is clicked on

02-12-2024T04:32:15 - [MESSAGE][PASSED] - Object: 'Object Repository/Факторный анализ/Снять выделение в фильтре Дата' is clicked on

02-12-2024T04:32:15 - [TEST_STEP][PASSED] - scrollToElement(findTestObject("Факторный анализ/2024 список"), 30): Scroll to object 'Object Repository/Факторный анализ/2024 список' successfully

02-12-2024T04:32:15 - [MESSAGE][PASSED] - Scroll to object 'Object Repository/Факторный анализ/2024 список' successfully

02-12-2024T04:32:15 - [TEST_STEP][PASSED] - click(findTestObject("Факторный анализ/2024 список")): Object: 'Object Repository/Факторный анализ/2024 список' is clicked on

02-12-2024T04:32:15 - [MESSAGE][PASSED] - Object: 'Object Repository/Факторный анализ/2024 список' is clicked on

02-12-2024T04:32:15 - [TEST_STEP][PASSED] - scrollToElement(findTestObject("Факторный анализ/1 квартал 2024 выбрать"), 30): Scroll to object 'Object Repository/Факторный анализ/1 квартал 2024 выбрать' successfully

02-12-2024T04:32:16 - [MESSAGE][PASSED] - Scroll to object 'Object Repository/Факторный анализ/1 квартал 2024 выбрать' successfully

02-12-2024T04:32:16 - [TEST_STEP][PASSED] - click(findTestObject("Факторный анализ/1 квартал 2024 выбрать")): Object: 'Object Repository/Факторный анализ/1 квартал 2024 выбрать' is clicked on

02-12-2024T04:32:16 - [MESSAGE][PASSED] - Object: 'Object Repository/Факторный анализ/1 квартал 2024 выбрать' is clicked on

02-12-2024T04:32:16 - [TEST_STEP][PASSED] - scrollToElement(findTestObject("Факторный анализ/1 квартал 2024 выбрать"), 30): Scroll to object 'Object Repository/Факторный анализ/1 квартал 2024 выбрать' successfully

02-12-2024T04:32:17 - [MESSAGE][PASSED] - Scroll to object 'Object Repository/Факторный анализ/1 квартал 2024 выбрать' successfully

02-12-2024T04:32:17 - [TEST_STEP][PASSED] - click(findTestObject("Факторный анализ/2 квартал 2024 выбрать"), CONTINUE_ON_FAILURE): Object: 'Object Repository/Факторный анализ/2 квартал 2024 выбрать' is clicked on

02-12-2024T04:32:17 - [MESSAGE][PASSED] - Object: 'Object Repository/Факторный анализ/2 квартал 2024 выбрать' is clicked on

02-12-2024T04:32:17 - [TEST_STEP][PASSED] - click(findTestObject("Факторный анализ/3 квартал 2024 выбрать"), CONTINUE_ON_FAILURE): Object: 'Object Repository/Факторный анализ/3 квартал 2024 выбрать' is clicked on

02-12-2024T04:32:17 - [MESSAGE][PASSED] - Object: 'Object Repository/Факторный анализ/3 квартал 2024 выбрать' is clicked on

02-12-2024T04:32:17 - [TEST_STEP][PASSED] - scrollToElement(findTestObject("Факторный анализ/4 квартал 2024 список"), 30): Scroll to object 'Object Repository/Факторный анализ/4 квартал 2024 список' successfully

02-12-2024T04:32:18 - [MESSAGE][PASSED] - Scroll to object 'Object Repository/Факторный анализ/4 квартал 2024 список' successfully

02-12-2024T04:32:18 - [TEST_STEP][PASSED] - click(findTestObject("Факторный анализ/4 квартал 2024 список"), CONTINUE_ON_FAILURE): Object: 'Object Repository/Факторный анализ/4 квартал 2024 список' is clicked on

02-12-2024T04:32:18 - [MESSAGE][PASSED] - Object: 'Object Repository/Факторный анализ/4 квартал 2024 список' is clicked on

02-12-2024T04:32:18 - [TEST_STEP][PASSED] - scrollToElement(findTestObject("Факторный анализ/Октябрь 2024"), 30): Scroll to object 'Object Repository/Факторный анализ/Октябрь 2024' successfully

02-12-2024T04:32:18 - [MESSAGE][PASSED] - Scroll to object 'Object Repository/Факторный анализ/Октябрь 2024' successfully

02-12-2024T04:32:18 - [TEST_STEP][PASSED] - click(findTestObject("Факторный анализ/Октябрь 2024"), CONTINUE_ON_FAILURE): Object: 'Object Repository/Факторный анализ/Октябрь 2024' is clicked on

02-12-2024T04:32:19 - [MESSAGE][PASSED] - Object: 'Object Repository/Факторный анализ/Октябрь 2024' is clicked on

02-12-2024T04:32:19 - [TEST_STEP][PASSED] - scrollToElement(findTestObject("Факторный анализ/Заголовок дашборда"), 30): Scroll to object 'Object Repository/Факторный анализ/Заголовок дашборда' successfully

02-12-2024T04:32:19 - [MESSAGE][PASSED] - Scroll to object 'Object Repository/Факторный анализ/Заголовок дашборда' successfully

02-12-2024T04:32:19 - [TEST_STEP][PASSED] - click(findTestObject("Факторный анализ/Применить в фильтре Дата")): Object: 'Object Repository/Факторный анализ/Применить в фильтре Дата' is clicked on

02-12-2024T04:32:20 - [MESSAGE][PASSED] - Object: 'Object Repository/Факторный анализ/Применить в фильтре Дата' is clicked on

02-12-2024T04:32:20 - [TEST_STEP][PASSED] - if (run == 1): null

02-12-2024T04:32:20 - [TEST_STEP][PASSED] - a = getText(findTestObject("Факторный анализ/Отклонения выручки по факторам Блок руководителя")): Text of object 'Object Repository/Факторный анализ/Отклонения выручки по факторам Блок руководителя' is: '-399 523-399 523
-7 388-7 388
Отклонение (объём услуг)
Отклонение (средний тариф)
ПАО Россети'

02-12-2024T04:32:24 - [MESSAGE][PASSED] - Text of object 'Object Repository/Факторный анализ/Отклонения выручки по факторам Блок руководителя' is: '-399 523-399 523
-7 388-7 388
Отклонение (объём услуг)
Отклонение (средний тариф)
ПАО Россети'

02-12-2024T04:32:24 - [TEST_STEP][PASSED] - a = a.replaceAll("[\r?
|
]", "/"): null

02-12-2024T04:32:24 - [TEST_STEP][PASSED] - i = a.indexOf("Отклонение"): null

02-12-2024T04:32:24 - [TEST_STEP][PASSED] - if (i > -1): null

02-12-2024T04:32:24 - [TEST_STEP][PASSED] - i = i: null

02-12-2024T04:32:24 - [TEST_STEP][PASSED] - a = substring(0, i).trim(): null

02-12-2024T04:32:24 - [TEST_STEP][PASSED] - println("a: " + a): null

02-12-2024T04:32:24 - [TEST_STEP][PASSED] - i = a.indexOf("/"): null

02-12-2024T04:32:24 - [TEST_STEP][PASSED] - if (i > -1): null

02-12-2024T04:32:24 - [TEST_STEP][PASSED] - a1 = a.substring(0, i): null

02-12-2024T04:32:24 - [TEST_STEP][PASSED] - println("a1: " + a1): null

02-12-2024T04:32:24 - [TEST_STEP][PASSED] - a2 = a.substring(a1.length() + 1, a.length()): null

02-12-2024T04:32:24 - [TEST_STEP][PASSED] - println("a2: " + a2): null

02-12-2024T04:32:24 - [TEST_STEP][PASSED] - i = a1.length() / 2: null

02-12-2024T04:32:24 - [TEST_STEP][PASSED] - if (i > -1): null

02-12-2024T04:32:24 - [TEST_STEP][PASSED] - a1 = replaceAll("\s+", "").trim(): null

02-12-2024T04:32:24 - [TEST_STEP][PASSED] - println("a1: " + a1): null

02-12-2024T04:32:24 - [TEST_STEP][PASSED] - i = a2.length() / 2: null

02-12-2024T04:32:24 - [TEST_STEP][PASSED] - if (i > -1): null

02-12-2024T04:32:24 - [TEST_STEP][PASSED] - a2 = replaceAll("\s+", "").trim(): null

02-12-2024T04:32:24 - [TEST_STEP][PASSED] - println("a2: " + a2): null

02-12-2024T04:32:24 - [TEST_STEP][PASSED] - tableA = getText(findTestObject("Факторный анализ/AllTable1")).replaceAll("[\r?
|
]", "/"): Text of object 'Object Repository/Факторный анализ/AllTable1' is: 'ДЗО
Филиал
Отклонение (объём услуг)
Отклонение (средний тариф)
АО «Тываэнерго» АО "Тываэнерго" 375 -75
АО «Чеченэнерго» АО «Чеченэнерго» -3 688 26
Россети Волга Мордовэнерго -3 164 -87
Оренбургэнерго -12 384 - 140
Пензаэнерго -7 568 -65
Самарские РС -14 726 -1 123
Саратовские РС -14 917 - 495
Ульяновские РС -5 446 - 209
Чувашэнерго -4 717 137
Россети Кубань Кубаньэнерго -58 965 411
Россети Ленэнерго (ГК) Ленинградская область -33 086 831
г. Санкт-Петербург -46 070 - 104
Россети Московский регион Московская область 4 745 - 627
г. Москва 3 358 23
Россети Северный Кавказ (ГК) Дагестанская энергосбытовая компания - 111 69
Дагэнерго -7 161 537
Ингушэнерго -1 584 122
Каббалкэнерго -2 966 50
Карачаево-Черкесскэнерго -1 924 0
Севкавказэнерго -3 380 144
Ставропольэнерго -9 375 - 200
Россети Северо-Запад Архангельский филиал 80 -86
Вологодский филиал 264 2
Карельский филиал -67 185
Мурманский филиал 111 57
Новгородский филиал 216 -48
Псковский филиал 161 -20
филиал в Республике Коми -16 41
Россети Сибирь (ГК) Алтайэнерго - 545 222
Бурятэнерго - 123 303
ГАЭС 131 -17
Красноярскэнерго 1 233 - 537
Кузбассэнерго-РЭС - 406 827
Омскэнерго 182 -85
Хакасэнерго 371 - 399
Читаэнерго -47 162
Россети Томск Томская распределительная компания -7 417 - 135
Россети Тюмень Россети Тюмень -73 665 - 565
Россети Урал (ГК) Пермэнерго 631 - 215
Свердловэнерго 891 277
Челябэнерго 1 051 - 680
Россети ФСК ЕЭС Итого по ФСК ЕЭС -18 111 -6 233
Россети Центр Белгородэнерго 321 125
Брянскэнерго -5 112 27
Воронежэнерго -13 856 181
Костромаэнерго 102 -4
Курскэнерго -2 444 151
Липецкэнерго 805 - 346
Орелэнерго -4 049 -34
Смоленскэнерго -7 617 42
Тамбовэнерго -5 959 -2
Тверьэнерго - 740 57
Ярэнерго -6 294 65
Россети Центр и Приволжье (ГК) Владимирэнерго 562 52
Ивэнерго 195 55
Калугаэнерго 625 -50
Кировэнерго 464 20
Мариэнерго 173 23
Нижновэнерго 751 319
Рязаньэнерго 246 50
Тулэнерго 791 - 235
Удмуртэнерго 362 13
Россети Юг (ГК) АО «ВМЭС» -3 789 51
Астраханьэнерго -5 702 100
Волгоградэнерго -9 960 - 352
Калмэнерго -1 662 -3
Ростовэнерго -20 264 66
Россети Янтарь Россети Янтарь 360 -42'

02-12-2024T04:32:25 - [MESSAGE][PASSED] - Text of object 'Object Repository/Факторный анализ/AllTable1' is: 'ДЗО
Филиал
Отклонение (объём услуг)
Отклонение (средний тариф)
АО «Тываэнерго» АО "Тываэнерго" 375 -75
АО «Чеченэнерго» АО «Чеченэнерго» -3 688 26
Россети Волга Мордовэнерго -3 164 -87
Оренбургэнерго -12 384 - 140
Пензаэнерго -7 568 -65
Самарские РС -14 726 -1 123
Саратовские РС -14 917 - 495
Ульяновские РС -5 446 - 209
Чувашэнерго -4 717 137
Россети Кубань Кубаньэнерго -58 965 411
Россети Ленэнерго (ГК) Ленинградская область -33 086 831
г. Санкт-Петербург -46 070 - 104
Россети Московский регион Московская область 4 745 - 627
г. Москва 3 358 23
Россети Северный Кавказ (ГК) Дагестанская энергосбытовая компания - 111 69
Дагэнерго -7 161 537
Ингушэнерго -1 584 122
Каббалкэнерго -2 966 50
Карачаево-Черкесскэнерго -1 924 0
Севкавказэнерго -3 380 144
Ставропольэнерго -9 375 - 200
Россети Северо-Запад Архангельский филиал 80 -86
Вологодский филиал 264 2
Карельский филиал -67 185
Мурманский филиал 111 57
Новгородский филиал 216 -48
Псковский филиал 161 -20
филиал в Республике Коми -16 41
Россети Сибирь (ГК) Алтайэнерго - 545 222
Бурятэнерго - 123 303
ГАЭС 131 -17
Красноярскэнерго 1 233 - 537
Кузбассэнерго-РЭС - 406 827
Омскэнерго 182 -85
Хакасэнерго 371 - 399
Читаэнерго -47 162
Россети Томск Томская распределительная компания -7 417 - 135
Россети Тюмень Россети Тюмень -73 665 - 565
Россети Урал (ГК) Пермэнерго 631 - 215
Свердловэнерго 891 277
Челябэнерго 1 051 - 680
Россети ФСК ЕЭС Итого по ФСК ЕЭС -18 111 -6 233
Россети Центр Белгородэнерго 321 125
Брянскэнерго -5 112 27
Воронежэнерго -13 856 181
Костромаэнерго 102 -4
Курскэнерго -2 444 151
Липецкэнерго 805 - 346
Орелэнерго -4 049 -34
Смоленскэнерго -7 617 42
Тамбовэнерго -5 959 -2
Тверьэнерго - 740 57
Ярэнерго -6 294 65
Россети Центр и Приволжье (ГК) Владимирэнерго 562 52
Ивэнерго 195 55
Калугаэнерго 625 -50
Кировэнерго 464 20
Мариэнерго 173 23
Нижновэнерго 751 319
Рязаньэнерго 246 50
Тулэнерго 791 - 235
Удмуртэнерго 362 13
Россети Юг (ГК) АО «ВМЭС» -3 789 51
Астраханьэнерго -5 702 100
Волгоградэнерго -9 960 - 352
Калмэнерго -1 662 -3
Ростовэнерго -20 264 66
Россети Янтарь Россети Янтарь 360 -42'

02-12-2024T04:32:25 - [TEST_STEP][PASSED] - println("tableA: " + tableA): null

02-12-2024T04:32:25 - [TEST_STEP][PASSED] - for ([i = 1, i < 5, (i++)]): null

02-12-2024T04:32:25 - [TEST_STEP][PASSED] - ii = tableA.indexOf("/") + 1: null

02-12-2024T04:32:25 - [TEST_STEP][PASSED] - tableA = tableA.substring(ii, tableA.length()): null

02-12-2024T04:32:25 - [TEST_STEP][PASSED] - ii = tableA.indexOf("/") + 1: null

02-12-2024T04:32:25 - [TEST_STEP][PASSED] - tableA = tableA.substring(ii, tableA.length()): null

02-12-2024T04:32:25 - [TEST_STEP][PASSED] - ii = tableA.indexOf("/") + 1: null

02-12-2024T04:32:25 - [TEST_STEP][PASSED] - tableA = tableA.substring(ii, tableA.length()): null

02-12-2024T04:32:25 - [TEST_STEP][PASSED] - ii = tableA.indexOf("/") + 1: null

02-12-2024T04:32:25 - [TEST_STEP][PASSED] - tableA = tableA.substring(ii, tableA.length()): null

02-12-2024T04:32:25 - [TEST_STEP][PASSED] - println("tableA: " + tableA): null

02-12-2024T04:32:25 - [TEST_STEP][PASSED] - TyA = Script1719551244403.GetData(x = tableA): null

02-12-2024T04:32:25 - [TEST_STEP][PASSED] - i2 = <not implemented yet for class: org.codehaus.groovy.ast.expr.EmptyExpression>: null

02-12-2024T04:32:25 - [TEST_STEP][PASSED] - i2 = x.indexOf("/") + 1: null

02-12-2024T04:32:25 - [TEST_STEP][PASSED] - x = replaceAll("\p{P}", "").trim(): null

02-12-2024T04:32:25 - [TEST_STEP][PASSED] - return x: null

02-12-2024T04:32:25 - [TEST_STEP][PASSED] - println("TyA: " + TyA): null

02-12-2024T04:32:25 - [TEST_STEP][PASSED] - tableA = Script1719551244403.NewDZO(x = tableA): null

02-12-2024T04:32:25 - [TEST_STEP][PASSED] - i3 = <not implemented yet for class: org.codehaus.groovy.ast.expr.EmptyExpression>: null

02-12-2024T04:32:25 - [TEST_STEP][PASSED] - i3 = x.indexOf("/") + 1: null

02-12-2024T04:32:25 - [TEST_STEP][PASSED] - x = x.substring(i3, x.length()): null

02-12-2024T04:32:25 - [TEST_STEP][PASSED] - return x: null

02-12-2024T04:32:25 - [TEST_STEP][PASSED] - ChA = Script1719551244403.GetData(x = tableA): null

02-12-2024T04:32:25 - [TEST_STEP][PASSED] - i2 = <not implemented yet for class: org.codehaus.groovy.ast.expr.EmptyExpression>: null

02-12-2024T04:32:25 - [TEST_STEP][PASSED] - i2 = x.indexOf("/") + 1: null

02-12-2024T04:32:25 - [TEST_STEP][PASSED] - x = replaceAll("\p{P}", "").trim(): null

02-12-2024T04:32:25 - [TEST_STEP][PASSED] - return x: null

02-12-2024T04:32:25 - [TEST_STEP][PASSED] - println("ChA: " + ChA): null

02-12-2024T04:32:25 - [TEST_STEP][PASSED] - tableA = Script1719551244403.NewDZO(x = tableA): null

02-12-2024T04:32:25 - [TEST_STEP][PASSED] - i3 = <not implemented yet for class: org.codehaus.groovy.ast.expr.EmptyExpression>: null

02-12-2024T04:32:25 - [TEST_STEP][PASSED] - i3 = x.indexOf("/") + 1: null

02-12-2024T04:32:25 - [TEST_STEP][PASSED] - x = x.substring(i3, x.length()): null

02-12-2024T04:32:25 - [TEST_STEP][PASSED] - return x: null

02-12-2024T04:32:25 - [TEST_STEP][PASSED] - i = tableA.indexOf("Кубань"): null

02-12-2024T04:32:25 - [TEST_STEP][PASSED] - VA = replaceAll("\p{P}", "").trim(): null

02-12-2024T04:32:25 - [TEST_STEP][PASSED] - println("VA: " + VA): null

02-12-2024T04:32:25 - [TEST_STEP][PASSED] - for ([i = 1, i < 8, (i++)]): null

02-12-2024T04:32:25 - [TEST_STEP][PASSED] - tableA = Script1719551244403.NewDZO(x = tableA): null

02-12-2024T04:32:25 - [TEST_STEP][PASSED] - i3 = <not implemented yet for class: org.codehaus.groovy.ast.expr.EmptyExpression>: null

02-12-2024T04:32:25 - [TEST_STEP][PASSED] - i3 = x.indexOf("/") + 1: null

02-12-2024T04:32:25 - [TEST_STEP][PASSED] - x = x.substring(i3, x.length()): null

02-12-2024T04:32:25 - [TEST_STEP][PASSED] - return x: null

02-12-2024T04:32:25 - [TEST_STEP][PASSED] - tableA = Script1719551244403.NewDZO(x = tableA): null

02-12-2024T04:32:25 - [TEST_STEP][PASSED] - i3 = <not implemented yet for class: org.codehaus.groovy.ast.expr.EmptyExpression>: null

02-12-2024T04:32:25 - [TEST_STEP][PASSED] - i3 = x.indexOf("/") + 1: null

02-12-2024T04:32:25 - [TEST_STEP][PASSED] - x = x.substring(i3, x.length()): null

02-12-2024T04:32:25 - [TEST_STEP][PASSED] - return x: null

02-12-2024T04:32:25 - [TEST_STEP][PASSED] - tableA = Script1719551244403.NewDZO(x = tableA): null

02-12-2024T04:32:25 - [TEST_STEP][PASSED] - i3 = <not implemented yet for class: org.codehaus.groovy.ast.expr.EmptyExpression>: null

02-12-2024T04:32:25 - [TEST_STEP][PASSED] - i3 = x.indexOf("/") + 1: null

02-12-2024T04:32:25 - [TEST_STEP][PASSED] - x = x.substring(i3, x.length()): null

02-12-2024T04:32:25 - [TEST_STEP][PASSED] - return x: null

02-12-2024T04:32:25 - [TEST_STEP][PASSED] - tableA = Script1719551244403.NewDZO(x = tableA): null

02-12-2024T04:32:25 - [TEST_STEP][PASSED] - i3 = <not implemented yet for class: org.codehaus.groovy.ast.expr.EmptyExpression>: null

02-12-2024T04:32:25 - [TEST_STEP][PASSED] - i3 = x.indexOf("/") + 1: null

02-12-2024T04:32:25 - [TEST_STEP][PASSED] - x = x.substring(i3, x.length()): null

02-12-2024T04:32:25 - [TEST_STEP][PASSED] - return x: null

02-12-2024T04:32:25 - [TEST_STEP][PASSED] - tableA = Script1719551244403.NewDZO(x = tableA): null

02-12-2024T04:32:25 - [TEST_STEP][PASSED] - i3 = <not implemented yet for class: org.codehaus.groovy.ast.expr.EmptyExpression>: null

02-12-2024T04:32:25 - [TEST_STEP][PASSED] - i3 = x.indexOf("/") + 1: null

02-12-2024T04:32:25 - [TEST_STEP][PASSED] - x = x.substring(i3, x.length()): null

02-12-2024T04:32:25 - [TEST_STEP][PASSED] - return x: null

02-12-2024T04:32:25 - [TEST_STEP][PASSED] - tableA = Script1719551244403.NewDZO(x = tableA): null

02-12-2024T04:32:25 - [TEST_STEP][PASSED] - i3 = <not implemented yet for class: org.codehaus.groovy.ast.expr.EmptyExpression>: null

02-12-2024T04:32:25 - [TEST_STEP][PASSED] - i3 = x.indexOf("/") + 1: null

02-12-2024T04:32:25 - [TEST_STEP][PASSED] - x = x.substring(i3, x.length()): null

02-12-2024T04:32:25 - [TEST_STEP][PASSED] - return x: null

02-12-2024T04:32:25 - [TEST_STEP][PASSED] - tableA = Script1719551244403.NewDZO(x = tableA): null

02-12-2024T04:32:25 - [TEST_STEP][PASSED] - i3 = <not implemented yet for class: org.codehaus.groovy.ast.expr.EmptyExpression>: null

02-12-2024T04:32:25 - [TEST_STEP][PASSED] - i3 = x.indexOf("/") + 1: null

02-12-2024T04:32:25 - [TEST_STEP][PASSED] - x = x.substring(i3, x.length()): null

02-12-2024T04:32:25 - [TEST_STEP][PASSED] - return x: null

02-12-2024T04:32:25 - [TEST_STEP][PASSED] - i = tableA.indexOf("Ленэнерго"): null

02-12-2024T04:32:25 - [TEST_STEP][PASSED] - KuA = Script1719551244403.GetData(x = tableA): null

02-12-2024T04:32:25 - [TEST_STEP][PASSED] - i2 = <not implemented yet for class: org.codehaus.groovy.ast.expr.EmptyExpression>: null

02-12-2024T04:32:25 - [TEST_STEP][PASSED] - i2 = x.indexOf("/") + 1: null

02-12-2024T04:32:25 - [TEST_STEP][PASSED] - x = replaceAll("\p{P}", "").trim(): null

02-12-2024T04:32:25 - [TEST_STEP][PASSED] - return x: null

02-12-2024T04:32:25 - [TEST_STEP][PASSED] - println("KuA: " + KuA): null

02-12-2024T04:32:25 - [TEST_STEP][PASSED] - tableA = Script1719551244403.NewDZO(x = tableA): null

02-12-2024T04:32:25 - [TEST_STEP][PASSED] - i3 = <not implemented yet for class: org.codehaus.groovy.ast.expr.EmptyExpression>: null

02-12-2024T04:32:25 - [TEST_STEP][PASSED] - i3 = x.indexOf("/") + 1: null

02-12-2024T04:32:25 - [TEST_STEP][PASSED] - x = x.substring(i3, x.length()): null

02-12-2024T04:32:25 - [TEST_STEP][PASSED] - return x: null

02-12-2024T04:32:25 - [TEST_STEP][PASSED] - i = tableA.indexOf("Московский"): null

02-12-2024T04:32:25 - [TEST_STEP][PASSED] - LenA = replaceAll("\p{P}", "").trim(): null

02-12-2024T04:32:25 - [TEST_STEP][PASSED] - println("LenA: " + LenA): null

02-12-2024T04:32:25 - [TEST_STEP][PASSED] - tableA = Script1719551244403.NewDZO(x = tableA): null

02-12-2024T04:32:25 - [TEST_STEP][PASSED] - i3 = <not implemented yet for class: org.codehaus.groovy.ast.expr.EmptyExpression>: null

02-12-2024T04:32:25 - [TEST_STEP][PASSED] - i3 = x.indexOf("/") + 1: null

02-12-2024T04:32:25 - [TEST_STEP][PASSED] - x = x.substring(i3, x.length()): null

02-12-2024T04:32:25 - [TEST_STEP][PASSED] - return x: null

02-12-2024T04:32:25 - [TEST_STEP][PASSED] - tableA = Script1719551244403.NewDZO(x = tableA): null

02-12-2024T04:32:25 - [TEST_STEP][PASSED] - i3 = <not implemented yet for class: org.codehaus.groovy.ast.expr.EmptyExpression>: null

02-12-2024T04:32:25 - [TEST_STEP][PASSED] - i3 = x.indexOf("/") + 1: null

02-12-2024T04:32:25 - [TEST_STEP][PASSED] - x = x.substring(i3, x.length()): null

02-12-2024T04:32:25 - [TEST_STEP][PASSED] - return x: null

02-12-2024T04:32:25 - [TEST_STEP][PASSED] - i = tableA.indexOf("Кавказ"): null

02-12-2024T04:32:25 - [TEST_STEP][PASSED] - MosA = replaceAll("\p{P}", "").trim(): null

02-12-2024T04:32:25 - [TEST_STEP][PASSED] - println("MosA: " + MosA): null

02-12-2024T04:32:25 - [TEST_STEP][PASSED] - for ([i = 1, i < 3, (i++)]): null

02-12-2024T04:32:25 - [TEST_STEP][PASSED] - tableA = Script1719551244403.NewDZO(x = tableA): null

02-12-2024T04:32:25 - [TEST_STEP][PASSED] - i3 = <not implemented yet for class: org.codehaus.groovy.ast.expr.EmptyExpression>: null

02-12-2024T04:32:25 - [TEST_STEP][PASSED] - i3 = x.indexOf("/") + 1: null

02-12-2024T04:32:25 - [TEST_STEP][PASSED] - x = x.substring(i3, x.length()): null

02-12-2024T04:32:25 - [TEST_STEP][PASSED] - return x: null

02-12-2024T04:32:25 - [TEST_STEP][PASSED] - tableA = Script1719551244403.NewDZO(x = tableA): null

02-12-2024T04:32:25 - [TEST_STEP][PASSED] - i3 = <not implemented yet for class: org.codehaus.groovy.ast.expr.EmptyExpression>: null

02-12-2024T04:32:25 - [TEST_STEP][PASSED] - i3 = x.indexOf("/") + 1: null

02-12-2024T04:32:25 - [TEST_STEP][PASSED] - x = x.substring(i3, x.length()): null

02-12-2024T04:32:25 - [TEST_STEP][PASSED] - return x: null

02-12-2024T04:32:25 - [TEST_STEP][PASSED] - i = tableA.indexOf("Запад"): null

02-12-2024T04:32:25 - [TEST_STEP][PASSED] - SKA = replaceAll("\p{P}", "").trim(): null

02-12-2024T04:32:25 - [TEST_STEP][PASSED] - println("SKA: " + SKA): null

02-12-2024T04:32:25 - [TEST_STEP][PASSED] - for ([i = 1, i < 7, (i++)]): null

02-12-2024T04:32:25 - [TEST_STEP][PASSED] - tableA = Script1719551244403.NewDZO(x = tableA): null

02-12-2024T04:32:25 - [TEST_STEP][PASSED] - i3 = <not implemented yet for class: org.codehaus.groovy.ast.expr.EmptyExpression>: null

02-12-2024T04:32:25 - [TEST_STEP][PASSED] - i3 = x.indexOf("/") + 1: null

02-12-2024T04:32:25 - [TEST_STEP][PASSED] - x = x.substring(i3, x.length()): null

02-12-2024T04:32:25 - [TEST_STEP][PASSED] - return x: null

02-12-2024T04:32:25 - [TEST_STEP][PASSED] - tableA = Script1719551244403.NewDZO(x = tableA): null

02-12-2024T04:32:25 - [TEST_STEP][PASSED] - i3 = <not implemented yet for class: org.codehaus.groovy.ast.expr.EmptyExpression>: null

02-12-2024T04:32:25 - [TEST_STEP][PASSED] - i3 = x.indexOf("/") + 1: null

02-12-2024T04:32:25 - [TEST_STEP][PASSED] - x = x.substring(i3, x.length()): null

02-12-2024T04:32:25 - [TEST_STEP][PASSED] - return x: null

02-12-2024T04:32:25 - [TEST_STEP][PASSED] - tableA = Script1719551244403.NewDZO(x = tableA): null

02-12-2024T04:32:25 - [TEST_STEP][PASSED] - i3 = <not implemented yet for class: org.codehaus.groovy.ast.expr.EmptyExpression>: null

02-12-2024T04:32:25 - [TEST_STEP][PASSED] - i3 = x.indexOf("/") + 1: null

02-12-2024T04:32:25 - [TEST_STEP][PASSED] - x = x.substring(i3, x.length()): null

02-12-2024T04:32:25 - [TEST_STEP][PASSED] - return x: null

02-12-2024T04:32:25 - [TEST_STEP][PASSED] - tableA = Script1719551244403.NewDZO(x = tableA): null

02-12-2024T04:32:25 - [TEST_STEP][PASSED] - i3 = <not implemented yet for class: org.codehaus.groovy.ast.expr.EmptyExpression>: null

02-12-2024T04:32:25 - [TEST_STEP][PASSED] - i3 = x.indexOf("/") + 1: null

02-12-2024T04:32:25 - [TEST_STEP][PASSED] - x = x.substring(i3, x.length()): null

02-12-2024T04:32:25 - [TEST_STEP][PASSED] - return x: null

02-12-2024T04:32:25 - [TEST_STEP][PASSED] - tableA = Script1719551244403.NewDZO(x = tableA): null

02-12-2024T04:32:25 - [TEST_STEP][PASSED] - i3 = <not implemented yet for class: org.codehaus.groovy.ast.expr.EmptyExpression>: null

02-12-2024T04:32:25 - [TEST_STEP][PASSED] - i3 = x.indexOf("/") + 1: null

02-12-2024T04:32:25 - [TEST_STEP][PASSED] - x = x.substring(i3, x.length()): null

02-12-2024T04:32:25 - [TEST_STEP][PASSED] - return x: null

02-12-2024T04:32:25 - [TEST_STEP][PASSED] - tableA = Script1719551244403.NewDZO(x = tableA): null

02-12-2024T04:32:25 - [TEST_STEP][PASSED] - i3 = <not implemented yet for class: org.codehaus.groovy.ast.expr.EmptyExpression>: null

02-12-2024T04:32:25 - [TEST_STEP][PASSED] - i3 = x.indexOf("/") + 1: null

02-12-2024T04:32:25 - [TEST_STEP][PASSED] - x = x.substring(i3, x.length()): null

02-12-2024T04:32:25 - [TEST_STEP][PASSED] - return x: null

02-12-2024T04:32:25 - [TEST_STEP][PASSED] - i = tableA.indexOf("Сибирь"): null

02-12-2024T04:32:25 - [TEST_STEP][PASSED] - SZA = replaceAll("\p{P}", "").trim(): null

02-12-2024T04:32:25 - [TEST_STEP][PASSED] - println("SZA: " + SZA): null

02-12-2024T04:32:25 - [TEST_STEP][PASSED] - for ([i = 1, i < 8, (i++)]): null

02-12-2024T04:32:25 - [TEST_STEP][PASSED] - tableA = Script1719551244403.NewDZO(x = tableA): null

02-12-2024T04:32:25 - [TEST_STEP][PASSED] - i3 = <not implemented yet for class: org.codehaus.groovy.ast.expr.EmptyExpression>: null

02-12-2024T04:32:25 - [TEST_STEP][PASSED] - i3 = x.indexOf("/") + 1: null

02-12-2024T04:32:25 - [TEST_STEP][PASSED] - x = x.substring(i3, x.length()): null

02-12-2024T04:32:25 - [TEST_STEP][PASSED] - return x: null

02-12-2024T04:32:25 - [TEST_STEP][PASSED] - tableA = Script1719551244403.NewDZO(x = tableA): null

02-12-2024T04:32:25 - [TEST_STEP][PASSED] - i3 = <not implemented yet for class: org.codehaus.groovy.ast.expr.EmptyExpression>: null

02-12-2024T04:32:25 - [TEST_STEP][PASSED] - i3 = x.indexOf("/") + 1: null

02-12-2024T04:32:25 - [TEST_STEP][PASSED] - x = x.substring(i3, x.length()): null

02-12-2024T04:32:25 - [TEST_STEP][PASSED] - return x: null

02-12-2024T04:32:25 - [TEST_STEP][PASSED] - tableA = Script1719551244403.NewDZO(x = tableA): null

02-12-2024T04:32:25 - [TEST_STEP][PASSED] - i3 = <not implemented yet for class: org.codehaus.groovy.ast.expr.EmptyExpression>: null

02-12-2024T04:32:25 - [TEST_STEP][PASSED] - i3 = x.indexOf("/") + 1: null

02-12-2024T04:32:25 - [TEST_STEP][PASSED] - x = x.substring(i3, x.length()): null

02-12-2024T04:32:25 - [TEST_STEP][PASSED] - return x: null

02-12-2024T04:32:25 - [TEST_STEP][PASSED] - tableA = Script1719551244403.NewDZO(x = tableA): null

02-12-2024T04:32:25 - [TEST_STEP][PASSED] - i3 = <not implemented yet for class: org.codehaus.groovy.ast.expr.EmptyExpression>: null

02-12-2024T04:32:25 - [TEST_STEP][PASSED] - i3 = x.indexOf("/") + 1: null

02-12-2024T04:32:25 - [TEST_STEP][PASSED] - x = x.substring(i3, x.length()): null

02-12-2024T04:32:25 - [TEST_STEP][PASSED] - return x: null

02-12-2024T04:32:25 - [TEST_STEP][PASSED] - tableA = Script1719551244403.NewDZO(x = tableA): null

02-12-2024T04:32:25 - [TEST_STEP][PASSED] - i3 = <not implemented yet for class: org.codehaus.groovy.ast.expr.EmptyExpression>: null

02-12-2024T04:32:25 - [TEST_STEP][PASSED] - i3 = x.indexOf("/") + 1: null

02-12-2024T04:32:25 - [TEST_STEP][PASSED] - x = x.substring(i3, x.length()): null

02-12-2024T04:32:25 - [TEST_STEP][PASSED] - return x: null

02-12-2024T04:32:25 - [TEST_STEP][PASSED] - tableA = Script1719551244403.NewDZO(x = tableA): null

02-12-2024T04:32:25 - [TEST_STEP][PASSED] - i3 = <not implemented yet for class: org.codehaus.groovy.ast.expr.EmptyExpression>: null

02-12-2024T04:32:25 - [TEST_STEP][PASSED] - i3 = x.indexOf("/") + 1: null

02-12-2024T04:32:25 - [TEST_STEP][PASSED] - x = x.substring(i3, x.length()): null

02-12-2024T04:32:25 - [TEST_STEP][PASSED] - return x: null

02-12-2024T04:32:25 - [TEST_STEP][PASSED] - tableA = Script1719551244403.NewDZO(x = tableA): null

02-12-2024T04:32:25 - [TEST_STEP][PASSED] - i3 = <not implemented yet for class: org.codehaus.groovy.ast.expr.EmptyExpression>: null

02-12-2024T04:32:25 - [TEST_STEP][PASSED] - i3 = x.indexOf("/") + 1: null

02-12-2024T04:32:25 - [TEST_STEP][PASSED] - x = x.substring(i3, x.length()): null

02-12-2024T04:32:25 - [TEST_STEP][PASSED] - return x: null

02-12-2024T04:32:25 - [TEST_STEP][PASSED] - i = tableA.indexOf("Томск"): null

02-12-2024T04:32:25 - [TEST_STEP][PASSED] - SiA = replaceAll("\p{P}", "").trim(): null

02-12-2024T04:32:25 - [TEST_STEP][PASSED] - println("SiA: " + SiA): null

02-12-2024T04:32:25 - [TEST_STEP][PASSED] - for ([i = 1, i < 9, (i++)]): null

02-12-2024T04:32:25 - [TEST_STEP][PASSED] - tableA = Script1719551244403.NewDZO(x = tableA): null

02-12-2024T04:32:25 - [TEST_STEP][PASSED] - i3 = <not implemented yet for class: org.codehaus.groovy.ast.expr.EmptyExpression>: null

02-12-2024T04:32:25 - [TEST_STEP][PASSED] - i3 = x.indexOf("/") + 1: null

02-12-2024T04:32:25 - [TEST_STEP][PASSED] - x = x.substring(i3, x.length()): null

02-12-2024T04:32:25 - [TEST_STEP][PASSED] - return x: null

02-12-2024T04:32:25 - [TEST_STEP][PASSED] - tableA = Script1719551244403.NewDZO(x = tableA): null

02-12-2024T04:32:25 - [TEST_STEP][PASSED] - i3 = <not implemented yet for class: org.codehaus.groovy.ast.expr.EmptyExpression>: null

02-12-2024T04:32:25 - [TEST_STEP][PASSED] - i3 = x.indexOf("/") + 1: null

02-12-2024T04:32:25 - [TEST_STEP][PASSED] - x = x.substring(i3, x.length()): null

02-12-2024T04:32:25 - [TEST_STEP][PASSED] - return x: null

02-12-2024T04:32:25 - [TEST_STEP][PASSED] - tableA = Script1719551244403.NewDZO(x = tableA): null

02-12-2024T04:32:25 - [TEST_STEP][PASSED] - i3 = <not implemented yet for class: org.codehaus.groovy.ast.expr.EmptyExpression>: null

02-12-2024T04:32:25 - [TEST_STEP][PASSED] - i3 = x.indexOf("/") + 1: null

02-12-2024T04:32:25 - [TEST_STEP][PASSED] - x = x.substring(i3, x.length()): null

02-12-2024T04:32:25 - [TEST_STEP][PASSED] - return x: null

02-12-2024T04:32:25 - [TEST_STEP][PASSED] - tableA = Script1719551244403.NewDZO(x = tableA): null

02-12-2024T04:32:25 - [TEST_STEP][PASSED] - i3 = <not implemented yet for class: org.codehaus.groovy.ast.expr.EmptyExpression>: null

02-12-2024T04:32:25 - [TEST_STEP][PASSED] - i3 = x.indexOf("/") + 1: null

02-12-2024T04:32:25 - [TEST_STEP][PASSED] - x = x.substring(i3, x.length()): null

02-12-2024T04:32:25 - [TEST_STEP][PASSED] - return x: null

02-12-2024T04:32:25 - [TEST_STEP][PASSED] - tableA = Script1719551244403.NewDZO(x = tableA): null

02-12-2024T04:32:25 - [TEST_STEP][PASSED] - i3 = <not implemented yet for class: org.codehaus.groovy.ast.expr.EmptyExpression>: null

02-12-2024T04:32:25 - [TEST_STEP][PASSED] - i3 = x.indexOf("/") + 1: null

02-12-2024T04:32:25 - [TEST_STEP][PASSED] - x = x.substring(i3, x.length()): null

02-12-2024T04:32:25 - [TEST_STEP][PASSED] - return x: null

02-12-2024T04:32:25 - [TEST_STEP][PASSED] - tableA = Script1719551244403.NewDZO(x = tableA): null

02-12-2024T04:32:25 - [TEST_STEP][PASSED] - i3 = <not implemented yet for class: org.codehaus.groovy.ast.expr.EmptyExpression>: null

02-12-2024T04:32:25 - [TEST_STEP][PASSED] - i3 = x.indexOf("/") + 1: null

02-12-2024T04:32:25 - [TEST_STEP][PASSED] - x = x.substring(i3, x.length()): null

02-12-2024T04:32:25 - [TEST_STEP][PASSED] - return x: null

02-12-2024T04:32:25 - [TEST_STEP][PASSED] - tableA = Script1719551244403.NewDZO(x = tableA): null

02-12-2024T04:32:25 - [TEST_STEP][PASSED] - i3 = <not implemented yet for class: org.codehaus.groovy.ast.expr.EmptyExpression>: null

02-12-2024T04:32:25 - [TEST_STEP][PASSED] - i3 = x.indexOf("/") + 1: null

02-12-2024T04:32:25 - [TEST_STEP][PASSED] - x = x.substring(i3, x.length()): null

02-12-2024T04:32:25 - [TEST_STEP][PASSED] - return x: null

02-12-2024T04:32:25 - [TEST_STEP][PASSED] - tableA = Script1719551244403.NewDZO(x = tableA): null

02-12-2024T04:32:25 - [TEST_STEP][PASSED] - i3 = <not implemented yet for class: org.codehaus.groovy.ast.expr.EmptyExpression>: null

02-12-2024T04:32:25 - [TEST_STEP][PASSED] - i3 = x.indexOf("/") + 1: null

02-12-2024T04:32:25 - [TEST_STEP][PASSED] - x = x.substring(i3, x.length()): null

02-12-2024T04:32:25 - [TEST_STEP][PASSED] - return x: null

02-12-2024T04:32:25 - [TEST_STEP][PASSED] - i = tableA.indexOf("Тюмень"): null

02-12-2024T04:32:25 - [TEST_STEP][PASSED] - ToA = replaceAll("\p{P}", "").trim(): null

02-12-2024T04:32:25 - [TEST_STEP][PASSED] - println("ToA: " + ToA): null

02-12-2024T04:32:25 - [TEST_STEP][PASSED] - tableA = Script1719551244403.NewDZO(x = tableA): null

02-12-2024T04:32:25 - [TEST_STEP][PASSED] - i3 = <not implemented yet for class: org.codehaus.groovy.ast.expr.EmptyExpression>: null

02-12-2024T04:32:25 - [TEST_STEP][PASSED] - i3 = x.indexOf("/") + 1: null

02-12-2024T04:32:25 - [TEST_STEP][PASSED] - x = x.substring(i3, x.length()): null

02-12-2024T04:32:25 - [TEST_STEP][PASSED] - return x: null

02-12-2024T04:32:25 - [TEST_STEP][PASSED] - TyuA = replaceAll("\p{P}", "").trim(): null

02-12-2024T04:32:25 - [TEST_STEP][PASSED] - println("TyuA: " + TyuA): null

02-12-2024T04:32:25 - [TEST_STEP][PASSED] - tableA = Script1719551244403.NewDZO(x = tableA): null

02-12-2024T04:32:25 - [TEST_STEP][PASSED] - i3 = <not implemented yet for class: org.codehaus.groovy.ast.expr.EmptyExpression>: null

02-12-2024T04:32:25 - [TEST_STEP][PASSED] - i3 = x.indexOf("/") + 1: null

02-12-2024T04:32:25 - [TEST_STEP][PASSED] - x = x.substring(i3, x.length()): null

02-12-2024T04:32:25 - [TEST_STEP][PASSED] - return x: null

02-12-2024T04:32:25 - [TEST_STEP][PASSED] - i = tableA.indexOf("ЕЭС"): null

02-12-2024T04:32:25 - [TEST_STEP][PASSED] - UrA = replaceAll("\p{P}", "").trim(): null

02-12-2024T04:32:25 - [TEST_STEP][PASSED] - println("UrA: " + UrA): null

02-12-2024T04:32:25 - [TEST_STEP][PASSED] - for ([i = 1, i < 4, (i++)]): null

02-12-2024T04:32:25 - [TEST_STEP][PASSED] - tableA = Script1719551244403.NewDZO(x = tableA): null

02-12-2024T04:32:25 - [TEST_STEP][PASSED] - i3 = <not implemented yet for class: org.codehaus.groovy.ast.expr.EmptyExpression>: null

02-12-2024T04:32:25 - [TEST_STEP][PASSED] - i3 = x.indexOf("/") + 1: null

02-12-2024T04:32:25 - [TEST_STEP][PASSED] - x = x.substring(i3, x.length()): null

02-12-2024T04:32:25 - [TEST_STEP][PASSED] - return x: null

02-12-2024T04:32:25 - [TEST_STEP][PASSED] - tableA = Script1719551244403.NewDZO(x = tableA): null

02-12-2024T04:32:25 - [TEST_STEP][PASSED] - i3 = <not implemented yet for class: org.codehaus.groovy.ast.expr.EmptyExpression>: null

02-12-2024T04:32:25 - [TEST_STEP][PASSED] - i3 = x.indexOf("/") + 1: null

02-12-2024T04:32:25 - [TEST_STEP][PASSED] - x = x.substring(i3, x.length()): null

02-12-2024T04:32:25 - [TEST_STEP][PASSED] - return x: null

02-12-2024T04:32:25 - [TEST_STEP][PASSED] - tableA = Script1719551244403.NewDZO(x = tableA): null

02-12-2024T04:32:25 - [TEST_STEP][PASSED] - i3 = <not implemented yet for class: org.codehaus.groovy.ast.expr.EmptyExpression>: null

02-12-2024T04:32:25 - [TEST_STEP][PASSED] - i3 = x.indexOf("/") + 1: null

02-12-2024T04:32:25 - [TEST_STEP][PASSED] - x = x.substring(i3, x.length()): null

02-12-2024T04:32:25 - [TEST_STEP][PASSED] - return x: null

02-12-2024T04:32:25 - [TEST_STEP][PASSED] - i = tableA.indexOf("Центр"): null

02-12-2024T04:32:25 - [TEST_STEP][PASSED] - FSKA = replaceAll("\p{P}", "").trim(): null

02-12-2024T04:32:25 - [TEST_STEP][PASSED] - println("FSKA: " + FSKA): null

02-12-2024T04:32:25 - [TEST_STEP][PASSED] - tableA = Script1719551244403.NewDZO(x = tableA): null

02-12-2024T04:32:25 - [TEST_STEP][PASSED] - i3 = <not implemented yet for class: org.codehaus.groovy.ast.expr.EmptyExpression>: null

02-12-2024T04:32:25 - [TEST_STEP][PASSED] - i3 = x.indexOf("/") + 1: null

02-12-2024T04:32:25 - [TEST_STEP][PASSED] - x = x.substring(i3, x.length()): null

02-12-2024T04:32:25 - [TEST_STEP][PASSED] - return x: null

02-12-2024T04:32:25 - [TEST_STEP][PASSED] - i = tableA.indexOf("Приволжье"): null

02-12-2024T04:32:25 - [TEST_STEP][PASSED] - CenA = replaceAll("\p{P}", "").trim(): null

02-12-2024T04:32:25 - [TEST_STEP][PASSED] - println("CenA: " + CenA): null

02-12-2024T04:32:25 - [TEST_STEP][PASSED] - for ([i = 1, i < 12, (i++)]): null

02-12-2024T04:32:25 - [TEST_STEP][PASSED] - tableA = Script1719551244403.NewDZO(x = tableA): null

02-12-2024T04:32:25 - [TEST_STEP][PASSED] - i3 = <not implemented yet for class: org.codehaus.groovy.ast.expr.EmptyExpression>: null

02-12-2024T04:32:25 - [TEST_STEP][PASSED] - i3 = x.indexOf("/") + 1: null

02-12-2024T04:32:25 - [TEST_STEP][PASSED] - x = x.substring(i3, x.length()): null

02-12-2024T04:32:25 - [TEST_STEP][PASSED] - return x: null

02-12-2024T04:32:25 - [TEST_STEP][PASSED] - tableA = Script1719551244403.NewDZO(x = tableA): null

02-12-2024T04:32:25 - [TEST_STEP][PASSED] - i3 = <not implemented yet for class: org.codehaus.groovy.ast.expr.EmptyExpression>: null

02-12-2024T04:32:25 - [TEST_STEP][PASSED] - i3 = x.indexOf("/") + 1: null

02-12-2024T04:32:25 - [TEST_STEP][PASSED] - x = x.substring(i3, x.length()): null

02-12-2024T04:32:25 - [TEST_STEP][PASSED] - return x: null

02-12-2024T04:32:25 - [TEST_STEP][PASSED] - tableA = Script1719551244403.NewDZO(x = tableA): null

02-12-2024T04:32:25 - [TEST_STEP][PASSED] - i3 = <not implemented yet for class: org.codehaus.groovy.ast.expr.EmptyExpression>: null

02-12-2024T04:32:25 - [TEST_STEP][PASSED] - i3 = x.indexOf("/") + 1: null

02-12-2024T04:32:25 - [TEST_STEP][PASSED] - x = x.substring(i3, x.length()): null

02-12-2024T04:32:25 - [TEST_STEP][PASSED] - return x: null

02-12-2024T04:32:25 - [TEST_STEP][PASSED] - tableA = Script1719551244403.NewDZO(x = tableA): null

02-12-2024T04:32:25 - [TEST_STEP][PASSED] - i3 = <not implemented yet for class: org.codehaus.groovy.ast.expr.EmptyExpression>: null

02-12-2024T04:32:25 - [TEST_STEP][PASSED] - i3 = x.indexOf("/") + 1: null

02-12-2024T04:32:25 - [TEST_STEP][PASSED] - x = x.substring(i3, x.length()): null

02-12-2024T04:32:25 - [TEST_STEP][PASSED] - return x: null

02-12-2024T04:32:25 - [TEST_STEP][PASSED] - tableA = Script1719551244403.NewDZO(x = tableA): null

02-12-2024T04:32:25 - [TEST_STEP][PASSED] - i3 = <not implemented yet for class: org.codehaus.groovy.ast.expr.EmptyExpression>: null

02-12-2024T04:32:25 - [TEST_STEP][PASSED] - i3 = x.indexOf("/") + 1: null

02-12-2024T04:32:25 - [TEST_STEP][PASSED] - x = x.substring(i3, x.length()): null

02-12-2024T04:32:25 - [TEST_STEP][PASSED] - return x: null

02-12-2024T04:32:25 - [TEST_STEP][PASSED] - tableA = Script1719551244403.NewDZO(x = tableA): null

02-12-2024T04:32:25 - [TEST_STEP][PASSED] - i3 = <not implemented yet for class: org.codehaus.groovy.ast.expr.EmptyExpression>: null

02-12-2024T04:32:25 - [TEST_STEP][PASSED] - i3 = x.indexOf("/") + 1: null

02-12-2024T04:32:25 - [TEST_STEP][PASSED] - x = x.substring(i3, x.length()): null

02-12-2024T04:32:25 - [TEST_STEP][PASSED] - return x: null

02-12-2024T04:32:25 - [TEST_STEP][PASSED] - tableA = Script1719551244403.NewDZO(x = tableA): null

02-12-2024T04:32:25 - [TEST_STEP][PASSED] - i3 = <not implemented yet for class: org.codehaus.groovy.ast.expr.EmptyExpression>: null

02-12-2024T04:32:25 - [TEST_STEP][PASSED] - i3 = x.indexOf("/") + 1: null

02-12-2024T04:32:25 - [TEST_STEP][PASSED] - x = x.substring(i3, x.length()): null

02-12-2024T04:32:25 - [TEST_STEP][PASSED] - return x: null

02-12-2024T04:32:25 - [TEST_STEP][PASSED] - tableA = Script1719551244403.NewDZO(x = tableA): null

02-12-2024T04:32:25 - [TEST_STEP][PASSED] - i3 = <not implemented yet for class: org.codehaus.groovy.ast.expr.EmptyExpression>: null

02-12-2024T04:32:25 - [TEST_STEP][PASSED] - i3 = x.indexOf("/") + 1: null

02-12-2024T04:32:25 - [TEST_STEP][PASSED] - x = x.substring(i3, x.length()): null

02-12-2024T04:32:25 - [TEST_STEP][PASSED] - return x: null

02-12-2024T04:32:25 - [TEST_STEP][PASSED] - tableA = Script1719551244403.NewDZO(x = tableA): null

02-12-2024T04:32:25 - [TEST_STEP][PASSED] - i3 = <not implemented yet for class: org.codehaus.groovy.ast.expr.EmptyExpression>: null

02-12-2024T04:32:25 - [TEST_STEP][PASSED] - i3 = x.indexOf("/") + 1: null

02-12-2024T04:32:25 - [TEST_STEP][PASSED] - x = x.substring(i3, x.length()): null

02-12-2024T04:32:25 - [TEST_STEP][PASSED] - return x: null

02-12-2024T04:32:25 - [TEST_STEP][PASSED] - tableA = Script1719551244403.NewDZO(x = tableA): null

02-12-2024T04:32:25 - [TEST_STEP][PASSED] - i3 = <not implemented yet for class: org.codehaus.groovy.ast.expr.EmptyExpression>: null

02-12-2024T04:32:25 - [TEST_STEP][PASSED] - i3 = x.indexOf("/") + 1: null

02-12-2024T04:32:25 - [TEST_STEP][PASSED] - x = x.substring(i3, x.length()): null

02-12-2024T04:32:25 - [TEST_STEP][PASSED] - return x: null

02-12-2024T04:32:25 - [TEST_STEP][PASSED] - tableA = Script1719551244403.NewDZO(x = tableA): null

02-12-2024T04:32:25 - [TEST_STEP][PASSED] - i3 = <not implemented yet for class: org.codehaus.groovy.ast.expr.EmptyExpression>: null

02-12-2024T04:32:25 - [TEST_STEP][PASSED] - i3 = x.indexOf("/") + 1: null

02-12-2024T04:32:25 - [TEST_STEP][PASSED] - x = x.substring(i3, x.length()): null

02-12-2024T04:32:25 - [TEST_STEP][PASSED] - return x: null

02-12-2024T04:32:25 - [TEST_STEP][PASSED] - i = tableA.indexOf("Юг"): null

02-12-2024T04:32:25 - [TEST_STEP][PASSED] - CiPA = replaceAll("\p{P}", "").trim(): null

02-12-2024T04:32:25 - [TEST_STEP][PASSED] - println("CiPA: " + CiPA): null

02-12-2024T04:32:25 - [TEST_STEP][PASSED] - for ([i = 1, i < 10, (i++)]): null

02-12-2024T04:32:25 - [TEST_STEP][PASSED] - tableA = Script1719551244403.NewDZO(x = tableA): null

02-12-2024T04:32:25 - [TEST_STEP][PASSED] - i3 = <not implemented yet for class: org.codehaus.groovy.ast.expr.EmptyExpression>: null

02-12-2024T04:32:25 - [TEST_STEP][PASSED] - i3 = x.indexOf("/") + 1: null

02-12-2024T04:32:25 - [TEST_STEP][PASSED] - x = x.substring(i3, x.length()): null

02-12-2024T04:32:25 - [TEST_STEP][PASSED] - return x: null

02-12-2024T04:32:25 - [TEST_STEP][PASSED] - tableA = Script1719551244403.NewDZO(x = tableA): null

02-12-2024T04:32:25 - [TEST_STEP][PASSED] - i3 = <not implemented yet for class: org.codehaus.groovy.ast.expr.EmptyExpression>: null

02-12-2024T04:32:25 - [TEST_STEP][PASSED] - i3 = x.indexOf("/") + 1: null

02-12-2024T04:32:25 - [TEST_STEP][PASSED] - x = x.substring(i3, x.length()): null

02-12-2024T04:32:25 - [TEST_STEP][PASSED] - return x: null

02-12-2024T04:32:25 - [TEST_STEP][PASSED] - tableA = Script1719551244403.NewDZO(x = tableA): null

02-12-2024T04:32:25 - [TEST_STEP][PASSED] - i3 = <not implemented yet for class: org.codehaus.groovy.ast.expr.EmptyExpression>: null

02-12-2024T04:32:25 - [TEST_STEP][PASSED] - i3 = x.indexOf("/") + 1: null

02-12-2024T04:32:25 - [TEST_STEP][PASSED] - x = x.substring(i3, x.length()): null

02-12-2024T04:32:25 - [TEST_STEP][PASSED] - return x: null

02-12-2024T04:32:25 - [TEST_STEP][PASSED] - tableA = Script1719551244403.NewDZO(x = tableA): null

02-12-2024T04:32:25 - [TEST_STEP][PASSED] - i3 = <not implemented yet for class: org.codehaus.groovy.ast.expr.EmptyExpression>: null

02-12-2024T04:32:25 - [TEST_STEP][PASSED] - i3 = x.indexOf("/") + 1: null

02-12-2024T04:32:25 - [TEST_STEP][PASSED] - x = x.substring(i3, x.length()): null

02-12-2024T04:32:25 - [TEST_STEP][PASSED] - return x: null

02-12-2024T04:32:25 - [TEST_STEP][PASSED] - tableA = Script1719551244403.NewDZO(x = tableA): null

02-12-2024T04:32:25 - [TEST_STEP][PASSED] - i3 = <not implemented yet for class: org.codehaus.groovy.ast.expr.EmptyExpression>: null

02-12-2024T04:32:25 - [TEST_STEP][PASSED] - i3 = x.indexOf("/") + 1: null

02-12-2024T04:32:25 - [TEST_STEP][PASSED] - x = x.substring(i3, x.length()): null

02-12-2024T04:32:25 - [TEST_STEP][PASSED] - return x: null

02-12-2024T04:32:25 - [TEST_STEP][PASSED] - tableA = Script1719551244403.NewDZO(x = tableA): null

02-12-2024T04:32:25 - [TEST_STEP][PASSED] - i3 = <not implemented yet for class: org.codehaus.groovy.ast.expr.EmptyExpression>: null

02-12-2024T04:32:25 - [TEST_STEP][PASSED] - i3 = x.indexOf("/") + 1: null

02-12-2024T04:32:25 - [TEST_STEP][PASSED] - x = x.substring(i3, x.length()): null

02-12-2024T04:32:25 - [TEST_STEP][PASSED] - return x: null

02-12-2024T04:32:25 - [TEST_STEP][PASSED] - tableA = Script1719551244403.NewDZO(x = tableA): null

02-12-2024T04:32:25 - [TEST_STEP][PASSED] - i3 = <not implemented yet for class: org.codehaus.groovy.ast.expr.EmptyExpression>: null

02-12-2024T04:32:25 - [TEST_STEP][PASSED] - i3 = x.indexOf("/") + 1: null

02-12-2024T04:32:25 - [TEST_STEP][PASSED] - x = x.substring(i3, x.length()): null

02-12-2024T04:32:25 - [TEST_STEP][PASSED] - return x: null

02-12-2024T04:32:25 - [TEST_STEP][PASSED] - tableA = Script1719551244403.NewDZO(x = tableA): null

02-12-2024T04:32:25 - [TEST_STEP][PASSED] - i3 = <not implemented yet for class: org.codehaus.groovy.ast.expr.EmptyExpression>: null

02-12-2024T04:32:25 - [TEST_STEP][PASSED] - i3 = x.indexOf("/") + 1: null

02-12-2024T04:32:25 - [TEST_STEP][PASSED] - x = x.substring(i3, x.length()): null

02-12-2024T04:32:25 - [TEST_STEP][PASSED] - return x: null

02-12-2024T04:32:25 - [TEST_STEP][PASSED] - tableA = Script1719551244403.NewDZO(x = tableA): null

02-12-2024T04:32:25 - [TEST_STEP][PASSED] - i3 = <not implemented yet for class: org.codehaus.groovy.ast.expr.EmptyExpression>: null

02-12-2024T04:32:25 - [TEST_STEP][PASSED] - i3 = x.indexOf("/") + 1: null

02-12-2024T04:32:25 - [TEST_STEP][PASSED] - x = x.substring(i3, x.length()): null

02-12-2024T04:32:25 - [TEST_STEP][PASSED] - return x: null

02-12-2024T04:32:25 - [TEST_STEP][PASSED] - i = tableA.indexOf("Янтарь"): null

02-12-2024T04:32:25 - [TEST_STEP][PASSED] - UgA = replaceAll("\p{P}", "").trim(): null

02-12-2024T04:32:25 - [TEST_STEP][PASSED] - println("UgA: " + UgA): null

02-12-2024T04:32:25 - [TEST_STEP][PASSED] - i = tableA.lastIndexOf("/"): null

02-12-2024T04:32:25 - [TEST_STEP][PASSED] - YaA = replaceAll("\p{P}", "").trim(): null

02-12-2024T04:32:25 - [TEST_STEP][PASSED] - println("YaA: " + YaA): null

02-12-2024T04:32:25 - [TEST_STEP][PASSED] - delay(10): Delayed 10 second(s)

02-12-2024T04:32:35 - [MESSAGE][PASSED] - Delayed 10 second(s)

02-12-2024T04:32:35 - [TEST_STEP][PASSED] - navigateToUrl(findTestData("PlanFact").getValue(10, 11)): Navigate to 'https://bi.rosseti.digital/viewer?dashboardGuid=a1fd28b3785d443cbc4d7690a1d78e31&sheetGuid=d3a0ddec2e914cb380b20dca74903099&fit=true' successfully

02-12-2024T04:32:36 - [MESSAGE][PASSED] - Navigate to 'https://bi.rosseti.digital/viewer?dashboardGuid=a1fd28b3785d443cbc4d7690a1d78e31&sheetGuid=d3a0ddec2e914cb380b20dca74903099&fit=true' successfully

02-12-2024T04:32:36 - [TEST_STEP][PASSED] - b = <not implemented yet for class: org.codehaus.groovy.ast.expr.EmptyExpression>: null

02-12-2024T04:32:36 - [TEST_STEP][PASSED] - b1 = <not implemented yet for class: org.codehaus.groovy.ast.expr.EmptyExpression>: null

02-12-2024T04:32:36 - [TEST_STEP][PASSED] - b2 = <not implemented yet for class: org.codehaus.groovy.ast.expr.EmptyExpression>: null

02-12-2024T04:32:36 - [TEST_STEP][PASSED] - click(findTestObject("Факторный анализ/Фильтр Дата Выручка")): Object: 'Object Repository/Факторный анализ/Фильтр Дата Выручка' is clicked on

02-12-2024T04:32:58 - [MESSAGE][PASSED] - Object: 'Object Repository/Факторный анализ/Фильтр Дата Выручка' is clicked on

02-12-2024T04:32:58 - [TEST_STEP][PASSED] - click(findTestObject("Факторный анализ/Снять выделение в фильтре Дата Выручка")): Object: 'Object Repository/Факторный анализ/Снять выделение в фильтре Дата Выручка' is clicked on

02-12-2024T04:32:59 - [MESSAGE][PASSED] - Object: 'Object Repository/Факторный анализ/Снять выделение в фильтре Дата Выручка' is clicked on

02-12-2024T04:32:59 - [TEST_STEP][PASSED] - click(findTestObject("Факторный анализ/Применить в фильтре Дата Выручка")): Object: 'Object Repository/Факторный анализ/Применить в фильтре Дата Выручка' is clicked on

02-12-2024T04:32:59 - [MESSAGE][PASSED] - Object: 'Object Repository/Факторный анализ/Применить в фильтре Дата Выручка' is clicked on

02-12-2024T04:32:59 - [TEST_STEP][PASSED] - delay(10): Delayed 10 second(s)

02-12-2024T04:33:09 - [MESSAGE][PASSED] - Delayed 10 second(s)

02-12-2024T04:33:09 - [TEST_STEP][PASSED] - click(findTestObject("Факторный анализ/Фильтр Дата Выручка")): Object: 'Object Repository/Факторный анализ/Фильтр Дата Выручка' is clicked on

02-12-2024T04:33:10 - [MESSAGE][PASSED] - Object: 'Object Repository/Факторный анализ/Фильтр Дата Выручка' is clicked on

02-12-2024T04:33:10 - [TEST_STEP][PASSED] - click(findTestObject("Факторный анализ/Снять выделение в фильтре Дата Выручка")): Object: 'Object Repository/Факторный анализ/Снять выделение в фильтре Дата Выручка' is clicked on

02-12-2024T04:33:10 - [MESSAGE][PASSED] - Object: 'Object Repository/Факторный анализ/Снять выделение в фильтре Дата Выручка' is clicked on

02-12-2024T04:33:10 - [TEST_STEP][PASSED] - scrollToElement(findTestObject("Факторный анализ/2024 список Выручка"), 30): Scroll to object 'Object Repository/Факторный анализ/2024 список Выручка' successfully

02-12-2024T04:33:10 - [MESSAGE][PASSED] - Scroll to object 'Object Repository/Факторный анализ/2024 список Выручка' successfully

02-12-2024T04:33:10 - [TEST_STEP][PASSED] - click(findTestObject("Факторный анализ/2024 список Выручка")): Object: 'Object Repository/Факторный анализ/2024 список Выручка' is clicked on

02-12-2024T04:33:11 - [MESSAGE][PASSED] - Object: 'Object Repository/Факторный анализ/2024 список Выручка' is clicked on

02-12-2024T04:33:11 - [TEST_STEP][PASSED] - scrollToElement(findTestObject("Факторный анализ/1 квартал 2024 выбрать Выручка"), 30): Scroll to object 'Object Repository/Факторный анализ/1 квартал 2024 выбрать Выручка' successfully

02-12-2024T04:33:11 - [MESSAGE][PASSED] - Scroll to object 'Object Repository/Факторный анализ/1 квартал 2024 выбрать Выручка' successfully

02-12-2024T04:33:11 - [TEST_STEP][PASSED] - click(findTestObject("Факторный анализ/1 квартал 2024 выбрать Выручка")): Object: 'Object Repository/Факторный анализ/1 квартал 2024 выбрать Выручка' is clicked on

02-12-2024T04:33:12 - [MESSAGE][PASSED] - Object: 'Object Repository/Факторный анализ/1 квартал 2024 выбрать Выручка' is clicked on

02-12-2024T04:33:12 - [TEST_STEP][PASSED] - scrollToElement(findTestObject("Факторный анализ/2 квартал 2024 выбрать Выручка"), 30): Scroll to object 'Object Repository/Факторный анализ/2 квартал 2024 выбрать Выручка' successfully

02-12-2024T04:33:12 - [MESSAGE][PASSED] - Scroll to object 'Object Repository/Факторный анализ/2 квартал 2024 выбрать Выручка' successfully

02-12-2024T04:33:12 - [TEST_STEP][PASSED] - click(findTestObject("Факторный анализ/2 квартал 2024 выбрать Выручка"), CONTINUE_ON_FAILURE): Object: 'Object Repository/Факторный анализ/2 квартал 2024 выбрать Выручка' is clicked on

02-12-2024T04:33:12 - [MESSAGE][PASSED] - Object: 'Object Repository/Факторный анализ/2 квартал 2024 выбрать Выручка' is clicked on

02-12-2024T04:33:12 - [TEST_STEP][PASSED] - click(findTestObject("Факторный анализ/3 квартал 2024 выбрать Выручка"), CONTINUE_ON_FAILURE): Object: 'Object Repository/Факторный анализ/3 квартал 2024 выбрать Выручка' is clicked on

02-12-2024T04:33:13 - [MESSAGE][PASSED] - Object: 'Object Repository/Факторный анализ/3 квартал 2024 выбрать Выручка' is clicked on

02-12-2024T04:33:13 - [TEST_STEP][PASSED] - scrollToElement(findTestObject("Факторный анализ/4 квартал 2024 список Выручка"), 30): Scroll to object 'Object Repository/Факторный анализ/4 квартал 2024 список Выручка' successfully

02-12-2024T04:33:13 - [MESSAGE][PASSED] - Scroll to object 'Object Repository/Факторный анализ/4 квартал 2024 список Выручка' successfully

02-12-2024T04:33:13 - [TEST_STEP][PASSED] - click(findTestObject("Факторный анализ/4 квартал 2024 список Выручка"), CONTINUE_ON_FAILURE): Object: 'Object Repository/Факторный анализ/4 квартал 2024 список Выручка' is clicked on

02-12-2024T04:33:14 - [MESSAGE][PASSED] - Object: 'Object Repository/Факторный анализ/4 квартал 2024 список Выручка' is clicked on

02-12-2024T04:33:14 - [TEST_STEP][PASSED] - scrollToElement(findTestObject("Факторный анализ/Октябрь 2024 Выручка"), 30): Scroll to object 'Object Repository/Факторный анализ/Октябрь 2024 Выручка' successfully

02-12-2024T04:33:14 - [MESSAGE][PASSED] - Scroll to object 'Object Repository/Факторный анализ/Октябрь 2024 Выручка' successfully

02-12-2024T04:33:14 - [TEST_STEP][PASSED] - click(findTestObject("Факторный анализ/Октябрь 2024 Выручка"), CONTINUE_ON_FAILURE): Object: 'Object Repository/Факторный анализ/Октябрь 2024 Выручка' is clicked on

02-12-2024T04:33:14 - [MESSAGE][PASSED] - Object: 'Object Repository/Факторный анализ/Октябрь 2024 Выручка' is clicked on

02-12-2024T04:33:14 - [TEST_STEP][PASSED] - scrollToElement(findTestObject("Факторный анализ/Заголовок дашборда Выручка"), 30): Scroll to object 'Object Repository/Факторный анализ/Заголовок дашборда Выручка' successfully

02-12-2024T04:33:15 - [MESSAGE][PASSED] - Scroll to object 'Object Repository/Факторный анализ/Заголовок дашборда Выручка' successfully

02-12-2024T04:33:15 - [TEST_STEP][PASSED] - click(findTestObject("Факторный анализ/Применить в фильтре Дата Выручка")): Object: 'Object Repository/Факторный анализ/Применить в фильтре Дата Выручка' is clicked on

02-12-2024T04:33:15 - [MESSAGE][PASSED] - Object: 'Object Repository/Факторный анализ/Применить в фильтре Дата Выручка' is clicked on

02-12-2024T04:33:15 - [TEST_STEP][PASSED] - if (run == 1): null

02-12-2024T04:33:15 - [TEST_STEP][PASSED] - b = getText(findTestObject("Факторный анализ/Отклонения выручки по факторам Выручка")): Text of object 'Object Repository/Факторный анализ/Отклонения выручки по факторам Выручка' is: '7 7297 729
-7 616-7 616
Отклонение (объём услуг) филиал без Nan
Отклонение (средний тариф) филиал без Nan
ПАО Россети'

02-12-2024T04:33:19 - [MESSAGE][PASSED] - Text of object 'Object Repository/Факторный анализ/Отклонения выручки по факторам Выручка' is: '7 7297 729
-7 616-7 616
Отклонение (объём услуг) филиал без Nan
Отклонение (средний тариф) филиал без Nan
ПАО Россети'

02-12-2024T04:33:19 - [TEST_STEP][PASSED] - b = b.replaceAll("[\r?
|
]", "/"): null

02-12-2024T04:33:19 - [TEST_STEP][PASSED] - println("b: " + b): null

02-12-2024T04:33:19 - [TEST_STEP][PASSED] - i = b.indexOf("Отклонение"): null

02-12-2024T04:33:19 - [TEST_STEP][PASSED] - if (i > -1): null

02-12-2024T04:33:19 - [TEST_STEP][PASSED] - i = i: null

02-12-2024T04:33:19 - [TEST_STEP][PASSED] - b = substring(0, i).trim(): null

02-12-2024T04:33:19 - [TEST_STEP][PASSED] - println("b: " + b): null

02-12-2024T04:33:19 - [TEST_STEP][PASSED] - i = b.indexOf("/"): null

02-12-2024T04:33:19 - [TEST_STEP][PASSED] - if (i > -1): null

02-12-2024T04:33:19 - [TEST_STEP][PASSED] - b1 = b.substring(0, i): null

02-12-2024T04:33:19 - [TEST_STEP][PASSED] - println("b1: " + b1): null

02-12-2024T04:33:19 - [TEST_STEP][PASSED] - b2 = b.substring(b1.length() + 1, b.length()): null

02-12-2024T04:33:19 - [TEST_STEP][PASSED] - println("b2: " + b2): null

02-12-2024T04:33:19 - [TEST_STEP][PASSED] - i = b1.length() / 2: null

02-12-2024T04:33:19 - [TEST_STEP][PASSED] - if (i > -1): null

02-12-2024T04:33:19 - [TEST_STEP][PASSED] - b1 = replaceAll("\s+", "").trim(): null

02-12-2024T04:33:19 - [TEST_STEP][PASSED] - println("b1: " + b1): null

02-12-2024T04:33:19 - [TEST_STEP][PASSED] - i = b2.length() / 2: null

02-12-2024T04:33:19 - [TEST_STEP][PASSED] - if (i > -1): null

02-12-2024T04:33:19 - [TEST_STEP][PASSED] - b2 = replaceAll("\s+", "").trim(): null

02-12-2024T04:33:19 - [TEST_STEP][PASSED] - println("b2: " + b2): null

02-12-2024T04:33:19 - [TEST_STEP][PASSED] - vidget = "Отклонения выручки по факторам": null

02-12-2024T04:33:19 - [TEST_STEP][PASSED] - DZO = "ПАО Россети": null

02-12-2024T04:33:19 - [TEST_STEP][PASSED] - typeOfData = "Отклонение (объём услуг)": null

02-12-2024T04:33:19 - [TEST_STEP][PASSED] - Script1719551244403.Compare(x = a1, y = b1, run, typeOfData, otobrajeniyeDannyh, todaysDate, vidget, DZO): null

02-12-2024T04:33:19 - [TEST_STEP][FAILED] - if (verifyEqual(x, y) == true): Unable to verify equal between actual object '-399523' and expected object '7729' (Root cause: com.kms.katalon.core.exception.StepFailedException: Actual object '-399523' and expected object '7729' are not equal
	at com.kms.katalon.core.keyword.builtin.VerifyEqualKeyword$_verifyEqual_closure1.doCall(VerifyEqualKeyword.groovy:58)
	at com.kms.katalon.core.keyword.builtin.VerifyEqualKeyword$_verifyEqual_closure1.call(VerifyEqualKeyword.groovy)
	at com.kms.katalon.core.keyword.internal.KeywordMain.runKeyword(KeywordMain.groovy:75)
	at com.kms.katalon.core.keyword.builtin.VerifyEqualKeyword.verifyEqual(VerifyEqualKeyword.groovy:63)
	at com.kms.katalon.core.keyword.builtin.VerifyEqualKeyword.execute(VerifyEqualKeyword.groovy:44)
	at com.kms.katalon.core.keyword.internal.KeywordExecutor.executeKeywordForPlatform(KeywordExecutor.groovy:74)
	at com.kms.katalon.core.keyword.BuiltinKeywords.verifyEqual(BuiltinKeywords.groovy:146)
	at jdk.internal.reflect.GeneratedMethodAccessor25.invoke(Unknown Source)
	at java.base/jdk.internal.reflect.DelegatingMethodAccessorImpl.invoke(DelegatingMethodAccessorImpl.java:43)
	at Факторный анализ сверка дашбордов.Compare(Факторный анализ сверка дашбордов:674)
	at Факторный анализ сверка дашбордов.Test(Факторный анализ сверка дашбордов:438)
	at Факторный анализ сверка дашбордов.run(Факторный анализ сверка дашбордов:44)
	at com.kms.katalon.core.main.ScriptEngine.run(ScriptEngine.java:194)
	at com.kms.katalon.core.main.ScriptEngine.runScriptAsRawText(ScriptEngine.java:119)
	at com.kms.katalon.core.main.TestCaseExecutor.runScript(TestCaseExecutor.java:448)
	at com.kms.katalon.core.main.TestCaseExecutor.doExecute(TestCaseExecutor.java:439)
	at com.kms.katalon.core.main.TestCaseExecutor.processExecutionPhase(TestCaseExecutor.java:418)
	at com.kms.katalon.core.main.TestCaseExecutor.accessMainPhase(TestCaseExecutor.java:410)
	at com.kms.katalon.core.main.TestCaseExecutor.execute(TestCaseExecutor.java:285)
	at com.kms.katalon.core.common.CommonExecutor.accessTestCaseMainPhase(CommonExecutor.java:65)
	at com.kms.katalon.core.main.TestSuiteExecutor.accessTestSuiteMainPhase(TestSuiteExecutor.java:150)
	at com.kms.katalon.core.main.TestSuiteExecutor.execute(TestSuiteExecutor.java:106)
	at com.kms.katalon.core.main.TestCaseMain.startTestSuite(TestCaseMain.java:180)
	at TempTestSuite1733095732962.run(TempTestSuite1733095732962.groovy:35)
	at java.base/jdk.internal.reflect.NativeMethodAccessorImpl.invoke0(Native Method)
	at java.base/jdk.internal.reflect.NativeMethodAccessorImpl.invoke(NativeMethodAccessorImpl.java:77)
	at java.base/jdk.internal.reflect.DelegatingMethodAccessorImpl.invoke(DelegatingMethodAccessorImpl.java:43)
)

02-12-2024T04:33:19 - [MESSAGE][FAILED] - Unable to verify equal between actual object '-399523' and expected object '7729' (Root cause: com.kms.katalon.core.exception.StepFailedException: Actual object '-399523' and expected object '7729' are not equal
	at com.kms.katalon.core.keyword.builtin.VerifyEqualKeyword$_verifyEqual_closure1.doCall(VerifyEqualKeyword.groovy:58)
	at com.kms.katalon.core.keyword.builtin.VerifyEqualKeyword$_verifyEqual_closure1.call(VerifyEqualKeyword.groovy)
	at com.kms.katalon.core.keyword.internal.KeywordMain.runKeyword(KeywordMain.groovy:75)
	at com.kms.katalon.core.keyword.builtin.VerifyEqualKeyword.verifyEqual(VerifyEqualKeyword.groovy:63)
	at com.kms.katalon.core.keyword.builtin.VerifyEqualKeyword.execute(VerifyEqualKeyword.groovy:44)
	at com.kms.katalon.core.keyword.internal.KeywordExecutor.executeKeywordForPlatform(KeywordExecutor.groovy:74)
	at com.kms.katalon.core.keyword.BuiltinKeywords.verifyEqual(BuiltinKeywords.groovy:146)
	at jdk.internal.reflect.GeneratedMethodAccessor25.invoke(Unknown Source)
	at java.base/jdk.internal.reflect.DelegatingMethodAccessorImpl.invoke(DelegatingMethodAccessorImpl.java:43)
	at Факторный анализ сверка дашбордов.Compare(Факторный анализ сверка дашбордов:674)
	at Факторный анализ сверка дашбордов.Test(Факторный анализ сверка дашбордов:438)
	at Факторный анализ сверка дашбордов.run(Факторный анализ сверка дашбордов:44)
	at com.kms.katalon.core.main.ScriptEngine.run(ScriptEngine.java:194)
	at com.kms.katalon.core.main.ScriptEngine.runScriptAsRawText(ScriptEngine.java:119)
	at com.kms.katalon.core.main.TestCaseExecutor.runScript(TestCaseExecutor.java:448)
	at com.kms.katalon.core.main.TestCaseExecutor.doExecute(TestCaseExecutor.java:439)
	at com.kms.katalon.core.main.TestCaseExecutor.processExecutionPhase(TestCaseExecutor.java:418)
	at com.kms.katalon.core.main.TestCaseExecutor.accessMainPhase(TestCaseExecutor.java:410)
	at com.kms.katalon.core.main.TestCaseExecutor.execute(TestCaseExecutor.java:285)
	at com.kms.katalon.core.common.CommonExecutor.accessTestCaseMainPhase(CommonExecutor.java:65)
	at com.kms.katalon.core.main.TestSuiteExecutor.accessTestSuiteMainPhase(TestSuiteExecutor.java:150)
	at com.kms.katalon.core.main.TestSuiteExecutor.execute(TestSuiteExecutor.java:106)
	at com.kms.katalon.core.main.TestCaseMain.startTestSuite(TestCaseMain.java:180)
	at TempTestSuite1733095732962.run(TempTestSuite1733095732962.groovy:35)
	at java.base/jdk.internal.reflect.NativeMethodAccessorImpl.invoke0(Native Method)
	at java.base/jdk.internal.reflect.NativeMethodAccessorImpl.invoke(NativeMethodAccessorImpl.java:77)
	at java.base/jdk.internal.reflect.DelegatingMethodAccessorImpl.invoke(DelegatingMethodAccessorImpl.java:43)
)

02-12-2024T04:33:19 - [TEST_STEP][PASSED] - else: null

02-12-2024T04:33:19 - [TEST_STEP][PASSED] - if (run == 1): null

02-12-2024T04:33:19 - [TEST_STEP][PASSED] - otobrajeniyeDannyh = "Филиал": null

02-12-2024T04:33:19 - [TEST_STEP][PASSED] - Script1719551244403.WriteToExcel(todaysDate, typeOfData, otobrajeniyeDannyh, x, y, vidget, DZO): null

02-12-2024T04:33:19 - [TEST_STEP][PASSED] - sheetName = "Sheet1": null

02-12-2024T04:33:19 - [TEST_STEP][PASSED] - data = findTestData("PlanFact"): null

02-12-2024T04:33:19 - [TEST_STEP][PASSED] - n = data.getRowNumbers() + 1: null

02-12-2024T04:33:19 - [TEST_STEP][PASSED] - period = getText(findTestObject("Факторный анализ/Фильтр Период")): Text of object 'Object Repository/Факторный анализ/Фильтр Период' is: 'Октябрь и 1, 2, 3 кв. 2024 года'

02-12-2024T04:33:20 - [MESSAGE][PASSED] - Text of object 'Object Repository/Факторный анализ/Фильтр Период' is: 'Октябрь и 1, 2, 3 кв. 2024 года'

02-12-2024T04:33:20 - [TEST_STEP][PASSED] - println(period): null

02-12-2024T04:33:20 - [TEST_STEP][PASSED] - dashboardName = "Факторный анализ": null

02-12-2024T04:33:20 - [TEST_STEP][PASSED] - workbook01 = getWorkbook(excelFilePath): null

02-12-2024T04:33:20 - [TEST_STEP][PASSED] - sheet01 = getExcelSheet(workbook01, sheetName): null

02-12-2024T04:33:20 - [TEST_STEP][PASSED] - setValueToCellByIndex(sheet01, n, 0, dashboardName): null

02-12-2024T04:33:20 - [TEST_STEP][PASSED] - setValueToCellByIndex(sheet01, n, 1, DZO): null

02-12-2024T04:33:20 - [TEST_STEP][PASSED] - setValueToCellByIndex(sheet01, n, 2, vidget): null

02-12-2024T04:33:20 - [TEST_STEP][PASSED] - setValueToCellByIndex(sheet01, n, 3, typeOfData): null

02-12-2024T04:33:20 - [TEST_STEP][PASSED] - setValueToCellByIndex(sheet01, n, 4, otobrajeniyeDannyh): null

02-12-2024T04:33:20 - [TEST_STEP][PASSED] - setValueToCellByIndex(sheet01, n, 5, period): null

02-12-2024T04:33:20 - [TEST_STEP][PASSED] - setValueToCellByIndex(sheet01, n, 6, todaysDate): null

02-12-2024T04:33:20 - [TEST_STEP][PASSED] - n = n + 1: null

02-12-2024T04:33:20 - [TEST_STEP][PASSED] - saveWorkbook(excelFilePath, workbook01): null

02-12-2024T04:33:20 - [TEST_STEP][PASSED] - typeOfData = "Отклонение (средний тариф)": null

02-12-2024T04:33:20 - [TEST_STEP][PASSED] - Script1719551244403.Compare(x = a2, y = b2, run, typeOfData, otobrajeniyeDannyh, todaysDate, vidget, DZO): null

02-12-2024T04:33:20 - [TEST_STEP][FAILED] - if (verifyEqual(x, y) == true): Unable to verify equal between actual object '-7388' and expected object '-7616' (Root cause: com.kms.katalon.core.exception.StepFailedException: Actual object '-7388' and expected object '-7616' are not equal
	at com.kms.katalon.core.keyword.builtin.VerifyEqualKeyword$_verifyEqual_closure1.doCall(VerifyEqualKeyword.groovy:58)
	at com.kms.katalon.core.keyword.builtin.VerifyEqualKeyword$_verifyEqual_closure1.call(VerifyEqualKeyword.groovy)
	at com.kms.katalon.core.keyword.internal.KeywordMain.runKeyword(KeywordMain.groovy:75)
	at com.kms.katalon.core.keyword.builtin.VerifyEqualKeyword.verifyEqual(VerifyEqualKeyword.groovy:63)
	at com.kms.katalon.core.keyword.builtin.VerifyEqualKeyword.execute(VerifyEqualKeyword.groovy:44)
	at com.kms.katalon.core.keyword.internal.KeywordExecutor.executeKeywordForPlatform(KeywordExecutor.groovy:74)
	at com.kms.katalon.core.keyword.BuiltinKeywords.verifyEqual(BuiltinKeywords.groovy:146)
	at jdk.internal.reflect.GeneratedMethodAccessor25.invoke(Unknown Source)
	at java.base/jdk.internal.reflect.DelegatingMethodAccessorImpl.invoke(DelegatingMethodAccessorImpl.java:43)
	at Факторный анализ сверка дашбордов.Compare(Факторный анализ сверка дашбордов:674)
	at Факторный анализ сверка дашбордов.Test(Факторный анализ сверка дашбордов:442)
	at Факторный анализ сверка дашбордов.run(Факторный анализ сверка дашбордов:44)
	at com.kms.katalon.core.main.ScriptEngine.run(ScriptEngine.java:194)
	at com.kms.katalon.core.main.ScriptEngine.runScriptAsRawText(ScriptEngine.java:119)
	at com.kms.katalon.core.main.TestCaseExecutor.runScript(TestCaseExecutor.java:448)
	at com.kms.katalon.core.main.TestCaseExecutor.doExecute(TestCaseExecutor.java:439)
	at com.kms.katalon.core.main.TestCaseExecutor.processExecutionPhase(TestCaseExecutor.java:418)
	at com.kms.katalon.core.main.TestCaseExecutor.accessMainPhase(TestCaseExecutor.java:410)
	at com.kms.katalon.core.main.TestCaseExecutor.execute(TestCaseExecutor.java:285)
	at com.kms.katalon.core.common.CommonExecutor.accessTestCaseMainPhase(CommonExecutor.java:65)
	at com.kms.katalon.core.main.TestSuiteExecutor.accessTestSuiteMainPhase(TestSuiteExecutor.java:150)
	at com.kms.katalon.core.main.TestSuiteExecutor.execute(TestSuiteExecutor.java:106)
	at com.kms.katalon.core.main.TestCaseMain.startTestSuite(TestCaseMain.java:180)
	at TempTestSuite1733095732962.run(TempTestSuite1733095732962.groovy:35)
	at java.base/jdk.internal.reflect.NativeMethodAccessorImpl.invoke0(Native Method)
	at java.base/jdk.internal.reflect.NativeMethodAccessorImpl.invoke(NativeMethodAccessorImpl.java:77)
	at java.base/jdk.internal.reflect.DelegatingMethodAccessorImpl.invoke(DelegatingMethodAccessorImpl.java:43)
)

02-12-2024T04:33:20 - [MESSAGE][FAILED] - Unable to verify equal between actual object '-7388' and expected object '-7616' (Root cause: com.kms.katalon.core.exception.StepFailedException: Actual object '-7388' and expected object '-7616' are not equal
	at com.kms.katalon.core.keyword.builtin.VerifyEqualKeyword$_verifyEqual_closure1.doCall(VerifyEqualKeyword.groovy:58)
	at com.kms.katalon.core.keyword.builtin.VerifyEqualKeyword$_verifyEqual_closure1.call(VerifyEqualKeyword.groovy)
	at com.kms.katalon.core.keyword.internal.KeywordMain.runKeyword(KeywordMain.groovy:75)
	at com.kms.katalon.core.keyword.builtin.VerifyEqualKeyword.verifyEqual(VerifyEqualKeyword.groovy:63)
	at com.kms.katalon.core.keyword.builtin.VerifyEqualKeyword.execute(VerifyEqualKeyword.groovy:44)
	at com.kms.katalon.core.keyword.internal.KeywordExecutor.executeKeywordForPlatform(KeywordExecutor.groovy:74)
	at com.kms.katalon.core.keyword.BuiltinKeywords.verifyEqual(BuiltinKeywords.groovy:146)
	at jdk.internal.reflect.GeneratedMethodAccessor25.invoke(Unknown Source)
	at java.base/jdk.internal.reflect.DelegatingMethodAccessorImpl.invoke(DelegatingMethodAccessorImpl.java:43)
	at Факторный анализ сверка дашбордов.Compare(Факторный анализ сверка дашбордов:674)
	at Факторный анализ сверка дашбордов.Test(Факторный анализ сверка дашбордов:442)
	at Факторный анализ сверка дашбордов.run(Факторный анализ сверка дашбордов:44)
	at com.kms.katalon.core.main.ScriptEngine.run(ScriptEngine.java:194)
	at com.kms.katalon.core.main.ScriptEngine.runScriptAsRawText(ScriptEngine.java:119)
	at com.kms.katalon.core.main.TestCaseExecutor.runScript(TestCaseExecutor.java:448)
	at com.kms.katalon.core.main.TestCaseExecutor.doExecute(TestCaseExecutor.java:439)
	at com.kms.katalon.core.main.TestCaseExecutor.processExecutionPhase(TestCaseExecutor.java:418)
	at com.kms.katalon.core.main.TestCaseExecutor.accessMainPhase(TestCaseExecutor.java:410)
	at com.kms.katalon.core.main.TestCaseExecutor.execute(TestCaseExecutor.java:285)
	at com.kms.katalon.core.common.CommonExecutor.accessTestCaseMainPhase(CommonExecutor.java:65)
	at com.kms.katalon.core.main.TestSuiteExecutor.accessTestSuiteMainPhase(TestSuiteExecutor.java:150)
	at com.kms.katalon.core.main.TestSuiteExecutor.execute(TestSuiteExecutor.java:106)
	at com.kms.katalon.core.main.TestCaseMain.startTestSuite(TestCaseMain.java:180)
	at TempTestSuite1733095732962.run(TempTestSuite1733095732962.groovy:35)
	at java.base/jdk.internal.reflect.NativeMethodAccessorImpl.invoke0(Native Method)
	at java.base/jdk.internal.reflect.NativeMethodAccessorImpl.invoke(NativeMethodAccessorImpl.java:77)
	at java.base/jdk.internal.reflect.DelegatingMethodAccessorImpl.invoke(DelegatingMethodAccessorImpl.java:43)
)

02-12-2024T04:33:20 - [TEST_STEP][PASSED] - else: null

02-12-2024T04:33:20 - [TEST_STEP][PASSED] - if (run == 1): null

02-12-2024T04:33:20 - [TEST_STEP][PASSED] - otobrajeniyeDannyh = "Филиал": null

02-12-2024T04:33:20 - [TEST_STEP][PASSED] - Script1719551244403.WriteToExcel(todaysDate, typeOfData, otobrajeniyeDannyh, x, y, vidget, DZO): null

02-12-2024T04:33:20 - [TEST_STEP][PASSED] - sheetName = "Sheet1": null

02-12-2024T04:33:20 - [TEST_STEP][PASSED] - data = findTestData("PlanFact"): null

02-12-2024T04:33:20 - [TEST_STEP][PASSED] - n = data.getRowNumbers() + 1: null

02-12-2024T04:33:20 - [TEST_STEP][PASSED] - period = getText(findTestObject("Факторный анализ/Фильтр Период")): Text of object 'Object Repository/Факторный анализ/Фильтр Период' is: 'Октябрь и 1, 2, 3 кв. 2024 года'

02-12-2024T04:33:20 - [MESSAGE][PASSED] - Text of object 'Object Repository/Факторный анализ/Фильтр Период' is: 'Октябрь и 1, 2, 3 кв. 2024 года'

02-12-2024T04:33:20 - [TEST_STEP][PASSED] - println(period): null

02-12-2024T04:33:20 - [TEST_STEP][PASSED] - dashboardName = "Факторный анализ": null

02-12-2024T04:33:20 - [TEST_STEP][PASSED] - workbook01 = getWorkbook(excelFilePath): null

02-12-2024T04:33:20 - [TEST_STEP][PASSED] - sheet01 = getExcelSheet(workbook01, sheetName): null

02-12-2024T04:33:20 - [TEST_STEP][PASSED] - setValueToCellByIndex(sheet01, n, 0, dashboardName): null

02-12-2024T04:33:20 - [TEST_STEP][PASSED] - setValueToCellByIndex(sheet01, n, 1, DZO): null

02-12-2024T04:33:20 - [TEST_STEP][PASSED] - setValueToCellByIndex(sheet01, n, 2, vidget): null

02-12-2024T04:33:20 - [TEST_STEP][PASSED] - setValueToCellByIndex(sheet01, n, 3, typeOfData): null

02-12-2024T04:33:20 - [TEST_STEP][PASSED] - setValueToCellByIndex(sheet01, n, 4, otobrajeniyeDannyh): null

02-12-2024T04:33:20 - [TEST_STEP][PASSED] - setValueToCellByIndex(sheet01, n, 5, period): null

02-12-2024T04:33:20 - [TEST_STEP][PASSED] - setValueToCellByIndex(sheet01, n, 6, todaysDate): null

02-12-2024T04:33:20 - [TEST_STEP][PASSED] - n = n + 1: null

02-12-2024T04:33:20 - [TEST_STEP][PASSED] - saveWorkbook(excelFilePath, workbook01): null

02-12-2024T04:33:21 - [TEST_STEP][PASSED] - tableB = getText(findTestObject("Факторный анализ/AllTable1 Выручка")).replaceAll("[\r?
|
]", "/"): Text of object 'Object Repository/Факторный анализ/AllTable1 Выручка' is: 'ДЗО
Филиал
Отклонение (объём услуг) филиал без Nan
Отклонение (средний тариф) филиал без Nan
АО «Тываэнерго» АО "Тываэнерго" 375 -75
АО «Чеченэнерго» АО «Чеченэнерго» 75 26
Россети Волга Мордовэнерго 200 -87
Оренбургэнерго 703 - 140
Пензаэнерго 299 -65
Самарские РС 378 -1 123
Саратовские РС 438 - 495
Ульяновские РС 261 - 209
Чувашэнерго - 140 137
Россети Кубань Кубаньэнерго 3 542 411
Россети Ленэнерго (ГК) Ленинградская область 1 283 831
г. Санкт-Петербург 2 452 - 104
Россети Московский регион Московская область 4 745 - 627
г. Москва 3 358 23
Россети Северный Кавказ (ГК) Дагестанская энергосбытовая компания 0 0
Дагэнерго - 543 537
Ингушэнерго - 177 122
Каббалкэнерго 254 50
Карачаево-Черкесскэнерго 131 0
Севкавказэнерго - 356 144
Ставропольэнерго 257 - 200
Россети Северо-Запад Архангельский филиал 80 -86
Вологодский филиал 264 2
Карельский филиал -67 185
Мурманский филиал 111 57
Новгородский филиал 216 -48
Псковский филиал 161 -20
филиал в Республике Коми -16 41
Россети Сибирь (ГК) Алтайэнерго - 545 222
Бурятэнерго - 123 303
ГАЭС 131 -17
Красноярскэнерго 1 233 - 537
Кузбассэнерго-РЭС - 406 827
Омскэнерго 182 -85
Хакасэнерго 371 - 399
Читаэнерго -47 162
Россети Томск Томская распределительная компания 373 - 135
Россети Тюмень Россети Тюмень -4 542 - 565
Россети Урал (ГК) Пермэнерго 631 - 215
Свердловэнерго 891 277
Челябэнерго 1 051 - 680
Россети ФСК ЕЭС Итого по ФСК ЕЭС -18 111 -6 233
Россети Центр Белгородэнерго 321 125
Брянскэнерго 72 19
Воронежэнерго 633 138
Костромаэнерго 102 -4
Курскэнерго 45 92
Липецкэнерго 805 - 346
Орелэнерго 160 -31
Смоленскэнерго 54 42
Тамбовэнерго 298 -2
Тверьэнерго - 740 57
Ярэнерго 584 12
Россети Центр и Приволжье (ГК) Владимирэнерго 562 52
Ивэнерго 195 55
Калугаэнерго 625 -50
Кировэнерго 464 20
Мариэнерго 173 23
Нижновэнерго 751 319
Рязаньэнерго 246 50
Тулэнерго 791 - 235
Удмуртэнерго 362 13
Россети Юг (ГК) АО «ВМЭС» 146 51
Астраханьэнерго 77 100
Волгоградэнерго 422 - 352
Калмэнерго 37 -3
Ростовэнерго 813 66
Россети Янтарь Россети Янтарь 360 -42'

02-12-2024T04:33:21 - [MESSAGE][PASSED] - Text of object 'Object Repository/Факторный анализ/AllTable1 Выручка' is: 'ДЗО
Филиал
Отклонение (объём услуг) филиал без Nan
Отклонение (средний тариф) филиал без Nan
АО «Тываэнерго» АО "Тываэнерго" 375 -75
АО «Чеченэнерго» АО «Чеченэнерго» 75 26
Россети Волга Мордовэнерго 200 -87
Оренбургэнерго 703 - 140
Пензаэнерго 299 -65
Самарские РС 378 -1 123
Саратовские РС 438 - 495
Ульяновские РС 261 - 209
Чувашэнерго - 140 137
Россети Кубань Кубаньэнерго 3 542 411
Россети Ленэнерго (ГК) Ленинградская область 1 283 831
г. Санкт-Петербург 2 452 - 104
Россети Московский регион Московская область 4 745 - 627
г. Москва 3 358 23
Россети Северный Кавказ (ГК) Дагестанская энергосбытовая компания 0 0
Дагэнерго - 543 537
Ингушэнерго - 177 122
Каббалкэнерго 254 50
Карачаево-Черкесскэнерго 131 0
Севкавказэнерго - 356 144
Ставропольэнерго 257 - 200
Россети Северо-Запад Архангельский филиал 80 -86
Вологодский филиал 264 2
Карельский филиал -67 185
Мурманский филиал 111 57
Новгородский филиал 216 -48
Псковский филиал 161 -20
филиал в Республике Коми -16 41
Россети Сибирь (ГК) Алтайэнерго - 545 222
Бурятэнерго - 123 303
ГАЭС 131 -17
Красноярскэнерго 1 233 - 537
Кузбассэнерго-РЭС - 406 827
Омскэнерго 182 -85
Хакасэнерго 371 - 399
Читаэнерго -47 162
Россети Томск Томская распределительная компания 373 - 135
Россети Тюмень Россети Тюмень -4 542 - 565
Россети Урал (ГК) Пермэнерго 631 - 215
Свердловэнерго 891 277
Челябэнерго 1 051 - 680
Россети ФСК ЕЭС Итого по ФСК ЕЭС -18 111 -6 233
Россети Центр Белгородэнерго 321 125
Брянскэнерго 72 19
Воронежэнерго 633 138
Костромаэнерго 102 -4
Курскэнерго 45 92
Липецкэнерго 805 - 346
Орелэнерго 160 -31
Смоленскэнерго 54 42
Тамбовэнерго 298 -2
Тверьэнерго - 740 57
Ярэнерго 584 12
Россети Центр и Приволжье (ГК) Владимирэнерго 562 52
Ивэнерго 195 55
Калугаэнерго 625 -50
Кировэнерго 464 20
Мариэнерго 173 23
Нижновэнерго 751 319
Рязаньэнерго 246 50
Тулэнерго 791 - 235
Удмуртэнерго 362 13
Россети Юг (ГК) АО «ВМЭС» 146 51
Астраханьэнерго 77 100
Волгоградэнерго 422 - 352
Калмэнерго 37 -3
Ростовэнерго 813 66
Россети Янтарь Россети Янтарь 360 -42'

02-12-2024T04:33:21 - [TEST_STEP][PASSED] - println("tableB: " + tableB): null

02-12-2024T04:33:21 - [TEST_STEP][PASSED] - for ([i = 1, i < 5, (i++)]): null

02-12-2024T04:33:21 - [TEST_STEP][PASSED] - ii = tableB.indexOf("/") + 1: null

02-12-2024T04:33:21 - [TEST_STEP][PASSED] - tableB = tableB.substring(ii, tableB.length()): null

02-12-2024T04:33:21 - [TEST_STEP][PASSED] - ii = tableB.indexOf("/") + 1: null

02-12-2024T04:33:21 - [TEST_STEP][PASSED] - tableB = tableB.substring(ii, tableB.length()): null

02-12-2024T04:33:21 - [TEST_STEP][PASSED] - ii = tableB.indexOf("/") + 1: null

02-12-2024T04:33:21 - [TEST_STEP][PASSED] - tableB = tableB.substring(ii, tableB.length()): null

02-12-2024T04:33:21 - [TEST_STEP][PASSED] - ii = tableB.indexOf("/") + 1: null

02-12-2024T04:33:21 - [TEST_STEP][PASSED] - tableB = tableB.substring(ii, tableB.length()): null

02-12-2024T04:33:21 - [TEST_STEP][PASSED] - println("tableB: " + tableB): null

02-12-2024T04:33:21 - [TEST_STEP][PASSED] - TyB = Script1719551244403.GetData(x = tableB): null

02-12-2024T04:33:21 - [TEST_STEP][PASSED] - i2 = <not implemented yet for class: org.codehaus.groovy.ast.expr.EmptyExpression>: null

02-12-2024T04:33:21 - [TEST_STEP][PASSED] - i2 = x.indexOf("/") + 1: null

02-12-2024T04:33:21 - [TEST_STEP][PASSED] - x = replaceAll("\p{P}", "").trim(): null

02-12-2024T04:33:21 - [TEST_STEP][PASSED] - return x: null

02-12-2024T04:33:21 - [TEST_STEP][PASSED] - println("TyB: " + TyB): null

02-12-2024T04:33:21 - [TEST_STEP][PASSED] - tableB = Script1719551244403.NewDZO(x = tableB): null

02-12-2024T04:33:21 - [TEST_STEP][PASSED] - i3 = <not implemented yet for class: org.codehaus.groovy.ast.expr.EmptyExpression>: null

02-12-2024T04:33:21 - [TEST_STEP][PASSED] - i3 = x.indexOf("/") + 1: null

02-12-2024T04:33:21 - [TEST_STEP][PASSED] - x = x.substring(i3, x.length()): null

02-12-2024T04:33:21 - [TEST_STEP][PASSED] - return x: null

02-12-2024T04:33:21 - [TEST_STEP][PASSED] - ChB = Script1719551244403.GetData(x = tableB): null

02-12-2024T04:33:21 - [TEST_STEP][PASSED] - i2 = <not implemented yet for class: org.codehaus.groovy.ast.expr.EmptyExpression>: null

02-12-2024T04:33:21 - [TEST_STEP][PASSED] - i2 = x.indexOf("/") + 1: null

02-12-2024T04:33:21 - [TEST_STEP][PASSED] - x = replaceAll("\p{P}", "").trim(): null

02-12-2024T04:33:21 - [TEST_STEP][PASSED] - return x: null

02-12-2024T04:33:21 - [TEST_STEP][PASSED] - println("ChB: " + ChB): null

02-12-2024T04:33:21 - [TEST_STEP][PASSED] - tableB = Script1719551244403.NewDZO(x = tableB): null

02-12-2024T04:33:21 - [TEST_STEP][PASSED] - i3 = <not implemented yet for class: org.codehaus.groovy.ast.expr.EmptyExpression>: null

02-12-2024T04:33:21 - [TEST_STEP][PASSED] - i3 = x.indexOf("/") + 1: null

02-12-2024T04:33:21 - [TEST_STEP][PASSED] - x = x.substring(i3, x.length()): null

02-12-2024T04:33:21 - [TEST_STEP][PASSED] - return x: null

02-12-2024T04:33:21 - [TEST_STEP][PASSED] - i = tableB.indexOf("Кубань"): null

02-12-2024T04:33:21 - [TEST_STEP][PASSED] - VB = replaceAll("\p{P}", "").trim(): null

02-12-2024T04:33:21 - [TEST_STEP][PASSED] - println("VB: " + VB): null

02-12-2024T04:33:21 - [TEST_STEP][PASSED] - for ([i = 1, i < 8, (i++)]): null

02-12-2024T04:33:21 - [TEST_STEP][PASSED] - tableB = Script1719551244403.NewDZO(x = tableB): null

02-12-2024T04:33:21 - [TEST_STEP][PASSED] - i3 = <not implemented yet for class: org.codehaus.groovy.ast.expr.EmptyExpression>: null

02-12-2024T04:33:21 - [TEST_STEP][PASSED] - i3 = x.indexOf("/") + 1: null

02-12-2024T04:33:21 - [TEST_STEP][PASSED] - x = x.substring(i3, x.length()): null

02-12-2024T04:33:21 - [TEST_STEP][PASSED] - return x: null

02-12-2024T04:33:21 - [TEST_STEP][PASSED] - tableB = Script1719551244403.NewDZO(x = tableB): null

02-12-2024T04:33:21 - [TEST_STEP][PASSED] - i3 = <not implemented yet for class: org.codehaus.groovy.ast.expr.EmptyExpression>: null

02-12-2024T04:33:21 - [TEST_STEP][PASSED] - i3 = x.indexOf("/") + 1: null

02-12-2024T04:33:21 - [TEST_STEP][PASSED] - x = x.substring(i3, x.length()): null

02-12-2024T04:33:21 - [TEST_STEP][PASSED] - return x: null

02-12-2024T04:33:21 - [TEST_STEP][PASSED] - tableB = Script1719551244403.NewDZO(x = tableB): null

02-12-2024T04:33:21 - [TEST_STEP][PASSED] - i3 = <not implemented yet for class: org.codehaus.groovy.ast.expr.EmptyExpression>: null

02-12-2024T04:33:21 - [TEST_STEP][PASSED] - i3 = x.indexOf("/") + 1: null

02-12-2024T04:33:21 - [TEST_STEP][PASSED] - x = x.substring(i3, x.length()): null

02-12-2024T04:33:21 - [TEST_STEP][PASSED] - return x: null

02-12-2024T04:33:21 - [TEST_STEP][PASSED] - tableB = Script1719551244403.NewDZO(x = tableB): null

02-12-2024T04:33:21 - [TEST_STEP][PASSED] - i3 = <not implemented yet for class: org.codehaus.groovy.ast.expr.EmptyExpression>: null

02-12-2024T04:33:21 - [TEST_STEP][PASSED] - i3 = x.indexOf("/") + 1: null

02-12-2024T04:33:21 - [TEST_STEP][PASSED] - x = x.substring(i3, x.length()): null

02-12-2024T04:33:21 - [TEST_STEP][PASSED] - return x: null

02-12-2024T04:33:21 - [TEST_STEP][PASSED] - tableB = Script1719551244403.NewDZO(x = tableB): null

02-12-2024T04:33:21 - [TEST_STEP][PASSED] - i3 = <not implemented yet for class: org.codehaus.groovy.ast.expr.EmptyExpression>: null

02-12-2024T04:33:21 - [TEST_STEP][PASSED] - i3 = x.indexOf("/") + 1: null

02-12-2024T04:33:21 - [TEST_STEP][PASSED] - x = x.substring(i3, x.length()): null

02-12-2024T04:33:21 - [TEST_STEP][PASSED] - return x: null

02-12-2024T04:33:21 - [TEST_STEP][PASSED] - tableB = Script1719551244403.NewDZO(x = tableB): null

02-12-2024T04:33:21 - [TEST_STEP][PASSED] - i3 = <not implemented yet for class: org.codehaus.groovy.ast.expr.EmptyExpression>: null

02-12-2024T04:33:21 - [TEST_STEP][PASSED] - i3 = x.indexOf("/") + 1: null

02-12-2024T04:33:21 - [TEST_STEP][PASSED] - x = x.substring(i3, x.length()): null

02-12-2024T04:33:21 - [TEST_STEP][PASSED] - return x: null

02-12-2024T04:33:21 - [TEST_STEP][PASSED] - tableB = Script1719551244403.NewDZO(x = tableB): null

02-12-2024T04:33:21 - [TEST_STEP][PASSED] - i3 = <not implemented yet for class: org.codehaus.groovy.ast.expr.EmptyExpression>: null

02-12-2024T04:33:21 - [TEST_STEP][PASSED] - i3 = x.indexOf("/") + 1: null

02-12-2024T04:33:21 - [TEST_STEP][PASSED] - x = x.substring(i3, x.length()): null

02-12-2024T04:33:21 - [TEST_STEP][PASSED] - return x: null

02-12-2024T04:33:21 - [TEST_STEP][PASSED] - i = tableB.indexOf("Ленэнерго"): null

02-12-2024T04:33:21 - [TEST_STEP][PASSED] - KuB = Script1719551244403.GetData(x = tableB): null

02-12-2024T04:33:21 - [TEST_STEP][PASSED] - i2 = <not implemented yet for class: org.codehaus.groovy.ast.expr.EmptyExpression>: null

02-12-2024T04:33:21 - [TEST_STEP][PASSED] - i2 = x.indexOf("/") + 1: null

02-12-2024T04:33:21 - [TEST_STEP][PASSED] - x = replaceAll("\p{P}", "").trim(): null

02-12-2024T04:33:21 - [TEST_STEP][PASSED] - return x: null

02-12-2024T04:33:21 - [TEST_STEP][PASSED] - println("KuB: " + KuB): null

02-12-2024T04:33:21 - [TEST_STEP][PASSED] - tableB = Script1719551244403.NewDZO(x = tableB): null

02-12-2024T04:33:21 - [TEST_STEP][PASSED] - i3 = <not implemented yet for class: org.codehaus.groovy.ast.expr.EmptyExpression>: null

02-12-2024T04:33:21 - [TEST_STEP][PASSED] - i3 = x.indexOf("/") + 1: null

02-12-2024T04:33:21 - [TEST_STEP][PASSED] - x = x.substring(i3, x.length()): null

02-12-2024T04:33:21 - [TEST_STEP][PASSED] - return x: null

02-12-2024T04:33:21 - [TEST_STEP][PASSED] - i = tableB.indexOf("Московский"): null

02-12-2024T04:33:21 - [TEST_STEP][PASSED] - LenB = replaceAll("\p{P}", "").trim(): null

02-12-2024T04:33:21 - [TEST_STEP][PASSED] - println("LenB: " + LenB): null

02-12-2024T04:33:21 - [TEST_STEP][PASSED] - tableB = Script1719551244403.NewDZO(x = tableB): null

02-12-2024T04:33:21 - [TEST_STEP][PASSED] - i3 = <not implemented yet for class: org.codehaus.groovy.ast.expr.EmptyExpression>: null

02-12-2024T04:33:21 - [TEST_STEP][PASSED] - i3 = x.indexOf("/") + 1: null

02-12-2024T04:33:21 - [TEST_STEP][PASSED] - x = x.substring(i3, x.length()): null

02-12-2024T04:33:21 - [TEST_STEP][PASSED] - return x: null

02-12-2024T04:33:21 - [TEST_STEP][PASSED] - tableB = Script1719551244403.NewDZO(x = tableB): null

02-12-2024T04:33:21 - [TEST_STEP][PASSED] - i3 = <not implemented yet for class: org.codehaus.groovy.ast.expr.EmptyExpression>: null

02-12-2024T04:33:21 - [TEST_STEP][PASSED] - i3 = x.indexOf("/") + 1: null

02-12-2024T04:33:21 - [TEST_STEP][PASSED] - x = x.substring(i3, x.length()): null

02-12-2024T04:33:21 - [TEST_STEP][PASSED] - return x: null

02-12-2024T04:33:21 - [TEST_STEP][PASSED] - i = tableB.indexOf("Кавказ"): null

02-12-2024T04:33:21 - [TEST_STEP][PASSED] - MosB = replaceAll("\p{P}", "").trim(): null

02-12-2024T04:33:21 - [TEST_STEP][PASSED] - println("MosB: " + MosB): null

02-12-2024T04:33:21 - [TEST_STEP][PASSED] - for ([i = 1, i < 3, (i++)]): null

02-12-2024T04:33:21 - [TEST_STEP][PASSED] - tableB = Script1719551244403.NewDZO(x = tableB): null

02-12-2024T04:33:21 - [TEST_STEP][PASSED] - i3 = <not implemented yet for class: org.codehaus.groovy.ast.expr.EmptyExpression>: null

02-12-2024T04:33:21 - [TEST_STEP][PASSED] - i3 = x.indexOf("/") + 1: null

02-12-2024T04:33:21 - [TEST_STEP][PASSED] - x = x.substring(i3, x.length()): null

02-12-2024T04:33:21 - [TEST_STEP][PASSED] - return x: null

02-12-2024T04:33:21 - [TEST_STEP][PASSED] - tableB = Script1719551244403.NewDZO(x = tableB): null

02-12-2024T04:33:21 - [TEST_STEP][PASSED] - i3 = <not implemented yet for class: org.codehaus.groovy.ast.expr.EmptyExpression>: null

02-12-2024T04:33:21 - [TEST_STEP][PASSED] - i3 = x.indexOf("/") + 1: null

02-12-2024T04:33:21 - [TEST_STEP][PASSED] - x = x.substring(i3, x.length()): null

02-12-2024T04:33:21 - [TEST_STEP][PASSED] - return x: null

02-12-2024T04:33:21 - [TEST_STEP][PASSED] - i = tableB.indexOf("Запад"): null

02-12-2024T04:33:21 - [TEST_STEP][PASSED] - SKB = replaceAll("\p{P}", "").trim(): null

02-12-2024T04:33:21 - [TEST_STEP][PASSED] - println("SKB: " + SKB): null

02-12-2024T04:33:21 - [TEST_STEP][PASSED] - for ([i = 1, i < 7, (i++)]): null

02-12-2024T04:33:21 - [TEST_STEP][PASSED] - tableB = Script1719551244403.NewDZO(x = tableB): null

02-12-2024T04:33:21 - [TEST_STEP][PASSED] - i3 = <not implemented yet for class: org.codehaus.groovy.ast.expr.EmptyExpression>: null

02-12-2024T04:33:21 - [TEST_STEP][PASSED] - i3 = x.indexOf("/") + 1: null

02-12-2024T04:33:21 - [TEST_STEP][PASSED] - x = x.substring(i3, x.length()): null

02-12-2024T04:33:21 - [TEST_STEP][PASSED] - return x: null

02-12-2024T04:33:21 - [TEST_STEP][PASSED] - tableB = Script1719551244403.NewDZO(x = tableB): null

02-12-2024T04:33:21 - [TEST_STEP][PASSED] - i3 = <not implemented yet for class: org.codehaus.groovy.ast.expr.EmptyExpression>: null

02-12-2024T04:33:21 - [TEST_STEP][PASSED] - i3 = x.indexOf("/") + 1: null

02-12-2024T04:33:21 - [TEST_STEP][PASSED] - x = x.substring(i3, x.length()): null

02-12-2024T04:33:21 - [TEST_STEP][PASSED] - return x: null

02-12-2024T04:33:21 - [TEST_STEP][PASSED] - tableB = Script1719551244403.NewDZO(x = tableB): null

02-12-2024T04:33:21 - [TEST_STEP][PASSED] - i3 = <not implemented yet for class: org.codehaus.groovy.ast.expr.EmptyExpression>: null

02-12-2024T04:33:21 - [TEST_STEP][PASSED] - i3 = x.indexOf("/") + 1: null

02-12-2024T04:33:21 - [TEST_STEP][PASSED] - x = x.substring(i3, x.length()): null

02-12-2024T04:33:21 - [TEST_STEP][PASSED] - return x: null

02-12-2024T04:33:21 - [TEST_STEP][PASSED] - tableB = Script1719551244403.NewDZO(x = tableB): null

02-12-2024T04:33:21 - [TEST_STEP][PASSED] - i3 = <not implemented yet for class: org.codehaus.groovy.ast.expr.EmptyExpression>: null

02-12-2024T04:33:21 - [TEST_STEP][PASSED] - i3 = x.indexOf("/") + 1: null

02-12-2024T04:33:21 - [TEST_STEP][PASSED] - x = x.substring(i3, x.length()): null

02-12-2024T04:33:21 - [TEST_STEP][PASSED] - return x: null

02-12-2024T04:33:21 - [TEST_STEP][PASSED] - tableB = Script1719551244403.NewDZO(x = tableB): null

02-12-2024T04:33:21 - [TEST_STEP][PASSED] - i3 = <not implemented yet for class: org.codehaus.groovy.ast.expr.EmptyExpression>: null

02-12-2024T04:33:21 - [TEST_STEP][PASSED] - i3 = x.indexOf("/") + 1: null

02-12-2024T04:33:21 - [TEST_STEP][PASSED] - x = x.substring(i3, x.length()): null

02-12-2024T04:33:21 - [TEST_STEP][PASSED] - return x: null

02-12-2024T04:33:21 - [TEST_STEP][PASSED] - tableB = Script1719551244403.NewDZO(x = tableB): null

02-12-2024T04:33:21 - [TEST_STEP][PASSED] - i3 = <not implemented yet for class: org.codehaus.groovy.ast.expr.EmptyExpression>: null

02-12-2024T04:33:21 - [TEST_STEP][PASSED] - i3 = x.indexOf("/") + 1: null

02-12-2024T04:33:21 - [TEST_STEP][PASSED] - x = x.substring(i3, x.length()): null

02-12-2024T04:33:21 - [TEST_STEP][PASSED] - return x: null

02-12-2024T04:33:21 - [TEST_STEP][PASSED] - i = tableB.indexOf("Сибирь"): null

02-12-2024T04:33:21 - [TEST_STEP][PASSED] - SZB = replaceAll("\p{P}", "").trim(): null

02-12-2024T04:33:21 - [TEST_STEP][PASSED] - println("SZB: " + SZB): null

02-12-2024T04:33:21 - [TEST_STEP][PASSED] - for ([i = 1, i < 8, (i++)]): null

02-12-2024T04:33:21 - [TEST_STEP][PASSED] - tableB = Script1719551244403.NewDZO(x = tableB): null

02-12-2024T04:33:21 - [TEST_STEP][PASSED] - i3 = <not implemented yet for class: org.codehaus.groovy.ast.expr.EmptyExpression>: null

02-12-2024T04:33:21 - [TEST_STEP][PASSED] - i3 = x.indexOf("/") + 1: null

02-12-2024T04:33:21 - [TEST_STEP][PASSED] - x = x.substring(i3, x.length()): null

02-12-2024T04:33:21 - [TEST_STEP][PASSED] - return x: null

02-12-2024T04:33:21 - [TEST_STEP][PASSED] - tableB = Script1719551244403.NewDZO(x = tableB): null

02-12-2024T04:33:21 - [TEST_STEP][PASSED] - i3 = <not implemented yet for class: org.codehaus.groovy.ast.expr.EmptyExpression>: null

02-12-2024T04:33:21 - [TEST_STEP][PASSED] - i3 = x.indexOf("/") + 1: null

02-12-2024T04:33:21 - [TEST_STEP][PASSED] - x = x.substring(i3, x.length()): null

02-12-2024T04:33:21 - [TEST_STEP][PASSED] - return x: null

02-12-2024T04:33:21 - [TEST_STEP][PASSED] - tableB = Script1719551244403.NewDZO(x = tableB): null

02-12-2024T04:33:21 - [TEST_STEP][PASSED] - i3 = <not implemented yet for class: org.codehaus.groovy.ast.expr.EmptyExpression>: null

02-12-2024T04:33:21 - [TEST_STEP][PASSED] - i3 = x.indexOf("/") + 1: null

02-12-2024T04:33:21 - [TEST_STEP][PASSED] - x = x.substring(i3, x.length()): null

02-12-2024T04:33:21 - [TEST_STEP][PASSED] - return x: null

02-12-2024T04:33:21 - [TEST_STEP][PASSED] - tableB = Script1719551244403.NewDZO(x = tableB): null

02-12-2024T04:33:21 - [TEST_STEP][PASSED] - i3 = <not implemented yet for class: org.codehaus.groovy.ast.expr.EmptyExpression>: null

02-12-2024T04:33:21 - [TEST_STEP][PASSED] - i3 = x.indexOf("/") + 1: null

02-12-2024T04:33:21 - [TEST_STEP][PASSED] - x = x.substring(i3, x.length()): null

02-12-2024T04:33:21 - [TEST_STEP][PASSED] - return x: null

02-12-2024T04:33:21 - [TEST_STEP][PASSED] - tableB = Script1719551244403.NewDZO(x = tableB): null

02-12-2024T04:33:21 - [TEST_STEP][PASSED] - i3 = <not implemented yet for class: org.codehaus.groovy.ast.expr.EmptyExpression>: null

02-12-2024T04:33:21 - [TEST_STEP][PASSED] - i3 = x.indexOf("/") + 1: null

02-12-2024T04:33:21 - [TEST_STEP][PASSED] - x = x.substring(i3, x.length()): null

02-12-2024T04:33:21 - [TEST_STEP][PASSED] - return x: null

02-12-2024T04:33:21 - [TEST_STEP][PASSED] - tableB = Script1719551244403.NewDZO(x = tableB): null

02-12-2024T04:33:21 - [TEST_STEP][PASSED] - i3 = <not implemented yet for class: org.codehaus.groovy.ast.expr.EmptyExpression>: null

02-12-2024T04:33:21 - [TEST_STEP][PASSED] - i3 = x.indexOf("/") + 1: null

02-12-2024T04:33:21 - [TEST_STEP][PASSED] - x = x.substring(i3, x.length()): null

02-12-2024T04:33:21 - [TEST_STEP][PASSED] - return x: null

02-12-2024T04:33:21 - [TEST_STEP][PASSED] - tableB = Script1719551244403.NewDZO(x = tableB): null

02-12-2024T04:33:21 - [TEST_STEP][PASSED] - i3 = <not implemented yet for class: org.codehaus.groovy.ast.expr.EmptyExpression>: null

02-12-2024T04:33:21 - [TEST_STEP][PASSED] - i3 = x.indexOf("/") + 1: null

02-12-2024T04:33:21 - [TEST_STEP][PASSED] - x = x.substring(i3, x.length()): null

02-12-2024T04:33:21 - [TEST_STEP][PASSED] - return x: null

02-12-2024T04:33:21 - [TEST_STEP][PASSED] - i = tableB.indexOf("Томск"): null

02-12-2024T04:33:21 - [TEST_STEP][PASSED] - SiB = replaceAll("\p{P}", "").trim(): null

02-12-2024T04:33:21 - [TEST_STEP][PASSED] - println("SiB: " + SiB): null

02-12-2024T04:33:21 - [TEST_STEP][PASSED] - for ([i = 1, i < 9, (i++)]): null

02-12-2024T04:33:21 - [TEST_STEP][PASSED] - tableB = Script1719551244403.NewDZO(x = tableB): null

02-12-2024T04:33:21 - [TEST_STEP][PASSED] - i3 = <not implemented yet for class: org.codehaus.groovy.ast.expr.EmptyExpression>: null

02-12-2024T04:33:21 - [TEST_STEP][PASSED] - i3 = x.indexOf("/") + 1: null

02-12-2024T04:33:21 - [TEST_STEP][PASSED] - x = x.substring(i3, x.length()): null

02-12-2024T04:33:21 - [TEST_STEP][PASSED] - return x: null

02-12-2024T04:33:21 - [TEST_STEP][PASSED] - tableB = Script1719551244403.NewDZO(x = tableB): null

02-12-2024T04:33:21 - [TEST_STEP][PASSED] - i3 = <not implemented yet for class: org.codehaus.groovy.ast.expr.EmptyExpression>: null

02-12-2024T04:33:21 - [TEST_STEP][PASSED] - i3 = x.indexOf("/") + 1: null

02-12-2024T04:33:21 - [TEST_STEP][PASSED] - x = x.substring(i3, x.length()): null

02-12-2024T04:33:21 - [TEST_STEP][PASSED] - return x: null

02-12-2024T04:33:21 - [TEST_STEP][PASSED] - tableB = Script1719551244403.NewDZO(x = tableB): null

02-12-2024T04:33:21 - [TEST_STEP][PASSED] - i3 = <not implemented yet for class: org.codehaus.groovy.ast.expr.EmptyExpression>: null

02-12-2024T04:33:21 - [TEST_STEP][PASSED] - i3 = x.indexOf("/") + 1: null

02-12-2024T04:33:21 - [TEST_STEP][PASSED] - x = x.substring(i3, x.length()): null

02-12-2024T04:33:21 - [TEST_STEP][PASSED] - return x: null

02-12-2024T04:33:21 - [TEST_STEP][PASSED] - tableB = Script1719551244403.NewDZO(x = tableB): null

02-12-2024T04:33:21 - [TEST_STEP][PASSED] - i3 = <not implemented yet for class: org.codehaus.groovy.ast.expr.EmptyExpression>: null

02-12-2024T04:33:21 - [TEST_STEP][PASSED] - i3 = x.indexOf("/") + 1: null

02-12-2024T04:33:21 - [TEST_STEP][PASSED] - x = x.substring(i3, x.length()): null

02-12-2024T04:33:21 - [TEST_STEP][PASSED] - return x: null

02-12-2024T04:33:21 - [TEST_STEP][PASSED] - tableB = Script1719551244403.NewDZO(x = tableB): null

02-12-2024T04:33:21 - [TEST_STEP][PASSED] - i3 = <not implemented yet for class: org.codehaus.groovy.ast.expr.EmptyExpression>: null

02-12-2024T04:33:21 - [TEST_STEP][PASSED] - i3 = x.indexOf("/") + 1: null

02-12-2024T04:33:21 - [TEST_STEP][PASSED] - x = x.substring(i3, x.length()): null

02-12-2024T04:33:21 - [TEST_STEP][PASSED] - return x: null

02-12-2024T04:33:21 - [TEST_STEP][PASSED] - tableB = Script1719551244403.NewDZO(x = tableB): null

02-12-2024T04:33:21 - [TEST_STEP][PASSED] - i3 = <not implemented yet for class: org.codehaus.groovy.ast.expr.EmptyExpression>: null

02-12-2024T04:33:21 - [TEST_STEP][PASSED] - i3 = x.indexOf("/") + 1: null

02-12-2024T04:33:21 - [TEST_STEP][PASSED] - x = x.substring(i3, x.length()): null

02-12-2024T04:33:21 - [TEST_STEP][PASSED] - return x: null

02-12-2024T04:33:21 - [TEST_STEP][PASSED] - tableB = Script1719551244403.NewDZO(x = tableB): null

02-12-2024T04:33:21 - [TEST_STEP][PASSED] - i3 = <not implemented yet for class: org.codehaus.groovy.ast.expr.EmptyExpression>: null

02-12-2024T04:33:21 - [TEST_STEP][PASSED] - i3 = x.indexOf("/") + 1: null

02-12-2024T04:33:21 - [TEST_STEP][PASSED] - x = x.substring(i3, x.length()): null

02-12-2024T04:33:21 - [TEST_STEP][PASSED] - return x: null

02-12-2024T04:33:21 - [TEST_STEP][PASSED] - tableB = Script1719551244403.NewDZO(x = tableB): null

02-12-2024T04:33:21 - [TEST_STEP][PASSED] - i3 = <not implemented yet for class: org.codehaus.groovy.ast.expr.EmptyExpression>: null

02-12-2024T04:33:21 - [TEST_STEP][PASSED] - i3 = x.indexOf("/") + 1: null

02-12-2024T04:33:21 - [TEST_STEP][PASSED] - x = x.substring(i3, x.length()): null

02-12-2024T04:33:21 - [TEST_STEP][PASSED] - return x: null

02-12-2024T04:33:21 - [TEST_STEP][PASSED] - i = tableB.indexOf("Тюмень"): null

02-12-2024T04:33:21 - [TEST_STEP][PASSED] - ToB = replaceAll("\p{P}", "").trim(): null

02-12-2024T04:33:21 - [TEST_STEP][PASSED] - println("ToB: " + ToB): null

02-12-2024T04:33:21 - [TEST_STEP][PASSED] - tableB = Script1719551244403.NewDZO(x = tableB): null

02-12-2024T04:33:21 - [TEST_STEP][PASSED] - i3 = <not implemented yet for class: org.codehaus.groovy.ast.expr.EmptyExpression>: null

02-12-2024T04:33:21 - [TEST_STEP][PASSED] - i3 = x.indexOf("/") + 1: null

02-12-2024T04:33:21 - [TEST_STEP][PASSED] - x = x.substring(i3, x.length()): null

02-12-2024T04:33:21 - [TEST_STEP][PASSED] - return x: null

02-12-2024T04:33:21 - [TEST_STEP][PASSED] - TyuB = replaceAll("\p{P}", "").trim(): null

02-12-2024T04:33:21 - [TEST_STEP][PASSED] - println("TyuB: " + TyuB): null

02-12-2024T04:33:21 - [TEST_STEP][PASSED] - tableB = Script1719551244403.NewDZO(x = tableB): null

02-12-2024T04:33:21 - [TEST_STEP][PASSED] - i3 = <not implemented yet for class: org.codehaus.groovy.ast.expr.EmptyExpression>: null

02-12-2024T04:33:21 - [TEST_STEP][PASSED] - i3 = x.indexOf("/") + 1: null

02-12-2024T04:33:21 - [TEST_STEP][PASSED] - x = x.substring(i3, x.length()): null

02-12-2024T04:33:21 - [TEST_STEP][PASSED] - return x: null

02-12-2024T04:33:21 - [TEST_STEP][PASSED] - i = tableB.indexOf("ЕЭС"): null

02-12-2024T04:33:21 - [TEST_STEP][PASSED] - UrB = replaceAll("\p{P}", "").trim(): null

02-12-2024T04:33:21 - [TEST_STEP][PASSED] - println("UrB: " + UrB): null

02-12-2024T04:33:21 - [TEST_STEP][PASSED] - for ([i = 1, i < 4, (i++)]): null

02-12-2024T04:33:21 - [TEST_STEP][PASSED] - tableB = Script1719551244403.NewDZO(x = tableB): null

02-12-2024T04:33:21 - [TEST_STEP][PASSED] - i3 = <not implemented yet for class: org.codehaus.groovy.ast.expr.EmptyExpression>: null

02-12-2024T04:33:21 - [TEST_STEP][PASSED] - i3 = x.indexOf("/") + 1: null

02-12-2024T04:33:21 - [TEST_STEP][PASSED] - x = x.substring(i3, x.length()): null

02-12-2024T04:33:21 - [TEST_STEP][PASSED] - return x: null

02-12-2024T04:33:21 - [TEST_STEP][PASSED] - tableB = Script1719551244403.NewDZO(x = tableB): null

02-12-2024T04:33:21 - [TEST_STEP][PASSED] - i3 = <not implemented yet for class: org.codehaus.groovy.ast.expr.EmptyExpression>: null

02-12-2024T04:33:21 - [TEST_STEP][PASSED] - i3 = x.indexOf("/") + 1: null

02-12-2024T04:33:21 - [TEST_STEP][PASSED] - x = x.substring(i3, x.length()): null

02-12-2024T04:33:21 - [TEST_STEP][PASSED] - return x: null

02-12-2024T04:33:21 - [TEST_STEP][PASSED] - tableB = Script1719551244403.NewDZO(x = tableB): null

02-12-2024T04:33:21 - [TEST_STEP][PASSED] - i3 = <not implemented yet for class: org.codehaus.groovy.ast.expr.EmptyExpression>: null

02-12-2024T04:33:21 - [TEST_STEP][PASSED] - i3 = x.indexOf("/") + 1: null

02-12-2024T04:33:21 - [TEST_STEP][PASSED] - x = x.substring(i3, x.length()): null

02-12-2024T04:33:21 - [TEST_STEP][PASSED] - return x: null

02-12-2024T04:33:21 - [TEST_STEP][PASSED] - i = tableB.indexOf("Центр"): null

02-12-2024T04:33:21 - [TEST_STEP][PASSED] - FSKB = replaceAll("\p{P}", "").trim(): null

02-12-2024T04:33:21 - [TEST_STEP][PASSED] - println("FSKB: " + FSKB): null

02-12-2024T04:33:21 - [TEST_STEP][PASSED] - tableB = Script1719551244403.NewDZO(x = tableB): null

02-12-2024T04:33:21 - [TEST_STEP][PASSED] - i3 = <not implemented yet for class: org.codehaus.groovy.ast.expr.EmptyExpression>: null

02-12-2024T04:33:21 - [TEST_STEP][PASSED] - i3 = x.indexOf("/") + 1: null

02-12-2024T04:33:21 - [TEST_STEP][PASSED] - x = x.substring(i3, x.length()): null

02-12-2024T04:33:21 - [TEST_STEP][PASSED] - return x: null

02-12-2024T04:33:21 - [TEST_STEP][PASSED] - i = tableB.indexOf("Приволжье"): null

02-12-2024T04:33:21 - [TEST_STEP][PASSED] - CenB = replaceAll("\p{P}", "").trim(): null

02-12-2024T04:33:21 - [TEST_STEP][PASSED] - println("CenB: " + CenB): null

02-12-2024T04:33:21 - [TEST_STEP][PASSED] - for ([i = 1, i < 12, (i++)]): null

02-12-2024T04:33:21 - [TEST_STEP][PASSED] - tableB = Script1719551244403.NewDZO(x = tableB): null

02-12-2024T04:33:21 - [TEST_STEP][PASSED] - i3 = <not implemented yet for class: org.codehaus.groovy.ast.expr.EmptyExpression>: null

02-12-2024T04:33:21 - [TEST_STEP][PASSED] - i3 = x.indexOf("/") + 1: null

02-12-2024T04:33:21 - [TEST_STEP][PASSED] - x = x.substring(i3, x.length()): null

02-12-2024T04:33:21 - [TEST_STEP][PASSED] - return x: null

02-12-2024T04:33:21 - [TEST_STEP][PASSED] - tableB = Script1719551244403.NewDZO(x = tableB): null

02-12-2024T04:33:21 - [TEST_STEP][PASSED] - i3 = <not implemented yet for class: org.codehaus.groovy.ast.expr.EmptyExpression>: null

02-12-2024T04:33:21 - [TEST_STEP][PASSED] - i3 = x.indexOf("/") + 1: null

02-12-2024T04:33:21 - [TEST_STEP][PASSED] - x = x.substring(i3, x.length()): null

02-12-2024T04:33:21 - [TEST_STEP][PASSED] - return x: null

02-12-2024T04:33:21 - [TEST_STEP][PASSED] - tableB = Script1719551244403.NewDZO(x = tableB): null

02-12-2024T04:33:21 - [TEST_STEP][PASSED] - i3 = <not implemented yet for class: org.codehaus.groovy.ast.expr.EmptyExpression>: null

02-12-2024T04:33:21 - [TEST_STEP][PASSED] - i3 = x.indexOf("/") + 1: null

02-12-2024T04:33:21 - [TEST_STEP][PASSED] - x = x.substring(i3, x.length()): null

02-12-2024T04:33:21 - [TEST_STEP][PASSED] - return x: null

02-12-2024T04:33:21 - [TEST_STEP][PASSED] - tableB = Script1719551244403.NewDZO(x = tableB): null

02-12-2024T04:33:21 - [TEST_STEP][PASSED] - i3 = <not implemented yet for class: org.codehaus.groovy.ast.expr.EmptyExpression>: null

02-12-2024T04:33:21 - [TEST_STEP][PASSED] - i3 = x.indexOf("/") + 1: null

02-12-2024T04:33:21 - [TEST_STEP][PASSED] - x = x.substring(i3, x.length()): null

02-12-2024T04:33:21 - [TEST_STEP][PASSED] - return x: null

02-12-2024T04:33:21 - [TEST_STEP][PASSED] - tableB = Script1719551244403.NewDZO(x = tableB): null

02-12-2024T04:33:21 - [TEST_STEP][PASSED] - i3 = <not implemented yet for class: org.codehaus.groovy.ast.expr.EmptyExpression>: null

02-12-2024T04:33:21 - [TEST_STEP][PASSED] - i3 = x.indexOf("/") + 1: null

02-12-2024T04:33:21 - [TEST_STEP][PASSED] - x = x.substring(i3, x.length()): null

02-12-2024T04:33:21 - [TEST_STEP][PASSED] - return x: null

02-12-2024T04:33:21 - [TEST_STEP][PASSED] - tableB = Script1719551244403.NewDZO(x = tableB): null

02-12-2024T04:33:21 - [TEST_STEP][PASSED] - i3 = <not implemented yet for class: org.codehaus.groovy.ast.expr.EmptyExpression>: null

02-12-2024T04:33:21 - [TEST_STEP][PASSED] - i3 = x.indexOf("/") + 1: null

02-12-2024T04:33:21 - [TEST_STEP][PASSED] - x = x.substring(i3, x.length()): null

02-12-2024T04:33:21 - [TEST_STEP][PASSED] - return x: null

02-12-2024T04:33:21 - [TEST_STEP][PASSED] - tableB = Script1719551244403.NewDZO(x = tableB): null

02-12-2024T04:33:21 - [TEST_STEP][PASSED] - i3 = <not implemented yet for class: org.codehaus.groovy.ast.expr.EmptyExpression>: null

02-12-2024T04:33:21 - [TEST_STEP][PASSED] - i3 = x.indexOf("/") + 1: null

02-12-2024T04:33:21 - [TEST_STEP][PASSED] - x = x.substring(i3, x.length()): null

02-12-2024T04:33:21 - [TEST_STEP][PASSED] - return x: null

02-12-2024T04:33:21 - [TEST_STEP][PASSED] - tableB = Script1719551244403.NewDZO(x = tableB): null

02-12-2024T04:33:21 - [TEST_STEP][PASSED] - i3 = <not implemented yet for class: org.codehaus.groovy.ast.expr.EmptyExpression>: null

02-12-2024T04:33:21 - [TEST_STEP][PASSED] - i3 = x.indexOf("/") + 1: null

02-12-2024T04:33:21 - [TEST_STEP][PASSED] - x = x.substring(i3, x.length()): null

02-12-2024T04:33:21 - [TEST_STEP][PASSED] - return x: null

02-12-2024T04:33:21 - [TEST_STEP][PASSED] - tableB = Script1719551244403.NewDZO(x = tableB): null

02-12-2024T04:33:21 - [TEST_STEP][PASSED] - i3 = <not implemented yet for class: org.codehaus.groovy.ast.expr.EmptyExpression>: null

02-12-2024T04:33:21 - [TEST_STEP][PASSED] - i3 = x.indexOf("/") + 1: null

02-12-2024T04:33:21 - [TEST_STEP][PASSED] - x = x.substring(i3, x.length()): null

02-12-2024T04:33:21 - [TEST_STEP][PASSED] - return x: null

02-12-2024T04:33:21 - [TEST_STEP][PASSED] - tableB = Script1719551244403.NewDZO(x = tableB): null

02-12-2024T04:33:21 - [TEST_STEP][PASSED] - i3 = <not implemented yet for class: org.codehaus.groovy.ast.expr.EmptyExpression>: null

02-12-2024T04:33:21 - [TEST_STEP][PASSED] - i3 = x.indexOf("/") + 1: null

02-12-2024T04:33:21 - [TEST_STEP][PASSED] - x = x.substring(i3, x.length()): null

02-12-2024T04:33:21 - [TEST_STEP][PASSED] - return x: null

02-12-2024T04:33:21 - [TEST_STEP][PASSED] - tableB = Script1719551244403.NewDZO(x = tableB): null

02-12-2024T04:33:21 - [TEST_STEP][PASSED] - i3 = <not implemented yet for class: org.codehaus.groovy.ast.expr.EmptyExpression>: null

02-12-2024T04:33:21 - [TEST_STEP][PASSED] - i3 = x.indexOf("/") + 1: null

02-12-2024T04:33:21 - [TEST_STEP][PASSED] - x = x.substring(i3, x.length()): null

02-12-2024T04:33:21 - [TEST_STEP][PASSED] - return x: null

02-12-2024T04:33:21 - [TEST_STEP][PASSED] - i = tableB.indexOf("Юг"): null

02-12-2024T04:33:21 - [TEST_STEP][PASSED] - CiPB = replaceAll("\p{P}", "").trim(): null

02-12-2024T04:33:21 - [TEST_STEP][PASSED] - println("CiPB: " + CiPB): null

02-12-2024T04:33:21 - [TEST_STEP][PASSED] - for ([i = 1, i < 10, (i++)]): null

02-12-2024T04:33:21 - [TEST_STEP][PASSED] - tableB = Script1719551244403.NewDZO(x = tableB): null

02-12-2024T04:33:21 - [TEST_STEP][PASSED] - i3 = <not implemented yet for class: org.codehaus.groovy.ast.expr.EmptyExpression>: null

02-12-2024T04:33:21 - [TEST_STEP][PASSED] - i3 = x.indexOf("/") + 1: null

02-12-2024T04:33:21 - [TEST_STEP][PASSED] - x = x.substring(i3, x.length()): null

02-12-2024T04:33:21 - [TEST_STEP][PASSED] - return x: null

02-12-2024T04:33:21 - [TEST_STEP][PASSED] - tableB = Script1719551244403.NewDZO(x = tableB): null

02-12-2024T04:33:21 - [TEST_STEP][PASSED] - i3 = <not implemented yet for class: org.codehaus.groovy.ast.expr.EmptyExpression>: null

02-12-2024T04:33:21 - [TEST_STEP][PASSED] - i3 = x.indexOf("/") + 1: null

02-12-2024T04:33:21 - [TEST_STEP][PASSED] - x = x.substring(i3, x.length()): null

02-12-2024T04:33:21 - [TEST_STEP][PASSED] - return x: null

02-12-2024T04:33:21 - [TEST_STEP][PASSED] - tableB = Script1719551244403.NewDZO(x = tableB): null

02-12-2024T04:33:21 - [TEST_STEP][PASSED] - i3 = <not implemented yet for class: org.codehaus.groovy.ast.expr.EmptyExpression>: null

02-12-2024T04:33:21 - [TEST_STEP][PASSED] - i3 = x.indexOf("/") + 1: null

02-12-2024T04:33:21 - [TEST_STEP][PASSED] - x = x.substring(i3, x.length()): null

02-12-2024T04:33:21 - [TEST_STEP][PASSED] - return x: null

02-12-2024T04:33:21 - [TEST_STEP][PASSED] - tableB = Script1719551244403.NewDZO(x = tableB): null

02-12-2024T04:33:21 - [TEST_STEP][PASSED] - i3 = <not implemented yet for class: org.codehaus.groovy.ast.expr.EmptyExpression>: null

02-12-2024T04:33:21 - [TEST_STEP][PASSED] - i3 = x.indexOf("/") + 1: null

02-12-2024T04:33:21 - [TEST_STEP][PASSED] - x = x.substring(i3, x.length()): null

02-12-2024T04:33:21 - [TEST_STEP][PASSED] - return x: null

02-12-2024T04:33:21 - [TEST_STEP][PASSED] - tableB = Script1719551244403.NewDZO(x = tableB): null

02-12-2024T04:33:21 - [TEST_STEP][PASSED] - i3 = <not implemented yet for class: org.codehaus.groovy.ast.expr.EmptyExpression>: null

02-12-2024T04:33:21 - [TEST_STEP][PASSED] - i3 = x.indexOf("/") + 1: null

02-12-2024T04:33:21 - [TEST_STEP][PASSED] - x = x.substring(i3, x.length()): null

02-12-2024T04:33:21 - [TEST_STEP][PASSED] - return x: null

02-12-2024T04:33:21 - [TEST_STEP][PASSED] - tableB = Script1719551244403.NewDZO(x = tableB): null

02-12-2024T04:33:21 - [TEST_STEP][PASSED] - i3 = <not implemented yet for class: org.codehaus.groovy.ast.expr.EmptyExpression>: null

02-12-2024T04:33:21 - [TEST_STEP][PASSED] - i3 = x.indexOf("/") + 1: null

02-12-2024T04:33:21 - [TEST_STEP][PASSED] - x = x.substring(i3, x.length()): null

02-12-2024T04:33:21 - [TEST_STEP][PASSED] - return x: null

02-12-2024T04:33:21 - [TEST_STEP][PASSED] - tableB = Script1719551244403.NewDZO(x = tableB): null

02-12-2024T04:33:21 - [TEST_STEP][PASSED] - i3 = <not implemented yet for class: org.codehaus.groovy.ast.expr.EmptyExpression>: null

02-12-2024T04:33:21 - [TEST_STEP][PASSED] - i3 = x.indexOf("/") + 1: null

02-12-2024T04:33:21 - [TEST_STEP][PASSED] - x = x.substring(i3, x.length()): null

02-12-2024T04:33:21 - [TEST_STEP][PASSED] - return x: null

02-12-2024T04:33:21 - [TEST_STEP][PASSED] - tableB = Script1719551244403.NewDZO(x = tableB): null

02-12-2024T04:33:21 - [TEST_STEP][PASSED] - i3 = <not implemented yet for class: org.codehaus.groovy.ast.expr.EmptyExpression>: null

02-12-2024T04:33:21 - [TEST_STEP][PASSED] - i3 = x.indexOf("/") + 1: null

02-12-2024T04:33:21 - [TEST_STEP][PASSED] - x = x.substring(i3, x.length()): null

02-12-2024T04:33:21 - [TEST_STEP][PASSED] - return x: null

02-12-2024T04:33:21 - [TEST_STEP][PASSED] - tableB = Script1719551244403.NewDZO(x = tableB): null

02-12-2024T04:33:21 - [TEST_STEP][PASSED] - i3 = <not implemented yet for class: org.codehaus.groovy.ast.expr.EmptyExpression>: null

02-12-2024T04:33:21 - [TEST_STEP][PASSED] - i3 = x.indexOf("/") + 1: null

02-12-2024T04:33:21 - [TEST_STEP][PASSED] - x = x.substring(i3, x.length()): null

02-12-2024T04:33:21 - [TEST_STEP][PASSED] - return x: null

02-12-2024T04:33:21 - [TEST_STEP][PASSED] - i = tableB.indexOf("Янтарь"): null

02-12-2024T04:33:21 - [TEST_STEP][PASSED] - UgB = replaceAll("\p{P}", "").trim(): null

02-12-2024T04:33:21 - [TEST_STEP][PASSED] - println("UgB: " + UgB): null

02-12-2024T04:33:21 - [TEST_STEP][PASSED] - i = tableB.lastIndexOf("/"): null

02-12-2024T04:33:21 - [TEST_STEP][PASSED] - YaB = replaceAll("\p{P}", "").trim(): null

02-12-2024T04:33:21 - [TEST_STEP][PASSED] - println("YaB: " + YaB): null

02-12-2024T04:33:21 - [TEST_STEP][PASSED] - vidget = "Отклонения выручки по факторам": null

02-12-2024T04:33:21 - [TEST_STEP][PASSED] - if (run == 2): null

02-12-2024T04:33:21 - [TEST_STEP][PASSED] - Script1719551244403.Test(run, todaysDate, typeOfData, otobrajeniyeDannyh, x, y, vidget, DZO): null

02-12-2024T04:33:21 - [TEST_STEP][PASSED] - navigateToUrl(findTestData("PlanFact").getValue(10, 3)): Navigate to 'https://bi.rosseti.digital/viewer?dashboardGuid=2301950b23be4ed89c1df75f2020051e&sheetGuid=ccd7d7486b3d4e6fa0ee9b1eaebed46c&fit=true' successfully

02-12-2024T04:33:22 - [MESSAGE][PASSED] - Navigate to 'https://bi.rosseti.digital/viewer?dashboardGuid=2301950b23be4ed89c1df75f2020051e&sheetGuid=ccd7d7486b3d4e6fa0ee9b1eaebed46c&fit=true' successfully

02-12-2024T04:33:22 - [TEST_STEP][PASSED] - Script1719551244403.Autorization(run): null

02-12-2024T04:33:22 - [TEST_STEP][PASSED] - delay(10): Delayed 10 second(s)

02-12-2024T04:33:32 - [MESSAGE][PASSED] - Delayed 10 second(s)

02-12-2024T04:33:32 - [TEST_STEP][PASSED] - if (run == 1): null

02-12-2024T04:33:32 - [TEST_STEP][PASSED] - i = <not implemented yet for class: org.codehaus.groovy.ast.expr.EmptyExpression>: null

02-12-2024T04:33:32 - [TEST_STEP][PASSED] - ii = <not implemented yet for class: org.codehaus.groovy.ast.expr.EmptyExpression>: null

02-12-2024T04:33:32 - [TEST_STEP][PASSED] - a = <not implemented yet for class: org.codehaus.groovy.ast.expr.EmptyExpression>: null

02-12-2024T04:33:32 - [TEST_STEP][PASSED] - a1 = <not implemented yet for class: org.codehaus.groovy.ast.expr.EmptyExpression>: null

02-12-2024T04:33:32 - [TEST_STEP][PASSED] - a2 = <not implemented yet for class: org.codehaus.groovy.ast.expr.EmptyExpression>: null

02-12-2024T04:33:32 - [TEST_STEP][PASSED] - click(findTestObject("Факторный анализ/Фильтр Период")): Object: 'Object Repository/Факторный анализ/Фильтр Период' is clicked on

02-12-2024T04:33:40 - [MESSAGE][PASSED] - Object: 'Object Repository/Факторный анализ/Фильтр Период' is clicked on

02-12-2024T04:33:40 - [TEST_STEP][PASSED] - click(findTestObject("Факторный анализ/Снять выделение в фильтре Дата")): Object: 'Object Repository/Факторный анализ/Снять выделение в фильтре Дата' is clicked on

02-12-2024T04:33:40 - [MESSAGE][PASSED] - Object: 'Object Repository/Факторный анализ/Снять выделение в фильтре Дата' is clicked on

02-12-2024T04:33:40 - [TEST_STEP][PASSED] - click(findTestObject("Факторный анализ/Применить в фильтре Дата")): Object: 'Object Repository/Факторный анализ/Применить в фильтре Дата' is clicked on

02-12-2024T04:33:41 - [MESSAGE][PASSED] - Object: 'Object Repository/Факторный анализ/Применить в фильтре Дата' is clicked on

02-12-2024T04:33:41 - [TEST_STEP][PASSED] - delay(10): Delayed 10 second(s)

02-12-2024T04:33:51 - [MESSAGE][PASSED] - Delayed 10 second(s)

02-12-2024T04:33:51 - [TEST_STEP][PASSED] - click(findTestObject("Факторный анализ/Фильтр Период")): Object: 'Object Repository/Факторный анализ/Фильтр Период' is clicked on

02-12-2024T04:33:51 - [MESSAGE][PASSED] - Object: 'Object Repository/Факторный анализ/Фильтр Период' is clicked on

02-12-2024T04:33:51 - [TEST_STEP][PASSED] - click(findTestObject("Факторный анализ/Снять выделение в фильтре Дата")): Object: 'Object Repository/Факторный анализ/Снять выделение в фильтре Дата' is clicked on

02-12-2024T04:33:52 - [MESSAGE][PASSED] - Object: 'Object Repository/Факторный анализ/Снять выделение в фильтре Дата' is clicked on

02-12-2024T04:33:52 - [TEST_STEP][PASSED] - scrollToElement(findTestObject("Факторный анализ/2024 список"), 30): Scroll to object 'Object Repository/Факторный анализ/2024 список' successfully

02-12-2024T04:33:52 - [MESSAGE][PASSED] - Scroll to object 'Object Repository/Факторный анализ/2024 список' successfully

02-12-2024T04:33:52 - [TEST_STEP][PASSED] - click(findTestObject("Факторный анализ/2024 список")): Object: 'Object Repository/Факторный анализ/2024 список' is clicked on

02-12-2024T04:33:52 - [MESSAGE][PASSED] - Object: 'Object Repository/Факторный анализ/2024 список' is clicked on

02-12-2024T04:33:52 - [TEST_STEP][PASSED] - scrollToElement(findTestObject("Факторный анализ/1 квартал 2024 выбрать"), 30): Scroll to object 'Object Repository/Факторный анализ/1 квартал 2024 выбрать' successfully

02-12-2024T04:33:53 - [MESSAGE][PASSED] - Scroll to object 'Object Repository/Факторный анализ/1 квартал 2024 выбрать' successfully

02-12-2024T04:33:53 - [TEST_STEP][PASSED] - click(findTestObject("Факторный анализ/1 квартал 2024 выбрать")): Object: 'Object Repository/Факторный анализ/1 квартал 2024 выбрать' is clicked on

02-12-2024T04:33:53 - [MESSAGE][PASSED] - Object: 'Object Repository/Факторный анализ/1 квартал 2024 выбрать' is clicked on

02-12-2024T04:33:53 - [TEST_STEP][PASSED] - scrollToElement(findTestObject("Факторный анализ/1 квартал 2024 выбрать"), 30): Scroll to object 'Object Repository/Факторный анализ/1 квартал 2024 выбрать' successfully

02-12-2024T04:33:54 - [MESSAGE][PASSED] - Scroll to object 'Object Repository/Факторный анализ/1 квартал 2024 выбрать' successfully

02-12-2024T04:33:54 - [TEST_STEP][PASSED] - click(findTestObject("Факторный анализ/2 квартал 2024 выбрать"), CONTINUE_ON_FAILURE): Object: 'Object Repository/Факторный анализ/2 квартал 2024 выбрать' is clicked on

02-12-2024T04:33:54 - [MESSAGE][PASSED] - Object: 'Object Repository/Факторный анализ/2 квартал 2024 выбрать' is clicked on

02-12-2024T04:33:54 - [TEST_STEP][PASSED] - click(findTestObject("Факторный анализ/3 квартал 2024 выбрать"), CONTINUE_ON_FAILURE): Object: 'Object Repository/Факторный анализ/3 квартал 2024 выбрать' is clicked on

02-12-2024T04:33:55 - [MESSAGE][PASSED] - Object: 'Object Repository/Факторный анализ/3 квартал 2024 выбрать' is clicked on

02-12-2024T04:33:55 - [TEST_STEP][PASSED] - scrollToElement(findTestObject("Факторный анализ/4 квартал 2024 список"), 30): Scroll to object 'Object Repository/Факторный анализ/4 квартал 2024 список' successfully

02-12-2024T04:33:55 - [MESSAGE][PASSED] - Scroll to object 'Object Repository/Факторный анализ/4 квартал 2024 список' successfully

02-12-2024T04:33:55 - [TEST_STEP][PASSED] - click(findTestObject("Факторный анализ/4 квартал 2024 список"), CONTINUE_ON_FAILURE): Object: 'Object Repository/Факторный анализ/4 квартал 2024 список' is clicked on

02-12-2024T04:33:55 - [MESSAGE][PASSED] - Object: 'Object Repository/Факторный анализ/4 квартал 2024 список' is clicked on

02-12-2024T04:33:55 - [TEST_STEP][PASSED] - scrollToElement(findTestObject("Факторный анализ/Октябрь 2024"), 30): Scroll to object 'Object Repository/Факторный анализ/Октябрь 2024' successfully

02-12-2024T04:33:56 - [MESSAGE][PASSED] - Scroll to object 'Object Repository/Факторный анализ/Октябрь 2024' successfully

02-12-2024T04:33:56 - [TEST_STEP][PASSED] - click(findTestObject("Факторный анализ/Октябрь 2024"), CONTINUE_ON_FAILURE): Object: 'Object Repository/Факторный анализ/Октябрь 2024' is clicked on

02-12-2024T04:33:56 - [MESSAGE][PASSED] - Object: 'Object Repository/Факторный анализ/Октябрь 2024' is clicked on

02-12-2024T04:33:56 - [TEST_STEP][PASSED] - scrollToElement(findTestObject("Факторный анализ/Заголовок дашборда"), 30): Scroll to object 'Object Repository/Факторный анализ/Заголовок дашборда' successfully

02-12-2024T04:33:57 - [MESSAGE][PASSED] - Scroll to object 'Object Repository/Факторный анализ/Заголовок дашборда' successfully

02-12-2024T04:33:57 - [TEST_STEP][PASSED] - click(findTestObject("Факторный анализ/Применить в фильтре Дата")): Object: 'Object Repository/Факторный анализ/Применить в фильтре Дата' is clicked on

02-12-2024T04:33:57 - [MESSAGE][PASSED] - Object: 'Object Repository/Факторный анализ/Применить в фильтре Дата' is clicked on

02-12-2024T04:33:57 - [TEST_STEP][PASSED] - if (run == 1): null

02-12-2024T04:33:57 - [TEST_STEP][PASSED] - else: null

02-12-2024T04:33:57 - [TEST_STEP][PASSED] - click(findTestObject("Факторный анализ/Переключить отображение с филиала на месяц")): Object: 'Object Repository/Факторный анализ/Переключить отображение с филиала на месяц' is clicked on

02-12-2024T04:34:00 - [MESSAGE][PASSED] - Object: 'Object Repository/Факторный анализ/Переключить отображение с филиала на месяц' is clicked on

02-12-2024T04:34:00 - [TEST_STEP][PASSED] - a1 = replaceAll("\s+", "").trim(): Text of object 'Object Repository/Факторный анализ/span1 Блок руководителя' is: '-433 263'

02-12-2024T04:34:00 - [MESSAGE][PASSED] - Text of object 'Object Repository/Факторный анализ/span1 Блок руководителя' is: '-433 263'

02-12-2024T04:34:00 - [TEST_STEP][PASSED] - a2 = replaceAll("\s+", "").trim(): Text of object 'Object Repository/Факторный анализ/span2 Блок руководителя' is: '26 315'

02-12-2024T04:34:00 - [MESSAGE][PASSED] - Text of object 'Object Repository/Факторный анализ/span2 Блок руководителя' is: '26 315'

02-12-2024T04:34:00 - [TEST_STEP][PASSED] - println("a1: " + a1): null

02-12-2024T04:34:00 - [TEST_STEP][PASSED] - println("a2: " + a2): null

02-12-2024T04:34:00 - [TEST_STEP][PASSED] - tableA = getText(findTestObject("Факторный анализ/AllTable1")).replaceAll("[\r?
|
]", "/"): Text of object 'Object Repository/Факторный анализ/AllTable1' is: 'ДЗО
Филиал
Отклонение (объём услуг)
Отклонение (средний тариф)
АО «Тываэнерго» АО "Тываэнерго" 375 -75
АО «Чеченэнерго» АО «Чеченэнерго» -3 688 26
Россети Волга Мордовэнерго -3 164 -87
Оренбургэнерго -12 384 - 140
Пензаэнерго -7 568 -65
Самарские РС -14 726 -1 123
Саратовские РС -14 917 - 495
Ульяновские РС -5 446 - 209
Чувашэнерго -4 717 137
Россети Кубань Кубаньэнерго -58 965 411
Россети Ленэнерго (ГК) Ленинградская область -33 086 831
г. Санкт-Петербург -46 070 - 104
Россети Московский регион Московская область 4 745 - 627
г. Москва 3 358 23
Россети Северный Кавказ (ГК) Дагестанская энергосбытовая компания - 111 69
Дагэнерго -7 161 537
Ингушэнерго -1 584 122
Каббалкэнерго -2 966 50
Карачаево-Черкесскэнерго -1 924 0
Севкавказэнерго -3 380 144
Ставропольэнерго -9 375 - 200
Россети Северо-Запад Архангельский филиал 80 -86
Вологодский филиал 264 2
Карельский филиал -67 185
Мурманский филиал 111 57
Новгородский филиал 216 -48
Псковский филиал 161 -20
филиал в Республике Коми -16 41
Россети Сибирь (ГК) Алтайэнерго - 545 222
Бурятэнерго - 123 303
ГАЭС 131 -17
Красноярскэнерго 1 233 - 537
Кузбассэнерго-РЭС - 406 827
Омскэнерго 182 -85
Хакасэнерго 371 - 399
Читаэнерго -47 162
Россети Томск Томская распределительная компания -7 417 - 135
Россети Тюмень Россети Тюмень -73 665 - 565
Россети Урал (ГК) Пермэнерго 631 - 215
Свердловэнерго 891 277
Челябэнерго 1 051 - 680
Россети ФСК ЕЭС Итого по ФСК ЕЭС -18 111 -6 233
Россети Центр Белгородэнерго 321 125
Брянскэнерго -5 112 27
Воронежэнерго -13 856 181
Костромаэнерго 102 -4
Курскэнерго -2 444 151
Липецкэнерго 805 - 346
Орелэнерго -4 049 -34
Смоленскэнерго -7 617 42
Тамбовэнерго -5 959 -2
Тверьэнерго - 740 57
Ярэнерго -6 294 65
Россети Центр и Приволжье (ГК) Владимирэнерго 562 52
Ивэнерго 195 55
Калугаэнерго 625 -50
Кировэнерго 464 20
Мариэнерго 173 23
Нижновэнерго 751 319
Рязаньэнерго 246 50
Тулэнерго 791 - 235
Удмуртэнерго 362 13
Россети Юг (ГК) АО «ВМЭС» -3 789 51
Астраханьэнерго -5 702 100
Волгоградэнерго -9 960 - 352
Калмэнерго -1 662 -3
Ростовэнерго -20 264 66
Россети Янтарь Россети Янтарь 360 -42'

02-12-2024T04:34:01 - [MESSAGE][PASSED] - Text of object 'Object Repository/Факторный анализ/AllTable1' is: 'ДЗО
Филиал
Отклонение (объём услуг)
Отклонение (средний тариф)
АО «Тываэнерго» АО "Тываэнерго" 375 -75
АО «Чеченэнерго» АО «Чеченэнерго» -3 688 26
Россети Волга Мордовэнерго -3 164 -87
Оренбургэнерго -12 384 - 140
Пензаэнерго -7 568 -65
Самарские РС -14 726 -1 123
Саратовские РС -14 917 - 495
Ульяновские РС -5 446 - 209
Чувашэнерго -4 717 137
Россети Кубань Кубаньэнерго -58 965 411
Россети Ленэнерго (ГК) Ленинградская область -33 086 831
г. Санкт-Петербург -46 070 - 104
Россети Московский регион Московская область 4 745 - 627
г. Москва 3 358 23
Россети Северный Кавказ (ГК) Дагестанская энергосбытовая компания - 111 69
Дагэнерго -7 161 537
Ингушэнерго -1 584 122
Каббалкэнерго -2 966 50
Карачаево-Черкесскэнерго -1 924 0
Севкавказэнерго -3 380 144
Ставропольэнерго -9 375 - 200
Россети Северо-Запад Архангельский филиал 80 -86
Вологодский филиал 264 2
Карельский филиал -67 185
Мурманский филиал 111 57
Новгородский филиал 216 -48
Псковский филиал 161 -20
филиал в Республике Коми -16 41
Россети Сибирь (ГК) Алтайэнерго - 545 222
Бурятэнерго - 123 303
ГАЭС 131 -17
Красноярскэнерго 1 233 - 537
Кузбассэнерго-РЭС - 406 827
Омскэнерго 182 -85
Хакасэнерго 371 - 399
Читаэнерго -47 162
Россети Томск Томская распределительная компания -7 417 - 135
Россети Тюмень Россети Тюмень -73 665 - 565
Россети Урал (ГК) Пермэнерго 631 - 215
Свердловэнерго 891 277
Челябэнерго 1 051 - 680
Россети ФСК ЕЭС Итого по ФСК ЕЭС -18 111 -6 233
Россети Центр Белгородэнерго 321 125
Брянскэнерго -5 112 27
Воронежэнерго -13 856 181
Костромаэнерго 102 -4
Курскэнерго -2 444 151
Липецкэнерго 805 - 346
Орелэнерго -4 049 -34
Смоленскэнерго -7 617 42
Тамбовэнерго -5 959 -2
Тверьэнерго - 740 57
Ярэнерго -6 294 65
Россети Центр и Приволжье (ГК) Владимирэнерго 562 52
Ивэнерго 195 55
Калугаэнерго 625 -50
Кировэнерго 464 20
Мариэнерго 173 23
Нижновэнерго 751 319
Рязаньэнерго 246 50
Тулэнерго 791 - 235
Удмуртэнерго 362 13
Россети Юг (ГК) АО «ВМЭС» -3 789 51
Астраханьэнерго -5 702 100
Волгоградэнерго -9 960 - 352
Калмэнерго -1 662 -3
Ростовэнерго -20 264 66
Россети Янтарь Россети Янтарь 360 -42'

02-12-2024T04:34:01 - [TEST_STEP][PASSED] - println("tableA: " + tableA): null

02-12-2024T04:34:01 - [TEST_STEP][PASSED] - for ([i = 1, i < 5, (i++)]): null

02-12-2024T04:34:01 - [TEST_STEP][PASSED] - ii = tableA.indexOf("/") + 1: null

02-12-2024T04:34:01 - [TEST_STEP][PASSED] - tableA = tableA.substring(ii, tableA.length()): null

02-12-2024T04:34:01 - [TEST_STEP][PASSED] - ii = tableA.indexOf("/") + 1: null

02-12-2024T04:34:01 - [TEST_STEP][PASSED] - tableA = tableA.substring(ii, tableA.length()): null

02-12-2024T04:34:01 - [TEST_STEP][PASSED] - ii = tableA.indexOf("/") + 1: null

02-12-2024T04:34:01 - [TEST_STEP][PASSED] - tableA = tableA.substring(ii, tableA.length()): null

02-12-2024T04:34:01 - [TEST_STEP][PASSED] - ii = tableA.indexOf("/") + 1: null

02-12-2024T04:34:01 - [TEST_STEP][PASSED] - tableA = tableA.substring(ii, tableA.length()): null

02-12-2024T04:34:01 - [TEST_STEP][PASSED] - println("tableA: " + tableA): null

02-12-2024T04:34:01 - [TEST_STEP][PASSED] - TyA = Script1719551244403.GetData(x = tableA): null

02-12-2024T04:34:01 - [TEST_STEP][PASSED] - i2 = <not implemented yet for class: org.codehaus.groovy.ast.expr.EmptyExpression>: null

02-12-2024T04:34:01 - [TEST_STEP][PASSED] - i2 = x.indexOf("/") + 1: null

02-12-2024T04:34:01 - [TEST_STEP][PASSED] - x = replaceAll("\p{P}", "").trim(): null

02-12-2024T04:34:01 - [TEST_STEP][PASSED] - return x: null

02-12-2024T04:34:01 - [TEST_STEP][PASSED] - println("TyA: " + TyA): null

02-12-2024T04:34:01 - [TEST_STEP][PASSED] - tableA = Script1719551244403.NewDZO(x = tableA): null

02-12-2024T04:34:01 - [TEST_STEP][PASSED] - i3 = <not implemented yet for class: org.codehaus.groovy.ast.expr.EmptyExpression>: null

02-12-2024T04:34:01 - [TEST_STEP][PASSED] - i3 = x.indexOf("/") + 1: null

02-12-2024T04:34:01 - [TEST_STEP][PASSED] - x = x.substring(i3, x.length()): null

02-12-2024T04:34:01 - [TEST_STEP][PASSED] - return x: null

02-12-2024T04:34:01 - [TEST_STEP][PASSED] - ChA = Script1719551244403.GetData(x = tableA): null

02-12-2024T04:34:01 - [TEST_STEP][PASSED] - i2 = <not implemented yet for class: org.codehaus.groovy.ast.expr.EmptyExpression>: null

02-12-2024T04:34:01 - [TEST_STEP][PASSED] - i2 = x.indexOf("/") + 1: null

02-12-2024T04:34:01 - [TEST_STEP][PASSED] - x = replaceAll("\p{P}", "").trim(): null

02-12-2024T04:34:01 - [TEST_STEP][PASSED] - return x: null

02-12-2024T04:34:01 - [TEST_STEP][PASSED] - println("ChA: " + ChA): null

02-12-2024T04:34:01 - [TEST_STEP][PASSED] - tableA = Script1719551244403.NewDZO(x = tableA): null

02-12-2024T04:34:01 - [TEST_STEP][PASSED] - i3 = <not implemented yet for class: org.codehaus.groovy.ast.expr.EmptyExpression>: null

02-12-2024T04:34:01 - [TEST_STEP][PASSED] - i3 = x.indexOf("/") + 1: null

02-12-2024T04:34:01 - [TEST_STEP][PASSED] - x = x.substring(i3, x.length()): null

02-12-2024T04:34:01 - [TEST_STEP][PASSED] - return x: null

02-12-2024T04:34:01 - [TEST_STEP][PASSED] - i = tableA.indexOf("Кубань"): null

02-12-2024T04:34:01 - [TEST_STEP][PASSED] - VA = replaceAll("\p{P}", "").trim(): null

02-12-2024T04:34:01 - [TEST_STEP][PASSED] - println("VA: " + VA): null

02-12-2024T04:34:01 - [TEST_STEP][PASSED] - for ([i = 1, i < 8, (i++)]): null

02-12-2024T04:34:01 - [TEST_STEP][PASSED] - tableA = Script1719551244403.NewDZO(x = tableA): null

02-12-2024T04:34:01 - [TEST_STEP][PASSED] - i3 = <not implemented yet for class: org.codehaus.groovy.ast.expr.EmptyExpression>: null

02-12-2024T04:34:01 - [TEST_STEP][PASSED] - i3 = x.indexOf("/") + 1: null

02-12-2024T04:34:01 - [TEST_STEP][PASSED] - x = x.substring(i3, x.length()): null

02-12-2024T04:34:01 - [TEST_STEP][PASSED] - return x: null

02-12-2024T04:34:01 - [TEST_STEP][PASSED] - tableA = Script1719551244403.NewDZO(x = tableA): null

02-12-2024T04:34:01 - [TEST_STEP][PASSED] - i3 = <not implemented yet for class: org.codehaus.groovy.ast.expr.EmptyExpression>: null

02-12-2024T04:34:01 - [TEST_STEP][PASSED] - i3 = x.indexOf("/") + 1: null

02-12-2024T04:34:01 - [TEST_STEP][PASSED] - x = x.substring(i3, x.length()): null

02-12-2024T04:34:01 - [TEST_STEP][PASSED] - return x: null

02-12-2024T04:34:01 - [TEST_STEP][PASSED] - tableA = Script1719551244403.NewDZO(x = tableA): null

02-12-2024T04:34:01 - [TEST_STEP][PASSED] - i3 = <not implemented yet for class: org.codehaus.groovy.ast.expr.EmptyExpression>: null

02-12-2024T04:34:01 - [TEST_STEP][PASSED] - i3 = x.indexOf("/") + 1: null

02-12-2024T04:34:01 - [TEST_STEP][PASSED] - x = x.substring(i3, x.length()): null

02-12-2024T04:34:01 - [TEST_STEP][PASSED] - return x: null

02-12-2024T04:34:01 - [TEST_STEP][PASSED] - tableA = Script1719551244403.NewDZO(x = tableA): null

02-12-2024T04:34:01 - [TEST_STEP][PASSED] - i3 = <not implemented yet for class: org.codehaus.groovy.ast.expr.EmptyExpression>: null

02-12-2024T04:34:01 - [TEST_STEP][PASSED] - i3 = x.indexOf("/") + 1: null

02-12-2024T04:34:01 - [TEST_STEP][PASSED] - x = x.substring(i3, x.length()): null

02-12-2024T04:34:01 - [TEST_STEP][PASSED] - return x: null

02-12-2024T04:34:01 - [TEST_STEP][PASSED] - tableA = Script1719551244403.NewDZO(x = tableA): null

02-12-2024T04:34:01 - [TEST_STEP][PASSED] - i3 = <not implemented yet for class: org.codehaus.groovy.ast.expr.EmptyExpression>: null

02-12-2024T04:34:01 - [TEST_STEP][PASSED] - i3 = x.indexOf("/") + 1: null

02-12-2024T04:34:01 - [TEST_STEP][PASSED] - x = x.substring(i3, x.length()): null

02-12-2024T04:34:01 - [TEST_STEP][PASSED] - return x: null

02-12-2024T04:34:01 - [TEST_STEP][PASSED] - tableA = Script1719551244403.NewDZO(x = tableA): null

02-12-2024T04:34:01 - [TEST_STEP][PASSED] - i3 = <not implemented yet for class: org.codehaus.groovy.ast.expr.EmptyExpression>: null

02-12-2024T04:34:01 - [TEST_STEP][PASSED] - i3 = x.indexOf("/") + 1: null

02-12-2024T04:34:01 - [TEST_STEP][PASSED] - x = x.substring(i3, x.length()): null

02-12-2024T04:34:01 - [TEST_STEP][PASSED] - return x: null

02-12-2024T04:34:01 - [TEST_STEP][PASSED] - tableA = Script1719551244403.NewDZO(x = tableA): null

02-12-2024T04:34:01 - [TEST_STEP][PASSED] - i3 = <not implemented yet for class: org.codehaus.groovy.ast.expr.EmptyExpression>: null

02-12-2024T04:34:01 - [TEST_STEP][PASSED] - i3 = x.indexOf("/") + 1: null

02-12-2024T04:34:01 - [TEST_STEP][PASSED] - x = x.substring(i3, x.length()): null

02-12-2024T04:34:01 - [TEST_STEP][PASSED] - return x: null

02-12-2024T04:34:01 - [TEST_STEP][PASSED] - i = tableA.indexOf("Ленэнерго"): null

02-12-2024T04:34:01 - [TEST_STEP][PASSED] - KuA = Script1719551244403.GetData(x = tableA): null

02-12-2024T04:34:01 - [TEST_STEP][PASSED] - i2 = <not implemented yet for class: org.codehaus.groovy.ast.expr.EmptyExpression>: null

02-12-2024T04:34:01 - [TEST_STEP][PASSED] - i2 = x.indexOf("/") + 1: null

02-12-2024T04:34:01 - [TEST_STEP][PASSED] - x = replaceAll("\p{P}", "").trim(): null

02-12-2024T04:34:01 - [TEST_STEP][PASSED] - return x: null

02-12-2024T04:34:01 - [TEST_STEP][PASSED] - println("KuA: " + KuA): null

02-12-2024T04:34:01 - [TEST_STEP][PASSED] - tableA = Script1719551244403.NewDZO(x = tableA): null

02-12-2024T04:34:01 - [TEST_STEP][PASSED] - i3 = <not implemented yet for class: org.codehaus.groovy.ast.expr.EmptyExpression>: null

02-12-2024T04:34:01 - [TEST_STEP][PASSED] - i3 = x.indexOf("/") + 1: null

02-12-2024T04:34:01 - [TEST_STEP][PASSED] - x = x.substring(i3, x.length()): null

02-12-2024T04:34:01 - [TEST_STEP][PASSED] - return x: null

02-12-2024T04:34:01 - [TEST_STEP][PASSED] - i = tableA.indexOf("Московский"): null

02-12-2024T04:34:01 - [TEST_STEP][PASSED] - LenA = replaceAll("\p{P}", "").trim(): null

02-12-2024T04:34:01 - [TEST_STEP][PASSED] - println("LenA: " + LenA): null

02-12-2024T04:34:01 - [TEST_STEP][PASSED] - tableA = Script1719551244403.NewDZO(x = tableA): null

02-12-2024T04:34:01 - [TEST_STEP][PASSED] - i3 = <not implemented yet for class: org.codehaus.groovy.ast.expr.EmptyExpression>: null

02-12-2024T04:34:01 - [TEST_STEP][PASSED] - i3 = x.indexOf("/") + 1: null

02-12-2024T04:34:01 - [TEST_STEP][PASSED] - x = x.substring(i3, x.length()): null

02-12-2024T04:34:01 - [TEST_STEP][PASSED] - return x: null

02-12-2024T04:34:01 - [TEST_STEP][PASSED] - tableA = Script1719551244403.NewDZO(x = tableA): null

02-12-2024T04:34:01 - [TEST_STEP][PASSED] - i3 = <not implemented yet for class: org.codehaus.groovy.ast.expr.EmptyExpression>: null

02-12-2024T04:34:01 - [TEST_STEP][PASSED] - i3 = x.indexOf("/") + 1: null

02-12-2024T04:34:01 - [TEST_STEP][PASSED] - x = x.substring(i3, x.length()): null

02-12-2024T04:34:01 - [TEST_STEP][PASSED] - return x: null

02-12-2024T04:34:01 - [TEST_STEP][PASSED] - i = tableA.indexOf("Кавказ"): null

02-12-2024T04:34:01 - [TEST_STEP][PASSED] - MosA = replaceAll("\p{P}", "").trim(): null

02-12-2024T04:34:01 - [TEST_STEP][PASSED] - println("MosA: " + MosA): null

02-12-2024T04:34:01 - [TEST_STEP][PASSED] - for ([i = 1, i < 3, (i++)]): null

02-12-2024T04:34:01 - [TEST_STEP][PASSED] - tableA = Script1719551244403.NewDZO(x = tableA): null

02-12-2024T04:34:01 - [TEST_STEP][PASSED] - i3 = <not implemented yet for class: org.codehaus.groovy.ast.expr.EmptyExpression>: null

02-12-2024T04:34:01 - [TEST_STEP][PASSED] - i3 = x.indexOf("/") + 1: null

02-12-2024T04:34:01 - [TEST_STEP][PASSED] - x = x.substring(i3, x.length()): null

02-12-2024T04:34:01 - [TEST_STEP][PASSED] - return x: null

02-12-2024T04:34:01 - [TEST_STEP][PASSED] - tableA = Script1719551244403.NewDZO(x = tableA): null

02-12-2024T04:34:01 - [TEST_STEP][PASSED] - i3 = <not implemented yet for class: org.codehaus.groovy.ast.expr.EmptyExpression>: null

02-12-2024T04:34:01 - [TEST_STEP][PASSED] - i3 = x.indexOf("/") + 1: null

02-12-2024T04:34:01 - [TEST_STEP][PASSED] - x = x.substring(i3, x.length()): null

02-12-2024T04:34:01 - [TEST_STEP][PASSED] - return x: null

02-12-2024T04:34:01 - [TEST_STEP][PASSED] - i = tableA.indexOf("Запад"): null

02-12-2024T04:34:01 - [TEST_STEP][PASSED] - SKA = replaceAll("\p{P}", "").trim(): null

02-12-2024T04:34:01 - [TEST_STEP][PASSED] - println("SKA: " + SKA): null

02-12-2024T04:34:01 - [TEST_STEP][PASSED] - for ([i = 1, i < 7, (i++)]): null

02-12-2024T04:34:01 - [TEST_STEP][PASSED] - tableA = Script1719551244403.NewDZO(x = tableA): null

02-12-2024T04:34:01 - [TEST_STEP][PASSED] - i3 = <not implemented yet for class: org.codehaus.groovy.ast.expr.EmptyExpression>: null

02-12-2024T04:34:01 - [TEST_STEP][PASSED] - i3 = x.indexOf("/") + 1: null

02-12-2024T04:34:01 - [TEST_STEP][PASSED] - x = x.substring(i3, x.length()): null

02-12-2024T04:34:01 - [TEST_STEP][PASSED] - return x: null

02-12-2024T04:34:01 - [TEST_STEP][PASSED] - tableA = Script1719551244403.NewDZO(x = tableA): null

02-12-2024T04:34:01 - [TEST_STEP][PASSED] - i3 = <not implemented yet for class: org.codehaus.groovy.ast.expr.EmptyExpression>: null

02-12-2024T04:34:01 - [TEST_STEP][PASSED] - i3 = x.indexOf("/") + 1: null

02-12-2024T04:34:01 - [TEST_STEP][PASSED] - x = x.substring(i3, x.length()): null

02-12-2024T04:34:01 - [TEST_STEP][PASSED] - return x: null

02-12-2024T04:34:01 - [TEST_STEP][PASSED] - tableA = Script1719551244403.NewDZO(x = tableA): null

02-12-2024T04:34:01 - [TEST_STEP][PASSED] - i3 = <not implemented yet for class: org.codehaus.groovy.ast.expr.EmptyExpression>: null

02-12-2024T04:34:01 - [TEST_STEP][PASSED] - i3 = x.indexOf("/") + 1: null

02-12-2024T04:34:01 - [TEST_STEP][PASSED] - x = x.substring(i3, x.length()): null

02-12-2024T04:34:01 - [TEST_STEP][PASSED] - return x: null

02-12-2024T04:34:01 - [TEST_STEP][PASSED] - tableA = Script1719551244403.NewDZO(x = tableA): null

02-12-2024T04:34:01 - [TEST_STEP][PASSED] - i3 = <not implemented yet for class: org.codehaus.groovy.ast.expr.EmptyExpression>: null

02-12-2024T04:34:01 - [TEST_STEP][PASSED] - i3 = x.indexOf("/") + 1: null

02-12-2024T04:34:01 - [TEST_STEP][PASSED] - x = x.substring(i3, x.length()): null

02-12-2024T04:34:01 - [TEST_STEP][PASSED] - return x: null

02-12-2024T04:34:01 - [TEST_STEP][PASSED] - tableA = Script1719551244403.NewDZO(x = tableA): null

02-12-2024T04:34:01 - [TEST_STEP][PASSED] - i3 = <not implemented yet for class: org.codehaus.groovy.ast.expr.EmptyExpression>: null

02-12-2024T04:34:01 - [TEST_STEP][PASSED] - i3 = x.indexOf("/") + 1: null

02-12-2024T04:34:01 - [TEST_STEP][PASSED] - x = x.substring(i3, x.length()): null

02-12-2024T04:34:01 - [TEST_STEP][PASSED] - return x: null

02-12-2024T04:34:01 - [TEST_STEP][PASSED] - tableA = Script1719551244403.NewDZO(x = tableA): null

02-12-2024T04:34:01 - [TEST_STEP][PASSED] - i3 = <not implemented yet for class: org.codehaus.groovy.ast.expr.EmptyExpression>: null

02-12-2024T04:34:01 - [TEST_STEP][PASSED] - i3 = x.indexOf("/") + 1: null

02-12-2024T04:34:01 - [TEST_STEP][PASSED] - x = x.substring(i3, x.length()): null

02-12-2024T04:34:01 - [TEST_STEP][PASSED] - return x: null

02-12-2024T04:34:01 - [TEST_STEP][PASSED] - i = tableA.indexOf("Сибирь"): null

02-12-2024T04:34:01 - [TEST_STEP][PASSED] - SZA = replaceAll("\p{P}", "").trim(): null

02-12-2024T04:34:01 - [TEST_STEP][PASSED] - println("SZA: " + SZA): null

02-12-2024T04:34:01 - [TEST_STEP][PASSED] - for ([i = 1, i < 8, (i++)]): null

02-12-2024T04:34:01 - [TEST_STEP][PASSED] - tableA = Script1719551244403.NewDZO(x = tableA): null

02-12-2024T04:34:01 - [TEST_STEP][PASSED] - i3 = <not implemented yet for class: org.codehaus.groovy.ast.expr.EmptyExpression>: null

02-12-2024T04:34:01 - [TEST_STEP][PASSED] - i3 = x.indexOf("/") + 1: null

02-12-2024T04:34:01 - [TEST_STEP][PASSED] - x = x.substring(i3, x.length()): null

02-12-2024T04:34:01 - [TEST_STEP][PASSED] - return x: null

02-12-2024T04:34:01 - [TEST_STEP][PASSED] - tableA = Script1719551244403.NewDZO(x = tableA): null

02-12-2024T04:34:01 - [TEST_STEP][PASSED] - i3 = <not implemented yet for class: org.codehaus.groovy.ast.expr.EmptyExpression>: null

02-12-2024T04:34:01 - [TEST_STEP][PASSED] - i3 = x.indexOf("/") + 1: null

02-12-2024T04:34:01 - [TEST_STEP][PASSED] - x = x.substring(i3, x.length()): null

02-12-2024T04:34:01 - [TEST_STEP][PASSED] - return x: null

02-12-2024T04:34:01 - [TEST_STEP][PASSED] - tableA = Script1719551244403.NewDZO(x = tableA): null

02-12-2024T04:34:01 - [TEST_STEP][PASSED] - i3 = <not implemented yet for class: org.codehaus.groovy.ast.expr.EmptyExpression>: null

02-12-2024T04:34:01 - [TEST_STEP][PASSED] - i3 = x.indexOf("/") + 1: null

02-12-2024T04:34:01 - [TEST_STEP][PASSED] - x = x.substring(i3, x.length()): null

02-12-2024T04:34:01 - [TEST_STEP][PASSED] - return x: null

02-12-2024T04:34:01 - [TEST_STEP][PASSED] - tableA = Script1719551244403.NewDZO(x = tableA): null

02-12-2024T04:34:01 - [TEST_STEP][PASSED] - i3 = <not implemented yet for class: org.codehaus.groovy.ast.expr.EmptyExpression>: null

02-12-2024T04:34:01 - [TEST_STEP][PASSED] - i3 = x.indexOf("/") + 1: null

02-12-2024T04:34:01 - [TEST_STEP][PASSED] - x = x.substring(i3, x.length()): null

02-12-2024T04:34:01 - [TEST_STEP][PASSED] - return x: null

02-12-2024T04:34:01 - [TEST_STEP][PASSED] - tableA = Script1719551244403.NewDZO(x = tableA): null

02-12-2024T04:34:01 - [TEST_STEP][PASSED] - i3 = <not implemented yet for class: org.codehaus.groovy.ast.expr.EmptyExpression>: null

02-12-2024T04:34:01 - [TEST_STEP][PASSED] - i3 = x.indexOf("/") + 1: null

02-12-2024T04:34:01 - [TEST_STEP][PASSED] - x = x.substring(i3, x.length()): null

02-12-2024T04:34:01 - [TEST_STEP][PASSED] - return x: null

02-12-2024T04:34:01 - [TEST_STEP][PASSED] - tableA = Script1719551244403.NewDZO(x = tableA): null

02-12-2024T04:34:01 - [TEST_STEP][PASSED] - i3 = <not implemented yet for class: org.codehaus.groovy.ast.expr.EmptyExpression>: null

02-12-2024T04:34:01 - [TEST_STEP][PASSED] - i3 = x.indexOf("/") + 1: null

02-12-2024T04:34:01 - [TEST_STEP][PASSED] - x = x.substring(i3, x.length()): null

02-12-2024T04:34:01 - [TEST_STEP][PASSED] - return x: null

02-12-2024T04:34:01 - [TEST_STEP][PASSED] - tableA = Script1719551244403.NewDZO(x = tableA): null

02-12-2024T04:34:01 - [TEST_STEP][PASSED] - i3 = <not implemented yet for class: org.codehaus.groovy.ast.expr.EmptyExpression>: null

02-12-2024T04:34:01 - [TEST_STEP][PASSED] - i3 = x.indexOf("/") + 1: null

02-12-2024T04:34:01 - [TEST_STEP][PASSED] - x = x.substring(i3, x.length()): null

02-12-2024T04:34:01 - [TEST_STEP][PASSED] - return x: null

02-12-2024T04:34:01 - [TEST_STEP][PASSED] - i = tableA.indexOf("Томск"): null

02-12-2024T04:34:01 - [TEST_STEP][PASSED] - SiA = replaceAll("\p{P}", "").trim(): null

02-12-2024T04:34:01 - [TEST_STEP][PASSED] - println("SiA: " + SiA): null

02-12-2024T04:34:01 - [TEST_STEP][PASSED] - for ([i = 1, i < 9, (i++)]): null

02-12-2024T04:34:01 - [TEST_STEP][PASSED] - tableA = Script1719551244403.NewDZO(x = tableA): null

02-12-2024T04:34:01 - [TEST_STEP][PASSED] - i3 = <not implemented yet for class: org.codehaus.groovy.ast.expr.EmptyExpression>: null

02-12-2024T04:34:01 - [TEST_STEP][PASSED] - i3 = x.indexOf("/") + 1: null

02-12-2024T04:34:01 - [TEST_STEP][PASSED] - x = x.substring(i3, x.length()): null

02-12-2024T04:34:01 - [TEST_STEP][PASSED] - return x: null

02-12-2024T04:34:01 - [TEST_STEP][PASSED] - tableA = Script1719551244403.NewDZO(x = tableA): null

02-12-2024T04:34:01 - [TEST_STEP][PASSED] - i3 = <not implemented yet for class: org.codehaus.groovy.ast.expr.EmptyExpression>: null

02-12-2024T04:34:01 - [TEST_STEP][PASSED] - i3 = x.indexOf("/") + 1: null

02-12-2024T04:34:01 - [TEST_STEP][PASSED] - x = x.substring(i3, x.length()): null

02-12-2024T04:34:01 - [TEST_STEP][PASSED] - return x: null

02-12-2024T04:34:01 - [TEST_STEP][PASSED] - tableA = Script1719551244403.NewDZO(x = tableA): null

02-12-2024T04:34:01 - [TEST_STEP][PASSED] - i3 = <not implemented yet for class: org.codehaus.groovy.ast.expr.EmptyExpression>: null

02-12-2024T04:34:01 - [TEST_STEP][PASSED] - i3 = x.indexOf("/") + 1: null

02-12-2024T04:34:01 - [TEST_STEP][PASSED] - x = x.substring(i3, x.length()): null

02-12-2024T04:34:01 - [TEST_STEP][PASSED] - return x: null

02-12-2024T04:34:01 - [TEST_STEP][PASSED] - tableA = Script1719551244403.NewDZO(x = tableA): null

02-12-2024T04:34:01 - [TEST_STEP][PASSED] - i3 = <not implemented yet for class: org.codehaus.groovy.ast.expr.EmptyExpression>: null

02-12-2024T04:34:01 - [TEST_STEP][PASSED] - i3 = x.indexOf("/") + 1: null

02-12-2024T04:34:01 - [TEST_STEP][PASSED] - x = x.substring(i3, x.length()): null

02-12-2024T04:34:01 - [TEST_STEP][PASSED] - return x: null

02-12-2024T04:34:01 - [TEST_STEP][PASSED] - tableA = Script1719551244403.NewDZO(x = tableA): null

02-12-2024T04:34:01 - [TEST_STEP][PASSED] - i3 = <not implemented yet for class: org.codehaus.groovy.ast.expr.EmptyExpression>: null

02-12-2024T04:34:01 - [TEST_STEP][PASSED] - i3 = x.indexOf("/") + 1: null

02-12-2024T04:34:01 - [TEST_STEP][PASSED] - x = x.substring(i3, x.length()): null

02-12-2024T04:34:01 - [TEST_STEP][PASSED] - return x: null

02-12-2024T04:34:01 - [TEST_STEP][PASSED] - tableA = Script1719551244403.NewDZO(x = tableA): null

02-12-2024T04:34:01 - [TEST_STEP][PASSED] - i3 = <not implemented yet for class: org.codehaus.groovy.ast.expr.EmptyExpression>: null

02-12-2024T04:34:01 - [TEST_STEP][PASSED] - i3 = x.indexOf("/") + 1: null

02-12-2024T04:34:01 - [TEST_STEP][PASSED] - x = x.substring(i3, x.length()): null

02-12-2024T04:34:01 - [TEST_STEP][PASSED] - return x: null

02-12-2024T04:34:01 - [TEST_STEP][PASSED] - tableA = Script1719551244403.NewDZO(x = tableA): null

02-12-2024T04:34:01 - [TEST_STEP][PASSED] - i3 = <not implemented yet for class: org.codehaus.groovy.ast.expr.EmptyExpression>: null

02-12-2024T04:34:01 - [TEST_STEP][PASSED] - i3 = x.indexOf("/") + 1: null

02-12-2024T04:34:01 - [TEST_STEP][PASSED] - x = x.substring(i3, x.length()): null

02-12-2024T04:34:01 - [TEST_STEP][PASSED] - return x: null

02-12-2024T04:34:01 - [TEST_STEP][PASSED] - tableA = Script1719551244403.NewDZO(x = tableA): null

02-12-2024T04:34:01 - [TEST_STEP][PASSED] - i3 = <not implemented yet for class: org.codehaus.groovy.ast.expr.EmptyExpression>: null

02-12-2024T04:34:01 - [TEST_STEP][PASSED] - i3 = x.indexOf("/") + 1: null

02-12-2024T04:34:01 - [TEST_STEP][PASSED] - x = x.substring(i3, x.length()): null

02-12-2024T04:34:01 - [TEST_STEP][PASSED] - return x: null

02-12-2024T04:34:01 - [TEST_STEP][PASSED] - i = tableA.indexOf("Тюмень"): null

02-12-2024T04:34:01 - [TEST_STEP][PASSED] - ToA = replaceAll("\p{P}", "").trim(): null

02-12-2024T04:34:01 - [TEST_STEP][PASSED] - println("ToA: " + ToA): null

02-12-2024T04:34:01 - [TEST_STEP][PASSED] - tableA = Script1719551244403.NewDZO(x = tableA): null

02-12-2024T04:34:01 - [TEST_STEP][PASSED] - i3 = <not implemented yet for class: org.codehaus.groovy.ast.expr.EmptyExpression>: null

02-12-2024T04:34:01 - [TEST_STEP][PASSED] - i3 = x.indexOf("/") + 1: null

02-12-2024T04:34:01 - [TEST_STEP][PASSED] - x = x.substring(i3, x.length()): null

02-12-2024T04:34:01 - [TEST_STEP][PASSED] - return x: null

02-12-2024T04:34:01 - [TEST_STEP][PASSED] - TyuA = replaceAll("\p{P}", "").trim(): null

02-12-2024T04:34:01 - [TEST_STEP][PASSED] - println("TyuA: " + TyuA): null

02-12-2024T04:34:01 - [TEST_STEP][PASSED] - tableA = Script1719551244403.NewDZO(x = tableA): null

02-12-2024T04:34:01 - [TEST_STEP][PASSED] - i3 = <not implemented yet for class: org.codehaus.groovy.ast.expr.EmptyExpression>: null

02-12-2024T04:34:01 - [TEST_STEP][PASSED] - i3 = x.indexOf("/") + 1: null

02-12-2024T04:34:01 - [TEST_STEP][PASSED] - x = x.substring(i3, x.length()): null

02-12-2024T04:34:01 - [TEST_STEP][PASSED] - return x: null

02-12-2024T04:34:01 - [TEST_STEP][PASSED] - i = tableA.indexOf("ЕЭС"): null

02-12-2024T04:34:01 - [TEST_STEP][PASSED] - UrA = replaceAll("\p{P}", "").trim(): null

02-12-2024T04:34:01 - [TEST_STEP][PASSED] - println("UrA: " + UrA): null

02-12-2024T04:34:01 - [TEST_STEP][PASSED] - for ([i = 1, i < 4, (i++)]): null

02-12-2024T04:34:01 - [TEST_STEP][PASSED] - tableA = Script1719551244403.NewDZO(x = tableA): null

02-12-2024T04:34:01 - [TEST_STEP][PASSED] - i3 = <not implemented yet for class: org.codehaus.groovy.ast.expr.EmptyExpression>: null

02-12-2024T04:34:01 - [TEST_STEP][PASSED] - i3 = x.indexOf("/") + 1: null

02-12-2024T04:34:01 - [TEST_STEP][PASSED] - x = x.substring(i3, x.length()): null

02-12-2024T04:34:01 - [TEST_STEP][PASSED] - return x: null

02-12-2024T04:34:01 - [TEST_STEP][PASSED] - tableA = Script1719551244403.NewDZO(x = tableA): null

02-12-2024T04:34:01 - [TEST_STEP][PASSED] - i3 = <not implemented yet for class: org.codehaus.groovy.ast.expr.EmptyExpression>: null

02-12-2024T04:34:01 - [TEST_STEP][PASSED] - i3 = x.indexOf("/") + 1: null

02-12-2024T04:34:01 - [TEST_STEP][PASSED] - x = x.substring(i3, x.length()): null

02-12-2024T04:34:01 - [TEST_STEP][PASSED] - return x: null

02-12-2024T04:34:01 - [TEST_STEP][PASSED] - tableA = Script1719551244403.NewDZO(x = tableA): null

02-12-2024T04:34:01 - [TEST_STEP][PASSED] - i3 = <not implemented yet for class: org.codehaus.groovy.ast.expr.EmptyExpression>: null

02-12-2024T04:34:01 - [TEST_STEP][PASSED] - i3 = x.indexOf("/") + 1: null

02-12-2024T04:34:01 - [TEST_STEP][PASSED] - x = x.substring(i3, x.length()): null

02-12-2024T04:34:01 - [TEST_STEP][PASSED] - return x: null

02-12-2024T04:34:01 - [TEST_STEP][PASSED] - i = tableA.indexOf("Центр"): null

02-12-2024T04:34:01 - [TEST_STEP][PASSED] - FSKA = replaceAll("\p{P}", "").trim(): null

02-12-2024T04:34:01 - [TEST_STEP][PASSED] - println("FSKA: " + FSKA): null

02-12-2024T04:34:01 - [TEST_STEP][PASSED] - tableA = Script1719551244403.NewDZO(x = tableA): null

02-12-2024T04:34:01 - [TEST_STEP][PASSED] - i3 = <not implemented yet for class: org.codehaus.groovy.ast.expr.EmptyExpression>: null

02-12-2024T04:34:01 - [TEST_STEP][PASSED] - i3 = x.indexOf("/") + 1: null

02-12-2024T04:34:01 - [TEST_STEP][PASSED] - x = x.substring(i3, x.length()): null

02-12-2024T04:34:01 - [TEST_STEP][PASSED] - return x: null

02-12-2024T04:34:01 - [TEST_STEP][PASSED] - i = tableA.indexOf("Приволжье"): null

02-12-2024T04:34:01 - [TEST_STEP][PASSED] - CenA = replaceAll("\p{P}", "").trim(): null

02-12-2024T04:34:01 - [TEST_STEP][PASSED] - println("CenA: " + CenA): null

02-12-2024T04:34:01 - [TEST_STEP][PASSED] - for ([i = 1, i < 12, (i++)]): null

02-12-2024T04:34:01 - [TEST_STEP][PASSED] - tableA = Script1719551244403.NewDZO(x = tableA): null

02-12-2024T04:34:01 - [TEST_STEP][PASSED] - i3 = <not implemented yet for class: org.codehaus.groovy.ast.expr.EmptyExpression>: null

02-12-2024T04:34:01 - [TEST_STEP][PASSED] - i3 = x.indexOf("/") + 1: null

02-12-2024T04:34:01 - [TEST_STEP][PASSED] - x = x.substring(i3, x.length()): null

02-12-2024T04:34:01 - [TEST_STEP][PASSED] - return x: null

02-12-2024T04:34:01 - [TEST_STEP][PASSED] - tableA = Script1719551244403.NewDZO(x = tableA): null

02-12-2024T04:34:01 - [TEST_STEP][PASSED] - i3 = <not implemented yet for class: org.codehaus.groovy.ast.expr.EmptyExpression>: null

02-12-2024T04:34:01 - [TEST_STEP][PASSED] - i3 = x.indexOf("/") + 1: null

02-12-2024T04:34:01 - [TEST_STEP][PASSED] - x = x.substring(i3, x.length()): null

02-12-2024T04:34:01 - [TEST_STEP][PASSED] - return x: null

02-12-2024T04:34:01 - [TEST_STEP][PASSED] - tableA = Script1719551244403.NewDZO(x = tableA): null

02-12-2024T04:34:01 - [TEST_STEP][PASSED] - i3 = <not implemented yet for class: org.codehaus.groovy.ast.expr.EmptyExpression>: null

02-12-2024T04:34:01 - [TEST_STEP][PASSED] - i3 = x.indexOf("/") + 1: null

02-12-2024T04:34:01 - [TEST_STEP][PASSED] - x = x.substring(i3, x.length()): null

02-12-2024T04:34:01 - [TEST_STEP][PASSED] - return x: null

02-12-2024T04:34:01 - [TEST_STEP][PASSED] - tableA = Script1719551244403.NewDZO(x = tableA): null

02-12-2024T04:34:01 - [TEST_STEP][PASSED] - i3 = <not implemented yet for class: org.codehaus.groovy.ast.expr.EmptyExpression>: null

02-12-2024T04:34:01 - [TEST_STEP][PASSED] - i3 = x.indexOf("/") + 1: null

02-12-2024T04:34:01 - [TEST_STEP][PASSED] - x = x.substring(i3, x.length()): null

02-12-2024T04:34:01 - [TEST_STEP][PASSED] - return x: null

02-12-2024T04:34:01 - [TEST_STEP][PASSED] - tableA = Script1719551244403.NewDZO(x = tableA): null

02-12-2024T04:34:01 - [TEST_STEP][PASSED] - i3 = <not implemented yet for class: org.codehaus.groovy.ast.expr.EmptyExpression>: null

02-12-2024T04:34:01 - [TEST_STEP][PASSED] - i3 = x.indexOf("/") + 1: null

02-12-2024T04:34:01 - [TEST_STEP][PASSED] - x = x.substring(i3, x.length()): null

02-12-2024T04:34:01 - [TEST_STEP][PASSED] - return x: null

02-12-2024T04:34:01 - [TEST_STEP][PASSED] - tableA = Script1719551244403.NewDZO(x = tableA): null

02-12-2024T04:34:01 - [TEST_STEP][PASSED] - i3 = <not implemented yet for class: org.codehaus.groovy.ast.expr.EmptyExpression>: null

02-12-2024T04:34:01 - [TEST_STEP][PASSED] - i3 = x.indexOf("/") + 1: null

02-12-2024T04:34:01 - [TEST_STEP][PASSED] - x = x.substring(i3, x.length()): null

02-12-2024T04:34:01 - [TEST_STEP][PASSED] - return x: null

02-12-2024T04:34:01 - [TEST_STEP][PASSED] - tableA = Script1719551244403.NewDZO(x = tableA): null

02-12-2024T04:34:01 - [TEST_STEP][PASSED] - i3 = <not implemented yet for class: org.codehaus.groovy.ast.expr.EmptyExpression>: null

02-12-2024T04:34:01 - [TEST_STEP][PASSED] - i3 = x.indexOf("/") + 1: null

02-12-2024T04:34:01 - [TEST_STEP][PASSED] - x = x.substring(i3, x.length()): null

02-12-2024T04:34:01 - [TEST_STEP][PASSED] - return x: null

02-12-2024T04:34:01 - [TEST_STEP][PASSED] - tableA = Script1719551244403.NewDZO(x = tableA): null

02-12-2024T04:34:01 - [TEST_STEP][PASSED] - i3 = <not implemented yet for class: org.codehaus.groovy.ast.expr.EmptyExpression>: null

02-12-2024T04:34:01 - [TEST_STEP][PASSED] - i3 = x.indexOf("/") + 1: null

02-12-2024T04:34:01 - [TEST_STEP][PASSED] - x = x.substring(i3, x.length()): null

02-12-2024T04:34:01 - [TEST_STEP][PASSED] - return x: null

02-12-2024T04:34:01 - [TEST_STEP][PASSED] - tableA = Script1719551244403.NewDZO(x = tableA): null

02-12-2024T04:34:01 - [TEST_STEP][PASSED] - i3 = <not implemented yet for class: org.codehaus.groovy.ast.expr.EmptyExpression>: null

02-12-2024T04:34:01 - [TEST_STEP][PASSED] - i3 = x.indexOf("/") + 1: null

02-12-2024T04:34:01 - [TEST_STEP][PASSED] - x = x.substring(i3, x.length()): null

02-12-2024T04:34:01 - [TEST_STEP][PASSED] - return x: null

02-12-2024T04:34:01 - [TEST_STEP][PASSED] - tableA = Script1719551244403.NewDZO(x = tableA): null

02-12-2024T04:34:01 - [TEST_STEP][PASSED] - i3 = <not implemented yet for class: org.codehaus.groovy.ast.expr.EmptyExpression>: null

02-12-2024T04:34:01 - [TEST_STEP][PASSED] - i3 = x.indexOf("/") + 1: null

02-12-2024T04:34:01 - [TEST_STEP][PASSED] - x = x.substring(i3, x.length()): null

02-12-2024T04:34:01 - [TEST_STEP][PASSED] - return x: null

02-12-2024T04:34:01 - [TEST_STEP][PASSED] - tableA = Script1719551244403.NewDZO(x = tableA): null

02-12-2024T04:34:01 - [TEST_STEP][PASSED] - i3 = <not implemented yet for class: org.codehaus.groovy.ast.expr.EmptyExpression>: null

02-12-2024T04:34:01 - [TEST_STEP][PASSED] - i3 = x.indexOf("/") + 1: null

02-12-2024T04:34:01 - [TEST_STEP][PASSED] - x = x.substring(i3, x.length()): null

02-12-2024T04:34:01 - [TEST_STEP][PASSED] - return x: null

02-12-2024T04:34:01 - [TEST_STEP][PASSED] - i = tableA.indexOf("Юг"): null

02-12-2024T04:34:01 - [TEST_STEP][PASSED] - CiPA = replaceAll("\p{P}", "").trim(): null

02-12-2024T04:34:01 - [TEST_STEP][PASSED] - println("CiPA: " + CiPA): null

02-12-2024T04:34:01 - [TEST_STEP][PASSED] - for ([i = 1, i < 10, (i++)]): null

02-12-2024T04:34:01 - [TEST_STEP][PASSED] - tableA = Script1719551244403.NewDZO(x = tableA): null

02-12-2024T04:34:01 - [TEST_STEP][PASSED] - i3 = <not implemented yet for class: org.codehaus.groovy.ast.expr.EmptyExpression>: null

02-12-2024T04:34:01 - [TEST_STEP][PASSED] - i3 = x.indexOf("/") + 1: null

02-12-2024T04:34:01 - [TEST_STEP][PASSED] - x = x.substring(i3, x.length()): null

02-12-2024T04:34:01 - [TEST_STEP][PASSED] - return x: null

02-12-2024T04:34:01 - [TEST_STEP][PASSED] - tableA = Script1719551244403.NewDZO(x = tableA): null

02-12-2024T04:34:01 - [TEST_STEP][PASSED] - i3 = <not implemented yet for class: org.codehaus.groovy.ast.expr.EmptyExpression>: null

02-12-2024T04:34:01 - [TEST_STEP][PASSED] - i3 = x.indexOf("/") + 1: null

02-12-2024T04:34:01 - [TEST_STEP][PASSED] - x = x.substring(i3, x.length()): null

02-12-2024T04:34:01 - [TEST_STEP][PASSED] - return x: null

02-12-2024T04:34:01 - [TEST_STEP][PASSED] - tableA = Script1719551244403.NewDZO(x = tableA): null

02-12-2024T04:34:01 - [TEST_STEP][PASSED] - i3 = <not implemented yet for class: org.codehaus.groovy.ast.expr.EmptyExpression>: null

02-12-2024T04:34:01 - [TEST_STEP][PASSED] - i3 = x.indexOf("/") + 1: null

02-12-2024T04:34:01 - [TEST_STEP][PASSED] - x = x.substring(i3, x.length()): null

02-12-2024T04:34:01 - [TEST_STEP][PASSED] - return x: null

02-12-2024T04:34:01 - [TEST_STEP][PASSED] - tableA = Script1719551244403.NewDZO(x = tableA): null

02-12-2024T04:34:01 - [TEST_STEP][PASSED] - i3 = <not implemented yet for class: org.codehaus.groovy.ast.expr.EmptyExpression>: null

02-12-2024T04:34:01 - [TEST_STEP][PASSED] - i3 = x.indexOf("/") + 1: null

02-12-2024T04:34:01 - [TEST_STEP][PASSED] - x = x.substring(i3, x.length()): null

02-12-2024T04:34:01 - [TEST_STEP][PASSED] - return x: null

02-12-2024T04:34:01 - [TEST_STEP][PASSED] - tableA = Script1719551244403.NewDZO(x = tableA): null

02-12-2024T04:34:01 - [TEST_STEP][PASSED] - i3 = <not implemented yet for class: org.codehaus.groovy.ast.expr.EmptyExpression>: null

02-12-2024T04:34:01 - [TEST_STEP][PASSED] - i3 = x.indexOf("/") + 1: null

02-12-2024T04:34:01 - [TEST_STEP][PASSED] - x = x.substring(i3, x.length()): null

02-12-2024T04:34:01 - [TEST_STEP][PASSED] - return x: null

02-12-2024T04:34:01 - [TEST_STEP][PASSED] - tableA = Script1719551244403.NewDZO(x = tableA): null

02-12-2024T04:34:01 - [TEST_STEP][PASSED] - i3 = <not implemented yet for class: org.codehaus.groovy.ast.expr.EmptyExpression>: null

02-12-2024T04:34:01 - [TEST_STEP][PASSED] - i3 = x.indexOf("/") + 1: null

02-12-2024T04:34:01 - [TEST_STEP][PASSED] - x = x.substring(i3, x.length()): null

02-12-2024T04:34:01 - [TEST_STEP][PASSED] - return x: null

02-12-2024T04:34:01 - [TEST_STEP][PASSED] - tableA = Script1719551244403.NewDZO(x = tableA): null

02-12-2024T04:34:01 - [TEST_STEP][PASSED] - i3 = <not implemented yet for class: org.codehaus.groovy.ast.expr.EmptyExpression>: null

02-12-2024T04:34:01 - [TEST_STEP][PASSED] - i3 = x.indexOf("/") + 1: null

02-12-2024T04:34:01 - [TEST_STEP][PASSED] - x = x.substring(i3, x.length()): null

02-12-2024T04:34:01 - [TEST_STEP][PASSED] - return x: null

02-12-2024T04:34:01 - [TEST_STEP][PASSED] - tableA = Script1719551244403.NewDZO(x = tableA): null

02-12-2024T04:34:01 - [TEST_STEP][PASSED] - i3 = <not implemented yet for class: org.codehaus.groovy.ast.expr.EmptyExpression>: null

02-12-2024T04:34:01 - [TEST_STEP][PASSED] - i3 = x.indexOf("/") + 1: null

02-12-2024T04:34:01 - [TEST_STEP][PASSED] - x = x.substring(i3, x.length()): null

02-12-2024T04:34:01 - [TEST_STEP][PASSED] - return x: null

02-12-2024T04:34:01 - [TEST_STEP][PASSED] - tableA = Script1719551244403.NewDZO(x = tableA): null

02-12-2024T04:34:01 - [TEST_STEP][PASSED] - i3 = <not implemented yet for class: org.codehaus.groovy.ast.expr.EmptyExpression>: null

02-12-2024T04:34:01 - [TEST_STEP][PASSED] - i3 = x.indexOf("/") + 1: null

02-12-2024T04:34:01 - [TEST_STEP][PASSED] - x = x.substring(i3, x.length()): null

02-12-2024T04:34:01 - [TEST_STEP][PASSED] - return x: null

02-12-2024T04:34:01 - [TEST_STEP][PASSED] - i = tableA.indexOf("Янтарь"): null

02-12-2024T04:34:01 - [TEST_STEP][PASSED] - UgA = replaceAll("\p{P}", "").trim(): null

02-12-2024T04:34:01 - [TEST_STEP][PASSED] - println("UgA: " + UgA): null

02-12-2024T04:34:01 - [TEST_STEP][PASSED] - i = tableA.lastIndexOf("/"): null

02-12-2024T04:34:01 - [TEST_STEP][PASSED] - YaA = replaceAll("\p{P}", "").trim(): null

02-12-2024T04:34:01 - [TEST_STEP][PASSED] - println("YaA: " + YaA): null

02-12-2024T04:34:01 - [TEST_STEP][PASSED] - delay(10): Delayed 10 second(s)

02-12-2024T04:34:11 - [MESSAGE][PASSED] - Delayed 10 second(s)

02-12-2024T04:34:11 - [TEST_STEP][PASSED] - navigateToUrl(findTestData("PlanFact").getValue(10, 11)): Navigate to 'https://bi.rosseti.digital/viewer?dashboardGuid=a1fd28b3785d443cbc4d7690a1d78e31&sheetGuid=d3a0ddec2e914cb380b20dca74903099&fit=true' successfully

02-12-2024T04:34:11 - [MESSAGE][PASSED] - Navigate to 'https://bi.rosseti.digital/viewer?dashboardGuid=a1fd28b3785d443cbc4d7690a1d78e31&sheetGuid=d3a0ddec2e914cb380b20dca74903099&fit=true' successfully

02-12-2024T04:34:11 - [TEST_STEP][PASSED] - b = <not implemented yet for class: org.codehaus.groovy.ast.expr.EmptyExpression>: null

02-12-2024T04:34:11 - [TEST_STEP][PASSED] - b1 = <not implemented yet for class: org.codehaus.groovy.ast.expr.EmptyExpression>: null

02-12-2024T04:34:11 - [TEST_STEP][PASSED] - b2 = <not implemented yet for class: org.codehaus.groovy.ast.expr.EmptyExpression>: null

02-12-2024T04:34:11 - [TEST_STEP][PASSED] - click(findTestObject("Факторный анализ/Фильтр Дата Выручка")): Object: 'Object Repository/Факторный анализ/Фильтр Дата Выручка' is clicked on

02-12-2024T04:34:34 - [MESSAGE][PASSED] - Object: 'Object Repository/Факторный анализ/Фильтр Дата Выручка' is clicked on

02-12-2024T04:34:34 - [TEST_STEP][PASSED] - click(findTestObject("Факторный анализ/Снять выделение в фильтре Дата Выручка")): Object: 'Object Repository/Факторный анализ/Снять выделение в фильтре Дата Выручка' is clicked on

02-12-2024T04:34:34 - [MESSAGE][PASSED] - Object: 'Object Repository/Факторный анализ/Снять выделение в фильтре Дата Выручка' is clicked on

02-12-2024T04:34:34 - [TEST_STEP][PASSED] - click(findTestObject("Факторный анализ/Применить в фильтре Дата Выручка")): Object: 'Object Repository/Факторный анализ/Применить в фильтре Дата Выручка' is clicked on

02-12-2024T04:34:35 - [MESSAGE][PASSED] - Object: 'Object Repository/Факторный анализ/Применить в фильтре Дата Выручка' is clicked on

02-12-2024T04:34:35 - [TEST_STEP][PASSED] - delay(10): Delayed 10 second(s)

02-12-2024T04:34:45 - [MESSAGE][PASSED] - Delayed 10 second(s)

02-12-2024T04:34:45 - [TEST_STEP][PASSED] - click(findTestObject("Факторный анализ/Фильтр Дата Выручка")): Object: 'Object Repository/Факторный анализ/Фильтр Дата Выручка' is clicked on

02-12-2024T04:34:45 - [MESSAGE][PASSED] - Object: 'Object Repository/Факторный анализ/Фильтр Дата Выручка' is clicked on

02-12-2024T04:34:45 - [TEST_STEP][PASSED] - click(findTestObject("Факторный анализ/Снять выделение в фильтре Дата Выручка")): Object: 'Object Repository/Факторный анализ/Снять выделение в фильтре Дата Выручка' is clicked on

02-12-2024T04:34:46 - [MESSAGE][PASSED] - Object: 'Object Repository/Факторный анализ/Снять выделение в фильтре Дата Выручка' is clicked on

02-12-2024T04:34:46 - [TEST_STEP][PASSED] - scrollToElement(findTestObject("Факторный анализ/2024 список Выручка"), 30): Scroll to object 'Object Repository/Факторный анализ/2024 список Выручка' successfully

02-12-2024T04:34:46 - [MESSAGE][PASSED] - Scroll to object 'Object Repository/Факторный анализ/2024 список Выручка' successfully

02-12-2024T04:34:46 - [TEST_STEP][PASSED] - click(findTestObject("Факторный анализ/2024 список Выручка")): Object: 'Object Repository/Факторный анализ/2024 список Выручка' is clicked on

02-12-2024T04:34:47 - [MESSAGE][PASSED] - Object: 'Object Repository/Факторный анализ/2024 список Выручка' is clicked on

02-12-2024T04:34:47 - [TEST_STEP][PASSED] - scrollToElement(findTestObject("Факторный анализ/1 квартал 2024 выбрать Выручка"), 30): Scroll to object 'Object Repository/Факторный анализ/1 квартал 2024 выбрать Выручка' successfully

02-12-2024T04:34:47 - [MESSAGE][PASSED] - Scroll to object 'Object Repository/Факторный анализ/1 квартал 2024 выбрать Выручка' successfully

02-12-2024T04:34:47 - [TEST_STEP][PASSED] - click(findTestObject("Факторный анализ/1 квартал 2024 выбрать Выручка")): Object: 'Object Repository/Факторный анализ/1 квартал 2024 выбрать Выручка' is clicked on

02-12-2024T04:34:47 - [MESSAGE][PASSED] - Object: 'Object Repository/Факторный анализ/1 квартал 2024 выбрать Выручка' is clicked on

02-12-2024T04:34:47 - [TEST_STEP][PASSED] - scrollToElement(findTestObject("Факторный анализ/2 квартал 2024 выбрать Выручка"), 30): Scroll to object 'Object Repository/Факторный анализ/2 квартал 2024 выбрать Выручка' successfully

02-12-2024T04:34:48 - [MESSAGE][PASSED] - Scroll to object 'Object Repository/Факторный анализ/2 квартал 2024 выбрать Выручка' successfully

02-12-2024T04:34:48 - [TEST_STEP][PASSED] - click(findTestObject("Факторный анализ/2 квартал 2024 выбрать Выручка"), CONTINUE_ON_FAILURE): Object: 'Object Repository/Факторный анализ/2 квартал 2024 выбрать Выручка' is clicked on

02-12-2024T04:34:48 - [MESSAGE][PASSED] - Object: 'Object Repository/Факторный анализ/2 квартал 2024 выбрать Выручка' is clicked on

02-12-2024T04:34:48 - [TEST_STEP][PASSED] - click(findTestObject("Факторный анализ/3 квартал 2024 выбрать Выручка"), CONTINUE_ON_FAILURE): Object: 'Object Repository/Факторный анализ/3 квартал 2024 выбрать Выручка' is clicked on

02-12-2024T04:34:49 - [MESSAGE][PASSED] - Object: 'Object Repository/Факторный анализ/3 квартал 2024 выбрать Выручка' is clicked on

02-12-2024T04:34:49 - [TEST_STEP][PASSED] - scrollToElement(findTestObject("Факторный анализ/4 квартал 2024 список Выручка"), 30): Scroll to object 'Object Repository/Факторный анализ/4 квартал 2024 список Выручка' successfully

02-12-2024T04:34:49 - [MESSAGE][PASSED] - Scroll to object 'Object Repository/Факторный анализ/4 квартал 2024 список Выручка' successfully

02-12-2024T04:34:49 - [TEST_STEP][PASSED] - click(findTestObject("Факторный анализ/4 квартал 2024 список Выручка"), CONTINUE_ON_FAILURE): Object: 'Object Repository/Факторный анализ/4 квартал 2024 список Выручка' is clicked on

02-12-2024T04:34:50 - [MESSAGE][PASSED] - Object: 'Object Repository/Факторный анализ/4 квартал 2024 список Выручка' is clicked on

02-12-2024T04:34:50 - [TEST_STEP][PASSED] - scrollToElement(findTestObject("Факторный анализ/Октябрь 2024 Выручка"), 30): Scroll to object 'Object Repository/Факторный анализ/Октябрь 2024 Выручка' successfully

02-12-2024T04:34:50 - [MESSAGE][PASSED] - Scroll to object 'Object Repository/Факторный анализ/Октябрь 2024 Выручка' successfully

02-12-2024T04:34:50 - [TEST_STEP][PASSED] - click(findTestObject("Факторный анализ/Октябрь 2024 Выручка"), CONTINUE_ON_FAILURE): Object: 'Object Repository/Факторный анализ/Октябрь 2024 Выручка' is clicked on

02-12-2024T04:34:50 - [MESSAGE][PASSED] - Object: 'Object Repository/Факторный анализ/Октябрь 2024 Выручка' is clicked on

02-12-2024T04:34:50 - [TEST_STEP][PASSED] - scrollToElement(findTestObject("Факторный анализ/Заголовок дашборда Выручка"), 30): Scroll to object 'Object Repository/Факторный анализ/Заголовок дашборда Выручка' successfully

02-12-2024T04:34:51 - [MESSAGE][PASSED] - Scroll to object 'Object Repository/Факторный анализ/Заголовок дашборда Выручка' successfully

02-12-2024T04:34:51 - [TEST_STEP][PASSED] - click(findTestObject("Факторный анализ/Применить в фильтре Дата Выручка")): Object: 'Object Repository/Факторный анализ/Применить в фильтре Дата Выручка' is clicked on

02-12-2024T04:34:51 - [MESSAGE][PASSED] - Object: 'Object Repository/Факторный анализ/Применить в фильтре Дата Выручка' is clicked on

02-12-2024T04:34:51 - [TEST_STEP][PASSED] - if (run == 1): null

02-12-2024T04:34:51 - [TEST_STEP][PASSED] - else: null

02-12-2024T04:34:51 - [TEST_STEP][PASSED] - click(findTestObject("Факторный анализ/Переключить отображение с филиала на месяц")): Object: 'Object Repository/Факторный анализ/Переключить отображение с филиала на месяц' is clicked on

02-12-2024T04:34:55 - [MESSAGE][PASSED] - Object: 'Object Repository/Факторный анализ/Переключить отображение с филиала на месяц' is clicked on

02-12-2024T04:34:55 - [TEST_STEP][PASSED] - b1 = replaceAll("\s+", "").trim(): Text of object 'Object Repository/Факторный анализ/span1 Выручка' is: '-433 263'

02-12-2024T04:34:55 - [MESSAGE][PASSED] - Text of object 'Object Repository/Факторный анализ/span1 Выручка' is: '-433 263'

02-12-2024T04:34:55 - [TEST_STEP][PASSED] - b2 = replaceAll("\s+", "").trim(): Text of object 'Object Repository/Факторный анализ/span2 Выручка' is: '26 315'

02-12-2024T04:34:55 - [MESSAGE][PASSED] - Text of object 'Object Repository/Факторный анализ/span2 Выручка' is: '26 315'

02-12-2024T04:34:55 - [TEST_STEP][PASSED] - println("b1: " + b1): null

02-12-2024T04:34:55 - [TEST_STEP][PASSED] - println("b2: " + b2): null

02-12-2024T04:34:55 - [TEST_STEP][PASSED] - vidget = "Отклонения выручки по факторам": null

02-12-2024T04:34:55 - [TEST_STEP][PASSED] - DZO = "ПАО Россети": null

02-12-2024T04:34:55 - [TEST_STEP][PASSED] - typeOfData = "Отклонение (объём услуг)": null

02-12-2024T04:34:55 - [TEST_STEP][PASSED] - Script1719551244403.Compare(x = a1, y = b1, run, typeOfData, otobrajeniyeDannyh, todaysDate, vidget, DZO): null

02-12-2024T04:34:55 - [TEST_STEP][PASSED] - if (verifyEqual(x, y) == true): Actual object '-433263' and expected object '-433263' are equal

02-12-2024T04:34:55 - [MESSAGE][PASSED] - Actual object '-433263' and expected object '-433263' are equal

02-12-2024T04:34:55 - [TEST_STEP][PASSED] - typeOfData = "Отклонение (средний тариф)": null

02-12-2024T04:34:55 - [TEST_STEP][PASSED] - Script1719551244403.Compare(x = a2, y = b2, run, typeOfData, otobrajeniyeDannyh, todaysDate, vidget, DZO): null

02-12-2024T04:34:55 - [TEST_STEP][PASSED] - if (verifyEqual(x, y) == true): Actual object '26315' and expected object '26315' are equal

02-12-2024T04:34:55 - [MESSAGE][PASSED] - Actual object '26315' and expected object '26315' are equal

02-12-2024T04:34:55 - [TEST_STEP][PASSED] - tableB = getText(findTestObject("Факторный анализ/AllTable1 Выручка")).replaceAll("[\r?
|
]", "/"): Text of object 'Object Repository/Факторный анализ/AllTable1 Выручка' is: 'ДЗО
Филиал
Отклонение (объём услуг) филиал без Nan
Отклонение (средний тариф) филиал без Nan
АО «Тываэнерго» АО "Тываэнерго" 375 -75
АО «Чеченэнерго» АО «Чеченэнерго» 75 26
Россети Волга Мордовэнерго 200 -87
Оренбургэнерго 703 - 140
Пензаэнерго 299 -65
Самарские РС 378 -1 123
Саратовские РС 438 - 495
Ульяновские РС 261 - 209
Чувашэнерго - 140 137
Россети Кубань Кубаньэнерго 3 542 411
Россети Ленэнерго (ГК) Ленинградская область 1 283 831
г. Санкт-Петербург 2 452 - 104
Россети Московский регион Московская область 4 745 - 627
г. Москва 3 358 23
Россети Северный Кавказ (ГК) Дагестанская энергосбытовая компания 0 0
Дагэнерго - 543 537
Ингушэнерго - 177 122
Каббалкэнерго 254 50
Карачаево-Черкесскэнерго 131 0
Севкавказэнерго - 356 144
Ставропольэнерго 257 - 200
Россети Северо-Запад Архангельский филиал 80 -86
Вологодский филиал 264 2
Карельский филиал -67 185
Мурманский филиал 111 57
Новгородский филиал 216 -48
Псковский филиал 161 -20
филиал в Республике Коми -16 41
Россети Сибирь (ГК) Алтайэнерго - 545 222
Бурятэнерго - 123 303
ГАЭС 131 -17
Красноярскэнерго 1 233 - 537
Кузбассэнерго-РЭС - 406 827
Омскэнерго 182 -85
Хакасэнерго 371 - 399
Читаэнерго -47 162
Россети Томск Томская распределительная компания 373 - 135
Россети Тюмень Россети Тюмень -4 542 - 565
Россети Урал (ГК) Пермэнерго 631 - 215
Свердловэнерго 891 277
Челябэнерго 1 051 - 680
Россети ФСК ЕЭС Итого по ФСК ЕЭС -18 111 -6 233
Россети Центр Белгородэнерго 321 125
Брянскэнерго 72 19
Воронежэнерго 633 138
Костромаэнерго 102 -4
Курскэнерго 45 92
Липецкэнерго 805 - 346
Орелэнерго 160 -31
Смоленскэнерго 54 42
Тамбовэнерго 298 -2
Тверьэнерго - 740 57
Ярэнерго 584 12
Россети Центр и Приволжье (ГК) Владимирэнерго 562 52
Ивэнерго 195 55
Калугаэнерго 625 -50
Кировэнерго 464 20
Мариэнерго 173 23
Нижновэнерго 751 319
Рязаньэнерго 246 50
Тулэнерго 791 - 235
Удмуртэнерго 362 13
Россети Юг (ГК) АО «ВМЭС» 146 51
Астраханьэнерго 77 100
Волгоградэнерго 422 - 352
Калмэнерго 37 -3
Ростовэнерго 813 66
Россети Янтарь Россети Янтарь 360 -42'

02-12-2024T04:34:56 - [MESSAGE][PASSED] - Text of object 'Object Repository/Факторный анализ/AllTable1 Выручка' is: 'ДЗО
Филиал
Отклонение (объём услуг) филиал без Nan
Отклонение (средний тариф) филиал без Nan
АО «Тываэнерго» АО "Тываэнерго" 375 -75
АО «Чеченэнерго» АО «Чеченэнерго» 75 26
Россети Волга Мордовэнерго 200 -87
Оренбургэнерго 703 - 140
Пензаэнерго 299 -65
Самарские РС 378 -1 123
Саратовские РС 438 - 495
Ульяновские РС 261 - 209
Чувашэнерго - 140 137
Россети Кубань Кубаньэнерго 3 542 411
Россети Ленэнерго (ГК) Ленинградская область 1 283 831
г. Санкт-Петербург 2 452 - 104
Россети Московский регион Московская область 4 745 - 627
г. Москва 3 358 23
Россети Северный Кавказ (ГК) Дагестанская энергосбытовая компания 0 0
Дагэнерго - 543 537
Ингушэнерго - 177 122
Каббалкэнерго 254 50
Карачаево-Черкесскэнерго 131 0
Севкавказэнерго - 356 144
Ставропольэнерго 257 - 200
Россети Северо-Запад Архангельский филиал 80 -86
Вологодский филиал 264 2
Карельский филиал -67 185
Мурманский филиал 111 57
Новгородский филиал 216 -48
Псковский филиал 161 -20
филиал в Республике Коми -16 41
Россети Сибирь (ГК) Алтайэнерго - 545 222
Бурятэнерго - 123 303
ГАЭС 131 -17
Красноярскэнерго 1 233 - 537
Кузбассэнерго-РЭС - 406 827
Омскэнерго 182 -85
Хакасэнерго 371 - 399
Читаэнерго -47 162
Россети Томск Томская распределительная компания 373 - 135
Россети Тюмень Россети Тюмень -4 542 - 565
Россети Урал (ГК) Пермэнерго 631 - 215
Свердловэнерго 891 277
Челябэнерго 1 051 - 680
Россети ФСК ЕЭС Итого по ФСК ЕЭС -18 111 -6 233
Россети Центр Белгородэнерго 321 125
Брянскэнерго 72 19
Воронежэнерго 633 138
Костромаэнерго 102 -4
Курскэнерго 45 92
Липецкэнерго 805 - 346
Орелэнерго 160 -31
Смоленскэнерго 54 42
Тамбовэнерго 298 -2
Тверьэнерго - 740 57
Ярэнерго 584 12
Россети Центр и Приволжье (ГК) Владимирэнерго 562 52
Ивэнерго 195 55
Калугаэнерго 625 -50
Кировэнерго 464 20
Мариэнерго 173 23
Нижновэнерго 751 319
Рязаньэнерго 246 50
Тулэнерго 791 - 235
Удмуртэнерго 362 13
Россети Юг (ГК) АО «ВМЭС» 146 51
Астраханьэнерго 77 100
Волгоградэнерго 422 - 352
Калмэнерго 37 -3
Ростовэнерго 813 66
Россети Янтарь Россети Янтарь 360 -42'

02-12-2024T04:34:56 - [TEST_STEP][PASSED] - println("tableB: " + tableB): null

02-12-2024T04:34:56 - [TEST_STEP][PASSED] - for ([i = 1, i < 5, (i++)]): null

02-12-2024T04:34:56 - [TEST_STEP][PASSED] - ii = tableB.indexOf("/") + 1: null

02-12-2024T04:34:56 - [TEST_STEP][PASSED] - tableB = tableB.substring(ii, tableB.length()): null

02-12-2024T04:34:56 - [TEST_STEP][PASSED] - ii = tableB.indexOf("/") + 1: null

02-12-2024T04:34:56 - [TEST_STEP][PASSED] - tableB = tableB.substring(ii, tableB.length()): null

02-12-2024T04:34:56 - [TEST_STEP][PASSED] - ii = tableB.indexOf("/") + 1: null

02-12-2024T04:34:56 - [TEST_STEP][PASSED] - tableB = tableB.substring(ii, tableB.length()): null

02-12-2024T04:34:56 - [TEST_STEP][PASSED] - ii = tableB.indexOf("/") + 1: null

02-12-2024T04:34:56 - [TEST_STEP][PASSED] - tableB = tableB.substring(ii, tableB.length()): null

02-12-2024T04:34:56 - [TEST_STEP][PASSED] - println("tableB: " + tableB): null

02-12-2024T04:34:56 - [TEST_STEP][PASSED] - TyB = Script1719551244403.GetData(x = tableB): null

02-12-2024T04:34:56 - [TEST_STEP][PASSED] - i2 = <not implemented yet for class: org.codehaus.groovy.ast.expr.EmptyExpression>: null

02-12-2024T04:34:56 - [TEST_STEP][PASSED] - i2 = x.indexOf("/") + 1: null

02-12-2024T04:34:56 - [TEST_STEP][PASSED] - x = replaceAll("\p{P}", "").trim(): null

02-12-2024T04:34:56 - [TEST_STEP][PASSED] - return x: null

02-12-2024T04:34:56 - [TEST_STEP][PASSED] - println("TyB: " + TyB): null

02-12-2024T04:34:56 - [TEST_STEP][PASSED] - tableB = Script1719551244403.NewDZO(x = tableB): null

02-12-2024T04:34:56 - [TEST_STEP][PASSED] - i3 = <not implemented yet for class: org.codehaus.groovy.ast.expr.EmptyExpression>: null

02-12-2024T04:34:56 - [TEST_STEP][PASSED] - i3 = x.indexOf("/") + 1: null

02-12-2024T04:34:56 - [TEST_STEP][PASSED] - x = x.substring(i3, x.length()): null

02-12-2024T04:34:56 - [TEST_STEP][PASSED] - return x: null

02-12-2024T04:34:56 - [TEST_STEP][PASSED] - ChB = Script1719551244403.GetData(x = tableB): null

02-12-2024T04:34:56 - [TEST_STEP][PASSED] - i2 = <not implemented yet for class: org.codehaus.groovy.ast.expr.EmptyExpression>: null

02-12-2024T04:34:56 - [TEST_STEP][PASSED] - i2 = x.indexOf("/") + 1: null

02-12-2024T04:34:56 - [TEST_STEP][PASSED] - x = replaceAll("\p{P}", "").trim(): null

02-12-2024T04:34:56 - [TEST_STEP][PASSED] - return x: null

02-12-2024T04:34:56 - [TEST_STEP][PASSED] - println("ChB: " + ChB): null

02-12-2024T04:34:56 - [TEST_STEP][PASSED] - tableB = Script1719551244403.NewDZO(x = tableB): null

02-12-2024T04:34:56 - [TEST_STEP][PASSED] - i3 = <not implemented yet for class: org.codehaus.groovy.ast.expr.EmptyExpression>: null

02-12-2024T04:34:56 - [TEST_STEP][PASSED] - i3 = x.indexOf("/") + 1: null

02-12-2024T04:34:56 - [TEST_STEP][PASSED] - x = x.substring(i3, x.length()): null

02-12-2024T04:34:56 - [TEST_STEP][PASSED] - return x: null

02-12-2024T04:34:56 - [TEST_STEP][PASSED] - i = tableB.indexOf("Кубань"): null

02-12-2024T04:34:56 - [TEST_STEP][PASSED] - VB = replaceAll("\p{P}", "").trim(): null

02-12-2024T04:34:56 - [TEST_STEP][PASSED] - println("VB: " + VB): null

02-12-2024T04:34:56 - [TEST_STEP][PASSED] - for ([i = 1, i < 8, (i++)]): null

02-12-2024T04:34:56 - [TEST_STEP][PASSED] - tableB = Script1719551244403.NewDZO(x = tableB): null

02-12-2024T04:34:56 - [TEST_STEP][PASSED] - i3 = <not implemented yet for class: org.codehaus.groovy.ast.expr.EmptyExpression>: null

02-12-2024T04:34:56 - [TEST_STEP][PASSED] - i3 = x.indexOf("/") + 1: null

02-12-2024T04:34:56 - [TEST_STEP][PASSED] - x = x.substring(i3, x.length()): null

02-12-2024T04:34:56 - [TEST_STEP][PASSED] - return x: null

02-12-2024T04:34:56 - [TEST_STEP][PASSED] - tableB = Script1719551244403.NewDZO(x = tableB): null

02-12-2024T04:34:56 - [TEST_STEP][PASSED] - i3 = <not implemented yet for class: org.codehaus.groovy.ast.expr.EmptyExpression>: null

02-12-2024T04:34:56 - [TEST_STEP][PASSED] - i3 = x.indexOf("/") + 1: null

02-12-2024T04:34:56 - [TEST_STEP][PASSED] - x = x.substring(i3, x.length()): null

02-12-2024T04:34:56 - [TEST_STEP][PASSED] - return x: null

02-12-2024T04:34:56 - [TEST_STEP][PASSED] - tableB = Script1719551244403.NewDZO(x = tableB): null

02-12-2024T04:34:56 - [TEST_STEP][PASSED] - i3 = <not implemented yet for class: org.codehaus.groovy.ast.expr.EmptyExpression>: null

02-12-2024T04:34:56 - [TEST_STEP][PASSED] - i3 = x.indexOf("/") + 1: null

02-12-2024T04:34:56 - [TEST_STEP][PASSED] - x = x.substring(i3, x.length()): null

02-12-2024T04:34:56 - [TEST_STEP][PASSED] - return x: null

02-12-2024T04:34:56 - [TEST_STEP][PASSED] - tableB = Script1719551244403.NewDZO(x = tableB): null

02-12-2024T04:34:56 - [TEST_STEP][PASSED] - i3 = <not implemented yet for class: org.codehaus.groovy.ast.expr.EmptyExpression>: null

02-12-2024T04:34:56 - [TEST_STEP][PASSED] - i3 = x.indexOf("/") + 1: null

02-12-2024T04:34:56 - [TEST_STEP][PASSED] - x = x.substring(i3, x.length()): null

02-12-2024T04:34:56 - [TEST_STEP][PASSED] - return x: null

02-12-2024T04:34:56 - [TEST_STEP][PASSED] - tableB = Script1719551244403.NewDZO(x = tableB): null

02-12-2024T04:34:56 - [TEST_STEP][PASSED] - i3 = <not implemented yet for class: org.codehaus.groovy.ast.expr.EmptyExpression>: null

02-12-2024T04:34:56 - [TEST_STEP][PASSED] - i3 = x.indexOf("/") + 1: null

02-12-2024T04:34:56 - [TEST_STEP][PASSED] - x = x.substring(i3, x.length()): null

02-12-2024T04:34:56 - [TEST_STEP][PASSED] - return x: null

02-12-2024T04:34:56 - [TEST_STEP][PASSED] - tableB = Script1719551244403.NewDZO(x = tableB): null

02-12-2024T04:34:56 - [TEST_STEP][PASSED] - i3 = <not implemented yet for class: org.codehaus.groovy.ast.expr.EmptyExpression>: null

02-12-2024T04:34:56 - [TEST_STEP][PASSED] - i3 = x.indexOf("/") + 1: null

02-12-2024T04:34:56 - [TEST_STEP][PASSED] - x = x.substring(i3, x.length()): null

02-12-2024T04:34:56 - [TEST_STEP][PASSED] - return x: null

02-12-2024T04:34:56 - [TEST_STEP][PASSED] - tableB = Script1719551244403.NewDZO(x = tableB): null

02-12-2024T04:34:56 - [TEST_STEP][PASSED] - i3 = <not implemented yet for class: org.codehaus.groovy.ast.expr.EmptyExpression>: null

02-12-2024T04:34:56 - [TEST_STEP][PASSED] - i3 = x.indexOf("/") + 1: null

02-12-2024T04:34:56 - [TEST_STEP][PASSED] - x = x.substring(i3, x.length()): null

02-12-2024T04:34:56 - [TEST_STEP][PASSED] - return x: null

02-12-2024T04:34:56 - [TEST_STEP][PASSED] - i = tableB.indexOf("Ленэнерго"): null

02-12-2024T04:34:56 - [TEST_STEP][PASSED] - KuB = Script1719551244403.GetData(x = tableB): null

02-12-2024T04:34:56 - [TEST_STEP][PASSED] - i2 = <not implemented yet for class: org.codehaus.groovy.ast.expr.EmptyExpression>: null

02-12-2024T04:34:56 - [TEST_STEP][PASSED] - i2 = x.indexOf("/") + 1: null

02-12-2024T04:34:56 - [TEST_STEP][PASSED] - x = replaceAll("\p{P}", "").trim(): null

02-12-2024T04:34:56 - [TEST_STEP][PASSED] - return x: null

02-12-2024T04:34:56 - [TEST_STEP][PASSED] - println("KuB: " + KuB): null

02-12-2024T04:34:56 - [TEST_STEP][PASSED] - tableB = Script1719551244403.NewDZO(x = tableB): null

02-12-2024T04:34:56 - [TEST_STEP][PASSED] - i3 = <not implemented yet for class: org.codehaus.groovy.ast.expr.EmptyExpression>: null

02-12-2024T04:34:56 - [TEST_STEP][PASSED] - i3 = x.indexOf("/") + 1: null

02-12-2024T04:34:56 - [TEST_STEP][PASSED] - x = x.substring(i3, x.length()): null

02-12-2024T04:34:56 - [TEST_STEP][PASSED] - return x: null

02-12-2024T04:34:56 - [TEST_STEP][PASSED] - i = tableB.indexOf("Московский"): null

02-12-2024T04:34:56 - [TEST_STEP][PASSED] - LenB = replaceAll("\p{P}", "").trim(): null

02-12-2024T04:34:56 - [TEST_STEP][PASSED] - println("LenB: " + LenB): null

02-12-2024T04:34:56 - [TEST_STEP][PASSED] - tableB = Script1719551244403.NewDZO(x = tableB): null

02-12-2024T04:34:56 - [TEST_STEP][PASSED] - i3 = <not implemented yet for class: org.codehaus.groovy.ast.expr.EmptyExpression>: null

02-12-2024T04:34:56 - [TEST_STEP][PASSED] - i3 = x.indexOf("/") + 1: null

02-12-2024T04:34:56 - [TEST_STEP][PASSED] - x = x.substring(i3, x.length()): null

02-12-2024T04:34:56 - [TEST_STEP][PASSED] - return x: null

02-12-2024T04:34:56 - [TEST_STEP][PASSED] - tableB = Script1719551244403.NewDZO(x = tableB): null

02-12-2024T04:34:56 - [TEST_STEP][PASSED] - i3 = <not implemented yet for class: org.codehaus.groovy.ast.expr.EmptyExpression>: null

02-12-2024T04:34:56 - [TEST_STEP][PASSED] - i3 = x.indexOf("/") + 1: null

02-12-2024T04:34:56 - [TEST_STEP][PASSED] - x = x.substring(i3, x.length()): null

02-12-2024T04:34:56 - [TEST_STEP][PASSED] - return x: null

02-12-2024T04:34:56 - [TEST_STEP][PASSED] - i = tableB.indexOf("Кавказ"): null

02-12-2024T04:34:56 - [TEST_STEP][PASSED] - MosB = replaceAll("\p{P}", "").trim(): null

02-12-2024T04:34:56 - [TEST_STEP][PASSED] - println("MosB: " + MosB): null

02-12-2024T04:34:56 - [TEST_STEP][PASSED] - for ([i = 1, i < 3, (i++)]): null

02-12-2024T04:34:56 - [TEST_STEP][PASSED] - tableB = Script1719551244403.NewDZO(x = tableB): null

02-12-2024T04:34:56 - [TEST_STEP][PASSED] - i3 = <not implemented yet for class: org.codehaus.groovy.ast.expr.EmptyExpression>: null

02-12-2024T04:34:56 - [TEST_STEP][PASSED] - i3 = x.indexOf("/") + 1: null

02-12-2024T04:34:56 - [TEST_STEP][PASSED] - x = x.substring(i3, x.length()): null

02-12-2024T04:34:56 - [TEST_STEP][PASSED] - return x: null

02-12-2024T04:34:56 - [TEST_STEP][PASSED] - tableB = Script1719551244403.NewDZO(x = tableB): null

02-12-2024T04:34:56 - [TEST_STEP][PASSED] - i3 = <not implemented yet for class: org.codehaus.groovy.ast.expr.EmptyExpression>: null

02-12-2024T04:34:56 - [TEST_STEP][PASSED] - i3 = x.indexOf("/") + 1: null

02-12-2024T04:34:56 - [TEST_STEP][PASSED] - x = x.substring(i3, x.length()): null

02-12-2024T04:34:56 - [TEST_STEP][PASSED] - return x: null

02-12-2024T04:34:56 - [TEST_STEP][PASSED] - i = tableB.indexOf("Запад"): null

02-12-2024T04:34:56 - [TEST_STEP][PASSED] - SKB = replaceAll("\p{P}", "").trim(): null

02-12-2024T04:34:56 - [TEST_STEP][PASSED] - println("SKB: " + SKB): null

02-12-2024T04:34:56 - [TEST_STEP][PASSED] - for ([i = 1, i < 7, (i++)]): null

02-12-2024T04:34:56 - [TEST_STEP][PASSED] - tableB = Script1719551244403.NewDZO(x = tableB): null

02-12-2024T04:34:56 - [TEST_STEP][PASSED] - i3 = <not implemented yet for class: org.codehaus.groovy.ast.expr.EmptyExpression>: null

02-12-2024T04:34:56 - [TEST_STEP][PASSED] - i3 = x.indexOf("/") + 1: null

02-12-2024T04:34:56 - [TEST_STEP][PASSED] - x = x.substring(i3, x.length()): null

02-12-2024T04:34:56 - [TEST_STEP][PASSED] - return x: null

02-12-2024T04:34:56 - [TEST_STEP][PASSED] - tableB = Script1719551244403.NewDZO(x = tableB): null

02-12-2024T04:34:56 - [TEST_STEP][PASSED] - i3 = <not implemented yet for class: org.codehaus.groovy.ast.expr.EmptyExpression>: null

02-12-2024T04:34:56 - [TEST_STEP][PASSED] - i3 = x.indexOf("/") + 1: null

02-12-2024T04:34:56 - [TEST_STEP][PASSED] - x = x.substring(i3, x.length()): null

02-12-2024T04:34:56 - [TEST_STEP][PASSED] - return x: null

02-12-2024T04:34:56 - [TEST_STEP][PASSED] - tableB = Script1719551244403.NewDZO(x = tableB): null

02-12-2024T04:34:56 - [TEST_STEP][PASSED] - i3 = <not implemented yet for class: org.codehaus.groovy.ast.expr.EmptyExpression>: null

02-12-2024T04:34:56 - [TEST_STEP][PASSED] - i3 = x.indexOf("/") + 1: null

02-12-2024T04:34:56 - [TEST_STEP][PASSED] - x = x.substring(i3, x.length()): null

02-12-2024T04:34:56 - [TEST_STEP][PASSED] - return x: null

02-12-2024T04:34:56 - [TEST_STEP][PASSED] - tableB = Script1719551244403.NewDZO(x = tableB): null

02-12-2024T04:34:56 - [TEST_STEP][PASSED] - i3 = <not implemented yet for class: org.codehaus.groovy.ast.expr.EmptyExpression>: null

02-12-2024T04:34:56 - [TEST_STEP][PASSED] - i3 = x.indexOf("/") + 1: null

02-12-2024T04:34:56 - [TEST_STEP][PASSED] - x = x.substring(i3, x.length()): null

02-12-2024T04:34:56 - [TEST_STEP][PASSED] - return x: null

02-12-2024T04:34:56 - [TEST_STEP][PASSED] - tableB = Script1719551244403.NewDZO(x = tableB): null

02-12-2024T04:34:56 - [TEST_STEP][PASSED] - i3 = <not implemented yet for class: org.codehaus.groovy.ast.expr.EmptyExpression>: null

02-12-2024T04:34:56 - [TEST_STEP][PASSED] - i3 = x.indexOf("/") + 1: null

02-12-2024T04:34:56 - [TEST_STEP][PASSED] - x = x.substring(i3, x.length()): null

02-12-2024T04:34:56 - [TEST_STEP][PASSED] - return x: null

02-12-2024T04:34:56 - [TEST_STEP][PASSED] - tableB = Script1719551244403.NewDZO(x = tableB): null

02-12-2024T04:34:56 - [TEST_STEP][PASSED] - i3 = <not implemented yet for class: org.codehaus.groovy.ast.expr.EmptyExpression>: null

02-12-2024T04:34:56 - [TEST_STEP][PASSED] - i3 = x.indexOf("/") + 1: null

02-12-2024T04:34:56 - [TEST_STEP][PASSED] - x = x.substring(i3, x.length()): null

02-12-2024T04:34:56 - [TEST_STEP][PASSED] - return x: null

02-12-2024T04:34:56 - [TEST_STEP][PASSED] - i = tableB.indexOf("Сибирь"): null

02-12-2024T04:34:56 - [TEST_STEP][PASSED] - SZB = replaceAll("\p{P}", "").trim(): null

02-12-2024T04:34:56 - [TEST_STEP][PASSED] - println("SZB: " + SZB): null

02-12-2024T04:34:56 - [TEST_STEP][PASSED] - for ([i = 1, i < 8, (i++)]): null

02-12-2024T04:34:56 - [TEST_STEP][PASSED] - tableB = Script1719551244403.NewDZO(x = tableB): null

02-12-2024T04:34:56 - [TEST_STEP][PASSED] - i3 = <not implemented yet for class: org.codehaus.groovy.ast.expr.EmptyExpression>: null

02-12-2024T04:34:56 - [TEST_STEP][PASSED] - i3 = x.indexOf("/") + 1: null

02-12-2024T04:34:56 - [TEST_STEP][PASSED] - x = x.substring(i3, x.length()): null

02-12-2024T04:34:56 - [TEST_STEP][PASSED] - return x: null

02-12-2024T04:34:56 - [TEST_STEP][PASSED] - tableB = Script1719551244403.NewDZO(x = tableB): null

02-12-2024T04:34:56 - [TEST_STEP][PASSED] - i3 = <not implemented yet for class: org.codehaus.groovy.ast.expr.EmptyExpression>: null

02-12-2024T04:34:56 - [TEST_STEP][PASSED] - i3 = x.indexOf("/") + 1: null

02-12-2024T04:34:56 - [TEST_STEP][PASSED] - x = x.substring(i3, x.length()): null

02-12-2024T04:34:56 - [TEST_STEP][PASSED] - return x: null

02-12-2024T04:34:56 - [TEST_STEP][PASSED] - tableB = Script1719551244403.NewDZO(x = tableB): null

02-12-2024T04:34:56 - [TEST_STEP][PASSED] - i3 = <not implemented yet for class: org.codehaus.groovy.ast.expr.EmptyExpression>: null

02-12-2024T04:34:56 - [TEST_STEP][PASSED] - i3 = x.indexOf("/") + 1: null

02-12-2024T04:34:56 - [TEST_STEP][PASSED] - x = x.substring(i3, x.length()): null

02-12-2024T04:34:56 - [TEST_STEP][PASSED] - return x: null

02-12-2024T04:34:56 - [TEST_STEP][PASSED] - tableB = Script1719551244403.NewDZO(x = tableB): null

02-12-2024T04:34:56 - [TEST_STEP][PASSED] - i3 = <not implemented yet for class: org.codehaus.groovy.ast.expr.EmptyExpression>: null

02-12-2024T04:34:56 - [TEST_STEP][PASSED] - i3 = x.indexOf("/") + 1: null

02-12-2024T04:34:56 - [TEST_STEP][PASSED] - x = x.substring(i3, x.length()): null

02-12-2024T04:34:56 - [TEST_STEP][PASSED] - return x: null

02-12-2024T04:34:56 - [TEST_STEP][PASSED] - tableB = Script1719551244403.NewDZO(x = tableB): null

02-12-2024T04:34:56 - [TEST_STEP][PASSED] - i3 = <not implemented yet for class: org.codehaus.groovy.ast.expr.EmptyExpression>: null

02-12-2024T04:34:56 - [TEST_STEP][PASSED] - i3 = x.indexOf("/") + 1: null

02-12-2024T04:34:56 - [TEST_STEP][PASSED] - x = x.substring(i3, x.length()): null

02-12-2024T04:34:56 - [TEST_STEP][PASSED] - return x: null

02-12-2024T04:34:56 - [TEST_STEP][PASSED] - tableB = Script1719551244403.NewDZO(x = tableB): null

02-12-2024T04:34:56 - [TEST_STEP][PASSED] - i3 = <not implemented yet for class: org.codehaus.groovy.ast.expr.EmptyExpression>: null

02-12-2024T04:34:56 - [TEST_STEP][PASSED] - i3 = x.indexOf("/") + 1: null

02-12-2024T04:34:56 - [TEST_STEP][PASSED] - x = x.substring(i3, x.length()): null

02-12-2024T04:34:56 - [TEST_STEP][PASSED] - return x: null

02-12-2024T04:34:56 - [TEST_STEP][PASSED] - tableB = Script1719551244403.NewDZO(x = tableB): null

02-12-2024T04:34:56 - [TEST_STEP][PASSED] - i3 = <not implemented yet for class: org.codehaus.groovy.ast.expr.EmptyExpression>: null

02-12-2024T04:34:56 - [TEST_STEP][PASSED] - i3 = x.indexOf("/") + 1: null

02-12-2024T04:34:56 - [TEST_STEP][PASSED] - x = x.substring(i3, x.length()): null

02-12-2024T04:34:56 - [TEST_STEP][PASSED] - return x: null

02-12-2024T04:34:56 - [TEST_STEP][PASSED] - i = tableB.indexOf("Томск"): null

02-12-2024T04:34:56 - [TEST_STEP][PASSED] - SiB = replaceAll("\p{P}", "").trim(): null

02-12-2024T04:34:56 - [TEST_STEP][PASSED] - println("SiB: " + SiB): null

02-12-2024T04:34:56 - [TEST_STEP][PASSED] - for ([i = 1, i < 9, (i++)]): null

02-12-2024T04:34:56 - [TEST_STEP][PASSED] - tableB = Script1719551244403.NewDZO(x = tableB): null

02-12-2024T04:34:56 - [TEST_STEP][PASSED] - i3 = <not implemented yet for class: org.codehaus.groovy.ast.expr.EmptyExpression>: null

02-12-2024T04:34:56 - [TEST_STEP][PASSED] - i3 = x.indexOf("/") + 1: null

02-12-2024T04:34:56 - [TEST_STEP][PASSED] - x = x.substring(i3, x.length()): null

02-12-2024T04:34:56 - [TEST_STEP][PASSED] - return x: null

02-12-2024T04:34:56 - [TEST_STEP][PASSED] - tableB = Script1719551244403.NewDZO(x = tableB): null

02-12-2024T04:34:56 - [TEST_STEP][PASSED] - i3 = <not implemented yet for class: org.codehaus.groovy.ast.expr.EmptyExpression>: null

02-12-2024T04:34:56 - [TEST_STEP][PASSED] - i3 = x.indexOf("/") + 1: null

02-12-2024T04:34:56 - [TEST_STEP][PASSED] - x = x.substring(i3, x.length()): null

02-12-2024T04:34:56 - [TEST_STEP][PASSED] - return x: null

02-12-2024T04:34:56 - [TEST_STEP][PASSED] - tableB = Script1719551244403.NewDZO(x = tableB): null

02-12-2024T04:34:56 - [TEST_STEP][PASSED] - i3 = <not implemented yet for class: org.codehaus.groovy.ast.expr.EmptyExpression>: null

02-12-2024T04:34:56 - [TEST_STEP][PASSED] - i3 = x.indexOf("/") + 1: null

02-12-2024T04:34:56 - [TEST_STEP][PASSED] - x = x.substring(i3, x.length()): null

02-12-2024T04:34:56 - [TEST_STEP][PASSED] - return x: null

02-12-2024T04:34:56 - [TEST_STEP][PASSED] - tableB = Script1719551244403.NewDZO(x = tableB): null

02-12-2024T04:34:56 - [TEST_STEP][PASSED] - i3 = <not implemented yet for class: org.codehaus.groovy.ast.expr.EmptyExpression>: null

02-12-2024T04:34:56 - [TEST_STEP][PASSED] - i3 = x.indexOf("/") + 1: null

02-12-2024T04:34:56 - [TEST_STEP][PASSED] - x = x.substring(i3, x.length()): null

02-12-2024T04:34:56 - [TEST_STEP][PASSED] - return x: null

02-12-2024T04:34:56 - [TEST_STEP][PASSED] - tableB = Script1719551244403.NewDZO(x = tableB): null

02-12-2024T04:34:56 - [TEST_STEP][PASSED] - i3 = <not implemented yet for class: org.codehaus.groovy.ast.expr.EmptyExpression>: null

02-12-2024T04:34:56 - [TEST_STEP][PASSED] - i3 = x.indexOf("/") + 1: null

02-12-2024T04:34:56 - [TEST_STEP][PASSED] - x = x.substring(i3, x.length()): null

02-12-2024T04:34:56 - [TEST_STEP][PASSED] - return x: null

02-12-2024T04:34:56 - [TEST_STEP][PASSED] - tableB = Script1719551244403.NewDZO(x = tableB): null

02-12-2024T04:34:56 - [TEST_STEP][PASSED] - i3 = <not implemented yet for class: org.codehaus.groovy.ast.expr.EmptyExpression>: null

02-12-2024T04:34:56 - [TEST_STEP][PASSED] - i3 = x.indexOf("/") + 1: null

02-12-2024T04:34:56 - [TEST_STEP][PASSED] - x = x.substring(i3, x.length()): null

02-12-2024T04:34:56 - [TEST_STEP][PASSED] - return x: null

02-12-2024T04:34:56 - [TEST_STEP][PASSED] - tableB = Script1719551244403.NewDZO(x = tableB): null

02-12-2024T04:34:56 - [TEST_STEP][PASSED] - i3 = <not implemented yet for class: org.codehaus.groovy.ast.expr.EmptyExpression>: null

02-12-2024T04:34:56 - [TEST_STEP][PASSED] - i3 = x.indexOf("/") + 1: null

02-12-2024T04:34:56 - [TEST_STEP][PASSED] - x = x.substring(i3, x.length()): null

02-12-2024T04:34:56 - [TEST_STEP][PASSED] - return x: null

02-12-2024T04:34:56 - [TEST_STEP][PASSED] - tableB = Script1719551244403.NewDZO(x = tableB): null

02-12-2024T04:34:56 - [TEST_STEP][PASSED] - i3 = <not implemented yet for class: org.codehaus.groovy.ast.expr.EmptyExpression>: null

02-12-2024T04:34:56 - [TEST_STEP][PASSED] - i3 = x.indexOf("/") + 1: null

02-12-2024T04:34:56 - [TEST_STEP][PASSED] - x = x.substring(i3, x.length()): null

02-12-2024T04:34:56 - [TEST_STEP][PASSED] - return x: null

02-12-2024T04:34:56 - [TEST_STEP][PASSED] - i = tableB.indexOf("Тюмень"): null

02-12-2024T04:34:56 - [TEST_STEP][PASSED] - ToB = replaceAll("\p{P}", "").trim(): null

02-12-2024T04:34:56 - [TEST_STEP][PASSED] - println("ToB: " + ToB): null

02-12-2024T04:34:56 - [TEST_STEP][PASSED] - tableB = Script1719551244403.NewDZO(x = tableB): null

02-12-2024T04:34:56 - [TEST_STEP][PASSED] - i3 = <not implemented yet for class: org.codehaus.groovy.ast.expr.EmptyExpression>: null

02-12-2024T04:34:56 - [TEST_STEP][PASSED] - i3 = x.indexOf("/") + 1: null

02-12-2024T04:34:56 - [TEST_STEP][PASSED] - x = x.substring(i3, x.length()): null

02-12-2024T04:34:56 - [TEST_STEP][PASSED] - return x: null

02-12-2024T04:34:56 - [TEST_STEP][PASSED] - TyuB = replaceAll("\p{P}", "").trim(): null

02-12-2024T04:34:56 - [TEST_STEP][PASSED] - println("TyuB: " + TyuB): null

02-12-2024T04:34:56 - [TEST_STEP][PASSED] - tableB = Script1719551244403.NewDZO(x = tableB): null

02-12-2024T04:34:56 - [TEST_STEP][PASSED] - i3 = <not implemented yet for class: org.codehaus.groovy.ast.expr.EmptyExpression>: null

02-12-2024T04:34:56 - [TEST_STEP][PASSED] - i3 = x.indexOf("/") + 1: null

02-12-2024T04:34:56 - [TEST_STEP][PASSED] - x = x.substring(i3, x.length()): null

02-12-2024T04:34:56 - [TEST_STEP][PASSED] - return x: null

02-12-2024T04:34:56 - [TEST_STEP][PASSED] - i = tableB.indexOf("ЕЭС"): null

02-12-2024T04:34:56 - [TEST_STEP][PASSED] - UrB = replaceAll("\p{P}", "").trim(): null

02-12-2024T04:34:56 - [TEST_STEP][PASSED] - println("UrB: " + UrB): null

02-12-2024T04:34:56 - [TEST_STEP][PASSED] - for ([i = 1, i < 4, (i++)]): null

02-12-2024T04:34:56 - [TEST_STEP][PASSED] - tableB = Script1719551244403.NewDZO(x = tableB): null

02-12-2024T04:34:56 - [TEST_STEP][PASSED] - i3 = <not implemented yet for class: org.codehaus.groovy.ast.expr.EmptyExpression>: null

02-12-2024T04:34:56 - [TEST_STEP][PASSED] - i3 = x.indexOf("/") + 1: null

02-12-2024T04:34:56 - [TEST_STEP][PASSED] - x = x.substring(i3, x.length()): null

02-12-2024T04:34:56 - [TEST_STEP][PASSED] - return x: null

02-12-2024T04:34:56 - [TEST_STEP][PASSED] - tableB = Script1719551244403.NewDZO(x = tableB): null

02-12-2024T04:34:56 - [TEST_STEP][PASSED] - i3 = <not implemented yet for class: org.codehaus.groovy.ast.expr.EmptyExpression>: null

02-12-2024T04:34:56 - [TEST_STEP][PASSED] - i3 = x.indexOf("/") + 1: null

02-12-2024T04:34:56 - [TEST_STEP][PASSED] - x = x.substring(i3, x.length()): null

02-12-2024T04:34:56 - [TEST_STEP][PASSED] - return x: null

02-12-2024T04:34:56 - [TEST_STEP][PASSED] - tableB = Script1719551244403.NewDZO(x = tableB): null

02-12-2024T04:34:56 - [TEST_STEP][PASSED] - i3 = <not implemented yet for class: org.codehaus.groovy.ast.expr.EmptyExpression>: null

02-12-2024T04:34:56 - [TEST_STEP][PASSED] - i3 = x.indexOf("/") + 1: null

02-12-2024T04:34:56 - [TEST_STEP][PASSED] - x = x.substring(i3, x.length()): null

02-12-2024T04:34:56 - [TEST_STEP][PASSED] - return x: null

02-12-2024T04:34:56 - [TEST_STEP][PASSED] - i = tableB.indexOf("Центр"): null

02-12-2024T04:34:56 - [TEST_STEP][PASSED] - FSKB = replaceAll("\p{P}", "").trim(): null

02-12-2024T04:34:56 - [TEST_STEP][PASSED] - println("FSKB: " + FSKB): null

02-12-2024T04:34:56 - [TEST_STEP][PASSED] - tableB = Script1719551244403.NewDZO(x = tableB): null

02-12-2024T04:34:56 - [TEST_STEP][PASSED] - i3 = <not implemented yet for class: org.codehaus.groovy.ast.expr.EmptyExpression>: null

02-12-2024T04:34:56 - [TEST_STEP][PASSED] - i3 = x.indexOf("/") + 1: null

02-12-2024T04:34:56 - [TEST_STEP][PASSED] - x = x.substring(i3, x.length()): null

02-12-2024T04:34:56 - [TEST_STEP][PASSED] - return x: null

02-12-2024T04:34:56 - [TEST_STEP][PASSED] - i = tableB.indexOf("Приволжье"): null

02-12-2024T04:34:56 - [TEST_STEP][PASSED] - CenB = replaceAll("\p{P}", "").trim(): null

02-12-2024T04:34:56 - [TEST_STEP][PASSED] - println("CenB: " + CenB): null

02-12-2024T04:34:56 - [TEST_STEP][PASSED] - for ([i = 1, i < 12, (i++)]): null

02-12-2024T04:34:56 - [TEST_STEP][PASSED] - tableB = Script1719551244403.NewDZO(x = tableB): null

02-12-2024T04:34:56 - [TEST_STEP][PASSED] - i3 = <not implemented yet for class: org.codehaus.groovy.ast.expr.EmptyExpression>: null

02-12-2024T04:34:56 - [TEST_STEP][PASSED] - i3 = x.indexOf("/") + 1: null

02-12-2024T04:34:56 - [TEST_STEP][PASSED] - x = x.substring(i3, x.length()): null

02-12-2024T04:34:56 - [TEST_STEP][PASSED] - return x: null

02-12-2024T04:34:56 - [TEST_STEP][PASSED] - tableB = Script1719551244403.NewDZO(x = tableB): null

02-12-2024T04:34:56 - [TEST_STEP][PASSED] - i3 = <not implemented yet for class: org.codehaus.groovy.ast.expr.EmptyExpression>: null

02-12-2024T04:34:56 - [TEST_STEP][PASSED] - i3 = x.indexOf("/") + 1: null

02-12-2024T04:34:56 - [TEST_STEP][PASSED] - x = x.substring(i3, x.length()): null

02-12-2024T04:34:56 - [TEST_STEP][PASSED] - return x: null

02-12-2024T04:34:56 - [TEST_STEP][PASSED] - tableB = Script1719551244403.NewDZO(x = tableB): null

02-12-2024T04:34:56 - [TEST_STEP][PASSED] - i3 = <not implemented yet for class: org.codehaus.groovy.ast.expr.EmptyExpression>: null

02-12-2024T04:34:56 - [TEST_STEP][PASSED] - i3 = x.indexOf("/") + 1: null

02-12-2024T04:34:56 - [TEST_STEP][PASSED] - x = x.substring(i3, x.length()): null

02-12-2024T04:34:56 - [TEST_STEP][PASSED] - return x: null

02-12-2024T04:34:56 - [TEST_STEP][PASSED] - tableB = Script1719551244403.NewDZO(x = tableB): null

02-12-2024T04:34:56 - [TEST_STEP][PASSED] - i3 = <not implemented yet for class: org.codehaus.groovy.ast.expr.EmptyExpression>: null

02-12-2024T04:34:56 - [TEST_STEP][PASSED] - i3 = x.indexOf("/") + 1: null

02-12-2024T04:34:56 - [TEST_STEP][PASSED] - x = x.substring(i3, x.length()): null

02-12-2024T04:34:56 - [TEST_STEP][PASSED] - return x: null

02-12-2024T04:34:56 - [TEST_STEP][PASSED] - tableB = Script1719551244403.NewDZO(x = tableB): null

02-12-2024T04:34:56 - [TEST_STEP][PASSED] - i3 = <not implemented yet for class: org.codehaus.groovy.ast.expr.EmptyExpression>: null

02-12-2024T04:34:56 - [TEST_STEP][PASSED] - i3 = x.indexOf("/") + 1: null

02-12-2024T04:34:56 - [TEST_STEP][PASSED] - x = x.substring(i3, x.length()): null

02-12-2024T04:34:56 - [TEST_STEP][PASSED] - return x: null

02-12-2024T04:34:56 - [TEST_STEP][PASSED] - tableB = Script1719551244403.NewDZO(x = tableB): null

02-12-2024T04:34:56 - [TEST_STEP][PASSED] - i3 = <not implemented yet for class: org.codehaus.groovy.ast.expr.EmptyExpression>: null

02-12-2024T04:34:56 - [TEST_STEP][PASSED] - i3 = x.indexOf("/") + 1: null

02-12-2024T04:34:56 - [TEST_STEP][PASSED] - x = x.substring(i3, x.length()): null

02-12-2024T04:34:56 - [TEST_STEP][PASSED] - return x: null

02-12-2024T04:34:56 - [TEST_STEP][PASSED] - tableB = Script1719551244403.NewDZO(x = tableB): null

02-12-2024T04:34:56 - [TEST_STEP][PASSED] - i3 = <not implemented yet for class: org.codehaus.groovy.ast.expr.EmptyExpression>: null

02-12-2024T04:34:56 - [TEST_STEP][PASSED] - i3 = x.indexOf("/") + 1: null

02-12-2024T04:34:56 - [TEST_STEP][PASSED] - x = x.substring(i3, x.length()): null

02-12-2024T04:34:56 - [TEST_STEP][PASSED] - return x: null

02-12-2024T04:34:56 - [TEST_STEP][PASSED] - tableB = Script1719551244403.NewDZO(x = tableB): null

02-12-2024T04:34:56 - [TEST_STEP][PASSED] - i3 = <not implemented yet for class: org.codehaus.groovy.ast.expr.EmptyExpression>: null

02-12-2024T04:34:56 - [TEST_STEP][PASSED] - i3 = x.indexOf("/") + 1: null

02-12-2024T04:34:56 - [TEST_STEP][PASSED] - x = x.substring(i3, x.length()): null

02-12-2024T04:34:56 - [TEST_STEP][PASSED] - return x: null

02-12-2024T04:34:56 - [TEST_STEP][PASSED] - tableB = Script1719551244403.NewDZO(x = tableB): null

02-12-2024T04:34:56 - [TEST_STEP][PASSED] - i3 = <not implemented yet for class: org.codehaus.groovy.ast.expr.EmptyExpression>: null

02-12-2024T04:34:56 - [TEST_STEP][PASSED] - i3 = x.indexOf("/") + 1: null

02-12-2024T04:34:56 - [TEST_STEP][PASSED] - x = x.substring(i3, x.length()): null

02-12-2024T04:34:56 - [TEST_STEP][PASSED] - return x: null

02-12-2024T04:34:56 - [TEST_STEP][PASSED] - tableB = Script1719551244403.NewDZO(x = tableB): null

02-12-2024T04:34:56 - [TEST_STEP][PASSED] - i3 = <not implemented yet for class: org.codehaus.groovy.ast.expr.EmptyExpression>: null

02-12-2024T04:34:56 - [TEST_STEP][PASSED] - i3 = x.indexOf("/") + 1: null

02-12-2024T04:34:56 - [TEST_STEP][PASSED] - x = x.substring(i3, x.length()): null

02-12-2024T04:34:56 - [TEST_STEP][PASSED] - return x: null

02-12-2024T04:34:56 - [TEST_STEP][PASSED] - tableB = Script1719551244403.NewDZO(x = tableB): null

02-12-2024T04:34:56 - [TEST_STEP][PASSED] - i3 = <not implemented yet for class: org.codehaus.groovy.ast.expr.EmptyExpression>: null

02-12-2024T04:34:56 - [TEST_STEP][PASSED] - i3 = x.indexOf("/") + 1: null

02-12-2024T04:34:56 - [TEST_STEP][PASSED] - x = x.substring(i3, x.length()): null

02-12-2024T04:34:56 - [TEST_STEP][PASSED] - return x: null

02-12-2024T04:34:56 - [TEST_STEP][PASSED] - i = tableB.indexOf("Юг"): null

02-12-2024T04:34:56 - [TEST_STEP][PASSED] - CiPB = replaceAll("\p{P}", "").trim(): null

02-12-2024T04:34:56 - [TEST_STEP][PASSED] - println("CiPB: " + CiPB): null

02-12-2024T04:34:56 - [TEST_STEP][PASSED] - for ([i = 1, i < 10, (i++)]): null

02-12-2024T04:34:56 - [TEST_STEP][PASSED] - tableB = Script1719551244403.NewDZO(x = tableB): null

02-12-2024T04:34:56 - [TEST_STEP][PASSED] - i3 = <not implemented yet for class: org.codehaus.groovy.ast.expr.EmptyExpression>: null

02-12-2024T04:34:56 - [TEST_STEP][PASSED] - i3 = x.indexOf("/") + 1: null

02-12-2024T04:34:56 - [TEST_STEP][PASSED] - x = x.substring(i3, x.length()): null

02-12-2024T04:34:56 - [TEST_STEP][PASSED] - return x: null

02-12-2024T04:34:56 - [TEST_STEP][PASSED] - tableB = Script1719551244403.NewDZO(x = tableB): null

02-12-2024T04:34:56 - [TEST_STEP][PASSED] - i3 = <not implemented yet for class: org.codehaus.groovy.ast.expr.EmptyExpression>: null

02-12-2024T04:34:56 - [TEST_STEP][PASSED] - i3 = x.indexOf("/") + 1: null

02-12-2024T04:34:56 - [TEST_STEP][PASSED] - x = x.substring(i3, x.length()): null

02-12-2024T04:34:56 - [TEST_STEP][PASSED] - return x: null

02-12-2024T04:34:56 - [TEST_STEP][PASSED] - tableB = Script1719551244403.NewDZO(x = tableB): null

02-12-2024T04:34:56 - [TEST_STEP][PASSED] - i3 = <not implemented yet for class: org.codehaus.groovy.ast.expr.EmptyExpression>: null

02-12-2024T04:34:56 - [TEST_STEP][PASSED] - i3 = x.indexOf("/") + 1: null

02-12-2024T04:34:56 - [TEST_STEP][PASSED] - x = x.substring(i3, x.length()): null

02-12-2024T04:34:56 - [TEST_STEP][PASSED] - return x: null

02-12-2024T04:34:56 - [TEST_STEP][PASSED] - tableB = Script1719551244403.NewDZO(x = tableB): null

02-12-2024T04:34:56 - [TEST_STEP][PASSED] - i3 = <not implemented yet for class: org.codehaus.groovy.ast.expr.EmptyExpression>: null

02-12-2024T04:34:56 - [TEST_STEP][PASSED] - i3 = x.indexOf("/") + 1: null

02-12-2024T04:34:56 - [TEST_STEP][PASSED] - x = x.substring(i3, x.length()): null

02-12-2024T04:34:56 - [TEST_STEP][PASSED] - return x: null

02-12-2024T04:34:56 - [TEST_STEP][PASSED] - tableB = Script1719551244403.NewDZO(x = tableB): null

02-12-2024T04:34:56 - [TEST_STEP][PASSED] - i3 = <not implemented yet for class: org.codehaus.groovy.ast.expr.EmptyExpression>: null

02-12-2024T04:34:56 - [TEST_STEP][PASSED] - i3 = x.indexOf("/") + 1: null

02-12-2024T04:34:56 - [TEST_STEP][PASSED] - x = x.substring(i3, x.length()): null

02-12-2024T04:34:56 - [TEST_STEP][PASSED] - return x: null

02-12-2024T04:34:56 - [TEST_STEP][PASSED] - tableB = Script1719551244403.NewDZO(x = tableB): null

02-12-2024T04:34:56 - [TEST_STEP][PASSED] - i3 = <not implemented yet for class: org.codehaus.groovy.ast.expr.EmptyExpression>: null

02-12-2024T04:34:56 - [TEST_STEP][PASSED] - i3 = x.indexOf("/") + 1: null

02-12-2024T04:34:56 - [TEST_STEP][PASSED] - x = x.substring(i3, x.length()): null

02-12-2024T04:34:56 - [TEST_STEP][PASSED] - return x: null

02-12-2024T04:34:56 - [TEST_STEP][PASSED] - tableB = Script1719551244403.NewDZO(x = tableB): null

02-12-2024T04:34:56 - [TEST_STEP][PASSED] - i3 = <not implemented yet for class: org.codehaus.groovy.ast.expr.EmptyExpression>: null

02-12-2024T04:34:56 - [TEST_STEP][PASSED] - i3 = x.indexOf("/") + 1: null

02-12-2024T04:34:56 - [TEST_STEP][PASSED] - x = x.substring(i3, x.length()): null

02-12-2024T04:34:56 - [TEST_STEP][PASSED] - return x: null

02-12-2024T04:34:56 - [TEST_STEP][PASSED] - tableB = Script1719551244403.NewDZO(x = tableB): null

02-12-2024T04:34:56 - [TEST_STEP][PASSED] - i3 = <not implemented yet for class: org.codehaus.groovy.ast.expr.EmptyExpression>: null

02-12-2024T04:34:56 - [TEST_STEP][PASSED] - i3 = x.indexOf("/") + 1: null

02-12-2024T04:34:56 - [TEST_STEP][PASSED] - x = x.substring(i3, x.length()): null

02-12-2024T04:34:56 - [TEST_STEP][PASSED] - return x: null

02-12-2024T04:34:56 - [TEST_STEP][PASSED] - tableB = Script1719551244403.NewDZO(x = tableB): null

02-12-2024T04:34:56 - [TEST_STEP][PASSED] - i3 = <not implemented yet for class: org.codehaus.groovy.ast.expr.EmptyExpression>: null

02-12-2024T04:34:56 - [TEST_STEP][PASSED] - i3 = x.indexOf("/") + 1: null

02-12-2024T04:34:56 - [TEST_STEP][PASSED] - x = x.substring(i3, x.length()): null

02-12-2024T04:34:56 - [TEST_STEP][PASSED] - return x: null

02-12-2024T04:34:56 - [TEST_STEP][PASSED] - i = tableB.indexOf("Янтарь"): null

02-12-2024T04:34:56 - [TEST_STEP][PASSED] - UgB = replaceAll("\p{P}", "").trim(): null

02-12-2024T04:34:56 - [TEST_STEP][PASSED] - println("UgB: " + UgB): null

02-12-2024T04:34:56 - [TEST_STEP][PASSED] - i = tableB.lastIndexOf("/"): null

02-12-2024T04:34:56 - [TEST_STEP][PASSED] - YaB = replaceAll("\p{P}", "").trim(): null

02-12-2024T04:34:56 - [TEST_STEP][PASSED] - println("YaB: " + YaB): null

02-12-2024T04:34:56 - [TEST_STEP][PASSED] - vidget = "Отклонения выручки по факторам": null

02-12-2024T04:34:56 - [TEST_STEP][PASSED] - if (run == 2): null

02-12-2024T04:34:56 - [TEST_STEP][PASSED] - DZO = "АО «Тываэнерго»": null

02-12-2024T04:34:56 - [TEST_STEP][PASSED] - Script1719551244403.CompareDZO(x = TyA, y = TyB, run, typeOfData, otobrajeniyeDannyh, todaysDate, vidget, DZO): null

02-12-2024T04:34:56 - [TEST_STEP][PASSED] - x1 = x: null

02-12-2024T04:34:56 - [TEST_STEP][PASSED] - y1 = y: null

02-12-2024T04:34:56 - [TEST_STEP][PASSED] - i1 = <not implemented yet for class: org.codehaus.groovy.ast.expr.EmptyExpression>: null

02-12-2024T04:34:56 - [TEST_STEP][PASSED] - if (verifyEqual(x, y) == true): null

02-12-2024T04:34:56 - [MESSAGE][PASSED] - Actual object '375 75' and expected object '375 75' are equal

02-12-2024T04:34:56 - [TEST_STEP][PASSED] - DZO = "АО «Чеченэнерго»": null

02-12-2024T04:34:56 - [TEST_STEP][PASSED] - Script1719551244403.CompareDZO(x = ChA, y = ChB, run, typeOfData, otobrajeniyeDannyh, todaysDate, vidget, DZO): null

02-12-2024T04:34:56 - [TEST_STEP][PASSED] - x1 = x: null

02-12-2024T04:34:56 - [TEST_STEP][PASSED] - y1 = y: null

02-12-2024T04:34:56 - [TEST_STEP][PASSED] - i1 = <not implemented yet for class: org.codehaus.groovy.ast.expr.EmptyExpression>: null

02-12-2024T04:34:56 - [TEST_STEP][FAILED] - if (verifyEqual(x, y) == true): Unable to verify equal between actual object '3 688 26' and expected object '75 26' (Root cause: com.kms.katalon.core.exception.StepFailedException: Actual object '3 688 26' and expected object '75 26' are not equal
	at com.kms.katalon.core.keyword.builtin.VerifyEqualKeyword$_verifyEqual_closure1.doCall(VerifyEqualKeyword.groovy:58)
	at com.kms.katalon.core.keyword.builtin.VerifyEqualKeyword$_verifyEqual_closure1.call(VerifyEqualKeyword.groovy)
	at com.kms.katalon.core.keyword.internal.KeywordMain.runKeyword(KeywordMain.groovy:75)
	at com.kms.katalon.core.keyword.builtin.VerifyEqualKeyword.verifyEqual(VerifyEqualKeyword.groovy:63)
	at com.kms.katalon.core.keyword.builtin.VerifyEqualKeyword.execute(VerifyEqualKeyword.groovy:44)
	at com.kms.katalon.core.keyword.internal.KeywordExecutor.executeKeywordForPlatform(KeywordExecutor.groovy:74)
	at com.kms.katalon.core.keyword.BuiltinKeywords.verifyEqual(BuiltinKeywords.groovy:146)
	at jdk.internal.reflect.GeneratedMethodAccessor25.invoke(Unknown Source)
	at java.base/jdk.internal.reflect.DelegatingMethodAccessorImpl.invoke(DelegatingMethodAccessorImpl.java:43)
	at Факторный анализ сверка дашбордов.CompareDZO(Факторный анализ сверка дашбордов:695)
	at Факторный анализ сверка дашбордов.Test(Факторный анализ сверка дашбордов:609)
	at Факторный анализ сверка дашбордов.run(Факторный анализ сверка дашбордов:44)
	at com.kms.katalon.core.main.ScriptEngine.run(ScriptEngine.java:194)
	at com.kms.katalon.core.main.ScriptEngine.runScriptAsRawText(ScriptEngine.java:119)
	at com.kms.katalon.core.main.TestCaseExecutor.runScript(TestCaseExecutor.java:448)
	at com.kms.katalon.core.main.TestCaseExecutor.doExecute(TestCaseExecutor.java:439)
	at com.kms.katalon.core.main.TestCaseExecutor.processExecutionPhase(TestCaseExecutor.java:418)
	at com.kms.katalon.core.main.TestCaseExecutor.accessMainPhase(TestCaseExecutor.java:410)
	at com.kms.katalon.core.main.TestCaseExecutor.execute(TestCaseExecutor.java:285)
	at com.kms.katalon.core.common.CommonExecutor.accessTestCaseMainPhase(CommonExecutor.java:65)
	at com.kms.katalon.core.main.TestSuiteExecutor.accessTestSuiteMainPhase(TestSuiteExecutor.java:150)
	at com.kms.katalon.core.main.TestSuiteExecutor.execute(TestSuiteExecutor.java:106)
	at com.kms.katalon.core.main.TestCaseMain.startTestSuite(TestCaseMain.java:180)
	at TempTestSuite1733095732962.run(TempTestSuite1733095732962.groovy:35)
	at java.base/jdk.internal.reflect.NativeMethodAccessorImpl.invoke0(Native Method)
	at java.base/jdk.internal.reflect.NativeMethodAccessorImpl.invoke(NativeMethodAccessorImpl.java:77)
	at java.base/jdk.internal.reflect.DelegatingMethodAccessorImpl.invoke(DelegatingMethodAccessorImpl.java:43)
)

02-12-2024T04:34:56 - [MESSAGE][FAILED] - Unable to verify equal between actual object '3 688 26' and expected object '75 26' (Root cause: com.kms.katalon.core.exception.StepFailedException: Actual object '3 688 26' and expected object '75 26' are not equal
	at com.kms.katalon.core.keyword.builtin.VerifyEqualKeyword$_verifyEqual_closure1.doCall(VerifyEqualKeyword.groovy:58)
	at com.kms.katalon.core.keyword.builtin.VerifyEqualKeyword$_verifyEqual_closure1.call(VerifyEqualKeyword.groovy)
	at com.kms.katalon.core.keyword.internal.KeywordMain.runKeyword(KeywordMain.groovy:75)
	at com.kms.katalon.core.keyword.builtin.VerifyEqualKeyword.verifyEqual(VerifyEqualKeyword.groovy:63)
	at com.kms.katalon.core.keyword.builtin.VerifyEqualKeyword.execute(VerifyEqualKeyword.groovy:44)
	at com.kms.katalon.core.keyword.internal.KeywordExecutor.executeKeywordForPlatform(KeywordExecutor.groovy:74)
	at com.kms.katalon.core.keyword.BuiltinKeywords.verifyEqual(BuiltinKeywords.groovy:146)
	at jdk.internal.reflect.GeneratedMethodAccessor25.invoke(Unknown Source)
	at java.base/jdk.internal.reflect.DelegatingMethodAccessorImpl.invoke(DelegatingMethodAccessorImpl.java:43)
	at Факторный анализ сверка дашбордов.CompareDZO(Факторный анализ сверка дашбордов:695)
	at Факторный анализ сверка дашбордов.Test(Факторный анализ сверка дашбордов:609)
	at Факторный анализ сверка дашбордов.run(Факторный анализ сверка дашбордов:44)
	at com.kms.katalon.core.main.ScriptEngine.run(ScriptEngine.java:194)
	at com.kms.katalon.core.main.ScriptEngine.runScriptAsRawText(ScriptEngine.java:119)
	at com.kms.katalon.core.main.TestCaseExecutor.runScript(TestCaseExecutor.java:448)
	at com.kms.katalon.core.main.TestCaseExecutor.doExecute(TestCaseExecutor.java:439)
	at com.kms.katalon.core.main.TestCaseExecutor.processExecutionPhase(TestCaseExecutor.java:418)
	at com.kms.katalon.core.main.TestCaseExecutor.accessMainPhase(TestCaseExecutor.java:410)
	at com.kms.katalon.core.main.TestCaseExecutor.execute(TestCaseExecutor.java:285)
	at com.kms.katalon.core.common.CommonExecutor.accessTestCaseMainPhase(CommonExecutor.java:65)
	at com.kms.katalon.core.main.TestSuiteExecutor.accessTestSuiteMainPhase(TestSuiteExecutor.java:150)
	at com.kms.katalon.core.main.TestSuiteExecutor.execute(TestSuiteExecutor.java:106)
	at com.kms.katalon.core.main.TestCaseMain.startTestSuite(TestCaseMain.java:180)
	at TempTestSuite1733095732962.run(TempTestSuite1733095732962.groovy:35)
	at java.base/jdk.internal.reflect.NativeMethodAccessorImpl.invoke0(Native Method)
	at java.base/jdk.internal.reflect.NativeMethodAccessorImpl.invoke(NativeMethodAccessorImpl.java:77)
	at java.base/jdk.internal.reflect.DelegatingMethodAccessorImpl.invoke(DelegatingMethodAccessorImpl.java:43)
)

02-12-2024T04:34:56 - [TEST_STEP][PASSED] - else: null

02-12-2024T04:34:56 - [TEST_STEP][PASSED] - otobrajeniyeDannyh = "Все": null

02-12-2024T04:34:56 - [TEST_STEP][PASSED] - vidget = "Всего отклонения по факторам": null

02-12-2024T04:34:56 - [TEST_STEP][PASSED] - Script1719551244403.WriteToExcel(todaysDate, typeOfData, otobrajeniyeDannyh, x, y, vidget, DZO): null

02-12-2024T04:34:56 - [TEST_STEP][PASSED] - sheetName = "Sheet1": null

02-12-2024T04:34:56 - [TEST_STEP][PASSED] - data = findTestData("PlanFact"): null

02-12-2024T04:34:56 - [TEST_STEP][PASSED] - n = data.getRowNumbers() + 1: null

02-12-2024T04:34:56 - [TEST_STEP][PASSED] - period = getText(findTestObject("Факторный анализ/Фильтр Период")): Text of object 'Object Repository/Факторный анализ/Фильтр Период' is: 'Октябрь и 1, 2, 3 кв. 2024 года'

02-12-2024T04:34:56 - [MESSAGE][PASSED] - Text of object 'Object Repository/Факторный анализ/Фильтр Период' is: 'Октябрь и 1, 2, 3 кв. 2024 года'

02-12-2024T04:34:56 - [TEST_STEP][PASSED] - println(period): null

02-12-2024T04:34:56 - [TEST_STEP][PASSED] - dashboardName = "Факторный анализ": null

02-12-2024T04:34:56 - [TEST_STEP][PASSED] - workbook01 = getWorkbook(excelFilePath): null

02-12-2024T04:34:56 - [TEST_STEP][PASSED] - sheet01 = getExcelSheet(workbook01, sheetName): null

02-12-2024T04:34:56 - [TEST_STEP][PASSED] - setValueToCellByIndex(sheet01, n, 0, dashboardName): null

02-12-2024T04:34:56 - [TEST_STEP][PASSED] - setValueToCellByIndex(sheet01, n, 1, DZO): null

02-12-2024T04:34:56 - [TEST_STEP][PASSED] - setValueToCellByIndex(sheet01, n, 2, vidget): null

02-12-2024T04:34:56 - [TEST_STEP][PASSED] - setValueToCellByIndex(sheet01, n, 3, typeOfData): null

02-12-2024T04:34:56 - [TEST_STEP][PASSED] - setValueToCellByIndex(sheet01, n, 4, otobrajeniyeDannyh): null

02-12-2024T04:34:56 - [TEST_STEP][PASSED] - setValueToCellByIndex(sheet01, n, 5, period): null

02-12-2024T04:34:56 - [TEST_STEP][PASSED] - setValueToCellByIndex(sheet01, n, 6, todaysDate): null

02-12-2024T04:34:56 - [TEST_STEP][PASSED] - n = n + 1: null

02-12-2024T04:34:56 - [TEST_STEP][PASSED] - saveWorkbook(excelFilePath, workbook01): null

02-12-2024T04:34:56 - [TEST_STEP][PASSED] - DZO = "Россети Волга": null

02-12-2024T04:34:56 - [TEST_STEP][PASSED] - Script1719551244403.CompareDZO(x = VA, y = VB, run, typeOfData, otobrajeniyeDannyh, todaysDate, vidget, DZO): null

02-12-2024T04:34:56 - [TEST_STEP][PASSED] - x1 = x: null

02-12-2024T04:34:56 - [TEST_STEP][PASSED] - y1 = y: null

02-12-2024T04:34:56 - [TEST_STEP][PASSED] - i1 = <not implemented yet for class: org.codehaus.groovy.ast.expr.EmptyExpression>: null

02-12-2024T04:34:56 - [TEST_STEP][FAILED] - if (verifyEqual(x, y) == true): Unable to verify equal between actual object '3 164 87 12 384  140 7 568 65  14 726 1 123  14 917  495  5 446  209 4 717 137' and expected object '200 87 703  140 299 65  378 1 123  438  495  261  209  140 137' (Root cause: com.kms.katalon.core.exception.StepFailedException: Actual object '3 164 87 12 384  140 7 568 65  14 726 1 123  14 917  495  5 446  209 4 717 137' and expected object '200 87 703  140 299 65  378 1 123  438  495  261  209  140 137' are not equal
	at com.kms.katalon.core.keyword.builtin.VerifyEqualKeyword$_verifyEqual_closure1.doCall(VerifyEqualKeyword.groovy:58)
	at com.kms.katalon.core.keyword.builtin.VerifyEqualKeyword$_verifyEqual_closure1.call(VerifyEqualKeyword.groovy)
	at com.kms.katalon.core.keyword.internal.KeywordMain.runKeyword(KeywordMain.groovy:75)
	at com.kms.katalon.core.keyword.builtin.VerifyEqualKeyword.verifyEqual(VerifyEqualKeyword.groovy:63)
	at com.kms.katalon.core.keyword.builtin.VerifyEqualKeyword.execute(VerifyEqualKeyword.groovy:44)
	at com.kms.katalon.core.keyword.internal.KeywordExecutor.executeKeywordForPlatform(KeywordExecutor.groovy:74)
	at com.kms.katalon.core.keyword.BuiltinKeywords.verifyEqual(BuiltinKeywords.groovy:146)
	at jdk.internal.reflect.GeneratedMethodAccessor25.invoke(Unknown Source)
	at java.base/jdk.internal.reflect.DelegatingMethodAccessorImpl.invoke(DelegatingMethodAccessorImpl.java:43)
	at Факторный анализ сверка дашбордов.CompareDZO(Факторный анализ сверка дашбордов:695)
	at Факторный анализ сверка дашбордов.Test(Факторный анализ сверка дашбордов:613)
	at Факторный анализ сверка дашбордов.run(Факторный анализ сверка дашбордов:44)
	at com.kms.katalon.core.main.ScriptEngine.run(ScriptEngine.java:194)
	at com.kms.katalon.core.main.ScriptEngine.runScriptAsRawText(ScriptEngine.java:119)
	at com.kms.katalon.core.main.TestCaseExecutor.runScript(TestCaseExecutor.java:448)
	at com.kms.katalon.core.main.TestCaseExecutor.doExecute(TestCaseExecutor.java:439)
	at com.kms.katalon.core.main.TestCaseExecutor.processExecutionPhase(TestCaseExecutor.java:418)
	at com.kms.katalon.core.main.TestCaseExecutor.accessMainPhase(TestCaseExecutor.java:410)
	at com.kms.katalon.core.main.TestCaseExecutor.execute(TestCaseExecutor.java:285)
	at com.kms.katalon.core.common.CommonExecutor.accessTestCaseMainPhase(CommonExecutor.java:65)
	at com.kms.katalon.core.main.TestSuiteExecutor.accessTestSuiteMainPhase(TestSuiteExecutor.java:150)
	at com.kms.katalon.core.main.TestSuiteExecutor.execute(TestSuiteExecutor.java:106)
	at com.kms.katalon.core.main.TestCaseMain.startTestSuite(TestCaseMain.java:180)
	at TempTestSuite1733095732962.run(TempTestSuite1733095732962.groovy:35)
	at java.base/jdk.internal.reflect.NativeMethodAccessorImpl.invoke0(Native Method)
	at java.base/jdk.internal.reflect.NativeMethodAccessorImpl.invoke(NativeMethodAccessorImpl.java:77)
	at java.base/jdk.internal.reflect.DelegatingMethodAccessorImpl.invoke(DelegatingMethodAccessorImpl.java:43)
)

02-12-2024T04:34:56 - [MESSAGE][FAILED] - Unable to verify equal between actual object '3 164 87 12 384  140 7 568 65  14 726 1 123  14 917  495  5 446  209 4 717 137' and expected object '200 87 703  140 299 65  378 1 123  438  495  261  209  140 137' (Root cause: com.kms.katalon.core.exception.StepFailedException: Actual object '3 164 87 12 384  140 7 568 65  14 726 1 123  14 917  495  5 446  209 4 717 137' and expected object '200 87 703  140 299 65  378 1 123  438  495  261  209  140 137' are not equal
	at com.kms.katalon.core.keyword.builtin.VerifyEqualKeyword$_verifyEqual_closure1.doCall(VerifyEqualKeyword.groovy:58)
	at com.kms.katalon.core.keyword.builtin.VerifyEqualKeyword$_verifyEqual_closure1.call(VerifyEqualKeyword.groovy)
	at com.kms.katalon.core.keyword.internal.KeywordMain.runKeyword(KeywordMain.groovy:75)
	at com.kms.katalon.core.keyword.builtin.VerifyEqualKeyword.verifyEqual(VerifyEqualKeyword.groovy:63)
	at com.kms.katalon.core.keyword.builtin.VerifyEqualKeyword.execute(VerifyEqualKeyword.groovy:44)
	at com.kms.katalon.core.keyword.internal.KeywordExecutor.executeKeywordForPlatform(KeywordExecutor.groovy:74)
	at com.kms.katalon.core.keyword.BuiltinKeywords.verifyEqual(BuiltinKeywords.groovy:146)
	at jdk.internal.reflect.GeneratedMethodAccessor25.invoke(Unknown Source)
	at java.base/jdk.internal.reflect.DelegatingMethodAccessorImpl.invoke(DelegatingMethodAccessorImpl.java:43)
	at Факторный анализ сверка дашбордов.CompareDZO(Факторный анализ сверка дашбордов:695)
	at Факторный анализ сверка дашбордов.Test(Факторный анализ сверка дашбордов:613)
	at Факторный анализ сверка дашбордов.run(Факторный анализ сверка дашбордов:44)
	at com.kms.katalon.core.main.ScriptEngine.run(ScriptEngine.java:194)
	at com.kms.katalon.core.main.ScriptEngine.runScriptAsRawText(ScriptEngine.java:119)
	at com.kms.katalon.core.main.TestCaseExecutor.runScript(TestCaseExecutor.java:448)
	at com.kms.katalon.core.main.TestCaseExecutor.doExecute(TestCaseExecutor.java:439)
	at com.kms.katalon.core.main.TestCaseExecutor.processExecutionPhase(TestCaseExecutor.java:418)
	at com.kms.katalon.core.main.TestCaseExecutor.accessMainPhase(TestCaseExecutor.java:410)
	at com.kms.katalon.core.main.TestCaseExecutor.execute(TestCaseExecutor.java:285)
	at com.kms.katalon.core.common.CommonExecutor.accessTestCaseMainPhase(CommonExecutor.java:65)
	at com.kms.katalon.core.main.TestSuiteExecutor.accessTestSuiteMainPhase(TestSuiteExecutor.java:150)
	at com.kms.katalon.core.main.TestSuiteExecutor.execute(TestSuiteExecutor.java:106)
	at com.kms.katalon.core.main.TestCaseMain.startTestSuite(TestCaseMain.java:180)
	at TempTestSuite1733095732962.run(TempTestSuite1733095732962.groovy:35)
	at java.base/jdk.internal.reflect.NativeMethodAccessorImpl.invoke0(Native Method)
	at java.base/jdk.internal.reflect.NativeMethodAccessorImpl.invoke(NativeMethodAccessorImpl.java:77)
	at java.base/jdk.internal.reflect.DelegatingMethodAccessorImpl.invoke(DelegatingMethodAccessorImpl.java:43)
)

02-12-2024T04:34:56 - [TEST_STEP][PASSED] - else: null

02-12-2024T04:34:56 - [TEST_STEP][PASSED] - otobrajeniyeDannyh = "Все": null

02-12-2024T04:34:56 - [TEST_STEP][PASSED] - vidget = "Всего отклонения по факторам": null

02-12-2024T04:34:56 - [TEST_STEP][PASSED] - Script1719551244403.WriteToExcel(todaysDate, typeOfData, otobrajeniyeDannyh, x, y, vidget, DZO): null

02-12-2024T04:34:56 - [TEST_STEP][PASSED] - sheetName = "Sheet1": null

02-12-2024T04:34:56 - [TEST_STEP][PASSED] - data = findTestData("PlanFact"): null

02-12-2024T04:34:57 - [TEST_STEP][PASSED] - n = data.getRowNumbers() + 1: null

02-12-2024T04:34:57 - [TEST_STEP][PASSED] - period = getText(findTestObject("Факторный анализ/Фильтр Период")): Text of object 'Object Repository/Факторный анализ/Фильтр Период' is: 'Октябрь и 1, 2, 3 кв. 2024 года'

02-12-2024T04:34:57 - [MESSAGE][PASSED] - Text of object 'Object Repository/Факторный анализ/Фильтр Период' is: 'Октябрь и 1, 2, 3 кв. 2024 года'

02-12-2024T04:34:57 - [TEST_STEP][PASSED] - println(period): null

02-12-2024T04:34:57 - [TEST_STEP][PASSED] - dashboardName = "Факторный анализ": null

02-12-2024T04:34:57 - [TEST_STEP][PASSED] - workbook01 = getWorkbook(excelFilePath): null

02-12-2024T04:34:57 - [TEST_STEP][PASSED] - sheet01 = getExcelSheet(workbook01, sheetName): null

02-12-2024T04:34:57 - [TEST_STEP][PASSED] - setValueToCellByIndex(sheet01, n, 0, dashboardName): null

02-12-2024T04:34:57 - [TEST_STEP][PASSED] - setValueToCellByIndex(sheet01, n, 1, DZO): null

02-12-2024T04:34:57 - [TEST_STEP][PASSED] - setValueToCellByIndex(sheet01, n, 2, vidget): null

02-12-2024T04:34:57 - [TEST_STEP][PASSED] - setValueToCellByIndex(sheet01, n, 3, typeOfData): null

02-12-2024T04:34:57 - [TEST_STEP][PASSED] - setValueToCellByIndex(sheet01, n, 4, otobrajeniyeDannyh): null

02-12-2024T04:34:57 - [TEST_STEP][PASSED] - setValueToCellByIndex(sheet01, n, 5, period): null

02-12-2024T04:34:57 - [TEST_STEP][PASSED] - setValueToCellByIndex(sheet01, n, 6, todaysDate): null

02-12-2024T04:34:57 - [TEST_STEP][PASSED] - n = n + 1: null

02-12-2024T04:34:57 - [TEST_STEP][PASSED] - saveWorkbook(excelFilePath, workbook01): null

02-12-2024T04:34:57 - [TEST_STEP][PASSED] - DZO = "Россети Кубань": null

02-12-2024T04:34:57 - [TEST_STEP][PASSED] - Script1719551244403.CompareDZO(x = KuA, y = KuB, run, typeOfData, otobrajeniyeDannyh, todaysDate, vidget, DZO): null

02-12-2024T04:34:57 - [TEST_STEP][PASSED] - x1 = x: null

02-12-2024T04:34:57 - [TEST_STEP][PASSED] - y1 = y: null

02-12-2024T04:34:57 - [TEST_STEP][PASSED] - i1 = <not implemented yet for class: org.codehaus.groovy.ast.expr.EmptyExpression>: null

02-12-2024T04:34:57 - [TEST_STEP][FAILED] - if (verifyEqual(x, y) == true): Unable to verify equal between actual object '58 965 411' and expected object '3 542 411' (Root cause: com.kms.katalon.core.exception.StepFailedException: Actual object '58 965 411' and expected object '3 542 411' are not equal
	at com.kms.katalon.core.keyword.builtin.VerifyEqualKeyword$_verifyEqual_closure1.doCall(VerifyEqualKeyword.groovy:58)
	at com.kms.katalon.core.keyword.builtin.VerifyEqualKeyword$_verifyEqual_closure1.call(VerifyEqualKeyword.groovy)
	at com.kms.katalon.core.keyword.internal.KeywordMain.runKeyword(KeywordMain.groovy:75)
	at com.kms.katalon.core.keyword.builtin.VerifyEqualKeyword.verifyEqual(VerifyEqualKeyword.groovy:63)
	at com.kms.katalon.core.keyword.builtin.VerifyEqualKeyword.execute(VerifyEqualKeyword.groovy:44)
	at com.kms.katalon.core.keyword.internal.KeywordExecutor.executeKeywordForPlatform(KeywordExecutor.groovy:74)
	at com.kms.katalon.core.keyword.BuiltinKeywords.verifyEqual(BuiltinKeywords.groovy:146)
	at jdk.internal.reflect.GeneratedMethodAccessor25.invoke(Unknown Source)
	at java.base/jdk.internal.reflect.DelegatingMethodAccessorImpl.invoke(DelegatingMethodAccessorImpl.java:43)
	at Факторный анализ сверка дашбордов.CompareDZO(Факторный анализ сверка дашбордов:695)
	at Факторный анализ сверка дашбордов.Test(Факторный анализ сверка дашбордов:617)
	at Факторный анализ сверка дашбордов.run(Факторный анализ сверка дашбордов:44)
	at com.kms.katalon.core.main.ScriptEngine.run(ScriptEngine.java:194)
	at com.kms.katalon.core.main.ScriptEngine.runScriptAsRawText(ScriptEngine.java:119)
	at com.kms.katalon.core.main.TestCaseExecutor.runScript(TestCaseExecutor.java:448)
	at com.kms.katalon.core.main.TestCaseExecutor.doExecute(TestCaseExecutor.java:439)
	at com.kms.katalon.core.main.TestCaseExecutor.processExecutionPhase(TestCaseExecutor.java:418)
	at com.kms.katalon.core.main.TestCaseExecutor.accessMainPhase(TestCaseExecutor.java:410)
	at com.kms.katalon.core.main.TestCaseExecutor.execute(TestCaseExecutor.java:285)
	at com.kms.katalon.core.common.CommonExecutor.accessTestCaseMainPhase(CommonExecutor.java:65)
	at com.kms.katalon.core.main.TestSuiteExecutor.accessTestSuiteMainPhase(TestSuiteExecutor.java:150)
	at com.kms.katalon.core.main.TestSuiteExecutor.execute(TestSuiteExecutor.java:106)
	at com.kms.katalon.core.main.TestCaseMain.startTestSuite(TestCaseMain.java:180)
	at TempTestSuite1733095732962.run(TempTestSuite1733095732962.groovy:35)
	at java.base/jdk.internal.reflect.NativeMethodAccessorImpl.invoke0(Native Method)
	at java.base/jdk.internal.reflect.NativeMethodAccessorImpl.invoke(NativeMethodAccessorImpl.java:77)
	at java.base/jdk.internal.reflect.DelegatingMethodAccessorImpl.invoke(DelegatingMethodAccessorImpl.java:43)
)

02-12-2024T04:34:57 - [MESSAGE][FAILED] - Unable to verify equal between actual object '58 965 411' and expected object '3 542 411' (Root cause: com.kms.katalon.core.exception.StepFailedException: Actual object '58 965 411' and expected object '3 542 411' are not equal
	at com.kms.katalon.core.keyword.builtin.VerifyEqualKeyword$_verifyEqual_closure1.doCall(VerifyEqualKeyword.groovy:58)
	at com.kms.katalon.core.keyword.builtin.VerifyEqualKeyword$_verifyEqual_closure1.call(VerifyEqualKeyword.groovy)
	at com.kms.katalon.core.keyword.internal.KeywordMain.runKeyword(KeywordMain.groovy:75)
	at com.kms.katalon.core.keyword.builtin.VerifyEqualKeyword.verifyEqual(VerifyEqualKeyword.groovy:63)
	at com.kms.katalon.core.keyword.builtin.VerifyEqualKeyword.execute(VerifyEqualKeyword.groovy:44)
	at com.kms.katalon.core.keyword.internal.KeywordExecutor.executeKeywordForPlatform(KeywordExecutor.groovy:74)
	at com.kms.katalon.core.keyword.BuiltinKeywords.verifyEqual(BuiltinKeywords.groovy:146)
	at jdk.internal.reflect.GeneratedMethodAccessor25.invoke(Unknown Source)
	at java.base/jdk.internal.reflect.DelegatingMethodAccessorImpl.invoke(DelegatingMethodAccessorImpl.java:43)
	at Факторный анализ сверка дашбордов.CompareDZO(Факторный анализ сверка дашбордов:695)
	at Факторный анализ сверка дашбордов.Test(Факторный анализ сверка дашбордов:617)
	at Факторный анализ сверка дашбордов.run(Факторный анализ сверка дашбордов:44)
	at com.kms.katalon.core.main.ScriptEngine.run(ScriptEngine.java:194)
	at com.kms.katalon.core.main.ScriptEngine.runScriptAsRawText(ScriptEngine.java:119)
	at com.kms.katalon.core.main.TestCaseExecutor.runScript(TestCaseExecutor.java:448)
	at com.kms.katalon.core.main.TestCaseExecutor.doExecute(TestCaseExecutor.java:439)
	at com.kms.katalon.core.main.TestCaseExecutor.processExecutionPhase(TestCaseExecutor.java:418)
	at com.kms.katalon.core.main.TestCaseExecutor.accessMainPhase(TestCaseExecutor.java:410)
	at com.kms.katalon.core.main.TestCaseExecutor.execute(TestCaseExecutor.java:285)
	at com.kms.katalon.core.common.CommonExecutor.accessTestCaseMainPhase(CommonExecutor.java:65)
	at com.kms.katalon.core.main.TestSuiteExecutor.accessTestSuiteMainPhase(TestSuiteExecutor.java:150)
	at com.kms.katalon.core.main.TestSuiteExecutor.execute(TestSuiteExecutor.java:106)
	at com.kms.katalon.core.main.TestCaseMain.startTestSuite(TestCaseMain.java:180)
	at TempTestSuite1733095732962.run(TempTestSuite1733095732962.groovy:35)
	at java.base/jdk.internal.reflect.NativeMethodAccessorImpl.invoke0(Native Method)
	at java.base/jdk.internal.reflect.NativeMethodAccessorImpl.invoke(NativeMethodAccessorImpl.java:77)
	at java.base/jdk.internal.reflect.DelegatingMethodAccessorImpl.invoke(DelegatingMethodAccessorImpl.java:43)
)

02-12-2024T04:34:57 - [TEST_STEP][PASSED] - else: null

02-12-2024T04:34:57 - [TEST_STEP][PASSED] - otobrajeniyeDannyh = "Все": null

02-12-2024T04:34:57 - [TEST_STEP][PASSED] - vidget = "Всего отклонения по факторам": null

02-12-2024T04:34:57 - [TEST_STEP][PASSED] - Script1719551244403.WriteToExcel(todaysDate, typeOfData, otobrajeniyeDannyh, x, y, vidget, DZO): null

02-12-2024T04:34:57 - [TEST_STEP][PASSED] - sheetName = "Sheet1": null

02-12-2024T04:34:57 - [TEST_STEP][PASSED] - data = findTestData("PlanFact"): null

02-12-2024T04:34:57 - [TEST_STEP][PASSED] - n = data.getRowNumbers() + 1: null

02-12-2024T04:34:57 - [TEST_STEP][PASSED] - period = getText(findTestObject("Факторный анализ/Фильтр Период")): Text of object 'Object Repository/Факторный анализ/Фильтр Период' is: 'Октябрь и 1, 2, 3 кв. 2024 года'

02-12-2024T04:34:58 - [MESSAGE][PASSED] - Text of object 'Object Repository/Факторный анализ/Фильтр Период' is: 'Октябрь и 1, 2, 3 кв. 2024 года'

02-12-2024T04:34:58 - [TEST_STEP][PASSED] - println(period): null

02-12-2024T04:34:58 - [TEST_STEP][PASSED] - dashboardName = "Факторный анализ": null

02-12-2024T04:34:58 - [TEST_STEP][PASSED] - workbook01 = getWorkbook(excelFilePath): null

02-12-2024T04:34:58 - [TEST_STEP][PASSED] - sheet01 = getExcelSheet(workbook01, sheetName): null

02-12-2024T04:34:58 - [TEST_STEP][PASSED] - setValueToCellByIndex(sheet01, n, 0, dashboardName): null

02-12-2024T04:34:58 - [TEST_STEP][PASSED] - setValueToCellByIndex(sheet01, n, 1, DZO): null

02-12-2024T04:34:58 - [TEST_STEP][PASSED] - setValueToCellByIndex(sheet01, n, 2, vidget): null

02-12-2024T04:34:58 - [TEST_STEP][PASSED] - setValueToCellByIndex(sheet01, n, 3, typeOfData): null

02-12-2024T04:34:58 - [TEST_STEP][PASSED] - setValueToCellByIndex(sheet01, n, 4, otobrajeniyeDannyh): null

02-12-2024T04:34:58 - [TEST_STEP][PASSED] - setValueToCellByIndex(sheet01, n, 5, period): null

02-12-2024T04:34:58 - [TEST_STEP][PASSED] - setValueToCellByIndex(sheet01, n, 6, todaysDate): null

02-12-2024T04:34:58 - [TEST_STEP][PASSED] - n = n + 1: null

02-12-2024T04:34:58 - [TEST_STEP][PASSED] - saveWorkbook(excelFilePath, workbook01): null

02-12-2024T04:34:58 - [TEST_STEP][PASSED] - DZO = "Московский регион": null

02-12-2024T04:34:58 - [TEST_STEP][PASSED] - Script1719551244403.CompareDZO(x = MosA, y = MosB, run, typeOfData, otobrajeniyeDannyh, todaysDate, vidget, DZO): null

02-12-2024T04:34:58 - [TEST_STEP][PASSED] - x1 = x: null

02-12-2024T04:34:58 - [TEST_STEP][PASSED] - y1 = y: null

02-12-2024T04:34:58 - [TEST_STEP][PASSED] - i1 = <not implemented yet for class: org.codehaus.groovy.ast.expr.EmptyExpression>: null

02-12-2024T04:34:58 - [TEST_STEP][PASSED] - if (verifyEqual(x, y) == true): null

02-12-2024T04:34:58 - [MESSAGE][PASSED] - Actual object '4 745  627  3 358 23' and expected object '4 745  627  3 358 23' are equal

02-12-2024T04:34:58 - [TEST_STEP][PASSED] - DZO = "Россети Ленэнерго (ГК)": null

02-12-2024T04:34:58 - [TEST_STEP][PASSED] - Script1719551244403.CompareDZO(x = LenA, y = LenB, run, typeOfData, otobrajeniyeDannyh, todaysDate, vidget, DZO): null

02-12-2024T04:34:58 - [TEST_STEP][PASSED] - x1 = x: null

02-12-2024T04:34:58 - [TEST_STEP][PASSED] - y1 = y: null

02-12-2024T04:34:58 - [TEST_STEP][PASSED] - i1 = <not implemented yet for class: org.codehaus.groovy.ast.expr.EmptyExpression>: null

02-12-2024T04:34:58 - [TEST_STEP][FAILED] - if (verifyEqual(x, y) == true): Unable to verify equal between actual object '33 086 831  46 070  104' and expected object '1 283 831  2 452  104' (Root cause: com.kms.katalon.core.exception.StepFailedException: Actual object '33 086 831  46 070  104' and expected object '1 283 831  2 452  104' are not equal
	at com.kms.katalon.core.keyword.builtin.VerifyEqualKeyword$_verifyEqual_closure1.doCall(VerifyEqualKeyword.groovy:58)
	at com.kms.katalon.core.keyword.builtin.VerifyEqualKeyword$_verifyEqual_closure1.call(VerifyEqualKeyword.groovy)
	at com.kms.katalon.core.keyword.internal.KeywordMain.runKeyword(KeywordMain.groovy:75)
	at com.kms.katalon.core.keyword.builtin.VerifyEqualKeyword.verifyEqual(VerifyEqualKeyword.groovy:63)
	at com.kms.katalon.core.keyword.builtin.VerifyEqualKeyword.execute(VerifyEqualKeyword.groovy:44)
	at com.kms.katalon.core.keyword.internal.KeywordExecutor.executeKeywordForPlatform(KeywordExecutor.groovy:74)
	at com.kms.katalon.core.keyword.BuiltinKeywords.verifyEqual(BuiltinKeywords.groovy:146)
	at jdk.internal.reflect.GeneratedMethodAccessor25.invoke(Unknown Source)
	at java.base/jdk.internal.reflect.DelegatingMethodAccessorImpl.invoke(DelegatingMethodAccessorImpl.java:43)
	at Факторный анализ сверка дашбордов.CompareDZO(Факторный анализ сверка дашбордов:695)
	at Факторный анализ сверка дашбордов.Test(Факторный анализ сверка дашбордов:625)
	at Факторный анализ сверка дашбордов.run(Факторный анализ сверка дашбордов:44)
	at com.kms.katalon.core.main.ScriptEngine.run(ScriptEngine.java:194)
	at com.kms.katalon.core.main.ScriptEngine.runScriptAsRawText(ScriptEngine.java:119)
	at com.kms.katalon.core.main.TestCaseExecutor.runScript(TestCaseExecutor.java:448)
	at com.kms.katalon.core.main.TestCaseExecutor.doExecute(TestCaseExecutor.java:439)
	at com.kms.katalon.core.main.TestCaseExecutor.processExecutionPhase(TestCaseExecutor.java:418)
	at com.kms.katalon.core.main.TestCaseExecutor.accessMainPhase(TestCaseExecutor.java:410)
	at com.kms.katalon.core.main.TestCaseExecutor.execute(TestCaseExecutor.java:285)
	at com.kms.katalon.core.common.CommonExecutor.accessTestCaseMainPhase(CommonExecutor.java:65)
	at com.kms.katalon.core.main.TestSuiteExecutor.accessTestSuiteMainPhase(TestSuiteExecutor.java:150)
	at com.kms.katalon.core.main.TestSuiteExecutor.execute(TestSuiteExecutor.java:106)
	at com.kms.katalon.core.main.TestCaseMain.startTestSuite(TestCaseMain.java:180)
	at TempTestSuite1733095732962.run(TempTestSuite1733095732962.groovy:35)
	at java.base/jdk.internal.reflect.NativeMethodAccessorImpl.invoke0(Native Method)
	at java.base/jdk.internal.reflect.NativeMethodAccessorImpl.invoke(NativeMethodAccessorImpl.java:77)
	at java.base/jdk.internal.reflect.DelegatingMethodAccessorImpl.invoke(DelegatingMethodAccessorImpl.java:43)
)

02-12-2024T04:34:58 - [MESSAGE][FAILED] - Unable to verify equal between actual object '33 086 831  46 070  104' and expected object '1 283 831  2 452  104' (Root cause: com.kms.katalon.core.exception.StepFailedException: Actual object '33 086 831  46 070  104' and expected object '1 283 831  2 452  104' are not equal
	at com.kms.katalon.core.keyword.builtin.VerifyEqualKeyword$_verifyEqual_closure1.doCall(VerifyEqualKeyword.groovy:58)
	at com.kms.katalon.core.keyword.builtin.VerifyEqualKeyword$_verifyEqual_closure1.call(VerifyEqualKeyword.groovy)
	at com.kms.katalon.core.keyword.internal.KeywordMain.runKeyword(KeywordMain.groovy:75)
	at com.kms.katalon.core.keyword.builtin.VerifyEqualKeyword.verifyEqual(VerifyEqualKeyword.groovy:63)
	at com.kms.katalon.core.keyword.builtin.VerifyEqualKeyword.execute(VerifyEqualKeyword.groovy:44)
	at com.kms.katalon.core.keyword.internal.KeywordExecutor.executeKeywordForPlatform(KeywordExecutor.groovy:74)
	at com.kms.katalon.core.keyword.BuiltinKeywords.verifyEqual(BuiltinKeywords.groovy:146)
	at jdk.internal.reflect.GeneratedMethodAccessor25.invoke(Unknown Source)
	at java.base/jdk.internal.reflect.DelegatingMethodAccessorImpl.invoke(DelegatingMethodAccessorImpl.java:43)
	at Факторный анализ сверка дашбордов.CompareDZO(Факторный анализ сверка дашбордов:695)
	at Факторный анализ сверка дашбордов.Test(Факторный анализ сверка дашбордов:625)
	at Факторный анализ сверка дашбордов.run(Факторный анализ сверка дашбордов:44)
	at com.kms.katalon.core.main.ScriptEngine.run(ScriptEngine.java:194)
	at com.kms.katalon.core.main.ScriptEngine.runScriptAsRawText(ScriptEngine.java:119)
	at com.kms.katalon.core.main.TestCaseExecutor.runScript(TestCaseExecutor.java:448)
	at com.kms.katalon.core.main.TestCaseExecutor.doExecute(TestCaseExecutor.java:439)
	at com.kms.katalon.core.main.TestCaseExecutor.processExecutionPhase(TestCaseExecutor.java:418)
	at com.kms.katalon.core.main.TestCaseExecutor.accessMainPhase(TestCaseExecutor.java:410)
	at com.kms.katalon.core.main.TestCaseExecutor.execute(TestCaseExecutor.java:285)
	at com.kms.katalon.core.common.CommonExecutor.accessTestCaseMainPhase(CommonExecutor.java:65)
	at com.kms.katalon.core.main.TestSuiteExecutor.accessTestSuiteMainPhase(TestSuiteExecutor.java:150)
	at com.kms.katalon.core.main.TestSuiteExecutor.execute(TestSuiteExecutor.java:106)
	at com.kms.katalon.core.main.TestCaseMain.startTestSuite(TestCaseMain.java:180)
	at TempTestSuite1733095732962.run(TempTestSuite1733095732962.groovy:35)
	at java.base/jdk.internal.reflect.NativeMethodAccessorImpl.invoke0(Native Method)
	at java.base/jdk.internal.reflect.NativeMethodAccessorImpl.invoke(NativeMethodAccessorImpl.java:77)
	at java.base/jdk.internal.reflect.DelegatingMethodAccessorImpl.invoke(DelegatingMethodAccessorImpl.java:43)
)

02-12-2024T04:34:58 - [TEST_STEP][PASSED] - else: null

02-12-2024T04:34:58 - [TEST_STEP][PASSED] - otobrajeniyeDannyh = "Все": null

02-12-2024T04:34:58 - [TEST_STEP][PASSED] - vidget = "Всего отклонения по факторам": null

02-12-2024T04:34:58 - [TEST_STEP][PASSED] - Script1719551244403.WriteToExcel(todaysDate, typeOfData, otobrajeniyeDannyh, x, y, vidget, DZO): null

02-12-2024T04:34:58 - [TEST_STEP][PASSED] - sheetName = "Sheet1": null

02-12-2024T04:34:58 - [TEST_STEP][PASSED] - data = findTestData("PlanFact"): null

02-12-2024T04:34:58 - [TEST_STEP][PASSED] - n = data.getRowNumbers() + 1: null

02-12-2024T04:34:58 - [TEST_STEP][PASSED] - period = getText(findTestObject("Факторный анализ/Фильтр Период")): Text of object 'Object Repository/Факторный анализ/Фильтр Период' is: 'Октябрь и 1, 2, 3 кв. 2024 года'

02-12-2024T04:34:58 - [MESSAGE][PASSED] - Text of object 'Object Repository/Факторный анализ/Фильтр Период' is: 'Октябрь и 1, 2, 3 кв. 2024 года'

02-12-2024T04:34:58 - [TEST_STEP][PASSED] - println(period): null

02-12-2024T04:34:58 - [TEST_STEP][PASSED] - dashboardName = "Факторный анализ": null

02-12-2024T04:34:58 - [TEST_STEP][PASSED] - workbook01 = getWorkbook(excelFilePath): null

02-12-2024T04:34:58 - [TEST_STEP][PASSED] - sheet01 = getExcelSheet(workbook01, sheetName): null

02-12-2024T04:34:58 - [TEST_STEP][PASSED] - setValueToCellByIndex(sheet01, n, 0, dashboardName): null

02-12-2024T04:34:58 - [TEST_STEP][PASSED] - setValueToCellByIndex(sheet01, n, 1, DZO): null

02-12-2024T04:34:58 - [TEST_STEP][PASSED] - setValueToCellByIndex(sheet01, n, 2, vidget): null

02-12-2024T04:34:58 - [TEST_STEP][PASSED] - setValueToCellByIndex(sheet01, n, 3, typeOfData): null

02-12-2024T04:34:58 - [TEST_STEP][PASSED] - setValueToCellByIndex(sheet01, n, 4, otobrajeniyeDannyh): null

02-12-2024T04:34:58 - [TEST_STEP][PASSED] - setValueToCellByIndex(sheet01, n, 5, period): null

02-12-2024T04:34:58 - [TEST_STEP][PASSED] - setValueToCellByIndex(sheet01, n, 6, todaysDate): null

02-12-2024T04:34:58 - [TEST_STEP][PASSED] - n = n + 1: null

02-12-2024T04:34:58 - [TEST_STEP][PASSED] - saveWorkbook(excelFilePath, workbook01): null

02-12-2024T04:34:58 - [TEST_STEP][PASSED] - DZO = "Россети Северный Кавказ (ГК)": null

02-12-2024T04:34:58 - [TEST_STEP][PASSED] - Script1719551244403.CompareDZO(x = SKA, y = SKB, run, typeOfData, otobrajeniyeDannyh, todaysDate, vidget, DZO): null

02-12-2024T04:34:58 - [TEST_STEP][PASSED] - x1 = x: null

02-12-2024T04:34:58 - [TEST_STEP][PASSED] - y1 = y: null

02-12-2024T04:34:58 - [TEST_STEP][PASSED] - i1 = <not implemented yet for class: org.codehaus.groovy.ast.expr.EmptyExpression>: null

02-12-2024T04:34:58 - [TEST_STEP][FAILED] - if (verifyEqual(x, y) == true): Unable to verify equal between actual object '111 69 7 161 537 1 584 122 2 966 50 1 924 0 3 380 144 9 375  200' and expected object '0 0  543 537  177 122 254 50 131 0  356 144 257  200' (Root cause: com.kms.katalon.core.exception.StepFailedException: Actual object '111 69 7 161 537 1 584 122 2 966 50 1 924 0 3 380 144 9 375  200' and expected object '0 0  543 537  177 122 254 50 131 0  356 144 257  200' are not equal
	at com.kms.katalon.core.keyword.builtin.VerifyEqualKeyword$_verifyEqual_closure1.doCall(VerifyEqualKeyword.groovy:58)
	at com.kms.katalon.core.keyword.builtin.VerifyEqualKeyword$_verifyEqual_closure1.call(VerifyEqualKeyword.groovy)
	at com.kms.katalon.core.keyword.internal.KeywordMain.runKeyword(KeywordMain.groovy:75)
	at com.kms.katalon.core.keyword.builtin.VerifyEqualKeyword.verifyEqual(VerifyEqualKeyword.groovy:63)
	at com.kms.katalon.core.keyword.builtin.VerifyEqualKeyword.execute(VerifyEqualKeyword.groovy:44)
	at com.kms.katalon.core.keyword.internal.KeywordExecutor.executeKeywordForPlatform(KeywordExecutor.groovy:74)
	at com.kms.katalon.core.keyword.BuiltinKeywords.verifyEqual(BuiltinKeywords.groovy:146)
	at jdk.internal.reflect.GeneratedMethodAccessor25.invoke(Unknown Source)
	at java.base/jdk.internal.reflect.DelegatingMethodAccessorImpl.invoke(DelegatingMethodAccessorImpl.java:43)
	at Факторный анализ сверка дашбордов.CompareDZO(Факторный анализ сверка дашбордов:695)
	at Факторный анализ сверка дашбордов.Test(Факторный анализ сверка дашбордов:629)
	at Факторный анализ сверка дашбордов.run(Факторный анализ сверка дашбордов:44)
	at com.kms.katalon.core.main.ScriptEngine.run(ScriptEngine.java:194)
	at com.kms.katalon.core.main.ScriptEngine.runScriptAsRawText(ScriptEngine.java:119)
	at com.kms.katalon.core.main.TestCaseExecutor.runScript(TestCaseExecutor.java:448)
	at com.kms.katalon.core.main.TestCaseExecutor.doExecute(TestCaseExecutor.java:439)
	at com.kms.katalon.core.main.TestCaseExecutor.processExecutionPhase(TestCaseExecutor.java:418)
	at com.kms.katalon.core.main.TestCaseExecutor.accessMainPhase(TestCaseExecutor.java:410)
	at com.kms.katalon.core.main.TestCaseExecutor.execute(TestCaseExecutor.java:285)
	at com.kms.katalon.core.common.CommonExecutor.accessTestCaseMainPhase(CommonExecutor.java:65)
	at com.kms.katalon.core.main.TestSuiteExecutor.accessTestSuiteMainPhase(TestSuiteExecutor.java:150)
	at com.kms.katalon.core.main.TestSuiteExecutor.execute(TestSuiteExecutor.java:106)
	at com.kms.katalon.core.main.TestCaseMain.startTestSuite(TestCaseMain.java:180)
	at TempTestSuite1733095732962.run(TempTestSuite1733095732962.groovy:35)
	at java.base/jdk.internal.reflect.NativeMethodAccessorImpl.invoke0(Native Method)
	at java.base/jdk.internal.reflect.NativeMethodAccessorImpl.invoke(NativeMethodAccessorImpl.java:77)
	at java.base/jdk.internal.reflect.DelegatingMethodAccessorImpl.invoke(DelegatingMethodAccessorImpl.java:43)
)

02-12-2024T04:34:58 - [MESSAGE][FAILED] - Unable to verify equal between actual object '111 69 7 161 537 1 584 122 2 966 50 1 924 0 3 380 144 9 375  200' and expected object '0 0  543 537  177 122 254 50 131 0  356 144 257  200' (Root cause: com.kms.katalon.core.exception.StepFailedException: Actual object '111 69 7 161 537 1 584 122 2 966 50 1 924 0 3 380 144 9 375  200' and expected object '0 0  543 537  177 122 254 50 131 0  356 144 257  200' are not equal
	at com.kms.katalon.core.keyword.builtin.VerifyEqualKeyword$_verifyEqual_closure1.doCall(VerifyEqualKeyword.groovy:58)
	at com.kms.katalon.core.keyword.builtin.VerifyEqualKeyword$_verifyEqual_closure1.call(VerifyEqualKeyword.groovy)
	at com.kms.katalon.core.keyword.internal.KeywordMain.runKeyword(KeywordMain.groovy:75)
	at com.kms.katalon.core.keyword.builtin.VerifyEqualKeyword.verifyEqual(VerifyEqualKeyword.groovy:63)
	at com.kms.katalon.core.keyword.builtin.VerifyEqualKeyword.execute(VerifyEqualKeyword.groovy:44)
	at com.kms.katalon.core.keyword.internal.KeywordExecutor.executeKeywordForPlatform(KeywordExecutor.groovy:74)
	at com.kms.katalon.core.keyword.BuiltinKeywords.verifyEqual(BuiltinKeywords.groovy:146)
	at jdk.internal.reflect.GeneratedMethodAccessor25.invoke(Unknown Source)
	at java.base/jdk.internal.reflect.DelegatingMethodAccessorImpl.invoke(DelegatingMethodAccessorImpl.java:43)
	at Факторный анализ сверка дашбордов.CompareDZO(Факторный анализ сверка дашбордов:695)
	at Факторный анализ сверка дашбордов.Test(Факторный анализ сверка дашбордов:629)
	at Факторный анализ сверка дашбордов.run(Факторный анализ сверка дашбордов:44)
	at com.kms.katalon.core.main.ScriptEngine.run(ScriptEngine.java:194)
	at com.kms.katalon.core.main.ScriptEngine.runScriptAsRawText(ScriptEngine.java:119)
	at com.kms.katalon.core.main.TestCaseExecutor.runScript(TestCaseExecutor.java:448)
	at com.kms.katalon.core.main.TestCaseExecutor.doExecute(TestCaseExecutor.java:439)
	at com.kms.katalon.core.main.TestCaseExecutor.processExecutionPhase(TestCaseExecutor.java:418)
	at com.kms.katalon.core.main.TestCaseExecutor.accessMainPhase(TestCaseExecutor.java:410)
	at com.kms.katalon.core.main.TestCaseExecutor.execute(TestCaseExecutor.java:285)
	at com.kms.katalon.core.common.CommonExecutor.accessTestCaseMainPhase(CommonExecutor.java:65)
	at com.kms.katalon.core.main.TestSuiteExecutor.accessTestSuiteMainPhase(TestSuiteExecutor.java:150)
	at com.kms.katalon.core.main.TestSuiteExecutor.execute(TestSuiteExecutor.java:106)
	at com.kms.katalon.core.main.TestCaseMain.startTestSuite(TestCaseMain.java:180)
	at TempTestSuite1733095732962.run(TempTestSuite1733095732962.groovy:35)
	at java.base/jdk.internal.reflect.NativeMethodAccessorImpl.invoke0(Native Method)
	at java.base/jdk.internal.reflect.NativeMethodAccessorImpl.invoke(NativeMethodAccessorImpl.java:77)
	at java.base/jdk.internal.reflect.DelegatingMethodAccessorImpl.invoke(DelegatingMethodAccessorImpl.java:43)
)

02-12-2024T04:34:58 - [TEST_STEP][PASSED] - else: null

02-12-2024T04:34:58 - [TEST_STEP][PASSED] - otobrajeniyeDannyh = "Все": null

02-12-2024T04:34:58 - [TEST_STEP][PASSED] - vidget = "Всего отклонения по факторам": null

02-12-2024T04:34:58 - [TEST_STEP][PASSED] - Script1719551244403.WriteToExcel(todaysDate, typeOfData, otobrajeniyeDannyh, x, y, vidget, DZO): null

02-12-2024T04:34:58 - [TEST_STEP][PASSED] - sheetName = "Sheet1": null

02-12-2024T04:34:58 - [TEST_STEP][PASSED] - data = findTestData("PlanFact"): null

02-12-2024T04:34:58 - [TEST_STEP][PASSED] - n = data.getRowNumbers() + 1: null

02-12-2024T04:34:58 - [TEST_STEP][PASSED] - period = getText(findTestObject("Факторный анализ/Фильтр Период")): Text of object 'Object Repository/Факторный анализ/Фильтр Период' is: 'Октябрь и 1, 2, 3 кв. 2024 года'

02-12-2024T04:34:59 - [MESSAGE][PASSED] - Text of object 'Object Repository/Факторный анализ/Фильтр Период' is: 'Октябрь и 1, 2, 3 кв. 2024 года'

02-12-2024T04:34:59 - [TEST_STEP][PASSED] - println(period): null

02-12-2024T04:34:59 - [TEST_STEP][PASSED] - dashboardName = "Факторный анализ": null

02-12-2024T04:34:59 - [TEST_STEP][PASSED] - workbook01 = getWorkbook(excelFilePath): null

02-12-2024T04:34:59 - [TEST_STEP][PASSED] - sheet01 = getExcelSheet(workbook01, sheetName): null

02-12-2024T04:34:59 - [TEST_STEP][PASSED] - setValueToCellByIndex(sheet01, n, 0, dashboardName): null

02-12-2024T04:34:59 - [TEST_STEP][PASSED] - setValueToCellByIndex(sheet01, n, 1, DZO): null

02-12-2024T04:34:59 - [TEST_STEP][PASSED] - setValueToCellByIndex(sheet01, n, 2, vidget): null

02-12-2024T04:34:59 - [TEST_STEP][PASSED] - setValueToCellByIndex(sheet01, n, 3, typeOfData): null

02-12-2024T04:34:59 - [TEST_STEP][PASSED] - setValueToCellByIndex(sheet01, n, 4, otobrajeniyeDannyh): null

02-12-2024T04:34:59 - [TEST_STEP][PASSED] - setValueToCellByIndex(sheet01, n, 5, period): null

02-12-2024T04:34:59 - [TEST_STEP][PASSED] - setValueToCellByIndex(sheet01, n, 6, todaysDate): null

02-12-2024T04:34:59 - [TEST_STEP][PASSED] - n = n + 1: null

02-12-2024T04:34:59 - [TEST_STEP][PASSED] - saveWorkbook(excelFilePath, workbook01): null

02-12-2024T04:34:59 - [TEST_STEP][PASSED] - DZO = "Россети Северо-Запад": null

02-12-2024T04:34:59 - [TEST_STEP][PASSED] - Script1719551244403.CompareDZO(x = SZA, y = SZB, run, typeOfData, otobrajeniyeDannyh, todaysDate, vidget, DZO): null

02-12-2024T04:34:59 - [TEST_STEP][PASSED] - x1 = x: null

02-12-2024T04:34:59 - [TEST_STEP][PASSED] - y1 = y: null

02-12-2024T04:34:59 - [TEST_STEP][PASSED] - i1 = <not implemented yet for class: org.codehaus.groovy.ast.expr.EmptyExpression>: null

02-12-2024T04:34:59 - [TEST_STEP][FAILED] - if (verifyEqual(x, y) == true): Unable to verify equal between actual object '9 375  200    80 86  264 2  67 185  111 57  216 48  161 20    16 41' and expected object '257  200    80 86  264 2  67 185  111 57  216 48  161 20    16 41' (Root cause: com.kms.katalon.core.exception.StepFailedException: Actual object '9 375  200    80 86  264 2  67 185  111 57  216 48  161 20    16 41' and expected object '257  200    80 86  264 2  67 185  111 57  216 48  161 20    16 41' are not equal
	at com.kms.katalon.core.keyword.builtin.VerifyEqualKeyword$_verifyEqual_closure1.doCall(VerifyEqualKeyword.groovy:58)
	at com.kms.katalon.core.keyword.builtin.VerifyEqualKeyword$_verifyEqual_closure1.call(VerifyEqualKeyword.groovy)
	at com.kms.katalon.core.keyword.internal.KeywordMain.runKeyword(KeywordMain.groovy:75)
	at com.kms.katalon.core.keyword.builtin.VerifyEqualKeyword.verifyEqual(VerifyEqualKeyword.groovy:63)
	at com.kms.katalon.core.keyword.builtin.VerifyEqualKeyword.execute(VerifyEqualKeyword.groovy:44)
	at com.kms.katalon.core.keyword.internal.KeywordExecutor.executeKeywordForPlatform(KeywordExecutor.groovy:74)
	at com.kms.katalon.core.keyword.BuiltinKeywords.verifyEqual(BuiltinKeywords.groovy:146)
	at jdk.internal.reflect.GeneratedMethodAccessor25.invoke(Unknown Source)
	at java.base/jdk.internal.reflect.DelegatingMethodAccessorImpl.invoke(DelegatingMethodAccessorImpl.java:43)
	at Факторный анализ сверка дашбордов.CompareDZO(Факторный анализ сверка дашбордов:695)
	at Факторный анализ сверка дашбордов.Test(Факторный анализ сверка дашбордов:633)
	at Факторный анализ сверка дашбордов.run(Факторный анализ сверка дашбордов:44)
	at com.kms.katalon.core.main.ScriptEngine.run(ScriptEngine.java:194)
	at com.kms.katalon.core.main.ScriptEngine.runScriptAsRawText(ScriptEngine.java:119)
	at com.kms.katalon.core.main.TestCaseExecutor.runScript(TestCaseExecutor.java:448)
	at com.kms.katalon.core.main.TestCaseExecutor.doExecute(TestCaseExecutor.java:439)
	at com.kms.katalon.core.main.TestCaseExecutor.processExecutionPhase(TestCaseExecutor.java:418)
	at com.kms.katalon.core.main.TestCaseExecutor.accessMainPhase(TestCaseExecutor.java:410)
	at com.kms.katalon.core.main.TestCaseExecutor.execute(TestCaseExecutor.java:285)
	at com.kms.katalon.core.common.CommonExecutor.accessTestCaseMainPhase(CommonExecutor.java:65)
	at com.kms.katalon.core.main.TestSuiteExecutor.accessTestSuiteMainPhase(TestSuiteExecutor.java:150)
	at com.kms.katalon.core.main.TestSuiteExecutor.execute(TestSuiteExecutor.java:106)
	at com.kms.katalon.core.main.TestCaseMain.startTestSuite(TestCaseMain.java:180)
	at TempTestSuite1733095732962.run(TempTestSuite1733095732962.groovy:35)
	at java.base/jdk.internal.reflect.NativeMethodAccessorImpl.invoke0(Native Method)
	at java.base/jdk.internal.reflect.NativeMethodAccessorImpl.invoke(NativeMethodAccessorImpl.java:77)
	at java.base/jdk.internal.reflect.DelegatingMethodAccessorImpl.invoke(DelegatingMethodAccessorImpl.java:43)
)

02-12-2024T04:34:59 - [MESSAGE][FAILED] - Unable to verify equal between actual object '9 375  200    80 86  264 2  67 185  111 57  216 48  161 20    16 41' and expected object '257  200    80 86  264 2  67 185  111 57  216 48  161 20    16 41' (Root cause: com.kms.katalon.core.exception.StepFailedException: Actual object '9 375  200    80 86  264 2  67 185  111 57  216 48  161 20    16 41' and expected object '257  200    80 86  264 2  67 185  111 57  216 48  161 20    16 41' are not equal
	at com.kms.katalon.core.keyword.builtin.VerifyEqualKeyword$_verifyEqual_closure1.doCall(VerifyEqualKeyword.groovy:58)
	at com.kms.katalon.core.keyword.builtin.VerifyEqualKeyword$_verifyEqual_closure1.call(VerifyEqualKeyword.groovy)
	at com.kms.katalon.core.keyword.internal.KeywordMain.runKeyword(KeywordMain.groovy:75)
	at com.kms.katalon.core.keyword.builtin.VerifyEqualKeyword.verifyEqual(VerifyEqualKeyword.groovy:63)
	at com.kms.katalon.core.keyword.builtin.VerifyEqualKeyword.execute(VerifyEqualKeyword.groovy:44)
	at com.kms.katalon.core.keyword.internal.KeywordExecutor.executeKeywordForPlatform(KeywordExecutor.groovy:74)
	at com.kms.katalon.core.keyword.BuiltinKeywords.verifyEqual(BuiltinKeywords.groovy:146)
	at jdk.internal.reflect.GeneratedMethodAccessor25.invoke(Unknown Source)
	at java.base/jdk.internal.reflect.DelegatingMethodAccessorImpl.invoke(DelegatingMethodAccessorImpl.java:43)
	at Факторный анализ сверка дашбордов.CompareDZO(Факторный анализ сверка дашбордов:695)
	at Факторный анализ сверка дашбордов.Test(Факторный анализ сверка дашбордов:633)
	at Факторный анализ сверка дашбордов.run(Факторный анализ сверка дашбордов:44)
	at com.kms.katalon.core.main.ScriptEngine.run(ScriptEngine.java:194)
	at com.kms.katalon.core.main.ScriptEngine.runScriptAsRawText(ScriptEngine.java:119)
	at com.kms.katalon.core.main.TestCaseExecutor.runScript(TestCaseExecutor.java:448)
	at com.kms.katalon.core.main.TestCaseExecutor.doExecute(TestCaseExecutor.java:439)
	at com.kms.katalon.core.main.TestCaseExecutor.processExecutionPhase(TestCaseExecutor.java:418)
	at com.kms.katalon.core.main.TestCaseExecutor.accessMainPhase(TestCaseExecutor.java:410)
	at com.kms.katalon.core.main.TestCaseExecutor.execute(TestCaseExecutor.java:285)
	at com.kms.katalon.core.common.CommonExecutor.accessTestCaseMainPhase(CommonExecutor.java:65)
	at com.kms.katalon.core.main.TestSuiteExecutor.accessTestSuiteMainPhase(TestSuiteExecutor.java:150)
	at com.kms.katalon.core.main.TestSuiteExecutor.execute(TestSuiteExecutor.java:106)
	at com.kms.katalon.core.main.TestCaseMain.startTestSuite(TestCaseMain.java:180)
	at TempTestSuite1733095732962.run(TempTestSuite1733095732962.groovy:35)
	at java.base/jdk.internal.reflect.NativeMethodAccessorImpl.invoke0(Native Method)
	at java.base/jdk.internal.reflect.NativeMethodAccessorImpl.invoke(NativeMethodAccessorImpl.java:77)
	at java.base/jdk.internal.reflect.DelegatingMethodAccessorImpl.invoke(DelegatingMethodAccessorImpl.java:43)
)

02-12-2024T04:34:59 - [TEST_STEP][PASSED] - else: null

02-12-2024T04:34:59 - [TEST_STEP][PASSED] - otobrajeniyeDannyh = "Все": null

02-12-2024T04:34:59 - [TEST_STEP][PASSED] - vidget = "Всего отклонения по факторам": null

02-12-2024T04:34:59 - [TEST_STEP][PASSED] - Script1719551244403.WriteToExcel(todaysDate, typeOfData, otobrajeniyeDannyh, x, y, vidget, DZO): null

02-12-2024T04:34:59 - [TEST_STEP][PASSED] - sheetName = "Sheet1": null

02-12-2024T04:34:59 - [TEST_STEP][PASSED] - data = findTestData("PlanFact"): null

02-12-2024T04:34:59 - [TEST_STEP][PASSED] - n = data.getRowNumbers() + 1: null

02-12-2024T04:34:59 - [TEST_STEP][PASSED] - period = getText(findTestObject("Факторный анализ/Фильтр Период")): Text of object 'Object Repository/Факторный анализ/Фильтр Период' is: 'Октябрь и 1, 2, 3 кв. 2024 года'

02-12-2024T04:34:59 - [MESSAGE][PASSED] - Text of object 'Object Repository/Факторный анализ/Фильтр Период' is: 'Октябрь и 1, 2, 3 кв. 2024 года'

02-12-2024T04:34:59 - [TEST_STEP][PASSED] - println(period): null

02-12-2024T04:34:59 - [TEST_STEP][PASSED] - dashboardName = "Факторный анализ": null

02-12-2024T04:34:59 - [TEST_STEP][PASSED] - workbook01 = getWorkbook(excelFilePath): null

02-12-2024T04:34:59 - [TEST_STEP][PASSED] - sheet01 = getExcelSheet(workbook01, sheetName): null

02-12-2024T04:34:59 - [TEST_STEP][PASSED] - setValueToCellByIndex(sheet01, n, 0, dashboardName): null

02-12-2024T04:34:59 - [TEST_STEP][PASSED] - setValueToCellByIndex(sheet01, n, 1, DZO): null

02-12-2024T04:34:59 - [TEST_STEP][PASSED] - setValueToCellByIndex(sheet01, n, 2, vidget): null

02-12-2024T04:34:59 - [TEST_STEP][PASSED] - setValueToCellByIndex(sheet01, n, 3, typeOfData): null

02-12-2024T04:34:59 - [TEST_STEP][PASSED] - setValueToCellByIndex(sheet01, n, 4, otobrajeniyeDannyh): null

02-12-2024T04:34:59 - [TEST_STEP][PASSED] - setValueToCellByIndex(sheet01, n, 5, period): null

02-12-2024T04:34:59 - [TEST_STEP][PASSED] - setValueToCellByIndex(sheet01, n, 6, todaysDate): null

02-12-2024T04:34:59 - [TEST_STEP][PASSED] - n = n + 1: null

02-12-2024T04:34:59 - [TEST_STEP][PASSED] - saveWorkbook(excelFilePath, workbook01): null

02-12-2024T04:35:00 - [TEST_STEP][PASSED] - DZO = "Россети Сибирь (ГК)": null

02-12-2024T04:35:00 - [TEST_STEP][PASSED] - Script1719551244403.CompareDZO(x = SiA, y = SiB, run, typeOfData, otobrajeniyeDannyh, todaysDate, vidget, DZO): null

02-12-2024T04:35:00 - [TEST_STEP][PASSED] - x1 = x: null

02-12-2024T04:35:00 - [TEST_STEP][PASSED] - y1 = y: null

02-12-2024T04:35:00 - [TEST_STEP][PASSED] - i1 = <not implemented yet for class: org.codehaus.groovy.ast.expr.EmptyExpression>: null

02-12-2024T04:35:00 - [TEST_STEP][PASSED] - if (verifyEqual(x, y) == true): null

02-12-2024T04:35:00 - [MESSAGE][PASSED] - Actual object '16 41     545 222  123 303 131 17 1 233  537  406 827 182 85 371  399 47 162' and expected object '16 41     545 222  123 303 131 17 1 233  537  406 827 182 85 371  399 47 162' are equal

02-12-2024T04:35:00 - [TEST_STEP][PASSED] - DZO = "Россети Томск": null

02-12-2024T04:35:00 - [TEST_STEP][PASSED] - Script1719551244403.CompareDZO(x = ToA, y = ToB, run, typeOfData, otobrajeniyeDannyh, todaysDate, vidget, DZO): null

02-12-2024T04:35:00 - [TEST_STEP][PASSED] - x1 = x: null

02-12-2024T04:35:00 - [TEST_STEP][PASSED] - y1 = y: null

02-12-2024T04:35:00 - [TEST_STEP][PASSED] - i1 = <not implemented yet for class: org.codehaus.groovy.ast.expr.EmptyExpression>: null

02-12-2024T04:35:00 - [TEST_STEP][FAILED] - if (verifyEqual(x, y) == true): Unable to verify equal between actual object '47 162     7 417  135' and expected object '47 162     373  135' (Root cause: com.kms.katalon.core.exception.StepFailedException: Actual object '47 162     7 417  135' and expected object '47 162     373  135' are not equal
	at com.kms.katalon.core.keyword.builtin.VerifyEqualKeyword$_verifyEqual_closure1.doCall(VerifyEqualKeyword.groovy:58)
	at com.kms.katalon.core.keyword.builtin.VerifyEqualKeyword$_verifyEqual_closure1.call(VerifyEqualKeyword.groovy)
	at com.kms.katalon.core.keyword.internal.KeywordMain.runKeyword(KeywordMain.groovy:75)
	at com.kms.katalon.core.keyword.builtin.VerifyEqualKeyword.verifyEqual(VerifyEqualKeyword.groovy:63)
	at com.kms.katalon.core.keyword.builtin.VerifyEqualKeyword.execute(VerifyEqualKeyword.groovy:44)
	at com.kms.katalon.core.keyword.internal.KeywordExecutor.executeKeywordForPlatform(KeywordExecutor.groovy:74)
	at com.kms.katalon.core.keyword.BuiltinKeywords.verifyEqual(BuiltinKeywords.groovy:146)
	at jdk.internal.reflect.GeneratedMethodAccessor25.invoke(Unknown Source)
	at java.base/jdk.internal.reflect.DelegatingMethodAccessorImpl.invoke(DelegatingMethodAccessorImpl.java:43)
	at Факторный анализ сверка дашбордов.CompareDZO(Факторный анализ сверка дашбордов:695)
	at Факторный анализ сверка дашбордов.Test(Факторный анализ сверка дашбордов:641)
	at Факторный анализ сверка дашбордов.run(Факторный анализ сверка дашбордов:44)
	at com.kms.katalon.core.main.ScriptEngine.run(ScriptEngine.java:194)
	at com.kms.katalon.core.main.ScriptEngine.runScriptAsRawText(ScriptEngine.java:119)
	at com.kms.katalon.core.main.TestCaseExecutor.runScript(TestCaseExecutor.java:448)
	at com.kms.katalon.core.main.TestCaseExecutor.doExecute(TestCaseExecutor.java:439)
	at com.kms.katalon.core.main.TestCaseExecutor.processExecutionPhase(TestCaseExecutor.java:418)
	at com.kms.katalon.core.main.TestCaseExecutor.accessMainPhase(TestCaseExecutor.java:410)
	at com.kms.katalon.core.main.TestCaseExecutor.execute(TestCaseExecutor.java:285)
	at com.kms.katalon.core.common.CommonExecutor.accessTestCaseMainPhase(CommonExecutor.java:65)
	at com.kms.katalon.core.main.TestSuiteExecutor.accessTestSuiteMainPhase(TestSuiteExecutor.java:150)
	at com.kms.katalon.core.main.TestSuiteExecutor.execute(TestSuiteExecutor.java:106)
	at com.kms.katalon.core.main.TestCaseMain.startTestSuite(TestCaseMain.java:180)
	at TempTestSuite1733095732962.run(TempTestSuite1733095732962.groovy:35)
	at java.base/jdk.internal.reflect.NativeMethodAccessorImpl.invoke0(Native Method)
	at java.base/jdk.internal.reflect.NativeMethodAccessorImpl.invoke(NativeMethodAccessorImpl.java:77)
	at java.base/jdk.internal.reflect.DelegatingMethodAccessorImpl.invoke(DelegatingMethodAccessorImpl.java:43)
)

02-12-2024T04:35:00 - [MESSAGE][FAILED] - Unable to verify equal between actual object '47 162     7 417  135' and expected object '47 162     373  135' (Root cause: com.kms.katalon.core.exception.StepFailedException: Actual object '47 162     7 417  135' and expected object '47 162     373  135' are not equal
	at com.kms.katalon.core.keyword.builtin.VerifyEqualKeyword$_verifyEqual_closure1.doCall(VerifyEqualKeyword.groovy:58)
	at com.kms.katalon.core.keyword.builtin.VerifyEqualKeyword$_verifyEqual_closure1.call(VerifyEqualKeyword.groovy)
	at com.kms.katalon.core.keyword.internal.KeywordMain.runKeyword(KeywordMain.groovy:75)
	at com.kms.katalon.core.keyword.builtin.VerifyEqualKeyword.verifyEqual(VerifyEqualKeyword.groovy:63)
	at com.kms.katalon.core.keyword.builtin.VerifyEqualKeyword.execute(VerifyEqualKeyword.groovy:44)
	at com.kms.katalon.core.keyword.internal.KeywordExecutor.executeKeywordForPlatform(KeywordExecutor.groovy:74)
	at com.kms.katalon.core.keyword.BuiltinKeywords.verifyEqual(BuiltinKeywords.groovy:146)
	at jdk.internal.reflect.GeneratedMethodAccessor25.invoke(Unknown Source)
	at java.base/jdk.internal.reflect.DelegatingMethodAccessorImpl.invoke(DelegatingMethodAccessorImpl.java:43)
	at Факторный анализ сверка дашбордов.CompareDZO(Факторный анализ сверка дашбордов:695)
	at Факторный анализ сверка дашбордов.Test(Факторный анализ сверка дашбордов:641)
	at Факторный анализ сверка дашбордов.run(Факторный анализ сверка дашбордов:44)
	at com.kms.katalon.core.main.ScriptEngine.run(ScriptEngine.java:194)
	at com.kms.katalon.core.main.ScriptEngine.runScriptAsRawText(ScriptEngine.java:119)
	at com.kms.katalon.core.main.TestCaseExecutor.runScript(TestCaseExecutor.java:448)
	at com.kms.katalon.core.main.TestCaseExecutor.doExecute(TestCaseExecutor.java:439)
	at com.kms.katalon.core.main.TestCaseExecutor.processExecutionPhase(TestCaseExecutor.java:418)
	at com.kms.katalon.core.main.TestCaseExecutor.accessMainPhase(TestCaseExecutor.java:410)
	at com.kms.katalon.core.main.TestCaseExecutor.execute(TestCaseExecutor.java:285)
	at com.kms.katalon.core.common.CommonExecutor.accessTestCaseMainPhase(CommonExecutor.java:65)
	at com.kms.katalon.core.main.TestSuiteExecutor.accessTestSuiteMainPhase(TestSuiteExecutor.java:150)
	at com.kms.katalon.core.main.TestSuiteExecutor.execute(TestSuiteExecutor.java:106)
	at com.kms.katalon.core.main.TestCaseMain.startTestSuite(TestCaseMain.java:180)
	at TempTestSuite1733095732962.run(TempTestSuite1733095732962.groovy:35)
	at java.base/jdk.internal.reflect.NativeMethodAccessorImpl.invoke0(Native Method)
	at java.base/jdk.internal.reflect.NativeMethodAccessorImpl.invoke(NativeMethodAccessorImpl.java:77)
	at java.base/jdk.internal.reflect.DelegatingMethodAccessorImpl.invoke(DelegatingMethodAccessorImpl.java:43)
)

02-12-2024T04:35:00 - [TEST_STEP][PASSED] - else: null

02-12-2024T04:35:00 - [TEST_STEP][PASSED] - otobrajeniyeDannyh = "Все": null

02-12-2024T04:35:00 - [TEST_STEP][PASSED] - vidget = "Всего отклонения по факторам": null

02-12-2024T04:35:00 - [TEST_STEP][PASSED] - Script1719551244403.WriteToExcel(todaysDate, typeOfData, otobrajeniyeDannyh, x, y, vidget, DZO): null

02-12-2024T04:35:00 - [TEST_STEP][PASSED] - sheetName = "Sheet1": null

02-12-2024T04:35:00 - [TEST_STEP][PASSED] - data = findTestData("PlanFact"): null

02-12-2024T04:35:00 - [TEST_STEP][PASSED] - n = data.getRowNumbers() + 1: null

02-12-2024T04:35:00 - [TEST_STEP][PASSED] - period = getText(findTestObject("Факторный анализ/Фильтр Период")): Text of object 'Object Repository/Факторный анализ/Фильтр Период' is: 'Октябрь и 1, 2, 3 кв. 2024 года'

02-12-2024T04:35:00 - [MESSAGE][PASSED] - Text of object 'Object Repository/Факторный анализ/Фильтр Период' is: 'Октябрь и 1, 2, 3 кв. 2024 года'

02-12-2024T04:35:00 - [TEST_STEP][PASSED] - println(period): null

02-12-2024T04:35:00 - [TEST_STEP][PASSED] - dashboardName = "Факторный анализ": null

02-12-2024T04:35:00 - [TEST_STEP][PASSED] - workbook01 = getWorkbook(excelFilePath): null

02-12-2024T04:35:00 - [TEST_STEP][PASSED] - sheet01 = getExcelSheet(workbook01, sheetName): null

02-12-2024T04:35:00 - [TEST_STEP][PASSED] - setValueToCellByIndex(sheet01, n, 0, dashboardName): null

02-12-2024T04:35:00 - [TEST_STEP][PASSED] - setValueToCellByIndex(sheet01, n, 1, DZO): null

02-12-2024T04:35:00 - [TEST_STEP][PASSED] - setValueToCellByIndex(sheet01, n, 2, vidget): null

02-12-2024T04:35:00 - [TEST_STEP][PASSED] - setValueToCellByIndex(sheet01, n, 3, typeOfData): null

02-12-2024T04:35:00 - [TEST_STEP][PASSED] - setValueToCellByIndex(sheet01, n, 4, otobrajeniyeDannyh): null

02-12-2024T04:35:00 - [TEST_STEP][PASSED] - setValueToCellByIndex(sheet01, n, 5, period): null

02-12-2024T04:35:00 - [TEST_STEP][PASSED] - setValueToCellByIndex(sheet01, n, 6, todaysDate): null

02-12-2024T04:35:00 - [TEST_STEP][PASSED] - n = n + 1: null

02-12-2024T04:35:00 - [TEST_STEP][PASSED] - saveWorkbook(excelFilePath, workbook01): null

02-12-2024T04:35:00 - [TEST_STEP][PASSED] - DZO = "Россети Тюмень": null

02-12-2024T04:35:00 - [TEST_STEP][PASSED] - Script1719551244403.CompareDZO(x = TyuA, y = TyuB, run, typeOfData, otobrajeniyeDannyh, todaysDate, vidget, DZO): null

02-12-2024T04:35:00 - [TEST_STEP][PASSED] - x1 = x: null

02-12-2024T04:35:00 - [TEST_STEP][PASSED] - y1 = y: null

02-12-2024T04:35:00 - [TEST_STEP][PASSED] - i1 = <not implemented yet for class: org.codehaus.groovy.ast.expr.EmptyExpression>: null

02-12-2024T04:35:00 - [TEST_STEP][FAILED] - if (verifyEqual(x, y) == true): Unable to verify equal between actual object '7 417  135' and expected object '373  135' (Root cause: com.kms.katalon.core.exception.StepFailedException: Actual object '7 417  135' and expected object '373  135' are not equal
	at com.kms.katalon.core.keyword.builtin.VerifyEqualKeyword$_verifyEqual_closure1.doCall(VerifyEqualKeyword.groovy:58)
	at com.kms.katalon.core.keyword.builtin.VerifyEqualKeyword$_verifyEqual_closure1.call(VerifyEqualKeyword.groovy)
	at com.kms.katalon.core.keyword.internal.KeywordMain.runKeyword(KeywordMain.groovy:75)
	at com.kms.katalon.core.keyword.builtin.VerifyEqualKeyword.verifyEqual(VerifyEqualKeyword.groovy:63)
	at com.kms.katalon.core.keyword.builtin.VerifyEqualKeyword.execute(VerifyEqualKeyword.groovy:44)
	at com.kms.katalon.core.keyword.internal.KeywordExecutor.executeKeywordForPlatform(KeywordExecutor.groovy:74)
	at com.kms.katalon.core.keyword.BuiltinKeywords.verifyEqual(BuiltinKeywords.groovy:146)
	at jdk.internal.reflect.GeneratedMethodAccessor25.invoke(Unknown Source)
	at java.base/jdk.internal.reflect.DelegatingMethodAccessorImpl.invoke(DelegatingMethodAccessorImpl.java:43)
	at Факторный анализ сверка дашбордов.CompareDZO(Факторный анализ сверка дашбордов:695)
	at Факторный анализ сверка дашбордов.Test(Факторный анализ сверка дашбордов:645)
	at Факторный анализ сверка дашбордов.run(Факторный анализ сверка дашбордов:44)
	at com.kms.katalon.core.main.ScriptEngine.run(ScriptEngine.java:194)
	at com.kms.katalon.core.main.ScriptEngine.runScriptAsRawText(ScriptEngine.java:119)
	at com.kms.katalon.core.main.TestCaseExecutor.runScript(TestCaseExecutor.java:448)
	at com.kms.katalon.core.main.TestCaseExecutor.doExecute(TestCaseExecutor.java:439)
	at com.kms.katalon.core.main.TestCaseExecutor.processExecutionPhase(TestCaseExecutor.java:418)
	at com.kms.katalon.core.main.TestCaseExecutor.accessMainPhase(TestCaseExecutor.java:410)
	at com.kms.katalon.core.main.TestCaseExecutor.execute(TestCaseExecutor.java:285)
	at com.kms.katalon.core.common.CommonExecutor.accessTestCaseMainPhase(CommonExecutor.java:65)
	at com.kms.katalon.core.main.TestSuiteExecutor.accessTestSuiteMainPhase(TestSuiteExecutor.java:150)
	at com.kms.katalon.core.main.TestSuiteExecutor.execute(TestSuiteExecutor.java:106)
	at com.kms.katalon.core.main.TestCaseMain.startTestSuite(TestCaseMain.java:180)
	at TempTestSuite1733095732962.run(TempTestSuite1733095732962.groovy:35)
	at java.base/jdk.internal.reflect.NativeMethodAccessorImpl.invoke0(Native Method)
	at java.base/jdk.internal.reflect.NativeMethodAccessorImpl.invoke(NativeMethodAccessorImpl.java:77)
	at java.base/jdk.internal.reflect.DelegatingMethodAccessorImpl.invoke(DelegatingMethodAccessorImpl.java:43)
)

02-12-2024T04:35:00 - [MESSAGE][FAILED] - Unable to verify equal between actual object '7 417  135' and expected object '373  135' (Root cause: com.kms.katalon.core.exception.StepFailedException: Actual object '7 417  135' and expected object '373  135' are not equal
	at com.kms.katalon.core.keyword.builtin.VerifyEqualKeyword$_verifyEqual_closure1.doCall(VerifyEqualKeyword.groovy:58)
	at com.kms.katalon.core.keyword.builtin.VerifyEqualKeyword$_verifyEqual_closure1.call(VerifyEqualKeyword.groovy)
	at com.kms.katalon.core.keyword.internal.KeywordMain.runKeyword(KeywordMain.groovy:75)
	at com.kms.katalon.core.keyword.builtin.VerifyEqualKeyword.verifyEqual(VerifyEqualKeyword.groovy:63)
	at com.kms.katalon.core.keyword.builtin.VerifyEqualKeyword.execute(VerifyEqualKeyword.groovy:44)
	at com.kms.katalon.core.keyword.internal.KeywordExecutor.executeKeywordForPlatform(KeywordExecutor.groovy:74)
	at com.kms.katalon.core.keyword.BuiltinKeywords.verifyEqual(BuiltinKeywords.groovy:146)
	at jdk.internal.reflect.GeneratedMethodAccessor25.invoke(Unknown Source)
	at java.base/jdk.internal.reflect.DelegatingMethodAccessorImpl.invoke(DelegatingMethodAccessorImpl.java:43)
	at Факторный анализ сверка дашбордов.CompareDZO(Факторный анализ сверка дашбордов:695)
	at Факторный анализ сверка дашбордов.Test(Факторный анализ сверка дашбордов:645)
	at Факторный анализ сверка дашбордов.run(Факторный анализ сверка дашбордов:44)
	at com.kms.katalon.core.main.ScriptEngine.run(ScriptEngine.java:194)
	at com.kms.katalon.core.main.ScriptEngine.runScriptAsRawText(ScriptEngine.java:119)
	at com.kms.katalon.core.main.TestCaseExecutor.runScript(TestCaseExecutor.java:448)
	at com.kms.katalon.core.main.TestCaseExecutor.doExecute(TestCaseExecutor.java:439)
	at com.kms.katalon.core.main.TestCaseExecutor.processExecutionPhase(TestCaseExecutor.java:418)
	at com.kms.katalon.core.main.TestCaseExecutor.accessMainPhase(TestCaseExecutor.java:410)
	at com.kms.katalon.core.main.TestCaseExecutor.execute(TestCaseExecutor.java:285)
	at com.kms.katalon.core.common.CommonExecutor.accessTestCaseMainPhase(CommonExecutor.java:65)
	at com.kms.katalon.core.main.TestSuiteExecutor.accessTestSuiteMainPhase(TestSuiteExecutor.java:150)
	at com.kms.katalon.core.main.TestSuiteExecutor.execute(TestSuiteExecutor.java:106)
	at com.kms.katalon.core.main.TestCaseMain.startTestSuite(TestCaseMain.java:180)
	at TempTestSuite1733095732962.run(TempTestSuite1733095732962.groovy:35)
	at java.base/jdk.internal.reflect.NativeMethodAccessorImpl.invoke0(Native Method)
	at java.base/jdk.internal.reflect.NativeMethodAccessorImpl.invoke(NativeMethodAccessorImpl.java:77)
	at java.base/jdk.internal.reflect.DelegatingMethodAccessorImpl.invoke(DelegatingMethodAccessorImpl.java:43)
)

02-12-2024T04:35:00 - [TEST_STEP][PASSED] - else: null

02-12-2024T04:35:00 - [TEST_STEP][PASSED] - otobrajeniyeDannyh = "Все": null

02-12-2024T04:35:00 - [TEST_STEP][PASSED] - vidget = "Всего отклонения по факторам": null

02-12-2024T04:35:00 - [TEST_STEP][PASSED] - Script1719551244403.WriteToExcel(todaysDate, typeOfData, otobrajeniyeDannyh, x, y, vidget, DZO): null

02-12-2024T04:35:00 - [TEST_STEP][PASSED] - sheetName = "Sheet1": null

02-12-2024T04:35:00 - [TEST_STEP][PASSED] - data = findTestData("PlanFact"): null

02-12-2024T04:35:00 - [TEST_STEP][PASSED] - n = data.getRowNumbers() + 1: null

02-12-2024T04:35:00 - [TEST_STEP][PASSED] - period = getText(findTestObject("Факторный анализ/Фильтр Период")): Text of object 'Object Repository/Факторный анализ/Фильтр Период' is: 'Октябрь и 1, 2, 3 кв. 2024 года'

02-12-2024T04:35:01 - [MESSAGE][PASSED] - Text of object 'Object Repository/Факторный анализ/Фильтр Период' is: 'Октябрь и 1, 2, 3 кв. 2024 года'

02-12-2024T04:35:01 - [TEST_STEP][PASSED] - println(period): null

02-12-2024T04:35:01 - [TEST_STEP][PASSED] - dashboardName = "Факторный анализ": null

02-12-2024T04:35:01 - [TEST_STEP][PASSED] - workbook01 = getWorkbook(excelFilePath): null

02-12-2024T04:35:01 - [TEST_STEP][PASSED] - sheet01 = getExcelSheet(workbook01, sheetName): null

02-12-2024T04:35:01 - [TEST_STEP][PASSED] - setValueToCellByIndex(sheet01, n, 0, dashboardName): null

02-12-2024T04:35:01 - [TEST_STEP][PASSED] - setValueToCellByIndex(sheet01, n, 1, DZO): null

02-12-2024T04:35:01 - [TEST_STEP][PASSED] - setValueToCellByIndex(sheet01, n, 2, vidget): null

02-12-2024T04:35:01 - [TEST_STEP][PASSED] - setValueToCellByIndex(sheet01, n, 3, typeOfData): null

02-12-2024T04:35:01 - [TEST_STEP][PASSED] - setValueToCellByIndex(sheet01, n, 4, otobrajeniyeDannyh): null

02-12-2024T04:35:01 - [TEST_STEP][PASSED] - setValueToCellByIndex(sheet01, n, 5, period): null

02-12-2024T04:35:01 - [TEST_STEP][PASSED] - setValueToCellByIndex(sheet01, n, 6, todaysDate): null

02-12-2024T04:35:01 - [TEST_STEP][PASSED] - n = n + 1: null

02-12-2024T04:35:01 - [TEST_STEP][PASSED] - saveWorkbook(excelFilePath, workbook01): null

02-12-2024T04:35:01 - [TEST_STEP][PASSED] - DZO = "Россети Урал (ГК)": null

02-12-2024T04:35:01 - [TEST_STEP][PASSED] - Script1719551244403.CompareDZO(x = UrA, y = UrB, run, typeOfData, otobrajeniyeDannyh, todaysDate, vidget, DZO): null

02-12-2024T04:35:01 - [TEST_STEP][PASSED] - x1 = x: null

02-12-2024T04:35:01 - [TEST_STEP][PASSED] - y1 = y: null

02-12-2024T04:35:01 - [TEST_STEP][PASSED] - i1 = <not implemented yet for class: org.codehaus.groovy.ast.expr.EmptyExpression>: null

02-12-2024T04:35:01 - [TEST_STEP][FAILED] - if (verifyEqual(x, y) == true): Unable to verify equal between actual object '73 665  565    631  215 891 277 1 051  680' and expected object '4 542  565    631  215 891 277 1 051  680' (Root cause: com.kms.katalon.core.exception.StepFailedException: Actual object '73 665  565    631  215 891 277 1 051  680' and expected object '4 542  565    631  215 891 277 1 051  680' are not equal
	at com.kms.katalon.core.keyword.builtin.VerifyEqualKeyword$_verifyEqual_closure1.doCall(VerifyEqualKeyword.groovy:58)
	at com.kms.katalon.core.keyword.builtin.VerifyEqualKeyword$_verifyEqual_closure1.call(VerifyEqualKeyword.groovy)
	at com.kms.katalon.core.keyword.internal.KeywordMain.runKeyword(KeywordMain.groovy:75)
	at com.kms.katalon.core.keyword.builtin.VerifyEqualKeyword.verifyEqual(VerifyEqualKeyword.groovy:63)
	at com.kms.katalon.core.keyword.builtin.VerifyEqualKeyword.execute(VerifyEqualKeyword.groovy:44)
	at com.kms.katalon.core.keyword.internal.KeywordExecutor.executeKeywordForPlatform(KeywordExecutor.groovy:74)
	at com.kms.katalon.core.keyword.BuiltinKeywords.verifyEqual(BuiltinKeywords.groovy:146)
	at jdk.internal.reflect.GeneratedMethodAccessor25.invoke(Unknown Source)
	at java.base/jdk.internal.reflect.DelegatingMethodAccessorImpl.invoke(DelegatingMethodAccessorImpl.java:43)
	at Факторный анализ сверка дашбордов.CompareDZO(Факторный анализ сверка дашбордов:695)
	at Факторный анализ сверка дашбордов.Test(Факторный анализ сверка дашбордов:649)
	at Факторный анализ сверка дашбордов.run(Факторный анализ сверка дашбордов:44)
	at com.kms.katalon.core.main.ScriptEngine.run(ScriptEngine.java:194)
	at com.kms.katalon.core.main.ScriptEngine.runScriptAsRawText(ScriptEngine.java:119)
	at com.kms.katalon.core.main.TestCaseExecutor.runScript(TestCaseExecutor.java:448)
	at com.kms.katalon.core.main.TestCaseExecutor.doExecute(TestCaseExecutor.java:439)
	at com.kms.katalon.core.main.TestCaseExecutor.processExecutionPhase(TestCaseExecutor.java:418)
	at com.kms.katalon.core.main.TestCaseExecutor.accessMainPhase(TestCaseExecutor.java:410)
	at com.kms.katalon.core.main.TestCaseExecutor.execute(TestCaseExecutor.java:285)
	at com.kms.katalon.core.common.CommonExecutor.accessTestCaseMainPhase(CommonExecutor.java:65)
	at com.kms.katalon.core.main.TestSuiteExecutor.accessTestSuiteMainPhase(TestSuiteExecutor.java:150)
	at com.kms.katalon.core.main.TestSuiteExecutor.execute(TestSuiteExecutor.java:106)
	at com.kms.katalon.core.main.TestCaseMain.startTestSuite(TestCaseMain.java:180)
	at TempTestSuite1733095732962.run(TempTestSuite1733095732962.groovy:35)
	at java.base/jdk.internal.reflect.NativeMethodAccessorImpl.invoke0(Native Method)
	at java.base/jdk.internal.reflect.NativeMethodAccessorImpl.invoke(NativeMethodAccessorImpl.java:77)
	at java.base/jdk.internal.reflect.DelegatingMethodAccessorImpl.invoke(DelegatingMethodAccessorImpl.java:43)
)

02-12-2024T04:35:01 - [MESSAGE][FAILED] - Unable to verify equal between actual object '73 665  565    631  215 891 277 1 051  680' and expected object '4 542  565    631  215 891 277 1 051  680' (Root cause: com.kms.katalon.core.exception.StepFailedException: Actual object '73 665  565    631  215 891 277 1 051  680' and expected object '4 542  565    631  215 891 277 1 051  680' are not equal
	at com.kms.katalon.core.keyword.builtin.VerifyEqualKeyword$_verifyEqual_closure1.doCall(VerifyEqualKeyword.groovy:58)
	at com.kms.katalon.core.keyword.builtin.VerifyEqualKeyword$_verifyEqual_closure1.call(VerifyEqualKeyword.groovy)
	at com.kms.katalon.core.keyword.internal.KeywordMain.runKeyword(KeywordMain.groovy:75)
	at com.kms.katalon.core.keyword.builtin.VerifyEqualKeyword.verifyEqual(VerifyEqualKeyword.groovy:63)
	at com.kms.katalon.core.keyword.builtin.VerifyEqualKeyword.execute(VerifyEqualKeyword.groovy:44)
	at com.kms.katalon.core.keyword.internal.KeywordExecutor.executeKeywordForPlatform(KeywordExecutor.groovy:74)
	at com.kms.katalon.core.keyword.BuiltinKeywords.verifyEqual(BuiltinKeywords.groovy:146)
	at jdk.internal.reflect.GeneratedMethodAccessor25.invoke(Unknown Source)
	at java.base/jdk.internal.reflect.DelegatingMethodAccessorImpl.invoke(DelegatingMethodAccessorImpl.java:43)
	at Факторный анализ сверка дашбордов.CompareDZO(Факторный анализ сверка дашбордов:695)
	at Факторный анализ сверка дашбордов.Test(Факторный анализ сверка дашбордов:649)
	at Факторный анализ сверка дашбордов.run(Факторный анализ сверка дашбордов:44)
	at com.kms.katalon.core.main.ScriptEngine.run(ScriptEngine.java:194)
	at com.kms.katalon.core.main.ScriptEngine.runScriptAsRawText(ScriptEngine.java:119)
	at com.kms.katalon.core.main.TestCaseExecutor.runScript(TestCaseExecutor.java:448)
	at com.kms.katalon.core.main.TestCaseExecutor.doExecute(TestCaseExecutor.java:439)
	at com.kms.katalon.core.main.TestCaseExecutor.processExecutionPhase(TestCaseExecutor.java:418)
	at com.kms.katalon.core.main.TestCaseExecutor.accessMainPhase(TestCaseExecutor.java:410)
	at com.kms.katalon.core.main.TestCaseExecutor.execute(TestCaseExecutor.java:285)
	at com.kms.katalon.core.common.CommonExecutor.accessTestCaseMainPhase(CommonExecutor.java:65)
	at com.kms.katalon.core.main.TestSuiteExecutor.accessTestSuiteMainPhase(TestSuiteExecutor.java:150)
	at com.kms.katalon.core.main.TestSuiteExecutor.execute(TestSuiteExecutor.java:106)
	at com.kms.katalon.core.main.TestCaseMain.startTestSuite(TestCaseMain.java:180)
	at TempTestSuite1733095732962.run(TempTestSuite1733095732962.groovy:35)
	at java.base/jdk.internal.reflect.NativeMethodAccessorImpl.invoke0(Native Method)
	at java.base/jdk.internal.reflect.NativeMethodAccessorImpl.invoke(NativeMethodAccessorImpl.java:77)
	at java.base/jdk.internal.reflect.DelegatingMethodAccessorImpl.invoke(DelegatingMethodAccessorImpl.java:43)
)

02-12-2024T04:35:01 - [TEST_STEP][PASSED] - else: null

02-12-2024T04:35:01 - [TEST_STEP][PASSED] - otobrajeniyeDannyh = "Все": null

02-12-2024T04:35:01 - [TEST_STEP][PASSED] - vidget = "Всего отклонения по факторам": null

02-12-2024T04:35:01 - [TEST_STEP][PASSED] - Script1719551244403.WriteToExcel(todaysDate, typeOfData, otobrajeniyeDannyh, x, y, vidget, DZO): null

02-12-2024T04:35:01 - [TEST_STEP][PASSED] - sheetName = "Sheet1": null

02-12-2024T04:35:01 - [TEST_STEP][PASSED] - data = findTestData("PlanFact"): null

02-12-2024T04:35:01 - [TEST_STEP][PASSED] - n = data.getRowNumbers() + 1: null

02-12-2024T04:35:01 - [TEST_STEP][PASSED] - period = getText(findTestObject("Факторный анализ/Фильтр Период")): Text of object 'Object Repository/Факторный анализ/Фильтр Период' is: 'Октябрь и 1, 2, 3 кв. 2024 года'

02-12-2024T04:35:01 - [MESSAGE][PASSED] - Text of object 'Object Repository/Факторный анализ/Фильтр Период' is: 'Октябрь и 1, 2, 3 кв. 2024 года'

02-12-2024T04:35:01 - [TEST_STEP][PASSED] - println(period): null

02-12-2024T04:35:01 - [TEST_STEP][PASSED] - dashboardName = "Факторный анализ": null

02-12-2024T04:35:01 - [TEST_STEP][PASSED] - workbook01 = getWorkbook(excelFilePath): null

02-12-2024T04:35:01 - [TEST_STEP][PASSED] - sheet01 = getExcelSheet(workbook01, sheetName): null

02-12-2024T04:35:01 - [TEST_STEP][PASSED] - setValueToCellByIndex(sheet01, n, 0, dashboardName): null

02-12-2024T04:35:01 - [TEST_STEP][PASSED] - setValueToCellByIndex(sheet01, n, 1, DZO): null

02-12-2024T04:35:01 - [TEST_STEP][PASSED] - setValueToCellByIndex(sheet01, n, 2, vidget): null

02-12-2024T04:35:01 - [TEST_STEP][PASSED] - setValueToCellByIndex(sheet01, n, 3, typeOfData): null

02-12-2024T04:35:01 - [TEST_STEP][PASSED] - setValueToCellByIndex(sheet01, n, 4, otobrajeniyeDannyh): null

02-12-2024T04:35:01 - [TEST_STEP][PASSED] - setValueToCellByIndex(sheet01, n, 5, period): null

02-12-2024T04:35:01 - [TEST_STEP][PASSED] - setValueToCellByIndex(sheet01, n, 6, todaysDate): null

02-12-2024T04:35:01 - [TEST_STEP][PASSED] - n = n + 1: null

02-12-2024T04:35:01 - [TEST_STEP][PASSED] - saveWorkbook(excelFilePath, workbook01): null

02-12-2024T04:35:02 - [TEST_STEP][PASSED] - DZO = "Россети ФСК ЕЭС": null

02-12-2024T04:35:02 - [TEST_STEP][PASSED] - Script1719551244403.CompareDZO(x = FSKA, y = FSKB, run, typeOfData, otobrajeniyeDannyh, todaysDate, vidget, DZO): null

02-12-2024T04:35:02 - [TEST_STEP][PASSED] - x1 = x: null

02-12-2024T04:35:02 - [TEST_STEP][PASSED] - y1 = y: null

02-12-2024T04:35:02 - [TEST_STEP][PASSED] - i1 = <not implemented yet for class: org.codehaus.groovy.ast.expr.EmptyExpression>: null

02-12-2024T04:35:02 - [TEST_STEP][PASSED] - if (verifyEqual(x, y) == true): null

02-12-2024T04:35:02 - [MESSAGE][PASSED] - Actual object '1 051  680       18 111 6 233' and expected object '1 051  680       18 111 6 233' are equal

02-12-2024T04:35:02 - [TEST_STEP][PASSED] - DZO = "Центр": null

02-12-2024T04:35:02 - [TEST_STEP][PASSED] - Script1719551244403.CompareDZO(x = CenA, y = CenB, run, typeOfData, otobrajeniyeDannyh, todaysDate, vidget, DZO): null

02-12-2024T04:35:02 - [TEST_STEP][PASSED] - x1 = x: null

02-12-2024T04:35:02 - [TEST_STEP][PASSED] - y1 = y: null

02-12-2024T04:35:02 - [TEST_STEP][PASSED] - i1 = <not implemented yet for class: org.codehaus.groovy.ast.expr.EmptyExpression>: null

02-12-2024T04:35:02 - [TEST_STEP][FAILED] - if (verifyEqual(x, y) == true): Unable to verify equal between actual object '18 111 6 233   321 125 5 112 27 13 856 181 102 4 2 444 151 805  346 4 049 34 7 617 42 5 959 2  740 57 6 294 65' and expected object '18 111 6 233   321 125 72 19 633 138 102 4 45 92 805  346 160 31 54 42 298 2  740 57 584 12' (Root cause: com.kms.katalon.core.exception.StepFailedException: Actual object '18 111 6 233   321 125 5 112 27 13 856 181 102 4 2 444 151 805  346 4 049 34 7 617 42 5 959 2  740 57 6 294 65' and expected object '18 111 6 233   321 125 72 19 633 138 102 4 45 92 805  346 160 31 54 42 298 2  740 57 584 12' are not equal
	at com.kms.katalon.core.keyword.builtin.VerifyEqualKeyword$_verifyEqual_closure1.doCall(VerifyEqualKeyword.groovy:58)
	at com.kms.katalon.core.keyword.builtin.VerifyEqualKeyword$_verifyEqual_closure1.call(VerifyEqualKeyword.groovy)
	at com.kms.katalon.core.keyword.internal.KeywordMain.runKeyword(KeywordMain.groovy:75)
	at com.kms.katalon.core.keyword.builtin.VerifyEqualKeyword.verifyEqual(VerifyEqualKeyword.groovy:63)
	at com.kms.katalon.core.keyword.builtin.VerifyEqualKeyword.execute(VerifyEqualKeyword.groovy:44)
	at com.kms.katalon.core.keyword.internal.KeywordExecutor.executeKeywordForPlatform(KeywordExecutor.groovy:74)
	at com.kms.katalon.core.keyword.BuiltinKeywords.verifyEqual(BuiltinKeywords.groovy:146)
	at jdk.internal.reflect.GeneratedMethodAccessor25.invoke(Unknown Source)
	at java.base/jdk.internal.reflect.DelegatingMethodAccessorImpl.invoke(DelegatingMethodAccessorImpl.java:43)
	at Факторный анализ сверка дашбордов.CompareDZO(Факторный анализ сверка дашбордов:695)
	at Факторный анализ сверка дашбордов.Test(Факторный анализ сверка дашбордов:657)
	at Факторный анализ сверка дашбордов.run(Факторный анализ сверка дашбордов:44)
	at com.kms.katalon.core.main.ScriptEngine.run(ScriptEngine.java:194)
	at com.kms.katalon.core.main.ScriptEngine.runScriptAsRawText(ScriptEngine.java:119)
	at com.kms.katalon.core.main.TestCaseExecutor.runScript(TestCaseExecutor.java:448)
	at com.kms.katalon.core.main.TestCaseExecutor.doExecute(TestCaseExecutor.java:439)
	at com.kms.katalon.core.main.TestCaseExecutor.processExecutionPhase(TestCaseExecutor.java:418)
	at com.kms.katalon.core.main.TestCaseExecutor.accessMainPhase(TestCaseExecutor.java:410)
	at com.kms.katalon.core.main.TestCaseExecutor.execute(TestCaseExecutor.java:285)
	at com.kms.katalon.core.common.CommonExecutor.accessTestCaseMainPhase(CommonExecutor.java:65)
	at com.kms.katalon.core.main.TestSuiteExecutor.accessTestSuiteMainPhase(TestSuiteExecutor.java:150)
	at com.kms.katalon.core.main.TestSuiteExecutor.execute(TestSuiteExecutor.java:106)
	at com.kms.katalon.core.main.TestCaseMain.startTestSuite(TestCaseMain.java:180)
	at TempTestSuite1733095732962.run(TempTestSuite1733095732962.groovy:35)
	at java.base/jdk.internal.reflect.NativeMethodAccessorImpl.invoke0(Native Method)
	at java.base/jdk.internal.reflect.NativeMethodAccessorImpl.invoke(NativeMethodAccessorImpl.java:77)
	at java.base/jdk.internal.reflect.DelegatingMethodAccessorImpl.invoke(DelegatingMethodAccessorImpl.java:43)
)

02-12-2024T04:35:02 - [MESSAGE][FAILED] - Unable to verify equal between actual object '18 111 6 233   321 125 5 112 27 13 856 181 102 4 2 444 151 805  346 4 049 34 7 617 42 5 959 2  740 57 6 294 65' and expected object '18 111 6 233   321 125 72 19 633 138 102 4 45 92 805  346 160 31 54 42 298 2  740 57 584 12' (Root cause: com.kms.katalon.core.exception.StepFailedException: Actual object '18 111 6 233   321 125 5 112 27 13 856 181 102 4 2 444 151 805  346 4 049 34 7 617 42 5 959 2  740 57 6 294 65' and expected object '18 111 6 233   321 125 72 19 633 138 102 4 45 92 805  346 160 31 54 42 298 2  740 57 584 12' are not equal
	at com.kms.katalon.core.keyword.builtin.VerifyEqualKeyword$_verifyEqual_closure1.doCall(VerifyEqualKeyword.groovy:58)
	at com.kms.katalon.core.keyword.builtin.VerifyEqualKeyword$_verifyEqual_closure1.call(VerifyEqualKeyword.groovy)
	at com.kms.katalon.core.keyword.internal.KeywordMain.runKeyword(KeywordMain.groovy:75)
	at com.kms.katalon.core.keyword.builtin.VerifyEqualKeyword.verifyEqual(VerifyEqualKeyword.groovy:63)
	at com.kms.katalon.core.keyword.builtin.VerifyEqualKeyword.execute(VerifyEqualKeyword.groovy:44)
	at com.kms.katalon.core.keyword.internal.KeywordExecutor.executeKeywordForPlatform(KeywordExecutor.groovy:74)
	at com.kms.katalon.core.keyword.BuiltinKeywords.verifyEqual(BuiltinKeywords.groovy:146)
	at jdk.internal.reflect.GeneratedMethodAccessor25.invoke(Unknown Source)
	at java.base/jdk.internal.reflect.DelegatingMethodAccessorImpl.invoke(DelegatingMethodAccessorImpl.java:43)
	at Факторный анализ сверка дашбордов.CompareDZO(Факторный анализ сверка дашбордов:695)
	at Факторный анализ сверка дашбордов.Test(Факторный анализ сверка дашбордов:657)
	at Факторный анализ сверка дашбордов.run(Факторный анализ сверка дашбордов:44)
	at com.kms.katalon.core.main.ScriptEngine.run(ScriptEngine.java:194)
	at com.kms.katalon.core.main.ScriptEngine.runScriptAsRawText(ScriptEngine.java:119)
	at com.kms.katalon.core.main.TestCaseExecutor.runScript(TestCaseExecutor.java:448)
	at com.kms.katalon.core.main.TestCaseExecutor.doExecute(TestCaseExecutor.java:439)
	at com.kms.katalon.core.main.TestCaseExecutor.processExecutionPhase(TestCaseExecutor.java:418)
	at com.kms.katalon.core.main.TestCaseExecutor.accessMainPhase(TestCaseExecutor.java:410)
	at com.kms.katalon.core.main.TestCaseExecutor.execute(TestCaseExecutor.java:285)
	at com.kms.katalon.core.common.CommonExecutor.accessTestCaseMainPhase(CommonExecutor.java:65)
	at com.kms.katalon.core.main.TestSuiteExecutor.accessTestSuiteMainPhase(TestSuiteExecutor.java:150)
	at com.kms.katalon.core.main.TestSuiteExecutor.execute(TestSuiteExecutor.java:106)
	at com.kms.katalon.core.main.TestCaseMain.startTestSuite(TestCaseMain.java:180)
	at TempTestSuite1733095732962.run(TempTestSuite1733095732962.groovy:35)
	at java.base/jdk.internal.reflect.NativeMethodAccessorImpl.invoke0(Native Method)
	at java.base/jdk.internal.reflect.NativeMethodAccessorImpl.invoke(NativeMethodAccessorImpl.java:77)
	at java.base/jdk.internal.reflect.DelegatingMethodAccessorImpl.invoke(DelegatingMethodAccessorImpl.java:43)
)

02-12-2024T04:35:02 - [TEST_STEP][PASSED] - else: null

02-12-2024T04:35:02 - [TEST_STEP][PASSED] - otobrajeniyeDannyh = "Все": null

02-12-2024T04:35:02 - [TEST_STEP][PASSED] - vidget = "Всего отклонения по факторам": null

02-12-2024T04:35:02 - [TEST_STEP][PASSED] - Script1719551244403.WriteToExcel(todaysDate, typeOfData, otobrajeniyeDannyh, x, y, vidget, DZO): null

02-12-2024T04:35:02 - [TEST_STEP][PASSED] - sheetName = "Sheet1": null

02-12-2024T04:35:02 - [TEST_STEP][PASSED] - data = findTestData("PlanFact"): null

02-12-2024T04:35:02 - [TEST_STEP][PASSED] - n = data.getRowNumbers() + 1: null

02-12-2024T04:35:02 - [TEST_STEP][PASSED] - period = getText(findTestObject("Факторный анализ/Фильтр Период")): Text of object 'Object Repository/Факторный анализ/Фильтр Период' is: 'Октябрь и 1, 2, 3 кв. 2024 года'

02-12-2024T04:35:02 - [MESSAGE][PASSED] - Text of object 'Object Repository/Факторный анализ/Фильтр Период' is: 'Октябрь и 1, 2, 3 кв. 2024 года'

02-12-2024T04:35:02 - [TEST_STEP][PASSED] - println(period): null

02-12-2024T04:35:02 - [TEST_STEP][PASSED] - dashboardName = "Факторный анализ": null

02-12-2024T04:35:02 - [TEST_STEP][PASSED] - workbook01 = getWorkbook(excelFilePath): null

02-12-2024T04:35:02 - [TEST_STEP][PASSED] - sheet01 = getExcelSheet(workbook01, sheetName): null

02-12-2024T04:35:02 - [TEST_STEP][PASSED] - setValueToCellByIndex(sheet01, n, 0, dashboardName): null

02-12-2024T04:35:02 - [TEST_STEP][PASSED] - setValueToCellByIndex(sheet01, n, 1, DZO): null

02-12-2024T04:35:02 - [TEST_STEP][PASSED] - setValueToCellByIndex(sheet01, n, 2, vidget): null

02-12-2024T04:35:02 - [TEST_STEP][PASSED] - setValueToCellByIndex(sheet01, n, 3, typeOfData): null

02-12-2024T04:35:02 - [TEST_STEP][PASSED] - setValueToCellByIndex(sheet01, n, 4, otobrajeniyeDannyh): null

02-12-2024T04:35:02 - [TEST_STEP][PASSED] - setValueToCellByIndex(sheet01, n, 5, period): null

02-12-2024T04:35:02 - [TEST_STEP][PASSED] - setValueToCellByIndex(sheet01, n, 6, todaysDate): null

02-12-2024T04:35:02 - [TEST_STEP][PASSED] - n = n + 1: null

02-12-2024T04:35:02 - [TEST_STEP][PASSED] - saveWorkbook(excelFilePath, workbook01): null

02-12-2024T04:35:02 - [TEST_STEP][PASSED] - DZO = "Центр и Приволжье (ГК)": null

02-12-2024T04:35:02 - [TEST_STEP][PASSED] - Script1719551244403.CompareDZO(x = CiPA, y = CiPB, run, typeOfData, otobrajeniyeDannyh, todaysDate, vidget, DZO): null

02-12-2024T04:35:02 - [TEST_STEP][PASSED] - x1 = x: null

02-12-2024T04:35:02 - [TEST_STEP][PASSED] - y1 = y: null

02-12-2024T04:35:02 - [TEST_STEP][PASSED] - i1 = <not implemented yet for class: org.codehaus.groovy.ast.expr.EmptyExpression>: null

02-12-2024T04:35:02 - [TEST_STEP][FAILED] - if (verifyEqual(x, y) == true): Unable to verify equal between actual object '6 294 65      562 52 195 55 625 50 464 20 173 23 751 319 246 50 791  235 362 13' and expected object '584 12      562 52 195 55 625 50 464 20 173 23 751 319 246 50 791  235 362 13' (Root cause: com.kms.katalon.core.exception.StepFailedException: Actual object '6 294 65      562 52 195 55 625 50 464 20 173 23 751 319 246 50 791  235 362 13' and expected object '584 12      562 52 195 55 625 50 464 20 173 23 751 319 246 50 791  235 362 13' are not equal
	at com.kms.katalon.core.keyword.builtin.VerifyEqualKeyword$_verifyEqual_closure1.doCall(VerifyEqualKeyword.groovy:58)
	at com.kms.katalon.core.keyword.builtin.VerifyEqualKeyword$_verifyEqual_closure1.call(VerifyEqualKeyword.groovy)
	at com.kms.katalon.core.keyword.internal.KeywordMain.runKeyword(KeywordMain.groovy:75)
	at com.kms.katalon.core.keyword.builtin.VerifyEqualKeyword.verifyEqual(VerifyEqualKeyword.groovy:63)
	at com.kms.katalon.core.keyword.builtin.VerifyEqualKeyword.execute(VerifyEqualKeyword.groovy:44)
	at com.kms.katalon.core.keyword.internal.KeywordExecutor.executeKeywordForPlatform(KeywordExecutor.groovy:74)
	at com.kms.katalon.core.keyword.BuiltinKeywords.verifyEqual(BuiltinKeywords.groovy:146)
	at jdk.internal.reflect.GeneratedMethodAccessor25.invoke(Unknown Source)
	at java.base/jdk.internal.reflect.DelegatingMethodAccessorImpl.invoke(DelegatingMethodAccessorImpl.java:43)
	at Факторный анализ сверка дашбордов.CompareDZO(Факторный анализ сверка дашбордов:695)
	at Факторный анализ сверка дашбордов.Test(Факторный анализ сверка дашбордов:661)
	at Факторный анализ сверка дашбордов.run(Факторный анализ сверка дашбордов:44)
	at com.kms.katalon.core.main.ScriptEngine.run(ScriptEngine.java:194)
	at com.kms.katalon.core.main.ScriptEngine.runScriptAsRawText(ScriptEngine.java:119)
	at com.kms.katalon.core.main.TestCaseExecutor.runScript(TestCaseExecutor.java:448)
	at com.kms.katalon.core.main.TestCaseExecutor.doExecute(TestCaseExecutor.java:439)
	at com.kms.katalon.core.main.TestCaseExecutor.processExecutionPhase(TestCaseExecutor.java:418)
	at com.kms.katalon.core.main.TestCaseExecutor.accessMainPhase(TestCaseExecutor.java:410)
	at com.kms.katalon.core.main.TestCaseExecutor.execute(TestCaseExecutor.java:285)
	at com.kms.katalon.core.common.CommonExecutor.accessTestCaseMainPhase(CommonExecutor.java:65)
	at com.kms.katalon.core.main.TestSuiteExecutor.accessTestSuiteMainPhase(TestSuiteExecutor.java:150)
	at com.kms.katalon.core.main.TestSuiteExecutor.execute(TestSuiteExecutor.java:106)
	at com.kms.katalon.core.main.TestCaseMain.startTestSuite(TestCaseMain.java:180)
	at TempTestSuite1733095732962.run(TempTestSuite1733095732962.groovy:35)
	at java.base/jdk.internal.reflect.NativeMethodAccessorImpl.invoke0(Native Method)
	at java.base/jdk.internal.reflect.NativeMethodAccessorImpl.invoke(NativeMethodAccessorImpl.java:77)
	at java.base/jdk.internal.reflect.DelegatingMethodAccessorImpl.invoke(DelegatingMethodAccessorImpl.java:43)
)

02-12-2024T04:35:02 - [MESSAGE][FAILED] - Unable to verify equal between actual object '6 294 65      562 52 195 55 625 50 464 20 173 23 751 319 246 50 791  235 362 13' and expected object '584 12      562 52 195 55 625 50 464 20 173 23 751 319 246 50 791  235 362 13' (Root cause: com.kms.katalon.core.exception.StepFailedException: Actual object '6 294 65      562 52 195 55 625 50 464 20 173 23 751 319 246 50 791  235 362 13' and expected object '584 12      562 52 195 55 625 50 464 20 173 23 751 319 246 50 791  235 362 13' are not equal
	at com.kms.katalon.core.keyword.builtin.VerifyEqualKeyword$_verifyEqual_closure1.doCall(VerifyEqualKeyword.groovy:58)
	at com.kms.katalon.core.keyword.builtin.VerifyEqualKeyword$_verifyEqual_closure1.call(VerifyEqualKeyword.groovy)
	at com.kms.katalon.core.keyword.internal.KeywordMain.runKeyword(KeywordMain.groovy:75)
	at com.kms.katalon.core.keyword.builtin.VerifyEqualKeyword.verifyEqual(VerifyEqualKeyword.groovy:63)
	at com.kms.katalon.core.keyword.builtin.VerifyEqualKeyword.execute(VerifyEqualKeyword.groovy:44)
	at com.kms.katalon.core.keyword.internal.KeywordExecutor.executeKeywordForPlatform(KeywordExecutor.groovy:74)
	at com.kms.katalon.core.keyword.BuiltinKeywords.verifyEqual(BuiltinKeywords.groovy:146)
	at jdk.internal.reflect.GeneratedMethodAccessor25.invoke(Unknown Source)
	at java.base/jdk.internal.reflect.DelegatingMethodAccessorImpl.invoke(DelegatingMethodAccessorImpl.java:43)
	at Факторный анализ сверка дашбордов.CompareDZO(Факторный анализ сверка дашбордов:695)
	at Факторный анализ сверка дашбордов.Test(Факторный анализ сверка дашбордов:661)
	at Факторный анализ сверка дашбордов.run(Факторный анализ сверка дашбордов:44)
	at com.kms.katalon.core.main.ScriptEngine.run(ScriptEngine.java:194)
	at com.kms.katalon.core.main.ScriptEngine.runScriptAsRawText(ScriptEngine.java:119)
	at com.kms.katalon.core.main.TestCaseExecutor.runScript(TestCaseExecutor.java:448)
	at com.kms.katalon.core.main.TestCaseExecutor.doExecute(TestCaseExecutor.java:439)
	at com.kms.katalon.core.main.TestCaseExecutor.processExecutionPhase(TestCaseExecutor.java:418)
	at com.kms.katalon.core.main.TestCaseExecutor.accessMainPhase(TestCaseExecutor.java:410)
	at com.kms.katalon.core.main.TestCaseExecutor.execute(TestCaseExecutor.java:285)
	at com.kms.katalon.core.common.CommonExecutor.accessTestCaseMainPhase(CommonExecutor.java:65)
	at com.kms.katalon.core.main.TestSuiteExecutor.accessTestSuiteMainPhase(TestSuiteExecutor.java:150)
	at com.kms.katalon.core.main.TestSuiteExecutor.execute(TestSuiteExecutor.java:106)
	at com.kms.katalon.core.main.TestCaseMain.startTestSuite(TestCaseMain.java:180)
	at TempTestSuite1733095732962.run(TempTestSuite1733095732962.groovy:35)
	at java.base/jdk.internal.reflect.NativeMethodAccessorImpl.invoke0(Native Method)
	at java.base/jdk.internal.reflect.NativeMethodAccessorImpl.invoke(NativeMethodAccessorImpl.java:77)
	at java.base/jdk.internal.reflect.DelegatingMethodAccessorImpl.invoke(DelegatingMethodAccessorImpl.java:43)
)

02-12-2024T04:35:02 - [TEST_STEP][PASSED] - else: null

02-12-2024T04:35:02 - [TEST_STEP][PASSED] - otobrajeniyeDannyh = "Все": null

02-12-2024T04:35:02 - [TEST_STEP][PASSED] - vidget = "Всего отклонения по факторам": null

02-12-2024T04:35:02 - [TEST_STEP][PASSED] - Script1719551244403.WriteToExcel(todaysDate, typeOfData, otobrajeniyeDannyh, x, y, vidget, DZO): null

02-12-2024T04:35:02 - [TEST_STEP][PASSED] - sheetName = "Sheet1": null

02-12-2024T04:35:02 - [TEST_STEP][PASSED] - data = findTestData("PlanFact"): null

02-12-2024T04:35:02 - [TEST_STEP][PASSED] - n = data.getRowNumbers() + 1: null

02-12-2024T04:35:02 - [TEST_STEP][PASSED] - period = getText(findTestObject("Факторный анализ/Фильтр Период")): Text of object 'Object Repository/Факторный анализ/Фильтр Период' is: 'Октябрь и 1, 2, 3 кв. 2024 года'

02-12-2024T04:35:03 - [MESSAGE][PASSED] - Text of object 'Object Repository/Факторный анализ/Фильтр Период' is: 'Октябрь и 1, 2, 3 кв. 2024 года'

02-12-2024T04:35:03 - [TEST_STEP][PASSED] - println(period): null

02-12-2024T04:35:03 - [TEST_STEP][PASSED] - dashboardName = "Факторный анализ": null

02-12-2024T04:35:03 - [TEST_STEP][PASSED] - workbook01 = getWorkbook(excelFilePath): null

02-12-2024T04:35:03 - [TEST_STEP][PASSED] - sheet01 = getExcelSheet(workbook01, sheetName): null

02-12-2024T04:35:03 - [TEST_STEP][PASSED] - setValueToCellByIndex(sheet01, n, 0, dashboardName): null

02-12-2024T04:35:03 - [TEST_STEP][PASSED] - setValueToCellByIndex(sheet01, n, 1, DZO): null

02-12-2024T04:35:03 - [TEST_STEP][PASSED] - setValueToCellByIndex(sheet01, n, 2, vidget): null

02-12-2024T04:35:03 - [TEST_STEP][PASSED] - setValueToCellByIndex(sheet01, n, 3, typeOfData): null

02-12-2024T04:35:03 - [TEST_STEP][PASSED] - setValueToCellByIndex(sheet01, n, 4, otobrajeniyeDannyh): null

02-12-2024T04:35:03 - [TEST_STEP][PASSED] - setValueToCellByIndex(sheet01, n, 5, period): null

02-12-2024T04:35:03 - [TEST_STEP][PASSED] - setValueToCellByIndex(sheet01, n, 6, todaysDate): null

02-12-2024T04:35:03 - [TEST_STEP][PASSED] - n = n + 1: null

02-12-2024T04:35:03 - [TEST_STEP][PASSED] - saveWorkbook(excelFilePath, workbook01): null

02-12-2024T04:35:03 - [TEST_STEP][PASSED] - DZO = "Россети Юг (ГК)": null

02-12-2024T04:35:03 - [TEST_STEP][PASSED] - Script1719551244403.CompareDZO(x = UgA, y = UgB, run, typeOfData, otobrajeniyeDannyh, todaysDate, vidget, DZO): null

02-12-2024T04:35:03 - [TEST_STEP][PASSED] - x1 = x: null

02-12-2024T04:35:03 - [TEST_STEP][PASSED] - y1 = y: null

02-12-2024T04:35:03 - [TEST_STEP][PASSED] - i1 = <not implemented yet for class: org.codehaus.groovy.ast.expr.EmptyExpression>: null

02-12-2024T04:35:03 - [TEST_STEP][FAILED] - if (verifyEqual(x, y) == true): Unable to verify equal between actual object '362 13     3 789 51 5 702 100 9 960  352 1 662 3 20 264 66' and expected object '362 13     146 51 77 100 422  352 37 3 813 66' (Root cause: com.kms.katalon.core.exception.StepFailedException: Actual object '362 13     3 789 51 5 702 100 9 960  352 1 662 3 20 264 66' and expected object '362 13     146 51 77 100 422  352 37 3 813 66' are not equal
	at com.kms.katalon.core.keyword.builtin.VerifyEqualKeyword$_verifyEqual_closure1.doCall(VerifyEqualKeyword.groovy:58)
	at com.kms.katalon.core.keyword.builtin.VerifyEqualKeyword$_verifyEqual_closure1.call(VerifyEqualKeyword.groovy)
	at com.kms.katalon.core.keyword.internal.KeywordMain.runKeyword(KeywordMain.groovy:75)
	at com.kms.katalon.core.keyword.builtin.VerifyEqualKeyword.verifyEqual(VerifyEqualKeyword.groovy:63)
	at com.kms.katalon.core.keyword.builtin.VerifyEqualKeyword.execute(VerifyEqualKeyword.groovy:44)
	at com.kms.katalon.core.keyword.internal.KeywordExecutor.executeKeywordForPlatform(KeywordExecutor.groovy:74)
	at com.kms.katalon.core.keyword.BuiltinKeywords.verifyEqual(BuiltinKeywords.groovy:146)
	at jdk.internal.reflect.GeneratedMethodAccessor25.invoke(Unknown Source)
	at java.base/jdk.internal.reflect.DelegatingMethodAccessorImpl.invoke(DelegatingMethodAccessorImpl.java:43)
	at Факторный анализ сверка дашбордов.CompareDZO(Факторный анализ сверка дашбордов:695)
	at Факторный анализ сверка дашбордов.Test(Факторный анализ сверка дашбордов:665)
	at Факторный анализ сверка дашбордов.run(Факторный анализ сверка дашбордов:44)
	at com.kms.katalon.core.main.ScriptEngine.run(ScriptEngine.java:194)
	at com.kms.katalon.core.main.ScriptEngine.runScriptAsRawText(ScriptEngine.java:119)
	at com.kms.katalon.core.main.TestCaseExecutor.runScript(TestCaseExecutor.java:448)
	at com.kms.katalon.core.main.TestCaseExecutor.doExecute(TestCaseExecutor.java:439)
	at com.kms.katalon.core.main.TestCaseExecutor.processExecutionPhase(TestCaseExecutor.java:418)
	at com.kms.katalon.core.main.TestCaseExecutor.accessMainPhase(TestCaseExecutor.java:410)
	at com.kms.katalon.core.main.TestCaseExecutor.execute(TestCaseExecutor.java:285)
	at com.kms.katalon.core.common.CommonExecutor.accessTestCaseMainPhase(CommonExecutor.java:65)
	at com.kms.katalon.core.main.TestSuiteExecutor.accessTestSuiteMainPhase(TestSuiteExecutor.java:150)
	at com.kms.katalon.core.main.TestSuiteExecutor.execute(TestSuiteExecutor.java:106)
	at com.kms.katalon.core.main.TestCaseMain.startTestSuite(TestCaseMain.java:180)
	at TempTestSuite1733095732962.run(TempTestSuite1733095732962.groovy:35)
	at java.base/jdk.internal.reflect.NativeMethodAccessorImpl.invoke0(Native Method)
	at java.base/jdk.internal.reflect.NativeMethodAccessorImpl.invoke(NativeMethodAccessorImpl.java:77)
	at java.base/jdk.internal.reflect.DelegatingMethodAccessorImpl.invoke(DelegatingMethodAccessorImpl.java:43)
)

02-12-2024T04:35:03 - [MESSAGE][FAILED] - Unable to verify equal between actual object '362 13     3 789 51 5 702 100 9 960  352 1 662 3 20 264 66' and expected object '362 13     146 51 77 100 422  352 37 3 813 66' (Root cause: com.kms.katalon.core.exception.StepFailedException: Actual object '362 13     3 789 51 5 702 100 9 960  352 1 662 3 20 264 66' and expected object '362 13     146 51 77 100 422  352 37 3 813 66' are not equal
	at com.kms.katalon.core.keyword.builtin.VerifyEqualKeyword$_verifyEqual_closure1.doCall(VerifyEqualKeyword.groovy:58)
	at com.kms.katalon.core.keyword.builtin.VerifyEqualKeyword$_verifyEqual_closure1.call(VerifyEqualKeyword.groovy)
	at com.kms.katalon.core.keyword.internal.KeywordMain.runKeyword(KeywordMain.groovy:75)
	at com.kms.katalon.core.keyword.builtin.VerifyEqualKeyword.verifyEqual(VerifyEqualKeyword.groovy:63)
	at com.kms.katalon.core.keyword.builtin.VerifyEqualKeyword.execute(VerifyEqualKeyword.groovy:44)
	at com.kms.katalon.core.keyword.internal.KeywordExecutor.executeKeywordForPlatform(KeywordExecutor.groovy:74)
	at com.kms.katalon.core.keyword.BuiltinKeywords.verifyEqual(BuiltinKeywords.groovy:146)
	at jdk.internal.reflect.GeneratedMethodAccessor25.invoke(Unknown Source)
	at java.base/jdk.internal.reflect.DelegatingMethodAccessorImpl.invoke(DelegatingMethodAccessorImpl.java:43)
	at Факторный анализ сверка дашбордов.CompareDZO(Факторный анализ сверка дашбордов:695)
	at Факторный анализ сверка дашбордов.Test(Факторный анализ сверка дашбордов:665)
	at Факторный анализ сверка дашбордов.run(Факторный анализ сверка дашбордов:44)
	at com.kms.katalon.core.main.ScriptEngine.run(ScriptEngine.java:194)
	at com.kms.katalon.core.main.ScriptEngine.runScriptAsRawText(ScriptEngine.java:119)
	at com.kms.katalon.core.main.TestCaseExecutor.runScript(TestCaseExecutor.java:448)
	at com.kms.katalon.core.main.TestCaseExecutor.doExecute(TestCaseExecutor.java:439)
	at com.kms.katalon.core.main.TestCaseExecutor.processExecutionPhase(TestCaseExecutor.java:418)
	at com.kms.katalon.core.main.TestCaseExecutor.accessMainPhase(TestCaseExecutor.java:410)
	at com.kms.katalon.core.main.TestCaseExecutor.execute(TestCaseExecutor.java:285)
	at com.kms.katalon.core.common.CommonExecutor.accessTestCaseMainPhase(CommonExecutor.java:65)
	at com.kms.katalon.core.main.TestSuiteExecutor.accessTestSuiteMainPhase(TestSuiteExecutor.java:150)
	at com.kms.katalon.core.main.TestSuiteExecutor.execute(TestSuiteExecutor.java:106)
	at com.kms.katalon.core.main.TestCaseMain.startTestSuite(TestCaseMain.java:180)
	at TempTestSuite1733095732962.run(TempTestSuite1733095732962.groovy:35)
	at java.base/jdk.internal.reflect.NativeMethodAccessorImpl.invoke0(Native Method)
	at java.base/jdk.internal.reflect.NativeMethodAccessorImpl.invoke(NativeMethodAccessorImpl.java:77)
	at java.base/jdk.internal.reflect.DelegatingMethodAccessorImpl.invoke(DelegatingMethodAccessorImpl.java:43)
)

02-12-2024T04:35:03 - [TEST_STEP][PASSED] - else: null

02-12-2024T04:35:03 - [TEST_STEP][PASSED] - otobrajeniyeDannyh = "Все": null

02-12-2024T04:35:03 - [TEST_STEP][PASSED] - vidget = "Всего отклонения по факторам": null

02-12-2024T04:35:03 - [TEST_STEP][PASSED] - Script1719551244403.WriteToExcel(todaysDate, typeOfData, otobrajeniyeDannyh, x, y, vidget, DZO): null

02-12-2024T04:35:03 - [TEST_STEP][PASSED] - sheetName = "Sheet1": null

02-12-2024T04:35:03 - [TEST_STEP][PASSED] - data = findTestData("PlanFact"): null

02-12-2024T04:35:03 - [TEST_STEP][PASSED] - n = data.getRowNumbers() + 1: null

02-12-2024T04:35:03 - [TEST_STEP][PASSED] - period = getText(findTestObject("Факторный анализ/Фильтр Период")): Text of object 'Object Repository/Факторный анализ/Фильтр Период' is: 'Октябрь и 1, 2, 3 кв. 2024 года'

02-12-2024T04:35:03 - [MESSAGE][PASSED] - Text of object 'Object Repository/Факторный анализ/Фильтр Период' is: 'Октябрь и 1, 2, 3 кв. 2024 года'

02-12-2024T04:35:03 - [TEST_STEP][PASSED] - println(period): null

02-12-2024T04:35:03 - [TEST_STEP][PASSED] - dashboardName = "Факторный анализ": null

02-12-2024T04:35:03 - [TEST_STEP][PASSED] - workbook01 = getWorkbook(excelFilePath): null

02-12-2024T04:35:03 - [TEST_STEP][PASSED] - sheet01 = getExcelSheet(workbook01, sheetName): null

02-12-2024T04:35:03 - [TEST_STEP][PASSED] - setValueToCellByIndex(sheet01, n, 0, dashboardName): null

02-12-2024T04:35:03 - [TEST_STEP][PASSED] - setValueToCellByIndex(sheet01, n, 1, DZO): null

02-12-2024T04:35:03 - [TEST_STEP][PASSED] - setValueToCellByIndex(sheet01, n, 2, vidget): null

02-12-2024T04:35:03 - [TEST_STEP][PASSED] - setValueToCellByIndex(sheet01, n, 3, typeOfData): null

02-12-2024T04:35:03 - [TEST_STEP][PASSED] - setValueToCellByIndex(sheet01, n, 4, otobrajeniyeDannyh): null

02-12-2024T04:35:03 - [TEST_STEP][PASSED] - setValueToCellByIndex(sheet01, n, 5, period): null

02-12-2024T04:35:03 - [TEST_STEP][PASSED] - setValueToCellByIndex(sheet01, n, 6, todaysDate): null

02-12-2024T04:35:03 - [TEST_STEP][PASSED] - n = n + 1: null

02-12-2024T04:35:03 - [TEST_STEP][PASSED] - saveWorkbook(excelFilePath, workbook01): null

02-12-2024T04:35:03 - [TEST_STEP][PASSED] - DZO = "Россети Янтарь": null

02-12-2024T04:35:03 - [TEST_STEP][PASSED] - Script1719551244403.CompareDZO(x = YaA, y = YaB, run, typeOfData, otobrajeniyeDannyh, todaysDate, vidget, DZO): null

02-12-2024T04:35:03 - [TEST_STEP][PASSED] - x1 = x: null

02-12-2024T04:35:03 - [TEST_STEP][PASSED] - y1 = y: null

02-12-2024T04:35:03 - [TEST_STEP][PASSED] - i1 = <not implemented yet for class: org.codehaus.groovy.ast.expr.EmptyExpression>: null

02-12-2024T04:35:03 - [TEST_STEP][PASSED] - if (verifyEqual(x, y) == true): Actual object '360 42' and expected object '360 42' are equal

02-12-2024T04:35:03 - [MESSAGE][PASSED] - Actual object '360 42' and expected object '360 42' are equal

02-12-2024T04:35:03 - [TEST_STEP][PASSED] - closeBrowser(): Browser is closed

02-12-2024T04:35:04 - [MESSAGE][PASSED] - Browser is closed]]></system-out>
         <system-err><![CDATA[02-12-2024T04:31:22 - [TEST_CASE][FAILED] - Test Cases/Сверки дашбордов/Факторный анализ сверка дашбордов: Test Cases/Сверки дашбордов/Факторный анализ сверка дашбордов FAILED.
Reason:
com.kms.katalon.core.exception.StepFailedException: Unable to verify equal between actual object '-399523' and expected object '7729' (Root cause: com.kms.katalon.core.exception.StepFailedException: Actual object '-399523' and expected object '7729' are not equal
	at com.kms.katalon.core.keyword.builtin.VerifyEqualKeyword$_verifyEqual_closure1.doCall(VerifyEqualKeyword.groovy:58)
	at com.kms.katalon.core.keyword.builtin.VerifyEqualKeyword$_verifyEqual_closure1.call(VerifyEqualKeyword.groovy)
	at com.kms.katalon.core.keyword.internal.KeywordMain.runKeyword(KeywordMain.groovy:75)
	at com.kms.katalon.core.keyword.builtin.VerifyEqualKeyword.verifyEqual(VerifyEqualKeyword.groovy:63)
	at com.kms.katalon.core.keyword.builtin.VerifyEqualKeyword.execute(VerifyEqualKeyword.groovy:44)
	at com.kms.katalon.core.keyword.internal.KeywordExecutor.executeKeywordForPlatform(KeywordExecutor.groovy:74)
	at com.kms.katalon.core.keyword.BuiltinKeywords.verifyEqual(BuiltinKeywords.groovy:146)
	at jdk.internal.reflect.GeneratedMethodAccessor25.invoke(Unknown Source)
	at java.base/jdk.internal.reflect.DelegatingMethodAccessorImpl.invoke(DelegatingMethodAccessorImpl.java:43)
	at Факторный анализ сверка дашбордов.Compare(Факторный анализ сверка дашбордов:674)
	at Факторный анализ сверка дашбордов.Test(Факторный анализ сверка дашбордов:438)
	at Факторный анализ сверка дашбордов.run(Факторный анализ сверка дашбордов:44)
	at com.kms.katalon.core.main.ScriptEngine.run(ScriptEngine.java:194)
	at com.kms.katalon.core.main.ScriptEngine.runScriptAsRawText(ScriptEngine.java:119)
	at com.kms.katalon.core.main.TestCaseExecutor.runScript(TestCaseExecutor.java:448)
	at com.kms.katalon.core.main.TestCaseExecutor.doExecute(TestCaseExecutor.java:439)
	at com.kms.katalon.core.main.TestCaseExecutor.processExecutionPhase(TestCaseExecutor.java:418)
	at com.kms.katalon.core.main.TestCaseExecutor.accessMainPhase(TestCaseExecutor.java:410)
	at com.kms.katalon.core.main.TestCaseExecutor.execute(TestCaseExecutor.java:285)
	at com.kms.katalon.core.common.CommonExecutor.accessTestCaseMainPhase(CommonExecutor.java:65)
	at com.kms.katalon.core.main.TestSuiteExecutor.accessTestSuiteMainPhase(TestSuiteExecutor.java:150)
	at com.kms.katalon.core.main.TestSuiteExecutor.execute(TestSuiteExecutor.java:106)
	at com.kms.katalon.core.main.TestCaseMain.startTestSuite(TestCaseMain.java:180)
	at TempTestSuite1733095732962.run(TempTestSuite1733095732962.groovy:35)
	at java.base/jdk.internal.reflect.NativeMethodAccessorImpl.invoke0(Native Method)
	at java.base/jdk.internal.reflect.NativeMethodAccessorImpl.invoke(NativeMethodAccessorImpl.java:77)
	at java.base/jdk.internal.reflect.DelegatingMethodAccessorImpl.invoke(DelegatingMethodAccessorImpl.java:43)
)
	at com.kms.katalon.core.keyword.internal.KeywordMain.stepFailed(KeywordMain.groovy:39)
	at com.kms.katalon.core.keyword.internal.KeywordMain.stepFailed(KeywordMain.groovy)
	at com.kms.katalon.core.keyword.internal.KeywordMain.runKeyword(KeywordMain.groovy:77)
	at com.kms.katalon.core.keyword.builtin.VerifyEqualKeyword.verifyEqual(VerifyEqualKeyword.groovy:63)
	at com.kms.katalon.core.keyword.builtin.VerifyEqualKeyword.execute(VerifyEqualKeyword.groovy:44)
	at com.kms.katalon.core.keyword.internal.KeywordExecutor.executeKeywordForPlatform(KeywordExecutor.groovy:74)
	at com.kms.katalon.core.keyword.BuiltinKeywords.verifyEqual(BuiltinKeywords.groovy:146)
	at jdk.internal.reflect.GeneratedMethodAccessor25.invoke(Unknown Source)
	at java.base/jdk.internal.reflect.DelegatingMethodAccessorImpl.invoke(DelegatingMethodAccessorImpl.java:43)
	at Факторный анализ сверка дашбордов.Compare(Факторный анализ сверка дашбордов:674)
	at Факторный анализ сверка дашбордов.Test(Факторный анализ сверка дашбордов:438)
	at Факторный анализ сверка дашбордов.run(Факторный анализ сверка дашбордов:44)
	at com.kms.katalon.core.main.ScriptEngine.run(ScriptEngine.java:194)
	at com.kms.katalon.core.main.ScriptEngine.runScriptAsRawText(ScriptEngine.java:119)
	at com.kms.katalon.core.main.TestCaseExecutor.runScript(TestCaseExecutor.java:448)
	at com.kms.katalon.core.main.TestCaseExecutor.doExecute(TestCaseExecutor.java:439)
	at com.kms.katalon.core.main.TestCaseExecutor.processExecutionPhase(TestCaseExecutor.java:418)
	at com.kms.katalon.core.main.TestCaseExecutor.accessMainPhase(TestCaseExecutor.java:410)
	at com.kms.katalon.core.main.TestCaseExecutor.execute(TestCaseExecutor.java:285)
	at com.kms.katalon.core.common.CommonExecutor.accessTestCaseMainPhase(CommonExecutor.java:65)
	at com.kms.katalon.core.main.TestSuiteExecutor.accessTestSuiteMainPhase(TestSuiteExecutor.java:150)
	at com.kms.katalon.core.main.TestSuiteExecutor.execute(TestSuiteExecutor.java:106)
	at com.kms.katalon.core.main.TestCaseMain.startTestSuite(TestCaseMain.java:180)
	at TempTestSuite1733095732962.run(TempTestSuite1733095732962.groovy:35)
	at java.base/jdk.internal.reflect.NativeMethodAccessorImpl.invoke0(Native Method)
	at java.base/jdk.internal.reflect.NativeMethodAccessorImpl.invoke(NativeMethodAccessorImpl.java:77)
	at java.base/jdk.internal.reflect.DelegatingMethodAccessorImpl.invoke(DelegatingMethodAccessorImpl.java:43)
Caused by: com.kms.katalon.core.exception.StepFailedException: Actual object '-399523' and expected object '7729' are not equal
	at com.kms.katalon.core.keyword.builtin.VerifyEqualKeyword$_verifyEqual_closure1.doCall(VerifyEqualKeyword.groovy:58)
	at com.kms.katalon.core.keyword.builtin.VerifyEqualKeyword$_verifyEqual_closure1.call(VerifyEqualKeyword.groovy)
	at com.kms.katalon.core.keyword.internal.KeywordMain.runKeyword(KeywordMain.groovy:75)
	... 24 more]]></system-err>
      </testcase>
      <system-out><![CDATA[02-12-2024T02:28:57 - [TEST_SUITE][FAILED] - Сверка дашбордов из разных блоков: Test Cases/Сверки дашбордов/Выполнение бизнес-плана сверка дашбордов FAILED.
Reason:
com.kms.katalon.core.exception.StepFailedException: Unable to verify object is present (Root cause: com.kms.katalon.core.exception.StepFailedException: Unable to verify object is present
	at com.kms.katalon.core.webui.keyword.internal.WebUIKeywordMain.stepFailed(WebUIKeywordMain.groovy:64)
	at com.kms.katalon.core.webui.keyword.internal.WebUIKeywordMain.runKeyword(WebUIKeywordMain.groovy:26)
	at com.kms.katalon.core.webui.keyword.builtin.VerifyElementPresentKeyword.verifyElementPresent(VerifyElementPresentKeyword.groovy:92)
	at com.kms.katalon.core.webui.keyword.builtin.VerifyElementPresentKeyword.execute(VerifyElementPresentKeyword.groovy:68)
	at com.kms.katalon.core.keyword.internal.KeywordExecutor.executeKeywordForPlatform(KeywordExecutor.groovy:74)
	at com.kms.katalon.core.webui.keyword.WebUiBuiltInKeywords.verifyElementPresent(WebUiBuiltInKeywords.groovy:1503)
	at Выполнение бизнес-плана сверка дашбордов.GetAllPAOData(Выполнение бизнес-плана сверка дашбордов:862)
	at Выполнение бизнес-плана сверка дашбордов.run(Выполнение бизнес-плана сверка дашбордов:362)
	at com.kms.katalon.core.main.ScriptEngine.run(ScriptEngine.java:194)
	at com.kms.katalon.core.main.ScriptEngine.runScriptAsRawText(ScriptEngine.java:119)
	at com.kms.katalon.core.main.TestCaseExecutor.runScript(TestCaseExecutor.java:448)
	at com.kms.katalon.core.main.TestCaseExecutor.doExecute(TestCaseExecutor.java:439)
	at com.kms.katalon.core.main.TestCaseExecutor.processExecutionPhase(TestCaseExecutor.java:418)
	at com.kms.katalon.core.main.TestCaseExecutor.accessMainPhase(TestCaseExecutor.java:410)
	at com.kms.katalon.core.main.TestCaseExecutor.execute(TestCaseExecutor.java:285)
	at com.kms.katalon.core.common.CommonExecutor.accessTestCaseMainPhase(CommonExecutor.java:65)
	at com.kms.katalon.core.main.TestSuiteExecutor.accessTestSuiteMainPhase(TestSuiteExecutor.java:150)
	at com.kms.katalon.core.main.TestSuiteExecutor.execute(TestSuiteExecutor.java:106)
	at com.kms.katalon.core.main.TestCaseMain.startTestSuite(TestCaseMain.java:180)
	at TempTestSuite1733095732962.run(TempTestSuite1733095732962.groovy:35)
	at java.base/jdk.internal.reflect.NativeMethodAccessorImpl.invoke0(Native Method)
	at java.base/jdk.internal.reflect.NativeMethodAccessorImpl.invoke(NativeMethodAccessorImpl.java:77)
	at java.base/jdk.internal.reflect.DelegatingMethodAccessorImpl.invoke(DelegatingMethodAccessorImpl.java:43)
Caused by: java.lang.IllegalArgumentException: Object is null
	at com.kms.katalon.core.helper.KeywordHelper.checkTestObjectParameter(KeywordHelper.java:33)
	at com.kms.katalon.core.webui.keyword.builtin.VerifyElementPresentKeyword$_verifyElementPresent_closure1.doCall(VerifyElementPresentKeyword.groovy:76)
	at com.kms.katalon.core.webui.keyword.builtin.VerifyElementPresentKeyword$_verifyElementPresent_closure1.call(VerifyElementPresentKeyword.groovy)
	at com.kms.katalon.core.webui.keyword.internal.WebUIKeywordMain.runKeyword(WebUIKeywordMain.groovy:20)
	at com.kms.katalon.core.webui.keyword.builtin.VerifyElementPresentKeyword.verifyElementPresent(VerifyElementPresentKeyword.groovy:92)
	at com.kms.katalon.core.webui.keyword.builtin.VerifyElementPresentKeyword.execute(VerifyElementPresentKeyword.groovy:68)
	at com.kms.katalon.core.keyword.internal.KeywordExecutor.executeKeywordForPlatform(KeywordExecutor.groovy:74)
	at com.kms.katalon.core.webui.keyword.WebUiBuiltInKeywords.verifyElementPresent(WebUiBuiltInKeywords.groovy:1503)
	at Script1719299571342.GetAllPAOData(Script1719299571342.groovy:862)
	at Script1719299571342.run(Script1719299571342.groovy:362)
	... 15 more
)
	at com.kms.katalon.core.keyword.internal.KeywordMain.stepFailed(KeywordMain.groovy:39)
	at com.kms.katalon.core.webui.keyword.internal.WebUIKeywordMain.stepFailed(WebUIKeywordMain.groovy:64)
	at com.kms.katalon.core.webui.keyword.internal.WebUIKeywordMain.runKeyword(WebUIKeywordMain.groovy:26)
	at com.kms.katalon.core.webui.keyword.builtin.VerifyElementPresentKeyword.verifyElementPresent(VerifyElementPresentKeyword.groovy:92)
	at com.kms.katalon.core.webui.keyword.builtin.VerifyElementPresentKeyword.execute(VerifyElementPresentKeyword.groovy:68)
	at com.kms.katalon.core.keyword.internal.KeywordExecutor.executeKeywordForPlatform(KeywordExecutor.groovy:74)
	at com.kms.katalon.core.webui.keyword.WebUiBuiltInKeywords.verifyElementPresent(WebUiBuiltInKeywords.groovy:1503)
	at Выполнение бизнес-плана сверка дашбордов.GetAllPAOData(Выполнение бизнес-плана сверка дашбордов:862)
	at Выполнение бизнес-плана сверка дашбордов.run(Выполнение бизнес-плана сверка дашбордов:362)
	at com.kms.katalon.core.main.ScriptEngine.run(ScriptEngine.java:194)
	at com.kms.katalon.core.main.ScriptEngine.runScriptAsRawText(ScriptEngine.java:119)
	at com.kms.katalon.core.main.TestCaseExecutor.runScript(TestCaseExecutor.java:448)
	at com.kms.katalon.core.main.TestCaseExecutor.doExecute(TestCaseExecutor.java:439)
	at com.kms.katalon.core.main.TestCaseExecutor.processExecutionPhase(TestCaseExecutor.java:418)
	at com.kms.katalon.core.main.TestCaseExecutor.accessMainPhase(TestCaseExecutor.java:410)
	at com.kms.katalon.core.main.TestCaseExecutor.execute(TestCaseExecutor.java:285)
	at com.kms.katalon.core.common.CommonExecutor.accessTestCaseMainPhase(CommonExecutor.java:65)
	at com.kms.katalon.core.main.TestSuiteExecutor.accessTestSuiteMainPhase(TestSuiteExecutor.java:150)
	at com.kms.katalon.core.main.TestSuiteExecutor.execute(TestSuiteExecutor.java:106)
	at com.kms.katalon.core.main.TestCaseMain.startTestSuite(TestCaseMain.java:180)
	at TempTestSuite1733095732962.run(TempTestSuite1733095732962.groovy:35)
	at java.base/jdk.internal.reflect.NativeMethodAccessorImpl.invoke0(Native Method)
	at java.base/jdk.internal.reflect.NativeMethodAccessorImpl.invoke(NativeMethodAccessorImpl.java:77)
	at java.base/jdk.internal.reflect.DelegatingMethodAccessorImpl.invoke(DelegatingMethodAccessorImpl.java:43)
Caused by: com.kms.katalon.core.exception.StepFailedException: Unable to verify object is present
	... 23 more
Caused by: java.lang.IllegalArgumentException: Object is null
	at com.kms.katalon.core.helper.KeywordHelper.checkTestObjectParameter(KeywordHelper.java:33)
	at com.kms.katalon.core.webui.keyword.builtin.VerifyElementPresentKeyword$_verifyElementPresent_closure1.doCall(VerifyElementPresentKeyword.groovy:76)
	at com.kms.katalon.core.webui.keyword.builtin.VerifyElementPresentKeyword$_verifyElementPresent_closure1.call(VerifyElementPresentKeyword.groovy)
	at com.kms.katalon.core.webui.keyword.internal.WebUIKeywordMain.runKeyword(WebUIKeywordMain.groovy:20)
	... 21 more]]></system-out>
      <system-err><![CDATA[02-12-2024T02:28:57 - [TEST_SUITE][FAILED] - Сверка дашбордов из разных блоков: Test Cases/Сверки дашбордов/Выполнение бизнес-плана сверка дашбордов FAILED.
Reason:
com.kms.katalon.core.exception.StepFailedException: Unable to verify object is present (Root cause: com.kms.katalon.core.exception.StepFailedException: Unable to verify object is present
	at com.kms.katalon.core.webui.keyword.internal.WebUIKeywordMain.stepFailed(WebUIKeywordMain.groovy:64)
	at com.kms.katalon.core.webui.keyword.internal.WebUIKeywordMain.runKeyword(WebUIKeywordMain.groovy:26)
	at com.kms.katalon.core.webui.keyword.builtin.VerifyElementPresentKeyword.verifyElementPresent(VerifyElementPresentKeyword.groovy:92)
	at com.kms.katalon.core.webui.keyword.builtin.VerifyElementPresentKeyword.execute(VerifyElementPresentKeyword.groovy:68)
	at com.kms.katalon.core.keyword.internal.KeywordExecutor.executeKeywordForPlatform(KeywordExecutor.groovy:74)
	at com.kms.katalon.core.webui.keyword.WebUiBuiltInKeywords.verifyElementPresent(WebUiBuiltInKeywords.groovy:1503)
	at Выполнение бизнес-плана сверка дашбордов.GetAllPAOData(Выполнение бизнес-плана сверка дашбордов:862)
	at Выполнение бизнес-плана сверка дашбордов.run(Выполнение бизнес-плана сверка дашбордов:362)
	at com.kms.katalon.core.main.ScriptEngine.run(ScriptEngine.java:194)
	at com.kms.katalon.core.main.ScriptEngine.runScriptAsRawText(ScriptEngine.java:119)
	at com.kms.katalon.core.main.TestCaseExecutor.runScript(TestCaseExecutor.java:448)
	at com.kms.katalon.core.main.TestCaseExecutor.doExecute(TestCaseExecutor.java:439)
	at com.kms.katalon.core.main.TestCaseExecutor.processExecutionPhase(TestCaseExecutor.java:418)
	at com.kms.katalon.core.main.TestCaseExecutor.accessMainPhase(TestCaseExecutor.java:410)
	at com.kms.katalon.core.main.TestCaseExecutor.execute(TestCaseExecutor.java:285)
	at com.kms.katalon.core.common.CommonExecutor.accessTestCaseMainPhase(CommonExecutor.java:65)
	at com.kms.katalon.core.main.TestSuiteExecutor.accessTestSuiteMainPhase(TestSuiteExecutor.java:150)
	at com.kms.katalon.core.main.TestSuiteExecutor.execute(TestSuiteExecutor.java:106)
	at com.kms.katalon.core.main.TestCaseMain.startTestSuite(TestCaseMain.java:180)
	at TempTestSuite1733095732962.run(TempTestSuite1733095732962.groovy:35)
	at java.base/jdk.internal.reflect.NativeMethodAccessorImpl.invoke0(Native Method)
	at java.base/jdk.internal.reflect.NativeMethodAccessorImpl.invoke(NativeMethodAccessorImpl.java:77)
	at java.base/jdk.internal.reflect.DelegatingMethodAccessorImpl.invoke(DelegatingMethodAccessorImpl.java:43)
Caused by: java.lang.IllegalArgumentException: Object is null
	at com.kms.katalon.core.helper.KeywordHelper.checkTestObjectParameter(KeywordHelper.java:33)
	at com.kms.katalon.core.webui.keyword.builtin.VerifyElementPresentKeyword$_verifyElementPresent_closure1.doCall(VerifyElementPresentKeyword.groovy:76)
	at com.kms.katalon.core.webui.keyword.builtin.VerifyElementPresentKeyword$_verifyElementPresent_closure1.call(VerifyElementPresentKeyword.groovy)
	at com.kms.katalon.core.webui.keyword.internal.WebUIKeywordMain.runKeyword(WebUIKeywordMain.groovy:20)
	at com.kms.katalon.core.webui.keyword.builtin.VerifyElementPresentKeyword.verifyElementPresent(VerifyElementPresentKeyword.groovy:92)
	at com.kms.katalon.core.webui.keyword.builtin.VerifyElementPresentKeyword.execute(VerifyElementPresentKeyword.groovy:68)
	at com.kms.katalon.core.keyword.internal.KeywordExecutor.executeKeywordForPlatform(KeywordExecutor.groovy:74)
	at com.kms.katalon.core.webui.keyword.WebUiBuiltInKeywords.verifyElementPresent(WebUiBuiltInKeywords.groovy:1503)
	at Script1719299571342.GetAllPAOData(Script1719299571342.groovy:862)
	at Script1719299571342.run(Script1719299571342.groovy:362)
	... 15 more
)
	at com.kms.katalon.core.keyword.internal.KeywordMain.stepFailed(KeywordMain.groovy:39)
	at com.kms.katalon.core.webui.keyword.internal.WebUIKeywordMain.stepFailed(WebUIKeywordMain.groovy:64)
	at com.kms.katalon.core.webui.keyword.internal.WebUIKeywordMain.runKeyword(WebUIKeywordMain.groovy:26)
	at com.kms.katalon.core.webui.keyword.builtin.VerifyElementPresentKeyword.verifyElementPresent(VerifyElementPresentKeyword.groovy:92)
	at com.kms.katalon.core.webui.keyword.builtin.VerifyElementPresentKeyword.execute(VerifyElementPresentKeyword.groovy:68)
	at com.kms.katalon.core.keyword.internal.KeywordExecutor.executeKeywordForPlatform(KeywordExecutor.groovy:74)
	at com.kms.katalon.core.webui.keyword.WebUiBuiltInKeywords.verifyElementPresent(WebUiBuiltInKeywords.groovy:1503)
	at Выполнение бизнес-плана сверка дашбордов.GetAllPAOData(Выполнение бизнес-плана сверка дашбордов:862)
	at Выполнение бизнес-плана сверка дашбордов.run(Выполнение бизнес-плана сверка дашбордов:362)
	at com.kms.katalon.core.main.ScriptEngine.run(ScriptEngine.java:194)
	at com.kms.katalon.core.main.ScriptEngine.runScriptAsRawText(ScriptEngine.java:119)
	at com.kms.katalon.core.main.TestCaseExecutor.runScript(TestCaseExecutor.java:448)
	at com.kms.katalon.core.main.TestCaseExecutor.doExecute(TestCaseExecutor.java:439)
	at com.kms.katalon.core.main.TestCaseExecutor.processExecutionPhase(TestCaseExecutor.java:418)
	at com.kms.katalon.core.main.TestCaseExecutor.accessMainPhase(TestCaseExecutor.java:410)
	at com.kms.katalon.core.main.TestCaseExecutor.execute(TestCaseExecutor.java:285)
	at com.kms.katalon.core.common.CommonExecutor.accessTestCaseMainPhase(CommonExecutor.java:65)
	at com.kms.katalon.core.main.TestSuiteExecutor.accessTestSuiteMainPhase(TestSuiteExecutor.java:150)
	at com.kms.katalon.core.main.TestSuiteExecutor.execute(TestSuiteExecutor.java:106)
	at com.kms.katalon.core.main.TestCaseMain.startTestSuite(TestCaseMain.java:180)
	at TempTestSuite1733095732962.run(TempTestSuite1733095732962.groovy:35)
	at java.base/jdk.internal.reflect.NativeMethodAccessorImpl.invoke0(Native Method)
	at java.base/jdk.internal.reflect.NativeMethodAccessorImpl.invoke(NativeMethodAccessorImpl.java:77)
	at java.base/jdk.internal.reflect.DelegatingMethodAccessorImpl.invoke(DelegatingMethodAccessorImpl.java:43)
Caused by: com.kms.katalon.core.exception.StepFailedException: Unable to verify object is present
	... 23 more
Caused by: java.lang.IllegalArgumentException: Object is null
	at com.kms.katalon.core.helper.KeywordHelper.checkTestObjectParameter(KeywordHelper.java:33)
	at com.kms.katalon.core.webui.keyword.builtin.VerifyElementPresentKeyword$_verifyElementPresent_closure1.doCall(VerifyElementPresentKeyword.groovy:76)
	at com.kms.katalon.core.webui.keyword.builtin.VerifyElementPresentKeyword$_verifyElementPresent_closure1.call(VerifyElementPresentKeyword.groovy)
	at com.kms.katalon.core.webui.keyword.internal.WebUIKeywordMain.runKeyword(WebUIKeywordMain.groovy:20)
	... 21 more]]></system-err>
   </testsuite>
</testsuites>
