<?xml version="1.0" encoding="UTF-8"?>
<testsuites name="Блок руководителя под разными учётками" time="12068.382" tests="1" failures="0" errors="0">
   <testsuite name="Блок руководителя под разными учётками" tests="1" failures="0" errors="0" time="12068.382" skipped="0" timestamp="08-11-2024T13:37:04" hostname="liazgina-di - UVV-WS904-D.ot.ru" id="Test Suites/Пн-Ср-Пт/Блок руководителя под разными учётками">
      <properties>
         <property name="deviceName" value=""/>
         <property name="devicePlatform"/>
         <property name="logFolder" value="C:\\Users\\LIAZGINA-DI\\git\\SPORU\\Reports\\20241108_133700\\\u041F\u043D-\u0421\u0440-\u041F\u0442\\\u0411\u043B\u043E\u043A \u0440\u0443\u043A\u043E\u0432\u043E\u0434\u0438\u0442\u0435\u043B\u044F \u043F\u043E\u0434 \u0440\u0430\u0437\u043D\u044B\u043C\u0438 \u0443\u0447\u0451\u0442\u043A\u0430\u043C\u0438\\20241108_133700"/>
         <property name="logFiles" value="C:\\Users\\LIAZGINA-DI\\git\\SPORU\\Reports\\20241108_133700\\\u041F\u043D-\u0421\u0440-\u041F\u0442\\\u0411\u043B\u043E\u043A \u0440\u0443\u043A\u043E\u0432\u043E\u0434\u0438\u0442\u0435\u043B\u044F \u043F\u043E\u0434 \u0440\u0430\u0437\u043D\u044B\u043C\u0438 \u0443\u0447\u0451\u0442\u043A\u0430\u043C\u0438\\20241108_133700\\execution0.log"/>
         <property name="attachments" value=""/>
         <property name="hostName" value="liazgina-di - UVV-WS904-D.ot.ru"/>
         <property name="os" value="Windows 10 64bit"/>
         <property name="katalonVersion" value="9.5.0.217"/>
         <property name="browser" value="Chrome 130.0.0.0"/>
         <property name="hostAddress" value="192.168.0.19"/>
         <property name="sessionId" value="cad2b8c5494e646381626d9cd2d49a15"/>
         <property name="seleniumVersion" value="3.141.59"/>
         <property name="proxyInformation" value="ProxyInformation { proxyOption=NO_PROXY, proxyServerType=HTTP, username=, password=********, proxyServerAddress=, proxyServerPort=0, executionList=&quot;&quot;, isApplyToDesiredCapabilities=true }"/>
         <property name="platform" value="Windows 10"/>
      </properties>
      <testcase name="Test Cases/Сверки дашбордов/Блок руководителя сверка дашбордов под разными учётками" time="12068.202" classname="Test Cases/Сверки дашбордов/Блок руководителя сверка дашбордов под разными учётками" status="PASSED">
         <system-out><![CDATA[08-11-2024T13:37:05 - [TEST_CASE][PASSED] - Test Cases/Сверки дашбордов/Блок руководителя сверка дашбордов под разными учётками: Test Cases/Сверки дашбордов/Блок руководителя сверка дашбордов под разными учётками

08-11-2024T13:37:06 - [TEST_STEP][PASSED] - run = 1: null

08-11-2024T13:37:06 - [TEST_STEP][PASSED] - data = findTestData("PlanFact"): null

08-11-2024T13:37:07 - [TEST_STEP][PASSED] - n = <not implemented yet for class: org.codehaus.groovy.ast.expr.EmptyExpression>: null

08-11-2024T13:37:07 - [TEST_STEP][PASSED] - urlData = <not implemented yet for class: org.codehaus.groovy.ast.expr.EmptyExpression>: null

08-11-2024T13:37:07 - [TEST_STEP][PASSED] - dashboardName = <not implemented yet for class: org.codehaus.groovy.ast.expr.EmptyExpression>: null

08-11-2024T13:37:07 - [TEST_STEP][PASSED] - a1 = <not implemented yet for class: org.codehaus.groovy.ast.expr.EmptyExpression>: null

08-11-2024T13:37:07 - [TEST_STEP][PASSED] - a2 = <not implemented yet for class: org.codehaus.groovy.ast.expr.EmptyExpression>: null

08-11-2024T13:37:07 - [TEST_STEP][PASSED] - a3 = <not implemented yet for class: org.codehaus.groovy.ast.expr.EmptyExpression>: null

08-11-2024T13:37:07 - [TEST_STEP][PASSED] - a4 = <not implemented yet for class: org.codehaus.groovy.ast.expr.EmptyExpression>: null

08-11-2024T13:37:07 - [TEST_STEP][PASSED] - a5 = <not implemented yet for class: org.codehaus.groovy.ast.expr.EmptyExpression>: null

08-11-2024T13:37:07 - [TEST_STEP][PASSED] - a6 = <not implemented yet for class: org.codehaus.groovy.ast.expr.EmptyExpression>: null

08-11-2024T13:37:07 - [TEST_STEP][PASSED] - a7 = <not implemented yet for class: org.codehaus.groovy.ast.expr.EmptyExpression>: null

08-11-2024T13:37:07 - [TEST_STEP][PASSED] - a8 = <not implemented yet for class: org.codehaus.groovy.ast.expr.EmptyExpression>: null

08-11-2024T13:37:07 - [TEST_STEP][PASSED] - a9 = <not implemented yet for class: org.codehaus.groovy.ast.expr.EmptyExpression>: null

08-11-2024T13:37:07 - [TEST_STEP][PASSED] - user = <not implemented yet for class: org.codehaus.groovy.ast.expr.EmptyExpression>: null

08-11-2024T13:37:07 - [TEST_STEP][PASSED] - for ([run = 1, run < 4, (run++)]): null

08-11-2024T13:37:07 - [TEST_STEP][PASSED] - VipolnenieBiznesPlana(user, dashboardName, n, data, run, a1, a2, a3, a4, a5, a6, a7, a8, a9, urlData): null

08-11-2024T13:37:07 - [TEST_STEP][PASSED] - n = data.getRowNumbers() + 1: null

08-11-2024T13:37:07 - [TEST_STEP][PASSED] - println(n): null

08-11-2024T13:37:07 - [TEST_STEP][PASSED] - dashboardName = "Выполнение бизнес-плана": null

08-11-2024T13:37:07 - [TEST_STEP][PASSED] - openBrowser(""): Browser is opened with url: ''

08-11-2024T13:37:07 - [MESSAGE][INFO] - Starting 'Chrome' driver

08-11-2024T13:37:07 - [MESSAGE][INFO] - Action delay is set to 0 milliseconds

08-11-2024T13:37:09 - [MESSAGE][PASSED] - Browser is opened with url: ''

08-11-2024T13:37:09 - [TEST_STEP][PASSED] - urlData = 1: null

08-11-2024T13:37:09 - [TEST_STEP][PASSED] - Script1686231490255.CheckPageDownload(urlData, run): null

08-11-2024T13:37:09 - [TEST_STEP][PASSED] - i = 1: null

08-11-2024T13:37:09 - [TEST_STEP][PASSED] - ii = 0: null

08-11-2024T13:37:09 - [TEST_STEP][PASSED] - urlText = <not implemented yet for class: org.codehaus.groovy.ast.expr.EmptyExpression>: null

08-11-2024T13:37:09 - [TEST_STEP][PASSED] - searchWord = <not implemented yet for class: org.codehaus.groovy.ast.expr.EmptyExpression>: null

08-11-2024T13:37:09 - [TEST_STEP][PASSED] - deleteAllCookies(): Delete all cookies successfully

08-11-2024T13:37:09 - [MESSAGE][PASSED] - Delete all cookies successfully

08-11-2024T13:37:09 - [TEST_STEP][PASSED] - refresh(): Refresh successfully

08-11-2024T13:37:09 - [MESSAGE][PASSED] - Refresh successfully

08-11-2024T13:37:09 - [TEST_STEP][PASSED] - delay(65): Delayed 65 second(s)

08-11-2024T13:38:14 - [MESSAGE][PASSED] - Delayed 65 second(s)

08-11-2024T13:38:14 - [TEST_STEP][PASSED] - navigateToUrl(findTestData("PlanFact").getValue(10, urlData)): Navigate to 'https://bi.rosseti.digital/viewer?dashboardGuid=d154a8eaf6824e2b9de1bb04dd061c18&sheetGuid=1305e8ce744049e1abdacea1ea397a26&fit=true' successfully

08-11-2024T13:38:26 - [MESSAGE][PASSED] - Navigate to 'https://bi.rosseti.digital/viewer?dashboardGuid=d154a8eaf6824e2b9de1bb04dd061c18&sheetGuid=1305e8ce744049e1abdacea1ea397a26&fit=true' successfully

08-11-2024T13:38:26 - [TEST_STEP][PASSED] - pageLoaded1 = verifyElementPresent(findTestObject("Страница авторизации/Text"), 30): Object 'Object Repository/Страница авторизации/Text' is present

08-11-2024T13:38:26 - [MESSAGE][PASSED] - Object 'Object Repository/Страница авторизации/Text' is present

08-11-2024T13:38:26 - [TEST_STEP][PASSED] - if (pageLoaded1 == false): null

08-11-2024T13:38:26 - [TEST_STEP][PASSED] - urlText = getText(findTestObject("Страница авторизации/Text")): Text of object 'Object Repository/Страница авторизации/Text' is: 'Вход'

08-11-2024T13:38:26 - [MESSAGE][PASSED] - Text of object 'Object Repository/Страница авторизации/Text' is: 'Вход'

08-11-2024T13:38:26 - [TEST_STEP][PASSED] - delay(65): Delayed 65 second(s)

08-11-2024T13:39:31 - [MESSAGE][PASSED] - Delayed 65 second(s)

08-11-2024T13:39:31 - [TEST_STEP][PASSED] - searchWord = "Вход": null

08-11-2024T13:39:31 - [TEST_STEP][PASSED] - if (urlText.contains(searchWord) == false): null

08-11-2024T13:39:31 - [TEST_STEP][PASSED] - setText(findTestObject("Страница авторизации/input__username"), findTestData("PlanFact").getValue(8, run)): Text 'liazgina-di' is set on object 'Object Repository/Страница авторизации/input__username'

08-11-2024T13:39:32 - [MESSAGE][PASSED] - Text 'liazgina-di' is set on object 'Object Repository/Страница авторизации/input__username'

08-11-2024T13:39:32 - [TEST_STEP][PASSED] - setText(findTestObject("Страница авторизации/input__password"), findTestData("PlanFact").getValue(9, run)): Text ')$%5srZ8o688Dm#q' is set on object 'Object Repository/Страница авторизации/input__password'

08-11-2024T13:39:33 - [MESSAGE][PASSED] - Text ')$%5srZ8o688Dm#q' is set on object 'Object Repository/Страница авторизации/input__password'

08-11-2024T13:39:33 - [TEST_STEP][PASSED] - click(findTestObject("Страница авторизации/button_")): Object: 'Object Repository/Страница авторизации/button_' is clicked on

08-11-2024T13:39:38 - [MESSAGE][PASSED] - Object: 'Object Repository/Страница авторизации/button_' is clicked on

08-11-2024T13:39:38 - [TEST_STEP][PASSED] - delay(65): Delayed 65 second(s)

08-11-2024T13:40:43 - [MESSAGE][PASSED] - Delayed 65 second(s)

08-11-2024T13:40:43 - [TEST_STEP][PASSED] - searchWord = "а": null

08-11-2024T13:40:43 - [TEST_STEP][PASSED] - pageLoaded2 = verifyElementPresent(findTestObject("Страница авторизации/Text"), 50): Object 'Object Repository/Страница авторизации/Text' is present

08-11-2024T13:41:13 - [MESSAGE][PASSED] - Object 'Object Repository/Страница авторизации/Text' is present

08-11-2024T13:41:13 - [TEST_STEP][PASSED] - if (pageLoaded2 == false): null

08-11-2024T13:41:13 - [TEST_STEP][PASSED] - urlText = getText(findTestObject("Страница авторизации/Text")): Text of object 'Object Repository/Страница авторизации/Text' is: 'ДЗО 
Все
Период
1, 2, 3 кв. 2024 года
Отклонения фактического уровня потерь от бизнес-плана, п.п.
-0.07
4.08
3.97
-0.05
0.09
-0.51
-0.25
АО «Тываэнерго»
АО «Чеченэнерго»
Россети Северный Кавказ
Россети Сибирь
Россети Тюмень
Россети Центр (ГК)
Россети Центр и Приволжье (ГК)
-1
0
1
2
3
4
5
6
7

Уровень потерь электроэнергии
АО «Тываэнерго»
АО «Чеченэнерго»
Россети Северный Кавказ
Россети Сибирь
Россети Тюмень
Россети Центр (ГК)
Россети Центр и Приволжье (ГК)
0
10
20
30
40
50
60
70
21.03
|
33.46
24.18
6.97
|
2.51
9.98
|
6.88
|
20.96
37.54
|
28.15
|
6.92
2.60
|
9.48
6.63
п.п.
0.04
Итого
0
0.02
0.04
0.06
%
5.24 5.24
5.21 5.21
План
Факт
1
100

● Бизнес-план выполнен● ●● Превышение бизнес-плана
Отклонения фактического уровня потерь от бизнес-плана за 3 месяца (нарастающим итогом), п.п.
0.10.1
3.73.7
3.83.8
-0.1-0.1
0.10.1
-0.5-0.5
-0.2-0.2
-0.0-0.0
4.14.1
4.04.0
-0.1-0.1
0.10.1
-0.4-0.4
-0.2-0.2
-0.1-0.1
4.14.1
4.04.0
-0.0-0.0
0.10.1
-0.5-0.5
-0.2-0.2
Россети ФСКЕЭС
АО«Тываэнерго»
АО«Чеченэнерго»
Россети Волга
РоссетиКубань
РоссетиЛенэнерго (ГК)
РоссетиМосковскийрегион
РоссетиСеверныйКавказ (ГК)
Россети Северо-Запад
Россети Сибирь(ГК)
Россети Томск
Россети Тюмень
Россети Урал(ГК)
Россети Центр
Россети Центр иПриволжье (ГК)
Россети Юг (Г…
РоссетиЯнтарь
0
-5
5
п.п.
Отклонения фактического уровня потерь от бизнес-плана за 3 месяца (нарастающим итогом)
-0.2-0.2
-0.4-0.4
0.10.1
-0.1-0.1
-0.3-0.3
4.14.1
-1.9-1.9
-0.2-0.2
-0.5-0.5
-0.1-0.1
0.40.4
-0.7-0.7
-0.4-0.4
7.97.9
0.10.1
13.113.1
-0.2-0.2
-0.3-0.3
-0.0-0.0
0.20.2
-0.1-0.1
4.24.2
-1.7-1.7
-0.1-0.1
-0.3-0.3
-0.1-0.1
0.30.3
-0.7-0.7
-0.4-0.4
8.48.4
0.20.2
13.213.2
-0.3-0.3
-0.1-0.1
-0.5-0.5
-0.3-0.3
-1.8-1.8
-0.1-0.1
-0.3-0.3
-0.2-0.2
0.40.4
-0.7-0.7
-0.4-0.4
0.30.3
Итого по ФСК ЕЭС
Каббалкэнерго
Калмэнерго
Калугаэнерго
Карачаево-Черкесскэнерго
АО "Кинешемская электросеть"
АО "Тываэнерго"
АО «ВМЭС»
АО «Воронежская горэлектросеть»
АО «Тульские городские электрические сети»
АО «Чеченэнерго»
АО «Ярославская электросетевая компания»
АО ЕЭСК
Алтайэнерго
Архангельский филиал
Астраханьэнерго
Белгородэнерго
Брянскэнерго
Бурятэнерго
Владимирэнерго
Волгоградэнерго
Вологодский филиал
Воронежэнерго
Дагэнерго
Ивэнерго
Ингушэнерго
-5
15

Статус данных
Просьба обратить внимание
— все данные не занесены
Факт
План
Итого – Факт
Отпуск в сеть 190 364 468
Отпуск из сети 173 587 890
Потери 16 776 578
Итого – План
Отпуск в сеть 185 718 021
Отпуск из сети 170 013 641
Потери 15 704 380
Выполнение бизнес-плана в части показателя «Уровень потерь электроэнергии»
Показатели баланса электроэнергии по ДЗО – Факт 
572 217 2 784 252 15 734 909 46 928 172 39 079 081 44 371 600 40 894 236
452 291 1 738 957 11 305 954 43 678 766 38 062 639 40 166 359 38 182 923
119 926 1 045 295 4 428 955 3 249 406 1 016 442 4 205 240 2 711 313
Показатели баланса электроэнергии по ДЗО – План
544 127 2 583 877 14 755 136 44 875 501 40 452 567 43 055 315 39 451 497
429 681 1 719 315 11 187 191 41 746 891 39 436 282 38 756 246 36 738 034
114 446 864 562 3 567 945 3 128 610 1 016 285 4 299 069 2 713 463'

08-11-2024T13:41:19 - [MESSAGE][PASSED] - Text of object 'Object Repository/Страница авторизации/Text' is: 'ДЗО 
Все
Период
1, 2, 3 кв. 2024 года
Отклонения фактического уровня потерь от бизнес-плана, п.п.
-0.07
4.08
3.97
-0.05
0.09
-0.51
-0.25
АО «Тываэнерго»
АО «Чеченэнерго»
Россети Северный Кавказ
Россети Сибирь
Россети Тюмень
Россети Центр (ГК)
Россети Центр и Приволжье (ГК)
-1
0
1
2
3
4
5
6
7

Уровень потерь электроэнергии
АО «Тываэнерго»
АО «Чеченэнерго»
Россети Северный Кавказ
Россети Сибирь
Россети Тюмень
Россети Центр (ГК)
Россети Центр и Приволжье (ГК)
0
10
20
30
40
50
60
70
21.03
|
33.46
24.18
6.97
|
2.51
9.98
|
6.88
|
20.96
37.54
|
28.15
|
6.92
2.60
|
9.48
6.63
п.п.
0.04
Итого
0
0.02
0.04
0.06
%
5.24 5.24
5.21 5.21
План
Факт
1
100

● Бизнес-план выполнен● ●● Превышение бизнес-плана
Отклонения фактического уровня потерь от бизнес-плана за 3 месяца (нарастающим итогом), п.п.
0.10.1
3.73.7
3.83.8
-0.1-0.1
0.10.1
-0.5-0.5
-0.2-0.2
-0.0-0.0
4.14.1
4.04.0
-0.1-0.1
0.10.1
-0.4-0.4
-0.2-0.2
-0.1-0.1
4.14.1
4.04.0
-0.0-0.0
0.10.1
-0.5-0.5
-0.2-0.2
Россети ФСКЕЭС
АО«Тываэнерго»
АО«Чеченэнерго»
Россети Волга
РоссетиКубань
РоссетиЛенэнерго (ГК)
РоссетиМосковскийрегион
РоссетиСеверныйКавказ (ГК)
Россети Северо-Запад
Россети Сибирь(ГК)
Россети Томск
Россети Тюмень
Россети Урал(ГК)
Россети Центр
Россети Центр иПриволжье (ГК)
Россети Юг (Г…
РоссетиЯнтарь
0
-5
5
п.п.
Отклонения фактического уровня потерь от бизнес-плана за 3 месяца (нарастающим итогом)
-0.2-0.2
-0.4-0.4
0.10.1
-0.1-0.1
-0.3-0.3
4.14.1
-1.9-1.9
-0.2-0.2
-0.5-0.5
-0.1-0.1
0.40.4
-0.7-0.7
-0.4-0.4
7.97.9
0.10.1
13.113.1
-0.2-0.2
-0.3-0.3
-0.0-0.0
0.20.2
-0.1-0.1
4.24.2
-1.7-1.7
-0.1-0.1
-0.3-0.3
-0.1-0.1
0.30.3
-0.7-0.7
-0.4-0.4
8.48.4
0.20.2
13.213.2
-0.3-0.3
-0.1-0.1
-0.5-0.5
-0.3-0.3
-1.8-1.8
-0.1-0.1
-0.3-0.3
-0.2-0.2
0.40.4
-0.7-0.7
-0.4-0.4
0.30.3
Итого по ФСК ЕЭС
Каббалкэнерго
Калмэнерго
Калугаэнерго
Карачаево-Черкесскэнерго
АО "Кинешемская электросеть"
АО "Тываэнерго"
АО «ВМЭС»
АО «Воронежская горэлектросеть»
АО «Тульские городские электрические сети»
АО «Чеченэнерго»
АО «Ярославская электросетевая компания»
АО ЕЭСК
Алтайэнерго
Архангельский филиал
Астраханьэнерго
Белгородэнерго
Брянскэнерго
Бурятэнерго
Владимирэнерго
Волгоградэнерго
Вологодский филиал
Воронежэнерго
Дагэнерго
Ивэнерго
Ингушэнерго
-5
15

Статус данных
Просьба обратить внимание
— все данные не занесены
Факт
План
Итого – Факт
Отпуск в сеть 190 364 468
Отпуск из сети 173 587 890
Потери 16 776 578
Итого – План
Отпуск в сеть 185 718 021
Отпуск из сети 170 013 641
Потери 15 704 380
Выполнение бизнес-плана в части показателя «Уровень потерь электроэнергии»
Показатели баланса электроэнергии по ДЗО – Факт 
572 217 2 784 252 15 734 909 46 928 172 39 079 081 44 371 600 40 894 236
452 291 1 738 957 11 305 954 43 678 766 38 062 639 40 166 359 38 182 923
119 926 1 045 295 4 428 955 3 249 406 1 016 442 4 205 240 2 711 313
Показатели баланса электроэнергии по ДЗО – План
544 127 2 583 877 14 755 136 44 875 501 40 452 567 43 055 315 39 451 497
429 681 1 719 315 11 187 191 41 746 891 39 436 282 38 756 246 36 738 034
114 446 864 562 3 567 945 3 128 610 1 016 285 4 299 069 2 713 463'

08-11-2024T13:41:19 - [TEST_STEP][PASSED] - if (urlText.contains("ошибка") || urlText.contains(searchWord) == false): null

08-11-2024T13:41:19 - [TEST_STEP][PASSED] - Script1686231490255.ZakrytOpoveshenie(): null

08-11-2024T13:41:19 - [TEST_STEP][PASSED] - opoveshenie = getText(findTestObject("Выполнение бизнес-плана/Просьба обратить внимание")): Text of object 'Object Repository/Выполнение бизнес-плана/Просьба обратить внимание' is: 'Просьба обратить внимание'

08-11-2024T13:41:19 - [MESSAGE][PASSED] - Text of object 'Object Repository/Выполнение бизнес-плана/Просьба обратить внимание' is: 'Просьба обратить внимание'

08-11-2024T13:41:19 - [TEST_STEP][PASSED] - println(opoveshenie): null

08-11-2024T13:41:19 - [TEST_STEP][PASSED] - if (opoveshenie == "Просьба обратить внимание"): Object: 'Object Repository/Выполнение бизнес-плана/Закрыть оповещение' is clicked on

08-11-2024T13:41:19 - [TEST_STEP][PASSED] - click(findTestObject("Выполнение бизнес-плана/Закрыть оповещение")): Object: 'Object Repository/Выполнение бизнес-плана/Закрыть оповещение' is clicked on

08-11-2024T13:41:20 - [MESSAGE][PASSED] - Object: 'Object Repository/Выполнение бизнес-плана/Закрыть оповещение' is clicked on

08-11-2024T13:41:20 - [TEST_STEP][PASSED] - click(findTestObject("Object Repository/Выполнение бизнес-плана/Фильтр Дата")): Object: 'Object Repository/Выполнение бизнес-плана/Фильтр Дата' is clicked on

08-11-2024T13:41:20 - [MESSAGE][PASSED] - Object: 'Object Repository/Выполнение бизнес-плана/Фильтр Дата' is clicked on

08-11-2024T13:41:20 - [TEST_STEP][PASSED] - click(findTestObject("Выполнение бизнес-плана/Снять выделение в фильтре Дата")): Object: 'Object Repository/Выполнение бизнес-плана/Снять выделение в фильтре Дата' is clicked on

08-11-2024T13:41:21 - [MESSAGE][PASSED] - Object: 'Object Repository/Выполнение бизнес-плана/Снять выделение в фильтре Дата' is clicked on

08-11-2024T13:41:21 - [TEST_STEP][PASSED] - click(findTestObject("Object Repository/Выполнение бизнес-плана/Применить в фильтре Дата")): Object: 'Object Repository/Выполнение бизнес-плана/Применить в фильтре Дата' is clicked on

08-11-2024T13:41:21 - [MESSAGE][PASSED] - Object: 'Object Repository/Выполнение бизнес-плана/Применить в фильтре Дата' is clicked on

08-11-2024T13:41:21 - [TEST_STEP][PASSED] - delay(65): Delayed 65 second(s)

08-11-2024T13:42:26 - [MESSAGE][PASSED] - Delayed 65 second(s)

08-11-2024T13:42:26 - [TEST_STEP][PASSED] - Script1686231490255.ZakrytOpoveshenie(): null

08-11-2024T13:42:26 - [TEST_STEP][PASSED] - opoveshenie = getText(findTestObject("Выполнение бизнес-плана/Просьба обратить внимание")): Text of object 'Object Repository/Выполнение бизнес-плана/Просьба обратить внимание' is: 'Просьба обратить внимание'

08-11-2024T13:42:27 - [MESSAGE][PASSED] - Text of object 'Object Repository/Выполнение бизнес-плана/Просьба обратить внимание' is: 'Просьба обратить внимание'

08-11-2024T13:42:27 - [TEST_STEP][PASSED] - println(opoveshenie): null

08-11-2024T13:42:27 - [TEST_STEP][PASSED] - if (opoveshenie == "Просьба обратить внимание"): Object: 'Object Repository/Выполнение бизнес-плана/Закрыть оповещение' is clicked on

08-11-2024T13:42:27 - [TEST_STEP][PASSED] - click(findTestObject("Выполнение бизнес-плана/Закрыть оповещение")): Object: 'Object Repository/Выполнение бизнес-плана/Закрыть оповещение' is clicked on

08-11-2024T13:42:27 - [MESSAGE][PASSED] - Object: 'Object Repository/Выполнение бизнес-плана/Закрыть оповещение' is clicked on

08-11-2024T13:42:27 - [TEST_STEP][PASSED] - click(findTestObject("Object Repository/Выполнение бизнес-плана/Фильтр Дата")): Object: 'Object Repository/Выполнение бизнес-плана/Фильтр Дата' is clicked on

08-11-2024T13:42:27 - [MESSAGE][PASSED] - Object: 'Object Repository/Выполнение бизнес-плана/Фильтр Дата' is clicked on

08-11-2024T13:42:27 - [TEST_STEP][PASSED] - scrollToElement(findTestObject("Выполнение бизнес-плана/2024 список"), 30): Scroll to object 'Object Repository/Выполнение бизнес-плана/2024 список' successfully

08-11-2024T13:42:28 - [MESSAGE][PASSED] - Scroll to object 'Object Repository/Выполнение бизнес-плана/2024 список' successfully

08-11-2024T13:42:28 - [TEST_STEP][PASSED] - click(findTestObject("Выполнение бизнес-плана/2024 список")): Object: 'Object Repository/Выполнение бизнес-плана/2024 список' is clicked on

08-11-2024T13:42:28 - [MESSAGE][PASSED] - Object: 'Object Repository/Выполнение бизнес-плана/2024 список' is clicked on

08-11-2024T13:42:28 - [TEST_STEP][PASSED] - scrollToElement(findTestObject("Выполнение бизнес-плана/4 квартал 2024 список"), 30): Scroll to object 'Object Repository/Выполнение бизнес-плана/4 квартал 2024 список' successfully

08-11-2024T13:42:29 - [MESSAGE][PASSED] - Scroll to object 'Object Repository/Выполнение бизнес-плана/4 квартал 2024 список' successfully

08-11-2024T13:42:29 - [TEST_STEP][PASSED] - scrollToElement(findTestObject("Выполнение бизнес-плана/Заголовок дашборда"), 30): Scroll to object 'Object Repository/Выполнение бизнес-плана/Заголовок дашборда' successfully

08-11-2024T13:42:29 - [MESSAGE][PASSED] - Scroll to object 'Object Repository/Выполнение бизнес-плана/Заголовок дашборда' successfully

08-11-2024T13:42:29 - [TEST_STEP][PASSED] - click(findTestObject("Выполнение бизнес-плана/1 квартал 2024 список")): Object: 'Object Repository/Выполнение бизнес-плана/1 квартал 2024 список' is clicked on

08-11-2024T13:42:29 - [MESSAGE][PASSED] - Object: 'Object Repository/Выполнение бизнес-плана/1 квартал 2024 список' is clicked on

08-11-2024T13:42:29 - [TEST_STEP][PASSED] - click(findTestObject("Выполнение бизнес-плана/Январь 2024")): Object: 'Object Repository/Выполнение бизнес-плана/Январь 2024' is clicked on

08-11-2024T13:42:30 - [MESSAGE][PASSED] - Object: 'Object Repository/Выполнение бизнес-плана/Январь 2024' is clicked on

08-11-2024T13:42:30 - [TEST_STEP][PASSED] - click(findTestObject("Выполнение бизнес-плана/Февраль 2024")): Object: 'Object Repository/Выполнение бизнес-плана/Февраль 2024' is clicked on

08-11-2024T13:42:30 - [MESSAGE][PASSED] - Object: 'Object Repository/Выполнение бизнес-плана/Февраль 2024' is clicked on

08-11-2024T13:42:30 - [TEST_STEP][PASSED] - click(findTestObject("Выполнение бизнес-плана/Март 2024")): Object: 'Object Repository/Выполнение бизнес-плана/Март 2024' is clicked on

08-11-2024T13:42:31 - [MESSAGE][PASSED] - Object: 'Object Repository/Выполнение бизнес-плана/Март 2024' is clicked on

08-11-2024T13:42:31 - [TEST_STEP][PASSED] - scrollToElement(findTestObject("Выполнение бизнес-плана/2 квартал 2024"), 30): Scroll to object 'Object Repository/Выполнение бизнес-плана/2 квартал 2024' successfully

08-11-2024T13:42:31 - [MESSAGE][PASSED] - Scroll to object 'Object Repository/Выполнение бизнес-плана/2 квартал 2024' successfully

08-11-2024T13:42:31 - [TEST_STEP][PASSED] - click(findTestObject("Выполнение бизнес-плана/2 квартал 2024")): Object: 'Object Repository/Выполнение бизнес-плана/2 квартал 2024' is clicked on

08-11-2024T13:42:32 - [MESSAGE][PASSED] - Object: 'Object Repository/Выполнение бизнес-плана/2 квартал 2024' is clicked on

08-11-2024T13:42:32 - [TEST_STEP][PASSED] - scrollToElement(findTestObject("Выполнение бизнес-плана/3 квартал 2024 список"), 30): Scroll to object 'Object Repository/Выполнение бизнес-плана/3 квартал 2024 список' successfully

08-11-2024T13:42:32 - [MESSAGE][PASSED] - Scroll to object 'Object Repository/Выполнение бизнес-плана/3 квартал 2024 список' successfully

08-11-2024T13:42:32 - [TEST_STEP][PASSED] - click(findTestObject("Выполнение бизнес-плана/3 квартал 2024"), CONTINUE_ON_FAILURE): Object: 'Object Repository/Выполнение бизнес-плана/3 квартал 2024' is clicked on

08-11-2024T13:42:33 - [MESSAGE][PASSED] - Object: 'Object Repository/Выполнение бизнес-плана/3 квартал 2024' is clicked on

08-11-2024T13:42:33 - [TEST_STEP][PASSED] - click(findTestObject("Object Repository/Выполнение бизнес-плана/Применить в фильтре Дата")): Object: 'Object Repository/Выполнение бизнес-плана/Применить в фильтре Дата' is clicked on

08-11-2024T13:42:34 - [MESSAGE][PASSED] - Object: 'Object Repository/Выполнение бизнес-плана/Применить в фильтре Дата' is clicked on

08-11-2024T13:42:34 - [TEST_STEP][PASSED] - scrollToElement(findTestObject("Выполнение бизнес-плана/Заголовок дашборда"), 30): Scroll to object 'Object Repository/Выполнение бизнес-плана/Заголовок дашборда' successfully

08-11-2024T13:43:04 - [MESSAGE][PASSED] - Scroll to object 'Object Repository/Выполнение бизнес-плана/Заголовок дашборда' successfully

08-11-2024T13:43:04 - [TEST_STEP][PASSED] - delay(65): Delayed 65 second(s)

08-11-2024T13:44:09 - [MESSAGE][PASSED] - Delayed 65 second(s)

08-11-2024T13:44:09 - [TEST_STEP][PASSED] - Script1686231490255.ZakrytOpoveshenie(): null

08-11-2024T13:44:09 - [TEST_STEP][PASSED] - opoveshenie = getText(findTestObject("Выполнение бизнес-плана/Просьба обратить внимание")): Text of object 'Object Repository/Выполнение бизнес-плана/Просьба обратить внимание' is: 'Просьба обратить внимание'

08-11-2024T13:44:09 - [MESSAGE][PASSED] - Text of object 'Object Repository/Выполнение бизнес-плана/Просьба обратить внимание' is: 'Просьба обратить внимание'

08-11-2024T13:44:09 - [TEST_STEP][PASSED] - println(opoveshenie): null

08-11-2024T13:44:09 - [TEST_STEP][PASSED] - if (opoveshenie == "Просьба обратить внимание"): Object: 'Object Repository/Выполнение бизнес-плана/Закрыть оповещение' is clicked on

08-11-2024T13:44:09 - [TEST_STEP][PASSED] - click(findTestObject("Выполнение бизнес-плана/Закрыть оповещение")): Object: 'Object Repository/Выполнение бизнес-плана/Закрыть оповещение' is clicked on

08-11-2024T13:44:09 - [MESSAGE][PASSED] - Object: 'Object Repository/Выполнение бизнес-плана/Закрыть оповещение' is clicked on

08-11-2024T13:44:09 - [TEST_STEP][PASSED] - click(findTestObject("Object Repository/Выполнение бизнес-плана/Фильтр ДЗО")): Object: 'Object Repository/Выполнение бизнес-плана/Фильтр ДЗО' is clicked on

08-11-2024T13:44:10 - [MESSAGE][PASSED] - Object: 'Object Repository/Выполнение бизнес-плана/Фильтр ДЗО' is clicked on

08-11-2024T13:44:10 - [TEST_STEP][PASSED] - click(findTestObject("Выполнение бизнес-плана/Снять выделение в фильтре ДЗО")): Object: 'Object Repository/Выполнение бизнес-плана/Снять выделение в фильтре ДЗО' is clicked on

08-11-2024T13:44:10 - [MESSAGE][PASSED] - Object: 'Object Repository/Выполнение бизнес-плана/Снять выделение в фильтре ДЗО' is clicked on

08-11-2024T13:44:10 - [TEST_STEP][PASSED] - click(findTestObject("Выполнение бизнес-плана/ПАО Россети")): Object: 'Object Repository/Выполнение бизнес-плана/ПАО Россети' is clicked on

08-11-2024T13:44:11 - [MESSAGE][PASSED] - Object: 'Object Repository/Выполнение бизнес-плана/ПАО Россети' is clicked on

08-11-2024T13:44:11 - [TEST_STEP][PASSED] - click(findTestObject("Object Repository/Выполнение бизнес-плана/Применить в фильтре ДЗО")): Object: 'Object Repository/Выполнение бизнес-плана/Применить в фильтре ДЗО' is clicked on

08-11-2024T13:44:12 - [MESSAGE][PASSED] - Object: 'Object Repository/Выполнение бизнес-плана/Применить в фильтре ДЗО' is clicked on

08-11-2024T13:44:12 - [TEST_STEP][PASSED] - delay(65): Delayed 65 second(s)

08-11-2024T13:45:17 - [MESSAGE][PASSED] - Delayed 65 second(s)

08-11-2024T13:45:17 - [TEST_STEP][PASSED] - if (run == 1): null

08-11-2024T13:45:17 - [TEST_STEP][PASSED] - user = "админ": null

08-11-2024T13:45:17 - [TEST_STEP][PASSED] - a1 = getText(findTestObject("Выполнение бизнес-плана/Проценты")): Text of object 'Object Repository/Выполнение бизнес-плана/Проценты' is: '%
5.24 5.24
5.21 5.21
План
Факт
1
100'

08-11-2024T13:45:17 - [MESSAGE][PASSED] - Text of object 'Object Repository/Выполнение бизнес-плана/Проценты' is: '%
5.24 5.24
5.21 5.21
План
Факт
1
100'

08-11-2024T13:45:17 - [TEST_STEP][PASSED] - a2 = getText(findTestObject("Выполнение бизнес-плана/vidget 2")): Text of object 'Object Repository/Выполнение бизнес-плана/vidget 2' is: 'АО «Тываэнерго»
АО «Чеченэнерго»
Россети Северный Кавказ
Россети Сибирь
Россети Тюмень
Россети Центр (ГК)
Россети Центр и Приволжье (ГК)
0
10
20
30
40
50
60
70'

08-11-2024T13:45:17 - [MESSAGE][PASSED] - Text of object 'Object Repository/Выполнение бизнес-плана/vidget 2' is: 'АО «Тываэнерго»
АО «Чеченэнерго»
Россети Северный Кавказ
Россети Сибирь
Россети Тюмень
Россети Центр (ГК)
Россети Центр и Приволжье (ГК)
0
10
20
30
40
50
60
70'

08-11-2024T13:45:17 - [TEST_STEP][PASSED] - a3 = getText(findTestObject("Выполнение бизнес-плана/table")): Text of object 'Object Repository/Выполнение бизнес-плана/table' is: ''

08-11-2024T13:45:18 - [MESSAGE][PASSED] - Text of object 'Object Repository/Выполнение бизнес-плана/table' is: ''

08-11-2024T13:45:18 - [TEST_STEP][PASSED] - a4 = getText(findTestObject("Выполнение бизнес-плана/Список ДЗО")): Text of object 'Object Repository/Выполнение бизнес-плана/Список ДЗО' is: '-0.07
4.08
3.97
-0.05
0.09
-0.51
-0.25
АО «Тываэнерго»
АО «Чеченэнерго»
Россети Северный Кавказ
Россети Сибирь
Россети Тюмень
Россети Центр (ГК)
Россети Центр и Приволжье (ГК)
-1
0
1
2
3
4
5
6
7'

08-11-2024T13:45:18 - [MESSAGE][PASSED] - Text of object 'Object Repository/Выполнение бизнес-плана/Список ДЗО' is: '-0.07
4.08
3.97
-0.05
0.09
-0.51
-0.25
АО «Тываэнерго»
АО «Чеченэнерго»
Россети Северный Кавказ
Россети Сибирь
Россети Тюмень
Россети Центр (ГК)
Россети Центр и Приволжье (ГК)
-1
0
1
2
3
4
5
6
7'

08-11-2024T13:45:18 - [TEST_STEP][PASSED] - a5 = getText(findTestObject("Выполнение бизнес-плана/svg1")): Text of object 'Object Repository/Выполнение бизнес-плана/svg1' is: '%
5.24 5.24
5.21 5.21
План
Факт
1
100'

08-11-2024T13:45:18 - [MESSAGE][PASSED] - Text of object 'Object Repository/Выполнение бизнес-плана/svg1' is: '%
5.24 5.24
5.21 5.21
План
Факт
1
100'

08-11-2024T13:45:18 - [TEST_STEP][PASSED] - a6 = getText(findTestObject("Выполнение бизнес-плана/svg2")): Text of object 'Object Repository/Выполнение бизнес-плана/svg2' is: 'п.п.
0.04
Итого
0
0.02
0.04
0.06'

08-11-2024T13:45:19 - [MESSAGE][PASSED] - Text of object 'Object Repository/Выполнение бизнес-плана/svg2' is: 'п.п.
0.04
Итого
0
0.02
0.04
0.06'

08-11-2024T13:45:19 - [TEST_STEP][PASSED] - a7 = getText(findTestObject("Выполнение бизнес-плана/Значения со страницы Выполнение бизнес-плана/Факт Отпуск в сеть за отчётный период ПАО Россети")): Text of object 'Object Repository/Выполнение бизнес-плана/Значения со страницы Выполнение бизнес-плана/Факт Отпуск в сеть за отчётный период ПАО Россети' is: '190 364 468'

08-11-2024T13:45:19 - [MESSAGE][PASSED] - Text of object 'Object Repository/Выполнение бизнес-плана/Значения со страницы Выполнение бизнес-плана/Факт Отпуск в сеть за отчётный период ПАО Россети' is: '190 364 468'

08-11-2024T13:45:19 - [TEST_STEP][PASSED] - a8 = getText(findTestObject("Выполнение бизнес-плана/Значения со страницы Выполнение бизнес-плана/Факт Отпуск из сети за отчётный период ПАО Россети")): Text of object 'Object Repository/Выполнение бизнес-плана/Значения со страницы Выполнение бизнес-плана/Факт Отпуск из сети за отчётный период ПАО Россети' is: '173 587 890'

08-11-2024T13:45:19 - [MESSAGE][PASSED] - Text of object 'Object Repository/Выполнение бизнес-плана/Значения со страницы Выполнение бизнес-плана/Факт Отпуск из сети за отчётный период ПАО Россети' is: '173 587 890'

08-11-2024T13:45:19 - [TEST_STEP][PASSED] - a9 = getText(findTestObject("Выполнение бизнес-плана/Значения со страницы Выполнение бизнес-плана/Факт Потери за отчётный период ПАО Россети")): Text of object 'Object Repository/Выполнение бизнес-плана/Значения со страницы Выполнение бизнес-плана/Факт Потери за отчётный период ПАО Россети' is: '16 776 578'

08-11-2024T13:45:20 - [MESSAGE][PASSED] - Text of object 'Object Repository/Выполнение бизнес-плана/Значения со страницы Выполнение бизнес-плана/Факт Потери за отчётный период ПАО Россети' is: '16 776 578'

08-11-2024T13:45:20 - [TEST_STEP][PASSED] - Script1686231490255.WriteToExcel(user, dashboardName, n, data, run, a1, a2, a3, a4, a5, a6, a7, a8, a9): null

08-11-2024T13:45:20 - [TEST_STEP][PASSED] - sheetName = "Sheet1": null

08-11-2024T13:45:20 - [TEST_STEP][PASSED] - workbook01 = getWorkbook(excelFilePath): null

08-11-2024T13:45:20 - [TEST_STEP][PASSED] - sheet01 = getExcelSheet(workbook01, sheetName): null

08-11-2024T13:45:20 - [TEST_STEP][PASSED] - setValueToCellByIndex(sheet01, n, 0, dashboardName): null

08-11-2024T13:45:20 - [TEST_STEP][PASSED] - setValueToCellByIndex(sheet01, n, 10, user): null

08-11-2024T13:45:20 - [TEST_STEP][PASSED] - setValueToCellByIndex(sheet01, n, 1, a1): null

08-11-2024T13:45:20 - [TEST_STEP][PASSED] - setValueToCellByIndex(sheet01, n, 2, a2): null

08-11-2024T13:45:20 - [TEST_STEP][PASSED] - setValueToCellByIndex(sheet01, n, 3, a3): null

08-11-2024T13:45:20 - [TEST_STEP][PASSED] - setValueToCellByIndex(sheet01, n, 4, a4): null

08-11-2024T13:45:20 - [TEST_STEP][PASSED] - setValueToCellByIndex(sheet01, n, 5, a5): null

08-11-2024T13:45:20 - [TEST_STEP][PASSED] - setValueToCellByIndex(sheet01, n, 6, a6): null

08-11-2024T13:45:20 - [TEST_STEP][PASSED] - setValueToCellByIndex(sheet01, n, 7, a7): null

08-11-2024T13:45:20 - [TEST_STEP][PASSED] - setValueToCellByIndex(sheet01, n, 8, a8): null

08-11-2024T13:45:20 - [TEST_STEP][PASSED] - setValueToCellByIndex(sheet01, n, 9, a9): null

08-11-2024T13:45:20 - [TEST_STEP][PASSED] - n = n + 1: null

08-11-2024T13:45:20 - [TEST_STEP][PASSED] - saveWorkbook(excelFilePath, workbook01): null

08-11-2024T13:45:20 - [TEST_STEP][PASSED] - if (run == 2): null

08-11-2024T13:45:20 - [TEST_STEP][PASSED] - if (run == 3): null

08-11-2024T13:45:20 - [TEST_STEP][PASSED] - closeBrowser(): null

08-11-2024T13:45:21 - [MESSAGE][PASSED] - Browser is closed

08-11-2024T13:45:21 - [TEST_STEP][PASSED] - VipolnenieBiznesPlana(user, dashboardName, n, data, run, a1, a2, a3, a4, a5, a6, a7, a8, a9, urlData): null

08-11-2024T13:45:21 - [TEST_STEP][PASSED] - n = data.getRowNumbers() + 1: null

08-11-2024T13:45:21 - [TEST_STEP][PASSED] - println(n): null

08-11-2024T13:45:21 - [TEST_STEP][PASSED] - dashboardName = "Выполнение бизнес-плана": null

08-11-2024T13:45:21 - [TEST_STEP][PASSED] - openBrowser(""): Browser is opened with url: ''

08-11-2024T13:45:21 - [MESSAGE][INFO] - Starting 'Chrome' driver

08-11-2024T13:45:21 - [MESSAGE][INFO] - Action delay is set to 0 milliseconds

08-11-2024T13:45:22 - [MESSAGE][PASSED] - Browser is opened with url: ''

08-11-2024T13:45:22 - [TEST_STEP][PASSED] - urlData = 1: null

08-11-2024T13:45:22 - [TEST_STEP][PASSED] - Script1686231490255.CheckPageDownload(urlData, run): null

08-11-2024T13:45:22 - [TEST_STEP][PASSED] - i = 1: null

08-11-2024T13:45:22 - [TEST_STEP][PASSED] - ii = 0: null

08-11-2024T13:45:22 - [TEST_STEP][PASSED] - urlText = <not implemented yet for class: org.codehaus.groovy.ast.expr.EmptyExpression>: null

08-11-2024T13:45:22 - [TEST_STEP][PASSED] - searchWord = <not implemented yet for class: org.codehaus.groovy.ast.expr.EmptyExpression>: null

08-11-2024T13:45:22 - [TEST_STEP][PASSED] - deleteAllCookies(): Delete all cookies successfully

08-11-2024T13:45:22 - [MESSAGE][PASSED] - Delete all cookies successfully

08-11-2024T13:45:22 - [TEST_STEP][PASSED] - refresh(): Refresh successfully

08-11-2024T13:45:22 - [MESSAGE][PASSED] - Refresh successfully

08-11-2024T13:45:22 - [TEST_STEP][PASSED] - delay(65): Delayed 65 second(s)

08-11-2024T13:46:27 - [MESSAGE][PASSED] - Delayed 65 second(s)

08-11-2024T13:46:27 - [TEST_STEP][PASSED] - navigateToUrl(findTestData("PlanFact").getValue(10, urlData)): Navigate to 'https://bi.rosseti.digital/viewer?dashboardGuid=d154a8eaf6824e2b9de1bb04dd061c18&sheetGuid=1305e8ce744049e1abdacea1ea397a26&fit=true' successfully

08-11-2024T13:46:32 - [MESSAGE][PASSED] - Navigate to 'https://bi.rosseti.digital/viewer?dashboardGuid=d154a8eaf6824e2b9de1bb04dd061c18&sheetGuid=1305e8ce744049e1abdacea1ea397a26&fit=true' successfully

08-11-2024T13:46:32 - [TEST_STEP][PASSED] - pageLoaded1 = verifyElementPresent(findTestObject("Страница авторизации/Text"), 30): Object 'Object Repository/Страница авторизации/Text' is present

08-11-2024T13:46:35 - [MESSAGE][PASSED] - Object 'Object Repository/Страница авторизации/Text' is present

08-11-2024T13:46:35 - [TEST_STEP][PASSED] - if (pageLoaded1 == false): null

08-11-2024T13:46:35 - [TEST_STEP][PASSED] - urlText = getText(findTestObject("Страница авторизации/Text")): Text of object 'Object Repository/Страница авторизации/Text' is: 'Вход'

08-11-2024T13:46:35 - [MESSAGE][PASSED] - Text of object 'Object Repository/Страница авторизации/Text' is: 'Вход'

08-11-2024T13:46:35 - [TEST_STEP][PASSED] - delay(65): Delayed 65 second(s)

08-11-2024T13:47:40 - [MESSAGE][PASSED] - Delayed 65 second(s)

08-11-2024T13:47:40 - [TEST_STEP][PASSED] - searchWord = "Вход": null

08-11-2024T13:47:40 - [TEST_STEP][PASSED] - if (urlText.contains(searchWord) == false): null

08-11-2024T13:47:40 - [TEST_STEP][PASSED] - setText(findTestObject("Страница авторизации/input__username"), findTestData("PlanFact").getValue(8, run)): Text 'Andreeva-EV' is set on object 'Object Repository/Страница авторизации/input__username'

08-11-2024T13:47:41 - [MESSAGE][PASSED] - Text 'Andreeva-EV' is set on object 'Object Repository/Страница авторизации/input__username'

08-11-2024T13:47:41 - [TEST_STEP][PASSED] - setText(findTestObject("Страница авторизации/input__password"), findTestData("PlanFact").getValue(9, run)): Text '2nPePKDwCPH3ul7xMZ' is set on object 'Object Repository/Страница авторизации/input__password'

08-11-2024T13:47:42 - [MESSAGE][PASSED] - Text '2nPePKDwCPH3ul7xMZ' is set on object 'Object Repository/Страница авторизации/input__password'

08-11-2024T13:47:42 - [TEST_STEP][PASSED] - click(findTestObject("Страница авторизации/button_")): Object: 'Object Repository/Страница авторизации/button_' is clicked on

08-11-2024T13:47:45 - [MESSAGE][PASSED] - Object: 'Object Repository/Страница авторизации/button_' is clicked on

08-11-2024T13:47:45 - [TEST_STEP][PASSED] - delay(65): Delayed 65 second(s)

08-11-2024T13:48:50 - [MESSAGE][PASSED] - Delayed 65 second(s)

08-11-2024T13:48:50 - [TEST_STEP][PASSED] - searchWord = "а": null

08-11-2024T13:48:50 - [TEST_STEP][PASSED] - pageLoaded2 = verifyElementPresent(findTestObject("Страница авторизации/Text"), 50): Object 'Object Repository/Страница авторизации/Text' is present

08-11-2024T13:49:13 - [MESSAGE][PASSED] - Object 'Object Repository/Страница авторизации/Text' is present

08-11-2024T13:49:13 - [TEST_STEP][PASSED] - if (pageLoaded2 == false): null

08-11-2024T13:49:13 - [TEST_STEP][PASSED] - urlText = getText(findTestObject("Страница авторизации/Text")): Text of object 'Object Repository/Страница авторизации/Text' is: 'ДЗО 
Все
Период
1, 2, 3 кв. 2024 года
Отклонения фактического уровня потерь от бизнес-плана, п.п.
-0.07
4.08
3.97
-0.05
0.09
-0.51
-0.25
АО «Тываэнерго»
АО «Чеченэнерго»
Россети Северный Кавказ
Россети Сибирь
Россети Тюмень
Россети Центр (ГК)
Россети Центр и Приволжье (ГК)
-1
0
1
2
3
4
5
6
7

Уровень потерь электроэнергии
АО «Тываэнерго»
АО «Чеченэнерго»
Россети Северный Кавказ
Россети Сибирь
Россети Тюмень
Россети Центр (ГК)
Россети Центр и Приволжье (ГК)
0
10
20
30
40
50
60
70
21.03
|
33.46
24.18
6.97
|
2.51
9.98
|
6.88
|
20.96
37.54
|
28.15
|
6.92
2.60
|
9.48
6.63
п.п.
0.04
Итого
0
0.02
0.04
0.06
%
5.24 5.24
5.21 5.21
План
Факт
1
100

● Бизнес-план выполнен● ●● Превышение бизнес-плана
Отклонения фактического уровня потерь от бизнес-плана за 3 месяца (нарастающим итогом), п.п.
0.10.1
3.73.7
3.83.8
-0.1-0.1
0.10.1
-0.5-0.5
-0.2-0.2
-0.0-0.0
4.14.1
4.04.0
-0.1-0.1
0.10.1
-0.4-0.4
-0.2-0.2
-0.1-0.1
4.14.1
4.04.0
-0.0-0.0
0.10.1
-0.5-0.5
-0.2-0.2
Россети ФСКЕЭС
АО«Тываэнерго»
АО«Чеченэнерго»
Россети Волга
РоссетиКубань
РоссетиЛенэнерго (ГК)
РоссетиМосковскийрегион
РоссетиСеверныйКавказ (ГК)
Россети Северо-Запад
Россети Сибирь(ГК)
Россети Томск
Россети Тюмень
Россети Урал(ГК)
Россети Центр
Россети Центр иПриволжье (ГК)
Россети Юг (Г…
РоссетиЯнтарь
0
-5
5
п.п.
Отклонения фактического уровня потерь от бизнес-плана за 3 месяца (нарастающим итогом)
-0.2-0.2
-0.4-0.4
0.10.1
-0.1-0.1
-0.3-0.3
4.14.1
-1.9-1.9
-0.2-0.2
-0.5-0.5
-0.1-0.1
0.40.4
-0.7-0.7
-0.4-0.4
7.97.9
0.10.1
13.113.1
-0.2-0.2
-0.3-0.3
-0.0-0.0
0.20.2
-0.1-0.1
4.24.2
-1.7-1.7
-0.1-0.1
-0.3-0.3
-0.1-0.1
0.30.3
-0.7-0.7
-0.4-0.4
8.48.4
0.20.2
13.213.2
-0.3-0.3
-0.1-0.1
-0.5-0.5
-0.3-0.3
-1.8-1.8
-0.1-0.1
-0.3-0.3
-0.2-0.2
0.40.4
-0.7-0.7
-0.4-0.4
0.30.3
Итого по ФСК ЕЭС
Каббалкэнерго
Калмэнерго
Калугаэнерго
Карачаево-Черкесскэнерго
АО "Кинешемская электросеть"
АО "Тываэнерго"
АО «ВМЭС»
АО «Воронежская горэлектросеть»
АО «Тульские городские электрические сети»
АО «Чеченэнерго»
АО «Ярославская электросетевая компания»
АО ЕЭСК
Алтайэнерго
Архангельский филиал
Астраханьэнерго
Белгородэнерго
Брянскэнерго
Бурятэнерго
Владимирэнерго
Волгоградэнерго
Вологодский филиал
Воронежэнерго
Дагэнерго
Ивэнерго
Ингушэнерго
-5
15

Статус данных
Просьба обратить внимание
— все данные не занесены
Факт
План
Итого – Факт
Отпуск в сеть 190 364 468
Отпуск из сети 173 587 890
Потери 16 776 578
Итого – План
Отпуск в сеть 185 718 021
Отпуск из сети 170 013 641
Потери 15 704 380
Выполнение бизнес-плана в части показателя «Уровень потерь электроэнергии»
Показатели баланса электроэнергии по ДЗО – Факт 
572 217 2 784 252 15 734 909 46 928 172 39 079 081 44 371 600 40 894 236
452 291 1 738 957 11 305 954 43 678 766 38 062 639 40 166 359 38 182 923
119 926 1 045 295 4 428 955 3 249 406 1 016 442 4 205 240 2 711 313
Показатели баланса электроэнергии по ДЗО – План
544 127 2 583 877 14 755 136 44 875 501 40 452 567 43 055 315 39 451 497
429 681 1 719 315 11 187 191 41 746 891 39 436 282 38 756 246 36 738 034
114 446 864 562 3 567 945 3 128 610 1 016 285 4 299 069 2 713 463'

08-11-2024T13:49:14 - [MESSAGE][PASSED] - Text of object 'Object Repository/Страница авторизации/Text' is: 'ДЗО 
Все
Период
1, 2, 3 кв. 2024 года
Отклонения фактического уровня потерь от бизнес-плана, п.п.
-0.07
4.08
3.97
-0.05
0.09
-0.51
-0.25
АО «Тываэнерго»
АО «Чеченэнерго»
Россети Северный Кавказ
Россети Сибирь
Россети Тюмень
Россети Центр (ГК)
Россети Центр и Приволжье (ГК)
-1
0
1
2
3
4
5
6
7

Уровень потерь электроэнергии
АО «Тываэнерго»
АО «Чеченэнерго»
Россети Северный Кавказ
Россети Сибирь
Россети Тюмень
Россети Центр (ГК)
Россети Центр и Приволжье (ГК)
0
10
20
30
40
50
60
70
21.03
|
33.46
24.18
6.97
|
2.51
9.98
|
6.88
|
20.96
37.54
|
28.15
|
6.92
2.60
|
9.48
6.63
п.п.
0.04
Итого
0
0.02
0.04
0.06
%
5.24 5.24
5.21 5.21
План
Факт
1
100

● Бизнес-план выполнен● ●● Превышение бизнес-плана
Отклонения фактического уровня потерь от бизнес-плана за 3 месяца (нарастающим итогом), п.п.
0.10.1
3.73.7
3.83.8
-0.1-0.1
0.10.1
-0.5-0.5
-0.2-0.2
-0.0-0.0
4.14.1
4.04.0
-0.1-0.1
0.10.1
-0.4-0.4
-0.2-0.2
-0.1-0.1
4.14.1
4.04.0
-0.0-0.0
0.10.1
-0.5-0.5
-0.2-0.2
Россети ФСКЕЭС
АО«Тываэнерго»
АО«Чеченэнерго»
Россети Волга
РоссетиКубань
РоссетиЛенэнерго (ГК)
РоссетиМосковскийрегион
РоссетиСеверныйКавказ (ГК)
Россети Северо-Запад
Россети Сибирь(ГК)
Россети Томск
Россети Тюмень
Россети Урал(ГК)
Россети Центр
Россети Центр иПриволжье (ГК)
Россети Юг (Г…
РоссетиЯнтарь
0
-5
5
п.п.
Отклонения фактического уровня потерь от бизнес-плана за 3 месяца (нарастающим итогом)
-0.2-0.2
-0.4-0.4
0.10.1
-0.1-0.1
-0.3-0.3
4.14.1
-1.9-1.9
-0.2-0.2
-0.5-0.5
-0.1-0.1
0.40.4
-0.7-0.7
-0.4-0.4
7.97.9
0.10.1
13.113.1
-0.2-0.2
-0.3-0.3
-0.0-0.0
0.20.2
-0.1-0.1
4.24.2
-1.7-1.7
-0.1-0.1
-0.3-0.3
-0.1-0.1
0.30.3
-0.7-0.7
-0.4-0.4
8.48.4
0.20.2
13.213.2
-0.3-0.3
-0.1-0.1
-0.5-0.5
-0.3-0.3
-1.8-1.8
-0.1-0.1
-0.3-0.3
-0.2-0.2
0.40.4
-0.7-0.7
-0.4-0.4
0.30.3
Итого по ФСК ЕЭС
Каббалкэнерго
Калмэнерго
Калугаэнерго
Карачаево-Черкесскэнерго
АО "Кинешемская электросеть"
АО "Тываэнерго"
АО «ВМЭС»
АО «Воронежская горэлектросеть»
АО «Тульские городские электрические сети»
АО «Чеченэнерго»
АО «Ярославская электросетевая компания»
АО ЕЭСК
Алтайэнерго
Архангельский филиал
Астраханьэнерго
Белгородэнерго
Брянскэнерго
Бурятэнерго
Владимирэнерго
Волгоградэнерго
Вологодский филиал
Воронежэнерго
Дагэнерго
Ивэнерго
Ингушэнерго
-5
15

Статус данных
Просьба обратить внимание
— все данные не занесены
Факт
План
Итого – Факт
Отпуск в сеть 190 364 468
Отпуск из сети 173 587 890
Потери 16 776 578
Итого – План
Отпуск в сеть 185 718 021
Отпуск из сети 170 013 641
Потери 15 704 380
Выполнение бизнес-плана в части показателя «Уровень потерь электроэнергии»
Показатели баланса электроэнергии по ДЗО – Факт 
572 217 2 784 252 15 734 909 46 928 172 39 079 081 44 371 600 40 894 236
452 291 1 738 957 11 305 954 43 678 766 38 062 639 40 166 359 38 182 923
119 926 1 045 295 4 428 955 3 249 406 1 016 442 4 205 240 2 711 313
Показатели баланса электроэнергии по ДЗО – План
544 127 2 583 877 14 755 136 44 875 501 40 452 567 43 055 315 39 451 497
429 681 1 719 315 11 187 191 41 746 891 39 436 282 38 756 246 36 738 034
114 446 864 562 3 567 945 3 128 610 1 016 285 4 299 069 2 713 463'

08-11-2024T13:49:14 - [TEST_STEP][PASSED] - if (urlText.contains("ошибка") || urlText.contains(searchWord) == false): null

08-11-2024T13:49:14 - [TEST_STEP][PASSED] - Script1686231490255.ZakrytOpoveshenie(): null

08-11-2024T13:49:14 - [TEST_STEP][PASSED] - opoveshenie = getText(findTestObject("Выполнение бизнес-плана/Просьба обратить внимание")): Text of object 'Object Repository/Выполнение бизнес-плана/Просьба обратить внимание' is: 'Просьба обратить внимание'

08-11-2024T13:49:14 - [MESSAGE][PASSED] - Text of object 'Object Repository/Выполнение бизнес-плана/Просьба обратить внимание' is: 'Просьба обратить внимание'

08-11-2024T13:49:14 - [TEST_STEP][PASSED] - println(opoveshenie): null

08-11-2024T13:49:14 - [TEST_STEP][PASSED] - if (opoveshenie == "Просьба обратить внимание"): Object: 'Object Repository/Выполнение бизнес-плана/Закрыть оповещение' is clicked on

08-11-2024T13:49:14 - [TEST_STEP][PASSED] - click(findTestObject("Выполнение бизнес-плана/Закрыть оповещение")): Object: 'Object Repository/Выполнение бизнес-плана/Закрыть оповещение' is clicked on

08-11-2024T13:49:15 - [MESSAGE][PASSED] - Object: 'Object Repository/Выполнение бизнес-плана/Закрыть оповещение' is clicked on

08-11-2024T13:49:15 - [TEST_STEP][PASSED] - click(findTestObject("Object Repository/Выполнение бизнес-плана/Фильтр Дата")): Object: 'Object Repository/Выполнение бизнес-плана/Фильтр Дата' is clicked on

08-11-2024T13:49:15 - [MESSAGE][PASSED] - Object: 'Object Repository/Выполнение бизнес-плана/Фильтр Дата' is clicked on

08-11-2024T13:49:15 - [TEST_STEP][PASSED] - click(findTestObject("Выполнение бизнес-плана/Снять выделение в фильтре Дата")): Object: 'Object Repository/Выполнение бизнес-плана/Снять выделение в фильтре Дата' is clicked on

08-11-2024T13:49:16 - [MESSAGE][PASSED] - Object: 'Object Repository/Выполнение бизнес-плана/Снять выделение в фильтре Дата' is clicked on

08-11-2024T13:49:16 - [TEST_STEP][PASSED] - click(findTestObject("Object Repository/Выполнение бизнес-плана/Применить в фильтре Дата")): Object: 'Object Repository/Выполнение бизнес-плана/Применить в фильтре Дата' is clicked on

08-11-2024T13:49:16 - [MESSAGE][PASSED] - Object: 'Object Repository/Выполнение бизнес-плана/Применить в фильтре Дата' is clicked on

08-11-2024T13:49:16 - [TEST_STEP][PASSED] - delay(65): Delayed 65 second(s)

08-11-2024T13:50:21 - [MESSAGE][PASSED] - Delayed 65 second(s)

08-11-2024T13:50:21 - [TEST_STEP][PASSED] - Script1686231490255.ZakrytOpoveshenie(): null

08-11-2024T13:50:21 - [TEST_STEP][PASSED] - opoveshenie = getText(findTestObject("Выполнение бизнес-плана/Просьба обратить внимание")): Text of object 'Object Repository/Выполнение бизнес-плана/Просьба обратить внимание' is: 'Просьба обратить внимание'

08-11-2024T13:50:22 - [MESSAGE][PASSED] - Text of object 'Object Repository/Выполнение бизнес-плана/Просьба обратить внимание' is: 'Просьба обратить внимание'

08-11-2024T13:50:22 - [TEST_STEP][PASSED] - println(opoveshenie): null

08-11-2024T13:50:22 - [TEST_STEP][PASSED] - if (opoveshenie == "Просьба обратить внимание"): Object: 'Object Repository/Выполнение бизнес-плана/Закрыть оповещение' is clicked on

08-11-2024T13:50:22 - [TEST_STEP][PASSED] - click(findTestObject("Выполнение бизнес-плана/Закрыть оповещение")): Object: 'Object Repository/Выполнение бизнес-плана/Закрыть оповещение' is clicked on

08-11-2024T13:50:22 - [MESSAGE][PASSED] - Object: 'Object Repository/Выполнение бизнес-плана/Закрыть оповещение' is clicked on

08-11-2024T13:50:22 - [TEST_STEP][PASSED] - click(findTestObject("Object Repository/Выполнение бизнес-плана/Фильтр Дата")): Object: 'Object Repository/Выполнение бизнес-плана/Фильтр Дата' is clicked on

08-11-2024T13:50:22 - [MESSAGE][PASSED] - Object: 'Object Repository/Выполнение бизнес-плана/Фильтр Дата' is clicked on

08-11-2024T13:50:22 - [TEST_STEP][PASSED] - scrollToElement(findTestObject("Выполнение бизнес-плана/2024 список"), 30): Scroll to object 'Object Repository/Выполнение бизнес-плана/2024 список' successfully

08-11-2024T13:50:23 - [MESSAGE][PASSED] - Scroll to object 'Object Repository/Выполнение бизнес-плана/2024 список' successfully

08-11-2024T13:50:23 - [TEST_STEP][PASSED] - click(findTestObject("Выполнение бизнес-плана/2024 список")): Object: 'Object Repository/Выполнение бизнес-плана/2024 список' is clicked on

08-11-2024T13:50:23 - [MESSAGE][PASSED] - Object: 'Object Repository/Выполнение бизнес-плана/2024 список' is clicked on

08-11-2024T13:50:23 - [TEST_STEP][PASSED] - scrollToElement(findTestObject("Выполнение бизнес-плана/4 квартал 2024 список"), 30): Scroll to object 'Object Repository/Выполнение бизнес-плана/4 квартал 2024 список' successfully

08-11-2024T13:50:24 - [MESSAGE][PASSED] - Scroll to object 'Object Repository/Выполнение бизнес-плана/4 квартал 2024 список' successfully

08-11-2024T13:50:24 - [TEST_STEP][PASSED] - scrollToElement(findTestObject("Выполнение бизнес-плана/Заголовок дашборда"), 30): Scroll to object 'Object Repository/Выполнение бизнес-плана/Заголовок дашборда' successfully

08-11-2024T13:50:24 - [MESSAGE][PASSED] - Scroll to object 'Object Repository/Выполнение бизнес-плана/Заголовок дашборда' successfully

08-11-2024T13:50:24 - [TEST_STEP][PASSED] - click(findTestObject("Выполнение бизнес-плана/1 квартал 2024 список")): Object: 'Object Repository/Выполнение бизнес-плана/1 квартал 2024 список' is clicked on

08-11-2024T13:50:24 - [MESSAGE][PASSED] - Object: 'Object Repository/Выполнение бизнес-плана/1 квартал 2024 список' is clicked on

08-11-2024T13:50:24 - [TEST_STEP][PASSED] - click(findTestObject("Выполнение бизнес-плана/Январь 2024")): Object: 'Object Repository/Выполнение бизнес-плана/Январь 2024' is clicked on

08-11-2024T13:50:25 - [MESSAGE][PASSED] - Object: 'Object Repository/Выполнение бизнес-плана/Январь 2024' is clicked on

08-11-2024T13:50:25 - [TEST_STEP][PASSED] - click(findTestObject("Выполнение бизнес-плана/Февраль 2024")): Object: 'Object Repository/Выполнение бизнес-плана/Февраль 2024' is clicked on

08-11-2024T13:50:25 - [MESSAGE][PASSED] - Object: 'Object Repository/Выполнение бизнес-плана/Февраль 2024' is clicked on

08-11-2024T13:50:25 - [TEST_STEP][PASSED] - click(findTestObject("Выполнение бизнес-плана/Март 2024")): Object: 'Object Repository/Выполнение бизнес-плана/Март 2024' is clicked on

08-11-2024T13:50:26 - [MESSAGE][PASSED] - Object: 'Object Repository/Выполнение бизнес-плана/Март 2024' is clicked on

08-11-2024T13:50:26 - [TEST_STEP][PASSED] - scrollToElement(findTestObject("Выполнение бизнес-плана/2 квартал 2024"), 30): Scroll to object 'Object Repository/Выполнение бизнес-плана/2 квартал 2024' successfully

08-11-2024T13:50:26 - [MESSAGE][PASSED] - Scroll to object 'Object Repository/Выполнение бизнес-плана/2 квартал 2024' successfully

08-11-2024T13:50:26 - [TEST_STEP][PASSED] - click(findTestObject("Выполнение бизнес-плана/2 квартал 2024")): Object: 'Object Repository/Выполнение бизнес-плана/2 квартал 2024' is clicked on

08-11-2024T13:50:27 - [MESSAGE][PASSED] - Object: 'Object Repository/Выполнение бизнес-плана/2 квартал 2024' is clicked on

08-11-2024T13:50:27 - [TEST_STEP][PASSED] - scrollToElement(findTestObject("Выполнение бизнес-плана/3 квартал 2024 список"), 30): Scroll to object 'Object Repository/Выполнение бизнес-плана/3 квартал 2024 список' successfully

08-11-2024T13:50:27 - [MESSAGE][PASSED] - Scroll to object 'Object Repository/Выполнение бизнес-плана/3 квартал 2024 список' successfully

08-11-2024T13:50:27 - [TEST_STEP][PASSED] - click(findTestObject("Выполнение бизнес-плана/3 квартал 2024"), CONTINUE_ON_FAILURE): Object: 'Object Repository/Выполнение бизнес-плана/3 квартал 2024' is clicked on

08-11-2024T13:50:27 - [MESSAGE][PASSED] - Object: 'Object Repository/Выполнение бизнес-плана/3 квартал 2024' is clicked on

08-11-2024T13:50:27 - [TEST_STEP][PASSED] - click(findTestObject("Object Repository/Выполнение бизнес-плана/Применить в фильтре Дата")): Object: 'Object Repository/Выполнение бизнес-плана/Применить в фильтре Дата' is clicked on

08-11-2024T13:50:28 - [MESSAGE][PASSED] - Object: 'Object Repository/Выполнение бизнес-плана/Применить в фильтре Дата' is clicked on

08-11-2024T13:50:28 - [TEST_STEP][PASSED] - scrollToElement(findTestObject("Выполнение бизнес-плана/Заголовок дашборда"), 30): Scroll to object 'Object Repository/Выполнение бизнес-плана/Заголовок дашборда' successfully

08-11-2024T13:50:59 - [MESSAGE][PASSED] - Scroll to object 'Object Repository/Выполнение бизнес-плана/Заголовок дашборда' successfully

08-11-2024T13:50:59 - [TEST_STEP][PASSED] - delay(65): Delayed 65 second(s)

08-11-2024T13:52:04 - [MESSAGE][PASSED] - Delayed 65 second(s)

08-11-2024T13:52:04 - [TEST_STEP][PASSED] - Script1686231490255.ZakrytOpoveshenie(): null

08-11-2024T13:52:04 - [TEST_STEP][PASSED] - opoveshenie = getText(findTestObject("Выполнение бизнес-плана/Просьба обратить внимание")): Text of object 'Object Repository/Выполнение бизнес-плана/Просьба обратить внимание' is: 'Просьба обратить внимание'

08-11-2024T13:52:04 - [MESSAGE][PASSED] - Text of object 'Object Repository/Выполнение бизнес-плана/Просьба обратить внимание' is: 'Просьба обратить внимание'

08-11-2024T13:52:04 - [TEST_STEP][PASSED] - println(opoveshenie): null

08-11-2024T13:52:04 - [TEST_STEP][PASSED] - if (opoveshenie == "Просьба обратить внимание"): Object: 'Object Repository/Выполнение бизнес-плана/Закрыть оповещение' is clicked on

08-11-2024T13:52:04 - [TEST_STEP][PASSED] - click(findTestObject("Выполнение бизнес-плана/Закрыть оповещение")): Object: 'Object Repository/Выполнение бизнес-плана/Закрыть оповещение' is clicked on

08-11-2024T13:52:04 - [MESSAGE][PASSED] - Object: 'Object Repository/Выполнение бизнес-плана/Закрыть оповещение' is clicked on

08-11-2024T13:52:04 - [TEST_STEP][PASSED] - click(findTestObject("Object Repository/Выполнение бизнес-плана/Фильтр ДЗО")): Object: 'Object Repository/Выполнение бизнес-плана/Фильтр ДЗО' is clicked on

08-11-2024T13:52:04 - [MESSAGE][PASSED] - Object: 'Object Repository/Выполнение бизнес-плана/Фильтр ДЗО' is clicked on

08-11-2024T13:52:04 - [TEST_STEP][PASSED] - click(findTestObject("Выполнение бизнес-плана/Снять выделение в фильтре ДЗО")): Object: 'Object Repository/Выполнение бизнес-плана/Снять выделение в фильтре ДЗО' is clicked on

08-11-2024T13:52:05 - [MESSAGE][PASSED] - Object: 'Object Repository/Выполнение бизнес-плана/Снять выделение в фильтре ДЗО' is clicked on

08-11-2024T13:52:05 - [TEST_STEP][PASSED] - click(findTestObject("Выполнение бизнес-плана/ПАО Россети")): Object: 'Object Repository/Выполнение бизнес-плана/ПАО Россети' is clicked on

08-11-2024T13:52:05 - [MESSAGE][PASSED] - Object: 'Object Repository/Выполнение бизнес-плана/ПАО Россети' is clicked on

08-11-2024T13:52:05 - [TEST_STEP][PASSED] - click(findTestObject("Object Repository/Выполнение бизнес-плана/Применить в фильтре ДЗО")): Object: 'Object Repository/Выполнение бизнес-плана/Применить в фильтре ДЗО' is clicked on

08-11-2024T13:52:06 - [MESSAGE][PASSED] - Object: 'Object Repository/Выполнение бизнес-плана/Применить в фильтре ДЗО' is clicked on

08-11-2024T13:52:06 - [TEST_STEP][PASSED] - delay(65): Delayed 65 second(s)

08-11-2024T13:53:11 - [MESSAGE][PASSED] - Delayed 65 second(s)

08-11-2024T13:53:11 - [TEST_STEP][PASSED] - if (run == 1): null

08-11-2024T13:53:11 - [TEST_STEP][PASSED] - if (run == 2): null

08-11-2024T13:53:11 - [TEST_STEP][PASSED] - user = "Андреева": null

08-11-2024T13:53:11 - [TEST_STEP][PASSED] - a1 = getText(findTestObject("Выполнение бизнес-плана/Проценты")): Text of object 'Object Repository/Выполнение бизнес-плана/Проценты' is: '%
5.24 5.24
5.21 5.21
План
Факт
1
100'

08-11-2024T13:53:12 - [MESSAGE][PASSED] - Text of object 'Object Repository/Выполнение бизнес-плана/Проценты' is: '%
5.24 5.24
5.21 5.21
План
Факт
1
100'

08-11-2024T13:53:12 - [TEST_STEP][PASSED] - a2 = getText(findTestObject("Выполнение бизнес-плана/vidget 2")): Text of object 'Object Repository/Выполнение бизнес-плана/vidget 2' is: 'АО «Тываэнерго»
АО «Чеченэнерго»
Россети Северный Кавказ
Россети Сибирь
Россети Тюмень
Россети Центр (ГК)
Россети Центр и Приволжье (ГК)
0
10
20
30
40
50
60
70'

08-11-2024T13:53:12 - [MESSAGE][PASSED] - Text of object 'Object Repository/Выполнение бизнес-плана/vidget 2' is: 'АО «Тываэнерго»
АО «Чеченэнерго»
Россети Северный Кавказ
Россети Сибирь
Россети Тюмень
Россети Центр (ГК)
Россети Центр и Приволжье (ГК)
0
10
20
30
40
50
60
70'

08-11-2024T13:53:12 - [TEST_STEP][PASSED] - a3 = getText(findTestObject("Выполнение бизнес-плана/table")): Text of object 'Object Repository/Выполнение бизнес-плана/table' is: ''

08-11-2024T13:53:12 - [MESSAGE][PASSED] - Text of object 'Object Repository/Выполнение бизнес-плана/table' is: ''

08-11-2024T13:53:12 - [TEST_STEP][PASSED] - a4 = getText(findTestObject("Выполнение бизнес-плана/Список ДЗО")): Text of object 'Object Repository/Выполнение бизнес-плана/Список ДЗО' is: '-0.07
4.08
3.97
-0.05
0.09
-0.51
-0.25
АО «Тываэнерго»
АО «Чеченэнерго»
Россети Северный Кавказ
Россети Сибирь
Россети Тюмень
Россети Центр (ГК)
Россети Центр и Приволжье (ГК)
-1
0
1
2
3
4
5
6
7'

08-11-2024T13:53:13 - [MESSAGE][PASSED] - Text of object 'Object Repository/Выполнение бизнес-плана/Список ДЗО' is: '-0.07
4.08
3.97
-0.05
0.09
-0.51
-0.25
АО «Тываэнерго»
АО «Чеченэнерго»
Россети Северный Кавказ
Россети Сибирь
Россети Тюмень
Россети Центр (ГК)
Россети Центр и Приволжье (ГК)
-1
0
1
2
3
4
5
6
7'

08-11-2024T13:53:13 - [TEST_STEP][PASSED] - a5 = getText(findTestObject("Выполнение бизнес-плана/svg1")): Text of object 'Object Repository/Выполнение бизнес-плана/svg1' is: '%
5.24 5.24
5.21 5.21
План
Факт
1
100'

08-11-2024T13:53:13 - [MESSAGE][PASSED] - Text of object 'Object Repository/Выполнение бизнес-плана/svg1' is: '%
5.24 5.24
5.21 5.21
План
Факт
1
100'

08-11-2024T13:53:13 - [TEST_STEP][PASSED] - a6 = getText(findTestObject("Выполнение бизнес-плана/svg2")): Text of object 'Object Repository/Выполнение бизнес-плана/svg2' is: 'п.п.
0.04
Итого
0
0.02
0.04
0.06'

08-11-2024T13:53:13 - [MESSAGE][PASSED] - Text of object 'Object Repository/Выполнение бизнес-плана/svg2' is: 'п.п.
0.04
Итого
0
0.02
0.04
0.06'

08-11-2024T13:53:13 - [TEST_STEP][PASSED] - a7 = getText(findTestObject("Выполнение бизнес-плана/Значения со страницы Выполнение бизнес-плана/Факт Отпуск в сеть за отчётный период ПАО Россети")): Text of object 'Object Repository/Выполнение бизнес-плана/Значения со страницы Выполнение бизнес-плана/Факт Отпуск в сеть за отчётный период ПАО Россети' is: '190 364 468'

08-11-2024T13:53:14 - [MESSAGE][PASSED] - Text of object 'Object Repository/Выполнение бизнес-плана/Значения со страницы Выполнение бизнес-плана/Факт Отпуск в сеть за отчётный период ПАО Россети' is: '190 364 468'

08-11-2024T13:53:14 - [TEST_STEP][PASSED] - a8 = getText(findTestObject("Выполнение бизнес-плана/Значения со страницы Выполнение бизнес-плана/Факт Отпуск из сети за отчётный период ПАО Россети")): Text of object 'Object Repository/Выполнение бизнес-плана/Значения со страницы Выполнение бизнес-плана/Факт Отпуск из сети за отчётный период ПАО Россети' is: '173 587 890'

08-11-2024T13:53:14 - [MESSAGE][PASSED] - Text of object 'Object Repository/Выполнение бизнес-плана/Значения со страницы Выполнение бизнес-плана/Факт Отпуск из сети за отчётный период ПАО Россети' is: '173 587 890'

08-11-2024T13:53:14 - [TEST_STEP][PASSED] - a9 = getText(findTestObject("Выполнение бизнес-плана/Значения со страницы Выполнение бизнес-плана/Факт Потери за отчётный период ПАО Россети")): Text of object 'Object Repository/Выполнение бизнес-плана/Значения со страницы Выполнение бизнес-плана/Факт Потери за отчётный период ПАО Россети' is: '16 776 578'

08-11-2024T13:53:14 - [MESSAGE][PASSED] - Text of object 'Object Repository/Выполнение бизнес-плана/Значения со страницы Выполнение бизнес-плана/Факт Потери за отчётный период ПАО Россети' is: '16 776 578'

08-11-2024T13:53:14 - [TEST_STEP][PASSED] - n = n + 1: null

08-11-2024T13:53:14 - [TEST_STEP][PASSED] - b = data.getRowNumbers() + 1: null

08-11-2024T13:53:14 - [TEST_STEP][PASSED] - verifyEqual(findTestData("PlanFact").getValue(2, b), a1): Actual object '%
5.24 5.24
5.21 5.21
План
Факт
1
100' and expected object '%
5.24 5.24
5.21 5.21
План
Факт
1
100' are equal

08-11-2024T13:53:14 - [MESSAGE][PASSED] - Actual object '%
5.24 5.24
5.21 5.21
План
Факт
1
100' and expected object '%
5.24 5.24
5.21 5.21
План
Факт
1
100' are equal

08-11-2024T13:53:14 - [TEST_STEP][PASSED] - verifyEqual(findTestData("PlanFact").getValue(3, b), a2): Actual object 'АО «Тываэнерго»
АО «Чеченэнерго»
Россети Северный Кавказ
Россети Сибирь
Россети Тюмень
Россети Центр (ГК)
Россети Центр и Приволжье (ГК)
0
10
20
30
40
50
60
70' and expected object 'АО «Тываэнерго»
АО «Чеченэнерго»
Россети Северный Кавказ
Россети Сибирь
Россети Тюмень
Россети Центр (ГК)
Россети Центр и Приволжье (ГК)
0
10
20
30
40
50
60
70' are equal

08-11-2024T13:53:14 - [MESSAGE][PASSED] - Actual object 'АО «Тываэнерго»
АО «Чеченэнерго»
Россети Северный Кавказ
Россети Сибирь
Россети Тюмень
Россети Центр (ГК)
Россети Центр и Приволжье (ГК)
0
10
20
30
40
50
60
70' and expected object 'АО «Тываэнерго»
АО «Чеченэнерго»
Россети Северный Кавказ
Россети Сибирь
Россети Тюмень
Россети Центр (ГК)
Россети Центр и Приволжье (ГК)
0
10
20
30
40
50
60
70' are equal

08-11-2024T13:53:14 - [TEST_STEP][PASSED] - verifyEqual(findTestData("PlanFact").getValue(4, b), a3): Actual object '' and expected object '' are equal

08-11-2024T13:53:14 - [MESSAGE][PASSED] - Actual object '' and expected object '' are equal

08-11-2024T13:53:14 - [TEST_STEP][PASSED] - verifyEqual(findTestData("PlanFact").getValue(5, b), a4): Actual object '-0.07
4.08
3.97
-0.05
0.09
-0.51
-0.25
АО «Тываэнерго»
АО «Чеченэнерго»
Россети Северный Кавказ
Россети Сибирь
Россети Тюмень
Россети Центр (ГК)
Россети Центр и Приволжье (ГК)
-1
0
1
2
3
4
5
6
7' and expected object '-0.07
4.08
3.97
-0.05
0.09
-0.51
-0.25
АО «Тываэнерго»
АО «Чеченэнерго»
Россети Северный Кавказ
Россети Сибирь
Россети Тюмень
Россети Центр (ГК)
Россети Центр и Приволжье (ГК)
-1
0
1
2
3
4
5
6
7' are equal

08-11-2024T13:53:15 - [MESSAGE][PASSED] - Actual object '-0.07
4.08
3.97
-0.05
0.09
-0.51
-0.25
АО «Тываэнерго»
АО «Чеченэнерго»
Россети Северный Кавказ
Россети Сибирь
Россети Тюмень
Россети Центр (ГК)
Россети Центр и Приволжье (ГК)
-1
0
1
2
3
4
5
6
7' and expected object '-0.07
4.08
3.97
-0.05
0.09
-0.51
-0.25
АО «Тываэнерго»
АО «Чеченэнерго»
Россети Северный Кавказ
Россети Сибирь
Россети Тюмень
Россети Центр (ГК)
Россети Центр и Приволжье (ГК)
-1
0
1
2
3
4
5
6
7' are equal

08-11-2024T13:53:15 - [TEST_STEP][PASSED] - verifyEqual(findTestData("PlanFact").getValue(6, b), a5): Actual object '%
5.24 5.24
5.21 5.21
План
Факт
1
100' and expected object '%
5.24 5.24
5.21 5.21
План
Факт
1
100' are equal

08-11-2024T13:53:15 - [MESSAGE][PASSED] - Actual object '%
5.24 5.24
5.21 5.21
План
Факт
1
100' and expected object '%
5.24 5.24
5.21 5.21
План
Факт
1
100' are equal

08-11-2024T13:53:15 - [TEST_STEP][PASSED] - verifyEqual(findTestData("PlanFact").getValue(7, b), a6): Actual object 'п.п.
0.04
Итого
0
0.02
0.04
0.06' and expected object 'п.п.
0.04
Итого
0
0.02
0.04
0.06' are equal

08-11-2024T13:53:15 - [MESSAGE][PASSED] - Actual object 'п.п.
0.04
Итого
0
0.02
0.04
0.06' and expected object 'п.п.
0.04
Итого
0
0.02
0.04
0.06' are equal

08-11-2024T13:53:15 - [TEST_STEP][PASSED] - verifyEqual(findTestData("PlanFact").getValue(8, b), a7): Actual object '190 364 468' and expected object '190 364 468' are equal

08-11-2024T13:53:15 - [MESSAGE][PASSED] - Actual object '190 364 468' and expected object '190 364 468' are equal

08-11-2024T13:53:15 - [TEST_STEP][PASSED] - verifyEqual(findTestData("PlanFact").getValue(9, b), a8): Actual object '173 587 890' and expected object '173 587 890' are equal

08-11-2024T13:53:15 - [MESSAGE][PASSED] - Actual object '173 587 890' and expected object '173 587 890' are equal

08-11-2024T13:53:15 - [TEST_STEP][PASSED] - verifyEqual(findTestData("PlanFact").getValue(10, b), a9): Actual object '16 776 578' and expected object '16 776 578' are equal

08-11-2024T13:53:15 - [MESSAGE][PASSED] - Actual object '16 776 578' and expected object '16 776 578' are equal

08-11-2024T13:53:15 - [TEST_STEP][PASSED] - Script1686231490255.WriteToExcel(user, dashboardName, n, data, run, a1, a2, a3, a4, a5, a6, a7, a8, a9): null

08-11-2024T13:53:15 - [TEST_STEP][PASSED] - sheetName = "Sheet1": null

08-11-2024T13:53:15 - [TEST_STEP][PASSED] - workbook01 = getWorkbook(excelFilePath): null

08-11-2024T13:53:15 - [TEST_STEP][PASSED] - sheet01 = getExcelSheet(workbook01, sheetName): null

08-11-2024T13:53:15 - [TEST_STEP][PASSED] - setValueToCellByIndex(sheet01, n, 0, dashboardName): null

08-11-2024T13:53:15 - [TEST_STEP][PASSED] - setValueToCellByIndex(sheet01, n, 10, user): null

08-11-2024T13:53:15 - [TEST_STEP][PASSED] - setValueToCellByIndex(sheet01, n, 1, a1): null

08-11-2024T13:53:15 - [TEST_STEP][PASSED] - setValueToCellByIndex(sheet01, n, 2, a2): null

08-11-2024T13:53:15 - [TEST_STEP][PASSED] - setValueToCellByIndex(sheet01, n, 3, a3): null

08-11-2024T13:53:15 - [TEST_STEP][PASSED] - setValueToCellByIndex(sheet01, n, 4, a4): null

08-11-2024T13:53:15 - [TEST_STEP][PASSED] - setValueToCellByIndex(sheet01, n, 5, a5): null

08-11-2024T13:53:15 - [TEST_STEP][PASSED] - setValueToCellByIndex(sheet01, n, 6, a6): null

08-11-2024T13:53:15 - [TEST_STEP][PASSED] - setValueToCellByIndex(sheet01, n, 7, a7): null

08-11-2024T13:53:15 - [TEST_STEP][PASSED] - setValueToCellByIndex(sheet01, n, 8, a8): null

08-11-2024T13:53:15 - [TEST_STEP][PASSED] - setValueToCellByIndex(sheet01, n, 9, a9): null

08-11-2024T13:53:15 - [TEST_STEP][PASSED] - n = n + 1: null

08-11-2024T13:53:15 - [TEST_STEP][PASSED] - saveWorkbook(excelFilePath, workbook01): null

08-11-2024T13:53:15 - [TEST_STEP][PASSED] - if (run == 3): null

08-11-2024T13:53:15 - [TEST_STEP][PASSED] - closeBrowser(): null

08-11-2024T13:53:15 - [MESSAGE][PASSED] - Browser is closed

08-11-2024T13:53:15 - [TEST_STEP][PASSED] - VipolnenieBiznesPlana(user, dashboardName, n, data, run, a1, a2, a3, a4, a5, a6, a7, a8, a9, urlData): null

08-11-2024T13:53:15 - [TEST_STEP][PASSED] - n = data.getRowNumbers() + 1: null

08-11-2024T13:53:15 - [TEST_STEP][PASSED] - println(n): null

08-11-2024T13:53:15 - [TEST_STEP][PASSED] - dashboardName = "Выполнение бизнес-плана": null

08-11-2024T13:53:15 - [TEST_STEP][PASSED] - openBrowser(""): Browser is opened with url: ''

08-11-2024T13:53:15 - [MESSAGE][INFO] - Starting 'Chrome' driver

08-11-2024T13:53:15 - [MESSAGE][INFO] - Action delay is set to 0 milliseconds

08-11-2024T13:53:17 - [MESSAGE][PASSED] - Browser is opened with url: ''

08-11-2024T13:53:17 - [TEST_STEP][PASSED] - urlData = 1: null

08-11-2024T13:53:17 - [TEST_STEP][PASSED] - Script1686231490255.CheckPageDownload(urlData, run): null

08-11-2024T13:53:17 - [TEST_STEP][PASSED] - i = 1: null

08-11-2024T13:53:17 - [TEST_STEP][PASSED] - ii = 0: null

08-11-2024T13:53:17 - [TEST_STEP][PASSED] - urlText = <not implemented yet for class: org.codehaus.groovy.ast.expr.EmptyExpression>: null

08-11-2024T13:53:17 - [TEST_STEP][PASSED] - searchWord = <not implemented yet for class: org.codehaus.groovy.ast.expr.EmptyExpression>: null

08-11-2024T13:53:17 - [TEST_STEP][PASSED] - deleteAllCookies(): Delete all cookies successfully

08-11-2024T13:53:17 - [MESSAGE][PASSED] - Delete all cookies successfully

08-11-2024T13:53:17 - [TEST_STEP][PASSED] - refresh(): Refresh successfully

08-11-2024T13:53:17 - [MESSAGE][PASSED] - Refresh successfully

08-11-2024T13:53:17 - [TEST_STEP][PASSED] - delay(65): Delayed 65 second(s)

08-11-2024T13:54:22 - [MESSAGE][PASSED] - Delayed 65 second(s)

08-11-2024T13:54:22 - [TEST_STEP][PASSED] - navigateToUrl(findTestData("PlanFact").getValue(10, urlData)): Navigate to 'https://bi.rosseti.digital/viewer?dashboardGuid=d154a8eaf6824e2b9de1bb04dd061c18&sheetGuid=1305e8ce744049e1abdacea1ea397a26&fit=true' successfully

08-11-2024T13:54:31 - [MESSAGE][PASSED] - Navigate to 'https://bi.rosseti.digital/viewer?dashboardGuid=d154a8eaf6824e2b9de1bb04dd061c18&sheetGuid=1305e8ce744049e1abdacea1ea397a26&fit=true' successfully

08-11-2024T13:54:31 - [TEST_STEP][PASSED] - pageLoaded1 = verifyElementPresent(findTestObject("Страница авторизации/Text"), 30): Object 'Object Repository/Страница авторизации/Text' is present

08-11-2024T13:54:31 - [MESSAGE][PASSED] - Object 'Object Repository/Страница авторизации/Text' is present

08-11-2024T13:54:31 - [TEST_STEP][PASSED] - if (pageLoaded1 == false): null

08-11-2024T13:54:31 - [TEST_STEP][PASSED] - urlText = getText(findTestObject("Страница авторизации/Text")): Text of object 'Object Repository/Страница авторизации/Text' is: 'Вход'

08-11-2024T13:54:31 - [MESSAGE][PASSED] - Text of object 'Object Repository/Страница авторизации/Text' is: 'Вход'

08-11-2024T13:54:31 - [TEST_STEP][PASSED] - delay(65): Delayed 65 second(s)

08-11-2024T13:55:36 - [MESSAGE][PASSED] - Delayed 65 second(s)

08-11-2024T13:55:36 - [TEST_STEP][PASSED] - searchWord = "Вход": null

08-11-2024T13:55:36 - [TEST_STEP][PASSED] - if (urlText.contains(searchWord) == false): null

08-11-2024T13:55:36 - [TEST_STEP][PASSED] - setText(findTestObject("Страница авторизации/input__username"), findTestData("PlanFact").getValue(8, run)): Text 'Petrova-OV' is set on object 'Object Repository/Страница авторизации/input__username'

08-11-2024T13:55:37 - [MESSAGE][PASSED] - Text 'Petrova-OV' is set on object 'Object Repository/Страница авторизации/input__username'

08-11-2024T13:55:37 - [TEST_STEP][PASSED] - setText(findTestObject("Страница авторизации/input__password"), findTestData("PlanFact").getValue(9, run)): Text '4Ex@~R53r&3x&BVe7' is set on object 'Object Repository/Страница авторизации/input__password'

08-11-2024T13:55:38 - [MESSAGE][PASSED] - Text '4Ex@~R53r&3x&BVe7' is set on object 'Object Repository/Страница авторизации/input__password'

08-11-2024T13:55:38 - [TEST_STEP][PASSED] - click(findTestObject("Страница авторизации/button_")): Object: 'Object Repository/Страница авторизации/button_' is clicked on

08-11-2024T13:55:41 - [MESSAGE][PASSED] - Object: 'Object Repository/Страница авторизации/button_' is clicked on

08-11-2024T13:55:41 - [TEST_STEP][PASSED] - delay(65): Delayed 65 second(s)

08-11-2024T13:56:46 - [MESSAGE][PASSED] - Delayed 65 second(s)

08-11-2024T13:56:46 - [TEST_STEP][PASSED] - searchWord = "а": null

08-11-2024T13:56:46 - [TEST_STEP][PASSED] - pageLoaded2 = verifyElementPresent(findTestObject("Страница авторизации/Text"), 50): Object 'Object Repository/Страница авторизации/Text' is present

08-11-2024T13:57:16 - [MESSAGE][PASSED] - Object 'Object Repository/Страница авторизации/Text' is present

08-11-2024T13:57:16 - [TEST_STEP][PASSED] - if (pageLoaded2 == false): null

08-11-2024T13:57:16 - [TEST_STEP][PASSED] - urlText = getText(findTestObject("Страница авторизации/Text")): Text of object 'Object Repository/Страница авторизации/Text' is: ''

08-11-2024T13:57:46 - [MESSAGE][PASSED] - Text of object 'Object Repository/Страница авторизации/Text' is: ''

08-11-2024T13:57:46 - [TEST_STEP][PASSED] - if (urlText.contains("ошибка") || urlText.contains(searchWord) == false): Text of object 'Object Repository/Страница авторизации/Text' is: 'ДЗО 
Все
Период
1, 2, 3 кв. 2024 года
Отклонения фактического уровня потерь от бизнес-плана, п.п.
-0.07
4.08
3.97
-0.05
0.09
-0.51
-0.25
АО «Тываэнерго»
АО «Чеченэнерго»
Россети Северный Кавказ
Россети Сибирь
Россети Тюмень
Россети Центр (ГК)
Россети Центр и Приволжье (ГК)
-1
0
1
2
3
4
5
6
7

Уровень потерь электроэнергии
АО «Тываэнерго»
АО «Чеченэнерго»
Россети Северный Кавказ
Россети Сибирь
Россети Тюмень
Россети Центр (ГК)
Россети Центр и Приволжье (ГК)
0
10
20
30
40
50
60
70
21.03
|
33.46
24.18
6.97
|
2.51
9.98
|
6.88
|
20.96
37.54
|
28.15
|
6.92
2.60
|
9.48
6.63
п.п.
0.04
Итого
0
0.02
0.04
0.06
%
5.24 5.24
5.21 5.21
План
Факт
1
100

● Бизнес-план выполнен● ●● Превышение бизнес-плана
Отклонения фактического уровня потерь от бизнес-плана за 3 месяца (нарастающим итогом), п.п.
0.10.1
3.73.7
3.83.8
-0.1-0.1
0.10.1
-0.5-0.5
-0.2-0.2
-0.0-0.0
4.14.1
4.04.0
-0.1-0.1
0.10.1
-0.4-0.4
-0.2-0.2
-0.1-0.1
4.14.1
4.04.0
-0.0-0.0
0.10.1
-0.5-0.5
-0.2-0.2
Россети ФСКЕЭС
АО«Тываэнерго»
АО«Чеченэнерго»
Россети Волга
РоссетиКубань
РоссетиЛенэнерго (ГК)
РоссетиМосковскийрегион
РоссетиСеверныйКавказ (ГК)
Россети Северо-Запад
Россети Сибирь(ГК)
Россети Томск
Россети Тюмень
Россети Урал(ГК)
Россети Центр
Россети Центр иПриволжье (ГК)
Россети Юг (Г…
РоссетиЯнтарь
0
-5
5
п.п.
Отклонения фактического уровня потерь от бизнес-плана за 3 месяца (нарастающим итогом)
-0.2-0.2
-0.4-0.4
0.10.1
-0.1-0.1
-0.3-0.3
4.14.1
-1.9-1.9
-0.2-0.2
-0.5-0.5
-0.1-0.1
0.40.4
-0.7-0.7
-0.4-0.4
7.97.9
0.10.1
13.113.1
-0.2-0.2
-0.3-0.3
-0.0-0.0
0.20.2
-0.1-0.1
4.24.2
-1.7-1.7
-0.1-0.1
-0.3-0.3
-0.1-0.1
0.30.3
-0.7-0.7
-0.4-0.4
8.48.4
0.20.2
13.213.2
-0.3-0.3
-0.1-0.1
-0.5-0.5
-0.3-0.3
-1.8-1.8
-0.1-0.1
-0.3-0.3
-0.2-0.2
0.40.4
-0.7-0.7
-0.4-0.4
0.30.3
Итого по ФСК ЕЭС
Каббалкэнерго
Калмэнерго
Калугаэнерго
Карачаево-Черкесскэнерго
АО "Кинешемская электросеть"
АО "Тываэнерго"
АО «ВМЭС»
АО «Воронежская горэлектросеть»
АО «Тульские городские электрические сети»
АО «Чеченэнерго»
АО «Ярославская электросетевая компания»
АО ЕЭСК
Алтайэнерго
Архангельский филиал
Астраханьэнерго
Белгородэнерго
Брянскэнерго
Бурятэнерго
Владимирэнерго
Волгоградэнерго
Вологодский филиал
Воронежэнерго
Дагэнерго
Ивэнерго
Ингушэнерго
-5
15

Статус данных
Просьба обратить внимание
— все данные не занесены
Факт
План
Итого – Факт
Отпуск в сеть 190 364 468
Отпуск из сети 173 587 890
Потери 16 776 578
Итого – План
Отпуск в сеть 185 718 021
Отпуск из сети 170 013 641
Потери 15 704 380
Выполнение бизнес-плана в части показателя «Уровень потерь электроэнергии»
Показатели баланса электроэнергии по ДЗО – Факт 
572 217 2 784 252 15 734 909 46 928 172 39 079 081 44 371 600 40 894 236
452 291 1 738 957 11 305 954 43 678 766 38 062 639 40 166 359 38 182 923
119 926 1 045 295 4 428 955 3 249 406 1 016 442 4 205 240 2 711 313
Показатели баланса электроэнергии по ДЗО – План
544 127 2 583 877 14 755 136 44 875 501 40 452 567 43 055 315 39 451 497
429 681 1 719 315 11 187 191 41 746 891 39 436 282 38 756 246 36 738 034
114 446 864 562 3 567 945 3 128 610 1 016 285 4 299 069 2 713 463'

08-11-2024T13:57:46 - [TEST_STEP][PASSED] - for ([urlText.contains(searchWord) == false, i < 10, (ii++)]): Text of object 'Object Repository/Страница авторизации/Text' is: 'ДЗО 
Все
Период
1, 2, 3 кв. 2024 года
Отклонения фактического уровня потерь от бизнес-плана, п.п.
-0.07
4.08
3.97
-0.05
0.09
-0.51
-0.25
АО «Тываэнерго»
АО «Чеченэнерго»
Россети Северный Кавказ
Россети Сибирь
Россети Тюмень
Россети Центр (ГК)
Россети Центр и Приволжье (ГК)
-1
0
1
2
3
4
5
6
7

Уровень потерь электроэнергии
АО «Тываэнерго»
АО «Чеченэнерго»
Россети Северный Кавказ
Россети Сибирь
Россети Тюмень
Россети Центр (ГК)
Россети Центр и Приволжье (ГК)
0
10
20
30
40
50
60
70
21.03
|
33.46
24.18
6.97
|
2.51
9.98
|
6.88
|
20.96
37.54
|
28.15
|
6.92
2.60
|
9.48
6.63
п.п.
0.04
Итого
0
0.02
0.04
0.06
%
5.24 5.24
5.21 5.21
План
Факт
1
100

● Бизнес-план выполнен● ●● Превышение бизнес-плана
Отклонения фактического уровня потерь от бизнес-плана за 3 месяца (нарастающим итогом), п.п.
0.10.1
3.73.7
3.83.8
-0.1-0.1
0.10.1
-0.5-0.5
-0.2-0.2
-0.0-0.0
4.14.1
4.04.0
-0.1-0.1
0.10.1
-0.4-0.4
-0.2-0.2
-0.1-0.1
4.14.1
4.04.0
-0.0-0.0
0.10.1
-0.5-0.5
-0.2-0.2
Россети ФСКЕЭС
АО«Тываэнерго»
АО«Чеченэнерго»
Россети Волга
РоссетиКубань
РоссетиЛенэнерго (ГК)
РоссетиМосковскийрегион
РоссетиСеверныйКавказ (ГК)
Россети Северо-Запад
Россети Сибирь(ГК)
Россети Томск
Россети Тюмень
Россети Урал(ГК)
Россети Центр
Россети Центр иПриволжье (ГК)
Россети Юг (Г…
РоссетиЯнтарь
0
-5
5
п.п.
Отклонения фактического уровня потерь от бизнес-плана за 3 месяца (нарастающим итогом)
-0.2-0.2
-0.4-0.4
0.10.1
-0.1-0.1
-0.3-0.3
4.14.1
-1.9-1.9
-0.2-0.2
-0.5-0.5
-0.1-0.1
0.40.4
-0.7-0.7
-0.4-0.4
7.97.9
0.10.1
13.113.1
-0.2-0.2
-0.3-0.3
-0.0-0.0
0.20.2
-0.1-0.1
4.24.2
-1.7-1.7
-0.1-0.1
-0.3-0.3
-0.1-0.1
0.30.3
-0.7-0.7
-0.4-0.4
8.48.4
0.20.2
13.213.2
-0.3-0.3
-0.1-0.1
-0.5-0.5
-0.3-0.3
-1.8-1.8
-0.1-0.1
-0.3-0.3
-0.2-0.2
0.40.4
-0.7-0.7
-0.4-0.4
0.30.3
Итого по ФСК ЕЭС
Каббалкэнерго
Калмэнерго
Калугаэнерго
Карачаево-Черкесскэнерго
АО "Кинешемская электросеть"
АО "Тываэнерго"
АО «ВМЭС»
АО «Воронежская горэлектросеть»
АО «Тульские городские электрические сети»
АО «Чеченэнерго»
АО «Ярославская электросетевая компания»
АО ЕЭСК
Алтайэнерго
Архангельский филиал
Астраханьэнерго
Белгородэнерго
Брянскэнерго
Бурятэнерго
Владимирэнерго
Волгоградэнерго
Вологодский филиал
Воронежэнерго
Дагэнерго
Ивэнерго
Ингушэнерго
-5
15

Статус данных
Просьба обратить внимание
— все данные не занесены
Факт
План
Итого – Факт
Отпуск в сеть 190 364 468
Отпуск из сети 173 587 890
Потери 16 776 578
Итого – План
Отпуск в сеть 185 718 021
Отпуск из сети 170 013 641
Потери 15 704 380
Выполнение бизнес-плана в части показателя «Уровень потерь электроэнергии»
Показатели баланса электроэнергии по ДЗО – Факт 
572 217 2 784 252 15 734 909 46 928 172 39 079 081 44 371 600 40 894 236
452 291 1 738 957 11 305 954 43 678 766 38 062 639 40 166 359 38 182 923
119 926 1 045 295 4 428 955 3 249 406 1 016 442 4 205 240 2 711 313
Показатели баланса электроэнергии по ДЗО – План
544 127 2 583 877 14 755 136 44 875 501 40 452 567 43 055 315 39 451 497
429 681 1 719 315 11 187 191 41 746 891 39 436 282 38 756 246 36 738 034
114 446 864 562 3 567 945 3 128 610 1 016 285 4 299 069 2 713 463'

08-11-2024T13:57:46 - [TEST_STEP][PASSED] - i = i + 1: null

08-11-2024T13:57:46 - [TEST_STEP][PASSED] - refresh(): Refresh successfully

08-11-2024T13:57:47 - [MESSAGE][PASSED] - Refresh successfully

08-11-2024T13:57:47 - [TEST_STEP][PASSED] - delay(65): Delayed 65 second(s)

08-11-2024T13:58:52 - [MESSAGE][PASSED] - Delayed 65 second(s)

08-11-2024T13:58:52 - [TEST_STEP][PASSED] - navigateToUrl(findTestData("PlanFact").getValue(10, urlData)): Navigate to 'https://bi.rosseti.digital/viewer?dashboardGuid=d154a8eaf6824e2b9de1bb04dd061c18&sheetGuid=1305e8ce744049e1abdacea1ea397a26&fit=true' successfully

08-11-2024T13:58:54 - [MESSAGE][PASSED] - Navigate to 'https://bi.rosseti.digital/viewer?dashboardGuid=d154a8eaf6824e2b9de1bb04dd061c18&sheetGuid=1305e8ce744049e1abdacea1ea397a26&fit=true' successfully

08-11-2024T13:58:54 - [TEST_STEP][PASSED] - delay(65): Delayed 65 second(s)

08-11-2024T13:59:59 - [MESSAGE][PASSED] - Delayed 65 second(s)

08-11-2024T13:59:59 - [TEST_STEP][PASSED] - urlText = getText(findTestObject("Страница авторизации/Text")): Text of object 'Object Repository/Страница авторизации/Text' is: 'ДЗО 
Все
Период
1, 2, 3 кв. 2024 года
Отклонения фактического уровня потерь от бизнес-плана, п.п.
-0.07
4.08
3.97
-0.05
0.09
-0.51
-0.25
АО «Тываэнерго»
АО «Чеченэнерго»
Россети Северный Кавказ
Россети Сибирь
Россети Тюмень
Россети Центр (ГК)
Россети Центр и Приволжье (ГК)
-1
0
1
2
3
4
5
6
7

Уровень потерь электроэнергии
АО «Тываэнерго»
АО «Чеченэнерго»
Россети Северный Кавказ
Россети Сибирь
Россети Тюмень
Россети Центр (ГК)
Россети Центр и Приволжье (ГК)
0
10
20
30
40
50
60
70
21.03
|
33.46
24.18
6.97
|
2.51
9.98
|
6.88
|
20.96
37.54
|
28.15
|
6.92
2.60
|
9.48
6.63
п.п.
0.04
Итого
0
0.02
0.04
0.06
%
5.24 5.24
5.21 5.21
План
Факт
1
100

● Бизнес-план выполнен● ●● Превышение бизнес-плана
Отклонения фактического уровня потерь от бизнес-плана за 3 месяца (нарастающим итогом), п.п.
0.10.1
3.73.7
3.83.8
-0.1-0.1
0.10.1
-0.5-0.5
-0.2-0.2
-0.0-0.0
4.14.1
4.04.0
-0.1-0.1
0.10.1
-0.4-0.4
-0.2-0.2
-0.1-0.1
4.14.1
4.04.0
-0.0-0.0
0.10.1
-0.5-0.5
-0.2-0.2
Россети ФСКЕЭС
АО«Тываэнерго»
АО«Чеченэнерго»
Россети Волга
РоссетиКубань
РоссетиЛенэнерго (ГК)
РоссетиМосковскийрегион
РоссетиСеверныйКавказ (ГК)
Россети Северо-Запад
Россети Сибирь(ГК)
Россети Томск
Россети Тюмень
Россети Урал(ГК)
Россети Центр
Россети Центр иПриволжье (ГК)
Россети Юг (Г…
РоссетиЯнтарь
0
-5
5
п.п.
Отклонения фактического уровня потерь от бизнес-плана за 3 месяца (нарастающим итогом)
-0.2-0.2
-0.4-0.4
0.10.1
-0.1-0.1
-0.3-0.3
4.14.1
-1.9-1.9
-0.2-0.2
-0.5-0.5
-0.1-0.1
0.40.4
-0.7-0.7
-0.4-0.4
7.97.9
0.10.1
13.113.1
-0.2-0.2
-0.3-0.3
-0.0-0.0
0.20.2
-0.1-0.1
4.24.2
-1.7-1.7
-0.1-0.1
-0.3-0.3
-0.1-0.1
0.30.3
-0.7-0.7
-0.4-0.4
8.48.4
0.20.2
13.213.2
-0.3-0.3
-0.1-0.1
-0.5-0.5
-0.3-0.3
-1.8-1.8
-0.1-0.1
-0.3-0.3
-0.2-0.2
0.40.4
-0.7-0.7
-0.4-0.4
0.30.3
Итого по ФСК ЕЭС
Каббалкэнерго
Калмэнерго
Калугаэнерго
Карачаево-Черкесскэнерго
АО "Кинешемская электросеть"
АО "Тываэнерго"
АО «ВМЭС»
АО «Воронежская горэлектросеть»
АО «Тульские городские электрические сети»
АО «Чеченэнерго»
АО «Ярославская электросетевая компания»
АО ЕЭСК
Алтайэнерго
Архангельский филиал
Астраханьэнерго
Белгородэнерго
Брянскэнерго
Бурятэнерго
Владимирэнерго
Волгоградэнерго
Вологодский филиал
Воронежэнерго
Дагэнерго
Ивэнерго
Ингушэнерго
-5
15

Статус данных
Просьба обратить внимание
— все данные не занесены
Факт
План
Итого – Факт
Отпуск в сеть 190 364 468
Отпуск из сети 173 587 890
Потери 16 776 578
Итого – План
Отпуск в сеть 185 718 021
Отпуск из сети 170 013 641
Потери 15 704 380
Выполнение бизнес-плана в части показателя «Уровень потерь электроэнергии»
Показатели баланса электроэнергии по ДЗО – Факт 
572 217 2 784 252 15 734 909 46 928 172 39 079 081 44 371 600 40 894 236
452 291 1 738 957 11 305 954 43 678 766 38 062 639 40 166 359 38 182 923
119 926 1 045 295 4 428 955 3 249 406 1 016 442 4 205 240 2 711 313
Показатели баланса электроэнергии по ДЗО – План
544 127 2 583 877 14 755 136 44 875 501 40 452 567 43 055 315 39 451 497
429 681 1 719 315 11 187 191 41 746 891 39 436 282 38 756 246 36 738 034
114 446 864 562 3 567 945 3 128 610 1 016 285 4 299 069 2 713 463'

08-11-2024T14:00:01 - [MESSAGE][PASSED] - Text of object 'Object Repository/Страница авторизации/Text' is: 'ДЗО 
Все
Период
1, 2, 3 кв. 2024 года
Отклонения фактического уровня потерь от бизнес-плана, п.п.
-0.07
4.08
3.97
-0.05
0.09
-0.51
-0.25
АО «Тываэнерго»
АО «Чеченэнерго»
Россети Северный Кавказ
Россети Сибирь
Россети Тюмень
Россети Центр (ГК)
Россети Центр и Приволжье (ГК)
-1
0
1
2
3
4
5
6
7

Уровень потерь электроэнергии
АО «Тываэнерго»
АО «Чеченэнерго»
Россети Северный Кавказ
Россети Сибирь
Россети Тюмень
Россети Центр (ГК)
Россети Центр и Приволжье (ГК)
0
10
20
30
40
50
60
70
21.03
|
33.46
24.18
6.97
|
2.51
9.98
|
6.88
|
20.96
37.54
|
28.15
|
6.92
2.60
|
9.48
6.63
п.п.
0.04
Итого
0
0.02
0.04
0.06
%
5.24 5.24
5.21 5.21
План
Факт
1
100

● Бизнес-план выполнен● ●● Превышение бизнес-плана
Отклонения фактического уровня потерь от бизнес-плана за 3 месяца (нарастающим итогом), п.п.
0.10.1
3.73.7
3.83.8
-0.1-0.1
0.10.1
-0.5-0.5
-0.2-0.2
-0.0-0.0
4.14.1
4.04.0
-0.1-0.1
0.10.1
-0.4-0.4
-0.2-0.2
-0.1-0.1
4.14.1
4.04.0
-0.0-0.0
0.10.1
-0.5-0.5
-0.2-0.2
Россети ФСКЕЭС
АО«Тываэнерго»
АО«Чеченэнерго»
Россети Волга
РоссетиКубань
РоссетиЛенэнерго (ГК)
РоссетиМосковскийрегион
РоссетиСеверныйКавказ (ГК)
Россети Северо-Запад
Россети Сибирь(ГК)
Россети Томск
Россети Тюмень
Россети Урал(ГК)
Россети Центр
Россети Центр иПриволжье (ГК)
Россети Юг (Г…
РоссетиЯнтарь
0
-5
5
п.п.
Отклонения фактического уровня потерь от бизнес-плана за 3 месяца (нарастающим итогом)
-0.2-0.2
-0.4-0.4
0.10.1
-0.1-0.1
-0.3-0.3
4.14.1
-1.9-1.9
-0.2-0.2
-0.5-0.5
-0.1-0.1
0.40.4
-0.7-0.7
-0.4-0.4
7.97.9
0.10.1
13.113.1
-0.2-0.2
-0.3-0.3
-0.0-0.0
0.20.2
-0.1-0.1
4.24.2
-1.7-1.7
-0.1-0.1
-0.3-0.3
-0.1-0.1
0.30.3
-0.7-0.7
-0.4-0.4
8.48.4
0.20.2
13.213.2
-0.3-0.3
-0.1-0.1
-0.5-0.5
-0.3-0.3
-1.8-1.8
-0.1-0.1
-0.3-0.3
-0.2-0.2
0.40.4
-0.7-0.7
-0.4-0.4
0.30.3
Итого по ФСК ЕЭС
Каббалкэнерго
Калмэнерго
Калугаэнерго
Карачаево-Черкесскэнерго
АО "Кинешемская электросеть"
АО "Тываэнерго"
АО «ВМЭС»
АО «Воронежская горэлектросеть»
АО «Тульские городские электрические сети»
АО «Чеченэнерго»
АО «Ярославская электросетевая компания»
АО ЕЭСК
Алтайэнерго
Архангельский филиал
Астраханьэнерго
Белгородэнерго
Брянскэнерго
Бурятэнерго
Владимирэнерго
Волгоградэнерго
Вологодский филиал
Воронежэнерго
Дагэнерго
Ивэнерго
Ингушэнерго
-5
15

Статус данных
Просьба обратить внимание
— все данные не занесены
Факт
План
Итого – Факт
Отпуск в сеть 190 364 468
Отпуск из сети 173 587 890
Потери 16 776 578
Итого – План
Отпуск в сеть 185 718 021
Отпуск из сети 170 013 641
Потери 15 704 380
Выполнение бизнес-плана в части показателя «Уровень потерь электроэнергии»
Показатели баланса электроэнергии по ДЗО – Факт 
572 217 2 784 252 15 734 909 46 928 172 39 079 081 44 371 600 40 894 236
452 291 1 738 957 11 305 954 43 678 766 38 062 639 40 166 359 38 182 923
119 926 1 045 295 4 428 955 3 249 406 1 016 442 4 205 240 2 711 313
Показатели баланса электроэнергии по ДЗО – План
544 127 2 583 877 14 755 136 44 875 501 40 452 567 43 055 315 39 451 497
429 681 1 719 315 11 187 191 41 746 891 39 436 282 38 756 246 36 738 034
114 446 864 562 3 567 945 3 128 610 1 016 285 4 299 069 2 713 463'

08-11-2024T14:00:01 - [TEST_STEP][PASSED] - i = i + 1: null

08-11-2024T14:00:01 - [TEST_STEP][PASSED] - refresh(): Refresh successfully

08-11-2024T14:00:02 - [MESSAGE][PASSED] - Refresh successfully

08-11-2024T14:00:02 - [TEST_STEP][PASSED] - delay(65): Delayed 65 second(s)

08-11-2024T14:01:07 - [MESSAGE][PASSED] - Delayed 65 second(s)

08-11-2024T14:01:07 - [TEST_STEP][PASSED] - navigateToUrl(findTestData("PlanFact").getValue(10, urlData)): Navigate to 'https://bi.rosseti.digital/viewer?dashboardGuid=d154a8eaf6824e2b9de1bb04dd061c18&sheetGuid=1305e8ce744049e1abdacea1ea397a26&fit=true' successfully

08-11-2024T14:01:11 - [MESSAGE][PASSED] - Navigate to 'https://bi.rosseti.digital/viewer?dashboardGuid=d154a8eaf6824e2b9de1bb04dd061c18&sheetGuid=1305e8ce744049e1abdacea1ea397a26&fit=true' successfully

08-11-2024T14:01:11 - [TEST_STEP][PASSED] - delay(65): Delayed 65 second(s)

08-11-2024T14:02:16 - [MESSAGE][PASSED] - Delayed 65 second(s)

08-11-2024T14:02:16 - [TEST_STEP][PASSED] - urlText = getText(findTestObject("Страница авторизации/Text")): Text of object 'Object Repository/Страница авторизации/Text' is: 'ДЗО 
Все
Период
1, 2, 3 кв. 2024 года
Отклонения фактического уровня потерь от бизнес-плана, п.п.
-0.07
4.08
3.97
-0.05
0.09
-0.51
-0.25
АО «Тываэнерго»
АО «Чеченэнерго»
Россети Северный Кавказ
Россети Сибирь
Россети Тюмень
Россети Центр (ГК)
Россети Центр и Приволжье (ГК)
-1
0
1
2
3
4
5
6
7

Уровень потерь электроэнергии
АО «Тываэнерго»
АО «Чеченэнерго»
Россети Северный Кавказ
Россети Сибирь
Россети Тюмень
Россети Центр (ГК)
Россети Центр и Приволжье (ГК)
0
10
20
30
40
50
60
70
21.03
|
33.46
24.18
6.97
|
2.51
9.98
|
6.88
|
20.96
37.54
|
28.15
|
6.92
2.60
|
9.48
6.63
п.п.
0.04
Итого
0
0.02
0.04
0.06
%
5.24 5.24
5.21 5.21
План
Факт
1
100

● Бизнес-план выполнен● ●● Превышение бизнес-плана
Отклонения фактического уровня потерь от бизнес-плана за 3 месяца (нарастающим итогом), п.п.
0.10.1
3.73.7
3.83.8
-0.1-0.1
0.10.1
-0.5-0.5
-0.2-0.2
-0.0-0.0
4.14.1
4.04.0
-0.1-0.1
0.10.1
-0.4-0.4
-0.2-0.2
-0.1-0.1
4.14.1
4.04.0
-0.0-0.0
0.10.1
-0.5-0.5
-0.2-0.2
Россети ФСКЕЭС
АО«Тываэнерго»
АО«Чеченэнерго»
Россети Волга
РоссетиКубань
РоссетиЛенэнерго (ГК)
РоссетиМосковскийрегион
РоссетиСеверныйКавказ (ГК)
Россети Северо-Запад
Россети Сибирь(ГК)
Россети Томск
Россети Тюмень
Россети Урал(ГК)
Россети Центр
Россети Центр иПриволжье (ГК)
Россети Юг (Г…
РоссетиЯнтарь
0
-5
5
п.п.
Отклонения фактического уровня потерь от бизнес-плана за 3 месяца (нарастающим итогом)
-0.2-0.2
-0.4-0.4
0.10.1
-0.1-0.1
-0.3-0.3
4.14.1
-1.9-1.9
-0.2-0.2
-0.5-0.5
-0.1-0.1
0.40.4
-0.7-0.7
-0.4-0.4
7.97.9
0.10.1
13.113.1
-0.2-0.2
-0.3-0.3
-0.0-0.0
0.20.2
-0.1-0.1
4.24.2
-1.7-1.7
-0.1-0.1
-0.3-0.3
-0.1-0.1
0.30.3
-0.7-0.7
-0.4-0.4
8.48.4
0.20.2
13.213.2
-0.3-0.3
-0.1-0.1
-0.5-0.5
-0.3-0.3
-1.8-1.8
-0.1-0.1
-0.3-0.3
-0.2-0.2
0.40.4
-0.7-0.7
-0.4-0.4
0.30.3
Итого по ФСК ЕЭС
Каббалкэнерго
Калмэнерго
Калугаэнерго
Карачаево-Черкесскэнерго
АО "Кинешемская электросеть"
АО "Тываэнерго"
АО «ВМЭС»
АО «Воронежская горэлектросеть»
АО «Тульские городские электрические сети»
АО «Чеченэнерго»
АО «Ярославская электросетевая компания»
АО ЕЭСК
Алтайэнерго
Архангельский филиал
Астраханьэнерго
Белгородэнерго
Брянскэнерго
Бурятэнерго
Владимирэнерго
Волгоградэнерго
Вологодский филиал
Воронежэнерго
Дагэнерго
Ивэнерго
Ингушэнерго
-5
15

Статус данных
Просьба обратить внимание
— все данные не занесены
Факт
План
Итого – Факт
Отпуск в сеть 190 364 468
Отпуск из сети 173 587 890
Потери 16 776 578
Итого – План
Отпуск в сеть 185 718 021
Отпуск из сети 170 013 641
Потери 15 704 380
Выполнение бизнес-плана в части показателя «Уровень потерь электроэнергии»
Показатели баланса электроэнергии по ДЗО – Факт 
572 217 2 784 252 15 734 909 46 928 172 39 079 081 44 371 600 40 894 236
452 291 1 738 957 11 305 954 43 678 766 38 062 639 40 166 359 38 182 923
119 926 1 045 295 4 428 955 3 249 406 1 016 442 4 205 240 2 711 313
Показатели баланса электроэнергии по ДЗО – План
544 127 2 583 877 14 755 136 44 875 501 40 452 567 43 055 315 39 451 497
429 681 1 719 315 11 187 191 41 746 891 39 436 282 38 756 246 36 738 034
114 446 864 562 3 567 945 3 128 610 1 016 285 4 299 069 2 713 463'

08-11-2024T14:02:34 - [MESSAGE][PASSED] - Text of object 'Object Repository/Страница авторизации/Text' is: 'ДЗО 
Все
Период
1, 2, 3 кв. 2024 года
Отклонения фактического уровня потерь от бизнес-плана, п.п.
-0.07
4.08
3.97
-0.05
0.09
-0.51
-0.25
АО «Тываэнерго»
АО «Чеченэнерго»
Россети Северный Кавказ
Россети Сибирь
Россети Тюмень
Россети Центр (ГК)
Россети Центр и Приволжье (ГК)
-1
0
1
2
3
4
5
6
7

Уровень потерь электроэнергии
АО «Тываэнерго»
АО «Чеченэнерго»
Россети Северный Кавказ
Россети Сибирь
Россети Тюмень
Россети Центр (ГК)
Россети Центр и Приволжье (ГК)
0
10
20
30
40
50
60
70
21.03
|
33.46
24.18
6.97
|
2.51
9.98
|
6.88
|
20.96
37.54
|
28.15
|
6.92
2.60
|
9.48
6.63
п.п.
0.04
Итого
0
0.02
0.04
0.06
%
5.24 5.24
5.21 5.21
План
Факт
1
100

● Бизнес-план выполнен● ●● Превышение бизнес-плана
Отклонения фактического уровня потерь от бизнес-плана за 3 месяца (нарастающим итогом), п.п.
0.10.1
3.73.7
3.83.8
-0.1-0.1
0.10.1
-0.5-0.5
-0.2-0.2
-0.0-0.0
4.14.1
4.04.0
-0.1-0.1
0.10.1
-0.4-0.4
-0.2-0.2
-0.1-0.1
4.14.1
4.04.0
-0.0-0.0
0.10.1
-0.5-0.5
-0.2-0.2
Россети ФСКЕЭС
АО«Тываэнерго»
АО«Чеченэнерго»
Россети Волга
РоссетиКубань
РоссетиЛенэнерго (ГК)
РоссетиМосковскийрегион
РоссетиСеверныйКавказ (ГК)
Россети Северо-Запад
Россети Сибирь(ГК)
Россети Томск
Россети Тюмень
Россети Урал(ГК)
Россети Центр
Россети Центр иПриволжье (ГК)
Россети Юг (Г…
РоссетиЯнтарь
0
-5
5
п.п.
Отклонения фактического уровня потерь от бизнес-плана за 3 месяца (нарастающим итогом)
-0.2-0.2
-0.4-0.4
0.10.1
-0.1-0.1
-0.3-0.3
4.14.1
-1.9-1.9
-0.2-0.2
-0.5-0.5
-0.1-0.1
0.40.4
-0.7-0.7
-0.4-0.4
7.97.9
0.10.1
13.113.1
-0.2-0.2
-0.3-0.3
-0.0-0.0
0.20.2
-0.1-0.1
4.24.2
-1.7-1.7
-0.1-0.1
-0.3-0.3
-0.1-0.1
0.30.3
-0.7-0.7
-0.4-0.4
8.48.4
0.20.2
13.213.2
-0.3-0.3
-0.1-0.1
-0.5-0.5
-0.3-0.3
-1.8-1.8
-0.1-0.1
-0.3-0.3
-0.2-0.2
0.40.4
-0.7-0.7
-0.4-0.4
0.30.3
Итого по ФСК ЕЭС
Каббалкэнерго
Калмэнерго
Калугаэнерго
Карачаево-Черкесскэнерго
АО "Кинешемская электросеть"
АО "Тываэнерго"
АО «ВМЭС»
АО «Воронежская горэлектросеть»
АО «Тульские городские электрические сети»
АО «Чеченэнерго»
АО «Ярославская электросетевая компания»
АО ЕЭСК
Алтайэнерго
Архангельский филиал
Астраханьэнерго
Белгородэнерго
Брянскэнерго
Бурятэнерго
Владимирэнерго
Волгоградэнерго
Вологодский филиал
Воронежэнерго
Дагэнерго
Ивэнерго
Ингушэнерго
-5
15

Статус данных
Просьба обратить внимание
— все данные не занесены
Факт
План
Итого – Факт
Отпуск в сеть 190 364 468
Отпуск из сети 173 587 890
Потери 16 776 578
Итого – План
Отпуск в сеть 185 718 021
Отпуск из сети 170 013 641
Потери 15 704 380
Выполнение бизнес-плана в части показателя «Уровень потерь электроэнергии»
Показатели баланса электроэнергии по ДЗО – Факт 
572 217 2 784 252 15 734 909 46 928 172 39 079 081 44 371 600 40 894 236
452 291 1 738 957 11 305 954 43 678 766 38 062 639 40 166 359 38 182 923
119 926 1 045 295 4 428 955 3 249 406 1 016 442 4 205 240 2 711 313
Показатели баланса электроэнергии по ДЗО – План
544 127 2 583 877 14 755 136 44 875 501 40 452 567 43 055 315 39 451 497
429 681 1 719 315 11 187 191 41 746 891 39 436 282 38 756 246 36 738 034
114 446 864 562 3 567 945 3 128 610 1 016 285 4 299 069 2 713 463'

08-11-2024T14:02:34 - [TEST_STEP][PASSED] - i = i + 1: null

08-11-2024T14:02:34 - [TEST_STEP][PASSED] - refresh(): Refresh successfully

08-11-2024T14:02:34 - [MESSAGE][PASSED] - Refresh successfully

08-11-2024T14:02:34 - [TEST_STEP][PASSED] - delay(65): Delayed 65 second(s)

08-11-2024T14:03:39 - [MESSAGE][PASSED] - Delayed 65 second(s)

08-11-2024T14:03:39 - [TEST_STEP][PASSED] - navigateToUrl(findTestData("PlanFact").getValue(10, urlData)): Navigate to 'https://bi.rosseti.digital/viewer?dashboardGuid=d154a8eaf6824e2b9de1bb04dd061c18&sheetGuid=1305e8ce744049e1abdacea1ea397a26&fit=true' successfully

08-11-2024T14:03:40 - [MESSAGE][PASSED] - Navigate to 'https://bi.rosseti.digital/viewer?dashboardGuid=d154a8eaf6824e2b9de1bb04dd061c18&sheetGuid=1305e8ce744049e1abdacea1ea397a26&fit=true' successfully

08-11-2024T14:03:40 - [TEST_STEP][PASSED] - delay(65): Delayed 65 second(s)

08-11-2024T14:04:45 - [MESSAGE][PASSED] - Delayed 65 second(s)

08-11-2024T14:04:45 - [TEST_STEP][PASSED] - urlText = getText(findTestObject("Страница авторизации/Text")): Text of object 'Object Repository/Страница авторизации/Text' is: 'ДЗО 
Все
Период
1, 2, 3 кв. 2024 года
Отклонения фактического уровня потерь от бизнес-плана, п.п.
-0.07
4.08
3.97
-0.05
0.09
-0.51
-0.25
АО «Тываэнерго»
АО «Чеченэнерго»
Россети Северный Кавказ
Россети Сибирь
Россети Тюмень
Россети Центр (ГК)
Россети Центр и Приволжье (ГК)
-1
0
1
2
3
4
5
6
7

Уровень потерь электроэнергии
АО «Тываэнерго»
АО «Чеченэнерго»
Россети Северный Кавказ
Россети Сибирь
Россети Тюмень
Россети Центр (ГК)
Россети Центр и Приволжье (ГК)
0
10
20
30
40
50
60
70
21.03
|
33.46
24.18
6.97
|
2.51
9.98
|
6.88
|
20.96
37.54
|
28.15
|
6.92
2.60
|
9.48
6.63
п.п.
0.04
Итого
0
0.02
0.04
0.06
%
5.24 5.24
5.21 5.21
План
Факт
1
100

● Бизнес-план выполнен● ●● Превышение бизнес-плана
Отклонения фактического уровня потерь от бизнес-плана за 3 месяца (нарастающим итогом), п.п.
0.10.1
3.73.7
3.83.8
-0.1-0.1
0.10.1
-0.5-0.5
-0.2-0.2
-0.0-0.0
4.14.1
4.04.0
-0.1-0.1
0.10.1
-0.4-0.4
-0.2-0.2
-0.1-0.1
4.14.1
4.04.0
-0.0-0.0
0.10.1
-0.5-0.5
-0.2-0.2
Россети ФСКЕЭС
АО«Тываэнерго»
АО«Чеченэнерго»
Россети Волга
РоссетиКубань
РоссетиЛенэнерго (ГК)
РоссетиМосковскийрегион
РоссетиСеверныйКавказ (ГК)
Россети Северо-Запад
Россети Сибирь(ГК)
Россети Томск
Россети Тюмень
Россети Урал(ГК)
Россети Центр
Россети Центр иПриволжье (ГК)
Россети Юг (Г…
РоссетиЯнтарь
0
-5
5
п.п.
Отклонения фактического уровня потерь от бизнес-плана за 3 месяца (нарастающим итогом)
-0.2-0.2
-0.4-0.4
0.10.1
-0.1-0.1
-0.3-0.3
4.14.1
-1.9-1.9
-0.2-0.2
-0.5-0.5
-0.1-0.1
0.40.4
-0.7-0.7
-0.4-0.4
7.97.9
0.10.1
13.113.1
-0.2-0.2
-0.3-0.3
-0.0-0.0
0.20.2
-0.1-0.1
4.24.2
-1.7-1.7
-0.1-0.1
-0.3-0.3
-0.1-0.1
0.30.3
-0.7-0.7
-0.4-0.4
8.48.4
0.20.2
13.213.2
-0.3-0.3
-0.1-0.1
-0.5-0.5
-0.3-0.3
-1.8-1.8
-0.1-0.1
-0.3-0.3
-0.2-0.2
0.40.4
-0.7-0.7
-0.4-0.4
0.30.3
Итого по ФСК ЕЭС
Каббалкэнерго
Калмэнерго
Калугаэнерго
Карачаево-Черкесскэнерго
АО "Кинешемская электросеть"
АО "Тываэнерго"
АО «ВМЭС»
АО «Воронежская горэлектросеть»
АО «Тульские городские электрические сети»
АО «Чеченэнерго»
АО «Ярославская электросетевая компания»
АО ЕЭСК
Алтайэнерго
Архангельский филиал
Астраханьэнерго
Белгородэнерго
Брянскэнерго
Бурятэнерго
Владимирэнерго
Волгоградэнерго
Вологодский филиал
Воронежэнерго
Дагэнерго
Ивэнерго
Ингушэнерго
-5
15

Статус данных
Просьба обратить внимание
— все данные не занесены
Факт
План
Итого – Факт
Отпуск в сеть 190 364 468
Отпуск из сети 173 587 890
Потери 16 776 578
Итого – План
Отпуск в сеть 185 718 021
Отпуск из сети 170 013 641
Потери 15 704 380
Выполнение бизнес-плана в части показателя «Уровень потерь электроэнергии»
Показатели баланса электроэнергии по ДЗО – Факт 
572 217 2 784 252 15 734 909 46 928 172 39 079 081 44 371 600 40 894 236
452 291 1 738 957 11 305 954 43 678 766 38 062 639 40 166 359 38 182 923
119 926 1 045 295 4 428 955 3 249 406 1 016 442 4 205 240 2 711 313
Показатели баланса электроэнергии по ДЗО – План
544 127 2 583 877 14 755 136 44 875 501 40 452 567 43 055 315 39 451 497
429 681 1 719 315 11 187 191 41 746 891 39 436 282 38 756 246 36 738 034
114 446 864 562 3 567 945 3 128 610 1 016 285 4 299 069 2 713 463'

08-11-2024T14:05:16 - [MESSAGE][PASSED] - Text of object 'Object Repository/Страница авторизации/Text' is: 'ДЗО 
Все
Период
1, 2, 3 кв. 2024 года
Отклонения фактического уровня потерь от бизнес-плана, п.п.
-0.07
4.08
3.97
-0.05
0.09
-0.51
-0.25
АО «Тываэнерго»
АО «Чеченэнерго»
Россети Северный Кавказ
Россети Сибирь
Россети Тюмень
Россети Центр (ГК)
Россети Центр и Приволжье (ГК)
-1
0
1
2
3
4
5
6
7

Уровень потерь электроэнергии
АО «Тываэнерго»
АО «Чеченэнерго»
Россети Северный Кавказ
Россети Сибирь
Россети Тюмень
Россети Центр (ГК)
Россети Центр и Приволжье (ГК)
0
10
20
30
40
50
60
70
21.03
|
33.46
24.18
6.97
|
2.51
9.98
|
6.88
|
20.96
37.54
|
28.15
|
6.92
2.60
|
9.48
6.63
п.п.
0.04
Итого
0
0.02
0.04
0.06
%
5.24 5.24
5.21 5.21
План
Факт
1
100

● Бизнес-план выполнен● ●● Превышение бизнес-плана
Отклонения фактического уровня потерь от бизнес-плана за 3 месяца (нарастающим итогом), п.п.
0.10.1
3.73.7
3.83.8
-0.1-0.1
0.10.1
-0.5-0.5
-0.2-0.2
-0.0-0.0
4.14.1
4.04.0
-0.1-0.1
0.10.1
-0.4-0.4
-0.2-0.2
-0.1-0.1
4.14.1
4.04.0
-0.0-0.0
0.10.1
-0.5-0.5
-0.2-0.2
Россети ФСКЕЭС
АО«Тываэнерго»
АО«Чеченэнерго»
Россети Волга
РоссетиКубань
РоссетиЛенэнерго (ГК)
РоссетиМосковскийрегион
РоссетиСеверныйКавказ (ГК)
Россети Северо-Запад
Россети Сибирь(ГК)
Россети Томск
Россети Тюмень
Россети Урал(ГК)
Россети Центр
Россети Центр иПриволжье (ГК)
Россети Юг (Г…
РоссетиЯнтарь
0
-5
5
п.п.
Отклонения фактического уровня потерь от бизнес-плана за 3 месяца (нарастающим итогом)
-0.2-0.2
-0.4-0.4
0.10.1
-0.1-0.1
-0.3-0.3
4.14.1
-1.9-1.9
-0.2-0.2
-0.5-0.5
-0.1-0.1
0.40.4
-0.7-0.7
-0.4-0.4
7.97.9
0.10.1
13.113.1
-0.2-0.2
-0.3-0.3
-0.0-0.0
0.20.2
-0.1-0.1
4.24.2
-1.7-1.7
-0.1-0.1
-0.3-0.3
-0.1-0.1
0.30.3
-0.7-0.7
-0.4-0.4
8.48.4
0.20.2
13.213.2
-0.3-0.3
-0.1-0.1
-0.5-0.5
-0.3-0.3
-1.8-1.8
-0.1-0.1
-0.3-0.3
-0.2-0.2
0.40.4
-0.7-0.7
-0.4-0.4
0.30.3
Итого по ФСК ЕЭС
Каббалкэнерго
Калмэнерго
Калугаэнерго
Карачаево-Черкесскэнерго
АО "Кинешемская электросеть"
АО "Тываэнерго"
АО «ВМЭС»
АО «Воронежская горэлектросеть»
АО «Тульские городские электрические сети»
АО «Чеченэнерго»
АО «Ярославская электросетевая компания»
АО ЕЭСК
Алтайэнерго
Архангельский филиал
Астраханьэнерго
Белгородэнерго
Брянскэнерго
Бурятэнерго
Владимирэнерго
Волгоградэнерго
Вологодский филиал
Воронежэнерго
Дагэнерго
Ивэнерго
Ингушэнерго
-5
15

Статус данных
Просьба обратить внимание
— все данные не занесены
Факт
План
Итого – Факт
Отпуск в сеть 190 364 468
Отпуск из сети 173 587 890
Потери 16 776 578
Итого – План
Отпуск в сеть 185 718 021
Отпуск из сети 170 013 641
Потери 15 704 380
Выполнение бизнес-плана в части показателя «Уровень потерь электроэнергии»
Показатели баланса электроэнергии по ДЗО – Факт 
572 217 2 784 252 15 734 909 46 928 172 39 079 081 44 371 600 40 894 236
452 291 1 738 957 11 305 954 43 678 766 38 062 639 40 166 359 38 182 923
119 926 1 045 295 4 428 955 3 249 406 1 016 442 4 205 240 2 711 313
Показатели баланса электроэнергии по ДЗО – План
544 127 2 583 877 14 755 136 44 875 501 40 452 567 43 055 315 39 451 497
429 681 1 719 315 11 187 191 41 746 891 39 436 282 38 756 246 36 738 034
114 446 864 562 3 567 945 3 128 610 1 016 285 4 299 069 2 713 463'

08-11-2024T14:05:16 - [TEST_STEP][PASSED] - i = i + 1: null

08-11-2024T14:05:16 - [TEST_STEP][PASSED] - refresh(): Refresh successfully

08-11-2024T14:05:17 - [MESSAGE][PASSED] - Refresh successfully

08-11-2024T14:05:17 - [TEST_STEP][PASSED] - delay(65): Delayed 65 second(s)

08-11-2024T14:06:22 - [MESSAGE][PASSED] - Delayed 65 second(s)

08-11-2024T14:06:22 - [TEST_STEP][PASSED] - navigateToUrl(findTestData("PlanFact").getValue(10, urlData)): Navigate to 'https://bi.rosseti.digital/viewer?dashboardGuid=d154a8eaf6824e2b9de1bb04dd061c18&sheetGuid=1305e8ce744049e1abdacea1ea397a26&fit=true' successfully

08-11-2024T14:06:23 - [MESSAGE][PASSED] - Navigate to 'https://bi.rosseti.digital/viewer?dashboardGuid=d154a8eaf6824e2b9de1bb04dd061c18&sheetGuid=1305e8ce744049e1abdacea1ea397a26&fit=true' successfully

08-11-2024T14:06:23 - [TEST_STEP][PASSED] - delay(65): Delayed 65 second(s)

08-11-2024T14:07:28 - [MESSAGE][PASSED] - Delayed 65 second(s)

08-11-2024T14:07:28 - [TEST_STEP][PASSED] - urlText = getText(findTestObject("Страница авторизации/Text")): Text of object 'Object Repository/Страница авторизации/Text' is: 'ДЗО 
Все
Период
1, 2, 3 кв. 2024 года
Отклонения фактического уровня потерь от бизнес-плана, п.п.
-0.07
4.08
3.97
-0.05
0.09
-0.51
-0.25
АО «Тываэнерго»
АО «Чеченэнерго»
Россети Северный Кавказ
Россети Сибирь
Россети Тюмень
Россети Центр (ГК)
Россети Центр и Приволжье (ГК)
-1
0
1
2
3
4
5
6
7

Уровень потерь электроэнергии
АО «Тываэнерго»
АО «Чеченэнерго»
Россети Северный Кавказ
Россети Сибирь
Россети Тюмень
Россети Центр (ГК)
Россети Центр и Приволжье (ГК)
0
10
20
30
40
50
60
70
21.03
|
33.46
24.18
6.97
|
2.51
9.98
|
6.88
|
20.96
37.54
|
28.15
|
6.92
2.60
|
9.48
6.63
п.п.
0.04
Итого
0
0.02
0.04
0.06
%
5.24 5.24
5.21 5.21
План
Факт
1
100

● Бизнес-план выполнен● ●● Превышение бизнес-плана
Отклонения фактического уровня потерь от бизнес-плана за 3 месяца (нарастающим итогом), п.п.
0.10.1
3.73.7
3.83.8
-0.1-0.1
0.10.1
-0.5-0.5
-0.2-0.2
-0.0-0.0
4.14.1
4.04.0
-0.1-0.1
0.10.1
-0.4-0.4
-0.2-0.2
-0.1-0.1
4.14.1
4.04.0
-0.0-0.0
0.10.1
-0.5-0.5
-0.2-0.2
Россети ФСКЕЭС
АО«Тываэнерго»
АО«Чеченэнерго»
Россети Волга
РоссетиКубань
РоссетиЛенэнерго (ГК)
РоссетиМосковскийрегион
РоссетиСеверныйКавказ (ГК)
Россети Северо-Запад
Россети Сибирь(ГК)
Россети Томск
Россети Тюмень
Россети Урал(ГК)
Россети Центр
Россети Центр иПриволжье (ГК)
Россети Юг (Г…
РоссетиЯнтарь
0
-5
5
п.п.
Отклонения фактического уровня потерь от бизнес-плана за 3 месяца (нарастающим итогом)
-0.2-0.2
-0.4-0.4
0.10.1
-0.1-0.1
-0.3-0.3
4.14.1
-1.9-1.9
-0.2-0.2
-0.5-0.5
-0.1-0.1
0.40.4
-0.7-0.7
-0.4-0.4
7.97.9
0.10.1
13.113.1
-0.2-0.2
-0.3-0.3
-0.0-0.0
0.20.2
-0.1-0.1
4.24.2
-1.7-1.7
-0.1-0.1
-0.3-0.3
-0.1-0.1
0.30.3
-0.7-0.7
-0.4-0.4
8.48.4
0.20.2
13.213.2
-0.3-0.3
-0.1-0.1
-0.5-0.5
-0.3-0.3
-1.8-1.8
-0.1-0.1
-0.3-0.3
-0.2-0.2
0.40.4
-0.7-0.7
-0.4-0.4
0.30.3
Итого по ФСК ЕЭС
Каббалкэнерго
Калмэнерго
Калугаэнерго
Карачаево-Черкесскэнерго
АО "Кинешемская электросеть"
АО "Тываэнерго"
АО «ВМЭС»
АО «Воронежская горэлектросеть»
АО «Тульские городские электрические сети»
АО «Чеченэнерго»
АО «Ярославская электросетевая компания»
АО ЕЭСК
Алтайэнерго
Архангельский филиал
Астраханьэнерго
Белгородэнерго
Брянскэнерго
Бурятэнерго
Владимирэнерго
Волгоградэнерго
Вологодский филиал
Воронежэнерго
Дагэнерго
Ивэнерго
Ингушэнерго
-5
15

Статус данных
Просьба обратить внимание
— все данные не занесены
Факт
План
Итого – Факт
Отпуск в сеть 190 364 468
Отпуск из сети 173 587 890
Потери 16 776 578
Итого – План
Отпуск в сеть 185 718 021
Отпуск из сети 170 013 641
Потери 15 704 380
Выполнение бизнес-плана в части показателя «Уровень потерь электроэнергии»
Показатели баланса электроэнергии по ДЗО – Факт 
572 217 2 784 252 15 734 909 46 928 172 39 079 081 44 371 600 40 894 236
452 291 1 738 957 11 305 954 43 678 766 38 062 639 40 166 359 38 182 923
119 926 1 045 295 4 428 955 3 249 406 1 016 442 4 205 240 2 711 313
Показатели баланса электроэнергии по ДЗО – План
544 127 2 583 877 14 755 136 44 875 501 40 452 567 43 055 315 39 451 497
429 681 1 719 315 11 187 191 41 746 891 39 436 282 38 756 246 36 738 034
114 446 864 562 3 567 945 3 128 610 1 016 285 4 299 069 2 713 463'

08-11-2024T14:07:32 - [MESSAGE][PASSED] - Text of object 'Object Repository/Страница авторизации/Text' is: 'ДЗО 
Все
Период
1, 2, 3 кв. 2024 года
Отклонения фактического уровня потерь от бизнес-плана, п.п.
-0.07
4.08
3.97
-0.05
0.09
-0.51
-0.25
АО «Тываэнерго»
АО «Чеченэнерго»
Россети Северный Кавказ
Россети Сибирь
Россети Тюмень
Россети Центр (ГК)
Россети Центр и Приволжье (ГК)
-1
0
1
2
3
4
5
6
7

Уровень потерь электроэнергии
АО «Тываэнерго»
АО «Чеченэнерго»
Россети Северный Кавказ
Россети Сибирь
Россети Тюмень
Россети Центр (ГК)
Россети Центр и Приволжье (ГК)
0
10
20
30
40
50
60
70
21.03
|
33.46
24.18
6.97
|
2.51
9.98
|
6.88
|
20.96
37.54
|
28.15
|
6.92
2.60
|
9.48
6.63
п.п.
0.04
Итого
0
0.02
0.04
0.06
%
5.24 5.24
5.21 5.21
План
Факт
1
100

● Бизнес-план выполнен● ●● Превышение бизнес-плана
Отклонения фактического уровня потерь от бизнес-плана за 3 месяца (нарастающим итогом), п.п.
0.10.1
3.73.7
3.83.8
-0.1-0.1
0.10.1
-0.5-0.5
-0.2-0.2
-0.0-0.0
4.14.1
4.04.0
-0.1-0.1
0.10.1
-0.4-0.4
-0.2-0.2
-0.1-0.1
4.14.1
4.04.0
-0.0-0.0
0.10.1
-0.5-0.5
-0.2-0.2
Россети ФСКЕЭС
АО«Тываэнерго»
АО«Чеченэнерго»
Россети Волга
РоссетиКубань
РоссетиЛенэнерго (ГК)
РоссетиМосковскийрегион
РоссетиСеверныйКавказ (ГК)
Россети Северо-Запад
Россети Сибирь(ГК)
Россети Томск
Россети Тюмень
Россети Урал(ГК)
Россети Центр
Россети Центр иПриволжье (ГК)
Россети Юг (Г…
РоссетиЯнтарь
0
-5
5
п.п.
Отклонения фактического уровня потерь от бизнес-плана за 3 месяца (нарастающим итогом)
-0.2-0.2
-0.4-0.4
0.10.1
-0.1-0.1
-0.3-0.3
4.14.1
-1.9-1.9
-0.2-0.2
-0.5-0.5
-0.1-0.1
0.40.4
-0.7-0.7
-0.4-0.4
7.97.9
0.10.1
13.113.1
-0.2-0.2
-0.3-0.3
-0.0-0.0
0.20.2
-0.1-0.1
4.24.2
-1.7-1.7
-0.1-0.1
-0.3-0.3
-0.1-0.1
0.30.3
-0.7-0.7
-0.4-0.4
8.48.4
0.20.2
13.213.2
-0.3-0.3
-0.1-0.1
-0.5-0.5
-0.3-0.3
-1.8-1.8
-0.1-0.1
-0.3-0.3
-0.2-0.2
0.40.4
-0.7-0.7
-0.4-0.4
0.30.3
Итого по ФСК ЕЭС
Каббалкэнерго
Калмэнерго
Калугаэнерго
Карачаево-Черкесскэнерго
АО "Кинешемская электросеть"
АО "Тываэнерго"
АО «ВМЭС»
АО «Воронежская горэлектросеть»
АО «Тульские городские электрические сети»
АО «Чеченэнерго»
АО «Ярославская электросетевая компания»
АО ЕЭСК
Алтайэнерго
Архангельский филиал
Астраханьэнерго
Белгородэнерго
Брянскэнерго
Бурятэнерго
Владимирэнерго
Волгоградэнерго
Вологодский филиал
Воронежэнерго
Дагэнерго
Ивэнерго
Ингушэнерго
-5
15

Статус данных
Просьба обратить внимание
— все данные не занесены
Факт
План
Итого – Факт
Отпуск в сеть 190 364 468
Отпуск из сети 173 587 890
Потери 16 776 578
Итого – План
Отпуск в сеть 185 718 021
Отпуск из сети 170 013 641
Потери 15 704 380
Выполнение бизнес-плана в части показателя «Уровень потерь электроэнергии»
Показатели баланса электроэнергии по ДЗО – Факт 
572 217 2 784 252 15 734 909 46 928 172 39 079 081 44 371 600 40 894 236
452 291 1 738 957 11 305 954 43 678 766 38 062 639 40 166 359 38 182 923
119 926 1 045 295 4 428 955 3 249 406 1 016 442 4 205 240 2 711 313
Показатели баланса электроэнергии по ДЗО – План
544 127 2 583 877 14 755 136 44 875 501 40 452 567 43 055 315 39 451 497
429 681 1 719 315 11 187 191 41 746 891 39 436 282 38 756 246 36 738 034
114 446 864 562 3 567 945 3 128 610 1 016 285 4 299 069 2 713 463'

08-11-2024T14:07:32 - [TEST_STEP][PASSED] - i = i + 1: null

08-11-2024T14:07:32 - [TEST_STEP][PASSED] - refresh(): Refresh successfully

08-11-2024T14:07:33 - [MESSAGE][PASSED] - Refresh successfully

08-11-2024T14:07:33 - [TEST_STEP][PASSED] - delay(65): Delayed 65 second(s)

08-11-2024T14:08:38 - [MESSAGE][PASSED] - Delayed 65 second(s)

08-11-2024T14:08:38 - [TEST_STEP][PASSED] - navigateToUrl(findTestData("PlanFact").getValue(10, urlData)): Navigate to 'https://bi.rosseti.digital/viewer?dashboardGuid=d154a8eaf6824e2b9de1bb04dd061c18&sheetGuid=1305e8ce744049e1abdacea1ea397a26&fit=true' successfully

08-11-2024T14:08:39 - [MESSAGE][PASSED] - Navigate to 'https://bi.rosseti.digital/viewer?dashboardGuid=d154a8eaf6824e2b9de1bb04dd061c18&sheetGuid=1305e8ce744049e1abdacea1ea397a26&fit=true' successfully

08-11-2024T14:08:39 - [TEST_STEP][PASSED] - delay(65): Delayed 65 second(s)

08-11-2024T14:09:44 - [MESSAGE][PASSED] - Delayed 65 second(s)

08-11-2024T14:09:44 - [TEST_STEP][PASSED] - urlText = getText(findTestObject("Страница авторизации/Text")): Text of object 'Object Repository/Страница авторизации/Text' is: 'ДЗО 
Все
Период
1, 2, 3 кв. 2024 года
Отклонения фактического уровня потерь от бизнес-плана, п.п.
-0.07
4.08
3.97
-0.05
0.09
-0.51
-0.25
АО «Тываэнерго»
АО «Чеченэнерго»
Россети Северный Кавказ
Россети Сибирь
Россети Тюмень
Россети Центр (ГК)
Россети Центр и Приволжье (ГК)
-1
0
1
2
3
4
5
6
7

Уровень потерь электроэнергии
АО «Тываэнерго»
АО «Чеченэнерго»
Россети Северный Кавказ
Россети Сибирь
Россети Тюмень
Россети Центр (ГК)
Россети Центр и Приволжье (ГК)
0
10
20
30
40
50
60
70
21.03
|
33.46
24.18
6.97
|
2.51
9.98
|
6.88
|
20.96
37.54
|
28.15
|
6.92
2.60
|
9.48
6.63
%
5.24 5.24
5.21 5.21
План
Факт
1
100

● Бизнес-план выполнен● ●● Превышение бизнес-плана
Отклонения фактического уровня потерь от бизнес-плана за 3 месяца (нарастающим итогом), п.п.
0.10.1
3.73.7
3.83.8
-0.1-0.1
0.10.1
-0.5-0.5
-0.2-0.2
-0.0-0.0
4.14.1
4.04.0
-0.1-0.1
0.10.1
-0.4-0.4
-0.2-0.2
-0.1-0.1
4.14.1
4.04.0
-0.0-0.0
0.10.1
-0.5-0.5
-0.2-0.2
Россети ФСКЕЭС
АО«Тываэнерго»
АО«Чеченэнерго»
Россети Волга
РоссетиКубань
РоссетиЛенэнерго (ГК)
РоссетиМосковскийрегион
РоссетиСеверныйКавказ (ГК)
Россети Северо-Запад
Россети Сибирь(ГК)
Россети Томск
Россети Тюмень
Россети Урал(ГК)
Россети Центр
Россети Центр иПриволжье (ГК)
Россети Юг (Г…
РоссетиЯнтарь
0
-5
5
п.п.
Отклонения фактического уровня потерь от бизнес-плана за 3 месяца (нарастающим итогом)
-0.2-0.2
-0.4-0.4
0.10.1
-0.1-0.1
-0.3-0.3
4.14.1
-1.9-1.9
-0.2-0.2
-0.5-0.5
-0.1-0.1
0.40.4
-0.7-0.7
-0.4-0.4
7.97.9
0.10.1
13.113.1
-0.2-0.2
-0.3-0.3
-0.0-0.0
0.20.2
-0.1-0.1
4.24.2
-1.7-1.7
-0.1-0.1
-0.3-0.3
-0.1-0.1
0.30.3
-0.7-0.7
-0.4-0.4
8.48.4
0.20.2
13.213.2
-0.3-0.3
-0.1-0.1
-0.5-0.5
-0.3-0.3
-1.8-1.8
-0.1-0.1
-0.3-0.3
-0.2-0.2
0.40.4
-0.7-0.7
-0.4-0.4
0.30.3
Итого по ФСК ЕЭС
Каббалкэнерго
Калмэнерго
Калугаэнерго
Карачаево-Черкесскэнерго
АО "Кинешемская электросеть"
АО "Тываэнерго"
АО «ВМЭС»
АО «Воронежская горэлектросеть»
АО «Тульские городские электрические сети»
АО «Чеченэнерго»
АО «Ярославская электросетевая компания»
АО ЕЭСК
Алтайэнерго
Архангельский филиал
Астраханьэнерго
Белгородэнерго
Брянскэнерго
Бурятэнерго
Владимирэнерго
Волгоградэнерго
Вологодский филиал
Воронежэнерго
Дагэнерго
Ивэнерго
Ингушэнерго
-5
15

Статус данных
Просьба обратить внимание
— все данные не занесены
Факт
План
Итого – Факт
Отпуск в сеть 190 364 468
Отпуск из сети 173 587 890
Потери 16 776 578
Итого – План
Отпуск в сеть 185 718 021
Отпуск из сети 170 013 641
Потери 15 704 380
Выполнение бизнес-плана в части показателя «Уровень потерь электроэнергии»
Показатели баланса электроэнергии по ДЗО – Факт 
572 217 2 784 252 15 734 909 46 928 172 39 079 081 44 371 600 40 894 236
452 291 1 738 957 11 305 954 43 678 766 38 062 639 40 166 359 38 182 923
119 926 1 045 295 4 428 955 3 249 406 1 016 442 4 205 240 2 711 313
Показатели баланса электроэнергии по ДЗО – План
544 127 2 583 877 14 755 136 44 875 501 40 452 567 43 055 315 39 451 497
429 681 1 719 315 11 187 191 41 746 891 39 436 282 38 756 246 36 738 034
114 446 864 562 3 567 945 3 128 610 1 016 285 4 299 069 2 713 463'

08-11-2024T14:10:15 - [MESSAGE][PASSED] - Text of object 'Object Repository/Страница авторизации/Text' is: 'ДЗО 
Все
Период
1, 2, 3 кв. 2024 года
Отклонения фактического уровня потерь от бизнес-плана, п.п.
-0.07
4.08
3.97
-0.05
0.09
-0.51
-0.25
АО «Тываэнерго»
АО «Чеченэнерго»
Россети Северный Кавказ
Россети Сибирь
Россети Тюмень
Россети Центр (ГК)
Россети Центр и Приволжье (ГК)
-1
0
1
2
3
4
5
6
7

Уровень потерь электроэнергии
АО «Тываэнерго»
АО «Чеченэнерго»
Россети Северный Кавказ
Россети Сибирь
Россети Тюмень
Россети Центр (ГК)
Россети Центр и Приволжье (ГК)
0
10
20
30
40
50
60
70
21.03
|
33.46
24.18
6.97
|
2.51
9.98
|
6.88
|
20.96
37.54
|
28.15
|
6.92
2.60
|
9.48
6.63
%
5.24 5.24
5.21 5.21
План
Факт
1
100

● Бизнес-план выполнен● ●● Превышение бизнес-плана
Отклонения фактического уровня потерь от бизнес-плана за 3 месяца (нарастающим итогом), п.п.
0.10.1
3.73.7
3.83.8
-0.1-0.1
0.10.1
-0.5-0.5
-0.2-0.2
-0.0-0.0
4.14.1
4.04.0
-0.1-0.1
0.10.1
-0.4-0.4
-0.2-0.2
-0.1-0.1
4.14.1
4.04.0
-0.0-0.0
0.10.1
-0.5-0.5
-0.2-0.2
Россети ФСКЕЭС
АО«Тываэнерго»
АО«Чеченэнерго»
Россети Волга
РоссетиКубань
РоссетиЛенэнерго (ГК)
РоссетиМосковскийрегион
РоссетиСеверныйКавказ (ГК)
Россети Северо-Запад
Россети Сибирь(ГК)
Россети Томск
Россети Тюмень
Россети Урал(ГК)
Россети Центр
Россети Центр иПриволжье (ГК)
Россети Юг (Г…
РоссетиЯнтарь
0
-5
5
п.п.
Отклонения фактического уровня потерь от бизнес-плана за 3 месяца (нарастающим итогом)
-0.2-0.2
-0.4-0.4
0.10.1
-0.1-0.1
-0.3-0.3
4.14.1
-1.9-1.9
-0.2-0.2
-0.5-0.5
-0.1-0.1
0.40.4
-0.7-0.7
-0.4-0.4
7.97.9
0.10.1
13.113.1
-0.2-0.2
-0.3-0.3
-0.0-0.0
0.20.2
-0.1-0.1
4.24.2
-1.7-1.7
-0.1-0.1
-0.3-0.3
-0.1-0.1
0.30.3
-0.7-0.7
-0.4-0.4
8.48.4
0.20.2
13.213.2
-0.3-0.3
-0.1-0.1
-0.5-0.5
-0.3-0.3
-1.8-1.8
-0.1-0.1
-0.3-0.3
-0.2-0.2
0.40.4
-0.7-0.7
-0.4-0.4
0.30.3
Итого по ФСК ЕЭС
Каббалкэнерго
Калмэнерго
Калугаэнерго
Карачаево-Черкесскэнерго
АО "Кинешемская электросеть"
АО "Тываэнерго"
АО «ВМЭС»
АО «Воронежская горэлектросеть»
АО «Тульские городские электрические сети»
АО «Чеченэнерго»
АО «Ярославская электросетевая компания»
АО ЕЭСК
Алтайэнерго
Архангельский филиал
Астраханьэнерго
Белгородэнерго
Брянскэнерго
Бурятэнерго
Владимирэнерго
Волгоградэнерго
Вологодский филиал
Воронежэнерго
Дагэнерго
Ивэнерго
Ингушэнерго
-5
15

Статус данных
Просьба обратить внимание
— все данные не занесены
Факт
План
Итого – Факт
Отпуск в сеть 190 364 468
Отпуск из сети 173 587 890
Потери 16 776 578
Итого – План
Отпуск в сеть 185 718 021
Отпуск из сети 170 013 641
Потери 15 704 380
Выполнение бизнес-плана в части показателя «Уровень потерь электроэнергии»
Показатели баланса электроэнергии по ДЗО – Факт 
572 217 2 784 252 15 734 909 46 928 172 39 079 081 44 371 600 40 894 236
452 291 1 738 957 11 305 954 43 678 766 38 062 639 40 166 359 38 182 923
119 926 1 045 295 4 428 955 3 249 406 1 016 442 4 205 240 2 711 313
Показатели баланса электроэнергии по ДЗО – План
544 127 2 583 877 14 755 136 44 875 501 40 452 567 43 055 315 39 451 497
429 681 1 719 315 11 187 191 41 746 891 39 436 282 38 756 246 36 738 034
114 446 864 562 3 567 945 3 128 610 1 016 285 4 299 069 2 713 463'

08-11-2024T14:10:15 - [TEST_STEP][PASSED] - i = i + 1: null

08-11-2024T14:10:15 - [TEST_STEP][PASSED] - refresh(): Refresh successfully

08-11-2024T14:10:16 - [MESSAGE][PASSED] - Refresh successfully

08-11-2024T14:10:16 - [TEST_STEP][PASSED] - delay(65): Delayed 65 second(s)

08-11-2024T14:11:21 - [MESSAGE][PASSED] - Delayed 65 second(s)

08-11-2024T14:11:21 - [TEST_STEP][PASSED] - navigateToUrl(findTestData("PlanFact").getValue(10, urlData)): Navigate to 'https://bi.rosseti.digital/viewer?dashboardGuid=d154a8eaf6824e2b9de1bb04dd061c18&sheetGuid=1305e8ce744049e1abdacea1ea397a26&fit=true' successfully

08-11-2024T14:11:22 - [MESSAGE][PASSED] - Navigate to 'https://bi.rosseti.digital/viewer?dashboardGuid=d154a8eaf6824e2b9de1bb04dd061c18&sheetGuid=1305e8ce744049e1abdacea1ea397a26&fit=true' successfully

08-11-2024T14:11:22 - [TEST_STEP][PASSED] - delay(65): Delayed 65 second(s)

08-11-2024T14:12:27 - [MESSAGE][PASSED] - Delayed 65 second(s)

08-11-2024T14:12:27 - [TEST_STEP][PASSED] - urlText = getText(findTestObject("Страница авторизации/Text")): Text of object 'Object Repository/Страница авторизации/Text' is: 'ДЗО 
Все
Период
1, 2, 3 кв. 2024 года
Отклонения фактического уровня потерь от бизнес-плана, п.п.
-0.07
4.08
3.97
-0.05
0.09
-0.51
-0.25
АО «Тываэнерго»
АО «Чеченэнерго»
Россети Северный Кавказ
Россети Сибирь
Россети Тюмень
Россети Центр (ГК)
Россети Центр и Приволжье (ГК)
-1
0
1
2
3
4
5
6
7

Уровень потерь электроэнергии
АО «Тываэнерго»
АО «Чеченэнерго»
Россети Северный Кавказ
Россети Сибирь
Россети Тюмень
Россети Центр (ГК)
Россети Центр и Приволжье (ГК)
0
10
20
30
40
50
60
70
21.03
|
33.46
24.18
6.97
|
2.51
9.98
|
6.88
|
20.96
37.54
|
28.15
|
6.92
2.60
|
9.48
6.63
п.п.
0.04
Итого
0
0.02
0.04
0.06
%
5.24 5.24
5.21 5.21
План
Факт
1
100

● Бизнес-план выполнен● ●● Превышение бизнес-плана
Отклонения фактического уровня потерь от бизнес-плана за 3 месяца (нарастающим итогом), п.п.
0.10.1
3.73.7
3.83.8
-0.1-0.1
0.10.1
-0.5-0.5
-0.2-0.2
-0.0-0.0
4.14.1
4.04.0
-0.1-0.1
0.10.1
-0.4-0.4
-0.2-0.2
-0.1-0.1
4.14.1
4.04.0
-0.0-0.0
0.10.1
-0.5-0.5
-0.2-0.2
Россети ФСКЕЭС
АО«Тываэнерго»
АО«Чеченэнерго»
Россети Волга
РоссетиКубань
РоссетиЛенэнерго (ГК)
РоссетиМосковскийрегион
РоссетиСеверныйКавказ (ГК)
Россети Северо-Запад
Россети Сибирь(ГК)
Россети Томск
Россети Тюмень
Россети Урал(ГК)
Россети Центр
Россети Центр иПриволжье (ГК)
Россети Юг (Г…
РоссетиЯнтарь
0
-5
5
п.п.
Отклонения фактического уровня потерь от бизнес-плана за 3 месяца (нарастающим итогом)
-0.2-0.2
-0.4-0.4
0.10.1
-0.1-0.1
-0.3-0.3
4.14.1
-1.9-1.9
-0.2-0.2
-0.5-0.5
-0.1-0.1
0.40.4
-0.7-0.7
-0.4-0.4
7.97.9
0.10.1
13.113.1
-0.2-0.2
-0.3-0.3
-0.0-0.0
0.20.2
-0.1-0.1
4.24.2
-1.7-1.7
-0.1-0.1
-0.3-0.3
-0.1-0.1
0.30.3
-0.7-0.7
-0.4-0.4
8.48.4
0.20.2
13.213.2
-0.3-0.3
-0.1-0.1
-0.5-0.5
-0.3-0.3
-1.8-1.8
-0.1-0.1
-0.3-0.3
-0.2-0.2
0.40.4
-0.7-0.7
-0.4-0.4
0.30.3
Итого по ФСК ЕЭС
Каббалкэнерго
Калмэнерго
Калугаэнерго
Карачаево-Черкесскэнерго
АО "Кинешемская электросеть"
АО "Тываэнерго"
АО «ВМЭС»
АО «Воронежская горэлектросеть»
АО «Тульские городские электрические сети»
АО «Чеченэнерго»
АО «Ярославская электросетевая компания»
АО ЕЭСК
Алтайэнерго
Архангельский филиал
Астраханьэнерго
Белгородэнерго
Брянскэнерго
Бурятэнерго
Владимирэнерго
Волгоградэнерго
Вологодский филиал
Воронежэнерго
Дагэнерго
Ивэнерго
Ингушэнерго
-5
15

Статус данных
Просьба обратить внимание
— все данные не занесены
Факт
План
Итого – Факт
Отпуск в сеть 190 364 468
Отпуск из сети 173 587 890
Потери 16 776 578
Итого – План
Отпуск в сеть 185 718 021
Отпуск из сети 170 013 641
Потери 15 704 380
Выполнение бизнес-плана в части показателя «Уровень потерь электроэнергии»
Показатели баланса электроэнергии по ДЗО – Факт 
572 217 2 784 252 15 734 909 46 928 172 39 079 081 44 371 600 40 894 236
452 291 1 738 957 11 305 954 43 678 766 38 062 639 40 166 359 38 182 923
119 926 1 045 295 4 428 955 3 249 406 1 016 442 4 205 240 2 711 313
Показатели баланса электроэнергии по ДЗО – План
544 127 2 583 877 14 755 136 44 875 501 40 452 567 43 055 315 39 451 497
429 681 1 719 315 11 187 191 41 746 891 39 436 282 38 756 246 36 738 034
114 446 864 562 3 567 945 3 128 610 1 016 285 4 299 069 2 713 463'

08-11-2024T14:12:28 - [MESSAGE][PASSED] - Text of object 'Object Repository/Страница авторизации/Text' is: 'ДЗО 
Все
Период
1, 2, 3 кв. 2024 года
Отклонения фактического уровня потерь от бизнес-плана, п.п.
-0.07
4.08
3.97
-0.05
0.09
-0.51
-0.25
АО «Тываэнерго»
АО «Чеченэнерго»
Россети Северный Кавказ
Россети Сибирь
Россети Тюмень
Россети Центр (ГК)
Россети Центр и Приволжье (ГК)
-1
0
1
2
3
4
5
6
7

Уровень потерь электроэнергии
АО «Тываэнерго»
АО «Чеченэнерго»
Россети Северный Кавказ
Россети Сибирь
Россети Тюмень
Россети Центр (ГК)
Россети Центр и Приволжье (ГК)
0
10
20
30
40
50
60
70
21.03
|
33.46
24.18
6.97
|
2.51
9.98
|
6.88
|
20.96
37.54
|
28.15
|
6.92
2.60
|
9.48
6.63
п.п.
0.04
Итого
0
0.02
0.04
0.06
%
5.24 5.24
5.21 5.21
План
Факт
1
100

● Бизнес-план выполнен● ●● Превышение бизнес-плана
Отклонения фактического уровня потерь от бизнес-плана за 3 месяца (нарастающим итогом), п.п.
0.10.1
3.73.7
3.83.8
-0.1-0.1
0.10.1
-0.5-0.5
-0.2-0.2
-0.0-0.0
4.14.1
4.04.0
-0.1-0.1
0.10.1
-0.4-0.4
-0.2-0.2
-0.1-0.1
4.14.1
4.04.0
-0.0-0.0
0.10.1
-0.5-0.5
-0.2-0.2
Россети ФСКЕЭС
АО«Тываэнерго»
АО«Чеченэнерго»
Россети Волга
РоссетиКубань
РоссетиЛенэнерго (ГК)
РоссетиМосковскийрегион
РоссетиСеверныйКавказ (ГК)
Россети Северо-Запад
Россети Сибирь(ГК)
Россети Томск
Россети Тюмень
Россети Урал(ГК)
Россети Центр
Россети Центр иПриволжье (ГК)
Россети Юг (Г…
РоссетиЯнтарь
0
-5
5
п.п.
Отклонения фактического уровня потерь от бизнес-плана за 3 месяца (нарастающим итогом)
-0.2-0.2
-0.4-0.4
0.10.1
-0.1-0.1
-0.3-0.3
4.14.1
-1.9-1.9
-0.2-0.2
-0.5-0.5
-0.1-0.1
0.40.4
-0.7-0.7
-0.4-0.4
7.97.9
0.10.1
13.113.1
-0.2-0.2
-0.3-0.3
-0.0-0.0
0.20.2
-0.1-0.1
4.24.2
-1.7-1.7
-0.1-0.1
-0.3-0.3
-0.1-0.1
0.30.3
-0.7-0.7
-0.4-0.4
8.48.4
0.20.2
13.213.2
-0.3-0.3
-0.1-0.1
-0.5-0.5
-0.3-0.3
-1.8-1.8
-0.1-0.1
-0.3-0.3
-0.2-0.2
0.40.4
-0.7-0.7
-0.4-0.4
0.30.3
Итого по ФСК ЕЭС
Каббалкэнерго
Калмэнерго
Калугаэнерго
Карачаево-Черкесскэнерго
АО "Кинешемская электросеть"
АО "Тываэнерго"
АО «ВМЭС»
АО «Воронежская горэлектросеть»
АО «Тульские городские электрические сети»
АО «Чеченэнерго»
АО «Ярославская электросетевая компания»
АО ЕЭСК
Алтайэнерго
Архангельский филиал
Астраханьэнерго
Белгородэнерго
Брянскэнерго
Бурятэнерго
Владимирэнерго
Волгоградэнерго
Вологодский филиал
Воронежэнерго
Дагэнерго
Ивэнерго
Ингушэнерго
-5
15

Статус данных
Просьба обратить внимание
— все данные не занесены
Факт
План
Итого – Факт
Отпуск в сеть 190 364 468
Отпуск из сети 173 587 890
Потери 16 776 578
Итого – План
Отпуск в сеть 185 718 021
Отпуск из сети 170 013 641
Потери 15 704 380
Выполнение бизнес-плана в части показателя «Уровень потерь электроэнергии»
Показатели баланса электроэнергии по ДЗО – Факт 
572 217 2 784 252 15 734 909 46 928 172 39 079 081 44 371 600 40 894 236
452 291 1 738 957 11 305 954 43 678 766 38 062 639 40 166 359 38 182 923
119 926 1 045 295 4 428 955 3 249 406 1 016 442 4 205 240 2 711 313
Показатели баланса электроэнергии по ДЗО – План
544 127 2 583 877 14 755 136 44 875 501 40 452 567 43 055 315 39 451 497
429 681 1 719 315 11 187 191 41 746 891 39 436 282 38 756 246 36 738 034
114 446 864 562 3 567 945 3 128 610 1 016 285 4 299 069 2 713 463'

08-11-2024T14:12:28 - [TEST_STEP][PASSED] - i = i + 1: null

08-11-2024T14:12:28 - [TEST_STEP][PASSED] - refresh(): Refresh successfully

08-11-2024T14:12:28 - [MESSAGE][PASSED] - Refresh successfully

08-11-2024T14:12:28 - [TEST_STEP][PASSED] - delay(65): Delayed 65 second(s)

08-11-2024T14:13:33 - [MESSAGE][PASSED] - Delayed 65 second(s)

08-11-2024T14:13:33 - [TEST_STEP][PASSED] - navigateToUrl(findTestData("PlanFact").getValue(10, urlData)): Navigate to 'https://bi.rosseti.digital/viewer?dashboardGuid=d154a8eaf6824e2b9de1bb04dd061c18&sheetGuid=1305e8ce744049e1abdacea1ea397a26&fit=true' successfully

08-11-2024T14:13:37 - [MESSAGE][PASSED] - Navigate to 'https://bi.rosseti.digital/viewer?dashboardGuid=d154a8eaf6824e2b9de1bb04dd061c18&sheetGuid=1305e8ce744049e1abdacea1ea397a26&fit=true' successfully

08-11-2024T14:13:37 - [TEST_STEP][PASSED] - delay(65): Delayed 65 second(s)

08-11-2024T14:14:42 - [MESSAGE][PASSED] - Delayed 65 second(s)

08-11-2024T14:14:42 - [TEST_STEP][PASSED] - urlText = getText(findTestObject("Страница авторизации/Text")): Text of object 'Object Repository/Страница авторизации/Text' is: 'ДЗО 
Все
Период
1, 2, 3 кв. 2024 года
Отклонения фактического уровня потерь от бизнес-плана, п.п.
-0.07
4.08
3.97
-0.05
0.09
-0.51
-0.25
АО «Тываэнерго»
АО «Чеченэнерго»
Россети Северный Кавказ
Россети Сибирь
Россети Тюмень
Россети Центр (ГК)
Россети Центр и Приволжье (ГК)
-1
0
1
2
3
4
5
6
7

Уровень потерь электроэнергии
АО «Тываэнерго»
АО «Чеченэнерго»
Россети Северный Кавказ
Россети Сибирь
Россети Тюмень
Россети Центр (ГК)
Россети Центр и Приволжье (ГК)
0
10
20
30
40
50
60
70
21.03
|
33.46
24.18
6.97
|
2.51
9.98
|
6.88
|
20.96
37.54
|
28.15
|
6.92
2.60
|
9.48
6.63
п.п.
0.04
Итого
0
0.02
0.04
0.06
%
5.24 5.24
5.21 5.21
План
Факт
1
100

● Бизнес-план выполнен● ●● Превышение бизнес-плана
Отклонения фактического уровня потерь от бизнес-плана за 3 месяца (нарастающим итогом), п.п.
0.10.1
3.73.7
3.83.8
-0.1-0.1
0.10.1
-0.5-0.5
-0.2-0.2
-0.0-0.0
4.14.1
4.04.0
-0.1-0.1
0.10.1
-0.4-0.4
-0.2-0.2
-0.1-0.1
4.14.1
4.04.0
-0.0-0.0
0.10.1
-0.5-0.5
-0.2-0.2
Россети ФСКЕЭС
АО«Тываэнерго»
АО«Чеченэнерго»
Россети Волга
РоссетиКубань
РоссетиЛенэнерго (ГК)
РоссетиМосковскийрегион
РоссетиСеверныйКавказ (ГК)
Россети Северо-Запад
Россети Сибирь(ГК)
Россети Томск
Россети Тюмень
Россети Урал(ГК)
Россети Центр
Россети Центр иПриволжье (ГК)
Россети Юг (Г…
РоссетиЯнтарь
0
-5
5
п.п.
Отклонения фактического уровня потерь от бизнес-плана за 3 месяца (нарастающим итогом)
-0.2-0.2
-0.4-0.4
0.10.1
-0.1-0.1
-0.3-0.3
4.14.1
-1.9-1.9
-0.2-0.2
-0.5-0.5
-0.1-0.1
0.40.4
-0.7-0.7
-0.4-0.4
7.97.9
0.10.1
13.113.1
-0.2-0.2
-0.3-0.3
-0.0-0.0
0.20.2
-0.1-0.1
4.24.2
-1.7-1.7
-0.1-0.1
-0.3-0.3
-0.1-0.1
0.30.3
-0.7-0.7
-0.4-0.4
8.48.4
0.20.2
13.213.2
-0.3-0.3
-0.1-0.1
-0.5-0.5
-0.3-0.3
-1.8-1.8
-0.1-0.1
-0.3-0.3
-0.2-0.2
0.40.4
-0.7-0.7
-0.4-0.4
0.30.3
Итого по ФСК ЕЭС
Каббалкэнерго
Калмэнерго
Калугаэнерго
Карачаево-Черкесскэнерго
АО "Кинешемская электросеть"
АО "Тываэнерго"
АО «ВМЭС»
АО «Воронежская горэлектросеть»
АО «Тульские городские электрические сети»
АО «Чеченэнерго»
АО «Ярославская электросетевая компания»
АО ЕЭСК
Алтайэнерго
Архангельский филиал
Астраханьэнерго
Белгородэнерго
Брянскэнерго
Бурятэнерго
Владимирэнерго
Волгоградэнерго
Вологодский филиал
Воронежэнерго
Дагэнерго
Ивэнерго
Ингушэнерго
-5
15

Статус данных
Просьба обратить внимание
— все данные не занесены
Факт
План
Итого – Факт
Отпуск в сеть 190 364 468
Отпуск из сети 173 587 890
Потери 16 776 578
Итого – План
Отпуск в сеть 185 718 021
Отпуск из сети 170 013 641
Потери 15 704 380
Выполнение бизнес-плана в части показателя «Уровень потерь электроэнергии»
Показатели баланса электроэнергии по ДЗО – Факт 
572 217 2 784 252 15 734 909 46 928 172 39 079 081 44 371 600 40 894 236
452 291 1 738 957 11 305 954 43 678 766 38 062 639 40 166 359 38 182 923
119 926 1 045 295 4 428 955 3 249 406 1 016 442 4 205 240 2 711 313
Показатели баланса электроэнергии по ДЗО – План
544 127 2 583 877 14 755 136 44 875 501 40 452 567 43 055 315 39 451 497
429 681 1 719 315 11 187 191 41 746 891 39 436 282 38 756 246 36 738 034
114 446 864 562 3 567 945 3 128 610 1 016 285 4 299 069 2 713 463'

08-11-2024T14:15:06 - [MESSAGE][PASSED] - Text of object 'Object Repository/Страница авторизации/Text' is: 'ДЗО 
Все
Период
1, 2, 3 кв. 2024 года
Отклонения фактического уровня потерь от бизнес-плана, п.п.
-0.07
4.08
3.97
-0.05
0.09
-0.51
-0.25
АО «Тываэнерго»
АО «Чеченэнерго»
Россети Северный Кавказ
Россети Сибирь
Россети Тюмень
Россети Центр (ГК)
Россети Центр и Приволжье (ГК)
-1
0
1
2
3
4
5
6
7

Уровень потерь электроэнергии
АО «Тываэнерго»
АО «Чеченэнерго»
Россети Северный Кавказ
Россети Сибирь
Россети Тюмень
Россети Центр (ГК)
Россети Центр и Приволжье (ГК)
0
10
20
30
40
50
60
70
21.03
|
33.46
24.18
6.97
|
2.51
9.98
|
6.88
|
20.96
37.54
|
28.15
|
6.92
2.60
|
9.48
6.63
п.п.
0.04
Итого
0
0.02
0.04
0.06
%
5.24 5.24
5.21 5.21
План
Факт
1
100

● Бизнес-план выполнен● ●● Превышение бизнес-плана
Отклонения фактического уровня потерь от бизнес-плана за 3 месяца (нарастающим итогом), п.п.
0.10.1
3.73.7
3.83.8
-0.1-0.1
0.10.1
-0.5-0.5
-0.2-0.2
-0.0-0.0
4.14.1
4.04.0
-0.1-0.1
0.10.1
-0.4-0.4
-0.2-0.2
-0.1-0.1
4.14.1
4.04.0
-0.0-0.0
0.10.1
-0.5-0.5
-0.2-0.2
Россети ФСКЕЭС
АО«Тываэнерго»
АО«Чеченэнерго»
Россети Волга
РоссетиКубань
РоссетиЛенэнерго (ГК)
РоссетиМосковскийрегион
РоссетиСеверныйКавказ (ГК)
Россети Северо-Запад
Россети Сибирь(ГК)
Россети Томск
Россети Тюмень
Россети Урал(ГК)
Россети Центр
Россети Центр иПриволжье (ГК)
Россети Юг (Г…
РоссетиЯнтарь
0
-5
5
п.п.
Отклонения фактического уровня потерь от бизнес-плана за 3 месяца (нарастающим итогом)
-0.2-0.2
-0.4-0.4
0.10.1
-0.1-0.1
-0.3-0.3
4.14.1
-1.9-1.9
-0.2-0.2
-0.5-0.5
-0.1-0.1
0.40.4
-0.7-0.7
-0.4-0.4
7.97.9
0.10.1
13.113.1
-0.2-0.2
-0.3-0.3
-0.0-0.0
0.20.2
-0.1-0.1
4.24.2
-1.7-1.7
-0.1-0.1
-0.3-0.3
-0.1-0.1
0.30.3
-0.7-0.7
-0.4-0.4
8.48.4
0.20.2
13.213.2
-0.3-0.3
-0.1-0.1
-0.5-0.5
-0.3-0.3
-1.8-1.8
-0.1-0.1
-0.3-0.3
-0.2-0.2
0.40.4
-0.7-0.7
-0.4-0.4
0.30.3
Итого по ФСК ЕЭС
Каббалкэнерго
Калмэнерго
Калугаэнерго
Карачаево-Черкесскэнерго
АО "Кинешемская электросеть"
АО "Тываэнерго"
АО «ВМЭС»
АО «Воронежская горэлектросеть»
АО «Тульские городские электрические сети»
АО «Чеченэнерго»
АО «Ярославская электросетевая компания»
АО ЕЭСК
Алтайэнерго
Архангельский филиал
Астраханьэнерго
Белгородэнерго
Брянскэнерго
Бурятэнерго
Владимирэнерго
Волгоградэнерго
Вологодский филиал
Воронежэнерго
Дагэнерго
Ивэнерго
Ингушэнерго
-5
15

Статус данных
Просьба обратить внимание
— все данные не занесены
Факт
План
Итого – Факт
Отпуск в сеть 190 364 468
Отпуск из сети 173 587 890
Потери 16 776 578
Итого – План
Отпуск в сеть 185 718 021
Отпуск из сети 170 013 641
Потери 15 704 380
Выполнение бизнес-плана в части показателя «Уровень потерь электроэнергии»
Показатели баланса электроэнергии по ДЗО – Факт 
572 217 2 784 252 15 734 909 46 928 172 39 079 081 44 371 600 40 894 236
452 291 1 738 957 11 305 954 43 678 766 38 062 639 40 166 359 38 182 923
119 926 1 045 295 4 428 955 3 249 406 1 016 442 4 205 240 2 711 313
Показатели баланса электроэнергии по ДЗО – План
544 127 2 583 877 14 755 136 44 875 501 40 452 567 43 055 315 39 451 497
429 681 1 719 315 11 187 191 41 746 891 39 436 282 38 756 246 36 738 034
114 446 864 562 3 567 945 3 128 610 1 016 285 4 299 069 2 713 463'

08-11-2024T14:15:06 - [TEST_STEP][PASSED] - i = i + 1: null

08-11-2024T14:15:06 - [TEST_STEP][PASSED] - refresh(): Refresh successfully

08-11-2024T14:15:06 - [MESSAGE][PASSED] - Refresh successfully

08-11-2024T14:15:06 - [TEST_STEP][PASSED] - delay(65): Delayed 65 second(s)

08-11-2024T14:16:11 - [MESSAGE][PASSED] - Delayed 65 second(s)

08-11-2024T14:16:11 - [TEST_STEP][PASSED] - navigateToUrl(findTestData("PlanFact").getValue(10, urlData)): Navigate to 'https://bi.rosseti.digital/viewer?dashboardGuid=d154a8eaf6824e2b9de1bb04dd061c18&sheetGuid=1305e8ce744049e1abdacea1ea397a26&fit=true' successfully

08-11-2024T14:16:12 - [MESSAGE][PASSED] - Navigate to 'https://bi.rosseti.digital/viewer?dashboardGuid=d154a8eaf6824e2b9de1bb04dd061c18&sheetGuid=1305e8ce744049e1abdacea1ea397a26&fit=true' successfully

08-11-2024T14:16:12 - [TEST_STEP][PASSED] - delay(65): Delayed 65 second(s)

08-11-2024T14:17:17 - [MESSAGE][PASSED] - Delayed 65 second(s)

08-11-2024T14:17:17 - [TEST_STEP][PASSED] - urlText = getText(findTestObject("Страница авторизации/Text")): Text of object 'Object Repository/Страница авторизации/Text' is: 'ДЗО 
Все
Период
1, 2, 3 кв. 2024 года
Отклонения фактического уровня потерь от бизнес-плана, п.п.
-0.07
4.08
3.97
-0.05
0.09
-0.51
-0.25
АО «Тываэнерго»
АО «Чеченэнерго»
Россети Северный Кавказ
Россети Сибирь
Россети Тюмень
Россети Центр (ГК)
Россети Центр и Приволжье (ГК)
-1
0
1
2
3
4
5
6
7

Уровень потерь электроэнергии
АО «Тываэнерго»
АО «Чеченэнерго»
Россети Северный Кавказ
Россети Сибирь
Россети Тюмень
Россети Центр (ГК)
Россети Центр и Приволжье (ГК)
0
10
20
30
40
50
60
70
21.03
|
33.46
24.18
6.97
|
2.51
9.98
|
6.88
|
20.96
37.54
|
28.15
|
6.92
2.60
|
9.48
6.63
п.п.
0.04
Итого
0
0.02
0.04
0.06
%
5.24 5.24
5.21 5.21
План
Факт
1
100

● Бизнес-план выполнен● ●● Превышение бизнес-плана
Отклонения фактического уровня потерь от бизнес-плана за 3 месяца (нарастающим итогом), п.п.
0.10.1
3.73.7
3.83.8
-0.1-0.1
0.10.1
-0.5-0.5
-0.2-0.2
-0.0-0.0
4.14.1
4.04.0
-0.1-0.1
0.10.1
-0.4-0.4
-0.2-0.2
-0.1-0.1
4.14.1
4.04.0
-0.0-0.0
0.10.1
-0.5-0.5
-0.2-0.2
Россети ФСКЕЭС
АО«Тываэнерго»
АО«Чеченэнерго»
Россети Волга
РоссетиКубань
РоссетиЛенэнерго (ГК)
РоссетиМосковскийрегион
РоссетиСеверныйКавказ (ГК)
Россети Северо-Запад
Россети Сибирь(ГК)
Россети Томск
Россети Тюмень
Россети Урал(ГК)
Россети Центр
Россети Центр иПриволжье (ГК)
Россети Юг (Г…
РоссетиЯнтарь
0
-5
5
п.п.
Отклонения фактического уровня потерь от бизнес-плана за 3 месяца (нарастающим итогом)
-0.2-0.2
-0.4-0.4
0.10.1
-0.1-0.1
-0.3-0.3
4.14.1
-1.9-1.9
-0.2-0.2
-0.5-0.5
-0.1-0.1
0.40.4
-0.7-0.7
-0.4-0.4
7.97.9
0.10.1
13.113.1
-0.2-0.2
-0.3-0.3
-0.0-0.0
0.20.2
-0.1-0.1
4.24.2
-1.7-1.7
-0.1-0.1
-0.3-0.3
-0.1-0.1
0.30.3
-0.7-0.7
-0.4-0.4
8.48.4
0.20.2
13.213.2
-0.3-0.3
-0.1-0.1
-0.5-0.5
-0.3-0.3
-1.8-1.8
-0.1-0.1
-0.3-0.3
-0.2-0.2
0.40.4
-0.7-0.7
-0.4-0.4
0.30.3
Итого по ФСК ЕЭС
Каббалкэнерго
Калмэнерго
Калугаэнерго
Карачаево-Черкесскэнерго
АО "Кинешемская электросеть"
АО "Тываэнерго"
АО «ВМЭС»
АО «Воронежская горэлектросеть»
АО «Тульские городские электрические сети»
АО «Чеченэнерго»
АО «Ярославская электросетевая компания»
АО ЕЭСК
Алтайэнерго
Архангельский филиал
Астраханьэнерго
Белгородэнерго
Брянскэнерго
Бурятэнерго
Владимирэнерго
Волгоградэнерго
Вологодский филиал
Воронежэнерго
Дагэнерго
Ивэнерго
Ингушэнерго
-5
15

Статус данных
Просьба обратить внимание
— все данные не занесены
Факт
План
Итого – Факт
Отпуск в сеть 190 364 468
Отпуск из сети 173 587 890
Потери 16 776 578
Итого – План
Отпуск в сеть 185 718 021
Отпуск из сети 170 013 641
Потери 15 704 380
Выполнение бизнес-плана в части показателя «Уровень потерь электроэнергии»
Показатели баланса электроэнергии по ДЗО – Факт 
572 217 2 784 252 15 734 909 46 928 172 39 079 081 44 371 600 40 894 236
452 291 1 738 957 11 305 954 43 678 766 38 062 639 40 166 359 38 182 923
119 926 1 045 295 4 428 955 3 249 406 1 016 442 4 205 240 2 711 313
Показатели баланса электроэнергии по ДЗО – План
544 127 2 583 877 14 755 136 44 875 501 40 452 567 43 055 315 39 451 497
429 681 1 719 315 11 187 191 41 746 891 39 436 282 38 756 246 36 738 034
114 446 864 562 3 567 945 3 128 610 1 016 285 4 299 069 2 713 463'

08-11-2024T14:17:29 - [MESSAGE][PASSED] - Text of object 'Object Repository/Страница авторизации/Text' is: 'ДЗО 
Все
Период
1, 2, 3 кв. 2024 года
Отклонения фактического уровня потерь от бизнес-плана, п.п.
-0.07
4.08
3.97
-0.05
0.09
-0.51
-0.25
АО «Тываэнерго»
АО «Чеченэнерго»
Россети Северный Кавказ
Россети Сибирь
Россети Тюмень
Россети Центр (ГК)
Россети Центр и Приволжье (ГК)
-1
0
1
2
3
4
5
6
7

Уровень потерь электроэнергии
АО «Тываэнерго»
АО «Чеченэнерго»
Россети Северный Кавказ
Россети Сибирь
Россети Тюмень
Россети Центр (ГК)
Россети Центр и Приволжье (ГК)
0
10
20
30
40
50
60
70
21.03
|
33.46
24.18
6.97
|
2.51
9.98
|
6.88
|
20.96
37.54
|
28.15
|
6.92
2.60
|
9.48
6.63
п.п.
0.04
Итого
0
0.02
0.04
0.06
%
5.24 5.24
5.21 5.21
План
Факт
1
100

● Бизнес-план выполнен● ●● Превышение бизнес-плана
Отклонения фактического уровня потерь от бизнес-плана за 3 месяца (нарастающим итогом), п.п.
0.10.1
3.73.7
3.83.8
-0.1-0.1
0.10.1
-0.5-0.5
-0.2-0.2
-0.0-0.0
4.14.1
4.04.0
-0.1-0.1
0.10.1
-0.4-0.4
-0.2-0.2
-0.1-0.1
4.14.1
4.04.0
-0.0-0.0
0.10.1
-0.5-0.5
-0.2-0.2
Россети ФСКЕЭС
АО«Тываэнерго»
АО«Чеченэнерго»
Россети Волга
РоссетиКубань
РоссетиЛенэнерго (ГК)
РоссетиМосковскийрегион
РоссетиСеверныйКавказ (ГК)
Россети Северо-Запад
Россети Сибирь(ГК)
Россети Томск
Россети Тюмень
Россети Урал(ГК)
Россети Центр
Россети Центр иПриволжье (ГК)
Россети Юг (Г…
РоссетиЯнтарь
0
-5
5
п.п.
Отклонения фактического уровня потерь от бизнес-плана за 3 месяца (нарастающим итогом)
-0.2-0.2
-0.4-0.4
0.10.1
-0.1-0.1
-0.3-0.3
4.14.1
-1.9-1.9
-0.2-0.2
-0.5-0.5
-0.1-0.1
0.40.4
-0.7-0.7
-0.4-0.4
7.97.9
0.10.1
13.113.1
-0.2-0.2
-0.3-0.3
-0.0-0.0
0.20.2
-0.1-0.1
4.24.2
-1.7-1.7
-0.1-0.1
-0.3-0.3
-0.1-0.1
0.30.3
-0.7-0.7
-0.4-0.4
8.48.4
0.20.2
13.213.2
-0.3-0.3
-0.1-0.1
-0.5-0.5
-0.3-0.3
-1.8-1.8
-0.1-0.1
-0.3-0.3
-0.2-0.2
0.40.4
-0.7-0.7
-0.4-0.4
0.30.3
Итого по ФСК ЕЭС
Каббалкэнерго
Калмэнерго
Калугаэнерго
Карачаево-Черкесскэнерго
АО "Кинешемская электросеть"
АО "Тываэнерго"
АО «ВМЭС»
АО «Воронежская горэлектросеть»
АО «Тульские городские электрические сети»
АО «Чеченэнерго»
АО «Ярославская электросетевая компания»
АО ЕЭСК
Алтайэнерго
Архангельский филиал
Астраханьэнерго
Белгородэнерго
Брянскэнерго
Бурятэнерго
Владимирэнерго
Волгоградэнерго
Вологодский филиал
Воронежэнерго
Дагэнерго
Ивэнерго
Ингушэнерго
-5
15

Статус данных
Просьба обратить внимание
— все данные не занесены
Факт
План
Итого – Факт
Отпуск в сеть 190 364 468
Отпуск из сети 173 587 890
Потери 16 776 578
Итого – План
Отпуск в сеть 185 718 021
Отпуск из сети 170 013 641
Потери 15 704 380
Выполнение бизнес-плана в части показателя «Уровень потерь электроэнергии»
Показатели баланса электроэнергии по ДЗО – Факт 
572 217 2 784 252 15 734 909 46 928 172 39 079 081 44 371 600 40 894 236
452 291 1 738 957 11 305 954 43 678 766 38 062 639 40 166 359 38 182 923
119 926 1 045 295 4 428 955 3 249 406 1 016 442 4 205 240 2 711 313
Показатели баланса электроэнергии по ДЗО – План
544 127 2 583 877 14 755 136 44 875 501 40 452 567 43 055 315 39 451 497
429 681 1 719 315 11 187 191 41 746 891 39 436 282 38 756 246 36 738 034
114 446 864 562 3 567 945 3 128 610 1 016 285 4 299 069 2 713 463'

08-11-2024T14:17:29 - [TEST_STEP][PASSED] - i = i + 1: null

08-11-2024T14:17:29 - [TEST_STEP][PASSED] - refresh(): Refresh successfully

08-11-2024T14:17:29 - [MESSAGE][PASSED] - Refresh successfully

08-11-2024T14:17:29 - [TEST_STEP][PASSED] - delay(65): Delayed 65 second(s)

08-11-2024T14:18:34 - [MESSAGE][PASSED] - Delayed 65 second(s)

08-11-2024T14:18:34 - [TEST_STEP][PASSED] - navigateToUrl(findTestData("PlanFact").getValue(10, urlData)): Navigate to 'https://bi.rosseti.digital/viewer?dashboardGuid=d154a8eaf6824e2b9de1bb04dd061c18&sheetGuid=1305e8ce744049e1abdacea1ea397a26&fit=true' successfully

08-11-2024T14:18:36 - [MESSAGE][PASSED] - Navigate to 'https://bi.rosseti.digital/viewer?dashboardGuid=d154a8eaf6824e2b9de1bb04dd061c18&sheetGuid=1305e8ce744049e1abdacea1ea397a26&fit=true' successfully

08-11-2024T14:18:36 - [TEST_STEP][PASSED] - delay(65): Delayed 65 second(s)

08-11-2024T14:19:41 - [MESSAGE][PASSED] - Delayed 65 second(s)

08-11-2024T14:19:41 - [TEST_STEP][PASSED] - urlText = getText(findTestObject("Страница авторизации/Text")): Text of object 'Object Repository/Страница авторизации/Text' is: 'ДЗО 
Все
Период
1, 2, 3 кв. 2024 года
Отклонения фактического уровня потерь от бизнес-плана, п.п.
-0.07
4.08
3.97
-0.05
0.09
-0.51
-0.25
АО «Тываэнерго»
АО «Чеченэнерго»
Россети Северный Кавказ
Россети Сибирь
Россети Тюмень
Россети Центр (ГК)
Россети Центр и Приволжье (ГК)
-1
0
1
2
3
4
5
6
7

Уровень потерь электроэнергии
АО «Тываэнерго»
АО «Чеченэнерго»
Россети Северный Кавказ
Россети Сибирь
Россети Тюмень
Россети Центр (ГК)
Россети Центр и Приволжье (ГК)
0
10
20
30
40
50
60
70
21.03
|
33.46
24.18
6.97
|
2.51
9.98
|
6.88
|
20.96
37.54
|
28.15
|
6.92
2.60
|
9.48
6.63
п.п.
0.04
Итого
0
0.02
0.04
0.06
%
5.24 5.24
5.21 5.21
План
Факт
1
100

● Бизнес-план выполнен● ●● Превышение бизнес-плана
Отклонения фактического уровня потерь от бизнес-плана за 3 месяца (нарастающим итогом), п.п.
0.10.1
3.73.7
3.83.8
-0.1-0.1
0.10.1
-0.5-0.5
-0.2-0.2
-0.0-0.0
4.14.1
4.04.0
-0.1-0.1
0.10.1
-0.4-0.4
-0.2-0.2
-0.1-0.1
4.14.1
4.04.0
-0.0-0.0
0.10.1
-0.5-0.5
-0.2-0.2
Россети ФСКЕЭС
АО«Тываэнерго»
АО«Чеченэнерго»
Россети Волга
РоссетиКубань
РоссетиЛенэнерго (ГК)
РоссетиМосковскийрегион
РоссетиСеверныйКавказ (ГК)
Россети Северо-Запад
Россети Сибирь(ГК)
Россети Томск
Россети Тюмень
Россети Урал(ГК)
Россети Центр
Россети Центр иПриволжье (ГК)
Россети Юг (Г…
РоссетиЯнтарь
0
-5
5
п.п.
Отклонения фактического уровня потерь от бизнес-плана за 3 месяца (нарастающим итогом)
-0.2-0.2
-0.4-0.4
0.10.1
-0.1-0.1
-0.3-0.3
4.14.1
-1.9-1.9
-0.2-0.2
-0.5-0.5
-0.1-0.1
0.40.4
-0.7-0.7
-0.4-0.4
7.97.9
0.10.1
13.113.1
-0.2-0.2
-0.3-0.3
-0.0-0.0
0.20.2
-0.1-0.1
4.24.2
-1.7-1.7
-0.1-0.1
-0.3-0.3
-0.1-0.1
0.30.3
-0.7-0.7
-0.4-0.4
8.48.4
0.20.2
13.213.2
-0.3-0.3
-0.1-0.1
-0.5-0.5
-0.3-0.3
-1.8-1.8
-0.1-0.1
-0.3-0.3
-0.2-0.2
0.40.4
-0.7-0.7
-0.4-0.4
0.30.3
Итого по ФСК ЕЭС
Каббалкэнерго
Калмэнерго
Калугаэнерго
Карачаево-Черкесскэнерго
АО "Кинешемская электросеть"
АО "Тываэнерго"
АО «ВМЭС»
АО «Воронежская горэлектросеть»
АО «Тульские городские электрические сети»
АО «Чеченэнерго»
АО «Ярославская электросетевая компания»
АО ЕЭСК
Алтайэнерго
Архангельский филиал
Астраханьэнерго
Белгородэнерго
Брянскэнерго
Бурятэнерго
Владимирэнерго
Волгоградэнерго
Вологодский филиал
Воронежэнерго
Дагэнерго
Ивэнерго
Ингушэнерго
-5
15

Статус данных
Просьба обратить внимание
— все данные не занесены
Факт
План
Итого – Факт
Отпуск в сеть 190 364 468
Отпуск из сети 173 587 890
Потери 16 776 578
Итого – План
Отпуск в сеть 185 718 021
Отпуск из сети 170 013 641
Потери 15 704 380
Выполнение бизнес-плана в части показателя «Уровень потерь электроэнергии»
Показатели баланса электроэнергии по ДЗО – Факт 
572 217 2 784 252 15 734 909 46 928 172 39 079 081 44 371 600 40 894 236
452 291 1 738 957 11 305 954 43 678 766 38 062 639 40 166 359 38 182 923
119 926 1 045 295 4 428 955 3 249 406 1 016 442 4 205 240 2 711 313
Показатели баланса электроэнергии по ДЗО – План
544 127 2 583 877 14 755 136 44 875 501 40 452 567 43 055 315 39 451 497
429 681 1 719 315 11 187 191 41 746 891 39 436 282 38 756 246 36 738 034
114 446 864 562 3 567 945 3 128 610 1 016 285 4 299 069 2 713 463'

08-11-2024T14:19:56 - [MESSAGE][PASSED] - Text of object 'Object Repository/Страница авторизации/Text' is: 'ДЗО 
Все
Период
1, 2, 3 кв. 2024 года
Отклонения фактического уровня потерь от бизнес-плана, п.п.
-0.07
4.08
3.97
-0.05
0.09
-0.51
-0.25
АО «Тываэнерго»
АО «Чеченэнерго»
Россети Северный Кавказ
Россети Сибирь
Россети Тюмень
Россети Центр (ГК)
Россети Центр и Приволжье (ГК)
-1
0
1
2
3
4
5
6
7

Уровень потерь электроэнергии
АО «Тываэнерго»
АО «Чеченэнерго»
Россети Северный Кавказ
Россети Сибирь
Россети Тюмень
Россети Центр (ГК)
Россети Центр и Приволжье (ГК)
0
10
20
30
40
50
60
70
21.03
|
33.46
24.18
6.97
|
2.51
9.98
|
6.88
|
20.96
37.54
|
28.15
|
6.92
2.60
|
9.48
6.63
п.п.
0.04
Итого
0
0.02
0.04
0.06
%
5.24 5.24
5.21 5.21
План
Факт
1
100

● Бизнес-план выполнен● ●● Превышение бизнес-плана
Отклонения фактического уровня потерь от бизнес-плана за 3 месяца (нарастающим итогом), п.п.
0.10.1
3.73.7
3.83.8
-0.1-0.1
0.10.1
-0.5-0.5
-0.2-0.2
-0.0-0.0
4.14.1
4.04.0
-0.1-0.1
0.10.1
-0.4-0.4
-0.2-0.2
-0.1-0.1
4.14.1
4.04.0
-0.0-0.0
0.10.1
-0.5-0.5
-0.2-0.2
Россети ФСКЕЭС
АО«Тываэнерго»
АО«Чеченэнерго»
Россети Волга
РоссетиКубань
РоссетиЛенэнерго (ГК)
РоссетиМосковскийрегион
РоссетиСеверныйКавказ (ГК)
Россети Северо-Запад
Россети Сибирь(ГК)
Россети Томск
Россети Тюмень
Россети Урал(ГК)
Россети Центр
Россети Центр иПриволжье (ГК)
Россети Юг (Г…
РоссетиЯнтарь
0
-5
5
п.п.
Отклонения фактического уровня потерь от бизнес-плана за 3 месяца (нарастающим итогом)
-0.2-0.2
-0.4-0.4
0.10.1
-0.1-0.1
-0.3-0.3
4.14.1
-1.9-1.9
-0.2-0.2
-0.5-0.5
-0.1-0.1
0.40.4
-0.7-0.7
-0.4-0.4
7.97.9
0.10.1
13.113.1
-0.2-0.2
-0.3-0.3
-0.0-0.0
0.20.2
-0.1-0.1
4.24.2
-1.7-1.7
-0.1-0.1
-0.3-0.3
-0.1-0.1
0.30.3
-0.7-0.7
-0.4-0.4
8.48.4
0.20.2
13.213.2
-0.3-0.3
-0.1-0.1
-0.5-0.5
-0.3-0.3
-1.8-1.8
-0.1-0.1
-0.3-0.3
-0.2-0.2
0.40.4
-0.7-0.7
-0.4-0.4
0.30.3
Итого по ФСК ЕЭС
Каббалкэнерго
Калмэнерго
Калугаэнерго
Карачаево-Черкесскэнерго
АО "Кинешемская электросеть"
АО "Тываэнерго"
АО «ВМЭС»
АО «Воронежская горэлектросеть»
АО «Тульские городские электрические сети»
АО «Чеченэнерго»
АО «Ярославская электросетевая компания»
АО ЕЭСК
Алтайэнерго
Архангельский филиал
Астраханьэнерго
Белгородэнерго
Брянскэнерго
Бурятэнерго
Владимирэнерго
Волгоградэнерго
Вологодский филиал
Воронежэнерго
Дагэнерго
Ивэнерго
Ингушэнерго
-5
15

Статус данных
Просьба обратить внимание
— все данные не занесены
Факт
План
Итого – Факт
Отпуск в сеть 190 364 468
Отпуск из сети 173 587 890
Потери 16 776 578
Итого – План
Отпуск в сеть 185 718 021
Отпуск из сети 170 013 641
Потери 15 704 380
Выполнение бизнес-плана в части показателя «Уровень потерь электроэнергии»
Показатели баланса электроэнергии по ДЗО – Факт 
572 217 2 784 252 15 734 909 46 928 172 39 079 081 44 371 600 40 894 236
452 291 1 738 957 11 305 954 43 678 766 38 062 639 40 166 359 38 182 923
119 926 1 045 295 4 428 955 3 249 406 1 016 442 4 205 240 2 711 313
Показатели баланса электроэнергии по ДЗО – План
544 127 2 583 877 14 755 136 44 875 501 40 452 567 43 055 315 39 451 497
429 681 1 719 315 11 187 191 41 746 891 39 436 282 38 756 246 36 738 034
114 446 864 562 3 567 945 3 128 610 1 016 285 4 299 069 2 713 463'

08-11-2024T14:19:56 - [TEST_STEP][PASSED] - Script1686231490255.ZakrytOpoveshenie(): null

08-11-2024T14:19:56 - [TEST_STEP][PASSED] - opoveshenie = getText(findTestObject("Выполнение бизнес-плана/Просьба обратить внимание")): Text of object 'Object Repository/Выполнение бизнес-плана/Просьба обратить внимание' is: 'Просьба обратить внимание'

08-11-2024T14:19:56 - [MESSAGE][PASSED] - Text of object 'Object Repository/Выполнение бизнес-плана/Просьба обратить внимание' is: 'Просьба обратить внимание'

08-11-2024T14:19:56 - [TEST_STEP][PASSED] - println(opoveshenie): null

08-11-2024T14:19:56 - [TEST_STEP][PASSED] - if (opoveshenie == "Просьба обратить внимание"): Object: 'Object Repository/Выполнение бизнес-плана/Закрыть оповещение' is clicked on

08-11-2024T14:19:56 - [TEST_STEP][PASSED] - click(findTestObject("Выполнение бизнес-плана/Закрыть оповещение")): Object: 'Object Repository/Выполнение бизнес-плана/Закрыть оповещение' is clicked on

08-11-2024T14:19:57 - [MESSAGE][PASSED] - Object: 'Object Repository/Выполнение бизнес-плана/Закрыть оповещение' is clicked on

08-11-2024T14:19:57 - [TEST_STEP][PASSED] - click(findTestObject("Object Repository/Выполнение бизнес-плана/Фильтр Дата")): Object: 'Object Repository/Выполнение бизнес-плана/Фильтр Дата' is clicked on

08-11-2024T14:19:57 - [MESSAGE][PASSED] - Object: 'Object Repository/Выполнение бизнес-плана/Фильтр Дата' is clicked on

08-11-2024T14:19:57 - [TEST_STEP][PASSED] - click(findTestObject("Выполнение бизнес-плана/Снять выделение в фильтре Дата")): Object: 'Object Repository/Выполнение бизнес-плана/Снять выделение в фильтре Дата' is clicked on

08-11-2024T14:19:58 - [MESSAGE][PASSED] - Object: 'Object Repository/Выполнение бизнес-плана/Снять выделение в фильтре Дата' is clicked on

08-11-2024T14:19:58 - [TEST_STEP][PASSED] - click(findTestObject("Object Repository/Выполнение бизнес-плана/Применить в фильтре Дата")): Object: 'Object Repository/Выполнение бизнес-плана/Применить в фильтре Дата' is clicked on

08-11-2024T14:19:58 - [MESSAGE][PASSED] - Object: 'Object Repository/Выполнение бизнес-плана/Применить в фильтре Дата' is clicked on

08-11-2024T14:19:58 - [TEST_STEP][PASSED] - delay(65): Delayed 65 second(s)

08-11-2024T14:21:03 - [MESSAGE][PASSED] - Delayed 65 second(s)

08-11-2024T14:21:03 - [TEST_STEP][PASSED] - Script1686231490255.ZakrytOpoveshenie(): null

08-11-2024T14:21:03 - [TEST_STEP][PASSED] - opoveshenie = getText(findTestObject("Выполнение бизнес-плана/Просьба обратить внимание")): Text of object 'Object Repository/Выполнение бизнес-плана/Просьба обратить внимание' is: 'Просьба обратить внимание'

08-11-2024T14:21:04 - [MESSAGE][PASSED] - Text of object 'Object Repository/Выполнение бизнес-плана/Просьба обратить внимание' is: 'Просьба обратить внимание'

08-11-2024T14:21:04 - [TEST_STEP][PASSED] - println(opoveshenie): null

08-11-2024T14:21:04 - [TEST_STEP][PASSED] - if (opoveshenie == "Просьба обратить внимание"): Object: 'Object Repository/Выполнение бизнес-плана/Закрыть оповещение' is clicked on

08-11-2024T14:21:04 - [TEST_STEP][PASSED] - click(findTestObject("Выполнение бизнес-плана/Закрыть оповещение")): Object: 'Object Repository/Выполнение бизнес-плана/Закрыть оповещение' is clicked on

08-11-2024T14:21:04 - [MESSAGE][PASSED] - Object: 'Object Repository/Выполнение бизнес-плана/Закрыть оповещение' is clicked on

08-11-2024T14:21:04 - [TEST_STEP][PASSED] - click(findTestObject("Object Repository/Выполнение бизнес-плана/Фильтр Дата")): Object: 'Object Repository/Выполнение бизнес-плана/Фильтр Дата' is clicked on

08-11-2024T14:21:04 - [MESSAGE][PASSED] - Object: 'Object Repository/Выполнение бизнес-плана/Фильтр Дата' is clicked on

08-11-2024T14:21:04 - [TEST_STEP][PASSED] - scrollToElement(findTestObject("Выполнение бизнес-плана/2024 список"), 30): Scroll to object 'Object Repository/Выполнение бизнес-плана/2024 список' successfully

08-11-2024T14:21:05 - [MESSAGE][PASSED] - Scroll to object 'Object Repository/Выполнение бизнес-плана/2024 список' successfully

08-11-2024T14:21:05 - [TEST_STEP][PASSED] - click(findTestObject("Выполнение бизнес-плана/2024 список")): Object: 'Object Repository/Выполнение бизнес-плана/2024 список' is clicked on

08-11-2024T14:21:05 - [MESSAGE][PASSED] - Object: 'Object Repository/Выполнение бизнес-плана/2024 список' is clicked on

08-11-2024T14:21:05 - [TEST_STEP][PASSED] - scrollToElement(findTestObject("Выполнение бизнес-плана/4 квартал 2024 список"), 30): Scroll to object 'Object Repository/Выполнение бизнес-плана/4 квартал 2024 список' successfully

08-11-2024T14:21:06 - [MESSAGE][PASSED] - Scroll to object 'Object Repository/Выполнение бизнес-плана/4 квартал 2024 список' successfully

08-11-2024T14:21:06 - [TEST_STEP][PASSED] - scrollToElement(findTestObject("Выполнение бизнес-плана/Заголовок дашборда"), 30): Scroll to object 'Object Repository/Выполнение бизнес-плана/Заголовок дашборда' successfully

08-11-2024T14:21:06 - [MESSAGE][PASSED] - Scroll to object 'Object Repository/Выполнение бизнес-плана/Заголовок дашборда' successfully

08-11-2024T14:21:06 - [TEST_STEP][PASSED] - click(findTestObject("Выполнение бизнес-плана/1 квартал 2024 список")): Object: 'Object Repository/Выполнение бизнес-плана/1 квартал 2024 список' is clicked on

08-11-2024T14:21:06 - [MESSAGE][PASSED] - Object: 'Object Repository/Выполнение бизнес-плана/1 квартал 2024 список' is clicked on

08-11-2024T14:21:06 - [TEST_STEP][PASSED] - click(findTestObject("Выполнение бизнес-плана/Январь 2024")): Object: 'Object Repository/Выполнение бизнес-плана/Январь 2024' is clicked on

08-11-2024T14:21:07 - [MESSAGE][PASSED] - Object: 'Object Repository/Выполнение бизнес-плана/Январь 2024' is clicked on

08-11-2024T14:21:07 - [TEST_STEP][PASSED] - click(findTestObject("Выполнение бизнес-плана/Февраль 2024")): Object: 'Object Repository/Выполнение бизнес-плана/Февраль 2024' is clicked on

08-11-2024T14:21:07 - [MESSAGE][PASSED] - Object: 'Object Repository/Выполнение бизнес-плана/Февраль 2024' is clicked on

08-11-2024T14:21:07 - [TEST_STEP][PASSED] - click(findTestObject("Выполнение бизнес-плана/Март 2024")): Object: 'Object Repository/Выполнение бизнес-плана/Март 2024' is clicked on

08-11-2024T14:21:08 - [MESSAGE][PASSED] - Object: 'Object Repository/Выполнение бизнес-плана/Март 2024' is clicked on

08-11-2024T14:21:08 - [TEST_STEP][PASSED] - scrollToElement(findTestObject("Выполнение бизнес-плана/2 квартал 2024"), 30): Scroll to object 'Object Repository/Выполнение бизнес-плана/2 квартал 2024' successfully

08-11-2024T14:21:08 - [MESSAGE][PASSED] - Scroll to object 'Object Repository/Выполнение бизнес-плана/2 квартал 2024' successfully

08-11-2024T14:21:08 - [TEST_STEP][PASSED] - click(findTestObject("Выполнение бизнес-плана/2 квартал 2024")): Object: 'Object Repository/Выполнение бизнес-плана/2 квартал 2024' is clicked on

08-11-2024T14:21:09 - [MESSAGE][PASSED] - Object: 'Object Repository/Выполнение бизнес-плана/2 квартал 2024' is clicked on

08-11-2024T14:21:09 - [TEST_STEP][PASSED] - scrollToElement(findTestObject("Выполнение бизнес-плана/3 квартал 2024 список"), 30): Scroll to object 'Object Repository/Выполнение бизнес-плана/3 квартал 2024 список' successfully

08-11-2024T14:21:09 - [MESSAGE][PASSED] - Scroll to object 'Object Repository/Выполнение бизнес-плана/3 квартал 2024 список' successfully

08-11-2024T14:21:09 - [TEST_STEP][PASSED] - click(findTestObject("Выполнение бизнес-плана/3 квартал 2024"), CONTINUE_ON_FAILURE): Object: 'Object Repository/Выполнение бизнес-плана/3 квартал 2024' is clicked on

08-11-2024T14:21:09 - [MESSAGE][PASSED] - Object: 'Object Repository/Выполнение бизнес-плана/3 квартал 2024' is clicked on

08-11-2024T14:21:09 - [TEST_STEP][PASSED] - click(findTestObject("Object Repository/Выполнение бизнес-плана/Применить в фильтре Дата")): Object: 'Object Repository/Выполнение бизнес-плана/Применить в фильтре Дата' is clicked on

08-11-2024T14:21:11 - [MESSAGE][PASSED] - Object: 'Object Repository/Выполнение бизнес-плана/Применить в фильтре Дата' is clicked on

08-11-2024T14:21:11 - [TEST_STEP][PASSED] - scrollToElement(findTestObject("Выполнение бизнес-плана/Заголовок дашборда"), 30): Scroll to object 'Object Repository/Выполнение бизнес-плана/Заголовок дашборда' successfully

08-11-2024T14:21:41 - [MESSAGE][PASSED] - Scroll to object 'Object Repository/Выполнение бизнес-плана/Заголовок дашборда' successfully

08-11-2024T14:21:41 - [TEST_STEP][PASSED] - delay(65): Delayed 65 second(s)

08-11-2024T14:22:46 - [MESSAGE][PASSED] - Delayed 65 second(s)

08-11-2024T14:22:46 - [TEST_STEP][PASSED] - Script1686231490255.ZakrytOpoveshenie(): null

08-11-2024T14:22:46 - [TEST_STEP][PASSED] - opoveshenie = getText(findTestObject("Выполнение бизнес-плана/Просьба обратить внимание")): Text of object 'Object Repository/Выполнение бизнес-плана/Просьба обратить внимание' is: 'Просьба обратить внимание'

08-11-2024T14:22:46 - [MESSAGE][PASSED] - Text of object 'Object Repository/Выполнение бизнес-плана/Просьба обратить внимание' is: 'Просьба обратить внимание'

08-11-2024T14:22:46 - [TEST_STEP][PASSED] - println(opoveshenie): null

08-11-2024T14:22:46 - [TEST_STEP][PASSED] - if (opoveshenie == "Просьба обратить внимание"): Object: 'Object Repository/Выполнение бизнес-плана/Закрыть оповещение' is clicked on

08-11-2024T14:22:46 - [TEST_STEP][PASSED] - click(findTestObject("Выполнение бизнес-плана/Закрыть оповещение")): Object: 'Object Repository/Выполнение бизнес-плана/Закрыть оповещение' is clicked on

08-11-2024T14:22:46 - [MESSAGE][PASSED] - Object: 'Object Repository/Выполнение бизнес-плана/Закрыть оповещение' is clicked on

08-11-2024T14:22:46 - [TEST_STEP][PASSED] - click(findTestObject("Object Repository/Выполнение бизнес-плана/Фильтр ДЗО")): Object: 'Object Repository/Выполнение бизнес-плана/Фильтр ДЗО' is clicked on

08-11-2024T14:22:47 - [MESSAGE][PASSED] - Object: 'Object Repository/Выполнение бизнес-плана/Фильтр ДЗО' is clicked on

08-11-2024T14:22:47 - [TEST_STEP][PASSED] - click(findTestObject("Выполнение бизнес-плана/Снять выделение в фильтре ДЗО")): Object: 'Object Repository/Выполнение бизнес-плана/Снять выделение в фильтре ДЗО' is clicked on

08-11-2024T14:22:47 - [MESSAGE][PASSED] - Object: 'Object Repository/Выполнение бизнес-плана/Снять выделение в фильтре ДЗО' is clicked on

08-11-2024T14:22:47 - [TEST_STEP][PASSED] - click(findTestObject("Выполнение бизнес-плана/ПАО Россети")): Object: 'Object Repository/Выполнение бизнес-плана/ПАО Россети' is clicked on

08-11-2024T14:22:47 - [MESSAGE][PASSED] - Object: 'Object Repository/Выполнение бизнес-плана/ПАО Россети' is clicked on

08-11-2024T14:22:47 - [TEST_STEP][PASSED] - click(findTestObject("Object Repository/Выполнение бизнес-плана/Применить в фильтре ДЗО")): Object: 'Object Repository/Выполнение бизнес-плана/Применить в фильтре ДЗО' is clicked on

08-11-2024T14:22:48 - [MESSAGE][PASSED] - Object: 'Object Repository/Выполнение бизнес-плана/Применить в фильтре ДЗО' is clicked on

08-11-2024T14:22:48 - [TEST_STEP][PASSED] - delay(65): Delayed 65 second(s)

08-11-2024T14:23:53 - [MESSAGE][PASSED] - Delayed 65 second(s)

08-11-2024T14:23:53 - [TEST_STEP][PASSED] - if (run == 1): null

08-11-2024T14:23:53 - [TEST_STEP][PASSED] - if (run == 2): null

08-11-2024T14:23:53 - [TEST_STEP][PASSED] - if (run == 3): null

08-11-2024T14:23:53 - [TEST_STEP][PASSED] - user = "Попова": null

08-11-2024T14:23:53 - [TEST_STEP][PASSED] - a1 = getText(findTestObject("Выполнение бизнес-плана/Проценты")): Text of object 'Object Repository/Выполнение бизнес-плана/Проценты' is: '%
5.24 5.24
5.21 5.21
План
Факт
1
100'

08-11-2024T14:24:24 - [MESSAGE][PASSED] - Text of object 'Object Repository/Выполнение бизнес-плана/Проценты' is: '%
5.24 5.24
5.21 5.21
План
Факт
1
100'

08-11-2024T14:24:24 - [TEST_STEP][PASSED] - a2 = getText(findTestObject("Выполнение бизнес-плана/vidget 2")): Text of object 'Object Repository/Выполнение бизнес-плана/vidget 2' is: 'АО «Тываэнерго»
АО «Чеченэнерго»
Россети Северный Кавказ
Россети Сибирь
Россети Тюмень
Россети Центр (ГК)
Россети Центр и Приволжье (ГК)
0
10
20
30
40
50
60
70'

08-11-2024T14:24:54 - [MESSAGE][PASSED] - Text of object 'Object Repository/Выполнение бизнес-плана/vidget 2' is: 'АО «Тываэнерго»
АО «Чеченэнерго»
Россети Северный Кавказ
Россети Сибирь
Россети Тюмень
Россети Центр (ГК)
Россети Центр и Приволжье (ГК)
0
10
20
30
40
50
60
70'

08-11-2024T14:24:54 - [TEST_STEP][PASSED] - a3 = getText(findTestObject("Выполнение бизнес-плана/table")): Text of object 'Object Repository/Выполнение бизнес-плана/table' is: ''

08-11-2024T14:25:24 - [MESSAGE][PASSED] - Text of object 'Object Repository/Выполнение бизнес-плана/table' is: ''

08-11-2024T14:25:24 - [TEST_STEP][PASSED] - a4 = getText(findTestObject("Выполнение бизнес-плана/Список ДЗО")): Text of object 'Object Repository/Выполнение бизнес-плана/Список ДЗО' is: '-0.07
4.08
3.97
-0.05
0.09
-0.51
-0.25
АО «Тываэнерго»
АО «Чеченэнерго»
Россети Северный Кавказ
Россети Сибирь
Россети Тюмень
Россети Центр (ГК)
Россети Центр и Приволжье (ГК)
-1
0
1
2
3
4
5
6
7'

08-11-2024T14:25:54 - [MESSAGE][PASSED] - Text of object 'Object Repository/Выполнение бизнес-плана/Список ДЗО' is: '-0.07
4.08
3.97
-0.05
0.09
-0.51
-0.25
АО «Тываэнерго»
АО «Чеченэнерго»
Россети Северный Кавказ
Россети Сибирь
Россети Тюмень
Россети Центр (ГК)
Россети Центр и Приволжье (ГК)
-1
0
1
2
3
4
5
6
7'

08-11-2024T14:25:54 - [TEST_STEP][PASSED] - a5 = getText(findTestObject("Выполнение бизнес-плана/svg1")): Text of object 'Object Repository/Выполнение бизнес-плана/svg1' is: '%
5.24 5.24
5.21 5.21
План
Факт
1
100'

08-11-2024T14:26:24 - [MESSAGE][PASSED] - Text of object 'Object Repository/Выполнение бизнес-плана/svg1' is: '%
5.24 5.24
5.21 5.21
План
Факт
1
100'

08-11-2024T14:26:24 - [TEST_STEP][PASSED] - a6 = getText(findTestObject("Выполнение бизнес-плана/svg2")): Text of object 'Object Repository/Выполнение бизнес-плана/svg2' is: 'п.п.
0.04
Итого
0
0.02
0.04
0.06'

08-11-2024T14:26:54 - [MESSAGE][PASSED] - Text of object 'Object Repository/Выполнение бизнес-плана/svg2' is: 'п.п.
0.04
Итого
0
0.02
0.04
0.06'

08-11-2024T14:26:54 - [TEST_STEP][PASSED] - a7 = getText(findTestObject("Выполнение бизнес-плана/Значения со страницы Выполнение бизнес-плана/Факт Отпуск в сеть за отчётный период ПАО Россети")): Text of object 'Object Repository/Выполнение бизнес-плана/Значения со страницы Выполнение бизнес-плана/Факт Отпуск в сеть за отчётный период ПАО Россети' is: '190 364 468'

08-11-2024T14:27:24 - [MESSAGE][PASSED] - Text of object 'Object Repository/Выполнение бизнес-плана/Значения со страницы Выполнение бизнес-плана/Факт Отпуск в сеть за отчётный период ПАО Россети' is: '190 364 468'

08-11-2024T14:27:24 - [TEST_STEP][PASSED] - a8 = getText(findTestObject("Выполнение бизнес-плана/Значения со страницы Выполнение бизнес-плана/Факт Отпуск из сети за отчётный период ПАО Россети")): Text of object 'Object Repository/Выполнение бизнес-плана/Значения со страницы Выполнение бизнес-плана/Факт Отпуск из сети за отчётный период ПАО Россети' is: '173 587 890'

08-11-2024T14:27:54 - [MESSAGE][PASSED] - Text of object 'Object Repository/Выполнение бизнес-плана/Значения со страницы Выполнение бизнес-плана/Факт Отпуск из сети за отчётный период ПАО Россети' is: '173 587 890'

08-11-2024T14:27:54 - [TEST_STEP][PASSED] - a9 = getText(findTestObject("Выполнение бизнес-плана/Значения со страницы Выполнение бизнес-плана/Факт Потери за отчётный период ПАО Россети")): Text of object 'Object Repository/Выполнение бизнес-плана/Значения со страницы Выполнение бизнес-плана/Факт Потери за отчётный период ПАО Россети' is: '16 776 578'

08-11-2024T14:28:24 - [MESSAGE][PASSED] - Text of object 'Object Repository/Выполнение бизнес-плана/Значения со страницы Выполнение бизнес-плана/Факт Потери за отчётный период ПАО Россети' is: '16 776 578'

08-11-2024T14:28:24 - [TEST_STEP][PASSED] - n = n + 2: null

08-11-2024T14:28:24 - [TEST_STEP][PASSED] - b = data.getRowNumbers() + 1: null

08-11-2024T14:28:24 - [TEST_STEP][PASSED] - verifyEqual(findTestData("PlanFact").getValue(2, b), a1): Actual object '%
5.24 5.24
5.21 5.21
План
Факт
1
100' and expected object '%
5.24 5.24
5.21 5.21
План
Факт
1
100' are equal

08-11-2024T14:28:24 - [MESSAGE][PASSED] - Actual object '%
5.24 5.24
5.21 5.21
План
Факт
1
100' and expected object '%
5.24 5.24
5.21 5.21
План
Факт
1
100' are equal

08-11-2024T14:28:24 - [TEST_STEP][PASSED] - verifyEqual(findTestData("PlanFact").getValue(3, b), a2): Actual object 'АО «Тываэнерго»
АО «Чеченэнерго»
Россети Северный Кавказ
Россети Сибирь
Россети Тюмень
Россети Центр (ГК)
Россети Центр и Приволжье (ГК)
0
10
20
30
40
50
60
70' and expected object 'АО «Тываэнерго»
АО «Чеченэнерго»
Россети Северный Кавказ
Россети Сибирь
Россети Тюмень
Россети Центр (ГК)
Россети Центр и Приволжье (ГК)
0
10
20
30
40
50
60
70' are equal

08-11-2024T14:28:24 - [MESSAGE][PASSED] - Actual object 'АО «Тываэнерго»
АО «Чеченэнерго»
Россети Северный Кавказ
Россети Сибирь
Россети Тюмень
Россети Центр (ГК)
Россети Центр и Приволжье (ГК)
0
10
20
30
40
50
60
70' and expected object 'АО «Тываэнерго»
АО «Чеченэнерго»
Россети Северный Кавказ
Россети Сибирь
Россети Тюмень
Россети Центр (ГК)
Россети Центр и Приволжье (ГК)
0
10
20
30
40
50
60
70' are equal

08-11-2024T14:28:24 - [TEST_STEP][PASSED] - verifyEqual(findTestData("PlanFact").getValue(4, b), a3): Actual object '' and expected object '' are equal

08-11-2024T14:28:24 - [MESSAGE][PASSED] - Actual object '' and expected object '' are equal

08-11-2024T14:28:24 - [TEST_STEP][PASSED] - verifyEqual(findTestData("PlanFact").getValue(5, b), a4): Actual object '-0.07
4.08
3.97
-0.05
0.09
-0.51
-0.25
АО «Тываэнерго»
АО «Чеченэнерго»
Россети Северный Кавказ
Россети Сибирь
Россети Тюмень
Россети Центр (ГК)
Россети Центр и Приволжье (ГК)
-1
0
1
2
3
4
5
6
7' and expected object '-0.07
4.08
3.97
-0.05
0.09
-0.51
-0.25
АО «Тываэнерго»
АО «Чеченэнерго»
Россети Северный Кавказ
Россети Сибирь
Россети Тюмень
Россети Центр (ГК)
Россети Центр и Приволжье (ГК)
-1
0
1
2
3
4
5
6
7' are equal

08-11-2024T14:28:25 - [MESSAGE][PASSED] - Actual object '-0.07
4.08
3.97
-0.05
0.09
-0.51
-0.25
АО «Тываэнерго»
АО «Чеченэнерго»
Россети Северный Кавказ
Россети Сибирь
Россети Тюмень
Россети Центр (ГК)
Россети Центр и Приволжье (ГК)
-1
0
1
2
3
4
5
6
7' and expected object '-0.07
4.08
3.97
-0.05
0.09
-0.51
-0.25
АО «Тываэнерго»
АО «Чеченэнерго»
Россети Северный Кавказ
Россети Сибирь
Россети Тюмень
Россети Центр (ГК)
Россети Центр и Приволжье (ГК)
-1
0
1
2
3
4
5
6
7' are equal

08-11-2024T14:28:25 - [TEST_STEP][PASSED] - verifyEqual(findTestData("PlanFact").getValue(6, b), a5): Actual object '%
5.24 5.24
5.21 5.21
План
Факт
1
100' and expected object '%
5.24 5.24
5.21 5.21
План
Факт
1
100' are equal

08-11-2024T14:28:25 - [MESSAGE][PASSED] - Actual object '%
5.24 5.24
5.21 5.21
План
Факт
1
100' and expected object '%
5.24 5.24
5.21 5.21
План
Факт
1
100' are equal

08-11-2024T14:28:25 - [TEST_STEP][PASSED] - verifyEqual(findTestData("PlanFact").getValue(7, b), a6): Actual object 'п.п.
0.04
Итого
0
0.02
0.04
0.06' and expected object 'п.п.
0.04
Итого
0
0.02
0.04
0.06' are equal

08-11-2024T14:28:25 - [MESSAGE][PASSED] - Actual object 'п.п.
0.04
Итого
0
0.02
0.04
0.06' and expected object 'п.п.
0.04
Итого
0
0.02
0.04
0.06' are equal

08-11-2024T14:28:25 - [TEST_STEP][PASSED] - verifyEqual(findTestData("PlanFact").getValue(8, b), a7): Actual object '190 364 468' and expected object '190 364 468' are equal

08-11-2024T14:28:25 - [MESSAGE][PASSED] - Actual object '190 364 468' and expected object '190 364 468' are equal

08-11-2024T14:28:25 - [TEST_STEP][PASSED] - verifyEqual(findTestData("PlanFact").getValue(9, b), a8): Actual object '173 587 890' and expected object '173 587 890' are equal

08-11-2024T14:28:25 - [MESSAGE][PASSED] - Actual object '173 587 890' and expected object '173 587 890' are equal

08-11-2024T14:28:25 - [TEST_STEP][PASSED] - verifyEqual(findTestData("PlanFact").getValue(10, b), a9): Actual object '16 776 578' and expected object '16 776 578' are equal

08-11-2024T14:28:25 - [MESSAGE][PASSED] - Actual object '16 776 578' and expected object '16 776 578' are equal

08-11-2024T14:28:25 - [TEST_STEP][PASSED] - Script1686231490255.WriteToExcel(user, dashboardName, n, data, run, a1, a2, a3, a4, a5, a6, a7, a8, a9): null

08-11-2024T14:28:25 - [TEST_STEP][PASSED] - sheetName = "Sheet1": null

08-11-2024T14:28:25 - [TEST_STEP][PASSED] - workbook01 = getWorkbook(excelFilePath): null

08-11-2024T14:28:25 - [TEST_STEP][PASSED] - sheet01 = getExcelSheet(workbook01, sheetName): null

08-11-2024T14:28:25 - [TEST_STEP][PASSED] - setValueToCellByIndex(sheet01, n, 0, dashboardName): null

08-11-2024T14:28:25 - [TEST_STEP][PASSED] - setValueToCellByIndex(sheet01, n, 10, user): null

08-11-2024T14:28:25 - [TEST_STEP][PASSED] - setValueToCellByIndex(sheet01, n, 1, a1): null

08-11-2024T14:28:25 - [TEST_STEP][PASSED] - setValueToCellByIndex(sheet01, n, 2, a2): null

08-11-2024T14:28:25 - [TEST_STEP][PASSED] - setValueToCellByIndex(sheet01, n, 3, a3): null

08-11-2024T14:28:25 - [TEST_STEP][PASSED] - setValueToCellByIndex(sheet01, n, 4, a4): null

08-11-2024T14:28:25 - [TEST_STEP][PASSED] - setValueToCellByIndex(sheet01, n, 5, a5): null

08-11-2024T14:28:25 - [TEST_STEP][PASSED] - setValueToCellByIndex(sheet01, n, 6, a6): null

08-11-2024T14:28:25 - [TEST_STEP][PASSED] - setValueToCellByIndex(sheet01, n, 7, a7): null

08-11-2024T14:28:25 - [TEST_STEP][PASSED] - setValueToCellByIndex(sheet01, n, 8, a8): null

08-11-2024T14:28:25 - [TEST_STEP][PASSED] - setValueToCellByIndex(sheet01, n, 9, a9): null

08-11-2024T14:28:25 - [TEST_STEP][PASSED] - n = n + 1: null

08-11-2024T14:28:25 - [TEST_STEP][PASSED] - saveWorkbook(excelFilePath, workbook01): null

08-11-2024T14:28:25 - [TEST_STEP][PASSED] - closeBrowser(): Browser is closed

08-11-2024T14:28:25 - [MESSAGE][PASSED] - Browser is closed

08-11-2024T14:28:25 - [TEST_STEP][PASSED] - delay(65): Delayed 65 second(s)

08-11-2024T14:29:30 - [MESSAGE][PASSED] - Delayed 65 second(s)

08-11-2024T14:29:30 - [TEST_STEP][PASSED] - for ([run = 1, run < 4, (run++)]): null

08-11-2024T14:29:30 - [TEST_STEP][PASSED] - ViruchkaVRublyah(user, dashboardName, n, data, run, a1, a2, a3, a4, a5, a6, a7, a8, a9, urlData): null

08-11-2024T14:29:30 - [TEST_STEP][PASSED] - n = data.getRowNumbers() + 1: null

08-11-2024T14:29:30 - [TEST_STEP][PASSED] - println(n): null

08-11-2024T14:29:30 - [TEST_STEP][PASSED] - dashboardName = "Вырука в рублях": null

08-11-2024T14:29:30 - [TEST_STEP][PASSED] - openBrowser(""): Browser is opened with url: ''

08-11-2024T14:29:30 - [MESSAGE][INFO] - Starting 'Chrome' driver

08-11-2024T14:29:30 - [MESSAGE][INFO] - Action delay is set to 0 milliseconds

08-11-2024T14:29:32 - [MESSAGE][PASSED] - Browser is opened with url: ''

08-11-2024T14:29:32 - [TEST_STEP][PASSED] - urlData = 2: null

08-11-2024T14:29:32 - [TEST_STEP][PASSED] - Script1686231490255.CheckPageDownload(urlData, run): null

08-11-2024T14:29:32 - [TEST_STEP][PASSED] - i = 1: null

08-11-2024T14:29:32 - [TEST_STEP][PASSED] - ii = 0: null

08-11-2024T14:29:32 - [TEST_STEP][PASSED] - urlText = <not implemented yet for class: org.codehaus.groovy.ast.expr.EmptyExpression>: null

08-11-2024T14:29:32 - [TEST_STEP][PASSED] - searchWord = <not implemented yet for class: org.codehaus.groovy.ast.expr.EmptyExpression>: null

08-11-2024T14:29:32 - [TEST_STEP][PASSED] - deleteAllCookies(): Delete all cookies successfully

08-11-2024T14:29:32 - [MESSAGE][PASSED] - Delete all cookies successfully

08-11-2024T14:29:32 - [TEST_STEP][PASSED] - refresh(): Refresh successfully

08-11-2024T14:29:32 - [MESSAGE][PASSED] - Refresh successfully

08-11-2024T14:29:32 - [TEST_STEP][PASSED] - delay(65): Delayed 65 second(s)

08-11-2024T14:30:37 - [MESSAGE][PASSED] - Delayed 65 second(s)

08-11-2024T14:30:37 - [TEST_STEP][PASSED] - navigateToUrl(findTestData("PlanFact").getValue(10, urlData)): Navigate to 'https://bi.rosseti.digital/viewer?dashboardGuid=2301950b23be4ed89c1df75f2020051e&sheetGuid=b723206f698544fb87299f3095c00435&fit=true' successfully

08-11-2024T14:30:42 - [MESSAGE][PASSED] - Navigate to 'https://bi.rosseti.digital/viewer?dashboardGuid=2301950b23be4ed89c1df75f2020051e&sheetGuid=b723206f698544fb87299f3095c00435&fit=true' successfully

08-11-2024T14:30:42 - [TEST_STEP][PASSED] - pageLoaded1 = verifyElementPresent(findTestObject("Страница авторизации/Text"), 30): Object 'Object Repository/Страница авторизации/Text' is present

08-11-2024T14:30:46 - [MESSAGE][PASSED] - Object 'Object Repository/Страница авторизации/Text' is present

08-11-2024T14:30:46 - [TEST_STEP][PASSED] - if (pageLoaded1 == false): null

08-11-2024T14:30:46 - [TEST_STEP][PASSED] - urlText = getText(findTestObject("Страница авторизации/Text")): Text of object 'Object Repository/Страница авторизации/Text' is: 'Вход'

08-11-2024T14:30:46 - [MESSAGE][PASSED] - Text of object 'Object Repository/Страница авторизации/Text' is: 'Вход'

08-11-2024T14:30:46 - [TEST_STEP][PASSED] - delay(65): Delayed 65 second(s)

08-11-2024T14:31:51 - [MESSAGE][PASSED] - Delayed 65 second(s)

08-11-2024T14:31:51 - [TEST_STEP][PASSED] - searchWord = "Вход": null

08-11-2024T14:31:51 - [TEST_STEP][PASSED] - if (urlText.contains(searchWord) == false): null

08-11-2024T14:31:51 - [TEST_STEP][PASSED] - setText(findTestObject("Страница авторизации/input__username"), findTestData("PlanFact").getValue(8, run)): Text 'liazgina-di' is set on object 'Object Repository/Страница авторизации/input__username'

08-11-2024T14:31:52 - [MESSAGE][PASSED] - Text 'liazgina-di' is set on object 'Object Repository/Страница авторизации/input__username'

08-11-2024T14:31:52 - [TEST_STEP][PASSED] - setText(findTestObject("Страница авторизации/input__password"), findTestData("PlanFact").getValue(9, run)): Text ')$%5srZ8o688Dm#q' is set on object 'Object Repository/Страница авторизации/input__password'

08-11-2024T14:31:52 - [MESSAGE][PASSED] - Text ')$%5srZ8o688Dm#q' is set on object 'Object Repository/Страница авторизации/input__password'

08-11-2024T14:31:52 - [TEST_STEP][PASSED] - click(findTestObject("Страница авторизации/button_")): Object: 'Object Repository/Страница авторизации/button_' is clicked on

08-11-2024T14:31:56 - [MESSAGE][PASSED] - Object: 'Object Repository/Страница авторизации/button_' is clicked on

08-11-2024T14:31:56 - [TEST_STEP][PASSED] - delay(65): Delayed 65 second(s)

08-11-2024T14:33:01 - [MESSAGE][PASSED] - Delayed 65 second(s)

08-11-2024T14:33:01 - [TEST_STEP][PASSED] - searchWord = "а": null

08-11-2024T14:33:01 - [TEST_STEP][PASSED] - pageLoaded2 = verifyElementPresent(findTestObject("Страница авторизации/Text"), 50): Object 'Object Repository/Страница авторизации/Text' is present

08-11-2024T14:33:01 - [MESSAGE][PASSED] - Object 'Object Repository/Страница авторизации/Text' is present

08-11-2024T14:33:01 - [TEST_STEP][PASSED] - if (pageLoaded2 == false): null

08-11-2024T14:33:01 - [TEST_STEP][PASSED] - urlText = getText(findTestObject("Страница авторизации/Text")): Text of object 'Object Repository/Страница авторизации/Text' is: 'Период
1, 2, 3 кв. 2024 года
Выручка
Все
Выполнение плановых показателей по ПАО Россети за 1, 2, 3 кв. 2024 года
План
Факт
Динамика
2024 год
0 млн.руб.
100 000 млн.руб.
200 000 млн.руб.
300 000 млн.руб.
400 000 млн.руб.
500 000 млн.руб.
600 000 млн.руб.
700 000 млн.руб.
800 000 млн.руб.
900 000 млн.руб.
1 000 000 млн.руб.
1 100 000 млн.руб.
1 200 000 млн.руб.
1 300 000 млн.руб.
1 056 816
1 056 549
↓
ДЗО 
Все
Внутренний оборот - выручка за услуги по передаче электрической энергии, учтенная в выручке за электроэнергию для конечных потребителей, при выполнении ДЗО функций гарантирующего поставщика
Подписи данных
⬤Отклонение
АО «Тываэнерго»
АО «Чеченэнерго»
Россети Волга
Россети Кубань
Россети Ленэнерго (ГК)
Россети Московский регион
Россети Северный Кавказ (ГК)
Россети Северо-Запад
Россети Сибирь (ГК)
Россети Томск
Россети Тюмень
Россети Урал (ГК)
Россети ФСК ЕЭС
Россети Центр
Россети Центр и Приволжье (ГК)
Россети Юг (ГК)
Россети Янтарь
-25 000млн.руб.
-20 000млн.руб.
-15 000млн.руб.
-10 000млн.руб.
-5 000млн.руб.
0млн.руб.
5 000млн.руб.
10 …
-30 000млн.руб.
239
68
25
3 470
3 855
6 900
821
839
2 116
213
-4 312
1 715
-25 094
3 410
3 873
1 315
277
млн.
%
Выручка
Отклонение выручки по ПАО Россети за 1, 2, 3 кв. 2024 года (факт/план, млн. руб)
ПАО Россети
-267.6 млн.руб.
 '

08-11-2024T14:33:02 - [MESSAGE][PASSED] - Text of object 'Object Repository/Страница авторизации/Text' is: 'Период
1, 2, 3 кв. 2024 года
Выручка
Все
Выполнение плановых показателей по ПАО Россети за 1, 2, 3 кв. 2024 года
План
Факт
Динамика
2024 год
0 млн.руб.
100 000 млн.руб.
200 000 млн.руб.
300 000 млн.руб.
400 000 млн.руб.
500 000 млн.руб.
600 000 млн.руб.
700 000 млн.руб.
800 000 млн.руб.
900 000 млн.руб.
1 000 000 млн.руб.
1 100 000 млн.руб.
1 200 000 млн.руб.
1 300 000 млн.руб.
1 056 816
1 056 549
↓
ДЗО 
Все
Внутренний оборот - выручка за услуги по передаче электрической энергии, учтенная в выручке за электроэнергию для конечных потребителей, при выполнении ДЗО функций гарантирующего поставщика
Подписи данных
⬤Отклонение
АО «Тываэнерго»
АО «Чеченэнерго»
Россети Волга
Россети Кубань
Россети Ленэнерго (ГК)
Россети Московский регион
Россети Северный Кавказ (ГК)
Россети Северо-Запад
Россети Сибирь (ГК)
Россети Томск
Россети Тюмень
Россети Урал (ГК)
Россети ФСК ЕЭС
Россети Центр
Россети Центр и Приволжье (ГК)
Россети Юг (ГК)
Россети Янтарь
-25 000млн.руб.
-20 000млн.руб.
-15 000млн.руб.
-10 000млн.руб.
-5 000млн.руб.
0млн.руб.
5 000млн.руб.
10 …
-30 000млн.руб.
239
68
25
3 470
3 855
6 900
821
839
2 116
213
-4 312
1 715
-25 094
3 410
3 873
1 315
277
млн.
%
Выручка
Отклонение выручки по ПАО Россети за 1, 2, 3 кв. 2024 года (факт/план, млн. руб)
ПАО Россети
-267.6 млн.руб.
 '

08-11-2024T14:33:02 - [TEST_STEP][PASSED] - if (urlText.contains("ошибка") || urlText.contains(searchWord) == false): null

08-11-2024T14:33:02 - [TEST_STEP][PASSED] - click(findTestObject("Выручка в рублях/Фильтр Период")): Object: 'Object Repository/Выручка в рублях/Фильтр Период' is clicked on

08-11-2024T14:33:02 - [MESSAGE][PASSED] - Object: 'Object Repository/Выручка в рублях/Фильтр Период' is clicked on

08-11-2024T14:33:02 - [TEST_STEP][PASSED] - click(findTestObject("Выручка в рублях/Снять выделение в фильтре Дата")): Object: 'Object Repository/Выручка в рублях/Снять выделение в фильтре Дата' is clicked on

08-11-2024T14:33:03 - [MESSAGE][PASSED] - Object: 'Object Repository/Выручка в рублях/Снять выделение в фильтре Дата' is clicked on

08-11-2024T14:33:03 - [TEST_STEP][PASSED] - click(findTestObject("Выручка в рублях/Применить в фильтре Дата")): Object: 'Object Repository/Выручка в рублях/Применить в фильтре Дата' is clicked on

08-11-2024T14:33:03 - [MESSAGE][PASSED] - Object: 'Object Repository/Выручка в рублях/Применить в фильтре Дата' is clicked on

08-11-2024T14:33:03 - [TEST_STEP][PASSED] - click(findTestObject("Выручка в рублях/Фильтр Период")): Object: 'Object Repository/Выручка в рублях/Фильтр Период' is clicked on

08-11-2024T14:33:06 - [MESSAGE][PASSED] - Object: 'Object Repository/Выручка в рублях/Фильтр Период' is clicked on

08-11-2024T14:33:06 - [TEST_STEP][PASSED] - click(findTestObject("Выручка в рублях/Снять выделение в фильтре Дата")): Object: 'Object Repository/Выручка в рублях/Снять выделение в фильтре Дата' is clicked on

08-11-2024T14:33:07 - [MESSAGE][PASSED] - Object: 'Object Repository/Выручка в рублях/Снять выделение в фильтре Дата' is clicked on

08-11-2024T14:33:07 - [TEST_STEP][PASSED] - scrollToElement(findTestObject("Выручка в рублях/2024 список"), 30): Scroll to object 'Object Repository/Выручка в рублях/2024 список' successfully

08-11-2024T14:33:07 - [MESSAGE][PASSED] - Scroll to object 'Object Repository/Выручка в рублях/2024 список' successfully

08-11-2024T14:33:07 - [TEST_STEP][PASSED] - click(findTestObject("Выручка в рублях/2024 список")): Object: 'Object Repository/Выручка в рублях/2024 список' is clicked on

08-11-2024T14:33:07 - [MESSAGE][PASSED] - Object: 'Object Repository/Выручка в рублях/2024 список' is clicked on

08-11-2024T14:33:07 - [TEST_STEP][PASSED] - scrollToElement(findTestObject("Выручка в рублях/1 квартал 2024 выбрать"), 30): Scroll to object 'Object Repository/Выручка в рублях/1 квартал 2024 выбрать' successfully

08-11-2024T14:33:08 - [MESSAGE][PASSED] - Scroll to object 'Object Repository/Выручка в рублях/1 квартал 2024 выбрать' successfully

08-11-2024T14:33:08 - [TEST_STEP][PASSED] - click(findTestObject("Выручка в рублях/1 квартал 2024 выбрать"), CONTINUE_ON_FAILURE): Object: 'Object Repository/Выручка в рублях/1 квартал 2024 выбрать' is clicked on

08-11-2024T14:33:08 - [MESSAGE][PASSED] - Object: 'Object Repository/Выручка в рублях/1 квартал 2024 выбрать' is clicked on

08-11-2024T14:33:08 - [TEST_STEP][PASSED] - scrollToElement(findTestObject("Выручка в рублях/2 квартал 2024 выбрать"), 30): Scroll to object 'Object Repository/Выручка в рублях/2 квартал 2024 выбрать' successfully

08-11-2024T14:33:09 - [MESSAGE][PASSED] - Scroll to object 'Object Repository/Выручка в рублях/2 квартал 2024 выбрать' successfully

08-11-2024T14:33:09 - [TEST_STEP][PASSED] - click(findTestObject("Выручка в рублях/2 квартал 2024 выбрать")): Object: 'Object Repository/Выручка в рублях/2 квартал 2024 выбрать' is clicked on

08-11-2024T14:33:09 - [MESSAGE][PASSED] - Object: 'Object Repository/Выручка в рублях/2 квартал 2024 выбрать' is clicked on

08-11-2024T14:33:09 - [TEST_STEP][PASSED] - scrollToElement(findTestObject("Выручка в рублях/3 квартал 2024 список"), 30): Scroll to object 'Object Repository/Выручка в рублях/3 квартал 2024 список' successfully

08-11-2024T14:33:10 - [MESSAGE][PASSED] - Scroll to object 'Object Repository/Выручка в рублях/3 квартал 2024 список' successfully

08-11-2024T14:33:10 - [TEST_STEP][PASSED] - click(findTestObject("Выручка в рублях/3 квартал 2024"), CONTINUE_ON_FAILURE): Object: 'Object Repository/Выручка в рублях/3 квартал 2024' is clicked on

08-11-2024T14:33:10 - [MESSAGE][PASSED] - Object: 'Object Repository/Выручка в рублях/3 квартал 2024' is clicked on

08-11-2024T14:33:10 - [TEST_STEP][PASSED] - click(findTestObject("Выручка в рублях/Применить в фильтре Дата")): Object: 'Object Repository/Выручка в рублях/Применить в фильтре Дата' is clicked on

08-11-2024T14:33:11 - [MESSAGE][PASSED] - Object: 'Object Repository/Выручка в рублях/Применить в фильтре Дата' is clicked on

08-11-2024T14:33:11 - [TEST_STEP][PASSED] - scrollToElement(findTestObject("Выручка в рублях/Заголовок дашборда"), 30): Scroll to object 'Object Repository/Выручка в рублях/Заголовок дашборда' successfully

08-11-2024T14:33:12 - [MESSAGE][PASSED] - Scroll to object 'Object Repository/Выручка в рублях/Заголовок дашборда' successfully

08-11-2024T14:33:12 - [TEST_STEP][PASSED] - delay(65): Delayed 65 second(s)

08-11-2024T14:34:17 - [MESSAGE][PASSED] - Delayed 65 second(s)

08-11-2024T14:34:17 - [TEST_STEP][PASSED] - a5 = "": null

08-11-2024T14:34:17 - [TEST_STEP][PASSED] - a6 = "": null

08-11-2024T14:34:17 - [TEST_STEP][PASSED] - a7 = "": null

08-11-2024T14:34:17 - [TEST_STEP][PASSED] - a8 = "": null

08-11-2024T14:34:17 - [TEST_STEP][PASSED] - a9 = "": null

08-11-2024T14:34:17 - [TEST_STEP][PASSED] - if (run == 1): null

08-11-2024T14:34:17 - [TEST_STEP][PASSED] - user = "админ": null

08-11-2024T14:34:17 - [TEST_STEP][PASSED] - a1 = getText(findTestObject("Выручка в рублях/График План")): Text of object 'Object Repository/Выручка в рублях/График План' is: '1 056 816'

08-11-2024T14:34:18 - [MESSAGE][PASSED] - Text of object 'Object Repository/Выручка в рублях/График План' is: '1 056 816'

08-11-2024T14:34:18 - [TEST_STEP][PASSED] - a2 = getText(findTestObject("Выручка в рублях/График Факт")): Text of object 'Object Repository/Выручка в рублях/График Факт' is: '1 056 549'

08-11-2024T14:34:18 - [MESSAGE][PASSED] - Text of object 'Object Repository/Выручка в рублях/График Факт' is: '1 056 549'

08-11-2024T14:34:18 - [TEST_STEP][PASSED] - a3 = getText(findTestObject("Выручка в рублях/График Отклонение выручки")): Text of object 'Object Repository/Выручка в рублях/График Отклонение выручки' is: 'Период
1, 2, 3 кв. 2024 года
Выручка
Все
Выполнение плановых показателей по ПАО Россети за 1, 2, 3 кв. 2024 года
План
Факт
Динамика
2024 год
0 млн.руб.
100 000 млн.руб.
200 000 млн.руб.
300 000 млн.руб.
400 000 млн.руб.
500 000 млн.руб.
600 000 млн.руб.
700 000 млн.руб.
800 000 млн.руб.
900 000 млн.руб.
1 000 000 млн.руб.
1 100 000 млн.руб.
1 200 000 млн.руб.
1 300 000 млн.руб.
1 056 816
1 056 549
↓
ДЗО 
Все
Внутренний оборот - выручка за услуги по передаче электрической энергии, учтенная в выручке за электроэнергию для конечных потребителей, при выполнении ДЗО функций гарантирующего поставщика
Подписи данных
⬤Отклонение
АО «Тываэнерго»
АО «Чеченэнерго»
Россети Волга
Россети Кубань
Россети Ленэнерго (ГК)
Россети Московский регион
Россети Северный Кавказ (ГК)
Россети Северо-Запад
Россети Сибирь (ГК)
Россети Томск
Россети Тюмень
Россети Урал (ГК)
Россети ФСК ЕЭС
Россети Центр
Россети Центр и Приволжье (ГК)
Россети Юг (ГК)
Россети Янтарь
-25 000млн.руб.
-20 000млн.руб.
-15 000млн.руб.
-10 000млн.руб.
-5 000млн.руб.
0млн.руб.
5 000млн.руб.
10 …
-30 000млн.руб.
239
68
25
3 470
3 855
6 900
821
839
2 116
213
-4 312
1 715
-25 094
3 410
3 873
1 315
277
млн.
%
Выручка
Отклонение выручки по ПАО Россети за 1, 2, 3 кв. 2024 года (факт/план, млн. руб)
ПАО Россети
-267.6 млн.руб.
 '

08-11-2024T14:34:19 - [MESSAGE][PASSED] - Text of object 'Object Repository/Выручка в рублях/График Отклонение выручки' is: 'Период
1, 2, 3 кв. 2024 года
Выручка
Все
Выполнение плановых показателей по ПАО Россети за 1, 2, 3 кв. 2024 года
План
Факт
Динамика
2024 год
0 млн.руб.
100 000 млн.руб.
200 000 млн.руб.
300 000 млн.руб.
400 000 млн.руб.
500 000 млн.руб.
600 000 млн.руб.
700 000 млн.руб.
800 000 млн.руб.
900 000 млн.руб.
1 000 000 млн.руб.
1 100 000 млн.руб.
1 200 000 млн.руб.
1 300 000 млн.руб.
1 056 816
1 056 549
↓
ДЗО 
Все
Внутренний оборот - выручка за услуги по передаче электрической энергии, учтенная в выручке за электроэнергию для конечных потребителей, при выполнении ДЗО функций гарантирующего поставщика
Подписи данных
⬤Отклонение
АО «Тываэнерго»
АО «Чеченэнерго»
Россети Волга
Россети Кубань
Россети Ленэнерго (ГК)
Россети Московский регион
Россети Северный Кавказ (ГК)
Россети Северо-Запад
Россети Сибирь (ГК)
Россети Томск
Россети Тюмень
Россети Урал (ГК)
Россети ФСК ЕЭС
Россети Центр
Россети Центр и Приволжье (ГК)
Россети Юг (ГК)
Россети Янтарь
-25 000млн.руб.
-20 000млн.руб.
-15 000млн.руб.
-10 000млн.руб.
-5 000млн.руб.
0млн.руб.
5 000млн.руб.
10 …
-30 000млн.руб.
239
68
25
3 470
3 855
6 900
821
839
2 116
213
-4 312
1 715
-25 094
3 410
3 873
1 315
277
млн.
%
Выручка
Отклонение выручки по ПАО Россети за 1, 2, 3 кв. 2024 года (факт/план, млн. руб)
ПАО Россети
-267.6 млн.руб.
 '

08-11-2024T14:34:19 - [TEST_STEP][PASSED] - a3 = a3.substring(a3.lastIndexOf("Отклонение")): null

08-11-2024T14:34:19 - [TEST_STEP][PASSED] - click(findTestObject("Выручка в рублях/Переключить отображение с млн на проценты Выручка в рублях")): Object: 'Object Repository/Выручка в рублях/Переключить отображение с млн на проценты Выручка в рублях' is clicked on

08-11-2024T14:34:19 - [MESSAGE][PASSED] - Object: 'Object Repository/Выручка в рублях/Переключить отображение с млн на проценты Выручка в рублях' is clicked on

08-11-2024T14:34:19 - [TEST_STEP][PASSED] - a4 = getText(findTestObject("Выручка в рублях/График Отклонение выручки")): Text of object 'Object Repository/Выручка в рублях/График Отклонение выручки' is: 'Период
1, 2, 3 кв. 2024 года
Выручка
Все
Выполнение плановых показателей по ПАО Россети за 1, 2, 3 кв. 2024 года
План
Факт
Динамика
2024 год
0 млн.руб.
100 000 млн.руб.
200 000 млн.руб.
300 000 млн.руб.
400 000 млн.руб.
500 000 млн.руб.
600 000 млн.руб.
700 000 млн.руб.
800 000 млн.руб.
900 000 млн.руб.
1 000 000 млн.руб.
1 100 000 млн.руб.
1 200 000 млн.руб.
1 300 000 млн.руб.
1 056 816
1 056 549
↓
ДЗО 
Все
Отклонение выручки по ПАО Россети за 1, 2, 3 кв. 2024 года (факт/план, %)
ПАО Россети
-25.75 %
Внутренний оборот - выручка за услуги по передаче электрической энергии, учтенная в выручке за электроэнергию для конечных потребителей, при выполнении ДЗО функций гарантирующего поставщика
⬤Отклонение
АО «Тываэнерго»
АО «Чеченэнерго»
Россети Волга
Россети Кубань
Россети Ленэнерго (ГК)
Россети Московский регион
Россети Северный Кавказ (ГК)
Россети Северо-Запад
Россети Сибирь (ГК)
Россети Томск
Россети Тюмень
Россети Урал (ГК)
Россети ФСК ЕЭС
Россети Центр
Россети Центр и Приволжье (ГК)
Россети Юг (ГК)
Россети Янтарь
-60 %
-50 %
-40 %
-30 %
-20 %
-10 %
0 %
10 %
20 %
30 %
17.34 %
-48.99 %
-49.98 %
-46.94 %
-47.39 %
4.51 %
-49.02 %
2.16 %
4.15 %
-48.47 %
-53.49 %
2.23 %
-10.91 %
-30.67 %
4.25 %
-48.3 %
3.93 %
Подписи данных
млн.
%
Выручка
 '

08-11-2024T14:34:19 - [MESSAGE][PASSED] - Text of object 'Object Repository/Выручка в рублях/График Отклонение выручки' is: 'Период
1, 2, 3 кв. 2024 года
Выручка
Все
Выполнение плановых показателей по ПАО Россети за 1, 2, 3 кв. 2024 года
План
Факт
Динамика
2024 год
0 млн.руб.
100 000 млн.руб.
200 000 млн.руб.
300 000 млн.руб.
400 000 млн.руб.
500 000 млн.руб.
600 000 млн.руб.
700 000 млн.руб.
800 000 млн.руб.
900 000 млн.руб.
1 000 000 млн.руб.
1 100 000 млн.руб.
1 200 000 млн.руб.
1 300 000 млн.руб.
1 056 816
1 056 549
↓
ДЗО 
Все
Отклонение выручки по ПАО Россети за 1, 2, 3 кв. 2024 года (факт/план, %)
ПАО Россети
-25.75 %
Внутренний оборот - выручка за услуги по передаче электрической энергии, учтенная в выручке за электроэнергию для конечных потребителей, при выполнении ДЗО функций гарантирующего поставщика
⬤Отклонение
АО «Тываэнерго»
АО «Чеченэнерго»
Россети Волга
Россети Кубань
Россети Ленэнерго (ГК)
Россети Московский регион
Россети Северный Кавказ (ГК)
Россети Северо-Запад
Россети Сибирь (ГК)
Россети Томск
Россети Тюмень
Россети Урал (ГК)
Россети ФСК ЕЭС
Россети Центр
Россети Центр и Приволжье (ГК)
Россети Юг (ГК)
Россети Янтарь
-60 %
-50 %
-40 %
-30 %
-20 %
-10 %
0 %
10 %
20 %
30 %
17.34 %
-48.99 %
-49.98 %
-46.94 %
-47.39 %
4.51 %
-49.02 %
2.16 %
4.15 %
-48.47 %
-53.49 %
2.23 %
-10.91 %
-30.67 %
4.25 %
-48.3 %
3.93 %
Подписи данных
млн.
%
Выручка
 '

08-11-2024T14:34:19 - [TEST_STEP][PASSED] - a4 = a4.substring(a4.lastIndexOf("Отклонение")): null

08-11-2024T14:34:19 - [TEST_STEP][PASSED] - click(findTestObject("Выручка в рублях/Переключить отображение с процентов на млн Выручка в рублях")): Object: 'Object Repository/Выручка в рублях/Переключить отображение с процентов на млн Выручка в рублях' is clicked on

08-11-2024T14:34:20 - [MESSAGE][PASSED] - Object: 'Object Repository/Выручка в рублях/Переключить отображение с процентов на млн Выручка в рублях' is clicked on

08-11-2024T14:34:20 - [TEST_STEP][PASSED] - n = n + 3: null

08-11-2024T14:34:20 - [TEST_STEP][PASSED] - Script1686231490255.WriteToExcel(user, dashboardName, n, data, run, a1, a2, a3, a4, a5, a6, a7, a8, a9): null

08-11-2024T14:34:20 - [TEST_STEP][PASSED] - sheetName = "Sheet1": null

08-11-2024T14:34:20 - [TEST_STEP][PASSED] - workbook01 = getWorkbook(excelFilePath): null

08-11-2024T14:34:20 - [TEST_STEP][PASSED] - sheet01 = getExcelSheet(workbook01, sheetName): null

08-11-2024T14:34:20 - [TEST_STEP][PASSED] - setValueToCellByIndex(sheet01, n, 0, dashboardName): null

08-11-2024T14:34:20 - [TEST_STEP][PASSED] - setValueToCellByIndex(sheet01, n, 10, user): null

08-11-2024T14:34:20 - [TEST_STEP][PASSED] - setValueToCellByIndex(sheet01, n, 1, a1): null

08-11-2024T14:34:20 - [TEST_STEP][PASSED] - setValueToCellByIndex(sheet01, n, 2, a2): null

08-11-2024T14:34:20 - [TEST_STEP][PASSED] - setValueToCellByIndex(sheet01, n, 3, a3): null

08-11-2024T14:34:20 - [TEST_STEP][PASSED] - setValueToCellByIndex(sheet01, n, 4, a4): null

08-11-2024T14:34:20 - [TEST_STEP][PASSED] - setValueToCellByIndex(sheet01, n, 5, a5): null

08-11-2024T14:34:20 - [TEST_STEP][PASSED] - setValueToCellByIndex(sheet01, n, 6, a6): null

08-11-2024T14:34:20 - [TEST_STEP][PASSED] - setValueToCellByIndex(sheet01, n, 7, a7): null

08-11-2024T14:34:20 - [TEST_STEP][PASSED] - setValueToCellByIndex(sheet01, n, 8, a8): null

08-11-2024T14:34:20 - [TEST_STEP][PASSED] - setValueToCellByIndex(sheet01, n, 9, a9): null

08-11-2024T14:34:20 - [TEST_STEP][PASSED] - n = n + 1: null

08-11-2024T14:34:20 - [TEST_STEP][PASSED] - saveWorkbook(excelFilePath, workbook01): null

08-11-2024T14:34:20 - [TEST_STEP][PASSED] - if (run == 2): null

08-11-2024T14:34:20 - [TEST_STEP][PASSED] - if (run == 3): null

08-11-2024T14:34:20 - [TEST_STEP][PASSED] - closeBrowser(): null

08-11-2024T14:34:20 - [MESSAGE][PASSED] - Browser is closed

08-11-2024T14:34:20 - [TEST_STEP][PASSED] - ViruchkaVRublyah(user, dashboardName, n, data, run, a1, a2, a3, a4, a5, a6, a7, a8, a9, urlData): null

08-11-2024T14:34:20 - [TEST_STEP][PASSED] - n = data.getRowNumbers() + 1: null

08-11-2024T14:34:20 - [TEST_STEP][PASSED] - println(n): null

08-11-2024T14:34:20 - [TEST_STEP][PASSED] - dashboardName = "Вырука в рублях": null

08-11-2024T14:34:20 - [TEST_STEP][PASSED] - openBrowser(""): Browser is opened with url: ''

08-11-2024T14:34:20 - [MESSAGE][INFO] - Starting 'Chrome' driver

08-11-2024T14:34:20 - [MESSAGE][INFO] - Action delay is set to 0 milliseconds

08-11-2024T14:34:21 - [MESSAGE][PASSED] - Browser is opened with url: ''

08-11-2024T14:34:21 - [TEST_STEP][PASSED] - urlData = 2: null

08-11-2024T14:34:21 - [TEST_STEP][PASSED] - Script1686231490255.CheckPageDownload(urlData, run): null

08-11-2024T14:34:21 - [TEST_STEP][PASSED] - i = 1: null

08-11-2024T14:34:21 - [TEST_STEP][PASSED] - ii = 0: null

08-11-2024T14:34:21 - [TEST_STEP][PASSED] - urlText = <not implemented yet for class: org.codehaus.groovy.ast.expr.EmptyExpression>: null

08-11-2024T14:34:21 - [TEST_STEP][PASSED] - searchWord = <not implemented yet for class: org.codehaus.groovy.ast.expr.EmptyExpression>: null

08-11-2024T14:34:21 - [TEST_STEP][PASSED] - deleteAllCookies(): Delete all cookies successfully

08-11-2024T14:34:21 - [MESSAGE][PASSED] - Delete all cookies successfully

08-11-2024T14:34:21 - [TEST_STEP][PASSED] - refresh(): Refresh successfully

08-11-2024T14:34:21 - [MESSAGE][PASSED] - Refresh successfully

08-11-2024T14:34:21 - [TEST_STEP][PASSED] - delay(65): Delayed 65 second(s)

08-11-2024T14:35:26 - [MESSAGE][PASSED] - Delayed 65 second(s)

08-11-2024T14:35:26 - [TEST_STEP][PASSED] - navigateToUrl(findTestData("PlanFact").getValue(10, urlData)): Navigate to 'https://bi.rosseti.digital/viewer?dashboardGuid=2301950b23be4ed89c1df75f2020051e&sheetGuid=b723206f698544fb87299f3095c00435&fit=true' successfully

08-11-2024T14:35:36 - [MESSAGE][PASSED] - Navigate to 'https://bi.rosseti.digital/viewer?dashboardGuid=2301950b23be4ed89c1df75f2020051e&sheetGuid=b723206f698544fb87299f3095c00435&fit=true' successfully

08-11-2024T14:35:36 - [TEST_STEP][PASSED] - pageLoaded1 = verifyElementPresent(findTestObject("Страница авторизации/Text"), 30): Object 'Object Repository/Страница авторизации/Text' is present

08-11-2024T14:35:36 - [MESSAGE][PASSED] - Object 'Object Repository/Страница авторизации/Text' is present

08-11-2024T14:35:36 - [TEST_STEP][PASSED] - if (pageLoaded1 == false): null

08-11-2024T14:35:36 - [TEST_STEP][PASSED] - urlText = getText(findTestObject("Страница авторизации/Text")): Text of object 'Object Repository/Страница авторизации/Text' is: 'Вход'

08-11-2024T14:35:37 - [MESSAGE][PASSED] - Text of object 'Object Repository/Страница авторизации/Text' is: 'Вход'

08-11-2024T14:35:37 - [TEST_STEP][PASSED] - delay(65): Delayed 65 second(s)

08-11-2024T14:36:42 - [MESSAGE][PASSED] - Delayed 65 second(s)

08-11-2024T14:36:42 - [TEST_STEP][PASSED] - searchWord = "Вход": null

08-11-2024T14:36:42 - [TEST_STEP][PASSED] - if (urlText.contains(searchWord) == false): null

08-11-2024T14:36:42 - [TEST_STEP][PASSED] - setText(findTestObject("Страница авторизации/input__username"), findTestData("PlanFact").getValue(8, run)): Text 'Andreeva-EV' is set on object 'Object Repository/Страница авторизации/input__username'

08-11-2024T14:36:42 - [MESSAGE][PASSED] - Text 'Andreeva-EV' is set on object 'Object Repository/Страница авторизации/input__username'

08-11-2024T14:36:42 - [TEST_STEP][PASSED] - setText(findTestObject("Страница авторизации/input__password"), findTestData("PlanFact").getValue(9, run)): Text '2nPePKDwCPH3ul7xMZ' is set on object 'Object Repository/Страница авторизации/input__password'

08-11-2024T14:36:43 - [MESSAGE][PASSED] - Text '2nPePKDwCPH3ul7xMZ' is set on object 'Object Repository/Страница авторизации/input__password'

08-11-2024T14:36:43 - [TEST_STEP][PASSED] - click(findTestObject("Страница авторизации/button_")): Object: 'Object Repository/Страница авторизации/button_' is clicked on

08-11-2024T14:36:46 - [MESSAGE][PASSED] - Object: 'Object Repository/Страница авторизации/button_' is clicked on

08-11-2024T14:36:46 - [TEST_STEP][PASSED] - delay(65): Delayed 65 second(s)

08-11-2024T14:37:51 - [MESSAGE][PASSED] - Delayed 65 second(s)

08-11-2024T14:37:51 - [TEST_STEP][PASSED] - searchWord = "а": null

08-11-2024T14:37:51 - [TEST_STEP][PASSED] - pageLoaded2 = verifyElementPresent(findTestObject("Страница авторизации/Text"), 50): Object 'Object Repository/Страница авторизации/Text' is present

08-11-2024T14:37:52 - [MESSAGE][PASSED] - Object 'Object Repository/Страница авторизации/Text' is present

08-11-2024T14:37:52 - [TEST_STEP][PASSED] - if (pageLoaded2 == false): null

08-11-2024T14:37:52 - [TEST_STEP][PASSED] - urlText = getText(findTestObject("Страница авторизации/Text")): Text of object 'Object Repository/Страница авторизации/Text' is: 'Период
1, 2, 3 кв. 2024 года
Выручка
Все
Выполнение плановых показателей по ПАО Россети за 1, 2, 3 кв. 2024 года
План
Факт
Динамика
2024 год
0 млн.руб.
100 000 млн.руб.
200 000 млн.руб.
300 000 млн.руб.
400 000 млн.руб.
500 000 млн.руб.
600 000 млн.руб.
700 000 млн.руб.
800 000 млн.руб.
900 000 млн.руб.
1 000 000 млн.руб.
1 100 000 млн.руб.
1 200 000 млн.руб.
1 300 000 млн.руб.
1 056 816
1 056 549
↓
ДЗО 
Все
Внутренний оборот - выручка за услуги по передаче электрической энергии, учтенная в выручке за электроэнергию для конечных потребителей, при выполнении ДЗО функций гарантирующего поставщика
Подписи данных
⬤Отклонение
АО «Тываэнерго»
АО «Чеченэнерго»
Россети Волга
Россети Кубань
Россети Ленэнерго (ГК)
Россети Московский регион
Россети Северный Кавказ (ГК)
Россети Северо-Запад
Россети Сибирь (ГК)
Россети Томск
Россети Тюмень
Россети Урал (ГК)
Россети ФСК ЕЭС
Россети Центр
Россети Центр и Приволжье (ГК)
Россети Юг (ГК)
Россети Янтарь
-25 000млн.руб.
-20 000млн.руб.
-15 000млн.руб.
-10 000млн.руб.
-5 000млн.руб.
0млн.руб.
5 000млн.руб.
10 …
-30 000млн.руб.
239
68
25
3 470
3 855
6 900
821
839
2 116
213
-4 312
1 715
-25 094
3 410
3 873
1 315
277
млн.
%
Выручка
Отклонение выручки по ПАО Россети за 1, 2, 3 кв. 2024 года (факт/план, млн. руб)
ПАО Россети
-267.6 млн.руб.
 '

08-11-2024T14:37:52 - [MESSAGE][PASSED] - Text of object 'Object Repository/Страница авторизации/Text' is: 'Период
1, 2, 3 кв. 2024 года
Выручка
Все
Выполнение плановых показателей по ПАО Россети за 1, 2, 3 кв. 2024 года
План
Факт
Динамика
2024 год
0 млн.руб.
100 000 млн.руб.
200 000 млн.руб.
300 000 млн.руб.
400 000 млн.руб.
500 000 млн.руб.
600 000 млн.руб.
700 000 млн.руб.
800 000 млн.руб.
900 000 млн.руб.
1 000 000 млн.руб.
1 100 000 млн.руб.
1 200 000 млн.руб.
1 300 000 млн.руб.
1 056 816
1 056 549
↓
ДЗО 
Все
Внутренний оборот - выручка за услуги по передаче электрической энергии, учтенная в выручке за электроэнергию для конечных потребителей, при выполнении ДЗО функций гарантирующего поставщика
Подписи данных
⬤Отклонение
АО «Тываэнерго»
АО «Чеченэнерго»
Россети Волга
Россети Кубань
Россети Ленэнерго (ГК)
Россети Московский регион
Россети Северный Кавказ (ГК)
Россети Северо-Запад
Россети Сибирь (ГК)
Россети Томск
Россети Тюмень
Россети Урал (ГК)
Россети ФСК ЕЭС
Россети Центр
Россети Центр и Приволжье (ГК)
Россети Юг (ГК)
Россети Янтарь
-25 000млн.руб.
-20 000млн.руб.
-15 000млн.руб.
-10 000млн.руб.
-5 000млн.руб.
0млн.руб.
5 000млн.руб.
10 …
-30 000млн.руб.
239
68
25
3 470
3 855
6 900
821
839
2 116
213
-4 312
1 715
-25 094
3 410
3 873
1 315
277
млн.
%
Выручка
Отклонение выручки по ПАО Россети за 1, 2, 3 кв. 2024 года (факт/план, млн. руб)
ПАО Россети
-267.6 млн.руб.
 '

08-11-2024T14:37:52 - [TEST_STEP][PASSED] - if (urlText.contains("ошибка") || urlText.contains(searchWord) == false): null

08-11-2024T14:37:52 - [TEST_STEP][PASSED] - click(findTestObject("Выручка в рублях/Фильтр Период")): Object: 'Object Repository/Выручка в рублях/Фильтр Период' is clicked on

08-11-2024T14:37:53 - [MESSAGE][PASSED] - Object: 'Object Repository/Выручка в рублях/Фильтр Период' is clicked on

08-11-2024T14:37:53 - [TEST_STEP][PASSED] - click(findTestObject("Выручка в рублях/Снять выделение в фильтре Дата")): Object: 'Object Repository/Выручка в рублях/Снять выделение в фильтре Дата' is clicked on

08-11-2024T14:37:53 - [MESSAGE][PASSED] - Object: 'Object Repository/Выручка в рублях/Снять выделение в фильтре Дата' is clicked on

08-11-2024T14:37:53 - [TEST_STEP][PASSED] - click(findTestObject("Выручка в рублях/Применить в фильтре Дата")): Object: 'Object Repository/Выручка в рублях/Применить в фильтре Дата' is clicked on

08-11-2024T14:37:54 - [MESSAGE][PASSED] - Object: 'Object Repository/Выручка в рублях/Применить в фильтре Дата' is clicked on

08-11-2024T14:37:54 - [TEST_STEP][PASSED] - click(findTestObject("Выручка в рублях/Фильтр Период")): Object: 'Object Repository/Выручка в рублях/Фильтр Период' is clicked on

08-11-2024T14:37:56 - [MESSAGE][PASSED] - Object: 'Object Repository/Выручка в рублях/Фильтр Период' is clicked on

08-11-2024T14:37:56 - [TEST_STEP][PASSED] - click(findTestObject("Выручка в рублях/Снять выделение в фильтре Дата")): Object: 'Object Repository/Выручка в рублях/Снять выделение в фильтре Дата' is clicked on

08-11-2024T14:37:57 - [MESSAGE][PASSED] - Object: 'Object Repository/Выручка в рублях/Снять выделение в фильтре Дата' is clicked on

08-11-2024T14:37:57 - [TEST_STEP][PASSED] - scrollToElement(findTestObject("Выручка в рублях/2024 список"), 30): Scroll to object 'Object Repository/Выручка в рублях/2024 список' successfully

08-11-2024T14:37:57 - [MESSAGE][PASSED] - Scroll to object 'Object Repository/Выручка в рублях/2024 список' successfully

08-11-2024T14:37:57 - [TEST_STEP][PASSED] - click(findTestObject("Выручка в рублях/2024 список")): Object: 'Object Repository/Выручка в рублях/2024 список' is clicked on

08-11-2024T14:37:58 - [MESSAGE][PASSED] - Object: 'Object Repository/Выручка в рублях/2024 список' is clicked on

08-11-2024T14:37:58 - [TEST_STEP][PASSED] - scrollToElement(findTestObject("Выручка в рублях/1 квартал 2024 выбрать"), 30): Scroll to object 'Object Repository/Выручка в рублях/1 квартал 2024 выбрать' successfully

08-11-2024T14:37:58 - [MESSAGE][PASSED] - Scroll to object 'Object Repository/Выручка в рублях/1 квартал 2024 выбрать' successfully

08-11-2024T14:37:58 - [TEST_STEP][PASSED] - click(findTestObject("Выручка в рублях/1 квартал 2024 выбрать"), CONTINUE_ON_FAILURE): Object: 'Object Repository/Выручка в рублях/1 квартал 2024 выбрать' is clicked on

08-11-2024T14:37:58 - [MESSAGE][PASSED] - Object: 'Object Repository/Выручка в рублях/1 квартал 2024 выбрать' is clicked on

08-11-2024T14:37:58 - [TEST_STEP][PASSED] - scrollToElement(findTestObject("Выручка в рублях/2 квартал 2024 выбрать"), 30): Scroll to object 'Object Repository/Выручка в рублях/2 квартал 2024 выбрать' successfully

08-11-2024T14:37:59 - [MESSAGE][PASSED] - Scroll to object 'Object Repository/Выручка в рублях/2 квартал 2024 выбрать' successfully

08-11-2024T14:37:59 - [TEST_STEP][PASSED] - click(findTestObject("Выручка в рублях/2 квартал 2024 выбрать")): Object: 'Object Repository/Выручка в рублях/2 квартал 2024 выбрать' is clicked on

08-11-2024T14:37:59 - [MESSAGE][PASSED] - Object: 'Object Repository/Выручка в рублях/2 квартал 2024 выбрать' is clicked on

08-11-2024T14:37:59 - [TEST_STEP][PASSED] - scrollToElement(findTestObject("Выручка в рублях/3 квартал 2024 список"), 30): Scroll to object 'Object Repository/Выручка в рублях/3 квартал 2024 список' successfully

08-11-2024T14:38:00 - [MESSAGE][PASSED] - Scroll to object 'Object Repository/Выручка в рублях/3 квартал 2024 список' successfully

08-11-2024T14:38:00 - [TEST_STEP][PASSED] - click(findTestObject("Выручка в рублях/3 квартал 2024"), CONTINUE_ON_FAILURE): Object: 'Object Repository/Выручка в рублях/3 квартал 2024' is clicked on

08-11-2024T14:38:00 - [MESSAGE][PASSED] - Object: 'Object Repository/Выручка в рублях/3 квартал 2024' is clicked on

08-11-2024T14:38:00 - [TEST_STEP][PASSED] - click(findTestObject("Выручка в рублях/Применить в фильтре Дата")): Object: 'Object Repository/Выручка в рублях/Применить в фильтре Дата' is clicked on

08-11-2024T14:38:01 - [MESSAGE][PASSED] - Object: 'Object Repository/Выручка в рублях/Применить в фильтре Дата' is clicked on

08-11-2024T14:38:01 - [TEST_STEP][PASSED] - scrollToElement(findTestObject("Выручка в рублях/Заголовок дашборда"), 30): Scroll to object 'Object Repository/Выручка в рублях/Заголовок дашборда' successfully

08-11-2024T14:38:03 - [MESSAGE][PASSED] - Scroll to object 'Object Repository/Выручка в рублях/Заголовок дашборда' successfully

08-11-2024T14:38:03 - [TEST_STEP][PASSED] - delay(65): Delayed 65 second(s)

08-11-2024T14:39:08 - [MESSAGE][PASSED] - Delayed 65 second(s)

08-11-2024T14:39:08 - [TEST_STEP][PASSED] - a5 = "": null

08-11-2024T14:39:08 - [TEST_STEP][PASSED] - a6 = "": null

08-11-2024T14:39:08 - [TEST_STEP][PASSED] - a7 = "": null

08-11-2024T14:39:08 - [TEST_STEP][PASSED] - a8 = "": null

08-11-2024T14:39:08 - [TEST_STEP][PASSED] - a9 = "": null

08-11-2024T14:39:08 - [TEST_STEP][PASSED] - if (run == 1): null

08-11-2024T14:39:08 - [TEST_STEP][PASSED] - if (run == 2): null

08-11-2024T14:39:08 - [TEST_STEP][PASSED] - user = "Андреева": null

08-11-2024T14:39:08 - [TEST_STEP][PASSED] - a1 = getText(findTestObject("Выручка в рублях/График План")): Text of object 'Object Repository/Выручка в рублях/График План' is: '1 056 816'

08-11-2024T14:39:08 - [MESSAGE][PASSED] - Text of object 'Object Repository/Выручка в рублях/График План' is: '1 056 816'

08-11-2024T14:39:08 - [TEST_STEP][PASSED] - a2 = getText(findTestObject("Выручка в рублях/График Факт")): Text of object 'Object Repository/Выручка в рублях/График Факт' is: '1 056 549'

08-11-2024T14:39:08 - [MESSAGE][PASSED] - Text of object 'Object Repository/Выручка в рублях/График Факт' is: '1 056 549'

08-11-2024T14:39:08 - [TEST_STEP][PASSED] - a3 = getText(findTestObject("Выручка в рублях/График Отклонение выручки")): Text of object 'Object Repository/Выручка в рублях/График Отклонение выручки' is: 'Период
1, 2, 3 кв. 2024 года
Выручка
Все
Выполнение плановых показателей по ПАО Россети за 1, 2, 3 кв. 2024 года
План
Факт
Динамика
2024 год
0 млн.руб.
100 000 млн.руб.
200 000 млн.руб.
300 000 млн.руб.
400 000 млн.руб.
500 000 млн.руб.
600 000 млн.руб.
700 000 млн.руб.
800 000 млн.руб.
900 000 млн.руб.
1 000 000 млн.руб.
1 100 000 млн.руб.
1 200 000 млн.руб.
1 300 000 млн.руб.
1 056 816
1 056 549
↓
ДЗО 
Все
Внутренний оборот - выручка за услуги по передаче электрической энергии, учтенная в выручке за электроэнергию для конечных потребителей, при выполнении ДЗО функций гарантирующего поставщика
Подписи данных
⬤Отклонение
АО «Тываэнерго»
АО «Чеченэнерго»
Россети Волга
Россети Кубань
Россети Ленэнерго (ГК)
Россети Московский регион
Россети Северный Кавказ (ГК)
Россети Северо-Запад
Россети Сибирь (ГК)
Россети Томск
Россети Тюмень
Россети Урал (ГК)
Россети ФСК ЕЭС
Россети Центр
Россети Центр и Приволжье (ГК)
Россети Юг (ГК)
Россети Янтарь
-25 000млн.руб.
-20 000млн.руб.
-15 000млн.руб.
-10 000млн.руб.
-5 000млн.руб.
0млн.руб.
5 000млн.руб.
10 …
-30 000млн.руб.
239
68
25
3 470
3 855
6 900
821
839
2 116
213
-4 312
1 715
-25 094
3 410
3 873
1 315
277
млн.
%
Выручка
Отклонение выручки по ПАО Россети за 1, 2, 3 кв. 2024 года (факт/план, млн. руб)
ПАО Россети
-267.6 млн.руб.
 '

08-11-2024T14:39:09 - [MESSAGE][PASSED] - Text of object 'Object Repository/Выручка в рублях/График Отклонение выручки' is: 'Период
1, 2, 3 кв. 2024 года
Выручка
Все
Выполнение плановых показателей по ПАО Россети за 1, 2, 3 кв. 2024 года
План
Факт
Динамика
2024 год
0 млн.руб.
100 000 млн.руб.
200 000 млн.руб.
300 000 млн.руб.
400 000 млн.руб.
500 000 млн.руб.
600 000 млн.руб.
700 000 млн.руб.
800 000 млн.руб.
900 000 млн.руб.
1 000 000 млн.руб.
1 100 000 млн.руб.
1 200 000 млн.руб.
1 300 000 млн.руб.
1 056 816
1 056 549
↓
ДЗО 
Все
Внутренний оборот - выручка за услуги по передаче электрической энергии, учтенная в выручке за электроэнергию для конечных потребителей, при выполнении ДЗО функций гарантирующего поставщика
Подписи данных
⬤Отклонение
АО «Тываэнерго»
АО «Чеченэнерго»
Россети Волга
Россети Кубань
Россети Ленэнерго (ГК)
Россети Московский регион
Россети Северный Кавказ (ГК)
Россети Северо-Запад
Россети Сибирь (ГК)
Россети Томск
Россети Тюмень
Россети Урал (ГК)
Россети ФСК ЕЭС
Россети Центр
Россети Центр и Приволжье (ГК)
Россети Юг (ГК)
Россети Янтарь
-25 000млн.руб.
-20 000млн.руб.
-15 000млн.руб.
-10 000млн.руб.
-5 000млн.руб.
0млн.руб.
5 000млн.руб.
10 …
-30 000млн.руб.
239
68
25
3 470
3 855
6 900
821
839
2 116
213
-4 312
1 715
-25 094
3 410
3 873
1 315
277
млн.
%
Выручка
Отклонение выручки по ПАО Россети за 1, 2, 3 кв. 2024 года (факт/план, млн. руб)
ПАО Россети
-267.6 млн.руб.
 '

08-11-2024T14:39:09 - [TEST_STEP][PASSED] - a3 = a3.substring(a3.lastIndexOf("Отклонение")): null

08-11-2024T14:39:09 - [TEST_STEP][PASSED] - click(findTestObject("Выручка в рублях/Переключить отображение с млн на проценты Выручка в рублях")): Object: 'Object Repository/Выручка в рублях/Переключить отображение с млн на проценты Выручка в рублях' is clicked on

08-11-2024T14:39:09 - [MESSAGE][PASSED] - Object: 'Object Repository/Выручка в рублях/Переключить отображение с млн на проценты Выручка в рублях' is clicked on

08-11-2024T14:39:09 - [TEST_STEP][PASSED] - a4 = getText(findTestObject("Выручка в рублях/График Отклонение выручки")): Text of object 'Object Repository/Выручка в рублях/График Отклонение выручки' is: 'Период
1, 2, 3 кв. 2024 года
Выручка
Все
Выполнение плановых показателей по ПАО Россети за 1, 2, 3 кв. 2024 года
План
Факт
Динамика
2024 год
0 млн.руб.
100 000 млн.руб.
200 000 млн.руб.
300 000 млн.руб.
400 000 млн.руб.
500 000 млн.руб.
600 000 млн.руб.
700 000 млн.руб.
800 000 млн.руб.
900 000 млн.руб.
1 000 000 млн.руб.
1 100 000 млн.руб.
1 200 000 млн.руб.
1 300 000 млн.руб.
1 056 816
1 056 549
↓
ДЗО 
Все
Отклонение выручки по ПАО Россети за 1, 2, 3 кв. 2024 года (факт/план, %)
ПАО Россети
-25.75 %
Внутренний оборот - выручка за услуги по передаче электрической энергии, учтенная в выручке за электроэнергию для конечных потребителей, при выполнении ДЗО функций гарантирующего поставщика
⬤Отклонение
АО «Тываэнерго»
АО «Чеченэнерго»
Россети Волга
Россети Кубань
Россети Ленэнерго (ГК)
Россети Московский регион
Россети Северный Кавказ (ГК)
Россети Северо-Запад
Россети Сибирь (ГК)
Россети Томск
Россети Тюмень
Россети Урал (ГК)
Россети ФСК ЕЭС
Россети Центр
Россети Центр и Приволжье (ГК)
Россети Юг (ГК)
Россети Янтарь
-60 %
-50 %
-40 %
-30 %
-20 %
-10 %
0 %
10 %
20 %
30 %
17.34 %
-48.99 %
-49.98 %
-46.94 %
-47.39 %
4.51 %
-49.02 %
2.16 %
4.15 %
-48.47 %
-53.49 %
2.23 %
-10.91 %
-30.67 %
4.25 %
-48.3 %
3.93 %
Подписи данных
млн.
%
Выручка
 '

08-11-2024T14:39:10 - [MESSAGE][PASSED] - Text of object 'Object Repository/Выручка в рублях/График Отклонение выручки' is: 'Период
1, 2, 3 кв. 2024 года
Выручка
Все
Выполнение плановых показателей по ПАО Россети за 1, 2, 3 кв. 2024 года
План
Факт
Динамика
2024 год
0 млн.руб.
100 000 млн.руб.
200 000 млн.руб.
300 000 млн.руб.
400 000 млн.руб.
500 000 млн.руб.
600 000 млн.руб.
700 000 млн.руб.
800 000 млн.руб.
900 000 млн.руб.
1 000 000 млн.руб.
1 100 000 млн.руб.
1 200 000 млн.руб.
1 300 000 млн.руб.
1 056 816
1 056 549
↓
ДЗО 
Все
Отклонение выручки по ПАО Россети за 1, 2, 3 кв. 2024 года (факт/план, %)
ПАО Россети
-25.75 %
Внутренний оборот - выручка за услуги по передаче электрической энергии, учтенная в выручке за электроэнергию для конечных потребителей, при выполнении ДЗО функций гарантирующего поставщика
⬤Отклонение
АО «Тываэнерго»
АО «Чеченэнерго»
Россети Волга
Россети Кубань
Россети Ленэнерго (ГК)
Россети Московский регион
Россети Северный Кавказ (ГК)
Россети Северо-Запад
Россети Сибирь (ГК)
Россети Томск
Россети Тюмень
Россети Урал (ГК)
Россети ФСК ЕЭС
Россети Центр
Россети Центр и Приволжье (ГК)
Россети Юг (ГК)
Россети Янтарь
-60 %
-50 %
-40 %
-30 %
-20 %
-10 %
0 %
10 %
20 %
30 %
17.34 %
-48.99 %
-49.98 %
-46.94 %
-47.39 %
4.51 %
-49.02 %
2.16 %
4.15 %
-48.47 %
-53.49 %
2.23 %
-10.91 %
-30.67 %
4.25 %
-48.3 %
3.93 %
Подписи данных
млн.
%
Выручка
 '

08-11-2024T14:39:10 - [TEST_STEP][PASSED] - a4 = a4.substring(a4.lastIndexOf("Отклонение")): null

08-11-2024T14:39:10 - [TEST_STEP][PASSED] - click(findTestObject("Выручка в рублях/Переключить отображение с процентов на млн Выручка в рублях")): Object: 'Object Repository/Выручка в рублях/Переключить отображение с процентов на млн Выручка в рублях' is clicked on

08-11-2024T14:39:10 - [MESSAGE][PASSED] - Object: 'Object Repository/Выручка в рублях/Переключить отображение с процентов на млн Выручка в рублях' is clicked on

08-11-2024T14:39:10 - [TEST_STEP][PASSED] - n = n + 4: null

08-11-2024T14:39:10 - [TEST_STEP][PASSED] - b = n - run + 1: null

08-11-2024T14:39:10 - [TEST_STEP][PASSED] - verifyEqual(findTestData("PlanFact").getValue(2, b), a1): Actual object '1 056 816' and expected object '1 056 816' are equal

08-11-2024T14:39:10 - [MESSAGE][PASSED] - Actual object '1 056 816' and expected object '1 056 816' are equal

08-11-2024T14:39:10 - [TEST_STEP][PASSED] - verifyEqual(findTestData("PlanFact").getValue(3, b), a2): Actual object '1 056 549' and expected object '1 056 549' are equal

08-11-2024T14:39:10 - [MESSAGE][PASSED] - Actual object '1 056 549' and expected object '1 056 549' are equal

08-11-2024T14:39:10 - [TEST_STEP][PASSED] - verifyEqual(findTestData("PlanFact").getValue(4, b), a3): Actual object 'Отклонение выручки по ПАО Россети за 1, 2, 3 кв. 2024 года (факт/план, млн. руб)
ПАО Россети
-267.6 млн.руб.
 ' and expected object 'Отклонение выручки по ПАО Россети за 1, 2, 3 кв. 2024 года (факт/план, млн. руб)
ПАО Россети
-267.6 млн.руб.
 ' are equal

08-11-2024T14:39:10 - [MESSAGE][PASSED] - Actual object 'Отклонение выручки по ПАО Россети за 1, 2, 3 кв. 2024 года (факт/план, млн. руб)
ПАО Россети
-267.6 млн.руб.
 ' and expected object 'Отклонение выручки по ПАО Россети за 1, 2, 3 кв. 2024 года (факт/план, млн. руб)
ПАО Россети
-267.6 млн.руб.
 ' are equal

08-11-2024T14:39:10 - [TEST_STEP][PASSED] - verifyEqual(findTestData("PlanFact").getValue(5, b), a4): Actual object 'Отклонение
АО «Тываэнерго»
АО «Чеченэнерго»
Россети Волга
Россети Кубань
Россети Ленэнерго (ГК)
Россети Московский регион
Россети Северный Кавказ (ГК)
Россети Северо-Запад
Россети Сибирь (ГК)
Россети Томск
Россети Тюмень
Россети Урал (ГК)
Россети ФСК ЕЭС
Россети Центр
Россети Центр и Приволжье (ГК)
Россети Юг (ГК)
Россети Янтарь
-60 %
-50 %
-40 %
-30 %
-20 %
-10 %
0 %
10 %
20 %
30 %
17.34 %
-48.99 %
-49.98 %
-46.94 %
-47.39 %
4.51 %
-49.02 %
2.16 %
4.15 %
-48.47 %
-53.49 %
2.23 %
-10.91 %
-30.67 %
4.25 %
-48.3 %
3.93 %
Подписи данных
млн.
%
Выручка
 ' and expected object 'Отклонение
АО «Тываэнерго»
АО «Чеченэнерго»
Россети Волга
Россети Кубань
Россети Ленэнерго (ГК)
Россети Московский регион
Россети Северный Кавказ (ГК)
Россети Северо-Запад
Россети Сибирь (ГК)
Россети Томск
Россети Тюмень
Россети Урал (ГК)
Россети ФСК ЕЭС
Россети Центр
Россети Центр и Приволжье (ГК)
Россети Юг (ГК)
Россети Янтарь
-60 %
-50 %
-40 %
-30 %
-20 %
-10 %
0 %
10 %
20 %
30 %
17.34 %
-48.99 %
-49.98 %
-46.94 %
-47.39 %
4.51 %
-49.02 %
2.16 %
4.15 %
-48.47 %
-53.49 %
2.23 %
-10.91 %
-30.67 %
4.25 %
-48.3 %
3.93 %
Подписи данных
млн.
%
Выручка
 ' are equal

08-11-2024T14:39:10 - [MESSAGE][PASSED] - Actual object 'Отклонение
АО «Тываэнерго»
АО «Чеченэнерго»
Россети Волга
Россети Кубань
Россети Ленэнерго (ГК)
Россети Московский регион
Россети Северный Кавказ (ГК)
Россети Северо-Запад
Россети Сибирь (ГК)
Россети Томск
Россети Тюмень
Россети Урал (ГК)
Россети ФСК ЕЭС
Россети Центр
Россети Центр и Приволжье (ГК)
Россети Юг (ГК)
Россети Янтарь
-60 %
-50 %
-40 %
-30 %
-20 %
-10 %
0 %
10 %
20 %
30 %
17.34 %
-48.99 %
-49.98 %
-46.94 %
-47.39 %
4.51 %
-49.02 %
2.16 %
4.15 %
-48.47 %
-53.49 %
2.23 %
-10.91 %
-30.67 %
4.25 %
-48.3 %
3.93 %
Подписи данных
млн.
%
Выручка
 ' and expected object 'Отклонение
АО «Тываэнерго»
АО «Чеченэнерго»
Россети Волга
Россети Кубань
Россети Ленэнерго (ГК)
Россети Московский регион
Россети Северный Кавказ (ГК)
Россети Северо-Запад
Россети Сибирь (ГК)
Россети Томск
Россети Тюмень
Россети Урал (ГК)
Россети ФСК ЕЭС
Россети Центр
Россети Центр и Приволжье (ГК)
Россети Юг (ГК)
Россети Янтарь
-60 %
-50 %
-40 %
-30 %
-20 %
-10 %
0 %
10 %
20 %
30 %
17.34 %
-48.99 %
-49.98 %
-46.94 %
-47.39 %
4.51 %
-49.02 %
2.16 %
4.15 %
-48.47 %
-53.49 %
2.23 %
-10.91 %
-30.67 %
4.25 %
-48.3 %
3.93 %
Подписи данных
млн.
%
Выручка
 ' are equal

08-11-2024T14:39:10 - [TEST_STEP][PASSED] - Script1686231490255.WriteToExcel(user, dashboardName, n, data, run, a1, a2, a3, a4, a5, a6, a7, a8, a9): null

08-11-2024T14:39:10 - [TEST_STEP][PASSED] - sheetName = "Sheet1": null

08-11-2024T14:39:10 - [TEST_STEP][PASSED] - workbook01 = getWorkbook(excelFilePath): null

08-11-2024T14:39:10 - [TEST_STEP][PASSED] - sheet01 = getExcelSheet(workbook01, sheetName): null

08-11-2024T14:39:10 - [TEST_STEP][PASSED] - setValueToCellByIndex(sheet01, n, 0, dashboardName): null

08-11-2024T14:39:10 - [TEST_STEP][PASSED] - setValueToCellByIndex(sheet01, n, 10, user): null

08-11-2024T14:39:10 - [TEST_STEP][PASSED] - setValueToCellByIndex(sheet01, n, 1, a1): null

08-11-2024T14:39:10 - [TEST_STEP][PASSED] - setValueToCellByIndex(sheet01, n, 2, a2): null

08-11-2024T14:39:10 - [TEST_STEP][PASSED] - setValueToCellByIndex(sheet01, n, 3, a3): null

08-11-2024T14:39:10 - [TEST_STEP][PASSED] - setValueToCellByIndex(sheet01, n, 4, a4): null

08-11-2024T14:39:10 - [TEST_STEP][PASSED] - setValueToCellByIndex(sheet01, n, 5, a5): null

08-11-2024T14:39:10 - [TEST_STEP][PASSED] - setValueToCellByIndex(sheet01, n, 6, a6): null

08-11-2024T14:39:10 - [TEST_STEP][PASSED] - setValueToCellByIndex(sheet01, n, 7, a7): null

08-11-2024T14:39:10 - [TEST_STEP][PASSED] - setValueToCellByIndex(sheet01, n, 8, a8): null

08-11-2024T14:39:10 - [TEST_STEP][PASSED] - setValueToCellByIndex(sheet01, n, 9, a9): null

08-11-2024T14:39:10 - [TEST_STEP][PASSED] - n = n + 1: null

08-11-2024T14:39:10 - [TEST_STEP][PASSED] - saveWorkbook(excelFilePath, workbook01): null

08-11-2024T14:39:11 - [TEST_STEP][PASSED] - if (run == 3): null

08-11-2024T14:39:11 - [TEST_STEP][PASSED] - closeBrowser(): null

08-11-2024T14:39:11 - [MESSAGE][PASSED] - Browser is closed

08-11-2024T14:39:11 - [TEST_STEP][PASSED] - ViruchkaVRublyah(user, dashboardName, n, data, run, a1, a2, a3, a4, a5, a6, a7, a8, a9, urlData): null

08-11-2024T14:39:11 - [TEST_STEP][PASSED] - n = data.getRowNumbers() + 1: null

08-11-2024T14:39:11 - [TEST_STEP][PASSED] - println(n): null

08-11-2024T14:39:11 - [TEST_STEP][PASSED] - dashboardName = "Вырука в рублях": null

08-11-2024T14:39:11 - [TEST_STEP][PASSED] - openBrowser(""): Browser is opened with url: ''

08-11-2024T14:39:11 - [MESSAGE][INFO] - Starting 'Chrome' driver

08-11-2024T14:39:11 - [MESSAGE][INFO] - Action delay is set to 0 milliseconds

08-11-2024T14:39:12 - [MESSAGE][PASSED] - Browser is opened with url: ''

08-11-2024T14:39:12 - [TEST_STEP][PASSED] - urlData = 2: null

08-11-2024T14:39:12 - [TEST_STEP][PASSED] - Script1686231490255.CheckPageDownload(urlData, run): null

08-11-2024T14:39:12 - [TEST_STEP][PASSED] - i = 1: null

08-11-2024T14:39:12 - [TEST_STEP][PASSED] - ii = 0: null

08-11-2024T14:39:12 - [TEST_STEP][PASSED] - urlText = <not implemented yet for class: org.codehaus.groovy.ast.expr.EmptyExpression>: null

08-11-2024T14:39:12 - [TEST_STEP][PASSED] - searchWord = <not implemented yet for class: org.codehaus.groovy.ast.expr.EmptyExpression>: null

08-11-2024T14:39:12 - [TEST_STEP][PASSED] - deleteAllCookies(): Delete all cookies successfully

08-11-2024T14:39:12 - [MESSAGE][PASSED] - Delete all cookies successfully

08-11-2024T14:39:12 - [TEST_STEP][PASSED] - refresh(): Refresh successfully

08-11-2024T14:39:12 - [MESSAGE][PASSED] - Refresh successfully

08-11-2024T14:39:12 - [TEST_STEP][PASSED] - delay(65): Delayed 65 second(s)

08-11-2024T14:40:17 - [MESSAGE][PASSED] - Delayed 65 second(s)

08-11-2024T14:40:17 - [TEST_STEP][PASSED] - navigateToUrl(findTestData("PlanFact").getValue(10, urlData)): Navigate to 'https://bi.rosseti.digital/viewer?dashboardGuid=2301950b23be4ed89c1df75f2020051e&sheetGuid=b723206f698544fb87299f3095c00435&fit=true' successfully

08-11-2024T14:40:27 - [MESSAGE][PASSED] - Navigate to 'https://bi.rosseti.digital/viewer?dashboardGuid=2301950b23be4ed89c1df75f2020051e&sheetGuid=b723206f698544fb87299f3095c00435&fit=true' successfully

08-11-2024T14:40:27 - [TEST_STEP][PASSED] - pageLoaded1 = verifyElementPresent(findTestObject("Страница авторизации/Text"), 30): Object 'Object Repository/Страница авторизации/Text' is present

08-11-2024T14:40:30 - [MESSAGE][PASSED] - Object 'Object Repository/Страница авторизации/Text' is present

08-11-2024T14:40:30 - [TEST_STEP][PASSED] - if (pageLoaded1 == false): null

08-11-2024T14:40:30 - [TEST_STEP][PASSED] - urlText = getText(findTestObject("Страница авторизации/Text")): Text of object 'Object Repository/Страница авторизации/Text' is: 'Вход'

08-11-2024T14:40:30 - [MESSAGE][PASSED] - Text of object 'Object Repository/Страница авторизации/Text' is: 'Вход'

08-11-2024T14:40:30 - [TEST_STEP][PASSED] - delay(65): Delayed 65 second(s)

08-11-2024T14:41:35 - [MESSAGE][PASSED] - Delayed 65 second(s)

08-11-2024T14:41:35 - [TEST_STEP][PASSED] - searchWord = "Вход": null

08-11-2024T14:41:35 - [TEST_STEP][PASSED] - if (urlText.contains(searchWord) == false): null

08-11-2024T14:41:35 - [TEST_STEP][PASSED] - setText(findTestObject("Страница авторизации/input__username"), findTestData("PlanFact").getValue(8, run)): Text 'Petrova-OV' is set on object 'Object Repository/Страница авторизации/input__username'

08-11-2024T14:41:36 - [MESSAGE][PASSED] - Text 'Petrova-OV' is set on object 'Object Repository/Страница авторизации/input__username'

08-11-2024T14:41:36 - [TEST_STEP][PASSED] - setText(findTestObject("Страница авторизации/input__password"), findTestData("PlanFact").getValue(9, run)): Text '4Ex@~R53r&3x&BVe7' is set on object 'Object Repository/Страница авторизации/input__password'

08-11-2024T14:41:37 - [MESSAGE][PASSED] - Text '4Ex@~R53r&3x&BVe7' is set on object 'Object Repository/Страница авторизации/input__password'

08-11-2024T14:41:37 - [TEST_STEP][PASSED] - click(findTestObject("Страница авторизации/button_")): Object: 'Object Repository/Страница авторизации/button_' is clicked on

08-11-2024T14:41:39 - [MESSAGE][PASSED] - Object: 'Object Repository/Страница авторизации/button_' is clicked on

08-11-2024T14:41:39 - [TEST_STEP][PASSED] - delay(65): Delayed 65 second(s)

08-11-2024T14:42:45 - [MESSAGE][PASSED] - Delayed 65 second(s)

08-11-2024T14:42:45 - [TEST_STEP][PASSED] - searchWord = "а": null

08-11-2024T14:42:45 - [TEST_STEP][PASSED] - pageLoaded2 = verifyElementPresent(findTestObject("Страница авторизации/Text"), 50): Object 'Object Repository/Страница авторизации/Text' is present

08-11-2024T14:43:15 - [MESSAGE][PASSED] - Object 'Object Repository/Страница авторизации/Text' is present

08-11-2024T14:43:15 - [TEST_STEP][PASSED] - if (pageLoaded2 == false): null

08-11-2024T14:43:15 - [TEST_STEP][PASSED] - urlText = getText(findTestObject("Страница авторизации/Text")): Text of object 'Object Repository/Страница авторизации/Text' is: 'Период
1, 2, 3 кв. 2024 года
Выручка
Выполнение плановых показателей по ПАО Россети за 1, 2, 3 кв. 2024 года
План
Факт
Динамика
2024 год
0 млн.руб.
100 000 млн.руб.
200 000 млн.руб.
300 000 млн.руб.
400 000 млн.руб.
500 000 млн.руб.
600 000 млн.руб.
700 000 млн.руб.
800 000 млн.руб.
900 000 млн.руб.
1 000 000 млн.руб.
1 100 000 млн.руб.
1 200 000 млн.руб.
1 300 000 млн.руб.
1 056 816
1 056 549
↓
ДЗО 
Все
Внутренний оборот - выручка за услуги по передаче электрической энергии, учтенная в выручке за электроэнергию для конечных потребителей, при выполнении ДЗО функций гарантирующего поставщика
Подписи данных
⬤Отклонение
АО «Тываэнерго»
АО «Чеченэнерго»
Россети Волга
Россети Кубань
Россети Ленэнерго (ГК)
Россети Московский регион
Россети Северный Кавказ (ГК)
Россети Северо-Запад
Россети Сибирь (ГК)
Россети Томск
Россети Тюмень
Россети Урал (ГК)
Россети ФСК ЕЭС
Россети Центр
Россети Центр и Приволжье (ГК)
Россети Юг (ГК)
Россети Янтарь
-25 000млн.руб.
-20 000млн.руб.
-15 000млн.руб.
-10 000млн.руб.
-5 000млн.руб.
0млн.руб.
5 000млн.руб.
10 …
-30 000млн.руб.
239
68
25
3 470
3 855
6 900
821
839
2 116
213
-4 312
1 715
-25 094
3 410
3 873
1 315
277
млн.
%
Выручка
Отклонение выручки по ПАО Россети за 1, 2, 3 кв. 2024 года (факт/план, млн. руб)
ПАО Россети
-267.6 млн.руб.
 '

08-11-2024T14:43:45 - [MESSAGE][PASSED] - Text of object 'Object Repository/Страница авторизации/Text' is: 'Период
1, 2, 3 кв. 2024 года
Выручка
Выполнение плановых показателей по ПАО Россети за 1, 2, 3 кв. 2024 года
План
Факт
Динамика
2024 год
0 млн.руб.
100 000 млн.руб.
200 000 млн.руб.
300 000 млн.руб.
400 000 млн.руб.
500 000 млн.руб.
600 000 млн.руб.
700 000 млн.руб.
800 000 млн.руб.
900 000 млн.руб.
1 000 000 млн.руб.
1 100 000 млн.руб.
1 200 000 млн.руб.
1 300 000 млн.руб.
1 056 816
1 056 549
↓
ДЗО 
Все
Внутренний оборот - выручка за услуги по передаче электрической энергии, учтенная в выручке за электроэнергию для конечных потребителей, при выполнении ДЗО функций гарантирующего поставщика
Подписи данных
⬤Отклонение
АО «Тываэнерго»
АО «Чеченэнерго»
Россети Волга
Россети Кубань
Россети Ленэнерго (ГК)
Россети Московский регион
Россети Северный Кавказ (ГК)
Россети Северо-Запад
Россети Сибирь (ГК)
Россети Томск
Россети Тюмень
Россети Урал (ГК)
Россети ФСК ЕЭС
Россети Центр
Россети Центр и Приволжье (ГК)
Россети Юг (ГК)
Россети Янтарь
-25 000млн.руб.
-20 000млн.руб.
-15 000млн.руб.
-10 000млн.руб.
-5 000млн.руб.
0млн.руб.
5 000млн.руб.
10 …
-30 000млн.руб.
239
68
25
3 470
3 855
6 900
821
839
2 116
213
-4 312
1 715
-25 094
3 410
3 873
1 315
277
млн.
%
Выручка
Отклонение выручки по ПАО Россети за 1, 2, 3 кв. 2024 года (факт/план, млн. руб)
ПАО Россети
-267.6 млн.руб.
 '

08-11-2024T14:43:45 - [TEST_STEP][PASSED] - if (urlText.contains("ошибка") || urlText.contains(searchWord) == false): null

08-11-2024T14:43:45 - [TEST_STEP][PASSED] - click(findTestObject("Выручка в рублях/Фильтр Период")): Object: 'Object Repository/Выручка в рублях/Фильтр Период' is clicked on

08-11-2024T14:44:15 - [MESSAGE][PASSED] - Object: 'Object Repository/Выручка в рублях/Фильтр Период' is clicked on

08-11-2024T14:44:15 - [TEST_STEP][PASSED] - click(findTestObject("Выручка в рублях/Снять выделение в фильтре Дата")): Object: 'Object Repository/Выручка в рублях/Снять выделение в фильтре Дата' is clicked on

08-11-2024T14:44:45 - [MESSAGE][PASSED] - Object: 'Object Repository/Выручка в рублях/Снять выделение в фильтре Дата' is clicked on

08-11-2024T14:44:45 - [TEST_STEP][PASSED] - click(findTestObject("Выручка в рублях/Применить в фильтре Дата")): Object: 'Object Repository/Выручка в рублях/Применить в фильтре Дата' is clicked on

08-11-2024T14:45:16 - [MESSAGE][PASSED] - Object: 'Object Repository/Выручка в рублях/Применить в фильтре Дата' is clicked on

08-11-2024T14:45:16 - [TEST_STEP][PASSED] - click(findTestObject("Выручка в рублях/Фильтр Период")): Object: 'Object Repository/Выручка в рублях/Фильтр Период' is clicked on

08-11-2024T14:45:46 - [MESSAGE][PASSED] - Object: 'Object Repository/Выручка в рублях/Фильтр Период' is clicked on

08-11-2024T14:45:46 - [TEST_STEP][PASSED] - click(findTestObject("Выручка в рублях/Снять выделение в фильтре Дата")): Object: 'Object Repository/Выручка в рублях/Снять выделение в фильтре Дата' is clicked on

08-11-2024T14:46:16 - [MESSAGE][PASSED] - Object: 'Object Repository/Выручка в рублях/Снять выделение в фильтре Дата' is clicked on

08-11-2024T14:46:16 - [TEST_STEP][PASSED] - scrollToElement(findTestObject("Выручка в рублях/2024 список"), 30): Scroll to object 'Object Repository/Выручка в рублях/2024 список' successfully

08-11-2024T14:46:46 - [MESSAGE][PASSED] - Scroll to object 'Object Repository/Выручка в рублях/2024 список' successfully

08-11-2024T14:46:46 - [TEST_STEP][PASSED] - click(findTestObject("Выручка в рублях/2024 список")): Object: 'Object Repository/Выручка в рублях/2024 список' is clicked on

08-11-2024T14:47:16 - [MESSAGE][PASSED] - Object: 'Object Repository/Выручка в рублях/2024 список' is clicked on

08-11-2024T14:47:16 - [TEST_STEP][PASSED] - scrollToElement(findTestObject("Выручка в рублях/1 квартал 2024 выбрать"), 30): Scroll to object 'Object Repository/Выручка в рублях/1 квартал 2024 выбрать' successfully

08-11-2024T14:47:46 - [MESSAGE][PASSED] - Scroll to object 'Object Repository/Выручка в рублях/1 квартал 2024 выбрать' successfully

08-11-2024T14:47:46 - [TEST_STEP][PASSED] - click(findTestObject("Выручка в рублях/1 квартал 2024 выбрать"), CONTINUE_ON_FAILURE): Object: 'Object Repository/Выручка в рублях/1 квартал 2024 выбрать' is clicked on

08-11-2024T14:48:16 - [MESSAGE][PASSED] - Object: 'Object Repository/Выручка в рублях/1 квартал 2024 выбрать' is clicked on

08-11-2024T14:48:16 - [TEST_STEP][PASSED] - scrollToElement(findTestObject("Выручка в рублях/2 квартал 2024 выбрать"), 30): Scroll to object 'Object Repository/Выручка в рублях/2 квартал 2024 выбрать' successfully

08-11-2024T14:48:46 - [MESSAGE][PASSED] - Scroll to object 'Object Repository/Выручка в рублях/2 квартал 2024 выбрать' successfully

08-11-2024T14:48:46 - [TEST_STEP][PASSED] - click(findTestObject("Выручка в рублях/2 квартал 2024 выбрать")): Object: 'Object Repository/Выручка в рублях/2 квартал 2024 выбрать' is clicked on

08-11-2024T14:49:16 - [MESSAGE][PASSED] - Object: 'Object Repository/Выручка в рублях/2 квартал 2024 выбрать' is clicked on

08-11-2024T14:49:16 - [TEST_STEP][PASSED] - scrollToElement(findTestObject("Выручка в рублях/3 квартал 2024 список"), 30): Scroll to object 'Object Repository/Выручка в рублях/3 квартал 2024 список' successfully

08-11-2024T14:49:46 - [MESSAGE][PASSED] - Scroll to object 'Object Repository/Выручка в рублях/3 квартал 2024 список' successfully

08-11-2024T14:49:46 - [TEST_STEP][PASSED] - click(findTestObject("Выручка в рублях/3 квартал 2024"), CONTINUE_ON_FAILURE): Object: 'Object Repository/Выручка в рублях/3 квартал 2024' is clicked on

08-11-2024T14:50:17 - [MESSAGE][PASSED] - Object: 'Object Repository/Выручка в рублях/3 квартал 2024' is clicked on

08-11-2024T14:50:17 - [TEST_STEP][PASSED] - click(findTestObject("Выручка в рублях/Применить в фильтре Дата")): Object: 'Object Repository/Выручка в рублях/Применить в фильтре Дата' is clicked on

08-11-2024T14:50:47 - [MESSAGE][PASSED] - Object: 'Object Repository/Выручка в рублях/Применить в фильтре Дата' is clicked on

08-11-2024T14:50:47 - [TEST_STEP][PASSED] - scrollToElement(findTestObject("Выручка в рублях/Заголовок дашборда"), 30): Scroll to object 'Object Repository/Выручка в рублях/Заголовок дашборда' successfully

08-11-2024T14:51:17 - [MESSAGE][PASSED] - Scroll to object 'Object Repository/Выручка в рублях/Заголовок дашборда' successfully

08-11-2024T14:51:17 - [TEST_STEP][PASSED] - delay(65): Delayed 65 second(s)

08-11-2024T14:52:22 - [MESSAGE][PASSED] - Delayed 65 second(s)

08-11-2024T14:52:22 - [TEST_STEP][PASSED] - a5 = "": null

08-11-2024T14:52:22 - [TEST_STEP][PASSED] - a6 = "": null

08-11-2024T14:52:22 - [TEST_STEP][PASSED] - a7 = "": null

08-11-2024T14:52:22 - [TEST_STEP][PASSED] - a8 = "": null

08-11-2024T14:52:22 - [TEST_STEP][PASSED] - a9 = "": null

08-11-2024T14:52:22 - [TEST_STEP][PASSED] - if (run == 1): null

08-11-2024T14:52:22 - [TEST_STEP][PASSED] - if (run == 2): null

08-11-2024T14:52:22 - [TEST_STEP][PASSED] - if (run == 3): null

08-11-2024T14:52:22 - [TEST_STEP][PASSED] - user = "Попова": null

08-11-2024T14:52:22 - [TEST_STEP][PASSED] - a1 = getText(findTestObject("Выручка в рублях/График План")): Text of object 'Object Repository/Выручка в рублях/График План' is: '1 056 816'

08-11-2024T14:52:52 - [MESSAGE][PASSED] - Text of object 'Object Repository/Выручка в рублях/График План' is: '1 056 816'

08-11-2024T14:52:52 - [TEST_STEP][PASSED] - a2 = getText(findTestObject("Выручка в рублях/График Факт")): Text of object 'Object Repository/Выручка в рублях/График Факт' is: '1 056 549'

08-11-2024T14:53:22 - [MESSAGE][PASSED] - Text of object 'Object Repository/Выручка в рублях/График Факт' is: '1 056 549'

08-11-2024T14:53:22 - [TEST_STEP][PASSED] - a3 = getText(findTestObject("Выручка в рублях/График Отклонение выручки")): Text of object 'Object Repository/Выручка в рублях/График Отклонение выручки' is: 'Период
1, 2, 3 кв. 2024 года
Выручка
Выполнение плановых показателей по ПАО Россети за 1, 2, 3 кв. 2024 года
План
Факт
Динамика
2024 год
0 млн.руб.
100 000 млн.руб.
200 000 млн.руб.
300 000 млн.руб.
400 000 млн.руб.
500 000 млн.руб.
600 000 млн.руб.
700 000 млн.руб.
800 000 млн.руб.
900 000 млн.руб.
1 000 000 млн.руб.
1 100 000 млн.руб.
1 200 000 млн.руб.
1 300 000 млн.руб.
1 056 816
1 056 549
↓
ДЗО 
Все
Внутренний оборот - выручка за услуги по передаче электрической энергии, учтенная в выручке за электроэнергию для конечных потребителей, при выполнении ДЗО функций гарантирующего поставщика
Подписи данных
⬤Отклонение
АО «Тываэнерго»
АО «Чеченэнерго»
Россети Волга
Россети Кубань
Россети Ленэнерго (ГК)
Россети Московский регион
Россети Северный Кавказ (ГК)
Россети Северо-Запад
Россети Сибирь (ГК)
Россети Томск
Россети Тюмень
Россети Урал (ГК)
Россети ФСК ЕЭС
Россети Центр
Россети Центр и Приволжье (ГК)
Россети Юг (ГК)
Россети Янтарь
-25 000млн.руб.
-20 000млн.руб.
-15 000млн.руб.
-10 000млн.руб.
-5 000млн.руб.
0млн.руб.
5 000млн.руб.
10 …
-30 000млн.руб.
239
68
25
3 470
3 855
6 900
821
839
2 116
213
-4 312
1 715
-25 094
3 410
3 873
1 315
277
млн.
%
Выручка
Отклонение выручки по ПАО Россети за 1, 2, 3 кв. 2024 года (факт/план, млн. руб)
ПАО Россети
-267.6 млн.руб.
 '

08-11-2024T14:53:53 - [MESSAGE][PASSED] - Text of object 'Object Repository/Выручка в рублях/График Отклонение выручки' is: 'Период
1, 2, 3 кв. 2024 года
Выручка
Выполнение плановых показателей по ПАО Россети за 1, 2, 3 кв. 2024 года
План
Факт
Динамика
2024 год
0 млн.руб.
100 000 млн.руб.
200 000 млн.руб.
300 000 млн.руб.
400 000 млн.руб.
500 000 млн.руб.
600 000 млн.руб.
700 000 млн.руб.
800 000 млн.руб.
900 000 млн.руб.
1 000 000 млн.руб.
1 100 000 млн.руб.
1 200 000 млн.руб.
1 300 000 млн.руб.
1 056 816
1 056 549
↓
ДЗО 
Все
Внутренний оборот - выручка за услуги по передаче электрической энергии, учтенная в выручке за электроэнергию для конечных потребителей, при выполнении ДЗО функций гарантирующего поставщика
Подписи данных
⬤Отклонение
АО «Тываэнерго»
АО «Чеченэнерго»
Россети Волга
Россети Кубань
Россети Ленэнерго (ГК)
Россети Московский регион
Россети Северный Кавказ (ГК)
Россети Северо-Запад
Россети Сибирь (ГК)
Россети Томск
Россети Тюмень
Россети Урал (ГК)
Россети ФСК ЕЭС
Россети Центр
Россети Центр и Приволжье (ГК)
Россети Юг (ГК)
Россети Янтарь
-25 000млн.руб.
-20 000млн.руб.
-15 000млн.руб.
-10 000млн.руб.
-5 000млн.руб.
0млн.руб.
5 000млн.руб.
10 …
-30 000млн.руб.
239
68
25
3 470
3 855
6 900
821
839
2 116
213
-4 312
1 715
-25 094
3 410
3 873
1 315
277
млн.
%
Выручка
Отклонение выручки по ПАО Россети за 1, 2, 3 кв. 2024 года (факт/план, млн. руб)
ПАО Россети
-267.6 млн.руб.
 '

08-11-2024T14:53:53 - [TEST_STEP][PASSED] - a3 = a3.substring(a3.lastIndexOf("Отклонение")): null

08-11-2024T14:53:53 - [TEST_STEP][PASSED] - click(findTestObject("Выручка в рублях/Переключить отображение с млн на проценты Выручка в рублях")): Object: 'Object Repository/Выручка в рублях/Переключить отображение с млн на проценты Выручка в рублях' is clicked on

08-11-2024T14:54:23 - [MESSAGE][PASSED] - Object: 'Object Repository/Выручка в рублях/Переключить отображение с млн на проценты Выручка в рублях' is clicked on

08-11-2024T14:54:23 - [TEST_STEP][PASSED] - a4 = getText(findTestObject("Выручка в рублях/График Отклонение выручки")): Text of object 'Object Repository/Выручка в рублях/График Отклонение выручки' is: 'Период
1, 2, 3 кв. 2024 года
Выручка
Выполнение плановых показателей по ПАО Россети за 1, 2, 3 кв. 2024 года
План
Факт
Динамика
2024 год
0 млн.руб.
100 000 млн.руб.
200 000 млн.руб.
300 000 млн.руб.
400 000 млн.руб.
500 000 млн.руб.
600 000 млн.руб.
700 000 млн.руб.
800 000 млн.руб.
900 000 млн.руб.
1 000 000 млн.руб.
1 100 000 млн.руб.
1 200 000 млн.руб.
1 300 000 млн.руб.
1 056 816
1 056 549
↓
ДЗО 
Все
Отклонение выручки по ПАО Россети за 1, 2, 3 кв. 2024 года (факт/план, %)
ПАО Россети
-25.75 %
Внутренний оборот - выручка за услуги по передаче электрической энергии, учтенная в выручке за электроэнергию для конечных потребителей, при выполнении ДЗО функций гарантирующего поставщика
⬤Отклонение
АО «Тываэнерго»
АО «Чеченэнерго»
Россети Волга
Россети Кубань
Россети Ленэнерго (ГК)
Россети Московский регион
Россети Северный Кавказ (ГК)
Россети Северо-Запад
Россети Сибирь (ГК)
Россети Томск
Россети Тюмень
Россети Урал (ГК)
Россети ФСК ЕЭС
Россети Центр
Россети Центр и Приволжье (ГК)
Россети Юг (ГК)
Россети Янтарь
-60 %
-50 %
-40 %
-30 %
-20 %
-10 %
0 %
10 %
20 %
30 %
17.34 %
-48.99 %
-49.98 %
-46.94 %
-47.39 %
4.51 %
-49.02 %
2.16 %
4.15 %
-48.47 %
-53.49 %
2.23 %
-10.91 %
-30.67 %
4.25 %
-48.3 %
3.93 %
Подписи данных
млн.
%
Выручка
 '

08-11-2024T14:54:53 - [MESSAGE][PASSED] - Text of object 'Object Repository/Выручка в рублях/График Отклонение выручки' is: 'Период
1, 2, 3 кв. 2024 года
Выручка
Выполнение плановых показателей по ПАО Россети за 1, 2, 3 кв. 2024 года
План
Факт
Динамика
2024 год
0 млн.руб.
100 000 млн.руб.
200 000 млн.руб.
300 000 млн.руб.
400 000 млн.руб.
500 000 млн.руб.
600 000 млн.руб.
700 000 млн.руб.
800 000 млн.руб.
900 000 млн.руб.
1 000 000 млн.руб.
1 100 000 млн.руб.
1 200 000 млн.руб.
1 300 000 млн.руб.
1 056 816
1 056 549
↓
ДЗО 
Все
Отклонение выручки по ПАО Россети за 1, 2, 3 кв. 2024 года (факт/план, %)
ПАО Россети
-25.75 %
Внутренний оборот - выручка за услуги по передаче электрической энергии, учтенная в выручке за электроэнергию для конечных потребителей, при выполнении ДЗО функций гарантирующего поставщика
⬤Отклонение
АО «Тываэнерго»
АО «Чеченэнерго»
Россети Волга
Россети Кубань
Россети Ленэнерго (ГК)
Россети Московский регион
Россети Северный Кавказ (ГК)
Россети Северо-Запад
Россети Сибирь (ГК)
Россети Томск
Россети Тюмень
Россети Урал (ГК)
Россети ФСК ЕЭС
Россети Центр
Россети Центр и Приволжье (ГК)
Россети Юг (ГК)
Россети Янтарь
-60 %
-50 %
-40 %
-30 %
-20 %
-10 %
0 %
10 %
20 %
30 %
17.34 %
-48.99 %
-49.98 %
-46.94 %
-47.39 %
4.51 %
-49.02 %
2.16 %
4.15 %
-48.47 %
-53.49 %
2.23 %
-10.91 %
-30.67 %
4.25 %
-48.3 %
3.93 %
Подписи данных
млн.
%
Выручка
 '

08-11-2024T14:54:53 - [TEST_STEP][PASSED] - a4 = a4.substring(a4.lastIndexOf("Отклонение")): null

08-11-2024T14:54:53 - [TEST_STEP][PASSED] - click(findTestObject("Выручка в рублях/Переключить отображение с процентов на млн Выручка в рублях")): Object: 'Object Repository/Выручка в рублях/Переключить отображение с процентов на млн Выручка в рублях' is clicked on

08-11-2024T14:55:23 - [MESSAGE][PASSED] - Object: 'Object Repository/Выручка в рублях/Переключить отображение с процентов на млн Выручка в рублях' is clicked on

08-11-2024T14:55:23 - [TEST_STEP][PASSED] - n = n + 5: null

08-11-2024T14:55:23 - [TEST_STEP][PASSED] - b = n - run + 1: null

08-11-2024T14:55:23 - [TEST_STEP][PASSED] - verifyEqual(findTestData("PlanFact").getValue(2, b), a1): Actual object '1 056 816' and expected object '1 056 816' are equal

08-11-2024T14:55:23 - [MESSAGE][PASSED] - Actual object '1 056 816' and expected object '1 056 816' are equal

08-11-2024T14:55:23 - [TEST_STEP][PASSED] - verifyEqual(findTestData("PlanFact").getValue(3, b), a2): Actual object '1 056 549' and expected object '1 056 549' are equal

08-11-2024T14:55:23 - [MESSAGE][PASSED] - Actual object '1 056 549' and expected object '1 056 549' are equal

08-11-2024T14:55:23 - [TEST_STEP][PASSED] - verifyEqual(findTestData("PlanFact").getValue(4, b), a3): Actual object 'Отклонение выручки по ПАО Россети за 1, 2, 3 кв. 2024 года (факт/план, млн. руб)
ПАО Россети
-267.6 млн.руб.
 ' and expected object 'Отклонение выручки по ПАО Россети за 1, 2, 3 кв. 2024 года (факт/план, млн. руб)
ПАО Россети
-267.6 млн.руб.
 ' are equal

08-11-2024T14:55:23 - [MESSAGE][PASSED] - Actual object 'Отклонение выручки по ПАО Россети за 1, 2, 3 кв. 2024 года (факт/план, млн. руб)
ПАО Россети
-267.6 млн.руб.
 ' and expected object 'Отклонение выручки по ПАО Россети за 1, 2, 3 кв. 2024 года (факт/план, млн. руб)
ПАО Россети
-267.6 млн.руб.
 ' are equal

08-11-2024T14:55:23 - [TEST_STEP][PASSED] - verifyEqual(findTestData("PlanFact").getValue(5, b), a4): Actual object 'Отклонение
АО «Тываэнерго»
АО «Чеченэнерго»
Россети Волга
Россети Кубань
Россети Ленэнерго (ГК)
Россети Московский регион
Россети Северный Кавказ (ГК)
Россети Северо-Запад
Россети Сибирь (ГК)
Россети Томск
Россети Тюмень
Россети Урал (ГК)
Россети ФСК ЕЭС
Россети Центр
Россети Центр и Приволжье (ГК)
Россети Юг (ГК)
Россети Янтарь
-60 %
-50 %
-40 %
-30 %
-20 %
-10 %
0 %
10 %
20 %
30 %
17.34 %
-48.99 %
-49.98 %
-46.94 %
-47.39 %
4.51 %
-49.02 %
2.16 %
4.15 %
-48.47 %
-53.49 %
2.23 %
-10.91 %
-30.67 %
4.25 %
-48.3 %
3.93 %
Подписи данных
млн.
%
Выручка
 ' and expected object 'Отклонение
АО «Тываэнерго»
АО «Чеченэнерго»
Россети Волга
Россети Кубань
Россети Ленэнерго (ГК)
Россети Московский регион
Россети Северный Кавказ (ГК)
Россети Северо-Запад
Россети Сибирь (ГК)
Россети Томск
Россети Тюмень
Россети Урал (ГК)
Россети ФСК ЕЭС
Россети Центр
Россети Центр и Приволжье (ГК)
Россети Юг (ГК)
Россети Янтарь
-60 %
-50 %
-40 %
-30 %
-20 %
-10 %
0 %
10 %
20 %
30 %
17.34 %
-48.99 %
-49.98 %
-46.94 %
-47.39 %
4.51 %
-49.02 %
2.16 %
4.15 %
-48.47 %
-53.49 %
2.23 %
-10.91 %
-30.67 %
4.25 %
-48.3 %
3.93 %
Подписи данных
млн.
%
Выручка
 ' are equal

08-11-2024T14:55:24 - [MESSAGE][PASSED] - Actual object 'Отклонение
АО «Тываэнерго»
АО «Чеченэнерго»
Россети Волга
Россети Кубань
Россети Ленэнерго (ГК)
Россети Московский регион
Россети Северный Кавказ (ГК)
Россети Северо-Запад
Россети Сибирь (ГК)
Россети Томск
Россети Тюмень
Россети Урал (ГК)
Россети ФСК ЕЭС
Россети Центр
Россети Центр и Приволжье (ГК)
Россети Юг (ГК)
Россети Янтарь
-60 %
-50 %
-40 %
-30 %
-20 %
-10 %
0 %
10 %
20 %
30 %
17.34 %
-48.99 %
-49.98 %
-46.94 %
-47.39 %
4.51 %
-49.02 %
2.16 %
4.15 %
-48.47 %
-53.49 %
2.23 %
-10.91 %
-30.67 %
4.25 %
-48.3 %
3.93 %
Подписи данных
млн.
%
Выручка
 ' and expected object 'Отклонение
АО «Тываэнерго»
АО «Чеченэнерго»
Россети Волга
Россети Кубань
Россети Ленэнерго (ГК)
Россети Московский регион
Россети Северный Кавказ (ГК)
Россети Северо-Запад
Россети Сибирь (ГК)
Россети Томск
Россети Тюмень
Россети Урал (ГК)
Россети ФСК ЕЭС
Россети Центр
Россети Центр и Приволжье (ГК)
Россети Юг (ГК)
Россети Янтарь
-60 %
-50 %
-40 %
-30 %
-20 %
-10 %
0 %
10 %
20 %
30 %
17.34 %
-48.99 %
-49.98 %
-46.94 %
-47.39 %
4.51 %
-49.02 %
2.16 %
4.15 %
-48.47 %
-53.49 %
2.23 %
-10.91 %
-30.67 %
4.25 %
-48.3 %
3.93 %
Подписи данных
млн.
%
Выручка
 ' are equal

08-11-2024T14:55:24 - [TEST_STEP][PASSED] - Script1686231490255.WriteToExcel(user, dashboardName, n, data, run, a1, a2, a3, a4, a5, a6, a7, a8, a9): null

08-11-2024T14:55:24 - [TEST_STEP][PASSED] - sheetName = "Sheet1": null

08-11-2024T14:55:24 - [TEST_STEP][PASSED] - workbook01 = getWorkbook(excelFilePath): null

08-11-2024T14:55:24 - [TEST_STEP][PASSED] - sheet01 = getExcelSheet(workbook01, sheetName): null

08-11-2024T14:55:24 - [TEST_STEP][PASSED] - setValueToCellByIndex(sheet01, n, 0, dashboardName): null

08-11-2024T14:55:24 - [TEST_STEP][PASSED] - setValueToCellByIndex(sheet01, n, 10, user): null

08-11-2024T14:55:24 - [TEST_STEP][PASSED] - setValueToCellByIndex(sheet01, n, 1, a1): null

08-11-2024T14:55:24 - [TEST_STEP][PASSED] - setValueToCellByIndex(sheet01, n, 2, a2): null

08-11-2024T14:55:24 - [TEST_STEP][PASSED] - setValueToCellByIndex(sheet01, n, 3, a3): null

08-11-2024T14:55:24 - [TEST_STEP][PASSED] - setValueToCellByIndex(sheet01, n, 4, a4): null

08-11-2024T14:55:24 - [TEST_STEP][PASSED] - setValueToCellByIndex(sheet01, n, 5, a5): null

08-11-2024T14:55:24 - [TEST_STEP][PASSED] - setValueToCellByIndex(sheet01, n, 6, a6): null

08-11-2024T14:55:24 - [TEST_STEP][PASSED] - setValueToCellByIndex(sheet01, n, 7, a7): null

08-11-2024T14:55:24 - [TEST_STEP][PASSED] - setValueToCellByIndex(sheet01, n, 8, a8): null

08-11-2024T14:55:24 - [TEST_STEP][PASSED] - setValueToCellByIndex(sheet01, n, 9, a9): null

08-11-2024T14:55:24 - [TEST_STEP][PASSED] - n = n + 1: null

08-11-2024T14:55:24 - [TEST_STEP][PASSED] - saveWorkbook(excelFilePath, workbook01): null

08-11-2024T14:55:24 - [TEST_STEP][PASSED] - closeBrowser(): Browser is closed

08-11-2024T14:55:24 - [MESSAGE][PASSED] - Browser is closed

08-11-2024T14:55:24 - [TEST_STEP][PASSED] - delay(65): Delayed 65 second(s)

08-11-2024T14:56:29 - [MESSAGE][PASSED] - Delayed 65 second(s)

08-11-2024T14:56:29 - [TEST_STEP][PASSED] - for ([run = 1, run < 4, (run++)]): null

08-11-2024T14:56:29 - [TEST_STEP][PASSED] - ObyemPoter(user, dashboardName, n, data, run, a1, a2, a3, a4, a5, a6, a7, a8, a9, urlData): null

08-11-2024T14:56:29 - [TEST_STEP][PASSED] - n = data.getRowNumbers() + 1: null

08-11-2024T14:56:29 - [TEST_STEP][PASSED] - println(n): null

08-11-2024T14:56:29 - [TEST_STEP][PASSED] - dashboardName = "Объём потерь": null

08-11-2024T14:56:29 - [TEST_STEP][PASSED] - openBrowser(""): Browser is opened with url: ''

08-11-2024T14:56:29 - [MESSAGE][INFO] - Starting 'Chrome' driver

08-11-2024T14:56:29 - [MESSAGE][INFO] - Action delay is set to 0 milliseconds

08-11-2024T14:56:32 - [MESSAGE][PASSED] - Browser is opened with url: ''

08-11-2024T14:56:32 - [TEST_STEP][PASSED] - urlData = 14: null

08-11-2024T14:56:32 - [TEST_STEP][PASSED] - Script1686231490255.CheckPageDownload(urlData, run): null

08-11-2024T14:56:32 - [TEST_STEP][PASSED] - i = 1: null

08-11-2024T14:56:32 - [TEST_STEP][PASSED] - ii = 0: null

08-11-2024T14:56:32 - [TEST_STEP][PASSED] - urlText = <not implemented yet for class: org.codehaus.groovy.ast.expr.EmptyExpression>: null

08-11-2024T14:56:32 - [TEST_STEP][PASSED] - searchWord = <not implemented yet for class: org.codehaus.groovy.ast.expr.EmptyExpression>: null

08-11-2024T14:56:32 - [TEST_STEP][PASSED] - deleteAllCookies(): Delete all cookies successfully

08-11-2024T14:56:32 - [MESSAGE][PASSED] - Delete all cookies successfully

08-11-2024T14:56:32 - [TEST_STEP][PASSED] - refresh(): Refresh successfully

08-11-2024T14:56:32 - [MESSAGE][PASSED] - Refresh successfully

08-11-2024T14:56:32 - [TEST_STEP][PASSED] - delay(65): Delayed 65 second(s)

08-11-2024T14:57:37 - [MESSAGE][PASSED] - Delayed 65 second(s)

08-11-2024T14:57:37 - [TEST_STEP][PASSED] - navigateToUrl(findTestData("PlanFact").getValue(10, urlData)): Navigate to 'https://bi.rosseti.digital/viewer?dashboardGuid=d154a8eaf6824e2b9de1bb04dd061c18&sheetGuid=aa9766f159804cfeb6006ba98edf3a23&fit=true' successfully

08-11-2024T14:57:46 - [MESSAGE][PASSED] - Navigate to 'https://bi.rosseti.digital/viewer?dashboardGuid=d154a8eaf6824e2b9de1bb04dd061c18&sheetGuid=aa9766f159804cfeb6006ba98edf3a23&fit=true' successfully

08-11-2024T14:57:46 - [TEST_STEP][PASSED] - pageLoaded1 = verifyElementPresent(findTestObject("Страница авторизации/Text"), 30): Object 'Object Repository/Страница авторизации/Text' is present

08-11-2024T14:57:47 - [MESSAGE][PASSED] - Object 'Object Repository/Страница авторизации/Text' is present

08-11-2024T14:57:47 - [TEST_STEP][PASSED] - if (pageLoaded1 == false): null

08-11-2024T14:57:47 - [TEST_STEP][PASSED] - urlText = getText(findTestObject("Страница авторизации/Text")): Text of object 'Object Repository/Страница авторизации/Text' is: 'Вход'

08-11-2024T14:57:47 - [MESSAGE][PASSED] - Text of object 'Object Repository/Страница авторизации/Text' is: 'Вход'

08-11-2024T14:57:47 - [TEST_STEP][PASSED] - delay(65): Delayed 65 second(s)

08-11-2024T14:58:52 - [MESSAGE][PASSED] - Delayed 65 second(s)

08-11-2024T14:58:52 - [TEST_STEP][PASSED] - searchWord = "Вход": null

08-11-2024T14:58:52 - [TEST_STEP][PASSED] - if (urlText.contains(searchWord) == false): null

08-11-2024T14:58:52 - [TEST_STEP][PASSED] - setText(findTestObject("Страница авторизации/input__username"), findTestData("PlanFact").getValue(8, run)): Text 'liazgina-di' is set on object 'Object Repository/Страница авторизации/input__username'

08-11-2024T14:58:53 - [MESSAGE][PASSED] - Text 'liazgina-di' is set on object 'Object Repository/Страница авторизации/input__username'

08-11-2024T14:58:53 - [TEST_STEP][PASSED] - setText(findTestObject("Страница авторизации/input__password"), findTestData("PlanFact").getValue(9, run)): Text ')$%5srZ8o688Dm#q' is set on object 'Object Repository/Страница авторизации/input__password'

08-11-2024T14:58:53 - [MESSAGE][PASSED] - Text ')$%5srZ8o688Dm#q' is set on object 'Object Repository/Страница авторизации/input__password'

08-11-2024T14:58:53 - [TEST_STEP][PASSED] - click(findTestObject("Страница авторизации/button_")): Object: 'Object Repository/Страница авторизации/button_' is clicked on

08-11-2024T14:58:57 - [MESSAGE][PASSED] - Object: 'Object Repository/Страница авторизации/button_' is clicked on

08-11-2024T14:58:57 - [TEST_STEP][PASSED] - delay(65): Delayed 65 second(s)

08-11-2024T15:00:02 - [MESSAGE][PASSED] - Delayed 65 second(s)

08-11-2024T15:00:02 - [TEST_STEP][PASSED] - searchWord = "а": null

08-11-2024T15:00:02 - [TEST_STEP][PASSED] - pageLoaded2 = verifyElementPresent(findTestObject("Страница авторизации/Text"), 50): Object 'Object Repository/Страница авторизации/Text' is present

08-11-2024T15:00:02 - [MESSAGE][PASSED] - Object 'Object Repository/Страница авторизации/Text' is present

08-11-2024T15:00:02 - [TEST_STEP][PASSED] - if (pageLoaded2 == false): null

08-11-2024T15:00:02 - [TEST_STEP][PASSED] - urlText = getText(findTestObject("Страница авторизации/Text")): Text of object 'Object Repository/Страница авторизации/Text' is: 'ДЗО 
Все
Период
Выбрано: 9
тыс. кВт⋅ч
п.п.
Объем потерь
51 180 55951 180 559
52 400 71652 400 716
52 388 59052 388 590
2022 год
2023 год
2024 год
0
10 000
20 000
30 000
40 000
50 000
60 000
Уровень потерь
8.158.15
8.268.26
7.887.88
Факт
2022 год
2023 год
2024 год
0
2
4
6
8
10
●● Отклонения, тыс. кВт⋅ч
тыс. кВт⋅ч
Отклонения объема потерь
1 220 1571 220 157
-12 126-12 126
2022/2023
2023/2024
-250 000
0
250 000
500 000
750 000
1 000 000
1 250 000
1 500 000
●● Отклонения, п.п.
п.п.
Отклонения уровня потерь
0.110.11
-0.38-0.38
2022/2023
2023/2024
-0.5
-0.4
-0.3
-0.2
-0.1
0
0.1
0.2
Фактические данные по объему и уровню потерь электроэнергии'

08-11-2024T15:00:03 - [MESSAGE][PASSED] - Text of object 'Object Repository/Страница авторизации/Text' is: 'ДЗО 
Все
Период
Выбрано: 9
тыс. кВт⋅ч
п.п.
Объем потерь
51 180 55951 180 559
52 400 71652 400 716
52 388 59052 388 590
2022 год
2023 год
2024 год
0
10 000
20 000
30 000
40 000
50 000
60 000
Уровень потерь
8.158.15
8.268.26
7.887.88
Факт
2022 год
2023 год
2024 год
0
2
4
6
8
10
●● Отклонения, тыс. кВт⋅ч
тыс. кВт⋅ч
Отклонения объема потерь
1 220 1571 220 157
-12 126-12 126
2022/2023
2023/2024
-250 000
0
250 000
500 000
750 000
1 000 000
1 250 000
1 500 000
●● Отклонения, п.п.
п.п.
Отклонения уровня потерь
0.110.11
-0.38-0.38
2022/2023
2023/2024
-0.5
-0.4
-0.3
-0.2
-0.1
0
0.1
0.2
Фактические данные по объему и уровню потерь электроэнергии'

08-11-2024T15:00:03 - [TEST_STEP][PASSED] - if (urlText.contains("ошибка") || urlText.contains(searchWord) == false): null

08-11-2024T15:00:03 - [TEST_STEP][PASSED] - a9 = "": null

08-11-2024T15:00:03 - [TEST_STEP][PASSED] - a3 = "": null

08-11-2024T15:00:03 - [TEST_STEP][PASSED] - a6 = "": null

08-11-2024T15:00:03 - [TEST_STEP][PASSED] - if (run == 1): null

08-11-2024T15:00:03 - [TEST_STEP][PASSED] - user = "админ": null

08-11-2024T15:00:03 - [TEST_STEP][PASSED] - a1 = getText(findTestObject("Объем потерь/divObemPoter")): Text of object 'Object Repository/Объем потерь/divObemPoter' is: 'Объем потерь
51 180 55951 180 559
52 400 71652 400 716
52 388 59052 388 590
2022 год
2023 год
2024 год
0
10 000
20 000
30 000
40 000
50 000
60 000'

08-11-2024T15:00:03 - [MESSAGE][PASSED] - Text of object 'Object Repository/Объем потерь/divObemPoter' is: 'Объем потерь
51 180 55951 180 559
52 400 71652 400 716
52 388 59052 388 590
2022 год
2023 год
2024 год
0
10 000
20 000
30 000
40 000
50 000
60 000'

08-11-2024T15:00:03 - [TEST_STEP][PASSED] - a2 = getText(findTestObject("Объем потерь/divUrovenPoter")): Text of object 'Object Repository/Объем потерь/divUrovenPoter' is: 'Уровень потерь
8.158.15
8.268.26
7.887.88
Факт
2022 год
2023 год
2024 год
0
2
4
6
8
10'

08-11-2024T15:00:03 - [MESSAGE][PASSED] - Text of object 'Object Repository/Объем потерь/divUrovenPoter' is: 'Уровень потерь
8.158.15
8.268.26
7.887.88
Факт
2022 год
2023 год
2024 год
0
2
4
6
8
10'

08-11-2024T15:00:03 - [TEST_STEP][PASSED] - a3 = getText(findTestObject("Объем потерь/divOtkloneniyaObemaPoter")): Text of object 'Object Repository/Объем потерь/divOtkloneniyaObemaPoter' is: '●● Отклонения, тыс. кВт⋅ч
тыс. кВт⋅ч
Отклонения объема потерь
1 220 1571 220 157
-12 126-12 126
2022/2023
2023/2024
-250 000
0
250 000
500 000
750 000
1 000 000
1 250 000
1 500 000'

08-11-2024T15:00:03 - [MESSAGE][PASSED] - Text of object 'Object Repository/Объем потерь/divOtkloneniyaObemaPoter' is: '●● Отклонения, тыс. кВт⋅ч
тыс. кВт⋅ч
Отклонения объема потерь
1 220 1571 220 157
-12 126-12 126
2022/2023
2023/2024
-250 000
0
250 000
500 000
750 000
1 000 000
1 250 000
1 500 000'

08-11-2024T15:00:03 - [TEST_STEP][PASSED] - a4 = getText(findTestObject("Объем потерь/divOtkloneniyaUrovnyaPoter")): Text of object 'Object Repository/Объем потерь/divOtkloneniyaUrovnyaPoter' is: '●● Отклонения, п.п.
п.п.
Отклонения уровня потерь
0.110.11
-0.38-0.38
2022/2023
2023/2024
-0.5
-0.4
-0.3
-0.2
-0.1
0
0.1
0.2'

08-11-2024T15:00:04 - [MESSAGE][PASSED] - Text of object 'Object Repository/Объем потерь/divOtkloneniyaUrovnyaPoter' is: '●● Отклонения, п.п.
п.п.
Отклонения уровня потерь
0.110.11
-0.38-0.38
2022/2023
2023/2024
-0.5
-0.4
-0.3
-0.2
-0.1
0
0.1
0.2'

08-11-2024T15:00:04 - [TEST_STEP][PASSED] - n = n + 6: null

08-11-2024T15:00:04 - [TEST_STEP][PASSED] - Script1686231490255.WriteToExcel(user, dashboardName, n, data, run, a1, a2, a3, a4, a5, a6, a7, a8, a9): null

08-11-2024T15:00:04 - [TEST_STEP][PASSED] - sheetName = "Sheet1": null

08-11-2024T15:00:04 - [TEST_STEP][PASSED] - workbook01 = getWorkbook(excelFilePath): null

08-11-2024T15:00:04 - [TEST_STEP][PASSED] - sheet01 = getExcelSheet(workbook01, sheetName): null

08-11-2024T15:00:04 - [TEST_STEP][PASSED] - setValueToCellByIndex(sheet01, n, 0, dashboardName): null

08-11-2024T15:00:04 - [TEST_STEP][PASSED] - setValueToCellByIndex(sheet01, n, 10, user): null

08-11-2024T15:00:04 - [TEST_STEP][PASSED] - setValueToCellByIndex(sheet01, n, 1, a1): null

08-11-2024T15:00:04 - [TEST_STEP][PASSED] - setValueToCellByIndex(sheet01, n, 2, a2): null

08-11-2024T15:00:04 - [TEST_STEP][PASSED] - setValueToCellByIndex(sheet01, n, 3, a3): null

08-11-2024T15:00:04 - [TEST_STEP][PASSED] - setValueToCellByIndex(sheet01, n, 4, a4): null

08-11-2024T15:00:04 - [TEST_STEP][PASSED] - setValueToCellByIndex(sheet01, n, 5, a5): null

08-11-2024T15:00:04 - [TEST_STEP][PASSED] - setValueToCellByIndex(sheet01, n, 6, a6): null

08-11-2024T15:00:04 - [TEST_STEP][PASSED] - setValueToCellByIndex(sheet01, n, 7, a7): null

08-11-2024T15:00:04 - [TEST_STEP][PASSED] - setValueToCellByIndex(sheet01, n, 8, a8): null

08-11-2024T15:00:04 - [TEST_STEP][PASSED] - setValueToCellByIndex(sheet01, n, 9, a9): null

08-11-2024T15:00:04 - [TEST_STEP][PASSED] - n = n + 1: null

08-11-2024T15:00:04 - [TEST_STEP][PASSED] - saveWorkbook(excelFilePath, workbook01): null

08-11-2024T15:00:04 - [TEST_STEP][PASSED] - if (run == 2): null

08-11-2024T15:00:04 - [TEST_STEP][PASSED] - if (run == 3): null

08-11-2024T15:00:04 - [TEST_STEP][PASSED] - closeBrowser(): null

08-11-2024T15:00:04 - [MESSAGE][PASSED] - Browser is closed

08-11-2024T15:00:04 - [TEST_STEP][PASSED] - ObyemPoter(user, dashboardName, n, data, run, a1, a2, a3, a4, a5, a6, a7, a8, a9, urlData): null

08-11-2024T15:00:04 - [TEST_STEP][PASSED] - n = data.getRowNumbers() + 1: null

08-11-2024T15:00:04 - [TEST_STEP][PASSED] - println(n): null

08-11-2024T15:00:04 - [TEST_STEP][PASSED] - dashboardName = "Объём потерь": null

08-11-2024T15:00:04 - [TEST_STEP][PASSED] - openBrowser(""): Browser is opened with url: ''

08-11-2024T15:00:04 - [MESSAGE][INFO] - Starting 'Chrome' driver

08-11-2024T15:00:04 - [MESSAGE][INFO] - Action delay is set to 0 milliseconds

08-11-2024T15:00:05 - [MESSAGE][PASSED] - Browser is opened with url: ''

08-11-2024T15:00:05 - [TEST_STEP][PASSED] - urlData = 14: null

08-11-2024T15:00:05 - [TEST_STEP][PASSED] - Script1686231490255.CheckPageDownload(urlData, run): null

08-11-2024T15:00:05 - [TEST_STEP][PASSED] - i = 1: null

08-11-2024T15:00:05 - [TEST_STEP][PASSED] - ii = 0: null

08-11-2024T15:00:05 - [TEST_STEP][PASSED] - urlText = <not implemented yet for class: org.codehaus.groovy.ast.expr.EmptyExpression>: null

08-11-2024T15:00:05 - [TEST_STEP][PASSED] - searchWord = <not implemented yet for class: org.codehaus.groovy.ast.expr.EmptyExpression>: null

08-11-2024T15:00:05 - [TEST_STEP][PASSED] - deleteAllCookies(): Delete all cookies successfully

08-11-2024T15:00:05 - [MESSAGE][PASSED] - Delete all cookies successfully

08-11-2024T15:00:05 - [TEST_STEP][PASSED] - refresh(): Refresh successfully

08-11-2024T15:00:05 - [MESSAGE][PASSED] - Refresh successfully

08-11-2024T15:00:05 - [TEST_STEP][PASSED] - delay(65): Delayed 65 second(s)

08-11-2024T15:01:10 - [MESSAGE][PASSED] - Delayed 65 second(s)

08-11-2024T15:01:10 - [TEST_STEP][PASSED] - navigateToUrl(findTestData("PlanFact").getValue(10, urlData)): Navigate to 'https://bi.rosseti.digital/viewer?dashboardGuid=d154a8eaf6824e2b9de1bb04dd061c18&sheetGuid=aa9766f159804cfeb6006ba98edf3a23&fit=true' successfully

08-11-2024T15:01:16 - [MESSAGE][PASSED] - Navigate to 'https://bi.rosseti.digital/viewer?dashboardGuid=d154a8eaf6824e2b9de1bb04dd061c18&sheetGuid=aa9766f159804cfeb6006ba98edf3a23&fit=true' successfully

08-11-2024T15:01:16 - [TEST_STEP][PASSED] - pageLoaded1 = verifyElementPresent(findTestObject("Страница авторизации/Text"), 30): Object 'Object Repository/Страница авторизации/Text' is present

08-11-2024T15:01:19 - [MESSAGE][PASSED] - Object 'Object Repository/Страница авторизации/Text' is present

08-11-2024T15:01:19 - [TEST_STEP][PASSED] - if (pageLoaded1 == false): null

08-11-2024T15:01:19 - [TEST_STEP][PASSED] - urlText = getText(findTestObject("Страница авторизации/Text")): Text of object 'Object Repository/Страница авторизации/Text' is: 'Вход'

08-11-2024T15:01:20 - [MESSAGE][PASSED] - Text of object 'Object Repository/Страница авторизации/Text' is: 'Вход'

08-11-2024T15:01:20 - [TEST_STEP][PASSED] - delay(65): Delayed 65 second(s)

08-11-2024T15:02:25 - [MESSAGE][PASSED] - Delayed 65 second(s)

08-11-2024T15:02:25 - [TEST_STEP][PASSED] - searchWord = "Вход": null

08-11-2024T15:02:25 - [TEST_STEP][PASSED] - if (urlText.contains(searchWord) == false): null

08-11-2024T15:02:25 - [TEST_STEP][PASSED] - setText(findTestObject("Страница авторизации/input__username"), findTestData("PlanFact").getValue(8, run)): Text 'Andreeva-EV' is set on object 'Object Repository/Страница авторизации/input__username'

08-11-2024T15:02:25 - [MESSAGE][PASSED] - Text 'Andreeva-EV' is set on object 'Object Repository/Страница авторизации/input__username'

08-11-2024T15:02:25 - [TEST_STEP][PASSED] - setText(findTestObject("Страница авторизации/input__password"), findTestData("PlanFact").getValue(9, run)): Text '2nPePKDwCPH3ul7xMZ' is set on object 'Object Repository/Страница авторизации/input__password'

08-11-2024T15:02:26 - [MESSAGE][PASSED] - Text '2nPePKDwCPH3ul7xMZ' is set on object 'Object Repository/Страница авторизации/input__password'

08-11-2024T15:02:26 - [TEST_STEP][PASSED] - click(findTestObject("Страница авторизации/button_")): Object: 'Object Repository/Страница авторизации/button_' is clicked on

08-11-2024T15:02:30 - [MESSAGE][PASSED] - Object: 'Object Repository/Страница авторизации/button_' is clicked on

08-11-2024T15:02:30 - [TEST_STEP][PASSED] - delay(65): Delayed 65 second(s)

08-11-2024T15:03:35 - [MESSAGE][PASSED] - Delayed 65 second(s)

08-11-2024T15:03:35 - [TEST_STEP][PASSED] - searchWord = "а": null

08-11-2024T15:03:35 - [TEST_STEP][PASSED] - pageLoaded2 = verifyElementPresent(findTestObject("Страница авторизации/Text"), 50): Object 'Object Repository/Страница авторизации/Text' is present

08-11-2024T15:03:35 - [MESSAGE][PASSED] - Object 'Object Repository/Страница авторизации/Text' is present

08-11-2024T15:03:35 - [TEST_STEP][PASSED] - if (pageLoaded2 == false): null

08-11-2024T15:03:35 - [TEST_STEP][PASSED] - urlText = getText(findTestObject("Страница авторизации/Text")): Text of object 'Object Repository/Страница авторизации/Text' is: 'ДЗО 
Все
Период
Выбрано: 9
тыс. кВт⋅ч
п.п.
Объем потерь
51 180 55951 180 559
52 400 71652 400 716
52 388 59052 388 590
2022 год
2023 год
2024 год
0
10 000
20 000
30 000
40 000
50 000
60 000
Уровень потерь
8.158.15
8.268.26
7.887.88
Факт
2022 год
2023 год
2024 год
0
2
4
6
8
10
●● Отклонения, тыс. кВт⋅ч
тыс. кВт⋅ч
Отклонения объема потерь
1 220 1571 220 157
-12 126-12 126
2022/2023
2023/2024
-250 000
0
250 000
500 000
750 000
1 000 000
1 250 000
1 500 000
●● Отклонения, п.п.
п.п.
Отклонения уровня потерь
0.110.11
-0.38-0.38
2022/2023
2023/2024
-0.5
-0.4
-0.3
-0.2
-0.1
0
0.1
0.2
Фактические данные по объему и уровню потерь электроэнергии'

08-11-2024T15:03:36 - [MESSAGE][PASSED] - Text of object 'Object Repository/Страница авторизации/Text' is: 'ДЗО 
Все
Период
Выбрано: 9
тыс. кВт⋅ч
п.п.
Объем потерь
51 180 55951 180 559
52 400 71652 400 716
52 388 59052 388 590
2022 год
2023 год
2024 год
0
10 000
20 000
30 000
40 000
50 000
60 000
Уровень потерь
8.158.15
8.268.26
7.887.88
Факт
2022 год
2023 год
2024 год
0
2
4
6
8
10
●● Отклонения, тыс. кВт⋅ч
тыс. кВт⋅ч
Отклонения объема потерь
1 220 1571 220 157
-12 126-12 126
2022/2023
2023/2024
-250 000
0
250 000
500 000
750 000
1 000 000
1 250 000
1 500 000
●● Отклонения, п.п.
п.п.
Отклонения уровня потерь
0.110.11
-0.38-0.38
2022/2023
2023/2024
-0.5
-0.4
-0.3
-0.2
-0.1
0
0.1
0.2
Фактические данные по объему и уровню потерь электроэнергии'

08-11-2024T15:03:36 - [TEST_STEP][PASSED] - if (urlText.contains("ошибка") || urlText.contains(searchWord) == false): null

08-11-2024T15:03:36 - [TEST_STEP][PASSED] - a9 = "": null

08-11-2024T15:03:36 - [TEST_STEP][PASSED] - a3 = "": null

08-11-2024T15:03:36 - [TEST_STEP][PASSED] - a6 = "": null

08-11-2024T15:03:36 - [TEST_STEP][PASSED] - if (run == 1): null

08-11-2024T15:03:36 - [TEST_STEP][PASSED] - if (run == 2): null

08-11-2024T15:03:36 - [TEST_STEP][PASSED] - user = "Андреева": null

08-11-2024T15:03:36 - [TEST_STEP][PASSED] - a1 = getText(findTestObject("Объем потерь/divObemPoter")): Text of object 'Object Repository/Объем потерь/divObemPoter' is: 'Объем потерь
51 180 55951 180 559
52 400 71652 400 716
52 388 59052 388 590
2022 год
2023 год
2024 год
0
10 000
20 000
30 000
40 000
50 000
60 000'

08-11-2024T15:03:36 - [MESSAGE][PASSED] - Text of object 'Object Repository/Объем потерь/divObemPoter' is: 'Объем потерь
51 180 55951 180 559
52 400 71652 400 716
52 388 59052 388 590
2022 год
2023 год
2024 год
0
10 000
20 000
30 000
40 000
50 000
60 000'

08-11-2024T15:03:36 - [TEST_STEP][PASSED] - a2 = getText(findTestObject("Объем потерь/divUrovenPoter")): Text of object 'Object Repository/Объем потерь/divUrovenPoter' is: 'Уровень потерь
8.158.15
8.268.26
7.887.88
Факт
2022 год
2023 год
2024 год
0
2
4
6
8
10'

08-11-2024T15:03:36 - [MESSAGE][PASSED] - Text of object 'Object Repository/Объем потерь/divUrovenPoter' is: 'Уровень потерь
8.158.15
8.268.26
7.887.88
Факт
2022 год
2023 год
2024 год
0
2
4
6
8
10'

08-11-2024T15:03:36 - [TEST_STEP][PASSED] - a3 = getText(findTestObject("Объем потерь/divOtkloneniyaObemaPoter")): Text of object 'Object Repository/Объем потерь/divOtkloneniyaObemaPoter' is: '●● Отклонения, тыс. кВт⋅ч
тыс. кВт⋅ч
Отклонения объема потерь
1 220 1571 220 157
-12 126-12 126
2022/2023
2023/2024
-250 000
0
250 000
500 000
750 000
1 000 000
1 250 000
1 500 000'

08-11-2024T15:03:37 - [MESSAGE][PASSED] - Text of object 'Object Repository/Объем потерь/divOtkloneniyaObemaPoter' is: '●● Отклонения, тыс. кВт⋅ч
тыс. кВт⋅ч
Отклонения объема потерь
1 220 1571 220 157
-12 126-12 126
2022/2023
2023/2024
-250 000
0
250 000
500 000
750 000
1 000 000
1 250 000
1 500 000'

08-11-2024T15:03:37 - [TEST_STEP][PASSED] - a4 = getText(findTestObject("Объем потерь/divOtkloneniyaUrovnyaPoter")): Text of object 'Object Repository/Объем потерь/divOtkloneniyaUrovnyaPoter' is: '●● Отклонения, п.п.
п.п.
Отклонения уровня потерь
0.110.11
-0.38-0.38
2022/2023
2023/2024
-0.5
-0.4
-0.3
-0.2
-0.1
0
0.1
0.2'

08-11-2024T15:03:37 - [MESSAGE][PASSED] - Text of object 'Object Repository/Объем потерь/divOtkloneniyaUrovnyaPoter' is: '●● Отклонения, п.п.
п.п.
Отклонения уровня потерь
0.110.11
-0.38-0.38
2022/2023
2023/2024
-0.5
-0.4
-0.3
-0.2
-0.1
0
0.1
0.2'

08-11-2024T15:03:37 - [TEST_STEP][PASSED] - n = n + 7: null

08-11-2024T15:03:37 - [TEST_STEP][PASSED] - b = n - run + 1: null

08-11-2024T15:03:37 - [TEST_STEP][PASSED] - verifyEqual(findTestData("PlanFact").getValue(2, b), a1): Actual object 'Объем потерь
51 180 55951 180 559
52 400 71652 400 716
52 388 59052 388 590
2022 год
2023 год
2024 год
0
10 000
20 000
30 000
40 000
50 000
60 000' and expected object 'Объем потерь
51 180 55951 180 559
52 400 71652 400 716
52 388 59052 388 590
2022 год
2023 год
2024 год
0
10 000
20 000
30 000
40 000
50 000
60 000' are equal

08-11-2024T15:03:37 - [MESSAGE][PASSED] - Actual object 'Объем потерь
51 180 55951 180 559
52 400 71652 400 716
52 388 59052 388 590
2022 год
2023 год
2024 год
0
10 000
20 000
30 000
40 000
50 000
60 000' and expected object 'Объем потерь
51 180 55951 180 559
52 400 71652 400 716
52 388 59052 388 590
2022 год
2023 год
2024 год
0
10 000
20 000
30 000
40 000
50 000
60 000' are equal

08-11-2024T15:03:37 - [TEST_STEP][PASSED] - verifyEqual(findTestData("PlanFact").getValue(3, b), a2): Actual object 'Уровень потерь
8.158.15
8.268.26
7.887.88
Факт
2022 год
2023 год
2024 год
0
2
4
6
8
10' and expected object 'Уровень потерь
8.158.15
8.268.26
7.887.88
Факт
2022 год
2023 год
2024 год
0
2
4
6
8
10' are equal

08-11-2024T15:03:37 - [MESSAGE][PASSED] - Actual object 'Уровень потерь
8.158.15
8.268.26
7.887.88
Факт
2022 год
2023 год
2024 год
0
2
4
6
8
10' and expected object 'Уровень потерь
8.158.15
8.268.26
7.887.88
Факт
2022 год
2023 год
2024 год
0
2
4
6
8
10' are equal

08-11-2024T15:03:37 - [TEST_STEP][PASSED] - verifyEqual(findTestData("PlanFact").getValue(4, b), a3): Actual object '●● Отклонения, тыс. кВт⋅ч
тыс. кВт⋅ч
Отклонения объема потерь
1 220 1571 220 157
-12 126-12 126
2022/2023
2023/2024
-250 000
0
250 000
500 000
750 000
1 000 000
1 250 000
1 500 000' and expected object '●● Отклонения, тыс. кВт⋅ч
тыс. кВт⋅ч
Отклонения объема потерь
1 220 1571 220 157
-12 126-12 126
2022/2023
2023/2024
-250 000
0
250 000
500 000
750 000
1 000 000
1 250 000
1 500 000' are equal

08-11-2024T15:03:37 - [MESSAGE][PASSED] - Actual object '●● Отклонения, тыс. кВт⋅ч
тыс. кВт⋅ч
Отклонения объема потерь
1 220 1571 220 157
-12 126-12 126
2022/2023
2023/2024
-250 000
0
250 000
500 000
750 000
1 000 000
1 250 000
1 500 000' and expected object '●● Отклонения, тыс. кВт⋅ч
тыс. кВт⋅ч
Отклонения объема потерь
1 220 1571 220 157
-12 126-12 126
2022/2023
2023/2024
-250 000
0
250 000
500 000
750 000
1 000 000
1 250 000
1 500 000' are equal

08-11-2024T15:03:37 - [TEST_STEP][PASSED] - verifyEqual(findTestData("PlanFact").getValue(5, b), a4): Actual object '●● Отклонения, п.п.
п.п.
Отклонения уровня потерь
0.110.11
-0.38-0.38
2022/2023
2023/2024
-0.5
-0.4
-0.3
-0.2
-0.1
0
0.1
0.2' and expected object '●● Отклонения, п.п.
п.п.
Отклонения уровня потерь
0.110.11
-0.38-0.38
2022/2023
2023/2024
-0.5
-0.4
-0.3
-0.2
-0.1
0
0.1
0.2' are equal

08-11-2024T15:03:37 - [MESSAGE][PASSED] - Actual object '●● Отклонения, п.п.
п.п.
Отклонения уровня потерь
0.110.11
-0.38-0.38
2022/2023
2023/2024
-0.5
-0.4
-0.3
-0.2
-0.1
0
0.1
0.2' and expected object '●● Отклонения, п.п.
п.п.
Отклонения уровня потерь
0.110.11
-0.38-0.38
2022/2023
2023/2024
-0.5
-0.4
-0.3
-0.2
-0.1
0
0.1
0.2' are equal

08-11-2024T15:03:37 - [TEST_STEP][PASSED] - Script1686231490255.WriteToExcel(user, dashboardName, n, data, run, a1, a2, a3, a4, a5, a6, a7, a8, a9): null

08-11-2024T15:03:37 - [TEST_STEP][PASSED] - sheetName = "Sheet1": null

08-11-2024T15:03:37 - [TEST_STEP][PASSED] - workbook01 = getWorkbook(excelFilePath): null

08-11-2024T15:03:37 - [TEST_STEP][PASSED] - sheet01 = getExcelSheet(workbook01, sheetName): null

08-11-2024T15:03:37 - [TEST_STEP][PASSED] - setValueToCellByIndex(sheet01, n, 0, dashboardName): null

08-11-2024T15:03:37 - [TEST_STEP][PASSED] - setValueToCellByIndex(sheet01, n, 10, user): null

08-11-2024T15:03:37 - [TEST_STEP][PASSED] - setValueToCellByIndex(sheet01, n, 1, a1): null

08-11-2024T15:03:37 - [TEST_STEP][PASSED] - setValueToCellByIndex(sheet01, n, 2, a2): null

08-11-2024T15:03:37 - [TEST_STEP][PASSED] - setValueToCellByIndex(sheet01, n, 3, a3): null

08-11-2024T15:03:37 - [TEST_STEP][PASSED] - setValueToCellByIndex(sheet01, n, 4, a4): null

08-11-2024T15:03:37 - [TEST_STEP][PASSED] - setValueToCellByIndex(sheet01, n, 5, a5): null

08-11-2024T15:03:37 - [TEST_STEP][PASSED] - setValueToCellByIndex(sheet01, n, 6, a6): null

08-11-2024T15:03:37 - [TEST_STEP][PASSED] - setValueToCellByIndex(sheet01, n, 7, a7): null

08-11-2024T15:03:37 - [TEST_STEP][PASSED] - setValueToCellByIndex(sheet01, n, 8, a8): null

08-11-2024T15:03:37 - [TEST_STEP][PASSED] - setValueToCellByIndex(sheet01, n, 9, a9): null

08-11-2024T15:03:37 - [TEST_STEP][PASSED] - n = n + 1: null

08-11-2024T15:03:37 - [TEST_STEP][PASSED] - saveWorkbook(excelFilePath, workbook01): null

08-11-2024T15:03:38 - [TEST_STEP][PASSED] - if (run == 3): null

08-11-2024T15:03:38 - [TEST_STEP][PASSED] - closeBrowser(): null

08-11-2024T15:03:38 - [MESSAGE][PASSED] - Browser is closed

08-11-2024T15:03:38 - [TEST_STEP][PASSED] - ObyemPoter(user, dashboardName, n, data, run, a1, a2, a3, a4, a5, a6, a7, a8, a9, urlData): null

08-11-2024T15:03:38 - [TEST_STEP][PASSED] - n = data.getRowNumbers() + 1: null

08-11-2024T15:03:38 - [TEST_STEP][PASSED] - println(n): null

08-11-2024T15:03:38 - [TEST_STEP][PASSED] - dashboardName = "Объём потерь": null

08-11-2024T15:03:38 - [TEST_STEP][PASSED] - openBrowser(""): Browser is opened with url: ''

08-11-2024T15:03:38 - [MESSAGE][INFO] - Starting 'Chrome' driver

08-11-2024T15:03:38 - [MESSAGE][INFO] - Action delay is set to 0 milliseconds

08-11-2024T15:03:39 - [MESSAGE][PASSED] - Browser is opened with url: ''

08-11-2024T15:03:39 - [TEST_STEP][PASSED] - urlData = 14: null

08-11-2024T15:03:39 - [TEST_STEP][PASSED] - Script1686231490255.CheckPageDownload(urlData, run): null

08-11-2024T15:03:39 - [TEST_STEP][PASSED] - i = 1: null

08-11-2024T15:03:39 - [TEST_STEP][PASSED] - ii = 0: null

08-11-2024T15:03:39 - [TEST_STEP][PASSED] - urlText = <not implemented yet for class: org.codehaus.groovy.ast.expr.EmptyExpression>: null

08-11-2024T15:03:39 - [TEST_STEP][PASSED] - searchWord = <not implemented yet for class: org.codehaus.groovy.ast.expr.EmptyExpression>: null

08-11-2024T15:03:39 - [TEST_STEP][PASSED] - deleteAllCookies(): Delete all cookies successfully

08-11-2024T15:03:39 - [MESSAGE][PASSED] - Delete all cookies successfully

08-11-2024T15:03:39 - [TEST_STEP][PASSED] - refresh(): Refresh successfully

08-11-2024T15:03:39 - [MESSAGE][PASSED] - Refresh successfully

08-11-2024T15:03:39 - [TEST_STEP][PASSED] - delay(65): Delayed 65 second(s)

08-11-2024T15:04:44 - [MESSAGE][PASSED] - Delayed 65 second(s)

08-11-2024T15:04:44 - [TEST_STEP][PASSED] - navigateToUrl(findTestData("PlanFact").getValue(10, urlData)): Navigate to 'https://bi.rosseti.digital/viewer?dashboardGuid=d154a8eaf6824e2b9de1bb04dd061c18&sheetGuid=aa9766f159804cfeb6006ba98edf3a23&fit=true' successfully

08-11-2024T15:04:50 - [MESSAGE][PASSED] - Navigate to 'https://bi.rosseti.digital/viewer?dashboardGuid=d154a8eaf6824e2b9de1bb04dd061c18&sheetGuid=aa9766f159804cfeb6006ba98edf3a23&fit=true' successfully

08-11-2024T15:04:50 - [TEST_STEP][PASSED] - pageLoaded1 = verifyElementPresent(findTestObject("Страница авторизации/Text"), 30): Object 'Object Repository/Страница авторизации/Text' is present

08-11-2024T15:04:53 - [MESSAGE][PASSED] - Object 'Object Repository/Страница авторизации/Text' is present

08-11-2024T15:04:53 - [TEST_STEP][PASSED] - if (pageLoaded1 == false): null

08-11-2024T15:04:53 - [TEST_STEP][PASSED] - urlText = getText(findTestObject("Страница авторизации/Text")): Text of object 'Object Repository/Страница авторизации/Text' is: 'Вход'

08-11-2024T15:04:53 - [MESSAGE][PASSED] - Text of object 'Object Repository/Страница авторизации/Text' is: 'Вход'

08-11-2024T15:04:53 - [TEST_STEP][PASSED] - delay(65): Delayed 65 second(s)

08-11-2024T15:05:58 - [MESSAGE][PASSED] - Delayed 65 second(s)

08-11-2024T15:05:58 - [TEST_STEP][PASSED] - searchWord = "Вход": null

08-11-2024T15:05:58 - [TEST_STEP][PASSED] - if (urlText.contains(searchWord) == false): null

08-11-2024T15:05:58 - [TEST_STEP][PASSED] - setText(findTestObject("Страница авторизации/input__username"), findTestData("PlanFact").getValue(8, run)): Text 'Petrova-OV' is set on object 'Object Repository/Страница авторизации/input__username'

08-11-2024T15:05:59 - [MESSAGE][PASSED] - Text 'Petrova-OV' is set on object 'Object Repository/Страница авторизации/input__username'

08-11-2024T15:05:59 - [TEST_STEP][PASSED] - setText(findTestObject("Страница авторизации/input__password"), findTestData("PlanFact").getValue(9, run)): Text '4Ex@~R53r&3x&BVe7' is set on object 'Object Repository/Страница авторизации/input__password'

08-11-2024T15:05:59 - [MESSAGE][PASSED] - Text '4Ex@~R53r&3x&BVe7' is set on object 'Object Repository/Страница авторизации/input__password'

08-11-2024T15:05:59 - [TEST_STEP][PASSED] - click(findTestObject("Страница авторизации/button_")): Object: 'Object Repository/Страница авторизации/button_' is clicked on

08-11-2024T15:06:02 - [MESSAGE][PASSED] - Object: 'Object Repository/Страница авторизации/button_' is clicked on

08-11-2024T15:06:02 - [TEST_STEP][PASSED] - delay(65): Delayed 65 second(s)

08-11-2024T15:07:07 - [MESSAGE][PASSED] - Delayed 65 second(s)

08-11-2024T15:07:07 - [TEST_STEP][PASSED] - searchWord = "а": null

08-11-2024T15:07:07 - [TEST_STEP][PASSED] - pageLoaded2 = verifyElementPresent(findTestObject("Страница авторизации/Text"), 50): Object 'Object Repository/Страница авторизации/Text' is present

08-11-2024T15:07:07 - [MESSAGE][PASSED] - Object 'Object Repository/Страница авторизации/Text' is present

08-11-2024T15:07:07 - [TEST_STEP][PASSED] - if (pageLoaded2 == false): null

08-11-2024T15:07:07 - [TEST_STEP][PASSED] - urlText = getText(findTestObject("Страница авторизации/Text")): Text of object 'Object Repository/Страница авторизации/Text' is: 'ДЗО 
Все
Период
Выбрано: 9
тыс. кВт⋅ч
п.п.
Объем потерь
51 180 55951 180 559
52 400 71652 400 716
52 388 59052 388 590
2022 год
2023 год
2024 год
0
10 000
20 000
30 000
40 000
50 000
60 000
Уровень потерь
8.158.15
8.268.26
7.887.88
Факт
2022 год
2023 год
2024 год
0
2
4
6
8
10
●● Отклонения, тыс. кВт⋅ч
тыс. кВт⋅ч
Отклонения объема потерь
1 220 1571 220 157
-12 126-12 126
2022/2023
2023/2024
-250 000
0
250 000
500 000
750 000
1 000 000
1 250 000
1 500 000
●● Отклонения, п.п.
п.п.
Отклонения уровня потерь
0.110.11
-0.38-0.38
2022/2023
2023/2024
-0.5
-0.4
-0.3
-0.2
-0.1
0
0.1
0.2
Фактические данные по объему и уровню потерь электроэнергии'

08-11-2024T15:07:08 - [MESSAGE][PASSED] - Text of object 'Object Repository/Страница авторизации/Text' is: 'ДЗО 
Все
Период
Выбрано: 9
тыс. кВт⋅ч
п.п.
Объем потерь
51 180 55951 180 559
52 400 71652 400 716
52 388 59052 388 590
2022 год
2023 год
2024 год
0
10 000
20 000
30 000
40 000
50 000
60 000
Уровень потерь
8.158.15
8.268.26
7.887.88
Факт
2022 год
2023 год
2024 год
0
2
4
6
8
10
●● Отклонения, тыс. кВт⋅ч
тыс. кВт⋅ч
Отклонения объема потерь
1 220 1571 220 157
-12 126-12 126
2022/2023
2023/2024
-250 000
0
250 000
500 000
750 000
1 000 000
1 250 000
1 500 000
●● Отклонения, п.п.
п.п.
Отклонения уровня потерь
0.110.11
-0.38-0.38
2022/2023
2023/2024
-0.5
-0.4
-0.3
-0.2
-0.1
0
0.1
0.2
Фактические данные по объему и уровню потерь электроэнергии'

08-11-2024T15:07:08 - [TEST_STEP][PASSED] - if (urlText.contains("ошибка") || urlText.contains(searchWord) == false): null

08-11-2024T15:07:08 - [TEST_STEP][PASSED] - a9 = "": null

08-11-2024T15:07:08 - [TEST_STEP][PASSED] - a3 = "": null

08-11-2024T15:07:08 - [TEST_STEP][PASSED] - a6 = "": null

08-11-2024T15:07:08 - [TEST_STEP][PASSED] - if (run == 1): null

08-11-2024T15:07:08 - [TEST_STEP][PASSED] - if (run == 2): null

08-11-2024T15:07:08 - [TEST_STEP][PASSED] - if (run == 3): null

08-11-2024T15:07:08 - [TEST_STEP][PASSED] - user = "Попова": null

08-11-2024T15:07:08 - [TEST_STEP][PASSED] - a1 = getText(findTestObject("Объем потерь/divObemPoter")): Text of object 'Object Repository/Объем потерь/divObemPoter' is: 'Объем потерь
51 180 55951 180 559
52 400 71652 400 716
52 388 59052 388 590
2022 год
2023 год
2024 год
0
10 000
20 000
30 000
40 000
50 000
60 000'

08-11-2024T15:07:08 - [MESSAGE][PASSED] - Text of object 'Object Repository/Объем потерь/divObemPoter' is: 'Объем потерь
51 180 55951 180 559
52 400 71652 400 716
52 388 59052 388 590
2022 год
2023 год
2024 год
0
10 000
20 000
30 000
40 000
50 000
60 000'

08-11-2024T15:07:08 - [TEST_STEP][PASSED] - a2 = getText(findTestObject("Объем потерь/divUrovenPoter")): Text of object 'Object Repository/Объем потерь/divUrovenPoter' is: 'Уровень потерь
8.158.15
8.268.26
7.887.88
Факт
2022 год
2023 год
2024 год
0
2
4
6
8
10'

08-11-2024T15:07:09 - [MESSAGE][PASSED] - Text of object 'Object Repository/Объем потерь/divUrovenPoter' is: 'Уровень потерь
8.158.15
8.268.26
7.887.88
Факт
2022 год
2023 год
2024 год
0
2
4
6
8
10'

08-11-2024T15:07:09 - [TEST_STEP][PASSED] - a3 = getText(findTestObject("Объем потерь/divOtkloneniyaObemaPoter")): Text of object 'Object Repository/Объем потерь/divOtkloneniyaObemaPoter' is: '●● Отклонения, тыс. кВт⋅ч
тыс. кВт⋅ч
Отклонения объема потерь
1 220 1571 220 157
-12 126-12 126
2022/2023
2023/2024
-250 000
0
250 000
500 000
750 000
1 000 000
1 250 000
1 500 000'

08-11-2024T15:07:09 - [MESSAGE][PASSED] - Text of object 'Object Repository/Объем потерь/divOtkloneniyaObemaPoter' is: '●● Отклонения, тыс. кВт⋅ч
тыс. кВт⋅ч
Отклонения объема потерь
1 220 1571 220 157
-12 126-12 126
2022/2023
2023/2024
-250 000
0
250 000
500 000
750 000
1 000 000
1 250 000
1 500 000'

08-11-2024T15:07:09 - [TEST_STEP][PASSED] - a4 = getText(findTestObject("Объем потерь/divOtkloneniyaUrovnyaPoter")): Text of object 'Object Repository/Объем потерь/divOtkloneniyaUrovnyaPoter' is: '●● Отклонения, п.п.
п.п.
Отклонения уровня потерь
0.110.11
-0.38-0.38
2022/2023
2023/2024
-0.5
-0.4
-0.3
-0.2
-0.1
0
0.1
0.2'

08-11-2024T15:07:09 - [MESSAGE][PASSED] - Text of object 'Object Repository/Объем потерь/divOtkloneniyaUrovnyaPoter' is: '●● Отклонения, п.п.
п.п.
Отклонения уровня потерь
0.110.11
-0.38-0.38
2022/2023
2023/2024
-0.5
-0.4
-0.3
-0.2
-0.1
0
0.1
0.2'

08-11-2024T15:07:09 - [TEST_STEP][PASSED] - n = n + 8: null

08-11-2024T15:07:09 - [TEST_STEP][PASSED] - b = n - run + 1: null

08-11-2024T15:07:09 - [TEST_STEP][PASSED] - verifyEqual(findTestData("PlanFact").getValue(2, b), a1): Actual object 'Объем потерь
51 180 55951 180 559
52 400 71652 400 716
52 388 59052 388 590
2022 год
2023 год
2024 год
0
10 000
20 000
30 000
40 000
50 000
60 000' and expected object 'Объем потерь
51 180 55951 180 559
52 400 71652 400 716
52 388 59052 388 590
2022 год
2023 год
2024 год
0
10 000
20 000
30 000
40 000
50 000
60 000' are equal

08-11-2024T15:07:09 - [MESSAGE][PASSED] - Actual object 'Объем потерь
51 180 55951 180 559
52 400 71652 400 716
52 388 59052 388 590
2022 год
2023 год
2024 год
0
10 000
20 000
30 000
40 000
50 000
60 000' and expected object 'Объем потерь
51 180 55951 180 559
52 400 71652 400 716
52 388 59052 388 590
2022 год
2023 год
2024 год
0
10 000
20 000
30 000
40 000
50 000
60 000' are equal

08-11-2024T15:07:09 - [TEST_STEP][PASSED] - verifyEqual(findTestData("PlanFact").getValue(3, b), a2): Actual object 'Уровень потерь
8.158.15
8.268.26
7.887.88
Факт
2022 год
2023 год
2024 год
0
2
4
6
8
10' and expected object 'Уровень потерь
8.158.15
8.268.26
7.887.88
Факт
2022 год
2023 год
2024 год
0
2
4
6
8
10' are equal

08-11-2024T15:07:09 - [MESSAGE][PASSED] - Actual object 'Уровень потерь
8.158.15
8.268.26
7.887.88
Факт
2022 год
2023 год
2024 год
0
2
4
6
8
10' and expected object 'Уровень потерь
8.158.15
8.268.26
7.887.88
Факт
2022 год
2023 год
2024 год
0
2
4
6
8
10' are equal

08-11-2024T15:07:09 - [TEST_STEP][PASSED] - verifyEqual(findTestData("PlanFact").getValue(4, b), a3): Actual object '●● Отклонения, тыс. кВт⋅ч
тыс. кВт⋅ч
Отклонения объема потерь
1 220 1571 220 157
-12 126-12 126
2022/2023
2023/2024
-250 000
0
250 000
500 000
750 000
1 000 000
1 250 000
1 500 000' and expected object '●● Отклонения, тыс. кВт⋅ч
тыс. кВт⋅ч
Отклонения объема потерь
1 220 1571 220 157
-12 126-12 126
2022/2023
2023/2024
-250 000
0
250 000
500 000
750 000
1 000 000
1 250 000
1 500 000' are equal

08-11-2024T15:07:09 - [MESSAGE][PASSED] - Actual object '●● Отклонения, тыс. кВт⋅ч
тыс. кВт⋅ч
Отклонения объема потерь
1 220 1571 220 157
-12 126-12 126
2022/2023
2023/2024
-250 000
0
250 000
500 000
750 000
1 000 000
1 250 000
1 500 000' and expected object '●● Отклонения, тыс. кВт⋅ч
тыс. кВт⋅ч
Отклонения объема потерь
1 220 1571 220 157
-12 126-12 126
2022/2023
2023/2024
-250 000
0
250 000
500 000
750 000
1 000 000
1 250 000
1 500 000' are equal

08-11-2024T15:07:09 - [TEST_STEP][PASSED] - verifyEqual(findTestData("PlanFact").getValue(5, b), a4): Actual object '●● Отклонения, п.п.
п.п.
Отклонения уровня потерь
0.110.11
-0.38-0.38
2022/2023
2023/2024
-0.5
-0.4
-0.3
-0.2
-0.1
0
0.1
0.2' and expected object '●● Отклонения, п.п.
п.п.
Отклонения уровня потерь
0.110.11
-0.38-0.38
2022/2023
2023/2024
-0.5
-0.4
-0.3
-0.2
-0.1
0
0.1
0.2' are equal

08-11-2024T15:07:09 - [MESSAGE][PASSED] - Actual object '●● Отклонения, п.п.
п.п.
Отклонения уровня потерь
0.110.11
-0.38-0.38
2022/2023
2023/2024
-0.5
-0.4
-0.3
-0.2
-0.1
0
0.1
0.2' and expected object '●● Отклонения, п.п.
п.п.
Отклонения уровня потерь
0.110.11
-0.38-0.38
2022/2023
2023/2024
-0.5
-0.4
-0.3
-0.2
-0.1
0
0.1
0.2' are equal

08-11-2024T15:07:09 - [TEST_STEP][PASSED] - Script1686231490255.WriteToExcel(user, dashboardName, n, data, run, a1, a2, a3, a4, a5, a6, a7, a8, a9): null

08-11-2024T15:07:09 - [TEST_STEP][PASSED] - sheetName = "Sheet1": null

08-11-2024T15:07:09 - [TEST_STEP][PASSED] - workbook01 = getWorkbook(excelFilePath): null

08-11-2024T15:07:09 - [TEST_STEP][PASSED] - sheet01 = getExcelSheet(workbook01, sheetName): null

08-11-2024T15:07:09 - [TEST_STEP][PASSED] - setValueToCellByIndex(sheet01, n, 0, dashboardName): null

08-11-2024T15:07:09 - [TEST_STEP][PASSED] - setValueToCellByIndex(sheet01, n, 10, user): null

08-11-2024T15:07:09 - [TEST_STEP][PASSED] - setValueToCellByIndex(sheet01, n, 1, a1): null

08-11-2024T15:07:09 - [TEST_STEP][PASSED] - setValueToCellByIndex(sheet01, n, 2, a2): null

08-11-2024T15:07:09 - [TEST_STEP][PASSED] - setValueToCellByIndex(sheet01, n, 3, a3): null

08-11-2024T15:07:09 - [TEST_STEP][PASSED] - setValueToCellByIndex(sheet01, n, 4, a4): null

08-11-2024T15:07:09 - [TEST_STEP][PASSED] - setValueToCellByIndex(sheet01, n, 5, a5): null

08-11-2024T15:07:09 - [TEST_STEP][PASSED] - setValueToCellByIndex(sheet01, n, 6, a6): null

08-11-2024T15:07:09 - [TEST_STEP][PASSED] - setValueToCellByIndex(sheet01, n, 7, a7): null

08-11-2024T15:07:09 - [TEST_STEP][PASSED] - setValueToCellByIndex(sheet01, n, 8, a8): null

08-11-2024T15:07:09 - [TEST_STEP][PASSED] - setValueToCellByIndex(sheet01, n, 9, a9): null

08-11-2024T15:07:09 - [TEST_STEP][PASSED] - n = n + 1: null

08-11-2024T15:07:09 - [TEST_STEP][PASSED] - saveWorkbook(excelFilePath, workbook01): null

08-11-2024T15:07:10 - [TEST_STEP][PASSED] - closeBrowser(): Browser is closed

08-11-2024T15:07:10 - [MESSAGE][PASSED] - Browser is closed

08-11-2024T15:07:10 - [TEST_STEP][PASSED] - delay(65): Delayed 65 second(s)

08-11-2024T15:08:15 - [MESSAGE][PASSED] - Delayed 65 second(s)

08-11-2024T15:08:15 - [TEST_STEP][PASSED] - for ([run = 1, run < 4, (run++)]): null

08-11-2024T15:08:15 - [TEST_STEP][PASSED] - OtpuskIzSeti(user, dashboardName, n, data, run, a1, a2, a3, a4, a5, a6, a7, a8, a9, urlData): null

08-11-2024T15:08:15 - [TEST_STEP][PASSED] - n = data.getRowNumbers() + 1: null

08-11-2024T15:08:15 - [TEST_STEP][PASSED] - println(n): null

08-11-2024T15:08:15 - [TEST_STEP][PASSED] - dashboardName = "Отпуск из сети": null

08-11-2024T15:08:15 - [TEST_STEP][PASSED] - openBrowser(""): Browser is opened with url: ''

08-11-2024T15:08:15 - [MESSAGE][INFO] - Starting 'Chrome' driver

08-11-2024T15:08:15 - [MESSAGE][INFO] - Action delay is set to 0 milliseconds

08-11-2024T15:08:16 - [MESSAGE][PASSED] - Browser is opened with url: ''

08-11-2024T15:08:16 - [TEST_STEP][PASSED] - urlData = 15: null

08-11-2024T15:08:16 - [TEST_STEP][PASSED] - Script1686231490255.CheckPageDownload(urlData, run): null

08-11-2024T15:08:16 - [TEST_STEP][PASSED] - i = 1: null

08-11-2024T15:08:16 - [TEST_STEP][PASSED] - ii = 0: null

08-11-2024T15:08:16 - [TEST_STEP][PASSED] - urlText = <not implemented yet for class: org.codehaus.groovy.ast.expr.EmptyExpression>: null

08-11-2024T15:08:16 - [TEST_STEP][PASSED] - searchWord = <not implemented yet for class: org.codehaus.groovy.ast.expr.EmptyExpression>: null

08-11-2024T15:08:16 - [TEST_STEP][PASSED] - deleteAllCookies(): Delete all cookies successfully

08-11-2024T15:08:16 - [MESSAGE][PASSED] - Delete all cookies successfully

08-11-2024T15:08:16 - [TEST_STEP][PASSED] - refresh(): Refresh successfully

08-11-2024T15:08:16 - [MESSAGE][PASSED] - Refresh successfully

08-11-2024T15:08:16 - [TEST_STEP][PASSED] - delay(65): Delayed 65 second(s)

08-11-2024T15:09:21 - [MESSAGE][PASSED] - Delayed 65 second(s)

08-11-2024T15:09:21 - [TEST_STEP][PASSED] - navigateToUrl(findTestData("PlanFact").getValue(10, urlData)): Navigate to 'https://bi.rosseti.digital/viewer?dashboardGuid=d154a8eaf6824e2b9de1bb04dd061c18&sheetGuid=f217cc6775674247871931fed0993c14&fit=true' successfully

08-11-2024T15:09:26 - [MESSAGE][PASSED] - Navigate to 'https://bi.rosseti.digital/viewer?dashboardGuid=d154a8eaf6824e2b9de1bb04dd061c18&sheetGuid=f217cc6775674247871931fed0993c14&fit=true' successfully

08-11-2024T15:09:26 - [TEST_STEP][PASSED] - pageLoaded1 = verifyElementPresent(findTestObject("Страница авторизации/Text"), 30): Object 'Object Repository/Страница авторизации/Text' is present

08-11-2024T15:09:28 - [MESSAGE][PASSED] - Object 'Object Repository/Страница авторизации/Text' is present

08-11-2024T15:09:28 - [TEST_STEP][PASSED] - if (pageLoaded1 == false): null

08-11-2024T15:09:28 - [TEST_STEP][PASSED] - urlText = getText(findTestObject("Страница авторизации/Text")): Text of object 'Object Repository/Страница авторизации/Text' is: 'Вход'

08-11-2024T15:09:29 - [MESSAGE][PASSED] - Text of object 'Object Repository/Страница авторизации/Text' is: 'Вход'

08-11-2024T15:09:29 - [TEST_STEP][PASSED] - delay(65): Delayed 65 second(s)

08-11-2024T15:10:34 - [MESSAGE][PASSED] - Delayed 65 second(s)

08-11-2024T15:10:34 - [TEST_STEP][PASSED] - searchWord = "Вход": null

08-11-2024T15:10:34 - [TEST_STEP][PASSED] - if (urlText.contains(searchWord) == false): null

08-11-2024T15:10:34 - [TEST_STEP][PASSED] - setText(findTestObject("Страница авторизации/input__username"), findTestData("PlanFact").getValue(8, run)): Text 'liazgina-di' is set on object 'Object Repository/Страница авторизации/input__username'

08-11-2024T15:10:34 - [MESSAGE][PASSED] - Text 'liazgina-di' is set on object 'Object Repository/Страница авторизации/input__username'

08-11-2024T15:10:34 - [TEST_STEP][PASSED] - setText(findTestObject("Страница авторизации/input__password"), findTestData("PlanFact").getValue(9, run)): Text ')$%5srZ8o688Dm#q' is set on object 'Object Repository/Страница авторизации/input__password'

08-11-2024T15:10:35 - [MESSAGE][PASSED] - Text ')$%5srZ8o688Dm#q' is set on object 'Object Repository/Страница авторизации/input__password'

08-11-2024T15:10:35 - [TEST_STEP][PASSED] - click(findTestObject("Страница авторизации/button_")): Object: 'Object Repository/Страница авторизации/button_' is clicked on

08-11-2024T15:10:39 - [MESSAGE][PASSED] - Object: 'Object Repository/Страница авторизации/button_' is clicked on

08-11-2024T15:10:39 - [TEST_STEP][PASSED] - delay(65): Delayed 65 second(s)

08-11-2024T15:11:44 - [MESSAGE][PASSED] - Delayed 65 second(s)

08-11-2024T15:11:44 - [TEST_STEP][PASSED] - searchWord = "а": null

08-11-2024T15:11:44 - [TEST_STEP][PASSED] - pageLoaded2 = verifyElementPresent(findTestObject("Страница авторизации/Text"), 50): Object 'Object Repository/Страница авторизации/Text' is present

08-11-2024T15:11:44 - [MESSAGE][PASSED] - Object 'Object Repository/Страница авторизации/Text' is present

08-11-2024T15:11:44 - [TEST_STEP][PASSED] - if (pageLoaded2 == false): null

08-11-2024T15:11:44 - [TEST_STEP][PASSED] - urlText = getText(findTestObject("Страница авторизации/Text")): Text of object 'Object Repository/Страница авторизации/Text' is: 'ДЗО 
Все
Период
Выбрано: 9
Отпуск из сети
Факт
2022 год
2023 год
2024 год
0
50 000
100 000
150 000
200 000
250 000
300 000
350 000
400 000
450 000
500 000
550 000
600 000
650 000
577 112 226
582 175 559
173 587 890
●● Отклонения, тыс. кВт⋅ч
тыс. кВт⋅ч
Отклонения по отпуску из сети
5 063 3325 063 332
-408 587 669-408 587 669
2022/2023
2023/2024
-500 000 000
-400 000 000
-300 000 000
-200 000 000
-100 000 000
0
100 000 000
●● Отклонения, %
%
Отклонения по отпуску из сети
0.880.88
-70.18-70.18
2022/2023
2023/2024
-80
-60
-40
-20
0
20
тыс. кВт⋅ч
Фактические данные по отпуску из сети'

08-11-2024T15:11:45 - [MESSAGE][PASSED] - Text of object 'Object Repository/Страница авторизации/Text' is: 'ДЗО 
Все
Период
Выбрано: 9
Отпуск из сети
Факт
2022 год
2023 год
2024 год
0
50 000
100 000
150 000
200 000
250 000
300 000
350 000
400 000
450 000
500 000
550 000
600 000
650 000
577 112 226
582 175 559
173 587 890
●● Отклонения, тыс. кВт⋅ч
тыс. кВт⋅ч
Отклонения по отпуску из сети
5 063 3325 063 332
-408 587 669-408 587 669
2022/2023
2023/2024
-500 000 000
-400 000 000
-300 000 000
-200 000 000
-100 000 000
0
100 000 000
●● Отклонения, %
%
Отклонения по отпуску из сети
0.880.88
-70.18-70.18
2022/2023
2023/2024
-80
-60
-40
-20
0
20
тыс. кВт⋅ч
Фактические данные по отпуску из сети'

08-11-2024T15:11:45 - [TEST_STEP][PASSED] - if (urlText.contains("ошибка") || urlText.contains(searchWord) == false): null

08-11-2024T15:11:45 - [TEST_STEP][PASSED] - a6 = "": null

08-11-2024T15:11:45 - [TEST_STEP][PASSED] - a7 = "": null

08-11-2024T15:11:45 - [TEST_STEP][PASSED] - a8 = "": null

08-11-2024T15:11:45 - [TEST_STEP][PASSED] - a9 = "": null

08-11-2024T15:11:45 - [TEST_STEP][PASSED] - if (run == 1): null

08-11-2024T15:11:45 - [TEST_STEP][PASSED] - user = "админ": null

08-11-2024T15:11:45 - [TEST_STEP][PASSED] - a1 = getText(findTestObject("Отпуск из сети/span1")): Text of object 'Object Repository/Отпуск из сети/span1' is: '577 112 226'

08-11-2024T15:11:45 - [MESSAGE][PASSED] - Text of object 'Object Repository/Отпуск из сети/span1' is: '577 112 226'

08-11-2024T15:11:45 - [TEST_STEP][PASSED] - a2 = getText(findTestObject("Отпуск из сети/span2")): Text of object 'Object Repository/Отпуск из сети/span2' is: '582 175 559'

08-11-2024T15:11:46 - [MESSAGE][PASSED] - Text of object 'Object Repository/Отпуск из сети/span2' is: '582 175 559'

08-11-2024T15:11:46 - [TEST_STEP][PASSED] - a3 = getText(findTestObject("Отпуск из сети/span3")): Text of object 'Object Repository/Отпуск из сети/span3' is: '173 587 890'

08-11-2024T15:11:46 - [MESSAGE][PASSED] - Text of object 'Object Repository/Отпуск из сети/span3' is: '173 587 890'

08-11-2024T15:11:46 - [TEST_STEP][PASSED] - a4 = getText(findTestObject("Отпуск из сети/График1")): Text of object 'Object Repository/Отпуск из сети/График1' is: '●● Отклонения, тыс. кВт⋅ч
тыс. кВт⋅ч
Отклонения по отпуску из сети
5 063 3325 063 332
-408 587 669-408 587 669
2022/2023
2023/2024
-500 000 000
-400 000 000
-300 000 000
-200 000 000
-100 000 000
0
100 000 000'

08-11-2024T15:11:46 - [MESSAGE][PASSED] - Text of object 'Object Repository/Отпуск из сети/График1' is: '●● Отклонения, тыс. кВт⋅ч
тыс. кВт⋅ч
Отклонения по отпуску из сети
5 063 3325 063 332
-408 587 669-408 587 669
2022/2023
2023/2024
-500 000 000
-400 000 000
-300 000 000
-200 000 000
-100 000 000
0
100 000 000'

08-11-2024T15:11:46 - [TEST_STEP][PASSED] - a5 = getText(findTestObject("Отпуск из сети/График2")): Text of object 'Object Repository/Отпуск из сети/График2' is: '●● Отклонения, %
%
Отклонения по отпуску из сети
0.880.88
-70.18-70.18
2022/2023
2023/2024
-80
-60
-40
-20
0
20'

08-11-2024T15:11:47 - [MESSAGE][PASSED] - Text of object 'Object Repository/Отпуск из сети/График2' is: '●● Отклонения, %
%
Отклонения по отпуску из сети
0.880.88
-70.18-70.18
2022/2023
2023/2024
-80
-60
-40
-20
0
20'

08-11-2024T15:11:47 - [TEST_STEP][PASSED] - n = n + 9: null

08-11-2024T15:11:47 - [TEST_STEP][PASSED] - Script1686231490255.WriteToExcel(user, dashboardName, n, data, run, a1, a2, a3, a4, a5, a6, a7, a8, a9): null

08-11-2024T15:11:47 - [TEST_STEP][PASSED] - sheetName = "Sheet1": null

08-11-2024T15:11:47 - [TEST_STEP][PASSED] - workbook01 = getWorkbook(excelFilePath): null

08-11-2024T15:11:47 - [TEST_STEP][PASSED] - sheet01 = getExcelSheet(workbook01, sheetName): null

08-11-2024T15:11:47 - [TEST_STEP][PASSED] - setValueToCellByIndex(sheet01, n, 0, dashboardName): null

08-11-2024T15:11:47 - [TEST_STEP][PASSED] - setValueToCellByIndex(sheet01, n, 10, user): null

08-11-2024T15:11:47 - [TEST_STEP][PASSED] - setValueToCellByIndex(sheet01, n, 1, a1): null

08-11-2024T15:11:47 - [TEST_STEP][PASSED] - setValueToCellByIndex(sheet01, n, 2, a2): null

08-11-2024T15:11:47 - [TEST_STEP][PASSED] - setValueToCellByIndex(sheet01, n, 3, a3): null

08-11-2024T15:11:47 - [TEST_STEP][PASSED] - setValueToCellByIndex(sheet01, n, 4, a4): null

08-11-2024T15:11:47 - [TEST_STEP][PASSED] - setValueToCellByIndex(sheet01, n, 5, a5): null

08-11-2024T15:11:47 - [TEST_STEP][PASSED] - setValueToCellByIndex(sheet01, n, 6, a6): null

08-11-2024T15:11:47 - [TEST_STEP][PASSED] - setValueToCellByIndex(sheet01, n, 7, a7): null

08-11-2024T15:11:47 - [TEST_STEP][PASSED] - setValueToCellByIndex(sheet01, n, 8, a8): null

08-11-2024T15:11:47 - [TEST_STEP][PASSED] - setValueToCellByIndex(sheet01, n, 9, a9): null

08-11-2024T15:11:47 - [TEST_STEP][PASSED] - n = n + 1: null

08-11-2024T15:11:47 - [TEST_STEP][PASSED] - saveWorkbook(excelFilePath, workbook01): null

08-11-2024T15:11:47 - [TEST_STEP][PASSED] - if (run == 2): null

08-11-2024T15:11:47 - [TEST_STEP][PASSED] - if (run == 3): null

08-11-2024T15:11:47 - [TEST_STEP][PASSED] - closeBrowser(): null

08-11-2024T15:11:47 - [MESSAGE][PASSED] - Browser is closed

08-11-2024T15:11:47 - [TEST_STEP][PASSED] - OtpuskIzSeti(user, dashboardName, n, data, run, a1, a2, a3, a4, a5, a6, a7, a8, a9, urlData): null

08-11-2024T15:11:47 - [TEST_STEP][PASSED] - n = data.getRowNumbers() + 1: null

08-11-2024T15:11:47 - [TEST_STEP][PASSED] - println(n): null

08-11-2024T15:11:47 - [TEST_STEP][PASSED] - dashboardName = "Отпуск из сети": null

08-11-2024T15:11:47 - [TEST_STEP][PASSED] - openBrowser(""): Browser is opened with url: ''

08-11-2024T15:11:47 - [MESSAGE][INFO] - Starting 'Chrome' driver

08-11-2024T15:11:47 - [MESSAGE][INFO] - Action delay is set to 0 milliseconds

08-11-2024T15:11:48 - [MESSAGE][PASSED] - Browser is opened with url: ''

08-11-2024T15:11:48 - [TEST_STEP][PASSED] - urlData = 15: null

08-11-2024T15:11:48 - [TEST_STEP][PASSED] - Script1686231490255.CheckPageDownload(urlData, run): null

08-11-2024T15:11:48 - [TEST_STEP][PASSED] - i = 1: null

08-11-2024T15:11:48 - [TEST_STEP][PASSED] - ii = 0: null

08-11-2024T15:11:48 - [TEST_STEP][PASSED] - urlText = <not implemented yet for class: org.codehaus.groovy.ast.expr.EmptyExpression>: null

08-11-2024T15:11:48 - [TEST_STEP][PASSED] - searchWord = <not implemented yet for class: org.codehaus.groovy.ast.expr.EmptyExpression>: null

08-11-2024T15:11:48 - [TEST_STEP][PASSED] - deleteAllCookies(): Delete all cookies successfully

08-11-2024T15:11:48 - [MESSAGE][PASSED] - Delete all cookies successfully

08-11-2024T15:11:48 - [TEST_STEP][PASSED] - refresh(): Refresh successfully

08-11-2024T15:11:48 - [MESSAGE][PASSED] - Refresh successfully

08-11-2024T15:11:48 - [TEST_STEP][PASSED] - delay(65): Delayed 65 second(s)

08-11-2024T15:12:53 - [MESSAGE][PASSED] - Delayed 65 second(s)

08-11-2024T15:12:53 - [TEST_STEP][PASSED] - navigateToUrl(findTestData("PlanFact").getValue(10, urlData)): Navigate to 'https://bi.rosseti.digital/viewer?dashboardGuid=d154a8eaf6824e2b9de1bb04dd061c18&sheetGuid=f217cc6775674247871931fed0993c14&fit=true' successfully

08-11-2024T15:12:59 - [MESSAGE][PASSED] - Navigate to 'https://bi.rosseti.digital/viewer?dashboardGuid=d154a8eaf6824e2b9de1bb04dd061c18&sheetGuid=f217cc6775674247871931fed0993c14&fit=true' successfully

08-11-2024T15:12:59 - [TEST_STEP][PASSED] - pageLoaded1 = verifyElementPresent(findTestObject("Страница авторизации/Text"), 30): Object 'Object Repository/Страница авторизации/Text' is present

08-11-2024T15:13:02 - [MESSAGE][PASSED] - Object 'Object Repository/Страница авторизации/Text' is present

08-11-2024T15:13:02 - [TEST_STEP][PASSED] - if (pageLoaded1 == false): null

08-11-2024T15:13:02 - [TEST_STEP][PASSED] - urlText = getText(findTestObject("Страница авторизации/Text")): Text of object 'Object Repository/Страница авторизации/Text' is: 'Вход'

08-11-2024T15:13:02 - [MESSAGE][PASSED] - Text of object 'Object Repository/Страница авторизации/Text' is: 'Вход'

08-11-2024T15:13:02 - [TEST_STEP][PASSED] - delay(65): Delayed 65 second(s)

08-11-2024T15:14:07 - [MESSAGE][PASSED] - Delayed 65 second(s)

08-11-2024T15:14:07 - [TEST_STEP][PASSED] - searchWord = "Вход": null

08-11-2024T15:14:07 - [TEST_STEP][PASSED] - if (urlText.contains(searchWord) == false): null

08-11-2024T15:14:07 - [TEST_STEP][PASSED] - setText(findTestObject("Страница авторизации/input__username"), findTestData("PlanFact").getValue(8, run)): Text 'Andreeva-EV' is set on object 'Object Repository/Страница авторизации/input__username'

08-11-2024T15:14:08 - [MESSAGE][PASSED] - Text 'Andreeva-EV' is set on object 'Object Repository/Страница авторизации/input__username'

08-11-2024T15:14:08 - [TEST_STEP][PASSED] - setText(findTestObject("Страница авторизации/input__password"), findTestData("PlanFact").getValue(9, run)): Text '2nPePKDwCPH3ul7xMZ' is set on object 'Object Repository/Страница авторизации/input__password'

08-11-2024T15:14:08 - [MESSAGE][PASSED] - Text '2nPePKDwCPH3ul7xMZ' is set on object 'Object Repository/Страница авторизации/input__password'

08-11-2024T15:14:08 - [TEST_STEP][PASSED] - click(findTestObject("Страница авторизации/button_")): Object: 'Object Repository/Страница авторизации/button_' is clicked on

08-11-2024T15:14:12 - [MESSAGE][PASSED] - Object: 'Object Repository/Страница авторизации/button_' is clicked on

08-11-2024T15:14:12 - [TEST_STEP][PASSED] - delay(65): Delayed 65 second(s)

08-11-2024T15:15:17 - [MESSAGE][PASSED] - Delayed 65 second(s)

08-11-2024T15:15:17 - [TEST_STEP][PASSED] - searchWord = "а": null

08-11-2024T15:15:17 - [TEST_STEP][PASSED] - pageLoaded2 = verifyElementPresent(findTestObject("Страница авторизации/Text"), 50): Object 'Object Repository/Страница авторизации/Text' is present

08-11-2024T15:15:17 - [MESSAGE][PASSED] - Object 'Object Repository/Страница авторизации/Text' is present

08-11-2024T15:15:17 - [TEST_STEP][PASSED] - if (pageLoaded2 == false): null

08-11-2024T15:15:17 - [TEST_STEP][PASSED] - urlText = getText(findTestObject("Страница авторизации/Text")): Text of object 'Object Repository/Страница авторизации/Text' is: 'ДЗО 
Все
Период
Выбрано: 9
Отпуск из сети
Факт
2022 год
2023 год
2024 год
0
50 000
100 000
150 000
200 000
250 000
300 000
350 000
400 000
450 000
500 000
550 000
600 000
650 000
577 112 226
582 175 559
173 587 890
●● Отклонения, тыс. кВт⋅ч
тыс. кВт⋅ч
Отклонения по отпуску из сети
5 063 3325 063 332
-408 587 669-408 587 669
2022/2023
2023/2024
-500 000 000
-400 000 000
-300 000 000
-200 000 000
-100 000 000
0
100 000 000
●● Отклонения, %
%
Отклонения по отпуску из сети
0.880.88
-70.18-70.18
2022/2023
2023/2024
-80
-60
-40
-20
0
20
тыс. кВт⋅ч
Фактические данные по отпуску из сети'

08-11-2024T15:15:18 - [MESSAGE][PASSED] - Text of object 'Object Repository/Страница авторизации/Text' is: 'ДЗО 
Все
Период
Выбрано: 9
Отпуск из сети
Факт
2022 год
2023 год
2024 год
0
50 000
100 000
150 000
200 000
250 000
300 000
350 000
400 000
450 000
500 000
550 000
600 000
650 000
577 112 226
582 175 559
173 587 890
●● Отклонения, тыс. кВт⋅ч
тыс. кВт⋅ч
Отклонения по отпуску из сети
5 063 3325 063 332
-408 587 669-408 587 669
2022/2023
2023/2024
-500 000 000
-400 000 000
-300 000 000
-200 000 000
-100 000 000
0
100 000 000
●● Отклонения, %
%
Отклонения по отпуску из сети
0.880.88
-70.18-70.18
2022/2023
2023/2024
-80
-60
-40
-20
0
20
тыс. кВт⋅ч
Фактические данные по отпуску из сети'

08-11-2024T15:15:18 - [TEST_STEP][PASSED] - if (urlText.contains("ошибка") || urlText.contains(searchWord) == false): null

08-11-2024T15:15:18 - [TEST_STEP][PASSED] - a6 = "": null

08-11-2024T15:15:18 - [TEST_STEP][PASSED] - a7 = "": null

08-11-2024T15:15:18 - [TEST_STEP][PASSED] - a8 = "": null

08-11-2024T15:15:18 - [TEST_STEP][PASSED] - a9 = "": null

08-11-2024T15:15:18 - [TEST_STEP][PASSED] - if (run == 1): null

08-11-2024T15:15:18 - [TEST_STEP][PASSED] - if (run == 2): null

08-11-2024T15:15:18 - [TEST_STEP][PASSED] - user = "Андреева": null

08-11-2024T15:15:18 - [TEST_STEP][PASSED] - a1 = getText(findTestObject("Отпуск из сети/span1")): Text of object 'Object Repository/Отпуск из сети/span1' is: '577 112 226'

08-11-2024T15:15:18 - [MESSAGE][PASSED] - Text of object 'Object Repository/Отпуск из сети/span1' is: '577 112 226'

08-11-2024T15:15:18 - [TEST_STEP][PASSED] - a2 = getText(findTestObject("Отпуск из сети/span2")): Text of object 'Object Repository/Отпуск из сети/span2' is: '582 175 559'

08-11-2024T15:15:18 - [MESSAGE][PASSED] - Text of object 'Object Repository/Отпуск из сети/span2' is: '582 175 559'

08-11-2024T15:15:18 - [TEST_STEP][PASSED] - a3 = getText(findTestObject("Отпуск из сети/span3")): Text of object 'Object Repository/Отпуск из сети/span3' is: '173 587 890'

08-11-2024T15:15:19 - [MESSAGE][PASSED] - Text of object 'Object Repository/Отпуск из сети/span3' is: '173 587 890'

08-11-2024T15:15:19 - [TEST_STEP][PASSED] - a4 = getText(findTestObject("Отпуск из сети/График1")): Text of object 'Object Repository/Отпуск из сети/График1' is: '●● Отклонения, тыс. кВт⋅ч
тыс. кВт⋅ч
Отклонения по отпуску из сети
5 063 3325 063 332
-408 587 669-408 587 669
2022/2023
2023/2024
-500 000 000
-400 000 000
-300 000 000
-200 000 000
-100 000 000
0
100 000 000'

08-11-2024T15:15:19 - [MESSAGE][PASSED] - Text of object 'Object Repository/Отпуск из сети/График1' is: '●● Отклонения, тыс. кВт⋅ч
тыс. кВт⋅ч
Отклонения по отпуску из сети
5 063 3325 063 332
-408 587 669-408 587 669
2022/2023
2023/2024
-500 000 000
-400 000 000
-300 000 000
-200 000 000
-100 000 000
0
100 000 000'

08-11-2024T15:15:19 - [TEST_STEP][PASSED] - a5 = getText(findTestObject("Отпуск из сети/График2")): Text of object 'Object Repository/Отпуск из сети/График2' is: '●● Отклонения, %
%
Отклонения по отпуску из сети
0.880.88
-70.18-70.18
2022/2023
2023/2024
-80
-60
-40
-20
0
20'

08-11-2024T15:15:19 - [MESSAGE][PASSED] - Text of object 'Object Repository/Отпуск из сети/График2' is: '●● Отклонения, %
%
Отклонения по отпуску из сети
0.880.88
-70.18-70.18
2022/2023
2023/2024
-80
-60
-40
-20
0
20'

08-11-2024T15:15:19 - [TEST_STEP][PASSED] - n = n + 10: null

08-11-2024T15:15:19 - [TEST_STEP][PASSED] - b = n - run + 1: null

08-11-2024T15:15:19 - [TEST_STEP][PASSED] - verifyEqual(findTestData("PlanFact").getValue(2, b), a1): Actual object '577 112 226' and expected object '577 112 226' are equal

08-11-2024T15:15:19 - [MESSAGE][PASSED] - Actual object '577 112 226' and expected object '577 112 226' are equal

08-11-2024T15:15:19 - [TEST_STEP][PASSED] - verifyEqual(findTestData("PlanFact").getValue(3, b), a2): Actual object '582 175 559' and expected object '582 175 559' are equal

08-11-2024T15:15:19 - [MESSAGE][PASSED] - Actual object '582 175 559' and expected object '582 175 559' are equal

08-11-2024T15:15:19 - [TEST_STEP][PASSED] - verifyEqual(findTestData("PlanFact").getValue(4, b), a3): Actual object '173 587 890' and expected object '173 587 890' are equal

08-11-2024T15:15:19 - [MESSAGE][PASSED] - Actual object '173 587 890' and expected object '173 587 890' are equal

08-11-2024T15:15:19 - [TEST_STEP][PASSED] - verifyEqual(findTestData("PlanFact").getValue(5, b), a4): Actual object '●● Отклонения, тыс. кВт⋅ч
тыс. кВт⋅ч
Отклонения по отпуску из сети
5 063 3325 063 332
-408 587 669-408 587 669
2022/2023
2023/2024
-500 000 000
-400 000 000
-300 000 000
-200 000 000
-100 000 000
0
100 000 000' and expected object '●● Отклонения, тыс. кВт⋅ч
тыс. кВт⋅ч
Отклонения по отпуску из сети
5 063 3325 063 332
-408 587 669-408 587 669
2022/2023
2023/2024
-500 000 000
-400 000 000
-300 000 000
-200 000 000
-100 000 000
0
100 000 000' are equal

08-11-2024T15:15:19 - [MESSAGE][PASSED] - Actual object '●● Отклонения, тыс. кВт⋅ч
тыс. кВт⋅ч
Отклонения по отпуску из сети
5 063 3325 063 332
-408 587 669-408 587 669
2022/2023
2023/2024
-500 000 000
-400 000 000
-300 000 000
-200 000 000
-100 000 000
0
100 000 000' and expected object '●● Отклонения, тыс. кВт⋅ч
тыс. кВт⋅ч
Отклонения по отпуску из сети
5 063 3325 063 332
-408 587 669-408 587 669
2022/2023
2023/2024
-500 000 000
-400 000 000
-300 000 000
-200 000 000
-100 000 000
0
100 000 000' are equal

08-11-2024T15:15:19 - [TEST_STEP][PASSED] - verifyEqual(findTestData("PlanFact").getValue(6, b), a5): Actual object '●● Отклонения, %
%
Отклонения по отпуску из сети
0.880.88
-70.18-70.18
2022/2023
2023/2024
-80
-60
-40
-20
0
20' and expected object '●● Отклонения, %
%
Отклонения по отпуску из сети
0.880.88
-70.18-70.18
2022/2023
2023/2024
-80
-60
-40
-20
0
20' are equal

08-11-2024T15:15:19 - [MESSAGE][PASSED] - Actual object '●● Отклонения, %
%
Отклонения по отпуску из сети
0.880.88
-70.18-70.18
2022/2023
2023/2024
-80
-60
-40
-20
0
20' and expected object '●● Отклонения, %
%
Отклонения по отпуску из сети
0.880.88
-70.18-70.18
2022/2023
2023/2024
-80
-60
-40
-20
0
20' are equal

08-11-2024T15:15:19 - [TEST_STEP][PASSED] - Script1686231490255.WriteToExcel(user, dashboardName, n, data, run, a1, a2, a3, a4, a5, a6, a7, a8, a9): null

08-11-2024T15:15:19 - [TEST_STEP][PASSED] - sheetName = "Sheet1": null

08-11-2024T15:15:19 - [TEST_STEP][PASSED] - workbook01 = getWorkbook(excelFilePath): null

08-11-2024T15:15:20 - [TEST_STEP][PASSED] - sheet01 = getExcelSheet(workbook01, sheetName): null

08-11-2024T15:15:20 - [TEST_STEP][PASSED] - setValueToCellByIndex(sheet01, n, 0, dashboardName): null

08-11-2024T15:15:20 - [TEST_STEP][PASSED] - setValueToCellByIndex(sheet01, n, 10, user): null

08-11-2024T15:15:20 - [TEST_STEP][PASSED] - setValueToCellByIndex(sheet01, n, 1, a1): null

08-11-2024T15:15:20 - [TEST_STEP][PASSED] - setValueToCellByIndex(sheet01, n, 2, a2): null

08-11-2024T15:15:20 - [TEST_STEP][PASSED] - setValueToCellByIndex(sheet01, n, 3, a3): null

08-11-2024T15:15:20 - [TEST_STEP][PASSED] - setValueToCellByIndex(sheet01, n, 4, a4): null

08-11-2024T15:15:20 - [TEST_STEP][PASSED] - setValueToCellByIndex(sheet01, n, 5, a5): null

08-11-2024T15:15:20 - [TEST_STEP][PASSED] - setValueToCellByIndex(sheet01, n, 6, a6): null

08-11-2024T15:15:20 - [TEST_STEP][PASSED] - setValueToCellByIndex(sheet01, n, 7, a7): null

08-11-2024T15:15:20 - [TEST_STEP][PASSED] - setValueToCellByIndex(sheet01, n, 8, a8): null

08-11-2024T15:15:20 - [TEST_STEP][PASSED] - setValueToCellByIndex(sheet01, n, 9, a9): null

08-11-2024T15:15:20 - [TEST_STEP][PASSED] - n = n + 1: null

08-11-2024T15:15:20 - [TEST_STEP][PASSED] - saveWorkbook(excelFilePath, workbook01): null

08-11-2024T15:15:20 - [TEST_STEP][PASSED] - if (run == 3): null

08-11-2024T15:15:20 - [TEST_STEP][PASSED] - closeBrowser(): null

08-11-2024T15:15:20 - [MESSAGE][PASSED] - Browser is closed

08-11-2024T15:15:20 - [TEST_STEP][PASSED] - OtpuskIzSeti(user, dashboardName, n, data, run, a1, a2, a3, a4, a5, a6, a7, a8, a9, urlData): null

08-11-2024T15:15:20 - [TEST_STEP][PASSED] - n = data.getRowNumbers() + 1: null

08-11-2024T15:15:20 - [TEST_STEP][PASSED] - println(n): null

08-11-2024T15:15:20 - [TEST_STEP][PASSED] - dashboardName = "Отпуск из сети": null

08-11-2024T15:15:20 - [TEST_STEP][PASSED] - openBrowser(""): Browser is opened with url: ''

08-11-2024T15:15:20 - [MESSAGE][INFO] - Starting 'Chrome' driver

08-11-2024T15:15:20 - [MESSAGE][INFO] - Action delay is set to 0 milliseconds

08-11-2024T15:15:21 - [MESSAGE][PASSED] - Browser is opened with url: ''

08-11-2024T15:15:21 - [TEST_STEP][PASSED] - urlData = 15: null

08-11-2024T15:15:21 - [TEST_STEP][PASSED] - Script1686231490255.CheckPageDownload(urlData, run): null

08-11-2024T15:15:21 - [TEST_STEP][PASSED] - i = 1: null

08-11-2024T15:15:21 - [TEST_STEP][PASSED] - ii = 0: null

08-11-2024T15:15:21 - [TEST_STEP][PASSED] - urlText = <not implemented yet for class: org.codehaus.groovy.ast.expr.EmptyExpression>: null

08-11-2024T15:15:21 - [TEST_STEP][PASSED] - searchWord = <not implemented yet for class: org.codehaus.groovy.ast.expr.EmptyExpression>: null

08-11-2024T15:15:21 - [TEST_STEP][PASSED] - deleteAllCookies(): Delete all cookies successfully

08-11-2024T15:15:21 - [MESSAGE][PASSED] - Delete all cookies successfully

08-11-2024T15:15:21 - [TEST_STEP][PASSED] - refresh(): Refresh successfully

08-11-2024T15:15:21 - [MESSAGE][PASSED] - Refresh successfully

08-11-2024T15:15:21 - [TEST_STEP][PASSED] - delay(65): Delayed 65 second(s)

08-11-2024T15:16:26 - [MESSAGE][PASSED] - Delayed 65 second(s)

08-11-2024T15:16:26 - [TEST_STEP][PASSED] - navigateToUrl(findTestData("PlanFact").getValue(10, urlData)): Navigate to 'https://bi.rosseti.digital/viewer?dashboardGuid=d154a8eaf6824e2b9de1bb04dd061c18&sheetGuid=f217cc6775674247871931fed0993c14&fit=true' successfully

08-11-2024T15:16:31 - [MESSAGE][PASSED] - Navigate to 'https://bi.rosseti.digital/viewer?dashboardGuid=d154a8eaf6824e2b9de1bb04dd061c18&sheetGuid=f217cc6775674247871931fed0993c14&fit=true' successfully

08-11-2024T15:16:31 - [TEST_STEP][PASSED] - pageLoaded1 = verifyElementPresent(findTestObject("Страница авторизации/Text"), 30): Object 'Object Repository/Страница авторизации/Text' is present

08-11-2024T15:16:35 - [MESSAGE][PASSED] - Object 'Object Repository/Страница авторизации/Text' is present

08-11-2024T15:16:35 - [TEST_STEP][PASSED] - if (pageLoaded1 == false): null

08-11-2024T15:16:35 - [TEST_STEP][PASSED] - urlText = getText(findTestObject("Страница авторизации/Text")): Text of object 'Object Repository/Страница авторизации/Text' is: 'Вход'

08-11-2024T15:16:35 - [MESSAGE][PASSED] - Text of object 'Object Repository/Страница авторизации/Text' is: 'Вход'

08-11-2024T15:16:35 - [TEST_STEP][PASSED] - delay(65): Delayed 65 second(s)

08-11-2024T15:17:40 - [MESSAGE][PASSED] - Delayed 65 second(s)

08-11-2024T15:17:40 - [TEST_STEP][PASSED] - searchWord = "Вход": null

08-11-2024T15:17:40 - [TEST_STEP][PASSED] - if (urlText.contains(searchWord) == false): null

08-11-2024T15:17:40 - [TEST_STEP][PASSED] - setText(findTestObject("Страница авторизации/input__username"), findTestData("PlanFact").getValue(8, run)): Text 'Petrova-OV' is set on object 'Object Repository/Страница авторизации/input__username'

08-11-2024T15:17:41 - [MESSAGE][PASSED] - Text 'Petrova-OV' is set on object 'Object Repository/Страница авторизации/input__username'

08-11-2024T15:17:41 - [TEST_STEP][PASSED] - setText(findTestObject("Страница авторизации/input__password"), findTestData("PlanFact").getValue(9, run)): Text '4Ex@~R53r&3x&BVe7' is set on object 'Object Repository/Страница авторизации/input__password'

08-11-2024T15:17:41 - [MESSAGE][PASSED] - Text '4Ex@~R53r&3x&BVe7' is set on object 'Object Repository/Страница авторизации/input__password'

08-11-2024T15:17:41 - [TEST_STEP][PASSED] - click(findTestObject("Страница авторизации/button_")): Object: 'Object Repository/Страница авторизации/button_' is clicked on

08-11-2024T15:17:45 - [MESSAGE][PASSED] - Object: 'Object Repository/Страница авторизации/button_' is clicked on

08-11-2024T15:17:45 - [TEST_STEP][PASSED] - delay(65): Delayed 65 second(s)

08-11-2024T15:18:50 - [MESSAGE][PASSED] - Delayed 65 second(s)

08-11-2024T15:18:50 - [TEST_STEP][PASSED] - searchWord = "а": null

08-11-2024T15:18:50 - [TEST_STEP][PASSED] - pageLoaded2 = verifyElementPresent(findTestObject("Страница авторизации/Text"), 50): Object 'Object Repository/Страница авторизации/Text' is present

08-11-2024T15:18:51 - [MESSAGE][PASSED] - Object 'Object Repository/Страница авторизации/Text' is present

08-11-2024T15:18:51 - [TEST_STEP][PASSED] - if (pageLoaded2 == false): null

08-11-2024T15:18:51 - [TEST_STEP][PASSED] - urlText = getText(findTestObject("Страница авторизации/Text")): Text of object 'Object Repository/Страница авторизации/Text' is: 'ДЗО 
Все
Период
Выбрано: 9
Отпуск из сети
Факт
2022 год
2023 год
2024 год
0
50 000
100 000
150 000
200 000
250 000
300 000
350 000
400 000
450 000
500 000
550 000
600 000
650 000
577 112 226
582 175 559
173 587 890
●● Отклонения, тыс. кВт⋅ч
тыс. кВт⋅ч
Отклонения по отпуску из сети
5 063 3325 063 332
-408 587 669-408 587 669
2022/2023
2023/2024
-500 000 000
-400 000 000
-300 000 000
-200 000 000
-100 000 000
0
100 000 000
●● Отклонения, %
%
Отклонения по отпуску из сети
0.880.88
-70.18-70.18
2022/2023
2023/2024
-80
-60
-40
-20
0
20
тыс. кВт⋅ч
Фактические данные по отпуску из сети'

08-11-2024T15:18:51 - [MESSAGE][PASSED] - Text of object 'Object Repository/Страница авторизации/Text' is: 'ДЗО 
Все
Период
Выбрано: 9
Отпуск из сети
Факт
2022 год
2023 год
2024 год
0
50 000
100 000
150 000
200 000
250 000
300 000
350 000
400 000
450 000
500 000
550 000
600 000
650 000
577 112 226
582 175 559
173 587 890
●● Отклонения, тыс. кВт⋅ч
тыс. кВт⋅ч
Отклонения по отпуску из сети
5 063 3325 063 332
-408 587 669-408 587 669
2022/2023
2023/2024
-500 000 000
-400 000 000
-300 000 000
-200 000 000
-100 000 000
0
100 000 000
●● Отклонения, %
%
Отклонения по отпуску из сети
0.880.88
-70.18-70.18
2022/2023
2023/2024
-80
-60
-40
-20
0
20
тыс. кВт⋅ч
Фактические данные по отпуску из сети'

08-11-2024T15:18:51 - [TEST_STEP][PASSED] - if (urlText.contains("ошибка") || urlText.contains(searchWord) == false): null

08-11-2024T15:18:51 - [TEST_STEP][PASSED] - a6 = "": null

08-11-2024T15:18:51 - [TEST_STEP][PASSED] - a7 = "": null

08-11-2024T15:18:51 - [TEST_STEP][PASSED] - a8 = "": null

08-11-2024T15:18:51 - [TEST_STEP][PASSED] - a9 = "": null

08-11-2024T15:18:51 - [TEST_STEP][PASSED] - if (run == 1): null

08-11-2024T15:18:51 - [TEST_STEP][PASSED] - if (run == 2): null

08-11-2024T15:18:51 - [TEST_STEP][PASSED] - if (run == 3): null

08-11-2024T15:18:51 - [TEST_STEP][PASSED] - user = "Попова": null

08-11-2024T15:18:51 - [TEST_STEP][PASSED] - a1 = getText(findTestObject("Отпуск из сети/span1")): Text of object 'Object Repository/Отпуск из сети/span1' is: '577 112 226'

08-11-2024T15:18:52 - [MESSAGE][PASSED] - Text of object 'Object Repository/Отпуск из сети/span1' is: '577 112 226'

08-11-2024T15:18:52 - [TEST_STEP][PASSED] - a2 = getText(findTestObject("Отпуск из сети/span2")): Text of object 'Object Repository/Отпуск из сети/span2' is: '582 175 559'

08-11-2024T15:18:52 - [MESSAGE][PASSED] - Text of object 'Object Repository/Отпуск из сети/span2' is: '582 175 559'

08-11-2024T15:18:52 - [TEST_STEP][PASSED] - a3 = getText(findTestObject("Отпуск из сети/span3")): Text of object 'Object Repository/Отпуск из сети/span3' is: '173 587 890'

08-11-2024T15:18:52 - [MESSAGE][PASSED] - Text of object 'Object Repository/Отпуск из сети/span3' is: '173 587 890'

08-11-2024T15:18:52 - [TEST_STEP][PASSED] - a4 = getText(findTestObject("Отпуск из сети/График1")): Text of object 'Object Repository/Отпуск из сети/График1' is: '●● Отклонения, тыс. кВт⋅ч
тыс. кВт⋅ч
Отклонения по отпуску из сети
5 063 3325 063 332
-408 587 669-408 587 669
2022/2023
2023/2024
-500 000 000
-400 000 000
-300 000 000
-200 000 000
-100 000 000
0
100 000 000'

08-11-2024T15:18:52 - [MESSAGE][PASSED] - Text of object 'Object Repository/Отпуск из сети/График1' is: '●● Отклонения, тыс. кВт⋅ч
тыс. кВт⋅ч
Отклонения по отпуску из сети
5 063 3325 063 332
-408 587 669-408 587 669
2022/2023
2023/2024
-500 000 000
-400 000 000
-300 000 000
-200 000 000
-100 000 000
0
100 000 000'

08-11-2024T15:18:52 - [TEST_STEP][PASSED] - a5 = getText(findTestObject("Отпуск из сети/График2")): Text of object 'Object Repository/Отпуск из сети/График2' is: '●● Отклонения, %
%
Отклонения по отпуску из сети
0.880.88
-70.18-70.18
2022/2023
2023/2024
-80
-60
-40
-20
0
20'

08-11-2024T15:18:53 - [MESSAGE][PASSED] - Text of object 'Object Repository/Отпуск из сети/График2' is: '●● Отклонения, %
%
Отклонения по отпуску из сети
0.880.88
-70.18-70.18
2022/2023
2023/2024
-80
-60
-40
-20
0
20'

08-11-2024T15:18:53 - [TEST_STEP][PASSED] - n = n + 11: null

08-11-2024T15:18:53 - [TEST_STEP][PASSED] - b = n - run + 1: null

08-11-2024T15:18:53 - [TEST_STEP][PASSED] - verifyEqual(findTestData("PlanFact").getValue(2, b), a1): Actual object '577 112 226' and expected object '577 112 226' are equal

08-11-2024T15:18:53 - [MESSAGE][PASSED] - Actual object '577 112 226' and expected object '577 112 226' are equal

08-11-2024T15:18:53 - [TEST_STEP][PASSED] - verifyEqual(findTestData("PlanFact").getValue(3, b), a2): Actual object '582 175 559' and expected object '582 175 559' are equal

08-11-2024T15:18:53 - [MESSAGE][PASSED] - Actual object '582 175 559' and expected object '582 175 559' are equal

08-11-2024T15:18:53 - [TEST_STEP][PASSED] - verifyEqual(findTestData("PlanFact").getValue(4, b), a3): Actual object '173 587 890' and expected object '173 587 890' are equal

08-11-2024T15:18:53 - [MESSAGE][PASSED] - Actual object '173 587 890' and expected object '173 587 890' are equal

08-11-2024T15:18:53 - [TEST_STEP][PASSED] - verifyEqual(findTestData("PlanFact").getValue(5, b), a4): Actual object '●● Отклонения, тыс. кВт⋅ч
тыс. кВт⋅ч
Отклонения по отпуску из сети
5 063 3325 063 332
-408 587 669-408 587 669
2022/2023
2023/2024
-500 000 000
-400 000 000
-300 000 000
-200 000 000
-100 000 000
0
100 000 000' and expected object '●● Отклонения, тыс. кВт⋅ч
тыс. кВт⋅ч
Отклонения по отпуску из сети
5 063 3325 063 332
-408 587 669-408 587 669
2022/2023
2023/2024
-500 000 000
-400 000 000
-300 000 000
-200 000 000
-100 000 000
0
100 000 000' are equal

08-11-2024T15:18:53 - [MESSAGE][PASSED] - Actual object '●● Отклонения, тыс. кВт⋅ч
тыс. кВт⋅ч
Отклонения по отпуску из сети
5 063 3325 063 332
-408 587 669-408 587 669
2022/2023
2023/2024
-500 000 000
-400 000 000
-300 000 000
-200 000 000
-100 000 000
0
100 000 000' and expected object '●● Отклонения, тыс. кВт⋅ч
тыс. кВт⋅ч
Отклонения по отпуску из сети
5 063 3325 063 332
-408 587 669-408 587 669
2022/2023
2023/2024
-500 000 000
-400 000 000
-300 000 000
-200 000 000
-100 000 000
0
100 000 000' are equal

08-11-2024T15:18:53 - [TEST_STEP][PASSED] - verifyEqual(findTestData("PlanFact").getValue(6, b), a5): Actual object '●● Отклонения, %
%
Отклонения по отпуску из сети
0.880.88
-70.18-70.18
2022/2023
2023/2024
-80
-60
-40
-20
0
20' and expected object '●● Отклонения, %
%
Отклонения по отпуску из сети
0.880.88
-70.18-70.18
2022/2023
2023/2024
-80
-60
-40
-20
0
20' are equal

08-11-2024T15:18:53 - [MESSAGE][PASSED] - Actual object '●● Отклонения, %
%
Отклонения по отпуску из сети
0.880.88
-70.18-70.18
2022/2023
2023/2024
-80
-60
-40
-20
0
20' and expected object '●● Отклонения, %
%
Отклонения по отпуску из сети
0.880.88
-70.18-70.18
2022/2023
2023/2024
-80
-60
-40
-20
0
20' are equal

08-11-2024T15:18:53 - [TEST_STEP][PASSED] - Script1686231490255.WriteToExcel(user, dashboardName, n, data, run, a1, a2, a3, a4, a5, a6, a7, a8, a9): null

08-11-2024T15:18:53 - [TEST_STEP][PASSED] - sheetName = "Sheet1": null

08-11-2024T15:18:53 - [TEST_STEP][PASSED] - workbook01 = getWorkbook(excelFilePath): null

08-11-2024T15:18:53 - [TEST_STEP][PASSED] - sheet01 = getExcelSheet(workbook01, sheetName): null

08-11-2024T15:18:53 - [TEST_STEP][PASSED] - setValueToCellByIndex(sheet01, n, 0, dashboardName): null

08-11-2024T15:18:53 - [TEST_STEP][PASSED] - setValueToCellByIndex(sheet01, n, 10, user): null

08-11-2024T15:18:53 - [TEST_STEP][PASSED] - setValueToCellByIndex(sheet01, n, 1, a1): null

08-11-2024T15:18:53 - [TEST_STEP][PASSED] - setValueToCellByIndex(sheet01, n, 2, a2): null

08-11-2024T15:18:53 - [TEST_STEP][PASSED] - setValueToCellByIndex(sheet01, n, 3, a3): null

08-11-2024T15:18:53 - [TEST_STEP][PASSED] - setValueToCellByIndex(sheet01, n, 4, a4): null

08-11-2024T15:18:53 - [TEST_STEP][PASSED] - setValueToCellByIndex(sheet01, n, 5, a5): null

08-11-2024T15:18:53 - [TEST_STEP][PASSED] - setValueToCellByIndex(sheet01, n, 6, a6): null

08-11-2024T15:18:53 - [TEST_STEP][PASSED] - setValueToCellByIndex(sheet01, n, 7, a7): null

08-11-2024T15:18:53 - [TEST_STEP][PASSED] - setValueToCellByIndex(sheet01, n, 8, a8): null

08-11-2024T15:18:53 - [TEST_STEP][PASSED] - setValueToCellByIndex(sheet01, n, 9, a9): null

08-11-2024T15:18:53 - [TEST_STEP][PASSED] - n = n + 1: null

08-11-2024T15:18:53 - [TEST_STEP][PASSED] - saveWorkbook(excelFilePath, workbook01): null

08-11-2024T15:18:53 - [TEST_STEP][PASSED] - closeBrowser(): Browser is closed

08-11-2024T15:18:54 - [MESSAGE][PASSED] - Browser is closed

08-11-2024T15:18:54 - [TEST_STEP][PASSED] - delay(65): Delayed 65 second(s)

08-11-2024T15:19:59 - [MESSAGE][PASSED] - Delayed 65 second(s)

08-11-2024T15:19:59 - [TEST_STEP][PASSED] - for ([run = 1, run < 4, (run++)]): null

08-11-2024T15:19:59 - [TEST_STEP][PASSED] - OtpuskVSet(user, dashboardName, n, data, run, a1, a2, a3, a4, a5, a6, a7, a8, a9, urlData): null

08-11-2024T15:19:59 - [TEST_STEP][PASSED] - n = data.getRowNumbers() + 1: null

08-11-2024T15:19:59 - [TEST_STEP][PASSED] - println(n): null

08-11-2024T15:19:59 - [TEST_STEP][PASSED] - dashboardName = "Отпуск в сеть": null

08-11-2024T15:19:59 - [TEST_STEP][PASSED] - openBrowser(""): Browser is opened with url: ''

08-11-2024T15:19:59 - [MESSAGE][INFO] - Starting 'Chrome' driver

08-11-2024T15:19:59 - [MESSAGE][INFO] - Action delay is set to 0 milliseconds

08-11-2024T15:19:59 - [MESSAGE][PASSED] - Browser is opened with url: ''

08-11-2024T15:19:59 - [TEST_STEP][PASSED] - urlData = 16: null

08-11-2024T15:19:59 - [TEST_STEP][PASSED] - Script1686231490255.CheckPageDownload(urlData, run): null

08-11-2024T15:19:59 - [TEST_STEP][PASSED] - i = 1: null

08-11-2024T15:19:59 - [TEST_STEP][PASSED] - ii = 0: null

08-11-2024T15:19:59 - [TEST_STEP][PASSED] - urlText = <not implemented yet for class: org.codehaus.groovy.ast.expr.EmptyExpression>: null

08-11-2024T15:19:59 - [TEST_STEP][PASSED] - searchWord = <not implemented yet for class: org.codehaus.groovy.ast.expr.EmptyExpression>: null

08-11-2024T15:19:59 - [TEST_STEP][PASSED] - deleteAllCookies(): Delete all cookies successfully

08-11-2024T15:19:59 - [MESSAGE][PASSED] - Delete all cookies successfully

08-11-2024T15:19:59 - [TEST_STEP][PASSED] - refresh(): Refresh successfully

08-11-2024T15:20:00 - [MESSAGE][PASSED] - Refresh successfully

08-11-2024T15:20:00 - [TEST_STEP][PASSED] - delay(65): Delayed 65 second(s)

08-11-2024T15:21:05 - [MESSAGE][PASSED] - Delayed 65 second(s)

08-11-2024T15:21:05 - [TEST_STEP][PASSED] - navigateToUrl(findTestData("PlanFact").getValue(10, urlData)): Navigate to 'https://bi.rosseti.digital/viewer?dashboardGuid=d154a8eaf6824e2b9de1bb04dd061c18&sheetGuid=33f591ea3cbf498897e314a4cd5a9f29&fit=true' successfully

08-11-2024T15:21:10 - [MESSAGE][PASSED] - Navigate to 'https://bi.rosseti.digital/viewer?dashboardGuid=d154a8eaf6824e2b9de1bb04dd061c18&sheetGuid=33f591ea3cbf498897e314a4cd5a9f29&fit=true' successfully

08-11-2024T15:21:10 - [TEST_STEP][PASSED] - pageLoaded1 = verifyElementPresent(findTestObject("Страница авторизации/Text"), 30): Object 'Object Repository/Страница авторизации/Text' is present

08-11-2024T15:21:13 - [MESSAGE][PASSED] - Object 'Object Repository/Страница авторизации/Text' is present

08-11-2024T15:21:13 - [TEST_STEP][PASSED] - if (pageLoaded1 == false): null

08-11-2024T15:21:13 - [TEST_STEP][PASSED] - urlText = getText(findTestObject("Страница авторизации/Text")): Text of object 'Object Repository/Страница авторизации/Text' is: 'Вход'

08-11-2024T15:21:14 - [MESSAGE][PASSED] - Text of object 'Object Repository/Страница авторизации/Text' is: 'Вход'

08-11-2024T15:21:14 - [TEST_STEP][PASSED] - delay(65): Delayed 65 second(s)

08-11-2024T15:22:19 - [MESSAGE][PASSED] - Delayed 65 second(s)

08-11-2024T15:22:19 - [TEST_STEP][PASSED] - searchWord = "Вход": null

08-11-2024T15:22:19 - [TEST_STEP][PASSED] - if (urlText.contains(searchWord) == false): null

08-11-2024T15:22:19 - [TEST_STEP][PASSED] - setText(findTestObject("Страница авторизации/input__username"), findTestData("PlanFact").getValue(8, run)): Text 'liazgina-di' is set on object 'Object Repository/Страница авторизации/input__username'

08-11-2024T15:22:19 - [MESSAGE][PASSED] - Text 'liazgina-di' is set on object 'Object Repository/Страница авторизации/input__username'

08-11-2024T15:22:19 - [TEST_STEP][PASSED] - setText(findTestObject("Страница авторизации/input__password"), findTestData("PlanFact").getValue(9, run)): Text ')$%5srZ8o688Dm#q' is set on object 'Object Repository/Страница авторизации/input__password'

08-11-2024T15:22:20 - [MESSAGE][PASSED] - Text ')$%5srZ8o688Dm#q' is set on object 'Object Repository/Страница авторизации/input__password'

08-11-2024T15:22:20 - [TEST_STEP][PASSED] - click(findTestObject("Страница авторизации/button_")): Object: 'Object Repository/Страница авторизации/button_' is clicked on

08-11-2024T15:22:26 - [MESSAGE][PASSED] - Object: 'Object Repository/Страница авторизации/button_' is clicked on

08-11-2024T15:22:26 - [TEST_STEP][PASSED] - delay(65): Delayed 65 second(s)

08-11-2024T15:23:31 - [MESSAGE][PASSED] - Delayed 65 second(s)

08-11-2024T15:23:31 - [TEST_STEP][PASSED] - searchWord = "а": null

08-11-2024T15:23:31 - [TEST_STEP][PASSED] - pageLoaded2 = verifyElementPresent(findTestObject("Страница авторизации/Text"), 50): Object 'Object Repository/Страница авторизации/Text' is present

08-11-2024T15:23:31 - [MESSAGE][PASSED] - Object 'Object Repository/Страница авторизации/Text' is present

08-11-2024T15:23:31 - [TEST_STEP][PASSED] - if (pageLoaded2 == false): null

08-11-2024T15:23:31 - [TEST_STEP][PASSED] - urlText = getText(findTestObject("Страница авторизации/Text")): Text of object 'Object Repository/Страница авторизации/Text' is: 'ДЗО 
Все
Период
Выбрано: 9
тыс. кВт⋅ч
Отпуск в сеть
Факт
2022 год
2023 год
2024 год
0
50 000
100 000
150 000
200 000
250 000
300 000
350 000
400 000
450 000
500 000
550 000
600 000
650 000
700 000
628 292 786
634 576 275
190 364 468
●● Отклонения, %
%
Отклонения по отпуску в сеть
1.001.00
-70.00-70.00
2022/2023
2023/2024
-80
-60
-40
-20
0
20
●● Отклонения, тыс. кВт⋅ч
тыс. кВт⋅ч
Отклонения по отпуску в сеть
6 283 4896 283 489
-444 211 807-444 211 807
2022/2023
2023/2024
-500 000 000
-400 000 000
-300 000 000
-200 000 000
-100 000 000
0
100 000 000
Фактические данные по отпуску в сеть'

08-11-2024T15:23:32 - [MESSAGE][PASSED] - Text of object 'Object Repository/Страница авторизации/Text' is: 'ДЗО 
Все
Период
Выбрано: 9
тыс. кВт⋅ч
Отпуск в сеть
Факт
2022 год
2023 год
2024 год
0
50 000
100 000
150 000
200 000
250 000
300 000
350 000
400 000
450 000
500 000
550 000
600 000
650 000
700 000
628 292 786
634 576 275
190 364 468
●● Отклонения, %
%
Отклонения по отпуску в сеть
1.001.00
-70.00-70.00
2022/2023
2023/2024
-80
-60
-40
-20
0
20
●● Отклонения, тыс. кВт⋅ч
тыс. кВт⋅ч
Отклонения по отпуску в сеть
6 283 4896 283 489
-444 211 807-444 211 807
2022/2023
2023/2024
-500 000 000
-400 000 000
-300 000 000
-200 000 000
-100 000 000
0
100 000 000
Фактические данные по отпуску в сеть'

08-11-2024T15:23:32 - [TEST_STEP][PASSED] - if (urlText.contains("ошибка") || urlText.contains(searchWord) == false): null

08-11-2024T15:23:32 - [TEST_STEP][PASSED] - a5 = "": null

08-11-2024T15:23:32 - [TEST_STEP][PASSED] - a6 = "": null

08-11-2024T15:23:32 - [TEST_STEP][PASSED] - a7 = "": null

08-11-2024T15:23:32 - [TEST_STEP][PASSED] - a8 = "": null

08-11-2024T15:23:32 - [TEST_STEP][PASSED] - a9 = "": null

08-11-2024T15:23:32 - [TEST_STEP][PASSED] - if (run == 1): null

08-11-2024T15:23:32 - [TEST_STEP][PASSED] - user = "админ": null

08-11-2024T15:23:32 - [TEST_STEP][PASSED] - a1 = getText(findTestObject("Отпуск в сеть/span1")): Text of object 'Object Repository/Отпуск в сеть/span1' is: '628 292 786'

08-11-2024T15:23:32 - [MESSAGE][PASSED] - Text of object 'Object Repository/Отпуск в сеть/span1' is: '628 292 786'

08-11-2024T15:23:32 - [TEST_STEP][PASSED] - a2 = getText(findTestObject("Отпуск в сеть/span2")): Text of object 'Object Repository/Отпуск в сеть/span2' is: '634 576 275'

08-11-2024T15:23:32 - [MESSAGE][PASSED] - Text of object 'Object Repository/Отпуск в сеть/span2' is: '634 576 275'

08-11-2024T15:23:32 - [TEST_STEP][PASSED] - a3 = getText(findTestObject("Отпуск в сеть/График1")): Text of object 'Object Repository/Отпуск в сеть/График1' is: '●● Отклонения, тыс. кВт⋅ч
тыс. кВт⋅ч
Отклонения по отпуску в сеть
6 283 4896 283 489
-444 211 807-444 211 807
2022/2023
2023/2024
-500 000 000
-400 000 000
-300 000 000
-200 000 000
-100 000 000
0
100 000 000'

08-11-2024T15:23:33 - [MESSAGE][PASSED] - Text of object 'Object Repository/Отпуск в сеть/График1' is: '●● Отклонения, тыс. кВт⋅ч
тыс. кВт⋅ч
Отклонения по отпуску в сеть
6 283 4896 283 489
-444 211 807-444 211 807
2022/2023
2023/2024
-500 000 000
-400 000 000
-300 000 000
-200 000 000
-100 000 000
0
100 000 000'

08-11-2024T15:23:33 - [TEST_STEP][PASSED] - a4 = getText(findTestObject("Отпуск в сеть/График2")): Text of object 'Object Repository/Отпуск в сеть/График2' is: '●● Отклонения, %
%
Отклонения по отпуску в сеть
1.001.00
-70.00-70.00
2022/2023
2023/2024
-80
-60
-40
-20
0
20'

08-11-2024T15:23:33 - [MESSAGE][PASSED] - Text of object 'Object Repository/Отпуск в сеть/График2' is: '●● Отклонения, %
%
Отклонения по отпуску в сеть
1.001.00
-70.00-70.00
2022/2023
2023/2024
-80
-60
-40
-20
0
20'

08-11-2024T15:23:33 - [TEST_STEP][PASSED] - n = n + 12: null

08-11-2024T15:23:33 - [TEST_STEP][PASSED] - Script1686231490255.WriteToExcel(user, dashboardName, n, data, run, a1, a2, a3, a4, a5, a6, a7, a8, a9): null

08-11-2024T15:23:33 - [TEST_STEP][PASSED] - sheetName = "Sheet1": null

08-11-2024T15:23:33 - [TEST_STEP][PASSED] - workbook01 = getWorkbook(excelFilePath): null

08-11-2024T15:23:33 - [TEST_STEP][PASSED] - sheet01 = getExcelSheet(workbook01, sheetName): null

08-11-2024T15:23:33 - [TEST_STEP][PASSED] - setValueToCellByIndex(sheet01, n, 0, dashboardName): null

08-11-2024T15:23:33 - [TEST_STEP][PASSED] - setValueToCellByIndex(sheet01, n, 10, user): null

08-11-2024T15:23:33 - [TEST_STEP][PASSED] - setValueToCellByIndex(sheet01, n, 1, a1): null

08-11-2024T15:23:33 - [TEST_STEP][PASSED] - setValueToCellByIndex(sheet01, n, 2, a2): null

08-11-2024T15:23:33 - [TEST_STEP][PASSED] - setValueToCellByIndex(sheet01, n, 3, a3): null

08-11-2024T15:23:33 - [TEST_STEP][PASSED] - setValueToCellByIndex(sheet01, n, 4, a4): null

08-11-2024T15:23:33 - [TEST_STEP][PASSED] - setValueToCellByIndex(sheet01, n, 5, a5): null

08-11-2024T15:23:33 - [TEST_STEP][PASSED] - setValueToCellByIndex(sheet01, n, 6, a6): null

08-11-2024T15:23:33 - [TEST_STEP][PASSED] - setValueToCellByIndex(sheet01, n, 7, a7): null

08-11-2024T15:23:33 - [TEST_STEP][PASSED] - setValueToCellByIndex(sheet01, n, 8, a8): null

08-11-2024T15:23:33 - [TEST_STEP][PASSED] - setValueToCellByIndex(sheet01, n, 9, a9): null

08-11-2024T15:23:33 - [TEST_STEP][PASSED] - n = n + 1: null

08-11-2024T15:23:33 - [TEST_STEP][PASSED] - saveWorkbook(excelFilePath, workbook01): null

08-11-2024T15:23:33 - [TEST_STEP][PASSED] - if (run == 2): null

08-11-2024T15:23:33 - [TEST_STEP][PASSED] - if (run == 3): null

08-11-2024T15:23:33 - [TEST_STEP][PASSED] - closeBrowser(): null

08-11-2024T15:23:33 - [MESSAGE][PASSED] - Browser is closed

08-11-2024T15:23:33 - [TEST_STEP][PASSED] - OtpuskVSet(user, dashboardName, n, data, run, a1, a2, a3, a4, a5, a6, a7, a8, a9, urlData): null

08-11-2024T15:23:33 - [TEST_STEP][PASSED] - n = data.getRowNumbers() + 1: null

08-11-2024T15:23:33 - [TEST_STEP][PASSED] - println(n): null

08-11-2024T15:23:33 - [TEST_STEP][PASSED] - dashboardName = "Отпуск в сеть": null

08-11-2024T15:23:33 - [TEST_STEP][PASSED] - openBrowser(""): Browser is opened with url: ''

08-11-2024T15:23:33 - [MESSAGE][INFO] - Starting 'Chrome' driver

08-11-2024T15:23:33 - [MESSAGE][INFO] - Action delay is set to 0 milliseconds

08-11-2024T15:23:34 - [MESSAGE][PASSED] - Browser is opened with url: ''

08-11-2024T15:23:34 - [TEST_STEP][PASSED] - urlData = 16: null

08-11-2024T15:23:34 - [TEST_STEP][PASSED] - Script1686231490255.CheckPageDownload(urlData, run): null

08-11-2024T15:23:34 - [TEST_STEP][PASSED] - i = 1: null

08-11-2024T15:23:34 - [TEST_STEP][PASSED] - ii = 0: null

08-11-2024T15:23:34 - [TEST_STEP][PASSED] - urlText = <not implemented yet for class: org.codehaus.groovy.ast.expr.EmptyExpression>: null

08-11-2024T15:23:34 - [TEST_STEP][PASSED] - searchWord = <not implemented yet for class: org.codehaus.groovy.ast.expr.EmptyExpression>: null

08-11-2024T15:23:34 - [TEST_STEP][PASSED] - deleteAllCookies(): Delete all cookies successfully

08-11-2024T15:23:34 - [MESSAGE][PASSED] - Delete all cookies successfully

08-11-2024T15:23:34 - [TEST_STEP][PASSED] - refresh(): Refresh successfully

08-11-2024T15:23:34 - [MESSAGE][PASSED] - Refresh successfully

08-11-2024T15:23:34 - [TEST_STEP][PASSED] - delay(65): Delayed 65 second(s)

08-11-2024T15:24:39 - [MESSAGE][PASSED] - Delayed 65 second(s)

08-11-2024T15:24:39 - [TEST_STEP][PASSED] - navigateToUrl(findTestData("PlanFact").getValue(10, urlData)): Navigate to 'https://bi.rosseti.digital/viewer?dashboardGuid=d154a8eaf6824e2b9de1bb04dd061c18&sheetGuid=33f591ea3cbf498897e314a4cd5a9f29&fit=true' successfully

08-11-2024T15:24:48 - [MESSAGE][PASSED] - Navigate to 'https://bi.rosseti.digital/viewer?dashboardGuid=d154a8eaf6824e2b9de1bb04dd061c18&sheetGuid=33f591ea3cbf498897e314a4cd5a9f29&fit=true' successfully

08-11-2024T15:24:48 - [TEST_STEP][PASSED] - pageLoaded1 = verifyElementPresent(findTestObject("Страница авторизации/Text"), 30): Object 'Object Repository/Страница авторизации/Text' is present

08-11-2024T15:24:48 - [MESSAGE][PASSED] - Object 'Object Repository/Страница авторизации/Text' is present

08-11-2024T15:24:48 - [TEST_STEP][PASSED] - if (pageLoaded1 == false): null

08-11-2024T15:24:48 - [TEST_STEP][PASSED] - urlText = getText(findTestObject("Страница авторизации/Text")): Text of object 'Object Repository/Страница авторизации/Text' is: 'Вход'

08-11-2024T15:24:49 - [MESSAGE][PASSED] - Text of object 'Object Repository/Страница авторизации/Text' is: 'Вход'

08-11-2024T15:24:49 - [TEST_STEP][PASSED] - delay(65): Delayed 65 second(s)

08-11-2024T15:25:54 - [MESSAGE][PASSED] - Delayed 65 second(s)

08-11-2024T15:25:54 - [TEST_STEP][PASSED] - searchWord = "Вход": null

08-11-2024T15:25:54 - [TEST_STEP][PASSED] - if (urlText.contains(searchWord) == false): null

08-11-2024T15:25:54 - [TEST_STEP][PASSED] - setText(findTestObject("Страница авторизации/input__username"), findTestData("PlanFact").getValue(8, run)): Text 'Andreeva-EV' is set on object 'Object Repository/Страница авторизации/input__username'

08-11-2024T15:25:54 - [MESSAGE][PASSED] - Text 'Andreeva-EV' is set on object 'Object Repository/Страница авторизации/input__username'

08-11-2024T15:25:54 - [TEST_STEP][PASSED] - setText(findTestObject("Страница авторизации/input__password"), findTestData("PlanFact").getValue(9, run)): Text '2nPePKDwCPH3ul7xMZ' is set on object 'Object Repository/Страница авторизации/input__password'

08-11-2024T15:25:55 - [MESSAGE][PASSED] - Text '2nPePKDwCPH3ul7xMZ' is set on object 'Object Repository/Страница авторизации/input__password'

08-11-2024T15:25:55 - [TEST_STEP][PASSED] - click(findTestObject("Страница авторизации/button_")): Object: 'Object Repository/Страница авторизации/button_' is clicked on

08-11-2024T15:25:58 - [MESSAGE][PASSED] - Object: 'Object Repository/Страница авторизации/button_' is clicked on

08-11-2024T15:25:58 - [TEST_STEP][PASSED] - delay(65): Delayed 65 second(s)

08-11-2024T15:27:03 - [MESSAGE][PASSED] - Delayed 65 second(s)

08-11-2024T15:27:03 - [TEST_STEP][PASSED] - searchWord = "а": null

08-11-2024T15:27:03 - [TEST_STEP][PASSED] - pageLoaded2 = verifyElementPresent(findTestObject("Страница авторизации/Text"), 50): Object 'Object Repository/Страница авторизации/Text' is present

08-11-2024T15:27:03 - [MESSAGE][PASSED] - Object 'Object Repository/Страница авторизации/Text' is present

08-11-2024T15:27:03 - [TEST_STEP][PASSED] - if (pageLoaded2 == false): null

08-11-2024T15:27:03 - [TEST_STEP][PASSED] - urlText = getText(findTestObject("Страница авторизации/Text")): Text of object 'Object Repository/Страница авторизации/Text' is: 'ДЗО 
Все
Период
Выбрано: 9
тыс. кВт⋅ч
Отпуск в сеть
Факт
2022 год
2023 год
2024 год
0
50 000
100 000
150 000
200 000
250 000
300 000
350 000
400 000
450 000
500 000
550 000
600 000
650 000
700 000
628 292 786
634 576 275
190 364 468
●● Отклонения, %
%
Отклонения по отпуску в сеть
1.001.00
-70.00-70.00
2022/2023
2023/2024
-80
-60
-40
-20
0
20
●● Отклонения, тыс. кВт⋅ч
тыс. кВт⋅ч
Отклонения по отпуску в сеть
6 283 4896 283 489
-444 211 807-444 211 807
2022/2023
2023/2024
-500 000 000
-400 000 000
-300 000 000
-200 000 000
-100 000 000
0
100 000 000
Фактические данные по отпуску в сеть'

08-11-2024T15:27:04 - [MESSAGE][PASSED] - Text of object 'Object Repository/Страница авторизации/Text' is: 'ДЗО 
Все
Период
Выбрано: 9
тыс. кВт⋅ч
Отпуск в сеть
Факт
2022 год
2023 год
2024 год
0
50 000
100 000
150 000
200 000
250 000
300 000
350 000
400 000
450 000
500 000
550 000
600 000
650 000
700 000
628 292 786
634 576 275
190 364 468
●● Отклонения, %
%
Отклонения по отпуску в сеть
1.001.00
-70.00-70.00
2022/2023
2023/2024
-80
-60
-40
-20
0
20
●● Отклонения, тыс. кВт⋅ч
тыс. кВт⋅ч
Отклонения по отпуску в сеть
6 283 4896 283 489
-444 211 807-444 211 807
2022/2023
2023/2024
-500 000 000
-400 000 000
-300 000 000
-200 000 000
-100 000 000
0
100 000 000
Фактические данные по отпуску в сеть'

08-11-2024T15:27:04 - [TEST_STEP][PASSED] - if (urlText.contains("ошибка") || urlText.contains(searchWord) == false): null

08-11-2024T15:27:04 - [TEST_STEP][PASSED] - a5 = "": null

08-11-2024T15:27:04 - [TEST_STEP][PASSED] - a6 = "": null

08-11-2024T15:27:04 - [TEST_STEP][PASSED] - a7 = "": null

08-11-2024T15:27:04 - [TEST_STEP][PASSED] - a8 = "": null

08-11-2024T15:27:04 - [TEST_STEP][PASSED] - a9 = "": null

08-11-2024T15:27:04 - [TEST_STEP][PASSED] - if (run == 1): null

08-11-2024T15:27:04 - [TEST_STEP][PASSED] - if (run == 2): null

08-11-2024T15:27:04 - [TEST_STEP][PASSED] - user = "Андреева": null

08-11-2024T15:27:04 - [TEST_STEP][PASSED] - a1 = getText(findTestObject("Отпуск в сеть/span1")): Text of object 'Object Repository/Отпуск в сеть/span1' is: '628 292 786'

08-11-2024T15:27:04 - [MESSAGE][PASSED] - Text of object 'Object Repository/Отпуск в сеть/span1' is: '628 292 786'

08-11-2024T15:27:04 - [TEST_STEP][PASSED] - a2 = getText(findTestObject("Отпуск в сеть/span2")): Text of object 'Object Repository/Отпуск в сеть/span2' is: '634 576 275'

08-11-2024T15:27:05 - [MESSAGE][PASSED] - Text of object 'Object Repository/Отпуск в сеть/span2' is: '634 576 275'

08-11-2024T15:27:05 - [TEST_STEP][PASSED] - a3 = getText(findTestObject("Отпуск в сеть/График1")): Text of object 'Object Repository/Отпуск в сеть/График1' is: '●● Отклонения, тыс. кВт⋅ч
тыс. кВт⋅ч
Отклонения по отпуску в сеть
6 283 4896 283 489
-444 211 807-444 211 807
2022/2023
2023/2024
-500 000 000
-400 000 000
-300 000 000
-200 000 000
-100 000 000
0
100 000 000'

08-11-2024T15:27:05 - [MESSAGE][PASSED] - Text of object 'Object Repository/Отпуск в сеть/График1' is: '●● Отклонения, тыс. кВт⋅ч
тыс. кВт⋅ч
Отклонения по отпуску в сеть
6 283 4896 283 489
-444 211 807-444 211 807
2022/2023
2023/2024
-500 000 000
-400 000 000
-300 000 000
-200 000 000
-100 000 000
0
100 000 000'

08-11-2024T15:27:05 - [TEST_STEP][PASSED] - a4 = getText(findTestObject("Отпуск в сеть/График2")): Text of object 'Object Repository/Отпуск в сеть/График2' is: '●● Отклонения, %
%
Отклонения по отпуску в сеть
1.001.00
-70.00-70.00
2022/2023
2023/2024
-80
-60
-40
-20
0
20'

08-11-2024T15:27:05 - [MESSAGE][PASSED] - Text of object 'Object Repository/Отпуск в сеть/График2' is: '●● Отклонения, %
%
Отклонения по отпуску в сеть
1.001.00
-70.00-70.00
2022/2023
2023/2024
-80
-60
-40
-20
0
20'

08-11-2024T15:27:05 - [TEST_STEP][PASSED] - n = n + 13: null

08-11-2024T15:27:05 - [TEST_STEP][PASSED] - b = n - run + 1: null

08-11-2024T15:27:05 - [TEST_STEP][PASSED] - verifyEqual(findTestData("PlanFact").getValue(2, b), a1): Actual object '628 292 786' and expected object '628 292 786' are equal

08-11-2024T15:27:05 - [MESSAGE][PASSED] - Actual object '628 292 786' and expected object '628 292 786' are equal

08-11-2024T15:27:05 - [TEST_STEP][PASSED] - verifyEqual(findTestData("PlanFact").getValue(3, b), a2): Actual object '634 576 275' and expected object '634 576 275' are equal

08-11-2024T15:27:05 - [MESSAGE][PASSED] - Actual object '634 576 275' and expected object '634 576 275' are equal

08-11-2024T15:27:05 - [TEST_STEP][PASSED] - verifyEqual(findTestData("PlanFact").getValue(4, b), a3): Actual object '●● Отклонения, тыс. кВт⋅ч
тыс. кВт⋅ч
Отклонения по отпуску в сеть
6 283 4896 283 489
-444 211 807-444 211 807
2022/2023
2023/2024
-500 000 000
-400 000 000
-300 000 000
-200 000 000
-100 000 000
0
100 000 000' and expected object '●● Отклонения, тыс. кВт⋅ч
тыс. кВт⋅ч
Отклонения по отпуску в сеть
6 283 4896 283 489
-444 211 807-444 211 807
2022/2023
2023/2024
-500 000 000
-400 000 000
-300 000 000
-200 000 000
-100 000 000
0
100 000 000' are equal

08-11-2024T15:27:06 - [MESSAGE][PASSED] - Actual object '●● Отклонения, тыс. кВт⋅ч
тыс. кВт⋅ч
Отклонения по отпуску в сеть
6 283 4896 283 489
-444 211 807-444 211 807
2022/2023
2023/2024
-500 000 000
-400 000 000
-300 000 000
-200 000 000
-100 000 000
0
100 000 000' and expected object '●● Отклонения, тыс. кВт⋅ч
тыс. кВт⋅ч
Отклонения по отпуску в сеть
6 283 4896 283 489
-444 211 807-444 211 807
2022/2023
2023/2024
-500 000 000
-400 000 000
-300 000 000
-200 000 000
-100 000 000
0
100 000 000' are equal

08-11-2024T15:27:06 - [TEST_STEP][PASSED] - verifyEqual(findTestData("PlanFact").getValue(5, b), a4): Actual object '●● Отклонения, %
%
Отклонения по отпуску в сеть
1.001.00
-70.00-70.00
2022/2023
2023/2024
-80
-60
-40
-20
0
20' and expected object '●● Отклонения, %
%
Отклонения по отпуску в сеть
1.001.00
-70.00-70.00
2022/2023
2023/2024
-80
-60
-40
-20
0
20' are equal

08-11-2024T15:27:06 - [MESSAGE][PASSED] - Actual object '●● Отклонения, %
%
Отклонения по отпуску в сеть
1.001.00
-70.00-70.00
2022/2023
2023/2024
-80
-60
-40
-20
0
20' and expected object '●● Отклонения, %
%
Отклонения по отпуску в сеть
1.001.00
-70.00-70.00
2022/2023
2023/2024
-80
-60
-40
-20
0
20' are equal

08-11-2024T15:27:06 - [TEST_STEP][PASSED] - Script1686231490255.WriteToExcel(user, dashboardName, n, data, run, a1, a2, a3, a4, a5, a6, a7, a8, a9): null

08-11-2024T15:27:06 - [TEST_STEP][PASSED] - sheetName = "Sheet1": null

08-11-2024T15:27:06 - [TEST_STEP][PASSED] - workbook01 = getWorkbook(excelFilePath): null

08-11-2024T15:27:06 - [TEST_STEP][PASSED] - sheet01 = getExcelSheet(workbook01, sheetName): null

08-11-2024T15:27:06 - [TEST_STEP][PASSED] - setValueToCellByIndex(sheet01, n, 0, dashboardName): null

08-11-2024T15:27:06 - [TEST_STEP][PASSED] - setValueToCellByIndex(sheet01, n, 10, user): null

08-11-2024T15:27:06 - [TEST_STEP][PASSED] - setValueToCellByIndex(sheet01, n, 1, a1): null

08-11-2024T15:27:06 - [TEST_STEP][PASSED] - setValueToCellByIndex(sheet01, n, 2, a2): null

08-11-2024T15:27:06 - [TEST_STEP][PASSED] - setValueToCellByIndex(sheet01, n, 3, a3): null

08-11-2024T15:27:06 - [TEST_STEP][PASSED] - setValueToCellByIndex(sheet01, n, 4, a4): null

08-11-2024T15:27:06 - [TEST_STEP][PASSED] - setValueToCellByIndex(sheet01, n, 5, a5): null

08-11-2024T15:27:06 - [TEST_STEP][PASSED] - setValueToCellByIndex(sheet01, n, 6, a6): null

08-11-2024T15:27:06 - [TEST_STEP][PASSED] - setValueToCellByIndex(sheet01, n, 7, a7): null

08-11-2024T15:27:06 - [TEST_STEP][PASSED] - setValueToCellByIndex(sheet01, n, 8, a8): null

08-11-2024T15:27:06 - [TEST_STEP][PASSED] - setValueToCellByIndex(sheet01, n, 9, a9): null

08-11-2024T15:27:06 - [TEST_STEP][PASSED] - n = n + 1: null

08-11-2024T15:27:06 - [TEST_STEP][PASSED] - saveWorkbook(excelFilePath, workbook01): null

08-11-2024T15:27:06 - [TEST_STEP][PASSED] - if (run == 3): null

08-11-2024T15:27:06 - [TEST_STEP][PASSED] - closeBrowser(): null

08-11-2024T15:27:06 - [MESSAGE][PASSED] - Browser is closed

08-11-2024T15:27:06 - [TEST_STEP][PASSED] - OtpuskVSet(user, dashboardName, n, data, run, a1, a2, a3, a4, a5, a6, a7, a8, a9, urlData): null

08-11-2024T15:27:06 - [TEST_STEP][PASSED] - n = data.getRowNumbers() + 1: null

08-11-2024T15:27:06 - [TEST_STEP][PASSED] - println(n): null

08-11-2024T15:27:06 - [TEST_STEP][PASSED] - dashboardName = "Отпуск в сеть": null

08-11-2024T15:27:06 - [TEST_STEP][PASSED] - openBrowser(""): Browser is opened with url: ''

08-11-2024T15:27:06 - [MESSAGE][INFO] - Starting 'Chrome' driver

08-11-2024T15:27:06 - [MESSAGE][INFO] - Action delay is set to 0 milliseconds

08-11-2024T15:27:07 - [MESSAGE][PASSED] - Browser is opened with url: ''

08-11-2024T15:27:07 - [TEST_STEP][PASSED] - urlData = 16: null

08-11-2024T15:27:07 - [TEST_STEP][PASSED] - Script1686231490255.CheckPageDownload(urlData, run): null

08-11-2024T15:27:07 - [TEST_STEP][PASSED] - i = 1: null

08-11-2024T15:27:07 - [TEST_STEP][PASSED] - ii = 0: null

08-11-2024T15:27:07 - [TEST_STEP][PASSED] - urlText = <not implemented yet for class: org.codehaus.groovy.ast.expr.EmptyExpression>: null

08-11-2024T15:27:07 - [TEST_STEP][PASSED] - searchWord = <not implemented yet for class: org.codehaus.groovy.ast.expr.EmptyExpression>: null

08-11-2024T15:27:07 - [TEST_STEP][PASSED] - deleteAllCookies(): Delete all cookies successfully

08-11-2024T15:27:07 - [MESSAGE][PASSED] - Delete all cookies successfully

08-11-2024T15:27:07 - [TEST_STEP][PASSED] - refresh(): Refresh successfully

08-11-2024T15:27:07 - [MESSAGE][PASSED] - Refresh successfully

08-11-2024T15:27:07 - [TEST_STEP][PASSED] - delay(65): Delayed 65 second(s)

08-11-2024T15:28:12 - [MESSAGE][PASSED] - Delayed 65 second(s)

08-11-2024T15:28:12 - [TEST_STEP][PASSED] - navigateToUrl(findTestData("PlanFact").getValue(10, urlData)): Navigate to 'https://bi.rosseti.digital/viewer?dashboardGuid=d154a8eaf6824e2b9de1bb04dd061c18&sheetGuid=33f591ea3cbf498897e314a4cd5a9f29&fit=true' successfully

08-11-2024T15:28:17 - [MESSAGE][PASSED] - Navigate to 'https://bi.rosseti.digital/viewer?dashboardGuid=d154a8eaf6824e2b9de1bb04dd061c18&sheetGuid=33f591ea3cbf498897e314a4cd5a9f29&fit=true' successfully

08-11-2024T15:28:17 - [TEST_STEP][PASSED] - pageLoaded1 = verifyElementPresent(findTestObject("Страница авторизации/Text"), 30): Object 'Object Repository/Страница авторизации/Text' is present

08-11-2024T15:28:20 - [MESSAGE][PASSED] - Object 'Object Repository/Страница авторизации/Text' is present

08-11-2024T15:28:20 - [TEST_STEP][PASSED] - if (pageLoaded1 == false): null

08-11-2024T15:28:20 - [TEST_STEP][PASSED] - urlText = getText(findTestObject("Страница авторизации/Text")): Text of object 'Object Repository/Страница авторизации/Text' is: 'Вход'

08-11-2024T15:28:21 - [MESSAGE][PASSED] - Text of object 'Object Repository/Страница авторизации/Text' is: 'Вход'

08-11-2024T15:28:21 - [TEST_STEP][PASSED] - delay(65): Delayed 65 second(s)

08-11-2024T15:29:26 - [MESSAGE][PASSED] - Delayed 65 second(s)

08-11-2024T15:29:26 - [TEST_STEP][PASSED] - searchWord = "Вход": null

08-11-2024T15:29:26 - [TEST_STEP][PASSED] - if (urlText.contains(searchWord) == false): null

08-11-2024T15:29:26 - [TEST_STEP][PASSED] - setText(findTestObject("Страница авторизации/input__username"), findTestData("PlanFact").getValue(8, run)): Text 'Petrova-OV' is set on object 'Object Repository/Страница авторизации/input__username'

08-11-2024T15:29:26 - [MESSAGE][PASSED] - Text 'Petrova-OV' is set on object 'Object Repository/Страница авторизации/input__username'

08-11-2024T15:29:26 - [TEST_STEP][PASSED] - setText(findTestObject("Страница авторизации/input__password"), findTestData("PlanFact").getValue(9, run)): Text '4Ex@~R53r&3x&BVe7' is set on object 'Object Repository/Страница авторизации/input__password'

08-11-2024T15:29:27 - [MESSAGE][PASSED] - Text '4Ex@~R53r&3x&BVe7' is set on object 'Object Repository/Страница авторизации/input__password'

08-11-2024T15:29:27 - [TEST_STEP][PASSED] - click(findTestObject("Страница авторизации/button_")): Object: 'Object Repository/Страница авторизации/button_' is clicked on

08-11-2024T15:29:30 - [MESSAGE][PASSED] - Object: 'Object Repository/Страница авторизации/button_' is clicked on

08-11-2024T15:29:30 - [TEST_STEP][PASSED] - delay(65): Delayed 65 second(s)

08-11-2024T15:30:35 - [MESSAGE][PASSED] - Delayed 65 second(s)

08-11-2024T15:30:35 - [TEST_STEP][PASSED] - searchWord = "а": null

08-11-2024T15:30:35 - [TEST_STEP][PASSED] - pageLoaded2 = verifyElementPresent(findTestObject("Страница авторизации/Text"), 50): Object 'Object Repository/Страница авторизации/Text' is present

08-11-2024T15:30:36 - [MESSAGE][PASSED] - Object 'Object Repository/Страница авторизации/Text' is present

08-11-2024T15:30:36 - [TEST_STEP][PASSED] - if (pageLoaded2 == false): null

08-11-2024T15:30:36 - [TEST_STEP][PASSED] - urlText = getText(findTestObject("Страница авторизации/Text")): Text of object 'Object Repository/Страница авторизации/Text' is: 'ДЗО 
Все
Период
Выбрано: 9
тыс. кВт⋅ч
Отпуск в сеть
Факт
2022 год
2023 год
2024 год
0
50 000
100 000
150 000
200 000
250 000
300 000
350 000
400 000
450 000
500 000
550 000
600 000
650 000
700 000
628 292 786
634 576 275
190 364 468
●● Отклонения, %
%
Отклонения по отпуску в сеть
1.001.00
-70.00-70.00
2022/2023
2023/2024
-80
-60
-40
-20
0
20
●● Отклонения, тыс. кВт⋅ч
тыс. кВт⋅ч
Отклонения по отпуску в сеть
6 283 4896 283 489
-444 211 807-444 211 807
2022/2023
2023/2024
-500 000 000
-400 000 000
-300 000 000
-200 000 000
-100 000 000
0
100 000 000
Фактические данные по отпуску в сеть'

08-11-2024T15:30:36 - [MESSAGE][PASSED] - Text of object 'Object Repository/Страница авторизации/Text' is: 'ДЗО 
Все
Период
Выбрано: 9
тыс. кВт⋅ч
Отпуск в сеть
Факт
2022 год
2023 год
2024 год
0
50 000
100 000
150 000
200 000
250 000
300 000
350 000
400 000
450 000
500 000
550 000
600 000
650 000
700 000
628 292 786
634 576 275
190 364 468
●● Отклонения, %
%
Отклонения по отпуску в сеть
1.001.00
-70.00-70.00
2022/2023
2023/2024
-80
-60
-40
-20
0
20
●● Отклонения, тыс. кВт⋅ч
тыс. кВт⋅ч
Отклонения по отпуску в сеть
6 283 4896 283 489
-444 211 807-444 211 807
2022/2023
2023/2024
-500 000 000
-400 000 000
-300 000 000
-200 000 000
-100 000 000
0
100 000 000
Фактические данные по отпуску в сеть'

08-11-2024T15:30:36 - [TEST_STEP][PASSED] - if (urlText.contains("ошибка") || urlText.contains(searchWord) == false): null

08-11-2024T15:30:36 - [TEST_STEP][PASSED] - a5 = "": null

08-11-2024T15:30:36 - [TEST_STEP][PASSED] - a6 = "": null

08-11-2024T15:30:36 - [TEST_STEP][PASSED] - a7 = "": null

08-11-2024T15:30:36 - [TEST_STEP][PASSED] - a8 = "": null

08-11-2024T15:30:36 - [TEST_STEP][PASSED] - a9 = "": null

08-11-2024T15:30:36 - [TEST_STEP][PASSED] - if (run == 1): null

08-11-2024T15:30:36 - [TEST_STEP][PASSED] - if (run == 2): null

08-11-2024T15:30:36 - [TEST_STEP][PASSED] - if (run == 3): null

08-11-2024T15:30:36 - [TEST_STEP][PASSED] - user = "Попова": null

08-11-2024T15:30:36 - [TEST_STEP][PASSED] - a1 = getText(findTestObject("Отпуск в сеть/span1")): Text of object 'Object Repository/Отпуск в сеть/span1' is: '628 292 786'

08-11-2024T15:30:36 - [MESSAGE][PASSED] - Text of object 'Object Repository/Отпуск в сеть/span1' is: '628 292 786'

08-11-2024T15:30:36 - [TEST_STEP][PASSED] - a2 = getText(findTestObject("Отпуск в сеть/span2")): Text of object 'Object Repository/Отпуск в сеть/span2' is: '634 576 275'

08-11-2024T15:30:37 - [MESSAGE][PASSED] - Text of object 'Object Repository/Отпуск в сеть/span2' is: '634 576 275'

08-11-2024T15:30:37 - [TEST_STEP][PASSED] - a3 = getText(findTestObject("Отпуск в сеть/График1")): Text of object 'Object Repository/Отпуск в сеть/График1' is: '●● Отклонения, тыс. кВт⋅ч
тыс. кВт⋅ч
Отклонения по отпуску в сеть
6 283 4896 283 489
-444 211 807-444 211 807
2022/2023
2023/2024
-500 000 000
-400 000 000
-300 000 000
-200 000 000
-100 000 000
0
100 000 000'

08-11-2024T15:30:37 - [MESSAGE][PASSED] - Text of object 'Object Repository/Отпуск в сеть/График1' is: '●● Отклонения, тыс. кВт⋅ч
тыс. кВт⋅ч
Отклонения по отпуску в сеть
6 283 4896 283 489
-444 211 807-444 211 807
2022/2023
2023/2024
-500 000 000
-400 000 000
-300 000 000
-200 000 000
-100 000 000
0
100 000 000'

08-11-2024T15:30:37 - [TEST_STEP][PASSED] - a4 = getText(findTestObject("Отпуск в сеть/График2")): Text of object 'Object Repository/Отпуск в сеть/График2' is: '●● Отклонения, %
%
Отклонения по отпуску в сеть
1.001.00
-70.00-70.00
2022/2023
2023/2024
-80
-60
-40
-20
0
20'

08-11-2024T15:30:37 - [MESSAGE][PASSED] - Text of object 'Object Repository/Отпуск в сеть/График2' is: '●● Отклонения, %
%
Отклонения по отпуску в сеть
1.001.00
-70.00-70.00
2022/2023
2023/2024
-80
-60
-40
-20
0
20'

08-11-2024T15:30:37 - [TEST_STEP][PASSED] - n = n + 14: null

08-11-2024T15:30:37 - [TEST_STEP][PASSED] - b = n - run + 1: null

08-11-2024T15:30:37 - [TEST_STEP][PASSED] - verifyEqual(findTestData("PlanFact").getValue(2, b), a1): Actual object '628 292 786' and expected object '628 292 786' are equal

08-11-2024T15:30:37 - [MESSAGE][PASSED] - Actual object '628 292 786' and expected object '628 292 786' are equal

08-11-2024T15:30:37 - [TEST_STEP][PASSED] - verifyEqual(findTestData("PlanFact").getValue(3, b), a2): Actual object '634 576 275' and expected object '634 576 275' are equal

08-11-2024T15:30:37 - [MESSAGE][PASSED] - Actual object '634 576 275' and expected object '634 576 275' are equal

08-11-2024T15:30:37 - [TEST_STEP][PASSED] - verifyEqual(findTestData("PlanFact").getValue(4, b), a3): Actual object '●● Отклонения, тыс. кВт⋅ч
тыс. кВт⋅ч
Отклонения по отпуску в сеть
6 283 4896 283 489
-444 211 807-444 211 807
2022/2023
2023/2024
-500 000 000
-400 000 000
-300 000 000
-200 000 000
-100 000 000
0
100 000 000' and expected object '●● Отклонения, тыс. кВт⋅ч
тыс. кВт⋅ч
Отклонения по отпуску в сеть
6 283 4896 283 489
-444 211 807-444 211 807
2022/2023
2023/2024
-500 000 000
-400 000 000
-300 000 000
-200 000 000
-100 000 000
0
100 000 000' are equal

08-11-2024T15:30:38 - [MESSAGE][PASSED] - Actual object '●● Отклонения, тыс. кВт⋅ч
тыс. кВт⋅ч
Отклонения по отпуску в сеть
6 283 4896 283 489
-444 211 807-444 211 807
2022/2023
2023/2024
-500 000 000
-400 000 000
-300 000 000
-200 000 000
-100 000 000
0
100 000 000' and expected object '●● Отклонения, тыс. кВт⋅ч
тыс. кВт⋅ч
Отклонения по отпуску в сеть
6 283 4896 283 489
-444 211 807-444 211 807
2022/2023
2023/2024
-500 000 000
-400 000 000
-300 000 000
-200 000 000
-100 000 000
0
100 000 000' are equal

08-11-2024T15:30:38 - [TEST_STEP][PASSED] - verifyEqual(findTestData("PlanFact").getValue(5, b), a4): Actual object '●● Отклонения, %
%
Отклонения по отпуску в сеть
1.001.00
-70.00-70.00
2022/2023
2023/2024
-80
-60
-40
-20
0
20' and expected object '●● Отклонения, %
%
Отклонения по отпуску в сеть
1.001.00
-70.00-70.00
2022/2023
2023/2024
-80
-60
-40
-20
0
20' are equal

08-11-2024T15:30:38 - [MESSAGE][PASSED] - Actual object '●● Отклонения, %
%
Отклонения по отпуску в сеть
1.001.00
-70.00-70.00
2022/2023
2023/2024
-80
-60
-40
-20
0
20' and expected object '●● Отклонения, %
%
Отклонения по отпуску в сеть
1.001.00
-70.00-70.00
2022/2023
2023/2024
-80
-60
-40
-20
0
20' are equal

08-11-2024T15:30:38 - [TEST_STEP][PASSED] - Script1686231490255.WriteToExcel(user, dashboardName, n, data, run, a1, a2, a3, a4, a5, a6, a7, a8, a9): null

08-11-2024T15:30:38 - [TEST_STEP][PASSED] - sheetName = "Sheet1": null

08-11-2024T15:30:38 - [TEST_STEP][PASSED] - workbook01 = getWorkbook(excelFilePath): null

08-11-2024T15:30:38 - [TEST_STEP][PASSED] - sheet01 = getExcelSheet(workbook01, sheetName): null

08-11-2024T15:30:38 - [TEST_STEP][PASSED] - setValueToCellByIndex(sheet01, n, 0, dashboardName): null

08-11-2024T15:30:38 - [TEST_STEP][PASSED] - setValueToCellByIndex(sheet01, n, 10, user): null

08-11-2024T15:30:38 - [TEST_STEP][PASSED] - setValueToCellByIndex(sheet01, n, 1, a1): null

08-11-2024T15:30:38 - [TEST_STEP][PASSED] - setValueToCellByIndex(sheet01, n, 2, a2): null

08-11-2024T15:30:38 - [TEST_STEP][PASSED] - setValueToCellByIndex(sheet01, n, 3, a3): null

08-11-2024T15:30:38 - [TEST_STEP][PASSED] - setValueToCellByIndex(sheet01, n, 4, a4): null

08-11-2024T15:30:38 - [TEST_STEP][PASSED] - setValueToCellByIndex(sheet01, n, 5, a5): null

08-11-2024T15:30:38 - [TEST_STEP][PASSED] - setValueToCellByIndex(sheet01, n, 6, a6): null

08-11-2024T15:30:38 - [TEST_STEP][PASSED] - setValueToCellByIndex(sheet01, n, 7, a7): null

08-11-2024T15:30:38 - [TEST_STEP][PASSED] - setValueToCellByIndex(sheet01, n, 8, a8): null

08-11-2024T15:30:38 - [TEST_STEP][PASSED] - setValueToCellByIndex(sheet01, n, 9, a9): null

08-11-2024T15:30:38 - [TEST_STEP][PASSED] - n = n + 1: null

08-11-2024T15:30:38 - [TEST_STEP][PASSED] - saveWorkbook(excelFilePath, workbook01): null

08-11-2024T15:30:38 - [TEST_STEP][PASSED] - closeBrowser(): Browser is closed

08-11-2024T15:30:38 - [MESSAGE][PASSED] - Browser is closed

08-11-2024T15:30:38 - [TEST_STEP][PASSED] - delay(65): Delayed 65 second(s)

08-11-2024T15:31:43 - [MESSAGE][PASSED] - Delayed 65 second(s)

08-11-2024T15:31:43 - [TEST_STEP][PASSED] - for ([run = 1, run < 4, (run++)]): null

08-11-2024T15:31:43 - [TEST_STEP][PASSED] - KotlovoyPolezniyOtpusk(user, dashboardName, n, data, run, a1, a2, a3, a4, a5, a6, a7, a8, a9, urlData): null

08-11-2024T15:31:43 - [TEST_STEP][PASSED] - n = data.getRowNumbers() + 1: null

08-11-2024T15:31:43 - [TEST_STEP][PASSED] - println(n): null

08-11-2024T15:31:43 - [TEST_STEP][PASSED] - dashboardName = "Котловой полезный отпуск": null

08-11-2024T15:31:43 - [TEST_STEP][PASSED] - openBrowser(""): Browser is opened with url: ''

08-11-2024T15:31:43 - [MESSAGE][INFO] - Starting 'Chrome' driver

08-11-2024T15:31:43 - [MESSAGE][INFO] - Action delay is set to 0 milliseconds

08-11-2024T15:31:44 - [MESSAGE][PASSED] - Browser is opened with url: ''

08-11-2024T15:31:44 - [TEST_STEP][PASSED] - urlData = 18: null

08-11-2024T15:31:44 - [TEST_STEP][PASSED] - Script1686231490255.CheckPageDownload(urlData, run): null

08-11-2024T15:31:44 - [TEST_STEP][PASSED] - i = 1: null

08-11-2024T15:31:44 - [TEST_STEP][PASSED] - ii = 0: null

08-11-2024T15:31:44 - [TEST_STEP][PASSED] - urlText = <not implemented yet for class: org.codehaus.groovy.ast.expr.EmptyExpression>: null

08-11-2024T15:31:44 - [TEST_STEP][PASSED] - searchWord = <not implemented yet for class: org.codehaus.groovy.ast.expr.EmptyExpression>: null

08-11-2024T15:31:44 - [TEST_STEP][PASSED] - deleteAllCookies(): Delete all cookies successfully

08-11-2024T15:31:44 - [MESSAGE][PASSED] - Delete all cookies successfully

08-11-2024T15:31:44 - [TEST_STEP][PASSED] - refresh(): Refresh successfully

08-11-2024T15:31:44 - [MESSAGE][PASSED] - Refresh successfully

08-11-2024T15:31:44 - [TEST_STEP][PASSED] - delay(65): Delayed 65 second(s)

08-11-2024T15:32:49 - [MESSAGE][PASSED] - Delayed 65 second(s)

08-11-2024T15:32:49 - [TEST_STEP][PASSED] - navigateToUrl(findTestData("PlanFact").getValue(10, urlData)): Navigate to 'https://bi.rosseti.digital/viewer?dashboardGuid=2301950b23be4ed89c1df75f2020051e&sheetGuid=9de09c51f7e14f6a9e9103985ef32ea6&fit=true' successfully

08-11-2024T15:32:54 - [MESSAGE][PASSED] - Navigate to 'https://bi.rosseti.digital/viewer?dashboardGuid=2301950b23be4ed89c1df75f2020051e&sheetGuid=9de09c51f7e14f6a9e9103985ef32ea6&fit=true' successfully

08-11-2024T15:32:54 - [TEST_STEP][PASSED] - pageLoaded1 = verifyElementPresent(findTestObject("Страница авторизации/Text"), 30): Object 'Object Repository/Страница авторизации/Text' is present

08-11-2024T15:32:57 - [MESSAGE][PASSED] - Object 'Object Repository/Страница авторизации/Text' is present

08-11-2024T15:32:57 - [TEST_STEP][PASSED] - if (pageLoaded1 == false): null

08-11-2024T15:32:57 - [TEST_STEP][PASSED] - urlText = getText(findTestObject("Страница авторизации/Text")): Text of object 'Object Repository/Страница авторизации/Text' is: 'Вход'

08-11-2024T15:32:57 - [MESSAGE][PASSED] - Text of object 'Object Repository/Страница авторизации/Text' is: 'Вход'

08-11-2024T15:32:57 - [TEST_STEP][PASSED] - delay(65): Delayed 65 second(s)

08-11-2024T15:34:02 - [MESSAGE][PASSED] - Delayed 65 second(s)

08-11-2024T15:34:02 - [TEST_STEP][PASSED] - searchWord = "Вход": null

08-11-2024T15:34:02 - [TEST_STEP][PASSED] - if (urlText.contains(searchWord) == false): null

08-11-2024T15:34:02 - [TEST_STEP][PASSED] - setText(findTestObject("Страница авторизации/input__username"), findTestData("PlanFact").getValue(8, run)): Text 'liazgina-di' is set on object 'Object Repository/Страница авторизации/input__username'

08-11-2024T15:34:03 - [MESSAGE][PASSED] - Text 'liazgina-di' is set on object 'Object Repository/Страница авторизации/input__username'

08-11-2024T15:34:03 - [TEST_STEP][PASSED] - setText(findTestObject("Страница авторизации/input__password"), findTestData("PlanFact").getValue(9, run)): Text ')$%5srZ8o688Dm#q' is set on object 'Object Repository/Страница авторизации/input__password'

08-11-2024T15:34:04 - [MESSAGE][PASSED] - Text ')$%5srZ8o688Dm#q' is set on object 'Object Repository/Страница авторизации/input__password'

08-11-2024T15:34:04 - [TEST_STEP][PASSED] - click(findTestObject("Страница авторизации/button_")): Object: 'Object Repository/Страница авторизации/button_' is clicked on

08-11-2024T15:34:07 - [MESSAGE][PASSED] - Object: 'Object Repository/Страница авторизации/button_' is clicked on

08-11-2024T15:34:07 - [TEST_STEP][PASSED] - delay(65): Delayed 65 second(s)

08-11-2024T15:35:12 - [MESSAGE][PASSED] - Delayed 65 second(s)

08-11-2024T15:35:12 - [TEST_STEP][PASSED] - searchWord = "а": null

08-11-2024T15:35:12 - [TEST_STEP][PASSED] - pageLoaded2 = verifyElementPresent(findTestObject("Страница авторизации/Text"), 50): Object 'Object Repository/Страница авторизации/Text' is present

08-11-2024T15:35:12 - [MESSAGE][PASSED] - Object 'Object Repository/Страница авторизации/Text' is present

08-11-2024T15:35:12 - [TEST_STEP][PASSED] - if (pageLoaded2 == false): null

08-11-2024T15:35:12 - [TEST_STEP][PASSED] - urlText = getText(findTestObject("Страница авторизации/Text")): Text of object 'Object Repository/Страница авторизации/Text' is: 'Период
1, 2, 3 кв. 2024 года
Выручка
Все
ДЗО 
Все
Внутренний оборот – выручка за услуги по передаче электрической энергии, входящая в стоимость электроэнергии (продажа) при выполнении ДЗО функций гарантирующего поставщика
Подписи данных
Отклонение котлового полезного отпуска ПАО Россети за 1, 2, 3 кв. 2024 года (факт/план, млн. кВтч)
ПАО Россети
10 591 млн.кВтч.
млн.
%
Котловой полезный отпуск
Выполнение плановых показателей по ПАО Россети за 1, 2, 3 кв. 2024 года
План
Факт
Динамика
2024 год
0 млн.кВтч.
50 000 млн.кВтч.
100 000 млн.кВтч.
150 000 млн.кВтч.
200 000 млн.кВтч.
250 000 млн.кВтч.
300 000 млн.кВтч.
350 000 млн.кВтч.
400 000 млн.кВтч.
450 000 млн.кВтч.
500 000 млн.кВтч.
389 616
401 414
↑
⬤Отклонение
АО «Тываэнерго»
АО «Чеченэнерго»
Россети Волга
Россети Кубань
Россети Ленэнерго (ГК)
Россети Московский регион
Россети Северный Кавказ (ГК)
Россети Северо-Запад
Россети Сибирь (ГК)
Россети Томск
Россети Тюмень
Россети Урал (ГК)
Россети ФСК ЕЭС
Россети Центр
Россети Центр и Приволжье (ГК)
Россети Юг (ГК)
Россети Янтарь
-2 500 млн.кВтч.
-2 000 млн.кВтч.
-1 500 млн.кВтч.
-1 000 млн.кВтч.
- 500 млн.кВтч.
0 млн.кВтч.
500 млн.кВтч.
1 000 млн.кВтч.
1 500 млн.кВтч.
2 000 млн.кВтч.
2 500 млн.кВтч.
3 000 млн.кВтч.
3 500 млн.кВтч.
86
27
1 090
993
1 054
2 987
243
433
1 733
159
-2 044
1 335
-1 206
1 341
1 490
744
126'

08-11-2024T15:35:13 - [MESSAGE][PASSED] - Text of object 'Object Repository/Страница авторизации/Text' is: 'Период
1, 2, 3 кв. 2024 года
Выручка
Все
ДЗО 
Все
Внутренний оборот – выручка за услуги по передаче электрической энергии, входящая в стоимость электроэнергии (продажа) при выполнении ДЗО функций гарантирующего поставщика
Подписи данных
Отклонение котлового полезного отпуска ПАО Россети за 1, 2, 3 кв. 2024 года (факт/план, млн. кВтч)
ПАО Россети
10 591 млн.кВтч.
млн.
%
Котловой полезный отпуск
Выполнение плановых показателей по ПАО Россети за 1, 2, 3 кв. 2024 года
План
Факт
Динамика
2024 год
0 млн.кВтч.
50 000 млн.кВтч.
100 000 млн.кВтч.
150 000 млн.кВтч.
200 000 млн.кВтч.
250 000 млн.кВтч.
300 000 млн.кВтч.
350 000 млн.кВтч.
400 000 млн.кВтч.
450 000 млн.кВтч.
500 000 млн.кВтч.
389 616
401 414
↑
⬤Отклонение
АО «Тываэнерго»
АО «Чеченэнерго»
Россети Волга
Россети Кубань
Россети Ленэнерго (ГК)
Россети Московский регион
Россети Северный Кавказ (ГК)
Россети Северо-Запад
Россети Сибирь (ГК)
Россети Томск
Россети Тюмень
Россети Урал (ГК)
Россети ФСК ЕЭС
Россети Центр
Россети Центр и Приволжье (ГК)
Россети Юг (ГК)
Россети Янтарь
-2 500 млн.кВтч.
-2 000 млн.кВтч.
-1 500 млн.кВтч.
-1 000 млн.кВтч.
- 500 млн.кВтч.
0 млн.кВтч.
500 млн.кВтч.
1 000 млн.кВтч.
1 500 млн.кВтч.
2 000 млн.кВтч.
2 500 млн.кВтч.
3 000 млн.кВтч.
3 500 млн.кВтч.
86
27
1 090
993
1 054
2 987
243
433
1 733
159
-2 044
1 335
-1 206
1 341
1 490
744
126'

08-11-2024T15:35:13 - [TEST_STEP][PASSED] - if (urlText.contains("ошибка") || urlText.contains(searchWord) == false): null

08-11-2024T15:35:13 - [TEST_STEP][PASSED] - a2 = "": null

08-11-2024T15:35:13 - [TEST_STEP][PASSED] - a3 = "": null

08-11-2024T15:35:13 - [TEST_STEP][PASSED] - a4 = "": null

08-11-2024T15:35:13 - [TEST_STEP][PASSED] - a5 = "": null

08-11-2024T15:35:13 - [TEST_STEP][PASSED] - a6 = "": null

08-11-2024T15:35:13 - [TEST_STEP][PASSED] - a7 = "": null

08-11-2024T15:35:13 - [TEST_STEP][PASSED] - a8 = "": null

08-11-2024T15:35:13 - [TEST_STEP][PASSED] - a9 = "": null

08-11-2024T15:35:13 - [TEST_STEP][PASSED] - if (run == 1): null

08-11-2024T15:35:13 - [TEST_STEP][PASSED] - user = "админ": null

08-11-2024T15:35:13 - [TEST_STEP][PASSED] - a1 = getText(findTestObject("Котловой полезный отпуск/График 1")): Text of object 'Object Repository/Котловой полезный отпуск/График 1' is: 'Период
1, 2, 3 кв. 2024 года
Выручка
Все
ДЗО 
Все
Внутренний оборот – выручка за услуги по передаче электрической энергии, входящая в стоимость электроэнергии (продажа) при выполнении ДЗО функций гарантирующего поставщика
Подписи данных
Отклонение котлового полезного отпуска ПАО Россети за 1, 2, 3 кв. 2024 года (факт/план, млн. кВтч)
ПАО Россети
10 591 млн.кВтч.
млн.
%
Котловой полезный отпуск
Выполнение плановых показателей по ПАО Россети за 1, 2, 3 кв. 2024 года
План
Факт
Динамика
2024 год
0 млн.кВтч.
50 000 млн.кВтч.
100 000 млн.кВтч.
150 000 млн.кВтч.
200 000 млн.кВтч.
250 000 млн.кВтч.
300 000 млн.кВтч.
350 000 млн.кВтч.
400 000 млн.кВтч.
450 000 млн.кВтч.
500 000 млн.кВтч.
389 616
401 414
↑
⬤Отклонение
АО «Тываэнерго»
АО «Чеченэнерго»
Россети Волга
Россети Кубань
Россети Ленэнерго (ГК)
Россети Московский регион
Россети Северный Кавказ (ГК)
Россети Северо-Запад
Россети Сибирь (ГК)
Россети Томск
Россети Тюмень
Россети Урал (ГК)
Россети ФСК ЕЭС
Россети Центр
Россети Центр и Приволжье (ГК)
Россети Юг (ГК)
Россети Янтарь
-2 500 млн.кВтч.
-2 000 млн.кВтч.
-1 500 млн.кВтч.
-1 000 млн.кВтч.
- 500 млн.кВтч.
0 млн.кВтч.
500 млн.кВтч.
1 000 млн.кВтч.
1 500 млн.кВтч.
2 000 млн.кВтч.
2 500 млн.кВтч.
3 000 млн.кВтч.
3 500 млн.кВтч.
86
27
1 090
993
1 054
2 987
243
433
1 733
159
-2 044
1 335
-1 206
1 341
1 490
744
126'

08-11-2024T15:35:14 - [MESSAGE][PASSED] - Text of object 'Object Repository/Котловой полезный отпуск/График 1' is: 'Период
1, 2, 3 кв. 2024 года
Выручка
Все
ДЗО 
Все
Внутренний оборот – выручка за услуги по передаче электрической энергии, входящая в стоимость электроэнергии (продажа) при выполнении ДЗО функций гарантирующего поставщика
Подписи данных
Отклонение котлового полезного отпуска ПАО Россети за 1, 2, 3 кв. 2024 года (факт/план, млн. кВтч)
ПАО Россети
10 591 млн.кВтч.
млн.
%
Котловой полезный отпуск
Выполнение плановых показателей по ПАО Россети за 1, 2, 3 кв. 2024 года
План
Факт
Динамика
2024 год
0 млн.кВтч.
50 000 млн.кВтч.
100 000 млн.кВтч.
150 000 млн.кВтч.
200 000 млн.кВтч.
250 000 млн.кВтч.
300 000 млн.кВтч.
350 000 млн.кВтч.
400 000 млн.кВтч.
450 000 млн.кВтч.
500 000 млн.кВтч.
389 616
401 414
↑
⬤Отклонение
АО «Тываэнерго»
АО «Чеченэнерго»
Россети Волга
Россети Кубань
Россети Ленэнерго (ГК)
Россети Московский регион
Россети Северный Кавказ (ГК)
Россети Северо-Запад
Россети Сибирь (ГК)
Россети Томск
Россети Тюмень
Россети Урал (ГК)
Россети ФСК ЕЭС
Россети Центр
Россети Центр и Приволжье (ГК)
Россети Юг (ГК)
Россети Янтарь
-2 500 млн.кВтч.
-2 000 млн.кВтч.
-1 500 млн.кВтч.
-1 000 млн.кВтч.
- 500 млн.кВтч.
0 млн.кВтч.
500 млн.кВтч.
1 000 млн.кВтч.
1 500 млн.кВтч.
2 000 млн.кВтч.
2 500 млн.кВтч.
3 000 млн.кВтч.
3 500 млн.кВтч.
86
27
1 090
993
1 054
2 987
243
433
1 733
159
-2 044
1 335
-1 206
1 341
1 490
744
126'

08-11-2024T15:35:14 - [TEST_STEP][PASSED] - a1 = replaceAll("[\r?
|
]", "").replaceAll("\s+", ""): null

08-11-2024T15:35:14 - [TEST_STEP][PASSED] - if (a1 == ""): null

08-11-2024T15:35:14 - [TEST_STEP][PASSED] - n = n + 21: null

08-11-2024T15:35:14 - [TEST_STEP][PASSED] - Script1686231490255.WriteToExcel(user, dashboardName, n, data, run, a1, a2, a3, a4, a5, a6, a7, a8, a9): null

08-11-2024T15:35:14 - [TEST_STEP][PASSED] - sheetName = "Sheet1": null

08-11-2024T15:35:14 - [TEST_STEP][PASSED] - workbook01 = getWorkbook(excelFilePath): null

08-11-2024T15:35:14 - [TEST_STEP][PASSED] - sheet01 = getExcelSheet(workbook01, sheetName): null

08-11-2024T15:35:14 - [TEST_STEP][PASSED] - setValueToCellByIndex(sheet01, n, 0, dashboardName): null

08-11-2024T15:35:14 - [TEST_STEP][PASSED] - setValueToCellByIndex(sheet01, n, 10, user): null

08-11-2024T15:35:14 - [TEST_STEP][PASSED] - setValueToCellByIndex(sheet01, n, 1, a1): null

08-11-2024T15:35:14 - [TEST_STEP][PASSED] - setValueToCellByIndex(sheet01, n, 2, a2): null

08-11-2024T15:35:14 - [TEST_STEP][PASSED] - setValueToCellByIndex(sheet01, n, 3, a3): null

08-11-2024T15:35:14 - [TEST_STEP][PASSED] - setValueToCellByIndex(sheet01, n, 4, a4): null

08-11-2024T15:35:14 - [TEST_STEP][PASSED] - setValueToCellByIndex(sheet01, n, 5, a5): null

08-11-2024T15:35:14 - [TEST_STEP][PASSED] - setValueToCellByIndex(sheet01, n, 6, a6): null

08-11-2024T15:35:14 - [TEST_STEP][PASSED] - setValueToCellByIndex(sheet01, n, 7, a7): null

08-11-2024T15:35:14 - [TEST_STEP][PASSED] - setValueToCellByIndex(sheet01, n, 8, a8): null

08-11-2024T15:35:14 - [TEST_STEP][PASSED] - setValueToCellByIndex(sheet01, n, 9, a9): null

08-11-2024T15:35:14 - [TEST_STEP][PASSED] - n = n + 1: null

08-11-2024T15:35:14 - [TEST_STEP][PASSED] - saveWorkbook(excelFilePath, workbook01): null

08-11-2024T15:35:14 - [TEST_STEP][PASSED] - if (run == 2): null

08-11-2024T15:35:14 - [TEST_STEP][PASSED] - if (run == 3): null

08-11-2024T15:35:14 - [TEST_STEP][PASSED] - closeBrowser(): null

08-11-2024T15:35:14 - [MESSAGE][PASSED] - Browser is closed

08-11-2024T15:35:14 - [TEST_STEP][PASSED] - KotlovoyPolezniyOtpusk(user, dashboardName, n, data, run, a1, a2, a3, a4, a5, a6, a7, a8, a9, urlData): null

08-11-2024T15:35:14 - [TEST_STEP][PASSED] - n = data.getRowNumbers() + 1: null

08-11-2024T15:35:14 - [TEST_STEP][PASSED] - println(n): null

08-11-2024T15:35:14 - [TEST_STEP][PASSED] - dashboardName = "Котловой полезный отпуск": null

08-11-2024T15:35:14 - [TEST_STEP][PASSED] - openBrowser(""): Browser is opened with url: ''

08-11-2024T15:35:14 - [MESSAGE][INFO] - Starting 'Chrome' driver

08-11-2024T15:35:14 - [MESSAGE][INFO] - Action delay is set to 0 milliseconds

08-11-2024T15:35:15 - [MESSAGE][PASSED] - Browser is opened with url: ''

08-11-2024T15:35:15 - [TEST_STEP][PASSED] - urlData = 18: null

08-11-2024T15:35:15 - [TEST_STEP][PASSED] - Script1686231490255.CheckPageDownload(urlData, run): null

08-11-2024T15:35:15 - [TEST_STEP][PASSED] - i = 1: null

08-11-2024T15:35:15 - [TEST_STEP][PASSED] - ii = 0: null

08-11-2024T15:35:15 - [TEST_STEP][PASSED] - urlText = <not implemented yet for class: org.codehaus.groovy.ast.expr.EmptyExpression>: null

08-11-2024T15:35:15 - [TEST_STEP][PASSED] - searchWord = <not implemented yet for class: org.codehaus.groovy.ast.expr.EmptyExpression>: null

08-11-2024T15:35:15 - [TEST_STEP][PASSED] - deleteAllCookies(): Delete all cookies successfully

08-11-2024T15:35:15 - [MESSAGE][PASSED] - Delete all cookies successfully

08-11-2024T15:35:15 - [TEST_STEP][PASSED] - refresh(): Refresh successfully

08-11-2024T15:35:15 - [MESSAGE][PASSED] - Refresh successfully

08-11-2024T15:35:15 - [TEST_STEP][PASSED] - delay(65): Delayed 65 second(s)

08-11-2024T15:36:20 - [MESSAGE][PASSED] - Delayed 65 second(s)

08-11-2024T15:36:20 - [TEST_STEP][PASSED] - navigateToUrl(findTestData("PlanFact").getValue(10, urlData)): Navigate to 'https://bi.rosseti.digital/viewer?dashboardGuid=2301950b23be4ed89c1df75f2020051e&sheetGuid=9de09c51f7e14f6a9e9103985ef32ea6&fit=true' successfully

08-11-2024T15:36:31 - [MESSAGE][PASSED] - Navigate to 'https://bi.rosseti.digital/viewer?dashboardGuid=2301950b23be4ed89c1df75f2020051e&sheetGuid=9de09c51f7e14f6a9e9103985ef32ea6&fit=true' successfully

08-11-2024T15:36:31 - [TEST_STEP][PASSED] - pageLoaded1 = verifyElementPresent(findTestObject("Страница авторизации/Text"), 30): Object 'Object Repository/Страница авторизации/Text' is present

08-11-2024T15:36:34 - [MESSAGE][PASSED] - Object 'Object Repository/Страница авторизации/Text' is present

08-11-2024T15:36:34 - [TEST_STEP][PASSED] - if (pageLoaded1 == false): null

08-11-2024T15:36:34 - [TEST_STEP][PASSED] - urlText = getText(findTestObject("Страница авторизации/Text")): Text of object 'Object Repository/Страница авторизации/Text' is: 'Вход'

08-11-2024T15:36:35 - [MESSAGE][PASSED] - Text of object 'Object Repository/Страница авторизации/Text' is: 'Вход'

08-11-2024T15:36:35 - [TEST_STEP][PASSED] - delay(65): Delayed 65 second(s)

08-11-2024T15:37:40 - [MESSAGE][PASSED] - Delayed 65 second(s)

08-11-2024T15:37:40 - [TEST_STEP][PASSED] - searchWord = "Вход": null

08-11-2024T15:37:40 - [TEST_STEP][PASSED] - if (urlText.contains(searchWord) == false): null

08-11-2024T15:37:40 - [TEST_STEP][PASSED] - setText(findTestObject("Страница авторизации/input__username"), findTestData("PlanFact").getValue(8, run)): Text 'Andreeva-EV' is set on object 'Object Repository/Страница авторизации/input__username'

08-11-2024T15:37:40 - [MESSAGE][PASSED] - Text 'Andreeva-EV' is set on object 'Object Repository/Страница авторизации/input__username'

08-11-2024T15:37:40 - [TEST_STEP][PASSED] - setText(findTestObject("Страница авторизации/input__password"), findTestData("PlanFact").getValue(9, run)): Text '2nPePKDwCPH3ul7xMZ' is set on object 'Object Repository/Страница авторизации/input__password'

08-11-2024T15:37:41 - [MESSAGE][PASSED] - Text '2nPePKDwCPH3ul7xMZ' is set on object 'Object Repository/Страница авторизации/input__password'

08-11-2024T15:37:41 - [TEST_STEP][PASSED] - click(findTestObject("Страница авторизации/button_")): Object: 'Object Repository/Страница авторизации/button_' is clicked on

08-11-2024T15:37:46 - [MESSAGE][PASSED] - Object: 'Object Repository/Страница авторизации/button_' is clicked on

08-11-2024T15:37:46 - [TEST_STEP][PASSED] - delay(65): Delayed 65 second(s)

08-11-2024T15:38:51 - [MESSAGE][PASSED] - Delayed 65 second(s)

08-11-2024T15:38:51 - [TEST_STEP][PASSED] - searchWord = "а": null

08-11-2024T15:38:51 - [TEST_STEP][PASSED] - pageLoaded2 = verifyElementPresent(findTestObject("Страница авторизации/Text"), 50): Object 'Object Repository/Страница авторизации/Text' is present

08-11-2024T15:38:51 - [MESSAGE][PASSED] - Object 'Object Repository/Страница авторизации/Text' is present

08-11-2024T15:38:51 - [TEST_STEP][PASSED] - if (pageLoaded2 == false): null

08-11-2024T15:38:51 - [TEST_STEP][PASSED] - urlText = getText(findTestObject("Страница авторизации/Text")): Text of object 'Object Repository/Страница авторизации/Text' is: 'Период
1, 2, 3 кв. 2024 года
Выручка
Все
ДЗО 
Все
Внутренний оборот – выручка за услуги по передаче электрической энергии, входящая в стоимость электроэнергии (продажа) при выполнении ДЗО функций гарантирующего поставщика
Подписи данных
Отклонение котлового полезного отпуска ПАО Россети за 1, 2, 3 кв. 2024 года (факт/план, млн. кВтч)
ПАО Россети
10 591 млн.кВтч.
млн.
%
Котловой полезный отпуск
Выполнение плановых показателей по ПАО Россети за 1, 2, 3 кв. 2024 года
План
Факт
Динамика
2024 год
0 млн.кВтч.
50 000 млн.кВтч.
100 000 млн.кВтч.
150 000 млн.кВтч.
200 000 млн.кВтч.
250 000 млн.кВтч.
300 000 млн.кВтч.
350 000 млн.кВтч.
400 000 млн.кВтч.
450 000 млн.кВтч.
500 000 млн.кВтч.
389 616
401 414
↑
⬤Отклонение
АО «Тываэнерго»
АО «Чеченэнерго»
Россети Волга
Россети Кубань
Россети Ленэнерго (ГК)
Россети Московский регион
Россети Северный Кавказ (ГК)
Россети Северо-Запад
Россети Сибирь (ГК)
Россети Томск
Россети Тюмень
Россети Урал (ГК)
Россети ФСК ЕЭС
Россети Центр
Россети Центр и Приволжье (ГК)
Россети Юг (ГК)
Россети Янтарь
-2 500 млн.кВтч.
-2 000 млн.кВтч.
-1 500 млн.кВтч.
-1 000 млн.кВтч.
- 500 млн.кВтч.
0 млн.кВтч.
500 млн.кВтч.
1 000 млн.кВтч.
1 500 млн.кВтч.
2 000 млн.кВтч.
2 500 млн.кВтч.
3 000 млн.кВтч.
3 500 млн.кВтч.
86
27
1 090
993
1 054
2 987
243
433
1 733
159
-2 044
1 335
-1 206
1 341
1 490
744
126'

08-11-2024T15:38:52 - [MESSAGE][PASSED] - Text of object 'Object Repository/Страница авторизации/Text' is: 'Период
1, 2, 3 кв. 2024 года
Выручка
Все
ДЗО 
Все
Внутренний оборот – выручка за услуги по передаче электрической энергии, входящая в стоимость электроэнергии (продажа) при выполнении ДЗО функций гарантирующего поставщика
Подписи данных
Отклонение котлового полезного отпуска ПАО Россети за 1, 2, 3 кв. 2024 года (факт/план, млн. кВтч)
ПАО Россети
10 591 млн.кВтч.
млн.
%
Котловой полезный отпуск
Выполнение плановых показателей по ПАО Россети за 1, 2, 3 кв. 2024 года
План
Факт
Динамика
2024 год
0 млн.кВтч.
50 000 млн.кВтч.
100 000 млн.кВтч.
150 000 млн.кВтч.
200 000 млн.кВтч.
250 000 млн.кВтч.
300 000 млн.кВтч.
350 000 млн.кВтч.
400 000 млн.кВтч.
450 000 млн.кВтч.
500 000 млн.кВтч.
389 616
401 414
↑
⬤Отклонение
АО «Тываэнерго»
АО «Чеченэнерго»
Россети Волга
Россети Кубань
Россети Ленэнерго (ГК)
Россети Московский регион
Россети Северный Кавказ (ГК)
Россети Северо-Запад
Россети Сибирь (ГК)
Россети Томск
Россети Тюмень
Россети Урал (ГК)
Россети ФСК ЕЭС
Россети Центр
Россети Центр и Приволжье (ГК)
Россети Юг (ГК)
Россети Янтарь
-2 500 млн.кВтч.
-2 000 млн.кВтч.
-1 500 млн.кВтч.
-1 000 млн.кВтч.
- 500 млн.кВтч.
0 млн.кВтч.
500 млн.кВтч.
1 000 млн.кВтч.
1 500 млн.кВтч.
2 000 млн.кВтч.
2 500 млн.кВтч.
3 000 млн.кВтч.
3 500 млн.кВтч.
86
27
1 090
993
1 054
2 987
243
433
1 733
159
-2 044
1 335
-1 206
1 341
1 490
744
126'

08-11-2024T15:38:52 - [TEST_STEP][PASSED] - if (urlText.contains("ошибка") || urlText.contains(searchWord) == false): null

08-11-2024T15:38:52 - [TEST_STEP][PASSED] - a2 = "": null

08-11-2024T15:38:52 - [TEST_STEP][PASSED] - a3 = "": null

08-11-2024T15:38:52 - [TEST_STEP][PASSED] - a4 = "": null

08-11-2024T15:38:52 - [TEST_STEP][PASSED] - a5 = "": null

08-11-2024T15:38:52 - [TEST_STEP][PASSED] - a6 = "": null

08-11-2024T15:38:52 - [TEST_STEP][PASSED] - a7 = "": null

08-11-2024T15:38:52 - [TEST_STEP][PASSED] - a8 = "": null

08-11-2024T15:38:52 - [TEST_STEP][PASSED] - a9 = "": null

08-11-2024T15:38:52 - [TEST_STEP][PASSED] - if (run == 1): null

08-11-2024T15:38:52 - [TEST_STEP][PASSED] - if (run == 2): null

08-11-2024T15:38:52 - [TEST_STEP][PASSED] - user = "Андреева": null

08-11-2024T15:38:52 - [TEST_STEP][PASSED] - a1 = getText(findTestObject("Котловой полезный отпуск/График 1")): Text of object 'Object Repository/Котловой полезный отпуск/График 1' is: 'Период
1, 2, 3 кв. 2024 года
Выручка
Все
ДЗО 
Все
Внутренний оборот – выручка за услуги по передаче электрической энергии, входящая в стоимость электроэнергии (продажа) при выполнении ДЗО функций гарантирующего поставщика
Подписи данных
Отклонение котлового полезного отпуска ПАО Россети за 1, 2, 3 кв. 2024 года (факт/план, млн. кВтч)
ПАО Россети
10 591 млн.кВтч.
млн.
%
Котловой полезный отпуск
Выполнение плановых показателей по ПАО Россети за 1, 2, 3 кв. 2024 года
План
Факт
Динамика
2024 год
0 млн.кВтч.
50 000 млн.кВтч.
100 000 млн.кВтч.
150 000 млн.кВтч.
200 000 млн.кВтч.
250 000 млн.кВтч.
300 000 млн.кВтч.
350 000 млн.кВтч.
400 000 млн.кВтч.
450 000 млн.кВтч.
500 000 млн.кВтч.
389 616
401 414
↑
⬤Отклонение
АО «Тываэнерго»
АО «Чеченэнерго»
Россети Волга
Россети Кубань
Россети Ленэнерго (ГК)
Россети Московский регион
Россети Северный Кавказ (ГК)
Россети Северо-Запад
Россети Сибирь (ГК)
Россети Томск
Россети Тюмень
Россети Урал (ГК)
Россети ФСК ЕЭС
Россети Центр
Россети Центр и Приволжье (ГК)
Россети Юг (ГК)
Россети Янтарь
-2 500 млн.кВтч.
-2 000 млн.кВтч.
-1 500 млн.кВтч.
-1 000 млн.кВтч.
- 500 млн.кВтч.
0 млн.кВтч.
500 млн.кВтч.
1 000 млн.кВтч.
1 500 млн.кВтч.
2 000 млн.кВтч.
2 500 млн.кВтч.
3 000 млн.кВтч.
3 500 млн.кВтч.
86
27
1 090
993
1 054
2 987
243
433
1 733
159
-2 044
1 335
-1 206
1 341
1 490
744
126'

08-11-2024T15:38:53 - [MESSAGE][PASSED] - Text of object 'Object Repository/Котловой полезный отпуск/График 1' is: 'Период
1, 2, 3 кв. 2024 года
Выручка
Все
ДЗО 
Все
Внутренний оборот – выручка за услуги по передаче электрической энергии, входящая в стоимость электроэнергии (продажа) при выполнении ДЗО функций гарантирующего поставщика
Подписи данных
Отклонение котлового полезного отпуска ПАО Россети за 1, 2, 3 кв. 2024 года (факт/план, млн. кВтч)
ПАО Россети
10 591 млн.кВтч.
млн.
%
Котловой полезный отпуск
Выполнение плановых показателей по ПАО Россети за 1, 2, 3 кв. 2024 года
План
Факт
Динамика
2024 год
0 млн.кВтч.
50 000 млн.кВтч.
100 000 млн.кВтч.
150 000 млн.кВтч.
200 000 млн.кВтч.
250 000 млн.кВтч.
300 000 млн.кВтч.
350 000 млн.кВтч.
400 000 млн.кВтч.
450 000 млн.кВтч.
500 000 млн.кВтч.
389 616
401 414
↑
⬤Отклонение
АО «Тываэнерго»
АО «Чеченэнерго»
Россети Волга
Россети Кубань
Россети Ленэнерго (ГК)
Россети Московский регион
Россети Северный Кавказ (ГК)
Россети Северо-Запад
Россети Сибирь (ГК)
Россети Томск
Россети Тюмень
Россети Урал (ГК)
Россети ФСК ЕЭС
Россети Центр
Россети Центр и Приволжье (ГК)
Россети Юг (ГК)
Россети Янтарь
-2 500 млн.кВтч.
-2 000 млн.кВтч.
-1 500 млн.кВтч.
-1 000 млн.кВтч.
- 500 млн.кВтч.
0 млн.кВтч.
500 млн.кВтч.
1 000 млн.кВтч.
1 500 млн.кВтч.
2 000 млн.кВтч.
2 500 млн.кВтч.
3 000 млн.кВтч.
3 500 млн.кВтч.
86
27
1 090
993
1 054
2 987
243
433
1 733
159
-2 044
1 335
-1 206
1 341
1 490
744
126'

08-11-2024T15:38:53 - [TEST_STEP][PASSED] - a1 = replaceAll("[\r?
|
]", "").replaceAll("\s+", ""): null

08-11-2024T15:38:53 - [TEST_STEP][PASSED] - if (a1 == ""): null

08-11-2024T15:38:53 - [TEST_STEP][PASSED] - n = n + 22: null

08-11-2024T15:38:53 - [TEST_STEP][PASSED] - b = n - run + 1: null

08-11-2024T15:38:53 - [TEST_STEP][PASSED] - verifyEqual(findTestData("PlanFact").getValue(2, b), a1): Actual object '123202412320241059112320242024050000100000150000200000250000300000350000400000450000500000389616401414↑⬤250020001500100050005001000150020002500300035008627109099310542987243433173315920441335120613411490744126' and expected object '123202412320241059112320242024050000100000150000200000250000300000350000400000450000500000389616401414↑⬤250020001500100050005001000150020002500300035008627109099310542987243433173315920441335120613411490744126' are equal

08-11-2024T15:38:53 - [MESSAGE][PASSED] - Actual object '123202412320241059112320242024050000100000150000200000250000300000350000400000450000500000389616401414↑⬤250020001500100050005001000150020002500300035008627109099310542987243433173315920441335120613411490744126' and expected object '123202412320241059112320242024050000100000150000200000250000300000350000400000450000500000389616401414↑⬤250020001500100050005001000150020002500300035008627109099310542987243433173315920441335120613411490744126' are equal

08-11-2024T15:38:53 - [TEST_STEP][PASSED] - Script1686231490255.WriteToExcel(user, dashboardName, n, data, run, a1, a2, a3, a4, a5, a6, a7, a8, a9): null

08-11-2024T15:38:53 - [TEST_STEP][PASSED] - sheetName = "Sheet1": null

08-11-2024T15:38:53 - [TEST_STEP][PASSED] - workbook01 = getWorkbook(excelFilePath): null

08-11-2024T15:38:53 - [TEST_STEP][PASSED] - sheet01 = getExcelSheet(workbook01, sheetName): null

08-11-2024T15:38:53 - [TEST_STEP][PASSED] - setValueToCellByIndex(sheet01, n, 0, dashboardName): null

08-11-2024T15:38:53 - [TEST_STEP][PASSED] - setValueToCellByIndex(sheet01, n, 10, user): null

08-11-2024T15:38:53 - [TEST_STEP][PASSED] - setValueToCellByIndex(sheet01, n, 1, a1): null

08-11-2024T15:38:53 - [TEST_STEP][PASSED] - setValueToCellByIndex(sheet01, n, 2, a2): null

08-11-2024T15:38:53 - [TEST_STEP][PASSED] - setValueToCellByIndex(sheet01, n, 3, a3): null

08-11-2024T15:38:53 - [TEST_STEP][PASSED] - setValueToCellByIndex(sheet01, n, 4, a4): null

08-11-2024T15:38:53 - [TEST_STEP][PASSED] - setValueToCellByIndex(sheet01, n, 5, a5): null

08-11-2024T15:38:53 - [TEST_STEP][PASSED] - setValueToCellByIndex(sheet01, n, 6, a6): null

08-11-2024T15:38:53 - [TEST_STEP][PASSED] - setValueToCellByIndex(sheet01, n, 7, a7): null

08-11-2024T15:38:53 - [TEST_STEP][PASSED] - setValueToCellByIndex(sheet01, n, 8, a8): null

08-11-2024T15:38:53 - [TEST_STEP][PASSED] - setValueToCellByIndex(sheet01, n, 9, a9): null

08-11-2024T15:38:53 - [TEST_STEP][PASSED] - n = n + 1: null

08-11-2024T15:38:53 - [TEST_STEP][PASSED] - saveWorkbook(excelFilePath, workbook01): null

08-11-2024T15:38:53 - [TEST_STEP][PASSED] - if (run == 3): null

08-11-2024T15:38:53 - [TEST_STEP][PASSED] - closeBrowser(): null

08-11-2024T15:38:53 - [MESSAGE][PASSED] - Browser is closed

08-11-2024T15:38:53 - [TEST_STEP][PASSED] - KotlovoyPolezniyOtpusk(user, dashboardName, n, data, run, a1, a2, a3, a4, a5, a6, a7, a8, a9, urlData): null

08-11-2024T15:38:53 - [TEST_STEP][PASSED] - n = data.getRowNumbers() + 1: null

08-11-2024T15:38:53 - [TEST_STEP][PASSED] - println(n): null

08-11-2024T15:38:53 - [TEST_STEP][PASSED] - dashboardName = "Котловой полезный отпуск": null

08-11-2024T15:38:53 - [TEST_STEP][PASSED] - openBrowser(""): Browser is opened with url: ''

08-11-2024T15:38:53 - [MESSAGE][INFO] - Starting 'Chrome' driver

08-11-2024T15:38:53 - [MESSAGE][INFO] - Action delay is set to 0 milliseconds

08-11-2024T15:38:54 - [MESSAGE][PASSED] - Browser is opened with url: ''

08-11-2024T15:38:54 - [TEST_STEP][PASSED] - urlData = 18: null

08-11-2024T15:38:54 - [TEST_STEP][PASSED] - Script1686231490255.CheckPageDownload(urlData, run): null

08-11-2024T15:38:54 - [TEST_STEP][PASSED] - i = 1: null

08-11-2024T15:38:54 - [TEST_STEP][PASSED] - ii = 0: null

08-11-2024T15:38:54 - [TEST_STEP][PASSED] - urlText = <not implemented yet for class: org.codehaus.groovy.ast.expr.EmptyExpression>: null

08-11-2024T15:38:54 - [TEST_STEP][PASSED] - searchWord = <not implemented yet for class: org.codehaus.groovy.ast.expr.EmptyExpression>: null

08-11-2024T15:38:54 - [TEST_STEP][PASSED] - deleteAllCookies(): Delete all cookies successfully

08-11-2024T15:38:54 - [MESSAGE][PASSED] - Delete all cookies successfully

08-11-2024T15:38:54 - [TEST_STEP][PASSED] - refresh(): Refresh successfully

08-11-2024T15:38:54 - [MESSAGE][PASSED] - Refresh successfully

08-11-2024T15:38:54 - [TEST_STEP][PASSED] - delay(65): Delayed 65 second(s)

08-11-2024T15:39:59 - [MESSAGE][PASSED] - Delayed 65 second(s)

08-11-2024T15:39:59 - [TEST_STEP][PASSED] - navigateToUrl(findTestData("PlanFact").getValue(10, urlData)): Navigate to 'https://bi.rosseti.digital/viewer?dashboardGuid=2301950b23be4ed89c1df75f2020051e&sheetGuid=9de09c51f7e14f6a9e9103985ef32ea6&fit=true' successfully

08-11-2024T15:40:10 - [MESSAGE][PASSED] - Navigate to 'https://bi.rosseti.digital/viewer?dashboardGuid=2301950b23be4ed89c1df75f2020051e&sheetGuid=9de09c51f7e14f6a9e9103985ef32ea6&fit=true' successfully

08-11-2024T15:40:10 - [TEST_STEP][PASSED] - pageLoaded1 = verifyElementPresent(findTestObject("Страница авторизации/Text"), 30): Object 'Object Repository/Страница авторизации/Text' is present

08-11-2024T15:40:10 - [MESSAGE][PASSED] - Object 'Object Repository/Страница авторизации/Text' is present

08-11-2024T15:40:10 - [TEST_STEP][PASSED] - if (pageLoaded1 == false): null

08-11-2024T15:40:10 - [TEST_STEP][PASSED] - urlText = getText(findTestObject("Страница авторизации/Text")): Text of object 'Object Repository/Страница авторизации/Text' is: 'Вход'

08-11-2024T15:40:11 - [MESSAGE][PASSED] - Text of object 'Object Repository/Страница авторизации/Text' is: 'Вход'

08-11-2024T15:40:11 - [TEST_STEP][PASSED] - delay(65): Delayed 65 second(s)

08-11-2024T15:41:16 - [MESSAGE][PASSED] - Delayed 65 second(s)

08-11-2024T15:41:16 - [TEST_STEP][PASSED] - searchWord = "Вход": null

08-11-2024T15:41:16 - [TEST_STEP][PASSED] - if (urlText.contains(searchWord) == false): null

08-11-2024T15:41:16 - [TEST_STEP][PASSED] - setText(findTestObject("Страница авторизации/input__username"), findTestData("PlanFact").getValue(8, run)): Text 'Petrova-OV' is set on object 'Object Repository/Страница авторизации/input__username'

08-11-2024T15:41:16 - [MESSAGE][PASSED] - Text 'Petrova-OV' is set on object 'Object Repository/Страница авторизации/input__username'

08-11-2024T15:41:16 - [TEST_STEP][PASSED] - setText(findTestObject("Страница авторизации/input__password"), findTestData("PlanFact").getValue(9, run)): Text '4Ex@~R53r&3x&BVe7' is set on object 'Object Repository/Страница авторизации/input__password'

08-11-2024T15:41:17 - [MESSAGE][PASSED] - Text '4Ex@~R53r&3x&BVe7' is set on object 'Object Repository/Страница авторизации/input__password'

08-11-2024T15:41:17 - [TEST_STEP][PASSED] - click(findTestObject("Страница авторизации/button_")): Object: 'Object Repository/Страница авторизации/button_' is clicked on

08-11-2024T15:41:20 - [MESSAGE][PASSED] - Object: 'Object Repository/Страница авторизации/button_' is clicked on

08-11-2024T15:41:20 - [TEST_STEP][PASSED] - delay(65): Delayed 65 second(s)

08-11-2024T15:42:25 - [MESSAGE][PASSED] - Delayed 65 second(s)

08-11-2024T15:42:25 - [TEST_STEP][PASSED] - searchWord = "а": null

08-11-2024T15:42:25 - [TEST_STEP][PASSED] - pageLoaded2 = verifyElementPresent(findTestObject("Страница авторизации/Text"), 50): Object 'Object Repository/Страница авторизации/Text' is present

08-11-2024T15:42:26 - [MESSAGE][PASSED] - Object 'Object Repository/Страница авторизации/Text' is present

08-11-2024T15:42:26 - [TEST_STEP][PASSED] - if (pageLoaded2 == false): null

08-11-2024T15:42:26 - [TEST_STEP][PASSED] - urlText = getText(findTestObject("Страница авторизации/Text")): Text of object 'Object Repository/Страница авторизации/Text' is: 'Период
1, 2, 3 кв. 2024 года
Выручка
Все
ДЗО 
Все
Внутренний оборот – выручка за услуги по передаче электрической энергии, входящая в стоимость электроэнергии (продажа) при выполнении ДЗО функций гарантирующего поставщика
Подписи данных
Отклонение котлового полезного отпуска ПАО Россети за 1, 2, 3 кв. 2024 года (факт/план, млн. кВтч)
ПАО Россети
10 591 млн.кВтч.
млн.
%
Котловой полезный отпуск
Выполнение плановых показателей по ПАО Россети за 1, 2, 3 кв. 2024 года
План
Факт
Динамика
2024 год
0 млн.кВтч.
50 000 млн.кВтч.
100 000 млн.кВтч.
150 000 млн.кВтч.
200 000 млн.кВтч.
250 000 млн.кВтч.
300 000 млн.кВтч.
350 000 млн.кВтч.
400 000 млн.кВтч.
450 000 млн.кВтч.
500 000 млн.кВтч.
389 616
401 414
↑
⬤Отклонение
АО «Тываэнерго»
АО «Чеченэнерго»
Россети Волга
Россети Кубань
Россети Ленэнерго (ГК)
Россети Московский регион
Россети Северный Кавказ (ГК)
Россети Северо-Запад
Россети Сибирь (ГК)
Россети Томск
Россети Тюмень
Россети Урал (ГК)
Россети ФСК ЕЭС
Россети Центр
Россети Центр и Приволжье (ГК)
Россети Юг (ГК)
Россети Янтарь
-2 500 млн.кВтч.
-2 000 млн.кВтч.
-1 500 млн.кВтч.
-1 000 млн.кВтч.
- 500 млн.кВтч.
0 млн.кВтч.
500 млн.кВтч.
1 000 млн.кВтч.
1 500 млн.кВтч.
2 000 млн.кВтч.
2 500 млн.кВтч.
3 000 млн.кВтч.
3 500 млн.кВтч.
86
27
1 090
993
1 054
2 987
243
433
1 733
159
-2 044
1 335
-1 206
1 341
1 490
744
126'

08-11-2024T15:42:26 - [MESSAGE][PASSED] - Text of object 'Object Repository/Страница авторизации/Text' is: 'Период
1, 2, 3 кв. 2024 года
Выручка
Все
ДЗО 
Все
Внутренний оборот – выручка за услуги по передаче электрической энергии, входящая в стоимость электроэнергии (продажа) при выполнении ДЗО функций гарантирующего поставщика
Подписи данных
Отклонение котлового полезного отпуска ПАО Россети за 1, 2, 3 кв. 2024 года (факт/план, млн. кВтч)
ПАО Россети
10 591 млн.кВтч.
млн.
%
Котловой полезный отпуск
Выполнение плановых показателей по ПАО Россети за 1, 2, 3 кв. 2024 года
План
Факт
Динамика
2024 год
0 млн.кВтч.
50 000 млн.кВтч.
100 000 млн.кВтч.
150 000 млн.кВтч.
200 000 млн.кВтч.
250 000 млн.кВтч.
300 000 млн.кВтч.
350 000 млн.кВтч.
400 000 млн.кВтч.
450 000 млн.кВтч.
500 000 млн.кВтч.
389 616
401 414
↑
⬤Отклонение
АО «Тываэнерго»
АО «Чеченэнерго»
Россети Волга
Россети Кубань
Россети Ленэнерго (ГК)
Россети Московский регион
Россети Северный Кавказ (ГК)
Россети Северо-Запад
Россети Сибирь (ГК)
Россети Томск
Россети Тюмень
Россети Урал (ГК)
Россети ФСК ЕЭС
Россети Центр
Россети Центр и Приволжье (ГК)
Россети Юг (ГК)
Россети Янтарь
-2 500 млн.кВтч.
-2 000 млн.кВтч.
-1 500 млн.кВтч.
-1 000 млн.кВтч.
- 500 млн.кВтч.
0 млн.кВтч.
500 млн.кВтч.
1 000 млн.кВтч.
1 500 млн.кВтч.
2 000 млн.кВтч.
2 500 млн.кВтч.
3 000 млн.кВтч.
3 500 млн.кВтч.
86
27
1 090
993
1 054
2 987
243
433
1 733
159
-2 044
1 335
-1 206
1 341
1 490
744
126'

08-11-2024T15:42:26 - [TEST_STEP][PASSED] - if (urlText.contains("ошибка") || urlText.contains(searchWord) == false): null

08-11-2024T15:42:26 - [TEST_STEP][PASSED] - a2 = "": null

08-11-2024T15:42:26 - [TEST_STEP][PASSED] - a3 = "": null

08-11-2024T15:42:26 - [TEST_STEP][PASSED] - a4 = "": null

08-11-2024T15:42:26 - [TEST_STEP][PASSED] - a5 = "": null

08-11-2024T15:42:26 - [TEST_STEP][PASSED] - a6 = "": null

08-11-2024T15:42:26 - [TEST_STEP][PASSED] - a7 = "": null

08-11-2024T15:42:26 - [TEST_STEP][PASSED] - a8 = "": null

08-11-2024T15:42:26 - [TEST_STEP][PASSED] - a9 = "": null

08-11-2024T15:42:26 - [TEST_STEP][PASSED] - if (run == 1): null

08-11-2024T15:42:26 - [TEST_STEP][PASSED] - if (run == 2): null

08-11-2024T15:42:26 - [TEST_STEP][PASSED] - if (run == 3): null

08-11-2024T15:42:26 - [TEST_STEP][PASSED] - user = "Попова": null

08-11-2024T15:42:26 - [TEST_STEP][PASSED] - a1 = getText(findTestObject("Котловой полезный отпуск/График 1")): Text of object 'Object Repository/Котловой полезный отпуск/График 1' is: 'Период
1, 2, 3 кв. 2024 года
Выручка
Все
ДЗО 
Все
Внутренний оборот – выручка за услуги по передаче электрической энергии, входящая в стоимость электроэнергии (продажа) при выполнении ДЗО функций гарантирующего поставщика
Подписи данных
Отклонение котлового полезного отпуска ПАО Россети за 1, 2, 3 кв. 2024 года (факт/план, млн. кВтч)
ПАО Россети
10 591 млн.кВтч.
млн.
%
Котловой полезный отпуск
Выполнение плановых показателей по ПАО Россети за 1, 2, 3 кв. 2024 года
План
Факт
Динамика
2024 год
0 млн.кВтч.
50 000 млн.кВтч.
100 000 млн.кВтч.
150 000 млн.кВтч.
200 000 млн.кВтч.
250 000 млн.кВтч.
300 000 млн.кВтч.
350 000 млн.кВтч.
400 000 млн.кВтч.
450 000 млн.кВтч.
500 000 млн.кВтч.
389 616
401 414
↑
⬤Отклонение
АО «Тываэнерго»
АО «Чеченэнерго»
Россети Волга
Россети Кубань
Россети Ленэнерго (ГК)
Россети Московский регион
Россети Северный Кавказ (ГК)
Россети Северо-Запад
Россети Сибирь (ГК)
Россети Томск
Россети Тюмень
Россети Урал (ГК)
Россети ФСК ЕЭС
Россети Центр
Россети Центр и Приволжье (ГК)
Россети Юг (ГК)
Россети Янтарь
-2 500 млн.кВтч.
-2 000 млн.кВтч.
-1 500 млн.кВтч.
-1 000 млн.кВтч.
- 500 млн.кВтч.
0 млн.кВтч.
500 млн.кВтч.
1 000 млн.кВтч.
1 500 млн.кВтч.
2 000 млн.кВтч.
2 500 млн.кВтч.
3 000 млн.кВтч.
3 500 млн.кВтч.
86
27
1 090
993
1 054
2 987
243
433
1 733
159
-2 044
1 335
-1 206
1 341
1 490
744
126'

08-11-2024T15:42:27 - [MESSAGE][PASSED] - Text of object 'Object Repository/Котловой полезный отпуск/График 1' is: 'Период
1, 2, 3 кв. 2024 года
Выручка
Все
ДЗО 
Все
Внутренний оборот – выручка за услуги по передаче электрической энергии, входящая в стоимость электроэнергии (продажа) при выполнении ДЗО функций гарантирующего поставщика
Подписи данных
Отклонение котлового полезного отпуска ПАО Россети за 1, 2, 3 кв. 2024 года (факт/план, млн. кВтч)
ПАО Россети
10 591 млн.кВтч.
млн.
%
Котловой полезный отпуск
Выполнение плановых показателей по ПАО Россети за 1, 2, 3 кв. 2024 года
План
Факт
Динамика
2024 год
0 млн.кВтч.
50 000 млн.кВтч.
100 000 млн.кВтч.
150 000 млн.кВтч.
200 000 млн.кВтч.
250 000 млн.кВтч.
300 000 млн.кВтч.
350 000 млн.кВтч.
400 000 млн.кВтч.
450 000 млн.кВтч.
500 000 млн.кВтч.
389 616
401 414
↑
⬤Отклонение
АО «Тываэнерго»
АО «Чеченэнерго»
Россети Волга
Россети Кубань
Россети Ленэнерго (ГК)
Россети Московский регион
Россети Северный Кавказ (ГК)
Россети Северо-Запад
Россети Сибирь (ГК)
Россети Томск
Россети Тюмень
Россети Урал (ГК)
Россети ФСК ЕЭС
Россети Центр
Россети Центр и Приволжье (ГК)
Россети Юг (ГК)
Россети Янтарь
-2 500 млн.кВтч.
-2 000 млн.кВтч.
-1 500 млн.кВтч.
-1 000 млн.кВтч.
- 500 млн.кВтч.
0 млн.кВтч.
500 млн.кВтч.
1 000 млн.кВтч.
1 500 млн.кВтч.
2 000 млн.кВтч.
2 500 млн.кВтч.
3 000 млн.кВтч.
3 500 млн.кВтч.
86
27
1 090
993
1 054
2 987
243
433
1 733
159
-2 044
1 335
-1 206
1 341
1 490
744
126'

08-11-2024T15:42:27 - [TEST_STEP][PASSED] - a1 = replaceAll("[\r?
|
]", "").replaceAll("\s+", ""): null

08-11-2024T15:42:27 - [TEST_STEP][PASSED] - if (a1 == ""): null

08-11-2024T15:42:27 - [TEST_STEP][PASSED] - n = n + 23: null

08-11-2024T15:42:27 - [TEST_STEP][PASSED] - b = n - run + 1: null

08-11-2024T15:42:27 - [TEST_STEP][PASSED] - verifyEqual(findTestData("PlanFact").getValue(2, b), a1): Actual object '123202412320241059112320242024050000100000150000200000250000300000350000400000450000500000389616401414↑⬤250020001500100050005001000150020002500300035008627109099310542987243433173315920441335120613411490744126' and expected object '123202412320241059112320242024050000100000150000200000250000300000350000400000450000500000389616401414↑⬤250020001500100050005001000150020002500300035008627109099310542987243433173315920441335120613411490744126' are equal

08-11-2024T15:42:27 - [MESSAGE][PASSED] - Actual object '123202412320241059112320242024050000100000150000200000250000300000350000400000450000500000389616401414↑⬤250020001500100050005001000150020002500300035008627109099310542987243433173315920441335120613411490744126' and expected object '123202412320241059112320242024050000100000150000200000250000300000350000400000450000500000389616401414↑⬤250020001500100050005001000150020002500300035008627109099310542987243433173315920441335120613411490744126' are equal

08-11-2024T15:42:27 - [TEST_STEP][PASSED] - Script1686231490255.WriteToExcel(user, dashboardName, n, data, run, a1, a2, a3, a4, a5, a6, a7, a8, a9): null

08-11-2024T15:42:27 - [TEST_STEP][PASSED] - sheetName = "Sheet1": null

08-11-2024T15:42:27 - [TEST_STEP][PASSED] - workbook01 = getWorkbook(excelFilePath): null

08-11-2024T15:42:27 - [TEST_STEP][PASSED] - sheet01 = getExcelSheet(workbook01, sheetName): null

08-11-2024T15:42:27 - [TEST_STEP][PASSED] - setValueToCellByIndex(sheet01, n, 0, dashboardName): null

08-11-2024T15:42:27 - [TEST_STEP][PASSED] - setValueToCellByIndex(sheet01, n, 10, user): null

08-11-2024T15:42:27 - [TEST_STEP][PASSED] - setValueToCellByIndex(sheet01, n, 1, a1): null

08-11-2024T15:42:27 - [TEST_STEP][PASSED] - setValueToCellByIndex(sheet01, n, 2, a2): null

08-11-2024T15:42:27 - [TEST_STEP][PASSED] - setValueToCellByIndex(sheet01, n, 3, a3): null

08-11-2024T15:42:27 - [TEST_STEP][PASSED] - setValueToCellByIndex(sheet01, n, 4, a4): null

08-11-2024T15:42:27 - [TEST_STEP][PASSED] - setValueToCellByIndex(sheet01, n, 5, a5): null

08-11-2024T15:42:27 - [TEST_STEP][PASSED] - setValueToCellByIndex(sheet01, n, 6, a6): null

08-11-2024T15:42:27 - [TEST_STEP][PASSED] - setValueToCellByIndex(sheet01, n, 7, a7): null

08-11-2024T15:42:27 - [TEST_STEP][PASSED] - setValueToCellByIndex(sheet01, n, 8, a8): null

08-11-2024T15:42:27 - [TEST_STEP][PASSED] - setValueToCellByIndex(sheet01, n, 9, a9): null

08-11-2024T15:42:27 - [TEST_STEP][PASSED] - n = n + 1: null

08-11-2024T15:42:27 - [TEST_STEP][PASSED] - saveWorkbook(excelFilePath, workbook01): null

08-11-2024T15:42:27 - [TEST_STEP][PASSED] - closeBrowser(): Browser is closed

08-11-2024T15:42:28 - [MESSAGE][PASSED] - Browser is closed

08-11-2024T15:42:28 - [TEST_STEP][PASSED] - delay(65): Delayed 65 second(s)

08-11-2024T15:43:33 - [MESSAGE][PASSED] - Delayed 65 second(s)

08-11-2024T15:43:33 - [TEST_STEP][PASSED] - for ([run = 1, run < 4, (run++)]): null

08-11-2024T15:43:33 - [TEST_STEP][PASSED] - FaktorniyAnaliz(user, dashboardName, n, data, run, a1, a2, a3, a4, a5, a6, a7, a8, a9, urlData): null

08-11-2024T15:43:33 - [TEST_STEP][PASSED] - n = data.getRowNumbers() + 1: null

08-11-2024T15:43:33 - [TEST_STEP][PASSED] - println(n): null

08-11-2024T15:43:33 - [TEST_STEP][PASSED] - dashboardName = "Факторный анализ": null

08-11-2024T15:43:33 - [TEST_STEP][PASSED] - openBrowser(""): Browser is opened with url: ''

08-11-2024T15:43:33 - [MESSAGE][INFO] - Starting 'Chrome' driver

08-11-2024T15:43:33 - [MESSAGE][INFO] - Action delay is set to 0 milliseconds

08-11-2024T15:43:34 - [MESSAGE][PASSED] - Browser is opened with url: ''

08-11-2024T15:43:34 - [TEST_STEP][PASSED] - urlData = 3: null

08-11-2024T15:43:34 - [TEST_STEP][PASSED] - Script1686231490255.CheckPageDownload(urlData, run): null

08-11-2024T15:43:34 - [TEST_STEP][PASSED] - i = 1: null

08-11-2024T15:43:34 - [TEST_STEP][PASSED] - ii = 0: null

08-11-2024T15:43:34 - [TEST_STEP][PASSED] - urlText = <not implemented yet for class: org.codehaus.groovy.ast.expr.EmptyExpression>: null

08-11-2024T15:43:34 - [TEST_STEP][PASSED] - searchWord = <not implemented yet for class: org.codehaus.groovy.ast.expr.EmptyExpression>: null

08-11-2024T15:43:34 - [TEST_STEP][PASSED] - deleteAllCookies(): Delete all cookies successfully

08-11-2024T15:43:34 - [MESSAGE][PASSED] - Delete all cookies successfully

08-11-2024T15:43:34 - [TEST_STEP][PASSED] - refresh(): Refresh successfully

08-11-2024T15:43:34 - [MESSAGE][PASSED] - Refresh successfully

08-11-2024T15:43:34 - [TEST_STEP][PASSED] - delay(65): Delayed 65 second(s)

08-11-2024T15:44:39 - [MESSAGE][PASSED] - Delayed 65 second(s)

08-11-2024T15:44:39 - [TEST_STEP][PASSED] - navigateToUrl(findTestData("PlanFact").getValue(10, urlData)): Navigate to 'https://bi.rosseti.digital/viewer?dashboardGuid=2301950b23be4ed89c1df75f2020051e&sheetGuid=ccd7d7486b3d4e6fa0ee9b1eaebed46c&fit=true' successfully

08-11-2024T15:44:45 - [MESSAGE][PASSED] - Navigate to 'https://bi.rosseti.digital/viewer?dashboardGuid=2301950b23be4ed89c1df75f2020051e&sheetGuid=ccd7d7486b3d4e6fa0ee9b1eaebed46c&fit=true' successfully

08-11-2024T15:44:45 - [TEST_STEP][PASSED] - pageLoaded1 = verifyElementPresent(findTestObject("Страница авторизации/Text"), 30): Object 'Object Repository/Страница авторизации/Text' is present

08-11-2024T15:44:48 - [MESSAGE][PASSED] - Object 'Object Repository/Страница авторизации/Text' is present

08-11-2024T15:44:48 - [TEST_STEP][PASSED] - if (pageLoaded1 == false): null

08-11-2024T15:44:48 - [TEST_STEP][PASSED] - urlText = getText(findTestObject("Страница авторизации/Text")): Text of object 'Object Repository/Страница авторизации/Text' is: 'Вход'

08-11-2024T15:44:48 - [MESSAGE][PASSED] - Text of object 'Object Repository/Страница авторизации/Text' is: 'Вход'

08-11-2024T15:44:48 - [TEST_STEP][PASSED] - delay(65): Delayed 65 second(s)

08-11-2024T15:45:53 - [MESSAGE][PASSED] - Delayed 65 second(s)

08-11-2024T15:45:53 - [TEST_STEP][PASSED] - searchWord = "Вход": null

08-11-2024T15:45:53 - [TEST_STEP][PASSED] - if (urlText.contains(searchWord) == false): null

08-11-2024T15:45:53 - [TEST_STEP][PASSED] - setText(findTestObject("Страница авторизации/input__username"), findTestData("PlanFact").getValue(8, run)): Text 'liazgina-di' is set on object 'Object Repository/Страница авторизации/input__username'

08-11-2024T15:45:54 - [MESSAGE][PASSED] - Text 'liazgina-di' is set on object 'Object Repository/Страница авторизации/input__username'

08-11-2024T15:45:54 - [TEST_STEP][PASSED] - setText(findTestObject("Страница авторизации/input__password"), findTestData("PlanFact").getValue(9, run)): Text ')$%5srZ8o688Dm#q' is set on object 'Object Repository/Страница авторизации/input__password'

08-11-2024T15:45:55 - [MESSAGE][PASSED] - Text ')$%5srZ8o688Dm#q' is set on object 'Object Repository/Страница авторизации/input__password'

08-11-2024T15:45:55 - [TEST_STEP][PASSED] - click(findTestObject("Страница авторизации/button_")): Object: 'Object Repository/Страница авторизации/button_' is clicked on

08-11-2024T15:45:58 - [MESSAGE][PASSED] - Object: 'Object Repository/Страница авторизации/button_' is clicked on

08-11-2024T15:45:58 - [TEST_STEP][PASSED] - delay(65): Delayed 65 second(s)

08-11-2024T15:47:03 - [MESSAGE][PASSED] - Delayed 65 second(s)

08-11-2024T15:47:03 - [TEST_STEP][PASSED] - searchWord = "а": null

08-11-2024T15:47:03 - [TEST_STEP][PASSED] - pageLoaded2 = verifyElementPresent(findTestObject("Страница авторизации/Text"), 50): Object 'Object Repository/Страница авторизации/Text' is present

08-11-2024T15:47:03 - [MESSAGE][PASSED] - Object 'Object Repository/Страница авторизации/Text' is present

08-11-2024T15:47:03 - [TEST_STEP][PASSED] - if (pageLoaded2 == false): null

08-11-2024T15:47:03 - [TEST_STEP][PASSED] - urlText = getText(findTestObject("Страница авторизации/Text")): Text of object 'Object Repository/Страница авторизации/Text' is: 'Период
1, 2, 3 кв. 2024 года
ДЗО 
Все
Подписи данных
Итого отклонения по группе компаний: - 366 403 млн.руб.
Филиал
Месяц
Факторный анализ
Всего отклонения по факторам по ПАО Россети за 1, 2, 3 кв. 2024 года
ДЗО
Филиал
Отклонение (объём услуг)
Отклонение (средний тариф)
АО «Тываэнерго» АО "Тываэнерго" 276 -37
АО «Чеченэнерго» АО «Чеченэнерго» -3 339 14
Россети Волга Мордовэнерго -2 825 -86
Оренбургэнерго -11 247 - 162
Пензаэнерго -6 748 -72
Самарские РС -13 058 -1 024
Саратовские РС -13 303 - 443
Ульяновские РС -4 845 - 201
Чувашэнерго -4 186 126
Россети Кубань Кубаньэнерго -53 529 241
Россети Ленэнерго (ГК) Ленинградская область -29 499 598
г. Санкт-Петербург -41 171 -39
Россети Московский регион Московская область 4 566 - 535
г. Москва 2 812 57
Россети Северный Кавказ (ГК) Дагестанская энергосбытовая компания - 111 69
Дагэнерго -6 378 480
Ингушэнерго -1 440 100
Каббалкэнерго -2 677 26
Карачаево-Черкесскэнерго -1 725 -9
Севкавказэнерго -3 016 125
Ставропольэнерго -8 347 - 222
Россети Северо-Запад Архангельский филиал 63 -80
Вологодский филиал 229 -6
Карельский филиал -21 160
Мурманский филиал 102 64
Новгородский филиал 207 -40
Псковский филиал 146 -18
филиал в Республике Коми 10 23
Россети Сибирь (ГК) Алтайэнерго 275 275
Бурятэнерго -95 298
ГАЭС 114 -15
Красноярскэнерго 1 087 - 413
Кузбассэнерго-РЭС 329 205
Омскэнерго 127 - 112
Хакасэнерго 327 - 363
Читаэнерго -44 120
Россети Томск Томская распределительная компания -6 624 - 125
Россети Тюмень Россети Тюмень -65 636 - 459
Россети Урал (ГК) Пермэнерго 594 - 218
Свердловэнерго 805 233
Челябэнерго 973 - 671
Россети ФСК ЕЭС Итого по ФСК ЕЭС -16 312 -8 781
Россети Центр Белгородэнерго 299 111
Брянскэнерго -4 489 32
Воронежэнерго -12 187 182
Костромаэнерго 83 2
Курскэнерго -2 381 132
Липецкэнерго 731 - 322
Орелэнерго -3 553 -22
Смоленскэнерго -6 765 35
Тамбовэнерго -5 262 -4
Тверьэнерго 319 127
Ярэнерго -6 307 31
Россети Центр и Приволжье (ГК) Владимирэнерго 517 49
Ивэнерго 169 40
Калугаэнерго 558 -42
Кировэнерго 403 0
Мариэнерго 144 19
Нижновэнерго 658 231
Рязаньэнерго 259 47
Тулэнерго 733 - 209
Удмуртэнерго 294 3
Россети Юг (ГК) АО «ВМЭС» -3 370 41
Астраханьэнерго -5 158 90
Волгоградэнерго -8 953 - 310
Калмэнерго -1 477 -5
Ростовэнерго -18 198 44
Россети Янтарь Россети Янтарь 305 -28
Отклонения выручки по факторам по выбранным ДЗО, руб
-355 761-355 761
-10 642-10 642
Отклонение (объём услуг)
Отклонение (средний тариф)
ПАО Россети'

08-11-2024T15:47:04 - [MESSAGE][PASSED] - Text of object 'Object Repository/Страница авторизации/Text' is: 'Период
1, 2, 3 кв. 2024 года
ДЗО 
Все
Подписи данных
Итого отклонения по группе компаний: - 366 403 млн.руб.
Филиал
Месяц
Факторный анализ
Всего отклонения по факторам по ПАО Россети за 1, 2, 3 кв. 2024 года
ДЗО
Филиал
Отклонение (объём услуг)
Отклонение (средний тариф)
АО «Тываэнерго» АО "Тываэнерго" 276 -37
АО «Чеченэнерго» АО «Чеченэнерго» -3 339 14
Россети Волга Мордовэнерго -2 825 -86
Оренбургэнерго -11 247 - 162
Пензаэнерго -6 748 -72
Самарские РС -13 058 -1 024
Саратовские РС -13 303 - 443
Ульяновские РС -4 845 - 201
Чувашэнерго -4 186 126
Россети Кубань Кубаньэнерго -53 529 241
Россети Ленэнерго (ГК) Ленинградская область -29 499 598
г. Санкт-Петербург -41 171 -39
Россети Московский регион Московская область 4 566 - 535
г. Москва 2 812 57
Россети Северный Кавказ (ГК) Дагестанская энергосбытовая компания - 111 69
Дагэнерго -6 378 480
Ингушэнерго -1 440 100
Каббалкэнерго -2 677 26
Карачаево-Черкесскэнерго -1 725 -9
Севкавказэнерго -3 016 125
Ставропольэнерго -8 347 - 222
Россети Северо-Запад Архангельский филиал 63 -80
Вологодский филиал 229 -6
Карельский филиал -21 160
Мурманский филиал 102 64
Новгородский филиал 207 -40
Псковский филиал 146 -18
филиал в Республике Коми 10 23
Россети Сибирь (ГК) Алтайэнерго 275 275
Бурятэнерго -95 298
ГАЭС 114 -15
Красноярскэнерго 1 087 - 413
Кузбассэнерго-РЭС 329 205
Омскэнерго 127 - 112
Хакасэнерго 327 - 363
Читаэнерго -44 120
Россети Томск Томская распределительная компания -6 624 - 125
Россети Тюмень Россети Тюмень -65 636 - 459
Россети Урал (ГК) Пермэнерго 594 - 218
Свердловэнерго 805 233
Челябэнерго 973 - 671
Россети ФСК ЕЭС Итого по ФСК ЕЭС -16 312 -8 781
Россети Центр Белгородэнерго 299 111
Брянскэнерго -4 489 32
Воронежэнерго -12 187 182
Костромаэнерго 83 2
Курскэнерго -2 381 132
Липецкэнерго 731 - 322
Орелэнерго -3 553 -22
Смоленскэнерго -6 765 35
Тамбовэнерго -5 262 -4
Тверьэнерго 319 127
Ярэнерго -6 307 31
Россети Центр и Приволжье (ГК) Владимирэнерго 517 49
Ивэнерго 169 40
Калугаэнерго 558 -42
Кировэнерго 403 0
Мариэнерго 144 19
Нижновэнерго 658 231
Рязаньэнерго 259 47
Тулэнерго 733 - 209
Удмуртэнерго 294 3
Россети Юг (ГК) АО «ВМЭС» -3 370 41
Астраханьэнерго -5 158 90
Волгоградэнерго -8 953 - 310
Калмэнерго -1 477 -5
Ростовэнерго -18 198 44
Россети Янтарь Россети Янтарь 305 -28
Отклонения выручки по факторам по выбранным ДЗО, руб
-355 761-355 761
-10 642-10 642
Отклонение (объём услуг)
Отклонение (средний тариф)
ПАО Россети'

08-11-2024T15:47:04 - [TEST_STEP][PASSED] - if (urlText.contains("ошибка") || urlText.contains(searchWord) == false): null

08-11-2024T15:47:04 - [TEST_STEP][PASSED] - click(findTestObject("Факторный анализ/Фильтр Период")): Object: 'Object Repository/Факторный анализ/Фильтр Период' is clicked on

08-11-2024T15:47:04 - [MESSAGE][PASSED] - Object: 'Object Repository/Факторный анализ/Фильтр Период' is clicked on

08-11-2024T15:47:04 - [TEST_STEP][PASSED] - click(findTestObject("Факторный анализ/Снять выделение в фильтре Дата")): Object: 'Object Repository/Факторный анализ/Снять выделение в фильтре Дата' is clicked on

08-11-2024T15:47:05 - [MESSAGE][PASSED] - Object: 'Object Repository/Факторный анализ/Снять выделение в фильтре Дата' is clicked on

08-11-2024T15:47:05 - [TEST_STEP][PASSED] - click(findTestObject("Факторный анализ/Применить в фильтре Дата")): Object: 'Object Repository/Факторный анализ/Применить в фильтре Дата' is clicked on

08-11-2024T15:47:06 - [MESSAGE][PASSED] - Object: 'Object Repository/Факторный анализ/Применить в фильтре Дата' is clicked on

08-11-2024T15:47:06 - [TEST_STEP][PASSED] - click(findTestObject("Факторный анализ/Фильтр Период")): Object: 'Object Repository/Факторный анализ/Фильтр Период' is clicked on

08-11-2024T15:47:08 - [MESSAGE][PASSED] - Object: 'Object Repository/Факторный анализ/Фильтр Период' is clicked on

08-11-2024T15:47:08 - [TEST_STEP][PASSED] - click(findTestObject("Факторный анализ/Снять выделение в фильтре Дата")): Object: 'Object Repository/Факторный анализ/Снять выделение в фильтре Дата' is clicked on

08-11-2024T15:47:08 - [MESSAGE][PASSED] - Object: 'Object Repository/Факторный анализ/Снять выделение в фильтре Дата' is clicked on

08-11-2024T15:47:08 - [TEST_STEP][PASSED] - scrollToElement(findTestObject("Факторный анализ/2024 список"), 30): Scroll to object 'Object Repository/Факторный анализ/2024 список' successfully

08-11-2024T15:47:09 - [MESSAGE][PASSED] - Scroll to object 'Object Repository/Факторный анализ/2024 список' successfully

08-11-2024T15:47:09 - [TEST_STEP][PASSED] - click(findTestObject("Факторный анализ/2024 список")): Object: 'Object Repository/Факторный анализ/2024 список' is clicked on

08-11-2024T15:47:09 - [MESSAGE][PASSED] - Object: 'Object Repository/Факторный анализ/2024 список' is clicked on

08-11-2024T15:47:09 - [TEST_STEP][PASSED] - scrollToElement(findTestObject("Факторный анализ/1 квартал 2024 выбрать"), 30): Scroll to object 'Object Repository/Факторный анализ/1 квартал 2024 выбрать' successfully

08-11-2024T15:47:10 - [MESSAGE][PASSED] - Scroll to object 'Object Repository/Факторный анализ/1 квартал 2024 выбрать' successfully

08-11-2024T15:47:10 - [TEST_STEP][PASSED] - click(findTestObject("Факторный анализ/1 квартал 2024 выбрать")): Object: 'Object Repository/Факторный анализ/1 квартал 2024 выбрать' is clicked on

08-11-2024T15:47:10 - [MESSAGE][PASSED] - Object: 'Object Repository/Факторный анализ/1 квартал 2024 выбрать' is clicked on

08-11-2024T15:47:10 - [TEST_STEP][PASSED] - scrollToElement(findTestObject("Факторный анализ/1 квартал 2024 выбрать"), 30): Scroll to object 'Object Repository/Факторный анализ/1 квартал 2024 выбрать' successfully

08-11-2024T15:47:10 - [MESSAGE][PASSED] - Scroll to object 'Object Repository/Факторный анализ/1 квартал 2024 выбрать' successfully

08-11-2024T15:47:10 - [TEST_STEP][PASSED] - click(findTestObject("Факторный анализ/2 квартал 2024 выбрать"), CONTINUE_ON_FAILURE): Object: 'Object Repository/Факторный анализ/2 квартал 2024 выбрать' is clicked on

08-11-2024T15:47:11 - [MESSAGE][PASSED] - Object: 'Object Repository/Факторный анализ/2 квартал 2024 выбрать' is clicked on

08-11-2024T15:47:11 - [TEST_STEP][PASSED] - scrollToElement(findTestObject("Факторный анализ/3 квартал 2024 список"), 30): Scroll to object 'Object Repository/Факторный анализ/3 квартал 2024 список' successfully

08-11-2024T15:47:11 - [MESSAGE][PASSED] - Scroll to object 'Object Repository/Факторный анализ/3 квартал 2024 список' successfully

08-11-2024T15:47:11 - [TEST_STEP][PASSED] - click(findTestObject("Факторный анализ/3 квартал 2024 выбрать"), CONTINUE_ON_FAILURE): Object: 'Object Repository/Факторный анализ/3 квартал 2024 выбрать' is clicked on

08-11-2024T15:47:12 - [MESSAGE][PASSED] - Object: 'Object Repository/Факторный анализ/3 квартал 2024 выбрать' is clicked on

08-11-2024T15:47:12 - [TEST_STEP][PASSED] - scrollToElement(findTestObject("Факторный анализ/Заголовок дашборда"), 30): Scroll to object 'Object Repository/Факторный анализ/Заголовок дашборда' successfully

08-11-2024T15:47:12 - [MESSAGE][PASSED] - Scroll to object 'Object Repository/Факторный анализ/Заголовок дашборда' successfully

08-11-2024T15:47:12 - [TEST_STEP][PASSED] - click(findTestObject("Факторный анализ/Применить в фильтре Дата")): Object: 'Object Repository/Факторный анализ/Применить в фильтре Дата' is clicked on

08-11-2024T15:47:13 - [MESSAGE][PASSED] - Object: 'Object Repository/Факторный анализ/Применить в фильтре Дата' is clicked on

08-11-2024T15:47:13 - [TEST_STEP][PASSED] - a5 = "": null

08-11-2024T15:47:13 - [TEST_STEP][PASSED] - a6 = "": null

08-11-2024T15:47:13 - [TEST_STEP][PASSED] - a7 = "": null

08-11-2024T15:47:13 - [TEST_STEP][PASSED] - a8 = "": null

08-11-2024T15:47:13 - [TEST_STEP][PASSED] - a9 = "": null

08-11-2024T15:47:13 - [TEST_STEP][PASSED] - if (run == 1): null

08-11-2024T15:47:13 - [TEST_STEP][PASSED] - user = "админ": null

08-11-2024T15:47:13 - [TEST_STEP][PASSED] - a1 = getText(findTestObject("Факторный анализ/span1 Блок руководителя")): Text of object 'Object Repository/Факторный анализ/span1 Блок руководителя' is: ''

08-11-2024T15:47:15 - [MESSAGE][PASSED] - Text of object 'Object Repository/Факторный анализ/span1 Блок руководителя' is: ''

08-11-2024T15:47:15 - [TEST_STEP][PASSED] - a2 = getText(findTestObject("Факторный анализ/span2 Блок руководителя")): Text of object 'Object Repository/Факторный анализ/span2 Блок руководителя' is: ''

08-11-2024T15:47:15 - [MESSAGE][PASSED] - Text of object 'Object Repository/Факторный анализ/span2 Блок руководителя' is: ''

08-11-2024T15:47:15 - [TEST_STEP][PASSED] - a3 = getText(findTestObject("Факторный анализ/График Всего отклонения по факторам Блок руководителя")): Text of object 'Object Repository/Факторный анализ/График Всего отклонения по факторам Блок руководителя' is: 'ДЗО
Филиал
Отклонение (объём услуг)
Отклонение (средний тариф)
АО «Тываэнерго» АО "Тываэнерго" 276 -37
АО «Чеченэнерго» АО «Чеченэнерго» -3 339 14
Россети Волга Мордовэнерго -2 825 -86
Оренбургэнерго -11 247 - 162
Пензаэнерго -6 748 -72
Самарские РС -13 058 -1 024
Саратовские РС -13 303 - 443
Ульяновские РС -4 845 - 201
Чувашэнерго -4 186 126
Россети Кубань Кубаньэнерго -53 529 241
Россети Ленэнерго (ГК) Ленинградская область -29 499 598
г. Санкт-Петербург -41 171 -39
Россети Московский регион Московская область 4 566 - 535
г. Москва 2 812 57
Россети Северный Кавказ (ГК) Дагестанская энергосбытовая компания - 111 69
Дагэнерго -6 378 480
Ингушэнерго -1 440 100
Каббалкэнерго -2 677 26
Карачаево-Черкесскэнерго -1 725 -9
Севкавказэнерго -3 016 125
Ставропольэнерго -8 347 - 222
Россети Северо-Запад Архангельский филиал 63 -80
Вологодский филиал 229 -6
Карельский филиал -21 160
Мурманский филиал 102 64
Новгородский филиал 207 -40
Псковский филиал 146 -18
филиал в Республике Коми 10 23
Россети Сибирь (ГК) Алтайэнерго 275 275
Бурятэнерго -95 298
ГАЭС 114 -15
Красноярскэнерго 1 087 - 413
Кузбассэнерго-РЭС 329 205
Омскэнерго 127 - 112
Хакасэнерго 327 - 363
Читаэнерго -44 120
Россети Томск Томская распределительная компания -6 624 - 125
Россети Тюмень Россети Тюмень -65 636 - 459
Россети Урал (ГК) Пермэнерго 594 - 218
Свердловэнерго 805 233
Челябэнерго 973 - 671
Россети ФСК ЕЭС Итого по ФСК ЕЭС -16 312 -8 781
Россети Центр Белгородэнерго 299 111
Брянскэнерго -4 489 32
Воронежэнерго -12 187 182
Костромаэнерго 83 2
Курскэнерго -2 381 132
Липецкэнерго 731 - 322
Орелэнерго -3 553 -22
Смоленскэнерго -6 765 35
Тамбовэнерго -5 262 -4
Тверьэнерго 319 127
Ярэнерго -6 307 31
Россети Центр и Приволжье (ГК) Владимирэнерго 517 49
Ивэнерго 169 40
Калугаэнерго 558 -42
Кировэнерго 403 0
Мариэнерго 144 19
Нижновэнерго 658 231
Рязаньэнерго 259 47
Тулэнерго 733 - 209
Удмуртэнерго 294 3
Россети Юг (ГК) АО «ВМЭС» -3 370 41
Астраханьэнерго -5 158 90
Волгоградэнерго -8 953 - 310
Калмэнерго -1 477 -5
Ростовэнерго -18 198 44
Россети Янтарь Россети Янтарь 305 -28'

08-11-2024T15:47:15 - [MESSAGE][PASSED] - Text of object 'Object Repository/Факторный анализ/График Всего отклонения по факторам Блок руководителя' is: 'ДЗО
Филиал
Отклонение (объём услуг)
Отклонение (средний тариф)
АО «Тываэнерго» АО "Тываэнерго" 276 -37
АО «Чеченэнерго» АО «Чеченэнерго» -3 339 14
Россети Волга Мордовэнерго -2 825 -86
Оренбургэнерго -11 247 - 162
Пензаэнерго -6 748 -72
Самарские РС -13 058 -1 024
Саратовские РС -13 303 - 443
Ульяновские РС -4 845 - 201
Чувашэнерго -4 186 126
Россети Кубань Кубаньэнерго -53 529 241
Россети Ленэнерго (ГК) Ленинградская область -29 499 598
г. Санкт-Петербург -41 171 -39
Россети Московский регион Московская область 4 566 - 535
г. Москва 2 812 57
Россети Северный Кавказ (ГК) Дагестанская энергосбытовая компания - 111 69
Дагэнерго -6 378 480
Ингушэнерго -1 440 100
Каббалкэнерго -2 677 26
Карачаево-Черкесскэнерго -1 725 -9
Севкавказэнерго -3 016 125
Ставропольэнерго -8 347 - 222
Россети Северо-Запад Архангельский филиал 63 -80
Вологодский филиал 229 -6
Карельский филиал -21 160
Мурманский филиал 102 64
Новгородский филиал 207 -40
Псковский филиал 146 -18
филиал в Республике Коми 10 23
Россети Сибирь (ГК) Алтайэнерго 275 275
Бурятэнерго -95 298
ГАЭС 114 -15
Красноярскэнерго 1 087 - 413
Кузбассэнерго-РЭС 329 205
Омскэнерго 127 - 112
Хакасэнерго 327 - 363
Читаэнерго -44 120
Россети Томск Томская распределительная компания -6 624 - 125
Россети Тюмень Россети Тюмень -65 636 - 459
Россети Урал (ГК) Пермэнерго 594 - 218
Свердловэнерго 805 233
Челябэнерго 973 - 671
Россети ФСК ЕЭС Итого по ФСК ЕЭС -16 312 -8 781
Россети Центр Белгородэнерго 299 111
Брянскэнерго -4 489 32
Воронежэнерго -12 187 182
Костромаэнерго 83 2
Курскэнерго -2 381 132
Липецкэнерго 731 - 322
Орелэнерго -3 553 -22
Смоленскэнерго -6 765 35
Тамбовэнерго -5 262 -4
Тверьэнерго 319 127
Ярэнерго -6 307 31
Россети Центр и Приволжье (ГК) Владимирэнерго 517 49
Ивэнерго 169 40
Калугаэнерго 558 -42
Кировэнерго 403 0
Мариэнерго 144 19
Нижновэнерго 658 231
Рязаньэнерго 259 47
Тулэнерго 733 - 209
Удмуртэнерго 294 3
Россети Юг (ГК) АО «ВМЭС» -3 370 41
Астраханьэнерго -5 158 90
Волгоградэнерго -8 953 - 310
Калмэнерго -1 477 -5
Ростовэнерго -18 198 44
Россети Янтарь Россети Янтарь 305 -28'

08-11-2024T15:47:15 - [TEST_STEP][PASSED] - click(findTestObject("Факторный анализ/Переключить отображение с филиала на месяц")): Object: 'Object Repository/Факторный анализ/Переключить отображение с филиала на месяц' is clicked on

08-11-2024T15:47:15 - [MESSAGE][PASSED] - Object: 'Object Repository/Факторный анализ/Переключить отображение с филиала на месяц' is clicked on

08-11-2024T15:47:15 - [TEST_STEP][PASSED] - a4 = getText(findTestObject("Факторный анализ/График Всего отклонения по факторам Блок руководителя")): Text of object 'Object Repository/Факторный анализ/График Всего отклонения по факторам Блок руководителя' is: 'ДЗО
Филиал
Отклонение (объём услуг)
Отклонение (средний тариф)
АО «Тываэнерго» АО "Тываэнерго" 276 -37
АО «Чеченэнерго» АО «Чеченэнерго» -3 339 14
Россети Волга Мордовэнерго -2 825 -86
Оренбургэнерго -11 247 - 162
Пензаэнерго -6 748 -72
Самарские РС -13 058 -1 024
Саратовские РС -13 303 - 443
Ульяновские РС -4 845 - 201
Чувашэнерго -4 186 126
Россети Кубань Кубаньэнерго -53 529 241
Россети Ленэнерго (ГК) Ленинградская область -29 499 598
г. Санкт-Петербург -41 171 -39
Россети Московский регион Московская область 4 566 - 535
г. Москва 2 812 57
Россети Северный Кавказ (ГК) Дагестанская энергосбытовая компания - 111 69
Дагэнерго -6 378 480
Ингушэнерго -1 440 100
Каббалкэнерго -2 677 26
Карачаево-Черкесскэнерго -1 725 -9
Севкавказэнерго -3 016 125
Ставропольэнерго -8 347 - 222
Россети Северо-Запад Архангельский филиал 63 -80
Вологодский филиал 229 -6
Карельский филиал -21 160
Мурманский филиал 102 64
Новгородский филиал 207 -40
Псковский филиал 146 -18
филиал в Республике Коми 10 23
Россети Сибирь (ГК) Алтайэнерго 275 275
Бурятэнерго -95 298
ГАЭС 114 -15
Красноярскэнерго 1 087 - 413
Кузбассэнерго-РЭС 329 205
Омскэнерго 127 - 112
Хакасэнерго 327 - 363
Читаэнерго -44 120
Россети Томск Томская распределительная компания -6 624 - 125
Россети Тюмень Россети Тюмень -65 636 - 459
Россети Урал (ГК) Пермэнерго 594 - 218
Свердловэнерго 805 233
Челябэнерго 973 - 671
Россети ФСК ЕЭС Итого по ФСК ЕЭС -16 312 -8 781
Россети Центр Белгородэнерго 299 111
Брянскэнерго -4 489 32
Воронежэнерго -12 187 182
Костромаэнерго 83 2
Курскэнерго -2 381 132
Липецкэнерго 731 - 322
Орелэнерго -3 553 -22
Смоленскэнерго -6 765 35
Тамбовэнерго -5 262 -4
Тверьэнерго 319 127
Ярэнерго -6 307 31
Россети Центр и Приволжье (ГК) Владимирэнерго 517 49
Ивэнерго 169 40
Калугаэнерго 558 -42
Кировэнерго 403 0
Мариэнерго 144 19
Нижновэнерго 658 231
Рязаньэнерго 259 47
Тулэнерго 733 - 209
Удмуртэнерго 294 3
Россети Юг (ГК) АО «ВМЭС» -3 370 41
Астраханьэнерго -5 158 90
Волгоградэнерго -8 953 - 310
Калмэнерго -1 477 -5
Ростовэнерго -18 198 44
Россети Янтарь Россети Янтарь 305 -28'

08-11-2024T15:47:16 - [MESSAGE][PASSED] - Text of object 'Object Repository/Факторный анализ/График Всего отклонения по факторам Блок руководителя' is: 'ДЗО
Филиал
Отклонение (объём услуг)
Отклонение (средний тариф)
АО «Тываэнерго» АО "Тываэнерго" 276 -37
АО «Чеченэнерго» АО «Чеченэнерго» -3 339 14
Россети Волга Мордовэнерго -2 825 -86
Оренбургэнерго -11 247 - 162
Пензаэнерго -6 748 -72
Самарские РС -13 058 -1 024
Саратовские РС -13 303 - 443
Ульяновские РС -4 845 - 201
Чувашэнерго -4 186 126
Россети Кубань Кубаньэнерго -53 529 241
Россети Ленэнерго (ГК) Ленинградская область -29 499 598
г. Санкт-Петербург -41 171 -39
Россети Московский регион Московская область 4 566 - 535
г. Москва 2 812 57
Россети Северный Кавказ (ГК) Дагестанская энергосбытовая компания - 111 69
Дагэнерго -6 378 480
Ингушэнерго -1 440 100
Каббалкэнерго -2 677 26
Карачаево-Черкесскэнерго -1 725 -9
Севкавказэнерго -3 016 125
Ставропольэнерго -8 347 - 222
Россети Северо-Запад Архангельский филиал 63 -80
Вологодский филиал 229 -6
Карельский филиал -21 160
Мурманский филиал 102 64
Новгородский филиал 207 -40
Псковский филиал 146 -18
филиал в Республике Коми 10 23
Россети Сибирь (ГК) Алтайэнерго 275 275
Бурятэнерго -95 298
ГАЭС 114 -15
Красноярскэнерго 1 087 - 413
Кузбассэнерго-РЭС 329 205
Омскэнерго 127 - 112
Хакасэнерго 327 - 363
Читаэнерго -44 120
Россети Томск Томская распределительная компания -6 624 - 125
Россети Тюмень Россети Тюмень -65 636 - 459
Россети Урал (ГК) Пермэнерго 594 - 218
Свердловэнерго 805 233
Челябэнерго 973 - 671
Россети ФСК ЕЭС Итого по ФСК ЕЭС -16 312 -8 781
Россети Центр Белгородэнерго 299 111
Брянскэнерго -4 489 32
Воронежэнерго -12 187 182
Костромаэнерго 83 2
Курскэнерго -2 381 132
Липецкэнерго 731 - 322
Орелэнерго -3 553 -22
Смоленскэнерго -6 765 35
Тамбовэнерго -5 262 -4
Тверьэнерго 319 127
Ярэнерго -6 307 31
Россети Центр и Приволжье (ГК) Владимирэнерго 517 49
Ивэнерго 169 40
Калугаэнерго 558 -42
Кировэнерго 403 0
Мариэнерго 144 19
Нижновэнерго 658 231
Рязаньэнерго 259 47
Тулэнерго 733 - 209
Удмуртэнерго 294 3
Россети Юг (ГК) АО «ВМЭС» -3 370 41
Астраханьэнерго -5 158 90
Волгоградэнерго -8 953 - 310
Калмэнерго -1 477 -5
Ростовэнерго -18 198 44
Россети Янтарь Россети Янтарь 305 -28'

08-11-2024T15:47:16 - [TEST_STEP][PASSED] - n = n + 24: null

08-11-2024T15:47:16 - [TEST_STEP][PASSED] - Script1686231490255.WriteToExcel(user, dashboardName, n, data, run, a1, a2, a3, a4, a5, a6, a7, a8, a9): null

08-11-2024T15:47:16 - [TEST_STEP][PASSED] - sheetName = "Sheet1": null

08-11-2024T15:47:16 - [TEST_STEP][PASSED] - workbook01 = getWorkbook(excelFilePath): null

08-11-2024T15:47:16 - [TEST_STEP][PASSED] - sheet01 = getExcelSheet(workbook01, sheetName): null

08-11-2024T15:47:16 - [TEST_STEP][PASSED] - setValueToCellByIndex(sheet01, n, 0, dashboardName): null

08-11-2024T15:47:16 - [TEST_STEP][PASSED] - setValueToCellByIndex(sheet01, n, 10, user): null

08-11-2024T15:47:16 - [TEST_STEP][PASSED] - setValueToCellByIndex(sheet01, n, 1, a1): null

08-11-2024T15:47:16 - [TEST_STEP][PASSED] - setValueToCellByIndex(sheet01, n, 2, a2): null

08-11-2024T15:47:16 - [TEST_STEP][PASSED] - setValueToCellByIndex(sheet01, n, 3, a3): null

08-11-2024T15:47:16 - [TEST_STEP][PASSED] - setValueToCellByIndex(sheet01, n, 4, a4): null

08-11-2024T15:47:16 - [TEST_STEP][PASSED] - setValueToCellByIndex(sheet01, n, 5, a5): null

08-11-2024T15:47:16 - [TEST_STEP][PASSED] - setValueToCellByIndex(sheet01, n, 6, a6): null

08-11-2024T15:47:16 - [TEST_STEP][PASSED] - setValueToCellByIndex(sheet01, n, 7, a7): null

08-11-2024T15:47:16 - [TEST_STEP][PASSED] - setValueToCellByIndex(sheet01, n, 8, a8): null

08-11-2024T15:47:16 - [TEST_STEP][PASSED] - setValueToCellByIndex(sheet01, n, 9, a9): null

08-11-2024T15:47:16 - [TEST_STEP][PASSED] - n = n + 1: null

08-11-2024T15:47:16 - [TEST_STEP][PASSED] - saveWorkbook(excelFilePath, workbook01): null

08-11-2024T15:47:16 - [TEST_STEP][PASSED] - if (run == 2): null

08-11-2024T15:47:16 - [TEST_STEP][PASSED] - if (run == 3): null

08-11-2024T15:47:16 - [TEST_STEP][PASSED] - closeBrowser(): null

08-11-2024T15:47:16 - [MESSAGE][PASSED] - Browser is closed

08-11-2024T15:47:16 - [TEST_STEP][PASSED] - FaktorniyAnaliz(user, dashboardName, n, data, run, a1, a2, a3, a4, a5, a6, a7, a8, a9, urlData): null

08-11-2024T15:47:16 - [TEST_STEP][PASSED] - n = data.getRowNumbers() + 1: null

08-11-2024T15:47:16 - [TEST_STEP][PASSED] - println(n): null

08-11-2024T15:47:16 - [TEST_STEP][PASSED] - dashboardName = "Факторный анализ": null

08-11-2024T15:47:16 - [TEST_STEP][PASSED] - openBrowser(""): Browser is opened with url: ''

08-11-2024T15:47:16 - [MESSAGE][INFO] - Starting 'Chrome' driver

08-11-2024T15:47:16 - [MESSAGE][INFO] - Action delay is set to 0 milliseconds

08-11-2024T15:47:17 - [MESSAGE][PASSED] - Browser is opened with url: ''

08-11-2024T15:47:17 - [TEST_STEP][PASSED] - urlData = 3: null

08-11-2024T15:47:17 - [TEST_STEP][PASSED] - Script1686231490255.CheckPageDownload(urlData, run): null

08-11-2024T15:47:17 - [TEST_STEP][PASSED] - i = 1: null

08-11-2024T15:47:17 - [TEST_STEP][PASSED] - ii = 0: null

08-11-2024T15:47:17 - [TEST_STEP][PASSED] - urlText = <not implemented yet for class: org.codehaus.groovy.ast.expr.EmptyExpression>: null

08-11-2024T15:47:17 - [TEST_STEP][PASSED] - searchWord = <not implemented yet for class: org.codehaus.groovy.ast.expr.EmptyExpression>: null

08-11-2024T15:47:17 - [TEST_STEP][PASSED] - deleteAllCookies(): Delete all cookies successfully

08-11-2024T15:47:17 - [MESSAGE][PASSED] - Delete all cookies successfully

08-11-2024T15:47:17 - [TEST_STEP][PASSED] - refresh(): Refresh successfully

08-11-2024T15:47:17 - [MESSAGE][PASSED] - Refresh successfully

08-11-2024T15:47:17 - [TEST_STEP][PASSED] - delay(65): Delayed 65 second(s)

08-11-2024T15:48:22 - [MESSAGE][PASSED] - Delayed 65 second(s)

08-11-2024T15:48:22 - [TEST_STEP][PASSED] - navigateToUrl(findTestData("PlanFact").getValue(10, urlData)): Navigate to 'https://bi.rosseti.digital/viewer?dashboardGuid=2301950b23be4ed89c1df75f2020051e&sheetGuid=ccd7d7486b3d4e6fa0ee9b1eaebed46c&fit=true' successfully

08-11-2024T15:48:29 - [MESSAGE][PASSED] - Navigate to 'https://bi.rosseti.digital/viewer?dashboardGuid=2301950b23be4ed89c1df75f2020051e&sheetGuid=ccd7d7486b3d4e6fa0ee9b1eaebed46c&fit=true' successfully

08-11-2024T15:48:29 - [TEST_STEP][PASSED] - pageLoaded1 = verifyElementPresent(findTestObject("Страница авторизации/Text"), 30): Object 'Object Repository/Страница авторизации/Text' is present

08-11-2024T15:48:59 - [MESSAGE][PASSED] - Object 'Object Repository/Страница авторизации/Text' is present

08-11-2024T15:48:59 - [TEST_STEP][PASSED] - if (pageLoaded1 == false): null

08-11-2024T15:48:59 - [TEST_STEP][PASSED] - urlText = getText(findTestObject("Страница авторизации/Text")): Text of object 'Object Repository/Страница авторизации/Text' is: ''

08-11-2024T15:49:29 - [MESSAGE][PASSED] - Text of object 'Object Repository/Страница авторизации/Text' is: ''

08-11-2024T15:49:29 - [TEST_STEP][PASSED] - delay(65): Delayed 65 second(s)

08-11-2024T15:50:34 - [MESSAGE][PASSED] - Delayed 65 second(s)

08-11-2024T15:50:34 - [TEST_STEP][PASSED] - searchWord = "Вход": null

08-11-2024T15:50:34 - [TEST_STEP][PASSED] - if (urlText.contains(searchWord) == false): Text of object 'Object Repository/Страница авторизации/Text' is: 'Вход'

08-11-2024T15:50:34 - [TEST_STEP][PASSED] - for ([urlText.contains(searchWord) == false, i < 4, (ii++)]): Text of object 'Object Repository/Страница авторизации/Text' is: 'Вход'

08-11-2024T15:50:34 - [TEST_STEP][PASSED] - i = i + 1: null

08-11-2024T15:50:34 - [TEST_STEP][PASSED] - refresh(): Refresh successfully

08-11-2024T15:50:35 - [MESSAGE][PASSED] - Refresh successfully

08-11-2024T15:50:35 - [TEST_STEP][PASSED] - delay(65): Delayed 65 second(s)

08-11-2024T15:51:40 - [MESSAGE][PASSED] - Delayed 65 second(s)

08-11-2024T15:51:40 - [TEST_STEP][PASSED] - navigateToUrl(findTestData("PlanFact").getValue(10, urlData)): Navigate to 'https://bi.rosseti.digital/viewer?dashboardGuid=2301950b23be4ed89c1df75f2020051e&sheetGuid=ccd7d7486b3d4e6fa0ee9b1eaebed46c&fit=true' successfully

08-11-2024T15:51:41 - [MESSAGE][PASSED] - Navigate to 'https://bi.rosseti.digital/viewer?dashboardGuid=2301950b23be4ed89c1df75f2020051e&sheetGuid=ccd7d7486b3d4e6fa0ee9b1eaebed46c&fit=true' successfully

08-11-2024T15:51:41 - [TEST_STEP][PASSED] - delay(65): Delayed 65 second(s)

08-11-2024T15:52:46 - [MESSAGE][PASSED] - Delayed 65 second(s)

08-11-2024T15:52:46 - [TEST_STEP][PASSED] - urlText = getText(findTestObject("Страница авторизации/Text")): Text of object 'Object Repository/Страница авторизации/Text' is: 'Вход'

08-11-2024T15:52:46 - [MESSAGE][PASSED] - Text of object 'Object Repository/Страница авторизации/Text' is: 'Вход'

08-11-2024T15:52:46 - [TEST_STEP][PASSED] - i = i + 1: null

08-11-2024T15:52:46 - [TEST_STEP][PASSED] - refresh(): Refresh successfully

08-11-2024T15:52:47 - [MESSAGE][PASSED] - Refresh successfully

08-11-2024T15:52:47 - [TEST_STEP][PASSED] - delay(65): Delayed 65 second(s)

08-11-2024T15:53:52 - [MESSAGE][PASSED] - Delayed 65 second(s)

08-11-2024T15:53:52 - [TEST_STEP][PASSED] - navigateToUrl(findTestData("PlanFact").getValue(10, urlData)): Navigate to 'https://bi.rosseti.digital/viewer?dashboardGuid=2301950b23be4ed89c1df75f2020051e&sheetGuid=ccd7d7486b3d4e6fa0ee9b1eaebed46c&fit=true' successfully

08-11-2024T15:53:54 - [MESSAGE][PASSED] - Navigate to 'https://bi.rosseti.digital/viewer?dashboardGuid=2301950b23be4ed89c1df75f2020051e&sheetGuid=ccd7d7486b3d4e6fa0ee9b1eaebed46c&fit=true' successfully

08-11-2024T15:53:54 - [TEST_STEP][PASSED] - delay(65): Delayed 65 second(s)

08-11-2024T15:54:59 - [MESSAGE][PASSED] - Delayed 65 second(s)

08-11-2024T15:54:59 - [TEST_STEP][PASSED] - urlText = getText(findTestObject("Страница авторизации/Text")): Text of object 'Object Repository/Страница авторизации/Text' is: 'Вход'

08-11-2024T15:54:59 - [MESSAGE][PASSED] - Text of object 'Object Repository/Страница авторизации/Text' is: 'Вход'

08-11-2024T15:54:59 - [TEST_STEP][PASSED] - i = i + 1: null

08-11-2024T15:54:59 - [TEST_STEP][PASSED] - refresh(): Refresh successfully

08-11-2024T15:55:00 - [MESSAGE][PASSED] - Refresh successfully

08-11-2024T15:55:00 - [TEST_STEP][PASSED] - delay(65): Delayed 65 second(s)

08-11-2024T15:56:05 - [MESSAGE][PASSED] - Delayed 65 second(s)

08-11-2024T15:56:05 - [TEST_STEP][PASSED] - navigateToUrl(findTestData("PlanFact").getValue(10, urlData)): Navigate to 'https://bi.rosseti.digital/viewer?dashboardGuid=2301950b23be4ed89c1df75f2020051e&sheetGuid=ccd7d7486b3d4e6fa0ee9b1eaebed46c&fit=true' successfully

08-11-2024T15:56:06 - [MESSAGE][PASSED] - Navigate to 'https://bi.rosseti.digital/viewer?dashboardGuid=2301950b23be4ed89c1df75f2020051e&sheetGuid=ccd7d7486b3d4e6fa0ee9b1eaebed46c&fit=true' successfully

08-11-2024T15:56:06 - [TEST_STEP][PASSED] - delay(65): Delayed 65 second(s)

08-11-2024T15:57:11 - [MESSAGE][PASSED] - Delayed 65 second(s)

08-11-2024T15:57:11 - [TEST_STEP][PASSED] - urlText = getText(findTestObject("Страница авторизации/Text")): Text of object 'Object Repository/Страница авторизации/Text' is: 'Вход'

08-11-2024T15:57:11 - [MESSAGE][PASSED] - Text of object 'Object Repository/Страница авторизации/Text' is: 'Вход'

08-11-2024T15:57:11 - [TEST_STEP][PASSED] - setText(findTestObject("Страница авторизации/input__username"), findTestData("PlanFact").getValue(8, run)): Text 'Andreeva-EV' is set on object 'Object Repository/Страница авторизации/input__username'

08-11-2024T15:57:12 - [MESSAGE][PASSED] - Text 'Andreeva-EV' is set on object 'Object Repository/Страница авторизации/input__username'

08-11-2024T15:57:12 - [TEST_STEP][PASSED] - setText(findTestObject("Страница авторизации/input__password"), findTestData("PlanFact").getValue(9, run)): Text '2nPePKDwCPH3ul7xMZ' is set on object 'Object Repository/Страница авторизации/input__password'

08-11-2024T15:57:12 - [MESSAGE][PASSED] - Text '2nPePKDwCPH3ul7xMZ' is set on object 'Object Repository/Страница авторизации/input__password'

08-11-2024T15:57:12 - [TEST_STEP][PASSED] - click(findTestObject("Страница авторизации/button_")): Object: 'Object Repository/Страница авторизации/button_' is clicked on

08-11-2024T15:57:16 - [MESSAGE][PASSED] - Object: 'Object Repository/Страница авторизации/button_' is clicked on

08-11-2024T15:57:16 - [TEST_STEP][PASSED] - delay(65): Delayed 65 second(s)

08-11-2024T15:58:21 - [MESSAGE][PASSED] - Delayed 65 second(s)

08-11-2024T15:58:21 - [TEST_STEP][PASSED] - searchWord = "а": null

08-11-2024T15:58:21 - [TEST_STEP][PASSED] - pageLoaded2 = verifyElementPresent(findTestObject("Страница авторизации/Text"), 50): Object 'Object Repository/Страница авторизации/Text' is present

08-11-2024T15:58:21 - [MESSAGE][PASSED] - Object 'Object Repository/Страница авторизации/Text' is present

08-11-2024T15:58:21 - [TEST_STEP][PASSED] - if (pageLoaded2 == false): null

08-11-2024T15:58:21 - [TEST_STEP][PASSED] - urlText = getText(findTestObject("Страница авторизации/Text")): Text of object 'Object Repository/Страница авторизации/Text' is: 'Период
1, 2, 3 кв. 2024 года
ДЗО 
Все
Подписи данных
Итого отклонения по группе компаний: - 366 403 млн.руб.
Филиал
Месяц
Факторный анализ
Всего отклонения по факторам по ПАО Россети за 1, 2, 3 кв. 2024 года
ДЗО
Филиал
Отклонение (объём услуг)
Отклонение (средний тариф)
АО «Тываэнерго» АО "Тываэнерго" 276 -37
АО «Чеченэнерго» АО «Чеченэнерго» -3 339 14
Россети Волга Мордовэнерго -2 825 -86
Оренбургэнерго -11 247 - 162
Пензаэнерго -6 748 -72
Самарские РС -13 058 -1 024
Саратовские РС -13 303 - 443
Ульяновские РС -4 845 - 201
Чувашэнерго -4 186 126
Россети Кубань Кубаньэнерго -53 529 241
Россети Ленэнерго (ГК) Ленинградская область -29 499 598
г. Санкт-Петербург -41 171 -39
Россети Московский регион Московская область 4 566 - 535
г. Москва 2 812 57
Россети Северный Кавказ (ГК) Дагестанская энергосбытовая компания - 111 69
Дагэнерго -6 378 480
Ингушэнерго -1 440 100
Каббалкэнерго -2 677 26
Карачаево-Черкесскэнерго -1 725 -9
Севкавказэнерго -3 016 125
Ставропольэнерго -8 347 - 222
Россети Северо-Запад Архангельский филиал 63 -80
Вологодский филиал 229 -6
Карельский филиал -21 160
Мурманский филиал 102 64
Новгородский филиал 207 -40
Псковский филиал 146 -18
филиал в Республике Коми 10 23
Россети Сибирь (ГК) Алтайэнерго 275 275
Бурятэнерго -95 298
ГАЭС 114 -15
Красноярскэнерго 1 087 - 413
Кузбассэнерго-РЭС 329 205
Омскэнерго 127 - 112
Хакасэнерго 327 - 363
Читаэнерго -44 120
Россети Томск Томская распределительная компания -6 624 - 125
Россети Тюмень Россети Тюмень -65 636 - 459
Россети Урал (ГК) Пермэнерго 594 - 218
Свердловэнерго 805 233
Челябэнерго 973 - 671
Россети ФСК ЕЭС Итого по ФСК ЕЭС -16 312 -8 781
Россети Центр Белгородэнерго 299 111
Брянскэнерго -4 489 32
Воронежэнерго -12 187 182
Костромаэнерго 83 2
Курскэнерго -2 381 132
Липецкэнерго 731 - 322
Орелэнерго -3 553 -22
Смоленскэнерго -6 765 35
Тамбовэнерго -5 262 -4
Тверьэнерго 319 127
Ярэнерго -6 307 31
Россети Центр и Приволжье (ГК) Владимирэнерго 517 49
Ивэнерго 169 40
Калугаэнерго 558 -42
Кировэнерго 403 0
Мариэнерго 144 19
Нижновэнерго 658 231
Рязаньэнерго 259 47
Тулэнерго 733 - 209
Удмуртэнерго 294 3
Россети Юг (ГК) АО «ВМЭС» -3 370 41
Астраханьэнерго -5 158 90
Волгоградэнерго -8 953 - 310
Калмэнерго -1 477 -5
Ростовэнерго -18 198 44
Россети Янтарь Россети Янтарь 305 -28
Отклонения выручки по факторам по выбранным ДЗО, руб
-355 761-355 761
-10 642-10 642
Отклонение (объём услуг)
Отклонение (средний тариф)
ПАО Россети'

08-11-2024T15:58:22 - [MESSAGE][PASSED] - Text of object 'Object Repository/Страница авторизации/Text' is: 'Период
1, 2, 3 кв. 2024 года
ДЗО 
Все
Подписи данных
Итого отклонения по группе компаний: - 366 403 млн.руб.
Филиал
Месяц
Факторный анализ
Всего отклонения по факторам по ПАО Россети за 1, 2, 3 кв. 2024 года
ДЗО
Филиал
Отклонение (объём услуг)
Отклонение (средний тариф)
АО «Тываэнерго» АО "Тываэнерго" 276 -37
АО «Чеченэнерго» АО «Чеченэнерго» -3 339 14
Россети Волга Мордовэнерго -2 825 -86
Оренбургэнерго -11 247 - 162
Пензаэнерго -6 748 -72
Самарские РС -13 058 -1 024
Саратовские РС -13 303 - 443
Ульяновские РС -4 845 - 201
Чувашэнерго -4 186 126
Россети Кубань Кубаньэнерго -53 529 241
Россети Ленэнерго (ГК) Ленинградская область -29 499 598
г. Санкт-Петербург -41 171 -39
Россети Московский регион Московская область 4 566 - 535
г. Москва 2 812 57
Россети Северный Кавказ (ГК) Дагестанская энергосбытовая компания - 111 69
Дагэнерго -6 378 480
Ингушэнерго -1 440 100
Каббалкэнерго -2 677 26
Карачаево-Черкесскэнерго -1 725 -9
Севкавказэнерго -3 016 125
Ставропольэнерго -8 347 - 222
Россети Северо-Запад Архангельский филиал 63 -80
Вологодский филиал 229 -6
Карельский филиал -21 160
Мурманский филиал 102 64
Новгородский филиал 207 -40
Псковский филиал 146 -18
филиал в Республике Коми 10 23
Россети Сибирь (ГК) Алтайэнерго 275 275
Бурятэнерго -95 298
ГАЭС 114 -15
Красноярскэнерго 1 087 - 413
Кузбассэнерго-РЭС 329 205
Омскэнерго 127 - 112
Хакасэнерго 327 - 363
Читаэнерго -44 120
Россети Томск Томская распределительная компания -6 624 - 125
Россети Тюмень Россети Тюмень -65 636 - 459
Россети Урал (ГК) Пермэнерго 594 - 218
Свердловэнерго 805 233
Челябэнерго 973 - 671
Россети ФСК ЕЭС Итого по ФСК ЕЭС -16 312 -8 781
Россети Центр Белгородэнерго 299 111
Брянскэнерго -4 489 32
Воронежэнерго -12 187 182
Костромаэнерго 83 2
Курскэнерго -2 381 132
Липецкэнерго 731 - 322
Орелэнерго -3 553 -22
Смоленскэнерго -6 765 35
Тамбовэнерго -5 262 -4
Тверьэнерго 319 127
Ярэнерго -6 307 31
Россети Центр и Приволжье (ГК) Владимирэнерго 517 49
Ивэнерго 169 40
Калугаэнерго 558 -42
Кировэнерго 403 0
Мариэнерго 144 19
Нижновэнерго 658 231
Рязаньэнерго 259 47
Тулэнерго 733 - 209
Удмуртэнерго 294 3
Россети Юг (ГК) АО «ВМЭС» -3 370 41
Астраханьэнерго -5 158 90
Волгоградэнерго -8 953 - 310
Калмэнерго -1 477 -5
Ростовэнерго -18 198 44
Россети Янтарь Россети Янтарь 305 -28
Отклонения выручки по факторам по выбранным ДЗО, руб
-355 761-355 761
-10 642-10 642
Отклонение (объём услуг)
Отклонение (средний тариф)
ПАО Россети'

08-11-2024T15:58:22 - [TEST_STEP][PASSED] - if (urlText.contains("ошибка") || urlText.contains(searchWord) == false): null

08-11-2024T15:58:22 - [TEST_STEP][PASSED] - click(findTestObject("Факторный анализ/Фильтр Период")): Object: 'Object Repository/Факторный анализ/Фильтр Период' is clicked on

08-11-2024T15:58:22 - [MESSAGE][PASSED] - Object: 'Object Repository/Факторный анализ/Фильтр Период' is clicked on

08-11-2024T15:58:22 - [TEST_STEP][PASSED] - click(findTestObject("Факторный анализ/Снять выделение в фильтре Дата")): Object: 'Object Repository/Факторный анализ/Снять выделение в фильтре Дата' is clicked on

08-11-2024T15:58:23 - [MESSAGE][PASSED] - Object: 'Object Repository/Факторный анализ/Снять выделение в фильтре Дата' is clicked on

08-11-2024T15:58:23 - [TEST_STEP][PASSED] - click(findTestObject("Факторный анализ/Применить в фильтре Дата")): Object: 'Object Repository/Факторный анализ/Применить в фильтре Дата' is clicked on

08-11-2024T15:58:23 - [MESSAGE][PASSED] - Object: 'Object Repository/Факторный анализ/Применить в фильтре Дата' is clicked on

08-11-2024T15:58:23 - [TEST_STEP][PASSED] - click(findTestObject("Факторный анализ/Фильтр Период")): Object: 'Object Repository/Факторный анализ/Фильтр Период' is clicked on

08-11-2024T15:58:26 - [MESSAGE][PASSED] - Object: 'Object Repository/Факторный анализ/Фильтр Период' is clicked on

08-11-2024T15:58:26 - [TEST_STEP][PASSED] - click(findTestObject("Факторный анализ/Снять выделение в фильтре Дата")): Object: 'Object Repository/Факторный анализ/Снять выделение в фильтре Дата' is clicked on

08-11-2024T15:58:27 - [MESSAGE][PASSED] - Object: 'Object Repository/Факторный анализ/Снять выделение в фильтре Дата' is clicked on

08-11-2024T15:58:27 - [TEST_STEP][PASSED] - scrollToElement(findTestObject("Факторный анализ/2024 список"), 30): Scroll to object 'Object Repository/Факторный анализ/2024 список' successfully

08-11-2024T15:58:27 - [MESSAGE][PASSED] - Scroll to object 'Object Repository/Факторный анализ/2024 список' successfully

08-11-2024T15:58:27 - [TEST_STEP][PASSED] - click(findTestObject("Факторный анализ/2024 список")): Object: 'Object Repository/Факторный анализ/2024 список' is clicked on

08-11-2024T15:58:27 - [MESSAGE][PASSED] - Object: 'Object Repository/Факторный анализ/2024 список' is clicked on

08-11-2024T15:58:27 - [TEST_STEP][PASSED] - scrollToElement(findTestObject("Факторный анализ/1 квартал 2024 выбрать"), 30): Scroll to object 'Object Repository/Факторный анализ/1 квартал 2024 выбрать' successfully

08-11-2024T15:58:28 - [MESSAGE][PASSED] - Scroll to object 'Object Repository/Факторный анализ/1 квартал 2024 выбрать' successfully

08-11-2024T15:58:28 - [TEST_STEP][PASSED] - click(findTestObject("Факторный анализ/1 квартал 2024 выбрать")): Object: 'Object Repository/Факторный анализ/1 квартал 2024 выбрать' is clicked on

08-11-2024T15:58:28 - [MESSAGE][PASSED] - Object: 'Object Repository/Факторный анализ/1 квартал 2024 выбрать' is clicked on

08-11-2024T15:58:28 - [TEST_STEP][PASSED] - scrollToElement(findTestObject("Факторный анализ/1 квартал 2024 выбрать"), 30): Scroll to object 'Object Repository/Факторный анализ/1 квартал 2024 выбрать' successfully

08-11-2024T15:58:29 - [MESSAGE][PASSED] - Scroll to object 'Object Repository/Факторный анализ/1 квартал 2024 выбрать' successfully

08-11-2024T15:58:29 - [TEST_STEP][PASSED] - click(findTestObject("Факторный анализ/2 квартал 2024 выбрать"), CONTINUE_ON_FAILURE): Object: 'Object Repository/Факторный анализ/2 квартал 2024 выбрать' is clicked on

08-11-2024T15:58:29 - [MESSAGE][PASSED] - Object: 'Object Repository/Факторный анализ/2 квартал 2024 выбрать' is clicked on

08-11-2024T15:58:29 - [TEST_STEP][PASSED] - scrollToElement(findTestObject("Факторный анализ/3 квартал 2024 список"), 30): Scroll to object 'Object Repository/Факторный анализ/3 квартал 2024 список' successfully

08-11-2024T15:58:30 - [MESSAGE][PASSED] - Scroll to object 'Object Repository/Факторный анализ/3 квартал 2024 список' successfully

08-11-2024T15:58:30 - [TEST_STEP][PASSED] - click(findTestObject("Факторный анализ/3 квартал 2024 выбрать"), CONTINUE_ON_FAILURE): Object: 'Object Repository/Факторный анализ/3 квартал 2024 выбрать' is clicked on

08-11-2024T15:58:30 - [MESSAGE][PASSED] - Object: 'Object Repository/Факторный анализ/3 квартал 2024 выбрать' is clicked on

08-11-2024T15:58:30 - [TEST_STEP][PASSED] - scrollToElement(findTestObject("Факторный анализ/Заголовок дашборда"), 30): Scroll to object 'Object Repository/Факторный анализ/Заголовок дашборда' successfully

08-11-2024T15:58:30 - [MESSAGE][PASSED] - Scroll to object 'Object Repository/Факторный анализ/Заголовок дашборда' successfully

08-11-2024T15:58:30 - [TEST_STEP][PASSED] - click(findTestObject("Факторный анализ/Применить в фильтре Дата")): Object: 'Object Repository/Факторный анализ/Применить в фильтре Дата' is clicked on

08-11-2024T15:58:31 - [MESSAGE][PASSED] - Object: 'Object Repository/Факторный анализ/Применить в фильтре Дата' is clicked on

08-11-2024T15:58:31 - [TEST_STEP][PASSED] - a5 = "": null

08-11-2024T15:58:31 - [TEST_STEP][PASSED] - a6 = "": null

08-11-2024T15:58:31 - [TEST_STEP][PASSED] - a7 = "": null

08-11-2024T15:58:31 - [TEST_STEP][PASSED] - a8 = "": null

08-11-2024T15:58:31 - [TEST_STEP][PASSED] - a9 = "": null

08-11-2024T15:58:31 - [TEST_STEP][PASSED] - if (run == 1): null

08-11-2024T15:58:31 - [TEST_STEP][PASSED] - if (run == 2): null

08-11-2024T15:58:31 - [TEST_STEP][PASSED] - user = "Андреева": null

08-11-2024T15:58:31 - [TEST_STEP][PASSED] - a1 = getText(findTestObject("Факторный анализ/span1 Блок руководителя")): Text of object 'Object Repository/Факторный анализ/span1 Блок руководителя' is: ''

08-11-2024T15:58:33 - [MESSAGE][PASSED] - Text of object 'Object Repository/Факторный анализ/span1 Блок руководителя' is: ''

08-11-2024T15:58:33 - [TEST_STEP][PASSED] - a2 = getText(findTestObject("Факторный анализ/span2 Блок руководителя")): Text of object 'Object Repository/Факторный анализ/span2 Блок руководителя' is: ''

08-11-2024T15:58:33 - [MESSAGE][PASSED] - Text of object 'Object Repository/Факторный анализ/span2 Блок руководителя' is: ''

08-11-2024T15:58:33 - [TEST_STEP][PASSED] - a3 = getText(findTestObject("Факторный анализ/График Всего отклонения по факторам Блок руководителя")): Text of object 'Object Repository/Факторный анализ/График Всего отклонения по факторам Блок руководителя' is: 'ДЗО
Филиал
Отклонение (объём услуг)
Отклонение (средний тариф)
АО «Тываэнерго» АО "Тываэнерго" 276 -37
АО «Чеченэнерго» АО «Чеченэнерго» -3 339 14
Россети Волга Мордовэнерго -2 825 -86
Оренбургэнерго -11 247 - 162
Пензаэнерго -6 748 -72
Самарские РС -13 058 -1 024
Саратовские РС -13 303 - 443
Ульяновские РС -4 845 - 201
Чувашэнерго -4 186 126
Россети Кубань Кубаньэнерго -53 529 241
Россети Ленэнерго (ГК) Ленинградская область -29 499 598
г. Санкт-Петербург -41 171 -39
Россети Московский регион Московская область 4 566 - 535
г. Москва 2 812 57
Россети Северный Кавказ (ГК) Дагестанская энергосбытовая компания - 111 69
Дагэнерго -6 378 480
Ингушэнерго -1 440 100
Каббалкэнерго -2 677 26
Карачаево-Черкесскэнерго -1 725 -9
Севкавказэнерго -3 016 125
Ставропольэнерго -8 347 - 222
Россети Северо-Запад Архангельский филиал 63 -80
Вологодский филиал 229 -6
Карельский филиал -21 160
Мурманский филиал 102 64
Новгородский филиал 207 -40
Псковский филиал 146 -18
филиал в Республике Коми 10 23
Россети Сибирь (ГК) Алтайэнерго 275 275
Бурятэнерго -95 298
ГАЭС 114 -15
Красноярскэнерго 1 087 - 413
Кузбассэнерго-РЭС 329 205
Омскэнерго 127 - 112
Хакасэнерго 327 - 363
Читаэнерго -44 120
Россети Томск Томская распределительная компания -6 624 - 125
Россети Тюмень Россети Тюмень -65 636 - 459
Россети Урал (ГК) Пермэнерго 594 - 218
Свердловэнерго 805 233
Челябэнерго 973 - 671
Россети ФСК ЕЭС Итого по ФСК ЕЭС -16 312 -8 781
Россети Центр Белгородэнерго 299 111
Брянскэнерго -4 489 32
Воронежэнерго -12 187 182
Костромаэнерго 83 2
Курскэнерго -2 381 132
Липецкэнерго 731 - 322
Орелэнерго -3 553 -22
Смоленскэнерго -6 765 35
Тамбовэнерго -5 262 -4
Тверьэнерго 319 127
Ярэнерго -6 307 31
Россети Центр и Приволжье (ГК) Владимирэнерго 517 49
Ивэнерго 169 40
Калугаэнерго 558 -42
Кировэнерго 403 0
Мариэнерго 144 19
Нижновэнерго 658 231
Рязаньэнерго 259 47
Тулэнерго 733 - 209
Удмуртэнерго 294 3
Россети Юг (ГК) АО «ВМЭС» -3 370 41
Астраханьэнерго -5 158 90
Волгоградэнерго -8 953 - 310
Калмэнерго -1 477 -5
Ростовэнерго -18 198 44
Россети Янтарь Россети Янтарь 305 -28'

08-11-2024T15:58:34 - [MESSAGE][PASSED] - Text of object 'Object Repository/Факторный анализ/График Всего отклонения по факторам Блок руководителя' is: 'ДЗО
Филиал
Отклонение (объём услуг)
Отклонение (средний тариф)
АО «Тываэнерго» АО "Тываэнерго" 276 -37
АО «Чеченэнерго» АО «Чеченэнерго» -3 339 14
Россети Волга Мордовэнерго -2 825 -86
Оренбургэнерго -11 247 - 162
Пензаэнерго -6 748 -72
Самарские РС -13 058 -1 024
Саратовские РС -13 303 - 443
Ульяновские РС -4 845 - 201
Чувашэнерго -4 186 126
Россети Кубань Кубаньэнерго -53 529 241
Россети Ленэнерго (ГК) Ленинградская область -29 499 598
г. Санкт-Петербург -41 171 -39
Россети Московский регион Московская область 4 566 - 535
г. Москва 2 812 57
Россети Северный Кавказ (ГК) Дагестанская энергосбытовая компания - 111 69
Дагэнерго -6 378 480
Ингушэнерго -1 440 100
Каббалкэнерго -2 677 26
Карачаево-Черкесскэнерго -1 725 -9
Севкавказэнерго -3 016 125
Ставропольэнерго -8 347 - 222
Россети Северо-Запад Архангельский филиал 63 -80
Вологодский филиал 229 -6
Карельский филиал -21 160
Мурманский филиал 102 64
Новгородский филиал 207 -40
Псковский филиал 146 -18
филиал в Республике Коми 10 23
Россети Сибирь (ГК) Алтайэнерго 275 275
Бурятэнерго -95 298
ГАЭС 114 -15
Красноярскэнерго 1 087 - 413
Кузбассэнерго-РЭС 329 205
Омскэнерго 127 - 112
Хакасэнерго 327 - 363
Читаэнерго -44 120
Россети Томск Томская распределительная компания -6 624 - 125
Россети Тюмень Россети Тюмень -65 636 - 459
Россети Урал (ГК) Пермэнерго 594 - 218
Свердловэнерго 805 233
Челябэнерго 973 - 671
Россети ФСК ЕЭС Итого по ФСК ЕЭС -16 312 -8 781
Россети Центр Белгородэнерго 299 111
Брянскэнерго -4 489 32
Воронежэнерго -12 187 182
Костромаэнерго 83 2
Курскэнерго -2 381 132
Липецкэнерго 731 - 322
Орелэнерго -3 553 -22
Смоленскэнерго -6 765 35
Тамбовэнерго -5 262 -4
Тверьэнерго 319 127
Ярэнерго -6 307 31
Россети Центр и Приволжье (ГК) Владимирэнерго 517 49
Ивэнерго 169 40
Калугаэнерго 558 -42
Кировэнерго 403 0
Мариэнерго 144 19
Нижновэнерго 658 231
Рязаньэнерго 259 47
Тулэнерго 733 - 209
Удмуртэнерго 294 3
Россети Юг (ГК) АО «ВМЭС» -3 370 41
Астраханьэнерго -5 158 90
Волгоградэнерго -8 953 - 310
Калмэнерго -1 477 -5
Ростовэнерго -18 198 44
Россети Янтарь Россети Янтарь 305 -28'

08-11-2024T15:58:34 - [TEST_STEP][PASSED] - click(findTestObject("Факторный анализ/Переключить отображение с филиала на месяц")): Object: 'Object Repository/Факторный анализ/Переключить отображение с филиала на месяц' is clicked on

08-11-2024T15:58:34 - [MESSAGE][PASSED] - Object: 'Object Repository/Факторный анализ/Переключить отображение с филиала на месяц' is clicked on

08-11-2024T15:58:34 - [TEST_STEP][PASSED] - a4 = getText(findTestObject("Факторный анализ/График Всего отклонения по факторам Блок руководителя")): Text of object 'Object Repository/Факторный анализ/График Всего отклонения по факторам Блок руководителя' is: 'ДЗО
Филиал
Отклонение (объём услуг)
Отклонение (средний тариф)
АО «Тываэнерго» АО "Тываэнерго" 276 -37
АО «Чеченэнерго» АО «Чеченэнерго» -3 339 14
Россети Волга Мордовэнерго -2 825 -86
Оренбургэнерго -11 247 - 162
Пензаэнерго -6 748 -72
Самарские РС -13 058 -1 024
Саратовские РС -13 303 - 443
Ульяновские РС -4 845 - 201
Чувашэнерго -4 186 126
Россети Кубань Кубаньэнерго -53 529 241
Россети Ленэнерго (ГК) Ленинградская область -29 499 598
г. Санкт-Петербург -41 171 -39
Россети Московский регион Московская область 4 566 - 535
г. Москва 2 812 57
Россети Северный Кавказ (ГК) Дагестанская энергосбытовая компания - 111 69
Дагэнерго -6 378 480
Ингушэнерго -1 440 100
Каббалкэнерго -2 677 26
Карачаево-Черкесскэнерго -1 725 -9
Севкавказэнерго -3 016 125
Ставропольэнерго -8 347 - 222
Россети Северо-Запад Архангельский филиал 63 -80
Вологодский филиал 229 -6
Карельский филиал -21 160
Мурманский филиал 102 64
Новгородский филиал 207 -40
Псковский филиал 146 -18
филиал в Республике Коми 10 23
Россети Сибирь (ГК) Алтайэнерго 275 275
Бурятэнерго -95 298
ГАЭС 114 -15
Красноярскэнерго 1 087 - 413
Кузбассэнерго-РЭС 329 205
Омскэнерго 127 - 112
Хакасэнерго 327 - 363
Читаэнерго -44 120
Россети Томск Томская распределительная компания -6 624 - 125
Россети Тюмень Россети Тюмень -65 636 - 459
Россети Урал (ГК) Пермэнерго 594 - 218
Свердловэнерго 805 233
Челябэнерго 973 - 671
Россети ФСК ЕЭС Итого по ФСК ЕЭС -16 312 -8 781
Россети Центр Белгородэнерго 299 111
Брянскэнерго -4 489 32
Воронежэнерго -12 187 182
Костромаэнерго 83 2
Курскэнерго -2 381 132
Липецкэнерго 731 - 322
Орелэнерго -3 553 -22
Смоленскэнерго -6 765 35
Тамбовэнерго -5 262 -4
Тверьэнерго 319 127
Ярэнерго -6 307 31
Россети Центр и Приволжье (ГК) Владимирэнерго 517 49
Ивэнерго 169 40
Калугаэнерго 558 -42
Кировэнерго 403 0
Мариэнерго 144 19
Нижновэнерго 658 231
Рязаньэнерго 259 47
Тулэнерго 733 - 209
Удмуртэнерго 294 3
Россети Юг (ГК) АО «ВМЭС» -3 370 41
Астраханьэнерго -5 158 90
Волгоградэнерго -8 953 - 310
Калмэнерго -1 477 -5
Ростовэнерго -18 198 44
Россети Янтарь Россети Янтарь 305 -28'

08-11-2024T15:58:34 - [MESSAGE][PASSED] - Text of object 'Object Repository/Факторный анализ/График Всего отклонения по факторам Блок руководителя' is: 'ДЗО
Филиал
Отклонение (объём услуг)
Отклонение (средний тариф)
АО «Тываэнерго» АО "Тываэнерго" 276 -37
АО «Чеченэнерго» АО «Чеченэнерго» -3 339 14
Россети Волга Мордовэнерго -2 825 -86
Оренбургэнерго -11 247 - 162
Пензаэнерго -6 748 -72
Самарские РС -13 058 -1 024
Саратовские РС -13 303 - 443
Ульяновские РС -4 845 - 201
Чувашэнерго -4 186 126
Россети Кубань Кубаньэнерго -53 529 241
Россети Ленэнерго (ГК) Ленинградская область -29 499 598
г. Санкт-Петербург -41 171 -39
Россети Московский регион Московская область 4 566 - 535
г. Москва 2 812 57
Россети Северный Кавказ (ГК) Дагестанская энергосбытовая компания - 111 69
Дагэнерго -6 378 480
Ингушэнерго -1 440 100
Каббалкэнерго -2 677 26
Карачаево-Черкесскэнерго -1 725 -9
Севкавказэнерго -3 016 125
Ставропольэнерго -8 347 - 222
Россети Северо-Запад Архангельский филиал 63 -80
Вологодский филиал 229 -6
Карельский филиал -21 160
Мурманский филиал 102 64
Новгородский филиал 207 -40
Псковский филиал 146 -18
филиал в Республике Коми 10 23
Россети Сибирь (ГК) Алтайэнерго 275 275
Бурятэнерго -95 298
ГАЭС 114 -15
Красноярскэнерго 1 087 - 413
Кузбассэнерго-РЭС 329 205
Омскэнерго 127 - 112
Хакасэнерго 327 - 363
Читаэнерго -44 120
Россети Томск Томская распределительная компания -6 624 - 125
Россети Тюмень Россети Тюмень -65 636 - 459
Россети Урал (ГК) Пермэнерго 594 - 218
Свердловэнерго 805 233
Челябэнерго 973 - 671
Россети ФСК ЕЭС Итого по ФСК ЕЭС -16 312 -8 781
Россети Центр Белгородэнерго 299 111
Брянскэнерго -4 489 32
Воронежэнерго -12 187 182
Костромаэнерго 83 2
Курскэнерго -2 381 132
Липецкэнерго 731 - 322
Орелэнерго -3 553 -22
Смоленскэнерго -6 765 35
Тамбовэнерго -5 262 -4
Тверьэнерго 319 127
Ярэнерго -6 307 31
Россети Центр и Приволжье (ГК) Владимирэнерго 517 49
Ивэнерго 169 40
Калугаэнерго 558 -42
Кировэнерго 403 0
Мариэнерго 144 19
Нижновэнерго 658 231
Рязаньэнерго 259 47
Тулэнерго 733 - 209
Удмуртэнерго 294 3
Россети Юг (ГК) АО «ВМЭС» -3 370 41
Астраханьэнерго -5 158 90
Волгоградэнерго -8 953 - 310
Калмэнерго -1 477 -5
Ростовэнерго -18 198 44
Россети Янтарь Россети Янтарь 305 -28'

08-11-2024T15:58:34 - [TEST_STEP][PASSED] - n = n + 25: null

08-11-2024T15:58:34 - [TEST_STEP][PASSED] - b = n - run + 1: null

08-11-2024T15:58:34 - [TEST_STEP][PASSED] - verifyEqual(findTestData("PlanFact").getValue(2, b), a1): Actual object '' and expected object '' are equal

08-11-2024T15:58:34 - [MESSAGE][PASSED] - Actual object '' and expected object '' are equal

08-11-2024T15:58:34 - [TEST_STEP][PASSED] - verifyEqual(findTestData("PlanFact").getValue(3, b), a2): Actual object '' and expected object '' are equal

08-11-2024T15:58:34 - [MESSAGE][PASSED] - Actual object '' and expected object '' are equal

08-11-2024T15:58:34 - [TEST_STEP][PASSED] - verifyEqual(findTestData("PlanFact").getValue(4, b), a3): Actual object 'ДЗО
Филиал
Отклонение (объём услуг)
Отклонение (средний тариф)
АО «Тываэнерго» АО "Тываэнерго" 276 -37
АО «Чеченэнерго» АО «Чеченэнерго» -3 339 14
Россети Волга Мордовэнерго -2 825 -86
Оренбургэнерго -11 247 - 162
Пензаэнерго -6 748 -72
Самарские РС -13 058 -1 024
Саратовские РС -13 303 - 443
Ульяновские РС -4 845 - 201
Чувашэнерго -4 186 126
Россети Кубань Кубаньэнерго -53 529 241
Россети Ленэнерго (ГК) Ленинградская область -29 499 598
г. Санкт-Петербург -41 171 -39
Россети Московский регион Московская область 4 566 - 535
г. Москва 2 812 57
Россети Северный Кавказ (ГК) Дагестанская энергосбытовая компания - 111 69
Дагэнерго -6 378 480
Ингушэнерго -1 440 100
Каббалкэнерго -2 677 26
Карачаево-Черкесскэнерго -1 725 -9
Севкавказэнерго -3 016 125
Ставропольэнерго -8 347 - 222
Россети Северо-Запад Архангельский филиал 63 -80
Вологодский филиал 229 -6
Карельский филиал -21 160
Мурманский филиал 102 64
Новгородский филиал 207 -40
Псковский филиал 146 -18
филиал в Республике Коми 10 23
Россети Сибирь (ГК) Алтайэнерго 275 275
Бурятэнерго -95 298
ГАЭС 114 -15
Красноярскэнерго 1 087 - 413
Кузбассэнерго-РЭС 329 205
Омскэнерго 127 - 112
Хакасэнерго 327 - 363
Читаэнерго -44 120
Россети Томск Томская распределительная компания -6 624 - 125
Россети Тюмень Россети Тюмень -65 636 - 459
Россети Урал (ГК) Пермэнерго 594 - 218
Свердловэнерго 805 233
Челябэнерго 973 - 671
Россети ФСК ЕЭС Итого по ФСК ЕЭС -16 312 -8 781
Россети Центр Белгородэнерго 299 111
Брянскэнерго -4 489 32
Воронежэнерго -12 187 182
Костромаэнерго 83 2
Курскэнерго -2 381 132
Липецкэнерго 731 - 322
Орелэнерго -3 553 -22
Смоленскэнерго -6 765 35
Тамбовэнерго -5 262 -4
Тверьэнерго 319 127
Ярэнерго -6 307 31
Россети Центр и Приволжье (ГК) Владимирэнерго 517 49
Ивэнерго 169 40
Калугаэнерго 558 -42
Кировэнерго 403 0
Мариэнерго 144 19
Нижновэнерго 658 231
Рязаньэнерго 259 47
Тулэнерго 733 - 209
Удмуртэнерго 294 3
Россети Юг (ГК) АО «ВМЭС» -3 370 41
Астраханьэнерго -5 158 90
Волгоградэнерго -8 953 - 310
Калмэнерго -1 477 -5
Ростовэнерго -18 198 44
Россети Янтарь Россети Янтарь 305 -28' and expected object 'ДЗО
Филиал
Отклонение (объём услуг)
Отклонение (средний тариф)
АО «Тываэнерго» АО "Тываэнерго" 276 -37
АО «Чеченэнерго» АО «Чеченэнерго» -3 339 14
Россети Волга Мордовэнерго -2 825 -86
Оренбургэнерго -11 247 - 162
Пензаэнерго -6 748 -72
Самарские РС -13 058 -1 024
Саратовские РС -13 303 - 443
Ульяновские РС -4 845 - 201
Чувашэнерго -4 186 126
Россети Кубань Кубаньэнерго -53 529 241
Россети Ленэнерго (ГК) Ленинградская область -29 499 598
г. Санкт-Петербург -41 171 -39
Россети Московский регион Московская область 4 566 - 535
г. Москва 2 812 57
Россети Северный Кавказ (ГК) Дагестанская энергосбытовая компания - 111 69
Дагэнерго -6 378 480
Ингушэнерго -1 440 100
Каббалкэнерго -2 677 26
Карачаево-Черкесскэнерго -1 725 -9
Севкавказэнерго -3 016 125
Ставропольэнерго -8 347 - 222
Россети Северо-Запад Архангельский филиал 63 -80
Вологодский филиал 229 -6
Карельский филиал -21 160
Мурманский филиал 102 64
Новгородский филиал 207 -40
Псковский филиал 146 -18
филиал в Республике Коми 10 23
Россети Сибирь (ГК) Алтайэнерго 275 275
Бурятэнерго -95 298
ГАЭС 114 -15
Красноярскэнерго 1 087 - 413
Кузбассэнерго-РЭС 329 205
Омскэнерго 127 - 112
Хакасэнерго 327 - 363
Читаэнерго -44 120
Россети Томск Томская распределительная компания -6 624 - 125
Россети Тюмень Россети Тюмень -65 636 - 459
Россети Урал (ГК) Пермэнерго 594 - 218
Свердловэнерго 805 233
Челябэнерго 973 - 671
Россети ФСК ЕЭС Итого по ФСК ЕЭС -16 312 -8 781
Россети Центр Белгородэнерго 299 111
Брянскэнерго -4 489 32
Воронежэнерго -12 187 182
Костромаэнерго 83 2
Курскэнерго -2 381 132
Липецкэнерго 731 - 322
Орелэнерго -3 553 -22
Смоленскэнерго -6 765 35
Тамбовэнерго -5 262 -4
Тверьэнерго 319 127
Ярэнерго -6 307 31
Россети Центр и Приволжье (ГК) Владимирэнерго 517 49
Ивэнерго 169 40
Калугаэнерго 558 -42
Кировэнерго 403 0
Мариэнерго 144 19
Нижновэнерго 658 231
Рязаньэнерго 259 47
Тулэнерго 733 - 209
Удмуртэнерго 294 3
Россети Юг (ГК) АО «ВМЭС» -3 370 41
Астраханьэнерго -5 158 90
Волгоградэнерго -8 953 - 310
Калмэнерго -1 477 -5
Ростовэнерго -18 198 44
Россети Янтарь Россети Янтарь 305 -28' are equal

08-11-2024T15:58:34 - [MESSAGE][PASSED] - Actual object 'ДЗО
Филиал
Отклонение (объём услуг)
Отклонение (средний тариф)
АО «Тываэнерго» АО "Тываэнерго" 276 -37
АО «Чеченэнерго» АО «Чеченэнерго» -3 339 14
Россети Волга Мордовэнерго -2 825 -86
Оренбургэнерго -11 247 - 162
Пензаэнерго -6 748 -72
Самарские РС -13 058 -1 024
Саратовские РС -13 303 - 443
Ульяновские РС -4 845 - 201
Чувашэнерго -4 186 126
Россети Кубань Кубаньэнерго -53 529 241
Россети Ленэнерго (ГК) Ленинградская область -29 499 598
г. Санкт-Петербург -41 171 -39
Россети Московский регион Московская область 4 566 - 535
г. Москва 2 812 57
Россети Северный Кавказ (ГК) Дагестанская энергосбытовая компания - 111 69
Дагэнерго -6 378 480
Ингушэнерго -1 440 100
Каббалкэнерго -2 677 26
Карачаево-Черкесскэнерго -1 725 -9
Севкавказэнерго -3 016 125
Ставропольэнерго -8 347 - 222
Россети Северо-Запад Архангельский филиал 63 -80
Вологодский филиал 229 -6
Карельский филиал -21 160
Мурманский филиал 102 64
Новгородский филиал 207 -40
Псковский филиал 146 -18
филиал в Республике Коми 10 23
Россети Сибирь (ГК) Алтайэнерго 275 275
Бурятэнерго -95 298
ГАЭС 114 -15
Красноярскэнерго 1 087 - 413
Кузбассэнерго-РЭС 329 205
Омскэнерго 127 - 112
Хакасэнерго 327 - 363
Читаэнерго -44 120
Россети Томск Томская распределительная компания -6 624 - 125
Россети Тюмень Россети Тюмень -65 636 - 459
Россети Урал (ГК) Пермэнерго 594 - 218
Свердловэнерго 805 233
Челябэнерго 973 - 671
Россети ФСК ЕЭС Итого по ФСК ЕЭС -16 312 -8 781
Россети Центр Белгородэнерго 299 111
Брянскэнерго -4 489 32
Воронежэнерго -12 187 182
Костромаэнерго 83 2
Курскэнерго -2 381 132
Липецкэнерго 731 - 322
Орелэнерго -3 553 -22
Смоленскэнерго -6 765 35
Тамбовэнерго -5 262 -4
Тверьэнерго 319 127
Ярэнерго -6 307 31
Россети Центр и Приволжье (ГК) Владимирэнерго 517 49
Ивэнерго 169 40
Калугаэнерго 558 -42
Кировэнерго 403 0
Мариэнерго 144 19
Нижновэнерго 658 231
Рязаньэнерго 259 47
Тулэнерго 733 - 209
Удмуртэнерго 294 3
Россети Юг (ГК) АО «ВМЭС» -3 370 41
Астраханьэнерго -5 158 90
Волгоградэнерго -8 953 - 310
Калмэнерго -1 477 -5
Ростовэнерго -18 198 44
Россети Янтарь Россети Янтарь 305 -28' and expected object 'ДЗО
Филиал
Отклонение (объём услуг)
Отклонение (средний тариф)
АО «Тываэнерго» АО "Тываэнерго" 276 -37
АО «Чеченэнерго» АО «Чеченэнерго» -3 339 14
Россети Волга Мордовэнерго -2 825 -86
Оренбургэнерго -11 247 - 162
Пензаэнерго -6 748 -72
Самарские РС -13 058 -1 024
Саратовские РС -13 303 - 443
Ульяновские РС -4 845 - 201
Чувашэнерго -4 186 126
Россети Кубань Кубаньэнерго -53 529 241
Россети Ленэнерго (ГК) Ленинградская область -29 499 598
г. Санкт-Петербург -41 171 -39
Россети Московский регион Московская область 4 566 - 535
г. Москва 2 812 57
Россети Северный Кавказ (ГК) Дагестанская энергосбытовая компания - 111 69
Дагэнерго -6 378 480
Ингушэнерго -1 440 100
Каббалкэнерго -2 677 26
Карачаево-Черкесскэнерго -1 725 -9
Севкавказэнерго -3 016 125
Ставропольэнерго -8 347 - 222
Россети Северо-Запад Архангельский филиал 63 -80
Вологодский филиал 229 -6
Карельский филиал -21 160
Мурманский филиал 102 64
Новгородский филиал 207 -40
Псковский филиал 146 -18
филиал в Республике Коми 10 23
Россети Сибирь (ГК) Алтайэнерго 275 275
Бурятэнерго -95 298
ГАЭС 114 -15
Красноярскэнерго 1 087 - 413
Кузбассэнерго-РЭС 329 205
Омскэнерго 127 - 112
Хакасэнерго 327 - 363
Читаэнерго -44 120
Россети Томск Томская распределительная компания -6 624 - 125
Россети Тюмень Россети Тюмень -65 636 - 459
Россети Урал (ГК) Пермэнерго 594 - 218
Свердловэнерго 805 233
Челябэнерго 973 - 671
Россети ФСК ЕЭС Итого по ФСК ЕЭС -16 312 -8 781
Россети Центр Белгородэнерго 299 111
Брянскэнерго -4 489 32
Воронежэнерго -12 187 182
Костромаэнерго 83 2
Курскэнерго -2 381 132
Липецкэнерго 731 - 322
Орелэнерго -3 553 -22
Смоленскэнерго -6 765 35
Тамбовэнерго -5 262 -4
Тверьэнерго 319 127
Ярэнерго -6 307 31
Россети Центр и Приволжье (ГК) Владимирэнерго 517 49
Ивэнерго 169 40
Калугаэнерго 558 -42
Кировэнерго 403 0
Мариэнерго 144 19
Нижновэнерго 658 231
Рязаньэнерго 259 47
Тулэнерго 733 - 209
Удмуртэнерго 294 3
Россети Юг (ГК) АО «ВМЭС» -3 370 41
Астраханьэнерго -5 158 90
Волгоградэнерго -8 953 - 310
Калмэнерго -1 477 -5
Ростовэнерго -18 198 44
Россети Янтарь Россети Янтарь 305 -28' are equal

08-11-2024T15:58:34 - [TEST_STEP][PASSED] - verifyEqual(findTestData("PlanFact").getValue(5, b), a4): Actual object 'ДЗО
Филиал
Отклонение (объём услуг)
Отклонение (средний тариф)
АО «Тываэнерго» АО "Тываэнерго" 276 -37
АО «Чеченэнерго» АО «Чеченэнерго» -3 339 14
Россети Волга Мордовэнерго -2 825 -86
Оренбургэнерго -11 247 - 162
Пензаэнерго -6 748 -72
Самарские РС -13 058 -1 024
Саратовские РС -13 303 - 443
Ульяновские РС -4 845 - 201
Чувашэнерго -4 186 126
Россети Кубань Кубаньэнерго -53 529 241
Россети Ленэнерго (ГК) Ленинградская область -29 499 598
г. Санкт-Петербург -41 171 -39
Россети Московский регион Московская область 4 566 - 535
г. Москва 2 812 57
Россети Северный Кавказ (ГК) Дагестанская энергосбытовая компания - 111 69
Дагэнерго -6 378 480
Ингушэнерго -1 440 100
Каббалкэнерго -2 677 26
Карачаево-Черкесскэнерго -1 725 -9
Севкавказэнерго -3 016 125
Ставропольэнерго -8 347 - 222
Россети Северо-Запад Архангельский филиал 63 -80
Вологодский филиал 229 -6
Карельский филиал -21 160
Мурманский филиал 102 64
Новгородский филиал 207 -40
Псковский филиал 146 -18
филиал в Республике Коми 10 23
Россети Сибирь (ГК) Алтайэнерго 275 275
Бурятэнерго -95 298
ГАЭС 114 -15
Красноярскэнерго 1 087 - 413
Кузбассэнерго-РЭС 329 205
Омскэнерго 127 - 112
Хакасэнерго 327 - 363
Читаэнерго -44 120
Россети Томск Томская распределительная компания -6 624 - 125
Россети Тюмень Россети Тюмень -65 636 - 459
Россети Урал (ГК) Пермэнерго 594 - 218
Свердловэнерго 805 233
Челябэнерго 973 - 671
Россети ФСК ЕЭС Итого по ФСК ЕЭС -16 312 -8 781
Россети Центр Белгородэнерго 299 111
Брянскэнерго -4 489 32
Воронежэнерго -12 187 182
Костромаэнерго 83 2
Курскэнерго -2 381 132
Липецкэнерго 731 - 322
Орелэнерго -3 553 -22
Смоленскэнерго -6 765 35
Тамбовэнерго -5 262 -4
Тверьэнерго 319 127
Ярэнерго -6 307 31
Россети Центр и Приволжье (ГК) Владимирэнерго 517 49
Ивэнерго 169 40
Калугаэнерго 558 -42
Кировэнерго 403 0
Мариэнерго 144 19
Нижновэнерго 658 231
Рязаньэнерго 259 47
Тулэнерго 733 - 209
Удмуртэнерго 294 3
Россети Юг (ГК) АО «ВМЭС» -3 370 41
Астраханьэнерго -5 158 90
Волгоградэнерго -8 953 - 310
Калмэнерго -1 477 -5
Ростовэнерго -18 198 44
Россети Янтарь Россети Янтарь 305 -28' and expected object 'ДЗО
Филиал
Отклонение (объём услуг)
Отклонение (средний тариф)
АО «Тываэнерго» АО "Тываэнерго" 276 -37
АО «Чеченэнерго» АО «Чеченэнерго» -3 339 14
Россети Волга Мордовэнерго -2 825 -86
Оренбургэнерго -11 247 - 162
Пензаэнерго -6 748 -72
Самарские РС -13 058 -1 024
Саратовские РС -13 303 - 443
Ульяновские РС -4 845 - 201
Чувашэнерго -4 186 126
Россети Кубань Кубаньэнерго -53 529 241
Россети Ленэнерго (ГК) Ленинградская область -29 499 598
г. Санкт-Петербург -41 171 -39
Россети Московский регион Московская область 4 566 - 535
г. Москва 2 812 57
Россети Северный Кавказ (ГК) Дагестанская энергосбытовая компания - 111 69
Дагэнерго -6 378 480
Ингушэнерго -1 440 100
Каббалкэнерго -2 677 26
Карачаево-Черкесскэнерго -1 725 -9
Севкавказэнерго -3 016 125
Ставропольэнерго -8 347 - 222
Россети Северо-Запад Архангельский филиал 63 -80
Вологодский филиал 229 -6
Карельский филиал -21 160
Мурманский филиал 102 64
Новгородский филиал 207 -40
Псковский филиал 146 -18
филиал в Республике Коми 10 23
Россети Сибирь (ГК) Алтайэнерго 275 275
Бурятэнерго -95 298
ГАЭС 114 -15
Красноярскэнерго 1 087 - 413
Кузбассэнерго-РЭС 329 205
Омскэнерго 127 - 112
Хакасэнерго 327 - 363
Читаэнерго -44 120
Россети Томск Томская распределительная компания -6 624 - 125
Россети Тюмень Россети Тюмень -65 636 - 459
Россети Урал (ГК) Пермэнерго 594 - 218
Свердловэнерго 805 233
Челябэнерго 973 - 671
Россети ФСК ЕЭС Итого по ФСК ЕЭС -16 312 -8 781
Россети Центр Белгородэнерго 299 111
Брянскэнерго -4 489 32
Воронежэнерго -12 187 182
Костромаэнерго 83 2
Курскэнерго -2 381 132
Липецкэнерго 731 - 322
Орелэнерго -3 553 -22
Смоленскэнерго -6 765 35
Тамбовэнерго -5 262 -4
Тверьэнерго 319 127
Ярэнерго -6 307 31
Россети Центр и Приволжье (ГК) Владимирэнерго 517 49
Ивэнерго 169 40
Калугаэнерго 558 -42
Кировэнерго 403 0
Мариэнерго 144 19
Нижновэнерго 658 231
Рязаньэнерго 259 47
Тулэнерго 733 - 209
Удмуртэнерго 294 3
Россети Юг (ГК) АО «ВМЭС» -3 370 41
Астраханьэнерго -5 158 90
Волгоградэнерго -8 953 - 310
Калмэнерго -1 477 -5
Ростовэнерго -18 198 44
Россети Янтарь Россети Янтарь 305 -28' are equal

08-11-2024T15:58:34 - [MESSAGE][PASSED] - Actual object 'ДЗО
Филиал
Отклонение (объём услуг)
Отклонение (средний тариф)
АО «Тываэнерго» АО "Тываэнерго" 276 -37
АО «Чеченэнерго» АО «Чеченэнерго» -3 339 14
Россети Волга Мордовэнерго -2 825 -86
Оренбургэнерго -11 247 - 162
Пензаэнерго -6 748 -72
Самарские РС -13 058 -1 024
Саратовские РС -13 303 - 443
Ульяновские РС -4 845 - 201
Чувашэнерго -4 186 126
Россети Кубань Кубаньэнерго -53 529 241
Россети Ленэнерго (ГК) Ленинградская область -29 499 598
г. Санкт-Петербург -41 171 -39
Россети Московский регион Московская область 4 566 - 535
г. Москва 2 812 57
Россети Северный Кавказ (ГК) Дагестанская энергосбытовая компания - 111 69
Дагэнерго -6 378 480
Ингушэнерго -1 440 100
Каббалкэнерго -2 677 26
Карачаево-Черкесскэнерго -1 725 -9
Севкавказэнерго -3 016 125
Ставропольэнерго -8 347 - 222
Россети Северо-Запад Архангельский филиал 63 -80
Вологодский филиал 229 -6
Карельский филиал -21 160
Мурманский филиал 102 64
Новгородский филиал 207 -40
Псковский филиал 146 -18
филиал в Республике Коми 10 23
Россети Сибирь (ГК) Алтайэнерго 275 275
Бурятэнерго -95 298
ГАЭС 114 -15
Красноярскэнерго 1 087 - 413
Кузбассэнерго-РЭС 329 205
Омскэнерго 127 - 112
Хакасэнерго 327 - 363
Читаэнерго -44 120
Россети Томск Томская распределительная компания -6 624 - 125
Россети Тюмень Россети Тюмень -65 636 - 459
Россети Урал (ГК) Пермэнерго 594 - 218
Свердловэнерго 805 233
Челябэнерго 973 - 671
Россети ФСК ЕЭС Итого по ФСК ЕЭС -16 312 -8 781
Россети Центр Белгородэнерго 299 111
Брянскэнерго -4 489 32
Воронежэнерго -12 187 182
Костромаэнерго 83 2
Курскэнерго -2 381 132
Липецкэнерго 731 - 322
Орелэнерго -3 553 -22
Смоленскэнерго -6 765 35
Тамбовэнерго -5 262 -4
Тверьэнерго 319 127
Ярэнерго -6 307 31
Россети Центр и Приволжье (ГК) Владимирэнерго 517 49
Ивэнерго 169 40
Калугаэнерго 558 -42
Кировэнерго 403 0
Мариэнерго 144 19
Нижновэнерго 658 231
Рязаньэнерго 259 47
Тулэнерго 733 - 209
Удмуртэнерго 294 3
Россети Юг (ГК) АО «ВМЭС» -3 370 41
Астраханьэнерго -5 158 90
Волгоградэнерго -8 953 - 310
Калмэнерго -1 477 -5
Ростовэнерго -18 198 44
Россети Янтарь Россети Янтарь 305 -28' and expected object 'ДЗО
Филиал
Отклонение (объём услуг)
Отклонение (средний тариф)
АО «Тываэнерго» АО "Тываэнерго" 276 -37
АО «Чеченэнерго» АО «Чеченэнерго» -3 339 14
Россети Волга Мордовэнерго -2 825 -86
Оренбургэнерго -11 247 - 162
Пензаэнерго -6 748 -72
Самарские РС -13 058 -1 024
Саратовские РС -13 303 - 443
Ульяновские РС -4 845 - 201
Чувашэнерго -4 186 126
Россети Кубань Кубаньэнерго -53 529 241
Россети Ленэнерго (ГК) Ленинградская область -29 499 598
г. Санкт-Петербург -41 171 -39
Россети Московский регион Московская область 4 566 - 535
г. Москва 2 812 57
Россети Северный Кавказ (ГК) Дагестанская энергосбытовая компания - 111 69
Дагэнерго -6 378 480
Ингушэнерго -1 440 100
Каббалкэнерго -2 677 26
Карачаево-Черкесскэнерго -1 725 -9
Севкавказэнерго -3 016 125
Ставропольэнерго -8 347 - 222
Россети Северо-Запад Архангельский филиал 63 -80
Вологодский филиал 229 -6
Карельский филиал -21 160
Мурманский филиал 102 64
Новгородский филиал 207 -40
Псковский филиал 146 -18
филиал в Республике Коми 10 23
Россети Сибирь (ГК) Алтайэнерго 275 275
Бурятэнерго -95 298
ГАЭС 114 -15
Красноярскэнерго 1 087 - 413
Кузбассэнерго-РЭС 329 205
Омскэнерго 127 - 112
Хакасэнерго 327 - 363
Читаэнерго -44 120
Россети Томск Томская распределительная компания -6 624 - 125
Россети Тюмень Россети Тюмень -65 636 - 459
Россети Урал (ГК) Пермэнерго 594 - 218
Свердловэнерго 805 233
Челябэнерго 973 - 671
Россети ФСК ЕЭС Итого по ФСК ЕЭС -16 312 -8 781
Россети Центр Белгородэнерго 299 111
Брянскэнерго -4 489 32
Воронежэнерго -12 187 182
Костромаэнерго 83 2
Курскэнерго -2 381 132
Липецкэнерго 731 - 322
Орелэнерго -3 553 -22
Смоленскэнерго -6 765 35
Тамбовэнерго -5 262 -4
Тверьэнерго 319 127
Ярэнерго -6 307 31
Россети Центр и Приволжье (ГК) Владимирэнерго 517 49
Ивэнерго 169 40
Калугаэнерго 558 -42
Кировэнерго 403 0
Мариэнерго 144 19
Нижновэнерго 658 231
Рязаньэнерго 259 47
Тулэнерго 733 - 209
Удмуртэнерго 294 3
Россети Юг (ГК) АО «ВМЭС» -3 370 41
Астраханьэнерго -5 158 90
Волгоградэнерго -8 953 - 310
Калмэнерго -1 477 -5
Ростовэнерго -18 198 44
Россети Янтарь Россети Янтарь 305 -28' are equal

08-11-2024T15:58:34 - [TEST_STEP][PASSED] - Script1686231490255.WriteToExcel(user, dashboardName, n, data, run, a1, a2, a3, a4, a5, a6, a7, a8, a9): null

08-11-2024T15:58:34 - [TEST_STEP][PASSED] - sheetName = "Sheet1": null

08-11-2024T15:58:34 - [TEST_STEP][PASSED] - workbook01 = getWorkbook(excelFilePath): null

08-11-2024T15:58:34 - [TEST_STEP][PASSED] - sheet01 = getExcelSheet(workbook01, sheetName): null

08-11-2024T15:58:34 - [TEST_STEP][PASSED] - setValueToCellByIndex(sheet01, n, 0, dashboardName): null

08-11-2024T15:58:34 - [TEST_STEP][PASSED] - setValueToCellByIndex(sheet01, n, 10, user): null

08-11-2024T15:58:34 - [TEST_STEP][PASSED] - setValueToCellByIndex(sheet01, n, 1, a1): null

08-11-2024T15:58:34 - [TEST_STEP][PASSED] - setValueToCellByIndex(sheet01, n, 2, a2): null

08-11-2024T15:58:34 - [TEST_STEP][PASSED] - setValueToCellByIndex(sheet01, n, 3, a3): null

08-11-2024T15:58:34 - [TEST_STEP][PASSED] - setValueToCellByIndex(sheet01, n, 4, a4): null

08-11-2024T15:58:34 - [TEST_STEP][PASSED] - setValueToCellByIndex(sheet01, n, 5, a5): null

08-11-2024T15:58:34 - [TEST_STEP][PASSED] - setValueToCellByIndex(sheet01, n, 6, a6): null

08-11-2024T15:58:34 - [TEST_STEP][PASSED] - setValueToCellByIndex(sheet01, n, 7, a7): null

08-11-2024T15:58:34 - [TEST_STEP][PASSED] - setValueToCellByIndex(sheet01, n, 8, a8): null

08-11-2024T15:58:34 - [TEST_STEP][PASSED] - setValueToCellByIndex(sheet01, n, 9, a9): null

08-11-2024T15:58:34 - [TEST_STEP][PASSED] - n = n + 1: null

08-11-2024T15:58:34 - [TEST_STEP][PASSED] - saveWorkbook(excelFilePath, workbook01): null

08-11-2024T15:58:35 - [TEST_STEP][PASSED] - if (run == 3): null

08-11-2024T15:58:35 - [TEST_STEP][PASSED] - closeBrowser(): null

08-11-2024T15:58:35 - [MESSAGE][PASSED] - Browser is closed

08-11-2024T15:58:35 - [TEST_STEP][PASSED] - FaktorniyAnaliz(user, dashboardName, n, data, run, a1, a2, a3, a4, a5, a6, a7, a8, a9, urlData): null

08-11-2024T15:58:35 - [TEST_STEP][PASSED] - n = data.getRowNumbers() + 1: null

08-11-2024T15:58:35 - [TEST_STEP][PASSED] - println(n): null

08-11-2024T15:58:35 - [TEST_STEP][PASSED] - dashboardName = "Факторный анализ": null

08-11-2024T15:58:35 - [TEST_STEP][PASSED] - openBrowser(""): Browser is opened with url: ''

08-11-2024T15:58:35 - [MESSAGE][INFO] - Starting 'Chrome' driver

08-11-2024T15:58:35 - [MESSAGE][INFO] - Action delay is set to 0 milliseconds

08-11-2024T15:58:36 - [MESSAGE][PASSED] - Browser is opened with url: ''

08-11-2024T15:58:36 - [TEST_STEP][PASSED] - urlData = 3: null

08-11-2024T15:58:36 - [TEST_STEP][PASSED] - Script1686231490255.CheckPageDownload(urlData, run): null

08-11-2024T15:58:36 - [TEST_STEP][PASSED] - i = 1: null

08-11-2024T15:58:36 - [TEST_STEP][PASSED] - ii = 0: null

08-11-2024T15:58:36 - [TEST_STEP][PASSED] - urlText = <not implemented yet for class: org.codehaus.groovy.ast.expr.EmptyExpression>: null

08-11-2024T15:58:36 - [TEST_STEP][PASSED] - searchWord = <not implemented yet for class: org.codehaus.groovy.ast.expr.EmptyExpression>: null

08-11-2024T15:58:36 - [TEST_STEP][PASSED] - deleteAllCookies(): Delete all cookies successfully

08-11-2024T15:58:36 - [MESSAGE][PASSED] - Delete all cookies successfully

08-11-2024T15:58:36 - [TEST_STEP][PASSED] - refresh(): Refresh successfully

08-11-2024T15:58:36 - [MESSAGE][PASSED] - Refresh successfully

08-11-2024T15:58:36 - [TEST_STEP][PASSED] - delay(65): Delayed 65 second(s)

08-11-2024T15:59:41 - [MESSAGE][PASSED] - Delayed 65 second(s)

08-11-2024T15:59:41 - [TEST_STEP][PASSED] - navigateToUrl(findTestData("PlanFact").getValue(10, urlData)): Navigate to 'https://bi.rosseti.digital/viewer?dashboardGuid=2301950b23be4ed89c1df75f2020051e&sheetGuid=ccd7d7486b3d4e6fa0ee9b1eaebed46c&fit=true' successfully

08-11-2024T15:59:45 - [MESSAGE][PASSED] - Navigate to 'https://bi.rosseti.digital/viewer?dashboardGuid=2301950b23be4ed89c1df75f2020051e&sheetGuid=ccd7d7486b3d4e6fa0ee9b1eaebed46c&fit=true' successfully

08-11-2024T15:59:45 - [TEST_STEP][PASSED] - pageLoaded1 = verifyElementPresent(findTestObject("Страница авторизации/Text"), 30): Object 'Object Repository/Страница авторизации/Text' is present

08-11-2024T15:59:48 - [MESSAGE][PASSED] - Object 'Object Repository/Страница авторизации/Text' is present

08-11-2024T15:59:48 - [TEST_STEP][PASSED] - if (pageLoaded1 == false): null

08-11-2024T15:59:48 - [TEST_STEP][PASSED] - urlText = getText(findTestObject("Страница авторизации/Text")): Text of object 'Object Repository/Страница авторизации/Text' is: 'Вход'

08-11-2024T15:59:48 - [MESSAGE][PASSED] - Text of object 'Object Repository/Страница авторизации/Text' is: 'Вход'

08-11-2024T15:59:48 - [TEST_STEP][PASSED] - delay(65): Delayed 65 second(s)

08-11-2024T16:00:53 - [MESSAGE][PASSED] - Delayed 65 second(s)

08-11-2024T16:00:53 - [TEST_STEP][PASSED] - searchWord = "Вход": null

08-11-2024T16:00:53 - [TEST_STEP][PASSED] - if (urlText.contains(searchWord) == false): null

08-11-2024T16:00:53 - [TEST_STEP][PASSED] - setText(findTestObject("Страница авторизации/input__username"), findTestData("PlanFact").getValue(8, run)): Text 'Petrova-OV' is set on object 'Object Repository/Страница авторизации/input__username'

08-11-2024T16:00:54 - [MESSAGE][PASSED] - Text 'Petrova-OV' is set on object 'Object Repository/Страница авторизации/input__username'

08-11-2024T16:00:54 - [TEST_STEP][PASSED] - setText(findTestObject("Страница авторизации/input__password"), findTestData("PlanFact").getValue(9, run)): Text '4Ex@~R53r&3x&BVe7' is set on object 'Object Repository/Страница авторизации/input__password'

08-11-2024T16:00:55 - [MESSAGE][PASSED] - Text '4Ex@~R53r&3x&BVe7' is set on object 'Object Repository/Страница авторизации/input__password'

08-11-2024T16:00:55 - [TEST_STEP][PASSED] - click(findTestObject("Страница авторизации/button_")): Object: 'Object Repository/Страница авторизации/button_' is clicked on

08-11-2024T16:00:58 - [MESSAGE][PASSED] - Object: 'Object Repository/Страница авторизации/button_' is clicked on

08-11-2024T16:00:58 - [TEST_STEP][PASSED] - delay(65): Delayed 65 second(s)

08-11-2024T16:02:03 - [MESSAGE][PASSED] - Delayed 65 second(s)

08-11-2024T16:02:03 - [TEST_STEP][PASSED] - searchWord = "а": null

08-11-2024T16:02:03 - [TEST_STEP][PASSED] - pageLoaded2 = verifyElementPresent(findTestObject("Страница авторизации/Text"), 50): Object 'Object Repository/Страница авторизации/Text' is present

08-11-2024T16:02:04 - [MESSAGE][PASSED] - Object 'Object Repository/Страница авторизации/Text' is present

08-11-2024T16:02:04 - [TEST_STEP][PASSED] - if (pageLoaded2 == false): null

08-11-2024T16:02:04 - [TEST_STEP][PASSED] - urlText = getText(findTestObject("Страница авторизации/Text")): Text of object 'Object Repository/Страница авторизации/Text' is: 'Период
1, 2, 3 кв. 2024 года
ДЗО 
Все
Подписи данных
Итого отклонения по группе компаний: - 366 403 млн.руб.
Филиал
Месяц
Факторный анализ
Всего отклонения по факторам по ПАО Россети за 1, 2, 3 кв. 2024 года
ДЗО
Филиал
Отклонение (объём услуг)
Отклонение (средний тариф)
АО «Тываэнерго» АО "Тываэнерго" 276 -37
АО «Чеченэнерго» АО «Чеченэнерго» -3 339 14
Россети Волга Мордовэнерго -2 825 -86
Оренбургэнерго -11 247 - 162
Пензаэнерго -6 748 -72
Самарские РС -13 058 -1 024
Саратовские РС -13 303 - 443
Ульяновские РС -4 845 - 201
Чувашэнерго -4 186 126
Россети Кубань Кубаньэнерго -53 529 241
Россети Ленэнерго (ГК) Ленинградская область -29 499 598
г. Санкт-Петербург -41 171 -39
Россети Московский регион Московская область 4 566 - 535
г. Москва 2 812 57
Россети Северный Кавказ (ГК) Дагестанская энергосбытовая компания - 111 69
Дагэнерго -6 378 480
Ингушэнерго -1 440 100
Каббалкэнерго -2 677 26
Карачаево-Черкесскэнерго -1 725 -9
Севкавказэнерго -3 016 125
Ставропольэнерго -8 347 - 222
Россети Северо-Запад Архангельский филиал 63 -80
Вологодский филиал 229 -6
Карельский филиал -21 160
Мурманский филиал 102 64
Новгородский филиал 207 -40
Псковский филиал 146 -18
филиал в Республике Коми 10 23
Россети Сибирь (ГК) Алтайэнерго 275 275
Бурятэнерго -95 298
ГАЭС 114 -15
Красноярскэнерго 1 087 - 413
Кузбассэнерго-РЭС 329 205
Омскэнерго 127 - 112
Хакасэнерго 327 - 363
Читаэнерго -44 120
Россети Томск Томская распределительная компания -6 624 - 125
Россети Тюмень Россети Тюмень -65 636 - 459
Россети Урал (ГК) Пермэнерго 594 - 218
Свердловэнерго 805 233
Челябэнерго 973 - 671
Россети ФСК ЕЭС Итого по ФСК ЕЭС -16 312 -8 781
Россети Центр Белгородэнерго 299 111
Брянскэнерго -4 489 32
Воронежэнерго -12 187 182
Костромаэнерго 83 2
Курскэнерго -2 381 132
Липецкэнерго 731 - 322
Орелэнерго -3 553 -22
Смоленскэнерго -6 765 35
Тамбовэнерго -5 262 -4
Тверьэнерго 319 127
Ярэнерго -6 307 31
Россети Центр и Приволжье (ГК) Владимирэнерго 517 49
Ивэнерго 169 40
Калугаэнерго 558 -42
Кировэнерго 403 0
Мариэнерго 144 19
Нижновэнерго 658 231
Рязаньэнерго 259 47
Тулэнерго 733 - 209
Удмуртэнерго 294 3
Россети Юг (ГК) АО «ВМЭС» -3 370 41
Астраханьэнерго -5 158 90
Волгоградэнерго -8 953 - 310
Калмэнерго -1 477 -5
Ростовэнерго -18 198 44
Россети Янтарь Россети Янтарь 305 -28
Отклонения выручки по факторам по выбранным ДЗО, руб
-355 761-355 761
-10 642-10 642
Отклонение (объём услуг)
Отклонение (средний тариф)
ПАО Россети'

08-11-2024T16:02:04 - [MESSAGE][PASSED] - Text of object 'Object Repository/Страница авторизации/Text' is: 'Период
1, 2, 3 кв. 2024 года
ДЗО 
Все
Подписи данных
Итого отклонения по группе компаний: - 366 403 млн.руб.
Филиал
Месяц
Факторный анализ
Всего отклонения по факторам по ПАО Россети за 1, 2, 3 кв. 2024 года
ДЗО
Филиал
Отклонение (объём услуг)
Отклонение (средний тариф)
АО «Тываэнерго» АО "Тываэнерго" 276 -37
АО «Чеченэнерго» АО «Чеченэнерго» -3 339 14
Россети Волга Мордовэнерго -2 825 -86
Оренбургэнерго -11 247 - 162
Пензаэнерго -6 748 -72
Самарские РС -13 058 -1 024
Саратовские РС -13 303 - 443
Ульяновские РС -4 845 - 201
Чувашэнерго -4 186 126
Россети Кубань Кубаньэнерго -53 529 241
Россети Ленэнерго (ГК) Ленинградская область -29 499 598
г. Санкт-Петербург -41 171 -39
Россети Московский регион Московская область 4 566 - 535
г. Москва 2 812 57
Россети Северный Кавказ (ГК) Дагестанская энергосбытовая компания - 111 69
Дагэнерго -6 378 480
Ингушэнерго -1 440 100
Каббалкэнерго -2 677 26
Карачаево-Черкесскэнерго -1 725 -9
Севкавказэнерго -3 016 125
Ставропольэнерго -8 347 - 222
Россети Северо-Запад Архангельский филиал 63 -80
Вологодский филиал 229 -6
Карельский филиал -21 160
Мурманский филиал 102 64
Новгородский филиал 207 -40
Псковский филиал 146 -18
филиал в Республике Коми 10 23
Россети Сибирь (ГК) Алтайэнерго 275 275
Бурятэнерго -95 298
ГАЭС 114 -15
Красноярскэнерго 1 087 - 413
Кузбассэнерго-РЭС 329 205
Омскэнерго 127 - 112
Хакасэнерго 327 - 363
Читаэнерго -44 120
Россети Томск Томская распределительная компания -6 624 - 125
Россети Тюмень Россети Тюмень -65 636 - 459
Россети Урал (ГК) Пермэнерго 594 - 218
Свердловэнерго 805 233
Челябэнерго 973 - 671
Россети ФСК ЕЭС Итого по ФСК ЕЭС -16 312 -8 781
Россети Центр Белгородэнерго 299 111
Брянскэнерго -4 489 32
Воронежэнерго -12 187 182
Костромаэнерго 83 2
Курскэнерго -2 381 132
Липецкэнерго 731 - 322
Орелэнерго -3 553 -22
Смоленскэнерго -6 765 35
Тамбовэнерго -5 262 -4
Тверьэнерго 319 127
Ярэнерго -6 307 31
Россети Центр и Приволжье (ГК) Владимирэнерго 517 49
Ивэнерго 169 40
Калугаэнерго 558 -42
Кировэнерго 403 0
Мариэнерго 144 19
Нижновэнерго 658 231
Рязаньэнерго 259 47
Тулэнерго 733 - 209
Удмуртэнерго 294 3
Россети Юг (ГК) АО «ВМЭС» -3 370 41
Астраханьэнерго -5 158 90
Волгоградэнерго -8 953 - 310
Калмэнерго -1 477 -5
Ростовэнерго -18 198 44
Россети Янтарь Россети Янтарь 305 -28
Отклонения выручки по факторам по выбранным ДЗО, руб
-355 761-355 761
-10 642-10 642
Отклонение (объём услуг)
Отклонение (средний тариф)
ПАО Россети'

08-11-2024T16:02:04 - [TEST_STEP][PASSED] - if (urlText.contains("ошибка") || urlText.contains(searchWord) == false): null

08-11-2024T16:02:04 - [TEST_STEP][PASSED] - click(findTestObject("Факторный анализ/Фильтр Период")): Object: 'Object Repository/Факторный анализ/Фильтр Период' is clicked on

08-11-2024T16:02:05 - [MESSAGE][PASSED] - Object: 'Object Repository/Факторный анализ/Фильтр Период' is clicked on

08-11-2024T16:02:05 - [TEST_STEP][PASSED] - click(findTestObject("Факторный анализ/Снять выделение в фильтре Дата")): Object: 'Object Repository/Факторный анализ/Снять выделение в фильтре Дата' is clicked on

08-11-2024T16:02:05 - [MESSAGE][PASSED] - Object: 'Object Repository/Факторный анализ/Снять выделение в фильтре Дата' is clicked on

08-11-2024T16:02:05 - [TEST_STEP][PASSED] - click(findTestObject("Факторный анализ/Применить в фильтре Дата")): Object: 'Object Repository/Факторный анализ/Применить в фильтре Дата' is clicked on

08-11-2024T16:02:06 - [MESSAGE][PASSED] - Object: 'Object Repository/Факторный анализ/Применить в фильтре Дата' is clicked on

08-11-2024T16:02:06 - [TEST_STEP][PASSED] - click(findTestObject("Факторный анализ/Фильтр Период")): Object: 'Object Repository/Факторный анализ/Фильтр Период' is clicked on

08-11-2024T16:02:09 - [MESSAGE][PASSED] - Object: 'Object Repository/Факторный анализ/Фильтр Период' is clicked on

08-11-2024T16:02:09 - [TEST_STEP][PASSED] - click(findTestObject("Факторный анализ/Снять выделение в фильтре Дата")): Object: 'Object Repository/Факторный анализ/Снять выделение в фильтре Дата' is clicked on

08-11-2024T16:02:09 - [MESSAGE][PASSED] - Object: 'Object Repository/Факторный анализ/Снять выделение в фильтре Дата' is clicked on

08-11-2024T16:02:09 - [TEST_STEP][PASSED] - scrollToElement(findTestObject("Факторный анализ/2024 список"), 30): Scroll to object 'Object Repository/Факторный анализ/2024 список' successfully

08-11-2024T16:02:09 - [MESSAGE][PASSED] - Scroll to object 'Object Repository/Факторный анализ/2024 список' successfully

08-11-2024T16:02:09 - [TEST_STEP][PASSED] - click(findTestObject("Факторный анализ/2024 список")): Object: 'Object Repository/Факторный анализ/2024 список' is clicked on

08-11-2024T16:02:10 - [MESSAGE][PASSED] - Object: 'Object Repository/Факторный анализ/2024 список' is clicked on

08-11-2024T16:02:10 - [TEST_STEP][PASSED] - scrollToElement(findTestObject("Факторный анализ/1 квартал 2024 выбрать"), 30): Scroll to object 'Object Repository/Факторный анализ/1 квартал 2024 выбрать' successfully

08-11-2024T16:02:10 - [MESSAGE][PASSED] - Scroll to object 'Object Repository/Факторный анализ/1 квартал 2024 выбрать' successfully

08-11-2024T16:02:10 - [TEST_STEP][PASSED] - click(findTestObject("Факторный анализ/1 квартал 2024 выбрать")): Object: 'Object Repository/Факторный анализ/1 квартал 2024 выбрать' is clicked on

08-11-2024T16:02:11 - [MESSAGE][PASSED] - Object: 'Object Repository/Факторный анализ/1 квартал 2024 выбрать' is clicked on

08-11-2024T16:02:11 - [TEST_STEP][PASSED] - scrollToElement(findTestObject("Факторный анализ/1 квартал 2024 выбрать"), 30): Scroll to object 'Object Repository/Факторный анализ/1 квартал 2024 выбрать' successfully

08-11-2024T16:02:11 - [MESSAGE][PASSED] - Scroll to object 'Object Repository/Факторный анализ/1 квартал 2024 выбрать' successfully

08-11-2024T16:02:11 - [TEST_STEP][PASSED] - click(findTestObject("Факторный анализ/2 квартал 2024 выбрать"), CONTINUE_ON_FAILURE): Object: 'Object Repository/Факторный анализ/2 квартал 2024 выбрать' is clicked on

08-11-2024T16:02:11 - [MESSAGE][PASSED] - Object: 'Object Repository/Факторный анализ/2 квартал 2024 выбрать' is clicked on

08-11-2024T16:02:11 - [TEST_STEP][PASSED] - scrollToElement(findTestObject("Факторный анализ/3 квартал 2024 список"), 30): Scroll to object 'Object Repository/Факторный анализ/3 квартал 2024 список' successfully

08-11-2024T16:02:12 - [MESSAGE][PASSED] - Scroll to object 'Object Repository/Факторный анализ/3 квартал 2024 список' successfully

08-11-2024T16:02:12 - [TEST_STEP][PASSED] - click(findTestObject("Факторный анализ/3 квартал 2024 выбрать"), CONTINUE_ON_FAILURE): Object: 'Object Repository/Факторный анализ/3 квартал 2024 выбрать' is clicked on

08-11-2024T16:02:12 - [MESSAGE][PASSED] - Object: 'Object Repository/Факторный анализ/3 квартал 2024 выбрать' is clicked on

08-11-2024T16:02:12 - [TEST_STEP][PASSED] - scrollToElement(findTestObject("Факторный анализ/Заголовок дашборда"), 30): Scroll to object 'Object Repository/Факторный анализ/Заголовок дашборда' successfully

08-11-2024T16:02:13 - [MESSAGE][PASSED] - Scroll to object 'Object Repository/Факторный анализ/Заголовок дашборда' successfully

08-11-2024T16:02:13 - [TEST_STEP][PASSED] - click(findTestObject("Факторный анализ/Применить в фильтре Дата")): Object: 'Object Repository/Факторный анализ/Применить в фильтре Дата' is clicked on

08-11-2024T16:02:13 - [MESSAGE][PASSED] - Object: 'Object Repository/Факторный анализ/Применить в фильтре Дата' is clicked on

08-11-2024T16:02:13 - [TEST_STEP][PASSED] - a5 = "": null

08-11-2024T16:02:13 - [TEST_STEP][PASSED] - a6 = "": null

08-11-2024T16:02:13 - [TEST_STEP][PASSED] - a7 = "": null

08-11-2024T16:02:13 - [TEST_STEP][PASSED] - a8 = "": null

08-11-2024T16:02:13 - [TEST_STEP][PASSED] - a9 = "": null

08-11-2024T16:02:13 - [TEST_STEP][PASSED] - if (run == 1): null

08-11-2024T16:02:13 - [TEST_STEP][PASSED] - if (run == 2): null

08-11-2024T16:02:13 - [TEST_STEP][PASSED] - if (run == 3): null

08-11-2024T16:02:13 - [TEST_STEP][PASSED] - user = "Попова": null

08-11-2024T16:02:13 - [TEST_STEP][PASSED] - a1 = getText(findTestObject("Факторный анализ/span1 Блок руководителя")): Text of object 'Object Repository/Факторный анализ/span1 Блок руководителя' is: ''

08-11-2024T16:02:15 - [MESSAGE][PASSED] - Text of object 'Object Repository/Факторный анализ/span1 Блок руководителя' is: ''

08-11-2024T16:02:15 - [TEST_STEP][PASSED] - a2 = getText(findTestObject("Факторный анализ/span2 Блок руководителя")): Text of object 'Object Repository/Факторный анализ/span2 Блок руководителя' is: ''

08-11-2024T16:02:16 - [MESSAGE][PASSED] - Text of object 'Object Repository/Факторный анализ/span2 Блок руководителя' is: ''

08-11-2024T16:02:16 - [TEST_STEP][PASSED] - a3 = getText(findTestObject("Факторный анализ/График Всего отклонения по факторам Блок руководителя")): Text of object 'Object Repository/Факторный анализ/График Всего отклонения по факторам Блок руководителя' is: 'ДЗО
Филиал
Отклонение (объём услуг)
Отклонение (средний тариф)
АО «Тываэнерго» АО "Тываэнерго" 276 -37
АО «Чеченэнерго» АО «Чеченэнерго» -3 339 14
Россети Волга Мордовэнерго -2 825 -86
Оренбургэнерго -11 247 - 162
Пензаэнерго -6 748 -72
Самарские РС -13 058 -1 024
Саратовские РС -13 303 - 443
Ульяновские РС -4 845 - 201
Чувашэнерго -4 186 126
Россети Кубань Кубаньэнерго -53 529 241
Россети Ленэнерго (ГК) Ленинградская область -29 499 598
г. Санкт-Петербург -41 171 -39
Россети Московский регион Московская область 4 566 - 535
г. Москва 2 812 57
Россети Северный Кавказ (ГК) Дагестанская энергосбытовая компания - 111 69
Дагэнерго -6 378 480
Ингушэнерго -1 440 100
Каббалкэнерго -2 677 26
Карачаево-Черкесскэнерго -1 725 -9
Севкавказэнерго -3 016 125
Ставропольэнерго -8 347 - 222
Россети Северо-Запад Архангельский филиал 63 -80
Вологодский филиал 229 -6
Карельский филиал -21 160
Мурманский филиал 102 64
Новгородский филиал 207 -40
Псковский филиал 146 -18
филиал в Республике Коми 10 23
Россети Сибирь (ГК) Алтайэнерго 275 275
Бурятэнерго -95 298
ГАЭС 114 -15
Красноярскэнерго 1 087 - 413
Кузбассэнерго-РЭС 329 205
Омскэнерго 127 - 112
Хакасэнерго 327 - 363
Читаэнерго -44 120
Россети Томск Томская распределительная компания -6 624 - 125
Россети Тюмень Россети Тюмень -65 636 - 459
Россети Урал (ГК) Пермэнерго 594 - 218
Свердловэнерго 805 233
Челябэнерго 973 - 671
Россети ФСК ЕЭС Итого по ФСК ЕЭС -16 312 -8 781
Россети Центр Белгородэнерго 299 111
Брянскэнерго -4 489 32
Воронежэнерго -12 187 182
Костромаэнерго 83 2
Курскэнерго -2 381 132
Липецкэнерго 731 - 322
Орелэнерго -3 553 -22
Смоленскэнерго -6 765 35
Тамбовэнерго -5 262 -4
Тверьэнерго 319 127
Ярэнерго -6 307 31
Россети Центр и Приволжье (ГК) Владимирэнерго 517 49
Ивэнерго 169 40
Калугаэнерго 558 -42
Кировэнерго 403 0
Мариэнерго 144 19
Нижновэнерго 658 231
Рязаньэнерго 259 47
Тулэнерго 733 - 209
Удмуртэнерго 294 3
Россети Юг (ГК) АО «ВМЭС» -3 370 41
Астраханьэнерго -5 158 90
Волгоградэнерго -8 953 - 310
Калмэнерго -1 477 -5
Ростовэнерго -18 198 44
Россети Янтарь Россети Янтарь 305 -28'

08-11-2024T16:02:16 - [MESSAGE][PASSED] - Text of object 'Object Repository/Факторный анализ/График Всего отклонения по факторам Блок руководителя' is: 'ДЗО
Филиал
Отклонение (объём услуг)
Отклонение (средний тариф)
АО «Тываэнерго» АО "Тываэнерго" 276 -37
АО «Чеченэнерго» АО «Чеченэнерго» -3 339 14
Россети Волга Мордовэнерго -2 825 -86
Оренбургэнерго -11 247 - 162
Пензаэнерго -6 748 -72
Самарские РС -13 058 -1 024
Саратовские РС -13 303 - 443
Ульяновские РС -4 845 - 201
Чувашэнерго -4 186 126
Россети Кубань Кубаньэнерго -53 529 241
Россети Ленэнерго (ГК) Ленинградская область -29 499 598
г. Санкт-Петербург -41 171 -39
Россети Московский регион Московская область 4 566 - 535
г. Москва 2 812 57
Россети Северный Кавказ (ГК) Дагестанская энергосбытовая компания - 111 69
Дагэнерго -6 378 480
Ингушэнерго -1 440 100
Каббалкэнерго -2 677 26
Карачаево-Черкесскэнерго -1 725 -9
Севкавказэнерго -3 016 125
Ставропольэнерго -8 347 - 222
Россети Северо-Запад Архангельский филиал 63 -80
Вологодский филиал 229 -6
Карельский филиал -21 160
Мурманский филиал 102 64
Новгородский филиал 207 -40
Псковский филиал 146 -18
филиал в Республике Коми 10 23
Россети Сибирь (ГК) Алтайэнерго 275 275
Бурятэнерго -95 298
ГАЭС 114 -15
Красноярскэнерго 1 087 - 413
Кузбассэнерго-РЭС 329 205
Омскэнерго 127 - 112
Хакасэнерго 327 - 363
Читаэнерго -44 120
Россети Томск Томская распределительная компания -6 624 - 125
Россети Тюмень Россети Тюмень -65 636 - 459
Россети Урал (ГК) Пермэнерго 594 - 218
Свердловэнерго 805 233
Челябэнерго 973 - 671
Россети ФСК ЕЭС Итого по ФСК ЕЭС -16 312 -8 781
Россети Центр Белгородэнерго 299 111
Брянскэнерго -4 489 32
Воронежэнерго -12 187 182
Костромаэнерго 83 2
Курскэнерго -2 381 132
Липецкэнерго 731 - 322
Орелэнерго -3 553 -22
Смоленскэнерго -6 765 35
Тамбовэнерго -5 262 -4
Тверьэнерго 319 127
Ярэнерго -6 307 31
Россети Центр и Приволжье (ГК) Владимирэнерго 517 49
Ивэнерго 169 40
Калугаэнерго 558 -42
Кировэнерго 403 0
Мариэнерго 144 19
Нижновэнерго 658 231
Рязаньэнерго 259 47
Тулэнерго 733 - 209
Удмуртэнерго 294 3
Россети Юг (ГК) АО «ВМЭС» -3 370 41
Астраханьэнерго -5 158 90
Волгоградэнерго -8 953 - 310
Калмэнерго -1 477 -5
Ростовэнерго -18 198 44
Россети Янтарь Россети Янтарь 305 -28'

08-11-2024T16:02:16 - [TEST_STEP][PASSED] - click(findTestObject("Факторный анализ/Переключить отображение с филиала на месяц")): Object: 'Object Repository/Факторный анализ/Переключить отображение с филиала на месяц' is clicked on

08-11-2024T16:02:16 - [MESSAGE][PASSED] - Object: 'Object Repository/Факторный анализ/Переключить отображение с филиала на месяц' is clicked on

08-11-2024T16:02:16 - [TEST_STEP][PASSED] - a4 = getText(findTestObject("Факторный анализ/График Всего отклонения по факторам Блок руководителя")): Text of object 'Object Repository/Факторный анализ/График Всего отклонения по факторам Блок руководителя' is: 'ДЗО
Филиал
Отклонение (объём услуг)
Отклонение (средний тариф)
АО «Тываэнерго» АО "Тываэнерго" 276 -37
АО «Чеченэнерго» АО «Чеченэнерго» -3 339 14
Россети Волга Мордовэнерго -2 825 -86
Оренбургэнерго -11 247 - 162
Пензаэнерго -6 748 -72
Самарские РС -13 058 -1 024
Саратовские РС -13 303 - 443
Ульяновские РС -4 845 - 201
Чувашэнерго -4 186 126
Россети Кубань Кубаньэнерго -53 529 241
Россети Ленэнерго (ГК) Ленинградская область -29 499 598
г. Санкт-Петербург -41 171 -39
Россети Московский регион Московская область 4 566 - 535
г. Москва 2 812 57
Россети Северный Кавказ (ГК) Дагестанская энергосбытовая компания - 111 69
Дагэнерго -6 378 480
Ингушэнерго -1 440 100
Каббалкэнерго -2 677 26
Карачаево-Черкесскэнерго -1 725 -9
Севкавказэнерго -3 016 125
Ставропольэнерго -8 347 - 222
Россети Северо-Запад Архангельский филиал 63 -80
Вологодский филиал 229 -6
Карельский филиал -21 160
Мурманский филиал 102 64
Новгородский филиал 207 -40
Псковский филиал 146 -18
филиал в Республике Коми 10 23
Россети Сибирь (ГК) Алтайэнерго 275 275
Бурятэнерго -95 298
ГАЭС 114 -15
Красноярскэнерго 1 087 - 413
Кузбассэнерго-РЭС 329 205
Омскэнерго 127 - 112
Хакасэнерго 327 - 363
Читаэнерго -44 120
Россети Томск Томская распределительная компания -6 624 - 125
Россети Тюмень Россети Тюмень -65 636 - 459
Россети Урал (ГК) Пермэнерго 594 - 218
Свердловэнерго 805 233
Челябэнерго 973 - 671
Россети ФСК ЕЭС Итого по ФСК ЕЭС -16 312 -8 781
Россети Центр Белгородэнерго 299 111
Брянскэнерго -4 489 32
Воронежэнерго -12 187 182
Костромаэнерго 83 2
Курскэнерго -2 381 132
Липецкэнерго 731 - 322
Орелэнерго -3 553 -22
Смоленскэнерго -6 765 35
Тамбовэнерго -5 262 -4
Тверьэнерго 319 127
Ярэнерго -6 307 31
Россети Центр и Приволжье (ГК) Владимирэнерго 517 49
Ивэнерго 169 40
Калугаэнерго 558 -42
Кировэнерго 403 0
Мариэнерго 144 19
Нижновэнерго 658 231
Рязаньэнерго 259 47
Тулэнерго 733 - 209
Удмуртэнерго 294 3
Россети Юг (ГК) АО «ВМЭС» -3 370 41
Астраханьэнерго -5 158 90
Волгоградэнерго -8 953 - 310
Калмэнерго -1 477 -5
Ростовэнерго -18 198 44
Россети Янтарь Россети Янтарь 305 -28'

08-11-2024T16:02:17 - [MESSAGE][PASSED] - Text of object 'Object Repository/Факторный анализ/График Всего отклонения по факторам Блок руководителя' is: 'ДЗО
Филиал
Отклонение (объём услуг)
Отклонение (средний тариф)
АО «Тываэнерго» АО "Тываэнерго" 276 -37
АО «Чеченэнерго» АО «Чеченэнерго» -3 339 14
Россети Волга Мордовэнерго -2 825 -86
Оренбургэнерго -11 247 - 162
Пензаэнерго -6 748 -72
Самарские РС -13 058 -1 024
Саратовские РС -13 303 - 443
Ульяновские РС -4 845 - 201
Чувашэнерго -4 186 126
Россети Кубань Кубаньэнерго -53 529 241
Россети Ленэнерго (ГК) Ленинградская область -29 499 598
г. Санкт-Петербург -41 171 -39
Россети Московский регион Московская область 4 566 - 535
г. Москва 2 812 57
Россети Северный Кавказ (ГК) Дагестанская энергосбытовая компания - 111 69
Дагэнерго -6 378 480
Ингушэнерго -1 440 100
Каббалкэнерго -2 677 26
Карачаево-Черкесскэнерго -1 725 -9
Севкавказэнерго -3 016 125
Ставропольэнерго -8 347 - 222
Россети Северо-Запад Архангельский филиал 63 -80
Вологодский филиал 229 -6
Карельский филиал -21 160
Мурманский филиал 102 64
Новгородский филиал 207 -40
Псковский филиал 146 -18
филиал в Республике Коми 10 23
Россети Сибирь (ГК) Алтайэнерго 275 275
Бурятэнерго -95 298
ГАЭС 114 -15
Красноярскэнерго 1 087 - 413
Кузбассэнерго-РЭС 329 205
Омскэнерго 127 - 112
Хакасэнерго 327 - 363
Читаэнерго -44 120
Россети Томск Томская распределительная компания -6 624 - 125
Россети Тюмень Россети Тюмень -65 636 - 459
Россети Урал (ГК) Пермэнерго 594 - 218
Свердловэнерго 805 233
Челябэнерго 973 - 671
Россети ФСК ЕЭС Итого по ФСК ЕЭС -16 312 -8 781
Россети Центр Белгородэнерго 299 111
Брянскэнерго -4 489 32
Воронежэнерго -12 187 182
Костромаэнерго 83 2
Курскэнерго -2 381 132
Липецкэнерго 731 - 322
Орелэнерго -3 553 -22
Смоленскэнерго -6 765 35
Тамбовэнерго -5 262 -4
Тверьэнерго 319 127
Ярэнерго -6 307 31
Россети Центр и Приволжье (ГК) Владимирэнерго 517 49
Ивэнерго 169 40
Калугаэнерго 558 -42
Кировэнерго 403 0
Мариэнерго 144 19
Нижновэнерго 658 231
Рязаньэнерго 259 47
Тулэнерго 733 - 209
Удмуртэнерго 294 3
Россети Юг (ГК) АО «ВМЭС» -3 370 41
Астраханьэнерго -5 158 90
Волгоградэнерго -8 953 - 310
Калмэнерго -1 477 -5
Ростовэнерго -18 198 44
Россети Янтарь Россети Янтарь 305 -28'

08-11-2024T16:02:17 - [TEST_STEP][PASSED] - n = n + 26: null

08-11-2024T16:02:17 - [TEST_STEP][PASSED] - b = n - run + 1: null

08-11-2024T16:02:17 - [TEST_STEP][PASSED] - verifyEqual(findTestData("PlanFact").getValue(2, b), a1): Actual object '' and expected object '' are equal

08-11-2024T16:02:17 - [MESSAGE][PASSED] - Actual object '' and expected object '' are equal

08-11-2024T16:02:17 - [TEST_STEP][PASSED] - verifyEqual(findTestData("PlanFact").getValue(3, b), a2): Actual object '' and expected object '' are equal

08-11-2024T16:02:17 - [MESSAGE][PASSED] - Actual object '' and expected object '' are equal

08-11-2024T16:02:17 - [TEST_STEP][PASSED] - verifyEqual(findTestData("PlanFact").getValue(4, b), a3): Actual object 'ДЗО
Филиал
Отклонение (объём услуг)
Отклонение (средний тариф)
АО «Тываэнерго» АО "Тываэнерго" 276 -37
АО «Чеченэнерго» АО «Чеченэнерго» -3 339 14
Россети Волга Мордовэнерго -2 825 -86
Оренбургэнерго -11 247 - 162
Пензаэнерго -6 748 -72
Самарские РС -13 058 -1 024
Саратовские РС -13 303 - 443
Ульяновские РС -4 845 - 201
Чувашэнерго -4 186 126
Россети Кубань Кубаньэнерго -53 529 241
Россети Ленэнерго (ГК) Ленинградская область -29 499 598
г. Санкт-Петербург -41 171 -39
Россети Московский регион Московская область 4 566 - 535
г. Москва 2 812 57
Россети Северный Кавказ (ГК) Дагестанская энергосбытовая компания - 111 69
Дагэнерго -6 378 480
Ингушэнерго -1 440 100
Каббалкэнерго -2 677 26
Карачаево-Черкесскэнерго -1 725 -9
Севкавказэнерго -3 016 125
Ставропольэнерго -8 347 - 222
Россети Северо-Запад Архангельский филиал 63 -80
Вологодский филиал 229 -6
Карельский филиал -21 160
Мурманский филиал 102 64
Новгородский филиал 207 -40
Псковский филиал 146 -18
филиал в Республике Коми 10 23
Россети Сибирь (ГК) Алтайэнерго 275 275
Бурятэнерго -95 298
ГАЭС 114 -15
Красноярскэнерго 1 087 - 413
Кузбассэнерго-РЭС 329 205
Омскэнерго 127 - 112
Хакасэнерго 327 - 363
Читаэнерго -44 120
Россети Томск Томская распределительная компания -6 624 - 125
Россети Тюмень Россети Тюмень -65 636 - 459
Россети Урал (ГК) Пермэнерго 594 - 218
Свердловэнерго 805 233
Челябэнерго 973 - 671
Россети ФСК ЕЭС Итого по ФСК ЕЭС -16 312 -8 781
Россети Центр Белгородэнерго 299 111
Брянскэнерго -4 489 32
Воронежэнерго -12 187 182
Костромаэнерго 83 2
Курскэнерго -2 381 132
Липецкэнерго 731 - 322
Орелэнерго -3 553 -22
Смоленскэнерго -6 765 35
Тамбовэнерго -5 262 -4
Тверьэнерго 319 127
Ярэнерго -6 307 31
Россети Центр и Приволжье (ГК) Владимирэнерго 517 49
Ивэнерго 169 40
Калугаэнерго 558 -42
Кировэнерго 403 0
Мариэнерго 144 19
Нижновэнерго 658 231
Рязаньэнерго 259 47
Тулэнерго 733 - 209
Удмуртэнерго 294 3
Россети Юг (ГК) АО «ВМЭС» -3 370 41
Астраханьэнерго -5 158 90
Волгоградэнерго -8 953 - 310
Калмэнерго -1 477 -5
Ростовэнерго -18 198 44
Россети Янтарь Россети Янтарь 305 -28' and expected object 'ДЗО
Филиал
Отклонение (объём услуг)
Отклонение (средний тариф)
АО «Тываэнерго» АО "Тываэнерго" 276 -37
АО «Чеченэнерго» АО «Чеченэнерго» -3 339 14
Россети Волга Мордовэнерго -2 825 -86
Оренбургэнерго -11 247 - 162
Пензаэнерго -6 748 -72
Самарские РС -13 058 -1 024
Саратовские РС -13 303 - 443
Ульяновские РС -4 845 - 201
Чувашэнерго -4 186 126
Россети Кубань Кубаньэнерго -53 529 241
Россети Ленэнерго (ГК) Ленинградская область -29 499 598
г. Санкт-Петербург -41 171 -39
Россети Московский регион Московская область 4 566 - 535
г. Москва 2 812 57
Россети Северный Кавказ (ГК) Дагестанская энергосбытовая компания - 111 69
Дагэнерго -6 378 480
Ингушэнерго -1 440 100
Каббалкэнерго -2 677 26
Карачаево-Черкесскэнерго -1 725 -9
Севкавказэнерго -3 016 125
Ставропольэнерго -8 347 - 222
Россети Северо-Запад Архангельский филиал 63 -80
Вологодский филиал 229 -6
Карельский филиал -21 160
Мурманский филиал 102 64
Новгородский филиал 207 -40
Псковский филиал 146 -18
филиал в Республике Коми 10 23
Россети Сибирь (ГК) Алтайэнерго 275 275
Бурятэнерго -95 298
ГАЭС 114 -15
Красноярскэнерго 1 087 - 413
Кузбассэнерго-РЭС 329 205
Омскэнерго 127 - 112
Хакасэнерго 327 - 363
Читаэнерго -44 120
Россети Томск Томская распределительная компания -6 624 - 125
Россети Тюмень Россети Тюмень -65 636 - 459
Россети Урал (ГК) Пермэнерго 594 - 218
Свердловэнерго 805 233
Челябэнерго 973 - 671
Россети ФСК ЕЭС Итого по ФСК ЕЭС -16 312 -8 781
Россети Центр Белгородэнерго 299 111
Брянскэнерго -4 489 32
Воронежэнерго -12 187 182
Костромаэнерго 83 2
Курскэнерго -2 381 132
Липецкэнерго 731 - 322
Орелэнерго -3 553 -22
Смоленскэнерго -6 765 35
Тамбовэнерго -5 262 -4
Тверьэнерго 319 127
Ярэнерго -6 307 31
Россети Центр и Приволжье (ГК) Владимирэнерго 517 49
Ивэнерго 169 40
Калугаэнерго 558 -42
Кировэнерго 403 0
Мариэнерго 144 19
Нижновэнерго 658 231
Рязаньэнерго 259 47
Тулэнерго 733 - 209
Удмуртэнерго 294 3
Россети Юг (ГК) АО «ВМЭС» -3 370 41
Астраханьэнерго -5 158 90
Волгоградэнерго -8 953 - 310
Калмэнерго -1 477 -5
Ростовэнерго -18 198 44
Россети Янтарь Россети Янтарь 305 -28' are equal

08-11-2024T16:02:17 - [MESSAGE][PASSED] - Actual object 'ДЗО
Филиал
Отклонение (объём услуг)
Отклонение (средний тариф)
АО «Тываэнерго» АО "Тываэнерго" 276 -37
АО «Чеченэнерго» АО «Чеченэнерго» -3 339 14
Россети Волга Мордовэнерго -2 825 -86
Оренбургэнерго -11 247 - 162
Пензаэнерго -6 748 -72
Самарские РС -13 058 -1 024
Саратовские РС -13 303 - 443
Ульяновские РС -4 845 - 201
Чувашэнерго -4 186 126
Россети Кубань Кубаньэнерго -53 529 241
Россети Ленэнерго (ГК) Ленинградская область -29 499 598
г. Санкт-Петербург -41 171 -39
Россети Московский регион Московская область 4 566 - 535
г. Москва 2 812 57
Россети Северный Кавказ (ГК) Дагестанская энергосбытовая компания - 111 69
Дагэнерго -6 378 480
Ингушэнерго -1 440 100
Каббалкэнерго -2 677 26
Карачаево-Черкесскэнерго -1 725 -9
Севкавказэнерго -3 016 125
Ставропольэнерго -8 347 - 222
Россети Северо-Запад Архангельский филиал 63 -80
Вологодский филиал 229 -6
Карельский филиал -21 160
Мурманский филиал 102 64
Новгородский филиал 207 -40
Псковский филиал 146 -18
филиал в Республике Коми 10 23
Россети Сибирь (ГК) Алтайэнерго 275 275
Бурятэнерго -95 298
ГАЭС 114 -15
Красноярскэнерго 1 087 - 413
Кузбассэнерго-РЭС 329 205
Омскэнерго 127 - 112
Хакасэнерго 327 - 363
Читаэнерго -44 120
Россети Томск Томская распределительная компания -6 624 - 125
Россети Тюмень Россети Тюмень -65 636 - 459
Россети Урал (ГК) Пермэнерго 594 - 218
Свердловэнерго 805 233
Челябэнерго 973 - 671
Россети ФСК ЕЭС Итого по ФСК ЕЭС -16 312 -8 781
Россети Центр Белгородэнерго 299 111
Брянскэнерго -4 489 32
Воронежэнерго -12 187 182
Костромаэнерго 83 2
Курскэнерго -2 381 132
Липецкэнерго 731 - 322
Орелэнерго -3 553 -22
Смоленскэнерго -6 765 35
Тамбовэнерго -5 262 -4
Тверьэнерго 319 127
Ярэнерго -6 307 31
Россети Центр и Приволжье (ГК) Владимирэнерго 517 49
Ивэнерго 169 40
Калугаэнерго 558 -42
Кировэнерго 403 0
Мариэнерго 144 19
Нижновэнерго 658 231
Рязаньэнерго 259 47
Тулэнерго 733 - 209
Удмуртэнерго 294 3
Россети Юг (ГК) АО «ВМЭС» -3 370 41
Астраханьэнерго -5 158 90
Волгоградэнерго -8 953 - 310
Калмэнерго -1 477 -5
Ростовэнерго -18 198 44
Россети Янтарь Россети Янтарь 305 -28' and expected object 'ДЗО
Филиал
Отклонение (объём услуг)
Отклонение (средний тариф)
АО «Тываэнерго» АО "Тываэнерго" 276 -37
АО «Чеченэнерго» АО «Чеченэнерго» -3 339 14
Россети Волга Мордовэнерго -2 825 -86
Оренбургэнерго -11 247 - 162
Пензаэнерго -6 748 -72
Самарские РС -13 058 -1 024
Саратовские РС -13 303 - 443
Ульяновские РС -4 845 - 201
Чувашэнерго -4 186 126
Россети Кубань Кубаньэнерго -53 529 241
Россети Ленэнерго (ГК) Ленинградская область -29 499 598
г. Санкт-Петербург -41 171 -39
Россети Московский регион Московская область 4 566 - 535
г. Москва 2 812 57
Россети Северный Кавказ (ГК) Дагестанская энергосбытовая компания - 111 69
Дагэнерго -6 378 480
Ингушэнерго -1 440 100
Каббалкэнерго -2 677 26
Карачаево-Черкесскэнерго -1 725 -9
Севкавказэнерго -3 016 125
Ставропольэнерго -8 347 - 222
Россети Северо-Запад Архангельский филиал 63 -80
Вологодский филиал 229 -6
Карельский филиал -21 160
Мурманский филиал 102 64
Новгородский филиал 207 -40
Псковский филиал 146 -18
филиал в Республике Коми 10 23
Россети Сибирь (ГК) Алтайэнерго 275 275
Бурятэнерго -95 298
ГАЭС 114 -15
Красноярскэнерго 1 087 - 413
Кузбассэнерго-РЭС 329 205
Омскэнерго 127 - 112
Хакасэнерго 327 - 363
Читаэнерго -44 120
Россети Томск Томская распределительная компания -6 624 - 125
Россети Тюмень Россети Тюмень -65 636 - 459
Россети Урал (ГК) Пермэнерго 594 - 218
Свердловэнерго 805 233
Челябэнерго 973 - 671
Россети ФСК ЕЭС Итого по ФСК ЕЭС -16 312 -8 781
Россети Центр Белгородэнерго 299 111
Брянскэнерго -4 489 32
Воронежэнерго -12 187 182
Костромаэнерго 83 2
Курскэнерго -2 381 132
Липецкэнерго 731 - 322
Орелэнерго -3 553 -22
Смоленскэнерго -6 765 35
Тамбовэнерго -5 262 -4
Тверьэнерго 319 127
Ярэнерго -6 307 31
Россети Центр и Приволжье (ГК) Владимирэнерго 517 49
Ивэнерго 169 40
Калугаэнерго 558 -42
Кировэнерго 403 0
Мариэнерго 144 19
Нижновэнерго 658 231
Рязаньэнерго 259 47
Тулэнерго 733 - 209
Удмуртэнерго 294 3
Россети Юг (ГК) АО «ВМЭС» -3 370 41
Астраханьэнерго -5 158 90
Волгоградэнерго -8 953 - 310
Калмэнерго -1 477 -5
Ростовэнерго -18 198 44
Россети Янтарь Россети Янтарь 305 -28' are equal

08-11-2024T16:02:17 - [TEST_STEP][PASSED] - verifyEqual(findTestData("PlanFact").getValue(5, b), a4): Actual object 'ДЗО
Филиал
Отклонение (объём услуг)
Отклонение (средний тариф)
АО «Тываэнерго» АО "Тываэнерго" 276 -37
АО «Чеченэнерго» АО «Чеченэнерго» -3 339 14
Россети Волга Мордовэнерго -2 825 -86
Оренбургэнерго -11 247 - 162
Пензаэнерго -6 748 -72
Самарские РС -13 058 -1 024
Саратовские РС -13 303 - 443
Ульяновские РС -4 845 - 201
Чувашэнерго -4 186 126
Россети Кубань Кубаньэнерго -53 529 241
Россети Ленэнерго (ГК) Ленинградская область -29 499 598
г. Санкт-Петербург -41 171 -39
Россети Московский регион Московская область 4 566 - 535
г. Москва 2 812 57
Россети Северный Кавказ (ГК) Дагестанская энергосбытовая компания - 111 69
Дагэнерго -6 378 480
Ингушэнерго -1 440 100
Каббалкэнерго -2 677 26
Карачаево-Черкесскэнерго -1 725 -9
Севкавказэнерго -3 016 125
Ставропольэнерго -8 347 - 222
Россети Северо-Запад Архангельский филиал 63 -80
Вологодский филиал 229 -6
Карельский филиал -21 160
Мурманский филиал 102 64
Новгородский филиал 207 -40
Псковский филиал 146 -18
филиал в Республике Коми 10 23
Россети Сибирь (ГК) Алтайэнерго 275 275
Бурятэнерго -95 298
ГАЭС 114 -15
Красноярскэнерго 1 087 - 413
Кузбассэнерго-РЭС 329 205
Омскэнерго 127 - 112
Хакасэнерго 327 - 363
Читаэнерго -44 120
Россети Томск Томская распределительная компания -6 624 - 125
Россети Тюмень Россети Тюмень -65 636 - 459
Россети Урал (ГК) Пермэнерго 594 - 218
Свердловэнерго 805 233
Челябэнерго 973 - 671
Россети ФСК ЕЭС Итого по ФСК ЕЭС -16 312 -8 781
Россети Центр Белгородэнерго 299 111
Брянскэнерго -4 489 32
Воронежэнерго -12 187 182
Костромаэнерго 83 2
Курскэнерго -2 381 132
Липецкэнерго 731 - 322
Орелэнерго -3 553 -22
Смоленскэнерго -6 765 35
Тамбовэнерго -5 262 -4
Тверьэнерго 319 127
Ярэнерго -6 307 31
Россети Центр и Приволжье (ГК) Владимирэнерго 517 49
Ивэнерго 169 40
Калугаэнерго 558 -42
Кировэнерго 403 0
Мариэнерго 144 19
Нижновэнерго 658 231
Рязаньэнерго 259 47
Тулэнерго 733 - 209
Удмуртэнерго 294 3
Россети Юг (ГК) АО «ВМЭС» -3 370 41
Астраханьэнерго -5 158 90
Волгоградэнерго -8 953 - 310
Калмэнерго -1 477 -5
Ростовэнерго -18 198 44
Россети Янтарь Россети Янтарь 305 -28' and expected object 'ДЗО
Филиал
Отклонение (объём услуг)
Отклонение (средний тариф)
АО «Тываэнерго» АО "Тываэнерго" 276 -37
АО «Чеченэнерго» АО «Чеченэнерго» -3 339 14
Россети Волга Мордовэнерго -2 825 -86
Оренбургэнерго -11 247 - 162
Пензаэнерго -6 748 -72
Самарские РС -13 058 -1 024
Саратовские РС -13 303 - 443
Ульяновские РС -4 845 - 201
Чувашэнерго -4 186 126
Россети Кубань Кубаньэнерго -53 529 241
Россети Ленэнерго (ГК) Ленинградская область -29 499 598
г. Санкт-Петербург -41 171 -39
Россети Московский регион Московская область 4 566 - 535
г. Москва 2 812 57
Россети Северный Кавказ (ГК) Дагестанская энергосбытовая компания - 111 69
Дагэнерго -6 378 480
Ингушэнерго -1 440 100
Каббалкэнерго -2 677 26
Карачаево-Черкесскэнерго -1 725 -9
Севкавказэнерго -3 016 125
Ставропольэнерго -8 347 - 222
Россети Северо-Запад Архангельский филиал 63 -80
Вологодский филиал 229 -6
Карельский филиал -21 160
Мурманский филиал 102 64
Новгородский филиал 207 -40
Псковский филиал 146 -18
филиал в Республике Коми 10 23
Россети Сибирь (ГК) Алтайэнерго 275 275
Бурятэнерго -95 298
ГАЭС 114 -15
Красноярскэнерго 1 087 - 413
Кузбассэнерго-РЭС 329 205
Омскэнерго 127 - 112
Хакасэнерго 327 - 363
Читаэнерго -44 120
Россети Томск Томская распределительная компания -6 624 - 125
Россети Тюмень Россети Тюмень -65 636 - 459
Россети Урал (ГК) Пермэнерго 594 - 218
Свердловэнерго 805 233
Челябэнерго 973 - 671
Россети ФСК ЕЭС Итого по ФСК ЕЭС -16 312 -8 781
Россети Центр Белгородэнерго 299 111
Брянскэнерго -4 489 32
Воронежэнерго -12 187 182
Костромаэнерго 83 2
Курскэнерго -2 381 132
Липецкэнерго 731 - 322
Орелэнерго -3 553 -22
Смоленскэнерго -6 765 35
Тамбовэнерго -5 262 -4
Тверьэнерго 319 127
Ярэнерго -6 307 31
Россети Центр и Приволжье (ГК) Владимирэнерго 517 49
Ивэнерго 169 40
Калугаэнерго 558 -42
Кировэнерго 403 0
Мариэнерго 144 19
Нижновэнерго 658 231
Рязаньэнерго 259 47
Тулэнерго 733 - 209
Удмуртэнерго 294 3
Россети Юг (ГК) АО «ВМЭС» -3 370 41
Астраханьэнерго -5 158 90
Волгоградэнерго -8 953 - 310
Калмэнерго -1 477 -5
Ростовэнерго -18 198 44
Россети Янтарь Россети Янтарь 305 -28' are equal

08-11-2024T16:02:17 - [MESSAGE][PASSED] - Actual object 'ДЗО
Филиал
Отклонение (объём услуг)
Отклонение (средний тариф)
АО «Тываэнерго» АО "Тываэнерго" 276 -37
АО «Чеченэнерго» АО «Чеченэнерго» -3 339 14
Россети Волга Мордовэнерго -2 825 -86
Оренбургэнерго -11 247 - 162
Пензаэнерго -6 748 -72
Самарские РС -13 058 -1 024
Саратовские РС -13 303 - 443
Ульяновские РС -4 845 - 201
Чувашэнерго -4 186 126
Россети Кубань Кубаньэнерго -53 529 241
Россети Ленэнерго (ГК) Ленинградская область -29 499 598
г. Санкт-Петербург -41 171 -39
Россети Московский регион Московская область 4 566 - 535
г. Москва 2 812 57
Россети Северный Кавказ (ГК) Дагестанская энергосбытовая компания - 111 69
Дагэнерго -6 378 480
Ингушэнерго -1 440 100
Каббалкэнерго -2 677 26
Карачаево-Черкесскэнерго -1 725 -9
Севкавказэнерго -3 016 125
Ставропольэнерго -8 347 - 222
Россети Северо-Запад Архангельский филиал 63 -80
Вологодский филиал 229 -6
Карельский филиал -21 160
Мурманский филиал 102 64
Новгородский филиал 207 -40
Псковский филиал 146 -18
филиал в Республике Коми 10 23
Россети Сибирь (ГК) Алтайэнерго 275 275
Бурятэнерго -95 298
ГАЭС 114 -15
Красноярскэнерго 1 087 - 413
Кузбассэнерго-РЭС 329 205
Омскэнерго 127 - 112
Хакасэнерго 327 - 363
Читаэнерго -44 120
Россети Томск Томская распределительная компания -6 624 - 125
Россети Тюмень Россети Тюмень -65 636 - 459
Россети Урал (ГК) Пермэнерго 594 - 218
Свердловэнерго 805 233
Челябэнерго 973 - 671
Россети ФСК ЕЭС Итого по ФСК ЕЭС -16 312 -8 781
Россети Центр Белгородэнерго 299 111
Брянскэнерго -4 489 32
Воронежэнерго -12 187 182
Костромаэнерго 83 2
Курскэнерго -2 381 132
Липецкэнерго 731 - 322
Орелэнерго -3 553 -22
Смоленскэнерго -6 765 35
Тамбовэнерго -5 262 -4
Тверьэнерго 319 127
Ярэнерго -6 307 31
Россети Центр и Приволжье (ГК) Владимирэнерго 517 49
Ивэнерго 169 40
Калугаэнерго 558 -42
Кировэнерго 403 0
Мариэнерго 144 19
Нижновэнерго 658 231
Рязаньэнерго 259 47
Тулэнерго 733 - 209
Удмуртэнерго 294 3
Россети Юг (ГК) АО «ВМЭС» -3 370 41
Астраханьэнерго -5 158 90
Волгоградэнерго -8 953 - 310
Калмэнерго -1 477 -5
Ростовэнерго -18 198 44
Россети Янтарь Россети Янтарь 305 -28' and expected object 'ДЗО
Филиал
Отклонение (объём услуг)
Отклонение (средний тариф)
АО «Тываэнерго» АО "Тываэнерго" 276 -37
АО «Чеченэнерго» АО «Чеченэнерго» -3 339 14
Россети Волга Мордовэнерго -2 825 -86
Оренбургэнерго -11 247 - 162
Пензаэнерго -6 748 -72
Самарские РС -13 058 -1 024
Саратовские РС -13 303 - 443
Ульяновские РС -4 845 - 201
Чувашэнерго -4 186 126
Россети Кубань Кубаньэнерго -53 529 241
Россети Ленэнерго (ГК) Ленинградская область -29 499 598
г. Санкт-Петербург -41 171 -39
Россети Московский регион Московская область 4 566 - 535
г. Москва 2 812 57
Россети Северный Кавказ (ГК) Дагестанская энергосбытовая компания - 111 69
Дагэнерго -6 378 480
Ингушэнерго -1 440 100
Каббалкэнерго -2 677 26
Карачаево-Черкесскэнерго -1 725 -9
Севкавказэнерго -3 016 125
Ставропольэнерго -8 347 - 222
Россети Северо-Запад Архангельский филиал 63 -80
Вологодский филиал 229 -6
Карельский филиал -21 160
Мурманский филиал 102 64
Новгородский филиал 207 -40
Псковский филиал 146 -18
филиал в Республике Коми 10 23
Россети Сибирь (ГК) Алтайэнерго 275 275
Бурятэнерго -95 298
ГАЭС 114 -15
Красноярскэнерго 1 087 - 413
Кузбассэнерго-РЭС 329 205
Омскэнерго 127 - 112
Хакасэнерго 327 - 363
Читаэнерго -44 120
Россети Томск Томская распределительная компания -6 624 - 125
Россети Тюмень Россети Тюмень -65 636 - 459
Россети Урал (ГК) Пермэнерго 594 - 218
Свердловэнерго 805 233
Челябэнерго 973 - 671
Россети ФСК ЕЭС Итого по ФСК ЕЭС -16 312 -8 781
Россети Центр Белгородэнерго 299 111
Брянскэнерго -4 489 32
Воронежэнерго -12 187 182
Костромаэнерго 83 2
Курскэнерго -2 381 132
Липецкэнерго 731 - 322
Орелэнерго -3 553 -22
Смоленскэнерго -6 765 35
Тамбовэнерго -5 262 -4
Тверьэнерго 319 127
Ярэнерго -6 307 31
Россети Центр и Приволжье (ГК) Владимирэнерго 517 49
Ивэнерго 169 40
Калугаэнерго 558 -42
Кировэнерго 403 0
Мариэнерго 144 19
Нижновэнерго 658 231
Рязаньэнерго 259 47
Тулэнерго 733 - 209
Удмуртэнерго 294 3
Россети Юг (ГК) АО «ВМЭС» -3 370 41
Астраханьэнерго -5 158 90
Волгоградэнерго -8 953 - 310
Калмэнерго -1 477 -5
Ростовэнерго -18 198 44
Россети Янтарь Россети Янтарь 305 -28' are equal

08-11-2024T16:02:17 - [TEST_STEP][PASSED] - Script1686231490255.WriteToExcel(user, dashboardName, n, data, run, a1, a2, a3, a4, a5, a6, a7, a8, a9): null

08-11-2024T16:02:17 - [TEST_STEP][PASSED] - sheetName = "Sheet1": null

08-11-2024T16:02:17 - [TEST_STEP][PASSED] - workbook01 = getWorkbook(excelFilePath): null

08-11-2024T16:02:17 - [TEST_STEP][PASSED] - sheet01 = getExcelSheet(workbook01, sheetName): null

08-11-2024T16:02:17 - [TEST_STEP][PASSED] - setValueToCellByIndex(sheet01, n, 0, dashboardName): null

08-11-2024T16:02:17 - [TEST_STEP][PASSED] - setValueToCellByIndex(sheet01, n, 10, user): null

08-11-2024T16:02:17 - [TEST_STEP][PASSED] - setValueToCellByIndex(sheet01, n, 1, a1): null

08-11-2024T16:02:17 - [TEST_STEP][PASSED] - setValueToCellByIndex(sheet01, n, 2, a2): null

08-11-2024T16:02:17 - [TEST_STEP][PASSED] - setValueToCellByIndex(sheet01, n, 3, a3): null

08-11-2024T16:02:17 - [TEST_STEP][PASSED] - setValueToCellByIndex(sheet01, n, 4, a4): null

08-11-2024T16:02:17 - [TEST_STEP][PASSED] - setValueToCellByIndex(sheet01, n, 5, a5): null

08-11-2024T16:02:17 - [TEST_STEP][PASSED] - setValueToCellByIndex(sheet01, n, 6, a6): null

08-11-2024T16:02:17 - [TEST_STEP][PASSED] - setValueToCellByIndex(sheet01, n, 7, a7): null

08-11-2024T16:02:17 - [TEST_STEP][PASSED] - setValueToCellByIndex(sheet01, n, 8, a8): null

08-11-2024T16:02:17 - [TEST_STEP][PASSED] - setValueToCellByIndex(sheet01, n, 9, a9): null

08-11-2024T16:02:17 - [TEST_STEP][PASSED] - n = n + 1: null

08-11-2024T16:02:17 - [TEST_STEP][PASSED] - saveWorkbook(excelFilePath, workbook01): null

08-11-2024T16:02:17 - [TEST_STEP][PASSED] - closeBrowser(): Browser is closed

08-11-2024T16:02:17 - [MESSAGE][PASSED] - Browser is closed

08-11-2024T16:02:17 - [TEST_STEP][PASSED] - delay(65): Delayed 65 second(s)

08-11-2024T16:03:22 - [MESSAGE][PASSED] - Delayed 65 second(s)

08-11-2024T16:03:23 - [TEST_STEP][PASSED] - for ([run = 1, run < 4, (run++)]): null

08-11-2024T16:03:23 - [TEST_STEP][PASSED] - ViruchkaPoDZO(user, dashboardName, n, data, run, a1, a2, a3, a4, a5, a6, a7, a8, a9, urlData): null

08-11-2024T16:03:23 - [TEST_STEP][PASSED] - n = data.getRowNumbers() + 1: null

08-11-2024T16:03:23 - [TEST_STEP][PASSED] - println(n): null

08-11-2024T16:03:23 - [TEST_STEP][PASSED] - dashboardName = "Выручка по ДЗО": null

08-11-2024T16:03:23 - [TEST_STEP][PASSED] - openBrowser(""): Browser is opened with url: ''

08-11-2024T16:03:23 - [MESSAGE][INFO] - Starting 'Chrome' driver

08-11-2024T16:03:23 - [MESSAGE][INFO] - Action delay is set to 0 milliseconds

08-11-2024T16:03:23 - [MESSAGE][PASSED] - Browser is opened with url: ''

08-11-2024T16:03:23 - [TEST_STEP][PASSED] - urlData = 5: null

08-11-2024T16:03:23 - [TEST_STEP][PASSED] - Script1686231490255.CheckPageDownload(urlData, run): null

08-11-2024T16:03:23 - [TEST_STEP][PASSED] - i = 1: null

08-11-2024T16:03:23 - [TEST_STEP][PASSED] - ii = 0: null

08-11-2024T16:03:23 - [TEST_STEP][PASSED] - urlText = <not implemented yet for class: org.codehaus.groovy.ast.expr.EmptyExpression>: null

08-11-2024T16:03:23 - [TEST_STEP][PASSED] - searchWord = <not implemented yet for class: org.codehaus.groovy.ast.expr.EmptyExpression>: null

08-11-2024T16:03:23 - [TEST_STEP][PASSED] - deleteAllCookies(): Delete all cookies successfully

08-11-2024T16:03:23 - [MESSAGE][PASSED] - Delete all cookies successfully

08-11-2024T16:03:23 - [TEST_STEP][PASSED] - refresh(): Refresh successfully

08-11-2024T16:03:23 - [MESSAGE][PASSED] - Refresh successfully

08-11-2024T16:03:23 - [TEST_STEP][PASSED] - delay(65): Delayed 65 second(s)

08-11-2024T16:04:28 - [MESSAGE][PASSED] - Delayed 65 second(s)

08-11-2024T16:04:28 - [TEST_STEP][PASSED] - navigateToUrl(findTestData("PlanFact").getValue(10, urlData)): Navigate to 'https://bi.rosseti.digital/viewer?dashboardGuid=2301950b23be4ed89c1df75f2020051e&sheetGuid=31530aa0b6664c09b016b7f2ab9d853e&fit=true' successfully

08-11-2024T16:04:33 - [MESSAGE][PASSED] - Navigate to 'https://bi.rosseti.digital/viewer?dashboardGuid=2301950b23be4ed89c1df75f2020051e&sheetGuid=31530aa0b6664c09b016b7f2ab9d853e&fit=true' successfully

08-11-2024T16:04:33 - [TEST_STEP][PASSED] - pageLoaded1 = verifyElementPresent(findTestObject("Страница авторизации/Text"), 30): Object 'Object Repository/Страница авторизации/Text' is present

08-11-2024T16:04:37 - [MESSAGE][PASSED] - Object 'Object Repository/Страница авторизации/Text' is present

08-11-2024T16:04:37 - [TEST_STEP][PASSED] - if (pageLoaded1 == false): null

08-11-2024T16:04:37 - [TEST_STEP][PASSED] - urlText = getText(findTestObject("Страница авторизации/Text")): Text of object 'Object Repository/Страница авторизации/Text' is: 'Вход'

08-11-2024T16:04:38 - [MESSAGE][PASSED] - Text of object 'Object Repository/Страница авторизации/Text' is: 'Вход'

08-11-2024T16:04:38 - [TEST_STEP][PASSED] - delay(65): Delayed 65 second(s)

08-11-2024T16:05:43 - [MESSAGE][PASSED] - Delayed 65 second(s)

08-11-2024T16:05:43 - [TEST_STEP][PASSED] - searchWord = "Вход": null

08-11-2024T16:05:43 - [TEST_STEP][PASSED] - if (urlText.contains(searchWord) == false): null

08-11-2024T16:05:43 - [TEST_STEP][PASSED] - setText(findTestObject("Страница авторизации/input__username"), findTestData("PlanFact").getValue(8, run)): Text 'liazgina-di' is set on object 'Object Repository/Страница авторизации/input__username'

08-11-2024T16:05:43 - [MESSAGE][PASSED] - Text 'liazgina-di' is set on object 'Object Repository/Страница авторизации/input__username'

08-11-2024T16:05:43 - [TEST_STEP][PASSED] - setText(findTestObject("Страница авторизации/input__password"), findTestData("PlanFact").getValue(9, run)): Text ')$%5srZ8o688Dm#q' is set on object 'Object Repository/Страница авторизации/input__password'

08-11-2024T16:05:44 - [MESSAGE][PASSED] - Text ')$%5srZ8o688Dm#q' is set on object 'Object Repository/Страница авторизации/input__password'

08-11-2024T16:05:44 - [TEST_STEP][PASSED] - click(findTestObject("Страница авторизации/button_")): Object: 'Object Repository/Страница авторизации/button_' is clicked on

08-11-2024T16:05:49 - [MESSAGE][PASSED] - Object: 'Object Repository/Страница авторизации/button_' is clicked on

08-11-2024T16:05:49 - [TEST_STEP][PASSED] - delay(65): Delayed 65 second(s)

08-11-2024T16:06:54 - [MESSAGE][PASSED] - Delayed 65 second(s)

08-11-2024T16:06:54 - [TEST_STEP][PASSED] - searchWord = "а": null

08-11-2024T16:06:54 - [TEST_STEP][PASSED] - pageLoaded2 = verifyElementPresent(findTestObject("Страница авторизации/Text"), 50): Object 'Object Repository/Страница авторизации/Text' is present

08-11-2024T16:06:54 - [MESSAGE][PASSED] - Object 'Object Repository/Страница авторизации/Text' is present

08-11-2024T16:06:54 - [TEST_STEP][PASSED] - if (pageLoaded2 == false): null

08-11-2024T16:06:54 - [TEST_STEP][PASSED] - urlText = getText(findTestObject("Страница авторизации/Text")): Text of object 'Object Repository/Страница авторизации/Text' is: 'Период
1, 2, 3 кв. 2024 года
Выручка
Все
ДЗО 
Все
Выручка по ДЗО
Выполнение плановых показателей по ПАО Россети за 1, 2, 3 кв. 2024 года
1 376 1 376
3 393 3 393
58 100 58 100
56 758 56 758
73 967 73 967
152 892 152 892
23 234 23 234
38 849 38 849
50 960 50 960
6 962 6 962
61 784 61 784
76 788 76 788
230 075 230 075
84 937 84 937
91 081 91 081
38 611 38 611
7 049 7 049
1 615 1 615
3 461 3 461
58 125 58 125
60 228 60 228
77 822 77 822
159 792 159 792
24 054 24 054
39 689 39 689
53 076 53 076
7 175 7 175
57 472 57 472
78 503 78 503
204 982 204 982
88 347 88 347
94 954 94 954
39 927 39 927
7 326 7 326
План
Факт
АО «Тываэнерго»
АО «Чеченэнерго»
Россети Волга
Россети Кубань
Россети Ленэнерго (ГК)
Россети Московский регион
Россети Северный Кавказ (ГК)
Россети Северо-Запад
Россети Сибирь (ГК)
Россети Томск
Россети Тюмень
Россети Урал (ГК)
Россети ФСК ЕЭС
Россети Центр
Россети Центр и Приволжье (ГК)
Россети Юг (ГК)
Россети Янтарь
0 млн. руб.
25 000 млн. руб.
50 000 млн. руб.
75 000 млн. руб.
100 000 млн. руб.
125 000 млн. руб.
150 000 млн. руб.
175 000 млн. руб.
200 000 млн. руб.
225 000 млн. руб.
250 000 млн. руб.
Выполнение плановых показателей по ПАО Россети за 1, 2, 3 кв. 2024 года
0,15%0,15%
0,33%0,33%
5,5%5,5%
5,7%5,7%
7,37%7,37%
15,12%15,12%
2,28%2,28%
3,76%3,76%
5,02%5,02%
0,68%0,68%
5,44%5,44%
7,43%7,43%
19,4%19,4%
8,36%8,36%
8,99%8,99%
3,78%3,78%
0,69%0,69%
АО «Тываэнерго»
АО «Чеченэнерго»
Россети Волга
Россети Кубань
Россети Ленэнерго (ГК)
Россети Московский регион
Россети Северный Кавказ (ГК)
Россети Северо-Запад
Россети Сибирь (ГК)
Россети Томск
Россети Тюмень
Россети Урал (ГК)
Россети ФСК ЕЭС
Россети Центр
Россети Центр и Приволжье (ГК)
Россети Юг (ГК)
Россети Янтарь'

08-11-2024T16:06:55 - [MESSAGE][PASSED] - Text of object 'Object Repository/Страница авторизации/Text' is: 'Период
1, 2, 3 кв. 2024 года
Выручка
Все
ДЗО 
Все
Выручка по ДЗО
Выполнение плановых показателей по ПАО Россети за 1, 2, 3 кв. 2024 года
1 376 1 376
3 393 3 393
58 100 58 100
56 758 56 758
73 967 73 967
152 892 152 892
23 234 23 234
38 849 38 849
50 960 50 960
6 962 6 962
61 784 61 784
76 788 76 788
230 075 230 075
84 937 84 937
91 081 91 081
38 611 38 611
7 049 7 049
1 615 1 615
3 461 3 461
58 125 58 125
60 228 60 228
77 822 77 822
159 792 159 792
24 054 24 054
39 689 39 689
53 076 53 076
7 175 7 175
57 472 57 472
78 503 78 503
204 982 204 982
88 347 88 347
94 954 94 954
39 927 39 927
7 326 7 326
План
Факт
АО «Тываэнерго»
АО «Чеченэнерго»
Россети Волга
Россети Кубань
Россети Ленэнерго (ГК)
Россети Московский регион
Россети Северный Кавказ (ГК)
Россети Северо-Запад
Россети Сибирь (ГК)
Россети Томск
Россети Тюмень
Россети Урал (ГК)
Россети ФСК ЕЭС
Россети Центр
Россети Центр и Приволжье (ГК)
Россети Юг (ГК)
Россети Янтарь
0 млн. руб.
25 000 млн. руб.
50 000 млн. руб.
75 000 млн. руб.
100 000 млн. руб.
125 000 млн. руб.
150 000 млн. руб.
175 000 млн. руб.
200 000 млн. руб.
225 000 млн. руб.
250 000 млн. руб.
Выполнение плановых показателей по ПАО Россети за 1, 2, 3 кв. 2024 года
0,15%0,15%
0,33%0,33%
5,5%5,5%
5,7%5,7%
7,37%7,37%
15,12%15,12%
2,28%2,28%
3,76%3,76%
5,02%5,02%
0,68%0,68%
5,44%5,44%
7,43%7,43%
19,4%19,4%
8,36%8,36%
8,99%8,99%
3,78%3,78%
0,69%0,69%
АО «Тываэнерго»
АО «Чеченэнерго»
Россети Волга
Россети Кубань
Россети Ленэнерго (ГК)
Россети Московский регион
Россети Северный Кавказ (ГК)
Россети Северо-Запад
Россети Сибирь (ГК)
Россети Томск
Россети Тюмень
Россети Урал (ГК)
Россети ФСК ЕЭС
Россети Центр
Россети Центр и Приволжье (ГК)
Россети Юг (ГК)
Россети Янтарь'

08-11-2024T16:06:55 - [TEST_STEP][PASSED] - if (urlText.contains("ошибка") || urlText.contains(searchWord) == false): null

08-11-2024T16:06:55 - [TEST_STEP][PASSED] - click(findTestObject("Выручка по ДЗО/Фильтр Дата")): Object: 'Object Repository/Выручка по ДЗО/Фильтр Дата' is clicked on

08-11-2024T16:06:56 - [MESSAGE][PASSED] - Object: 'Object Repository/Выручка по ДЗО/Фильтр Дата' is clicked on

08-11-2024T16:06:56 - [TEST_STEP][PASSED] - click(findTestObject("Выручка по ДЗО/Снять выделение в фильтре Дата")): Object: 'Object Repository/Выручка по ДЗО/Снять выделение в фильтре Дата' is clicked on

08-11-2024T16:06:56 - [MESSAGE][PASSED] - Object: 'Object Repository/Выручка по ДЗО/Снять выделение в фильтре Дата' is clicked on

08-11-2024T16:06:56 - [TEST_STEP][PASSED] - click(findTestObject("Выручка по ДЗО/Применить в фильтре Дата")): Object: 'Object Repository/Выручка по ДЗО/Применить в фильтре Дата' is clicked on

08-11-2024T16:06:57 - [MESSAGE][PASSED] - Object: 'Object Repository/Выручка по ДЗО/Применить в фильтре Дата' is clicked on

08-11-2024T16:06:57 - [TEST_STEP][PASSED] - click(findTestObject("Выручка по ДЗО/Фильтр Дата")): Object: 'Object Repository/Выручка по ДЗО/Фильтр Дата' is clicked on

08-11-2024T16:06:58 - [MESSAGE][PASSED] - Object: 'Object Repository/Выручка по ДЗО/Фильтр Дата' is clicked on

08-11-2024T16:06:58 - [TEST_STEP][PASSED] - click(findTestObject("Выручка по ДЗО/Снять выделение в фильтре Дата")): Object: 'Object Repository/Выручка по ДЗО/Снять выделение в фильтре Дата' is clicked on

08-11-2024T16:06:59 - [MESSAGE][PASSED] - Object: 'Object Repository/Выручка по ДЗО/Снять выделение в фильтре Дата' is clicked on

08-11-2024T16:06:59 - [TEST_STEP][PASSED] - scrollToElement(findTestObject("Выручка по ДЗО/2024 список"), 30): Scroll to object 'Object Repository/Выручка по ДЗО/2024 список' successfully

08-11-2024T16:06:59 - [MESSAGE][PASSED] - Scroll to object 'Object Repository/Выручка по ДЗО/2024 список' successfully

08-11-2024T16:06:59 - [TEST_STEP][PASSED] - click(findTestObject("Выручка по ДЗО/2024 список")): Object: 'Object Repository/Выручка по ДЗО/2024 список' is clicked on

08-11-2024T16:07:00 - [MESSAGE][PASSED] - Object: 'Object Repository/Выручка по ДЗО/2024 список' is clicked on

08-11-2024T16:07:00 - [TEST_STEP][PASSED] - scrollToElement(findTestObject("Выручка по ДЗО/1 квартал 2024 выбрать"), 30): Scroll to object 'Object Repository/Выручка по ДЗО/1 квартал 2024 выбрать' successfully

08-11-2024T16:07:00 - [MESSAGE][PASSED] - Scroll to object 'Object Repository/Выручка по ДЗО/1 квартал 2024 выбрать' successfully

08-11-2024T16:07:00 - [TEST_STEP][PASSED] - click(findTestObject("Выручка по ДЗО/1 квартал 2024 выбрать")): Object: 'Object Repository/Выручка по ДЗО/1 квартал 2024 выбрать' is clicked on

08-11-2024T16:07:00 - [MESSAGE][PASSED] - Object: 'Object Repository/Выручка по ДЗО/1 квартал 2024 выбрать' is clicked on

08-11-2024T16:07:00 - [TEST_STEP][PASSED] - scrollToElement(findTestObject("Выручка по ДЗО/2 квартал 2024 выбрать"), 30): Scroll to object 'Object Repository/Выручка по ДЗО/2 квартал 2024 выбрать' successfully

08-11-2024T16:07:01 - [MESSAGE][PASSED] - Scroll to object 'Object Repository/Выручка по ДЗО/2 квартал 2024 выбрать' successfully

08-11-2024T16:07:01 - [TEST_STEP][PASSED] - click(findTestObject("Выручка по ДЗО/2 квартал 2024 выбрать"), CONTINUE_ON_FAILURE): Object: 'Object Repository/Выручка по ДЗО/2 квартал 2024 выбрать' is clicked on

08-11-2024T16:07:01 - [MESSAGE][PASSED] - Object: 'Object Repository/Выручка по ДЗО/2 квартал 2024 выбрать' is clicked on

08-11-2024T16:07:01 - [TEST_STEP][PASSED] - scrollToElement(findTestObject("Выручка по ДЗО/3 квартал 2024 список"), 30): Scroll to object 'Object Repository/Выручка по ДЗО/3 квартал 2024 список' successfully

08-11-2024T16:07:02 - [MESSAGE][PASSED] - Scroll to object 'Object Repository/Выручка по ДЗО/3 квартал 2024 список' successfully

08-11-2024T16:07:02 - [TEST_STEP][PASSED] - click(findTestObject("Выручка по ДЗО/3 квартал 2024 выбрать"), CONTINUE_ON_FAILURE): Object: 'Object Repository/Выручка по ДЗО/3 квартал 2024 выбрать' is clicked on

08-11-2024T16:07:02 - [MESSAGE][PASSED] - Object: 'Object Repository/Выручка по ДЗО/3 квартал 2024 выбрать' is clicked on

08-11-2024T16:07:02 - [TEST_STEP][PASSED] - scrollToElement(findTestObject("Выручка по ДЗО/Заголовок дашборда"), 30): Scroll to object 'Object Repository/Выручка по ДЗО/Заголовок дашборда' successfully

08-11-2024T16:07:02 - [MESSAGE][PASSED] - Scroll to object 'Object Repository/Выручка по ДЗО/Заголовок дашборда' successfully

08-11-2024T16:07:02 - [TEST_STEP][PASSED] - click(findTestObject("Выручка по ДЗО/Применить в фильтре Дата")): Object: 'Object Repository/Выручка по ДЗО/Применить в фильтре Дата' is clicked on

08-11-2024T16:07:03 - [MESSAGE][PASSED] - Object: 'Object Repository/Выручка по ДЗО/Применить в фильтре Дата' is clicked on

08-11-2024T16:07:03 - [TEST_STEP][PASSED] - a3 = "": null

08-11-2024T16:07:03 - [TEST_STEP][PASSED] - a4 = "": null

08-11-2024T16:07:03 - [TEST_STEP][PASSED] - a5 = "": null

08-11-2024T16:07:03 - [TEST_STEP][PASSED] - a6 = "": null

08-11-2024T16:07:03 - [TEST_STEP][PASSED] - a7 = "": null

08-11-2024T16:07:03 - [TEST_STEP][PASSED] - a8 = "": null

08-11-2024T16:07:03 - [TEST_STEP][PASSED] - a9 = "": null

08-11-2024T16:07:03 - [TEST_STEP][PASSED] - if (run == 1): null

08-11-2024T16:07:03 - [TEST_STEP][PASSED] - user = "админ": null

08-11-2024T16:07:03 - [TEST_STEP][PASSED] - a1 = getText(findTestObject("Выручка по ДЗО/График1 Выполнение плановых показателей Блок руководителя")): Text of object 'Object Repository/Выручка по ДЗО/График1 Выполнение плановых показателей Блок руководителя' is: '1 376 1 376
3 393 3 393
58 100 58 100
56 758 56 758
73 967 73 967
152 892 152 892
23 234 23 234
38 849 38 849
50 960 50 960
6 962 6 962
61 784 61 784
76 788 76 788
230 075 230 075
84 937 84 937
91 081 91 081
38 611 38 611
7 049 7 049
1 615 1 615
3 461 3 461
58 125 58 125
60 228 60 228
77 822 77 822
159 792 159 792
24 054 24 054
39 689 39 689
53 076 53 076
7 175 7 175
57 472 57 472
78 503 78 503
204 982 204 982
88 347 88 347
94 954 94 954
39 927 39 927
7 326 7 326
План
Факт
АО «Тываэнерго»
АО «Чеченэнерго»
Россети Волга
Россети Кубань
Россети Ленэнерго (ГК)
Россети Московский регион
Россети Северный Кавказ (ГК)
Россети Северо-Запад
Россети Сибирь (ГК)
Россети Томск
Россети Тюмень
Россети Урал (ГК)
Россети ФСК ЕЭС
Россети Центр
Россети Центр и Приволжье (ГК)
Россети Юг (ГК)
Россети Янтарь
0 млн. руб.
25 000 млн. руб.
50 000 млн. руб.
75 000 млн. руб.
100 000 млн. руб.
125 000 млн. руб.
150 000 млн. руб.
175 000 млн. руб.
200 000 млн. руб.
225 000 млн. руб.
250 000 млн. руб.'

08-11-2024T16:07:04 - [MESSAGE][PASSED] - Text of object 'Object Repository/Выручка по ДЗО/График1 Выполнение плановых показателей Блок руководителя' is: '1 376 1 376
3 393 3 393
58 100 58 100
56 758 56 758
73 967 73 967
152 892 152 892
23 234 23 234
38 849 38 849
50 960 50 960
6 962 6 962
61 784 61 784
76 788 76 788
230 075 230 075
84 937 84 937
91 081 91 081
38 611 38 611
7 049 7 049
1 615 1 615
3 461 3 461
58 125 58 125
60 228 60 228
77 822 77 822
159 792 159 792
24 054 24 054
39 689 39 689
53 076 53 076
7 175 7 175
57 472 57 472
78 503 78 503
204 982 204 982
88 347 88 347
94 954 94 954
39 927 39 927
7 326 7 326
План
Факт
АО «Тываэнерго»
АО «Чеченэнерго»
Россети Волга
Россети Кубань
Россети Ленэнерго (ГК)
Россети Московский регион
Россети Северный Кавказ (ГК)
Россети Северо-Запад
Россети Сибирь (ГК)
Россети Томск
Россети Тюмень
Россети Урал (ГК)
Россети ФСК ЕЭС
Россети Центр
Россети Центр и Приволжье (ГК)
Россети Юг (ГК)
Россети Янтарь
0 млн. руб.
25 000 млн. руб.
50 000 млн. руб.
75 000 млн. руб.
100 000 млн. руб.
125 000 млн. руб.
150 000 млн. руб.
175 000 млн. руб.
200 000 млн. руб.
225 000 млн. руб.
250 000 млн. руб.'

08-11-2024T16:07:04 - [TEST_STEP][PASSED] - a2 = getText(findTestObject("Выручка по ДЗО/График2 Выполнение плановых показателей Блок руководителя")): Text of object 'Object Repository/Выручка по ДЗО/График2 Выполнение плановых показателей Блок руководителя' is: '0,15%0,15%
0,33%0,33%
5,5%5,5%
5,7%5,7%
7,37%7,37%
15,12%15,12%
2,28%2,28%
3,76%3,76%
5,02%5,02%
0,68%0,68%
5,44%5,44%
7,43%7,43%
19,4%19,4%
8,36%8,36%
8,99%8,99%
3,78%3,78%
0,69%0,69%
АО «Тываэнерго»
АО «Чеченэнерго»
Россети Волга
Россети Кубань
Россети Ленэнерго (ГК)
Россети Московский регион
Россети Северный Кавказ (ГК)
Россети Северо-Запад
Россети Сибирь (ГК)
Россети Томск
Россети Тюмень
Россети Урал (ГК)
Россети ФСК ЕЭС
Россети Центр
Россети Центр и Приволжье (ГК)
Россети Юг (ГК)
Россети Янтарь
Россети Центр и Приволжье (ГК): 94 954 028,58'

08-11-2024T16:07:05 - [MESSAGE][PASSED] - Text of object 'Object Repository/Выручка по ДЗО/График2 Выполнение плановых показателей Блок руководителя' is: '0,15%0,15%
0,33%0,33%
5,5%5,5%
5,7%5,7%
7,37%7,37%
15,12%15,12%
2,28%2,28%
3,76%3,76%
5,02%5,02%
0,68%0,68%
5,44%5,44%
7,43%7,43%
19,4%19,4%
8,36%8,36%
8,99%8,99%
3,78%3,78%
0,69%0,69%
АО «Тываэнерго»
АО «Чеченэнерго»
Россети Волга
Россети Кубань
Россети Ленэнерго (ГК)
Россети Московский регион
Россети Северный Кавказ (ГК)
Россети Северо-Запад
Россети Сибирь (ГК)
Россети Томск
Россети Тюмень
Россети Урал (ГК)
Россети ФСК ЕЭС
Россети Центр
Россети Центр и Приволжье (ГК)
Россети Юг (ГК)
Россети Янтарь
Россети Центр и Приволжье (ГК): 94 954 028,58'

08-11-2024T16:07:05 - [TEST_STEP][PASSED] - a2 = indexOf("АО «Тываэнерго»")).replaceAll("[а-яА-Я]", ""): null

08-11-2024T16:07:05 - [TEST_STEP][PASSED] - n = n + 27: null

08-11-2024T16:07:05 - [TEST_STEP][PASSED] - Script1686231490255.WriteToExcel(user, dashboardName, n, data, run, a1, a2, a3, a4, a5, a6, a7, a8, a9): null

08-11-2024T16:07:05 - [TEST_STEP][PASSED] - sheetName = "Sheet1": null

08-11-2024T16:07:05 - [TEST_STEP][PASSED] - workbook01 = getWorkbook(excelFilePath): null

08-11-2024T16:07:05 - [TEST_STEP][PASSED] - sheet01 = getExcelSheet(workbook01, sheetName): null

08-11-2024T16:07:05 - [TEST_STEP][PASSED] - setValueToCellByIndex(sheet01, n, 0, dashboardName): null

08-11-2024T16:07:05 - [TEST_STEP][PASSED] - setValueToCellByIndex(sheet01, n, 10, user): null

08-11-2024T16:07:05 - [TEST_STEP][PASSED] - setValueToCellByIndex(sheet01, n, 1, a1): null

08-11-2024T16:07:05 - [TEST_STEP][PASSED] - setValueToCellByIndex(sheet01, n, 2, a2): null

08-11-2024T16:07:05 - [TEST_STEP][PASSED] - setValueToCellByIndex(sheet01, n, 3, a3): null

08-11-2024T16:07:05 - [TEST_STEP][PASSED] - setValueToCellByIndex(sheet01, n, 4, a4): null

08-11-2024T16:07:05 - [TEST_STEP][PASSED] - setValueToCellByIndex(sheet01, n, 5, a5): null

08-11-2024T16:07:05 - [TEST_STEP][PASSED] - setValueToCellByIndex(sheet01, n, 6, a6): null

08-11-2024T16:07:05 - [TEST_STEP][PASSED] - setValueToCellByIndex(sheet01, n, 7, a7): null

08-11-2024T16:07:05 - [TEST_STEP][PASSED] - setValueToCellByIndex(sheet01, n, 8, a8): null

08-11-2024T16:07:05 - [TEST_STEP][PASSED] - setValueToCellByIndex(sheet01, n, 9, a9): null

08-11-2024T16:07:05 - [TEST_STEP][PASSED] - n = n + 1: null

08-11-2024T16:07:05 - [TEST_STEP][PASSED] - saveWorkbook(excelFilePath, workbook01): null

08-11-2024T16:07:05 - [TEST_STEP][PASSED] - if (run == 2): null

08-11-2024T16:07:05 - [TEST_STEP][PASSED] - if (run == 3): null

08-11-2024T16:07:05 - [TEST_STEP][PASSED] - closeBrowser(): null

08-11-2024T16:07:05 - [MESSAGE][PASSED] - Browser is closed

08-11-2024T16:07:05 - [TEST_STEP][PASSED] - ViruchkaPoDZO(user, dashboardName, n, data, run, a1, a2, a3, a4, a5, a6, a7, a8, a9, urlData): null

08-11-2024T16:07:05 - [TEST_STEP][PASSED] - n = data.getRowNumbers() + 1: null

08-11-2024T16:07:05 - [TEST_STEP][PASSED] - println(n): null

08-11-2024T16:07:05 - [TEST_STEP][PASSED] - dashboardName = "Выручка по ДЗО": null

08-11-2024T16:07:05 - [TEST_STEP][PASSED] - openBrowser(""): Browser is opened with url: ''

08-11-2024T16:07:05 - [MESSAGE][INFO] - Starting 'Chrome' driver

08-11-2024T16:07:05 - [MESSAGE][INFO] - Action delay is set to 0 milliseconds

08-11-2024T16:07:06 - [MESSAGE][PASSED] - Browser is opened with url: ''

08-11-2024T16:07:06 - [TEST_STEP][PASSED] - urlData = 5: null

08-11-2024T16:07:06 - [TEST_STEP][PASSED] - Script1686231490255.CheckPageDownload(urlData, run): null

08-11-2024T16:07:06 - [TEST_STEP][PASSED] - i = 1: null

08-11-2024T16:07:06 - [TEST_STEP][PASSED] - ii = 0: null

08-11-2024T16:07:06 - [TEST_STEP][PASSED] - urlText = <not implemented yet for class: org.codehaus.groovy.ast.expr.EmptyExpression>: null

08-11-2024T16:07:06 - [TEST_STEP][PASSED] - searchWord = <not implemented yet for class: org.codehaus.groovy.ast.expr.EmptyExpression>: null

08-11-2024T16:07:06 - [TEST_STEP][PASSED] - deleteAllCookies(): Delete all cookies successfully

08-11-2024T16:07:06 - [MESSAGE][PASSED] - Delete all cookies successfully

08-11-2024T16:07:06 - [TEST_STEP][PASSED] - refresh(): Refresh successfully

08-11-2024T16:07:06 - [MESSAGE][PASSED] - Refresh successfully

08-11-2024T16:07:06 - [TEST_STEP][PASSED] - delay(65): Delayed 65 second(s)

08-11-2024T16:08:11 - [MESSAGE][PASSED] - Delayed 65 second(s)

08-11-2024T16:08:11 - [TEST_STEP][PASSED] - navigateToUrl(findTestData("PlanFact").getValue(10, urlData)): Navigate to 'https://bi.rosseti.digital/viewer?dashboardGuid=2301950b23be4ed89c1df75f2020051e&sheetGuid=31530aa0b6664c09b016b7f2ab9d853e&fit=true' successfully

08-11-2024T16:08:17 - [MESSAGE][PASSED] - Navigate to 'https://bi.rosseti.digital/viewer?dashboardGuid=2301950b23be4ed89c1df75f2020051e&sheetGuid=31530aa0b6664c09b016b7f2ab9d853e&fit=true' successfully

08-11-2024T16:08:17 - [TEST_STEP][PASSED] - pageLoaded1 = verifyElementPresent(findTestObject("Страница авторизации/Text"), 30): Object 'Object Repository/Страница авторизации/Text' is present

08-11-2024T16:08:20 - [MESSAGE][PASSED] - Object 'Object Repository/Страница авторизации/Text' is present

08-11-2024T16:08:20 - [TEST_STEP][PASSED] - if (pageLoaded1 == false): null

08-11-2024T16:08:20 - [TEST_STEP][PASSED] - urlText = getText(findTestObject("Страница авторизации/Text")): Text of object 'Object Repository/Страница авторизации/Text' is: 'Вход'

08-11-2024T16:08:21 - [MESSAGE][PASSED] - Text of object 'Object Repository/Страница авторизации/Text' is: 'Вход'

08-11-2024T16:08:21 - [TEST_STEP][PASSED] - delay(65): Delayed 65 second(s)

08-11-2024T16:09:26 - [MESSAGE][PASSED] - Delayed 65 second(s)

08-11-2024T16:09:26 - [TEST_STEP][PASSED] - searchWord = "Вход": null

08-11-2024T16:09:26 - [TEST_STEP][PASSED] - if (urlText.contains(searchWord) == false): null

08-11-2024T16:09:26 - [TEST_STEP][PASSED] - setText(findTestObject("Страница авторизации/input__username"), findTestData("PlanFact").getValue(8, run)): Text 'Andreeva-EV' is set on object 'Object Repository/Страница авторизации/input__username'

08-11-2024T16:09:26 - [MESSAGE][PASSED] - Text 'Andreeva-EV' is set on object 'Object Repository/Страница авторизации/input__username'

08-11-2024T16:09:26 - [TEST_STEP][PASSED] - setText(findTestObject("Страница авторизации/input__password"), findTestData("PlanFact").getValue(9, run)): Text '2nPePKDwCPH3ul7xMZ' is set on object 'Object Repository/Страница авторизации/input__password'

08-11-2024T16:09:27 - [MESSAGE][PASSED] - Text '2nPePKDwCPH3ul7xMZ' is set on object 'Object Repository/Страница авторизации/input__password'

08-11-2024T16:09:27 - [TEST_STEP][PASSED] - click(findTestObject("Страница авторизации/button_")): Object: 'Object Repository/Страница авторизации/button_' is clicked on

08-11-2024T16:09:30 - [MESSAGE][PASSED] - Object: 'Object Repository/Страница авторизации/button_' is clicked on

08-11-2024T16:09:30 - [TEST_STEP][PASSED] - delay(65): Delayed 65 second(s)

08-11-2024T16:10:35 - [MESSAGE][PASSED] - Delayed 65 second(s)

08-11-2024T16:10:35 - [TEST_STEP][PASSED] - searchWord = "а": null

08-11-2024T16:10:35 - [TEST_STEP][PASSED] - pageLoaded2 = verifyElementPresent(findTestObject("Страница авторизации/Text"), 50): Object 'Object Repository/Страница авторизации/Text' is present

08-11-2024T16:10:36 - [MESSAGE][PASSED] - Object 'Object Repository/Страница авторизации/Text' is present

08-11-2024T16:10:36 - [TEST_STEP][PASSED] - if (pageLoaded2 == false): null

08-11-2024T16:10:36 - [TEST_STEP][PASSED] - urlText = getText(findTestObject("Страница авторизации/Text")): Text of object 'Object Repository/Страница авторизации/Text' is: 'Период
1, 2, 3 кв. 2024 года
Выручка
Все
ДЗО 
Все
Выручка по ДЗО
Выполнение плановых показателей по ПАО Россети за 1, 2, 3 кв. 2024 года
1 376 1 376
3 393 3 393
58 100 58 100
56 758 56 758
73 967 73 967
152 892 152 892
23 234 23 234
38 849 38 849
50 960 50 960
6 962 6 962
61 784 61 784
76 788 76 788
230 075 230 075
84 937 84 937
91 081 91 081
38 611 38 611
7 049 7 049
1 615 1 615
3 461 3 461
58 125 58 125
60 228 60 228
77 822 77 822
159 792 159 792
24 054 24 054
39 689 39 689
53 076 53 076
7 175 7 175
57 472 57 472
78 503 78 503
204 982 204 982
88 347 88 347
94 954 94 954
39 927 39 927
7 326 7 326
План
Факт
АО «Тываэнерго»
АО «Чеченэнерго»
Россети Волга
Россети Кубань
Россети Ленэнерго (ГК)
Россети Московский регион
Россети Северный Кавказ (ГК)
Россети Северо-Запад
Россети Сибирь (ГК)
Россети Томск
Россети Тюмень
Россети Урал (ГК)
Россети ФСК ЕЭС
Россети Центр
Россети Центр и Приволжье (ГК)
Россети Юг (ГК)
Россети Янтарь
0 млн. руб.
25 000 млн. руб.
50 000 млн. руб.
75 000 млн. руб.
100 000 млн. руб.
125 000 млн. руб.
150 000 млн. руб.
175 000 млн. руб.
200 000 млн. руб.
225 000 млн. руб.
250 000 млн. руб.
Выполнение плановых показателей по ПАО Россети за 1, 2, 3 кв. 2024 года
0,15%0,15%
0,33%0,33%
5,5%5,5%
5,7%5,7%
7,37%7,37%
15,12%15,12%
2,28%2,28%
3,76%3,76%
5,02%5,02%
0,68%0,68%
5,44%5,44%
7,43%7,43%
19,4%19,4%
8,36%8,36%
8,99%8,99%
3,78%3,78%
0,69%0,69%
АО «Тываэнерго»
АО «Чеченэнерго»
Россети Волга
Россети Кубань
Россети Ленэнерго (ГК)
Россети Московский регион
Россети Северный Кавказ (ГК)
Россети Северо-Запад
Россети Сибирь (ГК)
Россети Томск
Россети Тюмень
Россети Урал (ГК)
Россети ФСК ЕЭС
Россети Центр
Россети Центр и Приволжье (ГК)
Россети Юг (ГК)
Россети Янтарь'

08-11-2024T16:10:36 - [MESSAGE][PASSED] - Text of object 'Object Repository/Страница авторизации/Text' is: 'Период
1, 2, 3 кв. 2024 года
Выручка
Все
ДЗО 
Все
Выручка по ДЗО
Выполнение плановых показателей по ПАО Россети за 1, 2, 3 кв. 2024 года
1 376 1 376
3 393 3 393
58 100 58 100
56 758 56 758
73 967 73 967
152 892 152 892
23 234 23 234
38 849 38 849
50 960 50 960
6 962 6 962
61 784 61 784
76 788 76 788
230 075 230 075
84 937 84 937
91 081 91 081
38 611 38 611
7 049 7 049
1 615 1 615
3 461 3 461
58 125 58 125
60 228 60 228
77 822 77 822
159 792 159 792
24 054 24 054
39 689 39 689
53 076 53 076
7 175 7 175
57 472 57 472
78 503 78 503
204 982 204 982
88 347 88 347
94 954 94 954
39 927 39 927
7 326 7 326
План
Факт
АО «Тываэнерго»
АО «Чеченэнерго»
Россети Волга
Россети Кубань
Россети Ленэнерго (ГК)
Россети Московский регион
Россети Северный Кавказ (ГК)
Россети Северо-Запад
Россети Сибирь (ГК)
Россети Томск
Россети Тюмень
Россети Урал (ГК)
Россети ФСК ЕЭС
Россети Центр
Россети Центр и Приволжье (ГК)
Россети Юг (ГК)
Россети Янтарь
0 млн. руб.
25 000 млн. руб.
50 000 млн. руб.
75 000 млн. руб.
100 000 млн. руб.
125 000 млн. руб.
150 000 млн. руб.
175 000 млн. руб.
200 000 млн. руб.
225 000 млн. руб.
250 000 млн. руб.
Выполнение плановых показателей по ПАО Россети за 1, 2, 3 кв. 2024 года
0,15%0,15%
0,33%0,33%
5,5%5,5%
5,7%5,7%
7,37%7,37%
15,12%15,12%
2,28%2,28%
3,76%3,76%
5,02%5,02%
0,68%0,68%
5,44%5,44%
7,43%7,43%
19,4%19,4%
8,36%8,36%
8,99%8,99%
3,78%3,78%
0,69%0,69%
АО «Тываэнерго»
АО «Чеченэнерго»
Россети Волга
Россети Кубань
Россети Ленэнерго (ГК)
Россети Московский регион
Россети Северный Кавказ (ГК)
Россети Северо-Запад
Россети Сибирь (ГК)
Россети Томск
Россети Тюмень
Россети Урал (ГК)
Россети ФСК ЕЭС
Россети Центр
Россети Центр и Приволжье (ГК)
Россети Юг (ГК)
Россети Янтарь'

08-11-2024T16:10:36 - [TEST_STEP][PASSED] - if (urlText.contains("ошибка") || urlText.contains(searchWord) == false): null

08-11-2024T16:10:36 - [TEST_STEP][PASSED] - click(findTestObject("Выручка по ДЗО/Фильтр Дата")): Object: 'Object Repository/Выручка по ДЗО/Фильтр Дата' is clicked on

08-11-2024T16:10:37 - [MESSAGE][PASSED] - Object: 'Object Repository/Выручка по ДЗО/Фильтр Дата' is clicked on

08-11-2024T16:10:37 - [TEST_STEP][PASSED] - click(findTestObject("Выручка по ДЗО/Снять выделение в фильтре Дата")): Object: 'Object Repository/Выручка по ДЗО/Снять выделение в фильтре Дата' is clicked on

08-11-2024T16:10:37 - [MESSAGE][PASSED] - Object: 'Object Repository/Выручка по ДЗО/Снять выделение в фильтре Дата' is clicked on

08-11-2024T16:10:37 - [TEST_STEP][PASSED] - click(findTestObject("Выручка по ДЗО/Применить в фильтре Дата")): Object: 'Object Repository/Выручка по ДЗО/Применить в фильтре Дата' is clicked on

08-11-2024T16:10:38 - [MESSAGE][PASSED] - Object: 'Object Repository/Выручка по ДЗО/Применить в фильтре Дата' is clicked on

08-11-2024T16:10:38 - [TEST_STEP][PASSED] - click(findTestObject("Выручка по ДЗО/Фильтр Дата")): Object: 'Object Repository/Выручка по ДЗО/Фильтр Дата' is clicked on

08-11-2024T16:10:40 - [MESSAGE][PASSED] - Object: 'Object Repository/Выручка по ДЗО/Фильтр Дата' is clicked on

08-11-2024T16:10:40 - [TEST_STEP][PASSED] - click(findTestObject("Выручка по ДЗО/Снять выделение в фильтре Дата")): Object: 'Object Repository/Выручка по ДЗО/Снять выделение в фильтре Дата' is clicked on

08-11-2024T16:10:40 - [MESSAGE][PASSED] - Object: 'Object Repository/Выручка по ДЗО/Снять выделение в фильтре Дата' is clicked on

08-11-2024T16:10:40 - [TEST_STEP][PASSED] - scrollToElement(findTestObject("Выручка по ДЗО/2024 список"), 30): Scroll to object 'Object Repository/Выручка по ДЗО/2024 список' successfully

08-11-2024T16:10:40 - [MESSAGE][PASSED] - Scroll to object 'Object Repository/Выручка по ДЗО/2024 список' successfully

08-11-2024T16:10:40 - [TEST_STEP][PASSED] - click(findTestObject("Выручка по ДЗО/2024 список")): Object: 'Object Repository/Выручка по ДЗО/2024 список' is clicked on

08-11-2024T16:10:41 - [MESSAGE][PASSED] - Object: 'Object Repository/Выручка по ДЗО/2024 список' is clicked on

08-11-2024T16:10:41 - [TEST_STEP][PASSED] - scrollToElement(findTestObject("Выручка по ДЗО/1 квартал 2024 выбрать"), 30): Scroll to object 'Object Repository/Выручка по ДЗО/1 квартал 2024 выбрать' successfully

08-11-2024T16:10:41 - [MESSAGE][PASSED] - Scroll to object 'Object Repository/Выручка по ДЗО/1 квартал 2024 выбрать' successfully

08-11-2024T16:10:41 - [TEST_STEP][PASSED] - click(findTestObject("Выручка по ДЗО/1 квартал 2024 выбрать")): Object: 'Object Repository/Выручка по ДЗО/1 квартал 2024 выбрать' is clicked on

08-11-2024T16:10:42 - [MESSAGE][PASSED] - Object: 'Object Repository/Выручка по ДЗО/1 квартал 2024 выбрать' is clicked on

08-11-2024T16:10:42 - [TEST_STEP][PASSED] - scrollToElement(findTestObject("Выручка по ДЗО/2 квартал 2024 выбрать"), 30): Scroll to object 'Object Repository/Выручка по ДЗО/2 квартал 2024 выбрать' successfully

08-11-2024T16:10:42 - [MESSAGE][PASSED] - Scroll to object 'Object Repository/Выручка по ДЗО/2 квартал 2024 выбрать' successfully

08-11-2024T16:10:42 - [TEST_STEP][PASSED] - click(findTestObject("Выручка по ДЗО/2 квартал 2024 выбрать"), CONTINUE_ON_FAILURE): Object: 'Object Repository/Выручка по ДЗО/2 квартал 2024 выбрать' is clicked on

08-11-2024T16:10:42 - [MESSAGE][PASSED] - Object: 'Object Repository/Выручка по ДЗО/2 квартал 2024 выбрать' is clicked on

08-11-2024T16:10:42 - [TEST_STEP][PASSED] - scrollToElement(findTestObject("Выручка по ДЗО/3 квартал 2024 список"), 30): Scroll to object 'Object Repository/Выручка по ДЗО/3 квартал 2024 список' successfully

08-11-2024T16:10:43 - [MESSAGE][PASSED] - Scroll to object 'Object Repository/Выручка по ДЗО/3 квартал 2024 список' successfully

08-11-2024T16:10:43 - [TEST_STEP][PASSED] - click(findTestObject("Выручка по ДЗО/3 квартал 2024 выбрать"), CONTINUE_ON_FAILURE): Object: 'Object Repository/Выручка по ДЗО/3 квартал 2024 выбрать' is clicked on

08-11-2024T16:10:43 - [MESSAGE][PASSED] - Object: 'Object Repository/Выручка по ДЗО/3 квартал 2024 выбрать' is clicked on

08-11-2024T16:10:43 - [TEST_STEP][PASSED] - scrollToElement(findTestObject("Выручка по ДЗО/Заголовок дашборда"), 30): Scroll to object 'Object Repository/Выручка по ДЗО/Заголовок дашборда' successfully

08-11-2024T16:10:44 - [MESSAGE][PASSED] - Scroll to object 'Object Repository/Выручка по ДЗО/Заголовок дашборда' successfully

08-11-2024T16:10:44 - [TEST_STEP][PASSED] - click(findTestObject("Выручка по ДЗО/Применить в фильтре Дата")): Object: 'Object Repository/Выручка по ДЗО/Применить в фильтре Дата' is clicked on

08-11-2024T16:10:44 - [MESSAGE][PASSED] - Object: 'Object Repository/Выручка по ДЗО/Применить в фильтре Дата' is clicked on

08-11-2024T16:10:44 - [TEST_STEP][PASSED] - a3 = "": null

08-11-2024T16:10:44 - [TEST_STEP][PASSED] - a4 = "": null

08-11-2024T16:10:44 - [TEST_STEP][PASSED] - a5 = "": null

08-11-2024T16:10:44 - [TEST_STEP][PASSED] - a6 = "": null

08-11-2024T16:10:44 - [TEST_STEP][PASSED] - a7 = "": null

08-11-2024T16:10:44 - [TEST_STEP][PASSED] - a8 = "": null

08-11-2024T16:10:44 - [TEST_STEP][PASSED] - a9 = "": null

08-11-2024T16:10:44 - [TEST_STEP][PASSED] - if (run == 1): null

08-11-2024T16:10:44 - [TEST_STEP][PASSED] - if (run == 2): null

08-11-2024T16:10:44 - [TEST_STEP][PASSED] - user = "Андреева": null

08-11-2024T16:10:44 - [TEST_STEP][PASSED] - a1 = getText(findTestObject("Выручка по ДЗО/График1 Выполнение плановых показателей Блок руководителя")): Text of object 'Object Repository/Выручка по ДЗО/График1 Выполнение плановых показателей Блок руководителя' is: '1 376 1 376
3 393 3 393
58 100 58 100
56 758 56 758
73 967 73 967
152 892 152 892
23 234 23 234
38 849 38 849
50 960 50 960
6 962 6 962
61 784 61 784
76 788 76 788
230 075 230 075
84 937 84 937
91 081 91 081
38 611 38 611
7 049 7 049
1 615 1 615
3 461 3 461
58 125 58 125
60 228 60 228
77 822 77 822
159 792 159 792
24 054 24 054
39 689 39 689
53 076 53 076
7 175 7 175
57 472 57 472
78 503 78 503
204 982 204 982
88 347 88 347
94 954 94 954
39 927 39 927
7 326 7 326
План
Факт
АО «Тываэнерго»
АО «Чеченэнерго»
Россети Волга
Россети Кубань
Россети Ленэнерго (ГК)
Россети Московский регион
Россети Северный Кавказ (ГК)
Россети Северо-Запад
Россети Сибирь (ГК)
Россети Томск
Россети Тюмень
Россети Урал (ГК)
Россети ФСК ЕЭС
Россети Центр
Россети Центр и Приволжье (ГК)
Россети Юг (ГК)
Россети Янтарь
0 млн. руб.
25 000 млн. руб.
50 000 млн. руб.
75 000 млн. руб.
100 000 млн. руб.
125 000 млн. руб.
150 000 млн. руб.
175 000 млн. руб.
200 000 млн. руб.
225 000 млн. руб.
250 000 млн. руб.'

08-11-2024T16:10:47 - [MESSAGE][PASSED] - Text of object 'Object Repository/Выручка по ДЗО/График1 Выполнение плановых показателей Блок руководителя' is: '1 376 1 376
3 393 3 393
58 100 58 100
56 758 56 758
73 967 73 967
152 892 152 892
23 234 23 234
38 849 38 849
50 960 50 960
6 962 6 962
61 784 61 784
76 788 76 788
230 075 230 075
84 937 84 937
91 081 91 081
38 611 38 611
7 049 7 049
1 615 1 615
3 461 3 461
58 125 58 125
60 228 60 228
77 822 77 822
159 792 159 792
24 054 24 054
39 689 39 689
53 076 53 076
7 175 7 175
57 472 57 472
78 503 78 503
204 982 204 982
88 347 88 347
94 954 94 954
39 927 39 927
7 326 7 326
План
Факт
АО «Тываэнерго»
АО «Чеченэнерго»
Россети Волга
Россети Кубань
Россети Ленэнерго (ГК)
Россети Московский регион
Россети Северный Кавказ (ГК)
Россети Северо-Запад
Россети Сибирь (ГК)
Россети Томск
Россети Тюмень
Россети Урал (ГК)
Россети ФСК ЕЭС
Россети Центр
Россети Центр и Приволжье (ГК)
Россети Юг (ГК)
Россети Янтарь
0 млн. руб.
25 000 млн. руб.
50 000 млн. руб.
75 000 млн. руб.
100 000 млн. руб.
125 000 млн. руб.
150 000 млн. руб.
175 000 млн. руб.
200 000 млн. руб.
225 000 млн. руб.
250 000 млн. руб.'

08-11-2024T16:10:47 - [TEST_STEP][PASSED] - a2 = getText(findTestObject("Выручка по ДЗО/График2 Выполнение плановых показателей Блок руководителя")): Text of object 'Object Repository/Выручка по ДЗО/График2 Выполнение плановых показателей Блок руководителя' is: '0,15%0,15%
0,33%0,33%
5,5%5,5%
5,7%5,7%
7,37%7,37%
15,12%15,12%
2,28%2,28%
3,76%3,76%
5,02%5,02%
0,68%0,68%
5,44%5,44%
7,43%7,43%
19,4%19,4%
8,36%8,36%
8,99%8,99%
3,78%3,78%
0,69%0,69%
АО «Тываэнерго»
АО «Чеченэнерго»
Россети Волга
Россети Кубань
Россети Ленэнерго (ГК)
Россети Московский регион
Россети Северный Кавказ (ГК)
Россети Северо-Запад
Россети Сибирь (ГК)
Россети Томск
Россети Тюмень
Россети Урал (ГК)
Россети ФСК ЕЭС
Россети Центр
Россети Центр и Приволжье (ГК)
Россети Юг (ГК)
Россети Янтарь
Россети Центр и Приволжье (ГК): 94 954 028,58'

08-11-2024T16:10:47 - [MESSAGE][PASSED] - Text of object 'Object Repository/Выручка по ДЗО/График2 Выполнение плановых показателей Блок руководителя' is: '0,15%0,15%
0,33%0,33%
5,5%5,5%
5,7%5,7%
7,37%7,37%
15,12%15,12%
2,28%2,28%
3,76%3,76%
5,02%5,02%
0,68%0,68%
5,44%5,44%
7,43%7,43%
19,4%19,4%
8,36%8,36%
8,99%8,99%
3,78%3,78%
0,69%0,69%
АО «Тываэнерго»
АО «Чеченэнерго»
Россети Волга
Россети Кубань
Россети Ленэнерго (ГК)
Россети Московский регион
Россети Северный Кавказ (ГК)
Россети Северо-Запад
Россети Сибирь (ГК)
Россети Томск
Россети Тюмень
Россети Урал (ГК)
Россети ФСК ЕЭС
Россети Центр
Россети Центр и Приволжье (ГК)
Россети Юг (ГК)
Россети Янтарь
Россети Центр и Приволжье (ГК): 94 954 028,58'

08-11-2024T16:10:47 - [TEST_STEP][PASSED] - a2 = indexOf("АО «Тываэнерго»")).replaceAll("[а-яА-Я]", ""): null

08-11-2024T16:10:47 - [TEST_STEP][PASSED] - n = n + 28: null

08-11-2024T16:10:47 - [TEST_STEP][PASSED] - b = n - run + 1: null

08-11-2024T16:10:47 - [TEST_STEP][PASSED] - verifyEqual(findTestData("PlanFact").getValue(2, b), a1): Actual object '1 376 1 376
3 393 3 393
58 100 58 100
56 758 56 758
73 967 73 967
152 892 152 892
23 234 23 234
38 849 38 849
50 960 50 960
6 962 6 962
61 784 61 784
76 788 76 788
230 075 230 075
84 937 84 937
91 081 91 081
38 611 38 611
7 049 7 049
1 615 1 615
3 461 3 461
58 125 58 125
60 228 60 228
77 822 77 822
159 792 159 792
24 054 24 054
39 689 39 689
53 076 53 076
7 175 7 175
57 472 57 472
78 503 78 503
204 982 204 982
88 347 88 347
94 954 94 954
39 927 39 927
7 326 7 326
План
Факт
АО «Тываэнерго»
АО «Чеченэнерго»
Россети Волга
Россети Кубань
Россети Ленэнерго (ГК)
Россети Московский регион
Россети Северный Кавказ (ГК)
Россети Северо-Запад
Россети Сибирь (ГК)
Россети Томск
Россети Тюмень
Россети Урал (ГК)
Россети ФСК ЕЭС
Россети Центр
Россети Центр и Приволжье (ГК)
Россети Юг (ГК)
Россети Янтарь
0 млн. руб.
25 000 млн. руб.
50 000 млн. руб.
75 000 млн. руб.
100 000 млн. руб.
125 000 млн. руб.
150 000 млн. руб.
175 000 млн. руб.
200 000 млн. руб.
225 000 млн. руб.
250 000 млн. руб.' and expected object '1 376 1 376
3 393 3 393
58 100 58 100
56 758 56 758
73 967 73 967
152 892 152 892
23 234 23 234
38 849 38 849
50 960 50 960
6 962 6 962
61 784 61 784
76 788 76 788
230 075 230 075
84 937 84 937
91 081 91 081
38 611 38 611
7 049 7 049
1 615 1 615
3 461 3 461
58 125 58 125
60 228 60 228
77 822 77 822
159 792 159 792
24 054 24 054
39 689 39 689
53 076 53 076
7 175 7 175
57 472 57 472
78 503 78 503
204 982 204 982
88 347 88 347
94 954 94 954
39 927 39 927
7 326 7 326
План
Факт
АО «Тываэнерго»
АО «Чеченэнерго»
Россети Волга
Россети Кубань
Россети Ленэнерго (ГК)
Россети Московский регион
Россети Северный Кавказ (ГК)
Россети Северо-Запад
Россети Сибирь (ГК)
Россети Томск
Россети Тюмень
Россети Урал (ГК)
Россети ФСК ЕЭС
Россети Центр
Россети Центр и Приволжье (ГК)
Россети Юг (ГК)
Россети Янтарь
0 млн. руб.
25 000 млн. руб.
50 000 млн. руб.
75 000 млн. руб.
100 000 млн. руб.
125 000 млн. руб.
150 000 млн. руб.
175 000 млн. руб.
200 000 млн. руб.
225 000 млн. руб.
250 000 млн. руб.' are equal

08-11-2024T16:10:47 - [MESSAGE][PASSED] - Actual object '1 376 1 376
3 393 3 393
58 100 58 100
56 758 56 758
73 967 73 967
152 892 152 892
23 234 23 234
38 849 38 849
50 960 50 960
6 962 6 962
61 784 61 784
76 788 76 788
230 075 230 075
84 937 84 937
91 081 91 081
38 611 38 611
7 049 7 049
1 615 1 615
3 461 3 461
58 125 58 125
60 228 60 228
77 822 77 822
159 792 159 792
24 054 24 054
39 689 39 689
53 076 53 076
7 175 7 175
57 472 57 472
78 503 78 503
204 982 204 982
88 347 88 347
94 954 94 954
39 927 39 927
7 326 7 326
План
Факт
АО «Тываэнерго»
АО «Чеченэнерго»
Россети Волга
Россети Кубань
Россети Ленэнерго (ГК)
Россети Московский регион
Россети Северный Кавказ (ГК)
Россети Северо-Запад
Россети Сибирь (ГК)
Россети Томск
Россети Тюмень
Россети Урал (ГК)
Россети ФСК ЕЭС
Россети Центр
Россети Центр и Приволжье (ГК)
Россети Юг (ГК)
Россети Янтарь
0 млн. руб.
25 000 млн. руб.
50 000 млн. руб.
75 000 млн. руб.
100 000 млн. руб.
125 000 млн. руб.
150 000 млн. руб.
175 000 млн. руб.
200 000 млн. руб.
225 000 млн. руб.
250 000 млн. руб.' and expected object '1 376 1 376
3 393 3 393
58 100 58 100
56 758 56 758
73 967 73 967
152 892 152 892
23 234 23 234
38 849 38 849
50 960 50 960
6 962 6 962
61 784 61 784
76 788 76 788
230 075 230 075
84 937 84 937
91 081 91 081
38 611 38 611
7 049 7 049
1 615 1 615
3 461 3 461
58 125 58 125
60 228 60 228
77 822 77 822
159 792 159 792
24 054 24 054
39 689 39 689
53 076 53 076
7 175 7 175
57 472 57 472
78 503 78 503
204 982 204 982
88 347 88 347
94 954 94 954
39 927 39 927
7 326 7 326
План
Факт
АО «Тываэнерго»
АО «Чеченэнерго»
Россети Волга
Россети Кубань
Россети Ленэнерго (ГК)
Россети Московский регион
Россети Северный Кавказ (ГК)
Россети Северо-Запад
Россети Сибирь (ГК)
Россети Томск
Россети Тюмень
Россети Урал (ГК)
Россети ФСК ЕЭС
Россети Центр
Россети Центр и Приволжье (ГК)
Россети Юг (ГК)
Россети Янтарь
0 млн. руб.
25 000 млн. руб.
50 000 млн. руб.
75 000 млн. руб.
100 000 млн. руб.
125 000 млн. руб.
150 000 млн. руб.
175 000 млн. руб.
200 000 млн. руб.
225 000 млн. руб.
250 000 млн. руб.' are equal

08-11-2024T16:10:47 - [TEST_STEP][PASSED] - verifyEqual(findTestData("PlanFact").getValue(3, b), a2): Actual object '0,15%0,15%
0,33%0,33%
5,5%5,5%
5,7%5,7%
7,37%7,37%
15,12%15,12%
2,28%2,28%
3,76%3,76%
5,02%5,02%
0,68%0,68%
5,44%5,44%
7,43%7,43%
19,4%19,4%
8,36%8,36%
8,99%8,99%
3,78%3,78%
0,69%0,69%
' and expected object '0,15%0,15%
0,33%0,33%
5,5%5,5%
5,7%5,7%
7,37%7,37%
15,12%15,12%
2,28%2,28%
3,76%3,76%
5,02%5,02%
0,68%0,68%
5,44%5,44%
7,43%7,43%
19,4%19,4%
8,36%8,36%
8,99%8,99%
3,78%3,78%
0,69%0,69%
' are equal

08-11-2024T16:10:47 - [MESSAGE][PASSED] - Actual object '0,15%0,15%
0,33%0,33%
5,5%5,5%
5,7%5,7%
7,37%7,37%
15,12%15,12%
2,28%2,28%
3,76%3,76%
5,02%5,02%
0,68%0,68%
5,44%5,44%
7,43%7,43%
19,4%19,4%
8,36%8,36%
8,99%8,99%
3,78%3,78%
0,69%0,69%
' and expected object '0,15%0,15%
0,33%0,33%
5,5%5,5%
5,7%5,7%
7,37%7,37%
15,12%15,12%
2,28%2,28%
3,76%3,76%
5,02%5,02%
0,68%0,68%
5,44%5,44%
7,43%7,43%
19,4%19,4%
8,36%8,36%
8,99%8,99%
3,78%3,78%
0,69%0,69%
' are equal

08-11-2024T16:10:47 - [TEST_STEP][PASSED] - Script1686231490255.WriteToExcel(user, dashboardName, n, data, run, a1, a2, a3, a4, a5, a6, a7, a8, a9): null

08-11-2024T16:10:47 - [TEST_STEP][PASSED] - sheetName = "Sheet1": null

08-11-2024T16:10:47 - [TEST_STEP][PASSED] - workbook01 = getWorkbook(excelFilePath): null

08-11-2024T16:10:47 - [TEST_STEP][PASSED] - sheet01 = getExcelSheet(workbook01, sheetName): null

08-11-2024T16:10:47 - [TEST_STEP][PASSED] - setValueToCellByIndex(sheet01, n, 0, dashboardName): null

08-11-2024T16:10:47 - [TEST_STEP][PASSED] - setValueToCellByIndex(sheet01, n, 10, user): null

08-11-2024T16:10:47 - [TEST_STEP][PASSED] - setValueToCellByIndex(sheet01, n, 1, a1): null

08-11-2024T16:10:47 - [TEST_STEP][PASSED] - setValueToCellByIndex(sheet01, n, 2, a2): null

08-11-2024T16:10:47 - [TEST_STEP][PASSED] - setValueToCellByIndex(sheet01, n, 3, a3): null

08-11-2024T16:10:47 - [TEST_STEP][PASSED] - setValueToCellByIndex(sheet01, n, 4, a4): null

08-11-2024T16:10:47 - [TEST_STEP][PASSED] - setValueToCellByIndex(sheet01, n, 5, a5): null

08-11-2024T16:10:47 - [TEST_STEP][PASSED] - setValueToCellByIndex(sheet01, n, 6, a6): null

08-11-2024T16:10:47 - [TEST_STEP][PASSED] - setValueToCellByIndex(sheet01, n, 7, a7): null

08-11-2024T16:10:47 - [TEST_STEP][PASSED] - setValueToCellByIndex(sheet01, n, 8, a8): null

08-11-2024T16:10:47 - [TEST_STEP][PASSED] - setValueToCellByIndex(sheet01, n, 9, a9): null

08-11-2024T16:10:47 - [TEST_STEP][PASSED] - n = n + 1: null

08-11-2024T16:10:47 - [TEST_STEP][PASSED] - saveWorkbook(excelFilePath, workbook01): null

08-11-2024T16:10:48 - [TEST_STEP][PASSED] - if (run == 3): null

08-11-2024T16:10:48 - [TEST_STEP][PASSED] - closeBrowser(): null

08-11-2024T16:10:48 - [MESSAGE][PASSED] - Browser is closed

08-11-2024T16:10:48 - [TEST_STEP][PASSED] - ViruchkaPoDZO(user, dashboardName, n, data, run, a1, a2, a3, a4, a5, a6, a7, a8, a9, urlData): null

08-11-2024T16:10:48 - [TEST_STEP][PASSED] - n = data.getRowNumbers() + 1: null

08-11-2024T16:10:48 - [TEST_STEP][PASSED] - println(n): null

08-11-2024T16:10:48 - [TEST_STEP][PASSED] - dashboardName = "Выручка по ДЗО": null

08-11-2024T16:10:48 - [TEST_STEP][PASSED] - openBrowser(""): Browser is opened with url: ''

08-11-2024T16:10:48 - [MESSAGE][INFO] - Starting 'Chrome' driver

08-11-2024T16:10:48 - [MESSAGE][INFO] - Action delay is set to 0 milliseconds

08-11-2024T16:10:49 - [MESSAGE][PASSED] - Browser is opened with url: ''

08-11-2024T16:10:49 - [TEST_STEP][PASSED] - urlData = 5: null

08-11-2024T16:10:49 - [TEST_STEP][PASSED] - Script1686231490255.CheckPageDownload(urlData, run): null

08-11-2024T16:10:49 - [TEST_STEP][PASSED] - i = 1: null

08-11-2024T16:10:49 - [TEST_STEP][PASSED] - ii = 0: null

08-11-2024T16:10:49 - [TEST_STEP][PASSED] - urlText = <not implemented yet for class: org.codehaus.groovy.ast.expr.EmptyExpression>: null

08-11-2024T16:10:49 - [TEST_STEP][PASSED] - searchWord = <not implemented yet for class: org.codehaus.groovy.ast.expr.EmptyExpression>: null

08-11-2024T16:10:49 - [TEST_STEP][PASSED] - deleteAllCookies(): Delete all cookies successfully

08-11-2024T16:10:49 - [MESSAGE][PASSED] - Delete all cookies successfully

08-11-2024T16:10:49 - [TEST_STEP][PASSED] - refresh(): Refresh successfully

08-11-2024T16:10:49 - [MESSAGE][PASSED] - Refresh successfully

08-11-2024T16:10:49 - [TEST_STEP][PASSED] - delay(65): Delayed 65 second(s)

08-11-2024T16:11:54 - [MESSAGE][PASSED] - Delayed 65 second(s)

08-11-2024T16:11:54 - [TEST_STEP][PASSED] - navigateToUrl(findTestData("PlanFact").getValue(10, urlData)): Navigate to 'https://bi.rosseti.digital/viewer?dashboardGuid=2301950b23be4ed89c1df75f2020051e&sheetGuid=31530aa0b6664c09b016b7f2ab9d853e&fit=true' successfully

08-11-2024T16:12:03 - [MESSAGE][PASSED] - Navigate to 'https://bi.rosseti.digital/viewer?dashboardGuid=2301950b23be4ed89c1df75f2020051e&sheetGuid=31530aa0b6664c09b016b7f2ab9d853e&fit=true' successfully

08-11-2024T16:12:03 - [TEST_STEP][PASSED] - pageLoaded1 = verifyElementPresent(findTestObject("Страница авторизации/Text"), 30): Object 'Object Repository/Страница авторизации/Text' is present

08-11-2024T16:12:03 - [MESSAGE][PASSED] - Object 'Object Repository/Страница авторизации/Text' is present

08-11-2024T16:12:03 - [TEST_STEP][PASSED] - if (pageLoaded1 == false): null

08-11-2024T16:12:03 - [TEST_STEP][PASSED] - urlText = getText(findTestObject("Страница авторизации/Text")): Text of object 'Object Repository/Страница авторизации/Text' is: 'Вход'

08-11-2024T16:12:04 - [MESSAGE][PASSED] - Text of object 'Object Repository/Страница авторизации/Text' is: 'Вход'

08-11-2024T16:12:04 - [TEST_STEP][PASSED] - delay(65): Delayed 65 second(s)

08-11-2024T16:13:09 - [MESSAGE][PASSED] - Delayed 65 second(s)

08-11-2024T16:13:09 - [TEST_STEP][PASSED] - searchWord = "Вход": null

08-11-2024T16:13:09 - [TEST_STEP][PASSED] - if (urlText.contains(searchWord) == false): null

08-11-2024T16:13:09 - [TEST_STEP][PASSED] - setText(findTestObject("Страница авторизации/input__username"), findTestData("PlanFact").getValue(8, run)): Text 'Petrova-OV' is set on object 'Object Repository/Страница авторизации/input__username'

08-11-2024T16:13:09 - [MESSAGE][PASSED] - Text 'Petrova-OV' is set on object 'Object Repository/Страница авторизации/input__username'

08-11-2024T16:13:09 - [TEST_STEP][PASSED] - setText(findTestObject("Страница авторизации/input__password"), findTestData("PlanFact").getValue(9, run)): Text '4Ex@~R53r&3x&BVe7' is set on object 'Object Repository/Страница авторизации/input__password'

08-11-2024T16:13:10 - [MESSAGE][PASSED] - Text '4Ex@~R53r&3x&BVe7' is set on object 'Object Repository/Страница авторизации/input__password'

08-11-2024T16:13:10 - [TEST_STEP][PASSED] - click(findTestObject("Страница авторизации/button_")): Object: 'Object Repository/Страница авторизации/button_' is clicked on

08-11-2024T16:13:13 - [MESSAGE][PASSED] - Object: 'Object Repository/Страница авторизации/button_' is clicked on

08-11-2024T16:13:13 - [TEST_STEP][PASSED] - delay(65): Delayed 65 second(s)

08-11-2024T16:14:18 - [MESSAGE][PASSED] - Delayed 65 second(s)

08-11-2024T16:14:18 - [TEST_STEP][PASSED] - searchWord = "а": null

08-11-2024T16:14:18 - [TEST_STEP][PASSED] - pageLoaded2 = verifyElementPresent(findTestObject("Страница авторизации/Text"), 50): Object 'Object Repository/Страница авторизации/Text' is present

08-11-2024T16:14:18 - [MESSAGE][PASSED] - Object 'Object Repository/Страница авторизации/Text' is present

08-11-2024T16:14:18 - [TEST_STEP][PASSED] - if (pageLoaded2 == false): null

08-11-2024T16:14:18 - [TEST_STEP][PASSED] - urlText = getText(findTestObject("Страница авторизации/Text")): Text of object 'Object Repository/Страница авторизации/Text' is: 'Период
1, 2, 3 кв. 2024 года
Выручка
Все
ДЗО 
Все
Выручка по ДЗО
Выполнение плановых показателей по ПАО Россети за 1, 2, 3 кв. 2024 года
1 376 1 376
3 393 3 393
58 100 58 100
56 758 56 758
73 967 73 967
152 892 152 892
23 234 23 234
38 849 38 849
50 960 50 960
6 962 6 962
61 784 61 784
76 788 76 788
230 075 230 075
84 937 84 937
91 081 91 081
38 611 38 611
7 049 7 049
1 615 1 615
3 461 3 461
58 125 58 125
60 228 60 228
77 822 77 822
159 792 159 792
24 054 24 054
39 689 39 689
53 076 53 076
7 175 7 175
57 472 57 472
78 503 78 503
204 982 204 982
88 347 88 347
94 954 94 954
39 927 39 927
7 326 7 326
План
Факт
АО «Тываэнерго»
АО «Чеченэнерго»
Россети Волга
Россети Кубань
Россети Ленэнерго (ГК)
Россети Московский регион
Россети Северный Кавказ (ГК)
Россети Северо-Запад
Россети Сибирь (ГК)
Россети Томск
Россети Тюмень
Россети Урал (ГК)
Россети ФСК ЕЭС
Россети Центр
Россети Центр и Приволжье (ГК)
Россети Юг (ГК)
Россети Янтарь
0 млн. руб.
25 000 млн. руб.
50 000 млн. руб.
75 000 млн. руб.
100 000 млн. руб.
125 000 млн. руб.
150 000 млн. руб.
175 000 млн. руб.
200 000 млн. руб.
225 000 млн. руб.
250 000 млн. руб.
Выполнение плановых показателей по ПАО Россети за 1, 2, 3 кв. 2024 года
0,15%0,15%
0,33%0,33%
5,5%5,5%
5,7%5,7%
7,37%7,37%
15,12%15,12%
2,28%2,28%
3,76%3,76%
5,02%5,02%
0,68%0,68%
5,44%5,44%
7,43%7,43%
19,4%19,4%
8,36%8,36%
8,99%8,99%
3,78%3,78%
0,69%0,69%
АО «Тываэнерго»
АО «Чеченэнерго»
Россети Волга
Россети Кубань
Россети Ленэнерго (ГК)
Россети Московский регион
Россети Северный Кавказ (ГК)
Россети Северо-Запад
Россети Сибирь (ГК)
Россети Томск
Россети Тюмень
Россети Урал (ГК)
Россети ФСК ЕЭС
Россети Центр
Россети Центр и Приволжье (ГК)
Россети Юг (ГК)
Россети Янтарь'

08-11-2024T16:14:19 - [MESSAGE][PASSED] - Text of object 'Object Repository/Страница авторизации/Text' is: 'Период
1, 2, 3 кв. 2024 года
Выручка
Все
ДЗО 
Все
Выручка по ДЗО
Выполнение плановых показателей по ПАО Россети за 1, 2, 3 кв. 2024 года
1 376 1 376
3 393 3 393
58 100 58 100
56 758 56 758
73 967 73 967
152 892 152 892
23 234 23 234
38 849 38 849
50 960 50 960
6 962 6 962
61 784 61 784
76 788 76 788
230 075 230 075
84 937 84 937
91 081 91 081
38 611 38 611
7 049 7 049
1 615 1 615
3 461 3 461
58 125 58 125
60 228 60 228
77 822 77 822
159 792 159 792
24 054 24 054
39 689 39 689
53 076 53 076
7 175 7 175
57 472 57 472
78 503 78 503
204 982 204 982
88 347 88 347
94 954 94 954
39 927 39 927
7 326 7 326
План
Факт
АО «Тываэнерго»
АО «Чеченэнерго»
Россети Волга
Россети Кубань
Россети Ленэнерго (ГК)
Россети Московский регион
Россети Северный Кавказ (ГК)
Россети Северо-Запад
Россети Сибирь (ГК)
Россети Томск
Россети Тюмень
Россети Урал (ГК)
Россети ФСК ЕЭС
Россети Центр
Россети Центр и Приволжье (ГК)
Россети Юг (ГК)
Россети Янтарь
0 млн. руб.
25 000 млн. руб.
50 000 млн. руб.
75 000 млн. руб.
100 000 млн. руб.
125 000 млн. руб.
150 000 млн. руб.
175 000 млн. руб.
200 000 млн. руб.
225 000 млн. руб.
250 000 млн. руб.
Выполнение плановых показателей по ПАО Россети за 1, 2, 3 кв. 2024 года
0,15%0,15%
0,33%0,33%
5,5%5,5%
5,7%5,7%
7,37%7,37%
15,12%15,12%
2,28%2,28%
3,76%3,76%
5,02%5,02%
0,68%0,68%
5,44%5,44%
7,43%7,43%
19,4%19,4%
8,36%8,36%
8,99%8,99%
3,78%3,78%
0,69%0,69%
АО «Тываэнерго»
АО «Чеченэнерго»
Россети Волга
Россети Кубань
Россети Ленэнерго (ГК)
Россети Московский регион
Россети Северный Кавказ (ГК)
Россети Северо-Запад
Россети Сибирь (ГК)
Россети Томск
Россети Тюмень
Россети Урал (ГК)
Россети ФСК ЕЭС
Россети Центр
Россети Центр и Приволжье (ГК)
Россети Юг (ГК)
Россети Янтарь'

08-11-2024T16:14:19 - [TEST_STEP][PASSED] - if (urlText.contains("ошибка") || urlText.contains(searchWord) == false): null

08-11-2024T16:14:19 - [TEST_STEP][PASSED] - click(findTestObject("Выручка по ДЗО/Фильтр Дата")): Object: 'Object Repository/Выручка по ДЗО/Фильтр Дата' is clicked on

08-11-2024T16:14:19 - [MESSAGE][PASSED] - Object: 'Object Repository/Выручка по ДЗО/Фильтр Дата' is clicked on

08-11-2024T16:14:19 - [TEST_STEP][PASSED] - click(findTestObject("Выручка по ДЗО/Снять выделение в фильтре Дата")): Object: 'Object Repository/Выручка по ДЗО/Снять выделение в фильтре Дата' is clicked on

08-11-2024T16:14:20 - [MESSAGE][PASSED] - Object: 'Object Repository/Выручка по ДЗО/Снять выделение в фильтре Дата' is clicked on

08-11-2024T16:14:20 - [TEST_STEP][PASSED] - click(findTestObject("Выручка по ДЗО/Применить в фильтре Дата")): Object: 'Object Repository/Выручка по ДЗО/Применить в фильтре Дата' is clicked on

08-11-2024T16:14:21 - [MESSAGE][PASSED] - Object: 'Object Repository/Выручка по ДЗО/Применить в фильтре Дата' is clicked on

08-11-2024T16:14:21 - [TEST_STEP][PASSED] - click(findTestObject("Выручка по ДЗО/Фильтр Дата")): Object: 'Object Repository/Выручка по ДЗО/Фильтр Дата' is clicked on

08-11-2024T16:14:25 - [MESSAGE][PASSED] - Object: 'Object Repository/Выручка по ДЗО/Фильтр Дата' is clicked on

08-11-2024T16:14:25 - [TEST_STEP][PASSED] - click(findTestObject("Выручка по ДЗО/Снять выделение в фильтре Дата")): Object: 'Object Repository/Выручка по ДЗО/Снять выделение в фильтре Дата' is clicked on

08-11-2024T16:14:25 - [MESSAGE][PASSED] - Object: 'Object Repository/Выручка по ДЗО/Снять выделение в фильтре Дата' is clicked on

08-11-2024T16:14:25 - [TEST_STEP][PASSED] - scrollToElement(findTestObject("Выручка по ДЗО/2024 список"), 30): Scroll to object 'Object Repository/Выручка по ДЗО/2024 список' successfully

08-11-2024T16:14:26 - [MESSAGE][PASSED] - Scroll to object 'Object Repository/Выручка по ДЗО/2024 список' successfully

08-11-2024T16:14:26 - [TEST_STEP][PASSED] - click(findTestObject("Выручка по ДЗО/2024 список")): Object: 'Object Repository/Выручка по ДЗО/2024 список' is clicked on

08-11-2024T16:14:26 - [MESSAGE][PASSED] - Object: 'Object Repository/Выручка по ДЗО/2024 список' is clicked on

08-11-2024T16:14:26 - [TEST_STEP][PASSED] - scrollToElement(findTestObject("Выручка по ДЗО/1 квартал 2024 выбрать"), 30): Scroll to object 'Object Repository/Выручка по ДЗО/1 квартал 2024 выбрать' successfully

08-11-2024T16:14:26 - [MESSAGE][PASSED] - Scroll to object 'Object Repository/Выручка по ДЗО/1 квартал 2024 выбрать' successfully

08-11-2024T16:14:26 - [TEST_STEP][PASSED] - click(findTestObject("Выручка по ДЗО/1 квартал 2024 выбрать")): Object: 'Object Repository/Выручка по ДЗО/1 квартал 2024 выбрать' is clicked on

08-11-2024T16:14:27 - [MESSAGE][PASSED] - Object: 'Object Repository/Выручка по ДЗО/1 квартал 2024 выбрать' is clicked on

08-11-2024T16:14:27 - [TEST_STEP][PASSED] - scrollToElement(findTestObject("Выручка по ДЗО/2 квартал 2024 выбрать"), 30): Scroll to object 'Object Repository/Выручка по ДЗО/2 квартал 2024 выбрать' successfully

08-11-2024T16:14:27 - [MESSAGE][PASSED] - Scroll to object 'Object Repository/Выручка по ДЗО/2 квартал 2024 выбрать' successfully

08-11-2024T16:14:27 - [TEST_STEP][PASSED] - click(findTestObject("Выручка по ДЗО/2 квартал 2024 выбрать"), CONTINUE_ON_FAILURE): Object: 'Object Repository/Выручка по ДЗО/2 квартал 2024 выбрать' is clicked on

08-11-2024T16:14:28 - [MESSAGE][PASSED] - Object: 'Object Repository/Выручка по ДЗО/2 квартал 2024 выбрать' is clicked on

08-11-2024T16:14:28 - [TEST_STEP][PASSED] - scrollToElement(findTestObject("Выручка по ДЗО/3 квартал 2024 список"), 30): Scroll to object 'Object Repository/Выручка по ДЗО/3 квартал 2024 список' successfully

08-11-2024T16:14:28 - [MESSAGE][PASSED] - Scroll to object 'Object Repository/Выручка по ДЗО/3 квартал 2024 список' successfully

08-11-2024T16:14:28 - [TEST_STEP][PASSED] - click(findTestObject("Выручка по ДЗО/3 квартал 2024 выбрать"), CONTINUE_ON_FAILURE): Object: 'Object Repository/Выручка по ДЗО/3 квартал 2024 выбрать' is clicked on

08-11-2024T16:14:28 - [MESSAGE][PASSED] - Object: 'Object Repository/Выручка по ДЗО/3 квартал 2024 выбрать' is clicked on

08-11-2024T16:14:28 - [TEST_STEP][PASSED] - scrollToElement(findTestObject("Выручка по ДЗО/Заголовок дашборда"), 30): Scroll to object 'Object Repository/Выручка по ДЗО/Заголовок дашборда' successfully

08-11-2024T16:14:29 - [MESSAGE][PASSED] - Scroll to object 'Object Repository/Выручка по ДЗО/Заголовок дашборда' successfully

08-11-2024T16:14:29 - [TEST_STEP][PASSED] - click(findTestObject("Выручка по ДЗО/Применить в фильтре Дата")): Object: 'Object Repository/Выручка по ДЗО/Применить в фильтре Дата' is clicked on

08-11-2024T16:14:29 - [MESSAGE][PASSED] - Object: 'Object Repository/Выручка по ДЗО/Применить в фильтре Дата' is clicked on

08-11-2024T16:14:29 - [TEST_STEP][PASSED] - a3 = "": null

08-11-2024T16:14:29 - [TEST_STEP][PASSED] - a4 = "": null

08-11-2024T16:14:29 - [TEST_STEP][PASSED] - a5 = "": null

08-11-2024T16:14:29 - [TEST_STEP][PASSED] - a6 = "": null

08-11-2024T16:14:29 - [TEST_STEP][PASSED] - a7 = "": null

08-11-2024T16:14:29 - [TEST_STEP][PASSED] - a8 = "": null

08-11-2024T16:14:29 - [TEST_STEP][PASSED] - a9 = "": null

08-11-2024T16:14:29 - [TEST_STEP][PASSED] - if (run == 1): null

08-11-2024T16:14:29 - [TEST_STEP][PASSED] - if (run == 2): null

08-11-2024T16:14:29 - [TEST_STEP][PASSED] - if (run == 3): null

08-11-2024T16:14:29 - [TEST_STEP][PASSED] - user = "Попова": null

08-11-2024T16:14:29 - [TEST_STEP][PASSED] - a1 = getText(findTestObject("Выручка по ДЗО/График1 Выполнение плановых показателей Блок руководителя")): Text of object 'Object Repository/Выручка по ДЗО/График1 Выполнение плановых показателей Блок руководителя' is: '1 376 1 376
3 393 3 393
58 100 58 100
56 758 56 758
73 967 73 967
152 892 152 892
23 234 23 234
38 849 38 849
50 960 50 960
6 962 6 962
61 784 61 784
76 788 76 788
230 075 230 075
84 937 84 937
91 081 91 081
38 611 38 611
7 049 7 049
1 615 1 615
3 461 3 461
58 125 58 125
60 228 60 228
77 822 77 822
159 792 159 792
24 054 24 054
39 689 39 689
53 076 53 076
7 175 7 175
57 472 57 472
78 503 78 503
204 982 204 982
88 347 88 347
94 954 94 954
39 927 39 927
7 326 7 326
План
Факт
АО «Тываэнерго»
АО «Чеченэнерго»
Россети Волга
Россети Кубань
Россети Ленэнерго (ГК)
Россети Московский регион
Россети Северный Кавказ (ГК)
Россети Северо-Запад
Россети Сибирь (ГК)
Россети Томск
Россети Тюмень
Россети Урал (ГК)
Россети ФСК ЕЭС
Россети Центр
Россети Центр и Приволжье (ГК)
Россети Юг (ГК)
Россети Янтарь
0 млн. руб.
25 000 млн. руб.
50 000 млн. руб.
75 000 млн. руб.
100 000 млн. руб.
125 000 млн. руб.
150 000 млн. руб.
175 000 млн. руб.
200 000 млн. руб.
225 000 млн. руб.
250 000 млн. руб.'

08-11-2024T16:14:32 - [MESSAGE][PASSED] - Text of object 'Object Repository/Выручка по ДЗО/График1 Выполнение плановых показателей Блок руководителя' is: '1 376 1 376
3 393 3 393
58 100 58 100
56 758 56 758
73 967 73 967
152 892 152 892
23 234 23 234
38 849 38 849
50 960 50 960
6 962 6 962
61 784 61 784
76 788 76 788
230 075 230 075
84 937 84 937
91 081 91 081
38 611 38 611
7 049 7 049
1 615 1 615
3 461 3 461
58 125 58 125
60 228 60 228
77 822 77 822
159 792 159 792
24 054 24 054
39 689 39 689
53 076 53 076
7 175 7 175
57 472 57 472
78 503 78 503
204 982 204 982
88 347 88 347
94 954 94 954
39 927 39 927
7 326 7 326
План
Факт
АО «Тываэнерго»
АО «Чеченэнерго»
Россети Волга
Россети Кубань
Россети Ленэнерго (ГК)
Россети Московский регион
Россети Северный Кавказ (ГК)
Россети Северо-Запад
Россети Сибирь (ГК)
Россети Томск
Россети Тюмень
Россети Урал (ГК)
Россети ФСК ЕЭС
Россети Центр
Россети Центр и Приволжье (ГК)
Россети Юг (ГК)
Россети Янтарь
0 млн. руб.
25 000 млн. руб.
50 000 млн. руб.
75 000 млн. руб.
100 000 млн. руб.
125 000 млн. руб.
150 000 млн. руб.
175 000 млн. руб.
200 000 млн. руб.
225 000 млн. руб.
250 000 млн. руб.'

08-11-2024T16:14:32 - [TEST_STEP][PASSED] - a2 = getText(findTestObject("Выручка по ДЗО/График2 Выполнение плановых показателей Блок руководителя")): Text of object 'Object Repository/Выручка по ДЗО/График2 Выполнение плановых показателей Блок руководителя' is: '0,15%0,15%
0,33%0,33%
5,5%5,5%
5,7%5,7%
7,37%7,37%
15,12%15,12%
2,28%2,28%
3,76%3,76%
5,02%5,02%
0,68%0,68%
5,44%5,44%
7,43%7,43%
19,4%19,4%
8,36%8,36%
8,99%8,99%
3,78%3,78%
0,69%0,69%
АО «Тываэнерго»
АО «Чеченэнерго»
Россети Волга
Россети Кубань
Россети Ленэнерго (ГК)
Россети Московский регион
Россети Северный Кавказ (ГК)
Россети Северо-Запад
Россети Сибирь (ГК)
Россети Томск
Россети Тюмень
Россети Урал (ГК)
Россети ФСК ЕЭС
Россети Центр
Россети Центр и Приволжье (ГК)
Россети Юг (ГК)
Россети Янтарь
Россети Центр и Приволжье (ГК): 94 954 028,58'

08-11-2024T16:14:32 - [MESSAGE][PASSED] - Text of object 'Object Repository/Выручка по ДЗО/График2 Выполнение плановых показателей Блок руководителя' is: '0,15%0,15%
0,33%0,33%
5,5%5,5%
5,7%5,7%
7,37%7,37%
15,12%15,12%
2,28%2,28%
3,76%3,76%
5,02%5,02%
0,68%0,68%
5,44%5,44%
7,43%7,43%
19,4%19,4%
8,36%8,36%
8,99%8,99%
3,78%3,78%
0,69%0,69%
АО «Тываэнерго»
АО «Чеченэнерго»
Россети Волга
Россети Кубань
Россети Ленэнерго (ГК)
Россети Московский регион
Россети Северный Кавказ (ГК)
Россети Северо-Запад
Россети Сибирь (ГК)
Россети Томск
Россети Тюмень
Россети Урал (ГК)
Россети ФСК ЕЭС
Россети Центр
Россети Центр и Приволжье (ГК)
Россети Юг (ГК)
Россети Янтарь
Россети Центр и Приволжье (ГК): 94 954 028,58'

08-11-2024T16:14:32 - [TEST_STEP][PASSED] - a2 = indexOf("АО «Тываэнерго»")).replaceAll("[а-яА-Я]", ""): null

08-11-2024T16:14:32 - [TEST_STEP][PASSED] - n = n + 29: null

08-11-2024T16:14:32 - [TEST_STEP][PASSED] - b = n - run + 1: null

08-11-2024T16:14:32 - [TEST_STEP][PASSED] - verifyEqual(findTestData("PlanFact").getValue(2, b), a1): Actual object '1 376 1 376
3 393 3 393
58 100 58 100
56 758 56 758
73 967 73 967
152 892 152 892
23 234 23 234
38 849 38 849
50 960 50 960
6 962 6 962
61 784 61 784
76 788 76 788
230 075 230 075
84 937 84 937
91 081 91 081
38 611 38 611
7 049 7 049
1 615 1 615
3 461 3 461
58 125 58 125
60 228 60 228
77 822 77 822
159 792 159 792
24 054 24 054
39 689 39 689
53 076 53 076
7 175 7 175
57 472 57 472
78 503 78 503
204 982 204 982
88 347 88 347
94 954 94 954
39 927 39 927
7 326 7 326
План
Факт
АО «Тываэнерго»
АО «Чеченэнерго»
Россети Волга
Россети Кубань
Россети Ленэнерго (ГК)
Россети Московский регион
Россети Северный Кавказ (ГК)
Россети Северо-Запад
Россети Сибирь (ГК)
Россети Томск
Россети Тюмень
Россети Урал (ГК)
Россети ФСК ЕЭС
Россети Центр
Россети Центр и Приволжье (ГК)
Россети Юг (ГК)
Россети Янтарь
0 млн. руб.
25 000 млн. руб.
50 000 млн. руб.
75 000 млн. руб.
100 000 млн. руб.
125 000 млн. руб.
150 000 млн. руб.
175 000 млн. руб.
200 000 млн. руб.
225 000 млн. руб.
250 000 млн. руб.' and expected object '1 376 1 376
3 393 3 393
58 100 58 100
56 758 56 758
73 967 73 967
152 892 152 892
23 234 23 234
38 849 38 849
50 960 50 960
6 962 6 962
61 784 61 784
76 788 76 788
230 075 230 075
84 937 84 937
91 081 91 081
38 611 38 611
7 049 7 049
1 615 1 615
3 461 3 461
58 125 58 125
60 228 60 228
77 822 77 822
159 792 159 792
24 054 24 054
39 689 39 689
53 076 53 076
7 175 7 175
57 472 57 472
78 503 78 503
204 982 204 982
88 347 88 347
94 954 94 954
39 927 39 927
7 326 7 326
План
Факт
АО «Тываэнерго»
АО «Чеченэнерго»
Россети Волга
Россети Кубань
Россети Ленэнерго (ГК)
Россети Московский регион
Россети Северный Кавказ (ГК)
Россети Северо-Запад
Россети Сибирь (ГК)
Россети Томск
Россети Тюмень
Россети Урал (ГК)
Россети ФСК ЕЭС
Россети Центр
Россети Центр и Приволжье (ГК)
Россети Юг (ГК)
Россети Янтарь
0 млн. руб.
25 000 млн. руб.
50 000 млн. руб.
75 000 млн. руб.
100 000 млн. руб.
125 000 млн. руб.
150 000 млн. руб.
175 000 млн. руб.
200 000 млн. руб.
225 000 млн. руб.
250 000 млн. руб.' are equal

08-11-2024T16:14:32 - [MESSAGE][PASSED] - Actual object '1 376 1 376
3 393 3 393
58 100 58 100
56 758 56 758
73 967 73 967
152 892 152 892
23 234 23 234
38 849 38 849
50 960 50 960
6 962 6 962
61 784 61 784
76 788 76 788
230 075 230 075
84 937 84 937
91 081 91 081
38 611 38 611
7 049 7 049
1 615 1 615
3 461 3 461
58 125 58 125
60 228 60 228
77 822 77 822
159 792 159 792
24 054 24 054
39 689 39 689
53 076 53 076
7 175 7 175
57 472 57 472
78 503 78 503
204 982 204 982
88 347 88 347
94 954 94 954
39 927 39 927
7 326 7 326
План
Факт
АО «Тываэнерго»
АО «Чеченэнерго»
Россети Волга
Россети Кубань
Россети Ленэнерго (ГК)
Россети Московский регион
Россети Северный Кавказ (ГК)
Россети Северо-Запад
Россети Сибирь (ГК)
Россети Томск
Россети Тюмень
Россети Урал (ГК)
Россети ФСК ЕЭС
Россети Центр
Россети Центр и Приволжье (ГК)
Россети Юг (ГК)
Россети Янтарь
0 млн. руб.
25 000 млн. руб.
50 000 млн. руб.
75 000 млн. руб.
100 000 млн. руб.
125 000 млн. руб.
150 000 млн. руб.
175 000 млн. руб.
200 000 млн. руб.
225 000 млн. руб.
250 000 млн. руб.' and expected object '1 376 1 376
3 393 3 393
58 100 58 100
56 758 56 758
73 967 73 967
152 892 152 892
23 234 23 234
38 849 38 849
50 960 50 960
6 962 6 962
61 784 61 784
76 788 76 788
230 075 230 075
84 937 84 937
91 081 91 081
38 611 38 611
7 049 7 049
1 615 1 615
3 461 3 461
58 125 58 125
60 228 60 228
77 822 77 822
159 792 159 792
24 054 24 054
39 689 39 689
53 076 53 076
7 175 7 175
57 472 57 472
78 503 78 503
204 982 204 982
88 347 88 347
94 954 94 954
39 927 39 927
7 326 7 326
План
Факт
АО «Тываэнерго»
АО «Чеченэнерго»
Россети Волга
Россети Кубань
Россети Ленэнерго (ГК)
Россети Московский регион
Россети Северный Кавказ (ГК)
Россети Северо-Запад
Россети Сибирь (ГК)
Россети Томск
Россети Тюмень
Россети Урал (ГК)
Россети ФСК ЕЭС
Россети Центр
Россети Центр и Приволжье (ГК)
Россети Юг (ГК)
Россети Янтарь
0 млн. руб.
25 000 млн. руб.
50 000 млн. руб.
75 000 млн. руб.
100 000 млн. руб.
125 000 млн. руб.
150 000 млн. руб.
175 000 млн. руб.
200 000 млн. руб.
225 000 млн. руб.
250 000 млн. руб.' are equal

08-11-2024T16:14:32 - [TEST_STEP][PASSED] - verifyEqual(findTestData("PlanFact").getValue(3, b), a2): Actual object '0,15%0,15%
0,33%0,33%
5,5%5,5%
5,7%5,7%
7,37%7,37%
15,12%15,12%
2,28%2,28%
3,76%3,76%
5,02%5,02%
0,68%0,68%
5,44%5,44%
7,43%7,43%
19,4%19,4%
8,36%8,36%
8,99%8,99%
3,78%3,78%
0,69%0,69%
' and expected object '0,15%0,15%
0,33%0,33%
5,5%5,5%
5,7%5,7%
7,37%7,37%
15,12%15,12%
2,28%2,28%
3,76%3,76%
5,02%5,02%
0,68%0,68%
5,44%5,44%
7,43%7,43%
19,4%19,4%
8,36%8,36%
8,99%8,99%
3,78%3,78%
0,69%0,69%
' are equal

08-11-2024T16:14:32 - [MESSAGE][PASSED] - Actual object '0,15%0,15%
0,33%0,33%
5,5%5,5%
5,7%5,7%
7,37%7,37%
15,12%15,12%
2,28%2,28%
3,76%3,76%
5,02%5,02%
0,68%0,68%
5,44%5,44%
7,43%7,43%
19,4%19,4%
8,36%8,36%
8,99%8,99%
3,78%3,78%
0,69%0,69%
' and expected object '0,15%0,15%
0,33%0,33%
5,5%5,5%
5,7%5,7%
7,37%7,37%
15,12%15,12%
2,28%2,28%
3,76%3,76%
5,02%5,02%
0,68%0,68%
5,44%5,44%
7,43%7,43%
19,4%19,4%
8,36%8,36%
8,99%8,99%
3,78%3,78%
0,69%0,69%
' are equal

08-11-2024T16:14:32 - [TEST_STEP][PASSED] - Script1686231490255.WriteToExcel(user, dashboardName, n, data, run, a1, a2, a3, a4, a5, a6, a7, a8, a9): null

08-11-2024T16:14:32 - [TEST_STEP][PASSED] - sheetName = "Sheet1": null

08-11-2024T16:14:32 - [TEST_STEP][PASSED] - workbook01 = getWorkbook(excelFilePath): null

08-11-2024T16:14:32 - [TEST_STEP][PASSED] - sheet01 = getExcelSheet(workbook01, sheetName): null

08-11-2024T16:14:32 - [TEST_STEP][PASSED] - setValueToCellByIndex(sheet01, n, 0, dashboardName): null

08-11-2024T16:14:32 - [TEST_STEP][PASSED] - setValueToCellByIndex(sheet01, n, 10, user): null

08-11-2024T16:14:32 - [TEST_STEP][PASSED] - setValueToCellByIndex(sheet01, n, 1, a1): null

08-11-2024T16:14:32 - [TEST_STEP][PASSED] - setValueToCellByIndex(sheet01, n, 2, a2): null

08-11-2024T16:14:32 - [TEST_STEP][PASSED] - setValueToCellByIndex(sheet01, n, 3, a3): null

08-11-2024T16:14:32 - [TEST_STEP][PASSED] - setValueToCellByIndex(sheet01, n, 4, a4): null

08-11-2024T16:14:32 - [TEST_STEP][PASSED] - setValueToCellByIndex(sheet01, n, 5, a5): null

08-11-2024T16:14:32 - [TEST_STEP][PASSED] - setValueToCellByIndex(sheet01, n, 6, a6): null

08-11-2024T16:14:32 - [TEST_STEP][PASSED] - setValueToCellByIndex(sheet01, n, 7, a7): null

08-11-2024T16:14:32 - [TEST_STEP][PASSED] - setValueToCellByIndex(sheet01, n, 8, a8): null

08-11-2024T16:14:32 - [TEST_STEP][PASSED] - setValueToCellByIndex(sheet01, n, 9, a9): null

08-11-2024T16:14:32 - [TEST_STEP][PASSED] - n = n + 1: null

08-11-2024T16:14:32 - [TEST_STEP][PASSED] - saveWorkbook(excelFilePath, workbook01): null

08-11-2024T16:14:33 - [TEST_STEP][PASSED] - closeBrowser(): Browser is closed

08-11-2024T16:14:33 - [MESSAGE][PASSED] - Browser is closed

08-11-2024T16:14:33 - [TEST_STEP][PASSED] - delay(65): Delayed 65 second(s)

08-11-2024T16:15:38 - [MESSAGE][PASSED] - Delayed 65 second(s)

08-11-2024T16:15:38 - [TEST_STEP][PASSED] - for ([run = 1, run < 4, (run++)]): null

08-11-2024T16:15:38 - [TEST_STEP][PASSED] - PrognozPoDZO(user, dashboardName, n, data, run, a1, a2, a3, a4, a5, a6, a7, a8, a9, urlData): null

08-11-2024T16:15:38 - [TEST_STEP][PASSED] - n = data.getRowNumbers() + 1: null

08-11-2024T16:15:38 - [TEST_STEP][PASSED] - println(n): null

08-11-2024T16:15:38 - [TEST_STEP][PASSED] - dashboardName = "Прогноз по ДЗО": null

08-11-2024T16:15:38 - [TEST_STEP][PASSED] - openBrowser(""): Browser is opened with url: ''

08-11-2024T16:15:38 - [MESSAGE][INFO] - Starting 'Chrome' driver

08-11-2024T16:15:38 - [MESSAGE][INFO] - Action delay is set to 0 milliseconds

08-11-2024T16:15:39 - [MESSAGE][PASSED] - Browser is opened with url: ''

08-11-2024T16:15:39 - [TEST_STEP][PASSED] - urlData = 19: null

08-11-2024T16:15:39 - [TEST_STEP][PASSED] - Script1686231490255.CheckPageDownload(urlData, run): null

08-11-2024T16:15:39 - [TEST_STEP][PASSED] - i = 1: null

08-11-2024T16:15:39 - [TEST_STEP][PASSED] - ii = 0: null

08-11-2024T16:15:39 - [TEST_STEP][PASSED] - urlText = <not implemented yet for class: org.codehaus.groovy.ast.expr.EmptyExpression>: null

08-11-2024T16:15:39 - [TEST_STEP][PASSED] - searchWord = <not implemented yet for class: org.codehaus.groovy.ast.expr.EmptyExpression>: null

08-11-2024T16:15:39 - [TEST_STEP][PASSED] - deleteAllCookies(): Delete all cookies successfully

08-11-2024T16:15:39 - [MESSAGE][PASSED] - Delete all cookies successfully

08-11-2024T16:15:39 - [TEST_STEP][PASSED] - refresh(): Refresh successfully

08-11-2024T16:15:39 - [MESSAGE][PASSED] - Refresh successfully

08-11-2024T16:15:39 - [TEST_STEP][PASSED] - delay(65): Delayed 65 second(s)

08-11-2024T16:16:44 - [MESSAGE][PASSED] - Delayed 65 second(s)

08-11-2024T16:16:44 - [TEST_STEP][PASSED] - navigateToUrl(findTestData("PlanFact").getValue(10, urlData)): Navigate to 'https://bi.rosseti.digital/viewer?dashboardGuid=d6acb5b1a7114a9791b34de39263106e&sheetGuid=752a4d1009e74632abe0071aea7fa3c6&fit=true' successfully

08-11-2024T16:16:52 - [MESSAGE][PASSED] - Navigate to 'https://bi.rosseti.digital/viewer?dashboardGuid=d6acb5b1a7114a9791b34de39263106e&sheetGuid=752a4d1009e74632abe0071aea7fa3c6&fit=true' successfully

08-11-2024T16:16:52 - [TEST_STEP][PASSED] - pageLoaded1 = verifyElementPresent(findTestObject("Страница авторизации/Text"), 30): Object 'Object Repository/Страница авторизации/Text' is present

08-11-2024T16:16:56 - [MESSAGE][PASSED] - Object 'Object Repository/Страница авторизации/Text' is present

08-11-2024T16:16:56 - [TEST_STEP][PASSED] - if (pageLoaded1 == false): null

08-11-2024T16:16:56 - [TEST_STEP][PASSED] - urlText = getText(findTestObject("Страница авторизации/Text")): Text of object 'Object Repository/Страница авторизации/Text' is: 'Вход'

08-11-2024T16:16:56 - [MESSAGE][PASSED] - Text of object 'Object Repository/Страница авторизации/Text' is: 'Вход'

08-11-2024T16:16:56 - [TEST_STEP][PASSED] - delay(65): Delayed 65 second(s)

08-11-2024T16:18:01 - [MESSAGE][PASSED] - Delayed 65 second(s)

08-11-2024T16:18:01 - [TEST_STEP][PASSED] - searchWord = "Вход": null

08-11-2024T16:18:01 - [TEST_STEP][PASSED] - if (urlText.contains(searchWord) == false): null

08-11-2024T16:18:01 - [TEST_STEP][PASSED] - setText(findTestObject("Страница авторизации/input__username"), findTestData("PlanFact").getValue(8, run)): Text 'liazgina-di' is set on object 'Object Repository/Страница авторизации/input__username'

08-11-2024T16:18:02 - [MESSAGE][PASSED] - Text 'liazgina-di' is set on object 'Object Repository/Страница авторизации/input__username'

08-11-2024T16:18:02 - [TEST_STEP][PASSED] - setText(findTestObject("Страница авторизации/input__password"), findTestData("PlanFact").getValue(9, run)): Text ')$%5srZ8o688Dm#q' is set on object 'Object Repository/Страница авторизации/input__password'

08-11-2024T16:18:03 - [MESSAGE][PASSED] - Text ')$%5srZ8o688Dm#q' is set on object 'Object Repository/Страница авторизации/input__password'

08-11-2024T16:18:03 - [TEST_STEP][PASSED] - click(findTestObject("Страница авторизации/button_")): Object: 'Object Repository/Страница авторизации/button_' is clicked on

08-11-2024T16:18:06 - [MESSAGE][PASSED] - Object: 'Object Repository/Страница авторизации/button_' is clicked on

08-11-2024T16:18:06 - [TEST_STEP][PASSED] - delay(65): Delayed 65 second(s)

08-11-2024T16:19:11 - [MESSAGE][PASSED] - Delayed 65 second(s)

08-11-2024T16:19:11 - [TEST_STEP][PASSED] - searchWord = "а": null

08-11-2024T16:19:11 - [TEST_STEP][PASSED] - pageLoaded2 = verifyElementPresent(findTestObject("Страница авторизации/Text"), 50): Object 'Object Repository/Страница авторизации/Text' is present

08-11-2024T16:19:11 - [MESSAGE][PASSED] - Object 'Object Repository/Страница авторизации/Text' is present

08-11-2024T16:19:11 - [TEST_STEP][PASSED] - if (pageLoaded2 == false): null

08-11-2024T16:19:11 - [TEST_STEP][PASSED] - urlText = getText(findTestObject("Страница авторизации/Text")): Text of object 'Object Repository/Страница авторизации/Text' is: 'Сравнение с 
План
абс.
%
Отклонения по ПАО Россети на 2024 год
⬤ Отклонение, %
Выручка отклонения по ПАО Россети на 2024 год
⬤ Отклонение, %
Год 
2024 год
Динамика электропотребления, млрд. кВт.ч.
У виджета нет данных
Выручка, млрд. руб.
У виджета нет данных
Прогноз на месяц 
Ноябрь
КПО/Отпуск из сети 
Отпуск из сети, млн. кВт.ч
Организация 
Все

Прогноз электропотребления и выручки за услуги по передаче в разрезе ДЗО'

08-11-2024T16:19:12 - [MESSAGE][PASSED] - Text of object 'Object Repository/Страница авторизации/Text' is: 'Сравнение с 
План
абс.
%
Отклонения по ПАО Россети на 2024 год
⬤ Отклонение, %
Выручка отклонения по ПАО Россети на 2024 год
⬤ Отклонение, %
Год 
2024 год
Динамика электропотребления, млрд. кВт.ч.
У виджета нет данных
Выручка, млрд. руб.
У виджета нет данных
Прогноз на месяц 
Ноябрь
КПО/Отпуск из сети 
Отпуск из сети, млн. кВт.ч
Организация 
Все

Прогноз электропотребления и выручки за услуги по передаче в разрезе ДЗО'

08-11-2024T16:19:12 - [TEST_STEP][PASSED] - if (urlText.contains("ошибка") || urlText.contains(searchWord) == false): null

08-11-2024T16:19:12 - [TEST_STEP][PASSED] - a3 = "": null

08-11-2024T16:19:12 - [TEST_STEP][PASSED] - a4 = "": null

08-11-2024T16:19:12 - [TEST_STEP][PASSED] - a5 = "": null

08-11-2024T16:19:12 - [TEST_STEP][PASSED] - a6 = "": null

08-11-2024T16:19:12 - [TEST_STEP][PASSED] - a7 = "": null

08-11-2024T16:19:12 - [TEST_STEP][PASSED] - a8 = "": null

08-11-2024T16:19:12 - [TEST_STEP][PASSED] - a9 = "": null

08-11-2024T16:19:12 - [TEST_STEP][PASSED] - if (run == 1): null

08-11-2024T16:19:12 - [TEST_STEP][PASSED] - user = "админ": null

08-11-2024T16:19:12 - [TEST_STEP][PASSED] - a1 = getText(findTestObject("Прогноз по ДЗО/График1")): Text of object 'Object Repository/Прогноз по ДЗО/График1' is: 'Динамика электропотребления, млрд. кВт.ч.
У виджета нет данных'

08-11-2024T16:19:12 - [MESSAGE][PASSED] - Text of object 'Object Repository/Прогноз по ДЗО/График1' is: 'Динамика электропотребления, млрд. кВт.ч.
У виджета нет данных'

08-11-2024T16:19:12 - [TEST_STEP][PASSED] - i = a1.indexOf("по ПАО Россети на 2023 год"): null

08-11-2024T16:19:12 - [TEST_STEP][PASSED] - if (i > -1): null

08-11-2024T16:19:12 - [TEST_STEP][PASSED] - i = a1.indexOf("Динамика электропотребления, млн. кВт.ч."): null

08-11-2024T16:19:12 - [TEST_STEP][PASSED] - if (i > -1): null

08-11-2024T16:19:12 - [TEST_STEP][PASSED] - a1 = a1.trim(): null

08-11-2024T16:19:12 - [TEST_STEP][PASSED] - a2 = getText(findTestObject("Прогноз по ДЗО/График2")): Text of object 'Object Repository/Прогноз по ДЗО/График2' is: 'Выручка, млрд. руб.
У виджета нет данных'

08-11-2024T16:19:12 - [MESSAGE][PASSED] - Text of object 'Object Repository/Прогноз по ДЗО/График2' is: 'Выручка, млрд. руб.
У виджета нет данных'

08-11-2024T16:19:12 - [TEST_STEP][PASSED] - a3 = getText(findTestObject("Прогноз по ДЗО/График3")): Text of object 'Object Repository/Прогноз по ДЗО/График3' is: 'Отклонения по ПАО Россети на 2024 год
⬤ Отклонение, %'

08-11-2024T16:19:13 - [MESSAGE][PASSED] - Text of object 'Object Repository/Прогноз по ДЗО/График3' is: 'Отклонения по ПАО Россети на 2024 год
⬤ Отклонение, %'

08-11-2024T16:19:13 - [TEST_STEP][PASSED] - a4 = getText(findTestObject("Прогноз по ДЗО/График4")): Text of object 'Object Repository/Прогноз по ДЗО/График4' is: 'Выручка отклонения по ПАО Россети на 2024 год
⬤ Отклонение, %'

08-11-2024T16:19:13 - [MESSAGE][PASSED] - Text of object 'Object Repository/Прогноз по ДЗО/График4' is: 'Выручка отклонения по ПАО Россети на 2024 год
⬤ Отклонение, %'

08-11-2024T16:19:13 - [TEST_STEP][PASSED] - click(findTestObject("Прогноз по ДЗО/Переключить отображение с процентов на абс Блок руководителя")): Object: 'Object Repository/Прогноз по ДЗО/Переключить отображение с процентов на абс Блок руководителя' is clicked on

08-11-2024T16:19:13 - [MESSAGE][PASSED] - Object: 'Object Repository/Прогноз по ДЗО/Переключить отображение с процентов на абс Блок руководителя' is clicked on

08-11-2024T16:19:13 - [TEST_STEP][PASSED] - a5 = getText(findTestObject("Прогноз по ДЗО/График5")): Text of object 'Object Repository/Прогноз по ДЗО/График5' is: 'Отклонения по ПАО Россети на 2024 год
⬤ Отклонение, млн. кВт.ч'

08-11-2024T16:19:14 - [MESSAGE][PASSED] - Text of object 'Object Repository/Прогноз по ДЗО/График5' is: 'Отклонения по ПАО Россети на 2024 год
⬤ Отклонение, млн. кВт.ч'

08-11-2024T16:19:14 - [TEST_STEP][PASSED] - a6 = getText(findTestObject("Прогноз по ДЗО/График6")): Text of object 'Object Repository/Прогноз по ДЗО/График6' is: 'Выручка отклонения по ПАО Россети на 2024 год
⬤ Отклонение, млн. руб'

08-11-2024T16:19:14 - [MESSAGE][PASSED] - Text of object 'Object Repository/Прогноз по ДЗО/График6' is: 'Выручка отклонения по ПАО Россети на 2024 год
⬤ Отклонение, млн. руб'

08-11-2024T16:19:14 - [TEST_STEP][PASSED] - click(findTestObject("Прогноз по ДЗО/Переключить отображение с абс на проценты")): Object: 'Object Repository/Прогноз по ДЗО/Переключить отображение с абс на проценты' is clicked on

08-11-2024T16:19:14 - [MESSAGE][PASSED] - Object: 'Object Repository/Прогноз по ДЗО/Переключить отображение с абс на проценты' is clicked on

08-11-2024T16:19:14 - [TEST_STEP][PASSED] - n = n + 30: null

08-11-2024T16:19:14 - [TEST_STEP][PASSED] - Script1686231490255.WriteToExcel(user, dashboardName, n, data, run, a1, a2, a3, a4, a5, a6, a7, a8, a9): null

08-11-2024T16:19:14 - [TEST_STEP][PASSED] - sheetName = "Sheet1": null

08-11-2024T16:19:14 - [TEST_STEP][PASSED] - workbook01 = getWorkbook(excelFilePath): null

08-11-2024T16:19:14 - [TEST_STEP][PASSED] - sheet01 = getExcelSheet(workbook01, sheetName): null

08-11-2024T16:19:14 - [TEST_STEP][PASSED] - setValueToCellByIndex(sheet01, n, 0, dashboardName): null

08-11-2024T16:19:14 - [TEST_STEP][PASSED] - setValueToCellByIndex(sheet01, n, 10, user): null

08-11-2024T16:19:14 - [TEST_STEP][PASSED] - setValueToCellByIndex(sheet01, n, 1, a1): null

08-11-2024T16:19:14 - [TEST_STEP][PASSED] - setValueToCellByIndex(sheet01, n, 2, a2): null

08-11-2024T16:19:14 - [TEST_STEP][PASSED] - setValueToCellByIndex(sheet01, n, 3, a3): null

08-11-2024T16:19:14 - [TEST_STEP][PASSED] - setValueToCellByIndex(sheet01, n, 4, a4): null

08-11-2024T16:19:14 - [TEST_STEP][PASSED] - setValueToCellByIndex(sheet01, n, 5, a5): null

08-11-2024T16:19:14 - [TEST_STEP][PASSED] - setValueToCellByIndex(sheet01, n, 6, a6): null

08-11-2024T16:19:14 - [TEST_STEP][PASSED] - setValueToCellByIndex(sheet01, n, 7, a7): null

08-11-2024T16:19:14 - [TEST_STEP][PASSED] - setValueToCellByIndex(sheet01, n, 8, a8): null

08-11-2024T16:19:14 - [TEST_STEP][PASSED] - setValueToCellByIndex(sheet01, n, 9, a9): null

08-11-2024T16:19:14 - [TEST_STEP][PASSED] - n = n + 1: null

08-11-2024T16:19:14 - [TEST_STEP][PASSED] - saveWorkbook(excelFilePath, workbook01): null

08-11-2024T16:19:15 - [TEST_STEP][PASSED] - if (run == 2): null

08-11-2024T16:19:15 - [TEST_STEP][PASSED] - if (run == 3): null

08-11-2024T16:19:15 - [TEST_STEP][PASSED] - closeBrowser(): null

08-11-2024T16:19:15 - [MESSAGE][PASSED] - Browser is closed

08-11-2024T16:19:15 - [TEST_STEP][PASSED] - PrognozPoDZO(user, dashboardName, n, data, run, a1, a2, a3, a4, a5, a6, a7, a8, a9, urlData): null

08-11-2024T16:19:15 - [TEST_STEP][PASSED] - n = data.getRowNumbers() + 1: null

08-11-2024T16:19:15 - [TEST_STEP][PASSED] - println(n): null

08-11-2024T16:19:15 - [TEST_STEP][PASSED] - dashboardName = "Прогноз по ДЗО": null

08-11-2024T16:19:15 - [TEST_STEP][PASSED] - openBrowser(""): Browser is opened with url: ''

08-11-2024T16:19:15 - [MESSAGE][INFO] - Starting 'Chrome' driver

08-11-2024T16:19:15 - [MESSAGE][INFO] - Action delay is set to 0 milliseconds

08-11-2024T16:19:16 - [MESSAGE][PASSED] - Browser is opened with url: ''

08-11-2024T16:19:16 - [TEST_STEP][PASSED] - urlData = 19: null

08-11-2024T16:19:16 - [TEST_STEP][PASSED] - Script1686231490255.CheckPageDownload(urlData, run): null

08-11-2024T16:19:16 - [TEST_STEP][PASSED] - i = 1: null

08-11-2024T16:19:16 - [TEST_STEP][PASSED] - ii = 0: null

08-11-2024T16:19:16 - [TEST_STEP][PASSED] - urlText = <not implemented yet for class: org.codehaus.groovy.ast.expr.EmptyExpression>: null

08-11-2024T16:19:16 - [TEST_STEP][PASSED] - searchWord = <not implemented yet for class: org.codehaus.groovy.ast.expr.EmptyExpression>: null

08-11-2024T16:19:16 - [TEST_STEP][PASSED] - deleteAllCookies(): Delete all cookies successfully

08-11-2024T16:19:16 - [MESSAGE][PASSED] - Delete all cookies successfully

08-11-2024T16:19:16 - [TEST_STEP][PASSED] - refresh(): Refresh successfully

08-11-2024T16:19:16 - [MESSAGE][PASSED] - Refresh successfully

08-11-2024T16:19:16 - [TEST_STEP][PASSED] - delay(65): Delayed 65 second(s)

08-11-2024T16:20:21 - [MESSAGE][PASSED] - Delayed 65 second(s)

08-11-2024T16:20:21 - [TEST_STEP][PASSED] - navigateToUrl(findTestData("PlanFact").getValue(10, urlData)): Navigate to 'https://bi.rosseti.digital/viewer?dashboardGuid=d6acb5b1a7114a9791b34de39263106e&sheetGuid=752a4d1009e74632abe0071aea7fa3c6&fit=true' successfully

08-11-2024T16:20:34 - [MESSAGE][PASSED] - Navigate to 'https://bi.rosseti.digital/viewer?dashboardGuid=d6acb5b1a7114a9791b34de39263106e&sheetGuid=752a4d1009e74632abe0071aea7fa3c6&fit=true' successfully

08-11-2024T16:20:34 - [TEST_STEP][PASSED] - pageLoaded1 = verifyElementPresent(findTestObject("Страница авторизации/Text"), 30): Object 'Object Repository/Страница авторизации/Text' is present

08-11-2024T16:20:39 - [MESSAGE][PASSED] - Object 'Object Repository/Страница авторизации/Text' is present

08-11-2024T16:20:39 - [TEST_STEP][PASSED] - if (pageLoaded1 == false): null

08-11-2024T16:20:39 - [TEST_STEP][PASSED] - urlText = getText(findTestObject("Страница авторизации/Text")): Text of object 'Object Repository/Страница авторизации/Text' is: 'Вход'

08-11-2024T16:20:39 - [MESSAGE][PASSED] - Text of object 'Object Repository/Страница авторизации/Text' is: 'Вход'

08-11-2024T16:20:39 - [TEST_STEP][PASSED] - delay(65): Delayed 65 second(s)

08-11-2024T16:21:44 - [MESSAGE][PASSED] - Delayed 65 second(s)

08-11-2024T16:21:44 - [TEST_STEP][PASSED] - searchWord = "Вход": null

08-11-2024T16:21:44 - [TEST_STEP][PASSED] - if (urlText.contains(searchWord) == false): null

08-11-2024T16:21:44 - [TEST_STEP][PASSED] - setText(findTestObject("Страница авторизации/input__username"), findTestData("PlanFact").getValue(8, run)): Text 'Andreeva-EV' is set on object 'Object Repository/Страница авторизации/input__username'

08-11-2024T16:21:45 - [MESSAGE][PASSED] - Text 'Andreeva-EV' is set on object 'Object Repository/Страница авторизации/input__username'

08-11-2024T16:21:45 - [TEST_STEP][PASSED] - setText(findTestObject("Страница авторизации/input__password"), findTestData("PlanFact").getValue(9, run)): Text '2nPePKDwCPH3ul7xMZ' is set on object 'Object Repository/Страница авторизации/input__password'

08-11-2024T16:21:46 - [MESSAGE][PASSED] - Text '2nPePKDwCPH3ul7xMZ' is set on object 'Object Repository/Страница авторизации/input__password'

08-11-2024T16:21:46 - [TEST_STEP][PASSED] - click(findTestObject("Страница авторизации/button_")): Object: 'Object Repository/Страница авторизации/button_' is clicked on

08-11-2024T16:21:49 - [MESSAGE][PASSED] - Object: 'Object Repository/Страница авторизации/button_' is clicked on

08-11-2024T16:21:49 - [TEST_STEP][PASSED] - delay(65): Delayed 65 second(s)

08-11-2024T16:22:54 - [MESSAGE][PASSED] - Delayed 65 second(s)

08-11-2024T16:22:54 - [TEST_STEP][PASSED] - searchWord = "а": null

08-11-2024T16:22:54 - [TEST_STEP][PASSED] - pageLoaded2 = verifyElementPresent(findTestObject("Страница авторизации/Text"), 50): Object 'Object Repository/Страница авторизации/Text' is present

08-11-2024T16:22:54 - [MESSAGE][PASSED] - Object 'Object Repository/Страница авторизации/Text' is present

08-11-2024T16:22:54 - [TEST_STEP][PASSED] - if (pageLoaded2 == false): null

08-11-2024T16:22:54 - [TEST_STEP][PASSED] - urlText = getText(findTestObject("Страница авторизации/Text")): Text of object 'Object Repository/Страница авторизации/Text' is: 'Сравнение с 
План
абс.
%
Отклонения по ПАО Россети на 2024 год
⬤ Отклонение, %
Выручка отклонения по ПАО Россети на 2024 год
⬤ Отклонение, %
Год 
2024 год
Динамика электропотребления, млрд. кВт.ч.
У виджета нет данных
Выручка, млрд. руб.
У виджета нет данных
Прогноз на месяц 
Ноябрь
КПО/Отпуск из сети 
Отпуск из сети, млн. кВт.ч
Организация 
Все

Прогноз электропотребления и выручки за услуги по передаче в разрезе ДЗО'

08-11-2024T16:22:55 - [MESSAGE][PASSED] - Text of object 'Object Repository/Страница авторизации/Text' is: 'Сравнение с 
План
абс.
%
Отклонения по ПАО Россети на 2024 год
⬤ Отклонение, %
Выручка отклонения по ПАО Россети на 2024 год
⬤ Отклонение, %
Год 
2024 год
Динамика электропотребления, млрд. кВт.ч.
У виджета нет данных
Выручка, млрд. руб.
У виджета нет данных
Прогноз на месяц 
Ноябрь
КПО/Отпуск из сети 
Отпуск из сети, млн. кВт.ч
Организация 
Все

Прогноз электропотребления и выручки за услуги по передаче в разрезе ДЗО'

08-11-2024T16:22:55 - [TEST_STEP][PASSED] - if (urlText.contains("ошибка") || urlText.contains(searchWord) == false): null

08-11-2024T16:22:55 - [TEST_STEP][PASSED] - a3 = "": null

08-11-2024T16:22:55 - [TEST_STEP][PASSED] - a4 = "": null

08-11-2024T16:22:55 - [TEST_STEP][PASSED] - a5 = "": null

08-11-2024T16:22:55 - [TEST_STEP][PASSED] - a6 = "": null

08-11-2024T16:22:55 - [TEST_STEP][PASSED] - a7 = "": null

08-11-2024T16:22:55 - [TEST_STEP][PASSED] - a8 = "": null

08-11-2024T16:22:55 - [TEST_STEP][PASSED] - a9 = "": null

08-11-2024T16:22:55 - [TEST_STEP][PASSED] - if (run == 1): null

08-11-2024T16:22:55 - [TEST_STEP][PASSED] - if (run == 2): null

08-11-2024T16:22:55 - [TEST_STEP][PASSED] - user = "Андреева": null

08-11-2024T16:22:55 - [TEST_STEP][PASSED] - a1 = getText(findTestObject("Прогноз по ДЗО/График1")): Text of object 'Object Repository/Прогноз по ДЗО/График1' is: 'Динамика электропотребления, млрд. кВт.ч.
У виджета нет данных'

08-11-2024T16:22:55 - [MESSAGE][PASSED] - Text of object 'Object Repository/Прогноз по ДЗО/График1' is: 'Динамика электропотребления, млрд. кВт.ч.
У виджета нет данных'

08-11-2024T16:22:55 - [TEST_STEP][PASSED] - i = a1.indexOf("по ПАО Россети на 2023 год"): null

08-11-2024T16:22:55 - [TEST_STEP][PASSED] - if (i > -1): null

08-11-2024T16:22:55 - [TEST_STEP][PASSED] - i = a1.indexOf("Динамика электропотребления, млн. кВт.ч."): null

08-11-2024T16:22:55 - [TEST_STEP][PASSED] - if (i > -1): null

08-11-2024T16:22:55 - [TEST_STEP][PASSED] - a1 = a1.trim(): null

08-11-2024T16:22:55 - [TEST_STEP][PASSED] - a2 = getText(findTestObject("Прогноз по ДЗО/График2")): Text of object 'Object Repository/Прогноз по ДЗО/График2' is: 'Выручка, млрд. руб.
У виджета нет данных'

08-11-2024T16:22:55 - [MESSAGE][PASSED] - Text of object 'Object Repository/Прогноз по ДЗО/График2' is: 'Выручка, млрд. руб.
У виджета нет данных'

08-11-2024T16:22:55 - [TEST_STEP][PASSED] - a3 = getText(findTestObject("Прогноз по ДЗО/График3")): Text of object 'Object Repository/Прогноз по ДЗО/График3' is: 'Отклонения по ПАО Россети на 2024 год
⬤ Отклонение, %'

08-11-2024T16:22:56 - [MESSAGE][PASSED] - Text of object 'Object Repository/Прогноз по ДЗО/График3' is: 'Отклонения по ПАО Россети на 2024 год
⬤ Отклонение, %'

08-11-2024T16:22:56 - [TEST_STEP][PASSED] - a4 = getText(findTestObject("Прогноз по ДЗО/График4")): Text of object 'Object Repository/Прогноз по ДЗО/График4' is: 'Выручка отклонения по ПАО Россети на 2024 год
⬤ Отклонение, %'

08-11-2024T16:22:56 - [MESSAGE][PASSED] - Text of object 'Object Repository/Прогноз по ДЗО/График4' is: 'Выручка отклонения по ПАО Россети на 2024 год
⬤ Отклонение, %'

08-11-2024T16:22:56 - [TEST_STEP][PASSED] - click(findTestObject("Прогноз по ДЗО/Переключить отображение с процентов на абс Блок руководителя")): Object: 'Object Repository/Прогноз по ДЗО/Переключить отображение с процентов на абс Блок руководителя' is clicked on

08-11-2024T16:22:56 - [MESSAGE][PASSED] - Object: 'Object Repository/Прогноз по ДЗО/Переключить отображение с процентов на абс Блок руководителя' is clicked on

08-11-2024T16:22:56 - [TEST_STEP][PASSED] - a5 = getText(findTestObject("Прогноз по ДЗО/График5")): Text of object 'Object Repository/Прогноз по ДЗО/График5' is: 'Отклонения по ПАО Россети на 2024 год
⬤ Отклонение, млн. кВт.ч'

08-11-2024T16:22:56 - [MESSAGE][PASSED] - Text of object 'Object Repository/Прогноз по ДЗО/График5' is: 'Отклонения по ПАО Россети на 2024 год
⬤ Отклонение, млн. кВт.ч'

08-11-2024T16:22:56 - [TEST_STEP][PASSED] - a6 = getText(findTestObject("Прогноз по ДЗО/График6")): Text of object 'Object Repository/Прогноз по ДЗО/График6' is: 'Выручка отклонения по ПАО Россети на 2024 год
⬤ Отклонение, млн. руб'

08-11-2024T16:22:57 - [MESSAGE][PASSED] - Text of object 'Object Repository/Прогноз по ДЗО/График6' is: 'Выручка отклонения по ПАО Россети на 2024 год
⬤ Отклонение, млн. руб'

08-11-2024T16:22:57 - [TEST_STEP][PASSED] - click(findTestObject("Прогноз по ДЗО/Переключить отображение с абс на проценты")): Object: 'Object Repository/Прогноз по ДЗО/Переключить отображение с абс на проценты' is clicked on

08-11-2024T16:22:57 - [MESSAGE][PASSED] - Object: 'Object Repository/Прогноз по ДЗО/Переключить отображение с абс на проценты' is clicked on

08-11-2024T16:22:57 - [TEST_STEP][PASSED] - n = n + 31: null

08-11-2024T16:22:57 - [TEST_STEP][PASSED] - b = n - run + 1: null

08-11-2024T16:22:57 - [TEST_STEP][PASSED] - verifyEqual(findTestData("PlanFact").getValue(2, b), a1): Actual object 'Динамика электропотребления, млрд. кВт.ч.
У виджета нет данных' and expected object 'Динамика электропотребления, млрд. кВт.ч.
У виджета нет данных' are equal

08-11-2024T16:22:57 - [MESSAGE][PASSED] - Actual object 'Динамика электропотребления, млрд. кВт.ч.
У виджета нет данных' and expected object 'Динамика электропотребления, млрд. кВт.ч.
У виджета нет данных' are equal

08-11-2024T16:22:57 - [TEST_STEP][PASSED] - verifyEqual(findTestData("PlanFact").getValue(3, b), a2): Actual object 'Выручка, млрд. руб.
У виджета нет данных' and expected object 'Выручка, млрд. руб.
У виджета нет данных' are equal

08-11-2024T16:22:57 - [MESSAGE][PASSED] - Actual object 'Выручка, млрд. руб.
У виджета нет данных' and expected object 'Выручка, млрд. руб.
У виджета нет данных' are equal

08-11-2024T16:22:57 - [TEST_STEP][PASSED] - verifyEqual(findTestData("PlanFact").getValue(4, b), a3): Actual object 'Отклонения по ПАО Россети на 2024 год
⬤ Отклонение, %' and expected object 'Отклонения по ПАО Россети на 2024 год
⬤ Отклонение, %' are equal

08-11-2024T16:22:57 - [MESSAGE][PASSED] - Actual object 'Отклонения по ПАО Россети на 2024 год
⬤ Отклонение, %' and expected object 'Отклонения по ПАО Россети на 2024 год
⬤ Отклонение, %' are equal

08-11-2024T16:22:57 - [TEST_STEP][PASSED] - verifyEqual(findTestData("PlanFact").getValue(5, b), a4): Actual object 'Выручка отклонения по ПАО Россети на 2024 год
⬤ Отклонение, %' and expected object 'Выручка отклонения по ПАО Россети на 2024 год
⬤ Отклонение, %' are equal

08-11-2024T16:22:57 - [MESSAGE][PASSED] - Actual object 'Выручка отклонения по ПАО Россети на 2024 год
⬤ Отклонение, %' and expected object 'Выручка отклонения по ПАО Россети на 2024 год
⬤ Отклонение, %' are equal

08-11-2024T16:22:57 - [TEST_STEP][PASSED] - verifyEqual(findTestData("PlanFact").getValue(6, b), a5): Actual object 'Отклонения по ПАО Россети на 2024 год
⬤ Отклонение, млн. кВт.ч' and expected object 'Отклонения по ПАО Россети на 2024 год
⬤ Отклонение, млн. кВт.ч' are equal

08-11-2024T16:22:57 - [MESSAGE][PASSED] - Actual object 'Отклонения по ПАО Россети на 2024 год
⬤ Отклонение, млн. кВт.ч' and expected object 'Отклонения по ПАО Россети на 2024 год
⬤ Отклонение, млн. кВт.ч' are equal

08-11-2024T16:22:57 - [TEST_STEP][PASSED] - verifyEqual(findTestData("PlanFact").getValue(7, b), a6): Actual object 'Выручка отклонения по ПАО Россети на 2024 год
⬤ Отклонение, млн. руб' and expected object 'Выручка отклонения по ПАО Россети на 2024 год
⬤ Отклонение, млн. руб' are equal

08-11-2024T16:22:57 - [MESSAGE][PASSED] - Actual object 'Выручка отклонения по ПАО Россети на 2024 год
⬤ Отклонение, млн. руб' and expected object 'Выручка отклонения по ПАО Россети на 2024 год
⬤ Отклонение, млн. руб' are equal

08-11-2024T16:22:57 - [TEST_STEP][PASSED] - Script1686231490255.WriteToExcel(user, dashboardName, n, data, run, a1, a2, a3, a4, a5, a6, a7, a8, a9): null

08-11-2024T16:22:57 - [TEST_STEP][PASSED] - sheetName = "Sheet1": null

08-11-2024T16:22:57 - [TEST_STEP][PASSED] - workbook01 = getWorkbook(excelFilePath): null

08-11-2024T16:22:57 - [TEST_STEP][PASSED] - sheet01 = getExcelSheet(workbook01, sheetName): null

08-11-2024T16:22:57 - [TEST_STEP][PASSED] - setValueToCellByIndex(sheet01, n, 0, dashboardName): null

08-11-2024T16:22:57 - [TEST_STEP][PASSED] - setValueToCellByIndex(sheet01, n, 10, user): null

08-11-2024T16:22:57 - [TEST_STEP][PASSED] - setValueToCellByIndex(sheet01, n, 1, a1): null

08-11-2024T16:22:57 - [TEST_STEP][PASSED] - setValueToCellByIndex(sheet01, n, 2, a2): null

08-11-2024T16:22:57 - [TEST_STEP][PASSED] - setValueToCellByIndex(sheet01, n, 3, a3): null

08-11-2024T16:22:57 - [TEST_STEP][PASSED] - setValueToCellByIndex(sheet01, n, 4, a4): null

08-11-2024T16:22:57 - [TEST_STEP][PASSED] - setValueToCellByIndex(sheet01, n, 5, a5): null

08-11-2024T16:22:57 - [TEST_STEP][PASSED] - setValueToCellByIndex(sheet01, n, 6, a6): null

08-11-2024T16:22:57 - [TEST_STEP][PASSED] - setValueToCellByIndex(sheet01, n, 7, a7): null

08-11-2024T16:22:57 - [TEST_STEP][PASSED] - setValueToCellByIndex(sheet01, n, 8, a8): null

08-11-2024T16:22:57 - [TEST_STEP][PASSED] - setValueToCellByIndex(sheet01, n, 9, a9): null

08-11-2024T16:22:57 - [TEST_STEP][PASSED] - n = n + 1: null

08-11-2024T16:22:57 - [TEST_STEP][PASSED] - saveWorkbook(excelFilePath, workbook01): null

08-11-2024T16:22:58 - [TEST_STEP][PASSED] - if (run == 3): null

08-11-2024T16:22:58 - [TEST_STEP][PASSED] - closeBrowser(): null

08-11-2024T16:22:58 - [MESSAGE][PASSED] - Browser is closed

08-11-2024T16:22:58 - [TEST_STEP][PASSED] - PrognozPoDZO(user, dashboardName, n, data, run, a1, a2, a3, a4, a5, a6, a7, a8, a9, urlData): null

08-11-2024T16:22:58 - [TEST_STEP][PASSED] - n = data.getRowNumbers() + 1: null

08-11-2024T16:22:58 - [TEST_STEP][PASSED] - println(n): null

08-11-2024T16:22:58 - [TEST_STEP][PASSED] - dashboardName = "Прогноз по ДЗО": null

08-11-2024T16:22:58 - [TEST_STEP][PASSED] - openBrowser(""): Browser is opened with url: ''

08-11-2024T16:22:58 - [MESSAGE][INFO] - Starting 'Chrome' driver

08-11-2024T16:22:58 - [MESSAGE][INFO] - Action delay is set to 0 milliseconds

08-11-2024T16:22:59 - [MESSAGE][PASSED] - Browser is opened with url: ''

08-11-2024T16:22:59 - [TEST_STEP][PASSED] - urlData = 19: null

08-11-2024T16:22:59 - [TEST_STEP][PASSED] - Script1686231490255.CheckPageDownload(urlData, run): null

08-11-2024T16:22:59 - [TEST_STEP][PASSED] - i = 1: null

08-11-2024T16:22:59 - [TEST_STEP][PASSED] - ii = 0: null

08-11-2024T16:22:59 - [TEST_STEP][PASSED] - urlText = <not implemented yet for class: org.codehaus.groovy.ast.expr.EmptyExpression>: null

08-11-2024T16:22:59 - [TEST_STEP][PASSED] - searchWord = <not implemented yet for class: org.codehaus.groovy.ast.expr.EmptyExpression>: null

08-11-2024T16:22:59 - [TEST_STEP][PASSED] - deleteAllCookies(): Delete all cookies successfully

08-11-2024T16:22:59 - [MESSAGE][PASSED] - Delete all cookies successfully

08-11-2024T16:22:59 - [TEST_STEP][PASSED] - refresh(): Refresh successfully

08-11-2024T16:22:59 - [MESSAGE][PASSED] - Refresh successfully

08-11-2024T16:22:59 - [TEST_STEP][PASSED] - delay(65): Delayed 65 second(s)

08-11-2024T16:24:04 - [MESSAGE][PASSED] - Delayed 65 second(s)

08-11-2024T16:24:04 - [TEST_STEP][PASSED] - navigateToUrl(findTestData("PlanFact").getValue(10, urlData)): Navigate to 'https://bi.rosseti.digital/viewer?dashboardGuid=d6acb5b1a7114a9791b34de39263106e&sheetGuid=752a4d1009e74632abe0071aea7fa3c6&fit=true' successfully

08-11-2024T16:24:15 - [MESSAGE][PASSED] - Navigate to 'https://bi.rosseti.digital/viewer?dashboardGuid=d6acb5b1a7114a9791b34de39263106e&sheetGuid=752a4d1009e74632abe0071aea7fa3c6&fit=true' successfully

08-11-2024T16:24:15 - [TEST_STEP][PASSED] - pageLoaded1 = verifyElementPresent(findTestObject("Страница авторизации/Text"), 30): Object 'Object Repository/Страница авторизации/Text' is present

08-11-2024T16:24:15 - [MESSAGE][PASSED] - Object 'Object Repository/Страница авторизации/Text' is present

08-11-2024T16:24:15 - [TEST_STEP][PASSED] - if (pageLoaded1 == false): null

08-11-2024T16:24:15 - [TEST_STEP][PASSED] - urlText = getText(findTestObject("Страница авторизации/Text")): Text of object 'Object Repository/Страница авторизации/Text' is: 'Вход'

08-11-2024T16:24:15 - [MESSAGE][PASSED] - Text of object 'Object Repository/Страница авторизации/Text' is: 'Вход'

08-11-2024T16:24:15 - [TEST_STEP][PASSED] - delay(65): Delayed 65 second(s)

08-11-2024T16:25:20 - [MESSAGE][PASSED] - Delayed 65 second(s)

08-11-2024T16:25:20 - [TEST_STEP][PASSED] - searchWord = "Вход": null

08-11-2024T16:25:20 - [TEST_STEP][PASSED] - if (urlText.contains(searchWord) == false): null

08-11-2024T16:25:20 - [TEST_STEP][PASSED] - setText(findTestObject("Страница авторизации/input__username"), findTestData("PlanFact").getValue(8, run)): Text 'Petrova-OV' is set on object 'Object Repository/Страница авторизации/input__username'

08-11-2024T16:25:21 - [MESSAGE][PASSED] - Text 'Petrova-OV' is set on object 'Object Repository/Страница авторизации/input__username'

08-11-2024T16:25:21 - [TEST_STEP][PASSED] - setText(findTestObject("Страница авторизации/input__password"), findTestData("PlanFact").getValue(9, run)): Text '4Ex@~R53r&3x&BVe7' is set on object 'Object Repository/Страница авторизации/input__password'

08-11-2024T16:25:22 - [MESSAGE][PASSED] - Text '4Ex@~R53r&3x&BVe7' is set on object 'Object Repository/Страница авторизации/input__password'

08-11-2024T16:25:22 - [TEST_STEP][PASSED] - click(findTestObject("Страница авторизации/button_")): Object: 'Object Repository/Страница авторизации/button_' is clicked on

08-11-2024T16:25:25 - [MESSAGE][PASSED] - Object: 'Object Repository/Страница авторизации/button_' is clicked on

08-11-2024T16:25:25 - [TEST_STEP][PASSED] - delay(65): Delayed 65 second(s)

08-11-2024T16:26:30 - [MESSAGE][PASSED] - Delayed 65 second(s)

08-11-2024T16:26:30 - [TEST_STEP][PASSED] - searchWord = "а": null

08-11-2024T16:26:30 - [TEST_STEP][PASSED] - pageLoaded2 = verifyElementPresent(findTestObject("Страница авторизации/Text"), 50): Object 'Object Repository/Страница авторизации/Text' is present

08-11-2024T16:26:30 - [MESSAGE][PASSED] - Object 'Object Repository/Страница авторизации/Text' is present

08-11-2024T16:26:30 - [TEST_STEP][PASSED] - if (pageLoaded2 == false): null

08-11-2024T16:26:30 - [TEST_STEP][PASSED] - urlText = getText(findTestObject("Страница авторизации/Text")): Text of object 'Object Repository/Страница авторизации/Text' is: 'Сравнение с 
План
абс.
%
Отклонения по ПАО Россети на 2024 год
⬤ Отклонение, %
Выручка отклонения по ПАО Россети на 2024 год
⬤ Отклонение, %
Год 
2024 год
Динамика электропотребления, млрд. кВт.ч.
У виджета нет данных
Выручка, млрд. руб.
У виджета нет данных
Прогноз на месяц 
Ноябрь
КПО/Отпуск из сети 
Отпуск из сети, млн. кВт.ч
Организация 
Все

Прогноз электропотребления и выручки за услуги по передаче в разрезе ДЗО'

08-11-2024T16:26:31 - [MESSAGE][PASSED] - Text of object 'Object Repository/Страница авторизации/Text' is: 'Сравнение с 
План
абс.
%
Отклонения по ПАО Россети на 2024 год
⬤ Отклонение, %
Выручка отклонения по ПАО Россети на 2024 год
⬤ Отклонение, %
Год 
2024 год
Динамика электропотребления, млрд. кВт.ч.
У виджета нет данных
Выручка, млрд. руб.
У виджета нет данных
Прогноз на месяц 
Ноябрь
КПО/Отпуск из сети 
Отпуск из сети, млн. кВт.ч
Организация 
Все

Прогноз электропотребления и выручки за услуги по передаче в разрезе ДЗО'

08-11-2024T16:26:31 - [TEST_STEP][PASSED] - if (urlText.contains("ошибка") || urlText.contains(searchWord) == false): null

08-11-2024T16:26:31 - [TEST_STEP][PASSED] - a3 = "": null

08-11-2024T16:26:31 - [TEST_STEP][PASSED] - a4 = "": null

08-11-2024T16:26:31 - [TEST_STEP][PASSED] - a5 = "": null

08-11-2024T16:26:31 - [TEST_STEP][PASSED] - a6 = "": null

08-11-2024T16:26:31 - [TEST_STEP][PASSED] - a7 = "": null

08-11-2024T16:26:31 - [TEST_STEP][PASSED] - a8 = "": null

08-11-2024T16:26:31 - [TEST_STEP][PASSED] - a9 = "": null

08-11-2024T16:26:31 - [TEST_STEP][PASSED] - if (run == 1): null

08-11-2024T16:26:31 - [TEST_STEP][PASSED] - if (run == 2): null

08-11-2024T16:26:31 - [TEST_STEP][PASSED] - if (run == 3): null

08-11-2024T16:26:31 - [TEST_STEP][PASSED] - user = "Попова": null

08-11-2024T16:26:31 - [TEST_STEP][PASSED] - a1 = getText(findTestObject("Прогноз по ДЗО/График1")): Text of object 'Object Repository/Прогноз по ДЗО/График1' is: 'Динамика электропотребления, млрд. кВт.ч.
У виджета нет данных'

08-11-2024T16:26:31 - [MESSAGE][PASSED] - Text of object 'Object Repository/Прогноз по ДЗО/График1' is: 'Динамика электропотребления, млрд. кВт.ч.
У виджета нет данных'

08-11-2024T16:26:31 - [TEST_STEP][PASSED] - i = a1.indexOf("по ПАО Россети на 2023 год"): null

08-11-2024T16:26:31 - [TEST_STEP][PASSED] - if (i > -1): null

08-11-2024T16:26:31 - [TEST_STEP][PASSED] - i = a1.indexOf("Динамика электропотребления, млн. кВт.ч."): null

08-11-2024T16:26:31 - [TEST_STEP][PASSED] - if (i > -1): null

08-11-2024T16:26:31 - [TEST_STEP][PASSED] - a1 = a1.trim(): null

08-11-2024T16:26:31 - [TEST_STEP][PASSED] - a2 = getText(findTestObject("Прогноз по ДЗО/График2")): Text of object 'Object Repository/Прогноз по ДЗО/График2' is: 'Выручка, млрд. руб.
У виджета нет данных'

08-11-2024T16:26:31 - [MESSAGE][PASSED] - Text of object 'Object Repository/Прогноз по ДЗО/График2' is: 'Выручка, млрд. руб.
У виджета нет данных'

08-11-2024T16:26:31 - [TEST_STEP][PASSED] - a3 = getText(findTestObject("Прогноз по ДЗО/График3")): Text of object 'Object Repository/Прогноз по ДЗО/График3' is: 'Отклонения по ПАО Россети на 2024 год
⬤ Отклонение, %'

08-11-2024T16:26:32 - [MESSAGE][PASSED] - Text of object 'Object Repository/Прогноз по ДЗО/График3' is: 'Отклонения по ПАО Россети на 2024 год
⬤ Отклонение, %'

08-11-2024T16:26:32 - [TEST_STEP][PASSED] - a4 = getText(findTestObject("Прогноз по ДЗО/График4")): Text of object 'Object Repository/Прогноз по ДЗО/График4' is: 'Выручка отклонения по ПАО Россети на 2024 год
⬤ Отклонение, %'

08-11-2024T16:26:32 - [MESSAGE][PASSED] - Text of object 'Object Repository/Прогноз по ДЗО/График4' is: 'Выручка отклонения по ПАО Россети на 2024 год
⬤ Отклонение, %'

08-11-2024T16:26:32 - [TEST_STEP][PASSED] - click(findTestObject("Прогноз по ДЗО/Переключить отображение с процентов на абс Блок руководителя")): Object: 'Object Repository/Прогноз по ДЗО/Переключить отображение с процентов на абс Блок руководителя' is clicked on

08-11-2024T16:26:32 - [MESSAGE][PASSED] - Object: 'Object Repository/Прогноз по ДЗО/Переключить отображение с процентов на абс Блок руководителя' is clicked on

08-11-2024T16:26:32 - [TEST_STEP][PASSED] - a5 = getText(findTestObject("Прогноз по ДЗО/График5")): Text of object 'Object Repository/Прогноз по ДЗО/График5' is: 'Отклонения по ПАО Россети на 2024 год
⬤ Отклонение, млн. кВт.ч'

08-11-2024T16:26:33 - [MESSAGE][PASSED] - Text of object 'Object Repository/Прогноз по ДЗО/График5' is: 'Отклонения по ПАО Россети на 2024 год
⬤ Отклонение, млн. кВт.ч'

08-11-2024T16:26:33 - [TEST_STEP][PASSED] - a6 = getText(findTestObject("Прогноз по ДЗО/График6")): Text of object 'Object Repository/Прогноз по ДЗО/График6' is: 'Выручка отклонения по ПАО Россети на 2024 год
⬤ Отклонение, млн. руб'

08-11-2024T16:26:33 - [MESSAGE][PASSED] - Text of object 'Object Repository/Прогноз по ДЗО/График6' is: 'Выручка отклонения по ПАО Россети на 2024 год
⬤ Отклонение, млн. руб'

08-11-2024T16:26:33 - [TEST_STEP][PASSED] - click(findTestObject("Прогноз по ДЗО/Переключить отображение с абс на проценты")): Object: 'Object Repository/Прогноз по ДЗО/Переключить отображение с абс на проценты' is clicked on

08-11-2024T16:26:33 - [MESSAGE][PASSED] - Object: 'Object Repository/Прогноз по ДЗО/Переключить отображение с абс на проценты' is clicked on

08-11-2024T16:26:33 - [TEST_STEP][PASSED] - n = n + 32: null

08-11-2024T16:26:33 - [TEST_STEP][PASSED] - b = n - run + 1: null

08-11-2024T16:26:33 - [TEST_STEP][PASSED] - verifyEqual(findTestData("PlanFact").getValue(2, b), a1): Actual object 'Динамика электропотребления, млрд. кВт.ч.
У виджета нет данных' and expected object 'Динамика электропотребления, млрд. кВт.ч.
У виджета нет данных' are equal

08-11-2024T16:26:33 - [MESSAGE][PASSED] - Actual object 'Динамика электропотребления, млрд. кВт.ч.
У виджета нет данных' and expected object 'Динамика электропотребления, млрд. кВт.ч.
У виджета нет данных' are equal

08-11-2024T16:26:33 - [TEST_STEP][PASSED] - verifyEqual(findTestData("PlanFact").getValue(3, b), a2): Actual object 'Выручка, млрд. руб.
У виджета нет данных' and expected object 'Выручка, млрд. руб.
У виджета нет данных' are equal

08-11-2024T16:26:33 - [MESSAGE][PASSED] - Actual object 'Выручка, млрд. руб.
У виджета нет данных' and expected object 'Выручка, млрд. руб.
У виджета нет данных' are equal

08-11-2024T16:26:33 - [TEST_STEP][PASSED] - verifyEqual(findTestData("PlanFact").getValue(4, b), a3): Actual object 'Отклонения по ПАО Россети на 2024 год
⬤ Отклонение, %' and expected object 'Отклонения по ПАО Россети на 2024 год
⬤ Отклонение, %' are equal

08-11-2024T16:26:33 - [MESSAGE][PASSED] - Actual object 'Отклонения по ПАО Россети на 2024 год
⬤ Отклонение, %' and expected object 'Отклонения по ПАО Россети на 2024 год
⬤ Отклонение, %' are equal

08-11-2024T16:26:33 - [TEST_STEP][PASSED] - verifyEqual(findTestData("PlanFact").getValue(5, b), a4): Actual object 'Выручка отклонения по ПАО Россети на 2024 год
⬤ Отклонение, %' and expected object 'Выручка отклонения по ПАО Россети на 2024 год
⬤ Отклонение, %' are equal

08-11-2024T16:26:33 - [MESSAGE][PASSED] - Actual object 'Выручка отклонения по ПАО Россети на 2024 год
⬤ Отклонение, %' and expected object 'Выручка отклонения по ПАО Россети на 2024 год
⬤ Отклонение, %' are equal

08-11-2024T16:26:33 - [TEST_STEP][PASSED] - verifyEqual(findTestData("PlanFact").getValue(6, b), a5): Actual object 'Отклонения по ПАО Россети на 2024 год
⬤ Отклонение, млн. кВт.ч' and expected object 'Отклонения по ПАО Россети на 2024 год
⬤ Отклонение, млн. кВт.ч' are equal

08-11-2024T16:26:33 - [MESSAGE][PASSED] - Actual object 'Отклонения по ПАО Россети на 2024 год
⬤ Отклонение, млн. кВт.ч' and expected object 'Отклонения по ПАО Россети на 2024 год
⬤ Отклонение, млн. кВт.ч' are equal

08-11-2024T16:26:33 - [TEST_STEP][PASSED] - verifyEqual(findTestData("PlanFact").getValue(7, b), a6): Actual object 'Выручка отклонения по ПАО Россети на 2024 год
⬤ Отклонение, млн. руб' and expected object 'Выручка отклонения по ПАО Россети на 2024 год
⬤ Отклонение, млн. руб' are equal

08-11-2024T16:26:33 - [MESSAGE][PASSED] - Actual object 'Выручка отклонения по ПАО Россети на 2024 год
⬤ Отклонение, млн. руб' and expected object 'Выручка отклонения по ПАО Россети на 2024 год
⬤ Отклонение, млн. руб' are equal

08-11-2024T16:26:33 - [TEST_STEP][PASSED] - Script1686231490255.WriteToExcel(user, dashboardName, n, data, run, a1, a2, a3, a4, a5, a6, a7, a8, a9): null

08-11-2024T16:26:33 - [TEST_STEP][PASSED] - sheetName = "Sheet1": null

08-11-2024T16:26:33 - [TEST_STEP][PASSED] - workbook01 = getWorkbook(excelFilePath): null

08-11-2024T16:26:33 - [TEST_STEP][PASSED] - sheet01 = getExcelSheet(workbook01, sheetName): null

08-11-2024T16:26:33 - [TEST_STEP][PASSED] - setValueToCellByIndex(sheet01, n, 0, dashboardName): null

08-11-2024T16:26:33 - [TEST_STEP][PASSED] - setValueToCellByIndex(sheet01, n, 10, user): null

08-11-2024T16:26:33 - [TEST_STEP][PASSED] - setValueToCellByIndex(sheet01, n, 1, a1): null

08-11-2024T16:26:33 - [TEST_STEP][PASSED] - setValueToCellByIndex(sheet01, n, 2, a2): null

08-11-2024T16:26:33 - [TEST_STEP][PASSED] - setValueToCellByIndex(sheet01, n, 3, a3): null

08-11-2024T16:26:33 - [TEST_STEP][PASSED] - setValueToCellByIndex(sheet01, n, 4, a4): null

08-11-2024T16:26:33 - [TEST_STEP][PASSED] - setValueToCellByIndex(sheet01, n, 5, a5): null

08-11-2024T16:26:33 - [TEST_STEP][PASSED] - setValueToCellByIndex(sheet01, n, 6, a6): null

08-11-2024T16:26:33 - [TEST_STEP][PASSED] - setValueToCellByIndex(sheet01, n, 7, a7): null

08-11-2024T16:26:33 - [TEST_STEP][PASSED] - setValueToCellByIndex(sheet01, n, 8, a8): null

08-11-2024T16:26:33 - [TEST_STEP][PASSED] - setValueToCellByIndex(sheet01, n, 9, a9): null

08-11-2024T16:26:33 - [TEST_STEP][PASSED] - n = n + 1: null

08-11-2024T16:26:33 - [TEST_STEP][PASSED] - saveWorkbook(excelFilePath, workbook01): null

08-11-2024T16:26:34 - [TEST_STEP][PASSED] - closeBrowser(): Browser is closed

08-11-2024T16:26:34 - [MESSAGE][PASSED] - Browser is closed

08-11-2024T16:26:34 - [TEST_STEP][PASSED] - delay(65): Delayed 65 second(s)

08-11-2024T16:27:39 - [MESSAGE][PASSED] - Delayed 65 second(s)

08-11-2024T16:27:39 - [TEST_STEP][PASSED] - for ([run = 1, run < 4, (run++)]): null

08-11-2024T16:27:39 - [TEST_STEP][PASSED] - PrognozPoOtraslyam(user, dashboardName, n, data, run, a1, a2, a3, a4, a5, a6, a7, a8, a9, urlData): null

08-11-2024T16:27:39 - [TEST_STEP][PASSED] - n = data.getRowNumbers() + 1: null

08-11-2024T16:27:39 - [TEST_STEP][PASSED] - println(n): null

08-11-2024T16:27:39 - [TEST_STEP][PASSED] - dashboardName = "Прогноз по отраслям": null

08-11-2024T16:27:39 - [TEST_STEP][PASSED] - openBrowser(""): Browser is opened with url: ''

08-11-2024T16:27:39 - [MESSAGE][INFO] - Starting 'Chrome' driver

08-11-2024T16:27:39 - [MESSAGE][INFO] - Action delay is set to 0 milliseconds

08-11-2024T16:27:42 - [MESSAGE][PASSED] - Browser is opened with url: ''

08-11-2024T16:27:42 - [TEST_STEP][PASSED] - urlData = 6: null

08-11-2024T16:27:42 - [TEST_STEP][PASSED] - Script1686231490255.CheckPageDownload(urlData, run): null

08-11-2024T16:27:42 - [TEST_STEP][PASSED] - i = 1: null

08-11-2024T16:27:42 - [TEST_STEP][PASSED] - ii = 0: null

08-11-2024T16:27:42 - [TEST_STEP][PASSED] - urlText = <not implemented yet for class: org.codehaus.groovy.ast.expr.EmptyExpression>: null

08-11-2024T16:27:42 - [TEST_STEP][PASSED] - searchWord = <not implemented yet for class: org.codehaus.groovy.ast.expr.EmptyExpression>: null

08-11-2024T16:27:42 - [TEST_STEP][PASSED] - deleteAllCookies(): Delete all cookies successfully

08-11-2024T16:27:42 - [MESSAGE][PASSED] - Delete all cookies successfully

08-11-2024T16:27:42 - [TEST_STEP][PASSED] - refresh(): Refresh successfully

08-11-2024T16:27:42 - [MESSAGE][PASSED] - Refresh successfully

08-11-2024T16:27:42 - [TEST_STEP][PASSED] - delay(65): Delayed 65 second(s)

08-11-2024T16:28:47 - [MESSAGE][PASSED] - Delayed 65 second(s)

08-11-2024T16:28:47 - [TEST_STEP][PASSED] - navigateToUrl(findTestData("PlanFact").getValue(10, urlData)): Navigate to 'https://bi.rosseti.digital/viewer?dashboardGuid=d6acb5b1a7114a9791b34de39263106e&sheetGuid=0b6d261d7f7b4424a967aa8f3a724189&fit=true' successfully

08-11-2024T16:28:53 - [MESSAGE][PASSED] - Navigate to 'https://bi.rosseti.digital/viewer?dashboardGuid=d6acb5b1a7114a9791b34de39263106e&sheetGuid=0b6d261d7f7b4424a967aa8f3a724189&fit=true' successfully

08-11-2024T16:28:53 - [TEST_STEP][PASSED] - pageLoaded1 = verifyElementPresent(findTestObject("Страница авторизации/Text"), 30): Object 'Object Repository/Страница авторизации/Text' is present

08-11-2024T16:28:56 - [MESSAGE][PASSED] - Object 'Object Repository/Страница авторизации/Text' is present

08-11-2024T16:28:56 - [TEST_STEP][PASSED] - if (pageLoaded1 == false): null

08-11-2024T16:28:56 - [TEST_STEP][PASSED] - urlText = getText(findTestObject("Страница авторизации/Text")): Text of object 'Object Repository/Страница авторизации/Text' is: 'Вход'

08-11-2024T16:28:56 - [MESSAGE][PASSED] - Text of object 'Object Repository/Страница авторизации/Text' is: 'Вход'

08-11-2024T16:28:56 - [TEST_STEP][PASSED] - delay(65): Delayed 65 second(s)

08-11-2024T16:30:01 - [MESSAGE][PASSED] - Delayed 65 second(s)

08-11-2024T16:30:01 - [TEST_STEP][PASSED] - searchWord = "Вход": null

08-11-2024T16:30:01 - [TEST_STEP][PASSED] - if (urlText.contains(searchWord) == false): null

08-11-2024T16:30:01 - [TEST_STEP][PASSED] - setText(findTestObject("Страница авторизации/input__username"), findTestData("PlanFact").getValue(8, run)): Text 'liazgina-di' is set on object 'Object Repository/Страница авторизации/input__username'

08-11-2024T16:30:02 - [MESSAGE][PASSED] - Text 'liazgina-di' is set on object 'Object Repository/Страница авторизации/input__username'

08-11-2024T16:30:02 - [TEST_STEP][PASSED] - setText(findTestObject("Страница авторизации/input__password"), findTestData("PlanFact").getValue(9, run)): Text ')$%5srZ8o688Dm#q' is set on object 'Object Repository/Страница авторизации/input__password'

08-11-2024T16:30:03 - [MESSAGE][PASSED] - Text ')$%5srZ8o688Dm#q' is set on object 'Object Repository/Страница авторизации/input__password'

08-11-2024T16:30:03 - [TEST_STEP][PASSED] - click(findTestObject("Страница авторизации/button_")): Object: 'Object Repository/Страница авторизации/button_' is clicked on

08-11-2024T16:30:07 - [MESSAGE][PASSED] - Object: 'Object Repository/Страница авторизации/button_' is clicked on

08-11-2024T16:30:07 - [TEST_STEP][PASSED] - delay(65): Delayed 65 second(s)

08-11-2024T16:31:12 - [MESSAGE][PASSED] - Delayed 65 second(s)

08-11-2024T16:31:12 - [TEST_STEP][PASSED] - searchWord = "а": null

08-11-2024T16:31:12 - [TEST_STEP][PASSED] - pageLoaded2 = verifyElementPresent(findTestObject("Страница авторизации/Text"), 50): Object 'Object Repository/Страница авторизации/Text' is present

08-11-2024T16:31:12 - [MESSAGE][PASSED] - Object 'Object Repository/Страница авторизации/Text' is present

08-11-2024T16:31:12 - [TEST_STEP][PASSED] - if (pageLoaded2 == false): null

08-11-2024T16:31:12 - [TEST_STEP][PASSED] - urlText = getText(findTestObject("Страница авторизации/Text")): Text of object 'Object Repository/Страница авторизации/Text' is: 'Неизвестная ошибка (детали в консоли)
Перезагрузить дашборд'

08-11-2024T16:31:12 - [MESSAGE][PASSED] - Text of object 'Object Repository/Страница авторизации/Text' is: 'Неизвестная ошибка (детали в консоли)
Перезагрузить дашборд'

08-11-2024T16:31:12 - [TEST_STEP][PASSED] - if (urlText.contains("ошибка") || urlText.contains(searchWord) == false): Text of object 'Object Repository/Страница авторизации/Text' is: 'Год 
2023 год
Сравнение с 
План
Динамика электропотребления, млрд. кВт.ч. по ПАО Россети на 2023 год
10 10
190 190
36 36
14 14
9 9
14 14
4 4
17 17
80 80
19 19
82 82
588 588
10 10
197 197
37 37
48 48
10 10
15 15
4 4
18 18
80 80
19 19
82 82
608 608
План
Ожидаемое (прогноз по конца года)
Интер РАО (дляФСК)
Промышленныепотребители
Транспорт
Нефтедобыча
Нефтепереработка
Нефтепроводы
Газопроводы
Сельскоехозяйство ипищеваяпромышленность
Непромышленныепотребители
Государственные(муниципальные)организации ипрочиебюджетныепотребители
Население иприравненныегруппыпотребителей
Территориальныесетевыеорганизации
Выручка по ПАО Россети на 2023 год
5 5
319 319
81 81
16 16
16 16
20 20
2 2
56 56
215 215
67 67
218 218
239 239
6 6
331 331
82 82
77 77
20 20
20 20
3 3
57 57
220 220
68 68
214 214
258 258
План
Ожидаемое (прогноз по конца года)
Интер РАО (дляФСК)
Промышленныепотребители
Транспорт
Нефтедобыча
Нефтепереработка
Нефтепроводы
Газопроводы
Сельскоехозяйство ипищеваяпромышленность
Непромышленныепотребители
Государственные(муниципальные)организации ипрочиебюджетныепотребители
Население иприравненныегруппыпотребителей
Территориальныесетевыеорганизации
Отклонения по ПАО Россети на 2023 год
-4.7% -4.7%
3.8% 3.8%
1.9% 1.9%
230.3% 230.3%
10.9% 10.9%
4.2% 4.2%
21.7% 21.7%
3.9% 3.9%
-0.6% -0.6%
1.6% 1.6%
-1.0% -1.0%
3.3% 3.3%
⬤ Отклонение, %
Интер РАО (для ФСК)
Промышленные потребители
Транспорт
Нефтедобыча
Нефтепереработка
Нефтепроводы
Газопроводы
Сельское хозяйство и пищевая пр…
Непромышленные потребители
Государственные (муниципальные…
Население и приравненные групп…
Территориальные сетевые органи…
Выручка отклонения по ПАО Россети на 2023 год
15.6% 15.6%
3.8% 3.8%
1.2% 1.2%
398.2% 398.2%
26.9% 26.9%
-0.6% -0.6%
26.9% 26.9%
1.5% 1.5%
2.7% 2.7%
2.0% 2.0%
-2.0% -2.0%
7.9% 7.9%
⬤ Отклонение, %
Интер РАО (для ФСК)
Промышленные потребители
Транспорт
Нефтедобыча
Нефтепереработка
Нефтепроводы
Газопроводы
Сельское хозяйство и пищевая пр…
Непромышленные потребители
Государственные (муниципальные…
Население и приравненные групп…
Территориальные сетевые органи…
абс.
%
Прогноз на месяц 
Ноябрь
КПО/Отпуск из сети 
Отпуск из сети, млн. кВт.ч
Организация 
Все
Прогноз электропотребления и выручки за услуги по передаче в разрезе отраслей'

08-11-2024T16:31:12 - [TEST_STEP][PASSED] - for ([urlText.contains(searchWord) == false, i < 10, (ii++)]): Text of object 'Object Repository/Страница авторизации/Text' is: 'Год 
2023 год
Сравнение с 
План
Динамика электропотребления, млрд. кВт.ч. по ПАО Россети на 2023 год
10 10
190 190
36 36
14 14
9 9
14 14
4 4
17 17
80 80
19 19
82 82
588 588
10 10
197 197
37 37
48 48
10 10
15 15
4 4
18 18
80 80
19 19
82 82
608 608
План
Ожидаемое (прогноз по конца года)
Интер РАО (дляФСК)
Промышленныепотребители
Транспорт
Нефтедобыча
Нефтепереработка
Нефтепроводы
Газопроводы
Сельскоехозяйство ипищеваяпромышленность
Непромышленныепотребители
Государственные(муниципальные)организации ипрочиебюджетныепотребители
Население иприравненныегруппыпотребителей
Территориальныесетевыеорганизации
Выручка по ПАО Россети на 2023 год
5 5
319 319
81 81
16 16
16 16
20 20
2 2
56 56
215 215
67 67
218 218
239 239
6 6
331 331
82 82
77 77
20 20
20 20
3 3
57 57
220 220
68 68
214 214
258 258
План
Ожидаемое (прогноз по конца года)
Интер РАО (дляФСК)
Промышленныепотребители
Транспорт
Нефтедобыча
Нефтепереработка
Нефтепроводы
Газопроводы
Сельскоехозяйство ипищеваяпромышленность
Непромышленныепотребители
Государственные(муниципальные)организации ипрочиебюджетныепотребители
Население иприравненныегруппыпотребителей
Территориальныесетевыеорганизации
Отклонения по ПАО Россети на 2023 год
-4.7% -4.7%
3.8% 3.8%
1.9% 1.9%
230.3% 230.3%
10.9% 10.9%
4.2% 4.2%
21.7% 21.7%
3.9% 3.9%
-0.6% -0.6%
1.6% 1.6%
-1.0% -1.0%
3.3% 3.3%
⬤ Отклонение, %
Интер РАО (для ФСК)
Промышленные потребители
Транспорт
Нефтедобыча
Нефтепереработка
Нефтепроводы
Газопроводы
Сельское хозяйство и пищевая пр…
Непромышленные потребители
Государственные (муниципальные…
Население и приравненные групп…
Территориальные сетевые органи…
Выручка отклонения по ПАО Россети на 2023 год
15.6% 15.6%
3.8% 3.8%
1.2% 1.2%
398.2% 398.2%
26.9% 26.9%
-0.6% -0.6%
26.9% 26.9%
1.5% 1.5%
2.7% 2.7%
2.0% 2.0%
-2.0% -2.0%
7.9% 7.9%
⬤ Отклонение, %
Интер РАО (для ФСК)
Промышленные потребители
Транспорт
Нефтедобыча
Нефтепереработка
Нефтепроводы
Газопроводы
Сельское хозяйство и пищевая пр…
Непромышленные потребители
Государственные (муниципальные…
Население и приравненные групп…
Территориальные сетевые органи…
абс.
%
Прогноз на месяц 
Ноябрь
КПО/Отпуск из сети 
Отпуск из сети, млн. кВт.ч
Организация 
Все
Прогноз электропотребления и выручки за услуги по передаче в разрезе отраслей'

08-11-2024T16:31:12 - [TEST_STEP][PASSED] - i = i + 1: null

08-11-2024T16:31:12 - [TEST_STEP][PASSED] - refresh(): Refresh successfully

08-11-2024T16:31:13 - [MESSAGE][PASSED] - Refresh successfully

08-11-2024T16:31:13 - [TEST_STEP][PASSED] - delay(65): Delayed 65 second(s)

08-11-2024T16:32:18 - [MESSAGE][PASSED] - Delayed 65 second(s)

08-11-2024T16:32:18 - [TEST_STEP][PASSED] - navigateToUrl(findTestData("PlanFact").getValue(10, urlData)): Navigate to 'https://bi.rosseti.digital/viewer?dashboardGuid=d6acb5b1a7114a9791b34de39263106e&sheetGuid=0b6d261d7f7b4424a967aa8f3a724189&fit=true' successfully

08-11-2024T16:32:18 - [MESSAGE][PASSED] - Navigate to 'https://bi.rosseti.digital/viewer?dashboardGuid=d6acb5b1a7114a9791b34de39263106e&sheetGuid=0b6d261d7f7b4424a967aa8f3a724189&fit=true' successfully

08-11-2024T16:32:18 - [TEST_STEP][PASSED] - delay(65): Delayed 65 second(s)

08-11-2024T16:33:23 - [MESSAGE][PASSED] - Delayed 65 second(s)

08-11-2024T16:33:23 - [TEST_STEP][PASSED] - urlText = getText(findTestObject("Страница авторизации/Text")): Text of object 'Object Repository/Страница авторизации/Text' is: 'Год 
2023 год
Сравнение с 
План
Динамика электропотребления, млрд. кВт.ч. по ПАО Россети на 2023 год
10 10
190 190
36 36
14 14
9 9
14 14
4 4
17 17
80 80
19 19
82 82
588 588
10 10
197 197
37 37
48 48
10 10
15 15
4 4
18 18
80 80
19 19
82 82
608 608
План
Ожидаемое (прогноз по конца года)
Интер РАО (дляФСК)
Промышленныепотребители
Транспорт
Нефтедобыча
Нефтепереработка
Нефтепроводы
Газопроводы
Сельскоехозяйство ипищеваяпромышленность
Непромышленныепотребители
Государственные(муниципальные)организации ипрочиебюджетныепотребители
Население иприравненныегруппыпотребителей
Территориальныесетевыеорганизации
Выручка по ПАО Россети на 2023 год
5 5
319 319
81 81
16 16
16 16
20 20
2 2
56 56
215 215
67 67
218 218
239 239
6 6
331 331
82 82
77 77
20 20
20 20
3 3
57 57
220 220
68 68
214 214
258 258
План
Ожидаемое (прогноз по конца года)
Интер РАО (дляФСК)
Промышленныепотребители
Транспорт
Нефтедобыча
Нефтепереработка
Нефтепроводы
Газопроводы
Сельскоехозяйство ипищеваяпромышленность
Непромышленныепотребители
Государственные(муниципальные)организации ипрочиебюджетныепотребители
Население иприравненныегруппыпотребителей
Территориальныесетевыеорганизации
Отклонения по ПАО Россети на 2023 год
-4.7% -4.7%
3.8% 3.8%
1.9% 1.9%
230.3% 230.3%
10.9% 10.9%
4.2% 4.2%
21.7% 21.7%
3.9% 3.9%
-0.6% -0.6%
1.6% 1.6%
-1.0% -1.0%
3.3% 3.3%
⬤ Отклонение, %
Интер РАО (для ФСК)
Промышленные потребители
Транспорт
Нефтедобыча
Нефтепереработка
Нефтепроводы
Газопроводы
Сельское хозяйство и пищевая пр…
Непромышленные потребители
Государственные (муниципальные…
Население и приравненные групп…
Территориальные сетевые органи…
Выручка отклонения по ПАО Россети на 2023 год
15.6% 15.6%
3.8% 3.8%
1.2% 1.2%
398.2% 398.2%
26.9% 26.9%
-0.6% -0.6%
26.9% 26.9%
1.5% 1.5%
2.7% 2.7%
2.0% 2.0%
-2.0% -2.0%
7.9% 7.9%
⬤ Отклонение, %
Интер РАО (для ФСК)
Промышленные потребители
Транспорт
Нефтедобыча
Нефтепереработка
Нефтепроводы
Газопроводы
Сельское хозяйство и пищевая пр…
Непромышленные потребители
Государственные (муниципальные…
Население и приравненные групп…
Территориальные сетевые органи…
абс.
%
Прогноз на месяц 
Ноябрь
КПО/Отпуск из сети 
Отпуск из сети, млн. кВт.ч
Организация 
Все
Прогноз электропотребления и выручки за услуги по передаче в разрезе отраслей'

08-11-2024T16:33:24 - [MESSAGE][PASSED] - Text of object 'Object Repository/Страница авторизации/Text' is: 'Год 
2023 год
Сравнение с 
План
Динамика электропотребления, млрд. кВт.ч. по ПАО Россети на 2023 год
10 10
190 190
36 36
14 14
9 9
14 14
4 4
17 17
80 80
19 19
82 82
588 588
10 10
197 197
37 37
48 48
10 10
15 15
4 4
18 18
80 80
19 19
82 82
608 608
План
Ожидаемое (прогноз по конца года)
Интер РАО (дляФСК)
Промышленныепотребители
Транспорт
Нефтедобыча
Нефтепереработка
Нефтепроводы
Газопроводы
Сельскоехозяйство ипищеваяпромышленность
Непромышленныепотребители
Государственные(муниципальные)организации ипрочиебюджетныепотребители
Население иприравненныегруппыпотребителей
Территориальныесетевыеорганизации
Выручка по ПАО Россети на 2023 год
5 5
319 319
81 81
16 16
16 16
20 20
2 2
56 56
215 215
67 67
218 218
239 239
6 6
331 331
82 82
77 77
20 20
20 20
3 3
57 57
220 220
68 68
214 214
258 258
План
Ожидаемое (прогноз по конца года)
Интер РАО (дляФСК)
Промышленныепотребители
Транспорт
Нефтедобыча
Нефтепереработка
Нефтепроводы
Газопроводы
Сельскоехозяйство ипищеваяпромышленность
Непромышленныепотребители
Государственные(муниципальные)организации ипрочиебюджетныепотребители
Население иприравненныегруппыпотребителей
Территориальныесетевыеорганизации
Отклонения по ПАО Россети на 2023 год
-4.7% -4.7%
3.8% 3.8%
1.9% 1.9%
230.3% 230.3%
10.9% 10.9%
4.2% 4.2%
21.7% 21.7%
3.9% 3.9%
-0.6% -0.6%
1.6% 1.6%
-1.0% -1.0%
3.3% 3.3%
⬤ Отклонение, %
Интер РАО (для ФСК)
Промышленные потребители
Транспорт
Нефтедобыча
Нефтепереработка
Нефтепроводы
Газопроводы
Сельское хозяйство и пищевая пр…
Непромышленные потребители
Государственные (муниципальные…
Население и приравненные групп…
Территориальные сетевые органи…
Выручка отклонения по ПАО Россети на 2023 год
15.6% 15.6%
3.8% 3.8%
1.2% 1.2%
398.2% 398.2%
26.9% 26.9%
-0.6% -0.6%
26.9% 26.9%
1.5% 1.5%
2.7% 2.7%
2.0% 2.0%
-2.0% -2.0%
7.9% 7.9%
⬤ Отклонение, %
Интер РАО (для ФСК)
Промышленные потребители
Транспорт
Нефтедобыча
Нефтепереработка
Нефтепроводы
Газопроводы
Сельское хозяйство и пищевая пр…
Непромышленные потребители
Государственные (муниципальные…
Население и приравненные групп…
Территориальные сетевые органи…
абс.
%
Прогноз на месяц 
Ноябрь
КПО/Отпуск из сети 
Отпуск из сети, млн. кВт.ч
Организация 
Все
Прогноз электропотребления и выручки за услуги по передаче в разрезе отраслей'

08-11-2024T16:33:24 - [TEST_STEP][PASSED] - i = i + 1: null

08-11-2024T16:33:24 - [TEST_STEP][PASSED] - refresh(): Refresh successfully

08-11-2024T16:33:25 - [MESSAGE][PASSED] - Refresh successfully

08-11-2024T16:33:25 - [TEST_STEP][PASSED] - delay(65): Delayed 65 second(s)

08-11-2024T16:34:30 - [MESSAGE][PASSED] - Delayed 65 second(s)

08-11-2024T16:34:30 - [TEST_STEP][PASSED] - navigateToUrl(findTestData("PlanFact").getValue(10, urlData)): Navigate to 'https://bi.rosseti.digital/viewer?dashboardGuid=d6acb5b1a7114a9791b34de39263106e&sheetGuid=0b6d261d7f7b4424a967aa8f3a724189&fit=true' successfully

08-11-2024T16:34:30 - [MESSAGE][PASSED] - Navigate to 'https://bi.rosseti.digital/viewer?dashboardGuid=d6acb5b1a7114a9791b34de39263106e&sheetGuid=0b6d261d7f7b4424a967aa8f3a724189&fit=true' successfully

08-11-2024T16:34:30 - [TEST_STEP][PASSED] - delay(65): Delayed 65 second(s)

08-11-2024T16:35:35 - [MESSAGE][PASSED] - Delayed 65 second(s)

08-11-2024T16:35:35 - [TEST_STEP][PASSED] - urlText = getText(findTestObject("Страница авторизации/Text")): Text of object 'Object Repository/Страница авторизации/Text' is: 'Год 
2023 год
Сравнение с 
План
Динамика электропотребления, млрд. кВт.ч. по ПАО Россети на 2023 год
10 10
190 190
36 36
14 14
9 9
14 14
4 4
17 17
80 80
19 19
82 82
588 588
10 10
197 197
37 37
48 48
10 10
15 15
4 4
18 18
80 80
19 19
82 82
608 608
План
Ожидаемое (прогноз по конца года)
Интер РАО (дляФСК)
Промышленныепотребители
Транспорт
Нефтедобыча
Нефтепереработка
Нефтепроводы
Газопроводы
Сельскоехозяйство ипищеваяпромышленность
Непромышленныепотребители
Государственные(муниципальные)организации ипрочиебюджетныепотребители
Население иприравненныегруппыпотребителей
Территориальныесетевыеорганизации
Выручка по ПАО Россети на 2023 год
5 5
319 319
81 81
16 16
16 16
20 20
2 2
56 56
215 215
67 67
218 218
239 239
6 6
331 331
82 82
77 77
20 20
20 20
3 3
57 57
220 220
68 68
214 214
258 258
План
Ожидаемое (прогноз по конца года)
Интер РАО (дляФСК)
Промышленныепотребители
Транспорт
Нефтедобыча
Нефтепереработка
Нефтепроводы
Газопроводы
Сельскоехозяйство ипищеваяпромышленность
Непромышленныепотребители
Государственные(муниципальные)организации ипрочиебюджетныепотребители
Население иприравненныегруппыпотребителей
Территориальныесетевыеорганизации
Отклонения по ПАО Россети на 2023 год
-4.7% -4.7%
3.8% 3.8%
1.9% 1.9%
230.3% 230.3%
10.9% 10.9%
4.2% 4.2%
21.7% 21.7%
3.9% 3.9%
-0.6% -0.6%
1.6% 1.6%
-1.0% -1.0%
3.3% 3.3%
⬤ Отклонение, %
Интер РАО (для ФСК)
Промышленные потребители
Транспорт
Нефтедобыча
Нефтепереработка
Нефтепроводы
Газопроводы
Сельское хозяйство и пищевая пр…
Непромышленные потребители
Государственные (муниципальные…
Население и приравненные групп…
Территориальные сетевые органи…
Выручка отклонения по ПАО Россети на 2023 год
15.6% 15.6%
3.8% 3.8%
1.2% 1.2%
398.2% 398.2%
26.9% 26.9%
-0.6% -0.6%
26.9% 26.9%
1.5% 1.5%
2.7% 2.7%
2.0% 2.0%
-2.0% -2.0%
7.9% 7.9%
⬤ Отклонение, %
Интер РАО (для ФСК)
Промышленные потребители
Транспорт
Нефтедобыча
Нефтепереработка
Нефтепроводы
Газопроводы
Сельское хозяйство и пищевая пр…
Непромышленные потребители
Государственные (муниципальные…
Население и приравненные групп…
Территориальные сетевые органи…
абс.
%
Прогноз на месяц 
Ноябрь
КПО/Отпуск из сети 
Отпуск из сети, млн. кВт.ч
Организация 
Все
Прогноз электропотребления и выручки за услуги по передаче в разрезе отраслей'

08-11-2024T16:35:36 - [MESSAGE][PASSED] - Text of object 'Object Repository/Страница авторизации/Text' is: 'Год 
2023 год
Сравнение с 
План
Динамика электропотребления, млрд. кВт.ч. по ПАО Россети на 2023 год
10 10
190 190
36 36
14 14
9 9
14 14
4 4
17 17
80 80
19 19
82 82
588 588
10 10
197 197
37 37
48 48
10 10
15 15
4 4
18 18
80 80
19 19
82 82
608 608
План
Ожидаемое (прогноз по конца года)
Интер РАО (дляФСК)
Промышленныепотребители
Транспорт
Нефтедобыча
Нефтепереработка
Нефтепроводы
Газопроводы
Сельскоехозяйство ипищеваяпромышленность
Непромышленныепотребители
Государственные(муниципальные)организации ипрочиебюджетныепотребители
Население иприравненныегруппыпотребителей
Территориальныесетевыеорганизации
Выручка по ПАО Россети на 2023 год
5 5
319 319
81 81
16 16
16 16
20 20
2 2
56 56
215 215
67 67
218 218
239 239
6 6
331 331
82 82
77 77
20 20
20 20
3 3
57 57
220 220
68 68
214 214
258 258
План
Ожидаемое (прогноз по конца года)
Интер РАО (дляФСК)
Промышленныепотребители
Транспорт
Нефтедобыча
Нефтепереработка
Нефтепроводы
Газопроводы
Сельскоехозяйство ипищеваяпромышленность
Непромышленныепотребители
Государственные(муниципальные)организации ипрочиебюджетныепотребители
Население иприравненныегруппыпотребителей
Территориальныесетевыеорганизации
Отклонения по ПАО Россети на 2023 год
-4.7% -4.7%
3.8% 3.8%
1.9% 1.9%
230.3% 230.3%
10.9% 10.9%
4.2% 4.2%
21.7% 21.7%
3.9% 3.9%
-0.6% -0.6%
1.6% 1.6%
-1.0% -1.0%
3.3% 3.3%
⬤ Отклонение, %
Интер РАО (для ФСК)
Промышленные потребители
Транспорт
Нефтедобыча
Нефтепереработка
Нефтепроводы
Газопроводы
Сельское хозяйство и пищевая пр…
Непромышленные потребители
Государственные (муниципальные…
Население и приравненные групп…
Территориальные сетевые органи…
Выручка отклонения по ПАО Россети на 2023 год
15.6% 15.6%
3.8% 3.8%
1.2% 1.2%
398.2% 398.2%
26.9% 26.9%
-0.6% -0.6%
26.9% 26.9%
1.5% 1.5%
2.7% 2.7%
2.0% 2.0%
-2.0% -2.0%
7.9% 7.9%
⬤ Отклонение, %
Интер РАО (для ФСК)
Промышленные потребители
Транспорт
Нефтедобыча
Нефтепереработка
Нефтепроводы
Газопроводы
Сельское хозяйство и пищевая пр…
Непромышленные потребители
Государственные (муниципальные…
Население и приравненные групп…
Территориальные сетевые органи…
абс.
%
Прогноз на месяц 
Ноябрь
КПО/Отпуск из сети 
Отпуск из сети, млн. кВт.ч
Организация 
Все
Прогноз электропотребления и выручки за услуги по передаче в разрезе отраслей'

08-11-2024T16:35:36 - [TEST_STEP][PASSED] - i = i + 1: null

08-11-2024T16:35:36 - [TEST_STEP][PASSED] - refresh(): Refresh successfully

08-11-2024T16:35:37 - [MESSAGE][PASSED] - Refresh successfully

08-11-2024T16:35:37 - [TEST_STEP][PASSED] - delay(65): Delayed 65 second(s)

08-11-2024T16:36:42 - [MESSAGE][PASSED] - Delayed 65 second(s)

08-11-2024T16:36:42 - [TEST_STEP][PASSED] - navigateToUrl(findTestData("PlanFact").getValue(10, urlData)): Navigate to 'https://bi.rosseti.digital/viewer?dashboardGuid=d6acb5b1a7114a9791b34de39263106e&sheetGuid=0b6d261d7f7b4424a967aa8f3a724189&fit=true' successfully

08-11-2024T16:36:43 - [MESSAGE][PASSED] - Navigate to 'https://bi.rosseti.digital/viewer?dashboardGuid=d6acb5b1a7114a9791b34de39263106e&sheetGuid=0b6d261d7f7b4424a967aa8f3a724189&fit=true' successfully

08-11-2024T16:36:43 - [TEST_STEP][PASSED] - delay(65): Delayed 65 second(s)

08-11-2024T16:37:48 - [MESSAGE][PASSED] - Delayed 65 second(s)

08-11-2024T16:37:48 - [TEST_STEP][PASSED] - urlText = getText(findTestObject("Страница авторизации/Text")): Text of object 'Object Repository/Страница авторизации/Text' is: 'Год 
2023 год
Сравнение с 
План
Динамика электропотребления, млрд. кВт.ч. по ПАО Россети на 2023 год
10 10
190 190
36 36
14 14
9 9
14 14
4 4
17 17
80 80
19 19
82 82
588 588
10 10
197 197
37 37
48 48
10 10
15 15
4 4
18 18
80 80
19 19
82 82
608 608
План
Ожидаемое (прогноз по конца года)
Интер РАО (дляФСК)
Промышленныепотребители
Транспорт
Нефтедобыча
Нефтепереработка
Нефтепроводы
Газопроводы
Сельскоехозяйство ипищеваяпромышленность
Непромышленныепотребители
Государственные(муниципальные)организации ипрочиебюджетныепотребители
Население иприравненныегруппыпотребителей
Территориальныесетевыеорганизации
Выручка по ПАО Россети на 2023 год
5 5
319 319
81 81
16 16
16 16
20 20
2 2
56 56
215 215
67 67
218 218
239 239
6 6
331 331
82 82
77 77
20 20
20 20
3 3
57 57
220 220
68 68
214 214
258 258
План
Ожидаемое (прогноз по конца года)
Интер РАО (дляФСК)
Промышленныепотребители
Транспорт
Нефтедобыча
Нефтепереработка
Нефтепроводы
Газопроводы
Сельскоехозяйство ипищеваяпромышленность
Непромышленныепотребители
Государственные(муниципальные)организации ипрочиебюджетныепотребители
Население иприравненныегруппыпотребителей
Территориальныесетевыеорганизации
Отклонения по ПАО Россети на 2023 год
-4.7% -4.7%
3.8% 3.8%
1.9% 1.9%
230.3% 230.3%
10.9% 10.9%
4.2% 4.2%
21.7% 21.7%
3.9% 3.9%
-0.6% -0.6%
1.6% 1.6%
-1.0% -1.0%
3.3% 3.3%
⬤ Отклонение, %
Интер РАО (для ФСК)
Промышленные потребители
Транспорт
Нефтедобыча
Нефтепереработка
Нефтепроводы
Газопроводы
Сельское хозяйство и пищевая пр…
Непромышленные потребители
Государственные (муниципальные…
Население и приравненные групп…
Территориальные сетевые органи…
Выручка отклонения по ПАО Россети на 2023 год
15.6% 15.6%
3.8% 3.8%
1.2% 1.2%
398.2% 398.2%
26.9% 26.9%
-0.6% -0.6%
26.9% 26.9%
1.5% 1.5%
2.7% 2.7%
2.0% 2.0%
-2.0% -2.0%
7.9% 7.9%
⬤ Отклонение, %
Интер РАО (для ФСК)
Промышленные потребители
Транспорт
Нефтедобыча
Нефтепереработка
Нефтепроводы
Газопроводы
Сельское хозяйство и пищевая пр…
Непромышленные потребители
Государственные (муниципальные…
Население и приравненные групп…
Территориальные сетевые органи…
абс.
%
Прогноз на месяц 
Ноябрь
КПО/Отпуск из сети 
Отпуск из сети, млн. кВт.ч
Организация 
Все
Прогноз электропотребления и выручки за услуги по передаче в разрезе отраслей'

08-11-2024T16:37:48 - [MESSAGE][PASSED] - Text of object 'Object Repository/Страница авторизации/Text' is: 'Год 
2023 год
Сравнение с 
План
Динамика электропотребления, млрд. кВт.ч. по ПАО Россети на 2023 год
10 10
190 190
36 36
14 14
9 9
14 14
4 4
17 17
80 80
19 19
82 82
588 588
10 10
197 197
37 37
48 48
10 10
15 15
4 4
18 18
80 80
19 19
82 82
608 608
План
Ожидаемое (прогноз по конца года)
Интер РАО (дляФСК)
Промышленныепотребители
Транспорт
Нефтедобыча
Нефтепереработка
Нефтепроводы
Газопроводы
Сельскоехозяйство ипищеваяпромышленность
Непромышленныепотребители
Государственные(муниципальные)организации ипрочиебюджетныепотребители
Население иприравненныегруппыпотребителей
Территориальныесетевыеорганизации
Выручка по ПАО Россети на 2023 год
5 5
319 319
81 81
16 16
16 16
20 20
2 2
56 56
215 215
67 67
218 218
239 239
6 6
331 331
82 82
77 77
20 20
20 20
3 3
57 57
220 220
68 68
214 214
258 258
План
Ожидаемое (прогноз по конца года)
Интер РАО (дляФСК)
Промышленныепотребители
Транспорт
Нефтедобыча
Нефтепереработка
Нефтепроводы
Газопроводы
Сельскоехозяйство ипищеваяпромышленность
Непромышленныепотребители
Государственные(муниципальные)организации ипрочиебюджетныепотребители
Население иприравненныегруппыпотребителей
Территориальныесетевыеорганизации
Отклонения по ПАО Россети на 2023 год
-4.7% -4.7%
3.8% 3.8%
1.9% 1.9%
230.3% 230.3%
10.9% 10.9%
4.2% 4.2%
21.7% 21.7%
3.9% 3.9%
-0.6% -0.6%
1.6% 1.6%
-1.0% -1.0%
3.3% 3.3%
⬤ Отклонение, %
Интер РАО (для ФСК)
Промышленные потребители
Транспорт
Нефтедобыча
Нефтепереработка
Нефтепроводы
Газопроводы
Сельское хозяйство и пищевая пр…
Непромышленные потребители
Государственные (муниципальные…
Население и приравненные групп…
Территориальные сетевые органи…
Выручка отклонения по ПАО Россети на 2023 год
15.6% 15.6%
3.8% 3.8%
1.2% 1.2%
398.2% 398.2%
26.9% 26.9%
-0.6% -0.6%
26.9% 26.9%
1.5% 1.5%
2.7% 2.7%
2.0% 2.0%
-2.0% -2.0%
7.9% 7.9%
⬤ Отклонение, %
Интер РАО (для ФСК)
Промышленные потребители
Транспорт
Нефтедобыча
Нефтепереработка
Нефтепроводы
Газопроводы
Сельское хозяйство и пищевая пр…
Непромышленные потребители
Государственные (муниципальные…
Население и приравненные групп…
Территориальные сетевые органи…
абс.
%
Прогноз на месяц 
Ноябрь
КПО/Отпуск из сети 
Отпуск из сети, млн. кВт.ч
Организация 
Все
Прогноз электропотребления и выручки за услуги по передаче в разрезе отраслей'

08-11-2024T16:37:48 - [TEST_STEP][PASSED] - i = i + 1: null

08-11-2024T16:37:48 - [TEST_STEP][PASSED] - refresh(): Refresh successfully

08-11-2024T16:37:49 - [MESSAGE][PASSED] - Refresh successfully

08-11-2024T16:37:49 - [TEST_STEP][PASSED] - delay(65): Delayed 65 second(s)

08-11-2024T16:38:54 - [MESSAGE][PASSED] - Delayed 65 second(s)

08-11-2024T16:38:54 - [TEST_STEP][PASSED] - navigateToUrl(findTestData("PlanFact").getValue(10, urlData)): Navigate to 'https://bi.rosseti.digital/viewer?dashboardGuid=d6acb5b1a7114a9791b34de39263106e&sheetGuid=0b6d261d7f7b4424a967aa8f3a724189&fit=true' successfully

08-11-2024T16:38:54 - [MESSAGE][PASSED] - Navigate to 'https://bi.rosseti.digital/viewer?dashboardGuid=d6acb5b1a7114a9791b34de39263106e&sheetGuid=0b6d261d7f7b4424a967aa8f3a724189&fit=true' successfully

08-11-2024T16:38:54 - [TEST_STEP][PASSED] - delay(65): Delayed 65 second(s)

08-11-2024T16:39:59 - [MESSAGE][PASSED] - Delayed 65 second(s)

08-11-2024T16:39:59 - [TEST_STEP][PASSED] - urlText = getText(findTestObject("Страница авторизации/Text")): Text of object 'Object Repository/Страница авторизации/Text' is: 'Год 
2023 год
Сравнение с 
План
Динамика электропотребления, млрд. кВт.ч. по ПАО Россети на 2023 год
10 10
190 190
36 36
14 14
9 9
14 14
4 4
17 17
80 80
19 19
82 82
588 588
10 10
197 197
37 37
48 48
10 10
15 15
4 4
18 18
80 80
19 19
82 82
608 608
План
Ожидаемое (прогноз по конца года)
Интер РАО (дляФСК)
Промышленныепотребители
Транспорт
Нефтедобыча
Нефтепереработка
Нефтепроводы
Газопроводы
Сельскоехозяйство ипищеваяпромышленность
Непромышленныепотребители
Государственные(муниципальные)организации ипрочиебюджетныепотребители
Население иприравненныегруппыпотребителей
Территориальныесетевыеорганизации
Выручка по ПАО Россети на 2023 год
5 5
319 319
81 81
16 16
16 16
20 20
2 2
56 56
215 215
67 67
218 218
239 239
6 6
331 331
82 82
77 77
20 20
20 20
3 3
57 57
220 220
68 68
214 214
258 258
План
Ожидаемое (прогноз по конца года)
Интер РАО (дляФСК)
Промышленныепотребители
Транспорт
Нефтедобыча
Нефтепереработка
Нефтепроводы
Газопроводы
Сельскоехозяйство ипищеваяпромышленность
Непромышленныепотребители
Государственные(муниципальные)организации ипрочиебюджетныепотребители
Население иприравненныегруппыпотребителей
Территориальныесетевыеорганизации
Отклонения по ПАО Россети на 2023 год
-4.7% -4.7%
3.8% 3.8%
1.9% 1.9%
230.3% 230.3%
10.9% 10.9%
4.2% 4.2%
21.7% 21.7%
3.9% 3.9%
-0.6% -0.6%
1.6% 1.6%
-1.0% -1.0%
3.3% 3.3%
⬤ Отклонение, %
Интер РАО (для ФСК)
Промышленные потребители
Транспорт
Нефтедобыча
Нефтепереработка
Нефтепроводы
Газопроводы
Сельское хозяйство и пищевая пр…
Непромышленные потребители
Государственные (муниципальные…
Население и приравненные групп…
Территориальные сетевые органи…
Выручка отклонения по ПАО Россети на 2023 год
15.6% 15.6%
3.8% 3.8%
1.2% 1.2%
398.2% 398.2%
26.9% 26.9%
-0.6% -0.6%
26.9% 26.9%
1.5% 1.5%
2.7% 2.7%
2.0% 2.0%
-2.0% -2.0%
7.9% 7.9%
⬤ Отклонение, %
Интер РАО (для ФСК)
Промышленные потребители
Транспорт
Нефтедобыча
Нефтепереработка
Нефтепроводы
Газопроводы
Сельское хозяйство и пищевая пр…
Непромышленные потребители
Государственные (муниципальные…
Население и приравненные групп…
Территориальные сетевые органи…
абс.
%
Прогноз на месяц 
Ноябрь
КПО/Отпуск из сети 
Отпуск из сети, млн. кВт.ч
Организация 
Все
Прогноз электропотребления и выручки за услуги по передаче в разрезе отраслей'

08-11-2024T16:40:00 - [MESSAGE][PASSED] - Text of object 'Object Repository/Страница авторизации/Text' is: 'Год 
2023 год
Сравнение с 
План
Динамика электропотребления, млрд. кВт.ч. по ПАО Россети на 2023 год
10 10
190 190
36 36
14 14
9 9
14 14
4 4
17 17
80 80
19 19
82 82
588 588
10 10
197 197
37 37
48 48
10 10
15 15
4 4
18 18
80 80
19 19
82 82
608 608
План
Ожидаемое (прогноз по конца года)
Интер РАО (дляФСК)
Промышленныепотребители
Транспорт
Нефтедобыча
Нефтепереработка
Нефтепроводы
Газопроводы
Сельскоехозяйство ипищеваяпромышленность
Непромышленныепотребители
Государственные(муниципальные)организации ипрочиебюджетныепотребители
Население иприравненныегруппыпотребителей
Территориальныесетевыеорганизации
Выручка по ПАО Россети на 2023 год
5 5
319 319
81 81
16 16
16 16
20 20
2 2
56 56
215 215
67 67
218 218
239 239
6 6
331 331
82 82
77 77
20 20
20 20
3 3
57 57
220 220
68 68
214 214
258 258
План
Ожидаемое (прогноз по конца года)
Интер РАО (дляФСК)
Промышленныепотребители
Транспорт
Нефтедобыча
Нефтепереработка
Нефтепроводы
Газопроводы
Сельскоехозяйство ипищеваяпромышленность
Непромышленныепотребители
Государственные(муниципальные)организации ипрочиебюджетныепотребители
Население иприравненныегруппыпотребителей
Территориальныесетевыеорганизации
Отклонения по ПАО Россети на 2023 год
-4.7% -4.7%
3.8% 3.8%
1.9% 1.9%
230.3% 230.3%
10.9% 10.9%
4.2% 4.2%
21.7% 21.7%
3.9% 3.9%
-0.6% -0.6%
1.6% 1.6%
-1.0% -1.0%
3.3% 3.3%
⬤ Отклонение, %
Интер РАО (для ФСК)
Промышленные потребители
Транспорт
Нефтедобыча
Нефтепереработка
Нефтепроводы
Газопроводы
Сельское хозяйство и пищевая пр…
Непромышленные потребители
Государственные (муниципальные…
Население и приравненные групп…
Территориальные сетевые органи…
Выручка отклонения по ПАО Россети на 2023 год
15.6% 15.6%
3.8% 3.8%
1.2% 1.2%
398.2% 398.2%
26.9% 26.9%
-0.6% -0.6%
26.9% 26.9%
1.5% 1.5%
2.7% 2.7%
2.0% 2.0%
-2.0% -2.0%
7.9% 7.9%
⬤ Отклонение, %
Интер РАО (для ФСК)
Промышленные потребители
Транспорт
Нефтедобыча
Нефтепереработка
Нефтепроводы
Газопроводы
Сельское хозяйство и пищевая пр…
Непромышленные потребители
Государственные (муниципальные…
Население и приравненные групп…
Территориальные сетевые органи…
абс.
%
Прогноз на месяц 
Ноябрь
КПО/Отпуск из сети 
Отпуск из сети, млн. кВт.ч
Организация 
Все
Прогноз электропотребления и выручки за услуги по передаче в разрезе отраслей'

08-11-2024T16:40:00 - [TEST_STEP][PASSED] - i = i + 1: null

08-11-2024T16:40:00 - [TEST_STEP][PASSED] - refresh(): Refresh successfully

08-11-2024T16:40:01 - [MESSAGE][PASSED] - Refresh successfully

08-11-2024T16:40:01 - [TEST_STEP][PASSED] - delay(65): Delayed 65 second(s)

08-11-2024T16:41:06 - [MESSAGE][PASSED] - Delayed 65 second(s)

08-11-2024T16:41:06 - [TEST_STEP][PASSED] - navigateToUrl(findTestData("PlanFact").getValue(10, urlData)): Navigate to 'https://bi.rosseti.digital/viewer?dashboardGuid=d6acb5b1a7114a9791b34de39263106e&sheetGuid=0b6d261d7f7b4424a967aa8f3a724189&fit=true' successfully

08-11-2024T16:41:07 - [MESSAGE][PASSED] - Navigate to 'https://bi.rosseti.digital/viewer?dashboardGuid=d6acb5b1a7114a9791b34de39263106e&sheetGuid=0b6d261d7f7b4424a967aa8f3a724189&fit=true' successfully

08-11-2024T16:41:07 - [TEST_STEP][PASSED] - delay(65): Delayed 65 second(s)

08-11-2024T16:42:12 - [MESSAGE][PASSED] - Delayed 65 second(s)

08-11-2024T16:42:12 - [TEST_STEP][PASSED] - urlText = getText(findTestObject("Страница авторизации/Text")): Text of object 'Object Repository/Страница авторизации/Text' is: 'Год 
2023 год
Сравнение с 
План
Динамика электропотребления, млрд. кВт.ч. по ПАО Россети на 2023 год
10 10
190 190
36 36
14 14
9 9
14 14
4 4
17 17
80 80
19 19
82 82
588 588
10 10
197 197
37 37
48 48
10 10
15 15
4 4
18 18
80 80
19 19
82 82
608 608
План
Ожидаемое (прогноз по конца года)
Интер РАО (дляФСК)
Промышленныепотребители
Транспорт
Нефтедобыча
Нефтепереработка
Нефтепроводы
Газопроводы
Сельскоехозяйство ипищеваяпромышленность
Непромышленныепотребители
Государственные(муниципальные)организации ипрочиебюджетныепотребители
Население иприравненныегруппыпотребителей
Территориальныесетевыеорганизации
Выручка по ПАО Россети на 2023 год
5 5
319 319
81 81
16 16
16 16
20 20
2 2
56 56
215 215
67 67
218 218
239 239
6 6
331 331
82 82
77 77
20 20
20 20
3 3
57 57
220 220
68 68
214 214
258 258
План
Ожидаемое (прогноз по конца года)
Интер РАО (дляФСК)
Промышленныепотребители
Транспорт
Нефтедобыча
Нефтепереработка
Нефтепроводы
Газопроводы
Сельскоехозяйство ипищеваяпромышленность
Непромышленныепотребители
Государственные(муниципальные)организации ипрочиебюджетныепотребители
Население иприравненныегруппыпотребителей
Территориальныесетевыеорганизации
Отклонения по ПАО Россети на 2023 год
-4.7% -4.7%
3.8% 3.8%
1.9% 1.9%
230.3% 230.3%
10.9% 10.9%
4.2% 4.2%
21.7% 21.7%
3.9% 3.9%
-0.6% -0.6%
1.6% 1.6%
-1.0% -1.0%
3.3% 3.3%
⬤ Отклонение, %
Интер РАО (для ФСК)
Промышленные потребители
Транспорт
Нефтедобыча
Нефтепереработка
Нефтепроводы
Газопроводы
Сельское хозяйство и пищевая пр…
Непромышленные потребители
Государственные (муниципальные…
Население и приравненные групп…
Территориальные сетевые органи…
Выручка отклонения по ПАО Россети на 2023 год
15.6% 15.6%
3.8% 3.8%
1.2% 1.2%
398.2% 398.2%
26.9% 26.9%
-0.6% -0.6%
26.9% 26.9%
1.5% 1.5%
2.7% 2.7%
2.0% 2.0%
-2.0% -2.0%
7.9% 7.9%
⬤ Отклонение, %
Интер РАО (для ФСК)
Промышленные потребители
Транспорт
Нефтедобыча
Нефтепереработка
Нефтепроводы
Газопроводы
Сельское хозяйство и пищевая пр…
Непромышленные потребители
Государственные (муниципальные…
Население и приравненные групп…
Территориальные сетевые органи…
абс.
%
Прогноз на месяц 
Ноябрь
КПО/Отпуск из сети 
Отпуск из сети, млн. кВт.ч
Организация 
Все
Прогноз электропотребления и выручки за услуги по передаче в разрезе отраслей'

08-11-2024T16:42:12 - [MESSAGE][PASSED] - Text of object 'Object Repository/Страница авторизации/Text' is: 'Год 
2023 год
Сравнение с 
План
Динамика электропотребления, млрд. кВт.ч. по ПАО Россети на 2023 год
10 10
190 190
36 36
14 14
9 9
14 14
4 4
17 17
80 80
19 19
82 82
588 588
10 10
197 197
37 37
48 48
10 10
15 15
4 4
18 18
80 80
19 19
82 82
608 608
План
Ожидаемое (прогноз по конца года)
Интер РАО (дляФСК)
Промышленныепотребители
Транспорт
Нефтедобыча
Нефтепереработка
Нефтепроводы
Газопроводы
Сельскоехозяйство ипищеваяпромышленность
Непромышленныепотребители
Государственные(муниципальные)организации ипрочиебюджетныепотребители
Население иприравненныегруппыпотребителей
Территориальныесетевыеорганизации
Выручка по ПАО Россети на 2023 год
5 5
319 319
81 81
16 16
16 16
20 20
2 2
56 56
215 215
67 67
218 218
239 239
6 6
331 331
82 82
77 77
20 20
20 20
3 3
57 57
220 220
68 68
214 214
258 258
План
Ожидаемое (прогноз по конца года)
Интер РАО (дляФСК)
Промышленныепотребители
Транспорт
Нефтедобыча
Нефтепереработка
Нефтепроводы
Газопроводы
Сельскоехозяйство ипищеваяпромышленность
Непромышленныепотребители
Государственные(муниципальные)организации ипрочиебюджетныепотребители
Население иприравненныегруппыпотребителей
Территориальныесетевыеорганизации
Отклонения по ПАО Россети на 2023 год
-4.7% -4.7%
3.8% 3.8%
1.9% 1.9%
230.3% 230.3%
10.9% 10.9%
4.2% 4.2%
21.7% 21.7%
3.9% 3.9%
-0.6% -0.6%
1.6% 1.6%
-1.0% -1.0%
3.3% 3.3%
⬤ Отклонение, %
Интер РАО (для ФСК)
Промышленные потребители
Транспорт
Нефтедобыча
Нефтепереработка
Нефтепроводы
Газопроводы
Сельское хозяйство и пищевая пр…
Непромышленные потребители
Государственные (муниципальные…
Население и приравненные групп…
Территориальные сетевые органи…
Выручка отклонения по ПАО Россети на 2023 год
15.6% 15.6%
3.8% 3.8%
1.2% 1.2%
398.2% 398.2%
26.9% 26.9%
-0.6% -0.6%
26.9% 26.9%
1.5% 1.5%
2.7% 2.7%
2.0% 2.0%
-2.0% -2.0%
7.9% 7.9%
⬤ Отклонение, %
Интер РАО (для ФСК)
Промышленные потребители
Транспорт
Нефтедобыча
Нефтепереработка
Нефтепроводы
Газопроводы
Сельское хозяйство и пищевая пр…
Непромышленные потребители
Государственные (муниципальные…
Население и приравненные групп…
Территориальные сетевые органи…
абс.
%
Прогноз на месяц 
Ноябрь
КПО/Отпуск из сети 
Отпуск из сети, млн. кВт.ч
Организация 
Все
Прогноз электропотребления и выручки за услуги по передаче в разрезе отраслей'

08-11-2024T16:42:12 - [TEST_STEP][PASSED] - i = i + 1: null

08-11-2024T16:42:12 - [TEST_STEP][PASSED] - refresh(): Refresh successfully

08-11-2024T16:42:13 - [MESSAGE][PASSED] - Refresh successfully

08-11-2024T16:42:13 - [TEST_STEP][PASSED] - delay(65): Delayed 65 second(s)

08-11-2024T16:43:18 - [MESSAGE][PASSED] - Delayed 65 second(s)

08-11-2024T16:43:18 - [TEST_STEP][PASSED] - navigateToUrl(findTestData("PlanFact").getValue(10, urlData)): Navigate to 'https://bi.rosseti.digital/viewer?dashboardGuid=d6acb5b1a7114a9791b34de39263106e&sheetGuid=0b6d261d7f7b4424a967aa8f3a724189&fit=true' successfully

08-11-2024T16:43:19 - [MESSAGE][PASSED] - Navigate to 'https://bi.rosseti.digital/viewer?dashboardGuid=d6acb5b1a7114a9791b34de39263106e&sheetGuid=0b6d261d7f7b4424a967aa8f3a724189&fit=true' successfully

08-11-2024T16:43:19 - [TEST_STEP][PASSED] - delay(65): Delayed 65 second(s)

08-11-2024T16:44:24 - [MESSAGE][PASSED] - Delayed 65 second(s)

08-11-2024T16:44:24 - [TEST_STEP][PASSED] - urlText = getText(findTestObject("Страница авторизации/Text")): Text of object 'Object Repository/Страница авторизации/Text' is: 'Год 
2023 год
Сравнение с 
План
Динамика электропотребления, млрд. кВт.ч. по ПАО Россети на 2023 год
10 10
190 190
36 36
14 14
9 9
14 14
4 4
17 17
80 80
19 19
82 82
588 588
10 10
197 197
37 37
48 48
10 10
15 15
4 4
18 18
80 80
19 19
82 82
608 608
План
Ожидаемое (прогноз по конца года)
Интер РАО (дляФСК)
Промышленныепотребители
Транспорт
Нефтедобыча
Нефтепереработка
Нефтепроводы
Газопроводы
Сельскоехозяйство ипищеваяпромышленность
Непромышленныепотребители
Государственные(муниципальные)организации ипрочиебюджетныепотребители
Население иприравненныегруппыпотребителей
Территориальныесетевыеорганизации
Выручка по ПАО Россети на 2023 год
5 5
319 319
81 81
16 16
16 16
20 20
2 2
56 56
215 215
67 67
218 218
239 239
6 6
331 331
82 82
77 77
20 20
20 20
3 3
57 57
220 220
68 68
214 214
258 258
План
Ожидаемое (прогноз по конца года)
Интер РАО (дляФСК)
Промышленныепотребители
Транспорт
Нефтедобыча
Нефтепереработка
Нефтепроводы
Газопроводы
Сельскоехозяйство ипищеваяпромышленность
Непромышленныепотребители
Государственные(муниципальные)организации ипрочиебюджетныепотребители
Население иприравненныегруппыпотребителей
Территориальныесетевыеорганизации
Отклонения по ПАО Россети на 2023 год
-4.7% -4.7%
3.8% 3.8%
1.9% 1.9%
230.3% 230.3%
10.9% 10.9%
4.2% 4.2%
21.7% 21.7%
3.9% 3.9%
-0.6% -0.6%
1.6% 1.6%
-1.0% -1.0%
3.3% 3.3%
⬤ Отклонение, %
Интер РАО (для ФСК)
Промышленные потребители
Транспорт
Нефтедобыча
Нефтепереработка
Нефтепроводы
Газопроводы
Сельское хозяйство и пищевая пр…
Непромышленные потребители
Государственные (муниципальные…
Население и приравненные групп…
Территориальные сетевые органи…
Выручка отклонения по ПАО Россети на 2023 год
15.6% 15.6%
3.8% 3.8%
1.2% 1.2%
398.2% 398.2%
26.9% 26.9%
-0.6% -0.6%
26.9% 26.9%
1.5% 1.5%
2.7% 2.7%
2.0% 2.0%
-2.0% -2.0%
7.9% 7.9%
⬤ Отклонение, %
Интер РАО (для ФСК)
Промышленные потребители
Транспорт
Нефтедобыча
Нефтепереработка
Нефтепроводы
Газопроводы
Сельское хозяйство и пищевая пр…
Непромышленные потребители
Государственные (муниципальные…
Население и приравненные групп…
Территориальные сетевые органи…
абс.
%
Прогноз на месяц 
Ноябрь
КПО/Отпуск из сети 
Отпуск из сети, млн. кВт.ч
Организация 
Все
Прогноз электропотребления и выручки за услуги по передаче в разрезе отраслей'

08-11-2024T16:44:25 - [MESSAGE][PASSED] - Text of object 'Object Repository/Страница авторизации/Text' is: 'Год 
2023 год
Сравнение с 
План
Динамика электропотребления, млрд. кВт.ч. по ПАО Россети на 2023 год
10 10
190 190
36 36
14 14
9 9
14 14
4 4
17 17
80 80
19 19
82 82
588 588
10 10
197 197
37 37
48 48
10 10
15 15
4 4
18 18
80 80
19 19
82 82
608 608
План
Ожидаемое (прогноз по конца года)
Интер РАО (дляФСК)
Промышленныепотребители
Транспорт
Нефтедобыча
Нефтепереработка
Нефтепроводы
Газопроводы
Сельскоехозяйство ипищеваяпромышленность
Непромышленныепотребители
Государственные(муниципальные)организации ипрочиебюджетныепотребители
Население иприравненныегруппыпотребителей
Территориальныесетевыеорганизации
Выручка по ПАО Россети на 2023 год
5 5
319 319
81 81
16 16
16 16
20 20
2 2
56 56
215 215
67 67
218 218
239 239
6 6
331 331
82 82
77 77
20 20
20 20
3 3
57 57
220 220
68 68
214 214
258 258
План
Ожидаемое (прогноз по конца года)
Интер РАО (дляФСК)
Промышленныепотребители
Транспорт
Нефтедобыча
Нефтепереработка
Нефтепроводы
Газопроводы
Сельскоехозяйство ипищеваяпромышленность
Непромышленныепотребители
Государственные(муниципальные)организации ипрочиебюджетныепотребители
Население иприравненныегруппыпотребителей
Территориальныесетевыеорганизации
Отклонения по ПАО Россети на 2023 год
-4.7% -4.7%
3.8% 3.8%
1.9% 1.9%
230.3% 230.3%
10.9% 10.9%
4.2% 4.2%
21.7% 21.7%
3.9% 3.9%
-0.6% -0.6%
1.6% 1.6%
-1.0% -1.0%
3.3% 3.3%
⬤ Отклонение, %
Интер РАО (для ФСК)
Промышленные потребители
Транспорт
Нефтедобыча
Нефтепереработка
Нефтепроводы
Газопроводы
Сельское хозяйство и пищевая пр…
Непромышленные потребители
Государственные (муниципальные…
Население и приравненные групп…
Территориальные сетевые органи…
Выручка отклонения по ПАО Россети на 2023 год
15.6% 15.6%
3.8% 3.8%
1.2% 1.2%
398.2% 398.2%
26.9% 26.9%
-0.6% -0.6%
26.9% 26.9%
1.5% 1.5%
2.7% 2.7%
2.0% 2.0%
-2.0% -2.0%
7.9% 7.9%
⬤ Отклонение, %
Интер РАО (для ФСК)
Промышленные потребители
Транспорт
Нефтедобыча
Нефтепереработка
Нефтепроводы
Газопроводы
Сельское хозяйство и пищевая пр…
Непромышленные потребители
Государственные (муниципальные…
Население и приравненные групп…
Территориальные сетевые органи…
абс.
%
Прогноз на месяц 
Ноябрь
КПО/Отпуск из сети 
Отпуск из сети, млн. кВт.ч
Организация 
Все
Прогноз электропотребления и выручки за услуги по передаче в разрезе отраслей'

08-11-2024T16:44:25 - [TEST_STEP][PASSED] - i = i + 1: null

08-11-2024T16:44:25 - [TEST_STEP][PASSED] - refresh(): Refresh successfully

08-11-2024T16:44:26 - [MESSAGE][PASSED] - Refresh successfully

08-11-2024T16:44:26 - [TEST_STEP][PASSED] - delay(65): Delayed 65 second(s)

08-11-2024T16:45:31 - [MESSAGE][PASSED] - Delayed 65 second(s)

08-11-2024T16:45:31 - [TEST_STEP][PASSED] - navigateToUrl(findTestData("PlanFact").getValue(10, urlData)): Navigate to 'https://bi.rosseti.digital/viewer?dashboardGuid=d6acb5b1a7114a9791b34de39263106e&sheetGuid=0b6d261d7f7b4424a967aa8f3a724189&fit=true' successfully

08-11-2024T16:45:32 - [MESSAGE][PASSED] - Navigate to 'https://bi.rosseti.digital/viewer?dashboardGuid=d6acb5b1a7114a9791b34de39263106e&sheetGuid=0b6d261d7f7b4424a967aa8f3a724189&fit=true' successfully

08-11-2024T16:45:32 - [TEST_STEP][PASSED] - delay(65): Delayed 65 second(s)

08-11-2024T16:46:37 - [MESSAGE][PASSED] - Delayed 65 second(s)

08-11-2024T16:46:37 - [TEST_STEP][PASSED] - urlText = getText(findTestObject("Страница авторизации/Text")): Text of object 'Object Repository/Страница авторизации/Text' is: 'Год 
2023 год
Сравнение с 
План
Динамика электропотребления, млрд. кВт.ч. по ПАО Россети на 2023 год
10 10
190 190
36 36
14 14
9 9
14 14
4 4
17 17
80 80
19 19
82 82
588 588
10 10
197 197
37 37
48 48
10 10
15 15
4 4
18 18
80 80
19 19
82 82
608 608
План
Ожидаемое (прогноз по конца года)
Интер РАО (дляФСК)
Промышленныепотребители
Транспорт
Нефтедобыча
Нефтепереработка
Нефтепроводы
Газопроводы
Сельскоехозяйство ипищеваяпромышленность
Непромышленныепотребители
Государственные(муниципальные)организации ипрочиебюджетныепотребители
Население иприравненныегруппыпотребителей
Территориальныесетевыеорганизации
Выручка по ПАО Россети на 2023 год
5 5
319 319
81 81
16 16
16 16
20 20
2 2
56 56
215 215
67 67
218 218
239 239
6 6
331 331
82 82
77 77
20 20
20 20
3 3
57 57
220 220
68 68
214 214
258 258
План
Ожидаемое (прогноз по конца года)
Интер РАО (дляФСК)
Промышленныепотребители
Транспорт
Нефтедобыча
Нефтепереработка
Нефтепроводы
Газопроводы
Сельскоехозяйство ипищеваяпромышленность
Непромышленныепотребители
Государственные(муниципальные)организации ипрочиебюджетныепотребители
Население иприравненныегруппыпотребителей
Территориальныесетевыеорганизации
Отклонения по ПАО Россети на 2023 год
-4.7% -4.7%
3.8% 3.8%
1.9% 1.9%
230.3% 230.3%
10.9% 10.9%
4.2% 4.2%
21.7% 21.7%
3.9% 3.9%
-0.6% -0.6%
1.6% 1.6%
-1.0% -1.0%
3.3% 3.3%
⬤ Отклонение, %
Интер РАО (для ФСК)
Промышленные потребители
Транспорт
Нефтедобыча
Нефтепереработка
Нефтепроводы
Газопроводы
Сельское хозяйство и пищевая пр…
Непромышленные потребители
Государственные (муниципальные…
Население и приравненные групп…
Территориальные сетевые органи…
Выручка отклонения по ПАО Россети на 2023 год
15.6% 15.6%
3.8% 3.8%
1.2% 1.2%
398.2% 398.2%
26.9% 26.9%
-0.6% -0.6%
26.9% 26.9%
1.5% 1.5%
2.7% 2.7%
2.0% 2.0%
-2.0% -2.0%
7.9% 7.9%
⬤ Отклонение, %
Интер РАО (для ФСК)
Промышленные потребители
Транспорт
Нефтедобыча
Нефтепереработка
Нефтепроводы
Газопроводы
Сельское хозяйство и пищевая пр…
Непромышленные потребители
Государственные (муниципальные…
Население и приравненные групп…
Территориальные сетевые органи…
абс.
%
Прогноз на месяц 
Ноябрь
КПО/Отпуск из сети 
Отпуск из сети, млн. кВт.ч
Организация 
Все
Прогноз электропотребления и выручки за услуги по передаче в разрезе отраслей'

08-11-2024T16:46:37 - [MESSAGE][PASSED] - Text of object 'Object Repository/Страница авторизации/Text' is: 'Год 
2023 год
Сравнение с 
План
Динамика электропотребления, млрд. кВт.ч. по ПАО Россети на 2023 год
10 10
190 190
36 36
14 14
9 9
14 14
4 4
17 17
80 80
19 19
82 82
588 588
10 10
197 197
37 37
48 48
10 10
15 15
4 4
18 18
80 80
19 19
82 82
608 608
План
Ожидаемое (прогноз по конца года)
Интер РАО (дляФСК)
Промышленныепотребители
Транспорт
Нефтедобыча
Нефтепереработка
Нефтепроводы
Газопроводы
Сельскоехозяйство ипищеваяпромышленность
Непромышленныепотребители
Государственные(муниципальные)организации ипрочиебюджетныепотребители
Население иприравненныегруппыпотребителей
Территориальныесетевыеорганизации
Выручка по ПАО Россети на 2023 год
5 5
319 319
81 81
16 16
16 16
20 20
2 2
56 56
215 215
67 67
218 218
239 239
6 6
331 331
82 82
77 77
20 20
20 20
3 3
57 57
220 220
68 68
214 214
258 258
План
Ожидаемое (прогноз по конца года)
Интер РАО (дляФСК)
Промышленныепотребители
Транспорт
Нефтедобыча
Нефтепереработка
Нефтепроводы
Газопроводы
Сельскоехозяйство ипищеваяпромышленность
Непромышленныепотребители
Государственные(муниципальные)организации ипрочиебюджетныепотребители
Население иприравненныегруппыпотребителей
Территориальныесетевыеорганизации
Отклонения по ПАО Россети на 2023 год
-4.7% -4.7%
3.8% 3.8%
1.9% 1.9%
230.3% 230.3%
10.9% 10.9%
4.2% 4.2%
21.7% 21.7%
3.9% 3.9%
-0.6% -0.6%
1.6% 1.6%
-1.0% -1.0%
3.3% 3.3%
⬤ Отклонение, %
Интер РАО (для ФСК)
Промышленные потребители
Транспорт
Нефтедобыча
Нефтепереработка
Нефтепроводы
Газопроводы
Сельское хозяйство и пищевая пр…
Непромышленные потребители
Государственные (муниципальные…
Население и приравненные групп…
Территориальные сетевые органи…
Выручка отклонения по ПАО Россети на 2023 год
15.6% 15.6%
3.8% 3.8%
1.2% 1.2%
398.2% 398.2%
26.9% 26.9%
-0.6% -0.6%
26.9% 26.9%
1.5% 1.5%
2.7% 2.7%
2.0% 2.0%
-2.0% -2.0%
7.9% 7.9%
⬤ Отклонение, %
Интер РАО (для ФСК)
Промышленные потребители
Транспорт
Нефтедобыча
Нефтепереработка
Нефтепроводы
Газопроводы
Сельское хозяйство и пищевая пр…
Непромышленные потребители
Государственные (муниципальные…
Население и приравненные групп…
Территориальные сетевые органи…
абс.
%
Прогноз на месяц 
Ноябрь
КПО/Отпуск из сети 
Отпуск из сети, млн. кВт.ч
Организация 
Все
Прогноз электропотребления и выручки за услуги по передаче в разрезе отраслей'

08-11-2024T16:46:37 - [TEST_STEP][PASSED] - i = i + 1: null

08-11-2024T16:46:37 - [TEST_STEP][PASSED] - refresh(): Refresh successfully

08-11-2024T16:46:38 - [MESSAGE][PASSED] - Refresh successfully

08-11-2024T16:46:38 - [TEST_STEP][PASSED] - delay(65): Delayed 65 second(s)

08-11-2024T16:47:43 - [MESSAGE][PASSED] - Delayed 65 second(s)

08-11-2024T16:47:43 - [TEST_STEP][PASSED] - navigateToUrl(findTestData("PlanFact").getValue(10, urlData)): Navigate to 'https://bi.rosseti.digital/viewer?dashboardGuid=d6acb5b1a7114a9791b34de39263106e&sheetGuid=0b6d261d7f7b4424a967aa8f3a724189&fit=true' successfully

08-11-2024T16:47:44 - [MESSAGE][PASSED] - Navigate to 'https://bi.rosseti.digital/viewer?dashboardGuid=d6acb5b1a7114a9791b34de39263106e&sheetGuid=0b6d261d7f7b4424a967aa8f3a724189&fit=true' successfully

08-11-2024T16:47:44 - [TEST_STEP][PASSED] - delay(65): Delayed 65 second(s)

08-11-2024T16:48:49 - [MESSAGE][PASSED] - Delayed 65 second(s)

08-11-2024T16:48:49 - [TEST_STEP][PASSED] - urlText = getText(findTestObject("Страница авторизации/Text")): Text of object 'Object Repository/Страница авторизации/Text' is: 'Год 
2023 год
Сравнение с 
План
Динамика электропотребления, млрд. кВт.ч. по ПАО Россети на 2023 год
10 10
190 190
36 36
14 14
9 9
14 14
4 4
17 17
80 80
19 19
82 82
588 588
10 10
197 197
37 37
48 48
10 10
15 15
4 4
18 18
80 80
19 19
82 82
608 608
План
Ожидаемое (прогноз по конца года)
Интер РАО (дляФСК)
Промышленныепотребители
Транспорт
Нефтедобыча
Нефтепереработка
Нефтепроводы
Газопроводы
Сельскоехозяйство ипищеваяпромышленность
Непромышленныепотребители
Государственные(муниципальные)организации ипрочиебюджетныепотребители
Население иприравненныегруппыпотребителей
Территориальныесетевыеорганизации
Выручка по ПАО Россети на 2023 год
5 5
319 319
81 81
16 16
16 16
20 20
2 2
56 56
215 215
67 67
218 218
239 239
6 6
331 331
82 82
77 77
20 20
20 20
3 3
57 57
220 220
68 68
214 214
258 258
План
Ожидаемое (прогноз по конца года)
Интер РАО (дляФСК)
Промышленныепотребители
Транспорт
Нефтедобыча
Нефтепереработка
Нефтепроводы
Газопроводы
Сельскоехозяйство ипищеваяпромышленность
Непромышленныепотребители
Государственные(муниципальные)организации ипрочиебюджетныепотребители
Население иприравненныегруппыпотребителей
Территориальныесетевыеорганизации
Отклонения по ПАО Россети на 2023 год
-4.7% -4.7%
3.8% 3.8%
1.9% 1.9%
230.3% 230.3%
10.9% 10.9%
4.2% 4.2%
21.7% 21.7%
3.9% 3.9%
-0.6% -0.6%
1.6% 1.6%
-1.0% -1.0%
3.3% 3.3%
⬤ Отклонение, %
Интер РАО (для ФСК)
Промышленные потребители
Транспорт
Нефтедобыча
Нефтепереработка
Нефтепроводы
Газопроводы
Сельское хозяйство и пищевая пр…
Непромышленные потребители
Государственные (муниципальные…
Население и приравненные групп…
Территориальные сетевые органи…
Выручка отклонения по ПАО Россети на 2023 год
15.6% 15.6%
3.8% 3.8%
1.2% 1.2%
398.2% 398.2%
26.9% 26.9%
-0.6% -0.6%
26.9% 26.9%
1.5% 1.5%
2.7% 2.7%
2.0% 2.0%
-2.0% -2.0%
7.9% 7.9%
⬤ Отклонение, %
Интер РАО (для ФСК)
Промышленные потребители
Транспорт
Нефтедобыча
Нефтепереработка
Нефтепроводы
Газопроводы
Сельское хозяйство и пищевая пр…
Непромышленные потребители
Государственные (муниципальные…
Население и приравненные групп…
Территориальные сетевые органи…
абс.
%
Прогноз на месяц 
Ноябрь
КПО/Отпуск из сети 
Отпуск из сети, млн. кВт.ч
Организация 
Все
Прогноз электропотребления и выручки за услуги по передаче в разрезе отраслей'

08-11-2024T16:48:49 - [MESSAGE][PASSED] - Text of object 'Object Repository/Страница авторизации/Text' is: 'Год 
2023 год
Сравнение с 
План
Динамика электропотребления, млрд. кВт.ч. по ПАО Россети на 2023 год
10 10
190 190
36 36
14 14
9 9
14 14
4 4
17 17
80 80
19 19
82 82
588 588
10 10
197 197
37 37
48 48
10 10
15 15
4 4
18 18
80 80
19 19
82 82
608 608
План
Ожидаемое (прогноз по конца года)
Интер РАО (дляФСК)
Промышленныепотребители
Транспорт
Нефтедобыча
Нефтепереработка
Нефтепроводы
Газопроводы
Сельскоехозяйство ипищеваяпромышленность
Непромышленныепотребители
Государственные(муниципальные)организации ипрочиебюджетныепотребители
Население иприравненныегруппыпотребителей
Территориальныесетевыеорганизации
Выручка по ПАО Россети на 2023 год
5 5
319 319
81 81
16 16
16 16
20 20
2 2
56 56
215 215
67 67
218 218
239 239
6 6
331 331
82 82
77 77
20 20
20 20
3 3
57 57
220 220
68 68
214 214
258 258
План
Ожидаемое (прогноз по конца года)
Интер РАО (дляФСК)
Промышленныепотребители
Транспорт
Нефтедобыча
Нефтепереработка
Нефтепроводы
Газопроводы
Сельскоехозяйство ипищеваяпромышленность
Непромышленныепотребители
Государственные(муниципальные)организации ипрочиебюджетныепотребители
Население иприравненныегруппыпотребителей
Территориальныесетевыеорганизации
Отклонения по ПАО Россети на 2023 год
-4.7% -4.7%
3.8% 3.8%
1.9% 1.9%
230.3% 230.3%
10.9% 10.9%
4.2% 4.2%
21.7% 21.7%
3.9% 3.9%
-0.6% -0.6%
1.6% 1.6%
-1.0% -1.0%
3.3% 3.3%
⬤ Отклонение, %
Интер РАО (для ФСК)
Промышленные потребители
Транспорт
Нефтедобыча
Нефтепереработка
Нефтепроводы
Газопроводы
Сельское хозяйство и пищевая пр…
Непромышленные потребители
Государственные (муниципальные…
Население и приравненные групп…
Территориальные сетевые органи…
Выручка отклонения по ПАО Россети на 2023 год
15.6% 15.6%
3.8% 3.8%
1.2% 1.2%
398.2% 398.2%
26.9% 26.9%
-0.6% -0.6%
26.9% 26.9%
1.5% 1.5%
2.7% 2.7%
2.0% 2.0%
-2.0% -2.0%
7.9% 7.9%
⬤ Отклонение, %
Интер РАО (для ФСК)
Промышленные потребители
Транспорт
Нефтедобыча
Нефтепереработка
Нефтепроводы
Газопроводы
Сельское хозяйство и пищевая пр…
Непромышленные потребители
Государственные (муниципальные…
Население и приравненные групп…
Территориальные сетевые органи…
абс.
%
Прогноз на месяц 
Ноябрь
КПО/Отпуск из сети 
Отпуск из сети, млн. кВт.ч
Организация 
Все
Прогноз электропотребления и выручки за услуги по передаче в разрезе отраслей'

08-11-2024T16:48:49 - [TEST_STEP][PASSED] - i = i + 1: null

08-11-2024T16:48:49 - [TEST_STEP][PASSED] - refresh(): Refresh successfully

08-11-2024T16:48:50 - [MESSAGE][PASSED] - Refresh successfully

08-11-2024T16:48:50 - [TEST_STEP][PASSED] - delay(65): Delayed 65 second(s)

08-11-2024T16:49:55 - [MESSAGE][PASSED] - Delayed 65 second(s)

08-11-2024T16:49:55 - [TEST_STEP][PASSED] - navigateToUrl(findTestData("PlanFact").getValue(10, urlData)): Navigate to 'https://bi.rosseti.digital/viewer?dashboardGuid=d6acb5b1a7114a9791b34de39263106e&sheetGuid=0b6d261d7f7b4424a967aa8f3a724189&fit=true' successfully

08-11-2024T16:49:56 - [MESSAGE][PASSED] - Navigate to 'https://bi.rosseti.digital/viewer?dashboardGuid=d6acb5b1a7114a9791b34de39263106e&sheetGuid=0b6d261d7f7b4424a967aa8f3a724189&fit=true' successfully

08-11-2024T16:49:56 - [TEST_STEP][PASSED] - delay(65): Delayed 65 second(s)

08-11-2024T16:51:01 - [MESSAGE][PASSED] - Delayed 65 second(s)

08-11-2024T16:51:01 - [TEST_STEP][PASSED] - urlText = getText(findTestObject("Страница авторизации/Text")): Text of object 'Object Repository/Страница авторизации/Text' is: 'Год 
2023 год
Сравнение с 
План
Динамика электропотребления, млрд. кВт.ч. по ПАО Россети на 2023 год
10 10
190 190
36 36
14 14
9 9
14 14
4 4
17 17
80 80
19 19
82 82
588 588
10 10
197 197
37 37
48 48
10 10
15 15
4 4
18 18
80 80
19 19
82 82
608 608
План
Ожидаемое (прогноз по конца года)
Интер РАО (дляФСК)
Промышленныепотребители
Транспорт
Нефтедобыча
Нефтепереработка
Нефтепроводы
Газопроводы
Сельскоехозяйство ипищеваяпромышленность
Непромышленныепотребители
Государственные(муниципальные)организации ипрочиебюджетныепотребители
Население иприравненныегруппыпотребителей
Территориальныесетевыеорганизации
Выручка по ПАО Россети на 2023 год
5 5
319 319
81 81
16 16
16 16
20 20
2 2
56 56
215 215
67 67
218 218
239 239
6 6
331 331
82 82
77 77
20 20
20 20
3 3
57 57
220 220
68 68
214 214
258 258
План
Ожидаемое (прогноз по конца года)
Интер РАО (дляФСК)
Промышленныепотребители
Транспорт
Нефтедобыча
Нефтепереработка
Нефтепроводы
Газопроводы
Сельскоехозяйство ипищеваяпромышленность
Непромышленныепотребители
Государственные(муниципальные)организации ипрочиебюджетныепотребители
Население иприравненныегруппыпотребителей
Территориальныесетевыеорганизации
Отклонения по ПАО Россети на 2023 год
-4.7% -4.7%
3.8% 3.8%
1.9% 1.9%
230.3% 230.3%
10.9% 10.9%
4.2% 4.2%
21.7% 21.7%
3.9% 3.9%
-0.6% -0.6%
1.6% 1.6%
-1.0% -1.0%
3.3% 3.3%
⬤ Отклонение, %
Интер РАО (для ФСК)
Промышленные потребители
Транспорт
Нефтедобыча
Нефтепереработка
Нефтепроводы
Газопроводы
Сельское хозяйство и пищевая пр…
Непромышленные потребители
Государственные (муниципальные…
Население и приравненные групп…
Территориальные сетевые органи…
Выручка отклонения по ПАО Россети на 2023 год
15.6% 15.6%
3.8% 3.8%
1.2% 1.2%
398.2% 398.2%
26.9% 26.9%
-0.6% -0.6%
26.9% 26.9%
1.5% 1.5%
2.7% 2.7%
2.0% 2.0%
-2.0% -2.0%
7.9% 7.9%
⬤ Отклонение, %
Интер РАО (для ФСК)
Промышленные потребители
Транспорт
Нефтедобыча
Нефтепереработка
Нефтепроводы
Газопроводы
Сельское хозяйство и пищевая пр…
Непромышленные потребители
Государственные (муниципальные…
Население и приравненные групп…
Территориальные сетевые органи…
абс.
%
Прогноз на месяц 
Ноябрь
КПО/Отпуск из сети 
Отпуск из сети, млн. кВт.ч
Организация 
Все
Прогноз электропотребления и выручки за услуги по передаче в разрезе отраслей'

08-11-2024T16:51:01 - [MESSAGE][PASSED] - Text of object 'Object Repository/Страница авторизации/Text' is: 'Год 
2023 год
Сравнение с 
План
Динамика электропотребления, млрд. кВт.ч. по ПАО Россети на 2023 год
10 10
190 190
36 36
14 14
9 9
14 14
4 4
17 17
80 80
19 19
82 82
588 588
10 10
197 197
37 37
48 48
10 10
15 15
4 4
18 18
80 80
19 19
82 82
608 608
План
Ожидаемое (прогноз по конца года)
Интер РАО (дляФСК)
Промышленныепотребители
Транспорт
Нефтедобыча
Нефтепереработка
Нефтепроводы
Газопроводы
Сельскоехозяйство ипищеваяпромышленность
Непромышленныепотребители
Государственные(муниципальные)организации ипрочиебюджетныепотребители
Население иприравненныегруппыпотребителей
Территориальныесетевыеорганизации
Выручка по ПАО Россети на 2023 год
5 5
319 319
81 81
16 16
16 16
20 20
2 2
56 56
215 215
67 67
218 218
239 239
6 6
331 331
82 82
77 77
20 20
20 20
3 3
57 57
220 220
68 68
214 214
258 258
План
Ожидаемое (прогноз по конца года)
Интер РАО (дляФСК)
Промышленныепотребители
Транспорт
Нефтедобыча
Нефтепереработка
Нефтепроводы
Газопроводы
Сельскоехозяйство ипищеваяпромышленность
Непромышленныепотребители
Государственные(муниципальные)организации ипрочиебюджетныепотребители
Население иприравненныегруппыпотребителей
Территориальныесетевыеорганизации
Отклонения по ПАО Россети на 2023 год
-4.7% -4.7%
3.8% 3.8%
1.9% 1.9%
230.3% 230.3%
10.9% 10.9%
4.2% 4.2%
21.7% 21.7%
3.9% 3.9%
-0.6% -0.6%
1.6% 1.6%
-1.0% -1.0%
3.3% 3.3%
⬤ Отклонение, %
Интер РАО (для ФСК)
Промышленные потребители
Транспорт
Нефтедобыча
Нефтепереработка
Нефтепроводы
Газопроводы
Сельское хозяйство и пищевая пр…
Непромышленные потребители
Государственные (муниципальные…
Население и приравненные групп…
Территориальные сетевые органи…
Выручка отклонения по ПАО Россети на 2023 год
15.6% 15.6%
3.8% 3.8%
1.2% 1.2%
398.2% 398.2%
26.9% 26.9%
-0.6% -0.6%
26.9% 26.9%
1.5% 1.5%
2.7% 2.7%
2.0% 2.0%
-2.0% -2.0%
7.9% 7.9%
⬤ Отклонение, %
Интер РАО (для ФСК)
Промышленные потребители
Транспорт
Нефтедобыча
Нефтепереработка
Нефтепроводы
Газопроводы
Сельское хозяйство и пищевая пр…
Непромышленные потребители
Государственные (муниципальные…
Население и приравненные групп…
Территориальные сетевые органи…
абс.
%
Прогноз на месяц 
Ноябрь
КПО/Отпуск из сети 
Отпуск из сети, млн. кВт.ч
Организация 
Все
Прогноз электропотребления и выручки за услуги по передаче в разрезе отраслей'

08-11-2024T16:51:01 - [TEST_STEP][PASSED] - a3 = "": null

08-11-2024T16:51:01 - [TEST_STEP][PASSED] - a4 = "": null

08-11-2024T16:51:01 - [TEST_STEP][PASSED] - a5 = "": null

08-11-2024T16:51:01 - [TEST_STEP][PASSED] - a6 = "": null

08-11-2024T16:51:01 - [TEST_STEP][PASSED] - a7 = "": null

08-11-2024T16:51:01 - [TEST_STEP][PASSED] - a8 = "": null

08-11-2024T16:51:01 - [TEST_STEP][PASSED] - a9 = "": null

08-11-2024T16:51:01 - [TEST_STEP][PASSED] - if (run == 1): null

08-11-2024T16:51:01 - [TEST_STEP][PASSED] - user = "админ": null

08-11-2024T16:51:01 - [TEST_STEP][PASSED] - a1 = getText(findTestObject("Прогноз по отраслям/Виджеты дашборда")): Text of object 'Object Repository/Прогноз по отраслям/Виджеты дашборда' is: 'Год 
2023 год
Сравнение с 
План
Динамика электропотребления, млрд. кВт.ч. по ПАО Россети на 2023 год
10 10
190 190
36 36
14 14
9 9
14 14
4 4
17 17
80 80
19 19
82 82
588 588
10 10
197 197
37 37
48 48
10 10
15 15
4 4
18 18
80 80
19 19
82 82
608 608
План
Ожидаемое (прогноз по конца года)
Интер РАО (дляФСК)
Промышленныепотребители
Транспорт
Нефтедобыча
Нефтепереработка
Нефтепроводы
Газопроводы
Сельскоехозяйство ипищеваяпромышленность
Непромышленныепотребители
Государственные(муниципальные)организации ипрочиебюджетныепотребители
Население иприравненныегруппыпотребителей
Территориальныесетевыеорганизации
Выручка по ПАО Россети на 2023 год
5 5
319 319
81 81
16 16
16 16
20 20
2 2
56 56
215 215
67 67
218 218
239 239
6 6
331 331
82 82
77 77
20 20
20 20
3 3
57 57
220 220
68 68
214 214
258 258
План
Ожидаемое (прогноз по конца года)
Интер РАО (дляФСК)
Промышленныепотребители
Транспорт
Нефтедобыча
Нефтепереработка
Нефтепроводы
Газопроводы
Сельскоехозяйство ипищеваяпромышленность
Непромышленныепотребители
Государственные(муниципальные)организации ипрочиебюджетныепотребители
Население иприравненныегруппыпотребителей
Территориальныесетевыеорганизации
Отклонения по ПАО Россети на 2023 год
-4.7% -4.7%
3.8% 3.8%
1.9% 1.9%
230.3% 230.3%
10.9% 10.9%
4.2% 4.2%
21.7% 21.7%
3.9% 3.9%
-0.6% -0.6%
1.6% 1.6%
-1.0% -1.0%
3.3% 3.3%
⬤ Отклонение, %
Интер РАО (для ФСК)
Промышленные потребители
Транспорт
Нефтедобыча
Нефтепереработка
Нефтепроводы
Газопроводы
Сельское хозяйство и пищевая пр…
Непромышленные потребители
Государственные (муниципальные…
Население и приравненные групп…
Территориальные сетевые органи…
Выручка отклонения по ПАО Россети на 2023 год
15.6% 15.6%
3.8% 3.8%
1.2% 1.2%
398.2% 398.2%
26.9% 26.9%
-0.6% -0.6%
26.9% 26.9%
1.5% 1.5%
2.7% 2.7%
2.0% 2.0%
-2.0% -2.0%
7.9% 7.9%
⬤ Отклонение, %
Интер РАО (для ФСК)
Промышленные потребители
Транспорт
Нефтедобыча
Нефтепереработка
Нефтепроводы
Газопроводы
Сельское хозяйство и пищевая пр…
Непромышленные потребители
Государственные (муниципальные…
Население и приравненные групп…
Территориальные сетевые органи…
абс.
%
Прогноз на месяц 
Ноябрь
КПО/Отпуск из сети 
Отпуск из сети, млн. кВт.ч
Организация 
Все
Прогноз электропотребления и выручки за услуги по передаче в разрезе отраслей'

08-11-2024T16:51:02 - [MESSAGE][PASSED] - Text of object 'Object Repository/Прогноз по отраслям/Виджеты дашборда' is: 'Год 
2023 год
Сравнение с 
План
Динамика электропотребления, млрд. кВт.ч. по ПАО Россети на 2023 год
10 10
190 190
36 36
14 14
9 9
14 14
4 4
17 17
80 80
19 19
82 82
588 588
10 10
197 197
37 37
48 48
10 10
15 15
4 4
18 18
80 80
19 19
82 82
608 608
План
Ожидаемое (прогноз по конца года)
Интер РАО (дляФСК)
Промышленныепотребители
Транспорт
Нефтедобыча
Нефтепереработка
Нефтепроводы
Газопроводы
Сельскоехозяйство ипищеваяпромышленность
Непромышленныепотребители
Государственные(муниципальные)организации ипрочиебюджетныепотребители
Население иприравненныегруппыпотребителей
Территориальныесетевыеорганизации
Выручка по ПАО Россети на 2023 год
5 5
319 319
81 81
16 16
16 16
20 20
2 2
56 56
215 215
67 67
218 218
239 239
6 6
331 331
82 82
77 77
20 20
20 20
3 3
57 57
220 220
68 68
214 214
258 258
План
Ожидаемое (прогноз по конца года)
Интер РАО (дляФСК)
Промышленныепотребители
Транспорт
Нефтедобыча
Нефтепереработка
Нефтепроводы
Газопроводы
Сельскоехозяйство ипищеваяпромышленность
Непромышленныепотребители
Государственные(муниципальные)организации ипрочиебюджетныепотребители
Население иприравненныегруппыпотребителей
Территориальныесетевыеорганизации
Отклонения по ПАО Россети на 2023 год
-4.7% -4.7%
3.8% 3.8%
1.9% 1.9%
230.3% 230.3%
10.9% 10.9%
4.2% 4.2%
21.7% 21.7%
3.9% 3.9%
-0.6% -0.6%
1.6% 1.6%
-1.0% -1.0%
3.3% 3.3%
⬤ Отклонение, %
Интер РАО (для ФСК)
Промышленные потребители
Транспорт
Нефтедобыча
Нефтепереработка
Нефтепроводы
Газопроводы
Сельское хозяйство и пищевая пр…
Непромышленные потребители
Государственные (муниципальные…
Население и приравненные групп…
Территориальные сетевые органи…
Выручка отклонения по ПАО Россети на 2023 год
15.6% 15.6%
3.8% 3.8%
1.2% 1.2%
398.2% 398.2%
26.9% 26.9%
-0.6% -0.6%
26.9% 26.9%
1.5% 1.5%
2.7% 2.7%
2.0% 2.0%
-2.0% -2.0%
7.9% 7.9%
⬤ Отклонение, %
Интер РАО (для ФСК)
Промышленные потребители
Транспорт
Нефтедобыча
Нефтепереработка
Нефтепроводы
Газопроводы
Сельское хозяйство и пищевая пр…
Непромышленные потребители
Государственные (муниципальные…
Население и приравненные групп…
Территориальные сетевые органи…
абс.
%
Прогноз на месяц 
Ноябрь
КПО/Отпуск из сети 
Отпуск из сети, млн. кВт.ч
Организация 
Все
Прогноз электропотребления и выручки за услуги по передаче в разрезе отраслей'

08-11-2024T16:51:02 - [TEST_STEP][PASSED] - click(findTestObject("Прогноз по отраслям/Переключить отображение с процентов на абс Блок руководителя")): Object: 'Object Repository/Прогноз по отраслям/Переключить отображение с процентов на абс Блок руководителя' is clicked on

08-11-2024T16:51:02 - [MESSAGE][PASSED] - Object: 'Object Repository/Прогноз по отраслям/Переключить отображение с процентов на абс Блок руководителя' is clicked on

08-11-2024T16:51:02 - [TEST_STEP][PASSED] - a2 = getText(findTestObject("Прогноз по отраслям/Виджеты дашборда")): Text of object 'Object Repository/Прогноз по отраслям/Виджеты дашборда' is: 'Год 
2023 год
Сравнение с 
План
Отклонения по ПАО Россети на 2023 год
-492.2 -492.2
7 165.1 7 165.1
689.3 689.3
33 271.7 33 271.7
986.4 986.4
593.8 593.8
764.0 764.0
670.4 670.4
-592.4 -592.4
308.8 308.8
-940.9 -940.9
19 604.1 19 604.1
⬤ Отклонение, млн. кВт.ч
Интер РАО (для ФСК)
Промышленные потребители
Транспорт
Нефтедобыча
Нефтепереработка
Нефтепроводы
Газопроводы
Сельское хозяйство и пищевая пр…
Непромышленные потребители
Государственные (муниципальные…
Население и приравненные групп…
Территориальные сетевые органи…
Выручка отклонения по ПАО Россети на 2023 год
794.9 794.9
12 195.0 12 195.0
972.7 972.7
61 803.9 61 803.9
4 222.3 4 222.3
-121.8 -121.8
666.2 666.2
873.2 873.2
5 809.6 5 809.6
1 342.6 1 342.6
-4 463.2 -4 463.2
18 375.5 18 375.5
⬤ Отклонение, млн. руб.
Интер РАО (для ФСК)
Промышленные потребители
Транспорт
Нефтедобыча
Нефтепереработка
Нефтепроводы
Газопроводы
Сельское хозяйство и пищевая пр…
Непромышленные потребители
Государственные (муниципальные…
Население и приравненные групп…
Территориальные сетевые органи…
Динамика электропотребления, млрд. кВт.ч. по ПАО Россети на 2023 год
10 10
190 190
36 36
14 14
9 9
14 14
4 4
17 17
80 80
19 19
82 82
588 588
10 10
197 197
37 37
48 48
10 10
15 15
4 4
18 18
80 80
19 19
82 82
608 608
План
Ожидаемое (прогноз по конца года)
Интер РАО (дляФСК)
Промышленныепотребители
Транспорт
Нефтедобыча
Нефтепереработка
Нефтепроводы
Газопроводы
Сельскоехозяйство ипищеваяпромышленность
Непромышленныепотребители
Государственные(муниципальные)организации ипрочиебюджетныепотребители
Население иприравненныегруппыпотребителей
Территориальныесетевыеорганизации
Выручка по ПАО Россети на 2023 год
5 5
319 319
81 81
16 16
16 16
20 20
2 2
56 56
215 215
67 67
218 218
239 239
6 6
331 331
82 82
77 77
20 20
20 20
3 3
57 57
220 220
68 68
214 214
258 258
План
Ожидаемое (прогноз по конца года)
Интер РАО (дляФСК)
Промышленныепотребители
Транспорт
Нефтедобыча
Нефтепереработка
Нефтепроводы
Газопроводы
Сельскоехозяйство ипищеваяпромышленность
Непромышленныепотребители
Государственные(муниципальные)организации ипрочиебюджетныепотребители
Население иприравненныегруппыпотребителей
Территориальныесетевыеорганизации
абс.
%
Прогноз на месяц 
Ноябрь
КПО/Отпуск из сети 
Отпуск из сети, млн. кВт.ч
Организация 
Все
Прогноз электропотребления и выручки за услуги по передаче в разрезе отраслей'

08-11-2024T16:51:03 - [MESSAGE][PASSED] - Text of object 'Object Repository/Прогноз по отраслям/Виджеты дашборда' is: 'Год 
2023 год
Сравнение с 
План
Отклонения по ПАО Россети на 2023 год
-492.2 -492.2
7 165.1 7 165.1
689.3 689.3
33 271.7 33 271.7
986.4 986.4
593.8 593.8
764.0 764.0
670.4 670.4
-592.4 -592.4
308.8 308.8
-940.9 -940.9
19 604.1 19 604.1
⬤ Отклонение, млн. кВт.ч
Интер РАО (для ФСК)
Промышленные потребители
Транспорт
Нефтедобыча
Нефтепереработка
Нефтепроводы
Газопроводы
Сельское хозяйство и пищевая пр…
Непромышленные потребители
Государственные (муниципальные…
Население и приравненные групп…
Территориальные сетевые органи…
Выручка отклонения по ПАО Россети на 2023 год
794.9 794.9
12 195.0 12 195.0
972.7 972.7
61 803.9 61 803.9
4 222.3 4 222.3
-121.8 -121.8
666.2 666.2
873.2 873.2
5 809.6 5 809.6
1 342.6 1 342.6
-4 463.2 -4 463.2
18 375.5 18 375.5
⬤ Отклонение, млн. руб.
Интер РАО (для ФСК)
Промышленные потребители
Транспорт
Нефтедобыча
Нефтепереработка
Нефтепроводы
Газопроводы
Сельское хозяйство и пищевая пр…
Непромышленные потребители
Государственные (муниципальные…
Население и приравненные групп…
Территориальные сетевые органи…
Динамика электропотребления, млрд. кВт.ч. по ПАО Россети на 2023 год
10 10
190 190
36 36
14 14
9 9
14 14
4 4
17 17
80 80
19 19
82 82
588 588
10 10
197 197
37 37
48 48
10 10
15 15
4 4
18 18
80 80
19 19
82 82
608 608
План
Ожидаемое (прогноз по конца года)
Интер РАО (дляФСК)
Промышленныепотребители
Транспорт
Нефтедобыча
Нефтепереработка
Нефтепроводы
Газопроводы
Сельскоехозяйство ипищеваяпромышленность
Непромышленныепотребители
Государственные(муниципальные)организации ипрочиебюджетныепотребители
Население иприравненныегруппыпотребителей
Территориальныесетевыеорганизации
Выручка по ПАО Россети на 2023 год
5 5
319 319
81 81
16 16
16 16
20 20
2 2
56 56
215 215
67 67
218 218
239 239
6 6
331 331
82 82
77 77
20 20
20 20
3 3
57 57
220 220
68 68
214 214
258 258
План
Ожидаемое (прогноз по конца года)
Интер РАО (дляФСК)
Промышленныепотребители
Транспорт
Нефтедобыча
Нефтепереработка
Нефтепроводы
Газопроводы
Сельскоехозяйство ипищеваяпромышленность
Непромышленныепотребители
Государственные(муниципальные)организации ипрочиебюджетныепотребители
Население иприравненныегруппыпотребителей
Территориальныесетевыеорганизации
абс.
%
Прогноз на месяц 
Ноябрь
КПО/Отпуск из сети 
Отпуск из сети, млн. кВт.ч
Организация 
Все
Прогноз электропотребления и выручки за услуги по передаче в разрезе отраслей'

08-11-2024T16:51:03 - [TEST_STEP][PASSED] - click(findTestObject("Прогноз по отраслям/Переключить отображение с абс на проценты")): Object: 'Object Repository/Прогноз по отраслям/Переключить отображение с абс на проценты' is clicked on

08-11-2024T16:51:03 - [MESSAGE][PASSED] - Object: 'Object Repository/Прогноз по отраслям/Переключить отображение с абс на проценты' is clicked on

08-11-2024T16:51:03 - [TEST_STEP][PASSED] - i = a1.indexOf("млрд. кВт.ч."): null

08-11-2024T16:51:03 - [TEST_STEP][PASSED] - if (i > -1): null

08-11-2024T16:51:03 - [TEST_STEP][PASSED] - a1 = a1.substring(0, i) + a1.substring(i + 12, a1.length()): null

08-11-2024T16:51:03 - [TEST_STEP][PASSED] - i = a1.indexOf("Выручка"): null

08-11-2024T16:51:03 - [TEST_STEP][PASSED] - if (i > -1): null

08-11-2024T16:51:03 - [TEST_STEP][PASSED] - a1 = a1.substring(0, i) + a1.substring(i + 8, a1.length()): null

08-11-2024T16:51:03 - [TEST_STEP][PASSED] - i = a1.indexOf("по ПАО Россети на 2023 год"): null

08-11-2024T16:51:03 - [TEST_STEP][PASSED] - if (i > -1): null

08-11-2024T16:51:03 - [TEST_STEP][PASSED] - a1 = a1.substring(0, i) + a1.substring(i + 27, a1.length()): null

08-11-2024T16:51:03 - [TEST_STEP][PASSED] - i = a1.indexOf("по ПАО Россети на 2023 год"): null

08-11-2024T16:51:03 - [TEST_STEP][PASSED] - if (i > -1): null

08-11-2024T16:51:03 - [TEST_STEP][PASSED] - a1 = a1.substring(0, i) + a1.substring(i + 27, a1.length()): null

08-11-2024T16:51:03 - [TEST_STEP][PASSED] - i = a1.indexOf("по ПАО Россети на 2023 год"): null

08-11-2024T16:51:03 - [TEST_STEP][PASSED] - if (i > -1): null

08-11-2024T16:51:03 - [TEST_STEP][PASSED] - a1 = a1.substring(0, i) + a1.substring(i + 27, a1.length()): null

08-11-2024T16:51:03 - [TEST_STEP][PASSED] - i = a1.indexOf("Отклонения"): null

08-11-2024T16:51:03 - [TEST_STEP][PASSED] - if (i > -1): null

08-11-2024T16:51:03 - [TEST_STEP][PASSED] - a1 = a1.substring(0, i) + a1.substring(i + 11, a1.length()): null

08-11-2024T16:51:03 - [TEST_STEP][PASSED] - n = n + 33: null

08-11-2024T16:51:03 - [TEST_STEP][PASSED] - Script1686231490255.WriteToExcel(user, dashboardName, n, data, run, a1, a2, a3, a4, a5, a6, a7, a8, a9): null

08-11-2024T16:51:03 - [TEST_STEP][PASSED] - sheetName = "Sheet1": null

08-11-2024T16:51:03 - [TEST_STEP][PASSED] - workbook01 = getWorkbook(excelFilePath): null

08-11-2024T16:51:03 - [TEST_STEP][PASSED] - sheet01 = getExcelSheet(workbook01, sheetName): null

08-11-2024T16:51:03 - [TEST_STEP][PASSED] - setValueToCellByIndex(sheet01, n, 0, dashboardName): null

08-11-2024T16:51:03 - [TEST_STEP][PASSED] - setValueToCellByIndex(sheet01, n, 10, user): null

08-11-2024T16:51:03 - [TEST_STEP][PASSED] - setValueToCellByIndex(sheet01, n, 1, a1): null

08-11-2024T16:51:03 - [TEST_STEP][PASSED] - setValueToCellByIndex(sheet01, n, 2, a2): null

08-11-2024T16:51:03 - [TEST_STEP][PASSED] - setValueToCellByIndex(sheet01, n, 3, a3): null

08-11-2024T16:51:03 - [TEST_STEP][PASSED] - setValueToCellByIndex(sheet01, n, 4, a4): null

08-11-2024T16:51:03 - [TEST_STEP][PASSED] - setValueToCellByIndex(sheet01, n, 5, a5): null

08-11-2024T16:51:03 - [TEST_STEP][PASSED] - setValueToCellByIndex(sheet01, n, 6, a6): null

08-11-2024T16:51:03 - [TEST_STEP][PASSED] - setValueToCellByIndex(sheet01, n, 7, a7): null

08-11-2024T16:51:03 - [TEST_STEP][PASSED] - setValueToCellByIndex(sheet01, n, 8, a8): null

08-11-2024T16:51:03 - [TEST_STEP][PASSED] - setValueToCellByIndex(sheet01, n, 9, a9): null

08-11-2024T16:51:03 - [TEST_STEP][PASSED] - n = n + 1: null

08-11-2024T16:51:03 - [TEST_STEP][PASSED] - saveWorkbook(excelFilePath, workbook01): null

08-11-2024T16:51:03 - [TEST_STEP][PASSED] - if (run == 2): null

08-11-2024T16:51:03 - [TEST_STEP][PASSED] - if (run == 3): null

08-11-2024T16:51:03 - [TEST_STEP][PASSED] - closeBrowser(): null

08-11-2024T16:51:03 - [MESSAGE][PASSED] - Browser is closed

08-11-2024T16:51:03 - [TEST_STEP][PASSED] - PrognozPoOtraslyam(user, dashboardName, n, data, run, a1, a2, a3, a4, a5, a6, a7, a8, a9, urlData): null

08-11-2024T16:51:03 - [TEST_STEP][PASSED] - n = data.getRowNumbers() + 1: null

08-11-2024T16:51:03 - [TEST_STEP][PASSED] - println(n): null

08-11-2024T16:51:03 - [TEST_STEP][PASSED] - dashboardName = "Прогноз по отраслям": null

08-11-2024T16:51:03 - [TEST_STEP][PASSED] - openBrowser(""): Browser is opened with url: ''

08-11-2024T16:51:03 - [MESSAGE][INFO] - Starting 'Chrome' driver

08-11-2024T16:51:03 - [MESSAGE][INFO] - Action delay is set to 0 milliseconds

08-11-2024T16:51:06 - [MESSAGE][PASSED] - Browser is opened with url: ''

08-11-2024T16:51:06 - [TEST_STEP][PASSED] - urlData = 6: null

08-11-2024T16:51:06 - [TEST_STEP][PASSED] - Script1686231490255.CheckPageDownload(urlData, run): null

08-11-2024T16:51:06 - [TEST_STEP][PASSED] - i = 1: null

08-11-2024T16:51:06 - [TEST_STEP][PASSED] - ii = 0: null

08-11-2024T16:51:06 - [TEST_STEP][PASSED] - urlText = <not implemented yet for class: org.codehaus.groovy.ast.expr.EmptyExpression>: null

08-11-2024T16:51:06 - [TEST_STEP][PASSED] - searchWord = <not implemented yet for class: org.codehaus.groovy.ast.expr.EmptyExpression>: null

08-11-2024T16:51:06 - [TEST_STEP][PASSED] - deleteAllCookies(): Delete all cookies successfully

08-11-2024T16:51:06 - [MESSAGE][PASSED] - Delete all cookies successfully

08-11-2024T16:51:06 - [TEST_STEP][PASSED] - refresh(): Refresh successfully

08-11-2024T16:51:06 - [MESSAGE][PASSED] - Refresh successfully

08-11-2024T16:51:06 - [TEST_STEP][PASSED] - delay(65): Delayed 65 second(s)

08-11-2024T16:52:11 - [MESSAGE][PASSED] - Delayed 65 second(s)

08-11-2024T16:52:11 - [TEST_STEP][PASSED] - navigateToUrl(findTestData("PlanFact").getValue(10, urlData)): Navigate to 'https://bi.rosseti.digital/viewer?dashboardGuid=d6acb5b1a7114a9791b34de39263106e&sheetGuid=0b6d261d7f7b4424a967aa8f3a724189&fit=true' successfully

08-11-2024T16:52:20 - [MESSAGE][PASSED] - Navigate to 'https://bi.rosseti.digital/viewer?dashboardGuid=d6acb5b1a7114a9791b34de39263106e&sheetGuid=0b6d261d7f7b4424a967aa8f3a724189&fit=true' successfully

08-11-2024T16:52:20 - [TEST_STEP][PASSED] - pageLoaded1 = verifyElementPresent(findTestObject("Страница авторизации/Text"), 30): Object 'Object Repository/Страница авторизации/Text' is present

08-11-2024T16:52:20 - [MESSAGE][PASSED] - Object 'Object Repository/Страница авторизации/Text' is present

08-11-2024T16:52:20 - [TEST_STEP][PASSED] - if (pageLoaded1 == false): null

08-11-2024T16:52:20 - [TEST_STEP][PASSED] - urlText = getText(findTestObject("Страница авторизации/Text")): Text of object 'Object Repository/Страница авторизации/Text' is: 'Вход'

08-11-2024T16:52:20 - [MESSAGE][PASSED] - Text of object 'Object Repository/Страница авторизации/Text' is: 'Вход'

08-11-2024T16:52:20 - [TEST_STEP][PASSED] - delay(65): Delayed 65 second(s)

08-11-2024T16:53:25 - [MESSAGE][PASSED] - Delayed 65 second(s)

08-11-2024T16:53:25 - [TEST_STEP][PASSED] - searchWord = "Вход": null

08-11-2024T16:53:25 - [TEST_STEP][PASSED] - if (urlText.contains(searchWord) == false): null

08-11-2024T16:53:25 - [TEST_STEP][PASSED] - setText(findTestObject("Страница авторизации/input__username"), findTestData("PlanFact").getValue(8, run)): Text 'Andreeva-EV' is set on object 'Object Repository/Страница авторизации/input__username'

08-11-2024T16:53:26 - [MESSAGE][PASSED] - Text 'Andreeva-EV' is set on object 'Object Repository/Страница авторизации/input__username'

08-11-2024T16:53:26 - [TEST_STEP][PASSED] - setText(findTestObject("Страница авторизации/input__password"), findTestData("PlanFact").getValue(9, run)): Text '2nPePKDwCPH3ul7xMZ' is set on object 'Object Repository/Страница авторизации/input__password'

08-11-2024T16:53:27 - [MESSAGE][PASSED] - Text '2nPePKDwCPH3ul7xMZ' is set on object 'Object Repository/Страница авторизации/input__password'

08-11-2024T16:53:27 - [TEST_STEP][PASSED] - click(findTestObject("Страница авторизации/button_")): Object: 'Object Repository/Страница авторизации/button_' is clicked on

08-11-2024T16:53:30 - [MESSAGE][PASSED] - Object: 'Object Repository/Страница авторизации/button_' is clicked on

08-11-2024T16:53:30 - [TEST_STEP][PASSED] - delay(65): Delayed 65 second(s)

08-11-2024T16:54:35 - [MESSAGE][PASSED] - Delayed 65 second(s)

08-11-2024T16:54:35 - [TEST_STEP][PASSED] - searchWord = "а": null

08-11-2024T16:54:35 - [TEST_STEP][PASSED] - pageLoaded2 = verifyElementPresent(findTestObject("Страница авторизации/Text"), 50): Object 'Object Repository/Страница авторизации/Text' is present

08-11-2024T16:54:36 - [MESSAGE][PASSED] - Object 'Object Repository/Страница авторизации/Text' is present

08-11-2024T16:54:36 - [TEST_STEP][PASSED] - if (pageLoaded2 == false): null

08-11-2024T16:54:36 - [TEST_STEP][PASSED] - urlText = getText(findTestObject("Страница авторизации/Text")): Text of object 'Object Repository/Страница авторизации/Text' is: 'Год 
2023 год
Сравнение с 
План
Динамика электропотребления, млрд. кВт.ч. по ПАО Россети на 2023 год
10 10
190 190
36 36
14 14
9 9
14 14
4 4
17 17
80 80
19 19
82 82
588 588
10 10
197 197
37 37
48 48
10 10
15 15
4 4
18 18
80 80
19 19
82 82
608 608
План
Ожидаемое (прогноз по конца года)
Интер РАО (дляФСК)
Промышленныепотребители
Транспорт
Нефтедобыча
Нефтепереработка
Нефтепроводы
Газопроводы
Сельскоехозяйство ипищеваяпромышленность
Непромышленныепотребители
Государственные(муниципальные)организации ипрочиебюджетныепотребители
Население иприравненныегруппыпотребителей
Территориальныесетевыеорганизации
Выручка по ПАО Россети на 2023 год
5 5
319 319
81 81
16 16
16 16
20 20
2 2
56 56
215 215
67 67
218 218
239 239
6 6
331 331
82 82
77 77
20 20
20 20
3 3
57 57
220 220
68 68
214 214
258 258
План
Ожидаемое (прогноз по конца года)
Интер РАО (дляФСК)
Промышленныепотребители
Транспорт
Нефтедобыча
Нефтепереработка
Нефтепроводы
Газопроводы
Сельскоехозяйство ипищеваяпромышленность
Непромышленныепотребители
Государственные(муниципальные)организации ипрочиебюджетныепотребители
Население иприравненныегруппыпотребителей
Территориальныесетевыеорганизации
Отклонения по ПАО Россети на 2023 год
-4.7% -4.7%
3.8% 3.8%
1.9% 1.9%
230.3% 230.3%
10.9% 10.9%
4.2% 4.2%
21.7% 21.7%
3.9% 3.9%
-0.6% -0.6%
1.6% 1.6%
-1.0% -1.0%
3.3% 3.3%
⬤ Отклонение, %
Интер РАО (для ФСК)
Промышленные потребители
Транспорт
Нефтедобыча
Нефтепереработка
Нефтепроводы
Газопроводы
Сельское хозяйство и пищевая пр…
Непромышленные потребители
Государственные (муниципальные…
Население и приравненные групп…
Территориальные сетевые органи…
Выручка отклонения по ПАО Россети на 2023 год
15.6% 15.6%
3.8% 3.8%
1.2% 1.2%
398.2% 398.2%
26.9% 26.9%
-0.6% -0.6%
26.9% 26.9%
1.5% 1.5%
2.7% 2.7%
2.0% 2.0%
-2.0% -2.0%
7.9% 7.9%
⬤ Отклонение, %
Интер РАО (для ФСК)
Промышленные потребители
Транспорт
Нефтедобыча
Нефтепереработка
Нефтепроводы
Газопроводы
Сельское хозяйство и пищевая пр…
Непромышленные потребители
Государственные (муниципальные…
Население и приравненные групп…
Территориальные сетевые органи…
абс.
%
Прогноз на месяц 
Ноябрь
КПО/Отпуск из сети 
Отпуск из сети, млн. кВт.ч
Организация 
Все
Прогноз электропотребления и выручки за услуги по передаче в разрезе отраслей'

08-11-2024T16:54:36 - [MESSAGE][PASSED] - Text of object 'Object Repository/Страница авторизации/Text' is: 'Год 
2023 год
Сравнение с 
План
Динамика электропотребления, млрд. кВт.ч. по ПАО Россети на 2023 год
10 10
190 190
36 36
14 14
9 9
14 14
4 4
17 17
80 80
19 19
82 82
588 588
10 10
197 197
37 37
48 48
10 10
15 15
4 4
18 18
80 80
19 19
82 82
608 608
План
Ожидаемое (прогноз по конца года)
Интер РАО (дляФСК)
Промышленныепотребители
Транспорт
Нефтедобыча
Нефтепереработка
Нефтепроводы
Газопроводы
Сельскоехозяйство ипищеваяпромышленность
Непромышленныепотребители
Государственные(муниципальные)организации ипрочиебюджетныепотребители
Население иприравненныегруппыпотребителей
Территориальныесетевыеорганизации
Выручка по ПАО Россети на 2023 год
5 5
319 319
81 81
16 16
16 16
20 20
2 2
56 56
215 215
67 67
218 218
239 239
6 6
331 331
82 82
77 77
20 20
20 20
3 3
57 57
220 220
68 68
214 214
258 258
План
Ожидаемое (прогноз по конца года)
Интер РАО (дляФСК)
Промышленныепотребители
Транспорт
Нефтедобыча
Нефтепереработка
Нефтепроводы
Газопроводы
Сельскоехозяйство ипищеваяпромышленность
Непромышленныепотребители
Государственные(муниципальные)организации ипрочиебюджетныепотребители
Население иприравненныегруппыпотребителей
Территориальныесетевыеорганизации
Отклонения по ПАО Россети на 2023 год
-4.7% -4.7%
3.8% 3.8%
1.9% 1.9%
230.3% 230.3%
10.9% 10.9%
4.2% 4.2%
21.7% 21.7%
3.9% 3.9%
-0.6% -0.6%
1.6% 1.6%
-1.0% -1.0%
3.3% 3.3%
⬤ Отклонение, %
Интер РАО (для ФСК)
Промышленные потребители
Транспорт
Нефтедобыча
Нефтепереработка
Нефтепроводы
Газопроводы
Сельское хозяйство и пищевая пр…
Непромышленные потребители
Государственные (муниципальные…
Население и приравненные групп…
Территориальные сетевые органи…
Выручка отклонения по ПАО Россети на 2023 год
15.6% 15.6%
3.8% 3.8%
1.2% 1.2%
398.2% 398.2%
26.9% 26.9%
-0.6% -0.6%
26.9% 26.9%
1.5% 1.5%
2.7% 2.7%
2.0% 2.0%
-2.0% -2.0%
7.9% 7.9%
⬤ Отклонение, %
Интер РАО (для ФСК)
Промышленные потребители
Транспорт
Нефтедобыча
Нефтепереработка
Нефтепроводы
Газопроводы
Сельское хозяйство и пищевая пр…
Непромышленные потребители
Государственные (муниципальные…
Население и приравненные групп…
Территориальные сетевые органи…
абс.
%
Прогноз на месяц 
Ноябрь
КПО/Отпуск из сети 
Отпуск из сети, млн. кВт.ч
Организация 
Все
Прогноз электропотребления и выручки за услуги по передаче в разрезе отраслей'

08-11-2024T16:54:36 - [TEST_STEP][PASSED] - if (urlText.contains("ошибка") || urlText.contains(searchWord) == false): null

08-11-2024T16:54:36 - [TEST_STEP][PASSED] - a3 = "": null

08-11-2024T16:54:36 - [TEST_STEP][PASSED] - a4 = "": null

08-11-2024T16:54:36 - [TEST_STEP][PASSED] - a5 = "": null

08-11-2024T16:54:36 - [TEST_STEP][PASSED] - a6 = "": null

08-11-2024T16:54:36 - [TEST_STEP][PASSED] - a7 = "": null

08-11-2024T16:54:36 - [TEST_STEP][PASSED] - a8 = "": null

08-11-2024T16:54:36 - [TEST_STEP][PASSED] - a9 = "": null

08-11-2024T16:54:36 - [TEST_STEP][PASSED] - if (run == 1): null

08-11-2024T16:54:36 - [TEST_STEP][PASSED] - if (run == 2): null

08-11-2024T16:54:36 - [TEST_STEP][PASSED] - user = "Андреева": null

08-11-2024T16:54:36 - [TEST_STEP][PASSED] - a1 = getText(findTestObject("Прогноз по отраслям/Виджеты дашборда")): Text of object 'Object Repository/Прогноз по отраслям/Виджеты дашборда' is: 'Год 
2023 год
Сравнение с 
План
Динамика электропотребления, млрд. кВт.ч. по ПАО Россети на 2023 год
10 10
190 190
36 36
14 14
9 9
14 14
4 4
17 17
80 80
19 19
82 82
588 588
10 10
197 197
37 37
48 48
10 10
15 15
4 4
18 18
80 80
19 19
82 82
608 608
План
Ожидаемое (прогноз по конца года)
Интер РАО (дляФСК)
Промышленныепотребители
Транспорт
Нефтедобыча
Нефтепереработка
Нефтепроводы
Газопроводы
Сельскоехозяйство ипищеваяпромышленность
Непромышленныепотребители
Государственные(муниципальные)организации ипрочиебюджетныепотребители
Население иприравненныегруппыпотребителей
Территориальныесетевыеорганизации
Выручка по ПАО Россети на 2023 год
5 5
319 319
81 81
16 16
16 16
20 20
2 2
56 56
215 215
67 67
218 218
239 239
6 6
331 331
82 82
77 77
20 20
20 20
3 3
57 57
220 220
68 68
214 214
258 258
План
Ожидаемое (прогноз по конца года)
Интер РАО (дляФСК)
Промышленныепотребители
Транспорт
Нефтедобыча
Нефтепереработка
Нефтепроводы
Газопроводы
Сельскоехозяйство ипищеваяпромышленность
Непромышленныепотребители
Государственные(муниципальные)организации ипрочиебюджетныепотребители
Население иприравненныегруппыпотребителей
Территориальныесетевыеорганизации
Отклонения по ПАО Россети на 2023 год
-4.7% -4.7%
3.8% 3.8%
1.9% 1.9%
230.3% 230.3%
10.9% 10.9%
4.2% 4.2%
21.7% 21.7%
3.9% 3.9%
-0.6% -0.6%
1.6% 1.6%
-1.0% -1.0%
3.3% 3.3%
⬤ Отклонение, %
Интер РАО (для ФСК)
Промышленные потребители
Транспорт
Нефтедобыча
Нефтепереработка
Нефтепроводы
Газопроводы
Сельское хозяйство и пищевая пр…
Непромышленные потребители
Государственные (муниципальные…
Население и приравненные групп…
Территориальные сетевые органи…
Выручка отклонения по ПАО Россети на 2023 год
15.6% 15.6%
3.8% 3.8%
1.2% 1.2%
398.2% 398.2%
26.9% 26.9%
-0.6% -0.6%
26.9% 26.9%
1.5% 1.5%
2.7% 2.7%
2.0% 2.0%
-2.0% -2.0%
7.9% 7.9%
⬤ Отклонение, %
Интер РАО (для ФСК)
Промышленные потребители
Транспорт
Нефтедобыча
Нефтепереработка
Нефтепроводы
Газопроводы
Сельское хозяйство и пищевая пр…
Непромышленные потребители
Государственные (муниципальные…
Население и приравненные групп…
Территориальные сетевые органи…
абс.
%
Прогноз на месяц 
Ноябрь
КПО/Отпуск из сети 
Отпуск из сети, млн. кВт.ч
Организация 
Все
Прогноз электропотребления и выручки за услуги по передаче в разрезе отраслей'

08-11-2024T16:54:37 - [MESSAGE][PASSED] - Text of object 'Object Repository/Прогноз по отраслям/Виджеты дашборда' is: 'Год 
2023 год
Сравнение с 
План
Динамика электропотребления, млрд. кВт.ч. по ПАО Россети на 2023 год
10 10
190 190
36 36
14 14
9 9
14 14
4 4
17 17
80 80
19 19
82 82
588 588
10 10
197 197
37 37
48 48
10 10
15 15
4 4
18 18
80 80
19 19
82 82
608 608
План
Ожидаемое (прогноз по конца года)
Интер РАО (дляФСК)
Промышленныепотребители
Транспорт
Нефтедобыча
Нефтепереработка
Нефтепроводы
Газопроводы
Сельскоехозяйство ипищеваяпромышленность
Непромышленныепотребители
Государственные(муниципальные)организации ипрочиебюджетныепотребители
Население иприравненныегруппыпотребителей
Территориальныесетевыеорганизации
Выручка по ПАО Россети на 2023 год
5 5
319 319
81 81
16 16
16 16
20 20
2 2
56 56
215 215
67 67
218 218
239 239
6 6
331 331
82 82
77 77
20 20
20 20
3 3
57 57
220 220
68 68
214 214
258 258
План
Ожидаемое (прогноз по конца года)
Интер РАО (дляФСК)
Промышленныепотребители
Транспорт
Нефтедобыча
Нефтепереработка
Нефтепроводы
Газопроводы
Сельскоехозяйство ипищеваяпромышленность
Непромышленныепотребители
Государственные(муниципальные)организации ипрочиебюджетныепотребители
Население иприравненныегруппыпотребителей
Территориальныесетевыеорганизации
Отклонения по ПАО Россети на 2023 год
-4.7% -4.7%
3.8% 3.8%
1.9% 1.9%
230.3% 230.3%
10.9% 10.9%
4.2% 4.2%
21.7% 21.7%
3.9% 3.9%
-0.6% -0.6%
1.6% 1.6%
-1.0% -1.0%
3.3% 3.3%
⬤ Отклонение, %
Интер РАО (для ФСК)
Промышленные потребители
Транспорт
Нефтедобыча
Нефтепереработка
Нефтепроводы
Газопроводы
Сельское хозяйство и пищевая пр…
Непромышленные потребители
Государственные (муниципальные…
Население и приравненные групп…
Территориальные сетевые органи…
Выручка отклонения по ПАО Россети на 2023 год
15.6% 15.6%
3.8% 3.8%
1.2% 1.2%
398.2% 398.2%
26.9% 26.9%
-0.6% -0.6%
26.9% 26.9%
1.5% 1.5%
2.7% 2.7%
2.0% 2.0%
-2.0% -2.0%
7.9% 7.9%
⬤ Отклонение, %
Интер РАО (для ФСК)
Промышленные потребители
Транспорт
Нефтедобыча
Нефтепереработка
Нефтепроводы
Газопроводы
Сельское хозяйство и пищевая пр…
Непромышленные потребители
Государственные (муниципальные…
Население и приравненные групп…
Территориальные сетевые органи…
абс.
%
Прогноз на месяц 
Ноябрь
КПО/Отпуск из сети 
Отпуск из сети, млн. кВт.ч
Организация 
Все
Прогноз электропотребления и выручки за услуги по передаче в разрезе отраслей'

08-11-2024T16:54:37 - [TEST_STEP][PASSED] - click(findTestObject("Прогноз по отраслям/Переключить отображение с процентов на абс Блок руководителя")): Object: 'Object Repository/Прогноз по отраслям/Переключить отображение с процентов на абс Блок руководителя' is clicked on

08-11-2024T16:54:37 - [MESSAGE][PASSED] - Object: 'Object Repository/Прогноз по отраслям/Переключить отображение с процентов на абс Блок руководителя' is clicked on

08-11-2024T16:54:37 - [TEST_STEP][PASSED] - a2 = getText(findTestObject("Прогноз по отраслям/Виджеты дашборда")): Text of object 'Object Repository/Прогноз по отраслям/Виджеты дашборда' is: 'Год 
2023 год
Сравнение с 
План
Отклонения по ПАО Россети на 2023 год
-492.2 -492.2
7 165.1 7 165.1
689.3 689.3
33 271.7 33 271.7
986.4 986.4
593.8 593.8
764.0 764.0
670.4 670.4
-592.4 -592.4
308.8 308.8
-940.9 -940.9
19 604.1 19 604.1
⬤ Отклонение, млн. кВт.ч
Интер РАО (для ФСК)
Промышленные потребители
Транспорт
Нефтедобыча
Нефтепереработка
Нефтепроводы
Газопроводы
Сельское хозяйство и пищевая пр…
Непромышленные потребители
Государственные (муниципальные…
Население и приравненные групп…
Территориальные сетевые органи…
Выручка отклонения по ПАО Россети на 2023 год
794.9 794.9
12 195.0 12 195.0
972.7 972.7
61 803.9 61 803.9
4 222.3 4 222.3
-121.8 -121.8
666.2 666.2
873.2 873.2
5 809.6 5 809.6
1 342.6 1 342.6
-4 463.2 -4 463.2
18 375.5 18 375.5
⬤ Отклонение, млн. руб.
Интер РАО (для ФСК)
Промышленные потребители
Транспорт
Нефтедобыча
Нефтепереработка
Нефтепроводы
Газопроводы
Сельское хозяйство и пищевая пр…
Непромышленные потребители
Государственные (муниципальные…
Население и приравненные групп…
Территориальные сетевые органи…
Динамика электропотребления, млрд. кВт.ч. по ПАО Россети на 2023 год
10 10
190 190
36 36
14 14
9 9
14 14
4 4
17 17
80 80
19 19
82 82
588 588
10 10
197 197
37 37
48 48
10 10
15 15
4 4
18 18
80 80
19 19
82 82
608 608
План
Ожидаемое (прогноз по конца года)
Интер РАО (дляФСК)
Промышленныепотребители
Транспорт
Нефтедобыча
Нефтепереработка
Нефтепроводы
Газопроводы
Сельскоехозяйство ипищеваяпромышленность
Непромышленныепотребители
Государственные(муниципальные)организации ипрочиебюджетныепотребители
Население иприравненныегруппыпотребителей
Территориальныесетевыеорганизации
Выручка по ПАО Россети на 2023 год
5 5
319 319
81 81
16 16
16 16
20 20
2 2
56 56
215 215
67 67
218 218
239 239
6 6
331 331
82 82
77 77
20 20
20 20
3 3
57 57
220 220
68 68
214 214
258 258
План
Ожидаемое (прогноз по конца года)
Интер РАО (дляФСК)
Промышленныепотребители
Транспорт
Нефтедобыча
Нефтепереработка
Нефтепроводы
Газопроводы
Сельскоехозяйство ипищеваяпромышленность
Непромышленныепотребители
Государственные(муниципальные)организации ипрочиебюджетныепотребители
Население иприравненныегруппыпотребителей
Территориальныесетевыеорганизации
абс.
%
Прогноз на месяц 
Ноябрь
КПО/Отпуск из сети 
Отпуск из сети, млн. кВт.ч
Организация 
Все
Прогноз электропотребления и выручки за услуги по передаче в разрезе отраслей'

08-11-2024T16:54:38 - [MESSAGE][PASSED] - Text of object 'Object Repository/Прогноз по отраслям/Виджеты дашборда' is: 'Год 
2023 год
Сравнение с 
План
Отклонения по ПАО Россети на 2023 год
-492.2 -492.2
7 165.1 7 165.1
689.3 689.3
33 271.7 33 271.7
986.4 986.4
593.8 593.8
764.0 764.0
670.4 670.4
-592.4 -592.4
308.8 308.8
-940.9 -940.9
19 604.1 19 604.1
⬤ Отклонение, млн. кВт.ч
Интер РАО (для ФСК)
Промышленные потребители
Транспорт
Нефтедобыча
Нефтепереработка
Нефтепроводы
Газопроводы
Сельское хозяйство и пищевая пр…
Непромышленные потребители
Государственные (муниципальные…
Население и приравненные групп…
Территориальные сетевые органи…
Выручка отклонения по ПАО Россети на 2023 год
794.9 794.9
12 195.0 12 195.0
972.7 972.7
61 803.9 61 803.9
4 222.3 4 222.3
-121.8 -121.8
666.2 666.2
873.2 873.2
5 809.6 5 809.6
1 342.6 1 342.6
-4 463.2 -4 463.2
18 375.5 18 375.5
⬤ Отклонение, млн. руб.
Интер РАО (для ФСК)
Промышленные потребители
Транспорт
Нефтедобыча
Нефтепереработка
Нефтепроводы
Газопроводы
Сельское хозяйство и пищевая пр…
Непромышленные потребители
Государственные (муниципальные…
Население и приравненные групп…
Территориальные сетевые органи…
Динамика электропотребления, млрд. кВт.ч. по ПАО Россети на 2023 год
10 10
190 190
36 36
14 14
9 9
14 14
4 4
17 17
80 80
19 19
82 82
588 588
10 10
197 197
37 37
48 48
10 10
15 15
4 4
18 18
80 80
19 19
82 82
608 608
План
Ожидаемое (прогноз по конца года)
Интер РАО (дляФСК)
Промышленныепотребители
Транспорт
Нефтедобыча
Нефтепереработка
Нефтепроводы
Газопроводы
Сельскоехозяйство ипищеваяпромышленность
Непромышленныепотребители
Государственные(муниципальные)организации ипрочиебюджетныепотребители
Население иприравненныегруппыпотребителей
Территориальныесетевыеорганизации
Выручка по ПАО Россети на 2023 год
5 5
319 319
81 81
16 16
16 16
20 20
2 2
56 56
215 215
67 67
218 218
239 239
6 6
331 331
82 82
77 77
20 20
20 20
3 3
57 57
220 220
68 68
214 214
258 258
План
Ожидаемое (прогноз по конца года)
Интер РАО (дляФСК)
Промышленныепотребители
Транспорт
Нефтедобыча
Нефтепереработка
Нефтепроводы
Газопроводы
Сельскоехозяйство ипищеваяпромышленность
Непромышленныепотребители
Государственные(муниципальные)организации ипрочиебюджетныепотребители
Население иприравненныегруппыпотребителей
Территориальныесетевыеорганизации
абс.
%
Прогноз на месяц 
Ноябрь
КПО/Отпуск из сети 
Отпуск из сети, млн. кВт.ч
Организация 
Все
Прогноз электропотребления и выручки за услуги по передаче в разрезе отраслей'

08-11-2024T16:54:38 - [TEST_STEP][PASSED] - click(findTestObject("Прогноз по отраслям/Переключить отображение с абс на проценты")): Object: 'Object Repository/Прогноз по отраслям/Переключить отображение с абс на проценты' is clicked on

08-11-2024T16:54:38 - [MESSAGE][PASSED] - Object: 'Object Repository/Прогноз по отраслям/Переключить отображение с абс на проценты' is clicked on

08-11-2024T16:54:38 - [TEST_STEP][PASSED] - i = a1.indexOf("млрд. кВт.ч."): null

08-11-2024T16:54:38 - [TEST_STEP][PASSED] - if (i > -1): null

08-11-2024T16:54:38 - [TEST_STEP][PASSED] - a1 = a1.substring(0, i) + a1.substring(i + 12, a1.length()): null

08-11-2024T16:54:38 - [TEST_STEP][PASSED] - i = a1.indexOf("по ПАО Россети на 2023 год"): null

08-11-2024T16:54:38 - [TEST_STEP][PASSED] - if (i > -1): null

08-11-2024T16:54:38 - [TEST_STEP][PASSED] - a1 = a1.substring(0, i) + a1.substring(i + 27, a1.length()): null

08-11-2024T16:54:38 - [TEST_STEP][PASSED] - i = a1.indexOf("Выручка"): null

08-11-2024T16:54:38 - [TEST_STEP][PASSED] - if (i > -1): null

08-11-2024T16:54:38 - [TEST_STEP][PASSED] - a1 = a1.substring(0, i) + a1.substring(i + 8, a1.length()): null

08-11-2024T16:54:38 - [TEST_STEP][PASSED] - i = a1.indexOf("по ПАО Россети на 2023 год"): null

08-11-2024T16:54:38 - [TEST_STEP][PASSED] - if (i > -1): null

08-11-2024T16:54:38 - [TEST_STEP][PASSED] - a1 = a1.substring(0, i) + a1.substring(i + 27, a1.length()): null

08-11-2024T16:54:38 - [TEST_STEP][PASSED] - i = a1.indexOf("по ПАО Россети на 2023 год"): null

08-11-2024T16:54:38 - [TEST_STEP][PASSED] - if (i > -1): null

08-11-2024T16:54:38 - [TEST_STEP][PASSED] - a1 = a1.substring(0, i) + a1.substring(i + 27, a1.length()): null

08-11-2024T16:54:38 - [TEST_STEP][PASSED] - i = a1.indexOf("Отклонения по ПАО Россети на 2023 год"): null

08-11-2024T16:54:38 - [TEST_STEP][PASSED] - if (i > -1): null

08-11-2024T16:54:38 - [TEST_STEP][PASSED] - i = a1.indexOf("Отклонения"): null

08-11-2024T16:54:38 - [TEST_STEP][PASSED] - if (i > -1): null

08-11-2024T16:54:38 - [TEST_STEP][PASSED] - a1 = a1.substring(0, i) + a1.substring(i + 11, a1.length()): null

08-11-2024T16:54:38 - [TEST_STEP][PASSED] - n = n + 34: null

08-11-2024T16:54:38 - [TEST_STEP][PASSED] - b = n - run + 1: null

08-11-2024T16:54:38 - [TEST_STEP][PASSED] - verifyEqual(findTestData("PlanFact").getValue(2, b), a1): Actual object 'Год 
2023 год
Сравнение с 
План
Динамика электропотребления,  10 10
190 190
36 36
14 14
9 9
14 14
4 4
17 17
80 80
19 19
82 82
588 588
10 10
197 197
37 37
48 48
10 10
15 15
4 4
18 18
80 80
19 19
82 82
608 608
План
Ожидаемое (прогноз по конца года)
Интер РАО (дляФСК)
Промышленныепотребители
Транспорт
Нефтедобыча
Нефтепереработка
Нефтепроводы
Газопроводы
Сельскоехозяйство ипищеваяпромышленность
Непромышленныепотребители
Государственные(муниципальные)организации ипрочиебюджетныепотребители
Население иприравненныегруппыпотребителей
Территориальныесетевыеорганизации
5 5
319 319
81 81
16 16
16 16
20 20
2 2
56 56
215 215
67 67
218 218
239 239
6 6
331 331
82 82
77 77
20 20
20 20
3 3
57 57
220 220
68 68
214 214
258 258
План
Ожидаемое (прогноз по конца года)
Интер РАО (дляФСК)
Промышленныепотребители
Транспорт
Нефтедобыча
Нефтепереработка
Нефтепроводы
Газопроводы
Сельскоехозяйство ипищеваяпромышленность
Непромышленныепотребители
Государственные(муниципальные)организации ипрочиебюджетныепотребители
Население иприравненныегруппыпотребителей
Территориальныесетевыеорганизации
-4.7% -4.7%
3.8% 3.8%
1.9% 1.9%
230.3% 230.3%
10.9% 10.9%
4.2% 4.2%
21.7% 21.7%
3.9% 3.9%
-0.6% -0.6%
1.6% 1.6%
-1.0% -1.0%
3.3% 3.3%
⬤ Отклонение, %
Интер РАО (для ФСК)
Промышленные потребители
Транспорт
Нефтедобыча
Нефтепереработка
Нефтепроводы
Газопроводы
Сельское хозяйство и пищевая пр…
Непромышленные потребители
Государственные (муниципальные…
Население и приравненные групп…
Территориальные сетевые органи…
Выручка отклонения по ПАО Россети на 2023 год
15.6% 15.6%
3.8% 3.8%
1.2% 1.2%
398.2% 398.2%
26.9% 26.9%
-0.6% -0.6%
26.9% 26.9%
1.5% 1.5%
2.7% 2.7%
2.0% 2.0%
-2.0% -2.0%
7.9% 7.9%
⬤ Отклонение, %
Интер РАО (для ФСК)
Промышленные потребители
Транспорт
Нефтедобыча
Нефтепереработка
Нефтепроводы
Газопроводы
Сельское хозяйство и пищевая пр…
Непромышленные потребители
Государственные (муниципальные…
Население и приравненные групп…
Территориальные сетевые органи…
абс.
%
Прогноз на месяц 
Ноябрь
КПО/Отпуск из сети 
Отпуск из сети, млн. кВт.ч
Организация 
Все
Прогноз электропотребления и выручки за услуги по передаче в разрезе отраслей' and expected object 'Год 
2023 год
Сравнение с 
План
Динамика электропотребления,  10 10
190 190
36 36
14 14
9 9
14 14
4 4
17 17
80 80
19 19
82 82
588 588
10 10
197 197
37 37
48 48
10 10
15 15
4 4
18 18
80 80
19 19
82 82
608 608
План
Ожидаемое (прогноз по конца года)
Интер РАО (дляФСК)
Промышленныепотребители
Транспорт
Нефтедобыча
Нефтепереработка
Нефтепроводы
Газопроводы
Сельскоехозяйство ипищеваяпромышленность
Непромышленныепотребители
Государственные(муниципальные)организации ипрочиебюджетныепотребители
Население иприравненныегруппыпотребителей
Территориальныесетевыеорганизации
5 5
319 319
81 81
16 16
16 16
20 20
2 2
56 56
215 215
67 67
218 218
239 239
6 6
331 331
82 82
77 77
20 20
20 20
3 3
57 57
220 220
68 68
214 214
258 258
План
Ожидаемое (прогноз по конца года)
Интер РАО (дляФСК)
Промышленныепотребители
Транспорт
Нефтедобыча
Нефтепереработка
Нефтепроводы
Газопроводы
Сельскоехозяйство ипищеваяпромышленность
Непромышленныепотребители
Государственные(муниципальные)организации ипрочиебюджетныепотребители
Население иприравненныегруппыпотребителей
Территориальныесетевыеорганизации
-4.7% -4.7%
3.8% 3.8%
1.9% 1.9%
230.3% 230.3%
10.9% 10.9%
4.2% 4.2%
21.7% 21.7%
3.9% 3.9%
-0.6% -0.6%
1.6% 1.6%
-1.0% -1.0%
3.3% 3.3%
⬤ Отклонение, %
Интер РАО (для ФСК)
Промышленные потребители
Транспорт
Нефтедобыча
Нефтепереработка
Нефтепроводы
Газопроводы
Сельское хозяйство и пищевая пр…
Непромышленные потребители
Государственные (муниципальные…
Население и приравненные групп…
Территориальные сетевые органи…
Выручка отклонения по ПАО Россети на 2023 год
15.6% 15.6%
3.8% 3.8%
1.2% 1.2%
398.2% 398.2%
26.9% 26.9%
-0.6% -0.6%
26.9% 26.9%
1.5% 1.5%
2.7% 2.7%
2.0% 2.0%
-2.0% -2.0%
7.9% 7.9%
⬤ Отклонение, %
Интер РАО (для ФСК)
Промышленные потребители
Транспорт
Нефтедобыча
Нефтепереработка
Нефтепроводы
Газопроводы
Сельское хозяйство и пищевая пр…
Непромышленные потребители
Государственные (муниципальные…
Население и приравненные групп…
Территориальные сетевые органи…
абс.
%
Прогноз на месяц 
Ноябрь
КПО/Отпуск из сети 
Отпуск из сети, млн. кВт.ч
Организация 
Все
Прогноз электропотребления и выручки за услуги по передаче в разрезе отраслей' are equal

08-11-2024T16:54:38 - [MESSAGE][PASSED] - Actual object 'Год 
2023 год
Сравнение с 
План
Динамика электропотребления,  10 10
190 190
36 36
14 14
9 9
14 14
4 4
17 17
80 80
19 19
82 82
588 588
10 10
197 197
37 37
48 48
10 10
15 15
4 4
18 18
80 80
19 19
82 82
608 608
План
Ожидаемое (прогноз по конца года)
Интер РАО (дляФСК)
Промышленныепотребители
Транспорт
Нефтедобыча
Нефтепереработка
Нефтепроводы
Газопроводы
Сельскоехозяйство ипищеваяпромышленность
Непромышленныепотребители
Государственные(муниципальные)организации ипрочиебюджетныепотребители
Население иприравненныегруппыпотребителей
Территориальныесетевыеорганизации
5 5
319 319
81 81
16 16
16 16
20 20
2 2
56 56
215 215
67 67
218 218
239 239
6 6
331 331
82 82
77 77
20 20
20 20
3 3
57 57
220 220
68 68
214 214
258 258
План
Ожидаемое (прогноз по конца года)
Интер РАО (дляФСК)
Промышленныепотребители
Транспорт
Нефтедобыча
Нефтепереработка
Нефтепроводы
Газопроводы
Сельскоехозяйство ипищеваяпромышленность
Непромышленныепотребители
Государственные(муниципальные)организации ипрочиебюджетныепотребители
Население иприравненныегруппыпотребителей
Территориальныесетевыеорганизации
-4.7% -4.7%
3.8% 3.8%
1.9% 1.9%
230.3% 230.3%
10.9% 10.9%
4.2% 4.2%
21.7% 21.7%
3.9% 3.9%
-0.6% -0.6%
1.6% 1.6%
-1.0% -1.0%
3.3% 3.3%
⬤ Отклонение, %
Интер РАО (для ФСК)
Промышленные потребители
Транспорт
Нефтедобыча
Нефтепереработка
Нефтепроводы
Газопроводы
Сельское хозяйство и пищевая пр…
Непромышленные потребители
Государственные (муниципальные…
Население и приравненные групп…
Территориальные сетевые органи…
Выручка отклонения по ПАО Россети на 2023 год
15.6% 15.6%
3.8% 3.8%
1.2% 1.2%
398.2% 398.2%
26.9% 26.9%
-0.6% -0.6%
26.9% 26.9%
1.5% 1.5%
2.7% 2.7%
2.0% 2.0%
-2.0% -2.0%
7.9% 7.9%
⬤ Отклонение, %
Интер РАО (для ФСК)
Промышленные потребители
Транспорт
Нефтедобыча
Нефтепереработка
Нефтепроводы
Газопроводы
Сельское хозяйство и пищевая пр…
Непромышленные потребители
Государственные (муниципальные…
Население и приравненные групп…
Территориальные сетевые органи…
абс.
%
Прогноз на месяц 
Ноябрь
КПО/Отпуск из сети 
Отпуск из сети, млн. кВт.ч
Организация 
Все
Прогноз электропотребления и выручки за услуги по передаче в разрезе отраслей' and expected object 'Год 
2023 год
Сравнение с 
План
Динамика электропотребления,  10 10
190 190
36 36
14 14
9 9
14 14
4 4
17 17
80 80
19 19
82 82
588 588
10 10
197 197
37 37
48 48
10 10
15 15
4 4
18 18
80 80
19 19
82 82
608 608
План
Ожидаемое (прогноз по конца года)
Интер РАО (дляФСК)
Промышленныепотребители
Транспорт
Нефтедобыча
Нефтепереработка
Нефтепроводы
Газопроводы
Сельскоехозяйство ипищеваяпромышленность
Непромышленныепотребители
Государственные(муниципальные)организации ипрочиебюджетныепотребители
Население иприравненныегруппыпотребителей
Территориальныесетевыеорганизации
5 5
319 319
81 81
16 16
16 16
20 20
2 2
56 56
215 215
67 67
218 218
239 239
6 6
331 331
82 82
77 77
20 20
20 20
3 3
57 57
220 220
68 68
214 214
258 258
План
Ожидаемое (прогноз по конца года)
Интер РАО (дляФСК)
Промышленныепотребители
Транспорт
Нефтедобыча
Нефтепереработка
Нефтепроводы
Газопроводы
Сельскоехозяйство ипищеваяпромышленность
Непромышленныепотребители
Государственные(муниципальные)организации ипрочиебюджетныепотребители
Население иприравненныегруппыпотребителей
Территориальныесетевыеорганизации
-4.7% -4.7%
3.8% 3.8%
1.9% 1.9%
230.3% 230.3%
10.9% 10.9%
4.2% 4.2%
21.7% 21.7%
3.9% 3.9%
-0.6% -0.6%
1.6% 1.6%
-1.0% -1.0%
3.3% 3.3%
⬤ Отклонение, %
Интер РАО (для ФСК)
Промышленные потребители
Транспорт
Нефтедобыча
Нефтепереработка
Нефтепроводы
Газопроводы
Сельское хозяйство и пищевая пр…
Непромышленные потребители
Государственные (муниципальные…
Население и приравненные групп…
Территориальные сетевые органи…
Выручка отклонения по ПАО Россети на 2023 год
15.6% 15.6%
3.8% 3.8%
1.2% 1.2%
398.2% 398.2%
26.9% 26.9%
-0.6% -0.6%
26.9% 26.9%
1.5% 1.5%
2.7% 2.7%
2.0% 2.0%
-2.0% -2.0%
7.9% 7.9%
⬤ Отклонение, %
Интер РАО (для ФСК)
Промышленные потребители
Транспорт
Нефтедобыча
Нефтепереработка
Нефтепроводы
Газопроводы
Сельское хозяйство и пищевая пр…
Непромышленные потребители
Государственные (муниципальные…
Население и приравненные групп…
Территориальные сетевые органи…
абс.
%
Прогноз на месяц 
Ноябрь
КПО/Отпуск из сети 
Отпуск из сети, млн. кВт.ч
Организация 
Все
Прогноз электропотребления и выручки за услуги по передаче в разрезе отраслей' are equal

08-11-2024T16:54:38 - [TEST_STEP][PASSED] - verifyEqual(findTestData("PlanFact").getValue(3, b), a2): Actual object 'Год 
2023 год
Сравнение с 
План
Отклонения по ПАО Россети на 2023 год
-492.2 -492.2
7 165.1 7 165.1
689.3 689.3
33 271.7 33 271.7
986.4 986.4
593.8 593.8
764.0 764.0
670.4 670.4
-592.4 -592.4
308.8 308.8
-940.9 -940.9
19 604.1 19 604.1
⬤ Отклонение, млн. кВт.ч
Интер РАО (для ФСК)
Промышленные потребители
Транспорт
Нефтедобыча
Нефтепереработка
Нефтепроводы
Газопроводы
Сельское хозяйство и пищевая пр…
Непромышленные потребители
Государственные (муниципальные…
Население и приравненные групп…
Территориальные сетевые органи…
Выручка отклонения по ПАО Россети на 2023 год
794.9 794.9
12 195.0 12 195.0
972.7 972.7
61 803.9 61 803.9
4 222.3 4 222.3
-121.8 -121.8
666.2 666.2
873.2 873.2
5 809.6 5 809.6
1 342.6 1 342.6
-4 463.2 -4 463.2
18 375.5 18 375.5
⬤ Отклонение, млн. руб.
Интер РАО (для ФСК)
Промышленные потребители
Транспорт
Нефтедобыча
Нефтепереработка
Нефтепроводы
Газопроводы
Сельское хозяйство и пищевая пр…
Непромышленные потребители
Государственные (муниципальные…
Население и приравненные групп…
Территориальные сетевые органи…
Динамика электропотребления, млрд. кВт.ч. по ПАО Россети на 2023 год
10 10
190 190
36 36
14 14
9 9
14 14
4 4
17 17
80 80
19 19
82 82
588 588
10 10
197 197
37 37
48 48
10 10
15 15
4 4
18 18
80 80
19 19
82 82
608 608
План
Ожидаемое (прогноз по конца года)
Интер РАО (дляФСК)
Промышленныепотребители
Транспорт
Нефтедобыча
Нефтепереработка
Нефтепроводы
Газопроводы
Сельскоехозяйство ипищеваяпромышленность
Непромышленныепотребители
Государственные(муниципальные)организации ипрочиебюджетныепотребители
Население иприравненныегруппыпотребителей
Территориальныесетевыеорганизации
Выручка по ПАО Россети на 2023 год
5 5
319 319
81 81
16 16
16 16
20 20
2 2
56 56
215 215
67 67
218 218
239 239
6 6
331 331
82 82
77 77
20 20
20 20
3 3
57 57
220 220
68 68
214 214
258 258
План
Ожидаемое (прогноз по конца года)
Интер РАО (дляФСК)
Промышленныепотребители
Транспорт
Нефтедобыча
Нефтепереработка
Нефтепроводы
Газопроводы
Сельскоехозяйство ипищеваяпромышленность
Непромышленныепотребители
Государственные(муниципальные)организации ипрочиебюджетныепотребители
Население иприравненныегруппыпотребителей
Территориальныесетевыеорганизации
абс.
%
Прогноз на месяц 
Ноябрь
КПО/Отпуск из сети 
Отпуск из сети, млн. кВт.ч
Организация 
Все
Прогноз электропотребления и выручки за услуги по передаче в разрезе отраслей' and expected object 'Год 
2023 год
Сравнение с 
План
Отклонения по ПАО Россети на 2023 год
-492.2 -492.2
7 165.1 7 165.1
689.3 689.3
33 271.7 33 271.7
986.4 986.4
593.8 593.8
764.0 764.0
670.4 670.4
-592.4 -592.4
308.8 308.8
-940.9 -940.9
19 604.1 19 604.1
⬤ Отклонение, млн. кВт.ч
Интер РАО (для ФСК)
Промышленные потребители
Транспорт
Нефтедобыча
Нефтепереработка
Нефтепроводы
Газопроводы
Сельское хозяйство и пищевая пр…
Непромышленные потребители
Государственные (муниципальные…
Население и приравненные групп…
Территориальные сетевые органи…
Выручка отклонения по ПАО Россети на 2023 год
794.9 794.9
12 195.0 12 195.0
972.7 972.7
61 803.9 61 803.9
4 222.3 4 222.3
-121.8 -121.8
666.2 666.2
873.2 873.2
5 809.6 5 809.6
1 342.6 1 342.6
-4 463.2 -4 463.2
18 375.5 18 375.5
⬤ Отклонение, млн. руб.
Интер РАО (для ФСК)
Промышленные потребители
Транспорт
Нефтедобыча
Нефтепереработка
Нефтепроводы
Газопроводы
Сельское хозяйство и пищевая пр…
Непромышленные потребители
Государственные (муниципальные…
Население и приравненные групп…
Территориальные сетевые органи…
Динамика электропотребления, млрд. кВт.ч. по ПАО Россети на 2023 год
10 10
190 190
36 36
14 14
9 9
14 14
4 4
17 17
80 80
19 19
82 82
588 588
10 10
197 197
37 37
48 48
10 10
15 15
4 4
18 18
80 80
19 19
82 82
608 608
План
Ожидаемое (прогноз по конца года)
Интер РАО (дляФСК)
Промышленныепотребители
Транспорт
Нефтедобыча
Нефтепереработка
Нефтепроводы
Газопроводы
Сельскоехозяйство ипищеваяпромышленность
Непромышленныепотребители
Государственные(муниципальные)организации ипрочиебюджетныепотребители
Население иприравненныегруппыпотребителей
Территориальныесетевыеорганизации
Выручка по ПАО Россети на 2023 год
5 5
319 319
81 81
16 16
16 16
20 20
2 2
56 56
215 215
67 67
218 218
239 239
6 6
331 331
82 82
77 77
20 20
20 20
3 3
57 57
220 220
68 68
214 214
258 258
План
Ожидаемое (прогноз по конца года)
Интер РАО (дляФСК)
Промышленныепотребители
Транспорт
Нефтедобыча
Нефтепереработка
Нефтепроводы
Газопроводы
Сельскоехозяйство ипищеваяпромышленность
Непромышленныепотребители
Государственные(муниципальные)организации ипрочиебюджетныепотребители
Население иприравненныегруппыпотребителей
Территориальныесетевыеорганизации
абс.
%
Прогноз на месяц 
Ноябрь
КПО/Отпуск из сети 
Отпуск из сети, млн. кВт.ч
Организация 
Все
Прогноз электропотребления и выручки за услуги по передаче в разрезе отраслей' are equal

08-11-2024T16:54:38 - [MESSAGE][PASSED] - Actual object 'Год 
2023 год
Сравнение с 
План
Отклонения по ПАО Россети на 2023 год
-492.2 -492.2
7 165.1 7 165.1
689.3 689.3
33 271.7 33 271.7
986.4 986.4
593.8 593.8
764.0 764.0
670.4 670.4
-592.4 -592.4
308.8 308.8
-940.9 -940.9
19 604.1 19 604.1
⬤ Отклонение, млн. кВт.ч
Интер РАО (для ФСК)
Промышленные потребители
Транспорт
Нефтедобыча
Нефтепереработка
Нефтепроводы
Газопроводы
Сельское хозяйство и пищевая пр…
Непромышленные потребители
Государственные (муниципальные…
Население и приравненные групп…
Территориальные сетевые органи…
Выручка отклонения по ПАО Россети на 2023 год
794.9 794.9
12 195.0 12 195.0
972.7 972.7
61 803.9 61 803.9
4 222.3 4 222.3
-121.8 -121.8
666.2 666.2
873.2 873.2
5 809.6 5 809.6
1 342.6 1 342.6
-4 463.2 -4 463.2
18 375.5 18 375.5
⬤ Отклонение, млн. руб.
Интер РАО (для ФСК)
Промышленные потребители
Транспорт
Нефтедобыча
Нефтепереработка
Нефтепроводы
Газопроводы
Сельское хозяйство и пищевая пр…
Непромышленные потребители
Государственные (муниципальные…
Население и приравненные групп…
Территориальные сетевые органи…
Динамика электропотребления, млрд. кВт.ч. по ПАО Россети на 2023 год
10 10
190 190
36 36
14 14
9 9
14 14
4 4
17 17
80 80
19 19
82 82
588 588
10 10
197 197
37 37
48 48
10 10
15 15
4 4
18 18
80 80
19 19
82 82
608 608
План
Ожидаемое (прогноз по конца года)
Интер РАО (дляФСК)
Промышленныепотребители
Транспорт
Нефтедобыча
Нефтепереработка
Нефтепроводы
Газопроводы
Сельскоехозяйство ипищеваяпромышленность
Непромышленныепотребители
Государственные(муниципальные)организации ипрочиебюджетныепотребители
Население иприравненныегруппыпотребителей
Территориальныесетевыеорганизации
Выручка по ПАО Россети на 2023 год
5 5
319 319
81 81
16 16
16 16
20 20
2 2
56 56
215 215
67 67
218 218
239 239
6 6
331 331
82 82
77 77
20 20
20 20
3 3
57 57
220 220
68 68
214 214
258 258
План
Ожидаемое (прогноз по конца года)
Интер РАО (дляФСК)
Промышленныепотребители
Транспорт
Нефтедобыча
Нефтепереработка
Нефтепроводы
Газопроводы
Сельскоехозяйство ипищеваяпромышленность
Непромышленныепотребители
Государственные(муниципальные)организации ипрочиебюджетныепотребители
Население иприравненныегруппыпотребителей
Территориальныесетевыеорганизации
абс.
%
Прогноз на месяц 
Ноябрь
КПО/Отпуск из сети 
Отпуск из сети, млн. кВт.ч
Организация 
Все
Прогноз электропотребления и выручки за услуги по передаче в разрезе отраслей' and expected object 'Год 
2023 год
Сравнение с 
План
Отклонения по ПАО Россети на 2023 год
-492.2 -492.2
7 165.1 7 165.1
689.3 689.3
33 271.7 33 271.7
986.4 986.4
593.8 593.8
764.0 764.0
670.4 670.4
-592.4 -592.4
308.8 308.8
-940.9 -940.9
19 604.1 19 604.1
⬤ Отклонение, млн. кВт.ч
Интер РАО (для ФСК)
Промышленные потребители
Транспорт
Нефтедобыча
Нефтепереработка
Нефтепроводы
Газопроводы
Сельское хозяйство и пищевая пр…
Непромышленные потребители
Государственные (муниципальные…
Население и приравненные групп…
Территориальные сетевые органи…
Выручка отклонения по ПАО Россети на 2023 год
794.9 794.9
12 195.0 12 195.0
972.7 972.7
61 803.9 61 803.9
4 222.3 4 222.3
-121.8 -121.8
666.2 666.2
873.2 873.2
5 809.6 5 809.6
1 342.6 1 342.6
-4 463.2 -4 463.2
18 375.5 18 375.5
⬤ Отклонение, млн. руб.
Интер РАО (для ФСК)
Промышленные потребители
Транспорт
Нефтедобыча
Нефтепереработка
Нефтепроводы
Газопроводы
Сельское хозяйство и пищевая пр…
Непромышленные потребители
Государственные (муниципальные…
Население и приравненные групп…
Территориальные сетевые органи…
Динамика электропотребления, млрд. кВт.ч. по ПАО Россети на 2023 год
10 10
190 190
36 36
14 14
9 9
14 14
4 4
17 17
80 80
19 19
82 82
588 588
10 10
197 197
37 37
48 48
10 10
15 15
4 4
18 18
80 80
19 19
82 82
608 608
План
Ожидаемое (прогноз по конца года)
Интер РАО (дляФСК)
Промышленныепотребители
Транспорт
Нефтедобыча
Нефтепереработка
Нефтепроводы
Газопроводы
Сельскоехозяйство ипищеваяпромышленность
Непромышленныепотребители
Государственные(муниципальные)организации ипрочиебюджетныепотребители
Население иприравненныегруппыпотребителей
Территориальныесетевыеорганизации
Выручка по ПАО Россети на 2023 год
5 5
319 319
81 81
16 16
16 16
20 20
2 2
56 56
215 215
67 67
218 218
239 239
6 6
331 331
82 82
77 77
20 20
20 20
3 3
57 57
220 220
68 68
214 214
258 258
План
Ожидаемое (прогноз по конца года)
Интер РАО (дляФСК)
Промышленныепотребители
Транспорт
Нефтедобыча
Нефтепереработка
Нефтепроводы
Газопроводы
Сельскоехозяйство ипищеваяпромышленность
Непромышленныепотребители
Государственные(муниципальные)организации ипрочиебюджетныепотребители
Население иприравненныегруппыпотребителей
Территориальныесетевыеорганизации
абс.
%
Прогноз на месяц 
Ноябрь
КПО/Отпуск из сети 
Отпуск из сети, млн. кВт.ч
Организация 
Все
Прогноз электропотребления и выручки за услуги по передаче в разрезе отраслей' are equal

08-11-2024T16:54:38 - [TEST_STEP][PASSED] - Script1686231490255.WriteToExcel(user, dashboardName, n, data, run, a1, a2, a3, a4, a5, a6, a7, a8, a9): null

08-11-2024T16:54:38 - [TEST_STEP][PASSED] - sheetName = "Sheet1": null

08-11-2024T16:54:38 - [TEST_STEP][PASSED] - workbook01 = getWorkbook(excelFilePath): null

08-11-2024T16:54:38 - [TEST_STEP][PASSED] - sheet01 = getExcelSheet(workbook01, sheetName): null

08-11-2024T16:54:38 - [TEST_STEP][PASSED] - setValueToCellByIndex(sheet01, n, 0, dashboardName): null

08-11-2024T16:54:38 - [TEST_STEP][PASSED] - setValueToCellByIndex(sheet01, n, 10, user): null

08-11-2024T16:54:38 - [TEST_STEP][PASSED] - setValueToCellByIndex(sheet01, n, 1, a1): null

08-11-2024T16:54:38 - [TEST_STEP][PASSED] - setValueToCellByIndex(sheet01, n, 2, a2): null

08-11-2024T16:54:38 - [TEST_STEP][PASSED] - setValueToCellByIndex(sheet01, n, 3, a3): null

08-11-2024T16:54:38 - [TEST_STEP][PASSED] - setValueToCellByIndex(sheet01, n, 4, a4): null

08-11-2024T16:54:38 - [TEST_STEP][PASSED] - setValueToCellByIndex(sheet01, n, 5, a5): null

08-11-2024T16:54:38 - [TEST_STEP][PASSED] - setValueToCellByIndex(sheet01, n, 6, a6): null

08-11-2024T16:54:38 - [TEST_STEP][PASSED] - setValueToCellByIndex(sheet01, n, 7, a7): null

08-11-2024T16:54:38 - [TEST_STEP][PASSED] - setValueToCellByIndex(sheet01, n, 8, a8): null

08-11-2024T16:54:38 - [TEST_STEP][PASSED] - setValueToCellByIndex(sheet01, n, 9, a9): null

08-11-2024T16:54:38 - [TEST_STEP][PASSED] - n = n + 1: null

08-11-2024T16:54:38 - [TEST_STEP][PASSED] - saveWorkbook(excelFilePath, workbook01): null

08-11-2024T16:54:38 - [TEST_STEP][PASSED] - if (run == 3): null

08-11-2024T16:54:38 - [TEST_STEP][PASSED] - closeBrowser(): null

08-11-2024T16:54:39 - [MESSAGE][PASSED] - Browser is closed

08-11-2024T16:54:39 - [TEST_STEP][PASSED] - PrognozPoOtraslyam(user, dashboardName, n, data, run, a1, a2, a3, a4, a5, a6, a7, a8, a9, urlData): null

08-11-2024T16:54:39 - [TEST_STEP][PASSED] - n = data.getRowNumbers() + 1: null

08-11-2024T16:54:39 - [TEST_STEP][PASSED] - println(n): null

08-11-2024T16:54:39 - [TEST_STEP][PASSED] - dashboardName = "Прогноз по отраслям": null

08-11-2024T16:54:39 - [TEST_STEP][PASSED] - openBrowser(""): Browser is opened with url: ''

08-11-2024T16:54:39 - [MESSAGE][INFO] - Starting 'Chrome' driver

08-11-2024T16:54:39 - [MESSAGE][INFO] - Action delay is set to 0 milliseconds

08-11-2024T16:54:39 - [MESSAGE][PASSED] - Browser is opened with url: ''

08-11-2024T16:54:39 - [TEST_STEP][PASSED] - urlData = 6: null

08-11-2024T16:54:39 - [TEST_STEP][PASSED] - Script1686231490255.CheckPageDownload(urlData, run): null

08-11-2024T16:54:39 - [TEST_STEP][PASSED] - i = 1: null

08-11-2024T16:54:39 - [TEST_STEP][PASSED] - ii = 0: null

08-11-2024T16:54:39 - [TEST_STEP][PASSED] - urlText = <not implemented yet for class: org.codehaus.groovy.ast.expr.EmptyExpression>: null

08-11-2024T16:54:39 - [TEST_STEP][PASSED] - searchWord = <not implemented yet for class: org.codehaus.groovy.ast.expr.EmptyExpression>: null

08-11-2024T16:54:39 - [TEST_STEP][PASSED] - deleteAllCookies(): Delete all cookies successfully

08-11-2024T16:54:39 - [MESSAGE][PASSED] - Delete all cookies successfully

08-11-2024T16:54:39 - [TEST_STEP][PASSED] - refresh(): Refresh successfully

08-11-2024T16:54:40 - [MESSAGE][PASSED] - Refresh successfully

08-11-2024T16:54:40 - [TEST_STEP][PASSED] - delay(65): Delayed 65 second(s)

08-11-2024T16:55:45 - [MESSAGE][PASSED] - Delayed 65 second(s)

08-11-2024T16:55:45 - [TEST_STEP][PASSED] - navigateToUrl(findTestData("PlanFact").getValue(10, urlData)): Navigate to 'https://bi.rosseti.digital/viewer?dashboardGuid=d6acb5b1a7114a9791b34de39263106e&sheetGuid=0b6d261d7f7b4424a967aa8f3a724189&fit=true' successfully

08-11-2024T16:55:53 - [MESSAGE][PASSED] - Navigate to 'https://bi.rosseti.digital/viewer?dashboardGuid=d6acb5b1a7114a9791b34de39263106e&sheetGuid=0b6d261d7f7b4424a967aa8f3a724189&fit=true' successfully

08-11-2024T16:55:53 - [TEST_STEP][PASSED] - pageLoaded1 = verifyElementPresent(findTestObject("Страница авторизации/Text"), 30): Object 'Object Repository/Страница авторизации/Text' is present

08-11-2024T16:55:54 - [MESSAGE][PASSED] - Object 'Object Repository/Страница авторизации/Text' is present

08-11-2024T16:55:54 - [TEST_STEP][PASSED] - if (pageLoaded1 == false): null

08-11-2024T16:55:54 - [TEST_STEP][PASSED] - urlText = getText(findTestObject("Страница авторизации/Text")): Text of object 'Object Repository/Страница авторизации/Text' is: 'Вход'

08-11-2024T16:55:54 - [MESSAGE][PASSED] - Text of object 'Object Repository/Страница авторизации/Text' is: 'Вход'

08-11-2024T16:55:54 - [TEST_STEP][PASSED] - delay(65): Delayed 65 second(s)

08-11-2024T16:56:59 - [MESSAGE][PASSED] - Delayed 65 second(s)

08-11-2024T16:56:59 - [TEST_STEP][PASSED] - searchWord = "Вход": null

08-11-2024T16:56:59 - [TEST_STEP][PASSED] - if (urlText.contains(searchWord) == false): null

08-11-2024T16:56:59 - [TEST_STEP][PASSED] - setText(findTestObject("Страница авторизации/input__username"), findTestData("PlanFact").getValue(8, run)): Text 'Petrova-OV' is set on object 'Object Repository/Страница авторизации/input__username'

08-11-2024T16:57:00 - [MESSAGE][PASSED] - Text 'Petrova-OV' is set on object 'Object Repository/Страница авторизации/input__username'

08-11-2024T16:57:00 - [TEST_STEP][PASSED] - setText(findTestObject("Страница авторизации/input__password"), findTestData("PlanFact").getValue(9, run)): Text '4Ex@~R53r&3x&BVe7' is set on object 'Object Repository/Страница авторизации/input__password'

08-11-2024T16:57:00 - [MESSAGE][PASSED] - Text '4Ex@~R53r&3x&BVe7' is set on object 'Object Repository/Страница авторизации/input__password'

08-11-2024T16:57:00 - [TEST_STEP][PASSED] - click(findTestObject("Страница авторизации/button_")): Object: 'Object Repository/Страница авторизации/button_' is clicked on

08-11-2024T16:57:05 - [MESSAGE][PASSED] - Object: 'Object Repository/Страница авторизации/button_' is clicked on

08-11-2024T16:57:05 - [TEST_STEP][PASSED] - delay(65): Delayed 65 second(s)

08-11-2024T16:58:10 - [MESSAGE][PASSED] - Delayed 65 second(s)

08-11-2024T16:58:10 - [TEST_STEP][PASSED] - searchWord = "а": null

08-11-2024T16:58:10 - [TEST_STEP][PASSED] - pageLoaded2 = verifyElementPresent(findTestObject("Страница авторизации/Text"), 50): Object 'Object Repository/Страница авторизации/Text' is present

08-11-2024T16:58:10 - [MESSAGE][PASSED] - Object 'Object Repository/Страница авторизации/Text' is present

08-11-2024T16:58:10 - [TEST_STEP][PASSED] - if (pageLoaded2 == false): null

08-11-2024T16:58:10 - [TEST_STEP][PASSED] - urlText = getText(findTestObject("Страница авторизации/Text")): Text of object 'Object Repository/Страница авторизации/Text' is: 'Год 
2023 год
Сравнение с 
План
Динамика электропотребления, млрд. кВт.ч. по ПАО Россети на 2023 год
10 10
190 190
36 36
14 14
9 9
14 14
4 4
17 17
80 80
19 19
82 82
588 588
10 10
197 197
37 37
48 48
10 10
15 15
4 4
18 18
80 80
19 19
82 82
608 608
План
Ожидаемое (прогноз по конца года)
Интер РАО (дляФСК)
Промышленныепотребители
Транспорт
Нефтедобыча
Нефтепереработка
Нефтепроводы
Газопроводы
Сельскоехозяйство ипищеваяпромышленность
Непромышленныепотребители
Государственные(муниципальные)организации ипрочиебюджетныепотребители
Население иприравненныегруппыпотребителей
Территориальныесетевыеорганизации
Выручка по ПАО Россети на 2023 год
5 5
319 319
81 81
16 16
16 16
20 20
2 2
56 56
215 215
67 67
218 218
239 239
6 6
331 331
82 82
77 77
20 20
20 20
3 3
57 57
220 220
68 68
214 214
258 258
План
Ожидаемое (прогноз по конца года)
Интер РАО (дляФСК)
Промышленныепотребители
Транспорт
Нефтедобыча
Нефтепереработка
Нефтепроводы
Газопроводы
Сельскоехозяйство ипищеваяпромышленность
Непромышленныепотребители
Государственные(муниципальные)организации ипрочиебюджетныепотребители
Население иприравненныегруппыпотребителей
Территориальныесетевыеорганизации
Отклонения по ПАО Россети на 2023 год
-4.7% -4.7%
3.8% 3.8%
1.9% 1.9%
230.3% 230.3%
10.9% 10.9%
4.2% 4.2%
21.7% 21.7%
3.9% 3.9%
-0.6% -0.6%
1.6% 1.6%
-1.0% -1.0%
3.3% 3.3%
⬤ Отклонение, %
Интер РАО (для ФСК)
Промышленные потребители
Транспорт
Нефтедобыча
Нефтепереработка
Нефтепроводы
Газопроводы
Сельское хозяйство и пищевая пр…
Непромышленные потребители
Государственные (муниципальные…
Население и приравненные групп…
Территориальные сетевые органи…
Выручка отклонения по ПАО Россети на 2023 год
15.6% 15.6%
3.8% 3.8%
1.2% 1.2%
398.2% 398.2%
26.9% 26.9%
-0.6% -0.6%
26.9% 26.9%
1.5% 1.5%
2.7% 2.7%
2.0% 2.0%
-2.0% -2.0%
7.9% 7.9%
⬤ Отклонение, %
Интер РАО (для ФСК)
Промышленные потребители
Транспорт
Нефтедобыча
Нефтепереработка
Нефтепроводы
Газопроводы
Сельское хозяйство и пищевая пр…
Непромышленные потребители
Государственные (муниципальные…
Население и приравненные групп…
Территориальные сетевые органи…
абс.
%
Прогноз на месяц 
Ноябрь
КПО/Отпуск из сети 
Отпуск из сети, млн. кВт.ч
Организация 
Все
Прогноз электропотребления и выручки за услуги по передаче в разрезе отраслей'

08-11-2024T16:58:10 - [MESSAGE][PASSED] - Text of object 'Object Repository/Страница авторизации/Text' is: 'Год 
2023 год
Сравнение с 
План
Динамика электропотребления, млрд. кВт.ч. по ПАО Россети на 2023 год
10 10
190 190
36 36
14 14
9 9
14 14
4 4
17 17
80 80
19 19
82 82
588 588
10 10
197 197
37 37
48 48
10 10
15 15
4 4
18 18
80 80
19 19
82 82
608 608
План
Ожидаемое (прогноз по конца года)
Интер РАО (дляФСК)
Промышленныепотребители
Транспорт
Нефтедобыча
Нефтепереработка
Нефтепроводы
Газопроводы
Сельскоехозяйство ипищеваяпромышленность
Непромышленныепотребители
Государственные(муниципальные)организации ипрочиебюджетныепотребители
Население иприравненныегруппыпотребителей
Территориальныесетевыеорганизации
Выручка по ПАО Россети на 2023 год
5 5
319 319
81 81
16 16
16 16
20 20
2 2
56 56
215 215
67 67
218 218
239 239
6 6
331 331
82 82
77 77
20 20
20 20
3 3
57 57
220 220
68 68
214 214
258 258
План
Ожидаемое (прогноз по конца года)
Интер РАО (дляФСК)
Промышленныепотребители
Транспорт
Нефтедобыча
Нефтепереработка
Нефтепроводы
Газопроводы
Сельскоехозяйство ипищеваяпромышленность
Непромышленныепотребители
Государственные(муниципальные)организации ипрочиебюджетныепотребители
Население иприравненныегруппыпотребителей
Территориальныесетевыеорганизации
Отклонения по ПАО Россети на 2023 год
-4.7% -4.7%
3.8% 3.8%
1.9% 1.9%
230.3% 230.3%
10.9% 10.9%
4.2% 4.2%
21.7% 21.7%
3.9% 3.9%
-0.6% -0.6%
1.6% 1.6%
-1.0% -1.0%
3.3% 3.3%
⬤ Отклонение, %
Интер РАО (для ФСК)
Промышленные потребители
Транспорт
Нефтедобыча
Нефтепереработка
Нефтепроводы
Газопроводы
Сельское хозяйство и пищевая пр…
Непромышленные потребители
Государственные (муниципальные…
Население и приравненные групп…
Территориальные сетевые органи…
Выручка отклонения по ПАО Россети на 2023 год
15.6% 15.6%
3.8% 3.8%
1.2% 1.2%
398.2% 398.2%
26.9% 26.9%
-0.6% -0.6%
26.9% 26.9%
1.5% 1.5%
2.7% 2.7%
2.0% 2.0%
-2.0% -2.0%
7.9% 7.9%
⬤ Отклонение, %
Интер РАО (для ФСК)
Промышленные потребители
Транспорт
Нефтедобыча
Нефтепереработка
Нефтепроводы
Газопроводы
Сельское хозяйство и пищевая пр…
Непромышленные потребители
Государственные (муниципальные…
Население и приравненные групп…
Территориальные сетевые органи…
абс.
%
Прогноз на месяц 
Ноябрь
КПО/Отпуск из сети 
Отпуск из сети, млн. кВт.ч
Организация 
Все
Прогноз электропотребления и выручки за услуги по передаче в разрезе отраслей'

08-11-2024T16:58:10 - [TEST_STEP][PASSED] - if (urlText.contains("ошибка") || urlText.contains(searchWord) == false): null

08-11-2024T16:58:10 - [TEST_STEP][PASSED] - a3 = "": null

08-11-2024T16:58:10 - [TEST_STEP][PASSED] - a4 = "": null

08-11-2024T16:58:10 - [TEST_STEP][PASSED] - a5 = "": null

08-11-2024T16:58:10 - [TEST_STEP][PASSED] - a6 = "": null

08-11-2024T16:58:10 - [TEST_STEP][PASSED] - a7 = "": null

08-11-2024T16:58:10 - [TEST_STEP][PASSED] - a8 = "": null

08-11-2024T16:58:10 - [TEST_STEP][PASSED] - a9 = "": null

08-11-2024T16:58:10 - [TEST_STEP][PASSED] - if (run == 1): null

08-11-2024T16:58:10 - [TEST_STEP][PASSED] - if (run == 2): null

08-11-2024T16:58:10 - [TEST_STEP][PASSED] - if (run == 3): null

08-11-2024T16:58:10 - [TEST_STEP][PASSED] - user = "Попова": null

08-11-2024T16:58:10 - [TEST_STEP][PASSED] - a1 = getText(findTestObject("Прогноз по отраслям/Виджеты дашборда")): Text of object 'Object Repository/Прогноз по отраслям/Виджеты дашборда' is: 'Год 
2023 год
Сравнение с 
План
Динамика электропотребления, млрд. кВт.ч. по ПАО Россети на 2023 год
10 10
190 190
36 36
14 14
9 9
14 14
4 4
17 17
80 80
19 19
82 82
588 588
10 10
197 197
37 37
48 48
10 10
15 15
4 4
18 18
80 80
19 19
82 82
608 608
План
Ожидаемое (прогноз по конца года)
Интер РАО (дляФСК)
Промышленныепотребители
Транспорт
Нефтедобыча
Нефтепереработка
Нефтепроводы
Газопроводы
Сельскоехозяйство ипищеваяпромышленность
Непромышленныепотребители
Государственные(муниципальные)организации ипрочиебюджетныепотребители
Население иприравненныегруппыпотребителей
Территориальныесетевыеорганизации
Выручка по ПАО Россети на 2023 год
5 5
319 319
81 81
16 16
16 16
20 20
2 2
56 56
215 215
67 67
218 218
239 239
6 6
331 331
82 82
77 77
20 20
20 20
3 3
57 57
220 220
68 68
214 214
258 258
План
Ожидаемое (прогноз по конца года)
Интер РАО (дляФСК)
Промышленныепотребители
Транспорт
Нефтедобыча
Нефтепереработка
Нефтепроводы
Газопроводы
Сельскоехозяйство ипищеваяпромышленность
Непромышленныепотребители
Государственные(муниципальные)организации ипрочиебюджетныепотребители
Население иприравненныегруппыпотребителей
Территориальныесетевыеорганизации
Отклонения по ПАО Россети на 2023 год
-4.7% -4.7%
3.8% 3.8%
1.9% 1.9%
230.3% 230.3%
10.9% 10.9%
4.2% 4.2%
21.7% 21.7%
3.9% 3.9%
-0.6% -0.6%
1.6% 1.6%
-1.0% -1.0%
3.3% 3.3%
⬤ Отклонение, %
Интер РАО (для ФСК)
Промышленные потребители
Транспорт
Нефтедобыча
Нефтепереработка
Нефтепроводы
Газопроводы
Сельское хозяйство и пищевая пр…
Непромышленные потребители
Государственные (муниципальные…
Население и приравненные групп…
Территориальные сетевые органи…
Выручка отклонения по ПАО Россети на 2023 год
15.6% 15.6%
3.8% 3.8%
1.2% 1.2%
398.2% 398.2%
26.9% 26.9%
-0.6% -0.6%
26.9% 26.9%
1.5% 1.5%
2.7% 2.7%
2.0% 2.0%
-2.0% -2.0%
7.9% 7.9%
⬤ Отклонение, %
Интер РАО (для ФСК)
Промышленные потребители
Транспорт
Нефтедобыча
Нефтепереработка
Нефтепроводы
Газопроводы
Сельское хозяйство и пищевая пр…
Непромышленные потребители
Государственные (муниципальные…
Население и приравненные групп…
Территориальные сетевые органи…
абс.
%
Прогноз на месяц 
Ноябрь
КПО/Отпуск из сети 
Отпуск из сети, млн. кВт.ч
Организация 
Все
Прогноз электропотребления и выручки за услуги по передаче в разрезе отраслей'

08-11-2024T16:58:11 - [MESSAGE][PASSED] - Text of object 'Object Repository/Прогноз по отраслям/Виджеты дашборда' is: 'Год 
2023 год
Сравнение с 
План
Динамика электропотребления, млрд. кВт.ч. по ПАО Россети на 2023 год
10 10
190 190
36 36
14 14
9 9
14 14
4 4
17 17
80 80
19 19
82 82
588 588
10 10
197 197
37 37
48 48
10 10
15 15
4 4
18 18
80 80
19 19
82 82
608 608
План
Ожидаемое (прогноз по конца года)
Интер РАО (дляФСК)
Промышленныепотребители
Транспорт
Нефтедобыча
Нефтепереработка
Нефтепроводы
Газопроводы
Сельскоехозяйство ипищеваяпромышленность
Непромышленныепотребители
Государственные(муниципальные)организации ипрочиебюджетныепотребители
Население иприравненныегруппыпотребителей
Территориальныесетевыеорганизации
Выручка по ПАО Россети на 2023 год
5 5
319 319
81 81
16 16
16 16
20 20
2 2
56 56
215 215
67 67
218 218
239 239
6 6
331 331
82 82
77 77
20 20
20 20
3 3
57 57
220 220
68 68
214 214
258 258
План
Ожидаемое (прогноз по конца года)
Интер РАО (дляФСК)
Промышленныепотребители
Транспорт
Нефтедобыча
Нефтепереработка
Нефтепроводы
Газопроводы
Сельскоехозяйство ипищеваяпромышленность
Непромышленныепотребители
Государственные(муниципальные)организации ипрочиебюджетныепотребители
Население иприравненныегруппыпотребителей
Территориальныесетевыеорганизации
Отклонения по ПАО Россети на 2023 год
-4.7% -4.7%
3.8% 3.8%
1.9% 1.9%
230.3% 230.3%
10.9% 10.9%
4.2% 4.2%
21.7% 21.7%
3.9% 3.9%
-0.6% -0.6%
1.6% 1.6%
-1.0% -1.0%
3.3% 3.3%
⬤ Отклонение, %
Интер РАО (для ФСК)
Промышленные потребители
Транспорт
Нефтедобыча
Нефтепереработка
Нефтепроводы
Газопроводы
Сельское хозяйство и пищевая пр…
Непромышленные потребители
Государственные (муниципальные…
Население и приравненные групп…
Территориальные сетевые органи…
Выручка отклонения по ПАО Россети на 2023 год
15.6% 15.6%
3.8% 3.8%
1.2% 1.2%
398.2% 398.2%
26.9% 26.9%
-0.6% -0.6%
26.9% 26.9%
1.5% 1.5%
2.7% 2.7%
2.0% 2.0%
-2.0% -2.0%
7.9% 7.9%
⬤ Отклонение, %
Интер РАО (для ФСК)
Промышленные потребители
Транспорт
Нефтедобыча
Нефтепереработка
Нефтепроводы
Газопроводы
Сельское хозяйство и пищевая пр…
Непромышленные потребители
Государственные (муниципальные…
Население и приравненные групп…
Территориальные сетевые органи…
абс.
%
Прогноз на месяц 
Ноябрь
КПО/Отпуск из сети 
Отпуск из сети, млн. кВт.ч
Организация 
Все
Прогноз электропотребления и выручки за услуги по передаче в разрезе отраслей'

08-11-2024T16:58:11 - [TEST_STEP][PASSED] - click(findTestObject("Прогноз по отраслям/Переключить отображение с процентов на абс Блок руководителя")): Object: 'Object Repository/Прогноз по отраслям/Переключить отображение с процентов на абс Блок руководителя' is clicked on

08-11-2024T16:58:11 - [MESSAGE][PASSED] - Object: 'Object Repository/Прогноз по отраслям/Переключить отображение с процентов на абс Блок руководителя' is clicked on

08-11-2024T16:58:11 - [TEST_STEP][PASSED] - a2 = getText(findTestObject("Прогноз по отраслям/Виджеты дашборда")): Text of object 'Object Repository/Прогноз по отраслям/Виджеты дашборда' is: 'Год 
2023 год
Сравнение с 
План
Отклонения по ПАО Россети на 2023 год
-492.2 -492.2
7 165.1 7 165.1
689.3 689.3
33 271.7 33 271.7
986.4 986.4
593.8 593.8
764.0 764.0
670.4 670.4
-592.4 -592.4
308.8 308.8
-940.9 -940.9
19 604.1 19 604.1
⬤ Отклонение, млн. кВт.ч
Интер РАО (для ФСК)
Промышленные потребители
Транспорт
Нефтедобыча
Нефтепереработка
Нефтепроводы
Газопроводы
Сельское хозяйство и пищевая пр…
Непромышленные потребители
Государственные (муниципальные…
Население и приравненные групп…
Территориальные сетевые органи…
Выручка отклонения по ПАО Россети на 2023 год
794.9 794.9
12 195.0 12 195.0
972.7 972.7
61 803.9 61 803.9
4 222.3 4 222.3
-121.8 -121.8
666.2 666.2
873.2 873.2
5 809.6 5 809.6
1 342.6 1 342.6
-4 463.2 -4 463.2
18 375.5 18 375.5
⬤ Отклонение, млн. руб.
Интер РАО (для ФСК)
Промышленные потребители
Транспорт
Нефтедобыча
Нефтепереработка
Нефтепроводы
Газопроводы
Сельское хозяйство и пищевая пр…
Непромышленные потребители
Государственные (муниципальные…
Население и приравненные групп…
Территориальные сетевые органи…
Динамика электропотребления, млрд. кВт.ч. по ПАО Россети на 2023 год
10 10
190 190
36 36
14 14
9 9
14 14
4 4
17 17
80 80
19 19
82 82
588 588
10 10
197 197
37 37
48 48
10 10
15 15
4 4
18 18
80 80
19 19
82 82
608 608
План
Ожидаемое (прогноз по конца года)
Интер РАО (дляФСК)
Промышленныепотребители
Транспорт
Нефтедобыча
Нефтепереработка
Нефтепроводы
Газопроводы
Сельскоехозяйство ипищеваяпромышленность
Непромышленныепотребители
Государственные(муниципальные)организации ипрочиебюджетныепотребители
Население иприравненныегруппыпотребителей
Территориальныесетевыеорганизации
Выручка по ПАО Россети на 2023 год
5 5
319 319
81 81
16 16
16 16
20 20
2 2
56 56
215 215
67 67
218 218
239 239
6 6
331 331
82 82
77 77
20 20
20 20
3 3
57 57
220 220
68 68
214 214
258 258
План
Ожидаемое (прогноз по конца года)
Интер РАО (дляФСК)
Промышленныепотребители
Транспорт
Нефтедобыча
Нефтепереработка
Нефтепроводы
Газопроводы
Сельскоехозяйство ипищеваяпромышленность
Непромышленныепотребители
Государственные(муниципальные)организации ипрочиебюджетныепотребители
Население иприравненныегруппыпотребителей
Территориальныесетевыеорганизации
абс.
%
Прогноз на месяц 
Ноябрь
КПО/Отпуск из сети 
Отпуск из сети, млн. кВт.ч
Организация 
Все
Прогноз электропотребления и выручки за услуги по передаче в разрезе отраслей'

08-11-2024T16:58:12 - [MESSAGE][PASSED] - Text of object 'Object Repository/Прогноз по отраслям/Виджеты дашборда' is: 'Год 
2023 год
Сравнение с 
План
Отклонения по ПАО Россети на 2023 год
-492.2 -492.2
7 165.1 7 165.1
689.3 689.3
33 271.7 33 271.7
986.4 986.4
593.8 593.8
764.0 764.0
670.4 670.4
-592.4 -592.4
308.8 308.8
-940.9 -940.9
19 604.1 19 604.1
⬤ Отклонение, млн. кВт.ч
Интер РАО (для ФСК)
Промышленные потребители
Транспорт
Нефтедобыча
Нефтепереработка
Нефтепроводы
Газопроводы
Сельское хозяйство и пищевая пр…
Непромышленные потребители
Государственные (муниципальные…
Население и приравненные групп…
Территориальные сетевые органи…
Выручка отклонения по ПАО Россети на 2023 год
794.9 794.9
12 195.0 12 195.0
972.7 972.7
61 803.9 61 803.9
4 222.3 4 222.3
-121.8 -121.8
666.2 666.2
873.2 873.2
5 809.6 5 809.6
1 342.6 1 342.6
-4 463.2 -4 463.2
18 375.5 18 375.5
⬤ Отклонение, млн. руб.
Интер РАО (для ФСК)
Промышленные потребители
Транспорт
Нефтедобыча
Нефтепереработка
Нефтепроводы
Газопроводы
Сельское хозяйство и пищевая пр…
Непромышленные потребители
Государственные (муниципальные…
Население и приравненные групп…
Территориальные сетевые органи…
Динамика электропотребления, млрд. кВт.ч. по ПАО Россети на 2023 год
10 10
190 190
36 36
14 14
9 9
14 14
4 4
17 17
80 80
19 19
82 82
588 588
10 10
197 197
37 37
48 48
10 10
15 15
4 4
18 18
80 80
19 19
82 82
608 608
План
Ожидаемое (прогноз по конца года)
Интер РАО (дляФСК)
Промышленныепотребители
Транспорт
Нефтедобыча
Нефтепереработка
Нефтепроводы
Газопроводы
Сельскоехозяйство ипищеваяпромышленность
Непромышленныепотребители
Государственные(муниципальные)организации ипрочиебюджетныепотребители
Население иприравненныегруппыпотребителей
Территориальныесетевыеорганизации
Выручка по ПАО Россети на 2023 год
5 5
319 319
81 81
16 16
16 16
20 20
2 2
56 56
215 215
67 67
218 218
239 239
6 6
331 331
82 82
77 77
20 20
20 20
3 3
57 57
220 220
68 68
214 214
258 258
План
Ожидаемое (прогноз по конца года)
Интер РАО (дляФСК)
Промышленныепотребители
Транспорт
Нефтедобыча
Нефтепереработка
Нефтепроводы
Газопроводы
Сельскоехозяйство ипищеваяпромышленность
Непромышленныепотребители
Государственные(муниципальные)организации ипрочиебюджетныепотребители
Население иприравненныегруппыпотребителей
Территориальныесетевыеорганизации
абс.
%
Прогноз на месяц 
Ноябрь
КПО/Отпуск из сети 
Отпуск из сети, млн. кВт.ч
Организация 
Все
Прогноз электропотребления и выручки за услуги по передаче в разрезе отраслей'

08-11-2024T16:58:12 - [TEST_STEP][PASSED] - click(findTestObject("Прогноз по отраслям/Переключить отображение с абс на проценты")): Object: 'Object Repository/Прогноз по отраслям/Переключить отображение с абс на проценты' is clicked on

08-11-2024T16:58:12 - [MESSAGE][PASSED] - Object: 'Object Repository/Прогноз по отраслям/Переключить отображение с абс на проценты' is clicked on

08-11-2024T16:58:12 - [TEST_STEP][PASSED] - i = a1.indexOf("млрд. кВт.ч."): null

08-11-2024T16:58:12 - [TEST_STEP][PASSED] - if (i > -1): null

08-11-2024T16:58:12 - [TEST_STEP][PASSED] - a1 = a1.substring(0, i) + a1.substring(i + 12, a1.length()): null

08-11-2024T16:58:12 - [TEST_STEP][PASSED] - i = a1.indexOf("Выручка, млрд. руб."): null

08-11-2024T16:58:12 - [TEST_STEP][PASSED] - if (i > -1): null

08-11-2024T16:58:12 - [TEST_STEP][PASSED] - i = a1.indexOf("Выручка"): null

08-11-2024T16:58:12 - [TEST_STEP][PASSED] - if (i > -1): null

08-11-2024T16:58:12 - [TEST_STEP][PASSED] - a1 = a1.substring(0, i) + a1.substring(i + 8, a1.length()): null

08-11-2024T16:58:12 - [TEST_STEP][PASSED] - i = a1.indexOf("по ПАО Россети на 2023 год"): null

08-11-2024T16:58:12 - [TEST_STEP][PASSED] - if (i > -1): null

08-11-2024T16:58:12 - [TEST_STEP][PASSED] - a1 = a1.substring(0, i) + a1.substring(i + 27, a1.length()): null

08-11-2024T16:58:12 - [TEST_STEP][PASSED] - i = a1.indexOf("Отклонения"): null

08-11-2024T16:58:12 - [TEST_STEP][PASSED] - if (i > -1): null

08-11-2024T16:58:12 - [TEST_STEP][PASSED] - a1 = a1.substring(0, i) + a1.substring(i + 11, a1.length()): null

08-11-2024T16:58:12 - [TEST_STEP][PASSED] - i = a1.indexOf("по ПАО Россети на 2023 год"): null

08-11-2024T16:58:12 - [TEST_STEP][PASSED] - if (i > -1): null

08-11-2024T16:58:12 - [TEST_STEP][PASSED] - a1 = a1.substring(0, i) + a1.substring(i + 27, a1.length()): null

08-11-2024T16:58:12 - [TEST_STEP][PASSED] - i = a1.indexOf("по ПАО Россети на 2023 год"): null

08-11-2024T16:58:12 - [TEST_STEP][PASSED] - if (i > -1): null

08-11-2024T16:58:12 - [TEST_STEP][PASSED] - a1 = a1.substring(0, i) + a1.substring(i + 27, a1.length()): null

08-11-2024T16:58:12 - [TEST_STEP][PASSED] - println(a1): null

08-11-2024T16:58:12 - [TEST_STEP][PASSED] - n = n + 35: null

08-11-2024T16:58:12 - [TEST_STEP][PASSED] - b = n - run + 1: null

08-11-2024T16:58:12 - [TEST_STEP][PASSED] - verifyEqual(findTestData("PlanFact").getValue(2, b), a1): Actual object 'Год 
2023 год
Сравнение с 
План
Динамика электропотребления,  10 10
190 190
36 36
14 14
9 9
14 14
4 4
17 17
80 80
19 19
82 82
588 588
10 10
197 197
37 37
48 48
10 10
15 15
4 4
18 18
80 80
19 19
82 82
608 608
План
Ожидаемое (прогноз по конца года)
Интер РАО (дляФСК)
Промышленныепотребители
Транспорт
Нефтедобыча
Нефтепереработка
Нефтепроводы
Газопроводы
Сельскоехозяйство ипищеваяпромышленность
Непромышленныепотребители
Государственные(муниципальные)организации ипрочиебюджетныепотребители
Население иприравненныегруппыпотребителей
Территориальныесетевыеорганизации
5 5
319 319
81 81
16 16
16 16
20 20
2 2
56 56
215 215
67 67
218 218
239 239
6 6
331 331
82 82
77 77
20 20
20 20
3 3
57 57
220 220
68 68
214 214
258 258
План
Ожидаемое (прогноз по конца года)
Интер РАО (дляФСК)
Промышленныепотребители
Транспорт
Нефтедобыча
Нефтепереработка
Нефтепроводы
Газопроводы
Сельскоехозяйство ипищеваяпромышленность
Непромышленныепотребители
Государственные(муниципальные)организации ипрочиебюджетныепотребители
Население иприравненныегруппыпотребителей
Территориальныесетевыеорганизации
-4.7% -4.7%
3.8% 3.8%
1.9% 1.9%
230.3% 230.3%
10.9% 10.9%
4.2% 4.2%
21.7% 21.7%
3.9% 3.9%
-0.6% -0.6%
1.6% 1.6%
-1.0% -1.0%
3.3% 3.3%
⬤ Отклонение, %
Интер РАО (для ФСК)
Промышленные потребители
Транспорт
Нефтедобыча
Нефтепереработка
Нефтепроводы
Газопроводы
Сельское хозяйство и пищевая пр…
Непромышленные потребители
Государственные (муниципальные…
Население и приравненные групп…
Территориальные сетевые органи…
Выручка отклонения по ПАО Россети на 2023 год
15.6% 15.6%
3.8% 3.8%
1.2% 1.2%
398.2% 398.2%
26.9% 26.9%
-0.6% -0.6%
26.9% 26.9%
1.5% 1.5%
2.7% 2.7%
2.0% 2.0%
-2.0% -2.0%
7.9% 7.9%
⬤ Отклонение, %
Интер РАО (для ФСК)
Промышленные потребители
Транспорт
Нефтедобыча
Нефтепереработка
Нефтепроводы
Газопроводы
Сельское хозяйство и пищевая пр…
Непромышленные потребители
Государственные (муниципальные…
Население и приравненные групп…
Территориальные сетевые органи…
абс.
%
Прогноз на месяц 
Ноябрь
КПО/Отпуск из сети 
Отпуск из сети, млн. кВт.ч
Организация 
Все
Прогноз электропотребления и выручки за услуги по передаче в разрезе отраслей' and expected object 'Год 
2023 год
Сравнение с 
План
Динамика электропотребления,  10 10
190 190
36 36
14 14
9 9
14 14
4 4
17 17
80 80
19 19
82 82
588 588
10 10
197 197
37 37
48 48
10 10
15 15
4 4
18 18
80 80
19 19
82 82
608 608
План
Ожидаемое (прогноз по конца года)
Интер РАО (дляФСК)
Промышленныепотребители
Транспорт
Нефтедобыча
Нефтепереработка
Нефтепроводы
Газопроводы
Сельскоехозяйство ипищеваяпромышленность
Непромышленныепотребители
Государственные(муниципальные)организации ипрочиебюджетныепотребители
Население иприравненныегруппыпотребителей
Территориальныесетевыеорганизации
5 5
319 319
81 81
16 16
16 16
20 20
2 2
56 56
215 215
67 67
218 218
239 239
6 6
331 331
82 82
77 77
20 20
20 20
3 3
57 57
220 220
68 68
214 214
258 258
План
Ожидаемое (прогноз по конца года)
Интер РАО (дляФСК)
Промышленныепотребители
Транспорт
Нефтедобыча
Нефтепереработка
Нефтепроводы
Газопроводы
Сельскоехозяйство ипищеваяпромышленность
Непромышленныепотребители
Государственные(муниципальные)организации ипрочиебюджетныепотребители
Население иприравненныегруппыпотребителей
Территориальныесетевыеорганизации
-4.7% -4.7%
3.8% 3.8%
1.9% 1.9%
230.3% 230.3%
10.9% 10.9%
4.2% 4.2%
21.7% 21.7%
3.9% 3.9%
-0.6% -0.6%
1.6% 1.6%
-1.0% -1.0%
3.3% 3.3%
⬤ Отклонение, %
Интер РАО (для ФСК)
Промышленные потребители
Транспорт
Нефтедобыча
Нефтепереработка
Нефтепроводы
Газопроводы
Сельское хозяйство и пищевая пр…
Непромышленные потребители
Государственные (муниципальные…
Население и приравненные групп…
Территориальные сетевые органи…
Выручка отклонения по ПАО Россети на 2023 год
15.6% 15.6%
3.8% 3.8%
1.2% 1.2%
398.2% 398.2%
26.9% 26.9%
-0.6% -0.6%
26.9% 26.9%
1.5% 1.5%
2.7% 2.7%
2.0% 2.0%
-2.0% -2.0%
7.9% 7.9%
⬤ Отклонение, %
Интер РАО (для ФСК)
Промышленные потребители
Транспорт
Нефтедобыча
Нефтепереработка
Нефтепроводы
Газопроводы
Сельское хозяйство и пищевая пр…
Непромышленные потребители
Государственные (муниципальные…
Население и приравненные групп…
Территориальные сетевые органи…
абс.
%
Прогноз на месяц 
Ноябрь
КПО/Отпуск из сети 
Отпуск из сети, млн. кВт.ч
Организация 
Все
Прогноз электропотребления и выручки за услуги по передаче в разрезе отраслей' are equal

08-11-2024T16:58:12 - [MESSAGE][PASSED] - Actual object 'Год 
2023 год
Сравнение с 
План
Динамика электропотребления,  10 10
190 190
36 36
14 14
9 9
14 14
4 4
17 17
80 80
19 19
82 82
588 588
10 10
197 197
37 37
48 48
10 10
15 15
4 4
18 18
80 80
19 19
82 82
608 608
План
Ожидаемое (прогноз по конца года)
Интер РАО (дляФСК)
Промышленныепотребители
Транспорт
Нефтедобыча
Нефтепереработка
Нефтепроводы
Газопроводы
Сельскоехозяйство ипищеваяпромышленность
Непромышленныепотребители
Государственные(муниципальные)организации ипрочиебюджетныепотребители
Население иприравненныегруппыпотребителей
Территориальныесетевыеорганизации
5 5
319 319
81 81
16 16
16 16
20 20
2 2
56 56
215 215
67 67
218 218
239 239
6 6
331 331
82 82
77 77
20 20
20 20
3 3
57 57
220 220
68 68
214 214
258 258
План
Ожидаемое (прогноз по конца года)
Интер РАО (дляФСК)
Промышленныепотребители
Транспорт
Нефтедобыча
Нефтепереработка
Нефтепроводы
Газопроводы
Сельскоехозяйство ипищеваяпромышленность
Непромышленныепотребители
Государственные(муниципальные)организации ипрочиебюджетныепотребители
Население иприравненныегруппыпотребителей
Территориальныесетевыеорганизации
-4.7% -4.7%
3.8% 3.8%
1.9% 1.9%
230.3% 230.3%
10.9% 10.9%
4.2% 4.2%
21.7% 21.7%
3.9% 3.9%
-0.6% -0.6%
1.6% 1.6%
-1.0% -1.0%
3.3% 3.3%
⬤ Отклонение, %
Интер РАО (для ФСК)
Промышленные потребители
Транспорт
Нефтедобыча
Нефтепереработка
Нефтепроводы
Газопроводы
Сельское хозяйство и пищевая пр…
Непромышленные потребители
Государственные (муниципальные…
Население и приравненные групп…
Территориальные сетевые органи…
Выручка отклонения по ПАО Россети на 2023 год
15.6% 15.6%
3.8% 3.8%
1.2% 1.2%
398.2% 398.2%
26.9% 26.9%
-0.6% -0.6%
26.9% 26.9%
1.5% 1.5%
2.7% 2.7%
2.0% 2.0%
-2.0% -2.0%
7.9% 7.9%
⬤ Отклонение, %
Интер РАО (для ФСК)
Промышленные потребители
Транспорт
Нефтедобыча
Нефтепереработка
Нефтепроводы
Газопроводы
Сельское хозяйство и пищевая пр…
Непромышленные потребители
Государственные (муниципальные…
Население и приравненные групп…
Территориальные сетевые органи…
абс.
%
Прогноз на месяц 
Ноябрь
КПО/Отпуск из сети 
Отпуск из сети, млн. кВт.ч
Организация 
Все
Прогноз электропотребления и выручки за услуги по передаче в разрезе отраслей' and expected object 'Год 
2023 год
Сравнение с 
План
Динамика электропотребления,  10 10
190 190
36 36
14 14
9 9
14 14
4 4
17 17
80 80
19 19
82 82
588 588
10 10
197 197
37 37
48 48
10 10
15 15
4 4
18 18
80 80
19 19
82 82
608 608
План
Ожидаемое (прогноз по конца года)
Интер РАО (дляФСК)
Промышленныепотребители
Транспорт
Нефтедобыча
Нефтепереработка
Нефтепроводы
Газопроводы
Сельскоехозяйство ипищеваяпромышленность
Непромышленныепотребители
Государственные(муниципальные)организации ипрочиебюджетныепотребители
Население иприравненныегруппыпотребителей
Территориальныесетевыеорганизации
5 5
319 319
81 81
16 16
16 16
20 20
2 2
56 56
215 215
67 67
218 218
239 239
6 6
331 331
82 82
77 77
20 20
20 20
3 3
57 57
220 220
68 68
214 214
258 258
План
Ожидаемое (прогноз по конца года)
Интер РАО (дляФСК)
Промышленныепотребители
Транспорт
Нефтедобыча
Нефтепереработка
Нефтепроводы
Газопроводы
Сельскоехозяйство ипищеваяпромышленность
Непромышленныепотребители
Государственные(муниципальные)организации ипрочиебюджетныепотребители
Население иприравненныегруппыпотребителей
Территориальныесетевыеорганизации
-4.7% -4.7%
3.8% 3.8%
1.9% 1.9%
230.3% 230.3%
10.9% 10.9%
4.2% 4.2%
21.7% 21.7%
3.9% 3.9%
-0.6% -0.6%
1.6% 1.6%
-1.0% -1.0%
3.3% 3.3%
⬤ Отклонение, %
Интер РАО (для ФСК)
Промышленные потребители
Транспорт
Нефтедобыча
Нефтепереработка
Нефтепроводы
Газопроводы
Сельское хозяйство и пищевая пр…
Непромышленные потребители
Государственные (муниципальные…
Население и приравненные групп…
Территориальные сетевые органи…
Выручка отклонения по ПАО Россети на 2023 год
15.6% 15.6%
3.8% 3.8%
1.2% 1.2%
398.2% 398.2%
26.9% 26.9%
-0.6% -0.6%
26.9% 26.9%
1.5% 1.5%
2.7% 2.7%
2.0% 2.0%
-2.0% -2.0%
7.9% 7.9%
⬤ Отклонение, %
Интер РАО (для ФСК)
Промышленные потребители
Транспорт
Нефтедобыча
Нефтепереработка
Нефтепроводы
Газопроводы
Сельское хозяйство и пищевая пр…
Непромышленные потребители
Государственные (муниципальные…
Население и приравненные групп…
Территориальные сетевые органи…
абс.
%
Прогноз на месяц 
Ноябрь
КПО/Отпуск из сети 
Отпуск из сети, млн. кВт.ч
Организация 
Все
Прогноз электропотребления и выручки за услуги по передаче в разрезе отраслей' are equal

08-11-2024T16:58:12 - [TEST_STEP][PASSED] - verifyEqual(findTestData("PlanFact").getValue(3, b), a2): Actual object 'Год 
2023 год
Сравнение с 
План
Отклонения по ПАО Россети на 2023 год
-492.2 -492.2
7 165.1 7 165.1
689.3 689.3
33 271.7 33 271.7
986.4 986.4
593.8 593.8
764.0 764.0
670.4 670.4
-592.4 -592.4
308.8 308.8
-940.9 -940.9
19 604.1 19 604.1
⬤ Отклонение, млн. кВт.ч
Интер РАО (для ФСК)
Промышленные потребители
Транспорт
Нефтедобыча
Нефтепереработка
Нефтепроводы
Газопроводы
Сельское хозяйство и пищевая пр…
Непромышленные потребители
Государственные (муниципальные…
Население и приравненные групп…
Территориальные сетевые органи…
Выручка отклонения по ПАО Россети на 2023 год
794.9 794.9
12 195.0 12 195.0
972.7 972.7
61 803.9 61 803.9
4 222.3 4 222.3
-121.8 -121.8
666.2 666.2
873.2 873.2
5 809.6 5 809.6
1 342.6 1 342.6
-4 463.2 -4 463.2
18 375.5 18 375.5
⬤ Отклонение, млн. руб.
Интер РАО (для ФСК)
Промышленные потребители
Транспорт
Нефтедобыча
Нефтепереработка
Нефтепроводы
Газопроводы
Сельское хозяйство и пищевая пр…
Непромышленные потребители
Государственные (муниципальные…
Население и приравненные групп…
Территориальные сетевые органи…
Динамика электропотребления, млрд. кВт.ч. по ПАО Россети на 2023 год
10 10
190 190
36 36
14 14
9 9
14 14
4 4
17 17
80 80
19 19
82 82
588 588
10 10
197 197
37 37
48 48
10 10
15 15
4 4
18 18
80 80
19 19
82 82
608 608
План
Ожидаемое (прогноз по конца года)
Интер РАО (дляФСК)
Промышленныепотребители
Транспорт
Нефтедобыча
Нефтепереработка
Нефтепроводы
Газопроводы
Сельскоехозяйство ипищеваяпромышленность
Непромышленныепотребители
Государственные(муниципальные)организации ипрочиебюджетныепотребители
Население иприравненныегруппыпотребителей
Территориальныесетевыеорганизации
Выручка по ПАО Россети на 2023 год
5 5
319 319
81 81
16 16
16 16
20 20
2 2
56 56
215 215
67 67
218 218
239 239
6 6
331 331
82 82
77 77
20 20
20 20
3 3
57 57
220 220
68 68
214 214
258 258
План
Ожидаемое (прогноз по конца года)
Интер РАО (дляФСК)
Промышленныепотребители
Транспорт
Нефтедобыча
Нефтепереработка
Нефтепроводы
Газопроводы
Сельскоехозяйство ипищеваяпромышленность
Непромышленныепотребители
Государственные(муниципальные)организации ипрочиебюджетныепотребители
Население иприравненныегруппыпотребителей
Территориальныесетевыеорганизации
абс.
%
Прогноз на месяц 
Ноябрь
КПО/Отпуск из сети 
Отпуск из сети, млн. кВт.ч
Организация 
Все
Прогноз электропотребления и выручки за услуги по передаче в разрезе отраслей' and expected object 'Год 
2023 год
Сравнение с 
План
Отклонения по ПАО Россети на 2023 год
-492.2 -492.2
7 165.1 7 165.1
689.3 689.3
33 271.7 33 271.7
986.4 986.4
593.8 593.8
764.0 764.0
670.4 670.4
-592.4 -592.4
308.8 308.8
-940.9 -940.9
19 604.1 19 604.1
⬤ Отклонение, млн. кВт.ч
Интер РАО (для ФСК)
Промышленные потребители
Транспорт
Нефтедобыча
Нефтепереработка
Нефтепроводы
Газопроводы
Сельское хозяйство и пищевая пр…
Непромышленные потребители
Государственные (муниципальные…
Население и приравненные групп…
Территориальные сетевые органи…
Выручка отклонения по ПАО Россети на 2023 год
794.9 794.9
12 195.0 12 195.0
972.7 972.7
61 803.9 61 803.9
4 222.3 4 222.3
-121.8 -121.8
666.2 666.2
873.2 873.2
5 809.6 5 809.6
1 342.6 1 342.6
-4 463.2 -4 463.2
18 375.5 18 375.5
⬤ Отклонение, млн. руб.
Интер РАО (для ФСК)
Промышленные потребители
Транспорт
Нефтедобыча
Нефтепереработка
Нефтепроводы
Газопроводы
Сельское хозяйство и пищевая пр…
Непромышленные потребители
Государственные (муниципальные…
Население и приравненные групп…
Территориальные сетевые органи…
Динамика электропотребления, млрд. кВт.ч. по ПАО Россети на 2023 год
10 10
190 190
36 36
14 14
9 9
14 14
4 4
17 17
80 80
19 19
82 82
588 588
10 10
197 197
37 37
48 48
10 10
15 15
4 4
18 18
80 80
19 19
82 82
608 608
План
Ожидаемое (прогноз по конца года)
Интер РАО (дляФСК)
Промышленныепотребители
Транспорт
Нефтедобыча
Нефтепереработка
Нефтепроводы
Газопроводы
Сельскоехозяйство ипищеваяпромышленность
Непромышленныепотребители
Государственные(муниципальные)организации ипрочиебюджетныепотребители
Население иприравненныегруппыпотребителей
Территориальныесетевыеорганизации
Выручка по ПАО Россети на 2023 год
5 5
319 319
81 81
16 16
16 16
20 20
2 2
56 56
215 215
67 67
218 218
239 239
6 6
331 331
82 82
77 77
20 20
20 20
3 3
57 57
220 220
68 68
214 214
258 258
План
Ожидаемое (прогноз по конца года)
Интер РАО (дляФСК)
Промышленныепотребители
Транспорт
Нефтедобыча
Нефтепереработка
Нефтепроводы
Газопроводы
Сельскоехозяйство ипищеваяпромышленность
Непромышленныепотребители
Государственные(муниципальные)организации ипрочиебюджетныепотребители
Население иприравненныегруппыпотребителей
Территориальныесетевыеорганизации
абс.
%
Прогноз на месяц 
Ноябрь
КПО/Отпуск из сети 
Отпуск из сети, млн. кВт.ч
Организация 
Все
Прогноз электропотребления и выручки за услуги по передаче в разрезе отраслей' are equal

08-11-2024T16:58:12 - [MESSAGE][PASSED] - Actual object 'Год 
2023 год
Сравнение с 
План
Отклонения по ПАО Россети на 2023 год
-492.2 -492.2
7 165.1 7 165.1
689.3 689.3
33 271.7 33 271.7
986.4 986.4
593.8 593.8
764.0 764.0
670.4 670.4
-592.4 -592.4
308.8 308.8
-940.9 -940.9
19 604.1 19 604.1
⬤ Отклонение, млн. кВт.ч
Интер РАО (для ФСК)
Промышленные потребители
Транспорт
Нефтедобыча
Нефтепереработка
Нефтепроводы
Газопроводы
Сельское хозяйство и пищевая пр…
Непромышленные потребители
Государственные (муниципальные…
Население и приравненные групп…
Территориальные сетевые органи…
Выручка отклонения по ПАО Россети на 2023 год
794.9 794.9
12 195.0 12 195.0
972.7 972.7
61 803.9 61 803.9
4 222.3 4 222.3
-121.8 -121.8
666.2 666.2
873.2 873.2
5 809.6 5 809.6
1 342.6 1 342.6
-4 463.2 -4 463.2
18 375.5 18 375.5
⬤ Отклонение, млн. руб.
Интер РАО (для ФСК)
Промышленные потребители
Транспорт
Нефтедобыча
Нефтепереработка
Нефтепроводы
Газопроводы
Сельское хозяйство и пищевая пр…
Непромышленные потребители
Государственные (муниципальные…
Население и приравненные групп…
Территориальные сетевые органи…
Динамика электропотребления, млрд. кВт.ч. по ПАО Россети на 2023 год
10 10
190 190
36 36
14 14
9 9
14 14
4 4
17 17
80 80
19 19
82 82
588 588
10 10
197 197
37 37
48 48
10 10
15 15
4 4
18 18
80 80
19 19
82 82
608 608
План
Ожидаемое (прогноз по конца года)
Интер РАО (дляФСК)
Промышленныепотребители
Транспорт
Нефтедобыча
Нефтепереработка
Нефтепроводы
Газопроводы
Сельскоехозяйство ипищеваяпромышленность
Непромышленныепотребители
Государственные(муниципальные)организации ипрочиебюджетныепотребители
Население иприравненныегруппыпотребителей
Территориальныесетевыеорганизации
Выручка по ПАО Россети на 2023 год
5 5
319 319
81 81
16 16
16 16
20 20
2 2
56 56
215 215
67 67
218 218
239 239
6 6
331 331
82 82
77 77
20 20
20 20
3 3
57 57
220 220
68 68
214 214
258 258
План
Ожидаемое (прогноз по конца года)
Интер РАО (дляФСК)
Промышленныепотребители
Транспорт
Нефтедобыча
Нефтепереработка
Нефтепроводы
Газопроводы
Сельскоехозяйство ипищеваяпромышленность
Непромышленныепотребители
Государственные(муниципальные)организации ипрочиебюджетныепотребители
Население иприравненныегруппыпотребителей
Территориальныесетевыеорганизации
абс.
%
Прогноз на месяц 
Ноябрь
КПО/Отпуск из сети 
Отпуск из сети, млн. кВт.ч
Организация 
Все
Прогноз электропотребления и выручки за услуги по передаче в разрезе отраслей' and expected object 'Год 
2023 год
Сравнение с 
План
Отклонения по ПАО Россети на 2023 год
-492.2 -492.2
7 165.1 7 165.1
689.3 689.3
33 271.7 33 271.7
986.4 986.4
593.8 593.8
764.0 764.0
670.4 670.4
-592.4 -592.4
308.8 308.8
-940.9 -940.9
19 604.1 19 604.1
⬤ Отклонение, млн. кВт.ч
Интер РАО (для ФСК)
Промышленные потребители
Транспорт
Нефтедобыча
Нефтепереработка
Нефтепроводы
Газопроводы
Сельское хозяйство и пищевая пр…
Непромышленные потребители
Государственные (муниципальные…
Население и приравненные групп…
Территориальные сетевые органи…
Выручка отклонения по ПАО Россети на 2023 год
794.9 794.9
12 195.0 12 195.0
972.7 972.7
61 803.9 61 803.9
4 222.3 4 222.3
-121.8 -121.8
666.2 666.2
873.2 873.2
5 809.6 5 809.6
1 342.6 1 342.6
-4 463.2 -4 463.2
18 375.5 18 375.5
⬤ Отклонение, млн. руб.
Интер РАО (для ФСК)
Промышленные потребители
Транспорт
Нефтедобыча
Нефтепереработка
Нефтепроводы
Газопроводы
Сельское хозяйство и пищевая пр…
Непромышленные потребители
Государственные (муниципальные…
Население и приравненные групп…
Территориальные сетевые органи…
Динамика электропотребления, млрд. кВт.ч. по ПАО Россети на 2023 год
10 10
190 190
36 36
14 14
9 9
14 14
4 4
17 17
80 80
19 19
82 82
588 588
10 10
197 197
37 37
48 48
10 10
15 15
4 4
18 18
80 80
19 19
82 82
608 608
План
Ожидаемое (прогноз по конца года)
Интер РАО (дляФСК)
Промышленныепотребители
Транспорт
Нефтедобыча
Нефтепереработка
Нефтепроводы
Газопроводы
Сельскоехозяйство ипищеваяпромышленность
Непромышленныепотребители
Государственные(муниципальные)организации ипрочиебюджетныепотребители
Население иприравненныегруппыпотребителей
Территориальныесетевыеорганизации
Выручка по ПАО Россети на 2023 год
5 5
319 319
81 81
16 16
16 16
20 20
2 2
56 56
215 215
67 67
218 218
239 239
6 6
331 331
82 82
77 77
20 20
20 20
3 3
57 57
220 220
68 68
214 214
258 258
План
Ожидаемое (прогноз по конца года)
Интер РАО (дляФСК)
Промышленныепотребители
Транспорт
Нефтедобыча
Нефтепереработка
Нефтепроводы
Газопроводы
Сельскоехозяйство ипищеваяпромышленность
Непромышленныепотребители
Государственные(муниципальные)организации ипрочиебюджетныепотребители
Население иприравненныегруппыпотребителей
Территориальныесетевыеорганизации
абс.
%
Прогноз на месяц 
Ноябрь
КПО/Отпуск из сети 
Отпуск из сети, млн. кВт.ч
Организация 
Все
Прогноз электропотребления и выручки за услуги по передаче в разрезе отраслей' are equal

08-11-2024T16:58:12 - [TEST_STEP][PASSED] - Script1686231490255.WriteToExcel(user, dashboardName, n, data, run, a1, a2, a3, a4, a5, a6, a7, a8, a9): null

08-11-2024T16:58:12 - [TEST_STEP][PASSED] - sheetName = "Sheet1": null

08-11-2024T16:58:12 - [TEST_STEP][PASSED] - workbook01 = getWorkbook(excelFilePath): null

08-11-2024T16:58:12 - [TEST_STEP][PASSED] - sheet01 = getExcelSheet(workbook01, sheetName): null

08-11-2024T16:58:12 - [TEST_STEP][PASSED] - setValueToCellByIndex(sheet01, n, 0, dashboardName): null

08-11-2024T16:58:12 - [TEST_STEP][PASSED] - setValueToCellByIndex(sheet01, n, 10, user): null

08-11-2024T16:58:12 - [TEST_STEP][PASSED] - setValueToCellByIndex(sheet01, n, 1, a1): null

08-11-2024T16:58:12 - [TEST_STEP][PASSED] - setValueToCellByIndex(sheet01, n, 2, a2): null

08-11-2024T16:58:12 - [TEST_STEP][PASSED] - setValueToCellByIndex(sheet01, n, 3, a3): null

08-11-2024T16:58:12 - [TEST_STEP][PASSED] - setValueToCellByIndex(sheet01, n, 4, a4): null

08-11-2024T16:58:12 - [TEST_STEP][PASSED] - setValueToCellByIndex(sheet01, n, 5, a5): null

08-11-2024T16:58:12 - [TEST_STEP][PASSED] - setValueToCellByIndex(sheet01, n, 6, a6): null

08-11-2024T16:58:12 - [TEST_STEP][PASSED] - setValueToCellByIndex(sheet01, n, 7, a7): null

08-11-2024T16:58:12 - [TEST_STEP][PASSED] - setValueToCellByIndex(sheet01, n, 8, a8): null

08-11-2024T16:58:12 - [TEST_STEP][PASSED] - setValueToCellByIndex(sheet01, n, 9, a9): null

08-11-2024T16:58:12 - [TEST_STEP][PASSED] - n = n + 1: null

08-11-2024T16:58:12 - [TEST_STEP][PASSED] - saveWorkbook(excelFilePath, workbook01): null

08-11-2024T16:58:13 - [TEST_STEP][PASSED] - closeBrowser(): Browser is closed

08-11-2024T16:58:13 - [MESSAGE][PASSED] - Browser is closed]]></system-out>
         <system-err><![CDATA[]]></system-err>
      </testcase>
      <system-out><![CDATA[08-11-2024T13:37:04 - [TEST_SUITE][PASSED] - Блок руководителя под разными учётками: Test Cases/Сверки дашбордов/Блок руководителя сверка дашбордов под разными учётками]]></system-out>
      <system-err><![CDATA[]]></system-err>
   </testsuite>
</testsuites>
