<?xml version="1.0" encoding="UTF-8"?>
<testsuites name="Сверка с ПБЭ" time="2567.222" tests="1" failures="1" errors="0">
   <testsuite name="Сверка с ПБЭ" tests="1" failures="1" errors="0" time="2567.222" skipped="0" timestamp="16-10-2024T08:41:34" hostname="liazgina-di - UVV-WS904-D.ot.ru" id="Test Suites/Пн-Ср-Пт/Сверка с ПБЭ">
      <properties>
         <property name="deviceName" value=""/>
         <property name="devicePlatform"/>
         <property name="logFolder" value="C:\\Users\\LIAZGINA-DI\\git\\SPORU\\Reports\\20241016_084129\\\u041F\u043D-\u0421\u0440-\u041F\u0442\\\u0421\u0432\u0435\u0440\u043A\u0430 \u0441 \u041F\u0411\u042D\\20241016_084129"/>
         <property name="logFiles" value="C:\\Users\\LIAZGINA-DI\\git\\SPORU\\Reports\\20241016_084129\\\u041F\u043D-\u0421\u0440-\u041F\u0442\\\u0421\u0432\u0435\u0440\u043A\u0430 \u0441 \u041F\u0411\u042D\\20241016_084129\\execution0.log, C:\\Users\\LIAZGINA-DI\\git\\SPORU\\Reports\\20241016_084129\\\u041F\u043D-\u0421\u0440-\u041F\u0442\\\u0421\u0432\u0435\u0440\u043A\u0430 \u0441 \u041F\u0411\u042D\\20241016_084129\\execution1.log"/>
         <property name="attachments" value=""/>
         <property name="hostName" value="liazgina-di - UVV-WS904-D.ot.ru"/>
         <property name="os" value="Windows 10 64bit"/>
         <property name="katalonVersion" value="9.5.0.217"/>
         <property name="browser" value="Chrome 129.0.0.0"/>
         <property name="hostAddress" value="192.168.0.19"/>
         <property name="sessionId" value="f7198f4b5179ed3e423f6022f9de02f9"/>
         <property name="seleniumVersion" value="3.141.59"/>
         <property name="proxyInformation" value="ProxyInformation { proxyOption=NO_PROXY, proxyServerType=HTTP, username=, password=********, proxyServerAddress=, proxyServerPort=0, executionList=&quot;&quot;, isApplyToDesiredCapabilities=true }"/>
         <property name="platform" value="Windows 10"/>
      </properties>
      <testcase name="Test Cases/Выполнение бизнес-плана/Выполнение бизнес-плана Сверка ПАО Россети все филиалы" time="2567.019" classname="Test Cases/Выполнение бизнес-плана/Выполнение бизнес-плана Сверка ПАО Россети все филиалы" status="FAILED">
         <failure type="FAILED" message="Test Cases/Выполнение бизнес-плана/Выполнение бизнес-плана Сверка ПАО Россети все филиалы FAILED.&#xa;Reason:&#xa;com.kms.katalon.core.exception.StepFailedException: Unable to verify equal between actual object '6' and expected object '0' (Root cause: com.kms.katalon.core.exception.StepFailedException: Actual object '6' and expected object '0' are not equal&#xa;	at com.kms.katalon.core.keyword.builtin.VerifyEqualKeyword$_verifyEqual_closure1.doCall(VerifyEqualKeyword.groovy:58)&#xa;	at com.kms.katalon.core.keyword.builtin.VerifyEqualKeyword$_verifyEqual_closure1.call(VerifyEqualKeyword.groovy)&#xa;	at com.kms.katalon.core.keyword.internal.KeywordMain.runKeyword(KeywordMain.groovy:75)&#xa;	at com.kms.katalon.core.keyword.builtin.VerifyEqualKeyword.verifyEqual(VerifyEqualKeyword.groovy:63)&#xa;	at com.kms.katalon.core.keyword.builtin.VerifyEqualKeyword.execute(VerifyEqualKeyword.groovy:44)&#xa;	at com.kms.katalon.core.keyword.internal.KeywordExecutor.executeKeywordForPlatform(KeywordExecutor.groovy:74)&#xa;	at com.kms.katalon.core.keyword.BuiltinKeywords.verifyEqual(BuiltinKeywords.groovy:146)&#xa;	at java.base/jdk.internal.reflect.NativeMethodAccessorImpl.invoke0(Native Method)&#xa;	at java.base/jdk.internal.reflect.NativeMethodAccessorImpl.invoke(NativeMethodAccessorImpl.java:77)&#xa;	at java.base/jdk.internal.reflect.DelegatingMethodAccessorImpl.invoke(DelegatingMethodAccessorImpl.java:43)&#xa;	at Выполнение бизнес-плана Сверка ПАО Россети все филиалы.Numbers(Выполнение бизнес-плана Сверка ПАО Россети все филиалы:749)&#xa;	at Выполнение бизнес-плана Сверка ПАО Россети все филиалы.run(Выполнение бизнес-плана Сверка ПАО Россети все филиалы:198)&#xa;	at com.kms.katalon.core.main.ScriptEngine.run(ScriptEngine.java:194)&#xa;	at com.kms.katalon.core.main.ScriptEngine.runScriptAsRawText(ScriptEngine.java:119)&#xa;	at com.kms.katalon.core.main.TestCaseExecutor.runScript(TestCaseExecutor.java:448)&#xa;	at com.kms.katalon.core.main.TestCaseExecutor.doExecute(TestCaseExecutor.java:439)&#xa;	at com.kms.katalon.core.main.TestCaseExecutor.processExecutionPhase(TestCaseExecutor.java:418)&#xa;	at com.kms.katalon.core.main.TestCaseExecutor.accessMainPhase(TestCaseExecutor.java:410)&#xa;	at com.kms.katalon.core.main.TestCaseExecutor.execute(TestCaseExecutor.java:285)&#xa;	at com.kms.katalon.core.common.CommonExecutor.accessTestCaseMainPhase(CommonExecutor.java:65)&#xa;	at com.kms.katalon.core.main.TestSuiteExecutor.accessTestSuiteMainPhase(TestSuiteExecutor.java:150)&#xa;	at com.kms.katalon.core.main.TestSuiteExecutor.execute(TestSuiteExecutor.java:106)&#xa;	at com.kms.katalon.core.main.TestCaseMain.startTestSuite(TestCaseMain.java:180)&#xa;	at TempTestSuite1729057289574.run(TempTestSuite1729057289574.groovy:35)&#xa;	at java.base/jdk.internal.reflect.NativeMethodAccessorImpl.invoke0(Native Method)&#xa;	at java.base/jdk.internal.reflect.NativeMethodAccessorImpl.invoke(NativeMethodAccessorImpl.java:77)&#xa;	at java.base/jdk.internal.reflect.DelegatingMethodAccessorImpl.invoke(DelegatingMethodAccessorImpl.java:43)&#xa;)&#xa;	at com.kms.katalon.core.keyword.internal.KeywordMain.stepFailed(KeywordMain.groovy:39)&#xa;	at com.kms.katalon.core.keyword.internal.KeywordMain.stepFailed(KeywordMain.groovy)&#xa;	at com.kms.katalon.core.keyword.internal.KeywordMain.runKeyword(KeywordMain.groovy:77)&#xa;	at com.kms.katalon.core.keyword.builtin.VerifyEqualKeyword.verifyEqual(VerifyEqualKeyword.groovy:63)&#xa;	at com.kms.katalon.core.keyword.builtin.VerifyEqualKeyword.execute(VerifyEqualKeyword.groovy:44)&#xa;	at com.kms.katalon.core.keyword.internal.KeywordExecutor.executeKeywordForPlatform(KeywordExecutor.groovy:74)&#xa;	at com.kms.katalon.core.keyword.BuiltinKeywords.verifyEqual(BuiltinKeywords.groovy:146)&#xa;	at java.base/jdk.internal.reflect.NativeMethodAccessorImpl.invoke0(Native Method)&#xa;	at java.base/jdk.internal.reflect.NativeMethodAccessorImpl.invoke(NativeMethodAccessorImpl.java:77)&#xa;	at java.base/jdk.internal.reflect.DelegatingMethodAccessorImpl.invoke(DelegatingMethodAccessorImpl.java:43)&#xa;	at Выполнение бизнес-плана Сверка ПАО Россети все филиалы.Numbers(Выполнение бизнес-плана Сверка ПАО Россети все филиалы:749)&#xa;	at Выполнение бизнес-плана Сверка ПАО Россети все филиалы.run(Выполнение бизнес-плана Сверка ПАО Россети все филиалы:198)&#xa;	at com.kms.katalon.core.main.ScriptEngine.run(ScriptEngine.java:194)&#xa;	at com.kms.katalon.core.main.ScriptEngine.runScriptAsRawText(ScriptEngine.java:119)&#xa;	at com.kms.katalon.core.main.TestCaseExecutor.runScript(TestCaseExecutor.java:448)&#xa;	at com.kms.katalon.core.main.TestCaseExecutor.doExecute(TestCaseExecutor.java:439)&#xa;	at com.kms.katalon.core.main.TestCaseExecutor.processExecutionPhase(TestCaseExecutor.java:418)&#xa;	at com.kms.katalon.core.main.TestCaseExecutor.accessMainPhase(TestCaseExecutor.java:410)&#xa;	at com.kms.katalon.core.main.TestCaseExecutor.execute(TestCaseExecutor.java:285)&#xa;	at com.kms.katalon.core.common.CommonExecutor.accessTestCaseMainPhase(CommonExecutor.java:65)&#xa;	at com.kms.katalon.core.main.TestSuiteExecutor.accessTestSuiteMainPhase(TestSuiteExecutor.java:150)&#xa;	at com.kms.katalon.core.main.TestSuiteExecutor.execute(TestSuiteExecutor.java:106)&#xa;	at com.kms.katalon.core.main.TestCaseMain.startTestSuite(TestCaseMain.java:180)&#xa;	at TempTestSuite1729057289574.run(TempTestSuite1729057289574.groovy:35)&#xa;	at java.base/jdk.internal.reflect.NativeMethodAccessorImpl.invoke0(Native Method)&#xa;	at java.base/jdk.internal.reflect.NativeMethodAccessorImpl.invoke(NativeMethodAccessorImpl.java:77)&#xa;	at java.base/jdk.internal.reflect.DelegatingMethodAccessorImpl.invoke(DelegatingMethodAccessorImpl.java:43)&#xa;Caused by: com.kms.katalon.core.exception.StepFailedException: Actual object '6' and expected object '0' are not equal&#xa;	at com.kms.katalon.core.keyword.builtin.VerifyEqualKeyword$_verifyEqual_closure1.doCall(VerifyEqualKeyword.groovy:58)&#xa;	at com.kms.katalon.core.keyword.builtin.VerifyEqualKeyword$_verifyEqual_closure1.call(VerifyEqualKeyword.groovy)&#xa;	at com.kms.katalon.core.keyword.internal.KeywordMain.runKeyword(KeywordMain.groovy:75)&#xa;	... 24 more&#xa;"/>
         <system-out><![CDATA[16-10-2024T08:41:34 - [TEST_CASE][FAILED] - Test Cases/Выполнение бизнес-плана/Выполнение бизнес-плана Сверка ПАО Россети все филиалы: Test Cases/Выполнение бизнес-плана/Выполнение бизнес-плана Сверка ПАО Россети все филиалы FAILED.
Reason:
com.kms.katalon.core.exception.StepFailedException: Unable to verify equal between actual object '6' and expected object '0' (Root cause: com.kms.katalon.core.exception.StepFailedException: Actual object '6' and expected object '0' are not equal
	at com.kms.katalon.core.keyword.builtin.VerifyEqualKeyword$_verifyEqual_closure1.doCall(VerifyEqualKeyword.groovy:58)
	at com.kms.katalon.core.keyword.builtin.VerifyEqualKeyword$_verifyEqual_closure1.call(VerifyEqualKeyword.groovy)
	at com.kms.katalon.core.keyword.internal.KeywordMain.runKeyword(KeywordMain.groovy:75)
	at com.kms.katalon.core.keyword.builtin.VerifyEqualKeyword.verifyEqual(VerifyEqualKeyword.groovy:63)
	at com.kms.katalon.core.keyword.builtin.VerifyEqualKeyword.execute(VerifyEqualKeyword.groovy:44)
	at com.kms.katalon.core.keyword.internal.KeywordExecutor.executeKeywordForPlatform(KeywordExecutor.groovy:74)
	at com.kms.katalon.core.keyword.BuiltinKeywords.verifyEqual(BuiltinKeywords.groovy:146)
	at java.base/jdk.internal.reflect.NativeMethodAccessorImpl.invoke0(Native Method)
	at java.base/jdk.internal.reflect.NativeMethodAccessorImpl.invoke(NativeMethodAccessorImpl.java:77)
	at java.base/jdk.internal.reflect.DelegatingMethodAccessorImpl.invoke(DelegatingMethodAccessorImpl.java:43)
	at Выполнение бизнес-плана Сверка ПАО Россети все филиалы.Numbers(Выполнение бизнес-плана Сверка ПАО Россети все филиалы:749)
	at Выполнение бизнес-плана Сверка ПАО Россети все филиалы.run(Выполнение бизнес-плана Сверка ПАО Россети все филиалы:198)
	at com.kms.katalon.core.main.ScriptEngine.run(ScriptEngine.java:194)
	at com.kms.katalon.core.main.ScriptEngine.runScriptAsRawText(ScriptEngine.java:119)
	at com.kms.katalon.core.main.TestCaseExecutor.runScript(TestCaseExecutor.java:448)
	at com.kms.katalon.core.main.TestCaseExecutor.doExecute(TestCaseExecutor.java:439)
	at com.kms.katalon.core.main.TestCaseExecutor.processExecutionPhase(TestCaseExecutor.java:418)
	at com.kms.katalon.core.main.TestCaseExecutor.accessMainPhase(TestCaseExecutor.java:410)
	at com.kms.katalon.core.main.TestCaseExecutor.execute(TestCaseExecutor.java:285)
	at com.kms.katalon.core.common.CommonExecutor.accessTestCaseMainPhase(CommonExecutor.java:65)
	at com.kms.katalon.core.main.TestSuiteExecutor.accessTestSuiteMainPhase(TestSuiteExecutor.java:150)
	at com.kms.katalon.core.main.TestSuiteExecutor.execute(TestSuiteExecutor.java:106)
	at com.kms.katalon.core.main.TestCaseMain.startTestSuite(TestCaseMain.java:180)
	at TempTestSuite1729057289574.run(TempTestSuite1729057289574.groovy:35)
	at java.base/jdk.internal.reflect.NativeMethodAccessorImpl.invoke0(Native Method)
	at java.base/jdk.internal.reflect.NativeMethodAccessorImpl.invoke(NativeMethodAccessorImpl.java:77)
	at java.base/jdk.internal.reflect.DelegatingMethodAccessorImpl.invoke(DelegatingMethodAccessorImpl.java:43)
)
	at com.kms.katalon.core.keyword.internal.KeywordMain.stepFailed(KeywordMain.groovy:39)
	at com.kms.katalon.core.keyword.internal.KeywordMain.stepFailed(KeywordMain.groovy)
	at com.kms.katalon.core.keyword.internal.KeywordMain.runKeyword(KeywordMain.groovy:77)
	at com.kms.katalon.core.keyword.builtin.VerifyEqualKeyword.verifyEqual(VerifyEqualKeyword.groovy:63)
	at com.kms.katalon.core.keyword.builtin.VerifyEqualKeyword.execute(VerifyEqualKeyword.groovy:44)
	at com.kms.katalon.core.keyword.internal.KeywordExecutor.executeKeywordForPlatform(KeywordExecutor.groovy:74)
	at com.kms.katalon.core.keyword.BuiltinKeywords.verifyEqual(BuiltinKeywords.groovy:146)
	at java.base/jdk.internal.reflect.NativeMethodAccessorImpl.invoke0(Native Method)
	at java.base/jdk.internal.reflect.NativeMethodAccessorImpl.invoke(NativeMethodAccessorImpl.java:77)
	at java.base/jdk.internal.reflect.DelegatingMethodAccessorImpl.invoke(DelegatingMethodAccessorImpl.java:43)
	at Выполнение бизнес-плана Сверка ПАО Россети все филиалы.Numbers(Выполнение бизнес-плана Сверка ПАО Россети все филиалы:749)
	at Выполнение бизнес-плана Сверка ПАО Россети все филиалы.run(Выполнение бизнес-плана Сверка ПАО Россети все филиалы:198)
	at com.kms.katalon.core.main.ScriptEngine.run(ScriptEngine.java:194)
	at com.kms.katalon.core.main.ScriptEngine.runScriptAsRawText(ScriptEngine.java:119)
	at com.kms.katalon.core.main.TestCaseExecutor.runScript(TestCaseExecutor.java:448)
	at com.kms.katalon.core.main.TestCaseExecutor.doExecute(TestCaseExecutor.java:439)
	at com.kms.katalon.core.main.TestCaseExecutor.processExecutionPhase(TestCaseExecutor.java:418)
	at com.kms.katalon.core.main.TestCaseExecutor.accessMainPhase(TestCaseExecutor.java:410)
	at com.kms.katalon.core.main.TestCaseExecutor.execute(TestCaseExecutor.java:285)
	at com.kms.katalon.core.common.CommonExecutor.accessTestCaseMainPhase(CommonExecutor.java:65)
	at com.kms.katalon.core.main.TestSuiteExecutor.accessTestSuiteMainPhase(TestSuiteExecutor.java:150)
	at com.kms.katalon.core.main.TestSuiteExecutor.execute(TestSuiteExecutor.java:106)
	at com.kms.katalon.core.main.TestCaseMain.startTestSuite(TestCaseMain.java:180)
	at TempTestSuite1729057289574.run(TempTestSuite1729057289574.groovy:35)
	at java.base/jdk.internal.reflect.NativeMethodAccessorImpl.invoke0(Native Method)
	at java.base/jdk.internal.reflect.NativeMethodAccessorImpl.invoke(NativeMethodAccessorImpl.java:77)
	at java.base/jdk.internal.reflect.DelegatingMethodAccessorImpl.invoke(DelegatingMethodAccessorImpl.java:43)
Caused by: com.kms.katalon.core.exception.StepFailedException: Actual object '6' and expected object '0' are not equal
	at com.kms.katalon.core.keyword.builtin.VerifyEqualKeyword$_verifyEqual_closure1.doCall(VerifyEqualKeyword.groovy:58)
	at com.kms.katalon.core.keyword.builtin.VerifyEqualKeyword$_verifyEqual_closure1.call(VerifyEqualKeyword.groovy)
	at com.kms.katalon.core.keyword.internal.KeywordMain.runKeyword(KeywordMain.groovy:75)
	... 24 more


16-10-2024T08:41:35 - [TEST_STEP][PASSED] - openBrowser(""): Browser is opened with url: ''

16-10-2024T08:41:36 - [MESSAGE][INFO] - Starting 'Chrome' driver

16-10-2024T08:41:36 - [MESSAGE][INFO] - Action delay is set to 0 milliseconds

16-10-2024T08:41:38 - [MESSAGE][PASSED] - Browser is opened with url: ''

16-10-2024T08:41:38 - [TEST_STEP][PASSED] - date = new java.util.Date(): null

16-10-2024T08:41:38 - [TEST_STEP][PASSED] - todaysDate = date.format("dd.MM.yyyy"): null

16-10-2024T08:41:38 - [TEST_STEP][PASSED] - dZO = <not implemented yet for class: org.codehaus.groovy.ast.expr.EmptyExpression>: null

16-10-2024T08:41:38 - [TEST_STEP][PASSED] - a = <not implemented yet for class: org.codehaus.groovy.ast.expr.EmptyExpression>: null

16-10-2024T08:41:38 - [TEST_STEP][PASSED] - fileperc = <not implemented yet for class: org.codehaus.groovy.ast.expr.EmptyExpression>: null

16-10-2024T08:41:38 - [TEST_STEP][PASSED] - pageperc = <not implemented yet for class: org.codehaus.groovy.ast.expr.EmptyExpression>: null

16-10-2024T08:41:38 - [TEST_STEP][PASSED] - pageInt = <not implemented yet for class: org.codehaus.groovy.ast.expr.EmptyExpression>: null

16-10-2024T08:41:38 - [TEST_STEP][PASSED] - fileInt = <not implemented yet for class: org.codehaus.groovy.ast.expr.EmptyExpression>: null

16-10-2024T08:41:38 - [TEST_STEP][PASSED] - pageDouble = <not implemented yet for class: org.codehaus.groovy.ast.expr.EmptyExpression>: null

16-10-2024T08:41:38 - [TEST_STEP][PASSED] - fileDouble = <not implemented yet for class: org.codehaus.groovy.ast.expr.EmptyExpression>: null

16-10-2024T08:41:38 - [TEST_STEP][PASSED] - typeOfData = <not implemented yet for class: org.codehaus.groovy.ast.expr.EmptyExpression>: null

16-10-2024T08:41:38 - [TEST_STEP][PASSED] - dzoNum = 0: null

16-10-2024T08:41:38 - [TEST_STEP][PASSED] - filialNum = 0: null

16-10-2024T08:41:38 - [TEST_STEP][PASSED] - urlText = <not implemented yet for class: org.codehaus.groovy.ast.expr.EmptyExpression>: null

16-10-2024T08:41:38 - [TEST_STEP][PASSED] - searchWord = <not implemented yet for class: org.codehaus.groovy.ast.expr.EmptyExpression>: null

16-10-2024T08:41:38 - [TEST_STEP][PASSED] - i = <not implemented yet for class: org.codehaus.groovy.ast.expr.EmptyExpression>: null

16-10-2024T08:41:38 - [TEST_STEP][PASSED] - ii = <not implemented yet for class: org.codehaus.groovy.ast.expr.EmptyExpression>: null

16-10-2024T08:41:38 - [TEST_STEP][PASSED] - navigateToUrl(findTestData("PlanFact").getValue(10, 1)): Navigate to 'https://bi.rosseti.digital/viewer?dashboardGuid=d154a8eaf6824e2b9de1bb04dd061c18&sheetGuid=1305e8ce744049e1abdacea1ea397a26&fit=true' successfully

16-10-2024T08:41:50 - [MESSAGE][PASSED] - Navigate to 'https://bi.rosseti.digital/viewer?dashboardGuid=d154a8eaf6824e2b9de1bb04dd061c18&sheetGuid=1305e8ce744049e1abdacea1ea397a26&fit=true' successfully

16-10-2024T08:41:50 - [TEST_STEP][PASSED] - urlText = getText(findTestObject("Страница авторизации/Text")): Text of object 'Object Repository/Страница авторизации/Text' is: 'Вход'

16-10-2024T08:41:50 - [MESSAGE][PASSED] - Text of object 'Object Repository/Страница авторизации/Text' is: 'Вход'

16-10-2024T08:41:50 - [TEST_STEP][PASSED] - delay(20): Delayed 20 second(s)

16-10-2024T08:42:11 - [MESSAGE][PASSED] - Delayed 20 second(s)

16-10-2024T08:42:11 - [TEST_STEP][PASSED] - searchWord = "Вход": null

16-10-2024T08:42:11 - [TEST_STEP][PASSED] - if (urlText.contains(searchWord) == false): null

16-10-2024T08:42:11 - [TEST_STEP][PASSED] - setText(findTestObject("Страница авторизации/input__username"), findTestData("PlanFact").getValue(8, 1)): Text 'shekhov-aa' is set on object 'Object Repository/Страница авторизации/input__username'

16-10-2024T08:42:11 - [MESSAGE][PASSED] - Text 'shekhov-aa' is set on object 'Object Repository/Страница авторизации/input__username'

16-10-2024T08:42:11 - [TEST_STEP][PASSED] - setText(findTestObject("Страница авторизации/input__password"), findTestData("PlanFact").getValue(9, 1)): Text 'i)RpQLLlXv9gUDC9' is set on object 'Object Repository/Страница авторизации/input__password'

16-10-2024T08:42:12 - [MESSAGE][PASSED] - Text 'i)RpQLLlXv9gUDC9' is set on object 'Object Repository/Страница авторизации/input__password'

16-10-2024T08:42:12 - [TEST_STEP][PASSED] - click(findTestObject("Страница авторизации/button_")): Object: 'Object Repository/Страница авторизации/button_' is clicked on

16-10-2024T08:42:15 - [MESSAGE][PASSED] - Object: 'Object Repository/Страница авторизации/button_' is clicked on

16-10-2024T08:42:15 - [TEST_STEP][PASSED] - delay(50): Delayed 50 second(s)

16-10-2024T08:43:05 - [MESSAGE][PASSED] - Delayed 50 second(s)

16-10-2024T08:43:05 - [TEST_STEP][PASSED] - searchWord = "ДЗО": null

16-10-2024T08:43:05 - [TEST_STEP][PASSED] - urlText = getText(findTestObject("Страница авторизации/Text")): Text of object 'Object Repository/Страница авторизации/Text' is: 'ДЗО 
Все
Период
1, 2 кв., Июль, Август 2024 года
Отклонения фактического уровня потерь от бизнес-плана, п.п.
-0.00
4.08
3.97
-0.09
0.08
-0.42
-0.19
АО «Тываэнерго»
АО «Чеченэнерго»
Россети Северный Кавказ
Россети Сибирь
Россети Тюмень
Россети Центр (ГК)
Россети Центр и Приволжье (ГК)
-1
0
1
2
3
4
5
6
7

Уровень потерь электроэнергии
АО «Тываэнерго»
АО «Чеченэнерго»
Россети Северный Кавказ
Россети Сибирь
Россети Тюмень
Россети Центр (ГК)
Россети Центр и Приволжье (ГК)
0
10
20
30
40
50
60
70
21.66
|
33.46
24.18
6.96
|
2.52
10.14
|
6.93
|
21.65
37.54
|
28.15
|
6.88
2.60
|
9.71
6.73
п.п.
0.08
Итого
0
0.025
0.05
0.075
0.1
%
5.34 5.34
5.33 5.33
План
Факт
1
100

● Бизнес-план выполнен● ●● Превышение бизнес-плана
Отклонения фактического уровня потерь от бизнес-плана за 3 месяца (нарастающим итогом), п.п.
-0.0-0.0
3.13.1
3.73.7
-0.1-0.1
0.10.1
-0.5-0.5
-0.1-0.1
0.10.1
3.73.7
3.83.8
-0.1-0.1
0.10.1
-0.5-0.5
-0.2-0.2
-0.0-0.0
4.14.1
4.04.0
-0.1-0.1
0.10.1
-0.4-0.4
-0.2-0.2
Россети ФСКЕЭС
АО«Тываэнерго»
АО«Чеченэнерго»
Россети Волга
РоссетиКубань
РоссетиЛенэнерго (ГК)
РоссетиМосковскийрегион
РоссетиСеверныйКавказ (ГК)
Россети Северо-Запад
Россети Сибирь(ГК)
Россети Томск
Россети Тюмень
Россети Урал(ГК)
Россети Центр
Россети Центр иПриволжье (ГК)
Россети Юг (Г…
РоссетиЯнтарь
0
-5
5
п.п.
Отклонения фактического уровня потерь от бизнес-плана за 3 месяца (нарастающим итогом)
-0.2-0.2
-0.4-0.4
1.11.1
-0.0-0.0
-0.6-0.6
-0.3-0.3
4.14.1
-1.8-1.8
-0.1-0.1
-0.3-0.3
-0.1-0.1
-0.0-0.0
-0.6-0.6
-0.5-0.5
7.47.4
-0.0-0.0
13.113.1
-0.2-0.2
-0.4-0.4
1.01.0
0.10.1
-0.1-0.1
-0.3-0.3
4.14.1
-1.9-1.9
-0.2-0.2
-0.5-0.5
-0.1-0.1
0.40.4
-0.7-0.7
-0.4-0.4
7.97.9
0.10.1
13.113.1
-0.2-0.2
-0.3-0.3
1.01.0
-0.0-0.0
0.20.2
-0.1-0.1
4.24.2
-1.7-1.7
-0.1-0.1
-0.3-0.3
-0.1-0.1
0.30.3
-0.7-0.7
-0.4-0.4
8.48.4
0.20.2
13.213.2
Итого по ФСК ЕЭС
Каббалкэнерго
Калмэнерго
Калугаэнерго
Карачаево-Черкесскэнерго
АО "Кинешемская электросеть"
АО "Тываэнерго"
АО «ВМЭС»
АО «Воронежская горэлектросеть»
АО «Тульские городские электрические сети»
АО «Чеченэнерго»
АО «Ярославская электросетевая компания»
АО ЕЭСК
Алтайэнерго
Архангельский филиал
Астраханьэнерго
Белгородэнерго
Брянскэнерго
Бурятэнерго
Владимирэнерго
Волгоградэнерго
Вологодский филиал
Воронежэнерго
Дагэнерго
Ивэнерго
Ингушэнерго
-5
15

Статус данных
Просьба обратить внимание
— все данные не занесены
Факт
План
Итого – Факт
Отпуск в сеть 173 160 932
Отпуск из сети 157 395 559
Потери 15 765 373
Итого – План
Отпуск в сеть 168 375 483
Отпуск из сети 153 752 770
Потери 14 622 713
Выполнение бизнес-плана в части показателя «Уровень потерь электроэнергии»
Показатели баланса электроэнергии по ДЗО – Факт 
517 040 2 784 252 15 734 909 42 077 522 35 166 539 40 032 969 36 847 701
405 099 1 738 957 11 305 954 39 183 294 34 250 957 36 144 550 34 366 748
111 941 1 045 295 4 428 955 2 894 228 915 582 3 888 420 2 480 953
Показатели баланса электроэнергии по ДЗО – План
494 696 2 583 877 14 755 136 40 335 504 36 273 204 38 560 890 35 372 175
387 568 1 719 315 11 187 191 37 526 242 35 358 006 34 651 956 32 922 490
107 128 864 562 3 567 945 2 809 262 915 198 3 908 934 2 449 685'

16-10-2024T08:43:27 - [MESSAGE][PASSED] - Text of object 'Object Repository/Страница авторизации/Text' is: 'ДЗО 
Все
Период
1, 2 кв., Июль, Август 2024 года
Отклонения фактического уровня потерь от бизнес-плана, п.п.
-0.00
4.08
3.97
-0.09
0.08
-0.42
-0.19
АО «Тываэнерго»
АО «Чеченэнерго»
Россети Северный Кавказ
Россети Сибирь
Россети Тюмень
Россети Центр (ГК)
Россети Центр и Приволжье (ГК)
-1
0
1
2
3
4
5
6
7

Уровень потерь электроэнергии
АО «Тываэнерго»
АО «Чеченэнерго»
Россети Северный Кавказ
Россети Сибирь
Россети Тюмень
Россети Центр (ГК)
Россети Центр и Приволжье (ГК)
0
10
20
30
40
50
60
70
21.66
|
33.46
24.18
6.96
|
2.52
10.14
|
6.93
|
21.65
37.54
|
28.15
|
6.88
2.60
|
9.71
6.73
п.п.
0.08
Итого
0
0.025
0.05
0.075
0.1
%
5.34 5.34
5.33 5.33
План
Факт
1
100

● Бизнес-план выполнен● ●● Превышение бизнес-плана
Отклонения фактического уровня потерь от бизнес-плана за 3 месяца (нарастающим итогом), п.п.
-0.0-0.0
3.13.1
3.73.7
-0.1-0.1
0.10.1
-0.5-0.5
-0.1-0.1
0.10.1
3.73.7
3.83.8
-0.1-0.1
0.10.1
-0.5-0.5
-0.2-0.2
-0.0-0.0
4.14.1
4.04.0
-0.1-0.1
0.10.1
-0.4-0.4
-0.2-0.2
Россети ФСКЕЭС
АО«Тываэнерго»
АО«Чеченэнерго»
Россети Волга
РоссетиКубань
РоссетиЛенэнерго (ГК)
РоссетиМосковскийрегион
РоссетиСеверныйКавказ (ГК)
Россети Северо-Запад
Россети Сибирь(ГК)
Россети Томск
Россети Тюмень
Россети Урал(ГК)
Россети Центр
Россети Центр иПриволжье (ГК)
Россети Юг (Г…
РоссетиЯнтарь
0
-5
5
п.п.
Отклонения фактического уровня потерь от бизнес-плана за 3 месяца (нарастающим итогом)
-0.2-0.2
-0.4-0.4
1.11.1
-0.0-0.0
-0.6-0.6
-0.3-0.3
4.14.1
-1.8-1.8
-0.1-0.1
-0.3-0.3
-0.1-0.1
-0.0-0.0
-0.6-0.6
-0.5-0.5
7.47.4
-0.0-0.0
13.113.1
-0.2-0.2
-0.4-0.4
1.01.0
0.10.1
-0.1-0.1
-0.3-0.3
4.14.1
-1.9-1.9
-0.2-0.2
-0.5-0.5
-0.1-0.1
0.40.4
-0.7-0.7
-0.4-0.4
7.97.9
0.10.1
13.113.1
-0.2-0.2
-0.3-0.3
1.01.0
-0.0-0.0
0.20.2
-0.1-0.1
4.24.2
-1.7-1.7
-0.1-0.1
-0.3-0.3
-0.1-0.1
0.30.3
-0.7-0.7
-0.4-0.4
8.48.4
0.20.2
13.213.2
Итого по ФСК ЕЭС
Каббалкэнерго
Калмэнерго
Калугаэнерго
Карачаево-Черкесскэнерго
АО "Кинешемская электросеть"
АО "Тываэнерго"
АО «ВМЭС»
АО «Воронежская горэлектросеть»
АО «Тульские городские электрические сети»
АО «Чеченэнерго»
АО «Ярославская электросетевая компания»
АО ЕЭСК
Алтайэнерго
Архангельский филиал
Астраханьэнерго
Белгородэнерго
Брянскэнерго
Бурятэнерго
Владимирэнерго
Волгоградэнерго
Вологодский филиал
Воронежэнерго
Дагэнерго
Ивэнерго
Ингушэнерго
-5
15

Статус данных
Просьба обратить внимание
— все данные не занесены
Факт
План
Итого – Факт
Отпуск в сеть 173 160 932
Отпуск из сети 157 395 559
Потери 15 765 373
Итого – План
Отпуск в сеть 168 375 483
Отпуск из сети 153 752 770
Потери 14 622 713
Выполнение бизнес-плана в части показателя «Уровень потерь электроэнергии»
Показатели баланса электроэнергии по ДЗО – Факт 
517 040 2 784 252 15 734 909 42 077 522 35 166 539 40 032 969 36 847 701
405 099 1 738 957 11 305 954 39 183 294 34 250 957 36 144 550 34 366 748
111 941 1 045 295 4 428 955 2 894 228 915 582 3 888 420 2 480 953
Показатели баланса электроэнергии по ДЗО – План
494 696 2 583 877 14 755 136 40 335 504 36 273 204 38 560 890 35 372 175
387 568 1 719 315 11 187 191 37 526 242 35 358 006 34 651 956 32 922 490
107 128 864 562 3 567 945 2 809 262 915 198 3 908 934 2 449 685'

16-10-2024T08:43:27 - [TEST_STEP][PASSED] - if (urlText.contains("ошибка") || urlText.contains(searchWord) == false): null

16-10-2024T08:43:27 - [TEST_STEP][PASSED] - Script1718980020443.ZakrytOpoveshenie(): null

16-10-2024T08:43:27 - [TEST_STEP][PASSED] - opoveshenie = getText(findTestObject("Выполнение бизнес-плана/Просьба обратить внимание")): Text of object 'Object Repository/Выполнение бизнес-плана/Просьба обратить внимание' is: 'Просьба обратить внимание'

16-10-2024T08:43:28 - [MESSAGE][PASSED] - Text of object 'Object Repository/Выполнение бизнес-плана/Просьба обратить внимание' is: 'Просьба обратить внимание'

16-10-2024T08:43:28 - [TEST_STEP][PASSED] - println(opoveshenie): null

16-10-2024T08:43:28 - [TEST_STEP][PASSED] - if (opoveshenie == "Просьба обратить внимание"): Object: 'Object Repository/Выполнение бизнес-плана/Закрыть оповещение' is clicked on

16-10-2024T08:43:28 - [TEST_STEP][PASSED] - click(findTestObject("Выполнение бизнес-плана/Закрыть оповещение")): Object: 'Object Repository/Выполнение бизнес-плана/Закрыть оповещение' is clicked on

16-10-2024T08:43:28 - [MESSAGE][PASSED] - Object: 'Object Repository/Выполнение бизнес-плана/Закрыть оповещение' is clicked on

16-10-2024T08:43:28 - [TEST_STEP][PASSED] - click(findTestObject("Object Repository/Выполнение бизнес-плана/Фильтр Дата")): Object: 'Object Repository/Выполнение бизнес-плана/Фильтр Дата' is clicked on

16-10-2024T08:43:28 - [MESSAGE][PASSED] - Object: 'Object Repository/Выполнение бизнес-плана/Фильтр Дата' is clicked on

16-10-2024T08:43:28 - [TEST_STEP][PASSED] - click(findTestObject("Выполнение бизнес-плана/Снять выделение в фильтре Дата")): Object: 'Object Repository/Выполнение бизнес-плана/Снять выделение в фильтре Дата' is clicked on

16-10-2024T08:43:29 - [MESSAGE][PASSED] - Object: 'Object Repository/Выполнение бизнес-плана/Снять выделение в фильтре Дата' is clicked on

16-10-2024T08:43:29 - [TEST_STEP][PASSED] - click(findTestObject("Object Repository/Выполнение бизнес-плана/Применить в фильтре Дата")): Object: 'Object Repository/Выполнение бизнес-плана/Применить в фильтре Дата' is clicked on

16-10-2024T08:43:30 - [MESSAGE][PASSED] - Object: 'Object Repository/Выполнение бизнес-плана/Применить в фильтре Дата' is clicked on

16-10-2024T08:43:30 - [TEST_STEP][PASSED] - delay(50): Delayed 50 second(s)

16-10-2024T08:44:20 - [MESSAGE][PASSED] - Delayed 50 second(s)

16-10-2024T08:44:20 - [TEST_STEP][PASSED] - Script1718980020443.ZakrytOpoveshenie(): null

16-10-2024T08:44:20 - [TEST_STEP][PASSED] - opoveshenie = getText(findTestObject("Выполнение бизнес-плана/Просьба обратить внимание")): Text of object 'Object Repository/Выполнение бизнес-плана/Просьба обратить внимание' is: 'Просьба обратить внимание'

16-10-2024T08:44:20 - [MESSAGE][PASSED] - Text of object 'Object Repository/Выполнение бизнес-плана/Просьба обратить внимание' is: 'Просьба обратить внимание'

16-10-2024T08:44:20 - [TEST_STEP][PASSED] - println(opoveshenie): null

16-10-2024T08:44:20 - [TEST_STEP][PASSED] - if (opoveshenie == "Просьба обратить внимание"): Object: 'Object Repository/Выполнение бизнес-плана/Закрыть оповещение' is clicked on

16-10-2024T08:44:20 - [TEST_STEP][PASSED] - click(findTestObject("Выполнение бизнес-плана/Закрыть оповещение")): Object: 'Object Repository/Выполнение бизнес-плана/Закрыть оповещение' is clicked on

16-10-2024T08:44:20 - [MESSAGE][PASSED] - Object: 'Object Repository/Выполнение бизнес-плана/Закрыть оповещение' is clicked on

16-10-2024T08:44:20 - [TEST_STEP][PASSED] - click(findTestObject("Object Repository/Выполнение бизнес-плана/Фильтр Дата")): Object: 'Object Repository/Выполнение бизнес-плана/Фильтр Дата' is clicked on

16-10-2024T08:44:21 - [MESSAGE][PASSED] - Object: 'Object Repository/Выполнение бизнес-плана/Фильтр Дата' is clicked on

16-10-2024T08:44:21 - [TEST_STEP][PASSED] - scrollToElement(findTestObject("Выполнение бизнес-плана/2024 список"), 30): Scroll to object 'Object Repository/Выполнение бизнес-плана/2024 список' successfully

16-10-2024T08:44:21 - [MESSAGE][PASSED] - Scroll to object 'Object Repository/Выполнение бизнес-плана/2024 список' successfully

16-10-2024T08:44:21 - [TEST_STEP][PASSED] - click(findTestObject("Выполнение бизнес-плана/2024 список")): Object: 'Object Repository/Выполнение бизнес-плана/2024 список' is clicked on

16-10-2024T08:44:22 - [MESSAGE][PASSED] - Object: 'Object Repository/Выполнение бизнес-плана/2024 список' is clicked on

16-10-2024T08:44:22 - [TEST_STEP][PASSED] - scrollToElement(findTestObject("Выполнение бизнес-плана/1 квартал 2024 список"), 30): Scroll to object 'Object Repository/Выполнение бизнес-плана/1 квартал 2024 список' successfully

16-10-2024T08:44:22 - [MESSAGE][PASSED] - Scroll to object 'Object Repository/Выполнение бизнес-плана/1 квартал 2024 список' successfully

16-10-2024T08:44:22 - [TEST_STEP][PASSED] - click(findTestObject("Выполнение бизнес-плана/1 квартал 2024 список")): Object: 'Object Repository/Выполнение бизнес-плана/1 квартал 2024 список' is clicked on

16-10-2024T08:44:22 - [MESSAGE][PASSED] - Object: 'Object Repository/Выполнение бизнес-плана/1 квартал 2024 список' is clicked on

16-10-2024T08:44:22 - [TEST_STEP][PASSED] - click(findTestObject("Выполнение бизнес-плана/Январь 2024")): Object: 'Object Repository/Выполнение бизнес-плана/Январь 2024' is clicked on

16-10-2024T08:44:23 - [MESSAGE][PASSED] - Object: 'Object Repository/Выполнение бизнес-плана/Январь 2024' is clicked on

16-10-2024T08:44:23 - [TEST_STEP][PASSED] - click(findTestObject("Выполнение бизнес-плана/Февраль 2024")): Object: 'Object Repository/Выполнение бизнес-плана/Февраль 2024' is clicked on

16-10-2024T08:44:23 - [MESSAGE][PASSED] - Object: 'Object Repository/Выполнение бизнес-плана/Февраль 2024' is clicked on

16-10-2024T08:44:23 - [TEST_STEP][PASSED] - click(findTestObject("Выполнение бизнес-плана/Март 2024")): Object: 'Object Repository/Выполнение бизнес-плана/Март 2024' is clicked on

16-10-2024T08:44:24 - [MESSAGE][PASSED] - Object: 'Object Repository/Выполнение бизнес-плана/Март 2024' is clicked on

16-10-2024T08:44:24 - [TEST_STEP][PASSED] - scrollToElement(findTestObject("Выполнение бизнес-плана/2 квартал 2024"), 30): Scroll to object 'Object Repository/Выполнение бизнес-плана/2 квартал 2024' successfully

16-10-2024T08:44:24 - [MESSAGE][PASSED] - Scroll to object 'Object Repository/Выполнение бизнес-плана/2 квартал 2024' successfully

16-10-2024T08:44:24 - [TEST_STEP][PASSED] - click(findTestObject("Выполнение бизнес-плана/2 квартал 2024")): Object: 'Object Repository/Выполнение бизнес-плана/2 квартал 2024' is clicked on

16-10-2024T08:44:25 - [MESSAGE][PASSED] - Object: 'Object Repository/Выполнение бизнес-плана/2 квартал 2024' is clicked on

16-10-2024T08:44:25 - [TEST_STEP][PASSED] - scrollToElement(findTestObject("Выполнение бизнес-плана/3 квартал 2024 список"), 30): Scroll to object 'Object Repository/Выполнение бизнес-плана/3 квартал 2024 список' successfully

16-10-2024T08:44:25 - [MESSAGE][PASSED] - Scroll to object 'Object Repository/Выполнение бизнес-плана/3 квартал 2024 список' successfully

16-10-2024T08:44:25 - [TEST_STEP][PASSED] - click(findTestObject("Выполнение бизнес-плана/3 квартал 2024 список"), CONTINUE_ON_FAILURE): Object: 'Object Repository/Выполнение бизнес-плана/3 квартал 2024 список' is clicked on

16-10-2024T08:44:26 - [MESSAGE][PASSED] - Object: 'Object Repository/Выполнение бизнес-плана/3 квартал 2024 список' is clicked on

16-10-2024T08:44:26 - [TEST_STEP][PASSED] - click(findTestObject("Выполнение бизнес-плана/Июль 2024")): Object: 'Object Repository/Выполнение бизнес-плана/Июль 2024' is clicked on

16-10-2024T08:44:26 - [MESSAGE][PASSED] - Object: 'Object Repository/Выполнение бизнес-плана/Июль 2024' is clicked on

16-10-2024T08:44:26 - [TEST_STEP][PASSED] - scrollToElement(findTestObject("Выполнение бизнес-плана/Август 2024"), 30): Scroll to object 'Object Repository/Выполнение бизнес-плана/Август 2024' successfully

16-10-2024T08:44:27 - [MESSAGE][PASSED] - Scroll to object 'Object Repository/Выполнение бизнес-плана/Август 2024' successfully

16-10-2024T08:44:27 - [TEST_STEP][PASSED] - click(findTestObject("Выполнение бизнес-плана/Август 2024")): Object: 'Object Repository/Выполнение бизнес-плана/Август 2024' is clicked on

16-10-2024T08:44:27 - [MESSAGE][PASSED] - Object: 'Object Repository/Выполнение бизнес-плана/Август 2024' is clicked on

16-10-2024T08:44:27 - [TEST_STEP][PASSED] - scrollToElement(findTestObject("Выполнение бизнес-плана/Заголовок дашборда"), 30): Scroll to object 'Object Repository/Выполнение бизнес-плана/Заголовок дашборда' successfully

16-10-2024T08:44:27 - [MESSAGE][PASSED] - Scroll to object 'Object Repository/Выполнение бизнес-плана/Заголовок дашборда' successfully

16-10-2024T08:44:27 - [TEST_STEP][PASSED] - click(findTestObject("Object Repository/Выполнение бизнес-плана/Применить в фильтре Дата")): Object: 'Object Repository/Выполнение бизнес-плана/Применить в фильтре Дата' is clicked on

16-10-2024T08:44:28 - [MESSAGE][PASSED] - Object: 'Object Repository/Выполнение бизнес-плана/Применить в фильтре Дата' is clicked on

16-10-2024T08:44:28 - [TEST_STEP][PASSED] - delay(50): Delayed 50 second(s)

16-10-2024T08:45:18 - [MESSAGE][PASSED] - Delayed 50 second(s)

16-10-2024T08:45:18 - [TEST_STEP][PASSED] - Script1718980020443.ZakrytOpoveshenie(): null

16-10-2024T08:45:18 - [TEST_STEP][PASSED] - opoveshenie = getText(findTestObject("Выполнение бизнес-плана/Просьба обратить внимание")): Text of object 'Object Repository/Выполнение бизнес-плана/Просьба обратить внимание' is: 'Просьба обратить внимание'

16-10-2024T08:45:19 - [MESSAGE][PASSED] - Text of object 'Object Repository/Выполнение бизнес-плана/Просьба обратить внимание' is: 'Просьба обратить внимание'

16-10-2024T08:45:19 - [TEST_STEP][PASSED] - println(opoveshenie): null

16-10-2024T08:45:19 - [TEST_STEP][PASSED] - if (opoveshenie == "Просьба обратить внимание"): Object: 'Object Repository/Выполнение бизнес-плана/Закрыть оповещение' is clicked on

16-10-2024T08:45:19 - [TEST_STEP][PASSED] - click(findTestObject("Выполнение бизнес-плана/Закрыть оповещение")): Object: 'Object Repository/Выполнение бизнес-плана/Закрыть оповещение' is clicked on

16-10-2024T08:45:19 - [MESSAGE][PASSED] - Object: 'Object Repository/Выполнение бизнес-плана/Закрыть оповещение' is clicked on

16-10-2024T08:45:19 - [TEST_STEP][PASSED] - delay(30): Delayed 30 second(s)

16-10-2024T08:45:49 - [MESSAGE][PASSED] - Delayed 30 second(s)

16-10-2024T08:45:49 - [TEST_STEP][PASSED] - Script1718980020443.OpenFilter(): null

16-10-2024T08:45:49 - [TEST_STEP][PASSED] - click(findTestObject("Object Repository/Выполнение бизнес-плана/Фильтр ДЗО")): Object: 'Object Repository/Выполнение бизнес-плана/Фильтр ДЗО' is clicked on

16-10-2024T08:45:49 - [MESSAGE][PASSED] - Object: 'Object Repository/Выполнение бизнес-плана/Фильтр ДЗО' is clicked on

16-10-2024T08:45:49 - [TEST_STEP][PASSED] - click(findTestObject("Выполнение бизнес-плана/Снять выделение в фильтре ДЗО")): Object: 'Object Repository/Выполнение бизнес-плана/Снять выделение в фильтре ДЗО' is clicked on

16-10-2024T08:45:50 - [MESSAGE][PASSED] - Object: 'Object Repository/Выполнение бизнес-плана/Снять выделение в фильтре ДЗО' is clicked on

16-10-2024T08:45:50 - [TEST_STEP][PASSED] - click(findTestObject("Выполнение бизнес-плана/ПАО Россети")): Object: 'Object Repository/Выполнение бизнес-плана/ПАО Россети' is clicked on

16-10-2024T08:45:50 - [MESSAGE][PASSED] - Object: 'Object Repository/Выполнение бизнес-плана/ПАО Россети' is clicked on

16-10-2024T08:45:50 - [TEST_STEP][PASSED] - click(findTestObject("Object Repository/Выполнение бизнес-плана/Применить в фильтре ДЗО")): Object: 'Object Repository/Выполнение бизнес-плана/Применить в фильтре ДЗО' is clicked on

16-10-2024T08:45:51 - [MESSAGE][PASSED] - Object: 'Object Repository/Выполнение бизнес-плана/Применить в фильтре ДЗО' is clicked on

16-10-2024T08:45:51 - [TEST_STEP][PASSED] - delay(30): Delayed 30 second(s)

16-10-2024T08:46:21 - [MESSAGE][PASSED] - Delayed 30 second(s)

16-10-2024T08:46:21 - [TEST_STEP][PASSED] - x1 = getText(findTestObject("Выполнение бизнес-плана/Список ДЗО старый")): Text of object 'Object Repository/Выполнение бизнес-плана/Список ДЗО старый' is: 'АО «Тываэнерго»
АО «Чеченэнерго»
Россети Северный Кавказ
Россети Сибирь
Россети Тюмень
Россети Центр (ГК)
Россети Центр и Приволжье (ГК)
0
10
20
30
40
50
60
70'

16-10-2024T08:46:21 - [MESSAGE][PASSED] - Text of object 'Object Repository/Выполнение бизнес-плана/Список ДЗО старый' is: 'АО «Тываэнерго»
АО «Чеченэнерго»
Россети Северный Кавказ
Россети Сибирь
Россети Тюмень
Россети Центр (ГК)
Россети Центр и Приволжье (ГК)
0
10
20
30
40
50
60
70'

16-10-2024T08:46:21 - [TEST_STEP][PASSED] - dZO = "ПАО Россети": null

16-10-2024T08:46:21 - [TEST_STEP][PASSED] - a = 84: null

16-10-2024T08:46:21 - [TEST_STEP][PASSED] - Script1718980020443.Numbers(a, typeOfData, todaysDate, pageInt, fileInt, pageDouble, fileDouble, dZO, dzoNum, filialNum): null

16-10-2024T08:46:21 - [TEST_STEP][PASSED] - println(dzoNum): null

16-10-2024T08:46:21 - [TEST_STEP][PASSED] - planFact = <not implemented yet for class: org.codehaus.groovy.ast.expr.EmptyExpression>: null

16-10-2024T08:46:21 - [TEST_STEP][PASSED] - page = <not implemented yet for class: org.codehaus.groovy.ast.expr.EmptyExpression>: null

16-10-2024T08:46:21 - [TEST_STEP][PASSED] - page1 = <not implemented yet for class: org.codehaus.groovy.ast.expr.EmptyExpression>: null

16-10-2024T08:46:21 - [TEST_STEP][PASSED] - page2 = <not implemented yet for class: org.codehaus.groovy.ast.expr.EmptyExpression>: null

16-10-2024T08:46:21 - [TEST_STEP][PASSED] - filialNumberInRow = <not implemented yet for class: org.codehaus.groovy.ast.expr.EmptyExpression>: null

16-10-2024T08:46:21 - [TEST_STEP][PASSED] - filialsDzoNames = <not implemented yet for class: org.codehaus.groovy.ast.expr.EmptyExpression>: null

16-10-2024T08:46:21 - [TEST_STEP][PASSED] - numberOfFilials = <not implemented yet for class: org.codehaus.groovy.ast.expr.EmptyExpression>: null

16-10-2024T08:46:21 - [TEST_STEP][PASSED] - numberOfSpaces = <not implemented yet for class: org.codehaus.groovy.ast.expr.EmptyExpression>: null

16-10-2024T08:46:21 - [TEST_STEP][PASSED] - file = <not implemented yet for class: org.codehaus.groovy.ast.expr.EmptyExpression>: null

16-10-2024T08:46:21 - [TEST_STEP][PASSED] - otpusk = <not implemented yet for class: org.codehaus.groovy.ast.expr.EmptyExpression>: null

16-10-2024T08:46:21 - [TEST_STEP][PASSED] - poteri = <not implemented yet for class: org.codehaus.groovy.ast.expr.EmptyExpression>: null

16-10-2024T08:46:21 - [TEST_STEP][PASSED] - dataFolder = "Выполнение бизнес-плана/Значения со страницы Выполнение бизнес-плана/": null

16-10-2024T08:46:21 - [TEST_STEP][PASSED] - path = <not implemented yet for class: org.codehaus.groovy.ast.expr.EmptyExpression>: null

16-10-2024T08:46:21 - [TEST_STEP][PASSED] - typeOfDataMain = <not implemented yet for class: org.codehaus.groovy.ast.expr.EmptyExpression>: null

16-10-2024T08:46:21 - [TEST_STEP][PASSED] - fileOtpuskVSet = <not implemented yet for class: org.codehaus.groovy.ast.expr.EmptyExpression>: null

16-10-2024T08:46:21 - [TEST_STEP][PASSED] - pageOtpuskVSet = <not implemented yet for class: org.codehaus.groovy.ast.expr.EmptyExpression>: null

16-10-2024T08:46:21 - [TEST_STEP][PASSED] - filePoteri = <not implemented yet for class: org.codehaus.groovy.ast.expr.EmptyExpression>: null

16-10-2024T08:46:21 - [TEST_STEP][PASSED] - pagePoteri = <not implemented yet for class: org.codehaus.groovy.ast.expr.EmptyExpression>: null

16-10-2024T08:46:21 - [TEST_STEP][PASSED] - compare = <not implemented yet for class: org.codehaus.groovy.ast.expr.EmptyExpression>: null

16-10-2024T08:46:21 - [TEST_STEP][PASSED] - b = <not implemented yet for class: org.codehaus.groovy.ast.expr.EmptyExpression>: null

16-10-2024T08:46:21 - [TEST_STEP][PASSED] - i = <not implemented yet for class: org.codehaus.groovy.ast.expr.EmptyExpression>: null

16-10-2024T08:46:21 - [TEST_STEP][PASSED] - ii = <not implemented yet for class: org.codehaus.groovy.ast.expr.EmptyExpression>: null

16-10-2024T08:46:21 - [TEST_STEP][PASSED] - c = <not implemented yet for class: org.codehaus.groovy.ast.expr.EmptyExpression>: null

16-10-2024T08:46:21 - [TEST_STEP][PASSED] - numberOfErrors = 0: null

16-10-2024T08:46:21 - [TEST_STEP][PASSED] - if (a == 82): null

16-10-2024T08:46:22 - [TEST_STEP][PASSED] - b = findTestData("PlanFact").getValue(1, a): null

16-10-2024T08:46:22 - [TEST_STEP][PASSED] - i = b.indexOf(" (ГК)"): null

16-10-2024T08:46:22 - [TEST_STEP][PASSED] - if (i > -1): null

16-10-2024T08:46:22 - [TEST_STEP][PASSED] - i = b.indexOf("О ""): null

16-10-2024T08:46:22 - [TEST_STEP][PASSED] - if (i > -1): null

16-10-2024T08:46:22 - [TEST_STEP][PASSED] - i = b.indexOf("О «"): null

16-10-2024T08:46:22 - [TEST_STEP][PASSED] - if (i > -1): null

16-10-2024T08:46:22 - [TEST_STEP][PASSED] - i = b.indexOf("г. "): null

16-10-2024T08:46:22 - [TEST_STEP][PASSED] - if (i > -1): null

16-10-2024T08:46:22 - [TEST_STEP][PASSED] - println(b): null

16-10-2024T08:46:22 - [TEST_STEP][PASSED] - for ([planFact = 1, planFact < 3, (planFact++)]): null

16-10-2024T08:46:22 - [TEST_STEP][PASSED] - if (planFact == 1): null

16-10-2024T08:46:22 - [TEST_STEP][PASSED] - typeOfDataMain = "Факт": null

16-10-2024T08:46:22 - [TEST_STEP][PASSED] - otpusk = findTestData("PlanFact").getValue(5, a): null

16-10-2024T08:46:22 - [TEST_STEP][PASSED] - poteri = findTestData("PlanFact").getValue(6, a): null

16-10-2024T08:46:22 - [TEST_STEP][PASSED] - otpusk = otpusk.replaceAll("\s+", ""): null

16-10-2024T08:46:22 - [TEST_STEP][PASSED] - poteri = poteri.replaceAll("\s+", ""): null

16-10-2024T08:46:22 - [TEST_STEP][PASSED] - typeOfData = typeOfDataMain + " Отпуск в сеть": null

16-10-2024T08:46:22 - [TEST_STEP][PASSED] - if (a == 82): null

16-10-2024T08:46:22 - [TEST_STEP][PASSED] - else if (a == 84): null

16-10-2024T08:46:22 - [TEST_STEP][PASSED] - path = dataFolder + typeOfData + " за отчётный период " + "ПАО Россети": null

16-10-2024T08:46:22 - [TEST_STEP][PASSED] - println(path): null

16-10-2024T08:46:22 - [TEST_STEP][PASSED] - page = getText(findTestObject(path)): Text of object 'Object Repository/Выполнение бизнес-плана/Значения со страницы Выполнение бизнес-плана/Факт Отпуск в сеть за отчётный период ПАО Россети' is: '173 160 932'

16-10-2024T08:46:22 - [MESSAGE][PASSED] - Text of object 'Object Repository/Выполнение бизнес-плана/Значения со страницы Выполнение бизнес-плана/Факт Отпуск в сеть за отчётный период ПАО Россети' is: '173 160 932'

16-10-2024T08:46:22 - [TEST_STEP][PASSED] - page = page.replaceAll("\s+", ""): null

16-10-2024T08:46:22 - [TEST_STEP][PASSED] - fileOtpuskVSet = otpusk.toInteger(): null

16-10-2024T08:46:22 - [TEST_STEP][PASSED] - pageOtpuskVSet = page.toInteger(): null

16-10-2024T08:46:22 - [TEST_STEP][PASSED] - typeOfData = typeOfDataMain + " Потери": null

16-10-2024T08:46:22 - [TEST_STEP][PASSED] - if (a == 82): null

16-10-2024T08:46:22 - [TEST_STEP][PASSED] - else if (a == 84): null

16-10-2024T08:46:22 - [TEST_STEP][PASSED] - path = dataFolder + typeOfData + " за отчётный период " + "ПАО Россети": null

16-10-2024T08:46:22 - [TEST_STEP][PASSED] - page = getText(findTestObject(path)): Text of object 'Object Repository/Выполнение бизнес-плана/Значения со страницы Выполнение бизнес-плана/Факт Потери за отчётный период ПАО Россети' is: '15 765 373'

16-10-2024T08:46:22 - [MESSAGE][PASSED] - Text of object 'Object Repository/Выполнение бизнес-плана/Значения со страницы Выполнение бизнес-плана/Факт Потери за отчётный период ПАО Россети' is: '15 765 373'

16-10-2024T08:46:22 - [TEST_STEP][PASSED] - page = page.replaceAll("\s+", ""): null

16-10-2024T08:46:22 - [TEST_STEP][PASSED] - filePoteri = poteri.toInteger(): null

16-10-2024T08:46:22 - [TEST_STEP][PASSED] - pagePoteri = page.toInteger(): null

16-10-2024T08:46:22 - [TEST_STEP][PASSED] - compare = pageOtpuskVSet: null

16-10-2024T08:46:22 - [TEST_STEP][PASSED] - if (compare == fileOtpuskVSet): null

16-10-2024T08:46:22 - [TEST_STEP][PASSED] - else if (compare > fileOtpuskVSet): null

16-10-2024T08:46:22 - [TEST_STEP][PASSED] - else if (compare < fileOtpuskVSet): null

16-10-2024T08:46:22 - [TEST_STEP][PASSED] - compare = compare + 1: null

16-10-2024T08:46:22 - [TEST_STEP][PASSED] - if (compare == fileOtpuskVSet): null

16-10-2024T08:46:22 - [TEST_STEP][PASSED] - else: null

16-10-2024T08:46:22 - [TEST_STEP][PASSED] - numberOfErrors = numberOfErrors + 1: null

16-10-2024T08:46:22 - [TEST_STEP][PASSED] - pageInt = pageOtpuskVSet: null

16-10-2024T08:46:22 - [TEST_STEP][PASSED] - fileInt = fileOtpuskVSet: null

16-10-2024T08:46:22 - [TEST_STEP][PASSED] - typeOfData = typeOfDataMain + " Отпуск в сеть": null

16-10-2024T08:46:22 - [TEST_STEP][PASSED] - Script1718980020443.WriteToExcel(a, typeOfData, todaysDate, pageInt, fileInt, pageDouble, fileDouble, dZO): null

16-10-2024T08:46:22 - [TEST_STEP][PASSED] - sheetName = "Sheet1": null

16-10-2024T08:46:22 - [TEST_STEP][PASSED] - data = findTestData("PlanFact"): null

16-10-2024T08:46:22 - [TEST_STEP][PASSED] - n = data.getRowNumbers() + 1: null

16-10-2024T08:46:22 - [TEST_STEP][PASSED] - year = todaysDate.substring(todaysDate.length() - 4, todaysDate.length()): null

16-10-2024T08:46:22 - [TEST_STEP][PASSED] - y = year.toInteger(): null

16-10-2024T08:46:22 - [TEST_STEP][PASSED] - m = getText(findTestObject("Выполнение бизнес-плана/Период")): Text of object 'Object Repository/Выполнение бизнес-плана/Период' is: '1, 2 кв., Июль, Август 2024 года'

16-10-2024T08:46:23 - [MESSAGE][PASSED] - Text of object 'Object Repository/Выполнение бизнес-плана/Период' is: '1, 2 кв., Июль, Август 2024 года'

16-10-2024T08:46:23 - [TEST_STEP][PASSED] - m = m.substring(0, m.indexOf("2024")): null

16-10-2024T08:46:23 - [TEST_STEP][PASSED] - m = m.trim(): null

16-10-2024T08:46:23 - [TEST_STEP][PASSED] - dashboardName = "Выполнение бизнес-плана": null

16-10-2024T08:46:23 - [TEST_STEP][PASSED] - workbook01 = getWorkbook(excelFilePath): null

16-10-2024T08:46:23 - [TEST_STEP][PASSED] - sheet01 = getExcelSheet(workbook01, sheetName): null

16-10-2024T08:46:23 - [TEST_STEP][PASSED] - setValueToCellByIndex(sheet01, n, 0, dashboardName): null

16-10-2024T08:46:23 - [TEST_STEP][PASSED] - setValueToCellByIndex(sheet01, n, 1, dZO): null

16-10-2024T08:46:23 - [TEST_STEP][PASSED] - setValueToCellByIndex(sheet01, n, 2, typeOfData): null

16-10-2024T08:46:23 - [TEST_STEP][PASSED] - if (typeOfData == "Факт в процентах" || typeOfData == "План в процентах"): null

16-10-2024T08:46:23 - [TEST_STEP][PASSED] - else: null

16-10-2024T08:46:23 - [TEST_STEP][PASSED] - setValueToCellByIndex(sheet01, n, 3, fileInt): null

16-10-2024T08:46:23 - [TEST_STEP][PASSED] - setValueToCellByIndex(sheet01, n, 4, pageInt): null

16-10-2024T08:46:23 - [TEST_STEP][PASSED] - setValueToCellByIndex(sheet01, n, 5, m): null

16-10-2024T08:46:23 - [TEST_STEP][PASSED] - setValueToCellByIndex(sheet01, n, 6, y): null

16-10-2024T08:46:23 - [TEST_STEP][PASSED] - setValueToCellByIndex(sheet01, n, 7, todaysDate): null

16-10-2024T08:46:23 - [TEST_STEP][PASSED] - n = n + 1: null

16-10-2024T08:46:23 - [TEST_STEP][PASSED] - saveWorkbook(excelFilePath, workbook01): null

16-10-2024T08:46:23 - [TEST_STEP][PASSED] - compare = pagePoteri: null

16-10-2024T08:46:23 - [TEST_STEP][PASSED] - if (compare == filePoteri): null

16-10-2024T08:46:23 - [TEST_STEP][PASSED] - else if (compare > filePoteri): null

16-10-2024T08:46:23 - [TEST_STEP][PASSED] - else if (compare < filePoteri): null

16-10-2024T08:46:23 - [TEST_STEP][PASSED] - compare = compare + 1: null

16-10-2024T08:46:23 - [TEST_STEP][PASSED] - if (compare == filePoteri): null

16-10-2024T08:46:23 - [TEST_STEP][PASSED] - else: null

16-10-2024T08:46:23 - [TEST_STEP][PASSED] - numberOfErrors = numberOfErrors + 1: null

16-10-2024T08:46:23 - [TEST_STEP][PASSED] - pageInt = pagePoteri: null

16-10-2024T08:46:23 - [TEST_STEP][PASSED] - fileInt = filePoteri: null

16-10-2024T08:46:23 - [TEST_STEP][PASSED] - typeOfData = typeOfDataMain + " Потери": null

16-10-2024T08:46:23 - [TEST_STEP][PASSED] - Script1718980020443.WriteToExcel(a, typeOfData, todaysDate, pageInt, fileInt, pageDouble, fileDouble, dZO): null

16-10-2024T08:46:23 - [TEST_STEP][PASSED] - sheetName = "Sheet1": null

16-10-2024T08:46:23 - [TEST_STEP][PASSED] - data = findTestData("PlanFact"): null

16-10-2024T08:46:23 - [TEST_STEP][PASSED] - n = data.getRowNumbers() + 1: null

16-10-2024T08:46:23 - [TEST_STEP][PASSED] - year = todaysDate.substring(todaysDate.length() - 4, todaysDate.length()): null

16-10-2024T08:46:23 - [TEST_STEP][PASSED] - y = year.toInteger(): null

16-10-2024T08:46:23 - [TEST_STEP][PASSED] - m = getText(findTestObject("Выполнение бизнес-плана/Период")): Text of object 'Object Repository/Выполнение бизнес-плана/Период' is: '1, 2 кв., Июль, Август 2024 года'

16-10-2024T08:46:24 - [MESSAGE][PASSED] - Text of object 'Object Repository/Выполнение бизнес-плана/Период' is: '1, 2 кв., Июль, Август 2024 года'

16-10-2024T08:46:24 - [TEST_STEP][PASSED] - m = m.substring(0, m.indexOf("2024")): null

16-10-2024T08:46:24 - [TEST_STEP][PASSED] - m = m.trim(): null

16-10-2024T08:46:24 - [TEST_STEP][PASSED] - dashboardName = "Выполнение бизнес-плана": null

16-10-2024T08:46:24 - [TEST_STEP][PASSED] - workbook01 = getWorkbook(excelFilePath): null

16-10-2024T08:46:24 - [TEST_STEP][PASSED] - sheet01 = getExcelSheet(workbook01, sheetName): null

16-10-2024T08:46:24 - [TEST_STEP][PASSED] - setValueToCellByIndex(sheet01, n, 0, dashboardName): null

16-10-2024T08:46:24 - [TEST_STEP][PASSED] - setValueToCellByIndex(sheet01, n, 1, dZO): null

16-10-2024T08:46:24 - [TEST_STEP][PASSED] - setValueToCellByIndex(sheet01, n, 2, typeOfData): null

16-10-2024T08:46:24 - [TEST_STEP][PASSED] - if (typeOfData == "Факт в процентах" || typeOfData == "План в процентах"): null

16-10-2024T08:46:24 - [TEST_STEP][PASSED] - else: null

16-10-2024T08:46:24 - [TEST_STEP][PASSED] - setValueToCellByIndex(sheet01, n, 3, fileInt): null

16-10-2024T08:46:24 - [TEST_STEP][PASSED] - setValueToCellByIndex(sheet01, n, 4, pageInt): null

16-10-2024T08:46:24 - [TEST_STEP][PASSED] - setValueToCellByIndex(sheet01, n, 5, m): null

16-10-2024T08:46:24 - [TEST_STEP][PASSED] - setValueToCellByIndex(sheet01, n, 6, y): null

16-10-2024T08:46:24 - [TEST_STEP][PASSED] - setValueToCellByIndex(sheet01, n, 7, todaysDate): null

16-10-2024T08:46:24 - [TEST_STEP][PASSED] - n = n + 1: null

16-10-2024T08:46:24 - [TEST_STEP][PASSED] - saveWorkbook(excelFilePath, workbook01): null

16-10-2024T08:46:24 - [TEST_STEP][PASSED] - if (planFact == 2): null

16-10-2024T08:46:24 - [TEST_STEP][PASSED] - if (planFact == 1): null

16-10-2024T08:46:24 - [TEST_STEP][PASSED] - else if (planFact == 2): null

16-10-2024T08:46:24 - [TEST_STEP][PASSED] - click(findTestObject("Выполнение бизнес-плана/Кнопка План")): Object: 'Object Repository/Выполнение бизнес-плана/Кнопка План' is clicked on

16-10-2024T08:46:24 - [MESSAGE][PASSED] - Object: 'Object Repository/Выполнение бизнес-плана/Кнопка План' is clicked on

16-10-2024T08:46:24 - [TEST_STEP][PASSED] - typeOfDataMain = "План": null

16-10-2024T08:46:24 - [TEST_STEP][PASSED] - otpusk = findTestData("PlanFact").getValue(2, a): null

16-10-2024T08:46:24 - [TEST_STEP][PASSED] - poteri = findTestData("PlanFact").getValue(3, a): null

16-10-2024T08:46:25 - [TEST_STEP][PASSED] - otpusk = otpusk.replaceAll("\s+", ""): null

16-10-2024T08:46:25 - [TEST_STEP][PASSED] - poteri = poteri.replaceAll("\s+", ""): null

16-10-2024T08:46:25 - [TEST_STEP][PASSED] - typeOfData = typeOfDataMain + " Отпуск в сеть": null

16-10-2024T08:46:25 - [TEST_STEP][PASSED] - if (a == 82): null

16-10-2024T08:46:25 - [TEST_STEP][PASSED] - else if (a == 84): null

16-10-2024T08:46:25 - [TEST_STEP][PASSED] - path = dataFolder + typeOfData + " за отчётный период " + "ПАО Россети": null

16-10-2024T08:46:25 - [TEST_STEP][PASSED] - println(path): null

16-10-2024T08:46:25 - [TEST_STEP][PASSED] - page = getText(findTestObject(path)): Text of object 'Object Repository/Выполнение бизнес-плана/Значения со страницы Выполнение бизнес-плана/План Отпуск в сеть за отчётный период ПАО Россети' is: '168 375 483'

16-10-2024T08:46:25 - [MESSAGE][PASSED] - Text of object 'Object Repository/Выполнение бизнес-плана/Значения со страницы Выполнение бизнес-плана/План Отпуск в сеть за отчётный период ПАО Россети' is: '168 375 483'

16-10-2024T08:46:25 - [TEST_STEP][PASSED] - page = page.replaceAll("\s+", ""): null

16-10-2024T08:46:25 - [TEST_STEP][PASSED] - fileOtpuskVSet = otpusk.toInteger(): null

16-10-2024T08:46:25 - [TEST_STEP][PASSED] - pageOtpuskVSet = page.toInteger(): null

16-10-2024T08:46:25 - [TEST_STEP][PASSED] - typeOfData = typeOfDataMain + " Потери": null

16-10-2024T08:46:25 - [TEST_STEP][PASSED] - if (a == 82): null

16-10-2024T08:46:25 - [TEST_STEP][PASSED] - else if (a == 84): null

16-10-2024T08:46:25 - [TEST_STEP][PASSED] - path = dataFolder + typeOfData + " за отчётный период " + "ПАО Россети": null

16-10-2024T08:46:25 - [TEST_STEP][PASSED] - page = getText(findTestObject(path)): Text of object 'Object Repository/Выполнение бизнес-плана/Значения со страницы Выполнение бизнес-плана/План Потери за отчётный период ПАО Россети' is: '14 622 713'

16-10-2024T08:46:25 - [MESSAGE][PASSED] - Text of object 'Object Repository/Выполнение бизнес-плана/Значения со страницы Выполнение бизнес-плана/План Потери за отчётный период ПАО Россети' is: '14 622 713'

16-10-2024T08:46:25 - [TEST_STEP][PASSED] - page = page.replaceAll("\s+", ""): null

16-10-2024T08:46:25 - [TEST_STEP][PASSED] - filePoteri = poteri.toInteger(): null

16-10-2024T08:46:25 - [TEST_STEP][PASSED] - pagePoteri = page.toInteger(): null

16-10-2024T08:46:25 - [TEST_STEP][PASSED] - compare = pageOtpuskVSet: null

16-10-2024T08:46:25 - [TEST_STEP][PASSED] - if (compare == fileOtpuskVSet): null

16-10-2024T08:46:25 - [TEST_STEP][PASSED] - else if (compare > fileOtpuskVSet): null

16-10-2024T08:46:25 - [TEST_STEP][PASSED] - else if (compare < fileOtpuskVSet): null

16-10-2024T08:46:25 - [TEST_STEP][PASSED] - compare = compare + 1: null

16-10-2024T08:46:25 - [TEST_STEP][PASSED] - if (compare == fileOtpuskVSet): null

16-10-2024T08:46:25 - [TEST_STEP][PASSED] - else: null

16-10-2024T08:46:25 - [TEST_STEP][PASSED] - numberOfErrors = numberOfErrors + 1: null

16-10-2024T08:46:25 - [TEST_STEP][PASSED] - pageInt = pageOtpuskVSet: null

16-10-2024T08:46:25 - [TEST_STEP][PASSED] - fileInt = fileOtpuskVSet: null

16-10-2024T08:46:25 - [TEST_STEP][PASSED] - typeOfData = typeOfDataMain + " Отпуск в сеть": null

16-10-2024T08:46:25 - [TEST_STEP][PASSED] - Script1718980020443.WriteToExcel(a, typeOfData, todaysDate, pageInt, fileInt, pageDouble, fileDouble, dZO): null

16-10-2024T08:46:25 - [TEST_STEP][PASSED] - sheetName = "Sheet1": null

16-10-2024T08:46:25 - [TEST_STEP][PASSED] - data = findTestData("PlanFact"): null

16-10-2024T08:46:25 - [TEST_STEP][PASSED] - n = data.getRowNumbers() + 1: null

16-10-2024T08:46:25 - [TEST_STEP][PASSED] - year = todaysDate.substring(todaysDate.length() - 4, todaysDate.length()): null

16-10-2024T08:46:25 - [TEST_STEP][PASSED] - y = year.toInteger(): null

16-10-2024T08:46:25 - [TEST_STEP][PASSED] - m = getText(findTestObject("Выполнение бизнес-плана/Период")): Text of object 'Object Repository/Выполнение бизнес-плана/Период' is: '1, 2 кв., Июль, Август 2024 года'

16-10-2024T08:46:26 - [MESSAGE][PASSED] - Text of object 'Object Repository/Выполнение бизнес-плана/Период' is: '1, 2 кв., Июль, Август 2024 года'

16-10-2024T08:46:26 - [TEST_STEP][PASSED] - m = m.substring(0, m.indexOf("2024")): null

16-10-2024T08:46:26 - [TEST_STEP][PASSED] - m = m.trim(): null

16-10-2024T08:46:26 - [TEST_STEP][PASSED] - dashboardName = "Выполнение бизнес-плана": null

16-10-2024T08:46:26 - [TEST_STEP][PASSED] - workbook01 = getWorkbook(excelFilePath): null

16-10-2024T08:46:26 - [TEST_STEP][PASSED] - sheet01 = getExcelSheet(workbook01, sheetName): null

16-10-2024T08:46:26 - [TEST_STEP][PASSED] - setValueToCellByIndex(sheet01, n, 0, dashboardName): null

16-10-2024T08:46:26 - [TEST_STEP][PASSED] - setValueToCellByIndex(sheet01, n, 1, dZO): null

16-10-2024T08:46:26 - [TEST_STEP][PASSED] - setValueToCellByIndex(sheet01, n, 2, typeOfData): null

16-10-2024T08:46:26 - [TEST_STEP][PASSED] - if (typeOfData == "Факт в процентах" || typeOfData == "План в процентах"): null

16-10-2024T08:46:26 - [TEST_STEP][PASSED] - else: null

16-10-2024T08:46:26 - [TEST_STEP][PASSED] - setValueToCellByIndex(sheet01, n, 3, fileInt): null

16-10-2024T08:46:26 - [TEST_STEP][PASSED] - setValueToCellByIndex(sheet01, n, 4, pageInt): null

16-10-2024T08:46:26 - [TEST_STEP][PASSED] - setValueToCellByIndex(sheet01, n, 5, m): null

16-10-2024T08:46:26 - [TEST_STEP][PASSED] - setValueToCellByIndex(sheet01, n, 6, y): null

16-10-2024T08:46:26 - [TEST_STEP][PASSED] - setValueToCellByIndex(sheet01, n, 7, todaysDate): null

16-10-2024T08:46:26 - [TEST_STEP][PASSED] - n = n + 1: null

16-10-2024T08:46:26 - [TEST_STEP][PASSED] - saveWorkbook(excelFilePath, workbook01): null

16-10-2024T08:46:26 - [TEST_STEP][PASSED] - compare = pagePoteri: null

16-10-2024T08:46:26 - [TEST_STEP][PASSED] - if (compare == filePoteri): null

16-10-2024T08:46:26 - [TEST_STEP][PASSED] - else if (compare > filePoteri): null

16-10-2024T08:46:26 - [TEST_STEP][PASSED] - else if (compare < filePoteri): null

16-10-2024T08:46:26 - [TEST_STEP][PASSED] - compare = compare + 1: null

16-10-2024T08:46:26 - [TEST_STEP][PASSED] - if (compare == filePoteri): null

16-10-2024T08:46:26 - [TEST_STEP][PASSED] - else: null

16-10-2024T08:46:26 - [TEST_STEP][PASSED] - numberOfErrors = numberOfErrors + 1: null

16-10-2024T08:46:26 - [TEST_STEP][PASSED] - pageInt = pagePoteri: null

16-10-2024T08:46:26 - [TEST_STEP][PASSED] - fileInt = filePoteri: null

16-10-2024T08:46:26 - [TEST_STEP][PASSED] - typeOfData = typeOfDataMain + " Потери": null

16-10-2024T08:46:26 - [TEST_STEP][PASSED] - Script1718980020443.WriteToExcel(a, typeOfData, todaysDate, pageInt, fileInt, pageDouble, fileDouble, dZO): null

16-10-2024T08:46:26 - [TEST_STEP][PASSED] - sheetName = "Sheet1": null

16-10-2024T08:46:26 - [TEST_STEP][PASSED] - data = findTestData("PlanFact"): null

16-10-2024T08:46:26 - [TEST_STEP][PASSED] - n = data.getRowNumbers() + 1: null

16-10-2024T08:46:26 - [TEST_STEP][PASSED] - year = todaysDate.substring(todaysDate.length() - 4, todaysDate.length()): null

16-10-2024T08:46:26 - [TEST_STEP][PASSED] - y = year.toInteger(): null

16-10-2024T08:46:26 - [TEST_STEP][PASSED] - m = getText(findTestObject("Выполнение бизнес-плана/Период")): Text of object 'Object Repository/Выполнение бизнес-плана/Период' is: '1, 2 кв., Июль, Август 2024 года'

16-10-2024T08:46:26 - [MESSAGE][PASSED] - Text of object 'Object Repository/Выполнение бизнес-плана/Период' is: '1, 2 кв., Июль, Август 2024 года'

16-10-2024T08:46:26 - [TEST_STEP][PASSED] - m = m.substring(0, m.indexOf("2024")): null

16-10-2024T08:46:26 - [TEST_STEP][PASSED] - m = m.trim(): null

16-10-2024T08:46:26 - [TEST_STEP][PASSED] - dashboardName = "Выполнение бизнес-плана": null

16-10-2024T08:46:26 - [TEST_STEP][PASSED] - workbook01 = getWorkbook(excelFilePath): null

16-10-2024T08:46:26 - [TEST_STEP][PASSED] - sheet01 = getExcelSheet(workbook01, sheetName): null

16-10-2024T08:46:26 - [TEST_STEP][PASSED] - setValueToCellByIndex(sheet01, n, 0, dashboardName): null

16-10-2024T08:46:26 - [TEST_STEP][PASSED] - setValueToCellByIndex(sheet01, n, 1, dZO): null

16-10-2024T08:46:26 - [TEST_STEP][PASSED] - setValueToCellByIndex(sheet01, n, 2, typeOfData): null

16-10-2024T08:46:26 - [TEST_STEP][PASSED] - if (typeOfData == "Факт в процентах" || typeOfData == "План в процентах"): null

16-10-2024T08:46:26 - [TEST_STEP][PASSED] - else: null

16-10-2024T08:46:26 - [TEST_STEP][PASSED] - setValueToCellByIndex(sheet01, n, 3, fileInt): null

16-10-2024T08:46:26 - [TEST_STEP][PASSED] - setValueToCellByIndex(sheet01, n, 4, pageInt): null

16-10-2024T08:46:26 - [TEST_STEP][PASSED] - setValueToCellByIndex(sheet01, n, 5, m): null

16-10-2024T08:46:26 - [TEST_STEP][PASSED] - setValueToCellByIndex(sheet01, n, 6, y): null

16-10-2024T08:46:26 - [TEST_STEP][PASSED] - setValueToCellByIndex(sheet01, n, 7, todaysDate): null

16-10-2024T08:46:26 - [TEST_STEP][PASSED] - n = n + 1: null

16-10-2024T08:46:26 - [TEST_STEP][PASSED] - saveWorkbook(excelFilePath, workbook01): Object: 'Object Repository/Выполнение бизнес-плана/Кнопка Факт' is clicked on

16-10-2024T08:46:27 - [TEST_STEP][PASSED] - if (planFact == 2): Object: 'Object Repository/Выполнение бизнес-плана/Кнопка Факт' is clicked on

16-10-2024T08:46:27 - [TEST_STEP][PASSED] - click(findTestObject("Выполнение бизнес-плана/Кнопка Факт")): Object: 'Object Repository/Выполнение бизнес-плана/Кнопка Факт' is clicked on

16-10-2024T08:46:27 - [MESSAGE][PASSED] - Object: 'Object Repository/Выполнение бизнес-плана/Кнопка Факт' is clicked on

16-10-2024T08:46:27 - [TEST_STEP][PASSED] - if (a == 84 || a == 82): null

16-10-2024T08:46:27 - [TEST_STEP][PASSED] - page = getText(findTestObject("Выполнение бизнес-плана/textPlanFact")): Text of object 'Object Repository/Выполнение бизнес-плана/textPlanFact' is: '%
5.34 5.34
5.33 5.33
План
Факт
1
100'

16-10-2024T08:46:27 - [MESSAGE][PASSED] - Text of object 'Object Repository/Выполнение бизнес-плана/textPlanFact' is: '%
5.34 5.34
5.33 5.33
План
Факт
1
100'

16-10-2024T08:46:27 - [TEST_STEP][PASSED] - page = page.replaceAll("\n", "_"): null

16-10-2024T08:46:27 - [TEST_STEP][PASSED] - page = page.substring(page.indexOf("_") + 1, page.length()): null

16-10-2024T08:46:27 - [TEST_STEP][PASSED] - page1 = page.substring(0, page.indexOf("_")): null

16-10-2024T08:46:27 - [TEST_STEP][PASSED] - page1 = page.substring(0, page.indexOf(" ")): null

16-10-2024T08:46:27 - [TEST_STEP][PASSED] - page2 = page.substring(page.indexOf("_") + 1, page.length()): null

16-10-2024T08:46:27 - [TEST_STEP][PASSED] - page2 = page2.substring(0, page.indexOf("_")): null

16-10-2024T08:46:27 - [TEST_STEP][PASSED] - page2 = page2.substring(0, page.indexOf(" ")): null

16-10-2024T08:46:27 - [TEST_STEP][PASSED] - println("page1: " + page1): null

16-10-2024T08:46:27 - [TEST_STEP][PASSED] - println("page2: " + page2): null

16-10-2024T08:46:27 - [TEST_STEP][PASSED] - file = findTestData("PlanFact").getValue(4, a): null

16-10-2024T08:46:27 - [TEST_STEP][PASSED] - file = file.replace(",", "."): null

16-10-2024T08:46:27 - [TEST_STEP][PASSED] - println("file Plan: " + file): null

16-10-2024T08:46:27 - [TEST_STEP][PASSED] - typeOfData = "План в процентах": null

16-10-2024T08:46:27 - [TEST_STEP][PASSED] - fileDouble = file.toDouble(): null

16-10-2024T08:46:27 - [TEST_STEP][PASSED] - pageDouble = page1.toDouble(): null

16-10-2024T08:46:27 - [TEST_STEP][PASSED] - if (fileDouble != pageDouble): null

16-10-2024T08:46:27 - [TEST_STEP][PASSED] - numberOfErrors = numberOfErrors + 1: null

16-10-2024T08:46:27 - [TEST_STEP][PASSED] - Script1718980020443.WriteToExcel(a, typeOfData, todaysDate, pageInt, fileInt, pageDouble, fileDouble, dZO): null

16-10-2024T08:46:27 - [TEST_STEP][PASSED] - sheetName = "Sheet1": null

16-10-2024T08:46:27 - [TEST_STEP][PASSED] - data = findTestData("PlanFact"): null

16-10-2024T08:46:27 - [TEST_STEP][PASSED] - n = data.getRowNumbers() + 1: null

16-10-2024T08:46:27 - [TEST_STEP][PASSED] - year = todaysDate.substring(todaysDate.length() - 4, todaysDate.length()): null

16-10-2024T08:46:27 - [TEST_STEP][PASSED] - y = year.toInteger(): null

16-10-2024T08:46:27 - [TEST_STEP][PASSED] - m = getText(findTestObject("Выполнение бизнес-плана/Период")): Text of object 'Object Repository/Выполнение бизнес-плана/Период' is: '1, 2 кв., Июль, Август 2024 года'

16-10-2024T08:46:28 - [MESSAGE][PASSED] - Text of object 'Object Repository/Выполнение бизнес-плана/Период' is: '1, 2 кв., Июль, Август 2024 года'

16-10-2024T08:46:28 - [TEST_STEP][PASSED] - m = m.substring(0, m.indexOf("2024")): null

16-10-2024T08:46:28 - [TEST_STEP][PASSED] - m = m.trim(): null

16-10-2024T08:46:28 - [TEST_STEP][PASSED] - dashboardName = "Выполнение бизнес-плана": null

16-10-2024T08:46:28 - [TEST_STEP][PASSED] - workbook01 = getWorkbook(excelFilePath): null

16-10-2024T08:46:28 - [TEST_STEP][PASSED] - sheet01 = getExcelSheet(workbook01, sheetName): null

16-10-2024T08:46:28 - [TEST_STEP][PASSED] - setValueToCellByIndex(sheet01, n, 0, dashboardName): null

16-10-2024T08:46:28 - [TEST_STEP][PASSED] - setValueToCellByIndex(sheet01, n, 1, dZO): null

16-10-2024T08:46:28 - [TEST_STEP][PASSED] - setValueToCellByIndex(sheet01, n, 2, typeOfData): null

16-10-2024T08:46:28 - [TEST_STEP][PASSED] - if (typeOfData == "Факт в процентах" || typeOfData == "План в процентах"): null

16-10-2024T08:46:28 - [TEST_STEP][PASSED] - setValueToCellByIndex(sheet01, n, 3, fileDouble): null

16-10-2024T08:46:28 - [TEST_STEP][PASSED] - setValueToCellByIndex(sheet01, n, 4, pageDouble): null

16-10-2024T08:46:28 - [TEST_STEP][PASSED] - setValueToCellByIndex(sheet01, n, 5, m): null

16-10-2024T08:46:28 - [TEST_STEP][PASSED] - setValueToCellByIndex(sheet01, n, 6, y): null

16-10-2024T08:46:28 - [TEST_STEP][PASSED] - setValueToCellByIndex(sheet01, n, 7, todaysDate): null

16-10-2024T08:46:28 - [TEST_STEP][PASSED] - n = n + 1: null

16-10-2024T08:46:28 - [TEST_STEP][PASSED] - saveWorkbook(excelFilePath, workbook01): null

16-10-2024T08:46:28 - [TEST_STEP][PASSED] - file = findTestData("PlanFact").getValue(7, a): null

16-10-2024T08:46:28 - [TEST_STEP][PASSED] - file = file.replace(",", "."): null

16-10-2024T08:46:28 - [TEST_STEP][PASSED] - println("file Fact: " + file): null

16-10-2024T08:46:28 - [TEST_STEP][PASSED] - fileDouble = file.toDouble(): null

16-10-2024T08:46:28 - [TEST_STEP][PASSED] - typeOfData = "Факт в процентах": null

16-10-2024T08:46:28 - [TEST_STEP][PASSED] - fileDouble = file.toDouble(): null

16-10-2024T08:46:28 - [TEST_STEP][PASSED] - pageDouble = page2.toDouble(): null

16-10-2024T08:46:28 - [TEST_STEP][PASSED] - if (fileDouble != pageDouble): null

16-10-2024T08:46:28 - [TEST_STEP][PASSED] - numberOfErrors = numberOfErrors + 1: null

16-10-2024T08:46:28 - [TEST_STEP][PASSED] - Script1718980020443.WriteToExcel(a, typeOfData, todaysDate, pageInt, fileInt, pageDouble, fileDouble, dZO): null

16-10-2024T08:46:28 - [TEST_STEP][PASSED] - sheetName = "Sheet1": null

16-10-2024T08:46:28 - [TEST_STEP][PASSED] - data = findTestData("PlanFact"): null

16-10-2024T08:46:28 - [TEST_STEP][PASSED] - n = data.getRowNumbers() + 1: null

16-10-2024T08:46:28 - [TEST_STEP][PASSED] - year = todaysDate.substring(todaysDate.length() - 4, todaysDate.length()): null

16-10-2024T08:46:28 - [TEST_STEP][PASSED] - y = year.toInteger(): null

16-10-2024T08:46:28 - [TEST_STEP][PASSED] - m = getText(findTestObject("Выполнение бизнес-плана/Период")): Text of object 'Object Repository/Выполнение бизнес-плана/Период' is: '1, 2 кв., Июль, Август 2024 года'

16-10-2024T08:46:28 - [MESSAGE][PASSED] - Text of object 'Object Repository/Выполнение бизнес-плана/Период' is: '1, 2 кв., Июль, Август 2024 года'

16-10-2024T08:46:28 - [TEST_STEP][PASSED] - m = m.substring(0, m.indexOf("2024")): null

16-10-2024T08:46:28 - [TEST_STEP][PASSED] - m = m.trim(): null

16-10-2024T08:46:28 - [TEST_STEP][PASSED] - dashboardName = "Выполнение бизнес-плана": null

16-10-2024T08:46:28 - [TEST_STEP][PASSED] - workbook01 = getWorkbook(excelFilePath): null

16-10-2024T08:46:28 - [TEST_STEP][PASSED] - sheet01 = getExcelSheet(workbook01, sheetName): null

16-10-2024T08:46:28 - [TEST_STEP][PASSED] - setValueToCellByIndex(sheet01, n, 0, dashboardName): null

16-10-2024T08:46:28 - [TEST_STEP][PASSED] - setValueToCellByIndex(sheet01, n, 1, dZO): null

16-10-2024T08:46:28 - [TEST_STEP][PASSED] - setValueToCellByIndex(sheet01, n, 2, typeOfData): null

16-10-2024T08:46:28 - [TEST_STEP][PASSED] - if (typeOfData == "Факт в процентах" || typeOfData == "План в процентах"): null

16-10-2024T08:46:28 - [TEST_STEP][PASSED] - setValueToCellByIndex(sheet01, n, 3, fileDouble): null

16-10-2024T08:46:28 - [TEST_STEP][PASSED] - setValueToCellByIndex(sheet01, n, 4, pageDouble): null

16-10-2024T08:46:28 - [TEST_STEP][PASSED] - setValueToCellByIndex(sheet01, n, 5, m): null

16-10-2024T08:46:28 - [TEST_STEP][PASSED] - setValueToCellByIndex(sheet01, n, 6, y): null

16-10-2024T08:46:28 - [TEST_STEP][PASSED] - setValueToCellByIndex(sheet01, n, 7, todaysDate): null

16-10-2024T08:46:28 - [TEST_STEP][PASSED] - n = n + 1: null

16-10-2024T08:46:28 - [TEST_STEP][PASSED] - saveWorkbook(excelFilePath, workbook01): null

16-10-2024T08:46:29 - [TEST_STEP][FAILED] - if (verifyEqual(numberOfErrors, 0) == false): null

16-10-2024T08:46:29 - [MESSAGE][FAILED] - Unable to verify equal between actual object '6' and expected object '0' (Root cause: com.kms.katalon.core.exception.StepFailedException: Actual object '6' and expected object '0' are not equal
	at com.kms.katalon.core.keyword.builtin.VerifyEqualKeyword$_verifyEqual_closure1.doCall(VerifyEqualKeyword.groovy:58)
	at com.kms.katalon.core.keyword.builtin.VerifyEqualKeyword$_verifyEqual_closure1.call(VerifyEqualKeyword.groovy)
	at com.kms.katalon.core.keyword.internal.KeywordMain.runKeyword(KeywordMain.groovy:75)
	at com.kms.katalon.core.keyword.builtin.VerifyEqualKeyword.verifyEqual(VerifyEqualKeyword.groovy:63)
	at com.kms.katalon.core.keyword.builtin.VerifyEqualKeyword.execute(VerifyEqualKeyword.groovy:44)
	at com.kms.katalon.core.keyword.internal.KeywordExecutor.executeKeywordForPlatform(KeywordExecutor.groovy:74)
	at com.kms.katalon.core.keyword.BuiltinKeywords.verifyEqual(BuiltinKeywords.groovy:146)
	at java.base/jdk.internal.reflect.NativeMethodAccessorImpl.invoke0(Native Method)
	at java.base/jdk.internal.reflect.NativeMethodAccessorImpl.invoke(NativeMethodAccessorImpl.java:77)
	at java.base/jdk.internal.reflect.DelegatingMethodAccessorImpl.invoke(DelegatingMethodAccessorImpl.java:43)
	at Выполнение бизнес-плана Сверка ПАО Россети все филиалы.Numbers(Выполнение бизнес-плана Сверка ПАО Россети все филиалы:749)
	at Выполнение бизнес-плана Сверка ПАО Россети все филиалы.run(Выполнение бизнес-плана Сверка ПАО Россети все филиалы:198)
	at com.kms.katalon.core.main.ScriptEngine.run(ScriptEngine.java:194)
	at com.kms.katalon.core.main.ScriptEngine.runScriptAsRawText(ScriptEngine.java:119)
	at com.kms.katalon.core.main.TestCaseExecutor.runScript(TestCaseExecutor.java:448)
	at com.kms.katalon.core.main.TestCaseExecutor.doExecute(TestCaseExecutor.java:439)
	at com.kms.katalon.core.main.TestCaseExecutor.processExecutionPhase(TestCaseExecutor.java:418)
	at com.kms.katalon.core.main.TestCaseExecutor.accessMainPhase(TestCaseExecutor.java:410)
	at com.kms.katalon.core.main.TestCaseExecutor.execute(TestCaseExecutor.java:285)
	at com.kms.katalon.core.common.CommonExecutor.accessTestCaseMainPhase(CommonExecutor.java:65)
	at com.kms.katalon.core.main.TestSuiteExecutor.accessTestSuiteMainPhase(TestSuiteExecutor.java:150)
	at com.kms.katalon.core.main.TestSuiteExecutor.execute(TestSuiteExecutor.java:106)
	at com.kms.katalon.core.main.TestCaseMain.startTestSuite(TestCaseMain.java:180)
	at TempTestSuite1729057289574.run(TempTestSuite1729057289574.groovy:35)
	at java.base/jdk.internal.reflect.NativeMethodAccessorImpl.invoke0(Native Method)
	at java.base/jdk.internal.reflect.NativeMethodAccessorImpl.invoke(NativeMethodAccessorImpl.java:77)
	at java.base/jdk.internal.reflect.DelegatingMethodAccessorImpl.invoke(DelegatingMethodAccessorImpl.java:43)
)

16-10-2024T08:46:29 - [TEST_STEP][PASSED] - println(numberOfErrors): null

16-10-2024T08:46:29 - [TEST_STEP][PASSED] - if (a == 28 || a == 77 || a == 74 || a == 65 || a == 36 || a == 44 || a == 54 || a == 1 || a == 18 || a == 59): null

16-10-2024T08:46:29 - [TEST_STEP][PASSED] - if (a == 82): null

16-10-2024T08:46:29 - [TEST_STEP][PASSED] - dZO = "Россети ФСК ЕЭС": null

16-10-2024T08:46:29 - [TEST_STEP][PASSED] - a = 83: null

16-10-2024T08:46:29 - [TEST_STEP][PASSED] - if (x1.contains(dZO)): null

16-10-2024T08:46:29 - [TEST_STEP][PASSED] - else: null

16-10-2024T08:46:29 - [TEST_STEP][PASSED] - Script1718980020443.NoData(a, typeOfData, todaysDate, fileInt, fileDouble, dZO): null

16-10-2024T08:46:29 - [TEST_STEP][PASSED] - println(a): null

16-10-2024T08:46:29 - [TEST_STEP][PASSED] - println(todaysDate): null

16-10-2024T08:46:29 - [TEST_STEP][PASSED] - println(fileInt): null

16-10-2024T08:46:29 - [TEST_STEP][PASSED] - println(fileDouble): null

16-10-2024T08:46:29 - [TEST_STEP][PASSED] - println(dZO): null

16-10-2024T08:46:29 - [TEST_STEP][PASSED] - typeOfData = "Факт Отпуск в сеть": null

16-10-2024T08:46:29 - [TEST_STEP][PASSED] - fileInt = replaceAll("\s+", "").toInteger(): null

16-10-2024T08:46:29 - [TEST_STEP][PASSED] - Script1718980020443.WriteToExcelNoData(a, typeOfData, todaysDate, fileInt, fileDouble, dZO): null

16-10-2024T08:46:29 - [TEST_STEP][PASSED] - sheetName = "Sheet1": null

16-10-2024T08:46:29 - [TEST_STEP][PASSED] - data = findTestData("PlanFact"): null

16-10-2024T08:46:29 - [TEST_STEP][PASSED] - n = data.getRowNumbers() + 1: null

16-10-2024T08:46:29 - [TEST_STEP][PASSED] - year = todaysDate.substring(todaysDate.length() - 4, todaysDate.length()): null

16-10-2024T08:46:29 - [TEST_STEP][PASSED] - y = year.toInteger(): null

16-10-2024T08:46:29 - [TEST_STEP][PASSED] - m = getText(findTestObject("Выполнение бизнес-плана/Период")): Text of object 'Object Repository/Выполнение бизнес-плана/Период' is: '1, 2 кв., Июль, Август 2024 года'

16-10-2024T08:46:29 - [MESSAGE][PASSED] - Text of object 'Object Repository/Выполнение бизнес-плана/Период' is: '1, 2 кв., Июль, Август 2024 года'

16-10-2024T08:46:29 - [TEST_STEP][PASSED] - m = m.substring(0, m.indexOf("2024")): null

16-10-2024T08:46:29 - [TEST_STEP][PASSED] - m = m.trim(): null

16-10-2024T08:46:29 - [TEST_STEP][PASSED] - dashboardName = "Выполнение бизнес-плана": null

16-10-2024T08:46:29 - [TEST_STEP][PASSED] - workbook01 = getWorkbook(excelFilePath): null

16-10-2024T08:46:29 - [TEST_STEP][PASSED] - sheet01 = getExcelSheet(workbook01, sheetName): null

16-10-2024T08:46:29 - [TEST_STEP][PASSED] - setValueToCellByIndex(sheet01, n, 0, dashboardName): null

16-10-2024T08:46:29 - [TEST_STEP][PASSED] - setValueToCellByIndex(sheet01, n, 1, dZO): null

16-10-2024T08:46:29 - [TEST_STEP][PASSED] - setValueToCellByIndex(sheet01, n, 2, typeOfData): null

16-10-2024T08:46:29 - [TEST_STEP][PASSED] - if (typeOfData == "Факт в процентах" || typeOfData == "План в процентах"): null

16-10-2024T08:46:29 - [TEST_STEP][PASSED] - else: null

16-10-2024T08:46:29 - [TEST_STEP][PASSED] - setValueToCellByIndex(sheet01, n, 3, fileInt): null

16-10-2024T08:46:29 - [TEST_STEP][PASSED] - setValueToCellByIndex(sheet01, n, 4, "нет данных"): null

16-10-2024T08:46:29 - [TEST_STEP][PASSED] - setValueToCellByIndex(sheet01, n, 5, m): null

16-10-2024T08:46:29 - [TEST_STEP][PASSED] - setValueToCellByIndex(sheet01, n, 6, y): null

16-10-2024T08:46:29 - [TEST_STEP][PASSED] - setValueToCellByIndex(sheet01, n, 7, todaysDate): null

16-10-2024T08:46:29 - [TEST_STEP][PASSED] - n = n + 1: null

16-10-2024T08:46:29 - [TEST_STEP][PASSED] - saveWorkbook(excelFilePath, workbook01): null

16-10-2024T08:46:29 - [TEST_STEP][PASSED] - typeOfData = "Факт Потери": null

16-10-2024T08:46:29 - [TEST_STEP][PASSED] - fileInt = replaceAll("\s+", "").toInteger(): null

16-10-2024T08:46:29 - [TEST_STEP][PASSED] - Script1718980020443.WriteToExcelNoData(a, typeOfData, todaysDate, fileInt, fileDouble, dZO): null

16-10-2024T08:46:29 - [TEST_STEP][PASSED] - sheetName = "Sheet1": null

16-10-2024T08:46:29 - [TEST_STEP][PASSED] - data = findTestData("PlanFact"): null

16-10-2024T08:46:29 - [TEST_STEP][PASSED] - n = data.getRowNumbers() + 1: null

16-10-2024T08:46:29 - [TEST_STEP][PASSED] - year = todaysDate.substring(todaysDate.length() - 4, todaysDate.length()): null

16-10-2024T08:46:29 - [TEST_STEP][PASSED] - y = year.toInteger(): null

16-10-2024T08:46:29 - [TEST_STEP][PASSED] - m = getText(findTestObject("Выполнение бизнес-плана/Период")): Text of object 'Object Repository/Выполнение бизнес-плана/Период' is: '1, 2 кв., Июль, Август 2024 года'

16-10-2024T08:46:30 - [MESSAGE][PASSED] - Text of object 'Object Repository/Выполнение бизнес-плана/Период' is: '1, 2 кв., Июль, Август 2024 года'

16-10-2024T08:46:30 - [TEST_STEP][PASSED] - m = m.substring(0, m.indexOf("2024")): null

16-10-2024T08:46:30 - [TEST_STEP][PASSED] - m = m.trim(): null

16-10-2024T08:46:30 - [TEST_STEP][PASSED] - dashboardName = "Выполнение бизнес-плана": null

16-10-2024T08:46:30 - [TEST_STEP][PASSED] - workbook01 = getWorkbook(excelFilePath): null

16-10-2024T08:46:30 - [TEST_STEP][PASSED] - sheet01 = getExcelSheet(workbook01, sheetName): null

16-10-2024T08:46:30 - [TEST_STEP][PASSED] - setValueToCellByIndex(sheet01, n, 0, dashboardName): null

16-10-2024T08:46:30 - [TEST_STEP][PASSED] - setValueToCellByIndex(sheet01, n, 1, dZO): null

16-10-2024T08:46:30 - [TEST_STEP][PASSED] - setValueToCellByIndex(sheet01, n, 2, typeOfData): null

16-10-2024T08:46:30 - [TEST_STEP][PASSED] - if (typeOfData == "Факт в процентах" || typeOfData == "План в процентах"): null

16-10-2024T08:46:30 - [TEST_STEP][PASSED] - else: null

16-10-2024T08:46:30 - [TEST_STEP][PASSED] - setValueToCellByIndex(sheet01, n, 3, fileInt): null

16-10-2024T08:46:30 - [TEST_STEP][PASSED] - setValueToCellByIndex(sheet01, n, 4, "нет данных"): null

16-10-2024T08:46:30 - [TEST_STEP][PASSED] - setValueToCellByIndex(sheet01, n, 5, m): null

16-10-2024T08:46:30 - [TEST_STEP][PASSED] - setValueToCellByIndex(sheet01, n, 6, y): null

16-10-2024T08:46:30 - [TEST_STEP][PASSED] - setValueToCellByIndex(sheet01, n, 7, todaysDate): null

16-10-2024T08:46:30 - [TEST_STEP][PASSED] - n = n + 1: null

16-10-2024T08:46:30 - [TEST_STEP][PASSED] - saveWorkbook(excelFilePath, workbook01): null

16-10-2024T08:46:30 - [TEST_STEP][PASSED] - typeOfData = "План Отпуск в сеть": null

16-10-2024T08:46:30 - [TEST_STEP][PASSED] - fileInt = replaceAll("\s+", "").toInteger(): null

16-10-2024T08:46:30 - [TEST_STEP][PASSED] - Script1718980020443.WriteToExcelNoData(a, typeOfData, todaysDate, fileInt, fileDouble, dZO): null

16-10-2024T08:46:30 - [TEST_STEP][PASSED] - sheetName = "Sheet1": null

16-10-2024T08:46:30 - [TEST_STEP][PASSED] - data = findTestData("PlanFact"): null

16-10-2024T08:46:30 - [TEST_STEP][PASSED] - n = data.getRowNumbers() + 1: null

16-10-2024T08:46:30 - [TEST_STEP][PASSED] - year = todaysDate.substring(todaysDate.length() - 4, todaysDate.length()): null

16-10-2024T08:46:30 - [TEST_STEP][PASSED] - y = year.toInteger(): null

16-10-2024T08:46:30 - [TEST_STEP][PASSED] - m = getText(findTestObject("Выполнение бизнес-плана/Период")): Text of object 'Object Repository/Выполнение бизнес-плана/Период' is: '1, 2 кв., Июль, Август 2024 года'

16-10-2024T08:46:30 - [MESSAGE][PASSED] - Text of object 'Object Repository/Выполнение бизнес-плана/Период' is: '1, 2 кв., Июль, Август 2024 года'

16-10-2024T08:46:30 - [TEST_STEP][PASSED] - m = m.substring(0, m.indexOf("2024")): null

16-10-2024T08:46:30 - [TEST_STEP][PASSED] - m = m.trim(): null

16-10-2024T08:46:30 - [TEST_STEP][PASSED] - dashboardName = "Выполнение бизнес-плана": null

16-10-2024T08:46:30 - [TEST_STEP][PASSED] - workbook01 = getWorkbook(excelFilePath): null

16-10-2024T08:46:31 - [TEST_STEP][PASSED] - sheet01 = getExcelSheet(workbook01, sheetName): null

16-10-2024T08:46:31 - [TEST_STEP][PASSED] - setValueToCellByIndex(sheet01, n, 0, dashboardName): null

16-10-2024T08:46:31 - [TEST_STEP][PASSED] - setValueToCellByIndex(sheet01, n, 1, dZO): null

16-10-2024T08:46:31 - [TEST_STEP][PASSED] - setValueToCellByIndex(sheet01, n, 2, typeOfData): null

16-10-2024T08:46:31 - [TEST_STEP][PASSED] - if (typeOfData == "Факт в процентах" || typeOfData == "План в процентах"): null

16-10-2024T08:46:31 - [TEST_STEP][PASSED] - else: null

16-10-2024T08:46:31 - [TEST_STEP][PASSED] - setValueToCellByIndex(sheet01, n, 3, fileInt): null

16-10-2024T08:46:31 - [TEST_STEP][PASSED] - setValueToCellByIndex(sheet01, n, 4, "нет данных"): null

16-10-2024T08:46:31 - [TEST_STEP][PASSED] - setValueToCellByIndex(sheet01, n, 5, m): null

16-10-2024T08:46:31 - [TEST_STEP][PASSED] - setValueToCellByIndex(sheet01, n, 6, y): null

16-10-2024T08:46:31 - [TEST_STEP][PASSED] - setValueToCellByIndex(sheet01, n, 7, todaysDate): null

16-10-2024T08:46:31 - [TEST_STEP][PASSED] - n = n + 1: null

16-10-2024T08:46:31 - [TEST_STEP][PASSED] - saveWorkbook(excelFilePath, workbook01): null

16-10-2024T08:46:31 - [TEST_STEP][PASSED] - typeOfData = "План Потери": null

16-10-2024T08:46:31 - [TEST_STEP][PASSED] - fileInt = replaceAll("\s+", "").toInteger(): null

16-10-2024T08:46:31 - [TEST_STEP][PASSED] - Script1718980020443.WriteToExcelNoData(a, typeOfData, todaysDate, fileInt, fileDouble, dZO): null

16-10-2024T08:46:31 - [TEST_STEP][PASSED] - sheetName = "Sheet1": null

16-10-2024T08:46:31 - [TEST_STEP][PASSED] - data = findTestData("PlanFact"): null

16-10-2024T08:46:31 - [TEST_STEP][PASSED] - n = data.getRowNumbers() + 1: null

16-10-2024T08:46:31 - [TEST_STEP][PASSED] - year = todaysDate.substring(todaysDate.length() - 4, todaysDate.length()): null

16-10-2024T08:46:31 - [TEST_STEP][PASSED] - y = year.toInteger(): null

16-10-2024T08:46:31 - [TEST_STEP][PASSED] - m = getText(findTestObject("Выполнение бизнес-плана/Период")): Text of object 'Object Repository/Выполнение бизнес-плана/Период' is: '1, 2 кв., Июль, Август 2024 года'

16-10-2024T08:46:31 - [MESSAGE][PASSED] - Text of object 'Object Repository/Выполнение бизнес-плана/Период' is: '1, 2 кв., Июль, Август 2024 года'

16-10-2024T08:46:31 - [TEST_STEP][PASSED] - m = m.substring(0, m.indexOf("2024")): null

16-10-2024T08:46:31 - [TEST_STEP][PASSED] - m = m.trim(): null

16-10-2024T08:46:31 - [TEST_STEP][PASSED] - dashboardName = "Выполнение бизнес-плана": null

16-10-2024T08:46:31 - [TEST_STEP][PASSED] - workbook01 = getWorkbook(excelFilePath): null

16-10-2024T08:46:31 - [TEST_STEP][PASSED] - sheet01 = getExcelSheet(workbook01, sheetName): null

16-10-2024T08:46:31 - [TEST_STEP][PASSED] - setValueToCellByIndex(sheet01, n, 0, dashboardName): null

16-10-2024T08:46:31 - [TEST_STEP][PASSED] - setValueToCellByIndex(sheet01, n, 1, dZO): null

16-10-2024T08:46:31 - [TEST_STEP][PASSED] - setValueToCellByIndex(sheet01, n, 2, typeOfData): null

16-10-2024T08:46:31 - [TEST_STEP][PASSED] - if (typeOfData == "Факт в процентах" || typeOfData == "План в процентах"): null

16-10-2024T08:46:31 - [TEST_STEP][PASSED] - else: null

16-10-2024T08:46:31 - [TEST_STEP][PASSED] - setValueToCellByIndex(sheet01, n, 3, fileInt): null

16-10-2024T08:46:31 - [TEST_STEP][PASSED] - setValueToCellByIndex(sheet01, n, 4, "нет данных"): null

16-10-2024T08:46:31 - [TEST_STEP][PASSED] - setValueToCellByIndex(sheet01, n, 5, m): null

16-10-2024T08:46:31 - [TEST_STEP][PASSED] - setValueToCellByIndex(sheet01, n, 6, y): null

16-10-2024T08:46:31 - [TEST_STEP][PASSED] - setValueToCellByIndex(sheet01, n, 7, todaysDate): null

16-10-2024T08:46:31 - [TEST_STEP][PASSED] - n = n + 1: null

16-10-2024T08:46:31 - [TEST_STEP][PASSED] - saveWorkbook(excelFilePath, workbook01): null

16-10-2024T08:46:31 - [TEST_STEP][PASSED] - typeOfData = "План в процентах": null

16-10-2024T08:46:31 - [TEST_STEP][PASSED] - fileDouble = ").toDouble(): null

16-10-2024T08:46:31 - [TEST_STEP][PASSED] - Script1718980020443.WriteToExcelNoData(a, typeOfData, todaysDate, fileInt, fileDouble, dZO): null

16-10-2024T08:46:31 - [TEST_STEP][PASSED] - sheetName = "Sheet1": null

16-10-2024T08:46:31 - [TEST_STEP][PASSED] - data = findTestData("PlanFact"): null

16-10-2024T08:46:31 - [TEST_STEP][PASSED] - n = data.getRowNumbers() + 1: null

16-10-2024T08:46:31 - [TEST_STEP][PASSED] - year = todaysDate.substring(todaysDate.length() - 4, todaysDate.length()): null

16-10-2024T08:46:31 - [TEST_STEP][PASSED] - y = year.toInteger(): null

16-10-2024T08:46:31 - [TEST_STEP][PASSED] - m = getText(findTestObject("Выполнение бизнес-плана/Период")): Text of object 'Object Repository/Выполнение бизнес-плана/Период' is: '1, 2 кв., Июль, Август 2024 года'

16-10-2024T08:46:32 - [MESSAGE][PASSED] - Text of object 'Object Repository/Выполнение бизнес-плана/Период' is: '1, 2 кв., Июль, Август 2024 года'

16-10-2024T08:46:32 - [TEST_STEP][PASSED] - m = m.substring(0, m.indexOf("2024")): null

16-10-2024T08:46:32 - [TEST_STEP][PASSED] - m = m.trim(): null

16-10-2024T08:46:32 - [TEST_STEP][PASSED] - dashboardName = "Выполнение бизнес-плана": null

16-10-2024T08:46:32 - [TEST_STEP][PASSED] - workbook01 = getWorkbook(excelFilePath): null

16-10-2024T08:46:32 - [TEST_STEP][PASSED] - sheet01 = getExcelSheet(workbook01, sheetName): null

16-10-2024T08:46:32 - [TEST_STEP][PASSED] - setValueToCellByIndex(sheet01, n, 0, dashboardName): null

16-10-2024T08:46:32 - [TEST_STEP][PASSED] - setValueToCellByIndex(sheet01, n, 1, dZO): null

16-10-2024T08:46:32 - [TEST_STEP][PASSED] - setValueToCellByIndex(sheet01, n, 2, typeOfData): null

16-10-2024T08:46:32 - [TEST_STEP][PASSED] - if (typeOfData == "Факт в процентах" || typeOfData == "План в процентах"): null

16-10-2024T08:46:32 - [TEST_STEP][PASSED] - setValueToCellByIndex(sheet01, n, 3, fileDouble): null

16-10-2024T08:46:32 - [TEST_STEP][PASSED] - setValueToCellByIndex(sheet01, n, 4, "нет данных"): null

16-10-2024T08:46:32 - [TEST_STEP][PASSED] - setValueToCellByIndex(sheet01, n, 5, m): null

16-10-2024T08:46:32 - [TEST_STEP][PASSED] - setValueToCellByIndex(sheet01, n, 6, y): null

16-10-2024T08:46:32 - [TEST_STEP][PASSED] - setValueToCellByIndex(sheet01, n, 7, todaysDate): null

16-10-2024T08:46:32 - [TEST_STEP][PASSED] - n = n + 1: null

16-10-2024T08:46:32 - [TEST_STEP][PASSED] - saveWorkbook(excelFilePath, workbook01): null

16-10-2024T08:46:32 - [TEST_STEP][PASSED] - typeOfData = "Факт в процентах": null

16-10-2024T08:46:32 - [TEST_STEP][PASSED] - fileDouble = ").toDouble(): null

16-10-2024T08:46:32 - [TEST_STEP][PASSED] - Script1718980020443.WriteToExcelNoData(a, typeOfData, todaysDate, fileInt, fileDouble, dZO): null

16-10-2024T08:46:32 - [TEST_STEP][PASSED] - sheetName = "Sheet1": null

16-10-2024T08:46:32 - [TEST_STEP][PASSED] - data = findTestData("PlanFact"): null

16-10-2024T08:46:32 - [TEST_STEP][PASSED] - n = data.getRowNumbers() + 1: null

16-10-2024T08:46:32 - [TEST_STEP][PASSED] - year = todaysDate.substring(todaysDate.length() - 4, todaysDate.length()): null

16-10-2024T08:46:32 - [TEST_STEP][PASSED] - y = year.toInteger(): null

16-10-2024T08:46:32 - [TEST_STEP][PASSED] - m = getText(findTestObject("Выполнение бизнес-плана/Период")): Text of object 'Object Repository/Выполнение бизнес-плана/Период' is: '1, 2 кв., Июль, Август 2024 года'

16-10-2024T08:46:32 - [MESSAGE][PASSED] - Text of object 'Object Repository/Выполнение бизнес-плана/Период' is: '1, 2 кв., Июль, Август 2024 года'

16-10-2024T08:46:32 - [TEST_STEP][PASSED] - m = m.substring(0, m.indexOf("2024")): null

16-10-2024T08:46:32 - [TEST_STEP][PASSED] - m = m.trim(): null

16-10-2024T08:46:32 - [TEST_STEP][PASSED] - dashboardName = "Выполнение бизнес-плана": null

16-10-2024T08:46:32 - [TEST_STEP][PASSED] - workbook01 = getWorkbook(excelFilePath): null

16-10-2024T08:46:32 - [TEST_STEP][PASSED] - sheet01 = getExcelSheet(workbook01, sheetName): null

16-10-2024T08:46:32 - [TEST_STEP][PASSED] - setValueToCellByIndex(sheet01, n, 0, dashboardName): null

16-10-2024T08:46:32 - [TEST_STEP][PASSED] - setValueToCellByIndex(sheet01, n, 1, dZO): null

16-10-2024T08:46:32 - [TEST_STEP][PASSED] - setValueToCellByIndex(sheet01, n, 2, typeOfData): null

16-10-2024T08:46:32 - [TEST_STEP][PASSED] - if (typeOfData == "Факт в процентах" || typeOfData == "План в процентах"): null

16-10-2024T08:46:32 - [TEST_STEP][PASSED] - setValueToCellByIndex(sheet01, n, 3, fileDouble): null

16-10-2024T08:46:32 - [TEST_STEP][PASSED] - setValueToCellByIndex(sheet01, n, 4, "нет данных"): null

16-10-2024T08:46:32 - [TEST_STEP][PASSED] - setValueToCellByIndex(sheet01, n, 5, m): null

16-10-2024T08:46:32 - [TEST_STEP][PASSED] - setValueToCellByIndex(sheet01, n, 6, y): null

16-10-2024T08:46:32 - [TEST_STEP][PASSED] - setValueToCellByIndex(sheet01, n, 7, todaysDate): null

16-10-2024T08:46:32 - [TEST_STEP][PASSED] - n = n + 1: null

16-10-2024T08:46:32 - [TEST_STEP][PASSED] - saveWorkbook(excelFilePath, workbook01): null

16-10-2024T08:46:33 - [TEST_STEP][PASSED] - println(dzoNum): null

16-10-2024T08:46:33 - [TEST_STEP][PASSED] - dZO = "РаспредКомплекс": null

16-10-2024T08:46:33 - [TEST_STEP][PASSED] - a = 82: null

16-10-2024T08:46:33 - [TEST_STEP][PASSED] - Script1718980020443.Numbers(a, typeOfData, todaysDate, pageInt, fileInt, pageDouble, fileDouble, dZO, dzoNum, filialNum): null

16-10-2024T08:46:33 - [TEST_STEP][PASSED] - println(dzoNum): null

16-10-2024T08:46:33 - [TEST_STEP][PASSED] - planFact = <not implemented yet for class: org.codehaus.groovy.ast.expr.EmptyExpression>: null

16-10-2024T08:46:33 - [TEST_STEP][PASSED] - page = <not implemented yet for class: org.codehaus.groovy.ast.expr.EmptyExpression>: null

16-10-2024T08:46:33 - [TEST_STEP][PASSED] - page1 = <not implemented yet for class: org.codehaus.groovy.ast.expr.EmptyExpression>: null

16-10-2024T08:46:33 - [TEST_STEP][PASSED] - page2 = <not implemented yet for class: org.codehaus.groovy.ast.expr.EmptyExpression>: null

16-10-2024T08:46:33 - [TEST_STEP][PASSED] - filialNumberInRow = <not implemented yet for class: org.codehaus.groovy.ast.expr.EmptyExpression>: null

16-10-2024T08:46:33 - [TEST_STEP][PASSED] - filialsDzoNames = <not implemented yet for class: org.codehaus.groovy.ast.expr.EmptyExpression>: null

16-10-2024T08:46:33 - [TEST_STEP][PASSED] - numberOfFilials = <not implemented yet for class: org.codehaus.groovy.ast.expr.EmptyExpression>: null

16-10-2024T08:46:33 - [TEST_STEP][PASSED] - numberOfSpaces = <not implemented yet for class: org.codehaus.groovy.ast.expr.EmptyExpression>: null

16-10-2024T08:46:33 - [TEST_STEP][PASSED] - file = <not implemented yet for class: org.codehaus.groovy.ast.expr.EmptyExpression>: null

16-10-2024T08:46:33 - [TEST_STEP][PASSED] - otpusk = <not implemented yet for class: org.codehaus.groovy.ast.expr.EmptyExpression>: null

16-10-2024T08:46:33 - [TEST_STEP][PASSED] - poteri = <not implemented yet for class: org.codehaus.groovy.ast.expr.EmptyExpression>: null

16-10-2024T08:46:33 - [TEST_STEP][PASSED] - dataFolder = "Выполнение бизнес-плана/Значения со страницы Выполнение бизнес-плана/": null

16-10-2024T08:46:33 - [TEST_STEP][PASSED] - path = <not implemented yet for class: org.codehaus.groovy.ast.expr.EmptyExpression>: null

16-10-2024T08:46:33 - [TEST_STEP][PASSED] - typeOfDataMain = <not implemented yet for class: org.codehaus.groovy.ast.expr.EmptyExpression>: null

16-10-2024T08:46:33 - [TEST_STEP][PASSED] - fileOtpuskVSet = <not implemented yet for class: org.codehaus.groovy.ast.expr.EmptyExpression>: null

16-10-2024T08:46:33 - [TEST_STEP][PASSED] - pageOtpuskVSet = <not implemented yet for class: org.codehaus.groovy.ast.expr.EmptyExpression>: null

16-10-2024T08:46:33 - [TEST_STEP][PASSED] - filePoteri = <not implemented yet for class: org.codehaus.groovy.ast.expr.EmptyExpression>: null

16-10-2024T08:46:33 - [TEST_STEP][PASSED] - pagePoteri = <not implemented yet for class: org.codehaus.groovy.ast.expr.EmptyExpression>: null

16-10-2024T08:46:33 - [TEST_STEP][PASSED] - compare = <not implemented yet for class: org.codehaus.groovy.ast.expr.EmptyExpression>: null

16-10-2024T08:46:33 - [TEST_STEP][PASSED] - b = <not implemented yet for class: org.codehaus.groovy.ast.expr.EmptyExpression>: null

16-10-2024T08:46:33 - [TEST_STEP][PASSED] - i = <not implemented yet for class: org.codehaus.groovy.ast.expr.EmptyExpression>: null

16-10-2024T08:46:33 - [TEST_STEP][PASSED] - ii = <not implemented yet for class: org.codehaus.groovy.ast.expr.EmptyExpression>: null

16-10-2024T08:46:33 - [TEST_STEP][PASSED] - c = <not implemented yet for class: org.codehaus.groovy.ast.expr.EmptyExpression>: null

16-10-2024T08:46:33 - [TEST_STEP][PASSED] - numberOfErrors = 0: null

16-10-2024T08:46:33 - [TEST_STEP][PASSED] - if (a == 82): null

16-10-2024T08:46:33 - [TEST_STEP][PASSED] - Script1718980020443.OpenFilter(): null

16-10-2024T08:46:33 - [TEST_STEP][PASSED] - click(findTestObject("Object Repository/Выполнение бизнес-плана/Фильтр ДЗО")): Object: 'Object Repository/Выполнение бизнес-плана/Фильтр ДЗО' is clicked on

16-10-2024T08:46:33 - [MESSAGE][PASSED] - Object: 'Object Repository/Выполнение бизнес-плана/Фильтр ДЗО' is clicked on

16-10-2024T08:46:33 - [TEST_STEP][PASSED] - click(findTestObject("Выполнение бизнес-плана/Снять выделение в фильтре ДЗО")): null

16-10-2024T08:46:34 - [MESSAGE][PASSED] - Object: 'Object Repository/Выполнение бизнес-плана/Снять выделение в фильтре ДЗО' is clicked on

16-10-2024T08:46:34 - [TEST_STEP][PASSED] - click(findTestObject("Выполнение бизнес-плана/Раскрыть список ПАО Россети в фильтре ДЗО")): Object: 'Object Repository/Выполнение бизнес-плана/Раскрыть список ПАО Россети в фильтре ДЗО' is clicked on

16-10-2024T08:46:34 - [MESSAGE][PASSED] - Object: 'Object Repository/Выполнение бизнес-плана/Раскрыть список ПАО Россети в фильтре ДЗО' is clicked on

16-10-2024T08:46:34 - [TEST_STEP][PASSED] - click(findTestObject("Выполнение бизнес-плана/РаспредКомплекс")): Object: 'Object Repository/Выполнение бизнес-плана/РаспредКомплекс' is clicked on

16-10-2024T08:46:34 - [MESSAGE][PASSED] - Object: 'Object Repository/Выполнение бизнес-плана/РаспредКомплекс' is clicked on

16-10-2024T08:46:34 - [TEST_STEP][PASSED] - Script1718980020443.CloseFilter(): null

16-10-2024T08:46:34 - [TEST_STEP][PASSED] - scrollToElement(findTestObject("Выполнение бизнес-плана/Заголовок дашборда"), 30): Scroll to object 'Object Repository/Выполнение бизнес-плана/Заголовок дашборда' successfully

16-10-2024T08:46:35 - [MESSAGE][PASSED] - Scroll to object 'Object Repository/Выполнение бизнес-плана/Заголовок дашборда' successfully

16-10-2024T08:46:35 - [TEST_STEP][PASSED] - click(findTestObject("Object Repository/Выполнение бизнес-плана/Применить в фильтре ДЗО")): null

16-10-2024T08:46:36 - [MESSAGE][PASSED] - Object: 'Object Repository/Выполнение бизнес-плана/Применить в фильтре ДЗО' is clicked on

16-10-2024T08:46:36 - [TEST_STEP][PASSED] - delay(5): Delayed 5 second(s)

16-10-2024T08:46:41 - [MESSAGE][PASSED] - Delayed 5 second(s)

16-10-2024T08:46:41 - [TEST_STEP][PASSED] - b = findTestData("PlanFact").getValue(1, a): null

16-10-2024T08:46:41 - [TEST_STEP][PASSED] - i = b.indexOf(" (ГК)"): null

16-10-2024T08:46:41 - [TEST_STEP][PASSED] - if (i > -1): null

16-10-2024T08:46:41 - [TEST_STEP][PASSED] - i = b.indexOf("О ""): null

16-10-2024T08:46:41 - [TEST_STEP][PASSED] - if (i > -1): null

16-10-2024T08:46:41 - [TEST_STEP][PASSED] - i = b.indexOf("О «"): null

16-10-2024T08:46:41 - [TEST_STEP][PASSED] - if (i > -1): null

16-10-2024T08:46:41 - [TEST_STEP][PASSED] - i = b.indexOf("г. "): null

16-10-2024T08:46:41 - [TEST_STEP][PASSED] - if (i > -1): null

16-10-2024T08:46:41 - [TEST_STEP][PASSED] - println(b): null

16-10-2024T08:46:41 - [TEST_STEP][PASSED] - for ([planFact = 1, planFact < 3, (planFact++)]): null

16-10-2024T08:46:41 - [TEST_STEP][PASSED] - if (planFact == 1): null

16-10-2024T08:46:41 - [TEST_STEP][PASSED] - typeOfDataMain = "Факт": null

16-10-2024T08:46:41 - [TEST_STEP][PASSED] - otpusk = findTestData("PlanFact").getValue(5, a): null

16-10-2024T08:46:41 - [TEST_STEP][PASSED] - poteri = findTestData("PlanFact").getValue(6, a): null

16-10-2024T08:46:41 - [TEST_STEP][PASSED] - otpusk = otpusk.replaceAll("\s+", ""): null

16-10-2024T08:46:41 - [TEST_STEP][PASSED] - poteri = poteri.replaceAll("\s+", ""): null

16-10-2024T08:46:41 - [TEST_STEP][PASSED] - typeOfData = typeOfDataMain + " Отпуск в сеть": null

16-10-2024T08:46:41 - [TEST_STEP][PASSED] - if (a == 82): null

16-10-2024T08:46:41 - [TEST_STEP][PASSED] - path = dataFolder + typeOfData + " за отчётный период " + "РаспредКомплекс": null

16-10-2024T08:46:41 - [TEST_STEP][PASSED] - println(path): null

16-10-2024T08:46:41 - [TEST_STEP][PASSED] - page = getText(findTestObject(path)): Text of object 'Object Repository/Выполнение бизнес-плана/Значения со страницы Выполнение бизнес-плана/Факт Отпуск в сеть за отчётный период РаспредКомплекс' is: '173 160 932'

16-10-2024T08:47:01 - [MESSAGE][PASSED] - Text of object 'Object Repository/Выполнение бизнес-плана/Значения со страницы Выполнение бизнес-плана/Факт Отпуск в сеть за отчётный период РаспредКомплекс' is: '173 160 932'

16-10-2024T08:47:01 - [TEST_STEP][PASSED] - page = page.replaceAll("\s+", ""): null

16-10-2024T08:47:01 - [TEST_STEP][PASSED] - fileOtpuskVSet = otpusk.toInteger(): null

16-10-2024T08:47:01 - [TEST_STEP][PASSED] - pageOtpuskVSet = page.toInteger(): null

16-10-2024T08:47:01 - [TEST_STEP][PASSED] - typeOfData = typeOfDataMain + " Потери": null

16-10-2024T08:47:01 - [TEST_STEP][PASSED] - if (a == 82): null

16-10-2024T08:47:01 - [TEST_STEP][PASSED] - path = dataFolder + typeOfData + " за отчётный период " + "РаспредКомплекс": null

16-10-2024T08:47:01 - [TEST_STEP][PASSED] - page = getText(findTestObject(path)): Text of object 'Object Repository/Выполнение бизнес-плана/Значения со страницы Выполнение бизнес-плана/Факт Потери за отчётный период РаспредКомплекс' is: '15 765 373'

16-10-2024T08:47:02 - [MESSAGE][PASSED] - Text of object 'Object Repository/Выполнение бизнес-плана/Значения со страницы Выполнение бизнес-плана/Факт Потери за отчётный период РаспредКомплекс' is: '15 765 373'

16-10-2024T08:47:02 - [TEST_STEP][PASSED] - page = page.replaceAll("\s+", ""): null

16-10-2024T08:47:02 - [TEST_STEP][PASSED] - filePoteri = poteri.toInteger(): null

16-10-2024T08:47:02 - [TEST_STEP][PASSED] - pagePoteri = page.toInteger(): null

16-10-2024T08:47:02 - [TEST_STEP][PASSED] - compare = pageOtpuskVSet: null

16-10-2024T08:47:02 - [TEST_STEP][PASSED] - if (compare == fileOtpuskVSet): null

16-10-2024T08:47:02 - [TEST_STEP][PASSED] - else if (compare > fileOtpuskVSet): null

16-10-2024T08:47:02 - [TEST_STEP][PASSED] - else if (compare < fileOtpuskVSet): null

16-10-2024T08:47:02 - [TEST_STEP][PASSED] - compare = compare + 1: null

16-10-2024T08:47:02 - [TEST_STEP][PASSED] - if (compare == fileOtpuskVSet): null

16-10-2024T08:47:02 - [TEST_STEP][PASSED] - else: null

16-10-2024T08:47:02 - [TEST_STEP][PASSED] - numberOfErrors = numberOfErrors + 1: null

16-10-2024T08:47:02 - [TEST_STEP][PASSED] - pageInt = pageOtpuskVSet: null

16-10-2024T08:47:02 - [TEST_STEP][PASSED] - fileInt = fileOtpuskVSet: null

16-10-2024T08:47:02 - [TEST_STEP][PASSED] - typeOfData = typeOfDataMain + " Отпуск в сеть": null

16-10-2024T08:47:02 - [TEST_STEP][PASSED] - Script1718980020443.WriteToExcel(a, typeOfData, todaysDate, pageInt, fileInt, pageDouble, fileDouble, dZO): null

16-10-2024T08:47:02 - [TEST_STEP][PASSED] - sheetName = "Sheet1": null

16-10-2024T08:47:02 - [TEST_STEP][PASSED] - data = findTestData("PlanFact"): null

16-10-2024T08:47:02 - [TEST_STEP][PASSED] - n = data.getRowNumbers() + 1: null

16-10-2024T08:47:02 - [TEST_STEP][PASSED] - year = todaysDate.substring(todaysDate.length() - 4, todaysDate.length()): null

16-10-2024T08:47:02 - [TEST_STEP][PASSED] - y = year.toInteger(): null

16-10-2024T08:47:02 - [TEST_STEP][PASSED] - m = getText(findTestObject("Выполнение бизнес-плана/Период")): Text of object 'Object Repository/Выполнение бизнес-плана/Период' is: '1, 2 кв., Июль, Август 2024 года'

16-10-2024T08:47:02 - [MESSAGE][PASSED] - Text of object 'Object Repository/Выполнение бизнес-плана/Период' is: '1, 2 кв., Июль, Август 2024 года'

16-10-2024T08:47:02 - [TEST_STEP][PASSED] - m = m.substring(0, m.indexOf("2024")): null

16-10-2024T08:47:02 - [TEST_STEP][PASSED] - m = m.trim(): null

16-10-2024T08:47:02 - [TEST_STEP][PASSED] - dashboardName = "Выполнение бизнес-плана": null

16-10-2024T08:47:02 - [TEST_STEP][PASSED] - workbook01 = getWorkbook(excelFilePath): null

16-10-2024T08:47:02 - [TEST_STEP][PASSED] - sheet01 = getExcelSheet(workbook01, sheetName): null

16-10-2024T08:47:02 - [TEST_STEP][PASSED] - setValueToCellByIndex(sheet01, n, 0, dashboardName): null

16-10-2024T08:47:02 - [TEST_STEP][PASSED] - setValueToCellByIndex(sheet01, n, 1, dZO): null

16-10-2024T08:47:02 - [TEST_STEP][PASSED] - setValueToCellByIndex(sheet01, n, 2, typeOfData): null

16-10-2024T08:47:02 - [TEST_STEP][PASSED] - if (typeOfData == "Факт в процентах" || typeOfData == "План в процентах"): null

16-10-2024T08:47:02 - [TEST_STEP][PASSED] - else: null

16-10-2024T08:47:02 - [TEST_STEP][PASSED] - setValueToCellByIndex(sheet01, n, 3, fileInt): null

16-10-2024T08:47:02 - [TEST_STEP][PASSED] - setValueToCellByIndex(sheet01, n, 4, pageInt): null

16-10-2024T08:47:02 - [TEST_STEP][PASSED] - setValueToCellByIndex(sheet01, n, 5, m): null

16-10-2024T08:47:02 - [TEST_STEP][PASSED] - setValueToCellByIndex(sheet01, n, 6, y): null

16-10-2024T08:47:02 - [TEST_STEP][PASSED] - setValueToCellByIndex(sheet01, n, 7, todaysDate): null

16-10-2024T08:47:02 - [TEST_STEP][PASSED] - n = n + 1: null

16-10-2024T08:47:02 - [TEST_STEP][PASSED] - saveWorkbook(excelFilePath, workbook01): null

16-10-2024T08:47:02 - [TEST_STEP][PASSED] - compare = pagePoteri: null

16-10-2024T08:47:02 - [TEST_STEP][PASSED] - if (compare == filePoteri): null

16-10-2024T08:47:02 - [TEST_STEP][PASSED] - else if (compare > filePoteri): null

16-10-2024T08:47:02 - [TEST_STEP][PASSED] - else if (compare < filePoteri): null

16-10-2024T08:47:02 - [TEST_STEP][PASSED] - compare = compare + 1: null

16-10-2024T08:47:02 - [TEST_STEP][PASSED] - if (compare == filePoteri): null

16-10-2024T08:47:02 - [TEST_STEP][PASSED] - else: null

16-10-2024T08:47:02 - [TEST_STEP][PASSED] - numberOfErrors = numberOfErrors + 1: null

16-10-2024T08:47:02 - [TEST_STEP][PASSED] - pageInt = pagePoteri: null

16-10-2024T08:47:02 - [TEST_STEP][PASSED] - fileInt = filePoteri: null

16-10-2024T08:47:02 - [TEST_STEP][PASSED] - typeOfData = typeOfDataMain + " Потери": null

16-10-2024T08:47:02 - [TEST_STEP][PASSED] - Script1718980020443.WriteToExcel(a, typeOfData, todaysDate, pageInt, fileInt, pageDouble, fileDouble, dZO): null

16-10-2024T08:47:02 - [TEST_STEP][PASSED] - sheetName = "Sheet1": null

16-10-2024T08:47:02 - [TEST_STEP][PASSED] - data = findTestData("PlanFact"): null

16-10-2024T08:47:02 - [TEST_STEP][PASSED] - n = data.getRowNumbers() + 1: null

16-10-2024T08:47:02 - [TEST_STEP][PASSED] - year = todaysDate.substring(todaysDate.length() - 4, todaysDate.length()): null

16-10-2024T08:47:02 - [TEST_STEP][PASSED] - y = year.toInteger(): null

16-10-2024T08:47:02 - [TEST_STEP][PASSED] - m = getText(findTestObject("Выполнение бизнес-плана/Период")): Text of object 'Object Repository/Выполнение бизнес-плана/Период' is: '1, 2 кв., Июль, Август 2024 года'

16-10-2024T08:47:03 - [MESSAGE][PASSED] - Text of object 'Object Repository/Выполнение бизнес-плана/Период' is: '1, 2 кв., Июль, Август 2024 года'

16-10-2024T08:47:03 - [TEST_STEP][PASSED] - m = m.substring(0, m.indexOf("2024")): null

16-10-2024T08:47:03 - [TEST_STEP][PASSED] - m = m.trim(): null

16-10-2024T08:47:03 - [TEST_STEP][PASSED] - dashboardName = "Выполнение бизнес-плана": null

16-10-2024T08:47:03 - [TEST_STEP][PASSED] - workbook01 = getWorkbook(excelFilePath): null

16-10-2024T08:47:03 - [TEST_STEP][PASSED] - sheet01 = getExcelSheet(workbook01, sheetName): null

16-10-2024T08:47:03 - [TEST_STEP][PASSED] - setValueToCellByIndex(sheet01, n, 0, dashboardName): null

16-10-2024T08:47:03 - [TEST_STEP][PASSED] - setValueToCellByIndex(sheet01, n, 1, dZO): null

16-10-2024T08:47:03 - [TEST_STEP][PASSED] - setValueToCellByIndex(sheet01, n, 2, typeOfData): null

16-10-2024T08:47:03 - [TEST_STEP][PASSED] - if (typeOfData == "Факт в процентах" || typeOfData == "План в процентах"): null

16-10-2024T08:47:03 - [TEST_STEP][PASSED] - else: null

16-10-2024T08:47:03 - [TEST_STEP][PASSED] - setValueToCellByIndex(sheet01, n, 3, fileInt): null

16-10-2024T08:47:03 - [TEST_STEP][PASSED] - setValueToCellByIndex(sheet01, n, 4, pageInt): null

16-10-2024T08:47:03 - [TEST_STEP][PASSED] - setValueToCellByIndex(sheet01, n, 5, m): null

16-10-2024T08:47:03 - [TEST_STEP][PASSED] - setValueToCellByIndex(sheet01, n, 6, y): null

16-10-2024T08:47:03 - [TEST_STEP][PASSED] - setValueToCellByIndex(sheet01, n, 7, todaysDate): null

16-10-2024T08:47:03 - [TEST_STEP][PASSED] - n = n + 1: null

16-10-2024T08:47:03 - [TEST_STEP][PASSED] - saveWorkbook(excelFilePath, workbook01): null

16-10-2024T08:47:03 - [TEST_STEP][PASSED] - if (planFact == 2): null

16-10-2024T08:47:03 - [TEST_STEP][PASSED] - if (planFact == 1): null

16-10-2024T08:47:03 - [TEST_STEP][PASSED] - else if (planFact == 2): null

16-10-2024T08:47:03 - [TEST_STEP][PASSED] - click(findTestObject("Выполнение бизнес-плана/Кнопка План")): Object: 'Object Repository/Выполнение бизнес-плана/Кнопка План' is clicked on

16-10-2024T08:47:03 - [MESSAGE][PASSED] - Object: 'Object Repository/Выполнение бизнес-плана/Кнопка План' is clicked on

16-10-2024T08:47:03 - [TEST_STEP][PASSED] - typeOfDataMain = "План": null

16-10-2024T08:47:03 - [TEST_STEP][PASSED] - otpusk = findTestData("PlanFact").getValue(2, a): null

16-10-2024T08:47:03 - [TEST_STEP][PASSED] - poteri = findTestData("PlanFact").getValue(3, a): null

16-10-2024T08:47:03 - [TEST_STEP][PASSED] - otpusk = otpusk.replaceAll("\s+", ""): null

16-10-2024T08:47:03 - [TEST_STEP][PASSED] - poteri = poteri.replaceAll("\s+", ""): null

16-10-2024T08:47:03 - [TEST_STEP][PASSED] - typeOfData = typeOfDataMain + " Отпуск в сеть": null

16-10-2024T08:47:03 - [TEST_STEP][PASSED] - if (a == 82): null

16-10-2024T08:47:03 - [TEST_STEP][PASSED] - path = dataFolder + typeOfData + " за отчётный период " + "РаспредКомплекс": null

16-10-2024T08:47:03 - [TEST_STEP][PASSED] - println(path): null

16-10-2024T08:47:03 - [TEST_STEP][PASSED] - page = getText(findTestObject(path)): Text of object 'Object Repository/Выполнение бизнес-плана/Значения со страницы Выполнение бизнес-плана/План Отпуск в сеть за отчётный период РаспредКомплекс' is: '168 375 483'

16-10-2024T08:47:04 - [MESSAGE][PASSED] - Text of object 'Object Repository/Выполнение бизнес-плана/Значения со страницы Выполнение бизнес-плана/План Отпуск в сеть за отчётный период РаспредКомплекс' is: '168 375 483'

16-10-2024T08:47:04 - [TEST_STEP][PASSED] - page = page.replaceAll("\s+", ""): null

16-10-2024T08:47:04 - [TEST_STEP][PASSED] - fileOtpuskVSet = otpusk.toInteger(): null

16-10-2024T08:47:04 - [TEST_STEP][PASSED] - pageOtpuskVSet = page.toInteger(): null

16-10-2024T08:47:04 - [TEST_STEP][PASSED] - typeOfData = typeOfDataMain + " Потери": null

16-10-2024T08:47:04 - [TEST_STEP][PASSED] - if (a == 82): null

16-10-2024T08:47:04 - [TEST_STEP][PASSED] - path = dataFolder + typeOfData + " за отчётный период " + "РаспредКомплекс": null

16-10-2024T08:47:04 - [TEST_STEP][PASSED] - page = getText(findTestObject(path)): Text of object 'Object Repository/Выполнение бизнес-плана/Значения со страницы Выполнение бизнес-плана/План Потери за отчётный период РаспредКомплекс' is: '14 622 713'

16-10-2024T08:47:04 - [MESSAGE][PASSED] - Text of object 'Object Repository/Выполнение бизнес-плана/Значения со страницы Выполнение бизнес-плана/План Потери за отчётный период РаспредКомплекс' is: '14 622 713'

16-10-2024T08:47:04 - [TEST_STEP][PASSED] - page = page.replaceAll("\s+", ""): null

16-10-2024T08:47:04 - [TEST_STEP][PASSED] - filePoteri = poteri.toInteger(): null

16-10-2024T08:47:04 - [TEST_STEP][PASSED] - pagePoteri = page.toInteger(): null

16-10-2024T08:47:04 - [TEST_STEP][PASSED] - compare = pageOtpuskVSet: null

16-10-2024T08:47:04 - [TEST_STEP][PASSED] - if (compare == fileOtpuskVSet): null

16-10-2024T08:47:04 - [TEST_STEP][PASSED] - else if (compare > fileOtpuskVSet): null

16-10-2024T08:47:04 - [TEST_STEP][PASSED] - else if (compare < fileOtpuskVSet): null

16-10-2024T08:47:04 - [TEST_STEP][PASSED] - compare = compare + 1: null

16-10-2024T08:47:04 - [TEST_STEP][PASSED] - if (compare == fileOtpuskVSet): null

16-10-2024T08:47:04 - [TEST_STEP][PASSED] - else: null

16-10-2024T08:47:04 - [TEST_STEP][PASSED] - numberOfErrors = numberOfErrors + 1: null

16-10-2024T08:47:04 - [TEST_STEP][PASSED] - pageInt = pageOtpuskVSet: null

16-10-2024T08:47:04 - [TEST_STEP][PASSED] - fileInt = fileOtpuskVSet: null

16-10-2024T08:47:04 - [TEST_STEP][PASSED] - typeOfData = typeOfDataMain + " Отпуск в сеть": null

16-10-2024T08:47:04 - [TEST_STEP][PASSED] - Script1718980020443.WriteToExcel(a, typeOfData, todaysDate, pageInt, fileInt, pageDouble, fileDouble, dZO): null

16-10-2024T08:47:04 - [TEST_STEP][PASSED] - sheetName = "Sheet1": null

16-10-2024T08:47:04 - [TEST_STEP][PASSED] - data = findTestData("PlanFact"): null

16-10-2024T08:47:04 - [TEST_STEP][PASSED] - n = data.getRowNumbers() + 1: null

16-10-2024T08:47:04 - [TEST_STEP][PASSED] - year = todaysDate.substring(todaysDate.length() - 4, todaysDate.length()): null

16-10-2024T08:47:04 - [TEST_STEP][PASSED] - y = year.toInteger(): null

16-10-2024T08:47:04 - [TEST_STEP][PASSED] - m = getText(findTestObject("Выполнение бизнес-плана/Период")): Text of object 'Object Repository/Выполнение бизнес-плана/Период' is: '1, 2 кв., Июль, Август 2024 года'

16-10-2024T08:47:04 - [MESSAGE][PASSED] - Text of object 'Object Repository/Выполнение бизнес-плана/Период' is: '1, 2 кв., Июль, Август 2024 года'

16-10-2024T08:47:04 - [TEST_STEP][PASSED] - m = m.substring(0, m.indexOf("2024")): null

16-10-2024T08:47:04 - [TEST_STEP][PASSED] - m = m.trim(): null

16-10-2024T08:47:04 - [TEST_STEP][PASSED] - dashboardName = "Выполнение бизнес-плана": null

16-10-2024T08:47:04 - [TEST_STEP][PASSED] - workbook01 = getWorkbook(excelFilePath): null

16-10-2024T08:47:04 - [TEST_STEP][PASSED] - sheet01 = getExcelSheet(workbook01, sheetName): null

16-10-2024T08:47:04 - [TEST_STEP][PASSED] - setValueToCellByIndex(sheet01, n, 0, dashboardName): null

16-10-2024T08:47:04 - [TEST_STEP][PASSED] - setValueToCellByIndex(sheet01, n, 1, dZO): null

16-10-2024T08:47:04 - [TEST_STEP][PASSED] - setValueToCellByIndex(sheet01, n, 2, typeOfData): null

16-10-2024T08:47:04 - [TEST_STEP][PASSED] - if (typeOfData == "Факт в процентах" || typeOfData == "План в процентах"): null

16-10-2024T08:47:04 - [TEST_STEP][PASSED] - else: null

16-10-2024T08:47:04 - [TEST_STEP][PASSED] - setValueToCellByIndex(sheet01, n, 3, fileInt): null

16-10-2024T08:47:04 - [TEST_STEP][PASSED] - setValueToCellByIndex(sheet01, n, 4, pageInt): null

16-10-2024T08:47:04 - [TEST_STEP][PASSED] - setValueToCellByIndex(sheet01, n, 5, m): null

16-10-2024T08:47:04 - [TEST_STEP][PASSED] - setValueToCellByIndex(sheet01, n, 6, y): null

16-10-2024T08:47:04 - [TEST_STEP][PASSED] - setValueToCellByIndex(sheet01, n, 7, todaysDate): null

16-10-2024T08:47:04 - [TEST_STEP][PASSED] - n = n + 1: null

16-10-2024T08:47:04 - [TEST_STEP][PASSED] - saveWorkbook(excelFilePath, workbook01): null

16-10-2024T08:47:05 - [TEST_STEP][PASSED] - compare = pagePoteri: null

16-10-2024T08:47:05 - [TEST_STEP][PASSED] - if (compare == filePoteri): null

16-10-2024T08:47:05 - [TEST_STEP][PASSED] - else if (compare > filePoteri): null

16-10-2024T08:47:05 - [TEST_STEP][PASSED] - else if (compare < filePoteri): null

16-10-2024T08:47:05 - [TEST_STEP][PASSED] - compare = compare + 1: null

16-10-2024T08:47:05 - [TEST_STEP][PASSED] - if (compare == filePoteri): null

16-10-2024T08:47:05 - [TEST_STEP][PASSED] - else: null

16-10-2024T08:47:05 - [TEST_STEP][PASSED] - numberOfErrors = numberOfErrors + 1: null

16-10-2024T08:47:05 - [TEST_STEP][PASSED] - pageInt = pagePoteri: null

16-10-2024T08:47:05 - [TEST_STEP][PASSED] - fileInt = filePoteri: null

16-10-2024T08:47:05 - [TEST_STEP][PASSED] - typeOfData = typeOfDataMain + " Потери": null

16-10-2024T08:47:05 - [TEST_STEP][PASSED] - Script1718980020443.WriteToExcel(a, typeOfData, todaysDate, pageInt, fileInt, pageDouble, fileDouble, dZO): null

16-10-2024T08:47:05 - [TEST_STEP][PASSED] - sheetName = "Sheet1": null

16-10-2024T08:47:05 - [TEST_STEP][PASSED] - data = findTestData("PlanFact"): null

16-10-2024T08:47:05 - [TEST_STEP][PASSED] - n = data.getRowNumbers() + 1: null

16-10-2024T08:47:05 - [TEST_STEP][PASSED] - year = todaysDate.substring(todaysDate.length() - 4, todaysDate.length()): null

16-10-2024T08:47:05 - [TEST_STEP][PASSED] - y = year.toInteger(): null

16-10-2024T08:47:05 - [TEST_STEP][PASSED] - m = getText(findTestObject("Выполнение бизнес-плана/Период")): Text of object 'Object Repository/Выполнение бизнес-плана/Период' is: '1, 2 кв., Июль, Август 2024 года'

16-10-2024T08:47:05 - [MESSAGE][PASSED] - Text of object 'Object Repository/Выполнение бизнес-плана/Период' is: '1, 2 кв., Июль, Август 2024 года'

16-10-2024T08:47:05 - [TEST_STEP][PASSED] - m = m.substring(0, m.indexOf("2024")): null

16-10-2024T08:47:05 - [TEST_STEP][PASSED] - m = m.trim(): null

16-10-2024T08:47:05 - [TEST_STEP][PASSED] - dashboardName = "Выполнение бизнес-плана": null

16-10-2024T08:47:05 - [TEST_STEP][PASSED] - workbook01 = getWorkbook(excelFilePath): null

16-10-2024T08:47:05 - [TEST_STEP][PASSED] - sheet01 = getExcelSheet(workbook01, sheetName): null

16-10-2024T08:47:05 - [TEST_STEP][PASSED] - setValueToCellByIndex(sheet01, n, 0, dashboardName): null

16-10-2024T08:47:05 - [TEST_STEP][PASSED] - setValueToCellByIndex(sheet01, n, 1, dZO): null

16-10-2024T08:47:05 - [TEST_STEP][PASSED] - setValueToCellByIndex(sheet01, n, 2, typeOfData): null

16-10-2024T08:47:05 - [TEST_STEP][PASSED] - if (typeOfData == "Факт в процентах" || typeOfData == "План в процентах"): null

16-10-2024T08:47:05 - [TEST_STEP][PASSED] - else: null

16-10-2024T08:47:05 - [TEST_STEP][PASSED] - setValueToCellByIndex(sheet01, n, 3, fileInt): null

16-10-2024T08:47:05 - [TEST_STEP][PASSED] - setValueToCellByIndex(sheet01, n, 4, pageInt): null

16-10-2024T08:47:05 - [TEST_STEP][PASSED] - setValueToCellByIndex(sheet01, n, 5, m): null

16-10-2024T08:47:05 - [TEST_STEP][PASSED] - setValueToCellByIndex(sheet01, n, 6, y): null

16-10-2024T08:47:05 - [TEST_STEP][PASSED] - setValueToCellByIndex(sheet01, n, 7, todaysDate): null

16-10-2024T08:47:05 - [TEST_STEP][PASSED] - n = n + 1: null

16-10-2024T08:47:05 - [TEST_STEP][PASSED] - saveWorkbook(excelFilePath, workbook01): Object: 'Object Repository/Выполнение бизнес-плана/Кнопка Факт' is clicked on

16-10-2024T08:47:05 - [TEST_STEP][PASSED] - if (planFact == 2): Object: 'Object Repository/Выполнение бизнес-плана/Кнопка Факт' is clicked on

16-10-2024T08:47:05 - [TEST_STEP][PASSED] - click(findTestObject("Выполнение бизнес-плана/Кнопка Факт")): Object: 'Object Repository/Выполнение бизнес-плана/Кнопка Факт' is clicked on

16-10-2024T08:47:05 - [MESSAGE][PASSED] - Object: 'Object Repository/Выполнение бизнес-плана/Кнопка Факт' is clicked on

16-10-2024T08:47:05 - [TEST_STEP][PASSED] - if (a == 84 || a == 82): null

16-10-2024T08:47:06 - [TEST_STEP][PASSED] - page = getText(findTestObject("Выполнение бизнес-плана/textPlanFact")): Text of object 'Object Repository/Выполнение бизнес-плана/textPlanFact' is: '%
8.68 8.68
9.10 9.10
План
Факт
1
100'

16-10-2024T08:47:06 - [MESSAGE][PASSED] - Text of object 'Object Repository/Выполнение бизнес-плана/textPlanFact' is: '%
8.68 8.68
9.10 9.10
План
Факт
1
100'

16-10-2024T08:47:06 - [TEST_STEP][PASSED] - page = page.replaceAll("\n", "_"): null

16-10-2024T08:47:06 - [TEST_STEP][PASSED] - page = page.substring(page.indexOf("_") + 1, page.length()): null

16-10-2024T08:47:06 - [TEST_STEP][PASSED] - page1 = page.substring(0, page.indexOf("_")): null

16-10-2024T08:47:06 - [TEST_STEP][PASSED] - page1 = page.substring(0, page.indexOf(" ")): null

16-10-2024T08:47:06 - [TEST_STEP][PASSED] - page2 = page.substring(page.indexOf("_") + 1, page.length()): null

16-10-2024T08:47:06 - [TEST_STEP][PASSED] - page2 = page2.substring(0, page.indexOf("_")): null

16-10-2024T08:47:06 - [TEST_STEP][PASSED] - page2 = page2.substring(0, page.indexOf(" ")): null

16-10-2024T08:47:06 - [TEST_STEP][PASSED] - println("page1: " + page1): null

16-10-2024T08:47:06 - [TEST_STEP][PASSED] - println("page2: " + page2): null

16-10-2024T08:47:06 - [TEST_STEP][PASSED] - file = findTestData("PlanFact").getValue(4, a): null

16-10-2024T08:47:06 - [TEST_STEP][PASSED] - file = file.replace(",", "."): null

16-10-2024T08:47:06 - [TEST_STEP][PASSED] - println("file Plan: " + file): null

16-10-2024T08:47:06 - [TEST_STEP][PASSED] - typeOfData = "План в процентах": null

16-10-2024T08:47:06 - [TEST_STEP][PASSED] - fileDouble = file.toDouble(): null

16-10-2024T08:47:06 - [TEST_STEP][PASSED] - pageDouble = page1.toDouble(): null

16-10-2024T08:47:06 - [TEST_STEP][PASSED] - if (fileDouble != pageDouble): null

16-10-2024T08:47:06 - [TEST_STEP][PASSED] - numberOfErrors = numberOfErrors + 1: null

16-10-2024T08:47:06 - [TEST_STEP][PASSED] - Script1718980020443.WriteToExcel(a, typeOfData, todaysDate, pageInt, fileInt, pageDouble, fileDouble, dZO): null

16-10-2024T08:47:06 - [TEST_STEP][PASSED] - sheetName = "Sheet1": null

16-10-2024T08:47:06 - [TEST_STEP][PASSED] - data = findTestData("PlanFact"): null

16-10-2024T08:47:06 - [TEST_STEP][PASSED] - n = data.getRowNumbers() + 1: null

16-10-2024T08:47:06 - [TEST_STEP][PASSED] - year = todaysDate.substring(todaysDate.length() - 4, todaysDate.length()): null

16-10-2024T08:47:06 - [TEST_STEP][PASSED] - y = year.toInteger(): null

16-10-2024T08:47:06 - [TEST_STEP][PASSED] - m = getText(findTestObject("Выполнение бизнес-плана/Период")): Text of object 'Object Repository/Выполнение бизнес-плана/Период' is: '1, 2 кв., Июль, Август 2024 года'

16-10-2024T08:47:06 - [MESSAGE][PASSED] - Text of object 'Object Repository/Выполнение бизнес-плана/Период' is: '1, 2 кв., Июль, Август 2024 года'

16-10-2024T08:47:06 - [TEST_STEP][PASSED] - m = m.substring(0, m.indexOf("2024")): null

16-10-2024T08:47:06 - [TEST_STEP][PASSED] - m = m.trim(): null

16-10-2024T08:47:06 - [TEST_STEP][PASSED] - dashboardName = "Выполнение бизнес-плана": null

16-10-2024T08:47:06 - [TEST_STEP][PASSED] - workbook01 = getWorkbook(excelFilePath): null

16-10-2024T08:47:06 - [TEST_STEP][PASSED] - sheet01 = getExcelSheet(workbook01, sheetName): null

16-10-2024T08:47:06 - [TEST_STEP][PASSED] - setValueToCellByIndex(sheet01, n, 0, dashboardName): null

16-10-2024T08:47:06 - [TEST_STEP][PASSED] - setValueToCellByIndex(sheet01, n, 1, dZO): null

16-10-2024T08:47:06 - [TEST_STEP][PASSED] - setValueToCellByIndex(sheet01, n, 2, typeOfData): null

16-10-2024T08:47:06 - [TEST_STEP][PASSED] - if (typeOfData == "Факт в процентах" || typeOfData == "План в процентах"): null

16-10-2024T08:47:06 - [TEST_STEP][PASSED] - setValueToCellByIndex(sheet01, n, 3, fileDouble): null

16-10-2024T08:47:06 - [TEST_STEP][PASSED] - setValueToCellByIndex(sheet01, n, 4, pageDouble): null

16-10-2024T08:47:06 - [TEST_STEP][PASSED] - setValueToCellByIndex(sheet01, n, 5, m): null

16-10-2024T08:47:06 - [TEST_STEP][PASSED] - setValueToCellByIndex(sheet01, n, 6, y): null

16-10-2024T08:47:06 - [TEST_STEP][PASSED] - setValueToCellByIndex(sheet01, n, 7, todaysDate): null

16-10-2024T08:47:06 - [TEST_STEP][PASSED] - n = n + 1: null

16-10-2024T08:47:06 - [TEST_STEP][PASSED] - saveWorkbook(excelFilePath, workbook01): null

16-10-2024T08:47:06 - [TEST_STEP][PASSED] - file = findTestData("PlanFact").getValue(7, a): null

16-10-2024T08:47:07 - [TEST_STEP][PASSED] - file = file.replace(",", "."): null

16-10-2024T08:47:07 - [TEST_STEP][PASSED] - println("file Fact: " + file): null

16-10-2024T08:47:07 - [TEST_STEP][PASSED] - fileDouble = file.toDouble(): null

16-10-2024T08:47:07 - [TEST_STEP][PASSED] - typeOfData = "Факт в процентах": null

16-10-2024T08:47:07 - [TEST_STEP][PASSED] - fileDouble = file.toDouble(): null

16-10-2024T08:47:07 - [TEST_STEP][PASSED] - pageDouble = page2.toDouble(): null

16-10-2024T08:47:07 - [TEST_STEP][PASSED] - if (fileDouble != pageDouble): null

16-10-2024T08:47:07 - [TEST_STEP][PASSED] - numberOfErrors = numberOfErrors + 1: null

16-10-2024T08:47:07 - [TEST_STEP][PASSED] - Script1718980020443.WriteToExcel(a, typeOfData, todaysDate, pageInt, fileInt, pageDouble, fileDouble, dZO): null

16-10-2024T08:47:07 - [TEST_STEP][PASSED] - sheetName = "Sheet1": null

16-10-2024T08:47:07 - [TEST_STEP][PASSED] - data = findTestData("PlanFact"): null

16-10-2024T08:47:07 - [TEST_STEP][PASSED] - n = data.getRowNumbers() + 1: null

16-10-2024T08:47:07 - [TEST_STEP][PASSED] - year = todaysDate.substring(todaysDate.length() - 4, todaysDate.length()): null

16-10-2024T08:47:07 - [TEST_STEP][PASSED] - y = year.toInteger(): null

16-10-2024T08:47:07 - [TEST_STEP][PASSED] - m = getText(findTestObject("Выполнение бизнес-плана/Период")): Text of object 'Object Repository/Выполнение бизнес-плана/Период' is: '1, 2 кв., Июль, Август 2024 года'

16-10-2024T08:47:07 - [MESSAGE][PASSED] - Text of object 'Object Repository/Выполнение бизнес-плана/Период' is: '1, 2 кв., Июль, Август 2024 года'

16-10-2024T08:47:07 - [TEST_STEP][PASSED] - m = m.substring(0, m.indexOf("2024")): null

16-10-2024T08:47:07 - [TEST_STEP][PASSED] - m = m.trim(): null

16-10-2024T08:47:07 - [TEST_STEP][PASSED] - dashboardName = "Выполнение бизнес-плана": null

16-10-2024T08:47:07 - [TEST_STEP][PASSED] - workbook01 = getWorkbook(excelFilePath): null

16-10-2024T08:47:07 - [TEST_STEP][PASSED] - sheet01 = getExcelSheet(workbook01, sheetName): null

16-10-2024T08:47:07 - [TEST_STEP][PASSED] - setValueToCellByIndex(sheet01, n, 0, dashboardName): null

16-10-2024T08:47:07 - [TEST_STEP][PASSED] - setValueToCellByIndex(sheet01, n, 1, dZO): null

16-10-2024T08:47:07 - [TEST_STEP][PASSED] - setValueToCellByIndex(sheet01, n, 2, typeOfData): null

16-10-2024T08:47:07 - [TEST_STEP][PASSED] - if (typeOfData == "Факт в процентах" || typeOfData == "План в процентах"): null

16-10-2024T08:47:07 - [TEST_STEP][PASSED] - setValueToCellByIndex(sheet01, n, 3, fileDouble): null

16-10-2024T08:47:07 - [TEST_STEP][PASSED] - setValueToCellByIndex(sheet01, n, 4, pageDouble): null

16-10-2024T08:47:07 - [TEST_STEP][PASSED] - setValueToCellByIndex(sheet01, n, 5, m): null

16-10-2024T08:47:07 - [TEST_STEP][PASSED] - setValueToCellByIndex(sheet01, n, 6, y): null

16-10-2024T08:47:07 - [TEST_STEP][PASSED] - setValueToCellByIndex(sheet01, n, 7, todaysDate): null

16-10-2024T08:47:07 - [TEST_STEP][PASSED] - n = n + 1: null

16-10-2024T08:47:07 - [TEST_STEP][PASSED] - saveWorkbook(excelFilePath, workbook01): null

16-10-2024T08:47:07 - [TEST_STEP][FAILED] - if (verifyEqual(numberOfErrors, 0) == false): null

16-10-2024T08:47:07 - [MESSAGE][FAILED] - Unable to verify equal between actual object '6' and expected object '0' (Root cause: com.kms.katalon.core.exception.StepFailedException: Actual object '6' and expected object '0' are not equal
	at com.kms.katalon.core.keyword.builtin.VerifyEqualKeyword$_verifyEqual_closure1.doCall(VerifyEqualKeyword.groovy:58)
	at com.kms.katalon.core.keyword.builtin.VerifyEqualKeyword$_verifyEqual_closure1.call(VerifyEqualKeyword.groovy)
	at com.kms.katalon.core.keyword.internal.KeywordMain.runKeyword(KeywordMain.groovy:75)
	at com.kms.katalon.core.keyword.builtin.VerifyEqualKeyword.verifyEqual(VerifyEqualKeyword.groovy:63)
	at com.kms.katalon.core.keyword.builtin.VerifyEqualKeyword.execute(VerifyEqualKeyword.groovy:44)
	at com.kms.katalon.core.keyword.internal.KeywordExecutor.executeKeywordForPlatform(KeywordExecutor.groovy:74)
	at com.kms.katalon.core.keyword.BuiltinKeywords.verifyEqual(BuiltinKeywords.groovy:146)
	at java.base/jdk.internal.reflect.NativeMethodAccessorImpl.invoke0(Native Method)
	at java.base/jdk.internal.reflect.NativeMethodAccessorImpl.invoke(NativeMethodAccessorImpl.java:77)
	at java.base/jdk.internal.reflect.DelegatingMethodAccessorImpl.invoke(DelegatingMethodAccessorImpl.java:43)
	at Выполнение бизнес-плана Сверка ПАО Россети все филиалы.Numbers(Выполнение бизнес-плана Сверка ПАО Россети все филиалы:749)
	at Выполнение бизнес-плана Сверка ПАО Россети все филиалы.run(Выполнение бизнес-плана Сверка ПАО Россети все филиалы:220)
	at com.kms.katalon.core.main.ScriptEngine.run(ScriptEngine.java:194)
	at com.kms.katalon.core.main.ScriptEngine.runScriptAsRawText(ScriptEngine.java:119)
	at com.kms.katalon.core.main.TestCaseExecutor.runScript(TestCaseExecutor.java:448)
	at com.kms.katalon.core.main.TestCaseExecutor.doExecute(TestCaseExecutor.java:439)
	at com.kms.katalon.core.main.TestCaseExecutor.processExecutionPhase(TestCaseExecutor.java:418)
	at com.kms.katalon.core.main.TestCaseExecutor.accessMainPhase(TestCaseExecutor.java:410)
	at com.kms.katalon.core.main.TestCaseExecutor.execute(TestCaseExecutor.java:285)
	at com.kms.katalon.core.common.CommonExecutor.accessTestCaseMainPhase(CommonExecutor.java:65)
	at com.kms.katalon.core.main.TestSuiteExecutor.accessTestSuiteMainPhase(TestSuiteExecutor.java:150)
	at com.kms.katalon.core.main.TestSuiteExecutor.execute(TestSuiteExecutor.java:106)
	at com.kms.katalon.core.main.TestCaseMain.startTestSuite(TestCaseMain.java:180)
	at TempTestSuite1729057289574.run(TempTestSuite1729057289574.groovy:35)
	at java.base/jdk.internal.reflect.NativeMethodAccessorImpl.invoke0(Native Method)
	at java.base/jdk.internal.reflect.NativeMethodAccessorImpl.invoke(NativeMethodAccessorImpl.java:77)
	at java.base/jdk.internal.reflect.DelegatingMethodAccessorImpl.invoke(DelegatingMethodAccessorImpl.java:43)
)

16-10-2024T08:47:07 - [TEST_STEP][PASSED] - println(numberOfErrors): null

16-10-2024T08:47:07 - [TEST_STEP][PASSED] - if (a == 28 || a == 77 || a == 74 || a == 65 || a == 36 || a == 44 || a == 54 || a == 1 || a == 18 || a == 59): null

16-10-2024T08:47:07 - [TEST_STEP][PASSED] - if (a == 82): null

16-10-2024T08:47:07 - [TEST_STEP][PASSED] - Script1718980020443.OpenFilter(): null

16-10-2024T08:47:07 - [TEST_STEP][PASSED] - click(findTestObject("Object Repository/Выполнение бизнес-плана/Фильтр ДЗО")): Object: 'Object Repository/Выполнение бизнес-плана/Фильтр ДЗО' is clicked on

16-10-2024T08:47:07 - [MESSAGE][PASSED] - Object: 'Object Repository/Выполнение бизнес-плана/Фильтр ДЗО' is clicked on

16-10-2024T08:47:07 - [TEST_STEP][PASSED] - click(findTestObject("Выполнение бизнес-плана/Снять выделение в фильтре ДЗО")): null

16-10-2024T08:47:08 - [MESSAGE][PASSED] - Object: 'Object Repository/Выполнение бизнес-плана/Снять выделение в фильтре ДЗО' is clicked on

16-10-2024T08:47:08 - [TEST_STEP][PASSED] - Script1718980020443.CloseFilter(): null

16-10-2024T08:47:08 - [TEST_STEP][PASSED] - scrollToElement(findTestObject("Выполнение бизнес-плана/Заголовок дашборда"), 30): Scroll to object 'Object Repository/Выполнение бизнес-плана/Заголовок дашборда' successfully

16-10-2024T08:47:08 - [MESSAGE][PASSED] - Scroll to object 'Object Repository/Выполнение бизнес-плана/Заголовок дашборда' successfully

16-10-2024T08:47:08 - [TEST_STEP][PASSED] - click(findTestObject("Object Repository/Выполнение бизнес-плана/Применить в фильтре ДЗО")): null

16-10-2024T08:47:09 - [MESSAGE][PASSED] - Object: 'Object Repository/Выполнение бизнес-плана/Применить в фильтре ДЗО' is clicked on

16-10-2024T08:47:09 - [TEST_STEP][PASSED] - delay(20): Delayed 20 second(s)

16-10-2024T08:47:29 - [MESSAGE][PASSED] - Delayed 20 second(s)

16-10-2024T08:47:29 - [TEST_STEP][PASSED] - dZO = "АО «Тываэнерго»": null

16-10-2024T08:47:29 - [TEST_STEP][PASSED] - a = 52: null

16-10-2024T08:47:29 - [TEST_STEP][PASSED] - if (x1.contains(dZO)): null

16-10-2024T08:47:29 - [TEST_STEP][PASSED] - dzoNum = dzoNum + 1: null

16-10-2024T08:47:29 - [TEST_STEP][PASSED] - Script1718980020443.Numbers(a, typeOfData, todaysDate, pageInt, fileInt, pageDouble, fileDouble, dZO, dzoNum, filialNum): null

16-10-2024T08:47:29 - [TEST_STEP][PASSED] - println(dzoNum): null

16-10-2024T08:47:29 - [TEST_STEP][PASSED] - planFact = <not implemented yet for class: org.codehaus.groovy.ast.expr.EmptyExpression>: null

16-10-2024T08:47:29 - [TEST_STEP][PASSED] - page = <not implemented yet for class: org.codehaus.groovy.ast.expr.EmptyExpression>: null

16-10-2024T08:47:29 - [TEST_STEP][PASSED] - page1 = <not implemented yet for class: org.codehaus.groovy.ast.expr.EmptyExpression>: null

16-10-2024T08:47:29 - [TEST_STEP][PASSED] - page2 = <not implemented yet for class: org.codehaus.groovy.ast.expr.EmptyExpression>: null

16-10-2024T08:47:29 - [TEST_STEP][PASSED] - filialNumberInRow = <not implemented yet for class: org.codehaus.groovy.ast.expr.EmptyExpression>: null

16-10-2024T08:47:29 - [TEST_STEP][PASSED] - filialsDzoNames = <not implemented yet for class: org.codehaus.groovy.ast.expr.EmptyExpression>: null

16-10-2024T08:47:29 - [TEST_STEP][PASSED] - numberOfFilials = <not implemented yet for class: org.codehaus.groovy.ast.expr.EmptyExpression>: null

16-10-2024T08:47:29 - [TEST_STEP][PASSED] - numberOfSpaces = <not implemented yet for class: org.codehaus.groovy.ast.expr.EmptyExpression>: null

16-10-2024T08:47:29 - [TEST_STEP][PASSED] - file = <not implemented yet for class: org.codehaus.groovy.ast.expr.EmptyExpression>: null

16-10-2024T08:47:29 - [TEST_STEP][PASSED] - otpusk = <not implemented yet for class: org.codehaus.groovy.ast.expr.EmptyExpression>: null

16-10-2024T08:47:29 - [TEST_STEP][PASSED] - poteri = <not implemented yet for class: org.codehaus.groovy.ast.expr.EmptyExpression>: null

16-10-2024T08:47:29 - [TEST_STEP][PASSED] - dataFolder = "Выполнение бизнес-плана/Значения со страницы Выполнение бизнес-плана/": null

16-10-2024T08:47:29 - [TEST_STEP][PASSED] - path = <not implemented yet for class: org.codehaus.groovy.ast.expr.EmptyExpression>: null

16-10-2024T08:47:29 - [TEST_STEP][PASSED] - typeOfDataMain = <not implemented yet for class: org.codehaus.groovy.ast.expr.EmptyExpression>: null

16-10-2024T08:47:29 - [TEST_STEP][PASSED] - fileOtpuskVSet = <not implemented yet for class: org.codehaus.groovy.ast.expr.EmptyExpression>: null

16-10-2024T08:47:29 - [TEST_STEP][PASSED] - pageOtpuskVSet = <not implemented yet for class: org.codehaus.groovy.ast.expr.EmptyExpression>: null

16-10-2024T08:47:29 - [TEST_STEP][PASSED] - filePoteri = <not implemented yet for class: org.codehaus.groovy.ast.expr.EmptyExpression>: null

16-10-2024T08:47:29 - [TEST_STEP][PASSED] - pagePoteri = <not implemented yet for class: org.codehaus.groovy.ast.expr.EmptyExpression>: null

16-10-2024T08:47:29 - [TEST_STEP][PASSED] - compare = <not implemented yet for class: org.codehaus.groovy.ast.expr.EmptyExpression>: null

16-10-2024T08:47:29 - [TEST_STEP][PASSED] - b = <not implemented yet for class: org.codehaus.groovy.ast.expr.EmptyExpression>: null

16-10-2024T08:47:29 - [TEST_STEP][PASSED] - i = <not implemented yet for class: org.codehaus.groovy.ast.expr.EmptyExpression>: null

16-10-2024T08:47:29 - [TEST_STEP][PASSED] - ii = <not implemented yet for class: org.codehaus.groovy.ast.expr.EmptyExpression>: null

16-10-2024T08:47:29 - [TEST_STEP][PASSED] - c = <not implemented yet for class: org.codehaus.groovy.ast.expr.EmptyExpression>: null

16-10-2024T08:47:29 - [TEST_STEP][PASSED] - numberOfErrors = 0: null

16-10-2024T08:47:29 - [TEST_STEP][PASSED] - if (a == 82): null

16-10-2024T08:47:29 - [TEST_STEP][PASSED] - b = findTestData("PlanFact").getValue(1, a): null

16-10-2024T08:47:29 - [TEST_STEP][PASSED] - i = b.indexOf(" (ГК)"): null

16-10-2024T08:47:29 - [TEST_STEP][PASSED] - if (i > -1): null

16-10-2024T08:47:29 - [TEST_STEP][PASSED] - i = b.indexOf("О ""): null

16-10-2024T08:47:29 - [TEST_STEP][PASSED] - if (i > -1): null

16-10-2024T08:47:29 - [TEST_STEP][PASSED] - b = b.substring(i + 3, b.length()): null

16-10-2024T08:47:29 - [TEST_STEP][PASSED] - i = b.indexOf("""): null

16-10-2024T08:47:29 - [TEST_STEP][PASSED] - b = b.substring(0, i): null

16-10-2024T08:47:29 - [TEST_STEP][PASSED] - b = b.trim(): null

16-10-2024T08:47:29 - [TEST_STEP][PASSED] - i = b.indexOf("О «"): null

16-10-2024T08:47:29 - [TEST_STEP][PASSED] - if (i > -1): null

16-10-2024T08:47:29 - [TEST_STEP][PASSED] - i = b.indexOf("г. "): null

16-10-2024T08:47:29 - [TEST_STEP][PASSED] - if (i > -1): null

16-10-2024T08:47:29 - [TEST_STEP][PASSED] - println(b): null

16-10-2024T08:47:29 - [TEST_STEP][PASSED] - for ([planFact = 1, planFact < 3, (planFact++)]): null

16-10-2024T08:47:29 - [TEST_STEP][PASSED] - if (planFact == 1): null

16-10-2024T08:47:29 - [TEST_STEP][PASSED] - typeOfDataMain = "Факт": null

16-10-2024T08:47:29 - [TEST_STEP][PASSED] - otpusk = findTestData("PlanFact").getValue(5, a): null

16-10-2024T08:47:29 - [TEST_STEP][PASSED] - poteri = findTestData("PlanFact").getValue(6, a): null

16-10-2024T08:47:29 - [TEST_STEP][PASSED] - otpusk = otpusk.replaceAll("\s+", ""): null

16-10-2024T08:47:29 - [TEST_STEP][PASSED] - poteri = poteri.replaceAll("\s+", ""): null

16-10-2024T08:47:29 - [TEST_STEP][PASSED] - typeOfData = typeOfDataMain + " Отпуск в сеть": null

16-10-2024T08:47:29 - [TEST_STEP][PASSED] - if (a == 82): null

16-10-2024T08:47:29 - [TEST_STEP][PASSED] - else if (a == 84): null

16-10-2024T08:47:29 - [TEST_STEP][PASSED] - else if (a == 52 || a == 72 || a == 28 || a == 73 || a == 77 || a == 74 || a == 65 || a == 36 || a == 44 || a == 53 || a == 80 || a == 54 || a == 1 || a == 18 || a == 59 || a == 81): null

16-10-2024T08:47:29 - [TEST_STEP][PASSED] - path = dataFolder + "Table Data/" + typeOfData + " за отчётный период " + dzoNum: null

16-10-2024T08:47:29 - [TEST_STEP][PASSED] - println(path): null

16-10-2024T08:47:29 - [TEST_STEP][PASSED] - page = getText(findTestObject(path)): Text of object 'Object Repository/Выполнение бизнес-плана/Значения со страницы Выполнение бизнес-плана/Table Data/Факт Отпуск в сеть за отчётный период 1' is: '517 040'

16-10-2024T08:47:37 - [MESSAGE][PASSED] - Text of object 'Object Repository/Выполнение бизнес-плана/Значения со страницы Выполнение бизнес-плана/Table Data/Факт Отпуск в сеть за отчётный период 1' is: '517 040'

16-10-2024T08:47:37 - [TEST_STEP][PASSED] - page = page.replaceAll("\s+", ""): null

16-10-2024T08:47:37 - [TEST_STEP][PASSED] - fileOtpuskVSet = otpusk.toInteger(): null

16-10-2024T08:47:37 - [TEST_STEP][PASSED] - pageOtpuskVSet = page.toInteger(): null

16-10-2024T08:47:37 - [TEST_STEP][PASSED] - typeOfData = typeOfDataMain + " Потери": null

16-10-2024T08:47:37 - [TEST_STEP][PASSED] - if (a == 82): null

16-10-2024T08:47:37 - [TEST_STEP][PASSED] - else if (a == 84): null

16-10-2024T08:47:37 - [TEST_STEP][PASSED] - else if (a == 52 || a == 72 || a == 28 || a == 73 || a == 77 || a == 74 || a == 65 || a == 36 || a == 44 || a == 53 || a == 80 || a == 54 || a == 1 || a == 18 || a == 59 || a == 81): null

16-10-2024T08:47:37 - [TEST_STEP][PASSED] - path = dataFolder + "Table Data/" + typeOfData + " за отчётный период " + dzoNum: null

16-10-2024T08:47:37 - [TEST_STEP][PASSED] - page = getText(findTestObject(path)): Text of object 'Object Repository/Выполнение бизнес-плана/Значения со страницы Выполнение бизнес-плана/Table Data/Факт Потери за отчётный период 1' is: '111 941'

16-10-2024T08:47:38 - [MESSAGE][PASSED] - Text of object 'Object Repository/Выполнение бизнес-плана/Значения со страницы Выполнение бизнес-плана/Table Data/Факт Потери за отчётный период 1' is: '111 941'

16-10-2024T08:47:38 - [TEST_STEP][PASSED] - page = page.replaceAll("\s+", ""): null

16-10-2024T08:47:38 - [TEST_STEP][PASSED] - filePoteri = poteri.toInteger(): null

16-10-2024T08:47:38 - [TEST_STEP][PASSED] - pagePoteri = page.toInteger(): null

16-10-2024T08:47:38 - [TEST_STEP][PASSED] - compare = pageOtpuskVSet: null

16-10-2024T08:47:38 - [TEST_STEP][PASSED] - if (compare == fileOtpuskVSet): null

16-10-2024T08:47:38 - [TEST_STEP][PASSED] - else if (compare > fileOtpuskVSet): null

16-10-2024T08:47:38 - [TEST_STEP][PASSED] - compare = compare - 1: null

16-10-2024T08:47:38 - [TEST_STEP][PASSED] - if (compare == fileOtpuskVSet): null

16-10-2024T08:47:38 - [TEST_STEP][PASSED] - else: null

16-10-2024T08:47:38 - [TEST_STEP][PASSED] - numberOfErrors = numberOfErrors + 1: null

16-10-2024T08:47:38 - [TEST_STEP][PASSED] - pageInt = pageOtpuskVSet: null

16-10-2024T08:47:38 - [TEST_STEP][PASSED] - fileInt = fileOtpuskVSet: null

16-10-2024T08:47:38 - [TEST_STEP][PASSED] - typeOfData = typeOfDataMain + " Отпуск в сеть": null

16-10-2024T08:47:38 - [TEST_STEP][PASSED] - Script1718980020443.WriteToExcel(a, typeOfData, todaysDate, pageInt, fileInt, pageDouble, fileDouble, dZO): null

16-10-2024T08:47:38 - [TEST_STEP][PASSED] - sheetName = "Sheet1": null

16-10-2024T08:47:38 - [TEST_STEP][PASSED] - data = findTestData("PlanFact"): null

16-10-2024T08:47:38 - [TEST_STEP][PASSED] - n = data.getRowNumbers() + 1: null

16-10-2024T08:47:38 - [TEST_STEP][PASSED] - year = todaysDate.substring(todaysDate.length() - 4, todaysDate.length()): null

16-10-2024T08:47:38 - [TEST_STEP][PASSED] - y = year.toInteger(): null

16-10-2024T08:47:38 - [TEST_STEP][PASSED] - m = getText(findTestObject("Выполнение бизнес-плана/Период")): Text of object 'Object Repository/Выполнение бизнес-плана/Период' is: '1, 2 кв., Июль, Август 2024 года'

16-10-2024T08:47:38 - [MESSAGE][PASSED] - Text of object 'Object Repository/Выполнение бизнес-плана/Период' is: '1, 2 кв., Июль, Август 2024 года'

16-10-2024T08:47:38 - [TEST_STEP][PASSED] - m = m.substring(0, m.indexOf("2024")): null

16-10-2024T08:47:38 - [TEST_STEP][PASSED] - m = m.trim(): null

16-10-2024T08:47:38 - [TEST_STEP][PASSED] - dashboardName = "Выполнение бизнес-плана": null

16-10-2024T08:47:38 - [TEST_STEP][PASSED] - workbook01 = getWorkbook(excelFilePath): null

16-10-2024T08:47:38 - [TEST_STEP][PASSED] - sheet01 = getExcelSheet(workbook01, sheetName): null

16-10-2024T08:47:38 - [TEST_STEP][PASSED] - setValueToCellByIndex(sheet01, n, 0, dashboardName): null

16-10-2024T08:47:38 - [TEST_STEP][PASSED] - setValueToCellByIndex(sheet01, n, 1, dZO): null

16-10-2024T08:47:38 - [TEST_STEP][PASSED] - setValueToCellByIndex(sheet01, n, 2, typeOfData): null

16-10-2024T08:47:38 - [TEST_STEP][PASSED] - if (typeOfData == "Факт в процентах" || typeOfData == "План в процентах"): null

16-10-2024T08:47:38 - [TEST_STEP][PASSED] - else: null

16-10-2024T08:47:38 - [TEST_STEP][PASSED] - setValueToCellByIndex(sheet01, n, 3, fileInt): null

16-10-2024T08:47:38 - [TEST_STEP][PASSED] - setValueToCellByIndex(sheet01, n, 4, pageInt): null

16-10-2024T08:47:38 - [TEST_STEP][PASSED] - setValueToCellByIndex(sheet01, n, 5, m): null

16-10-2024T08:47:38 - [TEST_STEP][PASSED] - setValueToCellByIndex(sheet01, n, 6, y): null

16-10-2024T08:47:38 - [TEST_STEP][PASSED] - setValueToCellByIndex(sheet01, n, 7, todaysDate): null

16-10-2024T08:47:38 - [TEST_STEP][PASSED] - n = n + 1: null

16-10-2024T08:47:38 - [TEST_STEP][PASSED] - saveWorkbook(excelFilePath, workbook01): null

16-10-2024T08:47:38 - [TEST_STEP][PASSED] - compare = pagePoteri: null

16-10-2024T08:47:38 - [TEST_STEP][PASSED] - if (compare == filePoteri): null

16-10-2024T08:47:38 - [TEST_STEP][PASSED] - else if (compare > filePoteri): null

16-10-2024T08:47:38 - [TEST_STEP][PASSED] - compare = compare - 1: null

16-10-2024T08:47:38 - [TEST_STEP][PASSED] - if (compare == filePoteri): null

16-10-2024T08:47:38 - [TEST_STEP][PASSED] - else: null

16-10-2024T08:47:38 - [TEST_STEP][PASSED] - numberOfErrors = numberOfErrors + 1: null

16-10-2024T08:47:38 - [TEST_STEP][PASSED] - pageInt = pagePoteri: null

16-10-2024T08:47:38 - [TEST_STEP][PASSED] - fileInt = filePoteri: null

16-10-2024T08:47:38 - [TEST_STEP][PASSED] - typeOfData = typeOfDataMain + " Потери": null

16-10-2024T08:47:38 - [TEST_STEP][PASSED] - Script1718980020443.WriteToExcel(a, typeOfData, todaysDate, pageInt, fileInt, pageDouble, fileDouble, dZO): null

16-10-2024T08:47:38 - [TEST_STEP][PASSED] - sheetName = "Sheet1": null

16-10-2024T08:47:38 - [TEST_STEP][PASSED] - data = findTestData("PlanFact"): null

16-10-2024T08:47:38 - [TEST_STEP][PASSED] - n = data.getRowNumbers() + 1: null

16-10-2024T08:47:38 - [TEST_STEP][PASSED] - year = todaysDate.substring(todaysDate.length() - 4, todaysDate.length()): null

16-10-2024T08:47:38 - [TEST_STEP][PASSED] - y = year.toInteger(): null

16-10-2024T08:47:38 - [TEST_STEP][PASSED] - m = getText(findTestObject("Выполнение бизнес-плана/Период")): Text of object 'Object Repository/Выполнение бизнес-плана/Период' is: '1, 2 кв., Июль, Август 2024 года'

16-10-2024T08:47:39 - [MESSAGE][PASSED] - Text of object 'Object Repository/Выполнение бизнес-плана/Период' is: '1, 2 кв., Июль, Август 2024 года'

16-10-2024T08:47:39 - [TEST_STEP][PASSED] - m = m.substring(0, m.indexOf("2024")): null

16-10-2024T08:47:39 - [TEST_STEP][PASSED] - m = m.trim(): null

16-10-2024T08:47:39 - [TEST_STEP][PASSED] - dashboardName = "Выполнение бизнес-плана": null

16-10-2024T08:47:39 - [TEST_STEP][PASSED] - workbook01 = getWorkbook(excelFilePath): null

16-10-2024T08:47:39 - [TEST_STEP][PASSED] - sheet01 = getExcelSheet(workbook01, sheetName): null

16-10-2024T08:47:39 - [TEST_STEP][PASSED] - setValueToCellByIndex(sheet01, n, 0, dashboardName): null

16-10-2024T08:47:39 - [TEST_STEP][PASSED] - setValueToCellByIndex(sheet01, n, 1, dZO): null

16-10-2024T08:47:39 - [TEST_STEP][PASSED] - setValueToCellByIndex(sheet01, n, 2, typeOfData): null

16-10-2024T08:47:39 - [TEST_STEP][PASSED] - if (typeOfData == "Факт в процентах" || typeOfData == "План в процентах"): null

16-10-2024T08:47:39 - [TEST_STEP][PASSED] - else: null

16-10-2024T08:47:39 - [TEST_STEP][PASSED] - setValueToCellByIndex(sheet01, n, 3, fileInt): null

16-10-2024T08:47:39 - [TEST_STEP][PASSED] - setValueToCellByIndex(sheet01, n, 4, pageInt): null

16-10-2024T08:47:39 - [TEST_STEP][PASSED] - setValueToCellByIndex(sheet01, n, 5, m): null

16-10-2024T08:47:39 - [TEST_STEP][PASSED] - setValueToCellByIndex(sheet01, n, 6, y): null

16-10-2024T08:47:39 - [TEST_STEP][PASSED] - setValueToCellByIndex(sheet01, n, 7, todaysDate): null

16-10-2024T08:47:39 - [TEST_STEP][PASSED] - n = n + 1: null

16-10-2024T08:47:39 - [TEST_STEP][PASSED] - saveWorkbook(excelFilePath, workbook01): null

16-10-2024T08:47:39 - [TEST_STEP][PASSED] - if (planFact == 2): null

16-10-2024T08:47:39 - [TEST_STEP][PASSED] - if (planFact == 1): null

16-10-2024T08:47:39 - [TEST_STEP][PASSED] - else if (planFact == 2): null

16-10-2024T08:47:39 - [TEST_STEP][PASSED] - click(findTestObject("Выполнение бизнес-плана/Кнопка План")): Object: 'Object Repository/Выполнение бизнес-плана/Кнопка План' is clicked on

16-10-2024T08:47:39 - [MESSAGE][PASSED] - Object: 'Object Repository/Выполнение бизнес-плана/Кнопка План' is clicked on

16-10-2024T08:47:39 - [TEST_STEP][PASSED] - typeOfDataMain = "План": null

16-10-2024T08:47:39 - [TEST_STEP][PASSED] - otpusk = findTestData("PlanFact").getValue(2, a): null

16-10-2024T08:47:39 - [TEST_STEP][PASSED] - poteri = findTestData("PlanFact").getValue(3, a): null

16-10-2024T08:47:39 - [TEST_STEP][PASSED] - otpusk = otpusk.replaceAll("\s+", ""): null

16-10-2024T08:47:39 - [TEST_STEP][PASSED] - poteri = poteri.replaceAll("\s+", ""): null

16-10-2024T08:47:39 - [TEST_STEP][PASSED] - typeOfData = typeOfDataMain + " Отпуск в сеть": null

16-10-2024T08:47:39 - [TEST_STEP][PASSED] - if (a == 82): null

16-10-2024T08:47:39 - [TEST_STEP][PASSED] - else if (a == 84): null

16-10-2024T08:47:39 - [TEST_STEP][PASSED] - else if (a == 52 || a == 72 || a == 28 || a == 73 || a == 77 || a == 74 || a == 65 || a == 36 || a == 44 || a == 53 || a == 80 || a == 54 || a == 1 || a == 18 || a == 59 || a == 81): null

16-10-2024T08:47:39 - [TEST_STEP][PASSED] - path = dataFolder + "Table Data/" + typeOfData + " за отчётный период " + dzoNum: null

16-10-2024T08:47:39 - [TEST_STEP][PASSED] - println(path): null

16-10-2024T08:47:39 - [TEST_STEP][PASSED] - page = getText(findTestObject(path)): Text of object 'Object Repository/Выполнение бизнес-плана/Значения со страницы Выполнение бизнес-плана/Table Data/План Отпуск в сеть за отчётный период 1' is: '494 696'

16-10-2024T08:47:40 - [MESSAGE][PASSED] - Text of object 'Object Repository/Выполнение бизнес-плана/Значения со страницы Выполнение бизнес-плана/Table Data/План Отпуск в сеть за отчётный период 1' is: '494 696'

16-10-2024T08:47:40 - [TEST_STEP][PASSED] - page = page.replaceAll("\s+", ""): null

16-10-2024T08:47:40 - [TEST_STEP][PASSED] - fileOtpuskVSet = otpusk.toInteger(): null

16-10-2024T08:47:40 - [TEST_STEP][PASSED] - pageOtpuskVSet = page.toInteger(): null

16-10-2024T08:47:40 - [TEST_STEP][PASSED] - typeOfData = typeOfDataMain + " Потери": null

16-10-2024T08:47:40 - [TEST_STEP][PASSED] - if (a == 82): null

16-10-2024T08:47:40 - [TEST_STEP][PASSED] - else if (a == 84): null

16-10-2024T08:47:40 - [TEST_STEP][PASSED] - else if (a == 52 || a == 72 || a == 28 || a == 73 || a == 77 || a == 74 || a == 65 || a == 36 || a == 44 || a == 53 || a == 80 || a == 54 || a == 1 || a == 18 || a == 59 || a == 81): null

16-10-2024T08:47:40 - [TEST_STEP][PASSED] - path = dataFolder + "Table Data/" + typeOfData + " за отчётный период " + dzoNum: null

16-10-2024T08:47:40 - [TEST_STEP][PASSED] - page = getText(findTestObject(path)): Text of object 'Object Repository/Выполнение бизнес-плана/Значения со страницы Выполнение бизнес-плана/Table Data/План Потери за отчётный период 1' is: '107 128'

16-10-2024T08:47:40 - [MESSAGE][PASSED] - Text of object 'Object Repository/Выполнение бизнес-плана/Значения со страницы Выполнение бизнес-плана/Table Data/План Потери за отчётный период 1' is: '107 128'

16-10-2024T08:47:40 - [TEST_STEP][PASSED] - page = page.replaceAll("\s+", ""): null

16-10-2024T08:47:40 - [TEST_STEP][PASSED] - filePoteri = poteri.toInteger(): null

16-10-2024T08:47:40 - [TEST_STEP][PASSED] - pagePoteri = page.toInteger(): null

16-10-2024T08:47:40 - [TEST_STEP][PASSED] - compare = pageOtpuskVSet: null

16-10-2024T08:47:40 - [TEST_STEP][PASSED] - if (compare == fileOtpuskVSet): null

16-10-2024T08:47:40 - [TEST_STEP][PASSED] - else if (compare > fileOtpuskVSet): null

16-10-2024T08:47:40 - [TEST_STEP][PASSED] - compare = compare - 1: null

16-10-2024T08:47:40 - [TEST_STEP][PASSED] - if (compare == fileOtpuskVSet): null

16-10-2024T08:47:40 - [TEST_STEP][PASSED] - else: null

16-10-2024T08:47:40 - [TEST_STEP][PASSED] - numberOfErrors = numberOfErrors + 1: null

16-10-2024T08:47:40 - [TEST_STEP][PASSED] - pageInt = pageOtpuskVSet: null

16-10-2024T08:47:40 - [TEST_STEP][PASSED] - fileInt = fileOtpuskVSet: null

16-10-2024T08:47:40 - [TEST_STEP][PASSED] - typeOfData = typeOfDataMain + " Отпуск в сеть": null

16-10-2024T08:47:40 - [TEST_STEP][PASSED] - Script1718980020443.WriteToExcel(a, typeOfData, todaysDate, pageInt, fileInt, pageDouble, fileDouble, dZO): null

16-10-2024T08:47:40 - [TEST_STEP][PASSED] - sheetName = "Sheet1": null

16-10-2024T08:47:40 - [TEST_STEP][PASSED] - data = findTestData("PlanFact"): null

16-10-2024T08:47:40 - [TEST_STEP][PASSED] - n = data.getRowNumbers() + 1: null

16-10-2024T08:47:40 - [TEST_STEP][PASSED] - year = todaysDate.substring(todaysDate.length() - 4, todaysDate.length()): null

16-10-2024T08:47:40 - [TEST_STEP][PASSED] - y = year.toInteger(): null

16-10-2024T08:47:40 - [TEST_STEP][PASSED] - m = getText(findTestObject("Выполнение бизнес-плана/Период")): Text of object 'Object Repository/Выполнение бизнес-плана/Период' is: '1, 2 кв., Июль, Август 2024 года'

16-10-2024T08:47:40 - [MESSAGE][PASSED] - Text of object 'Object Repository/Выполнение бизнес-плана/Период' is: '1, 2 кв., Июль, Август 2024 года'

16-10-2024T08:47:40 - [TEST_STEP][PASSED] - m = m.substring(0, m.indexOf("2024")): null

16-10-2024T08:47:40 - [TEST_STEP][PASSED] - m = m.trim(): null

16-10-2024T08:47:40 - [TEST_STEP][PASSED] - dashboardName = "Выполнение бизнес-плана": null

16-10-2024T08:47:40 - [TEST_STEP][PASSED] - workbook01 = getWorkbook(excelFilePath): null

16-10-2024T08:47:40 - [TEST_STEP][PASSED] - sheet01 = getExcelSheet(workbook01, sheetName): null

16-10-2024T08:47:40 - [TEST_STEP][PASSED] - setValueToCellByIndex(sheet01, n, 0, dashboardName): null

16-10-2024T08:47:40 - [TEST_STEP][PASSED] - setValueToCellByIndex(sheet01, n, 1, dZO): null

16-10-2024T08:47:40 - [TEST_STEP][PASSED] - setValueToCellByIndex(sheet01, n, 2, typeOfData): null

16-10-2024T08:47:40 - [TEST_STEP][PASSED] - if (typeOfData == "Факт в процентах" || typeOfData == "План в процентах"): null

16-10-2024T08:47:40 - [TEST_STEP][PASSED] - else: null

16-10-2024T08:47:40 - [TEST_STEP][PASSED] - setValueToCellByIndex(sheet01, n, 3, fileInt): null

16-10-2024T08:47:40 - [TEST_STEP][PASSED] - setValueToCellByIndex(sheet01, n, 4, pageInt): null

16-10-2024T08:47:40 - [TEST_STEP][PASSED] - setValueToCellByIndex(sheet01, n, 5, m): null

16-10-2024T08:47:40 - [TEST_STEP][PASSED] - setValueToCellByIndex(sheet01, n, 6, y): null

16-10-2024T08:47:40 - [TEST_STEP][PASSED] - setValueToCellByIndex(sheet01, n, 7, todaysDate): null

16-10-2024T08:47:40 - [TEST_STEP][PASSED] - n = n + 1: null

16-10-2024T08:47:40 - [TEST_STEP][PASSED] - saveWorkbook(excelFilePath, workbook01): null

16-10-2024T08:47:41 - [TEST_STEP][PASSED] - compare = pagePoteri: null

16-10-2024T08:47:41 - [TEST_STEP][PASSED] - if (compare == filePoteri): null

16-10-2024T08:47:41 - [TEST_STEP][PASSED] - else if (compare > filePoteri): null

16-10-2024T08:47:41 - [TEST_STEP][PASSED] - compare = compare - 1: null

16-10-2024T08:47:41 - [TEST_STEP][PASSED] - if (compare == filePoteri): null

16-10-2024T08:47:41 - [TEST_STEP][PASSED] - else: null

16-10-2024T08:47:41 - [TEST_STEP][PASSED] - numberOfErrors = numberOfErrors + 1: null

16-10-2024T08:47:41 - [TEST_STEP][PASSED] - pageInt = pagePoteri: null

16-10-2024T08:47:41 - [TEST_STEP][PASSED] - fileInt = filePoteri: null

16-10-2024T08:47:41 - [TEST_STEP][PASSED] - typeOfData = typeOfDataMain + " Потери": null

16-10-2024T08:47:41 - [TEST_STEP][PASSED] - Script1718980020443.WriteToExcel(a, typeOfData, todaysDate, pageInt, fileInt, pageDouble, fileDouble, dZO): null

16-10-2024T08:47:41 - [TEST_STEP][PASSED] - sheetName = "Sheet1": null

16-10-2024T08:47:41 - [TEST_STEP][PASSED] - data = findTestData("PlanFact"): null

16-10-2024T08:47:41 - [TEST_STEP][PASSED] - n = data.getRowNumbers() + 1: null

16-10-2024T08:47:41 - [TEST_STEP][PASSED] - year = todaysDate.substring(todaysDate.length() - 4, todaysDate.length()): null

16-10-2024T08:47:41 - [TEST_STEP][PASSED] - y = year.toInteger(): null

16-10-2024T08:47:41 - [TEST_STEP][PASSED] - m = getText(findTestObject("Выполнение бизнес-плана/Период")): Text of object 'Object Repository/Выполнение бизнес-плана/Период' is: '1, 2 кв., Июль, Август 2024 года'

16-10-2024T08:47:41 - [MESSAGE][PASSED] - Text of object 'Object Repository/Выполнение бизнес-плана/Период' is: '1, 2 кв., Июль, Август 2024 года'

16-10-2024T08:47:41 - [TEST_STEP][PASSED] - m = m.substring(0, m.indexOf("2024")): null

16-10-2024T08:47:41 - [TEST_STEP][PASSED] - m = m.trim(): null

16-10-2024T08:47:41 - [TEST_STEP][PASSED] - dashboardName = "Выполнение бизнес-плана": null

16-10-2024T08:47:41 - [TEST_STEP][PASSED] - workbook01 = getWorkbook(excelFilePath): null

16-10-2024T08:47:41 - [TEST_STEP][PASSED] - sheet01 = getExcelSheet(workbook01, sheetName): null

16-10-2024T08:47:41 - [TEST_STEP][PASSED] - setValueToCellByIndex(sheet01, n, 0, dashboardName): null

16-10-2024T08:47:41 - [TEST_STEP][PASSED] - setValueToCellByIndex(sheet01, n, 1, dZO): null

16-10-2024T08:47:41 - [TEST_STEP][PASSED] - setValueToCellByIndex(sheet01, n, 2, typeOfData): null

16-10-2024T08:47:41 - [TEST_STEP][PASSED] - if (typeOfData == "Факт в процентах" || typeOfData == "План в процентах"): null

16-10-2024T08:47:41 - [TEST_STEP][PASSED] - else: null

16-10-2024T08:47:41 - [TEST_STEP][PASSED] - setValueToCellByIndex(sheet01, n, 3, fileInt): null

16-10-2024T08:47:41 - [TEST_STEP][PASSED] - setValueToCellByIndex(sheet01, n, 4, pageInt): null

16-10-2024T08:47:41 - [TEST_STEP][PASSED] - setValueToCellByIndex(sheet01, n, 5, m): null

16-10-2024T08:47:41 - [TEST_STEP][PASSED] - setValueToCellByIndex(sheet01, n, 6, y): null

16-10-2024T08:47:41 - [TEST_STEP][PASSED] - setValueToCellByIndex(sheet01, n, 7, todaysDate): null

16-10-2024T08:47:41 - [TEST_STEP][PASSED] - n = n + 1: null

16-10-2024T08:47:41 - [TEST_STEP][PASSED] - saveWorkbook(excelFilePath, workbook01): Object: 'Object Repository/Выполнение бизнес-плана/Кнопка Факт' is clicked on

16-10-2024T08:47:41 - [TEST_STEP][PASSED] - if (planFact == 2): Object: 'Object Repository/Выполнение бизнес-плана/Кнопка Факт' is clicked on

16-10-2024T08:47:41 - [TEST_STEP][PASSED] - click(findTestObject("Выполнение бизнес-плана/Кнопка Факт")): Object: 'Object Repository/Выполнение бизнес-плана/Кнопка Факт' is clicked on

16-10-2024T08:47:42 - [MESSAGE][PASSED] - Object: 'Object Repository/Выполнение бизнес-плана/Кнопка Факт' is clicked on

16-10-2024T08:47:42 - [TEST_STEP][PASSED] - if (a == 84 || a == 82): null

16-10-2024T08:47:42 - [TEST_STEP][PASSED] - else if (a == 52 || a == 72 || a == 28 || a == 73 || a == 77 || a == 74 || a == 65 || a == 36 || a == 44 || a == 53 || a == 80 || a == 54 || a == 1 || a == 18 || a == 59 || a == 81): null

16-10-2024T08:47:42 - [TEST_STEP][PASSED] - page1 = getText(findTestObject("Object Repository/Выполнение бизнес-плана/spanPlan" + dzoNum)): Text of object 'Object Repository/Выполнение бизнес-плана/spanPlan1' is: '21.66
|'

16-10-2024T08:47:42 - [MESSAGE][PASSED] - Text of object 'Object Repository/Выполнение бизнес-плана/spanPlan1' is: '21.66
|'

16-10-2024T08:47:42 - [TEST_STEP][PASSED] - page1 = page1.replace("|", ""): null

16-10-2024T08:47:42 - [TEST_STEP][PASSED] - page2 = getText(findTestObject("Object Repository/Выполнение бизнес-плана/spanFact" + dzoNum)): Text of object 'Object Repository/Выполнение бизнес-плана/spanFact1' is: '21.65'

16-10-2024T08:47:42 - [MESSAGE][PASSED] - Text of object 'Object Repository/Выполнение бизнес-плана/spanFact1' is: '21.65'

16-10-2024T08:47:42 - [TEST_STEP][PASSED] - page2 = page2.replace("|", ""): null

16-10-2024T08:47:42 - [TEST_STEP][PASSED] - println("page1: " + page1): null

16-10-2024T08:47:42 - [TEST_STEP][PASSED] - println("page2: " + page2): null

16-10-2024T08:47:42 - [TEST_STEP][PASSED] - file = findTestData("PlanFact").getValue(4, a): null

16-10-2024T08:47:42 - [TEST_STEP][PASSED] - file = file.replace(",", "."): null

16-10-2024T08:47:42 - [TEST_STEP][PASSED] - println("file Plan: " + file): null

16-10-2024T08:47:42 - [TEST_STEP][PASSED] - typeOfData = "План в процентах": null

16-10-2024T08:47:42 - [TEST_STEP][PASSED] - fileDouble = file.toDouble(): null

16-10-2024T08:47:42 - [TEST_STEP][PASSED] - pageDouble = page1.toDouble(): null

16-10-2024T08:47:42 - [TEST_STEP][PASSED] - if (fileDouble != pageDouble): null

16-10-2024T08:47:42 - [TEST_STEP][PASSED] - numberOfErrors = numberOfErrors + 1: null

16-10-2024T08:47:42 - [TEST_STEP][PASSED] - Script1718980020443.WriteToExcel(a, typeOfData, todaysDate, pageInt, fileInt, pageDouble, fileDouble, dZO): null

16-10-2024T08:47:42 - [TEST_STEP][PASSED] - sheetName = "Sheet1": null

16-10-2024T08:47:42 - [TEST_STEP][PASSED] - data = findTestData("PlanFact"): null

16-10-2024T08:47:42 - [TEST_STEP][PASSED] - n = data.getRowNumbers() + 1: null

16-10-2024T08:47:42 - [TEST_STEP][PASSED] - year = todaysDate.substring(todaysDate.length() - 4, todaysDate.length()): null

16-10-2024T08:47:42 - [TEST_STEP][PASSED] - y = year.toInteger(): null

16-10-2024T08:47:42 - [TEST_STEP][PASSED] - m = getText(findTestObject("Выполнение бизнес-плана/Период")): Text of object 'Object Repository/Выполнение бизнес-плана/Период' is: '1, 2 кв., Июль, Август 2024 года'

16-10-2024T08:47:43 - [MESSAGE][PASSED] - Text of object 'Object Repository/Выполнение бизнес-плана/Период' is: '1, 2 кв., Июль, Август 2024 года'

16-10-2024T08:47:43 - [TEST_STEP][PASSED] - m = m.substring(0, m.indexOf("2024")): null

16-10-2024T08:47:43 - [TEST_STEP][PASSED] - m = m.trim(): null

16-10-2024T08:47:43 - [TEST_STEP][PASSED] - dashboardName = "Выполнение бизнес-плана": null

16-10-2024T08:47:43 - [TEST_STEP][PASSED] - workbook01 = getWorkbook(excelFilePath): null

16-10-2024T08:47:43 - [TEST_STEP][PASSED] - sheet01 = getExcelSheet(workbook01, sheetName): null

16-10-2024T08:47:43 - [TEST_STEP][PASSED] - setValueToCellByIndex(sheet01, n, 0, dashboardName): null

16-10-2024T08:47:43 - [TEST_STEP][PASSED] - setValueToCellByIndex(sheet01, n, 1, dZO): null

16-10-2024T08:47:43 - [TEST_STEP][PASSED] - setValueToCellByIndex(sheet01, n, 2, typeOfData): null

16-10-2024T08:47:43 - [TEST_STEP][PASSED] - if (typeOfData == "Факт в процентах" || typeOfData == "План в процентах"): null

16-10-2024T08:47:43 - [TEST_STEP][PASSED] - setValueToCellByIndex(sheet01, n, 3, fileDouble): null

16-10-2024T08:47:43 - [TEST_STEP][PASSED] - setValueToCellByIndex(sheet01, n, 4, pageDouble): null

16-10-2024T08:47:43 - [TEST_STEP][PASSED] - setValueToCellByIndex(sheet01, n, 5, m): null

16-10-2024T08:47:43 - [TEST_STEP][PASSED] - setValueToCellByIndex(sheet01, n, 6, y): null

16-10-2024T08:47:43 - [TEST_STEP][PASSED] - setValueToCellByIndex(sheet01, n, 7, todaysDate): null

16-10-2024T08:47:43 - [TEST_STEP][PASSED] - n = n + 1: null

16-10-2024T08:47:43 - [TEST_STEP][PASSED] - saveWorkbook(excelFilePath, workbook01): null

16-10-2024T08:47:43 - [TEST_STEP][PASSED] - file = findTestData("PlanFact").getValue(7, a): null

16-10-2024T08:47:43 - [TEST_STEP][PASSED] - file = file.replace(",", "."): null

16-10-2024T08:47:43 - [TEST_STEP][PASSED] - println("file Fact: " + file): null

16-10-2024T08:47:43 - [TEST_STEP][PASSED] - fileDouble = file.toDouble(): null

16-10-2024T08:47:43 - [TEST_STEP][PASSED] - typeOfData = "Факт в процентах": null

16-10-2024T08:47:43 - [TEST_STEP][PASSED] - fileDouble = file.toDouble(): null

16-10-2024T08:47:43 - [TEST_STEP][PASSED] - pageDouble = page2.toDouble(): null

16-10-2024T08:47:43 - [TEST_STEP][PASSED] - if (fileDouble != pageDouble): null

16-10-2024T08:47:43 - [TEST_STEP][PASSED] - numberOfErrors = numberOfErrors + 1: null

16-10-2024T08:47:43 - [TEST_STEP][PASSED] - Script1718980020443.WriteToExcel(a, typeOfData, todaysDate, pageInt, fileInt, pageDouble, fileDouble, dZO): null

16-10-2024T08:47:43 - [TEST_STEP][PASSED] - sheetName = "Sheet1": null

16-10-2024T08:47:43 - [TEST_STEP][PASSED] - data = findTestData("PlanFact"): null

16-10-2024T08:47:43 - [TEST_STEP][PASSED] - n = data.getRowNumbers() + 1: null

16-10-2024T08:47:43 - [TEST_STEP][PASSED] - year = todaysDate.substring(todaysDate.length() - 4, todaysDate.length()): null

16-10-2024T08:47:43 - [TEST_STEP][PASSED] - y = year.toInteger(): null

16-10-2024T08:47:43 - [TEST_STEP][PASSED] - m = getText(findTestObject("Выполнение бизнес-плана/Период")): Text of object 'Object Repository/Выполнение бизнес-плана/Период' is: '1, 2 кв., Июль, Август 2024 года'

16-10-2024T08:47:43 - [MESSAGE][PASSED] - Text of object 'Object Repository/Выполнение бизнес-плана/Период' is: '1, 2 кв., Июль, Август 2024 года'

16-10-2024T08:47:43 - [TEST_STEP][PASSED] - m = m.substring(0, m.indexOf("2024")): null

16-10-2024T08:47:43 - [TEST_STEP][PASSED] - m = m.trim(): null

16-10-2024T08:47:43 - [TEST_STEP][PASSED] - dashboardName = "Выполнение бизнес-плана": null

16-10-2024T08:47:43 - [TEST_STEP][PASSED] - workbook01 = getWorkbook(excelFilePath): null

16-10-2024T08:47:43 - [TEST_STEP][PASSED] - sheet01 = getExcelSheet(workbook01, sheetName): null

16-10-2024T08:47:43 - [TEST_STEP][PASSED] - setValueToCellByIndex(sheet01, n, 0, dashboardName): null

16-10-2024T08:47:43 - [TEST_STEP][PASSED] - setValueToCellByIndex(sheet01, n, 1, dZO): null

16-10-2024T08:47:43 - [TEST_STEP][PASSED] - setValueToCellByIndex(sheet01, n, 2, typeOfData): null

16-10-2024T08:47:43 - [TEST_STEP][PASSED] - if (typeOfData == "Факт в процентах" || typeOfData == "План в процентах"): null

16-10-2024T08:47:43 - [TEST_STEP][PASSED] - setValueToCellByIndex(sheet01, n, 3, fileDouble): null

16-10-2024T08:47:43 - [TEST_STEP][PASSED] - setValueToCellByIndex(sheet01, n, 4, pageDouble): null

16-10-2024T08:47:43 - [TEST_STEP][PASSED] - setValueToCellByIndex(sheet01, n, 5, m): null

16-10-2024T08:47:43 - [TEST_STEP][PASSED] - setValueToCellByIndex(sheet01, n, 6, y): null

16-10-2024T08:47:43 - [TEST_STEP][PASSED] - setValueToCellByIndex(sheet01, n, 7, todaysDate): null

16-10-2024T08:47:43 - [TEST_STEP][PASSED] - n = n + 1: null

16-10-2024T08:47:43 - [TEST_STEP][PASSED] - saveWorkbook(excelFilePath, workbook01): null

16-10-2024T08:47:44 - [TEST_STEP][FAILED] - if (verifyEqual(numberOfErrors, 0) == false): null

16-10-2024T08:47:44 - [MESSAGE][FAILED] - Unable to verify equal between actual object '6' and expected object '0' (Root cause: com.kms.katalon.core.exception.StepFailedException: Actual object '6' and expected object '0' are not equal
	at com.kms.katalon.core.keyword.builtin.VerifyEqualKeyword$_verifyEqual_closure1.doCall(VerifyEqualKeyword.groovy:58)
	at com.kms.katalon.core.keyword.builtin.VerifyEqualKeyword$_verifyEqual_closure1.call(VerifyEqualKeyword.groovy)
	at com.kms.katalon.core.keyword.internal.KeywordMain.runKeyword(KeywordMain.groovy:75)
	at com.kms.katalon.core.keyword.builtin.VerifyEqualKeyword.verifyEqual(VerifyEqualKeyword.groovy:63)
	at com.kms.katalon.core.keyword.builtin.VerifyEqualKeyword.execute(VerifyEqualKeyword.groovy:44)
	at com.kms.katalon.core.keyword.internal.KeywordExecutor.executeKeywordForPlatform(KeywordExecutor.groovy:74)
	at com.kms.katalon.core.keyword.BuiltinKeywords.verifyEqual(BuiltinKeywords.groovy:146)
	at java.base/jdk.internal.reflect.NativeMethodAccessorImpl.invoke0(Native Method)
	at java.base/jdk.internal.reflect.NativeMethodAccessorImpl.invoke(NativeMethodAccessorImpl.java:77)
	at java.base/jdk.internal.reflect.DelegatingMethodAccessorImpl.invoke(DelegatingMethodAccessorImpl.java:43)
	at Выполнение бизнес-плана Сверка ПАО Россети все филиалы.Numbers(Выполнение бизнес-плана Сверка ПАО Россети все филиалы:749)
	at Выполнение бизнес-плана Сверка ПАО Россети все филиалы.run(Выполнение бизнес-плана Сверка ПАО Россети все филиалы:229)
	at com.kms.katalon.core.main.ScriptEngine.run(ScriptEngine.java:194)
	at com.kms.katalon.core.main.ScriptEngine.runScriptAsRawText(ScriptEngine.java:119)
	at com.kms.katalon.core.main.TestCaseExecutor.runScript(TestCaseExecutor.java:448)
	at com.kms.katalon.core.main.TestCaseExecutor.doExecute(TestCaseExecutor.java:439)
	at com.kms.katalon.core.main.TestCaseExecutor.processExecutionPhase(TestCaseExecutor.java:418)
	at com.kms.katalon.core.main.TestCaseExecutor.accessMainPhase(TestCaseExecutor.java:410)
	at com.kms.katalon.core.main.TestCaseExecutor.execute(TestCaseExecutor.java:285)
	at com.kms.katalon.core.common.CommonExecutor.accessTestCaseMainPhase(CommonExecutor.java:65)
	at com.kms.katalon.core.main.TestSuiteExecutor.accessTestSuiteMainPhase(TestSuiteExecutor.java:150)
	at com.kms.katalon.core.main.TestSuiteExecutor.execute(TestSuiteExecutor.java:106)
	at com.kms.katalon.core.main.TestCaseMain.startTestSuite(TestCaseMain.java:180)
	at TempTestSuite1729057289574.run(TempTestSuite1729057289574.groovy:35)
	at java.base/jdk.internal.reflect.NativeMethodAccessorImpl.invoke0(Native Method)
	at java.base/jdk.internal.reflect.NativeMethodAccessorImpl.invoke(NativeMethodAccessorImpl.java:77)
	at java.base/jdk.internal.reflect.DelegatingMethodAccessorImpl.invoke(DelegatingMethodAccessorImpl.java:43)
)

16-10-2024T08:47:44 - [TEST_STEP][PASSED] - println(numberOfErrors): null

16-10-2024T08:47:44 - [TEST_STEP][PASSED] - if (a == 28 || a == 77 || a == 74 || a == 65 || a == 36 || a == 44 || a == 54 || a == 1 || a == 18 || a == 59): null

16-10-2024T08:47:44 - [TEST_STEP][PASSED] - if (a == 82): null

16-10-2024T08:47:44 - [TEST_STEP][PASSED] - println(dzoNum): null

16-10-2024T08:47:44 - [TEST_STEP][PASSED] - dZO = "АО «Чеченэнерго»": null

16-10-2024T08:47:44 - [TEST_STEP][PASSED] - a = 72: null

16-10-2024T08:47:44 - [TEST_STEP][PASSED] - if (x1.contains(dZO)): null

16-10-2024T08:47:44 - [TEST_STEP][PASSED] - dzoNum = dzoNum + 1: null

16-10-2024T08:47:44 - [TEST_STEP][PASSED] - Script1718980020443.Numbers(a, typeOfData, todaysDate, pageInt, fileInt, pageDouble, fileDouble, dZO, dzoNum, filialNum): null

16-10-2024T08:47:44 - [TEST_STEP][PASSED] - println(dzoNum): null

16-10-2024T08:47:44 - [TEST_STEP][PASSED] - planFact = <not implemented yet for class: org.codehaus.groovy.ast.expr.EmptyExpression>: null

16-10-2024T08:47:44 - [TEST_STEP][PASSED] - page = <not implemented yet for class: org.codehaus.groovy.ast.expr.EmptyExpression>: null

16-10-2024T08:47:44 - [TEST_STEP][PASSED] - page1 = <not implemented yet for class: org.codehaus.groovy.ast.expr.EmptyExpression>: null

16-10-2024T08:47:44 - [TEST_STEP][PASSED] - page2 = <not implemented yet for class: org.codehaus.groovy.ast.expr.EmptyExpression>: null

16-10-2024T08:47:44 - [TEST_STEP][PASSED] - filialNumberInRow = <not implemented yet for class: org.codehaus.groovy.ast.expr.EmptyExpression>: null

16-10-2024T08:47:44 - [TEST_STEP][PASSED] - filialsDzoNames = <not implemented yet for class: org.codehaus.groovy.ast.expr.EmptyExpression>: null

16-10-2024T08:47:44 - [TEST_STEP][PASSED] - numberOfFilials = <not implemented yet for class: org.codehaus.groovy.ast.expr.EmptyExpression>: null

16-10-2024T08:47:44 - [TEST_STEP][PASSED] - numberOfSpaces = <not implemented yet for class: org.codehaus.groovy.ast.expr.EmptyExpression>: null

16-10-2024T08:47:44 - [TEST_STEP][PASSED] - file = <not implemented yet for class: org.codehaus.groovy.ast.expr.EmptyExpression>: null

16-10-2024T08:47:44 - [TEST_STEP][PASSED] - otpusk = <not implemented yet for class: org.codehaus.groovy.ast.expr.EmptyExpression>: null

16-10-2024T08:47:44 - [TEST_STEP][PASSED] - poteri = <not implemented yet for class: org.codehaus.groovy.ast.expr.EmptyExpression>: null

16-10-2024T08:47:44 - [TEST_STEP][PASSED] - dataFolder = "Выполнение бизнес-плана/Значения со страницы Выполнение бизнес-плана/": null

16-10-2024T08:47:44 - [TEST_STEP][PASSED] - path = <not implemented yet for class: org.codehaus.groovy.ast.expr.EmptyExpression>: null

16-10-2024T08:47:44 - [TEST_STEP][PASSED] - typeOfDataMain = <not implemented yet for class: org.codehaus.groovy.ast.expr.EmptyExpression>: null

16-10-2024T08:47:44 - [TEST_STEP][PASSED] - fileOtpuskVSet = <not implemented yet for class: org.codehaus.groovy.ast.expr.EmptyExpression>: null

16-10-2024T08:47:44 - [TEST_STEP][PASSED] - pageOtpuskVSet = <not implemented yet for class: org.codehaus.groovy.ast.expr.EmptyExpression>: null

16-10-2024T08:47:44 - [TEST_STEP][PASSED] - filePoteri = <not implemented yet for class: org.codehaus.groovy.ast.expr.EmptyExpression>: null

16-10-2024T08:47:44 - [TEST_STEP][PASSED] - pagePoteri = <not implemented yet for class: org.codehaus.groovy.ast.expr.EmptyExpression>: null

16-10-2024T08:47:44 - [TEST_STEP][PASSED] - compare = <not implemented yet for class: org.codehaus.groovy.ast.expr.EmptyExpression>: null

16-10-2024T08:47:44 - [TEST_STEP][PASSED] - b = <not implemented yet for class: org.codehaus.groovy.ast.expr.EmptyExpression>: null

16-10-2024T08:47:44 - [TEST_STEP][PASSED] - i = <not implemented yet for class: org.codehaus.groovy.ast.expr.EmptyExpression>: null

16-10-2024T08:47:44 - [TEST_STEP][PASSED] - ii = <not implemented yet for class: org.codehaus.groovy.ast.expr.EmptyExpression>: null

16-10-2024T08:47:44 - [TEST_STEP][PASSED] - c = <not implemented yet for class: org.codehaus.groovy.ast.expr.EmptyExpression>: null

16-10-2024T08:47:44 - [TEST_STEP][PASSED] - numberOfErrors = 0: null

16-10-2024T08:47:44 - [TEST_STEP][PASSED] - if (a == 82): null

16-10-2024T08:47:44 - [TEST_STEP][PASSED] - b = findTestData("PlanFact").getValue(1, a): null

16-10-2024T08:47:44 - [TEST_STEP][PASSED] - i = b.indexOf(" (ГК)"): null

16-10-2024T08:47:44 - [TEST_STEP][PASSED] - if (i > -1): null

16-10-2024T08:47:44 - [TEST_STEP][PASSED] - i = b.indexOf("О ""): null

16-10-2024T08:47:44 - [TEST_STEP][PASSED] - if (i > -1): null

16-10-2024T08:47:44 - [TEST_STEP][PASSED] - b = b.substring(i + 3, b.length()): null

16-10-2024T08:47:44 - [TEST_STEP][PASSED] - i = b.indexOf("""): null

16-10-2024T08:47:44 - [TEST_STEP][PASSED] - b = b.substring(0, i): null

16-10-2024T08:47:44 - [TEST_STEP][PASSED] - b = b.trim(): null

16-10-2024T08:47:44 - [TEST_STEP][PASSED] - i = b.indexOf("О «"): null

16-10-2024T08:47:44 - [TEST_STEP][PASSED] - if (i > -1): null

16-10-2024T08:47:44 - [TEST_STEP][PASSED] - i = b.indexOf("г. "): null

16-10-2024T08:47:44 - [TEST_STEP][PASSED] - if (i > -1): null

16-10-2024T08:47:44 - [TEST_STEP][PASSED] - println(b): null

16-10-2024T08:47:44 - [TEST_STEP][PASSED] - for ([planFact = 1, planFact < 3, (planFact++)]): null

16-10-2024T08:47:44 - [TEST_STEP][PASSED] - if (planFact == 1): null

16-10-2024T08:47:44 - [TEST_STEP][PASSED] - typeOfDataMain = "Факт": null

16-10-2024T08:47:44 - [TEST_STEP][PASSED] - otpusk = findTestData("PlanFact").getValue(5, a): null

16-10-2024T08:47:44 - [TEST_STEP][PASSED] - poteri = findTestData("PlanFact").getValue(6, a): null

16-10-2024T08:47:44 - [TEST_STEP][PASSED] - otpusk = otpusk.replaceAll("\s+", ""): null

16-10-2024T08:47:44 - [TEST_STEP][PASSED] - poteri = poteri.replaceAll("\s+", ""): null

16-10-2024T08:47:44 - [TEST_STEP][PASSED] - typeOfData = typeOfDataMain + " Отпуск в сеть": null

16-10-2024T08:47:44 - [TEST_STEP][PASSED] - if (a == 82): null

16-10-2024T08:47:44 - [TEST_STEP][PASSED] - else if (a == 84): null

16-10-2024T08:47:44 - [TEST_STEP][PASSED] - else if (a == 52 || a == 72 || a == 28 || a == 73 || a == 77 || a == 74 || a == 65 || a == 36 || a == 44 || a == 53 || a == 80 || a == 54 || a == 1 || a == 18 || a == 59 || a == 81): null

16-10-2024T08:47:44 - [TEST_STEP][PASSED] - path = dataFolder + "Table Data/" + typeOfData + " за отчётный период " + dzoNum: null

16-10-2024T08:47:44 - [TEST_STEP][PASSED] - println(path): null

16-10-2024T08:47:44 - [TEST_STEP][PASSED] - page = getText(findTestObject(path)): Text of object 'Object Repository/Выполнение бизнес-плана/Значения со страницы Выполнение бизнес-плана/Table Data/Факт Отпуск в сеть за отчётный период 2' is: '2 784 252'

16-10-2024T08:47:44 - [MESSAGE][PASSED] - Text of object 'Object Repository/Выполнение бизнес-плана/Значения со страницы Выполнение бизнес-плана/Table Data/Факт Отпуск в сеть за отчётный период 2' is: '2 784 252'

16-10-2024T08:47:44 - [TEST_STEP][PASSED] - page = page.replaceAll("\s+", ""): null

16-10-2024T08:47:44 - [TEST_STEP][PASSED] - fileOtpuskVSet = otpusk.toInteger(): null

16-10-2024T08:47:44 - [TEST_STEP][PASSED] - pageOtpuskVSet = page.toInteger(): null

16-10-2024T08:47:44 - [TEST_STEP][PASSED] - typeOfData = typeOfDataMain + " Потери": null

16-10-2024T08:47:44 - [TEST_STEP][PASSED] - if (a == 82): null

16-10-2024T08:47:44 - [TEST_STEP][PASSED] - else if (a == 84): null

16-10-2024T08:47:44 - [TEST_STEP][PASSED] - else if (a == 52 || a == 72 || a == 28 || a == 73 || a == 77 || a == 74 || a == 65 || a == 36 || a == 44 || a == 53 || a == 80 || a == 54 || a == 1 || a == 18 || a == 59 || a == 81): null

16-10-2024T08:47:44 - [TEST_STEP][PASSED] - path = dataFolder + "Table Data/" + typeOfData + " за отчётный период " + dzoNum: null

16-10-2024T08:47:44 - [TEST_STEP][PASSED] - page = getText(findTestObject(path)): Text of object 'Object Repository/Выполнение бизнес-плана/Значения со страницы Выполнение бизнес-плана/Table Data/Факт Потери за отчётный период 2' is: '1 045 295'

16-10-2024T08:47:44 - [MESSAGE][PASSED] - Text of object 'Object Repository/Выполнение бизнес-плана/Значения со страницы Выполнение бизнес-плана/Table Data/Факт Потери за отчётный период 2' is: '1 045 295'

16-10-2024T08:47:44 - [TEST_STEP][PASSED] - page = page.replaceAll("\s+", ""): null

16-10-2024T08:47:44 - [TEST_STEP][PASSED] - filePoteri = poteri.toInteger(): null

16-10-2024T08:47:44 - [TEST_STEP][PASSED] - pagePoteri = page.toInteger(): null

16-10-2024T08:47:44 - [TEST_STEP][PASSED] - compare = pageOtpuskVSet: null

16-10-2024T08:47:44 - [TEST_STEP][PASSED] - if (compare == fileOtpuskVSet): null

16-10-2024T08:47:44 - [TEST_STEP][PASSED] - else if (compare > fileOtpuskVSet): null

16-10-2024T08:47:44 - [TEST_STEP][PASSED] - compare = compare - 1: null

16-10-2024T08:47:44 - [TEST_STEP][PASSED] - if (compare == fileOtpuskVSet): null

16-10-2024T08:47:44 - [TEST_STEP][PASSED] - else: null

16-10-2024T08:47:44 - [TEST_STEP][PASSED] - numberOfErrors = numberOfErrors + 1: null

16-10-2024T08:47:44 - [TEST_STEP][PASSED] - pageInt = pageOtpuskVSet: null

16-10-2024T08:47:44 - [TEST_STEP][PASSED] - fileInt = fileOtpuskVSet: null

16-10-2024T08:47:44 - [TEST_STEP][PASSED] - typeOfData = typeOfDataMain + " Отпуск в сеть": null

16-10-2024T08:47:44 - [TEST_STEP][PASSED] - Script1718980020443.WriteToExcel(a, typeOfData, todaysDate, pageInt, fileInt, pageDouble, fileDouble, dZO): null

16-10-2024T08:47:44 - [TEST_STEP][PASSED] - sheetName = "Sheet1": null

16-10-2024T08:47:44 - [TEST_STEP][PASSED] - data = findTestData("PlanFact"): null

16-10-2024T08:47:44 - [TEST_STEP][PASSED] - n = data.getRowNumbers() + 1: null

16-10-2024T08:47:44 - [TEST_STEP][PASSED] - year = todaysDate.substring(todaysDate.length() - 4, todaysDate.length()): null

16-10-2024T08:47:44 - [TEST_STEP][PASSED] - y = year.toInteger(): null

16-10-2024T08:47:44 - [TEST_STEP][PASSED] - m = getText(findTestObject("Выполнение бизнес-плана/Период")): Text of object 'Object Repository/Выполнение бизнес-плана/Период' is: '1, 2 кв., Июль, Август 2024 года'

16-10-2024T08:47:45 - [MESSAGE][PASSED] - Text of object 'Object Repository/Выполнение бизнес-плана/Период' is: '1, 2 кв., Июль, Август 2024 года'

16-10-2024T08:47:45 - [TEST_STEP][PASSED] - m = m.substring(0, m.indexOf("2024")): null

16-10-2024T08:47:45 - [TEST_STEP][PASSED] - m = m.trim(): null

16-10-2024T08:47:45 - [TEST_STEP][PASSED] - dashboardName = "Выполнение бизнес-плана": null

16-10-2024T08:47:45 - [TEST_STEP][PASSED] - workbook01 = getWorkbook(excelFilePath): null

16-10-2024T08:47:45 - [TEST_STEP][PASSED] - sheet01 = getExcelSheet(workbook01, sheetName): null

16-10-2024T08:47:45 - [TEST_STEP][PASSED] - setValueToCellByIndex(sheet01, n, 0, dashboardName): null

16-10-2024T08:47:45 - [TEST_STEP][PASSED] - setValueToCellByIndex(sheet01, n, 1, dZO): null

16-10-2024T08:47:45 - [TEST_STEP][PASSED] - setValueToCellByIndex(sheet01, n, 2, typeOfData): null

16-10-2024T08:47:45 - [TEST_STEP][PASSED] - if (typeOfData == "Факт в процентах" || typeOfData == "План в процентах"): null

16-10-2024T08:47:45 - [TEST_STEP][PASSED] - else: null

16-10-2024T08:47:45 - [TEST_STEP][PASSED] - setValueToCellByIndex(sheet01, n, 3, fileInt): null

16-10-2024T08:47:45 - [TEST_STEP][PASSED] - setValueToCellByIndex(sheet01, n, 4, pageInt): null

16-10-2024T08:47:45 - [TEST_STEP][PASSED] - setValueToCellByIndex(sheet01, n, 5, m): null

16-10-2024T08:47:45 - [TEST_STEP][PASSED] - setValueToCellByIndex(sheet01, n, 6, y): null

16-10-2024T08:47:45 - [TEST_STEP][PASSED] - setValueToCellByIndex(sheet01, n, 7, todaysDate): null

16-10-2024T08:47:45 - [TEST_STEP][PASSED] - n = n + 1: null

16-10-2024T08:47:45 - [TEST_STEP][PASSED] - saveWorkbook(excelFilePath, workbook01): null

16-10-2024T08:47:45 - [TEST_STEP][PASSED] - compare = pagePoteri: null

16-10-2024T08:47:45 - [TEST_STEP][PASSED] - if (compare == filePoteri): null

16-10-2024T08:47:45 - [TEST_STEP][PASSED] - else if (compare > filePoteri): null

16-10-2024T08:47:45 - [TEST_STEP][PASSED] - compare = compare - 1: null

16-10-2024T08:47:45 - [TEST_STEP][PASSED] - if (compare == filePoteri): null

16-10-2024T08:47:45 - [TEST_STEP][PASSED] - else: null

16-10-2024T08:47:45 - [TEST_STEP][PASSED] - numberOfErrors = numberOfErrors + 1: null

16-10-2024T08:47:45 - [TEST_STEP][PASSED] - pageInt = pagePoteri: null

16-10-2024T08:47:45 - [TEST_STEP][PASSED] - fileInt = filePoteri: null

16-10-2024T08:47:45 - [TEST_STEP][PASSED] - typeOfData = typeOfDataMain + " Потери": null

16-10-2024T08:47:45 - [TEST_STEP][PASSED] - Script1718980020443.WriteToExcel(a, typeOfData, todaysDate, pageInt, fileInt, pageDouble, fileDouble, dZO): null

16-10-2024T08:47:45 - [TEST_STEP][PASSED] - sheetName = "Sheet1": null

16-10-2024T08:47:45 - [TEST_STEP][PASSED] - data = findTestData("PlanFact"): null

16-10-2024T08:47:45 - [TEST_STEP][PASSED] - n = data.getRowNumbers() + 1: null

16-10-2024T08:47:45 - [TEST_STEP][PASSED] - year = todaysDate.substring(todaysDate.length() - 4, todaysDate.length()): null

16-10-2024T08:47:45 - [TEST_STEP][PASSED] - y = year.toInteger(): null

16-10-2024T08:47:45 - [TEST_STEP][PASSED] - m = getText(findTestObject("Выполнение бизнес-плана/Период")): Text of object 'Object Repository/Выполнение бизнес-плана/Период' is: '1, 2 кв., Июль, Август 2024 года'

16-10-2024T08:47:45 - [MESSAGE][PASSED] - Text of object 'Object Repository/Выполнение бизнес-плана/Период' is: '1, 2 кв., Июль, Август 2024 года'

16-10-2024T08:47:45 - [TEST_STEP][PASSED] - m = m.substring(0, m.indexOf("2024")): null

16-10-2024T08:47:45 - [TEST_STEP][PASSED] - m = m.trim(): null

16-10-2024T08:47:45 - [TEST_STEP][PASSED] - dashboardName = "Выполнение бизнес-плана": null

16-10-2024T08:47:45 - [TEST_STEP][PASSED] - workbook01 = getWorkbook(excelFilePath): null

16-10-2024T08:47:45 - [TEST_STEP][PASSED] - sheet01 = getExcelSheet(workbook01, sheetName): null

16-10-2024T08:47:45 - [TEST_STEP][PASSED] - setValueToCellByIndex(sheet01, n, 0, dashboardName): null

16-10-2024T08:47:45 - [TEST_STEP][PASSED] - setValueToCellByIndex(sheet01, n, 1, dZO): null

16-10-2024T08:47:45 - [TEST_STEP][PASSED] - setValueToCellByIndex(sheet01, n, 2, typeOfData): null

16-10-2024T08:47:45 - [TEST_STEP][PASSED] - if (typeOfData == "Факт в процентах" || typeOfData == "План в процентах"): null

16-10-2024T08:47:45 - [TEST_STEP][PASSED] - else: null

16-10-2024T08:47:45 - [TEST_STEP][PASSED] - setValueToCellByIndex(sheet01, n, 3, fileInt): null

16-10-2024T08:47:45 - [TEST_STEP][PASSED] - setValueToCellByIndex(sheet01, n, 4, pageInt): null

16-10-2024T08:47:45 - [TEST_STEP][PASSED] - setValueToCellByIndex(sheet01, n, 5, m): null

16-10-2024T08:47:45 - [TEST_STEP][PASSED] - setValueToCellByIndex(sheet01, n, 6, y): null

16-10-2024T08:47:45 - [TEST_STEP][PASSED] - setValueToCellByIndex(sheet01, n, 7, todaysDate): null

16-10-2024T08:47:45 - [TEST_STEP][PASSED] - n = n + 1: null

16-10-2024T08:47:45 - [TEST_STEP][PASSED] - saveWorkbook(excelFilePath, workbook01): null

16-10-2024T08:47:46 - [TEST_STEP][PASSED] - if (planFact == 2): null

16-10-2024T08:47:46 - [TEST_STEP][PASSED] - if (planFact == 1): null

16-10-2024T08:47:46 - [TEST_STEP][PASSED] - else if (planFact == 2): null

16-10-2024T08:47:46 - [TEST_STEP][PASSED] - click(findTestObject("Выполнение бизнес-плана/Кнопка План")): Object: 'Object Repository/Выполнение бизнес-плана/Кнопка План' is clicked on

16-10-2024T08:47:46 - [MESSAGE][PASSED] - Object: 'Object Repository/Выполнение бизнес-плана/Кнопка План' is clicked on

16-10-2024T08:47:46 - [TEST_STEP][PASSED] - typeOfDataMain = "План": null

16-10-2024T08:47:46 - [TEST_STEP][PASSED] - otpusk = findTestData("PlanFact").getValue(2, a): null

16-10-2024T08:47:46 - [TEST_STEP][PASSED] - poteri = findTestData("PlanFact").getValue(3, a): null

16-10-2024T08:47:46 - [TEST_STEP][PASSED] - otpusk = otpusk.replaceAll("\s+", ""): null

16-10-2024T08:47:46 - [TEST_STEP][PASSED] - poteri = poteri.replaceAll("\s+", ""): null

16-10-2024T08:47:46 - [TEST_STEP][PASSED] - typeOfData = typeOfDataMain + " Отпуск в сеть": null

16-10-2024T08:47:46 - [TEST_STEP][PASSED] - if (a == 82): null

16-10-2024T08:47:46 - [TEST_STEP][PASSED] - else if (a == 84): null

16-10-2024T08:47:46 - [TEST_STEP][PASSED] - else if (a == 52 || a == 72 || a == 28 || a == 73 || a == 77 || a == 74 || a == 65 || a == 36 || a == 44 || a == 53 || a == 80 || a == 54 || a == 1 || a == 18 || a == 59 || a == 81): null

16-10-2024T08:47:46 - [TEST_STEP][PASSED] - path = dataFolder + "Table Data/" + typeOfData + " за отчётный период " + dzoNum: null

16-10-2024T08:47:46 - [TEST_STEP][PASSED] - println(path): null

16-10-2024T08:47:46 - [TEST_STEP][PASSED] - page = getText(findTestObject(path)): Text of object 'Object Repository/Выполнение бизнес-плана/Значения со страницы Выполнение бизнес-плана/Table Data/План Отпуск в сеть за отчётный период 2' is: '2 583 877'

16-10-2024T08:47:46 - [MESSAGE][PASSED] - Text of object 'Object Repository/Выполнение бизнес-плана/Значения со страницы Выполнение бизнес-плана/Table Data/План Отпуск в сеть за отчётный период 2' is: '2 583 877'

16-10-2024T08:47:46 - [TEST_STEP][PASSED] - page = page.replaceAll("\s+", ""): null

16-10-2024T08:47:46 - [TEST_STEP][PASSED] - fileOtpuskVSet = otpusk.toInteger(): null

16-10-2024T08:47:46 - [TEST_STEP][PASSED] - pageOtpuskVSet = page.toInteger(): null

16-10-2024T08:47:46 - [TEST_STEP][PASSED] - typeOfData = typeOfDataMain + " Потери": null

16-10-2024T08:47:46 - [TEST_STEP][PASSED] - if (a == 82): null

16-10-2024T08:47:46 - [TEST_STEP][PASSED] - else if (a == 84): null

16-10-2024T08:47:46 - [TEST_STEP][PASSED] - else if (a == 52 || a == 72 || a == 28 || a == 73 || a == 77 || a == 74 || a == 65 || a == 36 || a == 44 || a == 53 || a == 80 || a == 54 || a == 1 || a == 18 || a == 59 || a == 81): null

16-10-2024T08:47:46 - [TEST_STEP][PASSED] - path = dataFolder + "Table Data/" + typeOfData + " за отчётный период " + dzoNum: null

16-10-2024T08:47:46 - [TEST_STEP][PASSED] - page = getText(findTestObject(path)): Text of object 'Object Repository/Выполнение бизнес-плана/Значения со страницы Выполнение бизнес-плана/Table Data/План Потери за отчётный период 2' is: '864 562'

16-10-2024T08:47:47 - [MESSAGE][PASSED] - Text of object 'Object Repository/Выполнение бизнес-плана/Значения со страницы Выполнение бизнес-плана/Table Data/План Потери за отчётный период 2' is: '864 562'

16-10-2024T08:47:47 - [TEST_STEP][PASSED] - page = page.replaceAll("\s+", ""): null

16-10-2024T08:47:47 - [TEST_STEP][PASSED] - filePoteri = poteri.toInteger(): null

16-10-2024T08:47:47 - [TEST_STEP][PASSED] - pagePoteri = page.toInteger(): null

16-10-2024T08:47:47 - [TEST_STEP][PASSED] - compare = pageOtpuskVSet: null

16-10-2024T08:47:47 - [TEST_STEP][PASSED] - if (compare == fileOtpuskVSet): null

16-10-2024T08:47:47 - [TEST_STEP][PASSED] - else if (compare > fileOtpuskVSet): null

16-10-2024T08:47:47 - [TEST_STEP][PASSED] - compare = compare - 1: null

16-10-2024T08:47:47 - [TEST_STEP][PASSED] - if (compare == fileOtpuskVSet): null

16-10-2024T08:47:47 - [TEST_STEP][PASSED] - else: null

16-10-2024T08:47:47 - [TEST_STEP][PASSED] - numberOfErrors = numberOfErrors + 1: null

16-10-2024T08:47:47 - [TEST_STEP][PASSED] - pageInt = pageOtpuskVSet: null

16-10-2024T08:47:47 - [TEST_STEP][PASSED] - fileInt = fileOtpuskVSet: null

16-10-2024T08:47:47 - [TEST_STEP][PASSED] - typeOfData = typeOfDataMain + " Отпуск в сеть": null

16-10-2024T08:47:47 - [TEST_STEP][PASSED] - Script1718980020443.WriteToExcel(a, typeOfData, todaysDate, pageInt, fileInt, pageDouble, fileDouble, dZO): null

16-10-2024T08:47:47 - [TEST_STEP][PASSED] - sheetName = "Sheet1": null

16-10-2024T08:47:47 - [TEST_STEP][PASSED] - data = findTestData("PlanFact"): null

16-10-2024T08:47:47 - [TEST_STEP][PASSED] - n = data.getRowNumbers() + 1: null

16-10-2024T08:47:47 - [TEST_STEP][PASSED] - year = todaysDate.substring(todaysDate.length() - 4, todaysDate.length()): null

16-10-2024T08:47:47 - [TEST_STEP][PASSED] - y = year.toInteger(): null

16-10-2024T08:47:47 - [TEST_STEP][PASSED] - m = getText(findTestObject("Выполнение бизнес-плана/Период")): Text of object 'Object Repository/Выполнение бизнес-плана/Период' is: '1, 2 кв., Июль, Август 2024 года'

16-10-2024T08:47:47 - [MESSAGE][PASSED] - Text of object 'Object Repository/Выполнение бизнес-плана/Период' is: '1, 2 кв., Июль, Август 2024 года'

16-10-2024T08:47:47 - [TEST_STEP][PASSED] - m = m.substring(0, m.indexOf("2024")): null

16-10-2024T08:47:47 - [TEST_STEP][PASSED] - m = m.trim(): null

16-10-2024T08:47:47 - [TEST_STEP][PASSED] - dashboardName = "Выполнение бизнес-плана": null

16-10-2024T08:47:47 - [TEST_STEP][PASSED] - workbook01 = getWorkbook(excelFilePath): null

16-10-2024T08:47:47 - [TEST_STEP][PASSED] - sheet01 = getExcelSheet(workbook01, sheetName): null

16-10-2024T08:47:47 - [TEST_STEP][PASSED] - setValueToCellByIndex(sheet01, n, 0, dashboardName): null

16-10-2024T08:47:47 - [TEST_STEP][PASSED] - setValueToCellByIndex(sheet01, n, 1, dZO): null

16-10-2024T08:47:47 - [TEST_STEP][PASSED] - setValueToCellByIndex(sheet01, n, 2, typeOfData): null

16-10-2024T08:47:47 - [TEST_STEP][PASSED] - if (typeOfData == "Факт в процентах" || typeOfData == "План в процентах"): null

16-10-2024T08:47:47 - [TEST_STEP][PASSED] - else: null

16-10-2024T08:47:47 - [TEST_STEP][PASSED] - setValueToCellByIndex(sheet01, n, 3, fileInt): null

16-10-2024T08:47:47 - [TEST_STEP][PASSED] - setValueToCellByIndex(sheet01, n, 4, pageInt): null

16-10-2024T08:47:47 - [TEST_STEP][PASSED] - setValueToCellByIndex(sheet01, n, 5, m): null

16-10-2024T08:47:47 - [TEST_STEP][PASSED] - setValueToCellByIndex(sheet01, n, 6, y): null

16-10-2024T08:47:47 - [TEST_STEP][PASSED] - setValueToCellByIndex(sheet01, n, 7, todaysDate): null

16-10-2024T08:47:47 - [TEST_STEP][PASSED] - n = n + 1: null

16-10-2024T08:47:47 - [TEST_STEP][PASSED] - saveWorkbook(excelFilePath, workbook01): null

16-10-2024T08:47:47 - [TEST_STEP][PASSED] - compare = pagePoteri: null

16-10-2024T08:47:47 - [TEST_STEP][PASSED] - if (compare == filePoteri): null

16-10-2024T08:47:47 - [TEST_STEP][PASSED] - else if (compare > filePoteri): null

16-10-2024T08:47:47 - [TEST_STEP][PASSED] - compare = compare - 1: null

16-10-2024T08:47:47 - [TEST_STEP][PASSED] - if (compare == filePoteri): null

16-10-2024T08:47:47 - [TEST_STEP][PASSED] - else: null

16-10-2024T08:47:47 - [TEST_STEP][PASSED] - numberOfErrors = numberOfErrors + 1: null

16-10-2024T08:47:47 - [TEST_STEP][PASSED] - pageInt = pagePoteri: null

16-10-2024T08:47:47 - [TEST_STEP][PASSED] - fileInt = filePoteri: null

16-10-2024T08:47:47 - [TEST_STEP][PASSED] - typeOfData = typeOfDataMain + " Потери": null

16-10-2024T08:47:47 - [TEST_STEP][PASSED] - Script1718980020443.WriteToExcel(a, typeOfData, todaysDate, pageInt, fileInt, pageDouble, fileDouble, dZO): null

16-10-2024T08:47:47 - [TEST_STEP][PASSED] - sheetName = "Sheet1": null

16-10-2024T08:47:47 - [TEST_STEP][PASSED] - data = findTestData("PlanFact"): null

16-10-2024T08:47:47 - [TEST_STEP][PASSED] - n = data.getRowNumbers() + 1: null

16-10-2024T08:47:47 - [TEST_STEP][PASSED] - year = todaysDate.substring(todaysDate.length() - 4, todaysDate.length()): null

16-10-2024T08:47:47 - [TEST_STEP][PASSED] - y = year.toInteger(): null

16-10-2024T08:47:47 - [TEST_STEP][PASSED] - m = getText(findTestObject("Выполнение бизнес-плана/Период")): Text of object 'Object Repository/Выполнение бизнес-плана/Период' is: '1, 2 кв., Июль, Август 2024 года'

16-10-2024T08:47:48 - [MESSAGE][PASSED] - Text of object 'Object Repository/Выполнение бизнес-плана/Период' is: '1, 2 кв., Июль, Август 2024 года'

16-10-2024T08:47:48 - [TEST_STEP][PASSED] - m = m.substring(0, m.indexOf("2024")): null

16-10-2024T08:47:48 - [TEST_STEP][PASSED] - m = m.trim(): null

16-10-2024T08:47:48 - [TEST_STEP][PASSED] - dashboardName = "Выполнение бизнес-плана": null

16-10-2024T08:47:48 - [TEST_STEP][PASSED] - workbook01 = getWorkbook(excelFilePath): null

16-10-2024T08:47:48 - [TEST_STEP][PASSED] - sheet01 = getExcelSheet(workbook01, sheetName): null

16-10-2024T08:47:48 - [TEST_STEP][PASSED] - setValueToCellByIndex(sheet01, n, 0, dashboardName): null

16-10-2024T08:47:48 - [TEST_STEP][PASSED] - setValueToCellByIndex(sheet01, n, 1, dZO): null

16-10-2024T08:47:48 - [TEST_STEP][PASSED] - setValueToCellByIndex(sheet01, n, 2, typeOfData): null

16-10-2024T08:47:48 - [TEST_STEP][PASSED] - if (typeOfData == "Факт в процентах" || typeOfData == "План в процентах"): null

16-10-2024T08:47:48 - [TEST_STEP][PASSED] - else: null

16-10-2024T08:47:48 - [TEST_STEP][PASSED] - setValueToCellByIndex(sheet01, n, 3, fileInt): null

16-10-2024T08:47:48 - [TEST_STEP][PASSED] - setValueToCellByIndex(sheet01, n, 4, pageInt): null

16-10-2024T08:47:48 - [TEST_STEP][PASSED] - setValueToCellByIndex(sheet01, n, 5, m): null

16-10-2024T08:47:48 - [TEST_STEP][PASSED] - setValueToCellByIndex(sheet01, n, 6, y): null

16-10-2024T08:47:48 - [TEST_STEP][PASSED] - setValueToCellByIndex(sheet01, n, 7, todaysDate): null

16-10-2024T08:47:48 - [TEST_STEP][PASSED] - n = n + 1: null

16-10-2024T08:47:48 - [TEST_STEP][PASSED] - saveWorkbook(excelFilePath, workbook01): Object: 'Object Repository/Выполнение бизнес-плана/Кнопка Факт' is clicked on

16-10-2024T08:47:48 - [TEST_STEP][PASSED] - if (planFact == 2): Object: 'Object Repository/Выполнение бизнес-плана/Кнопка Факт' is clicked on

16-10-2024T08:47:48 - [TEST_STEP][PASSED] - click(findTestObject("Выполнение бизнес-плана/Кнопка Факт")): Object: 'Object Repository/Выполнение бизнес-плана/Кнопка Факт' is clicked on

16-10-2024T08:47:48 - [MESSAGE][PASSED] - Object: 'Object Repository/Выполнение бизнес-плана/Кнопка Факт' is clicked on

16-10-2024T08:47:48 - [TEST_STEP][PASSED] - if (a == 84 || a == 82): null

16-10-2024T08:47:48 - [TEST_STEP][PASSED] - else if (a == 52 || a == 72 || a == 28 || a == 73 || a == 77 || a == 74 || a == 65 || a == 36 || a == 44 || a == 53 || a == 80 || a == 54 || a == 1 || a == 18 || a == 59 || a == 81): null

16-10-2024T08:47:48 - [TEST_STEP][PASSED] - page1 = getText(findTestObject("Object Repository/Выполнение бизнес-плана/spanPlan" + dzoNum)): Text of object 'Object Repository/Выполнение бизнес-плана/spanPlan2' is: '33.46'

16-10-2024T08:47:48 - [MESSAGE][PASSED] - Text of object 'Object Repository/Выполнение бизнес-плана/spanPlan2' is: '33.46'

16-10-2024T08:47:48 - [TEST_STEP][PASSED] - page1 = page1.replace("|", ""): null

16-10-2024T08:47:48 - [TEST_STEP][PASSED] - page2 = getText(findTestObject("Object Repository/Выполнение бизнес-плана/spanFact" + dzoNum)): Text of object 'Object Repository/Выполнение бизнес-плана/spanFact2' is: '37.54
|'

16-10-2024T08:47:49 - [MESSAGE][PASSED] - Text of object 'Object Repository/Выполнение бизнес-плана/spanFact2' is: '37.54
|'

16-10-2024T08:47:49 - [TEST_STEP][PASSED] - page2 = page2.replace("|", ""): null

16-10-2024T08:47:49 - [TEST_STEP][PASSED] - println("page1: " + page1): null

16-10-2024T08:47:49 - [TEST_STEP][PASSED] - println("page2: " + page2): null

16-10-2024T08:47:49 - [TEST_STEP][PASSED] - file = findTestData("PlanFact").getValue(4, a): null

16-10-2024T08:47:49 - [TEST_STEP][PASSED] - file = file.replace(",", "."): null

16-10-2024T08:47:49 - [TEST_STEP][PASSED] - println("file Plan: " + file): null

16-10-2024T08:47:49 - [TEST_STEP][PASSED] - typeOfData = "План в процентах": null

16-10-2024T08:47:49 - [TEST_STEP][PASSED] - fileDouble = file.toDouble(): null

16-10-2024T08:47:49 - [TEST_STEP][PASSED] - pageDouble = page1.toDouble(): null

16-10-2024T08:47:49 - [TEST_STEP][PASSED] - if (fileDouble != pageDouble): null

16-10-2024T08:47:49 - [TEST_STEP][PASSED] - numberOfErrors = numberOfErrors + 1: null

16-10-2024T08:47:49 - [TEST_STEP][PASSED] - Script1718980020443.WriteToExcel(a, typeOfData, todaysDate, pageInt, fileInt, pageDouble, fileDouble, dZO): null

16-10-2024T08:47:49 - [TEST_STEP][PASSED] - sheetName = "Sheet1": null

16-10-2024T08:47:49 - [TEST_STEP][PASSED] - data = findTestData("PlanFact"): null

16-10-2024T08:47:49 - [TEST_STEP][PASSED] - n = data.getRowNumbers() + 1: null

16-10-2024T08:47:49 - [TEST_STEP][PASSED] - year = todaysDate.substring(todaysDate.length() - 4, todaysDate.length()): null

16-10-2024T08:47:49 - [TEST_STEP][PASSED] - y = year.toInteger(): null

16-10-2024T08:47:49 - [TEST_STEP][PASSED] - m = getText(findTestObject("Выполнение бизнес-плана/Период")): Text of object 'Object Repository/Выполнение бизнес-плана/Период' is: '1, 2 кв., Июль, Август 2024 года'

16-10-2024T08:47:49 - [MESSAGE][PASSED] - Text of object 'Object Repository/Выполнение бизнес-плана/Период' is: '1, 2 кв., Июль, Август 2024 года'

16-10-2024T08:47:49 - [TEST_STEP][PASSED] - m = m.substring(0, m.indexOf("2024")): null

16-10-2024T08:47:49 - [TEST_STEP][PASSED] - m = m.trim(): null

16-10-2024T08:47:49 - [TEST_STEP][PASSED] - dashboardName = "Выполнение бизнес-плана": null

16-10-2024T08:47:49 - [TEST_STEP][PASSED] - workbook01 = getWorkbook(excelFilePath): null

16-10-2024T08:47:49 - [TEST_STEP][PASSED] - sheet01 = getExcelSheet(workbook01, sheetName): null

16-10-2024T08:47:49 - [TEST_STEP][PASSED] - setValueToCellByIndex(sheet01, n, 0, dashboardName): null

16-10-2024T08:47:49 - [TEST_STEP][PASSED] - setValueToCellByIndex(sheet01, n, 1, dZO): null

16-10-2024T08:47:49 - [TEST_STEP][PASSED] - setValueToCellByIndex(sheet01, n, 2, typeOfData): null

16-10-2024T08:47:49 - [TEST_STEP][PASSED] - if (typeOfData == "Факт в процентах" || typeOfData == "План в процентах"): null

16-10-2024T08:47:49 - [TEST_STEP][PASSED] - setValueToCellByIndex(sheet01, n, 3, fileDouble): null

16-10-2024T08:47:49 - [TEST_STEP][PASSED] - setValueToCellByIndex(sheet01, n, 4, pageDouble): null

16-10-2024T08:47:49 - [TEST_STEP][PASSED] - setValueToCellByIndex(sheet01, n, 5, m): null

16-10-2024T08:47:49 - [TEST_STEP][PASSED] - setValueToCellByIndex(sheet01, n, 6, y): null

16-10-2024T08:47:49 - [TEST_STEP][PASSED] - setValueToCellByIndex(sheet01, n, 7, todaysDate): null

16-10-2024T08:47:49 - [TEST_STEP][PASSED] - n = n + 1: null

16-10-2024T08:47:49 - [TEST_STEP][PASSED] - saveWorkbook(excelFilePath, workbook01): null

16-10-2024T08:47:49 - [TEST_STEP][PASSED] - file = findTestData("PlanFact").getValue(7, a): null

16-10-2024T08:47:49 - [TEST_STEP][PASSED] - file = file.replace(",", "."): null

16-10-2024T08:47:49 - [TEST_STEP][PASSED] - println("file Fact: " + file): null

16-10-2024T08:47:49 - [TEST_STEP][PASSED] - fileDouble = file.toDouble(): null

16-10-2024T08:47:49 - [TEST_STEP][PASSED] - typeOfData = "Факт в процентах": null

16-10-2024T08:47:49 - [TEST_STEP][PASSED] - fileDouble = file.toDouble(): null

16-10-2024T08:47:49 - [TEST_STEP][PASSED] - pageDouble = page2.toDouble(): null

16-10-2024T08:47:49 - [TEST_STEP][PASSED] - if (fileDouble != pageDouble): null

16-10-2024T08:47:49 - [TEST_STEP][PASSED] - numberOfErrors = numberOfErrors + 1: null

16-10-2024T08:47:49 - [TEST_STEP][PASSED] - Script1718980020443.WriteToExcel(a, typeOfData, todaysDate, pageInt, fileInt, pageDouble, fileDouble, dZO): null

16-10-2024T08:47:49 - [TEST_STEP][PASSED] - sheetName = "Sheet1": null

16-10-2024T08:47:49 - [TEST_STEP][PASSED] - data = findTestData("PlanFact"): null

16-10-2024T08:47:49 - [TEST_STEP][PASSED] - n = data.getRowNumbers() + 1: null

16-10-2024T08:47:49 - [TEST_STEP][PASSED] - year = todaysDate.substring(todaysDate.length() - 4, todaysDate.length()): null

16-10-2024T08:47:49 - [TEST_STEP][PASSED] - y = year.toInteger(): null

16-10-2024T08:47:49 - [TEST_STEP][PASSED] - m = getText(findTestObject("Выполнение бизнес-плана/Период")): Text of object 'Object Repository/Выполнение бизнес-плана/Период' is: '1, 2 кв., Июль, Август 2024 года'

16-10-2024T08:47:50 - [MESSAGE][PASSED] - Text of object 'Object Repository/Выполнение бизнес-плана/Период' is: '1, 2 кв., Июль, Август 2024 года'

16-10-2024T08:47:50 - [TEST_STEP][PASSED] - m = m.substring(0, m.indexOf("2024")): null

16-10-2024T08:47:50 - [TEST_STEP][PASSED] - m = m.trim(): null

16-10-2024T08:47:50 - [TEST_STEP][PASSED] - dashboardName = "Выполнение бизнес-плана": null

16-10-2024T08:47:50 - [TEST_STEP][PASSED] - workbook01 = getWorkbook(excelFilePath): null

16-10-2024T08:47:50 - [TEST_STEP][PASSED] - sheet01 = getExcelSheet(workbook01, sheetName): null

16-10-2024T08:47:50 - [TEST_STEP][PASSED] - setValueToCellByIndex(sheet01, n, 0, dashboardName): null

16-10-2024T08:47:50 - [TEST_STEP][PASSED] - setValueToCellByIndex(sheet01, n, 1, dZO): null

16-10-2024T08:47:50 - [TEST_STEP][PASSED] - setValueToCellByIndex(sheet01, n, 2, typeOfData): null

16-10-2024T08:47:50 - [TEST_STEP][PASSED] - if (typeOfData == "Факт в процентах" || typeOfData == "План в процентах"): null

16-10-2024T08:47:50 - [TEST_STEP][PASSED] - setValueToCellByIndex(sheet01, n, 3, fileDouble): null

16-10-2024T08:47:50 - [TEST_STEP][PASSED] - setValueToCellByIndex(sheet01, n, 4, pageDouble): null

16-10-2024T08:47:50 - [TEST_STEP][PASSED] - setValueToCellByIndex(sheet01, n, 5, m): null

16-10-2024T08:47:50 - [TEST_STEP][PASSED] - setValueToCellByIndex(sheet01, n, 6, y): null

16-10-2024T08:47:50 - [TEST_STEP][PASSED] - setValueToCellByIndex(sheet01, n, 7, todaysDate): null

16-10-2024T08:47:50 - [TEST_STEP][PASSED] - n = n + 1: null

16-10-2024T08:47:50 - [TEST_STEP][PASSED] - saveWorkbook(excelFilePath, workbook01): null

16-10-2024T08:47:50 - [TEST_STEP][FAILED] - if (verifyEqual(numberOfErrors, 0) == false): null

16-10-2024T08:47:50 - [MESSAGE][FAILED] - Unable to verify equal between actual object '6' and expected object '0' (Root cause: com.kms.katalon.core.exception.StepFailedException: Actual object '6' and expected object '0' are not equal
	at com.kms.katalon.core.keyword.builtin.VerifyEqualKeyword$_verifyEqual_closure1.doCall(VerifyEqualKeyword.groovy:58)
	at com.kms.katalon.core.keyword.builtin.VerifyEqualKeyword$_verifyEqual_closure1.call(VerifyEqualKeyword.groovy)
	at com.kms.katalon.core.keyword.internal.KeywordMain.runKeyword(KeywordMain.groovy:75)
	at com.kms.katalon.core.keyword.builtin.VerifyEqualKeyword.verifyEqual(VerifyEqualKeyword.groovy:63)
	at com.kms.katalon.core.keyword.builtin.VerifyEqualKeyword.execute(VerifyEqualKeyword.groovy:44)
	at com.kms.katalon.core.keyword.internal.KeywordExecutor.executeKeywordForPlatform(KeywordExecutor.groovy:74)
	at com.kms.katalon.core.keyword.BuiltinKeywords.verifyEqual(BuiltinKeywords.groovy:146)
	at java.base/jdk.internal.reflect.NativeMethodAccessorImpl.invoke0(Native Method)
	at java.base/jdk.internal.reflect.NativeMethodAccessorImpl.invoke(NativeMethodAccessorImpl.java:77)
	at java.base/jdk.internal.reflect.DelegatingMethodAccessorImpl.invoke(DelegatingMethodAccessorImpl.java:43)
	at Выполнение бизнес-плана Сверка ПАО Россети все филиалы.Numbers(Выполнение бизнес-плана Сверка ПАО Россети все филиалы:749)
	at Выполнение бизнес-плана Сверка ПАО Россети все филиалы.run(Выполнение бизнес-плана Сверка ПАО Россети все филиалы:243)
	at com.kms.katalon.core.main.ScriptEngine.run(ScriptEngine.java:194)
	at com.kms.katalon.core.main.ScriptEngine.runScriptAsRawText(ScriptEngine.java:119)
	at com.kms.katalon.core.main.TestCaseExecutor.runScript(TestCaseExecutor.java:448)
	at com.kms.katalon.core.main.TestCaseExecutor.doExecute(TestCaseExecutor.java:439)
	at com.kms.katalon.core.main.TestCaseExecutor.processExecutionPhase(TestCaseExecutor.java:418)
	at com.kms.katalon.core.main.TestCaseExecutor.accessMainPhase(TestCaseExecutor.java:410)
	at com.kms.katalon.core.main.TestCaseExecutor.execute(TestCaseExecutor.java:285)
	at com.kms.katalon.core.common.CommonExecutor.accessTestCaseMainPhase(CommonExecutor.java:65)
	at com.kms.katalon.core.main.TestSuiteExecutor.accessTestSuiteMainPhase(TestSuiteExecutor.java:150)
	at com.kms.katalon.core.main.TestSuiteExecutor.execute(TestSuiteExecutor.java:106)
	at com.kms.katalon.core.main.TestCaseMain.startTestSuite(TestCaseMain.java:180)
	at TempTestSuite1729057289574.run(TempTestSuite1729057289574.groovy:35)
	at java.base/jdk.internal.reflect.NativeMethodAccessorImpl.invoke0(Native Method)
	at java.base/jdk.internal.reflect.NativeMethodAccessorImpl.invoke(NativeMethodAccessorImpl.java:77)
	at java.base/jdk.internal.reflect.DelegatingMethodAccessorImpl.invoke(DelegatingMethodAccessorImpl.java:43)
)

16-10-2024T08:47:50 - [TEST_STEP][PASSED] - println(numberOfErrors): null

16-10-2024T08:47:50 - [TEST_STEP][PASSED] - if (a == 28 || a == 77 || a == 74 || a == 65 || a == 36 || a == 44 || a == 54 || a == 1 || a == 18 || a == 59): null

16-10-2024T08:47:50 - [TEST_STEP][PASSED] - if (a == 82): null

16-10-2024T08:47:50 - [TEST_STEP][PASSED] - println(dzoNum): null

16-10-2024T08:47:50 - [TEST_STEP][PASSED] - a = 28: null

16-10-2024T08:47:50 - [TEST_STEP][PASSED] - dZO = "Россети Волга": null

16-10-2024T08:47:50 - [TEST_STEP][PASSED] - if (x1.contains(dZO)): null

16-10-2024T08:47:50 - [TEST_STEP][PASSED] - else: null

16-10-2024T08:47:50 - [TEST_STEP][PASSED] - Script1718980020443.NoData(a, typeOfData, todaysDate, fileInt, fileDouble, dZO): null

16-10-2024T08:47:50 - [TEST_STEP][PASSED] - println(a): null

16-10-2024T08:47:50 - [TEST_STEP][PASSED] - println(todaysDate): null

16-10-2024T08:47:50 - [TEST_STEP][PASSED] - println(fileInt): null

16-10-2024T08:47:50 - [TEST_STEP][PASSED] - println(fileDouble): null

16-10-2024T08:47:50 - [TEST_STEP][PASSED] - println(dZO): null

16-10-2024T08:47:50 - [TEST_STEP][PASSED] - typeOfData = "Факт Отпуск в сеть": null

16-10-2024T08:47:50 - [TEST_STEP][PASSED] - fileInt = replaceAll("\s+", "").toInteger(): null

16-10-2024T08:47:50 - [TEST_STEP][PASSED] - Script1718980020443.WriteToExcelNoData(a, typeOfData, todaysDate, fileInt, fileDouble, dZO): null

16-10-2024T08:47:50 - [TEST_STEP][PASSED] - sheetName = "Sheet1": null

16-10-2024T08:47:50 - [TEST_STEP][PASSED] - data = findTestData("PlanFact"): null

16-10-2024T08:47:50 - [TEST_STEP][PASSED] - n = data.getRowNumbers() + 1: null

16-10-2024T08:47:50 - [TEST_STEP][PASSED] - year = todaysDate.substring(todaysDate.length() - 4, todaysDate.length()): null

16-10-2024T08:47:50 - [TEST_STEP][PASSED] - y = year.toInteger(): null

16-10-2024T08:47:50 - [TEST_STEP][PASSED] - m = getText(findTestObject("Выполнение бизнес-плана/Период")): Text of object 'Object Repository/Выполнение бизнес-плана/Период' is: '1, 2 кв., Июль, Август 2024 года'

16-10-2024T08:47:50 - [MESSAGE][PASSED] - Text of object 'Object Repository/Выполнение бизнес-плана/Период' is: '1, 2 кв., Июль, Август 2024 года'

16-10-2024T08:47:50 - [TEST_STEP][PASSED] - m = m.substring(0, m.indexOf("2024")): null

16-10-2024T08:47:50 - [TEST_STEP][PASSED] - m = m.trim(): null

16-10-2024T08:47:50 - [TEST_STEP][PASSED] - dashboardName = "Выполнение бизнес-плана": null

16-10-2024T08:47:50 - [TEST_STEP][PASSED] - workbook01 = getWorkbook(excelFilePath): null

16-10-2024T08:47:50 - [TEST_STEP][PASSED] - sheet01 = getExcelSheet(workbook01, sheetName): null

16-10-2024T08:47:50 - [TEST_STEP][PASSED] - setValueToCellByIndex(sheet01, n, 0, dashboardName): null

16-10-2024T08:47:50 - [TEST_STEP][PASSED] - setValueToCellByIndex(sheet01, n, 1, dZO): null

16-10-2024T08:47:50 - [TEST_STEP][PASSED] - setValueToCellByIndex(sheet01, n, 2, typeOfData): null

16-10-2024T08:47:50 - [TEST_STEP][PASSED] - if (typeOfData == "Факт в процентах" || typeOfData == "План в процентах"): null

16-10-2024T08:47:50 - [TEST_STEP][PASSED] - else: null

16-10-2024T08:47:50 - [TEST_STEP][PASSED] - setValueToCellByIndex(sheet01, n, 3, fileInt): null

16-10-2024T08:47:50 - [TEST_STEP][PASSED] - setValueToCellByIndex(sheet01, n, 4, "нет данных"): null

16-10-2024T08:47:50 - [TEST_STEP][PASSED] - setValueToCellByIndex(sheet01, n, 5, m): null

16-10-2024T08:47:50 - [TEST_STEP][PASSED] - setValueToCellByIndex(sheet01, n, 6, y): null

16-10-2024T08:47:50 - [TEST_STEP][PASSED] - setValueToCellByIndex(sheet01, n, 7, todaysDate): null

16-10-2024T08:47:50 - [TEST_STEP][PASSED] - n = n + 1: null

16-10-2024T08:47:50 - [TEST_STEP][PASSED] - saveWorkbook(excelFilePath, workbook01): null

16-10-2024T08:47:51 - [TEST_STEP][PASSED] - typeOfData = "Факт Потери": null

16-10-2024T08:47:51 - [TEST_STEP][PASSED] - fileInt = replaceAll("\s+", "").toInteger(): null

16-10-2024T08:47:51 - [TEST_STEP][PASSED] - Script1718980020443.WriteToExcelNoData(a, typeOfData, todaysDate, fileInt, fileDouble, dZO): null

16-10-2024T08:47:51 - [TEST_STEP][PASSED] - sheetName = "Sheet1": null

16-10-2024T08:47:51 - [TEST_STEP][PASSED] - data = findTestData("PlanFact"): null

16-10-2024T08:47:51 - [TEST_STEP][PASSED] - n = data.getRowNumbers() + 1: null

16-10-2024T08:47:51 - [TEST_STEP][PASSED] - year = todaysDate.substring(todaysDate.length() - 4, todaysDate.length()): null

16-10-2024T08:47:51 - [TEST_STEP][PASSED] - y = year.toInteger(): null

16-10-2024T08:47:51 - [TEST_STEP][PASSED] - m = getText(findTestObject("Выполнение бизнес-плана/Период")): Text of object 'Object Repository/Выполнение бизнес-плана/Период' is: '1, 2 кв., Июль, Август 2024 года'

16-10-2024T08:47:51 - [MESSAGE][PASSED] - Text of object 'Object Repository/Выполнение бизнес-плана/Период' is: '1, 2 кв., Июль, Август 2024 года'

16-10-2024T08:47:51 - [TEST_STEP][PASSED] - m = m.substring(0, m.indexOf("2024")): null

16-10-2024T08:47:51 - [TEST_STEP][PASSED] - m = m.trim(): null

16-10-2024T08:47:51 - [TEST_STEP][PASSED] - dashboardName = "Выполнение бизнес-плана": null

16-10-2024T08:47:51 - [TEST_STEP][PASSED] - workbook01 = getWorkbook(excelFilePath): null

16-10-2024T08:47:51 - [TEST_STEP][PASSED] - sheet01 = getExcelSheet(workbook01, sheetName): null

16-10-2024T08:47:51 - [TEST_STEP][PASSED] - setValueToCellByIndex(sheet01, n, 0, dashboardName): null

16-10-2024T08:47:51 - [TEST_STEP][PASSED] - setValueToCellByIndex(sheet01, n, 1, dZO): null

16-10-2024T08:47:51 - [TEST_STEP][PASSED] - setValueToCellByIndex(sheet01, n, 2, typeOfData): null

16-10-2024T08:47:51 - [TEST_STEP][PASSED] - if (typeOfData == "Факт в процентах" || typeOfData == "План в процентах"): null

16-10-2024T08:47:51 - [TEST_STEP][PASSED] - else: null

16-10-2024T08:47:51 - [TEST_STEP][PASSED] - setValueToCellByIndex(sheet01, n, 3, fileInt): null

16-10-2024T08:47:51 - [TEST_STEP][PASSED] - setValueToCellByIndex(sheet01, n, 4, "нет данных"): null

16-10-2024T08:47:51 - [TEST_STEP][PASSED] - setValueToCellByIndex(sheet01, n, 5, m): null

16-10-2024T08:47:51 - [TEST_STEP][PASSED] - setValueToCellByIndex(sheet01, n, 6, y): null

16-10-2024T08:47:51 - [TEST_STEP][PASSED] - setValueToCellByIndex(sheet01, n, 7, todaysDate): null

16-10-2024T08:47:51 - [TEST_STEP][PASSED] - n = n + 1: null

16-10-2024T08:47:51 - [TEST_STEP][PASSED] - saveWorkbook(excelFilePath, workbook01): null

16-10-2024T08:47:51 - [TEST_STEP][PASSED] - typeOfData = "План Отпуск в сеть": null

16-10-2024T08:47:51 - [TEST_STEP][PASSED] - fileInt = replaceAll("\s+", "").toInteger(): null

16-10-2024T08:47:51 - [TEST_STEP][PASSED] - Script1718980020443.WriteToExcelNoData(a, typeOfData, todaysDate, fileInt, fileDouble, dZO): null

16-10-2024T08:47:51 - [TEST_STEP][PASSED] - sheetName = "Sheet1": null

16-10-2024T08:47:51 - [TEST_STEP][PASSED] - data = findTestData("PlanFact"): null

16-10-2024T08:47:51 - [TEST_STEP][PASSED] - n = data.getRowNumbers() + 1: null

16-10-2024T08:47:51 - [TEST_STEP][PASSED] - year = todaysDate.substring(todaysDate.length() - 4, todaysDate.length()): null

16-10-2024T08:47:51 - [TEST_STEP][PASSED] - y = year.toInteger(): null

16-10-2024T08:47:51 - [TEST_STEP][PASSED] - m = getText(findTestObject("Выполнение бизнес-плана/Период")): Text of object 'Object Repository/Выполнение бизнес-плана/Период' is: '1, 2 кв., Июль, Август 2024 года'

16-10-2024T08:47:52 - [MESSAGE][PASSED] - Text of object 'Object Repository/Выполнение бизнес-плана/Период' is: '1, 2 кв., Июль, Август 2024 года'

16-10-2024T08:47:52 - [TEST_STEP][PASSED] - m = m.substring(0, m.indexOf("2024")): null

16-10-2024T08:47:52 - [TEST_STEP][PASSED] - m = m.trim(): null

16-10-2024T08:47:52 - [TEST_STEP][PASSED] - dashboardName = "Выполнение бизнес-плана": null

16-10-2024T08:47:52 - [TEST_STEP][PASSED] - workbook01 = getWorkbook(excelFilePath): null

16-10-2024T08:47:52 - [TEST_STEP][PASSED] - sheet01 = getExcelSheet(workbook01, sheetName): null

16-10-2024T08:47:52 - [TEST_STEP][PASSED] - setValueToCellByIndex(sheet01, n, 0, dashboardName): null

16-10-2024T08:47:52 - [TEST_STEP][PASSED] - setValueToCellByIndex(sheet01, n, 1, dZO): null

16-10-2024T08:47:52 - [TEST_STEP][PASSED] - setValueToCellByIndex(sheet01, n, 2, typeOfData): null

16-10-2024T08:47:52 - [TEST_STEP][PASSED] - if (typeOfData == "Факт в процентах" || typeOfData == "План в процентах"): null

16-10-2024T08:47:52 - [TEST_STEP][PASSED] - else: null

16-10-2024T08:47:52 - [TEST_STEP][PASSED] - setValueToCellByIndex(sheet01, n, 3, fileInt): null

16-10-2024T08:47:52 - [TEST_STEP][PASSED] - setValueToCellByIndex(sheet01, n, 4, "нет данных"): null

16-10-2024T08:47:52 - [TEST_STEP][PASSED] - setValueToCellByIndex(sheet01, n, 5, m): null

16-10-2024T08:47:52 - [TEST_STEP][PASSED] - setValueToCellByIndex(sheet01, n, 6, y): null

16-10-2024T08:47:52 - [TEST_STEP][PASSED] - setValueToCellByIndex(sheet01, n, 7, todaysDate): null

16-10-2024T08:47:52 - [TEST_STEP][PASSED] - n = n + 1: null

16-10-2024T08:47:52 - [TEST_STEP][PASSED] - saveWorkbook(excelFilePath, workbook01): null

16-10-2024T08:47:52 - [TEST_STEP][PASSED] - typeOfData = "План Потери": null

16-10-2024T08:47:52 - [TEST_STEP][PASSED] - fileInt = replaceAll("\s+", "").toInteger(): null

16-10-2024T08:47:52 - [TEST_STEP][PASSED] - Script1718980020443.WriteToExcelNoData(a, typeOfData, todaysDate, fileInt, fileDouble, dZO): null

16-10-2024T08:47:52 - [TEST_STEP][PASSED] - sheetName = "Sheet1": null

16-10-2024T08:47:52 - [TEST_STEP][PASSED] - data = findTestData("PlanFact"): null

16-10-2024T08:47:52 - [TEST_STEP][PASSED] - n = data.getRowNumbers() + 1: null

16-10-2024T08:47:52 - [TEST_STEP][PASSED] - year = todaysDate.substring(todaysDate.length() - 4, todaysDate.length()): null

16-10-2024T08:47:52 - [TEST_STEP][PASSED] - y = year.toInteger(): null

16-10-2024T08:47:52 - [TEST_STEP][PASSED] - m = getText(findTestObject("Выполнение бизнес-плана/Период")): Text of object 'Object Repository/Выполнение бизнес-плана/Период' is: '1, 2 кв., Июль, Август 2024 года'

16-10-2024T08:47:52 - [MESSAGE][PASSED] - Text of object 'Object Repository/Выполнение бизнес-плана/Период' is: '1, 2 кв., Июль, Август 2024 года'

16-10-2024T08:47:52 - [TEST_STEP][PASSED] - m = m.substring(0, m.indexOf("2024")): null

16-10-2024T08:47:52 - [TEST_STEP][PASSED] - m = m.trim(): null

16-10-2024T08:47:52 - [TEST_STEP][PASSED] - dashboardName = "Выполнение бизнес-плана": null

16-10-2024T08:47:52 - [TEST_STEP][PASSED] - workbook01 = getWorkbook(excelFilePath): null

16-10-2024T08:47:52 - [TEST_STEP][PASSED] - sheet01 = getExcelSheet(workbook01, sheetName): null

16-10-2024T08:47:52 - [TEST_STEP][PASSED] - setValueToCellByIndex(sheet01, n, 0, dashboardName): null

16-10-2024T08:47:52 - [TEST_STEP][PASSED] - setValueToCellByIndex(sheet01, n, 1, dZO): null

16-10-2024T08:47:52 - [TEST_STEP][PASSED] - setValueToCellByIndex(sheet01, n, 2, typeOfData): null

16-10-2024T08:47:52 - [TEST_STEP][PASSED] - if (typeOfData == "Факт в процентах" || typeOfData == "План в процентах"): null

16-10-2024T08:47:52 - [TEST_STEP][PASSED] - else: null

16-10-2024T08:47:52 - [TEST_STEP][PASSED] - setValueToCellByIndex(sheet01, n, 3, fileInt): null

16-10-2024T08:47:52 - [TEST_STEP][PASSED] - setValueToCellByIndex(sheet01, n, 4, "нет данных"): null

16-10-2024T08:47:52 - [TEST_STEP][PASSED] - setValueToCellByIndex(sheet01, n, 5, m): null

16-10-2024T08:47:52 - [TEST_STEP][PASSED] - setValueToCellByIndex(sheet01, n, 6, y): null

16-10-2024T08:47:52 - [TEST_STEP][PASSED] - setValueToCellByIndex(sheet01, n, 7, todaysDate): null

16-10-2024T08:47:52 - [TEST_STEP][PASSED] - n = n + 1: null

16-10-2024T08:47:52 - [TEST_STEP][PASSED] - saveWorkbook(excelFilePath, workbook01): null

16-10-2024T08:47:53 - [TEST_STEP][PASSED] - typeOfData = "План в процентах": null

16-10-2024T08:47:53 - [TEST_STEP][PASSED] - fileDouble = ").toDouble(): null

16-10-2024T08:47:53 - [TEST_STEP][PASSED] - Script1718980020443.WriteToExcelNoData(a, typeOfData, todaysDate, fileInt, fileDouble, dZO): null

16-10-2024T08:47:53 - [TEST_STEP][PASSED] - sheetName = "Sheet1": null

16-10-2024T08:47:53 - [TEST_STEP][PASSED] - data = findTestData("PlanFact"): null

16-10-2024T08:47:53 - [TEST_STEP][PASSED] - n = data.getRowNumbers() + 1: null

16-10-2024T08:47:53 - [TEST_STEP][PASSED] - year = todaysDate.substring(todaysDate.length() - 4, todaysDate.length()): null

16-10-2024T08:47:53 - [TEST_STEP][PASSED] - y = year.toInteger(): null

16-10-2024T08:47:53 - [TEST_STEP][PASSED] - m = getText(findTestObject("Выполнение бизнес-плана/Период")): Text of object 'Object Repository/Выполнение бизнес-плана/Период' is: '1, 2 кв., Июль, Август 2024 года'

16-10-2024T08:47:53 - [MESSAGE][PASSED] - Text of object 'Object Repository/Выполнение бизнес-плана/Период' is: '1, 2 кв., Июль, Август 2024 года'

16-10-2024T08:47:53 - [TEST_STEP][PASSED] - m = m.substring(0, m.indexOf("2024")): null

16-10-2024T08:47:53 - [TEST_STEP][PASSED] - m = m.trim(): null

16-10-2024T08:47:53 - [TEST_STEP][PASSED] - dashboardName = "Выполнение бизнес-плана": null

16-10-2024T08:47:53 - [TEST_STEP][PASSED] - workbook01 = getWorkbook(excelFilePath): null

16-10-2024T08:47:53 - [TEST_STEP][PASSED] - sheet01 = getExcelSheet(workbook01, sheetName): null

16-10-2024T08:47:53 - [TEST_STEP][PASSED] - setValueToCellByIndex(sheet01, n, 0, dashboardName): null

16-10-2024T08:47:53 - [TEST_STEP][PASSED] - setValueToCellByIndex(sheet01, n, 1, dZO): null

16-10-2024T08:47:53 - [TEST_STEP][PASSED] - setValueToCellByIndex(sheet01, n, 2, typeOfData): null

16-10-2024T08:47:53 - [TEST_STEP][PASSED] - if (typeOfData == "Факт в процентах" || typeOfData == "План в процентах"): null

16-10-2024T08:47:53 - [TEST_STEP][PASSED] - setValueToCellByIndex(sheet01, n, 3, fileDouble): null

16-10-2024T08:47:53 - [TEST_STEP][PASSED] - setValueToCellByIndex(sheet01, n, 4, "нет данных"): null

16-10-2024T08:47:53 - [TEST_STEP][PASSED] - setValueToCellByIndex(sheet01, n, 5, m): null

16-10-2024T08:47:53 - [TEST_STEP][PASSED] - setValueToCellByIndex(sheet01, n, 6, y): null

16-10-2024T08:47:53 - [TEST_STEP][PASSED] - setValueToCellByIndex(sheet01, n, 7, todaysDate): null

16-10-2024T08:47:53 - [TEST_STEP][PASSED] - n = n + 1: null

16-10-2024T08:47:53 - [TEST_STEP][PASSED] - saveWorkbook(excelFilePath, workbook01): null

16-10-2024T08:47:53 - [TEST_STEP][PASSED] - typeOfData = "Факт в процентах": null

16-10-2024T08:47:53 - [TEST_STEP][PASSED] - fileDouble = ").toDouble(): null

16-10-2024T08:47:53 - [TEST_STEP][PASSED] - Script1718980020443.WriteToExcelNoData(a, typeOfData, todaysDate, fileInt, fileDouble, dZO): null

16-10-2024T08:47:53 - [TEST_STEP][PASSED] - sheetName = "Sheet1": null

16-10-2024T08:47:53 - [TEST_STEP][PASSED] - data = findTestData("PlanFact"): null

16-10-2024T08:47:53 - [TEST_STEP][PASSED] - n = data.getRowNumbers() + 1: null

16-10-2024T08:47:53 - [TEST_STEP][PASSED] - year = todaysDate.substring(todaysDate.length() - 4, todaysDate.length()): null

16-10-2024T08:47:53 - [TEST_STEP][PASSED] - y = year.toInteger(): null

16-10-2024T08:47:53 - [TEST_STEP][PASSED] - m = getText(findTestObject("Выполнение бизнес-плана/Период")): Text of object 'Object Repository/Выполнение бизнес-плана/Период' is: '1, 2 кв., Июль, Август 2024 года'

16-10-2024T08:47:54 - [MESSAGE][PASSED] - Text of object 'Object Repository/Выполнение бизнес-плана/Период' is: '1, 2 кв., Июль, Август 2024 года'

16-10-2024T08:47:54 - [TEST_STEP][PASSED] - m = m.substring(0, m.indexOf("2024")): null

16-10-2024T08:47:54 - [TEST_STEP][PASSED] - m = m.trim(): null

16-10-2024T08:47:54 - [TEST_STEP][PASSED] - dashboardName = "Выполнение бизнес-плана": null

16-10-2024T08:47:54 - [TEST_STEP][PASSED] - workbook01 = getWorkbook(excelFilePath): null

16-10-2024T08:47:54 - [TEST_STEP][PASSED] - sheet01 = getExcelSheet(workbook01, sheetName): null

16-10-2024T08:47:54 - [TEST_STEP][PASSED] - setValueToCellByIndex(sheet01, n, 0, dashboardName): null

16-10-2024T08:47:54 - [TEST_STEP][PASSED] - setValueToCellByIndex(sheet01, n, 1, dZO): null

16-10-2024T08:47:54 - [TEST_STEP][PASSED] - setValueToCellByIndex(sheet01, n, 2, typeOfData): null

16-10-2024T08:47:54 - [TEST_STEP][PASSED] - if (typeOfData == "Факт в процентах" || typeOfData == "План в процентах"): null

16-10-2024T08:47:54 - [TEST_STEP][PASSED] - setValueToCellByIndex(sheet01, n, 3, fileDouble): null

16-10-2024T08:47:54 - [TEST_STEP][PASSED] - setValueToCellByIndex(sheet01, n, 4, "нет данных"): null

16-10-2024T08:47:54 - [TEST_STEP][PASSED] - setValueToCellByIndex(sheet01, n, 5, m): null

16-10-2024T08:47:54 - [TEST_STEP][PASSED] - setValueToCellByIndex(sheet01, n, 6, y): null

16-10-2024T08:47:54 - [TEST_STEP][PASSED] - setValueToCellByIndex(sheet01, n, 7, todaysDate): null

16-10-2024T08:47:54 - [TEST_STEP][PASSED] - n = n + 1: null

16-10-2024T08:47:54 - [TEST_STEP][PASSED] - saveWorkbook(excelFilePath, workbook01): null

16-10-2024T08:47:54 - [TEST_STEP][PASSED] - println(dzoNum): null

16-10-2024T08:47:54 - [TEST_STEP][PASSED] - dZO = "Россети Кубань": null

16-10-2024T08:47:54 - [TEST_STEP][PASSED] - a = 73: null

16-10-2024T08:47:54 - [TEST_STEP][PASSED] - if (x1.contains(dZO)): null

16-10-2024T08:47:54 - [TEST_STEP][PASSED] - else: null

16-10-2024T08:47:54 - [TEST_STEP][PASSED] - Script1718980020443.NoData(a, typeOfData, todaysDate, fileInt, fileDouble, dZO): null

16-10-2024T08:47:54 - [TEST_STEP][PASSED] - println(a): null

16-10-2024T08:47:54 - [TEST_STEP][PASSED] - println(todaysDate): null

16-10-2024T08:47:54 - [TEST_STEP][PASSED] - println(fileInt): null

16-10-2024T08:47:54 - [TEST_STEP][PASSED] - println(fileDouble): null

16-10-2024T08:47:54 - [TEST_STEP][PASSED] - println(dZO): null

16-10-2024T08:47:54 - [TEST_STEP][PASSED] - typeOfData = "Факт Отпуск в сеть": null

16-10-2024T08:47:54 - [TEST_STEP][PASSED] - fileInt = replaceAll("\s+", "").toInteger(): null

16-10-2024T08:47:54 - [TEST_STEP][PASSED] - Script1718980020443.WriteToExcelNoData(a, typeOfData, todaysDate, fileInt, fileDouble, dZO): null

16-10-2024T08:47:54 - [TEST_STEP][PASSED] - sheetName = "Sheet1": null

16-10-2024T08:47:54 - [TEST_STEP][PASSED] - data = findTestData("PlanFact"): null

16-10-2024T08:47:54 - [TEST_STEP][PASSED] - n = data.getRowNumbers() + 1: null

16-10-2024T08:47:54 - [TEST_STEP][PASSED] - year = todaysDate.substring(todaysDate.length() - 4, todaysDate.length()): null

16-10-2024T08:47:54 - [TEST_STEP][PASSED] - y = year.toInteger(): null

16-10-2024T08:47:54 - [TEST_STEP][PASSED] - m = getText(findTestObject("Выполнение бизнес-плана/Период")): Text of object 'Object Repository/Выполнение бизнес-плана/Период' is: '1, 2 кв., Июль, Август 2024 года'

16-10-2024T08:47:54 - [MESSAGE][PASSED] - Text of object 'Object Repository/Выполнение бизнес-плана/Период' is: '1, 2 кв., Июль, Август 2024 года'

16-10-2024T08:47:54 - [TEST_STEP][PASSED] - m = m.substring(0, m.indexOf("2024")): null

16-10-2024T08:47:54 - [TEST_STEP][PASSED] - m = m.trim(): null

16-10-2024T08:47:54 - [TEST_STEP][PASSED] - dashboardName = "Выполнение бизнес-плана": null

16-10-2024T08:47:54 - [TEST_STEP][PASSED] - workbook01 = getWorkbook(excelFilePath): null

16-10-2024T08:47:54 - [TEST_STEP][PASSED] - sheet01 = getExcelSheet(workbook01, sheetName): null

16-10-2024T08:47:54 - [TEST_STEP][PASSED] - setValueToCellByIndex(sheet01, n, 0, dashboardName): null

16-10-2024T08:47:54 - [TEST_STEP][PASSED] - setValueToCellByIndex(sheet01, n, 1, dZO): null

16-10-2024T08:47:54 - [TEST_STEP][PASSED] - setValueToCellByIndex(sheet01, n, 2, typeOfData): null

16-10-2024T08:47:54 - [TEST_STEP][PASSED] - if (typeOfData == "Факт в процентах" || typeOfData == "План в процентах"): null

16-10-2024T08:47:54 - [TEST_STEP][PASSED] - else: null

16-10-2024T08:47:54 - [TEST_STEP][PASSED] - setValueToCellByIndex(sheet01, n, 3, fileInt): null

16-10-2024T08:47:54 - [TEST_STEP][PASSED] - setValueToCellByIndex(sheet01, n, 4, "нет данных"): null

16-10-2024T08:47:54 - [TEST_STEP][PASSED] - setValueToCellByIndex(sheet01, n, 5, m): null

16-10-2024T08:47:54 - [TEST_STEP][PASSED] - setValueToCellByIndex(sheet01, n, 6, y): null

16-10-2024T08:47:54 - [TEST_STEP][PASSED] - setValueToCellByIndex(sheet01, n, 7, todaysDate): null

16-10-2024T08:47:54 - [TEST_STEP][PASSED] - n = n + 1: null

16-10-2024T08:47:54 - [TEST_STEP][PASSED] - saveWorkbook(excelFilePath, workbook01): null

16-10-2024T08:47:54 - [TEST_STEP][PASSED] - typeOfData = "Факт Потери": null

16-10-2024T08:47:54 - [TEST_STEP][PASSED] - fileInt = replaceAll("\s+", "").toInteger(): null

16-10-2024T08:47:55 - [TEST_STEP][PASSED] - Script1718980020443.WriteToExcelNoData(a, typeOfData, todaysDate, fileInt, fileDouble, dZO): null

16-10-2024T08:47:55 - [TEST_STEP][PASSED] - sheetName = "Sheet1": null

16-10-2024T08:47:55 - [TEST_STEP][PASSED] - data = findTestData("PlanFact"): null

16-10-2024T08:47:55 - [TEST_STEP][PASSED] - n = data.getRowNumbers() + 1: null

16-10-2024T08:47:55 - [TEST_STEP][PASSED] - year = todaysDate.substring(todaysDate.length() - 4, todaysDate.length()): null

16-10-2024T08:47:55 - [TEST_STEP][PASSED] - y = year.toInteger(): null

16-10-2024T08:47:55 - [TEST_STEP][PASSED] - m = getText(findTestObject("Выполнение бизнес-плана/Период")): Text of object 'Object Repository/Выполнение бизнес-плана/Период' is: '1, 2 кв., Июль, Август 2024 года'

16-10-2024T08:47:55 - [MESSAGE][PASSED] - Text of object 'Object Repository/Выполнение бизнес-плана/Период' is: '1, 2 кв., Июль, Август 2024 года'

16-10-2024T08:47:55 - [TEST_STEP][PASSED] - m = m.substring(0, m.indexOf("2024")): null

16-10-2024T08:47:55 - [TEST_STEP][PASSED] - m = m.trim(): null

16-10-2024T08:47:55 - [TEST_STEP][PASSED] - dashboardName = "Выполнение бизнес-плана": null

16-10-2024T08:47:55 - [TEST_STEP][PASSED] - workbook01 = getWorkbook(excelFilePath): null

16-10-2024T08:47:55 - [TEST_STEP][PASSED] - sheet01 = getExcelSheet(workbook01, sheetName): null

16-10-2024T08:47:55 - [TEST_STEP][PASSED] - setValueToCellByIndex(sheet01, n, 0, dashboardName): null

16-10-2024T08:47:55 - [TEST_STEP][PASSED] - setValueToCellByIndex(sheet01, n, 1, dZO): null

16-10-2024T08:47:55 - [TEST_STEP][PASSED] - setValueToCellByIndex(sheet01, n, 2, typeOfData): null

16-10-2024T08:47:55 - [TEST_STEP][PASSED] - if (typeOfData == "Факт в процентах" || typeOfData == "План в процентах"): null

16-10-2024T08:47:55 - [TEST_STEP][PASSED] - else: null

16-10-2024T08:47:55 - [TEST_STEP][PASSED] - setValueToCellByIndex(sheet01, n, 3, fileInt): null

16-10-2024T08:47:55 - [TEST_STEP][PASSED] - setValueToCellByIndex(sheet01, n, 4, "нет данных"): null

16-10-2024T08:47:55 - [TEST_STEP][PASSED] - setValueToCellByIndex(sheet01, n, 5, m): null

16-10-2024T08:47:55 - [TEST_STEP][PASSED] - setValueToCellByIndex(sheet01, n, 6, y): null

16-10-2024T08:47:55 - [TEST_STEP][PASSED] - setValueToCellByIndex(sheet01, n, 7, todaysDate): null

16-10-2024T08:47:55 - [TEST_STEP][PASSED] - n = n + 1: null

16-10-2024T08:47:55 - [TEST_STEP][PASSED] - saveWorkbook(excelFilePath, workbook01): null

16-10-2024T08:47:55 - [TEST_STEP][PASSED] - typeOfData = "План Отпуск в сеть": null

16-10-2024T08:47:55 - [TEST_STEP][PASSED] - fileInt = replaceAll("\s+", "").toInteger(): null

16-10-2024T08:47:55 - [TEST_STEP][PASSED] - Script1718980020443.WriteToExcelNoData(a, typeOfData, todaysDate, fileInt, fileDouble, dZO): null

16-10-2024T08:47:55 - [TEST_STEP][PASSED] - sheetName = "Sheet1": null

16-10-2024T08:47:55 - [TEST_STEP][PASSED] - data = findTestData("PlanFact"): null

16-10-2024T08:47:55 - [TEST_STEP][PASSED] - n = data.getRowNumbers() + 1: null

16-10-2024T08:47:55 - [TEST_STEP][PASSED] - year = todaysDate.substring(todaysDate.length() - 4, todaysDate.length()): null

16-10-2024T08:47:55 - [TEST_STEP][PASSED] - y = year.toInteger(): null

16-10-2024T08:47:55 - [TEST_STEP][PASSED] - m = getText(findTestObject("Выполнение бизнес-плана/Период")): Text of object 'Object Repository/Выполнение бизнес-плана/Период' is: '1, 2 кв., Июль, Август 2024 года'

16-10-2024T08:47:55 - [MESSAGE][PASSED] - Text of object 'Object Repository/Выполнение бизнес-плана/Период' is: '1, 2 кв., Июль, Август 2024 года'

16-10-2024T08:47:55 - [TEST_STEP][PASSED] - m = m.substring(0, m.indexOf("2024")): null

16-10-2024T08:47:55 - [TEST_STEP][PASSED] - m = m.trim(): null

16-10-2024T08:47:55 - [TEST_STEP][PASSED] - dashboardName = "Выполнение бизнес-плана": null

16-10-2024T08:47:55 - [TEST_STEP][PASSED] - workbook01 = getWorkbook(excelFilePath): null

16-10-2024T08:47:56 - [TEST_STEP][PASSED] - sheet01 = getExcelSheet(workbook01, sheetName): null

16-10-2024T08:47:56 - [TEST_STEP][PASSED] - setValueToCellByIndex(sheet01, n, 0, dashboardName): null

16-10-2024T08:47:56 - [TEST_STEP][PASSED] - setValueToCellByIndex(sheet01, n, 1, dZO): null

16-10-2024T08:47:56 - [TEST_STEP][PASSED] - setValueToCellByIndex(sheet01, n, 2, typeOfData): null

16-10-2024T08:47:56 - [TEST_STEP][PASSED] - if (typeOfData == "Факт в процентах" || typeOfData == "План в процентах"): null

16-10-2024T08:47:56 - [TEST_STEP][PASSED] - else: null

16-10-2024T08:47:56 - [TEST_STEP][PASSED] - setValueToCellByIndex(sheet01, n, 3, fileInt): null

16-10-2024T08:47:56 - [TEST_STEP][PASSED] - setValueToCellByIndex(sheet01, n, 4, "нет данных"): null

16-10-2024T08:47:56 - [TEST_STEP][PASSED] - setValueToCellByIndex(sheet01, n, 5, m): null

16-10-2024T08:47:56 - [TEST_STEP][PASSED] - setValueToCellByIndex(sheet01, n, 6, y): null

16-10-2024T08:47:56 - [TEST_STEP][PASSED] - setValueToCellByIndex(sheet01, n, 7, todaysDate): null

16-10-2024T08:47:56 - [TEST_STEP][PASSED] - n = n + 1: null

16-10-2024T08:47:56 - [TEST_STEP][PASSED] - saveWorkbook(excelFilePath, workbook01): null

16-10-2024T08:47:56 - [TEST_STEP][PASSED] - typeOfData = "План Потери": null

16-10-2024T08:47:56 - [TEST_STEP][PASSED] - fileInt = replaceAll("\s+", "").toInteger(): null

16-10-2024T08:47:56 - [TEST_STEP][PASSED] - Script1718980020443.WriteToExcelNoData(a, typeOfData, todaysDate, fileInt, fileDouble, dZO): null

16-10-2024T08:47:56 - [TEST_STEP][PASSED] - sheetName = "Sheet1": null

16-10-2024T08:47:56 - [TEST_STEP][PASSED] - data = findTestData("PlanFact"): null

16-10-2024T08:47:56 - [TEST_STEP][PASSED] - n = data.getRowNumbers() + 1: null

16-10-2024T08:47:56 - [TEST_STEP][PASSED] - year = todaysDate.substring(todaysDate.length() - 4, todaysDate.length()): null

16-10-2024T08:47:56 - [TEST_STEP][PASSED] - y = year.toInteger(): null

16-10-2024T08:47:56 - [TEST_STEP][PASSED] - m = getText(findTestObject("Выполнение бизнес-плана/Период")): Text of object 'Object Repository/Выполнение бизнес-плана/Период' is: '1, 2 кв., Июль, Август 2024 года'

16-10-2024T08:47:56 - [MESSAGE][PASSED] - Text of object 'Object Repository/Выполнение бизнес-плана/Период' is: '1, 2 кв., Июль, Август 2024 года'

16-10-2024T08:47:56 - [TEST_STEP][PASSED] - m = m.substring(0, m.indexOf("2024")): null

16-10-2024T08:47:56 - [TEST_STEP][PASSED] - m = m.trim(): null

16-10-2024T08:47:56 - [TEST_STEP][PASSED] - dashboardName = "Выполнение бизнес-плана": null

16-10-2024T08:47:56 - [TEST_STEP][PASSED] - workbook01 = getWorkbook(excelFilePath): null

16-10-2024T08:47:56 - [TEST_STEP][PASSED] - sheet01 = getExcelSheet(workbook01, sheetName): null

16-10-2024T08:47:56 - [TEST_STEP][PASSED] - setValueToCellByIndex(sheet01, n, 0, dashboardName): null

16-10-2024T08:47:56 - [TEST_STEP][PASSED] - setValueToCellByIndex(sheet01, n, 1, dZO): null

16-10-2024T08:47:56 - [TEST_STEP][PASSED] - setValueToCellByIndex(sheet01, n, 2, typeOfData): null

16-10-2024T08:47:56 - [TEST_STEP][PASSED] - if (typeOfData == "Факт в процентах" || typeOfData == "План в процентах"): null

16-10-2024T08:47:56 - [TEST_STEP][PASSED] - else: null

16-10-2024T08:47:56 - [TEST_STEP][PASSED] - setValueToCellByIndex(sheet01, n, 3, fileInt): null

16-10-2024T08:47:56 - [TEST_STEP][PASSED] - setValueToCellByIndex(sheet01, n, 4, "нет данных"): null

16-10-2024T08:47:56 - [TEST_STEP][PASSED] - setValueToCellByIndex(sheet01, n, 5, m): null

16-10-2024T08:47:56 - [TEST_STEP][PASSED] - setValueToCellByIndex(sheet01, n, 6, y): null

16-10-2024T08:47:56 - [TEST_STEP][PASSED] - setValueToCellByIndex(sheet01, n, 7, todaysDate): null

16-10-2024T08:47:56 - [TEST_STEP][PASSED] - n = n + 1: null

16-10-2024T08:47:56 - [TEST_STEP][PASSED] - saveWorkbook(excelFilePath, workbook01): null

16-10-2024T08:47:56 - [TEST_STEP][PASSED] - typeOfData = "План в процентах": null

16-10-2024T08:47:56 - [TEST_STEP][PASSED] - fileDouble = ").toDouble(): null

16-10-2024T08:47:56 - [TEST_STEP][PASSED] - Script1718980020443.WriteToExcelNoData(a, typeOfData, todaysDate, fileInt, fileDouble, dZO): null

16-10-2024T08:47:56 - [TEST_STEP][PASSED] - sheetName = "Sheet1": null

16-10-2024T08:47:56 - [TEST_STEP][PASSED] - data = findTestData("PlanFact"): null

16-10-2024T08:47:56 - [TEST_STEP][PASSED] - n = data.getRowNumbers() + 1: null

16-10-2024T08:47:56 - [TEST_STEP][PASSED] - year = todaysDate.substring(todaysDate.length() - 4, todaysDate.length()): null

16-10-2024T08:47:56 - [TEST_STEP][PASSED] - y = year.toInteger(): null

16-10-2024T08:47:56 - [TEST_STEP][PASSED] - m = getText(findTestObject("Выполнение бизнес-плана/Период")): Text of object 'Object Repository/Выполнение бизнес-плана/Период' is: '1, 2 кв., Июль, Август 2024 года'

16-10-2024T08:47:57 - [MESSAGE][PASSED] - Text of object 'Object Repository/Выполнение бизнес-плана/Период' is: '1, 2 кв., Июль, Август 2024 года'

16-10-2024T08:47:57 - [TEST_STEP][PASSED] - m = m.substring(0, m.indexOf("2024")): null

16-10-2024T08:47:57 - [TEST_STEP][PASSED] - m = m.trim(): null

16-10-2024T08:47:57 - [TEST_STEP][PASSED] - dashboardName = "Выполнение бизнес-плана": null

16-10-2024T08:47:57 - [TEST_STEP][PASSED] - workbook01 = getWorkbook(excelFilePath): null

16-10-2024T08:47:57 - [TEST_STEP][PASSED] - sheet01 = getExcelSheet(workbook01, sheetName): null

16-10-2024T08:47:57 - [TEST_STEP][PASSED] - setValueToCellByIndex(sheet01, n, 0, dashboardName): null

16-10-2024T08:47:57 - [TEST_STEP][PASSED] - setValueToCellByIndex(sheet01, n, 1, dZO): null

16-10-2024T08:47:57 - [TEST_STEP][PASSED] - setValueToCellByIndex(sheet01, n, 2, typeOfData): null

16-10-2024T08:47:57 - [TEST_STEP][PASSED] - if (typeOfData == "Факт в процентах" || typeOfData == "План в процентах"): null

16-10-2024T08:47:57 - [TEST_STEP][PASSED] - setValueToCellByIndex(sheet01, n, 3, fileDouble): null

16-10-2024T08:47:57 - [TEST_STEP][PASSED] - setValueToCellByIndex(sheet01, n, 4, "нет данных"): null

16-10-2024T08:47:57 - [TEST_STEP][PASSED] - setValueToCellByIndex(sheet01, n, 5, m): null

16-10-2024T08:47:57 - [TEST_STEP][PASSED] - setValueToCellByIndex(sheet01, n, 6, y): null

16-10-2024T08:47:57 - [TEST_STEP][PASSED] - setValueToCellByIndex(sheet01, n, 7, todaysDate): null

16-10-2024T08:47:57 - [TEST_STEP][PASSED] - n = n + 1: null

16-10-2024T08:47:57 - [TEST_STEP][PASSED] - saveWorkbook(excelFilePath, workbook01): null

16-10-2024T08:47:57 - [TEST_STEP][PASSED] - typeOfData = "Факт в процентах": null

16-10-2024T08:47:57 - [TEST_STEP][PASSED] - fileDouble = ").toDouble(): null

16-10-2024T08:47:57 - [TEST_STEP][PASSED] - Script1718980020443.WriteToExcelNoData(a, typeOfData, todaysDate, fileInt, fileDouble, dZO): null

16-10-2024T08:47:57 - [TEST_STEP][PASSED] - sheetName = "Sheet1": null

16-10-2024T08:47:57 - [TEST_STEP][PASSED] - data = findTestData("PlanFact"): null

16-10-2024T08:47:57 - [TEST_STEP][PASSED] - n = data.getRowNumbers() + 1: null

16-10-2024T08:47:57 - [TEST_STEP][PASSED] - year = todaysDate.substring(todaysDate.length() - 4, todaysDate.length()): null

16-10-2024T08:47:57 - [TEST_STEP][PASSED] - y = year.toInteger(): null

16-10-2024T08:47:57 - [TEST_STEP][PASSED] - m = getText(findTestObject("Выполнение бизнес-плана/Период")): Text of object 'Object Repository/Выполнение бизнес-плана/Период' is: '1, 2 кв., Июль, Август 2024 года'

16-10-2024T08:47:57 - [MESSAGE][PASSED] - Text of object 'Object Repository/Выполнение бизнес-плана/Период' is: '1, 2 кв., Июль, Август 2024 года'

16-10-2024T08:47:57 - [TEST_STEP][PASSED] - m = m.substring(0, m.indexOf("2024")): null

16-10-2024T08:47:57 - [TEST_STEP][PASSED] - m = m.trim(): null

16-10-2024T08:47:57 - [TEST_STEP][PASSED] - dashboardName = "Выполнение бизнес-плана": null

16-10-2024T08:47:57 - [TEST_STEP][PASSED] - workbook01 = getWorkbook(excelFilePath): null

16-10-2024T08:47:57 - [TEST_STEP][PASSED] - sheet01 = getExcelSheet(workbook01, sheetName): null

16-10-2024T08:47:57 - [TEST_STEP][PASSED] - setValueToCellByIndex(sheet01, n, 0, dashboardName): null

16-10-2024T08:47:57 - [TEST_STEP][PASSED] - setValueToCellByIndex(sheet01, n, 1, dZO): null

16-10-2024T08:47:57 - [TEST_STEP][PASSED] - setValueToCellByIndex(sheet01, n, 2, typeOfData): null

16-10-2024T08:47:57 - [TEST_STEP][PASSED] - if (typeOfData == "Факт в процентах" || typeOfData == "План в процентах"): null

16-10-2024T08:47:57 - [TEST_STEP][PASSED] - setValueToCellByIndex(sheet01, n, 3, fileDouble): null

16-10-2024T08:47:57 - [TEST_STEP][PASSED] - setValueToCellByIndex(sheet01, n, 4, "нет данных"): null

16-10-2024T08:47:57 - [TEST_STEP][PASSED] - setValueToCellByIndex(sheet01, n, 5, m): null

16-10-2024T08:47:57 - [TEST_STEP][PASSED] - setValueToCellByIndex(sheet01, n, 6, y): null

16-10-2024T08:47:57 - [TEST_STEP][PASSED] - setValueToCellByIndex(sheet01, n, 7, todaysDate): null

16-10-2024T08:47:57 - [TEST_STEP][PASSED] - n = n + 1: null

16-10-2024T08:47:57 - [TEST_STEP][PASSED] - saveWorkbook(excelFilePath, workbook01): null

16-10-2024T08:47:58 - [TEST_STEP][PASSED] - println(dzoNum): null

16-10-2024T08:47:58 - [TEST_STEP][PASSED] - dZO = "Россети Ленэнерго": null

16-10-2024T08:47:58 - [TEST_STEP][PASSED] - a = 77: null

16-10-2024T08:47:58 - [TEST_STEP][PASSED] - if (x1.contains(dZO)): null

16-10-2024T08:47:58 - [TEST_STEP][PASSED] - else: null

16-10-2024T08:47:58 - [TEST_STEP][PASSED] - Script1718980020443.NoData(a, typeOfData, todaysDate, fileInt, fileDouble, dZO): null

16-10-2024T08:47:58 - [TEST_STEP][PASSED] - println(a): null

16-10-2024T08:47:58 - [TEST_STEP][PASSED] - println(todaysDate): null

16-10-2024T08:47:58 - [TEST_STEP][PASSED] - println(fileInt): null

16-10-2024T08:47:58 - [TEST_STEP][PASSED] - println(fileDouble): null

16-10-2024T08:47:58 - [TEST_STEP][PASSED] - println(dZO): null

16-10-2024T08:47:58 - [TEST_STEP][PASSED] - typeOfData = "Факт Отпуск в сеть": null

16-10-2024T08:47:58 - [TEST_STEP][PASSED] - fileInt = replaceAll("\s+", "").toInteger(): null

16-10-2024T08:47:58 - [TEST_STEP][PASSED] - Script1718980020443.WriteToExcelNoData(a, typeOfData, todaysDate, fileInt, fileDouble, dZO): null

16-10-2024T08:47:58 - [TEST_STEP][PASSED] - sheetName = "Sheet1": null

16-10-2024T08:47:58 - [TEST_STEP][PASSED] - data = findTestData("PlanFact"): null

16-10-2024T08:47:58 - [TEST_STEP][PASSED] - n = data.getRowNumbers() + 1: null

16-10-2024T08:47:58 - [TEST_STEP][PASSED] - year = todaysDate.substring(todaysDate.length() - 4, todaysDate.length()): null

16-10-2024T08:47:58 - [TEST_STEP][PASSED] - y = year.toInteger(): null

16-10-2024T08:47:58 - [TEST_STEP][PASSED] - m = getText(findTestObject("Выполнение бизнес-плана/Период")): Text of object 'Object Repository/Выполнение бизнес-плана/Период' is: '1, 2 кв., Июль, Август 2024 года'

16-10-2024T08:47:58 - [MESSAGE][PASSED] - Text of object 'Object Repository/Выполнение бизнес-плана/Период' is: '1, 2 кв., Июль, Август 2024 года'

16-10-2024T08:47:58 - [TEST_STEP][PASSED] - m = m.substring(0, m.indexOf("2024")): null

16-10-2024T08:47:58 - [TEST_STEP][PASSED] - m = m.trim(): null

16-10-2024T08:47:58 - [TEST_STEP][PASSED] - dashboardName = "Выполнение бизнес-плана": null

16-10-2024T08:47:58 - [TEST_STEP][PASSED] - workbook01 = getWorkbook(excelFilePath): null

16-10-2024T08:47:58 - [TEST_STEP][PASSED] - sheet01 = getExcelSheet(workbook01, sheetName): null

16-10-2024T08:47:58 - [TEST_STEP][PASSED] - setValueToCellByIndex(sheet01, n, 0, dashboardName): null

16-10-2024T08:47:58 - [TEST_STEP][PASSED] - setValueToCellByIndex(sheet01, n, 1, dZO): null

16-10-2024T08:47:58 - [TEST_STEP][PASSED] - setValueToCellByIndex(sheet01, n, 2, typeOfData): null

16-10-2024T08:47:58 - [TEST_STEP][PASSED] - if (typeOfData == "Факт в процентах" || typeOfData == "План в процентах"): null

16-10-2024T08:47:58 - [TEST_STEP][PASSED] - else: null

16-10-2024T08:47:58 - [TEST_STEP][PASSED] - setValueToCellByIndex(sheet01, n, 3, fileInt): null

16-10-2024T08:47:58 - [TEST_STEP][PASSED] - setValueToCellByIndex(sheet01, n, 4, "нет данных"): null

16-10-2024T08:47:58 - [TEST_STEP][PASSED] - setValueToCellByIndex(sheet01, n, 5, m): null

16-10-2024T08:47:58 - [TEST_STEP][PASSED] - setValueToCellByIndex(sheet01, n, 6, y): null

16-10-2024T08:47:58 - [TEST_STEP][PASSED] - setValueToCellByIndex(sheet01, n, 7, todaysDate): null

16-10-2024T08:47:58 - [TEST_STEP][PASSED] - n = n + 1: null

16-10-2024T08:47:58 - [TEST_STEP][PASSED] - saveWorkbook(excelFilePath, workbook01): null

16-10-2024T08:47:58 - [TEST_STEP][PASSED] - typeOfData = "Факт Потери": null

16-10-2024T08:47:58 - [TEST_STEP][PASSED] - fileInt = replaceAll("\s+", "").toInteger(): null

16-10-2024T08:47:58 - [TEST_STEP][PASSED] - Script1718980020443.WriteToExcelNoData(a, typeOfData, todaysDate, fileInt, fileDouble, dZO): null

16-10-2024T08:47:58 - [TEST_STEP][PASSED] - sheetName = "Sheet1": null

16-10-2024T08:47:58 - [TEST_STEP][PASSED] - data = findTestData("PlanFact"): null

16-10-2024T08:47:58 - [TEST_STEP][PASSED] - n = data.getRowNumbers() + 1: null

16-10-2024T08:47:58 - [TEST_STEP][PASSED] - year = todaysDate.substring(todaysDate.length() - 4, todaysDate.length()): null

16-10-2024T08:47:58 - [TEST_STEP][PASSED] - y = year.toInteger(): null

16-10-2024T08:47:58 - [TEST_STEP][PASSED] - m = getText(findTestObject("Выполнение бизнес-плана/Период")): Text of object 'Object Repository/Выполнение бизнес-плана/Период' is: '1, 2 кв., Июль, Август 2024 года'

16-10-2024T08:47:59 - [MESSAGE][PASSED] - Text of object 'Object Repository/Выполнение бизнес-плана/Период' is: '1, 2 кв., Июль, Август 2024 года'

16-10-2024T08:47:59 - [TEST_STEP][PASSED] - m = m.substring(0, m.indexOf("2024")): null

16-10-2024T08:47:59 - [TEST_STEP][PASSED] - m = m.trim(): null

16-10-2024T08:47:59 - [TEST_STEP][PASSED] - dashboardName = "Выполнение бизнес-плана": null

16-10-2024T08:47:59 - [TEST_STEP][PASSED] - workbook01 = getWorkbook(excelFilePath): null

16-10-2024T08:47:59 - [TEST_STEP][PASSED] - sheet01 = getExcelSheet(workbook01, sheetName): null

16-10-2024T08:47:59 - [TEST_STEP][PASSED] - setValueToCellByIndex(sheet01, n, 0, dashboardName): null

16-10-2024T08:47:59 - [TEST_STEP][PASSED] - setValueToCellByIndex(sheet01, n, 1, dZO): null

16-10-2024T08:47:59 - [TEST_STEP][PASSED] - setValueToCellByIndex(sheet01, n, 2, typeOfData): null

16-10-2024T08:47:59 - [TEST_STEP][PASSED] - if (typeOfData == "Факт в процентах" || typeOfData == "План в процентах"): null

16-10-2024T08:47:59 - [TEST_STEP][PASSED] - else: null

16-10-2024T08:47:59 - [TEST_STEP][PASSED] - setValueToCellByIndex(sheet01, n, 3, fileInt): null

16-10-2024T08:47:59 - [TEST_STEP][PASSED] - setValueToCellByIndex(sheet01, n, 4, "нет данных"): null

16-10-2024T08:47:59 - [TEST_STEP][PASSED] - setValueToCellByIndex(sheet01, n, 5, m): null

16-10-2024T08:47:59 - [TEST_STEP][PASSED] - setValueToCellByIndex(sheet01, n, 6, y): null

16-10-2024T08:47:59 - [TEST_STEP][PASSED] - setValueToCellByIndex(sheet01, n, 7, todaysDate): null

16-10-2024T08:47:59 - [TEST_STEP][PASSED] - n = n + 1: null

16-10-2024T08:47:59 - [TEST_STEP][PASSED] - saveWorkbook(excelFilePath, workbook01): null

16-10-2024T08:47:59 - [TEST_STEP][PASSED] - typeOfData = "План Отпуск в сеть": null

16-10-2024T08:47:59 - [TEST_STEP][PASSED] - fileInt = replaceAll("\s+", "").toInteger(): null

16-10-2024T08:47:59 - [TEST_STEP][PASSED] - Script1718980020443.WriteToExcelNoData(a, typeOfData, todaysDate, fileInt, fileDouble, dZO): null

16-10-2024T08:47:59 - [TEST_STEP][PASSED] - sheetName = "Sheet1": null

16-10-2024T08:47:59 - [TEST_STEP][PASSED] - data = findTestData("PlanFact"): null

16-10-2024T08:47:59 - [TEST_STEP][PASSED] - n = data.getRowNumbers() + 1: null

16-10-2024T08:47:59 - [TEST_STEP][PASSED] - year = todaysDate.substring(todaysDate.length() - 4, todaysDate.length()): null

16-10-2024T08:47:59 - [TEST_STEP][PASSED] - y = year.toInteger(): null

16-10-2024T08:47:59 - [TEST_STEP][PASSED] - m = getText(findTestObject("Выполнение бизнес-плана/Период")): Text of object 'Object Repository/Выполнение бизнес-плана/Период' is: '1, 2 кв., Июль, Август 2024 года'

16-10-2024T08:47:59 - [MESSAGE][PASSED] - Text of object 'Object Repository/Выполнение бизнес-плана/Период' is: '1, 2 кв., Июль, Август 2024 года'

16-10-2024T08:47:59 - [TEST_STEP][PASSED] - m = m.substring(0, m.indexOf("2024")): null

16-10-2024T08:47:59 - [TEST_STEP][PASSED] - m = m.trim(): null

16-10-2024T08:47:59 - [TEST_STEP][PASSED] - dashboardName = "Выполнение бизнес-плана": null

16-10-2024T08:47:59 - [TEST_STEP][PASSED] - workbook01 = getWorkbook(excelFilePath): null

16-10-2024T08:47:59 - [TEST_STEP][PASSED] - sheet01 = getExcelSheet(workbook01, sheetName): null

16-10-2024T08:47:59 - [TEST_STEP][PASSED] - setValueToCellByIndex(sheet01, n, 0, dashboardName): null

16-10-2024T08:47:59 - [TEST_STEP][PASSED] - setValueToCellByIndex(sheet01, n, 1, dZO): null

16-10-2024T08:47:59 - [TEST_STEP][PASSED] - setValueToCellByIndex(sheet01, n, 2, typeOfData): null

16-10-2024T08:47:59 - [TEST_STEP][PASSED] - if (typeOfData == "Факт в процентах" || typeOfData == "План в процентах"): null

16-10-2024T08:47:59 - [TEST_STEP][PASSED] - else: null

16-10-2024T08:47:59 - [TEST_STEP][PASSED] - setValueToCellByIndex(sheet01, n, 3, fileInt): null

16-10-2024T08:47:59 - [TEST_STEP][PASSED] - setValueToCellByIndex(sheet01, n, 4, "нет данных"): null

16-10-2024T08:47:59 - [TEST_STEP][PASSED] - setValueToCellByIndex(sheet01, n, 5, m): null

16-10-2024T08:47:59 - [TEST_STEP][PASSED] - setValueToCellByIndex(sheet01, n, 6, y): null

16-10-2024T08:47:59 - [TEST_STEP][PASSED] - setValueToCellByIndex(sheet01, n, 7, todaysDate): null

16-10-2024T08:47:59 - [TEST_STEP][PASSED] - n = n + 1: null

16-10-2024T08:47:59 - [TEST_STEP][PASSED] - saveWorkbook(excelFilePath, workbook01): null

16-10-2024T08:48:00 - [TEST_STEP][PASSED] - typeOfData = "План Потери": null

16-10-2024T08:48:00 - [TEST_STEP][PASSED] - fileInt = replaceAll("\s+", "").toInteger(): null

16-10-2024T08:48:00 - [TEST_STEP][PASSED] - Script1718980020443.WriteToExcelNoData(a, typeOfData, todaysDate, fileInt, fileDouble, dZO): null

16-10-2024T08:48:00 - [TEST_STEP][PASSED] - sheetName = "Sheet1": null

16-10-2024T08:48:00 - [TEST_STEP][PASSED] - data = findTestData("PlanFact"): null

16-10-2024T08:48:00 - [TEST_STEP][PASSED] - n = data.getRowNumbers() + 1: null

16-10-2024T08:48:00 - [TEST_STEP][PASSED] - year = todaysDate.substring(todaysDate.length() - 4, todaysDate.length()): null

16-10-2024T08:48:00 - [TEST_STEP][PASSED] - y = year.toInteger(): null

16-10-2024T08:48:00 - [TEST_STEP][PASSED] - m = getText(findTestObject("Выполнение бизнес-плана/Период")): Text of object 'Object Repository/Выполнение бизнес-плана/Период' is: '1, 2 кв., Июль, Август 2024 года'

16-10-2024T08:48:00 - [MESSAGE][PASSED] - Text of object 'Object Repository/Выполнение бизнес-плана/Период' is: '1, 2 кв., Июль, Август 2024 года'

16-10-2024T08:48:00 - [TEST_STEP][PASSED] - m = m.substring(0, m.indexOf("2024")): null

16-10-2024T08:48:00 - [TEST_STEP][PASSED] - m = m.trim(): null

16-10-2024T08:48:00 - [TEST_STEP][PASSED] - dashboardName = "Выполнение бизнес-плана": null

16-10-2024T08:48:00 - [TEST_STEP][PASSED] - workbook01 = getWorkbook(excelFilePath): null

16-10-2024T08:48:00 - [TEST_STEP][PASSED] - sheet01 = getExcelSheet(workbook01, sheetName): null

16-10-2024T08:48:00 - [TEST_STEP][PASSED] - setValueToCellByIndex(sheet01, n, 0, dashboardName): null

16-10-2024T08:48:00 - [TEST_STEP][PASSED] - setValueToCellByIndex(sheet01, n, 1, dZO): null

16-10-2024T08:48:00 - [TEST_STEP][PASSED] - setValueToCellByIndex(sheet01, n, 2, typeOfData): null

16-10-2024T08:48:00 - [TEST_STEP][PASSED] - if (typeOfData == "Факт в процентах" || typeOfData == "План в процентах"): null

16-10-2024T08:48:00 - [TEST_STEP][PASSED] - else: null

16-10-2024T08:48:00 - [TEST_STEP][PASSED] - setValueToCellByIndex(sheet01, n, 3, fileInt): null

16-10-2024T08:48:00 - [TEST_STEP][PASSED] - setValueToCellByIndex(sheet01, n, 4, "нет данных"): null

16-10-2024T08:48:00 - [TEST_STEP][PASSED] - setValueToCellByIndex(sheet01, n, 5, m): null

16-10-2024T08:48:00 - [TEST_STEP][PASSED] - setValueToCellByIndex(sheet01, n, 6, y): null

16-10-2024T08:48:00 - [TEST_STEP][PASSED] - setValueToCellByIndex(sheet01, n, 7, todaysDate): null

16-10-2024T08:48:00 - [TEST_STEP][PASSED] - n = n + 1: null

16-10-2024T08:48:00 - [TEST_STEP][PASSED] - saveWorkbook(excelFilePath, workbook01): null

16-10-2024T08:48:00 - [TEST_STEP][PASSED] - typeOfData = "План в процентах": null

16-10-2024T08:48:00 - [TEST_STEP][PASSED] - fileDouble = ").toDouble(): null

16-10-2024T08:48:00 - [TEST_STEP][PASSED] - Script1718980020443.WriteToExcelNoData(a, typeOfData, todaysDate, fileInt, fileDouble, dZO): null

16-10-2024T08:48:00 - [TEST_STEP][PASSED] - sheetName = "Sheet1": null

16-10-2024T08:48:00 - [TEST_STEP][PASSED] - data = findTestData("PlanFact"): null

16-10-2024T08:48:00 - [TEST_STEP][PASSED] - n = data.getRowNumbers() + 1: null

16-10-2024T08:48:00 - [TEST_STEP][PASSED] - year = todaysDate.substring(todaysDate.length() - 4, todaysDate.length()): null

16-10-2024T08:48:00 - [TEST_STEP][PASSED] - y = year.toInteger(): null

16-10-2024T08:48:00 - [TEST_STEP][PASSED] - m = getText(findTestObject("Выполнение бизнес-плана/Период")): Text of object 'Object Repository/Выполнение бизнес-плана/Период' is: '1, 2 кв., Июль, Август 2024 года'

16-10-2024T08:48:01 - [MESSAGE][PASSED] - Text of object 'Object Repository/Выполнение бизнес-плана/Период' is: '1, 2 кв., Июль, Август 2024 года'

16-10-2024T08:48:01 - [TEST_STEP][PASSED] - m = m.substring(0, m.indexOf("2024")): null

16-10-2024T08:48:01 - [TEST_STEP][PASSED] - m = m.trim(): null

16-10-2024T08:48:01 - [TEST_STEP][PASSED] - dashboardName = "Выполнение бизнес-плана": null

16-10-2024T08:48:01 - [TEST_STEP][PASSED] - workbook01 = getWorkbook(excelFilePath): null

16-10-2024T08:48:01 - [TEST_STEP][PASSED] - sheet01 = getExcelSheet(workbook01, sheetName): null

16-10-2024T08:48:01 - [TEST_STEP][PASSED] - setValueToCellByIndex(sheet01, n, 0, dashboardName): null

16-10-2024T08:48:01 - [TEST_STEP][PASSED] - setValueToCellByIndex(sheet01, n, 1, dZO): null

16-10-2024T08:48:01 - [TEST_STEP][PASSED] - setValueToCellByIndex(sheet01, n, 2, typeOfData): null

16-10-2024T08:48:01 - [TEST_STEP][PASSED] - if (typeOfData == "Факт в процентах" || typeOfData == "План в процентах"): null

16-10-2024T08:48:01 - [TEST_STEP][PASSED] - setValueToCellByIndex(sheet01, n, 3, fileDouble): null

16-10-2024T08:48:01 - [TEST_STEP][PASSED] - setValueToCellByIndex(sheet01, n, 4, "нет данных"): null

16-10-2024T08:48:01 - [TEST_STEP][PASSED] - setValueToCellByIndex(sheet01, n, 5, m): null

16-10-2024T08:48:01 - [TEST_STEP][PASSED] - setValueToCellByIndex(sheet01, n, 6, y): null

16-10-2024T08:48:01 - [TEST_STEP][PASSED] - setValueToCellByIndex(sheet01, n, 7, todaysDate): null

16-10-2024T08:48:01 - [TEST_STEP][PASSED] - n = n + 1: null

16-10-2024T08:48:01 - [TEST_STEP][PASSED] - saveWorkbook(excelFilePath, workbook01): null

16-10-2024T08:48:01 - [TEST_STEP][PASSED] - typeOfData = "Факт в процентах": null

16-10-2024T08:48:01 - [TEST_STEP][PASSED] - fileDouble = ").toDouble(): null

16-10-2024T08:48:01 - [TEST_STEP][PASSED] - Script1718980020443.WriteToExcelNoData(a, typeOfData, todaysDate, fileInt, fileDouble, dZO): null

16-10-2024T08:48:01 - [TEST_STEP][PASSED] - sheetName = "Sheet1": null

16-10-2024T08:48:01 - [TEST_STEP][PASSED] - data = findTestData("PlanFact"): null

16-10-2024T08:48:01 - [TEST_STEP][PASSED] - n = data.getRowNumbers() + 1: null

16-10-2024T08:48:01 - [TEST_STEP][PASSED] - year = todaysDate.substring(todaysDate.length() - 4, todaysDate.length()): null

16-10-2024T08:48:01 - [TEST_STEP][PASSED] - y = year.toInteger(): null

16-10-2024T08:48:01 - [TEST_STEP][PASSED] - m = getText(findTestObject("Выполнение бизнес-плана/Период")): Text of object 'Object Repository/Выполнение бизнес-плана/Период' is: '1, 2 кв., Июль, Август 2024 года'

16-10-2024T08:48:01 - [MESSAGE][PASSED] - Text of object 'Object Repository/Выполнение бизнес-плана/Период' is: '1, 2 кв., Июль, Август 2024 года'

16-10-2024T08:48:01 - [TEST_STEP][PASSED] - m = m.substring(0, m.indexOf("2024")): null

16-10-2024T08:48:01 - [TEST_STEP][PASSED] - m = m.trim(): null

16-10-2024T08:48:01 - [TEST_STEP][PASSED] - dashboardName = "Выполнение бизнес-плана": null

16-10-2024T08:48:01 - [TEST_STEP][PASSED] - workbook01 = getWorkbook(excelFilePath): null

16-10-2024T08:48:01 - [TEST_STEP][PASSED] - sheet01 = getExcelSheet(workbook01, sheetName): null

16-10-2024T08:48:01 - [TEST_STEP][PASSED] - setValueToCellByIndex(sheet01, n, 0, dashboardName): null

16-10-2024T08:48:01 - [TEST_STEP][PASSED] - setValueToCellByIndex(sheet01, n, 1, dZO): null

16-10-2024T08:48:01 - [TEST_STEP][PASSED] - setValueToCellByIndex(sheet01, n, 2, typeOfData): null

16-10-2024T08:48:01 - [TEST_STEP][PASSED] - if (typeOfData == "Факт в процентах" || typeOfData == "План в процентах"): null

16-10-2024T08:48:01 - [TEST_STEP][PASSED] - setValueToCellByIndex(sheet01, n, 3, fileDouble): null

16-10-2024T08:48:01 - [TEST_STEP][PASSED] - setValueToCellByIndex(sheet01, n, 4, "нет данных"): null

16-10-2024T08:48:01 - [TEST_STEP][PASSED] - setValueToCellByIndex(sheet01, n, 5, m): null

16-10-2024T08:48:01 - [TEST_STEP][PASSED] - setValueToCellByIndex(sheet01, n, 6, y): null

16-10-2024T08:48:01 - [TEST_STEP][PASSED] - setValueToCellByIndex(sheet01, n, 7, todaysDate): null

16-10-2024T08:48:01 - [TEST_STEP][PASSED] - n = n + 1: null

16-10-2024T08:48:01 - [TEST_STEP][PASSED] - saveWorkbook(excelFilePath, workbook01): null

16-10-2024T08:48:01 - [TEST_STEP][PASSED] - println(dzoNum): null

16-10-2024T08:48:01 - [TEST_STEP][PASSED] - dZO = "Россети Московский регион": null

16-10-2024T08:48:01 - [TEST_STEP][PASSED] - a = 74: null

16-10-2024T08:48:01 - [TEST_STEP][PASSED] - if (x1.contains(dZO)): null

16-10-2024T08:48:01 - [TEST_STEP][PASSED] - else: null

16-10-2024T08:48:01 - [TEST_STEP][PASSED] - Script1718980020443.NoData(a, typeOfData, todaysDate, fileInt, fileDouble, dZO): null

16-10-2024T08:48:01 - [TEST_STEP][PASSED] - println(a): null

16-10-2024T08:48:01 - [TEST_STEP][PASSED] - println(todaysDate): null

16-10-2024T08:48:01 - [TEST_STEP][PASSED] - println(fileInt): null

16-10-2024T08:48:01 - [TEST_STEP][PASSED] - println(fileDouble): null

16-10-2024T08:48:01 - [TEST_STEP][PASSED] - println(dZO): null

16-10-2024T08:48:01 - [TEST_STEP][PASSED] - typeOfData = "Факт Отпуск в сеть": null

16-10-2024T08:48:01 - [TEST_STEP][PASSED] - fileInt = replaceAll("\s+", "").toInteger(): null

16-10-2024T08:48:02 - [TEST_STEP][PASSED] - Script1718980020443.WriteToExcelNoData(a, typeOfData, todaysDate, fileInt, fileDouble, dZO): null

16-10-2024T08:48:02 - [TEST_STEP][PASSED] - sheetName = "Sheet1": null

16-10-2024T08:48:02 - [TEST_STEP][PASSED] - data = findTestData("PlanFact"): null

16-10-2024T08:48:02 - [TEST_STEP][PASSED] - n = data.getRowNumbers() + 1: null

16-10-2024T08:48:02 - [TEST_STEP][PASSED] - year = todaysDate.substring(todaysDate.length() - 4, todaysDate.length()): null

16-10-2024T08:48:02 - [TEST_STEP][PASSED] - y = year.toInteger(): null

16-10-2024T08:48:02 - [TEST_STEP][PASSED] - m = getText(findTestObject("Выполнение бизнес-плана/Период")): Text of object 'Object Repository/Выполнение бизнес-плана/Период' is: '1, 2 кв., Июль, Август 2024 года'

16-10-2024T08:48:02 - [MESSAGE][PASSED] - Text of object 'Object Repository/Выполнение бизнес-плана/Период' is: '1, 2 кв., Июль, Август 2024 года'

16-10-2024T08:48:02 - [TEST_STEP][PASSED] - m = m.substring(0, m.indexOf("2024")): null

16-10-2024T08:48:02 - [TEST_STEP][PASSED] - m = m.trim(): null

16-10-2024T08:48:02 - [TEST_STEP][PASSED] - dashboardName = "Выполнение бизнес-плана": null

16-10-2024T08:48:02 - [TEST_STEP][PASSED] - workbook01 = getWorkbook(excelFilePath): null

16-10-2024T08:48:02 - [TEST_STEP][PASSED] - sheet01 = getExcelSheet(workbook01, sheetName): null

16-10-2024T08:48:02 - [TEST_STEP][PASSED] - setValueToCellByIndex(sheet01, n, 0, dashboardName): null

16-10-2024T08:48:02 - [TEST_STEP][PASSED] - setValueToCellByIndex(sheet01, n, 1, dZO): null

16-10-2024T08:48:02 - [TEST_STEP][PASSED] - setValueToCellByIndex(sheet01, n, 2, typeOfData): null

16-10-2024T08:48:02 - [TEST_STEP][PASSED] - if (typeOfData == "Факт в процентах" || typeOfData == "План в процентах"): null

16-10-2024T08:48:02 - [TEST_STEP][PASSED] - else: null

16-10-2024T08:48:02 - [TEST_STEP][PASSED] - setValueToCellByIndex(sheet01, n, 3, fileInt): null

16-10-2024T08:48:02 - [TEST_STEP][PASSED] - setValueToCellByIndex(sheet01, n, 4, "нет данных"): null

16-10-2024T08:48:02 - [TEST_STEP][PASSED] - setValueToCellByIndex(sheet01, n, 5, m): null

16-10-2024T08:48:02 - [TEST_STEP][PASSED] - setValueToCellByIndex(sheet01, n, 6, y): null

16-10-2024T08:48:02 - [TEST_STEP][PASSED] - setValueToCellByIndex(sheet01, n, 7, todaysDate): null

16-10-2024T08:48:02 - [TEST_STEP][PASSED] - n = n + 1: null

16-10-2024T08:48:02 - [TEST_STEP][PASSED] - saveWorkbook(excelFilePath, workbook01): null

16-10-2024T08:48:02 - [TEST_STEP][PASSED] - typeOfData = "Факт Потери": null

16-10-2024T08:48:02 - [TEST_STEP][PASSED] - fileInt = replaceAll("\s+", "").toInteger(): null

16-10-2024T08:48:02 - [TEST_STEP][PASSED] - Script1718980020443.WriteToExcelNoData(a, typeOfData, todaysDate, fileInt, fileDouble, dZO): null

16-10-2024T08:48:02 - [TEST_STEP][PASSED] - sheetName = "Sheet1": null

16-10-2024T08:48:02 - [TEST_STEP][PASSED] - data = findTestData("PlanFact"): null

16-10-2024T08:48:02 - [TEST_STEP][PASSED] - n = data.getRowNumbers() + 1: null

16-10-2024T08:48:02 - [TEST_STEP][PASSED] - year = todaysDate.substring(todaysDate.length() - 4, todaysDate.length()): null

16-10-2024T08:48:02 - [TEST_STEP][PASSED] - y = year.toInteger(): null

16-10-2024T08:48:02 - [TEST_STEP][PASSED] - m = getText(findTestObject("Выполнение бизнес-плана/Период")): Text of object 'Object Repository/Выполнение бизнес-плана/Период' is: '1, 2 кв., Июль, Август 2024 года'

16-10-2024T08:48:03 - [MESSAGE][PASSED] - Text of object 'Object Repository/Выполнение бизнес-плана/Период' is: '1, 2 кв., Июль, Август 2024 года'

16-10-2024T08:48:03 - [TEST_STEP][PASSED] - m = m.substring(0, m.indexOf("2024")): null

16-10-2024T08:48:03 - [TEST_STEP][PASSED] - m = m.trim(): null

16-10-2024T08:48:03 - [TEST_STEP][PASSED] - dashboardName = "Выполнение бизнес-плана": null

16-10-2024T08:48:03 - [TEST_STEP][PASSED] - workbook01 = getWorkbook(excelFilePath): null

16-10-2024T08:48:03 - [TEST_STEP][PASSED] - sheet01 = getExcelSheet(workbook01, sheetName): null

16-10-2024T08:48:03 - [TEST_STEP][PASSED] - setValueToCellByIndex(sheet01, n, 0, dashboardName): null

16-10-2024T08:48:03 - [TEST_STEP][PASSED] - setValueToCellByIndex(sheet01, n, 1, dZO): null

16-10-2024T08:48:03 - [TEST_STEP][PASSED] - setValueToCellByIndex(sheet01, n, 2, typeOfData): null

16-10-2024T08:48:03 - [TEST_STEP][PASSED] - if (typeOfData == "Факт в процентах" || typeOfData == "План в процентах"): null

16-10-2024T08:48:03 - [TEST_STEP][PASSED] - else: null

16-10-2024T08:48:03 - [TEST_STEP][PASSED] - setValueToCellByIndex(sheet01, n, 3, fileInt): null

16-10-2024T08:48:03 - [TEST_STEP][PASSED] - setValueToCellByIndex(sheet01, n, 4, "нет данных"): null

16-10-2024T08:48:03 - [TEST_STEP][PASSED] - setValueToCellByIndex(sheet01, n, 5, m): null

16-10-2024T08:48:03 - [TEST_STEP][PASSED] - setValueToCellByIndex(sheet01, n, 6, y): null

16-10-2024T08:48:03 - [TEST_STEP][PASSED] - setValueToCellByIndex(sheet01, n, 7, todaysDate): null

16-10-2024T08:48:03 - [TEST_STEP][PASSED] - n = n + 1: null

16-10-2024T08:48:03 - [TEST_STEP][PASSED] - saveWorkbook(excelFilePath, workbook01): null

16-10-2024T08:48:03 - [TEST_STEP][PASSED] - typeOfData = "План Отпуск в сеть": null

16-10-2024T08:48:03 - [TEST_STEP][PASSED] - fileInt = replaceAll("\s+", "").toInteger(): null

16-10-2024T08:48:03 - [TEST_STEP][PASSED] - Script1718980020443.WriteToExcelNoData(a, typeOfData, todaysDate, fileInt, fileDouble, dZO): null

16-10-2024T08:48:03 - [TEST_STEP][PASSED] - sheetName = "Sheet1": null

16-10-2024T08:48:03 - [TEST_STEP][PASSED] - data = findTestData("PlanFact"): null

16-10-2024T08:48:03 - [TEST_STEP][PASSED] - n = data.getRowNumbers() + 1: null

16-10-2024T08:48:03 - [TEST_STEP][PASSED] - year = todaysDate.substring(todaysDate.length() - 4, todaysDate.length()): null

16-10-2024T08:48:03 - [TEST_STEP][PASSED] - y = year.toInteger(): null

16-10-2024T08:48:03 - [TEST_STEP][PASSED] - m = getText(findTestObject("Выполнение бизнес-плана/Период")): Text of object 'Object Repository/Выполнение бизнес-плана/Период' is: '1, 2 кв., Июль, Август 2024 года'

16-10-2024T08:48:03 - [MESSAGE][PASSED] - Text of object 'Object Repository/Выполнение бизнес-плана/Период' is: '1, 2 кв., Июль, Август 2024 года'

16-10-2024T08:48:03 - [TEST_STEP][PASSED] - m = m.substring(0, m.indexOf("2024")): null

16-10-2024T08:48:03 - [TEST_STEP][PASSED] - m = m.trim(): null

16-10-2024T08:48:03 - [TEST_STEP][PASSED] - dashboardName = "Выполнение бизнес-плана": null

16-10-2024T08:48:03 - [TEST_STEP][PASSED] - workbook01 = getWorkbook(excelFilePath): null

16-10-2024T08:48:03 - [TEST_STEP][PASSED] - sheet01 = getExcelSheet(workbook01, sheetName): null

16-10-2024T08:48:03 - [TEST_STEP][PASSED] - setValueToCellByIndex(sheet01, n, 0, dashboardName): null

16-10-2024T08:48:03 - [TEST_STEP][PASSED] - setValueToCellByIndex(sheet01, n, 1, dZO): null

16-10-2024T08:48:03 - [TEST_STEP][PASSED] - setValueToCellByIndex(sheet01, n, 2, typeOfData): null

16-10-2024T08:48:03 - [TEST_STEP][PASSED] - if (typeOfData == "Факт в процентах" || typeOfData == "План в процентах"): null

16-10-2024T08:48:03 - [TEST_STEP][PASSED] - else: null

16-10-2024T08:48:03 - [TEST_STEP][PASSED] - setValueToCellByIndex(sheet01, n, 3, fileInt): null

16-10-2024T08:48:03 - [TEST_STEP][PASSED] - setValueToCellByIndex(sheet01, n, 4, "нет данных"): null

16-10-2024T08:48:03 - [TEST_STEP][PASSED] - setValueToCellByIndex(sheet01, n, 5, m): null

16-10-2024T08:48:03 - [TEST_STEP][PASSED] - setValueToCellByIndex(sheet01, n, 6, y): null

16-10-2024T08:48:03 - [TEST_STEP][PASSED] - setValueToCellByIndex(sheet01, n, 7, todaysDate): null

16-10-2024T08:48:03 - [TEST_STEP][PASSED] - n = n + 1: null

16-10-2024T08:48:03 - [TEST_STEP][PASSED] - saveWorkbook(excelFilePath, workbook01): null

16-10-2024T08:48:04 - [TEST_STEP][PASSED] - typeOfData = "План Потери": null

16-10-2024T08:48:04 - [TEST_STEP][PASSED] - fileInt = replaceAll("\s+", "").toInteger(): null

16-10-2024T08:48:04 - [TEST_STEP][PASSED] - Script1718980020443.WriteToExcelNoData(a, typeOfData, todaysDate, fileInt, fileDouble, dZO): null

16-10-2024T08:48:04 - [TEST_STEP][PASSED] - sheetName = "Sheet1": null

16-10-2024T08:48:04 - [TEST_STEP][PASSED] - data = findTestData("PlanFact"): null

16-10-2024T08:48:04 - [TEST_STEP][PASSED] - n = data.getRowNumbers() + 1: null

16-10-2024T08:48:04 - [TEST_STEP][PASSED] - year = todaysDate.substring(todaysDate.length() - 4, todaysDate.length()): null

16-10-2024T08:48:04 - [TEST_STEP][PASSED] - y = year.toInteger(): null

16-10-2024T08:48:04 - [TEST_STEP][PASSED] - m = getText(findTestObject("Выполнение бизнес-плана/Период")): Text of object 'Object Repository/Выполнение бизнес-плана/Период' is: '1, 2 кв., Июль, Август 2024 года'

16-10-2024T08:48:04 - [MESSAGE][PASSED] - Text of object 'Object Repository/Выполнение бизнес-плана/Период' is: '1, 2 кв., Июль, Август 2024 года'

16-10-2024T08:48:04 - [TEST_STEP][PASSED] - m = m.substring(0, m.indexOf("2024")): null

16-10-2024T08:48:04 - [TEST_STEP][PASSED] - m = m.trim(): null

16-10-2024T08:48:04 - [TEST_STEP][PASSED] - dashboardName = "Выполнение бизнес-плана": null

16-10-2024T08:48:04 - [TEST_STEP][PASSED] - workbook01 = getWorkbook(excelFilePath): null

16-10-2024T08:48:04 - [TEST_STEP][PASSED] - sheet01 = getExcelSheet(workbook01, sheetName): null

16-10-2024T08:48:04 - [TEST_STEP][PASSED] - setValueToCellByIndex(sheet01, n, 0, dashboardName): null

16-10-2024T08:48:04 - [TEST_STEP][PASSED] - setValueToCellByIndex(sheet01, n, 1, dZO): null

16-10-2024T08:48:04 - [TEST_STEP][PASSED] - setValueToCellByIndex(sheet01, n, 2, typeOfData): null

16-10-2024T08:48:04 - [TEST_STEP][PASSED] - if (typeOfData == "Факт в процентах" || typeOfData == "План в процентах"): null

16-10-2024T08:48:04 - [TEST_STEP][PASSED] - else: null

16-10-2024T08:48:04 - [TEST_STEP][PASSED] - setValueToCellByIndex(sheet01, n, 3, fileInt): null

16-10-2024T08:48:04 - [TEST_STEP][PASSED] - setValueToCellByIndex(sheet01, n, 4, "нет данных"): null

16-10-2024T08:48:04 - [TEST_STEP][PASSED] - setValueToCellByIndex(sheet01, n, 5, m): null

16-10-2024T08:48:04 - [TEST_STEP][PASSED] - setValueToCellByIndex(sheet01, n, 6, y): null

16-10-2024T08:48:04 - [TEST_STEP][PASSED] - setValueToCellByIndex(sheet01, n, 7, todaysDate): null

16-10-2024T08:48:04 - [TEST_STEP][PASSED] - n = n + 1: null

16-10-2024T08:48:04 - [TEST_STEP][PASSED] - saveWorkbook(excelFilePath, workbook01): null

16-10-2024T08:48:04 - [TEST_STEP][PASSED] - typeOfData = "План в процентах": null

16-10-2024T08:48:04 - [TEST_STEP][PASSED] - fileDouble = ").toDouble(): null

16-10-2024T08:48:04 - [TEST_STEP][PASSED] - Script1718980020443.WriteToExcelNoData(a, typeOfData, todaysDate, fileInt, fileDouble, dZO): null

16-10-2024T08:48:04 - [TEST_STEP][PASSED] - sheetName = "Sheet1": null

16-10-2024T08:48:04 - [TEST_STEP][PASSED] - data = findTestData("PlanFact"): null

16-10-2024T08:48:04 - [TEST_STEP][PASSED] - n = data.getRowNumbers() + 1: null

16-10-2024T08:48:04 - [TEST_STEP][PASSED] - year = todaysDate.substring(todaysDate.length() - 4, todaysDate.length()): null

16-10-2024T08:48:04 - [TEST_STEP][PASSED] - y = year.toInteger(): null

16-10-2024T08:48:04 - [TEST_STEP][PASSED] - m = getText(findTestObject("Выполнение бизнес-плана/Период")): Text of object 'Object Repository/Выполнение бизнес-плана/Период' is: '1, 2 кв., Июль, Август 2024 года'

16-10-2024T08:48:05 - [MESSAGE][PASSED] - Text of object 'Object Repository/Выполнение бизнес-плана/Период' is: '1, 2 кв., Июль, Август 2024 года'

16-10-2024T08:48:05 - [TEST_STEP][PASSED] - m = m.substring(0, m.indexOf("2024")): null

16-10-2024T08:48:05 - [TEST_STEP][PASSED] - m = m.trim(): null

16-10-2024T08:48:05 - [TEST_STEP][PASSED] - dashboardName = "Выполнение бизнес-плана": null

16-10-2024T08:48:05 - [TEST_STEP][PASSED] - workbook01 = getWorkbook(excelFilePath): null

16-10-2024T08:48:05 - [TEST_STEP][PASSED] - sheet01 = getExcelSheet(workbook01, sheetName): null

16-10-2024T08:48:05 - [TEST_STEP][PASSED] - setValueToCellByIndex(sheet01, n, 0, dashboardName): null

16-10-2024T08:48:05 - [TEST_STEP][PASSED] - setValueToCellByIndex(sheet01, n, 1, dZO): null

16-10-2024T08:48:05 - [TEST_STEP][PASSED] - setValueToCellByIndex(sheet01, n, 2, typeOfData): null

16-10-2024T08:48:05 - [TEST_STEP][PASSED] - if (typeOfData == "Факт в процентах" || typeOfData == "План в процентах"): null

16-10-2024T08:48:05 - [TEST_STEP][PASSED] - setValueToCellByIndex(sheet01, n, 3, fileDouble): null

16-10-2024T08:48:05 - [TEST_STEP][PASSED] - setValueToCellByIndex(sheet01, n, 4, "нет данных"): null

16-10-2024T08:48:05 - [TEST_STEP][PASSED] - setValueToCellByIndex(sheet01, n, 5, m): null

16-10-2024T08:48:05 - [TEST_STEP][PASSED] - setValueToCellByIndex(sheet01, n, 6, y): null

16-10-2024T08:48:05 - [TEST_STEP][PASSED] - setValueToCellByIndex(sheet01, n, 7, todaysDate): null

16-10-2024T08:48:05 - [TEST_STEP][PASSED] - n = n + 1: null

16-10-2024T08:48:05 - [TEST_STEP][PASSED] - saveWorkbook(excelFilePath, workbook01): null

16-10-2024T08:48:05 - [TEST_STEP][PASSED] - typeOfData = "Факт в процентах": null

16-10-2024T08:48:05 - [TEST_STEP][PASSED] - fileDouble = ").toDouble(): null

16-10-2024T08:48:05 - [TEST_STEP][PASSED] - Script1718980020443.WriteToExcelNoData(a, typeOfData, todaysDate, fileInt, fileDouble, dZO): null

16-10-2024T08:48:05 - [TEST_STEP][PASSED] - sheetName = "Sheet1": null

16-10-2024T08:48:05 - [TEST_STEP][PASSED] - data = findTestData("PlanFact"): null

16-10-2024T08:48:05 - [TEST_STEP][PASSED] - n = data.getRowNumbers() + 1: null

16-10-2024T08:48:05 - [TEST_STEP][PASSED] - year = todaysDate.substring(todaysDate.length() - 4, todaysDate.length()): null

16-10-2024T08:48:05 - [TEST_STEP][PASSED] - y = year.toInteger(): null

16-10-2024T08:48:05 - [TEST_STEP][PASSED] - m = getText(findTestObject("Выполнение бизнес-плана/Период")): Text of object 'Object Repository/Выполнение бизнес-плана/Период' is: '1, 2 кв., Июль, Август 2024 года'

16-10-2024T08:48:05 - [MESSAGE][PASSED] - Text of object 'Object Repository/Выполнение бизнес-плана/Период' is: '1, 2 кв., Июль, Август 2024 года'

16-10-2024T08:48:05 - [TEST_STEP][PASSED] - m = m.substring(0, m.indexOf("2024")): null

16-10-2024T08:48:05 - [TEST_STEP][PASSED] - m = m.trim(): null

16-10-2024T08:48:05 - [TEST_STEP][PASSED] - dashboardName = "Выполнение бизнес-плана": null

16-10-2024T08:48:05 - [TEST_STEP][PASSED] - workbook01 = getWorkbook(excelFilePath): null

16-10-2024T08:48:05 - [TEST_STEP][PASSED] - sheet01 = getExcelSheet(workbook01, sheetName): null

16-10-2024T08:48:05 - [TEST_STEP][PASSED] - setValueToCellByIndex(sheet01, n, 0, dashboardName): null

16-10-2024T08:48:05 - [TEST_STEP][PASSED] - setValueToCellByIndex(sheet01, n, 1, dZO): null

16-10-2024T08:48:05 - [TEST_STEP][PASSED] - setValueToCellByIndex(sheet01, n, 2, typeOfData): null

16-10-2024T08:48:05 - [TEST_STEP][PASSED] - if (typeOfData == "Факт в процентах" || typeOfData == "План в процентах"): null

16-10-2024T08:48:05 - [TEST_STEP][PASSED] - setValueToCellByIndex(sheet01, n, 3, fileDouble): null

16-10-2024T08:48:05 - [TEST_STEP][PASSED] - setValueToCellByIndex(sheet01, n, 4, "нет данных"): null

16-10-2024T08:48:05 - [TEST_STEP][PASSED] - setValueToCellByIndex(sheet01, n, 5, m): null

16-10-2024T08:48:05 - [TEST_STEP][PASSED] - setValueToCellByIndex(sheet01, n, 6, y): null

16-10-2024T08:48:05 - [TEST_STEP][PASSED] - setValueToCellByIndex(sheet01, n, 7, todaysDate): null

16-10-2024T08:48:05 - [TEST_STEP][PASSED] - n = n + 1: null

16-10-2024T08:48:05 - [TEST_STEP][PASSED] - saveWorkbook(excelFilePath, workbook01): null

16-10-2024T08:48:05 - [TEST_STEP][PASSED] - println(dzoNum): null

16-10-2024T08:48:05 - [TEST_STEP][PASSED] - dZO = "Россети Северный Кавказ": null

16-10-2024T08:48:05 - [TEST_STEP][PASSED] - a = 65: null

16-10-2024T08:48:05 - [TEST_STEP][PASSED] - if (x1.contains(dZO)): null

16-10-2024T08:48:05 - [TEST_STEP][PASSED] - dzoNum = dzoNum + 1: null

16-10-2024T08:48:05 - [TEST_STEP][PASSED] - Script1718980020443.Numbers(a, typeOfData, todaysDate, pageInt, fileInt, pageDouble, fileDouble, dZO, dzoNum, filialNum): null

16-10-2024T08:48:05 - [TEST_STEP][PASSED] - println(dzoNum): null

16-10-2024T08:48:05 - [TEST_STEP][PASSED] - planFact = <not implemented yet for class: org.codehaus.groovy.ast.expr.EmptyExpression>: null

16-10-2024T08:48:05 - [TEST_STEP][PASSED] - page = <not implemented yet for class: org.codehaus.groovy.ast.expr.EmptyExpression>: null

16-10-2024T08:48:05 - [TEST_STEP][PASSED] - page1 = <not implemented yet for class: org.codehaus.groovy.ast.expr.EmptyExpression>: null

16-10-2024T08:48:05 - [TEST_STEP][PASSED] - page2 = <not implemented yet for class: org.codehaus.groovy.ast.expr.EmptyExpression>: null

16-10-2024T08:48:05 - [TEST_STEP][PASSED] - filialNumberInRow = <not implemented yet for class: org.codehaus.groovy.ast.expr.EmptyExpression>: null

16-10-2024T08:48:05 - [TEST_STEP][PASSED] - filialsDzoNames = <not implemented yet for class: org.codehaus.groovy.ast.expr.EmptyExpression>: null

16-10-2024T08:48:05 - [TEST_STEP][PASSED] - numberOfFilials = <not implemented yet for class: org.codehaus.groovy.ast.expr.EmptyExpression>: null

16-10-2024T08:48:05 - [TEST_STEP][PASSED] - numberOfSpaces = <not implemented yet for class: org.codehaus.groovy.ast.expr.EmptyExpression>: null

16-10-2024T08:48:05 - [TEST_STEP][PASSED] - file = <not implemented yet for class: org.codehaus.groovy.ast.expr.EmptyExpression>: null

16-10-2024T08:48:05 - [TEST_STEP][PASSED] - otpusk = <not implemented yet for class: org.codehaus.groovy.ast.expr.EmptyExpression>: null

16-10-2024T08:48:05 - [TEST_STEP][PASSED] - poteri = <not implemented yet for class: org.codehaus.groovy.ast.expr.EmptyExpression>: null

16-10-2024T08:48:05 - [TEST_STEP][PASSED] - dataFolder = "Выполнение бизнес-плана/Значения со страницы Выполнение бизнес-плана/": null

16-10-2024T08:48:05 - [TEST_STEP][PASSED] - path = <not implemented yet for class: org.codehaus.groovy.ast.expr.EmptyExpression>: null

16-10-2024T08:48:05 - [TEST_STEP][PASSED] - typeOfDataMain = <not implemented yet for class: org.codehaus.groovy.ast.expr.EmptyExpression>: null

16-10-2024T08:48:05 - [TEST_STEP][PASSED] - fileOtpuskVSet = <not implemented yet for class: org.codehaus.groovy.ast.expr.EmptyExpression>: null

16-10-2024T08:48:05 - [TEST_STEP][PASSED] - pageOtpuskVSet = <not implemented yet for class: org.codehaus.groovy.ast.expr.EmptyExpression>: null

16-10-2024T08:48:05 - [TEST_STEP][PASSED] - filePoteri = <not implemented yet for class: org.codehaus.groovy.ast.expr.EmptyExpression>: null

16-10-2024T08:48:05 - [TEST_STEP][PASSED] - pagePoteri = <not implemented yet for class: org.codehaus.groovy.ast.expr.EmptyExpression>: null

16-10-2024T08:48:05 - [TEST_STEP][PASSED] - compare = <not implemented yet for class: org.codehaus.groovy.ast.expr.EmptyExpression>: null

16-10-2024T08:48:05 - [TEST_STEP][PASSED] - b = <not implemented yet for class: org.codehaus.groovy.ast.expr.EmptyExpression>: null

16-10-2024T08:48:05 - [TEST_STEP][PASSED] - i = <not implemented yet for class: org.codehaus.groovy.ast.expr.EmptyExpression>: null

16-10-2024T08:48:05 - [TEST_STEP][PASSED] - ii = <not implemented yet for class: org.codehaus.groovy.ast.expr.EmptyExpression>: null

16-10-2024T08:48:05 - [TEST_STEP][PASSED] - c = <not implemented yet for class: org.codehaus.groovy.ast.expr.EmptyExpression>: null

16-10-2024T08:48:05 - [TEST_STEP][PASSED] - numberOfErrors = 0: null

16-10-2024T08:48:05 - [TEST_STEP][PASSED] - if (a == 82): null

16-10-2024T08:48:05 - [TEST_STEP][PASSED] - b = findTestData("PlanFact").getValue(1, a): null

16-10-2024T08:48:06 - [TEST_STEP][PASSED] - i = b.indexOf(" (ГК)"): null

16-10-2024T08:48:06 - [TEST_STEP][PASSED] - if (i > -1): null

16-10-2024T08:48:06 - [TEST_STEP][PASSED] - i = b.indexOf("О ""): null

16-10-2024T08:48:06 - [TEST_STEP][PASSED] - if (i > -1): null

16-10-2024T08:48:06 - [TEST_STEP][PASSED] - i = b.indexOf("О «"): null

16-10-2024T08:48:06 - [TEST_STEP][PASSED] - if (i > -1): null

16-10-2024T08:48:06 - [TEST_STEP][PASSED] - i = b.indexOf("г. "): null

16-10-2024T08:48:06 - [TEST_STEP][PASSED] - if (i > -1): null

16-10-2024T08:48:06 - [TEST_STEP][PASSED] - println(b): null

16-10-2024T08:48:06 - [TEST_STEP][PASSED] - for ([planFact = 1, planFact < 3, (planFact++)]): null

16-10-2024T08:48:06 - [TEST_STEP][PASSED] - if (planFact == 1): null

16-10-2024T08:48:06 - [TEST_STEP][PASSED] - typeOfDataMain = "Факт": null

16-10-2024T08:48:06 - [TEST_STEP][PASSED] - otpusk = findTestData("PlanFact").getValue(5, a): null

16-10-2024T08:48:06 - [TEST_STEP][PASSED] - poteri = findTestData("PlanFact").getValue(6, a): null

16-10-2024T08:48:06 - [TEST_STEP][PASSED] - otpusk = otpusk.replaceAll("\s+", ""): null

16-10-2024T08:48:06 - [TEST_STEP][PASSED] - poteri = poteri.replaceAll("\s+", ""): null

16-10-2024T08:48:06 - [TEST_STEP][PASSED] - typeOfData = typeOfDataMain + " Отпуск в сеть": null

16-10-2024T08:48:06 - [TEST_STEP][PASSED] - if (a == 82): null

16-10-2024T08:48:06 - [TEST_STEP][PASSED] - else if (a == 84): null

16-10-2024T08:48:06 - [TEST_STEP][PASSED] - else if (a == 52 || a == 72 || a == 28 || a == 73 || a == 77 || a == 74 || a == 65 || a == 36 || a == 44 || a == 53 || a == 80 || a == 54 || a == 1 || a == 18 || a == 59 || a == 81): null

16-10-2024T08:48:06 - [TEST_STEP][PASSED] - path = dataFolder + "Table Data/" + typeOfData + " за отчётный период " + dzoNum: null

16-10-2024T08:48:06 - [TEST_STEP][PASSED] - println(path): null

16-10-2024T08:48:06 - [TEST_STEP][PASSED] - page = getText(findTestObject(path)): Text of object 'Object Repository/Выполнение бизнес-плана/Значения со страницы Выполнение бизнес-плана/Table Data/Факт Отпуск в сеть за отчётный период 3' is: '15 734 909'

16-10-2024T08:48:06 - [MESSAGE][PASSED] - Text of object 'Object Repository/Выполнение бизнес-плана/Значения со страницы Выполнение бизнес-плана/Table Data/Факт Отпуск в сеть за отчётный период 3' is: '15 734 909'

16-10-2024T08:48:06 - [TEST_STEP][PASSED] - page = page.replaceAll("\s+", ""): null

16-10-2024T08:48:06 - [TEST_STEP][PASSED] - fileOtpuskVSet = otpusk.toInteger(): null

16-10-2024T08:48:06 - [TEST_STEP][PASSED] - pageOtpuskVSet = page.toInteger(): null

16-10-2024T08:48:06 - [TEST_STEP][PASSED] - typeOfData = typeOfDataMain + " Потери": null

16-10-2024T08:48:06 - [TEST_STEP][PASSED] - if (a == 82): null

16-10-2024T08:48:06 - [TEST_STEP][PASSED] - else if (a == 84): null

16-10-2024T08:48:06 - [TEST_STEP][PASSED] - else if (a == 52 || a == 72 || a == 28 || a == 73 || a == 77 || a == 74 || a == 65 || a == 36 || a == 44 || a == 53 || a == 80 || a == 54 || a == 1 || a == 18 || a == 59 || a == 81): null

16-10-2024T08:48:06 - [TEST_STEP][PASSED] - path = dataFolder + "Table Data/" + typeOfData + " за отчётный период " + dzoNum: null

16-10-2024T08:48:06 - [TEST_STEP][PASSED] - page = getText(findTestObject(path)): Text of object 'Object Repository/Выполнение бизнес-плана/Значения со страницы Выполнение бизнес-плана/Table Data/Факт Потери за отчётный период 3' is: '4 428 955'

16-10-2024T08:48:06 - [MESSAGE][PASSED] - Text of object 'Object Repository/Выполнение бизнес-плана/Значения со страницы Выполнение бизнес-плана/Table Data/Факт Потери за отчётный период 3' is: '4 428 955'

16-10-2024T08:48:06 - [TEST_STEP][PASSED] - page = page.replaceAll("\s+", ""): null

16-10-2024T08:48:06 - [TEST_STEP][PASSED] - filePoteri = poteri.toInteger(): null

16-10-2024T08:48:06 - [TEST_STEP][PASSED] - pagePoteri = page.toInteger(): null

16-10-2024T08:48:06 - [TEST_STEP][PASSED] - compare = pageOtpuskVSet: null

16-10-2024T08:48:06 - [TEST_STEP][PASSED] - if (compare == fileOtpuskVSet): null

16-10-2024T08:48:06 - [TEST_STEP][PASSED] - else if (compare > fileOtpuskVSet): null

16-10-2024T08:48:06 - [TEST_STEP][PASSED] - compare = compare - 1: null

16-10-2024T08:48:06 - [TEST_STEP][PASSED] - if (compare == fileOtpuskVSet): null

16-10-2024T08:48:06 - [TEST_STEP][PASSED] - else: null

16-10-2024T08:48:06 - [TEST_STEP][PASSED] - numberOfErrors = numberOfErrors + 1: null

16-10-2024T08:48:06 - [TEST_STEP][PASSED] - pageInt = pageOtpuskVSet: null

16-10-2024T08:48:06 - [TEST_STEP][PASSED] - fileInt = fileOtpuskVSet: null

16-10-2024T08:48:06 - [TEST_STEP][PASSED] - typeOfData = typeOfDataMain + " Отпуск в сеть": null

16-10-2024T08:48:06 - [TEST_STEP][PASSED] - Script1718980020443.WriteToExcel(a, typeOfData, todaysDate, pageInt, fileInt, pageDouble, fileDouble, dZO): null

16-10-2024T08:48:06 - [TEST_STEP][PASSED] - sheetName = "Sheet1": null

16-10-2024T08:48:06 - [TEST_STEP][PASSED] - data = findTestData("PlanFact"): null

16-10-2024T08:48:06 - [TEST_STEP][PASSED] - n = data.getRowNumbers() + 1: null

16-10-2024T08:48:06 - [TEST_STEP][PASSED] - year = todaysDate.substring(todaysDate.length() - 4, todaysDate.length()): null

16-10-2024T08:48:06 - [TEST_STEP][PASSED] - y = year.toInteger(): null

16-10-2024T08:48:06 - [TEST_STEP][PASSED] - m = getText(findTestObject("Выполнение бизнес-плана/Период")): Text of object 'Object Repository/Выполнение бизнес-плана/Период' is: '1, 2 кв., Июль, Август 2024 года'

16-10-2024T08:48:07 - [MESSAGE][PASSED] - Text of object 'Object Repository/Выполнение бизнес-плана/Период' is: '1, 2 кв., Июль, Август 2024 года'

16-10-2024T08:48:07 - [TEST_STEP][PASSED] - m = m.substring(0, m.indexOf("2024")): null

16-10-2024T08:48:07 - [TEST_STEP][PASSED] - m = m.trim(): null

16-10-2024T08:48:07 - [TEST_STEP][PASSED] - dashboardName = "Выполнение бизнес-плана": null

16-10-2024T08:48:07 - [TEST_STEP][PASSED] - workbook01 = getWorkbook(excelFilePath): null

16-10-2024T08:48:07 - [TEST_STEP][PASSED] - sheet01 = getExcelSheet(workbook01, sheetName): null

16-10-2024T08:48:07 - [TEST_STEP][PASSED] - setValueToCellByIndex(sheet01, n, 0, dashboardName): null

16-10-2024T08:48:07 - [TEST_STEP][PASSED] - setValueToCellByIndex(sheet01, n, 1, dZO): null

16-10-2024T08:48:07 - [TEST_STEP][PASSED] - setValueToCellByIndex(sheet01, n, 2, typeOfData): null

16-10-2024T08:48:07 - [TEST_STEP][PASSED] - if (typeOfData == "Факт в процентах" || typeOfData == "План в процентах"): null

16-10-2024T08:48:07 - [TEST_STEP][PASSED] - else: null

16-10-2024T08:48:07 - [TEST_STEP][PASSED] - setValueToCellByIndex(sheet01, n, 3, fileInt): null

16-10-2024T08:48:07 - [TEST_STEP][PASSED] - setValueToCellByIndex(sheet01, n, 4, pageInt): null

16-10-2024T08:48:07 - [TEST_STEP][PASSED] - setValueToCellByIndex(sheet01, n, 5, m): null

16-10-2024T08:48:07 - [TEST_STEP][PASSED] - setValueToCellByIndex(sheet01, n, 6, y): null

16-10-2024T08:48:07 - [TEST_STEP][PASSED] - setValueToCellByIndex(sheet01, n, 7, todaysDate): null

16-10-2024T08:48:07 - [TEST_STEP][PASSED] - n = n + 1: null

16-10-2024T08:48:07 - [TEST_STEP][PASSED] - saveWorkbook(excelFilePath, workbook01): null

16-10-2024T08:48:07 - [TEST_STEP][PASSED] - compare = pagePoteri: null

16-10-2024T08:48:07 - [TEST_STEP][PASSED] - if (compare == filePoteri): null

16-10-2024T08:48:07 - [TEST_STEP][PASSED] - else if (compare > filePoteri): null

16-10-2024T08:48:07 - [TEST_STEP][PASSED] - compare = compare - 1: null

16-10-2024T08:48:07 - [TEST_STEP][PASSED] - if (compare == filePoteri): null

16-10-2024T08:48:07 - [TEST_STEP][PASSED] - else: null

16-10-2024T08:48:07 - [TEST_STEP][PASSED] - numberOfErrors = numberOfErrors + 1: null

16-10-2024T08:48:07 - [TEST_STEP][PASSED] - pageInt = pagePoteri: null

16-10-2024T08:48:07 - [TEST_STEP][PASSED] - fileInt = filePoteri: null

16-10-2024T08:48:07 - [TEST_STEP][PASSED] - typeOfData = typeOfDataMain + " Потери": null

16-10-2024T08:48:07 - [TEST_STEP][PASSED] - Script1718980020443.WriteToExcel(a, typeOfData, todaysDate, pageInt, fileInt, pageDouble, fileDouble, dZO): null

16-10-2024T08:48:07 - [TEST_STEP][PASSED] - sheetName = "Sheet1": null

16-10-2024T08:48:07 - [TEST_STEP][PASSED] - data = findTestData("PlanFact"): null

16-10-2024T08:48:07 - [TEST_STEP][PASSED] - n = data.getRowNumbers() + 1: null

16-10-2024T08:48:07 - [TEST_STEP][PASSED] - year = todaysDate.substring(todaysDate.length() - 4, todaysDate.length()): null

16-10-2024T08:48:07 - [TEST_STEP][PASSED] - y = year.toInteger(): null

16-10-2024T08:48:07 - [TEST_STEP][PASSED] - m = getText(findTestObject("Выполнение бизнес-плана/Период")): Text of object 'Object Repository/Выполнение бизнес-плана/Период' is: '1, 2 кв., Июль, Август 2024 года'

16-10-2024T08:48:07 - [MESSAGE][PASSED] - Text of object 'Object Repository/Выполнение бизнес-плана/Период' is: '1, 2 кв., Июль, Август 2024 года'

16-10-2024T08:48:07 - [TEST_STEP][PASSED] - m = m.substring(0, m.indexOf("2024")): null

16-10-2024T08:48:07 - [TEST_STEP][PASSED] - m = m.trim(): null

16-10-2024T08:48:07 - [TEST_STEP][PASSED] - dashboardName = "Выполнение бизнес-плана": null

16-10-2024T08:48:07 - [TEST_STEP][PASSED] - workbook01 = getWorkbook(excelFilePath): null

16-10-2024T08:48:07 - [TEST_STEP][PASSED] - sheet01 = getExcelSheet(workbook01, sheetName): null

16-10-2024T08:48:07 - [TEST_STEP][PASSED] - setValueToCellByIndex(sheet01, n, 0, dashboardName): null

16-10-2024T08:48:07 - [TEST_STEP][PASSED] - setValueToCellByIndex(sheet01, n, 1, dZO): null

16-10-2024T08:48:07 - [TEST_STEP][PASSED] - setValueToCellByIndex(sheet01, n, 2, typeOfData): null

16-10-2024T08:48:07 - [TEST_STEP][PASSED] - if (typeOfData == "Факт в процентах" || typeOfData == "План в процентах"): null

16-10-2024T08:48:07 - [TEST_STEP][PASSED] - else: null

16-10-2024T08:48:07 - [TEST_STEP][PASSED] - setValueToCellByIndex(sheet01, n, 3, fileInt): null

16-10-2024T08:48:07 - [TEST_STEP][PASSED] - setValueToCellByIndex(sheet01, n, 4, pageInt): null

16-10-2024T08:48:07 - [TEST_STEP][PASSED] - setValueToCellByIndex(sheet01, n, 5, m): null

16-10-2024T08:48:07 - [TEST_STEP][PASSED] - setValueToCellByIndex(sheet01, n, 6, y): null

16-10-2024T08:48:07 - [TEST_STEP][PASSED] - setValueToCellByIndex(sheet01, n, 7, todaysDate): null

16-10-2024T08:48:07 - [TEST_STEP][PASSED] - n = n + 1: null

16-10-2024T08:48:07 - [TEST_STEP][PASSED] - saveWorkbook(excelFilePath, workbook01): null

16-10-2024T08:48:08 - [TEST_STEP][PASSED] - if (planFact == 2): null

16-10-2024T08:48:08 - [TEST_STEP][PASSED] - if (planFact == 1): null

16-10-2024T08:48:08 - [TEST_STEP][PASSED] - else if (planFact == 2): null

16-10-2024T08:48:08 - [TEST_STEP][PASSED] - click(findTestObject("Выполнение бизнес-плана/Кнопка План")): Object: 'Object Repository/Выполнение бизнес-плана/Кнопка План' is clicked on

16-10-2024T08:48:08 - [MESSAGE][PASSED] - Object: 'Object Repository/Выполнение бизнес-плана/Кнопка План' is clicked on

16-10-2024T08:48:08 - [TEST_STEP][PASSED] - typeOfDataMain = "План": null

16-10-2024T08:48:08 - [TEST_STEP][PASSED] - otpusk = findTestData("PlanFact").getValue(2, a): null

16-10-2024T08:48:08 - [TEST_STEP][PASSED] - poteri = findTestData("PlanFact").getValue(3, a): null

16-10-2024T08:48:08 - [TEST_STEP][PASSED] - otpusk = otpusk.replaceAll("\s+", ""): null

16-10-2024T08:48:08 - [TEST_STEP][PASSED] - poteri = poteri.replaceAll("\s+", ""): null

16-10-2024T08:48:08 - [TEST_STEP][PASSED] - typeOfData = typeOfDataMain + " Отпуск в сеть": null

16-10-2024T08:48:08 - [TEST_STEP][PASSED] - if (a == 82): null

16-10-2024T08:48:08 - [TEST_STEP][PASSED] - else if (a == 84): null

16-10-2024T08:48:08 - [TEST_STEP][PASSED] - else if (a == 52 || a == 72 || a == 28 || a == 73 || a == 77 || a == 74 || a == 65 || a == 36 || a == 44 || a == 53 || a == 80 || a == 54 || a == 1 || a == 18 || a == 59 || a == 81): null

16-10-2024T08:48:08 - [TEST_STEP][PASSED] - path = dataFolder + "Table Data/" + typeOfData + " за отчётный период " + dzoNum: null

16-10-2024T08:48:08 - [TEST_STEP][PASSED] - println(path): null

16-10-2024T08:48:08 - [TEST_STEP][PASSED] - page = getText(findTestObject(path)): Text of object 'Object Repository/Выполнение бизнес-плана/Значения со страницы Выполнение бизнес-плана/Table Data/План Отпуск в сеть за отчётный период 3' is: '14 755 136'

16-10-2024T08:48:08 - [MESSAGE][PASSED] - Text of object 'Object Repository/Выполнение бизнес-плана/Значения со страницы Выполнение бизнес-плана/Table Data/План Отпуск в сеть за отчётный период 3' is: '14 755 136'

16-10-2024T08:48:08 - [TEST_STEP][PASSED] - page = page.replaceAll("\s+", ""): null

16-10-2024T08:48:08 - [TEST_STEP][PASSED] - fileOtpuskVSet = otpusk.toInteger(): null

16-10-2024T08:48:08 - [TEST_STEP][PASSED] - pageOtpuskVSet = page.toInteger(): null

16-10-2024T08:48:08 - [TEST_STEP][PASSED] - typeOfData = typeOfDataMain + " Потери": null

16-10-2024T08:48:08 - [TEST_STEP][PASSED] - if (a == 82): null

16-10-2024T08:48:08 - [TEST_STEP][PASSED] - else if (a == 84): null

16-10-2024T08:48:08 - [TEST_STEP][PASSED] - else if (a == 52 || a == 72 || a == 28 || a == 73 || a == 77 || a == 74 || a == 65 || a == 36 || a == 44 || a == 53 || a == 80 || a == 54 || a == 1 || a == 18 || a == 59 || a == 81): null

16-10-2024T08:48:08 - [TEST_STEP][PASSED] - path = dataFolder + "Table Data/" + typeOfData + " за отчётный период " + dzoNum: null

16-10-2024T08:48:08 - [TEST_STEP][PASSED] - page = getText(findTestObject(path)): Text of object 'Object Repository/Выполнение бизнес-плана/Значения со страницы Выполнение бизнес-плана/Table Data/План Потери за отчётный период 3' is: '3 567 945'

16-10-2024T08:48:09 - [MESSAGE][PASSED] - Text of object 'Object Repository/Выполнение бизнес-плана/Значения со страницы Выполнение бизнес-плана/Table Data/План Потери за отчётный период 3' is: '3 567 945'

16-10-2024T08:48:09 - [TEST_STEP][PASSED] - page = page.replaceAll("\s+", ""): null

16-10-2024T08:48:09 - [TEST_STEP][PASSED] - filePoteri = poteri.toInteger(): null

16-10-2024T08:48:09 - [TEST_STEP][PASSED] - pagePoteri = page.toInteger(): null

16-10-2024T08:48:09 - [TEST_STEP][PASSED] - compare = pageOtpuskVSet: null

16-10-2024T08:48:09 - [TEST_STEP][PASSED] - if (compare == fileOtpuskVSet): null

16-10-2024T08:48:09 - [TEST_STEP][PASSED] - else if (compare > fileOtpuskVSet): null

16-10-2024T08:48:09 - [TEST_STEP][PASSED] - compare = compare - 1: null

16-10-2024T08:48:09 - [TEST_STEP][PASSED] - if (compare == fileOtpuskVSet): null

16-10-2024T08:48:09 - [TEST_STEP][PASSED] - else: null

16-10-2024T08:48:09 - [TEST_STEP][PASSED] - numberOfErrors = numberOfErrors + 1: null

16-10-2024T08:48:09 - [TEST_STEP][PASSED] - pageInt = pageOtpuskVSet: null

16-10-2024T08:48:09 - [TEST_STEP][PASSED] - fileInt = fileOtpuskVSet: null

16-10-2024T08:48:09 - [TEST_STEP][PASSED] - typeOfData = typeOfDataMain + " Отпуск в сеть": null

16-10-2024T08:48:09 - [TEST_STEP][PASSED] - Script1718980020443.WriteToExcel(a, typeOfData, todaysDate, pageInt, fileInt, pageDouble, fileDouble, dZO): null

16-10-2024T08:48:09 - [TEST_STEP][PASSED] - sheetName = "Sheet1": null

16-10-2024T08:48:09 - [TEST_STEP][PASSED] - data = findTestData("PlanFact"): null

16-10-2024T08:48:09 - [TEST_STEP][PASSED] - n = data.getRowNumbers() + 1: null

16-10-2024T08:48:09 - [TEST_STEP][PASSED] - year = todaysDate.substring(todaysDate.length() - 4, todaysDate.length()): null

16-10-2024T08:48:09 - [TEST_STEP][PASSED] - y = year.toInteger(): null

16-10-2024T08:48:09 - [TEST_STEP][PASSED] - m = getText(findTestObject("Выполнение бизнес-плана/Период")): Text of object 'Object Repository/Выполнение бизнес-плана/Период' is: '1, 2 кв., Июль, Август 2024 года'

16-10-2024T08:48:09 - [MESSAGE][PASSED] - Text of object 'Object Repository/Выполнение бизнес-плана/Период' is: '1, 2 кв., Июль, Август 2024 года'

16-10-2024T08:48:09 - [TEST_STEP][PASSED] - m = m.substring(0, m.indexOf("2024")): null

16-10-2024T08:48:09 - [TEST_STEP][PASSED] - m = m.trim(): null

16-10-2024T08:48:09 - [TEST_STEP][PASSED] - dashboardName = "Выполнение бизнес-плана": null

16-10-2024T08:48:09 - [TEST_STEP][PASSED] - workbook01 = getWorkbook(excelFilePath): null

16-10-2024T08:48:09 - [TEST_STEP][PASSED] - sheet01 = getExcelSheet(workbook01, sheetName): null

16-10-2024T08:48:09 - [TEST_STEP][PASSED] - setValueToCellByIndex(sheet01, n, 0, dashboardName): null

16-10-2024T08:48:09 - [TEST_STEP][PASSED] - setValueToCellByIndex(sheet01, n, 1, dZO): null

16-10-2024T08:48:09 - [TEST_STEP][PASSED] - setValueToCellByIndex(sheet01, n, 2, typeOfData): null

16-10-2024T08:48:09 - [TEST_STEP][PASSED] - if (typeOfData == "Факт в процентах" || typeOfData == "План в процентах"): null

16-10-2024T08:48:09 - [TEST_STEP][PASSED] - else: null

16-10-2024T08:48:09 - [TEST_STEP][PASSED] - setValueToCellByIndex(sheet01, n, 3, fileInt): null

16-10-2024T08:48:09 - [TEST_STEP][PASSED] - setValueToCellByIndex(sheet01, n, 4, pageInt): null

16-10-2024T08:48:09 - [TEST_STEP][PASSED] - setValueToCellByIndex(sheet01, n, 5, m): null

16-10-2024T08:48:09 - [TEST_STEP][PASSED] - setValueToCellByIndex(sheet01, n, 6, y): null

16-10-2024T08:48:09 - [TEST_STEP][PASSED] - setValueToCellByIndex(sheet01, n, 7, todaysDate): null

16-10-2024T08:48:09 - [TEST_STEP][PASSED] - n = n + 1: null

16-10-2024T08:48:09 - [TEST_STEP][PASSED] - saveWorkbook(excelFilePath, workbook01): null

16-10-2024T08:48:09 - [TEST_STEP][PASSED] - compare = pagePoteri: null

16-10-2024T08:48:09 - [TEST_STEP][PASSED] - if (compare == filePoteri): null

16-10-2024T08:48:09 - [TEST_STEP][PASSED] - else if (compare > filePoteri): null

16-10-2024T08:48:09 - [TEST_STEP][PASSED] - compare = compare - 1: null

16-10-2024T08:48:09 - [TEST_STEP][PASSED] - if (compare == filePoteri): null

16-10-2024T08:48:09 - [TEST_STEP][PASSED] - else: null

16-10-2024T08:48:09 - [TEST_STEP][PASSED] - numberOfErrors = numberOfErrors + 1: null

16-10-2024T08:48:09 - [TEST_STEP][PASSED] - pageInt = pagePoteri: null

16-10-2024T08:48:09 - [TEST_STEP][PASSED] - fileInt = filePoteri: null

16-10-2024T08:48:09 - [TEST_STEP][PASSED] - typeOfData = typeOfDataMain + " Потери": null

16-10-2024T08:48:09 - [TEST_STEP][PASSED] - Script1718980020443.WriteToExcel(a, typeOfData, todaysDate, pageInt, fileInt, pageDouble, fileDouble, dZO): null

16-10-2024T08:48:09 - [TEST_STEP][PASSED] - sheetName = "Sheet1": null

16-10-2024T08:48:09 - [TEST_STEP][PASSED] - data = findTestData("PlanFact"): null

16-10-2024T08:48:09 - [TEST_STEP][PASSED] - n = data.getRowNumbers() + 1: null

16-10-2024T08:48:09 - [TEST_STEP][PASSED] - year = todaysDate.substring(todaysDate.length() - 4, todaysDate.length()): null

16-10-2024T08:48:09 - [TEST_STEP][PASSED] - y = year.toInteger(): null

16-10-2024T08:48:09 - [TEST_STEP][PASSED] - m = getText(findTestObject("Выполнение бизнес-плана/Период")): Text of object 'Object Repository/Выполнение бизнес-плана/Период' is: '1, 2 кв., Июль, Август 2024 года'

16-10-2024T08:48:09 - [MESSAGE][PASSED] - Text of object 'Object Repository/Выполнение бизнес-плана/Период' is: '1, 2 кв., Июль, Август 2024 года'

16-10-2024T08:48:09 - [TEST_STEP][PASSED] - m = m.substring(0, m.indexOf("2024")): null

16-10-2024T08:48:09 - [TEST_STEP][PASSED] - m = m.trim(): null

16-10-2024T08:48:09 - [TEST_STEP][PASSED] - dashboardName = "Выполнение бизнес-плана": null

16-10-2024T08:48:09 - [TEST_STEP][PASSED] - workbook01 = getWorkbook(excelFilePath): null

16-10-2024T08:48:10 - [TEST_STEP][PASSED] - sheet01 = getExcelSheet(workbook01, sheetName): null

16-10-2024T08:48:10 - [TEST_STEP][PASSED] - setValueToCellByIndex(sheet01, n, 0, dashboardName): null

16-10-2024T08:48:10 - [TEST_STEP][PASSED] - setValueToCellByIndex(sheet01, n, 1, dZO): null

16-10-2024T08:48:10 - [TEST_STEP][PASSED] - setValueToCellByIndex(sheet01, n, 2, typeOfData): null

16-10-2024T08:48:10 - [TEST_STEP][PASSED] - if (typeOfData == "Факт в процентах" || typeOfData == "План в процентах"): null

16-10-2024T08:48:10 - [TEST_STEP][PASSED] - else: null

16-10-2024T08:48:10 - [TEST_STEP][PASSED] - setValueToCellByIndex(sheet01, n, 3, fileInt): null

16-10-2024T08:48:10 - [TEST_STEP][PASSED] - setValueToCellByIndex(sheet01, n, 4, pageInt): null

16-10-2024T08:48:10 - [TEST_STEP][PASSED] - setValueToCellByIndex(sheet01, n, 5, m): null

16-10-2024T08:48:10 - [TEST_STEP][PASSED] - setValueToCellByIndex(sheet01, n, 6, y): null

16-10-2024T08:48:10 - [TEST_STEP][PASSED] - setValueToCellByIndex(sheet01, n, 7, todaysDate): null

16-10-2024T08:48:10 - [TEST_STEP][PASSED] - n = n + 1: null

16-10-2024T08:48:10 - [TEST_STEP][PASSED] - saveWorkbook(excelFilePath, workbook01): Object: 'Object Repository/Выполнение бизнес-плана/Кнопка Факт' is clicked on

16-10-2024T08:48:10 - [TEST_STEP][PASSED] - if (planFact == 2): Object: 'Object Repository/Выполнение бизнес-плана/Кнопка Факт' is clicked on

16-10-2024T08:48:10 - [TEST_STEP][PASSED] - click(findTestObject("Выполнение бизнес-плана/Кнопка Факт")): Object: 'Object Repository/Выполнение бизнес-плана/Кнопка Факт' is clicked on

16-10-2024T08:48:10 - [MESSAGE][PASSED] - Object: 'Object Repository/Выполнение бизнес-плана/Кнопка Факт' is clicked on

16-10-2024T08:48:10 - [TEST_STEP][PASSED] - if (a == 84 || a == 82): null

16-10-2024T08:48:10 - [TEST_STEP][PASSED] - else if (a == 52 || a == 72 || a == 28 || a == 73 || a == 77 || a == 74 || a == 65 || a == 36 || a == 44 || a == 53 || a == 80 || a == 54 || a == 1 || a == 18 || a == 59 || a == 81): null

16-10-2024T08:48:10 - [TEST_STEP][PASSED] - page1 = getText(findTestObject("Object Repository/Выполнение бизнес-плана/spanPlan" + dzoNum)): Text of object 'Object Repository/Выполнение бизнес-плана/spanPlan3' is: '24.18'

16-10-2024T08:48:10 - [MESSAGE][PASSED] - Text of object 'Object Repository/Выполнение бизнес-плана/spanPlan3' is: '24.18'

16-10-2024T08:48:10 - [TEST_STEP][PASSED] - page1 = page1.replace("|", ""): null

16-10-2024T08:48:10 - [TEST_STEP][PASSED] - page2 = getText(findTestObject("Object Repository/Выполнение бизнес-плана/spanFact" + dzoNum)): Text of object 'Object Repository/Выполнение бизнес-плана/spanFact3' is: '28.15
|'

16-10-2024T08:48:11 - [MESSAGE][PASSED] - Text of object 'Object Repository/Выполнение бизнес-плана/spanFact3' is: '28.15
|'

16-10-2024T08:48:11 - [TEST_STEP][PASSED] - page2 = page2.replace("|", ""): null

16-10-2024T08:48:11 - [TEST_STEP][PASSED] - println("page1: " + page1): null

16-10-2024T08:48:11 - [TEST_STEP][PASSED] - println("page2: " + page2): null

16-10-2024T08:48:11 - [TEST_STEP][PASSED] - file = findTestData("PlanFact").getValue(4, a): null

16-10-2024T08:48:11 - [TEST_STEP][PASSED] - file = file.replace(",", "."): null

16-10-2024T08:48:11 - [TEST_STEP][PASSED] - println("file Plan: " + file): null

16-10-2024T08:48:11 - [TEST_STEP][PASSED] - typeOfData = "План в процентах": null

16-10-2024T08:48:11 - [TEST_STEP][PASSED] - fileDouble = file.toDouble(): null

16-10-2024T08:48:11 - [TEST_STEP][PASSED] - pageDouble = page1.toDouble(): null

16-10-2024T08:48:11 - [TEST_STEP][PASSED] - if (fileDouble != pageDouble): null

16-10-2024T08:48:11 - [TEST_STEP][PASSED] - numberOfErrors = numberOfErrors + 1: null

16-10-2024T08:48:11 - [TEST_STEP][PASSED] - Script1718980020443.WriteToExcel(a, typeOfData, todaysDate, pageInt, fileInt, pageDouble, fileDouble, dZO): null

16-10-2024T08:48:11 - [TEST_STEP][PASSED] - sheetName = "Sheet1": null

16-10-2024T08:48:11 - [TEST_STEP][PASSED] - data = findTestData("PlanFact"): null

16-10-2024T08:48:11 - [TEST_STEP][PASSED] - n = data.getRowNumbers() + 1: null

16-10-2024T08:48:11 - [TEST_STEP][PASSED] - year = todaysDate.substring(todaysDate.length() - 4, todaysDate.length()): null

16-10-2024T08:48:11 - [TEST_STEP][PASSED] - y = year.toInteger(): null

16-10-2024T08:48:11 - [TEST_STEP][PASSED] - m = getText(findTestObject("Выполнение бизнес-плана/Период")): Text of object 'Object Repository/Выполнение бизнес-плана/Период' is: '1, 2 кв., Июль, Август 2024 года'

16-10-2024T08:48:11 - [MESSAGE][PASSED] - Text of object 'Object Repository/Выполнение бизнес-плана/Период' is: '1, 2 кв., Июль, Август 2024 года'

16-10-2024T08:48:11 - [TEST_STEP][PASSED] - m = m.substring(0, m.indexOf("2024")): null

16-10-2024T08:48:11 - [TEST_STEP][PASSED] - m = m.trim(): null

16-10-2024T08:48:11 - [TEST_STEP][PASSED] - dashboardName = "Выполнение бизнес-плана": null

16-10-2024T08:48:11 - [TEST_STEP][PASSED] - workbook01 = getWorkbook(excelFilePath): null

16-10-2024T08:48:11 - [TEST_STEP][PASSED] - sheet01 = getExcelSheet(workbook01, sheetName): null

16-10-2024T08:48:11 - [TEST_STEP][PASSED] - setValueToCellByIndex(sheet01, n, 0, dashboardName): null

16-10-2024T08:48:11 - [TEST_STEP][PASSED] - setValueToCellByIndex(sheet01, n, 1, dZO): null

16-10-2024T08:48:11 - [TEST_STEP][PASSED] - setValueToCellByIndex(sheet01, n, 2, typeOfData): null

16-10-2024T08:48:11 - [TEST_STEP][PASSED] - if (typeOfData == "Факт в процентах" || typeOfData == "План в процентах"): null

16-10-2024T08:48:11 - [TEST_STEP][PASSED] - setValueToCellByIndex(sheet01, n, 3, fileDouble): null

16-10-2024T08:48:11 - [TEST_STEP][PASSED] - setValueToCellByIndex(sheet01, n, 4, pageDouble): null

16-10-2024T08:48:11 - [TEST_STEP][PASSED] - setValueToCellByIndex(sheet01, n, 5, m): null

16-10-2024T08:48:11 - [TEST_STEP][PASSED] - setValueToCellByIndex(sheet01, n, 6, y): null

16-10-2024T08:48:11 - [TEST_STEP][PASSED] - setValueToCellByIndex(sheet01, n, 7, todaysDate): null

16-10-2024T08:48:11 - [TEST_STEP][PASSED] - n = n + 1: null

16-10-2024T08:48:11 - [TEST_STEP][PASSED] - saveWorkbook(excelFilePath, workbook01): null

16-10-2024T08:48:11 - [TEST_STEP][PASSED] - file = findTestData("PlanFact").getValue(7, a): null

16-10-2024T08:48:11 - [TEST_STEP][PASSED] - file = file.replace(",", "."): null

16-10-2024T08:48:11 - [TEST_STEP][PASSED] - println("file Fact: " + file): null

16-10-2024T08:48:11 - [TEST_STEP][PASSED] - fileDouble = file.toDouble(): null

16-10-2024T08:48:11 - [TEST_STEP][PASSED] - typeOfData = "Факт в процентах": null

16-10-2024T08:48:11 - [TEST_STEP][PASSED] - fileDouble = file.toDouble(): null

16-10-2024T08:48:11 - [TEST_STEP][PASSED] - pageDouble = page2.toDouble(): null

16-10-2024T08:48:11 - [TEST_STEP][PASSED] - if (fileDouble != pageDouble): null

16-10-2024T08:48:11 - [TEST_STEP][PASSED] - numberOfErrors = numberOfErrors + 1: null

16-10-2024T08:48:11 - [TEST_STEP][PASSED] - Script1718980020443.WriteToExcel(a, typeOfData, todaysDate, pageInt, fileInt, pageDouble, fileDouble, dZO): null

16-10-2024T08:48:11 - [TEST_STEP][PASSED] - sheetName = "Sheet1": null

16-10-2024T08:48:11 - [TEST_STEP][PASSED] - data = findTestData("PlanFact"): null

16-10-2024T08:48:11 - [TEST_STEP][PASSED] - n = data.getRowNumbers() + 1: null

16-10-2024T08:48:11 - [TEST_STEP][PASSED] - year = todaysDate.substring(todaysDate.length() - 4, todaysDate.length()): null

16-10-2024T08:48:11 - [TEST_STEP][PASSED] - y = year.toInteger(): null

16-10-2024T08:48:11 - [TEST_STEP][PASSED] - m = getText(findTestObject("Выполнение бизнес-плана/Период")): Text of object 'Object Repository/Выполнение бизнес-плана/Период' is: '1, 2 кв., Июль, Август 2024 года'

16-10-2024T08:48:12 - [MESSAGE][PASSED] - Text of object 'Object Repository/Выполнение бизнес-плана/Период' is: '1, 2 кв., Июль, Август 2024 года'

16-10-2024T08:48:12 - [TEST_STEP][PASSED] - m = m.substring(0, m.indexOf("2024")): null

16-10-2024T08:48:12 - [TEST_STEP][PASSED] - m = m.trim(): null

16-10-2024T08:48:12 - [TEST_STEP][PASSED] - dashboardName = "Выполнение бизнес-плана": null

16-10-2024T08:48:12 - [TEST_STEP][PASSED] - workbook01 = getWorkbook(excelFilePath): null

16-10-2024T08:48:12 - [TEST_STEP][PASSED] - sheet01 = getExcelSheet(workbook01, sheetName): null

16-10-2024T08:48:12 - [TEST_STEP][PASSED] - setValueToCellByIndex(sheet01, n, 0, dashboardName): null

16-10-2024T08:48:12 - [TEST_STEP][PASSED] - setValueToCellByIndex(sheet01, n, 1, dZO): null

16-10-2024T08:48:12 - [TEST_STEP][PASSED] - setValueToCellByIndex(sheet01, n, 2, typeOfData): null

16-10-2024T08:48:12 - [TEST_STEP][PASSED] - if (typeOfData == "Факт в процентах" || typeOfData == "План в процентах"): null

16-10-2024T08:48:12 - [TEST_STEP][PASSED] - setValueToCellByIndex(sheet01, n, 3, fileDouble): null

16-10-2024T08:48:12 - [TEST_STEP][PASSED] - setValueToCellByIndex(sheet01, n, 4, pageDouble): null

16-10-2024T08:48:12 - [TEST_STEP][PASSED] - setValueToCellByIndex(sheet01, n, 5, m): null

16-10-2024T08:48:12 - [TEST_STEP][PASSED] - setValueToCellByIndex(sheet01, n, 6, y): null

16-10-2024T08:48:12 - [TEST_STEP][PASSED] - setValueToCellByIndex(sheet01, n, 7, todaysDate): null

16-10-2024T08:48:12 - [TEST_STEP][PASSED] - n = n + 1: null

16-10-2024T08:48:12 - [TEST_STEP][PASSED] - saveWorkbook(excelFilePath, workbook01): null

16-10-2024T08:48:12 - [TEST_STEP][FAILED] - if (verifyEqual(numberOfErrors, 0) == false): null

16-10-2024T08:48:12 - [MESSAGE][FAILED] - Unable to verify equal between actual object '6' and expected object '0' (Root cause: com.kms.katalon.core.exception.StepFailedException: Actual object '6' and expected object '0' are not equal
	at com.kms.katalon.core.keyword.builtin.VerifyEqualKeyword$_verifyEqual_closure1.doCall(VerifyEqualKeyword.groovy:58)
	at com.kms.katalon.core.keyword.builtin.VerifyEqualKeyword$_verifyEqual_closure1.call(VerifyEqualKeyword.groovy)
	at com.kms.katalon.core.keyword.internal.KeywordMain.runKeyword(KeywordMain.groovy:75)
	at com.kms.katalon.core.keyword.builtin.VerifyEqualKeyword.verifyEqual(VerifyEqualKeyword.groovy:63)
	at com.kms.katalon.core.keyword.builtin.VerifyEqualKeyword.execute(VerifyEqualKeyword.groovy:44)
	at com.kms.katalon.core.keyword.internal.KeywordExecutor.executeKeywordForPlatform(KeywordExecutor.groovy:74)
	at com.kms.katalon.core.keyword.BuiltinKeywords.verifyEqual(BuiltinKeywords.groovy:146)
	at java.base/jdk.internal.reflect.NativeMethodAccessorImpl.invoke0(Native Method)
	at java.base/jdk.internal.reflect.NativeMethodAccessorImpl.invoke(NativeMethodAccessorImpl.java:77)
	at java.base/jdk.internal.reflect.DelegatingMethodAccessorImpl.invoke(DelegatingMethodAccessorImpl.java:43)
	at Выполнение бизнес-плана Сверка ПАО Россети все филиалы.Numbers(Выполнение бизнес-плана Сверка ПАО Россети все филиалы:749)
	at Выполнение бизнес-плана Сверка ПАО Россети все филиалы.run(Выполнение бизнес-плана Сверка ПАО Россети все филиалы:313)
	at com.kms.katalon.core.main.ScriptEngine.run(ScriptEngine.java:194)
	at com.kms.katalon.core.main.ScriptEngine.runScriptAsRawText(ScriptEngine.java:119)
	at com.kms.katalon.core.main.TestCaseExecutor.runScript(TestCaseExecutor.java:448)
	at com.kms.katalon.core.main.TestCaseExecutor.doExecute(TestCaseExecutor.java:439)
	at com.kms.katalon.core.main.TestCaseExecutor.processExecutionPhase(TestCaseExecutor.java:418)
	at com.kms.katalon.core.main.TestCaseExecutor.accessMainPhase(TestCaseExecutor.java:410)
	at com.kms.katalon.core.main.TestCaseExecutor.execute(TestCaseExecutor.java:285)
	at com.kms.katalon.core.common.CommonExecutor.accessTestCaseMainPhase(CommonExecutor.java:65)
	at com.kms.katalon.core.main.TestSuiteExecutor.accessTestSuiteMainPhase(TestSuiteExecutor.java:150)
	at com.kms.katalon.core.main.TestSuiteExecutor.execute(TestSuiteExecutor.java:106)
	at com.kms.katalon.core.main.TestCaseMain.startTestSuite(TestCaseMain.java:180)
	at TempTestSuite1729057289574.run(TempTestSuite1729057289574.groovy:35)
	at java.base/jdk.internal.reflect.NativeMethodAccessorImpl.invoke0(Native Method)
	at java.base/jdk.internal.reflect.NativeMethodAccessorImpl.invoke(NativeMethodAccessorImpl.java:77)
	at java.base/jdk.internal.reflect.DelegatingMethodAccessorImpl.invoke(DelegatingMethodAccessorImpl.java:43)
)

16-10-2024T08:48:12 - [TEST_STEP][PASSED] - println(numberOfErrors): null

16-10-2024T08:48:12 - [TEST_STEP][PASSED] - if (a == 28 || a == 77 || a == 74 || a == 65 || a == 36 || a == 44 || a == 54 || a == 1 || a == 18 || a == 59): null

16-10-2024T08:48:12 - [TEST_STEP][PASSED] - Script1718980020443.Filials(a, typeOfData, todaysDate, pageInt, fileInt, pageDouble, fileDouble, dZO, dzoNum, filialNum): null

16-10-2024T08:48:12 - [TEST_STEP][PASSED] - i = <not implemented yet for class: org.codehaus.groovy.ast.expr.EmptyExpression>: null

16-10-2024T08:48:12 - [TEST_STEP][PASSED] - c = <not implemented yet for class: org.codehaus.groovy.ast.expr.EmptyExpression>: null

16-10-2024T08:48:12 - [TEST_STEP][PASSED] - page = <not implemented yet for class: org.codehaus.groovy.ast.expr.EmptyExpression>: null

16-10-2024T08:48:12 - [TEST_STEP][PASSED] - println(dZO): null

16-10-2024T08:48:12 - [TEST_STEP][PASSED] - reducedDZO = dZO.substring(0, 13): null

16-10-2024T08:48:12 - [TEST_STEP][PASSED] - println(reducedDZO): null

16-10-2024T08:48:12 - [TEST_STEP][PASSED] - dzoCut = <not implemented yet for class: org.codehaus.groovy.ast.expr.EmptyExpression>: null

16-10-2024T08:48:12 - [TEST_STEP][PASSED] - Script1718980020443.DZO(a): null

16-10-2024T08:48:12 - [TEST_STEP][PASSED] - Script1718980020443.OpenFilter(): null

16-10-2024T08:48:12 - [TEST_STEP][PASSED] - click(findTestObject("Object Repository/Выполнение бизнес-плана/Фильтр ДЗО")): Object: 'Object Repository/Выполнение бизнес-плана/Фильтр ДЗО' is clicked on

16-10-2024T08:48:12 - [MESSAGE][PASSED] - Object: 'Object Repository/Выполнение бизнес-плана/Фильтр ДЗО' is clicked on

16-10-2024T08:48:12 - [TEST_STEP][PASSED] - click(findTestObject("Выполнение бизнес-плана/Снять выделение в фильтре ДЗО")): Object: 'Object Repository/Выполнение бизнес-плана/Снять выделение в фильтре ДЗО' is clicked on

16-10-2024T08:48:13 - [MESSAGE][PASSED] - Object: 'Object Repository/Выполнение бизнес-плана/Снять выделение в фильтре ДЗО' is clicked on

16-10-2024T08:48:13 - [TEST_STEP][PASSED] - Script1718980020443.OpenRSK(): null

16-10-2024T08:48:13 - [TEST_STEP][PASSED] - click(findTestObject("Выполнение бизнес-плана/Раскрыть список ПАО Россети в фильтре ДЗО")): Object: 'Object Repository/Выполнение бизнес-плана/Раскрыть список ПАО Россети в фильтре ДЗО' is clicked on

16-10-2024T08:48:13 - [MESSAGE][PASSED] - Object: 'Object Repository/Выполнение бизнес-плана/Раскрыть список ПАО Россети в фильтре ДЗО' is clicked on

16-10-2024T08:48:13 - [TEST_STEP][PASSED] - click(findTestObject("Выполнение бизнес-плана/Раскрыть список РаспредКомплекс в фильтре ДЗО")): Object: 'Object Repository/Выполнение бизнес-плана/Раскрыть список РаспредКомплекс в фильтре ДЗО' is clicked on

16-10-2024T08:48:13 - [MESSAGE][PASSED] - Object: 'Object Repository/Выполнение бизнес-плана/Раскрыть список РаспредКомплекс в фильтре ДЗО' is clicked on

16-10-2024T08:48:13 - [TEST_STEP][PASSED] - if (a == 28): null

16-10-2024T08:48:13 - [TEST_STEP][PASSED] - if (a == 77): null

16-10-2024T08:48:13 - [TEST_STEP][PASSED] - if (a == 74): null

16-10-2024T08:48:13 - [TEST_STEP][PASSED] - if (a == 65): Object: 'Object Repository/Выполнение бизнес-плана/Россети Северный Кавказ' is clicked on

16-10-2024T08:48:13 - [TEST_STEP][PASSED] - scrollToElement(findTestObject("Общие объекты/Раскрыть список Россети Северный кавказ"), 30): Scroll to object 'Object Repository/Общие объекты/Раскрыть список Россети Северный кавказ' successfully

16-10-2024T08:48:14 - [MESSAGE][PASSED] - Scroll to object 'Object Repository/Общие объекты/Раскрыть список Россети Северный кавказ' successfully

16-10-2024T08:48:14 - [TEST_STEP][PASSED] - click(findTestObject("Выполнение бизнес-плана/Россети Северный Кавказ")): Object: 'Object Repository/Выполнение бизнес-плана/Россети Северный Кавказ' is clicked on

16-10-2024T08:48:14 - [MESSAGE][PASSED] - Object: 'Object Repository/Выполнение бизнес-плана/Россети Северный Кавказ' is clicked on

16-10-2024T08:48:14 - [TEST_STEP][PASSED] - if (a == 36): null

16-10-2024T08:48:14 - [TEST_STEP][PASSED] - if (a == 44): null

16-10-2024T08:48:14 - [TEST_STEP][PASSED] - if (a == 54): null

16-10-2024T08:48:14 - [TEST_STEP][PASSED] - if (a == 1): null

16-10-2024T08:48:14 - [TEST_STEP][PASSED] - if (a == 18): null

16-10-2024T08:48:14 - [TEST_STEP][PASSED] - if (a == 59): null

16-10-2024T08:48:14 - [TEST_STEP][PASSED] - Script1718980020443.CloseFilter(): null

16-10-2024T08:48:14 - [TEST_STEP][PASSED] - scrollToElement(findTestObject("Выполнение бизнес-плана/Заголовок дашборда"), 30): Scroll to object 'Object Repository/Выполнение бизнес-плана/Заголовок дашборда' successfully

16-10-2024T08:48:15 - [MESSAGE][PASSED] - Scroll to object 'Object Repository/Выполнение бизнес-плана/Заголовок дашборда' successfully

16-10-2024T08:48:15 - [TEST_STEP][PASSED] - click(findTestObject("Object Repository/Выполнение бизнес-плана/Применить в фильтре ДЗО")): Object: 'Object Repository/Выполнение бизнес-плана/Применить в фильтре ДЗО' is clicked on

16-10-2024T08:48:16 - [MESSAGE][PASSED] - Object: 'Object Repository/Выполнение бизнес-плана/Применить в фильтре ДЗО' is clicked on

16-10-2024T08:48:16 - [TEST_STEP][PASSED] - Script1718980020443.ZakrytOpoveshenie(): null

16-10-2024T08:48:16 - [TEST_STEP][PASSED] - opoveshenie = getText(findTestObject("Выполнение бизнес-плана/Просьба обратить внимание")): Text of object 'Object Repository/Выполнение бизнес-плана/Просьба обратить внимание' is: ''

16-10-2024T08:48:43 - [MESSAGE][PASSED] - Text of object 'Object Repository/Выполнение бизнес-плана/Просьба обратить внимание' is: ''

16-10-2024T08:48:43 - [TEST_STEP][PASSED] - println(opoveshenie): null

16-10-2024T08:48:43 - [TEST_STEP][PASSED] - if (opoveshenie == "Просьба обратить внимание"): null

16-10-2024T08:48:43 - [TEST_STEP][PASSED] - page = getText(findTestObject("Object Repository/Выполнение бизнес-плана/Filials")): Text of object 'Object Repository/Выполнение бизнес-плана/Filials' is: 'Россети Северный Кавказ
0
10
20
30
40
50
60
70'

16-10-2024T08:48:44 - [MESSAGE][PASSED] - Text of object 'Object Repository/Выполнение бизнес-плана/Filials' is: 'Россети Северный Кавказ
0
10
20
30
40
50
60
70'

16-10-2024T08:48:44 - [TEST_STEP][PASSED] - println(page): null

16-10-2024T08:48:44 - [TEST_STEP][PASSED] - c = page.indexOf(reducedDZO): null

16-10-2024T08:48:44 - [TEST_STEP][PASSED] - while (c > -1): null

16-10-2024T08:48:44 - [TEST_STEP][PASSED] - Script1718980020443.OpenFilter(): null

16-10-2024T08:48:44 - [TEST_STEP][PASSED] - click(findTestObject("Object Repository/Выполнение бизнес-плана/Фильтр ДЗО")): Object: 'Object Repository/Выполнение бизнес-плана/Фильтр ДЗО' is clicked on

16-10-2024T08:48:44 - [MESSAGE][PASSED] - Object: 'Object Repository/Выполнение бизнес-плана/Фильтр ДЗО' is clicked on

16-10-2024T08:48:44 - [TEST_STEP][PASSED] - click(findTestObject("Выполнение бизнес-плана/Снять выделение в фильтре ДЗО")): null

16-10-2024T08:48:44 - [MESSAGE][PASSED] - Object: 'Object Repository/Выполнение бизнес-плана/Снять выделение в фильтре ДЗО' is clicked on

16-10-2024T08:48:44 - [TEST_STEP][PASSED] - Script1718980020443.CloseFilter(): null

16-10-2024T08:48:44 - [TEST_STEP][PASSED] - scrollToElement(findTestObject("Выполнение бизнес-плана/Заголовок дашборда"), 30): Scroll to object 'Object Repository/Выполнение бизнес-плана/Заголовок дашборда' successfully

16-10-2024T08:48:45 - [MESSAGE][PASSED] - Scroll to object 'Object Repository/Выполнение бизнес-плана/Заголовок дашборда' successfully

16-10-2024T08:48:45 - [TEST_STEP][PASSED] - click(findTestObject("Object Repository/Выполнение бизнес-плана/Применить в фильтре ДЗО")): null

16-10-2024T08:48:46 - [MESSAGE][PASSED] - Object: 'Object Repository/Выполнение бизнес-плана/Применить в фильтре ДЗО' is clicked on

16-10-2024T08:48:46 - [TEST_STEP][PASSED] - Script1718980020443.DZO(a): null

16-10-2024T08:48:46 - [TEST_STEP][PASSED] - Script1718980020443.OpenFilter(): null

16-10-2024T08:48:46 - [TEST_STEP][PASSED] - click(findTestObject("Object Repository/Выполнение бизнес-плана/Фильтр ДЗО")): Object: 'Object Repository/Выполнение бизнес-плана/Фильтр ДЗО' is clicked on

16-10-2024T08:49:12 - [MESSAGE][PASSED] - Object: 'Object Repository/Выполнение бизнес-плана/Фильтр ДЗО' is clicked on

16-10-2024T08:49:12 - [TEST_STEP][PASSED] - click(findTestObject("Выполнение бизнес-плана/Снять выделение в фильтре ДЗО")): Object: 'Object Repository/Выполнение бизнес-плана/Снять выделение в фильтре ДЗО' is clicked on

16-10-2024T08:49:12 - [MESSAGE][PASSED] - Object: 'Object Repository/Выполнение бизнес-плана/Снять выделение в фильтре ДЗО' is clicked on

16-10-2024T08:49:12 - [TEST_STEP][PASSED] - Script1718980020443.OpenRSK(): null

16-10-2024T08:49:12 - [TEST_STEP][PASSED] - click(findTestObject("Выполнение бизнес-плана/Раскрыть список ПАО Россети в фильтре ДЗО")): Object: 'Object Repository/Выполнение бизнес-плана/Раскрыть список ПАО Россети в фильтре ДЗО' is clicked on

16-10-2024T08:49:12 - [MESSAGE][PASSED] - Object: 'Object Repository/Выполнение бизнес-плана/Раскрыть список ПАО Россети в фильтре ДЗО' is clicked on

16-10-2024T08:49:12 - [TEST_STEP][PASSED] - click(findTestObject("Выполнение бизнес-плана/Раскрыть список РаспредКомплекс в фильтре ДЗО")): Object: 'Object Repository/Выполнение бизнес-плана/Раскрыть список РаспредКомплекс в фильтре ДЗО' is clicked on

16-10-2024T08:49:13 - [MESSAGE][PASSED] - Object: 'Object Repository/Выполнение бизнес-плана/Раскрыть список РаспредКомплекс в фильтре ДЗО' is clicked on

16-10-2024T08:49:13 - [TEST_STEP][PASSED] - if (a == 28): null

16-10-2024T08:49:13 - [TEST_STEP][PASSED] - if (a == 77): null

16-10-2024T08:49:13 - [TEST_STEP][PASSED] - if (a == 74): null

16-10-2024T08:49:13 - [TEST_STEP][PASSED] - if (a == 65): Object: 'Object Repository/Выполнение бизнес-плана/Россети Северный Кавказ' is clicked on

16-10-2024T08:49:13 - [TEST_STEP][PASSED] - scrollToElement(findTestObject("Общие объекты/Раскрыть список Россети Северный кавказ"), 30): Scroll to object 'Object Repository/Общие объекты/Раскрыть список Россети Северный кавказ' successfully

16-10-2024T08:49:13 - [MESSAGE][PASSED] - Scroll to object 'Object Repository/Общие объекты/Раскрыть список Россети Северный кавказ' successfully

16-10-2024T08:49:13 - [TEST_STEP][PASSED] - click(findTestObject("Выполнение бизнес-плана/Россети Северный Кавказ")): Object: 'Object Repository/Выполнение бизнес-плана/Россети Северный Кавказ' is clicked on

16-10-2024T08:49:13 - [MESSAGE][PASSED] - Object: 'Object Repository/Выполнение бизнес-плана/Россети Северный Кавказ' is clicked on

16-10-2024T08:49:13 - [TEST_STEP][PASSED] - if (a == 36): null

16-10-2024T08:49:13 - [TEST_STEP][PASSED] - if (a == 44): null

16-10-2024T08:49:13 - [TEST_STEP][PASSED] - if (a == 54): null

16-10-2024T08:49:13 - [TEST_STEP][PASSED] - if (a == 1): null

16-10-2024T08:49:13 - [TEST_STEP][PASSED] - if (a == 18): null

16-10-2024T08:49:13 - [TEST_STEP][PASSED] - if (a == 59): null

16-10-2024T08:49:13 - [TEST_STEP][PASSED] - Script1718980020443.CloseFilter(): null

16-10-2024T08:49:13 - [TEST_STEP][PASSED] - scrollToElement(findTestObject("Выполнение бизнес-плана/Заголовок дашборда"), 30): Scroll to object 'Object Repository/Выполнение бизнес-плана/Заголовок дашборда' successfully

16-10-2024T08:49:14 - [MESSAGE][PASSED] - Scroll to object 'Object Repository/Выполнение бизнес-плана/Заголовок дашборда' successfully

16-10-2024T08:49:14 - [TEST_STEP][PASSED] - click(findTestObject("Object Repository/Выполнение бизнес-плана/Применить в фильтре ДЗО")): Object: 'Object Repository/Выполнение бизнес-плана/Применить в фильтре ДЗО' is clicked on

16-10-2024T08:49:15 - [MESSAGE][PASSED] - Object: 'Object Repository/Выполнение бизнес-плана/Применить в фильтре ДЗО' is clicked on

16-10-2024T08:49:15 - [TEST_STEP][PASSED] - Script1718980020443.ZakrytOpoveshenie(): null

16-10-2024T08:49:15 - [TEST_STEP][PASSED] - opoveshenie = getText(findTestObject("Выполнение бизнес-плана/Просьба обратить внимание")): Text of object 'Object Repository/Выполнение бизнес-плана/Просьба обратить внимание' is: ''

16-10-2024T08:49:40 - [MESSAGE][PASSED] - Text of object 'Object Repository/Выполнение бизнес-плана/Просьба обратить внимание' is: ''

16-10-2024T08:49:40 - [TEST_STEP][PASSED] - println(opoveshenie): null

16-10-2024T08:49:40 - [TEST_STEP][PASSED] - if (opoveshenie == "Просьба обратить внимание"): Delayed 5 second(s)

16-10-2024T08:49:40 - [TEST_STEP][PASSED] - delay(20): Delayed 20 second(s)

16-10-2024T08:50:00 - [MESSAGE][PASSED] - Delayed 20 second(s)

16-10-2024T08:50:00 - [TEST_STEP][PASSED] - page = getText(findTestObject("Object Repository/Выполнение бизнес-плана/Filials")): Text of object 'Object Repository/Выполнение бизнес-плана/Filials' is: 'Дагэнерго
Ингушэнерго
Каббалкэнерго
Карачаево-Черкесскэнерго
Севкавказэнерго
Ставропольэнерго
0
10
20
30
40
50
60
70'

16-10-2024T08:50:00 - [MESSAGE][PASSED] - Text of object 'Object Repository/Выполнение бизнес-плана/Filials' is: 'Дагэнерго
Ингушэнерго
Каббалкэнерго
Карачаево-Черкесскэнерго
Севкавказэнерго
Ставропольэнерго
0
10
20
30
40
50
60
70'

16-10-2024T08:50:00 - [TEST_STEP][PASSED] - println(page): null

16-10-2024T08:50:01 - [TEST_STEP][PASSED] - c = page.indexOf(reducedDZO): null

16-10-2024T08:50:01 - [TEST_STEP][PASSED] - println("c indexOf(reducedDZO): " + c): null

16-10-2024T08:50:01 - [TEST_STEP][PASSED] - delay(5): Delayed 5 second(s)

16-10-2024T08:50:06 - [MESSAGE][PASSED] - Delayed 5 second(s)

16-10-2024T08:50:06 - [TEST_STEP][PASSED] - x2 = getText(findTestObject("Выполнение бизнес-плана/Список ДЗО старый")): Text of object 'Object Repository/Выполнение бизнес-плана/Список ДЗО старый' is: 'Дагэнерго
Ингушэнерго
Каббалкэнерго
Карачаево-Черкесскэнерго
Севкавказэнерго
Ставропольэнерго
0
10
20
30
40
50
60
70'

16-10-2024T08:50:06 - [MESSAGE][PASSED] - Text of object 'Object Repository/Выполнение бизнес-плана/Список ДЗО старый' is: 'Дагэнерго
Ингушэнерго
Каббалкэнерго
Карачаево-Черкесскэнерго
Севкавказэнерго
Ставропольэнерго
0
10
20
30
40
50
60
70'

16-10-2024T08:50:06 - [TEST_STEP][PASSED] - if (a == 28): null

16-10-2024T08:50:06 - [TEST_STEP][PASSED] - if (a == 77): null

16-10-2024T08:50:06 - [TEST_STEP][PASSED] - if (a == 74): null

16-10-2024T08:50:06 - [TEST_STEP][PASSED] - if (a == 65): null

16-10-2024T08:50:06 - [TEST_STEP][PASSED] - dZO = "Дагэнерго": null

16-10-2024T08:50:06 - [TEST_STEP][PASSED] - a = 71: null

16-10-2024T08:50:06 - [TEST_STEP][PASSED] - if (x2.contains(dZO)): null

16-10-2024T08:50:06 - [TEST_STEP][PASSED] - filialNum = filialNum + 1: null

16-10-2024T08:50:06 - [TEST_STEP][PASSED] - Script1718980020443.Numbers(a, typeOfData, todaysDate, pageInt, fileInt, pageDouble, fileDouble, dZO, dzoNum, filialNum): null

16-10-2024T08:50:06 - [TEST_STEP][PASSED] - println(dzoNum): null

16-10-2024T08:50:06 - [TEST_STEP][PASSED] - planFact = <not implemented yet for class: org.codehaus.groovy.ast.expr.EmptyExpression>: null

16-10-2024T08:50:06 - [TEST_STEP][PASSED] - page = <not implemented yet for class: org.codehaus.groovy.ast.expr.EmptyExpression>: null

16-10-2024T08:50:06 - [TEST_STEP][PASSED] - page1 = <not implemented yet for class: org.codehaus.groovy.ast.expr.EmptyExpression>: null

16-10-2024T08:50:06 - [TEST_STEP][PASSED] - page2 = <not implemented yet for class: org.codehaus.groovy.ast.expr.EmptyExpression>: null

16-10-2024T08:50:06 - [TEST_STEP][PASSED] - filialNumberInRow = <not implemented yet for class: org.codehaus.groovy.ast.expr.EmptyExpression>: null

16-10-2024T08:50:06 - [TEST_STEP][PASSED] - filialsDzoNames = <not implemented yet for class: org.codehaus.groovy.ast.expr.EmptyExpression>: null

16-10-2024T08:50:06 - [TEST_STEP][PASSED] - numberOfFilials = <not implemented yet for class: org.codehaus.groovy.ast.expr.EmptyExpression>: null

16-10-2024T08:50:06 - [TEST_STEP][PASSED] - numberOfSpaces = <not implemented yet for class: org.codehaus.groovy.ast.expr.EmptyExpression>: null

16-10-2024T08:50:06 - [TEST_STEP][PASSED] - file = <not implemented yet for class: org.codehaus.groovy.ast.expr.EmptyExpression>: null

16-10-2024T08:50:06 - [TEST_STEP][PASSED] - otpusk = <not implemented yet for class: org.codehaus.groovy.ast.expr.EmptyExpression>: null

16-10-2024T08:50:06 - [TEST_STEP][PASSED] - poteri = <not implemented yet for class: org.codehaus.groovy.ast.expr.EmptyExpression>: null

16-10-2024T08:50:06 - [TEST_STEP][PASSED] - dataFolder = "Выполнение бизнес-плана/Значения со страницы Выполнение бизнес-плана/": null

16-10-2024T08:50:06 - [TEST_STEP][PASSED] - path = <not implemented yet for class: org.codehaus.groovy.ast.expr.EmptyExpression>: null

16-10-2024T08:50:06 - [TEST_STEP][PASSED] - typeOfDataMain = <not implemented yet for class: org.codehaus.groovy.ast.expr.EmptyExpression>: null

16-10-2024T08:50:06 - [TEST_STEP][PASSED] - fileOtpuskVSet = <not implemented yet for class: org.codehaus.groovy.ast.expr.EmptyExpression>: null

16-10-2024T08:50:06 - [TEST_STEP][PASSED] - pageOtpuskVSet = <not implemented yet for class: org.codehaus.groovy.ast.expr.EmptyExpression>: null

16-10-2024T08:50:06 - [TEST_STEP][PASSED] - filePoteri = <not implemented yet for class: org.codehaus.groovy.ast.expr.EmptyExpression>: null

16-10-2024T08:50:06 - [TEST_STEP][PASSED] - pagePoteri = <not implemented yet for class: org.codehaus.groovy.ast.expr.EmptyExpression>: null

16-10-2024T08:50:06 - [TEST_STEP][PASSED] - compare = <not implemented yet for class: org.codehaus.groovy.ast.expr.EmptyExpression>: null

16-10-2024T08:50:06 - [TEST_STEP][PASSED] - b = <not implemented yet for class: org.codehaus.groovy.ast.expr.EmptyExpression>: null

16-10-2024T08:50:06 - [TEST_STEP][PASSED] - i = <not implemented yet for class: org.codehaus.groovy.ast.expr.EmptyExpression>: null

16-10-2024T08:50:06 - [TEST_STEP][PASSED] - ii = <not implemented yet for class: org.codehaus.groovy.ast.expr.EmptyExpression>: null

16-10-2024T08:50:06 - [TEST_STEP][PASSED] - c = <not implemented yet for class: org.codehaus.groovy.ast.expr.EmptyExpression>: null

16-10-2024T08:50:06 - [TEST_STEP][PASSED] - numberOfErrors = 0: null

16-10-2024T08:50:06 - [TEST_STEP][PASSED] - if (a == 82): null

16-10-2024T08:50:06 - [TEST_STEP][PASSED] - b = findTestData("PlanFact").getValue(1, a): null

16-10-2024T08:50:06 - [TEST_STEP][PASSED] - i = b.indexOf(" (ГК)"): null

16-10-2024T08:50:06 - [TEST_STEP][PASSED] - if (i > -1): null

16-10-2024T08:50:06 - [TEST_STEP][PASSED] - i = b.indexOf("О ""): null

16-10-2024T08:50:06 - [TEST_STEP][PASSED] - if (i > -1): null

16-10-2024T08:50:06 - [TEST_STEP][PASSED] - i = b.indexOf("О «"): null

16-10-2024T08:50:06 - [TEST_STEP][PASSED] - if (i > -1): null

16-10-2024T08:50:06 - [TEST_STEP][PASSED] - i = b.indexOf("г. "): null

16-10-2024T08:50:06 - [TEST_STEP][PASSED] - if (i > -1): null

16-10-2024T08:50:06 - [TEST_STEP][PASSED] - println(b): null

16-10-2024T08:50:06 - [TEST_STEP][PASSED] - for ([planFact = 1, planFact < 3, (planFact++)]): null

16-10-2024T08:50:06 - [TEST_STEP][PASSED] - if (planFact == 1): null

16-10-2024T08:50:06 - [TEST_STEP][PASSED] - typeOfDataMain = "Факт": null

16-10-2024T08:50:06 - [TEST_STEP][PASSED] - otpusk = findTestData("PlanFact").getValue(5, a): null

16-10-2024T08:50:06 - [TEST_STEP][PASSED] - poteri = findTestData("PlanFact").getValue(6, a): null

16-10-2024T08:50:06 - [TEST_STEP][PASSED] - otpusk = otpusk.replaceAll("\s+", ""): null

16-10-2024T08:50:06 - [TEST_STEP][PASSED] - poteri = poteri.replaceAll("\s+", ""): null

16-10-2024T08:50:06 - [TEST_STEP][PASSED] - typeOfData = typeOfDataMain + " Отпуск в сеть": null

16-10-2024T08:50:06 - [TEST_STEP][PASSED] - if (a == 82): null

16-10-2024T08:50:06 - [TEST_STEP][PASSED] - else if (a == 84): null

16-10-2024T08:50:06 - [TEST_STEP][PASSED] - else if (a == 52 || a == 72 || a == 28 || a == 73 || a == 77 || a == 74 || a == 65 || a == 36 || a == 44 || a == 53 || a == 80 || a == 54 || a == 1 || a == 18 || a == 59 || a == 81): null

16-10-2024T08:50:06 - [TEST_STEP][PASSED] - else: null

16-10-2024T08:50:06 - [TEST_STEP][PASSED] - path = dataFolder + typeOfData + " за отчётный период " + b: null

16-10-2024T08:50:06 - [TEST_STEP][PASSED] - println(path): null

16-10-2024T08:50:06 - [TEST_STEP][PASSED] - page = getText(findTestObject(path)): Text of object 'Object Repository/Выполнение бизнес-плана/Значения со страницы Выполнение бизнес-плана/Факт Отпуск в сеть за отчётный период Дагэнерго' is: '6 037 403'

16-10-2024T08:50:06 - [MESSAGE][PASSED] - Text of object 'Object Repository/Выполнение бизнес-плана/Значения со страницы Выполнение бизнес-плана/Факт Отпуск в сеть за отчётный период Дагэнерго' is: '6 037 403'

16-10-2024T08:50:06 - [TEST_STEP][PASSED] - page = page.replaceAll("\s+", ""): null

16-10-2024T08:50:06 - [TEST_STEP][PASSED] - fileOtpuskVSet = otpusk.toInteger(): null

16-10-2024T08:50:06 - [TEST_STEP][PASSED] - pageOtpuskVSet = page.toInteger(): null

16-10-2024T08:50:06 - [TEST_STEP][PASSED] - typeOfData = typeOfDataMain + " Потери": null

16-10-2024T08:50:06 - [TEST_STEP][PASSED] - if (a == 82): null

16-10-2024T08:50:06 - [TEST_STEP][PASSED] - else if (a == 84): null

16-10-2024T08:50:06 - [TEST_STEP][PASSED] - else if (a == 52 || a == 72 || a == 28 || a == 73 || a == 77 || a == 74 || a == 65 || a == 36 || a == 44 || a == 53 || a == 80 || a == 54 || a == 1 || a == 18 || a == 59 || a == 81): null

16-10-2024T08:50:06 - [TEST_STEP][PASSED] - else: null

16-10-2024T08:50:06 - [TEST_STEP][PASSED] - path = dataFolder + typeOfData + " за отчётный период " + b: null

16-10-2024T08:50:06 - [TEST_STEP][PASSED] - page = getText(findTestObject(path)): Text of object 'Object Repository/Выполнение бизнес-плана/Значения со страницы Выполнение бизнес-плана/Факт Потери за отчётный период Дагэнерго' is: '2 937 983'

16-10-2024T08:50:07 - [MESSAGE][PASSED] - Text of object 'Object Repository/Выполнение бизнес-плана/Значения со страницы Выполнение бизнес-плана/Факт Потери за отчётный период Дагэнерго' is: '2 937 983'

16-10-2024T08:50:07 - [TEST_STEP][PASSED] - page = page.replaceAll("\s+", ""): null

16-10-2024T08:50:07 - [TEST_STEP][PASSED] - filePoteri = poteri.toInteger(): null

16-10-2024T08:50:07 - [TEST_STEP][PASSED] - pagePoteri = page.toInteger(): null

16-10-2024T08:50:07 - [TEST_STEP][PASSED] - compare = pageOtpuskVSet: null

16-10-2024T08:50:07 - [TEST_STEP][PASSED] - if (compare == fileOtpuskVSet): null

16-10-2024T08:50:07 - [TEST_STEP][PASSED] - else if (compare > fileOtpuskVSet): null

16-10-2024T08:50:07 - [TEST_STEP][PASSED] - compare = compare - 1: null

16-10-2024T08:50:07 - [TEST_STEP][PASSED] - if (compare == fileOtpuskVSet): null

16-10-2024T08:50:07 - [TEST_STEP][PASSED] - else: null

16-10-2024T08:50:07 - [TEST_STEP][PASSED] - numberOfErrors = numberOfErrors + 1: null

16-10-2024T08:50:07 - [TEST_STEP][PASSED] - pageInt = pageOtpuskVSet: null

16-10-2024T08:50:07 - [TEST_STEP][PASSED] - fileInt = fileOtpuskVSet: null

16-10-2024T08:50:07 - [TEST_STEP][PASSED] - typeOfData = typeOfDataMain + " Отпуск в сеть": null

16-10-2024T08:50:07 - [TEST_STEP][PASSED] - Script1718980020443.WriteToExcel(a, typeOfData, todaysDate, pageInt, fileInt, pageDouble, fileDouble, dZO): null

16-10-2024T08:50:07 - [TEST_STEP][PASSED] - sheetName = "Sheet1": null

16-10-2024T08:50:07 - [TEST_STEP][PASSED] - data = findTestData("PlanFact"): null

16-10-2024T08:50:07 - [TEST_STEP][PASSED] - n = data.getRowNumbers() + 1: null

16-10-2024T08:50:07 - [TEST_STEP][PASSED] - year = todaysDate.substring(todaysDate.length() - 4, todaysDate.length()): null

16-10-2024T08:50:07 - [TEST_STEP][PASSED] - y = year.toInteger(): null

16-10-2024T08:50:07 - [TEST_STEP][PASSED] - m = getText(findTestObject("Выполнение бизнес-плана/Период")): Text of object 'Object Repository/Выполнение бизнес-плана/Период' is: '1, 2 кв., Июль, Август 2024 года'

16-10-2024T08:50:07 - [MESSAGE][PASSED] - Text of object 'Object Repository/Выполнение бизнес-плана/Период' is: '1, 2 кв., Июль, Август 2024 года'

16-10-2024T08:50:07 - [TEST_STEP][PASSED] - m = m.substring(0, m.indexOf("2024")): null

16-10-2024T08:50:07 - [TEST_STEP][PASSED] - m = m.trim(): null

16-10-2024T08:50:07 - [TEST_STEP][PASSED] - dashboardName = "Выполнение бизнес-плана": null

16-10-2024T08:50:07 - [TEST_STEP][PASSED] - workbook01 = getWorkbook(excelFilePath): null

16-10-2024T08:50:07 - [TEST_STEP][PASSED] - sheet01 = getExcelSheet(workbook01, sheetName): null

16-10-2024T08:50:07 - [TEST_STEP][PASSED] - setValueToCellByIndex(sheet01, n, 0, dashboardName): null

16-10-2024T08:50:07 - [TEST_STEP][PASSED] - setValueToCellByIndex(sheet01, n, 1, dZO): null

16-10-2024T08:50:07 - [TEST_STEP][PASSED] - setValueToCellByIndex(sheet01, n, 2, typeOfData): null

16-10-2024T08:50:07 - [TEST_STEP][PASSED] - if (typeOfData == "Факт в процентах" || typeOfData == "План в процентах"): null

16-10-2024T08:50:07 - [TEST_STEP][PASSED] - else: null

16-10-2024T08:50:07 - [TEST_STEP][PASSED] - setValueToCellByIndex(sheet01, n, 3, fileInt): null

16-10-2024T08:50:07 - [TEST_STEP][PASSED] - setValueToCellByIndex(sheet01, n, 4, pageInt): null

16-10-2024T08:50:07 - [TEST_STEP][PASSED] - setValueToCellByIndex(sheet01, n, 5, m): null

16-10-2024T08:50:07 - [TEST_STEP][PASSED] - setValueToCellByIndex(sheet01, n, 6, y): null

16-10-2024T08:50:07 - [TEST_STEP][PASSED] - setValueToCellByIndex(sheet01, n, 7, todaysDate): null

16-10-2024T08:50:07 - [TEST_STEP][PASSED] - n = n + 1: null

16-10-2024T08:50:07 - [TEST_STEP][PASSED] - saveWorkbook(excelFilePath, workbook01): null

16-10-2024T08:50:07 - [TEST_STEP][PASSED] - compare = pagePoteri: null

16-10-2024T08:50:07 - [TEST_STEP][PASSED] - if (compare == filePoteri): null

16-10-2024T08:50:07 - [TEST_STEP][PASSED] - else if (compare > filePoteri): null

16-10-2024T08:50:07 - [TEST_STEP][PASSED] - compare = compare - 1: null

16-10-2024T08:50:07 - [TEST_STEP][PASSED] - if (compare == filePoteri): null

16-10-2024T08:50:07 - [TEST_STEP][PASSED] - else: null

16-10-2024T08:50:07 - [TEST_STEP][PASSED] - numberOfErrors = numberOfErrors + 1: null

16-10-2024T08:50:07 - [TEST_STEP][PASSED] - pageInt = pagePoteri: null

16-10-2024T08:50:07 - [TEST_STEP][PASSED] - fileInt = filePoteri: null

16-10-2024T08:50:07 - [TEST_STEP][PASSED] - typeOfData = typeOfDataMain + " Потери": null

16-10-2024T08:50:07 - [TEST_STEP][PASSED] - Script1718980020443.WriteToExcel(a, typeOfData, todaysDate, pageInt, fileInt, pageDouble, fileDouble, dZO): null

16-10-2024T08:50:07 - [TEST_STEP][PASSED] - sheetName = "Sheet1": null

16-10-2024T08:50:07 - [TEST_STEP][PASSED] - data = findTestData("PlanFact"): null

16-10-2024T08:50:07 - [TEST_STEP][PASSED] - n = data.getRowNumbers() + 1: null

16-10-2024T08:50:07 - [TEST_STEP][PASSED] - year = todaysDate.substring(todaysDate.length() - 4, todaysDate.length()): null

16-10-2024T08:50:07 - [TEST_STEP][PASSED] - y = year.toInteger(): null

16-10-2024T08:50:07 - [TEST_STEP][PASSED] - m = getText(findTestObject("Выполнение бизнес-плана/Период")): Text of object 'Object Repository/Выполнение бизнес-плана/Период' is: '1, 2 кв., Июль, Август 2024 года'

16-10-2024T08:50:08 - [MESSAGE][PASSED] - Text of object 'Object Repository/Выполнение бизнес-плана/Период' is: '1, 2 кв., Июль, Август 2024 года'

16-10-2024T08:50:08 - [TEST_STEP][PASSED] - m = m.substring(0, m.indexOf("2024")): null

16-10-2024T08:50:08 - [TEST_STEP][PASSED] - m = m.trim(): null

16-10-2024T08:50:08 - [TEST_STEP][PASSED] - dashboardName = "Выполнение бизнес-плана": null

16-10-2024T08:50:08 - [TEST_STEP][PASSED] - workbook01 = getWorkbook(excelFilePath): null

16-10-2024T08:50:08 - [TEST_STEP][PASSED] - sheet01 = getExcelSheet(workbook01, sheetName): null

16-10-2024T08:50:08 - [TEST_STEP][PASSED] - setValueToCellByIndex(sheet01, n, 0, dashboardName): null

16-10-2024T08:50:08 - [TEST_STEP][PASSED] - setValueToCellByIndex(sheet01, n, 1, dZO): null

16-10-2024T08:50:08 - [TEST_STEP][PASSED] - setValueToCellByIndex(sheet01, n, 2, typeOfData): null

16-10-2024T08:50:08 - [TEST_STEP][PASSED] - if (typeOfData == "Факт в процентах" || typeOfData == "План в процентах"): null

16-10-2024T08:50:08 - [TEST_STEP][PASSED] - else: null

16-10-2024T08:50:08 - [TEST_STEP][PASSED] - setValueToCellByIndex(sheet01, n, 3, fileInt): null

16-10-2024T08:50:08 - [TEST_STEP][PASSED] - setValueToCellByIndex(sheet01, n, 4, pageInt): null

16-10-2024T08:50:08 - [TEST_STEP][PASSED] - setValueToCellByIndex(sheet01, n, 5, m): null

16-10-2024T08:50:08 - [TEST_STEP][PASSED] - setValueToCellByIndex(sheet01, n, 6, y): null

16-10-2024T08:50:08 - [TEST_STEP][PASSED] - setValueToCellByIndex(sheet01, n, 7, todaysDate): null

16-10-2024T08:50:08 - [TEST_STEP][PASSED] - n = n + 1: null

16-10-2024T08:50:08 - [TEST_STEP][PASSED] - saveWorkbook(excelFilePath, workbook01): null

16-10-2024T08:50:08 - [TEST_STEP][PASSED] - if (planFact == 2): null

16-10-2024T08:50:08 - [TEST_STEP][PASSED] - if (planFact == 1): null

16-10-2024T08:50:08 - [TEST_STEP][PASSED] - else if (planFact == 2): null

16-10-2024T08:50:08 - [TEST_STEP][PASSED] - click(findTestObject("Выполнение бизнес-плана/Кнопка План")): Object: 'Object Repository/Выполнение бизнес-плана/Кнопка План' is clicked on

16-10-2024T08:50:08 - [MESSAGE][PASSED] - Object: 'Object Repository/Выполнение бизнес-плана/Кнопка План' is clicked on

16-10-2024T08:50:08 - [TEST_STEP][PASSED] - typeOfDataMain = "План": null

16-10-2024T08:50:08 - [TEST_STEP][PASSED] - otpusk = findTestData("PlanFact").getValue(2, a): null

16-10-2024T08:50:09 - [TEST_STEP][PASSED] - poteri = findTestData("PlanFact").getValue(3, a): null

16-10-2024T08:50:09 - [TEST_STEP][PASSED] - otpusk = otpusk.replaceAll("\s+", ""): null

16-10-2024T08:50:09 - [TEST_STEP][PASSED] - poteri = poteri.replaceAll("\s+", ""): null

16-10-2024T08:50:09 - [TEST_STEP][PASSED] - typeOfData = typeOfDataMain + " Отпуск в сеть": null

16-10-2024T08:50:09 - [TEST_STEP][PASSED] - if (a == 82): null

16-10-2024T08:50:09 - [TEST_STEP][PASSED] - else if (a == 84): null

16-10-2024T08:50:09 - [TEST_STEP][PASSED] - else if (a == 52 || a == 72 || a == 28 || a == 73 || a == 77 || a == 74 || a == 65 || a == 36 || a == 44 || a == 53 || a == 80 || a == 54 || a == 1 || a == 18 || a == 59 || a == 81): null

16-10-2024T08:50:09 - [TEST_STEP][PASSED] - else: null

16-10-2024T08:50:09 - [TEST_STEP][PASSED] - path = dataFolder + typeOfData + " за отчётный период " + b: null

16-10-2024T08:50:09 - [TEST_STEP][PASSED] - println(path): null

16-10-2024T08:50:09 - [TEST_STEP][PASSED] - page = getText(findTestObject(path)): Text of object 'Object Repository/Выполнение бизнес-плана/Значения со страницы Выполнение бизнес-плана/План Отпуск в сеть за отчётный период Дагэнерго' is: '5 655 886'

16-10-2024T08:50:09 - [MESSAGE][PASSED] - Text of object 'Object Repository/Выполнение бизнес-плана/Значения со страницы Выполнение бизнес-плана/План Отпуск в сеть за отчётный период Дагэнерго' is: '5 655 886'

16-10-2024T08:50:09 - [TEST_STEP][PASSED] - page = page.replaceAll("\s+", ""): null

16-10-2024T08:50:09 - [TEST_STEP][PASSED] - fileOtpuskVSet = otpusk.toInteger(): null

16-10-2024T08:50:09 - [TEST_STEP][PASSED] - pageOtpuskVSet = page.toInteger(): null

16-10-2024T08:50:09 - [TEST_STEP][PASSED] - typeOfData = typeOfDataMain + " Потери": null

16-10-2024T08:50:09 - [TEST_STEP][PASSED] - if (a == 82): null

16-10-2024T08:50:09 - [TEST_STEP][PASSED] - else if (a == 84): null

16-10-2024T08:50:09 - [TEST_STEP][PASSED] - else if (a == 52 || a == 72 || a == 28 || a == 73 || a == 77 || a == 74 || a == 65 || a == 36 || a == 44 || a == 53 || a == 80 || a == 54 || a == 1 || a == 18 || a == 59 || a == 81): null

16-10-2024T08:50:09 - [TEST_STEP][PASSED] - else: null

16-10-2024T08:50:09 - [TEST_STEP][PASSED] - path = dataFolder + typeOfData + " за отчётный период " + b: null

16-10-2024T08:50:09 - [TEST_STEP][PASSED] - page = getText(findTestObject(path)): Text of object 'Object Repository/Выполнение бизнес-плана/Значения со страницы Выполнение бизнес-плана/План Потери за отчётный период Дагэнерго' is: '2 278 600'

16-10-2024T08:50:09 - [MESSAGE][PASSED] - Text of object 'Object Repository/Выполнение бизнес-плана/Значения со страницы Выполнение бизнес-плана/План Потери за отчётный период Дагэнерго' is: '2 278 600'

16-10-2024T08:50:09 - [TEST_STEP][PASSED] - page = page.replaceAll("\s+", ""): null

16-10-2024T08:50:09 - [TEST_STEP][PASSED] - filePoteri = poteri.toInteger(): null

16-10-2024T08:50:09 - [TEST_STEP][PASSED] - pagePoteri = page.toInteger(): null

16-10-2024T08:50:09 - [TEST_STEP][PASSED] - compare = pageOtpuskVSet: null

16-10-2024T08:50:09 - [TEST_STEP][PASSED] - if (compare == fileOtpuskVSet): null

16-10-2024T08:50:09 - [TEST_STEP][PASSED] - else if (compare > fileOtpuskVSet): null

16-10-2024T08:50:09 - [TEST_STEP][PASSED] - compare = compare - 1: null

16-10-2024T08:50:09 - [TEST_STEP][PASSED] - if (compare == fileOtpuskVSet): null

16-10-2024T08:50:09 - [TEST_STEP][PASSED] - else: null

16-10-2024T08:50:09 - [TEST_STEP][PASSED] - numberOfErrors = numberOfErrors + 1: null

16-10-2024T08:50:09 - [TEST_STEP][PASSED] - pageInt = pageOtpuskVSet: null

16-10-2024T08:50:09 - [TEST_STEP][PASSED] - fileInt = fileOtpuskVSet: null

16-10-2024T08:50:09 - [TEST_STEP][PASSED] - typeOfData = typeOfDataMain + " Отпуск в сеть": null

16-10-2024T08:50:09 - [TEST_STEP][PASSED] - Script1718980020443.WriteToExcel(a, typeOfData, todaysDate, pageInt, fileInt, pageDouble, fileDouble, dZO): null

16-10-2024T08:50:09 - [TEST_STEP][PASSED] - sheetName = "Sheet1": null

16-10-2024T08:50:09 - [TEST_STEP][PASSED] - data = findTestData("PlanFact"): null

16-10-2024T08:50:09 - [TEST_STEP][PASSED] - n = data.getRowNumbers() + 1: null

16-10-2024T08:50:09 - [TEST_STEP][PASSED] - year = todaysDate.substring(todaysDate.length() - 4, todaysDate.length()): null

16-10-2024T08:50:09 - [TEST_STEP][PASSED] - y = year.toInteger(): null

16-10-2024T08:50:09 - [TEST_STEP][PASSED] - m = getText(findTestObject("Выполнение бизнес-плана/Период")): Text of object 'Object Repository/Выполнение бизнес-плана/Период' is: '1, 2 кв., Июль, Август 2024 года'

16-10-2024T08:50:10 - [MESSAGE][PASSED] - Text of object 'Object Repository/Выполнение бизнес-плана/Период' is: '1, 2 кв., Июль, Август 2024 года'

16-10-2024T08:50:10 - [TEST_STEP][PASSED] - m = m.substring(0, m.indexOf("2024")): null

16-10-2024T08:50:10 - [TEST_STEP][PASSED] - m = m.trim(): null

16-10-2024T08:50:10 - [TEST_STEP][PASSED] - dashboardName = "Выполнение бизнес-плана": null

16-10-2024T08:50:10 - [TEST_STEP][PASSED] - workbook01 = getWorkbook(excelFilePath): null

16-10-2024T08:50:10 - [TEST_STEP][PASSED] - sheet01 = getExcelSheet(workbook01, sheetName): null

16-10-2024T08:50:10 - [TEST_STEP][PASSED] - setValueToCellByIndex(sheet01, n, 0, dashboardName): null

16-10-2024T08:50:10 - [TEST_STEP][PASSED] - setValueToCellByIndex(sheet01, n, 1, dZO): null

16-10-2024T08:50:10 - [TEST_STEP][PASSED] - setValueToCellByIndex(sheet01, n, 2, typeOfData): null

16-10-2024T08:50:10 - [TEST_STEP][PASSED] - if (typeOfData == "Факт в процентах" || typeOfData == "План в процентах"): null

16-10-2024T08:50:10 - [TEST_STEP][PASSED] - else: null

16-10-2024T08:50:10 - [TEST_STEP][PASSED] - setValueToCellByIndex(sheet01, n, 3, fileInt): null

16-10-2024T08:50:10 - [TEST_STEP][PASSED] - setValueToCellByIndex(sheet01, n, 4, pageInt): null

16-10-2024T08:50:10 - [TEST_STEP][PASSED] - setValueToCellByIndex(sheet01, n, 5, m): null

16-10-2024T08:50:10 - [TEST_STEP][PASSED] - setValueToCellByIndex(sheet01, n, 6, y): null

16-10-2024T08:50:10 - [TEST_STEP][PASSED] - setValueToCellByIndex(sheet01, n, 7, todaysDate): null

16-10-2024T08:50:10 - [TEST_STEP][PASSED] - n = n + 1: null

16-10-2024T08:50:10 - [TEST_STEP][PASSED] - saveWorkbook(excelFilePath, workbook01): null

16-10-2024T08:50:10 - [TEST_STEP][PASSED] - compare = pagePoteri: null

16-10-2024T08:50:10 - [TEST_STEP][PASSED] - if (compare == filePoteri): null

16-10-2024T08:50:10 - [TEST_STEP][PASSED] - else if (compare > filePoteri): null

16-10-2024T08:50:10 - [TEST_STEP][PASSED] - compare = compare - 1: null

16-10-2024T08:50:10 - [TEST_STEP][PASSED] - if (compare == filePoteri): null

16-10-2024T08:50:10 - [TEST_STEP][PASSED] - else: null

16-10-2024T08:50:10 - [TEST_STEP][PASSED] - numberOfErrors = numberOfErrors + 1: null

16-10-2024T08:50:10 - [TEST_STEP][PASSED] - pageInt = pagePoteri: null

16-10-2024T08:50:10 - [TEST_STEP][PASSED] - fileInt = filePoteri: null

16-10-2024T08:50:10 - [TEST_STEP][PASSED] - typeOfData = typeOfDataMain + " Потери": null

16-10-2024T08:50:10 - [TEST_STEP][PASSED] - Script1718980020443.WriteToExcel(a, typeOfData, todaysDate, pageInt, fileInt, pageDouble, fileDouble, dZO): null

16-10-2024T08:50:10 - [TEST_STEP][PASSED] - sheetName = "Sheet1": null

16-10-2024T08:50:10 - [TEST_STEP][PASSED] - data = findTestData("PlanFact"): null

16-10-2024T08:50:10 - [TEST_STEP][PASSED] - n = data.getRowNumbers() + 1: null

16-10-2024T08:50:10 - [TEST_STEP][PASSED] - year = todaysDate.substring(todaysDate.length() - 4, todaysDate.length()): null

16-10-2024T08:50:10 - [TEST_STEP][PASSED] - y = year.toInteger(): null

16-10-2024T08:50:10 - [TEST_STEP][PASSED] - m = getText(findTestObject("Выполнение бизнес-плана/Период")): Text of object 'Object Repository/Выполнение бизнес-плана/Период' is: '1, 2 кв., Июль, Август 2024 года'

16-10-2024T08:50:10 - [MESSAGE][PASSED] - Text of object 'Object Repository/Выполнение бизнес-плана/Период' is: '1, 2 кв., Июль, Август 2024 года'

16-10-2024T08:50:10 - [TEST_STEP][PASSED] - m = m.substring(0, m.indexOf("2024")): null

16-10-2024T08:50:10 - [TEST_STEP][PASSED] - m = m.trim(): null

16-10-2024T08:50:10 - [TEST_STEP][PASSED] - dashboardName = "Выполнение бизнес-плана": null

16-10-2024T08:50:10 - [TEST_STEP][PASSED] - workbook01 = getWorkbook(excelFilePath): null

16-10-2024T08:50:10 - [TEST_STEP][PASSED] - sheet01 = getExcelSheet(workbook01, sheetName): null

16-10-2024T08:50:10 - [TEST_STEP][PASSED] - setValueToCellByIndex(sheet01, n, 0, dashboardName): null

16-10-2024T08:50:10 - [TEST_STEP][PASSED] - setValueToCellByIndex(sheet01, n, 1, dZO): null

16-10-2024T08:50:10 - [TEST_STEP][PASSED] - setValueToCellByIndex(sheet01, n, 2, typeOfData): null

16-10-2024T08:50:10 - [TEST_STEP][PASSED] - if (typeOfData == "Факт в процентах" || typeOfData == "План в процентах"): null

16-10-2024T08:50:10 - [TEST_STEP][PASSED] - else: null

16-10-2024T08:50:10 - [TEST_STEP][PASSED] - setValueToCellByIndex(sheet01, n, 3, fileInt): null

16-10-2024T08:50:10 - [TEST_STEP][PASSED] - setValueToCellByIndex(sheet01, n, 4, pageInt): null

16-10-2024T08:50:10 - [TEST_STEP][PASSED] - setValueToCellByIndex(sheet01, n, 5, m): null

16-10-2024T08:50:10 - [TEST_STEP][PASSED] - setValueToCellByIndex(sheet01, n, 6, y): null

16-10-2024T08:50:10 - [TEST_STEP][PASSED] - setValueToCellByIndex(sheet01, n, 7, todaysDate): null

16-10-2024T08:50:10 - [TEST_STEP][PASSED] - n = n + 1: null

16-10-2024T08:50:10 - [TEST_STEP][PASSED] - saveWorkbook(excelFilePath, workbook01): Object: 'Object Repository/Выполнение бизнес-плана/Кнопка Факт' is clicked on

16-10-2024T08:50:11 - [TEST_STEP][PASSED] - if (planFact == 2): Object: 'Object Repository/Выполнение бизнес-плана/Кнопка Факт' is clicked on

16-10-2024T08:50:11 - [TEST_STEP][PASSED] - click(findTestObject("Выполнение бизнес-плана/Кнопка Факт")): Object: 'Object Repository/Выполнение бизнес-плана/Кнопка Факт' is clicked on

16-10-2024T08:50:11 - [MESSAGE][PASSED] - Object: 'Object Repository/Выполнение бизнес-плана/Кнопка Факт' is clicked on

16-10-2024T08:50:11 - [TEST_STEP][PASSED] - if (a == 84 || a == 82): null

16-10-2024T08:50:11 - [TEST_STEP][PASSED] - else if (a == 52 || a == 72 || a == 28 || a == 73 || a == 77 || a == 74 || a == 65 || a == 36 || a == 44 || a == 53 || a == 80 || a == 54 || a == 1 || a == 18 || a == 59 || a == 81): null

16-10-2024T08:50:11 - [TEST_STEP][PASSED] - else: null

16-10-2024T08:50:11 - [TEST_STEP][PASSED] - page1 = getText(findTestObject("Object Repository/Выполнение бизнес-плана/spanPlan" + filialNum)): Text of object 'Object Repository/Выполнение бизнес-плана/spanPlan1' is: '40.29
|'

16-10-2024T08:50:11 - [MESSAGE][PASSED] - Text of object 'Object Repository/Выполнение бизнес-плана/spanPlan1' is: '40.29
|'

16-10-2024T08:50:11 - [TEST_STEP][PASSED] - page1 = page1.replace("|", ""): null

16-10-2024T08:50:11 - [TEST_STEP][PASSED] - page2 = getText(findTestObject("Object Repository/Выполнение бизнес-плана/spanFact" + filialNum)): Text of object 'Object Repository/Выполнение бизнес-плана/spanFact1' is: '48.66
|'

16-10-2024T08:50:12 - [MESSAGE][PASSED] - Text of object 'Object Repository/Выполнение бизнес-плана/spanFact1' is: '48.66
|'

16-10-2024T08:50:12 - [TEST_STEP][PASSED] - page2 = page2.replace("|", ""): null

16-10-2024T08:50:12 - [TEST_STEP][PASSED] - println("page1: " + page1): null

16-10-2024T08:50:12 - [TEST_STEP][PASSED] - println("page2: " + page2): null

16-10-2024T08:50:12 - [TEST_STEP][PASSED] - file = findTestData("PlanFact").getValue(4, a): null

16-10-2024T08:50:12 - [TEST_STEP][PASSED] - file = file.replace(",", "."): null

16-10-2024T08:50:12 - [TEST_STEP][PASSED] - println("file Plan: " + file): null

16-10-2024T08:50:12 - [TEST_STEP][PASSED] - typeOfData = "План в процентах": null

16-10-2024T08:50:12 - [TEST_STEP][PASSED] - fileDouble = file.toDouble(): null

16-10-2024T08:50:12 - [TEST_STEP][PASSED] - pageDouble = page1.toDouble(): null

16-10-2024T08:50:12 - [TEST_STEP][PASSED] - if (fileDouble != pageDouble): null

16-10-2024T08:50:12 - [TEST_STEP][PASSED] - numberOfErrors = numberOfErrors + 1: null

16-10-2024T08:50:12 - [TEST_STEP][PASSED] - Script1718980020443.WriteToExcel(a, typeOfData, todaysDate, pageInt, fileInt, pageDouble, fileDouble, dZO): null

16-10-2024T08:50:12 - [TEST_STEP][PASSED] - sheetName = "Sheet1": null

16-10-2024T08:50:12 - [TEST_STEP][PASSED] - data = findTestData("PlanFact"): null

16-10-2024T08:50:12 - [TEST_STEP][PASSED] - n = data.getRowNumbers() + 1: null

16-10-2024T08:50:12 - [TEST_STEP][PASSED] - year = todaysDate.substring(todaysDate.length() - 4, todaysDate.length()): null

16-10-2024T08:50:12 - [TEST_STEP][PASSED] - y = year.toInteger(): null

16-10-2024T08:50:12 - [TEST_STEP][PASSED] - m = getText(findTestObject("Выполнение бизнес-плана/Период")): Text of object 'Object Repository/Выполнение бизнес-плана/Период' is: '1, 2 кв., Июль, Август 2024 года'

16-10-2024T08:50:12 - [MESSAGE][PASSED] - Text of object 'Object Repository/Выполнение бизнес-плана/Период' is: '1, 2 кв., Июль, Август 2024 года'

16-10-2024T08:50:12 - [TEST_STEP][PASSED] - m = m.substring(0, m.indexOf("2024")): null

16-10-2024T08:50:12 - [TEST_STEP][PASSED] - m = m.trim(): null

16-10-2024T08:50:12 - [TEST_STEP][PASSED] - dashboardName = "Выполнение бизнес-плана": null

16-10-2024T08:50:12 - [TEST_STEP][PASSED] - workbook01 = getWorkbook(excelFilePath): null

16-10-2024T08:50:12 - [TEST_STEP][PASSED] - sheet01 = getExcelSheet(workbook01, sheetName): null

16-10-2024T08:50:12 - [TEST_STEP][PASSED] - setValueToCellByIndex(sheet01, n, 0, dashboardName): null

16-10-2024T08:50:12 - [TEST_STEP][PASSED] - setValueToCellByIndex(sheet01, n, 1, dZO): null

16-10-2024T08:50:12 - [TEST_STEP][PASSED] - setValueToCellByIndex(sheet01, n, 2, typeOfData): null

16-10-2024T08:50:12 - [TEST_STEP][PASSED] - if (typeOfData == "Факт в процентах" || typeOfData == "План в процентах"): null

16-10-2024T08:50:12 - [TEST_STEP][PASSED] - setValueToCellByIndex(sheet01, n, 3, fileDouble): null

16-10-2024T08:50:12 - [TEST_STEP][PASSED] - setValueToCellByIndex(sheet01, n, 4, pageDouble): null

16-10-2024T08:50:12 - [TEST_STEP][PASSED] - setValueToCellByIndex(sheet01, n, 5, m): null

16-10-2024T08:50:12 - [TEST_STEP][PASSED] - setValueToCellByIndex(sheet01, n, 6, y): null

16-10-2024T08:50:12 - [TEST_STEP][PASSED] - setValueToCellByIndex(sheet01, n, 7, todaysDate): null

16-10-2024T08:50:12 - [TEST_STEP][PASSED] - n = n + 1: null

16-10-2024T08:50:12 - [TEST_STEP][PASSED] - saveWorkbook(excelFilePath, workbook01): null

16-10-2024T08:50:12 - [TEST_STEP][PASSED] - file = findTestData("PlanFact").getValue(7, a): null

16-10-2024T08:50:12 - [TEST_STEP][PASSED] - file = file.replace(",", "."): null

16-10-2024T08:50:12 - [TEST_STEP][PASSED] - println("file Fact: " + file): null

16-10-2024T08:50:12 - [TEST_STEP][PASSED] - fileDouble = file.toDouble(): null

16-10-2024T08:50:12 - [TEST_STEP][PASSED] - typeOfData = "Факт в процентах": null

16-10-2024T08:50:12 - [TEST_STEP][PASSED] - fileDouble = file.toDouble(): null

16-10-2024T08:50:12 - [TEST_STEP][PASSED] - pageDouble = page2.toDouble(): null

16-10-2024T08:50:12 - [TEST_STEP][PASSED] - if (fileDouble != pageDouble): null

16-10-2024T08:50:12 - [TEST_STEP][PASSED] - numberOfErrors = numberOfErrors + 1: null

16-10-2024T08:50:12 - [TEST_STEP][PASSED] - Script1718980020443.WriteToExcel(a, typeOfData, todaysDate, pageInt, fileInt, pageDouble, fileDouble, dZO): null

16-10-2024T08:50:12 - [TEST_STEP][PASSED] - sheetName = "Sheet1": null

16-10-2024T08:50:12 - [TEST_STEP][PASSED] - data = findTestData("PlanFact"): null

16-10-2024T08:50:13 - [TEST_STEP][PASSED] - n = data.getRowNumbers() + 1: null

16-10-2024T08:50:13 - [TEST_STEP][PASSED] - year = todaysDate.substring(todaysDate.length() - 4, todaysDate.length()): null

16-10-2024T08:50:13 - [TEST_STEP][PASSED] - y = year.toInteger(): null

16-10-2024T08:50:13 - [TEST_STEP][PASSED] - m = getText(findTestObject("Выполнение бизнес-плана/Период")): Text of object 'Object Repository/Выполнение бизнес-плана/Период' is: '1, 2 кв., Июль, Август 2024 года'

16-10-2024T08:50:13 - [MESSAGE][PASSED] - Text of object 'Object Repository/Выполнение бизнес-плана/Период' is: '1, 2 кв., Июль, Август 2024 года'

16-10-2024T08:50:13 - [TEST_STEP][PASSED] - m = m.substring(0, m.indexOf("2024")): null

16-10-2024T08:50:13 - [TEST_STEP][PASSED] - m = m.trim(): null

16-10-2024T08:50:13 - [TEST_STEP][PASSED] - dashboardName = "Выполнение бизнес-плана": null

16-10-2024T08:50:13 - [TEST_STEP][PASSED] - workbook01 = getWorkbook(excelFilePath): null

16-10-2024T08:50:13 - [TEST_STEP][PASSED] - sheet01 = getExcelSheet(workbook01, sheetName): null

16-10-2024T08:50:13 - [TEST_STEP][PASSED] - setValueToCellByIndex(sheet01, n, 0, dashboardName): null

16-10-2024T08:50:13 - [TEST_STEP][PASSED] - setValueToCellByIndex(sheet01, n, 1, dZO): null

16-10-2024T08:50:13 - [TEST_STEP][PASSED] - setValueToCellByIndex(sheet01, n, 2, typeOfData): null

16-10-2024T08:50:13 - [TEST_STEP][PASSED] - if (typeOfData == "Факт в процентах" || typeOfData == "План в процентах"): null

16-10-2024T08:50:13 - [TEST_STEP][PASSED] - setValueToCellByIndex(sheet01, n, 3, fileDouble): null

16-10-2024T08:50:13 - [TEST_STEP][PASSED] - setValueToCellByIndex(sheet01, n, 4, pageDouble): null

16-10-2024T08:50:13 - [TEST_STEP][PASSED] - setValueToCellByIndex(sheet01, n, 5, m): null

16-10-2024T08:50:13 - [TEST_STEP][PASSED] - setValueToCellByIndex(sheet01, n, 6, y): null

16-10-2024T08:50:13 - [TEST_STEP][PASSED] - setValueToCellByIndex(sheet01, n, 7, todaysDate): null

16-10-2024T08:50:13 - [TEST_STEP][PASSED] - n = n + 1: null

16-10-2024T08:50:13 - [TEST_STEP][PASSED] - saveWorkbook(excelFilePath, workbook01): null

16-10-2024T08:50:13 - [TEST_STEP][FAILED] - if (verifyEqual(numberOfErrors, 0) == false): null

16-10-2024T08:50:13 - [MESSAGE][FAILED] - Unable to verify equal between actual object '6' and expected object '0' (Root cause: com.kms.katalon.core.exception.StepFailedException: Actual object '6' and expected object '0' are not equal
	at com.kms.katalon.core.keyword.builtin.VerifyEqualKeyword$_verifyEqual_closure1.doCall(VerifyEqualKeyword.groovy:58)
	at com.kms.katalon.core.keyword.builtin.VerifyEqualKeyword$_verifyEqual_closure1.call(VerifyEqualKeyword.groovy)
	at com.kms.katalon.core.keyword.internal.KeywordMain.runKeyword(KeywordMain.groovy:75)
	at com.kms.katalon.core.keyword.builtin.VerifyEqualKeyword.verifyEqual(VerifyEqualKeyword.groovy:63)
	at com.kms.katalon.core.keyword.builtin.VerifyEqualKeyword.execute(VerifyEqualKeyword.groovy:44)
	at com.kms.katalon.core.keyword.internal.KeywordExecutor.executeKeywordForPlatform(KeywordExecutor.groovy:74)
	at com.kms.katalon.core.keyword.BuiltinKeywords.verifyEqual(BuiltinKeywords.groovy:146)
	at java.base/jdk.internal.reflect.NativeMethodAccessorImpl.invoke0(Native Method)
	at java.base/jdk.internal.reflect.NativeMethodAccessorImpl.invoke(NativeMethodAccessorImpl.java:77)
	at java.base/jdk.internal.reflect.DelegatingMethodAccessorImpl.invoke(DelegatingMethodAccessorImpl.java:43)
	at Выполнение бизнес-плана Сверка ПАО Россети все филиалы.Numbers(Выполнение бизнес-плана Сверка ПАО Россети все филиалы:749)
	at Выполнение бизнес-плана Сверка ПАО Россети все филиалы.Filials(Выполнение бизнес-плана Сверка ПАО Россети все филиалы:1076)
	at Выполнение бизнес-плана Сверка ПАО Россети все филиалы.Numbers(Выполнение бизнес-плана Сверка ПАО Россети все филиалы:754)
	at Выполнение бизнес-плана Сверка ПАО Россети все филиалы.run(Выполнение бизнес-плана Сверка ПАО Россети все филиалы:313)
	at com.kms.katalon.core.main.ScriptEngine.run(ScriptEngine.java:194)
	at com.kms.katalon.core.main.ScriptEngine.runScriptAsRawText(ScriptEngine.java:119)
	at com.kms.katalon.core.main.TestCaseExecutor.runScript(TestCaseExecutor.java:448)
	at com.kms.katalon.core.main.TestCaseExecutor.doExecute(TestCaseExecutor.java:439)
	at com.kms.katalon.core.main.TestCaseExecutor.processExecutionPhase(TestCaseExecutor.java:418)
	at com.kms.katalon.core.main.TestCaseExecutor.accessMainPhase(TestCaseExecutor.java:410)
	at com.kms.katalon.core.main.TestCaseExecutor.execute(TestCaseExecutor.java:285)
	at com.kms.katalon.core.common.CommonExecutor.accessTestCaseMainPhase(CommonExecutor.java:65)
	at com.kms.katalon.core.main.TestSuiteExecutor.accessTestSuiteMainPhase(TestSuiteExecutor.java:150)
	at com.kms.katalon.core.main.TestSuiteExecutor.execute(TestSuiteExecutor.java:106)
	at com.kms.katalon.core.main.TestCaseMain.startTestSuite(TestCaseMain.java:180)
	at TempTestSuite1729057289574.run(TempTestSuite1729057289574.groovy:35)
	at java.base/jdk.internal.reflect.NativeMethodAccessorImpl.invoke0(Native Method)
	at java.base/jdk.internal.reflect.NativeMethodAccessorImpl.invoke(NativeMethodAccessorImpl.java:77)
	at java.base/jdk.internal.reflect.DelegatingMethodAccessorImpl.invoke(DelegatingMethodAccessorImpl.java:43)
)

16-10-2024T08:50:13 - [TEST_STEP][PASSED] - println(numberOfErrors): null

16-10-2024T08:50:13 - [TEST_STEP][PASSED] - if (a == 28 || a == 77 || a == 74 || a == 65 || a == 36 || a == 44 || a == 54 || a == 1 || a == 18 || a == 59): null

16-10-2024T08:50:13 - [TEST_STEP][PASSED] - if (a == 82): null

16-10-2024T08:50:13 - [TEST_STEP][PASSED] - dZO = "Ингушэнерго": null

16-10-2024T08:50:13 - [TEST_STEP][PASSED] - a = 70: null

16-10-2024T08:50:13 - [TEST_STEP][PASSED] - if (x2.contains(dZO)): null

16-10-2024T08:50:13 - [TEST_STEP][PASSED] - filialNum = filialNum + 1: null

16-10-2024T08:50:13 - [TEST_STEP][PASSED] - Script1718980020443.Numbers(a, typeOfData, todaysDate, pageInt, fileInt, pageDouble, fileDouble, dZO, dzoNum, filialNum): null

16-10-2024T08:50:13 - [TEST_STEP][PASSED] - println(dzoNum): null

16-10-2024T08:50:13 - [TEST_STEP][PASSED] - planFact = <not implemented yet for class: org.codehaus.groovy.ast.expr.EmptyExpression>: null

16-10-2024T08:50:13 - [TEST_STEP][PASSED] - page = <not implemented yet for class: org.codehaus.groovy.ast.expr.EmptyExpression>: null

16-10-2024T08:50:13 - [TEST_STEP][PASSED] - page1 = <not implemented yet for class: org.codehaus.groovy.ast.expr.EmptyExpression>: null

16-10-2024T08:50:13 - [TEST_STEP][PASSED] - page2 = <not implemented yet for class: org.codehaus.groovy.ast.expr.EmptyExpression>: null

16-10-2024T08:50:13 - [TEST_STEP][PASSED] - filialNumberInRow = <not implemented yet for class: org.codehaus.groovy.ast.expr.EmptyExpression>: null

16-10-2024T08:50:13 - [TEST_STEP][PASSED] - filialsDzoNames = <not implemented yet for class: org.codehaus.groovy.ast.expr.EmptyExpression>: null

16-10-2024T08:50:13 - [TEST_STEP][PASSED] - numberOfFilials = <not implemented yet for class: org.codehaus.groovy.ast.expr.EmptyExpression>: null

16-10-2024T08:50:13 - [TEST_STEP][PASSED] - numberOfSpaces = <not implemented yet for class: org.codehaus.groovy.ast.expr.EmptyExpression>: null

16-10-2024T08:50:13 - [TEST_STEP][PASSED] - file = <not implemented yet for class: org.codehaus.groovy.ast.expr.EmptyExpression>: null

16-10-2024T08:50:13 - [TEST_STEP][PASSED] - otpusk = <not implemented yet for class: org.codehaus.groovy.ast.expr.EmptyExpression>: null

16-10-2024T08:50:13 - [TEST_STEP][PASSED] - poteri = <not implemented yet for class: org.codehaus.groovy.ast.expr.EmptyExpression>: null

16-10-2024T08:50:13 - [TEST_STEP][PASSED] - dataFolder = "Выполнение бизнес-плана/Значения со страницы Выполнение бизнес-плана/": null

16-10-2024T08:50:13 - [TEST_STEP][PASSED] - path = <not implemented yet for class: org.codehaus.groovy.ast.expr.EmptyExpression>: null

16-10-2024T08:50:13 - [TEST_STEP][PASSED] - typeOfDataMain = <not implemented yet for class: org.codehaus.groovy.ast.expr.EmptyExpression>: null

16-10-2024T08:50:13 - [TEST_STEP][PASSED] - fileOtpuskVSet = <not implemented yet for class: org.codehaus.groovy.ast.expr.EmptyExpression>: null

16-10-2024T08:50:13 - [TEST_STEP][PASSED] - pageOtpuskVSet = <not implemented yet for class: org.codehaus.groovy.ast.expr.EmptyExpression>: null

16-10-2024T08:50:13 - [TEST_STEP][PASSED] - filePoteri = <not implemented yet for class: org.codehaus.groovy.ast.expr.EmptyExpression>: null

16-10-2024T08:50:13 - [TEST_STEP][PASSED] - pagePoteri = <not implemented yet for class: org.codehaus.groovy.ast.expr.EmptyExpression>: null

16-10-2024T08:50:13 - [TEST_STEP][PASSED] - compare = <not implemented yet for class: org.codehaus.groovy.ast.expr.EmptyExpression>: null

16-10-2024T08:50:13 - [TEST_STEP][PASSED] - b = <not implemented yet for class: org.codehaus.groovy.ast.expr.EmptyExpression>: null

16-10-2024T08:50:13 - [TEST_STEP][PASSED] - i = <not implemented yet for class: org.codehaus.groovy.ast.expr.EmptyExpression>: null

16-10-2024T08:50:13 - [TEST_STEP][PASSED] - ii = <not implemented yet for class: org.codehaus.groovy.ast.expr.EmptyExpression>: null

16-10-2024T08:50:13 - [TEST_STEP][PASSED] - c = <not implemented yet for class: org.codehaus.groovy.ast.expr.EmptyExpression>: null

16-10-2024T08:50:13 - [TEST_STEP][PASSED] - numberOfErrors = 0: null

16-10-2024T08:50:13 - [TEST_STEP][PASSED] - if (a == 82): null

16-10-2024T08:50:13 - [TEST_STEP][PASSED] - b = findTestData("PlanFact").getValue(1, a): null

16-10-2024T08:50:13 - [TEST_STEP][PASSED] - i = b.indexOf(" (ГК)"): null

16-10-2024T08:50:13 - [TEST_STEP][PASSED] - if (i > -1): null

16-10-2024T08:50:13 - [TEST_STEP][PASSED] - i = b.indexOf("О ""): null

16-10-2024T08:50:13 - [TEST_STEP][PASSED] - if (i > -1): null

16-10-2024T08:50:13 - [TEST_STEP][PASSED] - i = b.indexOf("О «"): null

16-10-2024T08:50:13 - [TEST_STEP][PASSED] - if (i > -1): null

16-10-2024T08:50:13 - [TEST_STEP][PASSED] - i = b.indexOf("г. "): null

16-10-2024T08:50:13 - [TEST_STEP][PASSED] - if (i > -1): null

16-10-2024T08:50:13 - [TEST_STEP][PASSED] - println(b): null

16-10-2024T08:50:13 - [TEST_STEP][PASSED] - for ([planFact = 1, planFact < 3, (planFact++)]): null

16-10-2024T08:50:13 - [TEST_STEP][PASSED] - if (planFact == 1): null

16-10-2024T08:50:13 - [TEST_STEP][PASSED] - typeOfDataMain = "Факт": null

16-10-2024T08:50:13 - [TEST_STEP][PASSED] - otpusk = findTestData("PlanFact").getValue(5, a): null

16-10-2024T08:50:13 - [TEST_STEP][PASSED] - poteri = findTestData("PlanFact").getValue(6, a): null

16-10-2024T08:50:13 - [TEST_STEP][PASSED] - otpusk = otpusk.replaceAll("\s+", ""): null

16-10-2024T08:50:13 - [TEST_STEP][PASSED] - poteri = poteri.replaceAll("\s+", ""): null

16-10-2024T08:50:13 - [TEST_STEP][PASSED] - typeOfData = typeOfDataMain + " Отпуск в сеть": null

16-10-2024T08:50:13 - [TEST_STEP][PASSED] - if (a == 82): null

16-10-2024T08:50:13 - [TEST_STEP][PASSED] - else if (a == 84): null

16-10-2024T08:50:13 - [TEST_STEP][PASSED] - else if (a == 52 || a == 72 || a == 28 || a == 73 || a == 77 || a == 74 || a == 65 || a == 36 || a == 44 || a == 53 || a == 80 || a == 54 || a == 1 || a == 18 || a == 59 || a == 81): null

16-10-2024T08:50:13 - [TEST_STEP][PASSED] - else: null

16-10-2024T08:50:13 - [TEST_STEP][PASSED] - path = dataFolder + typeOfData + " за отчётный период " + b: null

16-10-2024T08:50:13 - [TEST_STEP][PASSED] - println(path): null

16-10-2024T08:50:13 - [TEST_STEP][PASSED] - page = getText(findTestObject(path)): Text of object 'Object Repository/Выполнение бизнес-плана/Значения со страницы Выполнение бизнес-плана/Факт Отпуск в сеть за отчётный период Ингушэнерго' is: '729 400'

16-10-2024T08:50:14 - [MESSAGE][PASSED] - Text of object 'Object Repository/Выполнение бизнес-плана/Значения со страницы Выполнение бизнес-плана/Факт Отпуск в сеть за отчётный период Ингушэнерго' is: '729 400'

16-10-2024T08:50:14 - [TEST_STEP][PASSED] - page = page.replaceAll("\s+", ""): null

16-10-2024T08:50:14 - [TEST_STEP][PASSED] - fileOtpuskVSet = otpusk.toInteger(): null

16-10-2024T08:50:14 - [TEST_STEP][PASSED] - pageOtpuskVSet = page.toInteger(): null

16-10-2024T08:50:14 - [TEST_STEP][PASSED] - typeOfData = typeOfDataMain + " Потери": null

16-10-2024T08:50:14 - [TEST_STEP][PASSED] - if (a == 82): null

16-10-2024T08:50:14 - [TEST_STEP][PASSED] - else if (a == 84): null

16-10-2024T08:50:14 - [TEST_STEP][PASSED] - else if (a == 52 || a == 72 || a == 28 || a == 73 || a == 77 || a == 74 || a == 65 || a == 36 || a == 44 || a == 53 || a == 80 || a == 54 || a == 1 || a == 18 || a == 59 || a == 81): null

16-10-2024T08:50:14 - [TEST_STEP][PASSED] - else: null

16-10-2024T08:50:14 - [TEST_STEP][PASSED] - path = dataFolder + typeOfData + " за отчётный период " + b: null

16-10-2024T08:50:14 - [TEST_STEP][PASSED] - page = getText(findTestObject(path)): Text of object 'Object Repository/Выполнение бизнес-плана/Значения со страницы Выполнение бизнес-плана/Факт Потери за отчётный период Ингушэнерго' is: '415 354'

16-10-2024T08:50:14 - [MESSAGE][PASSED] - Text of object 'Object Repository/Выполнение бизнес-плана/Значения со страницы Выполнение бизнес-плана/Факт Потери за отчётный период Ингушэнерго' is: '415 354'

16-10-2024T08:50:14 - [TEST_STEP][PASSED] - page = page.replaceAll("\s+", ""): null

16-10-2024T08:50:14 - [TEST_STEP][PASSED] - filePoteri = poteri.toInteger(): null

16-10-2024T08:50:14 - [TEST_STEP][PASSED] - pagePoteri = page.toInteger(): null

16-10-2024T08:50:14 - [TEST_STEP][PASSED] - compare = pageOtpuskVSet: null

16-10-2024T08:50:14 - [TEST_STEP][PASSED] - if (compare == fileOtpuskVSet): null

16-10-2024T08:50:14 - [TEST_STEP][PASSED] - else if (compare > fileOtpuskVSet): null

16-10-2024T08:50:14 - [TEST_STEP][PASSED] - compare = compare - 1: null

16-10-2024T08:50:14 - [TEST_STEP][PASSED] - if (compare == fileOtpuskVSet): null

16-10-2024T08:50:14 - [TEST_STEP][PASSED] - else: null

16-10-2024T08:50:14 - [TEST_STEP][PASSED] - numberOfErrors = numberOfErrors + 1: null

16-10-2024T08:50:14 - [TEST_STEP][PASSED] - pageInt = pageOtpuskVSet: null

16-10-2024T08:50:14 - [TEST_STEP][PASSED] - fileInt = fileOtpuskVSet: null

16-10-2024T08:50:14 - [TEST_STEP][PASSED] - typeOfData = typeOfDataMain + " Отпуск в сеть": null

16-10-2024T08:50:14 - [TEST_STEP][PASSED] - Script1718980020443.WriteToExcel(a, typeOfData, todaysDate, pageInt, fileInt, pageDouble, fileDouble, dZO): null

16-10-2024T08:50:14 - [TEST_STEP][PASSED] - sheetName = "Sheet1": null

16-10-2024T08:50:14 - [TEST_STEP][PASSED] - data = findTestData("PlanFact"): null

16-10-2024T08:50:14 - [TEST_STEP][PASSED] - n = data.getRowNumbers() + 1: null

16-10-2024T08:50:14 - [TEST_STEP][PASSED] - year = todaysDate.substring(todaysDate.length() - 4, todaysDate.length()): null

16-10-2024T08:50:14 - [TEST_STEP][PASSED] - y = year.toInteger(): null

16-10-2024T08:50:14 - [TEST_STEP][PASSED] - m = getText(findTestObject("Выполнение бизнес-плана/Период")): Text of object 'Object Repository/Выполнение бизнес-плана/Период' is: '1, 2 кв., Июль, Август 2024 года'

16-10-2024T08:50:14 - [MESSAGE][PASSED] - Text of object 'Object Repository/Выполнение бизнес-плана/Период' is: '1, 2 кв., Июль, Август 2024 года'

16-10-2024T08:50:14 - [TEST_STEP][PASSED] - m = m.substring(0, m.indexOf("2024")): null

16-10-2024T08:50:14 - [TEST_STEP][PASSED] - m = m.trim(): null

16-10-2024T08:50:14 - [TEST_STEP][PASSED] - dashboardName = "Выполнение бизнес-плана": null

16-10-2024T08:50:14 - [TEST_STEP][PASSED] - workbook01 = getWorkbook(excelFilePath): null

16-10-2024T08:50:14 - [TEST_STEP][PASSED] - sheet01 = getExcelSheet(workbook01, sheetName): null

16-10-2024T08:50:14 - [TEST_STEP][PASSED] - setValueToCellByIndex(sheet01, n, 0, dashboardName): null

16-10-2024T08:50:14 - [TEST_STEP][PASSED] - setValueToCellByIndex(sheet01, n, 1, dZO): null

16-10-2024T08:50:14 - [TEST_STEP][PASSED] - setValueToCellByIndex(sheet01, n, 2, typeOfData): null

16-10-2024T08:50:14 - [TEST_STEP][PASSED] - if (typeOfData == "Факт в процентах" || typeOfData == "План в процентах"): null

16-10-2024T08:50:14 - [TEST_STEP][PASSED] - else: null

16-10-2024T08:50:14 - [TEST_STEP][PASSED] - setValueToCellByIndex(sheet01, n, 3, fileInt): null

16-10-2024T08:50:14 - [TEST_STEP][PASSED] - setValueToCellByIndex(sheet01, n, 4, pageInt): null

16-10-2024T08:50:14 - [TEST_STEP][PASSED] - setValueToCellByIndex(sheet01, n, 5, m): null

16-10-2024T08:50:14 - [TEST_STEP][PASSED] - setValueToCellByIndex(sheet01, n, 6, y): null

16-10-2024T08:50:14 - [TEST_STEP][PASSED] - setValueToCellByIndex(sheet01, n, 7, todaysDate): null

16-10-2024T08:50:14 - [TEST_STEP][PASSED] - n = n + 1: null

16-10-2024T08:50:14 - [TEST_STEP][PASSED] - saveWorkbook(excelFilePath, workbook01): null

16-10-2024T08:50:15 - [TEST_STEP][PASSED] - compare = pagePoteri: null

16-10-2024T08:50:15 - [TEST_STEP][PASSED] - if (compare == filePoteri): null

16-10-2024T08:50:15 - [TEST_STEP][PASSED] - else if (compare > filePoteri): null

16-10-2024T08:50:15 - [TEST_STEP][PASSED] - compare = compare - 1: null

16-10-2024T08:50:15 - [TEST_STEP][PASSED] - if (compare == filePoteri): null

16-10-2024T08:50:15 - [TEST_STEP][PASSED] - else: null

16-10-2024T08:50:15 - [TEST_STEP][PASSED] - numberOfErrors = numberOfErrors + 1: null

16-10-2024T08:50:15 - [TEST_STEP][PASSED] - pageInt = pagePoteri: null

16-10-2024T08:50:15 - [TEST_STEP][PASSED] - fileInt = filePoteri: null

16-10-2024T08:50:15 - [TEST_STEP][PASSED] - typeOfData = typeOfDataMain + " Потери": null

16-10-2024T08:50:15 - [TEST_STEP][PASSED] - Script1718980020443.WriteToExcel(a, typeOfData, todaysDate, pageInt, fileInt, pageDouble, fileDouble, dZO): null

16-10-2024T08:50:15 - [TEST_STEP][PASSED] - sheetName = "Sheet1": null

16-10-2024T08:50:15 - [TEST_STEP][PASSED] - data = findTestData("PlanFact"): null

16-10-2024T08:50:15 - [TEST_STEP][PASSED] - n = data.getRowNumbers() + 1: null

16-10-2024T08:50:15 - [TEST_STEP][PASSED] - year = todaysDate.substring(todaysDate.length() - 4, todaysDate.length()): null

16-10-2024T08:50:15 - [TEST_STEP][PASSED] - y = year.toInteger(): null

16-10-2024T08:50:15 - [TEST_STEP][PASSED] - m = getText(findTestObject("Выполнение бизнес-плана/Период")): Text of object 'Object Repository/Выполнение бизнес-плана/Период' is: '1, 2 кв., Июль, Август 2024 года'

16-10-2024T08:50:15 - [MESSAGE][PASSED] - Text of object 'Object Repository/Выполнение бизнес-плана/Период' is: '1, 2 кв., Июль, Август 2024 года'

16-10-2024T08:50:15 - [TEST_STEP][PASSED] - m = m.substring(0, m.indexOf("2024")): null

16-10-2024T08:50:15 - [TEST_STEP][PASSED] - m = m.trim(): null

16-10-2024T08:50:15 - [TEST_STEP][PASSED] - dashboardName = "Выполнение бизнес-плана": null

16-10-2024T08:50:15 - [TEST_STEP][PASSED] - workbook01 = getWorkbook(excelFilePath): null

16-10-2024T08:50:15 - [TEST_STEP][PASSED] - sheet01 = getExcelSheet(workbook01, sheetName): null

16-10-2024T08:50:15 - [TEST_STEP][PASSED] - setValueToCellByIndex(sheet01, n, 0, dashboardName): null

16-10-2024T08:50:15 - [TEST_STEP][PASSED] - setValueToCellByIndex(sheet01, n, 1, dZO): null

16-10-2024T08:50:15 - [TEST_STEP][PASSED] - setValueToCellByIndex(sheet01, n, 2, typeOfData): null

16-10-2024T08:50:15 - [TEST_STEP][PASSED] - if (typeOfData == "Факт в процентах" || typeOfData == "План в процентах"): null

16-10-2024T08:50:15 - [TEST_STEP][PASSED] - else: null

16-10-2024T08:50:15 - [TEST_STEP][PASSED] - setValueToCellByIndex(sheet01, n, 3, fileInt): null

16-10-2024T08:50:15 - [TEST_STEP][PASSED] - setValueToCellByIndex(sheet01, n, 4, pageInt): null

16-10-2024T08:50:15 - [TEST_STEP][PASSED] - setValueToCellByIndex(sheet01, n, 5, m): null

16-10-2024T08:50:15 - [TEST_STEP][PASSED] - setValueToCellByIndex(sheet01, n, 6, y): null

16-10-2024T08:50:15 - [TEST_STEP][PASSED] - setValueToCellByIndex(sheet01, n, 7, todaysDate): null

16-10-2024T08:50:15 - [TEST_STEP][PASSED] - n = n + 1: null

16-10-2024T08:50:15 - [TEST_STEP][PASSED] - saveWorkbook(excelFilePath, workbook01): null

16-10-2024T08:50:15 - [TEST_STEP][PASSED] - if (planFact == 2): null

16-10-2024T08:50:15 - [TEST_STEP][PASSED] - if (planFact == 1): null

16-10-2024T08:50:15 - [TEST_STEP][PASSED] - else if (planFact == 2): null

16-10-2024T08:50:15 - [TEST_STEP][PASSED] - click(findTestObject("Выполнение бизнес-плана/Кнопка План")): Object: 'Object Repository/Выполнение бизнес-плана/Кнопка План' is clicked on

16-10-2024T08:50:16 - [MESSAGE][PASSED] - Object: 'Object Repository/Выполнение бизнес-плана/Кнопка План' is clicked on

16-10-2024T08:50:16 - [TEST_STEP][PASSED] - typeOfDataMain = "План": null

16-10-2024T08:50:16 - [TEST_STEP][PASSED] - otpusk = findTestData("PlanFact").getValue(2, a): null

16-10-2024T08:50:16 - [TEST_STEP][PASSED] - poteri = findTestData("PlanFact").getValue(3, a): null

16-10-2024T08:50:16 - [TEST_STEP][PASSED] - otpusk = otpusk.replaceAll("\s+", ""): null

16-10-2024T08:50:16 - [TEST_STEP][PASSED] - poteri = poteri.replaceAll("\s+", ""): null

16-10-2024T08:50:16 - [TEST_STEP][PASSED] - typeOfData = typeOfDataMain + " Отпуск в сеть": null

16-10-2024T08:50:16 - [TEST_STEP][PASSED] - if (a == 82): null

16-10-2024T08:50:16 - [TEST_STEP][PASSED] - else if (a == 84): null

16-10-2024T08:50:16 - [TEST_STEP][PASSED] - else if (a == 52 || a == 72 || a == 28 || a == 73 || a == 77 || a == 74 || a == 65 || a == 36 || a == 44 || a == 53 || a == 80 || a == 54 || a == 1 || a == 18 || a == 59 || a == 81): null

16-10-2024T08:50:16 - [TEST_STEP][PASSED] - else: null

16-10-2024T08:50:16 - [TEST_STEP][PASSED] - path = dataFolder + typeOfData + " за отчётный период " + b: null

16-10-2024T08:50:16 - [TEST_STEP][PASSED] - println(path): null

16-10-2024T08:50:16 - [TEST_STEP][PASSED] - page = getText(findTestObject(path)): Text of object 'Object Repository/Выполнение бизнес-плана/Значения со страницы Выполнение бизнес-плана/План Отпуск в сеть за отчётный период Ингушэнерго' is: '653 400'

16-10-2024T08:50:16 - [MESSAGE][PASSED] - Text of object 'Object Repository/Выполнение бизнес-плана/Значения со страницы Выполнение бизнес-плана/План Отпуск в сеть за отчётный период Ингушэнерго' is: '653 400'

16-10-2024T08:50:16 - [TEST_STEP][PASSED] - page = page.replaceAll("\s+", ""): null

16-10-2024T08:50:16 - [TEST_STEP][PASSED] - fileOtpuskVSet = otpusk.toInteger(): null

16-10-2024T08:50:16 - [TEST_STEP][PASSED] - pageOtpuskVSet = page.toInteger(): null

16-10-2024T08:50:16 - [TEST_STEP][PASSED] - typeOfData = typeOfDataMain + " Потери": null

16-10-2024T08:50:16 - [TEST_STEP][PASSED] - if (a == 82): null

16-10-2024T08:50:16 - [TEST_STEP][PASSED] - else if (a == 84): null

16-10-2024T08:50:16 - [TEST_STEP][PASSED] - else if (a == 52 || a == 72 || a == 28 || a == 73 || a == 77 || a == 74 || a == 65 || a == 36 || a == 44 || a == 53 || a == 80 || a == 54 || a == 1 || a == 18 || a == 59 || a == 81): null

16-10-2024T08:50:16 - [TEST_STEP][PASSED] - else: null

16-10-2024T08:50:16 - [TEST_STEP][PASSED] - path = dataFolder + typeOfData + " за отчётный период " + b: null

16-10-2024T08:50:16 - [TEST_STEP][PASSED] - page = getText(findTestObject(path)): Text of object 'Object Repository/Выполнение бизнес-плана/Значения со страницы Выполнение бизнес-плана/План Потери за отчётный период Ингушэнерго' is: '285 828'

16-10-2024T08:50:17 - [MESSAGE][PASSED] - Text of object 'Object Repository/Выполнение бизнес-плана/Значения со страницы Выполнение бизнес-плана/План Потери за отчётный период Ингушэнерго' is: '285 828'

16-10-2024T08:50:17 - [TEST_STEP][PASSED] - page = page.replaceAll("\s+", ""): null

16-10-2024T08:50:17 - [TEST_STEP][PASSED] - filePoteri = poteri.toInteger(): null

16-10-2024T08:50:17 - [TEST_STEP][PASSED] - pagePoteri = page.toInteger(): null

16-10-2024T08:50:17 - [TEST_STEP][PASSED] - compare = pageOtpuskVSet: null

16-10-2024T08:50:17 - [TEST_STEP][PASSED] - if (compare == fileOtpuskVSet): null

16-10-2024T08:50:17 - [TEST_STEP][PASSED] - else if (compare > fileOtpuskVSet): null

16-10-2024T08:50:17 - [TEST_STEP][PASSED] - compare = compare - 1: null

16-10-2024T08:50:17 - [TEST_STEP][PASSED] - if (compare == fileOtpuskVSet): null

16-10-2024T08:50:17 - [TEST_STEP][PASSED] - else: null

16-10-2024T08:50:17 - [TEST_STEP][PASSED] - numberOfErrors = numberOfErrors + 1: null

16-10-2024T08:50:17 - [TEST_STEP][PASSED] - pageInt = pageOtpuskVSet: null

16-10-2024T08:50:17 - [TEST_STEP][PASSED] - fileInt = fileOtpuskVSet: null

16-10-2024T08:50:17 - [TEST_STEP][PASSED] - typeOfData = typeOfDataMain + " Отпуск в сеть": null

16-10-2024T08:50:17 - [TEST_STEP][PASSED] - Script1718980020443.WriteToExcel(a, typeOfData, todaysDate, pageInt, fileInt, pageDouble, fileDouble, dZO): null

16-10-2024T08:50:17 - [TEST_STEP][PASSED] - sheetName = "Sheet1": null

16-10-2024T08:50:17 - [TEST_STEP][PASSED] - data = findTestData("PlanFact"): null

16-10-2024T08:50:17 - [TEST_STEP][PASSED] - n = data.getRowNumbers() + 1: null

16-10-2024T08:50:17 - [TEST_STEP][PASSED] - year = todaysDate.substring(todaysDate.length() - 4, todaysDate.length()): null

16-10-2024T08:50:17 - [TEST_STEP][PASSED] - y = year.toInteger(): null

16-10-2024T08:50:17 - [TEST_STEP][PASSED] - m = getText(findTestObject("Выполнение бизнес-плана/Период")): Text of object 'Object Repository/Выполнение бизнес-плана/Период' is: '1, 2 кв., Июль, Август 2024 года'

16-10-2024T08:50:17 - [MESSAGE][PASSED] - Text of object 'Object Repository/Выполнение бизнес-плана/Период' is: '1, 2 кв., Июль, Август 2024 года'

16-10-2024T08:50:17 - [TEST_STEP][PASSED] - m = m.substring(0, m.indexOf("2024")): null

16-10-2024T08:50:17 - [TEST_STEP][PASSED] - m = m.trim(): null

16-10-2024T08:50:17 - [TEST_STEP][PASSED] - dashboardName = "Выполнение бизнес-плана": null

16-10-2024T08:50:17 - [TEST_STEP][PASSED] - workbook01 = getWorkbook(excelFilePath): null

16-10-2024T08:50:17 - [TEST_STEP][PASSED] - sheet01 = getExcelSheet(workbook01, sheetName): null

16-10-2024T08:50:17 - [TEST_STEP][PASSED] - setValueToCellByIndex(sheet01, n, 0, dashboardName): null

16-10-2024T08:50:17 - [TEST_STEP][PASSED] - setValueToCellByIndex(sheet01, n, 1, dZO): null

16-10-2024T08:50:17 - [TEST_STEP][PASSED] - setValueToCellByIndex(sheet01, n, 2, typeOfData): null

16-10-2024T08:50:17 - [TEST_STEP][PASSED] - if (typeOfData == "Факт в процентах" || typeOfData == "План в процентах"): null

16-10-2024T08:50:17 - [TEST_STEP][PASSED] - else: null

16-10-2024T08:50:17 - [TEST_STEP][PASSED] - setValueToCellByIndex(sheet01, n, 3, fileInt): null

16-10-2024T08:50:17 - [TEST_STEP][PASSED] - setValueToCellByIndex(sheet01, n, 4, pageInt): null

16-10-2024T08:50:17 - [TEST_STEP][PASSED] - setValueToCellByIndex(sheet01, n, 5, m): null

16-10-2024T08:50:17 - [TEST_STEP][PASSED] - setValueToCellByIndex(sheet01, n, 6, y): null

16-10-2024T08:50:17 - [TEST_STEP][PASSED] - setValueToCellByIndex(sheet01, n, 7, todaysDate): null

16-10-2024T08:50:17 - [TEST_STEP][PASSED] - n = n + 1: null

16-10-2024T08:50:17 - [TEST_STEP][PASSED] - saveWorkbook(excelFilePath, workbook01): null

16-10-2024T08:50:17 - [TEST_STEP][PASSED] - compare = pagePoteri: null

16-10-2024T08:50:17 - [TEST_STEP][PASSED] - if (compare == filePoteri): null

16-10-2024T08:50:17 - [TEST_STEP][PASSED] - else if (compare > filePoteri): null

16-10-2024T08:50:17 - [TEST_STEP][PASSED] - compare = compare - 1: null

16-10-2024T08:50:17 - [TEST_STEP][PASSED] - if (compare == filePoteri): null

16-10-2024T08:50:17 - [TEST_STEP][PASSED] - else: null

16-10-2024T08:50:17 - [TEST_STEP][PASSED] - numberOfErrors = numberOfErrors + 1: null

16-10-2024T08:50:17 - [TEST_STEP][PASSED] - pageInt = pagePoteri: null

16-10-2024T08:50:17 - [TEST_STEP][PASSED] - fileInt = filePoteri: null

16-10-2024T08:50:17 - [TEST_STEP][PASSED] - typeOfData = typeOfDataMain + " Потери": null

16-10-2024T08:50:17 - [TEST_STEP][PASSED] - Script1718980020443.WriteToExcel(a, typeOfData, todaysDate, pageInt, fileInt, pageDouble, fileDouble, dZO): null

16-10-2024T08:50:17 - [TEST_STEP][PASSED] - sheetName = "Sheet1": null

16-10-2024T08:50:17 - [TEST_STEP][PASSED] - data = findTestData("PlanFact"): null

16-10-2024T08:50:17 - [TEST_STEP][PASSED] - n = data.getRowNumbers() + 1: null

16-10-2024T08:50:17 - [TEST_STEP][PASSED] - year = todaysDate.substring(todaysDate.length() - 4, todaysDate.length()): null

16-10-2024T08:50:17 - [TEST_STEP][PASSED] - y = year.toInteger(): null

16-10-2024T08:50:17 - [TEST_STEP][PASSED] - m = getText(findTestObject("Выполнение бизнес-плана/Период")): Text of object 'Object Repository/Выполнение бизнес-плана/Период' is: '1, 2 кв., Июль, Август 2024 года'

16-10-2024T08:50:18 - [MESSAGE][PASSED] - Text of object 'Object Repository/Выполнение бизнес-плана/Период' is: '1, 2 кв., Июль, Август 2024 года'

16-10-2024T08:50:18 - [TEST_STEP][PASSED] - m = m.substring(0, m.indexOf("2024")): null

16-10-2024T08:50:18 - [TEST_STEP][PASSED] - m = m.trim(): null

16-10-2024T08:50:18 - [TEST_STEP][PASSED] - dashboardName = "Выполнение бизнес-плана": null

16-10-2024T08:50:18 - [TEST_STEP][PASSED] - workbook01 = getWorkbook(excelFilePath): null

16-10-2024T08:50:18 - [TEST_STEP][PASSED] - sheet01 = getExcelSheet(workbook01, sheetName): null

16-10-2024T08:50:18 - [TEST_STEP][PASSED] - setValueToCellByIndex(sheet01, n, 0, dashboardName): null

16-10-2024T08:50:18 - [TEST_STEP][PASSED] - setValueToCellByIndex(sheet01, n, 1, dZO): null

16-10-2024T08:50:18 - [TEST_STEP][PASSED] - setValueToCellByIndex(sheet01, n, 2, typeOfData): null

16-10-2024T08:50:18 - [TEST_STEP][PASSED] - if (typeOfData == "Факт в процентах" || typeOfData == "План в процентах"): null

16-10-2024T08:50:18 - [TEST_STEP][PASSED] - else: null

16-10-2024T08:50:18 - [TEST_STEP][PASSED] - setValueToCellByIndex(sheet01, n, 3, fileInt): null

16-10-2024T08:50:18 - [TEST_STEP][PASSED] - setValueToCellByIndex(sheet01, n, 4, pageInt): null

16-10-2024T08:50:18 - [TEST_STEP][PASSED] - setValueToCellByIndex(sheet01, n, 5, m): null

16-10-2024T08:50:18 - [TEST_STEP][PASSED] - setValueToCellByIndex(sheet01, n, 6, y): null

16-10-2024T08:50:18 - [TEST_STEP][PASSED] - setValueToCellByIndex(sheet01, n, 7, todaysDate): null

16-10-2024T08:50:18 - [TEST_STEP][PASSED] - n = n + 1: null

16-10-2024T08:50:18 - [TEST_STEP][PASSED] - saveWorkbook(excelFilePath, workbook01): Object: 'Object Repository/Выполнение бизнес-плана/Кнопка Факт' is clicked on

16-10-2024T08:50:18 - [TEST_STEP][PASSED] - if (planFact == 2): Object: 'Object Repository/Выполнение бизнес-плана/Кнопка Факт' is clicked on

16-10-2024T08:50:18 - [TEST_STEP][PASSED] - click(findTestObject("Выполнение бизнес-плана/Кнопка Факт")): Object: 'Object Repository/Выполнение бизнес-плана/Кнопка Факт' is clicked on

16-10-2024T08:50:18 - [MESSAGE][PASSED] - Object: 'Object Repository/Выполнение бизнес-плана/Кнопка Факт' is clicked on

16-10-2024T08:50:18 - [TEST_STEP][PASSED] - if (a == 84 || a == 82): null

16-10-2024T08:50:18 - [TEST_STEP][PASSED] - else if (a == 52 || a == 72 || a == 28 || a == 73 || a == 77 || a == 74 || a == 65 || a == 36 || a == 44 || a == 53 || a == 80 || a == 54 || a == 1 || a == 18 || a == 59 || a == 81): null

16-10-2024T08:50:18 - [TEST_STEP][PASSED] - else: null

16-10-2024T08:50:18 - [TEST_STEP][PASSED] - page1 = getText(findTestObject("Object Repository/Выполнение бизнес-плана/spanPlan" + filialNum)): Text of object 'Object Repository/Выполнение бизнес-плана/spanPlan2' is: '43.74
|'

16-10-2024T08:50:19 - [MESSAGE][PASSED] - Text of object 'Object Repository/Выполнение бизнес-плана/spanPlan2' is: '43.74
|'

16-10-2024T08:50:19 - [TEST_STEP][PASSED] - page1 = page1.replace("|", ""): null

16-10-2024T08:50:19 - [TEST_STEP][PASSED] - page2 = getText(findTestObject("Object Repository/Выполнение бизнес-плана/spanFact" + filialNum)): Text of object 'Object Repository/Выполнение бизнес-плана/spanFact2' is: '56.94
|'

16-10-2024T08:50:19 - [MESSAGE][PASSED] - Text of object 'Object Repository/Выполнение бизнес-плана/spanFact2' is: '56.94
|'

16-10-2024T08:50:19 - [TEST_STEP][PASSED] - page2 = page2.replace("|", ""): null

16-10-2024T08:50:19 - [TEST_STEP][PASSED] - println("page1: " + page1): null

16-10-2024T08:50:19 - [TEST_STEP][PASSED] - println("page2: " + page2): null

16-10-2024T08:50:19 - [TEST_STEP][PASSED] - file = findTestData("PlanFact").getValue(4, a): null

16-10-2024T08:50:19 - [TEST_STEP][PASSED] - file = file.replace(",", "."): null

16-10-2024T08:50:19 - [TEST_STEP][PASSED] - println("file Plan: " + file): null

16-10-2024T08:50:19 - [TEST_STEP][PASSED] - typeOfData = "План в процентах": null

16-10-2024T08:50:19 - [TEST_STEP][PASSED] - fileDouble = file.toDouble(): null

16-10-2024T08:50:19 - [TEST_STEP][PASSED] - pageDouble = page1.toDouble(): null

16-10-2024T08:50:19 - [TEST_STEP][PASSED] - if (fileDouble != pageDouble): null

16-10-2024T08:50:19 - [TEST_STEP][PASSED] - numberOfErrors = numberOfErrors + 1: null

16-10-2024T08:50:19 - [TEST_STEP][PASSED] - Script1718980020443.WriteToExcel(a, typeOfData, todaysDate, pageInt, fileInt, pageDouble, fileDouble, dZO): null

16-10-2024T08:50:19 - [TEST_STEP][PASSED] - sheetName = "Sheet1": null

16-10-2024T08:50:19 - [TEST_STEP][PASSED] - data = findTestData("PlanFact"): null

16-10-2024T08:50:19 - [TEST_STEP][PASSED] - n = data.getRowNumbers() + 1: null

16-10-2024T08:50:19 - [TEST_STEP][PASSED] - year = todaysDate.substring(todaysDate.length() - 4, todaysDate.length()): null

16-10-2024T08:50:19 - [TEST_STEP][PASSED] - y = year.toInteger(): null

16-10-2024T08:50:19 - [TEST_STEP][PASSED] - m = getText(findTestObject("Выполнение бизнес-плана/Период")): Text of object 'Object Repository/Выполнение бизнес-плана/Период' is: '1, 2 кв., Июль, Август 2024 года'

16-10-2024T08:50:19 - [MESSAGE][PASSED] - Text of object 'Object Repository/Выполнение бизнес-плана/Период' is: '1, 2 кв., Июль, Август 2024 года'

16-10-2024T08:50:19 - [TEST_STEP][PASSED] - m = m.substring(0, m.indexOf("2024")): null

16-10-2024T08:50:19 - [TEST_STEP][PASSED] - m = m.trim(): null

16-10-2024T08:50:19 - [TEST_STEP][PASSED] - dashboardName = "Выполнение бизнес-плана": null

16-10-2024T08:50:19 - [TEST_STEP][PASSED] - workbook01 = getWorkbook(excelFilePath): null

16-10-2024T08:50:19 - [TEST_STEP][PASSED] - sheet01 = getExcelSheet(workbook01, sheetName): null

16-10-2024T08:50:19 - [TEST_STEP][PASSED] - setValueToCellByIndex(sheet01, n, 0, dashboardName): null

16-10-2024T08:50:19 - [TEST_STEP][PASSED] - setValueToCellByIndex(sheet01, n, 1, dZO): null

16-10-2024T08:50:19 - [TEST_STEP][PASSED] - setValueToCellByIndex(sheet01, n, 2, typeOfData): null

16-10-2024T08:50:19 - [TEST_STEP][PASSED] - if (typeOfData == "Факт в процентах" || typeOfData == "План в процентах"): null

16-10-2024T08:50:19 - [TEST_STEP][PASSED] - setValueToCellByIndex(sheet01, n, 3, fileDouble): null

16-10-2024T08:50:19 - [TEST_STEP][PASSED] - setValueToCellByIndex(sheet01, n, 4, pageDouble): null

16-10-2024T08:50:19 - [TEST_STEP][PASSED] - setValueToCellByIndex(sheet01, n, 5, m): null

16-10-2024T08:50:19 - [TEST_STEP][PASSED] - setValueToCellByIndex(sheet01, n, 6, y): null

16-10-2024T08:50:19 - [TEST_STEP][PASSED] - setValueToCellByIndex(sheet01, n, 7, todaysDate): null

16-10-2024T08:50:19 - [TEST_STEP][PASSED] - n = n + 1: null

16-10-2024T08:50:19 - [TEST_STEP][PASSED] - saveWorkbook(excelFilePath, workbook01): null

16-10-2024T08:50:20 - [TEST_STEP][PASSED] - file = findTestData("PlanFact").getValue(7, a): null

16-10-2024T08:50:20 - [TEST_STEP][PASSED] - file = file.replace(",", "."): null

16-10-2024T08:50:20 - [TEST_STEP][PASSED] - println("file Fact: " + file): null

16-10-2024T08:50:20 - [TEST_STEP][PASSED] - fileDouble = file.toDouble(): null

16-10-2024T08:50:20 - [TEST_STEP][PASSED] - typeOfData = "Факт в процентах": null

16-10-2024T08:50:20 - [TEST_STEP][PASSED] - fileDouble = file.toDouble(): null

16-10-2024T08:50:20 - [TEST_STEP][PASSED] - pageDouble = page2.toDouble(): null

16-10-2024T08:50:20 - [TEST_STEP][PASSED] - if (fileDouble != pageDouble): null

16-10-2024T08:50:20 - [TEST_STEP][PASSED] - numberOfErrors = numberOfErrors + 1: null

16-10-2024T08:50:20 - [TEST_STEP][PASSED] - Script1718980020443.WriteToExcel(a, typeOfData, todaysDate, pageInt, fileInt, pageDouble, fileDouble, dZO): null

16-10-2024T08:50:20 - [TEST_STEP][PASSED] - sheetName = "Sheet1": null

16-10-2024T08:50:20 - [TEST_STEP][PASSED] - data = findTestData("PlanFact"): null

16-10-2024T08:50:20 - [TEST_STEP][PASSED] - n = data.getRowNumbers() + 1: null

16-10-2024T08:50:20 - [TEST_STEP][PASSED] - year = todaysDate.substring(todaysDate.length() - 4, todaysDate.length()): null

16-10-2024T08:50:20 - [TEST_STEP][PASSED] - y = year.toInteger(): null

16-10-2024T08:50:20 - [TEST_STEP][PASSED] - m = getText(findTestObject("Выполнение бизнес-плана/Период")): Text of object 'Object Repository/Выполнение бизнес-плана/Период' is: '1, 2 кв., Июль, Август 2024 года'

16-10-2024T08:50:20 - [MESSAGE][PASSED] - Text of object 'Object Repository/Выполнение бизнес-плана/Период' is: '1, 2 кв., Июль, Август 2024 года'

16-10-2024T08:50:20 - [TEST_STEP][PASSED] - m = m.substring(0, m.indexOf("2024")): null

16-10-2024T08:50:20 - [TEST_STEP][PASSED] - m = m.trim(): null

16-10-2024T08:50:20 - [TEST_STEP][PASSED] - dashboardName = "Выполнение бизнес-плана": null

16-10-2024T08:50:20 - [TEST_STEP][PASSED] - workbook01 = getWorkbook(excelFilePath): null

16-10-2024T08:50:20 - [TEST_STEP][PASSED] - sheet01 = getExcelSheet(workbook01, sheetName): null

16-10-2024T08:50:20 - [TEST_STEP][PASSED] - setValueToCellByIndex(sheet01, n, 0, dashboardName): null

16-10-2024T08:50:20 - [TEST_STEP][PASSED] - setValueToCellByIndex(sheet01, n, 1, dZO): null

16-10-2024T08:50:20 - [TEST_STEP][PASSED] - setValueToCellByIndex(sheet01, n, 2, typeOfData): null

16-10-2024T08:50:20 - [TEST_STEP][PASSED] - if (typeOfData == "Факт в процентах" || typeOfData == "План в процентах"): null

16-10-2024T08:50:20 - [TEST_STEP][PASSED] - setValueToCellByIndex(sheet01, n, 3, fileDouble): null

16-10-2024T08:50:20 - [TEST_STEP][PASSED] - setValueToCellByIndex(sheet01, n, 4, pageDouble): null

16-10-2024T08:50:20 - [TEST_STEP][PASSED] - setValueToCellByIndex(sheet01, n, 5, m): null

16-10-2024T08:50:20 - [TEST_STEP][PASSED] - setValueToCellByIndex(sheet01, n, 6, y): null

16-10-2024T08:50:20 - [TEST_STEP][PASSED] - setValueToCellByIndex(sheet01, n, 7, todaysDate): null

16-10-2024T08:50:20 - [TEST_STEP][PASSED] - n = n + 1: null

16-10-2024T08:50:20 - [TEST_STEP][PASSED] - saveWorkbook(excelFilePath, workbook01): null

16-10-2024T08:50:20 - [TEST_STEP][FAILED] - if (verifyEqual(numberOfErrors, 0) == false): null

16-10-2024T08:50:20 - [MESSAGE][FAILED] - Unable to verify equal between actual object '6' and expected object '0' (Root cause: com.kms.katalon.core.exception.StepFailedException: Actual object '6' and expected object '0' are not equal
	at com.kms.katalon.core.keyword.builtin.VerifyEqualKeyword$_verifyEqual_closure1.doCall(VerifyEqualKeyword.groovy:58)
	at com.kms.katalon.core.keyword.builtin.VerifyEqualKeyword$_verifyEqual_closure1.call(VerifyEqualKeyword.groovy)
	at com.kms.katalon.core.keyword.internal.KeywordMain.runKeyword(KeywordMain.groovy:75)
	at com.kms.katalon.core.keyword.builtin.VerifyEqualKeyword.verifyEqual(VerifyEqualKeyword.groovy:63)
	at com.kms.katalon.core.keyword.builtin.VerifyEqualKeyword.execute(VerifyEqualKeyword.groovy:44)
	at com.kms.katalon.core.keyword.internal.KeywordExecutor.executeKeywordForPlatform(KeywordExecutor.groovy:74)
	at com.kms.katalon.core.keyword.BuiltinKeywords.verifyEqual(BuiltinKeywords.groovy:146)
	at java.base/jdk.internal.reflect.NativeMethodAccessorImpl.invoke0(Native Method)
	at java.base/jdk.internal.reflect.NativeMethodAccessorImpl.invoke(NativeMethodAccessorImpl.java:77)
	at java.base/jdk.internal.reflect.DelegatingMethodAccessorImpl.invoke(DelegatingMethodAccessorImpl.java:43)
	at Выполнение бизнес-плана Сверка ПАО Россети все филиалы.Numbers(Выполнение бизнес-плана Сверка ПАО Россети все филиалы:749)
	at Выполнение бизнес-плана Сверка ПАО Россети все филиалы.Filials(Выполнение бизнес-плана Сверка ПАО Россети все филиалы:1088)
	at Выполнение бизнес-плана Сверка ПАО Россети все филиалы.Numbers(Выполнение бизнес-плана Сверка ПАО Россети все филиалы:754)
	at Выполнение бизнес-плана Сверка ПАО Россети все филиалы.run(Выполнение бизнес-плана Сверка ПАО Россети все филиалы:313)
	at com.kms.katalon.core.main.ScriptEngine.run(ScriptEngine.java:194)
	at com.kms.katalon.core.main.ScriptEngine.runScriptAsRawText(ScriptEngine.java:119)
	at com.kms.katalon.core.main.TestCaseExecutor.runScript(TestCaseExecutor.java:448)
	at com.kms.katalon.core.main.TestCaseExecutor.doExecute(TestCaseExecutor.java:439)
	at com.kms.katalon.core.main.TestCaseExecutor.processExecutionPhase(TestCaseExecutor.java:418)
	at com.kms.katalon.core.main.TestCaseExecutor.accessMainPhase(TestCaseExecutor.java:410)
	at com.kms.katalon.core.main.TestCaseExecutor.execute(TestCaseExecutor.java:285)
	at com.kms.katalon.core.common.CommonExecutor.accessTestCaseMainPhase(CommonExecutor.java:65)
	at com.kms.katalon.core.main.TestSuiteExecutor.accessTestSuiteMainPhase(TestSuiteExecutor.java:150)
	at com.kms.katalon.core.main.TestSuiteExecutor.execute(TestSuiteExecutor.java:106)
	at com.kms.katalon.core.main.TestCaseMain.startTestSuite(TestCaseMain.java:180)
	at TempTestSuite1729057289574.run(TempTestSuite1729057289574.groovy:35)
	at java.base/jdk.internal.reflect.NativeMethodAccessorImpl.invoke0(Native Method)
	at java.base/jdk.internal.reflect.NativeMethodAccessorImpl.invoke(NativeMethodAccessorImpl.java:77)
	at java.base/jdk.internal.reflect.DelegatingMethodAccessorImpl.invoke(DelegatingMethodAccessorImpl.java:43)
)

16-10-2024T08:50:20 - [TEST_STEP][PASSED] - println(numberOfErrors): null

16-10-2024T08:50:20 - [TEST_STEP][PASSED] - if (a == 28 || a == 77 || a == 74 || a == 65 || a == 36 || a == 44 || a == 54 || a == 1 || a == 18 || a == 59): null

16-10-2024T08:50:20 - [TEST_STEP][PASSED] - if (a == 82): null

16-10-2024T08:50:20 - [TEST_STEP][PASSED] - dZO = "Каббалкэнерго": null

16-10-2024T08:50:20 - [TEST_STEP][PASSED] - a = 66: null

16-10-2024T08:50:20 - [TEST_STEP][PASSED] - if (x2.contains(dZO)): null

16-10-2024T08:50:20 - [TEST_STEP][PASSED] - filialNum = filialNum + 1: null

16-10-2024T08:50:20 - [TEST_STEP][PASSED] - Script1718980020443.Numbers(a, typeOfData, todaysDate, pageInt, fileInt, pageDouble, fileDouble, dZO, dzoNum, filialNum): null

16-10-2024T08:50:20 - [TEST_STEP][PASSED] - println(dzoNum): null

16-10-2024T08:50:20 - [TEST_STEP][PASSED] - planFact = <not implemented yet for class: org.codehaus.groovy.ast.expr.EmptyExpression>: null

16-10-2024T08:50:20 - [TEST_STEP][PASSED] - page = <not implemented yet for class: org.codehaus.groovy.ast.expr.EmptyExpression>: null

16-10-2024T08:50:20 - [TEST_STEP][PASSED] - page1 = <not implemented yet for class: org.codehaus.groovy.ast.expr.EmptyExpression>: null

16-10-2024T08:50:20 - [TEST_STEP][PASSED] - page2 = <not implemented yet for class: org.codehaus.groovy.ast.expr.EmptyExpression>: null

16-10-2024T08:50:20 - [TEST_STEP][PASSED] - filialNumberInRow = <not implemented yet for class: org.codehaus.groovy.ast.expr.EmptyExpression>: null

16-10-2024T08:50:20 - [TEST_STEP][PASSED] - filialsDzoNames = <not implemented yet for class: org.codehaus.groovy.ast.expr.EmptyExpression>: null

16-10-2024T08:50:20 - [TEST_STEP][PASSED] - numberOfFilials = <not implemented yet for class: org.codehaus.groovy.ast.expr.EmptyExpression>: null

16-10-2024T08:50:20 - [TEST_STEP][PASSED] - numberOfSpaces = <not implemented yet for class: org.codehaus.groovy.ast.expr.EmptyExpression>: null

16-10-2024T08:50:20 - [TEST_STEP][PASSED] - file = <not implemented yet for class: org.codehaus.groovy.ast.expr.EmptyExpression>: null

16-10-2024T08:50:20 - [TEST_STEP][PASSED] - otpusk = <not implemented yet for class: org.codehaus.groovy.ast.expr.EmptyExpression>: null

16-10-2024T08:50:20 - [TEST_STEP][PASSED] - poteri = <not implemented yet for class: org.codehaus.groovy.ast.expr.EmptyExpression>: null

16-10-2024T08:50:20 - [TEST_STEP][PASSED] - dataFolder = "Выполнение бизнес-плана/Значения со страницы Выполнение бизнес-плана/": null

16-10-2024T08:50:20 - [TEST_STEP][PASSED] - path = <not implemented yet for class: org.codehaus.groovy.ast.expr.EmptyExpression>: null

16-10-2024T08:50:20 - [TEST_STEP][PASSED] - typeOfDataMain = <not implemented yet for class: org.codehaus.groovy.ast.expr.EmptyExpression>: null

16-10-2024T08:50:20 - [TEST_STEP][PASSED] - fileOtpuskVSet = <not implemented yet for class: org.codehaus.groovy.ast.expr.EmptyExpression>: null

16-10-2024T08:50:20 - [TEST_STEP][PASSED] - pageOtpuskVSet = <not implemented yet for class: org.codehaus.groovy.ast.expr.EmptyExpression>: null

16-10-2024T08:50:20 - [TEST_STEP][PASSED] - filePoteri = <not implemented yet for class: org.codehaus.groovy.ast.expr.EmptyExpression>: null

16-10-2024T08:50:20 - [TEST_STEP][PASSED] - pagePoteri = <not implemented yet for class: org.codehaus.groovy.ast.expr.EmptyExpression>: null

16-10-2024T08:50:20 - [TEST_STEP][PASSED] - compare = <not implemented yet for class: org.codehaus.groovy.ast.expr.EmptyExpression>: null

16-10-2024T08:50:20 - [TEST_STEP][PASSED] - b = <not implemented yet for class: org.codehaus.groovy.ast.expr.EmptyExpression>: null

16-10-2024T08:50:20 - [TEST_STEP][PASSED] - i = <not implemented yet for class: org.codehaus.groovy.ast.expr.EmptyExpression>: null

16-10-2024T08:50:20 - [TEST_STEP][PASSED] - ii = <not implemented yet for class: org.codehaus.groovy.ast.expr.EmptyExpression>: null

16-10-2024T08:50:20 - [TEST_STEP][PASSED] - c = <not implemented yet for class: org.codehaus.groovy.ast.expr.EmptyExpression>: null

16-10-2024T08:50:20 - [TEST_STEP][PASSED] - numberOfErrors = 0: null

16-10-2024T08:50:20 - [TEST_STEP][PASSED] - if (a == 82): null

16-10-2024T08:50:20 - [TEST_STEP][PASSED] - b = findTestData("PlanFact").getValue(1, a): null

16-10-2024T08:50:20 - [TEST_STEP][PASSED] - i = b.indexOf(" (ГК)"): null

16-10-2024T08:50:20 - [TEST_STEP][PASSED] - if (i > -1): null

16-10-2024T08:50:20 - [TEST_STEP][PASSED] - i = b.indexOf("О ""): null

16-10-2024T08:50:20 - [TEST_STEP][PASSED] - if (i > -1): null

16-10-2024T08:50:20 - [TEST_STEP][PASSED] - i = b.indexOf("О «"): null

16-10-2024T08:50:20 - [TEST_STEP][PASSED] - if (i > -1): null

16-10-2024T08:50:20 - [TEST_STEP][PASSED] - i = b.indexOf("г. "): null

16-10-2024T08:50:20 - [TEST_STEP][PASSED] - if (i > -1): null

16-10-2024T08:50:20 - [TEST_STEP][PASSED] - println(b): null

16-10-2024T08:50:20 - [TEST_STEP][PASSED] - for ([planFact = 1, planFact < 3, (planFact++)]): null

16-10-2024T08:50:20 - [TEST_STEP][PASSED] - if (planFact == 1): null

16-10-2024T08:50:20 - [TEST_STEP][PASSED] - typeOfDataMain = "Факт": null

16-10-2024T08:50:20 - [TEST_STEP][PASSED] - otpusk = findTestData("PlanFact").getValue(5, a): null

16-10-2024T08:50:21 - [TEST_STEP][PASSED] - poteri = findTestData("PlanFact").getValue(6, a): null

16-10-2024T08:50:21 - [TEST_STEP][PASSED] - otpusk = otpusk.replaceAll("\s+", ""): null

16-10-2024T08:50:21 - [TEST_STEP][PASSED] - poteri = poteri.replaceAll("\s+", ""): null

16-10-2024T08:50:21 - [TEST_STEP][PASSED] - typeOfData = typeOfDataMain + " Отпуск в сеть": null

16-10-2024T08:50:21 - [TEST_STEP][PASSED] - if (a == 82): null

16-10-2024T08:50:21 - [TEST_STEP][PASSED] - else if (a == 84): null

16-10-2024T08:50:21 - [TEST_STEP][PASSED] - else if (a == 52 || a == 72 || a == 28 || a == 73 || a == 77 || a == 74 || a == 65 || a == 36 || a == 44 || a == 53 || a == 80 || a == 54 || a == 1 || a == 18 || a == 59 || a == 81): null

16-10-2024T08:50:21 - [TEST_STEP][PASSED] - else: null

16-10-2024T08:50:21 - [TEST_STEP][PASSED] - path = dataFolder + typeOfData + " за отчётный период " + b: null

16-10-2024T08:50:21 - [TEST_STEP][PASSED] - println(path): null

16-10-2024T08:50:21 - [TEST_STEP][PASSED] - page = getText(findTestObject(path)): Text of object 'Object Repository/Выполнение бизнес-плана/Значения со страницы Выполнение бизнес-плана/Факт Отпуск в сеть за отчётный период Каббалкэнерго' is: '1 267 062'

16-10-2024T08:50:21 - [MESSAGE][PASSED] - Text of object 'Object Repository/Выполнение бизнес-плана/Значения со страницы Выполнение бизнес-плана/Факт Отпуск в сеть за отчётный период Каббалкэнерго' is: '1 267 062'

16-10-2024T08:50:21 - [TEST_STEP][PASSED] - page = page.replaceAll("\s+", ""): null

16-10-2024T08:50:21 - [TEST_STEP][PASSED] - fileOtpuskVSet = otpusk.toInteger(): null

16-10-2024T08:50:21 - [TEST_STEP][PASSED] - pageOtpuskVSet = page.toInteger(): null

16-10-2024T08:50:21 - [TEST_STEP][PASSED] - typeOfData = typeOfDataMain + " Потери": null

16-10-2024T08:50:21 - [TEST_STEP][PASSED] - if (a == 82): null

16-10-2024T08:50:21 - [TEST_STEP][PASSED] - else if (a == 84): null

16-10-2024T08:50:21 - [TEST_STEP][PASSED] - else if (a == 52 || a == 72 || a == 28 || a == 73 || a == 77 || a == 74 || a == 65 || a == 36 || a == 44 || a == 53 || a == 80 || a == 54 || a == 1 || a == 18 || a == 59 || a == 81): null

16-10-2024T08:50:21 - [TEST_STEP][PASSED] - else: null

16-10-2024T08:50:21 - [TEST_STEP][PASSED] - path = dataFolder + typeOfData + " за отчётный период " + b: null

16-10-2024T08:50:21 - [TEST_STEP][PASSED] - page = getText(findTestObject(path)): Text of object 'Object Repository/Выполнение бизнес-плана/Значения со страницы Выполнение бизнес-плана/Факт Потери за отчётный период Каббалкэнерго' is: '252 911'

16-10-2024T08:50:21 - [MESSAGE][PASSED] - Text of object 'Object Repository/Выполнение бизнес-плана/Значения со страницы Выполнение бизнес-плана/Факт Потери за отчётный период Каббалкэнерго' is: '252 911'

16-10-2024T08:50:21 - [TEST_STEP][PASSED] - page = page.replaceAll("\s+", ""): null

16-10-2024T08:50:21 - [TEST_STEP][PASSED] - filePoteri = poteri.toInteger(): null

16-10-2024T08:50:21 - [TEST_STEP][PASSED] - pagePoteri = page.toInteger(): null

16-10-2024T08:50:21 - [TEST_STEP][PASSED] - compare = pageOtpuskVSet: null

16-10-2024T08:50:21 - [TEST_STEP][PASSED] - if (compare == fileOtpuskVSet): null

16-10-2024T08:50:21 - [TEST_STEP][PASSED] - else if (compare > fileOtpuskVSet): null

16-10-2024T08:50:21 - [TEST_STEP][PASSED] - compare = compare - 1: null

16-10-2024T08:50:21 - [TEST_STEP][PASSED] - if (compare == fileOtpuskVSet): null

16-10-2024T08:50:21 - [TEST_STEP][PASSED] - else: null

16-10-2024T08:50:21 - [TEST_STEP][PASSED] - numberOfErrors = numberOfErrors + 1: null

16-10-2024T08:50:21 - [TEST_STEP][PASSED] - pageInt = pageOtpuskVSet: null

16-10-2024T08:50:21 - [TEST_STEP][PASSED] - fileInt = fileOtpuskVSet: null

16-10-2024T08:50:21 - [TEST_STEP][PASSED] - typeOfData = typeOfDataMain + " Отпуск в сеть": null

16-10-2024T08:50:21 - [TEST_STEP][PASSED] - Script1718980020443.WriteToExcel(a, typeOfData, todaysDate, pageInt, fileInt, pageDouble, fileDouble, dZO): null

16-10-2024T08:50:21 - [TEST_STEP][PASSED] - sheetName = "Sheet1": null

16-10-2024T08:50:21 - [TEST_STEP][PASSED] - data = findTestData("PlanFact"): null

16-10-2024T08:50:21 - [TEST_STEP][PASSED] - n = data.getRowNumbers() + 1: null

16-10-2024T08:50:21 - [TEST_STEP][PASSED] - year = todaysDate.substring(todaysDate.length() - 4, todaysDate.length()): null

16-10-2024T08:50:21 - [TEST_STEP][PASSED] - y = year.toInteger(): null

16-10-2024T08:50:21 - [TEST_STEP][PASSED] - m = getText(findTestObject("Выполнение бизнес-плана/Период")): Text of object 'Object Repository/Выполнение бизнес-плана/Период' is: '1, 2 кв., Июль, Август 2024 года'

16-10-2024T08:50:22 - [MESSAGE][PASSED] - Text of object 'Object Repository/Выполнение бизнес-плана/Период' is: '1, 2 кв., Июль, Август 2024 года'

16-10-2024T08:50:22 - [TEST_STEP][PASSED] - m = m.substring(0, m.indexOf("2024")): null

16-10-2024T08:50:22 - [TEST_STEP][PASSED] - m = m.trim(): null

16-10-2024T08:50:22 - [TEST_STEP][PASSED] - dashboardName = "Выполнение бизнес-плана": null

16-10-2024T08:50:22 - [TEST_STEP][PASSED] - workbook01 = getWorkbook(excelFilePath): null

16-10-2024T08:50:22 - [TEST_STEP][PASSED] - sheet01 = getExcelSheet(workbook01, sheetName): null

16-10-2024T08:50:22 - [TEST_STEP][PASSED] - setValueToCellByIndex(sheet01, n, 0, dashboardName): null

16-10-2024T08:50:22 - [TEST_STEP][PASSED] - setValueToCellByIndex(sheet01, n, 1, dZO): null

16-10-2024T08:50:22 - [TEST_STEP][PASSED] - setValueToCellByIndex(sheet01, n, 2, typeOfData): null

16-10-2024T08:50:22 - [TEST_STEP][PASSED] - if (typeOfData == "Факт в процентах" || typeOfData == "План в процентах"): null

16-10-2024T08:50:22 - [TEST_STEP][PASSED] - else: null

16-10-2024T08:50:22 - [TEST_STEP][PASSED] - setValueToCellByIndex(sheet01, n, 3, fileInt): null

16-10-2024T08:50:22 - [TEST_STEP][PASSED] - setValueToCellByIndex(sheet01, n, 4, pageInt): null

16-10-2024T08:50:22 - [TEST_STEP][PASSED] - setValueToCellByIndex(sheet01, n, 5, m): null

16-10-2024T08:50:22 - [TEST_STEP][PASSED] - setValueToCellByIndex(sheet01, n, 6, y): null

16-10-2024T08:50:22 - [TEST_STEP][PASSED] - setValueToCellByIndex(sheet01, n, 7, todaysDate): null

16-10-2024T08:50:22 - [TEST_STEP][PASSED] - n = n + 1: null

16-10-2024T08:50:22 - [TEST_STEP][PASSED] - saveWorkbook(excelFilePath, workbook01): null

16-10-2024T08:50:22 - [TEST_STEP][PASSED] - compare = pagePoteri: null

16-10-2024T08:50:22 - [TEST_STEP][PASSED] - if (compare == filePoteri): null

16-10-2024T08:50:22 - [TEST_STEP][PASSED] - else if (compare > filePoteri): null

16-10-2024T08:50:22 - [TEST_STEP][PASSED] - compare = compare - 1: null

16-10-2024T08:50:22 - [TEST_STEP][PASSED] - if (compare == filePoteri): null

16-10-2024T08:50:22 - [TEST_STEP][PASSED] - else: null

16-10-2024T08:50:22 - [TEST_STEP][PASSED] - numberOfErrors = numberOfErrors + 1: null

16-10-2024T08:50:22 - [TEST_STEP][PASSED] - pageInt = pagePoteri: null

16-10-2024T08:50:22 - [TEST_STEP][PASSED] - fileInt = filePoteri: null

16-10-2024T08:50:22 - [TEST_STEP][PASSED] - typeOfData = typeOfDataMain + " Потери": null

16-10-2024T08:50:22 - [TEST_STEP][PASSED] - Script1718980020443.WriteToExcel(a, typeOfData, todaysDate, pageInt, fileInt, pageDouble, fileDouble, dZO): null

16-10-2024T08:50:22 - [TEST_STEP][PASSED] - sheetName = "Sheet1": null

16-10-2024T08:50:22 - [TEST_STEP][PASSED] - data = findTestData("PlanFact"): null

16-10-2024T08:50:22 - [TEST_STEP][PASSED] - n = data.getRowNumbers() + 1: null

16-10-2024T08:50:22 - [TEST_STEP][PASSED] - year = todaysDate.substring(todaysDate.length() - 4, todaysDate.length()): null

16-10-2024T08:50:22 - [TEST_STEP][PASSED] - y = year.toInteger(): null

16-10-2024T08:50:22 - [TEST_STEP][PASSED] - m = getText(findTestObject("Выполнение бизнес-плана/Период")): Text of object 'Object Repository/Выполнение бизнес-плана/Период' is: '1, 2 кв., Июль, Август 2024 года'

16-10-2024T08:50:22 - [MESSAGE][PASSED] - Text of object 'Object Repository/Выполнение бизнес-плана/Период' is: '1, 2 кв., Июль, Август 2024 года'

16-10-2024T08:50:22 - [TEST_STEP][PASSED] - m = m.substring(0, m.indexOf("2024")): null

16-10-2024T08:50:22 - [TEST_STEP][PASSED] - m = m.trim(): null

16-10-2024T08:50:22 - [TEST_STEP][PASSED] - dashboardName = "Выполнение бизнес-плана": null

16-10-2024T08:50:22 - [TEST_STEP][PASSED] - workbook01 = getWorkbook(excelFilePath): null

16-10-2024T08:50:22 - [TEST_STEP][PASSED] - sheet01 = getExcelSheet(workbook01, sheetName): null

16-10-2024T08:50:22 - [TEST_STEP][PASSED] - setValueToCellByIndex(sheet01, n, 0, dashboardName): null

16-10-2024T08:50:22 - [TEST_STEP][PASSED] - setValueToCellByIndex(sheet01, n, 1, dZO): null

16-10-2024T08:50:22 - [TEST_STEP][PASSED] - setValueToCellByIndex(sheet01, n, 2, typeOfData): null

16-10-2024T08:50:22 - [TEST_STEP][PASSED] - if (typeOfData == "Факт в процентах" || typeOfData == "План в процентах"): null

16-10-2024T08:50:22 - [TEST_STEP][PASSED] - else: null

16-10-2024T08:50:22 - [TEST_STEP][PASSED] - setValueToCellByIndex(sheet01, n, 3, fileInt): null

16-10-2024T08:50:22 - [TEST_STEP][PASSED] - setValueToCellByIndex(sheet01, n, 4, pageInt): null

16-10-2024T08:50:22 - [TEST_STEP][PASSED] - setValueToCellByIndex(sheet01, n, 5, m): null

16-10-2024T08:50:22 - [TEST_STEP][PASSED] - setValueToCellByIndex(sheet01, n, 6, y): null

16-10-2024T08:50:22 - [TEST_STEP][PASSED] - setValueToCellByIndex(sheet01, n, 7, todaysDate): null

16-10-2024T08:50:22 - [TEST_STEP][PASSED] - n = n + 1: null

16-10-2024T08:50:22 - [TEST_STEP][PASSED] - saveWorkbook(excelFilePath, workbook01): null

16-10-2024T08:50:23 - [TEST_STEP][PASSED] - if (planFact == 2): null

16-10-2024T08:50:23 - [TEST_STEP][PASSED] - if (planFact == 1): null

16-10-2024T08:50:23 - [TEST_STEP][PASSED] - else if (planFact == 2): null

16-10-2024T08:50:23 - [TEST_STEP][PASSED] - click(findTestObject("Выполнение бизнес-плана/Кнопка План")): Object: 'Object Repository/Выполнение бизнес-плана/Кнопка План' is clicked on

16-10-2024T08:50:23 - [MESSAGE][PASSED] - Object: 'Object Repository/Выполнение бизнес-плана/Кнопка План' is clicked on

16-10-2024T08:50:23 - [TEST_STEP][PASSED] - typeOfDataMain = "План": null

16-10-2024T08:50:23 - [TEST_STEP][PASSED] - otpusk = findTestData("PlanFact").getValue(2, a): null

16-10-2024T08:50:23 - [TEST_STEP][PASSED] - poteri = findTestData("PlanFact").getValue(3, a): null

16-10-2024T08:50:23 - [TEST_STEP][PASSED] - otpusk = otpusk.replaceAll("\s+", ""): null

16-10-2024T08:50:23 - [TEST_STEP][PASSED] - poteri = poteri.replaceAll("\s+", ""): null

16-10-2024T08:50:23 - [TEST_STEP][PASSED] - typeOfData = typeOfDataMain + " Отпуск в сеть": null

16-10-2024T08:50:23 - [TEST_STEP][PASSED] - if (a == 82): null

16-10-2024T08:50:23 - [TEST_STEP][PASSED] - else if (a == 84): null

16-10-2024T08:50:23 - [TEST_STEP][PASSED] - else if (a == 52 || a == 72 || a == 28 || a == 73 || a == 77 || a == 74 || a == 65 || a == 36 || a == 44 || a == 53 || a == 80 || a == 54 || a == 1 || a == 18 || a == 59 || a == 81): null

16-10-2024T08:50:23 - [TEST_STEP][PASSED] - else: null

16-10-2024T08:50:23 - [TEST_STEP][PASSED] - path = dataFolder + typeOfData + " за отчётный период " + b: null

16-10-2024T08:50:23 - [TEST_STEP][PASSED] - println(path): null

16-10-2024T08:50:23 - [TEST_STEP][PASSED] - page = getText(findTestObject(path)): Text of object 'Object Repository/Выполнение бизнес-плана/Значения со страницы Выполнение бизнес-плана/План Отпуск в сеть за отчётный период Каббалкэнерго' is: '1 166 613'

16-10-2024T08:50:24 - [MESSAGE][PASSED] - Text of object 'Object Repository/Выполнение бизнес-плана/Значения со страницы Выполнение бизнес-плана/План Отпуск в сеть за отчётный период Каббалкэнерго' is: '1 166 613'

16-10-2024T08:50:24 - [TEST_STEP][PASSED] - page = page.replaceAll("\s+", ""): null

16-10-2024T08:50:24 - [TEST_STEP][PASSED] - fileOtpuskVSet = otpusk.toInteger(): null

16-10-2024T08:50:24 - [TEST_STEP][PASSED] - pageOtpuskVSet = page.toInteger(): null

16-10-2024T08:50:24 - [TEST_STEP][PASSED] - typeOfData = typeOfDataMain + " Потери": null

16-10-2024T08:50:24 - [TEST_STEP][PASSED] - if (a == 82): null

16-10-2024T08:50:24 - [TEST_STEP][PASSED] - else if (a == 84): null

16-10-2024T08:50:24 - [TEST_STEP][PASSED] - else if (a == 52 || a == 72 || a == 28 || a == 73 || a == 77 || a == 74 || a == 65 || a == 36 || a == 44 || a == 53 || a == 80 || a == 54 || a == 1 || a == 18 || a == 59 || a == 81): null

16-10-2024T08:50:24 - [TEST_STEP][PASSED] - else: null

16-10-2024T08:50:24 - [TEST_STEP][PASSED] - path = dataFolder + typeOfData + " за отчётный период " + b: null

16-10-2024T08:50:24 - [TEST_STEP][PASSED] - page = getText(findTestObject(path)): Text of object 'Object Repository/Выполнение бизнес-плана/Значения со страницы Выполнение бизнес-плана/План Потери за отчётный период Каббалкэнерго' is: '235 702'

16-10-2024T08:50:24 - [MESSAGE][PASSED] - Text of object 'Object Repository/Выполнение бизнес-плана/Значения со страницы Выполнение бизнес-плана/План Потери за отчётный период Каббалкэнерго' is: '235 702'

16-10-2024T08:50:24 - [TEST_STEP][PASSED] - page = page.replaceAll("\s+", ""): null

16-10-2024T08:50:24 - [TEST_STEP][PASSED] - filePoteri = poteri.toInteger(): null

16-10-2024T08:50:24 - [TEST_STEP][PASSED] - pagePoteri = page.toInteger(): null

16-10-2024T08:50:24 - [TEST_STEP][PASSED] - compare = pageOtpuskVSet: null

16-10-2024T08:50:24 - [TEST_STEP][PASSED] - if (compare == fileOtpuskVSet): null

16-10-2024T08:50:24 - [TEST_STEP][PASSED] - else if (compare > fileOtpuskVSet): null

16-10-2024T08:50:24 - [TEST_STEP][PASSED] - compare = compare - 1: null

16-10-2024T08:50:24 - [TEST_STEP][PASSED] - if (compare == fileOtpuskVSet): null

16-10-2024T08:50:24 - [TEST_STEP][PASSED] - else: null

16-10-2024T08:50:24 - [TEST_STEP][PASSED] - numberOfErrors = numberOfErrors + 1: null

16-10-2024T08:50:24 - [TEST_STEP][PASSED] - pageInt = pageOtpuskVSet: null

16-10-2024T08:50:24 - [TEST_STEP][PASSED] - fileInt = fileOtpuskVSet: null

16-10-2024T08:50:24 - [TEST_STEP][PASSED] - typeOfData = typeOfDataMain + " Отпуск в сеть": null

16-10-2024T08:50:24 - [TEST_STEP][PASSED] - Script1718980020443.WriteToExcel(a, typeOfData, todaysDate, pageInt, fileInt, pageDouble, fileDouble, dZO): null

16-10-2024T08:50:24 - [TEST_STEP][PASSED] - sheetName = "Sheet1": null

16-10-2024T08:50:24 - [TEST_STEP][PASSED] - data = findTestData("PlanFact"): null

16-10-2024T08:50:24 - [TEST_STEP][PASSED] - n = data.getRowNumbers() + 1: null

16-10-2024T08:50:24 - [TEST_STEP][PASSED] - year = todaysDate.substring(todaysDate.length() - 4, todaysDate.length()): null

16-10-2024T08:50:24 - [TEST_STEP][PASSED] - y = year.toInteger(): null

16-10-2024T08:50:24 - [TEST_STEP][PASSED] - m = getText(findTestObject("Выполнение бизнес-плана/Период")): Text of object 'Object Repository/Выполнение бизнес-плана/Период' is: '1, 2 кв., Июль, Август 2024 года'

16-10-2024T08:50:24 - [MESSAGE][PASSED] - Text of object 'Object Repository/Выполнение бизнес-плана/Период' is: '1, 2 кв., Июль, Август 2024 года'

16-10-2024T08:50:24 - [TEST_STEP][PASSED] - m = m.substring(0, m.indexOf("2024")): null

16-10-2024T08:50:24 - [TEST_STEP][PASSED] - m = m.trim(): null

16-10-2024T08:50:24 - [TEST_STEP][PASSED] - dashboardName = "Выполнение бизнес-плана": null

16-10-2024T08:50:24 - [TEST_STEP][PASSED] - workbook01 = getWorkbook(excelFilePath): null

16-10-2024T08:50:24 - [TEST_STEP][PASSED] - sheet01 = getExcelSheet(workbook01, sheetName): null

16-10-2024T08:50:24 - [TEST_STEP][PASSED] - setValueToCellByIndex(sheet01, n, 0, dashboardName): null

16-10-2024T08:50:24 - [TEST_STEP][PASSED] - setValueToCellByIndex(sheet01, n, 1, dZO): null

16-10-2024T08:50:24 - [TEST_STEP][PASSED] - setValueToCellByIndex(sheet01, n, 2, typeOfData): null

16-10-2024T08:50:24 - [TEST_STEP][PASSED] - if (typeOfData == "Факт в процентах" || typeOfData == "План в процентах"): null

16-10-2024T08:50:24 - [TEST_STEP][PASSED] - else: null

16-10-2024T08:50:24 - [TEST_STEP][PASSED] - setValueToCellByIndex(sheet01, n, 3, fileInt): null

16-10-2024T08:50:24 - [TEST_STEP][PASSED] - setValueToCellByIndex(sheet01, n, 4, pageInt): null

16-10-2024T08:50:24 - [TEST_STEP][PASSED] - setValueToCellByIndex(sheet01, n, 5, m): null

16-10-2024T08:50:24 - [TEST_STEP][PASSED] - setValueToCellByIndex(sheet01, n, 6, y): null

16-10-2024T08:50:24 - [TEST_STEP][PASSED] - setValueToCellByIndex(sheet01, n, 7, todaysDate): null

16-10-2024T08:50:24 - [TEST_STEP][PASSED] - n = n + 1: null

16-10-2024T08:50:24 - [TEST_STEP][PASSED] - saveWorkbook(excelFilePath, workbook01): null

16-10-2024T08:50:25 - [TEST_STEP][PASSED] - compare = pagePoteri: null

16-10-2024T08:50:25 - [TEST_STEP][PASSED] - if (compare == filePoteri): null

16-10-2024T08:50:25 - [TEST_STEP][PASSED] - else if (compare > filePoteri): null

16-10-2024T08:50:25 - [TEST_STEP][PASSED] - compare = compare - 1: null

16-10-2024T08:50:25 - [TEST_STEP][PASSED] - if (compare == filePoteri): null

16-10-2024T08:50:25 - [TEST_STEP][PASSED] - else: null

16-10-2024T08:50:25 - [TEST_STEP][PASSED] - numberOfErrors = numberOfErrors + 1: null

16-10-2024T08:50:25 - [TEST_STEP][PASSED] - pageInt = pagePoteri: null

16-10-2024T08:50:25 - [TEST_STEP][PASSED] - fileInt = filePoteri: null

16-10-2024T08:50:25 - [TEST_STEP][PASSED] - typeOfData = typeOfDataMain + " Потери": null

16-10-2024T08:50:25 - [TEST_STEP][PASSED] - Script1718980020443.WriteToExcel(a, typeOfData, todaysDate, pageInt, fileInt, pageDouble, fileDouble, dZO): null

16-10-2024T08:50:25 - [TEST_STEP][PASSED] - sheetName = "Sheet1": null

16-10-2024T08:50:25 - [TEST_STEP][PASSED] - data = findTestData("PlanFact"): null

16-10-2024T08:50:25 - [TEST_STEP][PASSED] - n = data.getRowNumbers() + 1: null

16-10-2024T08:50:25 - [TEST_STEP][PASSED] - year = todaysDate.substring(todaysDate.length() - 4, todaysDate.length()): null

16-10-2024T08:50:25 - [TEST_STEP][PASSED] - y = year.toInteger(): null

16-10-2024T08:50:25 - [TEST_STEP][PASSED] - m = getText(findTestObject("Выполнение бизнес-плана/Период")): Text of object 'Object Repository/Выполнение бизнес-плана/Период' is: '1, 2 кв., Июль, Август 2024 года'

16-10-2024T08:50:25 - [MESSAGE][PASSED] - Text of object 'Object Repository/Выполнение бизнес-плана/Период' is: '1, 2 кв., Июль, Август 2024 года'

16-10-2024T08:50:25 - [TEST_STEP][PASSED] - m = m.substring(0, m.indexOf("2024")): null

16-10-2024T08:50:25 - [TEST_STEP][PASSED] - m = m.trim(): null

16-10-2024T08:50:25 - [TEST_STEP][PASSED] - dashboardName = "Выполнение бизнес-плана": null

16-10-2024T08:50:25 - [TEST_STEP][PASSED] - workbook01 = getWorkbook(excelFilePath): null

16-10-2024T08:50:25 - [TEST_STEP][PASSED] - sheet01 = getExcelSheet(workbook01, sheetName): null

16-10-2024T08:50:25 - [TEST_STEP][PASSED] - setValueToCellByIndex(sheet01, n, 0, dashboardName): null

16-10-2024T08:50:25 - [TEST_STEP][PASSED] - setValueToCellByIndex(sheet01, n, 1, dZO): null

16-10-2024T08:50:25 - [TEST_STEP][PASSED] - setValueToCellByIndex(sheet01, n, 2, typeOfData): null

16-10-2024T08:50:25 - [TEST_STEP][PASSED] - if (typeOfData == "Факт в процентах" || typeOfData == "План в процентах"): null

16-10-2024T08:50:25 - [TEST_STEP][PASSED] - else: null

16-10-2024T08:50:25 - [TEST_STEP][PASSED] - setValueToCellByIndex(sheet01, n, 3, fileInt): null

16-10-2024T08:50:25 - [TEST_STEP][PASSED] - setValueToCellByIndex(sheet01, n, 4, pageInt): null

16-10-2024T08:50:25 - [TEST_STEP][PASSED] - setValueToCellByIndex(sheet01, n, 5, m): null

16-10-2024T08:50:25 - [TEST_STEP][PASSED] - setValueToCellByIndex(sheet01, n, 6, y): null

16-10-2024T08:50:25 - [TEST_STEP][PASSED] - setValueToCellByIndex(sheet01, n, 7, todaysDate): null

16-10-2024T08:50:25 - [TEST_STEP][PASSED] - n = n + 1: null

16-10-2024T08:50:25 - [TEST_STEP][PASSED] - saveWorkbook(excelFilePath, workbook01): Object: 'Object Repository/Выполнение бизнес-плана/Кнопка Факт' is clicked on

16-10-2024T08:50:25 - [TEST_STEP][PASSED] - if (planFact == 2): Object: 'Object Repository/Выполнение бизнес-плана/Кнопка Факт' is clicked on

16-10-2024T08:50:25 - [TEST_STEP][PASSED] - click(findTestObject("Выполнение бизнес-плана/Кнопка Факт")): Object: 'Object Repository/Выполнение бизнес-плана/Кнопка Факт' is clicked on

16-10-2024T08:50:26 - [MESSAGE][PASSED] - Object: 'Object Repository/Выполнение бизнес-плана/Кнопка Факт' is clicked on

16-10-2024T08:50:26 - [TEST_STEP][PASSED] - if (a == 84 || a == 82): null

16-10-2024T08:50:26 - [TEST_STEP][PASSED] - else if (a == 52 || a == 72 || a == 28 || a == 73 || a == 77 || a == 74 || a == 65 || a == 36 || a == 44 || a == 53 || a == 80 || a == 54 || a == 1 || a == 18 || a == 59 || a == 81): null

16-10-2024T08:50:26 - [TEST_STEP][PASSED] - else: null

16-10-2024T08:50:26 - [TEST_STEP][PASSED] - page1 = getText(findTestObject("Object Repository/Выполнение бизнес-плана/spanPlan" + filialNum)): Text of object 'Object Repository/Выполнение бизнес-плана/spanPlan3' is: '20.20
|'

16-10-2024T08:50:26 - [MESSAGE][PASSED] - Text of object 'Object Repository/Выполнение бизнес-плана/spanPlan3' is: '20.20
|'

16-10-2024T08:50:26 - [TEST_STEP][PASSED] - page1 = page1.replace("|", ""): null

16-10-2024T08:50:26 - [TEST_STEP][PASSED] - page2 = getText(findTestObject("Object Repository/Выполнение бизнес-плана/spanFact" + filialNum)): Text of object 'Object Repository/Выполнение бизнес-плана/spanFact3' is: '19.96
|'

16-10-2024T08:50:26 - [MESSAGE][PASSED] - Text of object 'Object Repository/Выполнение бизнес-плана/spanFact3' is: '19.96
|'

16-10-2024T08:50:26 - [TEST_STEP][PASSED] - page2 = page2.replace("|", ""): null

16-10-2024T08:50:26 - [TEST_STEP][PASSED] - println("page1: " + page1): null

16-10-2024T08:50:26 - [TEST_STEP][PASSED] - println("page2: " + page2): null

16-10-2024T08:50:26 - [TEST_STEP][PASSED] - file = findTestData("PlanFact").getValue(4, a): null

16-10-2024T08:50:26 - [TEST_STEP][PASSED] - file = file.replace(",", "."): null

16-10-2024T08:50:26 - [TEST_STEP][PASSED] - println("file Plan: " + file): null

16-10-2024T08:50:26 - [TEST_STEP][PASSED] - typeOfData = "План в процентах": null

16-10-2024T08:50:26 - [TEST_STEP][PASSED] - fileDouble = file.toDouble(): null

16-10-2024T08:50:26 - [TEST_STEP][PASSED] - pageDouble = page1.toDouble(): null

16-10-2024T08:50:26 - [TEST_STEP][PASSED] - if (fileDouble != pageDouble): null

16-10-2024T08:50:26 - [TEST_STEP][PASSED] - numberOfErrors = numberOfErrors + 1: null

16-10-2024T08:50:26 - [TEST_STEP][PASSED] - Script1718980020443.WriteToExcel(a, typeOfData, todaysDate, pageInt, fileInt, pageDouble, fileDouble, dZO): null

16-10-2024T08:50:26 - [TEST_STEP][PASSED] - sheetName = "Sheet1": null

16-10-2024T08:50:26 - [TEST_STEP][PASSED] - data = findTestData("PlanFact"): null

16-10-2024T08:50:26 - [TEST_STEP][PASSED] - n = data.getRowNumbers() + 1: null

16-10-2024T08:50:26 - [TEST_STEP][PASSED] - year = todaysDate.substring(todaysDate.length() - 4, todaysDate.length()): null

16-10-2024T08:50:26 - [TEST_STEP][PASSED] - y = year.toInteger(): null

16-10-2024T08:50:26 - [TEST_STEP][PASSED] - m = getText(findTestObject("Выполнение бизнес-плана/Период")): Text of object 'Object Repository/Выполнение бизнес-плана/Период' is: '1, 2 кв., Июль, Август 2024 года'

16-10-2024T08:50:27 - [MESSAGE][PASSED] - Text of object 'Object Repository/Выполнение бизнес-плана/Период' is: '1, 2 кв., Июль, Август 2024 года'

16-10-2024T08:50:27 - [TEST_STEP][PASSED] - m = m.substring(0, m.indexOf("2024")): null

16-10-2024T08:50:27 - [TEST_STEP][PASSED] - m = m.trim(): null

16-10-2024T08:50:27 - [TEST_STEP][PASSED] - dashboardName = "Выполнение бизнес-плана": null

16-10-2024T08:50:27 - [TEST_STEP][PASSED] - workbook01 = getWorkbook(excelFilePath): null

16-10-2024T08:50:27 - [TEST_STEP][PASSED] - sheet01 = getExcelSheet(workbook01, sheetName): null

16-10-2024T08:50:27 - [TEST_STEP][PASSED] - setValueToCellByIndex(sheet01, n, 0, dashboardName): null

16-10-2024T08:50:27 - [TEST_STEP][PASSED] - setValueToCellByIndex(sheet01, n, 1, dZO): null

16-10-2024T08:50:27 - [TEST_STEP][PASSED] - setValueToCellByIndex(sheet01, n, 2, typeOfData): null

16-10-2024T08:50:27 - [TEST_STEP][PASSED] - if (typeOfData == "Факт в процентах" || typeOfData == "План в процентах"): null

16-10-2024T08:50:27 - [TEST_STEP][PASSED] - setValueToCellByIndex(sheet01, n, 3, fileDouble): null

16-10-2024T08:50:27 - [TEST_STEP][PASSED] - setValueToCellByIndex(sheet01, n, 4, pageDouble): null

16-10-2024T08:50:27 - [TEST_STEP][PASSED] - setValueToCellByIndex(sheet01, n, 5, m): null

16-10-2024T08:50:27 - [TEST_STEP][PASSED] - setValueToCellByIndex(sheet01, n, 6, y): null

16-10-2024T08:50:27 - [TEST_STEP][PASSED] - setValueToCellByIndex(sheet01, n, 7, todaysDate): null

16-10-2024T08:50:27 - [TEST_STEP][PASSED] - n = n + 1: null

16-10-2024T08:50:27 - [TEST_STEP][PASSED] - saveWorkbook(excelFilePath, workbook01): null

16-10-2024T08:50:27 - [TEST_STEP][PASSED] - file = findTestData("PlanFact").getValue(7, a): null

16-10-2024T08:50:27 - [TEST_STEP][PASSED] - file = file.replace(",", "."): null

16-10-2024T08:50:27 - [TEST_STEP][PASSED] - println("file Fact: " + file): null

16-10-2024T08:50:27 - [TEST_STEP][PASSED] - fileDouble = file.toDouble(): null

16-10-2024T08:50:27 - [TEST_STEP][PASSED] - typeOfData = "Факт в процентах": null

16-10-2024T08:50:27 - [TEST_STEP][PASSED] - fileDouble = file.toDouble(): null

16-10-2024T08:50:27 - [TEST_STEP][PASSED] - pageDouble = page2.toDouble(): null

16-10-2024T08:50:27 - [TEST_STEP][PASSED] - if (fileDouble != pageDouble): null

16-10-2024T08:50:27 - [TEST_STEP][PASSED] - numberOfErrors = numberOfErrors + 1: null

16-10-2024T08:50:27 - [TEST_STEP][PASSED] - Script1718980020443.WriteToExcel(a, typeOfData, todaysDate, pageInt, fileInt, pageDouble, fileDouble, dZO): null

16-10-2024T08:50:27 - [TEST_STEP][PASSED] - sheetName = "Sheet1": null

16-10-2024T08:50:27 - [TEST_STEP][PASSED] - data = findTestData("PlanFact"): null

16-10-2024T08:50:27 - [TEST_STEP][PASSED] - n = data.getRowNumbers() + 1: null

16-10-2024T08:50:27 - [TEST_STEP][PASSED] - year = todaysDate.substring(todaysDate.length() - 4, todaysDate.length()): null

16-10-2024T08:50:27 - [TEST_STEP][PASSED] - y = year.toInteger(): null

16-10-2024T08:50:27 - [TEST_STEP][PASSED] - m = getText(findTestObject("Выполнение бизнес-плана/Период")): Text of object 'Object Repository/Выполнение бизнес-плана/Период' is: '1, 2 кв., Июль, Август 2024 года'

16-10-2024T08:50:27 - [MESSAGE][PASSED] - Text of object 'Object Repository/Выполнение бизнес-плана/Период' is: '1, 2 кв., Июль, Август 2024 года'

16-10-2024T08:50:27 - [TEST_STEP][PASSED] - m = m.substring(0, m.indexOf("2024")): null

16-10-2024T08:50:27 - [TEST_STEP][PASSED] - m = m.trim(): null

16-10-2024T08:50:27 - [TEST_STEP][PASSED] - dashboardName = "Выполнение бизнес-плана": null

16-10-2024T08:50:27 - [TEST_STEP][PASSED] - workbook01 = getWorkbook(excelFilePath): null

16-10-2024T08:50:27 - [TEST_STEP][PASSED] - sheet01 = getExcelSheet(workbook01, sheetName): null

16-10-2024T08:50:27 - [TEST_STEP][PASSED] - setValueToCellByIndex(sheet01, n, 0, dashboardName): null

16-10-2024T08:50:27 - [TEST_STEP][PASSED] - setValueToCellByIndex(sheet01, n, 1, dZO): null

16-10-2024T08:50:27 - [TEST_STEP][PASSED] - setValueToCellByIndex(sheet01, n, 2, typeOfData): null

16-10-2024T08:50:27 - [TEST_STEP][PASSED] - if (typeOfData == "Факт в процентах" || typeOfData == "План в процентах"): null

16-10-2024T08:50:27 - [TEST_STEP][PASSED] - setValueToCellByIndex(sheet01, n, 3, fileDouble): null

16-10-2024T08:50:27 - [TEST_STEP][PASSED] - setValueToCellByIndex(sheet01, n, 4, pageDouble): null

16-10-2024T08:50:27 - [TEST_STEP][PASSED] - setValueToCellByIndex(sheet01, n, 5, m): null

16-10-2024T08:50:27 - [TEST_STEP][PASSED] - setValueToCellByIndex(sheet01, n, 6, y): null

16-10-2024T08:50:27 - [TEST_STEP][PASSED] - setValueToCellByIndex(sheet01, n, 7, todaysDate): null

16-10-2024T08:50:27 - [TEST_STEP][PASSED] - n = n + 1: null

16-10-2024T08:50:27 - [TEST_STEP][PASSED] - saveWorkbook(excelFilePath, workbook01): null

16-10-2024T08:50:28 - [TEST_STEP][FAILED] - if (verifyEqual(numberOfErrors, 0) == false): null

16-10-2024T08:50:28 - [MESSAGE][FAILED] - Unable to verify equal between actual object '6' and expected object '0' (Root cause: com.kms.katalon.core.exception.StepFailedException: Actual object '6' and expected object '0' are not equal
	at com.kms.katalon.core.keyword.builtin.VerifyEqualKeyword$_verifyEqual_closure1.doCall(VerifyEqualKeyword.groovy:58)
	at com.kms.katalon.core.keyword.builtin.VerifyEqualKeyword$_verifyEqual_closure1.call(VerifyEqualKeyword.groovy)
	at com.kms.katalon.core.keyword.internal.KeywordMain.runKeyword(KeywordMain.groovy:75)
	at com.kms.katalon.core.keyword.builtin.VerifyEqualKeyword.verifyEqual(VerifyEqualKeyword.groovy:63)
	at com.kms.katalon.core.keyword.builtin.VerifyEqualKeyword.execute(VerifyEqualKeyword.groovy:44)
	at com.kms.katalon.core.keyword.internal.KeywordExecutor.executeKeywordForPlatform(KeywordExecutor.groovy:74)
	at com.kms.katalon.core.keyword.BuiltinKeywords.verifyEqual(BuiltinKeywords.groovy:146)
	at java.base/jdk.internal.reflect.NativeMethodAccessorImpl.invoke0(Native Method)
	at java.base/jdk.internal.reflect.NativeMethodAccessorImpl.invoke(NativeMethodAccessorImpl.java:77)
	at java.base/jdk.internal.reflect.DelegatingMethodAccessorImpl.invoke(DelegatingMethodAccessorImpl.java:43)
	at Выполнение бизнес-плана Сверка ПАО Россети все филиалы.Numbers(Выполнение бизнес-плана Сверка ПАО Россети все филиалы:749)
	at Выполнение бизнес-плана Сверка ПАО Россети все филиалы.Filials(Выполнение бизнес-плана Сверка ПАО Россети все филиалы:1100)
	at Выполнение бизнес-плана Сверка ПАО Россети все филиалы.Numbers(Выполнение бизнес-плана Сверка ПАО Россети все филиалы:754)
	at Выполнение бизнес-плана Сверка ПАО Россети все филиалы.run(Выполнение бизнес-плана Сверка ПАО Россети все филиалы:313)
	at com.kms.katalon.core.main.ScriptEngine.run(ScriptEngine.java:194)
	at com.kms.katalon.core.main.ScriptEngine.runScriptAsRawText(ScriptEngine.java:119)
	at com.kms.katalon.core.main.TestCaseExecutor.runScript(TestCaseExecutor.java:448)
	at com.kms.katalon.core.main.TestCaseExecutor.doExecute(TestCaseExecutor.java:439)
	at com.kms.katalon.core.main.TestCaseExecutor.processExecutionPhase(TestCaseExecutor.java:418)
	at com.kms.katalon.core.main.TestCaseExecutor.accessMainPhase(TestCaseExecutor.java:410)
	at com.kms.katalon.core.main.TestCaseExecutor.execute(TestCaseExecutor.java:285)
	at com.kms.katalon.core.common.CommonExecutor.accessTestCaseMainPhase(CommonExecutor.java:65)
	at com.kms.katalon.core.main.TestSuiteExecutor.accessTestSuiteMainPhase(TestSuiteExecutor.java:150)
	at com.kms.katalon.core.main.TestSuiteExecutor.execute(TestSuiteExecutor.java:106)
	at com.kms.katalon.core.main.TestCaseMain.startTestSuite(TestCaseMain.java:180)
	at TempTestSuite1729057289574.run(TempTestSuite1729057289574.groovy:35)
	at java.base/jdk.internal.reflect.NativeMethodAccessorImpl.invoke0(Native Method)
	at java.base/jdk.internal.reflect.NativeMethodAccessorImpl.invoke(NativeMethodAccessorImpl.java:77)
	at java.base/jdk.internal.reflect.DelegatingMethodAccessorImpl.invoke(DelegatingMethodAccessorImpl.java:43)
)

16-10-2024T08:50:28 - [TEST_STEP][PASSED] - println(numberOfErrors): null

16-10-2024T08:50:28 - [TEST_STEP][PASSED] - if (a == 28 || a == 77 || a == 74 || a == 65 || a == 36 || a == 44 || a == 54 || a == 1 || a == 18 || a == 59): null

16-10-2024T08:50:28 - [TEST_STEP][PASSED] - if (a == 82): null

16-10-2024T08:50:28 - [TEST_STEP][PASSED] - dZO = "Карачаево-Черкесскэнерго": null

16-10-2024T08:50:28 - [TEST_STEP][PASSED] - a = 67: null

16-10-2024T08:50:28 - [TEST_STEP][PASSED] - if (x2.contains(dZO)): null

16-10-2024T08:50:28 - [TEST_STEP][PASSED] - filialNum = filialNum + 1: null

16-10-2024T08:50:28 - [TEST_STEP][PASSED] - Script1718980020443.Numbers(a, typeOfData, todaysDate, pageInt, fileInt, pageDouble, fileDouble, dZO, dzoNum, filialNum): null

16-10-2024T08:50:28 - [TEST_STEP][PASSED] - println(dzoNum): null

16-10-2024T08:50:28 - [TEST_STEP][PASSED] - planFact = <not implemented yet for class: org.codehaus.groovy.ast.expr.EmptyExpression>: null

16-10-2024T08:50:28 - [TEST_STEP][PASSED] - page = <not implemented yet for class: org.codehaus.groovy.ast.expr.EmptyExpression>: null

16-10-2024T08:50:28 - [TEST_STEP][PASSED] - page1 = <not implemented yet for class: org.codehaus.groovy.ast.expr.EmptyExpression>: null

16-10-2024T08:50:28 - [TEST_STEP][PASSED] - page2 = <not implemented yet for class: org.codehaus.groovy.ast.expr.EmptyExpression>: null

16-10-2024T08:50:28 - [TEST_STEP][PASSED] - filialNumberInRow = <not implemented yet for class: org.codehaus.groovy.ast.expr.EmptyExpression>: null

16-10-2024T08:50:28 - [TEST_STEP][PASSED] - filialsDzoNames = <not implemented yet for class: org.codehaus.groovy.ast.expr.EmptyExpression>: null

16-10-2024T08:50:28 - [TEST_STEP][PASSED] - numberOfFilials = <not implemented yet for class: org.codehaus.groovy.ast.expr.EmptyExpression>: null

16-10-2024T08:50:28 - [TEST_STEP][PASSED] - numberOfSpaces = <not implemented yet for class: org.codehaus.groovy.ast.expr.EmptyExpression>: null

16-10-2024T08:50:28 - [TEST_STEP][PASSED] - file = <not implemented yet for class: org.codehaus.groovy.ast.expr.EmptyExpression>: null

16-10-2024T08:50:28 - [TEST_STEP][PASSED] - otpusk = <not implemented yet for class: org.codehaus.groovy.ast.expr.EmptyExpression>: null

16-10-2024T08:50:28 - [TEST_STEP][PASSED] - poteri = <not implemented yet for class: org.codehaus.groovy.ast.expr.EmptyExpression>: null

16-10-2024T08:50:28 - [TEST_STEP][PASSED] - dataFolder = "Выполнение бизнес-плана/Значения со страницы Выполнение бизнес-плана/": null

16-10-2024T08:50:28 - [TEST_STEP][PASSED] - path = <not implemented yet for class: org.codehaus.groovy.ast.expr.EmptyExpression>: null

16-10-2024T08:50:28 - [TEST_STEP][PASSED] - typeOfDataMain = <not implemented yet for class: org.codehaus.groovy.ast.expr.EmptyExpression>: null

16-10-2024T08:50:28 - [TEST_STEP][PASSED] - fileOtpuskVSet = <not implemented yet for class: org.codehaus.groovy.ast.expr.EmptyExpression>: null

16-10-2024T08:50:28 - [TEST_STEP][PASSED] - pageOtpuskVSet = <not implemented yet for class: org.codehaus.groovy.ast.expr.EmptyExpression>: null

16-10-2024T08:50:28 - [TEST_STEP][PASSED] - filePoteri = <not implemented yet for class: org.codehaus.groovy.ast.expr.EmptyExpression>: null

16-10-2024T08:50:28 - [TEST_STEP][PASSED] - pagePoteri = <not implemented yet for class: org.codehaus.groovy.ast.expr.EmptyExpression>: null

16-10-2024T08:50:28 - [TEST_STEP][PASSED] - compare = <not implemented yet for class: org.codehaus.groovy.ast.expr.EmptyExpression>: null

16-10-2024T08:50:28 - [TEST_STEP][PASSED] - b = <not implemented yet for class: org.codehaus.groovy.ast.expr.EmptyExpression>: null

16-10-2024T08:50:28 - [TEST_STEP][PASSED] - i = <not implemented yet for class: org.codehaus.groovy.ast.expr.EmptyExpression>: null

16-10-2024T08:50:28 - [TEST_STEP][PASSED] - ii = <not implemented yet for class: org.codehaus.groovy.ast.expr.EmptyExpression>: null

16-10-2024T08:50:28 - [TEST_STEP][PASSED] - c = <not implemented yet for class: org.codehaus.groovy.ast.expr.EmptyExpression>: null

16-10-2024T08:50:28 - [TEST_STEP][PASSED] - numberOfErrors = 0: null

16-10-2024T08:50:28 - [TEST_STEP][PASSED] - if (a == 82): null

16-10-2024T08:50:28 - [TEST_STEP][PASSED] - b = findTestData("PlanFact").getValue(1, a): null

16-10-2024T08:50:28 - [TEST_STEP][PASSED] - i = b.indexOf(" (ГК)"): null

16-10-2024T08:50:28 - [TEST_STEP][PASSED] - if (i > -1): null

16-10-2024T08:50:28 - [TEST_STEP][PASSED] - i = b.indexOf("О ""): null

16-10-2024T08:50:28 - [TEST_STEP][PASSED] - if (i > -1): null

16-10-2024T08:50:28 - [TEST_STEP][PASSED] - i = b.indexOf("О «"): null

16-10-2024T08:50:28 - [TEST_STEP][PASSED] - if (i > -1): null

16-10-2024T08:50:28 - [TEST_STEP][PASSED] - i = b.indexOf("г. "): null

16-10-2024T08:50:28 - [TEST_STEP][PASSED] - if (i > -1): null

16-10-2024T08:50:28 - [TEST_STEP][PASSED] - println(b): null

16-10-2024T08:50:28 - [TEST_STEP][PASSED] - for ([planFact = 1, planFact < 3, (planFact++)]): null

16-10-2024T08:50:28 - [TEST_STEP][PASSED] - if (planFact == 1): null

16-10-2024T08:50:28 - [TEST_STEP][PASSED] - typeOfDataMain = "Факт": null

16-10-2024T08:50:28 - [TEST_STEP][PASSED] - otpusk = findTestData("PlanFact").getValue(5, a): null

16-10-2024T08:50:28 - [TEST_STEP][PASSED] - poteri = findTestData("PlanFact").getValue(6, a): null

16-10-2024T08:50:28 - [TEST_STEP][PASSED] - otpusk = otpusk.replaceAll("\s+", ""): null

16-10-2024T08:50:28 - [TEST_STEP][PASSED] - poteri = poteri.replaceAll("\s+", ""): null

16-10-2024T08:50:28 - [TEST_STEP][PASSED] - typeOfData = typeOfDataMain + " Отпуск в сеть": null

16-10-2024T08:50:28 - [TEST_STEP][PASSED] - if (a == 82): null

16-10-2024T08:50:28 - [TEST_STEP][PASSED] - else if (a == 84): null

16-10-2024T08:50:28 - [TEST_STEP][PASSED] - else if (a == 52 || a == 72 || a == 28 || a == 73 || a == 77 || a == 74 || a == 65 || a == 36 || a == 44 || a == 53 || a == 80 || a == 54 || a == 1 || a == 18 || a == 59 || a == 81): null

16-10-2024T08:50:28 - [TEST_STEP][PASSED] - else: null

16-10-2024T08:50:28 - [TEST_STEP][PASSED] - path = dataFolder + typeOfData + " за отчётный период " + b: null

16-10-2024T08:50:28 - [TEST_STEP][PASSED] - println(path): null

16-10-2024T08:50:28 - [TEST_STEP][PASSED] - page = getText(findTestObject(path)): Text of object 'Object Repository/Выполнение бизнес-плана/Значения со страницы Выполнение бизнес-плана/Факт Отпуск в сеть за отчётный период Карачаево-Черкесскэнерго' is: '911 868'

16-10-2024T08:50:28 - [MESSAGE][PASSED] - Text of object 'Object Repository/Выполнение бизнес-плана/Значения со страницы Выполнение бизнес-плана/Факт Отпуск в сеть за отчётный период Карачаево-Черкесскэнерго' is: '911 868'

16-10-2024T08:50:28 - [TEST_STEP][PASSED] - page = page.replaceAll("\s+", ""): null

16-10-2024T08:50:28 - [TEST_STEP][PASSED] - fileOtpuskVSet = otpusk.toInteger(): null

16-10-2024T08:50:28 - [TEST_STEP][PASSED] - pageOtpuskVSet = page.toInteger(): null

16-10-2024T08:50:28 - [TEST_STEP][PASSED] - typeOfData = typeOfDataMain + " Потери": null

16-10-2024T08:50:28 - [TEST_STEP][PASSED] - if (a == 82): null

16-10-2024T08:50:28 - [TEST_STEP][PASSED] - else if (a == 84): null

16-10-2024T08:50:28 - [TEST_STEP][PASSED] - else if (a == 52 || a == 72 || a == 28 || a == 73 || a == 77 || a == 74 || a == 65 || a == 36 || a == 44 || a == 53 || a == 80 || a == 54 || a == 1 || a == 18 || a == 59 || a == 81): null

16-10-2024T08:50:28 - [TEST_STEP][PASSED] - else: null

16-10-2024T08:50:28 - [TEST_STEP][PASSED] - path = dataFolder + typeOfData + " за отчётный период " + b: null

16-10-2024T08:50:28 - [TEST_STEP][PASSED] - page = getText(findTestObject(path)): Text of object 'Object Repository/Выполнение бизнес-плана/Значения со страницы Выполнение бизнес-плана/Факт Потери за отчётный период Карачаево-Черкесскэнерго' is: '134 464'

16-10-2024T08:50:29 - [MESSAGE][PASSED] - Text of object 'Object Repository/Выполнение бизнес-плана/Значения со страницы Выполнение бизнес-плана/Факт Потери за отчётный период Карачаево-Черкесскэнерго' is: '134 464'

16-10-2024T08:50:29 - [TEST_STEP][PASSED] - page = page.replaceAll("\s+", ""): null

16-10-2024T08:50:29 - [TEST_STEP][PASSED] - filePoteri = poteri.toInteger(): null

16-10-2024T08:50:29 - [TEST_STEP][PASSED] - pagePoteri = page.toInteger(): null

16-10-2024T08:50:29 - [TEST_STEP][PASSED] - compare = pageOtpuskVSet: null

16-10-2024T08:50:29 - [TEST_STEP][PASSED] - if (compare == fileOtpuskVSet): null

16-10-2024T08:50:29 - [TEST_STEP][PASSED] - else if (compare > fileOtpuskVSet): null

16-10-2024T08:50:29 - [TEST_STEP][PASSED] - compare = compare - 1: null

16-10-2024T08:50:29 - [TEST_STEP][PASSED] - if (compare == fileOtpuskVSet): null

16-10-2024T08:50:29 - [TEST_STEP][PASSED] - else: null

16-10-2024T08:50:29 - [TEST_STEP][PASSED] - numberOfErrors = numberOfErrors + 1: null

16-10-2024T08:50:29 - [TEST_STEP][PASSED] - pageInt = pageOtpuskVSet: null

16-10-2024T08:50:29 - [TEST_STEP][PASSED] - fileInt = fileOtpuskVSet: null

16-10-2024T08:50:29 - [TEST_STEP][PASSED] - typeOfData = typeOfDataMain + " Отпуск в сеть": null

16-10-2024T08:50:29 - [TEST_STEP][PASSED] - Script1718980020443.WriteToExcel(a, typeOfData, todaysDate, pageInt, fileInt, pageDouble, fileDouble, dZO): null

16-10-2024T08:50:29 - [TEST_STEP][PASSED] - sheetName = "Sheet1": null

16-10-2024T08:50:29 - [TEST_STEP][PASSED] - data = findTestData("PlanFact"): null

16-10-2024T08:50:29 - [TEST_STEP][PASSED] - n = data.getRowNumbers() + 1: null

16-10-2024T08:50:29 - [TEST_STEP][PASSED] - year = todaysDate.substring(todaysDate.length() - 4, todaysDate.length()): null

16-10-2024T08:50:29 - [TEST_STEP][PASSED] - y = year.toInteger(): null

16-10-2024T08:50:29 - [TEST_STEP][PASSED] - m = getText(findTestObject("Выполнение бизнес-плана/Период")): Text of object 'Object Repository/Выполнение бизнес-плана/Период' is: '1, 2 кв., Июль, Август 2024 года'

16-10-2024T08:50:29 - [MESSAGE][PASSED] - Text of object 'Object Repository/Выполнение бизнес-плана/Период' is: '1, 2 кв., Июль, Август 2024 года'

16-10-2024T08:50:29 - [TEST_STEP][PASSED] - m = m.substring(0, m.indexOf("2024")): null

16-10-2024T08:50:29 - [TEST_STEP][PASSED] - m = m.trim(): null

16-10-2024T08:50:29 - [TEST_STEP][PASSED] - dashboardName = "Выполнение бизнес-плана": null

16-10-2024T08:50:29 - [TEST_STEP][PASSED] - workbook01 = getWorkbook(excelFilePath): null

16-10-2024T08:50:29 - [TEST_STEP][PASSED] - sheet01 = getExcelSheet(workbook01, sheetName): null

16-10-2024T08:50:29 - [TEST_STEP][PASSED] - setValueToCellByIndex(sheet01, n, 0, dashboardName): null

16-10-2024T08:50:29 - [TEST_STEP][PASSED] - setValueToCellByIndex(sheet01, n, 1, dZO): null

16-10-2024T08:50:29 - [TEST_STEP][PASSED] - setValueToCellByIndex(sheet01, n, 2, typeOfData): null

16-10-2024T08:50:29 - [TEST_STEP][PASSED] - if (typeOfData == "Факт в процентах" || typeOfData == "План в процентах"): null

16-10-2024T08:50:29 - [TEST_STEP][PASSED] - else: null

16-10-2024T08:50:29 - [TEST_STEP][PASSED] - setValueToCellByIndex(sheet01, n, 3, fileInt): null

16-10-2024T08:50:29 - [TEST_STEP][PASSED] - setValueToCellByIndex(sheet01, n, 4, pageInt): null

16-10-2024T08:50:29 - [TEST_STEP][PASSED] - setValueToCellByIndex(sheet01, n, 5, m): null

16-10-2024T08:50:29 - [TEST_STEP][PASSED] - setValueToCellByIndex(sheet01, n, 6, y): null

16-10-2024T08:50:29 - [TEST_STEP][PASSED] - setValueToCellByIndex(sheet01, n, 7, todaysDate): null

16-10-2024T08:50:29 - [TEST_STEP][PASSED] - n = n + 1: null

16-10-2024T08:50:29 - [TEST_STEP][PASSED] - saveWorkbook(excelFilePath, workbook01): null

16-10-2024T08:50:29 - [TEST_STEP][PASSED] - compare = pagePoteri: null

16-10-2024T08:50:29 - [TEST_STEP][PASSED] - if (compare == filePoteri): null

16-10-2024T08:50:29 - [TEST_STEP][PASSED] - else if (compare > filePoteri): null

16-10-2024T08:50:29 - [TEST_STEP][PASSED] - compare = compare - 1: null

16-10-2024T08:50:29 - [TEST_STEP][PASSED] - if (compare == filePoteri): null

16-10-2024T08:50:29 - [TEST_STEP][PASSED] - else: null

16-10-2024T08:50:29 - [TEST_STEP][PASSED] - numberOfErrors = numberOfErrors + 1: null

16-10-2024T08:50:29 - [TEST_STEP][PASSED] - pageInt = pagePoteri: null

16-10-2024T08:50:29 - [TEST_STEP][PASSED] - fileInt = filePoteri: null

16-10-2024T08:50:29 - [TEST_STEP][PASSED] - typeOfData = typeOfDataMain + " Потери": null

16-10-2024T08:50:29 - [TEST_STEP][PASSED] - Script1718980020443.WriteToExcel(a, typeOfData, todaysDate, pageInt, fileInt, pageDouble, fileDouble, dZO): null

16-10-2024T08:50:29 - [TEST_STEP][PASSED] - sheetName = "Sheet1": null

16-10-2024T08:50:29 - [TEST_STEP][PASSED] - data = findTestData("PlanFact"): null

16-10-2024T08:50:29 - [TEST_STEP][PASSED] - n = data.getRowNumbers() + 1: null

16-10-2024T08:50:29 - [TEST_STEP][PASSED] - year = todaysDate.substring(todaysDate.length() - 4, todaysDate.length()): null

16-10-2024T08:50:29 - [TEST_STEP][PASSED] - y = year.toInteger(): null

16-10-2024T08:50:29 - [TEST_STEP][PASSED] - m = getText(findTestObject("Выполнение бизнес-плана/Период")): Text of object 'Object Repository/Выполнение бизнес-плана/Период' is: '1, 2 кв., Июль, Август 2024 года'

16-10-2024T08:50:30 - [MESSAGE][PASSED] - Text of object 'Object Repository/Выполнение бизнес-плана/Период' is: '1, 2 кв., Июль, Август 2024 года'

16-10-2024T08:50:30 - [TEST_STEP][PASSED] - m = m.substring(0, m.indexOf("2024")): null

16-10-2024T08:50:30 - [TEST_STEP][PASSED] - m = m.trim(): null

16-10-2024T08:50:30 - [TEST_STEP][PASSED] - dashboardName = "Выполнение бизнес-плана": null

16-10-2024T08:50:30 - [TEST_STEP][PASSED] - workbook01 = getWorkbook(excelFilePath): null

16-10-2024T08:50:30 - [TEST_STEP][PASSED] - sheet01 = getExcelSheet(workbook01, sheetName): null

16-10-2024T08:50:30 - [TEST_STEP][PASSED] - setValueToCellByIndex(sheet01, n, 0, dashboardName): null

16-10-2024T08:50:30 - [TEST_STEP][PASSED] - setValueToCellByIndex(sheet01, n, 1, dZO): null

16-10-2024T08:50:30 - [TEST_STEP][PASSED] - setValueToCellByIndex(sheet01, n, 2, typeOfData): null

16-10-2024T08:50:30 - [TEST_STEP][PASSED] - if (typeOfData == "Факт в процентах" || typeOfData == "План в процентах"): null

16-10-2024T08:50:30 - [TEST_STEP][PASSED] - else: null

16-10-2024T08:50:30 - [TEST_STEP][PASSED] - setValueToCellByIndex(sheet01, n, 3, fileInt): null

16-10-2024T08:50:30 - [TEST_STEP][PASSED] - setValueToCellByIndex(sheet01, n, 4, pageInt): null

16-10-2024T08:50:30 - [TEST_STEP][PASSED] - setValueToCellByIndex(sheet01, n, 5, m): null

16-10-2024T08:50:30 - [TEST_STEP][PASSED] - setValueToCellByIndex(sheet01, n, 6, y): null

16-10-2024T08:50:30 - [TEST_STEP][PASSED] - setValueToCellByIndex(sheet01, n, 7, todaysDate): null

16-10-2024T08:50:30 - [TEST_STEP][PASSED] - n = n + 1: null

16-10-2024T08:50:30 - [TEST_STEP][PASSED] - saveWorkbook(excelFilePath, workbook01): null

16-10-2024T08:50:30 - [TEST_STEP][PASSED] - if (planFact == 2): null

16-10-2024T08:50:30 - [TEST_STEP][PASSED] - if (planFact == 1): null

16-10-2024T08:50:30 - [TEST_STEP][PASSED] - else if (planFact == 2): null

16-10-2024T08:50:30 - [TEST_STEP][PASSED] - click(findTestObject("Выполнение бизнес-плана/Кнопка План")): Object: 'Object Repository/Выполнение бизнес-плана/Кнопка План' is clicked on

16-10-2024T08:50:30 - [MESSAGE][PASSED] - Object: 'Object Repository/Выполнение бизнес-плана/Кнопка План' is clicked on

16-10-2024T08:50:30 - [TEST_STEP][PASSED] - typeOfDataMain = "План": null

16-10-2024T08:50:30 - [TEST_STEP][PASSED] - otpusk = findTestData("PlanFact").getValue(2, a): null

16-10-2024T08:50:30 - [TEST_STEP][PASSED] - poteri = findTestData("PlanFact").getValue(3, a): null

16-10-2024T08:50:30 - [TEST_STEP][PASSED] - otpusk = otpusk.replaceAll("\s+", ""): null

16-10-2024T08:50:30 - [TEST_STEP][PASSED] - poteri = poteri.replaceAll("\s+", ""): null

16-10-2024T08:50:30 - [TEST_STEP][PASSED] - typeOfData = typeOfDataMain + " Отпуск в сеть": null

16-10-2024T08:50:30 - [TEST_STEP][PASSED] - if (a == 82): null

16-10-2024T08:50:30 - [TEST_STEP][PASSED] - else if (a == 84): null

16-10-2024T08:50:30 - [TEST_STEP][PASSED] - else if (a == 52 || a == 72 || a == 28 || a == 73 || a == 77 || a == 74 || a == 65 || a == 36 || a == 44 || a == 53 || a == 80 || a == 54 || a == 1 || a == 18 || a == 59 || a == 81): null

16-10-2024T08:50:30 - [TEST_STEP][PASSED] - else: null

16-10-2024T08:50:30 - [TEST_STEP][PASSED] - path = dataFolder + typeOfData + " за отчётный период " + b: null

16-10-2024T08:50:30 - [TEST_STEP][PASSED] - println(path): null

16-10-2024T08:50:30 - [TEST_STEP][PASSED] - page = getText(findTestObject(path)): Text of object 'Object Repository/Выполнение бизнес-плана/Значения со страницы Выполнение бизнес-плана/План Отпуск в сеть за отчётный период Карачаево-Черкесскэнерго' is: '848 310'

16-10-2024T08:50:31 - [MESSAGE][PASSED] - Text of object 'Object Repository/Выполнение бизнес-плана/Значения со страницы Выполнение бизнес-плана/План Отпуск в сеть за отчётный период Карачаево-Черкесскэнерго' is: '848 310'

16-10-2024T08:50:31 - [TEST_STEP][PASSED] - page = page.replaceAll("\s+", ""): null

16-10-2024T08:50:31 - [TEST_STEP][PASSED] - fileOtpuskVSet = otpusk.toInteger(): null

16-10-2024T08:50:31 - [TEST_STEP][PASSED] - pageOtpuskVSet = page.toInteger(): null

16-10-2024T08:50:31 - [TEST_STEP][PASSED] - typeOfData = typeOfDataMain + " Потери": null

16-10-2024T08:50:31 - [TEST_STEP][PASSED] - if (a == 82): null

16-10-2024T08:50:31 - [TEST_STEP][PASSED] - else if (a == 84): null

16-10-2024T08:50:31 - [TEST_STEP][PASSED] - else if (a == 52 || a == 72 || a == 28 || a == 73 || a == 77 || a == 74 || a == 65 || a == 36 || a == 44 || a == 53 || a == 80 || a == 54 || a == 1 || a == 18 || a == 59 || a == 81): null

16-10-2024T08:50:31 - [TEST_STEP][PASSED] - else: null

16-10-2024T08:50:31 - [TEST_STEP][PASSED] - path = dataFolder + typeOfData + " за отчётный период " + b: null

16-10-2024T08:50:31 - [TEST_STEP][PASSED] - page = getText(findTestObject(path)): Text of object 'Object Repository/Выполнение бизнес-плана/Значения со страницы Выполнение бизнес-плана/План Потери за отчётный период Карачаево-Черкесскэнерго' is: '116 739'

16-10-2024T08:50:31 - [MESSAGE][PASSED] - Text of object 'Object Repository/Выполнение бизнес-плана/Значения со страницы Выполнение бизнес-плана/План Потери за отчётный период Карачаево-Черкесскэнерго' is: '116 739'

16-10-2024T08:50:31 - [TEST_STEP][PASSED] - page = page.replaceAll("\s+", ""): null

16-10-2024T08:50:31 - [TEST_STEP][PASSED] - filePoteri = poteri.toInteger(): null

16-10-2024T08:50:31 - [TEST_STEP][PASSED] - pagePoteri = page.toInteger(): null

16-10-2024T08:50:31 - [TEST_STEP][PASSED] - compare = pageOtpuskVSet: null

16-10-2024T08:50:31 - [TEST_STEP][PASSED] - if (compare == fileOtpuskVSet): null

16-10-2024T08:50:31 - [TEST_STEP][PASSED] - else if (compare > fileOtpuskVSet): null

16-10-2024T08:50:31 - [TEST_STEP][PASSED] - compare = compare - 1: null

16-10-2024T08:50:31 - [TEST_STEP][PASSED] - if (compare == fileOtpuskVSet): null

16-10-2024T08:50:31 - [TEST_STEP][PASSED] - else: null

16-10-2024T08:50:31 - [TEST_STEP][PASSED] - numberOfErrors = numberOfErrors + 1: null

16-10-2024T08:50:31 - [TEST_STEP][PASSED] - pageInt = pageOtpuskVSet: null

16-10-2024T08:50:31 - [TEST_STEP][PASSED] - fileInt = fileOtpuskVSet: null

16-10-2024T08:50:31 - [TEST_STEP][PASSED] - typeOfData = typeOfDataMain + " Отпуск в сеть": null

16-10-2024T08:50:31 - [TEST_STEP][PASSED] - Script1718980020443.WriteToExcel(a, typeOfData, todaysDate, pageInt, fileInt, pageDouble, fileDouble, dZO): null

16-10-2024T08:50:31 - [TEST_STEP][PASSED] - sheetName = "Sheet1": null

16-10-2024T08:50:31 - [TEST_STEP][PASSED] - data = findTestData("PlanFact"): null

16-10-2024T08:50:31 - [TEST_STEP][PASSED] - n = data.getRowNumbers() + 1: null

16-10-2024T08:50:31 - [TEST_STEP][PASSED] - year = todaysDate.substring(todaysDate.length() - 4, todaysDate.length()): null

16-10-2024T08:50:31 - [TEST_STEP][PASSED] - y = year.toInteger(): null

16-10-2024T08:50:31 - [TEST_STEP][PASSED] - m = getText(findTestObject("Выполнение бизнес-плана/Период")): Text of object 'Object Repository/Выполнение бизнес-плана/Период' is: '1, 2 кв., Июль, Август 2024 года'

16-10-2024T08:50:32 - [MESSAGE][PASSED] - Text of object 'Object Repository/Выполнение бизнес-плана/Период' is: '1, 2 кв., Июль, Август 2024 года'

16-10-2024T08:50:32 - [TEST_STEP][PASSED] - m = m.substring(0, m.indexOf("2024")): null

16-10-2024T08:50:32 - [TEST_STEP][PASSED] - m = m.trim(): null

16-10-2024T08:50:32 - [TEST_STEP][PASSED] - dashboardName = "Выполнение бизнес-плана": null

16-10-2024T08:50:32 - [TEST_STEP][PASSED] - workbook01 = getWorkbook(excelFilePath): null

16-10-2024T08:50:32 - [TEST_STEP][PASSED] - sheet01 = getExcelSheet(workbook01, sheetName): null

16-10-2024T08:50:32 - [TEST_STEP][PASSED] - setValueToCellByIndex(sheet01, n, 0, dashboardName): null

16-10-2024T08:50:32 - [TEST_STEP][PASSED] - setValueToCellByIndex(sheet01, n, 1, dZO): null

16-10-2024T08:50:32 - [TEST_STEP][PASSED] - setValueToCellByIndex(sheet01, n, 2, typeOfData): null

16-10-2024T08:50:32 - [TEST_STEP][PASSED] - if (typeOfData == "Факт в процентах" || typeOfData == "План в процентах"): null

16-10-2024T08:50:32 - [TEST_STEP][PASSED] - else: null

16-10-2024T08:50:32 - [TEST_STEP][PASSED] - setValueToCellByIndex(sheet01, n, 3, fileInt): null

16-10-2024T08:50:32 - [TEST_STEP][PASSED] - setValueToCellByIndex(sheet01, n, 4, pageInt): null

16-10-2024T08:50:32 - [TEST_STEP][PASSED] - setValueToCellByIndex(sheet01, n, 5, m): null

16-10-2024T08:50:32 - [TEST_STEP][PASSED] - setValueToCellByIndex(sheet01, n, 6, y): null

16-10-2024T08:50:32 - [TEST_STEP][PASSED] - setValueToCellByIndex(sheet01, n, 7, todaysDate): null

16-10-2024T08:50:32 - [TEST_STEP][PASSED] - n = n + 1: null

16-10-2024T08:50:32 - [TEST_STEP][PASSED] - saveWorkbook(excelFilePath, workbook01): null

16-10-2024T08:50:32 - [TEST_STEP][PASSED] - compare = pagePoteri: null

16-10-2024T08:50:32 - [TEST_STEP][PASSED] - if (compare == filePoteri): null

16-10-2024T08:50:32 - [TEST_STEP][PASSED] - else if (compare > filePoteri): null

16-10-2024T08:50:32 - [TEST_STEP][PASSED] - compare = compare - 1: null

16-10-2024T08:50:32 - [TEST_STEP][PASSED] - if (compare == filePoteri): null

16-10-2024T08:50:32 - [TEST_STEP][PASSED] - else: null

16-10-2024T08:50:32 - [TEST_STEP][PASSED] - numberOfErrors = numberOfErrors + 1: null

16-10-2024T08:50:32 - [TEST_STEP][PASSED] - pageInt = pagePoteri: null

16-10-2024T08:50:32 - [TEST_STEP][PASSED] - fileInt = filePoteri: null

16-10-2024T08:50:32 - [TEST_STEP][PASSED] - typeOfData = typeOfDataMain + " Потери": null

16-10-2024T08:50:32 - [TEST_STEP][PASSED] - Script1718980020443.WriteToExcel(a, typeOfData, todaysDate, pageInt, fileInt, pageDouble, fileDouble, dZO): null

16-10-2024T08:50:32 - [TEST_STEP][PASSED] - sheetName = "Sheet1": null

16-10-2024T08:50:32 - [TEST_STEP][PASSED] - data = findTestData("PlanFact"): null

16-10-2024T08:50:32 - [TEST_STEP][PASSED] - n = data.getRowNumbers() + 1: null

16-10-2024T08:50:32 - [TEST_STEP][PASSED] - year = todaysDate.substring(todaysDate.length() - 4, todaysDate.length()): null

16-10-2024T08:50:32 - [TEST_STEP][PASSED] - y = year.toInteger(): null

16-10-2024T08:50:32 - [TEST_STEP][PASSED] - m = getText(findTestObject("Выполнение бизнес-плана/Период")): Text of object 'Object Repository/Выполнение бизнес-плана/Период' is: '1, 2 кв., Июль, Август 2024 года'

16-10-2024T08:50:32 - [MESSAGE][PASSED] - Text of object 'Object Repository/Выполнение бизнес-плана/Период' is: '1, 2 кв., Июль, Август 2024 года'

16-10-2024T08:50:32 - [TEST_STEP][PASSED] - m = m.substring(0, m.indexOf("2024")): null

16-10-2024T08:50:32 - [TEST_STEP][PASSED] - m = m.trim(): null

16-10-2024T08:50:32 - [TEST_STEP][PASSED] - dashboardName = "Выполнение бизнес-плана": null

16-10-2024T08:50:32 - [TEST_STEP][PASSED] - workbook01 = getWorkbook(excelFilePath): null

16-10-2024T08:50:32 - [TEST_STEP][PASSED] - sheet01 = getExcelSheet(workbook01, sheetName): null

16-10-2024T08:50:32 - [TEST_STEP][PASSED] - setValueToCellByIndex(sheet01, n, 0, dashboardName): null

16-10-2024T08:50:32 - [TEST_STEP][PASSED] - setValueToCellByIndex(sheet01, n, 1, dZO): null

16-10-2024T08:50:32 - [TEST_STEP][PASSED] - setValueToCellByIndex(sheet01, n, 2, typeOfData): null

16-10-2024T08:50:32 - [TEST_STEP][PASSED] - if (typeOfData == "Факт в процентах" || typeOfData == "План в процентах"): null

16-10-2024T08:50:32 - [TEST_STEP][PASSED] - else: null

16-10-2024T08:50:32 - [TEST_STEP][PASSED] - setValueToCellByIndex(sheet01, n, 3, fileInt): null

16-10-2024T08:50:32 - [TEST_STEP][PASSED] - setValueToCellByIndex(sheet01, n, 4, pageInt): null

16-10-2024T08:50:32 - [TEST_STEP][PASSED] - setValueToCellByIndex(sheet01, n, 5, m): null

16-10-2024T08:50:32 - [TEST_STEP][PASSED] - setValueToCellByIndex(sheet01, n, 6, y): null

16-10-2024T08:50:32 - [TEST_STEP][PASSED] - setValueToCellByIndex(sheet01, n, 7, todaysDate): null

16-10-2024T08:50:32 - [TEST_STEP][PASSED] - n = n + 1: null

16-10-2024T08:50:32 - [TEST_STEP][PASSED] - saveWorkbook(excelFilePath, workbook01): Object: 'Object Repository/Выполнение бизнес-плана/Кнопка Факт' is clicked on

16-10-2024T08:50:33 - [TEST_STEP][PASSED] - if (planFact == 2): Object: 'Object Repository/Выполнение бизнес-плана/Кнопка Факт' is clicked on

16-10-2024T08:50:33 - [TEST_STEP][PASSED] - click(findTestObject("Выполнение бизнес-плана/Кнопка Факт")): Object: 'Object Repository/Выполнение бизнес-плана/Кнопка Факт' is clicked on

16-10-2024T08:50:33 - [MESSAGE][PASSED] - Object: 'Object Repository/Выполнение бизнес-плана/Кнопка Факт' is clicked on

16-10-2024T08:50:33 - [TEST_STEP][PASSED] - if (a == 84 || a == 82): null

16-10-2024T08:50:33 - [TEST_STEP][PASSED] - else if (a == 52 || a == 72 || a == 28 || a == 73 || a == 77 || a == 74 || a == 65 || a == 36 || a == 44 || a == 53 || a == 80 || a == 54 || a == 1 || a == 18 || a == 59 || a == 81): null

16-10-2024T08:50:33 - [TEST_STEP][PASSED] - else: null

16-10-2024T08:50:33 - [TEST_STEP][PASSED] - page1 = getText(findTestObject("Object Repository/Выполнение бизнес-плана/spanPlan" + filialNum)): Text of object 'Object Repository/Выполнение бизнес-плана/spanPlan4' is: '13.76
|'

16-10-2024T08:50:33 - [MESSAGE][PASSED] - Text of object 'Object Repository/Выполнение бизнес-плана/spanPlan4' is: '13.76
|'

16-10-2024T08:50:33 - [TEST_STEP][PASSED] - page1 = page1.replace("|", ""): null

16-10-2024T08:50:33 - [TEST_STEP][PASSED] - page2 = getText(findTestObject("Object Repository/Выполнение бизнес-плана/spanFact" + filialNum)): Text of object 'Object Repository/Выполнение бизнес-плана/spanFact4' is: '14.75
|'

16-10-2024T08:50:34 - [MESSAGE][PASSED] - Text of object 'Object Repository/Выполнение бизнес-плана/spanFact4' is: '14.75
|'

16-10-2024T08:50:34 - [TEST_STEP][PASSED] - page2 = page2.replace("|", ""): null

16-10-2024T08:50:34 - [TEST_STEP][PASSED] - println("page1: " + page1): null

16-10-2024T08:50:34 - [TEST_STEP][PASSED] - println("page2: " + page2): null

16-10-2024T08:50:34 - [TEST_STEP][PASSED] - file = findTestData("PlanFact").getValue(4, a): null

16-10-2024T08:50:34 - [TEST_STEP][PASSED] - file = file.replace(",", "."): null

16-10-2024T08:50:34 - [TEST_STEP][PASSED] - println("file Plan: " + file): null

16-10-2024T08:50:34 - [TEST_STEP][PASSED] - typeOfData = "План в процентах": null

16-10-2024T08:50:34 - [TEST_STEP][PASSED] - fileDouble = file.toDouble(): null

16-10-2024T08:50:34 - [TEST_STEP][PASSED] - pageDouble = page1.toDouble(): null

16-10-2024T08:50:34 - [TEST_STEP][PASSED] - if (fileDouble != pageDouble): null

16-10-2024T08:50:34 - [TEST_STEP][PASSED] - numberOfErrors = numberOfErrors + 1: null

16-10-2024T08:50:34 - [TEST_STEP][PASSED] - Script1718980020443.WriteToExcel(a, typeOfData, todaysDate, pageInt, fileInt, pageDouble, fileDouble, dZO): null

16-10-2024T08:50:34 - [TEST_STEP][PASSED] - sheetName = "Sheet1": null

16-10-2024T08:50:34 - [TEST_STEP][PASSED] - data = findTestData("PlanFact"): null

16-10-2024T08:50:34 - [TEST_STEP][PASSED] - n = data.getRowNumbers() + 1: null

16-10-2024T08:50:34 - [TEST_STEP][PASSED] - year = todaysDate.substring(todaysDate.length() - 4, todaysDate.length()): null

16-10-2024T08:50:34 - [TEST_STEP][PASSED] - y = year.toInteger(): null

16-10-2024T08:50:34 - [TEST_STEP][PASSED] - m = getText(findTestObject("Выполнение бизнес-плана/Период")): Text of object 'Object Repository/Выполнение бизнес-плана/Период' is: '1, 2 кв., Июль, Август 2024 года'

16-10-2024T08:50:34 - [MESSAGE][PASSED] - Text of object 'Object Repository/Выполнение бизнес-плана/Период' is: '1, 2 кв., Июль, Август 2024 года'

16-10-2024T08:50:34 - [TEST_STEP][PASSED] - m = m.substring(0, m.indexOf("2024")): null

16-10-2024T08:50:34 - [TEST_STEP][PASSED] - m = m.trim(): null

16-10-2024T08:50:34 - [TEST_STEP][PASSED] - dashboardName = "Выполнение бизнес-плана": null

16-10-2024T08:50:34 - [TEST_STEP][PASSED] - workbook01 = getWorkbook(excelFilePath): null

16-10-2024T08:50:34 - [TEST_STEP][PASSED] - sheet01 = getExcelSheet(workbook01, sheetName): null

16-10-2024T08:50:34 - [TEST_STEP][PASSED] - setValueToCellByIndex(sheet01, n, 0, dashboardName): null

16-10-2024T08:50:34 - [TEST_STEP][PASSED] - setValueToCellByIndex(sheet01, n, 1, dZO): null

16-10-2024T08:50:34 - [TEST_STEP][PASSED] - setValueToCellByIndex(sheet01, n, 2, typeOfData): null

16-10-2024T08:50:34 - [TEST_STEP][PASSED] - if (typeOfData == "Факт в процентах" || typeOfData == "План в процентах"): null

16-10-2024T08:50:34 - [TEST_STEP][PASSED] - setValueToCellByIndex(sheet01, n, 3, fileDouble): null

16-10-2024T08:50:34 - [TEST_STEP][PASSED] - setValueToCellByIndex(sheet01, n, 4, pageDouble): null

16-10-2024T08:50:34 - [TEST_STEP][PASSED] - setValueToCellByIndex(sheet01, n, 5, m): null

16-10-2024T08:50:34 - [TEST_STEP][PASSED] - setValueToCellByIndex(sheet01, n, 6, y): null

16-10-2024T08:50:34 - [TEST_STEP][PASSED] - setValueToCellByIndex(sheet01, n, 7, todaysDate): null

16-10-2024T08:50:34 - [TEST_STEP][PASSED] - n = n + 1: null

16-10-2024T08:50:34 - [TEST_STEP][PASSED] - saveWorkbook(excelFilePath, workbook01): null

16-10-2024T08:50:34 - [TEST_STEP][PASSED] - file = findTestData("PlanFact").getValue(7, a): null

16-10-2024T08:50:34 - [TEST_STEP][PASSED] - file = file.replace(",", "."): null

16-10-2024T08:50:34 - [TEST_STEP][PASSED] - println("file Fact: " + file): null

16-10-2024T08:50:34 - [TEST_STEP][PASSED] - fileDouble = file.toDouble(): null

16-10-2024T08:50:34 - [TEST_STEP][PASSED] - typeOfData = "Факт в процентах": null

16-10-2024T08:50:34 - [TEST_STEP][PASSED] - fileDouble = file.toDouble(): null

16-10-2024T08:50:34 - [TEST_STEP][PASSED] - pageDouble = page2.toDouble(): null

16-10-2024T08:50:34 - [TEST_STEP][PASSED] - if (fileDouble != pageDouble): null

16-10-2024T08:50:34 - [TEST_STEP][PASSED] - numberOfErrors = numberOfErrors + 1: null

16-10-2024T08:50:34 - [TEST_STEP][PASSED] - Script1718980020443.WriteToExcel(a, typeOfData, todaysDate, pageInt, fileInt, pageDouble, fileDouble, dZO): null

16-10-2024T08:50:34 - [TEST_STEP][PASSED] - sheetName = "Sheet1": null

16-10-2024T08:50:34 - [TEST_STEP][PASSED] - data = findTestData("PlanFact"): null

16-10-2024T08:50:34 - [TEST_STEP][PASSED] - n = data.getRowNumbers() + 1: null

16-10-2024T08:50:34 - [TEST_STEP][PASSED] - year = todaysDate.substring(todaysDate.length() - 4, todaysDate.length()): null

16-10-2024T08:50:34 - [TEST_STEP][PASSED] - y = year.toInteger(): null

16-10-2024T08:50:34 - [TEST_STEP][PASSED] - m = getText(findTestObject("Выполнение бизнес-плана/Период")): Text of object 'Object Repository/Выполнение бизнес-плана/Период' is: '1, 2 кв., Июль, Август 2024 года'

16-10-2024T08:50:35 - [MESSAGE][PASSED] - Text of object 'Object Repository/Выполнение бизнес-плана/Период' is: '1, 2 кв., Июль, Август 2024 года'

16-10-2024T08:50:35 - [TEST_STEP][PASSED] - m = m.substring(0, m.indexOf("2024")): null

16-10-2024T08:50:35 - [TEST_STEP][PASSED] - m = m.trim(): null

16-10-2024T08:50:35 - [TEST_STEP][PASSED] - dashboardName = "Выполнение бизнес-плана": null

16-10-2024T08:50:35 - [TEST_STEP][PASSED] - workbook01 = getWorkbook(excelFilePath): null

16-10-2024T08:50:35 - [TEST_STEP][PASSED] - sheet01 = getExcelSheet(workbook01, sheetName): null

16-10-2024T08:50:35 - [TEST_STEP][PASSED] - setValueToCellByIndex(sheet01, n, 0, dashboardName): null

16-10-2024T08:50:35 - [TEST_STEP][PASSED] - setValueToCellByIndex(sheet01, n, 1, dZO): null

16-10-2024T08:50:35 - [TEST_STEP][PASSED] - setValueToCellByIndex(sheet01, n, 2, typeOfData): null

16-10-2024T08:50:35 - [TEST_STEP][PASSED] - if (typeOfData == "Факт в процентах" || typeOfData == "План в процентах"): null

16-10-2024T08:50:35 - [TEST_STEP][PASSED] - setValueToCellByIndex(sheet01, n, 3, fileDouble): null

16-10-2024T08:50:35 - [TEST_STEP][PASSED] - setValueToCellByIndex(sheet01, n, 4, pageDouble): null

16-10-2024T08:50:35 - [TEST_STEP][PASSED] - setValueToCellByIndex(sheet01, n, 5, m): null

16-10-2024T08:50:35 - [TEST_STEP][PASSED] - setValueToCellByIndex(sheet01, n, 6, y): null

16-10-2024T08:50:35 - [TEST_STEP][PASSED] - setValueToCellByIndex(sheet01, n, 7, todaysDate): null

16-10-2024T08:50:35 - [TEST_STEP][PASSED] - n = n + 1: null

16-10-2024T08:50:35 - [TEST_STEP][PASSED] - saveWorkbook(excelFilePath, workbook01): null

16-10-2024T08:50:35 - [TEST_STEP][FAILED] - if (verifyEqual(numberOfErrors, 0) == false): null

16-10-2024T08:50:35 - [MESSAGE][FAILED] - Unable to verify equal between actual object '6' and expected object '0' (Root cause: com.kms.katalon.core.exception.StepFailedException: Actual object '6' and expected object '0' are not equal
	at com.kms.katalon.core.keyword.builtin.VerifyEqualKeyword$_verifyEqual_closure1.doCall(VerifyEqualKeyword.groovy:58)
	at com.kms.katalon.core.keyword.builtin.VerifyEqualKeyword$_verifyEqual_closure1.call(VerifyEqualKeyword.groovy)
	at com.kms.katalon.core.keyword.internal.KeywordMain.runKeyword(KeywordMain.groovy:75)
	at com.kms.katalon.core.keyword.builtin.VerifyEqualKeyword.verifyEqual(VerifyEqualKeyword.groovy:63)
	at com.kms.katalon.core.keyword.builtin.VerifyEqualKeyword.execute(VerifyEqualKeyword.groovy:44)
	at com.kms.katalon.core.keyword.internal.KeywordExecutor.executeKeywordForPlatform(KeywordExecutor.groovy:74)
	at com.kms.katalon.core.keyword.BuiltinKeywords.verifyEqual(BuiltinKeywords.groovy:146)
	at java.base/jdk.internal.reflect.NativeMethodAccessorImpl.invoke0(Native Method)
	at java.base/jdk.internal.reflect.NativeMethodAccessorImpl.invoke(NativeMethodAccessorImpl.java:77)
	at java.base/jdk.internal.reflect.DelegatingMethodAccessorImpl.invoke(DelegatingMethodAccessorImpl.java:43)
	at Выполнение бизнес-плана Сверка ПАО Россети все филиалы.Numbers(Выполнение бизнес-плана Сверка ПАО Россети все филиалы:749)
	at Выполнение бизнес-плана Сверка ПАО Россети все филиалы.Filials(Выполнение бизнес-плана Сверка ПАО Россети все филиалы:1112)
	at Выполнение бизнес-плана Сверка ПАО Россети все филиалы.Numbers(Выполнение бизнес-плана Сверка ПАО Россети все филиалы:754)
	at Выполнение бизнес-плана Сверка ПАО Россети все филиалы.run(Выполнение бизнес-плана Сверка ПАО Россети все филиалы:313)
	at com.kms.katalon.core.main.ScriptEngine.run(ScriptEngine.java:194)
	at com.kms.katalon.core.main.ScriptEngine.runScriptAsRawText(ScriptEngine.java:119)
	at com.kms.katalon.core.main.TestCaseExecutor.runScript(TestCaseExecutor.java:448)
	at com.kms.katalon.core.main.TestCaseExecutor.doExecute(TestCaseExecutor.java:439)
	at com.kms.katalon.core.main.TestCaseExecutor.processExecutionPhase(TestCaseExecutor.java:418)
	at com.kms.katalon.core.main.TestCaseExecutor.accessMainPhase(TestCaseExecutor.java:410)
	at com.kms.katalon.core.main.TestCaseExecutor.execute(TestCaseExecutor.java:285)
	at com.kms.katalon.core.common.CommonExecutor.accessTestCaseMainPhase(CommonExecutor.java:65)
	at com.kms.katalon.core.main.TestSuiteExecutor.accessTestSuiteMainPhase(TestSuiteExecutor.java:150)
	at com.kms.katalon.core.main.TestSuiteExecutor.execute(TestSuiteExecutor.java:106)
	at com.kms.katalon.core.main.TestCaseMain.startTestSuite(TestCaseMain.java:180)
	at TempTestSuite1729057289574.run(TempTestSuite1729057289574.groovy:35)
	at java.base/jdk.internal.reflect.NativeMethodAccessorImpl.invoke0(Native Method)
	at java.base/jdk.internal.reflect.NativeMethodAccessorImpl.invoke(NativeMethodAccessorImpl.java:77)
	at java.base/jdk.internal.reflect.DelegatingMethodAccessorImpl.invoke(DelegatingMethodAccessorImpl.java:43)
)

16-10-2024T08:50:35 - [TEST_STEP][PASSED] - println(numberOfErrors): null

16-10-2024T08:50:35 - [TEST_STEP][PASSED] - if (a == 28 || a == 77 || a == 74 || a == 65 || a == 36 || a == 44 || a == 54 || a == 1 || a == 18 || a == 59): null

16-10-2024T08:50:35 - [TEST_STEP][PASSED] - if (a == 82): null

16-10-2024T08:50:35 - [TEST_STEP][PASSED] - dZO = "Севкавказэнерго": null

16-10-2024T08:50:35 - [TEST_STEP][PASSED] - a = 68: null

16-10-2024T08:50:35 - [TEST_STEP][PASSED] - if (x2.contains(dZO)): null

16-10-2024T08:50:35 - [TEST_STEP][PASSED] - filialNum = filialNum + 1: null

16-10-2024T08:50:35 - [TEST_STEP][PASSED] - Script1718980020443.Numbers(a, typeOfData, todaysDate, pageInt, fileInt, pageDouble, fileDouble, dZO, dzoNum, filialNum): null

16-10-2024T08:50:35 - [TEST_STEP][PASSED] - println(dzoNum): null

16-10-2024T08:50:35 - [TEST_STEP][PASSED] - planFact = <not implemented yet for class: org.codehaus.groovy.ast.expr.EmptyExpression>: null

16-10-2024T08:50:35 - [TEST_STEP][PASSED] - page = <not implemented yet for class: org.codehaus.groovy.ast.expr.EmptyExpression>: null

16-10-2024T08:50:35 - [TEST_STEP][PASSED] - page1 = <not implemented yet for class: org.codehaus.groovy.ast.expr.EmptyExpression>: null

16-10-2024T08:50:35 - [TEST_STEP][PASSED] - page2 = <not implemented yet for class: org.codehaus.groovy.ast.expr.EmptyExpression>: null

16-10-2024T08:50:35 - [TEST_STEP][PASSED] - filialNumberInRow = <not implemented yet for class: org.codehaus.groovy.ast.expr.EmptyExpression>: null

16-10-2024T08:50:35 - [TEST_STEP][PASSED] - filialsDzoNames = <not implemented yet for class: org.codehaus.groovy.ast.expr.EmptyExpression>: null

16-10-2024T08:50:35 - [TEST_STEP][PASSED] - numberOfFilials = <not implemented yet for class: org.codehaus.groovy.ast.expr.EmptyExpression>: null

16-10-2024T08:50:35 - [TEST_STEP][PASSED] - numberOfSpaces = <not implemented yet for class: org.codehaus.groovy.ast.expr.EmptyExpression>: null

16-10-2024T08:50:35 - [TEST_STEP][PASSED] - file = <not implemented yet for class: org.codehaus.groovy.ast.expr.EmptyExpression>: null

16-10-2024T08:50:35 - [TEST_STEP][PASSED] - otpusk = <not implemented yet for class: org.codehaus.groovy.ast.expr.EmptyExpression>: null

16-10-2024T08:50:35 - [TEST_STEP][PASSED] - poteri = <not implemented yet for class: org.codehaus.groovy.ast.expr.EmptyExpression>: null

16-10-2024T08:50:35 - [TEST_STEP][PASSED] - dataFolder = "Выполнение бизнес-плана/Значения со страницы Выполнение бизнес-плана/": null

16-10-2024T08:50:35 - [TEST_STEP][PASSED] - path = <not implemented yet for class: org.codehaus.groovy.ast.expr.EmptyExpression>: null

16-10-2024T08:50:35 - [TEST_STEP][PASSED] - typeOfDataMain = <not implemented yet for class: org.codehaus.groovy.ast.expr.EmptyExpression>: null

16-10-2024T08:50:35 - [TEST_STEP][PASSED] - fileOtpuskVSet = <not implemented yet for class: org.codehaus.groovy.ast.expr.EmptyExpression>: null

16-10-2024T08:50:35 - [TEST_STEP][PASSED] - pageOtpuskVSet = <not implemented yet for class: org.codehaus.groovy.ast.expr.EmptyExpression>: null

16-10-2024T08:50:35 - [TEST_STEP][PASSED] - filePoteri = <not implemented yet for class: org.codehaus.groovy.ast.expr.EmptyExpression>: null

16-10-2024T08:50:35 - [TEST_STEP][PASSED] - pagePoteri = <not implemented yet for class: org.codehaus.groovy.ast.expr.EmptyExpression>: null

16-10-2024T08:50:35 - [TEST_STEP][PASSED] - compare = <not implemented yet for class: org.codehaus.groovy.ast.expr.EmptyExpression>: null

16-10-2024T08:50:35 - [TEST_STEP][PASSED] - b = <not implemented yet for class: org.codehaus.groovy.ast.expr.EmptyExpression>: null

16-10-2024T08:50:35 - [TEST_STEP][PASSED] - i = <not implemented yet for class: org.codehaus.groovy.ast.expr.EmptyExpression>: null

16-10-2024T08:50:35 - [TEST_STEP][PASSED] - ii = <not implemented yet for class: org.codehaus.groovy.ast.expr.EmptyExpression>: null

16-10-2024T08:50:35 - [TEST_STEP][PASSED] - c = <not implemented yet for class: org.codehaus.groovy.ast.expr.EmptyExpression>: null

16-10-2024T08:50:35 - [TEST_STEP][PASSED] - numberOfErrors = 0: null

16-10-2024T08:50:35 - [TEST_STEP][PASSED] - if (a == 82): null

16-10-2024T08:50:35 - [TEST_STEP][PASSED] - b = findTestData("PlanFact").getValue(1, a): null

16-10-2024T08:50:35 - [TEST_STEP][PASSED] - i = b.indexOf(" (ГК)"): null

16-10-2024T08:50:35 - [TEST_STEP][PASSED] - if (i > -1): null

16-10-2024T08:50:35 - [TEST_STEP][PASSED] - i = b.indexOf("О ""): null

16-10-2024T08:50:35 - [TEST_STEP][PASSED] - if (i > -1): null

16-10-2024T08:50:35 - [TEST_STEP][PASSED] - i = b.indexOf("О «"): null

16-10-2024T08:50:35 - [TEST_STEP][PASSED] - if (i > -1): null

16-10-2024T08:50:35 - [TEST_STEP][PASSED] - i = b.indexOf("г. "): null

16-10-2024T08:50:35 - [TEST_STEP][PASSED] - if (i > -1): null

16-10-2024T08:50:35 - [TEST_STEP][PASSED] - println(b): null

16-10-2024T08:50:35 - [TEST_STEP][PASSED] - for ([planFact = 1, planFact < 3, (planFact++)]): null

16-10-2024T08:50:35 - [TEST_STEP][PASSED] - if (planFact == 1): null

16-10-2024T08:50:35 - [TEST_STEP][PASSED] - typeOfDataMain = "Факт": null

16-10-2024T08:50:35 - [TEST_STEP][PASSED] - otpusk = findTestData("PlanFact").getValue(5, a): null

16-10-2024T08:50:35 - [TEST_STEP][PASSED] - poteri = findTestData("PlanFact").getValue(6, a): null

16-10-2024T08:50:35 - [TEST_STEP][PASSED] - otpusk = otpusk.replaceAll("\s+", ""): null

16-10-2024T08:50:35 - [TEST_STEP][PASSED] - poteri = poteri.replaceAll("\s+", ""): null

16-10-2024T08:50:35 - [TEST_STEP][PASSED] - typeOfData = typeOfDataMain + " Отпуск в сеть": null

16-10-2024T08:50:35 - [TEST_STEP][PASSED] - if (a == 82): null

16-10-2024T08:50:35 - [TEST_STEP][PASSED] - else if (a == 84): null

16-10-2024T08:50:35 - [TEST_STEP][PASSED] - else if (a == 52 || a == 72 || a == 28 || a == 73 || a == 77 || a == 74 || a == 65 || a == 36 || a == 44 || a == 53 || a == 80 || a == 54 || a == 1 || a == 18 || a == 59 || a == 81): null

16-10-2024T08:50:35 - [TEST_STEP][PASSED] - else: null

16-10-2024T08:50:35 - [TEST_STEP][PASSED] - path = dataFolder + typeOfData + " за отчётный период " + b: null

16-10-2024T08:50:35 - [TEST_STEP][PASSED] - println(path): null

16-10-2024T08:50:35 - [TEST_STEP][PASSED] - page = getText(findTestObject(path)): Text of object 'Object Repository/Выполнение бизнес-плана/Значения со страницы Выполнение бизнес-плана/Факт Отпуск в сеть за отчётный период Севкавказэнерго' is: '1 139 305'

16-10-2024T08:50:36 - [MESSAGE][PASSED] - Text of object 'Object Repository/Выполнение бизнес-плана/Значения со страницы Выполнение бизнес-плана/Факт Отпуск в сеть за отчётный период Севкавказэнерго' is: '1 139 305'

16-10-2024T08:50:36 - [TEST_STEP][PASSED] - page = page.replaceAll("\s+", ""): null

16-10-2024T08:50:36 - [TEST_STEP][PASSED] - fileOtpuskVSet = otpusk.toInteger(): null

16-10-2024T08:50:36 - [TEST_STEP][PASSED] - pageOtpuskVSet = page.toInteger(): null

16-10-2024T08:50:36 - [TEST_STEP][PASSED] - typeOfData = typeOfDataMain + " Потери": null

16-10-2024T08:50:36 - [TEST_STEP][PASSED] - if (a == 82): null

16-10-2024T08:50:36 - [TEST_STEP][PASSED] - else if (a == 84): null

16-10-2024T08:50:36 - [TEST_STEP][PASSED] - else if (a == 52 || a == 72 || a == 28 || a == 73 || a == 77 || a == 74 || a == 65 || a == 36 || a == 44 || a == 53 || a == 80 || a == 54 || a == 1 || a == 18 || a == 59 || a == 81): null

16-10-2024T08:50:36 - [TEST_STEP][PASSED] - else: null

16-10-2024T08:50:36 - [TEST_STEP][PASSED] - path = dataFolder + typeOfData + " за отчётный период " + b: null

16-10-2024T08:50:36 - [TEST_STEP][PASSED] - page = getText(findTestObject(path)): Text of object 'Object Repository/Выполнение бизнес-плана/Значения со страницы Выполнение бизнес-плана/Факт Потери за отчётный период Севкавказэнерго' is: '200 263'

16-10-2024T08:50:36 - [MESSAGE][PASSED] - Text of object 'Object Repository/Выполнение бизнес-плана/Значения со страницы Выполнение бизнес-плана/Факт Потери за отчётный период Севкавказэнерго' is: '200 263'

16-10-2024T08:50:36 - [TEST_STEP][PASSED] - page = page.replaceAll("\s+", ""): null

16-10-2024T08:50:36 - [TEST_STEP][PASSED] - filePoteri = poteri.toInteger(): null

16-10-2024T08:50:36 - [TEST_STEP][PASSED] - pagePoteri = page.toInteger(): null

16-10-2024T08:50:36 - [TEST_STEP][PASSED] - compare = pageOtpuskVSet: null

16-10-2024T08:50:36 - [TEST_STEP][PASSED] - if (compare == fileOtpuskVSet): null

16-10-2024T08:50:36 - [TEST_STEP][PASSED] - else if (compare > fileOtpuskVSet): null

16-10-2024T08:50:36 - [TEST_STEP][PASSED] - compare = compare - 1: null

16-10-2024T08:50:36 - [TEST_STEP][PASSED] - if (compare == fileOtpuskVSet): null

16-10-2024T08:50:36 - [TEST_STEP][PASSED] - else: null

16-10-2024T08:50:36 - [TEST_STEP][PASSED] - numberOfErrors = numberOfErrors + 1: null

16-10-2024T08:50:36 - [TEST_STEP][PASSED] - pageInt = pageOtpuskVSet: null

16-10-2024T08:50:36 - [TEST_STEP][PASSED] - fileInt = fileOtpuskVSet: null

16-10-2024T08:50:36 - [TEST_STEP][PASSED] - typeOfData = typeOfDataMain + " Отпуск в сеть": null

16-10-2024T08:50:36 - [TEST_STEP][PASSED] - Script1718980020443.WriteToExcel(a, typeOfData, todaysDate, pageInt, fileInt, pageDouble, fileDouble, dZO): null

16-10-2024T08:50:36 - [TEST_STEP][PASSED] - sheetName = "Sheet1": null

16-10-2024T08:50:36 - [TEST_STEP][PASSED] - data = findTestData("PlanFact"): null

16-10-2024T08:50:36 - [TEST_STEP][PASSED] - n = data.getRowNumbers() + 1: null

16-10-2024T08:50:36 - [TEST_STEP][PASSED] - year = todaysDate.substring(todaysDate.length() - 4, todaysDate.length()): null

16-10-2024T08:50:36 - [TEST_STEP][PASSED] - y = year.toInteger(): null

16-10-2024T08:50:36 - [TEST_STEP][PASSED] - m = getText(findTestObject("Выполнение бизнес-плана/Период")): Text of object 'Object Repository/Выполнение бизнес-плана/Период' is: '1, 2 кв., Июль, Август 2024 года'

16-10-2024T08:50:36 - [MESSAGE][PASSED] - Text of object 'Object Repository/Выполнение бизнес-плана/Период' is: '1, 2 кв., Июль, Август 2024 года'

16-10-2024T08:50:36 - [TEST_STEP][PASSED] - m = m.substring(0, m.indexOf("2024")): null

16-10-2024T08:50:36 - [TEST_STEP][PASSED] - m = m.trim(): null

16-10-2024T08:50:36 - [TEST_STEP][PASSED] - dashboardName = "Выполнение бизнес-плана": null

16-10-2024T08:50:36 - [TEST_STEP][PASSED] - workbook01 = getWorkbook(excelFilePath): null

16-10-2024T08:50:36 - [TEST_STEP][PASSED] - sheet01 = getExcelSheet(workbook01, sheetName): null

16-10-2024T08:50:36 - [TEST_STEP][PASSED] - setValueToCellByIndex(sheet01, n, 0, dashboardName): null

16-10-2024T08:50:36 - [TEST_STEP][PASSED] - setValueToCellByIndex(sheet01, n, 1, dZO): null

16-10-2024T08:50:36 - [TEST_STEP][PASSED] - setValueToCellByIndex(sheet01, n, 2, typeOfData): null

16-10-2024T08:50:36 - [TEST_STEP][PASSED] - if (typeOfData == "Факт в процентах" || typeOfData == "План в процентах"): null

16-10-2024T08:50:36 - [TEST_STEP][PASSED] - else: null

16-10-2024T08:50:36 - [TEST_STEP][PASSED] - setValueToCellByIndex(sheet01, n, 3, fileInt): null

16-10-2024T08:50:36 - [TEST_STEP][PASSED] - setValueToCellByIndex(sheet01, n, 4, pageInt): null

16-10-2024T08:50:36 - [TEST_STEP][PASSED] - setValueToCellByIndex(sheet01, n, 5, m): null

16-10-2024T08:50:36 - [TEST_STEP][PASSED] - setValueToCellByIndex(sheet01, n, 6, y): null

16-10-2024T08:50:36 - [TEST_STEP][PASSED] - setValueToCellByIndex(sheet01, n, 7, todaysDate): null

16-10-2024T08:50:36 - [TEST_STEP][PASSED] - n = n + 1: null

16-10-2024T08:50:36 - [TEST_STEP][PASSED] - saveWorkbook(excelFilePath, workbook01): null

16-10-2024T08:50:37 - [TEST_STEP][PASSED] - compare = pagePoteri: null

16-10-2024T08:50:37 - [TEST_STEP][PASSED] - if (compare == filePoteri): null

16-10-2024T08:50:37 - [TEST_STEP][PASSED] - else if (compare > filePoteri): null

16-10-2024T08:50:37 - [TEST_STEP][PASSED] - compare = compare - 1: null

16-10-2024T08:50:37 - [TEST_STEP][PASSED] - if (compare == filePoteri): null

16-10-2024T08:50:37 - [TEST_STEP][PASSED] - else: null

16-10-2024T08:50:37 - [TEST_STEP][PASSED] - numberOfErrors = numberOfErrors + 1: null

16-10-2024T08:50:37 - [TEST_STEP][PASSED] - pageInt = pagePoteri: null

16-10-2024T08:50:37 - [TEST_STEP][PASSED] - fileInt = filePoteri: null

16-10-2024T08:50:37 - [TEST_STEP][PASSED] - typeOfData = typeOfDataMain + " Потери": null

16-10-2024T08:50:37 - [TEST_STEP][PASSED] - Script1718980020443.WriteToExcel(a, typeOfData, todaysDate, pageInt, fileInt, pageDouble, fileDouble, dZO): null

16-10-2024T08:50:37 - [TEST_STEP][PASSED] - sheetName = "Sheet1": null

16-10-2024T08:50:37 - [TEST_STEP][PASSED] - data = findTestData("PlanFact"): null

16-10-2024T08:50:37 - [TEST_STEP][PASSED] - n = data.getRowNumbers() + 1: null

16-10-2024T08:50:37 - [TEST_STEP][PASSED] - year = todaysDate.substring(todaysDate.length() - 4, todaysDate.length()): null

16-10-2024T08:50:37 - [TEST_STEP][PASSED] - y = year.toInteger(): null

16-10-2024T08:50:37 - [TEST_STEP][PASSED] - m = getText(findTestObject("Выполнение бизнес-плана/Период")): Text of object 'Object Repository/Выполнение бизнес-плана/Период' is: '1, 2 кв., Июль, Август 2024 года'

16-10-2024T08:50:37 - [MESSAGE][PASSED] - Text of object 'Object Repository/Выполнение бизнес-плана/Период' is: '1, 2 кв., Июль, Август 2024 года'

16-10-2024T08:50:37 - [TEST_STEP][PASSED] - m = m.substring(0, m.indexOf("2024")): null

16-10-2024T08:50:37 - [TEST_STEP][PASSED] - m = m.trim(): null

16-10-2024T08:50:37 - [TEST_STEP][PASSED] - dashboardName = "Выполнение бизнес-плана": null

16-10-2024T08:50:37 - [TEST_STEP][PASSED] - workbook01 = getWorkbook(excelFilePath): null

16-10-2024T08:50:37 - [TEST_STEP][PASSED] - sheet01 = getExcelSheet(workbook01, sheetName): null

16-10-2024T08:50:37 - [TEST_STEP][PASSED] - setValueToCellByIndex(sheet01, n, 0, dashboardName): null

16-10-2024T08:50:37 - [TEST_STEP][PASSED] - setValueToCellByIndex(sheet01, n, 1, dZO): null

16-10-2024T08:50:37 - [TEST_STEP][PASSED] - setValueToCellByIndex(sheet01, n, 2, typeOfData): null

16-10-2024T08:50:37 - [TEST_STEP][PASSED] - if (typeOfData == "Факт в процентах" || typeOfData == "План в процентах"): null

16-10-2024T08:50:37 - [TEST_STEP][PASSED] - else: null

16-10-2024T08:50:37 - [TEST_STEP][PASSED] - setValueToCellByIndex(sheet01, n, 3, fileInt): null

16-10-2024T08:50:37 - [TEST_STEP][PASSED] - setValueToCellByIndex(sheet01, n, 4, pageInt): null

16-10-2024T08:50:37 - [TEST_STEP][PASSED] - setValueToCellByIndex(sheet01, n, 5, m): null

16-10-2024T08:50:37 - [TEST_STEP][PASSED] - setValueToCellByIndex(sheet01, n, 6, y): null

16-10-2024T08:50:37 - [TEST_STEP][PASSED] - setValueToCellByIndex(sheet01, n, 7, todaysDate): null

16-10-2024T08:50:37 - [TEST_STEP][PASSED] - n = n + 1: null

16-10-2024T08:50:37 - [TEST_STEP][PASSED] - saveWorkbook(excelFilePath, workbook01): null

16-10-2024T08:50:37 - [TEST_STEP][PASSED] - if (planFact == 2): null

16-10-2024T08:50:37 - [TEST_STEP][PASSED] - if (planFact == 1): null

16-10-2024T08:50:37 - [TEST_STEP][PASSED] - else if (planFact == 2): null

16-10-2024T08:50:37 - [TEST_STEP][PASSED] - click(findTestObject("Выполнение бизнес-плана/Кнопка План")): Object: 'Object Repository/Выполнение бизнес-плана/Кнопка План' is clicked on

16-10-2024T08:50:38 - [MESSAGE][PASSED] - Object: 'Object Repository/Выполнение бизнес-плана/Кнопка План' is clicked on

16-10-2024T08:50:38 - [TEST_STEP][PASSED] - typeOfDataMain = "План": null

16-10-2024T08:50:38 - [TEST_STEP][PASSED] - otpusk = findTestData("PlanFact").getValue(2, a): null

16-10-2024T08:50:38 - [TEST_STEP][PASSED] - poteri = findTestData("PlanFact").getValue(3, a): null

16-10-2024T08:50:38 - [TEST_STEP][PASSED] - otpusk = otpusk.replaceAll("\s+", ""): null

16-10-2024T08:50:38 - [TEST_STEP][PASSED] - poteri = poteri.replaceAll("\s+", ""): null

16-10-2024T08:50:38 - [TEST_STEP][PASSED] - typeOfData = typeOfDataMain + " Отпуск в сеть": null

16-10-2024T08:50:38 - [TEST_STEP][PASSED] - if (a == 82): null

16-10-2024T08:50:38 - [TEST_STEP][PASSED] - else if (a == 84): null

16-10-2024T08:50:38 - [TEST_STEP][PASSED] - else if (a == 52 || a == 72 || a == 28 || a == 73 || a == 77 || a == 74 || a == 65 || a == 36 || a == 44 || a == 53 || a == 80 || a == 54 || a == 1 || a == 18 || a == 59 || a == 81): null

16-10-2024T08:50:38 - [TEST_STEP][PASSED] - else: null

16-10-2024T08:50:38 - [TEST_STEP][PASSED] - path = dataFolder + typeOfData + " за отчётный период " + b: null

16-10-2024T08:50:38 - [TEST_STEP][PASSED] - println(path): null

16-10-2024T08:50:38 - [TEST_STEP][PASSED] - page = getText(findTestObject(path)): Text of object 'Object Repository/Выполнение бизнес-плана/Значения со страницы Выполнение бизнес-плана/План Отпуск в сеть за отчётный период Севкавказэнерго' is: '1 104 540'

16-10-2024T08:50:38 - [MESSAGE][PASSED] - Text of object 'Object Repository/Выполнение бизнес-плана/Значения со страницы Выполнение бизнес-плана/План Отпуск в сеть за отчётный период Севкавказэнерго' is: '1 104 540'

16-10-2024T08:50:38 - [TEST_STEP][PASSED] - page = page.replaceAll("\s+", ""): null

16-10-2024T08:50:38 - [TEST_STEP][PASSED] - fileOtpuskVSet = otpusk.toInteger(): null

16-10-2024T08:50:38 - [TEST_STEP][PASSED] - pageOtpuskVSet = page.toInteger(): null

16-10-2024T08:50:38 - [TEST_STEP][PASSED] - typeOfData = typeOfDataMain + " Потери": null

16-10-2024T08:50:38 - [TEST_STEP][PASSED] - if (a == 82): null

16-10-2024T08:50:38 - [TEST_STEP][PASSED] - else if (a == 84): null

16-10-2024T08:50:38 - [TEST_STEP][PASSED] - else if (a == 52 || a == 72 || a == 28 || a == 73 || a == 77 || a == 74 || a == 65 || a == 36 || a == 44 || a == 53 || a == 80 || a == 54 || a == 1 || a == 18 || a == 59 || a == 81): null

16-10-2024T08:50:38 - [TEST_STEP][PASSED] - else: null

16-10-2024T08:50:38 - [TEST_STEP][PASSED] - path = dataFolder + typeOfData + " за отчётный период " + b: null

16-10-2024T08:50:38 - [TEST_STEP][PASSED] - page = getText(findTestObject(path)): Text of object 'Object Repository/Выполнение бизнес-плана/Значения со страницы Выполнение бизнес-плана/План Потери за отчётный период Севкавказэнерго' is: '191 799'

16-10-2024T08:50:38 - [MESSAGE][PASSED] - Text of object 'Object Repository/Выполнение бизнес-плана/Значения со страницы Выполнение бизнес-плана/План Потери за отчётный период Севкавказэнерго' is: '191 799'

16-10-2024T08:50:38 - [TEST_STEP][PASSED] - page = page.replaceAll("\s+", ""): null

16-10-2024T08:50:38 - [TEST_STEP][PASSED] - filePoteri = poteri.toInteger(): null

16-10-2024T08:50:38 - [TEST_STEP][PASSED] - pagePoteri = page.toInteger(): null

16-10-2024T08:50:38 - [TEST_STEP][PASSED] - compare = pageOtpuskVSet: null

16-10-2024T08:50:38 - [TEST_STEP][PASSED] - if (compare == fileOtpuskVSet): null

16-10-2024T08:50:38 - [TEST_STEP][PASSED] - else if (compare > fileOtpuskVSet): null

16-10-2024T08:50:38 - [TEST_STEP][PASSED] - compare = compare - 1: null

16-10-2024T08:50:38 - [TEST_STEP][PASSED] - if (compare == fileOtpuskVSet): null

16-10-2024T08:50:38 - [TEST_STEP][PASSED] - else: null

16-10-2024T08:50:38 - [TEST_STEP][PASSED] - numberOfErrors = numberOfErrors + 1: null

16-10-2024T08:50:38 - [TEST_STEP][PASSED] - pageInt = pageOtpuskVSet: null

16-10-2024T08:50:38 - [TEST_STEP][PASSED] - fileInt = fileOtpuskVSet: null

16-10-2024T08:50:38 - [TEST_STEP][PASSED] - typeOfData = typeOfDataMain + " Отпуск в сеть": null

16-10-2024T08:50:38 - [TEST_STEP][PASSED] - Script1718980020443.WriteToExcel(a, typeOfData, todaysDate, pageInt, fileInt, pageDouble, fileDouble, dZO): null

16-10-2024T08:50:38 - [TEST_STEP][PASSED] - sheetName = "Sheet1": null

16-10-2024T08:50:38 - [TEST_STEP][PASSED] - data = findTestData("PlanFact"): null

16-10-2024T08:50:38 - [TEST_STEP][PASSED] - n = data.getRowNumbers() + 1: null

16-10-2024T08:50:38 - [TEST_STEP][PASSED] - year = todaysDate.substring(todaysDate.length() - 4, todaysDate.length()): null

16-10-2024T08:50:38 - [TEST_STEP][PASSED] - y = year.toInteger(): null

16-10-2024T08:50:38 - [TEST_STEP][PASSED] - m = getText(findTestObject("Выполнение бизнес-плана/Период")): Text of object 'Object Repository/Выполнение бизнес-плана/Период' is: '1, 2 кв., Июль, Август 2024 года'

16-10-2024T08:50:39 - [MESSAGE][PASSED] - Text of object 'Object Repository/Выполнение бизнес-плана/Период' is: '1, 2 кв., Июль, Август 2024 года'

16-10-2024T08:50:39 - [TEST_STEP][PASSED] - m = m.substring(0, m.indexOf("2024")): null

16-10-2024T08:50:39 - [TEST_STEP][PASSED] - m = m.trim(): null

16-10-2024T08:50:39 - [TEST_STEP][PASSED] - dashboardName = "Выполнение бизнес-плана": null

16-10-2024T08:50:39 - [TEST_STEP][PASSED] - workbook01 = getWorkbook(excelFilePath): null

16-10-2024T08:50:39 - [TEST_STEP][PASSED] - sheet01 = getExcelSheet(workbook01, sheetName): null

16-10-2024T08:50:39 - [TEST_STEP][PASSED] - setValueToCellByIndex(sheet01, n, 0, dashboardName): null

16-10-2024T08:50:39 - [TEST_STEP][PASSED] - setValueToCellByIndex(sheet01, n, 1, dZO): null

16-10-2024T08:50:39 - [TEST_STEP][PASSED] - setValueToCellByIndex(sheet01, n, 2, typeOfData): null

16-10-2024T08:50:39 - [TEST_STEP][PASSED] - if (typeOfData == "Факт в процентах" || typeOfData == "План в процентах"): null

16-10-2024T08:50:39 - [TEST_STEP][PASSED] - else: null

16-10-2024T08:50:39 - [TEST_STEP][PASSED] - setValueToCellByIndex(sheet01, n, 3, fileInt): null

16-10-2024T08:50:39 - [TEST_STEP][PASSED] - setValueToCellByIndex(sheet01, n, 4, pageInt): null

16-10-2024T08:50:39 - [TEST_STEP][PASSED] - setValueToCellByIndex(sheet01, n, 5, m): null

16-10-2024T08:50:39 - [TEST_STEP][PASSED] - setValueToCellByIndex(sheet01, n, 6, y): null

16-10-2024T08:50:39 - [TEST_STEP][PASSED] - setValueToCellByIndex(sheet01, n, 7, todaysDate): null

16-10-2024T08:50:39 - [TEST_STEP][PASSED] - n = n + 1: null

16-10-2024T08:50:39 - [TEST_STEP][PASSED] - saveWorkbook(excelFilePath, workbook01): null

16-10-2024T08:50:39 - [TEST_STEP][PASSED] - compare = pagePoteri: null

16-10-2024T08:50:39 - [TEST_STEP][PASSED] - if (compare == filePoteri): null

16-10-2024T08:50:39 - [TEST_STEP][PASSED] - else if (compare > filePoteri): null

16-10-2024T08:50:39 - [TEST_STEP][PASSED] - compare = compare - 1: null

16-10-2024T08:50:39 - [TEST_STEP][PASSED] - if (compare == filePoteri): null

16-10-2024T08:50:39 - [TEST_STEP][PASSED] - else: null

16-10-2024T08:50:39 - [TEST_STEP][PASSED] - numberOfErrors = numberOfErrors + 1: null

16-10-2024T08:50:39 - [TEST_STEP][PASSED] - pageInt = pagePoteri: null

16-10-2024T08:50:39 - [TEST_STEP][PASSED] - fileInt = filePoteri: null

16-10-2024T08:50:39 - [TEST_STEP][PASSED] - typeOfData = typeOfDataMain + " Потери": null

16-10-2024T08:50:39 - [TEST_STEP][PASSED] - Script1718980020443.WriteToExcel(a, typeOfData, todaysDate, pageInt, fileInt, pageDouble, fileDouble, dZO): null

16-10-2024T08:50:39 - [TEST_STEP][PASSED] - sheetName = "Sheet1": null

16-10-2024T08:50:39 - [TEST_STEP][PASSED] - data = findTestData("PlanFact"): null

16-10-2024T08:50:39 - [TEST_STEP][PASSED] - n = data.getRowNumbers() + 1: null

16-10-2024T08:50:39 - [TEST_STEP][PASSED] - year = todaysDate.substring(todaysDate.length() - 4, todaysDate.length()): null

16-10-2024T08:50:39 - [TEST_STEP][PASSED] - y = year.toInteger(): null

16-10-2024T08:50:39 - [TEST_STEP][PASSED] - m = getText(findTestObject("Выполнение бизнес-плана/Период")): Text of object 'Object Repository/Выполнение бизнес-плана/Период' is: '1, 2 кв., Июль, Август 2024 года'

16-10-2024T08:50:39 - [MESSAGE][PASSED] - Text of object 'Object Repository/Выполнение бизнес-плана/Период' is: '1, 2 кв., Июль, Август 2024 года'

16-10-2024T08:50:39 - [TEST_STEP][PASSED] - m = m.substring(0, m.indexOf("2024")): null

16-10-2024T08:50:39 - [TEST_STEP][PASSED] - m = m.trim(): null

16-10-2024T08:50:39 - [TEST_STEP][PASSED] - dashboardName = "Выполнение бизнес-плана": null

16-10-2024T08:50:39 - [TEST_STEP][PASSED] - workbook01 = getWorkbook(excelFilePath): null

16-10-2024T08:50:39 - [TEST_STEP][PASSED] - sheet01 = getExcelSheet(workbook01, sheetName): null

16-10-2024T08:50:39 - [TEST_STEP][PASSED] - setValueToCellByIndex(sheet01, n, 0, dashboardName): null

16-10-2024T08:50:39 - [TEST_STEP][PASSED] - setValueToCellByIndex(sheet01, n, 1, dZO): null

16-10-2024T08:50:39 - [TEST_STEP][PASSED] - setValueToCellByIndex(sheet01, n, 2, typeOfData): null

16-10-2024T08:50:39 - [TEST_STEP][PASSED] - if (typeOfData == "Факт в процентах" || typeOfData == "План в процентах"): null

16-10-2024T08:50:39 - [TEST_STEP][PASSED] - else: null

16-10-2024T08:50:39 - [TEST_STEP][PASSED] - setValueToCellByIndex(sheet01, n, 3, fileInt): null

16-10-2024T08:50:39 - [TEST_STEP][PASSED] - setValueToCellByIndex(sheet01, n, 4, pageInt): null

16-10-2024T08:50:39 - [TEST_STEP][PASSED] - setValueToCellByIndex(sheet01, n, 5, m): null

16-10-2024T08:50:39 - [TEST_STEP][PASSED] - setValueToCellByIndex(sheet01, n, 6, y): null

16-10-2024T08:50:39 - [TEST_STEP][PASSED] - setValueToCellByIndex(sheet01, n, 7, todaysDate): null

16-10-2024T08:50:39 - [TEST_STEP][PASSED] - n = n + 1: null

16-10-2024T08:50:39 - [TEST_STEP][PASSED] - saveWorkbook(excelFilePath, workbook01): Object: 'Object Repository/Выполнение бизнес-плана/Кнопка Факт' is clicked on

16-10-2024T08:50:40 - [TEST_STEP][PASSED] - if (planFact == 2): Object: 'Object Repository/Выполнение бизнес-плана/Кнопка Факт' is clicked on

16-10-2024T08:50:40 - [TEST_STEP][PASSED] - click(findTestObject("Выполнение бизнес-плана/Кнопка Факт")): Object: 'Object Repository/Выполнение бизнес-плана/Кнопка Факт' is clicked on

16-10-2024T08:50:40 - [MESSAGE][PASSED] - Object: 'Object Repository/Выполнение бизнес-плана/Кнопка Факт' is clicked on

16-10-2024T08:50:40 - [TEST_STEP][PASSED] - if (a == 84 || a == 82): null

16-10-2024T08:50:40 - [TEST_STEP][PASSED] - else if (a == 52 || a == 72 || a == 28 || a == 73 || a == 77 || a == 74 || a == 65 || a == 36 || a == 44 || a == 53 || a == 80 || a == 54 || a == 1 || a == 18 || a == 59 || a == 81): null

16-10-2024T08:50:40 - [TEST_STEP][PASSED] - else: null

16-10-2024T08:50:40 - [TEST_STEP][PASSED] - page1 = getText(findTestObject("Object Repository/Выполнение бизнес-плана/spanPlan" + filialNum)): Text of object 'Object Repository/Выполнение бизнес-плана/spanPlan5' is: '17.36
|'

16-10-2024T08:50:40 - [MESSAGE][PASSED] - Text of object 'Object Repository/Выполнение бизнес-плана/spanPlan5' is: '17.36
|'

16-10-2024T08:50:40 - [TEST_STEP][PASSED] - page1 = page1.replace("|", ""): null

16-10-2024T08:50:40 - [TEST_STEP][PASSED] - page2 = getText(findTestObject("Object Repository/Выполнение бизнес-плана/spanFact" + filialNum)): Text of object 'Object Repository/Выполнение бизнес-плана/spanFact5' is: '17.58
|'

16-10-2024T08:50:41 - [MESSAGE][PASSED] - Text of object 'Object Repository/Выполнение бизнес-плана/spanFact5' is: '17.58
|'

16-10-2024T08:50:41 - [TEST_STEP][PASSED] - page2 = page2.replace("|", ""): null

16-10-2024T08:50:41 - [TEST_STEP][PASSED] - println("page1: " + page1): null

16-10-2024T08:50:41 - [TEST_STEP][PASSED] - println("page2: " + page2): null

16-10-2024T08:50:41 - [TEST_STEP][PASSED] - file = findTestData("PlanFact").getValue(4, a): null

16-10-2024T08:50:41 - [TEST_STEP][PASSED] - file = file.replace(",", "."): null

16-10-2024T08:50:41 - [TEST_STEP][PASSED] - println("file Plan: " + file): null

16-10-2024T08:50:41 - [TEST_STEP][PASSED] - typeOfData = "План в процентах": null

16-10-2024T08:50:41 - [TEST_STEP][PASSED] - fileDouble = file.toDouble(): null

16-10-2024T08:50:41 - [TEST_STEP][PASSED] - pageDouble = page1.toDouble(): null

16-10-2024T08:50:41 - [TEST_STEP][PASSED] - if (fileDouble != pageDouble): null

16-10-2024T08:50:41 - [TEST_STEP][PASSED] - numberOfErrors = numberOfErrors + 1: null

16-10-2024T08:50:41 - [TEST_STEP][PASSED] - Script1718980020443.WriteToExcel(a, typeOfData, todaysDate, pageInt, fileInt, pageDouble, fileDouble, dZO): null

16-10-2024T08:50:41 - [TEST_STEP][PASSED] - sheetName = "Sheet1": null

16-10-2024T08:50:41 - [TEST_STEP][PASSED] - data = findTestData("PlanFact"): null

16-10-2024T08:50:41 - [TEST_STEP][PASSED] - n = data.getRowNumbers() + 1: null

16-10-2024T08:50:41 - [TEST_STEP][PASSED] - year = todaysDate.substring(todaysDate.length() - 4, todaysDate.length()): null

16-10-2024T08:50:41 - [TEST_STEP][PASSED] - y = year.toInteger(): null

16-10-2024T08:50:41 - [TEST_STEP][PASSED] - m = getText(findTestObject("Выполнение бизнес-плана/Период")): Text of object 'Object Repository/Выполнение бизнес-плана/Период' is: '1, 2 кв., Июль, Август 2024 года'

16-10-2024T08:50:41 - [MESSAGE][PASSED] - Text of object 'Object Repository/Выполнение бизнес-плана/Период' is: '1, 2 кв., Июль, Август 2024 года'

16-10-2024T08:50:41 - [TEST_STEP][PASSED] - m = m.substring(0, m.indexOf("2024")): null

16-10-2024T08:50:41 - [TEST_STEP][PASSED] - m = m.trim(): null

16-10-2024T08:50:41 - [TEST_STEP][PASSED] - dashboardName = "Выполнение бизнес-плана": null

16-10-2024T08:50:41 - [TEST_STEP][PASSED] - workbook01 = getWorkbook(excelFilePath): null

16-10-2024T08:50:41 - [TEST_STEP][PASSED] - sheet01 = getExcelSheet(workbook01, sheetName): null

16-10-2024T08:50:41 - [TEST_STEP][PASSED] - setValueToCellByIndex(sheet01, n, 0, dashboardName): null

16-10-2024T08:50:41 - [TEST_STEP][PASSED] - setValueToCellByIndex(sheet01, n, 1, dZO): null

16-10-2024T08:50:41 - [TEST_STEP][PASSED] - setValueToCellByIndex(sheet01, n, 2, typeOfData): null

16-10-2024T08:50:41 - [TEST_STEP][PASSED] - if (typeOfData == "Факт в процентах" || typeOfData == "План в процентах"): null

16-10-2024T08:50:41 - [TEST_STEP][PASSED] - setValueToCellByIndex(sheet01, n, 3, fileDouble): null

16-10-2024T08:50:41 - [TEST_STEP][PASSED] - setValueToCellByIndex(sheet01, n, 4, pageDouble): null

16-10-2024T08:50:41 - [TEST_STEP][PASSED] - setValueToCellByIndex(sheet01, n, 5, m): null

16-10-2024T08:50:41 - [TEST_STEP][PASSED] - setValueToCellByIndex(sheet01, n, 6, y): null

16-10-2024T08:50:41 - [TEST_STEP][PASSED] - setValueToCellByIndex(sheet01, n, 7, todaysDate): null

16-10-2024T08:50:41 - [TEST_STEP][PASSED] - n = n + 1: null

16-10-2024T08:50:41 - [TEST_STEP][PASSED] - saveWorkbook(excelFilePath, workbook01): null

16-10-2024T08:50:41 - [TEST_STEP][PASSED] - file = findTestData("PlanFact").getValue(7, a): null

16-10-2024T08:50:42 - [TEST_STEP][PASSED] - file = file.replace(",", "."): null

16-10-2024T08:50:42 - [TEST_STEP][PASSED] - println("file Fact: " + file): null

16-10-2024T08:50:42 - [TEST_STEP][PASSED] - fileDouble = file.toDouble(): null

16-10-2024T08:50:42 - [TEST_STEP][PASSED] - typeOfData = "Факт в процентах": null

16-10-2024T08:50:42 - [TEST_STEP][PASSED] - fileDouble = file.toDouble(): null

16-10-2024T08:50:42 - [TEST_STEP][PASSED] - pageDouble = page2.toDouble(): null

16-10-2024T08:50:42 - [TEST_STEP][PASSED] - if (fileDouble != pageDouble): null

16-10-2024T08:50:42 - [TEST_STEP][PASSED] - numberOfErrors = numberOfErrors + 1: null

16-10-2024T08:50:42 - [TEST_STEP][PASSED] - Script1718980020443.WriteToExcel(a, typeOfData, todaysDate, pageInt, fileInt, pageDouble, fileDouble, dZO): null

16-10-2024T08:50:42 - [TEST_STEP][PASSED] - sheetName = "Sheet1": null

16-10-2024T08:50:42 - [TEST_STEP][PASSED] - data = findTestData("PlanFact"): null

16-10-2024T08:50:42 - [TEST_STEP][PASSED] - n = data.getRowNumbers() + 1: null

16-10-2024T08:50:42 - [TEST_STEP][PASSED] - year = todaysDate.substring(todaysDate.length() - 4, todaysDate.length()): null

16-10-2024T08:50:42 - [TEST_STEP][PASSED] - y = year.toInteger(): null

16-10-2024T08:50:42 - [TEST_STEP][PASSED] - m = getText(findTestObject("Выполнение бизнес-плана/Период")): Text of object 'Object Repository/Выполнение бизнес-плана/Период' is: '1, 2 кв., Июль, Август 2024 года'

16-10-2024T08:50:42 - [MESSAGE][PASSED] - Text of object 'Object Repository/Выполнение бизнес-плана/Период' is: '1, 2 кв., Июль, Август 2024 года'

16-10-2024T08:50:42 - [TEST_STEP][PASSED] - m = m.substring(0, m.indexOf("2024")): null

16-10-2024T08:50:42 - [TEST_STEP][PASSED] - m = m.trim(): null

16-10-2024T08:50:42 - [TEST_STEP][PASSED] - dashboardName = "Выполнение бизнес-плана": null

16-10-2024T08:50:42 - [TEST_STEP][PASSED] - workbook01 = getWorkbook(excelFilePath): null

16-10-2024T08:50:42 - [TEST_STEP][PASSED] - sheet01 = getExcelSheet(workbook01, sheetName): null

16-10-2024T08:50:42 - [TEST_STEP][PASSED] - setValueToCellByIndex(sheet01, n, 0, dashboardName): null

16-10-2024T08:50:42 - [TEST_STEP][PASSED] - setValueToCellByIndex(sheet01, n, 1, dZO): null

16-10-2024T08:50:42 - [TEST_STEP][PASSED] - setValueToCellByIndex(sheet01, n, 2, typeOfData): null

16-10-2024T08:50:42 - [TEST_STEP][PASSED] - if (typeOfData == "Факт в процентах" || typeOfData == "План в процентах"): null

16-10-2024T08:50:42 - [TEST_STEP][PASSED] - setValueToCellByIndex(sheet01, n, 3, fileDouble): null

16-10-2024T08:50:42 - [TEST_STEP][PASSED] - setValueToCellByIndex(sheet01, n, 4, pageDouble): null

16-10-2024T08:50:42 - [TEST_STEP][PASSED] - setValueToCellByIndex(sheet01, n, 5, m): null

16-10-2024T08:50:42 - [TEST_STEP][PASSED] - setValueToCellByIndex(sheet01, n, 6, y): null

16-10-2024T08:50:42 - [TEST_STEP][PASSED] - setValueToCellByIndex(sheet01, n, 7, todaysDate): null

16-10-2024T08:50:42 - [TEST_STEP][PASSED] - n = n + 1: null

16-10-2024T08:50:42 - [TEST_STEP][PASSED] - saveWorkbook(excelFilePath, workbook01): null

16-10-2024T08:50:42 - [TEST_STEP][FAILED] - if (verifyEqual(numberOfErrors, 0) == false): null

16-10-2024T08:50:42 - [MESSAGE][FAILED] - Unable to verify equal between actual object '6' and expected object '0' (Root cause: com.kms.katalon.core.exception.StepFailedException: Actual object '6' and expected object '0' are not equal
	at com.kms.katalon.core.keyword.builtin.VerifyEqualKeyword$_verifyEqual_closure1.doCall(VerifyEqualKeyword.groovy:58)
	at com.kms.katalon.core.keyword.builtin.VerifyEqualKeyword$_verifyEqual_closure1.call(VerifyEqualKeyword.groovy)
	at com.kms.katalon.core.keyword.internal.KeywordMain.runKeyword(KeywordMain.groovy:75)
	at com.kms.katalon.core.keyword.builtin.VerifyEqualKeyword.verifyEqual(VerifyEqualKeyword.groovy:63)
	at com.kms.katalon.core.keyword.builtin.VerifyEqualKeyword.execute(VerifyEqualKeyword.groovy:44)
	at com.kms.katalon.core.keyword.internal.KeywordExecutor.executeKeywordForPlatform(KeywordExecutor.groovy:74)
	at com.kms.katalon.core.keyword.BuiltinKeywords.verifyEqual(BuiltinKeywords.groovy:146)
	at java.base/jdk.internal.reflect.NativeMethodAccessorImpl.invoke0(Native Method)
	at java.base/jdk.internal.reflect.NativeMethodAccessorImpl.invoke(NativeMethodAccessorImpl.java:77)
	at java.base/jdk.internal.reflect.DelegatingMethodAccessorImpl.invoke(DelegatingMethodAccessorImpl.java:43)
	at Выполнение бизнес-плана Сверка ПАО Россети все филиалы.Numbers(Выполнение бизнес-плана Сверка ПАО Россети все филиалы:749)
	at Выполнение бизнес-плана Сверка ПАО Россети все филиалы.Filials(Выполнение бизнес-плана Сверка ПАО Россети все филиалы:1124)
	at Выполнение бизнес-плана Сверка ПАО Россети все филиалы.Numbers(Выполнение бизнес-плана Сверка ПАО Россети все филиалы:754)
	at Выполнение бизнес-плана Сверка ПАО Россети все филиалы.run(Выполнение бизнес-плана Сверка ПАО Россети все филиалы:313)
	at com.kms.katalon.core.main.ScriptEngine.run(ScriptEngine.java:194)
	at com.kms.katalon.core.main.ScriptEngine.runScriptAsRawText(ScriptEngine.java:119)
	at com.kms.katalon.core.main.TestCaseExecutor.runScript(TestCaseExecutor.java:448)
	at com.kms.katalon.core.main.TestCaseExecutor.doExecute(TestCaseExecutor.java:439)
	at com.kms.katalon.core.main.TestCaseExecutor.processExecutionPhase(TestCaseExecutor.java:418)
	at com.kms.katalon.core.main.TestCaseExecutor.accessMainPhase(TestCaseExecutor.java:410)
	at com.kms.katalon.core.main.TestCaseExecutor.execute(TestCaseExecutor.java:285)
	at com.kms.katalon.core.common.CommonExecutor.accessTestCaseMainPhase(CommonExecutor.java:65)
	at com.kms.katalon.core.main.TestSuiteExecutor.accessTestSuiteMainPhase(TestSuiteExecutor.java:150)
	at com.kms.katalon.core.main.TestSuiteExecutor.execute(TestSuiteExecutor.java:106)
	at com.kms.katalon.core.main.TestCaseMain.startTestSuite(TestCaseMain.java:180)
	at TempTestSuite1729057289574.run(TempTestSuite1729057289574.groovy:35)
	at java.base/jdk.internal.reflect.NativeMethodAccessorImpl.invoke0(Native Method)
	at java.base/jdk.internal.reflect.NativeMethodAccessorImpl.invoke(NativeMethodAccessorImpl.java:77)
	at java.base/jdk.internal.reflect.DelegatingMethodAccessorImpl.invoke(DelegatingMethodAccessorImpl.java:43)
)

16-10-2024T08:50:42 - [TEST_STEP][PASSED] - println(numberOfErrors): null

16-10-2024T08:50:42 - [TEST_STEP][PASSED] - if (a == 28 || a == 77 || a == 74 || a == 65 || a == 36 || a == 44 || a == 54 || a == 1 || a == 18 || a == 59): null

16-10-2024T08:50:42 - [TEST_STEP][PASSED] - if (a == 82): null

16-10-2024T08:50:42 - [TEST_STEP][PASSED] - dZO = "Ставропольэнерго": null

16-10-2024T08:50:42 - [TEST_STEP][PASSED] - a = 69: null

16-10-2024T08:50:42 - [TEST_STEP][PASSED] - if (x2.contains(dZO)): null

16-10-2024T08:50:42 - [TEST_STEP][PASSED] - filialNum = filialNum + 1: null

16-10-2024T08:50:42 - [TEST_STEP][PASSED] - Script1718980020443.Numbers(a, typeOfData, todaysDate, pageInt, fileInt, pageDouble, fileDouble, dZO, dzoNum, filialNum): null

16-10-2024T08:50:42 - [TEST_STEP][PASSED] - println(dzoNum): null

16-10-2024T08:50:42 - [TEST_STEP][PASSED] - planFact = <not implemented yet for class: org.codehaus.groovy.ast.expr.EmptyExpression>: null

16-10-2024T08:50:42 - [TEST_STEP][PASSED] - page = <not implemented yet for class: org.codehaus.groovy.ast.expr.EmptyExpression>: null

16-10-2024T08:50:42 - [TEST_STEP][PASSED] - page1 = <not implemented yet for class: org.codehaus.groovy.ast.expr.EmptyExpression>: null

16-10-2024T08:50:42 - [TEST_STEP][PASSED] - page2 = <not implemented yet for class: org.codehaus.groovy.ast.expr.EmptyExpression>: null

16-10-2024T08:50:42 - [TEST_STEP][PASSED] - filialNumberInRow = <not implemented yet for class: org.codehaus.groovy.ast.expr.EmptyExpression>: null

16-10-2024T08:50:42 - [TEST_STEP][PASSED] - filialsDzoNames = <not implemented yet for class: org.codehaus.groovy.ast.expr.EmptyExpression>: null

16-10-2024T08:50:42 - [TEST_STEP][PASSED] - numberOfFilials = <not implemented yet for class: org.codehaus.groovy.ast.expr.EmptyExpression>: null

16-10-2024T08:50:42 - [TEST_STEP][PASSED] - numberOfSpaces = <not implemented yet for class: org.codehaus.groovy.ast.expr.EmptyExpression>: null

16-10-2024T08:50:42 - [TEST_STEP][PASSED] - file = <not implemented yet for class: org.codehaus.groovy.ast.expr.EmptyExpression>: null

16-10-2024T08:50:42 - [TEST_STEP][PASSED] - otpusk = <not implemented yet for class: org.codehaus.groovy.ast.expr.EmptyExpression>: null

16-10-2024T08:50:42 - [TEST_STEP][PASSED] - poteri = <not implemented yet for class: org.codehaus.groovy.ast.expr.EmptyExpression>: null

16-10-2024T08:50:42 - [TEST_STEP][PASSED] - dataFolder = "Выполнение бизнес-плана/Значения со страницы Выполнение бизнес-плана/": null

16-10-2024T08:50:42 - [TEST_STEP][PASSED] - path = <not implemented yet for class: org.codehaus.groovy.ast.expr.EmptyExpression>: null

16-10-2024T08:50:42 - [TEST_STEP][PASSED] - typeOfDataMain = <not implemented yet for class: org.codehaus.groovy.ast.expr.EmptyExpression>: null

16-10-2024T08:50:42 - [TEST_STEP][PASSED] - fileOtpuskVSet = <not implemented yet for class: org.codehaus.groovy.ast.expr.EmptyExpression>: null

16-10-2024T08:50:42 - [TEST_STEP][PASSED] - pageOtpuskVSet = <not implemented yet for class: org.codehaus.groovy.ast.expr.EmptyExpression>: null

16-10-2024T08:50:42 - [TEST_STEP][PASSED] - filePoteri = <not implemented yet for class: org.codehaus.groovy.ast.expr.EmptyExpression>: null

16-10-2024T08:50:42 - [TEST_STEP][PASSED] - pagePoteri = <not implemented yet for class: org.codehaus.groovy.ast.expr.EmptyExpression>: null

16-10-2024T08:50:42 - [TEST_STEP][PASSED] - compare = <not implemented yet for class: org.codehaus.groovy.ast.expr.EmptyExpression>: null

16-10-2024T08:50:42 - [TEST_STEP][PASSED] - b = <not implemented yet for class: org.codehaus.groovy.ast.expr.EmptyExpression>: null

16-10-2024T08:50:42 - [TEST_STEP][PASSED] - i = <not implemented yet for class: org.codehaus.groovy.ast.expr.EmptyExpression>: null

16-10-2024T08:50:42 - [TEST_STEP][PASSED] - ii = <not implemented yet for class: org.codehaus.groovy.ast.expr.EmptyExpression>: null

16-10-2024T08:50:42 - [TEST_STEP][PASSED] - c = <not implemented yet for class: org.codehaus.groovy.ast.expr.EmptyExpression>: null

16-10-2024T08:50:42 - [TEST_STEP][PASSED] - numberOfErrors = 0: null

16-10-2024T08:50:42 - [TEST_STEP][PASSED] - if (a == 82): null

16-10-2024T08:50:42 - [TEST_STEP][PASSED] - b = findTestData("PlanFact").getValue(1, a): null

16-10-2024T08:50:42 - [TEST_STEP][PASSED] - i = b.indexOf(" (ГК)"): null

16-10-2024T08:50:42 - [TEST_STEP][PASSED] - if (i > -1): null

16-10-2024T08:50:42 - [TEST_STEP][PASSED] - i = b.indexOf("О ""): null

16-10-2024T08:50:42 - [TEST_STEP][PASSED] - if (i > -1): null

16-10-2024T08:50:42 - [TEST_STEP][PASSED] - i = b.indexOf("О «"): null

16-10-2024T08:50:42 - [TEST_STEP][PASSED] - if (i > -1): null

16-10-2024T08:50:42 - [TEST_STEP][PASSED] - i = b.indexOf("г. "): null

16-10-2024T08:50:42 - [TEST_STEP][PASSED] - if (i > -1): null

16-10-2024T08:50:42 - [TEST_STEP][PASSED] - println(b): null

16-10-2024T08:50:42 - [TEST_STEP][PASSED] - for ([planFact = 1, planFact < 3, (planFact++)]): null

16-10-2024T08:50:42 - [TEST_STEP][PASSED] - if (planFact == 1): null

16-10-2024T08:50:42 - [TEST_STEP][PASSED] - typeOfDataMain = "Факт": null

16-10-2024T08:50:42 - [TEST_STEP][PASSED] - otpusk = findTestData("PlanFact").getValue(5, a): null

16-10-2024T08:50:42 - [TEST_STEP][PASSED] - poteri = findTestData("PlanFact").getValue(6, a): null

16-10-2024T08:50:42 - [TEST_STEP][PASSED] - otpusk = otpusk.replaceAll("\s+", ""): null

16-10-2024T08:50:42 - [TEST_STEP][PASSED] - poteri = poteri.replaceAll("\s+", ""): null

16-10-2024T08:50:42 - [TEST_STEP][PASSED] - typeOfData = typeOfDataMain + " Отпуск в сеть": null

16-10-2024T08:50:42 - [TEST_STEP][PASSED] - if (a == 82): null

16-10-2024T08:50:42 - [TEST_STEP][PASSED] - else if (a == 84): null

16-10-2024T08:50:42 - [TEST_STEP][PASSED] - else if (a == 52 || a == 72 || a == 28 || a == 73 || a == 77 || a == 74 || a == 65 || a == 36 || a == 44 || a == 53 || a == 80 || a == 54 || a == 1 || a == 18 || a == 59 || a == 81): null

16-10-2024T08:50:42 - [TEST_STEP][PASSED] - else: null

16-10-2024T08:50:42 - [TEST_STEP][PASSED] - path = dataFolder + typeOfData + " за отчётный период " + b: null

16-10-2024T08:50:42 - [TEST_STEP][PASSED] - println(path): null

16-10-2024T08:50:42 - [TEST_STEP][PASSED] - page = getText(findTestObject(path)): Text of object 'Object Repository/Выполнение бизнес-плана/Значения со страницы Выполнение бизнес-плана/Факт Отпуск в сеть за отчётный период Ставропольэнерго' is: '5 649 872'

16-10-2024T08:50:43 - [MESSAGE][PASSED] - Text of object 'Object Repository/Выполнение бизнес-плана/Значения со страницы Выполнение бизнес-плана/Факт Отпуск в сеть за отчётный период Ставропольэнерго' is: '5 649 872'

16-10-2024T08:50:43 - [TEST_STEP][PASSED] - page = page.replaceAll("\s+", ""): null

16-10-2024T08:50:43 - [TEST_STEP][PASSED] - fileOtpuskVSet = otpusk.toInteger(): null

16-10-2024T08:50:43 - [TEST_STEP][PASSED] - pageOtpuskVSet = page.toInteger(): null

16-10-2024T08:50:43 - [TEST_STEP][PASSED] - typeOfData = typeOfDataMain + " Потери": null

16-10-2024T08:50:43 - [TEST_STEP][PASSED] - if (a == 82): null

16-10-2024T08:50:43 - [TEST_STEP][PASSED] - else if (a == 84): null

16-10-2024T08:50:43 - [TEST_STEP][PASSED] - else if (a == 52 || a == 72 || a == 28 || a == 73 || a == 77 || a == 74 || a == 65 || a == 36 || a == 44 || a == 53 || a == 80 || a == 54 || a == 1 || a == 18 || a == 59 || a == 81): null

16-10-2024T08:50:43 - [TEST_STEP][PASSED] - else: null

16-10-2024T08:50:43 - [TEST_STEP][PASSED] - path = dataFolder + typeOfData + " за отчётный период " + b: null

16-10-2024T08:50:43 - [TEST_STEP][PASSED] - page = getText(findTestObject(path)): Text of object 'Object Repository/Выполнение бизнес-плана/Значения со страницы Выполнение бизнес-плана/Факт Потери за отчётный период Ставропольэнерго' is: '487 980'

16-10-2024T08:50:43 - [MESSAGE][PASSED] - Text of object 'Object Repository/Выполнение бизнес-плана/Значения со страницы Выполнение бизнес-плана/Факт Потери за отчётный период Ставропольэнерго' is: '487 980'

16-10-2024T08:50:43 - [TEST_STEP][PASSED] - page = page.replaceAll("\s+", ""): null

16-10-2024T08:50:43 - [TEST_STEP][PASSED] - filePoteri = poteri.toInteger(): null

16-10-2024T08:50:43 - [TEST_STEP][PASSED] - pagePoteri = page.toInteger(): null

16-10-2024T08:50:43 - [TEST_STEP][PASSED] - compare = pageOtpuskVSet: null

16-10-2024T08:50:43 - [TEST_STEP][PASSED] - if (compare == fileOtpuskVSet): null

16-10-2024T08:50:43 - [TEST_STEP][PASSED] - else if (compare > fileOtpuskVSet): null

16-10-2024T08:50:43 - [TEST_STEP][PASSED] - compare = compare - 1: null

16-10-2024T08:50:43 - [TEST_STEP][PASSED] - if (compare == fileOtpuskVSet): null

16-10-2024T08:50:43 - [TEST_STEP][PASSED] - else: null

16-10-2024T08:50:43 - [TEST_STEP][PASSED] - numberOfErrors = numberOfErrors + 1: null

16-10-2024T08:50:43 - [TEST_STEP][PASSED] - pageInt = pageOtpuskVSet: null

16-10-2024T08:50:43 - [TEST_STEP][PASSED] - fileInt = fileOtpuskVSet: null

16-10-2024T08:50:43 - [TEST_STEP][PASSED] - typeOfData = typeOfDataMain + " Отпуск в сеть": null

16-10-2024T08:50:43 - [TEST_STEP][PASSED] - Script1718980020443.WriteToExcel(a, typeOfData, todaysDate, pageInt, fileInt, pageDouble, fileDouble, dZO): null

16-10-2024T08:50:43 - [TEST_STEP][PASSED] - sheetName = "Sheet1": null

16-10-2024T08:50:43 - [TEST_STEP][PASSED] - data = findTestData("PlanFact"): null

16-10-2024T08:50:43 - [TEST_STEP][PASSED] - n = data.getRowNumbers() + 1: null

16-10-2024T08:50:43 - [TEST_STEP][PASSED] - year = todaysDate.substring(todaysDate.length() - 4, todaysDate.length()): null

16-10-2024T08:50:43 - [TEST_STEP][PASSED] - y = year.toInteger(): null

16-10-2024T08:50:43 - [TEST_STEP][PASSED] - m = getText(findTestObject("Выполнение бизнес-плана/Период")): Text of object 'Object Repository/Выполнение бизнес-плана/Период' is: '1, 2 кв., Июль, Август 2024 года'

16-10-2024T08:50:43 - [MESSAGE][PASSED] - Text of object 'Object Repository/Выполнение бизнес-плана/Период' is: '1, 2 кв., Июль, Август 2024 года'

16-10-2024T08:50:43 - [TEST_STEP][PASSED] - m = m.substring(0, m.indexOf("2024")): null

16-10-2024T08:50:43 - [TEST_STEP][PASSED] - m = m.trim(): null

16-10-2024T08:50:43 - [TEST_STEP][PASSED] - dashboardName = "Выполнение бизнес-плана": null

16-10-2024T08:50:43 - [TEST_STEP][PASSED] - workbook01 = getWorkbook(excelFilePath): null

16-10-2024T08:50:43 - [TEST_STEP][PASSED] - sheet01 = getExcelSheet(workbook01, sheetName): null

16-10-2024T08:50:43 - [TEST_STEP][PASSED] - setValueToCellByIndex(sheet01, n, 0, dashboardName): null

16-10-2024T08:50:43 - [TEST_STEP][PASSED] - setValueToCellByIndex(sheet01, n, 1, dZO): null

16-10-2024T08:50:43 - [TEST_STEP][PASSED] - setValueToCellByIndex(sheet01, n, 2, typeOfData): null

16-10-2024T08:50:43 - [TEST_STEP][PASSED] - if (typeOfData == "Факт в процентах" || typeOfData == "План в процентах"): null

16-10-2024T08:50:43 - [TEST_STEP][PASSED] - else: null

16-10-2024T08:50:43 - [TEST_STEP][PASSED] - setValueToCellByIndex(sheet01, n, 3, fileInt): null

16-10-2024T08:50:43 - [TEST_STEP][PASSED] - setValueToCellByIndex(sheet01, n, 4, pageInt): null

16-10-2024T08:50:43 - [TEST_STEP][PASSED] - setValueToCellByIndex(sheet01, n, 5, m): null

16-10-2024T08:50:43 - [TEST_STEP][PASSED] - setValueToCellByIndex(sheet01, n, 6, y): null

16-10-2024T08:50:43 - [TEST_STEP][PASSED] - setValueToCellByIndex(sheet01, n, 7, todaysDate): null

16-10-2024T08:50:43 - [TEST_STEP][PASSED] - n = n + 1: null

16-10-2024T08:50:43 - [TEST_STEP][PASSED] - saveWorkbook(excelFilePath, workbook01): null

16-10-2024T08:50:44 - [TEST_STEP][PASSED] - compare = pagePoteri: null

16-10-2024T08:50:44 - [TEST_STEP][PASSED] - if (compare == filePoteri): null

16-10-2024T08:50:44 - [TEST_STEP][PASSED] - else if (compare > filePoteri): null

16-10-2024T08:50:44 - [TEST_STEP][PASSED] - compare = compare - 1: null

16-10-2024T08:50:44 - [TEST_STEP][PASSED] - if (compare == filePoteri): null

16-10-2024T08:50:44 - [TEST_STEP][PASSED] - else: null

16-10-2024T08:50:44 - [TEST_STEP][PASSED] - numberOfErrors = numberOfErrors + 1: null

16-10-2024T08:50:44 - [TEST_STEP][PASSED] - pageInt = pagePoteri: null

16-10-2024T08:50:44 - [TEST_STEP][PASSED] - fileInt = filePoteri: null

16-10-2024T08:50:44 - [TEST_STEP][PASSED] - typeOfData = typeOfDataMain + " Потери": null

16-10-2024T08:50:44 - [TEST_STEP][PASSED] - Script1718980020443.WriteToExcel(a, typeOfData, todaysDate, pageInt, fileInt, pageDouble, fileDouble, dZO): null

16-10-2024T08:50:44 - [TEST_STEP][PASSED] - sheetName = "Sheet1": null

16-10-2024T08:50:44 - [TEST_STEP][PASSED] - data = findTestData("PlanFact"): null

16-10-2024T08:50:44 - [TEST_STEP][PASSED] - n = data.getRowNumbers() + 1: null

16-10-2024T08:50:44 - [TEST_STEP][PASSED] - year = todaysDate.substring(todaysDate.length() - 4, todaysDate.length()): null

16-10-2024T08:50:44 - [TEST_STEP][PASSED] - y = year.toInteger(): null

16-10-2024T08:50:44 - [TEST_STEP][PASSED] - m = getText(findTestObject("Выполнение бизнес-плана/Период")): Text of object 'Object Repository/Выполнение бизнес-плана/Период' is: '1, 2 кв., Июль, Август 2024 года'

16-10-2024T08:50:44 - [MESSAGE][PASSED] - Text of object 'Object Repository/Выполнение бизнес-плана/Период' is: '1, 2 кв., Июль, Август 2024 года'

16-10-2024T08:50:44 - [TEST_STEP][PASSED] - m = m.substring(0, m.indexOf("2024")): null

16-10-2024T08:50:44 - [TEST_STEP][PASSED] - m = m.trim(): null

16-10-2024T08:50:44 - [TEST_STEP][PASSED] - dashboardName = "Выполнение бизнес-плана": null

16-10-2024T08:50:44 - [TEST_STEP][PASSED] - workbook01 = getWorkbook(excelFilePath): null

16-10-2024T08:50:44 - [TEST_STEP][PASSED] - sheet01 = getExcelSheet(workbook01, sheetName): null

16-10-2024T08:50:44 - [TEST_STEP][PASSED] - setValueToCellByIndex(sheet01, n, 0, dashboardName): null

16-10-2024T08:50:44 - [TEST_STEP][PASSED] - setValueToCellByIndex(sheet01, n, 1, dZO): null

16-10-2024T08:50:44 - [TEST_STEP][PASSED] - setValueToCellByIndex(sheet01, n, 2, typeOfData): null

16-10-2024T08:50:44 - [TEST_STEP][PASSED] - if (typeOfData == "Факт в процентах" || typeOfData == "План в процентах"): null

16-10-2024T08:50:44 - [TEST_STEP][PASSED] - else: null

16-10-2024T08:50:44 - [TEST_STEP][PASSED] - setValueToCellByIndex(sheet01, n, 3, fileInt): null

16-10-2024T08:50:44 - [TEST_STEP][PASSED] - setValueToCellByIndex(sheet01, n, 4, pageInt): null

16-10-2024T08:50:44 - [TEST_STEP][PASSED] - setValueToCellByIndex(sheet01, n, 5, m): null

16-10-2024T08:50:44 - [TEST_STEP][PASSED] - setValueToCellByIndex(sheet01, n, 6, y): null

16-10-2024T08:50:44 - [TEST_STEP][PASSED] - setValueToCellByIndex(sheet01, n, 7, todaysDate): null

16-10-2024T08:50:44 - [TEST_STEP][PASSED] - n = n + 1: null

16-10-2024T08:50:44 - [TEST_STEP][PASSED] - saveWorkbook(excelFilePath, workbook01): null

16-10-2024T08:50:45 - [TEST_STEP][PASSED] - if (planFact == 2): null

16-10-2024T08:50:45 - [TEST_STEP][PASSED] - if (planFact == 1): null

16-10-2024T08:50:45 - [TEST_STEP][PASSED] - else if (planFact == 2): null

16-10-2024T08:50:45 - [TEST_STEP][PASSED] - click(findTestObject("Выполнение бизнес-плана/Кнопка План")): Object: 'Object Repository/Выполнение бизнес-плана/Кнопка План' is clicked on

16-10-2024T08:50:45 - [MESSAGE][PASSED] - Object: 'Object Repository/Выполнение бизнес-плана/Кнопка План' is clicked on

16-10-2024T08:50:45 - [TEST_STEP][PASSED] - typeOfDataMain = "План": null

16-10-2024T08:50:45 - [TEST_STEP][PASSED] - otpusk = findTestData("PlanFact").getValue(2, a): null

16-10-2024T08:50:45 - [TEST_STEP][PASSED] - poteri = findTestData("PlanFact").getValue(3, a): null

16-10-2024T08:50:45 - [TEST_STEP][PASSED] - otpusk = otpusk.replaceAll("\s+", ""): null

16-10-2024T08:50:45 - [TEST_STEP][PASSED] - poteri = poteri.replaceAll("\s+", ""): null

16-10-2024T08:50:45 - [TEST_STEP][PASSED] - typeOfData = typeOfDataMain + " Отпуск в сеть": null

16-10-2024T08:50:45 - [TEST_STEP][PASSED] - if (a == 82): null

16-10-2024T08:50:45 - [TEST_STEP][PASSED] - else if (a == 84): null

16-10-2024T08:50:45 - [TEST_STEP][PASSED] - else if (a == 52 || a == 72 || a == 28 || a == 73 || a == 77 || a == 74 || a == 65 || a == 36 || a == 44 || a == 53 || a == 80 || a == 54 || a == 1 || a == 18 || a == 59 || a == 81): null

16-10-2024T08:50:45 - [TEST_STEP][PASSED] - else: null

16-10-2024T08:50:45 - [TEST_STEP][PASSED] - path = dataFolder + typeOfData + " за отчётный период " + b: null

16-10-2024T08:50:45 - [TEST_STEP][PASSED] - println(path): null

16-10-2024T08:50:45 - [TEST_STEP][PASSED] - page = getText(findTestObject(path)): Text of object 'Object Repository/Выполнение бизнес-плана/Значения со страницы Выполнение бизнес-плана/План Отпуск в сеть за отчётный период Ставропольэнерго' is: '5 326 387'

16-10-2024T08:50:45 - [MESSAGE][PASSED] - Text of object 'Object Repository/Выполнение бизнес-плана/Значения со страницы Выполнение бизнес-плана/План Отпуск в сеть за отчётный период Ставропольэнерго' is: '5 326 387'

16-10-2024T08:50:45 - [TEST_STEP][PASSED] - page = page.replaceAll("\s+", ""): null

16-10-2024T08:50:45 - [TEST_STEP][PASSED] - fileOtpuskVSet = otpusk.toInteger(): null

16-10-2024T08:50:45 - [TEST_STEP][PASSED] - pageOtpuskVSet = page.toInteger(): null

16-10-2024T08:50:45 - [TEST_STEP][PASSED] - typeOfData = typeOfDataMain + " Потери": null

16-10-2024T08:50:45 - [TEST_STEP][PASSED] - if (a == 82): null

16-10-2024T08:50:45 - [TEST_STEP][PASSED] - else if (a == 84): null

16-10-2024T08:50:45 - [TEST_STEP][PASSED] - else if (a == 52 || a == 72 || a == 28 || a == 73 || a == 77 || a == 74 || a == 65 || a == 36 || a == 44 || a == 53 || a == 80 || a == 54 || a == 1 || a == 18 || a == 59 || a == 81): null

16-10-2024T08:50:45 - [TEST_STEP][PASSED] - else: null

16-10-2024T08:50:45 - [TEST_STEP][PASSED] - path = dataFolder + typeOfData + " за отчётный период " + b: null

16-10-2024T08:50:45 - [TEST_STEP][PASSED] - page = getText(findTestObject(path)): Text of object 'Object Repository/Выполнение бизнес-плана/Значения со страницы Выполнение бизнес-плана/План Потери за отчётный период Ставропольэнерго' is: '459 277'

16-10-2024T08:50:46 - [MESSAGE][PASSED] - Text of object 'Object Repository/Выполнение бизнес-плана/Значения со страницы Выполнение бизнес-плана/План Потери за отчётный период Ставропольэнерго' is: '459 277'

16-10-2024T08:50:46 - [TEST_STEP][PASSED] - page = page.replaceAll("\s+", ""): null

16-10-2024T08:50:46 - [TEST_STEP][PASSED] - filePoteri = poteri.toInteger(): null

16-10-2024T08:50:46 - [TEST_STEP][PASSED] - pagePoteri = page.toInteger(): null

16-10-2024T08:50:46 - [TEST_STEP][PASSED] - compare = pageOtpuskVSet: null

16-10-2024T08:50:46 - [TEST_STEP][PASSED] - if (compare == fileOtpuskVSet): null

16-10-2024T08:50:46 - [TEST_STEP][PASSED] - else if (compare > fileOtpuskVSet): null

16-10-2024T08:50:46 - [TEST_STEP][PASSED] - compare = compare - 1: null

16-10-2024T08:50:46 - [TEST_STEP][PASSED] - if (compare == fileOtpuskVSet): null

16-10-2024T08:50:46 - [TEST_STEP][PASSED] - else: null

16-10-2024T08:50:46 - [TEST_STEP][PASSED] - numberOfErrors = numberOfErrors + 1: null

16-10-2024T08:50:46 - [TEST_STEP][PASSED] - pageInt = pageOtpuskVSet: null

16-10-2024T08:50:46 - [TEST_STEP][PASSED] - fileInt = fileOtpuskVSet: null

16-10-2024T08:50:46 - [TEST_STEP][PASSED] - typeOfData = typeOfDataMain + " Отпуск в сеть": null

16-10-2024T08:50:46 - [TEST_STEP][PASSED] - Script1718980020443.WriteToExcel(a, typeOfData, todaysDate, pageInt, fileInt, pageDouble, fileDouble, dZO): null

16-10-2024T08:50:46 - [TEST_STEP][PASSED] - sheetName = "Sheet1": null

16-10-2024T08:50:46 - [TEST_STEP][PASSED] - data = findTestData("PlanFact"): null

16-10-2024T08:50:46 - [TEST_STEP][PASSED] - n = data.getRowNumbers() + 1: null

16-10-2024T08:50:46 - [TEST_STEP][PASSED] - year = todaysDate.substring(todaysDate.length() - 4, todaysDate.length()): null

16-10-2024T08:50:46 - [TEST_STEP][PASSED] - y = year.toInteger(): null

16-10-2024T08:50:46 - [TEST_STEP][PASSED] - m = getText(findTestObject("Выполнение бизнес-плана/Период")): Text of object 'Object Repository/Выполнение бизнес-плана/Период' is: '1, 2 кв., Июль, Август 2024 года'

16-10-2024T08:50:46 - [MESSAGE][PASSED] - Text of object 'Object Repository/Выполнение бизнес-плана/Период' is: '1, 2 кв., Июль, Август 2024 года'

16-10-2024T08:50:46 - [TEST_STEP][PASSED] - m = m.substring(0, m.indexOf("2024")): null

16-10-2024T08:50:46 - [TEST_STEP][PASSED] - m = m.trim(): null

16-10-2024T08:50:46 - [TEST_STEP][PASSED] - dashboardName = "Выполнение бизнес-плана": null

16-10-2024T08:50:46 - [TEST_STEP][PASSED] - workbook01 = getWorkbook(excelFilePath): null

16-10-2024T08:50:46 - [TEST_STEP][PASSED] - sheet01 = getExcelSheet(workbook01, sheetName): null

16-10-2024T08:50:46 - [TEST_STEP][PASSED] - setValueToCellByIndex(sheet01, n, 0, dashboardName): null

16-10-2024T08:50:46 - [TEST_STEP][PASSED] - setValueToCellByIndex(sheet01, n, 1, dZO): null

16-10-2024T08:50:46 - [TEST_STEP][PASSED] - setValueToCellByIndex(sheet01, n, 2, typeOfData): null

16-10-2024T08:50:46 - [TEST_STEP][PASSED] - if (typeOfData == "Факт в процентах" || typeOfData == "План в процентах"): null

16-10-2024T08:50:46 - [TEST_STEP][PASSED] - else: null

16-10-2024T08:50:46 - [TEST_STEP][PASSED] - setValueToCellByIndex(sheet01, n, 3, fileInt): null

16-10-2024T08:50:46 - [TEST_STEP][PASSED] - setValueToCellByIndex(sheet01, n, 4, pageInt): null

16-10-2024T08:50:46 - [TEST_STEP][PASSED] - setValueToCellByIndex(sheet01, n, 5, m): null

16-10-2024T08:50:46 - [TEST_STEP][PASSED] - setValueToCellByIndex(sheet01, n, 6, y): null

16-10-2024T08:50:46 - [TEST_STEP][PASSED] - setValueToCellByIndex(sheet01, n, 7, todaysDate): null

16-10-2024T08:50:46 - [TEST_STEP][PASSED] - n = n + 1: null

16-10-2024T08:50:46 - [TEST_STEP][PASSED] - saveWorkbook(excelFilePath, workbook01): null

16-10-2024T08:50:46 - [TEST_STEP][PASSED] - compare = pagePoteri: null

16-10-2024T08:50:46 - [TEST_STEP][PASSED] - if (compare == filePoteri): null

16-10-2024T08:50:46 - [TEST_STEP][PASSED] - else if (compare > filePoteri): null

16-10-2024T08:50:46 - [TEST_STEP][PASSED] - compare = compare - 1: null

16-10-2024T08:50:46 - [TEST_STEP][PASSED] - if (compare == filePoteri): null

16-10-2024T08:50:46 - [TEST_STEP][PASSED] - else: null

16-10-2024T08:50:46 - [TEST_STEP][PASSED] - numberOfErrors = numberOfErrors + 1: null

16-10-2024T08:50:46 - [TEST_STEP][PASSED] - pageInt = pagePoteri: null

16-10-2024T08:50:46 - [TEST_STEP][PASSED] - fileInt = filePoteri: null

16-10-2024T08:50:46 - [TEST_STEP][PASSED] - typeOfData = typeOfDataMain + " Потери": null

16-10-2024T08:50:46 - [TEST_STEP][PASSED] - Script1718980020443.WriteToExcel(a, typeOfData, todaysDate, pageInt, fileInt, pageDouble, fileDouble, dZO): null

16-10-2024T08:50:46 - [TEST_STEP][PASSED] - sheetName = "Sheet1": null

16-10-2024T08:50:46 - [TEST_STEP][PASSED] - data = findTestData("PlanFact"): null

16-10-2024T08:50:46 - [TEST_STEP][PASSED] - n = data.getRowNumbers() + 1: null

16-10-2024T08:50:46 - [TEST_STEP][PASSED] - year = todaysDate.substring(todaysDate.length() - 4, todaysDate.length()): null

16-10-2024T08:50:46 - [TEST_STEP][PASSED] - y = year.toInteger(): null

16-10-2024T08:50:46 - [TEST_STEP][PASSED] - m = getText(findTestObject("Выполнение бизнес-плана/Период")): Text of object 'Object Repository/Выполнение бизнес-плана/Период' is: '1, 2 кв., Июль, Август 2024 года'

16-10-2024T08:50:47 - [MESSAGE][PASSED] - Text of object 'Object Repository/Выполнение бизнес-плана/Период' is: '1, 2 кв., Июль, Август 2024 года'

16-10-2024T08:50:47 - [TEST_STEP][PASSED] - m = m.substring(0, m.indexOf("2024")): null

16-10-2024T08:50:47 - [TEST_STEP][PASSED] - m = m.trim(): null

16-10-2024T08:50:47 - [TEST_STEP][PASSED] - dashboardName = "Выполнение бизнес-плана": null

16-10-2024T08:50:47 - [TEST_STEP][PASSED] - workbook01 = getWorkbook(excelFilePath): null

16-10-2024T08:50:47 - [TEST_STEP][PASSED] - sheet01 = getExcelSheet(workbook01, sheetName): null

16-10-2024T08:50:47 - [TEST_STEP][PASSED] - setValueToCellByIndex(sheet01, n, 0, dashboardName): null

16-10-2024T08:50:47 - [TEST_STEP][PASSED] - setValueToCellByIndex(sheet01, n, 1, dZO): null

16-10-2024T08:50:47 - [TEST_STEP][PASSED] - setValueToCellByIndex(sheet01, n, 2, typeOfData): null

16-10-2024T08:50:47 - [TEST_STEP][PASSED] - if (typeOfData == "Факт в процентах" || typeOfData == "План в процентах"): null

16-10-2024T08:50:47 - [TEST_STEP][PASSED] - else: null

16-10-2024T08:50:47 - [TEST_STEP][PASSED] - setValueToCellByIndex(sheet01, n, 3, fileInt): null

16-10-2024T08:50:47 - [TEST_STEP][PASSED] - setValueToCellByIndex(sheet01, n, 4, pageInt): null

16-10-2024T08:50:47 - [TEST_STEP][PASSED] - setValueToCellByIndex(sheet01, n, 5, m): null

16-10-2024T08:50:47 - [TEST_STEP][PASSED] - setValueToCellByIndex(sheet01, n, 6, y): null

16-10-2024T08:50:47 - [TEST_STEP][PASSED] - setValueToCellByIndex(sheet01, n, 7, todaysDate): null

16-10-2024T08:50:47 - [TEST_STEP][PASSED] - n = n + 1: null

16-10-2024T08:50:47 - [TEST_STEP][PASSED] - saveWorkbook(excelFilePath, workbook01): Object: 'Object Repository/Выполнение бизнес-плана/Кнопка Факт' is clicked on

16-10-2024T08:50:47 - [TEST_STEP][PASSED] - if (planFact == 2): Object: 'Object Repository/Выполнение бизнес-плана/Кнопка Факт' is clicked on

16-10-2024T08:50:47 - [TEST_STEP][PASSED] - click(findTestObject("Выполнение бизнес-плана/Кнопка Факт")): Object: 'Object Repository/Выполнение бизнес-плана/Кнопка Факт' is clicked on

16-10-2024T08:50:47 - [MESSAGE][PASSED] - Object: 'Object Repository/Выполнение бизнес-плана/Кнопка Факт' is clicked on

16-10-2024T08:50:47 - [TEST_STEP][PASSED] - if (a == 84 || a == 82): null

16-10-2024T08:50:47 - [TEST_STEP][PASSED] - else if (a == 52 || a == 72 || a == 28 || a == 73 || a == 77 || a == 74 || a == 65 || a == 36 || a == 44 || a == 53 || a == 80 || a == 54 || a == 1 || a == 18 || a == 59 || a == 81): null

16-10-2024T08:50:47 - [TEST_STEP][PASSED] - else: null

16-10-2024T08:50:47 - [TEST_STEP][PASSED] - page1 = getText(findTestObject("Object Repository/Выполнение бизнес-плана/spanPlan" + filialNum)): Text of object 'Object Repository/Выполнение бизнес-плана/spanPlan6' is: '8.62
|'

16-10-2024T08:50:48 - [MESSAGE][PASSED] - Text of object 'Object Repository/Выполнение бизнес-плана/spanPlan6' is: '8.62
|'

16-10-2024T08:50:48 - [TEST_STEP][PASSED] - page1 = page1.replace("|", ""): null

16-10-2024T08:50:48 - [TEST_STEP][PASSED] - page2 = getText(findTestObject("Object Repository/Выполнение бизнес-плана/spanFact" + filialNum)): Text of object 'Object Repository/Выполнение бизнес-плана/spanFact6' is: '8.64
|'

16-10-2024T08:50:48 - [MESSAGE][PASSED] - Text of object 'Object Repository/Выполнение бизнес-плана/spanFact6' is: '8.64
|'

16-10-2024T08:50:48 - [TEST_STEP][PASSED] - page2 = page2.replace("|", ""): null

16-10-2024T08:50:48 - [TEST_STEP][PASSED] - println("page1: " + page1): null

16-10-2024T08:50:48 - [TEST_STEP][PASSED] - println("page2: " + page2): null

16-10-2024T08:50:48 - [TEST_STEP][PASSED] - file = findTestData("PlanFact").getValue(4, a): null

16-10-2024T08:50:48 - [TEST_STEP][PASSED] - file = file.replace(",", "."): null

16-10-2024T08:50:48 - [TEST_STEP][PASSED] - println("file Plan: " + file): null

16-10-2024T08:50:48 - [TEST_STEP][PASSED] - typeOfData = "План в процентах": null

16-10-2024T08:50:48 - [TEST_STEP][PASSED] - fileDouble = file.toDouble(): null

16-10-2024T08:50:48 - [TEST_STEP][PASSED] - pageDouble = page1.toDouble(): null

16-10-2024T08:50:48 - [TEST_STEP][PASSED] - if (fileDouble != pageDouble): null

16-10-2024T08:50:48 - [TEST_STEP][PASSED] - numberOfErrors = numberOfErrors + 1: null

16-10-2024T08:50:48 - [TEST_STEP][PASSED] - Script1718980020443.WriteToExcel(a, typeOfData, todaysDate, pageInt, fileInt, pageDouble, fileDouble, dZO): null

16-10-2024T08:50:48 - [TEST_STEP][PASSED] - sheetName = "Sheet1": null

16-10-2024T08:50:48 - [TEST_STEP][PASSED] - data = findTestData("PlanFact"): null

16-10-2024T08:50:48 - [TEST_STEP][PASSED] - n = data.getRowNumbers() + 1: null

16-10-2024T08:50:48 - [TEST_STEP][PASSED] - year = todaysDate.substring(todaysDate.length() - 4, todaysDate.length()): null

16-10-2024T08:50:48 - [TEST_STEP][PASSED] - y = year.toInteger(): null

16-10-2024T08:50:48 - [TEST_STEP][PASSED] - m = getText(findTestObject("Выполнение бизнес-плана/Период")): Text of object 'Object Repository/Выполнение бизнес-плана/Период' is: '1, 2 кв., Июль, Август 2024 года'

16-10-2024T08:50:48 - [MESSAGE][PASSED] - Text of object 'Object Repository/Выполнение бизнес-плана/Период' is: '1, 2 кв., Июль, Август 2024 года'

16-10-2024T08:50:48 - [TEST_STEP][PASSED] - m = m.substring(0, m.indexOf("2024")): null

16-10-2024T08:50:48 - [TEST_STEP][PASSED] - m = m.trim(): null

16-10-2024T08:50:48 - [TEST_STEP][PASSED] - dashboardName = "Выполнение бизнес-плана": null

16-10-2024T08:50:48 - [TEST_STEP][PASSED] - workbook01 = getWorkbook(excelFilePath): null

16-10-2024T08:50:48 - [TEST_STEP][PASSED] - sheet01 = getExcelSheet(workbook01, sheetName): null

16-10-2024T08:50:48 - [TEST_STEP][PASSED] - setValueToCellByIndex(sheet01, n, 0, dashboardName): null

16-10-2024T08:50:48 - [TEST_STEP][PASSED] - setValueToCellByIndex(sheet01, n, 1, dZO): null

16-10-2024T08:50:48 - [TEST_STEP][PASSED] - setValueToCellByIndex(sheet01, n, 2, typeOfData): null

16-10-2024T08:50:48 - [TEST_STEP][PASSED] - if (typeOfData == "Факт в процентах" || typeOfData == "План в процентах"): null

16-10-2024T08:50:48 - [TEST_STEP][PASSED] - setValueToCellByIndex(sheet01, n, 3, fileDouble): null

16-10-2024T08:50:48 - [TEST_STEP][PASSED] - setValueToCellByIndex(sheet01, n, 4, pageDouble): null

16-10-2024T08:50:48 - [TEST_STEP][PASSED] - setValueToCellByIndex(sheet01, n, 5, m): null

16-10-2024T08:50:48 - [TEST_STEP][PASSED] - setValueToCellByIndex(sheet01, n, 6, y): null

16-10-2024T08:50:48 - [TEST_STEP][PASSED] - setValueToCellByIndex(sheet01, n, 7, todaysDate): null

16-10-2024T08:50:48 - [TEST_STEP][PASSED] - n = n + 1: null

16-10-2024T08:50:48 - [TEST_STEP][PASSED] - saveWorkbook(excelFilePath, workbook01): null

16-10-2024T08:50:49 - [TEST_STEP][PASSED] - file = findTestData("PlanFact").getValue(7, a): null

16-10-2024T08:50:49 - [TEST_STEP][PASSED] - file = file.replace(",", "."): null

16-10-2024T08:50:49 - [TEST_STEP][PASSED] - println("file Fact: " + file): null

16-10-2024T08:50:49 - [TEST_STEP][PASSED] - fileDouble = file.toDouble(): null

16-10-2024T08:50:49 - [TEST_STEP][PASSED] - typeOfData = "Факт в процентах": null

16-10-2024T08:50:49 - [TEST_STEP][PASSED] - fileDouble = file.toDouble(): null

16-10-2024T08:50:49 - [TEST_STEP][PASSED] - pageDouble = page2.toDouble(): null

16-10-2024T08:50:49 - [TEST_STEP][PASSED] - if (fileDouble != pageDouble): null

16-10-2024T08:50:49 - [TEST_STEP][PASSED] - numberOfErrors = numberOfErrors + 1: null

16-10-2024T08:50:49 - [TEST_STEP][PASSED] - Script1718980020443.WriteToExcel(a, typeOfData, todaysDate, pageInt, fileInt, pageDouble, fileDouble, dZO): null

16-10-2024T08:50:49 - [TEST_STEP][PASSED] - sheetName = "Sheet1": null

16-10-2024T08:50:49 - [TEST_STEP][PASSED] - data = findTestData("PlanFact"): null

16-10-2024T08:50:49 - [TEST_STEP][PASSED] - n = data.getRowNumbers() + 1: null

16-10-2024T08:50:49 - [TEST_STEP][PASSED] - year = todaysDate.substring(todaysDate.length() - 4, todaysDate.length()): null

16-10-2024T08:50:49 - [TEST_STEP][PASSED] - y = year.toInteger(): null

16-10-2024T08:50:49 - [TEST_STEP][PASSED] - m = getText(findTestObject("Выполнение бизнес-плана/Период")): Text of object 'Object Repository/Выполнение бизнес-плана/Период' is: '1, 2 кв., Июль, Август 2024 года'

16-10-2024T08:50:49 - [MESSAGE][PASSED] - Text of object 'Object Repository/Выполнение бизнес-плана/Период' is: '1, 2 кв., Июль, Август 2024 года'

16-10-2024T08:50:49 - [TEST_STEP][PASSED] - m = m.substring(0, m.indexOf("2024")): null

16-10-2024T08:50:49 - [TEST_STEP][PASSED] - m = m.trim(): null

16-10-2024T08:50:49 - [TEST_STEP][PASSED] - dashboardName = "Выполнение бизнес-плана": null

16-10-2024T08:50:49 - [TEST_STEP][PASSED] - workbook01 = getWorkbook(excelFilePath): null

16-10-2024T08:50:49 - [TEST_STEP][PASSED] - sheet01 = getExcelSheet(workbook01, sheetName): null

16-10-2024T08:50:49 - [TEST_STEP][PASSED] - setValueToCellByIndex(sheet01, n, 0, dashboardName): null

16-10-2024T08:50:49 - [TEST_STEP][PASSED] - setValueToCellByIndex(sheet01, n, 1, dZO): null

16-10-2024T08:50:49 - [TEST_STEP][PASSED] - setValueToCellByIndex(sheet01, n, 2, typeOfData): null

16-10-2024T08:50:49 - [TEST_STEP][PASSED] - if (typeOfData == "Факт в процентах" || typeOfData == "План в процентах"): null

16-10-2024T08:50:49 - [TEST_STEP][PASSED] - setValueToCellByIndex(sheet01, n, 3, fileDouble): null

16-10-2024T08:50:49 - [TEST_STEP][PASSED] - setValueToCellByIndex(sheet01, n, 4, pageDouble): null

16-10-2024T08:50:49 - [TEST_STEP][PASSED] - setValueToCellByIndex(sheet01, n, 5, m): null

16-10-2024T08:50:49 - [TEST_STEP][PASSED] - setValueToCellByIndex(sheet01, n, 6, y): null

16-10-2024T08:50:49 - [TEST_STEP][PASSED] - setValueToCellByIndex(sheet01, n, 7, todaysDate): null

16-10-2024T08:50:49 - [TEST_STEP][PASSED] - n = n + 1: null

16-10-2024T08:50:49 - [TEST_STEP][PASSED] - saveWorkbook(excelFilePath, workbook01): null

16-10-2024T08:50:50 - [TEST_STEP][FAILED] - if (verifyEqual(numberOfErrors, 0) == false): null

16-10-2024T08:50:50 - [MESSAGE][FAILED] - Unable to verify equal between actual object '6' and expected object '0' (Root cause: com.kms.katalon.core.exception.StepFailedException: Actual object '6' and expected object '0' are not equal
	at com.kms.katalon.core.keyword.builtin.VerifyEqualKeyword$_verifyEqual_closure1.doCall(VerifyEqualKeyword.groovy:58)
	at com.kms.katalon.core.keyword.builtin.VerifyEqualKeyword$_verifyEqual_closure1.call(VerifyEqualKeyword.groovy)
	at com.kms.katalon.core.keyword.internal.KeywordMain.runKeyword(KeywordMain.groovy:75)
	at com.kms.katalon.core.keyword.builtin.VerifyEqualKeyword.verifyEqual(VerifyEqualKeyword.groovy:63)
	at com.kms.katalon.core.keyword.builtin.VerifyEqualKeyword.execute(VerifyEqualKeyword.groovy:44)
	at com.kms.katalon.core.keyword.internal.KeywordExecutor.executeKeywordForPlatform(KeywordExecutor.groovy:74)
	at com.kms.katalon.core.keyword.BuiltinKeywords.verifyEqual(BuiltinKeywords.groovy:146)
	at java.base/jdk.internal.reflect.NativeMethodAccessorImpl.invoke0(Native Method)
	at java.base/jdk.internal.reflect.NativeMethodAccessorImpl.invoke(NativeMethodAccessorImpl.java:77)
	at java.base/jdk.internal.reflect.DelegatingMethodAccessorImpl.invoke(DelegatingMethodAccessorImpl.java:43)
	at Выполнение бизнес-плана Сверка ПАО Россети все филиалы.Numbers(Выполнение бизнес-плана Сверка ПАО Россети все филиалы:749)
	at Выполнение бизнес-плана Сверка ПАО Россети все филиалы.Filials(Выполнение бизнес-плана Сверка ПАО Россети все филиалы:1136)
	at Выполнение бизнес-плана Сверка ПАО Россети все филиалы.Numbers(Выполнение бизнес-плана Сверка ПАО Россети все филиалы:754)
	at Выполнение бизнес-плана Сверка ПАО Россети все филиалы.run(Выполнение бизнес-плана Сверка ПАО Россети все филиалы:313)
	at com.kms.katalon.core.main.ScriptEngine.run(ScriptEngine.java:194)
	at com.kms.katalon.core.main.ScriptEngine.runScriptAsRawText(ScriptEngine.java:119)
	at com.kms.katalon.core.main.TestCaseExecutor.runScript(TestCaseExecutor.java:448)
	at com.kms.katalon.core.main.TestCaseExecutor.doExecute(TestCaseExecutor.java:439)
	at com.kms.katalon.core.main.TestCaseExecutor.processExecutionPhase(TestCaseExecutor.java:418)
	at com.kms.katalon.core.main.TestCaseExecutor.accessMainPhase(TestCaseExecutor.java:410)
	at com.kms.katalon.core.main.TestCaseExecutor.execute(TestCaseExecutor.java:285)
	at com.kms.katalon.core.common.CommonExecutor.accessTestCaseMainPhase(CommonExecutor.java:65)
	at com.kms.katalon.core.main.TestSuiteExecutor.accessTestSuiteMainPhase(TestSuiteExecutor.java:150)
	at com.kms.katalon.core.main.TestSuiteExecutor.execute(TestSuiteExecutor.java:106)
	at com.kms.katalon.core.main.TestCaseMain.startTestSuite(TestCaseMain.java:180)
	at TempTestSuite1729057289574.run(TempTestSuite1729057289574.groovy:35)
	at java.base/jdk.internal.reflect.NativeMethodAccessorImpl.invoke0(Native Method)
	at java.base/jdk.internal.reflect.NativeMethodAccessorImpl.invoke(NativeMethodAccessorImpl.java:77)
	at java.base/jdk.internal.reflect.DelegatingMethodAccessorImpl.invoke(DelegatingMethodAccessorImpl.java:43)
)

16-10-2024T08:50:50 - [TEST_STEP][PASSED] - println(numberOfErrors): null

16-10-2024T08:50:50 - [TEST_STEP][PASSED] - if (a == 28 || a == 77 || a == 74 || a == 65 || a == 36 || a == 44 || a == 54 || a == 1 || a == 18 || a == 59): null

16-10-2024T08:50:50 - [TEST_STEP][PASSED] - if (a == 82): null

16-10-2024T08:50:50 - [TEST_STEP][PASSED] - filialNum = 0: null

16-10-2024T08:50:50 - [TEST_STEP][PASSED] - if (a == 1): null

16-10-2024T08:50:50 - [TEST_STEP][PASSED] - if (a == 18): null

16-10-2024T08:50:50 - [TEST_STEP][PASSED] - if (a == 36): null

16-10-2024T08:50:50 - [TEST_STEP][PASSED] - if (a == 44): null

16-10-2024T08:50:50 - [TEST_STEP][PASSED] - if (a == 54): null

16-10-2024T08:50:50 - [TEST_STEP][PASSED] - if (a == 59): null

16-10-2024T08:50:50 - [TEST_STEP][PASSED] - Script1718980020443.OpenFilter(): null

16-10-2024T08:50:50 - [TEST_STEP][PASSED] - click(findTestObject("Object Repository/Выполнение бизнес-плана/Фильтр ДЗО")): Object: 'Object Repository/Выполнение бизнес-плана/Фильтр ДЗО' is clicked on

16-10-2024T08:50:50 - [MESSAGE][PASSED] - Object: 'Object Repository/Выполнение бизнес-плана/Фильтр ДЗО' is clicked on

16-10-2024T08:50:50 - [TEST_STEP][PASSED] - click(findTestObject("Выполнение бизнес-плана/Снять выделение в фильтре ДЗО")): Object: 'Object Repository/Выполнение бизнес-плана/Снять выделение в фильтре ДЗО' is clicked on

16-10-2024T08:50:50 - [MESSAGE][PASSED] - Object: 'Object Repository/Выполнение бизнес-плана/Снять выделение в фильтре ДЗО' is clicked on

16-10-2024T08:50:50 - [TEST_STEP][PASSED] - Script1718980020443.CloseFilter(): null

16-10-2024T08:50:50 - [TEST_STEP][PASSED] - scrollToElement(findTestObject("Выполнение бизнес-плана/Заголовок дашборда"), 30): Scroll to object 'Object Repository/Выполнение бизнес-плана/Заголовок дашборда' successfully

16-10-2024T08:50:51 - [MESSAGE][PASSED] - Scroll to object 'Object Repository/Выполнение бизнес-плана/Заголовок дашборда' successfully

16-10-2024T08:50:51 - [TEST_STEP][PASSED] - click(findTestObject("Object Repository/Выполнение бизнес-плана/Применить в фильтре ДЗО")): Object: 'Object Repository/Выполнение бизнес-плана/Применить в фильтре ДЗО' is clicked on

16-10-2024T08:50:52 - [MESSAGE][PASSED] - Object: 'Object Repository/Выполнение бизнес-плана/Применить в фильтре ДЗО' is clicked on

16-10-2024T08:50:52 - [TEST_STEP][PASSED] - if (a == 82): null

16-10-2024T08:50:52 - [TEST_STEP][PASSED] - println(dzoNum): null

16-10-2024T08:50:52 - [TEST_STEP][PASSED] - dZO = "Россети Северо-Запад": null

16-10-2024T08:50:52 - [TEST_STEP][PASSED] - a = 36: null

16-10-2024T08:50:52 - [TEST_STEP][PASSED] - if (x1.contains(dZO)): null

16-10-2024T08:50:52 - [TEST_STEP][PASSED] - else: null

16-10-2024T08:50:52 - [TEST_STEP][PASSED] - Script1718980020443.NoData(a, typeOfData, todaysDate, fileInt, fileDouble, dZO): null

16-10-2024T08:50:52 - [TEST_STEP][PASSED] - println(a): null

16-10-2024T08:50:52 - [TEST_STEP][PASSED] - println(todaysDate): null

16-10-2024T08:50:52 - [TEST_STEP][PASSED] - println(fileInt): null

16-10-2024T08:50:52 - [TEST_STEP][PASSED] - println(fileDouble): null

16-10-2024T08:50:52 - [TEST_STEP][PASSED] - println(dZO): null

16-10-2024T08:50:52 - [TEST_STEP][PASSED] - typeOfData = "Факт Отпуск в сеть": null

16-10-2024T08:50:52 - [TEST_STEP][PASSED] - fileInt = replaceAll("\s+", "").toInteger(): null

16-10-2024T08:50:52 - [TEST_STEP][PASSED] - Script1718980020443.WriteToExcelNoData(a, typeOfData, todaysDate, fileInt, fileDouble, dZO): null

16-10-2024T08:50:52 - [TEST_STEP][PASSED] - sheetName = "Sheet1": null

16-10-2024T08:50:52 - [TEST_STEP][PASSED] - data = findTestData("PlanFact"): null

16-10-2024T08:50:52 - [TEST_STEP][PASSED] - n = data.getRowNumbers() + 1: null

16-10-2024T08:50:52 - [TEST_STEP][PASSED] - year = todaysDate.substring(todaysDate.length() - 4, todaysDate.length()): null

16-10-2024T08:50:52 - [TEST_STEP][PASSED] - y = year.toInteger(): null

16-10-2024T08:50:52 - [TEST_STEP][PASSED] - m = getText(findTestObject("Выполнение бизнес-плана/Период")): Text of object 'Object Repository/Выполнение бизнес-плана/Период' is: '1, 2 кв., Июль, Август 2024 года'

16-10-2024T08:51:22 - [MESSAGE][PASSED] - Text of object 'Object Repository/Выполнение бизнес-плана/Период' is: '1, 2 кв., Июль, Август 2024 года'

16-10-2024T08:51:22 - [TEST_STEP][PASSED] - m = m.substring(0, m.indexOf("2024")): null

16-10-2024T08:51:22 - [TEST_STEP][PASSED] - m = m.trim(): null

16-10-2024T08:51:22 - [TEST_STEP][PASSED] - dashboardName = "Выполнение бизнес-плана": null

16-10-2024T08:51:22 - [TEST_STEP][PASSED] - workbook01 = getWorkbook(excelFilePath): null

16-10-2024T08:51:22 - [TEST_STEP][PASSED] - sheet01 = getExcelSheet(workbook01, sheetName): null

16-10-2024T08:51:22 - [TEST_STEP][PASSED] - setValueToCellByIndex(sheet01, n, 0, dashboardName): null

16-10-2024T08:51:22 - [TEST_STEP][PASSED] - setValueToCellByIndex(sheet01, n, 1, dZO): null

16-10-2024T08:51:22 - [TEST_STEP][PASSED] - setValueToCellByIndex(sheet01, n, 2, typeOfData): null

16-10-2024T08:51:22 - [TEST_STEP][PASSED] - if (typeOfData == "Факт в процентах" || typeOfData == "План в процентах"): null

16-10-2024T08:51:22 - [TEST_STEP][PASSED] - else: null

16-10-2024T08:51:22 - [TEST_STEP][PASSED] - setValueToCellByIndex(sheet01, n, 3, fileInt): null

16-10-2024T08:51:22 - [TEST_STEP][PASSED] - setValueToCellByIndex(sheet01, n, 4, "нет данных"): null

16-10-2024T08:51:22 - [TEST_STEP][PASSED] - setValueToCellByIndex(sheet01, n, 5, m): null

16-10-2024T08:51:22 - [TEST_STEP][PASSED] - setValueToCellByIndex(sheet01, n, 6, y): null

16-10-2024T08:51:22 - [TEST_STEP][PASSED] - setValueToCellByIndex(sheet01, n, 7, todaysDate): null

16-10-2024T08:51:22 - [TEST_STEP][PASSED] - n = n + 1: null

16-10-2024T08:51:22 - [TEST_STEP][PASSED] - saveWorkbook(excelFilePath, workbook01): null

16-10-2024T08:51:22 - [TEST_STEP][PASSED] - typeOfData = "Факт Потери": null

16-10-2024T08:51:22 - [TEST_STEP][PASSED] - fileInt = replaceAll("\s+", "").toInteger(): null

16-10-2024T08:51:22 - [TEST_STEP][PASSED] - Script1718980020443.WriteToExcelNoData(a, typeOfData, todaysDate, fileInt, fileDouble, dZO): null

16-10-2024T08:51:22 - [TEST_STEP][PASSED] - sheetName = "Sheet1": null

16-10-2024T08:51:22 - [TEST_STEP][PASSED] - data = findTestData("PlanFact"): null

16-10-2024T08:51:22 - [TEST_STEP][PASSED] - n = data.getRowNumbers() + 1: null

16-10-2024T08:51:22 - [TEST_STEP][PASSED] - year = todaysDate.substring(todaysDate.length() - 4, todaysDate.length()): null

16-10-2024T08:51:22 - [TEST_STEP][PASSED] - y = year.toInteger(): null

16-10-2024T08:51:22 - [TEST_STEP][PASSED] - m = getText(findTestObject("Выполнение бизнес-плана/Период")): Text of object 'Object Repository/Выполнение бизнес-плана/Период' is: '1, 2 кв., Июль, Август 2024 года'

16-10-2024T08:51:23 - [MESSAGE][PASSED] - Text of object 'Object Repository/Выполнение бизнес-плана/Период' is: '1, 2 кв., Июль, Август 2024 года'

16-10-2024T08:51:23 - [TEST_STEP][PASSED] - m = m.substring(0, m.indexOf("2024")): null

16-10-2024T08:51:23 - [TEST_STEP][PASSED] - m = m.trim(): null

16-10-2024T08:51:23 - [TEST_STEP][PASSED] - dashboardName = "Выполнение бизнес-плана": null

16-10-2024T08:51:23 - [TEST_STEP][PASSED] - workbook01 = getWorkbook(excelFilePath): null

16-10-2024T08:51:23 - [TEST_STEP][PASSED] - sheet01 = getExcelSheet(workbook01, sheetName): null

16-10-2024T08:51:23 - [TEST_STEP][PASSED] - setValueToCellByIndex(sheet01, n, 0, dashboardName): null

16-10-2024T08:51:23 - [TEST_STEP][PASSED] - setValueToCellByIndex(sheet01, n, 1, dZO): null

16-10-2024T08:51:23 - [TEST_STEP][PASSED] - setValueToCellByIndex(sheet01, n, 2, typeOfData): null

16-10-2024T08:51:23 - [TEST_STEP][PASSED] - if (typeOfData == "Факт в процентах" || typeOfData == "План в процентах"): null

16-10-2024T08:51:23 - [TEST_STEP][PASSED] - else: null

16-10-2024T08:51:23 - [TEST_STEP][PASSED] - setValueToCellByIndex(sheet01, n, 3, fileInt): null

16-10-2024T08:51:23 - [TEST_STEP][PASSED] - setValueToCellByIndex(sheet01, n, 4, "нет данных"): null

16-10-2024T08:51:23 - [TEST_STEP][PASSED] - setValueToCellByIndex(sheet01, n, 5, m): null

16-10-2024T08:51:23 - [TEST_STEP][PASSED] - setValueToCellByIndex(sheet01, n, 6, y): null

16-10-2024T08:51:23 - [TEST_STEP][PASSED] - setValueToCellByIndex(sheet01, n, 7, todaysDate): null

16-10-2024T08:51:23 - [TEST_STEP][PASSED] - n = n + 1: null

16-10-2024T08:51:23 - [TEST_STEP][PASSED] - saveWorkbook(excelFilePath, workbook01): null

16-10-2024T08:51:23 - [TEST_STEP][PASSED] - typeOfData = "План Отпуск в сеть": null

16-10-2024T08:51:23 - [TEST_STEP][PASSED] - fileInt = replaceAll("\s+", "").toInteger(): null

16-10-2024T08:51:23 - [TEST_STEP][PASSED] - Script1718980020443.WriteToExcelNoData(a, typeOfData, todaysDate, fileInt, fileDouble, dZO): null

16-10-2024T08:51:23 - [TEST_STEP][PASSED] - sheetName = "Sheet1": null

16-10-2024T08:51:23 - [TEST_STEP][PASSED] - data = findTestData("PlanFact"): null

16-10-2024T08:51:23 - [TEST_STEP][PASSED] - n = data.getRowNumbers() + 1: null

16-10-2024T08:51:23 - [TEST_STEP][PASSED] - year = todaysDate.substring(todaysDate.length() - 4, todaysDate.length()): null

16-10-2024T08:51:23 - [TEST_STEP][PASSED] - y = year.toInteger(): null

16-10-2024T08:51:23 - [TEST_STEP][PASSED] - m = getText(findTestObject("Выполнение бизнес-плана/Период")): Text of object 'Object Repository/Выполнение бизнес-плана/Период' is: '1, 2 кв., Июль, Август 2024 года'

16-10-2024T08:51:23 - [MESSAGE][PASSED] - Text of object 'Object Repository/Выполнение бизнес-плана/Период' is: '1, 2 кв., Июль, Август 2024 года'

16-10-2024T08:51:23 - [TEST_STEP][PASSED] - m = m.substring(0, m.indexOf("2024")): null

16-10-2024T08:51:23 - [TEST_STEP][PASSED] - m = m.trim(): null

16-10-2024T08:51:23 - [TEST_STEP][PASSED] - dashboardName = "Выполнение бизнес-плана": null

16-10-2024T08:51:23 - [TEST_STEP][PASSED] - workbook01 = getWorkbook(excelFilePath): null

16-10-2024T08:51:23 - [TEST_STEP][PASSED] - sheet01 = getExcelSheet(workbook01, sheetName): null

16-10-2024T08:51:23 - [TEST_STEP][PASSED] - setValueToCellByIndex(sheet01, n, 0, dashboardName): null

16-10-2024T08:51:23 - [TEST_STEP][PASSED] - setValueToCellByIndex(sheet01, n, 1, dZO): null

16-10-2024T08:51:23 - [TEST_STEP][PASSED] - setValueToCellByIndex(sheet01, n, 2, typeOfData): null

16-10-2024T08:51:23 - [TEST_STEP][PASSED] - if (typeOfData == "Факт в процентах" || typeOfData == "План в процентах"): null

16-10-2024T08:51:23 - [TEST_STEP][PASSED] - else: null

16-10-2024T08:51:23 - [TEST_STEP][PASSED] - setValueToCellByIndex(sheet01, n, 3, fileInt): null

16-10-2024T08:51:23 - [TEST_STEP][PASSED] - setValueToCellByIndex(sheet01, n, 4, "нет данных"): null

16-10-2024T08:51:23 - [TEST_STEP][PASSED] - setValueToCellByIndex(sheet01, n, 5, m): null

16-10-2024T08:51:23 - [TEST_STEP][PASSED] - setValueToCellByIndex(sheet01, n, 6, y): null

16-10-2024T08:51:23 - [TEST_STEP][PASSED] - setValueToCellByIndex(sheet01, n, 7, todaysDate): null

16-10-2024T08:51:23 - [TEST_STEP][PASSED] - n = n + 1: null

16-10-2024T08:51:23 - [TEST_STEP][PASSED] - saveWorkbook(excelFilePath, workbook01): null

16-10-2024T08:51:24 - [TEST_STEP][PASSED] - typeOfData = "План Потери": null

16-10-2024T08:51:24 - [TEST_STEP][PASSED] - fileInt = replaceAll("\s+", "").toInteger(): null

16-10-2024T08:51:24 - [TEST_STEP][PASSED] - Script1718980020443.WriteToExcelNoData(a, typeOfData, todaysDate, fileInt, fileDouble, dZO): null

16-10-2024T08:51:24 - [TEST_STEP][PASSED] - sheetName = "Sheet1": null

16-10-2024T08:51:24 - [TEST_STEP][PASSED] - data = findTestData("PlanFact"): null

16-10-2024T08:51:24 - [TEST_STEP][PASSED] - n = data.getRowNumbers() + 1: null

16-10-2024T08:51:24 - [TEST_STEP][PASSED] - year = todaysDate.substring(todaysDate.length() - 4, todaysDate.length()): null

16-10-2024T08:51:24 - [TEST_STEP][PASSED] - y = year.toInteger(): null

16-10-2024T08:51:24 - [TEST_STEP][PASSED] - m = getText(findTestObject("Выполнение бизнес-плана/Период")): Text of object 'Object Repository/Выполнение бизнес-плана/Период' is: '1, 2 кв., Июль, Август 2024 года'

16-10-2024T08:51:24 - [MESSAGE][PASSED] - Text of object 'Object Repository/Выполнение бизнес-плана/Период' is: '1, 2 кв., Июль, Август 2024 года'

16-10-2024T08:51:24 - [TEST_STEP][PASSED] - m = m.substring(0, m.indexOf("2024")): null

16-10-2024T08:51:24 - [TEST_STEP][PASSED] - m = m.trim(): null

16-10-2024T08:51:24 - [TEST_STEP][PASSED] - dashboardName = "Выполнение бизнес-плана": null

16-10-2024T08:51:24 - [TEST_STEP][PASSED] - workbook01 = getWorkbook(excelFilePath): null

16-10-2024T08:51:24 - [TEST_STEP][PASSED] - sheet01 = getExcelSheet(workbook01, sheetName): null

16-10-2024T08:51:24 - [TEST_STEP][PASSED] - setValueToCellByIndex(sheet01, n, 0, dashboardName): null

16-10-2024T08:51:24 - [TEST_STEP][PASSED] - setValueToCellByIndex(sheet01, n, 1, dZO): null

16-10-2024T08:51:24 - [TEST_STEP][PASSED] - setValueToCellByIndex(sheet01, n, 2, typeOfData): null

16-10-2024T08:51:24 - [TEST_STEP][PASSED] - if (typeOfData == "Факт в процентах" || typeOfData == "План в процентах"): null

16-10-2024T08:51:24 - [TEST_STEP][PASSED] - else: null

16-10-2024T08:51:24 - [TEST_STEP][PASSED] - setValueToCellByIndex(sheet01, n, 3, fileInt): null

16-10-2024T08:51:24 - [TEST_STEP][PASSED] - setValueToCellByIndex(sheet01, n, 4, "нет данных"): null

16-10-2024T08:51:24 - [TEST_STEP][PASSED] - setValueToCellByIndex(sheet01, n, 5, m): null

16-10-2024T08:51:24 - [TEST_STEP][PASSED] - setValueToCellByIndex(sheet01, n, 6, y): null

16-10-2024T08:51:24 - [TEST_STEP][PASSED] - setValueToCellByIndex(sheet01, n, 7, todaysDate): null

16-10-2024T08:51:24 - [TEST_STEP][PASSED] - n = n + 1: null

16-10-2024T08:51:24 - [TEST_STEP][PASSED] - saveWorkbook(excelFilePath, workbook01): null

16-10-2024T08:51:24 - [TEST_STEP][PASSED] - typeOfData = "План в процентах": null

16-10-2024T08:51:24 - [TEST_STEP][PASSED] - fileDouble = ").toDouble(): null

16-10-2024T08:51:24 - [TEST_STEP][PASSED] - Script1718980020443.WriteToExcelNoData(a, typeOfData, todaysDate, fileInt, fileDouble, dZO): null

16-10-2024T08:51:24 - [TEST_STEP][PASSED] - sheetName = "Sheet1": null

16-10-2024T08:51:24 - [TEST_STEP][PASSED] - data = findTestData("PlanFact"): null

16-10-2024T08:51:24 - [TEST_STEP][PASSED] - n = data.getRowNumbers() + 1: null

16-10-2024T08:51:24 - [TEST_STEP][PASSED] - year = todaysDate.substring(todaysDate.length() - 4, todaysDate.length()): null

16-10-2024T08:51:24 - [TEST_STEP][PASSED] - y = year.toInteger(): null

16-10-2024T08:51:24 - [TEST_STEP][PASSED] - m = getText(findTestObject("Выполнение бизнес-плана/Период")): Text of object 'Object Repository/Выполнение бизнес-плана/Период' is: '1, 2 кв., Июль, Август 2024 года'

16-10-2024T08:51:25 - [MESSAGE][PASSED] - Text of object 'Object Repository/Выполнение бизнес-плана/Период' is: '1, 2 кв., Июль, Август 2024 года'

16-10-2024T08:51:25 - [TEST_STEP][PASSED] - m = m.substring(0, m.indexOf("2024")): null

16-10-2024T08:51:25 - [TEST_STEP][PASSED] - m = m.trim(): null

16-10-2024T08:51:25 - [TEST_STEP][PASSED] - dashboardName = "Выполнение бизнес-плана": null

16-10-2024T08:51:25 - [TEST_STEP][PASSED] - workbook01 = getWorkbook(excelFilePath): null

16-10-2024T08:51:25 - [TEST_STEP][PASSED] - sheet01 = getExcelSheet(workbook01, sheetName): null

16-10-2024T08:51:25 - [TEST_STEP][PASSED] - setValueToCellByIndex(sheet01, n, 0, dashboardName): null

16-10-2024T08:51:25 - [TEST_STEP][PASSED] - setValueToCellByIndex(sheet01, n, 1, dZO): null

16-10-2024T08:51:25 - [TEST_STEP][PASSED] - setValueToCellByIndex(sheet01, n, 2, typeOfData): null

16-10-2024T08:51:25 - [TEST_STEP][PASSED] - if (typeOfData == "Факт в процентах" || typeOfData == "План в процентах"): null

16-10-2024T08:51:25 - [TEST_STEP][PASSED] - setValueToCellByIndex(sheet01, n, 3, fileDouble): null

16-10-2024T08:51:25 - [TEST_STEP][PASSED] - setValueToCellByIndex(sheet01, n, 4, "нет данных"): null

16-10-2024T08:51:25 - [TEST_STEP][PASSED] - setValueToCellByIndex(sheet01, n, 5, m): null

16-10-2024T08:51:25 - [TEST_STEP][PASSED] - setValueToCellByIndex(sheet01, n, 6, y): null

16-10-2024T08:51:25 - [TEST_STEP][PASSED] - setValueToCellByIndex(sheet01, n, 7, todaysDate): null

16-10-2024T08:51:25 - [TEST_STEP][PASSED] - n = n + 1: null

16-10-2024T08:51:25 - [TEST_STEP][PASSED] - saveWorkbook(excelFilePath, workbook01): null

16-10-2024T08:51:25 - [TEST_STEP][PASSED] - typeOfData = "Факт в процентах": null

16-10-2024T08:51:25 - [TEST_STEP][PASSED] - fileDouble = ").toDouble(): null

16-10-2024T08:51:25 - [TEST_STEP][PASSED] - Script1718980020443.WriteToExcelNoData(a, typeOfData, todaysDate, fileInt, fileDouble, dZO): null

16-10-2024T08:51:25 - [TEST_STEP][PASSED] - sheetName = "Sheet1": null

16-10-2024T08:51:25 - [TEST_STEP][PASSED] - data = findTestData("PlanFact"): null

16-10-2024T08:51:25 - [TEST_STEP][PASSED] - n = data.getRowNumbers() + 1: null

16-10-2024T08:51:25 - [TEST_STEP][PASSED] - year = todaysDate.substring(todaysDate.length() - 4, todaysDate.length()): null

16-10-2024T08:51:25 - [TEST_STEP][PASSED] - y = year.toInteger(): null

16-10-2024T08:51:25 - [TEST_STEP][PASSED] - m = getText(findTestObject("Выполнение бизнес-плана/Период")): Text of object 'Object Repository/Выполнение бизнес-плана/Период' is: '1, 2 кв., Июль, Август 2024 года'

16-10-2024T08:51:25 - [MESSAGE][PASSED] - Text of object 'Object Repository/Выполнение бизнес-плана/Период' is: '1, 2 кв., Июль, Август 2024 года'

16-10-2024T08:51:25 - [TEST_STEP][PASSED] - m = m.substring(0, m.indexOf("2024")): null

16-10-2024T08:51:25 - [TEST_STEP][PASSED] - m = m.trim(): null

16-10-2024T08:51:25 - [TEST_STEP][PASSED] - dashboardName = "Выполнение бизнес-плана": null

16-10-2024T08:51:25 - [TEST_STEP][PASSED] - workbook01 = getWorkbook(excelFilePath): null

16-10-2024T08:51:25 - [TEST_STEP][PASSED] - sheet01 = getExcelSheet(workbook01, sheetName): null

16-10-2024T08:51:25 - [TEST_STEP][PASSED] - setValueToCellByIndex(sheet01, n, 0, dashboardName): null

16-10-2024T08:51:25 - [TEST_STEP][PASSED] - setValueToCellByIndex(sheet01, n, 1, dZO): null

16-10-2024T08:51:25 - [TEST_STEP][PASSED] - setValueToCellByIndex(sheet01, n, 2, typeOfData): null

16-10-2024T08:51:25 - [TEST_STEP][PASSED] - if (typeOfData == "Факт в процентах" || typeOfData == "План в процентах"): null

16-10-2024T08:51:25 - [TEST_STEP][PASSED] - setValueToCellByIndex(sheet01, n, 3, fileDouble): null

16-10-2024T08:51:25 - [TEST_STEP][PASSED] - setValueToCellByIndex(sheet01, n, 4, "нет данных"): null

16-10-2024T08:51:25 - [TEST_STEP][PASSED] - setValueToCellByIndex(sheet01, n, 5, m): null

16-10-2024T08:51:25 - [TEST_STEP][PASSED] - setValueToCellByIndex(sheet01, n, 6, y): null

16-10-2024T08:51:25 - [TEST_STEP][PASSED] - setValueToCellByIndex(sheet01, n, 7, todaysDate): null

16-10-2024T08:51:25 - [TEST_STEP][PASSED] - n = n + 1: null

16-10-2024T08:51:25 - [TEST_STEP][PASSED] - saveWorkbook(excelFilePath, workbook01): null

16-10-2024T08:51:25 - [TEST_STEP][PASSED] - println(dzoNum): null

16-10-2024T08:51:25 - [TEST_STEP][PASSED] - dZO = "Россети Сибирь": null

16-10-2024T08:51:25 - [TEST_STEP][PASSED] - a = 44: null

16-10-2024T08:51:25 - [TEST_STEP][PASSED] - if (x1.contains(dZO)): null

16-10-2024T08:51:25 - [TEST_STEP][PASSED] - dzoNum = dzoNum + 1: null

16-10-2024T08:51:25 - [TEST_STEP][PASSED] - Script1718980020443.Numbers(a, typeOfData, todaysDate, pageInt, fileInt, pageDouble, fileDouble, dZO, dzoNum, filialNum): null

16-10-2024T08:51:25 - [TEST_STEP][PASSED] - println(dzoNum): null

16-10-2024T08:51:25 - [TEST_STEP][PASSED] - planFact = <not implemented yet for class: org.codehaus.groovy.ast.expr.EmptyExpression>: null

16-10-2024T08:51:25 - [TEST_STEP][PASSED] - page = <not implemented yet for class: org.codehaus.groovy.ast.expr.EmptyExpression>: null

16-10-2024T08:51:25 - [TEST_STEP][PASSED] - page1 = <not implemented yet for class: org.codehaus.groovy.ast.expr.EmptyExpression>: null

16-10-2024T08:51:25 - [TEST_STEP][PASSED] - page2 = <not implemented yet for class: org.codehaus.groovy.ast.expr.EmptyExpression>: null

16-10-2024T08:51:25 - [TEST_STEP][PASSED] - filialNumberInRow = <not implemented yet for class: org.codehaus.groovy.ast.expr.EmptyExpression>: null

16-10-2024T08:51:25 - [TEST_STEP][PASSED] - filialsDzoNames = <not implemented yet for class: org.codehaus.groovy.ast.expr.EmptyExpression>: null

16-10-2024T08:51:25 - [TEST_STEP][PASSED] - numberOfFilials = <not implemented yet for class: org.codehaus.groovy.ast.expr.EmptyExpression>: null

16-10-2024T08:51:25 - [TEST_STEP][PASSED] - numberOfSpaces = <not implemented yet for class: org.codehaus.groovy.ast.expr.EmptyExpression>: null

16-10-2024T08:51:25 - [TEST_STEP][PASSED] - file = <not implemented yet for class: org.codehaus.groovy.ast.expr.EmptyExpression>: null

16-10-2024T08:51:25 - [TEST_STEP][PASSED] - otpusk = <not implemented yet for class: org.codehaus.groovy.ast.expr.EmptyExpression>: null

16-10-2024T08:51:25 - [TEST_STEP][PASSED] - poteri = <not implemented yet for class: org.codehaus.groovy.ast.expr.EmptyExpression>: null

16-10-2024T08:51:25 - [TEST_STEP][PASSED] - dataFolder = "Выполнение бизнес-плана/Значения со страницы Выполнение бизнес-плана/": null

16-10-2024T08:51:25 - [TEST_STEP][PASSED] - path = <not implemented yet for class: org.codehaus.groovy.ast.expr.EmptyExpression>: null

16-10-2024T08:51:25 - [TEST_STEP][PASSED] - typeOfDataMain = <not implemented yet for class: org.codehaus.groovy.ast.expr.EmptyExpression>: null

16-10-2024T08:51:25 - [TEST_STEP][PASSED] - fileOtpuskVSet = <not implemented yet for class: org.codehaus.groovy.ast.expr.EmptyExpression>: null

16-10-2024T08:51:25 - [TEST_STEP][PASSED] - pageOtpuskVSet = <not implemented yet for class: org.codehaus.groovy.ast.expr.EmptyExpression>: null

16-10-2024T08:51:25 - [TEST_STEP][PASSED] - filePoteri = <not implemented yet for class: org.codehaus.groovy.ast.expr.EmptyExpression>: null

16-10-2024T08:51:25 - [TEST_STEP][PASSED] - pagePoteri = <not implemented yet for class: org.codehaus.groovy.ast.expr.EmptyExpression>: null

16-10-2024T08:51:25 - [TEST_STEP][PASSED] - compare = <not implemented yet for class: org.codehaus.groovy.ast.expr.EmptyExpression>: null

16-10-2024T08:51:25 - [TEST_STEP][PASSED] - b = <not implemented yet for class: org.codehaus.groovy.ast.expr.EmptyExpression>: null

16-10-2024T08:51:25 - [TEST_STEP][PASSED] - i = <not implemented yet for class: org.codehaus.groovy.ast.expr.EmptyExpression>: null

16-10-2024T08:51:25 - [TEST_STEP][PASSED] - ii = <not implemented yet for class: org.codehaus.groovy.ast.expr.EmptyExpression>: null

16-10-2024T08:51:25 - [TEST_STEP][PASSED] - c = <not implemented yet for class: org.codehaus.groovy.ast.expr.EmptyExpression>: null

16-10-2024T08:51:25 - [TEST_STEP][PASSED] - numberOfErrors = 0: null

16-10-2024T08:51:25 - [TEST_STEP][PASSED] - if (a == 82): null

16-10-2024T08:51:25 - [TEST_STEP][PASSED] - b = findTestData("PlanFact").getValue(1, a): null

16-10-2024T08:51:26 - [TEST_STEP][PASSED] - i = b.indexOf(" (ГК)"): null

16-10-2024T08:51:26 - [TEST_STEP][PASSED] - if (i > -1): null

16-10-2024T08:51:26 - [TEST_STEP][PASSED] - i = b.indexOf("О ""): null

16-10-2024T08:51:26 - [TEST_STEP][PASSED] - if (i > -1): null

16-10-2024T08:51:26 - [TEST_STEP][PASSED] - i = b.indexOf("О «"): null

16-10-2024T08:51:26 - [TEST_STEP][PASSED] - if (i > -1): null

16-10-2024T08:51:26 - [TEST_STEP][PASSED] - i = b.indexOf("г. "): null

16-10-2024T08:51:26 - [TEST_STEP][PASSED] - if (i > -1): null

16-10-2024T08:51:26 - [TEST_STEP][PASSED] - println(b): null

16-10-2024T08:51:26 - [TEST_STEP][PASSED] - for ([planFact = 1, planFact < 3, (planFact++)]): null

16-10-2024T08:51:26 - [TEST_STEP][PASSED] - if (planFact == 1): null

16-10-2024T08:51:26 - [TEST_STEP][PASSED] - typeOfDataMain = "Факт": null

16-10-2024T08:51:26 - [TEST_STEP][PASSED] - otpusk = findTestData("PlanFact").getValue(5, a): null

16-10-2024T08:51:26 - [TEST_STEP][PASSED] - poteri = findTestData("PlanFact").getValue(6, a): null

16-10-2024T08:51:26 - [TEST_STEP][PASSED] - otpusk = otpusk.replaceAll("\s+", ""): null

16-10-2024T08:51:26 - [TEST_STEP][PASSED] - poteri = poteri.replaceAll("\s+", ""): null

16-10-2024T08:51:26 - [TEST_STEP][PASSED] - typeOfData = typeOfDataMain + " Отпуск в сеть": null

16-10-2024T08:51:26 - [TEST_STEP][PASSED] - if (a == 82): null

16-10-2024T08:51:26 - [TEST_STEP][PASSED] - else if (a == 84): null

16-10-2024T08:51:26 - [TEST_STEP][PASSED] - else if (a == 52 || a == 72 || a == 28 || a == 73 || a == 77 || a == 74 || a == 65 || a == 36 || a == 44 || a == 53 || a == 80 || a == 54 || a == 1 || a == 18 || a == 59 || a == 81): null

16-10-2024T08:51:26 - [TEST_STEP][PASSED] - path = dataFolder + "Table Data/" + typeOfData + " за отчётный период " + dzoNum: null

16-10-2024T08:51:26 - [TEST_STEP][PASSED] - println(path): null

16-10-2024T08:51:26 - [TEST_STEP][PASSED] - page = getText(findTestObject(path)): Text of object 'Object Repository/Выполнение бизнес-плана/Значения со страницы Выполнение бизнес-плана/Table Data/Факт Отпуск в сеть за отчётный период 4' is: '42 077 522'

16-10-2024T08:51:26 - [MESSAGE][PASSED] - Text of object 'Object Repository/Выполнение бизнес-плана/Значения со страницы Выполнение бизнес-плана/Table Data/Факт Отпуск в сеть за отчётный период 4' is: '42 077 522'

16-10-2024T08:51:26 - [TEST_STEP][PASSED] - page = page.replaceAll("\s+", ""): null

16-10-2024T08:51:26 - [TEST_STEP][PASSED] - fileOtpuskVSet = otpusk.toInteger(): null

16-10-2024T08:51:26 - [TEST_STEP][PASSED] - pageOtpuskVSet = page.toInteger(): null

16-10-2024T08:51:26 - [TEST_STEP][PASSED] - typeOfData = typeOfDataMain + " Потери": null

16-10-2024T08:51:26 - [TEST_STEP][PASSED] - if (a == 82): null

16-10-2024T08:51:26 - [TEST_STEP][PASSED] - else if (a == 84): null

16-10-2024T08:51:26 - [TEST_STEP][PASSED] - else if (a == 52 || a == 72 || a == 28 || a == 73 || a == 77 || a == 74 || a == 65 || a == 36 || a == 44 || a == 53 || a == 80 || a == 54 || a == 1 || a == 18 || a == 59 || a == 81): null

16-10-2024T08:51:26 - [TEST_STEP][PASSED] - path = dataFolder + "Table Data/" + typeOfData + " за отчётный период " + dzoNum: null

16-10-2024T08:51:26 - [TEST_STEP][PASSED] - page = getText(findTestObject(path)): Text of object 'Object Repository/Выполнение бизнес-плана/Значения со страницы Выполнение бизнес-плана/Table Data/Факт Потери за отчётный период 4' is: '2 894 228'

16-10-2024T08:51:26 - [MESSAGE][PASSED] - Text of object 'Object Repository/Выполнение бизнес-плана/Значения со страницы Выполнение бизнес-плана/Table Data/Факт Потери за отчётный период 4' is: '2 894 228'

16-10-2024T08:51:26 - [TEST_STEP][PASSED] - page = page.replaceAll("\s+", ""): null

16-10-2024T08:51:26 - [TEST_STEP][PASSED] - filePoteri = poteri.toInteger(): null

16-10-2024T08:51:26 - [TEST_STEP][PASSED] - pagePoteri = page.toInteger(): null

16-10-2024T08:51:26 - [TEST_STEP][PASSED] - compare = pageOtpuskVSet: null

16-10-2024T08:51:26 - [TEST_STEP][PASSED] - if (compare == fileOtpuskVSet): null

16-10-2024T08:51:26 - [TEST_STEP][PASSED] - else if (compare > fileOtpuskVSet): null

16-10-2024T08:51:26 - [TEST_STEP][PASSED] - compare = compare - 1: null

16-10-2024T08:51:26 - [TEST_STEP][PASSED] - if (compare == fileOtpuskVSet): null

16-10-2024T08:51:26 - [TEST_STEP][PASSED] - else: null

16-10-2024T08:51:26 - [TEST_STEP][PASSED] - numberOfErrors = numberOfErrors + 1: null

16-10-2024T08:51:26 - [TEST_STEP][PASSED] - pageInt = pageOtpuskVSet: null

16-10-2024T08:51:26 - [TEST_STEP][PASSED] - fileInt = fileOtpuskVSet: null

16-10-2024T08:51:26 - [TEST_STEP][PASSED] - typeOfData = typeOfDataMain + " Отпуск в сеть": null

16-10-2024T08:51:26 - [TEST_STEP][PASSED] - Script1718980020443.WriteToExcel(a, typeOfData, todaysDate, pageInt, fileInt, pageDouble, fileDouble, dZO): null

16-10-2024T08:51:26 - [TEST_STEP][PASSED] - sheetName = "Sheet1": null

16-10-2024T08:51:26 - [TEST_STEP][PASSED] - data = findTestData("PlanFact"): null

16-10-2024T08:51:26 - [TEST_STEP][PASSED] - n = data.getRowNumbers() + 1: null

16-10-2024T08:51:26 - [TEST_STEP][PASSED] - year = todaysDate.substring(todaysDate.length() - 4, todaysDate.length()): null

16-10-2024T08:51:26 - [TEST_STEP][PASSED] - y = year.toInteger(): null

16-10-2024T08:51:26 - [TEST_STEP][PASSED] - m = getText(findTestObject("Выполнение бизнес-плана/Период")): Text of object 'Object Repository/Выполнение бизнес-плана/Период' is: '1, 2 кв., Июль, Август 2024 года'

16-10-2024T08:51:27 - [MESSAGE][PASSED] - Text of object 'Object Repository/Выполнение бизнес-плана/Период' is: '1, 2 кв., Июль, Август 2024 года'

16-10-2024T08:51:27 - [TEST_STEP][PASSED] - m = m.substring(0, m.indexOf("2024")): null

16-10-2024T08:51:27 - [TEST_STEP][PASSED] - m = m.trim(): null

16-10-2024T08:51:27 - [TEST_STEP][PASSED] - dashboardName = "Выполнение бизнес-плана": null

16-10-2024T08:51:27 - [TEST_STEP][PASSED] - workbook01 = getWorkbook(excelFilePath): null

16-10-2024T08:51:27 - [TEST_STEP][PASSED] - sheet01 = getExcelSheet(workbook01, sheetName): null

16-10-2024T08:51:27 - [TEST_STEP][PASSED] - setValueToCellByIndex(sheet01, n, 0, dashboardName): null

16-10-2024T08:51:27 - [TEST_STEP][PASSED] - setValueToCellByIndex(sheet01, n, 1, dZO): null

16-10-2024T08:51:27 - [TEST_STEP][PASSED] - setValueToCellByIndex(sheet01, n, 2, typeOfData): null

16-10-2024T08:51:27 - [TEST_STEP][PASSED] - if (typeOfData == "Факт в процентах" || typeOfData == "План в процентах"): null

16-10-2024T08:51:27 - [TEST_STEP][PASSED] - else: null

16-10-2024T08:51:27 - [TEST_STEP][PASSED] - setValueToCellByIndex(sheet01, n, 3, fileInt): null

16-10-2024T08:51:27 - [TEST_STEP][PASSED] - setValueToCellByIndex(sheet01, n, 4, pageInt): null

16-10-2024T08:51:27 - [TEST_STEP][PASSED] - setValueToCellByIndex(sheet01, n, 5, m): null

16-10-2024T08:51:27 - [TEST_STEP][PASSED] - setValueToCellByIndex(sheet01, n, 6, y): null

16-10-2024T08:51:27 - [TEST_STEP][PASSED] - setValueToCellByIndex(sheet01, n, 7, todaysDate): null

16-10-2024T08:51:27 - [TEST_STEP][PASSED] - n = n + 1: null

16-10-2024T08:51:27 - [TEST_STEP][PASSED] - saveWorkbook(excelFilePath, workbook01): null

16-10-2024T08:51:27 - [TEST_STEP][PASSED] - compare = pagePoteri: null

16-10-2024T08:51:27 - [TEST_STEP][PASSED] - if (compare == filePoteri): null

16-10-2024T08:51:27 - [TEST_STEP][PASSED] - else if (compare > filePoteri): null

16-10-2024T08:51:27 - [TEST_STEP][PASSED] - compare = compare - 1: null

16-10-2024T08:51:27 - [TEST_STEP][PASSED] - if (compare == filePoteri): null

16-10-2024T08:51:27 - [TEST_STEP][PASSED] - else: null

16-10-2024T08:51:27 - [TEST_STEP][PASSED] - numberOfErrors = numberOfErrors + 1: null

16-10-2024T08:51:27 - [TEST_STEP][PASSED] - pageInt = pagePoteri: null

16-10-2024T08:51:27 - [TEST_STEP][PASSED] - fileInt = filePoteri: null

16-10-2024T08:51:27 - [TEST_STEP][PASSED] - typeOfData = typeOfDataMain + " Потери": null

16-10-2024T08:51:27 - [TEST_STEP][PASSED] - Script1718980020443.WriteToExcel(a, typeOfData, todaysDate, pageInt, fileInt, pageDouble, fileDouble, dZO): null

16-10-2024T08:51:27 - [TEST_STEP][PASSED] - sheetName = "Sheet1": null

16-10-2024T08:51:27 - [TEST_STEP][PASSED] - data = findTestData("PlanFact"): null

16-10-2024T08:51:27 - [TEST_STEP][PASSED] - n = data.getRowNumbers() + 1: null

16-10-2024T08:51:27 - [TEST_STEP][PASSED] - year = todaysDate.substring(todaysDate.length() - 4, todaysDate.length()): null

16-10-2024T08:51:27 - [TEST_STEP][PASSED] - y = year.toInteger(): null

16-10-2024T08:51:27 - [TEST_STEP][PASSED] - m = getText(findTestObject("Выполнение бизнес-плана/Период")): Text of object 'Object Repository/Выполнение бизнес-плана/Период' is: '1, 2 кв., Июль, Август 2024 года'

16-10-2024T08:51:27 - [MESSAGE][PASSED] - Text of object 'Object Repository/Выполнение бизнес-плана/Период' is: '1, 2 кв., Июль, Август 2024 года'

16-10-2024T08:51:27 - [TEST_STEP][PASSED] - m = m.substring(0, m.indexOf("2024")): null

16-10-2024T08:51:27 - [TEST_STEP][PASSED] - m = m.trim(): null

16-10-2024T08:51:27 - [TEST_STEP][PASSED] - dashboardName = "Выполнение бизнес-плана": null

16-10-2024T08:51:27 - [TEST_STEP][PASSED] - workbook01 = getWorkbook(excelFilePath): null

16-10-2024T08:51:27 - [TEST_STEP][PASSED] - sheet01 = getExcelSheet(workbook01, sheetName): null

16-10-2024T08:51:27 - [TEST_STEP][PASSED] - setValueToCellByIndex(sheet01, n, 0, dashboardName): null

16-10-2024T08:51:27 - [TEST_STEP][PASSED] - setValueToCellByIndex(sheet01, n, 1, dZO): null

16-10-2024T08:51:27 - [TEST_STEP][PASSED] - setValueToCellByIndex(sheet01, n, 2, typeOfData): null

16-10-2024T08:51:27 - [TEST_STEP][PASSED] - if (typeOfData == "Факт в процентах" || typeOfData == "План в процентах"): null

16-10-2024T08:51:27 - [TEST_STEP][PASSED] - else: null

16-10-2024T08:51:27 - [TEST_STEP][PASSED] - setValueToCellByIndex(sheet01, n, 3, fileInt): null

16-10-2024T08:51:27 - [TEST_STEP][PASSED] - setValueToCellByIndex(sheet01, n, 4, pageInt): null

16-10-2024T08:51:27 - [TEST_STEP][PASSED] - setValueToCellByIndex(sheet01, n, 5, m): null

16-10-2024T08:51:27 - [TEST_STEP][PASSED] - setValueToCellByIndex(sheet01, n, 6, y): null

16-10-2024T08:51:27 - [TEST_STEP][PASSED] - setValueToCellByIndex(sheet01, n, 7, todaysDate): null

16-10-2024T08:51:27 - [TEST_STEP][PASSED] - n = n + 1: null

16-10-2024T08:51:27 - [TEST_STEP][PASSED] - saveWorkbook(excelFilePath, workbook01): null

16-10-2024T08:51:28 - [TEST_STEP][PASSED] - if (planFact == 2): null

16-10-2024T08:51:28 - [TEST_STEP][PASSED] - if (planFact == 1): null

16-10-2024T08:51:28 - [TEST_STEP][PASSED] - else if (planFact == 2): null

16-10-2024T08:51:28 - [TEST_STEP][PASSED] - click(findTestObject("Выполнение бизнес-плана/Кнопка План")): Object: 'Object Repository/Выполнение бизнес-плана/Кнопка План' is clicked on

16-10-2024T08:51:28 - [MESSAGE][PASSED] - Object: 'Object Repository/Выполнение бизнес-плана/Кнопка План' is clicked on

16-10-2024T08:51:28 - [TEST_STEP][PASSED] - typeOfDataMain = "План": null

16-10-2024T08:51:28 - [TEST_STEP][PASSED] - otpusk = findTestData("PlanFact").getValue(2, a): null

16-10-2024T08:51:28 - [TEST_STEP][PASSED] - poteri = findTestData("PlanFact").getValue(3, a): null

16-10-2024T08:51:28 - [TEST_STEP][PASSED] - otpusk = otpusk.replaceAll("\s+", ""): null

16-10-2024T08:51:28 - [TEST_STEP][PASSED] - poteri = poteri.replaceAll("\s+", ""): null

16-10-2024T08:51:28 - [TEST_STEP][PASSED] - typeOfData = typeOfDataMain + " Отпуск в сеть": null

16-10-2024T08:51:28 - [TEST_STEP][PASSED] - if (a == 82): null

16-10-2024T08:51:28 - [TEST_STEP][PASSED] - else if (a == 84): null

16-10-2024T08:51:28 - [TEST_STEP][PASSED] - else if (a == 52 || a == 72 || a == 28 || a == 73 || a == 77 || a == 74 || a == 65 || a == 36 || a == 44 || a == 53 || a == 80 || a == 54 || a == 1 || a == 18 || a == 59 || a == 81): null

16-10-2024T08:51:28 - [TEST_STEP][PASSED] - path = dataFolder + "Table Data/" + typeOfData + " за отчётный период " + dzoNum: null

16-10-2024T08:51:28 - [TEST_STEP][PASSED] - println(path): null

16-10-2024T08:51:28 - [TEST_STEP][PASSED] - page = getText(findTestObject(path)): Text of object 'Object Repository/Выполнение бизнес-плана/Значения со страницы Выполнение бизнес-плана/Table Data/План Отпуск в сеть за отчётный период 4' is: '40 335 504'

16-10-2024T08:51:28 - [MESSAGE][PASSED] - Text of object 'Object Repository/Выполнение бизнес-плана/Значения со страницы Выполнение бизнес-плана/Table Data/План Отпуск в сеть за отчётный период 4' is: '40 335 504'

16-10-2024T08:51:28 - [TEST_STEP][PASSED] - page = page.replaceAll("\s+", ""): null

16-10-2024T08:51:28 - [TEST_STEP][PASSED] - fileOtpuskVSet = otpusk.toInteger(): null

16-10-2024T08:51:28 - [TEST_STEP][PASSED] - pageOtpuskVSet = page.toInteger(): null

16-10-2024T08:51:28 - [TEST_STEP][PASSED] - typeOfData = typeOfDataMain + " Потери": null

16-10-2024T08:51:28 - [TEST_STEP][PASSED] - if (a == 82): null

16-10-2024T08:51:28 - [TEST_STEP][PASSED] - else if (a == 84): null

16-10-2024T08:51:28 - [TEST_STEP][PASSED] - else if (a == 52 || a == 72 || a == 28 || a == 73 || a == 77 || a == 74 || a == 65 || a == 36 || a == 44 || a == 53 || a == 80 || a == 54 || a == 1 || a == 18 || a == 59 || a == 81): null

16-10-2024T08:51:28 - [TEST_STEP][PASSED] - path = dataFolder + "Table Data/" + typeOfData + " за отчётный период " + dzoNum: null

16-10-2024T08:51:28 - [TEST_STEP][PASSED] - page = getText(findTestObject(path)): Text of object 'Object Repository/Выполнение бизнес-плана/Значения со страницы Выполнение бизнес-плана/Table Data/План Потери за отчётный период 4' is: '2 809 262'

16-10-2024T08:51:29 - [MESSAGE][PASSED] - Text of object 'Object Repository/Выполнение бизнес-плана/Значения со страницы Выполнение бизнес-плана/Table Data/План Потери за отчётный период 4' is: '2 809 262'

16-10-2024T08:51:29 - [TEST_STEP][PASSED] - page = page.replaceAll("\s+", ""): null

16-10-2024T08:51:29 - [TEST_STEP][PASSED] - filePoteri = poteri.toInteger(): null

16-10-2024T08:51:29 - [TEST_STEP][PASSED] - pagePoteri = page.toInteger(): null

16-10-2024T08:51:29 - [TEST_STEP][PASSED] - compare = pageOtpuskVSet: null

16-10-2024T08:51:29 - [TEST_STEP][PASSED] - if (compare == fileOtpuskVSet): null

16-10-2024T08:51:29 - [TEST_STEP][PASSED] - else if (compare > fileOtpuskVSet): null

16-10-2024T08:51:29 - [TEST_STEP][PASSED] - compare = compare - 1: null

16-10-2024T08:51:29 - [TEST_STEP][PASSED] - if (compare == fileOtpuskVSet): null

16-10-2024T08:51:29 - [TEST_STEP][PASSED] - else: null

16-10-2024T08:51:29 - [TEST_STEP][PASSED] - numberOfErrors = numberOfErrors + 1: null

16-10-2024T08:51:29 - [TEST_STEP][PASSED] - pageInt = pageOtpuskVSet: null

16-10-2024T08:51:29 - [TEST_STEP][PASSED] - fileInt = fileOtpuskVSet: null

16-10-2024T08:51:29 - [TEST_STEP][PASSED] - typeOfData = typeOfDataMain + " Отпуск в сеть": null

16-10-2024T08:51:29 - [TEST_STEP][PASSED] - Script1718980020443.WriteToExcel(a, typeOfData, todaysDate, pageInt, fileInt, pageDouble, fileDouble, dZO): null

16-10-2024T08:51:29 - [TEST_STEP][PASSED] - sheetName = "Sheet1": null

16-10-2024T08:51:29 - [TEST_STEP][PASSED] - data = findTestData("PlanFact"): null

16-10-2024T08:51:29 - [TEST_STEP][PASSED] - n = data.getRowNumbers() + 1: null

16-10-2024T08:51:29 - [TEST_STEP][PASSED] - year = todaysDate.substring(todaysDate.length() - 4, todaysDate.length()): null

16-10-2024T08:51:29 - [TEST_STEP][PASSED] - y = year.toInteger(): null

16-10-2024T08:51:29 - [TEST_STEP][PASSED] - m = getText(findTestObject("Выполнение бизнес-плана/Период")): Text of object 'Object Repository/Выполнение бизнес-плана/Период' is: '1, 2 кв., Июль, Август 2024 года'

16-10-2024T08:51:29 - [MESSAGE][PASSED] - Text of object 'Object Repository/Выполнение бизнес-плана/Период' is: '1, 2 кв., Июль, Август 2024 года'

16-10-2024T08:51:29 - [TEST_STEP][PASSED] - m = m.substring(0, m.indexOf("2024")): null

16-10-2024T08:51:29 - [TEST_STEP][PASSED] - m = m.trim(): null

16-10-2024T08:51:29 - [TEST_STEP][PASSED] - dashboardName = "Выполнение бизнес-плана": null

16-10-2024T08:51:29 - [TEST_STEP][PASSED] - workbook01 = getWorkbook(excelFilePath): null

16-10-2024T08:51:29 - [TEST_STEP][PASSED] - sheet01 = getExcelSheet(workbook01, sheetName): null

16-10-2024T08:51:29 - [TEST_STEP][PASSED] - setValueToCellByIndex(sheet01, n, 0, dashboardName): null

16-10-2024T08:51:29 - [TEST_STEP][PASSED] - setValueToCellByIndex(sheet01, n, 1, dZO): null

16-10-2024T08:51:29 - [TEST_STEP][PASSED] - setValueToCellByIndex(sheet01, n, 2, typeOfData): null

16-10-2024T08:51:29 - [TEST_STEP][PASSED] - if (typeOfData == "Факт в процентах" || typeOfData == "План в процентах"): null

16-10-2024T08:51:29 - [TEST_STEP][PASSED] - else: null

16-10-2024T08:51:29 - [TEST_STEP][PASSED] - setValueToCellByIndex(sheet01, n, 3, fileInt): null

16-10-2024T08:51:29 - [TEST_STEP][PASSED] - setValueToCellByIndex(sheet01, n, 4, pageInt): null

16-10-2024T08:51:29 - [TEST_STEP][PASSED] - setValueToCellByIndex(sheet01, n, 5, m): null

16-10-2024T08:51:29 - [TEST_STEP][PASSED] - setValueToCellByIndex(sheet01, n, 6, y): null

16-10-2024T08:51:29 - [TEST_STEP][PASSED] - setValueToCellByIndex(sheet01, n, 7, todaysDate): null

16-10-2024T08:51:29 - [TEST_STEP][PASSED] - n = n + 1: null

16-10-2024T08:51:29 - [TEST_STEP][PASSED] - saveWorkbook(excelFilePath, workbook01): null

16-10-2024T08:51:29 - [TEST_STEP][PASSED] - compare = pagePoteri: null

16-10-2024T08:51:29 - [TEST_STEP][PASSED] - if (compare == filePoteri): null

16-10-2024T08:51:29 - [TEST_STEP][PASSED] - else if (compare > filePoteri): null

16-10-2024T08:51:29 - [TEST_STEP][PASSED] - compare = compare - 1: null

16-10-2024T08:51:29 - [TEST_STEP][PASSED] - if (compare == filePoteri): null

16-10-2024T08:51:29 - [TEST_STEP][PASSED] - else: null

16-10-2024T08:51:29 - [TEST_STEP][PASSED] - numberOfErrors = numberOfErrors + 1: null

16-10-2024T08:51:29 - [TEST_STEP][PASSED] - pageInt = pagePoteri: null

16-10-2024T08:51:29 - [TEST_STEP][PASSED] - fileInt = filePoteri: null

16-10-2024T08:51:29 - [TEST_STEP][PASSED] - typeOfData = typeOfDataMain + " Потери": null

16-10-2024T08:51:29 - [TEST_STEP][PASSED] - Script1718980020443.WriteToExcel(a, typeOfData, todaysDate, pageInt, fileInt, pageDouble, fileDouble, dZO): null

16-10-2024T08:51:29 - [TEST_STEP][PASSED] - sheetName = "Sheet1": null

16-10-2024T08:51:29 - [TEST_STEP][PASSED] - data = findTestData("PlanFact"): null

16-10-2024T08:51:29 - [TEST_STEP][PASSED] - n = data.getRowNumbers() + 1: null

16-10-2024T08:51:29 - [TEST_STEP][PASSED] - year = todaysDate.substring(todaysDate.length() - 4, todaysDate.length()): null

16-10-2024T08:51:29 - [TEST_STEP][PASSED] - y = year.toInteger(): null

16-10-2024T08:51:29 - [TEST_STEP][PASSED] - m = getText(findTestObject("Выполнение бизнес-плана/Период")): Text of object 'Object Repository/Выполнение бизнес-плана/Период' is: '1, 2 кв., Июль, Август 2024 года'

16-10-2024T08:51:30 - [MESSAGE][PASSED] - Text of object 'Object Repository/Выполнение бизнес-плана/Период' is: '1, 2 кв., Июль, Август 2024 года'

16-10-2024T08:51:30 - [TEST_STEP][PASSED] - m = m.substring(0, m.indexOf("2024")): null

16-10-2024T08:51:30 - [TEST_STEP][PASSED] - m = m.trim(): null

16-10-2024T08:51:30 - [TEST_STEP][PASSED] - dashboardName = "Выполнение бизнес-плана": null

16-10-2024T08:51:30 - [TEST_STEP][PASSED] - workbook01 = getWorkbook(excelFilePath): null

16-10-2024T08:51:30 - [TEST_STEP][PASSED] - sheet01 = getExcelSheet(workbook01, sheetName): null

16-10-2024T08:51:30 - [TEST_STEP][PASSED] - setValueToCellByIndex(sheet01, n, 0, dashboardName): null

16-10-2024T08:51:30 - [TEST_STEP][PASSED] - setValueToCellByIndex(sheet01, n, 1, dZO): null

16-10-2024T08:51:30 - [TEST_STEP][PASSED] - setValueToCellByIndex(sheet01, n, 2, typeOfData): null

16-10-2024T08:51:30 - [TEST_STEP][PASSED] - if (typeOfData == "Факт в процентах" || typeOfData == "План в процентах"): null

16-10-2024T08:51:30 - [TEST_STEP][PASSED] - else: null

16-10-2024T08:51:30 - [TEST_STEP][PASSED] - setValueToCellByIndex(sheet01, n, 3, fileInt): null

16-10-2024T08:51:30 - [TEST_STEP][PASSED] - setValueToCellByIndex(sheet01, n, 4, pageInt): null

16-10-2024T08:51:30 - [TEST_STEP][PASSED] - setValueToCellByIndex(sheet01, n, 5, m): null

16-10-2024T08:51:30 - [TEST_STEP][PASSED] - setValueToCellByIndex(sheet01, n, 6, y): null

16-10-2024T08:51:30 - [TEST_STEP][PASSED] - setValueToCellByIndex(sheet01, n, 7, todaysDate): null

16-10-2024T08:51:30 - [TEST_STEP][PASSED] - n = n + 1: null

16-10-2024T08:51:30 - [TEST_STEP][PASSED] - saveWorkbook(excelFilePath, workbook01): Object: 'Object Repository/Выполнение бизнес-плана/Кнопка Факт' is clicked on

16-10-2024T08:51:30 - [TEST_STEP][PASSED] - if (planFact == 2): Object: 'Object Repository/Выполнение бизнес-плана/Кнопка Факт' is clicked on

16-10-2024T08:51:30 - [TEST_STEP][PASSED] - click(findTestObject("Выполнение бизнес-плана/Кнопка Факт")): Object: 'Object Repository/Выполнение бизнес-плана/Кнопка Факт' is clicked on

16-10-2024T08:51:30 - [MESSAGE][PASSED] - Object: 'Object Repository/Выполнение бизнес-плана/Кнопка Факт' is clicked on

16-10-2024T08:51:30 - [TEST_STEP][PASSED] - if (a == 84 || a == 82): null

16-10-2024T08:51:30 - [TEST_STEP][PASSED] - else if (a == 52 || a == 72 || a == 28 || a == 73 || a == 77 || a == 74 || a == 65 || a == 36 || a == 44 || a == 53 || a == 80 || a == 54 || a == 1 || a == 18 || a == 59 || a == 81): null

16-10-2024T08:51:30 - [TEST_STEP][PASSED] - page1 = getText(findTestObject("Object Repository/Выполнение бизнес-плана/spanPlan" + dzoNum)): Text of object 'Object Repository/Выполнение бизнес-плана/spanPlan4' is: '6.96
|'

16-10-2024T08:51:30 - [MESSAGE][PASSED] - Text of object 'Object Repository/Выполнение бизнес-плана/spanPlan4' is: '6.96
|'

16-10-2024T08:51:30 - [TEST_STEP][PASSED] - page1 = page1.replace("|", ""): null

16-10-2024T08:51:30 - [TEST_STEP][PASSED] - page2 = getText(findTestObject("Object Repository/Выполнение бизнес-плана/spanFact" + dzoNum)): Text of object 'Object Repository/Выполнение бизнес-плана/spanFact4' is: '6.88'

16-10-2024T08:51:31 - [MESSAGE][PASSED] - Text of object 'Object Repository/Выполнение бизнес-плана/spanFact4' is: '6.88'

16-10-2024T08:51:31 - [TEST_STEP][PASSED] - page2 = page2.replace("|", ""): null

16-10-2024T08:51:31 - [TEST_STEP][PASSED] - println("page1: " + page1): null

16-10-2024T08:51:31 - [TEST_STEP][PASSED] - println("page2: " + page2): null

16-10-2024T08:51:31 - [TEST_STEP][PASSED] - file = findTestData("PlanFact").getValue(4, a): null

16-10-2024T08:51:31 - [TEST_STEP][PASSED] - file = file.replace(",", "."): null

16-10-2024T08:51:31 - [TEST_STEP][PASSED] - println("file Plan: " + file): null

16-10-2024T08:51:31 - [TEST_STEP][PASSED] - typeOfData = "План в процентах": null

16-10-2024T08:51:31 - [TEST_STEP][PASSED] - fileDouble = file.toDouble(): null

16-10-2024T08:51:31 - [TEST_STEP][PASSED] - pageDouble = page1.toDouble(): null

16-10-2024T08:51:31 - [TEST_STEP][PASSED] - if (fileDouble != pageDouble): null

16-10-2024T08:51:31 - [TEST_STEP][PASSED] - numberOfErrors = numberOfErrors + 1: null

16-10-2024T08:51:31 - [TEST_STEP][PASSED] - Script1718980020443.WriteToExcel(a, typeOfData, todaysDate, pageInt, fileInt, pageDouble, fileDouble, dZO): null

16-10-2024T08:51:31 - [TEST_STEP][PASSED] - sheetName = "Sheet1": null

16-10-2024T08:51:31 - [TEST_STEP][PASSED] - data = findTestData("PlanFact"): null

16-10-2024T08:51:31 - [TEST_STEP][PASSED] - n = data.getRowNumbers() + 1: null

16-10-2024T08:51:31 - [TEST_STEP][PASSED] - year = todaysDate.substring(todaysDate.length() - 4, todaysDate.length()): null

16-10-2024T08:51:31 - [TEST_STEP][PASSED] - y = year.toInteger(): null

16-10-2024T08:51:31 - [TEST_STEP][PASSED] - m = getText(findTestObject("Выполнение бизнес-плана/Период")): Text of object 'Object Repository/Выполнение бизнес-плана/Период' is: '1, 2 кв., Июль, Август 2024 года'

16-10-2024T08:51:31 - [MESSAGE][PASSED] - Text of object 'Object Repository/Выполнение бизнес-плана/Период' is: '1, 2 кв., Июль, Август 2024 года'

16-10-2024T08:51:31 - [TEST_STEP][PASSED] - m = m.substring(0, m.indexOf("2024")): null

16-10-2024T08:51:31 - [TEST_STEP][PASSED] - m = m.trim(): null

16-10-2024T08:51:31 - [TEST_STEP][PASSED] - dashboardName = "Выполнение бизнес-плана": null

16-10-2024T08:51:31 - [TEST_STEP][PASSED] - workbook01 = getWorkbook(excelFilePath): null

16-10-2024T08:51:31 - [TEST_STEP][PASSED] - sheet01 = getExcelSheet(workbook01, sheetName): null

16-10-2024T08:51:31 - [TEST_STEP][PASSED] - setValueToCellByIndex(sheet01, n, 0, dashboardName): null

16-10-2024T08:51:31 - [TEST_STEP][PASSED] - setValueToCellByIndex(sheet01, n, 1, dZO): null

16-10-2024T08:51:31 - [TEST_STEP][PASSED] - setValueToCellByIndex(sheet01, n, 2, typeOfData): null

16-10-2024T08:51:31 - [TEST_STEP][PASSED] - if (typeOfData == "Факт в процентах" || typeOfData == "План в процентах"): null

16-10-2024T08:51:31 - [TEST_STEP][PASSED] - setValueToCellByIndex(sheet01, n, 3, fileDouble): null

16-10-2024T08:51:31 - [TEST_STEP][PASSED] - setValueToCellByIndex(sheet01, n, 4, pageDouble): null

16-10-2024T08:51:31 - [TEST_STEP][PASSED] - setValueToCellByIndex(sheet01, n, 5, m): null

16-10-2024T08:51:31 - [TEST_STEP][PASSED] - setValueToCellByIndex(sheet01, n, 6, y): null

16-10-2024T08:51:31 - [TEST_STEP][PASSED] - setValueToCellByIndex(sheet01, n, 7, todaysDate): null

16-10-2024T08:51:31 - [TEST_STEP][PASSED] - n = n + 1: null

16-10-2024T08:51:31 - [TEST_STEP][PASSED] - saveWorkbook(excelFilePath, workbook01): null

16-10-2024T08:51:31 - [TEST_STEP][PASSED] - file = findTestData("PlanFact").getValue(7, a): null

16-10-2024T08:51:31 - [TEST_STEP][PASSED] - file = file.replace(",", "."): null

16-10-2024T08:51:31 - [TEST_STEP][PASSED] - println("file Fact: " + file): null

16-10-2024T08:51:31 - [TEST_STEP][PASSED] - fileDouble = file.toDouble(): null

16-10-2024T08:51:31 - [TEST_STEP][PASSED] - typeOfData = "Факт в процентах": null

16-10-2024T08:51:31 - [TEST_STEP][PASSED] - fileDouble = file.toDouble(): null

16-10-2024T08:51:31 - [TEST_STEP][PASSED] - pageDouble = page2.toDouble(): null

16-10-2024T08:51:31 - [TEST_STEP][PASSED] - if (fileDouble != pageDouble): null

16-10-2024T08:51:31 - [TEST_STEP][PASSED] - numberOfErrors = numberOfErrors + 1: null

16-10-2024T08:51:31 - [TEST_STEP][PASSED] - Script1718980020443.WriteToExcel(a, typeOfData, todaysDate, pageInt, fileInt, pageDouble, fileDouble, dZO): null

16-10-2024T08:51:31 - [TEST_STEP][PASSED] - sheetName = "Sheet1": null

16-10-2024T08:51:31 - [TEST_STEP][PASSED] - data = findTestData("PlanFact"): null

16-10-2024T08:51:32 - [TEST_STEP][PASSED] - n = data.getRowNumbers() + 1: null

16-10-2024T08:51:32 - [TEST_STEP][PASSED] - year = todaysDate.substring(todaysDate.length() - 4, todaysDate.length()): null

16-10-2024T08:51:32 - [TEST_STEP][PASSED] - y = year.toInteger(): null

16-10-2024T08:51:32 - [TEST_STEP][PASSED] - m = getText(findTestObject("Выполнение бизнес-плана/Период")): Text of object 'Object Repository/Выполнение бизнес-плана/Период' is: '1, 2 кв., Июль, Август 2024 года'

16-10-2024T08:51:32 - [MESSAGE][PASSED] - Text of object 'Object Repository/Выполнение бизнес-плана/Период' is: '1, 2 кв., Июль, Август 2024 года'

16-10-2024T08:51:32 - [TEST_STEP][PASSED] - m = m.substring(0, m.indexOf("2024")): null

16-10-2024T08:51:32 - [TEST_STEP][PASSED] - m = m.trim(): null

16-10-2024T08:51:32 - [TEST_STEP][PASSED] - dashboardName = "Выполнение бизнес-плана": null

16-10-2024T08:51:32 - [TEST_STEP][PASSED] - workbook01 = getWorkbook(excelFilePath): null

16-10-2024T08:51:32 - [TEST_STEP][PASSED] - sheet01 = getExcelSheet(workbook01, sheetName): null

16-10-2024T08:51:32 - [TEST_STEP][PASSED] - setValueToCellByIndex(sheet01, n, 0, dashboardName): null

16-10-2024T08:51:32 - [TEST_STEP][PASSED] - setValueToCellByIndex(sheet01, n, 1, dZO): null

16-10-2024T08:51:32 - [TEST_STEP][PASSED] - setValueToCellByIndex(sheet01, n, 2, typeOfData): null

16-10-2024T08:51:32 - [TEST_STEP][PASSED] - if (typeOfData == "Факт в процентах" || typeOfData == "План в процентах"): null

16-10-2024T08:51:32 - [TEST_STEP][PASSED] - setValueToCellByIndex(sheet01, n, 3, fileDouble): null

16-10-2024T08:51:32 - [TEST_STEP][PASSED] - setValueToCellByIndex(sheet01, n, 4, pageDouble): null

16-10-2024T08:51:32 - [TEST_STEP][PASSED] - setValueToCellByIndex(sheet01, n, 5, m): null

16-10-2024T08:51:32 - [TEST_STEP][PASSED] - setValueToCellByIndex(sheet01, n, 6, y): null

16-10-2024T08:51:32 - [TEST_STEP][PASSED] - setValueToCellByIndex(sheet01, n, 7, todaysDate): null

16-10-2024T08:51:32 - [TEST_STEP][PASSED] - n = n + 1: null

16-10-2024T08:51:32 - [TEST_STEP][PASSED] - saveWorkbook(excelFilePath, workbook01): null

16-10-2024T08:51:32 - [TEST_STEP][FAILED] - if (verifyEqual(numberOfErrors, 0) == false): null

16-10-2024T08:51:32 - [MESSAGE][FAILED] - Unable to verify equal between actual object '6' and expected object '0' (Root cause: com.kms.katalon.core.exception.StepFailedException: Actual object '6' and expected object '0' are not equal
	at com.kms.katalon.core.keyword.builtin.VerifyEqualKeyword$_verifyEqual_closure1.doCall(VerifyEqualKeyword.groovy:58)
	at com.kms.katalon.core.keyword.builtin.VerifyEqualKeyword$_verifyEqual_closure1.call(VerifyEqualKeyword.groovy)
	at com.kms.katalon.core.keyword.internal.KeywordMain.runKeyword(KeywordMain.groovy:75)
	at com.kms.katalon.core.keyword.builtin.VerifyEqualKeyword.verifyEqual(VerifyEqualKeyword.groovy:63)
	at com.kms.katalon.core.keyword.builtin.VerifyEqualKeyword.execute(VerifyEqualKeyword.groovy:44)
	at com.kms.katalon.core.keyword.internal.KeywordExecutor.executeKeywordForPlatform(KeywordExecutor.groovy:74)
	at com.kms.katalon.core.keyword.BuiltinKeywords.verifyEqual(BuiltinKeywords.groovy:146)
	at java.base/jdk.internal.reflect.NativeMethodAccessorImpl.invoke0(Native Method)
	at java.base/jdk.internal.reflect.NativeMethodAccessorImpl.invoke(NativeMethodAccessorImpl.java:77)
	at java.base/jdk.internal.reflect.DelegatingMethodAccessorImpl.invoke(DelegatingMethodAccessorImpl.java:43)
	at Выполнение бизнес-плана Сверка ПАО Россети все филиалы.Numbers(Выполнение бизнес-плана Сверка ПАО Россети все филиалы:749)
	at Выполнение бизнес-плана Сверка ПАО Россети все филиалы.run(Выполнение бизнес-плана Сверка ПАО Россети все филиалы:341)
	at com.kms.katalon.core.main.ScriptEngine.run(ScriptEngine.java:194)
	at com.kms.katalon.core.main.ScriptEngine.runScriptAsRawText(ScriptEngine.java:119)
	at com.kms.katalon.core.main.TestCaseExecutor.runScript(TestCaseExecutor.java:448)
	at com.kms.katalon.core.main.TestCaseExecutor.doExecute(TestCaseExecutor.java:439)
	at com.kms.katalon.core.main.TestCaseExecutor.processExecutionPhase(TestCaseExecutor.java:418)
	at com.kms.katalon.core.main.TestCaseExecutor.accessMainPhase(TestCaseExecutor.java:410)
	at com.kms.katalon.core.main.TestCaseExecutor.execute(TestCaseExecutor.java:285)
	at com.kms.katalon.core.common.CommonExecutor.accessTestCaseMainPhase(CommonExecutor.java:65)
	at com.kms.katalon.core.main.TestSuiteExecutor.accessTestSuiteMainPhase(TestSuiteExecutor.java:150)
	at com.kms.katalon.core.main.TestSuiteExecutor.execute(TestSuiteExecutor.java:106)
	at com.kms.katalon.core.main.TestCaseMain.startTestSuite(TestCaseMain.java:180)
	at TempTestSuite1729057289574.run(TempTestSuite1729057289574.groovy:35)
	at java.base/jdk.internal.reflect.NativeMethodAccessorImpl.invoke0(Native Method)
	at java.base/jdk.internal.reflect.NativeMethodAccessorImpl.invoke(NativeMethodAccessorImpl.java:77)
	at java.base/jdk.internal.reflect.DelegatingMethodAccessorImpl.invoke(DelegatingMethodAccessorImpl.java:43)
)

16-10-2024T08:51:32 - [TEST_STEP][PASSED] - println(numberOfErrors): null

16-10-2024T08:51:32 - [TEST_STEP][PASSED] - if (a == 28 || a == 77 || a == 74 || a == 65 || a == 36 || a == 44 || a == 54 || a == 1 || a == 18 || a == 59): null

16-10-2024T08:51:32 - [TEST_STEP][PASSED] - Script1718980020443.Filials(a, typeOfData, todaysDate, pageInt, fileInt, pageDouble, fileDouble, dZO, dzoNum, filialNum): null

16-10-2024T08:51:32 - [TEST_STEP][PASSED] - i = <not implemented yet for class: org.codehaus.groovy.ast.expr.EmptyExpression>: null

16-10-2024T08:51:32 - [TEST_STEP][PASSED] - c = <not implemented yet for class: org.codehaus.groovy.ast.expr.EmptyExpression>: null

16-10-2024T08:51:32 - [TEST_STEP][PASSED] - page = <not implemented yet for class: org.codehaus.groovy.ast.expr.EmptyExpression>: null

16-10-2024T08:51:32 - [TEST_STEP][PASSED] - println(dZO): null

16-10-2024T08:51:32 - [TEST_STEP][PASSED] - reducedDZO = dZO.substring(0, 13): null

16-10-2024T08:51:32 - [TEST_STEP][PASSED] - println(reducedDZO): null

16-10-2024T08:51:32 - [TEST_STEP][PASSED] - dzoCut = <not implemented yet for class: org.codehaus.groovy.ast.expr.EmptyExpression>: null

16-10-2024T08:51:32 - [TEST_STEP][PASSED] - Script1718980020443.DZO(a): null

16-10-2024T08:51:32 - [TEST_STEP][PASSED] - Script1718980020443.OpenFilter(): null

16-10-2024T08:51:32 - [TEST_STEP][PASSED] - click(findTestObject("Object Repository/Выполнение бизнес-плана/Фильтр ДЗО")): Object: 'Object Repository/Выполнение бизнес-плана/Фильтр ДЗО' is clicked on

16-10-2024T08:51:32 - [MESSAGE][PASSED] - Object: 'Object Repository/Выполнение бизнес-плана/Фильтр ДЗО' is clicked on

16-10-2024T08:51:32 - [TEST_STEP][PASSED] - click(findTestObject("Выполнение бизнес-плана/Снять выделение в фильтре ДЗО")): Object: 'Object Repository/Выполнение бизнес-плана/Снять выделение в фильтре ДЗО' is clicked on

16-10-2024T08:51:33 - [MESSAGE][PASSED] - Object: 'Object Repository/Выполнение бизнес-плана/Снять выделение в фильтре ДЗО' is clicked on

16-10-2024T08:51:33 - [TEST_STEP][PASSED] - Script1718980020443.OpenRSK(): null

16-10-2024T08:51:33 - [TEST_STEP][PASSED] - click(findTestObject("Выполнение бизнес-плана/Раскрыть список ПАО Россети в фильтре ДЗО")): Object: 'Object Repository/Выполнение бизнес-плана/Раскрыть список ПАО Россети в фильтре ДЗО' is clicked on

16-10-2024T08:51:33 - [MESSAGE][PASSED] - Object: 'Object Repository/Выполнение бизнес-плана/Раскрыть список ПАО Россети в фильтре ДЗО' is clicked on

16-10-2024T08:51:33 - [TEST_STEP][PASSED] - click(findTestObject("Выполнение бизнес-плана/Раскрыть список РаспредКомплекс в фильтре ДЗО")): Object: 'Object Repository/Выполнение бизнес-плана/Раскрыть список РаспредКомплекс в фильтре ДЗО' is clicked on

16-10-2024T08:51:34 - [MESSAGE][PASSED] - Object: 'Object Repository/Выполнение бизнес-плана/Раскрыть список РаспредКомплекс в фильтре ДЗО' is clicked on

16-10-2024T08:51:34 - [TEST_STEP][PASSED] - if (a == 28): null

16-10-2024T08:51:34 - [TEST_STEP][PASSED] - if (a == 77): null

16-10-2024T08:51:34 - [TEST_STEP][PASSED] - if (a == 74): null

16-10-2024T08:51:34 - [TEST_STEP][PASSED] - if (a == 65): null

16-10-2024T08:51:34 - [TEST_STEP][PASSED] - if (a == 36): null

16-10-2024T08:51:34 - [TEST_STEP][PASSED] - if (a == 44): Object: 'Object Repository/Выполнение бизнес-плана/Россети Сибирь' is clicked on

16-10-2024T08:51:34 - [TEST_STEP][PASSED] - scrollToElement(findTestObject("Общие объекты/Раскрыть список Россети Сибирь"), 30): Scroll to object 'Object Repository/Общие объекты/Раскрыть список Россети Сибирь' successfully

16-10-2024T08:51:34 - [MESSAGE][PASSED] - Scroll to object 'Object Repository/Общие объекты/Раскрыть список Россети Сибирь' successfully

16-10-2024T08:51:34 - [TEST_STEP][PASSED] - click(findTestObject("Выполнение бизнес-плана/Россети Сибирь")): Object: 'Object Repository/Выполнение бизнес-плана/Россети Сибирь' is clicked on

16-10-2024T08:51:34 - [MESSAGE][PASSED] - Object: 'Object Repository/Выполнение бизнес-плана/Россети Сибирь' is clicked on

16-10-2024T08:51:34 - [TEST_STEP][PASSED] - if (a == 54): null

16-10-2024T08:51:34 - [TEST_STEP][PASSED] - if (a == 1): null

16-10-2024T08:51:34 - [TEST_STEP][PASSED] - if (a == 18): null

16-10-2024T08:51:34 - [TEST_STEP][PASSED] - if (a == 59): null

16-10-2024T08:51:34 - [TEST_STEP][PASSED] - Script1718980020443.CloseFilter(): null

16-10-2024T08:51:34 - [TEST_STEP][PASSED] - scrollToElement(findTestObject("Выполнение бизнес-плана/Заголовок дашборда"), 30): Scroll to object 'Object Repository/Выполнение бизнес-плана/Заголовок дашборда' successfully

16-10-2024T08:51:35 - [MESSAGE][PASSED] - Scroll to object 'Object Repository/Выполнение бизнес-плана/Заголовок дашборда' successfully

16-10-2024T08:51:35 - [TEST_STEP][PASSED] - click(findTestObject("Object Repository/Выполнение бизнес-плана/Применить в фильтре ДЗО")): Object: 'Object Repository/Выполнение бизнес-плана/Применить в фильтре ДЗО' is clicked on

16-10-2024T08:51:36 - [MESSAGE][PASSED] - Object: 'Object Repository/Выполнение бизнес-плана/Применить в фильтре ДЗО' is clicked on

16-10-2024T08:51:36 - [TEST_STEP][PASSED] - Script1718980020443.ZakrytOpoveshenie(): null

16-10-2024T08:51:36 - [TEST_STEP][PASSED] - opoveshenie = getText(findTestObject("Выполнение бизнес-плана/Просьба обратить внимание")): Text of object 'Object Repository/Выполнение бизнес-плана/Просьба обратить внимание' is: ''

16-10-2024T08:52:06 - [MESSAGE][PASSED] - Text of object 'Object Repository/Выполнение бизнес-плана/Просьба обратить внимание' is: ''

16-10-2024T08:52:06 - [TEST_STEP][PASSED] - println(opoveshenie): null

16-10-2024T08:52:06 - [TEST_STEP][PASSED] - if (opoveshenie == "Просьба обратить внимание"): null

16-10-2024T08:52:06 - [TEST_STEP][PASSED] - page = getText(findTestObject("Object Repository/Выполнение бизнес-плана/Filials")): Text of object 'Object Repository/Выполнение бизнес-плана/Filials' is: 'Россети Сибирь
0
10
20
30
40
50
60
70'

16-10-2024T08:52:12 - [MESSAGE][PASSED] - Text of object 'Object Repository/Выполнение бизнес-плана/Filials' is: 'Россети Сибирь
0
10
20
30
40
50
60
70'

16-10-2024T08:52:12 - [TEST_STEP][PASSED] - println(page): null

16-10-2024T08:52:12 - [TEST_STEP][PASSED] - c = page.indexOf(reducedDZO): null

16-10-2024T08:52:12 - [TEST_STEP][PASSED] - while (c > -1): null

16-10-2024T08:52:12 - [TEST_STEP][PASSED] - Script1718980020443.OpenFilter(): null

16-10-2024T08:52:12 - [TEST_STEP][PASSED] - click(findTestObject("Object Repository/Выполнение бизнес-плана/Фильтр ДЗО")): Object: 'Object Repository/Выполнение бизнес-плана/Фильтр ДЗО' is clicked on

16-10-2024T08:52:13 - [MESSAGE][PASSED] - Object: 'Object Repository/Выполнение бизнес-плана/Фильтр ДЗО' is clicked on

16-10-2024T08:52:13 - [TEST_STEP][PASSED] - click(findTestObject("Выполнение бизнес-плана/Снять выделение в фильтре ДЗО")): null

16-10-2024T08:52:13 - [MESSAGE][PASSED] - Object: 'Object Repository/Выполнение бизнес-плана/Снять выделение в фильтре ДЗО' is clicked on

16-10-2024T08:52:13 - [TEST_STEP][PASSED] - Script1718980020443.CloseFilter(): null

16-10-2024T08:52:13 - [TEST_STEP][PASSED] - scrollToElement(findTestObject("Выполнение бизнес-плана/Заголовок дашборда"), 30): Scroll to object 'Object Repository/Выполнение бизнес-плана/Заголовок дашборда' successfully

16-10-2024T08:52:13 - [MESSAGE][PASSED] - Scroll to object 'Object Repository/Выполнение бизнес-плана/Заголовок дашборда' successfully

16-10-2024T08:52:13 - [TEST_STEP][PASSED] - click(findTestObject("Object Repository/Выполнение бизнес-плана/Применить в фильтре ДЗО")): null

16-10-2024T08:52:14 - [MESSAGE][PASSED] - Object: 'Object Repository/Выполнение бизнес-плана/Применить в фильтре ДЗО' is clicked on

16-10-2024T08:52:14 - [TEST_STEP][PASSED] - Script1718980020443.DZO(a): null

16-10-2024T08:52:14 - [TEST_STEP][PASSED] - Script1718980020443.OpenFilter(): null

16-10-2024T08:52:14 - [TEST_STEP][PASSED] - click(findTestObject("Object Repository/Выполнение бизнес-плана/Фильтр ДЗО")): Object: 'Object Repository/Выполнение бизнес-плана/Фильтр ДЗО' is clicked on

16-10-2024T08:52:42 - [MESSAGE][PASSED] - Object: 'Object Repository/Выполнение бизнес-плана/Фильтр ДЗО' is clicked on

16-10-2024T08:52:42 - [TEST_STEP][PASSED] - click(findTestObject("Выполнение бизнес-плана/Снять выделение в фильтре ДЗО")): Object: 'Object Repository/Выполнение бизнес-плана/Снять выделение в фильтре ДЗО' is clicked on

16-10-2024T08:52:42 - [MESSAGE][PASSED] - Object: 'Object Repository/Выполнение бизнес-плана/Снять выделение в фильтре ДЗО' is clicked on

16-10-2024T08:52:42 - [TEST_STEP][PASSED] - Script1718980020443.OpenRSK(): null

16-10-2024T08:52:42 - [TEST_STEP][PASSED] - click(findTestObject("Выполнение бизнес-плана/Раскрыть список ПАО Россети в фильтре ДЗО")): Object: 'Object Repository/Выполнение бизнес-плана/Раскрыть список ПАО Россети в фильтре ДЗО' is clicked on

16-10-2024T08:52:42 - [MESSAGE][PASSED] - Object: 'Object Repository/Выполнение бизнес-плана/Раскрыть список ПАО Россети в фильтре ДЗО' is clicked on

16-10-2024T08:52:42 - [TEST_STEP][PASSED] - click(findTestObject("Выполнение бизнес-плана/Раскрыть список РаспредКомплекс в фильтре ДЗО")): Object: 'Object Repository/Выполнение бизнес-плана/Раскрыть список РаспредКомплекс в фильтре ДЗО' is clicked on

16-10-2024T08:52:43 - [MESSAGE][PASSED] - Object: 'Object Repository/Выполнение бизнес-плана/Раскрыть список РаспредКомплекс в фильтре ДЗО' is clicked on

16-10-2024T08:52:43 - [TEST_STEP][PASSED] - if (a == 28): null

16-10-2024T08:52:43 - [TEST_STEP][PASSED] - if (a == 77): null

16-10-2024T08:52:43 - [TEST_STEP][PASSED] - if (a == 74): null

16-10-2024T08:52:43 - [TEST_STEP][PASSED] - if (a == 65): null

16-10-2024T08:52:43 - [TEST_STEP][PASSED] - if (a == 36): null

16-10-2024T08:52:43 - [TEST_STEP][PASSED] - if (a == 44): Object: 'Object Repository/Выполнение бизнес-плана/Россети Сибирь' is clicked on

16-10-2024T08:52:43 - [TEST_STEP][PASSED] - scrollToElement(findTestObject("Общие объекты/Раскрыть список Россети Сибирь"), 30): Scroll to object 'Object Repository/Общие объекты/Раскрыть список Россети Сибирь' successfully

16-10-2024T08:52:43 - [MESSAGE][PASSED] - Scroll to object 'Object Repository/Общие объекты/Раскрыть список Россети Сибирь' successfully

16-10-2024T08:52:43 - [TEST_STEP][PASSED] - click(findTestObject("Выполнение бизнес-плана/Россети Сибирь")): Object: 'Object Repository/Выполнение бизнес-плана/Россети Сибирь' is clicked on

16-10-2024T08:52:43 - [MESSAGE][PASSED] - Object: 'Object Repository/Выполнение бизнес-плана/Россети Сибирь' is clicked on

16-10-2024T08:52:43 - [TEST_STEP][PASSED] - if (a == 54): null

16-10-2024T08:52:43 - [TEST_STEP][PASSED] - if (a == 1): null

16-10-2024T08:52:43 - [TEST_STEP][PASSED] - if (a == 18): null

16-10-2024T08:52:43 - [TEST_STEP][PASSED] - if (a == 59): null

16-10-2024T08:52:43 - [TEST_STEP][PASSED] - Script1718980020443.CloseFilter(): null

16-10-2024T08:52:43 - [TEST_STEP][PASSED] - scrollToElement(findTestObject("Выполнение бизнес-плана/Заголовок дашборда"), 30): Scroll to object 'Object Repository/Выполнение бизнес-плана/Заголовок дашборда' successfully

16-10-2024T08:52:44 - [MESSAGE][PASSED] - Scroll to object 'Object Repository/Выполнение бизнес-плана/Заголовок дашборда' successfully

16-10-2024T08:52:44 - [TEST_STEP][PASSED] - click(findTestObject("Object Repository/Выполнение бизнес-плана/Применить в фильтре ДЗО")): Object: 'Object Repository/Выполнение бизнес-плана/Применить в фильтре ДЗО' is clicked on

16-10-2024T08:52:45 - [MESSAGE][PASSED] - Object: 'Object Repository/Выполнение бизнес-плана/Применить в фильтре ДЗО' is clicked on

16-10-2024T08:52:45 - [TEST_STEP][PASSED] - Script1718980020443.ZakrytOpoveshenie(): null

16-10-2024T08:52:45 - [TEST_STEP][PASSED] - opoveshenie = getText(findTestObject("Выполнение бизнес-плана/Просьба обратить внимание")): Text of object 'Object Repository/Выполнение бизнес-плана/Просьба обратить внимание' is: ''

16-10-2024T08:53:14 - [MESSAGE][PASSED] - Text of object 'Object Repository/Выполнение бизнес-плана/Просьба обратить внимание' is: ''

16-10-2024T08:53:14 - [TEST_STEP][PASSED] - println(opoveshenie): null

16-10-2024T08:53:14 - [TEST_STEP][PASSED] - if (opoveshenie == "Просьба обратить внимание"): null

16-10-2024T08:53:14 - [TEST_STEP][PASSED] - delay(20): Delayed 20 second(s)

16-10-2024T08:53:34 - [MESSAGE][PASSED] - Delayed 20 second(s)

16-10-2024T08:53:34 - [TEST_STEP][PASSED] - page = getText(findTestObject("Object Repository/Выполнение бизнес-плана/Filials")): Text of object 'Object Repository/Выполнение бизнес-плана/Filials' is: 'Россети Сибирь
0
10
20
30
40
50
60
70'

16-10-2024T08:53:34 - [MESSAGE][PASSED] - Text of object 'Object Repository/Выполнение бизнес-плана/Filials' is: 'Россети Сибирь
0
10
20
30
40
50
60
70'

16-10-2024T08:53:34 - [TEST_STEP][PASSED] - println(page): null

16-10-2024T08:53:34 - [TEST_STEP][PASSED] - c = page.indexOf(reducedDZO): null

16-10-2024T08:53:34 - [TEST_STEP][PASSED] - println("c indexOf(reducedDZO): " + c): null

16-10-2024T08:53:34 - [TEST_STEP][PASSED] - delay(5): Delayed 5 second(s)

16-10-2024T08:53:39 - [MESSAGE][PASSED] - Delayed 5 second(s)

16-10-2024T08:53:39 - [TEST_STEP][PASSED] - Script1718980020443.OpenFilter(): null

16-10-2024T08:53:39 - [TEST_STEP][PASSED] - click(findTestObject("Object Repository/Выполнение бизнес-плана/Фильтр ДЗО")): Object: 'Object Repository/Выполнение бизнес-плана/Фильтр ДЗО' is clicked on

16-10-2024T08:53:40 - [MESSAGE][PASSED] - Object: 'Object Repository/Выполнение бизнес-плана/Фильтр ДЗО' is clicked on

16-10-2024T08:53:40 - [TEST_STEP][PASSED] - click(findTestObject("Выполнение бизнес-плана/Снять выделение в фильтре ДЗО")): null

16-10-2024T08:53:40 - [MESSAGE][PASSED] - Object: 'Object Repository/Выполнение бизнес-плана/Снять выделение в фильтре ДЗО' is clicked on

16-10-2024T08:53:40 - [TEST_STEP][PASSED] - Script1718980020443.CloseFilter(): null

16-10-2024T08:53:40 - [TEST_STEP][PASSED] - scrollToElement(findTestObject("Выполнение бизнес-плана/Заголовок дашборда"), 30): Scroll to object 'Object Repository/Выполнение бизнес-плана/Заголовок дашборда' successfully

16-10-2024T08:53:41 - [MESSAGE][PASSED] - Scroll to object 'Object Repository/Выполнение бизнес-плана/Заголовок дашборда' successfully

16-10-2024T08:53:41 - [TEST_STEP][PASSED] - click(findTestObject("Object Repository/Выполнение бизнес-плана/Применить в фильтре ДЗО")): null

16-10-2024T08:53:41 - [MESSAGE][PASSED] - Object: 'Object Repository/Выполнение бизнес-плана/Применить в фильтре ДЗО' is clicked on

16-10-2024T08:53:41 - [TEST_STEP][PASSED] - Script1718980020443.DZO(a): null

16-10-2024T08:53:41 - [TEST_STEP][PASSED] - Script1718980020443.OpenFilter(): null

16-10-2024T08:53:41 - [TEST_STEP][PASSED] - click(findTestObject("Object Repository/Выполнение бизнес-плана/Фильтр ДЗО")): Object: 'Object Repository/Выполнение бизнес-плана/Фильтр ДЗО' is clicked on

16-10-2024T08:54:11 - [MESSAGE][PASSED] - Object: 'Object Repository/Выполнение бизнес-плана/Фильтр ДЗО' is clicked on

16-10-2024T08:54:11 - [TEST_STEP][PASSED] - click(findTestObject("Выполнение бизнес-плана/Снять выделение в фильтре ДЗО")): Object: 'Object Repository/Выполнение бизнес-плана/Снять выделение в фильтре ДЗО' is clicked on

16-10-2024T08:54:19 - [MESSAGE][PASSED] - Object: 'Object Repository/Выполнение бизнес-плана/Снять выделение в фильтре ДЗО' is clicked on

16-10-2024T08:54:19 - [TEST_STEP][PASSED] - Script1718980020443.OpenRSK(): null

16-10-2024T08:54:19 - [TEST_STEP][PASSED] - click(findTestObject("Выполнение бизнес-плана/Раскрыть список ПАО Россети в фильтре ДЗО")): Object: 'Object Repository/Выполнение бизнес-плана/Раскрыть список ПАО Россети в фильтре ДЗО' is clicked on

16-10-2024T08:54:19 - [MESSAGE][PASSED] - Object: 'Object Repository/Выполнение бизнес-плана/Раскрыть список ПАО Россети в фильтре ДЗО' is clicked on

16-10-2024T08:54:19 - [TEST_STEP][PASSED] - click(findTestObject("Выполнение бизнес-плана/Раскрыть список РаспредКомплекс в фильтре ДЗО")): Object: 'Object Repository/Выполнение бизнес-плана/Раскрыть список РаспредКомплекс в фильтре ДЗО' is clicked on

16-10-2024T08:54:20 - [MESSAGE][PASSED] - Object: 'Object Repository/Выполнение бизнес-плана/Раскрыть список РаспредКомплекс в фильтре ДЗО' is clicked on

16-10-2024T08:54:20 - [TEST_STEP][PASSED] - if (a == 28): null

16-10-2024T08:54:20 - [TEST_STEP][PASSED] - if (a == 77): null

16-10-2024T08:54:20 - [TEST_STEP][PASSED] - if (a == 74): null

16-10-2024T08:54:20 - [TEST_STEP][PASSED] - if (a == 65): null

16-10-2024T08:54:20 - [TEST_STEP][PASSED] - if (a == 36): null

16-10-2024T08:54:20 - [TEST_STEP][PASSED] - if (a == 44): Object: 'Object Repository/Выполнение бизнес-плана/Россети Сибирь' is clicked on

16-10-2024T08:54:20 - [TEST_STEP][PASSED] - scrollToElement(findTestObject("Общие объекты/Раскрыть список Россети Сибирь"), 30): Scroll to object 'Object Repository/Общие объекты/Раскрыть список Россети Сибирь' successfully

16-10-2024T08:54:20 - [MESSAGE][PASSED] - Scroll to object 'Object Repository/Общие объекты/Раскрыть список Россети Сибирь' successfully

16-10-2024T08:54:20 - [TEST_STEP][PASSED] - click(findTestObject("Выполнение бизнес-плана/Россети Сибирь")): Object: 'Object Repository/Выполнение бизнес-плана/Россети Сибирь' is clicked on

16-10-2024T08:54:20 - [MESSAGE][PASSED] - Object: 'Object Repository/Выполнение бизнес-плана/Россети Сибирь' is clicked on

16-10-2024T08:54:20 - [TEST_STEP][PASSED] - if (a == 54): null

16-10-2024T08:54:20 - [TEST_STEP][PASSED] - if (a == 1): null

16-10-2024T08:54:20 - [TEST_STEP][PASSED] - if (a == 18): null

16-10-2024T08:54:20 - [TEST_STEP][PASSED] - if (a == 59): null

16-10-2024T08:54:20 - [TEST_STEP][PASSED] - Script1718980020443.CloseFilter(): null

16-10-2024T08:54:20 - [TEST_STEP][PASSED] - scrollToElement(findTestObject("Выполнение бизнес-плана/Заголовок дашборда"), 30): Scroll to object 'Object Repository/Выполнение бизнес-плана/Заголовок дашборда' successfully

16-10-2024T08:54:21 - [MESSAGE][PASSED] - Scroll to object 'Object Repository/Выполнение бизнес-плана/Заголовок дашборда' successfully

16-10-2024T08:54:21 - [TEST_STEP][PASSED] - click(findTestObject("Object Repository/Выполнение бизнес-плана/Применить в фильтре ДЗО")): Object: 'Object Repository/Выполнение бизнес-плана/Применить в фильтре ДЗО' is clicked on

16-10-2024T08:54:22 - [MESSAGE][PASSED] - Object: 'Object Repository/Выполнение бизнес-плана/Применить в фильтре ДЗО' is clicked on

16-10-2024T08:54:22 - [TEST_STEP][PASSED] - Script1718980020443.ZakrytOpoveshenie(): null

16-10-2024T08:54:22 - [TEST_STEP][PASSED] - opoveshenie = getText(findTestObject("Выполнение бизнес-плана/Просьба обратить внимание")): Text of object 'Object Repository/Выполнение бизнес-плана/Просьба обратить внимание' is: ''

16-10-2024T08:54:48 - [MESSAGE][PASSED] - Text of object 'Object Repository/Выполнение бизнес-плана/Просьба обратить внимание' is: ''

16-10-2024T08:54:49 - [TEST_STEP][PASSED] - println(opoveshenie): null

16-10-2024T08:54:49 - [TEST_STEP][PASSED] - if (opoveshenie == "Просьба обратить внимание"): null

16-10-2024T08:54:49 - [TEST_STEP][PASSED] - delay(20): Delayed 20 second(s)

16-10-2024T08:55:09 - [MESSAGE][PASSED] - Delayed 20 second(s)

16-10-2024T08:55:09 - [TEST_STEP][PASSED] - page = getText(findTestObject("Object Repository/Выполнение бизнес-плана/Filials")): Text of object 'Object Repository/Выполнение бизнес-плана/Filials' is: 'Россети Сибирь
0
10
20
30
40
50
60
70'

16-10-2024T08:55:09 - [MESSAGE][PASSED] - Text of object 'Object Repository/Выполнение бизнес-плана/Filials' is: 'Россети Сибирь
0
10
20
30
40
50
60
70'

16-10-2024T08:55:09 - [TEST_STEP][PASSED] - println(page): null

16-10-2024T08:55:09 - [TEST_STEP][PASSED] - c = page.indexOf(reducedDZO): null

16-10-2024T08:55:09 - [TEST_STEP][PASSED] - println("c indexOf(reducedDZO): " + c): null

16-10-2024T08:55:09 - [TEST_STEP][PASSED] - delay(5): Delayed 5 second(s)

16-10-2024T08:55:14 - [MESSAGE][PASSED] - Delayed 5 second(s)

16-10-2024T08:55:14 - [TEST_STEP][PASSED] - Script1718980020443.OpenFilter(): null

16-10-2024T08:55:14 - [TEST_STEP][PASSED] - click(findTestObject("Object Repository/Выполнение бизнес-плана/Фильтр ДЗО")): Object: 'Object Repository/Выполнение бизнес-плана/Фильтр ДЗО' is clicked on

16-10-2024T08:55:14 - [MESSAGE][PASSED] - Object: 'Object Repository/Выполнение бизнес-плана/Фильтр ДЗО' is clicked on

16-10-2024T08:55:14 - [TEST_STEP][PASSED] - click(findTestObject("Выполнение бизнес-плана/Снять выделение в фильтре ДЗО")): null

16-10-2024T08:55:15 - [MESSAGE][PASSED] - Object: 'Object Repository/Выполнение бизнес-плана/Снять выделение в фильтре ДЗО' is clicked on

16-10-2024T08:55:15 - [TEST_STEP][PASSED] - Script1718980020443.CloseFilter(): null

16-10-2024T08:55:15 - [TEST_STEP][PASSED] - scrollToElement(findTestObject("Выполнение бизнес-плана/Заголовок дашборда"), 30): Scroll to object 'Object Repository/Выполнение бизнес-плана/Заголовок дашборда' successfully

16-10-2024T08:55:15 - [MESSAGE][PASSED] - Scroll to object 'Object Repository/Выполнение бизнес-плана/Заголовок дашборда' successfully

16-10-2024T08:55:15 - [TEST_STEP][PASSED] - click(findTestObject("Object Repository/Выполнение бизнес-плана/Применить в фильтре ДЗО")): null

16-10-2024T08:55:16 - [MESSAGE][PASSED] - Object: 'Object Repository/Выполнение бизнес-плана/Применить в фильтре ДЗО' is clicked on

16-10-2024T08:55:16 - [TEST_STEP][PASSED] - Script1718980020443.DZO(a): null

16-10-2024T08:55:16 - [TEST_STEP][PASSED] - Script1718980020443.OpenFilter(): null

16-10-2024T08:55:16 - [TEST_STEP][PASSED] - click(findTestObject("Object Repository/Выполнение бизнес-плана/Фильтр ДЗО")): Object: 'Object Repository/Выполнение бизнес-плана/Фильтр ДЗО' is clicked on

16-10-2024T08:55:43 - [MESSAGE][PASSED] - Object: 'Object Repository/Выполнение бизнес-плана/Фильтр ДЗО' is clicked on

16-10-2024T08:55:43 - [TEST_STEP][PASSED] - click(findTestObject("Выполнение бизнес-плана/Снять выделение в фильтре ДЗО")): Object: 'Object Repository/Выполнение бизнес-плана/Снять выделение в фильтре ДЗО' is clicked on

16-10-2024T08:55:44 - [MESSAGE][PASSED] - Object: 'Object Repository/Выполнение бизнес-плана/Снять выделение в фильтре ДЗО' is clicked on

16-10-2024T08:55:44 - [TEST_STEP][PASSED] - Script1718980020443.OpenRSK(): null

16-10-2024T08:55:44 - [TEST_STEP][PASSED] - click(findTestObject("Выполнение бизнес-плана/Раскрыть список ПАО Россети в фильтре ДЗО")): Object: 'Object Repository/Выполнение бизнес-плана/Раскрыть список ПАО Россети в фильтре ДЗО' is clicked on

16-10-2024T08:55:44 - [MESSAGE][PASSED] - Object: 'Object Repository/Выполнение бизнес-плана/Раскрыть список ПАО Россети в фильтре ДЗО' is clicked on

16-10-2024T08:55:44 - [TEST_STEP][PASSED] - click(findTestObject("Выполнение бизнес-плана/Раскрыть список РаспредКомплекс в фильтре ДЗО")): Object: 'Object Repository/Выполнение бизнес-плана/Раскрыть список РаспредКомплекс в фильтре ДЗО' is clicked on

16-10-2024T08:55:44 - [MESSAGE][PASSED] - Object: 'Object Repository/Выполнение бизнес-плана/Раскрыть список РаспредКомплекс в фильтре ДЗО' is clicked on

16-10-2024T08:55:44 - [TEST_STEP][PASSED] - if (a == 28): null

16-10-2024T08:55:44 - [TEST_STEP][PASSED] - if (a == 77): null

16-10-2024T08:55:44 - [TEST_STEP][PASSED] - if (a == 74): null

16-10-2024T08:55:44 - [TEST_STEP][PASSED] - if (a == 65): null

16-10-2024T08:55:44 - [TEST_STEP][PASSED] - if (a == 36): null

16-10-2024T08:55:44 - [TEST_STEP][PASSED] - if (a == 44): Object: 'Object Repository/Выполнение бизнес-плана/Россети Сибирь' is clicked on

16-10-2024T08:55:44 - [TEST_STEP][PASSED] - scrollToElement(findTestObject("Общие объекты/Раскрыть список Россети Сибирь"), 30): Scroll to object 'Object Repository/Общие объекты/Раскрыть список Россети Сибирь' successfully

16-10-2024T08:55:45 - [MESSAGE][PASSED] - Scroll to object 'Object Repository/Общие объекты/Раскрыть список Россети Сибирь' successfully

16-10-2024T08:55:45 - [TEST_STEP][PASSED] - click(findTestObject("Выполнение бизнес-плана/Россети Сибирь")): Object: 'Object Repository/Выполнение бизнес-плана/Россети Сибирь' is clicked on

16-10-2024T08:55:45 - [MESSAGE][PASSED] - Object: 'Object Repository/Выполнение бизнес-плана/Россети Сибирь' is clicked on

16-10-2024T08:55:45 - [TEST_STEP][PASSED] - if (a == 54): null

16-10-2024T08:55:45 - [TEST_STEP][PASSED] - if (a == 1): null

16-10-2024T08:55:45 - [TEST_STEP][PASSED] - if (a == 18): null

16-10-2024T08:55:45 - [TEST_STEP][PASSED] - if (a == 59): null

16-10-2024T08:55:45 - [TEST_STEP][PASSED] - Script1718980020443.CloseFilter(): null

16-10-2024T08:55:45 - [TEST_STEP][PASSED] - scrollToElement(findTestObject("Выполнение бизнес-плана/Заголовок дашборда"), 30): Scroll to object 'Object Repository/Выполнение бизнес-плана/Заголовок дашборда' successfully

16-10-2024T08:55:46 - [MESSAGE][PASSED] - Scroll to object 'Object Repository/Выполнение бизнес-плана/Заголовок дашборда' successfully

16-10-2024T08:55:46 - [TEST_STEP][PASSED] - click(findTestObject("Object Repository/Выполнение бизнес-плана/Применить в фильтре ДЗО")): Object: 'Object Repository/Выполнение бизнес-плана/Применить в фильтре ДЗО' is clicked on

16-10-2024T08:55:46 - [MESSAGE][PASSED] - Object: 'Object Repository/Выполнение бизнес-плана/Применить в фильтре ДЗО' is clicked on

16-10-2024T08:55:46 - [TEST_STEP][PASSED] - Script1718980020443.ZakrytOpoveshenie(): null

16-10-2024T08:55:46 - [TEST_STEP][PASSED] - opoveshenie = getText(findTestObject("Выполнение бизнес-плана/Просьба обратить внимание")): Text of object 'Object Repository/Выполнение бизнес-плана/Просьба обратить внимание' is: ''

16-10-2024T08:56:16 - [MESSAGE][PASSED] - Text of object 'Object Repository/Выполнение бизнес-плана/Просьба обратить внимание' is: ''

16-10-2024T08:56:16 - [TEST_STEP][PASSED] - println(opoveshenie): null

16-10-2024T08:56:16 - [TEST_STEP][PASSED] - if (opoveshenie == "Просьба обратить внимание"): null

16-10-2024T08:56:16 - [TEST_STEP][PASSED] - delay(20): Delayed 20 second(s)

16-10-2024T08:56:36 - [MESSAGE][PASSED] - Delayed 20 second(s)

16-10-2024T08:56:36 - [TEST_STEP][PASSED] - page = getText(findTestObject("Object Repository/Выполнение бизнес-плана/Filials")): Text of object 'Object Repository/Выполнение бизнес-плана/Filials' is: 'Россети Сибирь
0
10
20
30
40
50
60
70'

16-10-2024T08:56:37 - [MESSAGE][PASSED] - Text of object 'Object Repository/Выполнение бизнес-плана/Filials' is: 'Россети Сибирь
0
10
20
30
40
50
60
70'

16-10-2024T08:56:37 - [TEST_STEP][PASSED] - println(page): null

16-10-2024T08:56:37 - [TEST_STEP][PASSED] - c = page.indexOf(reducedDZO): null

16-10-2024T08:56:37 - [TEST_STEP][PASSED] - println("c indexOf(reducedDZO): " + c): null

16-10-2024T08:56:37 - [TEST_STEP][PASSED] - delay(5): Delayed 5 second(s)

16-10-2024T08:56:42 - [MESSAGE][PASSED] - Delayed 5 second(s)

16-10-2024T08:56:42 - [TEST_STEP][PASSED] - Script1718980020443.OpenFilter(): null

16-10-2024T08:56:42 - [TEST_STEP][PASSED] - click(findTestObject("Object Repository/Выполнение бизнес-плана/Фильтр ДЗО")): Object: 'Object Repository/Выполнение бизнес-плана/Фильтр ДЗО' is clicked on

16-10-2024T08:56:42 - [MESSAGE][PASSED] - Object: 'Object Repository/Выполнение бизнес-плана/Фильтр ДЗО' is clicked on

16-10-2024T08:56:42 - [TEST_STEP][PASSED] - click(findTestObject("Выполнение бизнес-плана/Снять выделение в фильтре ДЗО")): null

16-10-2024T08:56:43 - [MESSAGE][PASSED] - Object: 'Object Repository/Выполнение бизнес-плана/Снять выделение в фильтре ДЗО' is clicked on

16-10-2024T08:56:43 - [TEST_STEP][PASSED] - Script1718980020443.CloseFilter(): null

16-10-2024T08:56:43 - [TEST_STEP][PASSED] - scrollToElement(findTestObject("Выполнение бизнес-плана/Заголовок дашборда"), 30): Scroll to object 'Object Repository/Выполнение бизнес-плана/Заголовок дашборда' successfully

16-10-2024T08:56:43 - [MESSAGE][PASSED] - Scroll to object 'Object Repository/Выполнение бизнес-плана/Заголовок дашборда' successfully

16-10-2024T08:56:43 - [TEST_STEP][PASSED] - click(findTestObject("Object Repository/Выполнение бизнес-плана/Применить в фильтре ДЗО")): null

16-10-2024T08:56:44 - [MESSAGE][PASSED] - Object: 'Object Repository/Выполнение бизнес-плана/Применить в фильтре ДЗО' is clicked on

16-10-2024T08:56:44 - [TEST_STEP][PASSED] - Script1718980020443.DZO(a): null

16-10-2024T08:56:44 - [TEST_STEP][PASSED] - Script1718980020443.OpenFilter(): null

16-10-2024T08:56:44 - [TEST_STEP][PASSED] - click(findTestObject("Object Repository/Выполнение бизнес-плана/Фильтр ДЗО")): Object: 'Object Repository/Выполнение бизнес-плана/Фильтр ДЗО' is clicked on

16-10-2024T08:57:14 - [MESSAGE][PASSED] - Object: 'Object Repository/Выполнение бизнес-плана/Фильтр ДЗО' is clicked on

16-10-2024T08:57:14 - [TEST_STEP][PASSED] - click(findTestObject("Выполнение бизнес-плана/Снять выделение в фильтре ДЗО")): Object: 'Object Repository/Выполнение бизнес-плана/Снять выделение в фильтре ДЗО' is clicked on

16-10-2024T08:57:15 - [MESSAGE][PASSED] - Object: 'Object Repository/Выполнение бизнес-плана/Снять выделение в фильтре ДЗО' is clicked on

16-10-2024T08:57:15 - [TEST_STEP][PASSED] - Script1718980020443.OpenRSK(): null

16-10-2024T08:57:15 - [TEST_STEP][PASSED] - click(findTestObject("Выполнение бизнес-плана/Раскрыть список ПАО Россети в фильтре ДЗО")): Object: 'Object Repository/Выполнение бизнес-плана/Раскрыть список ПАО Россети в фильтре ДЗО' is clicked on

16-10-2024T08:57:15 - [MESSAGE][PASSED] - Object: 'Object Repository/Выполнение бизнес-плана/Раскрыть список ПАО Россети в фильтре ДЗО' is clicked on

16-10-2024T08:57:15 - [TEST_STEP][PASSED] - click(findTestObject("Выполнение бизнес-плана/Раскрыть список РаспредКомплекс в фильтре ДЗО")): Object: 'Object Repository/Выполнение бизнес-плана/Раскрыть список РаспредКомплекс в фильтре ДЗО' is clicked on

16-10-2024T08:57:15 - [MESSAGE][PASSED] - Object: 'Object Repository/Выполнение бизнес-плана/Раскрыть список РаспредКомплекс в фильтре ДЗО' is clicked on

16-10-2024T08:57:15 - [TEST_STEP][PASSED] - if (a == 28): null

16-10-2024T08:57:15 - [TEST_STEP][PASSED] - if (a == 77): null

16-10-2024T08:57:15 - [TEST_STEP][PASSED] - if (a == 74): null

16-10-2024T08:57:15 - [TEST_STEP][PASSED] - if (a == 65): null

16-10-2024T08:57:15 - [TEST_STEP][PASSED] - if (a == 36): null

16-10-2024T08:57:15 - [TEST_STEP][PASSED] - if (a == 44): Object: 'Object Repository/Выполнение бизнес-плана/Россети Сибирь' is clicked on

16-10-2024T08:57:15 - [TEST_STEP][PASSED] - scrollToElement(findTestObject("Общие объекты/Раскрыть список Россети Сибирь"), 30): Scroll to object 'Object Repository/Общие объекты/Раскрыть список Россети Сибирь' successfully

16-10-2024T08:57:16 - [MESSAGE][PASSED] - Scroll to object 'Object Repository/Общие объекты/Раскрыть список Россети Сибирь' successfully

16-10-2024T08:57:16 - [TEST_STEP][PASSED] - click(findTestObject("Выполнение бизнес-плана/Россети Сибирь")): Object: 'Object Repository/Выполнение бизнес-плана/Россети Сибирь' is clicked on

16-10-2024T08:57:16 - [MESSAGE][PASSED] - Object: 'Object Repository/Выполнение бизнес-плана/Россети Сибирь' is clicked on

16-10-2024T08:57:16 - [TEST_STEP][PASSED] - if (a == 54): null

16-10-2024T08:57:16 - [TEST_STEP][PASSED] - if (a == 1): null

16-10-2024T08:57:16 - [TEST_STEP][PASSED] - if (a == 18): null

16-10-2024T08:57:16 - [TEST_STEP][PASSED] - if (a == 59): null

16-10-2024T08:57:16 - [TEST_STEP][PASSED] - Script1718980020443.CloseFilter(): null

16-10-2024T08:57:16 - [TEST_STEP][PASSED] - scrollToElement(findTestObject("Выполнение бизнес-плана/Заголовок дашборда"), 30): Scroll to object 'Object Repository/Выполнение бизнес-плана/Заголовок дашборда' successfully

16-10-2024T08:57:17 - [MESSAGE][PASSED] - Scroll to object 'Object Repository/Выполнение бизнес-плана/Заголовок дашборда' successfully

16-10-2024T08:57:17 - [TEST_STEP][PASSED] - click(findTestObject("Object Repository/Выполнение бизнес-плана/Применить в фильтре ДЗО")): Object: 'Object Repository/Выполнение бизнес-плана/Применить в фильтре ДЗО' is clicked on

16-10-2024T08:57:17 - [MESSAGE][PASSED] - Object: 'Object Repository/Выполнение бизнес-плана/Применить в фильтре ДЗО' is clicked on

16-10-2024T08:57:17 - [TEST_STEP][PASSED] - Script1718980020443.ZakrytOpoveshenie(): null

16-10-2024T08:57:17 - [TEST_STEP][PASSED] - opoveshenie = getText(findTestObject("Выполнение бизнес-плана/Просьба обратить внимание")): Text of object 'Object Repository/Выполнение бизнес-плана/Просьба обратить внимание' is: ''

16-10-2024T08:57:47 - [MESSAGE][PASSED] - Text of object 'Object Repository/Выполнение бизнес-плана/Просьба обратить внимание' is: ''

16-10-2024T08:57:47 - [TEST_STEP][PASSED] - println(opoveshenie): null

16-10-2024T08:57:47 - [TEST_STEP][PASSED] - if (opoveshenie == "Просьба обратить внимание"): null

16-10-2024T08:57:47 - [TEST_STEP][PASSED] - delay(20): Delayed 20 second(s)

16-10-2024T08:58:07 - [MESSAGE][PASSED] - Delayed 20 second(s)

16-10-2024T08:58:07 - [TEST_STEP][PASSED] - page = getText(findTestObject("Object Repository/Выполнение бизнес-плана/Filials")): Text of object 'Object Repository/Выполнение бизнес-плана/Filials' is: 'Россети Сибирь
0
10
20
30
40
50
60
70'

16-10-2024T08:58:08 - [MESSAGE][PASSED] - Text of object 'Object Repository/Выполнение бизнес-плана/Filials' is: 'Россети Сибирь
0
10
20
30
40
50
60
70'

16-10-2024T08:58:08 - [TEST_STEP][PASSED] - println(page): null

16-10-2024T08:58:08 - [TEST_STEP][PASSED] - c = page.indexOf(reducedDZO): null

16-10-2024T08:58:08 - [TEST_STEP][PASSED] - println("c indexOf(reducedDZO): " + c): null

16-10-2024T08:58:08 - [TEST_STEP][PASSED] - delay(5): Delayed 5 second(s)

16-10-2024T08:58:13 - [MESSAGE][PASSED] - Delayed 5 second(s)

16-10-2024T08:58:13 - [TEST_STEP][PASSED] - Script1718980020443.OpenFilter(): null

16-10-2024T08:58:13 - [TEST_STEP][PASSED] - click(findTestObject("Object Repository/Выполнение бизнес-плана/Фильтр ДЗО")): Object: 'Object Repository/Выполнение бизнес-плана/Фильтр ДЗО' is clicked on

16-10-2024T08:58:13 - [MESSAGE][PASSED] - Object: 'Object Repository/Выполнение бизнес-плана/Фильтр ДЗО' is clicked on

16-10-2024T08:58:13 - [TEST_STEP][PASSED] - click(findTestObject("Выполнение бизнес-плана/Снять выделение в фильтре ДЗО")): null

16-10-2024T08:58:14 - [MESSAGE][PASSED] - Object: 'Object Repository/Выполнение бизнес-плана/Снять выделение в фильтре ДЗО' is clicked on

16-10-2024T08:58:14 - [TEST_STEP][PASSED] - Script1718980020443.CloseFilter(): null

16-10-2024T08:58:14 - [TEST_STEP][PASSED] - scrollToElement(findTestObject("Выполнение бизнес-плана/Заголовок дашборда"), 30): Scroll to object 'Object Repository/Выполнение бизнес-плана/Заголовок дашборда' successfully

16-10-2024T08:58:14 - [MESSAGE][PASSED] - Scroll to object 'Object Repository/Выполнение бизнес-плана/Заголовок дашборда' successfully

16-10-2024T08:58:14 - [TEST_STEP][PASSED] - click(findTestObject("Object Repository/Выполнение бизнес-плана/Применить в фильтре ДЗО")): null

16-10-2024T08:58:15 - [MESSAGE][PASSED] - Object: 'Object Repository/Выполнение бизнес-плана/Применить в фильтре ДЗО' is clicked on

16-10-2024T08:58:15 - [TEST_STEP][PASSED] - Script1718980020443.DZO(a): null

16-10-2024T08:58:15 - [TEST_STEP][PASSED] - Script1718980020443.OpenFilter(): null

16-10-2024T08:58:15 - [TEST_STEP][PASSED] - click(findTestObject("Object Repository/Выполнение бизнес-плана/Фильтр ДЗО")): Object: 'Object Repository/Выполнение бизнес-плана/Фильтр ДЗО' is clicked on

16-10-2024T08:58:45 - [MESSAGE][PASSED] - Object: 'Object Repository/Выполнение бизнес-плана/Фильтр ДЗО' is clicked on

16-10-2024T08:58:45 - [TEST_STEP][PASSED] - click(findTestObject("Выполнение бизнес-плана/Снять выделение в фильтре ДЗО")): Object: 'Object Repository/Выполнение бизнес-плана/Снять выделение в фильтре ДЗО' is clicked on

16-10-2024T08:58:52 - [MESSAGE][PASSED] - Object: 'Object Repository/Выполнение бизнес-плана/Снять выделение в фильтре ДЗО' is clicked on

16-10-2024T08:58:52 - [TEST_STEP][PASSED] - Script1718980020443.OpenRSK(): null

16-10-2024T08:58:52 - [TEST_STEP][PASSED] - click(findTestObject("Выполнение бизнес-плана/Раскрыть список ПАО Россети в фильтре ДЗО")): Object: 'Object Repository/Выполнение бизнес-плана/Раскрыть список ПАО Россети в фильтре ДЗО' is clicked on

16-10-2024T08:58:52 - [MESSAGE][PASSED] - Object: 'Object Repository/Выполнение бизнес-плана/Раскрыть список ПАО Россети в фильтре ДЗО' is clicked on

16-10-2024T08:58:52 - [TEST_STEP][PASSED] - click(findTestObject("Выполнение бизнес-плана/Раскрыть список РаспредКомплекс в фильтре ДЗО")): Object: 'Object Repository/Выполнение бизнес-плана/Раскрыть список РаспредКомплекс в фильтре ДЗО' is clicked on

16-10-2024T08:58:53 - [MESSAGE][PASSED] - Object: 'Object Repository/Выполнение бизнес-плана/Раскрыть список РаспредКомплекс в фильтре ДЗО' is clicked on

16-10-2024T08:58:53 - [TEST_STEP][PASSED] - if (a == 28): null

16-10-2024T08:58:53 - [TEST_STEP][PASSED] - if (a == 77): null

16-10-2024T08:58:53 - [TEST_STEP][PASSED] - if (a == 74): null

16-10-2024T08:58:53 - [TEST_STEP][PASSED] - if (a == 65): null

16-10-2024T08:58:53 - [TEST_STEP][PASSED] - if (a == 36): null

16-10-2024T08:58:53 - [TEST_STEP][PASSED] - if (a == 44): Object: 'Object Repository/Выполнение бизнес-плана/Россети Сибирь' is clicked on

16-10-2024T08:58:53 - [TEST_STEP][PASSED] - scrollToElement(findTestObject("Общие объекты/Раскрыть список Россети Сибирь"), 30): Scroll to object 'Object Repository/Общие объекты/Раскрыть список Россети Сибирь' successfully

16-10-2024T08:58:53 - [MESSAGE][PASSED] - Scroll to object 'Object Repository/Общие объекты/Раскрыть список Россети Сибирь' successfully

16-10-2024T08:58:53 - [TEST_STEP][PASSED] - click(findTestObject("Выполнение бизнес-плана/Россети Сибирь")): Object: 'Object Repository/Выполнение бизнес-плана/Россети Сибирь' is clicked on

16-10-2024T08:58:53 - [MESSAGE][PASSED] - Object: 'Object Repository/Выполнение бизнес-плана/Россети Сибирь' is clicked on

16-10-2024T08:58:53 - [TEST_STEP][PASSED] - if (a == 54): null

16-10-2024T08:58:53 - [TEST_STEP][PASSED] - if (a == 1): null

16-10-2024T08:58:53 - [TEST_STEP][PASSED] - if (a == 18): null

16-10-2024T08:58:53 - [TEST_STEP][PASSED] - if (a == 59): null

16-10-2024T08:58:53 - [TEST_STEP][PASSED] - Script1718980020443.CloseFilter(): null

16-10-2024T08:58:53 - [TEST_STEP][PASSED] - scrollToElement(findTestObject("Выполнение бизнес-плана/Заголовок дашборда"), 30): Scroll to object 'Object Repository/Выполнение бизнес-плана/Заголовок дашборда' successfully

16-10-2024T08:58:54 - [MESSAGE][PASSED] - Scroll to object 'Object Repository/Выполнение бизнес-плана/Заголовок дашборда' successfully

16-10-2024T08:58:54 - [TEST_STEP][PASSED] - click(findTestObject("Object Repository/Выполнение бизнес-плана/Применить в фильтре ДЗО")): Object: 'Object Repository/Выполнение бизнес-плана/Применить в фильтре ДЗО' is clicked on

16-10-2024T08:58:55 - [MESSAGE][PASSED] - Object: 'Object Repository/Выполнение бизнес-плана/Применить в фильтре ДЗО' is clicked on

16-10-2024T08:58:55 - [TEST_STEP][PASSED] - Script1718980020443.ZakrytOpoveshenie(): null

16-10-2024T08:58:55 - [TEST_STEP][PASSED] - opoveshenie = getText(findTestObject("Выполнение бизнес-плана/Просьба обратить внимание")): Text of object 'Object Repository/Выполнение бизнес-плана/Просьба обратить внимание' is: ''

16-10-2024T08:59:25 - [MESSAGE][PASSED] - Text of object 'Object Repository/Выполнение бизнес-плана/Просьба обратить внимание' is: ''

16-10-2024T08:59:25 - [TEST_STEP][PASSED] - println(opoveshenie): null

16-10-2024T08:59:25 - [TEST_STEP][PASSED] - if (opoveshenie == "Просьба обратить внимание"): null

16-10-2024T08:59:25 - [TEST_STEP][PASSED] - delay(20): Delayed 20 second(s)

16-10-2024T08:59:45 - [MESSAGE][PASSED] - Delayed 20 second(s)

16-10-2024T08:59:45 - [TEST_STEP][PASSED] - page = getText(findTestObject("Object Repository/Выполнение бизнес-плана/Filials")): Text of object 'Object Repository/Выполнение бизнес-плана/Filials' is: 'Россети Сибирь
0
10
20
30
40
50
60
70'

16-10-2024T08:59:45 - [MESSAGE][PASSED] - Text of object 'Object Repository/Выполнение бизнес-плана/Filials' is: 'Россети Сибирь
0
10
20
30
40
50
60
70'

16-10-2024T08:59:45 - [TEST_STEP][PASSED] - println(page): null

16-10-2024T08:59:45 - [TEST_STEP][PASSED] - c = page.indexOf(reducedDZO): null

16-10-2024T08:59:45 - [TEST_STEP][PASSED] - println("c indexOf(reducedDZO): " + c): null

16-10-2024T08:59:45 - [TEST_STEP][PASSED] - delay(5): Delayed 5 second(s)

16-10-2024T08:59:50 - [MESSAGE][PASSED] - Delayed 5 second(s)

16-10-2024T08:59:50 - [TEST_STEP][PASSED] - Script1718980020443.OpenFilter(): null

16-10-2024T08:59:50 - [TEST_STEP][PASSED] - click(findTestObject("Object Repository/Выполнение бизнес-плана/Фильтр ДЗО")): Object: 'Object Repository/Выполнение бизнес-плана/Фильтр ДЗО' is clicked on

16-10-2024T08:59:51 - [MESSAGE][PASSED] - Object: 'Object Repository/Выполнение бизнес-плана/Фильтр ДЗО' is clicked on

16-10-2024T08:59:51 - [TEST_STEP][PASSED] - click(findTestObject("Выполнение бизнес-плана/Снять выделение в фильтре ДЗО")): null

16-10-2024T08:59:51 - [MESSAGE][PASSED] - Object: 'Object Repository/Выполнение бизнес-плана/Снять выделение в фильтре ДЗО' is clicked on

16-10-2024T08:59:51 - [TEST_STEP][PASSED] - Script1718980020443.CloseFilter(): null

16-10-2024T08:59:51 - [TEST_STEP][PASSED] - scrollToElement(findTestObject("Выполнение бизнес-плана/Заголовок дашборда"), 30): Scroll to object 'Object Repository/Выполнение бизнес-плана/Заголовок дашборда' successfully

16-10-2024T08:59:52 - [MESSAGE][PASSED] - Scroll to object 'Object Repository/Выполнение бизнес-плана/Заголовок дашборда' successfully

16-10-2024T08:59:52 - [TEST_STEP][PASSED] - click(findTestObject("Object Repository/Выполнение бизнес-плана/Применить в фильтре ДЗО")): null

16-10-2024T08:59:52 - [MESSAGE][PASSED] - Object: 'Object Repository/Выполнение бизнес-плана/Применить в фильтре ДЗО' is clicked on

16-10-2024T08:59:52 - [TEST_STEP][PASSED] - Script1718980020443.DZO(a): null

16-10-2024T08:59:52 - [TEST_STEP][PASSED] - Script1718980020443.OpenFilter(): null

16-10-2024T08:59:52 - [TEST_STEP][PASSED] - click(findTestObject("Object Repository/Выполнение бизнес-плана/Фильтр ДЗО")): Object: 'Object Repository/Выполнение бизнес-плана/Фильтр ДЗО' is clicked on

16-10-2024T09:00:19 - [MESSAGE][PASSED] - Object: 'Object Repository/Выполнение бизнес-плана/Фильтр ДЗО' is clicked on

16-10-2024T09:00:19 - [TEST_STEP][PASSED] - click(findTestObject("Выполнение бизнес-плана/Снять выделение в фильтре ДЗО")): Object: 'Object Repository/Выполнение бизнес-плана/Снять выделение в фильтре ДЗО' is clicked on

16-10-2024T09:00:20 - [MESSAGE][PASSED] - Object: 'Object Repository/Выполнение бизнес-плана/Снять выделение в фильтре ДЗО' is clicked on

16-10-2024T09:00:20 - [TEST_STEP][PASSED] - Script1718980020443.OpenRSK(): null

16-10-2024T09:00:20 - [TEST_STEP][PASSED] - click(findTestObject("Выполнение бизнес-плана/Раскрыть список ПАО Россети в фильтре ДЗО")): Object: 'Object Repository/Выполнение бизнес-плана/Раскрыть список ПАО Россети в фильтре ДЗО' is clicked on

16-10-2024T09:00:20 - [MESSAGE][PASSED] - Object: 'Object Repository/Выполнение бизнес-плана/Раскрыть список ПАО Россети в фильтре ДЗО' is clicked on

16-10-2024T09:00:20 - [TEST_STEP][PASSED] - click(findTestObject("Выполнение бизнес-плана/Раскрыть список РаспредКомплекс в фильтре ДЗО")): Object: 'Object Repository/Выполнение бизнес-плана/Раскрыть список РаспредКомплекс в фильтре ДЗО' is clicked on

16-10-2024T09:00:21 - [MESSAGE][PASSED] - Object: 'Object Repository/Выполнение бизнес-плана/Раскрыть список РаспредКомплекс в фильтре ДЗО' is clicked on

16-10-2024T09:00:21 - [TEST_STEP][PASSED] - if (a == 28): null

16-10-2024T09:00:21 - [TEST_STEP][PASSED] - if (a == 77): null

16-10-2024T09:00:21 - [TEST_STEP][PASSED] - if (a == 74): null

16-10-2024T09:00:21 - [TEST_STEP][PASSED] - if (a == 65): null

16-10-2024T09:00:21 - [TEST_STEP][PASSED] - if (a == 36): null

16-10-2024T09:00:21 - [TEST_STEP][PASSED] - if (a == 44): Object: 'Object Repository/Выполнение бизнес-плана/Россети Сибирь' is clicked on

16-10-2024T09:00:21 - [TEST_STEP][PASSED] - scrollToElement(findTestObject("Общие объекты/Раскрыть список Россети Сибирь"), 30): Scroll to object 'Object Repository/Общие объекты/Раскрыть список Россети Сибирь' successfully

16-10-2024T09:00:21 - [MESSAGE][PASSED] - Scroll to object 'Object Repository/Общие объекты/Раскрыть список Россети Сибирь' successfully

16-10-2024T09:00:21 - [TEST_STEP][PASSED] - click(findTestObject("Выполнение бизнес-плана/Россети Сибирь")): Object: 'Object Repository/Выполнение бизнес-плана/Россети Сибирь' is clicked on

16-10-2024T09:00:22 - [MESSAGE][PASSED] - Object: 'Object Repository/Выполнение бизнес-плана/Россети Сибирь' is clicked on

16-10-2024T09:00:22 - [TEST_STEP][PASSED] - if (a == 54): null

16-10-2024T09:00:22 - [TEST_STEP][PASSED] - if (a == 1): null

16-10-2024T09:00:22 - [TEST_STEP][PASSED] - if (a == 18): null

16-10-2024T09:00:22 - [TEST_STEP][PASSED] - if (a == 59): null

16-10-2024T09:00:22 - [TEST_STEP][PASSED] - Script1718980020443.CloseFilter(): null

16-10-2024T09:00:22 - [TEST_STEP][PASSED] - scrollToElement(findTestObject("Выполнение бизнес-плана/Заголовок дашборда"), 30): Scroll to object 'Object Repository/Выполнение бизнес-плана/Заголовок дашборда' successfully

16-10-2024T09:00:23 - [MESSAGE][PASSED] - Scroll to object 'Object Repository/Выполнение бизнес-плана/Заголовок дашборда' successfully

16-10-2024T09:00:23 - [TEST_STEP][PASSED] - click(findTestObject("Object Repository/Выполнение бизнес-плана/Применить в фильтре ДЗО")): Object: 'Object Repository/Выполнение бизнес-плана/Применить в фильтре ДЗО' is clicked on

16-10-2024T09:00:24 - [MESSAGE][PASSED] - Object: 'Object Repository/Выполнение бизнес-плана/Применить в фильтре ДЗО' is clicked on

16-10-2024T09:00:24 - [TEST_STEP][PASSED] - Script1718980020443.ZakrytOpoveshenie(): null

16-10-2024T09:00:24 - [TEST_STEP][PASSED] - opoveshenie = getText(findTestObject("Выполнение бизнес-плана/Просьба обратить внимание")): Text of object 'Object Repository/Выполнение бизнес-плана/Просьба обратить внимание' is: ''

16-10-2024T09:00:54 - [MESSAGE][PASSED] - Text of object 'Object Repository/Выполнение бизнес-плана/Просьба обратить внимание' is: ''

16-10-2024T09:00:54 - [TEST_STEP][PASSED] - println(opoveshenie): null

16-10-2024T09:00:54 - [TEST_STEP][PASSED] - if (opoveshenie == "Просьба обратить внимание"): null

16-10-2024T09:00:54 - [TEST_STEP][PASSED] - delay(20): Delayed 20 second(s)

16-10-2024T09:01:14 - [MESSAGE][PASSED] - Delayed 20 second(s)

16-10-2024T09:01:14 - [TEST_STEP][PASSED] - page = getText(findTestObject("Object Repository/Выполнение бизнес-плана/Filials")): Text of object 'Object Repository/Выполнение бизнес-плана/Filials' is: 'Россети Сибирь
0
10
20
30
40
50
60
70'

16-10-2024T09:01:14 - [MESSAGE][PASSED] - Text of object 'Object Repository/Выполнение бизнес-плана/Filials' is: 'Россети Сибирь
0
10
20
30
40
50
60
70'

16-10-2024T09:01:14 - [TEST_STEP][PASSED] - println(page): null

16-10-2024T09:01:14 - [TEST_STEP][PASSED] - c = page.indexOf(reducedDZO): null

16-10-2024T09:01:14 - [TEST_STEP][PASSED] - println("c indexOf(reducedDZO): " + c): null

16-10-2024T09:01:14 - [TEST_STEP][PASSED] - delay(5): Delayed 5 second(s)

16-10-2024T09:01:19 - [MESSAGE][PASSED] - Delayed 5 second(s)

16-10-2024T09:01:19 - [TEST_STEP][PASSED] - Script1718980020443.OpenFilter(): null

16-10-2024T09:01:19 - [TEST_STEP][PASSED] - click(findTestObject("Object Repository/Выполнение бизнес-плана/Фильтр ДЗО")): Object: 'Object Repository/Выполнение бизнес-плана/Фильтр ДЗО' is clicked on

16-10-2024T09:01:20 - [MESSAGE][PASSED] - Object: 'Object Repository/Выполнение бизнес-плана/Фильтр ДЗО' is clicked on

16-10-2024T09:01:20 - [TEST_STEP][PASSED] - click(findTestObject("Выполнение бизнес-плана/Снять выделение в фильтре ДЗО")): null

16-10-2024T09:01:20 - [MESSAGE][PASSED] - Object: 'Object Repository/Выполнение бизнес-плана/Снять выделение в фильтре ДЗО' is clicked on

16-10-2024T09:01:20 - [TEST_STEP][PASSED] - Script1718980020443.CloseFilter(): null

16-10-2024T09:01:20 - [TEST_STEP][PASSED] - scrollToElement(findTestObject("Выполнение бизнес-плана/Заголовок дашборда"), 30): Scroll to object 'Object Repository/Выполнение бизнес-плана/Заголовок дашборда' successfully

16-10-2024T09:01:20 - [MESSAGE][PASSED] - Scroll to object 'Object Repository/Выполнение бизнес-плана/Заголовок дашборда' successfully

16-10-2024T09:01:20 - [TEST_STEP][PASSED] - click(findTestObject("Object Repository/Выполнение бизнес-плана/Применить в фильтре ДЗО")): null

16-10-2024T09:01:21 - [MESSAGE][PASSED] - Object: 'Object Repository/Выполнение бизнес-плана/Применить в фильтре ДЗО' is clicked on

16-10-2024T09:01:21 - [TEST_STEP][PASSED] - Script1718980020443.DZO(a): null

16-10-2024T09:01:21 - [TEST_STEP][PASSED] - Script1718980020443.OpenFilter(): null

16-10-2024T09:01:21 - [TEST_STEP][PASSED] - click(findTestObject("Object Repository/Выполнение бизнес-плана/Фильтр ДЗО")): Object: 'Object Repository/Выполнение бизнес-плана/Фильтр ДЗО' is clicked on

16-10-2024T09:01:51 - [MESSAGE][PASSED] - Object: 'Object Repository/Выполнение бизнес-плана/Фильтр ДЗО' is clicked on

16-10-2024T09:01:51 - [TEST_STEP][PASSED] - click(findTestObject("Выполнение бизнес-плана/Снять выделение в фильтре ДЗО")): Object: 'Object Repository/Выполнение бизнес-плана/Снять выделение в фильтре ДЗО' is clicked on

16-10-2024T09:02:06 - [MESSAGE][PASSED] - Object: 'Object Repository/Выполнение бизнес-плана/Снять выделение в фильтре ДЗО' is clicked on

16-10-2024T09:02:06 - [TEST_STEP][PASSED] - Script1718980020443.OpenRSK(): null

16-10-2024T09:02:06 - [TEST_STEP][PASSED] - click(findTestObject("Выполнение бизнес-плана/Раскрыть список ПАО Россети в фильтре ДЗО")): Object: 'Object Repository/Выполнение бизнес-плана/Раскрыть список ПАО Россети в фильтре ДЗО' is clicked on

16-10-2024T09:02:06 - [MESSAGE][PASSED] - Object: 'Object Repository/Выполнение бизнес-плана/Раскрыть список ПАО Россети в фильтре ДЗО' is clicked on

16-10-2024T09:02:06 - [TEST_STEP][PASSED] - click(findTestObject("Выполнение бизнес-плана/Раскрыть список РаспредКомплекс в фильтре ДЗО")): Object: 'Object Repository/Выполнение бизнес-плана/Раскрыть список РаспредКомплекс в фильтре ДЗО' is clicked on

16-10-2024T09:02:07 - [MESSAGE][PASSED] - Object: 'Object Repository/Выполнение бизнес-плана/Раскрыть список РаспредКомплекс в фильтре ДЗО' is clicked on

16-10-2024T09:02:07 - [TEST_STEP][PASSED] - if (a == 28): null

16-10-2024T09:02:07 - [TEST_STEP][PASSED] - if (a == 77): null

16-10-2024T09:02:07 - [TEST_STEP][PASSED] - if (a == 74): null

16-10-2024T09:02:07 - [TEST_STEP][PASSED] - if (a == 65): null

16-10-2024T09:02:07 - [TEST_STEP][PASSED] - if (a == 36): null

16-10-2024T09:02:07 - [TEST_STEP][PASSED] - if (a == 44): Object: 'Object Repository/Выполнение бизнес-плана/Россети Сибирь' is clicked on

16-10-2024T09:02:07 - [TEST_STEP][PASSED] - scrollToElement(findTestObject("Общие объекты/Раскрыть список Россети Сибирь"), 30): Scroll to object 'Object Repository/Общие объекты/Раскрыть список Россети Сибирь' successfully

16-10-2024T09:02:07 - [MESSAGE][PASSED] - Scroll to object 'Object Repository/Общие объекты/Раскрыть список Россети Сибирь' successfully

16-10-2024T09:02:07 - [TEST_STEP][PASSED] - click(findTestObject("Выполнение бизнес-плана/Россети Сибирь")): Object: 'Object Repository/Выполнение бизнес-плана/Россети Сибирь' is clicked on

16-10-2024T09:02:07 - [MESSAGE][PASSED] - Object: 'Object Repository/Выполнение бизнес-плана/Россети Сибирь' is clicked on

16-10-2024T09:02:07 - [TEST_STEP][PASSED] - if (a == 54): null

16-10-2024T09:02:07 - [TEST_STEP][PASSED] - if (a == 1): null

16-10-2024T09:02:07 - [TEST_STEP][PASSED] - if (a == 18): null

16-10-2024T09:02:07 - [TEST_STEP][PASSED] - if (a == 59): null

16-10-2024T09:02:07 - [TEST_STEP][PASSED] - Script1718980020443.CloseFilter(): null

16-10-2024T09:02:07 - [TEST_STEP][PASSED] - scrollToElement(findTestObject("Выполнение бизнес-плана/Заголовок дашборда"), 30): Scroll to object 'Object Repository/Выполнение бизнес-плана/Заголовок дашборда' successfully

16-10-2024T09:02:08 - [MESSAGE][PASSED] - Scroll to object 'Object Repository/Выполнение бизнес-плана/Заголовок дашборда' successfully

16-10-2024T09:02:08 - [TEST_STEP][PASSED] - click(findTestObject("Object Repository/Выполнение бизнес-плана/Применить в фильтре ДЗО")): Object: 'Object Repository/Выполнение бизнес-плана/Применить в фильтре ДЗО' is clicked on

16-10-2024T09:02:09 - [MESSAGE][PASSED] - Object: 'Object Repository/Выполнение бизнес-плана/Применить в фильтре ДЗО' is clicked on

16-10-2024T09:02:09 - [TEST_STEP][PASSED] - Script1718980020443.ZakrytOpoveshenie(): null

16-10-2024T09:02:09 - [TEST_STEP][PASSED] - opoveshenie = getText(findTestObject("Выполнение бизнес-плана/Просьба обратить внимание")): Text of object 'Object Repository/Выполнение бизнес-плана/Просьба обратить внимание' is: ''

16-10-2024T09:02:39 - [MESSAGE][PASSED] - Text of object 'Object Repository/Выполнение бизнес-плана/Просьба обратить внимание' is: ''

16-10-2024T09:02:39 - [TEST_STEP][PASSED] - println(opoveshenie): null

16-10-2024T09:02:39 - [TEST_STEP][PASSED] - if (opoveshenie == "Просьба обратить внимание"): null

16-10-2024T09:02:39 - [TEST_STEP][PASSED] - delay(20): Delayed 20 second(s)

16-10-2024T09:02:59 - [MESSAGE][PASSED] - Delayed 20 second(s)

16-10-2024T09:02:59 - [TEST_STEP][PASSED] - page = getText(findTestObject("Object Repository/Выполнение бизнес-плана/Filials")): Text of object 'Object Repository/Выполнение бизнес-плана/Filials' is: 'Россети Сибирь
0
10
20
30
40
50
60
70'

16-10-2024T09:02:59 - [MESSAGE][PASSED] - Text of object 'Object Repository/Выполнение бизнес-плана/Filials' is: 'Россети Сибирь
0
10
20
30
40
50
60
70'

16-10-2024T09:02:59 - [TEST_STEP][PASSED] - println(page): null

16-10-2024T09:02:59 - [TEST_STEP][PASSED] - c = page.indexOf(reducedDZO): null

16-10-2024T09:02:59 - [TEST_STEP][PASSED] - println("c indexOf(reducedDZO): " + c): null

16-10-2024T09:02:59 - [TEST_STEP][PASSED] - delay(5): Delayed 5 second(s)

16-10-2024T09:03:04 - [MESSAGE][PASSED] - Delayed 5 second(s)

16-10-2024T09:03:04 - [TEST_STEP][PASSED] - Script1718980020443.OpenFilter(): null

16-10-2024T09:03:04 - [TEST_STEP][PASSED] - click(findTestObject("Object Repository/Выполнение бизнес-плана/Фильтр ДЗО")): Object: 'Object Repository/Выполнение бизнес-плана/Фильтр ДЗО' is clicked on

16-10-2024T09:03:04 - [MESSAGE][PASSED] - Object: 'Object Repository/Выполнение бизнес-плана/Фильтр ДЗО' is clicked on

16-10-2024T09:03:04 - [TEST_STEP][PASSED] - click(findTestObject("Выполнение бизнес-плана/Снять выделение в фильтре ДЗО")): null

16-10-2024T09:03:05 - [MESSAGE][PASSED] - Object: 'Object Repository/Выполнение бизнес-плана/Снять выделение в фильтре ДЗО' is clicked on

16-10-2024T09:03:05 - [TEST_STEP][PASSED] - Script1718980020443.CloseFilter(): null

16-10-2024T09:03:05 - [TEST_STEP][PASSED] - scrollToElement(findTestObject("Выполнение бизнес-плана/Заголовок дашборда"), 30): Scroll to object 'Object Repository/Выполнение бизнес-плана/Заголовок дашборда' successfully

16-10-2024T09:03:05 - [MESSAGE][PASSED] - Scroll to object 'Object Repository/Выполнение бизнес-плана/Заголовок дашборда' successfully

16-10-2024T09:03:05 - [TEST_STEP][PASSED] - click(findTestObject("Object Repository/Выполнение бизнес-плана/Применить в фильтре ДЗО")): null

16-10-2024T09:03:06 - [MESSAGE][PASSED] - Object: 'Object Repository/Выполнение бизнес-плана/Применить в фильтре ДЗО' is clicked on

16-10-2024T09:03:06 - [TEST_STEP][PASSED] - Script1718980020443.DZO(a): null

16-10-2024T09:03:06 - [TEST_STEP][PASSED] - Script1718980020443.OpenFilter(): null

16-10-2024T09:03:06 - [TEST_STEP][PASSED] - click(findTestObject("Object Repository/Выполнение бизнес-плана/Фильтр ДЗО")): Object: 'Object Repository/Выполнение бизнес-плана/Фильтр ДЗО' is clicked on

16-10-2024T09:03:36 - [MESSAGE][PASSED] - Object: 'Object Repository/Выполнение бизнес-плана/Фильтр ДЗО' is clicked on

16-10-2024T09:03:36 - [TEST_STEP][PASSED] - click(findTestObject("Выполнение бизнес-плана/Снять выделение в фильтре ДЗО")): Object: 'Object Repository/Выполнение бизнес-плана/Снять выделение в фильтре ДЗО' is clicked on

16-10-2024T09:03:39 - [MESSAGE][PASSED] - Object: 'Object Repository/Выполнение бизнес-плана/Снять выделение в фильтре ДЗО' is clicked on

16-10-2024T09:03:39 - [TEST_STEP][PASSED] - Script1718980020443.OpenRSK(): null

16-10-2024T09:03:39 - [TEST_STEP][PASSED] - click(findTestObject("Выполнение бизнес-плана/Раскрыть список ПАО Россети в фильтре ДЗО")): Object: 'Object Repository/Выполнение бизнес-плана/Раскрыть список ПАО Россети в фильтре ДЗО' is clicked on

16-10-2024T09:03:39 - [MESSAGE][PASSED] - Object: 'Object Repository/Выполнение бизнес-плана/Раскрыть список ПАО Россети в фильтре ДЗО' is clicked on

16-10-2024T09:03:39 - [TEST_STEP][PASSED] - click(findTestObject("Выполнение бизнес-плана/Раскрыть список РаспредКомплекс в фильтре ДЗО")): Object: 'Object Repository/Выполнение бизнес-плана/Раскрыть список РаспредКомплекс в фильтре ДЗО' is clicked on

16-10-2024T09:03:39 - [MESSAGE][PASSED] - Object: 'Object Repository/Выполнение бизнес-плана/Раскрыть список РаспредКомплекс в фильтре ДЗО' is clicked on

16-10-2024T09:03:39 - [TEST_STEP][PASSED] - if (a == 28): null

16-10-2024T09:03:39 - [TEST_STEP][PASSED] - if (a == 77): null

16-10-2024T09:03:39 - [TEST_STEP][PASSED] - if (a == 74): null

16-10-2024T09:03:39 - [TEST_STEP][PASSED] - if (a == 65): null

16-10-2024T09:03:39 - [TEST_STEP][PASSED] - if (a == 36): null

16-10-2024T09:03:39 - [TEST_STEP][PASSED] - if (a == 44): Object: 'Object Repository/Выполнение бизнес-плана/Россети Сибирь' is clicked on

16-10-2024T09:03:39 - [TEST_STEP][PASSED] - scrollToElement(findTestObject("Общие объекты/Раскрыть список Россети Сибирь"), 30): Scroll to object 'Object Repository/Общие объекты/Раскрыть список Россети Сибирь' successfully

16-10-2024T09:03:40 - [MESSAGE][PASSED] - Scroll to object 'Object Repository/Общие объекты/Раскрыть список Россети Сибирь' successfully

16-10-2024T09:03:40 - [TEST_STEP][PASSED] - click(findTestObject("Выполнение бизнес-плана/Россети Сибирь")): Object: 'Object Repository/Выполнение бизнес-плана/Россети Сибирь' is clicked on

16-10-2024T09:03:40 - [MESSAGE][PASSED] - Object: 'Object Repository/Выполнение бизнес-плана/Россети Сибирь' is clicked on

16-10-2024T09:03:40 - [TEST_STEP][PASSED] - if (a == 54): null

16-10-2024T09:03:40 - [TEST_STEP][PASSED] - if (a == 1): null

16-10-2024T09:03:40 - [TEST_STEP][PASSED] - if (a == 18): null

16-10-2024T09:03:40 - [TEST_STEP][PASSED] - if (a == 59): null

16-10-2024T09:03:40 - [TEST_STEP][PASSED] - Script1718980020443.CloseFilter(): null

16-10-2024T09:03:40 - [TEST_STEP][PASSED] - scrollToElement(findTestObject("Выполнение бизнес-плана/Заголовок дашборда"), 30): Scroll to object 'Object Repository/Выполнение бизнес-плана/Заголовок дашборда' successfully

16-10-2024T09:03:41 - [MESSAGE][PASSED] - Scroll to object 'Object Repository/Выполнение бизнес-плана/Заголовок дашборда' successfully

16-10-2024T09:03:41 - [TEST_STEP][PASSED] - click(findTestObject("Object Repository/Выполнение бизнес-плана/Применить в фильтре ДЗО")): Object: 'Object Repository/Выполнение бизнес-плана/Применить в фильтре ДЗО' is clicked on

16-10-2024T09:03:41 - [MESSAGE][PASSED] - Object: 'Object Repository/Выполнение бизнес-плана/Применить в фильтре ДЗО' is clicked on

16-10-2024T09:03:41 - [TEST_STEP][PASSED] - Script1718980020443.ZakrytOpoveshenie(): null

16-10-2024T09:03:41 - [TEST_STEP][PASSED] - opoveshenie = getText(findTestObject("Выполнение бизнес-плана/Просьба обратить внимание")): Text of object 'Object Repository/Выполнение бизнес-плана/Просьба обратить внимание' is: ''

16-10-2024T09:04:11 - [MESSAGE][PASSED] - Text of object 'Object Repository/Выполнение бизнес-плана/Просьба обратить внимание' is: ''

16-10-2024T09:04:11 - [TEST_STEP][PASSED] - println(opoveshenie): null

16-10-2024T09:04:11 - [TEST_STEP][PASSED] - if (opoveshenie == "Просьба обратить внимание"): null

16-10-2024T09:04:11 - [TEST_STEP][PASSED] - delay(20): Delayed 20 second(s)

16-10-2024T09:04:31 - [MESSAGE][PASSED] - Delayed 20 second(s)

16-10-2024T09:04:31 - [TEST_STEP][PASSED] - page = getText(findTestObject("Object Repository/Выполнение бизнес-плана/Filials")): Text of object 'Object Repository/Выполнение бизнес-плана/Filials' is: 'Россети Сибирь
0
10
20
30
40
50
60
70'

16-10-2024T09:04:32 - [MESSAGE][PASSED] - Text of object 'Object Repository/Выполнение бизнес-плана/Filials' is: 'Россети Сибирь
0
10
20
30
40
50
60
70'

16-10-2024T09:04:32 - [TEST_STEP][PASSED] - println(page): null

16-10-2024T09:04:32 - [TEST_STEP][PASSED] - c = page.indexOf(reducedDZO): null

16-10-2024T09:04:32 - [TEST_STEP][PASSED] - println("c indexOf(reducedDZO): " + c): null

16-10-2024T09:04:32 - [TEST_STEP][PASSED] - delay(5): Delayed 5 second(s)

16-10-2024T09:04:37 - [MESSAGE][PASSED] - Delayed 5 second(s)

16-10-2024T09:04:37 - [TEST_STEP][PASSED] - Script1718980020443.OpenFilter(): null

16-10-2024T09:04:37 - [TEST_STEP][PASSED] - click(findTestObject("Object Repository/Выполнение бизнес-плана/Фильтр ДЗО")): Object: 'Object Repository/Выполнение бизнес-плана/Фильтр ДЗО' is clicked on

16-10-2024T09:04:37 - [MESSAGE][PASSED] - Object: 'Object Repository/Выполнение бизнес-плана/Фильтр ДЗО' is clicked on

16-10-2024T09:04:37 - [TEST_STEP][PASSED] - click(findTestObject("Выполнение бизнес-плана/Снять выделение в фильтре ДЗО")): null

16-10-2024T09:04:38 - [MESSAGE][PASSED] - Object: 'Object Repository/Выполнение бизнес-плана/Снять выделение в фильтре ДЗО' is clicked on

16-10-2024T09:04:38 - [TEST_STEP][PASSED] - Script1718980020443.CloseFilter(): null

16-10-2024T09:04:38 - [TEST_STEP][PASSED] - scrollToElement(findTestObject("Выполнение бизнес-плана/Заголовок дашборда"), 30): Scroll to object 'Object Repository/Выполнение бизнес-плана/Заголовок дашборда' successfully

16-10-2024T09:04:38 - [MESSAGE][PASSED] - Scroll to object 'Object Repository/Выполнение бизнес-плана/Заголовок дашборда' successfully

16-10-2024T09:04:38 - [TEST_STEP][PASSED] - click(findTestObject("Object Repository/Выполнение бизнес-плана/Применить в фильтре ДЗО")): null

16-10-2024T09:04:39 - [MESSAGE][PASSED] - Object: 'Object Repository/Выполнение бизнес-плана/Применить в фильтре ДЗО' is clicked on

16-10-2024T09:04:39 - [TEST_STEP][PASSED] - Script1718980020443.DZO(a): null

16-10-2024T09:04:39 - [TEST_STEP][PASSED] - Script1718980020443.OpenFilter(): null

16-10-2024T09:04:39 - [TEST_STEP][PASSED] - click(findTestObject("Object Repository/Выполнение бизнес-плана/Фильтр ДЗО")): Object: 'Object Repository/Выполнение бизнес-плана/Фильтр ДЗО' is clicked on

16-10-2024T09:05:09 - [MESSAGE][PASSED] - Object: 'Object Repository/Выполнение бизнес-плана/Фильтр ДЗО' is clicked on

16-10-2024T09:05:09 - [TEST_STEP][PASSED] - click(findTestObject("Выполнение бизнес-плана/Снять выделение в фильтре ДЗО")): Object: 'Object Repository/Выполнение бизнес-плана/Снять выделение в фильтре ДЗО' is clicked on

16-10-2024T09:05:28 - [MESSAGE][PASSED] - Object: 'Object Repository/Выполнение бизнес-плана/Снять выделение в фильтре ДЗО' is clicked on

16-10-2024T09:05:28 - [TEST_STEP][PASSED] - Script1718980020443.OpenRSK(): null

16-10-2024T09:05:28 - [TEST_STEP][PASSED] - click(findTestObject("Выполнение бизнес-плана/Раскрыть список ПАО Россети в фильтре ДЗО")): Object: 'Object Repository/Выполнение бизнес-плана/Раскрыть список ПАО Россети в фильтре ДЗО' is clicked on

16-10-2024T09:05:28 - [MESSAGE][PASSED] - Object: 'Object Repository/Выполнение бизнес-плана/Раскрыть список ПАО Россети в фильтре ДЗО' is clicked on

16-10-2024T09:05:28 - [TEST_STEP][PASSED] - click(findTestObject("Выполнение бизнес-плана/Раскрыть список РаспредКомплекс в фильтре ДЗО")): Object: 'Object Repository/Выполнение бизнес-плана/Раскрыть список РаспредКомплекс в фильтре ДЗО' is clicked on

16-10-2024T09:05:29 - [MESSAGE][PASSED] - Object: 'Object Repository/Выполнение бизнес-плана/Раскрыть список РаспредКомплекс в фильтре ДЗО' is clicked on

16-10-2024T09:05:29 - [TEST_STEP][PASSED] - if (a == 28): null

16-10-2024T09:05:29 - [TEST_STEP][PASSED] - if (a == 77): null

16-10-2024T09:05:29 - [TEST_STEP][PASSED] - if (a == 74): null

16-10-2024T09:05:29 - [TEST_STEP][PASSED] - if (a == 65): null

16-10-2024T09:05:29 - [TEST_STEP][PASSED] - if (a == 36): null

16-10-2024T09:05:29 - [TEST_STEP][PASSED] - if (a == 44): Object: 'Object Repository/Выполнение бизнес-плана/Россети Сибирь' is clicked on

16-10-2024T09:05:29 - [TEST_STEP][PASSED] - scrollToElement(findTestObject("Общие объекты/Раскрыть список Россети Сибирь"), 30): Scroll to object 'Object Repository/Общие объекты/Раскрыть список Россети Сибирь' successfully

16-10-2024T09:05:29 - [MESSAGE][PASSED] - Scroll to object 'Object Repository/Общие объекты/Раскрыть список Россети Сибирь' successfully

16-10-2024T09:05:29 - [TEST_STEP][PASSED] - click(findTestObject("Выполнение бизнес-плана/Россети Сибирь")): Object: 'Object Repository/Выполнение бизнес-плана/Россети Сибирь' is clicked on

16-10-2024T09:05:29 - [MESSAGE][PASSED] - Object: 'Object Repository/Выполнение бизнес-плана/Россети Сибирь' is clicked on

16-10-2024T09:05:29 - [TEST_STEP][PASSED] - if (a == 54): null

16-10-2024T09:05:29 - [TEST_STEP][PASSED] - if (a == 1): null

16-10-2024T09:05:29 - [TEST_STEP][PASSED] - if (a == 18): null

16-10-2024T09:05:29 - [TEST_STEP][PASSED] - if (a == 59): null

16-10-2024T09:05:29 - [TEST_STEP][PASSED] - Script1718980020443.CloseFilter(): null

16-10-2024T09:05:29 - [TEST_STEP][PASSED] - scrollToElement(findTestObject("Выполнение бизнес-плана/Заголовок дашборда"), 30): Scroll to object 'Object Repository/Выполнение бизнес-плана/Заголовок дашборда' successfully

16-10-2024T09:05:30 - [MESSAGE][PASSED] - Scroll to object 'Object Repository/Выполнение бизнес-плана/Заголовок дашборда' successfully

16-10-2024T09:05:30 - [TEST_STEP][PASSED] - click(findTestObject("Object Repository/Выполнение бизнес-плана/Применить в фильтре ДЗО")): Object: 'Object Repository/Выполнение бизнес-плана/Применить в фильтре ДЗО' is clicked on

16-10-2024T09:05:31 - [MESSAGE][PASSED] - Object: 'Object Repository/Выполнение бизнес-плана/Применить в фильтре ДЗО' is clicked on

16-10-2024T09:05:31 - [TEST_STEP][PASSED] - Script1718980020443.ZakrytOpoveshenie(): null

16-10-2024T09:05:31 - [TEST_STEP][PASSED] - opoveshenie = getText(findTestObject("Выполнение бизнес-плана/Просьба обратить внимание")): Text of object 'Object Repository/Выполнение бизнес-плана/Просьба обратить внимание' is: ''

16-10-2024T09:05:59 - [MESSAGE][PASSED] - Text of object 'Object Repository/Выполнение бизнес-плана/Просьба обратить внимание' is: ''

16-10-2024T09:05:59 - [TEST_STEP][PASSED] - println(opoveshenie): null

16-10-2024T09:05:59 - [TEST_STEP][PASSED] - if (opoveshenie == "Просьба обратить внимание"): null

16-10-2024T09:05:59 - [TEST_STEP][PASSED] - delay(20): Delayed 20 second(s)

16-10-2024T09:06:19 - [MESSAGE][PASSED] - Delayed 20 second(s)

16-10-2024T09:06:19 - [TEST_STEP][PASSED] - page = getText(findTestObject("Object Repository/Выполнение бизнес-плана/Filials")): Text of object 'Object Repository/Выполнение бизнес-плана/Filials' is: 'Россети Сибирь
0
10
20
30
40
50
60
70'

16-10-2024T09:06:19 - [MESSAGE][PASSED] - Text of object 'Object Repository/Выполнение бизнес-плана/Filials' is: 'Россети Сибирь
0
10
20
30
40
50
60
70'

16-10-2024T09:06:19 - [TEST_STEP][PASSED] - println(page): null

16-10-2024T09:06:19 - [TEST_STEP][PASSED] - c = page.indexOf(reducedDZO): null

16-10-2024T09:06:19 - [TEST_STEP][PASSED] - println("c indexOf(reducedDZO): " + c): null

16-10-2024T09:06:19 - [TEST_STEP][PASSED] - delay(5): Delayed 5 second(s)

16-10-2024T09:06:24 - [MESSAGE][PASSED] - Delayed 5 second(s)

16-10-2024T09:06:24 - [TEST_STEP][PASSED] - Script1718980020443.OpenFilter(): null

16-10-2024T09:06:24 - [TEST_STEP][PASSED] - click(findTestObject("Object Repository/Выполнение бизнес-плана/Фильтр ДЗО")): Object: 'Object Repository/Выполнение бизнес-плана/Фильтр ДЗО' is clicked on

16-10-2024T09:06:24 - [MESSAGE][PASSED] - Object: 'Object Repository/Выполнение бизнес-плана/Фильтр ДЗО' is clicked on

16-10-2024T09:06:24 - [TEST_STEP][PASSED] - click(findTestObject("Выполнение бизнес-плана/Снять выделение в фильтре ДЗО")): null

16-10-2024T09:06:25 - [MESSAGE][PASSED] - Object: 'Object Repository/Выполнение бизнес-плана/Снять выделение в фильтре ДЗО' is clicked on

16-10-2024T09:06:25 - [TEST_STEP][PASSED] - Script1718980020443.CloseFilter(): null

16-10-2024T09:06:25 - [TEST_STEP][PASSED] - scrollToElement(findTestObject("Выполнение бизнес-плана/Заголовок дашборда"), 30): Scroll to object 'Object Repository/Выполнение бизнес-плана/Заголовок дашборда' successfully

16-10-2024T09:06:25 - [MESSAGE][PASSED] - Scroll to object 'Object Repository/Выполнение бизнес-плана/Заголовок дашборда' successfully

16-10-2024T09:06:25 - [TEST_STEP][PASSED] - click(findTestObject("Object Repository/Выполнение бизнес-плана/Применить в фильтре ДЗО")): null

16-10-2024T09:06:26 - [MESSAGE][PASSED] - Object: 'Object Repository/Выполнение бизнес-плана/Применить в фильтре ДЗО' is clicked on

16-10-2024T09:06:26 - [TEST_STEP][PASSED] - Script1718980020443.DZO(a): null

16-10-2024T09:06:26 - [TEST_STEP][PASSED] - Script1718980020443.OpenFilter(): null

16-10-2024T09:06:26 - [TEST_STEP][PASSED] - click(findTestObject("Object Repository/Выполнение бизнес-плана/Фильтр ДЗО")): Object: 'Object Repository/Выполнение бизнес-плана/Фильтр ДЗО' is clicked on

16-10-2024T09:06:51 - [MESSAGE][PASSED] - Object: 'Object Repository/Выполнение бизнес-плана/Фильтр ДЗО' is clicked on

16-10-2024T09:06:51 - [TEST_STEP][PASSED] - click(findTestObject("Выполнение бизнес-плана/Снять выделение в фильтре ДЗО")): Object: 'Object Repository/Выполнение бизнес-плана/Снять выделение в фильтре ДЗО' is clicked on

16-10-2024T09:06:52 - [MESSAGE][PASSED] - Object: 'Object Repository/Выполнение бизнес-плана/Снять выделение в фильтре ДЗО' is clicked on

16-10-2024T09:06:52 - [TEST_STEP][PASSED] - Script1718980020443.OpenRSK(): null

16-10-2024T09:06:52 - [TEST_STEP][PASSED] - click(findTestObject("Выполнение бизнес-плана/Раскрыть список ПАО Россети в фильтре ДЗО")): Object: 'Object Repository/Выполнение бизнес-плана/Раскрыть список ПАО Россети в фильтре ДЗО' is clicked on

16-10-2024T09:06:52 - [MESSAGE][PASSED] - Object: 'Object Repository/Выполнение бизнес-плана/Раскрыть список ПАО Россети в фильтре ДЗО' is clicked on

16-10-2024T09:06:52 - [TEST_STEP][PASSED] - click(findTestObject("Выполнение бизнес-плана/Раскрыть список РаспредКомплекс в фильтре ДЗО")): Object: 'Object Repository/Выполнение бизнес-плана/Раскрыть список РаспредКомплекс в фильтре ДЗО' is clicked on

16-10-2024T09:06:52 - [MESSAGE][PASSED] - Object: 'Object Repository/Выполнение бизнес-плана/Раскрыть список РаспредКомплекс в фильтре ДЗО' is clicked on

16-10-2024T09:06:52 - [TEST_STEP][PASSED] - if (a == 28): null

16-10-2024T09:06:52 - [TEST_STEP][PASSED] - if (a == 77): null

16-10-2024T09:06:52 - [TEST_STEP][PASSED] - if (a == 74): null

16-10-2024T09:06:52 - [TEST_STEP][PASSED] - if (a == 65): null

16-10-2024T09:06:52 - [TEST_STEP][PASSED] - if (a == 36): null

16-10-2024T09:06:52 - [TEST_STEP][PASSED] - if (a == 44): Object: 'Object Repository/Выполнение бизнес-плана/Россети Сибирь' is clicked on

16-10-2024T09:06:52 - [TEST_STEP][PASSED] - scrollToElement(findTestObject("Общие объекты/Раскрыть список Россети Сибирь"), 30): Scroll to object 'Object Repository/Общие объекты/Раскрыть список Россети Сибирь' successfully

16-10-2024T09:06:53 - [MESSAGE][PASSED] - Scroll to object 'Object Repository/Общие объекты/Раскрыть список Россети Сибирь' successfully

16-10-2024T09:06:53 - [TEST_STEP][PASSED] - click(findTestObject("Выполнение бизнес-плана/Россети Сибирь")): Object: 'Object Repository/Выполнение бизнес-плана/Россети Сибирь' is clicked on

16-10-2024T09:06:53 - [MESSAGE][PASSED] - Object: 'Object Repository/Выполнение бизнес-плана/Россети Сибирь' is clicked on

16-10-2024T09:06:53 - [TEST_STEP][PASSED] - if (a == 54): null

16-10-2024T09:06:53 - [TEST_STEP][PASSED] - if (a == 1): null

16-10-2024T09:06:53 - [TEST_STEP][PASSED] - if (a == 18): null

16-10-2024T09:06:53 - [TEST_STEP][PASSED] - if (a == 59): null

16-10-2024T09:06:53 - [TEST_STEP][PASSED] - Script1718980020443.CloseFilter(): null

16-10-2024T09:06:53 - [TEST_STEP][PASSED] - scrollToElement(findTestObject("Выполнение бизнес-плана/Заголовок дашборда"), 30): Scroll to object 'Object Repository/Выполнение бизнес-плана/Заголовок дашборда' successfully

16-10-2024T09:06:54 - [MESSAGE][PASSED] - Scroll to object 'Object Repository/Выполнение бизнес-плана/Заголовок дашборда' successfully

16-10-2024T09:06:54 - [TEST_STEP][PASSED] - click(findTestObject("Object Repository/Выполнение бизнес-плана/Применить в фильтре ДЗО")): Object: 'Object Repository/Выполнение бизнес-плана/Применить в фильтре ДЗО' is clicked on

16-10-2024T09:06:54 - [MESSAGE][PASSED] - Object: 'Object Repository/Выполнение бизнес-плана/Применить в фильтре ДЗО' is clicked on

16-10-2024T09:06:54 - [TEST_STEP][PASSED] - Script1718980020443.ZakrytOpoveshenie(): null

16-10-2024T09:06:54 - [TEST_STEP][PASSED] - opoveshenie = getText(findTestObject("Выполнение бизнес-плана/Просьба обратить внимание")): Text of object 'Object Repository/Выполнение бизнес-плана/Просьба обратить внимание' is: ''

16-10-2024T09:07:04 - [MESSAGE][PASSED] - Text of object 'Object Repository/Выполнение бизнес-плана/Просьба обратить внимание' is: ''

16-10-2024T09:07:04 - [TEST_STEP][PASSED] - println(opoveshenie): null

16-10-2024T09:07:04 - [TEST_STEP][PASSED] - if (opoveshenie == "Просьба обратить внимание"): Delayed 5 second(s)

16-10-2024T09:07:04 - [TEST_STEP][PASSED] - delay(20): Delayed 20 second(s)

16-10-2024T09:07:24 - [MESSAGE][PASSED] - Delayed 20 second(s)

16-10-2024T09:07:24 - [TEST_STEP][PASSED] - page = getText(findTestObject("Object Repository/Выполнение бизнес-плана/Filials")): Text of object 'Object Repository/Выполнение бизнес-плана/Filials' is: 'Алтайэнерго
Бурятэнерго
Красноярскэнерго
Кузбассэнерго-РЭС
Омскэнерго
Хакасэнерго
Читаэнерго
0
10
20
30
40
50
60
70'

16-10-2024T09:07:24 - [MESSAGE][PASSED] - Text of object 'Object Repository/Выполнение бизнес-плана/Filials' is: 'Алтайэнерго
Бурятэнерго
Красноярскэнерго
Кузбассэнерго-РЭС
Омскэнерго
Хакасэнерго
Читаэнерго
0
10
20
30
40
50
60
70'

16-10-2024T09:07:24 - [TEST_STEP][PASSED] - println(page): null

16-10-2024T09:07:24 - [TEST_STEP][PASSED] - c = page.indexOf(reducedDZO): null

16-10-2024T09:07:24 - [TEST_STEP][PASSED] - println("c indexOf(reducedDZO): " + c): null

16-10-2024T09:07:24 - [TEST_STEP][PASSED] - delay(5): Delayed 5 second(s)

16-10-2024T09:07:29 - [MESSAGE][PASSED] - Delayed 5 second(s)

16-10-2024T09:07:29 - [TEST_STEP][PASSED] - x2 = getText(findTestObject("Выполнение бизнес-плана/Список ДЗО старый")): Text of object 'Object Repository/Выполнение бизнес-плана/Список ДЗО старый' is: 'Алтайэнерго
Бурятэнерго
Красноярскэнерго
Кузбассэнерго-РЭС
Омскэнерго
Хакасэнерго
Читаэнерго
0
10
20
30
40
50
60
70'

16-10-2024T09:07:29 - [MESSAGE][PASSED] - Text of object 'Object Repository/Выполнение бизнес-плана/Список ДЗО старый' is: 'Алтайэнерго
Бурятэнерго
Красноярскэнерго
Кузбассэнерго-РЭС
Омскэнерго
Хакасэнерго
Читаэнерго
0
10
20
30
40
50
60
70'

16-10-2024T09:07:29 - [TEST_STEP][PASSED] - if (a == 28): null

16-10-2024T09:07:29 - [TEST_STEP][PASSED] - if (a == 77): null

16-10-2024T09:07:29 - [TEST_STEP][PASSED] - if (a == 74): null

16-10-2024T09:07:29 - [TEST_STEP][PASSED] - if (a == 65): null

16-10-2024T09:07:29 - [TEST_STEP][PASSED] - if (a == 1): null

16-10-2024T09:07:29 - [TEST_STEP][PASSED] - if (a == 18): null

16-10-2024T09:07:29 - [TEST_STEP][PASSED] - if (a == 36): null

16-10-2024T09:07:29 - [TEST_STEP][PASSED] - if (a == 44): null

16-10-2024T09:07:29 - [TEST_STEP][PASSED] - dZO = "Алтайэнерго": null

16-10-2024T09:07:29 - [TEST_STEP][PASSED] - a = 45: null

16-10-2024T09:07:29 - [TEST_STEP][PASSED] - if (x2.contains(dZO)): null

16-10-2024T09:07:29 - [TEST_STEP][PASSED] - filialNum = filialNum + 1: null

16-10-2024T09:07:29 - [TEST_STEP][PASSED] - Script1718980020443.Numbers(a, typeOfData, todaysDate, pageInt, fileInt, pageDouble, fileDouble, dZO, dzoNum, filialNum): null

16-10-2024T09:07:29 - [TEST_STEP][PASSED] - println(dzoNum): null

16-10-2024T09:07:29 - [TEST_STEP][PASSED] - planFact = <not implemented yet for class: org.codehaus.groovy.ast.expr.EmptyExpression>: null

16-10-2024T09:07:29 - [TEST_STEP][PASSED] - page = <not implemented yet for class: org.codehaus.groovy.ast.expr.EmptyExpression>: null

16-10-2024T09:07:29 - [TEST_STEP][PASSED] - page1 = <not implemented yet for class: org.codehaus.groovy.ast.expr.EmptyExpression>: null

16-10-2024T09:07:29 - [TEST_STEP][PASSED] - page2 = <not implemented yet for class: org.codehaus.groovy.ast.expr.EmptyExpression>: null

16-10-2024T09:07:29 - [TEST_STEP][PASSED] - filialNumberInRow = <not implemented yet for class: org.codehaus.groovy.ast.expr.EmptyExpression>: null

16-10-2024T09:07:29 - [TEST_STEP][PASSED] - filialsDzoNames = <not implemented yet for class: org.codehaus.groovy.ast.expr.EmptyExpression>: null

16-10-2024T09:07:29 - [TEST_STEP][PASSED] - numberOfFilials = <not implemented yet for class: org.codehaus.groovy.ast.expr.EmptyExpression>: null

16-10-2024T09:07:29 - [TEST_STEP][PASSED] - numberOfSpaces = <not implemented yet for class: org.codehaus.groovy.ast.expr.EmptyExpression>: null

16-10-2024T09:07:29 - [TEST_STEP][PASSED] - file = <not implemented yet for class: org.codehaus.groovy.ast.expr.EmptyExpression>: null

16-10-2024T09:07:29 - [TEST_STEP][PASSED] - otpusk = <not implemented yet for class: org.codehaus.groovy.ast.expr.EmptyExpression>: null

16-10-2024T09:07:29 - [TEST_STEP][PASSED] - poteri = <not implemented yet for class: org.codehaus.groovy.ast.expr.EmptyExpression>: null

16-10-2024T09:07:29 - [TEST_STEP][PASSED] - dataFolder = "Выполнение бизнес-плана/Значения со страницы Выполнение бизнес-плана/": null

16-10-2024T09:07:29 - [TEST_STEP][PASSED] - path = <not implemented yet for class: org.codehaus.groovy.ast.expr.EmptyExpression>: null

16-10-2024T09:07:29 - [TEST_STEP][PASSED] - typeOfDataMain = <not implemented yet for class: org.codehaus.groovy.ast.expr.EmptyExpression>: null

16-10-2024T09:07:29 - [TEST_STEP][PASSED] - fileOtpuskVSet = <not implemented yet for class: org.codehaus.groovy.ast.expr.EmptyExpression>: null

16-10-2024T09:07:29 - [TEST_STEP][PASSED] - pageOtpuskVSet = <not implemented yet for class: org.codehaus.groovy.ast.expr.EmptyExpression>: null

16-10-2024T09:07:29 - [TEST_STEP][PASSED] - filePoteri = <not implemented yet for class: org.codehaus.groovy.ast.expr.EmptyExpression>: null

16-10-2024T09:07:29 - [TEST_STEP][PASSED] - pagePoteri = <not implemented yet for class: org.codehaus.groovy.ast.expr.EmptyExpression>: null

16-10-2024T09:07:29 - [TEST_STEP][PASSED] - compare = <not implemented yet for class: org.codehaus.groovy.ast.expr.EmptyExpression>: null

16-10-2024T09:07:29 - [TEST_STEP][PASSED] - b = <not implemented yet for class: org.codehaus.groovy.ast.expr.EmptyExpression>: null

16-10-2024T09:07:29 - [TEST_STEP][PASSED] - i = <not implemented yet for class: org.codehaus.groovy.ast.expr.EmptyExpression>: null

16-10-2024T09:07:29 - [TEST_STEP][PASSED] - ii = <not implemented yet for class: org.codehaus.groovy.ast.expr.EmptyExpression>: null

16-10-2024T09:07:29 - [TEST_STEP][PASSED] - c = <not implemented yet for class: org.codehaus.groovy.ast.expr.EmptyExpression>: null

16-10-2024T09:07:29 - [TEST_STEP][PASSED] - numberOfErrors = 0: null

16-10-2024T09:07:29 - [TEST_STEP][PASSED] - if (a == 82): null

16-10-2024T09:07:29 - [TEST_STEP][PASSED] - b = findTestData("PlanFact").getValue(1, a): null

16-10-2024T09:07:29 - [TEST_STEP][PASSED] - i = b.indexOf(" (ГК)"): null

16-10-2024T09:07:29 - [TEST_STEP][PASSED] - if (i > -1): null

16-10-2024T09:07:29 - [TEST_STEP][PASSED] - i = b.indexOf("О ""): null

16-10-2024T09:07:29 - [TEST_STEP][PASSED] - if (i > -1): null

16-10-2024T09:07:29 - [TEST_STEP][PASSED] - i = b.indexOf("О «"): null

16-10-2024T09:07:29 - [TEST_STEP][PASSED] - if (i > -1): null

16-10-2024T09:07:29 - [TEST_STEP][PASSED] - i = b.indexOf("г. "): null

16-10-2024T09:07:29 - [TEST_STEP][PASSED] - if (i > -1): null

16-10-2024T09:07:29 - [TEST_STEP][PASSED] - println(b): null

16-10-2024T09:07:29 - [TEST_STEP][PASSED] - for ([planFact = 1, planFact < 3, (planFact++)]): null

16-10-2024T09:07:29 - [TEST_STEP][PASSED] - if (planFact == 1): null

16-10-2024T09:07:29 - [TEST_STEP][PASSED] - typeOfDataMain = "Факт": null

16-10-2024T09:07:29 - [TEST_STEP][PASSED] - otpusk = findTestData("PlanFact").getValue(5, a): null

16-10-2024T09:07:29 - [TEST_STEP][PASSED] - poteri = findTestData("PlanFact").getValue(6, a): null

16-10-2024T09:07:30 - [TEST_STEP][PASSED] - otpusk = otpusk.replaceAll("\s+", ""): null

16-10-2024T09:07:30 - [TEST_STEP][PASSED] - poteri = poteri.replaceAll("\s+", ""): null

16-10-2024T09:07:30 - [TEST_STEP][PASSED] - typeOfData = typeOfDataMain + " Отпуск в сеть": null

16-10-2024T09:07:30 - [TEST_STEP][PASSED] - if (a == 82): null

16-10-2024T09:07:30 - [TEST_STEP][PASSED] - else if (a == 84): null

16-10-2024T09:07:30 - [TEST_STEP][PASSED] - else if (a == 52 || a == 72 || a == 28 || a == 73 || a == 77 || a == 74 || a == 65 || a == 36 || a == 44 || a == 53 || a == 80 || a == 54 || a == 1 || a == 18 || a == 59 || a == 81): null

16-10-2024T09:07:30 - [TEST_STEP][PASSED] - else: null

16-10-2024T09:07:30 - [TEST_STEP][PASSED] - path = dataFolder + typeOfData + " за отчётный период " + b: null

16-10-2024T09:07:30 - [TEST_STEP][PASSED] - println(path): null

16-10-2024T09:07:30 - [TEST_STEP][PASSED] - page = getText(findTestObject(path)): Text of object 'Object Repository/Выполнение бизнес-плана/Значения со страницы Выполнение бизнес-плана/Факт Отпуск в сеть за отчётный период Алтайэнерго' is: '5 773 443'

16-10-2024T09:07:30 - [MESSAGE][PASSED] - Text of object 'Object Repository/Выполнение бизнес-плана/Значения со страницы Выполнение бизнес-плана/Факт Отпуск в сеть за отчётный период Алтайэнерго' is: '5 773 443'

16-10-2024T09:07:30 - [TEST_STEP][PASSED] - page = page.replaceAll("\s+", ""): null

16-10-2024T09:07:30 - [TEST_STEP][PASSED] - fileOtpuskVSet = otpusk.toInteger(): null

16-10-2024T09:07:30 - [TEST_STEP][PASSED] - pageOtpuskVSet = page.toInteger(): null

16-10-2024T09:07:30 - [TEST_STEP][PASSED] - typeOfData = typeOfDataMain + " Потери": null

16-10-2024T09:07:30 - [TEST_STEP][PASSED] - if (a == 82): null

16-10-2024T09:07:30 - [TEST_STEP][PASSED] - else if (a == 84): null

16-10-2024T09:07:30 - [TEST_STEP][PASSED] - else if (a == 52 || a == 72 || a == 28 || a == 73 || a == 77 || a == 74 || a == 65 || a == 36 || a == 44 || a == 53 || a == 80 || a == 54 || a == 1 || a == 18 || a == 59 || a == 81): null

16-10-2024T09:07:30 - [TEST_STEP][PASSED] - else: null

16-10-2024T09:07:30 - [TEST_STEP][PASSED] - path = dataFolder + typeOfData + " за отчётный период " + b: null

16-10-2024T09:07:30 - [TEST_STEP][PASSED] - page = getText(findTestObject(path)): Text of object 'Object Repository/Выполнение бизнес-плана/Значения со страницы Выполнение бизнес-плана/Факт Потери за отчётный период Алтайэнерго' is: '375 623'

16-10-2024T09:07:30 - [MESSAGE][PASSED] - Text of object 'Object Repository/Выполнение бизнес-плана/Значения со страницы Выполнение бизнес-плана/Факт Потери за отчётный период Алтайэнерго' is: '375 623'

16-10-2024T09:07:30 - [TEST_STEP][PASSED] - page = page.replaceAll("\s+", ""): null

16-10-2024T09:07:30 - [TEST_STEP][PASSED] - filePoteri = poteri.toInteger(): null

16-10-2024T09:07:30 - [TEST_STEP][PASSED] - pagePoteri = page.toInteger(): null

16-10-2024T09:07:30 - [TEST_STEP][PASSED] - compare = pageOtpuskVSet: null

16-10-2024T09:07:30 - [TEST_STEP][PASSED] - if (compare == fileOtpuskVSet): null

16-10-2024T09:07:30 - [TEST_STEP][PASSED] - else if (compare > fileOtpuskVSet): null

16-10-2024T09:07:30 - [TEST_STEP][PASSED] - compare = compare - 1: null

16-10-2024T09:07:30 - [TEST_STEP][PASSED] - if (compare == fileOtpuskVSet): null

16-10-2024T09:07:30 - [TEST_STEP][PASSED] - else: null

16-10-2024T09:07:30 - [TEST_STEP][PASSED] - numberOfErrors = numberOfErrors + 1: null

16-10-2024T09:07:30 - [TEST_STEP][PASSED] - pageInt = pageOtpuskVSet: null

16-10-2024T09:07:30 - [TEST_STEP][PASSED] - fileInt = fileOtpuskVSet: null

16-10-2024T09:07:30 - [TEST_STEP][PASSED] - typeOfData = typeOfDataMain + " Отпуск в сеть": null

16-10-2024T09:07:30 - [TEST_STEP][PASSED] - Script1718980020443.WriteToExcel(a, typeOfData, todaysDate, pageInt, fileInt, pageDouble, fileDouble, dZO): null

16-10-2024T09:07:30 - [TEST_STEP][PASSED] - sheetName = "Sheet1": null

16-10-2024T09:07:30 - [TEST_STEP][PASSED] - data = findTestData("PlanFact"): null

16-10-2024T09:07:30 - [TEST_STEP][PASSED] - n = data.getRowNumbers() + 1: null

16-10-2024T09:07:30 - [TEST_STEP][PASSED] - year = todaysDate.substring(todaysDate.length() - 4, todaysDate.length()): null

16-10-2024T09:07:30 - [TEST_STEP][PASSED] - y = year.toInteger(): null

16-10-2024T09:07:30 - [TEST_STEP][PASSED] - m = getText(findTestObject("Выполнение бизнес-плана/Период")): Text of object 'Object Repository/Выполнение бизнес-плана/Период' is: '1, 2 кв., Июль, Август 2024 года'

16-10-2024T09:07:30 - [MESSAGE][PASSED] - Text of object 'Object Repository/Выполнение бизнес-плана/Период' is: '1, 2 кв., Июль, Август 2024 года'

16-10-2024T09:07:30 - [TEST_STEP][PASSED] - m = m.substring(0, m.indexOf("2024")): null

16-10-2024T09:07:30 - [TEST_STEP][PASSED] - m = m.trim(): null

16-10-2024T09:07:30 - [TEST_STEP][PASSED] - dashboardName = "Выполнение бизнес-плана": null

16-10-2024T09:07:30 - [TEST_STEP][PASSED] - workbook01 = getWorkbook(excelFilePath): null

16-10-2024T09:07:31 - [TEST_STEP][PASSED] - sheet01 = getExcelSheet(workbook01, sheetName): null

16-10-2024T09:07:31 - [TEST_STEP][PASSED] - setValueToCellByIndex(sheet01, n, 0, dashboardName): null

16-10-2024T09:07:31 - [TEST_STEP][PASSED] - setValueToCellByIndex(sheet01, n, 1, dZO): null

16-10-2024T09:07:31 - [TEST_STEP][PASSED] - setValueToCellByIndex(sheet01, n, 2, typeOfData): null

16-10-2024T09:07:31 - [TEST_STEP][PASSED] - if (typeOfData == "Факт в процентах" || typeOfData == "План в процентах"): null

16-10-2024T09:07:31 - [TEST_STEP][PASSED] - else: null

16-10-2024T09:07:31 - [TEST_STEP][PASSED] - setValueToCellByIndex(sheet01, n, 3, fileInt): null

16-10-2024T09:07:31 - [TEST_STEP][PASSED] - setValueToCellByIndex(sheet01, n, 4, pageInt): null

16-10-2024T09:07:31 - [TEST_STEP][PASSED] - setValueToCellByIndex(sheet01, n, 5, m): null

16-10-2024T09:07:31 - [TEST_STEP][PASSED] - setValueToCellByIndex(sheet01, n, 6, y): null

16-10-2024T09:07:31 - [TEST_STEP][PASSED] - setValueToCellByIndex(sheet01, n, 7, todaysDate): null

16-10-2024T09:07:31 - [TEST_STEP][PASSED] - n = n + 1: null

16-10-2024T09:07:31 - [TEST_STEP][PASSED] - saveWorkbook(excelFilePath, workbook01): null

16-10-2024T09:07:31 - [TEST_STEP][PASSED] - compare = pagePoteri: null

16-10-2024T09:07:31 - [TEST_STEP][PASSED] - if (compare == filePoteri): null

16-10-2024T09:07:31 - [TEST_STEP][PASSED] - else if (compare > filePoteri): null

16-10-2024T09:07:31 - [TEST_STEP][PASSED] - compare = compare - 1: null

16-10-2024T09:07:31 - [TEST_STEP][PASSED] - if (compare == filePoteri): null

16-10-2024T09:07:31 - [TEST_STEP][PASSED] - else: null

16-10-2024T09:07:31 - [TEST_STEP][PASSED] - numberOfErrors = numberOfErrors + 1: null

16-10-2024T09:07:31 - [TEST_STEP][PASSED] - pageInt = pagePoteri: null

16-10-2024T09:07:31 - [TEST_STEP][PASSED] - fileInt = filePoteri: null

16-10-2024T09:07:31 - [TEST_STEP][PASSED] - typeOfData = typeOfDataMain + " Потери": null

16-10-2024T09:07:31 - [TEST_STEP][PASSED] - Script1718980020443.WriteToExcel(a, typeOfData, todaysDate, pageInt, fileInt, pageDouble, fileDouble, dZO): null

16-10-2024T09:07:31 - [TEST_STEP][PASSED] - sheetName = "Sheet1": null

16-10-2024T09:07:31 - [TEST_STEP][PASSED] - data = findTestData("PlanFact"): null

16-10-2024T09:07:31 - [TEST_STEP][PASSED] - n = data.getRowNumbers() + 1: null

16-10-2024T09:07:31 - [TEST_STEP][PASSED] - year = todaysDate.substring(todaysDate.length() - 4, todaysDate.length()): null

16-10-2024T09:07:31 - [TEST_STEP][PASSED] - y = year.toInteger(): null

16-10-2024T09:07:31 - [TEST_STEP][PASSED] - m = getText(findTestObject("Выполнение бизнес-плана/Период")): Text of object 'Object Repository/Выполнение бизнес-плана/Период' is: '1, 2 кв., Июль, Август 2024 года'

16-10-2024T09:07:31 - [MESSAGE][PASSED] - Text of object 'Object Repository/Выполнение бизнес-плана/Период' is: '1, 2 кв., Июль, Август 2024 года'

16-10-2024T09:07:31 - [TEST_STEP][PASSED] - m = m.substring(0, m.indexOf("2024")): null

16-10-2024T09:07:31 - [TEST_STEP][PASSED] - m = m.trim(): null

16-10-2024T09:07:31 - [TEST_STEP][PASSED] - dashboardName = "Выполнение бизнес-плана": null

16-10-2024T09:07:31 - [TEST_STEP][PASSED] - workbook01 = getWorkbook(excelFilePath): null

16-10-2024T09:07:31 - [TEST_STEP][PASSED] - sheet01 = getExcelSheet(workbook01, sheetName): null

16-10-2024T09:07:31 - [TEST_STEP][PASSED] - setValueToCellByIndex(sheet01, n, 0, dashboardName): null

16-10-2024T09:07:31 - [TEST_STEP][PASSED] - setValueToCellByIndex(sheet01, n, 1, dZO): null

16-10-2024T09:07:31 - [TEST_STEP][PASSED] - setValueToCellByIndex(sheet01, n, 2, typeOfData): null

16-10-2024T09:07:31 - [TEST_STEP][PASSED] - if (typeOfData == "Факт в процентах" || typeOfData == "План в процентах"): null

16-10-2024T09:07:31 - [TEST_STEP][PASSED] - else: null

16-10-2024T09:07:31 - [TEST_STEP][PASSED] - setValueToCellByIndex(sheet01, n, 3, fileInt): null

16-10-2024T09:07:31 - [TEST_STEP][PASSED] - setValueToCellByIndex(sheet01, n, 4, pageInt): null

16-10-2024T09:07:31 - [TEST_STEP][PASSED] - setValueToCellByIndex(sheet01, n, 5, m): null

16-10-2024T09:07:31 - [TEST_STEP][PASSED] - setValueToCellByIndex(sheet01, n, 6, y): null

16-10-2024T09:07:31 - [TEST_STEP][PASSED] - setValueToCellByIndex(sheet01, n, 7, todaysDate): null

16-10-2024T09:07:31 - [TEST_STEP][PASSED] - n = n + 1: null

16-10-2024T09:07:31 - [TEST_STEP][PASSED] - saveWorkbook(excelFilePath, workbook01): null

16-10-2024T09:07:32 - [TEST_STEP][PASSED] - if (planFact == 2): null

16-10-2024T09:07:32 - [TEST_STEP][PASSED] - if (planFact == 1): null

16-10-2024T09:07:32 - [TEST_STEP][PASSED] - else if (planFact == 2): null

16-10-2024T09:07:32 - [TEST_STEP][PASSED] - click(findTestObject("Выполнение бизнес-плана/Кнопка План")): Object: 'Object Repository/Выполнение бизнес-плана/Кнопка План' is clicked on

16-10-2024T09:07:32 - [MESSAGE][PASSED] - Object: 'Object Repository/Выполнение бизнес-плана/Кнопка План' is clicked on

16-10-2024T09:07:32 - [TEST_STEP][PASSED] - typeOfDataMain = "План": null

16-10-2024T09:07:32 - [TEST_STEP][PASSED] - otpusk = findTestData("PlanFact").getValue(2, a): null

16-10-2024T09:07:32 - [TEST_STEP][PASSED] - poteri = findTestData("PlanFact").getValue(3, a): null

16-10-2024T09:07:32 - [TEST_STEP][PASSED] - otpusk = otpusk.replaceAll("\s+", ""): null

16-10-2024T09:07:32 - [TEST_STEP][PASSED] - poteri = poteri.replaceAll("\s+", ""): null

16-10-2024T09:07:32 - [TEST_STEP][PASSED] - typeOfData = typeOfDataMain + " Отпуск в сеть": null

16-10-2024T09:07:32 - [TEST_STEP][PASSED] - if (a == 82): null

16-10-2024T09:07:32 - [TEST_STEP][PASSED] - else if (a == 84): null

16-10-2024T09:07:32 - [TEST_STEP][PASSED] - else if (a == 52 || a == 72 || a == 28 || a == 73 || a == 77 || a == 74 || a == 65 || a == 36 || a == 44 || a == 53 || a == 80 || a == 54 || a == 1 || a == 18 || a == 59 || a == 81): null

16-10-2024T09:07:32 - [TEST_STEP][PASSED] - else: null

16-10-2024T09:07:32 - [TEST_STEP][PASSED] - path = dataFolder + typeOfData + " за отчётный период " + b: null

16-10-2024T09:07:32 - [TEST_STEP][PASSED] - println(path): null

16-10-2024T09:07:32 - [TEST_STEP][PASSED] - page = getText(findTestObject(path)): Text of object 'Object Repository/Выполнение бизнес-плана/Значения со страницы Выполнение бизнес-плана/План Отпуск в сеть за отчётный период Алтайэнерго' is: '5 528 638'

16-10-2024T09:07:32 - [MESSAGE][PASSED] - Text of object 'Object Repository/Выполнение бизнес-плана/Значения со страницы Выполнение бизнес-плана/План Отпуск в сеть за отчётный период Алтайэнерго' is: '5 528 638'

16-10-2024T09:07:32 - [TEST_STEP][PASSED] - page = page.replaceAll("\s+", ""): null

16-10-2024T09:07:32 - [TEST_STEP][PASSED] - fileOtpuskVSet = otpusk.toInteger(): null

16-10-2024T09:07:32 - [TEST_STEP][PASSED] - pageOtpuskVSet = page.toInteger(): null

16-10-2024T09:07:32 - [TEST_STEP][PASSED] - typeOfData = typeOfDataMain + " Потери": null

16-10-2024T09:07:32 - [TEST_STEP][PASSED] - if (a == 82): null

16-10-2024T09:07:32 - [TEST_STEP][PASSED] - else if (a == 84): null

16-10-2024T09:07:32 - [TEST_STEP][PASSED] - else if (a == 52 || a == 72 || a == 28 || a == 73 || a == 77 || a == 74 || a == 65 || a == 36 || a == 44 || a == 53 || a == 80 || a == 54 || a == 1 || a == 18 || a == 59 || a == 81): null

16-10-2024T09:07:32 - [TEST_STEP][PASSED] - else: null

16-10-2024T09:07:32 - [TEST_STEP][PASSED] - path = dataFolder + typeOfData + " за отчётный период " + b: null

16-10-2024T09:07:32 - [TEST_STEP][PASSED] - page = getText(findTestObject(path)): Text of object 'Object Repository/Выполнение бизнес-плана/Значения со страницы Выполнение бизнес-плана/План Потери за отчётный период Алтайэнерго' is: '365 793'

16-10-2024T09:07:33 - [MESSAGE][PASSED] - Text of object 'Object Repository/Выполнение бизнес-плана/Значения со страницы Выполнение бизнес-плана/План Потери за отчётный период Алтайэнерго' is: '365 793'

16-10-2024T09:07:33 - [TEST_STEP][PASSED] - page = page.replaceAll("\s+", ""): null

16-10-2024T09:07:33 - [TEST_STEP][PASSED] - filePoteri = poteri.toInteger(): null

16-10-2024T09:07:33 - [TEST_STEP][PASSED] - pagePoteri = page.toInteger(): null

16-10-2024T09:07:33 - [TEST_STEP][PASSED] - compare = pageOtpuskVSet: null

16-10-2024T09:07:33 - [TEST_STEP][PASSED] - if (compare == fileOtpuskVSet): null

16-10-2024T09:07:33 - [TEST_STEP][PASSED] - else if (compare > fileOtpuskVSet): null

16-10-2024T09:07:33 - [TEST_STEP][PASSED] - compare = compare - 1: null

16-10-2024T09:07:33 - [TEST_STEP][PASSED] - if (compare == fileOtpuskVSet): null

16-10-2024T09:07:33 - [TEST_STEP][PASSED] - else: null

16-10-2024T09:07:33 - [TEST_STEP][PASSED] - numberOfErrors = numberOfErrors + 1: null

16-10-2024T09:07:33 - [TEST_STEP][PASSED] - pageInt = pageOtpuskVSet: null

16-10-2024T09:07:33 - [TEST_STEP][PASSED] - fileInt = fileOtpuskVSet: null

16-10-2024T09:07:33 - [TEST_STEP][PASSED] - typeOfData = typeOfDataMain + " Отпуск в сеть": null

16-10-2024T09:07:33 - [TEST_STEP][PASSED] - Script1718980020443.WriteToExcel(a, typeOfData, todaysDate, pageInt, fileInt, pageDouble, fileDouble, dZO): null

16-10-2024T09:07:33 - [TEST_STEP][PASSED] - sheetName = "Sheet1": null

16-10-2024T09:07:33 - [TEST_STEP][PASSED] - data = findTestData("PlanFact"): null

16-10-2024T09:07:33 - [TEST_STEP][PASSED] - n = data.getRowNumbers() + 1: null

16-10-2024T09:07:33 - [TEST_STEP][PASSED] - year = todaysDate.substring(todaysDate.length() - 4, todaysDate.length()): null

16-10-2024T09:07:33 - [TEST_STEP][PASSED] - y = year.toInteger(): null

16-10-2024T09:07:33 - [TEST_STEP][PASSED] - m = getText(findTestObject("Выполнение бизнес-плана/Период")): Text of object 'Object Repository/Выполнение бизнес-плана/Период' is: '1, 2 кв., Июль, Август 2024 года'

16-10-2024T09:07:33 - [MESSAGE][PASSED] - Text of object 'Object Repository/Выполнение бизнес-плана/Период' is: '1, 2 кв., Июль, Август 2024 года'

16-10-2024T09:07:33 - [TEST_STEP][PASSED] - m = m.substring(0, m.indexOf("2024")): null

16-10-2024T09:07:33 - [TEST_STEP][PASSED] - m = m.trim(): null

16-10-2024T09:07:33 - [TEST_STEP][PASSED] - dashboardName = "Выполнение бизнес-плана": null

16-10-2024T09:07:33 - [TEST_STEP][PASSED] - workbook01 = getWorkbook(excelFilePath): null

16-10-2024T09:07:33 - [TEST_STEP][PASSED] - sheet01 = getExcelSheet(workbook01, sheetName): null

16-10-2024T09:07:33 - [TEST_STEP][PASSED] - setValueToCellByIndex(sheet01, n, 0, dashboardName): null

16-10-2024T09:07:33 - [TEST_STEP][PASSED] - setValueToCellByIndex(sheet01, n, 1, dZO): null

16-10-2024T09:07:33 - [TEST_STEP][PASSED] - setValueToCellByIndex(sheet01, n, 2, typeOfData): null

16-10-2024T09:07:33 - [TEST_STEP][PASSED] - if (typeOfData == "Факт в процентах" || typeOfData == "План в процентах"): null

16-10-2024T09:07:33 - [TEST_STEP][PASSED] - else: null

16-10-2024T09:07:33 - [TEST_STEP][PASSED] - setValueToCellByIndex(sheet01, n, 3, fileInt): null

16-10-2024T09:07:33 - [TEST_STEP][PASSED] - setValueToCellByIndex(sheet01, n, 4, pageInt): null

16-10-2024T09:07:33 - [TEST_STEP][PASSED] - setValueToCellByIndex(sheet01, n, 5, m): null

16-10-2024T09:07:33 - [TEST_STEP][PASSED] - setValueToCellByIndex(sheet01, n, 6, y): null

16-10-2024T09:07:33 - [TEST_STEP][PASSED] - setValueToCellByIndex(sheet01, n, 7, todaysDate): null

16-10-2024T09:07:33 - [TEST_STEP][PASSED] - n = n + 1: null

16-10-2024T09:07:33 - [TEST_STEP][PASSED] - saveWorkbook(excelFilePath, workbook01): null

16-10-2024T09:07:33 - [TEST_STEP][PASSED] - compare = pagePoteri: null

16-10-2024T09:07:33 - [TEST_STEP][PASSED] - if (compare == filePoteri): null

16-10-2024T09:07:33 - [TEST_STEP][PASSED] - else if (compare > filePoteri): null

16-10-2024T09:07:33 - [TEST_STEP][PASSED] - compare = compare - 1: null

16-10-2024T09:07:33 - [TEST_STEP][PASSED] - if (compare == filePoteri): null

16-10-2024T09:07:33 - [TEST_STEP][PASSED] - else: null

16-10-2024T09:07:33 - [TEST_STEP][PASSED] - numberOfErrors = numberOfErrors + 1: null

16-10-2024T09:07:33 - [TEST_STEP][PASSED] - pageInt = pagePoteri: null

16-10-2024T09:07:33 - [TEST_STEP][PASSED] - fileInt = filePoteri: null

16-10-2024T09:07:33 - [TEST_STEP][PASSED] - typeOfData = typeOfDataMain + " Потери": null

16-10-2024T09:07:33 - [TEST_STEP][PASSED] - Script1718980020443.WriteToExcel(a, typeOfData, todaysDate, pageInt, fileInt, pageDouble, fileDouble, dZO): null

16-10-2024T09:07:33 - [TEST_STEP][PASSED] - sheetName = "Sheet1": null

16-10-2024T09:07:33 - [TEST_STEP][PASSED] - data = findTestData("PlanFact"): null

16-10-2024T09:07:33 - [TEST_STEP][PASSED] - n = data.getRowNumbers() + 1: null

16-10-2024T09:07:33 - [TEST_STEP][PASSED] - year = todaysDate.substring(todaysDate.length() - 4, todaysDate.length()): null

16-10-2024T09:07:33 - [TEST_STEP][PASSED] - y = year.toInteger(): null

16-10-2024T09:07:33 - [TEST_STEP][PASSED] - m = getText(findTestObject("Выполнение бизнес-плана/Период")): Text of object 'Object Repository/Выполнение бизнес-плана/Период' is: '1, 2 кв., Июль, Август 2024 года'

16-10-2024T09:07:34 - [MESSAGE][PASSED] - Text of object 'Object Repository/Выполнение бизнес-плана/Период' is: '1, 2 кв., Июль, Август 2024 года'

16-10-2024T09:07:34 - [TEST_STEP][PASSED] - m = m.substring(0, m.indexOf("2024")): null

16-10-2024T09:07:34 - [TEST_STEP][PASSED] - m = m.trim(): null

16-10-2024T09:07:34 - [TEST_STEP][PASSED] - dashboardName = "Выполнение бизнес-плана": null

16-10-2024T09:07:34 - [TEST_STEP][PASSED] - workbook01 = getWorkbook(excelFilePath): null

16-10-2024T09:07:34 - [TEST_STEP][PASSED] - sheet01 = getExcelSheet(workbook01, sheetName): null

16-10-2024T09:07:34 - [TEST_STEP][PASSED] - setValueToCellByIndex(sheet01, n, 0, dashboardName): null

16-10-2024T09:07:34 - [TEST_STEP][PASSED] - setValueToCellByIndex(sheet01, n, 1, dZO): null

16-10-2024T09:07:34 - [TEST_STEP][PASSED] - setValueToCellByIndex(sheet01, n, 2, typeOfData): null

16-10-2024T09:07:34 - [TEST_STEP][PASSED] - if (typeOfData == "Факт в процентах" || typeOfData == "План в процентах"): null

16-10-2024T09:07:34 - [TEST_STEP][PASSED] - else: null

16-10-2024T09:07:34 - [TEST_STEP][PASSED] - setValueToCellByIndex(sheet01, n, 3, fileInt): null

16-10-2024T09:07:34 - [TEST_STEP][PASSED] - setValueToCellByIndex(sheet01, n, 4, pageInt): null

16-10-2024T09:07:34 - [TEST_STEP][PASSED] - setValueToCellByIndex(sheet01, n, 5, m): null

16-10-2024T09:07:34 - [TEST_STEP][PASSED] - setValueToCellByIndex(sheet01, n, 6, y): null

16-10-2024T09:07:34 - [TEST_STEP][PASSED] - setValueToCellByIndex(sheet01, n, 7, todaysDate): null

16-10-2024T09:07:34 - [TEST_STEP][PASSED] - n = n + 1: null

16-10-2024T09:07:34 - [TEST_STEP][PASSED] - saveWorkbook(excelFilePath, workbook01): Object: 'Object Repository/Выполнение бизнес-плана/Кнопка Факт' is clicked on

16-10-2024T09:07:34 - [TEST_STEP][PASSED] - if (planFact == 2): Object: 'Object Repository/Выполнение бизнес-плана/Кнопка Факт' is clicked on

16-10-2024T09:07:34 - [TEST_STEP][PASSED] - click(findTestObject("Выполнение бизнес-плана/Кнопка Факт")): Object: 'Object Repository/Выполнение бизнес-плана/Кнопка Факт' is clicked on

16-10-2024T09:07:34 - [MESSAGE][PASSED] - Object: 'Object Repository/Выполнение бизнес-плана/Кнопка Факт' is clicked on

16-10-2024T09:07:34 - [TEST_STEP][PASSED] - if (a == 84 || a == 82): null

16-10-2024T09:07:34 - [TEST_STEP][PASSED] - else if (a == 52 || a == 72 || a == 28 || a == 73 || a == 77 || a == 74 || a == 65 || a == 36 || a == 44 || a == 53 || a == 80 || a == 54 || a == 1 || a == 18 || a == 59 || a == 81): null

16-10-2024T09:07:34 - [TEST_STEP][PASSED] - else: null

16-10-2024T09:07:34 - [TEST_STEP][PASSED] - page1 = getText(findTestObject("Object Repository/Выполнение бизнес-плана/spanPlan" + filialNum)): Text of object 'Object Repository/Выполнение бизнес-плана/spanPlan1' is: '6.62
|'

16-10-2024T09:07:35 - [MESSAGE][PASSED] - Text of object 'Object Repository/Выполнение бизнес-плана/spanPlan1' is: '6.62
|'

16-10-2024T09:07:35 - [TEST_STEP][PASSED] - page1 = page1.replace("|", ""): null

16-10-2024T09:07:35 - [TEST_STEP][PASSED] - page2 = getText(findTestObject("Object Repository/Выполнение бизнес-плана/spanFact" + filialNum)): Text of object 'Object Repository/Выполнение бизнес-плана/spanFact1' is: '6.51
|'

16-10-2024T09:07:35 - [MESSAGE][PASSED] - Text of object 'Object Repository/Выполнение бизнес-плана/spanFact1' is: '6.51
|'

16-10-2024T09:07:35 - [TEST_STEP][PASSED] - page2 = page2.replace("|", ""): null

16-10-2024T09:07:35 - [TEST_STEP][PASSED] - println("page1: " + page1): null

16-10-2024T09:07:35 - [TEST_STEP][PASSED] - println("page2: " + page2): null

16-10-2024T09:07:35 - [TEST_STEP][PASSED] - file = findTestData("PlanFact").getValue(4, a): null

16-10-2024T09:07:35 - [TEST_STEP][PASSED] - file = file.replace(",", "."): null

16-10-2024T09:07:35 - [TEST_STEP][PASSED] - println("file Plan: " + file): null

16-10-2024T09:07:35 - [TEST_STEP][PASSED] - typeOfData = "План в процентах": null

16-10-2024T09:07:35 - [TEST_STEP][PASSED] - fileDouble = file.toDouble(): null

16-10-2024T09:07:35 - [TEST_STEP][PASSED] - pageDouble = page1.toDouble(): null

16-10-2024T09:07:35 - [TEST_STEP][PASSED] - if (fileDouble != pageDouble): null

16-10-2024T09:07:35 - [TEST_STEP][PASSED] - numberOfErrors = numberOfErrors + 1: null

16-10-2024T09:07:35 - [TEST_STEP][PASSED] - Script1718980020443.WriteToExcel(a, typeOfData, todaysDate, pageInt, fileInt, pageDouble, fileDouble, dZO): null

16-10-2024T09:07:35 - [TEST_STEP][PASSED] - sheetName = "Sheet1": null

16-10-2024T09:07:35 - [TEST_STEP][PASSED] - data = findTestData("PlanFact"): null

16-10-2024T09:07:35 - [TEST_STEP][PASSED] - n = data.getRowNumbers() + 1: null

16-10-2024T09:07:35 - [TEST_STEP][PASSED] - year = todaysDate.substring(todaysDate.length() - 4, todaysDate.length()): null

16-10-2024T09:07:35 - [TEST_STEP][PASSED] - y = year.toInteger(): null

16-10-2024T09:07:35 - [TEST_STEP][PASSED] - m = getText(findTestObject("Выполнение бизнес-плана/Период")): Text of object 'Object Repository/Выполнение бизнес-плана/Период' is: '1, 2 кв., Июль, Август 2024 года'

16-10-2024T09:07:35 - [MESSAGE][PASSED] - Text of object 'Object Repository/Выполнение бизнес-плана/Период' is: '1, 2 кв., Июль, Август 2024 года'

16-10-2024T09:07:35 - [TEST_STEP][PASSED] - m = m.substring(0, m.indexOf("2024")): null

16-10-2024T09:07:35 - [TEST_STEP][PASSED] - m = m.trim(): null

16-10-2024T09:07:35 - [TEST_STEP][PASSED] - dashboardName = "Выполнение бизнес-плана": null

16-10-2024T09:07:35 - [TEST_STEP][PASSED] - workbook01 = getWorkbook(excelFilePath): null

16-10-2024T09:07:35 - [TEST_STEP][PASSED] - sheet01 = getExcelSheet(workbook01, sheetName): null

16-10-2024T09:07:35 - [TEST_STEP][PASSED] - setValueToCellByIndex(sheet01, n, 0, dashboardName): null

16-10-2024T09:07:35 - [TEST_STEP][PASSED] - setValueToCellByIndex(sheet01, n, 1, dZO): null

16-10-2024T09:07:35 - [TEST_STEP][PASSED] - setValueToCellByIndex(sheet01, n, 2, typeOfData): null

16-10-2024T09:07:35 - [TEST_STEP][PASSED] - if (typeOfData == "Факт в процентах" || typeOfData == "План в процентах"): null

16-10-2024T09:07:35 - [TEST_STEP][PASSED] - setValueToCellByIndex(sheet01, n, 3, fileDouble): null

16-10-2024T09:07:35 - [TEST_STEP][PASSED] - setValueToCellByIndex(sheet01, n, 4, pageDouble): null

16-10-2024T09:07:35 - [TEST_STEP][PASSED] - setValueToCellByIndex(sheet01, n, 5, m): null

16-10-2024T09:07:35 - [TEST_STEP][PASSED] - setValueToCellByIndex(sheet01, n, 6, y): null

16-10-2024T09:07:35 - [TEST_STEP][PASSED] - setValueToCellByIndex(sheet01, n, 7, todaysDate): null

16-10-2024T09:07:35 - [TEST_STEP][PASSED] - n = n + 1: null

16-10-2024T09:07:35 - [TEST_STEP][PASSED] - saveWorkbook(excelFilePath, workbook01): null

16-10-2024T09:07:36 - [TEST_STEP][PASSED] - file = findTestData("PlanFact").getValue(7, a): null

16-10-2024T09:07:36 - [TEST_STEP][PASSED] - file = file.replace(",", "."): null

16-10-2024T09:07:36 - [TEST_STEP][PASSED] - println("file Fact: " + file): null

16-10-2024T09:07:36 - [TEST_STEP][PASSED] - fileDouble = file.toDouble(): null

16-10-2024T09:07:36 - [TEST_STEP][PASSED] - typeOfData = "Факт в процентах": null

16-10-2024T09:07:36 - [TEST_STEP][PASSED] - fileDouble = file.toDouble(): null

16-10-2024T09:07:36 - [TEST_STEP][PASSED] - pageDouble = page2.toDouble(): null

16-10-2024T09:07:36 - [TEST_STEP][PASSED] - if (fileDouble != pageDouble): null

16-10-2024T09:07:36 - [TEST_STEP][PASSED] - numberOfErrors = numberOfErrors + 1: null

16-10-2024T09:07:36 - [TEST_STEP][PASSED] - Script1718980020443.WriteToExcel(a, typeOfData, todaysDate, pageInt, fileInt, pageDouble, fileDouble, dZO): null

16-10-2024T09:07:36 - [TEST_STEP][PASSED] - sheetName = "Sheet1": null

16-10-2024T09:07:36 - [TEST_STEP][PASSED] - data = findTestData("PlanFact"): null

16-10-2024T09:07:36 - [TEST_STEP][PASSED] - n = data.getRowNumbers() + 1: null

16-10-2024T09:07:36 - [TEST_STEP][PASSED] - year = todaysDate.substring(todaysDate.length() - 4, todaysDate.length()): null

16-10-2024T09:07:36 - [TEST_STEP][PASSED] - y = year.toInteger(): null

16-10-2024T09:07:36 - [TEST_STEP][PASSED] - m = getText(findTestObject("Выполнение бизнес-плана/Период")): Text of object 'Object Repository/Выполнение бизнес-плана/Период' is: '1, 2 кв., Июль, Август 2024 года'

16-10-2024T09:07:36 - [MESSAGE][PASSED] - Text of object 'Object Repository/Выполнение бизнес-плана/Период' is: '1, 2 кв., Июль, Август 2024 года'

16-10-2024T09:07:36 - [TEST_STEP][PASSED] - m = m.substring(0, m.indexOf("2024")): null

16-10-2024T09:07:36 - [TEST_STEP][PASSED] - m = m.trim(): null

16-10-2024T09:07:36 - [TEST_STEP][PASSED] - dashboardName = "Выполнение бизнес-плана": null

16-10-2024T09:07:36 - [TEST_STEP][PASSED] - workbook01 = getWorkbook(excelFilePath): null

16-10-2024T09:07:36 - [TEST_STEP][PASSED] - sheet01 = getExcelSheet(workbook01, sheetName): null

16-10-2024T09:07:36 - [TEST_STEP][PASSED] - setValueToCellByIndex(sheet01, n, 0, dashboardName): null

16-10-2024T09:07:36 - [TEST_STEP][PASSED] - setValueToCellByIndex(sheet01, n, 1, dZO): null

16-10-2024T09:07:36 - [TEST_STEP][PASSED] - setValueToCellByIndex(sheet01, n, 2, typeOfData): null

16-10-2024T09:07:36 - [TEST_STEP][PASSED] - if (typeOfData == "Факт в процентах" || typeOfData == "План в процентах"): null

16-10-2024T09:07:36 - [TEST_STEP][PASSED] - setValueToCellByIndex(sheet01, n, 3, fileDouble): null

16-10-2024T09:07:36 - [TEST_STEP][PASSED] - setValueToCellByIndex(sheet01, n, 4, pageDouble): null

16-10-2024T09:07:36 - [TEST_STEP][PASSED] - setValueToCellByIndex(sheet01, n, 5, m): null

16-10-2024T09:07:36 - [TEST_STEP][PASSED] - setValueToCellByIndex(sheet01, n, 6, y): null

16-10-2024T09:07:36 - [TEST_STEP][PASSED] - setValueToCellByIndex(sheet01, n, 7, todaysDate): null

16-10-2024T09:07:36 - [TEST_STEP][PASSED] - n = n + 1: null

16-10-2024T09:07:36 - [TEST_STEP][PASSED] - saveWorkbook(excelFilePath, workbook01): null

16-10-2024T09:07:36 - [TEST_STEP][FAILED] - if (verifyEqual(numberOfErrors, 0) == false): null

16-10-2024T09:07:36 - [MESSAGE][FAILED] - Unable to verify equal between actual object '6' and expected object '0' (Root cause: com.kms.katalon.core.exception.StepFailedException: Actual object '6' and expected object '0' are not equal
	at com.kms.katalon.core.keyword.builtin.VerifyEqualKeyword$_verifyEqual_closure1.doCall(VerifyEqualKeyword.groovy:58)
	at com.kms.katalon.core.keyword.builtin.VerifyEqualKeyword$_verifyEqual_closure1.call(VerifyEqualKeyword.groovy)
	at com.kms.katalon.core.keyword.internal.KeywordMain.runKeyword(KeywordMain.groovy:75)
	at com.kms.katalon.core.keyword.builtin.VerifyEqualKeyword.verifyEqual(VerifyEqualKeyword.groovy:63)
	at com.kms.katalon.core.keyword.builtin.VerifyEqualKeyword.execute(VerifyEqualKeyword.groovy:44)
	at com.kms.katalon.core.keyword.internal.KeywordExecutor.executeKeywordForPlatform(KeywordExecutor.groovy:74)
	at com.kms.katalon.core.keyword.BuiltinKeywords.verifyEqual(BuiltinKeywords.groovy:146)
	at java.base/jdk.internal.reflect.NativeMethodAccessorImpl.invoke0(Native Method)
	at java.base/jdk.internal.reflect.NativeMethodAccessorImpl.invoke(NativeMethodAccessorImpl.java:77)
	at java.base/jdk.internal.reflect.DelegatingMethodAccessorImpl.invoke(DelegatingMethodAccessorImpl.java:43)
	at Выполнение бизнес-плана Сверка ПАО Россети все филиалы.Numbers(Выполнение бизнес-плана Сверка ПАО Россети все филиалы:749)
	at Выполнение бизнес-плана Сверка ПАО Россети все филиалы.Filials(Выполнение бизнес-плана Сверка ПАО Россети все филиалы:1562)
	at Выполнение бизнес-плана Сверка ПАО Россети все филиалы.Numbers(Выполнение бизнес-плана Сверка ПАО Россети все филиалы:754)
	at Выполнение бизнес-плана Сверка ПАО Россети все филиалы.run(Выполнение бизнес-плана Сверка ПАО Россети все филиалы:341)
	at com.kms.katalon.core.main.ScriptEngine.run(ScriptEngine.java:194)
	at com.kms.katalon.core.main.ScriptEngine.runScriptAsRawText(ScriptEngine.java:119)
	at com.kms.katalon.core.main.TestCaseExecutor.runScript(TestCaseExecutor.java:448)
	at com.kms.katalon.core.main.TestCaseExecutor.doExecute(TestCaseExecutor.java:439)
	at com.kms.katalon.core.main.TestCaseExecutor.processExecutionPhase(TestCaseExecutor.java:418)
	at com.kms.katalon.core.main.TestCaseExecutor.accessMainPhase(TestCaseExecutor.java:410)
	at com.kms.katalon.core.main.TestCaseExecutor.execute(TestCaseExecutor.java:285)
	at com.kms.katalon.core.common.CommonExecutor.accessTestCaseMainPhase(CommonExecutor.java:65)
	at com.kms.katalon.core.main.TestSuiteExecutor.accessTestSuiteMainPhase(TestSuiteExecutor.java:150)
	at com.kms.katalon.core.main.TestSuiteExecutor.execute(TestSuiteExecutor.java:106)
	at com.kms.katalon.core.main.TestCaseMain.startTestSuite(TestCaseMain.java:180)
	at TempTestSuite1729057289574.run(TempTestSuite1729057289574.groovy:35)
	at java.base/jdk.internal.reflect.NativeMethodAccessorImpl.invoke0(Native Method)
	at java.base/jdk.internal.reflect.NativeMethodAccessorImpl.invoke(NativeMethodAccessorImpl.java:77)
	at java.base/jdk.internal.reflect.DelegatingMethodAccessorImpl.invoke(DelegatingMethodAccessorImpl.java:43)
)

16-10-2024T09:07:36 - [TEST_STEP][PASSED] - println(numberOfErrors): null

16-10-2024T09:07:36 - [TEST_STEP][PASSED] - if (a == 28 || a == 77 || a == 74 || a == 65 || a == 36 || a == 44 || a == 54 || a == 1 || a == 18 || a == 59): null

16-10-2024T09:07:36 - [TEST_STEP][PASSED] - if (a == 82): null

16-10-2024T09:07:36 - [TEST_STEP][PASSED] - dZO = "Бурятэнерго": null

16-10-2024T09:07:36 - [TEST_STEP][PASSED] - a = 46: null

16-10-2024T09:07:36 - [TEST_STEP][PASSED] - if (x2.contains(dZO)): null

16-10-2024T09:07:36 - [TEST_STEP][PASSED] - filialNum = filialNum + 1: null

16-10-2024T09:07:36 - [TEST_STEP][PASSED] - Script1718980020443.Numbers(a, typeOfData, todaysDate, pageInt, fileInt, pageDouble, fileDouble, dZO, dzoNum, filialNum): null

16-10-2024T09:07:36 - [TEST_STEP][PASSED] - println(dzoNum): null

16-10-2024T09:07:36 - [TEST_STEP][PASSED] - planFact = <not implemented yet for class: org.codehaus.groovy.ast.expr.EmptyExpression>: null

16-10-2024T09:07:36 - [TEST_STEP][PASSED] - page = <not implemented yet for class: org.codehaus.groovy.ast.expr.EmptyExpression>: null

16-10-2024T09:07:36 - [TEST_STEP][PASSED] - page1 = <not implemented yet for class: org.codehaus.groovy.ast.expr.EmptyExpression>: null

16-10-2024T09:07:36 - [TEST_STEP][PASSED] - page2 = <not implemented yet for class: org.codehaus.groovy.ast.expr.EmptyExpression>: null

16-10-2024T09:07:36 - [TEST_STEP][PASSED] - filialNumberInRow = <not implemented yet for class: org.codehaus.groovy.ast.expr.EmptyExpression>: null

16-10-2024T09:07:36 - [TEST_STEP][PASSED] - filialsDzoNames = <not implemented yet for class: org.codehaus.groovy.ast.expr.EmptyExpression>: null

16-10-2024T09:07:36 - [TEST_STEP][PASSED] - numberOfFilials = <not implemented yet for class: org.codehaus.groovy.ast.expr.EmptyExpression>: null

16-10-2024T09:07:36 - [TEST_STEP][PASSED] - numberOfSpaces = <not implemented yet for class: org.codehaus.groovy.ast.expr.EmptyExpression>: null

16-10-2024T09:07:36 - [TEST_STEP][PASSED] - file = <not implemented yet for class: org.codehaus.groovy.ast.expr.EmptyExpression>: null

16-10-2024T09:07:36 - [TEST_STEP][PASSED] - otpusk = <not implemented yet for class: org.codehaus.groovy.ast.expr.EmptyExpression>: null

16-10-2024T09:07:36 - [TEST_STEP][PASSED] - poteri = <not implemented yet for class: org.codehaus.groovy.ast.expr.EmptyExpression>: null

16-10-2024T09:07:36 - [TEST_STEP][PASSED] - dataFolder = "Выполнение бизнес-плана/Значения со страницы Выполнение бизнес-плана/": null

16-10-2024T09:07:36 - [TEST_STEP][PASSED] - path = <not implemented yet for class: org.codehaus.groovy.ast.expr.EmptyExpression>: null

16-10-2024T09:07:36 - [TEST_STEP][PASSED] - typeOfDataMain = <not implemented yet for class: org.codehaus.groovy.ast.expr.EmptyExpression>: null

16-10-2024T09:07:36 - [TEST_STEP][PASSED] - fileOtpuskVSet = <not implemented yet for class: org.codehaus.groovy.ast.expr.EmptyExpression>: null

16-10-2024T09:07:36 - [TEST_STEP][PASSED] - pageOtpuskVSet = <not implemented yet for class: org.codehaus.groovy.ast.expr.EmptyExpression>: null

16-10-2024T09:07:36 - [TEST_STEP][PASSED] - filePoteri = <not implemented yet for class: org.codehaus.groovy.ast.expr.EmptyExpression>: null

16-10-2024T09:07:36 - [TEST_STEP][PASSED] - pagePoteri = <not implemented yet for class: org.codehaus.groovy.ast.expr.EmptyExpression>: null

16-10-2024T09:07:36 - [TEST_STEP][PASSED] - compare = <not implemented yet for class: org.codehaus.groovy.ast.expr.EmptyExpression>: null

16-10-2024T09:07:36 - [TEST_STEP][PASSED] - b = <not implemented yet for class: org.codehaus.groovy.ast.expr.EmptyExpression>: null

16-10-2024T09:07:36 - [TEST_STEP][PASSED] - i = <not implemented yet for class: org.codehaus.groovy.ast.expr.EmptyExpression>: null

16-10-2024T09:07:36 - [TEST_STEP][PASSED] - ii = <not implemented yet for class: org.codehaus.groovy.ast.expr.EmptyExpression>: null

16-10-2024T09:07:36 - [TEST_STEP][PASSED] - c = <not implemented yet for class: org.codehaus.groovy.ast.expr.EmptyExpression>: null

16-10-2024T09:07:36 - [TEST_STEP][PASSED] - numberOfErrors = 0: null

16-10-2024T09:07:36 - [TEST_STEP][PASSED] - if (a == 82): null

16-10-2024T09:07:36 - [TEST_STEP][PASSED] - b = findTestData("PlanFact").getValue(1, a): null

16-10-2024T09:07:36 - [TEST_STEP][PASSED] - i = b.indexOf(" (ГК)"): null

16-10-2024T09:07:36 - [TEST_STEP][PASSED] - if (i > -1): null

16-10-2024T09:07:36 - [TEST_STEP][PASSED] - i = b.indexOf("О ""): null

16-10-2024T09:07:36 - [TEST_STEP][PASSED] - if (i > -1): null

16-10-2024T09:07:36 - [TEST_STEP][PASSED] - i = b.indexOf("О «"): null

16-10-2024T09:07:36 - [TEST_STEP][PASSED] - if (i > -1): null

16-10-2024T09:07:36 - [TEST_STEP][PASSED] - i = b.indexOf("г. "): null

16-10-2024T09:07:36 - [TEST_STEP][PASSED] - if (i > -1): null

16-10-2024T09:07:36 - [TEST_STEP][PASSED] - println(b): null

16-10-2024T09:07:36 - [TEST_STEP][PASSED] - for ([planFact = 1, planFact < 3, (planFact++)]): null

16-10-2024T09:07:36 - [TEST_STEP][PASSED] - if (planFact == 1): null

16-10-2024T09:07:36 - [TEST_STEP][PASSED] - typeOfDataMain = "Факт": null

16-10-2024T09:07:36 - [TEST_STEP][PASSED] - otpusk = findTestData("PlanFact").getValue(5, a): null

16-10-2024T09:07:36 - [TEST_STEP][PASSED] - poteri = findTestData("PlanFact").getValue(6, a): null

16-10-2024T09:07:36 - [TEST_STEP][PASSED] - otpusk = otpusk.replaceAll("\s+", ""): null

16-10-2024T09:07:36 - [TEST_STEP][PASSED] - poteri = poteri.replaceAll("\s+", ""): null

16-10-2024T09:07:36 - [TEST_STEP][PASSED] - typeOfData = typeOfDataMain + " Отпуск в сеть": null

16-10-2024T09:07:36 - [TEST_STEP][PASSED] - if (a == 82): null

16-10-2024T09:07:36 - [TEST_STEP][PASSED] - else if (a == 84): null

16-10-2024T09:07:36 - [TEST_STEP][PASSED] - else if (a == 52 || a == 72 || a == 28 || a == 73 || a == 77 || a == 74 || a == 65 || a == 36 || a == 44 || a == 53 || a == 80 || a == 54 || a == 1 || a == 18 || a == 59 || a == 81): null

16-10-2024T09:07:36 - [TEST_STEP][PASSED] - else: null

16-10-2024T09:07:36 - [TEST_STEP][PASSED] - path = dataFolder + typeOfData + " за отчётный период " + b: null

16-10-2024T09:07:36 - [TEST_STEP][PASSED] - println(path): null

16-10-2024T09:07:36 - [TEST_STEP][PASSED] - page = getText(findTestObject(path)): Text of object 'Object Repository/Выполнение бизнес-плана/Значения со страницы Выполнение бизнес-плана/Факт Отпуск в сеть за отчётный период Бурятэнерго' is: '3 394 002'

16-10-2024T09:07:37 - [MESSAGE][PASSED] - Text of object 'Object Repository/Выполнение бизнес-плана/Значения со страницы Выполнение бизнес-плана/Факт Отпуск в сеть за отчётный период Бурятэнерго' is: '3 394 002'

16-10-2024T09:07:37 - [TEST_STEP][PASSED] - page = page.replaceAll("\s+", ""): null

16-10-2024T09:07:37 - [TEST_STEP][PASSED] - fileOtpuskVSet = otpusk.toInteger(): null

16-10-2024T09:07:37 - [TEST_STEP][PASSED] - pageOtpuskVSet = page.toInteger(): null

16-10-2024T09:07:37 - [TEST_STEP][PASSED] - typeOfData = typeOfDataMain + " Потери": null

16-10-2024T09:07:37 - [TEST_STEP][PASSED] - if (a == 82): null

16-10-2024T09:07:37 - [TEST_STEP][PASSED] - else if (a == 84): null

16-10-2024T09:07:37 - [TEST_STEP][PASSED] - else if (a == 52 || a == 72 || a == 28 || a == 73 || a == 77 || a == 74 || a == 65 || a == 36 || a == 44 || a == 53 || a == 80 || a == 54 || a == 1 || a == 18 || a == 59 || a == 81): null

16-10-2024T09:07:37 - [TEST_STEP][PASSED] - else: null

16-10-2024T09:07:37 - [TEST_STEP][PASSED] - path = dataFolder + typeOfData + " за отчётный период " + b: null

16-10-2024T09:07:37 - [TEST_STEP][PASSED] - page = getText(findTestObject(path)): Text of object 'Object Repository/Выполнение бизнес-плана/Значения со страницы Выполнение бизнес-плана/Факт Потери за отчётный период Бурятэнерго' is: '362 618'

16-10-2024T09:07:37 - [MESSAGE][PASSED] - Text of object 'Object Repository/Выполнение бизнес-плана/Значения со страницы Выполнение бизнес-плана/Факт Потери за отчётный период Бурятэнерго' is: '362 618'

16-10-2024T09:07:37 - [TEST_STEP][PASSED] - page = page.replaceAll("\s+", ""): null

16-10-2024T09:07:37 - [TEST_STEP][PASSED] - filePoteri = poteri.toInteger(): null

16-10-2024T09:07:37 - [TEST_STEP][PASSED] - pagePoteri = page.toInteger(): null

16-10-2024T09:07:37 - [TEST_STEP][PASSED] - compare = pageOtpuskVSet: null

16-10-2024T09:07:37 - [TEST_STEP][PASSED] - if (compare == fileOtpuskVSet): null

16-10-2024T09:07:37 - [TEST_STEP][PASSED] - else if (compare > fileOtpuskVSet): null

16-10-2024T09:07:37 - [TEST_STEP][PASSED] - compare = compare - 1: null

16-10-2024T09:07:37 - [TEST_STEP][PASSED] - if (compare == fileOtpuskVSet): null

16-10-2024T09:07:37 - [TEST_STEP][PASSED] - else: null

16-10-2024T09:07:37 - [TEST_STEP][PASSED] - numberOfErrors = numberOfErrors + 1: null

16-10-2024T09:07:37 - [TEST_STEP][PASSED] - pageInt = pageOtpuskVSet: null

16-10-2024T09:07:37 - [TEST_STEP][PASSED] - fileInt = fileOtpuskVSet: null

16-10-2024T09:07:37 - [TEST_STEP][PASSED] - typeOfData = typeOfDataMain + " Отпуск в сеть": null

16-10-2024T09:07:37 - [TEST_STEP][PASSED] - Script1718980020443.WriteToExcel(a, typeOfData, todaysDate, pageInt, fileInt, pageDouble, fileDouble, dZO): null

16-10-2024T09:07:37 - [TEST_STEP][PASSED] - sheetName = "Sheet1": null

16-10-2024T09:07:37 - [TEST_STEP][PASSED] - data = findTestData("PlanFact"): null

16-10-2024T09:07:37 - [TEST_STEP][PASSED] - n = data.getRowNumbers() + 1: null

16-10-2024T09:07:37 - [TEST_STEP][PASSED] - year = todaysDate.substring(todaysDate.length() - 4, todaysDate.length()): null

16-10-2024T09:07:37 - [TEST_STEP][PASSED] - y = year.toInteger(): null

16-10-2024T09:07:37 - [TEST_STEP][PASSED] - m = getText(findTestObject("Выполнение бизнес-плана/Период")): Text of object 'Object Repository/Выполнение бизнес-плана/Период' is: '1, 2 кв., Июль, Август 2024 года'

16-10-2024T09:07:37 - [MESSAGE][PASSED] - Text of object 'Object Repository/Выполнение бизнес-плана/Период' is: '1, 2 кв., Июль, Август 2024 года'

16-10-2024T09:07:37 - [TEST_STEP][PASSED] - m = m.substring(0, m.indexOf("2024")): null

16-10-2024T09:07:37 - [TEST_STEP][PASSED] - m = m.trim(): null

16-10-2024T09:07:37 - [TEST_STEP][PASSED] - dashboardName = "Выполнение бизнес-плана": null

16-10-2024T09:07:37 - [TEST_STEP][PASSED] - workbook01 = getWorkbook(excelFilePath): null

16-10-2024T09:07:37 - [TEST_STEP][PASSED] - sheet01 = getExcelSheet(workbook01, sheetName): null

16-10-2024T09:07:37 - [TEST_STEP][PASSED] - setValueToCellByIndex(sheet01, n, 0, dashboardName): null

16-10-2024T09:07:37 - [TEST_STEP][PASSED] - setValueToCellByIndex(sheet01, n, 1, dZO): null

16-10-2024T09:07:37 - [TEST_STEP][PASSED] - setValueToCellByIndex(sheet01, n, 2, typeOfData): null

16-10-2024T09:07:37 - [TEST_STEP][PASSED] - if (typeOfData == "Факт в процентах" || typeOfData == "План в процентах"): null

16-10-2024T09:07:37 - [TEST_STEP][PASSED] - else: null

16-10-2024T09:07:37 - [TEST_STEP][PASSED] - setValueToCellByIndex(sheet01, n, 3, fileInt): null

16-10-2024T09:07:37 - [TEST_STEP][PASSED] - setValueToCellByIndex(sheet01, n, 4, pageInt): null

16-10-2024T09:07:37 - [TEST_STEP][PASSED] - setValueToCellByIndex(sheet01, n, 5, m): null

16-10-2024T09:07:37 - [TEST_STEP][PASSED] - setValueToCellByIndex(sheet01, n, 6, y): null

16-10-2024T09:07:37 - [TEST_STEP][PASSED] - setValueToCellByIndex(sheet01, n, 7, todaysDate): null

16-10-2024T09:07:37 - [TEST_STEP][PASSED] - n = n + 1: null

16-10-2024T09:07:37 - [TEST_STEP][PASSED] - saveWorkbook(excelFilePath, workbook01): null

16-10-2024T09:07:38 - [TEST_STEP][PASSED] - compare = pagePoteri: null

16-10-2024T09:07:38 - [TEST_STEP][PASSED] - if (compare == filePoteri): null

16-10-2024T09:07:38 - [TEST_STEP][PASSED] - else if (compare > filePoteri): null

16-10-2024T09:07:38 - [TEST_STEP][PASSED] - compare = compare - 1: null

16-10-2024T09:07:38 - [TEST_STEP][PASSED] - if (compare == filePoteri): null

16-10-2024T09:07:38 - [TEST_STEP][PASSED] - else: null

16-10-2024T09:07:38 - [TEST_STEP][PASSED] - numberOfErrors = numberOfErrors + 1: null

16-10-2024T09:07:38 - [TEST_STEP][PASSED] - pageInt = pagePoteri: null

16-10-2024T09:07:38 - [TEST_STEP][PASSED] - fileInt = filePoteri: null

16-10-2024T09:07:38 - [TEST_STEP][PASSED] - typeOfData = typeOfDataMain + " Потери": null

16-10-2024T09:07:38 - [TEST_STEP][PASSED] - Script1718980020443.WriteToExcel(a, typeOfData, todaysDate, pageInt, fileInt, pageDouble, fileDouble, dZO): null

16-10-2024T09:07:38 - [TEST_STEP][PASSED] - sheetName = "Sheet1": null

16-10-2024T09:07:38 - [TEST_STEP][PASSED] - data = findTestData("PlanFact"): null

16-10-2024T09:07:38 - [TEST_STEP][PASSED] - n = data.getRowNumbers() + 1: null

16-10-2024T09:07:38 - [TEST_STEP][PASSED] - year = todaysDate.substring(todaysDate.length() - 4, todaysDate.length()): null

16-10-2024T09:07:38 - [TEST_STEP][PASSED] - y = year.toInteger(): null

16-10-2024T09:07:38 - [TEST_STEP][PASSED] - m = getText(findTestObject("Выполнение бизнес-плана/Период")): Text of object 'Object Repository/Выполнение бизнес-плана/Период' is: '1, 2 кв., Июль, Август 2024 года'

16-10-2024T09:07:38 - [MESSAGE][PASSED] - Text of object 'Object Repository/Выполнение бизнес-плана/Период' is: '1, 2 кв., Июль, Август 2024 года'

16-10-2024T09:07:38 - [TEST_STEP][PASSED] - m = m.substring(0, m.indexOf("2024")): null

16-10-2024T09:07:38 - [TEST_STEP][PASSED] - m = m.trim(): null

16-10-2024T09:07:38 - [TEST_STEP][PASSED] - dashboardName = "Выполнение бизнес-плана": null

16-10-2024T09:07:38 - [TEST_STEP][PASSED] - workbook01 = getWorkbook(excelFilePath): null

16-10-2024T09:07:38 - [TEST_STEP][PASSED] - sheet01 = getExcelSheet(workbook01, sheetName): null

16-10-2024T09:07:38 - [TEST_STEP][PASSED] - setValueToCellByIndex(sheet01, n, 0, dashboardName): null

16-10-2024T09:07:38 - [TEST_STEP][PASSED] - setValueToCellByIndex(sheet01, n, 1, dZO): null

16-10-2024T09:07:38 - [TEST_STEP][PASSED] - setValueToCellByIndex(sheet01, n, 2, typeOfData): null

16-10-2024T09:07:38 - [TEST_STEP][PASSED] - if (typeOfData == "Факт в процентах" || typeOfData == "План в процентах"): null

16-10-2024T09:07:38 - [TEST_STEP][PASSED] - else: null

16-10-2024T09:07:38 - [TEST_STEP][PASSED] - setValueToCellByIndex(sheet01, n, 3, fileInt): null

16-10-2024T09:07:38 - [TEST_STEP][PASSED] - setValueToCellByIndex(sheet01, n, 4, pageInt): null

16-10-2024T09:07:38 - [TEST_STEP][PASSED] - setValueToCellByIndex(sheet01, n, 5, m): null

16-10-2024T09:07:38 - [TEST_STEP][PASSED] - setValueToCellByIndex(sheet01, n, 6, y): null

16-10-2024T09:07:38 - [TEST_STEP][PASSED] - setValueToCellByIndex(sheet01, n, 7, todaysDate): null

16-10-2024T09:07:38 - [TEST_STEP][PASSED] - n = n + 1: null

16-10-2024T09:07:38 - [TEST_STEP][PASSED] - saveWorkbook(excelFilePath, workbook01): null

16-10-2024T09:07:38 - [TEST_STEP][PASSED] - if (planFact == 2): null

16-10-2024T09:07:38 - [TEST_STEP][PASSED] - if (planFact == 1): null

16-10-2024T09:07:38 - [TEST_STEP][PASSED] - else if (planFact == 2): null

16-10-2024T09:07:38 - [TEST_STEP][PASSED] - click(findTestObject("Выполнение бизнес-плана/Кнопка План")): Object: 'Object Repository/Выполнение бизнес-плана/Кнопка План' is clicked on

16-10-2024T09:07:39 - [MESSAGE][PASSED] - Object: 'Object Repository/Выполнение бизнес-плана/Кнопка План' is clicked on

16-10-2024T09:07:39 - [TEST_STEP][PASSED] - typeOfDataMain = "План": null

16-10-2024T09:07:39 - [TEST_STEP][PASSED] - otpusk = findTestData("PlanFact").getValue(2, a): null

16-10-2024T09:07:39 - [TEST_STEP][PASSED] - poteri = findTestData("PlanFact").getValue(3, a): null

16-10-2024T09:07:39 - [TEST_STEP][PASSED] - otpusk = otpusk.replaceAll("\s+", ""): null

16-10-2024T09:07:39 - [TEST_STEP][PASSED] - poteri = poteri.replaceAll("\s+", ""): null

16-10-2024T09:07:39 - [TEST_STEP][PASSED] - typeOfData = typeOfDataMain + " Отпуск в сеть": null

16-10-2024T09:07:39 - [TEST_STEP][PASSED] - if (a == 82): null

16-10-2024T09:07:39 - [TEST_STEP][PASSED] - else if (a == 84): null

16-10-2024T09:07:39 - [TEST_STEP][PASSED] - else if (a == 52 || a == 72 || a == 28 || a == 73 || a == 77 || a == 74 || a == 65 || a == 36 || a == 44 || a == 53 || a == 80 || a == 54 || a == 1 || a == 18 || a == 59 || a == 81): null

16-10-2024T09:07:39 - [TEST_STEP][PASSED] - else: null

16-10-2024T09:07:39 - [TEST_STEP][PASSED] - path = dataFolder + typeOfData + " за отчётный период " + b: null

16-10-2024T09:07:39 - [TEST_STEP][PASSED] - println(path): null

16-10-2024T09:07:39 - [TEST_STEP][PASSED] - page = getText(findTestObject(path)): Text of object 'Object Repository/Выполнение бизнес-плана/Значения со страницы Выполнение бизнес-плана/План Отпуск в сеть за отчётный период Бурятэнерго' is: '3 262 669'

16-10-2024T09:07:39 - [MESSAGE][PASSED] - Text of object 'Object Repository/Выполнение бизнес-плана/Значения со страницы Выполнение бизнес-плана/План Отпуск в сеть за отчётный период Бурятэнерго' is: '3 262 669'

16-10-2024T09:07:39 - [TEST_STEP][PASSED] - page = page.replaceAll("\s+", ""): null

16-10-2024T09:07:39 - [TEST_STEP][PASSED] - fileOtpuskVSet = otpusk.toInteger(): null

16-10-2024T09:07:39 - [TEST_STEP][PASSED] - pageOtpuskVSet = page.toInteger(): null

16-10-2024T09:07:39 - [TEST_STEP][PASSED] - typeOfData = typeOfDataMain + " Потери": null

16-10-2024T09:07:39 - [TEST_STEP][PASSED] - if (a == 82): null

16-10-2024T09:07:39 - [TEST_STEP][PASSED] - else if (a == 84): null

16-10-2024T09:07:39 - [TEST_STEP][PASSED] - else if (a == 52 || a == 72 || a == 28 || a == 73 || a == 77 || a == 74 || a == 65 || a == 36 || a == 44 || a == 53 || a == 80 || a == 54 || a == 1 || a == 18 || a == 59 || a == 81): null

16-10-2024T09:07:39 - [TEST_STEP][PASSED] - else: null

16-10-2024T09:07:39 - [TEST_STEP][PASSED] - path = dataFolder + typeOfData + " за отчётный период " + b: null

16-10-2024T09:07:39 - [TEST_STEP][PASSED] - page = getText(findTestObject(path)): Text of object 'Object Repository/Выполнение бизнес-плана/Значения со страницы Выполнение бизнес-плана/План Потери за отчётный период Бурятэнерго' is: '339 392'

16-10-2024T09:07:40 - [MESSAGE][PASSED] - Text of object 'Object Repository/Выполнение бизнес-плана/Значения со страницы Выполнение бизнес-плана/План Потери за отчётный период Бурятэнерго' is: '339 392'

16-10-2024T09:07:40 - [TEST_STEP][PASSED] - page = page.replaceAll("\s+", ""): null

16-10-2024T09:07:40 - [TEST_STEP][PASSED] - filePoteri = poteri.toInteger(): null

16-10-2024T09:07:40 - [TEST_STEP][PASSED] - pagePoteri = page.toInteger(): null

16-10-2024T09:07:40 - [TEST_STEP][PASSED] - compare = pageOtpuskVSet: null

16-10-2024T09:07:40 - [TEST_STEP][PASSED] - if (compare == fileOtpuskVSet): null

16-10-2024T09:07:40 - [TEST_STEP][PASSED] - else if (compare > fileOtpuskVSet): null

16-10-2024T09:07:40 - [TEST_STEP][PASSED] - compare = compare - 1: null

16-10-2024T09:07:40 - [TEST_STEP][PASSED] - if (compare == fileOtpuskVSet): null

16-10-2024T09:07:40 - [TEST_STEP][PASSED] - else: null

16-10-2024T09:07:40 - [TEST_STEP][PASSED] - numberOfErrors = numberOfErrors + 1: null

16-10-2024T09:07:40 - [TEST_STEP][PASSED] - pageInt = pageOtpuskVSet: null

16-10-2024T09:07:40 - [TEST_STEP][PASSED] - fileInt = fileOtpuskVSet: null

16-10-2024T09:07:40 - [TEST_STEP][PASSED] - typeOfData = typeOfDataMain + " Отпуск в сеть": null

16-10-2024T09:07:40 - [TEST_STEP][PASSED] - Script1718980020443.WriteToExcel(a, typeOfData, todaysDate, pageInt, fileInt, pageDouble, fileDouble, dZO): null

16-10-2024T09:07:40 - [TEST_STEP][PASSED] - sheetName = "Sheet1": null

16-10-2024T09:07:40 - [TEST_STEP][PASSED] - data = findTestData("PlanFact"): null

16-10-2024T09:07:40 - [TEST_STEP][PASSED] - n = data.getRowNumbers() + 1: null

16-10-2024T09:07:40 - [TEST_STEP][PASSED] - year = todaysDate.substring(todaysDate.length() - 4, todaysDate.length()): null

16-10-2024T09:07:40 - [TEST_STEP][PASSED] - y = year.toInteger(): null

16-10-2024T09:07:40 - [TEST_STEP][PASSED] - m = getText(findTestObject("Выполнение бизнес-плана/Период")): Text of object 'Object Repository/Выполнение бизнес-плана/Период' is: '1, 2 кв., Июль, Август 2024 года'

16-10-2024T09:07:40 - [MESSAGE][PASSED] - Text of object 'Object Repository/Выполнение бизнес-плана/Период' is: '1, 2 кв., Июль, Август 2024 года'

16-10-2024T09:07:40 - [TEST_STEP][PASSED] - m = m.substring(0, m.indexOf("2024")): null

16-10-2024T09:07:40 - [TEST_STEP][PASSED] - m = m.trim(): null

16-10-2024T09:07:40 - [TEST_STEP][PASSED] - dashboardName = "Выполнение бизнес-плана": null

16-10-2024T09:07:40 - [TEST_STEP][PASSED] - workbook01 = getWorkbook(excelFilePath): null

16-10-2024T09:07:40 - [TEST_STEP][PASSED] - sheet01 = getExcelSheet(workbook01, sheetName): null

16-10-2024T09:07:40 - [TEST_STEP][PASSED] - setValueToCellByIndex(sheet01, n, 0, dashboardName): null

16-10-2024T09:07:40 - [TEST_STEP][PASSED] - setValueToCellByIndex(sheet01, n, 1, dZO): null

16-10-2024T09:07:40 - [TEST_STEP][PASSED] - setValueToCellByIndex(sheet01, n, 2, typeOfData): null

16-10-2024T09:07:40 - [TEST_STEP][PASSED] - if (typeOfData == "Факт в процентах" || typeOfData == "План в процентах"): null

16-10-2024T09:07:40 - [TEST_STEP][PASSED] - else: null

16-10-2024T09:07:40 - [TEST_STEP][PASSED] - setValueToCellByIndex(sheet01, n, 3, fileInt): null

16-10-2024T09:07:40 - [TEST_STEP][PASSED] - setValueToCellByIndex(sheet01, n, 4, pageInt): null

16-10-2024T09:07:40 - [TEST_STEP][PASSED] - setValueToCellByIndex(sheet01, n, 5, m): null

16-10-2024T09:07:40 - [TEST_STEP][PASSED] - setValueToCellByIndex(sheet01, n, 6, y): null

16-10-2024T09:07:40 - [TEST_STEP][PASSED] - setValueToCellByIndex(sheet01, n, 7, todaysDate): null

16-10-2024T09:07:40 - [TEST_STEP][PASSED] - n = n + 1: null

16-10-2024T09:07:40 - [TEST_STEP][PASSED] - saveWorkbook(excelFilePath, workbook01): null

16-10-2024T09:07:40 - [TEST_STEP][PASSED] - compare = pagePoteri: null

16-10-2024T09:07:40 - [TEST_STEP][PASSED] - if (compare == filePoteri): null

16-10-2024T09:07:40 - [TEST_STEP][PASSED] - else if (compare > filePoteri): null

16-10-2024T09:07:40 - [TEST_STEP][PASSED] - compare = compare - 1: null

16-10-2024T09:07:40 - [TEST_STEP][PASSED] - if (compare == filePoteri): null

16-10-2024T09:07:40 - [TEST_STEP][PASSED] - else: null

16-10-2024T09:07:40 - [TEST_STEP][PASSED] - numberOfErrors = numberOfErrors + 1: null

16-10-2024T09:07:40 - [TEST_STEP][PASSED] - pageInt = pagePoteri: null

16-10-2024T09:07:40 - [TEST_STEP][PASSED] - fileInt = filePoteri: null

16-10-2024T09:07:40 - [TEST_STEP][PASSED] - typeOfData = typeOfDataMain + " Потери": null

16-10-2024T09:07:40 - [TEST_STEP][PASSED] - Script1718980020443.WriteToExcel(a, typeOfData, todaysDate, pageInt, fileInt, pageDouble, fileDouble, dZO): null

16-10-2024T09:07:40 - [TEST_STEP][PASSED] - sheetName = "Sheet1": null

16-10-2024T09:07:40 - [TEST_STEP][PASSED] - data = findTestData("PlanFact"): null

16-10-2024T09:07:40 - [TEST_STEP][PASSED] - n = data.getRowNumbers() + 1: null

16-10-2024T09:07:40 - [TEST_STEP][PASSED] - year = todaysDate.substring(todaysDate.length() - 4, todaysDate.length()): null

16-10-2024T09:07:40 - [TEST_STEP][PASSED] - y = year.toInteger(): null

16-10-2024T09:07:40 - [TEST_STEP][PASSED] - m = getText(findTestObject("Выполнение бизнес-плана/Период")): Text of object 'Object Repository/Выполнение бизнес-плана/Период' is: '1, 2 кв., Июль, Август 2024 года'

16-10-2024T09:07:41 - [MESSAGE][PASSED] - Text of object 'Object Repository/Выполнение бизнес-плана/Период' is: '1, 2 кв., Июль, Август 2024 года'

16-10-2024T09:07:41 - [TEST_STEP][PASSED] - m = m.substring(0, m.indexOf("2024")): null

16-10-2024T09:07:41 - [TEST_STEP][PASSED] - m = m.trim(): null

16-10-2024T09:07:41 - [TEST_STEP][PASSED] - dashboardName = "Выполнение бизнес-плана": null

16-10-2024T09:07:41 - [TEST_STEP][PASSED] - workbook01 = getWorkbook(excelFilePath): null

16-10-2024T09:07:41 - [TEST_STEP][PASSED] - sheet01 = getExcelSheet(workbook01, sheetName): null

16-10-2024T09:07:41 - [TEST_STEP][PASSED] - setValueToCellByIndex(sheet01, n, 0, dashboardName): null

16-10-2024T09:07:41 - [TEST_STEP][PASSED] - setValueToCellByIndex(sheet01, n, 1, dZO): null

16-10-2024T09:07:41 - [TEST_STEP][PASSED] - setValueToCellByIndex(sheet01, n, 2, typeOfData): null

16-10-2024T09:07:41 - [TEST_STEP][PASSED] - if (typeOfData == "Факт в процентах" || typeOfData == "План в процентах"): null

16-10-2024T09:07:41 - [TEST_STEP][PASSED] - else: null

16-10-2024T09:07:41 - [TEST_STEP][PASSED] - setValueToCellByIndex(sheet01, n, 3, fileInt): null

16-10-2024T09:07:41 - [TEST_STEP][PASSED] - setValueToCellByIndex(sheet01, n, 4, pageInt): null

16-10-2024T09:07:41 - [TEST_STEP][PASSED] - setValueToCellByIndex(sheet01, n, 5, m): null

16-10-2024T09:07:41 - [TEST_STEP][PASSED] - setValueToCellByIndex(sheet01, n, 6, y): null

16-10-2024T09:07:41 - [TEST_STEP][PASSED] - setValueToCellByIndex(sheet01, n, 7, todaysDate): null

16-10-2024T09:07:41 - [TEST_STEP][PASSED] - n = n + 1: null

16-10-2024T09:07:41 - [TEST_STEP][PASSED] - saveWorkbook(excelFilePath, workbook01): Object: 'Object Repository/Выполнение бизнес-плана/Кнопка Факт' is clicked on

16-10-2024T09:07:41 - [TEST_STEP][PASSED] - if (planFact == 2): Object: 'Object Repository/Выполнение бизнес-плана/Кнопка Факт' is clicked on

16-10-2024T09:07:41 - [TEST_STEP][PASSED] - click(findTestObject("Выполнение бизнес-плана/Кнопка Факт")): Object: 'Object Repository/Выполнение бизнес-плана/Кнопка Факт' is clicked on

16-10-2024T09:07:41 - [MESSAGE][PASSED] - Object: 'Object Repository/Выполнение бизнес-плана/Кнопка Факт' is clicked on

16-10-2024T09:07:41 - [TEST_STEP][PASSED] - if (a == 84 || a == 82): null

16-10-2024T09:07:41 - [TEST_STEP][PASSED] - else if (a == 52 || a == 72 || a == 28 || a == 73 || a == 77 || a == 74 || a == 65 || a == 36 || a == 44 || a == 53 || a == 80 || a == 54 || a == 1 || a == 18 || a == 59 || a == 81): null

16-10-2024T09:07:41 - [TEST_STEP][PASSED] - else: null

16-10-2024T09:07:41 - [TEST_STEP][PASSED] - page1 = getText(findTestObject("Object Repository/Выполнение бизнес-плана/spanPlan" + filialNum)): Text of object 'Object Repository/Выполнение бизнес-плана/spanPlan2' is: '10.40
|'

16-10-2024T09:07:41 - [MESSAGE][PASSED] - Text of object 'Object Repository/Выполнение бизнес-плана/spanPlan2' is: '10.40
|'

16-10-2024T09:07:41 - [TEST_STEP][PASSED] - page1 = page1.replace("|", ""): null

16-10-2024T09:07:41 - [TEST_STEP][PASSED] - page2 = getText(findTestObject("Object Repository/Выполнение бизнес-плана/spanFact" + filialNum)): Text of object 'Object Repository/Выполнение бизнес-плана/spanFact2' is: '10.68
|'

16-10-2024T09:07:42 - [MESSAGE][PASSED] - Text of object 'Object Repository/Выполнение бизнес-плана/spanFact2' is: '10.68
|'

16-10-2024T09:07:42 - [TEST_STEP][PASSED] - page2 = page2.replace("|", ""): null

16-10-2024T09:07:42 - [TEST_STEP][PASSED] - println("page1: " + page1): null

16-10-2024T09:07:42 - [TEST_STEP][PASSED] - println("page2: " + page2): null

16-10-2024T09:07:42 - [TEST_STEP][PASSED] - file = findTestData("PlanFact").getValue(4, a): null

16-10-2024T09:07:42 - [TEST_STEP][PASSED] - file = file.replace(",", "."): null

16-10-2024T09:07:42 - [TEST_STEP][PASSED] - println("file Plan: " + file): null

16-10-2024T09:07:42 - [TEST_STEP][PASSED] - typeOfData = "План в процентах": null

16-10-2024T09:07:42 - [TEST_STEP][PASSED] - fileDouble = file.toDouble(): null

16-10-2024T09:07:42 - [TEST_STEP][PASSED] - pageDouble = page1.toDouble(): null

16-10-2024T09:07:42 - [TEST_STEP][PASSED] - if (fileDouble != pageDouble): null

16-10-2024T09:07:42 - [TEST_STEP][PASSED] - numberOfErrors = numberOfErrors + 1: null

16-10-2024T09:07:42 - [TEST_STEP][PASSED] - Script1718980020443.WriteToExcel(a, typeOfData, todaysDate, pageInt, fileInt, pageDouble, fileDouble, dZO): null

16-10-2024T09:07:42 - [TEST_STEP][PASSED] - sheetName = "Sheet1": null

16-10-2024T09:07:42 - [TEST_STEP][PASSED] - data = findTestData("PlanFact"): null

16-10-2024T09:07:42 - [TEST_STEP][PASSED] - n = data.getRowNumbers() + 1: null

16-10-2024T09:07:42 - [TEST_STEP][PASSED] - year = todaysDate.substring(todaysDate.length() - 4, todaysDate.length()): null

16-10-2024T09:07:42 - [TEST_STEP][PASSED] - y = year.toInteger(): null

16-10-2024T09:07:42 - [TEST_STEP][PASSED] - m = getText(findTestObject("Выполнение бизнес-плана/Период")): Text of object 'Object Repository/Выполнение бизнес-плана/Период' is: '1, 2 кв., Июль, Август 2024 года'

16-10-2024T09:07:42 - [MESSAGE][PASSED] - Text of object 'Object Repository/Выполнение бизнес-плана/Период' is: '1, 2 кв., Июль, Август 2024 года'

16-10-2024T09:07:42 - [TEST_STEP][PASSED] - m = m.substring(0, m.indexOf("2024")): null

16-10-2024T09:07:42 - [TEST_STEP][PASSED] - m = m.trim(): null

16-10-2024T09:07:42 - [TEST_STEP][PASSED] - dashboardName = "Выполнение бизнес-плана": null

16-10-2024T09:07:42 - [TEST_STEP][PASSED] - workbook01 = getWorkbook(excelFilePath): null

16-10-2024T09:07:42 - [TEST_STEP][PASSED] - sheet01 = getExcelSheet(workbook01, sheetName): null

16-10-2024T09:07:42 - [TEST_STEP][PASSED] - setValueToCellByIndex(sheet01, n, 0, dashboardName): null

16-10-2024T09:07:42 - [TEST_STEP][PASSED] - setValueToCellByIndex(sheet01, n, 1, dZO): null

16-10-2024T09:07:42 - [TEST_STEP][PASSED] - setValueToCellByIndex(sheet01, n, 2, typeOfData): null

16-10-2024T09:07:42 - [TEST_STEP][PASSED] - if (typeOfData == "Факт в процентах" || typeOfData == "План в процентах"): null

16-10-2024T09:07:42 - [TEST_STEP][PASSED] - setValueToCellByIndex(sheet01, n, 3, fileDouble): null

16-10-2024T09:07:42 - [TEST_STEP][PASSED] - setValueToCellByIndex(sheet01, n, 4, pageDouble): null

16-10-2024T09:07:42 - [TEST_STEP][PASSED] - setValueToCellByIndex(sheet01, n, 5, m): null

16-10-2024T09:07:42 - [TEST_STEP][PASSED] - setValueToCellByIndex(sheet01, n, 6, y): null

16-10-2024T09:07:42 - [TEST_STEP][PASSED] - setValueToCellByIndex(sheet01, n, 7, todaysDate): null

16-10-2024T09:07:42 - [TEST_STEP][PASSED] - n = n + 1: null

16-10-2024T09:07:42 - [TEST_STEP][PASSED] - saveWorkbook(excelFilePath, workbook01): null

16-10-2024T09:07:42 - [TEST_STEP][PASSED] - file = findTestData("PlanFact").getValue(7, a): null

16-10-2024T09:07:43 - [TEST_STEP][PASSED] - file = file.replace(",", "."): null

16-10-2024T09:07:43 - [TEST_STEP][PASSED] - println("file Fact: " + file): null

16-10-2024T09:07:43 - [TEST_STEP][PASSED] - fileDouble = file.toDouble(): null

16-10-2024T09:07:43 - [TEST_STEP][PASSED] - typeOfData = "Факт в процентах": null

16-10-2024T09:07:43 - [TEST_STEP][PASSED] - fileDouble = file.toDouble(): null

16-10-2024T09:07:43 - [TEST_STEP][PASSED] - pageDouble = page2.toDouble(): null

16-10-2024T09:07:43 - [TEST_STEP][PASSED] - if (fileDouble != pageDouble): null

16-10-2024T09:07:43 - [TEST_STEP][PASSED] - numberOfErrors = numberOfErrors + 1: null

16-10-2024T09:07:43 - [TEST_STEP][PASSED] - Script1718980020443.WriteToExcel(a, typeOfData, todaysDate, pageInt, fileInt, pageDouble, fileDouble, dZO): null

16-10-2024T09:07:43 - [TEST_STEP][PASSED] - sheetName = "Sheet1": null

16-10-2024T09:07:43 - [TEST_STEP][PASSED] - data = findTestData("PlanFact"): null

16-10-2024T09:07:43 - [TEST_STEP][PASSED] - n = data.getRowNumbers() + 1: null

16-10-2024T09:07:43 - [TEST_STEP][PASSED] - year = todaysDate.substring(todaysDate.length() - 4, todaysDate.length()): null

16-10-2024T09:07:43 - [TEST_STEP][PASSED] - y = year.toInteger(): null

16-10-2024T09:07:43 - [TEST_STEP][PASSED] - m = getText(findTestObject("Выполнение бизнес-плана/Период")): Text of object 'Object Repository/Выполнение бизнес-плана/Период' is: '1, 2 кв., Июль, Август 2024 года'

16-10-2024T09:07:43 - [MESSAGE][PASSED] - Text of object 'Object Repository/Выполнение бизнес-плана/Период' is: '1, 2 кв., Июль, Август 2024 года'

16-10-2024T09:07:43 - [TEST_STEP][PASSED] - m = m.substring(0, m.indexOf("2024")): null

16-10-2024T09:07:43 - [TEST_STEP][PASSED] - m = m.trim(): null

16-10-2024T09:07:43 - [TEST_STEP][PASSED] - dashboardName = "Выполнение бизнес-плана": null

16-10-2024T09:07:43 - [TEST_STEP][PASSED] - workbook01 = getWorkbook(excelFilePath): null

16-10-2024T09:07:43 - [TEST_STEP][PASSED] - sheet01 = getExcelSheet(workbook01, sheetName): null

16-10-2024T09:07:43 - [TEST_STEP][PASSED] - setValueToCellByIndex(sheet01, n, 0, dashboardName): null

16-10-2024T09:07:43 - [TEST_STEP][PASSED] - setValueToCellByIndex(sheet01, n, 1, dZO): null

16-10-2024T09:07:43 - [TEST_STEP][PASSED] - setValueToCellByIndex(sheet01, n, 2, typeOfData): null

16-10-2024T09:07:43 - [TEST_STEP][PASSED] - if (typeOfData == "Факт в процентах" || typeOfData == "План в процентах"): null

16-10-2024T09:07:43 - [TEST_STEP][PASSED] - setValueToCellByIndex(sheet01, n, 3, fileDouble): null

16-10-2024T09:07:43 - [TEST_STEP][PASSED] - setValueToCellByIndex(sheet01, n, 4, pageDouble): null

16-10-2024T09:07:43 - [TEST_STEP][PASSED] - setValueToCellByIndex(sheet01, n, 5, m): null

16-10-2024T09:07:43 - [TEST_STEP][PASSED] - setValueToCellByIndex(sheet01, n, 6, y): null

16-10-2024T09:07:43 - [TEST_STEP][PASSED] - setValueToCellByIndex(sheet01, n, 7, todaysDate): null

16-10-2024T09:07:43 - [TEST_STEP][PASSED] - n = n + 1: null

16-10-2024T09:07:43 - [TEST_STEP][PASSED] - saveWorkbook(excelFilePath, workbook01): null

16-10-2024T09:07:43 - [TEST_STEP][FAILED] - if (verifyEqual(numberOfErrors, 0) == false): null

16-10-2024T09:07:43 - [MESSAGE][FAILED] - Unable to verify equal between actual object '6' and expected object '0' (Root cause: com.kms.katalon.core.exception.StepFailedException: Actual object '6' and expected object '0' are not equal
	at com.kms.katalon.core.keyword.builtin.VerifyEqualKeyword$_verifyEqual_closure1.doCall(VerifyEqualKeyword.groovy:58)
	at com.kms.katalon.core.keyword.builtin.VerifyEqualKeyword$_verifyEqual_closure1.call(VerifyEqualKeyword.groovy)
	at com.kms.katalon.core.keyword.internal.KeywordMain.runKeyword(KeywordMain.groovy:75)
	at com.kms.katalon.core.keyword.builtin.VerifyEqualKeyword.verifyEqual(VerifyEqualKeyword.groovy:63)
	at com.kms.katalon.core.keyword.builtin.VerifyEqualKeyword.execute(VerifyEqualKeyword.groovy:44)
	at com.kms.katalon.core.keyword.internal.KeywordExecutor.executeKeywordForPlatform(KeywordExecutor.groovy:74)
	at com.kms.katalon.core.keyword.BuiltinKeywords.verifyEqual(BuiltinKeywords.groovy:146)
	at java.base/jdk.internal.reflect.NativeMethodAccessorImpl.invoke0(Native Method)
	at java.base/jdk.internal.reflect.NativeMethodAccessorImpl.invoke(NativeMethodAccessorImpl.java:77)
	at java.base/jdk.internal.reflect.DelegatingMethodAccessorImpl.invoke(DelegatingMethodAccessorImpl.java:43)
	at Выполнение бизнес-плана Сверка ПАО Россети все филиалы.Numbers(Выполнение бизнес-плана Сверка ПАО Россети все филиалы:749)
	at Выполнение бизнес-плана Сверка ПАО Россети все филиалы.Filials(Выполнение бизнес-плана Сверка ПАО Россети все филиалы:1574)
	at Выполнение бизнес-плана Сверка ПАО Россети все филиалы.Numbers(Выполнение бизнес-плана Сверка ПАО Россети все филиалы:754)
	at Выполнение бизнес-плана Сверка ПАО Россети все филиалы.run(Выполнение бизнес-плана Сверка ПАО Россети все филиалы:341)
	at com.kms.katalon.core.main.ScriptEngine.run(ScriptEngine.java:194)
	at com.kms.katalon.core.main.ScriptEngine.runScriptAsRawText(ScriptEngine.java:119)
	at com.kms.katalon.core.main.TestCaseExecutor.runScript(TestCaseExecutor.java:448)
	at com.kms.katalon.core.main.TestCaseExecutor.doExecute(TestCaseExecutor.java:439)
	at com.kms.katalon.core.main.TestCaseExecutor.processExecutionPhase(TestCaseExecutor.java:418)
	at com.kms.katalon.core.main.TestCaseExecutor.accessMainPhase(TestCaseExecutor.java:410)
	at com.kms.katalon.core.main.TestCaseExecutor.execute(TestCaseExecutor.java:285)
	at com.kms.katalon.core.common.CommonExecutor.accessTestCaseMainPhase(CommonExecutor.java:65)
	at com.kms.katalon.core.main.TestSuiteExecutor.accessTestSuiteMainPhase(TestSuiteExecutor.java:150)
	at com.kms.katalon.core.main.TestSuiteExecutor.execute(TestSuiteExecutor.java:106)
	at com.kms.katalon.core.main.TestCaseMain.startTestSuite(TestCaseMain.java:180)
	at TempTestSuite1729057289574.run(TempTestSuite1729057289574.groovy:35)
	at java.base/jdk.internal.reflect.NativeMethodAccessorImpl.invoke0(Native Method)
	at java.base/jdk.internal.reflect.NativeMethodAccessorImpl.invoke(NativeMethodAccessorImpl.java:77)
	at java.base/jdk.internal.reflect.DelegatingMethodAccessorImpl.invoke(DelegatingMethodAccessorImpl.java:43)
)

16-10-2024T09:07:43 - [TEST_STEP][PASSED] - println(numberOfErrors): null

16-10-2024T09:07:43 - [TEST_STEP][PASSED] - if (a == 28 || a == 77 || a == 74 || a == 65 || a == 36 || a == 44 || a == 54 || a == 1 || a == 18 || a == 59): null

16-10-2024T09:07:43 - [TEST_STEP][PASSED] - if (a == 82): null

16-10-2024T09:07:43 - [TEST_STEP][PASSED] - dZO = "Красноярскэнерго": null

16-10-2024T09:07:43 - [TEST_STEP][PASSED] - a = 47: null

16-10-2024T09:07:43 - [TEST_STEP][PASSED] - if (x2.contains(dZO)): null

16-10-2024T09:07:43 - [TEST_STEP][PASSED] - filialNum = filialNum + 1: null

16-10-2024T09:07:43 - [TEST_STEP][PASSED] - Script1718980020443.Numbers(a, typeOfData, todaysDate, pageInt, fileInt, pageDouble, fileDouble, dZO, dzoNum, filialNum): null

16-10-2024T09:07:43 - [TEST_STEP][PASSED] - println(dzoNum): null

16-10-2024T09:07:43 - [TEST_STEP][PASSED] - planFact = <not implemented yet for class: org.codehaus.groovy.ast.expr.EmptyExpression>: null

16-10-2024T09:07:43 - [TEST_STEP][PASSED] - page = <not implemented yet for class: org.codehaus.groovy.ast.expr.EmptyExpression>: null

16-10-2024T09:07:43 - [TEST_STEP][PASSED] - page1 = <not implemented yet for class: org.codehaus.groovy.ast.expr.EmptyExpression>: null

16-10-2024T09:07:43 - [TEST_STEP][PASSED] - page2 = <not implemented yet for class: org.codehaus.groovy.ast.expr.EmptyExpression>: null

16-10-2024T09:07:43 - [TEST_STEP][PASSED] - filialNumberInRow = <not implemented yet for class: org.codehaus.groovy.ast.expr.EmptyExpression>: null

16-10-2024T09:07:43 - [TEST_STEP][PASSED] - filialsDzoNames = <not implemented yet for class: org.codehaus.groovy.ast.expr.EmptyExpression>: null

16-10-2024T09:07:43 - [TEST_STEP][PASSED] - numberOfFilials = <not implemented yet for class: org.codehaus.groovy.ast.expr.EmptyExpression>: null

16-10-2024T09:07:43 - [TEST_STEP][PASSED] - numberOfSpaces = <not implemented yet for class: org.codehaus.groovy.ast.expr.EmptyExpression>: null

16-10-2024T09:07:43 - [TEST_STEP][PASSED] - file = <not implemented yet for class: org.codehaus.groovy.ast.expr.EmptyExpression>: null

16-10-2024T09:07:43 - [TEST_STEP][PASSED] - otpusk = <not implemented yet for class: org.codehaus.groovy.ast.expr.EmptyExpression>: null

16-10-2024T09:07:43 - [TEST_STEP][PASSED] - poteri = <not implemented yet for class: org.codehaus.groovy.ast.expr.EmptyExpression>: null

16-10-2024T09:07:43 - [TEST_STEP][PASSED] - dataFolder = "Выполнение бизнес-плана/Значения со страницы Выполнение бизнес-плана/": null

16-10-2024T09:07:43 - [TEST_STEP][PASSED] - path = <not implemented yet for class: org.codehaus.groovy.ast.expr.EmptyExpression>: null

16-10-2024T09:07:43 - [TEST_STEP][PASSED] - typeOfDataMain = <not implemented yet for class: org.codehaus.groovy.ast.expr.EmptyExpression>: null

16-10-2024T09:07:43 - [TEST_STEP][PASSED] - fileOtpuskVSet = <not implemented yet for class: org.codehaus.groovy.ast.expr.EmptyExpression>: null

16-10-2024T09:07:43 - [TEST_STEP][PASSED] - pageOtpuskVSet = <not implemented yet for class: org.codehaus.groovy.ast.expr.EmptyExpression>: null

16-10-2024T09:07:43 - [TEST_STEP][PASSED] - filePoteri = <not implemented yet for class: org.codehaus.groovy.ast.expr.EmptyExpression>: null

16-10-2024T09:07:43 - [TEST_STEP][PASSED] - pagePoteri = <not implemented yet for class: org.codehaus.groovy.ast.expr.EmptyExpression>: null

16-10-2024T09:07:43 - [TEST_STEP][PASSED] - compare = <not implemented yet for class: org.codehaus.groovy.ast.expr.EmptyExpression>: null

16-10-2024T09:07:43 - [TEST_STEP][PASSED] - b = <not implemented yet for class: org.codehaus.groovy.ast.expr.EmptyExpression>: null

16-10-2024T09:07:43 - [TEST_STEP][PASSED] - i = <not implemented yet for class: org.codehaus.groovy.ast.expr.EmptyExpression>: null

16-10-2024T09:07:43 - [TEST_STEP][PASSED] - ii = <not implemented yet for class: org.codehaus.groovy.ast.expr.EmptyExpression>: null

16-10-2024T09:07:43 - [TEST_STEP][PASSED] - c = <not implemented yet for class: org.codehaus.groovy.ast.expr.EmptyExpression>: null

16-10-2024T09:07:43 - [TEST_STEP][PASSED] - numberOfErrors = 0: null

16-10-2024T09:07:43 - [TEST_STEP][PASSED] - if (a == 82): null

16-10-2024T09:07:43 - [TEST_STEP][PASSED] - b = findTestData("PlanFact").getValue(1, a): null

16-10-2024T09:07:43 - [TEST_STEP][PASSED] - i = b.indexOf(" (ГК)"): null

16-10-2024T09:07:43 - [TEST_STEP][PASSED] - if (i > -1): null

16-10-2024T09:07:43 - [TEST_STEP][PASSED] - i = b.indexOf("О ""): null

16-10-2024T09:07:43 - [TEST_STEP][PASSED] - if (i > -1): null

16-10-2024T09:07:43 - [TEST_STEP][PASSED] - i = b.indexOf("О «"): null

16-10-2024T09:07:43 - [TEST_STEP][PASSED] - if (i > -1): null

16-10-2024T09:07:43 - [TEST_STEP][PASSED] - i = b.indexOf("г. "): null

16-10-2024T09:07:43 - [TEST_STEP][PASSED] - if (i > -1): null

16-10-2024T09:07:43 - [TEST_STEP][PASSED] - println(b): null

16-10-2024T09:07:43 - [TEST_STEP][PASSED] - for ([planFact = 1, planFact < 3, (planFact++)]): null

16-10-2024T09:07:43 - [TEST_STEP][PASSED] - if (planFact == 1): null

16-10-2024T09:07:43 - [TEST_STEP][PASSED] - typeOfDataMain = "Факт": null

16-10-2024T09:07:43 - [TEST_STEP][PASSED] - otpusk = findTestData("PlanFact").getValue(5, a): null

16-10-2024T09:07:43 - [TEST_STEP][PASSED] - poteri = findTestData("PlanFact").getValue(6, a): null

16-10-2024T09:07:43 - [TEST_STEP][PASSED] - otpusk = otpusk.replaceAll("\s+", ""): null

16-10-2024T09:07:43 - [TEST_STEP][PASSED] - poteri = poteri.replaceAll("\s+", ""): null

16-10-2024T09:07:43 - [TEST_STEP][PASSED] - typeOfData = typeOfDataMain + " Отпуск в сеть": null

16-10-2024T09:07:43 - [TEST_STEP][PASSED] - if (a == 82): null

16-10-2024T09:07:43 - [TEST_STEP][PASSED] - else if (a == 84): null

16-10-2024T09:07:43 - [TEST_STEP][PASSED] - else if (a == 52 || a == 72 || a == 28 || a == 73 || a == 77 || a == 74 || a == 65 || a == 36 || a == 44 || a == 53 || a == 80 || a == 54 || a == 1 || a == 18 || a == 59 || a == 81): null

16-10-2024T09:07:43 - [TEST_STEP][PASSED] - else: null

16-10-2024T09:07:43 - [TEST_STEP][PASSED] - path = dataFolder + typeOfData + " за отчётный период " + b: null

16-10-2024T09:07:43 - [TEST_STEP][PASSED] - println(path): null

16-10-2024T09:07:43 - [TEST_STEP][PASSED] - page = getText(findTestObject(path)): Text of object 'Object Repository/Выполнение бизнес-плана/Значения со страницы Выполнение бизнес-плана/Факт Отпуск в сеть за отчётный период Красноярскэнерго' is: '9 763 488'

16-10-2024T09:07:44 - [MESSAGE][PASSED] - Text of object 'Object Repository/Выполнение бизнес-плана/Значения со страницы Выполнение бизнес-плана/Факт Отпуск в сеть за отчётный период Красноярскэнерго' is: '9 763 488'

16-10-2024T09:07:44 - [TEST_STEP][PASSED] - page = page.replaceAll("\s+", ""): null

16-10-2024T09:07:44 - [TEST_STEP][PASSED] - fileOtpuskVSet = otpusk.toInteger(): null

16-10-2024T09:07:44 - [TEST_STEP][PASSED] - pageOtpuskVSet = page.toInteger(): null

16-10-2024T09:07:44 - [TEST_STEP][PASSED] - typeOfData = typeOfDataMain + " Потери": null

16-10-2024T09:07:44 - [TEST_STEP][PASSED] - if (a == 82): null

16-10-2024T09:07:44 - [TEST_STEP][PASSED] - else if (a == 84): null

16-10-2024T09:07:44 - [TEST_STEP][PASSED] - else if (a == 52 || a == 72 || a == 28 || a == 73 || a == 77 || a == 74 || a == 65 || a == 36 || a == 44 || a == 53 || a == 80 || a == 54 || a == 1 || a == 18 || a == 59 || a == 81): null

16-10-2024T09:07:44 - [TEST_STEP][PASSED] - else: null

16-10-2024T09:07:44 - [TEST_STEP][PASSED] - path = dataFolder + typeOfData + " за отчётный период " + b: null

16-10-2024T09:07:44 - [TEST_STEP][PASSED] - page = getText(findTestObject(path)): Text of object 'Object Repository/Выполнение бизнес-плана/Значения со страницы Выполнение бизнес-плана/Факт Потери за отчётный период Красноярскэнерго' is: '896 853'

16-10-2024T09:07:44 - [MESSAGE][PASSED] - Text of object 'Object Repository/Выполнение бизнес-плана/Значения со страницы Выполнение бизнес-плана/Факт Потери за отчётный период Красноярскэнерго' is: '896 853'

16-10-2024T09:07:44 - [TEST_STEP][PASSED] - page = page.replaceAll("\s+", ""): null

16-10-2024T09:07:44 - [TEST_STEP][PASSED] - filePoteri = poteri.toInteger(): null

16-10-2024T09:07:44 - [TEST_STEP][PASSED] - pagePoteri = page.toInteger(): null

16-10-2024T09:07:44 - [TEST_STEP][PASSED] - compare = pageOtpuskVSet: null

16-10-2024T09:07:44 - [TEST_STEP][PASSED] - if (compare == fileOtpuskVSet): null

16-10-2024T09:07:44 - [TEST_STEP][PASSED] - else if (compare > fileOtpuskVSet): null

16-10-2024T09:07:44 - [TEST_STEP][PASSED] - compare = compare - 1: null

16-10-2024T09:07:44 - [TEST_STEP][PASSED] - if (compare == fileOtpuskVSet): null

16-10-2024T09:07:44 - [TEST_STEP][PASSED] - else: null

16-10-2024T09:07:44 - [TEST_STEP][PASSED] - numberOfErrors = numberOfErrors + 1: null

16-10-2024T09:07:44 - [TEST_STEP][PASSED] - pageInt = pageOtpuskVSet: null

16-10-2024T09:07:44 - [TEST_STEP][PASSED] - fileInt = fileOtpuskVSet: null

16-10-2024T09:07:44 - [TEST_STEP][PASSED] - typeOfData = typeOfDataMain + " Отпуск в сеть": null

16-10-2024T09:07:44 - [TEST_STEP][PASSED] - Script1718980020443.WriteToExcel(a, typeOfData, todaysDate, pageInt, fileInt, pageDouble, fileDouble, dZO): null

16-10-2024T09:07:44 - [TEST_STEP][PASSED] - sheetName = "Sheet1": null

16-10-2024T09:07:44 - [TEST_STEP][PASSED] - data = findTestData("PlanFact"): null

16-10-2024T09:07:44 - [TEST_STEP][PASSED] - n = data.getRowNumbers() + 1: null

16-10-2024T09:07:44 - [TEST_STEP][PASSED] - year = todaysDate.substring(todaysDate.length() - 4, todaysDate.length()): null

16-10-2024T09:07:44 - [TEST_STEP][PASSED] - y = year.toInteger(): null

16-10-2024T09:07:44 - [TEST_STEP][PASSED] - m = getText(findTestObject("Выполнение бизнес-плана/Период")): Text of object 'Object Repository/Выполнение бизнес-плана/Период' is: '1, 2 кв., Июль, Август 2024 года'

16-10-2024T09:07:44 - [MESSAGE][PASSED] - Text of object 'Object Repository/Выполнение бизнес-плана/Период' is: '1, 2 кв., Июль, Август 2024 года'

16-10-2024T09:07:44 - [TEST_STEP][PASSED] - m = m.substring(0, m.indexOf("2024")): null

16-10-2024T09:07:44 - [TEST_STEP][PASSED] - m = m.trim(): null

16-10-2024T09:07:44 - [TEST_STEP][PASSED] - dashboardName = "Выполнение бизнес-плана": null

16-10-2024T09:07:44 - [TEST_STEP][PASSED] - workbook01 = getWorkbook(excelFilePath): null

16-10-2024T09:07:44 - [TEST_STEP][PASSED] - sheet01 = getExcelSheet(workbook01, sheetName): null

16-10-2024T09:07:44 - [TEST_STEP][PASSED] - setValueToCellByIndex(sheet01, n, 0, dashboardName): null

16-10-2024T09:07:44 - [TEST_STEP][PASSED] - setValueToCellByIndex(sheet01, n, 1, dZO): null

16-10-2024T09:07:44 - [TEST_STEP][PASSED] - setValueToCellByIndex(sheet01, n, 2, typeOfData): null

16-10-2024T09:07:44 - [TEST_STEP][PASSED] - if (typeOfData == "Факт в процентах" || typeOfData == "План в процентах"): null

16-10-2024T09:07:44 - [TEST_STEP][PASSED] - else: null

16-10-2024T09:07:44 - [TEST_STEP][PASSED] - setValueToCellByIndex(sheet01, n, 3, fileInt): null

16-10-2024T09:07:44 - [TEST_STEP][PASSED] - setValueToCellByIndex(sheet01, n, 4, pageInt): null

16-10-2024T09:07:44 - [TEST_STEP][PASSED] - setValueToCellByIndex(sheet01, n, 5, m): null

16-10-2024T09:07:44 - [TEST_STEP][PASSED] - setValueToCellByIndex(sheet01, n, 6, y): null

16-10-2024T09:07:44 - [TEST_STEP][PASSED] - setValueToCellByIndex(sheet01, n, 7, todaysDate): null

16-10-2024T09:07:44 - [TEST_STEP][PASSED] - n = n + 1: null

16-10-2024T09:07:44 - [TEST_STEP][PASSED] - saveWorkbook(excelFilePath, workbook01): null

16-10-2024T09:07:45 - [TEST_STEP][PASSED] - compare = pagePoteri: null

16-10-2024T09:07:45 - [TEST_STEP][PASSED] - if (compare == filePoteri): null

16-10-2024T09:07:45 - [TEST_STEP][PASSED] - else if (compare > filePoteri): null

16-10-2024T09:07:45 - [TEST_STEP][PASSED] - compare = compare - 1: null

16-10-2024T09:07:45 - [TEST_STEP][PASSED] - if (compare == filePoteri): null

16-10-2024T09:07:45 - [TEST_STEP][PASSED] - else: null

16-10-2024T09:07:45 - [TEST_STEP][PASSED] - numberOfErrors = numberOfErrors + 1: null

16-10-2024T09:07:45 - [TEST_STEP][PASSED] - pageInt = pagePoteri: null

16-10-2024T09:07:45 - [TEST_STEP][PASSED] - fileInt = filePoteri: null

16-10-2024T09:07:45 - [TEST_STEP][PASSED] - typeOfData = typeOfDataMain + " Потери": null

16-10-2024T09:07:45 - [TEST_STEP][PASSED] - Script1718980020443.WriteToExcel(a, typeOfData, todaysDate, pageInt, fileInt, pageDouble, fileDouble, dZO): null

16-10-2024T09:07:45 - [TEST_STEP][PASSED] - sheetName = "Sheet1": null

16-10-2024T09:07:45 - [TEST_STEP][PASSED] - data = findTestData("PlanFact"): null

16-10-2024T09:07:45 - [TEST_STEP][PASSED] - n = data.getRowNumbers() + 1: null

16-10-2024T09:07:45 - [TEST_STEP][PASSED] - year = todaysDate.substring(todaysDate.length() - 4, todaysDate.length()): null

16-10-2024T09:07:45 - [TEST_STEP][PASSED] - y = year.toInteger(): null

16-10-2024T09:07:45 - [TEST_STEP][PASSED] - m = getText(findTestObject("Выполнение бизнес-плана/Период")): Text of object 'Object Repository/Выполнение бизнес-плана/Период' is: '1, 2 кв., Июль, Август 2024 года'

16-10-2024T09:07:45 - [MESSAGE][PASSED] - Text of object 'Object Repository/Выполнение бизнес-плана/Период' is: '1, 2 кв., Июль, Август 2024 года'

16-10-2024T09:07:45 - [TEST_STEP][PASSED] - m = m.substring(0, m.indexOf("2024")): null

16-10-2024T09:07:45 - [TEST_STEP][PASSED] - m = m.trim(): null

16-10-2024T09:07:45 - [TEST_STEP][PASSED] - dashboardName = "Выполнение бизнес-плана": null

16-10-2024T09:07:45 - [TEST_STEP][PASSED] - workbook01 = getWorkbook(excelFilePath): null

16-10-2024T09:07:45 - [TEST_STEP][PASSED] - sheet01 = getExcelSheet(workbook01, sheetName): null

16-10-2024T09:07:45 - [TEST_STEP][PASSED] - setValueToCellByIndex(sheet01, n, 0, dashboardName): null

16-10-2024T09:07:45 - [TEST_STEP][PASSED] - setValueToCellByIndex(sheet01, n, 1, dZO): null

16-10-2024T09:07:45 - [TEST_STEP][PASSED] - setValueToCellByIndex(sheet01, n, 2, typeOfData): null

16-10-2024T09:07:45 - [TEST_STEP][PASSED] - if (typeOfData == "Факт в процентах" || typeOfData == "План в процентах"): null

16-10-2024T09:07:45 - [TEST_STEP][PASSED] - else: null

16-10-2024T09:07:45 - [TEST_STEP][PASSED] - setValueToCellByIndex(sheet01, n, 3, fileInt): null

16-10-2024T09:07:45 - [TEST_STEP][PASSED] - setValueToCellByIndex(sheet01, n, 4, pageInt): null

16-10-2024T09:07:45 - [TEST_STEP][PASSED] - setValueToCellByIndex(sheet01, n, 5, m): null

16-10-2024T09:07:45 - [TEST_STEP][PASSED] - setValueToCellByIndex(sheet01, n, 6, y): null

16-10-2024T09:07:45 - [TEST_STEP][PASSED] - setValueToCellByIndex(sheet01, n, 7, todaysDate): null

16-10-2024T09:07:45 - [TEST_STEP][PASSED] - n = n + 1: null

16-10-2024T09:07:45 - [TEST_STEP][PASSED] - saveWorkbook(excelFilePath, workbook01): null

16-10-2024T09:07:45 - [TEST_STEP][PASSED] - if (planFact == 2): null

16-10-2024T09:07:45 - [TEST_STEP][PASSED] - if (planFact == 1): null

16-10-2024T09:07:45 - [TEST_STEP][PASSED] - else if (planFact == 2): null

16-10-2024T09:07:45 - [TEST_STEP][PASSED] - click(findTestObject("Выполнение бизнес-плана/Кнопка План")): Object: 'Object Repository/Выполнение бизнес-плана/Кнопка План' is clicked on

16-10-2024T09:07:46 - [MESSAGE][PASSED] - Object: 'Object Repository/Выполнение бизнес-плана/Кнопка План' is clicked on

16-10-2024T09:07:46 - [TEST_STEP][PASSED] - typeOfDataMain = "План": null

16-10-2024T09:07:46 - [TEST_STEP][PASSED] - otpusk = findTestData("PlanFact").getValue(2, a): null

16-10-2024T09:07:46 - [TEST_STEP][PASSED] - poteri = findTestData("PlanFact").getValue(3, a): null

16-10-2024T09:07:46 - [TEST_STEP][PASSED] - otpusk = otpusk.replaceAll("\s+", ""): null

16-10-2024T09:07:46 - [TEST_STEP][PASSED] - poteri = poteri.replaceAll("\s+", ""): null

16-10-2024T09:07:46 - [TEST_STEP][PASSED] - typeOfData = typeOfDataMain + " Отпуск в сеть": null

16-10-2024T09:07:46 - [TEST_STEP][PASSED] - if (a == 82): null

16-10-2024T09:07:46 - [TEST_STEP][PASSED] - else if (a == 84): null

16-10-2024T09:07:46 - [TEST_STEP][PASSED] - else if (a == 52 || a == 72 || a == 28 || a == 73 || a == 77 || a == 74 || a == 65 || a == 36 || a == 44 || a == 53 || a == 80 || a == 54 || a == 1 || a == 18 || a == 59 || a == 81): null

16-10-2024T09:07:46 - [TEST_STEP][PASSED] - else: null

16-10-2024T09:07:46 - [TEST_STEP][PASSED] - path = dataFolder + typeOfData + " за отчётный период " + b: null

16-10-2024T09:07:46 - [TEST_STEP][PASSED] - println(path): null

16-10-2024T09:07:46 - [TEST_STEP][PASSED] - page = getText(findTestObject(path)): Text of object 'Object Repository/Выполнение бизнес-плана/Значения со страницы Выполнение бизнес-плана/План Отпуск в сеть за отчётный период Красноярскэнерго' is: '9 177 603'

16-10-2024T09:07:46 - [MESSAGE][PASSED] - Text of object 'Object Repository/Выполнение бизнес-плана/Значения со страницы Выполнение бизнес-плана/План Отпуск в сеть за отчётный период Красноярскэнерго' is: '9 177 603'

16-10-2024T09:07:46 - [TEST_STEP][PASSED] - page = page.replaceAll("\s+", ""): null

16-10-2024T09:07:46 - [TEST_STEP][PASSED] - fileOtpuskVSet = otpusk.toInteger(): null

16-10-2024T09:07:46 - [TEST_STEP][PASSED] - pageOtpuskVSet = page.toInteger(): null

16-10-2024T09:07:46 - [TEST_STEP][PASSED] - typeOfData = typeOfDataMain + " Потери": null

16-10-2024T09:07:46 - [TEST_STEP][PASSED] - if (a == 82): null

16-10-2024T09:07:46 - [TEST_STEP][PASSED] - else if (a == 84): null

16-10-2024T09:07:46 - [TEST_STEP][PASSED] - else if (a == 52 || a == 72 || a == 28 || a == 73 || a == 77 || a == 74 || a == 65 || a == 36 || a == 44 || a == 53 || a == 80 || a == 54 || a == 1 || a == 18 || a == 59 || a == 81): null

16-10-2024T09:07:46 - [TEST_STEP][PASSED] - else: null

16-10-2024T09:07:46 - [TEST_STEP][PASSED] - path = dataFolder + typeOfData + " за отчётный период " + b: null

16-10-2024T09:07:46 - [TEST_STEP][PASSED] - page = getText(findTestObject(path)): Text of object 'Object Repository/Выполнение бизнес-плана/Значения со страницы Выполнение бизнес-плана/План Потери за отчётный период Красноярскэнерго' is: '850 993'

16-10-2024T09:07:46 - [MESSAGE][PASSED] - Text of object 'Object Repository/Выполнение бизнес-плана/Значения со страницы Выполнение бизнес-плана/План Потери за отчётный период Красноярскэнерго' is: '850 993'

16-10-2024T09:07:46 - [TEST_STEP][PASSED] - page = page.replaceAll("\s+", ""): null

16-10-2024T09:07:46 - [TEST_STEP][PASSED] - filePoteri = poteri.toInteger(): null

16-10-2024T09:07:46 - [TEST_STEP][PASSED] - pagePoteri = page.toInteger(): null

16-10-2024T09:07:46 - [TEST_STEP][PASSED] - compare = pageOtpuskVSet: null

16-10-2024T09:07:46 - [TEST_STEP][PASSED] - if (compare == fileOtpuskVSet): null

16-10-2024T09:07:46 - [TEST_STEP][PASSED] - else if (compare > fileOtpuskVSet): null

16-10-2024T09:07:46 - [TEST_STEP][PASSED] - compare = compare - 1: null

16-10-2024T09:07:46 - [TEST_STEP][PASSED] - if (compare == fileOtpuskVSet): null

16-10-2024T09:07:46 - [TEST_STEP][PASSED] - else: null

16-10-2024T09:07:46 - [TEST_STEP][PASSED] - numberOfErrors = numberOfErrors + 1: null

16-10-2024T09:07:46 - [TEST_STEP][PASSED] - pageInt = pageOtpuskVSet: null

16-10-2024T09:07:46 - [TEST_STEP][PASSED] - fileInt = fileOtpuskVSet: null

16-10-2024T09:07:46 - [TEST_STEP][PASSED] - typeOfData = typeOfDataMain + " Отпуск в сеть": null

16-10-2024T09:07:46 - [TEST_STEP][PASSED] - Script1718980020443.WriteToExcel(a, typeOfData, todaysDate, pageInt, fileInt, pageDouble, fileDouble, dZO): null

16-10-2024T09:07:46 - [TEST_STEP][PASSED] - sheetName = "Sheet1": null

16-10-2024T09:07:46 - [TEST_STEP][PASSED] - data = findTestData("PlanFact"): null

16-10-2024T09:07:46 - [TEST_STEP][PASSED] - n = data.getRowNumbers() + 1: null

16-10-2024T09:07:46 - [TEST_STEP][PASSED] - year = todaysDate.substring(todaysDate.length() - 4, todaysDate.length()): null

16-10-2024T09:07:46 - [TEST_STEP][PASSED] - y = year.toInteger(): null

16-10-2024T09:07:46 - [TEST_STEP][PASSED] - m = getText(findTestObject("Выполнение бизнес-плана/Период")): Text of object 'Object Repository/Выполнение бизнес-плана/Период' is: '1, 2 кв., Июль, Август 2024 года'

16-10-2024T09:07:47 - [MESSAGE][PASSED] - Text of object 'Object Repository/Выполнение бизнес-плана/Период' is: '1, 2 кв., Июль, Август 2024 года'

16-10-2024T09:07:47 - [TEST_STEP][PASSED] - m = m.substring(0, m.indexOf("2024")): null

16-10-2024T09:07:47 - [TEST_STEP][PASSED] - m = m.trim(): null

16-10-2024T09:07:47 - [TEST_STEP][PASSED] - dashboardName = "Выполнение бизнес-плана": null

16-10-2024T09:07:47 - [TEST_STEP][PASSED] - workbook01 = getWorkbook(excelFilePath): null

16-10-2024T09:07:47 - [TEST_STEP][PASSED] - sheet01 = getExcelSheet(workbook01, sheetName): null

16-10-2024T09:07:47 - [TEST_STEP][PASSED] - setValueToCellByIndex(sheet01, n, 0, dashboardName): null

16-10-2024T09:07:47 - [TEST_STEP][PASSED] - setValueToCellByIndex(sheet01, n, 1, dZO): null

16-10-2024T09:07:47 - [TEST_STEP][PASSED] - setValueToCellByIndex(sheet01, n, 2, typeOfData): null

16-10-2024T09:07:47 - [TEST_STEP][PASSED] - if (typeOfData == "Факт в процентах" || typeOfData == "План в процентах"): null

16-10-2024T09:07:47 - [TEST_STEP][PASSED] - else: null

16-10-2024T09:07:47 - [TEST_STEP][PASSED] - setValueToCellByIndex(sheet01, n, 3, fileInt): null

16-10-2024T09:07:47 - [TEST_STEP][PASSED] - setValueToCellByIndex(sheet01, n, 4, pageInt): null

16-10-2024T09:07:47 - [TEST_STEP][PASSED] - setValueToCellByIndex(sheet01, n, 5, m): null

16-10-2024T09:07:47 - [TEST_STEP][PASSED] - setValueToCellByIndex(sheet01, n, 6, y): null

16-10-2024T09:07:47 - [TEST_STEP][PASSED] - setValueToCellByIndex(sheet01, n, 7, todaysDate): null

16-10-2024T09:07:47 - [TEST_STEP][PASSED] - n = n + 1: null

16-10-2024T09:07:47 - [TEST_STEP][PASSED] - saveWorkbook(excelFilePath, workbook01): null

16-10-2024T09:07:47 - [TEST_STEP][PASSED] - compare = pagePoteri: null

16-10-2024T09:07:47 - [TEST_STEP][PASSED] - if (compare == filePoteri): null

16-10-2024T09:07:47 - [TEST_STEP][PASSED] - else if (compare > filePoteri): null

16-10-2024T09:07:47 - [TEST_STEP][PASSED] - compare = compare - 1: null

16-10-2024T09:07:47 - [TEST_STEP][PASSED] - if (compare == filePoteri): null

16-10-2024T09:07:47 - [TEST_STEP][PASSED] - else: null

16-10-2024T09:07:47 - [TEST_STEP][PASSED] - numberOfErrors = numberOfErrors + 1: null

16-10-2024T09:07:47 - [TEST_STEP][PASSED] - pageInt = pagePoteri: null

16-10-2024T09:07:47 - [TEST_STEP][PASSED] - fileInt = filePoteri: null

16-10-2024T09:07:47 - [TEST_STEP][PASSED] - typeOfData = typeOfDataMain + " Потери": null

16-10-2024T09:07:47 - [TEST_STEP][PASSED] - Script1718980020443.WriteToExcel(a, typeOfData, todaysDate, pageInt, fileInt, pageDouble, fileDouble, dZO): null

16-10-2024T09:07:47 - [TEST_STEP][PASSED] - sheetName = "Sheet1": null

16-10-2024T09:07:47 - [TEST_STEP][PASSED] - data = findTestData("PlanFact"): null

16-10-2024T09:07:47 - [TEST_STEP][PASSED] - n = data.getRowNumbers() + 1: null

16-10-2024T09:07:47 - [TEST_STEP][PASSED] - year = todaysDate.substring(todaysDate.length() - 4, todaysDate.length()): null

16-10-2024T09:07:47 - [TEST_STEP][PASSED] - y = year.toInteger(): null

16-10-2024T09:07:47 - [TEST_STEP][PASSED] - m = getText(findTestObject("Выполнение бизнес-плана/Период")): Text of object 'Object Repository/Выполнение бизнес-плана/Период' is: '1, 2 кв., Июль, Август 2024 года'

16-10-2024T09:07:47 - [MESSAGE][PASSED] - Text of object 'Object Repository/Выполнение бизнес-плана/Период' is: '1, 2 кв., Июль, Август 2024 года'

16-10-2024T09:07:47 - [TEST_STEP][PASSED] - m = m.substring(0, m.indexOf("2024")): null

16-10-2024T09:07:47 - [TEST_STEP][PASSED] - m = m.trim(): null

16-10-2024T09:07:47 - [TEST_STEP][PASSED] - dashboardName = "Выполнение бизнес-плана": null

16-10-2024T09:07:47 - [TEST_STEP][PASSED] - workbook01 = getWorkbook(excelFilePath): null

16-10-2024T09:07:47 - [TEST_STEP][PASSED] - sheet01 = getExcelSheet(workbook01, sheetName): null

16-10-2024T09:07:47 - [TEST_STEP][PASSED] - setValueToCellByIndex(sheet01, n, 0, dashboardName): null

16-10-2024T09:07:47 - [TEST_STEP][PASSED] - setValueToCellByIndex(sheet01, n, 1, dZO): null

16-10-2024T09:07:47 - [TEST_STEP][PASSED] - setValueToCellByIndex(sheet01, n, 2, typeOfData): null

16-10-2024T09:07:47 - [TEST_STEP][PASSED] - if (typeOfData == "Факт в процентах" || typeOfData == "План в процентах"): null

16-10-2024T09:07:47 - [TEST_STEP][PASSED] - else: null

16-10-2024T09:07:47 - [TEST_STEP][PASSED] - setValueToCellByIndex(sheet01, n, 3, fileInt): null

16-10-2024T09:07:47 - [TEST_STEP][PASSED] - setValueToCellByIndex(sheet01, n, 4, pageInt): null

16-10-2024T09:07:47 - [TEST_STEP][PASSED] - setValueToCellByIndex(sheet01, n, 5, m): null

16-10-2024T09:07:47 - [TEST_STEP][PASSED] - setValueToCellByIndex(sheet01, n, 6, y): null

16-10-2024T09:07:47 - [TEST_STEP][PASSED] - setValueToCellByIndex(sheet01, n, 7, todaysDate): null

16-10-2024T09:07:47 - [TEST_STEP][PASSED] - n = n + 1: null

16-10-2024T09:07:47 - [TEST_STEP][PASSED] - saveWorkbook(excelFilePath, workbook01): Object: 'Object Repository/Выполнение бизнес-плана/Кнопка Факт' is clicked on

16-10-2024T09:07:48 - [TEST_STEP][PASSED] - if (planFact == 2): Object: 'Object Repository/Выполнение бизнес-плана/Кнопка Факт' is clicked on

16-10-2024T09:07:48 - [TEST_STEP][PASSED] - click(findTestObject("Выполнение бизнес-плана/Кнопка Факт")): Object: 'Object Repository/Выполнение бизнес-плана/Кнопка Факт' is clicked on

16-10-2024T09:07:48 - [MESSAGE][PASSED] - Object: 'Object Repository/Выполнение бизнес-плана/Кнопка Факт' is clicked on

16-10-2024T09:07:48 - [TEST_STEP][PASSED] - if (a == 84 || a == 82): null

16-10-2024T09:07:48 - [TEST_STEP][PASSED] - else if (a == 52 || a == 72 || a == 28 || a == 73 || a == 77 || a == 74 || a == 65 || a == 36 || a == 44 || a == 53 || a == 80 || a == 54 || a == 1 || a == 18 || a == 59 || a == 81): null

16-10-2024T09:07:48 - [TEST_STEP][PASSED] - else: null

16-10-2024T09:07:48 - [TEST_STEP][PASSED] - page1 = getText(findTestObject("Object Repository/Выполнение бизнес-плана/spanPlan" + filialNum)): Text of object 'Object Repository/Выполнение бизнес-плана/spanPlan3' is: '9.27
|'

16-10-2024T09:07:48 - [MESSAGE][PASSED] - Text of object 'Object Repository/Выполнение бизнес-плана/spanPlan3' is: '9.27
|'

16-10-2024T09:07:48 - [TEST_STEP][PASSED] - page1 = page1.replace("|", ""): null

16-10-2024T09:07:48 - [TEST_STEP][PASSED] - page2 = getText(findTestObject("Object Repository/Выполнение бизнес-плана/spanFact" + filialNum)): Text of object 'Object Repository/Выполнение бизнес-плана/spanFact3' is: '9.19
|'

16-10-2024T09:07:49 - [MESSAGE][PASSED] - Text of object 'Object Repository/Выполнение бизнес-плана/spanFact3' is: '9.19
|'

16-10-2024T09:07:49 - [TEST_STEP][PASSED] - page2 = page2.replace("|", ""): null

16-10-2024T09:07:49 - [TEST_STEP][PASSED] - println("page1: " + page1): null

16-10-2024T09:07:49 - [TEST_STEP][PASSED] - println("page2: " + page2): null

16-10-2024T09:07:49 - [TEST_STEP][PASSED] - file = findTestData("PlanFact").getValue(4, a): null

16-10-2024T09:07:49 - [TEST_STEP][PASSED] - file = file.replace(",", "."): null

16-10-2024T09:07:49 - [TEST_STEP][PASSED] - println("file Plan: " + file): null

16-10-2024T09:07:49 - [TEST_STEP][PASSED] - typeOfData = "План в процентах": null

16-10-2024T09:07:49 - [TEST_STEP][PASSED] - fileDouble = file.toDouble(): null

16-10-2024T09:07:49 - [TEST_STEP][PASSED] - pageDouble = page1.toDouble(): null

16-10-2024T09:07:49 - [TEST_STEP][PASSED] - if (fileDouble != pageDouble): null

16-10-2024T09:07:49 - [TEST_STEP][PASSED] - numberOfErrors = numberOfErrors + 1: null

16-10-2024T09:07:49 - [TEST_STEP][PASSED] - Script1718980020443.WriteToExcel(a, typeOfData, todaysDate, pageInt, fileInt, pageDouble, fileDouble, dZO): null

16-10-2024T09:07:49 - [TEST_STEP][PASSED] - sheetName = "Sheet1": null

16-10-2024T09:07:49 - [TEST_STEP][PASSED] - data = findTestData("PlanFact"): null

16-10-2024T09:07:49 - [TEST_STEP][PASSED] - n = data.getRowNumbers() + 1: null

16-10-2024T09:07:49 - [TEST_STEP][PASSED] - year = todaysDate.substring(todaysDate.length() - 4, todaysDate.length()): null

16-10-2024T09:07:49 - [TEST_STEP][PASSED] - y = year.toInteger(): null

16-10-2024T09:07:49 - [TEST_STEP][PASSED] - m = getText(findTestObject("Выполнение бизнес-плана/Период")): Text of object 'Object Repository/Выполнение бизнес-плана/Период' is: '1, 2 кв., Июль, Август 2024 года'

16-10-2024T09:07:49 - [MESSAGE][PASSED] - Text of object 'Object Repository/Выполнение бизнес-плана/Период' is: '1, 2 кв., Июль, Август 2024 года'

16-10-2024T09:07:49 - [TEST_STEP][PASSED] - m = m.substring(0, m.indexOf("2024")): null

16-10-2024T09:07:49 - [TEST_STEP][PASSED] - m = m.trim(): null

16-10-2024T09:07:49 - [TEST_STEP][PASSED] - dashboardName = "Выполнение бизнес-плана": null

16-10-2024T09:07:49 - [TEST_STEP][PASSED] - workbook01 = getWorkbook(excelFilePath): null

16-10-2024T09:07:49 - [TEST_STEP][PASSED] - sheet01 = getExcelSheet(workbook01, sheetName): null

16-10-2024T09:07:49 - [TEST_STEP][PASSED] - setValueToCellByIndex(sheet01, n, 0, dashboardName): null

16-10-2024T09:07:49 - [TEST_STEP][PASSED] - setValueToCellByIndex(sheet01, n, 1, dZO): null

16-10-2024T09:07:49 - [TEST_STEP][PASSED] - setValueToCellByIndex(sheet01, n, 2, typeOfData): null

16-10-2024T09:07:49 - [TEST_STEP][PASSED] - if (typeOfData == "Факт в процентах" || typeOfData == "План в процентах"): null

16-10-2024T09:07:49 - [TEST_STEP][PASSED] - setValueToCellByIndex(sheet01, n, 3, fileDouble): null

16-10-2024T09:07:49 - [TEST_STEP][PASSED] - setValueToCellByIndex(sheet01, n, 4, pageDouble): null

16-10-2024T09:07:49 - [TEST_STEP][PASSED] - setValueToCellByIndex(sheet01, n, 5, m): null

16-10-2024T09:07:49 - [TEST_STEP][PASSED] - setValueToCellByIndex(sheet01, n, 6, y): null

16-10-2024T09:07:49 - [TEST_STEP][PASSED] - setValueToCellByIndex(sheet01, n, 7, todaysDate): null

16-10-2024T09:07:49 - [TEST_STEP][PASSED] - n = n + 1: null

16-10-2024T09:07:49 - [TEST_STEP][PASSED] - saveWorkbook(excelFilePath, workbook01): null

16-10-2024T09:07:49 - [TEST_STEP][PASSED] - file = findTestData("PlanFact").getValue(7, a): null

16-10-2024T09:07:49 - [TEST_STEP][PASSED] - file = file.replace(",", "."): null

16-10-2024T09:07:49 - [TEST_STEP][PASSED] - println("file Fact: " + file): null

16-10-2024T09:07:49 - [TEST_STEP][PASSED] - fileDouble = file.toDouble(): null

16-10-2024T09:07:49 - [TEST_STEP][PASSED] - typeOfData = "Факт в процентах": null

16-10-2024T09:07:49 - [TEST_STEP][PASSED] - fileDouble = file.toDouble(): null

16-10-2024T09:07:49 - [TEST_STEP][PASSED] - pageDouble = page2.toDouble(): null

16-10-2024T09:07:49 - [TEST_STEP][PASSED] - if (fileDouble != pageDouble): null

16-10-2024T09:07:49 - [TEST_STEP][PASSED] - numberOfErrors = numberOfErrors + 1: null

16-10-2024T09:07:49 - [TEST_STEP][PASSED] - Script1718980020443.WriteToExcel(a, typeOfData, todaysDate, pageInt, fileInt, pageDouble, fileDouble, dZO): null

16-10-2024T09:07:49 - [TEST_STEP][PASSED] - sheetName = "Sheet1": null

16-10-2024T09:07:49 - [TEST_STEP][PASSED] - data = findTestData("PlanFact"): null

16-10-2024T09:07:49 - [TEST_STEP][PASSED] - n = data.getRowNumbers() + 1: null

16-10-2024T09:07:49 - [TEST_STEP][PASSED] - year = todaysDate.substring(todaysDate.length() - 4, todaysDate.length()): null

16-10-2024T09:07:49 - [TEST_STEP][PASSED] - y = year.toInteger(): null

16-10-2024T09:07:49 - [TEST_STEP][PASSED] - m = getText(findTestObject("Выполнение бизнес-плана/Период")): Text of object 'Object Repository/Выполнение бизнес-плана/Период' is: '1, 2 кв., Июль, Август 2024 года'

16-10-2024T09:07:50 - [MESSAGE][PASSED] - Text of object 'Object Repository/Выполнение бизнес-плана/Период' is: '1, 2 кв., Июль, Август 2024 года'

16-10-2024T09:07:50 - [TEST_STEP][PASSED] - m = m.substring(0, m.indexOf("2024")): null

16-10-2024T09:07:50 - [TEST_STEP][PASSED] - m = m.trim(): null

16-10-2024T09:07:50 - [TEST_STEP][PASSED] - dashboardName = "Выполнение бизнес-плана": null

16-10-2024T09:07:50 - [TEST_STEP][PASSED] - workbook01 = getWorkbook(excelFilePath): null

16-10-2024T09:07:50 - [TEST_STEP][PASSED] - sheet01 = getExcelSheet(workbook01, sheetName): null

16-10-2024T09:07:50 - [TEST_STEP][PASSED] - setValueToCellByIndex(sheet01, n, 0, dashboardName): null

16-10-2024T09:07:50 - [TEST_STEP][PASSED] - setValueToCellByIndex(sheet01, n, 1, dZO): null

16-10-2024T09:07:50 - [TEST_STEP][PASSED] - setValueToCellByIndex(sheet01, n, 2, typeOfData): null

16-10-2024T09:07:50 - [TEST_STEP][PASSED] - if (typeOfData == "Факт в процентах" || typeOfData == "План в процентах"): null

16-10-2024T09:07:50 - [TEST_STEP][PASSED] - setValueToCellByIndex(sheet01, n, 3, fileDouble): null

16-10-2024T09:07:50 - [TEST_STEP][PASSED] - setValueToCellByIndex(sheet01, n, 4, pageDouble): null

16-10-2024T09:07:50 - [TEST_STEP][PASSED] - setValueToCellByIndex(sheet01, n, 5, m): null

16-10-2024T09:07:50 - [TEST_STEP][PASSED] - setValueToCellByIndex(sheet01, n, 6, y): null

16-10-2024T09:07:50 - [TEST_STEP][PASSED] - setValueToCellByIndex(sheet01, n, 7, todaysDate): null

16-10-2024T09:07:50 - [TEST_STEP][PASSED] - n = n + 1: null

16-10-2024T09:07:50 - [TEST_STEP][PASSED] - saveWorkbook(excelFilePath, workbook01): null

16-10-2024T09:07:50 - [TEST_STEP][FAILED] - if (verifyEqual(numberOfErrors, 0) == false): null

16-10-2024T09:07:50 - [MESSAGE][FAILED] - Unable to verify equal between actual object '6' and expected object '0' (Root cause: com.kms.katalon.core.exception.StepFailedException: Actual object '6' and expected object '0' are not equal
	at com.kms.katalon.core.keyword.builtin.VerifyEqualKeyword$_verifyEqual_closure1.doCall(VerifyEqualKeyword.groovy:58)
	at com.kms.katalon.core.keyword.builtin.VerifyEqualKeyword$_verifyEqual_closure1.call(VerifyEqualKeyword.groovy)
	at com.kms.katalon.core.keyword.internal.KeywordMain.runKeyword(KeywordMain.groovy:75)
	at com.kms.katalon.core.keyword.builtin.VerifyEqualKeyword.verifyEqual(VerifyEqualKeyword.groovy:63)
	at com.kms.katalon.core.keyword.builtin.VerifyEqualKeyword.execute(VerifyEqualKeyword.groovy:44)
	at com.kms.katalon.core.keyword.internal.KeywordExecutor.executeKeywordForPlatform(KeywordExecutor.groovy:74)
	at com.kms.katalon.core.keyword.BuiltinKeywords.verifyEqual(BuiltinKeywords.groovy:146)
	at java.base/jdk.internal.reflect.NativeMethodAccessorImpl.invoke0(Native Method)
	at java.base/jdk.internal.reflect.NativeMethodAccessorImpl.invoke(NativeMethodAccessorImpl.java:77)
	at java.base/jdk.internal.reflect.DelegatingMethodAccessorImpl.invoke(DelegatingMethodAccessorImpl.java:43)
	at Выполнение бизнес-плана Сверка ПАО Россети все филиалы.Numbers(Выполнение бизнес-плана Сверка ПАО Россети все филиалы:749)
	at Выполнение бизнес-плана Сверка ПАО Россети все филиалы.Filials(Выполнение бизнес-плана Сверка ПАО Россети все филиалы:1586)
	at Выполнение бизнес-плана Сверка ПАО Россети все филиалы.Numbers(Выполнение бизнес-плана Сверка ПАО Россети все филиалы:754)
	at Выполнение бизнес-плана Сверка ПАО Россети все филиалы.run(Выполнение бизнес-плана Сверка ПАО Россети все филиалы:341)
	at com.kms.katalon.core.main.ScriptEngine.run(ScriptEngine.java:194)
	at com.kms.katalon.core.main.ScriptEngine.runScriptAsRawText(ScriptEngine.java:119)
	at com.kms.katalon.core.main.TestCaseExecutor.runScript(TestCaseExecutor.java:448)
	at com.kms.katalon.core.main.TestCaseExecutor.doExecute(TestCaseExecutor.java:439)
	at com.kms.katalon.core.main.TestCaseExecutor.processExecutionPhase(TestCaseExecutor.java:418)
	at com.kms.katalon.core.main.TestCaseExecutor.accessMainPhase(TestCaseExecutor.java:410)
	at com.kms.katalon.core.main.TestCaseExecutor.execute(TestCaseExecutor.java:285)
	at com.kms.katalon.core.common.CommonExecutor.accessTestCaseMainPhase(CommonExecutor.java:65)
	at com.kms.katalon.core.main.TestSuiteExecutor.accessTestSuiteMainPhase(TestSuiteExecutor.java:150)
	at com.kms.katalon.core.main.TestSuiteExecutor.execute(TestSuiteExecutor.java:106)
	at com.kms.katalon.core.main.TestCaseMain.startTestSuite(TestCaseMain.java:180)
	at TempTestSuite1729057289574.run(TempTestSuite1729057289574.groovy:35)
	at java.base/jdk.internal.reflect.NativeMethodAccessorImpl.invoke0(Native Method)
	at java.base/jdk.internal.reflect.NativeMethodAccessorImpl.invoke(NativeMethodAccessorImpl.java:77)
	at java.base/jdk.internal.reflect.DelegatingMethodAccessorImpl.invoke(DelegatingMethodAccessorImpl.java:43)
)

16-10-2024T09:07:50 - [TEST_STEP][PASSED] - println(numberOfErrors): null

16-10-2024T09:07:50 - [TEST_STEP][PASSED] - if (a == 28 || a == 77 || a == 74 || a == 65 || a == 36 || a == 44 || a == 54 || a == 1 || a == 18 || a == 59): null

16-10-2024T09:07:50 - [TEST_STEP][PASSED] - if (a == 82): null

16-10-2024T09:07:50 - [TEST_STEP][PASSED] - dZO = "Кузбассэнерго-РЭС": null

16-10-2024T09:07:50 - [TEST_STEP][PASSED] - a = 48: null

16-10-2024T09:07:50 - [TEST_STEP][PASSED] - if (x2.contains(dZO)): null

16-10-2024T09:07:50 - [TEST_STEP][PASSED] - filialNum = filialNum + 1: null

16-10-2024T09:07:50 - [TEST_STEP][PASSED] - Script1718980020443.Numbers(a, typeOfData, todaysDate, pageInt, fileInt, pageDouble, fileDouble, dZO, dzoNum, filialNum): null

16-10-2024T09:07:50 - [TEST_STEP][PASSED] - println(dzoNum): null

16-10-2024T09:07:50 - [TEST_STEP][PASSED] - planFact = <not implemented yet for class: org.codehaus.groovy.ast.expr.EmptyExpression>: null

16-10-2024T09:07:50 - [TEST_STEP][PASSED] - page = <not implemented yet for class: org.codehaus.groovy.ast.expr.EmptyExpression>: null

16-10-2024T09:07:50 - [TEST_STEP][PASSED] - page1 = <not implemented yet for class: org.codehaus.groovy.ast.expr.EmptyExpression>: null

16-10-2024T09:07:50 - [TEST_STEP][PASSED] - page2 = <not implemented yet for class: org.codehaus.groovy.ast.expr.EmptyExpression>: null

16-10-2024T09:07:50 - [TEST_STEP][PASSED] - filialNumberInRow = <not implemented yet for class: org.codehaus.groovy.ast.expr.EmptyExpression>: null

16-10-2024T09:07:50 - [TEST_STEP][PASSED] - filialsDzoNames = <not implemented yet for class: org.codehaus.groovy.ast.expr.EmptyExpression>: null

16-10-2024T09:07:50 - [TEST_STEP][PASSED] - numberOfFilials = <not implemented yet for class: org.codehaus.groovy.ast.expr.EmptyExpression>: null

16-10-2024T09:07:50 - [TEST_STEP][PASSED] - numberOfSpaces = <not implemented yet for class: org.codehaus.groovy.ast.expr.EmptyExpression>: null

16-10-2024T09:07:50 - [TEST_STEP][PASSED] - file = <not implemented yet for class: org.codehaus.groovy.ast.expr.EmptyExpression>: null

16-10-2024T09:07:50 - [TEST_STEP][PASSED] - otpusk = <not implemented yet for class: org.codehaus.groovy.ast.expr.EmptyExpression>: null

16-10-2024T09:07:50 - [TEST_STEP][PASSED] - poteri = <not implemented yet for class: org.codehaus.groovy.ast.expr.EmptyExpression>: null

16-10-2024T09:07:50 - [TEST_STEP][PASSED] - dataFolder = "Выполнение бизнес-плана/Значения со страницы Выполнение бизнес-плана/": null

16-10-2024T09:07:50 - [TEST_STEP][PASSED] - path = <not implemented yet for class: org.codehaus.groovy.ast.expr.EmptyExpression>: null

16-10-2024T09:07:50 - [TEST_STEP][PASSED] - typeOfDataMain = <not implemented yet for class: org.codehaus.groovy.ast.expr.EmptyExpression>: null

16-10-2024T09:07:50 - [TEST_STEP][PASSED] - fileOtpuskVSet = <not implemented yet for class: org.codehaus.groovy.ast.expr.EmptyExpression>: null

16-10-2024T09:07:50 - [TEST_STEP][PASSED] - pageOtpuskVSet = <not implemented yet for class: org.codehaus.groovy.ast.expr.EmptyExpression>: null

16-10-2024T09:07:50 - [TEST_STEP][PASSED] - filePoteri = <not implemented yet for class: org.codehaus.groovy.ast.expr.EmptyExpression>: null

16-10-2024T09:07:50 - [TEST_STEP][PASSED] - pagePoteri = <not implemented yet for class: org.codehaus.groovy.ast.expr.EmptyExpression>: null

16-10-2024T09:07:50 - [TEST_STEP][PASSED] - compare = <not implemented yet for class: org.codehaus.groovy.ast.expr.EmptyExpression>: null

16-10-2024T09:07:50 - [TEST_STEP][PASSED] - b = <not implemented yet for class: org.codehaus.groovy.ast.expr.EmptyExpression>: null

16-10-2024T09:07:50 - [TEST_STEP][PASSED] - i = <not implemented yet for class: org.codehaus.groovy.ast.expr.EmptyExpression>: null

16-10-2024T09:07:50 - [TEST_STEP][PASSED] - ii = <not implemented yet for class: org.codehaus.groovy.ast.expr.EmptyExpression>: null

16-10-2024T09:07:50 - [TEST_STEP][PASSED] - c = <not implemented yet for class: org.codehaus.groovy.ast.expr.EmptyExpression>: null

16-10-2024T09:07:50 - [TEST_STEP][PASSED] - numberOfErrors = 0: null

16-10-2024T09:07:50 - [TEST_STEP][PASSED] - if (a == 82): null

16-10-2024T09:07:50 - [TEST_STEP][PASSED] - b = findTestData("PlanFact").getValue(1, a): null

16-10-2024T09:07:50 - [TEST_STEP][PASSED] - i = b.indexOf(" (ГК)"): null

16-10-2024T09:07:50 - [TEST_STEP][PASSED] - if (i > -1): null

16-10-2024T09:07:50 - [TEST_STEP][PASSED] - i = b.indexOf("О ""): null

16-10-2024T09:07:50 - [TEST_STEP][PASSED] - if (i > -1): null

16-10-2024T09:07:50 - [TEST_STEP][PASSED] - i = b.indexOf("О «"): null

16-10-2024T09:07:50 - [TEST_STEP][PASSED] - if (i > -1): null

16-10-2024T09:07:50 - [TEST_STEP][PASSED] - i = b.indexOf("г. "): null

16-10-2024T09:07:50 - [TEST_STEP][PASSED] - if (i > -1): null

16-10-2024T09:07:50 - [TEST_STEP][PASSED] - println(b): null

16-10-2024T09:07:50 - [TEST_STEP][PASSED] - for ([planFact = 1, planFact < 3, (planFact++)]): null

16-10-2024T09:07:50 - [TEST_STEP][PASSED] - if (planFact == 1): null

16-10-2024T09:07:50 - [TEST_STEP][PASSED] - typeOfDataMain = "Факт": null

16-10-2024T09:07:50 - [TEST_STEP][PASSED] - otpusk = findTestData("PlanFact").getValue(5, a): null

16-10-2024T09:07:50 - [TEST_STEP][PASSED] - poteri = findTestData("PlanFact").getValue(6, a): null

16-10-2024T09:07:50 - [TEST_STEP][PASSED] - otpusk = otpusk.replaceAll("\s+", ""): null

16-10-2024T09:07:50 - [TEST_STEP][PASSED] - poteri = poteri.replaceAll("\s+", ""): null

16-10-2024T09:07:50 - [TEST_STEP][PASSED] - typeOfData = typeOfDataMain + " Отпуск в сеть": null

16-10-2024T09:07:50 - [TEST_STEP][PASSED] - if (a == 82): null

16-10-2024T09:07:50 - [TEST_STEP][PASSED] - else if (a == 84): null

16-10-2024T09:07:50 - [TEST_STEP][PASSED] - else if (a == 52 || a == 72 || a == 28 || a == 73 || a == 77 || a == 74 || a == 65 || a == 36 || a == 44 || a == 53 || a == 80 || a == 54 || a == 1 || a == 18 || a == 59 || a == 81): null

16-10-2024T09:07:50 - [TEST_STEP][PASSED] - else: null

16-10-2024T09:07:50 - [TEST_STEP][PASSED] - path = dataFolder + typeOfData + " за отчётный период " + b: null

16-10-2024T09:07:50 - [TEST_STEP][PASSED] - println(path): null

16-10-2024T09:07:50 - [TEST_STEP][PASSED] - page = getText(findTestObject(path)): Text of object 'Object Repository/Выполнение бизнес-плана/Значения со страницы Выполнение бизнес-плана/Факт Отпуск в сеть за отчётный период Кузбассэнерго-РЭС' is: '9 895 383'

16-10-2024T09:07:50 - [MESSAGE][PASSED] - Text of object 'Object Repository/Выполнение бизнес-плана/Значения со страницы Выполнение бизнес-плана/Факт Отпуск в сеть за отчётный период Кузбассэнерго-РЭС' is: '9 895 383'

16-10-2024T09:07:50 - [TEST_STEP][PASSED] - page = page.replaceAll("\s+", ""): null

16-10-2024T09:07:50 - [TEST_STEP][PASSED] - fileOtpuskVSet = otpusk.toInteger(): null

16-10-2024T09:07:50 - [TEST_STEP][PASSED] - pageOtpuskVSet = page.toInteger(): null

16-10-2024T09:07:50 - [TEST_STEP][PASSED] - typeOfData = typeOfDataMain + " Потери": null

16-10-2024T09:07:50 - [TEST_STEP][PASSED] - if (a == 82): null

16-10-2024T09:07:50 - [TEST_STEP][PASSED] - else if (a == 84): null

16-10-2024T09:07:50 - [TEST_STEP][PASSED] - else if (a == 52 || a == 72 || a == 28 || a == 73 || a == 77 || a == 74 || a == 65 || a == 36 || a == 44 || a == 53 || a == 80 || a == 54 || a == 1 || a == 18 || a == 59 || a == 81): null

16-10-2024T09:07:50 - [TEST_STEP][PASSED] - else: null

16-10-2024T09:07:50 - [TEST_STEP][PASSED] - path = dataFolder + typeOfData + " за отчётный период " + b: null

16-10-2024T09:07:50 - [TEST_STEP][PASSED] - page = getText(findTestObject(path)): Text of object 'Object Repository/Выполнение бизнес-плана/Значения со страницы Выполнение бизнес-плана/Факт Потери за отчётный период Кузбассэнерго-РЭС' is: '356 736'

16-10-2024T09:07:51 - [MESSAGE][PASSED] - Text of object 'Object Repository/Выполнение бизнес-плана/Значения со страницы Выполнение бизнес-плана/Факт Потери за отчётный период Кузбассэнерго-РЭС' is: '356 736'

16-10-2024T09:07:51 - [TEST_STEP][PASSED] - page = page.replaceAll("\s+", ""): null

16-10-2024T09:07:51 - [TEST_STEP][PASSED] - filePoteri = poteri.toInteger(): null

16-10-2024T09:07:51 - [TEST_STEP][PASSED] - pagePoteri = page.toInteger(): null

16-10-2024T09:07:51 - [TEST_STEP][PASSED] - compare = pageOtpuskVSet: null

16-10-2024T09:07:51 - [TEST_STEP][PASSED] - if (compare == fileOtpuskVSet): null

16-10-2024T09:07:51 - [TEST_STEP][PASSED] - else if (compare > fileOtpuskVSet): null

16-10-2024T09:07:51 - [TEST_STEP][PASSED] - compare = compare - 1: null

16-10-2024T09:07:51 - [TEST_STEP][PASSED] - if (compare == fileOtpuskVSet): null

16-10-2024T09:07:51 - [TEST_STEP][PASSED] - else: null

16-10-2024T09:07:51 - [TEST_STEP][PASSED] - numberOfErrors = numberOfErrors + 1: null

16-10-2024T09:07:51 - [TEST_STEP][PASSED] - pageInt = pageOtpuskVSet: null

16-10-2024T09:07:51 - [TEST_STEP][PASSED] - fileInt = fileOtpuskVSet: null

16-10-2024T09:07:51 - [TEST_STEP][PASSED] - typeOfData = typeOfDataMain + " Отпуск в сеть": null

16-10-2024T09:07:51 - [TEST_STEP][PASSED] - Script1718980020443.WriteToExcel(a, typeOfData, todaysDate, pageInt, fileInt, pageDouble, fileDouble, dZO): null

16-10-2024T09:07:51 - [TEST_STEP][PASSED] - sheetName = "Sheet1": null

16-10-2024T09:07:51 - [TEST_STEP][PASSED] - data = findTestData("PlanFact"): null

16-10-2024T09:07:51 - [TEST_STEP][PASSED] - n = data.getRowNumbers() + 1: null

16-10-2024T09:07:51 - [TEST_STEP][PASSED] - year = todaysDate.substring(todaysDate.length() - 4, todaysDate.length()): null

16-10-2024T09:07:51 - [TEST_STEP][PASSED] - y = year.toInteger(): null

16-10-2024T09:07:51 - [TEST_STEP][PASSED] - m = getText(findTestObject("Выполнение бизнес-плана/Период")): Text of object 'Object Repository/Выполнение бизнес-плана/Период' is: '1, 2 кв., Июль, Август 2024 года'

16-10-2024T09:07:51 - [MESSAGE][PASSED] - Text of object 'Object Repository/Выполнение бизнес-плана/Период' is: '1, 2 кв., Июль, Август 2024 года'

16-10-2024T09:07:51 - [TEST_STEP][PASSED] - m = m.substring(0, m.indexOf("2024")): null

16-10-2024T09:07:51 - [TEST_STEP][PASSED] - m = m.trim(): null

16-10-2024T09:07:51 - [TEST_STEP][PASSED] - dashboardName = "Выполнение бизнес-плана": null

16-10-2024T09:07:51 - [TEST_STEP][PASSED] - workbook01 = getWorkbook(excelFilePath): null

16-10-2024T09:07:51 - [TEST_STEP][PASSED] - sheet01 = getExcelSheet(workbook01, sheetName): null

16-10-2024T09:07:51 - [TEST_STEP][PASSED] - setValueToCellByIndex(sheet01, n, 0, dashboardName): null

16-10-2024T09:07:51 - [TEST_STEP][PASSED] - setValueToCellByIndex(sheet01, n, 1, dZO): null

16-10-2024T09:07:51 - [TEST_STEP][PASSED] - setValueToCellByIndex(sheet01, n, 2, typeOfData): null

16-10-2024T09:07:51 - [TEST_STEP][PASSED] - if (typeOfData == "Факт в процентах" || typeOfData == "План в процентах"): null

16-10-2024T09:07:51 - [TEST_STEP][PASSED] - else: null

16-10-2024T09:07:51 - [TEST_STEP][PASSED] - setValueToCellByIndex(sheet01, n, 3, fileInt): null

16-10-2024T09:07:51 - [TEST_STEP][PASSED] - setValueToCellByIndex(sheet01, n, 4, pageInt): null

16-10-2024T09:07:51 - [TEST_STEP][PASSED] - setValueToCellByIndex(sheet01, n, 5, m): null

16-10-2024T09:07:51 - [TEST_STEP][PASSED] - setValueToCellByIndex(sheet01, n, 6, y): null

16-10-2024T09:07:51 - [TEST_STEP][PASSED] - setValueToCellByIndex(sheet01, n, 7, todaysDate): null

16-10-2024T09:07:51 - [TEST_STEP][PASSED] - n = n + 1: null

16-10-2024T09:07:51 - [TEST_STEP][PASSED] - saveWorkbook(excelFilePath, workbook01): null

16-10-2024T09:07:51 - [TEST_STEP][PASSED] - compare = pagePoteri: null

16-10-2024T09:07:51 - [TEST_STEP][PASSED] - if (compare == filePoteri): null

16-10-2024T09:07:51 - [TEST_STEP][PASSED] - else if (compare > filePoteri): null

16-10-2024T09:07:51 - [TEST_STEP][PASSED] - compare = compare - 1: null

16-10-2024T09:07:51 - [TEST_STEP][PASSED] - if (compare == filePoteri): null

16-10-2024T09:07:51 - [TEST_STEP][PASSED] - else: null

16-10-2024T09:07:51 - [TEST_STEP][PASSED] - numberOfErrors = numberOfErrors + 1: null

16-10-2024T09:07:51 - [TEST_STEP][PASSED] - pageInt = pagePoteri: null

16-10-2024T09:07:51 - [TEST_STEP][PASSED] - fileInt = filePoteri: null

16-10-2024T09:07:51 - [TEST_STEP][PASSED] - typeOfData = typeOfDataMain + " Потери": null

16-10-2024T09:07:51 - [TEST_STEP][PASSED] - Script1718980020443.WriteToExcel(a, typeOfData, todaysDate, pageInt, fileInt, pageDouble, fileDouble, dZO): null

16-10-2024T09:07:51 - [TEST_STEP][PASSED] - sheetName = "Sheet1": null

16-10-2024T09:07:51 - [TEST_STEP][PASSED] - data = findTestData("PlanFact"): null

16-10-2024T09:07:51 - [TEST_STEP][PASSED] - n = data.getRowNumbers() + 1: null

16-10-2024T09:07:51 - [TEST_STEP][PASSED] - year = todaysDate.substring(todaysDate.length() - 4, todaysDate.length()): null

16-10-2024T09:07:51 - [TEST_STEP][PASSED] - y = year.toInteger(): null

16-10-2024T09:07:51 - [TEST_STEP][PASSED] - m = getText(findTestObject("Выполнение бизнес-плана/Период")): Text of object 'Object Repository/Выполнение бизнес-плана/Период' is: '1, 2 кв., Июль, Август 2024 года'

16-10-2024T09:07:52 - [MESSAGE][PASSED] - Text of object 'Object Repository/Выполнение бизнес-плана/Период' is: '1, 2 кв., Июль, Август 2024 года'

16-10-2024T09:07:52 - [TEST_STEP][PASSED] - m = m.substring(0, m.indexOf("2024")): null

16-10-2024T09:07:52 - [TEST_STEP][PASSED] - m = m.trim(): null

16-10-2024T09:07:52 - [TEST_STEP][PASSED] - dashboardName = "Выполнение бизнес-плана": null

16-10-2024T09:07:52 - [TEST_STEP][PASSED] - workbook01 = getWorkbook(excelFilePath): null

16-10-2024T09:07:52 - [TEST_STEP][PASSED] - sheet01 = getExcelSheet(workbook01, sheetName): null

16-10-2024T09:07:52 - [TEST_STEP][PASSED] - setValueToCellByIndex(sheet01, n, 0, dashboardName): null

16-10-2024T09:07:52 - [TEST_STEP][PASSED] - setValueToCellByIndex(sheet01, n, 1, dZO): null

16-10-2024T09:07:52 - [TEST_STEP][PASSED] - setValueToCellByIndex(sheet01, n, 2, typeOfData): null

16-10-2024T09:07:52 - [TEST_STEP][PASSED] - if (typeOfData == "Факт в процентах" || typeOfData == "План в процентах"): null

16-10-2024T09:07:52 - [TEST_STEP][PASSED] - else: null

16-10-2024T09:07:52 - [TEST_STEP][PASSED] - setValueToCellByIndex(sheet01, n, 3, fileInt): null

16-10-2024T09:07:52 - [TEST_STEP][PASSED] - setValueToCellByIndex(sheet01, n, 4, pageInt): null

16-10-2024T09:07:52 - [TEST_STEP][PASSED] - setValueToCellByIndex(sheet01, n, 5, m): null

16-10-2024T09:07:52 - [TEST_STEP][PASSED] - setValueToCellByIndex(sheet01, n, 6, y): null

16-10-2024T09:07:52 - [TEST_STEP][PASSED] - setValueToCellByIndex(sheet01, n, 7, todaysDate): null

16-10-2024T09:07:52 - [TEST_STEP][PASSED] - n = n + 1: null

16-10-2024T09:07:52 - [TEST_STEP][PASSED] - saveWorkbook(excelFilePath, workbook01): null

16-10-2024T09:07:52 - [TEST_STEP][PASSED] - if (planFact == 2): null

16-10-2024T09:07:52 - [TEST_STEP][PASSED] - if (planFact == 1): null

16-10-2024T09:07:52 - [TEST_STEP][PASSED] - else if (planFact == 2): null

16-10-2024T09:07:52 - [TEST_STEP][PASSED] - click(findTestObject("Выполнение бизнес-плана/Кнопка План")): Object: 'Object Repository/Выполнение бизнес-плана/Кнопка План' is clicked on

16-10-2024T09:07:52 - [MESSAGE][PASSED] - Object: 'Object Repository/Выполнение бизнес-плана/Кнопка План' is clicked on

16-10-2024T09:07:52 - [TEST_STEP][PASSED] - typeOfDataMain = "План": null

16-10-2024T09:07:52 - [TEST_STEP][PASSED] - otpusk = findTestData("PlanFact").getValue(2, a): null

16-10-2024T09:07:52 - [TEST_STEP][PASSED] - poteri = findTestData("PlanFact").getValue(3, a): null

16-10-2024T09:07:52 - [TEST_STEP][PASSED] - otpusk = otpusk.replaceAll("\s+", ""): null

16-10-2024T09:07:52 - [TEST_STEP][PASSED] - poteri = poteri.replaceAll("\s+", ""): null

16-10-2024T09:07:52 - [TEST_STEP][PASSED] - typeOfData = typeOfDataMain + " Отпуск в сеть": null

16-10-2024T09:07:52 - [TEST_STEP][PASSED] - if (a == 82): null

16-10-2024T09:07:52 - [TEST_STEP][PASSED] - else if (a == 84): null

16-10-2024T09:07:52 - [TEST_STEP][PASSED] - else if (a == 52 || a == 72 || a == 28 || a == 73 || a == 77 || a == 74 || a == 65 || a == 36 || a == 44 || a == 53 || a == 80 || a == 54 || a == 1 || a == 18 || a == 59 || a == 81): null

16-10-2024T09:07:52 - [TEST_STEP][PASSED] - else: null

16-10-2024T09:07:52 - [TEST_STEP][PASSED] - path = dataFolder + typeOfData + " за отчётный период " + b: null

16-10-2024T09:07:52 - [TEST_STEP][PASSED] - println(path): null

16-10-2024T09:07:52 - [TEST_STEP][PASSED] - page = getText(findTestObject(path)): Text of object 'Object Repository/Выполнение бизнес-плана/Значения со страницы Выполнение бизнес-плана/План Отпуск в сеть за отчётный период Кузбассэнерго-РЭС' is: '9 511 389'

16-10-2024T09:07:53 - [MESSAGE][PASSED] - Text of object 'Object Repository/Выполнение бизнес-плана/Значения со страницы Выполнение бизнес-плана/План Отпуск в сеть за отчётный период Кузбассэнерго-РЭС' is: '9 511 389'

16-10-2024T09:07:53 - [TEST_STEP][PASSED] - page = page.replaceAll("\s+", ""): null

16-10-2024T09:07:53 - [TEST_STEP][PASSED] - fileOtpuskVSet = otpusk.toInteger(): null

16-10-2024T09:07:53 - [TEST_STEP][PASSED] - pageOtpuskVSet = page.toInteger(): null

16-10-2024T09:07:53 - [TEST_STEP][PASSED] - typeOfData = typeOfDataMain + " Потери": null

16-10-2024T09:07:53 - [TEST_STEP][PASSED] - if (a == 82): null

16-10-2024T09:07:53 - [TEST_STEP][PASSED] - else if (a == 84): null

16-10-2024T09:07:53 - [TEST_STEP][PASSED] - else if (a == 52 || a == 72 || a == 28 || a == 73 || a == 77 || a == 74 || a == 65 || a == 36 || a == 44 || a == 53 || a == 80 || a == 54 || a == 1 || a == 18 || a == 59 || a == 81): null

16-10-2024T09:07:53 - [TEST_STEP][PASSED] - else: null

16-10-2024T09:07:53 - [TEST_STEP][PASSED] - path = dataFolder + typeOfData + " за отчётный период " + b: null

16-10-2024T09:07:53 - [TEST_STEP][PASSED] - page = getText(findTestObject(path)): Text of object 'Object Repository/Выполнение бизнес-плана/Значения со страницы Выполнение бизнес-плана/План Потери за отчётный период Кузбассэнерго-РЭС' is: '368 397'

16-10-2024T09:07:53 - [MESSAGE][PASSED] - Text of object 'Object Repository/Выполнение бизнес-плана/Значения со страницы Выполнение бизнес-плана/План Потери за отчётный период Кузбассэнерго-РЭС' is: '368 397'

16-10-2024T09:07:53 - [TEST_STEP][PASSED] - page = page.replaceAll("\s+", ""): null

16-10-2024T09:07:53 - [TEST_STEP][PASSED] - filePoteri = poteri.toInteger(): null

16-10-2024T09:07:53 - [TEST_STEP][PASSED] - pagePoteri = page.toInteger(): null

16-10-2024T09:07:53 - [TEST_STEP][PASSED] - compare = pageOtpuskVSet: null

16-10-2024T09:07:53 - [TEST_STEP][PASSED] - if (compare == fileOtpuskVSet): null

16-10-2024T09:07:53 - [TEST_STEP][PASSED] - else if (compare > fileOtpuskVSet): null

16-10-2024T09:07:53 - [TEST_STEP][PASSED] - compare = compare - 1: null

16-10-2024T09:07:53 - [TEST_STEP][PASSED] - if (compare == fileOtpuskVSet): null

16-10-2024T09:07:53 - [TEST_STEP][PASSED] - else: null

16-10-2024T09:07:53 - [TEST_STEP][PASSED] - numberOfErrors = numberOfErrors + 1: null

16-10-2024T09:07:53 - [TEST_STEP][PASSED] - pageInt = pageOtpuskVSet: null

16-10-2024T09:07:53 - [TEST_STEP][PASSED] - fileInt = fileOtpuskVSet: null

16-10-2024T09:07:53 - [TEST_STEP][PASSED] - typeOfData = typeOfDataMain + " Отпуск в сеть": null

16-10-2024T09:07:53 - [TEST_STEP][PASSED] - Script1718980020443.WriteToExcel(a, typeOfData, todaysDate, pageInt, fileInt, pageDouble, fileDouble, dZO): null

16-10-2024T09:07:53 - [TEST_STEP][PASSED] - sheetName = "Sheet1": null

16-10-2024T09:07:53 - [TEST_STEP][PASSED] - data = findTestData("PlanFact"): null

16-10-2024T09:07:53 - [TEST_STEP][PASSED] - n = data.getRowNumbers() + 1: null

16-10-2024T09:07:53 - [TEST_STEP][PASSED] - year = todaysDate.substring(todaysDate.length() - 4, todaysDate.length()): null

16-10-2024T09:07:53 - [TEST_STEP][PASSED] - y = year.toInteger(): null

16-10-2024T09:07:53 - [TEST_STEP][PASSED] - m = getText(findTestObject("Выполнение бизнес-плана/Период")): Text of object 'Object Repository/Выполнение бизнес-плана/Период' is: '1, 2 кв., Июль, Август 2024 года'

16-10-2024T09:07:54 - [MESSAGE][PASSED] - Text of object 'Object Repository/Выполнение бизнес-плана/Период' is: '1, 2 кв., Июль, Август 2024 года'

16-10-2024T09:07:54 - [TEST_STEP][PASSED] - m = m.substring(0, m.indexOf("2024")): null

16-10-2024T09:07:54 - [TEST_STEP][PASSED] - m = m.trim(): null

16-10-2024T09:07:54 - [TEST_STEP][PASSED] - dashboardName = "Выполнение бизнес-плана": null

16-10-2024T09:07:54 - [TEST_STEP][PASSED] - workbook01 = getWorkbook(excelFilePath): null

16-10-2024T09:07:54 - [TEST_STEP][PASSED] - sheet01 = getExcelSheet(workbook01, sheetName): null

16-10-2024T09:07:54 - [TEST_STEP][PASSED] - setValueToCellByIndex(sheet01, n, 0, dashboardName): null

16-10-2024T09:07:54 - [TEST_STEP][PASSED] - setValueToCellByIndex(sheet01, n, 1, dZO): null

16-10-2024T09:07:54 - [TEST_STEP][PASSED] - setValueToCellByIndex(sheet01, n, 2, typeOfData): null

16-10-2024T09:07:54 - [TEST_STEP][PASSED] - if (typeOfData == "Факт в процентах" || typeOfData == "План в процентах"): null

16-10-2024T09:07:54 - [TEST_STEP][PASSED] - else: null

16-10-2024T09:07:54 - [TEST_STEP][PASSED] - setValueToCellByIndex(sheet01, n, 3, fileInt): null

16-10-2024T09:07:54 - [TEST_STEP][PASSED] - setValueToCellByIndex(sheet01, n, 4, pageInt): null

16-10-2024T09:07:54 - [TEST_STEP][PASSED] - setValueToCellByIndex(sheet01, n, 5, m): null

16-10-2024T09:07:54 - [TEST_STEP][PASSED] - setValueToCellByIndex(sheet01, n, 6, y): null

16-10-2024T09:07:54 - [TEST_STEP][PASSED] - setValueToCellByIndex(sheet01, n, 7, todaysDate): null

16-10-2024T09:07:54 - [TEST_STEP][PASSED] - n = n + 1: null

16-10-2024T09:07:54 - [TEST_STEP][PASSED] - saveWorkbook(excelFilePath, workbook01): null

16-10-2024T09:07:54 - [TEST_STEP][PASSED] - compare = pagePoteri: null

16-10-2024T09:07:54 - [TEST_STEP][PASSED] - if (compare == filePoteri): null

16-10-2024T09:07:54 - [TEST_STEP][PASSED] - else if (compare > filePoteri): null

16-10-2024T09:07:54 - [TEST_STEP][PASSED] - compare = compare - 1: null

16-10-2024T09:07:54 - [TEST_STEP][PASSED] - if (compare == filePoteri): null

16-10-2024T09:07:54 - [TEST_STEP][PASSED] - else: null

16-10-2024T09:07:54 - [TEST_STEP][PASSED] - numberOfErrors = numberOfErrors + 1: null

16-10-2024T09:07:54 - [TEST_STEP][PASSED] - pageInt = pagePoteri: null

16-10-2024T09:07:54 - [TEST_STEP][PASSED] - fileInt = filePoteri: null

16-10-2024T09:07:54 - [TEST_STEP][PASSED] - typeOfData = typeOfDataMain + " Потери": null

16-10-2024T09:07:54 - [TEST_STEP][PASSED] - Script1718980020443.WriteToExcel(a, typeOfData, todaysDate, pageInt, fileInt, pageDouble, fileDouble, dZO): null

16-10-2024T09:07:54 - [TEST_STEP][PASSED] - sheetName = "Sheet1": null

16-10-2024T09:07:54 - [TEST_STEP][PASSED] - data = findTestData("PlanFact"): null

16-10-2024T09:07:54 - [TEST_STEP][PASSED] - n = data.getRowNumbers() + 1: null

16-10-2024T09:07:54 - [TEST_STEP][PASSED] - year = todaysDate.substring(todaysDate.length() - 4, todaysDate.length()): null

16-10-2024T09:07:54 - [TEST_STEP][PASSED] - y = year.toInteger(): null

16-10-2024T09:07:54 - [TEST_STEP][PASSED] - m = getText(findTestObject("Выполнение бизнес-плана/Период")): Text of object 'Object Repository/Выполнение бизнес-плана/Период' is: '1, 2 кв., Июль, Август 2024 года'

16-10-2024T09:07:54 - [MESSAGE][PASSED] - Text of object 'Object Repository/Выполнение бизнес-плана/Период' is: '1, 2 кв., Июль, Август 2024 года'

16-10-2024T09:07:54 - [TEST_STEP][PASSED] - m = m.substring(0, m.indexOf("2024")): null

16-10-2024T09:07:54 - [TEST_STEP][PASSED] - m = m.trim(): null

16-10-2024T09:07:54 - [TEST_STEP][PASSED] - dashboardName = "Выполнение бизнес-плана": null

16-10-2024T09:07:54 - [TEST_STEP][PASSED] - workbook01 = getWorkbook(excelFilePath): null

16-10-2024T09:07:54 - [TEST_STEP][PASSED] - sheet01 = getExcelSheet(workbook01, sheetName): null

16-10-2024T09:07:54 - [TEST_STEP][PASSED] - setValueToCellByIndex(sheet01, n, 0, dashboardName): null

16-10-2024T09:07:54 - [TEST_STEP][PASSED] - setValueToCellByIndex(sheet01, n, 1, dZO): null

16-10-2024T09:07:54 - [TEST_STEP][PASSED] - setValueToCellByIndex(sheet01, n, 2, typeOfData): null

16-10-2024T09:07:54 - [TEST_STEP][PASSED] - if (typeOfData == "Факт в процентах" || typeOfData == "План в процентах"): null

16-10-2024T09:07:54 - [TEST_STEP][PASSED] - else: null

16-10-2024T09:07:54 - [TEST_STEP][PASSED] - setValueToCellByIndex(sheet01, n, 3, fileInt): null

16-10-2024T09:07:54 - [TEST_STEP][PASSED] - setValueToCellByIndex(sheet01, n, 4, pageInt): null

16-10-2024T09:07:54 - [TEST_STEP][PASSED] - setValueToCellByIndex(sheet01, n, 5, m): null

16-10-2024T09:07:54 - [TEST_STEP][PASSED] - setValueToCellByIndex(sheet01, n, 6, y): null

16-10-2024T09:07:54 - [TEST_STEP][PASSED] - setValueToCellByIndex(sheet01, n, 7, todaysDate): null

16-10-2024T09:07:54 - [TEST_STEP][PASSED] - n = n + 1: null

16-10-2024T09:07:54 - [TEST_STEP][PASSED] - saveWorkbook(excelFilePath, workbook01): Object: 'Object Repository/Выполнение бизнес-плана/Кнопка Факт' is clicked on

16-10-2024T09:07:55 - [TEST_STEP][PASSED] - if (planFact == 2): Object: 'Object Repository/Выполнение бизнес-плана/Кнопка Факт' is clicked on

16-10-2024T09:07:55 - [TEST_STEP][PASSED] - click(findTestObject("Выполнение бизнес-плана/Кнопка Факт")): Object: 'Object Repository/Выполнение бизнес-плана/Кнопка Факт' is clicked on

16-10-2024T09:07:55 - [MESSAGE][PASSED] - Object: 'Object Repository/Выполнение бизнес-плана/Кнопка Факт' is clicked on

16-10-2024T09:07:55 - [TEST_STEP][PASSED] - if (a == 84 || a == 82): null

16-10-2024T09:07:55 - [TEST_STEP][PASSED] - else if (a == 52 || a == 72 || a == 28 || a == 73 || a == 77 || a == 74 || a == 65 || a == 36 || a == 44 || a == 53 || a == 80 || a == 54 || a == 1 || a == 18 || a == 59 || a == 81): null

16-10-2024T09:07:55 - [TEST_STEP][PASSED] - else: null

16-10-2024T09:07:55 - [TEST_STEP][PASSED] - page1 = getText(findTestObject("Object Repository/Выполнение бизнес-плана/spanPlan" + filialNum)): Text of object 'Object Repository/Выполнение бизнес-плана/spanPlan4' is: '3.87
|'

16-10-2024T09:07:55 - [MESSAGE][PASSED] - Text of object 'Object Repository/Выполнение бизнес-плана/spanPlan4' is: '3.87
|'

16-10-2024T09:07:55 - [TEST_STEP][PASSED] - page1 = page1.replace("|", ""): null

16-10-2024T09:07:55 - [TEST_STEP][PASSED] - page2 = getText(findTestObject("Object Repository/Выполнение бизнес-плана/spanFact" + filialNum)): Text of object 'Object Repository/Выполнение бизнес-плана/spanFact4' is: '3.61
|'

16-10-2024T09:07:55 - [MESSAGE][PASSED] - Text of object 'Object Repository/Выполнение бизнес-плана/spanFact4' is: '3.61
|'

16-10-2024T09:07:55 - [TEST_STEP][PASSED] - page2 = page2.replace("|", ""): null

16-10-2024T09:07:55 - [TEST_STEP][PASSED] - println("page1: " + page1): null

16-10-2024T09:07:55 - [TEST_STEP][PASSED] - println("page2: " + page2): null

16-10-2024T09:07:55 - [TEST_STEP][PASSED] - file = findTestData("PlanFact").getValue(4, a): null

16-10-2024T09:07:55 - [TEST_STEP][PASSED] - file = file.replace(",", "."): null

16-10-2024T09:07:55 - [TEST_STEP][PASSED] - println("file Plan: " + file): null

16-10-2024T09:07:56 - [TEST_STEP][PASSED] - typeOfData = "План в процентах": null

16-10-2024T09:07:56 - [TEST_STEP][PASSED] - fileDouble = file.toDouble(): null

16-10-2024T09:07:56 - [TEST_STEP][PASSED] - pageDouble = page1.toDouble(): null

16-10-2024T09:07:56 - [TEST_STEP][PASSED] - if (fileDouble != pageDouble): null

16-10-2024T09:07:56 - [TEST_STEP][PASSED] - numberOfErrors = numberOfErrors + 1: null

16-10-2024T09:07:56 - [TEST_STEP][PASSED] - Script1718980020443.WriteToExcel(a, typeOfData, todaysDate, pageInt, fileInt, pageDouble, fileDouble, dZO): null

16-10-2024T09:07:56 - [TEST_STEP][PASSED] - sheetName = "Sheet1": null

16-10-2024T09:07:56 - [TEST_STEP][PASSED] - data = findTestData("PlanFact"): null

16-10-2024T09:07:56 - [TEST_STEP][PASSED] - n = data.getRowNumbers() + 1: null

16-10-2024T09:07:56 - [TEST_STEP][PASSED] - year = todaysDate.substring(todaysDate.length() - 4, todaysDate.length()): null

16-10-2024T09:07:56 - [TEST_STEP][PASSED] - y = year.toInteger(): null

16-10-2024T09:07:56 - [TEST_STEP][PASSED] - m = getText(findTestObject("Выполнение бизнес-плана/Период")): Text of object 'Object Repository/Выполнение бизнес-плана/Период' is: '1, 2 кв., Июль, Август 2024 года'

16-10-2024T09:07:56 - [MESSAGE][PASSED] - Text of object 'Object Repository/Выполнение бизнес-плана/Период' is: '1, 2 кв., Июль, Август 2024 года'

16-10-2024T09:07:56 - [TEST_STEP][PASSED] - m = m.substring(0, m.indexOf("2024")): null

16-10-2024T09:07:56 - [TEST_STEP][PASSED] - m = m.trim(): null

16-10-2024T09:07:56 - [TEST_STEP][PASSED] - dashboardName = "Выполнение бизнес-плана": null

16-10-2024T09:07:56 - [TEST_STEP][PASSED] - workbook01 = getWorkbook(excelFilePath): null

16-10-2024T09:07:56 - [TEST_STEP][PASSED] - sheet01 = getExcelSheet(workbook01, sheetName): null

16-10-2024T09:07:56 - [TEST_STEP][PASSED] - setValueToCellByIndex(sheet01, n, 0, dashboardName): null

16-10-2024T09:07:56 - [TEST_STEP][PASSED] - setValueToCellByIndex(sheet01, n, 1, dZO): null

16-10-2024T09:07:56 - [TEST_STEP][PASSED] - setValueToCellByIndex(sheet01, n, 2, typeOfData): null

16-10-2024T09:07:56 - [TEST_STEP][PASSED] - if (typeOfData == "Факт в процентах" || typeOfData == "План в процентах"): null

16-10-2024T09:07:56 - [TEST_STEP][PASSED] - setValueToCellByIndex(sheet01, n, 3, fileDouble): null

16-10-2024T09:07:56 - [TEST_STEP][PASSED] - setValueToCellByIndex(sheet01, n, 4, pageDouble): null

16-10-2024T09:07:56 - [TEST_STEP][PASSED] - setValueToCellByIndex(sheet01, n, 5, m): null

16-10-2024T09:07:56 - [TEST_STEP][PASSED] - setValueToCellByIndex(sheet01, n, 6, y): null

16-10-2024T09:07:56 - [TEST_STEP][PASSED] - setValueToCellByIndex(sheet01, n, 7, todaysDate): null

16-10-2024T09:07:56 - [TEST_STEP][PASSED] - n = n + 1: null

16-10-2024T09:07:56 - [TEST_STEP][PASSED] - saveWorkbook(excelFilePath, workbook01): null

16-10-2024T09:07:56 - [TEST_STEP][PASSED] - file = findTestData("PlanFact").getValue(7, a): null

16-10-2024T09:07:56 - [TEST_STEP][PASSED] - file = file.replace(",", "."): null

16-10-2024T09:07:56 - [TEST_STEP][PASSED] - println("file Fact: " + file): null

16-10-2024T09:07:56 - [TEST_STEP][PASSED] - fileDouble = file.toDouble(): null

16-10-2024T09:07:56 - [TEST_STEP][PASSED] - typeOfData = "Факт в процентах": null

16-10-2024T09:07:56 - [TEST_STEP][PASSED] - fileDouble = file.toDouble(): null

16-10-2024T09:07:56 - [TEST_STEP][PASSED] - pageDouble = page2.toDouble(): null

16-10-2024T09:07:56 - [TEST_STEP][PASSED] - if (fileDouble != pageDouble): null

16-10-2024T09:07:56 - [TEST_STEP][PASSED] - numberOfErrors = numberOfErrors + 1: null

16-10-2024T09:07:56 - [TEST_STEP][PASSED] - Script1718980020443.WriteToExcel(a, typeOfData, todaysDate, pageInt, fileInt, pageDouble, fileDouble, dZO): null

16-10-2024T09:07:56 - [TEST_STEP][PASSED] - sheetName = "Sheet1": null

16-10-2024T09:07:56 - [TEST_STEP][PASSED] - data = findTestData("PlanFact"): null

16-10-2024T09:07:56 - [TEST_STEP][PASSED] - n = data.getRowNumbers() + 1: null

16-10-2024T09:07:56 - [TEST_STEP][PASSED] - year = todaysDate.substring(todaysDate.length() - 4, todaysDate.length()): null

16-10-2024T09:07:56 - [TEST_STEP][PASSED] - y = year.toInteger(): null

16-10-2024T09:07:56 - [TEST_STEP][PASSED] - m = getText(findTestObject("Выполнение бизнес-плана/Период")): Text of object 'Object Repository/Выполнение бизнес-плана/Период' is: '1, 2 кв., Июль, Август 2024 года'

16-10-2024T09:07:57 - [MESSAGE][PASSED] - Text of object 'Object Repository/Выполнение бизнес-плана/Период' is: '1, 2 кв., Июль, Август 2024 года'

16-10-2024T09:07:57 - [TEST_STEP][PASSED] - m = m.substring(0, m.indexOf("2024")): null

16-10-2024T09:07:57 - [TEST_STEP][PASSED] - m = m.trim(): null

16-10-2024T09:07:57 - [TEST_STEP][PASSED] - dashboardName = "Выполнение бизнес-плана": null

16-10-2024T09:07:57 - [TEST_STEP][PASSED] - workbook01 = getWorkbook(excelFilePath): null

16-10-2024T09:07:57 - [TEST_STEP][PASSED] - sheet01 = getExcelSheet(workbook01, sheetName): null

16-10-2024T09:07:57 - [TEST_STEP][PASSED] - setValueToCellByIndex(sheet01, n, 0, dashboardName): null

16-10-2024T09:07:57 - [TEST_STEP][PASSED] - setValueToCellByIndex(sheet01, n, 1, dZO): null

16-10-2024T09:07:57 - [TEST_STEP][PASSED] - setValueToCellByIndex(sheet01, n, 2, typeOfData): null

16-10-2024T09:07:57 - [TEST_STEP][PASSED] - if (typeOfData == "Факт в процентах" || typeOfData == "План в процентах"): null

16-10-2024T09:07:57 - [TEST_STEP][PASSED] - setValueToCellByIndex(sheet01, n, 3, fileDouble): null

16-10-2024T09:07:57 - [TEST_STEP][PASSED] - setValueToCellByIndex(sheet01, n, 4, pageDouble): null

16-10-2024T09:07:57 - [TEST_STEP][PASSED] - setValueToCellByIndex(sheet01, n, 5, m): null

16-10-2024T09:07:57 - [TEST_STEP][PASSED] - setValueToCellByIndex(sheet01, n, 6, y): null

16-10-2024T09:07:57 - [TEST_STEP][PASSED] - setValueToCellByIndex(sheet01, n, 7, todaysDate): null

16-10-2024T09:07:57 - [TEST_STEP][PASSED] - n = n + 1: null

16-10-2024T09:07:57 - [TEST_STEP][PASSED] - saveWorkbook(excelFilePath, workbook01): null

16-10-2024T09:07:57 - [TEST_STEP][FAILED] - if (verifyEqual(numberOfErrors, 0) == false): null

16-10-2024T09:07:57 - [MESSAGE][FAILED] - Unable to verify equal between actual object '6' and expected object '0' (Root cause: com.kms.katalon.core.exception.StepFailedException: Actual object '6' and expected object '0' are not equal
	at com.kms.katalon.core.keyword.builtin.VerifyEqualKeyword$_verifyEqual_closure1.doCall(VerifyEqualKeyword.groovy:58)
	at com.kms.katalon.core.keyword.builtin.VerifyEqualKeyword$_verifyEqual_closure1.call(VerifyEqualKeyword.groovy)
	at com.kms.katalon.core.keyword.internal.KeywordMain.runKeyword(KeywordMain.groovy:75)
	at com.kms.katalon.core.keyword.builtin.VerifyEqualKeyword.verifyEqual(VerifyEqualKeyword.groovy:63)
	at com.kms.katalon.core.keyword.builtin.VerifyEqualKeyword.execute(VerifyEqualKeyword.groovy:44)
	at com.kms.katalon.core.keyword.internal.KeywordExecutor.executeKeywordForPlatform(KeywordExecutor.groovy:74)
	at com.kms.katalon.core.keyword.BuiltinKeywords.verifyEqual(BuiltinKeywords.groovy:146)
	at java.base/jdk.internal.reflect.NativeMethodAccessorImpl.invoke0(Native Method)
	at java.base/jdk.internal.reflect.NativeMethodAccessorImpl.invoke(NativeMethodAccessorImpl.java:77)
	at java.base/jdk.internal.reflect.DelegatingMethodAccessorImpl.invoke(DelegatingMethodAccessorImpl.java:43)
	at Выполнение бизнес-плана Сверка ПАО Россети все филиалы.Numbers(Выполнение бизнес-плана Сверка ПАО Россети все филиалы:749)
	at Выполнение бизнес-плана Сверка ПАО Россети все филиалы.Filials(Выполнение бизнес-плана Сверка ПАО Россети все филиалы:1598)
	at Выполнение бизнес-плана Сверка ПАО Россети все филиалы.Numbers(Выполнение бизнес-плана Сверка ПАО Россети все филиалы:754)
	at Выполнение бизнес-плана Сверка ПАО Россети все филиалы.run(Выполнение бизнес-плана Сверка ПАО Россети все филиалы:341)
	at com.kms.katalon.core.main.ScriptEngine.run(ScriptEngine.java:194)
	at com.kms.katalon.core.main.ScriptEngine.runScriptAsRawText(ScriptEngine.java:119)
	at com.kms.katalon.core.main.TestCaseExecutor.runScript(TestCaseExecutor.java:448)
	at com.kms.katalon.core.main.TestCaseExecutor.doExecute(TestCaseExecutor.java:439)
	at com.kms.katalon.core.main.TestCaseExecutor.processExecutionPhase(TestCaseExecutor.java:418)
	at com.kms.katalon.core.main.TestCaseExecutor.accessMainPhase(TestCaseExecutor.java:410)
	at com.kms.katalon.core.main.TestCaseExecutor.execute(TestCaseExecutor.java:285)
	at com.kms.katalon.core.common.CommonExecutor.accessTestCaseMainPhase(CommonExecutor.java:65)
	at com.kms.katalon.core.main.TestSuiteExecutor.accessTestSuiteMainPhase(TestSuiteExecutor.java:150)
	at com.kms.katalon.core.main.TestSuiteExecutor.execute(TestSuiteExecutor.java:106)
	at com.kms.katalon.core.main.TestCaseMain.startTestSuite(TestCaseMain.java:180)
	at TempTestSuite1729057289574.run(TempTestSuite1729057289574.groovy:35)
	at java.base/jdk.internal.reflect.NativeMethodAccessorImpl.invoke0(Native Method)
	at java.base/jdk.internal.reflect.NativeMethodAccessorImpl.invoke(NativeMethodAccessorImpl.java:77)
	at java.base/jdk.internal.reflect.DelegatingMethodAccessorImpl.invoke(DelegatingMethodAccessorImpl.java:43)
)

16-10-2024T09:07:57 - [TEST_STEP][PASSED] - println(numberOfErrors): null

16-10-2024T09:07:57 - [TEST_STEP][PASSED] - if (a == 28 || a == 77 || a == 74 || a == 65 || a == 36 || a == 44 || a == 54 || a == 1 || a == 18 || a == 59): null

16-10-2024T09:07:57 - [TEST_STEP][PASSED] - if (a == 82): null

16-10-2024T09:07:57 - [TEST_STEP][PASSED] - dZO = "Омскэнерго": null

16-10-2024T09:07:57 - [TEST_STEP][PASSED] - a = 49: null

16-10-2024T09:07:57 - [TEST_STEP][PASSED] - if (x2.contains(dZO)): null

16-10-2024T09:07:57 - [TEST_STEP][PASSED] - filialNum = filialNum + 1: null

16-10-2024T09:07:57 - [TEST_STEP][PASSED] - Script1718980020443.Numbers(a, typeOfData, todaysDate, pageInt, fileInt, pageDouble, fileDouble, dZO, dzoNum, filialNum): null

16-10-2024T09:07:57 - [TEST_STEP][PASSED] - println(dzoNum): null

16-10-2024T09:07:57 - [TEST_STEP][PASSED] - planFact = <not implemented yet for class: org.codehaus.groovy.ast.expr.EmptyExpression>: null

16-10-2024T09:07:57 - [TEST_STEP][PASSED] - page = <not implemented yet for class: org.codehaus.groovy.ast.expr.EmptyExpression>: null

16-10-2024T09:07:57 - [TEST_STEP][PASSED] - page1 = <not implemented yet for class: org.codehaus.groovy.ast.expr.EmptyExpression>: null

16-10-2024T09:07:57 - [TEST_STEP][PASSED] - page2 = <not implemented yet for class: org.codehaus.groovy.ast.expr.EmptyExpression>: null

16-10-2024T09:07:57 - [TEST_STEP][PASSED] - filialNumberInRow = <not implemented yet for class: org.codehaus.groovy.ast.expr.EmptyExpression>: null

16-10-2024T09:07:57 - [TEST_STEP][PASSED] - filialsDzoNames = <not implemented yet for class: org.codehaus.groovy.ast.expr.EmptyExpression>: null

16-10-2024T09:07:57 - [TEST_STEP][PASSED] - numberOfFilials = <not implemented yet for class: org.codehaus.groovy.ast.expr.EmptyExpression>: null

16-10-2024T09:07:57 - [TEST_STEP][PASSED] - numberOfSpaces = <not implemented yet for class: org.codehaus.groovy.ast.expr.EmptyExpression>: null

16-10-2024T09:07:57 - [TEST_STEP][PASSED] - file = <not implemented yet for class: org.codehaus.groovy.ast.expr.EmptyExpression>: null

16-10-2024T09:07:57 - [TEST_STEP][PASSED] - otpusk = <not implemented yet for class: org.codehaus.groovy.ast.expr.EmptyExpression>: null

16-10-2024T09:07:57 - [TEST_STEP][PASSED] - poteri = <not implemented yet for class: org.codehaus.groovy.ast.expr.EmptyExpression>: null

16-10-2024T09:07:57 - [TEST_STEP][PASSED] - dataFolder = "Выполнение бизнес-плана/Значения со страницы Выполнение бизнес-плана/": null

16-10-2024T09:07:57 - [TEST_STEP][PASSED] - path = <not implemented yet for class: org.codehaus.groovy.ast.expr.EmptyExpression>: null

16-10-2024T09:07:57 - [TEST_STEP][PASSED] - typeOfDataMain = <not implemented yet for class: org.codehaus.groovy.ast.expr.EmptyExpression>: null

16-10-2024T09:07:57 - [TEST_STEP][PASSED] - fileOtpuskVSet = <not implemented yet for class: org.codehaus.groovy.ast.expr.EmptyExpression>: null

16-10-2024T09:07:57 - [TEST_STEP][PASSED] - pageOtpuskVSet = <not implemented yet for class: org.codehaus.groovy.ast.expr.EmptyExpression>: null

16-10-2024T09:07:57 - [TEST_STEP][PASSED] - filePoteri = <not implemented yet for class: org.codehaus.groovy.ast.expr.EmptyExpression>: null

16-10-2024T09:07:57 - [TEST_STEP][PASSED] - pagePoteri = <not implemented yet for class: org.codehaus.groovy.ast.expr.EmptyExpression>: null

16-10-2024T09:07:57 - [TEST_STEP][PASSED] - compare = <not implemented yet for class: org.codehaus.groovy.ast.expr.EmptyExpression>: null

16-10-2024T09:07:57 - [TEST_STEP][PASSED] - b = <not implemented yet for class: org.codehaus.groovy.ast.expr.EmptyExpression>: null

16-10-2024T09:07:57 - [TEST_STEP][PASSED] - i = <not implemented yet for class: org.codehaus.groovy.ast.expr.EmptyExpression>: null

16-10-2024T09:07:57 - [TEST_STEP][PASSED] - ii = <not implemented yet for class: org.codehaus.groovy.ast.expr.EmptyExpression>: null

16-10-2024T09:07:57 - [TEST_STEP][PASSED] - c = <not implemented yet for class: org.codehaus.groovy.ast.expr.EmptyExpression>: null

16-10-2024T09:07:57 - [TEST_STEP][PASSED] - numberOfErrors = 0: null

16-10-2024T09:07:57 - [TEST_STEP][PASSED] - if (a == 82): null

16-10-2024T09:07:57 - [TEST_STEP][PASSED] - b = findTestData("PlanFact").getValue(1, a): null

16-10-2024T09:07:57 - [TEST_STEP][PASSED] - i = b.indexOf(" (ГК)"): null

16-10-2024T09:07:57 - [TEST_STEP][PASSED] - if (i > -1): null

16-10-2024T09:07:57 - [TEST_STEP][PASSED] - i = b.indexOf("О ""): null

16-10-2024T09:07:57 - [TEST_STEP][PASSED] - if (i > -1): null

16-10-2024T09:07:57 - [TEST_STEP][PASSED] - i = b.indexOf("О «"): null

16-10-2024T09:07:57 - [TEST_STEP][PASSED] - if (i > -1): null

16-10-2024T09:07:57 - [TEST_STEP][PASSED] - i = b.indexOf("г. "): null

16-10-2024T09:07:57 - [TEST_STEP][PASSED] - if (i > -1): null

16-10-2024T09:07:57 - [TEST_STEP][PASSED] - println(b): null

16-10-2024T09:07:57 - [TEST_STEP][PASSED] - for ([planFact = 1, planFact < 3, (planFact++)]): null

16-10-2024T09:07:57 - [TEST_STEP][PASSED] - if (planFact == 1): null

16-10-2024T09:07:57 - [TEST_STEP][PASSED] - typeOfDataMain = "Факт": null

16-10-2024T09:07:57 - [TEST_STEP][PASSED] - otpusk = findTestData("PlanFact").getValue(5, a): null

16-10-2024T09:07:57 - [TEST_STEP][PASSED] - poteri = findTestData("PlanFact").getValue(6, a): null

16-10-2024T09:07:57 - [TEST_STEP][PASSED] - otpusk = otpusk.replaceAll("\s+", ""): null

16-10-2024T09:07:57 - [TEST_STEP][PASSED] - poteri = poteri.replaceAll("\s+", ""): null

16-10-2024T09:07:57 - [TEST_STEP][PASSED] - typeOfData = typeOfDataMain + " Отпуск в сеть": null

16-10-2024T09:07:57 - [TEST_STEP][PASSED] - if (a == 82): null

16-10-2024T09:07:57 - [TEST_STEP][PASSED] - else if (a == 84): null

16-10-2024T09:07:57 - [TEST_STEP][PASSED] - else if (a == 52 || a == 72 || a == 28 || a == 73 || a == 77 || a == 74 || a == 65 || a == 36 || a == 44 || a == 53 || a == 80 || a == 54 || a == 1 || a == 18 || a == 59 || a == 81): null

16-10-2024T09:07:57 - [TEST_STEP][PASSED] - else: null

16-10-2024T09:07:57 - [TEST_STEP][PASSED] - path = dataFolder + typeOfData + " за отчётный период " + b: null

16-10-2024T09:07:57 - [TEST_STEP][PASSED] - println(path): null

16-10-2024T09:07:57 - [TEST_STEP][PASSED] - page = getText(findTestObject(path)): Text of object 'Object Repository/Выполнение бизнес-плана/Значения со страницы Выполнение бизнес-плана/Факт Отпуск в сеть за отчётный период Омскэнерго' is: '6 001 238'

16-10-2024T09:07:57 - [MESSAGE][PASSED] - Text of object 'Object Repository/Выполнение бизнес-плана/Значения со страницы Выполнение бизнес-плана/Факт Отпуск в сеть за отчётный период Омскэнерго' is: '6 001 238'

16-10-2024T09:07:57 - [TEST_STEP][PASSED] - page = page.replaceAll("\s+", ""): null

16-10-2024T09:07:57 - [TEST_STEP][PASSED] - fileOtpuskVSet = otpusk.toInteger(): null

16-10-2024T09:07:57 - [TEST_STEP][PASSED] - pageOtpuskVSet = page.toInteger(): null

16-10-2024T09:07:57 - [TEST_STEP][PASSED] - typeOfData = typeOfDataMain + " Потери": null

16-10-2024T09:07:57 - [TEST_STEP][PASSED] - if (a == 82): null

16-10-2024T09:07:57 - [TEST_STEP][PASSED] - else if (a == 84): null

16-10-2024T09:07:57 - [TEST_STEP][PASSED] - else if (a == 52 || a == 72 || a == 28 || a == 73 || a == 77 || a == 74 || a == 65 || a == 36 || a == 44 || a == 53 || a == 80 || a == 54 || a == 1 || a == 18 || a == 59 || a == 81): null

16-10-2024T09:07:57 - [TEST_STEP][PASSED] - else: null

16-10-2024T09:07:57 - [TEST_STEP][PASSED] - path = dataFolder + typeOfData + " за отчётный период " + b: null

16-10-2024T09:07:57 - [TEST_STEP][PASSED] - page = getText(findTestObject(path)): Text of object 'Object Repository/Выполнение бизнес-плана/Значения со страницы Выполнение бизнес-плана/Факт Потери за отчётный период Омскэнерго' is: '355 255'

16-10-2024T09:07:58 - [MESSAGE][PASSED] - Text of object 'Object Repository/Выполнение бизнес-плана/Значения со страницы Выполнение бизнес-плана/Факт Потери за отчётный период Омскэнерго' is: '355 255'

16-10-2024T09:07:58 - [TEST_STEP][PASSED] - page = page.replaceAll("\s+", ""): null

16-10-2024T09:07:58 - [TEST_STEP][PASSED] - filePoteri = poteri.toInteger(): null

16-10-2024T09:07:58 - [TEST_STEP][PASSED] - pagePoteri = page.toInteger(): null

16-10-2024T09:07:58 - [TEST_STEP][PASSED] - compare = pageOtpuskVSet: null

16-10-2024T09:07:58 - [TEST_STEP][PASSED] - if (compare == fileOtpuskVSet): null

16-10-2024T09:07:58 - [TEST_STEP][PASSED] - else if (compare > fileOtpuskVSet): null

16-10-2024T09:07:58 - [TEST_STEP][PASSED] - compare = compare - 1: null

16-10-2024T09:07:58 - [TEST_STEP][PASSED] - if (compare == fileOtpuskVSet): null

16-10-2024T09:07:58 - [TEST_STEP][PASSED] - else: null

16-10-2024T09:07:58 - [TEST_STEP][PASSED] - numberOfErrors = numberOfErrors + 1: null

16-10-2024T09:07:58 - [TEST_STEP][PASSED] - pageInt = pageOtpuskVSet: null

16-10-2024T09:07:58 - [TEST_STEP][PASSED] - fileInt = fileOtpuskVSet: null

16-10-2024T09:07:58 - [TEST_STEP][PASSED] - typeOfData = typeOfDataMain + " Отпуск в сеть": null

16-10-2024T09:07:58 - [TEST_STEP][PASSED] - Script1718980020443.WriteToExcel(a, typeOfData, todaysDate, pageInt, fileInt, pageDouble, fileDouble, dZO): null

16-10-2024T09:07:58 - [TEST_STEP][PASSED] - sheetName = "Sheet1": null

16-10-2024T09:07:58 - [TEST_STEP][PASSED] - data = findTestData("PlanFact"): null

16-10-2024T09:07:58 - [TEST_STEP][PASSED] - n = data.getRowNumbers() + 1: null

16-10-2024T09:07:58 - [TEST_STEP][PASSED] - year = todaysDate.substring(todaysDate.length() - 4, todaysDate.length()): null

16-10-2024T09:07:58 - [TEST_STEP][PASSED] - y = year.toInteger(): null

16-10-2024T09:07:58 - [TEST_STEP][PASSED] - m = getText(findTestObject("Выполнение бизнес-плана/Период")): Text of object 'Object Repository/Выполнение бизнес-плана/Период' is: '1, 2 кв., Июль, Август 2024 года'

16-10-2024T09:07:58 - [MESSAGE][PASSED] - Text of object 'Object Repository/Выполнение бизнес-плана/Период' is: '1, 2 кв., Июль, Август 2024 года'

16-10-2024T09:07:58 - [TEST_STEP][PASSED] - m = m.substring(0, m.indexOf("2024")): null

16-10-2024T09:07:58 - [TEST_STEP][PASSED] - m = m.trim(): null

16-10-2024T09:07:58 - [TEST_STEP][PASSED] - dashboardName = "Выполнение бизнес-плана": null

16-10-2024T09:07:58 - [TEST_STEP][PASSED] - workbook01 = getWorkbook(excelFilePath): null

16-10-2024T09:07:58 - [TEST_STEP][PASSED] - sheet01 = getExcelSheet(workbook01, sheetName): null

16-10-2024T09:07:58 - [TEST_STEP][PASSED] - setValueToCellByIndex(sheet01, n, 0, dashboardName): null

16-10-2024T09:07:58 - [TEST_STEP][PASSED] - setValueToCellByIndex(sheet01, n, 1, dZO): null

16-10-2024T09:07:58 - [TEST_STEP][PASSED] - setValueToCellByIndex(sheet01, n, 2, typeOfData): null

16-10-2024T09:07:58 - [TEST_STEP][PASSED] - if (typeOfData == "Факт в процентах" || typeOfData == "План в процентах"): null

16-10-2024T09:07:58 - [TEST_STEP][PASSED] - else: null

16-10-2024T09:07:58 - [TEST_STEP][PASSED] - setValueToCellByIndex(sheet01, n, 3, fileInt): null

16-10-2024T09:07:58 - [TEST_STEP][PASSED] - setValueToCellByIndex(sheet01, n, 4, pageInt): null

16-10-2024T09:07:58 - [TEST_STEP][PASSED] - setValueToCellByIndex(sheet01, n, 5, m): null

16-10-2024T09:07:58 - [TEST_STEP][PASSED] - setValueToCellByIndex(sheet01, n, 6, y): null

16-10-2024T09:07:58 - [TEST_STEP][PASSED] - setValueToCellByIndex(sheet01, n, 7, todaysDate): null

16-10-2024T09:07:58 - [TEST_STEP][PASSED] - n = n + 1: null

16-10-2024T09:07:58 - [TEST_STEP][PASSED] - saveWorkbook(excelFilePath, workbook01): null

16-10-2024T09:07:58 - [TEST_STEP][PASSED] - compare = pagePoteri: null

16-10-2024T09:07:58 - [TEST_STEP][PASSED] - if (compare == filePoteri): null

16-10-2024T09:07:58 - [TEST_STEP][PASSED] - else if (compare > filePoteri): null

16-10-2024T09:07:58 - [TEST_STEP][PASSED] - compare = compare - 1: null

16-10-2024T09:07:58 - [TEST_STEP][PASSED] - if (compare == filePoteri): null

16-10-2024T09:07:58 - [TEST_STEP][PASSED] - else: null

16-10-2024T09:07:58 - [TEST_STEP][PASSED] - numberOfErrors = numberOfErrors + 1: null

16-10-2024T09:07:58 - [TEST_STEP][PASSED] - pageInt = pagePoteri: null

16-10-2024T09:07:58 - [TEST_STEP][PASSED] - fileInt = filePoteri: null

16-10-2024T09:07:58 - [TEST_STEP][PASSED] - typeOfData = typeOfDataMain + " Потери": null

16-10-2024T09:07:58 - [TEST_STEP][PASSED] - Script1718980020443.WriteToExcel(a, typeOfData, todaysDate, pageInt, fileInt, pageDouble, fileDouble, dZO): null

16-10-2024T09:07:58 - [TEST_STEP][PASSED] - sheetName = "Sheet1": null

16-10-2024T09:07:58 - [TEST_STEP][PASSED] - data = findTestData("PlanFact"): null

16-10-2024T09:07:58 - [TEST_STEP][PASSED] - n = data.getRowNumbers() + 1: null

16-10-2024T09:07:58 - [TEST_STEP][PASSED] - year = todaysDate.substring(todaysDate.length() - 4, todaysDate.length()): null

16-10-2024T09:07:58 - [TEST_STEP][PASSED] - y = year.toInteger(): null

16-10-2024T09:07:58 - [TEST_STEP][PASSED] - m = getText(findTestObject("Выполнение бизнес-плана/Период")): Text of object 'Object Repository/Выполнение бизнес-плана/Период' is: '1, 2 кв., Июль, Август 2024 года'

16-10-2024T09:07:59 - [MESSAGE][PASSED] - Text of object 'Object Repository/Выполнение бизнес-плана/Период' is: '1, 2 кв., Июль, Август 2024 года'

16-10-2024T09:07:59 - [TEST_STEP][PASSED] - m = m.substring(0, m.indexOf("2024")): null

16-10-2024T09:07:59 - [TEST_STEP][PASSED] - m = m.trim(): null

16-10-2024T09:07:59 - [TEST_STEP][PASSED] - dashboardName = "Выполнение бизнес-плана": null

16-10-2024T09:07:59 - [TEST_STEP][PASSED] - workbook01 = getWorkbook(excelFilePath): null

16-10-2024T09:07:59 - [TEST_STEP][PASSED] - sheet01 = getExcelSheet(workbook01, sheetName): null

16-10-2024T09:07:59 - [TEST_STEP][PASSED] - setValueToCellByIndex(sheet01, n, 0, dashboardName): null

16-10-2024T09:07:59 - [TEST_STEP][PASSED] - setValueToCellByIndex(sheet01, n, 1, dZO): null

16-10-2024T09:07:59 - [TEST_STEP][PASSED] - setValueToCellByIndex(sheet01, n, 2, typeOfData): null

16-10-2024T09:07:59 - [TEST_STEP][PASSED] - if (typeOfData == "Факт в процентах" || typeOfData == "План в процентах"): null

16-10-2024T09:07:59 - [TEST_STEP][PASSED] - else: null

16-10-2024T09:07:59 - [TEST_STEP][PASSED] - setValueToCellByIndex(sheet01, n, 3, fileInt): null

16-10-2024T09:07:59 - [TEST_STEP][PASSED] - setValueToCellByIndex(sheet01, n, 4, pageInt): null

16-10-2024T09:07:59 - [TEST_STEP][PASSED] - setValueToCellByIndex(sheet01, n, 5, m): null

16-10-2024T09:07:59 - [TEST_STEP][PASSED] - setValueToCellByIndex(sheet01, n, 6, y): null

16-10-2024T09:07:59 - [TEST_STEP][PASSED] - setValueToCellByIndex(sheet01, n, 7, todaysDate): null

16-10-2024T09:07:59 - [TEST_STEP][PASSED] - n = n + 1: null

16-10-2024T09:07:59 - [TEST_STEP][PASSED] - saveWorkbook(excelFilePath, workbook01): null

16-10-2024T09:07:59 - [TEST_STEP][PASSED] - if (planFact == 2): null

16-10-2024T09:07:59 - [TEST_STEP][PASSED] - if (planFact == 1): null

16-10-2024T09:07:59 - [TEST_STEP][PASSED] - else if (planFact == 2): null

16-10-2024T09:07:59 - [TEST_STEP][PASSED] - click(findTestObject("Выполнение бизнес-плана/Кнопка План")): Object: 'Object Repository/Выполнение бизнес-плана/Кнопка План' is clicked on

16-10-2024T09:07:59 - [MESSAGE][PASSED] - Object: 'Object Repository/Выполнение бизнес-плана/Кнопка План' is clicked on

16-10-2024T09:07:59 - [TEST_STEP][PASSED] - typeOfDataMain = "План": null

16-10-2024T09:07:59 - [TEST_STEP][PASSED] - otpusk = findTestData("PlanFact").getValue(2, a): null

16-10-2024T09:07:59 - [TEST_STEP][PASSED] - poteri = findTestData("PlanFact").getValue(3, a): null

16-10-2024T09:07:59 - [TEST_STEP][PASSED] - otpusk = otpusk.replaceAll("\s+", ""): null

16-10-2024T09:07:59 - [TEST_STEP][PASSED] - poteri = poteri.replaceAll("\s+", ""): null

16-10-2024T09:07:59 - [TEST_STEP][PASSED] - typeOfData = typeOfDataMain + " Отпуск в сеть": null

16-10-2024T09:07:59 - [TEST_STEP][PASSED] - if (a == 82): null

16-10-2024T09:07:59 - [TEST_STEP][PASSED] - else if (a == 84): null

16-10-2024T09:07:59 - [TEST_STEP][PASSED] - else if (a == 52 || a == 72 || a == 28 || a == 73 || a == 77 || a == 74 || a == 65 || a == 36 || a == 44 || a == 53 || a == 80 || a == 54 || a == 1 || a == 18 || a == 59 || a == 81): null

16-10-2024T09:07:59 - [TEST_STEP][PASSED] - else: null

16-10-2024T09:07:59 - [TEST_STEP][PASSED] - path = dataFolder + typeOfData + " за отчётный период " + b: null

16-10-2024T09:07:59 - [TEST_STEP][PASSED] - println(path): null

16-10-2024T09:07:59 - [TEST_STEP][PASSED] - page = getText(findTestObject(path)): Text of object 'Object Repository/Выполнение бизнес-плана/Значения со страницы Выполнение бизнес-плана/План Отпуск в сеть за отчётный период Омскэнерго' is: '5 844 459'

16-10-2024T09:08:00 - [MESSAGE][PASSED] - Text of object 'Object Repository/Выполнение бизнес-плана/Значения со страницы Выполнение бизнес-плана/План Отпуск в сеть за отчётный период Омскэнерго' is: '5 844 459'

16-10-2024T09:08:00 - [TEST_STEP][PASSED] - page = page.replaceAll("\s+", ""): null

16-10-2024T09:08:00 - [TEST_STEP][PASSED] - fileOtpuskVSet = otpusk.toInteger(): null

16-10-2024T09:08:00 - [TEST_STEP][PASSED] - pageOtpuskVSet = page.toInteger(): null

16-10-2024T09:08:00 - [TEST_STEP][PASSED] - typeOfData = typeOfDataMain + " Потери": null

16-10-2024T09:08:00 - [TEST_STEP][PASSED] - if (a == 82): null

16-10-2024T09:08:00 - [TEST_STEP][PASSED] - else if (a == 84): null

16-10-2024T09:08:00 - [TEST_STEP][PASSED] - else if (a == 52 || a == 72 || a == 28 || a == 73 || a == 77 || a == 74 || a == 65 || a == 36 || a == 44 || a == 53 || a == 80 || a == 54 || a == 1 || a == 18 || a == 59 || a == 81): null

16-10-2024T09:08:00 - [TEST_STEP][PASSED] - else: null

16-10-2024T09:08:00 - [TEST_STEP][PASSED] - path = dataFolder + typeOfData + " за отчётный период " + b: null

16-10-2024T09:08:00 - [TEST_STEP][PASSED] - page = getText(findTestObject(path)): Text of object 'Object Repository/Выполнение бизнес-плана/Значения со страницы Выполнение бизнес-плана/План Потери за отчётный период Омскэнерго' is: '347 133'

16-10-2024T09:08:00 - [MESSAGE][PASSED] - Text of object 'Object Repository/Выполнение бизнес-плана/Значения со страницы Выполнение бизнес-плана/План Потери за отчётный период Омскэнерго' is: '347 133'

16-10-2024T09:08:00 - [TEST_STEP][PASSED] - page = page.replaceAll("\s+", ""): null

16-10-2024T09:08:00 - [TEST_STEP][PASSED] - filePoteri = poteri.toInteger(): null

16-10-2024T09:08:00 - [TEST_STEP][PASSED] - pagePoteri = page.toInteger(): null

16-10-2024T09:08:00 - [TEST_STEP][PASSED] - compare = pageOtpuskVSet: null

16-10-2024T09:08:00 - [TEST_STEP][PASSED] - if (compare == fileOtpuskVSet): null

16-10-2024T09:08:00 - [TEST_STEP][PASSED] - else if (compare > fileOtpuskVSet): null

16-10-2024T09:08:00 - [TEST_STEP][PASSED] - compare = compare - 1: null

16-10-2024T09:08:00 - [TEST_STEP][PASSED] - if (compare == fileOtpuskVSet): null

16-10-2024T09:08:00 - [TEST_STEP][PASSED] - else: null

16-10-2024T09:08:00 - [TEST_STEP][PASSED] - numberOfErrors = numberOfErrors + 1: null

16-10-2024T09:08:00 - [TEST_STEP][PASSED] - pageInt = pageOtpuskVSet: null

16-10-2024T09:08:00 - [TEST_STEP][PASSED] - fileInt = fileOtpuskVSet: null

16-10-2024T09:08:00 - [TEST_STEP][PASSED] - typeOfData = typeOfDataMain + " Отпуск в сеть": null

16-10-2024T09:08:00 - [TEST_STEP][PASSED] - Script1718980020443.WriteToExcel(a, typeOfData, todaysDate, pageInt, fileInt, pageDouble, fileDouble, dZO): null

16-10-2024T09:08:00 - [TEST_STEP][PASSED] - sheetName = "Sheet1": null

16-10-2024T09:08:00 - [TEST_STEP][PASSED] - data = findTestData("PlanFact"): null

16-10-2024T09:08:00 - [TEST_STEP][PASSED] - n = data.getRowNumbers() + 1: null

16-10-2024T09:08:00 - [TEST_STEP][PASSED] - year = todaysDate.substring(todaysDate.length() - 4, todaysDate.length()): null

16-10-2024T09:08:00 - [TEST_STEP][PASSED] - y = year.toInteger(): null

16-10-2024T09:08:00 - [TEST_STEP][PASSED] - m = getText(findTestObject("Выполнение бизнес-плана/Период")): Text of object 'Object Repository/Выполнение бизнес-плана/Период' is: '1, 2 кв., Июль, Август 2024 года'

16-10-2024T09:08:00 - [MESSAGE][PASSED] - Text of object 'Object Repository/Выполнение бизнес-плана/Период' is: '1, 2 кв., Июль, Август 2024 года'

16-10-2024T09:08:00 - [TEST_STEP][PASSED] - m = m.substring(0, m.indexOf("2024")): null

16-10-2024T09:08:00 - [TEST_STEP][PASSED] - m = m.trim(): null

16-10-2024T09:08:00 - [TEST_STEP][PASSED] - dashboardName = "Выполнение бизнес-плана": null

16-10-2024T09:08:00 - [TEST_STEP][PASSED] - workbook01 = getWorkbook(excelFilePath): null

16-10-2024T09:08:00 - [TEST_STEP][PASSED] - sheet01 = getExcelSheet(workbook01, sheetName): null

16-10-2024T09:08:00 - [TEST_STEP][PASSED] - setValueToCellByIndex(sheet01, n, 0, dashboardName): null

16-10-2024T09:08:00 - [TEST_STEP][PASSED] - setValueToCellByIndex(sheet01, n, 1, dZO): null

16-10-2024T09:08:00 - [TEST_STEP][PASSED] - setValueToCellByIndex(sheet01, n, 2, typeOfData): null

16-10-2024T09:08:00 - [TEST_STEP][PASSED] - if (typeOfData == "Факт в процентах" || typeOfData == "План в процентах"): null

16-10-2024T09:08:00 - [TEST_STEP][PASSED] - else: null

16-10-2024T09:08:00 - [TEST_STEP][PASSED] - setValueToCellByIndex(sheet01, n, 3, fileInt): null

16-10-2024T09:08:00 - [TEST_STEP][PASSED] - setValueToCellByIndex(sheet01, n, 4, pageInt): null

16-10-2024T09:08:00 - [TEST_STEP][PASSED] - setValueToCellByIndex(sheet01, n, 5, m): null

16-10-2024T09:08:00 - [TEST_STEP][PASSED] - setValueToCellByIndex(sheet01, n, 6, y): null

16-10-2024T09:08:00 - [TEST_STEP][PASSED] - setValueToCellByIndex(sheet01, n, 7, todaysDate): null

16-10-2024T09:08:00 - [TEST_STEP][PASSED] - n = n + 1: null

16-10-2024T09:08:00 - [TEST_STEP][PASSED] - saveWorkbook(excelFilePath, workbook01): null

16-10-2024T09:08:01 - [TEST_STEP][PASSED] - compare = pagePoteri: null

16-10-2024T09:08:01 - [TEST_STEP][PASSED] - if (compare == filePoteri): null

16-10-2024T09:08:01 - [TEST_STEP][PASSED] - else if (compare > filePoteri): null

16-10-2024T09:08:01 - [TEST_STEP][PASSED] - compare = compare - 1: null

16-10-2024T09:08:01 - [TEST_STEP][PASSED] - if (compare == filePoteri): null

16-10-2024T09:08:01 - [TEST_STEP][PASSED] - else: null

16-10-2024T09:08:01 - [TEST_STEP][PASSED] - numberOfErrors = numberOfErrors + 1: null

16-10-2024T09:08:01 - [TEST_STEP][PASSED] - pageInt = pagePoteri: null

16-10-2024T09:08:01 - [TEST_STEP][PASSED] - fileInt = filePoteri: null

16-10-2024T09:08:01 - [TEST_STEP][PASSED] - typeOfData = typeOfDataMain + " Потери": null

16-10-2024T09:08:01 - [TEST_STEP][PASSED] - Script1718980020443.WriteToExcel(a, typeOfData, todaysDate, pageInt, fileInt, pageDouble, fileDouble, dZO): null

16-10-2024T09:08:01 - [TEST_STEP][PASSED] - sheetName = "Sheet1": null

16-10-2024T09:08:01 - [TEST_STEP][PASSED] - data = findTestData("PlanFact"): null

16-10-2024T09:08:01 - [TEST_STEP][PASSED] - n = data.getRowNumbers() + 1: null

16-10-2024T09:08:01 - [TEST_STEP][PASSED] - year = todaysDate.substring(todaysDate.length() - 4, todaysDate.length()): null

16-10-2024T09:08:01 - [TEST_STEP][PASSED] - y = year.toInteger(): null

16-10-2024T09:08:01 - [TEST_STEP][PASSED] - m = getText(findTestObject("Выполнение бизнес-плана/Период")): Text of object 'Object Repository/Выполнение бизнес-плана/Период' is: '1, 2 кв., Июль, Август 2024 года'

16-10-2024T09:08:01 - [MESSAGE][PASSED] - Text of object 'Object Repository/Выполнение бизнес-плана/Период' is: '1, 2 кв., Июль, Август 2024 года'

16-10-2024T09:08:01 - [TEST_STEP][PASSED] - m = m.substring(0, m.indexOf("2024")): null

16-10-2024T09:08:01 - [TEST_STEP][PASSED] - m = m.trim(): null

16-10-2024T09:08:01 - [TEST_STEP][PASSED] - dashboardName = "Выполнение бизнес-плана": null

16-10-2024T09:08:01 - [TEST_STEP][PASSED] - workbook01 = getWorkbook(excelFilePath): null

16-10-2024T09:08:01 - [TEST_STEP][PASSED] - sheet01 = getExcelSheet(workbook01, sheetName): null

16-10-2024T09:08:01 - [TEST_STEP][PASSED] - setValueToCellByIndex(sheet01, n, 0, dashboardName): null

16-10-2024T09:08:01 - [TEST_STEP][PASSED] - setValueToCellByIndex(sheet01, n, 1, dZO): null

16-10-2024T09:08:01 - [TEST_STEP][PASSED] - setValueToCellByIndex(sheet01, n, 2, typeOfData): null

16-10-2024T09:08:01 - [TEST_STEP][PASSED] - if (typeOfData == "Факт в процентах" || typeOfData == "План в процентах"): null

16-10-2024T09:08:01 - [TEST_STEP][PASSED] - else: null

16-10-2024T09:08:01 - [TEST_STEP][PASSED] - setValueToCellByIndex(sheet01, n, 3, fileInt): null

16-10-2024T09:08:01 - [TEST_STEP][PASSED] - setValueToCellByIndex(sheet01, n, 4, pageInt): null

16-10-2024T09:08:01 - [TEST_STEP][PASSED] - setValueToCellByIndex(sheet01, n, 5, m): null

16-10-2024T09:08:01 - [TEST_STEP][PASSED] - setValueToCellByIndex(sheet01, n, 6, y): null

16-10-2024T09:08:01 - [TEST_STEP][PASSED] - setValueToCellByIndex(sheet01, n, 7, todaysDate): null

16-10-2024T09:08:01 - [TEST_STEP][PASSED] - n = n + 1: null

16-10-2024T09:08:01 - [TEST_STEP][PASSED] - saveWorkbook(excelFilePath, workbook01): Object: 'Object Repository/Выполнение бизнес-плана/Кнопка Факт' is clicked on

16-10-2024T09:08:01 - [TEST_STEP][PASSED] - if (planFact == 2): Object: 'Object Repository/Выполнение бизнес-плана/Кнопка Факт' is clicked on

16-10-2024T09:08:01 - [TEST_STEP][PASSED] - click(findTestObject("Выполнение бизнес-плана/Кнопка Факт")): Object: 'Object Repository/Выполнение бизнес-плана/Кнопка Факт' is clicked on

16-10-2024T09:08:02 - [MESSAGE][PASSED] - Object: 'Object Repository/Выполнение бизнес-плана/Кнопка Факт' is clicked on

16-10-2024T09:08:02 - [TEST_STEP][PASSED] - if (a == 84 || a == 82): null

16-10-2024T09:08:02 - [TEST_STEP][PASSED] - else if (a == 52 || a == 72 || a == 28 || a == 73 || a == 77 || a == 74 || a == 65 || a == 36 || a == 44 || a == 53 || a == 80 || a == 54 || a == 1 || a == 18 || a == 59 || a == 81): null

16-10-2024T09:08:02 - [TEST_STEP][PASSED] - else: null

16-10-2024T09:08:02 - [TEST_STEP][PASSED] - page1 = getText(findTestObject("Object Repository/Выполнение бизнес-плана/spanPlan" + filialNum)): Text of object 'Object Repository/Выполнение бизнес-плана/spanPlan5' is: '5.94
|'

16-10-2024T09:08:02 - [MESSAGE][PASSED] - Text of object 'Object Repository/Выполнение бизнес-плана/spanPlan5' is: '5.94
|'

16-10-2024T09:08:02 - [TEST_STEP][PASSED] - page1 = page1.replace("|", ""): null

16-10-2024T09:08:02 - [TEST_STEP][PASSED] - page2 = getText(findTestObject("Object Repository/Выполнение бизнес-плана/spanFact" + filialNum)): Text of object 'Object Repository/Выполнение бизнес-плана/spanFact5' is: '5.92
|'

16-10-2024T09:08:02 - [MESSAGE][PASSED] - Text of object 'Object Repository/Выполнение бизнес-плана/spanFact5' is: '5.92
|'

16-10-2024T09:08:02 - [TEST_STEP][PASSED] - page2 = page2.replace("|", ""): null

16-10-2024T09:08:02 - [TEST_STEP][PASSED] - println("page1: " + page1): null

16-10-2024T09:08:02 - [TEST_STEP][PASSED] - println("page2: " + page2): null

16-10-2024T09:08:02 - [TEST_STEP][PASSED] - file = findTestData("PlanFact").getValue(4, a): null

16-10-2024T09:08:02 - [TEST_STEP][PASSED] - file = file.replace(",", "."): null

16-10-2024T09:08:02 - [TEST_STEP][PASSED] - println("file Plan: " + file): null

16-10-2024T09:08:02 - [TEST_STEP][PASSED] - typeOfData = "План в процентах": null

16-10-2024T09:08:02 - [TEST_STEP][PASSED] - fileDouble = file.toDouble(): null

16-10-2024T09:08:02 - [TEST_STEP][PASSED] - pageDouble = page1.toDouble(): null

16-10-2024T09:08:02 - [TEST_STEP][PASSED] - if (fileDouble != pageDouble): null

16-10-2024T09:08:02 - [TEST_STEP][PASSED] - numberOfErrors = numberOfErrors + 1: null

16-10-2024T09:08:02 - [TEST_STEP][PASSED] - Script1718980020443.WriteToExcel(a, typeOfData, todaysDate, pageInt, fileInt, pageDouble, fileDouble, dZO): null

16-10-2024T09:08:02 - [TEST_STEP][PASSED] - sheetName = "Sheet1": null

16-10-2024T09:08:02 - [TEST_STEP][PASSED] - data = findTestData("PlanFact"): null

16-10-2024T09:08:02 - [TEST_STEP][PASSED] - n = data.getRowNumbers() + 1: null

16-10-2024T09:08:02 - [TEST_STEP][PASSED] - year = todaysDate.substring(todaysDate.length() - 4, todaysDate.length()): null

16-10-2024T09:08:02 - [TEST_STEP][PASSED] - y = year.toInteger(): null

16-10-2024T09:08:02 - [TEST_STEP][PASSED] - m = getText(findTestObject("Выполнение бизнес-плана/Период")): Text of object 'Object Repository/Выполнение бизнес-плана/Период' is: '1, 2 кв., Июль, Август 2024 года'

16-10-2024T09:08:03 - [MESSAGE][PASSED] - Text of object 'Object Repository/Выполнение бизнес-плана/Период' is: '1, 2 кв., Июль, Август 2024 года'

16-10-2024T09:08:03 - [TEST_STEP][PASSED] - m = m.substring(0, m.indexOf("2024")): null

16-10-2024T09:08:03 - [TEST_STEP][PASSED] - m = m.trim(): null

16-10-2024T09:08:03 - [TEST_STEP][PASSED] - dashboardName = "Выполнение бизнес-плана": null

16-10-2024T09:08:03 - [TEST_STEP][PASSED] - workbook01 = getWorkbook(excelFilePath): null

16-10-2024T09:08:03 - [TEST_STEP][PASSED] - sheet01 = getExcelSheet(workbook01, sheetName): null

16-10-2024T09:08:03 - [TEST_STEP][PASSED] - setValueToCellByIndex(sheet01, n, 0, dashboardName): null

16-10-2024T09:08:03 - [TEST_STEP][PASSED] - setValueToCellByIndex(sheet01, n, 1, dZO): null

16-10-2024T09:08:03 - [TEST_STEP][PASSED] - setValueToCellByIndex(sheet01, n, 2, typeOfData): null

16-10-2024T09:08:03 - [TEST_STEP][PASSED] - if (typeOfData == "Факт в процентах" || typeOfData == "План в процентах"): null

16-10-2024T09:08:03 - [TEST_STEP][PASSED] - setValueToCellByIndex(sheet01, n, 3, fileDouble): null

16-10-2024T09:08:03 - [TEST_STEP][PASSED] - setValueToCellByIndex(sheet01, n, 4, pageDouble): null

16-10-2024T09:08:03 - [TEST_STEP][PASSED] - setValueToCellByIndex(sheet01, n, 5, m): null

16-10-2024T09:08:03 - [TEST_STEP][PASSED] - setValueToCellByIndex(sheet01, n, 6, y): null

16-10-2024T09:08:03 - [TEST_STEP][PASSED] - setValueToCellByIndex(sheet01, n, 7, todaysDate): null

16-10-2024T09:08:03 - [TEST_STEP][PASSED] - n = n + 1: null

16-10-2024T09:08:03 - [TEST_STEP][PASSED] - saveWorkbook(excelFilePath, workbook01): null

16-10-2024T09:08:03 - [TEST_STEP][PASSED] - file = findTestData("PlanFact").getValue(7, a): null

16-10-2024T09:08:03 - [TEST_STEP][PASSED] - file = file.replace(",", "."): null

16-10-2024T09:08:03 - [TEST_STEP][PASSED] - println("file Fact: " + file): null

16-10-2024T09:08:03 - [TEST_STEP][PASSED] - fileDouble = file.toDouble(): null

16-10-2024T09:08:03 - [TEST_STEP][PASSED] - typeOfData = "Факт в процентах": null

16-10-2024T09:08:03 - [TEST_STEP][PASSED] - fileDouble = file.toDouble(): null

16-10-2024T09:08:03 - [TEST_STEP][PASSED] - pageDouble = page2.toDouble(): null

16-10-2024T09:08:03 - [TEST_STEP][PASSED] - if (fileDouble != pageDouble): null

16-10-2024T09:08:03 - [TEST_STEP][PASSED] - numberOfErrors = numberOfErrors + 1: null

16-10-2024T09:08:03 - [TEST_STEP][PASSED] - Script1718980020443.WriteToExcel(a, typeOfData, todaysDate, pageInt, fileInt, pageDouble, fileDouble, dZO): null

16-10-2024T09:08:03 - [TEST_STEP][PASSED] - sheetName = "Sheet1": null

16-10-2024T09:08:03 - [TEST_STEP][PASSED] - data = findTestData("PlanFact"): null

16-10-2024T09:08:03 - [TEST_STEP][PASSED] - n = data.getRowNumbers() + 1: null

16-10-2024T09:08:03 - [TEST_STEP][PASSED] - year = todaysDate.substring(todaysDate.length() - 4, todaysDate.length()): null

16-10-2024T09:08:03 - [TEST_STEP][PASSED] - y = year.toInteger(): null

16-10-2024T09:08:03 - [TEST_STEP][PASSED] - m = getText(findTestObject("Выполнение бизнес-плана/Период")): Text of object 'Object Repository/Выполнение бизнес-плана/Период' is: '1, 2 кв., Июль, Август 2024 года'

16-10-2024T09:08:03 - [MESSAGE][PASSED] - Text of object 'Object Repository/Выполнение бизнес-плана/Период' is: '1, 2 кв., Июль, Август 2024 года'

16-10-2024T09:08:03 - [TEST_STEP][PASSED] - m = m.substring(0, m.indexOf("2024")): null

16-10-2024T09:08:03 - [TEST_STEP][PASSED] - m = m.trim(): null

16-10-2024T09:08:03 - [TEST_STEP][PASSED] - dashboardName = "Выполнение бизнес-плана": null

16-10-2024T09:08:03 - [TEST_STEP][PASSED] - workbook01 = getWorkbook(excelFilePath): null

16-10-2024T09:08:03 - [TEST_STEP][PASSED] - sheet01 = getExcelSheet(workbook01, sheetName): null

16-10-2024T09:08:03 - [TEST_STEP][PASSED] - setValueToCellByIndex(sheet01, n, 0, dashboardName): null

16-10-2024T09:08:03 - [TEST_STEP][PASSED] - setValueToCellByIndex(sheet01, n, 1, dZO): null

16-10-2024T09:08:03 - [TEST_STEP][PASSED] - setValueToCellByIndex(sheet01, n, 2, typeOfData): null

16-10-2024T09:08:03 - [TEST_STEP][PASSED] - if (typeOfData == "Факт в процентах" || typeOfData == "План в процентах"): null

16-10-2024T09:08:03 - [TEST_STEP][PASSED] - setValueToCellByIndex(sheet01, n, 3, fileDouble): null

16-10-2024T09:08:03 - [TEST_STEP][PASSED] - setValueToCellByIndex(sheet01, n, 4, pageDouble): null

16-10-2024T09:08:03 - [TEST_STEP][PASSED] - setValueToCellByIndex(sheet01, n, 5, m): null

16-10-2024T09:08:03 - [TEST_STEP][PASSED] - setValueToCellByIndex(sheet01, n, 6, y): null

16-10-2024T09:08:03 - [TEST_STEP][PASSED] - setValueToCellByIndex(sheet01, n, 7, todaysDate): null

16-10-2024T09:08:03 - [TEST_STEP][PASSED] - n = n + 1: null

16-10-2024T09:08:03 - [TEST_STEP][PASSED] - saveWorkbook(excelFilePath, workbook01): null

16-10-2024T09:08:04 - [TEST_STEP][FAILED] - if (verifyEqual(numberOfErrors, 0) == false): null

16-10-2024T09:08:04 - [MESSAGE][FAILED] - Unable to verify equal between actual object '6' and expected object '0' (Root cause: com.kms.katalon.core.exception.StepFailedException: Actual object '6' and expected object '0' are not equal
	at com.kms.katalon.core.keyword.builtin.VerifyEqualKeyword$_verifyEqual_closure1.doCall(VerifyEqualKeyword.groovy:58)
	at com.kms.katalon.core.keyword.builtin.VerifyEqualKeyword$_verifyEqual_closure1.call(VerifyEqualKeyword.groovy)
	at com.kms.katalon.core.keyword.internal.KeywordMain.runKeyword(KeywordMain.groovy:75)
	at com.kms.katalon.core.keyword.builtin.VerifyEqualKeyword.verifyEqual(VerifyEqualKeyword.groovy:63)
	at com.kms.katalon.core.keyword.builtin.VerifyEqualKeyword.execute(VerifyEqualKeyword.groovy:44)
	at com.kms.katalon.core.keyword.internal.KeywordExecutor.executeKeywordForPlatform(KeywordExecutor.groovy:74)
	at com.kms.katalon.core.keyword.BuiltinKeywords.verifyEqual(BuiltinKeywords.groovy:146)
	at jdk.internal.reflect.GeneratedMethodAccessor25.invoke(Unknown Source)
	at java.base/jdk.internal.reflect.DelegatingMethodAccessorImpl.invoke(DelegatingMethodAccessorImpl.java:43)
	at Выполнение бизнес-плана Сверка ПАО Россети все филиалы.Numbers(Выполнение бизнес-плана Сверка ПАО Россети все филиалы:749)
	at Выполнение бизнес-плана Сверка ПАО Россети все филиалы.Filials(Выполнение бизнес-плана Сверка ПАО Россети все филиалы:1610)
	at Выполнение бизнес-плана Сверка ПАО Россети все филиалы.Numbers(Выполнение бизнес-плана Сверка ПАО Россети все филиалы:754)
	at Выполнение бизнес-плана Сверка ПАО Россети все филиалы.run(Выполнение бизнес-плана Сверка ПАО Россети все филиалы:341)
	at com.kms.katalon.core.main.ScriptEngine.run(ScriptEngine.java:194)
	at com.kms.katalon.core.main.ScriptEngine.runScriptAsRawText(ScriptEngine.java:119)
	at com.kms.katalon.core.main.TestCaseExecutor.runScript(TestCaseExecutor.java:448)
	at com.kms.katalon.core.main.TestCaseExecutor.doExecute(TestCaseExecutor.java:439)
	at com.kms.katalon.core.main.TestCaseExecutor.processExecutionPhase(TestCaseExecutor.java:418)
	at com.kms.katalon.core.main.TestCaseExecutor.accessMainPhase(TestCaseExecutor.java:410)
	at com.kms.katalon.core.main.TestCaseExecutor.execute(TestCaseExecutor.java:285)
	at com.kms.katalon.core.common.CommonExecutor.accessTestCaseMainPhase(CommonExecutor.java:65)
	at com.kms.katalon.core.main.TestSuiteExecutor.accessTestSuiteMainPhase(TestSuiteExecutor.java:150)
	at com.kms.katalon.core.main.TestSuiteExecutor.execute(TestSuiteExecutor.java:106)
	at com.kms.katalon.core.main.TestCaseMain.startTestSuite(TestCaseMain.java:180)
	at TempTestSuite1729057289574.run(TempTestSuite1729057289574.groovy:35)
	at java.base/jdk.internal.reflect.NativeMethodAccessorImpl.invoke0(Native Method)
	at java.base/jdk.internal.reflect.NativeMethodAccessorImpl.invoke(NativeMethodAccessorImpl.java:77)
	at java.base/jdk.internal.reflect.DelegatingMethodAccessorImpl.invoke(DelegatingMethodAccessorImpl.java:43)
)

16-10-2024T09:08:04 - [TEST_STEP][PASSED] - println(numberOfErrors): null

16-10-2024T09:08:04 - [TEST_STEP][PASSED] - if (a == 28 || a == 77 || a == 74 || a == 65 || a == 36 || a == 44 || a == 54 || a == 1 || a == 18 || a == 59): null

16-10-2024T09:08:04 - [TEST_STEP][PASSED] - if (a == 82): null

16-10-2024T09:08:04 - [TEST_STEP][PASSED] - dZO = "Хакасэнерго": null

16-10-2024T09:08:04 - [TEST_STEP][PASSED] - a = 50: null

16-10-2024T09:08:04 - [TEST_STEP][PASSED] - if (x2.contains(dZO)): null

16-10-2024T09:08:04 - [TEST_STEP][PASSED] - filialNum = filialNum + 1: null

16-10-2024T09:08:04 - [TEST_STEP][PASSED] - Script1718980020443.Numbers(a, typeOfData, todaysDate, pageInt, fileInt, pageDouble, fileDouble, dZO, dzoNum, filialNum): null

16-10-2024T09:08:04 - [TEST_STEP][PASSED] - println(dzoNum): null

16-10-2024T09:08:04 - [TEST_STEP][PASSED] - planFact = <not implemented yet for class: org.codehaus.groovy.ast.expr.EmptyExpression>: null

16-10-2024T09:08:04 - [TEST_STEP][PASSED] - page = <not implemented yet for class: org.codehaus.groovy.ast.expr.EmptyExpression>: null

16-10-2024T09:08:04 - [TEST_STEP][PASSED] - page1 = <not implemented yet for class: org.codehaus.groovy.ast.expr.EmptyExpression>: null

16-10-2024T09:08:04 - [TEST_STEP][PASSED] - page2 = <not implemented yet for class: org.codehaus.groovy.ast.expr.EmptyExpression>: null

16-10-2024T09:08:04 - [TEST_STEP][PASSED] - filialNumberInRow = <not implemented yet for class: org.codehaus.groovy.ast.expr.EmptyExpression>: null

16-10-2024T09:08:04 - [TEST_STEP][PASSED] - filialsDzoNames = <not implemented yet for class: org.codehaus.groovy.ast.expr.EmptyExpression>: null

16-10-2024T09:08:04 - [TEST_STEP][PASSED] - numberOfFilials = <not implemented yet for class: org.codehaus.groovy.ast.expr.EmptyExpression>: null

16-10-2024T09:08:04 - [TEST_STEP][PASSED] - numberOfSpaces = <not implemented yet for class: org.codehaus.groovy.ast.expr.EmptyExpression>: null

16-10-2024T09:08:04 - [TEST_STEP][PASSED] - file = <not implemented yet for class: org.codehaus.groovy.ast.expr.EmptyExpression>: null

16-10-2024T09:08:04 - [TEST_STEP][PASSED] - otpusk = <not implemented yet for class: org.codehaus.groovy.ast.expr.EmptyExpression>: null

16-10-2024T09:08:04 - [TEST_STEP][PASSED] - poteri = <not implemented yet for class: org.codehaus.groovy.ast.expr.EmptyExpression>: null

16-10-2024T09:08:04 - [TEST_STEP][PASSED] - dataFolder = "Выполнение бизнес-плана/Значения со страницы Выполнение бизнес-плана/": null

16-10-2024T09:08:04 - [TEST_STEP][PASSED] - path = <not implemented yet for class: org.codehaus.groovy.ast.expr.EmptyExpression>: null

16-10-2024T09:08:04 - [TEST_STEP][PASSED] - typeOfDataMain = <not implemented yet for class: org.codehaus.groovy.ast.expr.EmptyExpression>: null

16-10-2024T09:08:04 - [TEST_STEP][PASSED] - fileOtpuskVSet = <not implemented yet for class: org.codehaus.groovy.ast.expr.EmptyExpression>: null

16-10-2024T09:08:04 - [TEST_STEP][PASSED] - pageOtpuskVSet = <not implemented yet for class: org.codehaus.groovy.ast.expr.EmptyExpression>: null

16-10-2024T09:08:04 - [TEST_STEP][PASSED] - filePoteri = <not implemented yet for class: org.codehaus.groovy.ast.expr.EmptyExpression>: null

16-10-2024T09:08:04 - [TEST_STEP][PASSED] - pagePoteri = <not implemented yet for class: org.codehaus.groovy.ast.expr.EmptyExpression>: null

16-10-2024T09:08:04 - [TEST_STEP][PASSED] - compare = <not implemented yet for class: org.codehaus.groovy.ast.expr.EmptyExpression>: null

16-10-2024T09:08:04 - [TEST_STEP][PASSED] - b = <not implemented yet for class: org.codehaus.groovy.ast.expr.EmptyExpression>: null

16-10-2024T09:08:04 - [TEST_STEP][PASSED] - i = <not implemented yet for class: org.codehaus.groovy.ast.expr.EmptyExpression>: null

16-10-2024T09:08:04 - [TEST_STEP][PASSED] - ii = <not implemented yet for class: org.codehaus.groovy.ast.expr.EmptyExpression>: null

16-10-2024T09:08:04 - [TEST_STEP][PASSED] - c = <not implemented yet for class: org.codehaus.groovy.ast.expr.EmptyExpression>: null

16-10-2024T09:08:04 - [TEST_STEP][PASSED] - numberOfErrors = 0: null

16-10-2024T09:08:04 - [TEST_STEP][PASSED] - if (a == 82): null

16-10-2024T09:08:04 - [TEST_STEP][PASSED] - b = findTestData("PlanFact").getValue(1, a): null

16-10-2024T09:08:04 - [TEST_STEP][PASSED] - i = b.indexOf(" (ГК)"): null

16-10-2024T09:08:04 - [TEST_STEP][PASSED] - if (i > -1): null

16-10-2024T09:08:04 - [TEST_STEP][PASSED] - i = b.indexOf("О ""): null

16-10-2024T09:08:04 - [TEST_STEP][PASSED] - if (i > -1): null

16-10-2024T09:08:04 - [TEST_STEP][PASSED] - i = b.indexOf("О «"): null

16-10-2024T09:08:04 - [TEST_STEP][PASSED] - if (i > -1): null

16-10-2024T09:08:04 - [TEST_STEP][PASSED] - i = b.indexOf("г. "): null

16-10-2024T09:08:04 - [TEST_STEP][PASSED] - if (i > -1): null

16-10-2024T09:08:04 - [TEST_STEP][PASSED] - println(b): null

16-10-2024T09:08:04 - [TEST_STEP][PASSED] - for ([planFact = 1, planFact < 3, (planFact++)]): null

16-10-2024T09:08:04 - [TEST_STEP][PASSED] - if (planFact == 1): null

16-10-2024T09:08:04 - [TEST_STEP][PASSED] - typeOfDataMain = "Факт": null

16-10-2024T09:08:04 - [TEST_STEP][PASSED] - otpusk = findTestData("PlanFact").getValue(5, a): null

16-10-2024T09:08:04 - [TEST_STEP][PASSED] - poteri = findTestData("PlanFact").getValue(6, a): null

16-10-2024T09:08:04 - [TEST_STEP][PASSED] - otpusk = otpusk.replaceAll("\s+", ""): null

16-10-2024T09:08:04 - [TEST_STEP][PASSED] - poteri = poteri.replaceAll("\s+", ""): null

16-10-2024T09:08:04 - [TEST_STEP][PASSED] - typeOfData = typeOfDataMain + " Отпуск в сеть": null

16-10-2024T09:08:04 - [TEST_STEP][PASSED] - if (a == 82): null

16-10-2024T09:08:04 - [TEST_STEP][PASSED] - else if (a == 84): null

16-10-2024T09:08:04 - [TEST_STEP][PASSED] - else if (a == 52 || a == 72 || a == 28 || a == 73 || a == 77 || a == 74 || a == 65 || a == 36 || a == 44 || a == 53 || a == 80 || a == 54 || a == 1 || a == 18 || a == 59 || a == 81): null

16-10-2024T09:08:04 - [TEST_STEP][PASSED] - else: null

16-10-2024T09:08:04 - [TEST_STEP][PASSED] - path = dataFolder + typeOfData + " за отчётный период " + b: null

16-10-2024T09:08:04 - [TEST_STEP][PASSED] - println(path): null

16-10-2024T09:08:04 - [TEST_STEP][PASSED] - page = getText(findTestObject(path)): Text of object 'Object Repository/Выполнение бизнес-плана/Значения со страницы Выполнение бизнес-плана/Факт Отпуск в сеть за отчётный период Хакасэнерго' is: '2 304 803'

16-10-2024T09:08:04 - [MESSAGE][PASSED] - Text of object 'Object Repository/Выполнение бизнес-плана/Значения со страницы Выполнение бизнес-плана/Факт Отпуск в сеть за отчётный период Хакасэнерго' is: '2 304 803'

16-10-2024T09:08:04 - [TEST_STEP][PASSED] - page = page.replaceAll("\s+", ""): null

16-10-2024T09:08:04 - [TEST_STEP][PASSED] - fileOtpuskVSet = otpusk.toInteger(): null

16-10-2024T09:08:04 - [TEST_STEP][PASSED] - pageOtpuskVSet = page.toInteger(): null

16-10-2024T09:08:04 - [TEST_STEP][PASSED] - typeOfData = typeOfDataMain + " Потери": null

16-10-2024T09:08:04 - [TEST_STEP][PASSED] - if (a == 82): null

16-10-2024T09:08:04 - [TEST_STEP][PASSED] - else if (a == 84): null

16-10-2024T09:08:04 - [TEST_STEP][PASSED] - else if (a == 52 || a == 72 || a == 28 || a == 73 || a == 77 || a == 74 || a == 65 || a == 36 || a == 44 || a == 53 || a == 80 || a == 54 || a == 1 || a == 18 || a == 59 || a == 81): null

16-10-2024T09:08:04 - [TEST_STEP][PASSED] - else: null

16-10-2024T09:08:04 - [TEST_STEP][PASSED] - path = dataFolder + typeOfData + " за отчётный период " + b: null

16-10-2024T09:08:04 - [TEST_STEP][PASSED] - page = getText(findTestObject(path)): Text of object 'Object Repository/Выполнение бизнес-плана/Значения со страницы Выполнение бизнес-плана/Факт Потери за отчётный период Хакасэнерго' is: '164 136'

16-10-2024T09:08:04 - [MESSAGE][PASSED] - Text of object 'Object Repository/Выполнение бизнес-плана/Значения со страницы Выполнение бизнес-плана/Факт Потери за отчётный период Хакасэнерго' is: '164 136'

16-10-2024T09:08:04 - [TEST_STEP][PASSED] - page = page.replaceAll("\s+", ""): null

16-10-2024T09:08:04 - [TEST_STEP][PASSED] - filePoteri = poteri.toInteger(): null

16-10-2024T09:08:04 - [TEST_STEP][PASSED] - pagePoteri = page.toInteger(): null

16-10-2024T09:08:04 - [TEST_STEP][PASSED] - compare = pageOtpuskVSet: null

16-10-2024T09:08:04 - [TEST_STEP][PASSED] - if (compare == fileOtpuskVSet): null

16-10-2024T09:08:04 - [TEST_STEP][PASSED] - else if (compare > fileOtpuskVSet): null

16-10-2024T09:08:04 - [TEST_STEP][PASSED] - compare = compare - 1: null

16-10-2024T09:08:04 - [TEST_STEP][PASSED] - if (compare == fileOtpuskVSet): null

16-10-2024T09:08:04 - [TEST_STEP][PASSED] - else: null

16-10-2024T09:08:04 - [TEST_STEP][PASSED] - numberOfErrors = numberOfErrors + 1: null

16-10-2024T09:08:04 - [TEST_STEP][PASSED] - pageInt = pageOtpuskVSet: null

16-10-2024T09:08:04 - [TEST_STEP][PASSED] - fileInt = fileOtpuskVSet: null

16-10-2024T09:08:04 - [TEST_STEP][PASSED] - typeOfData = typeOfDataMain + " Отпуск в сеть": null

16-10-2024T09:08:04 - [TEST_STEP][PASSED] - Script1718980020443.WriteToExcel(a, typeOfData, todaysDate, pageInt, fileInt, pageDouble, fileDouble, dZO): null

16-10-2024T09:08:04 - [TEST_STEP][PASSED] - sheetName = "Sheet1": null

16-10-2024T09:08:04 - [TEST_STEP][PASSED] - data = findTestData("PlanFact"): null

16-10-2024T09:08:04 - [TEST_STEP][PASSED] - n = data.getRowNumbers() + 1: null

16-10-2024T09:08:04 - [TEST_STEP][PASSED] - year = todaysDate.substring(todaysDate.length() - 4, todaysDate.length()): null

16-10-2024T09:08:04 - [TEST_STEP][PASSED] - y = year.toInteger(): null

16-10-2024T09:08:04 - [TEST_STEP][PASSED] - m = getText(findTestObject("Выполнение бизнес-плана/Период")): Text of object 'Object Repository/Выполнение бизнес-плана/Период' is: '1, 2 кв., Июль, Август 2024 года'

16-10-2024T09:08:05 - [MESSAGE][PASSED] - Text of object 'Object Repository/Выполнение бизнес-плана/Период' is: '1, 2 кв., Июль, Август 2024 года'

16-10-2024T09:08:05 - [TEST_STEP][PASSED] - m = m.substring(0, m.indexOf("2024")): null

16-10-2024T09:08:05 - [TEST_STEP][PASSED] - m = m.trim(): null

16-10-2024T09:08:05 - [TEST_STEP][PASSED] - dashboardName = "Выполнение бизнес-плана": null

16-10-2024T09:08:05 - [TEST_STEP][PASSED] - workbook01 = getWorkbook(excelFilePath): null

16-10-2024T09:08:05 - [TEST_STEP][PASSED] - sheet01 = getExcelSheet(workbook01, sheetName): null

16-10-2024T09:08:05 - [TEST_STEP][PASSED] - setValueToCellByIndex(sheet01, n, 0, dashboardName): null

16-10-2024T09:08:05 - [TEST_STEP][PASSED] - setValueToCellByIndex(sheet01, n, 1, dZO): null

16-10-2024T09:08:05 - [TEST_STEP][PASSED] - setValueToCellByIndex(sheet01, n, 2, typeOfData): null

16-10-2024T09:08:05 - [TEST_STEP][PASSED] - if (typeOfData == "Факт в процентах" || typeOfData == "План в процентах"): null

16-10-2024T09:08:05 - [TEST_STEP][PASSED] - else: null

16-10-2024T09:08:05 - [TEST_STEP][PASSED] - setValueToCellByIndex(sheet01, n, 3, fileInt): null

16-10-2024T09:08:05 - [TEST_STEP][PASSED] - setValueToCellByIndex(sheet01, n, 4, pageInt): null

16-10-2024T09:08:05 - [TEST_STEP][PASSED] - setValueToCellByIndex(sheet01, n, 5, m): null

16-10-2024T09:08:05 - [TEST_STEP][PASSED] - setValueToCellByIndex(sheet01, n, 6, y): null

16-10-2024T09:08:05 - [TEST_STEP][PASSED] - setValueToCellByIndex(sheet01, n, 7, todaysDate): null

16-10-2024T09:08:05 - [TEST_STEP][PASSED] - n = n + 1: null

16-10-2024T09:08:05 - [TEST_STEP][PASSED] - saveWorkbook(excelFilePath, workbook01): null

16-10-2024T09:08:05 - [TEST_STEP][PASSED] - compare = pagePoteri: null

16-10-2024T09:08:05 - [TEST_STEP][PASSED] - if (compare == filePoteri): null

16-10-2024T09:08:05 - [TEST_STEP][PASSED] - else if (compare > filePoteri): null

16-10-2024T09:08:05 - [TEST_STEP][PASSED] - compare = compare - 1: null

16-10-2024T09:08:05 - [TEST_STEP][PASSED] - if (compare == filePoteri): null

16-10-2024T09:08:05 - [TEST_STEP][PASSED] - else: null

16-10-2024T09:08:05 - [TEST_STEP][PASSED] - numberOfErrors = numberOfErrors + 1: null

16-10-2024T09:08:05 - [TEST_STEP][PASSED] - pageInt = pagePoteri: null

16-10-2024T09:08:05 - [TEST_STEP][PASSED] - fileInt = filePoteri: null

16-10-2024T09:08:05 - [TEST_STEP][PASSED] - typeOfData = typeOfDataMain + " Потери": null

16-10-2024T09:08:05 - [TEST_STEP][PASSED] - Script1718980020443.WriteToExcel(a, typeOfData, todaysDate, pageInt, fileInt, pageDouble, fileDouble, dZO): null

16-10-2024T09:08:05 - [TEST_STEP][PASSED] - sheetName = "Sheet1": null

16-10-2024T09:08:05 - [TEST_STEP][PASSED] - data = findTestData("PlanFact"): null

16-10-2024T09:08:05 - [TEST_STEP][PASSED] - n = data.getRowNumbers() + 1: null

16-10-2024T09:08:05 - [TEST_STEP][PASSED] - year = todaysDate.substring(todaysDate.length() - 4, todaysDate.length()): null

16-10-2024T09:08:05 - [TEST_STEP][PASSED] - y = year.toInteger(): null

16-10-2024T09:08:05 - [TEST_STEP][PASSED] - m = getText(findTestObject("Выполнение бизнес-плана/Период")): Text of object 'Object Repository/Выполнение бизнес-плана/Период' is: '1, 2 кв., Июль, Август 2024 года'

16-10-2024T09:08:05 - [MESSAGE][PASSED] - Text of object 'Object Repository/Выполнение бизнес-плана/Период' is: '1, 2 кв., Июль, Август 2024 года'

16-10-2024T09:08:05 - [TEST_STEP][PASSED] - m = m.substring(0, m.indexOf("2024")): null

16-10-2024T09:08:05 - [TEST_STEP][PASSED] - m = m.trim(): null

16-10-2024T09:08:05 - [TEST_STEP][PASSED] - dashboardName = "Выполнение бизнес-плана": null

16-10-2024T09:08:05 - [TEST_STEP][PASSED] - workbook01 = getWorkbook(excelFilePath): null

16-10-2024T09:08:06 - [TEST_STEP][PASSED] - sheet01 = getExcelSheet(workbook01, sheetName): null

16-10-2024T09:08:06 - [TEST_STEP][PASSED] - setValueToCellByIndex(sheet01, n, 0, dashboardName): null

16-10-2024T09:08:06 - [TEST_STEP][PASSED] - setValueToCellByIndex(sheet01, n, 1, dZO): null

16-10-2024T09:08:06 - [TEST_STEP][PASSED] - setValueToCellByIndex(sheet01, n, 2, typeOfData): null

16-10-2024T09:08:06 - [TEST_STEP][PASSED] - if (typeOfData == "Факт в процентах" || typeOfData == "План в процентах"): null

16-10-2024T09:08:06 - [TEST_STEP][PASSED] - else: null

16-10-2024T09:08:06 - [TEST_STEP][PASSED] - setValueToCellByIndex(sheet01, n, 3, fileInt): null

16-10-2024T09:08:06 - [TEST_STEP][PASSED] - setValueToCellByIndex(sheet01, n, 4, pageInt): null

16-10-2024T09:08:06 - [TEST_STEP][PASSED] - setValueToCellByIndex(sheet01, n, 5, m): null

16-10-2024T09:08:06 - [TEST_STEP][PASSED] - setValueToCellByIndex(sheet01, n, 6, y): null

16-10-2024T09:08:06 - [TEST_STEP][PASSED] - setValueToCellByIndex(sheet01, n, 7, todaysDate): null

16-10-2024T09:08:06 - [TEST_STEP][PASSED] - n = n + 1: null

16-10-2024T09:08:06 - [TEST_STEP][PASSED] - saveWorkbook(excelFilePath, workbook01): null

16-10-2024T09:08:06 - [TEST_STEP][PASSED] - if (planFact == 2): null

16-10-2024T09:08:06 - [TEST_STEP][PASSED] - if (planFact == 1): null

16-10-2024T09:08:06 - [TEST_STEP][PASSED] - else if (planFact == 2): null

16-10-2024T09:08:06 - [TEST_STEP][PASSED] - click(findTestObject("Выполнение бизнес-плана/Кнопка План")): Object: 'Object Repository/Выполнение бизнес-плана/Кнопка План' is clicked on

16-10-2024T09:08:06 - [MESSAGE][PASSED] - Object: 'Object Repository/Выполнение бизнес-плана/Кнопка План' is clicked on

16-10-2024T09:08:06 - [TEST_STEP][PASSED] - typeOfDataMain = "План": null

16-10-2024T09:08:06 - [TEST_STEP][PASSED] - otpusk = findTestData("PlanFact").getValue(2, a): null

16-10-2024T09:08:06 - [TEST_STEP][PASSED] - poteri = findTestData("PlanFact").getValue(3, a): null

16-10-2024T09:08:06 - [TEST_STEP][PASSED] - otpusk = otpusk.replaceAll("\s+", ""): null

16-10-2024T09:08:06 - [TEST_STEP][PASSED] - poteri = poteri.replaceAll("\s+", ""): null

16-10-2024T09:08:06 - [TEST_STEP][PASSED] - typeOfData = typeOfDataMain + " Отпуск в сеть": null

16-10-2024T09:08:06 - [TEST_STEP][PASSED] - if (a == 82): null

16-10-2024T09:08:06 - [TEST_STEP][PASSED] - else if (a == 84): null

16-10-2024T09:08:06 - [TEST_STEP][PASSED] - else if (a == 52 || a == 72 || a == 28 || a == 73 || a == 77 || a == 74 || a == 65 || a == 36 || a == 44 || a == 53 || a == 80 || a == 54 || a == 1 || a == 18 || a == 59 || a == 81): null

16-10-2024T09:08:06 - [TEST_STEP][PASSED] - else: null

16-10-2024T09:08:06 - [TEST_STEP][PASSED] - path = dataFolder + typeOfData + " за отчётный период " + b: null

16-10-2024T09:08:06 - [TEST_STEP][PASSED] - println(path): null

16-10-2024T09:08:06 - [TEST_STEP][PASSED] - page = getText(findTestObject(path)): Text of object 'Object Repository/Выполнение бизнес-плана/Значения со страницы Выполнение бизнес-плана/План Отпуск в сеть за отчётный период Хакасэнерго' is: '2 049 582'

16-10-2024T09:08:07 - [MESSAGE][PASSED] - Text of object 'Object Repository/Выполнение бизнес-плана/Значения со страницы Выполнение бизнес-плана/План Отпуск в сеть за отчётный период Хакасэнерго' is: '2 049 582'

16-10-2024T09:08:07 - [TEST_STEP][PASSED] - page = page.replaceAll("\s+", ""): null

16-10-2024T09:08:07 - [TEST_STEP][PASSED] - fileOtpuskVSet = otpusk.toInteger(): null

16-10-2024T09:08:07 - [TEST_STEP][PASSED] - pageOtpuskVSet = page.toInteger(): null

16-10-2024T09:08:07 - [TEST_STEP][PASSED] - typeOfData = typeOfDataMain + " Потери": null

16-10-2024T09:08:07 - [TEST_STEP][PASSED] - if (a == 82): null

16-10-2024T09:08:07 - [TEST_STEP][PASSED] - else if (a == 84): null

16-10-2024T09:08:07 - [TEST_STEP][PASSED] - else if (a == 52 || a == 72 || a == 28 || a == 73 || a == 77 || a == 74 || a == 65 || a == 36 || a == 44 || a == 53 || a == 80 || a == 54 || a == 1 || a == 18 || a == 59 || a == 81): null

16-10-2024T09:08:07 - [TEST_STEP][PASSED] - else: null

16-10-2024T09:08:07 - [TEST_STEP][PASSED] - path = dataFolder + typeOfData + " за отчётный период " + b: null

16-10-2024T09:08:07 - [TEST_STEP][PASSED] - page = getText(findTestObject(path)): Text of object 'Object Repository/Выполнение бизнес-плана/Значения со страницы Выполнение бизнес-плана/План Потери за отчётный период Хакасэнерго' is: '152 932'

16-10-2024T09:08:07 - [MESSAGE][PASSED] - Text of object 'Object Repository/Выполнение бизнес-плана/Значения со страницы Выполнение бизнес-плана/План Потери за отчётный период Хакасэнерго' is: '152 932'

16-10-2024T09:08:07 - [TEST_STEP][PASSED] - page = page.replaceAll("\s+", ""): null

16-10-2024T09:08:07 - [TEST_STEP][PASSED] - filePoteri = poteri.toInteger(): null

16-10-2024T09:08:07 - [TEST_STEP][PASSED] - pagePoteri = page.toInteger(): null

16-10-2024T09:08:07 - [TEST_STEP][PASSED] - compare = pageOtpuskVSet: null

16-10-2024T09:08:07 - [TEST_STEP][PASSED] - if (compare == fileOtpuskVSet): null

16-10-2024T09:08:07 - [TEST_STEP][PASSED] - else if (compare > fileOtpuskVSet): null

16-10-2024T09:08:07 - [TEST_STEP][PASSED] - compare = compare - 1: null

16-10-2024T09:08:07 - [TEST_STEP][PASSED] - if (compare == fileOtpuskVSet): null

16-10-2024T09:08:07 - [TEST_STEP][PASSED] - else: null

16-10-2024T09:08:07 - [TEST_STEP][PASSED] - numberOfErrors = numberOfErrors + 1: null

16-10-2024T09:08:07 - [TEST_STEP][PASSED] - pageInt = pageOtpuskVSet: null

16-10-2024T09:08:07 - [TEST_STEP][PASSED] - fileInt = fileOtpuskVSet: null

16-10-2024T09:08:07 - [TEST_STEP][PASSED] - typeOfData = typeOfDataMain + " Отпуск в сеть": null

16-10-2024T09:08:07 - [TEST_STEP][PASSED] - Script1718980020443.WriteToExcel(a, typeOfData, todaysDate, pageInt, fileInt, pageDouble, fileDouble, dZO): null

16-10-2024T09:08:07 - [TEST_STEP][PASSED] - sheetName = "Sheet1": null

16-10-2024T09:08:07 - [TEST_STEP][PASSED] - data = findTestData("PlanFact"): null

16-10-2024T09:08:07 - [TEST_STEP][PASSED] - n = data.getRowNumbers() + 1: null

16-10-2024T09:08:07 - [TEST_STEP][PASSED] - year = todaysDate.substring(todaysDate.length() - 4, todaysDate.length()): null

16-10-2024T09:08:07 - [TEST_STEP][PASSED] - y = year.toInteger(): null

16-10-2024T09:08:07 - [TEST_STEP][PASSED] - m = getText(findTestObject("Выполнение бизнес-плана/Период")): Text of object 'Object Repository/Выполнение бизнес-плана/Период' is: '1, 2 кв., Июль, Август 2024 года'

16-10-2024T09:08:07 - [MESSAGE][PASSED] - Text of object 'Object Repository/Выполнение бизнес-плана/Период' is: '1, 2 кв., Июль, Август 2024 года'

16-10-2024T09:08:07 - [TEST_STEP][PASSED] - m = m.substring(0, m.indexOf("2024")): null

16-10-2024T09:08:07 - [TEST_STEP][PASSED] - m = m.trim(): null

16-10-2024T09:08:07 - [TEST_STEP][PASSED] - dashboardName = "Выполнение бизнес-плана": null

16-10-2024T09:08:07 - [TEST_STEP][PASSED] - workbook01 = getWorkbook(excelFilePath): null

16-10-2024T09:08:07 - [TEST_STEP][PASSED] - sheet01 = getExcelSheet(workbook01, sheetName): null

16-10-2024T09:08:07 - [TEST_STEP][PASSED] - setValueToCellByIndex(sheet01, n, 0, dashboardName): null

16-10-2024T09:08:07 - [TEST_STEP][PASSED] - setValueToCellByIndex(sheet01, n, 1, dZO): null

16-10-2024T09:08:07 - [TEST_STEP][PASSED] - setValueToCellByIndex(sheet01, n, 2, typeOfData): null

16-10-2024T09:08:07 - [TEST_STEP][PASSED] - if (typeOfData == "Факт в процентах" || typeOfData == "План в процентах"): null

16-10-2024T09:08:07 - [TEST_STEP][PASSED] - else: null

16-10-2024T09:08:07 - [TEST_STEP][PASSED] - setValueToCellByIndex(sheet01, n, 3, fileInt): null

16-10-2024T09:08:07 - [TEST_STEP][PASSED] - setValueToCellByIndex(sheet01, n, 4, pageInt): null

16-10-2024T09:08:07 - [TEST_STEP][PASSED] - setValueToCellByIndex(sheet01, n, 5, m): null

16-10-2024T09:08:07 - [TEST_STEP][PASSED] - setValueToCellByIndex(sheet01, n, 6, y): null

16-10-2024T09:08:07 - [TEST_STEP][PASSED] - setValueToCellByIndex(sheet01, n, 7, todaysDate): null

16-10-2024T09:08:07 - [TEST_STEP][PASSED] - n = n + 1: null

16-10-2024T09:08:07 - [TEST_STEP][PASSED] - saveWorkbook(excelFilePath, workbook01): null

16-10-2024T09:08:08 - [TEST_STEP][PASSED] - compare = pagePoteri: null

16-10-2024T09:08:08 - [TEST_STEP][PASSED] - if (compare == filePoteri): null

16-10-2024T09:08:08 - [TEST_STEP][PASSED] - else if (compare > filePoteri): null

16-10-2024T09:08:08 - [TEST_STEP][PASSED] - compare = compare - 1: null

16-10-2024T09:08:08 - [TEST_STEP][PASSED] - if (compare == filePoteri): null

16-10-2024T09:08:08 - [TEST_STEP][PASSED] - else: null

16-10-2024T09:08:08 - [TEST_STEP][PASSED] - numberOfErrors = numberOfErrors + 1: null

16-10-2024T09:08:08 - [TEST_STEP][PASSED] - pageInt = pagePoteri: null

16-10-2024T09:08:08 - [TEST_STEP][PASSED] - fileInt = filePoteri: null

16-10-2024T09:08:08 - [TEST_STEP][PASSED] - typeOfData = typeOfDataMain + " Потери": null

16-10-2024T09:08:08 - [TEST_STEP][PASSED] - Script1718980020443.WriteToExcel(a, typeOfData, todaysDate, pageInt, fileInt, pageDouble, fileDouble, dZO): null

16-10-2024T09:08:08 - [TEST_STEP][PASSED] - sheetName = "Sheet1": null

16-10-2024T09:08:08 - [TEST_STEP][PASSED] - data = findTestData("PlanFact"): null

16-10-2024T09:08:08 - [TEST_STEP][PASSED] - n = data.getRowNumbers() + 1: null

16-10-2024T09:08:08 - [TEST_STEP][PASSED] - year = todaysDate.substring(todaysDate.length() - 4, todaysDate.length()): null

16-10-2024T09:08:08 - [TEST_STEP][PASSED] - y = year.toInteger(): null

16-10-2024T09:08:08 - [TEST_STEP][PASSED] - m = getText(findTestObject("Выполнение бизнес-плана/Период")): Text of object 'Object Repository/Выполнение бизнес-плана/Период' is: '1, 2 кв., Июль, Август 2024 года'

16-10-2024T09:08:08 - [MESSAGE][PASSED] - Text of object 'Object Repository/Выполнение бизнес-плана/Период' is: '1, 2 кв., Июль, Август 2024 года'

16-10-2024T09:08:08 - [TEST_STEP][PASSED] - m = m.substring(0, m.indexOf("2024")): null

16-10-2024T09:08:08 - [TEST_STEP][PASSED] - m = m.trim(): null

16-10-2024T09:08:08 - [TEST_STEP][PASSED] - dashboardName = "Выполнение бизнес-плана": null

16-10-2024T09:08:08 - [TEST_STEP][PASSED] - workbook01 = getWorkbook(excelFilePath): null

16-10-2024T09:08:08 - [TEST_STEP][PASSED] - sheet01 = getExcelSheet(workbook01, sheetName): null

16-10-2024T09:08:08 - [TEST_STEP][PASSED] - setValueToCellByIndex(sheet01, n, 0, dashboardName): null

16-10-2024T09:08:08 - [TEST_STEP][PASSED] - setValueToCellByIndex(sheet01, n, 1, dZO): null

16-10-2024T09:08:08 - [TEST_STEP][PASSED] - setValueToCellByIndex(sheet01, n, 2, typeOfData): null

16-10-2024T09:08:08 - [TEST_STEP][PASSED] - if (typeOfData == "Факт в процентах" || typeOfData == "План в процентах"): null

16-10-2024T09:08:08 - [TEST_STEP][PASSED] - else: null

16-10-2024T09:08:08 - [TEST_STEP][PASSED] - setValueToCellByIndex(sheet01, n, 3, fileInt): null

16-10-2024T09:08:08 - [TEST_STEP][PASSED] - setValueToCellByIndex(sheet01, n, 4, pageInt): null

16-10-2024T09:08:08 - [TEST_STEP][PASSED] - setValueToCellByIndex(sheet01, n, 5, m): null

16-10-2024T09:08:08 - [TEST_STEP][PASSED] - setValueToCellByIndex(sheet01, n, 6, y): null

16-10-2024T09:08:08 - [TEST_STEP][PASSED] - setValueToCellByIndex(sheet01, n, 7, todaysDate): null

16-10-2024T09:08:08 - [TEST_STEP][PASSED] - n = n + 1: null

16-10-2024T09:08:08 - [TEST_STEP][PASSED] - saveWorkbook(excelFilePath, workbook01): Object: 'Object Repository/Выполнение бизнес-плана/Кнопка Факт' is clicked on

16-10-2024T09:08:08 - [TEST_STEP][PASSED] - if (planFact == 2): Object: 'Object Repository/Выполнение бизнес-плана/Кнопка Факт' is clicked on

16-10-2024T09:08:08 - [TEST_STEP][PASSED] - click(findTestObject("Выполнение бизнес-плана/Кнопка Факт")): Object: 'Object Repository/Выполнение бизнес-плана/Кнопка Факт' is clicked on

16-10-2024T09:08:08 - [MESSAGE][PASSED] - Object: 'Object Repository/Выполнение бизнес-плана/Кнопка Факт' is clicked on

16-10-2024T09:08:08 - [TEST_STEP][PASSED] - if (a == 84 || a == 82): null

16-10-2024T09:08:08 - [TEST_STEP][PASSED] - else if (a == 52 || a == 72 || a == 28 || a == 73 || a == 77 || a == 74 || a == 65 || a == 36 || a == 44 || a == 53 || a == 80 || a == 54 || a == 1 || a == 18 || a == 59 || a == 81): null

16-10-2024T09:08:08 - [TEST_STEP][PASSED] - else: null

16-10-2024T09:08:08 - [TEST_STEP][PASSED] - page1 = getText(findTestObject("Object Repository/Выполнение бизнес-плана/spanPlan" + filialNum)): Text of object 'Object Repository/Выполнение бизнес-плана/spanPlan6' is: '7.46
|'

16-10-2024T09:08:09 - [MESSAGE][PASSED] - Text of object 'Object Repository/Выполнение бизнес-плана/spanPlan6' is: '7.46
|'

16-10-2024T09:08:09 - [TEST_STEP][PASSED] - page1 = page1.replace("|", ""): null

16-10-2024T09:08:09 - [TEST_STEP][PASSED] - page2 = getText(findTestObject("Object Repository/Выполнение бизнес-плана/spanFact" + filialNum)): Text of object 'Object Repository/Выполнение бизнес-плана/spanFact6' is: '7.12
|'

16-10-2024T09:08:09 - [MESSAGE][PASSED] - Text of object 'Object Repository/Выполнение бизнес-плана/spanFact6' is: '7.12
|'

16-10-2024T09:08:09 - [TEST_STEP][PASSED] - page2 = page2.replace("|", ""): null

16-10-2024T09:08:09 - [TEST_STEP][PASSED] - println("page1: " + page1): null

16-10-2024T09:08:09 - [TEST_STEP][PASSED] - println("page2: " + page2): null

16-10-2024T09:08:09 - [TEST_STEP][PASSED] - file = findTestData("PlanFact").getValue(4, a): null

16-10-2024T09:08:09 - [TEST_STEP][PASSED] - file = file.replace(",", "."): null

16-10-2024T09:08:09 - [TEST_STEP][PASSED] - println("file Plan: " + file): null

16-10-2024T09:08:09 - [TEST_STEP][PASSED] - typeOfData = "План в процентах": null

16-10-2024T09:08:09 - [TEST_STEP][PASSED] - fileDouble = file.toDouble(): null

16-10-2024T09:08:09 - [TEST_STEP][PASSED] - pageDouble = page1.toDouble(): null

16-10-2024T09:08:09 - [TEST_STEP][PASSED] - if (fileDouble != pageDouble): null

16-10-2024T09:08:09 - [TEST_STEP][PASSED] - numberOfErrors = numberOfErrors + 1: null

16-10-2024T09:08:09 - [TEST_STEP][PASSED] - Script1718980020443.WriteToExcel(a, typeOfData, todaysDate, pageInt, fileInt, pageDouble, fileDouble, dZO): null

16-10-2024T09:08:09 - [TEST_STEP][PASSED] - sheetName = "Sheet1": null

16-10-2024T09:08:09 - [TEST_STEP][PASSED] - data = findTestData("PlanFact"): null

16-10-2024T09:08:09 - [TEST_STEP][PASSED] - n = data.getRowNumbers() + 1: null

16-10-2024T09:08:09 - [TEST_STEP][PASSED] - year = todaysDate.substring(todaysDate.length() - 4, todaysDate.length()): null

16-10-2024T09:08:09 - [TEST_STEP][PASSED] - y = year.toInteger(): null

16-10-2024T09:08:09 - [TEST_STEP][PASSED] - m = getText(findTestObject("Выполнение бизнес-плана/Период")): Text of object 'Object Repository/Выполнение бизнес-плана/Период' is: '1, 2 кв., Июль, Август 2024 года'

16-10-2024T09:08:10 - [MESSAGE][PASSED] - Text of object 'Object Repository/Выполнение бизнес-плана/Период' is: '1, 2 кв., Июль, Август 2024 года'

16-10-2024T09:08:10 - [TEST_STEP][PASSED] - m = m.substring(0, m.indexOf("2024")): null

16-10-2024T09:08:10 - [TEST_STEP][PASSED] - m = m.trim(): null

16-10-2024T09:08:10 - [TEST_STEP][PASSED] - dashboardName = "Выполнение бизнес-плана": null

16-10-2024T09:08:10 - [TEST_STEP][PASSED] - workbook01 = getWorkbook(excelFilePath): null

16-10-2024T09:08:10 - [TEST_STEP][PASSED] - sheet01 = getExcelSheet(workbook01, sheetName): null

16-10-2024T09:08:10 - [TEST_STEP][PASSED] - setValueToCellByIndex(sheet01, n, 0, dashboardName): null

16-10-2024T09:08:10 - [TEST_STEP][PASSED] - setValueToCellByIndex(sheet01, n, 1, dZO): null

16-10-2024T09:08:10 - [TEST_STEP][PASSED] - setValueToCellByIndex(sheet01, n, 2, typeOfData): null

16-10-2024T09:08:10 - [TEST_STEP][PASSED] - if (typeOfData == "Факт в процентах" || typeOfData == "План в процентах"): null

16-10-2024T09:08:10 - [TEST_STEP][PASSED] - setValueToCellByIndex(sheet01, n, 3, fileDouble): null

16-10-2024T09:08:10 - [TEST_STEP][PASSED] - setValueToCellByIndex(sheet01, n, 4, pageDouble): null

16-10-2024T09:08:10 - [TEST_STEP][PASSED] - setValueToCellByIndex(sheet01, n, 5, m): null

16-10-2024T09:08:10 - [TEST_STEP][PASSED] - setValueToCellByIndex(sheet01, n, 6, y): null

16-10-2024T09:08:10 - [TEST_STEP][PASSED] - setValueToCellByIndex(sheet01, n, 7, todaysDate): null

16-10-2024T09:08:10 - [TEST_STEP][PASSED] - n = n + 1: null

16-10-2024T09:08:10 - [TEST_STEP][PASSED] - saveWorkbook(excelFilePath, workbook01): null

16-10-2024T09:08:10 - [TEST_STEP][PASSED] - file = findTestData("PlanFact").getValue(7, a): null

16-10-2024T09:08:10 - [TEST_STEP][PASSED] - file = file.replace(",", "."): null

16-10-2024T09:08:10 - [TEST_STEP][PASSED] - println("file Fact: " + file): null

16-10-2024T09:08:10 - [TEST_STEP][PASSED] - fileDouble = file.toDouble(): null

16-10-2024T09:08:10 - [TEST_STEP][PASSED] - typeOfData = "Факт в процентах": null

16-10-2024T09:08:10 - [TEST_STEP][PASSED] - fileDouble = file.toDouble(): null

16-10-2024T09:08:10 - [TEST_STEP][PASSED] - pageDouble = page2.toDouble(): null

16-10-2024T09:08:10 - [TEST_STEP][PASSED] - if (fileDouble != pageDouble): null

16-10-2024T09:08:10 - [TEST_STEP][PASSED] - numberOfErrors = numberOfErrors + 1: null

16-10-2024T09:08:10 - [TEST_STEP][PASSED] - Script1718980020443.WriteToExcel(a, typeOfData, todaysDate, pageInt, fileInt, pageDouble, fileDouble, dZO): null

16-10-2024T09:08:10 - [TEST_STEP][PASSED] - sheetName = "Sheet1": null

16-10-2024T09:08:10 - [TEST_STEP][PASSED] - data = findTestData("PlanFact"): null

16-10-2024T09:08:10 - [TEST_STEP][PASSED] - n = data.getRowNumbers() + 1: null

16-10-2024T09:08:10 - [TEST_STEP][PASSED] - year = todaysDate.substring(todaysDate.length() - 4, todaysDate.length()): null

16-10-2024T09:08:10 - [TEST_STEP][PASSED] - y = year.toInteger(): null

16-10-2024T09:08:10 - [TEST_STEP][PASSED] - m = getText(findTestObject("Выполнение бизнес-плана/Период")): Text of object 'Object Repository/Выполнение бизнес-плана/Период' is: '1, 2 кв., Июль, Август 2024 года'

16-10-2024T09:08:10 - [MESSAGE][PASSED] - Text of object 'Object Repository/Выполнение бизнес-плана/Период' is: '1, 2 кв., Июль, Август 2024 года'

16-10-2024T09:08:10 - [TEST_STEP][PASSED] - m = m.substring(0, m.indexOf("2024")): null

16-10-2024T09:08:10 - [TEST_STEP][PASSED] - m = m.trim(): null

16-10-2024T09:08:10 - [TEST_STEP][PASSED] - dashboardName = "Выполнение бизнес-плана": null

16-10-2024T09:08:10 - [TEST_STEP][PASSED] - workbook01 = getWorkbook(excelFilePath): null

16-10-2024T09:08:10 - [TEST_STEP][PASSED] - sheet01 = getExcelSheet(workbook01, sheetName): null

16-10-2024T09:08:10 - [TEST_STEP][PASSED] - setValueToCellByIndex(sheet01, n, 0, dashboardName): null

16-10-2024T09:08:10 - [TEST_STEP][PASSED] - setValueToCellByIndex(sheet01, n, 1, dZO): null

16-10-2024T09:08:10 - [TEST_STEP][PASSED] - setValueToCellByIndex(sheet01, n, 2, typeOfData): null

16-10-2024T09:08:10 - [TEST_STEP][PASSED] - if (typeOfData == "Факт в процентах" || typeOfData == "План в процентах"): null

16-10-2024T09:08:10 - [TEST_STEP][PASSED] - setValueToCellByIndex(sheet01, n, 3, fileDouble): null

16-10-2024T09:08:10 - [TEST_STEP][PASSED] - setValueToCellByIndex(sheet01, n, 4, pageDouble): null

16-10-2024T09:08:10 - [TEST_STEP][PASSED] - setValueToCellByIndex(sheet01, n, 5, m): null

16-10-2024T09:08:10 - [TEST_STEP][PASSED] - setValueToCellByIndex(sheet01, n, 6, y): null

16-10-2024T09:08:10 - [TEST_STEP][PASSED] - setValueToCellByIndex(sheet01, n, 7, todaysDate): null

16-10-2024T09:08:10 - [TEST_STEP][PASSED] - n = n + 1: null

16-10-2024T09:08:10 - [TEST_STEP][PASSED] - saveWorkbook(excelFilePath, workbook01): null

16-10-2024T09:08:11 - [TEST_STEP][FAILED] - if (verifyEqual(numberOfErrors, 0) == false): null

16-10-2024T09:08:11 - [MESSAGE][FAILED] - Unable to verify equal between actual object '6' and expected object '0' (Root cause: com.kms.katalon.core.exception.StepFailedException: Actual object '6' and expected object '0' are not equal
	at com.kms.katalon.core.keyword.builtin.VerifyEqualKeyword$_verifyEqual_closure1.doCall(VerifyEqualKeyword.groovy:58)
	at com.kms.katalon.core.keyword.builtin.VerifyEqualKeyword$_verifyEqual_closure1.call(VerifyEqualKeyword.groovy)
	at com.kms.katalon.core.keyword.internal.KeywordMain.runKeyword(KeywordMain.groovy:75)
	at com.kms.katalon.core.keyword.builtin.VerifyEqualKeyword.verifyEqual(VerifyEqualKeyword.groovy:63)
	at com.kms.katalon.core.keyword.builtin.VerifyEqualKeyword.execute(VerifyEqualKeyword.groovy:44)
	at com.kms.katalon.core.keyword.internal.KeywordExecutor.executeKeywordForPlatform(KeywordExecutor.groovy:74)
	at com.kms.katalon.core.keyword.BuiltinKeywords.verifyEqual(BuiltinKeywords.groovy:146)
	at jdk.internal.reflect.GeneratedMethodAccessor25.invoke(Unknown Source)
	at java.base/jdk.internal.reflect.DelegatingMethodAccessorImpl.invoke(DelegatingMethodAccessorImpl.java:43)
	at Выполнение бизнес-плана Сверка ПАО Россети все филиалы.Numbers(Выполнение бизнес-плана Сверка ПАО Россети все филиалы:749)
	at Выполнение бизнес-плана Сверка ПАО Россети все филиалы.Filials(Выполнение бизнес-плана Сверка ПАО Россети все филиалы:1622)
	at Выполнение бизнес-плана Сверка ПАО Россети все филиалы.Numbers(Выполнение бизнес-плана Сверка ПАО Россети все филиалы:754)
	at Выполнение бизнес-плана Сверка ПАО Россети все филиалы.run(Выполнение бизнес-плана Сверка ПАО Россети все филиалы:341)
	at com.kms.katalon.core.main.ScriptEngine.run(ScriptEngine.java:194)
	at com.kms.katalon.core.main.ScriptEngine.runScriptAsRawText(ScriptEngine.java:119)
	at com.kms.katalon.core.main.TestCaseExecutor.runScript(TestCaseExecutor.java:448)
	at com.kms.katalon.core.main.TestCaseExecutor.doExecute(TestCaseExecutor.java:439)
	at com.kms.katalon.core.main.TestCaseExecutor.processExecutionPhase(TestCaseExecutor.java:418)
	at com.kms.katalon.core.main.TestCaseExecutor.accessMainPhase(TestCaseExecutor.java:410)
	at com.kms.katalon.core.main.TestCaseExecutor.execute(TestCaseExecutor.java:285)
	at com.kms.katalon.core.common.CommonExecutor.accessTestCaseMainPhase(CommonExecutor.java:65)
	at com.kms.katalon.core.main.TestSuiteExecutor.accessTestSuiteMainPhase(TestSuiteExecutor.java:150)
	at com.kms.katalon.core.main.TestSuiteExecutor.execute(TestSuiteExecutor.java:106)
	at com.kms.katalon.core.main.TestCaseMain.startTestSuite(TestCaseMain.java:180)
	at TempTestSuite1729057289574.run(TempTestSuite1729057289574.groovy:35)
	at java.base/jdk.internal.reflect.NativeMethodAccessorImpl.invoke0(Native Method)
	at java.base/jdk.internal.reflect.NativeMethodAccessorImpl.invoke(NativeMethodAccessorImpl.java:77)
	at java.base/jdk.internal.reflect.DelegatingMethodAccessorImpl.invoke(DelegatingMethodAccessorImpl.java:43)
)

16-10-2024T09:08:11 - [TEST_STEP][PASSED] - println(numberOfErrors): null

16-10-2024T09:08:11 - [TEST_STEP][PASSED] - if (a == 28 || a == 77 || a == 74 || a == 65 || a == 36 || a == 44 || a == 54 || a == 1 || a == 18 || a == 59): null

16-10-2024T09:08:11 - [TEST_STEP][PASSED] - if (a == 82): null

16-10-2024T09:08:11 - [TEST_STEP][PASSED] - dZO = "Читаэнерго": null

16-10-2024T09:08:11 - [TEST_STEP][PASSED] - a = 51: null

16-10-2024T09:08:11 - [TEST_STEP][PASSED] - if (x2.contains(dZO)): null

16-10-2024T09:08:11 - [TEST_STEP][PASSED] - filialNum = filialNum + 1: null

16-10-2024T09:08:11 - [TEST_STEP][PASSED] - Script1718980020443.Numbers(a, typeOfData, todaysDate, pageInt, fileInt, pageDouble, fileDouble, dZO, dzoNum, filialNum): null

16-10-2024T09:08:11 - [TEST_STEP][PASSED] - println(dzoNum): null

16-10-2024T09:08:11 - [TEST_STEP][PASSED] - planFact = <not implemented yet for class: org.codehaus.groovy.ast.expr.EmptyExpression>: null

16-10-2024T09:08:11 - [TEST_STEP][PASSED] - page = <not implemented yet for class: org.codehaus.groovy.ast.expr.EmptyExpression>: null

16-10-2024T09:08:11 - [TEST_STEP][PASSED] - page1 = <not implemented yet for class: org.codehaus.groovy.ast.expr.EmptyExpression>: null

16-10-2024T09:08:11 - [TEST_STEP][PASSED] - page2 = <not implemented yet for class: org.codehaus.groovy.ast.expr.EmptyExpression>: null

16-10-2024T09:08:11 - [TEST_STEP][PASSED] - filialNumberInRow = <not implemented yet for class: org.codehaus.groovy.ast.expr.EmptyExpression>: null

16-10-2024T09:08:11 - [TEST_STEP][PASSED] - filialsDzoNames = <not implemented yet for class: org.codehaus.groovy.ast.expr.EmptyExpression>: null

16-10-2024T09:08:11 - [TEST_STEP][PASSED] - numberOfFilials = <not implemented yet for class: org.codehaus.groovy.ast.expr.EmptyExpression>: null

16-10-2024T09:08:11 - [TEST_STEP][PASSED] - numberOfSpaces = <not implemented yet for class: org.codehaus.groovy.ast.expr.EmptyExpression>: null

16-10-2024T09:08:11 - [TEST_STEP][PASSED] - file = <not implemented yet for class: org.codehaus.groovy.ast.expr.EmptyExpression>: null

16-10-2024T09:08:11 - [TEST_STEP][PASSED] - otpusk = <not implemented yet for class: org.codehaus.groovy.ast.expr.EmptyExpression>: null

16-10-2024T09:08:11 - [TEST_STEP][PASSED] - poteri = <not implemented yet for class: org.codehaus.groovy.ast.expr.EmptyExpression>: null

16-10-2024T09:08:11 - [TEST_STEP][PASSED] - dataFolder = "Выполнение бизнес-плана/Значения со страницы Выполнение бизнес-плана/": null

16-10-2024T09:08:11 - [TEST_STEP][PASSED] - path = <not implemented yet for class: org.codehaus.groovy.ast.expr.EmptyExpression>: null

16-10-2024T09:08:11 - [TEST_STEP][PASSED] - typeOfDataMain = <not implemented yet for class: org.codehaus.groovy.ast.expr.EmptyExpression>: null

16-10-2024T09:08:11 - [TEST_STEP][PASSED] - fileOtpuskVSet = <not implemented yet for class: org.codehaus.groovy.ast.expr.EmptyExpression>: null

16-10-2024T09:08:11 - [TEST_STEP][PASSED] - pageOtpuskVSet = <not implemented yet for class: org.codehaus.groovy.ast.expr.EmptyExpression>: null

16-10-2024T09:08:11 - [TEST_STEP][PASSED] - filePoteri = <not implemented yet for class: org.codehaus.groovy.ast.expr.EmptyExpression>: null

16-10-2024T09:08:11 - [TEST_STEP][PASSED] - pagePoteri = <not implemented yet for class: org.codehaus.groovy.ast.expr.EmptyExpression>: null

16-10-2024T09:08:11 - [TEST_STEP][PASSED] - compare = <not implemented yet for class: org.codehaus.groovy.ast.expr.EmptyExpression>: null

16-10-2024T09:08:11 - [TEST_STEP][PASSED] - b = <not implemented yet for class: org.codehaus.groovy.ast.expr.EmptyExpression>: null

16-10-2024T09:08:11 - [TEST_STEP][PASSED] - i = <not implemented yet for class: org.codehaus.groovy.ast.expr.EmptyExpression>: null

16-10-2024T09:08:11 - [TEST_STEP][PASSED] - ii = <not implemented yet for class: org.codehaus.groovy.ast.expr.EmptyExpression>: null

16-10-2024T09:08:11 - [TEST_STEP][PASSED] - c = <not implemented yet for class: org.codehaus.groovy.ast.expr.EmptyExpression>: null

16-10-2024T09:08:11 - [TEST_STEP][PASSED] - numberOfErrors = 0: null

16-10-2024T09:08:11 - [TEST_STEP][PASSED] - if (a == 82): null

16-10-2024T09:08:11 - [TEST_STEP][PASSED] - b = findTestData("PlanFact").getValue(1, a): null

16-10-2024T09:08:11 - [TEST_STEP][PASSED] - i = b.indexOf(" (ГК)"): null

16-10-2024T09:08:11 - [TEST_STEP][PASSED] - if (i > -1): null

16-10-2024T09:08:11 - [TEST_STEP][PASSED] - i = b.indexOf("О ""): null

16-10-2024T09:08:11 - [TEST_STEP][PASSED] - if (i > -1): null

16-10-2024T09:08:11 - [TEST_STEP][PASSED] - i = b.indexOf("О «"): null

16-10-2024T09:08:11 - [TEST_STEP][PASSED] - if (i > -1): null

16-10-2024T09:08:11 - [TEST_STEP][PASSED] - i = b.indexOf("г. "): null

16-10-2024T09:08:11 - [TEST_STEP][PASSED] - if (i > -1): null

16-10-2024T09:08:11 - [TEST_STEP][PASSED] - println(b): null

16-10-2024T09:08:11 - [TEST_STEP][PASSED] - for ([planFact = 1, planFact < 3, (planFact++)]): null

16-10-2024T09:08:11 - [TEST_STEP][PASSED] - if (planFact == 1): null

16-10-2024T09:08:11 - [TEST_STEP][PASSED] - typeOfDataMain = "Факт": null

16-10-2024T09:08:11 - [TEST_STEP][PASSED] - otpusk = findTestData("PlanFact").getValue(5, a): null

16-10-2024T09:08:11 - [TEST_STEP][PASSED] - poteri = findTestData("PlanFact").getValue(6, a): null

16-10-2024T09:08:11 - [TEST_STEP][PASSED] - otpusk = otpusk.replaceAll("\s+", ""): null

16-10-2024T09:08:11 - [TEST_STEP][PASSED] - poteri = poteri.replaceAll("\s+", ""): null

16-10-2024T09:08:11 - [TEST_STEP][PASSED] - typeOfData = typeOfDataMain + " Отпуск в сеть": null

16-10-2024T09:08:11 - [TEST_STEP][PASSED] - if (a == 82): null

16-10-2024T09:08:11 - [TEST_STEP][PASSED] - else if (a == 84): null

16-10-2024T09:08:11 - [TEST_STEP][PASSED] - else if (a == 52 || a == 72 || a == 28 || a == 73 || a == 77 || a == 74 || a == 65 || a == 36 || a == 44 || a == 53 || a == 80 || a == 54 || a == 1 || a == 18 || a == 59 || a == 81): null

16-10-2024T09:08:11 - [TEST_STEP][PASSED] - else: null

16-10-2024T09:08:11 - [TEST_STEP][PASSED] - path = dataFolder + typeOfData + " за отчётный период " + b: null

16-10-2024T09:08:11 - [TEST_STEP][PASSED] - println(path): null

16-10-2024T09:08:11 - [TEST_STEP][PASSED] - page = getText(findTestObject(path)): Text of object 'Object Repository/Выполнение бизнес-плана/Значения со страницы Выполнение бизнес-плана/Факт Отпуск в сеть за отчётный период Читаэнерго' is: '4 945 165'

16-10-2024T09:08:11 - [MESSAGE][PASSED] - Text of object 'Object Repository/Выполнение бизнес-плана/Значения со страницы Выполнение бизнес-плана/Факт Отпуск в сеть за отчётный период Читаэнерго' is: '4 945 165'

16-10-2024T09:08:11 - [TEST_STEP][PASSED] - page = page.replaceAll("\s+", ""): null

16-10-2024T09:08:11 - [TEST_STEP][PASSED] - fileOtpuskVSet = otpusk.toInteger(): null

16-10-2024T09:08:11 - [TEST_STEP][PASSED] - pageOtpuskVSet = page.toInteger(): null

16-10-2024T09:08:11 - [TEST_STEP][PASSED] - typeOfData = typeOfDataMain + " Потери": null

16-10-2024T09:08:11 - [TEST_STEP][PASSED] - if (a == 82): null

16-10-2024T09:08:11 - [TEST_STEP][PASSED] - else if (a == 84): null

16-10-2024T09:08:11 - [TEST_STEP][PASSED] - else if (a == 52 || a == 72 || a == 28 || a == 73 || a == 77 || a == 74 || a == 65 || a == 36 || a == 44 || a == 53 || a == 80 || a == 54 || a == 1 || a == 18 || a == 59 || a == 81): null

16-10-2024T09:08:11 - [TEST_STEP][PASSED] - else: null

16-10-2024T09:08:11 - [TEST_STEP][PASSED] - path = dataFolder + typeOfData + " за отчётный период " + b: null

16-10-2024T09:08:11 - [TEST_STEP][PASSED] - page = getText(findTestObject(path)): Text of object 'Object Repository/Выполнение бизнес-плана/Значения со страницы Выполнение бизнес-плана/Факт Потери за отчётный период Читаэнерго' is: '383 007'

16-10-2024T09:08:11 - [MESSAGE][PASSED] - Text of object 'Object Repository/Выполнение бизнес-плана/Значения со страницы Выполнение бизнес-плана/Факт Потери за отчётный период Читаэнерго' is: '383 007'

16-10-2024T09:08:11 - [TEST_STEP][PASSED] - page = page.replaceAll("\s+", ""): null

16-10-2024T09:08:11 - [TEST_STEP][PASSED] - filePoteri = poteri.toInteger(): null

16-10-2024T09:08:11 - [TEST_STEP][PASSED] - pagePoteri = page.toInteger(): null

16-10-2024T09:08:11 - [TEST_STEP][PASSED] - compare = pageOtpuskVSet: null

16-10-2024T09:08:11 - [TEST_STEP][PASSED] - if (compare == fileOtpuskVSet): null

16-10-2024T09:08:11 - [TEST_STEP][PASSED] - else if (compare > fileOtpuskVSet): null

16-10-2024T09:08:11 - [TEST_STEP][PASSED] - compare = compare - 1: null

16-10-2024T09:08:11 - [TEST_STEP][PASSED] - if (compare == fileOtpuskVSet): null

16-10-2024T09:08:11 - [TEST_STEP][PASSED] - else: null

16-10-2024T09:08:11 - [TEST_STEP][PASSED] - numberOfErrors = numberOfErrors + 1: null

16-10-2024T09:08:11 - [TEST_STEP][PASSED] - pageInt = pageOtpuskVSet: null

16-10-2024T09:08:11 - [TEST_STEP][PASSED] - fileInt = fileOtpuskVSet: null

16-10-2024T09:08:11 - [TEST_STEP][PASSED] - typeOfData = typeOfDataMain + " Отпуск в сеть": null

16-10-2024T09:08:11 - [TEST_STEP][PASSED] - Script1718980020443.WriteToExcel(a, typeOfData, todaysDate, pageInt, fileInt, pageDouble, fileDouble, dZO): null

16-10-2024T09:08:11 - [TEST_STEP][PASSED] - sheetName = "Sheet1": null

16-10-2024T09:08:11 - [TEST_STEP][PASSED] - data = findTestData("PlanFact"): null

16-10-2024T09:08:11 - [TEST_STEP][PASSED] - n = data.getRowNumbers() + 1: null

16-10-2024T09:08:11 - [TEST_STEP][PASSED] - year = todaysDate.substring(todaysDate.length() - 4, todaysDate.length()): null

16-10-2024T09:08:11 - [TEST_STEP][PASSED] - y = year.toInteger(): null

16-10-2024T09:08:11 - [TEST_STEP][PASSED] - m = getText(findTestObject("Выполнение бизнес-плана/Период")): Text of object 'Object Repository/Выполнение бизнес-плана/Период' is: '1, 2 кв., Июль, Август 2024 года'

16-10-2024T09:08:12 - [MESSAGE][PASSED] - Text of object 'Object Repository/Выполнение бизнес-плана/Период' is: '1, 2 кв., Июль, Август 2024 года'

16-10-2024T09:08:12 - [TEST_STEP][PASSED] - m = m.substring(0, m.indexOf("2024")): null

16-10-2024T09:08:12 - [TEST_STEP][PASSED] - m = m.trim(): null

16-10-2024T09:08:12 - [TEST_STEP][PASSED] - dashboardName = "Выполнение бизнес-плана": null

16-10-2024T09:08:12 - [TEST_STEP][PASSED] - workbook01 = getWorkbook(excelFilePath): null

16-10-2024T09:08:12 - [TEST_STEP][PASSED] - sheet01 = getExcelSheet(workbook01, sheetName): null

16-10-2024T09:08:12 - [TEST_STEP][PASSED] - setValueToCellByIndex(sheet01, n, 0, dashboardName): null

16-10-2024T09:08:12 - [TEST_STEP][PASSED] - setValueToCellByIndex(sheet01, n, 1, dZO): null

16-10-2024T09:08:12 - [TEST_STEP][PASSED] - setValueToCellByIndex(sheet01, n, 2, typeOfData): null

16-10-2024T09:08:12 - [TEST_STEP][PASSED] - if (typeOfData == "Факт в процентах" || typeOfData == "План в процентах"): null

16-10-2024T09:08:12 - [TEST_STEP][PASSED] - else: null

16-10-2024T09:08:12 - [TEST_STEP][PASSED] - setValueToCellByIndex(sheet01, n, 3, fileInt): null

16-10-2024T09:08:12 - [TEST_STEP][PASSED] - setValueToCellByIndex(sheet01, n, 4, pageInt): null

16-10-2024T09:08:12 - [TEST_STEP][PASSED] - setValueToCellByIndex(sheet01, n, 5, m): null

16-10-2024T09:08:12 - [TEST_STEP][PASSED] - setValueToCellByIndex(sheet01, n, 6, y): null

16-10-2024T09:08:12 - [TEST_STEP][PASSED] - setValueToCellByIndex(sheet01, n, 7, todaysDate): null

16-10-2024T09:08:12 - [TEST_STEP][PASSED] - n = n + 1: null

16-10-2024T09:08:12 - [TEST_STEP][PASSED] - saveWorkbook(excelFilePath, workbook01): null

16-10-2024T09:08:12 - [TEST_STEP][PASSED] - compare = pagePoteri: null

16-10-2024T09:08:12 - [TEST_STEP][PASSED] - if (compare == filePoteri): null

16-10-2024T09:08:12 - [TEST_STEP][PASSED] - else if (compare > filePoteri): null

16-10-2024T09:08:12 - [TEST_STEP][PASSED] - compare = compare - 1: null

16-10-2024T09:08:12 - [TEST_STEP][PASSED] - if (compare == filePoteri): null

16-10-2024T09:08:12 - [TEST_STEP][PASSED] - else: null

16-10-2024T09:08:12 - [TEST_STEP][PASSED] - numberOfErrors = numberOfErrors + 1: null

16-10-2024T09:08:12 - [TEST_STEP][PASSED] - pageInt = pagePoteri: null

16-10-2024T09:08:12 - [TEST_STEP][PASSED] - fileInt = filePoteri: null

16-10-2024T09:08:12 - [TEST_STEP][PASSED] - typeOfData = typeOfDataMain + " Потери": null

16-10-2024T09:08:12 - [TEST_STEP][PASSED] - Script1718980020443.WriteToExcel(a, typeOfData, todaysDate, pageInt, fileInt, pageDouble, fileDouble, dZO): null

16-10-2024T09:08:12 - [TEST_STEP][PASSED] - sheetName = "Sheet1": null

16-10-2024T09:08:12 - [TEST_STEP][PASSED] - data = findTestData("PlanFact"): null

16-10-2024T09:08:12 - [TEST_STEP][PASSED] - n = data.getRowNumbers() + 1: null

16-10-2024T09:08:12 - [TEST_STEP][PASSED] - year = todaysDate.substring(todaysDate.length() - 4, todaysDate.length()): null

16-10-2024T09:08:12 - [TEST_STEP][PASSED] - y = year.toInteger(): null

16-10-2024T09:08:12 - [TEST_STEP][PASSED] - m = getText(findTestObject("Выполнение бизнес-плана/Период")): Text of object 'Object Repository/Выполнение бизнес-плана/Период' is: '1, 2 кв., Июль, Август 2024 года'

16-10-2024T09:08:12 - [MESSAGE][PASSED] - Text of object 'Object Repository/Выполнение бизнес-плана/Период' is: '1, 2 кв., Июль, Август 2024 года'

16-10-2024T09:08:12 - [TEST_STEP][PASSED] - m = m.substring(0, m.indexOf("2024")): null

16-10-2024T09:08:12 - [TEST_STEP][PASSED] - m = m.trim(): null

16-10-2024T09:08:12 - [TEST_STEP][PASSED] - dashboardName = "Выполнение бизнес-плана": null

16-10-2024T09:08:12 - [TEST_STEP][PASSED] - workbook01 = getWorkbook(excelFilePath): null

16-10-2024T09:08:12 - [TEST_STEP][PASSED] - sheet01 = getExcelSheet(workbook01, sheetName): null

16-10-2024T09:08:12 - [TEST_STEP][PASSED] - setValueToCellByIndex(sheet01, n, 0, dashboardName): null

16-10-2024T09:08:12 - [TEST_STEP][PASSED] - setValueToCellByIndex(sheet01, n, 1, dZO): null

16-10-2024T09:08:12 - [TEST_STEP][PASSED] - setValueToCellByIndex(sheet01, n, 2, typeOfData): null

16-10-2024T09:08:12 - [TEST_STEP][PASSED] - if (typeOfData == "Факт в процентах" || typeOfData == "План в процентах"): null

16-10-2024T09:08:12 - [TEST_STEP][PASSED] - else: null

16-10-2024T09:08:12 - [TEST_STEP][PASSED] - setValueToCellByIndex(sheet01, n, 3, fileInt): null

16-10-2024T09:08:12 - [TEST_STEP][PASSED] - setValueToCellByIndex(sheet01, n, 4, pageInt): null

16-10-2024T09:08:12 - [TEST_STEP][PASSED] - setValueToCellByIndex(sheet01, n, 5, m): null

16-10-2024T09:08:12 - [TEST_STEP][PASSED] - setValueToCellByIndex(sheet01, n, 6, y): null

16-10-2024T09:08:12 - [TEST_STEP][PASSED] - setValueToCellByIndex(sheet01, n, 7, todaysDate): null

16-10-2024T09:08:12 - [TEST_STEP][PASSED] - n = n + 1: null

16-10-2024T09:08:12 - [TEST_STEP][PASSED] - saveWorkbook(excelFilePath, workbook01): null

16-10-2024T09:08:13 - [TEST_STEP][PASSED] - if (planFact == 2): null

16-10-2024T09:08:13 - [TEST_STEP][PASSED] - if (planFact == 1): null

16-10-2024T09:08:13 - [TEST_STEP][PASSED] - else if (planFact == 2): null

16-10-2024T09:08:13 - [TEST_STEP][PASSED] - click(findTestObject("Выполнение бизнес-плана/Кнопка План")): Object: 'Object Repository/Выполнение бизнес-плана/Кнопка План' is clicked on

16-10-2024T09:08:13 - [MESSAGE][PASSED] - Object: 'Object Repository/Выполнение бизнес-плана/Кнопка План' is clicked on

16-10-2024T09:08:13 - [TEST_STEP][PASSED] - typeOfDataMain = "План": null

16-10-2024T09:08:13 - [TEST_STEP][PASSED] - otpusk = findTestData("PlanFact").getValue(2, a): null

16-10-2024T09:08:13 - [TEST_STEP][PASSED] - poteri = findTestData("PlanFact").getValue(3, a): null

16-10-2024T09:08:13 - [TEST_STEP][PASSED] - otpusk = otpusk.replaceAll("\s+", ""): null

16-10-2024T09:08:13 - [TEST_STEP][PASSED] - poteri = poteri.replaceAll("\s+", ""): null

16-10-2024T09:08:13 - [TEST_STEP][PASSED] - typeOfData = typeOfDataMain + " Отпуск в сеть": null

16-10-2024T09:08:13 - [TEST_STEP][PASSED] - if (a == 82): null

16-10-2024T09:08:13 - [TEST_STEP][PASSED] - else if (a == 84): null

16-10-2024T09:08:13 - [TEST_STEP][PASSED] - else if (a == 52 || a == 72 || a == 28 || a == 73 || a == 77 || a == 74 || a == 65 || a == 36 || a == 44 || a == 53 || a == 80 || a == 54 || a == 1 || a == 18 || a == 59 || a == 81): null

16-10-2024T09:08:13 - [TEST_STEP][PASSED] - else: null

16-10-2024T09:08:13 - [TEST_STEP][PASSED] - path = dataFolder + typeOfData + " за отчётный период " + b: null

16-10-2024T09:08:13 - [TEST_STEP][PASSED] - println(path): null

16-10-2024T09:08:13 - [TEST_STEP][PASSED] - page = getText(findTestObject(path)): Text of object 'Object Repository/Выполнение бизнес-плана/Значения со страницы Выполнение бизнес-плана/План Отпуск в сеть за отчётный период Читаэнерго' is: '4 961 164'

16-10-2024T09:08:13 - [MESSAGE][PASSED] - Text of object 'Object Repository/Выполнение бизнес-плана/Значения со страницы Выполнение бизнес-плана/План Отпуск в сеть за отчётный период Читаэнерго' is: '4 961 164'

16-10-2024T09:08:13 - [TEST_STEP][PASSED] - page = page.replaceAll("\s+", ""): null

16-10-2024T09:08:13 - [TEST_STEP][PASSED] - fileOtpuskVSet = otpusk.toInteger(): null

16-10-2024T09:08:13 - [TEST_STEP][PASSED] - pageOtpuskVSet = page.toInteger(): null

16-10-2024T09:08:13 - [TEST_STEP][PASSED] - typeOfData = typeOfDataMain + " Потери": null

16-10-2024T09:08:13 - [TEST_STEP][PASSED] - if (a == 82): null

16-10-2024T09:08:13 - [TEST_STEP][PASSED] - else if (a == 84): null

16-10-2024T09:08:13 - [TEST_STEP][PASSED] - else if (a == 52 || a == 72 || a == 28 || a == 73 || a == 77 || a == 74 || a == 65 || a == 36 || a == 44 || a == 53 || a == 80 || a == 54 || a == 1 || a == 18 || a == 59 || a == 81): null

16-10-2024T09:08:13 - [TEST_STEP][PASSED] - else: null

16-10-2024T09:08:13 - [TEST_STEP][PASSED] - path = dataFolder + typeOfData + " за отчётный период " + b: null

16-10-2024T09:08:13 - [TEST_STEP][PASSED] - page = getText(findTestObject(path)): Text of object 'Object Repository/Выполнение бизнес-плана/Значения со страницы Выполнение бизнес-плана/План Потери за отчётный период Читаэнерго' is: '384 623'

16-10-2024T09:08:14 - [MESSAGE][PASSED] - Text of object 'Object Repository/Выполнение бизнес-плана/Значения со страницы Выполнение бизнес-плана/План Потери за отчётный период Читаэнерго' is: '384 623'

16-10-2024T09:08:14 - [TEST_STEP][PASSED] - page = page.replaceAll("\s+", ""): null

16-10-2024T09:08:14 - [TEST_STEP][PASSED] - filePoteri = poteri.toInteger(): null

16-10-2024T09:08:14 - [TEST_STEP][PASSED] - pagePoteri = page.toInteger(): null

16-10-2024T09:08:14 - [TEST_STEP][PASSED] - compare = pageOtpuskVSet: null

16-10-2024T09:08:14 - [TEST_STEP][PASSED] - if (compare == fileOtpuskVSet): null

16-10-2024T09:08:14 - [TEST_STEP][PASSED] - else if (compare > fileOtpuskVSet): null

16-10-2024T09:08:14 - [TEST_STEP][PASSED] - compare = compare - 1: null

16-10-2024T09:08:14 - [TEST_STEP][PASSED] - if (compare == fileOtpuskVSet): null

16-10-2024T09:08:14 - [TEST_STEP][PASSED] - else: null

16-10-2024T09:08:14 - [TEST_STEP][PASSED] - numberOfErrors = numberOfErrors + 1: null

16-10-2024T09:08:14 - [TEST_STEP][PASSED] - pageInt = pageOtpuskVSet: null

16-10-2024T09:08:14 - [TEST_STEP][PASSED] - fileInt = fileOtpuskVSet: null

16-10-2024T09:08:14 - [TEST_STEP][PASSED] - typeOfData = typeOfDataMain + " Отпуск в сеть": null

16-10-2024T09:08:14 - [TEST_STEP][PASSED] - Script1718980020443.WriteToExcel(a, typeOfData, todaysDate, pageInt, fileInt, pageDouble, fileDouble, dZO): null

16-10-2024T09:08:14 - [TEST_STEP][PASSED] - sheetName = "Sheet1": null

16-10-2024T09:08:14 - [TEST_STEP][PASSED] - data = findTestData("PlanFact"): null

16-10-2024T09:08:14 - [TEST_STEP][PASSED] - n = data.getRowNumbers() + 1: null

16-10-2024T09:08:14 - [TEST_STEP][PASSED] - year = todaysDate.substring(todaysDate.length() - 4, todaysDate.length()): null

16-10-2024T09:08:14 - [TEST_STEP][PASSED] - y = year.toInteger(): null

16-10-2024T09:08:14 - [TEST_STEP][PASSED] - m = getText(findTestObject("Выполнение бизнес-плана/Период")): Text of object 'Object Repository/Выполнение бизнес-плана/Период' is: '1, 2 кв., Июль, Август 2024 года'

16-10-2024T09:08:14 - [MESSAGE][PASSED] - Text of object 'Object Repository/Выполнение бизнес-плана/Период' is: '1, 2 кв., Июль, Август 2024 года'

16-10-2024T09:08:14 - [TEST_STEP][PASSED] - m = m.substring(0, m.indexOf("2024")): null

16-10-2024T09:08:14 - [TEST_STEP][PASSED] - m = m.trim(): null

16-10-2024T09:08:14 - [TEST_STEP][PASSED] - dashboardName = "Выполнение бизнес-плана": null

16-10-2024T09:08:14 - [TEST_STEP][PASSED] - workbook01 = getWorkbook(excelFilePath): null

16-10-2024T09:08:14 - [TEST_STEP][PASSED] - sheet01 = getExcelSheet(workbook01, sheetName): null

16-10-2024T09:08:14 - [TEST_STEP][PASSED] - setValueToCellByIndex(sheet01, n, 0, dashboardName): null

16-10-2024T09:08:14 - [TEST_STEP][PASSED] - setValueToCellByIndex(sheet01, n, 1, dZO): null

16-10-2024T09:08:14 - [TEST_STEP][PASSED] - setValueToCellByIndex(sheet01, n, 2, typeOfData): null

16-10-2024T09:08:14 - [TEST_STEP][PASSED] - if (typeOfData == "Факт в процентах" || typeOfData == "План в процентах"): null

16-10-2024T09:08:14 - [TEST_STEP][PASSED] - else: null

16-10-2024T09:08:14 - [TEST_STEP][PASSED] - setValueToCellByIndex(sheet01, n, 3, fileInt): null

16-10-2024T09:08:14 - [TEST_STEP][PASSED] - setValueToCellByIndex(sheet01, n, 4, pageInt): null

16-10-2024T09:08:14 - [TEST_STEP][PASSED] - setValueToCellByIndex(sheet01, n, 5, m): null

16-10-2024T09:08:14 - [TEST_STEP][PASSED] - setValueToCellByIndex(sheet01, n, 6, y): null

16-10-2024T09:08:14 - [TEST_STEP][PASSED] - setValueToCellByIndex(sheet01, n, 7, todaysDate): null

16-10-2024T09:08:14 - [TEST_STEP][PASSED] - n = n + 1: null

16-10-2024T09:08:14 - [TEST_STEP][PASSED] - saveWorkbook(excelFilePath, workbook01): null

16-10-2024T09:08:14 - [TEST_STEP][PASSED] - compare = pagePoteri: null

16-10-2024T09:08:14 - [TEST_STEP][PASSED] - if (compare == filePoteri): null

16-10-2024T09:08:14 - [TEST_STEP][PASSED] - else if (compare > filePoteri): null

16-10-2024T09:08:14 - [TEST_STEP][PASSED] - compare = compare - 1: null

16-10-2024T09:08:14 - [TEST_STEP][PASSED] - if (compare == filePoteri): null

16-10-2024T09:08:14 - [TEST_STEP][PASSED] - else: null

16-10-2024T09:08:14 - [TEST_STEP][PASSED] - numberOfErrors = numberOfErrors + 1: null

16-10-2024T09:08:14 - [TEST_STEP][PASSED] - pageInt = pagePoteri: null

16-10-2024T09:08:14 - [TEST_STEP][PASSED] - fileInt = filePoteri: null

16-10-2024T09:08:14 - [TEST_STEP][PASSED] - typeOfData = typeOfDataMain + " Потери": null

16-10-2024T09:08:14 - [TEST_STEP][PASSED] - Script1718980020443.WriteToExcel(a, typeOfData, todaysDate, pageInt, fileInt, pageDouble, fileDouble, dZO): null

16-10-2024T09:08:14 - [TEST_STEP][PASSED] - sheetName = "Sheet1": null

16-10-2024T09:08:14 - [TEST_STEP][PASSED] - data = findTestData("PlanFact"): null

16-10-2024T09:08:14 - [TEST_STEP][PASSED] - n = data.getRowNumbers() + 1: null

16-10-2024T09:08:14 - [TEST_STEP][PASSED] - year = todaysDate.substring(todaysDate.length() - 4, todaysDate.length()): null

16-10-2024T09:08:14 - [TEST_STEP][PASSED] - y = year.toInteger(): null

16-10-2024T09:08:14 - [TEST_STEP][PASSED] - m = getText(findTestObject("Выполнение бизнес-плана/Период")): Text of object 'Object Repository/Выполнение бизнес-плана/Период' is: '1, 2 кв., Июль, Август 2024 года'

16-10-2024T09:08:15 - [MESSAGE][PASSED] - Text of object 'Object Repository/Выполнение бизнес-плана/Период' is: '1, 2 кв., Июль, Август 2024 года'

16-10-2024T09:08:15 - [TEST_STEP][PASSED] - m = m.substring(0, m.indexOf("2024")): null

16-10-2024T09:08:15 - [TEST_STEP][PASSED] - m = m.trim(): null

16-10-2024T09:08:15 - [TEST_STEP][PASSED] - dashboardName = "Выполнение бизнес-плана": null

16-10-2024T09:08:15 - [TEST_STEP][PASSED] - workbook01 = getWorkbook(excelFilePath): null

16-10-2024T09:08:15 - [TEST_STEP][PASSED] - sheet01 = getExcelSheet(workbook01, sheetName): null

16-10-2024T09:08:15 - [TEST_STEP][PASSED] - setValueToCellByIndex(sheet01, n, 0, dashboardName): null

16-10-2024T09:08:15 - [TEST_STEP][PASSED] - setValueToCellByIndex(sheet01, n, 1, dZO): null

16-10-2024T09:08:15 - [TEST_STEP][PASSED] - setValueToCellByIndex(sheet01, n, 2, typeOfData): null

16-10-2024T09:08:15 - [TEST_STEP][PASSED] - if (typeOfData == "Факт в процентах" || typeOfData == "План в процентах"): null

16-10-2024T09:08:15 - [TEST_STEP][PASSED] - else: null

16-10-2024T09:08:15 - [TEST_STEP][PASSED] - setValueToCellByIndex(sheet01, n, 3, fileInt): null

16-10-2024T09:08:15 - [TEST_STEP][PASSED] - setValueToCellByIndex(sheet01, n, 4, pageInt): null

16-10-2024T09:08:15 - [TEST_STEP][PASSED] - setValueToCellByIndex(sheet01, n, 5, m): null

16-10-2024T09:08:15 - [TEST_STEP][PASSED] - setValueToCellByIndex(sheet01, n, 6, y): null

16-10-2024T09:08:15 - [TEST_STEP][PASSED] - setValueToCellByIndex(sheet01, n, 7, todaysDate): null

16-10-2024T09:08:15 - [TEST_STEP][PASSED] - n = n + 1: null

16-10-2024T09:08:15 - [TEST_STEP][PASSED] - saveWorkbook(excelFilePath, workbook01): Object: 'Object Repository/Выполнение бизнес-плана/Кнопка Факт' is clicked on

16-10-2024T09:08:15 - [TEST_STEP][PASSED] - if (planFact == 2): Object: 'Object Repository/Выполнение бизнес-плана/Кнопка Факт' is clicked on

16-10-2024T09:08:15 - [TEST_STEP][PASSED] - click(findTestObject("Выполнение бизнес-плана/Кнопка Факт")): Object: 'Object Repository/Выполнение бизнес-плана/Кнопка Факт' is clicked on

16-10-2024T09:08:15 - [MESSAGE][PASSED] - Object: 'Object Repository/Выполнение бизнес-плана/Кнопка Факт' is clicked on

16-10-2024T09:08:15 - [TEST_STEP][PASSED] - if (a == 84 || a == 82): null

16-10-2024T09:08:15 - [TEST_STEP][PASSED] - else if (a == 52 || a == 72 || a == 28 || a == 73 || a == 77 || a == 74 || a == 65 || a == 36 || a == 44 || a == 53 || a == 80 || a == 54 || a == 1 || a == 18 || a == 59 || a == 81): null

16-10-2024T09:08:15 - [TEST_STEP][PASSED] - else: null

16-10-2024T09:08:15 - [TEST_STEP][PASSED] - page1 = getText(findTestObject("Object Repository/Выполнение бизнес-плана/spanPlan" + filialNum)): Text of object 'Object Repository/Выполнение бизнес-плана/spanPlan7' is: '7.75
|'

16-10-2024T09:08:16 - [MESSAGE][PASSED] - Text of object 'Object Repository/Выполнение бизнес-плана/spanPlan7' is: '7.75
|'

16-10-2024T09:08:16 - [TEST_STEP][PASSED] - page1 = page1.replace("|", ""): null

16-10-2024T09:08:16 - [TEST_STEP][PASSED] - page2 = getText(findTestObject("Object Repository/Выполнение бизнес-плана/spanFact" + filialNum)): Text of object 'Object Repository/Выполнение бизнес-плана/spanFact7' is: '7.75
|'

16-10-2024T09:08:16 - [MESSAGE][PASSED] - Text of object 'Object Repository/Выполнение бизнес-плана/spanFact7' is: '7.75
|'

16-10-2024T09:08:16 - [TEST_STEP][PASSED] - page2 = page2.replace("|", ""): null

16-10-2024T09:08:16 - [TEST_STEP][PASSED] - println("page1: " + page1): null

16-10-2024T09:08:16 - [TEST_STEP][PASSED] - println("page2: " + page2): null

16-10-2024T09:08:16 - [TEST_STEP][PASSED] - file = findTestData("PlanFact").getValue(4, a): null

16-10-2024T09:08:16 - [TEST_STEP][PASSED] - file = file.replace(",", "."): null

16-10-2024T09:08:16 - [TEST_STEP][PASSED] - println("file Plan: " + file): null

16-10-2024T09:08:16 - [TEST_STEP][PASSED] - typeOfData = "План в процентах": null

16-10-2024T09:08:16 - [TEST_STEP][PASSED] - fileDouble = file.toDouble(): null

16-10-2024T09:08:16 - [TEST_STEP][PASSED] - pageDouble = page1.toDouble(): null

16-10-2024T09:08:16 - [TEST_STEP][PASSED] - if (fileDouble != pageDouble): null

16-10-2024T09:08:16 - [TEST_STEP][PASSED] - file = findTestData("PlanFact").getValue(7, a): null

16-10-2024T09:08:16 - [TEST_STEP][PASSED] - file = file.replace(",", "."): null

16-10-2024T09:08:16 - [TEST_STEP][PASSED] - println("file Fact: " + file): null

16-10-2024T09:08:16 - [TEST_STEP][PASSED] - fileDouble = file.toDouble(): null

16-10-2024T09:08:16 - [TEST_STEP][PASSED] - typeOfData = "Факт в процентах": null

16-10-2024T09:08:16 - [TEST_STEP][PASSED] - fileDouble = file.toDouble(): null

16-10-2024T09:08:16 - [TEST_STEP][PASSED] - pageDouble = page2.toDouble(): null

16-10-2024T09:08:16 - [TEST_STEP][PASSED] - if (fileDouble != pageDouble): null

16-10-2024T09:08:16 - [TEST_STEP][PASSED] - numberOfErrors = numberOfErrors + 1: null

16-10-2024T09:08:16 - [TEST_STEP][PASSED] - Script1718980020443.WriteToExcel(a, typeOfData, todaysDate, pageInt, fileInt, pageDouble, fileDouble, dZO): null

16-10-2024T09:08:16 - [TEST_STEP][PASSED] - sheetName = "Sheet1": null

16-10-2024T09:08:16 - [TEST_STEP][PASSED] - data = findTestData("PlanFact"): null

16-10-2024T09:08:16 - [TEST_STEP][PASSED] - n = data.getRowNumbers() + 1: null

16-10-2024T09:08:16 - [TEST_STEP][PASSED] - year = todaysDate.substring(todaysDate.length() - 4, todaysDate.length()): null

16-10-2024T09:08:16 - [TEST_STEP][PASSED] - y = year.toInteger(): null

16-10-2024T09:08:16 - [TEST_STEP][PASSED] - m = getText(findTestObject("Выполнение бизнес-плана/Период")): Text of object 'Object Repository/Выполнение бизнес-плана/Период' is: '1, 2 кв., Июль, Август 2024 года'

16-10-2024T09:08:16 - [MESSAGE][PASSED] - Text of object 'Object Repository/Выполнение бизнес-плана/Период' is: '1, 2 кв., Июль, Август 2024 года'

16-10-2024T09:08:16 - [TEST_STEP][PASSED] - m = m.substring(0, m.indexOf("2024")): null

16-10-2024T09:08:16 - [TEST_STEP][PASSED] - m = m.trim(): null

16-10-2024T09:08:16 - [TEST_STEP][PASSED] - dashboardName = "Выполнение бизнес-плана": null

16-10-2024T09:08:16 - [TEST_STEP][PASSED] - workbook01 = getWorkbook(excelFilePath): null

16-10-2024T09:08:16 - [TEST_STEP][PASSED] - sheet01 = getExcelSheet(workbook01, sheetName): null

16-10-2024T09:08:16 - [TEST_STEP][PASSED] - setValueToCellByIndex(sheet01, n, 0, dashboardName): null

16-10-2024T09:08:16 - [TEST_STEP][PASSED] - setValueToCellByIndex(sheet01, n, 1, dZO): null

16-10-2024T09:08:16 - [TEST_STEP][PASSED] - setValueToCellByIndex(sheet01, n, 2, typeOfData): null

16-10-2024T09:08:16 - [TEST_STEP][PASSED] - if (typeOfData == "Факт в процентах" || typeOfData == "План в процентах"): null

16-10-2024T09:08:16 - [TEST_STEP][PASSED] - setValueToCellByIndex(sheet01, n, 3, fileDouble): null

16-10-2024T09:08:16 - [TEST_STEP][PASSED] - setValueToCellByIndex(sheet01, n, 4, pageDouble): null

16-10-2024T09:08:16 - [TEST_STEP][PASSED] - setValueToCellByIndex(sheet01, n, 5, m): null

16-10-2024T09:08:16 - [TEST_STEP][PASSED] - setValueToCellByIndex(sheet01, n, 6, y): null

16-10-2024T09:08:16 - [TEST_STEP][PASSED] - setValueToCellByIndex(sheet01, n, 7, todaysDate): null

16-10-2024T09:08:16 - [TEST_STEP][PASSED] - n = n + 1: null

16-10-2024T09:08:16 - [TEST_STEP][PASSED] - saveWorkbook(excelFilePath, workbook01): null

16-10-2024T09:08:17 - [TEST_STEP][FAILED] - if (verifyEqual(numberOfErrors, 0) == false): null

16-10-2024T09:08:17 - [MESSAGE][FAILED] - Unable to verify equal between actual object '5' and expected object '0' (Root cause: com.kms.katalon.core.exception.StepFailedException: Actual object '5' and expected object '0' are not equal
	at com.kms.katalon.core.keyword.builtin.VerifyEqualKeyword$_verifyEqual_closure1.doCall(VerifyEqualKeyword.groovy:58)
	at com.kms.katalon.core.keyword.builtin.VerifyEqualKeyword$_verifyEqual_closure1.call(VerifyEqualKeyword.groovy)
	at com.kms.katalon.core.keyword.internal.KeywordMain.runKeyword(KeywordMain.groovy:75)
	at com.kms.katalon.core.keyword.builtin.VerifyEqualKeyword.verifyEqual(VerifyEqualKeyword.groovy:63)
	at com.kms.katalon.core.keyword.builtin.VerifyEqualKeyword.execute(VerifyEqualKeyword.groovy:44)
	at com.kms.katalon.core.keyword.internal.KeywordExecutor.executeKeywordForPlatform(KeywordExecutor.groovy:74)
	at com.kms.katalon.core.keyword.BuiltinKeywords.verifyEqual(BuiltinKeywords.groovy:146)
	at jdk.internal.reflect.GeneratedMethodAccessor25.invoke(Unknown Source)
	at java.base/jdk.internal.reflect.DelegatingMethodAccessorImpl.invoke(DelegatingMethodAccessorImpl.java:43)
	at Выполнение бизнес-плана Сверка ПАО Россети все филиалы.Numbers(Выполнение бизнес-плана Сверка ПАО Россети все филиалы:749)
	at Выполнение бизнес-плана Сверка ПАО Россети все филиалы.Filials(Выполнение бизнес-плана Сверка ПАО Россети все филиалы:1634)
	at Выполнение бизнес-плана Сверка ПАО Россети все филиалы.Numbers(Выполнение бизнес-плана Сверка ПАО Россети все филиалы:754)
	at Выполнение бизнес-плана Сверка ПАО Россети все филиалы.run(Выполнение бизнес-плана Сверка ПАО Россети все филиалы:341)
	at com.kms.katalon.core.main.ScriptEngine.run(ScriptEngine.java:194)
	at com.kms.katalon.core.main.ScriptEngine.runScriptAsRawText(ScriptEngine.java:119)
	at com.kms.katalon.core.main.TestCaseExecutor.runScript(TestCaseExecutor.java:448)
	at com.kms.katalon.core.main.TestCaseExecutor.doExecute(TestCaseExecutor.java:439)
	at com.kms.katalon.core.main.TestCaseExecutor.processExecutionPhase(TestCaseExecutor.java:418)
	at com.kms.katalon.core.main.TestCaseExecutor.accessMainPhase(TestCaseExecutor.java:410)
	at com.kms.katalon.core.main.TestCaseExecutor.execute(TestCaseExecutor.java:285)
	at com.kms.katalon.core.common.CommonExecutor.accessTestCaseMainPhase(CommonExecutor.java:65)
	at com.kms.katalon.core.main.TestSuiteExecutor.accessTestSuiteMainPhase(TestSuiteExecutor.java:150)
	at com.kms.katalon.core.main.TestSuiteExecutor.execute(TestSuiteExecutor.java:106)
	at com.kms.katalon.core.main.TestCaseMain.startTestSuite(TestCaseMain.java:180)
	at TempTestSuite1729057289574.run(TempTestSuite1729057289574.groovy:35)
	at java.base/jdk.internal.reflect.NativeMethodAccessorImpl.invoke0(Native Method)
	at java.base/jdk.internal.reflect.NativeMethodAccessorImpl.invoke(NativeMethodAccessorImpl.java:77)
	at java.base/jdk.internal.reflect.DelegatingMethodAccessorImpl.invoke(DelegatingMethodAccessorImpl.java:43)
)

16-10-2024T09:08:17 - [TEST_STEP][PASSED] - println(numberOfErrors): null

16-10-2024T09:08:17 - [TEST_STEP][PASSED] - if (a == 28 || a == 77 || a == 74 || a == 65 || a == 36 || a == 44 || a == 54 || a == 1 || a == 18 || a == 59): null

16-10-2024T09:08:17 - [TEST_STEP][PASSED] - if (a == 82): null

16-10-2024T09:08:17 - [TEST_STEP][PASSED] - filialNum = 0: null

16-10-2024T09:08:17 - [TEST_STEP][PASSED] - if (a == 54): null

16-10-2024T09:08:17 - [TEST_STEP][PASSED] - if (a == 59): null

16-10-2024T09:08:17 - [TEST_STEP][PASSED] - Script1718980020443.OpenFilter(): null

16-10-2024T09:08:17 - [TEST_STEP][PASSED] - click(findTestObject("Object Repository/Выполнение бизнес-плана/Фильтр ДЗО")): Object: 'Object Repository/Выполнение бизнес-плана/Фильтр ДЗО' is clicked on

16-10-2024T09:08:17 - [MESSAGE][PASSED] - Object: 'Object Repository/Выполнение бизнес-плана/Фильтр ДЗО' is clicked on

16-10-2024T09:08:17 - [TEST_STEP][PASSED] - click(findTestObject("Выполнение бизнес-плана/Снять выделение в фильтре ДЗО")): Object: 'Object Repository/Выполнение бизнес-плана/Снять выделение в фильтре ДЗО' is clicked on

16-10-2024T09:08:18 - [MESSAGE][PASSED] - Object: 'Object Repository/Выполнение бизнес-плана/Снять выделение в фильтре ДЗО' is clicked on

16-10-2024T09:08:18 - [TEST_STEP][PASSED] - Script1718980020443.CloseFilter(): null

16-10-2024T09:08:18 - [TEST_STEP][PASSED] - scrollToElement(findTestObject("Выполнение бизнес-плана/Заголовок дашборда"), 30): Scroll to object 'Object Repository/Выполнение бизнес-плана/Заголовок дашборда' successfully

16-10-2024T09:08:18 - [MESSAGE][PASSED] - Scroll to object 'Object Repository/Выполнение бизнес-плана/Заголовок дашборда' successfully

16-10-2024T09:08:18 - [TEST_STEP][PASSED] - click(findTestObject("Object Repository/Выполнение бизнес-плана/Применить в фильтре ДЗО")): Object: 'Object Repository/Выполнение бизнес-плана/Применить в фильтре ДЗО' is clicked on

16-10-2024T09:08:19 - [MESSAGE][PASSED] - Object: 'Object Repository/Выполнение бизнес-плана/Применить в фильтре ДЗО' is clicked on

16-10-2024T09:08:19 - [TEST_STEP][PASSED] - if (a == 82): null

16-10-2024T09:08:19 - [TEST_STEP][PASSED] - println(dzoNum): null

16-10-2024T09:08:19 - [TEST_STEP][PASSED] - dZO = "Россети Томск": null

16-10-2024T09:08:19 - [TEST_STEP][PASSED] - a = 53: null

16-10-2024T09:08:19 - [TEST_STEP][PASSED] - if (x1.contains(dZO)): null

16-10-2024T09:08:19 - [TEST_STEP][PASSED] - else: null

16-10-2024T09:08:19 - [TEST_STEP][PASSED] - Script1718980020443.NoData(a, typeOfData, todaysDate, fileInt, fileDouble, dZO): null

16-10-2024T09:08:19 - [TEST_STEP][PASSED] - println(a): null

16-10-2024T09:08:19 - [TEST_STEP][PASSED] - println(todaysDate): null

16-10-2024T09:08:19 - [TEST_STEP][PASSED] - println(fileInt): null

16-10-2024T09:08:19 - [TEST_STEP][PASSED] - println(fileDouble): null

16-10-2024T09:08:19 - [TEST_STEP][PASSED] - println(dZO): null

16-10-2024T09:08:19 - [TEST_STEP][PASSED] - typeOfData = "Факт Отпуск в сеть": null

16-10-2024T09:08:19 - [TEST_STEP][PASSED] - fileInt = replaceAll("\s+", "").toInteger(): null

16-10-2024T09:08:19 - [TEST_STEP][PASSED] - Script1718980020443.WriteToExcelNoData(a, typeOfData, todaysDate, fileInt, fileDouble, dZO): null

16-10-2024T09:08:19 - [TEST_STEP][PASSED] - sheetName = "Sheet1": null

16-10-2024T09:08:19 - [TEST_STEP][PASSED] - data = findTestData("PlanFact"): null

16-10-2024T09:08:19 - [TEST_STEP][PASSED] - n = data.getRowNumbers() + 1: null

16-10-2024T09:08:19 - [TEST_STEP][PASSED] - year = todaysDate.substring(todaysDate.length() - 4, todaysDate.length()): null

16-10-2024T09:08:19 - [TEST_STEP][PASSED] - y = year.toInteger(): null

16-10-2024T09:08:19 - [TEST_STEP][PASSED] - m = getText(findTestObject("Выполнение бизнес-плана/Период")): Text of object 'Object Repository/Выполнение бизнес-плана/Период' is: '1, 2 кв., Июль, Август 2024 года'

16-10-2024T09:08:49 - [MESSAGE][PASSED] - Text of object 'Object Repository/Выполнение бизнес-плана/Период' is: '1, 2 кв., Июль, Август 2024 года'

16-10-2024T09:08:49 - [TEST_STEP][PASSED] - m = m.substring(0, m.indexOf("2024")): null

16-10-2024T09:08:49 - [TEST_STEP][PASSED] - m = m.trim(): null

16-10-2024T09:08:49 - [TEST_STEP][PASSED] - dashboardName = "Выполнение бизнес-плана": null

16-10-2024T09:08:49 - [TEST_STEP][PASSED] - workbook01 = getWorkbook(excelFilePath): null

16-10-2024T09:08:49 - [TEST_STEP][PASSED] - sheet01 = getExcelSheet(workbook01, sheetName): null

16-10-2024T09:08:49 - [TEST_STEP][PASSED] - setValueToCellByIndex(sheet01, n, 0, dashboardName): null

16-10-2024T09:08:49 - [TEST_STEP][PASSED] - setValueToCellByIndex(sheet01, n, 1, dZO): null

16-10-2024T09:08:49 - [TEST_STEP][PASSED] - setValueToCellByIndex(sheet01, n, 2, typeOfData): null

16-10-2024T09:08:49 - [TEST_STEP][PASSED] - if (typeOfData == "Факт в процентах" || typeOfData == "План в процентах"): null

16-10-2024T09:08:49 - [TEST_STEP][PASSED] - else: null

16-10-2024T09:08:49 - [TEST_STEP][PASSED] - setValueToCellByIndex(sheet01, n, 3, fileInt): null

16-10-2024T09:08:49 - [TEST_STEP][PASSED] - setValueToCellByIndex(sheet01, n, 4, "нет данных"): null

16-10-2024T09:08:49 - [TEST_STEP][PASSED] - setValueToCellByIndex(sheet01, n, 5, m): null

16-10-2024T09:08:49 - [TEST_STEP][PASSED] - setValueToCellByIndex(sheet01, n, 6, y): null

16-10-2024T09:08:49 - [TEST_STEP][PASSED] - setValueToCellByIndex(sheet01, n, 7, todaysDate): null

16-10-2024T09:08:49 - [TEST_STEP][PASSED] - n = n + 1: null

16-10-2024T09:08:49 - [TEST_STEP][PASSED] - saveWorkbook(excelFilePath, workbook01): null

16-10-2024T09:08:49 - [TEST_STEP][PASSED] - typeOfData = "Факт Потери": null

16-10-2024T09:08:49 - [TEST_STEP][PASSED] - fileInt = replaceAll("\s+", "").toInteger(): null

16-10-2024T09:08:49 - [TEST_STEP][PASSED] - Script1718980020443.WriteToExcelNoData(a, typeOfData, todaysDate, fileInt, fileDouble, dZO): null

16-10-2024T09:08:49 - [TEST_STEP][PASSED] - sheetName = "Sheet1": null

16-10-2024T09:08:49 - [TEST_STEP][PASSED] - data = findTestData("PlanFact"): null

16-10-2024T09:08:49 - [TEST_STEP][PASSED] - n = data.getRowNumbers() + 1: null

16-10-2024T09:08:49 - [TEST_STEP][PASSED] - year = todaysDate.substring(todaysDate.length() - 4, todaysDate.length()): null

16-10-2024T09:08:49 - [TEST_STEP][PASSED] - y = year.toInteger(): null

16-10-2024T09:08:49 - [TEST_STEP][PASSED] - m = getText(findTestObject("Выполнение бизнес-плана/Период")): Text of object 'Object Repository/Выполнение бизнес-плана/Период' is: '1, 2 кв., Июль, Август 2024 года'

16-10-2024T09:08:59 - [MESSAGE][PASSED] - Text of object 'Object Repository/Выполнение бизнес-плана/Период' is: '1, 2 кв., Июль, Август 2024 года'

16-10-2024T09:08:59 - [TEST_STEP][PASSED] - m = m.substring(0, m.indexOf("2024")): null

16-10-2024T09:08:59 - [TEST_STEP][PASSED] - m = m.trim(): null

16-10-2024T09:08:59 - [TEST_STEP][PASSED] - dashboardName = "Выполнение бизнес-плана": null

16-10-2024T09:08:59 - [TEST_STEP][PASSED] - workbook01 = getWorkbook(excelFilePath): null

16-10-2024T09:08:59 - [TEST_STEP][PASSED] - sheet01 = getExcelSheet(workbook01, sheetName): null

16-10-2024T09:08:59 - [TEST_STEP][PASSED] - setValueToCellByIndex(sheet01, n, 0, dashboardName): null

16-10-2024T09:08:59 - [TEST_STEP][PASSED] - setValueToCellByIndex(sheet01, n, 1, dZO): null

16-10-2024T09:08:59 - [TEST_STEP][PASSED] - setValueToCellByIndex(sheet01, n, 2, typeOfData): null

16-10-2024T09:08:59 - [TEST_STEP][PASSED] - if (typeOfData == "Факт в процентах" || typeOfData == "План в процентах"): null

16-10-2024T09:08:59 - [TEST_STEP][PASSED] - else: null

16-10-2024T09:08:59 - [TEST_STEP][PASSED] - setValueToCellByIndex(sheet01, n, 3, fileInt): null

16-10-2024T09:08:59 - [TEST_STEP][PASSED] - setValueToCellByIndex(sheet01, n, 4, "нет данных"): null

16-10-2024T09:08:59 - [TEST_STEP][PASSED] - setValueToCellByIndex(sheet01, n, 5, m): null

16-10-2024T09:08:59 - [TEST_STEP][PASSED] - setValueToCellByIndex(sheet01, n, 6, y): null

16-10-2024T09:08:59 - [TEST_STEP][PASSED] - setValueToCellByIndex(sheet01, n, 7, todaysDate): null

16-10-2024T09:08:59 - [TEST_STEP][PASSED] - n = n + 1: null

16-10-2024T09:08:59 - [TEST_STEP][PASSED] - saveWorkbook(excelFilePath, workbook01): null

16-10-2024T09:08:59 - [TEST_STEP][PASSED] - typeOfData = "План Отпуск в сеть": null

16-10-2024T09:08:59 - [TEST_STEP][PASSED] - fileInt = replaceAll("\s+", "").toInteger(): null

16-10-2024T09:08:59 - [TEST_STEP][PASSED] - Script1718980020443.WriteToExcelNoData(a, typeOfData, todaysDate, fileInt, fileDouble, dZO): null

16-10-2024T09:08:59 - [TEST_STEP][PASSED] - sheetName = "Sheet1": null

16-10-2024T09:08:59 - [TEST_STEP][PASSED] - data = findTestData("PlanFact"): null

16-10-2024T09:08:59 - [TEST_STEP][PASSED] - n = data.getRowNumbers() + 1: null

16-10-2024T09:08:59 - [TEST_STEP][PASSED] - year = todaysDate.substring(todaysDate.length() - 4, todaysDate.length()): null

16-10-2024T09:08:59 - [TEST_STEP][PASSED] - y = year.toInteger(): null

16-10-2024T09:08:59 - [TEST_STEP][PASSED] - m = getText(findTestObject("Выполнение бизнес-плана/Период")): Text of object 'Object Repository/Выполнение бизнес-плана/Период' is: '1, 2 кв., Июль, Август 2024 года'

16-10-2024T09:08:59 - [MESSAGE][PASSED] - Text of object 'Object Repository/Выполнение бизнес-плана/Период' is: '1, 2 кв., Июль, Август 2024 года'

16-10-2024T09:08:59 - [TEST_STEP][PASSED] - m = m.substring(0, m.indexOf("2024")): null

16-10-2024T09:08:59 - [TEST_STEP][PASSED] - m = m.trim(): null

16-10-2024T09:08:59 - [TEST_STEP][PASSED] - dashboardName = "Выполнение бизнес-плана": null

16-10-2024T09:08:59 - [TEST_STEP][PASSED] - workbook01 = getWorkbook(excelFilePath): null

16-10-2024T09:08:59 - [TEST_STEP][PASSED] - sheet01 = getExcelSheet(workbook01, sheetName): null

16-10-2024T09:08:59 - [TEST_STEP][PASSED] - setValueToCellByIndex(sheet01, n, 0, dashboardName): null

16-10-2024T09:08:59 - [TEST_STEP][PASSED] - setValueToCellByIndex(sheet01, n, 1, dZO): null

16-10-2024T09:08:59 - [TEST_STEP][PASSED] - setValueToCellByIndex(sheet01, n, 2, typeOfData): null

16-10-2024T09:08:59 - [TEST_STEP][PASSED] - if (typeOfData == "Факт в процентах" || typeOfData == "План в процентах"): null

16-10-2024T09:08:59 - [TEST_STEP][PASSED] - else: null

16-10-2024T09:08:59 - [TEST_STEP][PASSED] - setValueToCellByIndex(sheet01, n, 3, fileInt): null

16-10-2024T09:08:59 - [TEST_STEP][PASSED] - setValueToCellByIndex(sheet01, n, 4, "нет данных"): null

16-10-2024T09:08:59 - [TEST_STEP][PASSED] - setValueToCellByIndex(sheet01, n, 5, m): null

16-10-2024T09:08:59 - [TEST_STEP][PASSED] - setValueToCellByIndex(sheet01, n, 6, y): null

16-10-2024T09:08:59 - [TEST_STEP][PASSED] - setValueToCellByIndex(sheet01, n, 7, todaysDate): null

16-10-2024T09:08:59 - [TEST_STEP][PASSED] - n = n + 1: null

16-10-2024T09:08:59 - [TEST_STEP][PASSED] - saveWorkbook(excelFilePath, workbook01): null

16-10-2024T09:09:00 - [TEST_STEP][PASSED] - typeOfData = "План Потери": null

16-10-2024T09:09:00 - [TEST_STEP][PASSED] - fileInt = replaceAll("\s+", "").toInteger(): null

16-10-2024T09:09:00 - [TEST_STEP][PASSED] - Script1718980020443.WriteToExcelNoData(a, typeOfData, todaysDate, fileInt, fileDouble, dZO): null

16-10-2024T09:09:00 - [TEST_STEP][PASSED] - sheetName = "Sheet1": null

16-10-2024T09:09:00 - [TEST_STEP][PASSED] - data = findTestData("PlanFact"): null

16-10-2024T09:09:00 - [TEST_STEP][PASSED] - n = data.getRowNumbers() + 1: null

16-10-2024T09:09:00 - [TEST_STEP][PASSED] - year = todaysDate.substring(todaysDate.length() - 4, todaysDate.length()): null

16-10-2024T09:09:00 - [TEST_STEP][PASSED] - y = year.toInteger(): null

16-10-2024T09:09:00 - [TEST_STEP][PASSED] - m = getText(findTestObject("Выполнение бизнес-плана/Период")): Text of object 'Object Repository/Выполнение бизнес-плана/Период' is: '1, 2 кв., Июль, Август 2024 года'

16-10-2024T09:09:00 - [MESSAGE][PASSED] - Text of object 'Object Repository/Выполнение бизнес-плана/Период' is: '1, 2 кв., Июль, Август 2024 года'

16-10-2024T09:09:00 - [TEST_STEP][PASSED] - m = m.substring(0, m.indexOf("2024")): null

16-10-2024T09:09:00 - [TEST_STEP][PASSED] - m = m.trim(): null

16-10-2024T09:09:00 - [TEST_STEP][PASSED] - dashboardName = "Выполнение бизнес-плана": null

16-10-2024T09:09:00 - [TEST_STEP][PASSED] - workbook01 = getWorkbook(excelFilePath): null

16-10-2024T09:09:00 - [TEST_STEP][PASSED] - sheet01 = getExcelSheet(workbook01, sheetName): null

16-10-2024T09:09:00 - [TEST_STEP][PASSED] - setValueToCellByIndex(sheet01, n, 0, dashboardName): null

16-10-2024T09:09:00 - [TEST_STEP][PASSED] - setValueToCellByIndex(sheet01, n, 1, dZO): null

16-10-2024T09:09:00 - [TEST_STEP][PASSED] - setValueToCellByIndex(sheet01, n, 2, typeOfData): null

16-10-2024T09:09:00 - [TEST_STEP][PASSED] - if (typeOfData == "Факт в процентах" || typeOfData == "План в процентах"): null

16-10-2024T09:09:00 - [TEST_STEP][PASSED] - else: null

16-10-2024T09:09:00 - [TEST_STEP][PASSED] - setValueToCellByIndex(sheet01, n, 3, fileInt): null

16-10-2024T09:09:00 - [TEST_STEP][PASSED] - setValueToCellByIndex(sheet01, n, 4, "нет данных"): null

16-10-2024T09:09:00 - [TEST_STEP][PASSED] - setValueToCellByIndex(sheet01, n, 5, m): null

16-10-2024T09:09:00 - [TEST_STEP][PASSED] - setValueToCellByIndex(sheet01, n, 6, y): null

16-10-2024T09:09:00 - [TEST_STEP][PASSED] - setValueToCellByIndex(sheet01, n, 7, todaysDate): null

16-10-2024T09:09:00 - [TEST_STEP][PASSED] - n = n + 1: null

16-10-2024T09:09:00 - [TEST_STEP][PASSED] - saveWorkbook(excelFilePath, workbook01): null

16-10-2024T09:09:00 - [TEST_STEP][PASSED] - typeOfData = "План в процентах": null

16-10-2024T09:09:00 - [TEST_STEP][PASSED] - fileDouble = ").toDouble(): null

16-10-2024T09:09:00 - [TEST_STEP][PASSED] - Script1718980020443.WriteToExcelNoData(a, typeOfData, todaysDate, fileInt, fileDouble, dZO): null

16-10-2024T09:09:00 - [TEST_STEP][PASSED] - sheetName = "Sheet1": null

16-10-2024T09:09:00 - [TEST_STEP][PASSED] - data = findTestData("PlanFact"): null

16-10-2024T09:09:00 - [TEST_STEP][PASSED] - n = data.getRowNumbers() + 1: null

16-10-2024T09:09:00 - [TEST_STEP][PASSED] - year = todaysDate.substring(todaysDate.length() - 4, todaysDate.length()): null

16-10-2024T09:09:00 - [TEST_STEP][PASSED] - y = year.toInteger(): null

16-10-2024T09:09:00 - [TEST_STEP][PASSED] - m = getText(findTestObject("Выполнение бизнес-плана/Период")): Text of object 'Object Repository/Выполнение бизнес-плана/Период' is: '1, 2 кв., Июль, Август 2024 года'

16-10-2024T09:09:01 - [MESSAGE][PASSED] - Text of object 'Object Repository/Выполнение бизнес-плана/Период' is: '1, 2 кв., Июль, Август 2024 года'

16-10-2024T09:09:01 - [TEST_STEP][PASSED] - m = m.substring(0, m.indexOf("2024")): null

16-10-2024T09:09:01 - [TEST_STEP][PASSED] - m = m.trim(): null

16-10-2024T09:09:01 - [TEST_STEP][PASSED] - dashboardName = "Выполнение бизнес-плана": null

16-10-2024T09:09:01 - [TEST_STEP][PASSED] - workbook01 = getWorkbook(excelFilePath): null

16-10-2024T09:09:01 - [TEST_STEP][PASSED] - sheet01 = getExcelSheet(workbook01, sheetName): null

16-10-2024T09:09:01 - [TEST_STEP][PASSED] - setValueToCellByIndex(sheet01, n, 0, dashboardName): null

16-10-2024T09:09:01 - [TEST_STEP][PASSED] - setValueToCellByIndex(sheet01, n, 1, dZO): null

16-10-2024T09:09:01 - [TEST_STEP][PASSED] - setValueToCellByIndex(sheet01, n, 2, typeOfData): null

16-10-2024T09:09:01 - [TEST_STEP][PASSED] - if (typeOfData == "Факт в процентах" || typeOfData == "План в процентах"): null

16-10-2024T09:09:01 - [TEST_STEP][PASSED] - setValueToCellByIndex(sheet01, n, 3, fileDouble): null

16-10-2024T09:09:01 - [TEST_STEP][PASSED] - setValueToCellByIndex(sheet01, n, 4, "нет данных"): null

16-10-2024T09:09:01 - [TEST_STEP][PASSED] - setValueToCellByIndex(sheet01, n, 5, m): null

16-10-2024T09:09:01 - [TEST_STEP][PASSED] - setValueToCellByIndex(sheet01, n, 6, y): null

16-10-2024T09:09:01 - [TEST_STEP][PASSED] - setValueToCellByIndex(sheet01, n, 7, todaysDate): null

16-10-2024T09:09:01 - [TEST_STEP][PASSED] - n = n + 1: null

16-10-2024T09:09:01 - [TEST_STEP][PASSED] - saveWorkbook(excelFilePath, workbook01): null

16-10-2024T09:09:01 - [TEST_STEP][PASSED] - typeOfData = "Факт в процентах": null

16-10-2024T09:09:01 - [TEST_STEP][PASSED] - fileDouble = ").toDouble(): null

16-10-2024T09:09:01 - [TEST_STEP][PASSED] - Script1718980020443.WriteToExcelNoData(a, typeOfData, todaysDate, fileInt, fileDouble, dZO): null

16-10-2024T09:09:01 - [TEST_STEP][PASSED] - sheetName = "Sheet1": null

16-10-2024T09:09:01 - [TEST_STEP][PASSED] - data = findTestData("PlanFact"): null

16-10-2024T09:09:01 - [TEST_STEP][PASSED] - n = data.getRowNumbers() + 1: null

16-10-2024T09:09:01 - [TEST_STEP][PASSED] - year = todaysDate.substring(todaysDate.length() - 4, todaysDate.length()): null

16-10-2024T09:09:01 - [TEST_STEP][PASSED] - y = year.toInteger(): null

16-10-2024T09:09:01 - [TEST_STEP][PASSED] - m = getText(findTestObject("Выполнение бизнес-плана/Период")): Text of object 'Object Repository/Выполнение бизнес-плана/Период' is: '1, 2 кв., Июль, Август 2024 года'

16-10-2024T09:09:01 - [MESSAGE][PASSED] - Text of object 'Object Repository/Выполнение бизнес-плана/Период' is: '1, 2 кв., Июль, Август 2024 года'

16-10-2024T09:09:01 - [TEST_STEP][PASSED] - m = m.substring(0, m.indexOf("2024")): null

16-10-2024T09:09:01 - [TEST_STEP][PASSED] - m = m.trim(): null

16-10-2024T09:09:01 - [TEST_STEP][PASSED] - dashboardName = "Выполнение бизнес-плана": null

16-10-2024T09:09:01 - [TEST_STEP][PASSED] - workbook01 = getWorkbook(excelFilePath): null

16-10-2024T09:09:01 - [TEST_STEP][PASSED] - sheet01 = getExcelSheet(workbook01, sheetName): null

16-10-2024T09:09:01 - [TEST_STEP][PASSED] - setValueToCellByIndex(sheet01, n, 0, dashboardName): null

16-10-2024T09:09:01 - [TEST_STEP][PASSED] - setValueToCellByIndex(sheet01, n, 1, dZO): null

16-10-2024T09:09:01 - [TEST_STEP][PASSED] - setValueToCellByIndex(sheet01, n, 2, typeOfData): null

16-10-2024T09:09:01 - [TEST_STEP][PASSED] - if (typeOfData == "Факт в процентах" || typeOfData == "План в процентах"): null

16-10-2024T09:09:01 - [TEST_STEP][PASSED] - setValueToCellByIndex(sheet01, n, 3, fileDouble): null

16-10-2024T09:09:01 - [TEST_STEP][PASSED] - setValueToCellByIndex(sheet01, n, 4, "нет данных"): null

16-10-2024T09:09:01 - [TEST_STEP][PASSED] - setValueToCellByIndex(sheet01, n, 5, m): null

16-10-2024T09:09:01 - [TEST_STEP][PASSED] - setValueToCellByIndex(sheet01, n, 6, y): null

16-10-2024T09:09:01 - [TEST_STEP][PASSED] - setValueToCellByIndex(sheet01, n, 7, todaysDate): null

16-10-2024T09:09:01 - [TEST_STEP][PASSED] - n = n + 1: null

16-10-2024T09:09:01 - [TEST_STEP][PASSED] - saveWorkbook(excelFilePath, workbook01): null

16-10-2024T09:09:02 - [TEST_STEP][PASSED] - println(dzoNum): null

16-10-2024T09:09:02 - [TEST_STEP][PASSED] - dZO = "Россети Тюмень": null

16-10-2024T09:09:02 - [TEST_STEP][PASSED] - a = 80: null

16-10-2024T09:09:02 - [TEST_STEP][PASSED] - if (x1.contains(dZO)): null

16-10-2024T09:09:02 - [TEST_STEP][PASSED] - dzoNum = dzoNum + 1: null

16-10-2024T09:09:02 - [TEST_STEP][PASSED] - Script1718980020443.Numbers(a, typeOfData, todaysDate, pageInt, fileInt, pageDouble, fileDouble, dZO, dzoNum, filialNum): null

16-10-2024T09:09:02 - [TEST_STEP][PASSED] - println(dzoNum): null

16-10-2024T09:09:02 - [TEST_STEP][PASSED] - planFact = <not implemented yet for class: org.codehaus.groovy.ast.expr.EmptyExpression>: null

16-10-2024T09:09:02 - [TEST_STEP][PASSED] - page = <not implemented yet for class: org.codehaus.groovy.ast.expr.EmptyExpression>: null

16-10-2024T09:09:02 - [TEST_STEP][PASSED] - page1 = <not implemented yet for class: org.codehaus.groovy.ast.expr.EmptyExpression>: null

16-10-2024T09:09:02 - [TEST_STEP][PASSED] - page2 = <not implemented yet for class: org.codehaus.groovy.ast.expr.EmptyExpression>: null

16-10-2024T09:09:02 - [TEST_STEP][PASSED] - filialNumberInRow = <not implemented yet for class: org.codehaus.groovy.ast.expr.EmptyExpression>: null

16-10-2024T09:09:02 - [TEST_STEP][PASSED] - filialsDzoNames = <not implemented yet for class: org.codehaus.groovy.ast.expr.EmptyExpression>: null

16-10-2024T09:09:02 - [TEST_STEP][PASSED] - numberOfFilials = <not implemented yet for class: org.codehaus.groovy.ast.expr.EmptyExpression>: null

16-10-2024T09:09:02 - [TEST_STEP][PASSED] - numberOfSpaces = <not implemented yet for class: org.codehaus.groovy.ast.expr.EmptyExpression>: null

16-10-2024T09:09:02 - [TEST_STEP][PASSED] - file = <not implemented yet for class: org.codehaus.groovy.ast.expr.EmptyExpression>: null

16-10-2024T09:09:02 - [TEST_STEP][PASSED] - otpusk = <not implemented yet for class: org.codehaus.groovy.ast.expr.EmptyExpression>: null

16-10-2024T09:09:02 - [TEST_STEP][PASSED] - poteri = <not implemented yet for class: org.codehaus.groovy.ast.expr.EmptyExpression>: null

16-10-2024T09:09:02 - [TEST_STEP][PASSED] - dataFolder = "Выполнение бизнес-плана/Значения со страницы Выполнение бизнес-плана/": null

16-10-2024T09:09:02 - [TEST_STEP][PASSED] - path = <not implemented yet for class: org.codehaus.groovy.ast.expr.EmptyExpression>: null

16-10-2024T09:09:02 - [TEST_STEP][PASSED] - typeOfDataMain = <not implemented yet for class: org.codehaus.groovy.ast.expr.EmptyExpression>: null

16-10-2024T09:09:02 - [TEST_STEP][PASSED] - fileOtpuskVSet = <not implemented yet for class: org.codehaus.groovy.ast.expr.EmptyExpression>: null

16-10-2024T09:09:02 - [TEST_STEP][PASSED] - pageOtpuskVSet = <not implemented yet for class: org.codehaus.groovy.ast.expr.EmptyExpression>: null

16-10-2024T09:09:02 - [TEST_STEP][PASSED] - filePoteri = <not implemented yet for class: org.codehaus.groovy.ast.expr.EmptyExpression>: null

16-10-2024T09:09:02 - [TEST_STEP][PASSED] - pagePoteri = <not implemented yet for class: org.codehaus.groovy.ast.expr.EmptyExpression>: null

16-10-2024T09:09:02 - [TEST_STEP][PASSED] - compare = <not implemented yet for class: org.codehaus.groovy.ast.expr.EmptyExpression>: null

16-10-2024T09:09:02 - [TEST_STEP][PASSED] - b = <not implemented yet for class: org.codehaus.groovy.ast.expr.EmptyExpression>: null

16-10-2024T09:09:02 - [TEST_STEP][PASSED] - i = <not implemented yet for class: org.codehaus.groovy.ast.expr.EmptyExpression>: null

16-10-2024T09:09:02 - [TEST_STEP][PASSED] - ii = <not implemented yet for class: org.codehaus.groovy.ast.expr.EmptyExpression>: null

16-10-2024T09:09:02 - [TEST_STEP][PASSED] - c = <not implemented yet for class: org.codehaus.groovy.ast.expr.EmptyExpression>: null

16-10-2024T09:09:02 - [TEST_STEP][PASSED] - numberOfErrors = 0: null

16-10-2024T09:09:02 - [TEST_STEP][PASSED] - if (a == 82): null

16-10-2024T09:09:02 - [TEST_STEP][PASSED] - b = findTestData("PlanFact").getValue(1, a): null

16-10-2024T09:09:02 - [TEST_STEP][PASSED] - i = b.indexOf(" (ГК)"): null

16-10-2024T09:09:02 - [TEST_STEP][PASSED] - if (i > -1): null

16-10-2024T09:09:02 - [TEST_STEP][PASSED] - i = b.indexOf("О ""): null

16-10-2024T09:09:02 - [TEST_STEP][PASSED] - if (i > -1): null

16-10-2024T09:09:02 - [TEST_STEP][PASSED] - i = b.indexOf("О «"): null

16-10-2024T09:09:02 - [TEST_STEP][PASSED] - if (i > -1): null

16-10-2024T09:09:02 - [TEST_STEP][PASSED] - i = b.indexOf("г. "): null

16-10-2024T09:09:02 - [TEST_STEP][PASSED] - if (i > -1): null

16-10-2024T09:09:02 - [TEST_STEP][PASSED] - println(b): null

16-10-2024T09:09:02 - [TEST_STEP][PASSED] - for ([planFact = 1, planFact < 3, (planFact++)]): null

16-10-2024T09:09:02 - [TEST_STEP][PASSED] - if (planFact == 1): null

16-10-2024T09:09:02 - [TEST_STEP][PASSED] - typeOfDataMain = "Факт": null

16-10-2024T09:09:02 - [TEST_STEP][PASSED] - otpusk = findTestData("PlanFact").getValue(5, a): null

16-10-2024T09:09:02 - [TEST_STEP][PASSED] - poteri = findTestData("PlanFact").getValue(6, a): null

16-10-2024T09:09:02 - [TEST_STEP][PASSED] - otpusk = otpusk.replaceAll("\s+", ""): null

16-10-2024T09:09:02 - [TEST_STEP][PASSED] - poteri = poteri.replaceAll("\s+", ""): null

16-10-2024T09:09:02 - [TEST_STEP][PASSED] - typeOfData = typeOfDataMain + " Отпуск в сеть": null

16-10-2024T09:09:02 - [TEST_STEP][PASSED] - if (a == 82): null

16-10-2024T09:09:02 - [TEST_STEP][PASSED] - else if (a == 84): null

16-10-2024T09:09:02 - [TEST_STEP][PASSED] - else if (a == 52 || a == 72 || a == 28 || a == 73 || a == 77 || a == 74 || a == 65 || a == 36 || a == 44 || a == 53 || a == 80 || a == 54 || a == 1 || a == 18 || a == 59 || a == 81): null

16-10-2024T09:09:02 - [TEST_STEP][PASSED] - path = dataFolder + "Table Data/" + typeOfData + " за отчётный период " + dzoNum: null

16-10-2024T09:09:02 - [TEST_STEP][PASSED] - println(path): null

16-10-2024T09:09:02 - [TEST_STEP][PASSED] - page = getText(findTestObject(path)): Text of object 'Object Repository/Выполнение бизнес-плана/Значения со страницы Выполнение бизнес-плана/Table Data/Факт Отпуск в сеть за отчётный период 5' is: '35 166 539'

16-10-2024T09:09:02 - [MESSAGE][PASSED] - Text of object 'Object Repository/Выполнение бизнес-плана/Значения со страницы Выполнение бизнес-плана/Table Data/Факт Отпуск в сеть за отчётный период 5' is: '35 166 539'

16-10-2024T09:09:02 - [TEST_STEP][PASSED] - page = page.replaceAll("\s+", ""): null

16-10-2024T09:09:02 - [TEST_STEP][PASSED] - fileOtpuskVSet = otpusk.toInteger(): null

16-10-2024T09:09:02 - [TEST_STEP][PASSED] - pageOtpuskVSet = page.toInteger(): null

16-10-2024T09:09:02 - [TEST_STEP][PASSED] - typeOfData = typeOfDataMain + " Потери": null

16-10-2024T09:09:02 - [TEST_STEP][PASSED] - if (a == 82): null

16-10-2024T09:09:02 - [TEST_STEP][PASSED] - else if (a == 84): null

16-10-2024T09:09:02 - [TEST_STEP][PASSED] - else if (a == 52 || a == 72 || a == 28 || a == 73 || a == 77 || a == 74 || a == 65 || a == 36 || a == 44 || a == 53 || a == 80 || a == 54 || a == 1 || a == 18 || a == 59 || a == 81): null

16-10-2024T09:09:02 - [TEST_STEP][PASSED] - path = dataFolder + "Table Data/" + typeOfData + " за отчётный период " + dzoNum: null

16-10-2024T09:09:02 - [TEST_STEP][PASSED] - page = getText(findTestObject(path)): Text of object 'Object Repository/Выполнение бизнес-плана/Значения со страницы Выполнение бизнес-плана/Table Data/Факт Потери за отчётный период 5' is: '915 582'

16-10-2024T09:09:03 - [MESSAGE][PASSED] - Text of object 'Object Repository/Выполнение бизнес-плана/Значения со страницы Выполнение бизнес-плана/Table Data/Факт Потери за отчётный период 5' is: '915 582'

16-10-2024T09:09:03 - [TEST_STEP][PASSED] - page = page.replaceAll("\s+", ""): null

16-10-2024T09:09:03 - [TEST_STEP][PASSED] - filePoteri = poteri.toInteger(): null

16-10-2024T09:09:03 - [TEST_STEP][PASSED] - pagePoteri = page.toInteger(): null

16-10-2024T09:09:03 - [TEST_STEP][PASSED] - compare = pageOtpuskVSet: null

16-10-2024T09:09:03 - [TEST_STEP][PASSED] - if (compare == fileOtpuskVSet): null

16-10-2024T09:09:03 - [TEST_STEP][PASSED] - else if (compare > fileOtpuskVSet): null

16-10-2024T09:09:03 - [TEST_STEP][PASSED] - compare = compare - 1: null

16-10-2024T09:09:03 - [TEST_STEP][PASSED] - if (compare == fileOtpuskVSet): null

16-10-2024T09:09:03 - [TEST_STEP][PASSED] - else: null

16-10-2024T09:09:03 - [TEST_STEP][PASSED] - numberOfErrors = numberOfErrors + 1: null

16-10-2024T09:09:03 - [TEST_STEP][PASSED] - pageInt = pageOtpuskVSet: null

16-10-2024T09:09:03 - [TEST_STEP][PASSED] - fileInt = fileOtpuskVSet: null

16-10-2024T09:09:03 - [TEST_STEP][PASSED] - typeOfData = typeOfDataMain + " Отпуск в сеть": null

16-10-2024T09:09:03 - [TEST_STEP][PASSED] - Script1718980020443.WriteToExcel(a, typeOfData, todaysDate, pageInt, fileInt, pageDouble, fileDouble, dZO): null

16-10-2024T09:09:03 - [TEST_STEP][PASSED] - sheetName = "Sheet1": null

16-10-2024T09:09:03 - [TEST_STEP][PASSED] - data = findTestData("PlanFact"): null

16-10-2024T09:09:03 - [TEST_STEP][PASSED] - n = data.getRowNumbers() + 1: null

16-10-2024T09:09:03 - [TEST_STEP][PASSED] - year = todaysDate.substring(todaysDate.length() - 4, todaysDate.length()): null

16-10-2024T09:09:03 - [TEST_STEP][PASSED] - y = year.toInteger(): null

16-10-2024T09:09:03 - [TEST_STEP][PASSED] - m = getText(findTestObject("Выполнение бизнес-плана/Период")): Text of object 'Object Repository/Выполнение бизнес-плана/Период' is: '1, 2 кв., Июль, Август 2024 года'

16-10-2024T09:09:03 - [MESSAGE][PASSED] - Text of object 'Object Repository/Выполнение бизнес-плана/Период' is: '1, 2 кв., Июль, Август 2024 года'

16-10-2024T09:09:03 - [TEST_STEP][PASSED] - m = m.substring(0, m.indexOf("2024")): null

16-10-2024T09:09:03 - [TEST_STEP][PASSED] - m = m.trim(): null

16-10-2024T09:09:03 - [TEST_STEP][PASSED] - dashboardName = "Выполнение бизнес-плана": null

16-10-2024T09:09:03 - [TEST_STEP][PASSED] - workbook01 = getWorkbook(excelFilePath): null

16-10-2024T09:09:03 - [TEST_STEP][PASSED] - sheet01 = getExcelSheet(workbook01, sheetName): null

16-10-2024T09:09:03 - [TEST_STEP][PASSED] - setValueToCellByIndex(sheet01, n, 0, dashboardName): null

16-10-2024T09:09:03 - [TEST_STEP][PASSED] - setValueToCellByIndex(sheet01, n, 1, dZO): null

16-10-2024T09:09:03 - [TEST_STEP][PASSED] - setValueToCellByIndex(sheet01, n, 2, typeOfData): null

16-10-2024T09:09:03 - [TEST_STEP][PASSED] - if (typeOfData == "Факт в процентах" || typeOfData == "План в процентах"): null

16-10-2024T09:09:03 - [TEST_STEP][PASSED] - else: null

16-10-2024T09:09:03 - [TEST_STEP][PASSED] - setValueToCellByIndex(sheet01, n, 3, fileInt): null

16-10-2024T09:09:03 - [TEST_STEP][PASSED] - setValueToCellByIndex(sheet01, n, 4, pageInt): null

16-10-2024T09:09:03 - [TEST_STEP][PASSED] - setValueToCellByIndex(sheet01, n, 5, m): null

16-10-2024T09:09:03 - [TEST_STEP][PASSED] - setValueToCellByIndex(sheet01, n, 6, y): null

16-10-2024T09:09:03 - [TEST_STEP][PASSED] - setValueToCellByIndex(sheet01, n, 7, todaysDate): null

16-10-2024T09:09:03 - [TEST_STEP][PASSED] - n = n + 1: null

16-10-2024T09:09:03 - [TEST_STEP][PASSED] - saveWorkbook(excelFilePath, workbook01): null

16-10-2024T09:09:03 - [TEST_STEP][PASSED] - compare = pagePoteri: null

16-10-2024T09:09:03 - [TEST_STEP][PASSED] - if (compare == filePoteri): null

16-10-2024T09:09:03 - [TEST_STEP][PASSED] - else if (compare > filePoteri): null

16-10-2024T09:09:03 - [TEST_STEP][PASSED] - compare = compare - 1: null

16-10-2024T09:09:03 - [TEST_STEP][PASSED] - if (compare == filePoteri): null

16-10-2024T09:09:03 - [TEST_STEP][PASSED] - else: null

16-10-2024T09:09:03 - [TEST_STEP][PASSED] - numberOfErrors = numberOfErrors + 1: null

16-10-2024T09:09:03 - [TEST_STEP][PASSED] - pageInt = pagePoteri: null

16-10-2024T09:09:03 - [TEST_STEP][PASSED] - fileInt = filePoteri: null

16-10-2024T09:09:03 - [TEST_STEP][PASSED] - typeOfData = typeOfDataMain + " Потери": null

16-10-2024T09:09:03 - [TEST_STEP][PASSED] - Script1718980020443.WriteToExcel(a, typeOfData, todaysDate, pageInt, fileInt, pageDouble, fileDouble, dZO): null

16-10-2024T09:09:03 - [TEST_STEP][PASSED] - sheetName = "Sheet1": null

16-10-2024T09:09:03 - [TEST_STEP][PASSED] - data = findTestData("PlanFact"): null

16-10-2024T09:09:03 - [TEST_STEP][PASSED] - n = data.getRowNumbers() + 1: null

16-10-2024T09:09:03 - [TEST_STEP][PASSED] - year = todaysDate.substring(todaysDate.length() - 4, todaysDate.length()): null

16-10-2024T09:09:03 - [TEST_STEP][PASSED] - y = year.toInteger(): null

16-10-2024T09:09:03 - [TEST_STEP][PASSED] - m = getText(findTestObject("Выполнение бизнес-плана/Период")): Text of object 'Object Repository/Выполнение бизнес-плана/Период' is: '1, 2 кв., Июль, Август 2024 года'

16-10-2024T09:09:03 - [MESSAGE][PASSED] - Text of object 'Object Repository/Выполнение бизнес-плана/Период' is: '1, 2 кв., Июль, Август 2024 года'

16-10-2024T09:09:03 - [TEST_STEP][PASSED] - m = m.substring(0, m.indexOf("2024")): null

16-10-2024T09:09:03 - [TEST_STEP][PASSED] - m = m.trim(): null

16-10-2024T09:09:03 - [TEST_STEP][PASSED] - dashboardName = "Выполнение бизнес-плана": null

16-10-2024T09:09:03 - [TEST_STEP][PASSED] - workbook01 = getWorkbook(excelFilePath): null

16-10-2024T09:09:04 - [TEST_STEP][PASSED] - sheet01 = getExcelSheet(workbook01, sheetName): null

16-10-2024T09:09:04 - [TEST_STEP][PASSED] - setValueToCellByIndex(sheet01, n, 0, dashboardName): null

16-10-2024T09:09:04 - [TEST_STEP][PASSED] - setValueToCellByIndex(sheet01, n, 1, dZO): null

16-10-2024T09:09:04 - [TEST_STEP][PASSED] - setValueToCellByIndex(sheet01, n, 2, typeOfData): null

16-10-2024T09:09:04 - [TEST_STEP][PASSED] - if (typeOfData == "Факт в процентах" || typeOfData == "План в процентах"): null

16-10-2024T09:09:04 - [TEST_STEP][PASSED] - else: null

16-10-2024T09:09:04 - [TEST_STEP][PASSED] - setValueToCellByIndex(sheet01, n, 3, fileInt): null

16-10-2024T09:09:04 - [TEST_STEP][PASSED] - setValueToCellByIndex(sheet01, n, 4, pageInt): null

16-10-2024T09:09:04 - [TEST_STEP][PASSED] - setValueToCellByIndex(sheet01, n, 5, m): null

16-10-2024T09:09:04 - [TEST_STEP][PASSED] - setValueToCellByIndex(sheet01, n, 6, y): null

16-10-2024T09:09:04 - [TEST_STEP][PASSED] - setValueToCellByIndex(sheet01, n, 7, todaysDate): null

16-10-2024T09:09:04 - [TEST_STEP][PASSED] - n = n + 1: null

16-10-2024T09:09:04 - [TEST_STEP][PASSED] - saveWorkbook(excelFilePath, workbook01): null

16-10-2024T09:09:04 - [TEST_STEP][PASSED] - if (planFact == 2): null

16-10-2024T09:09:04 - [TEST_STEP][PASSED] - if (planFact == 1): null

16-10-2024T09:09:04 - [TEST_STEP][PASSED] - else if (planFact == 2): null

16-10-2024T09:09:04 - [TEST_STEP][PASSED] - click(findTestObject("Выполнение бизнес-плана/Кнопка План")): Object: 'Object Repository/Выполнение бизнес-плана/Кнопка План' is clicked on

16-10-2024T09:09:04 - [MESSAGE][PASSED] - Object: 'Object Repository/Выполнение бизнес-плана/Кнопка План' is clicked on

16-10-2024T09:09:04 - [TEST_STEP][PASSED] - typeOfDataMain = "План": null

16-10-2024T09:09:04 - [TEST_STEP][PASSED] - otpusk = findTestData("PlanFact").getValue(2, a): null

16-10-2024T09:09:04 - [TEST_STEP][PASSED] - poteri = findTestData("PlanFact").getValue(3, a): null

16-10-2024T09:09:04 - [TEST_STEP][PASSED] - otpusk = otpusk.replaceAll("\s+", ""): null

16-10-2024T09:09:04 - [TEST_STEP][PASSED] - poteri = poteri.replaceAll("\s+", ""): null

16-10-2024T09:09:04 - [TEST_STEP][PASSED] - typeOfData = typeOfDataMain + " Отпуск в сеть": null

16-10-2024T09:09:04 - [TEST_STEP][PASSED] - if (a == 82): null

16-10-2024T09:09:04 - [TEST_STEP][PASSED] - else if (a == 84): null

16-10-2024T09:09:04 - [TEST_STEP][PASSED] - else if (a == 52 || a == 72 || a == 28 || a == 73 || a == 77 || a == 74 || a == 65 || a == 36 || a == 44 || a == 53 || a == 80 || a == 54 || a == 1 || a == 18 || a == 59 || a == 81): null

16-10-2024T09:09:04 - [TEST_STEP][PASSED] - path = dataFolder + "Table Data/" + typeOfData + " за отчётный период " + dzoNum: null

16-10-2024T09:09:04 - [TEST_STEP][PASSED] - println(path): null

16-10-2024T09:09:04 - [TEST_STEP][PASSED] - page = getText(findTestObject(path)): Text of object 'Object Repository/Выполнение бизнес-плана/Значения со страницы Выполнение бизнес-плана/Table Data/План Отпуск в сеть за отчётный период 5' is: '36 273 204'

16-10-2024T09:09:04 - [MESSAGE][PASSED] - Text of object 'Object Repository/Выполнение бизнес-плана/Значения со страницы Выполнение бизнес-плана/Table Data/План Отпуск в сеть за отчётный период 5' is: '36 273 204'

16-10-2024T09:09:04 - [TEST_STEP][PASSED] - page = page.replaceAll("\s+", ""): null

16-10-2024T09:09:04 - [TEST_STEP][PASSED] - fileOtpuskVSet = otpusk.toInteger(): null

16-10-2024T09:09:04 - [TEST_STEP][PASSED] - pageOtpuskVSet = page.toInteger(): null

16-10-2024T09:09:04 - [TEST_STEP][PASSED] - typeOfData = typeOfDataMain + " Потери": null

16-10-2024T09:09:04 - [TEST_STEP][PASSED] - if (a == 82): null

16-10-2024T09:09:04 - [TEST_STEP][PASSED] - else if (a == 84): null

16-10-2024T09:09:04 - [TEST_STEP][PASSED] - else if (a == 52 || a == 72 || a == 28 || a == 73 || a == 77 || a == 74 || a == 65 || a == 36 || a == 44 || a == 53 || a == 80 || a == 54 || a == 1 || a == 18 || a == 59 || a == 81): null

16-10-2024T09:09:04 - [TEST_STEP][PASSED] - path = dataFolder + "Table Data/" + typeOfData + " за отчётный период " + dzoNum: null

16-10-2024T09:09:04 - [TEST_STEP][PASSED] - page = getText(findTestObject(path)): Text of object 'Object Repository/Выполнение бизнес-плана/Значения со страницы Выполнение бизнес-плана/Table Data/План Потери за отчётный период 5' is: '915 198'

16-10-2024T09:09:05 - [MESSAGE][PASSED] - Text of object 'Object Repository/Выполнение бизнес-плана/Значения со страницы Выполнение бизнес-плана/Table Data/План Потери за отчётный период 5' is: '915 198'

16-10-2024T09:09:05 - [TEST_STEP][PASSED] - page = page.replaceAll("\s+", ""): null

16-10-2024T09:09:05 - [TEST_STEP][PASSED] - filePoteri = poteri.toInteger(): null

16-10-2024T09:09:05 - [TEST_STEP][PASSED] - pagePoteri = page.toInteger(): null

16-10-2024T09:09:05 - [TEST_STEP][PASSED] - compare = pageOtpuskVSet: null

16-10-2024T09:09:05 - [TEST_STEP][PASSED] - if (compare == fileOtpuskVSet): null

16-10-2024T09:09:05 - [TEST_STEP][PASSED] - else if (compare > fileOtpuskVSet): null

16-10-2024T09:09:05 - [TEST_STEP][PASSED] - compare = compare - 1: null

16-10-2024T09:09:05 - [TEST_STEP][PASSED] - if (compare == fileOtpuskVSet): null

16-10-2024T09:09:05 - [TEST_STEP][PASSED] - else: null

16-10-2024T09:09:05 - [TEST_STEP][PASSED] - numberOfErrors = numberOfErrors + 1: null

16-10-2024T09:09:05 - [TEST_STEP][PASSED] - pageInt = pageOtpuskVSet: null

16-10-2024T09:09:05 - [TEST_STEP][PASSED] - fileInt = fileOtpuskVSet: null

16-10-2024T09:09:05 - [TEST_STEP][PASSED] - typeOfData = typeOfDataMain + " Отпуск в сеть": null

16-10-2024T09:09:05 - [TEST_STEP][PASSED] - Script1718980020443.WriteToExcel(a, typeOfData, todaysDate, pageInt, fileInt, pageDouble, fileDouble, dZO): null

16-10-2024T09:09:05 - [TEST_STEP][PASSED] - sheetName = "Sheet1": null

16-10-2024T09:09:05 - [TEST_STEP][PASSED] - data = findTestData("PlanFact"): null

16-10-2024T09:09:05 - [TEST_STEP][PASSED] - n = data.getRowNumbers() + 1: null

16-10-2024T09:09:05 - [TEST_STEP][PASSED] - year = todaysDate.substring(todaysDate.length() - 4, todaysDate.length()): null

16-10-2024T09:09:05 - [TEST_STEP][PASSED] - y = year.toInteger(): null

16-10-2024T09:09:05 - [TEST_STEP][PASSED] - m = getText(findTestObject("Выполнение бизнес-плана/Период")): Text of object 'Object Repository/Выполнение бизнес-плана/Период' is: '1, 2 кв., Июль, Август 2024 года'

16-10-2024T09:09:05 - [MESSAGE][PASSED] - Text of object 'Object Repository/Выполнение бизнес-плана/Период' is: '1, 2 кв., Июль, Август 2024 года'

16-10-2024T09:09:05 - [TEST_STEP][PASSED] - m = m.substring(0, m.indexOf("2024")): null

16-10-2024T09:09:05 - [TEST_STEP][PASSED] - m = m.trim(): null

16-10-2024T09:09:05 - [TEST_STEP][PASSED] - dashboardName = "Выполнение бизнес-плана": null

16-10-2024T09:09:05 - [TEST_STEP][PASSED] - workbook01 = getWorkbook(excelFilePath): null

16-10-2024T09:09:05 - [TEST_STEP][PASSED] - sheet01 = getExcelSheet(workbook01, sheetName): null

16-10-2024T09:09:05 - [TEST_STEP][PASSED] - setValueToCellByIndex(sheet01, n, 0, dashboardName): null

16-10-2024T09:09:05 - [TEST_STEP][PASSED] - setValueToCellByIndex(sheet01, n, 1, dZO): null

16-10-2024T09:09:05 - [TEST_STEP][PASSED] - setValueToCellByIndex(sheet01, n, 2, typeOfData): null

16-10-2024T09:09:05 - [TEST_STEP][PASSED] - if (typeOfData == "Факт в процентах" || typeOfData == "План в процентах"): null

16-10-2024T09:09:05 - [TEST_STEP][PASSED] - else: null

16-10-2024T09:09:05 - [TEST_STEP][PASSED] - setValueToCellByIndex(sheet01, n, 3, fileInt): null

16-10-2024T09:09:05 - [TEST_STEP][PASSED] - setValueToCellByIndex(sheet01, n, 4, pageInt): null

16-10-2024T09:09:05 - [TEST_STEP][PASSED] - setValueToCellByIndex(sheet01, n, 5, m): null

16-10-2024T09:09:05 - [TEST_STEP][PASSED] - setValueToCellByIndex(sheet01, n, 6, y): null

16-10-2024T09:09:05 - [TEST_STEP][PASSED] - setValueToCellByIndex(sheet01, n, 7, todaysDate): null

16-10-2024T09:09:05 - [TEST_STEP][PASSED] - n = n + 1: null

16-10-2024T09:09:05 - [TEST_STEP][PASSED] - saveWorkbook(excelFilePath, workbook01): null

16-10-2024T09:09:05 - [TEST_STEP][PASSED] - compare = pagePoteri: null

16-10-2024T09:09:05 - [TEST_STEP][PASSED] - if (compare == filePoteri): null

16-10-2024T09:09:05 - [TEST_STEP][PASSED] - else if (compare > filePoteri): null

16-10-2024T09:09:05 - [TEST_STEP][PASSED] - compare = compare - 1: null

16-10-2024T09:09:05 - [TEST_STEP][PASSED] - if (compare == filePoteri): null

16-10-2024T09:09:05 - [TEST_STEP][PASSED] - else: null

16-10-2024T09:09:05 - [TEST_STEP][PASSED] - numberOfErrors = numberOfErrors + 1: null

16-10-2024T09:09:05 - [TEST_STEP][PASSED] - pageInt = pagePoteri: null

16-10-2024T09:09:05 - [TEST_STEP][PASSED] - fileInt = filePoteri: null

16-10-2024T09:09:05 - [TEST_STEP][PASSED] - typeOfData = typeOfDataMain + " Потери": null

16-10-2024T09:09:05 - [TEST_STEP][PASSED] - Script1718980020443.WriteToExcel(a, typeOfData, todaysDate, pageInt, fileInt, pageDouble, fileDouble, dZO): null

16-10-2024T09:09:05 - [TEST_STEP][PASSED] - sheetName = "Sheet1": null

16-10-2024T09:09:05 - [TEST_STEP][PASSED] - data = findTestData("PlanFact"): null

16-10-2024T09:09:05 - [TEST_STEP][PASSED] - n = data.getRowNumbers() + 1: null

16-10-2024T09:09:05 - [TEST_STEP][PASSED] - year = todaysDate.substring(todaysDate.length() - 4, todaysDate.length()): null

16-10-2024T09:09:05 - [TEST_STEP][PASSED] - y = year.toInteger(): null

16-10-2024T09:09:05 - [TEST_STEP][PASSED] - m = getText(findTestObject("Выполнение бизнес-плана/Период")): Text of object 'Object Repository/Выполнение бизнес-плана/Период' is: '1, 2 кв., Июль, Август 2024 года'

16-10-2024T09:09:06 - [MESSAGE][PASSED] - Text of object 'Object Repository/Выполнение бизнес-плана/Период' is: '1, 2 кв., Июль, Август 2024 года'

16-10-2024T09:09:06 - [TEST_STEP][PASSED] - m = m.substring(0, m.indexOf("2024")): null

16-10-2024T09:09:06 - [TEST_STEP][PASSED] - m = m.trim(): null

16-10-2024T09:09:06 - [TEST_STEP][PASSED] - dashboardName = "Выполнение бизнес-плана": null

16-10-2024T09:09:06 - [TEST_STEP][PASSED] - workbook01 = getWorkbook(excelFilePath): null

16-10-2024T09:09:06 - [TEST_STEP][PASSED] - sheet01 = getExcelSheet(workbook01, sheetName): null

16-10-2024T09:09:06 - [TEST_STEP][PASSED] - setValueToCellByIndex(sheet01, n, 0, dashboardName): null

16-10-2024T09:09:06 - [TEST_STEP][PASSED] - setValueToCellByIndex(sheet01, n, 1, dZO): null

16-10-2024T09:09:06 - [TEST_STEP][PASSED] - setValueToCellByIndex(sheet01, n, 2, typeOfData): null

16-10-2024T09:09:06 - [TEST_STEP][PASSED] - if (typeOfData == "Факт в процентах" || typeOfData == "План в процентах"): null

16-10-2024T09:09:06 - [TEST_STEP][PASSED] - else: null

16-10-2024T09:09:06 - [TEST_STEP][PASSED] - setValueToCellByIndex(sheet01, n, 3, fileInt): null

16-10-2024T09:09:06 - [TEST_STEP][PASSED] - setValueToCellByIndex(sheet01, n, 4, pageInt): null

16-10-2024T09:09:06 - [TEST_STEP][PASSED] - setValueToCellByIndex(sheet01, n, 5, m): null

16-10-2024T09:09:06 - [TEST_STEP][PASSED] - setValueToCellByIndex(sheet01, n, 6, y): null

16-10-2024T09:09:06 - [TEST_STEP][PASSED] - setValueToCellByIndex(sheet01, n, 7, todaysDate): null

16-10-2024T09:09:06 - [TEST_STEP][PASSED] - n = n + 1: null

16-10-2024T09:09:06 - [TEST_STEP][PASSED] - saveWorkbook(excelFilePath, workbook01): Object: 'Object Repository/Выполнение бизнес-плана/Кнопка Факт' is clicked on

16-10-2024T09:09:06 - [TEST_STEP][PASSED] - if (planFact == 2): Object: 'Object Repository/Выполнение бизнес-плана/Кнопка Факт' is clicked on

16-10-2024T09:09:06 - [TEST_STEP][PASSED] - click(findTestObject("Выполнение бизнес-плана/Кнопка Факт")): Object: 'Object Repository/Выполнение бизнес-плана/Кнопка Факт' is clicked on

16-10-2024T09:09:06 - [MESSAGE][PASSED] - Object: 'Object Repository/Выполнение бизнес-плана/Кнопка Факт' is clicked on

16-10-2024T09:09:06 - [TEST_STEP][PASSED] - if (a == 84 || a == 82): null

16-10-2024T09:09:06 - [TEST_STEP][PASSED] - else if (a == 52 || a == 72 || a == 28 || a == 73 || a == 77 || a == 74 || a == 65 || a == 36 || a == 44 || a == 53 || a == 80 || a == 54 || a == 1 || a == 18 || a == 59 || a == 81): null

16-10-2024T09:09:06 - [TEST_STEP][PASSED] - page1 = getText(findTestObject("Object Repository/Выполнение бизнес-плана/spanPlan" + dzoNum)): Text of object 'Object Repository/Выполнение бизнес-плана/spanPlan5' is: '2.52'

16-10-2024T09:09:07 - [MESSAGE][PASSED] - Text of object 'Object Repository/Выполнение бизнес-плана/spanPlan5' is: '2.52'

16-10-2024T09:09:07 - [TEST_STEP][PASSED] - page1 = page1.replace("|", ""): null

16-10-2024T09:09:07 - [TEST_STEP][PASSED] - page2 = getText(findTestObject("Object Repository/Выполнение бизнес-плана/spanFact" + dzoNum)): Text of object 'Object Repository/Выполнение бизнес-плана/spanFact5' is: '2.60
|'

16-10-2024T09:09:07 - [MESSAGE][PASSED] - Text of object 'Object Repository/Выполнение бизнес-плана/spanFact5' is: '2.60
|'

16-10-2024T09:09:07 - [TEST_STEP][PASSED] - page2 = page2.replace("|", ""): null

16-10-2024T09:09:07 - [TEST_STEP][PASSED] - println("page1: " + page1): null

16-10-2024T09:09:07 - [TEST_STEP][PASSED] - println("page2: " + page2): null

16-10-2024T09:09:07 - [TEST_STEP][PASSED] - file = findTestData("PlanFact").getValue(4, a): null

16-10-2024T09:09:07 - [TEST_STEP][PASSED] - file = file.replace(",", "."): null

16-10-2024T09:09:07 - [TEST_STEP][PASSED] - println("file Plan: " + file): null

16-10-2024T09:09:07 - [TEST_STEP][PASSED] - typeOfData = "План в процентах": null

16-10-2024T09:09:07 - [TEST_STEP][PASSED] - fileDouble = file.toDouble(): null

16-10-2024T09:09:07 - [TEST_STEP][PASSED] - pageDouble = page1.toDouble(): null

16-10-2024T09:09:07 - [TEST_STEP][PASSED] - if (fileDouble != pageDouble): null

16-10-2024T09:09:07 - [TEST_STEP][PASSED] - numberOfErrors = numberOfErrors + 1: null

16-10-2024T09:09:07 - [TEST_STEP][PASSED] - Script1718980020443.WriteToExcel(a, typeOfData, todaysDate, pageInt, fileInt, pageDouble, fileDouble, dZO): null

16-10-2024T09:09:07 - [TEST_STEP][PASSED] - sheetName = "Sheet1": null

16-10-2024T09:09:07 - [TEST_STEP][PASSED] - data = findTestData("PlanFact"): null

16-10-2024T09:09:07 - [TEST_STEP][PASSED] - n = data.getRowNumbers() + 1: null

16-10-2024T09:09:07 - [TEST_STEP][PASSED] - year = todaysDate.substring(todaysDate.length() - 4, todaysDate.length()): null

16-10-2024T09:09:07 - [TEST_STEP][PASSED] - y = year.toInteger(): null

16-10-2024T09:09:07 - [TEST_STEP][PASSED] - m = getText(findTestObject("Выполнение бизнес-плана/Период")): Text of object 'Object Repository/Выполнение бизнес-плана/Период' is: '1, 2 кв., Июль, Август 2024 года'

16-10-2024T09:09:07 - [MESSAGE][PASSED] - Text of object 'Object Repository/Выполнение бизнес-плана/Период' is: '1, 2 кв., Июль, Август 2024 года'

16-10-2024T09:09:07 - [TEST_STEP][PASSED] - m = m.substring(0, m.indexOf("2024")): null

16-10-2024T09:09:07 - [TEST_STEP][PASSED] - m = m.trim(): null

16-10-2024T09:09:07 - [TEST_STEP][PASSED] - dashboardName = "Выполнение бизнес-плана": null

16-10-2024T09:09:07 - [TEST_STEP][PASSED] - workbook01 = getWorkbook(excelFilePath): null

16-10-2024T09:09:07 - [TEST_STEP][PASSED] - sheet01 = getExcelSheet(workbook01, sheetName): null

16-10-2024T09:09:07 - [TEST_STEP][PASSED] - setValueToCellByIndex(sheet01, n, 0, dashboardName): null

16-10-2024T09:09:07 - [TEST_STEP][PASSED] - setValueToCellByIndex(sheet01, n, 1, dZO): null

16-10-2024T09:09:07 - [TEST_STEP][PASSED] - setValueToCellByIndex(sheet01, n, 2, typeOfData): null

16-10-2024T09:09:07 - [TEST_STEP][PASSED] - if (typeOfData == "Факт в процентах" || typeOfData == "План в процентах"): null

16-10-2024T09:09:07 - [TEST_STEP][PASSED] - setValueToCellByIndex(sheet01, n, 3, fileDouble): null

16-10-2024T09:09:07 - [TEST_STEP][PASSED] - setValueToCellByIndex(sheet01, n, 4, pageDouble): null

16-10-2024T09:09:07 - [TEST_STEP][PASSED] - setValueToCellByIndex(sheet01, n, 5, m): null

16-10-2024T09:09:07 - [TEST_STEP][PASSED] - setValueToCellByIndex(sheet01, n, 6, y): null

16-10-2024T09:09:07 - [TEST_STEP][PASSED] - setValueToCellByIndex(sheet01, n, 7, todaysDate): null

16-10-2024T09:09:07 - [TEST_STEP][PASSED] - n = n + 1: null

16-10-2024T09:09:07 - [TEST_STEP][PASSED] - saveWorkbook(excelFilePath, workbook01): null

16-10-2024T09:09:08 - [TEST_STEP][PASSED] - file = findTestData("PlanFact").getValue(7, a): null

16-10-2024T09:09:08 - [TEST_STEP][PASSED] - file = file.replace(",", "."): null

16-10-2024T09:09:08 - [TEST_STEP][PASSED] - println("file Fact: " + file): null

16-10-2024T09:09:08 - [TEST_STEP][PASSED] - fileDouble = file.toDouble(): null

16-10-2024T09:09:08 - [TEST_STEP][PASSED] - typeOfData = "Факт в процентах": null

16-10-2024T09:09:08 - [TEST_STEP][PASSED] - fileDouble = file.toDouble(): null

16-10-2024T09:09:08 - [TEST_STEP][PASSED] - pageDouble = page2.toDouble(): null

16-10-2024T09:09:08 - [TEST_STEP][PASSED] - if (fileDouble != pageDouble): null

16-10-2024T09:09:08 - [TEST_STEP][FAILED] - if (verifyEqual(numberOfErrors, 0) == false): null

16-10-2024T09:09:08 - [MESSAGE][FAILED] - Unable to verify equal between actual object '5' and expected object '0' (Root cause: com.kms.katalon.core.exception.StepFailedException: Actual object '5' and expected object '0' are not equal
	at com.kms.katalon.core.keyword.builtin.VerifyEqualKeyword$_verifyEqual_closure1.doCall(VerifyEqualKeyword.groovy:58)
	at com.kms.katalon.core.keyword.builtin.VerifyEqualKeyword$_verifyEqual_closure1.call(VerifyEqualKeyword.groovy)
	at com.kms.katalon.core.keyword.internal.KeywordMain.runKeyword(KeywordMain.groovy:75)
	at com.kms.katalon.core.keyword.builtin.VerifyEqualKeyword.verifyEqual(VerifyEqualKeyword.groovy:63)
	at com.kms.katalon.core.keyword.builtin.VerifyEqualKeyword.execute(VerifyEqualKeyword.groovy:44)
	at com.kms.katalon.core.keyword.internal.KeywordExecutor.executeKeywordForPlatform(KeywordExecutor.groovy:74)
	at com.kms.katalon.core.keyword.BuiltinKeywords.verifyEqual(BuiltinKeywords.groovy:146)
	at jdk.internal.reflect.GeneratedMethodAccessor25.invoke(Unknown Source)
	at java.base/jdk.internal.reflect.DelegatingMethodAccessorImpl.invoke(DelegatingMethodAccessorImpl.java:43)
	at Выполнение бизнес-плана Сверка ПАО Россети все филиалы.Numbers(Выполнение бизнес-плана Сверка ПАО Россети все филиалы:749)
	at Выполнение бизнес-плана Сверка ПАО Россети все филиалы.run(Выполнение бизнес-плана Сверка ПАО Россети все филиалы:369)
	at com.kms.katalon.core.main.ScriptEngine.run(ScriptEngine.java:194)
	at com.kms.katalon.core.main.ScriptEngine.runScriptAsRawText(ScriptEngine.java:119)
	at com.kms.katalon.core.main.TestCaseExecutor.runScript(TestCaseExecutor.java:448)
	at com.kms.katalon.core.main.TestCaseExecutor.doExecute(TestCaseExecutor.java:439)
	at com.kms.katalon.core.main.TestCaseExecutor.processExecutionPhase(TestCaseExecutor.java:418)
	at com.kms.katalon.core.main.TestCaseExecutor.accessMainPhase(TestCaseExecutor.java:410)
	at com.kms.katalon.core.main.TestCaseExecutor.execute(TestCaseExecutor.java:285)
	at com.kms.katalon.core.common.CommonExecutor.accessTestCaseMainPhase(CommonExecutor.java:65)
	at com.kms.katalon.core.main.TestSuiteExecutor.accessTestSuiteMainPhase(TestSuiteExecutor.java:150)
	at com.kms.katalon.core.main.TestSuiteExecutor.execute(TestSuiteExecutor.java:106)
	at com.kms.katalon.core.main.TestCaseMain.startTestSuite(TestCaseMain.java:180)
	at TempTestSuite1729057289574.run(TempTestSuite1729057289574.groovy:35)
	at java.base/jdk.internal.reflect.NativeMethodAccessorImpl.invoke0(Native Method)
	at java.base/jdk.internal.reflect.NativeMethodAccessorImpl.invoke(NativeMethodAccessorImpl.java:77)
	at java.base/jdk.internal.reflect.DelegatingMethodAccessorImpl.invoke(DelegatingMethodAccessorImpl.java:43)
)

16-10-2024T09:09:08 - [TEST_STEP][PASSED] - println(numberOfErrors): null

16-10-2024T09:09:08 - [TEST_STEP][PASSED] - if (a == 28 || a == 77 || a == 74 || a == 65 || a == 36 || a == 44 || a == 54 || a == 1 || a == 18 || a == 59): null

16-10-2024T09:09:08 - [TEST_STEP][PASSED] - if (a == 82): null

16-10-2024T09:09:08 - [TEST_STEP][PASSED] - println(dzoNum): null

16-10-2024T09:09:08 - [TEST_STEP][PASSED] - dZO = "Россети Урал (ГК)": null

16-10-2024T09:09:08 - [TEST_STEP][PASSED] - a = 54: null

16-10-2024T09:09:08 - [TEST_STEP][PASSED] - if (x1.contains(dZO)): null

16-10-2024T09:09:08 - [TEST_STEP][PASSED] - else: null

16-10-2024T09:09:08 - [TEST_STEP][PASSED] - Script1718980020443.NoData(a, typeOfData, todaysDate, fileInt, fileDouble, dZO): null

16-10-2024T09:09:08 - [TEST_STEP][PASSED] - println(a): null

16-10-2024T09:09:08 - [TEST_STEP][PASSED] - println(todaysDate): null

16-10-2024T09:09:08 - [TEST_STEP][PASSED] - println(fileInt): null

16-10-2024T09:09:08 - [TEST_STEP][PASSED] - println(fileDouble): null

16-10-2024T09:09:08 - [TEST_STEP][PASSED] - println(dZO): null

16-10-2024T09:09:08 - [TEST_STEP][PASSED] - typeOfData = "Факт Отпуск в сеть": null

16-10-2024T09:09:08 - [TEST_STEP][PASSED] - fileInt = replaceAll("\s+", "").toInteger(): null

16-10-2024T09:09:08 - [TEST_STEP][PASSED] - Script1718980020443.WriteToExcelNoData(a, typeOfData, todaysDate, fileInt, fileDouble, dZO): null

16-10-2024T09:09:08 - [TEST_STEP][PASSED] - sheetName = "Sheet1": null

16-10-2024T09:09:08 - [TEST_STEP][PASSED] - data = findTestData("PlanFact"): null

16-10-2024T09:09:08 - [TEST_STEP][PASSED] - n = data.getRowNumbers() + 1: null

16-10-2024T09:09:08 - [TEST_STEP][PASSED] - year = todaysDate.substring(todaysDate.length() - 4, todaysDate.length()): null

16-10-2024T09:09:08 - [TEST_STEP][PASSED] - y = year.toInteger(): null

16-10-2024T09:09:08 - [TEST_STEP][PASSED] - m = getText(findTestObject("Выполнение бизнес-плана/Период")): Text of object 'Object Repository/Выполнение бизнес-плана/Период' is: '1, 2 кв., Июль, Август 2024 года'

16-10-2024T09:09:08 - [MESSAGE][PASSED] - Text of object 'Object Repository/Выполнение бизнес-плана/Период' is: '1, 2 кв., Июль, Август 2024 года'

16-10-2024T09:09:08 - [TEST_STEP][PASSED] - m = m.substring(0, m.indexOf("2024")): null

16-10-2024T09:09:08 - [TEST_STEP][PASSED] - m = m.trim(): null

16-10-2024T09:09:08 - [TEST_STEP][PASSED] - dashboardName = "Выполнение бизнес-плана": null

16-10-2024T09:09:08 - [TEST_STEP][PASSED] - workbook01 = getWorkbook(excelFilePath): null

16-10-2024T09:09:08 - [TEST_STEP][PASSED] - sheet01 = getExcelSheet(workbook01, sheetName): null

16-10-2024T09:09:08 - [TEST_STEP][PASSED] - setValueToCellByIndex(sheet01, n, 0, dashboardName): null

16-10-2024T09:09:08 - [TEST_STEP][PASSED] - setValueToCellByIndex(sheet01, n, 1, dZO): null

16-10-2024T09:09:08 - [TEST_STEP][PASSED] - setValueToCellByIndex(sheet01, n, 2, typeOfData): null

16-10-2024T09:09:08 - [TEST_STEP][PASSED] - if (typeOfData == "Факт в процентах" || typeOfData == "План в процентах"): null

16-10-2024T09:09:08 - [TEST_STEP][PASSED] - else: null

16-10-2024T09:09:08 - [TEST_STEP][PASSED] - setValueToCellByIndex(sheet01, n, 3, fileInt): null

16-10-2024T09:09:08 - [TEST_STEP][PASSED] - setValueToCellByIndex(sheet01, n, 4, "нет данных"): null

16-10-2024T09:09:08 - [TEST_STEP][PASSED] - setValueToCellByIndex(sheet01, n, 5, m): null

16-10-2024T09:09:08 - [TEST_STEP][PASSED] - setValueToCellByIndex(sheet01, n, 6, y): null

16-10-2024T09:09:08 - [TEST_STEP][PASSED] - setValueToCellByIndex(sheet01, n, 7, todaysDate): null

16-10-2024T09:09:08 - [TEST_STEP][PASSED] - n = n + 1: null

16-10-2024T09:09:08 - [TEST_STEP][PASSED] - saveWorkbook(excelFilePath, workbook01): null

16-10-2024T09:09:08 - [TEST_STEP][PASSED] - typeOfData = "Факт Потери": null

16-10-2024T09:09:08 - [TEST_STEP][PASSED] - fileInt = replaceAll("\s+", "").toInteger(): null

16-10-2024T09:09:08 - [TEST_STEP][PASSED] - Script1718980020443.WriteToExcelNoData(a, typeOfData, todaysDate, fileInt, fileDouble, dZO): null

16-10-2024T09:09:08 - [TEST_STEP][PASSED] - sheetName = "Sheet1": null

16-10-2024T09:09:08 - [TEST_STEP][PASSED] - data = findTestData("PlanFact"): null

16-10-2024T09:09:08 - [TEST_STEP][PASSED] - n = data.getRowNumbers() + 1: null

16-10-2024T09:09:08 - [TEST_STEP][PASSED] - year = todaysDate.substring(todaysDate.length() - 4, todaysDate.length()): null

16-10-2024T09:09:08 - [TEST_STEP][PASSED] - y = year.toInteger(): null

16-10-2024T09:09:08 - [TEST_STEP][PASSED] - m = getText(findTestObject("Выполнение бизнес-плана/Период")): Text of object 'Object Repository/Выполнение бизнес-плана/Период' is: '1, 2 кв., Июль, Август 2024 года'

16-10-2024T09:09:09 - [MESSAGE][PASSED] - Text of object 'Object Repository/Выполнение бизнес-плана/Период' is: '1, 2 кв., Июль, Август 2024 года'

16-10-2024T09:09:09 - [TEST_STEP][PASSED] - m = m.substring(0, m.indexOf("2024")): null

16-10-2024T09:09:09 - [TEST_STEP][PASSED] - m = m.trim(): null

16-10-2024T09:09:09 - [TEST_STEP][PASSED] - dashboardName = "Выполнение бизнес-плана": null

16-10-2024T09:09:09 - [TEST_STEP][PASSED] - workbook01 = getWorkbook(excelFilePath): null

16-10-2024T09:09:09 - [TEST_STEP][PASSED] - sheet01 = getExcelSheet(workbook01, sheetName): null

16-10-2024T09:09:09 - [TEST_STEP][PASSED] - setValueToCellByIndex(sheet01, n, 0, dashboardName): null

16-10-2024T09:09:09 - [TEST_STEP][PASSED] - setValueToCellByIndex(sheet01, n, 1, dZO): null

16-10-2024T09:09:09 - [TEST_STEP][PASSED] - setValueToCellByIndex(sheet01, n, 2, typeOfData): null

16-10-2024T09:09:09 - [TEST_STEP][PASSED] - if (typeOfData == "Факт в процентах" || typeOfData == "План в процентах"): null

16-10-2024T09:09:09 - [TEST_STEP][PASSED] - else: null

16-10-2024T09:09:09 - [TEST_STEP][PASSED] - setValueToCellByIndex(sheet01, n, 3, fileInt): null

16-10-2024T09:09:09 - [TEST_STEP][PASSED] - setValueToCellByIndex(sheet01, n, 4, "нет данных"): null

16-10-2024T09:09:09 - [TEST_STEP][PASSED] - setValueToCellByIndex(sheet01, n, 5, m): null

16-10-2024T09:09:09 - [TEST_STEP][PASSED] - setValueToCellByIndex(sheet01, n, 6, y): null

16-10-2024T09:09:09 - [TEST_STEP][PASSED] - setValueToCellByIndex(sheet01, n, 7, todaysDate): null

16-10-2024T09:09:09 - [TEST_STEP][PASSED] - n = n + 1: null

16-10-2024T09:09:09 - [TEST_STEP][PASSED] - saveWorkbook(excelFilePath, workbook01): null

16-10-2024T09:09:09 - [TEST_STEP][PASSED] - typeOfData = "План Отпуск в сеть": null

16-10-2024T09:09:09 - [TEST_STEP][PASSED] - fileInt = replaceAll("\s+", "").toInteger(): null

16-10-2024T09:09:09 - [TEST_STEP][PASSED] - Script1718980020443.WriteToExcelNoData(a, typeOfData, todaysDate, fileInt, fileDouble, dZO): null

16-10-2024T09:09:09 - [TEST_STEP][PASSED] - sheetName = "Sheet1": null

16-10-2024T09:09:09 - [TEST_STEP][PASSED] - data = findTestData("PlanFact"): null

16-10-2024T09:09:09 - [TEST_STEP][PASSED] - n = data.getRowNumbers() + 1: null

16-10-2024T09:09:09 - [TEST_STEP][PASSED] - year = todaysDate.substring(todaysDate.length() - 4, todaysDate.length()): null

16-10-2024T09:09:09 - [TEST_STEP][PASSED] - y = year.toInteger(): null

16-10-2024T09:09:09 - [TEST_STEP][PASSED] - m = getText(findTestObject("Выполнение бизнес-плана/Период")): Text of object 'Object Repository/Выполнение бизнес-плана/Период' is: '1, 2 кв., Июль, Август 2024 года'

16-10-2024T09:09:09 - [MESSAGE][PASSED] - Text of object 'Object Repository/Выполнение бизнес-плана/Период' is: '1, 2 кв., Июль, Август 2024 года'

16-10-2024T09:09:09 - [TEST_STEP][PASSED] - m = m.substring(0, m.indexOf("2024")): null

16-10-2024T09:09:09 - [TEST_STEP][PASSED] - m = m.trim(): null

16-10-2024T09:09:09 - [TEST_STEP][PASSED] - dashboardName = "Выполнение бизнес-плана": null

16-10-2024T09:09:09 - [TEST_STEP][PASSED] - workbook01 = getWorkbook(excelFilePath): null

16-10-2024T09:09:09 - [TEST_STEP][PASSED] - sheet01 = getExcelSheet(workbook01, sheetName): null

16-10-2024T09:09:09 - [TEST_STEP][PASSED] - setValueToCellByIndex(sheet01, n, 0, dashboardName): null

16-10-2024T09:09:09 - [TEST_STEP][PASSED] - setValueToCellByIndex(sheet01, n, 1, dZO): null

16-10-2024T09:09:09 - [TEST_STEP][PASSED] - setValueToCellByIndex(sheet01, n, 2, typeOfData): null

16-10-2024T09:09:09 - [TEST_STEP][PASSED] - if (typeOfData == "Факт в процентах" || typeOfData == "План в процентах"): null

16-10-2024T09:09:09 - [TEST_STEP][PASSED] - else: null

16-10-2024T09:09:09 - [TEST_STEP][PASSED] - setValueToCellByIndex(sheet01, n, 3, fileInt): null

16-10-2024T09:09:09 - [TEST_STEP][PASSED] - setValueToCellByIndex(sheet01, n, 4, "нет данных"): null

16-10-2024T09:09:09 - [TEST_STEP][PASSED] - setValueToCellByIndex(sheet01, n, 5, m): null

16-10-2024T09:09:09 - [TEST_STEP][PASSED] - setValueToCellByIndex(sheet01, n, 6, y): null

16-10-2024T09:09:09 - [TEST_STEP][PASSED] - setValueToCellByIndex(sheet01, n, 7, todaysDate): null

16-10-2024T09:09:09 - [TEST_STEP][PASSED] - n = n + 1: null

16-10-2024T09:09:09 - [TEST_STEP][PASSED] - saveWorkbook(excelFilePath, workbook01): null

16-10-2024T09:09:10 - [TEST_STEP][PASSED] - typeOfData = "План Потери": null

16-10-2024T09:09:10 - [TEST_STEP][PASSED] - fileInt = replaceAll("\s+", "").toInteger(): null

16-10-2024T09:09:10 - [TEST_STEP][PASSED] - Script1718980020443.WriteToExcelNoData(a, typeOfData, todaysDate, fileInt, fileDouble, dZO): null

16-10-2024T09:09:10 - [TEST_STEP][PASSED] - sheetName = "Sheet1": null

16-10-2024T09:09:10 - [TEST_STEP][PASSED] - data = findTestData("PlanFact"): null

16-10-2024T09:09:10 - [TEST_STEP][PASSED] - n = data.getRowNumbers() + 1: null

16-10-2024T09:09:10 - [TEST_STEP][PASSED] - year = todaysDate.substring(todaysDate.length() - 4, todaysDate.length()): null

16-10-2024T09:09:10 - [TEST_STEP][PASSED] - y = year.toInteger(): null

16-10-2024T09:09:10 - [TEST_STEP][PASSED] - m = getText(findTestObject("Выполнение бизнес-плана/Период")): Text of object 'Object Repository/Выполнение бизнес-плана/Период' is: '1, 2 кв., Июль, Август 2024 года'

16-10-2024T09:09:10 - [MESSAGE][PASSED] - Text of object 'Object Repository/Выполнение бизнес-плана/Период' is: '1, 2 кв., Июль, Август 2024 года'

16-10-2024T09:09:10 - [TEST_STEP][PASSED] - m = m.substring(0, m.indexOf("2024")): null

16-10-2024T09:09:10 - [TEST_STEP][PASSED] - m = m.trim(): null

16-10-2024T09:09:10 - [TEST_STEP][PASSED] - dashboardName = "Выполнение бизнес-плана": null

16-10-2024T09:09:10 - [TEST_STEP][PASSED] - workbook01 = getWorkbook(excelFilePath): null

16-10-2024T09:09:10 - [TEST_STEP][PASSED] - sheet01 = getExcelSheet(workbook01, sheetName): null

16-10-2024T09:09:10 - [TEST_STEP][PASSED] - setValueToCellByIndex(sheet01, n, 0, dashboardName): null

16-10-2024T09:09:10 - [TEST_STEP][PASSED] - setValueToCellByIndex(sheet01, n, 1, dZO): null

16-10-2024T09:09:10 - [TEST_STEP][PASSED] - setValueToCellByIndex(sheet01, n, 2, typeOfData): null

16-10-2024T09:09:10 - [TEST_STEP][PASSED] - if (typeOfData == "Факт в процентах" || typeOfData == "План в процентах"): null

16-10-2024T09:09:10 - [TEST_STEP][PASSED] - else: null

16-10-2024T09:09:10 - [TEST_STEP][PASSED] - setValueToCellByIndex(sheet01, n, 3, fileInt): null

16-10-2024T09:09:10 - [TEST_STEP][PASSED] - setValueToCellByIndex(sheet01, n, 4, "нет данных"): null

16-10-2024T09:09:10 - [TEST_STEP][PASSED] - setValueToCellByIndex(sheet01, n, 5, m): null

16-10-2024T09:09:10 - [TEST_STEP][PASSED] - setValueToCellByIndex(sheet01, n, 6, y): null

16-10-2024T09:09:10 - [TEST_STEP][PASSED] - setValueToCellByIndex(sheet01, n, 7, todaysDate): null

16-10-2024T09:09:10 - [TEST_STEP][PASSED] - n = n + 1: null

16-10-2024T09:09:10 - [TEST_STEP][PASSED] - saveWorkbook(excelFilePath, workbook01): null

16-10-2024T09:09:10 - [TEST_STEP][PASSED] - typeOfData = "План в процентах": null

16-10-2024T09:09:10 - [TEST_STEP][PASSED] - fileDouble = ").toDouble(): null

16-10-2024T09:09:10 - [TEST_STEP][PASSED] - Script1718980020443.WriteToExcelNoData(a, typeOfData, todaysDate, fileInt, fileDouble, dZO): null

16-10-2024T09:09:10 - [TEST_STEP][PASSED] - sheetName = "Sheet1": null

16-10-2024T09:09:10 - [TEST_STEP][PASSED] - data = findTestData("PlanFact"): null

16-10-2024T09:09:10 - [TEST_STEP][PASSED] - n = data.getRowNumbers() + 1: null

16-10-2024T09:09:10 - [TEST_STEP][PASSED] - year = todaysDate.substring(todaysDate.length() - 4, todaysDate.length()): null

16-10-2024T09:09:10 - [TEST_STEP][PASSED] - y = year.toInteger(): null

16-10-2024T09:09:10 - [TEST_STEP][PASSED] - m = getText(findTestObject("Выполнение бизнес-плана/Период")): Text of object 'Object Repository/Выполнение бизнес-плана/Период' is: '1, 2 кв., Июль, Август 2024 года'

16-10-2024T09:09:11 - [MESSAGE][PASSED] - Text of object 'Object Repository/Выполнение бизнес-плана/Период' is: '1, 2 кв., Июль, Август 2024 года'

16-10-2024T09:09:11 - [TEST_STEP][PASSED] - m = m.substring(0, m.indexOf("2024")): null

16-10-2024T09:09:11 - [TEST_STEP][PASSED] - m = m.trim(): null

16-10-2024T09:09:11 - [TEST_STEP][PASSED] - dashboardName = "Выполнение бизнес-плана": null

16-10-2024T09:09:11 - [TEST_STEP][PASSED] - workbook01 = getWorkbook(excelFilePath): null

16-10-2024T09:09:11 - [TEST_STEP][PASSED] - sheet01 = getExcelSheet(workbook01, sheetName): null

16-10-2024T09:09:11 - [TEST_STEP][PASSED] - setValueToCellByIndex(sheet01, n, 0, dashboardName): null

16-10-2024T09:09:11 - [TEST_STEP][PASSED] - setValueToCellByIndex(sheet01, n, 1, dZO): null

16-10-2024T09:09:11 - [TEST_STEP][PASSED] - setValueToCellByIndex(sheet01, n, 2, typeOfData): null

16-10-2024T09:09:11 - [TEST_STEP][PASSED] - if (typeOfData == "Факт в процентах" || typeOfData == "План в процентах"): null

16-10-2024T09:09:11 - [TEST_STEP][PASSED] - setValueToCellByIndex(sheet01, n, 3, fileDouble): null

16-10-2024T09:09:11 - [TEST_STEP][PASSED] - setValueToCellByIndex(sheet01, n, 4, "нет данных"): null

16-10-2024T09:09:11 - [TEST_STEP][PASSED] - setValueToCellByIndex(sheet01, n, 5, m): null

16-10-2024T09:09:11 - [TEST_STEP][PASSED] - setValueToCellByIndex(sheet01, n, 6, y): null

16-10-2024T09:09:11 - [TEST_STEP][PASSED] - setValueToCellByIndex(sheet01, n, 7, todaysDate): null

16-10-2024T09:09:11 - [TEST_STEP][PASSED] - n = n + 1: null

16-10-2024T09:09:11 - [TEST_STEP][PASSED] - saveWorkbook(excelFilePath, workbook01): null

16-10-2024T09:09:11 - [TEST_STEP][PASSED] - typeOfData = "Факт в процентах": null

16-10-2024T09:09:11 - [TEST_STEP][PASSED] - fileDouble = ").toDouble(): null

16-10-2024T09:09:11 - [TEST_STEP][PASSED] - Script1718980020443.WriteToExcelNoData(a, typeOfData, todaysDate, fileInt, fileDouble, dZO): null

16-10-2024T09:09:11 - [TEST_STEP][PASSED] - sheetName = "Sheet1": null

16-10-2024T09:09:11 - [TEST_STEP][PASSED] - data = findTestData("PlanFact"): null

16-10-2024T09:09:11 - [TEST_STEP][PASSED] - n = data.getRowNumbers() + 1: null

16-10-2024T09:09:11 - [TEST_STEP][PASSED] - year = todaysDate.substring(todaysDate.length() - 4, todaysDate.length()): null

16-10-2024T09:09:11 - [TEST_STEP][PASSED] - y = year.toInteger(): null

16-10-2024T09:09:11 - [TEST_STEP][PASSED] - m = getText(findTestObject("Выполнение бизнес-плана/Период")): Text of object 'Object Repository/Выполнение бизнес-плана/Период' is: '1, 2 кв., Июль, Август 2024 года'

16-10-2024T09:09:11 - [MESSAGE][PASSED] - Text of object 'Object Repository/Выполнение бизнес-плана/Период' is: '1, 2 кв., Июль, Август 2024 года'

16-10-2024T09:09:11 - [TEST_STEP][PASSED] - m = m.substring(0, m.indexOf("2024")): null

16-10-2024T09:09:11 - [TEST_STEP][PASSED] - m = m.trim(): null

16-10-2024T09:09:11 - [TEST_STEP][PASSED] - dashboardName = "Выполнение бизнес-плана": null

16-10-2024T09:09:11 - [TEST_STEP][PASSED] - workbook01 = getWorkbook(excelFilePath): null

16-10-2024T09:09:11 - [TEST_STEP][PASSED] - sheet01 = getExcelSheet(workbook01, sheetName): null

16-10-2024T09:09:11 - [TEST_STEP][PASSED] - setValueToCellByIndex(sheet01, n, 0, dashboardName): null

16-10-2024T09:09:11 - [TEST_STEP][PASSED] - setValueToCellByIndex(sheet01, n, 1, dZO): null

16-10-2024T09:09:11 - [TEST_STEP][PASSED] - setValueToCellByIndex(sheet01, n, 2, typeOfData): null

16-10-2024T09:09:11 - [TEST_STEP][PASSED] - if (typeOfData == "Факт в процентах" || typeOfData == "План в процентах"): null

16-10-2024T09:09:11 - [TEST_STEP][PASSED] - setValueToCellByIndex(sheet01, n, 3, fileDouble): null

16-10-2024T09:09:11 - [TEST_STEP][PASSED] - setValueToCellByIndex(sheet01, n, 4, "нет данных"): null

16-10-2024T09:09:11 - [TEST_STEP][PASSED] - setValueToCellByIndex(sheet01, n, 5, m): null

16-10-2024T09:09:11 - [TEST_STEP][PASSED] - setValueToCellByIndex(sheet01, n, 6, y): null

16-10-2024T09:09:11 - [TEST_STEP][PASSED] - setValueToCellByIndex(sheet01, n, 7, todaysDate): null

16-10-2024T09:09:11 - [TEST_STEP][PASSED] - n = n + 1: null

16-10-2024T09:09:11 - [TEST_STEP][PASSED] - saveWorkbook(excelFilePath, workbook01): null

16-10-2024T09:09:12 - [TEST_STEP][PASSED] - println(dzoNum): null

16-10-2024T09:09:12 - [TEST_STEP][PASSED] - dZO = "Россети Центр (ГК)": null

16-10-2024T09:09:12 - [TEST_STEP][PASSED] - a = 1: null

16-10-2024T09:09:12 - [TEST_STEP][PASSED] - if (x1.contains(dZO)): null

16-10-2024T09:09:12 - [TEST_STEP][PASSED] - dzoNum = dzoNum + 1: null

16-10-2024T09:09:12 - [TEST_STEP][PASSED] - Script1718980020443.Numbers(a, typeOfData, todaysDate, pageInt, fileInt, pageDouble, fileDouble, dZO, dzoNum, filialNum): null

16-10-2024T09:09:12 - [TEST_STEP][PASSED] - println(dzoNum): null

16-10-2024T09:09:12 - [TEST_STEP][PASSED] - planFact = <not implemented yet for class: org.codehaus.groovy.ast.expr.EmptyExpression>: null

16-10-2024T09:09:12 - [TEST_STEP][PASSED] - page = <not implemented yet for class: org.codehaus.groovy.ast.expr.EmptyExpression>: null

16-10-2024T09:09:12 - [TEST_STEP][PASSED] - page1 = <not implemented yet for class: org.codehaus.groovy.ast.expr.EmptyExpression>: null

16-10-2024T09:09:12 - [TEST_STEP][PASSED] - page2 = <not implemented yet for class: org.codehaus.groovy.ast.expr.EmptyExpression>: null

16-10-2024T09:09:12 - [TEST_STEP][PASSED] - filialNumberInRow = <not implemented yet for class: org.codehaus.groovy.ast.expr.EmptyExpression>: null

16-10-2024T09:09:12 - [TEST_STEP][PASSED] - filialsDzoNames = <not implemented yet for class: org.codehaus.groovy.ast.expr.EmptyExpression>: null

16-10-2024T09:09:12 - [TEST_STEP][PASSED] - numberOfFilials = <not implemented yet for class: org.codehaus.groovy.ast.expr.EmptyExpression>: null

16-10-2024T09:09:12 - [TEST_STEP][PASSED] - numberOfSpaces = <not implemented yet for class: org.codehaus.groovy.ast.expr.EmptyExpression>: null

16-10-2024T09:09:12 - [TEST_STEP][PASSED] - file = <not implemented yet for class: org.codehaus.groovy.ast.expr.EmptyExpression>: null

16-10-2024T09:09:12 - [TEST_STEP][PASSED] - otpusk = <not implemented yet for class: org.codehaus.groovy.ast.expr.EmptyExpression>: null

16-10-2024T09:09:12 - [TEST_STEP][PASSED] - poteri = <not implemented yet for class: org.codehaus.groovy.ast.expr.EmptyExpression>: null

16-10-2024T09:09:12 - [TEST_STEP][PASSED] - dataFolder = "Выполнение бизнес-плана/Значения со страницы Выполнение бизнес-плана/": null

16-10-2024T09:09:12 - [TEST_STEP][PASSED] - path = <not implemented yet for class: org.codehaus.groovy.ast.expr.EmptyExpression>: null

16-10-2024T09:09:12 - [TEST_STEP][PASSED] - typeOfDataMain = <not implemented yet for class: org.codehaus.groovy.ast.expr.EmptyExpression>: null

16-10-2024T09:09:12 - [TEST_STEP][PASSED] - fileOtpuskVSet = <not implemented yet for class: org.codehaus.groovy.ast.expr.EmptyExpression>: null

16-10-2024T09:09:12 - [TEST_STEP][PASSED] - pageOtpuskVSet = <not implemented yet for class: org.codehaus.groovy.ast.expr.EmptyExpression>: null

16-10-2024T09:09:12 - [TEST_STEP][PASSED] - filePoteri = <not implemented yet for class: org.codehaus.groovy.ast.expr.EmptyExpression>: null

16-10-2024T09:09:12 - [TEST_STEP][PASSED] - pagePoteri = <not implemented yet for class: org.codehaus.groovy.ast.expr.EmptyExpression>: null

16-10-2024T09:09:12 - [TEST_STEP][PASSED] - compare = <not implemented yet for class: org.codehaus.groovy.ast.expr.EmptyExpression>: null

16-10-2024T09:09:12 - [TEST_STEP][PASSED] - b = <not implemented yet for class: org.codehaus.groovy.ast.expr.EmptyExpression>: null

16-10-2024T09:09:12 - [TEST_STEP][PASSED] - i = <not implemented yet for class: org.codehaus.groovy.ast.expr.EmptyExpression>: null

16-10-2024T09:09:12 - [TEST_STEP][PASSED] - ii = <not implemented yet for class: org.codehaus.groovy.ast.expr.EmptyExpression>: null

16-10-2024T09:09:12 - [TEST_STEP][PASSED] - c = <not implemented yet for class: org.codehaus.groovy.ast.expr.EmptyExpression>: null

16-10-2024T09:09:12 - [TEST_STEP][PASSED] - numberOfErrors = 0: null

16-10-2024T09:09:12 - [TEST_STEP][PASSED] - if (a == 82): null

16-10-2024T09:09:12 - [TEST_STEP][PASSED] - b = findTestData("PlanFact").getValue(1, a): null

16-10-2024T09:09:12 - [TEST_STEP][PASSED] - i = b.indexOf(" (ГК)"): null

16-10-2024T09:09:12 - [TEST_STEP][PASSED] - if (i > -1): null

16-10-2024T09:09:12 - [TEST_STEP][PASSED] - b = b.substring(0, i): null

16-10-2024T09:09:12 - [TEST_STEP][PASSED] - b = b.trim(): null

16-10-2024T09:09:12 - [TEST_STEP][PASSED] - i = b.indexOf("О ""): null

16-10-2024T09:09:12 - [TEST_STEP][PASSED] - if (i > -1): null

16-10-2024T09:09:12 - [TEST_STEP][PASSED] - i = b.indexOf("О «"): null

16-10-2024T09:09:12 - [TEST_STEP][PASSED] - if (i > -1): null

16-10-2024T09:09:12 - [TEST_STEP][PASSED] - i = b.indexOf("г. "): null

16-10-2024T09:09:12 - [TEST_STEP][PASSED] - if (i > -1): null

16-10-2024T09:09:12 - [TEST_STEP][PASSED] - println(b): null

16-10-2024T09:09:12 - [TEST_STEP][PASSED] - for ([planFact = 1, planFact < 3, (planFact++)]): null

16-10-2024T09:09:12 - [TEST_STEP][PASSED] - if (planFact == 1): null

16-10-2024T09:09:12 - [TEST_STEP][PASSED] - typeOfDataMain = "Факт": null

16-10-2024T09:09:12 - [TEST_STEP][PASSED] - otpusk = findTestData("PlanFact").getValue(5, a): null

16-10-2024T09:09:12 - [TEST_STEP][PASSED] - poteri = findTestData("PlanFact").getValue(6, a): null

16-10-2024T09:09:12 - [TEST_STEP][PASSED] - otpusk = otpusk.replaceAll("\s+", ""): null

16-10-2024T09:09:12 - [TEST_STEP][PASSED] - poteri = poteri.replaceAll("\s+", ""): null

16-10-2024T09:09:12 - [TEST_STEP][PASSED] - typeOfData = typeOfDataMain + " Отпуск в сеть": null

16-10-2024T09:09:12 - [TEST_STEP][PASSED] - if (a == 82): null

16-10-2024T09:09:12 - [TEST_STEP][PASSED] - else if (a == 84): null

16-10-2024T09:09:12 - [TEST_STEP][PASSED] - else if (a == 52 || a == 72 || a == 28 || a == 73 || a == 77 || a == 74 || a == 65 || a == 36 || a == 44 || a == 53 || a == 80 || a == 54 || a == 1 || a == 18 || a == 59 || a == 81): null

16-10-2024T09:09:12 - [TEST_STEP][PASSED] - path = dataFolder + "Table Data/" + typeOfData + " за отчётный период " + dzoNum: null

16-10-2024T09:09:12 - [TEST_STEP][PASSED] - println(path): null

16-10-2024T09:09:12 - [TEST_STEP][PASSED] - page = getText(findTestObject(path)): Text of object 'Object Repository/Выполнение бизнес-плана/Значения со страницы Выполнение бизнес-плана/Table Data/Факт Отпуск в сеть за отчётный период 6' is: '40 032 969'

16-10-2024T09:09:12 - [MESSAGE][PASSED] - Text of object 'Object Repository/Выполнение бизнес-плана/Значения со страницы Выполнение бизнес-плана/Table Data/Факт Отпуск в сеть за отчётный период 6' is: '40 032 969'

16-10-2024T09:09:12 - [TEST_STEP][PASSED] - page = page.replaceAll("\s+", ""): null

16-10-2024T09:09:12 - [TEST_STEP][PASSED] - fileOtpuskVSet = otpusk.toInteger(): null

16-10-2024T09:09:12 - [TEST_STEP][PASSED] - pageOtpuskVSet = page.toInteger(): null

16-10-2024T09:09:12 - [TEST_STEP][PASSED] - typeOfData = typeOfDataMain + " Потери": null

16-10-2024T09:09:12 - [TEST_STEP][PASSED] - if (a == 82): null

16-10-2024T09:09:12 - [TEST_STEP][PASSED] - else if (a == 84): null

16-10-2024T09:09:12 - [TEST_STEP][PASSED] - else if (a == 52 || a == 72 || a == 28 || a == 73 || a == 77 || a == 74 || a == 65 || a == 36 || a == 44 || a == 53 || a == 80 || a == 54 || a == 1 || a == 18 || a == 59 || a == 81): null

16-10-2024T09:09:12 - [TEST_STEP][PASSED] - path = dataFolder + "Table Data/" + typeOfData + " за отчётный период " + dzoNum: null

16-10-2024T09:09:12 - [TEST_STEP][PASSED] - page = getText(findTestObject(path)): Text of object 'Object Repository/Выполнение бизнес-плана/Значения со страницы Выполнение бизнес-плана/Table Data/Факт Потери за отчётный период 6' is: '3 888 420'

16-10-2024T09:09:12 - [MESSAGE][PASSED] - Text of object 'Object Repository/Выполнение бизнес-плана/Значения со страницы Выполнение бизнес-плана/Table Data/Факт Потери за отчётный период 6' is: '3 888 420'

16-10-2024T09:09:12 - [TEST_STEP][PASSED] - page = page.replaceAll("\s+", ""): null

16-10-2024T09:09:12 - [TEST_STEP][PASSED] - filePoteri = poteri.toInteger(): null

16-10-2024T09:09:12 - [TEST_STEP][PASSED] - pagePoteri = page.toInteger(): null

16-10-2024T09:09:12 - [TEST_STEP][PASSED] - compare = pageOtpuskVSet: null

16-10-2024T09:09:12 - [TEST_STEP][PASSED] - if (compare == fileOtpuskVSet): null

16-10-2024T09:09:12 - [TEST_STEP][PASSED] - else if (compare > fileOtpuskVSet): null

16-10-2024T09:09:12 - [TEST_STEP][PASSED] - compare = compare - 1: null

16-10-2024T09:09:12 - [TEST_STEP][PASSED] - if (compare == fileOtpuskVSet): null

16-10-2024T09:09:12 - [TEST_STEP][PASSED] - else: null

16-10-2024T09:09:12 - [TEST_STEP][PASSED] - numberOfErrors = numberOfErrors + 1: null

16-10-2024T09:09:12 - [TEST_STEP][PASSED] - pageInt = pageOtpuskVSet: null

16-10-2024T09:09:12 - [TEST_STEP][PASSED] - fileInt = fileOtpuskVSet: null

16-10-2024T09:09:12 - [TEST_STEP][PASSED] - typeOfData = typeOfDataMain + " Отпуск в сеть": null

16-10-2024T09:09:12 - [TEST_STEP][PASSED] - Script1718980020443.WriteToExcel(a, typeOfData, todaysDate, pageInt, fileInt, pageDouble, fileDouble, dZO): null

16-10-2024T09:09:12 - [TEST_STEP][PASSED] - sheetName = "Sheet1": null

16-10-2024T09:09:12 - [TEST_STEP][PASSED] - data = findTestData("PlanFact"): null

16-10-2024T09:09:12 - [TEST_STEP][PASSED] - n = data.getRowNumbers() + 1: null

16-10-2024T09:09:12 - [TEST_STEP][PASSED] - year = todaysDate.substring(todaysDate.length() - 4, todaysDate.length()): null

16-10-2024T09:09:12 - [TEST_STEP][PASSED] - y = year.toInteger(): null

16-10-2024T09:09:12 - [TEST_STEP][PASSED] - m = getText(findTestObject("Выполнение бизнес-плана/Период")): Text of object 'Object Repository/Выполнение бизнес-плана/Период' is: '1, 2 кв., Июль, Август 2024 года'

16-10-2024T09:09:13 - [MESSAGE][PASSED] - Text of object 'Object Repository/Выполнение бизнес-плана/Период' is: '1, 2 кв., Июль, Август 2024 года'

16-10-2024T09:09:13 - [TEST_STEP][PASSED] - m = m.substring(0, m.indexOf("2024")): null

16-10-2024T09:09:13 - [TEST_STEP][PASSED] - m = m.trim(): null

16-10-2024T09:09:13 - [TEST_STEP][PASSED] - dashboardName = "Выполнение бизнес-плана": null

16-10-2024T09:09:13 - [TEST_STEP][PASSED] - workbook01 = getWorkbook(excelFilePath): null

16-10-2024T09:09:13 - [TEST_STEP][PASSED] - sheet01 = getExcelSheet(workbook01, sheetName): null

16-10-2024T09:09:13 - [TEST_STEP][PASSED] - setValueToCellByIndex(sheet01, n, 0, dashboardName): null

16-10-2024T09:09:13 - [TEST_STEP][PASSED] - setValueToCellByIndex(sheet01, n, 1, dZO): null

16-10-2024T09:09:13 - [TEST_STEP][PASSED] - setValueToCellByIndex(sheet01, n, 2, typeOfData): null

16-10-2024T09:09:13 - [TEST_STEP][PASSED] - if (typeOfData == "Факт в процентах" || typeOfData == "План в процентах"): null

16-10-2024T09:09:13 - [TEST_STEP][PASSED] - else: null

16-10-2024T09:09:13 - [TEST_STEP][PASSED] - setValueToCellByIndex(sheet01, n, 3, fileInt): null

16-10-2024T09:09:13 - [TEST_STEP][PASSED] - setValueToCellByIndex(sheet01, n, 4, pageInt): null

16-10-2024T09:09:13 - [TEST_STEP][PASSED] - setValueToCellByIndex(sheet01, n, 5, m): null

16-10-2024T09:09:13 - [TEST_STEP][PASSED] - setValueToCellByIndex(sheet01, n, 6, y): null

16-10-2024T09:09:13 - [TEST_STEP][PASSED] - setValueToCellByIndex(sheet01, n, 7, todaysDate): null

16-10-2024T09:09:13 - [TEST_STEP][PASSED] - n = n + 1: null

16-10-2024T09:09:13 - [TEST_STEP][PASSED] - saveWorkbook(excelFilePath, workbook01): null

16-10-2024T09:09:13 - [TEST_STEP][PASSED] - compare = pagePoteri: null

16-10-2024T09:09:13 - [TEST_STEP][PASSED] - if (compare == filePoteri): null

16-10-2024T09:09:13 - [TEST_STEP][PASSED] - else if (compare > filePoteri): null

16-10-2024T09:09:13 - [TEST_STEP][PASSED] - compare = compare - 1: null

16-10-2024T09:09:13 - [TEST_STEP][PASSED] - if (compare == filePoteri): null

16-10-2024T09:09:13 - [TEST_STEP][PASSED] - else: null

16-10-2024T09:09:13 - [TEST_STEP][PASSED] - numberOfErrors = numberOfErrors + 1: null

16-10-2024T09:09:13 - [TEST_STEP][PASSED] - pageInt = pagePoteri: null

16-10-2024T09:09:13 - [TEST_STEP][PASSED] - fileInt = filePoteri: null

16-10-2024T09:09:13 - [TEST_STEP][PASSED] - typeOfData = typeOfDataMain + " Потери": null

16-10-2024T09:09:13 - [TEST_STEP][PASSED] - Script1718980020443.WriteToExcel(a, typeOfData, todaysDate, pageInt, fileInt, pageDouble, fileDouble, dZO): null

16-10-2024T09:09:13 - [TEST_STEP][PASSED] - sheetName = "Sheet1": null

16-10-2024T09:09:13 - [TEST_STEP][PASSED] - data = findTestData("PlanFact"): null

16-10-2024T09:09:13 - [TEST_STEP][PASSED] - n = data.getRowNumbers() + 1: null

16-10-2024T09:09:13 - [TEST_STEP][PASSED] - year = todaysDate.substring(todaysDate.length() - 4, todaysDate.length()): null

16-10-2024T09:09:13 - [TEST_STEP][PASSED] - y = year.toInteger(): null

16-10-2024T09:09:13 - [TEST_STEP][PASSED] - m = getText(findTestObject("Выполнение бизнес-плана/Период")): Text of object 'Object Repository/Выполнение бизнес-плана/Период' is: '1, 2 кв., Июль, Август 2024 года'

16-10-2024T09:09:13 - [MESSAGE][PASSED] - Text of object 'Object Repository/Выполнение бизнес-плана/Период' is: '1, 2 кв., Июль, Август 2024 года'

16-10-2024T09:09:13 - [TEST_STEP][PASSED] - m = m.substring(0, m.indexOf("2024")): null

16-10-2024T09:09:13 - [TEST_STEP][PASSED] - m = m.trim(): null

16-10-2024T09:09:13 - [TEST_STEP][PASSED] - dashboardName = "Выполнение бизнес-плана": null

16-10-2024T09:09:13 - [TEST_STEP][PASSED] - workbook01 = getWorkbook(excelFilePath): null

16-10-2024T09:09:13 - [TEST_STEP][PASSED] - sheet01 = getExcelSheet(workbook01, sheetName): null

16-10-2024T09:09:13 - [TEST_STEP][PASSED] - setValueToCellByIndex(sheet01, n, 0, dashboardName): null

16-10-2024T09:09:13 - [TEST_STEP][PASSED] - setValueToCellByIndex(sheet01, n, 1, dZO): null

16-10-2024T09:09:13 - [TEST_STEP][PASSED] - setValueToCellByIndex(sheet01, n, 2, typeOfData): null

16-10-2024T09:09:13 - [TEST_STEP][PASSED] - if (typeOfData == "Факт в процентах" || typeOfData == "План в процентах"): null

16-10-2024T09:09:13 - [TEST_STEP][PASSED] - else: null

16-10-2024T09:09:13 - [TEST_STEP][PASSED] - setValueToCellByIndex(sheet01, n, 3, fileInt): null

16-10-2024T09:09:13 - [TEST_STEP][PASSED] - setValueToCellByIndex(sheet01, n, 4, pageInt): null

16-10-2024T09:09:13 - [TEST_STEP][PASSED] - setValueToCellByIndex(sheet01, n, 5, m): null

16-10-2024T09:09:13 - [TEST_STEP][PASSED] - setValueToCellByIndex(sheet01, n, 6, y): null

16-10-2024T09:09:13 - [TEST_STEP][PASSED] - setValueToCellByIndex(sheet01, n, 7, todaysDate): null

16-10-2024T09:09:13 - [TEST_STEP][PASSED] - n = n + 1: null

16-10-2024T09:09:13 - [TEST_STEP][PASSED] - saveWorkbook(excelFilePath, workbook01): null

16-10-2024T09:09:14 - [TEST_STEP][PASSED] - if (planFact == 2): null

16-10-2024T09:09:14 - [TEST_STEP][PASSED] - if (planFact == 1): null

16-10-2024T09:09:14 - [TEST_STEP][PASSED] - else if (planFact == 2): null

16-10-2024T09:09:14 - [TEST_STEP][PASSED] - click(findTestObject("Выполнение бизнес-плана/Кнопка План")): Object: 'Object Repository/Выполнение бизнес-плана/Кнопка План' is clicked on

16-10-2024T09:09:14 - [MESSAGE][PASSED] - Object: 'Object Repository/Выполнение бизнес-плана/Кнопка План' is clicked on

16-10-2024T09:09:14 - [TEST_STEP][PASSED] - typeOfDataMain = "План": null

16-10-2024T09:09:14 - [TEST_STEP][PASSED] - otpusk = findTestData("PlanFact").getValue(2, a): null

16-10-2024T09:09:14 - [TEST_STEP][PASSED] - poteri = findTestData("PlanFact").getValue(3, a): null

16-10-2024T09:09:14 - [TEST_STEP][PASSED] - otpusk = otpusk.replaceAll("\s+", ""): null

16-10-2024T09:09:14 - [TEST_STEP][PASSED] - poteri = poteri.replaceAll("\s+", ""): null

16-10-2024T09:09:14 - [TEST_STEP][PASSED] - typeOfData = typeOfDataMain + " Отпуск в сеть": null

16-10-2024T09:09:14 - [TEST_STEP][PASSED] - if (a == 82): null

16-10-2024T09:09:14 - [TEST_STEP][PASSED] - else if (a == 84): null

16-10-2024T09:09:14 - [TEST_STEP][PASSED] - else if (a == 52 || a == 72 || a == 28 || a == 73 || a == 77 || a == 74 || a == 65 || a == 36 || a == 44 || a == 53 || a == 80 || a == 54 || a == 1 || a == 18 || a == 59 || a == 81): null

16-10-2024T09:09:14 - [TEST_STEP][PASSED] - path = dataFolder + "Table Data/" + typeOfData + " за отчётный период " + dzoNum: null

16-10-2024T09:09:14 - [TEST_STEP][PASSED] - println(path): null

16-10-2024T09:09:14 - [TEST_STEP][PASSED] - page = getText(findTestObject(path)): Text of object 'Object Repository/Выполнение бизнес-плана/Значения со страницы Выполнение бизнес-плана/Table Data/План Отпуск в сеть за отчётный период 6' is: '38 560 890'

16-10-2024T09:09:14 - [MESSAGE][PASSED] - Text of object 'Object Repository/Выполнение бизнес-плана/Значения со страницы Выполнение бизнес-плана/Table Data/План Отпуск в сеть за отчётный период 6' is: '38 560 890'

16-10-2024T09:09:14 - [TEST_STEP][PASSED] - page = page.replaceAll("\s+", ""): null

16-10-2024T09:09:14 - [TEST_STEP][PASSED] - fileOtpuskVSet = otpusk.toInteger(): null

16-10-2024T09:09:14 - [TEST_STEP][PASSED] - pageOtpuskVSet = page.toInteger(): null

16-10-2024T09:09:14 - [TEST_STEP][PASSED] - typeOfData = typeOfDataMain + " Потери": null

16-10-2024T09:09:14 - [TEST_STEP][PASSED] - if (a == 82): null

16-10-2024T09:09:14 - [TEST_STEP][PASSED] - else if (a == 84): null

16-10-2024T09:09:14 - [TEST_STEP][PASSED] - else if (a == 52 || a == 72 || a == 28 || a == 73 || a == 77 || a == 74 || a == 65 || a == 36 || a == 44 || a == 53 || a == 80 || a == 54 || a == 1 || a == 18 || a == 59 || a == 81): null

16-10-2024T09:09:14 - [TEST_STEP][PASSED] - path = dataFolder + "Table Data/" + typeOfData + " за отчётный период " + dzoNum: null

16-10-2024T09:09:14 - [TEST_STEP][PASSED] - page = getText(findTestObject(path)): Text of object 'Object Repository/Выполнение бизнес-плана/Значения со страницы Выполнение бизнес-плана/Table Data/План Потери за отчётный период 6' is: '3 908 934'

16-10-2024T09:09:15 - [MESSAGE][PASSED] - Text of object 'Object Repository/Выполнение бизнес-плана/Значения со страницы Выполнение бизнес-плана/Table Data/План Потери за отчётный период 6' is: '3 908 934'

16-10-2024T09:09:15 - [TEST_STEP][PASSED] - page = page.replaceAll("\s+", ""): null

16-10-2024T09:09:15 - [TEST_STEP][PASSED] - filePoteri = poteri.toInteger(): null

16-10-2024T09:09:15 - [TEST_STEP][PASSED] - pagePoteri = page.toInteger(): null

16-10-2024T09:09:15 - [TEST_STEP][PASSED] - compare = pageOtpuskVSet: null

16-10-2024T09:09:15 - [TEST_STEP][PASSED] - if (compare == fileOtpuskVSet): null

16-10-2024T09:09:15 - [TEST_STEP][PASSED] - else if (compare > fileOtpuskVSet): null

16-10-2024T09:09:15 - [TEST_STEP][PASSED] - compare = compare - 1: null

16-10-2024T09:09:15 - [TEST_STEP][PASSED] - if (compare == fileOtpuskVSet): null

16-10-2024T09:09:15 - [TEST_STEP][PASSED] - else: null

16-10-2024T09:09:15 - [TEST_STEP][PASSED] - numberOfErrors = numberOfErrors + 1: null

16-10-2024T09:09:15 - [TEST_STEP][PASSED] - pageInt = pageOtpuskVSet: null

16-10-2024T09:09:15 - [TEST_STEP][PASSED] - fileInt = fileOtpuskVSet: null

16-10-2024T09:09:15 - [TEST_STEP][PASSED] - typeOfData = typeOfDataMain + " Отпуск в сеть": null

16-10-2024T09:09:15 - [TEST_STEP][PASSED] - Script1718980020443.WriteToExcel(a, typeOfData, todaysDate, pageInt, fileInt, pageDouble, fileDouble, dZO): null

16-10-2024T09:09:15 - [TEST_STEP][PASSED] - sheetName = "Sheet1": null

16-10-2024T09:09:15 - [TEST_STEP][PASSED] - data = findTestData("PlanFact"): null

16-10-2024T09:09:15 - [TEST_STEP][PASSED] - n = data.getRowNumbers() + 1: null

16-10-2024T09:09:15 - [TEST_STEP][PASSED] - year = todaysDate.substring(todaysDate.length() - 4, todaysDate.length()): null

16-10-2024T09:09:15 - [TEST_STEP][PASSED] - y = year.toInteger(): null

16-10-2024T09:09:15 - [TEST_STEP][PASSED] - m = getText(findTestObject("Выполнение бизнес-плана/Период")): Text of object 'Object Repository/Выполнение бизнес-плана/Период' is: '1, 2 кв., Июль, Август 2024 года'

16-10-2024T09:09:15 - [MESSAGE][PASSED] - Text of object 'Object Repository/Выполнение бизнес-плана/Период' is: '1, 2 кв., Июль, Август 2024 года'

16-10-2024T09:09:15 - [TEST_STEP][PASSED] - m = m.substring(0, m.indexOf("2024")): null

16-10-2024T09:09:15 - [TEST_STEP][PASSED] - m = m.trim(): null

16-10-2024T09:09:15 - [TEST_STEP][PASSED] - dashboardName = "Выполнение бизнес-плана": null

16-10-2024T09:09:15 - [TEST_STEP][PASSED] - workbook01 = getWorkbook(excelFilePath): null

16-10-2024T09:09:15 - [TEST_STEP][PASSED] - sheet01 = getExcelSheet(workbook01, sheetName): null

16-10-2024T09:09:15 - [TEST_STEP][PASSED] - setValueToCellByIndex(sheet01, n, 0, dashboardName): null

16-10-2024T09:09:15 - [TEST_STEP][PASSED] - setValueToCellByIndex(sheet01, n, 1, dZO): null

16-10-2024T09:09:15 - [TEST_STEP][PASSED] - setValueToCellByIndex(sheet01, n, 2, typeOfData): null

16-10-2024T09:09:15 - [TEST_STEP][PASSED] - if (typeOfData == "Факт в процентах" || typeOfData == "План в процентах"): null

16-10-2024T09:09:15 - [TEST_STEP][PASSED] - else: null

16-10-2024T09:09:15 - [TEST_STEP][PASSED] - setValueToCellByIndex(sheet01, n, 3, fileInt): null

16-10-2024T09:09:15 - [TEST_STEP][PASSED] - setValueToCellByIndex(sheet01, n, 4, pageInt): null

16-10-2024T09:09:15 - [TEST_STEP][PASSED] - setValueToCellByIndex(sheet01, n, 5, m): null

16-10-2024T09:09:15 - [TEST_STEP][PASSED] - setValueToCellByIndex(sheet01, n, 6, y): null

16-10-2024T09:09:15 - [TEST_STEP][PASSED] - setValueToCellByIndex(sheet01, n, 7, todaysDate): null

16-10-2024T09:09:15 - [TEST_STEP][PASSED] - n = n + 1: null

16-10-2024T09:09:15 - [TEST_STEP][PASSED] - saveWorkbook(excelFilePath, workbook01): null

16-10-2024T09:09:15 - [TEST_STEP][PASSED] - compare = pagePoteri: null

16-10-2024T09:09:15 - [TEST_STEP][PASSED] - if (compare == filePoteri): null

16-10-2024T09:09:15 - [TEST_STEP][PASSED] - else if (compare > filePoteri): null

16-10-2024T09:09:15 - [TEST_STEP][PASSED] - compare = compare - 1: null

16-10-2024T09:09:15 - [TEST_STEP][PASSED] - if (compare == filePoteri): null

16-10-2024T09:09:15 - [TEST_STEP][PASSED] - else: null

16-10-2024T09:09:15 - [TEST_STEP][PASSED] - numberOfErrors = numberOfErrors + 1: null

16-10-2024T09:09:15 - [TEST_STEP][PASSED] - pageInt = pagePoteri: null

16-10-2024T09:09:15 - [TEST_STEP][PASSED] - fileInt = filePoteri: null

16-10-2024T09:09:15 - [TEST_STEP][PASSED] - typeOfData = typeOfDataMain + " Потери": null

16-10-2024T09:09:15 - [TEST_STEP][PASSED] - Script1718980020443.WriteToExcel(a, typeOfData, todaysDate, pageInt, fileInt, pageDouble, fileDouble, dZO): null

16-10-2024T09:09:15 - [TEST_STEP][PASSED] - sheetName = "Sheet1": null

16-10-2024T09:09:15 - [TEST_STEP][PASSED] - data = findTestData("PlanFact"): null

16-10-2024T09:09:15 - [TEST_STEP][PASSED] - n = data.getRowNumbers() + 1: null

16-10-2024T09:09:15 - [TEST_STEP][PASSED] - year = todaysDate.substring(todaysDate.length() - 4, todaysDate.length()): null

16-10-2024T09:09:15 - [TEST_STEP][PASSED] - y = year.toInteger(): null

16-10-2024T09:09:15 - [TEST_STEP][PASSED] - m = getText(findTestObject("Выполнение бизнес-плана/Период")): Text of object 'Object Repository/Выполнение бизнес-плана/Период' is: '1, 2 кв., Июль, Август 2024 года'

16-10-2024T09:09:16 - [MESSAGE][PASSED] - Text of object 'Object Repository/Выполнение бизнес-плана/Период' is: '1, 2 кв., Июль, Август 2024 года'

16-10-2024T09:09:16 - [TEST_STEP][PASSED] - m = m.substring(0, m.indexOf("2024")): null

16-10-2024T09:09:16 - [TEST_STEP][PASSED] - m = m.trim(): null

16-10-2024T09:09:16 - [TEST_STEP][PASSED] - dashboardName = "Выполнение бизнес-плана": null

16-10-2024T09:09:16 - [TEST_STEP][PASSED] - workbook01 = getWorkbook(excelFilePath): null

16-10-2024T09:09:16 - [TEST_STEP][PASSED] - sheet01 = getExcelSheet(workbook01, sheetName): null

16-10-2024T09:09:16 - [TEST_STEP][PASSED] - setValueToCellByIndex(sheet01, n, 0, dashboardName): null

16-10-2024T09:09:16 - [TEST_STEP][PASSED] - setValueToCellByIndex(sheet01, n, 1, dZO): null

16-10-2024T09:09:16 - [TEST_STEP][PASSED] - setValueToCellByIndex(sheet01, n, 2, typeOfData): null

16-10-2024T09:09:16 - [TEST_STEP][PASSED] - if (typeOfData == "Факт в процентах" || typeOfData == "План в процентах"): null

16-10-2024T09:09:16 - [TEST_STEP][PASSED] - else: null

16-10-2024T09:09:16 - [TEST_STEP][PASSED] - setValueToCellByIndex(sheet01, n, 3, fileInt): null

16-10-2024T09:09:16 - [TEST_STEP][PASSED] - setValueToCellByIndex(sheet01, n, 4, pageInt): null

16-10-2024T09:09:16 - [TEST_STEP][PASSED] - setValueToCellByIndex(sheet01, n, 5, m): null

16-10-2024T09:09:16 - [TEST_STEP][PASSED] - setValueToCellByIndex(sheet01, n, 6, y): null

16-10-2024T09:09:16 - [TEST_STEP][PASSED] - setValueToCellByIndex(sheet01, n, 7, todaysDate): null

16-10-2024T09:09:16 - [TEST_STEP][PASSED] - n = n + 1: null

16-10-2024T09:09:16 - [TEST_STEP][PASSED] - saveWorkbook(excelFilePath, workbook01): Object: 'Object Repository/Выполнение бизнес-плана/Кнопка Факт' is clicked on

16-10-2024T09:09:16 - [TEST_STEP][PASSED] - if (planFact == 2): Object: 'Object Repository/Выполнение бизнес-плана/Кнопка Факт' is clicked on

16-10-2024T09:09:16 - [TEST_STEP][PASSED] - click(findTestObject("Выполнение бизнес-плана/Кнопка Факт")): Object: 'Object Repository/Выполнение бизнес-плана/Кнопка Факт' is clicked on

16-10-2024T09:09:16 - [MESSAGE][PASSED] - Object: 'Object Repository/Выполнение бизнес-плана/Кнопка Факт' is clicked on

16-10-2024T09:09:16 - [TEST_STEP][PASSED] - if (a == 84 || a == 82): null

16-10-2024T09:09:16 - [TEST_STEP][PASSED] - else if (a == 52 || a == 72 || a == 28 || a == 73 || a == 77 || a == 74 || a == 65 || a == 36 || a == 44 || a == 53 || a == 80 || a == 54 || a == 1 || a == 18 || a == 59 || a == 81): null

16-10-2024T09:09:16 - [TEST_STEP][PASSED] - page1 = getText(findTestObject("Object Repository/Выполнение бизнес-плана/spanPlan" + dzoNum)): Text of object 'Object Repository/Выполнение бизнес-плана/spanPlan6' is: '10.14
|'

16-10-2024T09:09:17 - [MESSAGE][PASSED] - Text of object 'Object Repository/Выполнение бизнес-плана/spanPlan6' is: '10.14
|'

16-10-2024T09:09:17 - [TEST_STEP][PASSED] - page1 = page1.replace("|", ""): null

16-10-2024T09:09:17 - [TEST_STEP][PASSED] - page2 = getText(findTestObject("Object Repository/Выполнение бизнес-плана/spanFact" + dzoNum)): Text of object 'Object Repository/Выполнение бизнес-плана/spanFact6' is: '9.71'

16-10-2024T09:09:17 - [MESSAGE][PASSED] - Text of object 'Object Repository/Выполнение бизнес-плана/spanFact6' is: '9.71'

16-10-2024T09:09:17 - [TEST_STEP][PASSED] - page2 = page2.replace("|", ""): null

16-10-2024T09:09:17 - [TEST_STEP][PASSED] - println("page1: " + page1): null

16-10-2024T09:09:17 - [TEST_STEP][PASSED] - println("page2: " + page2): null

16-10-2024T09:09:17 - [TEST_STEP][PASSED] - file = findTestData("PlanFact").getValue(4, a): null

16-10-2024T09:09:17 - [TEST_STEP][PASSED] - file = file.replace(",", "."): null

16-10-2024T09:09:17 - [TEST_STEP][PASSED] - println("file Plan: " + file): null

16-10-2024T09:09:17 - [TEST_STEP][PASSED] - typeOfData = "План в процентах": null

16-10-2024T09:09:17 - [TEST_STEP][PASSED] - fileDouble = file.toDouble(): null

16-10-2024T09:09:17 - [TEST_STEP][PASSED] - pageDouble = page1.toDouble(): null

16-10-2024T09:09:17 - [TEST_STEP][PASSED] - if (fileDouble != pageDouble): null

16-10-2024T09:09:17 - [TEST_STEP][PASSED] - numberOfErrors = numberOfErrors + 1: null

16-10-2024T09:09:17 - [TEST_STEP][PASSED] - Script1718980020443.WriteToExcel(a, typeOfData, todaysDate, pageInt, fileInt, pageDouble, fileDouble, dZO): null

16-10-2024T09:09:17 - [TEST_STEP][PASSED] - sheetName = "Sheet1": null

16-10-2024T09:09:17 - [TEST_STEP][PASSED] - data = findTestData("PlanFact"): null

16-10-2024T09:09:17 - [TEST_STEP][PASSED] - n = data.getRowNumbers() + 1: null

16-10-2024T09:09:17 - [TEST_STEP][PASSED] - year = todaysDate.substring(todaysDate.length() - 4, todaysDate.length()): null

16-10-2024T09:09:17 - [TEST_STEP][PASSED] - y = year.toInteger(): null

16-10-2024T09:09:17 - [TEST_STEP][PASSED] - m = getText(findTestObject("Выполнение бизнес-плана/Период")): Text of object 'Object Repository/Выполнение бизнес-плана/Период' is: '1, 2 кв., Июль, Август 2024 года'

16-10-2024T09:09:17 - [MESSAGE][PASSED] - Text of object 'Object Repository/Выполнение бизнес-плана/Период' is: '1, 2 кв., Июль, Август 2024 года'

16-10-2024T09:09:17 - [TEST_STEP][PASSED] - m = m.substring(0, m.indexOf("2024")): null

16-10-2024T09:09:17 - [TEST_STEP][PASSED] - m = m.trim(): null

16-10-2024T09:09:17 - [TEST_STEP][PASSED] - dashboardName = "Выполнение бизнес-плана": null

16-10-2024T09:09:17 - [TEST_STEP][PASSED] - workbook01 = getWorkbook(excelFilePath): null

16-10-2024T09:09:17 - [TEST_STEP][PASSED] - sheet01 = getExcelSheet(workbook01, sheetName): null

16-10-2024T09:09:17 - [TEST_STEP][PASSED] - setValueToCellByIndex(sheet01, n, 0, dashboardName): null

16-10-2024T09:09:17 - [TEST_STEP][PASSED] - setValueToCellByIndex(sheet01, n, 1, dZO): null

16-10-2024T09:09:17 - [TEST_STEP][PASSED] - setValueToCellByIndex(sheet01, n, 2, typeOfData): null

16-10-2024T09:09:17 - [TEST_STEP][PASSED] - if (typeOfData == "Факт в процентах" || typeOfData == "План в процентах"): null

16-10-2024T09:09:17 - [TEST_STEP][PASSED] - setValueToCellByIndex(sheet01, n, 3, fileDouble): null

16-10-2024T09:09:17 - [TEST_STEP][PASSED] - setValueToCellByIndex(sheet01, n, 4, pageDouble): null

16-10-2024T09:09:17 - [TEST_STEP][PASSED] - setValueToCellByIndex(sheet01, n, 5, m): null

16-10-2024T09:09:17 - [TEST_STEP][PASSED] - setValueToCellByIndex(sheet01, n, 6, y): null

16-10-2024T09:09:17 - [TEST_STEP][PASSED] - setValueToCellByIndex(sheet01, n, 7, todaysDate): null

16-10-2024T09:09:17 - [TEST_STEP][PASSED] - n = n + 1: null

16-10-2024T09:09:17 - [TEST_STEP][PASSED] - saveWorkbook(excelFilePath, workbook01): null

16-10-2024T09:09:18 - [TEST_STEP][PASSED] - file = findTestData("PlanFact").getValue(7, a): null

16-10-2024T09:09:18 - [TEST_STEP][PASSED] - file = file.replace(",", "."): null

16-10-2024T09:09:18 - [TEST_STEP][PASSED] - println("file Fact: " + file): null

16-10-2024T09:09:18 - [TEST_STEP][PASSED] - fileDouble = file.toDouble(): null

16-10-2024T09:09:18 - [TEST_STEP][PASSED] - typeOfData = "Факт в процентах": null

16-10-2024T09:09:18 - [TEST_STEP][PASSED] - fileDouble = file.toDouble(): null

16-10-2024T09:09:18 - [TEST_STEP][PASSED] - pageDouble = page2.toDouble(): null

16-10-2024T09:09:18 - [TEST_STEP][PASSED] - if (fileDouble != pageDouble): null

16-10-2024T09:09:18 - [TEST_STEP][PASSED] - numberOfErrors = numberOfErrors + 1: null

16-10-2024T09:09:18 - [TEST_STEP][PASSED] - Script1718980020443.WriteToExcel(a, typeOfData, todaysDate, pageInt, fileInt, pageDouble, fileDouble, dZO): null

16-10-2024T09:09:18 - [TEST_STEP][PASSED] - sheetName = "Sheet1": null

16-10-2024T09:09:18 - [TEST_STEP][PASSED] - data = findTestData("PlanFact"): null

16-10-2024T09:09:18 - [TEST_STEP][PASSED] - n = data.getRowNumbers() + 1: null

16-10-2024T09:09:18 - [TEST_STEP][PASSED] - year = todaysDate.substring(todaysDate.length() - 4, todaysDate.length()): null

16-10-2024T09:09:18 - [TEST_STEP][PASSED] - y = year.toInteger(): null

16-10-2024T09:09:18 - [TEST_STEP][PASSED] - m = getText(findTestObject("Выполнение бизнес-плана/Период")): Text of object 'Object Repository/Выполнение бизнес-плана/Период' is: '1, 2 кв., Июль, Август 2024 года'

16-10-2024T09:09:18 - [MESSAGE][PASSED] - Text of object 'Object Repository/Выполнение бизнес-плана/Период' is: '1, 2 кв., Июль, Август 2024 года'

16-10-2024T09:09:18 - [TEST_STEP][PASSED] - m = m.substring(0, m.indexOf("2024")): null

16-10-2024T09:09:18 - [TEST_STEP][PASSED] - m = m.trim(): null

16-10-2024T09:09:18 - [TEST_STEP][PASSED] - dashboardName = "Выполнение бизнес-плана": null

16-10-2024T09:09:18 - [TEST_STEP][PASSED] - workbook01 = getWorkbook(excelFilePath): null

16-10-2024T09:09:18 - [TEST_STEP][PASSED] - sheet01 = getExcelSheet(workbook01, sheetName): null

16-10-2024T09:09:18 - [TEST_STEP][PASSED] - setValueToCellByIndex(sheet01, n, 0, dashboardName): null

16-10-2024T09:09:18 - [TEST_STEP][PASSED] - setValueToCellByIndex(sheet01, n, 1, dZO): null

16-10-2024T09:09:18 - [TEST_STEP][PASSED] - setValueToCellByIndex(sheet01, n, 2, typeOfData): null

16-10-2024T09:09:18 - [TEST_STEP][PASSED] - if (typeOfData == "Факт в процентах" || typeOfData == "План в процентах"): null

16-10-2024T09:09:18 - [TEST_STEP][PASSED] - setValueToCellByIndex(sheet01, n, 3, fileDouble): null

16-10-2024T09:09:18 - [TEST_STEP][PASSED] - setValueToCellByIndex(sheet01, n, 4, pageDouble): null

16-10-2024T09:09:18 - [TEST_STEP][PASSED] - setValueToCellByIndex(sheet01, n, 5, m): null

16-10-2024T09:09:18 - [TEST_STEP][PASSED] - setValueToCellByIndex(sheet01, n, 6, y): null

16-10-2024T09:09:18 - [TEST_STEP][PASSED] - setValueToCellByIndex(sheet01, n, 7, todaysDate): null

16-10-2024T09:09:18 - [TEST_STEP][PASSED] - n = n + 1: null

16-10-2024T09:09:18 - [TEST_STEP][PASSED] - saveWorkbook(excelFilePath, workbook01): null

16-10-2024T09:09:18 - [TEST_STEP][FAILED] - if (verifyEqual(numberOfErrors, 0) == false): null

16-10-2024T09:09:18 - [MESSAGE][FAILED] - Unable to verify equal between actual object '6' and expected object '0' (Root cause: com.kms.katalon.core.exception.StepFailedException: Actual object '6' and expected object '0' are not equal
	at com.kms.katalon.core.keyword.builtin.VerifyEqualKeyword$_verifyEqual_closure1.doCall(VerifyEqualKeyword.groovy:58)
	at com.kms.katalon.core.keyword.builtin.VerifyEqualKeyword$_verifyEqual_closure1.call(VerifyEqualKeyword.groovy)
	at com.kms.katalon.core.keyword.internal.KeywordMain.runKeyword(KeywordMain.groovy:75)
	at com.kms.katalon.core.keyword.builtin.VerifyEqualKeyword.verifyEqual(VerifyEqualKeyword.groovy:63)
	at com.kms.katalon.core.keyword.builtin.VerifyEqualKeyword.execute(VerifyEqualKeyword.groovy:44)
	at com.kms.katalon.core.keyword.internal.KeywordExecutor.executeKeywordForPlatform(KeywordExecutor.groovy:74)
	at com.kms.katalon.core.keyword.BuiltinKeywords.verifyEqual(BuiltinKeywords.groovy:146)
	at jdk.internal.reflect.GeneratedMethodAccessor25.invoke(Unknown Source)
	at java.base/jdk.internal.reflect.DelegatingMethodAccessorImpl.invoke(DelegatingMethodAccessorImpl.java:43)
	at Выполнение бизнес-плана Сверка ПАО Россети все филиалы.Numbers(Выполнение бизнес-плана Сверка ПАО Россети все филиалы:749)
	at Выполнение бизнес-плана Сверка ПАО Россети все филиалы.run(Выполнение бизнес-плана Сверка ПАО Россети все филиалы:397)
	at com.kms.katalon.core.main.ScriptEngine.run(ScriptEngine.java:194)
	at com.kms.katalon.core.main.ScriptEngine.runScriptAsRawText(ScriptEngine.java:119)
	at com.kms.katalon.core.main.TestCaseExecutor.runScript(TestCaseExecutor.java:448)
	at com.kms.katalon.core.main.TestCaseExecutor.doExecute(TestCaseExecutor.java:439)
	at com.kms.katalon.core.main.TestCaseExecutor.processExecutionPhase(TestCaseExecutor.java:418)
	at com.kms.katalon.core.main.TestCaseExecutor.accessMainPhase(TestCaseExecutor.java:410)
	at com.kms.katalon.core.main.TestCaseExecutor.execute(TestCaseExecutor.java:285)
	at com.kms.katalon.core.common.CommonExecutor.accessTestCaseMainPhase(CommonExecutor.java:65)
	at com.kms.katalon.core.main.TestSuiteExecutor.accessTestSuiteMainPhase(TestSuiteExecutor.java:150)
	at com.kms.katalon.core.main.TestSuiteExecutor.execute(TestSuiteExecutor.java:106)
	at com.kms.katalon.core.main.TestCaseMain.startTestSuite(TestCaseMain.java:180)
	at TempTestSuite1729057289574.run(TempTestSuite1729057289574.groovy:35)
	at java.base/jdk.internal.reflect.NativeMethodAccessorImpl.invoke0(Native Method)
	at java.base/jdk.internal.reflect.NativeMethodAccessorImpl.invoke(NativeMethodAccessorImpl.java:77)
	at java.base/jdk.internal.reflect.DelegatingMethodAccessorImpl.invoke(DelegatingMethodAccessorImpl.java:43)
)

16-10-2024T09:09:18 - [TEST_STEP][PASSED] - println(numberOfErrors): null

16-10-2024T09:09:18 - [TEST_STEP][PASSED] - if (a == 28 || a == 77 || a == 74 || a == 65 || a == 36 || a == 44 || a == 54 || a == 1 || a == 18 || a == 59): null

16-10-2024T09:09:18 - [TEST_STEP][PASSED] - Script1718980020443.Filials(a, typeOfData, todaysDate, pageInt, fileInt, pageDouble, fileDouble, dZO, dzoNum, filialNum): null

16-10-2024T09:09:18 - [TEST_STEP][PASSED] - i = <not implemented yet for class: org.codehaus.groovy.ast.expr.EmptyExpression>: null

16-10-2024T09:09:18 - [TEST_STEP][PASSED] - c = <not implemented yet for class: org.codehaus.groovy.ast.expr.EmptyExpression>: null

16-10-2024T09:09:18 - [TEST_STEP][PASSED] - page = <not implemented yet for class: org.codehaus.groovy.ast.expr.EmptyExpression>: null

16-10-2024T09:09:18 - [TEST_STEP][PASSED] - println(dZO): null

16-10-2024T09:09:18 - [TEST_STEP][PASSED] - reducedDZO = dZO.substring(0, 13): null

16-10-2024T09:09:18 - [TEST_STEP][PASSED] - println(reducedDZO): null

16-10-2024T09:09:18 - [TEST_STEP][PASSED] - dzoCut = <not implemented yet for class: org.codehaus.groovy.ast.expr.EmptyExpression>: null

16-10-2024T09:09:18 - [TEST_STEP][PASSED] - Script1718980020443.DZO(a): null

16-10-2024T09:09:18 - [TEST_STEP][PASSED] - Script1718980020443.OpenFilter(): null

16-10-2024T09:09:18 - [TEST_STEP][PASSED] - click(findTestObject("Object Repository/Выполнение бизнес-плана/Фильтр ДЗО")): Object: 'Object Repository/Выполнение бизнес-плана/Фильтр ДЗО' is clicked on

16-10-2024T09:09:19 - [MESSAGE][PASSED] - Object: 'Object Repository/Выполнение бизнес-плана/Фильтр ДЗО' is clicked on

16-10-2024T09:09:19 - [TEST_STEP][PASSED] - click(findTestObject("Выполнение бизнес-плана/Снять выделение в фильтре ДЗО")): Object: 'Object Repository/Выполнение бизнес-плана/Снять выделение в фильтре ДЗО' is clicked on

16-10-2024T09:09:19 - [MESSAGE][PASSED] - Object: 'Object Repository/Выполнение бизнес-плана/Снять выделение в фильтре ДЗО' is clicked on

16-10-2024T09:09:19 - [TEST_STEP][PASSED] - Script1718980020443.OpenRSK(): null

16-10-2024T09:09:19 - [TEST_STEP][PASSED] - click(findTestObject("Выполнение бизнес-плана/Раскрыть список ПАО Россети в фильтре ДЗО")): Object: 'Object Repository/Выполнение бизнес-плана/Раскрыть список ПАО Россети в фильтре ДЗО' is clicked on

16-10-2024T09:09:19 - [MESSAGE][PASSED] - Object: 'Object Repository/Выполнение бизнес-плана/Раскрыть список ПАО Россети в фильтре ДЗО' is clicked on

16-10-2024T09:09:19 - [TEST_STEP][PASSED] - click(findTestObject("Выполнение бизнес-плана/Раскрыть список РаспредКомплекс в фильтре ДЗО")): Object: 'Object Repository/Выполнение бизнес-плана/Раскрыть список РаспредКомплекс в фильтре ДЗО' is clicked on

16-10-2024T09:09:20 - [MESSAGE][PASSED] - Object: 'Object Repository/Выполнение бизнес-плана/Раскрыть список РаспредКомплекс в фильтре ДЗО' is clicked on

16-10-2024T09:09:20 - [TEST_STEP][PASSED] - if (a == 28): null

16-10-2024T09:09:20 - [TEST_STEP][PASSED] - if (a == 77): null

16-10-2024T09:09:20 - [TEST_STEP][PASSED] - if (a == 74): null

16-10-2024T09:09:20 - [TEST_STEP][PASSED] - if (a == 65): null

16-10-2024T09:09:20 - [TEST_STEP][PASSED] - if (a == 36): null

16-10-2024T09:09:20 - [TEST_STEP][PASSED] - if (a == 44): null

16-10-2024T09:09:20 - [TEST_STEP][PASSED] - if (a == 54): null

16-10-2024T09:09:20 - [TEST_STEP][PASSED] - if (a == 1): Object: 'Object Repository/Выполнение бизнес-плана/Россети Центр' is clicked on

16-10-2024T09:09:20 - [TEST_STEP][PASSED] - scrollToElement(findTestObject("Общие объекты/Раскрыть список Россети Центр"), 30): Scroll to object 'Object Repository/Общие объекты/Раскрыть список Россети Центр' successfully

16-10-2024T09:09:20 - [MESSAGE][PASSED] - Scroll to object 'Object Repository/Общие объекты/Раскрыть список Россети Центр' successfully

16-10-2024T09:09:20 - [TEST_STEP][PASSED] - click(findTestObject("Выполнение бизнес-плана/Россети Центр")): Object: 'Object Repository/Выполнение бизнес-плана/Россети Центр' is clicked on

16-10-2024T09:09:20 - [MESSAGE][PASSED] - Object: 'Object Repository/Выполнение бизнес-плана/Россети Центр' is clicked on

16-10-2024T09:09:20 - [TEST_STEP][PASSED] - if (a == 18): null

16-10-2024T09:09:20 - [TEST_STEP][PASSED] - if (a == 59): null

16-10-2024T09:09:20 - [TEST_STEP][PASSED] - Script1718980020443.CloseFilter(): null

16-10-2024T09:09:20 - [TEST_STEP][PASSED] - scrollToElement(findTestObject("Выполнение бизнес-плана/Заголовок дашборда"), 30): Scroll to object 'Object Repository/Выполнение бизнес-плана/Заголовок дашборда' successfully

16-10-2024T09:09:21 - [MESSAGE][PASSED] - Scroll to object 'Object Repository/Выполнение бизнес-плана/Заголовок дашборда' successfully

16-10-2024T09:09:21 - [TEST_STEP][PASSED] - click(findTestObject("Object Repository/Выполнение бизнес-плана/Применить в фильтре ДЗО")): Object: 'Object Repository/Выполнение бизнес-плана/Применить в фильтре ДЗО' is clicked on

16-10-2024T09:09:22 - [MESSAGE][PASSED] - Object: 'Object Repository/Выполнение бизнес-плана/Применить в фильтре ДЗО' is clicked on

16-10-2024T09:09:22 - [TEST_STEP][PASSED] - Script1718980020443.ZakrytOpoveshenie(): null

16-10-2024T09:09:22 - [TEST_STEP][PASSED] - opoveshenie = getText(findTestObject("Выполнение бизнес-плана/Просьба обратить внимание")): Text of object 'Object Repository/Выполнение бизнес-плана/Просьба обратить внимание' is: ''

16-10-2024T09:09:52 - [MESSAGE][PASSED] - Text of object 'Object Repository/Выполнение бизнес-плана/Просьба обратить внимание' is: ''

16-10-2024T09:09:52 - [TEST_STEP][PASSED] - println(opoveshenie): null

16-10-2024T09:09:52 - [TEST_STEP][PASSED] - if (opoveshenie == "Просьба обратить внимание"): null

16-10-2024T09:09:52 - [TEST_STEP][PASSED] - page = getText(findTestObject("Object Repository/Выполнение бизнес-плана/Filials")): Text of object 'Object Repository/Выполнение бизнес-плана/Filials' is: 'Россети Центр (ГК)
0
10
20
30
40
50
60
70'

16-10-2024T09:10:22 - [MESSAGE][PASSED] - Text of object 'Object Repository/Выполнение бизнес-плана/Filials' is: 'Россети Центр (ГК)
0
10
20
30
40
50
60
70'

16-10-2024T09:10:22 - [TEST_STEP][PASSED] - println(page): null

16-10-2024T09:10:22 - [TEST_STEP][PASSED] - c = page.indexOf(reducedDZO): null

16-10-2024T09:10:22 - [TEST_STEP][PASSED] - while (c > -1): null

16-10-2024T09:10:22 - [TEST_STEP][PASSED] - Script1718980020443.OpenFilter(): null

16-10-2024T09:10:22 - [TEST_STEP][PASSED] - click(findTestObject("Object Repository/Выполнение бизнес-плана/Фильтр ДЗО")): Object: 'Object Repository/Выполнение бизнес-плана/Фильтр ДЗО' is clicked on

16-10-2024T09:10:52 - [MESSAGE][PASSED] - Object: 'Object Repository/Выполнение бизнес-плана/Фильтр ДЗО' is clicked on

16-10-2024T09:10:52 - [TEST_STEP][PASSED] - click(findTestObject("Выполнение бизнес-плана/Снять выделение в фильтре ДЗО")): null

16-10-2024T09:11:22 - [MESSAGE][PASSED] - Object: 'Object Repository/Выполнение бизнес-плана/Снять выделение в фильтре ДЗО' is clicked on

16-10-2024T09:11:22 - [TEST_STEP][PASSED] - Script1718980020443.CloseFilter(): null

16-10-2024T09:11:22 - [TEST_STEP][PASSED] - scrollToElement(findTestObject("Выполнение бизнес-плана/Заголовок дашборда"), 30): Scroll to object 'Object Repository/Выполнение бизнес-плана/Заголовок дашборда' successfully

16-10-2024T09:11:52 - [MESSAGE][PASSED] - Scroll to object 'Object Repository/Выполнение бизнес-плана/Заголовок дашборда' successfully

16-10-2024T09:11:52 - [TEST_STEP][PASSED] - click(findTestObject("Object Repository/Выполнение бизнес-плана/Применить в фильтре ДЗО")): null

16-10-2024T09:12:23 - [MESSAGE][PASSED] - Object: 'Object Repository/Выполнение бизнес-плана/Применить в фильтре ДЗО' is clicked on

16-10-2024T09:12:23 - [TEST_STEP][PASSED] - Script1718980020443.DZO(a): null

16-10-2024T09:12:23 - [TEST_STEP][PASSED] - Script1718980020443.OpenFilter(): null

16-10-2024T09:12:23 - [TEST_STEP][PASSED] - click(findTestObject("Object Repository/Выполнение бизнес-плана/Фильтр ДЗО")): Object: 'Object Repository/Выполнение бизнес-плана/Фильтр ДЗО' is clicked on

16-10-2024T09:12:53 - [MESSAGE][PASSED] - Object: 'Object Repository/Выполнение бизнес-плана/Фильтр ДЗО' is clicked on

16-10-2024T09:12:53 - [TEST_STEP][PASSED] - click(findTestObject("Выполнение бизнес-плана/Снять выделение в фильтре ДЗО")): Object: 'Object Repository/Выполнение бизнес-плана/Снять выделение в фильтре ДЗО' is clicked on

16-10-2024T09:12:53 - [MESSAGE][PASSED] - Object: 'Object Repository/Выполнение бизнес-плана/Снять выделение в фильтре ДЗО' is clicked on

16-10-2024T09:12:53 - [TEST_STEP][PASSED] - Script1718980020443.OpenRSK(): null

16-10-2024T09:12:53 - [TEST_STEP][PASSED] - click(findTestObject("Выполнение бизнес-плана/Раскрыть список ПАО Россети в фильтре ДЗО")): Object: 'Object Repository/Выполнение бизнес-плана/Раскрыть список ПАО Россети в фильтре ДЗО' is clicked on

16-10-2024T09:12:54 - [MESSAGE][PASSED] - Object: 'Object Repository/Выполнение бизнес-плана/Раскрыть список ПАО Россети в фильтре ДЗО' is clicked on

16-10-2024T09:12:54 - [TEST_STEP][PASSED] - click(findTestObject("Выполнение бизнес-плана/Раскрыть список РаспредКомплекс в фильтре ДЗО")): Object: 'Object Repository/Выполнение бизнес-плана/Раскрыть список РаспредКомплекс в фильтре ДЗО' is clicked on

16-10-2024T09:12:54 - [MESSAGE][PASSED] - Object: 'Object Repository/Выполнение бизнес-плана/Раскрыть список РаспредКомплекс в фильтре ДЗО' is clicked on

16-10-2024T09:12:54 - [TEST_STEP][PASSED] - if (a == 28): null

16-10-2024T09:12:54 - [TEST_STEP][PASSED] - if (a == 77): null

16-10-2024T09:12:54 - [TEST_STEP][PASSED] - if (a == 74): null

16-10-2024T09:12:54 - [TEST_STEP][PASSED] - if (a == 65): null

16-10-2024T09:12:54 - [TEST_STEP][PASSED] - if (a == 36): null

16-10-2024T09:12:54 - [TEST_STEP][PASSED] - if (a == 44): null

16-10-2024T09:12:54 - [TEST_STEP][PASSED] - if (a == 54): null

16-10-2024T09:12:54 - [TEST_STEP][PASSED] - if (a == 1): Object: 'Object Repository/Выполнение бизнес-плана/Россети Центр' is clicked on

16-10-2024T09:12:54 - [TEST_STEP][PASSED] - scrollToElement(findTestObject("Общие объекты/Раскрыть список Россети Центр"), 30): Scroll to object 'Object Repository/Общие объекты/Раскрыть список Россети Центр' successfully

16-10-2024T09:12:54 - [MESSAGE][PASSED] - Scroll to object 'Object Repository/Общие объекты/Раскрыть список Россети Центр' successfully

16-10-2024T09:12:54 - [TEST_STEP][PASSED] - click(findTestObject("Выполнение бизнес-плана/Россети Центр")): Object: 'Object Repository/Выполнение бизнес-плана/Россети Центр' is clicked on

16-10-2024T09:12:55 - [MESSAGE][PASSED] - Object: 'Object Repository/Выполнение бизнес-плана/Россети Центр' is clicked on

16-10-2024T09:12:55 - [TEST_STEP][PASSED] - if (a == 18): null

16-10-2024T09:12:55 - [TEST_STEP][PASSED] - if (a == 59): null

16-10-2024T09:12:55 - [TEST_STEP][PASSED] - Script1718980020443.CloseFilter(): null

16-10-2024T09:12:55 - [TEST_STEP][PASSED] - scrollToElement(findTestObject("Выполнение бизнес-плана/Заголовок дашборда"), 30): Scroll to object 'Object Repository/Выполнение бизнес-плана/Заголовок дашборда' successfully

16-10-2024T09:12:55 - [MESSAGE][PASSED] - Scroll to object 'Object Repository/Выполнение бизнес-плана/Заголовок дашборда' successfully

16-10-2024T09:12:55 - [TEST_STEP][PASSED] - click(findTestObject("Object Repository/Выполнение бизнес-плана/Применить в фильтре ДЗО")): Object: 'Object Repository/Выполнение бизнес-плана/Применить в фильтре ДЗО' is clicked on

16-10-2024T09:12:56 - [MESSAGE][PASSED] - Object: 'Object Repository/Выполнение бизнес-плана/Применить в фильтре ДЗО' is clicked on

16-10-2024T09:12:56 - [TEST_STEP][PASSED] - Script1718980020443.ZakrytOpoveshenie(): null

16-10-2024T09:12:56 - [TEST_STEP][PASSED] - opoveshenie = getText(findTestObject("Выполнение бизнес-плана/Просьба обратить внимание")): Text of object 'Object Repository/Выполнение бизнес-плана/Просьба обратить внимание' is: ''

16-10-2024T09:13:25 - [MESSAGE][PASSED] - Text of object 'Object Repository/Выполнение бизнес-плана/Просьба обратить внимание' is: ''

16-10-2024T09:13:25 - [TEST_STEP][PASSED] - println(opoveshenie): null

16-10-2024T09:13:25 - [TEST_STEP][PASSED] - if (opoveshenie == "Просьба обратить внимание"): null

16-10-2024T09:13:25 - [TEST_STEP][PASSED] - delay(20): Delayed 20 second(s)

16-10-2024T09:13:45 - [MESSAGE][PASSED] - Delayed 20 second(s)

16-10-2024T09:13:45 - [TEST_STEP][PASSED] - page = getText(findTestObject("Object Repository/Выполнение бизнес-плана/Filials")): Text of object 'Object Repository/Выполнение бизнес-плана/Filials' is: 'Россети Центр (ГК)
0
10
20
30
40
50
60
70'

16-10-2024T09:13:46 - [MESSAGE][PASSED] - Text of object 'Object Repository/Выполнение бизнес-плана/Filials' is: 'Россети Центр (ГК)
0
10
20
30
40
50
60
70'

16-10-2024T09:13:46 - [TEST_STEP][PASSED] - println(page): null

16-10-2024T09:13:46 - [TEST_STEP][PASSED] - c = page.indexOf(reducedDZO): null

16-10-2024T09:13:46 - [TEST_STEP][PASSED] - println("c indexOf(reducedDZO): " + c): null

16-10-2024T09:13:46 - [TEST_STEP][PASSED] - delay(5): Delayed 5 second(s)

16-10-2024T09:13:51 - [MESSAGE][PASSED] - Delayed 5 second(s)

16-10-2024T09:13:51 - [TEST_STEP][PASSED] - Script1718980020443.OpenFilter(): null

16-10-2024T09:13:51 - [TEST_STEP][PASSED] - click(findTestObject("Object Repository/Выполнение бизнес-плана/Фильтр ДЗО")): Object: 'Object Repository/Выполнение бизнес-плана/Фильтр ДЗО' is clicked on

16-10-2024T09:13:51 - [MESSAGE][PASSED] - Object: 'Object Repository/Выполнение бизнес-плана/Фильтр ДЗО' is clicked on

16-10-2024T09:13:51 - [TEST_STEP][PASSED] - click(findTestObject("Выполнение бизнес-плана/Снять выделение в фильтре ДЗО")): null

16-10-2024T09:13:51 - [MESSAGE][PASSED] - Object: 'Object Repository/Выполнение бизнес-плана/Снять выделение в фильтре ДЗО' is clicked on

16-10-2024T09:13:51 - [TEST_STEP][PASSED] - Script1718980020443.CloseFilter(): null

16-10-2024T09:13:51 - [TEST_STEP][PASSED] - scrollToElement(findTestObject("Выполнение бизнес-плана/Заголовок дашборда"), 30): Scroll to object 'Object Repository/Выполнение бизнес-плана/Заголовок дашборда' successfully

16-10-2024T09:13:52 - [MESSAGE][PASSED] - Scroll to object 'Object Repository/Выполнение бизнес-плана/Заголовок дашборда' successfully

16-10-2024T09:13:52 - [TEST_STEP][PASSED] - click(findTestObject("Object Repository/Выполнение бизнес-плана/Применить в фильтре ДЗО")): null

16-10-2024T09:13:53 - [MESSAGE][PASSED] - Object: 'Object Repository/Выполнение бизнес-плана/Применить в фильтре ДЗО' is clicked on

16-10-2024T09:13:53 - [TEST_STEP][PASSED] - Script1718980020443.DZO(a): null

16-10-2024T09:13:53 - [TEST_STEP][PASSED] - Script1718980020443.OpenFilter(): null

16-10-2024T09:13:53 - [TEST_STEP][PASSED] - click(findTestObject("Object Repository/Выполнение бизнес-плана/Фильтр ДЗО")): Object: 'Object Repository/Выполнение бизнес-плана/Фильтр ДЗО' is clicked on

16-10-2024T09:14:21 - [MESSAGE][PASSED] - Object: 'Object Repository/Выполнение бизнес-плана/Фильтр ДЗО' is clicked on

16-10-2024T09:14:21 - [TEST_STEP][PASSED] - click(findTestObject("Выполнение бизнес-плана/Снять выделение в фильтре ДЗО")): Object: 'Object Repository/Выполнение бизнес-плана/Снять выделение в фильтре ДЗО' is clicked on

16-10-2024T09:14:21 - [MESSAGE][PASSED] - Object: 'Object Repository/Выполнение бизнес-плана/Снять выделение в фильтре ДЗО' is clicked on

16-10-2024T09:14:21 - [TEST_STEP][PASSED] - Script1718980020443.OpenRSK(): null

16-10-2024T09:14:21 - [TEST_STEP][PASSED] - click(findTestObject("Выполнение бизнес-плана/Раскрыть список ПАО Россети в фильтре ДЗО")): Object: 'Object Repository/Выполнение бизнес-плана/Раскрыть список ПАО Россети в фильтре ДЗО' is clicked on

16-10-2024T09:14:22 - [MESSAGE][PASSED] - Object: 'Object Repository/Выполнение бизнес-плана/Раскрыть список ПАО Россети в фильтре ДЗО' is clicked on

16-10-2024T09:14:22 - [TEST_STEP][PASSED] - click(findTestObject("Выполнение бизнес-плана/Раскрыть список РаспредКомплекс в фильтре ДЗО")): Object: 'Object Repository/Выполнение бизнес-плана/Раскрыть список РаспредКомплекс в фильтре ДЗО' is clicked on

16-10-2024T09:14:22 - [MESSAGE][PASSED] - Object: 'Object Repository/Выполнение бизнес-плана/Раскрыть список РаспредКомплекс в фильтре ДЗО' is clicked on

16-10-2024T09:14:22 - [TEST_STEP][PASSED] - if (a == 28): null

16-10-2024T09:14:22 - [TEST_STEP][PASSED] - if (a == 77): null

16-10-2024T09:14:22 - [TEST_STEP][PASSED] - if (a == 74): null

16-10-2024T09:14:22 - [TEST_STEP][PASSED] - if (a == 65): null

16-10-2024T09:14:22 - [TEST_STEP][PASSED] - if (a == 36): null

16-10-2024T09:14:22 - [TEST_STEP][PASSED] - if (a == 44): null

16-10-2024T09:14:22 - [TEST_STEP][PASSED] - if (a == 54): null

16-10-2024T09:14:22 - [TEST_STEP][PASSED] - if (a == 1): Object: 'Object Repository/Выполнение бизнес-плана/Россети Центр' is clicked on

16-10-2024T09:14:22 - [TEST_STEP][PASSED] - scrollToElement(findTestObject("Общие объекты/Раскрыть список Россети Центр"), 30): Scroll to object 'Object Repository/Общие объекты/Раскрыть список Россети Центр' successfully

16-10-2024T09:14:22 - [MESSAGE][PASSED] - Scroll to object 'Object Repository/Общие объекты/Раскрыть список Россети Центр' successfully

16-10-2024T09:14:22 - [TEST_STEP][PASSED] - click(findTestObject("Выполнение бизнес-плана/Россети Центр")): Object: 'Object Repository/Выполнение бизнес-плана/Россети Центр' is clicked on

16-10-2024T09:14:23 - [MESSAGE][PASSED] - Object: 'Object Repository/Выполнение бизнес-плана/Россети Центр' is clicked on

16-10-2024T09:14:23 - [TEST_STEP][PASSED] - if (a == 18): null

16-10-2024T09:14:23 - [TEST_STEP][PASSED] - if (a == 59): null

16-10-2024T09:14:23 - [TEST_STEP][PASSED] - Script1718980020443.CloseFilter(): null

16-10-2024T09:14:23 - [TEST_STEP][PASSED] - scrollToElement(findTestObject("Выполнение бизнес-плана/Заголовок дашборда"), 30): Scroll to object 'Object Repository/Выполнение бизнес-плана/Заголовок дашборда' successfully

16-10-2024T09:14:23 - [MESSAGE][PASSED] - Scroll to object 'Object Repository/Выполнение бизнес-плана/Заголовок дашборда' successfully

16-10-2024T09:14:23 - [TEST_STEP][PASSED] - click(findTestObject("Object Repository/Выполнение бизнес-плана/Применить в фильтре ДЗО")): Object: 'Object Repository/Выполнение бизнес-плана/Применить в фильтре ДЗО' is clicked on

16-10-2024T09:14:24 - [MESSAGE][PASSED] - Object: 'Object Repository/Выполнение бизнес-плана/Применить в фильтре ДЗО' is clicked on

16-10-2024T09:14:24 - [TEST_STEP][PASSED] - Script1718980020443.ZakrytOpoveshenie(): null

16-10-2024T09:14:24 - [TEST_STEP][PASSED] - opoveshenie = getText(findTestObject("Выполнение бизнес-плана/Просьба обратить внимание")): Text of object 'Object Repository/Выполнение бизнес-плана/Просьба обратить внимание' is: ''

16-10-2024T09:14:51 - [MESSAGE][PASSED] - Text of object 'Object Repository/Выполнение бизнес-плана/Просьба обратить внимание' is: ''

16-10-2024T09:14:51 - [TEST_STEP][PASSED] - println(opoveshenie): null

16-10-2024T09:14:51 - [TEST_STEP][PASSED] - if (opoveshenie == "Просьба обратить внимание"): null

16-10-2024T09:14:51 - [TEST_STEP][PASSED] - delay(20): Delayed 20 second(s)

16-10-2024T09:15:11 - [MESSAGE][PASSED] - Delayed 20 second(s)

16-10-2024T09:15:11 - [TEST_STEP][PASSED] - page = getText(findTestObject("Object Repository/Выполнение бизнес-плана/Filials")): Text of object 'Object Repository/Выполнение бизнес-плана/Filials' is: 'Россети Центр (ГК)
0
10
20
30
40
50
60
70'

16-10-2024T09:15:12 - [MESSAGE][PASSED] - Text of object 'Object Repository/Выполнение бизнес-плана/Filials' is: 'Россети Центр (ГК)
0
10
20
30
40
50
60
70'

16-10-2024T09:15:12 - [TEST_STEP][PASSED] - println(page): null

16-10-2024T09:15:12 - [TEST_STEP][PASSED] - c = page.indexOf(reducedDZO): null

16-10-2024T09:15:12 - [TEST_STEP][PASSED] - println("c indexOf(reducedDZO): " + c): null

16-10-2024T09:15:12 - [TEST_STEP][PASSED] - delay(5): Delayed 5 second(s)

16-10-2024T09:15:17 - [MESSAGE][PASSED] - Delayed 5 second(s)

16-10-2024T09:15:17 - [TEST_STEP][PASSED] - Script1718980020443.OpenFilter(): null

16-10-2024T09:15:17 - [TEST_STEP][PASSED] - click(findTestObject("Object Repository/Выполнение бизнес-плана/Фильтр ДЗО")): Object: 'Object Repository/Выполнение бизнес-плана/Фильтр ДЗО' is clicked on

16-10-2024T09:15:17 - [MESSAGE][PASSED] - Object: 'Object Repository/Выполнение бизнес-плана/Фильтр ДЗО' is clicked on

16-10-2024T09:15:17 - [TEST_STEP][PASSED] - click(findTestObject("Выполнение бизнес-плана/Снять выделение в фильтре ДЗО")): null

16-10-2024T09:15:18 - [MESSAGE][PASSED] - Object: 'Object Repository/Выполнение бизнес-плана/Снять выделение в фильтре ДЗО' is clicked on

16-10-2024T09:15:18 - [TEST_STEP][PASSED] - Script1718980020443.CloseFilter(): null

16-10-2024T09:15:18 - [TEST_STEP][PASSED] - scrollToElement(findTestObject("Выполнение бизнес-плана/Заголовок дашборда"), 30): Scroll to object 'Object Repository/Выполнение бизнес-плана/Заголовок дашборда' successfully

16-10-2024T09:15:18 - [MESSAGE][PASSED] - Scroll to object 'Object Repository/Выполнение бизнес-плана/Заголовок дашборда' successfully

16-10-2024T09:15:18 - [TEST_STEP][PASSED] - click(findTestObject("Object Repository/Выполнение бизнес-плана/Применить в фильтре ДЗО")): null

16-10-2024T09:15:19 - [MESSAGE][PASSED] - Object: 'Object Repository/Выполнение бизнес-плана/Применить в фильтре ДЗО' is clicked on

16-10-2024T09:15:19 - [TEST_STEP][PASSED] - Script1718980020443.DZO(a): null

16-10-2024T09:15:19 - [TEST_STEP][PASSED] - Script1718980020443.OpenFilter(): null

16-10-2024T09:15:19 - [TEST_STEP][PASSED] - click(findTestObject("Object Repository/Выполнение бизнес-плана/Фильтр ДЗО")): Object: 'Object Repository/Выполнение бизнес-плана/Фильтр ДЗО' is clicked on

16-10-2024T09:15:49 - [MESSAGE][PASSED] - Object: 'Object Repository/Выполнение бизнес-плана/Фильтр ДЗО' is clicked on

16-10-2024T09:15:49 - [TEST_STEP][PASSED] - click(findTestObject("Выполнение бизнес-плана/Снять выделение в фильтре ДЗО")): Object: 'Object Repository/Выполнение бизнес-плана/Снять выделение в фильтре ДЗО' is clicked on

16-10-2024T09:15:50 - [MESSAGE][PASSED] - Object: 'Object Repository/Выполнение бизнес-плана/Снять выделение в фильтре ДЗО' is clicked on

16-10-2024T09:15:50 - [TEST_STEP][PASSED] - Script1718980020443.OpenRSK(): null

16-10-2024T09:15:50 - [TEST_STEP][PASSED] - click(findTestObject("Выполнение бизнес-плана/Раскрыть список ПАО Россети в фильтре ДЗО")): Object: 'Object Repository/Выполнение бизнес-плана/Раскрыть список ПАО Россети в фильтре ДЗО' is clicked on

16-10-2024T09:15:50 - [MESSAGE][PASSED] - Object: 'Object Repository/Выполнение бизнес-плана/Раскрыть список ПАО Россети в фильтре ДЗО' is clicked on

16-10-2024T09:15:50 - [TEST_STEP][PASSED] - click(findTestObject("Выполнение бизнес-плана/Раскрыть список РаспредКомплекс в фильтре ДЗО")): Object: 'Object Repository/Выполнение бизнес-плана/Раскрыть список РаспредКомплекс в фильтре ДЗО' is clicked on

16-10-2024T09:15:50 - [MESSAGE][PASSED] - Object: 'Object Repository/Выполнение бизнес-плана/Раскрыть список РаспредКомплекс в фильтре ДЗО' is clicked on

16-10-2024T09:15:50 - [TEST_STEP][PASSED] - if (a == 28): null

16-10-2024T09:15:50 - [TEST_STEP][PASSED] - if (a == 77): null

16-10-2024T09:15:50 - [TEST_STEP][PASSED] - if (a == 74): null

16-10-2024T09:15:50 - [TEST_STEP][PASSED] - if (a == 65): null

16-10-2024T09:15:50 - [TEST_STEP][PASSED] - if (a == 36): null

16-10-2024T09:15:50 - [TEST_STEP][PASSED] - if (a == 44): null

16-10-2024T09:15:50 - [TEST_STEP][PASSED] - if (a == 54): null

16-10-2024T09:15:50 - [TEST_STEP][PASSED] - if (a == 1): Object: 'Object Repository/Выполнение бизнес-плана/Россети Центр' is clicked on

16-10-2024T09:15:50 - [TEST_STEP][PASSED] - scrollToElement(findTestObject("Общие объекты/Раскрыть список Россети Центр"), 30): Scroll to object 'Object Repository/Общие объекты/Раскрыть список Россети Центр' successfully

16-10-2024T09:15:51 - [MESSAGE][PASSED] - Scroll to object 'Object Repository/Общие объекты/Раскрыть список Россети Центр' successfully

16-10-2024T09:15:51 - [TEST_STEP][PASSED] - click(findTestObject("Выполнение бизнес-плана/Россети Центр")): Object: 'Object Repository/Выполнение бизнес-плана/Россети Центр' is clicked on

16-10-2024T09:15:51 - [MESSAGE][PASSED] - Object: 'Object Repository/Выполнение бизнес-плана/Россети Центр' is clicked on

16-10-2024T09:15:51 - [TEST_STEP][PASSED] - if (a == 18): null

16-10-2024T09:15:51 - [TEST_STEP][PASSED] - if (a == 59): null

16-10-2024T09:15:51 - [TEST_STEP][PASSED] - Script1718980020443.CloseFilter(): null

16-10-2024T09:15:51 - [TEST_STEP][PASSED] - scrollToElement(findTestObject("Выполнение бизнес-плана/Заголовок дашборда"), 30): Scroll to object 'Object Repository/Выполнение бизнес-плана/Заголовок дашборда' successfully

16-10-2024T09:15:51 - [MESSAGE][PASSED] - Scroll to object 'Object Repository/Выполнение бизнес-плана/Заголовок дашборда' successfully

16-10-2024T09:15:51 - [TEST_STEP][PASSED] - click(findTestObject("Object Repository/Выполнение бизнес-плана/Применить в фильтре ДЗО")): Object: 'Object Repository/Выполнение бизнес-плана/Применить в фильтре ДЗО' is clicked on

16-10-2024T09:15:52 - [MESSAGE][PASSED] - Object: 'Object Repository/Выполнение бизнес-плана/Применить в фильтре ДЗО' is clicked on

16-10-2024T09:15:52 - [TEST_STEP][PASSED] - Script1718980020443.ZakrytOpoveshenie(): null

16-10-2024T09:15:52 - [TEST_STEP][PASSED] - opoveshenie = getText(findTestObject("Выполнение бизнес-плана/Просьба обратить внимание")): Text of object 'Object Repository/Выполнение бизнес-плана/Просьба обратить внимание' is: ''

16-10-2024T09:16:19 - [MESSAGE][PASSED] - Text of object 'Object Repository/Выполнение бизнес-плана/Просьба обратить внимание' is: ''

16-10-2024T09:16:19 - [TEST_STEP][PASSED] - println(opoveshenie): null

16-10-2024T09:16:19 - [TEST_STEP][PASSED] - if (opoveshenie == "Просьба обратить внимание"): null

16-10-2024T09:16:19 - [TEST_STEP][PASSED] - delay(20): Delayed 20 second(s)

16-10-2024T09:16:39 - [MESSAGE][PASSED] - Delayed 20 second(s)

16-10-2024T09:16:39 - [TEST_STEP][PASSED] - page = getText(findTestObject("Object Repository/Выполнение бизнес-плана/Filials")): Text of object 'Object Repository/Выполнение бизнес-плана/Filials' is: 'Россети Центр (ГК)
0
10
20
30
40
50
60
70'

16-10-2024T09:16:40 - [MESSAGE][PASSED] - Text of object 'Object Repository/Выполнение бизнес-плана/Filials' is: 'Россети Центр (ГК)
0
10
20
30
40
50
60
70'

16-10-2024T09:16:40 - [TEST_STEP][PASSED] - println(page): null

16-10-2024T09:16:40 - [TEST_STEP][PASSED] - c = page.indexOf(reducedDZO): null

16-10-2024T09:16:40 - [TEST_STEP][PASSED] - println("c indexOf(reducedDZO): " + c): null

16-10-2024T09:16:40 - [TEST_STEP][PASSED] - delay(5): Delayed 5 second(s)

16-10-2024T09:16:45 - [MESSAGE][PASSED] - Delayed 5 second(s)

16-10-2024T09:16:45 - [TEST_STEP][PASSED] - Script1718980020443.OpenFilter(): null

16-10-2024T09:16:45 - [TEST_STEP][PASSED] - click(findTestObject("Object Repository/Выполнение бизнес-плана/Фильтр ДЗО")): Object: 'Object Repository/Выполнение бизнес-плана/Фильтр ДЗО' is clicked on

16-10-2024T09:16:45 - [MESSAGE][PASSED] - Object: 'Object Repository/Выполнение бизнес-плана/Фильтр ДЗО' is clicked on

16-10-2024T09:16:45 - [TEST_STEP][PASSED] - click(findTestObject("Выполнение бизнес-плана/Снять выделение в фильтре ДЗО")): null

16-10-2024T09:16:45 - [MESSAGE][PASSED] - Object: 'Object Repository/Выполнение бизнес-плана/Снять выделение в фильтре ДЗО' is clicked on

16-10-2024T09:16:45 - [TEST_STEP][PASSED] - Script1718980020443.CloseFilter(): null

16-10-2024T09:16:45 - [TEST_STEP][PASSED] - scrollToElement(findTestObject("Выполнение бизнес-плана/Заголовок дашборда"), 30): Scroll to object 'Object Repository/Выполнение бизнес-плана/Заголовок дашборда' successfully

16-10-2024T09:16:46 - [MESSAGE][PASSED] - Scroll to object 'Object Repository/Выполнение бизнес-плана/Заголовок дашборда' successfully

16-10-2024T09:16:46 - [TEST_STEP][PASSED] - click(findTestObject("Object Repository/Выполнение бизнес-плана/Применить в фильтре ДЗО")): null

16-10-2024T09:16:46 - [MESSAGE][PASSED] - Object: 'Object Repository/Выполнение бизнес-плана/Применить в фильтре ДЗО' is clicked on

16-10-2024T09:16:46 - [TEST_STEP][PASSED] - Script1718980020443.DZO(a): null

16-10-2024T09:16:46 - [TEST_STEP][PASSED] - Script1718980020443.OpenFilter(): null

16-10-2024T09:16:46 - [TEST_STEP][PASSED] - click(findTestObject("Object Repository/Выполнение бизнес-плана/Фильтр ДЗО")): Object: 'Object Repository/Выполнение бизнес-плана/Фильтр ДЗО' is clicked on

16-10-2024T09:17:12 - [MESSAGE][PASSED] - Object: 'Object Repository/Выполнение бизнес-плана/Фильтр ДЗО' is clicked on

16-10-2024T09:17:12 - [TEST_STEP][PASSED] - click(findTestObject("Выполнение бизнес-плана/Снять выделение в фильтре ДЗО")): Object: 'Object Repository/Выполнение бизнес-плана/Снять выделение в фильтре ДЗО' is clicked on

16-10-2024T09:17:12 - [MESSAGE][PASSED] - Object: 'Object Repository/Выполнение бизнес-плана/Снять выделение в фильтре ДЗО' is clicked on

16-10-2024T09:17:12 - [TEST_STEP][PASSED] - Script1718980020443.OpenRSK(): null

16-10-2024T09:17:12 - [TEST_STEP][PASSED] - click(findTestObject("Выполнение бизнес-плана/Раскрыть список ПАО Россети в фильтре ДЗО")): Object: 'Object Repository/Выполнение бизнес-плана/Раскрыть список ПАО Россети в фильтре ДЗО' is clicked on

16-10-2024T09:17:12 - [MESSAGE][PASSED] - Object: 'Object Repository/Выполнение бизнес-плана/Раскрыть список ПАО Россети в фильтре ДЗО' is clicked on

16-10-2024T09:17:12 - [TEST_STEP][PASSED] - click(findTestObject("Выполнение бизнес-плана/Раскрыть список РаспредКомплекс в фильтре ДЗО")): Object: 'Object Repository/Выполнение бизнес-плана/Раскрыть список РаспредКомплекс в фильтре ДЗО' is clicked on

16-10-2024T09:17:13 - [MESSAGE][PASSED] - Object: 'Object Repository/Выполнение бизнес-плана/Раскрыть список РаспредКомплекс в фильтре ДЗО' is clicked on

16-10-2024T09:17:13 - [TEST_STEP][PASSED] - if (a == 28): null

16-10-2024T09:17:13 - [TEST_STEP][PASSED] - if (a == 77): null

16-10-2024T09:17:13 - [TEST_STEP][PASSED] - if (a == 74): null

16-10-2024T09:17:13 - [TEST_STEP][PASSED] - if (a == 65): null

16-10-2024T09:17:13 - [TEST_STEP][PASSED] - if (a == 36): null

16-10-2024T09:17:13 - [TEST_STEP][PASSED] - if (a == 44): null

16-10-2024T09:17:13 - [TEST_STEP][PASSED] - if (a == 54): null

16-10-2024T09:17:13 - [TEST_STEP][PASSED] - if (a == 1): Object: 'Object Repository/Выполнение бизнес-плана/Россети Центр' is clicked on

16-10-2024T09:17:13 - [TEST_STEP][PASSED] - scrollToElement(findTestObject("Общие объекты/Раскрыть список Россети Центр"), 30): Scroll to object 'Object Repository/Общие объекты/Раскрыть список Россети Центр' successfully

16-10-2024T09:17:13 - [MESSAGE][PASSED] - Scroll to object 'Object Repository/Общие объекты/Раскрыть список Россети Центр' successfully

16-10-2024T09:17:13 - [TEST_STEP][PASSED] - click(findTestObject("Выполнение бизнес-плана/Россети Центр")): Object: 'Object Repository/Выполнение бизнес-плана/Россети Центр' is clicked on

16-10-2024T09:17:13 - [MESSAGE][PASSED] - Object: 'Object Repository/Выполнение бизнес-плана/Россети Центр' is clicked on

16-10-2024T09:17:13 - [TEST_STEP][PASSED] - if (a == 18): null

16-10-2024T09:17:13 - [TEST_STEP][PASSED] - if (a == 59): null

16-10-2024T09:17:13 - [TEST_STEP][PASSED] - Script1718980020443.CloseFilter(): null

16-10-2024T09:17:13 - [TEST_STEP][PASSED] - scrollToElement(findTestObject("Выполнение бизнес-плана/Заголовок дашборда"), 30): Scroll to object 'Object Repository/Выполнение бизнес-плана/Заголовок дашборда' successfully

16-10-2024T09:17:14 - [MESSAGE][PASSED] - Scroll to object 'Object Repository/Выполнение бизнес-плана/Заголовок дашборда' successfully

16-10-2024T09:17:14 - [TEST_STEP][PASSED] - click(findTestObject("Object Repository/Выполнение бизнес-плана/Применить в фильтре ДЗО")): Object: 'Object Repository/Выполнение бизнес-плана/Применить в фильтре ДЗО' is clicked on

16-10-2024T09:17:15 - [MESSAGE][PASSED] - Object: 'Object Repository/Выполнение бизнес-плана/Применить в фильтре ДЗО' is clicked on

16-10-2024T09:17:15 - [TEST_STEP][PASSED] - Script1718980020443.ZakrytOpoveshenie(): null

16-10-2024T09:17:15 - [TEST_STEP][PASSED] - opoveshenie = getText(findTestObject("Выполнение бизнес-плана/Просьба обратить внимание")): Text of object 'Object Repository/Выполнение бизнес-плана/Просьба обратить внимание' is: ''

16-10-2024T09:17:40 - [MESSAGE][PASSED] - Text of object 'Object Repository/Выполнение бизнес-плана/Просьба обратить внимание' is: ''

16-10-2024T09:17:40 - [TEST_STEP][PASSED] - println(opoveshenie): null

16-10-2024T09:17:40 - [TEST_STEP][PASSED] - if (opoveshenie == "Просьба обратить внимание"): Delayed 5 second(s)

16-10-2024T09:17:40 - [TEST_STEP][PASSED] - delay(20): Delayed 20 second(s)

16-10-2024T09:18:00 - [MESSAGE][PASSED] - Delayed 20 second(s)

16-10-2024T09:18:00 - [TEST_STEP][PASSED] - page = getText(findTestObject("Object Repository/Выполнение бизнес-плана/Filials")): Text of object 'Object Repository/Выполнение бизнес-плана/Filials' is: 'АО«Воронежскаягорэлектросеть»
АО «Тульскиегородскиеэлектрическиесети»
АО«Ярославскаяэлектросетеваякомпания»
Белгородэнерго
Брянскэнерго
Воронежэнерго
Костромаэнерго
Курскэнерго
Липецкэнерго
ООО «БрянскЭ…
Орелэнерго
Смоленскэнерго
Тамбовэнерго
Тверьэнерго
Ярэнерго
0
10
20
30
40
50
60
70'

16-10-2024T09:18:00 - [MESSAGE][PASSED] - Text of object 'Object Repository/Выполнение бизнес-плана/Filials' is: 'АО«Воронежскаягорэлектросеть»
АО «Тульскиегородскиеэлектрическиесети»
АО«Ярославскаяэлектросетеваякомпания»
Белгородэнерго
Брянскэнерго
Воронежэнерго
Костромаэнерго
Курскэнерго
Липецкэнерго
ООО «БрянскЭ…
Орелэнерго
Смоленскэнерго
Тамбовэнерго
Тверьэнерго
Ярэнерго
0
10
20
30
40
50
60
70'

16-10-2024T09:18:00 - [TEST_STEP][PASSED] - println(page): null

16-10-2024T09:18:00 - [TEST_STEP][PASSED] - c = page.indexOf(reducedDZO): null

16-10-2024T09:18:00 - [TEST_STEP][PASSED] - println("c indexOf(reducedDZO): " + c): null

16-10-2024T09:18:00 - [TEST_STEP][PASSED] - delay(5): Delayed 5 second(s)

16-10-2024T09:18:05 - [MESSAGE][PASSED] - Delayed 5 second(s)

16-10-2024T09:18:05 - [TEST_STEP][PASSED] - x2 = getText(findTestObject("Выполнение бизнес-плана/Список ДЗО старый")): Text of object 'Object Repository/Выполнение бизнес-плана/Список ДЗО старый' is: 'АО«Воронежскаягорэлектросеть»
АО «Тульскиегородскиеэлектрическиесети»
АО«Ярославскаяэлектросетеваякомпания»
Белгородэнерго
Брянскэнерго
Воронежэнерго
Костромаэнерго
Курскэнерго
Липецкэнерго
ООО «БрянскЭ…
Орелэнерго
Смоленскэнерго
Тамбовэнерго
Тверьэнерго
Ярэнерго
0
10
20
30
40
50
60
70'

16-10-2024T09:18:05 - [MESSAGE][PASSED] - Text of object 'Object Repository/Выполнение бизнес-плана/Список ДЗО старый' is: 'АО«Воронежскаягорэлектросеть»
АО «Тульскиегородскиеэлектрическиесети»
АО«Ярославскаяэлектросетеваякомпания»
Белгородэнерго
Брянскэнерго
Воронежэнерго
Костромаэнерго
Курскэнерго
Липецкэнерго
ООО «БрянскЭ…
Орелэнерго
Смоленскэнерго
Тамбовэнерго
Тверьэнерго
Ярэнерго
0
10
20
30
40
50
60
70'

16-10-2024T09:18:05 - [TEST_STEP][PASSED] - if (a == 28): null

16-10-2024T09:18:05 - [TEST_STEP][PASSED] - if (a == 77): null

16-10-2024T09:18:05 - [TEST_STEP][PASSED] - if (a == 74): null

16-10-2024T09:18:05 - [TEST_STEP][PASSED] - if (a == 65): null

16-10-2024T09:18:05 - [TEST_STEP][PASSED] - if (a == 1): null

16-10-2024T09:18:05 - [TEST_STEP][PASSED] - dZO = "АО «Воронежская горэлектросеть»": null

16-10-2024T09:18:05 - [TEST_STEP][PASSED] - a = 14: null

16-10-2024T09:18:05 - [TEST_STEP][PASSED] - i = dZO.length() - 1: null

16-10-2024T09:18:05 - [TEST_STEP][PASSED] - dzoCut = substring(4, i).replaceAll("\s+", ""): null

16-10-2024T09:18:05 - [TEST_STEP][PASSED] - if (x2.contains(dzoCut)): null

16-10-2024T09:18:05 - [TEST_STEP][PASSED] - filialNum = filialNum + 1: null

16-10-2024T09:18:05 - [TEST_STEP][PASSED] - Script1718980020443.Numbers(a, typeOfData, todaysDate, pageInt, fileInt, pageDouble, fileDouble, dZO, dzoNum, filialNum): null

16-10-2024T09:18:05 - [TEST_STEP][PASSED] - println(dzoNum): null

16-10-2024T09:18:05 - [TEST_STEP][PASSED] - planFact = <not implemented yet for class: org.codehaus.groovy.ast.expr.EmptyExpression>: null

16-10-2024T09:18:05 - [TEST_STEP][PASSED] - page = <not implemented yet for class: org.codehaus.groovy.ast.expr.EmptyExpression>: null

16-10-2024T09:18:05 - [TEST_STEP][PASSED] - page1 = <not implemented yet for class: org.codehaus.groovy.ast.expr.EmptyExpression>: null

16-10-2024T09:18:05 - [TEST_STEP][PASSED] - page2 = <not implemented yet for class: org.codehaus.groovy.ast.expr.EmptyExpression>: null

16-10-2024T09:18:05 - [TEST_STEP][PASSED] - filialNumberInRow = <not implemented yet for class: org.codehaus.groovy.ast.expr.EmptyExpression>: null

16-10-2024T09:18:05 - [TEST_STEP][PASSED] - filialsDzoNames = <not implemented yet for class: org.codehaus.groovy.ast.expr.EmptyExpression>: null

16-10-2024T09:18:05 - [TEST_STEP][PASSED] - numberOfFilials = <not implemented yet for class: org.codehaus.groovy.ast.expr.EmptyExpression>: null

16-10-2024T09:18:05 - [TEST_STEP][PASSED] - numberOfSpaces = <not implemented yet for class: org.codehaus.groovy.ast.expr.EmptyExpression>: null

16-10-2024T09:18:05 - [TEST_STEP][PASSED] - file = <not implemented yet for class: org.codehaus.groovy.ast.expr.EmptyExpression>: null

16-10-2024T09:18:05 - [TEST_STEP][PASSED] - otpusk = <not implemented yet for class: org.codehaus.groovy.ast.expr.EmptyExpression>: null

16-10-2024T09:18:05 - [TEST_STEP][PASSED] - poteri = <not implemented yet for class: org.codehaus.groovy.ast.expr.EmptyExpression>: null

16-10-2024T09:18:05 - [TEST_STEP][PASSED] - dataFolder = "Выполнение бизнес-плана/Значения со страницы Выполнение бизнес-плана/": null

16-10-2024T09:18:05 - [TEST_STEP][PASSED] - path = <not implemented yet for class: org.codehaus.groovy.ast.expr.EmptyExpression>: null

16-10-2024T09:18:05 - [TEST_STEP][PASSED] - typeOfDataMain = <not implemented yet for class: org.codehaus.groovy.ast.expr.EmptyExpression>: null

16-10-2024T09:18:05 - [TEST_STEP][PASSED] - fileOtpuskVSet = <not implemented yet for class: org.codehaus.groovy.ast.expr.EmptyExpression>: null

16-10-2024T09:18:05 - [TEST_STEP][PASSED] - pageOtpuskVSet = <not implemented yet for class: org.codehaus.groovy.ast.expr.EmptyExpression>: null

16-10-2024T09:18:05 - [TEST_STEP][PASSED] - filePoteri = <not implemented yet for class: org.codehaus.groovy.ast.expr.EmptyExpression>: null

16-10-2024T09:18:05 - [TEST_STEP][PASSED] - pagePoteri = <not implemented yet for class: org.codehaus.groovy.ast.expr.EmptyExpression>: null

16-10-2024T09:18:05 - [TEST_STEP][PASSED] - compare = <not implemented yet for class: org.codehaus.groovy.ast.expr.EmptyExpression>: null

16-10-2024T09:18:05 - [TEST_STEP][PASSED] - b = <not implemented yet for class: org.codehaus.groovy.ast.expr.EmptyExpression>: null

16-10-2024T09:18:05 - [TEST_STEP][PASSED] - i = <not implemented yet for class: org.codehaus.groovy.ast.expr.EmptyExpression>: null

16-10-2024T09:18:05 - [TEST_STEP][PASSED] - ii = <not implemented yet for class: org.codehaus.groovy.ast.expr.EmptyExpression>: null

16-10-2024T09:18:05 - [TEST_STEP][PASSED] - c = <not implemented yet for class: org.codehaus.groovy.ast.expr.EmptyExpression>: null

16-10-2024T09:18:05 - [TEST_STEP][PASSED] - numberOfErrors = 0: null

16-10-2024T09:18:05 - [TEST_STEP][PASSED] - if (a == 82): null

16-10-2024T09:18:05 - [TEST_STEP][PASSED] - b = findTestData("PlanFact").getValue(1, a): null

16-10-2024T09:18:05 - [TEST_STEP][PASSED] - i = b.indexOf(" (ГК)"): null

16-10-2024T09:18:05 - [TEST_STEP][PASSED] - if (i > -1): null

16-10-2024T09:18:05 - [TEST_STEP][PASSED] - i = b.indexOf("О ""): null

16-10-2024T09:18:05 - [TEST_STEP][PASSED] - if (i > -1): null

16-10-2024T09:18:05 - [TEST_STEP][PASSED] - i = b.indexOf("О «"): null

16-10-2024T09:18:05 - [TEST_STEP][PASSED] - if (i > -1): null

16-10-2024T09:18:05 - [TEST_STEP][PASSED] - b = b.substring(i + 3, b.length()): null

16-10-2024T09:18:05 - [TEST_STEP][PASSED] - i = b.indexOf("»"): null

16-10-2024T09:18:05 - [TEST_STEP][PASSED] - b = b.substring(0, i): null

16-10-2024T09:18:05 - [TEST_STEP][PASSED] - b = b.trim(): null

16-10-2024T09:18:05 - [TEST_STEP][PASSED] - i = b.indexOf("г. "): null

16-10-2024T09:18:05 - [TEST_STEP][PASSED] - if (i > -1): null

16-10-2024T09:18:05 - [TEST_STEP][PASSED] - println(b): null

16-10-2024T09:18:05 - [TEST_STEP][PASSED] - for ([planFact = 1, planFact < 3, (planFact++)]): null

16-10-2024T09:18:05 - [TEST_STEP][PASSED] - if (planFact == 1): null

16-10-2024T09:18:05 - [TEST_STEP][PASSED] - typeOfDataMain = "Факт": null

16-10-2024T09:18:05 - [TEST_STEP][PASSED] - otpusk = findTestData("PlanFact").getValue(5, a): null

16-10-2024T09:18:05 - [TEST_STEP][PASSED] - poteri = findTestData("PlanFact").getValue(6, a): null

16-10-2024T09:18:05 - [TEST_STEP][PASSED] - otpusk = otpusk.replaceAll("\s+", ""): null

16-10-2024T09:18:05 - [TEST_STEP][PASSED] - poteri = poteri.replaceAll("\s+", ""): null

16-10-2024T09:18:05 - [TEST_STEP][PASSED] - typeOfData = typeOfDataMain + " Отпуск в сеть": null

16-10-2024T09:18:05 - [TEST_STEP][PASSED] - if (a == 82): null

16-10-2024T09:18:05 - [TEST_STEP][PASSED] - else if (a == 84): null

16-10-2024T09:18:05 - [TEST_STEP][PASSED] - else if (a == 52 || a == 72 || a == 28 || a == 73 || a == 77 || a == 74 || a == 65 || a == 36 || a == 44 || a == 53 || a == 80 || a == 54 || a == 1 || a == 18 || a == 59 || a == 81): null

16-10-2024T09:18:05 - [TEST_STEP][PASSED] - else: null

16-10-2024T09:18:05 - [TEST_STEP][PASSED] - path = dataFolder + typeOfData + " за отчётный период " + b: null

16-10-2024T09:18:05 - [TEST_STEP][PASSED] - println(path): null

16-10-2024T09:18:05 - [TEST_STEP][PASSED] - page = getText(findTestObject(path)): Text of object 'Object Repository/Выполнение бизнес-плана/Значения со страницы Выполнение бизнес-плана/Факт Отпуск в сеть за отчётный период Воронежская горэлектросеть' is: '1 333 655'

16-10-2024T09:18:06 - [MESSAGE][PASSED] - Text of object 'Object Repository/Выполнение бизнес-плана/Значения со страницы Выполнение бизнес-плана/Факт Отпуск в сеть за отчётный период Воронежская горэлектросеть' is: '1 333 655'

16-10-2024T09:18:06 - [TEST_STEP][PASSED] - page = page.replaceAll("\s+", ""): null

16-10-2024T09:18:06 - [TEST_STEP][PASSED] - fileOtpuskVSet = otpusk.toInteger(): null

16-10-2024T09:18:06 - [TEST_STEP][PASSED] - pageOtpuskVSet = page.toInteger(): null

16-10-2024T09:18:06 - [TEST_STEP][PASSED] - typeOfData = typeOfDataMain + " Потери": null

16-10-2024T09:18:06 - [TEST_STEP][PASSED] - if (a == 82): null

16-10-2024T09:18:06 - [TEST_STEP][PASSED] - else if (a == 84): null

16-10-2024T09:18:06 - [TEST_STEP][PASSED] - else if (a == 52 || a == 72 || a == 28 || a == 73 || a == 77 || a == 74 || a == 65 || a == 36 || a == 44 || a == 53 || a == 80 || a == 54 || a == 1 || a == 18 || a == 59 || a == 81): null

16-10-2024T09:18:06 - [TEST_STEP][PASSED] - else: null

16-10-2024T09:18:06 - [TEST_STEP][PASSED] - path = dataFolder + typeOfData + " за отчётный период " + b: null

16-10-2024T09:18:06 - [TEST_STEP][PASSED] - page = getText(findTestObject(path)): Text of object 'Object Repository/Выполнение бизнес-плана/Значения со страницы Выполнение бизнес-плана/Факт Потери за отчётный период Воронежская горэлектросеть' is: '172 785'

16-10-2024T09:18:06 - [MESSAGE][PASSED] - Text of object 'Object Repository/Выполнение бизнес-плана/Значения со страницы Выполнение бизнес-плана/Факт Потери за отчётный период Воронежская горэлектросеть' is: '172 785'

16-10-2024T09:18:06 - [TEST_STEP][PASSED] - page = page.replaceAll("\s+", ""): null

16-10-2024T09:18:06 - [TEST_STEP][PASSED] - filePoteri = poteri.toInteger(): null

16-10-2024T09:18:06 - [TEST_STEP][PASSED] - pagePoteri = page.toInteger(): null

16-10-2024T09:18:06 - [TEST_STEP][PASSED] - compare = pageOtpuskVSet: null

16-10-2024T09:18:06 - [TEST_STEP][PASSED] - if (compare == fileOtpuskVSet): null

16-10-2024T09:18:06 - [TEST_STEP][PASSED] - else if (compare > fileOtpuskVSet): null

16-10-2024T09:18:06 - [TEST_STEP][PASSED] - compare = compare - 1: null

16-10-2024T09:18:06 - [TEST_STEP][PASSED] - if (compare == fileOtpuskVSet): null

16-10-2024T09:18:06 - [TEST_STEP][PASSED] - else: null

16-10-2024T09:18:06 - [TEST_STEP][PASSED] - numberOfErrors = numberOfErrors + 1: null

16-10-2024T09:18:06 - [TEST_STEP][PASSED] - pageInt = pageOtpuskVSet: null

16-10-2024T09:18:06 - [TEST_STEP][PASSED] - fileInt = fileOtpuskVSet: null

16-10-2024T09:18:06 - [TEST_STEP][PASSED] - typeOfData = typeOfDataMain + " Отпуск в сеть": null

16-10-2024T09:18:06 - [TEST_STEP][PASSED] - Script1718980020443.WriteToExcel(a, typeOfData, todaysDate, pageInt, fileInt, pageDouble, fileDouble, dZO): null

16-10-2024T09:18:06 - [TEST_STEP][PASSED] - sheetName = "Sheet1": null

16-10-2024T09:18:06 - [TEST_STEP][PASSED] - data = findTestData("PlanFact"): null

16-10-2024T09:18:06 - [TEST_STEP][PASSED] - n = data.getRowNumbers() + 1: null

16-10-2024T09:18:06 - [TEST_STEP][PASSED] - year = todaysDate.substring(todaysDate.length() - 4, todaysDate.length()): null

16-10-2024T09:18:06 - [TEST_STEP][PASSED] - y = year.toInteger(): null

16-10-2024T09:18:06 - [TEST_STEP][PASSED] - m = getText(findTestObject("Выполнение бизнес-плана/Период")): Text of object 'Object Repository/Выполнение бизнес-плана/Период' is: '1, 2 кв., Июль, Август 2024 года'

16-10-2024T09:18:06 - [MESSAGE][PASSED] - Text of object 'Object Repository/Выполнение бизнес-плана/Период' is: '1, 2 кв., Июль, Август 2024 года'

16-10-2024T09:18:06 - [TEST_STEP][PASSED] - m = m.substring(0, m.indexOf("2024")): null

16-10-2024T09:18:06 - [TEST_STEP][PASSED] - m = m.trim(): null

16-10-2024T09:18:06 - [TEST_STEP][PASSED] - dashboardName = "Выполнение бизнес-плана": null

16-10-2024T09:18:06 - [TEST_STEP][PASSED] - workbook01 = getWorkbook(excelFilePath): null

16-10-2024T09:18:06 - [TEST_STEP][PASSED] - sheet01 = getExcelSheet(workbook01, sheetName): null

16-10-2024T09:18:06 - [TEST_STEP][PASSED] - setValueToCellByIndex(sheet01, n, 0, dashboardName): null

16-10-2024T09:18:06 - [TEST_STEP][PASSED] - setValueToCellByIndex(sheet01, n, 1, dZO): null

16-10-2024T09:18:06 - [TEST_STEP][PASSED] - setValueToCellByIndex(sheet01, n, 2, typeOfData): null

16-10-2024T09:18:06 - [TEST_STEP][PASSED] - if (typeOfData == "Факт в процентах" || typeOfData == "План в процентах"): null

16-10-2024T09:18:06 - [TEST_STEP][PASSED] - else: null

16-10-2024T09:18:06 - [TEST_STEP][PASSED] - setValueToCellByIndex(sheet01, n, 3, fileInt): null

16-10-2024T09:18:06 - [TEST_STEP][PASSED] - setValueToCellByIndex(sheet01, n, 4, pageInt): null

16-10-2024T09:18:06 - [TEST_STEP][PASSED] - setValueToCellByIndex(sheet01, n, 5, m): null

16-10-2024T09:18:06 - [TEST_STEP][PASSED] - setValueToCellByIndex(sheet01, n, 6, y): null

16-10-2024T09:18:06 - [TEST_STEP][PASSED] - setValueToCellByIndex(sheet01, n, 7, todaysDate): null

16-10-2024T09:18:06 - [TEST_STEP][PASSED] - n = n + 1: null

16-10-2024T09:18:06 - [TEST_STEP][PASSED] - saveWorkbook(excelFilePath, workbook01): null

16-10-2024T09:18:07 - [TEST_STEP][PASSED] - compare = pagePoteri: null

16-10-2024T09:18:07 - [TEST_STEP][PASSED] - if (compare == filePoteri): null

16-10-2024T09:18:07 - [TEST_STEP][PASSED] - else if (compare > filePoteri): null

16-10-2024T09:18:07 - [TEST_STEP][PASSED] - compare = compare - 1: null

16-10-2024T09:18:07 - [TEST_STEP][PASSED] - if (compare == filePoteri): null

16-10-2024T09:18:07 - [TEST_STEP][PASSED] - else: null

16-10-2024T09:18:07 - [TEST_STEP][PASSED] - numberOfErrors = numberOfErrors + 1: null

16-10-2024T09:18:07 - [TEST_STEP][PASSED] - pageInt = pagePoteri: null

16-10-2024T09:18:07 - [TEST_STEP][PASSED] - fileInt = filePoteri: null

16-10-2024T09:18:07 - [TEST_STEP][PASSED] - typeOfData = typeOfDataMain + " Потери": null

16-10-2024T09:18:07 - [TEST_STEP][PASSED] - Script1718980020443.WriteToExcel(a, typeOfData, todaysDate, pageInt, fileInt, pageDouble, fileDouble, dZO): null

16-10-2024T09:18:07 - [TEST_STEP][PASSED] - sheetName = "Sheet1": null

16-10-2024T09:18:07 - [TEST_STEP][PASSED] - data = findTestData("PlanFact"): null

16-10-2024T09:18:07 - [TEST_STEP][PASSED] - n = data.getRowNumbers() + 1: null

16-10-2024T09:18:07 - [TEST_STEP][PASSED] - year = todaysDate.substring(todaysDate.length() - 4, todaysDate.length()): null

16-10-2024T09:18:07 - [TEST_STEP][PASSED] - y = year.toInteger(): null

16-10-2024T09:18:07 - [TEST_STEP][PASSED] - m = getText(findTestObject("Выполнение бизнес-плана/Период")): Text of object 'Object Repository/Выполнение бизнес-плана/Период' is: '1, 2 кв., Июль, Август 2024 года'

16-10-2024T09:18:07 - [MESSAGE][PASSED] - Text of object 'Object Repository/Выполнение бизнес-плана/Период' is: '1, 2 кв., Июль, Август 2024 года'

16-10-2024T09:18:07 - [TEST_STEP][PASSED] - m = m.substring(0, m.indexOf("2024")): null

16-10-2024T09:18:07 - [TEST_STEP][PASSED] - m = m.trim(): null

16-10-2024T09:18:07 - [TEST_STEP][PASSED] - dashboardName = "Выполнение бизнес-плана": null

16-10-2024T09:18:07 - [TEST_STEP][PASSED] - workbook01 = getWorkbook(excelFilePath): null

16-10-2024T09:18:07 - [TEST_STEP][PASSED] - sheet01 = getExcelSheet(workbook01, sheetName): null

16-10-2024T09:18:07 - [TEST_STEP][PASSED] - setValueToCellByIndex(sheet01, n, 0, dashboardName): null

16-10-2024T09:18:07 - [TEST_STEP][PASSED] - setValueToCellByIndex(sheet01, n, 1, dZO): null

16-10-2024T09:18:07 - [TEST_STEP][PASSED] - setValueToCellByIndex(sheet01, n, 2, typeOfData): null

16-10-2024T09:18:07 - [TEST_STEP][PASSED] - if (typeOfData == "Факт в процентах" || typeOfData == "План в процентах"): null

16-10-2024T09:18:07 - [TEST_STEP][PASSED] - else: null

16-10-2024T09:18:07 - [TEST_STEP][PASSED] - setValueToCellByIndex(sheet01, n, 3, fileInt): null

16-10-2024T09:18:07 - [TEST_STEP][PASSED] - setValueToCellByIndex(sheet01, n, 4, pageInt): null

16-10-2024T09:18:07 - [TEST_STEP][PASSED] - setValueToCellByIndex(sheet01, n, 5, m): null

16-10-2024T09:18:07 - [TEST_STEP][PASSED] - setValueToCellByIndex(sheet01, n, 6, y): null

16-10-2024T09:18:07 - [TEST_STEP][PASSED] - setValueToCellByIndex(sheet01, n, 7, todaysDate): null

16-10-2024T09:18:07 - [TEST_STEP][PASSED] - n = n + 1: null

16-10-2024T09:18:07 - [TEST_STEP][PASSED] - saveWorkbook(excelFilePath, workbook01): null

16-10-2024T09:18:07 - [TEST_STEP][PASSED] - if (planFact == 2): null

16-10-2024T09:18:07 - [TEST_STEP][PASSED] - if (planFact == 1): null

16-10-2024T09:18:07 - [TEST_STEP][PASSED] - else if (planFact == 2): null

16-10-2024T09:18:07 - [TEST_STEP][PASSED] - click(findTestObject("Выполнение бизнес-плана/Кнопка План")): Object: 'Object Repository/Выполнение бизнес-плана/Кнопка План' is clicked on

16-10-2024T09:18:08 - [MESSAGE][PASSED] - Object: 'Object Repository/Выполнение бизнес-плана/Кнопка План' is clicked on

16-10-2024T09:18:08 - [TEST_STEP][PASSED] - typeOfDataMain = "План": null

16-10-2024T09:18:08 - [TEST_STEP][PASSED] - otpusk = findTestData("PlanFact").getValue(2, a): null

16-10-2024T09:18:08 - [TEST_STEP][PASSED] - poteri = findTestData("PlanFact").getValue(3, a): null

16-10-2024T09:18:08 - [TEST_STEP][PASSED] - otpusk = otpusk.replaceAll("\s+", ""): null

16-10-2024T09:18:08 - [TEST_STEP][PASSED] - poteri = poteri.replaceAll("\s+", ""): null

16-10-2024T09:18:08 - [TEST_STEP][PASSED] - typeOfData = typeOfDataMain + " Отпуск в сеть": null

16-10-2024T09:18:08 - [TEST_STEP][PASSED] - if (a == 82): null

16-10-2024T09:18:08 - [TEST_STEP][PASSED] - else if (a == 84): null

16-10-2024T09:18:08 - [TEST_STEP][PASSED] - else if (a == 52 || a == 72 || a == 28 || a == 73 || a == 77 || a == 74 || a == 65 || a == 36 || a == 44 || a == 53 || a == 80 || a == 54 || a == 1 || a == 18 || a == 59 || a == 81): null

16-10-2024T09:18:08 - [TEST_STEP][PASSED] - else: null

16-10-2024T09:18:08 - [TEST_STEP][PASSED] - path = dataFolder + typeOfData + " за отчётный период " + b: null

16-10-2024T09:18:08 - [TEST_STEP][PASSED] - println(path): null

16-10-2024T09:18:08 - [TEST_STEP][PASSED] - page = getText(findTestObject(path)): Text of object 'Object Repository/Выполнение бизнес-плана/Значения со страницы Выполнение бизнес-плана/План Отпуск в сеть за отчётный период Воронежская горэлектросеть' is: '1 267 164'

16-10-2024T09:18:08 - [MESSAGE][PASSED] - Text of object 'Object Repository/Выполнение бизнес-плана/Значения со страницы Выполнение бизнес-плана/План Отпуск в сеть за отчётный период Воронежская горэлектросеть' is: '1 267 164'

16-10-2024T09:18:08 - [TEST_STEP][PASSED] - page = page.replaceAll("\s+", ""): null

16-10-2024T09:18:08 - [TEST_STEP][PASSED] - fileOtpuskVSet = otpusk.toInteger(): null

16-10-2024T09:18:08 - [TEST_STEP][PASSED] - pageOtpuskVSet = page.toInteger(): null

16-10-2024T09:18:08 - [TEST_STEP][PASSED] - typeOfData = typeOfDataMain + " Потери": null

16-10-2024T09:18:08 - [TEST_STEP][PASSED] - if (a == 82): null

16-10-2024T09:18:08 - [TEST_STEP][PASSED] - else if (a == 84): null

16-10-2024T09:18:08 - [TEST_STEP][PASSED] - else if (a == 52 || a == 72 || a == 28 || a == 73 || a == 77 || a == 74 || a == 65 || a == 36 || a == 44 || a == 53 || a == 80 || a == 54 || a == 1 || a == 18 || a == 59 || a == 81): null

16-10-2024T09:18:08 - [TEST_STEP][PASSED] - else: null

16-10-2024T09:18:08 - [TEST_STEP][PASSED] - path = dataFolder + typeOfData + " за отчётный период " + b: null

16-10-2024T09:18:08 - [TEST_STEP][PASSED] - page = getText(findTestObject(path)): Text of object 'Object Repository/Выполнение бизнес-плана/Значения со страницы Выполнение бизнес-плана/План Потери за отчётный период Воронежская горэлектросеть' is: '161 520'

16-10-2024T09:18:09 - [MESSAGE][PASSED] - Text of object 'Object Repository/Выполнение бизнес-плана/Значения со страницы Выполнение бизнес-плана/План Потери за отчётный период Воронежская горэлектросеть' is: '161 520'

16-10-2024T09:18:09 - [TEST_STEP][PASSED] - page = page.replaceAll("\s+", ""): null

16-10-2024T09:18:09 - [TEST_STEP][PASSED] - filePoteri = poteri.toInteger(): null

16-10-2024T09:18:09 - [TEST_STEP][PASSED] - pagePoteri = page.toInteger(): null

16-10-2024T09:18:09 - [TEST_STEP][PASSED] - compare = pageOtpuskVSet: null

16-10-2024T09:18:09 - [TEST_STEP][PASSED] - if (compare == fileOtpuskVSet): null

16-10-2024T09:18:09 - [TEST_STEP][PASSED] - else if (compare > fileOtpuskVSet): null

16-10-2024T09:18:09 - [TEST_STEP][PASSED] - compare = compare - 1: null

16-10-2024T09:18:09 - [TEST_STEP][PASSED] - if (compare == fileOtpuskVSet): null

16-10-2024T09:18:09 - [TEST_STEP][PASSED] - else: null

16-10-2024T09:18:09 - [TEST_STEP][PASSED] - numberOfErrors = numberOfErrors + 1: null

16-10-2024T09:18:09 - [TEST_STEP][PASSED] - pageInt = pageOtpuskVSet: null

16-10-2024T09:18:09 - [TEST_STEP][PASSED] - fileInt = fileOtpuskVSet: null

16-10-2024T09:18:09 - [TEST_STEP][PASSED] - typeOfData = typeOfDataMain + " Отпуск в сеть": null

16-10-2024T09:18:09 - [TEST_STEP][PASSED] - Script1718980020443.WriteToExcel(a, typeOfData, todaysDate, pageInt, fileInt, pageDouble, fileDouble, dZO): null

16-10-2024T09:18:09 - [TEST_STEP][PASSED] - sheetName = "Sheet1": null

16-10-2024T09:18:09 - [TEST_STEP][PASSED] - data = findTestData("PlanFact"): null

16-10-2024T09:18:09 - [TEST_STEP][PASSED] - n = data.getRowNumbers() + 1: null

16-10-2024T09:18:09 - [TEST_STEP][PASSED] - year = todaysDate.substring(todaysDate.length() - 4, todaysDate.length()): null

16-10-2024T09:18:09 - [TEST_STEP][PASSED] - y = year.toInteger(): null

16-10-2024T09:18:09 - [TEST_STEP][PASSED] - m = getText(findTestObject("Выполнение бизнес-плана/Период")): Text of object 'Object Repository/Выполнение бизнес-плана/Период' is: '1, 2 кв., Июль, Август 2024 года'

16-10-2024T09:18:09 - [MESSAGE][PASSED] - Text of object 'Object Repository/Выполнение бизнес-плана/Период' is: '1, 2 кв., Июль, Август 2024 года'

16-10-2024T09:18:09 - [TEST_STEP][PASSED] - m = m.substring(0, m.indexOf("2024")): null

16-10-2024T09:18:09 - [TEST_STEP][PASSED] - m = m.trim(): null

16-10-2024T09:18:09 - [TEST_STEP][PASSED] - dashboardName = "Выполнение бизнес-плана": null

16-10-2024T09:18:09 - [TEST_STEP][PASSED] - workbook01 = getWorkbook(excelFilePath): null

16-10-2024T09:18:09 - [TEST_STEP][PASSED] - sheet01 = getExcelSheet(workbook01, sheetName): null

16-10-2024T09:18:09 - [TEST_STEP][PASSED] - setValueToCellByIndex(sheet01, n, 0, dashboardName): null

16-10-2024T09:18:09 - [TEST_STEP][PASSED] - setValueToCellByIndex(sheet01, n, 1, dZO): null

16-10-2024T09:18:09 - [TEST_STEP][PASSED] - setValueToCellByIndex(sheet01, n, 2, typeOfData): null

16-10-2024T09:18:09 - [TEST_STEP][PASSED] - if (typeOfData == "Факт в процентах" || typeOfData == "План в процентах"): null

16-10-2024T09:18:09 - [TEST_STEP][PASSED] - else: null

16-10-2024T09:18:09 - [TEST_STEP][PASSED] - setValueToCellByIndex(sheet01, n, 3, fileInt): null

16-10-2024T09:18:09 - [TEST_STEP][PASSED] - setValueToCellByIndex(sheet01, n, 4, pageInt): null

16-10-2024T09:18:09 - [TEST_STEP][PASSED] - setValueToCellByIndex(sheet01, n, 5, m): null

16-10-2024T09:18:09 - [TEST_STEP][PASSED] - setValueToCellByIndex(sheet01, n, 6, y): null

16-10-2024T09:18:09 - [TEST_STEP][PASSED] - setValueToCellByIndex(sheet01, n, 7, todaysDate): null

16-10-2024T09:18:09 - [TEST_STEP][PASSED] - n = n + 1: null

16-10-2024T09:18:09 - [TEST_STEP][PASSED] - saveWorkbook(excelFilePath, workbook01): null

16-10-2024T09:18:09 - [TEST_STEP][PASSED] - compare = pagePoteri: null

16-10-2024T09:18:09 - [TEST_STEP][PASSED] - if (compare == filePoteri): null

16-10-2024T09:18:09 - [TEST_STEP][PASSED] - else if (compare > filePoteri): null

16-10-2024T09:18:09 - [TEST_STEP][PASSED] - compare = compare - 1: null

16-10-2024T09:18:09 - [TEST_STEP][PASSED] - if (compare == filePoteri): null

16-10-2024T09:18:09 - [TEST_STEP][PASSED] - else: null

16-10-2024T09:18:09 - [TEST_STEP][PASSED] - numberOfErrors = numberOfErrors + 1: null

16-10-2024T09:18:09 - [TEST_STEP][PASSED] - pageInt = pagePoteri: null

16-10-2024T09:18:09 - [TEST_STEP][PASSED] - fileInt = filePoteri: null

16-10-2024T09:18:09 - [TEST_STEP][PASSED] - typeOfData = typeOfDataMain + " Потери": null

16-10-2024T09:18:09 - [TEST_STEP][PASSED] - Script1718980020443.WriteToExcel(a, typeOfData, todaysDate, pageInt, fileInt, pageDouble, fileDouble, dZO): null

16-10-2024T09:18:09 - [TEST_STEP][PASSED] - sheetName = "Sheet1": null

16-10-2024T09:18:09 - [TEST_STEP][PASSED] - data = findTestData("PlanFact"): null

16-10-2024T09:18:09 - [TEST_STEP][PASSED] - n = data.getRowNumbers() + 1: null

16-10-2024T09:18:09 - [TEST_STEP][PASSED] - year = todaysDate.substring(todaysDate.length() - 4, todaysDate.length()): null

16-10-2024T09:18:09 - [TEST_STEP][PASSED] - y = year.toInteger(): null

16-10-2024T09:18:09 - [TEST_STEP][PASSED] - m = getText(findTestObject("Выполнение бизнес-плана/Период")): Text of object 'Object Repository/Выполнение бизнес-плана/Период' is: '1, 2 кв., Июль, Август 2024 года'

16-10-2024T09:18:10 - [MESSAGE][PASSED] - Text of object 'Object Repository/Выполнение бизнес-плана/Период' is: '1, 2 кв., Июль, Август 2024 года'

16-10-2024T09:18:10 - [TEST_STEP][PASSED] - m = m.substring(0, m.indexOf("2024")): null

16-10-2024T09:18:10 - [TEST_STEP][PASSED] - m = m.trim(): null

16-10-2024T09:18:10 - [TEST_STEP][PASSED] - dashboardName = "Выполнение бизнес-плана": null

16-10-2024T09:18:10 - [TEST_STEP][PASSED] - workbook01 = getWorkbook(excelFilePath): null

16-10-2024T09:18:10 - [TEST_STEP][PASSED] - sheet01 = getExcelSheet(workbook01, sheetName): null

16-10-2024T09:18:10 - [TEST_STEP][PASSED] - setValueToCellByIndex(sheet01, n, 0, dashboardName): null

16-10-2024T09:18:10 - [TEST_STEP][PASSED] - setValueToCellByIndex(sheet01, n, 1, dZO): null

16-10-2024T09:18:10 - [TEST_STEP][PASSED] - setValueToCellByIndex(sheet01, n, 2, typeOfData): null

16-10-2024T09:18:10 - [TEST_STEP][PASSED] - if (typeOfData == "Факт в процентах" || typeOfData == "План в процентах"): null

16-10-2024T09:18:10 - [TEST_STEP][PASSED] - else: null

16-10-2024T09:18:10 - [TEST_STEP][PASSED] - setValueToCellByIndex(sheet01, n, 3, fileInt): null

16-10-2024T09:18:10 - [TEST_STEP][PASSED] - setValueToCellByIndex(sheet01, n, 4, pageInt): null

16-10-2024T09:18:10 - [TEST_STEP][PASSED] - setValueToCellByIndex(sheet01, n, 5, m): null

16-10-2024T09:18:10 - [TEST_STEP][PASSED] - setValueToCellByIndex(sheet01, n, 6, y): null

16-10-2024T09:18:10 - [TEST_STEP][PASSED] - setValueToCellByIndex(sheet01, n, 7, todaysDate): null

16-10-2024T09:18:10 - [TEST_STEP][PASSED] - n = n + 1: null

16-10-2024T09:18:10 - [TEST_STEP][PASSED] - saveWorkbook(excelFilePath, workbook01): Object: 'Object Repository/Выполнение бизнес-плана/Кнопка Факт' is clicked on

16-10-2024T09:18:10 - [TEST_STEP][PASSED] - if (planFact == 2): Object: 'Object Repository/Выполнение бизнес-плана/Кнопка Факт' is clicked on

16-10-2024T09:18:10 - [TEST_STEP][PASSED] - click(findTestObject("Выполнение бизнес-плана/Кнопка Факт")): Object: 'Object Repository/Выполнение бизнес-плана/Кнопка Факт' is clicked on

16-10-2024T09:18:10 - [MESSAGE][PASSED] - Object: 'Object Repository/Выполнение бизнес-плана/Кнопка Факт' is clicked on

16-10-2024T09:18:10 - [TEST_STEP][PASSED] - if (a == 84 || a == 82): null

16-10-2024T09:18:10 - [TEST_STEP][PASSED] - else if (a == 52 || a == 72 || a == 28 || a == 73 || a == 77 || a == 74 || a == 65 || a == 36 || a == 44 || a == 53 || a == 80 || a == 54 || a == 1 || a == 18 || a == 59 || a == 81): null

16-10-2024T09:18:10 - [TEST_STEP][PASSED] - else: null

16-10-2024T09:18:10 - [TEST_STEP][PASSED] - page1 = getText(findTestObject("Object Repository/Выполнение бизнес-плана/spanPlan" + filialNum)): Text of object 'Object Repository/Выполнение бизнес-плана/spanPlan1' is: '12.75
|'

16-10-2024T09:18:11 - [MESSAGE][PASSED] - Text of object 'Object Repository/Выполнение бизнес-плана/spanPlan1' is: '12.75
|'

16-10-2024T09:18:11 - [TEST_STEP][PASSED] - page1 = page1.replace("|", ""): null

16-10-2024T09:18:11 - [TEST_STEP][PASSED] - page2 = getText(findTestObject("Object Repository/Выполнение бизнес-плана/spanFact" + filialNum)): Text of object 'Object Repository/Выполнение бизнес-плана/spanFact1' is: '12.96
|'

16-10-2024T09:18:11 - [MESSAGE][PASSED] - Text of object 'Object Repository/Выполнение бизнес-плана/spanFact1' is: '12.96
|'

16-10-2024T09:18:11 - [TEST_STEP][PASSED] - page2 = page2.replace("|", ""): null

16-10-2024T09:18:11 - [TEST_STEP][PASSED] - println("page1: " + page1): null

16-10-2024T09:18:11 - [TEST_STEP][PASSED] - println("page2: " + page2): null

16-10-2024T09:18:11 - [TEST_STEP][PASSED] - file = findTestData("PlanFact").getValue(4, a): null

16-10-2024T09:18:11 - [TEST_STEP][PASSED] - file = file.replace(",", "."): null

16-10-2024T09:18:11 - [TEST_STEP][PASSED] - println("file Plan: " + file): null

16-10-2024T09:18:11 - [TEST_STEP][PASSED] - typeOfData = "План в процентах": null

16-10-2024T09:18:11 - [TEST_STEP][PASSED] - fileDouble = file.toDouble(): null

16-10-2024T09:18:11 - [TEST_STEP][PASSED] - pageDouble = page1.toDouble(): null

16-10-2024T09:18:11 - [TEST_STEP][PASSED] - if (fileDouble != pageDouble): null

16-10-2024T09:18:11 - [TEST_STEP][PASSED] - numberOfErrors = numberOfErrors + 1: null

16-10-2024T09:18:11 - [TEST_STEP][PASSED] - Script1718980020443.WriteToExcel(a, typeOfData, todaysDate, pageInt, fileInt, pageDouble, fileDouble, dZO): null

16-10-2024T09:18:11 - [TEST_STEP][PASSED] - sheetName = "Sheet1": null

16-10-2024T09:18:11 - [TEST_STEP][PASSED] - data = findTestData("PlanFact"): null

16-10-2024T09:18:11 - [TEST_STEP][PASSED] - n = data.getRowNumbers() + 1: null

16-10-2024T09:18:11 - [TEST_STEP][PASSED] - year = todaysDate.substring(todaysDate.length() - 4, todaysDate.length()): null

16-10-2024T09:18:11 - [TEST_STEP][PASSED] - y = year.toInteger(): null

16-10-2024T09:18:11 - [TEST_STEP][PASSED] - m = getText(findTestObject("Выполнение бизнес-плана/Период")): Text of object 'Object Repository/Выполнение бизнес-плана/Период' is: '1, 2 кв., Июль, Август 2024 года'

16-10-2024T09:18:11 - [MESSAGE][PASSED] - Text of object 'Object Repository/Выполнение бизнес-плана/Период' is: '1, 2 кв., Июль, Август 2024 года'

16-10-2024T09:18:11 - [TEST_STEP][PASSED] - m = m.substring(0, m.indexOf("2024")): null

16-10-2024T09:18:11 - [TEST_STEP][PASSED] - m = m.trim(): null

16-10-2024T09:18:11 - [TEST_STEP][PASSED] - dashboardName = "Выполнение бизнес-плана": null

16-10-2024T09:18:11 - [TEST_STEP][PASSED] - workbook01 = getWorkbook(excelFilePath): null

16-10-2024T09:18:11 - [TEST_STEP][PASSED] - sheet01 = getExcelSheet(workbook01, sheetName): null

16-10-2024T09:18:11 - [TEST_STEP][PASSED] - setValueToCellByIndex(sheet01, n, 0, dashboardName): null

16-10-2024T09:18:11 - [TEST_STEP][PASSED] - setValueToCellByIndex(sheet01, n, 1, dZO): null

16-10-2024T09:18:11 - [TEST_STEP][PASSED] - setValueToCellByIndex(sheet01, n, 2, typeOfData): null

16-10-2024T09:18:11 - [TEST_STEP][PASSED] - if (typeOfData == "Факт в процентах" || typeOfData == "План в процентах"): null

16-10-2024T09:18:11 - [TEST_STEP][PASSED] - setValueToCellByIndex(sheet01, n, 3, fileDouble): null

16-10-2024T09:18:11 - [TEST_STEP][PASSED] - setValueToCellByIndex(sheet01, n, 4, pageDouble): null

16-10-2024T09:18:11 - [TEST_STEP][PASSED] - setValueToCellByIndex(sheet01, n, 5, m): null

16-10-2024T09:18:11 - [TEST_STEP][PASSED] - setValueToCellByIndex(sheet01, n, 6, y): null

16-10-2024T09:18:11 - [TEST_STEP][PASSED] - setValueToCellByIndex(sheet01, n, 7, todaysDate): null

16-10-2024T09:18:11 - [TEST_STEP][PASSED] - n = n + 1: null

16-10-2024T09:18:11 - [TEST_STEP][PASSED] - saveWorkbook(excelFilePath, workbook01): null

16-10-2024T09:18:12 - [TEST_STEP][PASSED] - file = findTestData("PlanFact").getValue(7, a): null

16-10-2024T09:18:12 - [TEST_STEP][PASSED] - file = file.replace(",", "."): null

16-10-2024T09:18:12 - [TEST_STEP][PASSED] - println("file Fact: " + file): null

16-10-2024T09:18:12 - [TEST_STEP][PASSED] - fileDouble = file.toDouble(): null

16-10-2024T09:18:12 - [TEST_STEP][PASSED] - typeOfData = "Факт в процентах": null

16-10-2024T09:18:12 - [TEST_STEP][PASSED] - fileDouble = file.toDouble(): null

16-10-2024T09:18:12 - [TEST_STEP][PASSED] - pageDouble = page2.toDouble(): null

16-10-2024T09:18:12 - [TEST_STEP][PASSED] - if (fileDouble != pageDouble): null

16-10-2024T09:18:12 - [TEST_STEP][FAILED] - if (verifyEqual(numberOfErrors, 0) == false): null

16-10-2024T09:18:12 - [MESSAGE][FAILED] - Unable to verify equal between actual object '5' and expected object '0' (Root cause: com.kms.katalon.core.exception.StepFailedException: Actual object '5' and expected object '0' are not equal
	at com.kms.katalon.core.keyword.builtin.VerifyEqualKeyword$_verifyEqual_closure1.doCall(VerifyEqualKeyword.groovy:58)
	at com.kms.katalon.core.keyword.builtin.VerifyEqualKeyword$_verifyEqual_closure1.call(VerifyEqualKeyword.groovy)
	at com.kms.katalon.core.keyword.internal.KeywordMain.runKeyword(KeywordMain.groovy:75)
	at com.kms.katalon.core.keyword.builtin.VerifyEqualKeyword.verifyEqual(VerifyEqualKeyword.groovy:63)
	at com.kms.katalon.core.keyword.builtin.VerifyEqualKeyword.execute(VerifyEqualKeyword.groovy:44)
	at com.kms.katalon.core.keyword.internal.KeywordExecutor.executeKeywordForPlatform(KeywordExecutor.groovy:74)
	at com.kms.katalon.core.keyword.BuiltinKeywords.verifyEqual(BuiltinKeywords.groovy:146)
	at jdk.internal.reflect.GeneratedMethodAccessor25.invoke(Unknown Source)
	at java.base/jdk.internal.reflect.DelegatingMethodAccessorImpl.invoke(DelegatingMethodAccessorImpl.java:43)
	at Выполнение бизнес-плана Сверка ПАО Россети все филиалы.Numbers(Выполнение бизнес-плана Сверка ПАО Россети все филиалы:749)
	at Выполнение бизнес-плана Сверка ПАО Россети все филиалы.Filials(Выполнение бизнес-плана Сверка ПАО Россети все филиалы:1156)
	at Выполнение бизнес-плана Сверка ПАО Россети все филиалы.Numbers(Выполнение бизнес-плана Сверка ПАО Россети все филиалы:754)
	at Выполнение бизнес-плана Сверка ПАО Россети все филиалы.run(Выполнение бизнес-плана Сверка ПАО Россети все филиалы:397)
	at com.kms.katalon.core.main.ScriptEngine.run(ScriptEngine.java:194)
	at com.kms.katalon.core.main.ScriptEngine.runScriptAsRawText(ScriptEngine.java:119)
	at com.kms.katalon.core.main.TestCaseExecutor.runScript(TestCaseExecutor.java:448)
	at com.kms.katalon.core.main.TestCaseExecutor.doExecute(TestCaseExecutor.java:439)
	at com.kms.katalon.core.main.TestCaseExecutor.processExecutionPhase(TestCaseExecutor.java:418)
	at com.kms.katalon.core.main.TestCaseExecutor.accessMainPhase(TestCaseExecutor.java:410)
	at com.kms.katalon.core.main.TestCaseExecutor.execute(TestCaseExecutor.java:285)
	at com.kms.katalon.core.common.CommonExecutor.accessTestCaseMainPhase(CommonExecutor.java:65)
	at com.kms.katalon.core.main.TestSuiteExecutor.accessTestSuiteMainPhase(TestSuiteExecutor.java:150)
	at com.kms.katalon.core.main.TestSuiteExecutor.execute(TestSuiteExecutor.java:106)
	at com.kms.katalon.core.main.TestCaseMain.startTestSuite(TestCaseMain.java:180)
	at TempTestSuite1729057289574.run(TempTestSuite1729057289574.groovy:35)
	at java.base/jdk.internal.reflect.NativeMethodAccessorImpl.invoke0(Native Method)
	at java.base/jdk.internal.reflect.NativeMethodAccessorImpl.invoke(NativeMethodAccessorImpl.java:77)
	at java.base/jdk.internal.reflect.DelegatingMethodAccessorImpl.invoke(DelegatingMethodAccessorImpl.java:43)
)

16-10-2024T09:18:12 - [TEST_STEP][PASSED] - println(numberOfErrors): null

16-10-2024T09:18:12 - [TEST_STEP][PASSED] - if (a == 28 || a == 77 || a == 74 || a == 65 || a == 36 || a == 44 || a == 54 || a == 1 || a == 18 || a == 59): null

16-10-2024T09:18:12 - [TEST_STEP][PASSED] - if (a == 82): null

16-10-2024T09:18:12 - [TEST_STEP][PASSED] - dZO = "АО «Тульские городские электрические сети»": null

16-10-2024T09:18:12 - [TEST_STEP][PASSED] - a = 16: null

16-10-2024T09:18:12 - [TEST_STEP][PASSED] - i = dZO.length() - 1: null

16-10-2024T09:18:12 - [TEST_STEP][PASSED] - dzoCut = substring(4, i).replaceAll("\s+", ""): null

16-10-2024T09:18:12 - [TEST_STEP][PASSED] - if (x2.contains(dzoCut)): null

16-10-2024T09:18:12 - [TEST_STEP][PASSED] - filialNum = filialNum + 1: null

16-10-2024T09:18:12 - [TEST_STEP][PASSED] - Script1718980020443.Numbers(a, typeOfData, todaysDate, pageInt, fileInt, pageDouble, fileDouble, dZO, dzoNum, filialNum): null

16-10-2024T09:18:12 - [TEST_STEP][PASSED] - println(dzoNum): null

16-10-2024T09:18:12 - [TEST_STEP][PASSED] - planFact = <not implemented yet for class: org.codehaus.groovy.ast.expr.EmptyExpression>: null

16-10-2024T09:18:12 - [TEST_STEP][PASSED] - page = <not implemented yet for class: org.codehaus.groovy.ast.expr.EmptyExpression>: null

16-10-2024T09:18:12 - [TEST_STEP][PASSED] - page1 = <not implemented yet for class: org.codehaus.groovy.ast.expr.EmptyExpression>: null

16-10-2024T09:18:12 - [TEST_STEP][PASSED] - page2 = <not implemented yet for class: org.codehaus.groovy.ast.expr.EmptyExpression>: null

16-10-2024T09:18:12 - [TEST_STEP][PASSED] - filialNumberInRow = <not implemented yet for class: org.codehaus.groovy.ast.expr.EmptyExpression>: null

16-10-2024T09:18:12 - [TEST_STEP][PASSED] - filialsDzoNames = <not implemented yet for class: org.codehaus.groovy.ast.expr.EmptyExpression>: null

16-10-2024T09:18:12 - [TEST_STEP][PASSED] - numberOfFilials = <not implemented yet for class: org.codehaus.groovy.ast.expr.EmptyExpression>: null

16-10-2024T09:18:12 - [TEST_STEP][PASSED] - numberOfSpaces = <not implemented yet for class: org.codehaus.groovy.ast.expr.EmptyExpression>: null

16-10-2024T09:18:12 - [TEST_STEP][PASSED] - file = <not implemented yet for class: org.codehaus.groovy.ast.expr.EmptyExpression>: null

16-10-2024T09:18:12 - [TEST_STEP][PASSED] - otpusk = <not implemented yet for class: org.codehaus.groovy.ast.expr.EmptyExpression>: null

16-10-2024T09:18:12 - [TEST_STEP][PASSED] - poteri = <not implemented yet for class: org.codehaus.groovy.ast.expr.EmptyExpression>: null

16-10-2024T09:18:12 - [TEST_STEP][PASSED] - dataFolder = "Выполнение бизнес-плана/Значения со страницы Выполнение бизнес-плана/": null

16-10-2024T09:18:12 - [TEST_STEP][PASSED] - path = <not implemented yet for class: org.codehaus.groovy.ast.expr.EmptyExpression>: null

16-10-2024T09:18:12 - [TEST_STEP][PASSED] - typeOfDataMain = <not implemented yet for class: org.codehaus.groovy.ast.expr.EmptyExpression>: null

16-10-2024T09:18:12 - [TEST_STEP][PASSED] - fileOtpuskVSet = <not implemented yet for class: org.codehaus.groovy.ast.expr.EmptyExpression>: null

16-10-2024T09:18:12 - [TEST_STEP][PASSED] - pageOtpuskVSet = <not implemented yet for class: org.codehaus.groovy.ast.expr.EmptyExpression>: null

16-10-2024T09:18:12 - [TEST_STEP][PASSED] - filePoteri = <not implemented yet for class: org.codehaus.groovy.ast.expr.EmptyExpression>: null

16-10-2024T09:18:12 - [TEST_STEP][PASSED] - pagePoteri = <not implemented yet for class: org.codehaus.groovy.ast.expr.EmptyExpression>: null

16-10-2024T09:18:12 - [TEST_STEP][PASSED] - compare = <not implemented yet for class: org.codehaus.groovy.ast.expr.EmptyExpression>: null

16-10-2024T09:18:12 - [TEST_STEP][PASSED] - b = <not implemented yet for class: org.codehaus.groovy.ast.expr.EmptyExpression>: null

16-10-2024T09:18:12 - [TEST_STEP][PASSED] - i = <not implemented yet for class: org.codehaus.groovy.ast.expr.EmptyExpression>: null

16-10-2024T09:18:12 - [TEST_STEP][PASSED] - ii = <not implemented yet for class: org.codehaus.groovy.ast.expr.EmptyExpression>: null

16-10-2024T09:18:12 - [TEST_STEP][PASSED] - c = <not implemented yet for class: org.codehaus.groovy.ast.expr.EmptyExpression>: null

16-10-2024T09:18:12 - [TEST_STEP][PASSED] - numberOfErrors = 0: null

16-10-2024T09:18:12 - [TEST_STEP][PASSED] - if (a == 82): null

16-10-2024T09:18:12 - [TEST_STEP][PASSED] - b = findTestData("PlanFact").getValue(1, a): null

16-10-2024T09:18:12 - [TEST_STEP][PASSED] - i = b.indexOf(" (ГК)"): null

16-10-2024T09:18:12 - [TEST_STEP][PASSED] - if (i > -1): null

16-10-2024T09:18:12 - [TEST_STEP][PASSED] - i = b.indexOf("О ""): null

16-10-2024T09:18:12 - [TEST_STEP][PASSED] - if (i > -1): null

16-10-2024T09:18:12 - [TEST_STEP][PASSED] - i = b.indexOf("О «"): null

16-10-2024T09:18:12 - [TEST_STEP][PASSED] - if (i > -1): null

16-10-2024T09:18:12 - [TEST_STEP][PASSED] - b = b.substring(i + 3, b.length()): null

16-10-2024T09:18:12 - [TEST_STEP][PASSED] - i = b.indexOf("»"): null

16-10-2024T09:18:12 - [TEST_STEP][PASSED] - b = b.substring(0, i): null

16-10-2024T09:18:12 - [TEST_STEP][PASSED] - b = b.trim(): null

16-10-2024T09:18:12 - [TEST_STEP][PASSED] - i = b.indexOf("г. "): null

16-10-2024T09:18:12 - [TEST_STEP][PASSED] - if (i > -1): null

16-10-2024T09:18:12 - [TEST_STEP][PASSED] - println(b): null

16-10-2024T09:18:12 - [TEST_STEP][PASSED] - for ([planFact = 1, planFact < 3, (planFact++)]): null

16-10-2024T09:18:12 - [TEST_STEP][PASSED] - if (planFact == 1): null

16-10-2024T09:18:12 - [TEST_STEP][PASSED] - typeOfDataMain = "Факт": null

16-10-2024T09:18:12 - [TEST_STEP][PASSED] - otpusk = findTestData("PlanFact").getValue(5, a): null

16-10-2024T09:18:12 - [TEST_STEP][PASSED] - poteri = findTestData("PlanFact").getValue(6, a): null

16-10-2024T09:18:12 - [TEST_STEP][PASSED] - otpusk = otpusk.replaceAll("\s+", ""): null

16-10-2024T09:18:12 - [TEST_STEP][PASSED] - poteri = poteri.replaceAll("\s+", ""): null

16-10-2024T09:18:12 - [TEST_STEP][PASSED] - typeOfData = typeOfDataMain + " Отпуск в сеть": null

16-10-2024T09:18:12 - [TEST_STEP][PASSED] - if (a == 82): null

16-10-2024T09:18:12 - [TEST_STEP][PASSED] - else if (a == 84): null

16-10-2024T09:18:12 - [TEST_STEP][PASSED] - else if (a == 52 || a == 72 || a == 28 || a == 73 || a == 77 || a == 74 || a == 65 || a == 36 || a == 44 || a == 53 || a == 80 || a == 54 || a == 1 || a == 18 || a == 59 || a == 81): null

16-10-2024T09:18:12 - [TEST_STEP][PASSED] - else: null

16-10-2024T09:18:12 - [TEST_STEP][PASSED] - path = dataFolder + typeOfData + " за отчётный период " + b: null

16-10-2024T09:18:12 - [TEST_STEP][PASSED] - println(path): null

16-10-2024T09:18:12 - [TEST_STEP][PASSED] - page = getText(findTestObject(path)): Text of object 'Object Repository/Выполнение бизнес-плана/Значения со страницы Выполнение бизнес-плана/Факт Отпуск в сеть за отчётный период Тульские городские электрические сети' is: '780 980'

16-10-2024T09:18:12 - [MESSAGE][PASSED] - Text of object 'Object Repository/Выполнение бизнес-плана/Значения со страницы Выполнение бизнес-плана/Факт Отпуск в сеть за отчётный период Тульские городские электрические сети' is: '780 980'

16-10-2024T09:18:12 - [TEST_STEP][PASSED] - page = page.replaceAll("\s+", ""): null

16-10-2024T09:18:12 - [TEST_STEP][PASSED] - fileOtpuskVSet = otpusk.toInteger(): null

16-10-2024T09:18:12 - [TEST_STEP][PASSED] - pageOtpuskVSet = page.toInteger(): null

16-10-2024T09:18:12 - [TEST_STEP][PASSED] - typeOfData = typeOfDataMain + " Потери": null

16-10-2024T09:18:12 - [TEST_STEP][PASSED] - if (a == 82): null

16-10-2024T09:18:12 - [TEST_STEP][PASSED] - else if (a == 84): null

16-10-2024T09:18:12 - [TEST_STEP][PASSED] - else if (a == 52 || a == 72 || a == 28 || a == 73 || a == 77 || a == 74 || a == 65 || a == 36 || a == 44 || a == 53 || a == 80 || a == 54 || a == 1 || a == 18 || a == 59 || a == 81): null

16-10-2024T09:18:12 - [TEST_STEP][PASSED] - else: null

16-10-2024T09:18:12 - [TEST_STEP][PASSED] - path = dataFolder + typeOfData + " за отчётный период " + b: null

16-10-2024T09:18:12 - [TEST_STEP][PASSED] - page = getText(findTestObject(path)): Text of object 'Object Repository/Выполнение бизнес-плана/Значения со страницы Выполнение бизнес-плана/Факт Потери за отчётный период Тульские городские электрические сети' is: '82 463'

16-10-2024T09:18:12 - [MESSAGE][PASSED] - Text of object 'Object Repository/Выполнение бизнес-плана/Значения со страницы Выполнение бизнес-плана/Факт Потери за отчётный период Тульские городские электрические сети' is: '82 463'

16-10-2024T09:18:12 - [TEST_STEP][PASSED] - page = page.replaceAll("\s+", ""): null

16-10-2024T09:18:12 - [TEST_STEP][PASSED] - filePoteri = poteri.toInteger(): null

16-10-2024T09:18:12 - [TEST_STEP][PASSED] - pagePoteri = page.toInteger(): null

16-10-2024T09:18:12 - [TEST_STEP][PASSED] - compare = pageOtpuskVSet: null

16-10-2024T09:18:12 - [TEST_STEP][PASSED] - if (compare == fileOtpuskVSet): null

16-10-2024T09:18:12 - [TEST_STEP][PASSED] - else if (compare > fileOtpuskVSet): null

16-10-2024T09:18:12 - [TEST_STEP][PASSED] - compare = compare - 1: null

16-10-2024T09:18:12 - [TEST_STEP][PASSED] - if (compare == fileOtpuskVSet): null

16-10-2024T09:18:12 - [TEST_STEP][PASSED] - else: null

16-10-2024T09:18:12 - [TEST_STEP][PASSED] - numberOfErrors = numberOfErrors + 1: null

16-10-2024T09:18:12 - [TEST_STEP][PASSED] - pageInt = pageOtpuskVSet: null

16-10-2024T09:18:12 - [TEST_STEP][PASSED] - fileInt = fileOtpuskVSet: null

16-10-2024T09:18:12 - [TEST_STEP][PASSED] - typeOfData = typeOfDataMain + " Отпуск в сеть": null

16-10-2024T09:18:12 - [TEST_STEP][PASSED] - Script1718980020443.WriteToExcel(a, typeOfData, todaysDate, pageInt, fileInt, pageDouble, fileDouble, dZO): null

16-10-2024T09:18:12 - [TEST_STEP][PASSED] - sheetName = "Sheet1": null

16-10-2024T09:18:12 - [TEST_STEP][PASSED] - data = findTestData("PlanFact"): null

16-10-2024T09:18:12 - [TEST_STEP][PASSED] - n = data.getRowNumbers() + 1: null

16-10-2024T09:18:12 - [TEST_STEP][PASSED] - year = todaysDate.substring(todaysDate.length() - 4, todaysDate.length()): null

16-10-2024T09:18:12 - [TEST_STEP][PASSED] - y = year.toInteger(): null

16-10-2024T09:18:12 - [TEST_STEP][PASSED] - m = getText(findTestObject("Выполнение бизнес-плана/Период")): Text of object 'Object Repository/Выполнение бизнес-плана/Период' is: '1, 2 кв., Июль, Август 2024 года'

16-10-2024T09:18:13 - [MESSAGE][PASSED] - Text of object 'Object Repository/Выполнение бизнес-плана/Период' is: '1, 2 кв., Июль, Август 2024 года'

16-10-2024T09:18:13 - [TEST_STEP][PASSED] - m = m.substring(0, m.indexOf("2024")): null

16-10-2024T09:18:13 - [TEST_STEP][PASSED] - m = m.trim(): null

16-10-2024T09:18:13 - [TEST_STEP][PASSED] - dashboardName = "Выполнение бизнес-плана": null

16-10-2024T09:18:13 - [TEST_STEP][PASSED] - workbook01 = getWorkbook(excelFilePath): null

16-10-2024T09:18:13 - [TEST_STEP][PASSED] - sheet01 = getExcelSheet(workbook01, sheetName): null

16-10-2024T09:18:13 - [TEST_STEP][PASSED] - setValueToCellByIndex(sheet01, n, 0, dashboardName): null

16-10-2024T09:18:13 - [TEST_STEP][PASSED] - setValueToCellByIndex(sheet01, n, 1, dZO): null

16-10-2024T09:18:13 - [TEST_STEP][PASSED] - setValueToCellByIndex(sheet01, n, 2, typeOfData): null

16-10-2024T09:18:13 - [TEST_STEP][PASSED] - if (typeOfData == "Факт в процентах" || typeOfData == "План в процентах"): null

16-10-2024T09:18:13 - [TEST_STEP][PASSED] - else: null

16-10-2024T09:18:13 - [TEST_STEP][PASSED] - setValueToCellByIndex(sheet01, n, 3, fileInt): null

16-10-2024T09:18:13 - [TEST_STEP][PASSED] - setValueToCellByIndex(sheet01, n, 4, pageInt): null

16-10-2024T09:18:13 - [TEST_STEP][PASSED] - setValueToCellByIndex(sheet01, n, 5, m): null

16-10-2024T09:18:13 - [TEST_STEP][PASSED] - setValueToCellByIndex(sheet01, n, 6, y): null

16-10-2024T09:18:13 - [TEST_STEP][PASSED] - setValueToCellByIndex(sheet01, n, 7, todaysDate): null

16-10-2024T09:18:13 - [TEST_STEP][PASSED] - n = n + 1: null

16-10-2024T09:18:13 - [TEST_STEP][PASSED] - saveWorkbook(excelFilePath, workbook01): null

16-10-2024T09:18:13 - [TEST_STEP][PASSED] - compare = pagePoteri: null

16-10-2024T09:18:13 - [TEST_STEP][PASSED] - if (compare == filePoteri): null

16-10-2024T09:18:13 - [TEST_STEP][PASSED] - else if (compare > filePoteri): null

16-10-2024T09:18:13 - [TEST_STEP][PASSED] - compare = compare - 1: null

16-10-2024T09:18:13 - [TEST_STEP][PASSED] - if (compare == filePoteri): null

16-10-2024T09:18:13 - [TEST_STEP][PASSED] - else: null

16-10-2024T09:18:13 - [TEST_STEP][PASSED] - numberOfErrors = numberOfErrors + 1: null

16-10-2024T09:18:13 - [TEST_STEP][PASSED] - pageInt = pagePoteri: null

16-10-2024T09:18:13 - [TEST_STEP][PASSED] - fileInt = filePoteri: null

16-10-2024T09:18:13 - [TEST_STEP][PASSED] - typeOfData = typeOfDataMain + " Потери": null

16-10-2024T09:18:13 - [TEST_STEP][PASSED] - Script1718980020443.WriteToExcel(a, typeOfData, todaysDate, pageInt, fileInt, pageDouble, fileDouble, dZO): null

16-10-2024T09:18:13 - [TEST_STEP][PASSED] - sheetName = "Sheet1": null

16-10-2024T09:18:13 - [TEST_STEP][PASSED] - data = findTestData("PlanFact"): null

16-10-2024T09:18:13 - [TEST_STEP][PASSED] - n = data.getRowNumbers() + 1: null

16-10-2024T09:18:13 - [TEST_STEP][PASSED] - year = todaysDate.substring(todaysDate.length() - 4, todaysDate.length()): null

16-10-2024T09:18:13 - [TEST_STEP][PASSED] - y = year.toInteger(): null

16-10-2024T09:18:13 - [TEST_STEP][PASSED] - m = getText(findTestObject("Выполнение бизнес-плана/Период")): Text of object 'Object Repository/Выполнение бизнес-плана/Период' is: '1, 2 кв., Июль, Август 2024 года'

16-10-2024T09:18:13 - [MESSAGE][PASSED] - Text of object 'Object Repository/Выполнение бизнес-плана/Период' is: '1, 2 кв., Июль, Август 2024 года'

16-10-2024T09:18:13 - [TEST_STEP][PASSED] - m = m.substring(0, m.indexOf("2024")): null

16-10-2024T09:18:13 - [TEST_STEP][PASSED] - m = m.trim(): null

16-10-2024T09:18:13 - [TEST_STEP][PASSED] - dashboardName = "Выполнение бизнес-плана": null

16-10-2024T09:18:13 - [TEST_STEP][PASSED] - workbook01 = getWorkbook(excelFilePath): null

16-10-2024T09:18:13 - [TEST_STEP][PASSED] - sheet01 = getExcelSheet(workbook01, sheetName): null

16-10-2024T09:18:13 - [TEST_STEP][PASSED] - setValueToCellByIndex(sheet01, n, 0, dashboardName): null

16-10-2024T09:18:13 - [TEST_STEP][PASSED] - setValueToCellByIndex(sheet01, n, 1, dZO): null

16-10-2024T09:18:13 - [TEST_STEP][PASSED] - setValueToCellByIndex(sheet01, n, 2, typeOfData): null

16-10-2024T09:18:13 - [TEST_STEP][PASSED] - if (typeOfData == "Факт в процентах" || typeOfData == "План в процентах"): null

16-10-2024T09:18:13 - [TEST_STEP][PASSED] - else: null

16-10-2024T09:18:13 - [TEST_STEP][PASSED] - setValueToCellByIndex(sheet01, n, 3, fileInt): null

16-10-2024T09:18:13 - [TEST_STEP][PASSED] - setValueToCellByIndex(sheet01, n, 4, pageInt): null

16-10-2024T09:18:13 - [TEST_STEP][PASSED] - setValueToCellByIndex(sheet01, n, 5, m): null

16-10-2024T09:18:13 - [TEST_STEP][PASSED] - setValueToCellByIndex(sheet01, n, 6, y): null

16-10-2024T09:18:13 - [TEST_STEP][PASSED] - setValueToCellByIndex(sheet01, n, 7, todaysDate): null

16-10-2024T09:18:13 - [TEST_STEP][PASSED] - n = n + 1: null

16-10-2024T09:18:13 - [TEST_STEP][PASSED] - saveWorkbook(excelFilePath, workbook01): null

16-10-2024T09:18:14 - [TEST_STEP][PASSED] - if (planFact == 2): null

16-10-2024T09:18:14 - [TEST_STEP][PASSED] - if (planFact == 1): null

16-10-2024T09:18:14 - [TEST_STEP][PASSED] - else if (planFact == 2): null

16-10-2024T09:18:14 - [TEST_STEP][PASSED] - click(findTestObject("Выполнение бизнес-плана/Кнопка План")): Object: 'Object Repository/Выполнение бизнес-плана/Кнопка План' is clicked on

16-10-2024T09:18:14 - [MESSAGE][PASSED] - Object: 'Object Repository/Выполнение бизнес-плана/Кнопка План' is clicked on

16-10-2024T09:18:14 - [TEST_STEP][PASSED] - typeOfDataMain = "План": null

16-10-2024T09:18:14 - [TEST_STEP][PASSED] - otpusk = findTestData("PlanFact").getValue(2, a): null

16-10-2024T09:18:14 - [TEST_STEP][PASSED] - poteri = findTestData("PlanFact").getValue(3, a): null

16-10-2024T09:18:14 - [TEST_STEP][PASSED] - otpusk = otpusk.replaceAll("\s+", ""): null

16-10-2024T09:18:14 - [TEST_STEP][PASSED] - poteri = poteri.replaceAll("\s+", ""): null

16-10-2024T09:18:14 - [TEST_STEP][PASSED] - typeOfData = typeOfDataMain + " Отпуск в сеть": null

16-10-2024T09:18:14 - [TEST_STEP][PASSED] - if (a == 82): null

16-10-2024T09:18:14 - [TEST_STEP][PASSED] - else if (a == 84): null

16-10-2024T09:18:14 - [TEST_STEP][PASSED] - else if (a == 52 || a == 72 || a == 28 || a == 73 || a == 77 || a == 74 || a == 65 || a == 36 || a == 44 || a == 53 || a == 80 || a == 54 || a == 1 || a == 18 || a == 59 || a == 81): null

16-10-2024T09:18:14 - [TEST_STEP][PASSED] - else: null

16-10-2024T09:18:14 - [TEST_STEP][PASSED] - path = dataFolder + typeOfData + " за отчётный период " + b: null

16-10-2024T09:18:14 - [TEST_STEP][PASSED] - println(path): null

16-10-2024T09:18:14 - [TEST_STEP][PASSED] - page = getText(findTestObject(path)): Text of object 'Object Repository/Выполнение бизнес-плана/Значения со страницы Выполнение бизнес-плана/План Отпуск в сеть за отчётный период Тульские городские электрические сети' is: '755 296'

16-10-2024T09:18:15 - [MESSAGE][PASSED] - Text of object 'Object Repository/Выполнение бизнес-плана/Значения со страницы Выполнение бизнес-плана/План Отпуск в сеть за отчётный период Тульские городские электрические сети' is: '755 296'

16-10-2024T09:18:15 - [TEST_STEP][PASSED] - page = page.replaceAll("\s+", ""): null

16-10-2024T09:18:15 - [TEST_STEP][PASSED] - fileOtpuskVSet = otpusk.toInteger(): null

16-10-2024T09:18:15 - [TEST_STEP][PASSED] - pageOtpuskVSet = page.toInteger(): null

16-10-2024T09:18:15 - [TEST_STEP][PASSED] - typeOfData = typeOfDataMain + " Потери": null

16-10-2024T09:18:15 - [TEST_STEP][PASSED] - if (a == 82): null

16-10-2024T09:18:15 - [TEST_STEP][PASSED] - else if (a == 84): null

16-10-2024T09:18:15 - [TEST_STEP][PASSED] - else if (a == 52 || a == 72 || a == 28 || a == 73 || a == 77 || a == 74 || a == 65 || a == 36 || a == 44 || a == 53 || a == 80 || a == 54 || a == 1 || a == 18 || a == 59 || a == 81): null

16-10-2024T09:18:15 - [TEST_STEP][PASSED] - else: null

16-10-2024T09:18:15 - [TEST_STEP][PASSED] - path = dataFolder + typeOfData + " за отчётный период " + b: null

16-10-2024T09:18:15 - [TEST_STEP][PASSED] - page = getText(findTestObject(path)): Text of object 'Object Repository/Выполнение бизнес-плана/Значения со страницы Выполнение бизнес-плана/План Потери за отчётный период Тульские городские электрические сети' is: '80 857'

16-10-2024T09:18:15 - [MESSAGE][PASSED] - Text of object 'Object Repository/Выполнение бизнес-плана/Значения со страницы Выполнение бизнес-плана/План Потери за отчётный период Тульские городские электрические сети' is: '80 857'

16-10-2024T09:18:15 - [TEST_STEP][PASSED] - page = page.replaceAll("\s+", ""): null

16-10-2024T09:18:15 - [TEST_STEP][PASSED] - filePoteri = poteri.toInteger(): null

16-10-2024T09:18:15 - [TEST_STEP][PASSED] - pagePoteri = page.toInteger(): null

16-10-2024T09:18:15 - [TEST_STEP][PASSED] - compare = pageOtpuskVSet: null

16-10-2024T09:18:15 - [TEST_STEP][PASSED] - if (compare == fileOtpuskVSet): null

16-10-2024T09:18:15 - [TEST_STEP][PASSED] - else if (compare > fileOtpuskVSet): null

16-10-2024T09:18:15 - [TEST_STEP][PASSED] - compare = compare - 1: null

16-10-2024T09:18:15 - [TEST_STEP][PASSED] - if (compare == fileOtpuskVSet): null

16-10-2024T09:18:15 - [TEST_STEP][PASSED] - else: null

16-10-2024T09:18:15 - [TEST_STEP][PASSED] - numberOfErrors = numberOfErrors + 1: null

16-10-2024T09:18:15 - [TEST_STEP][PASSED] - pageInt = pageOtpuskVSet: null

16-10-2024T09:18:15 - [TEST_STEP][PASSED] - fileInt = fileOtpuskVSet: null

16-10-2024T09:18:15 - [TEST_STEP][PASSED] - typeOfData = typeOfDataMain + " Отпуск в сеть": null

16-10-2024T09:18:15 - [TEST_STEP][PASSED] - Script1718980020443.WriteToExcel(a, typeOfData, todaysDate, pageInt, fileInt, pageDouble, fileDouble, dZO): null

16-10-2024T09:18:15 - [TEST_STEP][PASSED] - sheetName = "Sheet1": null

16-10-2024T09:18:15 - [TEST_STEP][PASSED] - data = findTestData("PlanFact"): null

16-10-2024T09:18:15 - [TEST_STEP][PASSED] - n = data.getRowNumbers() + 1: null

16-10-2024T09:18:15 - [TEST_STEP][PASSED] - year = todaysDate.substring(todaysDate.length() - 4, todaysDate.length()): null

16-10-2024T09:18:15 - [TEST_STEP][PASSED] - y = year.toInteger(): null

16-10-2024T09:18:15 - [TEST_STEP][PASSED] - m = getText(findTestObject("Выполнение бизнес-плана/Период")): Text of object 'Object Repository/Выполнение бизнес-плана/Период' is: '1, 2 кв., Июль, Август 2024 года'

16-10-2024T09:18:15 - [MESSAGE][PASSED] - Text of object 'Object Repository/Выполнение бизнес-плана/Период' is: '1, 2 кв., Июль, Август 2024 года'

16-10-2024T09:18:15 - [TEST_STEP][PASSED] - m = m.substring(0, m.indexOf("2024")): null

16-10-2024T09:18:15 - [TEST_STEP][PASSED] - m = m.trim(): null

16-10-2024T09:18:15 - [TEST_STEP][PASSED] - dashboardName = "Выполнение бизнес-плана": null

16-10-2024T09:18:15 - [TEST_STEP][PASSED] - workbook01 = getWorkbook(excelFilePath): null

16-10-2024T09:18:15 - [TEST_STEP][PASSED] - sheet01 = getExcelSheet(workbook01, sheetName): null

16-10-2024T09:18:15 - [TEST_STEP][PASSED] - setValueToCellByIndex(sheet01, n, 0, dashboardName): null

16-10-2024T09:18:15 - [TEST_STEP][PASSED] - setValueToCellByIndex(sheet01, n, 1, dZO): null

16-10-2024T09:18:15 - [TEST_STEP][PASSED] - setValueToCellByIndex(sheet01, n, 2, typeOfData): null

16-10-2024T09:18:15 - [TEST_STEP][PASSED] - if (typeOfData == "Факт в процентах" || typeOfData == "План в процентах"): null

16-10-2024T09:18:15 - [TEST_STEP][PASSED] - else: null

16-10-2024T09:18:15 - [TEST_STEP][PASSED] - setValueToCellByIndex(sheet01, n, 3, fileInt): null

16-10-2024T09:18:15 - [TEST_STEP][PASSED] - setValueToCellByIndex(sheet01, n, 4, pageInt): null

16-10-2024T09:18:15 - [TEST_STEP][PASSED] - setValueToCellByIndex(sheet01, n, 5, m): null

16-10-2024T09:18:15 - [TEST_STEP][PASSED] - setValueToCellByIndex(sheet01, n, 6, y): null

16-10-2024T09:18:15 - [TEST_STEP][PASSED] - setValueToCellByIndex(sheet01, n, 7, todaysDate): null

16-10-2024T09:18:15 - [TEST_STEP][PASSED] - n = n + 1: null

16-10-2024T09:18:15 - [TEST_STEP][PASSED] - saveWorkbook(excelFilePath, workbook01): null

16-10-2024T09:18:15 - [TEST_STEP][PASSED] - compare = pagePoteri: null

16-10-2024T09:18:15 - [TEST_STEP][PASSED] - if (compare == filePoteri): null

16-10-2024T09:18:15 - [TEST_STEP][PASSED] - else if (compare > filePoteri): null

16-10-2024T09:18:15 - [TEST_STEP][PASSED] - compare = compare - 1: null

16-10-2024T09:18:15 - [TEST_STEP][PASSED] - if (compare == filePoteri): null

16-10-2024T09:18:15 - [TEST_STEP][PASSED] - else: null

16-10-2024T09:18:15 - [TEST_STEP][PASSED] - numberOfErrors = numberOfErrors + 1: null

16-10-2024T09:18:15 - [TEST_STEP][PASSED] - pageInt = pagePoteri: null

16-10-2024T09:18:15 - [TEST_STEP][PASSED] - fileInt = filePoteri: null

16-10-2024T09:18:15 - [TEST_STEP][PASSED] - typeOfData = typeOfDataMain + " Потери": null

16-10-2024T09:18:15 - [TEST_STEP][PASSED] - Script1718980020443.WriteToExcel(a, typeOfData, todaysDate, pageInt, fileInt, pageDouble, fileDouble, dZO): null

16-10-2024T09:18:15 - [TEST_STEP][PASSED] - sheetName = "Sheet1": null

16-10-2024T09:18:15 - [TEST_STEP][PASSED] - data = findTestData("PlanFact"): null

16-10-2024T09:18:16 - [TEST_STEP][PASSED] - n = data.getRowNumbers() + 1: null

16-10-2024T09:18:16 - [TEST_STEP][PASSED] - year = todaysDate.substring(todaysDate.length() - 4, todaysDate.length()): null

16-10-2024T09:18:16 - [TEST_STEP][PASSED] - y = year.toInteger(): null

16-10-2024T09:18:16 - [TEST_STEP][PASSED] - m = getText(findTestObject("Выполнение бизнес-плана/Период")): Text of object 'Object Repository/Выполнение бизнес-плана/Период' is: '1, 2 кв., Июль, Август 2024 года'

16-10-2024T09:18:16 - [MESSAGE][PASSED] - Text of object 'Object Repository/Выполнение бизнес-плана/Период' is: '1, 2 кв., Июль, Август 2024 года'

16-10-2024T09:18:16 - [TEST_STEP][PASSED] - m = m.substring(0, m.indexOf("2024")): null

16-10-2024T09:18:16 - [TEST_STEP][PASSED] - m = m.trim(): null

16-10-2024T09:18:16 - [TEST_STEP][PASSED] - dashboardName = "Выполнение бизнес-плана": null

16-10-2024T09:18:16 - [TEST_STEP][PASSED] - workbook01 = getWorkbook(excelFilePath): null

16-10-2024T09:18:16 - [TEST_STEP][PASSED] - sheet01 = getExcelSheet(workbook01, sheetName): null

16-10-2024T09:18:16 - [TEST_STEP][PASSED] - setValueToCellByIndex(sheet01, n, 0, dashboardName): null

16-10-2024T09:18:16 - [TEST_STEP][PASSED] - setValueToCellByIndex(sheet01, n, 1, dZO): null

16-10-2024T09:18:16 - [TEST_STEP][PASSED] - setValueToCellByIndex(sheet01, n, 2, typeOfData): null

16-10-2024T09:18:16 - [TEST_STEP][PASSED] - if (typeOfData == "Факт в процентах" || typeOfData == "План в процентах"): null

16-10-2024T09:18:16 - [TEST_STEP][PASSED] - else: null

16-10-2024T09:18:16 - [TEST_STEP][PASSED] - setValueToCellByIndex(sheet01, n, 3, fileInt): null

16-10-2024T09:18:16 - [TEST_STEP][PASSED] - setValueToCellByIndex(sheet01, n, 4, pageInt): null

16-10-2024T09:18:16 - [TEST_STEP][PASSED] - setValueToCellByIndex(sheet01, n, 5, m): null

16-10-2024T09:18:16 - [TEST_STEP][PASSED] - setValueToCellByIndex(sheet01, n, 6, y): null

16-10-2024T09:18:16 - [TEST_STEP][PASSED] - setValueToCellByIndex(sheet01, n, 7, todaysDate): null

16-10-2024T09:18:16 - [TEST_STEP][PASSED] - n = n + 1: null

16-10-2024T09:18:16 - [TEST_STEP][PASSED] - saveWorkbook(excelFilePath, workbook01): Object: 'Object Repository/Выполнение бизнес-плана/Кнопка Факт' is clicked on

16-10-2024T09:18:16 - [TEST_STEP][PASSED] - if (planFact == 2): Object: 'Object Repository/Выполнение бизнес-плана/Кнопка Факт' is clicked on

16-10-2024T09:18:16 - [TEST_STEP][PASSED] - click(findTestObject("Выполнение бизнес-плана/Кнопка Факт")): Object: 'Object Repository/Выполнение бизнес-плана/Кнопка Факт' is clicked on

16-10-2024T09:18:16 - [MESSAGE][PASSED] - Object: 'Object Repository/Выполнение бизнес-плана/Кнопка Факт' is clicked on

16-10-2024T09:18:16 - [TEST_STEP][PASSED] - if (a == 84 || a == 82): null

16-10-2024T09:18:16 - [TEST_STEP][PASSED] - else if (a == 52 || a == 72 || a == 28 || a == 73 || a == 77 || a == 74 || a == 65 || a == 36 || a == 44 || a == 53 || a == 80 || a == 54 || a == 1 || a == 18 || a == 59 || a == 81): null

16-10-2024T09:18:16 - [TEST_STEP][PASSED] - else: null

16-10-2024T09:18:16 - [TEST_STEP][PASSED] - page1 = getText(findTestObject("Object Repository/Выполнение бизнес-плана/spanPlan" + filialNum)): Text of object 'Object Repository/Выполнение бизнес-плана/spanPlan2' is: '10.71
|'

16-10-2024T09:18:17 - [MESSAGE][PASSED] - Text of object 'Object Repository/Выполнение бизнес-плана/spanPlan2' is: '10.71
|'

16-10-2024T09:18:17 - [TEST_STEP][PASSED] - page1 = page1.replace("|", ""): null

16-10-2024T09:18:17 - [TEST_STEP][PASSED] - page2 = getText(findTestObject("Object Repository/Выполнение бизнес-плана/spanFact" + filialNum)): Text of object 'Object Repository/Выполнение бизнес-плана/spanFact2' is: '10.56
|'

16-10-2024T09:18:17 - [MESSAGE][PASSED] - Text of object 'Object Repository/Выполнение бизнес-плана/spanFact2' is: '10.56
|'

16-10-2024T09:18:17 - [TEST_STEP][PASSED] - page2 = page2.replace("|", ""): null

16-10-2024T09:18:17 - [TEST_STEP][PASSED] - println("page1: " + page1): null

16-10-2024T09:18:17 - [TEST_STEP][PASSED] - println("page2: " + page2): null

16-10-2024T09:18:17 - [TEST_STEP][PASSED] - file = findTestData("PlanFact").getValue(4, a): null

16-10-2024T09:18:17 - [TEST_STEP][PASSED] - file = file.replace(",", "."): null

16-10-2024T09:18:17 - [TEST_STEP][PASSED] - println("file Plan: " + file): null

16-10-2024T09:18:17 - [TEST_STEP][PASSED] - typeOfData = "План в процентах": null

16-10-2024T09:18:17 - [TEST_STEP][PASSED] - fileDouble = file.toDouble(): null

16-10-2024T09:18:17 - [TEST_STEP][PASSED] - pageDouble = page1.toDouble(): null

16-10-2024T09:18:17 - [TEST_STEP][PASSED] - if (fileDouble != pageDouble): null

16-10-2024T09:18:17 - [TEST_STEP][PASSED] - numberOfErrors = numberOfErrors + 1: null

16-10-2024T09:18:17 - [TEST_STEP][PASSED] - Script1718980020443.WriteToExcel(a, typeOfData, todaysDate, pageInt, fileInt, pageDouble, fileDouble, dZO): null

16-10-2024T09:18:17 - [TEST_STEP][PASSED] - sheetName = "Sheet1": null

16-10-2024T09:18:17 - [TEST_STEP][PASSED] - data = findTestData("PlanFact"): null

16-10-2024T09:18:17 - [TEST_STEP][PASSED] - n = data.getRowNumbers() + 1: null

16-10-2024T09:18:17 - [TEST_STEP][PASSED] - year = todaysDate.substring(todaysDate.length() - 4, todaysDate.length()): null

16-10-2024T09:18:17 - [TEST_STEP][PASSED] - y = year.toInteger(): null

16-10-2024T09:18:17 - [TEST_STEP][PASSED] - m = getText(findTestObject("Выполнение бизнес-плана/Период")): Text of object 'Object Repository/Выполнение бизнес-плана/Период' is: '1, 2 кв., Июль, Август 2024 года'

16-10-2024T09:18:17 - [MESSAGE][PASSED] - Text of object 'Object Repository/Выполнение бизнес-плана/Период' is: '1, 2 кв., Июль, Август 2024 года'

16-10-2024T09:18:17 - [TEST_STEP][PASSED] - m = m.substring(0, m.indexOf("2024")): null

16-10-2024T09:18:17 - [TEST_STEP][PASSED] - m = m.trim(): null

16-10-2024T09:18:17 - [TEST_STEP][PASSED] - dashboardName = "Выполнение бизнес-плана": null

16-10-2024T09:18:17 - [TEST_STEP][PASSED] - workbook01 = getWorkbook(excelFilePath): null

16-10-2024T09:18:18 - [TEST_STEP][PASSED] - sheet01 = getExcelSheet(workbook01, sheetName): null

16-10-2024T09:18:18 - [TEST_STEP][PASSED] - setValueToCellByIndex(sheet01, n, 0, dashboardName): null

16-10-2024T09:18:18 - [TEST_STEP][PASSED] - setValueToCellByIndex(sheet01, n, 1, dZO): null

16-10-2024T09:18:18 - [TEST_STEP][PASSED] - setValueToCellByIndex(sheet01, n, 2, typeOfData): null

16-10-2024T09:18:18 - [TEST_STEP][PASSED] - if (typeOfData == "Факт в процентах" || typeOfData == "План в процентах"): null

16-10-2024T09:18:18 - [TEST_STEP][PASSED] - setValueToCellByIndex(sheet01, n, 3, fileDouble): null

16-10-2024T09:18:18 - [TEST_STEP][PASSED] - setValueToCellByIndex(sheet01, n, 4, pageDouble): null

16-10-2024T09:18:18 - [TEST_STEP][PASSED] - setValueToCellByIndex(sheet01, n, 5, m): null

16-10-2024T09:18:18 - [TEST_STEP][PASSED] - setValueToCellByIndex(sheet01, n, 6, y): null

16-10-2024T09:18:18 - [TEST_STEP][PASSED] - setValueToCellByIndex(sheet01, n, 7, todaysDate): null

16-10-2024T09:18:18 - [TEST_STEP][PASSED] - n = n + 1: null

16-10-2024T09:18:18 - [TEST_STEP][PASSED] - saveWorkbook(excelFilePath, workbook01): null

16-10-2024T09:18:18 - [TEST_STEP][PASSED] - file = findTestData("PlanFact").getValue(7, a): null

16-10-2024T09:18:18 - [TEST_STEP][PASSED] - file = file.replace(",", "."): null

16-10-2024T09:18:18 - [TEST_STEP][PASSED] - println("file Fact: " + file): null

16-10-2024T09:18:18 - [TEST_STEP][PASSED] - fileDouble = file.toDouble(): null

16-10-2024T09:18:18 - [TEST_STEP][PASSED] - typeOfData = "Факт в процентах": null

16-10-2024T09:18:18 - [TEST_STEP][PASSED] - fileDouble = file.toDouble(): null

16-10-2024T09:18:18 - [TEST_STEP][PASSED] - pageDouble = page2.toDouble(): null

16-10-2024T09:18:18 - [TEST_STEP][PASSED] - if (fileDouble != pageDouble): null

16-10-2024T09:18:18 - [TEST_STEP][PASSED] - numberOfErrors = numberOfErrors + 1: null

16-10-2024T09:18:18 - [TEST_STEP][PASSED] - Script1718980020443.WriteToExcel(a, typeOfData, todaysDate, pageInt, fileInt, pageDouble, fileDouble, dZO): null

16-10-2024T09:18:18 - [TEST_STEP][PASSED] - sheetName = "Sheet1": null

16-10-2024T09:18:18 - [TEST_STEP][PASSED] - data = findTestData("PlanFact"): null

16-10-2024T09:18:18 - [TEST_STEP][PASSED] - n = data.getRowNumbers() + 1: null

16-10-2024T09:18:18 - [TEST_STEP][PASSED] - year = todaysDate.substring(todaysDate.length() - 4, todaysDate.length()): null

16-10-2024T09:18:18 - [TEST_STEP][PASSED] - y = year.toInteger(): null

16-10-2024T09:18:18 - [TEST_STEP][PASSED] - m = getText(findTestObject("Выполнение бизнес-плана/Период")): Text of object 'Object Repository/Выполнение бизнес-плана/Период' is: '1, 2 кв., Июль, Август 2024 года'

16-10-2024T09:18:18 - [MESSAGE][PASSED] - Text of object 'Object Repository/Выполнение бизнес-плана/Период' is: '1, 2 кв., Июль, Август 2024 года'

16-10-2024T09:18:18 - [TEST_STEP][PASSED] - m = m.substring(0, m.indexOf("2024")): null

16-10-2024T09:18:18 - [TEST_STEP][PASSED] - m = m.trim(): null

16-10-2024T09:18:18 - [TEST_STEP][PASSED] - dashboardName = "Выполнение бизнес-плана": null

16-10-2024T09:18:18 - [TEST_STEP][PASSED] - workbook01 = getWorkbook(excelFilePath): null

16-10-2024T09:18:18 - [TEST_STEP][PASSED] - sheet01 = getExcelSheet(workbook01, sheetName): null

16-10-2024T09:18:18 - [TEST_STEP][PASSED] - setValueToCellByIndex(sheet01, n, 0, dashboardName): null

16-10-2024T09:18:18 - [TEST_STEP][PASSED] - setValueToCellByIndex(sheet01, n, 1, dZO): null

16-10-2024T09:18:18 - [TEST_STEP][PASSED] - setValueToCellByIndex(sheet01, n, 2, typeOfData): null

16-10-2024T09:18:18 - [TEST_STEP][PASSED] - if (typeOfData == "Факт в процентах" || typeOfData == "План в процентах"): null

16-10-2024T09:18:18 - [TEST_STEP][PASSED] - setValueToCellByIndex(sheet01, n, 3, fileDouble): null

16-10-2024T09:18:18 - [TEST_STEP][PASSED] - setValueToCellByIndex(sheet01, n, 4, pageDouble): null

16-10-2024T09:18:18 - [TEST_STEP][PASSED] - setValueToCellByIndex(sheet01, n, 5, m): null

16-10-2024T09:18:18 - [TEST_STEP][PASSED] - setValueToCellByIndex(sheet01, n, 6, y): null

16-10-2024T09:18:18 - [TEST_STEP][PASSED] - setValueToCellByIndex(sheet01, n, 7, todaysDate): null

16-10-2024T09:18:18 - [TEST_STEP][PASSED] - n = n + 1: null

16-10-2024T09:18:18 - [TEST_STEP][PASSED] - saveWorkbook(excelFilePath, workbook01): null

16-10-2024T09:18:19 - [TEST_STEP][FAILED] - if (verifyEqual(numberOfErrors, 0) == false): null

16-10-2024T09:18:19 - [MESSAGE][FAILED] - Unable to verify equal between actual object '6' and expected object '0' (Root cause: com.kms.katalon.core.exception.StepFailedException: Actual object '6' and expected object '0' are not equal
	at com.kms.katalon.core.keyword.builtin.VerifyEqualKeyword$_verifyEqual_closure1.doCall(VerifyEqualKeyword.groovy:58)
	at com.kms.katalon.core.keyword.builtin.VerifyEqualKeyword$_verifyEqual_closure1.call(VerifyEqualKeyword.groovy)
	at com.kms.katalon.core.keyword.internal.KeywordMain.runKeyword(KeywordMain.groovy:75)
	at com.kms.katalon.core.keyword.builtin.VerifyEqualKeyword.verifyEqual(VerifyEqualKeyword.groovy:63)
	at com.kms.katalon.core.keyword.builtin.VerifyEqualKeyword.execute(VerifyEqualKeyword.groovy:44)
	at com.kms.katalon.core.keyword.internal.KeywordExecutor.executeKeywordForPlatform(KeywordExecutor.groovy:74)
	at com.kms.katalon.core.keyword.BuiltinKeywords.verifyEqual(BuiltinKeywords.groovy:146)
	at jdk.internal.reflect.GeneratedMethodAccessor25.invoke(Unknown Source)
	at java.base/jdk.internal.reflect.DelegatingMethodAccessorImpl.invoke(DelegatingMethodAccessorImpl.java:43)
	at Выполнение бизнес-плана Сверка ПАО Россети все филиалы.Numbers(Выполнение бизнес-плана Сверка ПАО Россети все филиалы:749)
	at Выполнение бизнес-плана Сверка ПАО Россети все филиалы.Filials(Выполнение бизнес-плана Сверка ПАО Россети все филиалы:1172)
	at Выполнение бизнес-плана Сверка ПАО Россети все филиалы.Numbers(Выполнение бизнес-плана Сверка ПАО Россети все филиалы:754)
	at Выполнение бизнес-плана Сверка ПАО Россети все филиалы.run(Выполнение бизнес-плана Сверка ПАО Россети все филиалы:397)
	at com.kms.katalon.core.main.ScriptEngine.run(ScriptEngine.java:194)
	at com.kms.katalon.core.main.ScriptEngine.runScriptAsRawText(ScriptEngine.java:119)
	at com.kms.katalon.core.main.TestCaseExecutor.runScript(TestCaseExecutor.java:448)
	at com.kms.katalon.core.main.TestCaseExecutor.doExecute(TestCaseExecutor.java:439)
	at com.kms.katalon.core.main.TestCaseExecutor.processExecutionPhase(TestCaseExecutor.java:418)
	at com.kms.katalon.core.main.TestCaseExecutor.accessMainPhase(TestCaseExecutor.java:410)
	at com.kms.katalon.core.main.TestCaseExecutor.execute(TestCaseExecutor.java:285)
	at com.kms.katalon.core.common.CommonExecutor.accessTestCaseMainPhase(CommonExecutor.java:65)
	at com.kms.katalon.core.main.TestSuiteExecutor.accessTestSuiteMainPhase(TestSuiteExecutor.java:150)
	at com.kms.katalon.core.main.TestSuiteExecutor.execute(TestSuiteExecutor.java:106)
	at com.kms.katalon.core.main.TestCaseMain.startTestSuite(TestCaseMain.java:180)
	at TempTestSuite1729057289574.run(TempTestSuite1729057289574.groovy:35)
	at java.base/jdk.internal.reflect.NativeMethodAccessorImpl.invoke0(Native Method)
	at java.base/jdk.internal.reflect.NativeMethodAccessorImpl.invoke(NativeMethodAccessorImpl.java:77)
	at java.base/jdk.internal.reflect.DelegatingMethodAccessorImpl.invoke(DelegatingMethodAccessorImpl.java:43)
)

16-10-2024T09:18:19 - [TEST_STEP][PASSED] - println(numberOfErrors): null

16-10-2024T09:18:19 - [TEST_STEP][PASSED] - if (a == 28 || a == 77 || a == 74 || a == 65 || a == 36 || a == 44 || a == 54 || a == 1 || a == 18 || a == 59): null

16-10-2024T09:18:19 - [TEST_STEP][PASSED] - if (a == 82): null

16-10-2024T09:18:19 - [TEST_STEP][PASSED] - dZO = "АО «Ярославская электросетевая компания»": null

16-10-2024T09:18:19 - [TEST_STEP][PASSED] - a = 17: null

16-10-2024T09:18:19 - [TEST_STEP][PASSED] - i = dZO.length() - 1: null

16-10-2024T09:18:19 - [TEST_STEP][PASSED] - dzoCut = substring(4, i).replaceAll("\s+", ""): null

16-10-2024T09:18:19 - [TEST_STEP][PASSED] - if (x2.contains(dzoCut)): null

16-10-2024T09:18:19 - [TEST_STEP][PASSED] - filialNum = filialNum + 1: null

16-10-2024T09:18:19 - [TEST_STEP][PASSED] - Script1718980020443.Numbers(a, typeOfData, todaysDate, pageInt, fileInt, pageDouble, fileDouble, dZO, dzoNum, filialNum): null

16-10-2024T09:18:19 - [TEST_STEP][PASSED] - println(dzoNum): null

16-10-2024T09:18:19 - [TEST_STEP][PASSED] - planFact = <not implemented yet for class: org.codehaus.groovy.ast.expr.EmptyExpression>: null

16-10-2024T09:18:19 - [TEST_STEP][PASSED] - page = <not implemented yet for class: org.codehaus.groovy.ast.expr.EmptyExpression>: null

16-10-2024T09:18:19 - [TEST_STEP][PASSED] - page1 = <not implemented yet for class: org.codehaus.groovy.ast.expr.EmptyExpression>: null

16-10-2024T09:18:19 - [TEST_STEP][PASSED] - page2 = <not implemented yet for class: org.codehaus.groovy.ast.expr.EmptyExpression>: null

16-10-2024T09:18:19 - [TEST_STEP][PASSED] - filialNumberInRow = <not implemented yet for class: org.codehaus.groovy.ast.expr.EmptyExpression>: null

16-10-2024T09:18:19 - [TEST_STEP][PASSED] - filialsDzoNames = <not implemented yet for class: org.codehaus.groovy.ast.expr.EmptyExpression>: null

16-10-2024T09:18:19 - [TEST_STEP][PASSED] - numberOfFilials = <not implemented yet for class: org.codehaus.groovy.ast.expr.EmptyExpression>: null

16-10-2024T09:18:19 - [TEST_STEP][PASSED] - numberOfSpaces = <not implemented yet for class: org.codehaus.groovy.ast.expr.EmptyExpression>: null

16-10-2024T09:18:19 - [TEST_STEP][PASSED] - file = <not implemented yet for class: org.codehaus.groovy.ast.expr.EmptyExpression>: null

16-10-2024T09:18:19 - [TEST_STEP][PASSED] - otpusk = <not implemented yet for class: org.codehaus.groovy.ast.expr.EmptyExpression>: null

16-10-2024T09:18:19 - [TEST_STEP][PASSED] - poteri = <not implemented yet for class: org.codehaus.groovy.ast.expr.EmptyExpression>: null

16-10-2024T09:18:19 - [TEST_STEP][PASSED] - dataFolder = "Выполнение бизнес-плана/Значения со страницы Выполнение бизнес-плана/": null

16-10-2024T09:18:19 - [TEST_STEP][PASSED] - path = <not implemented yet for class: org.codehaus.groovy.ast.expr.EmptyExpression>: null

16-10-2024T09:18:19 - [TEST_STEP][PASSED] - typeOfDataMain = <not implemented yet for class: org.codehaus.groovy.ast.expr.EmptyExpression>: null

16-10-2024T09:18:19 - [TEST_STEP][PASSED] - fileOtpuskVSet = <not implemented yet for class: org.codehaus.groovy.ast.expr.EmptyExpression>: null

16-10-2024T09:18:19 - [TEST_STEP][PASSED] - pageOtpuskVSet = <not implemented yet for class: org.codehaus.groovy.ast.expr.EmptyExpression>: null

16-10-2024T09:18:19 - [TEST_STEP][PASSED] - filePoteri = <not implemented yet for class: org.codehaus.groovy.ast.expr.EmptyExpression>: null

16-10-2024T09:18:19 - [TEST_STEP][PASSED] - pagePoteri = <not implemented yet for class: org.codehaus.groovy.ast.expr.EmptyExpression>: null

16-10-2024T09:18:19 - [TEST_STEP][PASSED] - compare = <not implemented yet for class: org.codehaus.groovy.ast.expr.EmptyExpression>: null

16-10-2024T09:18:19 - [TEST_STEP][PASSED] - b = <not implemented yet for class: org.codehaus.groovy.ast.expr.EmptyExpression>: null

16-10-2024T09:18:19 - [TEST_STEP][PASSED] - i = <not implemented yet for class: org.codehaus.groovy.ast.expr.EmptyExpression>: null

16-10-2024T09:18:19 - [TEST_STEP][PASSED] - ii = <not implemented yet for class: org.codehaus.groovy.ast.expr.EmptyExpression>: null

16-10-2024T09:18:19 - [TEST_STEP][PASSED] - c = <not implemented yet for class: org.codehaus.groovy.ast.expr.EmptyExpression>: null

16-10-2024T09:18:19 - [TEST_STEP][PASSED] - numberOfErrors = 0: null

16-10-2024T09:18:19 - [TEST_STEP][PASSED] - if (a == 82): null

16-10-2024T09:18:19 - [TEST_STEP][PASSED] - b = findTestData("PlanFact").getValue(1, a): null

16-10-2024T09:18:19 - [TEST_STEP][PASSED] - i = b.indexOf(" (ГК)"): null

16-10-2024T09:18:19 - [TEST_STEP][PASSED] - if (i > -1): null

16-10-2024T09:18:19 - [TEST_STEP][PASSED] - i = b.indexOf("О ""): null

16-10-2024T09:18:19 - [TEST_STEP][PASSED] - if (i > -1): null

16-10-2024T09:18:19 - [TEST_STEP][PASSED] - i = b.indexOf("О «"): null

16-10-2024T09:18:19 - [TEST_STEP][PASSED] - if (i > -1): null

16-10-2024T09:18:19 - [TEST_STEP][PASSED] - b = b.substring(i + 3, b.length()): null

16-10-2024T09:18:19 - [TEST_STEP][PASSED] - i = b.indexOf("»"): null

16-10-2024T09:18:19 - [TEST_STEP][PASSED] - b = b.substring(0, i): null

16-10-2024T09:18:19 - [TEST_STEP][PASSED] - b = b.trim(): null

16-10-2024T09:18:19 - [TEST_STEP][PASSED] - i = b.indexOf("г. "): null

16-10-2024T09:18:19 - [TEST_STEP][PASSED] - if (i > -1): null

16-10-2024T09:18:19 - [TEST_STEP][PASSED] - println(b): null

16-10-2024T09:18:19 - [TEST_STEP][PASSED] - for ([planFact = 1, planFact < 3, (planFact++)]): null

16-10-2024T09:18:19 - [TEST_STEP][PASSED] - if (planFact == 1): null

16-10-2024T09:18:19 - [TEST_STEP][PASSED] - typeOfDataMain = "Факт": null

16-10-2024T09:18:19 - [TEST_STEP][PASSED] - otpusk = findTestData("PlanFact").getValue(5, a): null

16-10-2024T09:18:19 - [TEST_STEP][PASSED] - poteri = findTestData("PlanFact").getValue(6, a): null

16-10-2024T09:18:19 - [TEST_STEP][PASSED] - otpusk = otpusk.replaceAll("\s+", ""): null

16-10-2024T09:18:19 - [TEST_STEP][PASSED] - poteri = poteri.replaceAll("\s+", ""): null

16-10-2024T09:18:19 - [TEST_STEP][PASSED] - typeOfData = typeOfDataMain + " Отпуск в сеть": null

16-10-2024T09:18:19 - [TEST_STEP][PASSED] - if (a == 82): null

16-10-2024T09:18:19 - [TEST_STEP][PASSED] - else if (a == 84): null

16-10-2024T09:18:19 - [TEST_STEP][PASSED] - else if (a == 52 || a == 72 || a == 28 || a == 73 || a == 77 || a == 74 || a == 65 || a == 36 || a == 44 || a == 53 || a == 80 || a == 54 || a == 1 || a == 18 || a == 59 || a == 81): null

16-10-2024T09:18:19 - [TEST_STEP][PASSED] - else: null

16-10-2024T09:18:19 - [TEST_STEP][PASSED] - path = dataFolder + typeOfData + " за отчётный период " + b: null

16-10-2024T09:18:19 - [TEST_STEP][PASSED] - println(path): null

16-10-2024T09:18:19 - [TEST_STEP][PASSED] - page = getText(findTestObject(path)): Text of object 'Object Repository/Выполнение бизнес-плана/Значения со страницы Выполнение бизнес-плана/Факт Отпуск в сеть за отчётный период Ярославская электросетевая компания' is: '170 822'

16-10-2024T09:18:19 - [MESSAGE][PASSED] - Text of object 'Object Repository/Выполнение бизнес-плана/Значения со страницы Выполнение бизнес-плана/Факт Отпуск в сеть за отчётный период Ярославская электросетевая компания' is: '170 822'

16-10-2024T09:18:19 - [TEST_STEP][PASSED] - page = page.replaceAll("\s+", ""): null

16-10-2024T09:18:19 - [TEST_STEP][PASSED] - fileOtpuskVSet = otpusk.toInteger(): null

16-10-2024T09:18:19 - [TEST_STEP][PASSED] - pageOtpuskVSet = page.toInteger(): null

16-10-2024T09:18:19 - [TEST_STEP][PASSED] - typeOfData = typeOfDataMain + " Потери": null

16-10-2024T09:18:19 - [TEST_STEP][PASSED] - if (a == 82): null

16-10-2024T09:18:19 - [TEST_STEP][PASSED] - else if (a == 84): null

16-10-2024T09:18:19 - [TEST_STEP][PASSED] - else if (a == 52 || a == 72 || a == 28 || a == 73 || a == 77 || a == 74 || a == 65 || a == 36 || a == 44 || a == 53 || a == 80 || a == 54 || a == 1 || a == 18 || a == 59 || a == 81): null

16-10-2024T09:18:19 - [TEST_STEP][PASSED] - else: null

16-10-2024T09:18:19 - [TEST_STEP][PASSED] - path = dataFolder + typeOfData + " за отчётный период " + b: null

16-10-2024T09:18:19 - [TEST_STEP][PASSED] - page = getText(findTestObject(path)): Text of object 'Object Repository/Выполнение бизнес-плана/Значения со страницы Выполнение бизнес-плана/Факт Потери за отчётный период Ярославская электросетевая компания' is: '14 111'

16-10-2024T09:18:19 - [MESSAGE][PASSED] - Text of object 'Object Repository/Выполнение бизнес-плана/Значения со страницы Выполнение бизнес-плана/Факт Потери за отчётный период Ярославская электросетевая компания' is: '14 111'

16-10-2024T09:18:19 - [TEST_STEP][PASSED] - page = page.replaceAll("\s+", ""): null

16-10-2024T09:18:19 - [TEST_STEP][PASSED] - filePoteri = poteri.toInteger(): null

16-10-2024T09:18:19 - [TEST_STEP][PASSED] - pagePoteri = page.toInteger(): null

16-10-2024T09:18:19 - [TEST_STEP][PASSED] - compare = pageOtpuskVSet: null

16-10-2024T09:18:19 - [TEST_STEP][PASSED] - if (compare == fileOtpuskVSet): null

16-10-2024T09:18:19 - [TEST_STEP][PASSED] - else if (compare > fileOtpuskVSet): null

16-10-2024T09:18:19 - [TEST_STEP][PASSED] - compare = compare - 1: null

16-10-2024T09:18:19 - [TEST_STEP][PASSED] - if (compare == fileOtpuskVSet): null

16-10-2024T09:18:19 - [TEST_STEP][PASSED] - else: null

16-10-2024T09:18:19 - [TEST_STEP][PASSED] - numberOfErrors = numberOfErrors + 1: null

16-10-2024T09:18:19 - [TEST_STEP][PASSED] - pageInt = pageOtpuskVSet: null

16-10-2024T09:18:19 - [TEST_STEP][PASSED] - fileInt = fileOtpuskVSet: null

16-10-2024T09:18:19 - [TEST_STEP][PASSED] - typeOfData = typeOfDataMain + " Отпуск в сеть": null

16-10-2024T09:18:19 - [TEST_STEP][PASSED] - Script1718980020443.WriteToExcel(a, typeOfData, todaysDate, pageInt, fileInt, pageDouble, fileDouble, dZO): null

16-10-2024T09:18:19 - [TEST_STEP][PASSED] - sheetName = "Sheet1": null

16-10-2024T09:18:19 - [TEST_STEP][PASSED] - data = findTestData("PlanFact"): null

16-10-2024T09:18:19 - [TEST_STEP][PASSED] - n = data.getRowNumbers() + 1: null

16-10-2024T09:18:19 - [TEST_STEP][PASSED] - year = todaysDate.substring(todaysDate.length() - 4, todaysDate.length()): null

16-10-2024T09:18:19 - [TEST_STEP][PASSED] - y = year.toInteger(): null

16-10-2024T09:18:19 - [TEST_STEP][PASSED] - m = getText(findTestObject("Выполнение бизнес-плана/Период")): Text of object 'Object Repository/Выполнение бизнес-плана/Период' is: '1, 2 кв., Июль, Август 2024 года'

16-10-2024T09:18:20 - [MESSAGE][PASSED] - Text of object 'Object Repository/Выполнение бизнес-плана/Период' is: '1, 2 кв., Июль, Август 2024 года'

16-10-2024T09:18:20 - [TEST_STEP][PASSED] - m = m.substring(0, m.indexOf("2024")): null

16-10-2024T09:18:20 - [TEST_STEP][PASSED] - m = m.trim(): null

16-10-2024T09:18:20 - [TEST_STEP][PASSED] - dashboardName = "Выполнение бизнес-плана": null

16-10-2024T09:18:20 - [TEST_STEP][PASSED] - workbook01 = getWorkbook(excelFilePath): null

16-10-2024T09:18:20 - [TEST_STEP][PASSED] - sheet01 = getExcelSheet(workbook01, sheetName): null

16-10-2024T09:18:20 - [TEST_STEP][PASSED] - setValueToCellByIndex(sheet01, n, 0, dashboardName): null

16-10-2024T09:18:20 - [TEST_STEP][PASSED] - setValueToCellByIndex(sheet01, n, 1, dZO): null

16-10-2024T09:18:20 - [TEST_STEP][PASSED] - setValueToCellByIndex(sheet01, n, 2, typeOfData): null

16-10-2024T09:18:20 - [TEST_STEP][PASSED] - if (typeOfData == "Факт в процентах" || typeOfData == "План в процентах"): null

16-10-2024T09:18:20 - [TEST_STEP][PASSED] - else: null

16-10-2024T09:18:20 - [TEST_STEP][PASSED] - setValueToCellByIndex(sheet01, n, 3, fileInt): null

16-10-2024T09:18:20 - [TEST_STEP][PASSED] - setValueToCellByIndex(sheet01, n, 4, pageInt): null

16-10-2024T09:18:20 - [TEST_STEP][PASSED] - setValueToCellByIndex(sheet01, n, 5, m): null

16-10-2024T09:18:20 - [TEST_STEP][PASSED] - setValueToCellByIndex(sheet01, n, 6, y): null

16-10-2024T09:18:20 - [TEST_STEP][PASSED] - setValueToCellByIndex(sheet01, n, 7, todaysDate): null

16-10-2024T09:18:20 - [TEST_STEP][PASSED] - n = n + 1: null

16-10-2024T09:18:20 - [TEST_STEP][PASSED] - saveWorkbook(excelFilePath, workbook01): null

16-10-2024T09:18:20 - [TEST_STEP][PASSED] - compare = pagePoteri: null

16-10-2024T09:18:20 - [TEST_STEP][PASSED] - if (compare == filePoteri): null

16-10-2024T09:18:20 - [TEST_STEP][PASSED] - else if (compare > filePoteri): null

16-10-2024T09:18:20 - [TEST_STEP][PASSED] - compare = compare - 1: null

16-10-2024T09:18:20 - [TEST_STEP][PASSED] - if (compare == filePoteri): null

16-10-2024T09:18:20 - [TEST_STEP][PASSED] - else: null

16-10-2024T09:18:20 - [TEST_STEP][PASSED] - numberOfErrors = numberOfErrors + 1: null

16-10-2024T09:18:20 - [TEST_STEP][PASSED] - pageInt = pagePoteri: null

16-10-2024T09:18:20 - [TEST_STEP][PASSED] - fileInt = filePoteri: null

16-10-2024T09:18:20 - [TEST_STEP][PASSED] - typeOfData = typeOfDataMain + " Потери": null

16-10-2024T09:18:20 - [TEST_STEP][PASSED] - Script1718980020443.WriteToExcel(a, typeOfData, todaysDate, pageInt, fileInt, pageDouble, fileDouble, dZO): null

16-10-2024T09:18:20 - [TEST_STEP][PASSED] - sheetName = "Sheet1": null

16-10-2024T09:18:20 - [TEST_STEP][PASSED] - data = findTestData("PlanFact"): null

16-10-2024T09:18:20 - [TEST_STEP][PASSED] - n = data.getRowNumbers() + 1: null

16-10-2024T09:18:20 - [TEST_STEP][PASSED] - year = todaysDate.substring(todaysDate.length() - 4, todaysDate.length()): null

16-10-2024T09:18:20 - [TEST_STEP][PASSED] - y = year.toInteger(): null

16-10-2024T09:18:20 - [TEST_STEP][PASSED] - m = getText(findTestObject("Выполнение бизнес-плана/Период")): Text of object 'Object Repository/Выполнение бизнес-плана/Период' is: '1, 2 кв., Июль, Август 2024 года'

16-10-2024T09:18:20 - [MESSAGE][PASSED] - Text of object 'Object Repository/Выполнение бизнес-плана/Период' is: '1, 2 кв., Июль, Август 2024 года'

16-10-2024T09:18:20 - [TEST_STEP][PASSED] - m = m.substring(0, m.indexOf("2024")): null

16-10-2024T09:18:20 - [TEST_STEP][PASSED] - m = m.trim(): null

16-10-2024T09:18:20 - [TEST_STEP][PASSED] - dashboardName = "Выполнение бизнес-плана": null

16-10-2024T09:18:20 - [TEST_STEP][PASSED] - workbook01 = getWorkbook(excelFilePath): null

16-10-2024T09:18:21 - [TEST_STEP][PASSED] - sheet01 = getExcelSheet(workbook01, sheetName): null

16-10-2024T09:18:21 - [TEST_STEP][PASSED] - setValueToCellByIndex(sheet01, n, 0, dashboardName): null

16-10-2024T09:18:21 - [TEST_STEP][PASSED] - setValueToCellByIndex(sheet01, n, 1, dZO): null

16-10-2024T09:18:21 - [TEST_STEP][PASSED] - setValueToCellByIndex(sheet01, n, 2, typeOfData): null

16-10-2024T09:18:21 - [TEST_STEP][PASSED] - if (typeOfData == "Факт в процентах" || typeOfData == "План в процентах"): null

16-10-2024T09:18:21 - [TEST_STEP][PASSED] - else: null

16-10-2024T09:18:21 - [TEST_STEP][PASSED] - setValueToCellByIndex(sheet01, n, 3, fileInt): null

16-10-2024T09:18:21 - [TEST_STEP][PASSED] - setValueToCellByIndex(sheet01, n, 4, pageInt): null

16-10-2024T09:18:21 - [TEST_STEP][PASSED] - setValueToCellByIndex(sheet01, n, 5, m): null

16-10-2024T09:18:21 - [TEST_STEP][PASSED] - setValueToCellByIndex(sheet01, n, 6, y): null

16-10-2024T09:18:21 - [TEST_STEP][PASSED] - setValueToCellByIndex(sheet01, n, 7, todaysDate): null

16-10-2024T09:18:21 - [TEST_STEP][PASSED] - n = n + 1: null

16-10-2024T09:18:21 - [TEST_STEP][PASSED] - saveWorkbook(excelFilePath, workbook01): null

16-10-2024T09:18:21 - [TEST_STEP][PASSED] - if (planFact == 2): null

16-10-2024T09:18:21 - [TEST_STEP][PASSED] - if (planFact == 1): null

16-10-2024T09:18:21 - [TEST_STEP][PASSED] - else if (planFact == 2): null

16-10-2024T09:18:21 - [TEST_STEP][PASSED] - click(findTestObject("Выполнение бизнес-плана/Кнопка План")): Object: 'Object Repository/Выполнение бизнес-плана/Кнопка План' is clicked on

16-10-2024T09:18:21 - [MESSAGE][PASSED] - Object: 'Object Repository/Выполнение бизнес-плана/Кнопка План' is clicked on

16-10-2024T09:18:21 - [TEST_STEP][PASSED] - typeOfDataMain = "План": null

16-10-2024T09:18:21 - [TEST_STEP][PASSED] - otpusk = findTestData("PlanFact").getValue(2, a): null

16-10-2024T09:18:21 - [TEST_STEP][PASSED] - poteri = findTestData("PlanFact").getValue(3, a): null

16-10-2024T09:18:21 - [TEST_STEP][PASSED] - otpusk = otpusk.replaceAll("\s+", ""): null

16-10-2024T09:18:21 - [TEST_STEP][PASSED] - poteri = poteri.replaceAll("\s+", ""): null

16-10-2024T09:18:21 - [TEST_STEP][PASSED] - typeOfData = typeOfDataMain + " Отпуск в сеть": null

16-10-2024T09:18:21 - [TEST_STEP][PASSED] - if (a == 82): null

16-10-2024T09:18:21 - [TEST_STEP][PASSED] - else if (a == 84): null

16-10-2024T09:18:21 - [TEST_STEP][PASSED] - else if (a == 52 || a == 72 || a == 28 || a == 73 || a == 77 || a == 74 || a == 65 || a == 36 || a == 44 || a == 53 || a == 80 || a == 54 || a == 1 || a == 18 || a == 59 || a == 81): null

16-10-2024T09:18:21 - [TEST_STEP][PASSED] - else: null

16-10-2024T09:18:21 - [TEST_STEP][PASSED] - path = dataFolder + typeOfData + " за отчётный период " + b: null

16-10-2024T09:18:21 - [TEST_STEP][PASSED] - println(path): null

16-10-2024T09:18:21 - [TEST_STEP][PASSED] - page = getText(findTestObject(path)): Text of object 'Object Repository/Выполнение бизнес-плана/Значения со страницы Выполнение бизнес-плана/План Отпуск в сеть за отчётный период Ярославская электросетевая компания' is: '165 814'

16-10-2024T09:18:22 - [MESSAGE][PASSED] - Text of object 'Object Repository/Выполнение бизнес-плана/Значения со страницы Выполнение бизнес-плана/План Отпуск в сеть за отчётный период Ярославская электросетевая компания' is: '165 814'

16-10-2024T09:18:22 - [TEST_STEP][PASSED] - page = page.replaceAll("\s+", ""): null

16-10-2024T09:18:22 - [TEST_STEP][PASSED] - fileOtpuskVSet = otpusk.toInteger(): null

16-10-2024T09:18:22 - [TEST_STEP][PASSED] - pageOtpuskVSet = page.toInteger(): null

16-10-2024T09:18:22 - [TEST_STEP][PASSED] - typeOfData = typeOfDataMain + " Потери": null

16-10-2024T09:18:22 - [TEST_STEP][PASSED] - if (a == 82): null

16-10-2024T09:18:22 - [TEST_STEP][PASSED] - else if (a == 84): null

16-10-2024T09:18:22 - [TEST_STEP][PASSED] - else if (a == 52 || a == 72 || a == 28 || a == 73 || a == 77 || a == 74 || a == 65 || a == 36 || a == 44 || a == 53 || a == 80 || a == 54 || a == 1 || a == 18 || a == 59 || a == 81): null

16-10-2024T09:18:22 - [TEST_STEP][PASSED] - else: null

16-10-2024T09:18:22 - [TEST_STEP][PASSED] - path = dataFolder + typeOfData + " за отчётный период " + b: null

16-10-2024T09:18:22 - [TEST_STEP][PASSED] - page = getText(findTestObject(path)): Text of object 'Object Repository/Выполнение бизнес-плана/Значения со страницы Выполнение бизнес-плана/План Потери за отчётный период Ярославская электросетевая компания' is: '16 440'

16-10-2024T09:18:22 - [MESSAGE][PASSED] - Text of object 'Object Repository/Выполнение бизнес-плана/Значения со страницы Выполнение бизнес-плана/План Потери за отчётный период Ярославская электросетевая компания' is: '16 440'

16-10-2024T09:18:22 - [TEST_STEP][PASSED] - page = page.replaceAll("\s+", ""): null

16-10-2024T09:18:22 - [TEST_STEP][PASSED] - filePoteri = poteri.toInteger(): null

16-10-2024T09:18:22 - [TEST_STEP][PASSED] - pagePoteri = page.toInteger(): null

16-10-2024T09:18:22 - [TEST_STEP][PASSED] - compare = pageOtpuskVSet: null

16-10-2024T09:18:22 - [TEST_STEP][PASSED] - if (compare == fileOtpuskVSet): null

16-10-2024T09:18:22 - [TEST_STEP][PASSED] - else if (compare > fileOtpuskVSet): null

16-10-2024T09:18:22 - [TEST_STEP][PASSED] - compare = compare - 1: null

16-10-2024T09:18:22 - [TEST_STEP][PASSED] - if (compare == fileOtpuskVSet): null

16-10-2024T09:18:22 - [TEST_STEP][PASSED] - else: null

16-10-2024T09:18:22 - [TEST_STEP][PASSED] - numberOfErrors = numberOfErrors + 1: null

16-10-2024T09:18:22 - [TEST_STEP][PASSED] - pageInt = pageOtpuskVSet: null

16-10-2024T09:18:22 - [TEST_STEP][PASSED] - fileInt = fileOtpuskVSet: null

16-10-2024T09:18:22 - [TEST_STEP][PASSED] - typeOfData = typeOfDataMain + " Отпуск в сеть": null

16-10-2024T09:18:22 - [TEST_STEP][PASSED] - Script1718980020443.WriteToExcel(a, typeOfData, todaysDate, pageInt, fileInt, pageDouble, fileDouble, dZO): null

16-10-2024T09:18:22 - [TEST_STEP][PASSED] - sheetName = "Sheet1": null

16-10-2024T09:18:22 - [TEST_STEP][PASSED] - data = findTestData("PlanFact"): null

16-10-2024T09:18:22 - [TEST_STEP][PASSED] - n = data.getRowNumbers() + 1: null

16-10-2024T09:18:22 - [TEST_STEP][PASSED] - year = todaysDate.substring(todaysDate.length() - 4, todaysDate.length()): null

16-10-2024T09:18:22 - [TEST_STEP][PASSED] - y = year.toInteger(): null

16-10-2024T09:18:22 - [TEST_STEP][PASSED] - m = getText(findTestObject("Выполнение бизнес-плана/Период")): Text of object 'Object Repository/Выполнение бизнес-плана/Период' is: '1, 2 кв., Июль, Август 2024 года'

16-10-2024T09:18:22 - [MESSAGE][PASSED] - Text of object 'Object Repository/Выполнение бизнес-плана/Период' is: '1, 2 кв., Июль, Август 2024 года'

16-10-2024T09:18:22 - [TEST_STEP][PASSED] - m = m.substring(0, m.indexOf("2024")): null

16-10-2024T09:18:22 - [TEST_STEP][PASSED] - m = m.trim(): null

16-10-2024T09:18:22 - [TEST_STEP][PASSED] - dashboardName = "Выполнение бизнес-плана": null

16-10-2024T09:18:22 - [TEST_STEP][PASSED] - workbook01 = getWorkbook(excelFilePath): null

16-10-2024T09:18:22 - [TEST_STEP][PASSED] - sheet01 = getExcelSheet(workbook01, sheetName): null

16-10-2024T09:18:22 - [TEST_STEP][PASSED] - setValueToCellByIndex(sheet01, n, 0, dashboardName): null

16-10-2024T09:18:22 - [TEST_STEP][PASSED] - setValueToCellByIndex(sheet01, n, 1, dZO): null

16-10-2024T09:18:22 - [TEST_STEP][PASSED] - setValueToCellByIndex(sheet01, n, 2, typeOfData): null

16-10-2024T09:18:22 - [TEST_STEP][PASSED] - if (typeOfData == "Факт в процентах" || typeOfData == "План в процентах"): null

16-10-2024T09:18:22 - [TEST_STEP][PASSED] - else: null

16-10-2024T09:18:22 - [TEST_STEP][PASSED] - setValueToCellByIndex(sheet01, n, 3, fileInt): null

16-10-2024T09:18:22 - [TEST_STEP][PASSED] - setValueToCellByIndex(sheet01, n, 4, pageInt): null

16-10-2024T09:18:22 - [TEST_STEP][PASSED] - setValueToCellByIndex(sheet01, n, 5, m): null

16-10-2024T09:18:22 - [TEST_STEP][PASSED] - setValueToCellByIndex(sheet01, n, 6, y): null

16-10-2024T09:18:22 - [TEST_STEP][PASSED] - setValueToCellByIndex(sheet01, n, 7, todaysDate): null

16-10-2024T09:18:22 - [TEST_STEP][PASSED] - n = n + 1: null

16-10-2024T09:18:22 - [TEST_STEP][PASSED] - saveWorkbook(excelFilePath, workbook01): null

16-10-2024T09:18:22 - [TEST_STEP][PASSED] - compare = pagePoteri: null

16-10-2024T09:18:22 - [TEST_STEP][PASSED] - if (compare == filePoteri): null

16-10-2024T09:18:22 - [TEST_STEP][PASSED] - else if (compare > filePoteri): null

16-10-2024T09:18:22 - [TEST_STEP][PASSED] - compare = compare - 1: null

16-10-2024T09:18:22 - [TEST_STEP][PASSED] - if (compare == filePoteri): null

16-10-2024T09:18:22 - [TEST_STEP][PASSED] - else: null

16-10-2024T09:18:22 - [TEST_STEP][PASSED] - numberOfErrors = numberOfErrors + 1: null

16-10-2024T09:18:22 - [TEST_STEP][PASSED] - pageInt = pagePoteri: null

16-10-2024T09:18:22 - [TEST_STEP][PASSED] - fileInt = filePoteri: null

16-10-2024T09:18:22 - [TEST_STEP][PASSED] - typeOfData = typeOfDataMain + " Потери": null

16-10-2024T09:18:22 - [TEST_STEP][PASSED] - Script1718980020443.WriteToExcel(a, typeOfData, todaysDate, pageInt, fileInt, pageDouble, fileDouble, dZO): null

16-10-2024T09:18:22 - [TEST_STEP][PASSED] - sheetName = "Sheet1": null

16-10-2024T09:18:22 - [TEST_STEP][PASSED] - data = findTestData("PlanFact"): null

16-10-2024T09:18:23 - [TEST_STEP][PASSED] - n = data.getRowNumbers() + 1: null

16-10-2024T09:18:23 - [TEST_STEP][PASSED] - year = todaysDate.substring(todaysDate.length() - 4, todaysDate.length()): null

16-10-2024T09:18:23 - [TEST_STEP][PASSED] - y = year.toInteger(): null

16-10-2024T09:18:23 - [TEST_STEP][PASSED] - m = getText(findTestObject("Выполнение бизнес-плана/Период")): Text of object 'Object Repository/Выполнение бизнес-плана/Период' is: '1, 2 кв., Июль, Август 2024 года'

16-10-2024T09:18:23 - [MESSAGE][PASSED] - Text of object 'Object Repository/Выполнение бизнес-плана/Период' is: '1, 2 кв., Июль, Август 2024 года'

16-10-2024T09:18:23 - [TEST_STEP][PASSED] - m = m.substring(0, m.indexOf("2024")): null

16-10-2024T09:18:23 - [TEST_STEP][PASSED] - m = m.trim(): null

16-10-2024T09:18:23 - [TEST_STEP][PASSED] - dashboardName = "Выполнение бизнес-плана": null

16-10-2024T09:18:23 - [TEST_STEP][PASSED] - workbook01 = getWorkbook(excelFilePath): null

16-10-2024T09:18:23 - [TEST_STEP][PASSED] - sheet01 = getExcelSheet(workbook01, sheetName): null

16-10-2024T09:18:23 - [TEST_STEP][PASSED] - setValueToCellByIndex(sheet01, n, 0, dashboardName): null

16-10-2024T09:18:23 - [TEST_STEP][PASSED] - setValueToCellByIndex(sheet01, n, 1, dZO): null

16-10-2024T09:18:23 - [TEST_STEP][PASSED] - setValueToCellByIndex(sheet01, n, 2, typeOfData): null

16-10-2024T09:18:23 - [TEST_STEP][PASSED] - if (typeOfData == "Факт в процентах" || typeOfData == "План в процентах"): null

16-10-2024T09:18:23 - [TEST_STEP][PASSED] - else: null

16-10-2024T09:18:23 - [TEST_STEP][PASSED] - setValueToCellByIndex(sheet01, n, 3, fileInt): null

16-10-2024T09:18:23 - [TEST_STEP][PASSED] - setValueToCellByIndex(sheet01, n, 4, pageInt): null

16-10-2024T09:18:23 - [TEST_STEP][PASSED] - setValueToCellByIndex(sheet01, n, 5, m): null

16-10-2024T09:18:23 - [TEST_STEP][PASSED] - setValueToCellByIndex(sheet01, n, 6, y): null

16-10-2024T09:18:23 - [TEST_STEP][PASSED] - setValueToCellByIndex(sheet01, n, 7, todaysDate): null

16-10-2024T09:18:23 - [TEST_STEP][PASSED] - n = n + 1: null

16-10-2024T09:18:23 - [TEST_STEP][PASSED] - saveWorkbook(excelFilePath, workbook01): Object: 'Object Repository/Выполнение бизнес-плана/Кнопка Факт' is clicked on

16-10-2024T09:18:23 - [TEST_STEP][PASSED] - if (planFact == 2): Object: 'Object Repository/Выполнение бизнес-плана/Кнопка Факт' is clicked on

16-10-2024T09:18:23 - [TEST_STEP][PASSED] - click(findTestObject("Выполнение бизнес-плана/Кнопка Факт")): Object: 'Object Repository/Выполнение бизнес-плана/Кнопка Факт' is clicked on

16-10-2024T09:18:23 - [MESSAGE][PASSED] - Object: 'Object Repository/Выполнение бизнес-плана/Кнопка Факт' is clicked on

16-10-2024T09:18:23 - [TEST_STEP][PASSED] - if (a == 84 || a == 82): null

16-10-2024T09:18:23 - [TEST_STEP][PASSED] - else if (a == 52 || a == 72 || a == 28 || a == 73 || a == 77 || a == 74 || a == 65 || a == 36 || a == 44 || a == 53 || a == 80 || a == 54 || a == 1 || a == 18 || a == 59 || a == 81): null

16-10-2024T09:18:23 - [TEST_STEP][PASSED] - else: null

16-10-2024T09:18:23 - [TEST_STEP][PASSED] - page1 = getText(findTestObject("Object Repository/Выполнение бизнес-плана/spanPlan" + filialNum)): Text of object 'Object Repository/Выполнение бизнес-плана/spanPlan3' is: '9.91
|'

16-10-2024T09:18:24 - [MESSAGE][PASSED] - Text of object 'Object Repository/Выполнение бизнес-плана/spanPlan3' is: '9.91
|'

16-10-2024T09:18:24 - [TEST_STEP][PASSED] - page1 = page1.replace("|", ""): null

16-10-2024T09:18:24 - [TEST_STEP][PASSED] - page2 = getText(findTestObject("Object Repository/Выполнение бизнес-плана/spanFact" + filialNum)): Text of object 'Object Repository/Выполнение бизнес-плана/spanFact3' is: '8.26
|'

16-10-2024T09:18:24 - [MESSAGE][PASSED] - Text of object 'Object Repository/Выполнение бизнес-плана/spanFact3' is: '8.26
|'

16-10-2024T09:18:24 - [TEST_STEP][PASSED] - page2 = page2.replace("|", ""): null

16-10-2024T09:18:24 - [TEST_STEP][PASSED] - println("page1: " + page1): null

16-10-2024T09:18:24 - [TEST_STEP][PASSED] - println("page2: " + page2): null

16-10-2024T09:18:24 - [TEST_STEP][PASSED] - file = findTestData("PlanFact").getValue(4, a): null

16-10-2024T09:18:24 - [TEST_STEP][PASSED] - file = file.replace(",", "."): null

16-10-2024T09:18:24 - [TEST_STEP][PASSED] - println("file Plan: " + file): null

16-10-2024T09:18:24 - [TEST_STEP][PASSED] - typeOfData = "План в процентах": null

16-10-2024T09:18:24 - [TEST_STEP][PASSED] - fileDouble = file.toDouble(): null

16-10-2024T09:18:24 - [TEST_STEP][PASSED] - pageDouble = page1.toDouble(): null

16-10-2024T09:18:24 - [TEST_STEP][PASSED] - if (fileDouble != pageDouble): null

16-10-2024T09:18:24 - [TEST_STEP][PASSED] - numberOfErrors = numberOfErrors + 1: null

16-10-2024T09:18:24 - [TEST_STEP][PASSED] - Script1718980020443.WriteToExcel(a, typeOfData, todaysDate, pageInt, fileInt, pageDouble, fileDouble, dZO): null

16-10-2024T09:18:24 - [TEST_STEP][PASSED] - sheetName = "Sheet1": null

16-10-2024T09:18:24 - [TEST_STEP][PASSED] - data = findTestData("PlanFact"): null

16-10-2024T09:18:24 - [TEST_STEP][PASSED] - n = data.getRowNumbers() + 1: null

16-10-2024T09:18:24 - [TEST_STEP][PASSED] - year = todaysDate.substring(todaysDate.length() - 4, todaysDate.length()): null

16-10-2024T09:18:24 - [TEST_STEP][PASSED] - y = year.toInteger(): null

16-10-2024T09:18:24 - [TEST_STEP][PASSED] - m = getText(findTestObject("Выполнение бизнес-плана/Период")): Text of object 'Object Repository/Выполнение бизнес-плана/Период' is: '1, 2 кв., Июль, Август 2024 года'

16-10-2024T09:18:24 - [MESSAGE][PASSED] - Text of object 'Object Repository/Выполнение бизнес-плана/Период' is: '1, 2 кв., Июль, Август 2024 года'

16-10-2024T09:18:24 - [TEST_STEP][PASSED] - m = m.substring(0, m.indexOf("2024")): null

16-10-2024T09:18:24 - [TEST_STEP][PASSED] - m = m.trim(): null

16-10-2024T09:18:24 - [TEST_STEP][PASSED] - dashboardName = "Выполнение бизнес-плана": null

16-10-2024T09:18:24 - [TEST_STEP][PASSED] - workbook01 = getWorkbook(excelFilePath): null

16-10-2024T09:18:25 - [TEST_STEP][PASSED] - sheet01 = getExcelSheet(workbook01, sheetName): null

16-10-2024T09:18:25 - [TEST_STEP][PASSED] - setValueToCellByIndex(sheet01, n, 0, dashboardName): null

16-10-2024T09:18:25 - [TEST_STEP][PASSED] - setValueToCellByIndex(sheet01, n, 1, dZO): null

16-10-2024T09:18:25 - [TEST_STEP][PASSED] - setValueToCellByIndex(sheet01, n, 2, typeOfData): null

16-10-2024T09:18:25 - [TEST_STEP][PASSED] - if (typeOfData == "Факт в процентах" || typeOfData == "План в процентах"): null

16-10-2024T09:18:25 - [TEST_STEP][PASSED] - setValueToCellByIndex(sheet01, n, 3, fileDouble): null

16-10-2024T09:18:25 - [TEST_STEP][PASSED] - setValueToCellByIndex(sheet01, n, 4, pageDouble): null

16-10-2024T09:18:25 - [TEST_STEP][PASSED] - setValueToCellByIndex(sheet01, n, 5, m): null

16-10-2024T09:18:25 - [TEST_STEP][PASSED] - setValueToCellByIndex(sheet01, n, 6, y): null

16-10-2024T09:18:25 - [TEST_STEP][PASSED] - setValueToCellByIndex(sheet01, n, 7, todaysDate): null

16-10-2024T09:18:25 - [TEST_STEP][PASSED] - n = n + 1: null

16-10-2024T09:18:25 - [TEST_STEP][PASSED] - saveWorkbook(excelFilePath, workbook01): null

16-10-2024T09:18:25 - [TEST_STEP][PASSED] - file = findTestData("PlanFact").getValue(7, a): null

16-10-2024T09:18:25 - [TEST_STEP][PASSED] - file = file.replace(",", "."): null

16-10-2024T09:18:25 - [TEST_STEP][PASSED] - println("file Fact: " + file): null

16-10-2024T09:18:25 - [TEST_STEP][PASSED] - fileDouble = file.toDouble(): null

16-10-2024T09:18:25 - [TEST_STEP][PASSED] - typeOfData = "Факт в процентах": null

16-10-2024T09:18:25 - [TEST_STEP][PASSED] - fileDouble = file.toDouble(): null

16-10-2024T09:18:25 - [TEST_STEP][PASSED] - pageDouble = page2.toDouble(): null

16-10-2024T09:18:25 - [TEST_STEP][PASSED] - if (fileDouble != pageDouble): null

16-10-2024T09:18:25 - [TEST_STEP][PASSED] - numberOfErrors = numberOfErrors + 1: null

16-10-2024T09:18:25 - [TEST_STEP][PASSED] - Script1718980020443.WriteToExcel(a, typeOfData, todaysDate, pageInt, fileInt, pageDouble, fileDouble, dZO): null

16-10-2024T09:18:25 - [TEST_STEP][PASSED] - sheetName = "Sheet1": null

16-10-2024T09:18:25 - [TEST_STEP][PASSED] - data = findTestData("PlanFact"): null

16-10-2024T09:18:25 - [TEST_STEP][PASSED] - n = data.getRowNumbers() + 1: null

16-10-2024T09:18:25 - [TEST_STEP][PASSED] - year = todaysDate.substring(todaysDate.length() - 4, todaysDate.length()): null

16-10-2024T09:18:25 - [TEST_STEP][PASSED] - y = year.toInteger(): null

16-10-2024T09:18:25 - [TEST_STEP][PASSED] - m = getText(findTestObject("Выполнение бизнес-плана/Период")): Text of object 'Object Repository/Выполнение бизнес-плана/Период' is: '1, 2 кв., Июль, Август 2024 года'

16-10-2024T09:18:25 - [MESSAGE][PASSED] - Text of object 'Object Repository/Выполнение бизнес-плана/Период' is: '1, 2 кв., Июль, Август 2024 года'

16-10-2024T09:18:25 - [TEST_STEP][PASSED] - m = m.substring(0, m.indexOf("2024")): null

16-10-2024T09:18:25 - [TEST_STEP][PASSED] - m = m.trim(): null

16-10-2024T09:18:25 - [TEST_STEP][PASSED] - dashboardName = "Выполнение бизнес-плана": null

16-10-2024T09:18:25 - [TEST_STEP][PASSED] - workbook01 = getWorkbook(excelFilePath): null

16-10-2024T09:18:25 - [TEST_STEP][PASSED] - sheet01 = getExcelSheet(workbook01, sheetName): null

16-10-2024T09:18:25 - [TEST_STEP][PASSED] - setValueToCellByIndex(sheet01, n, 0, dashboardName): null

16-10-2024T09:18:25 - [TEST_STEP][PASSED] - setValueToCellByIndex(sheet01, n, 1, dZO): null

16-10-2024T09:18:25 - [TEST_STEP][PASSED] - setValueToCellByIndex(sheet01, n, 2, typeOfData): null

16-10-2024T09:18:25 - [TEST_STEP][PASSED] - if (typeOfData == "Факт в процентах" || typeOfData == "План в процентах"): null

16-10-2024T09:18:25 - [TEST_STEP][PASSED] - setValueToCellByIndex(sheet01, n, 3, fileDouble): null

16-10-2024T09:18:25 - [TEST_STEP][PASSED] - setValueToCellByIndex(sheet01, n, 4, pageDouble): null

16-10-2024T09:18:25 - [TEST_STEP][PASSED] - setValueToCellByIndex(sheet01, n, 5, m): null

16-10-2024T09:18:25 - [TEST_STEP][PASSED] - setValueToCellByIndex(sheet01, n, 6, y): null

16-10-2024T09:18:25 - [TEST_STEP][PASSED] - setValueToCellByIndex(sheet01, n, 7, todaysDate): null

16-10-2024T09:18:25 - [TEST_STEP][PASSED] - n = n + 1: null

16-10-2024T09:18:25 - [TEST_STEP][PASSED] - saveWorkbook(excelFilePath, workbook01): null

16-10-2024T09:18:26 - [TEST_STEP][FAILED] - if (verifyEqual(numberOfErrors, 0) == false): null

16-10-2024T09:18:26 - [MESSAGE][FAILED] - Unable to verify equal between actual object '6' and expected object '0' (Root cause: com.kms.katalon.core.exception.StepFailedException: Actual object '6' and expected object '0' are not equal
	at com.kms.katalon.core.keyword.builtin.VerifyEqualKeyword$_verifyEqual_closure1.doCall(VerifyEqualKeyword.groovy:58)
	at com.kms.katalon.core.keyword.builtin.VerifyEqualKeyword$_verifyEqual_closure1.call(VerifyEqualKeyword.groovy)
	at com.kms.katalon.core.keyword.internal.KeywordMain.runKeyword(KeywordMain.groovy:75)
	at com.kms.katalon.core.keyword.builtin.VerifyEqualKeyword.verifyEqual(VerifyEqualKeyword.groovy:63)
	at com.kms.katalon.core.keyword.builtin.VerifyEqualKeyword.execute(VerifyEqualKeyword.groovy:44)
	at com.kms.katalon.core.keyword.internal.KeywordExecutor.executeKeywordForPlatform(KeywordExecutor.groovy:74)
	at com.kms.katalon.core.keyword.BuiltinKeywords.verifyEqual(BuiltinKeywords.groovy:146)
	at jdk.internal.reflect.GeneratedMethodAccessor25.invoke(Unknown Source)
	at java.base/jdk.internal.reflect.DelegatingMethodAccessorImpl.invoke(DelegatingMethodAccessorImpl.java:43)
	at Выполнение бизнес-плана Сверка ПАО Россети все филиалы.Numbers(Выполнение бизнес-плана Сверка ПАО Россети все филиалы:749)
	at Выполнение бизнес-плана Сверка ПАО Россети все филиалы.Filials(Выполнение бизнес-плана Сверка ПАО Россети все филиалы:1188)
	at Выполнение бизнес-плана Сверка ПАО Россети все филиалы.Numbers(Выполнение бизнес-плана Сверка ПАО Россети все филиалы:754)
	at Выполнение бизнес-плана Сверка ПАО Россети все филиалы.run(Выполнение бизнес-плана Сверка ПАО Россети все филиалы:397)
	at com.kms.katalon.core.main.ScriptEngine.run(ScriptEngine.java:194)
	at com.kms.katalon.core.main.ScriptEngine.runScriptAsRawText(ScriptEngine.java:119)
	at com.kms.katalon.core.main.TestCaseExecutor.runScript(TestCaseExecutor.java:448)
	at com.kms.katalon.core.main.TestCaseExecutor.doExecute(TestCaseExecutor.java:439)
	at com.kms.katalon.core.main.TestCaseExecutor.processExecutionPhase(TestCaseExecutor.java:418)
	at com.kms.katalon.core.main.TestCaseExecutor.accessMainPhase(TestCaseExecutor.java:410)
	at com.kms.katalon.core.main.TestCaseExecutor.execute(TestCaseExecutor.java:285)
	at com.kms.katalon.core.common.CommonExecutor.accessTestCaseMainPhase(CommonExecutor.java:65)
	at com.kms.katalon.core.main.TestSuiteExecutor.accessTestSuiteMainPhase(TestSuiteExecutor.java:150)
	at com.kms.katalon.core.main.TestSuiteExecutor.execute(TestSuiteExecutor.java:106)
	at com.kms.katalon.core.main.TestCaseMain.startTestSuite(TestCaseMain.java:180)
	at TempTestSuite1729057289574.run(TempTestSuite1729057289574.groovy:35)
	at java.base/jdk.internal.reflect.NativeMethodAccessorImpl.invoke0(Native Method)
	at java.base/jdk.internal.reflect.NativeMethodAccessorImpl.invoke(NativeMethodAccessorImpl.java:77)
	at java.base/jdk.internal.reflect.DelegatingMethodAccessorImpl.invoke(DelegatingMethodAccessorImpl.java:43)
)

16-10-2024T09:18:26 - [TEST_STEP][PASSED] - println(numberOfErrors): null

16-10-2024T09:18:26 - [TEST_STEP][PASSED] - if (a == 28 || a == 77 || a == 74 || a == 65 || a == 36 || a == 44 || a == 54 || a == 1 || a == 18 || a == 59): null

16-10-2024T09:18:26 - [TEST_STEP][PASSED] - if (a == 82): null

16-10-2024T09:18:26 - [TEST_STEP][PASSED] - dZO = "Белгородэнерго": null

16-10-2024T09:18:26 - [TEST_STEP][PASSED] - a = 2: null

16-10-2024T09:18:26 - [TEST_STEP][PASSED] - if (x2.contains(dZO)): null

16-10-2024T09:18:26 - [TEST_STEP][PASSED] - filialNum = filialNum + 1: null

16-10-2024T09:18:26 - [TEST_STEP][PASSED] - Script1718980020443.Numbers(a, typeOfData, todaysDate, pageInt, fileInt, pageDouble, fileDouble, dZO, dzoNum, filialNum): null

16-10-2024T09:18:26 - [TEST_STEP][PASSED] - println(dzoNum): null

16-10-2024T09:18:26 - [TEST_STEP][PASSED] - planFact = <not implemented yet for class: org.codehaus.groovy.ast.expr.EmptyExpression>: null

16-10-2024T09:18:26 - [TEST_STEP][PASSED] - page = <not implemented yet for class: org.codehaus.groovy.ast.expr.EmptyExpression>: null

16-10-2024T09:18:26 - [TEST_STEP][PASSED] - page1 = <not implemented yet for class: org.codehaus.groovy.ast.expr.EmptyExpression>: null

16-10-2024T09:18:26 - [TEST_STEP][PASSED] - page2 = <not implemented yet for class: org.codehaus.groovy.ast.expr.EmptyExpression>: null

16-10-2024T09:18:26 - [TEST_STEP][PASSED] - filialNumberInRow = <not implemented yet for class: org.codehaus.groovy.ast.expr.EmptyExpression>: null

16-10-2024T09:18:26 - [TEST_STEP][PASSED] - filialsDzoNames = <not implemented yet for class: org.codehaus.groovy.ast.expr.EmptyExpression>: null

16-10-2024T09:18:26 - [TEST_STEP][PASSED] - numberOfFilials = <not implemented yet for class: org.codehaus.groovy.ast.expr.EmptyExpression>: null

16-10-2024T09:18:26 - [TEST_STEP][PASSED] - numberOfSpaces = <not implemented yet for class: org.codehaus.groovy.ast.expr.EmptyExpression>: null

16-10-2024T09:18:26 - [TEST_STEP][PASSED] - file = <not implemented yet for class: org.codehaus.groovy.ast.expr.EmptyExpression>: null

16-10-2024T09:18:26 - [TEST_STEP][PASSED] - otpusk = <not implemented yet for class: org.codehaus.groovy.ast.expr.EmptyExpression>: null

16-10-2024T09:18:26 - [TEST_STEP][PASSED] - poteri = <not implemented yet for class: org.codehaus.groovy.ast.expr.EmptyExpression>: null

16-10-2024T09:18:26 - [TEST_STEP][PASSED] - dataFolder = "Выполнение бизнес-плана/Значения со страницы Выполнение бизнес-плана/": null

16-10-2024T09:18:26 - [TEST_STEP][PASSED] - path = <not implemented yet for class: org.codehaus.groovy.ast.expr.EmptyExpression>: null

16-10-2024T09:18:26 - [TEST_STEP][PASSED] - typeOfDataMain = <not implemented yet for class: org.codehaus.groovy.ast.expr.EmptyExpression>: null

16-10-2024T09:18:26 - [TEST_STEP][PASSED] - fileOtpuskVSet = <not implemented yet for class: org.codehaus.groovy.ast.expr.EmptyExpression>: null

16-10-2024T09:18:26 - [TEST_STEP][PASSED] - pageOtpuskVSet = <not implemented yet for class: org.codehaus.groovy.ast.expr.EmptyExpression>: null

16-10-2024T09:18:26 - [TEST_STEP][PASSED] - filePoteri = <not implemented yet for class: org.codehaus.groovy.ast.expr.EmptyExpression>: null

16-10-2024T09:18:26 - [TEST_STEP][PASSED] - pagePoteri = <not implemented yet for class: org.codehaus.groovy.ast.expr.EmptyExpression>: null

16-10-2024T09:18:26 - [TEST_STEP][PASSED] - compare = <not implemented yet for class: org.codehaus.groovy.ast.expr.EmptyExpression>: null

16-10-2024T09:18:26 - [TEST_STEP][PASSED] - b = <not implemented yet for class: org.codehaus.groovy.ast.expr.EmptyExpression>: null

16-10-2024T09:18:26 - [TEST_STEP][PASSED] - i = <not implemented yet for class: org.codehaus.groovy.ast.expr.EmptyExpression>: null

16-10-2024T09:18:26 - [TEST_STEP][PASSED] - ii = <not implemented yet for class: org.codehaus.groovy.ast.expr.EmptyExpression>: null

16-10-2024T09:18:26 - [TEST_STEP][PASSED] - c = <not implemented yet for class: org.codehaus.groovy.ast.expr.EmptyExpression>: null

16-10-2024T09:18:26 - [TEST_STEP][PASSED] - numberOfErrors = 0: null

16-10-2024T09:18:26 - [TEST_STEP][PASSED] - if (a == 82): null

16-10-2024T09:18:26 - [TEST_STEP][PASSED] - b = findTestData("PlanFact").getValue(1, a): null

16-10-2024T09:18:26 - [TEST_STEP][PASSED] - i = b.indexOf(" (ГК)"): null

16-10-2024T09:18:26 - [TEST_STEP][PASSED] - if (i > -1): null

16-10-2024T09:18:26 - [TEST_STEP][PASSED] - i = b.indexOf("О ""): null

16-10-2024T09:18:26 - [TEST_STEP][PASSED] - if (i > -1): null

16-10-2024T09:18:26 - [TEST_STEP][PASSED] - i = b.indexOf("О «"): null

16-10-2024T09:18:26 - [TEST_STEP][PASSED] - if (i > -1): null

16-10-2024T09:18:26 - [TEST_STEP][PASSED] - i = b.indexOf("г. "): null

16-10-2024T09:18:26 - [TEST_STEP][PASSED] - if (i > -1): null

16-10-2024T09:18:26 - [TEST_STEP][PASSED] - println(b): null

16-10-2024T09:18:26 - [TEST_STEP][PASSED] - for ([planFact = 1, planFact < 3, (planFact++)]): null

16-10-2024T09:18:26 - [TEST_STEP][PASSED] - if (planFact == 1): null

16-10-2024T09:18:26 - [TEST_STEP][PASSED] - typeOfDataMain = "Факт": null

16-10-2024T09:18:26 - [TEST_STEP][PASSED] - otpusk = findTestData("PlanFact").getValue(5, a): null

16-10-2024T09:18:26 - [TEST_STEP][PASSED] - poteri = findTestData("PlanFact").getValue(6, a): null

16-10-2024T09:18:26 - [TEST_STEP][PASSED] - otpusk = otpusk.replaceAll("\s+", ""): null

16-10-2024T09:18:26 - [TEST_STEP][PASSED] - poteri = poteri.replaceAll("\s+", ""): null

16-10-2024T09:18:26 - [TEST_STEP][PASSED] - typeOfData = typeOfDataMain + " Отпуск в сеть": null

16-10-2024T09:18:26 - [TEST_STEP][PASSED] - if (a == 82): null

16-10-2024T09:18:26 - [TEST_STEP][PASSED] - else if (a == 84): null

16-10-2024T09:18:26 - [TEST_STEP][PASSED] - else if (a == 52 || a == 72 || a == 28 || a == 73 || a == 77 || a == 74 || a == 65 || a == 36 || a == 44 || a == 53 || a == 80 || a == 54 || a == 1 || a == 18 || a == 59 || a == 81): null

16-10-2024T09:18:26 - [TEST_STEP][PASSED] - else: null

16-10-2024T09:18:26 - [TEST_STEP][PASSED] - path = dataFolder + typeOfData + " за отчётный период " + b: null

16-10-2024T09:18:26 - [TEST_STEP][PASSED] - println(path): null

16-10-2024T09:18:26 - [TEST_STEP][PASSED] - page = getText(findTestObject(path)): Text of object 'Object Repository/Выполнение бизнес-плана/Значения со страницы Выполнение бизнес-плана/Факт Отпуск в сеть за отчётный период Белгородэнерго' is: '4 656 591'

16-10-2024T09:18:26 - [MESSAGE][PASSED] - Text of object 'Object Repository/Выполнение бизнес-плана/Значения со страницы Выполнение бизнес-плана/Факт Отпуск в сеть за отчётный период Белгородэнерго' is: '4 656 591'

16-10-2024T09:18:26 - [TEST_STEP][PASSED] - page = page.replaceAll("\s+", ""): null

16-10-2024T09:18:26 - [TEST_STEP][PASSED] - fileOtpuskVSet = otpusk.toInteger(): null

16-10-2024T09:18:26 - [TEST_STEP][PASSED] - pageOtpuskVSet = page.toInteger(): null

16-10-2024T09:18:26 - [TEST_STEP][PASSED] - typeOfData = typeOfDataMain + " Потери": null

16-10-2024T09:18:26 - [TEST_STEP][PASSED] - if (a == 82): null

16-10-2024T09:18:26 - [TEST_STEP][PASSED] - else if (a == 84): null

16-10-2024T09:18:26 - [TEST_STEP][PASSED] - else if (a == 52 || a == 72 || a == 28 || a == 73 || a == 77 || a == 74 || a == 65 || a == 36 || a == 44 || a == 53 || a == 80 || a == 54 || a == 1 || a == 18 || a == 59 || a == 81): null

16-10-2024T09:18:26 - [TEST_STEP][PASSED] - else: null

16-10-2024T09:18:26 - [TEST_STEP][PASSED] - path = dataFolder + typeOfData + " за отчётный период " + b: null

16-10-2024T09:18:26 - [TEST_STEP][PASSED] - page = getText(findTestObject(path)): Text of object 'Object Repository/Выполнение бизнес-плана/Значения со страницы Выполнение бизнес-плана/Факт Потери за отчётный период Белгородэнерго' is: '446 590'

16-10-2024T09:18:26 - [MESSAGE][PASSED] - Text of object 'Object Repository/Выполнение бизнес-плана/Значения со страницы Выполнение бизнес-плана/Факт Потери за отчётный период Белгородэнерго' is: '446 590'

16-10-2024T09:18:26 - [TEST_STEP][PASSED] - page = page.replaceAll("\s+", ""): null

16-10-2024T09:18:26 - [TEST_STEP][PASSED] - filePoteri = poteri.toInteger(): null

16-10-2024T09:18:26 - [TEST_STEP][PASSED] - pagePoteri = page.toInteger(): null

16-10-2024T09:18:26 - [TEST_STEP][PASSED] - compare = pageOtpuskVSet: null

16-10-2024T09:18:26 - [TEST_STEP][PASSED] - if (compare == fileOtpuskVSet): null

16-10-2024T09:18:26 - [TEST_STEP][PASSED] - else if (compare > fileOtpuskVSet): null

16-10-2024T09:18:26 - [TEST_STEP][PASSED] - compare = compare - 1: null

16-10-2024T09:18:26 - [TEST_STEP][PASSED] - if (compare == fileOtpuskVSet): null

16-10-2024T09:18:26 - [TEST_STEP][PASSED] - else: null

16-10-2024T09:18:26 - [TEST_STEP][PASSED] - numberOfErrors = numberOfErrors + 1: null

16-10-2024T09:18:26 - [TEST_STEP][PASSED] - pageInt = pageOtpuskVSet: null

16-10-2024T09:18:26 - [TEST_STEP][PASSED] - fileInt = fileOtpuskVSet: null

16-10-2024T09:18:26 - [TEST_STEP][PASSED] - typeOfData = typeOfDataMain + " Отпуск в сеть": null

16-10-2024T09:18:26 - [TEST_STEP][PASSED] - Script1718980020443.WriteToExcel(a, typeOfData, todaysDate, pageInt, fileInt, pageDouble, fileDouble, dZO): null

16-10-2024T09:18:26 - [TEST_STEP][PASSED] - sheetName = "Sheet1": null

16-10-2024T09:18:26 - [TEST_STEP][PASSED] - data = findTestData("PlanFact"): null

16-10-2024T09:18:26 - [TEST_STEP][PASSED] - n = data.getRowNumbers() + 1: null

16-10-2024T09:18:26 - [TEST_STEP][PASSED] - year = todaysDate.substring(todaysDate.length() - 4, todaysDate.length()): null

16-10-2024T09:18:26 - [TEST_STEP][PASSED] - y = year.toInteger(): null

16-10-2024T09:18:26 - [TEST_STEP][PASSED] - m = getText(findTestObject("Выполнение бизнес-плана/Период")): Text of object 'Object Repository/Выполнение бизнес-плана/Период' is: '1, 2 кв., Июль, Август 2024 года'

16-10-2024T09:18:27 - [MESSAGE][PASSED] - Text of object 'Object Repository/Выполнение бизнес-плана/Период' is: '1, 2 кв., Июль, Август 2024 года'

16-10-2024T09:18:27 - [TEST_STEP][PASSED] - m = m.substring(0, m.indexOf("2024")): null

16-10-2024T09:18:27 - [TEST_STEP][PASSED] - m = m.trim(): null

16-10-2024T09:18:27 - [TEST_STEP][PASSED] - dashboardName = "Выполнение бизнес-плана": null

16-10-2024T09:18:27 - [TEST_STEP][PASSED] - workbook01 = getWorkbook(excelFilePath): null

16-10-2024T09:18:27 - [TEST_STEP][PASSED] - sheet01 = getExcelSheet(workbook01, sheetName): null

16-10-2024T09:18:27 - [TEST_STEP][PASSED] - setValueToCellByIndex(sheet01, n, 0, dashboardName): null

16-10-2024T09:18:27 - [TEST_STEP][PASSED] - setValueToCellByIndex(sheet01, n, 1, dZO): null

16-10-2024T09:18:27 - [TEST_STEP][PASSED] - setValueToCellByIndex(sheet01, n, 2, typeOfData): null

16-10-2024T09:18:27 - [TEST_STEP][PASSED] - if (typeOfData == "Факт в процентах" || typeOfData == "План в процентах"): null

16-10-2024T09:18:27 - [TEST_STEP][PASSED] - else: null

16-10-2024T09:18:27 - [TEST_STEP][PASSED] - setValueToCellByIndex(sheet01, n, 3, fileInt): null

16-10-2024T09:18:27 - [TEST_STEP][PASSED] - setValueToCellByIndex(sheet01, n, 4, pageInt): null

16-10-2024T09:18:27 - [TEST_STEP][PASSED] - setValueToCellByIndex(sheet01, n, 5, m): null

16-10-2024T09:18:27 - [TEST_STEP][PASSED] - setValueToCellByIndex(sheet01, n, 6, y): null

16-10-2024T09:18:27 - [TEST_STEP][PASSED] - setValueToCellByIndex(sheet01, n, 7, todaysDate): null

16-10-2024T09:18:27 - [TEST_STEP][PASSED] - n = n + 1: null

16-10-2024T09:18:27 - [TEST_STEP][PASSED] - saveWorkbook(excelFilePath, workbook01): null

16-10-2024T09:18:27 - [TEST_STEP][PASSED] - compare = pagePoteri: null

16-10-2024T09:18:27 - [TEST_STEP][PASSED] - if (compare == filePoteri): null

16-10-2024T09:18:27 - [TEST_STEP][PASSED] - else if (compare > filePoteri): null

16-10-2024T09:18:27 - [TEST_STEP][PASSED] - compare = compare - 1: null

16-10-2024T09:18:27 - [TEST_STEP][PASSED] - if (compare == filePoteri): null

16-10-2024T09:18:27 - [TEST_STEP][PASSED] - else: null

16-10-2024T09:18:27 - [TEST_STEP][PASSED] - numberOfErrors = numberOfErrors + 1: null

16-10-2024T09:18:27 - [TEST_STEP][PASSED] - pageInt = pagePoteri: null

16-10-2024T09:18:27 - [TEST_STEP][PASSED] - fileInt = filePoteri: null

16-10-2024T09:18:27 - [TEST_STEP][PASSED] - typeOfData = typeOfDataMain + " Потери": null

16-10-2024T09:18:27 - [TEST_STEP][PASSED] - Script1718980020443.WriteToExcel(a, typeOfData, todaysDate, pageInt, fileInt, pageDouble, fileDouble, dZO): null

16-10-2024T09:18:27 - [TEST_STEP][PASSED] - sheetName = "Sheet1": null

16-10-2024T09:18:27 - [TEST_STEP][PASSED] - data = findTestData("PlanFact"): null

16-10-2024T09:18:27 - [TEST_STEP][PASSED] - n = data.getRowNumbers() + 1: null

16-10-2024T09:18:27 - [TEST_STEP][PASSED] - year = todaysDate.substring(todaysDate.length() - 4, todaysDate.length()): null

16-10-2024T09:18:27 - [TEST_STEP][PASSED] - y = year.toInteger(): null

16-10-2024T09:18:27 - [TEST_STEP][PASSED] - m = getText(findTestObject("Выполнение бизнес-плана/Период")): Text of object 'Object Repository/Выполнение бизнес-плана/Период' is: '1, 2 кв., Июль, Август 2024 года'

16-10-2024T09:18:27 - [MESSAGE][PASSED] - Text of object 'Object Repository/Выполнение бизнес-плана/Период' is: '1, 2 кв., Июль, Август 2024 года'

16-10-2024T09:18:27 - [TEST_STEP][PASSED] - m = m.substring(0, m.indexOf("2024")): null

16-10-2024T09:18:27 - [TEST_STEP][PASSED] - m = m.trim(): null

16-10-2024T09:18:27 - [TEST_STEP][PASSED] - dashboardName = "Выполнение бизнес-плана": null

16-10-2024T09:18:27 - [TEST_STEP][PASSED] - workbook01 = getWorkbook(excelFilePath): null

16-10-2024T09:18:27 - [TEST_STEP][PASSED] - sheet01 = getExcelSheet(workbook01, sheetName): null

16-10-2024T09:18:27 - [TEST_STEP][PASSED] - setValueToCellByIndex(sheet01, n, 0, dashboardName): null

16-10-2024T09:18:27 - [TEST_STEP][PASSED] - setValueToCellByIndex(sheet01, n, 1, dZO): null

16-10-2024T09:18:27 - [TEST_STEP][PASSED] - setValueToCellByIndex(sheet01, n, 2, typeOfData): null

16-10-2024T09:18:27 - [TEST_STEP][PASSED] - if (typeOfData == "Факт в процентах" || typeOfData == "План в процентах"): null

16-10-2024T09:18:27 - [TEST_STEP][PASSED] - else: null

16-10-2024T09:18:27 - [TEST_STEP][PASSED] - setValueToCellByIndex(sheet01, n, 3, fileInt): null

16-10-2024T09:18:27 - [TEST_STEP][PASSED] - setValueToCellByIndex(sheet01, n, 4, pageInt): null

16-10-2024T09:18:27 - [TEST_STEP][PASSED] - setValueToCellByIndex(sheet01, n, 5, m): null

16-10-2024T09:18:27 - [TEST_STEP][PASSED] - setValueToCellByIndex(sheet01, n, 6, y): null

16-10-2024T09:18:27 - [TEST_STEP][PASSED] - setValueToCellByIndex(sheet01, n, 7, todaysDate): null

16-10-2024T09:18:27 - [TEST_STEP][PASSED] - n = n + 1: null

16-10-2024T09:18:27 - [TEST_STEP][PASSED] - saveWorkbook(excelFilePath, workbook01): null

16-10-2024T09:18:28 - [TEST_STEP][PASSED] - if (planFact == 2): null

16-10-2024T09:18:28 - [TEST_STEP][PASSED] - if (planFact == 1): null

16-10-2024T09:18:28 - [TEST_STEP][PASSED] - else if (planFact == 2): null

16-10-2024T09:18:28 - [TEST_STEP][PASSED] - click(findTestObject("Выполнение бизнес-плана/Кнопка План")): Object: 'Object Repository/Выполнение бизнес-плана/Кнопка План' is clicked on

16-10-2024T09:18:28 - [MESSAGE][PASSED] - Object: 'Object Repository/Выполнение бизнес-плана/Кнопка План' is clicked on

16-10-2024T09:18:28 - [TEST_STEP][PASSED] - typeOfDataMain = "План": null

16-10-2024T09:18:28 - [TEST_STEP][PASSED] - otpusk = findTestData("PlanFact").getValue(2, a): null

16-10-2024T09:18:28 - [TEST_STEP][PASSED] - poteri = findTestData("PlanFact").getValue(3, a): null

16-10-2024T09:18:28 - [TEST_STEP][PASSED] - otpusk = otpusk.replaceAll("\s+", ""): null

16-10-2024T09:18:28 - [TEST_STEP][PASSED] - poteri = poteri.replaceAll("\s+", ""): null

16-10-2024T09:18:28 - [TEST_STEP][PASSED] - typeOfData = typeOfDataMain + " Отпуск в сеть": null

16-10-2024T09:18:28 - [TEST_STEP][PASSED] - if (a == 82): null

16-10-2024T09:18:28 - [TEST_STEP][PASSED] - else if (a == 84): null

16-10-2024T09:18:28 - [TEST_STEP][PASSED] - else if (a == 52 || a == 72 || a == 28 || a == 73 || a == 77 || a == 74 || a == 65 || a == 36 || a == 44 || a == 53 || a == 80 || a == 54 || a == 1 || a == 18 || a == 59 || a == 81): null

16-10-2024T09:18:28 - [TEST_STEP][PASSED] - else: null

16-10-2024T09:18:28 - [TEST_STEP][PASSED] - path = dataFolder + typeOfData + " за отчётный период " + b: null

16-10-2024T09:18:28 - [TEST_STEP][PASSED] - println(path): null

16-10-2024T09:18:28 - [TEST_STEP][PASSED] - page = getText(findTestObject(path)): Text of object 'Object Repository/Выполнение бизнес-плана/Значения со страницы Выполнение бизнес-плана/План Отпуск в сеть за отчётный период Белгородэнерго' is: '4 516 950'

16-10-2024T09:18:28 - [MESSAGE][PASSED] - Text of object 'Object Repository/Выполнение бизнес-плана/Значения со страницы Выполнение бизнес-плана/План Отпуск в сеть за отчётный период Белгородэнерго' is: '4 516 950'

16-10-2024T09:18:28 - [TEST_STEP][PASSED] - page = page.replaceAll("\s+", ""): null

16-10-2024T09:18:28 - [TEST_STEP][PASSED] - fileOtpuskVSet = otpusk.toInteger(): null

16-10-2024T09:18:28 - [TEST_STEP][PASSED] - pageOtpuskVSet = page.toInteger(): null

16-10-2024T09:18:28 - [TEST_STEP][PASSED] - typeOfData = typeOfDataMain + " Потери": null

16-10-2024T09:18:28 - [TEST_STEP][PASSED] - if (a == 82): null

16-10-2024T09:18:28 - [TEST_STEP][PASSED] - else if (a == 84): null

16-10-2024T09:18:28 - [TEST_STEP][PASSED] - else if (a == 52 || a == 72 || a == 28 || a == 73 || a == 77 || a == 74 || a == 65 || a == 36 || a == 44 || a == 53 || a == 80 || a == 54 || a == 1 || a == 18 || a == 59 || a == 81): null

16-10-2024T09:18:28 - [TEST_STEP][PASSED] - else: null

16-10-2024T09:18:28 - [TEST_STEP][PASSED] - path = dataFolder + typeOfData + " за отчётный период " + b: null

16-10-2024T09:18:28 - [TEST_STEP][PASSED] - page = getText(findTestObject(path)): Text of object 'Object Repository/Выполнение бизнес-плана/Значения со страницы Выполнение бизнес-плана/План Потери за отчётный период Белгородэнерго' is: '448 447'

16-10-2024T09:18:29 - [MESSAGE][PASSED] - Text of object 'Object Repository/Выполнение бизнес-плана/Значения со страницы Выполнение бизнес-плана/План Потери за отчётный период Белгородэнерго' is: '448 447'

16-10-2024T09:18:29 - [TEST_STEP][PASSED] - page = page.replaceAll("\s+", ""): null

16-10-2024T09:18:29 - [TEST_STEP][PASSED] - filePoteri = poteri.toInteger(): null

16-10-2024T09:18:29 - [TEST_STEP][PASSED] - pagePoteri = page.toInteger(): null

16-10-2024T09:18:29 - [TEST_STEP][PASSED] - compare = pageOtpuskVSet: null

16-10-2024T09:18:29 - [TEST_STEP][PASSED] - if (compare == fileOtpuskVSet): null

16-10-2024T09:18:29 - [TEST_STEP][PASSED] - else if (compare > fileOtpuskVSet): null

16-10-2024T09:18:29 - [TEST_STEP][PASSED] - compare = compare - 1: null

16-10-2024T09:18:29 - [TEST_STEP][PASSED] - if (compare == fileOtpuskVSet): null

16-10-2024T09:18:29 - [TEST_STEP][PASSED] - else: null

16-10-2024T09:18:29 - [TEST_STEP][PASSED] - numberOfErrors = numberOfErrors + 1: null

16-10-2024T09:18:29 - [TEST_STEP][PASSED] - pageInt = pageOtpuskVSet: null

16-10-2024T09:18:29 - [TEST_STEP][PASSED] - fileInt = fileOtpuskVSet: null

16-10-2024T09:18:29 - [TEST_STEP][PASSED] - typeOfData = typeOfDataMain + " Отпуск в сеть": null

16-10-2024T09:18:29 - [TEST_STEP][PASSED] - Script1718980020443.WriteToExcel(a, typeOfData, todaysDate, pageInt, fileInt, pageDouble, fileDouble, dZO): null

16-10-2024T09:18:29 - [TEST_STEP][PASSED] - sheetName = "Sheet1": null

16-10-2024T09:18:29 - [TEST_STEP][PASSED] - data = findTestData("PlanFact"): null

16-10-2024T09:18:29 - [TEST_STEP][PASSED] - n = data.getRowNumbers() + 1: null

16-10-2024T09:18:29 - [TEST_STEP][PASSED] - year = todaysDate.substring(todaysDate.length() - 4, todaysDate.length()): null

16-10-2024T09:18:29 - [TEST_STEP][PASSED] - y = year.toInteger(): null

16-10-2024T09:18:29 - [TEST_STEP][PASSED] - m = getText(findTestObject("Выполнение бизнес-плана/Период")): Text of object 'Object Repository/Выполнение бизнес-плана/Период' is: '1, 2 кв., Июль, Август 2024 года'

16-10-2024T09:18:29 - [MESSAGE][PASSED] - Text of object 'Object Repository/Выполнение бизнес-плана/Период' is: '1, 2 кв., Июль, Август 2024 года'

16-10-2024T09:18:29 - [TEST_STEP][PASSED] - m = m.substring(0, m.indexOf("2024")): null

16-10-2024T09:18:29 - [TEST_STEP][PASSED] - m = m.trim(): null

16-10-2024T09:18:29 - [TEST_STEP][PASSED] - dashboardName = "Выполнение бизнес-плана": null

16-10-2024T09:18:29 - [TEST_STEP][PASSED] - workbook01 = getWorkbook(excelFilePath): null

16-10-2024T09:18:29 - [TEST_STEP][PASSED] - sheet01 = getExcelSheet(workbook01, sheetName): null

16-10-2024T09:18:29 - [TEST_STEP][PASSED] - setValueToCellByIndex(sheet01, n, 0, dashboardName): null

16-10-2024T09:18:29 - [TEST_STEP][PASSED] - setValueToCellByIndex(sheet01, n, 1, dZO): null

16-10-2024T09:18:29 - [TEST_STEP][PASSED] - setValueToCellByIndex(sheet01, n, 2, typeOfData): null

16-10-2024T09:18:29 - [TEST_STEP][PASSED] - if (typeOfData == "Факт в процентах" || typeOfData == "План в процентах"): null

16-10-2024T09:18:29 - [TEST_STEP][PASSED] - else: null

16-10-2024T09:18:29 - [TEST_STEP][PASSED] - setValueToCellByIndex(sheet01, n, 3, fileInt): null

16-10-2024T09:18:29 - [TEST_STEP][PASSED] - setValueToCellByIndex(sheet01, n, 4, pageInt): null

16-10-2024T09:18:29 - [TEST_STEP][PASSED] - setValueToCellByIndex(sheet01, n, 5, m): null

16-10-2024T09:18:29 - [TEST_STEP][PASSED] - setValueToCellByIndex(sheet01, n, 6, y): null

16-10-2024T09:18:29 - [TEST_STEP][PASSED] - setValueToCellByIndex(sheet01, n, 7, todaysDate): null

16-10-2024T09:18:29 - [TEST_STEP][PASSED] - n = n + 1: null

16-10-2024T09:18:29 - [TEST_STEP][PASSED] - saveWorkbook(excelFilePath, workbook01): null

16-10-2024T09:18:29 - [TEST_STEP][PASSED] - compare = pagePoteri: null

16-10-2024T09:18:29 - [TEST_STEP][PASSED] - if (compare == filePoteri): null

16-10-2024T09:18:29 - [TEST_STEP][PASSED] - else if (compare > filePoteri): null

16-10-2024T09:18:29 - [TEST_STEP][PASSED] - compare = compare - 1: null

16-10-2024T09:18:29 - [TEST_STEP][PASSED] - if (compare == filePoteri): null

16-10-2024T09:18:29 - [TEST_STEP][PASSED] - else: null

16-10-2024T09:18:29 - [TEST_STEP][PASSED] - numberOfErrors = numberOfErrors + 1: null

16-10-2024T09:18:29 - [TEST_STEP][PASSED] - pageInt = pagePoteri: null

16-10-2024T09:18:29 - [TEST_STEP][PASSED] - fileInt = filePoteri: null

16-10-2024T09:18:29 - [TEST_STEP][PASSED] - typeOfData = typeOfDataMain + " Потери": null

16-10-2024T09:18:29 - [TEST_STEP][PASSED] - Script1718980020443.WriteToExcel(a, typeOfData, todaysDate, pageInt, fileInt, pageDouble, fileDouble, dZO): null

16-10-2024T09:18:29 - [TEST_STEP][PASSED] - sheetName = "Sheet1": null

16-10-2024T09:18:29 - [TEST_STEP][PASSED] - data = findTestData("PlanFact"): null

16-10-2024T09:18:29 - [TEST_STEP][PASSED] - n = data.getRowNumbers() + 1: null

16-10-2024T09:18:29 - [TEST_STEP][PASSED] - year = todaysDate.substring(todaysDate.length() - 4, todaysDate.length()): null

16-10-2024T09:18:29 - [TEST_STEP][PASSED] - y = year.toInteger(): null

16-10-2024T09:18:29 - [TEST_STEP][PASSED] - m = getText(findTestObject("Выполнение бизнес-плана/Период")): Text of object 'Object Repository/Выполнение бизнес-плана/Период' is: '1, 2 кв., Июль, Август 2024 года'

16-10-2024T09:18:30 - [MESSAGE][PASSED] - Text of object 'Object Repository/Выполнение бизнес-плана/Период' is: '1, 2 кв., Июль, Август 2024 года'

16-10-2024T09:18:30 - [TEST_STEP][PASSED] - m = m.substring(0, m.indexOf("2024")): null

16-10-2024T09:18:30 - [TEST_STEP][PASSED] - m = m.trim(): null

16-10-2024T09:18:30 - [TEST_STEP][PASSED] - dashboardName = "Выполнение бизнес-плана": null

16-10-2024T09:18:30 - [TEST_STEP][PASSED] - workbook01 = getWorkbook(excelFilePath): null

16-10-2024T09:18:30 - [TEST_STEP][PASSED] - sheet01 = getExcelSheet(workbook01, sheetName): null

16-10-2024T09:18:30 - [TEST_STEP][PASSED] - setValueToCellByIndex(sheet01, n, 0, dashboardName): null

16-10-2024T09:18:30 - [TEST_STEP][PASSED] - setValueToCellByIndex(sheet01, n, 1, dZO): null

16-10-2024T09:18:30 - [TEST_STEP][PASSED] - setValueToCellByIndex(sheet01, n, 2, typeOfData): null

16-10-2024T09:18:30 - [TEST_STEP][PASSED] - if (typeOfData == "Факт в процентах" || typeOfData == "План в процентах"): null

16-10-2024T09:18:30 - [TEST_STEP][PASSED] - else: null

16-10-2024T09:18:30 - [TEST_STEP][PASSED] - setValueToCellByIndex(sheet01, n, 3, fileInt): null

16-10-2024T09:18:30 - [TEST_STEP][PASSED] - setValueToCellByIndex(sheet01, n, 4, pageInt): null

16-10-2024T09:18:30 - [TEST_STEP][PASSED] - setValueToCellByIndex(sheet01, n, 5, m): null

16-10-2024T09:18:30 - [TEST_STEP][PASSED] - setValueToCellByIndex(sheet01, n, 6, y): null

16-10-2024T09:18:30 - [TEST_STEP][PASSED] - setValueToCellByIndex(sheet01, n, 7, todaysDate): null

16-10-2024T09:18:30 - [TEST_STEP][PASSED] - n = n + 1: null

16-10-2024T09:18:30 - [TEST_STEP][PASSED] - saveWorkbook(excelFilePath, workbook01): Object: 'Object Repository/Выполнение бизнес-плана/Кнопка Факт' is clicked on

16-10-2024T09:18:30 - [TEST_STEP][PASSED] - if (planFact == 2): Object: 'Object Repository/Выполнение бизнес-плана/Кнопка Факт' is clicked on

16-10-2024T09:18:30 - [TEST_STEP][PASSED] - click(findTestObject("Выполнение бизнес-плана/Кнопка Факт")): Object: 'Object Repository/Выполнение бизнес-плана/Кнопка Факт' is clicked on

16-10-2024T09:18:30 - [MESSAGE][PASSED] - Object: 'Object Repository/Выполнение бизнес-плана/Кнопка Факт' is clicked on

16-10-2024T09:18:30 - [TEST_STEP][PASSED] - if (a == 84 || a == 82): null

16-10-2024T09:18:30 - [TEST_STEP][PASSED] - else if (a == 52 || a == 72 || a == 28 || a == 73 || a == 77 || a == 74 || a == 65 || a == 36 || a == 44 || a == 53 || a == 80 || a == 54 || a == 1 || a == 18 || a == 59 || a == 81): null

16-10-2024T09:18:30 - [TEST_STEP][PASSED] - else: null

16-10-2024T09:18:30 - [TEST_STEP][PASSED] - page1 = getText(findTestObject("Object Repository/Выполнение бизнес-плана/spanPlan" + filialNum)): Text of object 'Object Repository/Выполнение бизнес-плана/spanPlan4' is: '9.93
|'

16-10-2024T09:18:31 - [MESSAGE][PASSED] - Text of object 'Object Repository/Выполнение бизнес-плана/spanPlan4' is: '9.93
|'

16-10-2024T09:18:31 - [TEST_STEP][PASSED] - page1 = page1.replace("|", ""): null

16-10-2024T09:18:31 - [TEST_STEP][PASSED] - page2 = getText(findTestObject("Object Repository/Выполнение бизнес-плана/spanFact" + filialNum)): Text of object 'Object Repository/Выполнение бизнес-плана/spanFact4' is: '9.59
|'

16-10-2024T09:18:31 - [MESSAGE][PASSED] - Text of object 'Object Repository/Выполнение бизнес-плана/spanFact4' is: '9.59
|'

16-10-2024T09:18:31 - [TEST_STEP][PASSED] - page2 = page2.replace("|", ""): null

16-10-2024T09:18:31 - [TEST_STEP][PASSED] - println("page1: " + page1): null

16-10-2024T09:18:31 - [TEST_STEP][PASSED] - println("page2: " + page2): null

16-10-2024T09:18:31 - [TEST_STEP][PASSED] - file = findTestData("PlanFact").getValue(4, a): null

16-10-2024T09:18:31 - [TEST_STEP][PASSED] - file = file.replace(",", "."): null

16-10-2024T09:18:31 - [TEST_STEP][PASSED] - println("file Plan: " + file): null

16-10-2024T09:18:31 - [TEST_STEP][PASSED] - typeOfData = "План в процентах": null

16-10-2024T09:18:31 - [TEST_STEP][PASSED] - fileDouble = file.toDouble(): null

16-10-2024T09:18:31 - [TEST_STEP][PASSED] - pageDouble = page1.toDouble(): null

16-10-2024T09:18:31 - [TEST_STEP][PASSED] - if (fileDouble != pageDouble): null

16-10-2024T09:18:31 - [TEST_STEP][PASSED] - numberOfErrors = numberOfErrors + 1: null

16-10-2024T09:18:31 - [TEST_STEP][PASSED] - Script1718980020443.WriteToExcel(a, typeOfData, todaysDate, pageInt, fileInt, pageDouble, fileDouble, dZO): null

16-10-2024T09:18:31 - [TEST_STEP][PASSED] - sheetName = "Sheet1": null

16-10-2024T09:18:31 - [TEST_STEP][PASSED] - data = findTestData("PlanFact"): null

16-10-2024T09:18:31 - [TEST_STEP][PASSED] - n = data.getRowNumbers() + 1: null

16-10-2024T09:18:31 - [TEST_STEP][PASSED] - year = todaysDate.substring(todaysDate.length() - 4, todaysDate.length()): null

16-10-2024T09:18:31 - [TEST_STEP][PASSED] - y = year.toInteger(): null

16-10-2024T09:18:31 - [TEST_STEP][PASSED] - m = getText(findTestObject("Выполнение бизнес-плана/Период")): Text of object 'Object Repository/Выполнение бизнес-плана/Период' is: '1, 2 кв., Июль, Август 2024 года'

16-10-2024T09:18:31 - [MESSAGE][PASSED] - Text of object 'Object Repository/Выполнение бизнес-плана/Период' is: '1, 2 кв., Июль, Август 2024 года'

16-10-2024T09:18:31 - [TEST_STEP][PASSED] - m = m.substring(0, m.indexOf("2024")): null

16-10-2024T09:18:31 - [TEST_STEP][PASSED] - m = m.trim(): null

16-10-2024T09:18:31 - [TEST_STEP][PASSED] - dashboardName = "Выполнение бизнес-плана": null

16-10-2024T09:18:31 - [TEST_STEP][PASSED] - workbook01 = getWorkbook(excelFilePath): null

16-10-2024T09:18:31 - [TEST_STEP][PASSED] - sheet01 = getExcelSheet(workbook01, sheetName): null

16-10-2024T09:18:31 - [TEST_STEP][PASSED] - setValueToCellByIndex(sheet01, n, 0, dashboardName): null

16-10-2024T09:18:31 - [TEST_STEP][PASSED] - setValueToCellByIndex(sheet01, n, 1, dZO): null

16-10-2024T09:18:31 - [TEST_STEP][PASSED] - setValueToCellByIndex(sheet01, n, 2, typeOfData): null

16-10-2024T09:18:31 - [TEST_STEP][PASSED] - if (typeOfData == "Факт в процентах" || typeOfData == "План в процентах"): null

16-10-2024T09:18:31 - [TEST_STEP][PASSED] - setValueToCellByIndex(sheet01, n, 3, fileDouble): null

16-10-2024T09:18:31 - [TEST_STEP][PASSED] - setValueToCellByIndex(sheet01, n, 4, pageDouble): null

16-10-2024T09:18:31 - [TEST_STEP][PASSED] - setValueToCellByIndex(sheet01, n, 5, m): null

16-10-2024T09:18:31 - [TEST_STEP][PASSED] - setValueToCellByIndex(sheet01, n, 6, y): null

16-10-2024T09:18:31 - [TEST_STEP][PASSED] - setValueToCellByIndex(sheet01, n, 7, todaysDate): null

16-10-2024T09:18:31 - [TEST_STEP][PASSED] - n = n + 1: null

16-10-2024T09:18:31 - [TEST_STEP][PASSED] - saveWorkbook(excelFilePath, workbook01): null

16-10-2024T09:18:32 - [TEST_STEP][PASSED] - file = findTestData("PlanFact").getValue(7, a): null

16-10-2024T09:18:32 - [TEST_STEP][PASSED] - file = file.replace(",", "."): null

16-10-2024T09:18:32 - [TEST_STEP][PASSED] - println("file Fact: " + file): null

16-10-2024T09:18:32 - [TEST_STEP][PASSED] - fileDouble = file.toDouble(): null

16-10-2024T09:18:32 - [TEST_STEP][PASSED] - typeOfData = "Факт в процентах": null

16-10-2024T09:18:32 - [TEST_STEP][PASSED] - fileDouble = file.toDouble(): null

16-10-2024T09:18:32 - [TEST_STEP][PASSED] - pageDouble = page2.toDouble(): null

16-10-2024T09:18:32 - [TEST_STEP][PASSED] - if (fileDouble != pageDouble): null

16-10-2024T09:18:32 - [TEST_STEP][PASSED] - numberOfErrors = numberOfErrors + 1: null

16-10-2024T09:18:32 - [TEST_STEP][PASSED] - Script1718980020443.WriteToExcel(a, typeOfData, todaysDate, pageInt, fileInt, pageDouble, fileDouble, dZO): null

16-10-2024T09:18:32 - [TEST_STEP][PASSED] - sheetName = "Sheet1": null

16-10-2024T09:18:32 - [TEST_STEP][PASSED] - data = findTestData("PlanFact"): null

16-10-2024T09:18:32 - [TEST_STEP][PASSED] - n = data.getRowNumbers() + 1: null

16-10-2024T09:18:32 - [TEST_STEP][PASSED] - year = todaysDate.substring(todaysDate.length() - 4, todaysDate.length()): null

16-10-2024T09:18:32 - [TEST_STEP][PASSED] - y = year.toInteger(): null

16-10-2024T09:18:32 - [TEST_STEP][PASSED] - m = getText(findTestObject("Выполнение бизнес-плана/Период")): Text of object 'Object Repository/Выполнение бизнес-плана/Период' is: '1, 2 кв., Июль, Август 2024 года'

16-10-2024T09:18:32 - [MESSAGE][PASSED] - Text of object 'Object Repository/Выполнение бизнес-плана/Период' is: '1, 2 кв., Июль, Август 2024 года'

16-10-2024T09:18:32 - [TEST_STEP][PASSED] - m = m.substring(0, m.indexOf("2024")): null

16-10-2024T09:18:32 - [TEST_STEP][PASSED] - m = m.trim(): null

16-10-2024T09:18:32 - [TEST_STEP][PASSED] - dashboardName = "Выполнение бизнес-плана": null

16-10-2024T09:18:32 - [TEST_STEP][PASSED] - workbook01 = getWorkbook(excelFilePath): null

16-10-2024T09:18:32 - [TEST_STEP][PASSED] - sheet01 = getExcelSheet(workbook01, sheetName): null

16-10-2024T09:18:32 - [TEST_STEP][PASSED] - setValueToCellByIndex(sheet01, n, 0, dashboardName): null

16-10-2024T09:18:32 - [TEST_STEP][PASSED] - setValueToCellByIndex(sheet01, n, 1, dZO): null

16-10-2024T09:18:32 - [TEST_STEP][PASSED] - setValueToCellByIndex(sheet01, n, 2, typeOfData): null

16-10-2024T09:18:32 - [TEST_STEP][PASSED] - if (typeOfData == "Факт в процентах" || typeOfData == "План в процентах"): null

16-10-2024T09:18:32 - [TEST_STEP][PASSED] - setValueToCellByIndex(sheet01, n, 3, fileDouble): null

16-10-2024T09:18:32 - [TEST_STEP][PASSED] - setValueToCellByIndex(sheet01, n, 4, pageDouble): null

16-10-2024T09:18:32 - [TEST_STEP][PASSED] - setValueToCellByIndex(sheet01, n, 5, m): null

16-10-2024T09:18:32 - [TEST_STEP][PASSED] - setValueToCellByIndex(sheet01, n, 6, y): null

16-10-2024T09:18:32 - [TEST_STEP][PASSED] - setValueToCellByIndex(sheet01, n, 7, todaysDate): null

16-10-2024T09:18:32 - [TEST_STEP][PASSED] - n = n + 1: null

16-10-2024T09:18:32 - [TEST_STEP][PASSED] - saveWorkbook(excelFilePath, workbook01): null

16-10-2024T09:18:32 - [TEST_STEP][FAILED] - if (verifyEqual(numberOfErrors, 0) == false): null

16-10-2024T09:18:32 - [MESSAGE][FAILED] - Unable to verify equal between actual object '6' and expected object '0' (Root cause: com.kms.katalon.core.exception.StepFailedException: Actual object '6' and expected object '0' are not equal
	at com.kms.katalon.core.keyword.builtin.VerifyEqualKeyword$_verifyEqual_closure1.doCall(VerifyEqualKeyword.groovy:58)
	at com.kms.katalon.core.keyword.builtin.VerifyEqualKeyword$_verifyEqual_closure1.call(VerifyEqualKeyword.groovy)
	at com.kms.katalon.core.keyword.internal.KeywordMain.runKeyword(KeywordMain.groovy:75)
	at com.kms.katalon.core.keyword.builtin.VerifyEqualKeyword.verifyEqual(VerifyEqualKeyword.groovy:63)
	at com.kms.katalon.core.keyword.builtin.VerifyEqualKeyword.execute(VerifyEqualKeyword.groovy:44)
	at com.kms.katalon.core.keyword.internal.KeywordExecutor.executeKeywordForPlatform(KeywordExecutor.groovy:74)
	at com.kms.katalon.core.keyword.BuiltinKeywords.verifyEqual(BuiltinKeywords.groovy:146)
	at jdk.internal.reflect.GeneratedMethodAccessor25.invoke(Unknown Source)
	at java.base/jdk.internal.reflect.DelegatingMethodAccessorImpl.invoke(DelegatingMethodAccessorImpl.java:43)
	at Выполнение бизнес-плана Сверка ПАО Россети все филиалы.Numbers(Выполнение бизнес-плана Сверка ПАО Россети все филиалы:749)
	at Выполнение бизнес-плана Сверка ПАО Россети все филиалы.Filials(Выполнение бизнес-плана Сверка ПАО Россети все филиалы:1200)
	at Выполнение бизнес-плана Сверка ПАО Россети все филиалы.Numbers(Выполнение бизнес-плана Сверка ПАО Россети все филиалы:754)
	at Выполнение бизнес-плана Сверка ПАО Россети все филиалы.run(Выполнение бизнес-плана Сверка ПАО Россети все филиалы:397)
	at com.kms.katalon.core.main.ScriptEngine.run(ScriptEngine.java:194)
	at com.kms.katalon.core.main.ScriptEngine.runScriptAsRawText(ScriptEngine.java:119)
	at com.kms.katalon.core.main.TestCaseExecutor.runScript(TestCaseExecutor.java:448)
	at com.kms.katalon.core.main.TestCaseExecutor.doExecute(TestCaseExecutor.java:439)
	at com.kms.katalon.core.main.TestCaseExecutor.processExecutionPhase(TestCaseExecutor.java:418)
	at com.kms.katalon.core.main.TestCaseExecutor.accessMainPhase(TestCaseExecutor.java:410)
	at com.kms.katalon.core.main.TestCaseExecutor.execute(TestCaseExecutor.java:285)
	at com.kms.katalon.core.common.CommonExecutor.accessTestCaseMainPhase(CommonExecutor.java:65)
	at com.kms.katalon.core.main.TestSuiteExecutor.accessTestSuiteMainPhase(TestSuiteExecutor.java:150)
	at com.kms.katalon.core.main.TestSuiteExecutor.execute(TestSuiteExecutor.java:106)
	at com.kms.katalon.core.main.TestCaseMain.startTestSuite(TestCaseMain.java:180)
	at TempTestSuite1729057289574.run(TempTestSuite1729057289574.groovy:35)
	at java.base/jdk.internal.reflect.NativeMethodAccessorImpl.invoke0(Native Method)
	at java.base/jdk.internal.reflect.NativeMethodAccessorImpl.invoke(NativeMethodAccessorImpl.java:77)
	at java.base/jdk.internal.reflect.DelegatingMethodAccessorImpl.invoke(DelegatingMethodAccessorImpl.java:43)
)

16-10-2024T09:18:32 - [TEST_STEP][PASSED] - println(numberOfErrors): null

16-10-2024T09:18:32 - [TEST_STEP][PASSED] - if (a == 28 || a == 77 || a == 74 || a == 65 || a == 36 || a == 44 || a == 54 || a == 1 || a == 18 || a == 59): null

16-10-2024T09:18:32 - [TEST_STEP][PASSED] - if (a == 82): null

16-10-2024T09:18:32 - [TEST_STEP][PASSED] - dZO = "Брянскэнерго": null

16-10-2024T09:18:32 - [TEST_STEP][PASSED] - a = 3: null

16-10-2024T09:18:32 - [TEST_STEP][PASSED] - if (x2.contains(dZO)): null

16-10-2024T09:18:32 - [TEST_STEP][PASSED] - filialNum = filialNum + 1: null

16-10-2024T09:18:32 - [TEST_STEP][PASSED] - Script1718980020443.Numbers(a, typeOfData, todaysDate, pageInt, fileInt, pageDouble, fileDouble, dZO, dzoNum, filialNum): null

16-10-2024T09:18:32 - [TEST_STEP][PASSED] - println(dzoNum): null

16-10-2024T09:18:32 - [TEST_STEP][PASSED] - planFact = <not implemented yet for class: org.codehaus.groovy.ast.expr.EmptyExpression>: null

16-10-2024T09:18:32 - [TEST_STEP][PASSED] - page = <not implemented yet for class: org.codehaus.groovy.ast.expr.EmptyExpression>: null

16-10-2024T09:18:32 - [TEST_STEP][PASSED] - page1 = <not implemented yet for class: org.codehaus.groovy.ast.expr.EmptyExpression>: null

16-10-2024T09:18:32 - [TEST_STEP][PASSED] - page2 = <not implemented yet for class: org.codehaus.groovy.ast.expr.EmptyExpression>: null

16-10-2024T09:18:32 - [TEST_STEP][PASSED] - filialNumberInRow = <not implemented yet for class: org.codehaus.groovy.ast.expr.EmptyExpression>: null

16-10-2024T09:18:32 - [TEST_STEP][PASSED] - filialsDzoNames = <not implemented yet for class: org.codehaus.groovy.ast.expr.EmptyExpression>: null

16-10-2024T09:18:32 - [TEST_STEP][PASSED] - numberOfFilials = <not implemented yet for class: org.codehaus.groovy.ast.expr.EmptyExpression>: null

16-10-2024T09:18:32 - [TEST_STEP][PASSED] - numberOfSpaces = <not implemented yet for class: org.codehaus.groovy.ast.expr.EmptyExpression>: null

16-10-2024T09:18:32 - [TEST_STEP][PASSED] - file = <not implemented yet for class: org.codehaus.groovy.ast.expr.EmptyExpression>: null

16-10-2024T09:18:32 - [TEST_STEP][PASSED] - otpusk = <not implemented yet for class: org.codehaus.groovy.ast.expr.EmptyExpression>: null

16-10-2024T09:18:32 - [TEST_STEP][PASSED] - poteri = <not implemented yet for class: org.codehaus.groovy.ast.expr.EmptyExpression>: null

16-10-2024T09:18:32 - [TEST_STEP][PASSED] - dataFolder = "Выполнение бизнес-плана/Значения со страницы Выполнение бизнес-плана/": null

16-10-2024T09:18:32 - [TEST_STEP][PASSED] - path = <not implemented yet for class: org.codehaus.groovy.ast.expr.EmptyExpression>: null

16-10-2024T09:18:32 - [TEST_STEP][PASSED] - typeOfDataMain = <not implemented yet for class: org.codehaus.groovy.ast.expr.EmptyExpression>: null

16-10-2024T09:18:32 - [TEST_STEP][PASSED] - fileOtpuskVSet = <not implemented yet for class: org.codehaus.groovy.ast.expr.EmptyExpression>: null

16-10-2024T09:18:32 - [TEST_STEP][PASSED] - pageOtpuskVSet = <not implemented yet for class: org.codehaus.groovy.ast.expr.EmptyExpression>: null

16-10-2024T09:18:32 - [TEST_STEP][PASSED] - filePoteri = <not implemented yet for class: org.codehaus.groovy.ast.expr.EmptyExpression>: null

16-10-2024T09:18:32 - [TEST_STEP][PASSED] - pagePoteri = <not implemented yet for class: org.codehaus.groovy.ast.expr.EmptyExpression>: null

16-10-2024T09:18:32 - [TEST_STEP][PASSED] - compare = <not implemented yet for class: org.codehaus.groovy.ast.expr.EmptyExpression>: null

16-10-2024T09:18:32 - [TEST_STEP][PASSED] - b = <not implemented yet for class: org.codehaus.groovy.ast.expr.EmptyExpression>: null

16-10-2024T09:18:32 - [TEST_STEP][PASSED] - i = <not implemented yet for class: org.codehaus.groovy.ast.expr.EmptyExpression>: null

16-10-2024T09:18:32 - [TEST_STEP][PASSED] - ii = <not implemented yet for class: org.codehaus.groovy.ast.expr.EmptyExpression>: null

16-10-2024T09:18:32 - [TEST_STEP][PASSED] - c = <not implemented yet for class: org.codehaus.groovy.ast.expr.EmptyExpression>: null

16-10-2024T09:18:32 - [TEST_STEP][PASSED] - numberOfErrors = 0: null

16-10-2024T09:18:32 - [TEST_STEP][PASSED] - if (a == 82): null

16-10-2024T09:18:32 - [TEST_STEP][PASSED] - b = findTestData("PlanFact").getValue(1, a): null

16-10-2024T09:18:32 - [TEST_STEP][PASSED] - i = b.indexOf(" (ГК)"): null

16-10-2024T09:18:32 - [TEST_STEP][PASSED] - if (i > -1): null

16-10-2024T09:18:32 - [TEST_STEP][PASSED] - i = b.indexOf("О ""): null

16-10-2024T09:18:32 - [TEST_STEP][PASSED] - if (i > -1): null

16-10-2024T09:18:32 - [TEST_STEP][PASSED] - i = b.indexOf("О «"): null

16-10-2024T09:18:32 - [TEST_STEP][PASSED] - if (i > -1): null

16-10-2024T09:18:32 - [TEST_STEP][PASSED] - i = b.indexOf("г. "): null

16-10-2024T09:18:32 - [TEST_STEP][PASSED] - if (i > -1): null

16-10-2024T09:18:32 - [TEST_STEP][PASSED] - println(b): null

16-10-2024T09:18:32 - [TEST_STEP][PASSED] - for ([planFact = 1, planFact < 3, (planFact++)]): null

16-10-2024T09:18:32 - [TEST_STEP][PASSED] - if (planFact == 1): null

16-10-2024T09:18:32 - [TEST_STEP][PASSED] - typeOfDataMain = "Факт": null

16-10-2024T09:18:32 - [TEST_STEP][PASSED] - otpusk = findTestData("PlanFact").getValue(5, a): null

16-10-2024T09:18:33 - [TEST_STEP][PASSED] - poteri = findTestData("PlanFact").getValue(6, a): null

16-10-2024T09:18:33 - [TEST_STEP][PASSED] - otpusk = otpusk.replaceAll("\s+", ""): null

16-10-2024T09:18:33 - [TEST_STEP][PASSED] - poteri = poteri.replaceAll("\s+", ""): null

16-10-2024T09:18:33 - [TEST_STEP][PASSED] - typeOfData = typeOfDataMain + " Отпуск в сеть": null

16-10-2024T09:18:33 - [TEST_STEP][PASSED] - if (a == 82): null

16-10-2024T09:18:33 - [TEST_STEP][PASSED] - else if (a == 84): null

16-10-2024T09:18:33 - [TEST_STEP][PASSED] - else if (a == 52 || a == 72 || a == 28 || a == 73 || a == 77 || a == 74 || a == 65 || a == 36 || a == 44 || a == 53 || a == 80 || a == 54 || a == 1 || a == 18 || a == 59 || a == 81): null

16-10-2024T09:18:33 - [TEST_STEP][PASSED] - else: null

16-10-2024T09:18:33 - [TEST_STEP][PASSED] - path = dataFolder + typeOfData + " за отчётный период " + b: null

16-10-2024T09:18:33 - [TEST_STEP][PASSED] - println(path): null

16-10-2024T09:18:33 - [TEST_STEP][PASSED] - page = getText(findTestObject(path)): Text of object 'Object Repository/Выполнение бизнес-плана/Значения со страницы Выполнение бизнес-плана/Факт Отпуск в сеть за отчётный период Брянскэнерго' is: '2 412 383'

16-10-2024T09:18:33 - [MESSAGE][PASSED] - Text of object 'Object Repository/Выполнение бизнес-плана/Значения со страницы Выполнение бизнес-плана/Факт Отпуск в сеть за отчётный период Брянскэнерго' is: '2 412 383'

16-10-2024T09:18:33 - [TEST_STEP][PASSED] - page = page.replaceAll("\s+", ""): null

16-10-2024T09:18:33 - [TEST_STEP][PASSED] - fileOtpuskVSet = otpusk.toInteger(): null

16-10-2024T09:18:33 - [TEST_STEP][PASSED] - pageOtpuskVSet = page.toInteger(): null

16-10-2024T09:18:33 - [TEST_STEP][PASSED] - typeOfData = typeOfDataMain + " Потери": null

16-10-2024T09:18:33 - [TEST_STEP][PASSED] - if (a == 82): null

16-10-2024T09:18:33 - [TEST_STEP][PASSED] - else if (a == 84): null

16-10-2024T09:18:33 - [TEST_STEP][PASSED] - else if (a == 52 || a == 72 || a == 28 || a == 73 || a == 77 || a == 74 || a == 65 || a == 36 || a == 44 || a == 53 || a == 80 || a == 54 || a == 1 || a == 18 || a == 59 || a == 81): null

16-10-2024T09:18:33 - [TEST_STEP][PASSED] - else: null

16-10-2024T09:18:33 - [TEST_STEP][PASSED] - path = dataFolder + typeOfData + " за отчётный период " + b: null

16-10-2024T09:18:33 - [TEST_STEP][PASSED] - page = getText(findTestObject(path)): Text of object 'Object Repository/Выполнение бизнес-плана/Значения со страницы Выполнение бизнес-плана/Факт Потери за отчётный период Брянскэнерго' is: '122 371'

16-10-2024T09:18:33 - [MESSAGE][PASSED] - Text of object 'Object Repository/Выполнение бизнес-плана/Значения со страницы Выполнение бизнес-плана/Факт Потери за отчётный период Брянскэнерго' is: '122 371'

16-10-2024T09:18:33 - [TEST_STEP][PASSED] - page = page.replaceAll("\s+", ""): null

16-10-2024T09:18:33 - [TEST_STEP][PASSED] - filePoteri = poteri.toInteger(): null

16-10-2024T09:18:33 - [TEST_STEP][PASSED] - pagePoteri = page.toInteger(): null

16-10-2024T09:18:33 - [TEST_STEP][PASSED] - compare = pageOtpuskVSet: null

16-10-2024T09:18:33 - [TEST_STEP][PASSED] - if (compare == fileOtpuskVSet): null

16-10-2024T09:18:33 - [TEST_STEP][PASSED] - else if (compare > fileOtpuskVSet): null

16-10-2024T09:18:33 - [TEST_STEP][PASSED] - compare = compare - 1: null

16-10-2024T09:18:33 - [TEST_STEP][PASSED] - if (compare == fileOtpuskVSet): null

16-10-2024T09:18:33 - [TEST_STEP][PASSED] - else: null

16-10-2024T09:18:33 - [TEST_STEP][PASSED] - numberOfErrors = numberOfErrors + 1: null

16-10-2024T09:18:33 - [TEST_STEP][PASSED] - pageInt = pageOtpuskVSet: null

16-10-2024T09:18:33 - [TEST_STEP][PASSED] - fileInt = fileOtpuskVSet: null

16-10-2024T09:18:33 - [TEST_STEP][PASSED] - typeOfData = typeOfDataMain + " Отпуск в сеть": null

16-10-2024T09:18:33 - [TEST_STEP][PASSED] - Script1718980020443.WriteToExcel(a, typeOfData, todaysDate, pageInt, fileInt, pageDouble, fileDouble, dZO): null

16-10-2024T09:18:33 - [TEST_STEP][PASSED] - sheetName = "Sheet1": null

16-10-2024T09:18:33 - [TEST_STEP][PASSED] - data = findTestData("PlanFact"): null

16-10-2024T09:18:33 - [TEST_STEP][PASSED] - n = data.getRowNumbers() + 1: null

16-10-2024T09:18:33 - [TEST_STEP][PASSED] - year = todaysDate.substring(todaysDate.length() - 4, todaysDate.length()): null

16-10-2024T09:18:33 - [TEST_STEP][PASSED] - y = year.toInteger(): null

16-10-2024T09:18:33 - [TEST_STEP][PASSED] - m = getText(findTestObject("Выполнение бизнес-плана/Период")): Text of object 'Object Repository/Выполнение бизнес-плана/Период' is: '1, 2 кв., Июль, Август 2024 года'

16-10-2024T09:18:34 - [MESSAGE][PASSED] - Text of object 'Object Repository/Выполнение бизнес-плана/Период' is: '1, 2 кв., Июль, Август 2024 года'

16-10-2024T09:18:34 - [TEST_STEP][PASSED] - m = m.substring(0, m.indexOf("2024")): null

16-10-2024T09:18:34 - [TEST_STEP][PASSED] - m = m.trim(): null

16-10-2024T09:18:34 - [TEST_STEP][PASSED] - dashboardName = "Выполнение бизнес-плана": null

16-10-2024T09:18:34 - [TEST_STEP][PASSED] - workbook01 = getWorkbook(excelFilePath): null

16-10-2024T09:18:34 - [TEST_STEP][PASSED] - sheet01 = getExcelSheet(workbook01, sheetName): null

16-10-2024T09:18:34 - [TEST_STEP][PASSED] - setValueToCellByIndex(sheet01, n, 0, dashboardName): null

16-10-2024T09:18:34 - [TEST_STEP][PASSED] - setValueToCellByIndex(sheet01, n, 1, dZO): null

16-10-2024T09:18:34 - [TEST_STEP][PASSED] - setValueToCellByIndex(sheet01, n, 2, typeOfData): null

16-10-2024T09:18:34 - [TEST_STEP][PASSED] - if (typeOfData == "Факт в процентах" || typeOfData == "План в процентах"): null

16-10-2024T09:18:34 - [TEST_STEP][PASSED] - else: null

16-10-2024T09:18:34 - [TEST_STEP][PASSED] - setValueToCellByIndex(sheet01, n, 3, fileInt): null

16-10-2024T09:18:34 - [TEST_STEP][PASSED] - setValueToCellByIndex(sheet01, n, 4, pageInt): null

16-10-2024T09:18:34 - [TEST_STEP][PASSED] - setValueToCellByIndex(sheet01, n, 5, m): null

16-10-2024T09:18:34 - [TEST_STEP][PASSED] - setValueToCellByIndex(sheet01, n, 6, y): null

16-10-2024T09:18:34 - [TEST_STEP][PASSED] - setValueToCellByIndex(sheet01, n, 7, todaysDate): null

16-10-2024T09:18:34 - [TEST_STEP][PASSED] - n = n + 1: null

16-10-2024T09:18:34 - [TEST_STEP][PASSED] - saveWorkbook(excelFilePath, workbook01): null

16-10-2024T09:18:34 - [TEST_STEP][PASSED] - compare = pagePoteri: null

16-10-2024T09:18:34 - [TEST_STEP][PASSED] - if (compare == filePoteri): null

16-10-2024T09:18:34 - [TEST_STEP][PASSED] - else if (compare > filePoteri): null

16-10-2024T09:18:34 - [TEST_STEP][PASSED] - compare = compare - 1: null

16-10-2024T09:18:34 - [TEST_STEP][PASSED] - if (compare == filePoteri): null

16-10-2024T09:18:34 - [TEST_STEP][PASSED] - else: null

16-10-2024T09:18:34 - [TEST_STEP][PASSED] - numberOfErrors = numberOfErrors + 1: null

16-10-2024T09:18:34 - [TEST_STEP][PASSED] - pageInt = pagePoteri: null

16-10-2024T09:18:34 - [TEST_STEP][PASSED] - fileInt = filePoteri: null

16-10-2024T09:18:34 - [TEST_STEP][PASSED] - typeOfData = typeOfDataMain + " Потери": null

16-10-2024T09:18:34 - [TEST_STEP][PASSED] - Script1718980020443.WriteToExcel(a, typeOfData, todaysDate, pageInt, fileInt, pageDouble, fileDouble, dZO): null

16-10-2024T09:18:34 - [TEST_STEP][PASSED] - sheetName = "Sheet1": null

16-10-2024T09:18:34 - [TEST_STEP][PASSED] - data = findTestData("PlanFact"): null

16-10-2024T09:18:34 - [TEST_STEP][PASSED] - n = data.getRowNumbers() + 1: null

16-10-2024T09:18:34 - [TEST_STEP][PASSED] - year = todaysDate.substring(todaysDate.length() - 4, todaysDate.length()): null

16-10-2024T09:18:34 - [TEST_STEP][PASSED] - y = year.toInteger(): null

16-10-2024T09:18:34 - [TEST_STEP][PASSED] - m = getText(findTestObject("Выполнение бизнес-плана/Период")): Text of object 'Object Repository/Выполнение бизнес-плана/Период' is: '1, 2 кв., Июль, Август 2024 года'

16-10-2024T09:18:34 - [MESSAGE][PASSED] - Text of object 'Object Repository/Выполнение бизнес-плана/Период' is: '1, 2 кв., Июль, Август 2024 года'

16-10-2024T09:18:34 - [TEST_STEP][PASSED] - m = m.substring(0, m.indexOf("2024")): null

16-10-2024T09:18:34 - [TEST_STEP][PASSED] - m = m.trim(): null

16-10-2024T09:18:34 - [TEST_STEP][PASSED] - dashboardName = "Выполнение бизнес-плана": null

16-10-2024T09:18:34 - [TEST_STEP][PASSED] - workbook01 = getWorkbook(excelFilePath): null

16-10-2024T09:18:34 - [TEST_STEP][PASSED] - sheet01 = getExcelSheet(workbook01, sheetName): null

16-10-2024T09:18:34 - [TEST_STEP][PASSED] - setValueToCellByIndex(sheet01, n, 0, dashboardName): null

16-10-2024T09:18:34 - [TEST_STEP][PASSED] - setValueToCellByIndex(sheet01, n, 1, dZO): null

16-10-2024T09:18:34 - [TEST_STEP][PASSED] - setValueToCellByIndex(sheet01, n, 2, typeOfData): null

16-10-2024T09:18:34 - [TEST_STEP][PASSED] - if (typeOfData == "Факт в процентах" || typeOfData == "План в процентах"): null

16-10-2024T09:18:34 - [TEST_STEP][PASSED] - else: null

16-10-2024T09:18:34 - [TEST_STEP][PASSED] - setValueToCellByIndex(sheet01, n, 3, fileInt): null

16-10-2024T09:18:34 - [TEST_STEP][PASSED] - setValueToCellByIndex(sheet01, n, 4, pageInt): null

16-10-2024T09:18:34 - [TEST_STEP][PASSED] - setValueToCellByIndex(sheet01, n, 5, m): null

16-10-2024T09:18:34 - [TEST_STEP][PASSED] - setValueToCellByIndex(sheet01, n, 6, y): null

16-10-2024T09:18:34 - [TEST_STEP][PASSED] - setValueToCellByIndex(sheet01, n, 7, todaysDate): null

16-10-2024T09:18:34 - [TEST_STEP][PASSED] - n = n + 1: null

16-10-2024T09:18:34 - [TEST_STEP][PASSED] - saveWorkbook(excelFilePath, workbook01): null

16-10-2024T09:18:35 - [TEST_STEP][PASSED] - if (planFact == 2): null

16-10-2024T09:18:35 - [TEST_STEP][PASSED] - if (planFact == 1): null

16-10-2024T09:18:35 - [TEST_STEP][PASSED] - else if (planFact == 2): null

16-10-2024T09:18:35 - [TEST_STEP][PASSED] - click(findTestObject("Выполнение бизнес-плана/Кнопка План")): Object: 'Object Repository/Выполнение бизнес-плана/Кнопка План' is clicked on

16-10-2024T09:18:35 - [MESSAGE][PASSED] - Object: 'Object Repository/Выполнение бизнес-плана/Кнопка План' is clicked on

16-10-2024T09:18:35 - [TEST_STEP][PASSED] - typeOfDataMain = "План": null

16-10-2024T09:18:35 - [TEST_STEP][PASSED] - otpusk = findTestData("PlanFact").getValue(2, a): null

16-10-2024T09:18:35 - [TEST_STEP][PASSED] - poteri = findTestData("PlanFact").getValue(3, a): null

16-10-2024T09:18:35 - [TEST_STEP][PASSED] - otpusk = otpusk.replaceAll("\s+", ""): null

16-10-2024T09:18:35 - [TEST_STEP][PASSED] - poteri = poteri.replaceAll("\s+", ""): null

16-10-2024T09:18:35 - [TEST_STEP][PASSED] - typeOfData = typeOfDataMain + " Отпуск в сеть": null

16-10-2024T09:18:35 - [TEST_STEP][PASSED] - if (a == 82): null

16-10-2024T09:18:35 - [TEST_STEP][PASSED] - else if (a == 84): null

16-10-2024T09:18:35 - [TEST_STEP][PASSED] - else if (a == 52 || a == 72 || a == 28 || a == 73 || a == 77 || a == 74 || a == 65 || a == 36 || a == 44 || a == 53 || a == 80 || a == 54 || a == 1 || a == 18 || a == 59 || a == 81): null

16-10-2024T09:18:35 - [TEST_STEP][PASSED] - else: null

16-10-2024T09:18:35 - [TEST_STEP][PASSED] - path = dataFolder + typeOfData + " за отчётный период " + b: null

16-10-2024T09:18:35 - [TEST_STEP][PASSED] - println(path): null

16-10-2024T09:18:35 - [TEST_STEP][PASSED] - page = getText(findTestObject(path)): Text of object 'Object Repository/Выполнение бизнес-плана/Значения со страницы Выполнение бизнес-плана/План Отпуск в сеть за отчётный период Брянскэнерго' is: '2 377 838'

16-10-2024T09:18:35 - [MESSAGE][PASSED] - Text of object 'Object Repository/Выполнение бизнес-плана/Значения со страницы Выполнение бизнес-плана/План Отпуск в сеть за отчётный период Брянскэнерго' is: '2 377 838'

16-10-2024T09:18:35 - [TEST_STEP][PASSED] - page = page.replaceAll("\s+", ""): null

16-10-2024T09:18:35 - [TEST_STEP][PASSED] - fileOtpuskVSet = otpusk.toInteger(): null

16-10-2024T09:18:35 - [TEST_STEP][PASSED] - pageOtpuskVSet = page.toInteger(): null

16-10-2024T09:18:35 - [TEST_STEP][PASSED] - typeOfData = typeOfDataMain + " Потери": null

16-10-2024T09:18:35 - [TEST_STEP][PASSED] - if (a == 82): null

16-10-2024T09:18:35 - [TEST_STEP][PASSED] - else if (a == 84): null

16-10-2024T09:18:35 - [TEST_STEP][PASSED] - else if (a == 52 || a == 72 || a == 28 || a == 73 || a == 77 || a == 74 || a == 65 || a == 36 || a == 44 || a == 53 || a == 80 || a == 54 || a == 1 || a == 18 || a == 59 || a == 81): null

16-10-2024T09:18:35 - [TEST_STEP][PASSED] - else: null

16-10-2024T09:18:35 - [TEST_STEP][PASSED] - path = dataFolder + typeOfData + " за отчётный период " + b: null

16-10-2024T09:18:35 - [TEST_STEP][PASSED] - page = getText(findTestObject(path)): Text of object 'Object Repository/Выполнение бизнес-плана/Значения со страницы Выполнение бизнес-плана/План Потери за отчётный период Брянскэнерго' is: '122 622'

16-10-2024T09:18:36 - [MESSAGE][PASSED] - Text of object 'Object Repository/Выполнение бизнес-плана/Значения со страницы Выполнение бизнес-плана/План Потери за отчётный период Брянскэнерго' is: '122 622'

16-10-2024T09:18:36 - [TEST_STEP][PASSED] - page = page.replaceAll("\s+", ""): null

16-10-2024T09:18:36 - [TEST_STEP][PASSED] - filePoteri = poteri.toInteger(): null

16-10-2024T09:18:36 - [TEST_STEP][PASSED] - pagePoteri = page.toInteger(): null

16-10-2024T09:18:36 - [TEST_STEP][PASSED] - compare = pageOtpuskVSet: null

16-10-2024T09:18:36 - [TEST_STEP][PASSED] - if (compare == fileOtpuskVSet): null

16-10-2024T09:18:36 - [TEST_STEP][PASSED] - else if (compare > fileOtpuskVSet): null

16-10-2024T09:18:36 - [TEST_STEP][PASSED] - compare = compare - 1: null

16-10-2024T09:18:36 - [TEST_STEP][PASSED] - if (compare == fileOtpuskVSet): null

16-10-2024T09:18:36 - [TEST_STEP][PASSED] - else: null

16-10-2024T09:18:36 - [TEST_STEP][PASSED] - numberOfErrors = numberOfErrors + 1: null

16-10-2024T09:18:36 - [TEST_STEP][PASSED] - pageInt = pageOtpuskVSet: null

16-10-2024T09:18:36 - [TEST_STEP][PASSED] - fileInt = fileOtpuskVSet: null

16-10-2024T09:18:36 - [TEST_STEP][PASSED] - typeOfData = typeOfDataMain + " Отпуск в сеть": null

16-10-2024T09:18:36 - [TEST_STEP][PASSED] - Script1718980020443.WriteToExcel(a, typeOfData, todaysDate, pageInt, fileInt, pageDouble, fileDouble, dZO): null

16-10-2024T09:18:36 - [TEST_STEP][PASSED] - sheetName = "Sheet1": null

16-10-2024T09:18:36 - [TEST_STEP][PASSED] - data = findTestData("PlanFact"): null

16-10-2024T09:18:36 - [TEST_STEP][PASSED] - n = data.getRowNumbers() + 1: null

16-10-2024T09:18:36 - [TEST_STEP][PASSED] - year = todaysDate.substring(todaysDate.length() - 4, todaysDate.length()): null

16-10-2024T09:18:36 - [TEST_STEP][PASSED] - y = year.toInteger(): null

16-10-2024T09:18:36 - [TEST_STEP][PASSED] - m = getText(findTestObject("Выполнение бизнес-плана/Период")): Text of object 'Object Repository/Выполнение бизнес-плана/Период' is: '1, 2 кв., Июль, Август 2024 года'

16-10-2024T09:18:36 - [MESSAGE][PASSED] - Text of object 'Object Repository/Выполнение бизнес-плана/Период' is: '1, 2 кв., Июль, Август 2024 года'

16-10-2024T09:18:36 - [TEST_STEP][PASSED] - m = m.substring(0, m.indexOf("2024")): null

16-10-2024T09:18:36 - [TEST_STEP][PASSED] - m = m.trim(): null

16-10-2024T09:18:36 - [TEST_STEP][PASSED] - dashboardName = "Выполнение бизнес-плана": null

16-10-2024T09:18:36 - [TEST_STEP][PASSED] - workbook01 = getWorkbook(excelFilePath): null

16-10-2024T09:18:36 - [TEST_STEP][PASSED] - sheet01 = getExcelSheet(workbook01, sheetName): null

16-10-2024T09:18:36 - [TEST_STEP][PASSED] - setValueToCellByIndex(sheet01, n, 0, dashboardName): null

16-10-2024T09:18:36 - [TEST_STEP][PASSED] - setValueToCellByIndex(sheet01, n, 1, dZO): null

16-10-2024T09:18:36 - [TEST_STEP][PASSED] - setValueToCellByIndex(sheet01, n, 2, typeOfData): null

16-10-2024T09:18:36 - [TEST_STEP][PASSED] - if (typeOfData == "Факт в процентах" || typeOfData == "План в процентах"): null

16-10-2024T09:18:36 - [TEST_STEP][PASSED] - else: null

16-10-2024T09:18:36 - [TEST_STEP][PASSED] - setValueToCellByIndex(sheet01, n, 3, fileInt): null

16-10-2024T09:18:36 - [TEST_STEP][PASSED] - setValueToCellByIndex(sheet01, n, 4, pageInt): null

16-10-2024T09:18:36 - [TEST_STEP][PASSED] - setValueToCellByIndex(sheet01, n, 5, m): null

16-10-2024T09:18:36 - [TEST_STEP][PASSED] - setValueToCellByIndex(sheet01, n, 6, y): null

16-10-2024T09:18:36 - [TEST_STEP][PASSED] - setValueToCellByIndex(sheet01, n, 7, todaysDate): null

16-10-2024T09:18:36 - [TEST_STEP][PASSED] - n = n + 1: null

16-10-2024T09:18:36 - [TEST_STEP][PASSED] - saveWorkbook(excelFilePath, workbook01): null

16-10-2024T09:18:36 - [TEST_STEP][PASSED] - compare = pagePoteri: null

16-10-2024T09:18:36 - [TEST_STEP][PASSED] - if (compare == filePoteri): null

16-10-2024T09:18:36 - [TEST_STEP][PASSED] - else if (compare > filePoteri): null

16-10-2024T09:18:36 - [TEST_STEP][PASSED] - compare = compare - 1: null

16-10-2024T09:18:36 - [TEST_STEP][PASSED] - if (compare == filePoteri): null

16-10-2024T09:18:36 - [TEST_STEP][PASSED] - else: null

16-10-2024T09:18:36 - [TEST_STEP][PASSED] - numberOfErrors = numberOfErrors + 1: null

16-10-2024T09:18:36 - [TEST_STEP][PASSED] - pageInt = pagePoteri: null

16-10-2024T09:18:36 - [TEST_STEP][PASSED] - fileInt = filePoteri: null

16-10-2024T09:18:36 - [TEST_STEP][PASSED] - typeOfData = typeOfDataMain + " Потери": null

16-10-2024T09:18:36 - [TEST_STEP][PASSED] - Script1718980020443.WriteToExcel(a, typeOfData, todaysDate, pageInt, fileInt, pageDouble, fileDouble, dZO): null

16-10-2024T09:18:36 - [TEST_STEP][PASSED] - sheetName = "Sheet1": null

16-10-2024T09:18:36 - [TEST_STEP][PASSED] - data = findTestData("PlanFact"): null

16-10-2024T09:18:36 - [TEST_STEP][PASSED] - n = data.getRowNumbers() + 1: null

16-10-2024T09:18:36 - [TEST_STEP][PASSED] - year = todaysDate.substring(todaysDate.length() - 4, todaysDate.length()): null

16-10-2024T09:18:36 - [TEST_STEP][PASSED] - y = year.toInteger(): null

16-10-2024T09:18:36 - [TEST_STEP][PASSED] - m = getText(findTestObject("Выполнение бизнес-плана/Период")): Text of object 'Object Repository/Выполнение бизнес-плана/Период' is: '1, 2 кв., Июль, Август 2024 года'

16-10-2024T09:18:37 - [MESSAGE][PASSED] - Text of object 'Object Repository/Выполнение бизнес-плана/Период' is: '1, 2 кв., Июль, Август 2024 года'

16-10-2024T09:18:37 - [TEST_STEP][PASSED] - m = m.substring(0, m.indexOf("2024")): null

16-10-2024T09:18:37 - [TEST_STEP][PASSED] - m = m.trim(): null

16-10-2024T09:18:37 - [TEST_STEP][PASSED] - dashboardName = "Выполнение бизнес-плана": null

16-10-2024T09:18:37 - [TEST_STEP][PASSED] - workbook01 = getWorkbook(excelFilePath): null

16-10-2024T09:18:37 - [TEST_STEP][PASSED] - sheet01 = getExcelSheet(workbook01, sheetName): null

16-10-2024T09:18:37 - [TEST_STEP][PASSED] - setValueToCellByIndex(sheet01, n, 0, dashboardName): null

16-10-2024T09:18:37 - [TEST_STEP][PASSED] - setValueToCellByIndex(sheet01, n, 1, dZO): null

16-10-2024T09:18:37 - [TEST_STEP][PASSED] - setValueToCellByIndex(sheet01, n, 2, typeOfData): null

16-10-2024T09:18:37 - [TEST_STEP][PASSED] - if (typeOfData == "Факт в процентах" || typeOfData == "План в процентах"): null

16-10-2024T09:18:37 - [TEST_STEP][PASSED] - else: null

16-10-2024T09:18:37 - [TEST_STEP][PASSED] - setValueToCellByIndex(sheet01, n, 3, fileInt): null

16-10-2024T09:18:37 - [TEST_STEP][PASSED] - setValueToCellByIndex(sheet01, n, 4, pageInt): null

16-10-2024T09:18:37 - [TEST_STEP][PASSED] - setValueToCellByIndex(sheet01, n, 5, m): null

16-10-2024T09:18:37 - [TEST_STEP][PASSED] - setValueToCellByIndex(sheet01, n, 6, y): null

16-10-2024T09:18:37 - [TEST_STEP][PASSED] - setValueToCellByIndex(sheet01, n, 7, todaysDate): null

16-10-2024T09:18:37 - [TEST_STEP][PASSED] - n = n + 1: null

16-10-2024T09:18:37 - [TEST_STEP][PASSED] - saveWorkbook(excelFilePath, workbook01): Object: 'Object Repository/Выполнение бизнес-плана/Кнопка Факт' is clicked on

16-10-2024T09:18:37 - [TEST_STEP][PASSED] - if (planFact == 2): Object: 'Object Repository/Выполнение бизнес-плана/Кнопка Факт' is clicked on

16-10-2024T09:18:37 - [TEST_STEP][PASSED] - click(findTestObject("Выполнение бизнес-плана/Кнопка Факт")): Object: 'Object Repository/Выполнение бизнес-плана/Кнопка Факт' is clicked on

16-10-2024T09:18:37 - [MESSAGE][PASSED] - Object: 'Object Repository/Выполнение бизнес-плана/Кнопка Факт' is clicked on

16-10-2024T09:18:37 - [TEST_STEP][PASSED] - if (a == 84 || a == 82): null

16-10-2024T09:18:37 - [TEST_STEP][PASSED] - else if (a == 52 || a == 72 || a == 28 || a == 73 || a == 77 || a == 74 || a == 65 || a == 36 || a == 44 || a == 53 || a == 80 || a == 54 || a == 1 || a == 18 || a == 59 || a == 81): null

16-10-2024T09:18:37 - [TEST_STEP][PASSED] - else: null

16-10-2024T09:18:37 - [TEST_STEP][PASSED] - page1 = getText(findTestObject("Object Repository/Выполнение бизнес-плана/spanPlan" + filialNum)): Text of object 'Object Repository/Выполнение бизнес-плана/spanPlan5' is: '5.16
|'

16-10-2024T09:18:38 - [MESSAGE][PASSED] - Text of object 'Object Repository/Выполнение бизнес-плана/spanPlan5' is: '5.16
|'

16-10-2024T09:18:38 - [TEST_STEP][PASSED] - page1 = page1.replace("|", ""): null

16-10-2024T09:18:38 - [TEST_STEP][PASSED] - page2 = getText(findTestObject("Object Repository/Выполнение бизнес-плана/spanFact" + filialNum)): Text of object 'Object Repository/Выполнение бизнес-плана/spanFact5' is: '5.07
|'

16-10-2024T09:18:38 - [MESSAGE][PASSED] - Text of object 'Object Repository/Выполнение бизнес-плана/spanFact5' is: '5.07
|'

16-10-2024T09:18:38 - [TEST_STEP][PASSED] - page2 = page2.replace("|", ""): null

16-10-2024T09:18:38 - [TEST_STEP][PASSED] - println("page1: " + page1): null

16-10-2024T09:18:38 - [TEST_STEP][PASSED] - println("page2: " + page2): null

16-10-2024T09:18:38 - [TEST_STEP][PASSED] - file = findTestData("PlanFact").getValue(4, a): null

16-10-2024T09:18:38 - [TEST_STEP][PASSED] - file = file.replace(",", "."): null

16-10-2024T09:18:38 - [TEST_STEP][PASSED] - println("file Plan: " + file): null

16-10-2024T09:18:38 - [TEST_STEP][PASSED] - typeOfData = "План в процентах": null

16-10-2024T09:18:38 - [TEST_STEP][PASSED] - fileDouble = file.toDouble(): null

16-10-2024T09:18:38 - [TEST_STEP][PASSED] - pageDouble = page1.toDouble(): null

16-10-2024T09:18:38 - [TEST_STEP][PASSED] - if (fileDouble != pageDouble): null

16-10-2024T09:18:38 - [TEST_STEP][PASSED] - numberOfErrors = numberOfErrors + 1: null

16-10-2024T09:18:38 - [TEST_STEP][PASSED] - Script1718980020443.WriteToExcel(a, typeOfData, todaysDate, pageInt, fileInt, pageDouble, fileDouble, dZO): null

16-10-2024T09:18:38 - [TEST_STEP][PASSED] - sheetName = "Sheet1": null

16-10-2024T09:18:38 - [TEST_STEP][PASSED] - data = findTestData("PlanFact"): null

16-10-2024T09:18:38 - [TEST_STEP][PASSED] - n = data.getRowNumbers() + 1: null

16-10-2024T09:18:38 - [TEST_STEP][PASSED] - year = todaysDate.substring(todaysDate.length() - 4, todaysDate.length()): null

16-10-2024T09:18:38 - [TEST_STEP][PASSED] - y = year.toInteger(): null

16-10-2024T09:18:38 - [TEST_STEP][PASSED] - m = getText(findTestObject("Выполнение бизнес-плана/Период")): Text of object 'Object Repository/Выполнение бизнес-плана/Период' is: '1, 2 кв., Июль, Август 2024 года'

16-10-2024T09:18:38 - [MESSAGE][PASSED] - Text of object 'Object Repository/Выполнение бизнес-плана/Период' is: '1, 2 кв., Июль, Август 2024 года'

16-10-2024T09:18:38 - [TEST_STEP][PASSED] - m = m.substring(0, m.indexOf("2024")): null

16-10-2024T09:18:38 - [TEST_STEP][PASSED] - m = m.trim(): null

16-10-2024T09:18:38 - [TEST_STEP][PASSED] - dashboardName = "Выполнение бизнес-плана": null

16-10-2024T09:18:38 - [TEST_STEP][PASSED] - workbook01 = getWorkbook(excelFilePath): null

16-10-2024T09:18:38 - [TEST_STEP][PASSED] - sheet01 = getExcelSheet(workbook01, sheetName): null

16-10-2024T09:18:38 - [TEST_STEP][PASSED] - setValueToCellByIndex(sheet01, n, 0, dashboardName): null

16-10-2024T09:18:38 - [TEST_STEP][PASSED] - setValueToCellByIndex(sheet01, n, 1, dZO): null

16-10-2024T09:18:38 - [TEST_STEP][PASSED] - setValueToCellByIndex(sheet01, n, 2, typeOfData): null

16-10-2024T09:18:38 - [TEST_STEP][PASSED] - if (typeOfData == "Факт в процентах" || typeOfData == "План в процентах"): null

16-10-2024T09:18:38 - [TEST_STEP][PASSED] - setValueToCellByIndex(sheet01, n, 3, fileDouble): null

16-10-2024T09:18:38 - [TEST_STEP][PASSED] - setValueToCellByIndex(sheet01, n, 4, pageDouble): null

16-10-2024T09:18:38 - [TEST_STEP][PASSED] - setValueToCellByIndex(sheet01, n, 5, m): null

16-10-2024T09:18:38 - [TEST_STEP][PASSED] - setValueToCellByIndex(sheet01, n, 6, y): null

16-10-2024T09:18:38 - [TEST_STEP][PASSED] - setValueToCellByIndex(sheet01, n, 7, todaysDate): null

16-10-2024T09:18:38 - [TEST_STEP][PASSED] - n = n + 1: null

16-10-2024T09:18:38 - [TEST_STEP][PASSED] - saveWorkbook(excelFilePath, workbook01): null

16-10-2024T09:18:39 - [TEST_STEP][PASSED] - file = findTestData("PlanFact").getValue(7, a): null

16-10-2024T09:18:39 - [TEST_STEP][PASSED] - file = file.replace(",", "."): null

16-10-2024T09:18:39 - [TEST_STEP][PASSED] - println("file Fact: " + file): null

16-10-2024T09:18:39 - [TEST_STEP][PASSED] - fileDouble = file.toDouble(): null

16-10-2024T09:18:39 - [TEST_STEP][PASSED] - typeOfData = "Факт в процентах": null

16-10-2024T09:18:39 - [TEST_STEP][PASSED] - fileDouble = file.toDouble(): null

16-10-2024T09:18:39 - [TEST_STEP][PASSED] - pageDouble = page2.toDouble(): null

16-10-2024T09:18:39 - [TEST_STEP][PASSED] - if (fileDouble != pageDouble): null

16-10-2024T09:18:39 - [TEST_STEP][PASSED] - numberOfErrors = numberOfErrors + 1: null

16-10-2024T09:18:39 - [TEST_STEP][PASSED] - Script1718980020443.WriteToExcel(a, typeOfData, todaysDate, pageInt, fileInt, pageDouble, fileDouble, dZO): null

16-10-2024T09:18:39 - [TEST_STEP][PASSED] - sheetName = "Sheet1": null

16-10-2024T09:18:39 - [TEST_STEP][PASSED] - data = findTestData("PlanFact"): null

16-10-2024T09:18:39 - [TEST_STEP][PASSED] - n = data.getRowNumbers() + 1: null

16-10-2024T09:18:39 - [TEST_STEP][PASSED] - year = todaysDate.substring(todaysDate.length() - 4, todaysDate.length()): null

16-10-2024T09:18:39 - [TEST_STEP][PASSED] - y = year.toInteger(): null

16-10-2024T09:18:39 - [TEST_STEP][PASSED] - m = getText(findTestObject("Выполнение бизнес-плана/Период")): Text of object 'Object Repository/Выполнение бизнес-плана/Период' is: '1, 2 кв., Июль, Август 2024 года'

16-10-2024T09:18:39 - [MESSAGE][PASSED] - Text of object 'Object Repository/Выполнение бизнес-плана/Период' is: '1, 2 кв., Июль, Август 2024 года'

16-10-2024T09:18:39 - [TEST_STEP][PASSED] - m = m.substring(0, m.indexOf("2024")): null

16-10-2024T09:18:39 - [TEST_STEP][PASSED] - m = m.trim(): null

16-10-2024T09:18:39 - [TEST_STEP][PASSED] - dashboardName = "Выполнение бизнес-плана": null

16-10-2024T09:18:39 - [TEST_STEP][PASSED] - workbook01 = getWorkbook(excelFilePath): null

16-10-2024T09:18:39 - [TEST_STEP][PASSED] - sheet01 = getExcelSheet(workbook01, sheetName): null

16-10-2024T09:18:39 - [TEST_STEP][PASSED] - setValueToCellByIndex(sheet01, n, 0, dashboardName): null

16-10-2024T09:18:39 - [TEST_STEP][PASSED] - setValueToCellByIndex(sheet01, n, 1, dZO): null

16-10-2024T09:18:39 - [TEST_STEP][PASSED] - setValueToCellByIndex(sheet01, n, 2, typeOfData): null

16-10-2024T09:18:39 - [TEST_STEP][PASSED] - if (typeOfData == "Факт в процентах" || typeOfData == "План в процентах"): null

16-10-2024T09:18:39 - [TEST_STEP][PASSED] - setValueToCellByIndex(sheet01, n, 3, fileDouble): null

16-10-2024T09:18:39 - [TEST_STEP][PASSED] - setValueToCellByIndex(sheet01, n, 4, pageDouble): null

16-10-2024T09:18:39 - [TEST_STEP][PASSED] - setValueToCellByIndex(sheet01, n, 5, m): null

16-10-2024T09:18:39 - [TEST_STEP][PASSED] - setValueToCellByIndex(sheet01, n, 6, y): null

16-10-2024T09:18:39 - [TEST_STEP][PASSED] - setValueToCellByIndex(sheet01, n, 7, todaysDate): null

16-10-2024T09:18:39 - [TEST_STEP][PASSED] - n = n + 1: null

16-10-2024T09:18:39 - [TEST_STEP][PASSED] - saveWorkbook(excelFilePath, workbook01): null

16-10-2024T09:18:39 - [TEST_STEP][FAILED] - if (verifyEqual(numberOfErrors, 0) == false): null

16-10-2024T09:18:39 - [MESSAGE][FAILED] - Unable to verify equal between actual object '6' and expected object '0' (Root cause: com.kms.katalon.core.exception.StepFailedException: Actual object '6' and expected object '0' are not equal
	at com.kms.katalon.core.keyword.builtin.VerifyEqualKeyword$_verifyEqual_closure1.doCall(VerifyEqualKeyword.groovy:58)
	at com.kms.katalon.core.keyword.builtin.VerifyEqualKeyword$_verifyEqual_closure1.call(VerifyEqualKeyword.groovy)
	at com.kms.katalon.core.keyword.internal.KeywordMain.runKeyword(KeywordMain.groovy:75)
	at com.kms.katalon.core.keyword.builtin.VerifyEqualKeyword.verifyEqual(VerifyEqualKeyword.groovy:63)
	at com.kms.katalon.core.keyword.builtin.VerifyEqualKeyword.execute(VerifyEqualKeyword.groovy:44)
	at com.kms.katalon.core.keyword.internal.KeywordExecutor.executeKeywordForPlatform(KeywordExecutor.groovy:74)
	at com.kms.katalon.core.keyword.BuiltinKeywords.verifyEqual(BuiltinKeywords.groovy:146)
	at jdk.internal.reflect.GeneratedMethodAccessor25.invoke(Unknown Source)
	at java.base/jdk.internal.reflect.DelegatingMethodAccessorImpl.invoke(DelegatingMethodAccessorImpl.java:43)
	at Выполнение бизнес-плана Сверка ПАО Россети все филиалы.Numbers(Выполнение бизнес-плана Сверка ПАО Россети все филиалы:749)
	at Выполнение бизнес-плана Сверка ПАО Россети все филиалы.Filials(Выполнение бизнес-плана Сверка ПАО Россети все филиалы:1212)
	at Выполнение бизнес-плана Сверка ПАО Россети все филиалы.Numbers(Выполнение бизнес-плана Сверка ПАО Россети все филиалы:754)
	at Выполнение бизнес-плана Сверка ПАО Россети все филиалы.run(Выполнение бизнес-плана Сверка ПАО Россети все филиалы:397)
	at com.kms.katalon.core.main.ScriptEngine.run(ScriptEngine.java:194)
	at com.kms.katalon.core.main.ScriptEngine.runScriptAsRawText(ScriptEngine.java:119)
	at com.kms.katalon.core.main.TestCaseExecutor.runScript(TestCaseExecutor.java:448)
	at com.kms.katalon.core.main.TestCaseExecutor.doExecute(TestCaseExecutor.java:439)
	at com.kms.katalon.core.main.TestCaseExecutor.processExecutionPhase(TestCaseExecutor.java:418)
	at com.kms.katalon.core.main.TestCaseExecutor.accessMainPhase(TestCaseExecutor.java:410)
	at com.kms.katalon.core.main.TestCaseExecutor.execute(TestCaseExecutor.java:285)
	at com.kms.katalon.core.common.CommonExecutor.accessTestCaseMainPhase(CommonExecutor.java:65)
	at com.kms.katalon.core.main.TestSuiteExecutor.accessTestSuiteMainPhase(TestSuiteExecutor.java:150)
	at com.kms.katalon.core.main.TestSuiteExecutor.execute(TestSuiteExecutor.java:106)
	at com.kms.katalon.core.main.TestCaseMain.startTestSuite(TestCaseMain.java:180)
	at TempTestSuite1729057289574.run(TempTestSuite1729057289574.groovy:35)
	at java.base/jdk.internal.reflect.NativeMethodAccessorImpl.invoke0(Native Method)
	at java.base/jdk.internal.reflect.NativeMethodAccessorImpl.invoke(NativeMethodAccessorImpl.java:77)
	at java.base/jdk.internal.reflect.DelegatingMethodAccessorImpl.invoke(DelegatingMethodAccessorImpl.java:43)
)

16-10-2024T09:18:39 - [TEST_STEP][PASSED] - println(numberOfErrors): null

16-10-2024T09:18:39 - [TEST_STEP][PASSED] - if (a == 28 || a == 77 || a == 74 || a == 65 || a == 36 || a == 44 || a == 54 || a == 1 || a == 18 || a == 59): null

16-10-2024T09:18:39 - [TEST_STEP][PASSED] - if (a == 82): null

16-10-2024T09:18:39 - [TEST_STEP][PASSED] - dZO = "Воронежэнерго": null

16-10-2024T09:18:39 - [TEST_STEP][PASSED] - a = 4: null

16-10-2024T09:18:39 - [TEST_STEP][PASSED] - if (x2.contains(dZO)): null

16-10-2024T09:18:39 - [TEST_STEP][PASSED] - filialNum = filialNum + 1: null

16-10-2024T09:18:39 - [TEST_STEP][PASSED] - Script1718980020443.Numbers(a, typeOfData, todaysDate, pageInt, fileInt, pageDouble, fileDouble, dZO, dzoNum, filialNum): null

16-10-2024T09:18:39 - [TEST_STEP][PASSED] - println(dzoNum): null

16-10-2024T09:18:39 - [TEST_STEP][PASSED] - planFact = <not implemented yet for class: org.codehaus.groovy.ast.expr.EmptyExpression>: null

16-10-2024T09:18:39 - [TEST_STEP][PASSED] - page = <not implemented yet for class: org.codehaus.groovy.ast.expr.EmptyExpression>: null

16-10-2024T09:18:39 - [TEST_STEP][PASSED] - page1 = <not implemented yet for class: org.codehaus.groovy.ast.expr.EmptyExpression>: null

16-10-2024T09:18:39 - [TEST_STEP][PASSED] - page2 = <not implemented yet for class: org.codehaus.groovy.ast.expr.EmptyExpression>: null

16-10-2024T09:18:39 - [TEST_STEP][PASSED] - filialNumberInRow = <not implemented yet for class: org.codehaus.groovy.ast.expr.EmptyExpression>: null

16-10-2024T09:18:39 - [TEST_STEP][PASSED] - filialsDzoNames = <not implemented yet for class: org.codehaus.groovy.ast.expr.EmptyExpression>: null

16-10-2024T09:18:39 - [TEST_STEP][PASSED] - numberOfFilials = <not implemented yet for class: org.codehaus.groovy.ast.expr.EmptyExpression>: null

16-10-2024T09:18:39 - [TEST_STEP][PASSED] - numberOfSpaces = <not implemented yet for class: org.codehaus.groovy.ast.expr.EmptyExpression>: null

16-10-2024T09:18:39 - [TEST_STEP][PASSED] - file = <not implemented yet for class: org.codehaus.groovy.ast.expr.EmptyExpression>: null

16-10-2024T09:18:39 - [TEST_STEP][PASSED] - otpusk = <not implemented yet for class: org.codehaus.groovy.ast.expr.EmptyExpression>: null

16-10-2024T09:18:39 - [TEST_STEP][PASSED] - poteri = <not implemented yet for class: org.codehaus.groovy.ast.expr.EmptyExpression>: null

16-10-2024T09:18:39 - [TEST_STEP][PASSED] - dataFolder = "Выполнение бизнес-плана/Значения со страницы Выполнение бизнес-плана/": null

16-10-2024T09:18:39 - [TEST_STEP][PASSED] - path = <not implemented yet for class: org.codehaus.groovy.ast.expr.EmptyExpression>: null

16-10-2024T09:18:39 - [TEST_STEP][PASSED] - typeOfDataMain = <not implemented yet for class: org.codehaus.groovy.ast.expr.EmptyExpression>: null

16-10-2024T09:18:39 - [TEST_STEP][PASSED] - fileOtpuskVSet = <not implemented yet for class: org.codehaus.groovy.ast.expr.EmptyExpression>: null

16-10-2024T09:18:39 - [TEST_STEP][PASSED] - pageOtpuskVSet = <not implemented yet for class: org.codehaus.groovy.ast.expr.EmptyExpression>: null

16-10-2024T09:18:39 - [TEST_STEP][PASSED] - filePoteri = <not implemented yet for class: org.codehaus.groovy.ast.expr.EmptyExpression>: null

16-10-2024T09:18:39 - [TEST_STEP][PASSED] - pagePoteri = <not implemented yet for class: org.codehaus.groovy.ast.expr.EmptyExpression>: null

16-10-2024T09:18:39 - [TEST_STEP][PASSED] - compare = <not implemented yet for class: org.codehaus.groovy.ast.expr.EmptyExpression>: null

16-10-2024T09:18:39 - [TEST_STEP][PASSED] - b = <not implemented yet for class: org.codehaus.groovy.ast.expr.EmptyExpression>: null

16-10-2024T09:18:39 - [TEST_STEP][PASSED] - i = <not implemented yet for class: org.codehaus.groovy.ast.expr.EmptyExpression>: null

16-10-2024T09:18:39 - [TEST_STEP][PASSED] - ii = <not implemented yet for class: org.codehaus.groovy.ast.expr.EmptyExpression>: null

16-10-2024T09:18:39 - [TEST_STEP][PASSED] - c = <not implemented yet for class: org.codehaus.groovy.ast.expr.EmptyExpression>: null

16-10-2024T09:18:39 - [TEST_STEP][PASSED] - numberOfErrors = 0: null

16-10-2024T09:18:39 - [TEST_STEP][PASSED] - if (a == 82): null

16-10-2024T09:18:39 - [TEST_STEP][PASSED] - b = findTestData("PlanFact").getValue(1, a): null

16-10-2024T09:18:40 - [TEST_STEP][PASSED] - i = b.indexOf(" (ГК)"): null

16-10-2024T09:18:40 - [TEST_STEP][PASSED] - if (i > -1): null

16-10-2024T09:18:40 - [TEST_STEP][PASSED] - i = b.indexOf("О ""): null

16-10-2024T09:18:40 - [TEST_STEP][PASSED] - if (i > -1): null

16-10-2024T09:18:40 - [TEST_STEP][PASSED] - i = b.indexOf("О «"): null

16-10-2024T09:18:40 - [TEST_STEP][PASSED] - if (i > -1): null

16-10-2024T09:18:40 - [TEST_STEP][PASSED] - i = b.indexOf("г. "): null

16-10-2024T09:18:40 - [TEST_STEP][PASSED] - if (i > -1): null

16-10-2024T09:18:40 - [TEST_STEP][PASSED] - println(b): null

16-10-2024T09:18:40 - [TEST_STEP][PASSED] - for ([planFact = 1, planFact < 3, (planFact++)]): null

16-10-2024T09:18:40 - [TEST_STEP][PASSED] - if (planFact == 1): null

16-10-2024T09:18:40 - [TEST_STEP][PASSED] - typeOfDataMain = "Факт": null

16-10-2024T09:18:40 - [TEST_STEP][PASSED] - otpusk = findTestData("PlanFact").getValue(5, a): null

16-10-2024T09:18:40 - [TEST_STEP][PASSED] - poteri = findTestData("PlanFact").getValue(6, a): null

16-10-2024T09:18:40 - [TEST_STEP][PASSED] - otpusk = otpusk.replaceAll("\s+", ""): null

16-10-2024T09:18:40 - [TEST_STEP][PASSED] - poteri = poteri.replaceAll("\s+", ""): null

16-10-2024T09:18:40 - [TEST_STEP][PASSED] - typeOfData = typeOfDataMain + " Отпуск в сеть": null

16-10-2024T09:18:40 - [TEST_STEP][PASSED] - if (a == 82): null

16-10-2024T09:18:40 - [TEST_STEP][PASSED] - else if (a == 84): null

16-10-2024T09:18:40 - [TEST_STEP][PASSED] - else if (a == 52 || a == 72 || a == 28 || a == 73 || a == 77 || a == 74 || a == 65 || a == 36 || a == 44 || a == 53 || a == 80 || a == 54 || a == 1 || a == 18 || a == 59 || a == 81): null

16-10-2024T09:18:40 - [TEST_STEP][PASSED] - else: null

16-10-2024T09:18:40 - [TEST_STEP][PASSED] - path = dataFolder + typeOfData + " за отчётный период " + b: null

16-10-2024T09:18:40 - [TEST_STEP][PASSED] - println(path): null

16-10-2024T09:18:40 - [TEST_STEP][PASSED] - page = getText(findTestObject(path)): Text of object 'Object Repository/Выполнение бизнес-плана/Значения со страницы Выполнение бизнес-плана/Факт Отпуск в сеть за отчётный период Воронежэнерго' is: '6 727 422'

16-10-2024T09:18:40 - [MESSAGE][PASSED] - Text of object 'Object Repository/Выполнение бизнес-плана/Значения со страницы Выполнение бизнес-плана/Факт Отпуск в сеть за отчётный период Воронежэнерго' is: '6 727 422'

16-10-2024T09:18:40 - [TEST_STEP][PASSED] - page = page.replaceAll("\s+", ""): null

16-10-2024T09:18:40 - [TEST_STEP][PASSED] - fileOtpuskVSet = otpusk.toInteger(): null

16-10-2024T09:18:40 - [TEST_STEP][PASSED] - pageOtpuskVSet = page.toInteger(): null

16-10-2024T09:18:40 - [TEST_STEP][PASSED] - typeOfData = typeOfDataMain + " Потери": null

16-10-2024T09:18:40 - [TEST_STEP][PASSED] - if (a == 82): null

16-10-2024T09:18:40 - [TEST_STEP][PASSED] - else if (a == 84): null

16-10-2024T09:18:40 - [TEST_STEP][PASSED] - else if (a == 52 || a == 72 || a == 28 || a == 73 || a == 77 || a == 74 || a == 65 || a == 36 || a == 44 || a == 53 || a == 80 || a == 54 || a == 1 || a == 18 || a == 59 || a == 81): null

16-10-2024T09:18:40 - [TEST_STEP][PASSED] - else: null

16-10-2024T09:18:40 - [TEST_STEP][PASSED] - path = dataFolder + typeOfData + " за отчётный период " + b: null

16-10-2024T09:18:40 - [TEST_STEP][PASSED] - page = getText(findTestObject(path)): Text of object 'Object Repository/Выполнение бизнес-плана/Значения со страницы Выполнение бизнес-плана/Факт Потери за отчётный период Воронежэнерго' is: '497 085'

16-10-2024T09:18:40 - [MESSAGE][PASSED] - Text of object 'Object Repository/Выполнение бизнес-плана/Значения со страницы Выполнение бизнес-плана/Факт Потери за отчётный период Воронежэнерго' is: '497 085'

16-10-2024T09:18:40 - [TEST_STEP][PASSED] - page = page.replaceAll("\s+", ""): null

16-10-2024T09:18:40 - [TEST_STEP][PASSED] - filePoteri = poteri.toInteger(): null

16-10-2024T09:18:40 - [TEST_STEP][PASSED] - pagePoteri = page.toInteger(): null

16-10-2024T09:18:40 - [TEST_STEP][PASSED] - compare = pageOtpuskVSet: null

16-10-2024T09:18:40 - [TEST_STEP][PASSED] - if (compare == fileOtpuskVSet): null

16-10-2024T09:18:40 - [TEST_STEP][PASSED] - else if (compare > fileOtpuskVSet): null

16-10-2024T09:18:40 - [TEST_STEP][PASSED] - compare = compare - 1: null

16-10-2024T09:18:40 - [TEST_STEP][PASSED] - if (compare == fileOtpuskVSet): null

16-10-2024T09:18:40 - [TEST_STEP][PASSED] - else: null

16-10-2024T09:18:40 - [TEST_STEP][PASSED] - numberOfErrors = numberOfErrors + 1: null

16-10-2024T09:18:40 - [TEST_STEP][PASSED] - pageInt = pageOtpuskVSet: null

16-10-2024T09:18:40 - [TEST_STEP][PASSED] - fileInt = fileOtpuskVSet: null

16-10-2024T09:18:40 - [TEST_STEP][PASSED] - typeOfData = typeOfDataMain + " Отпуск в сеть": null

16-10-2024T09:18:40 - [TEST_STEP][PASSED] - Script1718980020443.WriteToExcel(a, typeOfData, todaysDate, pageInt, fileInt, pageDouble, fileDouble, dZO): null

16-10-2024T09:18:40 - [TEST_STEP][PASSED] - sheetName = "Sheet1": null

16-10-2024T09:18:40 - [TEST_STEP][PASSED] - data = findTestData("PlanFact"): null

16-10-2024T09:18:40 - [TEST_STEP][PASSED] - n = data.getRowNumbers() + 1: null

16-10-2024T09:18:40 - [TEST_STEP][PASSED] - year = todaysDate.substring(todaysDate.length() - 4, todaysDate.length()): null

16-10-2024T09:18:40 - [TEST_STEP][PASSED] - y = year.toInteger(): null

16-10-2024T09:18:40 - [TEST_STEP][PASSED] - m = getText(findTestObject("Выполнение бизнес-плана/Период")): Text of object 'Object Repository/Выполнение бизнес-плана/Период' is: '1, 2 кв., Июль, Август 2024 года'

16-10-2024T09:18:41 - [MESSAGE][PASSED] - Text of object 'Object Repository/Выполнение бизнес-плана/Период' is: '1, 2 кв., Июль, Август 2024 года'

16-10-2024T09:18:41 - [TEST_STEP][PASSED] - m = m.substring(0, m.indexOf("2024")): null

16-10-2024T09:18:41 - [TEST_STEP][PASSED] - m = m.trim(): null

16-10-2024T09:18:41 - [TEST_STEP][PASSED] - dashboardName = "Выполнение бизнес-плана": null

16-10-2024T09:18:41 - [TEST_STEP][PASSED] - workbook01 = getWorkbook(excelFilePath): null

16-10-2024T09:18:41 - [TEST_STEP][PASSED] - sheet01 = getExcelSheet(workbook01, sheetName): null

16-10-2024T09:18:41 - [TEST_STEP][PASSED] - setValueToCellByIndex(sheet01, n, 0, dashboardName): null

16-10-2024T09:18:41 - [TEST_STEP][PASSED] - setValueToCellByIndex(sheet01, n, 1, dZO): null

16-10-2024T09:18:41 - [TEST_STEP][PASSED] - setValueToCellByIndex(sheet01, n, 2, typeOfData): null

16-10-2024T09:18:41 - [TEST_STEP][PASSED] - if (typeOfData == "Факт в процентах" || typeOfData == "План в процентах"): null

16-10-2024T09:18:41 - [TEST_STEP][PASSED] - else: null

16-10-2024T09:18:41 - [TEST_STEP][PASSED] - setValueToCellByIndex(sheet01, n, 3, fileInt): null

16-10-2024T09:18:41 - [TEST_STEP][PASSED] - setValueToCellByIndex(sheet01, n, 4, pageInt): null

16-10-2024T09:18:41 - [TEST_STEP][PASSED] - setValueToCellByIndex(sheet01, n, 5, m): null

16-10-2024T09:18:41 - [TEST_STEP][PASSED] - setValueToCellByIndex(sheet01, n, 6, y): null

16-10-2024T09:18:41 - [TEST_STEP][PASSED] - setValueToCellByIndex(sheet01, n, 7, todaysDate): null

16-10-2024T09:18:41 - [TEST_STEP][PASSED] - n = n + 1: null

16-10-2024T09:18:41 - [TEST_STEP][PASSED] - saveWorkbook(excelFilePath, workbook01): null

16-10-2024T09:18:41 - [TEST_STEP][PASSED] - compare = pagePoteri: null

16-10-2024T09:18:41 - [TEST_STEP][PASSED] - if (compare == filePoteri): null

16-10-2024T09:18:41 - [TEST_STEP][PASSED] - else if (compare > filePoteri): null

16-10-2024T09:18:41 - [TEST_STEP][PASSED] - compare = compare - 1: null

16-10-2024T09:18:41 - [TEST_STEP][PASSED] - if (compare == filePoteri): null

16-10-2024T09:18:41 - [TEST_STEP][PASSED] - else: null

16-10-2024T09:18:41 - [TEST_STEP][PASSED] - numberOfErrors = numberOfErrors + 1: null

16-10-2024T09:18:41 - [TEST_STEP][PASSED] - pageInt = pagePoteri: null

16-10-2024T09:18:41 - [TEST_STEP][PASSED] - fileInt = filePoteri: null

16-10-2024T09:18:41 - [TEST_STEP][PASSED] - typeOfData = typeOfDataMain + " Потери": null

16-10-2024T09:18:41 - [TEST_STEP][PASSED] - Script1718980020443.WriteToExcel(a, typeOfData, todaysDate, pageInt, fileInt, pageDouble, fileDouble, dZO): null

16-10-2024T09:18:41 - [TEST_STEP][PASSED] - sheetName = "Sheet1": null

16-10-2024T09:18:41 - [TEST_STEP][PASSED] - data = findTestData("PlanFact"): null

16-10-2024T09:18:41 - [TEST_STEP][PASSED] - n = data.getRowNumbers() + 1: null

16-10-2024T09:18:41 - [TEST_STEP][PASSED] - year = todaysDate.substring(todaysDate.length() - 4, todaysDate.length()): null

16-10-2024T09:18:41 - [TEST_STEP][PASSED] - y = year.toInteger(): null

16-10-2024T09:18:41 - [TEST_STEP][PASSED] - m = getText(findTestObject("Выполнение бизнес-плана/Период")): Text of object 'Object Repository/Выполнение бизнес-плана/Период' is: '1, 2 кв., Июль, Август 2024 года'

16-10-2024T09:18:41 - [MESSAGE][PASSED] - Text of object 'Object Repository/Выполнение бизнес-плана/Период' is: '1, 2 кв., Июль, Август 2024 года'

16-10-2024T09:18:41 - [TEST_STEP][PASSED] - m = m.substring(0, m.indexOf("2024")): null

16-10-2024T09:18:41 - [TEST_STEP][PASSED] - m = m.trim(): null

16-10-2024T09:18:41 - [TEST_STEP][PASSED] - dashboardName = "Выполнение бизнес-плана": null

16-10-2024T09:18:41 - [TEST_STEP][PASSED] - workbook01 = getWorkbook(excelFilePath): null

16-10-2024T09:18:41 - [TEST_STEP][PASSED] - sheet01 = getExcelSheet(workbook01, sheetName): null

16-10-2024T09:18:41 - [TEST_STEP][PASSED] - setValueToCellByIndex(sheet01, n, 0, dashboardName): null

16-10-2024T09:18:41 - [TEST_STEP][PASSED] - setValueToCellByIndex(sheet01, n, 1, dZO): null

16-10-2024T09:18:41 - [TEST_STEP][PASSED] - setValueToCellByIndex(sheet01, n, 2, typeOfData): null

16-10-2024T09:18:41 - [TEST_STEP][PASSED] - if (typeOfData == "Факт в процентах" || typeOfData == "План в процентах"): null

16-10-2024T09:18:41 - [TEST_STEP][PASSED] - else: null

16-10-2024T09:18:41 - [TEST_STEP][PASSED] - setValueToCellByIndex(sheet01, n, 3, fileInt): null

16-10-2024T09:18:41 - [TEST_STEP][PASSED] - setValueToCellByIndex(sheet01, n, 4, pageInt): null

16-10-2024T09:18:41 - [TEST_STEP][PASSED] - setValueToCellByIndex(sheet01, n, 5, m): null

16-10-2024T09:18:41 - [TEST_STEP][PASSED] - setValueToCellByIndex(sheet01, n, 6, y): null

16-10-2024T09:18:41 - [TEST_STEP][PASSED] - setValueToCellByIndex(sheet01, n, 7, todaysDate): null

16-10-2024T09:18:41 - [TEST_STEP][PASSED] - n = n + 1: null

16-10-2024T09:18:41 - [TEST_STEP][PASSED] - saveWorkbook(excelFilePath, workbook01): null

16-10-2024T09:18:42 - [TEST_STEP][PASSED] - if (planFact == 2): null

16-10-2024T09:18:42 - [TEST_STEP][PASSED] - if (planFact == 1): null

16-10-2024T09:18:42 - [TEST_STEP][PASSED] - else if (planFact == 2): null

16-10-2024T09:18:42 - [TEST_STEP][PASSED] - click(findTestObject("Выполнение бизнес-плана/Кнопка План")): Object: 'Object Repository/Выполнение бизнес-плана/Кнопка План' is clicked on

16-10-2024T09:18:42 - [MESSAGE][PASSED] - Object: 'Object Repository/Выполнение бизнес-плана/Кнопка План' is clicked on

16-10-2024T09:18:42 - [TEST_STEP][PASSED] - typeOfDataMain = "План": null

16-10-2024T09:18:42 - [TEST_STEP][PASSED] - otpusk = findTestData("PlanFact").getValue(2, a): null

16-10-2024T09:18:42 - [TEST_STEP][PASSED] - poteri = findTestData("PlanFact").getValue(3, a): null

16-10-2024T09:18:42 - [TEST_STEP][PASSED] - otpusk = otpusk.replaceAll("\s+", ""): null

16-10-2024T09:18:42 - [TEST_STEP][PASSED] - poteri = poteri.replaceAll("\s+", ""): null

16-10-2024T09:18:42 - [TEST_STEP][PASSED] - typeOfData = typeOfDataMain + " Отпуск в сеть": null

16-10-2024T09:18:42 - [TEST_STEP][PASSED] - if (a == 82): null

16-10-2024T09:18:42 - [TEST_STEP][PASSED] - else if (a == 84): null

16-10-2024T09:18:42 - [TEST_STEP][PASSED] - else if (a == 52 || a == 72 || a == 28 || a == 73 || a == 77 || a == 74 || a == 65 || a == 36 || a == 44 || a == 53 || a == 80 || a == 54 || a == 1 || a == 18 || a == 59 || a == 81): null

16-10-2024T09:18:42 - [TEST_STEP][PASSED] - else: null

16-10-2024T09:18:42 - [TEST_STEP][PASSED] - path = dataFolder + typeOfData + " за отчётный период " + b: null

16-10-2024T09:18:42 - [TEST_STEP][PASSED] - println(path): null

16-10-2024T09:18:42 - [TEST_STEP][PASSED] - page = getText(findTestObject(path)): Text of object 'Object Repository/Выполнение бизнес-плана/Значения со страницы Выполнение бизнес-плана/План Отпуск в сеть за отчётный период Воронежэнерго' is: '6 454 010'

16-10-2024T09:18:42 - [MESSAGE][PASSED] - Text of object 'Object Repository/Выполнение бизнес-плана/Значения со страницы Выполнение бизнес-плана/План Отпуск в сеть за отчётный период Воронежэнерго' is: '6 454 010'

16-10-2024T09:18:42 - [TEST_STEP][PASSED] - page = page.replaceAll("\s+", ""): null

16-10-2024T09:18:42 - [TEST_STEP][PASSED] - fileOtpuskVSet = otpusk.toInteger(): null

16-10-2024T09:18:42 - [TEST_STEP][PASSED] - pageOtpuskVSet = page.toInteger(): null

16-10-2024T09:18:42 - [TEST_STEP][PASSED] - typeOfData = typeOfDataMain + " Потери": null

16-10-2024T09:18:42 - [TEST_STEP][PASSED] - if (a == 82): null

16-10-2024T09:18:42 - [TEST_STEP][PASSED] - else if (a == 84): null

16-10-2024T09:18:42 - [TEST_STEP][PASSED] - else if (a == 52 || a == 72 || a == 28 || a == 73 || a == 77 || a == 74 || a == 65 || a == 36 || a == 44 || a == 53 || a == 80 || a == 54 || a == 1 || a == 18 || a == 59 || a == 81): null

16-10-2024T09:18:42 - [TEST_STEP][PASSED] - else: null

16-10-2024T09:18:42 - [TEST_STEP][PASSED] - path = dataFolder + typeOfData + " за отчётный период " + b: null

16-10-2024T09:18:42 - [TEST_STEP][PASSED] - page = getText(findTestObject(path)): Text of object 'Object Repository/Выполнение бизнес-плана/Значения со страницы Выполнение бизнес-плана/План Потери за отчётный период Воронежэнерго' is: '500 610'

16-10-2024T09:18:43 - [MESSAGE][PASSED] - Text of object 'Object Repository/Выполнение бизнес-плана/Значения со страницы Выполнение бизнес-плана/План Потери за отчётный период Воронежэнерго' is: '500 610'

16-10-2024T09:18:43 - [TEST_STEP][PASSED] - page = page.replaceAll("\s+", ""): null

16-10-2024T09:18:43 - [TEST_STEP][PASSED] - filePoteri = poteri.toInteger(): null

16-10-2024T09:18:43 - [TEST_STEP][PASSED] - pagePoteri = page.toInteger(): null

16-10-2024T09:18:43 - [TEST_STEP][PASSED] - compare = pageOtpuskVSet: null

16-10-2024T09:18:43 - [TEST_STEP][PASSED] - if (compare == fileOtpuskVSet): null

16-10-2024T09:18:43 - [TEST_STEP][PASSED] - else if (compare > fileOtpuskVSet): null

16-10-2024T09:18:43 - [TEST_STEP][PASSED] - compare = compare - 1: null

16-10-2024T09:18:43 - [TEST_STEP][PASSED] - if (compare == fileOtpuskVSet): null

16-10-2024T09:18:43 - [TEST_STEP][PASSED] - else: null

16-10-2024T09:18:43 - [TEST_STEP][PASSED] - numberOfErrors = numberOfErrors + 1: null

16-10-2024T09:18:43 - [TEST_STEP][PASSED] - pageInt = pageOtpuskVSet: null

16-10-2024T09:18:43 - [TEST_STEP][PASSED] - fileInt = fileOtpuskVSet: null

16-10-2024T09:18:43 - [TEST_STEP][PASSED] - typeOfData = typeOfDataMain + " Отпуск в сеть": null

16-10-2024T09:18:43 - [TEST_STEP][PASSED] - Script1718980020443.WriteToExcel(a, typeOfData, todaysDate, pageInt, fileInt, pageDouble, fileDouble, dZO): null

16-10-2024T09:18:43 - [TEST_STEP][PASSED] - sheetName = "Sheet1": null

16-10-2024T09:18:43 - [TEST_STEP][PASSED] - data = findTestData("PlanFact"): null

16-10-2024T09:18:43 - [TEST_STEP][PASSED] - n = data.getRowNumbers() + 1: null

16-10-2024T09:18:43 - [TEST_STEP][PASSED] - year = todaysDate.substring(todaysDate.length() - 4, todaysDate.length()): null

16-10-2024T09:18:43 - [TEST_STEP][PASSED] - y = year.toInteger(): null

16-10-2024T09:18:43 - [TEST_STEP][PASSED] - m = getText(findTestObject("Выполнение бизнес-плана/Период")): Text of object 'Object Repository/Выполнение бизнес-плана/Период' is: '1, 2 кв., Июль, Август 2024 года'

16-10-2024T09:18:43 - [MESSAGE][PASSED] - Text of object 'Object Repository/Выполнение бизнес-плана/Период' is: '1, 2 кв., Июль, Август 2024 года'

16-10-2024T09:18:43 - [TEST_STEP][PASSED] - m = m.substring(0, m.indexOf("2024")): null

16-10-2024T09:18:43 - [TEST_STEP][PASSED] - m = m.trim(): null

16-10-2024T09:18:43 - [TEST_STEP][PASSED] - dashboardName = "Выполнение бизнес-плана": null

16-10-2024T09:18:43 - [TEST_STEP][PASSED] - workbook01 = getWorkbook(excelFilePath): null

16-10-2024T09:18:43 - [TEST_STEP][PASSED] - sheet01 = getExcelSheet(workbook01, sheetName): null

16-10-2024T09:18:43 - [TEST_STEP][PASSED] - setValueToCellByIndex(sheet01, n, 0, dashboardName): null

16-10-2024T09:18:43 - [TEST_STEP][PASSED] - setValueToCellByIndex(sheet01, n, 1, dZO): null

16-10-2024T09:18:43 - [TEST_STEP][PASSED] - setValueToCellByIndex(sheet01, n, 2, typeOfData): null

16-10-2024T09:18:43 - [TEST_STEP][PASSED] - if (typeOfData == "Факт в процентах" || typeOfData == "План в процентах"): null

16-10-2024T09:18:43 - [TEST_STEP][PASSED] - else: null

16-10-2024T09:18:43 - [TEST_STEP][PASSED] - setValueToCellByIndex(sheet01, n, 3, fileInt): null

16-10-2024T09:18:43 - [TEST_STEP][PASSED] - setValueToCellByIndex(sheet01, n, 4, pageInt): null

16-10-2024T09:18:43 - [TEST_STEP][PASSED] - setValueToCellByIndex(sheet01, n, 5, m): null

16-10-2024T09:18:43 - [TEST_STEP][PASSED] - setValueToCellByIndex(sheet01, n, 6, y): null

16-10-2024T09:18:43 - [TEST_STEP][PASSED] - setValueToCellByIndex(sheet01, n, 7, todaysDate): null

16-10-2024T09:18:43 - [TEST_STEP][PASSED] - n = n + 1: null

16-10-2024T09:18:43 - [TEST_STEP][PASSED] - saveWorkbook(excelFilePath, workbook01): null

16-10-2024T09:18:43 - [TEST_STEP][PASSED] - compare = pagePoteri: null

16-10-2024T09:18:43 - [TEST_STEP][PASSED] - if (compare == filePoteri): null

16-10-2024T09:18:43 - [TEST_STEP][PASSED] - else if (compare > filePoteri): null

16-10-2024T09:18:43 - [TEST_STEP][PASSED] - compare = compare - 1: null

16-10-2024T09:18:43 - [TEST_STEP][PASSED] - if (compare == filePoteri): null

16-10-2024T09:18:43 - [TEST_STEP][PASSED] - else: null

16-10-2024T09:18:43 - [TEST_STEP][PASSED] - numberOfErrors = numberOfErrors + 1: null

16-10-2024T09:18:43 - [TEST_STEP][PASSED] - pageInt = pagePoteri: null

16-10-2024T09:18:43 - [TEST_STEP][PASSED] - fileInt = filePoteri: null

16-10-2024T09:18:43 - [TEST_STEP][PASSED] - typeOfData = typeOfDataMain + " Потери": null

16-10-2024T09:18:43 - [TEST_STEP][PASSED] - Script1718980020443.WriteToExcel(a, typeOfData, todaysDate, pageInt, fileInt, pageDouble, fileDouble, dZO): null

16-10-2024T09:18:43 - [TEST_STEP][PASSED] - sheetName = "Sheet1": null

16-10-2024T09:18:43 - [TEST_STEP][PASSED] - data = findTestData("PlanFact"): null

16-10-2024T09:18:43 - [TEST_STEP][PASSED] - n = data.getRowNumbers() + 1: null

16-10-2024T09:18:43 - [TEST_STEP][PASSED] - year = todaysDate.substring(todaysDate.length() - 4, todaysDate.length()): null

16-10-2024T09:18:43 - [TEST_STEP][PASSED] - y = year.toInteger(): null

16-10-2024T09:18:43 - [TEST_STEP][PASSED] - m = getText(findTestObject("Выполнение бизнес-плана/Период")): Text of object 'Object Repository/Выполнение бизнес-плана/Период' is: '1, 2 кв., Июль, Август 2024 года'

16-10-2024T09:18:44 - [MESSAGE][PASSED] - Text of object 'Object Repository/Выполнение бизнес-плана/Период' is: '1, 2 кв., Июль, Август 2024 года'

16-10-2024T09:18:44 - [TEST_STEP][PASSED] - m = m.substring(0, m.indexOf("2024")): null

16-10-2024T09:18:44 - [TEST_STEP][PASSED] - m = m.trim(): null

16-10-2024T09:18:44 - [TEST_STEP][PASSED] - dashboardName = "Выполнение бизнес-плана": null

16-10-2024T09:18:44 - [TEST_STEP][PASSED] - workbook01 = getWorkbook(excelFilePath): null

16-10-2024T09:18:44 - [TEST_STEP][PASSED] - sheet01 = getExcelSheet(workbook01, sheetName): null

16-10-2024T09:18:44 - [TEST_STEP][PASSED] - setValueToCellByIndex(sheet01, n, 0, dashboardName): null

16-10-2024T09:18:44 - [TEST_STEP][PASSED] - setValueToCellByIndex(sheet01, n, 1, dZO): null

16-10-2024T09:18:44 - [TEST_STEP][PASSED] - setValueToCellByIndex(sheet01, n, 2, typeOfData): null

16-10-2024T09:18:44 - [TEST_STEP][PASSED] - if (typeOfData == "Факт в процентах" || typeOfData == "План в процентах"): null

16-10-2024T09:18:44 - [TEST_STEP][PASSED] - else: null

16-10-2024T09:18:44 - [TEST_STEP][PASSED] - setValueToCellByIndex(sheet01, n, 3, fileInt): null

16-10-2024T09:18:44 - [TEST_STEP][PASSED] - setValueToCellByIndex(sheet01, n, 4, pageInt): null

16-10-2024T09:18:44 - [TEST_STEP][PASSED] - setValueToCellByIndex(sheet01, n, 5, m): null

16-10-2024T09:18:44 - [TEST_STEP][PASSED] - setValueToCellByIndex(sheet01, n, 6, y): null

16-10-2024T09:18:44 - [TEST_STEP][PASSED] - setValueToCellByIndex(sheet01, n, 7, todaysDate): null

16-10-2024T09:18:44 - [TEST_STEP][PASSED] - n = n + 1: null

16-10-2024T09:18:44 - [TEST_STEP][PASSED] - saveWorkbook(excelFilePath, workbook01): Object: 'Object Repository/Выполнение бизнес-плана/Кнопка Факт' is clicked on

16-10-2024T09:18:44 - [TEST_STEP][PASSED] - if (planFact == 2): Object: 'Object Repository/Выполнение бизнес-плана/Кнопка Факт' is clicked on

16-10-2024T09:18:44 - [TEST_STEP][PASSED] - click(findTestObject("Выполнение бизнес-плана/Кнопка Факт")): Object: 'Object Repository/Выполнение бизнес-плана/Кнопка Факт' is clicked on

16-10-2024T09:18:44 - [MESSAGE][PASSED] - Object: 'Object Repository/Выполнение бизнес-плана/Кнопка Факт' is clicked on

16-10-2024T09:18:44 - [TEST_STEP][PASSED] - if (a == 84 || a == 82): null

16-10-2024T09:18:44 - [TEST_STEP][PASSED] - else if (a == 52 || a == 72 || a == 28 || a == 73 || a == 77 || a == 74 || a == 65 || a == 36 || a == 44 || a == 53 || a == 80 || a == 54 || a == 1 || a == 18 || a == 59 || a == 81): null

16-10-2024T09:18:44 - [TEST_STEP][PASSED] - else: null

16-10-2024T09:18:44 - [TEST_STEP][PASSED] - page1 = getText(findTestObject("Object Repository/Выполнение бизнес-плана/spanPlan" + filialNum)): Text of object 'Object Repository/Выполнение бизнес-плана/spanPlan6' is: '7.76
|'

16-10-2024T09:18:45 - [MESSAGE][PASSED] - Text of object 'Object Repository/Выполнение бизнес-плана/spanPlan6' is: '7.76
|'

16-10-2024T09:18:45 - [TEST_STEP][PASSED] - page1 = page1.replace("|", ""): null

16-10-2024T09:18:45 - [TEST_STEP][PASSED] - page2 = getText(findTestObject("Object Repository/Выполнение бизнес-плана/spanFact" + filialNum)): Text of object 'Object Repository/Выполнение бизнес-плана/spanFact6' is: '7.39
|'

16-10-2024T09:18:45 - [MESSAGE][PASSED] - Text of object 'Object Repository/Выполнение бизнес-плана/spanFact6' is: '7.39
|'

16-10-2024T09:18:45 - [TEST_STEP][PASSED] - page2 = page2.replace("|", ""): null

16-10-2024T09:18:45 - [TEST_STEP][PASSED] - println("page1: " + page1): null

16-10-2024T09:18:45 - [TEST_STEP][PASSED] - println("page2: " + page2): null

16-10-2024T09:18:45 - [TEST_STEP][PASSED] - file = findTestData("PlanFact").getValue(4, a): null

16-10-2024T09:18:45 - [TEST_STEP][PASSED] - file = file.replace(",", "."): null

16-10-2024T09:18:45 - [TEST_STEP][PASSED] - println("file Plan: " + file): null

16-10-2024T09:18:45 - [TEST_STEP][PASSED] - typeOfData = "План в процентах": null

16-10-2024T09:18:45 - [TEST_STEP][PASSED] - fileDouble = file.toDouble(): null

16-10-2024T09:18:45 - [TEST_STEP][PASSED] - pageDouble = page1.toDouble(): null

16-10-2024T09:18:45 - [TEST_STEP][PASSED] - if (fileDouble != pageDouble): null

16-10-2024T09:18:45 - [TEST_STEP][PASSED] - numberOfErrors = numberOfErrors + 1: null

16-10-2024T09:18:45 - [TEST_STEP][PASSED] - Script1718980020443.WriteToExcel(a, typeOfData, todaysDate, pageInt, fileInt, pageDouble, fileDouble, dZO): null

16-10-2024T09:18:45 - [TEST_STEP][PASSED] - sheetName = "Sheet1": null

16-10-2024T09:18:45 - [TEST_STEP][PASSED] - data = findTestData("PlanFact"): null

16-10-2024T09:18:45 - [TEST_STEP][PASSED] - n = data.getRowNumbers() + 1: null

16-10-2024T09:18:45 - [TEST_STEP][PASSED] - year = todaysDate.substring(todaysDate.length() - 4, todaysDate.length()): null

16-10-2024T09:18:45 - [TEST_STEP][PASSED] - y = year.toInteger(): null

16-10-2024T09:18:45 - [TEST_STEP][PASSED] - m = getText(findTestObject("Выполнение бизнес-плана/Период")): Text of object 'Object Repository/Выполнение бизнес-плана/Период' is: '1, 2 кв., Июль, Август 2024 года'

16-10-2024T09:18:45 - [MESSAGE][PASSED] - Text of object 'Object Repository/Выполнение бизнес-плана/Период' is: '1, 2 кв., Июль, Август 2024 года'

16-10-2024T09:18:45 - [TEST_STEP][PASSED] - m = m.substring(0, m.indexOf("2024")): null

16-10-2024T09:18:45 - [TEST_STEP][PASSED] - m = m.trim(): null

16-10-2024T09:18:45 - [TEST_STEP][PASSED] - dashboardName = "Выполнение бизнес-плана": null

16-10-2024T09:18:45 - [TEST_STEP][PASSED] - workbook01 = getWorkbook(excelFilePath): null

16-10-2024T09:18:45 - [TEST_STEP][PASSED] - sheet01 = getExcelSheet(workbook01, sheetName): null

16-10-2024T09:18:45 - [TEST_STEP][PASSED] - setValueToCellByIndex(sheet01, n, 0, dashboardName): null

16-10-2024T09:18:45 - [TEST_STEP][PASSED] - setValueToCellByIndex(sheet01, n, 1, dZO): null

16-10-2024T09:18:45 - [TEST_STEP][PASSED] - setValueToCellByIndex(sheet01, n, 2, typeOfData): null

16-10-2024T09:18:45 - [TEST_STEP][PASSED] - if (typeOfData == "Факт в процентах" || typeOfData == "План в процентах"): null

16-10-2024T09:18:45 - [TEST_STEP][PASSED] - setValueToCellByIndex(sheet01, n, 3, fileDouble): null

16-10-2024T09:18:45 - [TEST_STEP][PASSED] - setValueToCellByIndex(sheet01, n, 4, pageDouble): null

16-10-2024T09:18:45 - [TEST_STEP][PASSED] - setValueToCellByIndex(sheet01, n, 5, m): null

16-10-2024T09:18:45 - [TEST_STEP][PASSED] - setValueToCellByIndex(sheet01, n, 6, y): null

16-10-2024T09:18:45 - [TEST_STEP][PASSED] - setValueToCellByIndex(sheet01, n, 7, todaysDate): null

16-10-2024T09:18:45 - [TEST_STEP][PASSED] - n = n + 1: null

16-10-2024T09:18:45 - [TEST_STEP][PASSED] - saveWorkbook(excelFilePath, workbook01): null

16-10-2024T09:18:46 - [TEST_STEP][PASSED] - file = findTestData("PlanFact").getValue(7, a): null

16-10-2024T09:18:46 - [TEST_STEP][PASSED] - file = file.replace(",", "."): null

16-10-2024T09:18:46 - [TEST_STEP][PASSED] - println("file Fact: " + file): null

16-10-2024T09:18:46 - [TEST_STEP][PASSED] - fileDouble = file.toDouble(): null

16-10-2024T09:18:46 - [TEST_STEP][PASSED] - typeOfData = "Факт в процентах": null

16-10-2024T09:18:46 - [TEST_STEP][PASSED] - fileDouble = file.toDouble(): null

16-10-2024T09:18:46 - [TEST_STEP][PASSED] - pageDouble = page2.toDouble(): null

16-10-2024T09:18:46 - [TEST_STEP][PASSED] - if (fileDouble != pageDouble): null

16-10-2024T09:18:46 - [TEST_STEP][PASSED] - numberOfErrors = numberOfErrors + 1: null

16-10-2024T09:18:46 - [TEST_STEP][PASSED] - Script1718980020443.WriteToExcel(a, typeOfData, todaysDate, pageInt, fileInt, pageDouble, fileDouble, dZO): null

16-10-2024T09:18:46 - [TEST_STEP][PASSED] - sheetName = "Sheet1": null

16-10-2024T09:18:46 - [TEST_STEP][PASSED] - data = findTestData("PlanFact"): null

16-10-2024T09:18:46 - [TEST_STEP][PASSED] - n = data.getRowNumbers() + 1: null

16-10-2024T09:18:46 - [TEST_STEP][PASSED] - year = todaysDate.substring(todaysDate.length() - 4, todaysDate.length()): null

16-10-2024T09:18:46 - [TEST_STEP][PASSED] - y = year.toInteger(): null

16-10-2024T09:18:46 - [TEST_STEP][PASSED] - m = getText(findTestObject("Выполнение бизнес-плана/Период")): Text of object 'Object Repository/Выполнение бизнес-плана/Период' is: '1, 2 кв., Июль, Август 2024 года'

16-10-2024T09:18:46 - [MESSAGE][PASSED] - Text of object 'Object Repository/Выполнение бизнес-плана/Период' is: '1, 2 кв., Июль, Август 2024 года'

16-10-2024T09:18:46 - [TEST_STEP][PASSED] - m = m.substring(0, m.indexOf("2024")): null

16-10-2024T09:18:46 - [TEST_STEP][PASSED] - m = m.trim(): null

16-10-2024T09:18:46 - [TEST_STEP][PASSED] - dashboardName = "Выполнение бизнес-плана": null

16-10-2024T09:18:46 - [TEST_STEP][PASSED] - workbook01 = getWorkbook(excelFilePath): null

16-10-2024T09:18:46 - [TEST_STEP][PASSED] - sheet01 = getExcelSheet(workbook01, sheetName): null

16-10-2024T09:18:46 - [TEST_STEP][PASSED] - setValueToCellByIndex(sheet01, n, 0, dashboardName): null

16-10-2024T09:18:46 - [TEST_STEP][PASSED] - setValueToCellByIndex(sheet01, n, 1, dZO): null

16-10-2024T09:18:46 - [TEST_STEP][PASSED] - setValueToCellByIndex(sheet01, n, 2, typeOfData): null

16-10-2024T09:18:46 - [TEST_STEP][PASSED] - if (typeOfData == "Факт в процентах" || typeOfData == "План в процентах"): null

16-10-2024T09:18:46 - [TEST_STEP][PASSED] - setValueToCellByIndex(sheet01, n, 3, fileDouble): null

16-10-2024T09:18:46 - [TEST_STEP][PASSED] - setValueToCellByIndex(sheet01, n, 4, pageDouble): null

16-10-2024T09:18:46 - [TEST_STEP][PASSED] - setValueToCellByIndex(sheet01, n, 5, m): null

16-10-2024T09:18:46 - [TEST_STEP][PASSED] - setValueToCellByIndex(sheet01, n, 6, y): null

16-10-2024T09:18:46 - [TEST_STEP][PASSED] - setValueToCellByIndex(sheet01, n, 7, todaysDate): null

16-10-2024T09:18:46 - [TEST_STEP][PASSED] - n = n + 1: null

16-10-2024T09:18:46 - [TEST_STEP][PASSED] - saveWorkbook(excelFilePath, workbook01): null

16-10-2024T09:18:46 - [TEST_STEP][FAILED] - if (verifyEqual(numberOfErrors, 0) == false): null

16-10-2024T09:18:46 - [MESSAGE][FAILED] - Unable to verify equal between actual object '6' and expected object '0' (Root cause: com.kms.katalon.core.exception.StepFailedException: Actual object '6' and expected object '0' are not equal
	at com.kms.katalon.core.keyword.builtin.VerifyEqualKeyword$_verifyEqual_closure1.doCall(VerifyEqualKeyword.groovy:58)
	at com.kms.katalon.core.keyword.builtin.VerifyEqualKeyword$_verifyEqual_closure1.call(VerifyEqualKeyword.groovy)
	at com.kms.katalon.core.keyword.internal.KeywordMain.runKeyword(KeywordMain.groovy:75)
	at com.kms.katalon.core.keyword.builtin.VerifyEqualKeyword.verifyEqual(VerifyEqualKeyword.groovy:63)
	at com.kms.katalon.core.keyword.builtin.VerifyEqualKeyword.execute(VerifyEqualKeyword.groovy:44)
	at com.kms.katalon.core.keyword.internal.KeywordExecutor.executeKeywordForPlatform(KeywordExecutor.groovy:74)
	at com.kms.katalon.core.keyword.BuiltinKeywords.verifyEqual(BuiltinKeywords.groovy:146)
	at jdk.internal.reflect.GeneratedMethodAccessor25.invoke(Unknown Source)
	at java.base/jdk.internal.reflect.DelegatingMethodAccessorImpl.invoke(DelegatingMethodAccessorImpl.java:43)
	at Выполнение бизнес-плана Сверка ПАО Россети все филиалы.Numbers(Выполнение бизнес-плана Сверка ПАО Россети все филиалы:749)
	at Выполнение бизнес-плана Сверка ПАО Россети все филиалы.Filials(Выполнение бизнес-плана Сверка ПАО Россети все филиалы:1224)
	at Выполнение бизнес-плана Сверка ПАО Россети все филиалы.Numbers(Выполнение бизнес-плана Сверка ПАО Россети все филиалы:754)
	at Выполнение бизнес-плана Сверка ПАО Россети все филиалы.run(Выполнение бизнес-плана Сверка ПАО Россети все филиалы:397)
	at com.kms.katalon.core.main.ScriptEngine.run(ScriptEngine.java:194)
	at com.kms.katalon.core.main.ScriptEngine.runScriptAsRawText(ScriptEngine.java:119)
	at com.kms.katalon.core.main.TestCaseExecutor.runScript(TestCaseExecutor.java:448)
	at com.kms.katalon.core.main.TestCaseExecutor.doExecute(TestCaseExecutor.java:439)
	at com.kms.katalon.core.main.TestCaseExecutor.processExecutionPhase(TestCaseExecutor.java:418)
	at com.kms.katalon.core.main.TestCaseExecutor.accessMainPhase(TestCaseExecutor.java:410)
	at com.kms.katalon.core.main.TestCaseExecutor.execute(TestCaseExecutor.java:285)
	at com.kms.katalon.core.common.CommonExecutor.accessTestCaseMainPhase(CommonExecutor.java:65)
	at com.kms.katalon.core.main.TestSuiteExecutor.accessTestSuiteMainPhase(TestSuiteExecutor.java:150)
	at com.kms.katalon.core.main.TestSuiteExecutor.execute(TestSuiteExecutor.java:106)
	at com.kms.katalon.core.main.TestCaseMain.startTestSuite(TestCaseMain.java:180)
	at TempTestSuite1729057289574.run(TempTestSuite1729057289574.groovy:35)
	at java.base/jdk.internal.reflect.NativeMethodAccessorImpl.invoke0(Native Method)
	at java.base/jdk.internal.reflect.NativeMethodAccessorImpl.invoke(NativeMethodAccessorImpl.java:77)
	at java.base/jdk.internal.reflect.DelegatingMethodAccessorImpl.invoke(DelegatingMethodAccessorImpl.java:43)
)

16-10-2024T09:18:46 - [TEST_STEP][PASSED] - println(numberOfErrors): null

16-10-2024T09:18:46 - [TEST_STEP][PASSED] - if (a == 28 || a == 77 || a == 74 || a == 65 || a == 36 || a == 44 || a == 54 || a == 1 || a == 18 || a == 59): null

16-10-2024T09:18:46 - [TEST_STEP][PASSED] - if (a == 82): null

16-10-2024T09:18:46 - [TEST_STEP][PASSED] - dZO = "Костромаэнерго": null

16-10-2024T09:18:46 - [TEST_STEP][PASSED] - a = 5: null

16-10-2024T09:18:46 - [TEST_STEP][PASSED] - if (x2.contains(dZO)): null

16-10-2024T09:18:46 - [TEST_STEP][PASSED] - filialNum = filialNum + 1: null

16-10-2024T09:18:46 - [TEST_STEP][PASSED] - Script1718980020443.Numbers(a, typeOfData, todaysDate, pageInt, fileInt, pageDouble, fileDouble, dZO, dzoNum, filialNum): null

16-10-2024T09:18:46 - [TEST_STEP][PASSED] - println(dzoNum): null

16-10-2024T09:18:46 - [TEST_STEP][PASSED] - planFact = <not implemented yet for class: org.codehaus.groovy.ast.expr.EmptyExpression>: null

16-10-2024T09:18:46 - [TEST_STEP][PASSED] - page = <not implemented yet for class: org.codehaus.groovy.ast.expr.EmptyExpression>: null

16-10-2024T09:18:46 - [TEST_STEP][PASSED] - page1 = <not implemented yet for class: org.codehaus.groovy.ast.expr.EmptyExpression>: null

16-10-2024T09:18:46 - [TEST_STEP][PASSED] - page2 = <not implemented yet for class: org.codehaus.groovy.ast.expr.EmptyExpression>: null

16-10-2024T09:18:46 - [TEST_STEP][PASSED] - filialNumberInRow = <not implemented yet for class: org.codehaus.groovy.ast.expr.EmptyExpression>: null

16-10-2024T09:18:46 - [TEST_STEP][PASSED] - filialsDzoNames = <not implemented yet for class: org.codehaus.groovy.ast.expr.EmptyExpression>: null

16-10-2024T09:18:46 - [TEST_STEP][PASSED] - numberOfFilials = <not implemented yet for class: org.codehaus.groovy.ast.expr.EmptyExpression>: null

16-10-2024T09:18:46 - [TEST_STEP][PASSED] - numberOfSpaces = <not implemented yet for class: org.codehaus.groovy.ast.expr.EmptyExpression>: null

16-10-2024T09:18:46 - [TEST_STEP][PASSED] - file = <not implemented yet for class: org.codehaus.groovy.ast.expr.EmptyExpression>: null

16-10-2024T09:18:46 - [TEST_STEP][PASSED] - otpusk = <not implemented yet for class: org.codehaus.groovy.ast.expr.EmptyExpression>: null

16-10-2024T09:18:46 - [TEST_STEP][PASSED] - poteri = <not implemented yet for class: org.codehaus.groovy.ast.expr.EmptyExpression>: null

16-10-2024T09:18:46 - [TEST_STEP][PASSED] - dataFolder = "Выполнение бизнес-плана/Значения со страницы Выполнение бизнес-плана/": null

16-10-2024T09:18:46 - [TEST_STEP][PASSED] - path = <not implemented yet for class: org.codehaus.groovy.ast.expr.EmptyExpression>: null

16-10-2024T09:18:46 - [TEST_STEP][PASSED] - typeOfDataMain = <not implemented yet for class: org.codehaus.groovy.ast.expr.EmptyExpression>: null

16-10-2024T09:18:46 - [TEST_STEP][PASSED] - fileOtpuskVSet = <not implemented yet for class: org.codehaus.groovy.ast.expr.EmptyExpression>: null

16-10-2024T09:18:46 - [TEST_STEP][PASSED] - pageOtpuskVSet = <not implemented yet for class: org.codehaus.groovy.ast.expr.EmptyExpression>: null

16-10-2024T09:18:46 - [TEST_STEP][PASSED] - filePoteri = <not implemented yet for class: org.codehaus.groovy.ast.expr.EmptyExpression>: null

16-10-2024T09:18:46 - [TEST_STEP][PASSED] - pagePoteri = <not implemented yet for class: org.codehaus.groovy.ast.expr.EmptyExpression>: null

16-10-2024T09:18:46 - [TEST_STEP][PASSED] - compare = <not implemented yet for class: org.codehaus.groovy.ast.expr.EmptyExpression>: null

16-10-2024T09:18:46 - [TEST_STEP][PASSED] - b = <not implemented yet for class: org.codehaus.groovy.ast.expr.EmptyExpression>: null

16-10-2024T09:18:46 - [TEST_STEP][PASSED] - i = <not implemented yet for class: org.codehaus.groovy.ast.expr.EmptyExpression>: null

16-10-2024T09:18:46 - [TEST_STEP][PASSED] - ii = <not implemented yet for class: org.codehaus.groovy.ast.expr.EmptyExpression>: null

16-10-2024T09:18:46 - [TEST_STEP][PASSED] - c = <not implemented yet for class: org.codehaus.groovy.ast.expr.EmptyExpression>: null

16-10-2024T09:18:46 - [TEST_STEP][PASSED] - numberOfErrors = 0: null

16-10-2024T09:18:46 - [TEST_STEP][PASSED] - if (a == 82): null

16-10-2024T09:18:46 - [TEST_STEP][PASSED] - b = findTestData("PlanFact").getValue(1, a): null

16-10-2024T09:18:47 - [TEST_STEP][PASSED] - i = b.indexOf(" (ГК)"): null

16-10-2024T09:18:47 - [TEST_STEP][PASSED] - if (i > -1): null

16-10-2024T09:18:47 - [TEST_STEP][PASSED] - i = b.indexOf("О ""): null

16-10-2024T09:18:47 - [TEST_STEP][PASSED] - if (i > -1): null

16-10-2024T09:18:47 - [TEST_STEP][PASSED] - i = b.indexOf("О «"): null

16-10-2024T09:18:47 - [TEST_STEP][PASSED] - if (i > -1): null

16-10-2024T09:18:47 - [TEST_STEP][PASSED] - i = b.indexOf("г. "): null

16-10-2024T09:18:47 - [TEST_STEP][PASSED] - if (i > -1): null

16-10-2024T09:18:47 - [TEST_STEP][PASSED] - println(b): null

16-10-2024T09:18:47 - [TEST_STEP][PASSED] - for ([planFact = 1, planFact < 3, (planFact++)]): null

16-10-2024T09:18:47 - [TEST_STEP][PASSED] - if (planFact == 1): null

16-10-2024T09:18:47 - [TEST_STEP][PASSED] - typeOfDataMain = "Факт": null

16-10-2024T09:18:47 - [TEST_STEP][PASSED] - otpusk = findTestData("PlanFact").getValue(5, a): null

16-10-2024T09:18:47 - [TEST_STEP][PASSED] - poteri = findTestData("PlanFact").getValue(6, a): null

16-10-2024T09:18:47 - [TEST_STEP][PASSED] - otpusk = otpusk.replaceAll("\s+", ""): null

16-10-2024T09:18:47 - [TEST_STEP][PASSED] - poteri = poteri.replaceAll("\s+", ""): null

16-10-2024T09:18:47 - [TEST_STEP][PASSED] - typeOfData = typeOfDataMain + " Отпуск в сеть": null

16-10-2024T09:18:47 - [TEST_STEP][PASSED] - if (a == 82): null

16-10-2024T09:18:47 - [TEST_STEP][PASSED] - else if (a == 84): null

16-10-2024T09:18:47 - [TEST_STEP][PASSED] - else if (a == 52 || a == 72 || a == 28 || a == 73 || a == 77 || a == 74 || a == 65 || a == 36 || a == 44 || a == 53 || a == 80 || a == 54 || a == 1 || a == 18 || a == 59 || a == 81): null

16-10-2024T09:18:47 - [TEST_STEP][PASSED] - else: null

16-10-2024T09:18:47 - [TEST_STEP][PASSED] - path = dataFolder + typeOfData + " за отчётный период " + b: null

16-10-2024T09:18:47 - [TEST_STEP][PASSED] - println(path): null

16-10-2024T09:18:47 - [TEST_STEP][PASSED] - page = getText(findTestObject(path)): Text of object 'Object Repository/Выполнение бизнес-плана/Значения со страницы Выполнение бизнес-плана/Факт Отпуск в сеть за отчётный период Костромаэнерго' is: '1 917 228'

16-10-2024T09:18:47 - [MESSAGE][PASSED] - Text of object 'Object Repository/Выполнение бизнес-плана/Значения со страницы Выполнение бизнес-плана/Факт Отпуск в сеть за отчётный период Костромаэнерго' is: '1 917 228'

16-10-2024T09:18:47 - [TEST_STEP][PASSED] - page = page.replaceAll("\s+", ""): null

16-10-2024T09:18:47 - [TEST_STEP][PASSED] - fileOtpuskVSet = otpusk.toInteger(): null

16-10-2024T09:18:47 - [TEST_STEP][PASSED] - pageOtpuskVSet = page.toInteger(): null

16-10-2024T09:18:47 - [TEST_STEP][PASSED] - typeOfData = typeOfDataMain + " Потери": null

16-10-2024T09:18:47 - [TEST_STEP][PASSED] - if (a == 82): null

16-10-2024T09:18:47 - [TEST_STEP][PASSED] - else if (a == 84): null

16-10-2024T09:18:47 - [TEST_STEP][PASSED] - else if (a == 52 || a == 72 || a == 28 || a == 73 || a == 77 || a == 74 || a == 65 || a == 36 || a == 44 || a == 53 || a == 80 || a == 54 || a == 1 || a == 18 || a == 59 || a == 81): null

16-10-2024T09:18:47 - [TEST_STEP][PASSED] - else: null

16-10-2024T09:18:47 - [TEST_STEP][PASSED] - path = dataFolder + typeOfData + " за отчётный период " + b: null

16-10-2024T09:18:47 - [TEST_STEP][PASSED] - page = getText(findTestObject(path)): Text of object 'Object Repository/Выполнение бизнес-плана/Значения со страницы Выполнение бизнес-плана/Факт Потери за отчётный период Костромаэнерго' is: '181 968'

16-10-2024T09:18:47 - [MESSAGE][PASSED] - Text of object 'Object Repository/Выполнение бизнес-плана/Значения со страницы Выполнение бизнес-плана/Факт Потери за отчётный период Костромаэнерго' is: '181 968'

16-10-2024T09:18:47 - [TEST_STEP][PASSED] - page = page.replaceAll("\s+", ""): null

16-10-2024T09:18:47 - [TEST_STEP][PASSED] - filePoteri = poteri.toInteger(): null

16-10-2024T09:18:47 - [TEST_STEP][PASSED] - pagePoteri = page.toInteger(): null

16-10-2024T09:18:47 - [TEST_STEP][PASSED] - compare = pageOtpuskVSet: null

16-10-2024T09:18:47 - [TEST_STEP][PASSED] - if (compare == fileOtpuskVSet): null

16-10-2024T09:18:47 - [TEST_STEP][PASSED] - else if (compare > fileOtpuskVSet): null

16-10-2024T09:18:47 - [TEST_STEP][PASSED] - compare = compare - 1: null

16-10-2024T09:18:47 - [TEST_STEP][PASSED] - if (compare == fileOtpuskVSet): null

16-10-2024T09:18:47 - [TEST_STEP][PASSED] - else: null

16-10-2024T09:18:47 - [TEST_STEP][PASSED] - numberOfErrors = numberOfErrors + 1: null

16-10-2024T09:18:47 - [TEST_STEP][PASSED] - pageInt = pageOtpuskVSet: null

16-10-2024T09:18:47 - [TEST_STEP][PASSED] - fileInt = fileOtpuskVSet: null

16-10-2024T09:18:47 - [TEST_STEP][PASSED] - typeOfData = typeOfDataMain + " Отпуск в сеть": null

16-10-2024T09:18:47 - [TEST_STEP][PASSED] - Script1718980020443.WriteToExcel(a, typeOfData, todaysDate, pageInt, fileInt, pageDouble, fileDouble, dZO): null

16-10-2024T09:18:47 - [TEST_STEP][PASSED] - sheetName = "Sheet1": null

16-10-2024T09:18:47 - [TEST_STEP][PASSED] - data = findTestData("PlanFact"): null

16-10-2024T09:18:47 - [TEST_STEP][PASSED] - n = data.getRowNumbers() + 1: null

16-10-2024T09:18:47 - [TEST_STEP][PASSED] - year = todaysDate.substring(todaysDate.length() - 4, todaysDate.length()): null

16-10-2024T09:18:47 - [TEST_STEP][PASSED] - y = year.toInteger(): null

16-10-2024T09:18:47 - [TEST_STEP][PASSED] - m = getText(findTestObject("Выполнение бизнес-плана/Период")): Text of object 'Object Repository/Выполнение бизнес-плана/Период' is: '1, 2 кв., Июль, Август 2024 года'

16-10-2024T09:18:48 - [MESSAGE][PASSED] - Text of object 'Object Repository/Выполнение бизнес-плана/Период' is: '1, 2 кв., Июль, Август 2024 года'

16-10-2024T09:18:48 - [TEST_STEP][PASSED] - m = m.substring(0, m.indexOf("2024")): null

16-10-2024T09:18:48 - [TEST_STEP][PASSED] - m = m.trim(): null

16-10-2024T09:18:48 - [TEST_STEP][PASSED] - dashboardName = "Выполнение бизнес-плана": null

16-10-2024T09:18:48 - [TEST_STEP][PASSED] - workbook01 = getWorkbook(excelFilePath): null

16-10-2024T09:18:48 - [TEST_STEP][PASSED] - sheet01 = getExcelSheet(workbook01, sheetName): null

16-10-2024T09:18:48 - [TEST_STEP][PASSED] - setValueToCellByIndex(sheet01, n, 0, dashboardName): null

16-10-2024T09:18:48 - [TEST_STEP][PASSED] - setValueToCellByIndex(sheet01, n, 1, dZO): null

16-10-2024T09:18:48 - [TEST_STEP][PASSED] - setValueToCellByIndex(sheet01, n, 2, typeOfData): null

16-10-2024T09:18:48 - [TEST_STEP][PASSED] - if (typeOfData == "Факт в процентах" || typeOfData == "План в процентах"): null

16-10-2024T09:18:48 - [TEST_STEP][PASSED] - else: null

16-10-2024T09:18:48 - [TEST_STEP][PASSED] - setValueToCellByIndex(sheet01, n, 3, fileInt): null

16-10-2024T09:18:48 - [TEST_STEP][PASSED] - setValueToCellByIndex(sheet01, n, 4, pageInt): null

16-10-2024T09:18:48 - [TEST_STEP][PASSED] - setValueToCellByIndex(sheet01, n, 5, m): null

16-10-2024T09:18:48 - [TEST_STEP][PASSED] - setValueToCellByIndex(sheet01, n, 6, y): null

16-10-2024T09:18:48 - [TEST_STEP][PASSED] - setValueToCellByIndex(sheet01, n, 7, todaysDate): null

16-10-2024T09:18:48 - [TEST_STEP][PASSED] - n = n + 1: null

16-10-2024T09:18:48 - [TEST_STEP][PASSED] - saveWorkbook(excelFilePath, workbook01): null

16-10-2024T09:18:48 - [TEST_STEP][PASSED] - compare = pagePoteri: null

16-10-2024T09:18:48 - [TEST_STEP][PASSED] - if (compare == filePoteri): null

16-10-2024T09:18:48 - [TEST_STEP][PASSED] - else if (compare > filePoteri): null

16-10-2024T09:18:48 - [TEST_STEP][PASSED] - compare = compare - 1: null

16-10-2024T09:18:48 - [TEST_STEP][PASSED] - if (compare == filePoteri): null

16-10-2024T09:18:48 - [TEST_STEP][PASSED] - else: null

16-10-2024T09:18:48 - [TEST_STEP][PASSED] - numberOfErrors = numberOfErrors + 1: null

16-10-2024T09:18:48 - [TEST_STEP][PASSED] - pageInt = pagePoteri: null

16-10-2024T09:18:48 - [TEST_STEP][PASSED] - fileInt = filePoteri: null

16-10-2024T09:18:48 - [TEST_STEP][PASSED] - typeOfData = typeOfDataMain + " Потери": null

16-10-2024T09:18:48 - [TEST_STEP][PASSED] - Script1718980020443.WriteToExcel(a, typeOfData, todaysDate, pageInt, fileInt, pageDouble, fileDouble, dZO): null

16-10-2024T09:18:48 - [TEST_STEP][PASSED] - sheetName = "Sheet1": null

16-10-2024T09:18:48 - [TEST_STEP][PASSED] - data = findTestData("PlanFact"): null

16-10-2024T09:18:48 - [TEST_STEP][PASSED] - n = data.getRowNumbers() + 1: null

16-10-2024T09:18:48 - [TEST_STEP][PASSED] - year = todaysDate.substring(todaysDate.length() - 4, todaysDate.length()): null

16-10-2024T09:18:48 - [TEST_STEP][PASSED] - y = year.toInteger(): null

16-10-2024T09:18:48 - [TEST_STEP][PASSED] - m = getText(findTestObject("Выполнение бизнес-плана/Период")): Text of object 'Object Repository/Выполнение бизнес-плана/Период' is: '1, 2 кв., Июль, Август 2024 года'

16-10-2024T09:18:49 - [MESSAGE][PASSED] - Text of object 'Object Repository/Выполнение бизнес-плана/Период' is: '1, 2 кв., Июль, Август 2024 года'

16-10-2024T09:18:49 - [TEST_STEP][PASSED] - m = m.substring(0, m.indexOf("2024")): null

16-10-2024T09:18:49 - [TEST_STEP][PASSED] - m = m.trim(): null

16-10-2024T09:18:49 - [TEST_STEP][PASSED] - dashboardName = "Выполнение бизнес-плана": null

16-10-2024T09:18:49 - [TEST_STEP][PASSED] - workbook01 = getWorkbook(excelFilePath): null

16-10-2024T09:18:49 - [TEST_STEP][PASSED] - sheet01 = getExcelSheet(workbook01, sheetName): null

16-10-2024T09:18:49 - [TEST_STEP][PASSED] - setValueToCellByIndex(sheet01, n, 0, dashboardName): null

16-10-2024T09:18:49 - [TEST_STEP][PASSED] - setValueToCellByIndex(sheet01, n, 1, dZO): null

16-10-2024T09:18:49 - [TEST_STEP][PASSED] - setValueToCellByIndex(sheet01, n, 2, typeOfData): null

16-10-2024T09:18:49 - [TEST_STEP][PASSED] - if (typeOfData == "Факт в процентах" || typeOfData == "План в процентах"): null

16-10-2024T09:18:49 - [TEST_STEP][PASSED] - else: null

16-10-2024T09:18:49 - [TEST_STEP][PASSED] - setValueToCellByIndex(sheet01, n, 3, fileInt): null

16-10-2024T09:18:49 - [TEST_STEP][PASSED] - setValueToCellByIndex(sheet01, n, 4, pageInt): null

16-10-2024T09:18:49 - [TEST_STEP][PASSED] - setValueToCellByIndex(sheet01, n, 5, m): null

16-10-2024T09:18:49 - [TEST_STEP][PASSED] - setValueToCellByIndex(sheet01, n, 6, y): null

16-10-2024T09:18:49 - [TEST_STEP][PASSED] - setValueToCellByIndex(sheet01, n, 7, todaysDate): null

16-10-2024T09:18:49 - [TEST_STEP][PASSED] - n = n + 1: null

16-10-2024T09:18:49 - [TEST_STEP][PASSED] - saveWorkbook(excelFilePath, workbook01): null

16-10-2024T09:18:49 - [TEST_STEP][PASSED] - if (planFact == 2): null

16-10-2024T09:18:49 - [TEST_STEP][PASSED] - if (planFact == 1): null

16-10-2024T09:18:49 - [TEST_STEP][PASSED] - else if (planFact == 2): null

16-10-2024T09:18:49 - [TEST_STEP][PASSED] - click(findTestObject("Выполнение бизнес-плана/Кнопка План")): Object: 'Object Repository/Выполнение бизнес-плана/Кнопка План' is clicked on

16-10-2024T09:18:49 - [MESSAGE][PASSED] - Object: 'Object Repository/Выполнение бизнес-плана/Кнопка План' is clicked on

16-10-2024T09:18:49 - [TEST_STEP][PASSED] - typeOfDataMain = "План": null

16-10-2024T09:18:49 - [TEST_STEP][PASSED] - otpusk = findTestData("PlanFact").getValue(2, a): null

16-10-2024T09:18:49 - [TEST_STEP][PASSED] - poteri = findTestData("PlanFact").getValue(3, a): null

16-10-2024T09:18:49 - [TEST_STEP][PASSED] - otpusk = otpusk.replaceAll("\s+", ""): null

16-10-2024T09:18:49 - [TEST_STEP][PASSED] - poteri = poteri.replaceAll("\s+", ""): null

16-10-2024T09:18:49 - [TEST_STEP][PASSED] - typeOfData = typeOfDataMain + " Отпуск в сеть": null

16-10-2024T09:18:49 - [TEST_STEP][PASSED] - if (a == 82): null

16-10-2024T09:18:49 - [TEST_STEP][PASSED] - else if (a == 84): null

16-10-2024T09:18:49 - [TEST_STEP][PASSED] - else if (a == 52 || a == 72 || a == 28 || a == 73 || a == 77 || a == 74 || a == 65 || a == 36 || a == 44 || a == 53 || a == 80 || a == 54 || a == 1 || a == 18 || a == 59 || a == 81): null

16-10-2024T09:18:49 - [TEST_STEP][PASSED] - else: null

16-10-2024T09:18:49 - [TEST_STEP][PASSED] - path = dataFolder + typeOfData + " за отчётный период " + b: null

16-10-2024T09:18:49 - [TEST_STEP][PASSED] - println(path): null

16-10-2024T09:18:49 - [TEST_STEP][PASSED] - page = getText(findTestObject(path)): Text of object 'Object Repository/Выполнение бизнес-плана/Значения со страницы Выполнение бизнес-плана/План Отпуск в сеть за отчётный период Костромаэнерго' is: '1 864 760'

16-10-2024T09:18:50 - [MESSAGE][PASSED] - Text of object 'Object Repository/Выполнение бизнес-плана/Значения со страницы Выполнение бизнес-плана/План Отпуск в сеть за отчётный период Костромаэнерго' is: '1 864 760'

16-10-2024T09:18:50 - [TEST_STEP][PASSED] - page = page.replaceAll("\s+", ""): null

16-10-2024T09:18:50 - [TEST_STEP][PASSED] - fileOtpuskVSet = otpusk.toInteger(): null

16-10-2024T09:18:50 - [TEST_STEP][PASSED] - pageOtpuskVSet = page.toInteger(): null

16-10-2024T09:18:50 - [TEST_STEP][PASSED] - typeOfData = typeOfDataMain + " Потери": null

16-10-2024T09:18:50 - [TEST_STEP][PASSED] - if (a == 82): null

16-10-2024T09:18:50 - [TEST_STEP][PASSED] - else if (a == 84): null

16-10-2024T09:18:50 - [TEST_STEP][PASSED] - else if (a == 52 || a == 72 || a == 28 || a == 73 || a == 77 || a == 74 || a == 65 || a == 36 || a == 44 || a == 53 || a == 80 || a == 54 || a == 1 || a == 18 || a == 59 || a == 81): null

16-10-2024T09:18:50 - [TEST_STEP][PASSED] - else: null

16-10-2024T09:18:50 - [TEST_STEP][PASSED] - path = dataFolder + typeOfData + " за отчётный период " + b: null

16-10-2024T09:18:50 - [TEST_STEP][PASSED] - page = getText(findTestObject(path)): Text of object 'Object Repository/Выполнение бизнес-плана/Значения со страницы Выполнение бизнес-плана/План Потери за отчётный период Костромаэнерго' is: '174 277'

16-10-2024T09:18:50 - [MESSAGE][PASSED] - Text of object 'Object Repository/Выполнение бизнес-плана/Значения со страницы Выполнение бизнес-плана/План Потери за отчётный период Костромаэнерго' is: '174 277'

16-10-2024T09:18:50 - [TEST_STEP][PASSED] - page = page.replaceAll("\s+", ""): null

16-10-2024T09:18:50 - [TEST_STEP][PASSED] - filePoteri = poteri.toInteger(): null

16-10-2024T09:18:50 - [TEST_STEP][PASSED] - pagePoteri = page.toInteger(): null

16-10-2024T09:18:50 - [TEST_STEP][PASSED] - compare = pageOtpuskVSet: null

16-10-2024T09:18:50 - [TEST_STEP][PASSED] - if (compare == fileOtpuskVSet): null

16-10-2024T09:18:50 - [TEST_STEP][PASSED] - else if (compare > fileOtpuskVSet): null

16-10-2024T09:18:50 - [TEST_STEP][PASSED] - compare = compare - 1: null

16-10-2024T09:18:50 - [TEST_STEP][PASSED] - if (compare == fileOtpuskVSet): null

16-10-2024T09:18:50 - [TEST_STEP][PASSED] - else: null

16-10-2024T09:18:50 - [TEST_STEP][PASSED] - numberOfErrors = numberOfErrors + 1: null

16-10-2024T09:18:50 - [TEST_STEP][PASSED] - pageInt = pageOtpuskVSet: null

16-10-2024T09:18:50 - [TEST_STEP][PASSED] - fileInt = fileOtpuskVSet: null

16-10-2024T09:18:50 - [TEST_STEP][PASSED] - typeOfData = typeOfDataMain + " Отпуск в сеть": null

16-10-2024T09:18:50 - [TEST_STEP][PASSED] - Script1718980020443.WriteToExcel(a, typeOfData, todaysDate, pageInt, fileInt, pageDouble, fileDouble, dZO): null

16-10-2024T09:18:50 - [TEST_STEP][PASSED] - sheetName = "Sheet1": null

16-10-2024T09:18:50 - [TEST_STEP][PASSED] - data = findTestData("PlanFact"): null

16-10-2024T09:18:50 - [TEST_STEP][PASSED] - n = data.getRowNumbers() + 1: null

16-10-2024T09:18:50 - [TEST_STEP][PASSED] - year = todaysDate.substring(todaysDate.length() - 4, todaysDate.length()): null

16-10-2024T09:18:50 - [TEST_STEP][PASSED] - y = year.toInteger(): null

16-10-2024T09:18:50 - [TEST_STEP][PASSED] - m = getText(findTestObject("Выполнение бизнес-плана/Период")): Text of object 'Object Repository/Выполнение бизнес-плана/Период' is: '1, 2 кв., Июль, Август 2024 года'

16-10-2024T09:18:50 - [MESSAGE][PASSED] - Text of object 'Object Repository/Выполнение бизнес-плана/Период' is: '1, 2 кв., Июль, Август 2024 года'

16-10-2024T09:18:50 - [TEST_STEP][PASSED] - m = m.substring(0, m.indexOf("2024")): null

16-10-2024T09:18:50 - [TEST_STEP][PASSED] - m = m.trim(): null

16-10-2024T09:18:50 - [TEST_STEP][PASSED] - dashboardName = "Выполнение бизнес-плана": null

16-10-2024T09:18:50 - [TEST_STEP][PASSED] - workbook01 = getWorkbook(excelFilePath): null

16-10-2024T09:18:50 - [TEST_STEP][PASSED] - sheet01 = getExcelSheet(workbook01, sheetName): null

16-10-2024T09:18:50 - [TEST_STEP][PASSED] - setValueToCellByIndex(sheet01, n, 0, dashboardName): null

16-10-2024T09:18:50 - [TEST_STEP][PASSED] - setValueToCellByIndex(sheet01, n, 1, dZO): null

16-10-2024T09:18:50 - [TEST_STEP][PASSED] - setValueToCellByIndex(sheet01, n, 2, typeOfData): null

16-10-2024T09:18:50 - [TEST_STEP][PASSED] - if (typeOfData == "Факт в процентах" || typeOfData == "План в процентах"): null

16-10-2024T09:18:50 - [TEST_STEP][PASSED] - else: null

16-10-2024T09:18:50 - [TEST_STEP][PASSED] - setValueToCellByIndex(sheet01, n, 3, fileInt): null

16-10-2024T09:18:50 - [TEST_STEP][PASSED] - setValueToCellByIndex(sheet01, n, 4, pageInt): null

16-10-2024T09:18:50 - [TEST_STEP][PASSED] - setValueToCellByIndex(sheet01, n, 5, m): null

16-10-2024T09:18:50 - [TEST_STEP][PASSED] - setValueToCellByIndex(sheet01, n, 6, y): null

16-10-2024T09:18:50 - [TEST_STEP][PASSED] - setValueToCellByIndex(sheet01, n, 7, todaysDate): null

16-10-2024T09:18:50 - [TEST_STEP][PASSED] - n = n + 1: null

16-10-2024T09:18:50 - [TEST_STEP][PASSED] - saveWorkbook(excelFilePath, workbook01): null

16-10-2024T09:18:51 - [TEST_STEP][PASSED] - compare = pagePoteri: null

16-10-2024T09:18:51 - [TEST_STEP][PASSED] - if (compare == filePoteri): null

16-10-2024T09:18:51 - [TEST_STEP][PASSED] - else if (compare > filePoteri): null

16-10-2024T09:18:51 - [TEST_STEP][PASSED] - compare = compare - 1: null

16-10-2024T09:18:51 - [TEST_STEP][PASSED] - if (compare == filePoteri): null

16-10-2024T09:18:51 - [TEST_STEP][PASSED] - else: null

16-10-2024T09:18:51 - [TEST_STEP][PASSED] - numberOfErrors = numberOfErrors + 1: null

16-10-2024T09:18:51 - [TEST_STEP][PASSED] - pageInt = pagePoteri: null

16-10-2024T09:18:51 - [TEST_STEP][PASSED] - fileInt = filePoteri: null

16-10-2024T09:18:51 - [TEST_STEP][PASSED] - typeOfData = typeOfDataMain + " Потери": null

16-10-2024T09:18:51 - [TEST_STEP][PASSED] - Script1718980020443.WriteToExcel(a, typeOfData, todaysDate, pageInt, fileInt, pageDouble, fileDouble, dZO): null

16-10-2024T09:18:51 - [TEST_STEP][PASSED] - sheetName = "Sheet1": null

16-10-2024T09:18:51 - [TEST_STEP][PASSED] - data = findTestData("PlanFact"): null

16-10-2024T09:18:51 - [TEST_STEP][PASSED] - n = data.getRowNumbers() + 1: null

16-10-2024T09:18:51 - [TEST_STEP][PASSED] - year = todaysDate.substring(todaysDate.length() - 4, todaysDate.length()): null

16-10-2024T09:18:51 - [TEST_STEP][PASSED] - y = year.toInteger(): null

16-10-2024T09:18:51 - [TEST_STEP][PASSED] - m = getText(findTestObject("Выполнение бизнес-плана/Период")): Text of object 'Object Repository/Выполнение бизнес-плана/Период' is: '1, 2 кв., Июль, Август 2024 года'

16-10-2024T09:18:52 - [MESSAGE][PASSED] - Text of object 'Object Repository/Выполнение бизнес-плана/Период' is: '1, 2 кв., Июль, Август 2024 года'

16-10-2024T09:18:52 - [TEST_STEP][PASSED] - m = m.substring(0, m.indexOf("2024")): null

16-10-2024T09:18:52 - [TEST_STEP][PASSED] - m = m.trim(): null

16-10-2024T09:18:52 - [TEST_STEP][PASSED] - dashboardName = "Выполнение бизнес-плана": null

16-10-2024T09:18:52 - [TEST_STEP][PASSED] - workbook01 = getWorkbook(excelFilePath): null

16-10-2024T09:18:52 - [TEST_STEP][PASSED] - sheet01 = getExcelSheet(workbook01, sheetName): null

16-10-2024T09:18:52 - [TEST_STEP][PASSED] - setValueToCellByIndex(sheet01, n, 0, dashboardName): null

16-10-2024T09:18:52 - [TEST_STEP][PASSED] - setValueToCellByIndex(sheet01, n, 1, dZO): null

16-10-2024T09:18:52 - [TEST_STEP][PASSED] - setValueToCellByIndex(sheet01, n, 2, typeOfData): null

16-10-2024T09:18:52 - [TEST_STEP][PASSED] - if (typeOfData == "Факт в процентах" || typeOfData == "План в процентах"): null

16-10-2024T09:18:52 - [TEST_STEP][PASSED] - else: null

16-10-2024T09:18:52 - [TEST_STEP][PASSED] - setValueToCellByIndex(sheet01, n, 3, fileInt): null

16-10-2024T09:18:52 - [TEST_STEP][PASSED] - setValueToCellByIndex(sheet01, n, 4, pageInt): null

16-10-2024T09:18:52 - [TEST_STEP][PASSED] - setValueToCellByIndex(sheet01, n, 5, m): null

16-10-2024T09:18:52 - [TEST_STEP][PASSED] - setValueToCellByIndex(sheet01, n, 6, y): null

16-10-2024T09:18:52 - [TEST_STEP][PASSED] - setValueToCellByIndex(sheet01, n, 7, todaysDate): null

16-10-2024T09:18:52 - [TEST_STEP][PASSED] - n = n + 1: null

16-10-2024T09:18:52 - [TEST_STEP][PASSED] - saveWorkbook(excelFilePath, workbook01): Object: 'Object Repository/Выполнение бизнес-плана/Кнопка Факт' is clicked on

16-10-2024T09:18:52 - [TEST_STEP][PASSED] - if (planFact == 2): Object: 'Object Repository/Выполнение бизнес-плана/Кнопка Факт' is clicked on

16-10-2024T09:18:52 - [TEST_STEP][PASSED] - click(findTestObject("Выполнение бизнес-плана/Кнопка Факт")): Object: 'Object Repository/Выполнение бизнес-плана/Кнопка Факт' is clicked on

16-10-2024T09:18:53 - [MESSAGE][PASSED] - Object: 'Object Repository/Выполнение бизнес-плана/Кнопка Факт' is clicked on

16-10-2024T09:18:53 - [TEST_STEP][PASSED] - if (a == 84 || a == 82): null

16-10-2024T09:18:53 - [TEST_STEP][PASSED] - else if (a == 52 || a == 72 || a == 28 || a == 73 || a == 77 || a == 74 || a == 65 || a == 36 || a == 44 || a == 53 || a == 80 || a == 54 || a == 1 || a == 18 || a == 59 || a == 81): null

16-10-2024T09:18:53 - [TEST_STEP][PASSED] - else: null

16-10-2024T09:18:53 - [TEST_STEP][PASSED] - page1 = getText(findTestObject("Object Repository/Выполнение бизнес-плана/spanPlan" + filialNum)): Text of object 'Object Repository/Выполнение бизнес-плана/spanPlan7' is: '9.35
|'

16-10-2024T09:18:53 - [MESSAGE][PASSED] - Text of object 'Object Repository/Выполнение бизнес-плана/spanPlan7' is: '9.35
|'

16-10-2024T09:18:53 - [TEST_STEP][PASSED] - page1 = page1.replace("|", ""): null

16-10-2024T09:18:53 - [TEST_STEP][PASSED] - page2 = getText(findTestObject("Object Repository/Выполнение бизнес-плана/spanFact" + filialNum)): Text of object 'Object Repository/Выполнение бизнес-плана/spanFact7' is: '9.49
|'

16-10-2024T09:18:53 - [MESSAGE][PASSED] - Text of object 'Object Repository/Выполнение бизнес-плана/spanFact7' is: '9.49
|'

16-10-2024T09:18:53 - [TEST_STEP][PASSED] - page2 = page2.replace("|", ""): null

16-10-2024T09:18:53 - [TEST_STEP][PASSED] - println("page1: " + page1): null

16-10-2024T09:18:53 - [TEST_STEP][PASSED] - println("page2: " + page2): null

16-10-2024T09:18:53 - [TEST_STEP][PASSED] - file = findTestData("PlanFact").getValue(4, a): null

16-10-2024T09:18:53 - [TEST_STEP][PASSED] - file = file.replace(",", "."): null

16-10-2024T09:18:53 - [TEST_STEP][PASSED] - println("file Plan: " + file): null

16-10-2024T09:18:53 - [TEST_STEP][PASSED] - typeOfData = "План в процентах": null

16-10-2024T09:18:53 - [TEST_STEP][PASSED] - fileDouble = file.toDouble(): null

16-10-2024T09:18:53 - [TEST_STEP][PASSED] - pageDouble = page1.toDouble(): null

16-10-2024T09:18:53 - [TEST_STEP][PASSED] - if (fileDouble != pageDouble): null

16-10-2024T09:18:53 - [TEST_STEP][PASSED] - numberOfErrors = numberOfErrors + 1: null

16-10-2024T09:18:53 - [TEST_STEP][PASSED] - Script1718980020443.WriteToExcel(a, typeOfData, todaysDate, pageInt, fileInt, pageDouble, fileDouble, dZO): null

16-10-2024T09:18:53 - [TEST_STEP][PASSED] - sheetName = "Sheet1": null

16-10-2024T09:18:53 - [TEST_STEP][PASSED] - data = findTestData("PlanFact"): null

16-10-2024T09:18:53 - [TEST_STEP][PASSED] - n = data.getRowNumbers() + 1: null

16-10-2024T09:18:53 - [TEST_STEP][PASSED] - year = todaysDate.substring(todaysDate.length() - 4, todaysDate.length()): null

16-10-2024T09:18:53 - [TEST_STEP][PASSED] - y = year.toInteger(): null

16-10-2024T09:18:53 - [TEST_STEP][PASSED] - m = getText(findTestObject("Выполнение бизнес-плана/Период")): Text of object 'Object Repository/Выполнение бизнес-плана/Период' is: '1, 2 кв., Июль, Август 2024 года'

16-10-2024T09:18:54 - [MESSAGE][PASSED] - Text of object 'Object Repository/Выполнение бизнес-плана/Период' is: '1, 2 кв., Июль, Август 2024 года'

16-10-2024T09:18:54 - [TEST_STEP][PASSED] - m = m.substring(0, m.indexOf("2024")): null

16-10-2024T09:18:54 - [TEST_STEP][PASSED] - m = m.trim(): null

16-10-2024T09:18:54 - [TEST_STEP][PASSED] - dashboardName = "Выполнение бизнес-плана": null

16-10-2024T09:18:54 - [TEST_STEP][PASSED] - workbook01 = getWorkbook(excelFilePath): null

16-10-2024T09:18:54 - [TEST_STEP][PASSED] - sheet01 = getExcelSheet(workbook01, sheetName): null

16-10-2024T09:18:54 - [TEST_STEP][PASSED] - setValueToCellByIndex(sheet01, n, 0, dashboardName): null

16-10-2024T09:18:54 - [TEST_STEP][PASSED] - setValueToCellByIndex(sheet01, n, 1, dZO): null

16-10-2024T09:18:54 - [TEST_STEP][PASSED] - setValueToCellByIndex(sheet01, n, 2, typeOfData): null

16-10-2024T09:18:54 - [TEST_STEP][PASSED] - if (typeOfData == "Факт в процентах" || typeOfData == "План в процентах"): null

16-10-2024T09:18:54 - [TEST_STEP][PASSED] - setValueToCellByIndex(sheet01, n, 3, fileDouble): null

16-10-2024T09:18:54 - [TEST_STEP][PASSED] - setValueToCellByIndex(sheet01, n, 4, pageDouble): null

16-10-2024T09:18:54 - [TEST_STEP][PASSED] - setValueToCellByIndex(sheet01, n, 5, m): null

16-10-2024T09:18:54 - [TEST_STEP][PASSED] - setValueToCellByIndex(sheet01, n, 6, y): null

16-10-2024T09:18:54 - [TEST_STEP][PASSED] - setValueToCellByIndex(sheet01, n, 7, todaysDate): null

16-10-2024T09:18:54 - [TEST_STEP][PASSED] - n = n + 1: null

16-10-2024T09:18:54 - [TEST_STEP][PASSED] - saveWorkbook(excelFilePath, workbook01): null

16-10-2024T09:18:54 - [TEST_STEP][PASSED] - file = findTestData("PlanFact").getValue(7, a): null

16-10-2024T09:18:54 - [TEST_STEP][PASSED] - file = file.replace(",", "."): null

16-10-2024T09:18:54 - [TEST_STEP][PASSED] - println("file Fact: " + file): null

16-10-2024T09:18:54 - [TEST_STEP][PASSED] - fileDouble = file.toDouble(): null

16-10-2024T09:18:54 - [TEST_STEP][PASSED] - typeOfData = "Факт в процентах": null

16-10-2024T09:18:54 - [TEST_STEP][PASSED] - fileDouble = file.toDouble(): null

16-10-2024T09:18:54 - [TEST_STEP][PASSED] - pageDouble = page2.toDouble(): null

16-10-2024T09:18:54 - [TEST_STEP][PASSED] - if (fileDouble != pageDouble): null

16-10-2024T09:18:54 - [TEST_STEP][PASSED] - numberOfErrors = numberOfErrors + 1: null

16-10-2024T09:18:54 - [TEST_STEP][PASSED] - Script1718980020443.WriteToExcel(a, typeOfData, todaysDate, pageInt, fileInt, pageDouble, fileDouble, dZO): null

16-10-2024T09:18:54 - [TEST_STEP][PASSED] - sheetName = "Sheet1": null

16-10-2024T09:18:54 - [TEST_STEP][PASSED] - data = findTestData("PlanFact"): null

16-10-2024T09:18:54 - [TEST_STEP][PASSED] - n = data.getRowNumbers() + 1: null

16-10-2024T09:18:54 - [TEST_STEP][PASSED] - year = todaysDate.substring(todaysDate.length() - 4, todaysDate.length()): null

16-10-2024T09:18:54 - [TEST_STEP][PASSED] - y = year.toInteger(): null

16-10-2024T09:18:54 - [TEST_STEP][PASSED] - m = getText(findTestObject("Выполнение бизнес-плана/Период")): Text of object 'Object Repository/Выполнение бизнес-плана/Период' is: '1, 2 кв., Июль, Август 2024 года'

16-10-2024T09:18:54 - [MESSAGE][PASSED] - Text of object 'Object Repository/Выполнение бизнес-плана/Период' is: '1, 2 кв., Июль, Август 2024 года'

16-10-2024T09:18:54 - [TEST_STEP][PASSED] - m = m.substring(0, m.indexOf("2024")): null

16-10-2024T09:18:54 - [TEST_STEP][PASSED] - m = m.trim(): null

16-10-2024T09:18:54 - [TEST_STEP][PASSED] - dashboardName = "Выполнение бизнес-плана": null

16-10-2024T09:18:54 - [TEST_STEP][PASSED] - workbook01 = getWorkbook(excelFilePath): null

16-10-2024T09:18:54 - [TEST_STEP][PASSED] - sheet01 = getExcelSheet(workbook01, sheetName): null

16-10-2024T09:18:54 - [TEST_STEP][PASSED] - setValueToCellByIndex(sheet01, n, 0, dashboardName): null

16-10-2024T09:18:54 - [TEST_STEP][PASSED] - setValueToCellByIndex(sheet01, n, 1, dZO): null

16-10-2024T09:18:54 - [TEST_STEP][PASSED] - setValueToCellByIndex(sheet01, n, 2, typeOfData): null

16-10-2024T09:18:54 - [TEST_STEP][PASSED] - if (typeOfData == "Факт в процентах" || typeOfData == "План в процентах"): null

16-10-2024T09:18:54 - [TEST_STEP][PASSED] - setValueToCellByIndex(sheet01, n, 3, fileDouble): null

16-10-2024T09:18:54 - [TEST_STEP][PASSED] - setValueToCellByIndex(sheet01, n, 4, pageDouble): null

16-10-2024T09:18:54 - [TEST_STEP][PASSED] - setValueToCellByIndex(sheet01, n, 5, m): null

16-10-2024T09:18:54 - [TEST_STEP][PASSED] - setValueToCellByIndex(sheet01, n, 6, y): null

16-10-2024T09:18:54 - [TEST_STEP][PASSED] - setValueToCellByIndex(sheet01, n, 7, todaysDate): null

16-10-2024T09:18:54 - [TEST_STEP][PASSED] - n = n + 1: null

16-10-2024T09:18:54 - [TEST_STEP][PASSED] - saveWorkbook(excelFilePath, workbook01): null

16-10-2024T09:18:55 - [TEST_STEP][FAILED] - if (verifyEqual(numberOfErrors, 0) == false): null

16-10-2024T09:18:55 - [MESSAGE][FAILED] - Unable to verify equal between actual object '6' and expected object '0' (Root cause: com.kms.katalon.core.exception.StepFailedException: Actual object '6' and expected object '0' are not equal
	at com.kms.katalon.core.keyword.builtin.VerifyEqualKeyword$_verifyEqual_closure1.doCall(VerifyEqualKeyword.groovy:58)
	at com.kms.katalon.core.keyword.builtin.VerifyEqualKeyword$_verifyEqual_closure1.call(VerifyEqualKeyword.groovy)
	at com.kms.katalon.core.keyword.internal.KeywordMain.runKeyword(KeywordMain.groovy:75)
	at com.kms.katalon.core.keyword.builtin.VerifyEqualKeyword.verifyEqual(VerifyEqualKeyword.groovy:63)
	at com.kms.katalon.core.keyword.builtin.VerifyEqualKeyword.execute(VerifyEqualKeyword.groovy:44)
	at com.kms.katalon.core.keyword.internal.KeywordExecutor.executeKeywordForPlatform(KeywordExecutor.groovy:74)
	at com.kms.katalon.core.keyword.BuiltinKeywords.verifyEqual(BuiltinKeywords.groovy:146)
	at jdk.internal.reflect.GeneratedMethodAccessor25.invoke(Unknown Source)
	at java.base/jdk.internal.reflect.DelegatingMethodAccessorImpl.invoke(DelegatingMethodAccessorImpl.java:43)
	at Выполнение бизнес-плана Сверка ПАО Россети все филиалы.Numbers(Выполнение бизнес-плана Сверка ПАО Россети все филиалы:749)
	at Выполнение бизнес-плана Сверка ПАО Россети все филиалы.Filials(Выполнение бизнес-плана Сверка ПАО Россети все филиалы:1236)
	at Выполнение бизнес-плана Сверка ПАО Россети все филиалы.Numbers(Выполнение бизнес-плана Сверка ПАО Россети все филиалы:754)
	at Выполнение бизнес-плана Сверка ПАО Россети все филиалы.run(Выполнение бизнес-плана Сверка ПАО Россети все филиалы:397)
	at com.kms.katalon.core.main.ScriptEngine.run(ScriptEngine.java:194)
	at com.kms.katalon.core.main.ScriptEngine.runScriptAsRawText(ScriptEngine.java:119)
	at com.kms.katalon.core.main.TestCaseExecutor.runScript(TestCaseExecutor.java:448)
	at com.kms.katalon.core.main.TestCaseExecutor.doExecute(TestCaseExecutor.java:439)
	at com.kms.katalon.core.main.TestCaseExecutor.processExecutionPhase(TestCaseExecutor.java:418)
	at com.kms.katalon.core.main.TestCaseExecutor.accessMainPhase(TestCaseExecutor.java:410)
	at com.kms.katalon.core.main.TestCaseExecutor.execute(TestCaseExecutor.java:285)
	at com.kms.katalon.core.common.CommonExecutor.accessTestCaseMainPhase(CommonExecutor.java:65)
	at com.kms.katalon.core.main.TestSuiteExecutor.accessTestSuiteMainPhase(TestSuiteExecutor.java:150)
	at com.kms.katalon.core.main.TestSuiteExecutor.execute(TestSuiteExecutor.java:106)
	at com.kms.katalon.core.main.TestCaseMain.startTestSuite(TestCaseMain.java:180)
	at TempTestSuite1729057289574.run(TempTestSuite1729057289574.groovy:35)
	at java.base/jdk.internal.reflect.NativeMethodAccessorImpl.invoke0(Native Method)
	at java.base/jdk.internal.reflect.NativeMethodAccessorImpl.invoke(NativeMethodAccessorImpl.java:77)
	at java.base/jdk.internal.reflect.DelegatingMethodAccessorImpl.invoke(DelegatingMethodAccessorImpl.java:43)
)

16-10-2024T09:18:55 - [TEST_STEP][PASSED] - println(numberOfErrors): null

16-10-2024T09:18:55 - [TEST_STEP][PASSED] - if (a == 28 || a == 77 || a == 74 || a == 65 || a == 36 || a == 44 || a == 54 || a == 1 || a == 18 || a == 59): null

16-10-2024T09:18:55 - [TEST_STEP][PASSED] - if (a == 82): null

16-10-2024T09:18:55 - [TEST_STEP][PASSED] - dZO = "Курскэнерго": null

16-10-2024T09:18:55 - [TEST_STEP][PASSED] - a = 6: null

16-10-2024T09:18:55 - [TEST_STEP][PASSED] - if (x2.contains(dZO)): null

16-10-2024T09:18:55 - [TEST_STEP][PASSED] - filialNum = filialNum + 1: null

16-10-2024T09:18:55 - [TEST_STEP][PASSED] - Script1718980020443.Numbers(a, typeOfData, todaysDate, pageInt, fileInt, pageDouble, fileDouble, dZO, dzoNum, filialNum): null

16-10-2024T09:18:55 - [TEST_STEP][PASSED] - println(dzoNum): null

16-10-2024T09:18:55 - [TEST_STEP][PASSED] - planFact = <not implemented yet for class: org.codehaus.groovy.ast.expr.EmptyExpression>: null

16-10-2024T09:18:55 - [TEST_STEP][PASSED] - page = <not implemented yet for class: org.codehaus.groovy.ast.expr.EmptyExpression>: null

16-10-2024T09:18:55 - [TEST_STEP][PASSED] - page1 = <not implemented yet for class: org.codehaus.groovy.ast.expr.EmptyExpression>: null

16-10-2024T09:18:55 - [TEST_STEP][PASSED] - page2 = <not implemented yet for class: org.codehaus.groovy.ast.expr.EmptyExpression>: null

16-10-2024T09:18:55 - [TEST_STEP][PASSED] - filialNumberInRow = <not implemented yet for class: org.codehaus.groovy.ast.expr.EmptyExpression>: null

16-10-2024T09:18:55 - [TEST_STEP][PASSED] - filialsDzoNames = <not implemented yet for class: org.codehaus.groovy.ast.expr.EmptyExpression>: null

16-10-2024T09:18:55 - [TEST_STEP][PASSED] - numberOfFilials = <not implemented yet for class: org.codehaus.groovy.ast.expr.EmptyExpression>: null

16-10-2024T09:18:55 - [TEST_STEP][PASSED] - numberOfSpaces = <not implemented yet for class: org.codehaus.groovy.ast.expr.EmptyExpression>: null

16-10-2024T09:18:55 - [TEST_STEP][PASSED] - file = <not implemented yet for class: org.codehaus.groovy.ast.expr.EmptyExpression>: null

16-10-2024T09:18:55 - [TEST_STEP][PASSED] - otpusk = <not implemented yet for class: org.codehaus.groovy.ast.expr.EmptyExpression>: null

16-10-2024T09:18:55 - [TEST_STEP][PASSED] - poteri = <not implemented yet for class: org.codehaus.groovy.ast.expr.EmptyExpression>: null

16-10-2024T09:18:55 - [TEST_STEP][PASSED] - dataFolder = "Выполнение бизнес-плана/Значения со страницы Выполнение бизнес-плана/": null

16-10-2024T09:18:55 - [TEST_STEP][PASSED] - path = <not implemented yet for class: org.codehaus.groovy.ast.expr.EmptyExpression>: null

16-10-2024T09:18:55 - [TEST_STEP][PASSED] - typeOfDataMain = <not implemented yet for class: org.codehaus.groovy.ast.expr.EmptyExpression>: null

16-10-2024T09:18:55 - [TEST_STEP][PASSED] - fileOtpuskVSet = <not implemented yet for class: org.codehaus.groovy.ast.expr.EmptyExpression>: null

16-10-2024T09:18:55 - [TEST_STEP][PASSED] - pageOtpuskVSet = <not implemented yet for class: org.codehaus.groovy.ast.expr.EmptyExpression>: null

16-10-2024T09:18:55 - [TEST_STEP][PASSED] - filePoteri = <not implemented yet for class: org.codehaus.groovy.ast.expr.EmptyExpression>: null

16-10-2024T09:18:55 - [TEST_STEP][PASSED] - pagePoteri = <not implemented yet for class: org.codehaus.groovy.ast.expr.EmptyExpression>: null

16-10-2024T09:18:55 - [TEST_STEP][PASSED] - compare = <not implemented yet for class: org.codehaus.groovy.ast.expr.EmptyExpression>: null

16-10-2024T09:18:55 - [TEST_STEP][PASSED] - b = <not implemented yet for class: org.codehaus.groovy.ast.expr.EmptyExpression>: null

16-10-2024T09:18:55 - [TEST_STEP][PASSED] - i = <not implemented yet for class: org.codehaus.groovy.ast.expr.EmptyExpression>: null

16-10-2024T09:18:55 - [TEST_STEP][PASSED] - ii = <not implemented yet for class: org.codehaus.groovy.ast.expr.EmptyExpression>: null

16-10-2024T09:18:55 - [TEST_STEP][PASSED] - c = <not implemented yet for class: org.codehaus.groovy.ast.expr.EmptyExpression>: null

16-10-2024T09:18:55 - [TEST_STEP][PASSED] - numberOfErrors = 0: null

16-10-2024T09:18:55 - [TEST_STEP][PASSED] - if (a == 82): null

16-10-2024T09:18:55 - [TEST_STEP][PASSED] - b = findTestData("PlanFact").getValue(1, a): null

16-10-2024T09:18:55 - [TEST_STEP][PASSED] - i = b.indexOf(" (ГК)"): null

16-10-2024T09:18:55 - [TEST_STEP][PASSED] - if (i > -1): null

16-10-2024T09:18:55 - [TEST_STEP][PASSED] - i = b.indexOf("О ""): null

16-10-2024T09:18:55 - [TEST_STEP][PASSED] - if (i > -1): null

16-10-2024T09:18:55 - [TEST_STEP][PASSED] - i = b.indexOf("О «"): null

16-10-2024T09:18:55 - [TEST_STEP][PASSED] - if (i > -1): null

16-10-2024T09:18:55 - [TEST_STEP][PASSED] - i = b.indexOf("г. "): null

16-10-2024T09:18:55 - [TEST_STEP][PASSED] - if (i > -1): null

16-10-2024T09:18:55 - [TEST_STEP][PASSED] - println(b): null

16-10-2024T09:18:55 - [TEST_STEP][PASSED] - for ([planFact = 1, planFact < 3, (planFact++)]): null

16-10-2024T09:18:55 - [TEST_STEP][PASSED] - if (planFact == 1): null

16-10-2024T09:18:55 - [TEST_STEP][PASSED] - typeOfDataMain = "Факт": null

16-10-2024T09:18:55 - [TEST_STEP][PASSED] - otpusk = findTestData("PlanFact").getValue(5, a): null

16-10-2024T09:18:55 - [TEST_STEP][PASSED] - poteri = findTestData("PlanFact").getValue(6, a): null

16-10-2024T09:18:55 - [TEST_STEP][PASSED] - otpusk = otpusk.replaceAll("\s+", ""): null

16-10-2024T09:18:55 - [TEST_STEP][PASSED] - poteri = poteri.replaceAll("\s+", ""): null

16-10-2024T09:18:55 - [TEST_STEP][PASSED] - typeOfData = typeOfDataMain + " Отпуск в сеть": null

16-10-2024T09:18:55 - [TEST_STEP][PASSED] - if (a == 82): null

16-10-2024T09:18:55 - [TEST_STEP][PASSED] - else if (a == 84): null

16-10-2024T09:18:55 - [TEST_STEP][PASSED] - else if (a == 52 || a == 72 || a == 28 || a == 73 || a == 77 || a == 74 || a == 65 || a == 36 || a == 44 || a == 53 || a == 80 || a == 54 || a == 1 || a == 18 || a == 59 || a == 81): null

16-10-2024T09:18:55 - [TEST_STEP][PASSED] - else: null

16-10-2024T09:18:55 - [TEST_STEP][PASSED] - path = dataFolder + typeOfData + " за отчётный период " + b: null

16-10-2024T09:18:55 - [TEST_STEP][PASSED] - println(path): null

16-10-2024T09:18:55 - [TEST_STEP][PASSED] - page = getText(findTestObject(path)): Text of object 'Object Repository/Выполнение бизнес-плана/Значения со страницы Выполнение бизнес-плана/Факт Отпуск в сеть за отчётный период Курскэнерго' is: '2 465 776'

16-10-2024T09:18:55 - [MESSAGE][PASSED] - Text of object 'Object Repository/Выполнение бизнес-плана/Значения со страницы Выполнение бизнес-плана/Факт Отпуск в сеть за отчётный период Курскэнерго' is: '2 465 776'

16-10-2024T09:18:55 - [TEST_STEP][PASSED] - page = page.replaceAll("\s+", ""): null

16-10-2024T09:18:55 - [TEST_STEP][PASSED] - fileOtpuskVSet = otpusk.toInteger(): null

16-10-2024T09:18:55 - [TEST_STEP][PASSED] - pageOtpuskVSet = page.toInteger(): null

16-10-2024T09:18:55 - [TEST_STEP][PASSED] - typeOfData = typeOfDataMain + " Потери": null

16-10-2024T09:18:55 - [TEST_STEP][PASSED] - if (a == 82): null

16-10-2024T09:18:55 - [TEST_STEP][PASSED] - else if (a == 84): null

16-10-2024T09:18:55 - [TEST_STEP][PASSED] - else if (a == 52 || a == 72 || a == 28 || a == 73 || a == 77 || a == 74 || a == 65 || a == 36 || a == 44 || a == 53 || a == 80 || a == 54 || a == 1 || a == 18 || a == 59 || a == 81): null

16-10-2024T09:18:55 - [TEST_STEP][PASSED] - else: null

16-10-2024T09:18:55 - [TEST_STEP][PASSED] - path = dataFolder + typeOfData + " за отчётный период " + b: null

16-10-2024T09:18:55 - [TEST_STEP][PASSED] - page = getText(findTestObject(path)): Text of object 'Object Repository/Выполнение бизнес-плана/Значения со страницы Выполнение бизнес-плана/Факт Потери за отчётный период Курскэнерго' is: '243 721'

16-10-2024T09:18:56 - [MESSAGE][PASSED] - Text of object 'Object Repository/Выполнение бизнес-плана/Значения со страницы Выполнение бизнес-плана/Факт Потери за отчётный период Курскэнерго' is: '243 721'

16-10-2024T09:18:56 - [TEST_STEP][PASSED] - page = page.replaceAll("\s+", ""): null

16-10-2024T09:18:56 - [TEST_STEP][PASSED] - filePoteri = poteri.toInteger(): null

16-10-2024T09:18:56 - [TEST_STEP][PASSED] - pagePoteri = page.toInteger(): null

16-10-2024T09:18:56 - [TEST_STEP][PASSED] - compare = pageOtpuskVSet: null

16-10-2024T09:18:56 - [TEST_STEP][PASSED] - if (compare == fileOtpuskVSet): null

16-10-2024T09:18:56 - [TEST_STEP][PASSED] - else if (compare > fileOtpuskVSet): null

16-10-2024T09:18:56 - [TEST_STEP][PASSED] - compare = compare - 1: null

16-10-2024T09:18:56 - [TEST_STEP][PASSED] - if (compare == fileOtpuskVSet): null

16-10-2024T09:18:56 - [TEST_STEP][PASSED] - else: null

16-10-2024T09:18:56 - [TEST_STEP][PASSED] - numberOfErrors = numberOfErrors + 1: null

16-10-2024T09:18:56 - [TEST_STEP][PASSED] - pageInt = pageOtpuskVSet: null

16-10-2024T09:18:56 - [TEST_STEP][PASSED] - fileInt = fileOtpuskVSet: null

16-10-2024T09:18:56 - [TEST_STEP][PASSED] - typeOfData = typeOfDataMain + " Отпуск в сеть": null

16-10-2024T09:18:56 - [TEST_STEP][PASSED] - Script1718980020443.WriteToExcel(a, typeOfData, todaysDate, pageInt, fileInt, pageDouble, fileDouble, dZO): null

16-10-2024T09:18:56 - [TEST_STEP][PASSED] - sheetName = "Sheet1": null

16-10-2024T09:18:56 - [TEST_STEP][PASSED] - data = findTestData("PlanFact"): null

16-10-2024T09:18:56 - [TEST_STEP][PASSED] - n = data.getRowNumbers() + 1: null

16-10-2024T09:18:56 - [TEST_STEP][PASSED] - year = todaysDate.substring(todaysDate.length() - 4, todaysDate.length()): null

16-10-2024T09:18:56 - [TEST_STEP][PASSED] - y = year.toInteger(): null

16-10-2024T09:18:56 - [TEST_STEP][PASSED] - m = getText(findTestObject("Выполнение бизнес-плана/Период")): Text of object 'Object Repository/Выполнение бизнес-плана/Период' is: '1, 2 кв., Июль, Август 2024 года'

16-10-2024T09:18:56 - [MESSAGE][PASSED] - Text of object 'Object Repository/Выполнение бизнес-плана/Период' is: '1, 2 кв., Июль, Август 2024 года'

16-10-2024T09:18:56 - [TEST_STEP][PASSED] - m = m.substring(0, m.indexOf("2024")): null

16-10-2024T09:18:56 - [TEST_STEP][PASSED] - m = m.trim(): null

16-10-2024T09:18:56 - [TEST_STEP][PASSED] - dashboardName = "Выполнение бизнес-плана": null

16-10-2024T09:18:56 - [TEST_STEP][PASSED] - workbook01 = getWorkbook(excelFilePath): null

16-10-2024T09:18:56 - [TEST_STEP][PASSED] - sheet01 = getExcelSheet(workbook01, sheetName): null

16-10-2024T09:18:56 - [TEST_STEP][PASSED] - setValueToCellByIndex(sheet01, n, 0, dashboardName): null

16-10-2024T09:18:56 - [TEST_STEP][PASSED] - setValueToCellByIndex(sheet01, n, 1, dZO): null

16-10-2024T09:18:56 - [TEST_STEP][PASSED] - setValueToCellByIndex(sheet01, n, 2, typeOfData): null

16-10-2024T09:18:56 - [TEST_STEP][PASSED] - if (typeOfData == "Факт в процентах" || typeOfData == "План в процентах"): null

16-10-2024T09:18:56 - [TEST_STEP][PASSED] - else: null

16-10-2024T09:18:56 - [TEST_STEP][PASSED] - setValueToCellByIndex(sheet01, n, 3, fileInt): null

16-10-2024T09:18:56 - [TEST_STEP][PASSED] - setValueToCellByIndex(sheet01, n, 4, pageInt): null

16-10-2024T09:18:56 - [TEST_STEP][PASSED] - setValueToCellByIndex(sheet01, n, 5, m): null

16-10-2024T09:18:56 - [TEST_STEP][PASSED] - setValueToCellByIndex(sheet01, n, 6, y): null

16-10-2024T09:18:56 - [TEST_STEP][PASSED] - setValueToCellByIndex(sheet01, n, 7, todaysDate): null

16-10-2024T09:18:56 - [TEST_STEP][PASSED] - n = n + 1: null

16-10-2024T09:18:56 - [TEST_STEP][PASSED] - saveWorkbook(excelFilePath, workbook01): null

16-10-2024T09:18:56 - [TEST_STEP][PASSED] - compare = pagePoteri: null

16-10-2024T09:18:56 - [TEST_STEP][PASSED] - if (compare == filePoteri): null

16-10-2024T09:18:56 - [TEST_STEP][PASSED] - else if (compare > filePoteri): null

16-10-2024T09:18:56 - [TEST_STEP][PASSED] - compare = compare - 1: null

16-10-2024T09:18:56 - [TEST_STEP][PASSED] - if (compare == filePoteri): null

16-10-2024T09:18:56 - [TEST_STEP][PASSED] - else: null

16-10-2024T09:18:56 - [TEST_STEP][PASSED] - numberOfErrors = numberOfErrors + 1: null

16-10-2024T09:18:56 - [TEST_STEP][PASSED] - pageInt = pagePoteri: null

16-10-2024T09:18:56 - [TEST_STEP][PASSED] - fileInt = filePoteri: null

16-10-2024T09:18:56 - [TEST_STEP][PASSED] - typeOfData = typeOfDataMain + " Потери": null

16-10-2024T09:18:56 - [TEST_STEP][PASSED] - Script1718980020443.WriteToExcel(a, typeOfData, todaysDate, pageInt, fileInt, pageDouble, fileDouble, dZO): null

16-10-2024T09:18:56 - [TEST_STEP][PASSED] - sheetName = "Sheet1": null

16-10-2024T09:18:56 - [TEST_STEP][PASSED] - data = findTestData("PlanFact"): null

16-10-2024T09:18:56 - [TEST_STEP][PASSED] - n = data.getRowNumbers() + 1: null

16-10-2024T09:18:56 - [TEST_STEP][PASSED] - year = todaysDate.substring(todaysDate.length() - 4, todaysDate.length()): null

16-10-2024T09:18:56 - [TEST_STEP][PASSED] - y = year.toInteger(): null

16-10-2024T09:18:56 - [TEST_STEP][PASSED] - m = getText(findTestObject("Выполнение бизнес-плана/Период")): Text of object 'Object Repository/Выполнение бизнес-плана/Период' is: '1, 2 кв., Июль, Август 2024 года'

16-10-2024T09:18:57 - [MESSAGE][PASSED] - Text of object 'Object Repository/Выполнение бизнес-плана/Период' is: '1, 2 кв., Июль, Август 2024 года'

16-10-2024T09:18:57 - [TEST_STEP][PASSED] - m = m.substring(0, m.indexOf("2024")): null

16-10-2024T09:18:57 - [TEST_STEP][PASSED] - m = m.trim(): null

16-10-2024T09:18:57 - [TEST_STEP][PASSED] - dashboardName = "Выполнение бизнес-плана": null

16-10-2024T09:18:57 - [TEST_STEP][PASSED] - workbook01 = getWorkbook(excelFilePath): null

16-10-2024T09:18:57 - [TEST_STEP][PASSED] - sheet01 = getExcelSheet(workbook01, sheetName): null

16-10-2024T09:18:57 - [TEST_STEP][PASSED] - setValueToCellByIndex(sheet01, n, 0, dashboardName): null

16-10-2024T09:18:57 - [TEST_STEP][PASSED] - setValueToCellByIndex(sheet01, n, 1, dZO): null

16-10-2024T09:18:57 - [TEST_STEP][PASSED] - setValueToCellByIndex(sheet01, n, 2, typeOfData): null

16-10-2024T09:18:57 - [TEST_STEP][PASSED] - if (typeOfData == "Факт в процентах" || typeOfData == "План в процентах"): null

16-10-2024T09:18:57 - [TEST_STEP][PASSED] - else: null

16-10-2024T09:18:57 - [TEST_STEP][PASSED] - setValueToCellByIndex(sheet01, n, 3, fileInt): null

16-10-2024T09:18:57 - [TEST_STEP][PASSED] - setValueToCellByIndex(sheet01, n, 4, pageInt): null

16-10-2024T09:18:57 - [TEST_STEP][PASSED] - setValueToCellByIndex(sheet01, n, 5, m): null

16-10-2024T09:18:57 - [TEST_STEP][PASSED] - setValueToCellByIndex(sheet01, n, 6, y): null

16-10-2024T09:18:57 - [TEST_STEP][PASSED] - setValueToCellByIndex(sheet01, n, 7, todaysDate): null

16-10-2024T09:18:57 - [TEST_STEP][PASSED] - n = n + 1: null

16-10-2024T09:18:57 - [TEST_STEP][PASSED] - saveWorkbook(excelFilePath, workbook01): null

16-10-2024T09:18:57 - [TEST_STEP][PASSED] - if (planFact == 2): null

16-10-2024T09:18:57 - [TEST_STEP][PASSED] - if (planFact == 1): null

16-10-2024T09:18:57 - [TEST_STEP][PASSED] - else if (planFact == 2): null

16-10-2024T09:18:57 - [TEST_STEP][PASSED] - click(findTestObject("Выполнение бизнес-плана/Кнопка План")): Object: 'Object Repository/Выполнение бизнес-плана/Кнопка План' is clicked on

16-10-2024T09:18:57 - [MESSAGE][PASSED] - Object: 'Object Repository/Выполнение бизнес-плана/Кнопка План' is clicked on

16-10-2024T09:18:57 - [TEST_STEP][PASSED] - typeOfDataMain = "План": null

16-10-2024T09:18:57 - [TEST_STEP][PASSED] - otpusk = findTestData("PlanFact").getValue(2, a): null

16-10-2024T09:18:57 - [TEST_STEP][PASSED] - poteri = findTestData("PlanFact").getValue(3, a): null

16-10-2024T09:18:57 - [TEST_STEP][PASSED] - otpusk = otpusk.replaceAll("\s+", ""): null

16-10-2024T09:18:57 - [TEST_STEP][PASSED] - poteri = poteri.replaceAll("\s+", ""): null

16-10-2024T09:18:57 - [TEST_STEP][PASSED] - typeOfData = typeOfDataMain + " Отпуск в сеть": null

16-10-2024T09:18:57 - [TEST_STEP][PASSED] - if (a == 82): null

16-10-2024T09:18:57 - [TEST_STEP][PASSED] - else if (a == 84): null

16-10-2024T09:18:57 - [TEST_STEP][PASSED] - else if (a == 52 || a == 72 || a == 28 || a == 73 || a == 77 || a == 74 || a == 65 || a == 36 || a == 44 || a == 53 || a == 80 || a == 54 || a == 1 || a == 18 || a == 59 || a == 81): null

16-10-2024T09:18:57 - [TEST_STEP][PASSED] - else: null

16-10-2024T09:18:57 - [TEST_STEP][PASSED] - path = dataFolder + typeOfData + " за отчётный период " + b: null

16-10-2024T09:18:57 - [TEST_STEP][PASSED] - println(path): null

16-10-2024T09:18:57 - [TEST_STEP][PASSED] - page = getText(findTestObject(path)): Text of object 'Object Repository/Выполнение бизнес-плана/Значения со страницы Выполнение бизнес-плана/План Отпуск в сеть за отчётный период Курскэнерго' is: '2 448 478'

16-10-2024T09:18:58 - [MESSAGE][PASSED] - Text of object 'Object Repository/Выполнение бизнес-плана/Значения со страницы Выполнение бизнес-плана/План Отпуск в сеть за отчётный период Курскэнерго' is: '2 448 478'

16-10-2024T09:18:58 - [TEST_STEP][PASSED] - page = page.replaceAll("\s+", ""): null

16-10-2024T09:18:58 - [TEST_STEP][PASSED] - fileOtpuskVSet = otpusk.toInteger(): null

16-10-2024T09:18:58 - [TEST_STEP][PASSED] - pageOtpuskVSet = page.toInteger(): null

16-10-2024T09:18:58 - [TEST_STEP][PASSED] - typeOfData = typeOfDataMain + " Потери": null

16-10-2024T09:18:58 - [TEST_STEP][PASSED] - if (a == 82): null

16-10-2024T09:18:58 - [TEST_STEP][PASSED] - else if (a == 84): null

16-10-2024T09:18:58 - [TEST_STEP][PASSED] - else if (a == 52 || a == 72 || a == 28 || a == 73 || a == 77 || a == 74 || a == 65 || a == 36 || a == 44 || a == 53 || a == 80 || a == 54 || a == 1 || a == 18 || a == 59 || a == 81): null

16-10-2024T09:18:58 - [TEST_STEP][PASSED] - else: null

16-10-2024T09:18:58 - [TEST_STEP][PASSED] - path = dataFolder + typeOfData + " за отчётный период " + b: null

16-10-2024T09:18:58 - [TEST_STEP][PASSED] - page = getText(findTestObject(path)): Text of object 'Object Repository/Выполнение бизнес-плана/Значения со страницы Выполнение бизнес-плана/План Потери за отчётный период Курскэнерго' is: '263 545'

16-10-2024T09:18:58 - [MESSAGE][PASSED] - Text of object 'Object Repository/Выполнение бизнес-плана/Значения со страницы Выполнение бизнес-плана/План Потери за отчётный период Курскэнерго' is: '263 545'

16-10-2024T09:18:58 - [TEST_STEP][PASSED] - page = page.replaceAll("\s+", ""): null

16-10-2024T09:18:58 - [TEST_STEP][PASSED] - filePoteri = poteri.toInteger(): null

16-10-2024T09:18:58 - [TEST_STEP][PASSED] - pagePoteri = page.toInteger(): null

16-10-2024T09:18:58 - [TEST_STEP][PASSED] - compare = pageOtpuskVSet: null

16-10-2024T09:18:58 - [TEST_STEP][PASSED] - if (compare == fileOtpuskVSet): null

16-10-2024T09:18:58 - [TEST_STEP][PASSED] - else if (compare > fileOtpuskVSet): null

16-10-2024T09:18:58 - [TEST_STEP][PASSED] - compare = compare - 1: null

16-10-2024T09:18:58 - [TEST_STEP][PASSED] - if (compare == fileOtpuskVSet): null

16-10-2024T09:18:58 - [TEST_STEP][PASSED] - else: null

16-10-2024T09:18:58 - [TEST_STEP][PASSED] - numberOfErrors = numberOfErrors + 1: null

16-10-2024T09:18:58 - [TEST_STEP][PASSED] - pageInt = pageOtpuskVSet: null

16-10-2024T09:18:58 - [TEST_STEP][PASSED] - fileInt = fileOtpuskVSet: null

16-10-2024T09:18:58 - [TEST_STEP][PASSED] - typeOfData = typeOfDataMain + " Отпуск в сеть": null

16-10-2024T09:18:58 - [TEST_STEP][PASSED] - Script1718980020443.WriteToExcel(a, typeOfData, todaysDate, pageInt, fileInt, pageDouble, fileDouble, dZO): null

16-10-2024T09:18:58 - [TEST_STEP][PASSED] - sheetName = "Sheet1": null

16-10-2024T09:18:58 - [TEST_STEP][PASSED] - data = findTestData("PlanFact"): null

16-10-2024T09:18:58 - [TEST_STEP][PASSED] - n = data.getRowNumbers() + 1: null

16-10-2024T09:18:58 - [TEST_STEP][PASSED] - year = todaysDate.substring(todaysDate.length() - 4, todaysDate.length()): null

16-10-2024T09:18:58 - [TEST_STEP][PASSED] - y = year.toInteger(): null

16-10-2024T09:18:58 - [TEST_STEP][PASSED] - m = getText(findTestObject("Выполнение бизнес-плана/Период")): Text of object 'Object Repository/Выполнение бизнес-плана/Период' is: '1, 2 кв., Июль, Август 2024 года'

16-10-2024T09:18:58 - [MESSAGE][PASSED] - Text of object 'Object Repository/Выполнение бизнес-плана/Период' is: '1, 2 кв., Июль, Август 2024 года'

16-10-2024T09:18:58 - [TEST_STEP][PASSED] - m = m.substring(0, m.indexOf("2024")): null

16-10-2024T09:18:58 - [TEST_STEP][PASSED] - m = m.trim(): null

16-10-2024T09:18:58 - [TEST_STEP][PASSED] - dashboardName = "Выполнение бизнес-плана": null

16-10-2024T09:18:58 - [TEST_STEP][PASSED] - workbook01 = getWorkbook(excelFilePath): null

16-10-2024T09:18:59 - [TEST_STEP][PASSED] - sheet01 = getExcelSheet(workbook01, sheetName): null

16-10-2024T09:18:59 - [TEST_STEP][PASSED] - setValueToCellByIndex(sheet01, n, 0, dashboardName): null

16-10-2024T09:18:59 - [TEST_STEP][PASSED] - setValueToCellByIndex(sheet01, n, 1, dZO): null

16-10-2024T09:18:59 - [TEST_STEP][PASSED] - setValueToCellByIndex(sheet01, n, 2, typeOfData): null

16-10-2024T09:18:59 - [TEST_STEP][PASSED] - if (typeOfData == "Факт в процентах" || typeOfData == "План в процентах"): null

16-10-2024T09:18:59 - [TEST_STEP][PASSED] - else: null

16-10-2024T09:18:59 - [TEST_STEP][PASSED] - setValueToCellByIndex(sheet01, n, 3, fileInt): null

16-10-2024T09:18:59 - [TEST_STEP][PASSED] - setValueToCellByIndex(sheet01, n, 4, pageInt): null

16-10-2024T09:18:59 - [TEST_STEP][PASSED] - setValueToCellByIndex(sheet01, n, 5, m): null

16-10-2024T09:18:59 - [TEST_STEP][PASSED] - setValueToCellByIndex(sheet01, n, 6, y): null

16-10-2024T09:18:59 - [TEST_STEP][PASSED] - setValueToCellByIndex(sheet01, n, 7, todaysDate): null

16-10-2024T09:18:59 - [TEST_STEP][PASSED] - n = n + 1: null

16-10-2024T09:18:59 - [TEST_STEP][PASSED] - saveWorkbook(excelFilePath, workbook01): null

16-10-2024T09:18:59 - [TEST_STEP][PASSED] - compare = pagePoteri: null

16-10-2024T09:18:59 - [TEST_STEP][PASSED] - if (compare == filePoteri): null

16-10-2024T09:18:59 - [TEST_STEP][PASSED] - else if (compare > filePoteri): null

16-10-2024T09:18:59 - [TEST_STEP][PASSED] - compare = compare - 1: null

16-10-2024T09:18:59 - [TEST_STEP][PASSED] - if (compare == filePoteri): null

16-10-2024T09:18:59 - [TEST_STEP][PASSED] - else: null

16-10-2024T09:18:59 - [TEST_STEP][PASSED] - numberOfErrors = numberOfErrors + 1: null

16-10-2024T09:18:59 - [TEST_STEP][PASSED] - pageInt = pagePoteri: null

16-10-2024T09:18:59 - [TEST_STEP][PASSED] - fileInt = filePoteri: null

16-10-2024T09:18:59 - [TEST_STEP][PASSED] - typeOfData = typeOfDataMain + " Потери": null

16-10-2024T09:18:59 - [TEST_STEP][PASSED] - Script1718980020443.WriteToExcel(a, typeOfData, todaysDate, pageInt, fileInt, pageDouble, fileDouble, dZO): null

16-10-2024T09:18:59 - [TEST_STEP][PASSED] - sheetName = "Sheet1": null

16-10-2024T09:18:59 - [TEST_STEP][PASSED] - data = findTestData("PlanFact"): null

16-10-2024T09:18:59 - [TEST_STEP][PASSED] - n = data.getRowNumbers() + 1: null

16-10-2024T09:18:59 - [TEST_STEP][PASSED] - year = todaysDate.substring(todaysDate.length() - 4, todaysDate.length()): null

16-10-2024T09:18:59 - [TEST_STEP][PASSED] - y = year.toInteger(): null

16-10-2024T09:18:59 - [TEST_STEP][PASSED] - m = getText(findTestObject("Выполнение бизнес-плана/Период")): Text of object 'Object Repository/Выполнение бизнес-плана/Период' is: '1, 2 кв., Июль, Август 2024 года'

16-10-2024T09:18:59 - [MESSAGE][PASSED] - Text of object 'Object Repository/Выполнение бизнес-плана/Период' is: '1, 2 кв., Июль, Август 2024 года'

16-10-2024T09:18:59 - [TEST_STEP][PASSED] - m = m.substring(0, m.indexOf("2024")): null

16-10-2024T09:18:59 - [TEST_STEP][PASSED] - m = m.trim(): null

16-10-2024T09:18:59 - [TEST_STEP][PASSED] - dashboardName = "Выполнение бизнес-плана": null

16-10-2024T09:18:59 - [TEST_STEP][PASSED] - workbook01 = getWorkbook(excelFilePath): null

16-10-2024T09:18:59 - [TEST_STEP][PASSED] - sheet01 = getExcelSheet(workbook01, sheetName): null

16-10-2024T09:18:59 - [TEST_STEP][PASSED] - setValueToCellByIndex(sheet01, n, 0, dashboardName): null

16-10-2024T09:18:59 - [TEST_STEP][PASSED] - setValueToCellByIndex(sheet01, n, 1, dZO): null

16-10-2024T09:18:59 - [TEST_STEP][PASSED] - setValueToCellByIndex(sheet01, n, 2, typeOfData): null

16-10-2024T09:18:59 - [TEST_STEP][PASSED] - if (typeOfData == "Факт в процентах" || typeOfData == "План в процентах"): null

16-10-2024T09:18:59 - [TEST_STEP][PASSED] - else: null

16-10-2024T09:18:59 - [TEST_STEP][PASSED] - setValueToCellByIndex(sheet01, n, 3, fileInt): null

16-10-2024T09:18:59 - [TEST_STEP][PASSED] - setValueToCellByIndex(sheet01, n, 4, pageInt): null

16-10-2024T09:18:59 - [TEST_STEP][PASSED] - setValueToCellByIndex(sheet01, n, 5, m): null

16-10-2024T09:18:59 - [TEST_STEP][PASSED] - setValueToCellByIndex(sheet01, n, 6, y): null

16-10-2024T09:18:59 - [TEST_STEP][PASSED] - setValueToCellByIndex(sheet01, n, 7, todaysDate): null

16-10-2024T09:18:59 - [TEST_STEP][PASSED] - n = n + 1: null

16-10-2024T09:18:59 - [TEST_STEP][PASSED] - saveWorkbook(excelFilePath, workbook01): Object: 'Object Repository/Выполнение бизнес-плана/Кнопка Факт' is clicked on

16-10-2024T09:18:59 - [TEST_STEP][PASSED] - if (planFact == 2): Object: 'Object Repository/Выполнение бизнес-плана/Кнопка Факт' is clicked on

16-10-2024T09:18:59 - [TEST_STEP][PASSED] - click(findTestObject("Выполнение бизнес-плана/Кнопка Факт")): Object: 'Object Repository/Выполнение бизнес-плана/Кнопка Факт' is clicked on

16-10-2024T09:19:00 - [MESSAGE][PASSED] - Object: 'Object Repository/Выполнение бизнес-плана/Кнопка Факт' is clicked on

16-10-2024T09:19:00 - [TEST_STEP][PASSED] - if (a == 84 || a == 82): null

16-10-2024T09:19:00 - [TEST_STEP][PASSED] - else if (a == 52 || a == 72 || a == 28 || a == 73 || a == 77 || a == 74 || a == 65 || a == 36 || a == 44 || a == 53 || a == 80 || a == 54 || a == 1 || a == 18 || a == 59 || a == 81): null

16-10-2024T09:19:00 - [TEST_STEP][PASSED] - else: null

16-10-2024T09:19:00 - [TEST_STEP][PASSED] - page1 = getText(findTestObject("Object Repository/Выполнение бизнес-плана/spanPlan" + filialNum)): Text of object 'Object Repository/Выполнение бизнес-плана/spanPlan8' is: '10.76
|'

16-10-2024T09:19:00 - [MESSAGE][PASSED] - Text of object 'Object Repository/Выполнение бизнес-плана/spanPlan8' is: '10.76
|'

16-10-2024T09:19:00 - [TEST_STEP][PASSED] - page1 = page1.replace("|", ""): null

16-10-2024T09:19:00 - [TEST_STEP][PASSED] - page2 = getText(findTestObject("Object Repository/Выполнение бизнес-плана/spanFact" + filialNum)): Text of object 'Object Repository/Выполнение бизнес-плана/spanFact8' is: '9.88
|'

16-10-2024T09:19:00 - [MESSAGE][PASSED] - Text of object 'Object Repository/Выполнение бизнес-плана/spanFact8' is: '9.88
|'

16-10-2024T09:19:00 - [TEST_STEP][PASSED] - page2 = page2.replace("|", ""): null

16-10-2024T09:19:00 - [TEST_STEP][PASSED] - println("page1: " + page1): null

16-10-2024T09:19:00 - [TEST_STEP][PASSED] - println("page2: " + page2): null

16-10-2024T09:19:00 - [TEST_STEP][PASSED] - file = findTestData("PlanFact").getValue(4, a): null

16-10-2024T09:19:00 - [TEST_STEP][PASSED] - file = file.replace(",", "."): null

16-10-2024T09:19:00 - [TEST_STEP][PASSED] - println("file Plan: " + file): null

16-10-2024T09:19:00 - [TEST_STEP][PASSED] - typeOfData = "План в процентах": null

16-10-2024T09:19:00 - [TEST_STEP][PASSED] - fileDouble = file.toDouble(): null

16-10-2024T09:19:00 - [TEST_STEP][PASSED] - pageDouble = page1.toDouble(): null

16-10-2024T09:19:00 - [TEST_STEP][PASSED] - if (fileDouble != pageDouble): null

16-10-2024T09:19:00 - [TEST_STEP][PASSED] - numberOfErrors = numberOfErrors + 1: null

16-10-2024T09:19:00 - [TEST_STEP][PASSED] - Script1718980020443.WriteToExcel(a, typeOfData, todaysDate, pageInt, fileInt, pageDouble, fileDouble, dZO): null

16-10-2024T09:19:00 - [TEST_STEP][PASSED] - sheetName = "Sheet1": null

16-10-2024T09:19:00 - [TEST_STEP][PASSED] - data = findTestData("PlanFact"): null

16-10-2024T09:19:01 - [TEST_STEP][PASSED] - n = data.getRowNumbers() + 1: null

16-10-2024T09:19:01 - [TEST_STEP][PASSED] - year = todaysDate.substring(todaysDate.length() - 4, todaysDate.length()): null

16-10-2024T09:19:01 - [TEST_STEP][PASSED] - y = year.toInteger(): null

16-10-2024T09:19:01 - [TEST_STEP][PASSED] - m = getText(findTestObject("Выполнение бизнес-плана/Период")): Text of object 'Object Repository/Выполнение бизнес-плана/Период' is: '1, 2 кв., Июль, Август 2024 года'

16-10-2024T09:19:01 - [MESSAGE][PASSED] - Text of object 'Object Repository/Выполнение бизнес-плана/Период' is: '1, 2 кв., Июль, Август 2024 года'

16-10-2024T09:19:01 - [TEST_STEP][PASSED] - m = m.substring(0, m.indexOf("2024")): null

16-10-2024T09:19:01 - [TEST_STEP][PASSED] - m = m.trim(): null

16-10-2024T09:19:01 - [TEST_STEP][PASSED] - dashboardName = "Выполнение бизнес-плана": null

16-10-2024T09:19:01 - [TEST_STEP][PASSED] - workbook01 = getWorkbook(excelFilePath): null

16-10-2024T09:19:01 - [TEST_STEP][PASSED] - sheet01 = getExcelSheet(workbook01, sheetName): null

16-10-2024T09:19:01 - [TEST_STEP][PASSED] - setValueToCellByIndex(sheet01, n, 0, dashboardName): null

16-10-2024T09:19:01 - [TEST_STEP][PASSED] - setValueToCellByIndex(sheet01, n, 1, dZO): null

16-10-2024T09:19:01 - [TEST_STEP][PASSED] - setValueToCellByIndex(sheet01, n, 2, typeOfData): null

16-10-2024T09:19:01 - [TEST_STEP][PASSED] - if (typeOfData == "Факт в процентах" || typeOfData == "План в процентах"): null

16-10-2024T09:19:01 - [TEST_STEP][PASSED] - setValueToCellByIndex(sheet01, n, 3, fileDouble): null

16-10-2024T09:19:01 - [TEST_STEP][PASSED] - setValueToCellByIndex(sheet01, n, 4, pageDouble): null

16-10-2024T09:19:01 - [TEST_STEP][PASSED] - setValueToCellByIndex(sheet01, n, 5, m): null

16-10-2024T09:19:01 - [TEST_STEP][PASSED] - setValueToCellByIndex(sheet01, n, 6, y): null

16-10-2024T09:19:01 - [TEST_STEP][PASSED] - setValueToCellByIndex(sheet01, n, 7, todaysDate): null

16-10-2024T09:19:01 - [TEST_STEP][PASSED] - n = n + 1: null

16-10-2024T09:19:01 - [TEST_STEP][PASSED] - saveWorkbook(excelFilePath, workbook01): null

16-10-2024T09:19:01 - [TEST_STEP][PASSED] - file = findTestData("PlanFact").getValue(7, a): null

16-10-2024T09:19:01 - [TEST_STEP][PASSED] - file = file.replace(",", "."): null

16-10-2024T09:19:01 - [TEST_STEP][PASSED] - println("file Fact: " + file): null

16-10-2024T09:19:01 - [TEST_STEP][PASSED] - fileDouble = file.toDouble(): null

16-10-2024T09:19:01 - [TEST_STEP][PASSED] - typeOfData = "Факт в процентах": null

16-10-2024T09:19:01 - [TEST_STEP][PASSED] - fileDouble = file.toDouble(): null

16-10-2024T09:19:01 - [TEST_STEP][PASSED] - pageDouble = page2.toDouble(): null

16-10-2024T09:19:01 - [TEST_STEP][PASSED] - if (fileDouble != pageDouble): null

16-10-2024T09:19:01 - [TEST_STEP][PASSED] - numberOfErrors = numberOfErrors + 1: null

16-10-2024T09:19:01 - [TEST_STEP][PASSED] - Script1718980020443.WriteToExcel(a, typeOfData, todaysDate, pageInt, fileInt, pageDouble, fileDouble, dZO): null

16-10-2024T09:19:01 - [TEST_STEP][PASSED] - sheetName = "Sheet1": null

16-10-2024T09:19:01 - [TEST_STEP][PASSED] - data = findTestData("PlanFact"): null

16-10-2024T09:19:01 - [TEST_STEP][PASSED] - n = data.getRowNumbers() + 1: null

16-10-2024T09:19:01 - [TEST_STEP][PASSED] - year = todaysDate.substring(todaysDate.length() - 4, todaysDate.length()): null

16-10-2024T09:19:01 - [TEST_STEP][PASSED] - y = year.toInteger(): null

16-10-2024T09:19:01 - [TEST_STEP][PASSED] - m = getText(findTestObject("Выполнение бизнес-плана/Период")): Text of object 'Object Repository/Выполнение бизнес-плана/Период' is: '1, 2 кв., Июль, Август 2024 года'

16-10-2024T09:19:02 - [MESSAGE][PASSED] - Text of object 'Object Repository/Выполнение бизнес-плана/Период' is: '1, 2 кв., Июль, Август 2024 года'

16-10-2024T09:19:02 - [TEST_STEP][PASSED] - m = m.substring(0, m.indexOf("2024")): null

16-10-2024T09:19:02 - [TEST_STEP][PASSED] - m = m.trim(): null

16-10-2024T09:19:02 - [TEST_STEP][PASSED] - dashboardName = "Выполнение бизнес-плана": null

16-10-2024T09:19:02 - [TEST_STEP][PASSED] - workbook01 = getWorkbook(excelFilePath): null

16-10-2024T09:19:02 - [TEST_STEP][PASSED] - sheet01 = getExcelSheet(workbook01, sheetName): null

16-10-2024T09:19:02 - [TEST_STEP][PASSED] - setValueToCellByIndex(sheet01, n, 0, dashboardName): null

16-10-2024T09:19:02 - [TEST_STEP][PASSED] - setValueToCellByIndex(sheet01, n, 1, dZO): null

16-10-2024T09:19:02 - [TEST_STEP][PASSED] - setValueToCellByIndex(sheet01, n, 2, typeOfData): null

16-10-2024T09:19:02 - [TEST_STEP][PASSED] - if (typeOfData == "Факт в процентах" || typeOfData == "План в процентах"): null

16-10-2024T09:19:02 - [TEST_STEP][PASSED] - setValueToCellByIndex(sheet01, n, 3, fileDouble): null

16-10-2024T09:19:02 - [TEST_STEP][PASSED] - setValueToCellByIndex(sheet01, n, 4, pageDouble): null

16-10-2024T09:19:02 - [TEST_STEP][PASSED] - setValueToCellByIndex(sheet01, n, 5, m): null

16-10-2024T09:19:02 - [TEST_STEP][PASSED] - setValueToCellByIndex(sheet01, n, 6, y): null

16-10-2024T09:19:02 - [TEST_STEP][PASSED] - setValueToCellByIndex(sheet01, n, 7, todaysDate): null

16-10-2024T09:19:02 - [TEST_STEP][PASSED] - n = n + 1: null

16-10-2024T09:19:02 - [TEST_STEP][PASSED] - saveWorkbook(excelFilePath, workbook01): null

16-10-2024T09:19:02 - [TEST_STEP][FAILED] - if (verifyEqual(numberOfErrors, 0) == false): null

16-10-2024T09:19:02 - [MESSAGE][FAILED] - Unable to verify equal between actual object '6' and expected object '0' (Root cause: com.kms.katalon.core.exception.StepFailedException: Actual object '6' and expected object '0' are not equal
	at com.kms.katalon.core.keyword.builtin.VerifyEqualKeyword$_verifyEqual_closure1.doCall(VerifyEqualKeyword.groovy:58)
	at com.kms.katalon.core.keyword.builtin.VerifyEqualKeyword$_verifyEqual_closure1.call(VerifyEqualKeyword.groovy)
	at com.kms.katalon.core.keyword.internal.KeywordMain.runKeyword(KeywordMain.groovy:75)
	at com.kms.katalon.core.keyword.builtin.VerifyEqualKeyword.verifyEqual(VerifyEqualKeyword.groovy:63)
	at com.kms.katalon.core.keyword.builtin.VerifyEqualKeyword.execute(VerifyEqualKeyword.groovy:44)
	at com.kms.katalon.core.keyword.internal.KeywordExecutor.executeKeywordForPlatform(KeywordExecutor.groovy:74)
	at com.kms.katalon.core.keyword.BuiltinKeywords.verifyEqual(BuiltinKeywords.groovy:146)
	at jdk.internal.reflect.GeneratedMethodAccessor25.invoke(Unknown Source)
	at java.base/jdk.internal.reflect.DelegatingMethodAccessorImpl.invoke(DelegatingMethodAccessorImpl.java:43)
	at Выполнение бизнес-плана Сверка ПАО Россети все филиалы.Numbers(Выполнение бизнес-плана Сверка ПАО Россети все филиалы:749)
	at Выполнение бизнес-плана Сверка ПАО Россети все филиалы.Filials(Выполнение бизнес-плана Сверка ПАО Россети все филиалы:1248)
	at Выполнение бизнес-плана Сверка ПАО Россети все филиалы.Numbers(Выполнение бизнес-плана Сверка ПАО Россети все филиалы:754)
	at Выполнение бизнес-плана Сверка ПАО Россети все филиалы.run(Выполнение бизнес-плана Сверка ПАО Россети все филиалы:397)
	at com.kms.katalon.core.main.ScriptEngine.run(ScriptEngine.java:194)
	at com.kms.katalon.core.main.ScriptEngine.runScriptAsRawText(ScriptEngine.java:119)
	at com.kms.katalon.core.main.TestCaseExecutor.runScript(TestCaseExecutor.java:448)
	at com.kms.katalon.core.main.TestCaseExecutor.doExecute(TestCaseExecutor.java:439)
	at com.kms.katalon.core.main.TestCaseExecutor.processExecutionPhase(TestCaseExecutor.java:418)
	at com.kms.katalon.core.main.TestCaseExecutor.accessMainPhase(TestCaseExecutor.java:410)
	at com.kms.katalon.core.main.TestCaseExecutor.execute(TestCaseExecutor.java:285)
	at com.kms.katalon.core.common.CommonExecutor.accessTestCaseMainPhase(CommonExecutor.java:65)
	at com.kms.katalon.core.main.TestSuiteExecutor.accessTestSuiteMainPhase(TestSuiteExecutor.java:150)
	at com.kms.katalon.core.main.TestSuiteExecutor.execute(TestSuiteExecutor.java:106)
	at com.kms.katalon.core.main.TestCaseMain.startTestSuite(TestCaseMain.java:180)
	at TempTestSuite1729057289574.run(TempTestSuite1729057289574.groovy:35)
	at java.base/jdk.internal.reflect.NativeMethodAccessorImpl.invoke0(Native Method)
	at java.base/jdk.internal.reflect.NativeMethodAccessorImpl.invoke(NativeMethodAccessorImpl.java:77)
	at java.base/jdk.internal.reflect.DelegatingMethodAccessorImpl.invoke(DelegatingMethodAccessorImpl.java:43)
)

16-10-2024T09:19:02 - [TEST_STEP][PASSED] - println(numberOfErrors): null

16-10-2024T09:19:02 - [TEST_STEP][PASSED] - if (a == 28 || a == 77 || a == 74 || a == 65 || a == 36 || a == 44 || a == 54 || a == 1 || a == 18 || a == 59): null

16-10-2024T09:19:02 - [TEST_STEP][PASSED] - if (a == 82): null

16-10-2024T09:19:02 - [TEST_STEP][PASSED] - dZO = "Липецкэнерго": null

16-10-2024T09:19:02 - [TEST_STEP][PASSED] - a = 7: null

16-10-2024T09:19:02 - [TEST_STEP][PASSED] - if (x2.contains(dZO)): null

16-10-2024T09:19:02 - [TEST_STEP][PASSED] - filialNum = filialNum + 1: null

16-10-2024T09:19:02 - [TEST_STEP][PASSED] - Script1718980020443.Numbers(a, typeOfData, todaysDate, pageInt, fileInt, pageDouble, fileDouble, dZO, dzoNum, filialNum): null

16-10-2024T09:19:02 - [TEST_STEP][PASSED] - println(dzoNum): null

16-10-2024T09:19:02 - [TEST_STEP][PASSED] - planFact = <not implemented yet for class: org.codehaus.groovy.ast.expr.EmptyExpression>: null

16-10-2024T09:19:02 - [TEST_STEP][PASSED] - page = <not implemented yet for class: org.codehaus.groovy.ast.expr.EmptyExpression>: null

16-10-2024T09:19:02 - [TEST_STEP][PASSED] - page1 = <not implemented yet for class: org.codehaus.groovy.ast.expr.EmptyExpression>: null

16-10-2024T09:19:02 - [TEST_STEP][PASSED] - page2 = <not implemented yet for class: org.codehaus.groovy.ast.expr.EmptyExpression>: null

16-10-2024T09:19:02 - [TEST_STEP][PASSED] - filialNumberInRow = <not implemented yet for class: org.codehaus.groovy.ast.expr.EmptyExpression>: null

16-10-2024T09:19:02 - [TEST_STEP][PASSED] - filialsDzoNames = <not implemented yet for class: org.codehaus.groovy.ast.expr.EmptyExpression>: null

16-10-2024T09:19:02 - [TEST_STEP][PASSED] - numberOfFilials = <not implemented yet for class: org.codehaus.groovy.ast.expr.EmptyExpression>: null

16-10-2024T09:19:02 - [TEST_STEP][PASSED] - numberOfSpaces = <not implemented yet for class: org.codehaus.groovy.ast.expr.EmptyExpression>: null

16-10-2024T09:19:02 - [TEST_STEP][PASSED] - file = <not implemented yet for class: org.codehaus.groovy.ast.expr.EmptyExpression>: null

16-10-2024T09:19:02 - [TEST_STEP][PASSED] - otpusk = <not implemented yet for class: org.codehaus.groovy.ast.expr.EmptyExpression>: null

16-10-2024T09:19:02 - [TEST_STEP][PASSED] - poteri = <not implemented yet for class: org.codehaus.groovy.ast.expr.EmptyExpression>: null

16-10-2024T09:19:02 - [TEST_STEP][PASSED] - dataFolder = "Выполнение бизнес-плана/Значения со страницы Выполнение бизнес-плана/": null

16-10-2024T09:19:02 - [TEST_STEP][PASSED] - path = <not implemented yet for class: org.codehaus.groovy.ast.expr.EmptyExpression>: null

16-10-2024T09:19:02 - [TEST_STEP][PASSED] - typeOfDataMain = <not implemented yet for class: org.codehaus.groovy.ast.expr.EmptyExpression>: null

16-10-2024T09:19:02 - [TEST_STEP][PASSED] - fileOtpuskVSet = <not implemented yet for class: org.codehaus.groovy.ast.expr.EmptyExpression>: null

16-10-2024T09:19:02 - [TEST_STEP][PASSED] - pageOtpuskVSet = <not implemented yet for class: org.codehaus.groovy.ast.expr.EmptyExpression>: null

16-10-2024T09:19:02 - [TEST_STEP][PASSED] - filePoteri = <not implemented yet for class: org.codehaus.groovy.ast.expr.EmptyExpression>: null

16-10-2024T09:19:02 - [TEST_STEP][PASSED] - pagePoteri = <not implemented yet for class: org.codehaus.groovy.ast.expr.EmptyExpression>: null

16-10-2024T09:19:02 - [TEST_STEP][PASSED] - compare = <not implemented yet for class: org.codehaus.groovy.ast.expr.EmptyExpression>: null

16-10-2024T09:19:02 - [TEST_STEP][PASSED] - b = <not implemented yet for class: org.codehaus.groovy.ast.expr.EmptyExpression>: null

16-10-2024T09:19:02 - [TEST_STEP][PASSED] - i = <not implemented yet for class: org.codehaus.groovy.ast.expr.EmptyExpression>: null

16-10-2024T09:19:02 - [TEST_STEP][PASSED] - ii = <not implemented yet for class: org.codehaus.groovy.ast.expr.EmptyExpression>: null

16-10-2024T09:19:02 - [TEST_STEP][PASSED] - c = <not implemented yet for class: org.codehaus.groovy.ast.expr.EmptyExpression>: null

16-10-2024T09:19:02 - [TEST_STEP][PASSED] - numberOfErrors = 0: null

16-10-2024T09:19:02 - [TEST_STEP][PASSED] - if (a == 82): null

16-10-2024T09:19:02 - [TEST_STEP][PASSED] - b = findTestData("PlanFact").getValue(1, a): null

16-10-2024T09:19:02 - [TEST_STEP][PASSED] - i = b.indexOf(" (ГК)"): null

16-10-2024T09:19:02 - [TEST_STEP][PASSED] - if (i > -1): null

16-10-2024T09:19:02 - [TEST_STEP][PASSED] - i = b.indexOf("О ""): null

16-10-2024T09:19:02 - [TEST_STEP][PASSED] - if (i > -1): null

16-10-2024T09:19:02 - [TEST_STEP][PASSED] - i = b.indexOf("О «"): null

16-10-2024T09:19:02 - [TEST_STEP][PASSED] - if (i > -1): null

16-10-2024T09:19:02 - [TEST_STEP][PASSED] - i = b.indexOf("г. "): null

16-10-2024T09:19:02 - [TEST_STEP][PASSED] - if (i > -1): null

16-10-2024T09:19:02 - [TEST_STEP][PASSED] - println(b): null

16-10-2024T09:19:02 - [TEST_STEP][PASSED] - for ([planFact = 1, planFact < 3, (planFact++)]): null

16-10-2024T09:19:02 - [TEST_STEP][PASSED] - if (planFact == 1): null

16-10-2024T09:19:02 - [TEST_STEP][PASSED] - typeOfDataMain = "Факт": null

16-10-2024T09:19:02 - [TEST_STEP][PASSED] - otpusk = findTestData("PlanFact").getValue(5, a): null

16-10-2024T09:19:02 - [TEST_STEP][PASSED] - poteri = findTestData("PlanFact").getValue(6, a): null

16-10-2024T09:19:02 - [TEST_STEP][PASSED] - otpusk = otpusk.replaceAll("\s+", ""): null

16-10-2024T09:19:02 - [TEST_STEP][PASSED] - poteri = poteri.replaceAll("\s+", ""): null

16-10-2024T09:19:02 - [TEST_STEP][PASSED] - typeOfData = typeOfDataMain + " Отпуск в сеть": null

16-10-2024T09:19:02 - [TEST_STEP][PASSED] - if (a == 82): null

16-10-2024T09:19:02 - [TEST_STEP][PASSED] - else if (a == 84): null

16-10-2024T09:19:02 - [TEST_STEP][PASSED] - else if (a == 52 || a == 72 || a == 28 || a == 73 || a == 77 || a == 74 || a == 65 || a == 36 || a == 44 || a == 53 || a == 80 || a == 54 || a == 1 || a == 18 || a == 59 || a == 81): null

16-10-2024T09:19:02 - [TEST_STEP][PASSED] - else: null

16-10-2024T09:19:02 - [TEST_STEP][PASSED] - path = dataFolder + typeOfData + " за отчётный период " + b: null

16-10-2024T09:19:02 - [TEST_STEP][PASSED] - println(path): null

16-10-2024T09:19:02 - [TEST_STEP][PASSED] - page = getText(findTestObject(path)): Text of object 'Object Repository/Выполнение бизнес-плана/Значения со страницы Выполнение бизнес-плана/Факт Отпуск в сеть за отчётный период Липецкэнерго' is: '3 642 764'

16-10-2024T09:19:02 - [MESSAGE][PASSED] - Text of object 'Object Repository/Выполнение бизнес-плана/Значения со страницы Выполнение бизнес-плана/Факт Отпуск в сеть за отчётный период Липецкэнерго' is: '3 642 764'

16-10-2024T09:19:02 - [TEST_STEP][PASSED] - page = page.replaceAll("\s+", ""): null

16-10-2024T09:19:02 - [TEST_STEP][PASSED] - fileOtpuskVSet = otpusk.toInteger(): null

16-10-2024T09:19:02 - [TEST_STEP][PASSED] - pageOtpuskVSet = page.toInteger(): null

16-10-2024T09:19:02 - [TEST_STEP][PASSED] - typeOfData = typeOfDataMain + " Потери": null

16-10-2024T09:19:02 - [TEST_STEP][PASSED] - if (a == 82): null

16-10-2024T09:19:02 - [TEST_STEP][PASSED] - else if (a == 84): null

16-10-2024T09:19:02 - [TEST_STEP][PASSED] - else if (a == 52 || a == 72 || a == 28 || a == 73 || a == 77 || a == 74 || a == 65 || a == 36 || a == 44 || a == 53 || a == 80 || a == 54 || a == 1 || a == 18 || a == 59 || a == 81): null

16-10-2024T09:19:02 - [TEST_STEP][PASSED] - else: null

16-10-2024T09:19:02 - [TEST_STEP][PASSED] - path = dataFolder + typeOfData + " за отчётный период " + b: null

16-10-2024T09:19:02 - [TEST_STEP][PASSED] - page = getText(findTestObject(path)): Text of object 'Object Repository/Выполнение бизнес-плана/Значения со страницы Выполнение бизнес-плана/Факт Потери за отчётный период Липецкэнерго' is: '510 902'

16-10-2024T09:19:03 - [MESSAGE][PASSED] - Text of object 'Object Repository/Выполнение бизнес-плана/Значения со страницы Выполнение бизнес-плана/Факт Потери за отчётный период Липецкэнерго' is: '510 902'

16-10-2024T09:19:03 - [TEST_STEP][PASSED] - page = page.replaceAll("\s+", ""): null

16-10-2024T09:19:03 - [TEST_STEP][PASSED] - filePoteri = poteri.toInteger(): null

16-10-2024T09:19:03 - [TEST_STEP][PASSED] - pagePoteri = page.toInteger(): null

16-10-2024T09:19:03 - [TEST_STEP][PASSED] - compare = pageOtpuskVSet: null

16-10-2024T09:19:03 - [TEST_STEP][PASSED] - if (compare == fileOtpuskVSet): null

16-10-2024T09:19:03 - [TEST_STEP][PASSED] - else if (compare > fileOtpuskVSet): null

16-10-2024T09:19:03 - [TEST_STEP][PASSED] - compare = compare - 1: null

16-10-2024T09:19:03 - [TEST_STEP][PASSED] - if (compare == fileOtpuskVSet): null

16-10-2024T09:19:03 - [TEST_STEP][PASSED] - else: null

16-10-2024T09:19:03 - [TEST_STEP][PASSED] - numberOfErrors = numberOfErrors + 1: null

16-10-2024T09:19:03 - [TEST_STEP][PASSED] - pageInt = pageOtpuskVSet: null

16-10-2024T09:19:03 - [TEST_STEP][PASSED] - fileInt = fileOtpuskVSet: null

16-10-2024T09:19:03 - [TEST_STEP][PASSED] - typeOfData = typeOfDataMain + " Отпуск в сеть": null

16-10-2024T09:19:03 - [TEST_STEP][PASSED] - Script1718980020443.WriteToExcel(a, typeOfData, todaysDate, pageInt, fileInt, pageDouble, fileDouble, dZO): null

16-10-2024T09:19:03 - [TEST_STEP][PASSED] - sheetName = "Sheet1": null

16-10-2024T09:19:03 - [TEST_STEP][PASSED] - data = findTestData("PlanFact"): null

16-10-2024T09:19:03 - [TEST_STEP][PASSED] - n = data.getRowNumbers() + 1: null

16-10-2024T09:19:03 - [TEST_STEP][PASSED] - year = todaysDate.substring(todaysDate.length() - 4, todaysDate.length()): null

16-10-2024T09:19:03 - [TEST_STEP][PASSED] - y = year.toInteger(): null

16-10-2024T09:19:03 - [TEST_STEP][PASSED] - m = getText(findTestObject("Выполнение бизнес-плана/Период")): Text of object 'Object Repository/Выполнение бизнес-плана/Период' is: '1, 2 кв., Июль, Август 2024 года'

16-10-2024T09:19:03 - [MESSAGE][PASSED] - Text of object 'Object Repository/Выполнение бизнес-плана/Период' is: '1, 2 кв., Июль, Август 2024 года'

16-10-2024T09:19:03 - [TEST_STEP][PASSED] - m = m.substring(0, m.indexOf("2024")): null

16-10-2024T09:19:03 - [TEST_STEP][PASSED] - m = m.trim(): null

16-10-2024T09:19:03 - [TEST_STEP][PASSED] - dashboardName = "Выполнение бизнес-плана": null

16-10-2024T09:19:03 - [TEST_STEP][PASSED] - workbook01 = getWorkbook(excelFilePath): null

16-10-2024T09:19:03 - [TEST_STEP][PASSED] - sheet01 = getExcelSheet(workbook01, sheetName): null

16-10-2024T09:19:03 - [TEST_STEP][PASSED] - setValueToCellByIndex(sheet01, n, 0, dashboardName): null

16-10-2024T09:19:03 - [TEST_STEP][PASSED] - setValueToCellByIndex(sheet01, n, 1, dZO): null

16-10-2024T09:19:03 - [TEST_STEP][PASSED] - setValueToCellByIndex(sheet01, n, 2, typeOfData): null

16-10-2024T09:19:03 - [TEST_STEP][PASSED] - if (typeOfData == "Факт в процентах" || typeOfData == "План в процентах"): null

16-10-2024T09:19:03 - [TEST_STEP][PASSED] - else: null

16-10-2024T09:19:03 - [TEST_STEP][PASSED] - setValueToCellByIndex(sheet01, n, 3, fileInt): null

16-10-2024T09:19:03 - [TEST_STEP][PASSED] - setValueToCellByIndex(sheet01, n, 4, pageInt): null

16-10-2024T09:19:03 - [TEST_STEP][PASSED] - setValueToCellByIndex(sheet01, n, 5, m): null

16-10-2024T09:19:03 - [TEST_STEP][PASSED] - setValueToCellByIndex(sheet01, n, 6, y): null

16-10-2024T09:19:03 - [TEST_STEP][PASSED] - setValueToCellByIndex(sheet01, n, 7, todaysDate): null

16-10-2024T09:19:03 - [TEST_STEP][PASSED] - n = n + 1: null

16-10-2024T09:19:03 - [TEST_STEP][PASSED] - saveWorkbook(excelFilePath, workbook01): null

16-10-2024T09:19:03 - [TEST_STEP][PASSED] - compare = pagePoteri: null

16-10-2024T09:19:03 - [TEST_STEP][PASSED] - if (compare == filePoteri): null

16-10-2024T09:19:03 - [TEST_STEP][PASSED] - else if (compare > filePoteri): null

16-10-2024T09:19:03 - [TEST_STEP][PASSED] - compare = compare - 1: null

16-10-2024T09:19:03 - [TEST_STEP][PASSED] - if (compare == filePoteri): null

16-10-2024T09:19:03 - [TEST_STEP][PASSED] - else: null

16-10-2024T09:19:03 - [TEST_STEP][PASSED] - numberOfErrors = numberOfErrors + 1: null

16-10-2024T09:19:03 - [TEST_STEP][PASSED] - pageInt = pagePoteri: null

16-10-2024T09:19:03 - [TEST_STEP][PASSED] - fileInt = filePoteri: null

16-10-2024T09:19:03 - [TEST_STEP][PASSED] - typeOfData = typeOfDataMain + " Потери": null

16-10-2024T09:19:03 - [TEST_STEP][PASSED] - Script1718980020443.WriteToExcel(a, typeOfData, todaysDate, pageInt, fileInt, pageDouble, fileDouble, dZO): null

16-10-2024T09:19:03 - [TEST_STEP][PASSED] - sheetName = "Sheet1": null

16-10-2024T09:19:03 - [TEST_STEP][PASSED] - data = findTestData("PlanFact"): null

16-10-2024T09:19:03 - [TEST_STEP][PASSED] - n = data.getRowNumbers() + 1: null

16-10-2024T09:19:03 - [TEST_STEP][PASSED] - year = todaysDate.substring(todaysDate.length() - 4, todaysDate.length()): null

16-10-2024T09:19:03 - [TEST_STEP][PASSED] - y = year.toInteger(): null

16-10-2024T09:19:03 - [TEST_STEP][PASSED] - m = getText(findTestObject("Выполнение бизнес-плана/Период")): Text of object 'Object Repository/Выполнение бизнес-плана/Период' is: '1, 2 кв., Июль, Август 2024 года'

16-10-2024T09:19:04 - [MESSAGE][PASSED] - Text of object 'Object Repository/Выполнение бизнес-плана/Период' is: '1, 2 кв., Июль, Август 2024 года'

16-10-2024T09:19:04 - [TEST_STEP][PASSED] - m = m.substring(0, m.indexOf("2024")): null

16-10-2024T09:19:04 - [TEST_STEP][PASSED] - m = m.trim(): null

16-10-2024T09:19:04 - [TEST_STEP][PASSED] - dashboardName = "Выполнение бизнес-плана": null

16-10-2024T09:19:04 - [TEST_STEP][PASSED] - workbook01 = getWorkbook(excelFilePath): null

16-10-2024T09:19:04 - [TEST_STEP][PASSED] - sheet01 = getExcelSheet(workbook01, sheetName): null

16-10-2024T09:19:04 - [TEST_STEP][PASSED] - setValueToCellByIndex(sheet01, n, 0, dashboardName): null

16-10-2024T09:19:04 - [TEST_STEP][PASSED] - setValueToCellByIndex(sheet01, n, 1, dZO): null

16-10-2024T09:19:04 - [TEST_STEP][PASSED] - setValueToCellByIndex(sheet01, n, 2, typeOfData): null

16-10-2024T09:19:04 - [TEST_STEP][PASSED] - if (typeOfData == "Факт в процентах" || typeOfData == "План в процентах"): null

16-10-2024T09:19:04 - [TEST_STEP][PASSED] - else: null

16-10-2024T09:19:04 - [TEST_STEP][PASSED] - setValueToCellByIndex(sheet01, n, 3, fileInt): null

16-10-2024T09:19:04 - [TEST_STEP][PASSED] - setValueToCellByIndex(sheet01, n, 4, pageInt): null

16-10-2024T09:19:04 - [TEST_STEP][PASSED] - setValueToCellByIndex(sheet01, n, 5, m): null

16-10-2024T09:19:04 - [TEST_STEP][PASSED] - setValueToCellByIndex(sheet01, n, 6, y): null

16-10-2024T09:19:04 - [TEST_STEP][PASSED] - setValueToCellByIndex(sheet01, n, 7, todaysDate): null

16-10-2024T09:19:04 - [TEST_STEP][PASSED] - n = n + 1: null

16-10-2024T09:19:04 - [TEST_STEP][PASSED] - saveWorkbook(excelFilePath, workbook01): null

16-10-2024T09:19:04 - [TEST_STEP][PASSED] - if (planFact == 2): null

16-10-2024T09:19:04 - [TEST_STEP][PASSED] - if (planFact == 1): null

16-10-2024T09:19:04 - [TEST_STEP][PASSED] - else if (planFact == 2): null

16-10-2024T09:19:04 - [TEST_STEP][PASSED] - click(findTestObject("Выполнение бизнес-плана/Кнопка План")): Object: 'Object Repository/Выполнение бизнес-плана/Кнопка План' is clicked on

16-10-2024T09:19:04 - [MESSAGE][PASSED] - Object: 'Object Repository/Выполнение бизнес-плана/Кнопка План' is clicked on

16-10-2024T09:19:04 - [TEST_STEP][PASSED] - typeOfDataMain = "План": null

16-10-2024T09:19:04 - [TEST_STEP][PASSED] - otpusk = findTestData("PlanFact").getValue(2, a): null

16-10-2024T09:19:04 - [TEST_STEP][PASSED] - poteri = findTestData("PlanFact").getValue(3, a): null

16-10-2024T09:19:04 - [TEST_STEP][PASSED] - otpusk = otpusk.replaceAll("\s+", ""): null

16-10-2024T09:19:04 - [TEST_STEP][PASSED] - poteri = poteri.replaceAll("\s+", ""): null

16-10-2024T09:19:04 - [TEST_STEP][PASSED] - typeOfData = typeOfDataMain + " Отпуск в сеть": null

16-10-2024T09:19:04 - [TEST_STEP][PASSED] - if (a == 82): null

16-10-2024T09:19:04 - [TEST_STEP][PASSED] - else if (a == 84): null

16-10-2024T09:19:04 - [TEST_STEP][PASSED] - else if (a == 52 || a == 72 || a == 28 || a == 73 || a == 77 || a == 74 || a == 65 || a == 36 || a == 44 || a == 53 || a == 80 || a == 54 || a == 1 || a == 18 || a == 59 || a == 81): null

16-10-2024T09:19:04 - [TEST_STEP][PASSED] - else: null

16-10-2024T09:19:04 - [TEST_STEP][PASSED] - path = dataFolder + typeOfData + " за отчётный период " + b: null

16-10-2024T09:19:04 - [TEST_STEP][PASSED] - println(path): null

16-10-2024T09:19:04 - [TEST_STEP][PASSED] - page = getText(findTestObject(path)): Text of object 'Object Repository/Выполнение бизнес-плана/Значения со страницы Выполнение бизнес-плана/План Отпуск в сеть за отчётный период Липецкэнерго' is: '3 382 593'

16-10-2024T09:19:05 - [MESSAGE][PASSED] - Text of object 'Object Repository/Выполнение бизнес-плана/Значения со страницы Выполнение бизнес-плана/План Отпуск в сеть за отчётный период Липецкэнерго' is: '3 382 593'

16-10-2024T09:19:05 - [TEST_STEP][PASSED] - page = page.replaceAll("\s+", ""): null

16-10-2024T09:19:05 - [TEST_STEP][PASSED] - fileOtpuskVSet = otpusk.toInteger(): null

16-10-2024T09:19:05 - [TEST_STEP][PASSED] - pageOtpuskVSet = page.toInteger(): null

16-10-2024T09:19:05 - [TEST_STEP][PASSED] - typeOfData = typeOfDataMain + " Потери": null

16-10-2024T09:19:05 - [TEST_STEP][PASSED] - if (a == 82): null

16-10-2024T09:19:05 - [TEST_STEP][PASSED] - else if (a == 84): null

16-10-2024T09:19:05 - [TEST_STEP][PASSED] - else if (a == 52 || a == 72 || a == 28 || a == 73 || a == 77 || a == 74 || a == 65 || a == 36 || a == 44 || a == 53 || a == 80 || a == 54 || a == 1 || a == 18 || a == 59 || a == 81): null

16-10-2024T09:19:05 - [TEST_STEP][PASSED] - else: null

16-10-2024T09:19:05 - [TEST_STEP][PASSED] - path = dataFolder + typeOfData + " за отчётный период " + b: null

16-10-2024T09:19:05 - [TEST_STEP][PASSED] - page = getText(findTestObject(path)): Text of object 'Object Repository/Выполнение бизнес-плана/Значения со страницы Выполнение бизнес-плана/План Потери за отчётный период Липецкэнерго' is: '524 434'

16-10-2024T09:19:05 - [MESSAGE][PASSED] - Text of object 'Object Repository/Выполнение бизнес-плана/Значения со страницы Выполнение бизнес-плана/План Потери за отчётный период Липецкэнерго' is: '524 434'

16-10-2024T09:19:05 - [TEST_STEP][PASSED] - page = page.replaceAll("\s+", ""): null

16-10-2024T09:19:05 - [TEST_STEP][PASSED] - filePoteri = poteri.toInteger(): null

16-10-2024T09:19:05 - [TEST_STEP][PASSED] - pagePoteri = page.toInteger(): null

16-10-2024T09:19:05 - [TEST_STEP][PASSED] - compare = pageOtpuskVSet: null

16-10-2024T09:19:05 - [TEST_STEP][PASSED] - if (compare == fileOtpuskVSet): null

16-10-2024T09:19:05 - [TEST_STEP][PASSED] - else if (compare > fileOtpuskVSet): null

16-10-2024T09:19:05 - [TEST_STEP][PASSED] - compare = compare - 1: null

16-10-2024T09:19:05 - [TEST_STEP][PASSED] - if (compare == fileOtpuskVSet): null

16-10-2024T09:19:05 - [TEST_STEP][PASSED] - else: null

16-10-2024T09:19:05 - [TEST_STEP][PASSED] - numberOfErrors = numberOfErrors + 1: null

16-10-2024T09:19:05 - [TEST_STEP][PASSED] - pageInt = pageOtpuskVSet: null

16-10-2024T09:19:05 - [TEST_STEP][PASSED] - fileInt = fileOtpuskVSet: null

16-10-2024T09:19:05 - [TEST_STEP][PASSED] - typeOfData = typeOfDataMain + " Отпуск в сеть": null

16-10-2024T09:19:05 - [TEST_STEP][PASSED] - Script1718980020443.WriteToExcel(a, typeOfData, todaysDate, pageInt, fileInt, pageDouble, fileDouble, dZO): null

16-10-2024T09:19:05 - [TEST_STEP][PASSED] - sheetName = "Sheet1": null

16-10-2024T09:19:05 - [TEST_STEP][PASSED] - data = findTestData("PlanFact"): null

16-10-2024T09:19:05 - [TEST_STEP][PASSED] - n = data.getRowNumbers() + 1: null

16-10-2024T09:19:05 - [TEST_STEP][PASSED] - year = todaysDate.substring(todaysDate.length() - 4, todaysDate.length()): null

16-10-2024T09:19:05 - [TEST_STEP][PASSED] - y = year.toInteger(): null

16-10-2024T09:19:05 - [TEST_STEP][PASSED] - m = getText(findTestObject("Выполнение бизнес-плана/Период")): Text of object 'Object Repository/Выполнение бизнес-плана/Период' is: '1, 2 кв., Июль, Август 2024 года'

16-10-2024T09:19:05 - [MESSAGE][PASSED] - Text of object 'Object Repository/Выполнение бизнес-плана/Период' is: '1, 2 кв., Июль, Август 2024 года'

16-10-2024T09:19:05 - [TEST_STEP][PASSED] - m = m.substring(0, m.indexOf("2024")): null

16-10-2024T09:19:05 - [TEST_STEP][PASSED] - m = m.trim(): null

16-10-2024T09:19:05 - [TEST_STEP][PASSED] - dashboardName = "Выполнение бизнес-плана": null

16-10-2024T09:19:05 - [TEST_STEP][PASSED] - workbook01 = getWorkbook(excelFilePath): null

16-10-2024T09:19:05 - [TEST_STEP][PASSED] - sheet01 = getExcelSheet(workbook01, sheetName): null

16-10-2024T09:19:05 - [TEST_STEP][PASSED] - setValueToCellByIndex(sheet01, n, 0, dashboardName): null

16-10-2024T09:19:05 - [TEST_STEP][PASSED] - setValueToCellByIndex(sheet01, n, 1, dZO): null

16-10-2024T09:19:05 - [TEST_STEP][PASSED] - setValueToCellByIndex(sheet01, n, 2, typeOfData): null

16-10-2024T09:19:05 - [TEST_STEP][PASSED] - if (typeOfData == "Факт в процентах" || typeOfData == "План в процентах"): null

16-10-2024T09:19:05 - [TEST_STEP][PASSED] - else: null

16-10-2024T09:19:05 - [TEST_STEP][PASSED] - setValueToCellByIndex(sheet01, n, 3, fileInt): null

16-10-2024T09:19:05 - [TEST_STEP][PASSED] - setValueToCellByIndex(sheet01, n, 4, pageInt): null

16-10-2024T09:19:05 - [TEST_STEP][PASSED] - setValueToCellByIndex(sheet01, n, 5, m): null

16-10-2024T09:19:05 - [TEST_STEP][PASSED] - setValueToCellByIndex(sheet01, n, 6, y): null

16-10-2024T09:19:05 - [TEST_STEP][PASSED] - setValueToCellByIndex(sheet01, n, 7, todaysDate): null

16-10-2024T09:19:05 - [TEST_STEP][PASSED] - n = n + 1: null

16-10-2024T09:19:05 - [TEST_STEP][PASSED] - saveWorkbook(excelFilePath, workbook01): null

16-10-2024T09:19:06 - [TEST_STEP][PASSED] - compare = pagePoteri: null

16-10-2024T09:19:06 - [TEST_STEP][PASSED] - if (compare == filePoteri): null

16-10-2024T09:19:06 - [TEST_STEP][PASSED] - else if (compare > filePoteri): null

16-10-2024T09:19:06 - [TEST_STEP][PASSED] - compare = compare - 1: null

16-10-2024T09:19:06 - [TEST_STEP][PASSED] - if (compare == filePoteri): null

16-10-2024T09:19:06 - [TEST_STEP][PASSED] - else: null

16-10-2024T09:19:06 - [TEST_STEP][PASSED] - numberOfErrors = numberOfErrors + 1: null

16-10-2024T09:19:06 - [TEST_STEP][PASSED] - pageInt = pagePoteri: null

16-10-2024T09:19:06 - [TEST_STEP][PASSED] - fileInt = filePoteri: null

16-10-2024T09:19:06 - [TEST_STEP][PASSED] - typeOfData = typeOfDataMain + " Потери": null

16-10-2024T09:19:06 - [TEST_STEP][PASSED] - Script1718980020443.WriteToExcel(a, typeOfData, todaysDate, pageInt, fileInt, pageDouble, fileDouble, dZO): null

16-10-2024T09:19:06 - [TEST_STEP][PASSED] - sheetName = "Sheet1": null

16-10-2024T09:19:06 - [TEST_STEP][PASSED] - data = findTestData("PlanFact"): null

16-10-2024T09:19:06 - [TEST_STEP][PASSED] - n = data.getRowNumbers() + 1: null

16-10-2024T09:19:06 - [TEST_STEP][PASSED] - year = todaysDate.substring(todaysDate.length() - 4, todaysDate.length()): null

16-10-2024T09:19:06 - [TEST_STEP][PASSED] - y = year.toInteger(): null

16-10-2024T09:19:06 - [TEST_STEP][PASSED] - m = getText(findTestObject("Выполнение бизнес-плана/Период")): Text of object 'Object Repository/Выполнение бизнес-плана/Период' is: '1, 2 кв., Июль, Август 2024 года'

16-10-2024T09:19:06 - [MESSAGE][PASSED] - Text of object 'Object Repository/Выполнение бизнес-плана/Период' is: '1, 2 кв., Июль, Август 2024 года'

16-10-2024T09:19:06 - [TEST_STEP][PASSED] - m = m.substring(0, m.indexOf("2024")): null

16-10-2024T09:19:06 - [TEST_STEP][PASSED] - m = m.trim(): null

16-10-2024T09:19:06 - [TEST_STEP][PASSED] - dashboardName = "Выполнение бизнес-плана": null

16-10-2024T09:19:06 - [TEST_STEP][PASSED] - workbook01 = getWorkbook(excelFilePath): null

16-10-2024T09:19:06 - [TEST_STEP][PASSED] - sheet01 = getExcelSheet(workbook01, sheetName): null

16-10-2024T09:19:06 - [TEST_STEP][PASSED] - setValueToCellByIndex(sheet01, n, 0, dashboardName): null

16-10-2024T09:19:06 - [TEST_STEP][PASSED] - setValueToCellByIndex(sheet01, n, 1, dZO): null

16-10-2024T09:19:06 - [TEST_STEP][PASSED] - setValueToCellByIndex(sheet01, n, 2, typeOfData): null

16-10-2024T09:19:06 - [TEST_STEP][PASSED] - if (typeOfData == "Факт в процентах" || typeOfData == "План в процентах"): null

16-10-2024T09:19:06 - [TEST_STEP][PASSED] - else: null

16-10-2024T09:19:06 - [TEST_STEP][PASSED] - setValueToCellByIndex(sheet01, n, 3, fileInt): null

16-10-2024T09:19:06 - [TEST_STEP][PASSED] - setValueToCellByIndex(sheet01, n, 4, pageInt): null

16-10-2024T09:19:06 - [TEST_STEP][PASSED] - setValueToCellByIndex(sheet01, n, 5, m): null

16-10-2024T09:19:06 - [TEST_STEP][PASSED] - setValueToCellByIndex(sheet01, n, 6, y): null

16-10-2024T09:19:06 - [TEST_STEP][PASSED] - setValueToCellByIndex(sheet01, n, 7, todaysDate): null

16-10-2024T09:19:06 - [TEST_STEP][PASSED] - n = n + 1: null

16-10-2024T09:19:06 - [TEST_STEP][PASSED] - saveWorkbook(excelFilePath, workbook01): Object: 'Object Repository/Выполнение бизнес-плана/Кнопка Факт' is clicked on

16-10-2024T09:19:06 - [TEST_STEP][PASSED] - if (planFact == 2): Object: 'Object Repository/Выполнение бизнес-плана/Кнопка Факт' is clicked on

16-10-2024T09:19:06 - [TEST_STEP][PASSED] - click(findTestObject("Выполнение бизнес-плана/Кнопка Факт")): Object: 'Object Repository/Выполнение бизнес-плана/Кнопка Факт' is clicked on

16-10-2024T09:19:07 - [MESSAGE][PASSED] - Object: 'Object Repository/Выполнение бизнес-плана/Кнопка Факт' is clicked on

16-10-2024T09:19:07 - [TEST_STEP][PASSED] - if (a == 84 || a == 82): null

16-10-2024T09:19:07 - [TEST_STEP][PASSED] - else if (a == 52 || a == 72 || a == 28 || a == 73 || a == 77 || a == 74 || a == 65 || a == 36 || a == 44 || a == 53 || a == 80 || a == 54 || a == 1 || a == 18 || a == 59 || a == 81): null

16-10-2024T09:19:07 - [TEST_STEP][PASSED] - else: null

16-10-2024T09:19:07 - [TEST_STEP][PASSED] - page1 = getText(findTestObject("Object Repository/Выполнение бизнес-плана/spanPlan" + filialNum)): Text of object 'Object Repository/Выполнение бизнес-плана/spanPlan9' is: '15.50
|'

16-10-2024T09:19:07 - [MESSAGE][PASSED] - Text of object 'Object Repository/Выполнение бизнес-плана/spanPlan9' is: '15.50
|'

16-10-2024T09:19:07 - [TEST_STEP][PASSED] - page1 = page1.replace("|", ""): null

16-10-2024T09:19:07 - [TEST_STEP][PASSED] - page2 = getText(findTestObject("Object Repository/Выполнение бизнес-плана/spanFact" + filialNum)): Text of object 'Object Repository/Выполнение бизнес-плана/spanFact9' is: '14.03
|'

16-10-2024T09:19:07 - [MESSAGE][PASSED] - Text of object 'Object Repository/Выполнение бизнес-плана/spanFact9' is: '14.03
|'

16-10-2024T09:19:07 - [TEST_STEP][PASSED] - page2 = page2.replace("|", ""): null

16-10-2024T09:19:07 - [TEST_STEP][PASSED] - println("page1: " + page1): null

16-10-2024T09:19:07 - [TEST_STEP][PASSED] - println("page2: " + page2): null

16-10-2024T09:19:07 - [TEST_STEP][PASSED] - file = findTestData("PlanFact").getValue(4, a): null

16-10-2024T09:19:07 - [TEST_STEP][PASSED] - file = file.replace(",", "."): null

16-10-2024T09:19:07 - [TEST_STEP][PASSED] - println("file Plan: " + file): null

16-10-2024T09:19:07 - [TEST_STEP][PASSED] - typeOfData = "План в процентах": null

16-10-2024T09:19:07 - [TEST_STEP][PASSED] - fileDouble = file.toDouble(): null

16-10-2024T09:19:07 - [TEST_STEP][PASSED] - pageDouble = page1.toDouble(): null

16-10-2024T09:19:07 - [TEST_STEP][PASSED] - if (fileDouble != pageDouble): null

16-10-2024T09:19:07 - [TEST_STEP][PASSED] - numberOfErrors = numberOfErrors + 1: null

16-10-2024T09:19:07 - [TEST_STEP][PASSED] - Script1718980020443.WriteToExcel(a, typeOfData, todaysDate, pageInt, fileInt, pageDouble, fileDouble, dZO): null

16-10-2024T09:19:07 - [TEST_STEP][PASSED] - sheetName = "Sheet1": null

16-10-2024T09:19:07 - [TEST_STEP][PASSED] - data = findTestData("PlanFact"): null

16-10-2024T09:19:07 - [TEST_STEP][PASSED] - n = data.getRowNumbers() + 1: null

16-10-2024T09:19:07 - [TEST_STEP][PASSED] - year = todaysDate.substring(todaysDate.length() - 4, todaysDate.length()): null

16-10-2024T09:19:07 - [TEST_STEP][PASSED] - y = year.toInteger(): null

16-10-2024T09:19:07 - [TEST_STEP][PASSED] - m = getText(findTestObject("Выполнение бизнес-плана/Период")): Text of object 'Object Repository/Выполнение бизнес-плана/Период' is: '1, 2 кв., Июль, Август 2024 года'

16-10-2024T09:19:08 - [MESSAGE][PASSED] - Text of object 'Object Repository/Выполнение бизнес-плана/Период' is: '1, 2 кв., Июль, Август 2024 года'

16-10-2024T09:19:08 - [TEST_STEP][PASSED] - m = m.substring(0, m.indexOf("2024")): null

16-10-2024T09:19:08 - [TEST_STEP][PASSED] - m = m.trim(): null

16-10-2024T09:19:08 - [TEST_STEP][PASSED] - dashboardName = "Выполнение бизнес-плана": null

16-10-2024T09:19:08 - [TEST_STEP][PASSED] - workbook01 = getWorkbook(excelFilePath): null

16-10-2024T09:19:08 - [TEST_STEP][PASSED] - sheet01 = getExcelSheet(workbook01, sheetName): null

16-10-2024T09:19:08 - [TEST_STEP][PASSED] - setValueToCellByIndex(sheet01, n, 0, dashboardName): null

16-10-2024T09:19:08 - [TEST_STEP][PASSED] - setValueToCellByIndex(sheet01, n, 1, dZO): null

16-10-2024T09:19:08 - [TEST_STEP][PASSED] - setValueToCellByIndex(sheet01, n, 2, typeOfData): null

16-10-2024T09:19:08 - [TEST_STEP][PASSED] - if (typeOfData == "Факт в процентах" || typeOfData == "План в процентах"): null

16-10-2024T09:19:08 - [TEST_STEP][PASSED] - setValueToCellByIndex(sheet01, n, 3, fileDouble): null

16-10-2024T09:19:08 - [TEST_STEP][PASSED] - setValueToCellByIndex(sheet01, n, 4, pageDouble): null

16-10-2024T09:19:08 - [TEST_STEP][PASSED] - setValueToCellByIndex(sheet01, n, 5, m): null

16-10-2024T09:19:08 - [TEST_STEP][PASSED] - setValueToCellByIndex(sheet01, n, 6, y): null

16-10-2024T09:19:08 - [TEST_STEP][PASSED] - setValueToCellByIndex(sheet01, n, 7, todaysDate): null

16-10-2024T09:19:08 - [TEST_STEP][PASSED] - n = n + 1: null

16-10-2024T09:19:08 - [TEST_STEP][PASSED] - saveWorkbook(excelFilePath, workbook01): null

16-10-2024T09:19:08 - [TEST_STEP][PASSED] - file = findTestData("PlanFact").getValue(7, a): null

16-10-2024T09:19:08 - [TEST_STEP][PASSED] - file = file.replace(",", "."): null

16-10-2024T09:19:08 - [TEST_STEP][PASSED] - println("file Fact: " + file): null

16-10-2024T09:19:08 - [TEST_STEP][PASSED] - fileDouble = file.toDouble(): null

16-10-2024T09:19:08 - [TEST_STEP][PASSED] - typeOfData = "Факт в процентах": null

16-10-2024T09:19:08 - [TEST_STEP][PASSED] - fileDouble = file.toDouble(): null

16-10-2024T09:19:08 - [TEST_STEP][PASSED] - pageDouble = page2.toDouble(): null

16-10-2024T09:19:08 - [TEST_STEP][PASSED] - if (fileDouble != pageDouble): null

16-10-2024T09:19:08 - [TEST_STEP][PASSED] - numberOfErrors = numberOfErrors + 1: null

16-10-2024T09:19:08 - [TEST_STEP][PASSED] - Script1718980020443.WriteToExcel(a, typeOfData, todaysDate, pageInt, fileInt, pageDouble, fileDouble, dZO): null

16-10-2024T09:19:08 - [TEST_STEP][PASSED] - sheetName = "Sheet1": null

16-10-2024T09:19:08 - [TEST_STEP][PASSED] - data = findTestData("PlanFact"): null

16-10-2024T09:19:08 - [TEST_STEP][PASSED] - n = data.getRowNumbers() + 1: null

16-10-2024T09:19:08 - [TEST_STEP][PASSED] - year = todaysDate.substring(todaysDate.length() - 4, todaysDate.length()): null

16-10-2024T09:19:08 - [TEST_STEP][PASSED] - y = year.toInteger(): null

16-10-2024T09:19:08 - [TEST_STEP][PASSED] - m = getText(findTestObject("Выполнение бизнес-плана/Период")): Text of object 'Object Repository/Выполнение бизнес-плана/Период' is: '1, 2 кв., Июль, Август 2024 года'

16-10-2024T09:19:09 - [MESSAGE][PASSED] - Text of object 'Object Repository/Выполнение бизнес-плана/Период' is: '1, 2 кв., Июль, Август 2024 года'

16-10-2024T09:19:09 - [TEST_STEP][PASSED] - m = m.substring(0, m.indexOf("2024")): null

16-10-2024T09:19:09 - [TEST_STEP][PASSED] - m = m.trim(): null

16-10-2024T09:19:09 - [TEST_STEP][PASSED] - dashboardName = "Выполнение бизнес-плана": null

16-10-2024T09:19:09 - [TEST_STEP][PASSED] - workbook01 = getWorkbook(excelFilePath): null

16-10-2024T09:19:09 - [TEST_STEP][PASSED] - sheet01 = getExcelSheet(workbook01, sheetName): null

16-10-2024T09:19:09 - [TEST_STEP][PASSED] - setValueToCellByIndex(sheet01, n, 0, dashboardName): null

16-10-2024T09:19:09 - [TEST_STEP][PASSED] - setValueToCellByIndex(sheet01, n, 1, dZO): null

16-10-2024T09:19:09 - [TEST_STEP][PASSED] - setValueToCellByIndex(sheet01, n, 2, typeOfData): null

16-10-2024T09:19:09 - [TEST_STEP][PASSED] - if (typeOfData == "Факт в процентах" || typeOfData == "План в процентах"): null

16-10-2024T09:19:09 - [TEST_STEP][PASSED] - setValueToCellByIndex(sheet01, n, 3, fileDouble): null

16-10-2024T09:19:09 - [TEST_STEP][PASSED] - setValueToCellByIndex(sheet01, n, 4, pageDouble): null

16-10-2024T09:19:09 - [TEST_STEP][PASSED] - setValueToCellByIndex(sheet01, n, 5, m): null

16-10-2024T09:19:09 - [TEST_STEP][PASSED] - setValueToCellByIndex(sheet01, n, 6, y): null

16-10-2024T09:19:09 - [TEST_STEP][PASSED] - setValueToCellByIndex(sheet01, n, 7, todaysDate): null

16-10-2024T09:19:09 - [TEST_STEP][PASSED] - n = n + 1: null

16-10-2024T09:19:09 - [TEST_STEP][PASSED] - saveWorkbook(excelFilePath, workbook01): null

16-10-2024T09:19:09 - [TEST_STEP][FAILED] - if (verifyEqual(numberOfErrors, 0) == false): null

16-10-2024T09:19:09 - [MESSAGE][FAILED] - Unable to verify equal between actual object '6' and expected object '0' (Root cause: com.kms.katalon.core.exception.StepFailedException: Actual object '6' and expected object '0' are not equal
	at com.kms.katalon.core.keyword.builtin.VerifyEqualKeyword$_verifyEqual_closure1.doCall(VerifyEqualKeyword.groovy:58)
	at com.kms.katalon.core.keyword.builtin.VerifyEqualKeyword$_verifyEqual_closure1.call(VerifyEqualKeyword.groovy)
	at com.kms.katalon.core.keyword.internal.KeywordMain.runKeyword(KeywordMain.groovy:75)
	at com.kms.katalon.core.keyword.builtin.VerifyEqualKeyword.verifyEqual(VerifyEqualKeyword.groovy:63)
	at com.kms.katalon.core.keyword.builtin.VerifyEqualKeyword.execute(VerifyEqualKeyword.groovy:44)
	at com.kms.katalon.core.keyword.internal.KeywordExecutor.executeKeywordForPlatform(KeywordExecutor.groovy:74)
	at com.kms.katalon.core.keyword.BuiltinKeywords.verifyEqual(BuiltinKeywords.groovy:146)
	at jdk.internal.reflect.GeneratedMethodAccessor25.invoke(Unknown Source)
	at java.base/jdk.internal.reflect.DelegatingMethodAccessorImpl.invoke(DelegatingMethodAccessorImpl.java:43)
	at Выполнение бизнес-плана Сверка ПАО Россети все филиалы.Numbers(Выполнение бизнес-плана Сверка ПАО Россети все филиалы:749)
	at Выполнение бизнес-плана Сверка ПАО Россети все филиалы.Filials(Выполнение бизнес-плана Сверка ПАО Россети все филиалы:1260)
	at Выполнение бизнес-плана Сверка ПАО Россети все филиалы.Numbers(Выполнение бизнес-плана Сверка ПАО Россети все филиалы:754)
	at Выполнение бизнес-плана Сверка ПАО Россети все филиалы.run(Выполнение бизнес-плана Сверка ПАО Россети все филиалы:397)
	at com.kms.katalon.core.main.ScriptEngine.run(ScriptEngine.java:194)
	at com.kms.katalon.core.main.ScriptEngine.runScriptAsRawText(ScriptEngine.java:119)
	at com.kms.katalon.core.main.TestCaseExecutor.runScript(TestCaseExecutor.java:448)
	at com.kms.katalon.core.main.TestCaseExecutor.doExecute(TestCaseExecutor.java:439)
	at com.kms.katalon.core.main.TestCaseExecutor.processExecutionPhase(TestCaseExecutor.java:418)
	at com.kms.katalon.core.main.TestCaseExecutor.accessMainPhase(TestCaseExecutor.java:410)
	at com.kms.katalon.core.main.TestCaseExecutor.execute(TestCaseExecutor.java:285)
	at com.kms.katalon.core.common.CommonExecutor.accessTestCaseMainPhase(CommonExecutor.java:65)
	at com.kms.katalon.core.main.TestSuiteExecutor.accessTestSuiteMainPhase(TestSuiteExecutor.java:150)
	at com.kms.katalon.core.main.TestSuiteExecutor.execute(TestSuiteExecutor.java:106)
	at com.kms.katalon.core.main.TestCaseMain.startTestSuite(TestCaseMain.java:180)
	at TempTestSuite1729057289574.run(TempTestSuite1729057289574.groovy:35)
	at java.base/jdk.internal.reflect.NativeMethodAccessorImpl.invoke0(Native Method)
	at java.base/jdk.internal.reflect.NativeMethodAccessorImpl.invoke(NativeMethodAccessorImpl.java:77)
	at java.base/jdk.internal.reflect.DelegatingMethodAccessorImpl.invoke(DelegatingMethodAccessorImpl.java:43)
)

16-10-2024T09:19:09 - [TEST_STEP][PASSED] - println(numberOfErrors): null

16-10-2024T09:19:09 - [TEST_STEP][PASSED] - if (a == 28 || a == 77 || a == 74 || a == 65 || a == 36 || a == 44 || a == 54 || a == 1 || a == 18 || a == 59): null

16-10-2024T09:19:09 - [TEST_STEP][PASSED] - if (a == 82): null

16-10-2024T09:19:09 - [TEST_STEP][PASSED] - dZO = "ООО «БрянскЭлектро»": null

16-10-2024T09:19:09 - [TEST_STEP][PASSED] - a = 13: null

16-10-2024T09:19:09 - [TEST_STEP][PASSED] - dzoCut = dZO.substring(5, 12): null

16-10-2024T09:19:09 - [TEST_STEP][PASSED] - if (x2.contains(dzoCut)): null

16-10-2024T09:19:09 - [TEST_STEP][PASSED] - filialNum = filialNum + 1: null

16-10-2024T09:19:09 - [TEST_STEP][PASSED] - Script1718980020443.Numbers(a, typeOfData, todaysDate, pageInt, fileInt, pageDouble, fileDouble, dZO, dzoNum, filialNum): null

16-10-2024T09:19:09 - [TEST_STEP][PASSED] - println(dzoNum): null

16-10-2024T09:19:09 - [TEST_STEP][PASSED] - planFact = <not implemented yet for class: org.codehaus.groovy.ast.expr.EmptyExpression>: null

16-10-2024T09:19:09 - [TEST_STEP][PASSED] - page = <not implemented yet for class: org.codehaus.groovy.ast.expr.EmptyExpression>: null

16-10-2024T09:19:09 - [TEST_STEP][PASSED] - page1 = <not implemented yet for class: org.codehaus.groovy.ast.expr.EmptyExpression>: null

16-10-2024T09:19:09 - [TEST_STEP][PASSED] - page2 = <not implemented yet for class: org.codehaus.groovy.ast.expr.EmptyExpression>: null

16-10-2024T09:19:09 - [TEST_STEP][PASSED] - filialNumberInRow = <not implemented yet for class: org.codehaus.groovy.ast.expr.EmptyExpression>: null

16-10-2024T09:19:09 - [TEST_STEP][PASSED] - filialsDzoNames = <not implemented yet for class: org.codehaus.groovy.ast.expr.EmptyExpression>: null

16-10-2024T09:19:09 - [TEST_STEP][PASSED] - numberOfFilials = <not implemented yet for class: org.codehaus.groovy.ast.expr.EmptyExpression>: null

16-10-2024T09:19:09 - [TEST_STEP][PASSED] - numberOfSpaces = <not implemented yet for class: org.codehaus.groovy.ast.expr.EmptyExpression>: null

16-10-2024T09:19:09 - [TEST_STEP][PASSED] - file = <not implemented yet for class: org.codehaus.groovy.ast.expr.EmptyExpression>: null

16-10-2024T09:19:09 - [TEST_STEP][PASSED] - otpusk = <not implemented yet for class: org.codehaus.groovy.ast.expr.EmptyExpression>: null

16-10-2024T09:19:09 - [TEST_STEP][PASSED] - poteri = <not implemented yet for class: org.codehaus.groovy.ast.expr.EmptyExpression>: null

16-10-2024T09:19:09 - [TEST_STEP][PASSED] - dataFolder = "Выполнение бизнес-плана/Значения со страницы Выполнение бизнес-плана/": null

16-10-2024T09:19:09 - [TEST_STEP][PASSED] - path = <not implemented yet for class: org.codehaus.groovy.ast.expr.EmptyExpression>: null

16-10-2024T09:19:09 - [TEST_STEP][PASSED] - typeOfDataMain = <not implemented yet for class: org.codehaus.groovy.ast.expr.EmptyExpression>: null

16-10-2024T09:19:09 - [TEST_STEP][PASSED] - fileOtpuskVSet = <not implemented yet for class: org.codehaus.groovy.ast.expr.EmptyExpression>: null

16-10-2024T09:19:09 - [TEST_STEP][PASSED] - pageOtpuskVSet = <not implemented yet for class: org.codehaus.groovy.ast.expr.EmptyExpression>: null

16-10-2024T09:19:09 - [TEST_STEP][PASSED] - filePoteri = <not implemented yet for class: org.codehaus.groovy.ast.expr.EmptyExpression>: null

16-10-2024T09:19:09 - [TEST_STEP][PASSED] - pagePoteri = <not implemented yet for class: org.codehaus.groovy.ast.expr.EmptyExpression>: null

16-10-2024T09:19:09 - [TEST_STEP][PASSED] - compare = <not implemented yet for class: org.codehaus.groovy.ast.expr.EmptyExpression>: null

16-10-2024T09:19:09 - [TEST_STEP][PASSED] - b = <not implemented yet for class: org.codehaus.groovy.ast.expr.EmptyExpression>: null

16-10-2024T09:19:09 - [TEST_STEP][PASSED] - i = <not implemented yet for class: org.codehaus.groovy.ast.expr.EmptyExpression>: null

16-10-2024T09:19:09 - [TEST_STEP][PASSED] - ii = <not implemented yet for class: org.codehaus.groovy.ast.expr.EmptyExpression>: null

16-10-2024T09:19:09 - [TEST_STEP][PASSED] - c = <not implemented yet for class: org.codehaus.groovy.ast.expr.EmptyExpression>: null

16-10-2024T09:19:09 - [TEST_STEP][PASSED] - numberOfErrors = 0: null

16-10-2024T09:19:09 - [TEST_STEP][PASSED] - if (a == 82): null

16-10-2024T09:19:09 - [TEST_STEP][PASSED] - b = findTestData("PlanFact").getValue(1, a): null

16-10-2024T09:19:09 - [TEST_STEP][PASSED] - i = b.indexOf(" (ГК)"): null

16-10-2024T09:19:09 - [TEST_STEP][PASSED] - if (i > -1): null

16-10-2024T09:19:09 - [TEST_STEP][PASSED] - i = b.indexOf("О ""): null

16-10-2024T09:19:09 - [TEST_STEP][PASSED] - if (i > -1): null

16-10-2024T09:19:09 - [TEST_STEP][PASSED] - i = b.indexOf("О «"): null

16-10-2024T09:19:09 - [TEST_STEP][PASSED] - if (i > -1): null

16-10-2024T09:19:09 - [TEST_STEP][PASSED] - b = b.substring(i + 3, b.length()): null

16-10-2024T09:19:09 - [TEST_STEP][PASSED] - i = b.indexOf("»"): null

16-10-2024T09:19:09 - [TEST_STEP][PASSED] - b = b.substring(0, i): null

16-10-2024T09:19:09 - [TEST_STEP][PASSED] - b = b.trim(): null

16-10-2024T09:19:09 - [TEST_STEP][PASSED] - i = b.indexOf("г. "): null

16-10-2024T09:19:09 - [TEST_STEP][PASSED] - if (i > -1): null

16-10-2024T09:19:09 - [TEST_STEP][PASSED] - println(b): null

16-10-2024T09:19:09 - [TEST_STEP][PASSED] - for ([planFact = 1, planFact < 3, (planFact++)]): null

16-10-2024T09:19:09 - [TEST_STEP][PASSED] - if (planFact == 1): null

16-10-2024T09:19:09 - [TEST_STEP][PASSED] - typeOfDataMain = "Факт": null

16-10-2024T09:19:09 - [TEST_STEP][PASSED] - otpusk = findTestData("PlanFact").getValue(5, a): null

16-10-2024T09:19:09 - [TEST_STEP][PASSED] - poteri = findTestData("PlanFact").getValue(6, a): null

16-10-2024T09:19:09 - [TEST_STEP][PASSED] - otpusk = otpusk.replaceAll("\s+", ""): null

16-10-2024T09:19:09 - [TEST_STEP][PASSED] - poteri = poteri.replaceAll("\s+", ""): null

16-10-2024T09:19:09 - [TEST_STEP][PASSED] - typeOfData = typeOfDataMain + " Отпуск в сеть": null

16-10-2024T09:19:09 - [TEST_STEP][PASSED] - if (a == 82): null

16-10-2024T09:19:09 - [TEST_STEP][PASSED] - else if (a == 84): null

16-10-2024T09:19:09 - [TEST_STEP][PASSED] - else if (a == 52 || a == 72 || a == 28 || a == 73 || a == 77 || a == 74 || a == 65 || a == 36 || a == 44 || a == 53 || a == 80 || a == 54 || a == 1 || a == 18 || a == 59 || a == 81): null

16-10-2024T09:19:09 - [TEST_STEP][PASSED] - else: null

16-10-2024T09:19:09 - [TEST_STEP][PASSED] - path = dataFolder + typeOfData + " за отчётный период " + b: null

16-10-2024T09:19:09 - [TEST_STEP][PASSED] - println(path): null

16-10-2024T09:19:09 - [TEST_STEP][PASSED] - page = getText(findTestObject(path)): Text of object 'Object Repository/Выполнение бизнес-плана/Значения со страницы Выполнение бизнес-плана/Факт Отпуск в сеть за отчётный период БрянскЭлектро' is: '1 448 824'

16-10-2024T09:19:09 - [MESSAGE][PASSED] - Text of object 'Object Repository/Выполнение бизнес-плана/Значения со страницы Выполнение бизнес-плана/Факт Отпуск в сеть за отчётный период БрянскЭлектро' is: '1 448 824'

16-10-2024T09:19:09 - [TEST_STEP][PASSED] - page = page.replaceAll("\s+", ""): null

16-10-2024T09:19:09 - [TEST_STEP][PASSED] - fileOtpuskVSet = otpusk.toInteger(): null

16-10-2024T09:19:09 - [TEST_STEP][PASSED] - pageOtpuskVSet = page.toInteger(): null

16-10-2024T09:19:09 - [TEST_STEP][PASSED] - typeOfData = typeOfDataMain + " Потери": null

16-10-2024T09:19:09 - [TEST_STEP][PASSED] - if (a == 82): null

16-10-2024T09:19:09 - [TEST_STEP][PASSED] - else if (a == 84): null

16-10-2024T09:19:09 - [TEST_STEP][PASSED] - else if (a == 52 || a == 72 || a == 28 || a == 73 || a == 77 || a == 74 || a == 65 || a == 36 || a == 44 || a == 53 || a == 80 || a == 54 || a == 1 || a == 18 || a == 59 || a == 81): null

16-10-2024T09:19:09 - [TEST_STEP][PASSED] - else: null

16-10-2024T09:19:09 - [TEST_STEP][PASSED] - path = dataFolder + typeOfData + " за отчётный период " + b: null

16-10-2024T09:19:09 - [TEST_STEP][PASSED] - page = getText(findTestObject(path)): Text of object 'Object Repository/Выполнение бизнес-плана/Значения со страницы Выполнение бизнес-плана/Факт Потери за отчётный период БрянскЭлектро' is: '143 134'

16-10-2024T09:19:10 - [MESSAGE][PASSED] - Text of object 'Object Repository/Выполнение бизнес-плана/Значения со страницы Выполнение бизнес-плана/Факт Потери за отчётный период БрянскЭлектро' is: '143 134'

16-10-2024T09:19:10 - [TEST_STEP][PASSED] - page = page.replaceAll("\s+", ""): null

16-10-2024T09:19:10 - [TEST_STEP][PASSED] - filePoteri = poteri.toInteger(): null

16-10-2024T09:19:10 - [TEST_STEP][PASSED] - pagePoteri = page.toInteger(): null

16-10-2024T09:19:10 - [TEST_STEP][PASSED] - compare = pageOtpuskVSet: null

16-10-2024T09:19:10 - [TEST_STEP][PASSED] - if (compare == fileOtpuskVSet): null

16-10-2024T09:19:10 - [TEST_STEP][PASSED] - else if (compare > fileOtpuskVSet): null

16-10-2024T09:19:10 - [TEST_STEP][PASSED] - compare = compare - 1: null

16-10-2024T09:19:10 - [TEST_STEP][PASSED] - if (compare == fileOtpuskVSet): null

16-10-2024T09:19:10 - [TEST_STEP][PASSED] - else: null

16-10-2024T09:19:10 - [TEST_STEP][PASSED] - numberOfErrors = numberOfErrors + 1: null

16-10-2024T09:19:10 - [TEST_STEP][PASSED] - pageInt = pageOtpuskVSet: null

16-10-2024T09:19:10 - [TEST_STEP][PASSED] - fileInt = fileOtpuskVSet: null

16-10-2024T09:19:10 - [TEST_STEP][PASSED] - typeOfData = typeOfDataMain + " Отпуск в сеть": null

16-10-2024T09:19:10 - [TEST_STEP][PASSED] - Script1718980020443.WriteToExcel(a, typeOfData, todaysDate, pageInt, fileInt, pageDouble, fileDouble, dZO): null

16-10-2024T09:19:10 - [TEST_STEP][PASSED] - sheetName = "Sheet1": null

16-10-2024T09:19:10 - [TEST_STEP][PASSED] - data = findTestData("PlanFact"): null

16-10-2024T09:19:10 - [TEST_STEP][PASSED] - n = data.getRowNumbers() + 1: null

16-10-2024T09:19:10 - [TEST_STEP][PASSED] - year = todaysDate.substring(todaysDate.length() - 4, todaysDate.length()): null

16-10-2024T09:19:10 - [TEST_STEP][PASSED] - y = year.toInteger(): null

16-10-2024T09:19:10 - [TEST_STEP][PASSED] - m = getText(findTestObject("Выполнение бизнес-плана/Период")): Text of object 'Object Repository/Выполнение бизнес-плана/Период' is: '1, 2 кв., Июль, Август 2024 года'

16-10-2024T09:19:10 - [MESSAGE][PASSED] - Text of object 'Object Repository/Выполнение бизнес-плана/Период' is: '1, 2 кв., Июль, Август 2024 года'

16-10-2024T09:19:10 - [TEST_STEP][PASSED] - m = m.substring(0, m.indexOf("2024")): null

16-10-2024T09:19:10 - [TEST_STEP][PASSED] - m = m.trim(): null

16-10-2024T09:19:10 - [TEST_STEP][PASSED] - dashboardName = "Выполнение бизнес-плана": null

16-10-2024T09:19:10 - [TEST_STEP][PASSED] - workbook01 = getWorkbook(excelFilePath): null

16-10-2024T09:19:10 - [TEST_STEP][PASSED] - sheet01 = getExcelSheet(workbook01, sheetName): null

16-10-2024T09:19:10 - [TEST_STEP][PASSED] - setValueToCellByIndex(sheet01, n, 0, dashboardName): null

16-10-2024T09:19:10 - [TEST_STEP][PASSED] - setValueToCellByIndex(sheet01, n, 1, dZO): null

16-10-2024T09:19:10 - [TEST_STEP][PASSED] - setValueToCellByIndex(sheet01, n, 2, typeOfData): null

16-10-2024T09:19:10 - [TEST_STEP][PASSED] - if (typeOfData == "Факт в процентах" || typeOfData == "План в процентах"): null

16-10-2024T09:19:10 - [TEST_STEP][PASSED] - else: null

16-10-2024T09:19:10 - [TEST_STEP][PASSED] - setValueToCellByIndex(sheet01, n, 3, fileInt): null

16-10-2024T09:19:10 - [TEST_STEP][PASSED] - setValueToCellByIndex(sheet01, n, 4, pageInt): null

16-10-2024T09:19:10 - [TEST_STEP][PASSED] - setValueToCellByIndex(sheet01, n, 5, m): null

16-10-2024T09:19:10 - [TEST_STEP][PASSED] - setValueToCellByIndex(sheet01, n, 6, y): null

16-10-2024T09:19:10 - [TEST_STEP][PASSED] - setValueToCellByIndex(sheet01, n, 7, todaysDate): null

16-10-2024T09:19:10 - [TEST_STEP][PASSED] - n = n + 1: null

16-10-2024T09:19:10 - [TEST_STEP][PASSED] - saveWorkbook(excelFilePath, workbook01): null

16-10-2024T09:19:10 - [TEST_STEP][PASSED] - compare = pagePoteri: null

16-10-2024T09:19:10 - [TEST_STEP][PASSED] - if (compare == filePoteri): null

16-10-2024T09:19:10 - [TEST_STEP][PASSED] - else if (compare > filePoteri): null

16-10-2024T09:19:10 - [TEST_STEP][PASSED] - compare = compare - 1: null

16-10-2024T09:19:10 - [TEST_STEP][PASSED] - if (compare == filePoteri): null

16-10-2024T09:19:10 - [TEST_STEP][PASSED] - else: null

16-10-2024T09:19:10 - [TEST_STEP][PASSED] - numberOfErrors = numberOfErrors + 1: null

16-10-2024T09:19:10 - [TEST_STEP][PASSED] - pageInt = pagePoteri: null

16-10-2024T09:19:10 - [TEST_STEP][PASSED] - fileInt = filePoteri: null

16-10-2024T09:19:10 - [TEST_STEP][PASSED] - typeOfData = typeOfDataMain + " Потери": null

16-10-2024T09:19:10 - [TEST_STEP][PASSED] - Script1718980020443.WriteToExcel(a, typeOfData, todaysDate, pageInt, fileInt, pageDouble, fileDouble, dZO): null

16-10-2024T09:19:10 - [TEST_STEP][PASSED] - sheetName = "Sheet1": null

16-10-2024T09:19:10 - [TEST_STEP][PASSED] - data = findTestData("PlanFact"): null

16-10-2024T09:19:10 - [TEST_STEP][PASSED] - n = data.getRowNumbers() + 1: null

16-10-2024T09:19:10 - [TEST_STEP][PASSED] - year = todaysDate.substring(todaysDate.length() - 4, todaysDate.length()): null

16-10-2024T09:19:10 - [TEST_STEP][PASSED] - y = year.toInteger(): null

16-10-2024T09:19:10 - [TEST_STEP][PASSED] - m = getText(findTestObject("Выполнение бизнес-плана/Период")): Text of object 'Object Repository/Выполнение бизнес-плана/Период' is: '1, 2 кв., Июль, Август 2024 года'

16-10-2024T09:19:11 - [MESSAGE][PASSED] - Text of object 'Object Repository/Выполнение бизнес-плана/Период' is: '1, 2 кв., Июль, Август 2024 года'

16-10-2024T09:19:11 - [TEST_STEP][PASSED] - m = m.substring(0, m.indexOf("2024")): null

16-10-2024T09:19:11 - [TEST_STEP][PASSED] - m = m.trim(): null

16-10-2024T09:19:11 - [TEST_STEP][PASSED] - dashboardName = "Выполнение бизнес-плана": null

16-10-2024T09:19:11 - [TEST_STEP][PASSED] - workbook01 = getWorkbook(excelFilePath): null

16-10-2024T09:19:11 - [TEST_STEP][PASSED] - sheet01 = getExcelSheet(workbook01, sheetName): null

16-10-2024T09:19:11 - [TEST_STEP][PASSED] - setValueToCellByIndex(sheet01, n, 0, dashboardName): null

16-10-2024T09:19:11 - [TEST_STEP][PASSED] - setValueToCellByIndex(sheet01, n, 1, dZO): null

16-10-2024T09:19:11 - [TEST_STEP][PASSED] - setValueToCellByIndex(sheet01, n, 2, typeOfData): null

16-10-2024T09:19:11 - [TEST_STEP][PASSED] - if (typeOfData == "Факт в процентах" || typeOfData == "План в процентах"): null

16-10-2024T09:19:11 - [TEST_STEP][PASSED] - else: null

16-10-2024T09:19:11 - [TEST_STEP][PASSED] - setValueToCellByIndex(sheet01, n, 3, fileInt): null

16-10-2024T09:19:11 - [TEST_STEP][PASSED] - setValueToCellByIndex(sheet01, n, 4, pageInt): null

16-10-2024T09:19:11 - [TEST_STEP][PASSED] - setValueToCellByIndex(sheet01, n, 5, m): null

16-10-2024T09:19:11 - [TEST_STEP][PASSED] - setValueToCellByIndex(sheet01, n, 6, y): null

16-10-2024T09:19:11 - [TEST_STEP][PASSED] - setValueToCellByIndex(sheet01, n, 7, todaysDate): null

16-10-2024T09:19:11 - [TEST_STEP][PASSED] - n = n + 1: null

16-10-2024T09:19:11 - [TEST_STEP][PASSED] - saveWorkbook(excelFilePath, workbook01): null

16-10-2024T09:19:11 - [TEST_STEP][PASSED] - if (planFact == 2): null

16-10-2024T09:19:11 - [TEST_STEP][PASSED] - if (planFact == 1): null

16-10-2024T09:19:11 - [TEST_STEP][PASSED] - else if (planFact == 2): null

16-10-2024T09:19:11 - [TEST_STEP][PASSED] - click(findTestObject("Выполнение бизнес-плана/Кнопка План")): Object: 'Object Repository/Выполнение бизнес-плана/Кнопка План' is clicked on

16-10-2024T09:19:11 - [MESSAGE][PASSED] - Object: 'Object Repository/Выполнение бизнес-плана/Кнопка План' is clicked on

16-10-2024T09:19:11 - [TEST_STEP][PASSED] - typeOfDataMain = "План": null

16-10-2024T09:19:11 - [TEST_STEP][PASSED] - otpusk = findTestData("PlanFact").getValue(2, a): null

16-10-2024T09:19:11 - [TEST_STEP][PASSED] - poteri = findTestData("PlanFact").getValue(3, a): null

16-10-2024T09:19:12 - [TEST_STEP][PASSED] - otpusk = otpusk.replaceAll("\s+", ""): null

16-10-2024T09:19:12 - [TEST_STEP][PASSED] - poteri = poteri.replaceAll("\s+", ""): null

16-10-2024T09:19:12 - [TEST_STEP][PASSED] - typeOfData = typeOfDataMain + " Отпуск в сеть": null

16-10-2024T09:19:12 - [TEST_STEP][PASSED] - if (a == 82): null

16-10-2024T09:19:12 - [TEST_STEP][PASSED] - else if (a == 84): null

16-10-2024T09:19:12 - [TEST_STEP][PASSED] - else if (a == 52 || a == 72 || a == 28 || a == 73 || a == 77 || a == 74 || a == 65 || a == 36 || a == 44 || a == 53 || a == 80 || a == 54 || a == 1 || a == 18 || a == 59 || a == 81): null

16-10-2024T09:19:12 - [TEST_STEP][PASSED] - else: null

16-10-2024T09:19:12 - [TEST_STEP][PASSED] - path = dataFolder + typeOfData + " за отчётный период " + b: null

16-10-2024T09:19:12 - [TEST_STEP][PASSED] - println(path): null

16-10-2024T09:19:12 - [TEST_STEP][PASSED] - page = getText(findTestObject(path)): Text of object 'Object Repository/Выполнение бизнес-плана/Значения со страницы Выполнение бизнес-плана/План Отпуск в сеть за отчётный период БрянскЭлектро' is: '1 427 759'

16-10-2024T09:19:12 - [MESSAGE][PASSED] - Text of object 'Object Repository/Выполнение бизнес-плана/Значения со страницы Выполнение бизнес-плана/План Отпуск в сеть за отчётный период БрянскЭлектро' is: '1 427 759'

16-10-2024T09:19:12 - [TEST_STEP][PASSED] - page = page.replaceAll("\s+", ""): null

16-10-2024T09:19:12 - [TEST_STEP][PASSED] - fileOtpuskVSet = otpusk.toInteger(): null

16-10-2024T09:19:12 - [TEST_STEP][PASSED] - pageOtpuskVSet = page.toInteger(): null

16-10-2024T09:19:12 - [TEST_STEP][PASSED] - typeOfData = typeOfDataMain + " Потери": null

16-10-2024T09:19:12 - [TEST_STEP][PASSED] - if (a == 82): null

16-10-2024T09:19:12 - [TEST_STEP][PASSED] - else if (a == 84): null

16-10-2024T09:19:12 - [TEST_STEP][PASSED] - else if (a == 52 || a == 72 || a == 28 || a == 73 || a == 77 || a == 74 || a == 65 || a == 36 || a == 44 || a == 53 || a == 80 || a == 54 || a == 1 || a == 18 || a == 59 || a == 81): null

16-10-2024T09:19:12 - [TEST_STEP][PASSED] - else: null

16-10-2024T09:19:12 - [TEST_STEP][PASSED] - path = dataFolder + typeOfData + " за отчётный период " + b: null

16-10-2024T09:19:12 - [TEST_STEP][PASSED] - page = getText(findTestObject(path)): Text of object 'Object Repository/Выполнение бизнес-плана/Значения со страницы Выполнение бизнес-плана/План Потери за отчётный период БрянскЭлектро' is: '146 343'

16-10-2024T09:19:12 - [MESSAGE][PASSED] - Text of object 'Object Repository/Выполнение бизнес-плана/Значения со страницы Выполнение бизнес-плана/План Потери за отчётный период БрянскЭлектро' is: '146 343'

16-10-2024T09:19:12 - [TEST_STEP][PASSED] - page = page.replaceAll("\s+", ""): null

16-10-2024T09:19:12 - [TEST_STEP][PASSED] - filePoteri = poteri.toInteger(): null

16-10-2024T09:19:12 - [TEST_STEP][PASSED] - pagePoteri = page.toInteger(): null

16-10-2024T09:19:12 - [TEST_STEP][PASSED] - compare = pageOtpuskVSet: null

16-10-2024T09:19:12 - [TEST_STEP][PASSED] - if (compare == fileOtpuskVSet): null

16-10-2024T09:19:12 - [TEST_STEP][PASSED] - else if (compare > fileOtpuskVSet): null

16-10-2024T09:19:12 - [TEST_STEP][PASSED] - compare = compare - 1: null

16-10-2024T09:19:12 - [TEST_STEP][PASSED] - if (compare == fileOtpuskVSet): null

16-10-2024T09:19:12 - [TEST_STEP][PASSED] - else: null

16-10-2024T09:19:12 - [TEST_STEP][PASSED] - numberOfErrors = numberOfErrors + 1: null

16-10-2024T09:19:12 - [TEST_STEP][PASSED] - pageInt = pageOtpuskVSet: null

16-10-2024T09:19:12 - [TEST_STEP][PASSED] - fileInt = fileOtpuskVSet: null

16-10-2024T09:19:12 - [TEST_STEP][PASSED] - typeOfData = typeOfDataMain + " Отпуск в сеть": null

16-10-2024T09:19:12 - [TEST_STEP][PASSED] - Script1718980020443.WriteToExcel(a, typeOfData, todaysDate, pageInt, fileInt, pageDouble, fileDouble, dZO): null

16-10-2024T09:19:12 - [TEST_STEP][PASSED] - sheetName = "Sheet1": null

16-10-2024T09:19:12 - [TEST_STEP][PASSED] - data = findTestData("PlanFact"): null

16-10-2024T09:19:12 - [TEST_STEP][PASSED] - n = data.getRowNumbers() + 1: null

16-10-2024T09:19:12 - [TEST_STEP][PASSED] - year = todaysDate.substring(todaysDate.length() - 4, todaysDate.length()): null

16-10-2024T09:19:12 - [TEST_STEP][PASSED] - y = year.toInteger(): null

16-10-2024T09:19:12 - [TEST_STEP][PASSED] - m = getText(findTestObject("Выполнение бизнес-плана/Период")): Text of object 'Object Repository/Выполнение бизнес-плана/Период' is: '1, 2 кв., Июль, Август 2024 года'

16-10-2024T09:19:12 - [MESSAGE][PASSED] - Text of object 'Object Repository/Выполнение бизнес-плана/Период' is: '1, 2 кв., Июль, Август 2024 года'

16-10-2024T09:19:12 - [TEST_STEP][PASSED] - m = m.substring(0, m.indexOf("2024")): null

16-10-2024T09:19:12 - [TEST_STEP][PASSED] - m = m.trim(): null

16-10-2024T09:19:12 - [TEST_STEP][PASSED] - dashboardName = "Выполнение бизнес-плана": null

16-10-2024T09:19:12 - [TEST_STEP][PASSED] - workbook01 = getWorkbook(excelFilePath): null

16-10-2024T09:19:13 - [TEST_STEP][PASSED] - sheet01 = getExcelSheet(workbook01, sheetName): null

16-10-2024T09:19:13 - [TEST_STEP][PASSED] - setValueToCellByIndex(sheet01, n, 0, dashboardName): null

16-10-2024T09:19:13 - [TEST_STEP][PASSED] - setValueToCellByIndex(sheet01, n, 1, dZO): null

16-10-2024T09:19:13 - [TEST_STEP][PASSED] - setValueToCellByIndex(sheet01, n, 2, typeOfData): null

16-10-2024T09:19:13 - [TEST_STEP][PASSED] - if (typeOfData == "Факт в процентах" || typeOfData == "План в процентах"): null

16-10-2024T09:19:13 - [TEST_STEP][PASSED] - else: null

16-10-2024T09:19:13 - [TEST_STEP][PASSED] - setValueToCellByIndex(sheet01, n, 3, fileInt): null

16-10-2024T09:19:13 - [TEST_STEP][PASSED] - setValueToCellByIndex(sheet01, n, 4, pageInt): null

16-10-2024T09:19:13 - [TEST_STEP][PASSED] - setValueToCellByIndex(sheet01, n, 5, m): null

16-10-2024T09:19:13 - [TEST_STEP][PASSED] - setValueToCellByIndex(sheet01, n, 6, y): null

16-10-2024T09:19:13 - [TEST_STEP][PASSED] - setValueToCellByIndex(sheet01, n, 7, todaysDate): null

16-10-2024T09:19:13 - [TEST_STEP][PASSED] - n = n + 1: null

16-10-2024T09:19:13 - [TEST_STEP][PASSED] - saveWorkbook(excelFilePath, workbook01): null

16-10-2024T09:19:13 - [TEST_STEP][PASSED] - compare = pagePoteri: null

16-10-2024T09:19:13 - [TEST_STEP][PASSED] - if (compare == filePoteri): null

16-10-2024T09:19:13 - [TEST_STEP][PASSED] - else if (compare > filePoteri): null

16-10-2024T09:19:13 - [TEST_STEP][PASSED] - compare = compare - 1: null

16-10-2024T09:19:13 - [TEST_STEP][PASSED] - if (compare == filePoteri): null

16-10-2024T09:19:13 - [TEST_STEP][PASSED] - else: null

16-10-2024T09:19:13 - [TEST_STEP][PASSED] - numberOfErrors = numberOfErrors + 1: null

16-10-2024T09:19:13 - [TEST_STEP][PASSED] - pageInt = pagePoteri: null

16-10-2024T09:19:13 - [TEST_STEP][PASSED] - fileInt = filePoteri: null

16-10-2024T09:19:13 - [TEST_STEP][PASSED] - typeOfData = typeOfDataMain + " Потери": null

16-10-2024T09:19:13 - [TEST_STEP][PASSED] - Script1718980020443.WriteToExcel(a, typeOfData, todaysDate, pageInt, fileInt, pageDouble, fileDouble, dZO): null

16-10-2024T09:19:13 - [TEST_STEP][PASSED] - sheetName = "Sheet1": null

16-10-2024T09:19:13 - [TEST_STEP][PASSED] - data = findTestData("PlanFact"): null

16-10-2024T09:19:13 - [TEST_STEP][PASSED] - n = data.getRowNumbers() + 1: null

16-10-2024T09:19:13 - [TEST_STEP][PASSED] - year = todaysDate.substring(todaysDate.length() - 4, todaysDate.length()): null

16-10-2024T09:19:13 - [TEST_STEP][PASSED] - y = year.toInteger(): null

16-10-2024T09:19:13 - [TEST_STEP][PASSED] - m = getText(findTestObject("Выполнение бизнес-плана/Период")): Text of object 'Object Repository/Выполнение бизнес-плана/Период' is: '1, 2 кв., Июль, Август 2024 года'

16-10-2024T09:19:13 - [MESSAGE][PASSED] - Text of object 'Object Repository/Выполнение бизнес-плана/Период' is: '1, 2 кв., Июль, Август 2024 года'

16-10-2024T09:19:13 - [TEST_STEP][PASSED] - m = m.substring(0, m.indexOf("2024")): null

16-10-2024T09:19:13 - [TEST_STEP][PASSED] - m = m.trim(): null

16-10-2024T09:19:13 - [TEST_STEP][PASSED] - dashboardName = "Выполнение бизнес-плана": null

16-10-2024T09:19:13 - [TEST_STEP][PASSED] - workbook01 = getWorkbook(excelFilePath): null

16-10-2024T09:19:13 - [TEST_STEP][PASSED] - sheet01 = getExcelSheet(workbook01, sheetName): null

16-10-2024T09:19:13 - [TEST_STEP][PASSED] - setValueToCellByIndex(sheet01, n, 0, dashboardName): null

16-10-2024T09:19:13 - [TEST_STEP][PASSED] - setValueToCellByIndex(sheet01, n, 1, dZO): null

16-10-2024T09:19:13 - [TEST_STEP][PASSED] - setValueToCellByIndex(sheet01, n, 2, typeOfData): null

16-10-2024T09:19:13 - [TEST_STEP][PASSED] - if (typeOfData == "Факт в процентах" || typeOfData == "План в процентах"): null

16-10-2024T09:19:13 - [TEST_STEP][PASSED] - else: null

16-10-2024T09:19:13 - [TEST_STEP][PASSED] - setValueToCellByIndex(sheet01, n, 3, fileInt): null

16-10-2024T09:19:13 - [TEST_STEP][PASSED] - setValueToCellByIndex(sheet01, n, 4, pageInt): null

16-10-2024T09:19:13 - [TEST_STEP][PASSED] - setValueToCellByIndex(sheet01, n, 5, m): null

16-10-2024T09:19:13 - [TEST_STEP][PASSED] - setValueToCellByIndex(sheet01, n, 6, y): null

16-10-2024T09:19:13 - [TEST_STEP][PASSED] - setValueToCellByIndex(sheet01, n, 7, todaysDate): null

16-10-2024T09:19:13 - [TEST_STEP][PASSED] - n = n + 1: null

16-10-2024T09:19:13 - [TEST_STEP][PASSED] - saveWorkbook(excelFilePath, workbook01): Object: 'Object Repository/Выполнение бизнес-плана/Кнопка Факт' is clicked on

16-10-2024T09:19:14 - [TEST_STEP][PASSED] - if (planFact == 2): Object: 'Object Repository/Выполнение бизнес-плана/Кнопка Факт' is clicked on

16-10-2024T09:19:14 - [TEST_STEP][PASSED] - click(findTestObject("Выполнение бизнес-плана/Кнопка Факт")): Object: 'Object Repository/Выполнение бизнес-плана/Кнопка Факт' is clicked on

16-10-2024T09:19:14 - [MESSAGE][PASSED] - Object: 'Object Repository/Выполнение бизнес-плана/Кнопка Факт' is clicked on

16-10-2024T09:19:14 - [TEST_STEP][PASSED] - if (a == 84 || a == 82): null

16-10-2024T09:19:14 - [TEST_STEP][PASSED] - else if (a == 52 || a == 72 || a == 28 || a == 73 || a == 77 || a == 74 || a == 65 || a == 36 || a == 44 || a == 53 || a == 80 || a == 54 || a == 1 || a == 18 || a == 59 || a == 81): null

16-10-2024T09:19:14 - [TEST_STEP][PASSED] - else: null

16-10-2024T09:19:14 - [TEST_STEP][PASSED] - page1 = getText(findTestObject("Object Repository/Выполнение бизнес-плана/spanPlan" + filialNum)): Text of object 'Object Repository/Выполнение бизнес-плана/spanPlan10' is: '10.25
|'

16-10-2024T09:19:14 - [MESSAGE][PASSED] - Text of object 'Object Repository/Выполнение бизнес-плана/spanPlan10' is: '10.25
|'

16-10-2024T09:19:14 - [TEST_STEP][PASSED] - page1 = page1.replace("|", ""): null

16-10-2024T09:19:14 - [TEST_STEP][PASSED] - page2 = getText(findTestObject("Object Repository/Выполнение бизнес-плана/spanFact" + filialNum)): Text of object 'Object Repository/Выполнение бизнес-плана/spanFact10' is: '9.88
|'

16-10-2024T09:19:14 - [MESSAGE][PASSED] - Text of object 'Object Repository/Выполнение бизнес-плана/spanFact10' is: '9.88
|'

16-10-2024T09:19:14 - [TEST_STEP][PASSED] - page2 = page2.replace("|", ""): null

16-10-2024T09:19:14 - [TEST_STEP][PASSED] - println("page1: " + page1): null

16-10-2024T09:19:14 - [TEST_STEP][PASSED] - println("page2: " + page2): null

16-10-2024T09:19:14 - [TEST_STEP][PASSED] - file = findTestData("PlanFact").getValue(4, a): null

16-10-2024T09:19:14 - [TEST_STEP][PASSED] - file = file.replace(",", "."): null

16-10-2024T09:19:14 - [TEST_STEP][PASSED] - println("file Plan: " + file): null

16-10-2024T09:19:14 - [TEST_STEP][PASSED] - typeOfData = "План в процентах": null

16-10-2024T09:19:14 - [TEST_STEP][PASSED] - fileDouble = file.toDouble(): null

16-10-2024T09:19:14 - [TEST_STEP][PASSED] - pageDouble = page1.toDouble(): null

16-10-2024T09:19:14 - [TEST_STEP][PASSED] - if (fileDouble != pageDouble): null

16-10-2024T09:19:14 - [TEST_STEP][PASSED] - numberOfErrors = numberOfErrors + 1: null

16-10-2024T09:19:14 - [TEST_STEP][PASSED] - Script1718980020443.WriteToExcel(a, typeOfData, todaysDate, pageInt, fileInt, pageDouble, fileDouble, dZO): null

16-10-2024T09:19:14 - [TEST_STEP][PASSED] - sheetName = "Sheet1": null

16-10-2024T09:19:14 - [TEST_STEP][PASSED] - data = findTestData("PlanFact"): null

16-10-2024T09:19:15 - [TEST_STEP][PASSED] - n = data.getRowNumbers() + 1: null

16-10-2024T09:19:15 - [TEST_STEP][PASSED] - year = todaysDate.substring(todaysDate.length() - 4, todaysDate.length()): null

16-10-2024T09:19:15 - [TEST_STEP][PASSED] - y = year.toInteger(): null

16-10-2024T09:19:15 - [TEST_STEP][PASSED] - m = getText(findTestObject("Выполнение бизнес-плана/Период")): Text of object 'Object Repository/Выполнение бизнес-плана/Период' is: '1, 2 кв., Июль, Август 2024 года'

16-10-2024T09:19:15 - [MESSAGE][PASSED] - Text of object 'Object Repository/Выполнение бизнес-плана/Период' is: '1, 2 кв., Июль, Август 2024 года'

16-10-2024T09:19:15 - [TEST_STEP][PASSED] - m = m.substring(0, m.indexOf("2024")): null

16-10-2024T09:19:15 - [TEST_STEP][PASSED] - m = m.trim(): null

16-10-2024T09:19:15 - [TEST_STEP][PASSED] - dashboardName = "Выполнение бизнес-плана": null

16-10-2024T09:19:15 - [TEST_STEP][PASSED] - workbook01 = getWorkbook(excelFilePath): null

16-10-2024T09:19:15 - [TEST_STEP][PASSED] - sheet01 = getExcelSheet(workbook01, sheetName): null

16-10-2024T09:19:15 - [TEST_STEP][PASSED] - setValueToCellByIndex(sheet01, n, 0, dashboardName): null

16-10-2024T09:19:15 - [TEST_STEP][PASSED] - setValueToCellByIndex(sheet01, n, 1, dZO): null

16-10-2024T09:19:15 - [TEST_STEP][PASSED] - setValueToCellByIndex(sheet01, n, 2, typeOfData): null

16-10-2024T09:19:15 - [TEST_STEP][PASSED] - if (typeOfData == "Факт в процентах" || typeOfData == "План в процентах"): null

16-10-2024T09:19:15 - [TEST_STEP][PASSED] - setValueToCellByIndex(sheet01, n, 3, fileDouble): null

16-10-2024T09:19:15 - [TEST_STEP][PASSED] - setValueToCellByIndex(sheet01, n, 4, pageDouble): null

16-10-2024T09:19:15 - [TEST_STEP][PASSED] - setValueToCellByIndex(sheet01, n, 5, m): null

16-10-2024T09:19:15 - [TEST_STEP][PASSED] - setValueToCellByIndex(sheet01, n, 6, y): null

16-10-2024T09:19:15 - [TEST_STEP][PASSED] - setValueToCellByIndex(sheet01, n, 7, todaysDate): null

16-10-2024T09:19:15 - [TEST_STEP][PASSED] - n = n + 1: null

16-10-2024T09:19:15 - [TEST_STEP][PASSED] - saveWorkbook(excelFilePath, workbook01): null

16-10-2024T09:19:15 - [TEST_STEP][PASSED] - file = findTestData("PlanFact").getValue(7, a): null

16-10-2024T09:19:15 - [TEST_STEP][PASSED] - file = file.replace(",", "."): null

16-10-2024T09:19:15 - [TEST_STEP][PASSED] - println("file Fact: " + file): null

16-10-2024T09:19:15 - [TEST_STEP][PASSED] - fileDouble = file.toDouble(): null

16-10-2024T09:19:15 - [TEST_STEP][PASSED] - typeOfData = "Факт в процентах": null

16-10-2024T09:19:15 - [TEST_STEP][PASSED] - fileDouble = file.toDouble(): null

16-10-2024T09:19:15 - [TEST_STEP][PASSED] - pageDouble = page2.toDouble(): null

16-10-2024T09:19:15 - [TEST_STEP][PASSED] - if (fileDouble != pageDouble): null

16-10-2024T09:19:15 - [TEST_STEP][PASSED] - numberOfErrors = numberOfErrors + 1: null

16-10-2024T09:19:15 - [TEST_STEP][PASSED] - Script1718980020443.WriteToExcel(a, typeOfData, todaysDate, pageInt, fileInt, pageDouble, fileDouble, dZO): null

16-10-2024T09:19:15 - [TEST_STEP][PASSED] - sheetName = "Sheet1": null

16-10-2024T09:19:15 - [TEST_STEP][PASSED] - data = findTestData("PlanFact"): null

16-10-2024T09:19:15 - [TEST_STEP][PASSED] - n = data.getRowNumbers() + 1: null

16-10-2024T09:19:15 - [TEST_STEP][PASSED] - year = todaysDate.substring(todaysDate.length() - 4, todaysDate.length()): null

16-10-2024T09:19:15 - [TEST_STEP][PASSED] - y = year.toInteger(): null

16-10-2024T09:19:15 - [TEST_STEP][PASSED] - m = getText(findTestObject("Выполнение бизнес-плана/Период")): Text of object 'Object Repository/Выполнение бизнес-плана/Период' is: '1, 2 кв., Июль, Август 2024 года'

16-10-2024T09:19:16 - [MESSAGE][PASSED] - Text of object 'Object Repository/Выполнение бизнес-плана/Период' is: '1, 2 кв., Июль, Август 2024 года'

16-10-2024T09:19:16 - [TEST_STEP][PASSED] - m = m.substring(0, m.indexOf("2024")): null

16-10-2024T09:19:16 - [TEST_STEP][PASSED] - m = m.trim(): null

16-10-2024T09:19:16 - [TEST_STEP][PASSED] - dashboardName = "Выполнение бизнес-плана": null

16-10-2024T09:19:16 - [TEST_STEP][PASSED] - workbook01 = getWorkbook(excelFilePath): null

16-10-2024T09:19:16 - [TEST_STEP][PASSED] - sheet01 = getExcelSheet(workbook01, sheetName): null

16-10-2024T09:19:16 - [TEST_STEP][PASSED] - setValueToCellByIndex(sheet01, n, 0, dashboardName): null

16-10-2024T09:19:16 - [TEST_STEP][PASSED] - setValueToCellByIndex(sheet01, n, 1, dZO): null

16-10-2024T09:19:16 - [TEST_STEP][PASSED] - setValueToCellByIndex(sheet01, n, 2, typeOfData): null

16-10-2024T09:19:16 - [TEST_STEP][PASSED] - if (typeOfData == "Факт в процентах" || typeOfData == "План в процентах"): null

16-10-2024T09:19:16 - [TEST_STEP][PASSED] - setValueToCellByIndex(sheet01, n, 3, fileDouble): null

16-10-2024T09:19:16 - [TEST_STEP][PASSED] - setValueToCellByIndex(sheet01, n, 4, pageDouble): null

16-10-2024T09:19:16 - [TEST_STEP][PASSED] - setValueToCellByIndex(sheet01, n, 5, m): null

16-10-2024T09:19:16 - [TEST_STEP][PASSED] - setValueToCellByIndex(sheet01, n, 6, y): null

16-10-2024T09:19:16 - [TEST_STEP][PASSED] - setValueToCellByIndex(sheet01, n, 7, todaysDate): null

16-10-2024T09:19:16 - [TEST_STEP][PASSED] - n = n + 1: null

16-10-2024T09:19:16 - [TEST_STEP][PASSED] - saveWorkbook(excelFilePath, workbook01): null

16-10-2024T09:19:16 - [TEST_STEP][FAILED] - if (verifyEqual(numberOfErrors, 0) == false): null

16-10-2024T09:19:16 - [MESSAGE][FAILED] - Unable to verify equal between actual object '6' and expected object '0' (Root cause: com.kms.katalon.core.exception.StepFailedException: Actual object '6' and expected object '0' are not equal
	at com.kms.katalon.core.keyword.builtin.VerifyEqualKeyword$_verifyEqual_closure1.doCall(VerifyEqualKeyword.groovy:58)
	at com.kms.katalon.core.keyword.builtin.VerifyEqualKeyword$_verifyEqual_closure1.call(VerifyEqualKeyword.groovy)
	at com.kms.katalon.core.keyword.internal.KeywordMain.runKeyword(KeywordMain.groovy:75)
	at com.kms.katalon.core.keyword.builtin.VerifyEqualKeyword.verifyEqual(VerifyEqualKeyword.groovy:63)
	at com.kms.katalon.core.keyword.builtin.VerifyEqualKeyword.execute(VerifyEqualKeyword.groovy:44)
	at com.kms.katalon.core.keyword.internal.KeywordExecutor.executeKeywordForPlatform(KeywordExecutor.groovy:74)
	at com.kms.katalon.core.keyword.BuiltinKeywords.verifyEqual(BuiltinKeywords.groovy:146)
	at jdk.internal.reflect.GeneratedMethodAccessor25.invoke(Unknown Source)
	at java.base/jdk.internal.reflect.DelegatingMethodAccessorImpl.invoke(DelegatingMethodAccessorImpl.java:43)
	at Выполнение бизнес-плана Сверка ПАО Россети все филиалы.Numbers(Выполнение бизнес-плана Сверка ПАО Россети все филиалы:749)
	at Выполнение бизнес-плана Сверка ПАО Россети все филиалы.Filials(Выполнение бизнес-плана Сверка ПАО Россети все филиалы:1274)
	at Выполнение бизнес-плана Сверка ПАО Россети все филиалы.Numbers(Выполнение бизнес-плана Сверка ПАО Россети все филиалы:754)
	at Выполнение бизнес-плана Сверка ПАО Россети все филиалы.run(Выполнение бизнес-плана Сверка ПАО Россети все филиалы:397)
	at com.kms.katalon.core.main.ScriptEngine.run(ScriptEngine.java:194)
	at com.kms.katalon.core.main.ScriptEngine.runScriptAsRawText(ScriptEngine.java:119)
	at com.kms.katalon.core.main.TestCaseExecutor.runScript(TestCaseExecutor.java:448)
	at com.kms.katalon.core.main.TestCaseExecutor.doExecute(TestCaseExecutor.java:439)
	at com.kms.katalon.core.main.TestCaseExecutor.processExecutionPhase(TestCaseExecutor.java:418)
	at com.kms.katalon.core.main.TestCaseExecutor.accessMainPhase(TestCaseExecutor.java:410)
	at com.kms.katalon.core.main.TestCaseExecutor.execute(TestCaseExecutor.java:285)
	at com.kms.katalon.core.common.CommonExecutor.accessTestCaseMainPhase(CommonExecutor.java:65)
	at com.kms.katalon.core.main.TestSuiteExecutor.accessTestSuiteMainPhase(TestSuiteExecutor.java:150)
	at com.kms.katalon.core.main.TestSuiteExecutor.execute(TestSuiteExecutor.java:106)
	at com.kms.katalon.core.main.TestCaseMain.startTestSuite(TestCaseMain.java:180)
	at TempTestSuite1729057289574.run(TempTestSuite1729057289574.groovy:35)
	at java.base/jdk.internal.reflect.NativeMethodAccessorImpl.invoke0(Native Method)
	at java.base/jdk.internal.reflect.NativeMethodAccessorImpl.invoke(NativeMethodAccessorImpl.java:77)
	at java.base/jdk.internal.reflect.DelegatingMethodAccessorImpl.invoke(DelegatingMethodAccessorImpl.java:43)
)

16-10-2024T09:19:16 - [TEST_STEP][PASSED] - println(numberOfErrors): null

16-10-2024T09:19:16 - [TEST_STEP][PASSED] - if (a == 28 || a == 77 || a == 74 || a == 65 || a == 36 || a == 44 || a == 54 || a == 1 || a == 18 || a == 59): null

16-10-2024T09:19:16 - [TEST_STEP][PASSED] - if (a == 82): null

16-10-2024T09:19:16 - [TEST_STEP][PASSED] - dZO = "Орелэнерго": null

16-10-2024T09:19:16 - [TEST_STEP][PASSED] - a = 8: null

16-10-2024T09:19:16 - [TEST_STEP][PASSED] - if (x2.contains(dZO)): null

16-10-2024T09:19:16 - [TEST_STEP][PASSED] - filialNum = filialNum + 1: null

16-10-2024T09:19:16 - [TEST_STEP][PASSED] - Script1718980020443.Numbers(a, typeOfData, todaysDate, pageInt, fileInt, pageDouble, fileDouble, dZO, dzoNum, filialNum): null

16-10-2024T09:19:16 - [TEST_STEP][PASSED] - println(dzoNum): null

16-10-2024T09:19:16 - [TEST_STEP][PASSED] - planFact = <not implemented yet for class: org.codehaus.groovy.ast.expr.EmptyExpression>: null

16-10-2024T09:19:16 - [TEST_STEP][PASSED] - page = <not implemented yet for class: org.codehaus.groovy.ast.expr.EmptyExpression>: null

16-10-2024T09:19:16 - [TEST_STEP][PASSED] - page1 = <not implemented yet for class: org.codehaus.groovy.ast.expr.EmptyExpression>: null

16-10-2024T09:19:16 - [TEST_STEP][PASSED] - page2 = <not implemented yet for class: org.codehaus.groovy.ast.expr.EmptyExpression>: null

16-10-2024T09:19:16 - [TEST_STEP][PASSED] - filialNumberInRow = <not implemented yet for class: org.codehaus.groovy.ast.expr.EmptyExpression>: null

16-10-2024T09:19:16 - [TEST_STEP][PASSED] - filialsDzoNames = <not implemented yet for class: org.codehaus.groovy.ast.expr.EmptyExpression>: null

16-10-2024T09:19:16 - [TEST_STEP][PASSED] - numberOfFilials = <not implemented yet for class: org.codehaus.groovy.ast.expr.EmptyExpression>: null

16-10-2024T09:19:16 - [TEST_STEP][PASSED] - numberOfSpaces = <not implemented yet for class: org.codehaus.groovy.ast.expr.EmptyExpression>: null

16-10-2024T09:19:16 - [TEST_STEP][PASSED] - file = <not implemented yet for class: org.codehaus.groovy.ast.expr.EmptyExpression>: null

16-10-2024T09:19:16 - [TEST_STEP][PASSED] - otpusk = <not implemented yet for class: org.codehaus.groovy.ast.expr.EmptyExpression>: null

16-10-2024T09:19:16 - [TEST_STEP][PASSED] - poteri = <not implemented yet for class: org.codehaus.groovy.ast.expr.EmptyExpression>: null

16-10-2024T09:19:16 - [TEST_STEP][PASSED] - dataFolder = "Выполнение бизнес-плана/Значения со страницы Выполнение бизнес-плана/": null

16-10-2024T09:19:16 - [TEST_STEP][PASSED] - path = <not implemented yet for class: org.codehaus.groovy.ast.expr.EmptyExpression>: null

16-10-2024T09:19:16 - [TEST_STEP][PASSED] - typeOfDataMain = <not implemented yet for class: org.codehaus.groovy.ast.expr.EmptyExpression>: null

16-10-2024T09:19:16 - [TEST_STEP][PASSED] - fileOtpuskVSet = <not implemented yet for class: org.codehaus.groovy.ast.expr.EmptyExpression>: null

16-10-2024T09:19:16 - [TEST_STEP][PASSED] - pageOtpuskVSet = <not implemented yet for class: org.codehaus.groovy.ast.expr.EmptyExpression>: null

16-10-2024T09:19:16 - [TEST_STEP][PASSED] - filePoteri = <not implemented yet for class: org.codehaus.groovy.ast.expr.EmptyExpression>: null

16-10-2024T09:19:16 - [TEST_STEP][PASSED] - pagePoteri = <not implemented yet for class: org.codehaus.groovy.ast.expr.EmptyExpression>: null

16-10-2024T09:19:16 - [TEST_STEP][PASSED] - compare = <not implemented yet for class: org.codehaus.groovy.ast.expr.EmptyExpression>: null

16-10-2024T09:19:16 - [TEST_STEP][PASSED] - b = <not implemented yet for class: org.codehaus.groovy.ast.expr.EmptyExpression>: null

16-10-2024T09:19:16 - [TEST_STEP][PASSED] - i = <not implemented yet for class: org.codehaus.groovy.ast.expr.EmptyExpression>: null

16-10-2024T09:19:16 - [TEST_STEP][PASSED] - ii = <not implemented yet for class: org.codehaus.groovy.ast.expr.EmptyExpression>: null

16-10-2024T09:19:16 - [TEST_STEP][PASSED] - c = <not implemented yet for class: org.codehaus.groovy.ast.expr.EmptyExpression>: null

16-10-2024T09:19:16 - [TEST_STEP][PASSED] - numberOfErrors = 0: null

16-10-2024T09:19:16 - [TEST_STEP][PASSED] - if (a == 82): null

16-10-2024T09:19:16 - [TEST_STEP][PASSED] - b = findTestData("PlanFact").getValue(1, a): null

16-10-2024T09:19:16 - [TEST_STEP][PASSED] - i = b.indexOf(" (ГК)"): null

16-10-2024T09:19:16 - [TEST_STEP][PASSED] - if (i > -1): null

16-10-2024T09:19:16 - [TEST_STEP][PASSED] - i = b.indexOf("О ""): null

16-10-2024T09:19:16 - [TEST_STEP][PASSED] - if (i > -1): null

16-10-2024T09:19:16 - [TEST_STEP][PASSED] - i = b.indexOf("О «"): null

16-10-2024T09:19:16 - [TEST_STEP][PASSED] - if (i > -1): null

16-10-2024T09:19:16 - [TEST_STEP][PASSED] - i = b.indexOf("г. "): null

16-10-2024T09:19:16 - [TEST_STEP][PASSED] - if (i > -1): null

16-10-2024T09:19:16 - [TEST_STEP][PASSED] - println(b): null

16-10-2024T09:19:16 - [TEST_STEP][PASSED] - for ([planFact = 1, planFact < 3, (planFact++)]): null

16-10-2024T09:19:16 - [TEST_STEP][PASSED] - if (planFact == 1): null

16-10-2024T09:19:16 - [TEST_STEP][PASSED] - typeOfDataMain = "Факт": null

16-10-2024T09:19:16 - [TEST_STEP][PASSED] - otpusk = findTestData("PlanFact").getValue(5, a): null

16-10-2024T09:19:16 - [TEST_STEP][PASSED] - poteri = findTestData("PlanFact").getValue(6, a): null

16-10-2024T09:19:16 - [TEST_STEP][PASSED] - otpusk = otpusk.replaceAll("\s+", ""): null

16-10-2024T09:19:16 - [TEST_STEP][PASSED] - poteri = poteri.replaceAll("\s+", ""): null

16-10-2024T09:19:16 - [TEST_STEP][PASSED] - typeOfData = typeOfDataMain + " Отпуск в сеть": null

16-10-2024T09:19:16 - [TEST_STEP][PASSED] - if (a == 82): null

16-10-2024T09:19:16 - [TEST_STEP][PASSED] - else if (a == 84): null

16-10-2024T09:19:16 - [TEST_STEP][PASSED] - else if (a == 52 || a == 72 || a == 28 || a == 73 || a == 77 || a == 74 || a == 65 || a == 36 || a == 44 || a == 53 || a == 80 || a == 54 || a == 1 || a == 18 || a == 59 || a == 81): null

16-10-2024T09:19:16 - [TEST_STEP][PASSED] - else: null

16-10-2024T09:19:16 - [TEST_STEP][PASSED] - path = dataFolder + typeOfData + " за отчётный период " + b: null

16-10-2024T09:19:16 - [TEST_STEP][PASSED] - println(path): null

16-10-2024T09:19:16 - [TEST_STEP][PASSED] - page = getText(findTestObject(path)): Text of object 'Object Repository/Выполнение бизнес-плана/Значения со страницы Выполнение бизнес-плана/Факт Отпуск в сеть за отчётный период Орелэнерго' is: '1 612 183'

16-10-2024T09:19:16 - [MESSAGE][PASSED] - Text of object 'Object Repository/Выполнение бизнес-плана/Значения со страницы Выполнение бизнес-плана/Факт Отпуск в сеть за отчётный период Орелэнерго' is: '1 612 183'

16-10-2024T09:19:16 - [TEST_STEP][PASSED] - page = page.replaceAll("\s+", ""): null

16-10-2024T09:19:16 - [TEST_STEP][PASSED] - fileOtpuskVSet = otpusk.toInteger(): null

16-10-2024T09:19:16 - [TEST_STEP][PASSED] - pageOtpuskVSet = page.toInteger(): null

16-10-2024T09:19:16 - [TEST_STEP][PASSED] - typeOfData = typeOfDataMain + " Потери": null

16-10-2024T09:19:16 - [TEST_STEP][PASSED] - if (a == 82): null

16-10-2024T09:19:16 - [TEST_STEP][PASSED] - else if (a == 84): null

16-10-2024T09:19:16 - [TEST_STEP][PASSED] - else if (a == 52 || a == 72 || a == 28 || a == 73 || a == 77 || a == 74 || a == 65 || a == 36 || a == 44 || a == 53 || a == 80 || a == 54 || a == 1 || a == 18 || a == 59 || a == 81): null

16-10-2024T09:19:16 - [TEST_STEP][PASSED] - else: null

16-10-2024T09:19:16 - [TEST_STEP][PASSED] - path = dataFolder + typeOfData + " за отчётный период " + b: null

16-10-2024T09:19:16 - [TEST_STEP][PASSED] - page = getText(findTestObject(path)): Text of object 'Object Repository/Выполнение бизнес-плана/Значения со страницы Выполнение бизнес-плана/Факт Потери за отчётный период Орелэнерго' is: '142 460'

16-10-2024T09:19:17 - [MESSAGE][PASSED] - Text of object 'Object Repository/Выполнение бизнес-плана/Значения со страницы Выполнение бизнес-плана/Факт Потери за отчётный период Орелэнерго' is: '142 460'

16-10-2024T09:19:17 - [TEST_STEP][PASSED] - page = page.replaceAll("\s+", ""): null

16-10-2024T09:19:17 - [TEST_STEP][PASSED] - filePoteri = poteri.toInteger(): null

16-10-2024T09:19:17 - [TEST_STEP][PASSED] - pagePoteri = page.toInteger(): null

16-10-2024T09:19:17 - [TEST_STEP][PASSED] - compare = pageOtpuskVSet: null

16-10-2024T09:19:17 - [TEST_STEP][PASSED] - if (compare == fileOtpuskVSet): null

16-10-2024T09:19:17 - [TEST_STEP][PASSED] - else if (compare > fileOtpuskVSet): null

16-10-2024T09:19:17 - [TEST_STEP][PASSED] - compare = compare - 1: null

16-10-2024T09:19:17 - [TEST_STEP][PASSED] - if (compare == fileOtpuskVSet): null

16-10-2024T09:19:17 - [TEST_STEP][PASSED] - else: null

16-10-2024T09:19:17 - [TEST_STEP][PASSED] - numberOfErrors = numberOfErrors + 1: null

16-10-2024T09:19:17 - [TEST_STEP][PASSED] - pageInt = pageOtpuskVSet: null

16-10-2024T09:19:17 - [TEST_STEP][PASSED] - fileInt = fileOtpuskVSet: null

16-10-2024T09:19:17 - [TEST_STEP][PASSED] - typeOfData = typeOfDataMain + " Отпуск в сеть": null

16-10-2024T09:19:17 - [TEST_STEP][PASSED] - Script1718980020443.WriteToExcel(a, typeOfData, todaysDate, pageInt, fileInt, pageDouble, fileDouble, dZO): null

16-10-2024T09:19:17 - [TEST_STEP][PASSED] - sheetName = "Sheet1": null

16-10-2024T09:19:17 - [TEST_STEP][PASSED] - data = findTestData("PlanFact"): null

16-10-2024T09:19:17 - [TEST_STEP][PASSED] - n = data.getRowNumbers() + 1: null

16-10-2024T09:19:17 - [TEST_STEP][PASSED] - year = todaysDate.substring(todaysDate.length() - 4, todaysDate.length()): null

16-10-2024T09:19:17 - [TEST_STEP][PASSED] - y = year.toInteger(): null

16-10-2024T09:19:17 - [TEST_STEP][PASSED] - m = getText(findTestObject("Выполнение бизнес-плана/Период")): Text of object 'Object Repository/Выполнение бизнес-плана/Период' is: '1, 2 кв., Июль, Август 2024 года'

16-10-2024T09:19:17 - [MESSAGE][PASSED] - Text of object 'Object Repository/Выполнение бизнес-плана/Период' is: '1, 2 кв., Июль, Август 2024 года'

16-10-2024T09:19:17 - [TEST_STEP][PASSED] - m = m.substring(0, m.indexOf("2024")): null

16-10-2024T09:19:17 - [TEST_STEP][PASSED] - m = m.trim(): null

16-10-2024T09:19:17 - [TEST_STEP][PASSED] - dashboardName = "Выполнение бизнес-плана": null

16-10-2024T09:19:17 - [TEST_STEP][PASSED] - workbook01 = getWorkbook(excelFilePath): null

16-10-2024T09:19:17 - [TEST_STEP][PASSED] - sheet01 = getExcelSheet(workbook01, sheetName): null

16-10-2024T09:19:17 - [TEST_STEP][PASSED] - setValueToCellByIndex(sheet01, n, 0, dashboardName): null

16-10-2024T09:19:17 - [TEST_STEP][PASSED] - setValueToCellByIndex(sheet01, n, 1, dZO): null

16-10-2024T09:19:17 - [TEST_STEP][PASSED] - setValueToCellByIndex(sheet01, n, 2, typeOfData): null

16-10-2024T09:19:17 - [TEST_STEP][PASSED] - if (typeOfData == "Факт в процентах" || typeOfData == "План в процентах"): null

16-10-2024T09:19:17 - [TEST_STEP][PASSED] - else: null

16-10-2024T09:19:17 - [TEST_STEP][PASSED] - setValueToCellByIndex(sheet01, n, 3, fileInt): null

16-10-2024T09:19:17 - [TEST_STEP][PASSED] - setValueToCellByIndex(sheet01, n, 4, pageInt): null

16-10-2024T09:19:17 - [TEST_STEP][PASSED] - setValueToCellByIndex(sheet01, n, 5, m): null

16-10-2024T09:19:17 - [TEST_STEP][PASSED] - setValueToCellByIndex(sheet01, n, 6, y): null

16-10-2024T09:19:17 - [TEST_STEP][PASSED] - setValueToCellByIndex(sheet01, n, 7, todaysDate): null

16-10-2024T09:19:17 - [TEST_STEP][PASSED] - n = n + 1: null

16-10-2024T09:19:17 - [TEST_STEP][PASSED] - saveWorkbook(excelFilePath, workbook01): null

16-10-2024T09:19:17 - [TEST_STEP][PASSED] - compare = pagePoteri: null

16-10-2024T09:19:17 - [TEST_STEP][PASSED] - if (compare == filePoteri): null

16-10-2024T09:19:17 - [TEST_STEP][PASSED] - else if (compare > filePoteri): null

16-10-2024T09:19:17 - [TEST_STEP][PASSED] - compare = compare - 1: null

16-10-2024T09:19:17 - [TEST_STEP][PASSED] - if (compare == filePoteri): null

16-10-2024T09:19:17 - [TEST_STEP][PASSED] - else: null

16-10-2024T09:19:17 - [TEST_STEP][PASSED] - numberOfErrors = numberOfErrors + 1: null

16-10-2024T09:19:17 - [TEST_STEP][PASSED] - pageInt = pagePoteri: null

16-10-2024T09:19:17 - [TEST_STEP][PASSED] - fileInt = filePoteri: null

16-10-2024T09:19:17 - [TEST_STEP][PASSED] - typeOfData = typeOfDataMain + " Потери": null

16-10-2024T09:19:17 - [TEST_STEP][PASSED] - Script1718980020443.WriteToExcel(a, typeOfData, todaysDate, pageInt, fileInt, pageDouble, fileDouble, dZO): null

16-10-2024T09:19:17 - [TEST_STEP][PASSED] - sheetName = "Sheet1": null

16-10-2024T09:19:17 - [TEST_STEP][PASSED] - data = findTestData("PlanFact"): null

16-10-2024T09:19:17 - [TEST_STEP][PASSED] - n = data.getRowNumbers() + 1: null

16-10-2024T09:19:17 - [TEST_STEP][PASSED] - year = todaysDate.substring(todaysDate.length() - 4, todaysDate.length()): null

16-10-2024T09:19:17 - [TEST_STEP][PASSED] - y = year.toInteger(): null

16-10-2024T09:19:17 - [TEST_STEP][PASSED] - m = getText(findTestObject("Выполнение бизнес-плана/Период")): Text of object 'Object Repository/Выполнение бизнес-плана/Период' is: '1, 2 кв., Июль, Август 2024 года'

16-10-2024T09:19:18 - [MESSAGE][PASSED] - Text of object 'Object Repository/Выполнение бизнес-плана/Период' is: '1, 2 кв., Июль, Август 2024 года'

16-10-2024T09:19:18 - [TEST_STEP][PASSED] - m = m.substring(0, m.indexOf("2024")): null

16-10-2024T09:19:18 - [TEST_STEP][PASSED] - m = m.trim(): null

16-10-2024T09:19:18 - [TEST_STEP][PASSED] - dashboardName = "Выполнение бизнес-плана": null

16-10-2024T09:19:18 - [TEST_STEP][PASSED] - workbook01 = getWorkbook(excelFilePath): null

16-10-2024T09:19:18 - [TEST_STEP][PASSED] - sheet01 = getExcelSheet(workbook01, sheetName): null

16-10-2024T09:19:18 - [TEST_STEP][PASSED] - setValueToCellByIndex(sheet01, n, 0, dashboardName): null

16-10-2024T09:19:18 - [TEST_STEP][PASSED] - setValueToCellByIndex(sheet01, n, 1, dZO): null

16-10-2024T09:19:18 - [TEST_STEP][PASSED] - setValueToCellByIndex(sheet01, n, 2, typeOfData): null

16-10-2024T09:19:18 - [TEST_STEP][PASSED] - if (typeOfData == "Факт в процентах" || typeOfData == "План в процентах"): null

16-10-2024T09:19:18 - [TEST_STEP][PASSED] - else: null

16-10-2024T09:19:18 - [TEST_STEP][PASSED] - setValueToCellByIndex(sheet01, n, 3, fileInt): null

16-10-2024T09:19:18 - [TEST_STEP][PASSED] - setValueToCellByIndex(sheet01, n, 4, pageInt): null

16-10-2024T09:19:18 - [TEST_STEP][PASSED] - setValueToCellByIndex(sheet01, n, 5, m): null

16-10-2024T09:19:18 - [TEST_STEP][PASSED] - setValueToCellByIndex(sheet01, n, 6, y): null

16-10-2024T09:19:18 - [TEST_STEP][PASSED] - setValueToCellByIndex(sheet01, n, 7, todaysDate): null

16-10-2024T09:19:18 - [TEST_STEP][PASSED] - n = n + 1: null

16-10-2024T09:19:18 - [TEST_STEP][PASSED] - saveWorkbook(excelFilePath, workbook01): null

16-10-2024T09:19:18 - [TEST_STEP][PASSED] - if (planFact == 2): null

16-10-2024T09:19:18 - [TEST_STEP][PASSED] - if (planFact == 1): null

16-10-2024T09:19:18 - [TEST_STEP][PASSED] - else if (planFact == 2): null

16-10-2024T09:19:18 - [TEST_STEP][PASSED] - click(findTestObject("Выполнение бизнес-плана/Кнопка План")): Object: 'Object Repository/Выполнение бизнес-плана/Кнопка План' is clicked on

16-10-2024T09:19:18 - [MESSAGE][PASSED] - Object: 'Object Repository/Выполнение бизнес-плана/Кнопка План' is clicked on

16-10-2024T09:19:18 - [TEST_STEP][PASSED] - typeOfDataMain = "План": null

16-10-2024T09:19:18 - [TEST_STEP][PASSED] - otpusk = findTestData("PlanFact").getValue(2, a): null

16-10-2024T09:19:18 - [TEST_STEP][PASSED] - poteri = findTestData("PlanFact").getValue(3, a): null

16-10-2024T09:19:18 - [TEST_STEP][PASSED] - otpusk = otpusk.replaceAll("\s+", ""): null

16-10-2024T09:19:18 - [TEST_STEP][PASSED] - poteri = poteri.replaceAll("\s+", ""): null

16-10-2024T09:19:18 - [TEST_STEP][PASSED] - typeOfData = typeOfDataMain + " Отпуск в сеть": null

16-10-2024T09:19:18 - [TEST_STEP][PASSED] - if (a == 82): null

16-10-2024T09:19:18 - [TEST_STEP][PASSED] - else if (a == 84): null

16-10-2024T09:19:18 - [TEST_STEP][PASSED] - else if (a == 52 || a == 72 || a == 28 || a == 73 || a == 77 || a == 74 || a == 65 || a == 36 || a == 44 || a == 53 || a == 80 || a == 54 || a == 1 || a == 18 || a == 59 || a == 81): null

16-10-2024T09:19:18 - [TEST_STEP][PASSED] - else: null

16-10-2024T09:19:18 - [TEST_STEP][PASSED] - path = dataFolder + typeOfData + " за отчётный период " + b: null

16-10-2024T09:19:18 - [TEST_STEP][PASSED] - println(path): null

16-10-2024T09:19:18 - [TEST_STEP][PASSED] - page = getText(findTestObject(path)): Text of object 'Object Repository/Выполнение бизнес-плана/Значения со страницы Выполнение бизнес-плана/План Отпуск в сеть за отчётный период Орелэнерго' is: '1 560 048'

16-10-2024T09:19:19 - [MESSAGE][PASSED] - Text of object 'Object Repository/Выполнение бизнес-плана/Значения со страницы Выполнение бизнес-плана/План Отпуск в сеть за отчётный период Орелэнерго' is: '1 560 048'

16-10-2024T09:19:19 - [TEST_STEP][PASSED] - page = page.replaceAll("\s+", ""): null

16-10-2024T09:19:19 - [TEST_STEP][PASSED] - fileOtpuskVSet = otpusk.toInteger(): null

16-10-2024T09:19:19 - [TEST_STEP][PASSED] - pageOtpuskVSet = page.toInteger(): null

16-10-2024T09:19:19 - [TEST_STEP][PASSED] - typeOfData = typeOfDataMain + " Потери": null

16-10-2024T09:19:19 - [TEST_STEP][PASSED] - if (a == 82): null

16-10-2024T09:19:19 - [TEST_STEP][PASSED] - else if (a == 84): null

16-10-2024T09:19:19 - [TEST_STEP][PASSED] - else if (a == 52 || a == 72 || a == 28 || a == 73 || a == 77 || a == 74 || a == 65 || a == 36 || a == 44 || a == 53 || a == 80 || a == 54 || a == 1 || a == 18 || a == 59 || a == 81): null

16-10-2024T09:19:19 - [TEST_STEP][PASSED] - else: null

16-10-2024T09:19:19 - [TEST_STEP][PASSED] - path = dataFolder + typeOfData + " за отчётный период " + b: null

16-10-2024T09:19:19 - [TEST_STEP][PASSED] - page = getText(findTestObject(path)): Text of object 'Object Repository/Выполнение бизнес-плана/Значения со страницы Выполнение бизнес-плана/План Потери за отчётный период Орелэнерго' is: '142 616'

16-10-2024T09:19:19 - [MESSAGE][PASSED] - Text of object 'Object Repository/Выполнение бизнес-плана/Значения со страницы Выполнение бизнес-плана/План Потери за отчётный период Орелэнерго' is: '142 616'

16-10-2024T09:19:19 - [TEST_STEP][PASSED] - page = page.replaceAll("\s+", ""): null

16-10-2024T09:19:19 - [TEST_STEP][PASSED] - filePoteri = poteri.toInteger(): null

16-10-2024T09:19:19 - [TEST_STEP][PASSED] - pagePoteri = page.toInteger(): null

16-10-2024T09:19:19 - [TEST_STEP][PASSED] - compare = pageOtpuskVSet: null

16-10-2024T09:19:19 - [TEST_STEP][PASSED] - if (compare == fileOtpuskVSet): null

16-10-2024T09:19:19 - [TEST_STEP][PASSED] - else if (compare > fileOtpuskVSet): null

16-10-2024T09:19:19 - [TEST_STEP][PASSED] - compare = compare - 1: null

16-10-2024T09:19:19 - [TEST_STEP][PASSED] - if (compare == fileOtpuskVSet): null

16-10-2024T09:19:19 - [TEST_STEP][PASSED] - else: null

16-10-2024T09:19:19 - [TEST_STEP][PASSED] - numberOfErrors = numberOfErrors + 1: null

16-10-2024T09:19:19 - [TEST_STEP][PASSED] - pageInt = pageOtpuskVSet: null

16-10-2024T09:19:19 - [TEST_STEP][PASSED] - fileInt = fileOtpuskVSet: null

16-10-2024T09:19:19 - [TEST_STEP][PASSED] - typeOfData = typeOfDataMain + " Отпуск в сеть": null

16-10-2024T09:19:19 - [TEST_STEP][PASSED] - Script1718980020443.WriteToExcel(a, typeOfData, todaysDate, pageInt, fileInt, pageDouble, fileDouble, dZO): null

16-10-2024T09:19:19 - [TEST_STEP][PASSED] - sheetName = "Sheet1": null

16-10-2024T09:19:19 - [TEST_STEP][PASSED] - data = findTestData("PlanFact"): null

16-10-2024T09:19:19 - [TEST_STEP][PASSED] - n = data.getRowNumbers() + 1: null

16-10-2024T09:19:19 - [TEST_STEP][PASSED] - year = todaysDate.substring(todaysDate.length() - 4, todaysDate.length()): null

16-10-2024T09:19:19 - [TEST_STEP][PASSED] - y = year.toInteger(): null

16-10-2024T09:19:19 - [TEST_STEP][PASSED] - m = getText(findTestObject("Выполнение бизнес-плана/Период")): Text of object 'Object Repository/Выполнение бизнес-плана/Период' is: '1, 2 кв., Июль, Август 2024 года'

16-10-2024T09:19:19 - [MESSAGE][PASSED] - Text of object 'Object Repository/Выполнение бизнес-плана/Период' is: '1, 2 кв., Июль, Август 2024 года'

16-10-2024T09:19:19 - [TEST_STEP][PASSED] - m = m.substring(0, m.indexOf("2024")): null

16-10-2024T09:19:19 - [TEST_STEP][PASSED] - m = m.trim(): null

16-10-2024T09:19:19 - [TEST_STEP][PASSED] - dashboardName = "Выполнение бизнес-плана": null

16-10-2024T09:19:19 - [TEST_STEP][PASSED] - workbook01 = getWorkbook(excelFilePath): null

16-10-2024T09:19:20 - [TEST_STEP][PASSED] - sheet01 = getExcelSheet(workbook01, sheetName): null

16-10-2024T09:19:20 - [TEST_STEP][PASSED] - setValueToCellByIndex(sheet01, n, 0, dashboardName): null

16-10-2024T09:19:20 - [TEST_STEP][PASSED] - setValueToCellByIndex(sheet01, n, 1, dZO): null

16-10-2024T09:19:20 - [TEST_STEP][PASSED] - setValueToCellByIndex(sheet01, n, 2, typeOfData): null

16-10-2024T09:19:20 - [TEST_STEP][PASSED] - if (typeOfData == "Факт в процентах" || typeOfData == "План в процентах"): null

16-10-2024T09:19:20 - [TEST_STEP][PASSED] - else: null

16-10-2024T09:19:20 - [TEST_STEP][PASSED] - setValueToCellByIndex(sheet01, n, 3, fileInt): null

16-10-2024T09:19:20 - [TEST_STEP][PASSED] - setValueToCellByIndex(sheet01, n, 4, pageInt): null

16-10-2024T09:19:20 - [TEST_STEP][PASSED] - setValueToCellByIndex(sheet01, n, 5, m): null

16-10-2024T09:19:20 - [TEST_STEP][PASSED] - setValueToCellByIndex(sheet01, n, 6, y): null

16-10-2024T09:19:20 - [TEST_STEP][PASSED] - setValueToCellByIndex(sheet01, n, 7, todaysDate): null

16-10-2024T09:19:20 - [TEST_STEP][PASSED] - n = n + 1: null

16-10-2024T09:19:20 - [TEST_STEP][PASSED] - saveWorkbook(excelFilePath, workbook01): null

16-10-2024T09:19:20 - [TEST_STEP][PASSED] - compare = pagePoteri: null

16-10-2024T09:19:20 - [TEST_STEP][PASSED] - if (compare == filePoteri): null

16-10-2024T09:19:20 - [TEST_STEP][PASSED] - else if (compare > filePoteri): null

16-10-2024T09:19:20 - [TEST_STEP][PASSED] - compare = compare - 1: null

16-10-2024T09:19:20 - [TEST_STEP][PASSED] - if (compare == filePoteri): null

16-10-2024T09:19:20 - [TEST_STEP][PASSED] - else: null

16-10-2024T09:19:20 - [TEST_STEP][PASSED] - numberOfErrors = numberOfErrors + 1: null

16-10-2024T09:19:20 - [TEST_STEP][PASSED] - pageInt = pagePoteri: null

16-10-2024T09:19:20 - [TEST_STEP][PASSED] - fileInt = filePoteri: null

16-10-2024T09:19:20 - [TEST_STEP][PASSED] - typeOfData = typeOfDataMain + " Потери": null

16-10-2024T09:19:20 - [TEST_STEP][PASSED] - Script1718980020443.WriteToExcel(a, typeOfData, todaysDate, pageInt, fileInt, pageDouble, fileDouble, dZO): null

16-10-2024T09:19:20 - [TEST_STEP][PASSED] - sheetName = "Sheet1": null

16-10-2024T09:19:20 - [TEST_STEP][PASSED] - data = findTestData("PlanFact"): null

16-10-2024T09:19:20 - [TEST_STEP][PASSED] - n = data.getRowNumbers() + 1: null

16-10-2024T09:19:20 - [TEST_STEP][PASSED] - year = todaysDate.substring(todaysDate.length() - 4, todaysDate.length()): null

16-10-2024T09:19:20 - [TEST_STEP][PASSED] - y = year.toInteger(): null

16-10-2024T09:19:20 - [TEST_STEP][PASSED] - m = getText(findTestObject("Выполнение бизнес-плана/Период")): Text of object 'Object Repository/Выполнение бизнес-плана/Период' is: '1, 2 кв., Июль, Август 2024 года'

16-10-2024T09:19:20 - [MESSAGE][PASSED] - Text of object 'Object Repository/Выполнение бизнес-плана/Период' is: '1, 2 кв., Июль, Август 2024 года'

16-10-2024T09:19:20 - [TEST_STEP][PASSED] - m = m.substring(0, m.indexOf("2024")): null

16-10-2024T09:19:20 - [TEST_STEP][PASSED] - m = m.trim(): null

16-10-2024T09:19:20 - [TEST_STEP][PASSED] - dashboardName = "Выполнение бизнес-плана": null

16-10-2024T09:19:20 - [TEST_STEP][PASSED] - workbook01 = getWorkbook(excelFilePath): null

16-10-2024T09:19:20 - [TEST_STEP][PASSED] - sheet01 = getExcelSheet(workbook01, sheetName): null

16-10-2024T09:19:20 - [TEST_STEP][PASSED] - setValueToCellByIndex(sheet01, n, 0, dashboardName): null

16-10-2024T09:19:20 - [TEST_STEP][PASSED] - setValueToCellByIndex(sheet01, n, 1, dZO): null

16-10-2024T09:19:20 - [TEST_STEP][PASSED] - setValueToCellByIndex(sheet01, n, 2, typeOfData): null

16-10-2024T09:19:20 - [TEST_STEP][PASSED] - if (typeOfData == "Факт в процентах" || typeOfData == "План в процентах"): null

16-10-2024T09:19:20 - [TEST_STEP][PASSED] - else: null

16-10-2024T09:19:20 - [TEST_STEP][PASSED] - setValueToCellByIndex(sheet01, n, 3, fileInt): null

16-10-2024T09:19:20 - [TEST_STEP][PASSED] - setValueToCellByIndex(sheet01, n, 4, pageInt): null

16-10-2024T09:19:20 - [TEST_STEP][PASSED] - setValueToCellByIndex(sheet01, n, 5, m): null

16-10-2024T09:19:20 - [TEST_STEP][PASSED] - setValueToCellByIndex(sheet01, n, 6, y): null

16-10-2024T09:19:20 - [TEST_STEP][PASSED] - setValueToCellByIndex(sheet01, n, 7, todaysDate): null

16-10-2024T09:19:20 - [TEST_STEP][PASSED] - n = n + 1: null

16-10-2024T09:19:20 - [TEST_STEP][PASSED] - saveWorkbook(excelFilePath, workbook01): Object: 'Object Repository/Выполнение бизнес-плана/Кнопка Факт' is clicked on

16-10-2024T09:19:20 - [TEST_STEP][PASSED] - if (planFact == 2): Object: 'Object Repository/Выполнение бизнес-плана/Кнопка Факт' is clicked on

16-10-2024T09:19:20 - [TEST_STEP][PASSED] - click(findTestObject("Выполнение бизнес-плана/Кнопка Факт")): Object: 'Object Repository/Выполнение бизнес-плана/Кнопка Факт' is clicked on

16-10-2024T09:19:21 - [MESSAGE][PASSED] - Object: 'Object Repository/Выполнение бизнес-плана/Кнопка Факт' is clicked on

16-10-2024T09:19:21 - [TEST_STEP][PASSED] - if (a == 84 || a == 82): null

16-10-2024T09:19:21 - [TEST_STEP][PASSED] - else if (a == 52 || a == 72 || a == 28 || a == 73 || a == 77 || a == 74 || a == 65 || a == 36 || a == 44 || a == 53 || a == 80 || a == 54 || a == 1 || a == 18 || a == 59 || a == 81): null

16-10-2024T09:19:21 - [TEST_STEP][PASSED] - else: null

16-10-2024T09:19:21 - [TEST_STEP][PASSED] - page1 = getText(findTestObject("Object Repository/Выполнение бизнес-плана/spanPlan" + filialNum)): Text of object 'Object Repository/Выполнение бизнес-плана/spanPlan11' is: '9.14
|'

16-10-2024T09:19:21 - [MESSAGE][PASSED] - Text of object 'Object Repository/Выполнение бизнес-плана/spanPlan11' is: '9.14
|'

16-10-2024T09:19:21 - [TEST_STEP][PASSED] - page1 = page1.replace("|", ""): null

16-10-2024T09:19:21 - [TEST_STEP][PASSED] - page2 = getText(findTestObject("Object Repository/Выполнение бизнес-плана/spanFact" + filialNum)): Text of object 'Object Repository/Выполнение бизнес-плана/spanFact11' is: '8.84
|'

16-10-2024T09:19:21 - [MESSAGE][PASSED] - Text of object 'Object Repository/Выполнение бизнес-плана/spanFact11' is: '8.84
|'

16-10-2024T09:19:21 - [TEST_STEP][PASSED] - page2 = page2.replace("|", ""): null

16-10-2024T09:19:21 - [TEST_STEP][PASSED] - println("page1: " + page1): null

16-10-2024T09:19:21 - [TEST_STEP][PASSED] - println("page2: " + page2): null

16-10-2024T09:19:21 - [TEST_STEP][PASSED] - file = findTestData("PlanFact").getValue(4, a): null

16-10-2024T09:19:21 - [TEST_STEP][PASSED] - file = file.replace(",", "."): null

16-10-2024T09:19:21 - [TEST_STEP][PASSED] - println("file Plan: " + file): null

16-10-2024T09:19:21 - [TEST_STEP][PASSED] - typeOfData = "План в процентах": null

16-10-2024T09:19:21 - [TEST_STEP][PASSED] - fileDouble = file.toDouble(): null

16-10-2024T09:19:21 - [TEST_STEP][PASSED] - pageDouble = page1.toDouble(): null

16-10-2024T09:19:21 - [TEST_STEP][PASSED] - if (fileDouble != pageDouble): null

16-10-2024T09:19:21 - [TEST_STEP][PASSED] - numberOfErrors = numberOfErrors + 1: null

16-10-2024T09:19:21 - [TEST_STEP][PASSED] - Script1718980020443.WriteToExcel(a, typeOfData, todaysDate, pageInt, fileInt, pageDouble, fileDouble, dZO): null

16-10-2024T09:19:21 - [TEST_STEP][PASSED] - sheetName = "Sheet1": null

16-10-2024T09:19:21 - [TEST_STEP][PASSED] - data = findTestData("PlanFact"): null

16-10-2024T09:19:21 - [TEST_STEP][PASSED] - n = data.getRowNumbers() + 1: null

16-10-2024T09:19:21 - [TEST_STEP][PASSED] - year = todaysDate.substring(todaysDate.length() - 4, todaysDate.length()): null

16-10-2024T09:19:21 - [TEST_STEP][PASSED] - y = year.toInteger(): null

16-10-2024T09:19:21 - [TEST_STEP][PASSED] - m = getText(findTestObject("Выполнение бизнес-плана/Период")): Text of object 'Object Repository/Выполнение бизнес-плана/Период' is: '1, 2 кв., Июль, Август 2024 года'

16-10-2024T09:19:22 - [MESSAGE][PASSED] - Text of object 'Object Repository/Выполнение бизнес-плана/Период' is: '1, 2 кв., Июль, Август 2024 года'

16-10-2024T09:19:22 - [TEST_STEP][PASSED] - m = m.substring(0, m.indexOf("2024")): null

16-10-2024T09:19:22 - [TEST_STEP][PASSED] - m = m.trim(): null

16-10-2024T09:19:22 - [TEST_STEP][PASSED] - dashboardName = "Выполнение бизнес-плана": null

16-10-2024T09:19:22 - [TEST_STEP][PASSED] - workbook01 = getWorkbook(excelFilePath): null

16-10-2024T09:19:22 - [TEST_STEP][PASSED] - sheet01 = getExcelSheet(workbook01, sheetName): null

16-10-2024T09:19:22 - [TEST_STEP][PASSED] - setValueToCellByIndex(sheet01, n, 0, dashboardName): null

16-10-2024T09:19:22 - [TEST_STEP][PASSED] - setValueToCellByIndex(sheet01, n, 1, dZO): null

16-10-2024T09:19:22 - [TEST_STEP][PASSED] - setValueToCellByIndex(sheet01, n, 2, typeOfData): null

16-10-2024T09:19:22 - [TEST_STEP][PASSED] - if (typeOfData == "Факт в процентах" || typeOfData == "План в процентах"): null

16-10-2024T09:19:22 - [TEST_STEP][PASSED] - setValueToCellByIndex(sheet01, n, 3, fileDouble): null

16-10-2024T09:19:22 - [TEST_STEP][PASSED] - setValueToCellByIndex(sheet01, n, 4, pageDouble): null

16-10-2024T09:19:22 - [TEST_STEP][PASSED] - setValueToCellByIndex(sheet01, n, 5, m): null

16-10-2024T09:19:22 - [TEST_STEP][PASSED] - setValueToCellByIndex(sheet01, n, 6, y): null

16-10-2024T09:19:22 - [TEST_STEP][PASSED] - setValueToCellByIndex(sheet01, n, 7, todaysDate): null

16-10-2024T09:19:22 - [TEST_STEP][PASSED] - n = n + 1: null

16-10-2024T09:19:22 - [TEST_STEP][PASSED] - saveWorkbook(excelFilePath, workbook01): null

16-10-2024T09:19:22 - [TEST_STEP][PASSED] - file = findTestData("PlanFact").getValue(7, a): null

16-10-2024T09:19:22 - [TEST_STEP][PASSED] - file = file.replace(",", "."): null

16-10-2024T09:19:22 - [TEST_STEP][PASSED] - println("file Fact: " + file): null

16-10-2024T09:19:22 - [TEST_STEP][PASSED] - fileDouble = file.toDouble(): null

16-10-2024T09:19:22 - [TEST_STEP][PASSED] - typeOfData = "Факт в процентах": null

16-10-2024T09:19:22 - [TEST_STEP][PASSED] - fileDouble = file.toDouble(): null

16-10-2024T09:19:22 - [TEST_STEP][PASSED] - pageDouble = page2.toDouble(): null

16-10-2024T09:19:22 - [TEST_STEP][PASSED] - if (fileDouble != pageDouble): null

16-10-2024T09:19:22 - [TEST_STEP][PASSED] - numberOfErrors = numberOfErrors + 1: null

16-10-2024T09:19:22 - [TEST_STEP][PASSED] - Script1718980020443.WriteToExcel(a, typeOfData, todaysDate, pageInt, fileInt, pageDouble, fileDouble, dZO): null

16-10-2024T09:19:22 - [TEST_STEP][PASSED] - sheetName = "Sheet1": null

16-10-2024T09:19:22 - [TEST_STEP][PASSED] - data = findTestData("PlanFact"): null

16-10-2024T09:19:22 - [TEST_STEP][PASSED] - n = data.getRowNumbers() + 1: null

16-10-2024T09:19:22 - [TEST_STEP][PASSED] - year = todaysDate.substring(todaysDate.length() - 4, todaysDate.length()): null

16-10-2024T09:19:22 - [TEST_STEP][PASSED] - y = year.toInteger(): null

16-10-2024T09:19:22 - [TEST_STEP][PASSED] - m = getText(findTestObject("Выполнение бизнес-плана/Период")): Text of object 'Object Repository/Выполнение бизнес-плана/Период' is: '1, 2 кв., Июль, Август 2024 года'

16-10-2024T09:19:23 - [MESSAGE][PASSED] - Text of object 'Object Repository/Выполнение бизнес-плана/Период' is: '1, 2 кв., Июль, Август 2024 года'

16-10-2024T09:19:23 - [TEST_STEP][PASSED] - m = m.substring(0, m.indexOf("2024")): null

16-10-2024T09:19:23 - [TEST_STEP][PASSED] - m = m.trim(): null

16-10-2024T09:19:23 - [TEST_STEP][PASSED] - dashboardName = "Выполнение бизнес-плана": null

16-10-2024T09:19:23 - [TEST_STEP][PASSED] - workbook01 = getWorkbook(excelFilePath): null

16-10-2024T09:19:23 - [TEST_STEP][PASSED] - sheet01 = getExcelSheet(workbook01, sheetName): null

16-10-2024T09:19:23 - [TEST_STEP][PASSED] - setValueToCellByIndex(sheet01, n, 0, dashboardName): null

16-10-2024T09:19:23 - [TEST_STEP][PASSED] - setValueToCellByIndex(sheet01, n, 1, dZO): null

16-10-2024T09:19:23 - [TEST_STEP][PASSED] - setValueToCellByIndex(sheet01, n, 2, typeOfData): null

16-10-2024T09:19:23 - [TEST_STEP][PASSED] - if (typeOfData == "Факт в процентах" || typeOfData == "План в процентах"): null

16-10-2024T09:19:23 - [TEST_STEP][PASSED] - setValueToCellByIndex(sheet01, n, 3, fileDouble): null

16-10-2024T09:19:23 - [TEST_STEP][PASSED] - setValueToCellByIndex(sheet01, n, 4, pageDouble): null

16-10-2024T09:19:23 - [TEST_STEP][PASSED] - setValueToCellByIndex(sheet01, n, 5, m): null

16-10-2024T09:19:23 - [TEST_STEP][PASSED] - setValueToCellByIndex(sheet01, n, 6, y): null

16-10-2024T09:19:23 - [TEST_STEP][PASSED] - setValueToCellByIndex(sheet01, n, 7, todaysDate): null

16-10-2024T09:19:23 - [TEST_STEP][PASSED] - n = n + 1: null

16-10-2024T09:19:23 - [TEST_STEP][PASSED] - saveWorkbook(excelFilePath, workbook01): null

16-10-2024T09:19:23 - [TEST_STEP][FAILED] - if (verifyEqual(numberOfErrors, 0) == false): null

16-10-2024T09:19:23 - [MESSAGE][FAILED] - Unable to verify equal between actual object '6' and expected object '0' (Root cause: com.kms.katalon.core.exception.StepFailedException: Actual object '6' and expected object '0' are not equal
	at com.kms.katalon.core.keyword.builtin.VerifyEqualKeyword$_verifyEqual_closure1.doCall(VerifyEqualKeyword.groovy:58)
	at com.kms.katalon.core.keyword.builtin.VerifyEqualKeyword$_verifyEqual_closure1.call(VerifyEqualKeyword.groovy)
	at com.kms.katalon.core.keyword.internal.KeywordMain.runKeyword(KeywordMain.groovy:75)
	at com.kms.katalon.core.keyword.builtin.VerifyEqualKeyword.verifyEqual(VerifyEqualKeyword.groovy:63)
	at com.kms.katalon.core.keyword.builtin.VerifyEqualKeyword.execute(VerifyEqualKeyword.groovy:44)
	at com.kms.katalon.core.keyword.internal.KeywordExecutor.executeKeywordForPlatform(KeywordExecutor.groovy:74)
	at com.kms.katalon.core.keyword.BuiltinKeywords.verifyEqual(BuiltinKeywords.groovy:146)
	at jdk.internal.reflect.GeneratedMethodAccessor25.invoke(Unknown Source)
	at java.base/jdk.internal.reflect.DelegatingMethodAccessorImpl.invoke(DelegatingMethodAccessorImpl.java:43)
	at Выполнение бизнес-плана Сверка ПАО Россети все филиалы.Numbers(Выполнение бизнес-плана Сверка ПАО Россети все филиалы:749)
	at Выполнение бизнес-плана Сверка ПАО Россети все филиалы.Filials(Выполнение бизнес-плана Сверка ПАО Россети все филиалы:1286)
	at Выполнение бизнес-плана Сверка ПАО Россети все филиалы.Numbers(Выполнение бизнес-плана Сверка ПАО Россети все филиалы:754)
	at Выполнение бизнес-плана Сверка ПАО Россети все филиалы.run(Выполнение бизнес-плана Сверка ПАО Россети все филиалы:397)
	at com.kms.katalon.core.main.ScriptEngine.run(ScriptEngine.java:194)
	at com.kms.katalon.core.main.ScriptEngine.runScriptAsRawText(ScriptEngine.java:119)
	at com.kms.katalon.core.main.TestCaseExecutor.runScript(TestCaseExecutor.java:448)
	at com.kms.katalon.core.main.TestCaseExecutor.doExecute(TestCaseExecutor.java:439)
	at com.kms.katalon.core.main.TestCaseExecutor.processExecutionPhase(TestCaseExecutor.java:418)
	at com.kms.katalon.core.main.TestCaseExecutor.accessMainPhase(TestCaseExecutor.java:410)
	at com.kms.katalon.core.main.TestCaseExecutor.execute(TestCaseExecutor.java:285)
	at com.kms.katalon.core.common.CommonExecutor.accessTestCaseMainPhase(CommonExecutor.java:65)
	at com.kms.katalon.core.main.TestSuiteExecutor.accessTestSuiteMainPhase(TestSuiteExecutor.java:150)
	at com.kms.katalon.core.main.TestSuiteExecutor.execute(TestSuiteExecutor.java:106)
	at com.kms.katalon.core.main.TestCaseMain.startTestSuite(TestCaseMain.java:180)
	at TempTestSuite1729057289574.run(TempTestSuite1729057289574.groovy:35)
	at java.base/jdk.internal.reflect.NativeMethodAccessorImpl.invoke0(Native Method)
	at java.base/jdk.internal.reflect.NativeMethodAccessorImpl.invoke(NativeMethodAccessorImpl.java:77)
	at java.base/jdk.internal.reflect.DelegatingMethodAccessorImpl.invoke(DelegatingMethodAccessorImpl.java:43)
)

16-10-2024T09:19:23 - [TEST_STEP][PASSED] - println(numberOfErrors): null

16-10-2024T09:19:23 - [TEST_STEP][PASSED] - if (a == 28 || a == 77 || a == 74 || a == 65 || a == 36 || a == 44 || a == 54 || a == 1 || a == 18 || a == 59): null

16-10-2024T09:19:23 - [TEST_STEP][PASSED] - if (a == 82): null

16-10-2024T09:19:23 - [TEST_STEP][PASSED] - dZO = "Смоленскэнерго": null

16-10-2024T09:19:23 - [TEST_STEP][PASSED] - a = 9: null

16-10-2024T09:19:23 - [TEST_STEP][PASSED] - if (x2.contains(dZO)): null

16-10-2024T09:19:23 - [TEST_STEP][PASSED] - filialNum = filialNum + 1: null

16-10-2024T09:19:23 - [TEST_STEP][PASSED] - Script1718980020443.Numbers(a, typeOfData, todaysDate, pageInt, fileInt, pageDouble, fileDouble, dZO, dzoNum, filialNum): null

16-10-2024T09:19:23 - [TEST_STEP][PASSED] - println(dzoNum): null

16-10-2024T09:19:23 - [TEST_STEP][PASSED] - planFact = <not implemented yet for class: org.codehaus.groovy.ast.expr.EmptyExpression>: null

16-10-2024T09:19:23 - [TEST_STEP][PASSED] - page = <not implemented yet for class: org.codehaus.groovy.ast.expr.EmptyExpression>: null

16-10-2024T09:19:23 - [TEST_STEP][PASSED] - page1 = <not implemented yet for class: org.codehaus.groovy.ast.expr.EmptyExpression>: null

16-10-2024T09:19:23 - [TEST_STEP][PASSED] - page2 = <not implemented yet for class: org.codehaus.groovy.ast.expr.EmptyExpression>: null

16-10-2024T09:19:23 - [TEST_STEP][PASSED] - filialNumberInRow = <not implemented yet for class: org.codehaus.groovy.ast.expr.EmptyExpression>: null

16-10-2024T09:19:23 - [TEST_STEP][PASSED] - filialsDzoNames = <not implemented yet for class: org.codehaus.groovy.ast.expr.EmptyExpression>: null

16-10-2024T09:19:23 - [TEST_STEP][PASSED] - numberOfFilials = <not implemented yet for class: org.codehaus.groovy.ast.expr.EmptyExpression>: null

16-10-2024T09:19:23 - [TEST_STEP][PASSED] - numberOfSpaces = <not implemented yet for class: org.codehaus.groovy.ast.expr.EmptyExpression>: null

16-10-2024T09:19:23 - [TEST_STEP][PASSED] - file = <not implemented yet for class: org.codehaus.groovy.ast.expr.EmptyExpression>: null

16-10-2024T09:19:23 - [TEST_STEP][PASSED] - otpusk = <not implemented yet for class: org.codehaus.groovy.ast.expr.EmptyExpression>: null

16-10-2024T09:19:23 - [TEST_STEP][PASSED] - poteri = <not implemented yet for class: org.codehaus.groovy.ast.expr.EmptyExpression>: null

16-10-2024T09:19:23 - [TEST_STEP][PASSED] - dataFolder = "Выполнение бизнес-плана/Значения со страницы Выполнение бизнес-плана/": null

16-10-2024T09:19:23 - [TEST_STEP][PASSED] - path = <not implemented yet for class: org.codehaus.groovy.ast.expr.EmptyExpression>: null

16-10-2024T09:19:23 - [TEST_STEP][PASSED] - typeOfDataMain = <not implemented yet for class: org.codehaus.groovy.ast.expr.EmptyExpression>: null

16-10-2024T09:19:23 - [TEST_STEP][PASSED] - fileOtpuskVSet = <not implemented yet for class: org.codehaus.groovy.ast.expr.EmptyExpression>: null

16-10-2024T09:19:23 - [TEST_STEP][PASSED] - pageOtpuskVSet = <not implemented yet for class: org.codehaus.groovy.ast.expr.EmptyExpression>: null

16-10-2024T09:19:23 - [TEST_STEP][PASSED] - filePoteri = <not implemented yet for class: org.codehaus.groovy.ast.expr.EmptyExpression>: null

16-10-2024T09:19:23 - [TEST_STEP][PASSED] - pagePoteri = <not implemented yet for class: org.codehaus.groovy.ast.expr.EmptyExpression>: null

16-10-2024T09:19:23 - [TEST_STEP][PASSED] - compare = <not implemented yet for class: org.codehaus.groovy.ast.expr.EmptyExpression>: null

16-10-2024T09:19:23 - [TEST_STEP][PASSED] - b = <not implemented yet for class: org.codehaus.groovy.ast.expr.EmptyExpression>: null

16-10-2024T09:19:23 - [TEST_STEP][PASSED] - i = <not implemented yet for class: org.codehaus.groovy.ast.expr.EmptyExpression>: null

16-10-2024T09:19:23 - [TEST_STEP][PASSED] - ii = <not implemented yet for class: org.codehaus.groovy.ast.expr.EmptyExpression>: null

16-10-2024T09:19:23 - [TEST_STEP][PASSED] - c = <not implemented yet for class: org.codehaus.groovy.ast.expr.EmptyExpression>: null

16-10-2024T09:19:23 - [TEST_STEP][PASSED] - numberOfErrors = 0: null

16-10-2024T09:19:23 - [TEST_STEP][PASSED] - if (a == 82): null

16-10-2024T09:19:23 - [TEST_STEP][PASSED] - b = findTestData("PlanFact").getValue(1, a): null

16-10-2024T09:19:23 - [TEST_STEP][PASSED] - i = b.indexOf(" (ГК)"): null

16-10-2024T09:19:23 - [TEST_STEP][PASSED] - if (i > -1): null

16-10-2024T09:19:23 - [TEST_STEP][PASSED] - i = b.indexOf("О ""): null

16-10-2024T09:19:23 - [TEST_STEP][PASSED] - if (i > -1): null

16-10-2024T09:19:23 - [TEST_STEP][PASSED] - i = b.indexOf("О «"): null

16-10-2024T09:19:23 - [TEST_STEP][PASSED] - if (i > -1): null

16-10-2024T09:19:23 - [TEST_STEP][PASSED] - i = b.indexOf("г. "): null

16-10-2024T09:19:23 - [TEST_STEP][PASSED] - if (i > -1): null

16-10-2024T09:19:23 - [TEST_STEP][PASSED] - println(b): null

16-10-2024T09:19:23 - [TEST_STEP][PASSED] - for ([planFact = 1, planFact < 3, (planFact++)]): null

16-10-2024T09:19:23 - [TEST_STEP][PASSED] - if (planFact == 1): null

16-10-2024T09:19:23 - [TEST_STEP][PASSED] - typeOfDataMain = "Факт": null

16-10-2024T09:19:23 - [TEST_STEP][PASSED] - otpusk = findTestData("PlanFact").getValue(5, a): null

16-10-2024T09:19:23 - [TEST_STEP][PASSED] - poteri = findTestData("PlanFact").getValue(6, a): null

16-10-2024T09:19:23 - [TEST_STEP][PASSED] - otpusk = otpusk.replaceAll("\s+", ""): null

16-10-2024T09:19:23 - [TEST_STEP][PASSED] - poteri = poteri.replaceAll("\s+", ""): null

16-10-2024T09:19:23 - [TEST_STEP][PASSED] - typeOfData = typeOfDataMain + " Отпуск в сеть": null

16-10-2024T09:19:23 - [TEST_STEP][PASSED] - if (a == 82): null

16-10-2024T09:19:23 - [TEST_STEP][PASSED] - else if (a == 84): null

16-10-2024T09:19:23 - [TEST_STEP][PASSED] - else if (a == 52 || a == 72 || a == 28 || a == 73 || a == 77 || a == 74 || a == 65 || a == 36 || a == 44 || a == 53 || a == 80 || a == 54 || a == 1 || a == 18 || a == 59 || a == 81): null

16-10-2024T09:19:23 - [TEST_STEP][PASSED] - else: null

16-10-2024T09:19:23 - [TEST_STEP][PASSED] - path = dataFolder + typeOfData + " за отчётный период " + b: null

16-10-2024T09:19:23 - [TEST_STEP][PASSED] - println(path): null

16-10-2024T09:19:23 - [TEST_STEP][PASSED] - page = getText(findTestObject(path)): Text of object 'Object Repository/Выполнение бизнес-плана/Значения со страницы Выполнение бизнес-плана/Факт Отпуск в сеть за отчётный период Смоленскэнерго' is: '2 602 383'

16-10-2024T09:19:23 - [MESSAGE][PASSED] - Text of object 'Object Repository/Выполнение бизнес-плана/Значения со страницы Выполнение бизнес-плана/Факт Отпуск в сеть за отчётный период Смоленскэнерго' is: '2 602 383'

16-10-2024T09:19:23 - [TEST_STEP][PASSED] - page = page.replaceAll("\s+", ""): null

16-10-2024T09:19:23 - [TEST_STEP][PASSED] - fileOtpuskVSet = otpusk.toInteger(): null

16-10-2024T09:19:23 - [TEST_STEP][PASSED] - pageOtpuskVSet = page.toInteger(): null

16-10-2024T09:19:23 - [TEST_STEP][PASSED] - typeOfData = typeOfDataMain + " Потери": null

16-10-2024T09:19:23 - [TEST_STEP][PASSED] - if (a == 82): null

16-10-2024T09:19:23 - [TEST_STEP][PASSED] - else if (a == 84): null

16-10-2024T09:19:23 - [TEST_STEP][PASSED] - else if (a == 52 || a == 72 || a == 28 || a == 73 || a == 77 || a == 74 || a == 65 || a == 36 || a == 44 || a == 53 || a == 80 || a == 54 || a == 1 || a == 18 || a == 59 || a == 81): null

16-10-2024T09:19:23 - [TEST_STEP][PASSED] - else: null

16-10-2024T09:19:23 - [TEST_STEP][PASSED] - path = dataFolder + typeOfData + " за отчётный период " + b: null

16-10-2024T09:19:23 - [TEST_STEP][PASSED] - page = getText(findTestObject(path)): Text of object 'Object Repository/Выполнение бизнес-плана/Значения со страницы Выполнение бизнес-плана/Факт Потери за отчётный период Смоленскэнерго' is: '312 665'

16-10-2024T09:19:24 - [MESSAGE][PASSED] - Text of object 'Object Repository/Выполнение бизнес-плана/Значения со страницы Выполнение бизнес-плана/Факт Потери за отчётный период Смоленскэнерго' is: '312 665'

16-10-2024T09:19:24 - [TEST_STEP][PASSED] - page = page.replaceAll("\s+", ""): null

16-10-2024T09:19:24 - [TEST_STEP][PASSED] - filePoteri = poteri.toInteger(): null

16-10-2024T09:19:24 - [TEST_STEP][PASSED] - pagePoteri = page.toInteger(): null

16-10-2024T09:19:24 - [TEST_STEP][PASSED] - compare = pageOtpuskVSet: null

16-10-2024T09:19:24 - [TEST_STEP][PASSED] - if (compare == fileOtpuskVSet): null

16-10-2024T09:19:24 - [TEST_STEP][PASSED] - else if (compare > fileOtpuskVSet): null

16-10-2024T09:19:24 - [TEST_STEP][PASSED] - compare = compare - 1: null

16-10-2024T09:19:24 - [TEST_STEP][PASSED] - if (compare == fileOtpuskVSet): null

16-10-2024T09:19:24 - [TEST_STEP][PASSED] - else: null

16-10-2024T09:19:24 - [TEST_STEP][PASSED] - numberOfErrors = numberOfErrors + 1: null

16-10-2024T09:19:24 - [TEST_STEP][PASSED] - pageInt = pageOtpuskVSet: null

16-10-2024T09:19:24 - [TEST_STEP][PASSED] - fileInt = fileOtpuskVSet: null

16-10-2024T09:19:24 - [TEST_STEP][PASSED] - typeOfData = typeOfDataMain + " Отпуск в сеть": null

16-10-2024T09:19:24 - [TEST_STEP][PASSED] - Script1718980020443.WriteToExcel(a, typeOfData, todaysDate, pageInt, fileInt, pageDouble, fileDouble, dZO): null

16-10-2024T09:19:24 - [TEST_STEP][PASSED] - sheetName = "Sheet1": null

16-10-2024T09:19:24 - [TEST_STEP][PASSED] - data = findTestData("PlanFact"): null

16-10-2024T09:19:24 - [TEST_STEP][PASSED] - n = data.getRowNumbers() + 1: null

16-10-2024T09:19:24 - [TEST_STEP][PASSED] - year = todaysDate.substring(todaysDate.length() - 4, todaysDate.length()): null

16-10-2024T09:19:24 - [TEST_STEP][PASSED] - y = year.toInteger(): null

16-10-2024T09:19:24 - [TEST_STEP][PASSED] - m = getText(findTestObject("Выполнение бизнес-плана/Период")): Text of object 'Object Repository/Выполнение бизнес-плана/Период' is: '1, 2 кв., Июль, Август 2024 года'

16-10-2024T09:19:24 - [MESSAGE][PASSED] - Text of object 'Object Repository/Выполнение бизнес-плана/Период' is: '1, 2 кв., Июль, Август 2024 года'

16-10-2024T09:19:24 - [TEST_STEP][PASSED] - m = m.substring(0, m.indexOf("2024")): null

16-10-2024T09:19:24 - [TEST_STEP][PASSED] - m = m.trim(): null

16-10-2024T09:19:24 - [TEST_STEP][PASSED] - dashboardName = "Выполнение бизнес-плана": null

16-10-2024T09:19:24 - [TEST_STEP][PASSED] - workbook01 = getWorkbook(excelFilePath): null

16-10-2024T09:19:24 - [TEST_STEP][PASSED] - sheet01 = getExcelSheet(workbook01, sheetName): null

16-10-2024T09:19:24 - [TEST_STEP][PASSED] - setValueToCellByIndex(sheet01, n, 0, dashboardName): null

16-10-2024T09:19:24 - [TEST_STEP][PASSED] - setValueToCellByIndex(sheet01, n, 1, dZO): null

16-10-2024T09:19:24 - [TEST_STEP][PASSED] - setValueToCellByIndex(sheet01, n, 2, typeOfData): null

16-10-2024T09:19:24 - [TEST_STEP][PASSED] - if (typeOfData == "Факт в процентах" || typeOfData == "План в процентах"): null

16-10-2024T09:19:24 - [TEST_STEP][PASSED] - else: null

16-10-2024T09:19:24 - [TEST_STEP][PASSED] - setValueToCellByIndex(sheet01, n, 3, fileInt): null

16-10-2024T09:19:24 - [TEST_STEP][PASSED] - setValueToCellByIndex(sheet01, n, 4, pageInt): null

16-10-2024T09:19:24 - [TEST_STEP][PASSED] - setValueToCellByIndex(sheet01, n, 5, m): null

16-10-2024T09:19:24 - [TEST_STEP][PASSED] - setValueToCellByIndex(sheet01, n, 6, y): null

16-10-2024T09:19:24 - [TEST_STEP][PASSED] - setValueToCellByIndex(sheet01, n, 7, todaysDate): null

16-10-2024T09:19:24 - [TEST_STEP][PASSED] - n = n + 1: null

16-10-2024T09:19:24 - [TEST_STEP][PASSED] - saveWorkbook(excelFilePath, workbook01): null

16-10-2024T09:19:24 - [TEST_STEP][PASSED] - compare = pagePoteri: null

16-10-2024T09:19:24 - [TEST_STEP][PASSED] - if (compare == filePoteri): null

16-10-2024T09:19:24 - [TEST_STEP][PASSED] - else if (compare > filePoteri): null

16-10-2024T09:19:24 - [TEST_STEP][PASSED] - compare = compare - 1: null

16-10-2024T09:19:24 - [TEST_STEP][PASSED] - if (compare == filePoteri): null

16-10-2024T09:19:24 - [TEST_STEP][PASSED] - else: null

16-10-2024T09:19:24 - [TEST_STEP][PASSED] - numberOfErrors = numberOfErrors + 1: null

16-10-2024T09:19:24 - [TEST_STEP][PASSED] - pageInt = pagePoteri: null

16-10-2024T09:19:24 - [TEST_STEP][PASSED] - fileInt = filePoteri: null

16-10-2024T09:19:24 - [TEST_STEP][PASSED] - typeOfData = typeOfDataMain + " Потери": null

16-10-2024T09:19:24 - [TEST_STEP][PASSED] - Script1718980020443.WriteToExcel(a, typeOfData, todaysDate, pageInt, fileInt, pageDouble, fileDouble, dZO): null

16-10-2024T09:19:24 - [TEST_STEP][PASSED] - sheetName = "Sheet1": null

16-10-2024T09:19:24 - [TEST_STEP][PASSED] - data = findTestData("PlanFact"): null

16-10-2024T09:19:25 - [TEST_STEP][PASSED] - n = data.getRowNumbers() + 1: null

16-10-2024T09:19:25 - [TEST_STEP][PASSED] - year = todaysDate.substring(todaysDate.length() - 4, todaysDate.length()): null

16-10-2024T09:19:25 - [TEST_STEP][PASSED] - y = year.toInteger(): null

16-10-2024T09:19:25 - [TEST_STEP][PASSED] - m = getText(findTestObject("Выполнение бизнес-плана/Период")): Text of object 'Object Repository/Выполнение бизнес-плана/Период' is: '1, 2 кв., Июль, Август 2024 года'

16-10-2024T09:19:25 - [MESSAGE][PASSED] - Text of object 'Object Repository/Выполнение бизнес-плана/Период' is: '1, 2 кв., Июль, Август 2024 года'

16-10-2024T09:19:25 - [TEST_STEP][PASSED] - m = m.substring(0, m.indexOf("2024")): null

16-10-2024T09:19:25 - [TEST_STEP][PASSED] - m = m.trim(): null

16-10-2024T09:19:25 - [TEST_STEP][PASSED] - dashboardName = "Выполнение бизнес-плана": null

16-10-2024T09:19:25 - [TEST_STEP][PASSED] - workbook01 = getWorkbook(excelFilePath): null

16-10-2024T09:19:25 - [TEST_STEP][PASSED] - sheet01 = getExcelSheet(workbook01, sheetName): null

16-10-2024T09:19:25 - [TEST_STEP][PASSED] - setValueToCellByIndex(sheet01, n, 0, dashboardName): null

16-10-2024T09:19:25 - [TEST_STEP][PASSED] - setValueToCellByIndex(sheet01, n, 1, dZO): null

16-10-2024T09:19:25 - [TEST_STEP][PASSED] - setValueToCellByIndex(sheet01, n, 2, typeOfData): null

16-10-2024T09:19:25 - [TEST_STEP][PASSED] - if (typeOfData == "Факт в процентах" || typeOfData == "План в процентах"): null

16-10-2024T09:19:25 - [TEST_STEP][PASSED] - else: null

16-10-2024T09:19:25 - [TEST_STEP][PASSED] - setValueToCellByIndex(sheet01, n, 3, fileInt): null

16-10-2024T09:19:25 - [TEST_STEP][PASSED] - setValueToCellByIndex(sheet01, n, 4, pageInt): null

16-10-2024T09:19:25 - [TEST_STEP][PASSED] - setValueToCellByIndex(sheet01, n, 5, m): null

16-10-2024T09:19:25 - [TEST_STEP][PASSED] - setValueToCellByIndex(sheet01, n, 6, y): null

16-10-2024T09:19:25 - [TEST_STEP][PASSED] - setValueToCellByIndex(sheet01, n, 7, todaysDate): null

16-10-2024T09:19:25 - [TEST_STEP][PASSED] - n = n + 1: null

16-10-2024T09:19:25 - [TEST_STEP][PASSED] - saveWorkbook(excelFilePath, workbook01): null

16-10-2024T09:19:25 - [TEST_STEP][PASSED] - if (planFact == 2): null

16-10-2024T09:19:25 - [TEST_STEP][PASSED] - if (planFact == 1): null

16-10-2024T09:19:25 - [TEST_STEP][PASSED] - else if (planFact == 2): null

16-10-2024T09:19:25 - [TEST_STEP][PASSED] - click(findTestObject("Выполнение бизнес-плана/Кнопка План")): Object: 'Object Repository/Выполнение бизнес-плана/Кнопка План' is clicked on

16-10-2024T09:19:25 - [MESSAGE][PASSED] - Object: 'Object Repository/Выполнение бизнес-плана/Кнопка План' is clicked on

16-10-2024T09:19:25 - [TEST_STEP][PASSED] - typeOfDataMain = "План": null

16-10-2024T09:19:25 - [TEST_STEP][PASSED] - otpusk = findTestData("PlanFact").getValue(2, a): null

16-10-2024T09:19:26 - [TEST_STEP][PASSED] - poteri = findTestData("PlanFact").getValue(3, a): null

16-10-2024T09:19:26 - [TEST_STEP][PASSED] - otpusk = otpusk.replaceAll("\s+", ""): null

16-10-2024T09:19:26 - [TEST_STEP][PASSED] - poteri = poteri.replaceAll("\s+", ""): null

16-10-2024T09:19:26 - [TEST_STEP][PASSED] - typeOfData = typeOfDataMain + " Отпуск в сеть": null

16-10-2024T09:19:26 - [TEST_STEP][PASSED] - if (a == 82): null

16-10-2024T09:19:26 - [TEST_STEP][PASSED] - else if (a == 84): null

16-10-2024T09:19:26 - [TEST_STEP][PASSED] - else if (a == 52 || a == 72 || a == 28 || a == 73 || a == 77 || a == 74 || a == 65 || a == 36 || a == 44 || a == 53 || a == 80 || a == 54 || a == 1 || a == 18 || a == 59 || a == 81): null

16-10-2024T09:19:26 - [TEST_STEP][PASSED] - else: null

16-10-2024T09:19:26 - [TEST_STEP][PASSED] - path = dataFolder + typeOfData + " за отчётный период " + b: null

16-10-2024T09:19:26 - [TEST_STEP][PASSED] - println(path): null

16-10-2024T09:19:26 - [TEST_STEP][PASSED] - page = getText(findTestObject(path)): Text of object 'Object Repository/Выполнение бизнес-плана/Значения со страницы Выполнение бизнес-плана/План Отпуск в сеть за отчётный период Смоленскэнерго' is: '2 561 196'

16-10-2024T09:19:26 - [MESSAGE][PASSED] - Text of object 'Object Repository/Выполнение бизнес-плана/Значения со страницы Выполнение бизнес-плана/План Отпуск в сеть за отчётный период Смоленскэнерго' is: '2 561 196'

16-10-2024T09:19:26 - [TEST_STEP][PASSED] - page = page.replaceAll("\s+", ""): null

16-10-2024T09:19:26 - [TEST_STEP][PASSED] - fileOtpuskVSet = otpusk.toInteger(): null

16-10-2024T09:19:26 - [TEST_STEP][PASSED] - pageOtpuskVSet = page.toInteger(): null

16-10-2024T09:19:26 - [TEST_STEP][PASSED] - typeOfData = typeOfDataMain + " Потери": null

16-10-2024T09:19:26 - [TEST_STEP][PASSED] - if (a == 82): null

16-10-2024T09:19:26 - [TEST_STEP][PASSED] - else if (a == 84): null

16-10-2024T09:19:26 - [TEST_STEP][PASSED] - else if (a == 52 || a == 72 || a == 28 || a == 73 || a == 77 || a == 74 || a == 65 || a == 36 || a == 44 || a == 53 || a == 80 || a == 54 || a == 1 || a == 18 || a == 59 || a == 81): null

16-10-2024T09:19:26 - [TEST_STEP][PASSED] - else: null

16-10-2024T09:19:26 - [TEST_STEP][PASSED] - path = dataFolder + typeOfData + " за отчётный период " + b: null

16-10-2024T09:19:26 - [TEST_STEP][PASSED] - page = getText(findTestObject(path)): Text of object 'Object Repository/Выполнение бизнес-плана/Значения со страницы Выполнение бизнес-плана/План Потери за отчётный период Смоленскэнерго' is: '306 736'

16-10-2024T09:19:26 - [MESSAGE][PASSED] - Text of object 'Object Repository/Выполнение бизнес-плана/Значения со страницы Выполнение бизнес-плана/План Потери за отчётный период Смоленскэнерго' is: '306 736'

16-10-2024T09:19:26 - [TEST_STEP][PASSED] - page = page.replaceAll("\s+", ""): null

16-10-2024T09:19:26 - [TEST_STEP][PASSED] - filePoteri = poteri.toInteger(): null

16-10-2024T09:19:26 - [TEST_STEP][PASSED] - pagePoteri = page.toInteger(): null

16-10-2024T09:19:26 - [TEST_STEP][PASSED] - compare = pageOtpuskVSet: null

16-10-2024T09:19:26 - [TEST_STEP][PASSED] - if (compare == fileOtpuskVSet): null

16-10-2024T09:19:26 - [TEST_STEP][PASSED] - else if (compare > fileOtpuskVSet): null

16-10-2024T09:19:26 - [TEST_STEP][PASSED] - compare = compare - 1: null

16-10-2024T09:19:26 - [TEST_STEP][PASSED] - if (compare == fileOtpuskVSet): null

16-10-2024T09:19:26 - [TEST_STEP][PASSED] - else: null

16-10-2024T09:19:26 - [TEST_STEP][PASSED] - numberOfErrors = numberOfErrors + 1: null

16-10-2024T09:19:26 - [TEST_STEP][PASSED] - pageInt = pageOtpuskVSet: null

16-10-2024T09:19:26 - [TEST_STEP][PASSED] - fileInt = fileOtpuskVSet: null

16-10-2024T09:19:26 - [TEST_STEP][PASSED] - typeOfData = typeOfDataMain + " Отпуск в сеть": null

16-10-2024T09:19:26 - [TEST_STEP][PASSED] - Script1718980020443.WriteToExcel(a, typeOfData, todaysDate, pageInt, fileInt, pageDouble, fileDouble, dZO): null

16-10-2024T09:19:26 - [TEST_STEP][PASSED] - sheetName = "Sheet1": null

16-10-2024T09:19:26 - [TEST_STEP][PASSED] - data = findTestData("PlanFact"): null

16-10-2024T09:19:26 - [TEST_STEP][PASSED] - n = data.getRowNumbers() + 1: null

16-10-2024T09:19:26 - [TEST_STEP][PASSED] - year = todaysDate.substring(todaysDate.length() - 4, todaysDate.length()): null

16-10-2024T09:19:26 - [TEST_STEP][PASSED] - y = year.toInteger(): null

16-10-2024T09:19:26 - [TEST_STEP][PASSED] - m = getText(findTestObject("Выполнение бизнес-плана/Период")): Text of object 'Object Repository/Выполнение бизнес-плана/Период' is: '1, 2 кв., Июль, Август 2024 года'

16-10-2024T09:19:27 - [MESSAGE][PASSED] - Text of object 'Object Repository/Выполнение бизнес-плана/Период' is: '1, 2 кв., Июль, Август 2024 года'

16-10-2024T09:19:27 - [TEST_STEP][PASSED] - m = m.substring(0, m.indexOf("2024")): null

16-10-2024T09:19:27 - [TEST_STEP][PASSED] - m = m.trim(): null

16-10-2024T09:19:27 - [TEST_STEP][PASSED] - dashboardName = "Выполнение бизнес-плана": null

16-10-2024T09:19:27 - [TEST_STEP][PASSED] - workbook01 = getWorkbook(excelFilePath): null

16-10-2024T09:19:27 - [TEST_STEP][PASSED] - sheet01 = getExcelSheet(workbook01, sheetName): null

16-10-2024T09:19:27 - [TEST_STEP][PASSED] - setValueToCellByIndex(sheet01, n, 0, dashboardName): null

16-10-2024T09:19:27 - [TEST_STEP][PASSED] - setValueToCellByIndex(sheet01, n, 1, dZO): null

16-10-2024T09:19:27 - [TEST_STEP][PASSED] - setValueToCellByIndex(sheet01, n, 2, typeOfData): null

16-10-2024T09:19:27 - [TEST_STEP][PASSED] - if (typeOfData == "Факт в процентах" || typeOfData == "План в процентах"): null

16-10-2024T09:19:27 - [TEST_STEP][PASSED] - else: null

16-10-2024T09:19:27 - [TEST_STEP][PASSED] - setValueToCellByIndex(sheet01, n, 3, fileInt): null

16-10-2024T09:19:27 - [TEST_STEP][PASSED] - setValueToCellByIndex(sheet01, n, 4, pageInt): null

16-10-2024T09:19:27 - [TEST_STEP][PASSED] - setValueToCellByIndex(sheet01, n, 5, m): null

16-10-2024T09:19:27 - [TEST_STEP][PASSED] - setValueToCellByIndex(sheet01, n, 6, y): null

16-10-2024T09:19:27 - [TEST_STEP][PASSED] - setValueToCellByIndex(sheet01, n, 7, todaysDate): null

16-10-2024T09:19:27 - [TEST_STEP][PASSED] - n = n + 1: null

16-10-2024T09:19:27 - [TEST_STEP][PASSED] - saveWorkbook(excelFilePath, workbook01): null

16-10-2024T09:19:27 - [TEST_STEP][PASSED] - compare = pagePoteri: null

16-10-2024T09:19:27 - [TEST_STEP][PASSED] - if (compare == filePoteri): null

16-10-2024T09:19:27 - [TEST_STEP][PASSED] - else if (compare > filePoteri): null

16-10-2024T09:19:27 - [TEST_STEP][PASSED] - compare = compare - 1: null

16-10-2024T09:19:27 - [TEST_STEP][PASSED] - if (compare == filePoteri): null

16-10-2024T09:19:27 - [TEST_STEP][PASSED] - else: null

16-10-2024T09:19:27 - [TEST_STEP][PASSED] - numberOfErrors = numberOfErrors + 1: null

16-10-2024T09:19:27 - [TEST_STEP][PASSED] - pageInt = pagePoteri: null

16-10-2024T09:19:27 - [TEST_STEP][PASSED] - fileInt = filePoteri: null

16-10-2024T09:19:27 - [TEST_STEP][PASSED] - typeOfData = typeOfDataMain + " Потери": null

16-10-2024T09:19:27 - [TEST_STEP][PASSED] - Script1718980020443.WriteToExcel(a, typeOfData, todaysDate, pageInt, fileInt, pageDouble, fileDouble, dZO): null

16-10-2024T09:19:27 - [TEST_STEP][PASSED] - sheetName = "Sheet1": null

16-10-2024T09:19:27 - [TEST_STEP][PASSED] - data = findTestData("PlanFact"): null

16-10-2024T09:19:27 - [TEST_STEP][PASSED] - n = data.getRowNumbers() + 1: null

16-10-2024T09:19:27 - [TEST_STEP][PASSED] - year = todaysDate.substring(todaysDate.length() - 4, todaysDate.length()): null

16-10-2024T09:19:27 - [TEST_STEP][PASSED] - y = year.toInteger(): null

16-10-2024T09:19:27 - [TEST_STEP][PASSED] - m = getText(findTestObject("Выполнение бизнес-плана/Период")): Text of object 'Object Repository/Выполнение бизнес-плана/Период' is: '1, 2 кв., Июль, Август 2024 года'

16-10-2024T09:19:27 - [MESSAGE][PASSED] - Text of object 'Object Repository/Выполнение бизнес-плана/Период' is: '1, 2 кв., Июль, Август 2024 года'

16-10-2024T09:19:27 - [TEST_STEP][PASSED] - m = m.substring(0, m.indexOf("2024")): null

16-10-2024T09:19:27 - [TEST_STEP][PASSED] - m = m.trim(): null

16-10-2024T09:19:27 - [TEST_STEP][PASSED] - dashboardName = "Выполнение бизнес-плана": null

16-10-2024T09:19:27 - [TEST_STEP][PASSED] - workbook01 = getWorkbook(excelFilePath): null

16-10-2024T09:19:27 - [TEST_STEP][PASSED] - sheet01 = getExcelSheet(workbook01, sheetName): null

16-10-2024T09:19:27 - [TEST_STEP][PASSED] - setValueToCellByIndex(sheet01, n, 0, dashboardName): null

16-10-2024T09:19:27 - [TEST_STEP][PASSED] - setValueToCellByIndex(sheet01, n, 1, dZO): null

16-10-2024T09:19:27 - [TEST_STEP][PASSED] - setValueToCellByIndex(sheet01, n, 2, typeOfData): null

16-10-2024T09:19:27 - [TEST_STEP][PASSED] - if (typeOfData == "Факт в процентах" || typeOfData == "План в процентах"): null

16-10-2024T09:19:27 - [TEST_STEP][PASSED] - else: null

16-10-2024T09:19:27 - [TEST_STEP][PASSED] - setValueToCellByIndex(sheet01, n, 3, fileInt): null

16-10-2024T09:19:27 - [TEST_STEP][PASSED] - setValueToCellByIndex(sheet01, n, 4, pageInt): null

16-10-2024T09:19:27 - [TEST_STEP][PASSED] - setValueToCellByIndex(sheet01, n, 5, m): null

16-10-2024T09:19:27 - [TEST_STEP][PASSED] - setValueToCellByIndex(sheet01, n, 6, y): null

16-10-2024T09:19:27 - [TEST_STEP][PASSED] - setValueToCellByIndex(sheet01, n, 7, todaysDate): null

16-10-2024T09:19:27 - [TEST_STEP][PASSED] - n = n + 1: null

16-10-2024T09:19:27 - [TEST_STEP][PASSED] - saveWorkbook(excelFilePath, workbook01): Object: 'Object Repository/Выполнение бизнес-плана/Кнопка Факт' is clicked on

16-10-2024T09:19:28 - [TEST_STEP][PASSED] - if (planFact == 2): Object: 'Object Repository/Выполнение бизнес-плана/Кнопка Факт' is clicked on

16-10-2024T09:19:28 - [TEST_STEP][PASSED] - click(findTestObject("Выполнение бизнес-плана/Кнопка Факт")): Object: 'Object Repository/Выполнение бизнес-плана/Кнопка Факт' is clicked on

16-10-2024T09:19:28 - [MESSAGE][PASSED] - Object: 'Object Repository/Выполнение бизнес-плана/Кнопка Факт' is clicked on

16-10-2024T09:19:28 - [TEST_STEP][PASSED] - if (a == 84 || a == 82): null

16-10-2024T09:19:28 - [TEST_STEP][PASSED] - else if (a == 52 || a == 72 || a == 28 || a == 73 || a == 77 || a == 74 || a == 65 || a == 36 || a == 44 || a == 53 || a == 80 || a == 54 || a == 1 || a == 18 || a == 59 || a == 81): null

16-10-2024T09:19:28 - [TEST_STEP][PASSED] - else: null

16-10-2024T09:19:28 - [TEST_STEP][PASSED] - page1 = getText(findTestObject("Object Repository/Выполнение бизнес-плана/spanPlan" + filialNum)): Text of object 'Object Repository/Выполнение бизнес-плана/spanPlan12' is: '11.98
|'

16-10-2024T09:19:28 - [MESSAGE][PASSED] - Text of object 'Object Repository/Выполнение бизнес-плана/spanPlan12' is: '11.98
|'

16-10-2024T09:19:28 - [TEST_STEP][PASSED] - page1 = page1.replace("|", ""): null

16-10-2024T09:19:28 - [TEST_STEP][PASSED] - page2 = getText(findTestObject("Object Repository/Выполнение бизнес-плана/spanFact" + filialNum)): Text of object 'Object Repository/Выполнение бизнес-плана/spanFact12' is: '12.01
|'

16-10-2024T09:19:28 - [MESSAGE][PASSED] - Text of object 'Object Repository/Выполнение бизнес-плана/spanFact12' is: '12.01
|'

16-10-2024T09:19:28 - [TEST_STEP][PASSED] - page2 = page2.replace("|", ""): null

16-10-2024T09:19:28 - [TEST_STEP][PASSED] - println("page1: " + page1): null

16-10-2024T09:19:28 - [TEST_STEP][PASSED] - println("page2: " + page2): null

16-10-2024T09:19:28 - [TEST_STEP][PASSED] - file = findTestData("PlanFact").getValue(4, a): null

16-10-2024T09:19:28 - [TEST_STEP][PASSED] - file = file.replace(",", "."): null

16-10-2024T09:19:28 - [TEST_STEP][PASSED] - println("file Plan: " + file): null

16-10-2024T09:19:28 - [TEST_STEP][PASSED] - typeOfData = "План в процентах": null

16-10-2024T09:19:28 - [TEST_STEP][PASSED] - fileDouble = file.toDouble(): null

16-10-2024T09:19:28 - [TEST_STEP][PASSED] - pageDouble = page1.toDouble(): null

16-10-2024T09:19:28 - [TEST_STEP][PASSED] - if (fileDouble != pageDouble): null

16-10-2024T09:19:28 - [TEST_STEP][PASSED] - numberOfErrors = numberOfErrors + 1: null

16-10-2024T09:19:28 - [TEST_STEP][PASSED] - Script1718980020443.WriteToExcel(a, typeOfData, todaysDate, pageInt, fileInt, pageDouble, fileDouble, dZO): null

16-10-2024T09:19:28 - [TEST_STEP][PASSED] - sheetName = "Sheet1": null

16-10-2024T09:19:28 - [TEST_STEP][PASSED] - data = findTestData("PlanFact"): null

16-10-2024T09:19:29 - [TEST_STEP][PASSED] - n = data.getRowNumbers() + 1: null

16-10-2024T09:19:29 - [TEST_STEP][PASSED] - year = todaysDate.substring(todaysDate.length() - 4, todaysDate.length()): null

16-10-2024T09:19:29 - [TEST_STEP][PASSED] - y = year.toInteger(): null

16-10-2024T09:19:29 - [TEST_STEP][PASSED] - m = getText(findTestObject("Выполнение бизнес-плана/Период")): Text of object 'Object Repository/Выполнение бизнес-плана/Период' is: '1, 2 кв., Июль, Август 2024 года'

16-10-2024T09:19:29 - [MESSAGE][PASSED] - Text of object 'Object Repository/Выполнение бизнес-плана/Период' is: '1, 2 кв., Июль, Август 2024 года'

16-10-2024T09:19:29 - [TEST_STEP][PASSED] - m = m.substring(0, m.indexOf("2024")): null

16-10-2024T09:19:29 - [TEST_STEP][PASSED] - m = m.trim(): null

16-10-2024T09:19:29 - [TEST_STEP][PASSED] - dashboardName = "Выполнение бизнес-плана": null

16-10-2024T09:19:29 - [TEST_STEP][PASSED] - workbook01 = getWorkbook(excelFilePath): null

16-10-2024T09:19:29 - [TEST_STEP][PASSED] - sheet01 = getExcelSheet(workbook01, sheetName): null

16-10-2024T09:19:29 - [TEST_STEP][PASSED] - setValueToCellByIndex(sheet01, n, 0, dashboardName): null

16-10-2024T09:19:29 - [TEST_STEP][PASSED] - setValueToCellByIndex(sheet01, n, 1, dZO): null

16-10-2024T09:19:29 - [TEST_STEP][PASSED] - setValueToCellByIndex(sheet01, n, 2, typeOfData): null

16-10-2024T09:19:29 - [TEST_STEP][PASSED] - if (typeOfData == "Факт в процентах" || typeOfData == "План в процентах"): null

16-10-2024T09:19:29 - [TEST_STEP][PASSED] - setValueToCellByIndex(sheet01, n, 3, fileDouble): null

16-10-2024T09:19:29 - [TEST_STEP][PASSED] - setValueToCellByIndex(sheet01, n, 4, pageDouble): null

16-10-2024T09:19:29 - [TEST_STEP][PASSED] - setValueToCellByIndex(sheet01, n, 5, m): null

16-10-2024T09:19:29 - [TEST_STEP][PASSED] - setValueToCellByIndex(sheet01, n, 6, y): null

16-10-2024T09:19:29 - [TEST_STEP][PASSED] - setValueToCellByIndex(sheet01, n, 7, todaysDate): null

16-10-2024T09:19:29 - [TEST_STEP][PASSED] - n = n + 1: null

16-10-2024T09:19:29 - [TEST_STEP][PASSED] - saveWorkbook(excelFilePath, workbook01): null

16-10-2024T09:19:29 - [TEST_STEP][PASSED] - file = findTestData("PlanFact").getValue(7, a): null

16-10-2024T09:19:29 - [TEST_STEP][PASSED] - file = file.replace(",", "."): null

16-10-2024T09:19:29 - [TEST_STEP][PASSED] - println("file Fact: " + file): null

16-10-2024T09:19:29 - [TEST_STEP][PASSED] - fileDouble = file.toDouble(): null

16-10-2024T09:19:29 - [TEST_STEP][PASSED] - typeOfData = "Факт в процентах": null

16-10-2024T09:19:29 - [TEST_STEP][PASSED] - fileDouble = file.toDouble(): null

16-10-2024T09:19:29 - [TEST_STEP][PASSED] - pageDouble = page2.toDouble(): null

16-10-2024T09:19:29 - [TEST_STEP][PASSED] - if (fileDouble != pageDouble): null

16-10-2024T09:19:29 - [TEST_STEP][PASSED] - numberOfErrors = numberOfErrors + 1: null

16-10-2024T09:19:29 - [TEST_STEP][PASSED] - Script1718980020443.WriteToExcel(a, typeOfData, todaysDate, pageInt, fileInt, pageDouble, fileDouble, dZO): null

16-10-2024T09:19:29 - [TEST_STEP][PASSED] - sheetName = "Sheet1": null

16-10-2024T09:19:29 - [TEST_STEP][PASSED] - data = findTestData("PlanFact"): null

16-10-2024T09:19:29 - [TEST_STEP][PASSED] - n = data.getRowNumbers() + 1: null

16-10-2024T09:19:29 - [TEST_STEP][PASSED] - year = todaysDate.substring(todaysDate.length() - 4, todaysDate.length()): null

16-10-2024T09:19:29 - [TEST_STEP][PASSED] - y = year.toInteger(): null

16-10-2024T09:19:29 - [TEST_STEP][PASSED] - m = getText(findTestObject("Выполнение бизнес-плана/Период")): Text of object 'Object Repository/Выполнение бизнес-плана/Период' is: '1, 2 кв., Июль, Август 2024 года'

16-10-2024T09:19:30 - [MESSAGE][PASSED] - Text of object 'Object Repository/Выполнение бизнес-плана/Период' is: '1, 2 кв., Июль, Август 2024 года'

16-10-2024T09:19:30 - [TEST_STEP][PASSED] - m = m.substring(0, m.indexOf("2024")): null

16-10-2024T09:19:30 - [TEST_STEP][PASSED] - m = m.trim(): null

16-10-2024T09:19:30 - [TEST_STEP][PASSED] - dashboardName = "Выполнение бизнес-плана": null

16-10-2024T09:19:30 - [TEST_STEP][PASSED] - workbook01 = getWorkbook(excelFilePath): null

16-10-2024T09:19:30 - [TEST_STEP][PASSED] - sheet01 = getExcelSheet(workbook01, sheetName): null

16-10-2024T09:19:30 - [TEST_STEP][PASSED] - setValueToCellByIndex(sheet01, n, 0, dashboardName): null

16-10-2024T09:19:30 - [TEST_STEP][PASSED] - setValueToCellByIndex(sheet01, n, 1, dZO): null

16-10-2024T09:19:30 - [TEST_STEP][PASSED] - setValueToCellByIndex(sheet01, n, 2, typeOfData): null

16-10-2024T09:19:30 - [TEST_STEP][PASSED] - if (typeOfData == "Факт в процентах" || typeOfData == "План в процентах"): null

16-10-2024T09:19:30 - [TEST_STEP][PASSED] - setValueToCellByIndex(sheet01, n, 3, fileDouble): null

16-10-2024T09:19:30 - [TEST_STEP][PASSED] - setValueToCellByIndex(sheet01, n, 4, pageDouble): null

16-10-2024T09:19:30 - [TEST_STEP][PASSED] - setValueToCellByIndex(sheet01, n, 5, m): null

16-10-2024T09:19:30 - [TEST_STEP][PASSED] - setValueToCellByIndex(sheet01, n, 6, y): null

16-10-2024T09:19:30 - [TEST_STEP][PASSED] - setValueToCellByIndex(sheet01, n, 7, todaysDate): null

16-10-2024T09:19:30 - [TEST_STEP][PASSED] - n = n + 1: null

16-10-2024T09:19:30 - [TEST_STEP][PASSED] - saveWorkbook(excelFilePath, workbook01): null

16-10-2024T09:19:30 - [TEST_STEP][FAILED] - if (verifyEqual(numberOfErrors, 0) == false): null

16-10-2024T09:19:30 - [MESSAGE][FAILED] - Unable to verify equal between actual object '6' and expected object '0' (Root cause: com.kms.katalon.core.exception.StepFailedException: Actual object '6' and expected object '0' are not equal
	at com.kms.katalon.core.keyword.builtin.VerifyEqualKeyword$_verifyEqual_closure1.doCall(VerifyEqualKeyword.groovy:58)
	at com.kms.katalon.core.keyword.builtin.VerifyEqualKeyword$_verifyEqual_closure1.call(VerifyEqualKeyword.groovy)
	at com.kms.katalon.core.keyword.internal.KeywordMain.runKeyword(KeywordMain.groovy:75)
	at com.kms.katalon.core.keyword.builtin.VerifyEqualKeyword.verifyEqual(VerifyEqualKeyword.groovy:63)
	at com.kms.katalon.core.keyword.builtin.VerifyEqualKeyword.execute(VerifyEqualKeyword.groovy:44)
	at com.kms.katalon.core.keyword.internal.KeywordExecutor.executeKeywordForPlatform(KeywordExecutor.groovy:74)
	at com.kms.katalon.core.keyword.BuiltinKeywords.verifyEqual(BuiltinKeywords.groovy:146)
	at jdk.internal.reflect.GeneratedMethodAccessor25.invoke(Unknown Source)
	at java.base/jdk.internal.reflect.DelegatingMethodAccessorImpl.invoke(DelegatingMethodAccessorImpl.java:43)
	at Выполнение бизнес-плана Сверка ПАО Россети все филиалы.Numbers(Выполнение бизнес-плана Сверка ПАО Россети все филиалы:749)
	at Выполнение бизнес-плана Сверка ПАО Россети все филиалы.Filials(Выполнение бизнес-плана Сверка ПАО Россети все филиалы:1298)
	at Выполнение бизнес-плана Сверка ПАО Россети все филиалы.Numbers(Выполнение бизнес-плана Сверка ПАО Россети все филиалы:754)
	at Выполнение бизнес-плана Сверка ПАО Россети все филиалы.run(Выполнение бизнес-плана Сверка ПАО Россети все филиалы:397)
	at com.kms.katalon.core.main.ScriptEngine.run(ScriptEngine.java:194)
	at com.kms.katalon.core.main.ScriptEngine.runScriptAsRawText(ScriptEngine.java:119)
	at com.kms.katalon.core.main.TestCaseExecutor.runScript(TestCaseExecutor.java:448)
	at com.kms.katalon.core.main.TestCaseExecutor.doExecute(TestCaseExecutor.java:439)
	at com.kms.katalon.core.main.TestCaseExecutor.processExecutionPhase(TestCaseExecutor.java:418)
	at com.kms.katalon.core.main.TestCaseExecutor.accessMainPhase(TestCaseExecutor.java:410)
	at com.kms.katalon.core.main.TestCaseExecutor.execute(TestCaseExecutor.java:285)
	at com.kms.katalon.core.common.CommonExecutor.accessTestCaseMainPhase(CommonExecutor.java:65)
	at com.kms.katalon.core.main.TestSuiteExecutor.accessTestSuiteMainPhase(TestSuiteExecutor.java:150)
	at com.kms.katalon.core.main.TestSuiteExecutor.execute(TestSuiteExecutor.java:106)
	at com.kms.katalon.core.main.TestCaseMain.startTestSuite(TestCaseMain.java:180)
	at TempTestSuite1729057289574.run(TempTestSuite1729057289574.groovy:35)
	at java.base/jdk.internal.reflect.NativeMethodAccessorImpl.invoke0(Native Method)
	at java.base/jdk.internal.reflect.NativeMethodAccessorImpl.invoke(NativeMethodAccessorImpl.java:77)
	at java.base/jdk.internal.reflect.DelegatingMethodAccessorImpl.invoke(DelegatingMethodAccessorImpl.java:43)
)

16-10-2024T09:19:30 - [TEST_STEP][PASSED] - println(numberOfErrors): null

16-10-2024T09:19:30 - [TEST_STEP][PASSED] - if (a == 28 || a == 77 || a == 74 || a == 65 || a == 36 || a == 44 || a == 54 || a == 1 || a == 18 || a == 59): null

16-10-2024T09:19:30 - [TEST_STEP][PASSED] - if (a == 82): null

16-10-2024T09:19:30 - [TEST_STEP][PASSED] - dZO = "Тамбовэнерго": null

16-10-2024T09:19:30 - [TEST_STEP][PASSED] - a = 10: null

16-10-2024T09:19:30 - [TEST_STEP][PASSED] - if (x2.contains(dZO)): null

16-10-2024T09:19:30 - [TEST_STEP][PASSED] - filialNum = filialNum + 1: null

16-10-2024T09:19:30 - [TEST_STEP][PASSED] - Script1718980020443.Numbers(a, typeOfData, todaysDate, pageInt, fileInt, pageDouble, fileDouble, dZO, dzoNum, filialNum): null

16-10-2024T09:19:30 - [TEST_STEP][PASSED] - println(dzoNum): null

16-10-2024T09:19:30 - [TEST_STEP][PASSED] - planFact = <not implemented yet for class: org.codehaus.groovy.ast.expr.EmptyExpression>: null

16-10-2024T09:19:30 - [TEST_STEP][PASSED] - page = <not implemented yet for class: org.codehaus.groovy.ast.expr.EmptyExpression>: null

16-10-2024T09:19:30 - [TEST_STEP][PASSED] - page1 = <not implemented yet for class: org.codehaus.groovy.ast.expr.EmptyExpression>: null

16-10-2024T09:19:30 - [TEST_STEP][PASSED] - page2 = <not implemented yet for class: org.codehaus.groovy.ast.expr.EmptyExpression>: null

16-10-2024T09:19:30 - [TEST_STEP][PASSED] - filialNumberInRow = <not implemented yet for class: org.codehaus.groovy.ast.expr.EmptyExpression>: null

16-10-2024T09:19:30 - [TEST_STEP][PASSED] - filialsDzoNames = <not implemented yet for class: org.codehaus.groovy.ast.expr.EmptyExpression>: null

16-10-2024T09:19:30 - [TEST_STEP][PASSED] - numberOfFilials = <not implemented yet for class: org.codehaus.groovy.ast.expr.EmptyExpression>: null

16-10-2024T09:19:30 - [TEST_STEP][PASSED] - numberOfSpaces = <not implemented yet for class: org.codehaus.groovy.ast.expr.EmptyExpression>: null

16-10-2024T09:19:30 - [TEST_STEP][PASSED] - file = <not implemented yet for class: org.codehaus.groovy.ast.expr.EmptyExpression>: null

16-10-2024T09:19:30 - [TEST_STEP][PASSED] - otpusk = <not implemented yet for class: org.codehaus.groovy.ast.expr.EmptyExpression>: null

16-10-2024T09:19:30 - [TEST_STEP][PASSED] - poteri = <not implemented yet for class: org.codehaus.groovy.ast.expr.EmptyExpression>: null

16-10-2024T09:19:30 - [TEST_STEP][PASSED] - dataFolder = "Выполнение бизнес-плана/Значения со страницы Выполнение бизнес-плана/": null

16-10-2024T09:19:30 - [TEST_STEP][PASSED] - path = <not implemented yet for class: org.codehaus.groovy.ast.expr.EmptyExpression>: null

16-10-2024T09:19:30 - [TEST_STEP][PASSED] - typeOfDataMain = <not implemented yet for class: org.codehaus.groovy.ast.expr.EmptyExpression>: null

16-10-2024T09:19:30 - [TEST_STEP][PASSED] - fileOtpuskVSet = <not implemented yet for class: org.codehaus.groovy.ast.expr.EmptyExpression>: null

16-10-2024T09:19:30 - [TEST_STEP][PASSED] - pageOtpuskVSet = <not implemented yet for class: org.codehaus.groovy.ast.expr.EmptyExpression>: null

16-10-2024T09:19:30 - [TEST_STEP][PASSED] - filePoteri = <not implemented yet for class: org.codehaus.groovy.ast.expr.EmptyExpression>: null

16-10-2024T09:19:30 - [TEST_STEP][PASSED] - pagePoteri = <not implemented yet for class: org.codehaus.groovy.ast.expr.EmptyExpression>: null

16-10-2024T09:19:30 - [TEST_STEP][PASSED] - compare = <not implemented yet for class: org.codehaus.groovy.ast.expr.EmptyExpression>: null

16-10-2024T09:19:30 - [TEST_STEP][PASSED] - b = <not implemented yet for class: org.codehaus.groovy.ast.expr.EmptyExpression>: null

16-10-2024T09:19:30 - [TEST_STEP][PASSED] - i = <not implemented yet for class: org.codehaus.groovy.ast.expr.EmptyExpression>: null

16-10-2024T09:19:30 - [TEST_STEP][PASSED] - ii = <not implemented yet for class: org.codehaus.groovy.ast.expr.EmptyExpression>: null

16-10-2024T09:19:30 - [TEST_STEP][PASSED] - c = <not implemented yet for class: org.codehaus.groovy.ast.expr.EmptyExpression>: null

16-10-2024T09:19:30 - [TEST_STEP][PASSED] - numberOfErrors = 0: null

16-10-2024T09:19:30 - [TEST_STEP][PASSED] - if (a == 82): null

16-10-2024T09:19:30 - [TEST_STEP][PASSED] - b = findTestData("PlanFact").getValue(1, a): null

16-10-2024T09:19:30 - [TEST_STEP][PASSED] - i = b.indexOf(" (ГК)"): null

16-10-2024T09:19:30 - [TEST_STEP][PASSED] - if (i > -1): null

16-10-2024T09:19:30 - [TEST_STEP][PASSED] - i = b.indexOf("О ""): null

16-10-2024T09:19:30 - [TEST_STEP][PASSED] - if (i > -1): null

16-10-2024T09:19:30 - [TEST_STEP][PASSED] - i = b.indexOf("О «"): null

16-10-2024T09:19:30 - [TEST_STEP][PASSED] - if (i > -1): null

16-10-2024T09:19:30 - [TEST_STEP][PASSED] - i = b.indexOf("г. "): null

16-10-2024T09:19:30 - [TEST_STEP][PASSED] - if (i > -1): null

16-10-2024T09:19:30 - [TEST_STEP][PASSED] - println(b): null

16-10-2024T09:19:30 - [TEST_STEP][PASSED] - for ([planFact = 1, planFact < 3, (planFact++)]): null

16-10-2024T09:19:30 - [TEST_STEP][PASSED] - if (planFact == 1): null

16-10-2024T09:19:30 - [TEST_STEP][PASSED] - typeOfDataMain = "Факт": null

16-10-2024T09:19:30 - [TEST_STEP][PASSED] - otpusk = findTestData("PlanFact").getValue(5, a): null

16-10-2024T09:19:30 - [TEST_STEP][PASSED] - poteri = findTestData("PlanFact").getValue(6, a): null

16-10-2024T09:19:30 - [TEST_STEP][PASSED] - otpusk = otpusk.replaceAll("\s+", ""): null

16-10-2024T09:19:30 - [TEST_STEP][PASSED] - poteri = poteri.replaceAll("\s+", ""): null

16-10-2024T09:19:30 - [TEST_STEP][PASSED] - typeOfData = typeOfDataMain + " Отпуск в сеть": null

16-10-2024T09:19:30 - [TEST_STEP][PASSED] - if (a == 82): null

16-10-2024T09:19:30 - [TEST_STEP][PASSED] - else if (a == 84): null

16-10-2024T09:19:30 - [TEST_STEP][PASSED] - else if (a == 52 || a == 72 || a == 28 || a == 73 || a == 77 || a == 74 || a == 65 || a == 36 || a == 44 || a == 53 || a == 80 || a == 54 || a == 1 || a == 18 || a == 59 || a == 81): null

16-10-2024T09:19:30 - [TEST_STEP][PASSED] - else: null

16-10-2024T09:19:30 - [TEST_STEP][PASSED] - path = dataFolder + typeOfData + " за отчётный период " + b: null

16-10-2024T09:19:30 - [TEST_STEP][PASSED] - println(path): null

16-10-2024T09:19:30 - [TEST_STEP][PASSED] - page = getText(findTestObject(path)): Text of object 'Object Repository/Выполнение бизнес-плана/Значения со страницы Выполнение бизнес-плана/Факт Отпуск в сеть за отчётный период Тамбовэнерго' is: '2 034 927'

16-10-2024T09:19:30 - [MESSAGE][PASSED] - Text of object 'Object Repository/Выполнение бизнес-плана/Значения со страницы Выполнение бизнес-плана/Факт Отпуск в сеть за отчётный период Тамбовэнерго' is: '2 034 927'

16-10-2024T09:19:30 - [TEST_STEP][PASSED] - page = page.replaceAll("\s+", ""): null

16-10-2024T09:19:30 - [TEST_STEP][PASSED] - fileOtpuskVSet = otpusk.toInteger(): null

16-10-2024T09:19:30 - [TEST_STEP][PASSED] - pageOtpuskVSet = page.toInteger(): null

16-10-2024T09:19:30 - [TEST_STEP][PASSED] - typeOfData = typeOfDataMain + " Потери": null

16-10-2024T09:19:30 - [TEST_STEP][PASSED] - if (a == 82): null

16-10-2024T09:19:30 - [TEST_STEP][PASSED] - else if (a == 84): null

16-10-2024T09:19:30 - [TEST_STEP][PASSED] - else if (a == 52 || a == 72 || a == 28 || a == 73 || a == 77 || a == 74 || a == 65 || a == 36 || a == 44 || a == 53 || a == 80 || a == 54 || a == 1 || a == 18 || a == 59 || a == 81): null

16-10-2024T09:19:30 - [TEST_STEP][PASSED] - else: null

16-10-2024T09:19:30 - [TEST_STEP][PASSED] - path = dataFolder + typeOfData + " за отчётный период " + b: null

16-10-2024T09:19:30 - [TEST_STEP][PASSED] - page = getText(findTestObject(path)): Text of object 'Object Repository/Выполнение бизнес-плана/Значения со страницы Выполнение бизнес-плана/Факт Потери за отчётный период Тамбовэнерго' is: '170 547'

16-10-2024T09:19:31 - [MESSAGE][PASSED] - Text of object 'Object Repository/Выполнение бизнес-плана/Значения со страницы Выполнение бизнес-плана/Факт Потери за отчётный период Тамбовэнерго' is: '170 547'

16-10-2024T09:19:31 - [TEST_STEP][PASSED] - page = page.replaceAll("\s+", ""): null

16-10-2024T09:19:31 - [TEST_STEP][PASSED] - filePoteri = poteri.toInteger(): null

16-10-2024T09:19:31 - [TEST_STEP][PASSED] - pagePoteri = page.toInteger(): null

16-10-2024T09:19:31 - [TEST_STEP][PASSED] - compare = pageOtpuskVSet: null

16-10-2024T09:19:31 - [TEST_STEP][PASSED] - if (compare == fileOtpuskVSet): null

16-10-2024T09:19:31 - [TEST_STEP][PASSED] - else if (compare > fileOtpuskVSet): null

16-10-2024T09:19:31 - [TEST_STEP][PASSED] - compare = compare - 1: null

16-10-2024T09:19:31 - [TEST_STEP][PASSED] - if (compare == fileOtpuskVSet): null

16-10-2024T09:19:31 - [TEST_STEP][PASSED] - else: null

16-10-2024T09:19:31 - [TEST_STEP][PASSED] - numberOfErrors = numberOfErrors + 1: null

16-10-2024T09:19:31 - [TEST_STEP][PASSED] - pageInt = pageOtpuskVSet: null

16-10-2024T09:19:31 - [TEST_STEP][PASSED] - fileInt = fileOtpuskVSet: null

16-10-2024T09:19:31 - [TEST_STEP][PASSED] - typeOfData = typeOfDataMain + " Отпуск в сеть": null

16-10-2024T09:19:31 - [TEST_STEP][PASSED] - Script1718980020443.WriteToExcel(a, typeOfData, todaysDate, pageInt, fileInt, pageDouble, fileDouble, dZO): null

16-10-2024T09:19:31 - [TEST_STEP][PASSED] - sheetName = "Sheet1": null

16-10-2024T09:19:31 - [TEST_STEP][PASSED] - data = findTestData("PlanFact"): null

16-10-2024T09:19:31 - [TEST_STEP][PASSED] - n = data.getRowNumbers() + 1: null

16-10-2024T09:19:31 - [TEST_STEP][PASSED] - year = todaysDate.substring(todaysDate.length() - 4, todaysDate.length()): null

16-10-2024T09:19:31 - [TEST_STEP][PASSED] - y = year.toInteger(): null

16-10-2024T09:19:31 - [TEST_STEP][PASSED] - m = getText(findTestObject("Выполнение бизнес-плана/Период")): Text of object 'Object Repository/Выполнение бизнес-плана/Период' is: '1, 2 кв., Июль, Август 2024 года'

16-10-2024T09:19:31 - [MESSAGE][PASSED] - Text of object 'Object Repository/Выполнение бизнес-плана/Период' is: '1, 2 кв., Июль, Август 2024 года'

16-10-2024T09:19:31 - [TEST_STEP][PASSED] - m = m.substring(0, m.indexOf("2024")): null

16-10-2024T09:19:31 - [TEST_STEP][PASSED] - m = m.trim(): null

16-10-2024T09:19:31 - [TEST_STEP][PASSED] - dashboardName = "Выполнение бизнес-плана": null

16-10-2024T09:19:31 - [TEST_STEP][PASSED] - workbook01 = getWorkbook(excelFilePath): null

16-10-2024T09:19:31 - [TEST_STEP][PASSED] - sheet01 = getExcelSheet(workbook01, sheetName): null

16-10-2024T09:19:31 - [TEST_STEP][PASSED] - setValueToCellByIndex(sheet01, n, 0, dashboardName): null

16-10-2024T09:19:31 - [TEST_STEP][PASSED] - setValueToCellByIndex(sheet01, n, 1, dZO): null

16-10-2024T09:19:31 - [TEST_STEP][PASSED] - setValueToCellByIndex(sheet01, n, 2, typeOfData): null

16-10-2024T09:19:31 - [TEST_STEP][PASSED] - if (typeOfData == "Факт в процентах" || typeOfData == "План в процентах"): null

16-10-2024T09:19:31 - [TEST_STEP][PASSED] - else: null

16-10-2024T09:19:31 - [TEST_STEP][PASSED] - setValueToCellByIndex(sheet01, n, 3, fileInt): null

16-10-2024T09:19:31 - [TEST_STEP][PASSED] - setValueToCellByIndex(sheet01, n, 4, pageInt): null

16-10-2024T09:19:31 - [TEST_STEP][PASSED] - setValueToCellByIndex(sheet01, n, 5, m): null

16-10-2024T09:19:31 - [TEST_STEP][PASSED] - setValueToCellByIndex(sheet01, n, 6, y): null

16-10-2024T09:19:31 - [TEST_STEP][PASSED] - setValueToCellByIndex(sheet01, n, 7, todaysDate): null

16-10-2024T09:19:31 - [TEST_STEP][PASSED] - n = n + 1: null

16-10-2024T09:19:31 - [TEST_STEP][PASSED] - saveWorkbook(excelFilePath, workbook01): null

16-10-2024T09:19:31 - [TEST_STEP][PASSED] - compare = pagePoteri: null

16-10-2024T09:19:31 - [TEST_STEP][PASSED] - if (compare == filePoteri): null

16-10-2024T09:19:31 - [TEST_STEP][PASSED] - else if (compare > filePoteri): null

16-10-2024T09:19:31 - [TEST_STEP][PASSED] - compare = compare - 1: null

16-10-2024T09:19:31 - [TEST_STEP][PASSED] - if (compare == filePoteri): null

16-10-2024T09:19:31 - [TEST_STEP][PASSED] - else: null

16-10-2024T09:19:31 - [TEST_STEP][PASSED] - numberOfErrors = numberOfErrors + 1: null

16-10-2024T09:19:31 - [TEST_STEP][PASSED] - pageInt = pagePoteri: null

16-10-2024T09:19:31 - [TEST_STEP][PASSED] - fileInt = filePoteri: null

16-10-2024T09:19:31 - [TEST_STEP][PASSED] - typeOfData = typeOfDataMain + " Потери": null

16-10-2024T09:19:31 - [TEST_STEP][PASSED] - Script1718980020443.WriteToExcel(a, typeOfData, todaysDate, pageInt, fileInt, pageDouble, fileDouble, dZO): null

16-10-2024T09:19:31 - [TEST_STEP][PASSED] - sheetName = "Sheet1": null

16-10-2024T09:19:31 - [TEST_STEP][PASSED] - data = findTestData("PlanFact"): null

16-10-2024T09:19:31 - [TEST_STEP][PASSED] - n = data.getRowNumbers() + 1: null

16-10-2024T09:19:31 - [TEST_STEP][PASSED] - year = todaysDate.substring(todaysDate.length() - 4, todaysDate.length()): null

16-10-2024T09:19:31 - [TEST_STEP][PASSED] - y = year.toInteger(): null

16-10-2024T09:19:31 - [TEST_STEP][PASSED] - m = getText(findTestObject("Выполнение бизнес-плана/Период")): Text of object 'Object Repository/Выполнение бизнес-плана/Период' is: '1, 2 кв., Июль, Август 2024 года'

16-10-2024T09:19:32 - [MESSAGE][PASSED] - Text of object 'Object Repository/Выполнение бизнес-плана/Период' is: '1, 2 кв., Июль, Август 2024 года'

16-10-2024T09:19:32 - [TEST_STEP][PASSED] - m = m.substring(0, m.indexOf("2024")): null

16-10-2024T09:19:32 - [TEST_STEP][PASSED] - m = m.trim(): null

16-10-2024T09:19:32 - [TEST_STEP][PASSED] - dashboardName = "Выполнение бизнес-плана": null

16-10-2024T09:19:32 - [TEST_STEP][PASSED] - workbook01 = getWorkbook(excelFilePath): null

16-10-2024T09:19:32 - [TEST_STEP][PASSED] - sheet01 = getExcelSheet(workbook01, sheetName): null

16-10-2024T09:19:32 - [TEST_STEP][PASSED] - setValueToCellByIndex(sheet01, n, 0, dashboardName): null

16-10-2024T09:19:32 - [TEST_STEP][PASSED] - setValueToCellByIndex(sheet01, n, 1, dZO): null

16-10-2024T09:19:32 - [TEST_STEP][PASSED] - setValueToCellByIndex(sheet01, n, 2, typeOfData): null

16-10-2024T09:19:32 - [TEST_STEP][PASSED] - if (typeOfData == "Факт в процентах" || typeOfData == "План в процентах"): null

16-10-2024T09:19:32 - [TEST_STEP][PASSED] - else: null

16-10-2024T09:19:32 - [TEST_STEP][PASSED] - setValueToCellByIndex(sheet01, n, 3, fileInt): null

16-10-2024T09:19:32 - [TEST_STEP][PASSED] - setValueToCellByIndex(sheet01, n, 4, pageInt): null

16-10-2024T09:19:32 - [TEST_STEP][PASSED] - setValueToCellByIndex(sheet01, n, 5, m): null

16-10-2024T09:19:32 - [TEST_STEP][PASSED] - setValueToCellByIndex(sheet01, n, 6, y): null

16-10-2024T09:19:32 - [TEST_STEP][PASSED] - setValueToCellByIndex(sheet01, n, 7, todaysDate): null

16-10-2024T09:19:32 - [TEST_STEP][PASSED] - n = n + 1: null

16-10-2024T09:19:32 - [TEST_STEP][PASSED] - saveWorkbook(excelFilePath, workbook01): null

16-10-2024T09:19:32 - [TEST_STEP][PASSED] - if (planFact == 2): null

16-10-2024T09:19:32 - [TEST_STEP][PASSED] - if (planFact == 1): null

16-10-2024T09:19:32 - [TEST_STEP][PASSED] - else if (planFact == 2): null

16-10-2024T09:19:32 - [TEST_STEP][PASSED] - click(findTestObject("Выполнение бизнес-плана/Кнопка План")): Object: 'Object Repository/Выполнение бизнес-плана/Кнопка План' is clicked on

16-10-2024T09:19:32 - [MESSAGE][PASSED] - Object: 'Object Repository/Выполнение бизнес-плана/Кнопка План' is clicked on

16-10-2024T09:19:32 - [TEST_STEP][PASSED] - typeOfDataMain = "План": null

16-10-2024T09:19:32 - [TEST_STEP][PASSED] - otpusk = findTestData("PlanFact").getValue(2, a): null

16-10-2024T09:19:32 - [TEST_STEP][PASSED] - poteri = findTestData("PlanFact").getValue(3, a): null

16-10-2024T09:19:32 - [TEST_STEP][PASSED] - otpusk = otpusk.replaceAll("\s+", ""): null

16-10-2024T09:19:32 - [TEST_STEP][PASSED] - poteri = poteri.replaceAll("\s+", ""): null

16-10-2024T09:19:32 - [TEST_STEP][PASSED] - typeOfData = typeOfDataMain + " Отпуск в сеть": null

16-10-2024T09:19:32 - [TEST_STEP][PASSED] - if (a == 82): null

16-10-2024T09:19:32 - [TEST_STEP][PASSED] - else if (a == 84): null

16-10-2024T09:19:32 - [TEST_STEP][PASSED] - else if (a == 52 || a == 72 || a == 28 || a == 73 || a == 77 || a == 74 || a == 65 || a == 36 || a == 44 || a == 53 || a == 80 || a == 54 || a == 1 || a == 18 || a == 59 || a == 81): null

16-10-2024T09:19:32 - [TEST_STEP][PASSED] - else: null

16-10-2024T09:19:32 - [TEST_STEP][PASSED] - path = dataFolder + typeOfData + " за отчётный период " + b: null

16-10-2024T09:19:32 - [TEST_STEP][PASSED] - println(path): null

16-10-2024T09:19:32 - [TEST_STEP][PASSED] - page = getText(findTestObject(path)): Text of object 'Object Repository/Выполнение бизнес-плана/Значения со страницы Выполнение бизнес-плана/План Отпуск в сеть за отчётный период Тамбовэнерго' is: '1 970 954'

16-10-2024T09:19:33 - [MESSAGE][PASSED] - Text of object 'Object Repository/Выполнение бизнес-плана/Значения со страницы Выполнение бизнес-плана/План Отпуск в сеть за отчётный период Тамбовэнерго' is: '1 970 954'

16-10-2024T09:19:33 - [TEST_STEP][PASSED] - page = page.replaceAll("\s+", ""): null

16-10-2024T09:19:33 - [TEST_STEP][PASSED] - fileOtpuskVSet = otpusk.toInteger(): null

16-10-2024T09:19:33 - [TEST_STEP][PASSED] - pageOtpuskVSet = page.toInteger(): null

16-10-2024T09:19:33 - [TEST_STEP][PASSED] - typeOfData = typeOfDataMain + " Потери": null

16-10-2024T09:19:33 - [TEST_STEP][PASSED] - if (a == 82): null

16-10-2024T09:19:33 - [TEST_STEP][PASSED] - else if (a == 84): null

16-10-2024T09:19:33 - [TEST_STEP][PASSED] - else if (a == 52 || a == 72 || a == 28 || a == 73 || a == 77 || a == 74 || a == 65 || a == 36 || a == 44 || a == 53 || a == 80 || a == 54 || a == 1 || a == 18 || a == 59 || a == 81): null

16-10-2024T09:19:33 - [TEST_STEP][PASSED] - else: null

16-10-2024T09:19:33 - [TEST_STEP][PASSED] - path = dataFolder + typeOfData + " за отчётный период " + b: null

16-10-2024T09:19:33 - [TEST_STEP][PASSED] - page = getText(findTestObject(path)): Text of object 'Object Repository/Выполнение бизнес-плана/Значения со страницы Выполнение бизнес-плана/План Потери за отчётный период Тамбовэнерго' is: '170 724'

16-10-2024T09:19:33 - [MESSAGE][PASSED] - Text of object 'Object Repository/Выполнение бизнес-плана/Значения со страницы Выполнение бизнес-плана/План Потери за отчётный период Тамбовэнерго' is: '170 724'

16-10-2024T09:19:33 - [TEST_STEP][PASSED] - page = page.replaceAll("\s+", ""): null

16-10-2024T09:19:33 - [TEST_STEP][PASSED] - filePoteri = poteri.toInteger(): null

16-10-2024T09:19:33 - [TEST_STEP][PASSED] - pagePoteri = page.toInteger(): null

16-10-2024T09:19:33 - [TEST_STEP][PASSED] - compare = pageOtpuskVSet: null

16-10-2024T09:19:33 - [TEST_STEP][PASSED] - if (compare == fileOtpuskVSet): null

16-10-2024T09:19:33 - [TEST_STEP][PASSED] - else if (compare > fileOtpuskVSet): null

16-10-2024T09:19:33 - [TEST_STEP][PASSED] - compare = compare - 1: null

16-10-2024T09:19:33 - [TEST_STEP][PASSED] - if (compare == fileOtpuskVSet): null

16-10-2024T09:19:33 - [TEST_STEP][PASSED] - else: null

16-10-2024T09:19:33 - [TEST_STEP][PASSED] - numberOfErrors = numberOfErrors + 1: null

16-10-2024T09:19:33 - [TEST_STEP][PASSED] - pageInt = pageOtpuskVSet: null

16-10-2024T09:19:33 - [TEST_STEP][PASSED] - fileInt = fileOtpuskVSet: null

16-10-2024T09:19:33 - [TEST_STEP][PASSED] - typeOfData = typeOfDataMain + " Отпуск в сеть": null

16-10-2024T09:19:33 - [TEST_STEP][PASSED] - Script1718980020443.WriteToExcel(a, typeOfData, todaysDate, pageInt, fileInt, pageDouble, fileDouble, dZO): null

16-10-2024T09:19:33 - [TEST_STEP][PASSED] - sheetName = "Sheet1": null

16-10-2024T09:19:33 - [TEST_STEP][PASSED] - data = findTestData("PlanFact"): null

16-10-2024T09:19:33 - [TEST_STEP][PASSED] - n = data.getRowNumbers() + 1: null

16-10-2024T09:19:33 - [TEST_STEP][PASSED] - year = todaysDate.substring(todaysDate.length() - 4, todaysDate.length()): null

16-10-2024T09:19:33 - [TEST_STEP][PASSED] - y = year.toInteger(): null

16-10-2024T09:19:33 - [TEST_STEP][PASSED] - m = getText(findTestObject("Выполнение бизнес-плана/Период")): Text of object 'Object Repository/Выполнение бизнес-плана/Период' is: '1, 2 кв., Июль, Август 2024 года'

16-10-2024T09:19:34 - [MESSAGE][PASSED] - Text of object 'Object Repository/Выполнение бизнес-плана/Период' is: '1, 2 кв., Июль, Август 2024 года'

16-10-2024T09:19:34 - [TEST_STEP][PASSED] - m = m.substring(0, m.indexOf("2024")): null

16-10-2024T09:19:34 - [TEST_STEP][PASSED] - m = m.trim(): null

16-10-2024T09:19:34 - [TEST_STEP][PASSED] - dashboardName = "Выполнение бизнес-плана": null

16-10-2024T09:19:34 - [TEST_STEP][PASSED] - workbook01 = getWorkbook(excelFilePath): null

16-10-2024T09:19:34 - [TEST_STEP][PASSED] - sheet01 = getExcelSheet(workbook01, sheetName): null

16-10-2024T09:19:34 - [TEST_STEP][PASSED] - setValueToCellByIndex(sheet01, n, 0, dashboardName): null

16-10-2024T09:19:34 - [TEST_STEP][PASSED] - setValueToCellByIndex(sheet01, n, 1, dZO): null

16-10-2024T09:19:34 - [TEST_STEP][PASSED] - setValueToCellByIndex(sheet01, n, 2, typeOfData): null

16-10-2024T09:19:34 - [TEST_STEP][PASSED] - if (typeOfData == "Факт в процентах" || typeOfData == "План в процентах"): null

16-10-2024T09:19:34 - [TEST_STEP][PASSED] - else: null

16-10-2024T09:19:34 - [TEST_STEP][PASSED] - setValueToCellByIndex(sheet01, n, 3, fileInt): null

16-10-2024T09:19:34 - [TEST_STEP][PASSED] - setValueToCellByIndex(sheet01, n, 4, pageInt): null

16-10-2024T09:19:34 - [TEST_STEP][PASSED] - setValueToCellByIndex(sheet01, n, 5, m): null

16-10-2024T09:19:34 - [TEST_STEP][PASSED] - setValueToCellByIndex(sheet01, n, 6, y): null

16-10-2024T09:19:34 - [TEST_STEP][PASSED] - setValueToCellByIndex(sheet01, n, 7, todaysDate): null

16-10-2024T09:19:34 - [TEST_STEP][PASSED] - n = n + 1: null

16-10-2024T09:19:34 - [TEST_STEP][PASSED] - saveWorkbook(excelFilePath, workbook01): null

16-10-2024T09:19:34 - [TEST_STEP][PASSED] - compare = pagePoteri: null

16-10-2024T09:19:34 - [TEST_STEP][PASSED] - if (compare == filePoteri): null

16-10-2024T09:19:34 - [TEST_STEP][PASSED] - else if (compare > filePoteri): null

16-10-2024T09:19:34 - [TEST_STEP][PASSED] - compare = compare - 1: null

16-10-2024T09:19:34 - [TEST_STEP][PASSED] - if (compare == filePoteri): null

16-10-2024T09:19:34 - [TEST_STEP][PASSED] - else: null

16-10-2024T09:19:34 - [TEST_STEP][PASSED] - numberOfErrors = numberOfErrors + 1: null

16-10-2024T09:19:34 - [TEST_STEP][PASSED] - pageInt = pagePoteri: null

16-10-2024T09:19:34 - [TEST_STEP][PASSED] - fileInt = filePoteri: null

16-10-2024T09:19:34 - [TEST_STEP][PASSED] - typeOfData = typeOfDataMain + " Потери": null

16-10-2024T09:19:34 - [TEST_STEP][PASSED] - Script1718980020443.WriteToExcel(a, typeOfData, todaysDate, pageInt, fileInt, pageDouble, fileDouble, dZO): null

16-10-2024T09:19:34 - [TEST_STEP][PASSED] - sheetName = "Sheet1": null

16-10-2024T09:19:34 - [TEST_STEP][PASSED] - data = findTestData("PlanFact"): null

16-10-2024T09:19:34 - [TEST_STEP][PASSED] - n = data.getRowNumbers() + 1: null

16-10-2024T09:19:34 - [TEST_STEP][PASSED] - year = todaysDate.substring(todaysDate.length() - 4, todaysDate.length()): null

16-10-2024T09:19:34 - [TEST_STEP][PASSED] - y = year.toInteger(): null

16-10-2024T09:19:34 - [TEST_STEP][PASSED] - m = getText(findTestObject("Выполнение бизнес-плана/Период")): Text of object 'Object Repository/Выполнение бизнес-плана/Период' is: '1, 2 кв., Июль, Август 2024 года'

16-10-2024T09:19:34 - [MESSAGE][PASSED] - Text of object 'Object Repository/Выполнение бизнес-плана/Период' is: '1, 2 кв., Июль, Август 2024 года'

16-10-2024T09:19:34 - [TEST_STEP][PASSED] - m = m.substring(0, m.indexOf("2024")): null

16-10-2024T09:19:34 - [TEST_STEP][PASSED] - m = m.trim(): null

16-10-2024T09:19:34 - [TEST_STEP][PASSED] - dashboardName = "Выполнение бизнес-плана": null

16-10-2024T09:19:34 - [TEST_STEP][PASSED] - workbook01 = getWorkbook(excelFilePath): null

16-10-2024T09:19:34 - [TEST_STEP][PASSED] - sheet01 = getExcelSheet(workbook01, sheetName): null

16-10-2024T09:19:34 - [TEST_STEP][PASSED] - setValueToCellByIndex(sheet01, n, 0, dashboardName): null

16-10-2024T09:19:34 - [TEST_STEP][PASSED] - setValueToCellByIndex(sheet01, n, 1, dZO): null

16-10-2024T09:19:34 - [TEST_STEP][PASSED] - setValueToCellByIndex(sheet01, n, 2, typeOfData): null

16-10-2024T09:19:34 - [TEST_STEP][PASSED] - if (typeOfData == "Факт в процентах" || typeOfData == "План в процентах"): null

16-10-2024T09:19:34 - [TEST_STEP][PASSED] - else: null

16-10-2024T09:19:34 - [TEST_STEP][PASSED] - setValueToCellByIndex(sheet01, n, 3, fileInt): null

16-10-2024T09:19:34 - [TEST_STEP][PASSED] - setValueToCellByIndex(sheet01, n, 4, pageInt): null

16-10-2024T09:19:34 - [TEST_STEP][PASSED] - setValueToCellByIndex(sheet01, n, 5, m): null

16-10-2024T09:19:34 - [TEST_STEP][PASSED] - setValueToCellByIndex(sheet01, n, 6, y): null

16-10-2024T09:19:34 - [TEST_STEP][PASSED] - setValueToCellByIndex(sheet01, n, 7, todaysDate): null

16-10-2024T09:19:34 - [TEST_STEP][PASSED] - n = n + 1: null

16-10-2024T09:19:34 - [TEST_STEP][PASSED] - saveWorkbook(excelFilePath, workbook01): Object: 'Object Repository/Выполнение бизнес-плана/Кнопка Факт' is clicked on

16-10-2024T09:19:35 - [TEST_STEP][PASSED] - if (planFact == 2): Object: 'Object Repository/Выполнение бизнес-плана/Кнопка Факт' is clicked on

16-10-2024T09:19:35 - [TEST_STEP][PASSED] - click(findTestObject("Выполнение бизнес-плана/Кнопка Факт")): Object: 'Object Repository/Выполнение бизнес-плана/Кнопка Факт' is clicked on

16-10-2024T09:19:35 - [MESSAGE][PASSED] - Object: 'Object Repository/Выполнение бизнес-плана/Кнопка Факт' is clicked on

16-10-2024T09:19:35 - [TEST_STEP][PASSED] - if (a == 84 || a == 82): null

16-10-2024T09:19:35 - [TEST_STEP][PASSED] - else if (a == 52 || a == 72 || a == 28 || a == 73 || a == 77 || a == 74 || a == 65 || a == 36 || a == 44 || a == 53 || a == 80 || a == 54 || a == 1 || a == 18 || a == 59 || a == 81): null

16-10-2024T09:19:35 - [TEST_STEP][PASSED] - else: null

16-10-2024T09:19:35 - [TEST_STEP][PASSED] - page1 = getText(findTestObject("Object Repository/Выполнение бизнес-плана/spanPlan" + filialNum)): Text of object 'Object Repository/Выполнение бизнес-плана/spanPlan13' is: '8.66
|'

16-10-2024T09:19:35 - [MESSAGE][PASSED] - Text of object 'Object Repository/Выполнение бизнес-плана/spanPlan13' is: '8.66
|'

16-10-2024T09:19:35 - [TEST_STEP][PASSED] - page1 = page1.replace("|", ""): null

16-10-2024T09:19:35 - [TEST_STEP][PASSED] - page2 = getText(findTestObject("Object Repository/Выполнение бизнес-плана/spanFact" + filialNum)): Text of object 'Object Repository/Выполнение бизнес-плана/spanFact13' is: '8.38
|'

16-10-2024T09:19:35 - [MESSAGE][PASSED] - Text of object 'Object Repository/Выполнение бизнес-плана/spanFact13' is: '8.38
|'

16-10-2024T09:19:35 - [TEST_STEP][PASSED] - page2 = page2.replace("|", ""): null

16-10-2024T09:19:35 - [TEST_STEP][PASSED] - println("page1: " + page1): null

16-10-2024T09:19:35 - [TEST_STEP][PASSED] - println("page2: " + page2): null

16-10-2024T09:19:35 - [TEST_STEP][PASSED] - file = findTestData("PlanFact").getValue(4, a): null

16-10-2024T09:19:35 - [TEST_STEP][PASSED] - file = file.replace(",", "."): null

16-10-2024T09:19:35 - [TEST_STEP][PASSED] - println("file Plan: " + file): null

16-10-2024T09:19:35 - [TEST_STEP][PASSED] - typeOfData = "План в процентах": null

16-10-2024T09:19:35 - [TEST_STEP][PASSED] - fileDouble = file.toDouble(): null

16-10-2024T09:19:35 - [TEST_STEP][PASSED] - pageDouble = page1.toDouble(): null

16-10-2024T09:19:35 - [TEST_STEP][PASSED] - if (fileDouble != pageDouble): null

16-10-2024T09:19:35 - [TEST_STEP][PASSED] - numberOfErrors = numberOfErrors + 1: null

16-10-2024T09:19:35 - [TEST_STEP][PASSED] - Script1718980020443.WriteToExcel(a, typeOfData, todaysDate, pageInt, fileInt, pageDouble, fileDouble, dZO): null

16-10-2024T09:19:35 - [TEST_STEP][PASSED] - sheetName = "Sheet1": null

16-10-2024T09:19:35 - [TEST_STEP][PASSED] - data = findTestData("PlanFact"): null

16-10-2024T09:19:36 - [TEST_STEP][PASSED] - n = data.getRowNumbers() + 1: null

16-10-2024T09:19:36 - [TEST_STEP][PASSED] - year = todaysDate.substring(todaysDate.length() - 4, todaysDate.length()): null

16-10-2024T09:19:36 - [TEST_STEP][PASSED] - y = year.toInteger(): null

16-10-2024T09:19:36 - [TEST_STEP][PASSED] - m = getText(findTestObject("Выполнение бизнес-плана/Период")): Text of object 'Object Repository/Выполнение бизнес-плана/Период' is: '1, 2 кв., Июль, Август 2024 года'

16-10-2024T09:19:36 - [MESSAGE][PASSED] - Text of object 'Object Repository/Выполнение бизнес-плана/Период' is: '1, 2 кв., Июль, Август 2024 года'

16-10-2024T09:19:36 - [TEST_STEP][PASSED] - m = m.substring(0, m.indexOf("2024")): null

16-10-2024T09:19:36 - [TEST_STEP][PASSED] - m = m.trim(): null

16-10-2024T09:19:36 - [TEST_STEP][PASSED] - dashboardName = "Выполнение бизнес-плана": null

16-10-2024T09:19:36 - [TEST_STEP][PASSED] - workbook01 = getWorkbook(excelFilePath): null

16-10-2024T09:19:36 - [TEST_STEP][PASSED] - sheet01 = getExcelSheet(workbook01, sheetName): null

16-10-2024T09:19:36 - [TEST_STEP][PASSED] - setValueToCellByIndex(sheet01, n, 0, dashboardName): null

16-10-2024T09:19:36 - [TEST_STEP][PASSED] - setValueToCellByIndex(sheet01, n, 1, dZO): null

16-10-2024T09:19:36 - [TEST_STEP][PASSED] - setValueToCellByIndex(sheet01, n, 2, typeOfData): null

16-10-2024T09:19:36 - [TEST_STEP][PASSED] - if (typeOfData == "Факт в процентах" || typeOfData == "План в процентах"): null

16-10-2024T09:19:36 - [TEST_STEP][PASSED] - setValueToCellByIndex(sheet01, n, 3, fileDouble): null

16-10-2024T09:19:36 - [TEST_STEP][PASSED] - setValueToCellByIndex(sheet01, n, 4, pageDouble): null

16-10-2024T09:19:36 - [TEST_STEP][PASSED] - setValueToCellByIndex(sheet01, n, 5, m): null

16-10-2024T09:19:36 - [TEST_STEP][PASSED] - setValueToCellByIndex(sheet01, n, 6, y): null

16-10-2024T09:19:36 - [TEST_STEP][PASSED] - setValueToCellByIndex(sheet01, n, 7, todaysDate): null

16-10-2024T09:19:36 - [TEST_STEP][PASSED] - n = n + 1: null

16-10-2024T09:19:36 - [TEST_STEP][PASSED] - saveWorkbook(excelFilePath, workbook01): null

16-10-2024T09:19:36 - [TEST_STEP][PASSED] - file = findTestData("PlanFact").getValue(7, a): null

16-10-2024T09:19:36 - [TEST_STEP][PASSED] - file = file.replace(",", "."): null

16-10-2024T09:19:36 - [TEST_STEP][PASSED] - println("file Fact: " + file): null

16-10-2024T09:19:36 - [TEST_STEP][PASSED] - fileDouble = file.toDouble(): null

16-10-2024T09:19:36 - [TEST_STEP][PASSED] - typeOfData = "Факт в процентах": null

16-10-2024T09:19:36 - [TEST_STEP][PASSED] - fileDouble = file.toDouble(): null

16-10-2024T09:19:36 - [TEST_STEP][PASSED] - pageDouble = page2.toDouble(): null

16-10-2024T09:19:36 - [TEST_STEP][PASSED] - if (fileDouble != pageDouble): null

16-10-2024T09:19:36 - [TEST_STEP][PASSED] - numberOfErrors = numberOfErrors + 1: null

16-10-2024T09:19:36 - [TEST_STEP][PASSED] - Script1718980020443.WriteToExcel(a, typeOfData, todaysDate, pageInt, fileInt, pageDouble, fileDouble, dZO): null

16-10-2024T09:19:36 - [TEST_STEP][PASSED] - sheetName = "Sheet1": null

16-10-2024T09:19:36 - [TEST_STEP][PASSED] - data = findTestData("PlanFact"): null

16-10-2024T09:19:36 - [TEST_STEP][PASSED] - n = data.getRowNumbers() + 1: null

16-10-2024T09:19:36 - [TEST_STEP][PASSED] - year = todaysDate.substring(todaysDate.length() - 4, todaysDate.length()): null

16-10-2024T09:19:36 - [TEST_STEP][PASSED] - y = year.toInteger(): null

16-10-2024T09:19:36 - [TEST_STEP][PASSED] - m = getText(findTestObject("Выполнение бизнес-плана/Период")): Text of object 'Object Repository/Выполнение бизнес-плана/Период' is: '1, 2 кв., Июль, Август 2024 года'

16-10-2024T09:19:37 - [MESSAGE][PASSED] - Text of object 'Object Repository/Выполнение бизнес-плана/Период' is: '1, 2 кв., Июль, Август 2024 года'

16-10-2024T09:19:37 - [TEST_STEP][PASSED] - m = m.substring(0, m.indexOf("2024")): null

16-10-2024T09:19:37 - [TEST_STEP][PASSED] - m = m.trim(): null

16-10-2024T09:19:37 - [TEST_STEP][PASSED] - dashboardName = "Выполнение бизнес-плана": null

16-10-2024T09:19:37 - [TEST_STEP][PASSED] - workbook01 = getWorkbook(excelFilePath): null

16-10-2024T09:19:37 - [TEST_STEP][PASSED] - sheet01 = getExcelSheet(workbook01, sheetName): null

16-10-2024T09:19:37 - [TEST_STEP][PASSED] - setValueToCellByIndex(sheet01, n, 0, dashboardName): null

16-10-2024T09:19:37 - [TEST_STEP][PASSED] - setValueToCellByIndex(sheet01, n, 1, dZO): null

16-10-2024T09:19:37 - [TEST_STEP][PASSED] - setValueToCellByIndex(sheet01, n, 2, typeOfData): null

16-10-2024T09:19:37 - [TEST_STEP][PASSED] - if (typeOfData == "Факт в процентах" || typeOfData == "План в процентах"): null

16-10-2024T09:19:37 - [TEST_STEP][PASSED] - setValueToCellByIndex(sheet01, n, 3, fileDouble): null

16-10-2024T09:19:37 - [TEST_STEP][PASSED] - setValueToCellByIndex(sheet01, n, 4, pageDouble): null

16-10-2024T09:19:37 - [TEST_STEP][PASSED] - setValueToCellByIndex(sheet01, n, 5, m): null

16-10-2024T09:19:37 - [TEST_STEP][PASSED] - setValueToCellByIndex(sheet01, n, 6, y): null

16-10-2024T09:19:37 - [TEST_STEP][PASSED] - setValueToCellByIndex(sheet01, n, 7, todaysDate): null

16-10-2024T09:19:37 - [TEST_STEP][PASSED] - n = n + 1: null

16-10-2024T09:19:37 - [TEST_STEP][PASSED] - saveWorkbook(excelFilePath, workbook01): null

16-10-2024T09:19:37 - [TEST_STEP][FAILED] - if (verifyEqual(numberOfErrors, 0) == false): null

16-10-2024T09:19:37 - [MESSAGE][FAILED] - Unable to verify equal between actual object '6' and expected object '0' (Root cause: com.kms.katalon.core.exception.StepFailedException: Actual object '6' and expected object '0' are not equal
	at com.kms.katalon.core.keyword.builtin.VerifyEqualKeyword$_verifyEqual_closure1.doCall(VerifyEqualKeyword.groovy:58)
	at com.kms.katalon.core.keyword.builtin.VerifyEqualKeyword$_verifyEqual_closure1.call(VerifyEqualKeyword.groovy)
	at com.kms.katalon.core.keyword.internal.KeywordMain.runKeyword(KeywordMain.groovy:75)
	at com.kms.katalon.core.keyword.builtin.VerifyEqualKeyword.verifyEqual(VerifyEqualKeyword.groovy:63)
	at com.kms.katalon.core.keyword.builtin.VerifyEqualKeyword.execute(VerifyEqualKeyword.groovy:44)
	at com.kms.katalon.core.keyword.internal.KeywordExecutor.executeKeywordForPlatform(KeywordExecutor.groovy:74)
	at com.kms.katalon.core.keyword.BuiltinKeywords.verifyEqual(BuiltinKeywords.groovy:146)
	at jdk.internal.reflect.GeneratedMethodAccessor25.invoke(Unknown Source)
	at java.base/jdk.internal.reflect.DelegatingMethodAccessorImpl.invoke(DelegatingMethodAccessorImpl.java:43)
	at Выполнение бизнес-плана Сверка ПАО Россети все филиалы.Numbers(Выполнение бизнес-плана Сверка ПАО Россети все филиалы:749)
	at Выполнение бизнес-плана Сверка ПАО Россети все филиалы.Filials(Выполнение бизнес-плана Сверка ПАО Россети все филиалы:1310)
	at Выполнение бизнес-плана Сверка ПАО Россети все филиалы.Numbers(Выполнение бизнес-плана Сверка ПАО Россети все филиалы:754)
	at Выполнение бизнес-плана Сверка ПАО Россети все филиалы.run(Выполнение бизнес-плана Сверка ПАО Россети все филиалы:397)
	at com.kms.katalon.core.main.ScriptEngine.run(ScriptEngine.java:194)
	at com.kms.katalon.core.main.ScriptEngine.runScriptAsRawText(ScriptEngine.java:119)
	at com.kms.katalon.core.main.TestCaseExecutor.runScript(TestCaseExecutor.java:448)
	at com.kms.katalon.core.main.TestCaseExecutor.doExecute(TestCaseExecutor.java:439)
	at com.kms.katalon.core.main.TestCaseExecutor.processExecutionPhase(TestCaseExecutor.java:418)
	at com.kms.katalon.core.main.TestCaseExecutor.accessMainPhase(TestCaseExecutor.java:410)
	at com.kms.katalon.core.main.TestCaseExecutor.execute(TestCaseExecutor.java:285)
	at com.kms.katalon.core.common.CommonExecutor.accessTestCaseMainPhase(CommonExecutor.java:65)
	at com.kms.katalon.core.main.TestSuiteExecutor.accessTestSuiteMainPhase(TestSuiteExecutor.java:150)
	at com.kms.katalon.core.main.TestSuiteExecutor.execute(TestSuiteExecutor.java:106)
	at com.kms.katalon.core.main.TestCaseMain.startTestSuite(TestCaseMain.java:180)
	at TempTestSuite1729057289574.run(TempTestSuite1729057289574.groovy:35)
	at java.base/jdk.internal.reflect.NativeMethodAccessorImpl.invoke0(Native Method)
	at java.base/jdk.internal.reflect.NativeMethodAccessorImpl.invoke(NativeMethodAccessorImpl.java:77)
	at java.base/jdk.internal.reflect.DelegatingMethodAccessorImpl.invoke(DelegatingMethodAccessorImpl.java:43)
)

16-10-2024T09:19:37 - [TEST_STEP][PASSED] - println(numberOfErrors): null

16-10-2024T09:19:37 - [TEST_STEP][PASSED] - if (a == 28 || a == 77 || a == 74 || a == 65 || a == 36 || a == 44 || a == 54 || a == 1 || a == 18 || a == 59): null

16-10-2024T09:19:37 - [TEST_STEP][PASSED] - if (a == 82): null

16-10-2024T09:19:37 - [TEST_STEP][PASSED] - dZO = "Тверьэнерго": null

16-10-2024T09:19:37 - [TEST_STEP][PASSED] - a = 11: null

16-10-2024T09:19:37 - [TEST_STEP][PASSED] - if (x2.contains(dZO)): null

16-10-2024T09:19:37 - [TEST_STEP][PASSED] - filialNum = filialNum + 1: null

16-10-2024T09:19:37 - [TEST_STEP][PASSED] - Script1718980020443.Numbers(a, typeOfData, todaysDate, pageInt, fileInt, pageDouble, fileDouble, dZO, dzoNum, filialNum): null

16-10-2024T09:19:37 - [TEST_STEP][PASSED] - println(dzoNum): null

16-10-2024T09:19:37 - [TEST_STEP][PASSED] - planFact = <not implemented yet for class: org.codehaus.groovy.ast.expr.EmptyExpression>: null

16-10-2024T09:19:37 - [TEST_STEP][PASSED] - page = <not implemented yet for class: org.codehaus.groovy.ast.expr.EmptyExpression>: null

16-10-2024T09:19:37 - [TEST_STEP][PASSED] - page1 = <not implemented yet for class: org.codehaus.groovy.ast.expr.EmptyExpression>: null

16-10-2024T09:19:37 - [TEST_STEP][PASSED] - page2 = <not implemented yet for class: org.codehaus.groovy.ast.expr.EmptyExpression>: null

16-10-2024T09:19:37 - [TEST_STEP][PASSED] - filialNumberInRow = <not implemented yet for class: org.codehaus.groovy.ast.expr.EmptyExpression>: null

16-10-2024T09:19:37 - [TEST_STEP][PASSED] - filialsDzoNames = <not implemented yet for class: org.codehaus.groovy.ast.expr.EmptyExpression>: null

16-10-2024T09:19:37 - [TEST_STEP][PASSED] - numberOfFilials = <not implemented yet for class: org.codehaus.groovy.ast.expr.EmptyExpression>: null

16-10-2024T09:19:37 - [TEST_STEP][PASSED] - numberOfSpaces = <not implemented yet for class: org.codehaus.groovy.ast.expr.EmptyExpression>: null

16-10-2024T09:19:37 - [TEST_STEP][PASSED] - file = <not implemented yet for class: org.codehaus.groovy.ast.expr.EmptyExpression>: null

16-10-2024T09:19:37 - [TEST_STEP][PASSED] - otpusk = <not implemented yet for class: org.codehaus.groovy.ast.expr.EmptyExpression>: null

16-10-2024T09:19:37 - [TEST_STEP][PASSED] - poteri = <not implemented yet for class: org.codehaus.groovy.ast.expr.EmptyExpression>: null

16-10-2024T09:19:37 - [TEST_STEP][PASSED] - dataFolder = "Выполнение бизнес-плана/Значения со страницы Выполнение бизнес-плана/": null

16-10-2024T09:19:37 - [TEST_STEP][PASSED] - path = <not implemented yet for class: org.codehaus.groovy.ast.expr.EmptyExpression>: null

16-10-2024T09:19:37 - [TEST_STEP][PASSED] - typeOfDataMain = <not implemented yet for class: org.codehaus.groovy.ast.expr.EmptyExpression>: null

16-10-2024T09:19:37 - [TEST_STEP][PASSED] - fileOtpuskVSet = <not implemented yet for class: org.codehaus.groovy.ast.expr.EmptyExpression>: null

16-10-2024T09:19:37 - [TEST_STEP][PASSED] - pageOtpuskVSet = <not implemented yet for class: org.codehaus.groovy.ast.expr.EmptyExpression>: null

16-10-2024T09:19:37 - [TEST_STEP][PASSED] - filePoteri = <not implemented yet for class: org.codehaus.groovy.ast.expr.EmptyExpression>: null

16-10-2024T09:19:37 - [TEST_STEP][PASSED] - pagePoteri = <not implemented yet for class: org.codehaus.groovy.ast.expr.EmptyExpression>: null

16-10-2024T09:19:37 - [TEST_STEP][PASSED] - compare = <not implemented yet for class: org.codehaus.groovy.ast.expr.EmptyExpression>: null

16-10-2024T09:19:37 - [TEST_STEP][PASSED] - b = <not implemented yet for class: org.codehaus.groovy.ast.expr.EmptyExpression>: null

16-10-2024T09:19:37 - [TEST_STEP][PASSED] - i = <not implemented yet for class: org.codehaus.groovy.ast.expr.EmptyExpression>: null

16-10-2024T09:19:37 - [TEST_STEP][PASSED] - ii = <not implemented yet for class: org.codehaus.groovy.ast.expr.EmptyExpression>: null

16-10-2024T09:19:37 - [TEST_STEP][PASSED] - c = <not implemented yet for class: org.codehaus.groovy.ast.expr.EmptyExpression>: null

16-10-2024T09:19:37 - [TEST_STEP][PASSED] - numberOfErrors = 0: null

16-10-2024T09:19:37 - [TEST_STEP][PASSED] - if (a == 82): null

16-10-2024T09:19:37 - [TEST_STEP][PASSED] - b = findTestData("PlanFact").getValue(1, a): null

16-10-2024T09:19:37 - [TEST_STEP][PASSED] - i = b.indexOf(" (ГК)"): null

16-10-2024T09:19:37 - [TEST_STEP][PASSED] - if (i > -1): null

16-10-2024T09:19:37 - [TEST_STEP][PASSED] - i = b.indexOf("О ""): null

16-10-2024T09:19:37 - [TEST_STEP][PASSED] - if (i > -1): null

16-10-2024T09:19:37 - [TEST_STEP][PASSED] - i = b.indexOf("О «"): null

16-10-2024T09:19:37 - [TEST_STEP][PASSED] - if (i > -1): null

16-10-2024T09:19:37 - [TEST_STEP][PASSED] - i = b.indexOf("г. "): null

16-10-2024T09:19:37 - [TEST_STEP][PASSED] - if (i > -1): null

16-10-2024T09:19:37 - [TEST_STEP][PASSED] - println(b): null

16-10-2024T09:19:37 - [TEST_STEP][PASSED] - for ([planFact = 1, planFact < 3, (planFact++)]): Object: 'Object Repository/Выполнение бизнес-плана/Кнопка Факт' is clicked on

16-10-2024T09:19:37 - [TEST_STEP][PASSED] - if (planFact == 1): null

16-10-2024T09:19:37 - [TEST_STEP][PASSED] - typeOfDataMain = "Факт": null

16-10-2024T09:19:37 - [TEST_STEP][PASSED] - otpusk = findTestData("PlanFact").getValue(5, a): null

16-10-2024T09:19:37 - [TEST_STEP][PASSED] - poteri = findTestData("PlanFact").getValue(6, a): null

16-10-2024T09:19:37 - [TEST_STEP][PASSED] - otpusk = otpusk.replaceAll("\s+", ""): null

16-10-2024T09:19:37 - [TEST_STEP][PASSED] - poteri = poteri.replaceAll("\s+", ""): null

16-10-2024T09:19:37 - [TEST_STEP][PASSED] - typeOfData = typeOfDataMain + " Отпуск в сеть": null

16-10-2024T09:19:37 - [TEST_STEP][PASSED] - if (a == 82): null

16-10-2024T09:19:37 - [TEST_STEP][PASSED] - else if (a == 84): null

16-10-2024T09:19:37 - [TEST_STEP][PASSED] - else if (a == 52 || a == 72 || a == 28 || a == 73 || a == 77 || a == 74 || a == 65 || a == 36 || a == 44 || a == 53 || a == 80 || a == 54 || a == 1 || a == 18 || a == 59 || a == 81): null

16-10-2024T09:19:37 - [TEST_STEP][PASSED] - else: null

16-10-2024T09:19:37 - [TEST_STEP][PASSED] - path = dataFolder + typeOfData + " за отчётный период " + b: null

16-10-2024T09:19:37 - [TEST_STEP][PASSED] - println(path): null

16-10-2024T09:19:37 - [TEST_STEP][PASSED] - page = getText(findTestObject(path)): Text of object 'Object Repository/Выполнение бизнес-плана/Значения со страницы Выполнение бизнес-плана/Факт Отпуск в сеть за отчётный период Тверьэнерго' is: '3 466 799'

16-10-2024T09:19:37 - [MESSAGE][PASSED] - Text of object 'Object Repository/Выполнение бизнес-плана/Значения со страницы Выполнение бизнес-плана/Факт Отпуск в сеть за отчётный период Тверьэнерго' is: '3 466 799'

16-10-2024T09:19:37 - [TEST_STEP][PASSED] - page = page.replaceAll("\s+", ""): null

16-10-2024T09:19:37 - [TEST_STEP][PASSED] - fileOtpuskVSet = otpusk.toInteger(): null

16-10-2024T09:19:37 - [TEST_STEP][PASSED] - pageOtpuskVSet = page.toInteger(): null

16-10-2024T09:19:37 - [TEST_STEP][PASSED] - typeOfData = typeOfDataMain + " Потери": null

16-10-2024T09:19:37 - [TEST_STEP][PASSED] - if (a == 82): null

16-10-2024T09:19:37 - [TEST_STEP][PASSED] - else if (a == 84): null

16-10-2024T09:19:37 - [TEST_STEP][PASSED] - else if (a == 52 || a == 72 || a == 28 || a == 73 || a == 77 || a == 74 || a == 65 || a == 36 || a == 44 || a == 53 || a == 80 || a == 54 || a == 1 || a == 18 || a == 59 || a == 81): null

16-10-2024T09:19:37 - [TEST_STEP][PASSED] - else: null

16-10-2024T09:19:37 - [TEST_STEP][PASSED] - path = dataFolder + typeOfData + " за отчётный период " + b: null

16-10-2024T09:19:37 - [TEST_STEP][PASSED] - page = getText(findTestObject(path)): Text of object 'Object Repository/Выполнение бизнес-плана/Значения со страницы Выполнение бизнес-плана/Факт Потери за отчётный период Тверьэнерго' is: '455 217'

16-10-2024T09:19:38 - [MESSAGE][PASSED] - Text of object 'Object Repository/Выполнение бизнес-плана/Значения со страницы Выполнение бизнес-плана/Факт Потери за отчётный период Тверьэнерго' is: '455 217'

16-10-2024T09:19:38 - [TEST_STEP][PASSED] - page = page.replaceAll("\s+", ""): null

16-10-2024T09:19:38 - [TEST_STEP][PASSED] - filePoteri = poteri.toInteger(): null

16-10-2024T09:19:38 - [TEST_STEP][PASSED] - pagePoteri = page.toInteger(): null

16-10-2024T09:19:38 - [TEST_STEP][PASSED] - compare = pageOtpuskVSet: null

16-10-2024T09:19:38 - [TEST_STEP][PASSED] - if (compare == fileOtpuskVSet): null

16-10-2024T09:19:38 - [TEST_STEP][PASSED] - if (compare == fileOtpuskVSet): null

16-10-2024T09:19:38 - [TEST_STEP][PASSED] - compare = pagePoteri: null

16-10-2024T09:19:38 - [TEST_STEP][PASSED] - if (compare == filePoteri): null

16-10-2024T09:19:38 - [TEST_STEP][PASSED] - if (compare == filePoteri): null

16-10-2024T09:19:38 - [TEST_STEP][PASSED] - if (planFact == 2): null

16-10-2024T09:19:38 - [TEST_STEP][PASSED] - if (planFact == 1): null

16-10-2024T09:19:38 - [TEST_STEP][PASSED] - else if (planFact == 2): null

16-10-2024T09:19:38 - [TEST_STEP][PASSED] - click(findTestObject("Выполнение бизнес-плана/Кнопка План")): Object: 'Object Repository/Выполнение бизнес-плана/Кнопка План' is clicked on

16-10-2024T09:19:38 - [MESSAGE][PASSED] - Object: 'Object Repository/Выполнение бизнес-плана/Кнопка План' is clicked on

16-10-2024T09:19:38 - [TEST_STEP][PASSED] - typeOfDataMain = "План": null

16-10-2024T09:19:38 - [TEST_STEP][PASSED] - otpusk = findTestData("PlanFact").getValue(2, a): null

16-10-2024T09:19:38 - [TEST_STEP][PASSED] - poteri = findTestData("PlanFact").getValue(3, a): null

16-10-2024T09:19:38 - [TEST_STEP][PASSED] - otpusk = otpusk.replaceAll("\s+", ""): null

16-10-2024T09:19:38 - [TEST_STEP][PASSED] - poteri = poteri.replaceAll("\s+", ""): null

16-10-2024T09:19:38 - [TEST_STEP][PASSED] - typeOfData = typeOfDataMain + " Отпуск в сеть": null

16-10-2024T09:19:38 - [TEST_STEP][PASSED] - if (a == 82): null

16-10-2024T09:19:38 - [TEST_STEP][PASSED] - else if (a == 84): null

16-10-2024T09:19:38 - [TEST_STEP][PASSED] - else if (a == 52 || a == 72 || a == 28 || a == 73 || a == 77 || a == 74 || a == 65 || a == 36 || a == 44 || a == 53 || a == 80 || a == 54 || a == 1 || a == 18 || a == 59 || a == 81): null

16-10-2024T09:19:38 - [TEST_STEP][PASSED] - else: null

16-10-2024T09:19:38 - [TEST_STEP][PASSED] - path = dataFolder + typeOfData + " за отчётный период " + b: null

16-10-2024T09:19:38 - [TEST_STEP][PASSED] - println(path): null

16-10-2024T09:19:38 - [TEST_STEP][PASSED] - page = getText(findTestObject(path)): Text of object 'Object Repository/Выполнение бизнес-плана/Значения со страницы Выполнение бизнес-плана/План Отпуск в сеть за отчётный период Тверьэнерго' is: '3 330 784'

16-10-2024T09:19:39 - [MESSAGE][PASSED] - Text of object 'Object Repository/Выполнение бизнес-плана/Значения со страницы Выполнение бизнес-плана/План Отпуск в сеть за отчётный период Тверьэнерго' is: '3 330 784'

16-10-2024T09:19:39 - [TEST_STEP][PASSED] - page = page.replaceAll("\s+", ""): null

16-10-2024T09:19:39 - [TEST_STEP][PASSED] - fileOtpuskVSet = otpusk.toInteger(): null

16-10-2024T09:19:39 - [TEST_STEP][PASSED] - pageOtpuskVSet = page.toInteger(): null

16-10-2024T09:19:39 - [TEST_STEP][PASSED] - typeOfData = typeOfDataMain + " Потери": null

16-10-2024T09:19:39 - [TEST_STEP][PASSED] - if (a == 82): null

16-10-2024T09:19:39 - [TEST_STEP][PASSED] - else if (a == 84): null

16-10-2024T09:19:39 - [TEST_STEP][PASSED] - else if (a == 52 || a == 72 || a == 28 || a == 73 || a == 77 || a == 74 || a == 65 || a == 36 || a == 44 || a == 53 || a == 80 || a == 54 || a == 1 || a == 18 || a == 59 || a == 81): null

16-10-2024T09:19:39 - [TEST_STEP][PASSED] - else: null

16-10-2024T09:19:39 - [TEST_STEP][PASSED] - path = dataFolder + typeOfData + " за отчётный период " + b: null

16-10-2024T09:19:39 - [TEST_STEP][PASSED] - page = getText(findTestObject(path)): Text of object 'Object Repository/Выполнение бизнес-плана/Значения со страницы Выполнение бизнес-плана/План Потери за отчётный период Тверьэнерго' is: '447 343'

16-10-2024T09:19:39 - [MESSAGE][PASSED] - Text of object 'Object Repository/Выполнение бизнес-плана/Значения со страницы Выполнение бизнес-плана/План Потери за отчётный период Тверьэнерго' is: '447 343'

16-10-2024T09:19:39 - [TEST_STEP][PASSED] - page = page.replaceAll("\s+", ""): null

16-10-2024T09:19:39 - [TEST_STEP][PASSED] - filePoteri = poteri.toInteger(): null

16-10-2024T09:19:39 - [TEST_STEP][PASSED] - pagePoteri = page.toInteger(): null

16-10-2024T09:19:39 - [TEST_STEP][PASSED] - compare = pageOtpuskVSet: null

16-10-2024T09:19:39 - [TEST_STEP][PASSED] - if (compare == fileOtpuskVSet): null

16-10-2024T09:19:39 - [TEST_STEP][PASSED] - if (compare == fileOtpuskVSet): null

16-10-2024T09:19:39 - [TEST_STEP][PASSED] - compare = pagePoteri: null

16-10-2024T09:19:39 - [TEST_STEP][PASSED] - if (compare == filePoteri): null

16-10-2024T09:19:39 - [TEST_STEP][PASSED] - if (compare == filePoteri): null

16-10-2024T09:19:39 - [TEST_STEP][PASSED] - if (planFact == 2): Object: 'Object Repository/Выполнение бизнес-плана/Кнопка Факт' is clicked on

16-10-2024T09:19:39 - [TEST_STEP][PASSED] - click(findTestObject("Выполнение бизнес-плана/Кнопка Факт")): Object: 'Object Repository/Выполнение бизнес-плана/Кнопка Факт' is clicked on

16-10-2024T09:19:39 - [MESSAGE][PASSED] - Object: 'Object Repository/Выполнение бизнес-плана/Кнопка Факт' is clicked on

16-10-2024T09:19:39 - [TEST_STEP][PASSED] - if (a == 84 || a == 82): null

16-10-2024T09:19:39 - [TEST_STEP][PASSED] - else if (a == 52 || a == 72 || a == 28 || a == 73 || a == 77 || a == 74 || a == 65 || a == 36 || a == 44 || a == 53 || a == 80 || a == 54 || a == 1 || a == 18 || a == 59 || a == 81): null

16-10-2024T09:19:39 - [TEST_STEP][PASSED] - else: null

16-10-2024T09:19:39 - [TEST_STEP][PASSED] - page1 = getText(findTestObject("Object Repository/Выполнение бизнес-плана/spanPlan" + filialNum)): Text of object 'Object Repository/Выполнение бизнес-плана/spanPlan14' is: '13.43
|'

16-10-2024T09:19:39 - [MESSAGE][PASSED] - Text of object 'Object Repository/Выполнение бизнес-плана/spanPlan14' is: '13.43
|'

16-10-2024T09:19:39 - [TEST_STEP][PASSED] - page1 = page1.replace("|", ""): null

16-10-2024T09:19:39 - [TEST_STEP][PASSED] - page2 = getText(findTestObject("Object Repository/Выполнение бизнес-плана/spanFact" + filialNum)): Text of object 'Object Repository/Выполнение бизнес-плана/spanFact14' is: '13.13
|'

16-10-2024T09:19:40 - [MESSAGE][PASSED] - Text of object 'Object Repository/Выполнение бизнес-плана/spanFact14' is: '13.13
|'

16-10-2024T09:19:40 - [TEST_STEP][PASSED] - page2 = page2.replace("|", ""): null

16-10-2024T09:19:40 - [TEST_STEP][PASSED] - println("page1: " + page1): null

16-10-2024T09:19:40 - [TEST_STEP][PASSED] - println("page2: " + page2): null

16-10-2024T09:19:40 - [TEST_STEP][PASSED] - file = findTestData("PlanFact").getValue(4, a): null

16-10-2024T09:19:40 - [TEST_STEP][PASSED] - file = file.replace(",", "."): null

16-10-2024T09:19:40 - [TEST_STEP][PASSED] - println("file Plan: " + file): null

16-10-2024T09:19:40 - [TEST_STEP][PASSED] - typeOfData = "План в процентах": null

16-10-2024T09:19:40 - [TEST_STEP][PASSED] - fileDouble = file.toDouble(): null

16-10-2024T09:19:40 - [TEST_STEP][PASSED] - pageDouble = page1.toDouble(): null

16-10-2024T09:19:40 - [TEST_STEP][PASSED] - if (fileDouble != pageDouble): null

16-10-2024T09:19:40 - [TEST_STEP][PASSED] - file = findTestData("PlanFact").getValue(7, a): null

16-10-2024T09:19:40 - [TEST_STEP][PASSED] - file = file.replace(",", "."): null

16-10-2024T09:19:40 - [TEST_STEP][PASSED] - println("file Fact: " + file): null

16-10-2024T09:19:40 - [TEST_STEP][PASSED] - fileDouble = file.toDouble(): null

16-10-2024T09:19:40 - [TEST_STEP][PASSED] - typeOfData = "Факт в процентах": null

16-10-2024T09:19:40 - [TEST_STEP][PASSED] - fileDouble = file.toDouble(): null

16-10-2024T09:19:40 - [TEST_STEP][PASSED] - pageDouble = page2.toDouble(): null

16-10-2024T09:19:40 - [TEST_STEP][PASSED] - if (fileDouble != pageDouble): null

16-10-2024T09:19:40 - [TEST_STEP][PASSED] - if (verifyEqual(numberOfErrors, 0) == false): Actual object '0' and expected object '0' are equal

16-10-2024T09:19:40 - [MESSAGE][PASSED] - Actual object '0' and expected object '0' are equal

16-10-2024T09:19:40 - [TEST_STEP][PASSED] - if (a == 82): null

16-10-2024T09:19:40 - [TEST_STEP][PASSED] - dZO = "Ярэнерго": null

16-10-2024T09:19:40 - [TEST_STEP][PASSED] - a = 12: null

16-10-2024T09:19:40 - [TEST_STEP][PASSED] - if (x2.contains(dZO)): null

16-10-2024T09:19:40 - [TEST_STEP][PASSED] - filialNum = filialNum + 1: null

16-10-2024T09:19:40 - [TEST_STEP][PASSED] - Script1718980020443.Numbers(a, typeOfData, todaysDate, pageInt, fileInt, pageDouble, fileDouble, dZO, dzoNum, filialNum): null

16-10-2024T09:19:40 - [TEST_STEP][PASSED] - println(dzoNum): null

16-10-2024T09:19:40 - [TEST_STEP][PASSED] - planFact = <not implemented yet for class: org.codehaus.groovy.ast.expr.EmptyExpression>: null

16-10-2024T09:19:40 - [TEST_STEP][PASSED] - page = <not implemented yet for class: org.codehaus.groovy.ast.expr.EmptyExpression>: null

16-10-2024T09:19:40 - [TEST_STEP][PASSED] - page1 = <not implemented yet for class: org.codehaus.groovy.ast.expr.EmptyExpression>: null

16-10-2024T09:19:40 - [TEST_STEP][PASSED] - page2 = <not implemented yet for class: org.codehaus.groovy.ast.expr.EmptyExpression>: null

16-10-2024T09:19:40 - [TEST_STEP][PASSED] - filialNumberInRow = <not implemented yet for class: org.codehaus.groovy.ast.expr.EmptyExpression>: null

16-10-2024T09:19:40 - [TEST_STEP][PASSED] - filialsDzoNames = <not implemented yet for class: org.codehaus.groovy.ast.expr.EmptyExpression>: null

16-10-2024T09:19:40 - [TEST_STEP][PASSED] - numberOfFilials = <not implemented yet for class: org.codehaus.groovy.ast.expr.EmptyExpression>: null

16-10-2024T09:19:40 - [TEST_STEP][PASSED] - numberOfSpaces = <not implemented yet for class: org.codehaus.groovy.ast.expr.EmptyExpression>: null

16-10-2024T09:19:40 - [TEST_STEP][PASSED] - file = <not implemented yet for class: org.codehaus.groovy.ast.expr.EmptyExpression>: null

16-10-2024T09:19:40 - [TEST_STEP][PASSED] - otpusk = <not implemented yet for class: org.codehaus.groovy.ast.expr.EmptyExpression>: null

16-10-2024T09:19:40 - [TEST_STEP][PASSED] - poteri = <not implemented yet for class: org.codehaus.groovy.ast.expr.EmptyExpression>: null

16-10-2024T09:19:40 - [TEST_STEP][PASSED] - dataFolder = "Выполнение бизнес-плана/Значения со страницы Выполнение бизнес-плана/": null

16-10-2024T09:19:40 - [TEST_STEP][PASSED] - path = <not implemented yet for class: org.codehaus.groovy.ast.expr.EmptyExpression>: null

16-10-2024T09:19:40 - [TEST_STEP][PASSED] - typeOfDataMain = <not implemented yet for class: org.codehaus.groovy.ast.expr.EmptyExpression>: null

16-10-2024T09:19:40 - [TEST_STEP][PASSED] - fileOtpuskVSet = <not implemented yet for class: org.codehaus.groovy.ast.expr.EmptyExpression>: null

16-10-2024T09:19:40 - [TEST_STEP][PASSED] - pageOtpuskVSet = <not implemented yet for class: org.codehaus.groovy.ast.expr.EmptyExpression>: null

16-10-2024T09:19:40 - [TEST_STEP][PASSED] - filePoteri = <not implemented yet for class: org.codehaus.groovy.ast.expr.EmptyExpression>: null

16-10-2024T09:19:40 - [TEST_STEP][PASSED] - pagePoteri = <not implemented yet for class: org.codehaus.groovy.ast.expr.EmptyExpression>: null

16-10-2024T09:19:40 - [TEST_STEP][PASSED] - compare = <not implemented yet for class: org.codehaus.groovy.ast.expr.EmptyExpression>: null

16-10-2024T09:19:40 - [TEST_STEP][PASSED] - b = <not implemented yet for class: org.codehaus.groovy.ast.expr.EmptyExpression>: null

16-10-2024T09:19:40 - [TEST_STEP][PASSED] - i = <not implemented yet for class: org.codehaus.groovy.ast.expr.EmptyExpression>: null

16-10-2024T09:19:40 - [TEST_STEP][PASSED] - ii = <not implemented yet for class: org.codehaus.groovy.ast.expr.EmptyExpression>: null

16-10-2024T09:19:40 - [TEST_STEP][PASSED] - c = <not implemented yet for class: org.codehaus.groovy.ast.expr.EmptyExpression>: null

16-10-2024T09:19:40 - [TEST_STEP][PASSED] - numberOfErrors = 0: null

16-10-2024T09:19:40 - [TEST_STEP][PASSED] - if (a == 82): null

16-10-2024T09:19:40 - [TEST_STEP][PASSED] - b = findTestData("PlanFact").getValue(1, a): null

16-10-2024T09:19:40 - [TEST_STEP][PASSED] - i = b.indexOf(" (ГК)"): null

16-10-2024T09:19:40 - [TEST_STEP][PASSED] - if (i > -1): null

16-10-2024T09:19:40 - [TEST_STEP][PASSED] - i = b.indexOf("О ""): null

16-10-2024T09:19:40 - [TEST_STEP][PASSED] - if (i > -1): null

16-10-2024T09:19:40 - [TEST_STEP][PASSED] - i = b.indexOf("О «"): null

16-10-2024T09:19:40 - [TEST_STEP][PASSED] - if (i > -1): null

16-10-2024T09:19:40 - [TEST_STEP][PASSED] - i = b.indexOf("г. "): null

16-10-2024T09:19:40 - [TEST_STEP][PASSED] - if (i > -1): null

16-10-2024T09:19:40 - [TEST_STEP][PASSED] - println(b): null

16-10-2024T09:19:40 - [TEST_STEP][PASSED] - for ([planFact = 1, planFact < 3, (planFact++)]): null

16-10-2024T09:19:40 - [TEST_STEP][PASSED] - if (planFact == 1): null

16-10-2024T09:19:40 - [TEST_STEP][PASSED] - typeOfDataMain = "Факт": null

16-10-2024T09:19:40 - [TEST_STEP][PASSED] - otpusk = findTestData("PlanFact").getValue(5, a): null

16-10-2024T09:19:40 - [TEST_STEP][PASSED] - poteri = findTestData("PlanFact").getValue(6, a): null

16-10-2024T09:19:40 - [TEST_STEP][PASSED] - otpusk = otpusk.replaceAll("\s+", ""): null

16-10-2024T09:19:40 - [TEST_STEP][PASSED] - poteri = poteri.replaceAll("\s+", ""): null

16-10-2024T09:19:40 - [TEST_STEP][PASSED] - typeOfData = typeOfDataMain + " Отпуск в сеть": null

16-10-2024T09:19:40 - [TEST_STEP][PASSED] - if (a == 82): null

16-10-2024T09:19:40 - [TEST_STEP][PASSED] - else if (a == 84): null

16-10-2024T09:19:40 - [TEST_STEP][PASSED] - else if (a == 52 || a == 72 || a == 28 || a == 73 || a == 77 || a == 74 || a == 65 || a == 36 || a == 44 || a == 53 || a == 80 || a == 54 || a == 1 || a == 18 || a == 59 || a == 81): null

16-10-2024T09:19:40 - [TEST_STEP][PASSED] - else: null

16-10-2024T09:19:40 - [TEST_STEP][PASSED] - path = dataFolder + typeOfData + " за отчётный период " + b: null

16-10-2024T09:19:40 - [TEST_STEP][PASSED] - println(path): null

16-10-2024T09:19:40 - [TEST_STEP][PASSED] - page = getText(findTestObject(path)): Text of object 'Object Repository/Выполнение бизнес-плана/Значения со страницы Выполнение бизнес-плана/Факт Отпуск в сеть за отчётный период Ярэнерго' is: '4 760 234'

16-10-2024T09:19:40 - [MESSAGE][PASSED] - Text of object 'Object Repository/Выполнение бизнес-плана/Значения со страницы Выполнение бизнес-плана/Факт Отпуск в сеть за отчётный период Ярэнерго' is: '4 760 234'

16-10-2024T09:19:40 - [TEST_STEP][PASSED] - page = page.replaceAll("\s+", ""): null

16-10-2024T09:19:40 - [TEST_STEP][PASSED] - fileOtpuskVSet = otpusk.toInteger(): null

16-10-2024T09:19:40 - [TEST_STEP][PASSED] - pageOtpuskVSet = page.toInteger(): null

16-10-2024T09:19:40 - [TEST_STEP][PASSED] - typeOfData = typeOfDataMain + " Потери": null

16-10-2024T09:19:40 - [TEST_STEP][PASSED] - if (a == 82): null

16-10-2024T09:19:40 - [TEST_STEP][PASSED] - else if (a == 84): null

16-10-2024T09:19:40 - [TEST_STEP][PASSED] - else if (a == 52 || a == 72 || a == 28 || a == 73 || a == 77 || a == 74 || a == 65 || a == 36 || a == 44 || a == 53 || a == 80 || a == 54 || a == 1 || a == 18 || a == 59 || a == 81): null

16-10-2024T09:19:40 - [TEST_STEP][PASSED] - else: null

16-10-2024T09:19:40 - [TEST_STEP][PASSED] - path = dataFolder + typeOfData + " за отчётный период " + b: null

16-10-2024T09:19:40 - [TEST_STEP][PASSED] - page = getText(findTestObject(path)): Text of object 'Object Repository/Выполнение бизнес-плана/Значения со страницы Выполнение бизнес-плана/Факт Потери за отчётный период Ярэнерго' is: '392 399'

16-10-2024T09:19:41 - [MESSAGE][PASSED] - Text of object 'Object Repository/Выполнение бизнес-плана/Значения со страницы Выполнение бизнес-плана/Факт Потери за отчётный период Ярэнерго' is: '392 399'

16-10-2024T09:19:41 - [TEST_STEP][PASSED] - page = page.replaceAll("\s+", ""): null

16-10-2024T09:19:41 - [TEST_STEP][PASSED] - filePoteri = poteri.toInteger(): null

16-10-2024T09:19:41 - [TEST_STEP][PASSED] - pagePoteri = page.toInteger(): null

16-10-2024T09:19:41 - [TEST_STEP][PASSED] - compare = pageOtpuskVSet: null

16-10-2024T09:19:41 - [TEST_STEP][PASSED] - if (compare == fileOtpuskVSet): null

16-10-2024T09:19:41 - [TEST_STEP][PASSED] - else if (compare > fileOtpuskVSet): null

16-10-2024T09:19:41 - [TEST_STEP][PASSED] - compare = compare - 1: null

16-10-2024T09:19:41 - [TEST_STEP][PASSED] - if (compare == fileOtpuskVSet): null

16-10-2024T09:19:41 - [TEST_STEP][PASSED] - else: null

16-10-2024T09:19:41 - [TEST_STEP][PASSED] - numberOfErrors = numberOfErrors + 1: null

16-10-2024T09:19:41 - [TEST_STEP][PASSED] - pageInt = pageOtpuskVSet: null

16-10-2024T09:19:41 - [TEST_STEP][PASSED] - fileInt = fileOtpuskVSet: null

16-10-2024T09:19:41 - [TEST_STEP][PASSED] - typeOfData = typeOfDataMain + " Отпуск в сеть": null

16-10-2024T09:19:41 - [TEST_STEP][PASSED] - Script1718980020443.WriteToExcel(a, typeOfData, todaysDate, pageInt, fileInt, pageDouble, fileDouble, dZO): null

16-10-2024T09:19:41 - [TEST_STEP][PASSED] - sheetName = "Sheet1": null

16-10-2024T09:19:41 - [TEST_STEP][PASSED] - data = findTestData("PlanFact"): null

16-10-2024T09:19:41 - [TEST_STEP][PASSED] - n = data.getRowNumbers() + 1: null

16-10-2024T09:19:41 - [TEST_STEP][PASSED] - year = todaysDate.substring(todaysDate.length() - 4, todaysDate.length()): null

16-10-2024T09:19:41 - [TEST_STEP][PASSED] - y = year.toInteger(): null

16-10-2024T09:19:41 - [TEST_STEP][PASSED] - m = getText(findTestObject("Выполнение бизнес-плана/Период")): Text of object 'Object Repository/Выполнение бизнес-плана/Период' is: '1, 2 кв., Июль, Август 2024 года'

16-10-2024T09:19:41 - [MESSAGE][PASSED] - Text of object 'Object Repository/Выполнение бизнес-плана/Период' is: '1, 2 кв., Июль, Август 2024 года'

16-10-2024T09:19:41 - [TEST_STEP][PASSED] - m = m.substring(0, m.indexOf("2024")): null

16-10-2024T09:19:41 - [TEST_STEP][PASSED] - m = m.trim(): null

16-10-2024T09:19:41 - [TEST_STEP][PASSED] - dashboardName = "Выполнение бизнес-плана": null

16-10-2024T09:19:41 - [TEST_STEP][PASSED] - workbook01 = getWorkbook(excelFilePath): null

16-10-2024T09:19:41 - [TEST_STEP][PASSED] - sheet01 = getExcelSheet(workbook01, sheetName): null

16-10-2024T09:19:41 - [TEST_STEP][PASSED] - setValueToCellByIndex(sheet01, n, 0, dashboardName): null

16-10-2024T09:19:41 - [TEST_STEP][PASSED] - setValueToCellByIndex(sheet01, n, 1, dZO): null

16-10-2024T09:19:41 - [TEST_STEP][PASSED] - setValueToCellByIndex(sheet01, n, 2, typeOfData): null

16-10-2024T09:19:41 - [TEST_STEP][PASSED] - if (typeOfData == "Факт в процентах" || typeOfData == "План в процентах"): null

16-10-2024T09:19:41 - [TEST_STEP][PASSED] - else: null

16-10-2024T09:19:41 - [TEST_STEP][PASSED] - setValueToCellByIndex(sheet01, n, 3, fileInt): null

16-10-2024T09:19:41 - [TEST_STEP][PASSED] - setValueToCellByIndex(sheet01, n, 4, pageInt): null

16-10-2024T09:19:41 - [TEST_STEP][PASSED] - setValueToCellByIndex(sheet01, n, 5, m): null

16-10-2024T09:19:41 - [TEST_STEP][PASSED] - setValueToCellByIndex(sheet01, n, 6, y): null

16-10-2024T09:19:41 - [TEST_STEP][PASSED] - setValueToCellByIndex(sheet01, n, 7, todaysDate): null

16-10-2024T09:19:41 - [TEST_STEP][PASSED] - n = n + 1: null

16-10-2024T09:19:41 - [TEST_STEP][PASSED] - saveWorkbook(excelFilePath, workbook01): null

16-10-2024T09:19:42 - [TEST_STEP][PASSED] - compare = pagePoteri: null

16-10-2024T09:19:42 - [TEST_STEP][PASSED] - if (compare == filePoteri): null

16-10-2024T09:19:42 - [TEST_STEP][PASSED] - else if (compare > filePoteri): null

16-10-2024T09:19:42 - [TEST_STEP][PASSED] - compare = compare - 1: null

16-10-2024T09:19:42 - [TEST_STEP][PASSED] - if (compare == filePoteri): null

16-10-2024T09:19:42 - [TEST_STEP][PASSED] - else: null

16-10-2024T09:19:42 - [TEST_STEP][PASSED] - numberOfErrors = numberOfErrors + 1: null

16-10-2024T09:19:42 - [TEST_STEP][PASSED] - pageInt = pagePoteri: null

16-10-2024T09:19:42 - [TEST_STEP][PASSED] - fileInt = filePoteri: null

16-10-2024T09:19:42 - [TEST_STEP][PASSED] - typeOfData = typeOfDataMain + " Потери": null

16-10-2024T09:19:42 - [TEST_STEP][PASSED] - Script1718980020443.WriteToExcel(a, typeOfData, todaysDate, pageInt, fileInt, pageDouble, fileDouble, dZO): null

16-10-2024T09:19:42 - [TEST_STEP][PASSED] - sheetName = "Sheet1": null

16-10-2024T09:19:42 - [TEST_STEP][PASSED] - data = findTestData("PlanFact"): null

16-10-2024T09:19:42 - [TEST_STEP][PASSED] - n = data.getRowNumbers() + 1: null

16-10-2024T09:19:42 - [TEST_STEP][PASSED] - year = todaysDate.substring(todaysDate.length() - 4, todaysDate.length()): null

16-10-2024T09:19:42 - [TEST_STEP][PASSED] - y = year.toInteger(): null

16-10-2024T09:19:42 - [TEST_STEP][PASSED] - m = getText(findTestObject("Выполнение бизнес-плана/Период")): Text of object 'Object Repository/Выполнение бизнес-плана/Период' is: '1, 2 кв., Июль, Август 2024 года'

16-10-2024T09:19:42 - [MESSAGE][PASSED] - Text of object 'Object Repository/Выполнение бизнес-плана/Период' is: '1, 2 кв., Июль, Август 2024 года'

16-10-2024T09:19:42 - [TEST_STEP][PASSED] - m = m.substring(0, m.indexOf("2024")): null

16-10-2024T09:19:42 - [TEST_STEP][PASSED] - m = m.trim(): null

16-10-2024T09:19:42 - [TEST_STEP][PASSED] - dashboardName = "Выполнение бизнес-плана": null

16-10-2024T09:19:42 - [TEST_STEP][PASSED] - workbook01 = getWorkbook(excelFilePath): null

16-10-2024T09:19:42 - [TEST_STEP][PASSED] - sheet01 = getExcelSheet(workbook01, sheetName): null

16-10-2024T09:19:42 - [TEST_STEP][PASSED] - setValueToCellByIndex(sheet01, n, 0, dashboardName): null

16-10-2024T09:19:42 - [TEST_STEP][PASSED] - setValueToCellByIndex(sheet01, n, 1, dZO): null

16-10-2024T09:19:42 - [TEST_STEP][PASSED] - setValueToCellByIndex(sheet01, n, 2, typeOfData): null

16-10-2024T09:19:42 - [TEST_STEP][PASSED] - if (typeOfData == "Факт в процентах" || typeOfData == "План в процентах"): null

16-10-2024T09:19:42 - [TEST_STEP][PASSED] - else: null

16-10-2024T09:19:42 - [TEST_STEP][PASSED] - setValueToCellByIndex(sheet01, n, 3, fileInt): null

16-10-2024T09:19:42 - [TEST_STEP][PASSED] - setValueToCellByIndex(sheet01, n, 4, pageInt): null

16-10-2024T09:19:42 - [TEST_STEP][PASSED] - setValueToCellByIndex(sheet01, n, 5, m): null

16-10-2024T09:19:42 - [TEST_STEP][PASSED] - setValueToCellByIndex(sheet01, n, 6, y): null

16-10-2024T09:19:42 - [TEST_STEP][PASSED] - setValueToCellByIndex(sheet01, n, 7, todaysDate): null

16-10-2024T09:19:42 - [TEST_STEP][PASSED] - n = n + 1: null

16-10-2024T09:19:42 - [TEST_STEP][PASSED] - saveWorkbook(excelFilePath, workbook01): null

16-10-2024T09:19:42 - [TEST_STEP][PASSED] - if (planFact == 2): null

16-10-2024T09:19:42 - [TEST_STEP][PASSED] - if (planFact == 1): null

16-10-2024T09:19:42 - [TEST_STEP][PASSED] - else if (planFact == 2): null

16-10-2024T09:19:42 - [TEST_STEP][PASSED] - click(findTestObject("Выполнение бизнес-плана/Кнопка План")): Object: 'Object Repository/Выполнение бизнес-плана/Кнопка План' is clicked on

16-10-2024T09:19:43 - [MESSAGE][PASSED] - Object: 'Object Repository/Выполнение бизнес-плана/Кнопка План' is clicked on

16-10-2024T09:19:43 - [TEST_STEP][PASSED] - typeOfDataMain = "План": null

16-10-2024T09:19:43 - [TEST_STEP][PASSED] - otpusk = findTestData("PlanFact").getValue(2, a): null

16-10-2024T09:19:43 - [TEST_STEP][PASSED] - poteri = findTestData("PlanFact").getValue(3, a): null

16-10-2024T09:19:43 - [TEST_STEP][PASSED] - otpusk = otpusk.replaceAll("\s+", ""): null

16-10-2024T09:19:43 - [TEST_STEP][PASSED] - poteri = poteri.replaceAll("\s+", ""): null

16-10-2024T09:19:43 - [TEST_STEP][PASSED] - typeOfData = typeOfDataMain + " Отпуск в сеть": null

16-10-2024T09:19:43 - [TEST_STEP][PASSED] - if (a == 82): null

16-10-2024T09:19:43 - [TEST_STEP][PASSED] - else if (a == 84): null

16-10-2024T09:19:43 - [TEST_STEP][PASSED] - else if (a == 52 || a == 72 || a == 28 || a == 73 || a == 77 || a == 74 || a == 65 || a == 36 || a == 44 || a == 53 || a == 80 || a == 54 || a == 1 || a == 18 || a == 59 || a == 81): null

16-10-2024T09:19:43 - [TEST_STEP][PASSED] - else: null

16-10-2024T09:19:43 - [TEST_STEP][PASSED] - path = dataFolder + typeOfData + " за отчётный период " + b: null

16-10-2024T09:19:43 - [TEST_STEP][PASSED] - println(path): null

16-10-2024T09:19:43 - [TEST_STEP][PASSED] - page = getText(findTestObject(path)): Text of object 'Object Repository/Выполнение бизнес-плана/Значения со страницы Выполнение бизнес-плана/План Отпуск в сеть за отчётный период Ярэнерго' is: '4 477 248'

16-10-2024T09:19:43 - [MESSAGE][PASSED] - Text of object 'Object Repository/Выполнение бизнес-плана/Значения со страницы Выполнение бизнес-плана/План Отпуск в сеть за отчётный период Ярэнерго' is: '4 477 248'

16-10-2024T09:19:43 - [TEST_STEP][PASSED] - page = page.replaceAll("\s+", ""): null

16-10-2024T09:19:43 - [TEST_STEP][PASSED] - fileOtpuskVSet = otpusk.toInteger(): null

16-10-2024T09:19:43 - [TEST_STEP][PASSED] - pageOtpuskVSet = page.toInteger(): null

16-10-2024T09:19:43 - [TEST_STEP][PASSED] - typeOfData = typeOfDataMain + " Потери": null

16-10-2024T09:19:43 - [TEST_STEP][PASSED] - if (a == 82): null

16-10-2024T09:19:43 - [TEST_STEP][PASSED] - else if (a == 84): null

16-10-2024T09:19:43 - [TEST_STEP][PASSED] - else if (a == 52 || a == 72 || a == 28 || a == 73 || a == 77 || a == 74 || a == 65 || a == 36 || a == 44 || a == 53 || a == 80 || a == 54 || a == 1 || a == 18 || a == 59 || a == 81): null

16-10-2024T09:19:43 - [TEST_STEP][PASSED] - else: null

16-10-2024T09:19:43 - [TEST_STEP][PASSED] - path = dataFolder + typeOfData + " за отчётный период " + b: null

16-10-2024T09:19:43 - [TEST_STEP][PASSED] - page = getText(findTestObject(path)): Text of object 'Object Repository/Выполнение бизнес-плана/Значения со страницы Выполнение бизнес-плана/План Потери за отчётный период Ярэнерго' is: '402 420'

16-10-2024T09:19:43 - [MESSAGE][PASSED] - Text of object 'Object Repository/Выполнение бизнес-плана/Значения со страницы Выполнение бизнес-плана/План Потери за отчётный период Ярэнерго' is: '402 420'

16-10-2024T09:19:43 - [TEST_STEP][PASSED] - page = page.replaceAll("\s+", ""): null

16-10-2024T09:19:43 - [TEST_STEP][PASSED] - filePoteri = poteri.toInteger(): null

16-10-2024T09:19:43 - [TEST_STEP][PASSED] - pagePoteri = page.toInteger(): null

16-10-2024T09:19:43 - [TEST_STEP][PASSED] - compare = pageOtpuskVSet: null

16-10-2024T09:19:43 - [TEST_STEP][PASSED] - if (compare == fileOtpuskVSet): null

16-10-2024T09:19:43 - [TEST_STEP][PASSED] - else if (compare > fileOtpuskVSet): null

16-10-2024T09:19:43 - [TEST_STEP][PASSED] - compare = compare - 1: null

16-10-2024T09:19:43 - [TEST_STEP][PASSED] - if (compare == fileOtpuskVSet): null

16-10-2024T09:19:43 - [TEST_STEP][PASSED] - else: null

16-10-2024T09:19:43 - [TEST_STEP][PASSED] - numberOfErrors = numberOfErrors + 1: null

16-10-2024T09:19:43 - [TEST_STEP][PASSED] - pageInt = pageOtpuskVSet: null

16-10-2024T09:19:43 - [TEST_STEP][PASSED] - fileInt = fileOtpuskVSet: null

16-10-2024T09:19:43 - [TEST_STEP][PASSED] - typeOfData = typeOfDataMain + " Отпуск в сеть": null

16-10-2024T09:19:43 - [TEST_STEP][PASSED] - Script1718980020443.WriteToExcel(a, typeOfData, todaysDate, pageInt, fileInt, pageDouble, fileDouble, dZO): null

16-10-2024T09:19:43 - [TEST_STEP][PASSED] - sheetName = "Sheet1": null

16-10-2024T09:19:43 - [TEST_STEP][PASSED] - data = findTestData("PlanFact"): null

16-10-2024T09:19:43 - [TEST_STEP][PASSED] - n = data.getRowNumbers() + 1: null

16-10-2024T09:19:43 - [TEST_STEP][PASSED] - year = todaysDate.substring(todaysDate.length() - 4, todaysDate.length()): null

16-10-2024T09:19:43 - [TEST_STEP][PASSED] - y = year.toInteger(): null

16-10-2024T09:19:43 - [TEST_STEP][PASSED] - m = getText(findTestObject("Выполнение бизнес-плана/Период")): Text of object 'Object Repository/Выполнение бизнес-плана/Период' is: '1, 2 кв., Июль, Август 2024 года'

16-10-2024T09:19:44 - [MESSAGE][PASSED] - Text of object 'Object Repository/Выполнение бизнес-плана/Период' is: '1, 2 кв., Июль, Август 2024 года'

16-10-2024T09:19:44 - [TEST_STEP][PASSED] - m = m.substring(0, m.indexOf("2024")): null

16-10-2024T09:19:44 - [TEST_STEP][PASSED] - m = m.trim(): null

16-10-2024T09:19:44 - [TEST_STEP][PASSED] - dashboardName = "Выполнение бизнес-плана": null

16-10-2024T09:19:44 - [TEST_STEP][PASSED] - workbook01 = getWorkbook(excelFilePath): null

16-10-2024T09:19:44 - [TEST_STEP][PASSED] - sheet01 = getExcelSheet(workbook01, sheetName): null

16-10-2024T09:19:44 - [TEST_STEP][PASSED] - setValueToCellByIndex(sheet01, n, 0, dashboardName): null

16-10-2024T09:19:44 - [TEST_STEP][PASSED] - setValueToCellByIndex(sheet01, n, 1, dZO): null

16-10-2024T09:19:44 - [TEST_STEP][PASSED] - setValueToCellByIndex(sheet01, n, 2, typeOfData): null

16-10-2024T09:19:44 - [TEST_STEP][PASSED] - if (typeOfData == "Факт в процентах" || typeOfData == "План в процентах"): null

16-10-2024T09:19:44 - [TEST_STEP][PASSED] - else: null

16-10-2024T09:19:44 - [TEST_STEP][PASSED] - setValueToCellByIndex(sheet01, n, 3, fileInt): null

16-10-2024T09:19:44 - [TEST_STEP][PASSED] - setValueToCellByIndex(sheet01, n, 4, pageInt): null

16-10-2024T09:19:44 - [TEST_STEP][PASSED] - setValueToCellByIndex(sheet01, n, 5, m): null

16-10-2024T09:19:44 - [TEST_STEP][PASSED] - setValueToCellByIndex(sheet01, n, 6, y): null

16-10-2024T09:19:44 - [TEST_STEP][PASSED] - setValueToCellByIndex(sheet01, n, 7, todaysDate): null

16-10-2024T09:19:44 - [TEST_STEP][PASSED] - n = n + 1: null

16-10-2024T09:19:44 - [TEST_STEP][PASSED] - saveWorkbook(excelFilePath, workbook01): null

16-10-2024T09:19:44 - [TEST_STEP][PASSED] - compare = pagePoteri: null

16-10-2024T09:19:44 - [TEST_STEP][PASSED] - if (compare == filePoteri): null

16-10-2024T09:19:44 - [TEST_STEP][PASSED] - else if (compare > filePoteri): null

16-10-2024T09:19:44 - [TEST_STEP][PASSED] - compare = compare - 1: null

16-10-2024T09:19:44 - [TEST_STEP][PASSED] - if (compare == filePoteri): null

16-10-2024T09:19:44 - [TEST_STEP][PASSED] - else: null

16-10-2024T09:19:44 - [TEST_STEP][PASSED] - numberOfErrors = numberOfErrors + 1: null

16-10-2024T09:19:44 - [TEST_STEP][PASSED] - pageInt = pagePoteri: null

16-10-2024T09:19:44 - [TEST_STEP][PASSED] - fileInt = filePoteri: null

16-10-2024T09:19:44 - [TEST_STEP][PASSED] - typeOfData = typeOfDataMain + " Потери": null

16-10-2024T09:19:44 - [TEST_STEP][PASSED] - Script1718980020443.WriteToExcel(a, typeOfData, todaysDate, pageInt, fileInt, pageDouble, fileDouble, dZO): null

16-10-2024T09:19:44 - [TEST_STEP][PASSED] - sheetName = "Sheet1": null

16-10-2024T09:19:44 - [TEST_STEP][PASSED] - data = findTestData("PlanFact"): null

16-10-2024T09:19:44 - [TEST_STEP][PASSED] - n = data.getRowNumbers() + 1: null

16-10-2024T09:19:44 - [TEST_STEP][PASSED] - year = todaysDate.substring(todaysDate.length() - 4, todaysDate.length()): null

16-10-2024T09:19:44 - [TEST_STEP][PASSED] - y = year.toInteger(): null

16-10-2024T09:19:44 - [TEST_STEP][PASSED] - m = getText(findTestObject("Выполнение бизнес-плана/Период")): Text of object 'Object Repository/Выполнение бизнес-плана/Период' is: '1, 2 кв., Июль, Август 2024 года'

16-10-2024T09:19:44 - [MESSAGE][PASSED] - Text of object 'Object Repository/Выполнение бизнес-плана/Период' is: '1, 2 кв., Июль, Август 2024 года'

16-10-2024T09:19:44 - [TEST_STEP][PASSED] - m = m.substring(0, m.indexOf("2024")): null

16-10-2024T09:19:44 - [TEST_STEP][PASSED] - m = m.trim(): null

16-10-2024T09:19:44 - [TEST_STEP][PASSED] - dashboardName = "Выполнение бизнес-плана": null

16-10-2024T09:19:44 - [TEST_STEP][PASSED] - workbook01 = getWorkbook(excelFilePath): null

16-10-2024T09:19:44 - [TEST_STEP][PASSED] - sheet01 = getExcelSheet(workbook01, sheetName): null

16-10-2024T09:19:44 - [TEST_STEP][PASSED] - setValueToCellByIndex(sheet01, n, 0, dashboardName): null

16-10-2024T09:19:44 - [TEST_STEP][PASSED] - setValueToCellByIndex(sheet01, n, 1, dZO): null

16-10-2024T09:19:44 - [TEST_STEP][PASSED] - setValueToCellByIndex(sheet01, n, 2, typeOfData): null

16-10-2024T09:19:44 - [TEST_STEP][PASSED] - if (typeOfData == "Факт в процентах" || typeOfData == "План в процентах"): null

16-10-2024T09:19:44 - [TEST_STEP][PASSED] - else: null

16-10-2024T09:19:44 - [TEST_STEP][PASSED] - setValueToCellByIndex(sheet01, n, 3, fileInt): null

16-10-2024T09:19:44 - [TEST_STEP][PASSED] - setValueToCellByIndex(sheet01, n, 4, pageInt): null

16-10-2024T09:19:44 - [TEST_STEP][PASSED] - setValueToCellByIndex(sheet01, n, 5, m): null

16-10-2024T09:19:44 - [TEST_STEP][PASSED] - setValueToCellByIndex(sheet01, n, 6, y): null

16-10-2024T09:19:44 - [TEST_STEP][PASSED] - setValueToCellByIndex(sheet01, n, 7, todaysDate): null

16-10-2024T09:19:44 - [TEST_STEP][PASSED] - n = n + 1: null

16-10-2024T09:19:44 - [TEST_STEP][PASSED] - saveWorkbook(excelFilePath, workbook01): Object: 'Object Repository/Выполнение бизнес-плана/Кнопка Факт' is clicked on

16-10-2024T09:19:45 - [TEST_STEP][PASSED] - if (planFact == 2): Object: 'Object Repository/Выполнение бизнес-плана/Кнопка Факт' is clicked on

16-10-2024T09:19:45 - [TEST_STEP][PASSED] - click(findTestObject("Выполнение бизнес-плана/Кнопка Факт")): Object: 'Object Repository/Выполнение бизнес-плана/Кнопка Факт' is clicked on

16-10-2024T09:19:45 - [MESSAGE][PASSED] - Object: 'Object Repository/Выполнение бизнес-плана/Кнопка Факт' is clicked on

16-10-2024T09:19:45 - [TEST_STEP][PASSED] - if (a == 84 || a == 82): null

16-10-2024T09:19:45 - [TEST_STEP][PASSED] - else if (a == 52 || a == 72 || a == 28 || a == 73 || a == 77 || a == 74 || a == 65 || a == 36 || a == 44 || a == 53 || a == 80 || a == 54 || a == 1 || a == 18 || a == 59 || a == 81): null

16-10-2024T09:19:45 - [TEST_STEP][PASSED] - else: null

16-10-2024T09:19:45 - [TEST_STEP][PASSED] - page1 = getText(findTestObject("Object Repository/Выполнение бизнес-плана/spanPlan" + filialNum)): Text of object 'Object Repository/Выполнение бизнес-плана/spanPlan15' is: '8.99
|'

16-10-2024T09:19:45 - [MESSAGE][PASSED] - Text of object 'Object Repository/Выполнение бизнес-плана/spanPlan15' is: '8.99
|'

16-10-2024T09:19:45 - [TEST_STEP][PASSED] - page1 = page1.replace("|", ""): null

16-10-2024T09:19:45 - [TEST_STEP][PASSED] - page2 = getText(findTestObject("Object Repository/Выполнение бизнес-плана/spanFact" + filialNum)): Text of object 'Object Repository/Выполнение бизнес-плана/spanFact15' is: '8.24
|'

16-10-2024T09:19:46 - [MESSAGE][PASSED] - Text of object 'Object Repository/Выполнение бизнес-плана/spanFact15' is: '8.24
|'

16-10-2024T09:19:46 - [TEST_STEP][PASSED] - page2 = page2.replace("|", ""): null

16-10-2024T09:19:46 - [TEST_STEP][PASSED] - println("page1: " + page1): null

16-10-2024T09:19:46 - [TEST_STEP][PASSED] - println("page2: " + page2): null

16-10-2024T09:19:46 - [TEST_STEP][PASSED] - file = findTestData("PlanFact").getValue(4, a): null

16-10-2024T09:19:46 - [TEST_STEP][PASSED] - file = file.replace(",", "."): null

16-10-2024T09:19:46 - [TEST_STEP][PASSED] - println("file Plan: " + file): null

16-10-2024T09:19:46 - [TEST_STEP][PASSED] - typeOfData = "План в процентах": null

16-10-2024T09:19:46 - [TEST_STEP][PASSED] - fileDouble = file.toDouble(): null

16-10-2024T09:19:46 - [TEST_STEP][PASSED] - pageDouble = page1.toDouble(): null

16-10-2024T09:19:46 - [TEST_STEP][PASSED] - if (fileDouble != pageDouble): null

16-10-2024T09:19:46 - [TEST_STEP][PASSED] - numberOfErrors = numberOfErrors + 1: null

16-10-2024T09:19:46 - [TEST_STEP][PASSED] - Script1718980020443.WriteToExcel(a, typeOfData, todaysDate, pageInt, fileInt, pageDouble, fileDouble, dZO): null

16-10-2024T09:19:46 - [TEST_STEP][PASSED] - sheetName = "Sheet1": null

16-10-2024T09:19:46 - [TEST_STEP][PASSED] - data = findTestData("PlanFact"): null

16-10-2024T09:19:46 - [TEST_STEP][PASSED] - n = data.getRowNumbers() + 1: null

16-10-2024T09:19:46 - [TEST_STEP][PASSED] - year = todaysDate.substring(todaysDate.length() - 4, todaysDate.length()): null

16-10-2024T09:19:46 - [TEST_STEP][PASSED] - y = year.toInteger(): null

16-10-2024T09:19:46 - [TEST_STEP][PASSED] - m = getText(findTestObject("Выполнение бизнес-плана/Период")): Text of object 'Object Repository/Выполнение бизнес-плана/Период' is: '1, 2 кв., Июль, Август 2024 года'

16-10-2024T09:19:46 - [MESSAGE][PASSED] - Text of object 'Object Repository/Выполнение бизнес-плана/Период' is: '1, 2 кв., Июль, Август 2024 года'

16-10-2024T09:19:46 - [TEST_STEP][PASSED] - m = m.substring(0, m.indexOf("2024")): null

16-10-2024T09:19:46 - [TEST_STEP][PASSED] - m = m.trim(): null

16-10-2024T09:19:46 - [TEST_STEP][PASSED] - dashboardName = "Выполнение бизнес-плана": null

16-10-2024T09:19:46 - [TEST_STEP][PASSED] - workbook01 = getWorkbook(excelFilePath): null

16-10-2024T09:19:46 - [TEST_STEP][PASSED] - sheet01 = getExcelSheet(workbook01, sheetName): null

16-10-2024T09:19:46 - [TEST_STEP][PASSED] - setValueToCellByIndex(sheet01, n, 0, dashboardName): null

16-10-2024T09:19:46 - [TEST_STEP][PASSED] - setValueToCellByIndex(sheet01, n, 1, dZO): null

16-10-2024T09:19:46 - [TEST_STEP][PASSED] - setValueToCellByIndex(sheet01, n, 2, typeOfData): null

16-10-2024T09:19:46 - [TEST_STEP][PASSED] - if (typeOfData == "Факт в процентах" || typeOfData == "План в процентах"): null

16-10-2024T09:19:46 - [TEST_STEP][PASSED] - setValueToCellByIndex(sheet01, n, 3, fileDouble): null

16-10-2024T09:19:46 - [TEST_STEP][PASSED] - setValueToCellByIndex(sheet01, n, 4, pageDouble): null

16-10-2024T09:19:46 - [TEST_STEP][PASSED] - setValueToCellByIndex(sheet01, n, 5, m): null

16-10-2024T09:19:46 - [TEST_STEP][PASSED] - setValueToCellByIndex(sheet01, n, 6, y): null

16-10-2024T09:19:46 - [TEST_STEP][PASSED] - setValueToCellByIndex(sheet01, n, 7, todaysDate): null

16-10-2024T09:19:46 - [TEST_STEP][PASSED] - n = n + 1: null

16-10-2024T09:19:46 - [TEST_STEP][PASSED] - saveWorkbook(excelFilePath, workbook01): null

16-10-2024T09:19:46 - [TEST_STEP][PASSED] - file = findTestData("PlanFact").getValue(7, a): null

16-10-2024T09:19:46 - [TEST_STEP][PASSED] - file = file.replace(",", "."): null

16-10-2024T09:19:46 - [TEST_STEP][PASSED] - println("file Fact: " + file): null

16-10-2024T09:19:46 - [TEST_STEP][PASSED] - fileDouble = file.toDouble(): null

16-10-2024T09:19:46 - [TEST_STEP][PASSED] - typeOfData = "Факт в процентах": null

16-10-2024T09:19:46 - [TEST_STEP][PASSED] - fileDouble = file.toDouble(): null

16-10-2024T09:19:46 - [TEST_STEP][PASSED] - pageDouble = page2.toDouble(): null

16-10-2024T09:19:46 - [TEST_STEP][PASSED] - if (fileDouble != pageDouble): null

16-10-2024T09:19:46 - [TEST_STEP][PASSED] - numberOfErrors = numberOfErrors + 1: null

16-10-2024T09:19:46 - [TEST_STEP][PASSED] - Script1718980020443.WriteToExcel(a, typeOfData, todaysDate, pageInt, fileInt, pageDouble, fileDouble, dZO): null

16-10-2024T09:19:46 - [TEST_STEP][PASSED] - sheetName = "Sheet1": null

16-10-2024T09:19:46 - [TEST_STEP][PASSED] - data = findTestData("PlanFact"): null

16-10-2024T09:19:46 - [TEST_STEP][PASSED] - n = data.getRowNumbers() + 1: null

16-10-2024T09:19:46 - [TEST_STEP][PASSED] - year = todaysDate.substring(todaysDate.length() - 4, todaysDate.length()): null

16-10-2024T09:19:46 - [TEST_STEP][PASSED] - y = year.toInteger(): null

16-10-2024T09:19:46 - [TEST_STEP][PASSED] - m = getText(findTestObject("Выполнение бизнес-плана/Период")): Text of object 'Object Repository/Выполнение бизнес-плана/Период' is: '1, 2 кв., Июль, Август 2024 года'

16-10-2024T09:19:47 - [MESSAGE][PASSED] - Text of object 'Object Repository/Выполнение бизнес-плана/Период' is: '1, 2 кв., Июль, Август 2024 года'

16-10-2024T09:19:47 - [TEST_STEP][PASSED] - m = m.substring(0, m.indexOf("2024")): null

16-10-2024T09:19:47 - [TEST_STEP][PASSED] - m = m.trim(): null

16-10-2024T09:19:47 - [TEST_STEP][PASSED] - dashboardName = "Выполнение бизнес-плана": null

16-10-2024T09:19:47 - [TEST_STEP][PASSED] - workbook01 = getWorkbook(excelFilePath): null

16-10-2024T09:19:47 - [TEST_STEP][PASSED] - sheet01 = getExcelSheet(workbook01, sheetName): null

16-10-2024T09:19:47 - [TEST_STEP][PASSED] - setValueToCellByIndex(sheet01, n, 0, dashboardName): null

16-10-2024T09:19:47 - [TEST_STEP][PASSED] - setValueToCellByIndex(sheet01, n, 1, dZO): null

16-10-2024T09:19:47 - [TEST_STEP][PASSED] - setValueToCellByIndex(sheet01, n, 2, typeOfData): null

16-10-2024T09:19:47 - [TEST_STEP][PASSED] - if (typeOfData == "Факт в процентах" || typeOfData == "План в процентах"): null

16-10-2024T09:19:47 - [TEST_STEP][PASSED] - setValueToCellByIndex(sheet01, n, 3, fileDouble): null

16-10-2024T09:19:47 - [TEST_STEP][PASSED] - setValueToCellByIndex(sheet01, n, 4, pageDouble): null

16-10-2024T09:19:47 - [TEST_STEP][PASSED] - setValueToCellByIndex(sheet01, n, 5, m): null

16-10-2024T09:19:47 - [TEST_STEP][PASSED] - setValueToCellByIndex(sheet01, n, 6, y): null

16-10-2024T09:19:47 - [TEST_STEP][PASSED] - setValueToCellByIndex(sheet01, n, 7, todaysDate): null

16-10-2024T09:19:47 - [TEST_STEP][PASSED] - n = n + 1: null

16-10-2024T09:19:47 - [TEST_STEP][PASSED] - saveWorkbook(excelFilePath, workbook01): null

16-10-2024T09:19:47 - [TEST_STEP][FAILED] - if (verifyEqual(numberOfErrors, 0) == false): null

16-10-2024T09:19:47 - [MESSAGE][FAILED] - Unable to verify equal between actual object '6' and expected object '0' (Root cause: com.kms.katalon.core.exception.StepFailedException: Actual object '6' and expected object '0' are not equal
	at com.kms.katalon.core.keyword.builtin.VerifyEqualKeyword$_verifyEqual_closure1.doCall(VerifyEqualKeyword.groovy:58)
	at com.kms.katalon.core.keyword.builtin.VerifyEqualKeyword$_verifyEqual_closure1.call(VerifyEqualKeyword.groovy)
	at com.kms.katalon.core.keyword.internal.KeywordMain.runKeyword(KeywordMain.groovy:75)
	at com.kms.katalon.core.keyword.builtin.VerifyEqualKeyword.verifyEqual(VerifyEqualKeyword.groovy:63)
	at com.kms.katalon.core.keyword.builtin.VerifyEqualKeyword.execute(VerifyEqualKeyword.groovy:44)
	at com.kms.katalon.core.keyword.internal.KeywordExecutor.executeKeywordForPlatform(KeywordExecutor.groovy:74)
	at com.kms.katalon.core.keyword.BuiltinKeywords.verifyEqual(BuiltinKeywords.groovy:146)
	at jdk.internal.reflect.GeneratedMethodAccessor25.invoke(Unknown Source)
	at java.base/jdk.internal.reflect.DelegatingMethodAccessorImpl.invoke(DelegatingMethodAccessorImpl.java:43)
	at Выполнение бизнес-плана Сверка ПАО Россети все филиалы.Numbers(Выполнение бизнес-плана Сверка ПАО Россети все филиалы:749)
	at Выполнение бизнес-плана Сверка ПАО Россети все филиалы.Filials(Выполнение бизнес-плана Сверка ПАО Россети все филиалы:1334)
	at Выполнение бизнес-плана Сверка ПАО Россети все филиалы.Numbers(Выполнение бизнес-плана Сверка ПАО Россети все филиалы:754)
	at Выполнение бизнес-плана Сверка ПАО Россети все филиалы.run(Выполнение бизнес-плана Сверка ПАО Россети все филиалы:397)
	at com.kms.katalon.core.main.ScriptEngine.run(ScriptEngine.java:194)
	at com.kms.katalon.core.main.ScriptEngine.runScriptAsRawText(ScriptEngine.java:119)
	at com.kms.katalon.core.main.TestCaseExecutor.runScript(TestCaseExecutor.java:448)
	at com.kms.katalon.core.main.TestCaseExecutor.doExecute(TestCaseExecutor.java:439)
	at com.kms.katalon.core.main.TestCaseExecutor.processExecutionPhase(TestCaseExecutor.java:418)
	at com.kms.katalon.core.main.TestCaseExecutor.accessMainPhase(TestCaseExecutor.java:410)
	at com.kms.katalon.core.main.TestCaseExecutor.execute(TestCaseExecutor.java:285)
	at com.kms.katalon.core.common.CommonExecutor.accessTestCaseMainPhase(CommonExecutor.java:65)
	at com.kms.katalon.core.main.TestSuiteExecutor.accessTestSuiteMainPhase(TestSuiteExecutor.java:150)
	at com.kms.katalon.core.main.TestSuiteExecutor.execute(TestSuiteExecutor.java:106)
	at com.kms.katalon.core.main.TestCaseMain.startTestSuite(TestCaseMain.java:180)
	at TempTestSuite1729057289574.run(TempTestSuite1729057289574.groovy:35)
	at java.base/jdk.internal.reflect.NativeMethodAccessorImpl.invoke0(Native Method)
	at java.base/jdk.internal.reflect.NativeMethodAccessorImpl.invoke(NativeMethodAccessorImpl.java:77)
	at java.base/jdk.internal.reflect.DelegatingMethodAccessorImpl.invoke(DelegatingMethodAccessorImpl.java:43)
)

16-10-2024T09:19:47 - [TEST_STEP][PASSED] - println(numberOfErrors): null

16-10-2024T09:19:47 - [TEST_STEP][PASSED] - if (a == 28 || a == 77 || a == 74 || a == 65 || a == 36 || a == 44 || a == 54 || a == 1 || a == 18 || a == 59): null

16-10-2024T09:19:47 - [TEST_STEP][PASSED] - if (a == 82): null

16-10-2024T09:19:47 - [TEST_STEP][PASSED] - filialNum = 0: null

16-10-2024T09:19:47 - [TEST_STEP][PASSED] - if (a == 18): null

16-10-2024T09:19:47 - [TEST_STEP][PASSED] - if (a == 36): null

16-10-2024T09:19:47 - [TEST_STEP][PASSED] - if (a == 44): null

16-10-2024T09:19:47 - [TEST_STEP][PASSED] - if (a == 54): null

16-10-2024T09:19:47 - [TEST_STEP][PASSED] - if (a == 59): null

16-10-2024T09:19:47 - [TEST_STEP][PASSED] - Script1718980020443.OpenFilter(): null

16-10-2024T09:19:47 - [TEST_STEP][PASSED] - click(findTestObject("Object Repository/Выполнение бизнес-плана/Фильтр ДЗО")): Object: 'Object Repository/Выполнение бизнес-плана/Фильтр ДЗО' is clicked on

16-10-2024T09:19:47 - [MESSAGE][PASSED] - Object: 'Object Repository/Выполнение бизнес-плана/Фильтр ДЗО' is clicked on

16-10-2024T09:19:47 - [TEST_STEP][PASSED] - click(findTestObject("Выполнение бизнес-плана/Снять выделение в фильтре ДЗО")): Object: 'Object Repository/Выполнение бизнес-плана/Снять выделение в фильтре ДЗО' is clicked on

16-10-2024T09:19:48 - [MESSAGE][PASSED] - Object: 'Object Repository/Выполнение бизнес-плана/Снять выделение в фильтре ДЗО' is clicked on

16-10-2024T09:19:48 - [TEST_STEP][PASSED] - Script1718980020443.CloseFilter(): null

16-10-2024T09:19:48 - [TEST_STEP][PASSED] - scrollToElement(findTestObject("Выполнение бизнес-плана/Заголовок дашборда"), 30): Scroll to object 'Object Repository/Выполнение бизнес-плана/Заголовок дашборда' successfully

16-10-2024T09:19:48 - [MESSAGE][PASSED] - Scroll to object 'Object Repository/Выполнение бизнес-плана/Заголовок дашборда' successfully

16-10-2024T09:19:48 - [TEST_STEP][PASSED] - click(findTestObject("Object Repository/Выполнение бизнес-плана/Применить в фильтре ДЗО")): Object: 'Object Repository/Выполнение бизнес-плана/Применить в фильтре ДЗО' is clicked on

16-10-2024T09:19:49 - [MESSAGE][PASSED] - Object: 'Object Repository/Выполнение бизнес-плана/Применить в фильтре ДЗО' is clicked on

16-10-2024T09:19:49 - [TEST_STEP][PASSED] - if (a == 82): null

16-10-2024T09:19:49 - [TEST_STEP][PASSED] - println(dzoNum): null

16-10-2024T09:19:49 - [TEST_STEP][PASSED] - dZO = "Россети Центр и Приволжье (ГК)": null

16-10-2024T09:19:49 - [TEST_STEP][PASSED] - a = 18: null

16-10-2024T09:19:49 - [TEST_STEP][PASSED] - if (x1.contains(dZO)): null

16-10-2024T09:19:49 - [TEST_STEP][PASSED] - dzoNum = dzoNum + 1: null

16-10-2024T09:19:49 - [TEST_STEP][PASSED] - Script1718980020443.Numbers(a, typeOfData, todaysDate, pageInt, fileInt, pageDouble, fileDouble, dZO, dzoNum, filialNum): null

16-10-2024T09:19:49 - [TEST_STEP][PASSED] - println(dzoNum): null

16-10-2024T09:19:49 - [TEST_STEP][PASSED] - planFact = <not implemented yet for class: org.codehaus.groovy.ast.expr.EmptyExpression>: null

16-10-2024T09:19:49 - [TEST_STEP][PASSED] - page = <not implemented yet for class: org.codehaus.groovy.ast.expr.EmptyExpression>: null

16-10-2024T09:19:49 - [TEST_STEP][PASSED] - page1 = <not implemented yet for class: org.codehaus.groovy.ast.expr.EmptyExpression>: null

16-10-2024T09:19:49 - [TEST_STEP][PASSED] - page2 = <not implemented yet for class: org.codehaus.groovy.ast.expr.EmptyExpression>: null

16-10-2024T09:19:49 - [TEST_STEP][PASSED] - filialNumberInRow = <not implemented yet for class: org.codehaus.groovy.ast.expr.EmptyExpression>: null

16-10-2024T09:19:49 - [TEST_STEP][PASSED] - filialsDzoNames = <not implemented yet for class: org.codehaus.groovy.ast.expr.EmptyExpression>: null

16-10-2024T09:19:49 - [TEST_STEP][PASSED] - numberOfFilials = <not implemented yet for class: org.codehaus.groovy.ast.expr.EmptyExpression>: null

16-10-2024T09:19:49 - [TEST_STEP][PASSED] - numberOfSpaces = <not implemented yet for class: org.codehaus.groovy.ast.expr.EmptyExpression>: null

16-10-2024T09:19:49 - [TEST_STEP][PASSED] - file = <not implemented yet for class: org.codehaus.groovy.ast.expr.EmptyExpression>: null

16-10-2024T09:19:49 - [TEST_STEP][PASSED] - otpusk = <not implemented yet for class: org.codehaus.groovy.ast.expr.EmptyExpression>: null

16-10-2024T09:19:49 - [TEST_STEP][PASSED] - poteri = <not implemented yet for class: org.codehaus.groovy.ast.expr.EmptyExpression>: null

16-10-2024T09:19:49 - [TEST_STEP][PASSED] - dataFolder = "Выполнение бизнес-плана/Значения со страницы Выполнение бизнес-плана/": null

16-10-2024T09:19:49 - [TEST_STEP][PASSED] - path = <not implemented yet for class: org.codehaus.groovy.ast.expr.EmptyExpression>: null

16-10-2024T09:19:49 - [TEST_STEP][PASSED] - typeOfDataMain = <not implemented yet for class: org.codehaus.groovy.ast.expr.EmptyExpression>: null

16-10-2024T09:19:49 - [TEST_STEP][PASSED] - fileOtpuskVSet = <not implemented yet for class: org.codehaus.groovy.ast.expr.EmptyExpression>: null

16-10-2024T09:19:49 - [TEST_STEP][PASSED] - pageOtpuskVSet = <not implemented yet for class: org.codehaus.groovy.ast.expr.EmptyExpression>: null

16-10-2024T09:19:49 - [TEST_STEP][PASSED] - filePoteri = <not implemented yet for class: org.codehaus.groovy.ast.expr.EmptyExpression>: null

16-10-2024T09:19:49 - [TEST_STEP][PASSED] - pagePoteri = <not implemented yet for class: org.codehaus.groovy.ast.expr.EmptyExpression>: null

16-10-2024T09:19:49 - [TEST_STEP][PASSED] - compare = <not implemented yet for class: org.codehaus.groovy.ast.expr.EmptyExpression>: null

16-10-2024T09:19:49 - [TEST_STEP][PASSED] - b = <not implemented yet for class: org.codehaus.groovy.ast.expr.EmptyExpression>: null

16-10-2024T09:19:49 - [TEST_STEP][PASSED] - i = <not implemented yet for class: org.codehaus.groovy.ast.expr.EmptyExpression>: null

16-10-2024T09:19:49 - [TEST_STEP][PASSED] - ii = <not implemented yet for class: org.codehaus.groovy.ast.expr.EmptyExpression>: null

16-10-2024T09:19:49 - [TEST_STEP][PASSED] - c = <not implemented yet for class: org.codehaus.groovy.ast.expr.EmptyExpression>: null

16-10-2024T09:19:49 - [TEST_STEP][PASSED] - numberOfErrors = 0: null

16-10-2024T09:19:49 - [TEST_STEP][PASSED] - if (a == 82): null

16-10-2024T09:19:49 - [TEST_STEP][PASSED] - b = findTestData("PlanFact").getValue(1, a): null

16-10-2024T09:19:49 - [TEST_STEP][PASSED] - i = b.indexOf(" (ГК)"): null

16-10-2024T09:19:49 - [TEST_STEP][PASSED] - if (i > -1): null

16-10-2024T09:19:49 - [TEST_STEP][PASSED] - b = b.substring(0, i): null

16-10-2024T09:19:49 - [TEST_STEP][PASSED] - b = b.trim(): null

16-10-2024T09:19:49 - [TEST_STEP][PASSED] - i = b.indexOf("О ""): null

16-10-2024T09:19:49 - [TEST_STEP][PASSED] - if (i > -1): null

16-10-2024T09:19:49 - [TEST_STEP][PASSED] - i = b.indexOf("О «"): null

16-10-2024T09:19:49 - [TEST_STEP][PASSED] - if (i > -1): null

16-10-2024T09:19:49 - [TEST_STEP][PASSED] - i = b.indexOf("г. "): null

16-10-2024T09:19:49 - [TEST_STEP][PASSED] - if (i > -1): null

16-10-2024T09:19:49 - [TEST_STEP][PASSED] - println(b): null

16-10-2024T09:19:49 - [TEST_STEP][PASSED] - for ([planFact = 1, planFact < 3, (planFact++)]): null

16-10-2024T09:19:49 - [TEST_STEP][PASSED] - if (planFact == 1): null

16-10-2024T09:19:49 - [TEST_STEP][PASSED] - typeOfDataMain = "Факт": null

16-10-2024T09:19:49 - [TEST_STEP][PASSED] - otpusk = findTestData("PlanFact").getValue(5, a): null

16-10-2024T09:19:49 - [TEST_STEP][PASSED] - poteri = findTestData("PlanFact").getValue(6, a): null

16-10-2024T09:19:49 - [TEST_STEP][PASSED] - otpusk = otpusk.replaceAll("\s+", ""): null

16-10-2024T09:19:49 - [TEST_STEP][PASSED] - poteri = poteri.replaceAll("\s+", ""): null

16-10-2024T09:19:49 - [TEST_STEP][PASSED] - typeOfData = typeOfDataMain + " Отпуск в сеть": null

16-10-2024T09:19:49 - [TEST_STEP][PASSED] - if (a == 82): null

16-10-2024T09:19:49 - [TEST_STEP][PASSED] - else if (a == 84): null

16-10-2024T09:19:49 - [TEST_STEP][PASSED] - else if (a == 52 || a == 72 || a == 28 || a == 73 || a == 77 || a == 74 || a == 65 || a == 36 || a == 44 || a == 53 || a == 80 || a == 54 || a == 1 || a == 18 || a == 59 || a == 81): null

16-10-2024T09:19:49 - [TEST_STEP][PASSED] - path = dataFolder + "Table Data/" + typeOfData + " за отчётный период " + dzoNum: null

16-10-2024T09:19:49 - [TEST_STEP][PASSED] - println(path): null

16-10-2024T09:19:49 - [TEST_STEP][PASSED] - page = getText(findTestObject(path)): Text of object 'Object Repository/Выполнение бизнес-плана/Значения со страницы Выполнение бизнес-плана/Table Data/Факт Отпуск в сеть за отчётный период 7' is: '36 847 701'

16-10-2024T09:20:19 - [MESSAGE][PASSED] - Text of object 'Object Repository/Выполнение бизнес-плана/Значения со страницы Выполнение бизнес-плана/Table Data/Факт Отпуск в сеть за отчётный период 7' is: '36 847 701'

16-10-2024T09:20:19 - [TEST_STEP][PASSED] - page = page.replaceAll("\s+", ""): null

16-10-2024T09:20:19 - [TEST_STEP][PASSED] - fileOtpuskVSet = otpusk.toInteger(): null

16-10-2024T09:20:19 - [TEST_STEP][PASSED] - pageOtpuskVSet = page.toInteger(): null

16-10-2024T09:20:19 - [TEST_STEP][PASSED] - typeOfData = typeOfDataMain + " Потери": null

16-10-2024T09:20:19 - [TEST_STEP][PASSED] - if (a == 82): null

16-10-2024T09:20:19 - [TEST_STEP][PASSED] - else if (a == 84): null

16-10-2024T09:20:19 - [TEST_STEP][PASSED] - else if (a == 52 || a == 72 || a == 28 || a == 73 || a == 77 || a == 74 || a == 65 || a == 36 || a == 44 || a == 53 || a == 80 || a == 54 || a == 1 || a == 18 || a == 59 || a == 81): null

16-10-2024T09:20:19 - [TEST_STEP][PASSED] - path = dataFolder + "Table Data/" + typeOfData + " за отчётный период " + dzoNum: null

16-10-2024T09:20:19 - [TEST_STEP][PASSED] - page = getText(findTestObject(path)): Text of object 'Object Repository/Выполнение бизнес-плана/Значения со страницы Выполнение бизнес-плана/Table Data/Факт Потери за отчётный период 7' is: '2 480 953'

16-10-2024T09:20:19 - [MESSAGE][PASSED] - Text of object 'Object Repository/Выполнение бизнес-плана/Значения со страницы Выполнение бизнес-плана/Table Data/Факт Потери за отчётный период 7' is: '2 480 953'

16-10-2024T09:20:19 - [TEST_STEP][PASSED] - page = page.replaceAll("\s+", ""): null

16-10-2024T09:20:19 - [TEST_STEP][PASSED] - filePoteri = poteri.toInteger(): null

16-10-2024T09:20:19 - [TEST_STEP][PASSED] - pagePoteri = page.toInteger(): null

16-10-2024T09:20:19 - [TEST_STEP][PASSED] - compare = pageOtpuskVSet: null

16-10-2024T09:20:19 - [TEST_STEP][PASSED] - if (compare == fileOtpuskVSet): null

16-10-2024T09:20:19 - [TEST_STEP][PASSED] - else if (compare > fileOtpuskVSet): null

16-10-2024T09:20:19 - [TEST_STEP][PASSED] - compare = compare - 1: null

16-10-2024T09:20:19 - [TEST_STEP][PASSED] - if (compare == fileOtpuskVSet): null

16-10-2024T09:20:19 - [TEST_STEP][PASSED] - else: null

16-10-2024T09:20:19 - [TEST_STEP][PASSED] - numberOfErrors = numberOfErrors + 1: null

16-10-2024T09:20:19 - [TEST_STEP][PASSED] - pageInt = pageOtpuskVSet: null

16-10-2024T09:20:19 - [TEST_STEP][PASSED] - fileInt = fileOtpuskVSet: null

16-10-2024T09:20:19 - [TEST_STEP][PASSED] - typeOfData = typeOfDataMain + " Отпуск в сеть": null

16-10-2024T09:20:19 - [TEST_STEP][PASSED] - Script1718980020443.WriteToExcel(a, typeOfData, todaysDate, pageInt, fileInt, pageDouble, fileDouble, dZO): null

16-10-2024T09:20:19 - [TEST_STEP][PASSED] - sheetName = "Sheet1": null

16-10-2024T09:20:19 - [TEST_STEP][PASSED] - data = findTestData("PlanFact"): null

16-10-2024T09:20:19 - [TEST_STEP][PASSED] - n = data.getRowNumbers() + 1: null

16-10-2024T09:20:19 - [TEST_STEP][PASSED] - year = todaysDate.substring(todaysDate.length() - 4, todaysDate.length()): null

16-10-2024T09:20:19 - [TEST_STEP][PASSED] - y = year.toInteger(): null

16-10-2024T09:20:19 - [TEST_STEP][PASSED] - m = getText(findTestObject("Выполнение бизнес-плана/Период")): Text of object 'Object Repository/Выполнение бизнес-плана/Период' is: '1, 2 кв., Июль, Август 2024 года'

16-10-2024T09:20:19 - [MESSAGE][PASSED] - Text of object 'Object Repository/Выполнение бизнес-плана/Период' is: '1, 2 кв., Июль, Август 2024 года'

16-10-2024T09:20:19 - [TEST_STEP][PASSED] - m = m.substring(0, m.indexOf("2024")): null

16-10-2024T09:20:19 - [TEST_STEP][PASSED] - m = m.trim(): null

16-10-2024T09:20:19 - [TEST_STEP][PASSED] - dashboardName = "Выполнение бизнес-плана": null

16-10-2024T09:20:19 - [TEST_STEP][PASSED] - workbook01 = getWorkbook(excelFilePath): null

16-10-2024T09:20:19 - [TEST_STEP][PASSED] - sheet01 = getExcelSheet(workbook01, sheetName): null

16-10-2024T09:20:19 - [TEST_STEP][PASSED] - setValueToCellByIndex(sheet01, n, 0, dashboardName): null

16-10-2024T09:20:19 - [TEST_STEP][PASSED] - setValueToCellByIndex(sheet01, n, 1, dZO): null

16-10-2024T09:20:19 - [TEST_STEP][PASSED] - setValueToCellByIndex(sheet01, n, 2, typeOfData): null

16-10-2024T09:20:19 - [TEST_STEP][PASSED] - if (typeOfData == "Факт в процентах" || typeOfData == "План в процентах"): null

16-10-2024T09:20:19 - [TEST_STEP][PASSED] - else: null

16-10-2024T09:20:19 - [TEST_STEP][PASSED] - setValueToCellByIndex(sheet01, n, 3, fileInt): null

16-10-2024T09:20:19 - [TEST_STEP][PASSED] - setValueToCellByIndex(sheet01, n, 4, pageInt): null

16-10-2024T09:20:19 - [TEST_STEP][PASSED] - setValueToCellByIndex(sheet01, n, 5, m): null

16-10-2024T09:20:19 - [TEST_STEP][PASSED] - setValueToCellByIndex(sheet01, n, 6, y): null

16-10-2024T09:20:19 - [TEST_STEP][PASSED] - setValueToCellByIndex(sheet01, n, 7, todaysDate): null

16-10-2024T09:20:19 - [TEST_STEP][PASSED] - n = n + 1: null

16-10-2024T09:20:19 - [TEST_STEP][PASSED] - saveWorkbook(excelFilePath, workbook01): null

16-10-2024T09:20:20 - [TEST_STEP][PASSED] - compare = pagePoteri: null

16-10-2024T09:20:20 - [TEST_STEP][PASSED] - if (compare == filePoteri): null

16-10-2024T09:20:20 - [TEST_STEP][PASSED] - else if (compare > filePoteri): null

16-10-2024T09:20:20 - [TEST_STEP][PASSED] - compare = compare - 1: null

16-10-2024T09:20:20 - [TEST_STEP][PASSED] - if (compare == filePoteri): null

16-10-2024T09:20:20 - [TEST_STEP][PASSED] - else: null

16-10-2024T09:20:20 - [TEST_STEP][PASSED] - numberOfErrors = numberOfErrors + 1: null

16-10-2024T09:20:20 - [TEST_STEP][PASSED] - pageInt = pagePoteri: null

16-10-2024T09:20:20 - [TEST_STEP][PASSED] - fileInt = filePoteri: null

16-10-2024T09:20:20 - [TEST_STEP][PASSED] - typeOfData = typeOfDataMain + " Потери": null

16-10-2024T09:20:20 - [TEST_STEP][PASSED] - Script1718980020443.WriteToExcel(a, typeOfData, todaysDate, pageInt, fileInt, pageDouble, fileDouble, dZO): null

16-10-2024T09:20:20 - [TEST_STEP][PASSED] - sheetName = "Sheet1": null

16-10-2024T09:20:20 - [TEST_STEP][PASSED] - data = findTestData("PlanFact"): null

16-10-2024T09:20:20 - [TEST_STEP][PASSED] - n = data.getRowNumbers() + 1: null

16-10-2024T09:20:20 - [TEST_STEP][PASSED] - year = todaysDate.substring(todaysDate.length() - 4, todaysDate.length()): null

16-10-2024T09:20:20 - [TEST_STEP][PASSED] - y = year.toInteger(): null

16-10-2024T09:20:20 - [TEST_STEP][PASSED] - m = getText(findTestObject("Выполнение бизнес-плана/Период")): Text of object 'Object Repository/Выполнение бизнес-плана/Период' is: '1, 2 кв., Июль, Август 2024 года'

16-10-2024T09:20:20 - [MESSAGE][PASSED] - Text of object 'Object Repository/Выполнение бизнес-плана/Период' is: '1, 2 кв., Июль, Август 2024 года'

16-10-2024T09:20:20 - [TEST_STEP][PASSED] - m = m.substring(0, m.indexOf("2024")): null

16-10-2024T09:20:20 - [TEST_STEP][PASSED] - m = m.trim(): null

16-10-2024T09:20:20 - [TEST_STEP][PASSED] - dashboardName = "Выполнение бизнес-плана": null

16-10-2024T09:20:20 - [TEST_STEP][PASSED] - workbook01 = getWorkbook(excelFilePath): null

16-10-2024T09:20:20 - [TEST_STEP][PASSED] - sheet01 = getExcelSheet(workbook01, sheetName): null

16-10-2024T09:20:20 - [TEST_STEP][PASSED] - setValueToCellByIndex(sheet01, n, 0, dashboardName): null

16-10-2024T09:20:20 - [TEST_STEP][PASSED] - setValueToCellByIndex(sheet01, n, 1, dZO): null

16-10-2024T09:20:20 - [TEST_STEP][PASSED] - setValueToCellByIndex(sheet01, n, 2, typeOfData): null

16-10-2024T09:20:20 - [TEST_STEP][PASSED] - if (typeOfData == "Факт в процентах" || typeOfData == "План в процентах"): null

16-10-2024T09:20:20 - [TEST_STEP][PASSED] - else: null

16-10-2024T09:20:20 - [TEST_STEP][PASSED] - setValueToCellByIndex(sheet01, n, 3, fileInt): null

16-10-2024T09:20:20 - [TEST_STEP][PASSED] - setValueToCellByIndex(sheet01, n, 4, pageInt): null

16-10-2024T09:20:20 - [TEST_STEP][PASSED] - setValueToCellByIndex(sheet01, n, 5, m): null

16-10-2024T09:20:20 - [TEST_STEP][PASSED] - setValueToCellByIndex(sheet01, n, 6, y): null

16-10-2024T09:20:20 - [TEST_STEP][PASSED] - setValueToCellByIndex(sheet01, n, 7, todaysDate): null

16-10-2024T09:20:20 - [TEST_STEP][PASSED] - n = n + 1: null

16-10-2024T09:20:20 - [TEST_STEP][PASSED] - saveWorkbook(excelFilePath, workbook01): null

16-10-2024T09:20:20 - [TEST_STEP][PASSED] - if (planFact == 2): null

16-10-2024T09:20:20 - [TEST_STEP][PASSED] - if (planFact == 1): null

16-10-2024T09:20:20 - [TEST_STEP][PASSED] - else if (planFact == 2): null

16-10-2024T09:20:20 - [TEST_STEP][PASSED] - click(findTestObject("Выполнение бизнес-плана/Кнопка План")): Object: 'Object Repository/Выполнение бизнес-плана/Кнопка План' is clicked on

16-10-2024T09:20:21 - [MESSAGE][PASSED] - Object: 'Object Repository/Выполнение бизнес-плана/Кнопка План' is clicked on

16-10-2024T09:20:21 - [TEST_STEP][PASSED] - typeOfDataMain = "План": null

16-10-2024T09:20:21 - [TEST_STEP][PASSED] - otpusk = findTestData("PlanFact").getValue(2, a): null

16-10-2024T09:20:21 - [TEST_STEP][PASSED] - poteri = findTestData("PlanFact").getValue(3, a): null

16-10-2024T09:20:21 - [TEST_STEP][PASSED] - otpusk = otpusk.replaceAll("\s+", ""): null

16-10-2024T09:20:21 - [TEST_STEP][PASSED] - poteri = poteri.replaceAll("\s+", ""): null

16-10-2024T09:20:21 - [TEST_STEP][PASSED] - typeOfData = typeOfDataMain + " Отпуск в сеть": null

16-10-2024T09:20:21 - [TEST_STEP][PASSED] - if (a == 82): null

16-10-2024T09:20:21 - [TEST_STEP][PASSED] - else if (a == 84): null

16-10-2024T09:20:21 - [TEST_STEP][PASSED] - else if (a == 52 || a == 72 || a == 28 || a == 73 || a == 77 || a == 74 || a == 65 || a == 36 || a == 44 || a == 53 || a == 80 || a == 54 || a == 1 || a == 18 || a == 59 || a == 81): null

16-10-2024T09:20:21 - [TEST_STEP][PASSED] - path = dataFolder + "Table Data/" + typeOfData + " за отчётный период " + dzoNum: null

16-10-2024T09:20:21 - [TEST_STEP][PASSED] - println(path): null

16-10-2024T09:20:21 - [TEST_STEP][PASSED] - page = getText(findTestObject(path)): Text of object 'Object Repository/Выполнение бизнес-плана/Значения со страницы Выполнение бизнес-плана/Table Data/План Отпуск в сеть за отчётный период 7' is: '35 372 175'

16-10-2024T09:20:21 - [MESSAGE][PASSED] - Text of object 'Object Repository/Выполнение бизнес-плана/Значения со страницы Выполнение бизнес-плана/Table Data/План Отпуск в сеть за отчётный период 7' is: '35 372 175'

16-10-2024T09:20:21 - [TEST_STEP][PASSED] - page = page.replaceAll("\s+", ""): null

16-10-2024T09:20:21 - [TEST_STEP][PASSED] - fileOtpuskVSet = otpusk.toInteger(): null

16-10-2024T09:20:21 - [TEST_STEP][PASSED] - pageOtpuskVSet = page.toInteger(): null

16-10-2024T09:20:21 - [TEST_STEP][PASSED] - typeOfData = typeOfDataMain + " Потери": null

16-10-2024T09:20:21 - [TEST_STEP][PASSED] - if (a == 82): null

16-10-2024T09:20:21 - [TEST_STEP][PASSED] - else if (a == 84): null

16-10-2024T09:20:21 - [TEST_STEP][PASSED] - else if (a == 52 || a == 72 || a == 28 || a == 73 || a == 77 || a == 74 || a == 65 || a == 36 || a == 44 || a == 53 || a == 80 || a == 54 || a == 1 || a == 18 || a == 59 || a == 81): null

16-10-2024T09:20:21 - [TEST_STEP][PASSED] - path = dataFolder + "Table Data/" + typeOfData + " за отчётный период " + dzoNum: null

16-10-2024T09:20:21 - [TEST_STEP][PASSED] - page = getText(findTestObject(path)): Text of object 'Object Repository/Выполнение бизнес-плана/Значения со страницы Выполнение бизнес-плана/Table Data/План Потери за отчётный период 7' is: '2 449 685'

16-10-2024T09:20:21 - [MESSAGE][PASSED] - Text of object 'Object Repository/Выполнение бизнес-плана/Значения со страницы Выполнение бизнес-плана/Table Data/План Потери за отчётный период 7' is: '2 449 685'

16-10-2024T09:20:21 - [TEST_STEP][PASSED] - page = page.replaceAll("\s+", ""): null

16-10-2024T09:20:21 - [TEST_STEP][PASSED] - filePoteri = poteri.toInteger(): null

16-10-2024T09:20:21 - [TEST_STEP][PASSED] - pagePoteri = page.toInteger(): null

16-10-2024T09:20:21 - [TEST_STEP][PASSED] - compare = pageOtpuskVSet: null

16-10-2024T09:20:21 - [TEST_STEP][PASSED] - if (compare == fileOtpuskVSet): null

16-10-2024T09:20:21 - [TEST_STEP][PASSED] - else if (compare > fileOtpuskVSet): null

16-10-2024T09:20:21 - [TEST_STEP][PASSED] - compare = compare - 1: null

16-10-2024T09:20:21 - [TEST_STEP][PASSED] - if (compare == fileOtpuskVSet): null

16-10-2024T09:20:21 - [TEST_STEP][PASSED] - else: null

16-10-2024T09:20:21 - [TEST_STEP][PASSED] - numberOfErrors = numberOfErrors + 1: null

16-10-2024T09:20:21 - [TEST_STEP][PASSED] - pageInt = pageOtpuskVSet: null

16-10-2024T09:20:21 - [TEST_STEP][PASSED] - fileInt = fileOtpuskVSet: null

16-10-2024T09:20:21 - [TEST_STEP][PASSED] - typeOfData = typeOfDataMain + " Отпуск в сеть": null

16-10-2024T09:20:21 - [TEST_STEP][PASSED] - Script1718980020443.WriteToExcel(a, typeOfData, todaysDate, pageInt, fileInt, pageDouble, fileDouble, dZO): null

16-10-2024T09:20:21 - [TEST_STEP][PASSED] - sheetName = "Sheet1": null

16-10-2024T09:20:21 - [TEST_STEP][PASSED] - data = findTestData("PlanFact"): null

16-10-2024T09:20:21 - [TEST_STEP][PASSED] - n = data.getRowNumbers() + 1: null

16-10-2024T09:20:21 - [TEST_STEP][PASSED] - year = todaysDate.substring(todaysDate.length() - 4, todaysDate.length()): null

16-10-2024T09:20:21 - [TEST_STEP][PASSED] - y = year.toInteger(): null

16-10-2024T09:20:21 - [TEST_STEP][PASSED] - m = getText(findTestObject("Выполнение бизнес-плана/Период")): Text of object 'Object Repository/Выполнение бизнес-плана/Период' is: '1, 2 кв., Июль, Август 2024 года'

16-10-2024T09:20:22 - [MESSAGE][PASSED] - Text of object 'Object Repository/Выполнение бизнес-плана/Период' is: '1, 2 кв., Июль, Август 2024 года'

16-10-2024T09:20:22 - [TEST_STEP][PASSED] - m = m.substring(0, m.indexOf("2024")): null

16-10-2024T09:20:22 - [TEST_STEP][PASSED] - m = m.trim(): null

16-10-2024T09:20:22 - [TEST_STEP][PASSED] - dashboardName = "Выполнение бизнес-плана": null

16-10-2024T09:20:22 - [TEST_STEP][PASSED] - workbook01 = getWorkbook(excelFilePath): null

16-10-2024T09:20:22 - [TEST_STEP][PASSED] - sheet01 = getExcelSheet(workbook01, sheetName): null

16-10-2024T09:20:22 - [TEST_STEP][PASSED] - setValueToCellByIndex(sheet01, n, 0, dashboardName): null

16-10-2024T09:20:22 - [TEST_STEP][PASSED] - setValueToCellByIndex(sheet01, n, 1, dZO): null

16-10-2024T09:20:22 - [TEST_STEP][PASSED] - setValueToCellByIndex(sheet01, n, 2, typeOfData): null

16-10-2024T09:20:22 - [TEST_STEP][PASSED] - if (typeOfData == "Факт в процентах" || typeOfData == "План в процентах"): null

16-10-2024T09:20:22 - [TEST_STEP][PASSED] - else: null

16-10-2024T09:20:22 - [TEST_STEP][PASSED] - setValueToCellByIndex(sheet01, n, 3, fileInt): null

16-10-2024T09:20:22 - [TEST_STEP][PASSED] - setValueToCellByIndex(sheet01, n, 4, pageInt): null

16-10-2024T09:20:22 - [TEST_STEP][PASSED] - setValueToCellByIndex(sheet01, n, 5, m): null

16-10-2024T09:20:22 - [TEST_STEP][PASSED] - setValueToCellByIndex(sheet01, n, 6, y): null

16-10-2024T09:20:22 - [TEST_STEP][PASSED] - setValueToCellByIndex(sheet01, n, 7, todaysDate): null

16-10-2024T09:20:22 - [TEST_STEP][PASSED] - n = n + 1: null

16-10-2024T09:20:22 - [TEST_STEP][PASSED] - saveWorkbook(excelFilePath, workbook01): null

16-10-2024T09:20:22 - [TEST_STEP][PASSED] - compare = pagePoteri: null

16-10-2024T09:20:22 - [TEST_STEP][PASSED] - if (compare == filePoteri): null

16-10-2024T09:20:22 - [TEST_STEP][PASSED] - else if (compare > filePoteri): null

16-10-2024T09:20:22 - [TEST_STEP][PASSED] - compare = compare - 1: null

16-10-2024T09:20:22 - [TEST_STEP][PASSED] - if (compare == filePoteri): null

16-10-2024T09:20:22 - [TEST_STEP][PASSED] - else: null

16-10-2024T09:20:22 - [TEST_STEP][PASSED] - numberOfErrors = numberOfErrors + 1: null

16-10-2024T09:20:22 - [TEST_STEP][PASSED] - pageInt = pagePoteri: null

16-10-2024T09:20:22 - [TEST_STEP][PASSED] - fileInt = filePoteri: null

16-10-2024T09:20:22 - [TEST_STEP][PASSED] - typeOfData = typeOfDataMain + " Потери": null

16-10-2024T09:20:22 - [TEST_STEP][PASSED] - Script1718980020443.WriteToExcel(a, typeOfData, todaysDate, pageInt, fileInt, pageDouble, fileDouble, dZO): null

16-10-2024T09:20:22 - [TEST_STEP][PASSED] - sheetName = "Sheet1": null

16-10-2024T09:20:22 - [TEST_STEP][PASSED] - data = findTestData("PlanFact"): null

16-10-2024T09:20:22 - [TEST_STEP][PASSED] - n = data.getRowNumbers() + 1: null

16-10-2024T09:20:22 - [TEST_STEP][PASSED] - year = todaysDate.substring(todaysDate.length() - 4, todaysDate.length()): null

16-10-2024T09:20:22 - [TEST_STEP][PASSED] - y = year.toInteger(): null

16-10-2024T09:20:22 - [TEST_STEP][PASSED] - m = getText(findTestObject("Выполнение бизнес-плана/Период")): Text of object 'Object Repository/Выполнение бизнес-плана/Период' is: '1, 2 кв., Июль, Август 2024 года'

16-10-2024T09:20:22 - [MESSAGE][PASSED] - Text of object 'Object Repository/Выполнение бизнес-плана/Период' is: '1, 2 кв., Июль, Август 2024 года'

16-10-2024T09:20:22 - [TEST_STEP][PASSED] - m = m.substring(0, m.indexOf("2024")): null

16-10-2024T09:20:22 - [TEST_STEP][PASSED] - m = m.trim(): null

16-10-2024T09:20:22 - [TEST_STEP][PASSED] - dashboardName = "Выполнение бизнес-плана": null

16-10-2024T09:20:22 - [TEST_STEP][PASSED] - workbook01 = getWorkbook(excelFilePath): null

16-10-2024T09:20:22 - [TEST_STEP][PASSED] - sheet01 = getExcelSheet(workbook01, sheetName): null

16-10-2024T09:20:22 - [TEST_STEP][PASSED] - setValueToCellByIndex(sheet01, n, 0, dashboardName): null

16-10-2024T09:20:22 - [TEST_STEP][PASSED] - setValueToCellByIndex(sheet01, n, 1, dZO): null

16-10-2024T09:20:22 - [TEST_STEP][PASSED] - setValueToCellByIndex(sheet01, n, 2, typeOfData): null

16-10-2024T09:20:22 - [TEST_STEP][PASSED] - if (typeOfData == "Факт в процентах" || typeOfData == "План в процентах"): null

16-10-2024T09:20:22 - [TEST_STEP][PASSED] - else: null

16-10-2024T09:20:22 - [TEST_STEP][PASSED] - setValueToCellByIndex(sheet01, n, 3, fileInt): null

16-10-2024T09:20:22 - [TEST_STEP][PASSED] - setValueToCellByIndex(sheet01, n, 4, pageInt): null

16-10-2024T09:20:22 - [TEST_STEP][PASSED] - setValueToCellByIndex(sheet01, n, 5, m): null

16-10-2024T09:20:22 - [TEST_STEP][PASSED] - setValueToCellByIndex(sheet01, n, 6, y): null

16-10-2024T09:20:22 - [TEST_STEP][PASSED] - setValueToCellByIndex(sheet01, n, 7, todaysDate): null

16-10-2024T09:20:22 - [TEST_STEP][PASSED] - n = n + 1: null

16-10-2024T09:20:22 - [TEST_STEP][PASSED] - saveWorkbook(excelFilePath, workbook01): Object: 'Object Repository/Выполнение бизнес-плана/Кнопка Факт' is clicked on

16-10-2024T09:20:23 - [TEST_STEP][PASSED] - if (planFact == 2): Object: 'Object Repository/Выполнение бизнес-плана/Кнопка Факт' is clicked on

16-10-2024T09:20:23 - [TEST_STEP][PASSED] - click(findTestObject("Выполнение бизнес-плана/Кнопка Факт")): Object: 'Object Repository/Выполнение бизнес-плана/Кнопка Факт' is clicked on

16-10-2024T09:20:23 - [MESSAGE][PASSED] - Object: 'Object Repository/Выполнение бизнес-плана/Кнопка Факт' is clicked on

16-10-2024T09:20:23 - [TEST_STEP][PASSED] - if (a == 84 || a == 82): null

16-10-2024T09:20:23 - [TEST_STEP][PASSED] - else if (a == 52 || a == 72 || a == 28 || a == 73 || a == 77 || a == 74 || a == 65 || a == 36 || a == 44 || a == 53 || a == 80 || a == 54 || a == 1 || a == 18 || a == 59 || a == 81): null

16-10-2024T09:20:23 - [TEST_STEP][PASSED] - page1 = getText(findTestObject("Object Repository/Выполнение бизнес-плана/spanPlan" + dzoNum)): Text of object 'Object Repository/Выполнение бизнес-плана/spanPlan7' is: '6.93
|'

16-10-2024T09:20:23 - [MESSAGE][PASSED] - Text of object 'Object Repository/Выполнение бизнес-плана/spanPlan7' is: '6.93
|'

16-10-2024T09:20:23 - [TEST_STEP][PASSED] - page1 = page1.replace("|", ""): null

16-10-2024T09:20:23 - [TEST_STEP][PASSED] - page2 = getText(findTestObject("Object Repository/Выполнение бизнес-плана/spanFact" + dzoNum)): Text of object 'Object Repository/Выполнение бизнес-плана/spanFact7' is: '6.73'

16-10-2024T09:20:24 - [MESSAGE][PASSED] - Text of object 'Object Repository/Выполнение бизнес-плана/spanFact7' is: '6.73'

16-10-2024T09:20:24 - [TEST_STEP][PASSED] - page2 = page2.replace("|", ""): null

16-10-2024T09:20:24 - [TEST_STEP][PASSED] - println("page1: " + page1): null

16-10-2024T09:20:24 - [TEST_STEP][PASSED] - println("page2: " + page2): null

16-10-2024T09:20:24 - [TEST_STEP][PASSED] - file = findTestData("PlanFact").getValue(4, a): null

16-10-2024T09:20:24 - [TEST_STEP][PASSED] - file = file.replace(",", "."): null

16-10-2024T09:20:24 - [TEST_STEP][PASSED] - println("file Plan: " + file): null

16-10-2024T09:20:24 - [TEST_STEP][PASSED] - typeOfData = "План в процентах": null

16-10-2024T09:20:24 - [TEST_STEP][PASSED] - fileDouble = file.toDouble(): null

16-10-2024T09:20:24 - [TEST_STEP][PASSED] - pageDouble = page1.toDouble(): null

16-10-2024T09:20:24 - [TEST_STEP][PASSED] - if (fileDouble != pageDouble): null

16-10-2024T09:20:24 - [TEST_STEP][PASSED] - numberOfErrors = numberOfErrors + 1: null

16-10-2024T09:20:24 - [TEST_STEP][PASSED] - Script1718980020443.WriteToExcel(a, typeOfData, todaysDate, pageInt, fileInt, pageDouble, fileDouble, dZO): null

16-10-2024T09:20:24 - [TEST_STEP][PASSED] - sheetName = "Sheet1": null

16-10-2024T09:20:24 - [TEST_STEP][PASSED] - data = findTestData("PlanFact"): null

16-10-2024T09:20:24 - [TEST_STEP][PASSED] - n = data.getRowNumbers() + 1: null

16-10-2024T09:20:24 - [TEST_STEP][PASSED] - year = todaysDate.substring(todaysDate.length() - 4, todaysDate.length()): null

16-10-2024T09:20:24 - [TEST_STEP][PASSED] - y = year.toInteger(): null

16-10-2024T09:20:24 - [TEST_STEP][PASSED] - m = getText(findTestObject("Выполнение бизнес-плана/Период")): Text of object 'Object Repository/Выполнение бизнес-плана/Период' is: '1, 2 кв., Июль, Август 2024 года'

16-10-2024T09:20:24 - [MESSAGE][PASSED] - Text of object 'Object Repository/Выполнение бизнес-плана/Период' is: '1, 2 кв., Июль, Август 2024 года'

16-10-2024T09:20:24 - [TEST_STEP][PASSED] - m = m.substring(0, m.indexOf("2024")): null

16-10-2024T09:20:24 - [TEST_STEP][PASSED] - m = m.trim(): null

16-10-2024T09:20:24 - [TEST_STEP][PASSED] - dashboardName = "Выполнение бизнес-плана": null

16-10-2024T09:20:24 - [TEST_STEP][PASSED] - workbook01 = getWorkbook(excelFilePath): null

16-10-2024T09:20:24 - [TEST_STEP][PASSED] - sheet01 = getExcelSheet(workbook01, sheetName): null

16-10-2024T09:20:24 - [TEST_STEP][PASSED] - setValueToCellByIndex(sheet01, n, 0, dashboardName): null

16-10-2024T09:20:24 - [TEST_STEP][PASSED] - setValueToCellByIndex(sheet01, n, 1, dZO): null

16-10-2024T09:20:24 - [TEST_STEP][PASSED] - setValueToCellByIndex(sheet01, n, 2, typeOfData): null

16-10-2024T09:20:24 - [TEST_STEP][PASSED] - if (typeOfData == "Факт в процентах" || typeOfData == "План в процентах"): null

16-10-2024T09:20:24 - [TEST_STEP][PASSED] - setValueToCellByIndex(sheet01, n, 3, fileDouble): null

16-10-2024T09:20:24 - [TEST_STEP][PASSED] - setValueToCellByIndex(sheet01, n, 4, pageDouble): null

16-10-2024T09:20:24 - [TEST_STEP][PASSED] - setValueToCellByIndex(sheet01, n, 5, m): null

16-10-2024T09:20:24 - [TEST_STEP][PASSED] - setValueToCellByIndex(sheet01, n, 6, y): null

16-10-2024T09:20:24 - [TEST_STEP][PASSED] - setValueToCellByIndex(sheet01, n, 7, todaysDate): null

16-10-2024T09:20:24 - [TEST_STEP][PASSED] - n = n + 1: null

16-10-2024T09:20:24 - [TEST_STEP][PASSED] - saveWorkbook(excelFilePath, workbook01): null

16-10-2024T09:20:24 - [TEST_STEP][PASSED] - file = findTestData("PlanFact").getValue(7, a): null

16-10-2024T09:20:24 - [TEST_STEP][PASSED] - file = file.replace(",", "."): null

16-10-2024T09:20:24 - [TEST_STEP][PASSED] - println("file Fact: " + file): null

16-10-2024T09:20:24 - [TEST_STEP][PASSED] - fileDouble = file.toDouble(): null

16-10-2024T09:20:24 - [TEST_STEP][PASSED] - typeOfData = "Факт в процентах": null

16-10-2024T09:20:24 - [TEST_STEP][PASSED] - fileDouble = file.toDouble(): null

16-10-2024T09:20:24 - [TEST_STEP][PASSED] - pageDouble = page2.toDouble(): null

16-10-2024T09:20:24 - [TEST_STEP][PASSED] - if (fileDouble != pageDouble): null

16-10-2024T09:20:24 - [TEST_STEP][PASSED] - numberOfErrors = numberOfErrors + 1: null

16-10-2024T09:20:24 - [TEST_STEP][PASSED] - Script1718980020443.WriteToExcel(a, typeOfData, todaysDate, pageInt, fileInt, pageDouble, fileDouble, dZO): null

16-10-2024T09:20:24 - [TEST_STEP][PASSED] - sheetName = "Sheet1": null

16-10-2024T09:20:24 - [TEST_STEP][PASSED] - data = findTestData("PlanFact"): null

16-10-2024T09:20:24 - [TEST_STEP][PASSED] - n = data.getRowNumbers() + 1: null

16-10-2024T09:20:24 - [TEST_STEP][PASSED] - year = todaysDate.substring(todaysDate.length() - 4, todaysDate.length()): null

16-10-2024T09:20:24 - [TEST_STEP][PASSED] - y = year.toInteger(): null

16-10-2024T09:20:24 - [TEST_STEP][PASSED] - m = getText(findTestObject("Выполнение бизнес-плана/Период")): Text of object 'Object Repository/Выполнение бизнес-плана/Период' is: '1, 2 кв., Июль, Август 2024 года'

16-10-2024T09:20:25 - [MESSAGE][PASSED] - Text of object 'Object Repository/Выполнение бизнес-плана/Период' is: '1, 2 кв., Июль, Август 2024 года'

16-10-2024T09:20:25 - [TEST_STEP][PASSED] - m = m.substring(0, m.indexOf("2024")): null

16-10-2024T09:20:25 - [TEST_STEP][PASSED] - m = m.trim(): null

16-10-2024T09:20:25 - [TEST_STEP][PASSED] - dashboardName = "Выполнение бизнес-плана": null

16-10-2024T09:20:25 - [TEST_STEP][PASSED] - workbook01 = getWorkbook(excelFilePath): null

16-10-2024T09:20:25 - [TEST_STEP][PASSED] - sheet01 = getExcelSheet(workbook01, sheetName): null

16-10-2024T09:20:25 - [TEST_STEP][PASSED] - setValueToCellByIndex(sheet01, n, 0, dashboardName): null

16-10-2024T09:20:25 - [TEST_STEP][PASSED] - setValueToCellByIndex(sheet01, n, 1, dZO): null

16-10-2024T09:20:25 - [TEST_STEP][PASSED] - setValueToCellByIndex(sheet01, n, 2, typeOfData): null

16-10-2024T09:20:25 - [TEST_STEP][PASSED] - if (typeOfData == "Факт в процентах" || typeOfData == "План в процентах"): null

16-10-2024T09:20:25 - [TEST_STEP][PASSED] - setValueToCellByIndex(sheet01, n, 3, fileDouble): null

16-10-2024T09:20:25 - [TEST_STEP][PASSED] - setValueToCellByIndex(sheet01, n, 4, pageDouble): null

16-10-2024T09:20:25 - [TEST_STEP][PASSED] - setValueToCellByIndex(sheet01, n, 5, m): null

16-10-2024T09:20:25 - [TEST_STEP][PASSED] - setValueToCellByIndex(sheet01, n, 6, y): null

16-10-2024T09:20:25 - [TEST_STEP][PASSED] - setValueToCellByIndex(sheet01, n, 7, todaysDate): null

16-10-2024T09:20:25 - [TEST_STEP][PASSED] - n = n + 1: null

16-10-2024T09:20:25 - [TEST_STEP][PASSED] - saveWorkbook(excelFilePath, workbook01): null

16-10-2024T09:20:25 - [TEST_STEP][FAILED] - if (verifyEqual(numberOfErrors, 0) == false): null

16-10-2024T09:20:25 - [MESSAGE][FAILED] - Unable to verify equal between actual object '6' and expected object '0' (Root cause: com.kms.katalon.core.exception.StepFailedException: Actual object '6' and expected object '0' are not equal
	at com.kms.katalon.core.keyword.builtin.VerifyEqualKeyword$_verifyEqual_closure1.doCall(VerifyEqualKeyword.groovy:58)
	at com.kms.katalon.core.keyword.builtin.VerifyEqualKeyword$_verifyEqual_closure1.call(VerifyEqualKeyword.groovy)
	at com.kms.katalon.core.keyword.internal.KeywordMain.runKeyword(KeywordMain.groovy:75)
	at com.kms.katalon.core.keyword.builtin.VerifyEqualKeyword.verifyEqual(VerifyEqualKeyword.groovy:63)
	at com.kms.katalon.core.keyword.builtin.VerifyEqualKeyword.execute(VerifyEqualKeyword.groovy:44)
	at com.kms.katalon.core.keyword.internal.KeywordExecutor.executeKeywordForPlatform(KeywordExecutor.groovy:74)
	at com.kms.katalon.core.keyword.BuiltinKeywords.verifyEqual(BuiltinKeywords.groovy:146)
	at jdk.internal.reflect.GeneratedMethodAccessor25.invoke(Unknown Source)
	at java.base/jdk.internal.reflect.DelegatingMethodAccessorImpl.invoke(DelegatingMethodAccessorImpl.java:43)
	at Выполнение бизнес-плана Сверка ПАО Россети все филиалы.Numbers(Выполнение бизнес-плана Сверка ПАО Россети все филиалы:749)
	at Выполнение бизнес-плана Сверка ПАО Россети все филиалы.run(Выполнение бизнес-плана Сверка ПАО Россети все филиалы:411)
	at com.kms.katalon.core.main.ScriptEngine.run(ScriptEngine.java:194)
	at com.kms.katalon.core.main.ScriptEngine.runScriptAsRawText(ScriptEngine.java:119)
	at com.kms.katalon.core.main.TestCaseExecutor.runScript(TestCaseExecutor.java:448)
	at com.kms.katalon.core.main.TestCaseExecutor.doExecute(TestCaseExecutor.java:439)
	at com.kms.katalon.core.main.TestCaseExecutor.processExecutionPhase(TestCaseExecutor.java:418)
	at com.kms.katalon.core.main.TestCaseExecutor.accessMainPhase(TestCaseExecutor.java:410)
	at com.kms.katalon.core.main.TestCaseExecutor.execute(TestCaseExecutor.java:285)
	at com.kms.katalon.core.common.CommonExecutor.accessTestCaseMainPhase(CommonExecutor.java:65)
	at com.kms.katalon.core.main.TestSuiteExecutor.accessTestSuiteMainPhase(TestSuiteExecutor.java:150)
	at com.kms.katalon.core.main.TestSuiteExecutor.execute(TestSuiteExecutor.java:106)
	at com.kms.katalon.core.main.TestCaseMain.startTestSuite(TestCaseMain.java:180)
	at TempTestSuite1729057289574.run(TempTestSuite1729057289574.groovy:35)
	at java.base/jdk.internal.reflect.NativeMethodAccessorImpl.invoke0(Native Method)
	at java.base/jdk.internal.reflect.NativeMethodAccessorImpl.invoke(NativeMethodAccessorImpl.java:77)
	at java.base/jdk.internal.reflect.DelegatingMethodAccessorImpl.invoke(DelegatingMethodAccessorImpl.java:43)
)

16-10-2024T09:20:25 - [TEST_STEP][PASSED] - println(numberOfErrors): null

16-10-2024T09:20:25 - [TEST_STEP][PASSED] - if (a == 28 || a == 77 || a == 74 || a == 65 || a == 36 || a == 44 || a == 54 || a == 1 || a == 18 || a == 59): null

16-10-2024T09:20:25 - [TEST_STEP][PASSED] - Script1718980020443.Filials(a, typeOfData, todaysDate, pageInt, fileInt, pageDouble, fileDouble, dZO, dzoNum, filialNum): null

16-10-2024T09:20:25 - [TEST_STEP][PASSED] - i = <not implemented yet for class: org.codehaus.groovy.ast.expr.EmptyExpression>: null

16-10-2024T09:20:25 - [TEST_STEP][PASSED] - c = <not implemented yet for class: org.codehaus.groovy.ast.expr.EmptyExpression>: null

16-10-2024T09:20:25 - [TEST_STEP][PASSED] - page = <not implemented yet for class: org.codehaus.groovy.ast.expr.EmptyExpression>: null

16-10-2024T09:20:25 - [TEST_STEP][PASSED] - println(dZO): null

16-10-2024T09:20:25 - [TEST_STEP][PASSED] - reducedDZO = dZO.substring(0, 13): null

16-10-2024T09:20:25 - [TEST_STEP][PASSED] - println(reducedDZO): null

16-10-2024T09:20:25 - [TEST_STEP][PASSED] - dzoCut = <not implemented yet for class: org.codehaus.groovy.ast.expr.EmptyExpression>: null

16-10-2024T09:20:25 - [TEST_STEP][PASSED] - Script1718980020443.DZO(a): null

16-10-2024T09:20:25 - [TEST_STEP][PASSED] - Script1718980020443.OpenFilter(): null

16-10-2024T09:20:25 - [TEST_STEP][PASSED] - click(findTestObject("Object Repository/Выполнение бизнес-плана/Фильтр ДЗО")): Object: 'Object Repository/Выполнение бизнес-плана/Фильтр ДЗО' is clicked on

16-10-2024T09:20:25 - [MESSAGE][PASSED] - Object: 'Object Repository/Выполнение бизнес-плана/Фильтр ДЗО' is clicked on

16-10-2024T09:20:25 - [TEST_STEP][PASSED] - click(findTestObject("Выполнение бизнес-плана/Снять выделение в фильтре ДЗО")): Object: 'Object Repository/Выполнение бизнес-плана/Снять выделение в фильтре ДЗО' is clicked on

16-10-2024T09:20:26 - [MESSAGE][PASSED] - Object: 'Object Repository/Выполнение бизнес-плана/Снять выделение в фильтре ДЗО' is clicked on

16-10-2024T09:20:26 - [TEST_STEP][PASSED] - Script1718980020443.OpenRSK(): null

16-10-2024T09:20:26 - [TEST_STEP][PASSED] - click(findTestObject("Выполнение бизнес-плана/Раскрыть список ПАО Россети в фильтре ДЗО")): Object: 'Object Repository/Выполнение бизнес-плана/Раскрыть список ПАО Россети в фильтре ДЗО' is clicked on

16-10-2024T09:20:26 - [MESSAGE][PASSED] - Object: 'Object Repository/Выполнение бизнес-плана/Раскрыть список ПАО Россети в фильтре ДЗО' is clicked on

16-10-2024T09:20:26 - [TEST_STEP][PASSED] - click(findTestObject("Выполнение бизнес-плана/Раскрыть список РаспредКомплекс в фильтре ДЗО")): Object: 'Object Repository/Выполнение бизнес-плана/Раскрыть список РаспредКомплекс в фильтре ДЗО' is clicked on

16-10-2024T09:20:26 - [MESSAGE][PASSED] - Object: 'Object Repository/Выполнение бизнес-плана/Раскрыть список РаспредКомплекс в фильтре ДЗО' is clicked on

16-10-2024T09:20:26 - [TEST_STEP][PASSED] - if (a == 28): null

16-10-2024T09:20:26 - [TEST_STEP][PASSED] - if (a == 77): null

16-10-2024T09:20:26 - [TEST_STEP][PASSED] - if (a == 74): null

16-10-2024T09:20:26 - [TEST_STEP][PASSED] - if (a == 65): null

16-10-2024T09:20:26 - [TEST_STEP][PASSED] - if (a == 36): null

16-10-2024T09:20:26 - [TEST_STEP][PASSED] - if (a == 44): null

16-10-2024T09:20:26 - [TEST_STEP][PASSED] - if (a == 54): null

16-10-2024T09:20:26 - [TEST_STEP][PASSED] - if (a == 1): null

16-10-2024T09:20:26 - [TEST_STEP][PASSED] - if (a == 18): Object: 'Object Repository/Выполнение бизнес-плана/Россети Центр и Приволжье' is clicked on

16-10-2024T09:20:26 - [TEST_STEP][PASSED] - scrollToElement(findTestObject("Выполнение бизнес-плана/Россети Центр и Приволжье"), 30): Scroll to object 'Object Repository/Выполнение бизнес-плана/Россети Центр и Приволжье' successfully

16-10-2024T09:20:27 - [MESSAGE][PASSED] - Scroll to object 'Object Repository/Выполнение бизнес-плана/Россети Центр и Приволжье' successfully

16-10-2024T09:20:27 - [TEST_STEP][PASSED] - click(findTestObject("Выполнение бизнес-плана/Россети Центр и Приволжье")): Object: 'Object Repository/Выполнение бизнес-плана/Россети Центр и Приволжье' is clicked on

16-10-2024T09:20:27 - [MESSAGE][PASSED] - Object: 'Object Repository/Выполнение бизнес-плана/Россети Центр и Приволжье' is clicked on

16-10-2024T09:20:27 - [TEST_STEP][PASSED] - if (a == 59): null

16-10-2024T09:20:27 - [TEST_STEP][PASSED] - Script1718980020443.CloseFilter(): null

16-10-2024T09:20:27 - [TEST_STEP][PASSED] - scrollToElement(findTestObject("Выполнение бизнес-плана/Заголовок дашборда"), 30): Scroll to object 'Object Repository/Выполнение бизнес-плана/Заголовок дашборда' successfully

16-10-2024T09:20:28 - [MESSAGE][PASSED] - Scroll to object 'Object Repository/Выполнение бизнес-плана/Заголовок дашборда' successfully

16-10-2024T09:20:28 - [TEST_STEP][PASSED] - click(findTestObject("Object Repository/Выполнение бизнес-плана/Применить в фильтре ДЗО")): Object: 'Object Repository/Выполнение бизнес-плана/Применить в фильтре ДЗО' is clicked on

16-10-2024T09:20:29 - [MESSAGE][PASSED] - Object: 'Object Repository/Выполнение бизнес-плана/Применить в фильтре ДЗО' is clicked on

16-10-2024T09:20:29 - [TEST_STEP][PASSED] - Script1718980020443.ZakrytOpoveshenie(): null

16-10-2024T09:20:29 - [TEST_STEP][PASSED] - opoveshenie = getText(findTestObject("Выполнение бизнес-плана/Просьба обратить внимание")): Text of object 'Object Repository/Выполнение бизнес-плана/Просьба обратить внимание' is: ''

16-10-2024T09:20:59 - [MESSAGE][PASSED] - Text of object 'Object Repository/Выполнение бизнес-плана/Просьба обратить внимание' is: ''

16-10-2024T09:20:59 - [TEST_STEP][PASSED] - println(opoveshenie): null

16-10-2024T09:20:59 - [TEST_STEP][PASSED] - if (opoveshenie == "Просьба обратить внимание"): null

16-10-2024T09:20:59 - [TEST_STEP][PASSED] - page = getText(findTestObject("Object Repository/Выполнение бизнес-плана/Filials")): Text of object 'Object Repository/Выполнение бизнес-плана/Filials' is: 'Россети Центр и Приволжье (ГК)
0
10
20
30
40
50
60
70'

16-10-2024T09:21:01 - [MESSAGE][PASSED] - Text of object 'Object Repository/Выполнение бизнес-плана/Filials' is: 'Россети Центр и Приволжье (ГК)
0
10
20
30
40
50
60
70'

16-10-2024T09:21:01 - [TEST_STEP][PASSED] - println(page): null

16-10-2024T09:21:01 - [TEST_STEP][PASSED] - c = page.indexOf(reducedDZO): null

16-10-2024T09:21:01 - [TEST_STEP][PASSED] - while (c > -1): null

16-10-2024T09:21:01 - [TEST_STEP][PASSED] - Script1718980020443.OpenFilter(): null

16-10-2024T09:21:01 - [TEST_STEP][PASSED] - click(findTestObject("Object Repository/Выполнение бизнес-плана/Фильтр ДЗО")): Object: 'Object Repository/Выполнение бизнес-плана/Фильтр ДЗО' is clicked on

16-10-2024T09:21:02 - [MESSAGE][PASSED] - Object: 'Object Repository/Выполнение бизнес-плана/Фильтр ДЗО' is clicked on

16-10-2024T09:21:02 - [TEST_STEP][PASSED] - click(findTestObject("Выполнение бизнес-плана/Снять выделение в фильтре ДЗО")): null

16-10-2024T09:21:02 - [MESSAGE][PASSED] - Object: 'Object Repository/Выполнение бизнес-плана/Снять выделение в фильтре ДЗО' is clicked on

16-10-2024T09:21:02 - [TEST_STEP][PASSED] - Script1718980020443.CloseFilter(): null

16-10-2024T09:21:02 - [TEST_STEP][PASSED] - scrollToElement(findTestObject("Выполнение бизнес-плана/Заголовок дашборда"), 30): Scroll to object 'Object Repository/Выполнение бизнес-плана/Заголовок дашборда' successfully

16-10-2024T09:21:03 - [MESSAGE][PASSED] - Scroll to object 'Object Repository/Выполнение бизнес-плана/Заголовок дашборда' successfully

16-10-2024T09:21:03 - [TEST_STEP][PASSED] - click(findTestObject("Object Repository/Выполнение бизнес-плана/Применить в фильтре ДЗО")): null

16-10-2024T09:21:03 - [MESSAGE][PASSED] - Object: 'Object Repository/Выполнение бизнес-плана/Применить в фильтре ДЗО' is clicked on

16-10-2024T09:21:03 - [TEST_STEP][PASSED] - Script1718980020443.DZO(a): null

16-10-2024T09:21:03 - [TEST_STEP][PASSED] - Script1718980020443.OpenFilter(): null

16-10-2024T09:21:03 - [TEST_STEP][PASSED] - click(findTestObject("Object Repository/Выполнение бизнес-плана/Фильтр ДЗО")): Object: 'Object Repository/Выполнение бизнес-плана/Фильтр ДЗО' is clicked on

16-10-2024T09:21:10 - [MESSAGE][PASSED] - Object: 'Object Repository/Выполнение бизнес-плана/Фильтр ДЗО' is clicked on

16-10-2024T09:21:10 - [TEST_STEP][PASSED] - click(findTestObject("Выполнение бизнес-плана/Снять выделение в фильтре ДЗО")): Object: 'Object Repository/Выполнение бизнес-плана/Снять выделение в фильтре ДЗО' is clicked on

16-10-2024T09:21:10 - [MESSAGE][PASSED] - Object: 'Object Repository/Выполнение бизнес-плана/Снять выделение в фильтре ДЗО' is clicked on

16-10-2024T09:21:10 - [TEST_STEP][PASSED] - Script1718980020443.OpenRSK(): null

16-10-2024T09:21:10 - [TEST_STEP][PASSED] - click(findTestObject("Выполнение бизнес-плана/Раскрыть список ПАО Россети в фильтре ДЗО")): Object: 'Object Repository/Выполнение бизнес-плана/Раскрыть список ПАО Россети в фильтре ДЗО' is clicked on

16-10-2024T09:21:11 - [MESSAGE][PASSED] - Object: 'Object Repository/Выполнение бизнес-плана/Раскрыть список ПАО Россети в фильтре ДЗО' is clicked on

16-10-2024T09:21:11 - [TEST_STEP][PASSED] - click(findTestObject("Выполнение бизнес-плана/Раскрыть список РаспредКомплекс в фильтре ДЗО")): Object: 'Object Repository/Выполнение бизнес-плана/Раскрыть список РаспредКомплекс в фильтре ДЗО' is clicked on

16-10-2024T09:21:11 - [MESSAGE][PASSED] - Object: 'Object Repository/Выполнение бизнес-плана/Раскрыть список РаспредКомплекс в фильтре ДЗО' is clicked on

16-10-2024T09:21:11 - [TEST_STEP][PASSED] - if (a == 28): null

16-10-2024T09:21:11 - [TEST_STEP][PASSED] - if (a == 77): null

16-10-2024T09:21:11 - [TEST_STEP][PASSED] - if (a == 74): null

16-10-2024T09:21:11 - [TEST_STEP][PASSED] - if (a == 65): null

16-10-2024T09:21:11 - [TEST_STEP][PASSED] - if (a == 36): null

16-10-2024T09:21:11 - [TEST_STEP][PASSED] - if (a == 44): null

16-10-2024T09:21:11 - [TEST_STEP][PASSED] - if (a == 54): null

16-10-2024T09:21:11 - [TEST_STEP][PASSED] - if (a == 1): null

16-10-2024T09:21:11 - [TEST_STEP][PASSED] - if (a == 18): Object: 'Object Repository/Выполнение бизнес-плана/Россети Центр и Приволжье' is clicked on

16-10-2024T09:21:11 - [TEST_STEP][PASSED] - scrollToElement(findTestObject("Выполнение бизнес-плана/Россети Центр и Приволжье"), 30): Scroll to object 'Object Repository/Выполнение бизнес-плана/Россети Центр и Приволжье' successfully

16-10-2024T09:21:11 - [MESSAGE][PASSED] - Scroll to object 'Object Repository/Выполнение бизнес-плана/Россети Центр и Приволжье' successfully

16-10-2024T09:21:11 - [TEST_STEP][PASSED] - click(findTestObject("Выполнение бизнес-плана/Россети Центр и Приволжье")): Object: 'Object Repository/Выполнение бизнес-плана/Россети Центр и Приволжье' is clicked on

16-10-2024T09:21:12 - [MESSAGE][PASSED] - Object: 'Object Repository/Выполнение бизнес-плана/Россети Центр и Приволжье' is clicked on

16-10-2024T09:21:12 - [TEST_STEP][PASSED] - if (a == 59): null

16-10-2024T09:21:12 - [TEST_STEP][PASSED] - Script1718980020443.CloseFilter(): null

16-10-2024T09:21:12 - [TEST_STEP][PASSED] - scrollToElement(findTestObject("Выполнение бизнес-плана/Заголовок дашборда"), 30): Scroll to object 'Object Repository/Выполнение бизнес-плана/Заголовок дашборда' successfully

16-10-2024T09:21:12 - [MESSAGE][PASSED] - Scroll to object 'Object Repository/Выполнение бизнес-плана/Заголовок дашборда' successfully

16-10-2024T09:21:12 - [TEST_STEP][PASSED] - click(findTestObject("Object Repository/Выполнение бизнес-плана/Применить в фильтре ДЗО")): Object: 'Object Repository/Выполнение бизнес-плана/Применить в фильтре ДЗО' is clicked on

16-10-2024T09:21:13 - [MESSAGE][PASSED] - Object: 'Object Repository/Выполнение бизнес-плана/Применить в фильтре ДЗО' is clicked on

16-10-2024T09:21:13 - [TEST_STEP][PASSED] - Script1718980020443.ZakrytOpoveshenie(): null

16-10-2024T09:21:13 - [TEST_STEP][PASSED] - opoveshenie = getText(findTestObject("Выполнение бизнес-плана/Просьба обратить внимание")): Text of object 'Object Repository/Выполнение бизнес-плана/Просьба обратить внимание' is: ''

16-10-2024T09:21:35 - [MESSAGE][PASSED] - Text of object 'Object Repository/Выполнение бизнес-плана/Просьба обратить внимание' is: ''

16-10-2024T09:21:35 - [TEST_STEP][PASSED] - println(opoveshenie): null

16-10-2024T09:21:35 - [TEST_STEP][PASSED] - if (opoveshenie == "Просьба обратить внимание"): Delayed 5 second(s)

16-10-2024T09:21:35 - [TEST_STEP][PASSED] - delay(20): Delayed 20 second(s)

16-10-2024T09:21:55 - [MESSAGE][PASSED] - Delayed 20 second(s)

16-10-2024T09:21:55 - [TEST_STEP][PASSED] - page = getText(findTestObject("Object Repository/Выполнение бизнес-плана/Filials")): Text of object 'Object Repository/Выполнение бизнес-плана/Filials' is: 'Владимирэнерго
Ивэнерго
Калугаэнерго
Кировэнерго
Мариэнерго
Нижновэнерго
Рязаньэнерго
Тулэнерго
Удмуртэнерго
0
10
20
30
40
50
60
70'

16-10-2024T09:21:56 - [MESSAGE][PASSED] - Text of object 'Object Repository/Выполнение бизнес-плана/Filials' is: 'Владимирэнерго
Ивэнерго
Калугаэнерго
Кировэнерго
Мариэнерго
Нижновэнерго
Рязаньэнерго
Тулэнерго
Удмуртэнерго
0
10
20
30
40
50
60
70'

16-10-2024T09:21:56 - [TEST_STEP][PASSED] - println(page): null

16-10-2024T09:21:56 - [TEST_STEP][PASSED] - c = page.indexOf(reducedDZO): null

16-10-2024T09:21:56 - [TEST_STEP][PASSED] - println("c indexOf(reducedDZO): " + c): null

16-10-2024T09:21:56 - [TEST_STEP][PASSED] - delay(5): Delayed 5 second(s)

16-10-2024T09:22:01 - [MESSAGE][PASSED] - Delayed 5 second(s)

16-10-2024T09:22:01 - [TEST_STEP][PASSED] - x2 = getText(findTestObject("Выполнение бизнес-плана/Список ДЗО старый")): Text of object 'Object Repository/Выполнение бизнес-плана/Список ДЗО старый' is: 'Владимирэнерго
Ивэнерго
Калугаэнерго
Кировэнерго
Мариэнерго
Нижновэнерго
Рязаньэнерго
Тулэнерго
Удмуртэнерго
0
10
20
30
40
50
60
70'

16-10-2024T09:22:01 - [MESSAGE][PASSED] - Text of object 'Object Repository/Выполнение бизнес-плана/Список ДЗО старый' is: 'Владимирэнерго
Ивэнерго
Калугаэнерго
Кировэнерго
Мариэнерго
Нижновэнерго
Рязаньэнерго
Тулэнерго
Удмуртэнерго
0
10
20
30
40
50
60
70'

16-10-2024T09:22:01 - [TEST_STEP][PASSED] - if (a == 28): null

16-10-2024T09:22:01 - [TEST_STEP][PASSED] - if (a == 77): null

16-10-2024T09:22:01 - [TEST_STEP][PASSED] - if (a == 74): null

16-10-2024T09:22:01 - [TEST_STEP][PASSED] - if (a == 65): null

16-10-2024T09:22:01 - [TEST_STEP][PASSED] - if (a == 1): null

16-10-2024T09:22:01 - [TEST_STEP][PASSED] - if (a == 18): null

16-10-2024T09:22:01 - [TEST_STEP][PASSED] - dZO = "Владимирэнерго": null

16-10-2024T09:22:01 - [TEST_STEP][PASSED] - a = 19: null

16-10-2024T09:22:01 - [TEST_STEP][PASSED] - if (x2.contains(dZO)): null

16-10-2024T09:22:01 - [TEST_STEP][PASSED] - filialNum = filialNum + 1: null

16-10-2024T09:22:01 - [TEST_STEP][PASSED] - Script1718980020443.Numbers(a, typeOfData, todaysDate, pageInt, fileInt, pageDouble, fileDouble, dZO, dzoNum, filialNum): null

16-10-2024T09:22:01 - [TEST_STEP][PASSED] - println(dzoNum): null

16-10-2024T09:22:01 - [TEST_STEP][PASSED] - planFact = <not implemented yet for class: org.codehaus.groovy.ast.expr.EmptyExpression>: null

16-10-2024T09:22:01 - [TEST_STEP][PASSED] - page = <not implemented yet for class: org.codehaus.groovy.ast.expr.EmptyExpression>: null

16-10-2024T09:22:01 - [TEST_STEP][PASSED] - page1 = <not implemented yet for class: org.codehaus.groovy.ast.expr.EmptyExpression>: null

16-10-2024T09:22:01 - [TEST_STEP][PASSED] - page2 = <not implemented yet for class: org.codehaus.groovy.ast.expr.EmptyExpression>: null

16-10-2024T09:22:01 - [TEST_STEP][PASSED] - filialNumberInRow = <not implemented yet for class: org.codehaus.groovy.ast.expr.EmptyExpression>: null

16-10-2024T09:22:01 - [TEST_STEP][PASSED] - filialsDzoNames = <not implemented yet for class: org.codehaus.groovy.ast.expr.EmptyExpression>: null

16-10-2024T09:22:01 - [TEST_STEP][PASSED] - numberOfFilials = <not implemented yet for class: org.codehaus.groovy.ast.expr.EmptyExpression>: null

16-10-2024T09:22:01 - [TEST_STEP][PASSED] - numberOfSpaces = <not implemented yet for class: org.codehaus.groovy.ast.expr.EmptyExpression>: null

16-10-2024T09:22:01 - [TEST_STEP][PASSED] - file = <not implemented yet for class: org.codehaus.groovy.ast.expr.EmptyExpression>: null

16-10-2024T09:22:01 - [TEST_STEP][PASSED] - otpusk = <not implemented yet for class: org.codehaus.groovy.ast.expr.EmptyExpression>: null

16-10-2024T09:22:01 - [TEST_STEP][PASSED] - poteri = <not implemented yet for class: org.codehaus.groovy.ast.expr.EmptyExpression>: null

16-10-2024T09:22:01 - [TEST_STEP][PASSED] - dataFolder = "Выполнение бизнес-плана/Значения со страницы Выполнение бизнес-плана/": null

16-10-2024T09:22:01 - [TEST_STEP][PASSED] - path = <not implemented yet for class: org.codehaus.groovy.ast.expr.EmptyExpression>: null

16-10-2024T09:22:01 - [TEST_STEP][PASSED] - typeOfDataMain = <not implemented yet for class: org.codehaus.groovy.ast.expr.EmptyExpression>: null

16-10-2024T09:22:01 - [TEST_STEP][PASSED] - fileOtpuskVSet = <not implemented yet for class: org.codehaus.groovy.ast.expr.EmptyExpression>: null

16-10-2024T09:22:01 - [TEST_STEP][PASSED] - pageOtpuskVSet = <not implemented yet for class: org.codehaus.groovy.ast.expr.EmptyExpression>: null

16-10-2024T09:22:01 - [TEST_STEP][PASSED] - filePoteri = <not implemented yet for class: org.codehaus.groovy.ast.expr.EmptyExpression>: null

16-10-2024T09:22:01 - [TEST_STEP][PASSED] - pagePoteri = <not implemented yet for class: org.codehaus.groovy.ast.expr.EmptyExpression>: null

16-10-2024T09:22:01 - [TEST_STEP][PASSED] - compare = <not implemented yet for class: org.codehaus.groovy.ast.expr.EmptyExpression>: null

16-10-2024T09:22:01 - [TEST_STEP][PASSED] - b = <not implemented yet for class: org.codehaus.groovy.ast.expr.EmptyExpression>: null

16-10-2024T09:22:01 - [TEST_STEP][PASSED] - i = <not implemented yet for class: org.codehaus.groovy.ast.expr.EmptyExpression>: null

16-10-2024T09:22:01 - [TEST_STEP][PASSED] - ii = <not implemented yet for class: org.codehaus.groovy.ast.expr.EmptyExpression>: null

16-10-2024T09:22:01 - [TEST_STEP][PASSED] - c = <not implemented yet for class: org.codehaus.groovy.ast.expr.EmptyExpression>: null

16-10-2024T09:22:01 - [TEST_STEP][PASSED] - numberOfErrors = 0: null

16-10-2024T09:22:01 - [TEST_STEP][PASSED] - if (a == 82): null

16-10-2024T09:22:01 - [TEST_STEP][PASSED] - b = findTestData("PlanFact").getValue(1, a): null

16-10-2024T09:22:01 - [TEST_STEP][PASSED] - i = b.indexOf(" (ГК)"): null

16-10-2024T09:22:01 - [TEST_STEP][PASSED] - if (i > -1): null

16-10-2024T09:22:01 - [TEST_STEP][PASSED] - i = b.indexOf("О ""): null

16-10-2024T09:22:01 - [TEST_STEP][PASSED] - if (i > -1): null

16-10-2024T09:22:01 - [TEST_STEP][PASSED] - i = b.indexOf("О «"): null

16-10-2024T09:22:01 - [TEST_STEP][PASSED] - if (i > -1): null

16-10-2024T09:22:01 - [TEST_STEP][PASSED] - i = b.indexOf("г. "): null

16-10-2024T09:22:01 - [TEST_STEP][PASSED] - if (i > -1): null

16-10-2024T09:22:01 - [TEST_STEP][PASSED] - println(b): null

16-10-2024T09:22:01 - [TEST_STEP][PASSED] - for ([planFact = 1, planFact < 3, (planFact++)]): null

16-10-2024T09:22:01 - [TEST_STEP][PASSED] - if (planFact == 1): null

16-10-2024T09:22:01 - [TEST_STEP][PASSED] - typeOfDataMain = "Факт": null

16-10-2024T09:22:01 - [TEST_STEP][PASSED] - otpusk = findTestData("PlanFact").getValue(5, a): null

16-10-2024T09:22:01 - [TEST_STEP][PASSED] - poteri = findTestData("PlanFact").getValue(6, a): null

16-10-2024T09:22:01 - [TEST_STEP][PASSED] - otpusk = otpusk.replaceAll("\s+", ""): null

16-10-2024T09:22:01 - [TEST_STEP][PASSED] - poteri = poteri.replaceAll("\s+", ""): null

16-10-2024T09:22:01 - [TEST_STEP][PASSED] - typeOfData = typeOfDataMain + " Отпуск в сеть": null

16-10-2024T09:22:01 - [TEST_STEP][PASSED] - if (a == 82): null

16-10-2024T09:22:01 - [TEST_STEP][PASSED] - else if (a == 84): null

16-10-2024T09:22:01 - [TEST_STEP][PASSED] - else if (a == 52 || a == 72 || a == 28 || a == 73 || a == 77 || a == 74 || a == 65 || a == 36 || a == 44 || a == 53 || a == 80 || a == 54 || a == 1 || a == 18 || a == 59 || a == 81): null

16-10-2024T09:22:01 - [TEST_STEP][PASSED] - else: null

16-10-2024T09:22:01 - [TEST_STEP][PASSED] - path = dataFolder + typeOfData + " за отчётный период " + b: null

16-10-2024T09:22:01 - [TEST_STEP][PASSED] - println(path): null

16-10-2024T09:22:01 - [TEST_STEP][PASSED] - page = getText(findTestObject(path)): Text of object 'Object Repository/Выполнение бизнес-плана/Значения со страницы Выполнение бизнес-плана/Факт Отпуск в сеть за отчётный период Владимирэнерго' is: '4 127 933'

16-10-2024T09:22:02 - [MESSAGE][PASSED] - Text of object 'Object Repository/Выполнение бизнес-плана/Значения со страницы Выполнение бизнес-плана/Факт Отпуск в сеть за отчётный период Владимирэнерго' is: '4 127 933'

16-10-2024T09:22:02 - [TEST_STEP][PASSED] - page = page.replaceAll("\s+", ""): null

16-10-2024T09:22:02 - [TEST_STEP][PASSED] - fileOtpuskVSet = otpusk.toInteger(): null

16-10-2024T09:22:02 - [TEST_STEP][PASSED] - pageOtpuskVSet = page.toInteger(): null

16-10-2024T09:22:02 - [TEST_STEP][PASSED] - typeOfData = typeOfDataMain + " Потери": null

16-10-2024T09:22:02 - [TEST_STEP][PASSED] - if (a == 82): null

16-10-2024T09:22:02 - [TEST_STEP][PASSED] - else if (a == 84): null

16-10-2024T09:22:02 - [TEST_STEP][PASSED] - else if (a == 52 || a == 72 || a == 28 || a == 73 || a == 77 || a == 74 || a == 65 || a == 36 || a == 44 || a == 53 || a == 80 || a == 54 || a == 1 || a == 18 || a == 59 || a == 81): null

16-10-2024T09:22:02 - [TEST_STEP][PASSED] - else: null

16-10-2024T09:22:02 - [TEST_STEP][PASSED] - path = dataFolder + typeOfData + " за отчётный период " + b: null

16-10-2024T09:22:02 - [TEST_STEP][PASSED] - page = getText(findTestObject(path)): Text of object 'Object Repository/Выполнение бизнес-плана/Значения со страницы Выполнение бизнес-плана/Факт Потери за отчётный период Владимирэнерго' is: '232 530'

16-10-2024T09:22:02 - [MESSAGE][PASSED] - Text of object 'Object Repository/Выполнение бизнес-плана/Значения со страницы Выполнение бизнес-плана/Факт Потери за отчётный период Владимирэнерго' is: '232 530'

16-10-2024T09:22:02 - [TEST_STEP][PASSED] - page = page.replaceAll("\s+", ""): null

16-10-2024T09:22:02 - [TEST_STEP][PASSED] - filePoteri = poteri.toInteger(): null

16-10-2024T09:22:02 - [TEST_STEP][PASSED] - pagePoteri = page.toInteger(): null

16-10-2024T09:22:02 - [TEST_STEP][PASSED] - compare = pageOtpuskVSet: null

16-10-2024T09:22:02 - [TEST_STEP][PASSED] - if (compare == fileOtpuskVSet): null

16-10-2024T09:22:02 - [TEST_STEP][PASSED] - else if (compare > fileOtpuskVSet): null

16-10-2024T09:22:02 - [TEST_STEP][PASSED] - compare = compare - 1: null

16-10-2024T09:22:02 - [TEST_STEP][PASSED] - if (compare == fileOtpuskVSet): null

16-10-2024T09:22:02 - [TEST_STEP][PASSED] - else: null

16-10-2024T09:22:02 - [TEST_STEP][PASSED] - numberOfErrors = numberOfErrors + 1: null

16-10-2024T09:22:02 - [TEST_STEP][PASSED] - pageInt = pageOtpuskVSet: null

16-10-2024T09:22:02 - [TEST_STEP][PASSED] - fileInt = fileOtpuskVSet: null

16-10-2024T09:22:02 - [TEST_STEP][PASSED] - typeOfData = typeOfDataMain + " Отпуск в сеть": null

16-10-2024T09:22:02 - [TEST_STEP][PASSED] - Script1718980020443.WriteToExcel(a, typeOfData, todaysDate, pageInt, fileInt, pageDouble, fileDouble, dZO): null

16-10-2024T09:22:02 - [TEST_STEP][PASSED] - sheetName = "Sheet1": null

16-10-2024T09:22:02 - [TEST_STEP][PASSED] - data = findTestData("PlanFact"): null

16-10-2024T09:22:02 - [TEST_STEP][PASSED] - n = data.getRowNumbers() + 1: null

16-10-2024T09:22:02 - [TEST_STEP][PASSED] - year = todaysDate.substring(todaysDate.length() - 4, todaysDate.length()): null

16-10-2024T09:22:02 - [TEST_STEP][PASSED] - y = year.toInteger(): null

16-10-2024T09:22:02 - [TEST_STEP][PASSED] - m = getText(findTestObject("Выполнение бизнес-плана/Период")): Text of object 'Object Repository/Выполнение бизнес-плана/Период' is: '1, 2 кв., Июль, Август 2024 года'

16-10-2024T09:22:02 - [MESSAGE][PASSED] - Text of object 'Object Repository/Выполнение бизнес-плана/Период' is: '1, 2 кв., Июль, Август 2024 года'

16-10-2024T09:22:02 - [TEST_STEP][PASSED] - m = m.substring(0, m.indexOf("2024")): null

16-10-2024T09:22:02 - [TEST_STEP][PASSED] - m = m.trim(): null

16-10-2024T09:22:02 - [TEST_STEP][PASSED] - dashboardName = "Выполнение бизнес-плана": null

16-10-2024T09:22:02 - [TEST_STEP][PASSED] - workbook01 = getWorkbook(excelFilePath): null

16-10-2024T09:22:02 - [TEST_STEP][PASSED] - sheet01 = getExcelSheet(workbook01, sheetName): null

16-10-2024T09:22:02 - [TEST_STEP][PASSED] - setValueToCellByIndex(sheet01, n, 0, dashboardName): null

16-10-2024T09:22:02 - [TEST_STEP][PASSED] - setValueToCellByIndex(sheet01, n, 1, dZO): null

16-10-2024T09:22:02 - [TEST_STEP][PASSED] - setValueToCellByIndex(sheet01, n, 2, typeOfData): null

16-10-2024T09:22:02 - [TEST_STEP][PASSED] - if (typeOfData == "Факт в процентах" || typeOfData == "План в процентах"): null

16-10-2024T09:22:02 - [TEST_STEP][PASSED] - else: null

16-10-2024T09:22:02 - [TEST_STEP][PASSED] - setValueToCellByIndex(sheet01, n, 3, fileInt): null

16-10-2024T09:22:02 - [TEST_STEP][PASSED] - setValueToCellByIndex(sheet01, n, 4, pageInt): null

16-10-2024T09:22:02 - [TEST_STEP][PASSED] - setValueToCellByIndex(sheet01, n, 5, m): null

16-10-2024T09:22:02 - [TEST_STEP][PASSED] - setValueToCellByIndex(sheet01, n, 6, y): null

16-10-2024T09:22:02 - [TEST_STEP][PASSED] - setValueToCellByIndex(sheet01, n, 7, todaysDate): null

16-10-2024T09:22:02 - [TEST_STEP][PASSED] - n = n + 1: null

16-10-2024T09:22:02 - [TEST_STEP][PASSED] - saveWorkbook(excelFilePath, workbook01): null

16-10-2024T09:22:03 - [TEST_STEP][PASSED] - compare = pagePoteri: null

16-10-2024T09:22:03 - [TEST_STEP][PASSED] - if (compare == filePoteri): null

16-10-2024T09:22:03 - [TEST_STEP][PASSED] - else if (compare > filePoteri): null

16-10-2024T09:22:03 - [TEST_STEP][PASSED] - compare = compare - 1: null

16-10-2024T09:22:03 - [TEST_STEP][PASSED] - if (compare == filePoteri): null

16-10-2024T09:22:03 - [TEST_STEP][PASSED] - else: null

16-10-2024T09:22:03 - [TEST_STEP][PASSED] - numberOfErrors = numberOfErrors + 1: null

16-10-2024T09:22:03 - [TEST_STEP][PASSED] - pageInt = pagePoteri: null

16-10-2024T09:22:03 - [TEST_STEP][PASSED] - fileInt = filePoteri: null

16-10-2024T09:22:03 - [TEST_STEP][PASSED] - typeOfData = typeOfDataMain + " Потери": null

16-10-2024T09:22:03 - [TEST_STEP][PASSED] - Script1718980020443.WriteToExcel(a, typeOfData, todaysDate, pageInt, fileInt, pageDouble, fileDouble, dZO): null

16-10-2024T09:22:03 - [TEST_STEP][PASSED] - sheetName = "Sheet1": null

16-10-2024T09:22:03 - [TEST_STEP][PASSED] - data = findTestData("PlanFact"): null

16-10-2024T09:22:03 - [TEST_STEP][PASSED] - n = data.getRowNumbers() + 1: null

16-10-2024T09:22:03 - [TEST_STEP][PASSED] - year = todaysDate.substring(todaysDate.length() - 4, todaysDate.length()): null

16-10-2024T09:22:03 - [TEST_STEP][PASSED] - y = year.toInteger(): null

16-10-2024T09:22:03 - [TEST_STEP][PASSED] - m = getText(findTestObject("Выполнение бизнес-плана/Период")): Text of object 'Object Repository/Выполнение бизнес-плана/Период' is: '1, 2 кв., Июль, Август 2024 года'

16-10-2024T09:22:03 - [MESSAGE][PASSED] - Text of object 'Object Repository/Выполнение бизнес-плана/Период' is: '1, 2 кв., Июль, Август 2024 года'

16-10-2024T09:22:03 - [TEST_STEP][PASSED] - m = m.substring(0, m.indexOf("2024")): null

16-10-2024T09:22:03 - [TEST_STEP][PASSED] - m = m.trim(): null

16-10-2024T09:22:03 - [TEST_STEP][PASSED] - dashboardName = "Выполнение бизнес-плана": null

16-10-2024T09:22:03 - [TEST_STEP][PASSED] - workbook01 = getWorkbook(excelFilePath): null

16-10-2024T09:22:03 - [TEST_STEP][PASSED] - sheet01 = getExcelSheet(workbook01, sheetName): null

16-10-2024T09:22:03 - [TEST_STEP][PASSED] - setValueToCellByIndex(sheet01, n, 0, dashboardName): null

16-10-2024T09:22:03 - [TEST_STEP][PASSED] - setValueToCellByIndex(sheet01, n, 1, dZO): null

16-10-2024T09:22:03 - [TEST_STEP][PASSED] - setValueToCellByIndex(sheet01, n, 2, typeOfData): null

16-10-2024T09:22:03 - [TEST_STEP][PASSED] - if (typeOfData == "Факт в процентах" || typeOfData == "План в процентах"): null

16-10-2024T09:22:03 - [TEST_STEP][PASSED] - else: null

16-10-2024T09:22:03 - [TEST_STEP][PASSED] - setValueToCellByIndex(sheet01, n, 3, fileInt): null

16-10-2024T09:22:03 - [TEST_STEP][PASSED] - setValueToCellByIndex(sheet01, n, 4, pageInt): null

16-10-2024T09:22:03 - [TEST_STEP][PASSED] - setValueToCellByIndex(sheet01, n, 5, m): null

16-10-2024T09:22:03 - [TEST_STEP][PASSED] - setValueToCellByIndex(sheet01, n, 6, y): null

16-10-2024T09:22:03 - [TEST_STEP][PASSED] - setValueToCellByIndex(sheet01, n, 7, todaysDate): null

16-10-2024T09:22:03 - [TEST_STEP][PASSED] - n = n + 1: null

16-10-2024T09:22:03 - [TEST_STEP][PASSED] - saveWorkbook(excelFilePath, workbook01): null

16-10-2024T09:22:03 - [TEST_STEP][PASSED] - if (planFact == 2): null

16-10-2024T09:22:03 - [TEST_STEP][PASSED] - if (planFact == 1): null

16-10-2024T09:22:03 - [TEST_STEP][PASSED] - else if (planFact == 2): null

16-10-2024T09:22:03 - [TEST_STEP][PASSED] - click(findTestObject("Выполнение бизнес-плана/Кнопка План")): Object: 'Object Repository/Выполнение бизнес-плана/Кнопка План' is clicked on

16-10-2024T09:22:04 - [MESSAGE][PASSED] - Object: 'Object Repository/Выполнение бизнес-плана/Кнопка План' is clicked on

16-10-2024T09:22:04 - [TEST_STEP][PASSED] - typeOfDataMain = "План": null

16-10-2024T09:22:04 - [TEST_STEP][PASSED] - otpusk = findTestData("PlanFact").getValue(2, a): null

16-10-2024T09:22:04 - [TEST_STEP][PASSED] - poteri = findTestData("PlanFact").getValue(3, a): null

16-10-2024T09:22:04 - [TEST_STEP][PASSED] - otpusk = otpusk.replaceAll("\s+", ""): null

16-10-2024T09:22:04 - [TEST_STEP][PASSED] - poteri = poteri.replaceAll("\s+", ""): null

16-10-2024T09:22:04 - [TEST_STEP][PASSED] - typeOfData = typeOfDataMain + " Отпуск в сеть": null

16-10-2024T09:22:04 - [TEST_STEP][PASSED] - if (a == 82): null

16-10-2024T09:22:04 - [TEST_STEP][PASSED] - else if (a == 84): null

16-10-2024T09:22:04 - [TEST_STEP][PASSED] - else if (a == 52 || a == 72 || a == 28 || a == 73 || a == 77 || a == 74 || a == 65 || a == 36 || a == 44 || a == 53 || a == 80 || a == 54 || a == 1 || a == 18 || a == 59 || a == 81): null

16-10-2024T09:22:04 - [TEST_STEP][PASSED] - else: null

16-10-2024T09:22:04 - [TEST_STEP][PASSED] - path = dataFolder + typeOfData + " за отчётный период " + b: null

16-10-2024T09:22:04 - [TEST_STEP][PASSED] - println(path): null

16-10-2024T09:22:04 - [TEST_STEP][PASSED] - page = getText(findTestObject(path)): Text of object 'Object Repository/Выполнение бизнес-плана/Значения со страницы Выполнение бизнес-плана/План Отпуск в сеть за отчётный период Владимирэнерго' is: '3 945 041'

16-10-2024T09:22:04 - [MESSAGE][PASSED] - Text of object 'Object Repository/Выполнение бизнес-плана/Значения со страницы Выполнение бизнес-плана/План Отпуск в сеть за отчётный период Владимирэнерго' is: '3 945 041'

16-10-2024T09:22:04 - [TEST_STEP][PASSED] - page = page.replaceAll("\s+", ""): null

16-10-2024T09:22:04 - [TEST_STEP][PASSED] - fileOtpuskVSet = otpusk.toInteger(): null

16-10-2024T09:22:04 - [TEST_STEP][PASSED] - pageOtpuskVSet = page.toInteger(): null

16-10-2024T09:22:04 - [TEST_STEP][PASSED] - typeOfData = typeOfDataMain + " Потери": null

16-10-2024T09:22:04 - [TEST_STEP][PASSED] - if (a == 82): null

16-10-2024T09:22:04 - [TEST_STEP][PASSED] - else if (a == 84): null

16-10-2024T09:22:04 - [TEST_STEP][PASSED] - else if (a == 52 || a == 72 || a == 28 || a == 73 || a == 77 || a == 74 || a == 65 || a == 36 || a == 44 || a == 53 || a == 80 || a == 54 || a == 1 || a == 18 || a == 59 || a == 81): null

16-10-2024T09:22:04 - [TEST_STEP][PASSED] - else: null

16-10-2024T09:22:04 - [TEST_STEP][PASSED] - path = dataFolder + typeOfData + " за отчётный период " + b: null

16-10-2024T09:22:04 - [TEST_STEP][PASSED] - page = getText(findTestObject(path)): Text of object 'Object Repository/Выполнение бизнес-плана/Значения со страницы Выполнение бизнес-плана/План Потери за отчётный период Владимирэнерго' is: '248 435'

16-10-2024T09:22:04 - [MESSAGE][PASSED] - Text of object 'Object Repository/Выполнение бизнес-плана/Значения со страницы Выполнение бизнес-плана/План Потери за отчётный период Владимирэнерго' is: '248 435'

16-10-2024T09:22:04 - [TEST_STEP][PASSED] - page = page.replaceAll("\s+", ""): null

16-10-2024T09:22:04 - [TEST_STEP][PASSED] - filePoteri = poteri.toInteger(): null

16-10-2024T09:22:04 - [TEST_STEP][PASSED] - pagePoteri = page.toInteger(): null

16-10-2024T09:22:04 - [TEST_STEP][PASSED] - compare = pageOtpuskVSet: null

16-10-2024T09:22:04 - [TEST_STEP][PASSED] - if (compare == fileOtpuskVSet): null

16-10-2024T09:22:04 - [TEST_STEP][PASSED] - else if (compare > fileOtpuskVSet): null

16-10-2024T09:22:04 - [TEST_STEP][PASSED] - compare = compare - 1: null

16-10-2024T09:22:04 - [TEST_STEP][PASSED] - if (compare == fileOtpuskVSet): null

16-10-2024T09:22:04 - [TEST_STEP][PASSED] - else: null

16-10-2024T09:22:04 - [TEST_STEP][PASSED] - numberOfErrors = numberOfErrors + 1: null

16-10-2024T09:22:04 - [TEST_STEP][PASSED] - pageInt = pageOtpuskVSet: null

16-10-2024T09:22:04 - [TEST_STEP][PASSED] - fileInt = fileOtpuskVSet: null

16-10-2024T09:22:04 - [TEST_STEP][PASSED] - typeOfData = typeOfDataMain + " Отпуск в сеть": null

16-10-2024T09:22:04 - [TEST_STEP][PASSED] - Script1718980020443.WriteToExcel(a, typeOfData, todaysDate, pageInt, fileInt, pageDouble, fileDouble, dZO): null

16-10-2024T09:22:04 - [TEST_STEP][PASSED] - sheetName = "Sheet1": null

16-10-2024T09:22:04 - [TEST_STEP][PASSED] - data = findTestData("PlanFact"): null

16-10-2024T09:22:05 - [TEST_STEP][PASSED] - n = data.getRowNumbers() + 1: null

16-10-2024T09:22:05 - [TEST_STEP][PASSED] - year = todaysDate.substring(todaysDate.length() - 4, todaysDate.length()): null

16-10-2024T09:22:05 - [TEST_STEP][PASSED] - y = year.toInteger(): null

16-10-2024T09:22:05 - [TEST_STEP][PASSED] - m = getText(findTestObject("Выполнение бизнес-плана/Период")): Text of object 'Object Repository/Выполнение бизнес-плана/Период' is: '1, 2 кв., Июль, Август 2024 года'

16-10-2024T09:22:05 - [MESSAGE][PASSED] - Text of object 'Object Repository/Выполнение бизнес-плана/Период' is: '1, 2 кв., Июль, Август 2024 года'

16-10-2024T09:22:05 - [TEST_STEP][PASSED] - m = m.substring(0, m.indexOf("2024")): null

16-10-2024T09:22:05 - [TEST_STEP][PASSED] - m = m.trim(): null

16-10-2024T09:22:05 - [TEST_STEP][PASSED] - dashboardName = "Выполнение бизнес-плана": null

16-10-2024T09:22:05 - [TEST_STEP][PASSED] - workbook01 = getWorkbook(excelFilePath): null

16-10-2024T09:22:05 - [TEST_STEP][PASSED] - sheet01 = getExcelSheet(workbook01, sheetName): null

16-10-2024T09:22:05 - [TEST_STEP][PASSED] - setValueToCellByIndex(sheet01, n, 0, dashboardName): null

16-10-2024T09:22:05 - [TEST_STEP][PASSED] - setValueToCellByIndex(sheet01, n, 1, dZO): null

16-10-2024T09:22:05 - [TEST_STEP][PASSED] - setValueToCellByIndex(sheet01, n, 2, typeOfData): null

16-10-2024T09:22:05 - [TEST_STEP][PASSED] - if (typeOfData == "Факт в процентах" || typeOfData == "План в процентах"): null

16-10-2024T09:22:05 - [TEST_STEP][PASSED] - else: null

16-10-2024T09:22:05 - [TEST_STEP][PASSED] - setValueToCellByIndex(sheet01, n, 3, fileInt): null

16-10-2024T09:22:05 - [TEST_STEP][PASSED] - setValueToCellByIndex(sheet01, n, 4, pageInt): null

16-10-2024T09:22:05 - [TEST_STEP][PASSED] - setValueToCellByIndex(sheet01, n, 5, m): null

16-10-2024T09:22:05 - [TEST_STEP][PASSED] - setValueToCellByIndex(sheet01, n, 6, y): null

16-10-2024T09:22:05 - [TEST_STEP][PASSED] - setValueToCellByIndex(sheet01, n, 7, todaysDate): null

16-10-2024T09:22:05 - [TEST_STEP][PASSED] - n = n + 1: null

16-10-2024T09:22:05 - [TEST_STEP][PASSED] - saveWorkbook(excelFilePath, workbook01): null

16-10-2024T09:22:05 - [TEST_STEP][PASSED] - compare = pagePoteri: null

16-10-2024T09:22:05 - [TEST_STEP][PASSED] - if (compare == filePoteri): null

16-10-2024T09:22:05 - [TEST_STEP][PASSED] - else if (compare > filePoteri): null

16-10-2024T09:22:05 - [TEST_STEP][PASSED] - compare = compare - 1: null

16-10-2024T09:22:05 - [TEST_STEP][PASSED] - if (compare == filePoteri): null

16-10-2024T09:22:05 - [TEST_STEP][PASSED] - else: null

16-10-2024T09:22:05 - [TEST_STEP][PASSED] - numberOfErrors = numberOfErrors + 1: null

16-10-2024T09:22:05 - [TEST_STEP][PASSED] - pageInt = pagePoteri: null

16-10-2024T09:22:05 - [TEST_STEP][PASSED] - fileInt = filePoteri: null

16-10-2024T09:22:05 - [TEST_STEP][PASSED] - typeOfData = typeOfDataMain + " Потери": null

16-10-2024T09:22:05 - [TEST_STEP][PASSED] - Script1718980020443.WriteToExcel(a, typeOfData, todaysDate, pageInt, fileInt, pageDouble, fileDouble, dZO): null

16-10-2024T09:22:05 - [TEST_STEP][PASSED] - sheetName = "Sheet1": null

16-10-2024T09:22:05 - [TEST_STEP][PASSED] - data = findTestData("PlanFact"): null

16-10-2024T09:22:05 - [TEST_STEP][PASSED] - n = data.getRowNumbers() + 1: null

16-10-2024T09:22:05 - [TEST_STEP][PASSED] - year = todaysDate.substring(todaysDate.length() - 4, todaysDate.length()): null

16-10-2024T09:22:05 - [TEST_STEP][PASSED] - y = year.toInteger(): null

16-10-2024T09:22:05 - [TEST_STEP][PASSED] - m = getText(findTestObject("Выполнение бизнес-плана/Период")): Text of object 'Object Repository/Выполнение бизнес-плана/Период' is: '1, 2 кв., Июль, Август 2024 года'

16-10-2024T09:22:06 - [MESSAGE][PASSED] - Text of object 'Object Repository/Выполнение бизнес-плана/Период' is: '1, 2 кв., Июль, Август 2024 года'

16-10-2024T09:22:06 - [TEST_STEP][PASSED] - m = m.substring(0, m.indexOf("2024")): null

16-10-2024T09:22:06 - [TEST_STEP][PASSED] - m = m.trim(): null

16-10-2024T09:22:06 - [TEST_STEP][PASSED] - dashboardName = "Выполнение бизнес-плана": null

16-10-2024T09:22:06 - [TEST_STEP][PASSED] - workbook01 = getWorkbook(excelFilePath): null

16-10-2024T09:22:06 - [TEST_STEP][PASSED] - sheet01 = getExcelSheet(workbook01, sheetName): null

16-10-2024T09:22:06 - [TEST_STEP][PASSED] - setValueToCellByIndex(sheet01, n, 0, dashboardName): null

16-10-2024T09:22:06 - [TEST_STEP][PASSED] - setValueToCellByIndex(sheet01, n, 1, dZO): null

16-10-2024T09:22:06 - [TEST_STEP][PASSED] - setValueToCellByIndex(sheet01, n, 2, typeOfData): null

16-10-2024T09:22:06 - [TEST_STEP][PASSED] - if (typeOfData == "Факт в процентах" || typeOfData == "План в процентах"): null

16-10-2024T09:22:06 - [TEST_STEP][PASSED] - else: null

16-10-2024T09:22:06 - [TEST_STEP][PASSED] - setValueToCellByIndex(sheet01, n, 3, fileInt): null

16-10-2024T09:22:06 - [TEST_STEP][PASSED] - setValueToCellByIndex(sheet01, n, 4, pageInt): null

16-10-2024T09:22:06 - [TEST_STEP][PASSED] - setValueToCellByIndex(sheet01, n, 5, m): null

16-10-2024T09:22:06 - [TEST_STEP][PASSED] - setValueToCellByIndex(sheet01, n, 6, y): null

16-10-2024T09:22:06 - [TEST_STEP][PASSED] - setValueToCellByIndex(sheet01, n, 7, todaysDate): null

16-10-2024T09:22:06 - [TEST_STEP][PASSED] - n = n + 1: null

16-10-2024T09:22:06 - [TEST_STEP][PASSED] - saveWorkbook(excelFilePath, workbook01): Object: 'Object Repository/Выполнение бизнес-плана/Кнопка Факт' is clicked on

16-10-2024T09:22:06 - [TEST_STEP][PASSED] - if (planFact == 2): Object: 'Object Repository/Выполнение бизнес-плана/Кнопка Факт' is clicked on

16-10-2024T09:22:06 - [TEST_STEP][PASSED] - click(findTestObject("Выполнение бизнес-плана/Кнопка Факт")): Object: 'Object Repository/Выполнение бизнес-плана/Кнопка Факт' is clicked on

16-10-2024T09:22:06 - [MESSAGE][PASSED] - Object: 'Object Repository/Выполнение бизнес-плана/Кнопка Факт' is clicked on

16-10-2024T09:22:06 - [TEST_STEP][PASSED] - if (a == 84 || a == 82): null

16-10-2024T09:22:06 - [TEST_STEP][PASSED] - else if (a == 52 || a == 72 || a == 28 || a == 73 || a == 77 || a == 74 || a == 65 || a == 36 || a == 44 || a == 53 || a == 80 || a == 54 || a == 1 || a == 18 || a == 59 || a == 81): null

16-10-2024T09:22:06 - [TEST_STEP][PASSED] - else: null

16-10-2024T09:22:06 - [TEST_STEP][PASSED] - page1 = getText(findTestObject("Object Repository/Выполнение бизнес-плана/spanPlan" + filialNum)): Text of object 'Object Repository/Выполнение бизнес-плана/spanPlan1' is: '6.30
|'

16-10-2024T09:22:07 - [MESSAGE][PASSED] - Text of object 'Object Repository/Выполнение бизнес-плана/spanPlan1' is: '6.30
|'

16-10-2024T09:22:07 - [TEST_STEP][PASSED] - page1 = page1.replace("|", ""): null

16-10-2024T09:22:07 - [TEST_STEP][PASSED] - page2 = getText(findTestObject("Object Repository/Выполнение бизнес-плана/spanFact" + filialNum)): Text of object 'Object Repository/Выполнение бизнес-плана/spanFact1' is: '5.63
|'

16-10-2024T09:22:07 - [MESSAGE][PASSED] - Text of object 'Object Repository/Выполнение бизнес-плана/spanFact1' is: '5.63
|'

16-10-2024T09:22:07 - [TEST_STEP][PASSED] - page2 = page2.replace("|", ""): null

16-10-2024T09:22:07 - [TEST_STEP][PASSED] - println("page1: " + page1): null

16-10-2024T09:22:07 - [TEST_STEP][PASSED] - println("page2: " + page2): null

16-10-2024T09:22:07 - [TEST_STEP][PASSED] - file = findTestData("PlanFact").getValue(4, a): null

16-10-2024T09:22:07 - [TEST_STEP][PASSED] - file = file.replace(",", "."): null

16-10-2024T09:22:07 - [TEST_STEP][PASSED] - println("file Plan: " + file): null

16-10-2024T09:22:07 - [TEST_STEP][PASSED] - typeOfData = "План в процентах": null

16-10-2024T09:22:07 - [TEST_STEP][PASSED] - fileDouble = file.toDouble(): null

16-10-2024T09:22:07 - [TEST_STEP][PASSED] - pageDouble = page1.toDouble(): null

16-10-2024T09:22:07 - [TEST_STEP][PASSED] - if (fileDouble != pageDouble): null

16-10-2024T09:22:07 - [TEST_STEP][PASSED] - numberOfErrors = numberOfErrors + 1: null

16-10-2024T09:22:07 - [TEST_STEP][PASSED] - Script1718980020443.WriteToExcel(a, typeOfData, todaysDate, pageInt, fileInt, pageDouble, fileDouble, dZO): null

16-10-2024T09:22:07 - [TEST_STEP][PASSED] - sheetName = "Sheet1": null

16-10-2024T09:22:07 - [TEST_STEP][PASSED] - data = findTestData("PlanFact"): null

16-10-2024T09:22:07 - [TEST_STEP][PASSED] - n = data.getRowNumbers() + 1: null

16-10-2024T09:22:07 - [TEST_STEP][PASSED] - year = todaysDate.substring(todaysDate.length() - 4, todaysDate.length()): null

16-10-2024T09:22:07 - [TEST_STEP][PASSED] - y = year.toInteger(): null

16-10-2024T09:22:07 - [TEST_STEP][PASSED] - m = getText(findTestObject("Выполнение бизнес-плана/Период")): Text of object 'Object Repository/Выполнение бизнес-плана/Период' is: '1, 2 кв., Июль, Август 2024 года'

16-10-2024T09:22:07 - [MESSAGE][PASSED] - Text of object 'Object Repository/Выполнение бизнес-плана/Период' is: '1, 2 кв., Июль, Август 2024 года'

16-10-2024T09:22:07 - [TEST_STEP][PASSED] - m = m.substring(0, m.indexOf("2024")): null

16-10-2024T09:22:07 - [TEST_STEP][PASSED] - m = m.trim(): null

16-10-2024T09:22:07 - [TEST_STEP][PASSED] - dashboardName = "Выполнение бизнес-плана": null

16-10-2024T09:22:07 - [TEST_STEP][PASSED] - workbook01 = getWorkbook(excelFilePath): null

16-10-2024T09:22:07 - [TEST_STEP][PASSED] - sheet01 = getExcelSheet(workbook01, sheetName): null

16-10-2024T09:22:07 - [TEST_STEP][PASSED] - setValueToCellByIndex(sheet01, n, 0, dashboardName): null

16-10-2024T09:22:07 - [TEST_STEP][PASSED] - setValueToCellByIndex(sheet01, n, 1, dZO): null

16-10-2024T09:22:07 - [TEST_STEP][PASSED] - setValueToCellByIndex(sheet01, n, 2, typeOfData): null

16-10-2024T09:22:07 - [TEST_STEP][PASSED] - if (typeOfData == "Факт в процентах" || typeOfData == "План в процентах"): null

16-10-2024T09:22:07 - [TEST_STEP][PASSED] - setValueToCellByIndex(sheet01, n, 3, fileDouble): null

16-10-2024T09:22:07 - [TEST_STEP][PASSED] - setValueToCellByIndex(sheet01, n, 4, pageDouble): null

16-10-2024T09:22:07 - [TEST_STEP][PASSED] - setValueToCellByIndex(sheet01, n, 5, m): null

16-10-2024T09:22:07 - [TEST_STEP][PASSED] - setValueToCellByIndex(sheet01, n, 6, y): null

16-10-2024T09:22:07 - [TEST_STEP][PASSED] - setValueToCellByIndex(sheet01, n, 7, todaysDate): null

16-10-2024T09:22:07 - [TEST_STEP][PASSED] - n = n + 1: null

16-10-2024T09:22:07 - [TEST_STEP][PASSED] - saveWorkbook(excelFilePath, workbook01): null

16-10-2024T09:22:08 - [TEST_STEP][PASSED] - file = findTestData("PlanFact").getValue(7, a): null

16-10-2024T09:22:08 - [TEST_STEP][PASSED] - file = file.replace(",", "."): null

16-10-2024T09:22:08 - [TEST_STEP][PASSED] - println("file Fact: " + file): null

16-10-2024T09:22:08 - [TEST_STEP][PASSED] - fileDouble = file.toDouble(): null

16-10-2024T09:22:08 - [TEST_STEP][PASSED] - typeOfData = "Факт в процентах": null

16-10-2024T09:22:08 - [TEST_STEP][PASSED] - fileDouble = file.toDouble(): null

16-10-2024T09:22:08 - [TEST_STEP][PASSED] - pageDouble = page2.toDouble(): null

16-10-2024T09:22:08 - [TEST_STEP][PASSED] - if (fileDouble != pageDouble): null

16-10-2024T09:22:08 - [TEST_STEP][PASSED] - numberOfErrors = numberOfErrors + 1: null

16-10-2024T09:22:08 - [TEST_STEP][PASSED] - Script1718980020443.WriteToExcel(a, typeOfData, todaysDate, pageInt, fileInt, pageDouble, fileDouble, dZO): null

16-10-2024T09:22:08 - [TEST_STEP][PASSED] - sheetName = "Sheet1": null

16-10-2024T09:22:08 - [TEST_STEP][PASSED] - data = findTestData("PlanFact"): null

16-10-2024T09:22:08 - [TEST_STEP][PASSED] - n = data.getRowNumbers() + 1: null

16-10-2024T09:22:08 - [TEST_STEP][PASSED] - year = todaysDate.substring(todaysDate.length() - 4, todaysDate.length()): null

16-10-2024T09:22:08 - [TEST_STEP][PASSED] - y = year.toInteger(): null

16-10-2024T09:22:08 - [TEST_STEP][PASSED] - m = getText(findTestObject("Выполнение бизнес-плана/Период")): Text of object 'Object Repository/Выполнение бизнес-плана/Период' is: '1, 2 кв., Июль, Август 2024 года'

16-10-2024T09:22:08 - [MESSAGE][PASSED] - Text of object 'Object Repository/Выполнение бизнес-плана/Период' is: '1, 2 кв., Июль, Август 2024 года'

16-10-2024T09:22:08 - [TEST_STEP][PASSED] - m = m.substring(0, m.indexOf("2024")): null

16-10-2024T09:22:08 - [TEST_STEP][PASSED] - m = m.trim(): null

16-10-2024T09:22:08 - [TEST_STEP][PASSED] - dashboardName = "Выполнение бизнес-плана": null

16-10-2024T09:22:08 - [TEST_STEP][PASSED] - workbook01 = getWorkbook(excelFilePath): null

16-10-2024T09:22:08 - [TEST_STEP][PASSED] - sheet01 = getExcelSheet(workbook01, sheetName): null

16-10-2024T09:22:08 - [TEST_STEP][PASSED] - setValueToCellByIndex(sheet01, n, 0, dashboardName): null

16-10-2024T09:22:08 - [TEST_STEP][PASSED] - setValueToCellByIndex(sheet01, n, 1, dZO): null

16-10-2024T09:22:08 - [TEST_STEP][PASSED] - setValueToCellByIndex(sheet01, n, 2, typeOfData): null

16-10-2024T09:22:08 - [TEST_STEP][PASSED] - if (typeOfData == "Факт в процентах" || typeOfData == "План в процентах"): null

16-10-2024T09:22:08 - [TEST_STEP][PASSED] - setValueToCellByIndex(sheet01, n, 3, fileDouble): null

16-10-2024T09:22:08 - [TEST_STEP][PASSED] - setValueToCellByIndex(sheet01, n, 4, pageDouble): null

16-10-2024T09:22:08 - [TEST_STEP][PASSED] - setValueToCellByIndex(sheet01, n, 5, m): null

16-10-2024T09:22:08 - [TEST_STEP][PASSED] - setValueToCellByIndex(sheet01, n, 6, y): null

16-10-2024T09:22:08 - [TEST_STEP][PASSED] - setValueToCellByIndex(sheet01, n, 7, todaysDate): null

16-10-2024T09:22:08 - [TEST_STEP][PASSED] - n = n + 1: null

16-10-2024T09:22:08 - [TEST_STEP][PASSED] - saveWorkbook(excelFilePath, workbook01): null

16-10-2024T09:22:09 - [TEST_STEP][FAILED] - if (verifyEqual(numberOfErrors, 0) == false): null

16-10-2024T09:22:09 - [MESSAGE][FAILED] - Unable to verify equal between actual object '6' and expected object '0' (Root cause: com.kms.katalon.core.exception.StepFailedException: Actual object '6' and expected object '0' are not equal
	at com.kms.katalon.core.keyword.builtin.VerifyEqualKeyword$_verifyEqual_closure1.doCall(VerifyEqualKeyword.groovy:58)
	at com.kms.katalon.core.keyword.builtin.VerifyEqualKeyword$_verifyEqual_closure1.call(VerifyEqualKeyword.groovy)
	at com.kms.katalon.core.keyword.internal.KeywordMain.runKeyword(KeywordMain.groovy:75)
	at com.kms.katalon.core.keyword.builtin.VerifyEqualKeyword.verifyEqual(VerifyEqualKeyword.groovy:63)
	at com.kms.katalon.core.keyword.builtin.VerifyEqualKeyword.execute(VerifyEqualKeyword.groovy:44)
	at com.kms.katalon.core.keyword.internal.KeywordExecutor.executeKeywordForPlatform(KeywordExecutor.groovy:74)
	at com.kms.katalon.core.keyword.BuiltinKeywords.verifyEqual(BuiltinKeywords.groovy:146)
	at jdk.internal.reflect.GeneratedMethodAccessor25.invoke(Unknown Source)
	at java.base/jdk.internal.reflect.DelegatingMethodAccessorImpl.invoke(DelegatingMethodAccessorImpl.java:43)
	at Выполнение бизнес-плана Сверка ПАО Россети все филиалы.Numbers(Выполнение бизнес-плана Сверка ПАО Россети все филиалы:749)
	at Выполнение бизнес-плана Сверка ПАО Россети все филиалы.Filials(Выполнение бизнес-плана Сверка ПАО Россети все филиалы:1350)
	at Выполнение бизнес-плана Сверка ПАО Россети все филиалы.Numbers(Выполнение бизнес-плана Сверка ПАО Россети все филиалы:754)
	at Выполнение бизнес-плана Сверка ПАО Россети все филиалы.run(Выполнение бизнес-плана Сверка ПАО Россети все филиалы:411)
	at com.kms.katalon.core.main.ScriptEngine.run(ScriptEngine.java:194)
	at com.kms.katalon.core.main.ScriptEngine.runScriptAsRawText(ScriptEngine.java:119)
	at com.kms.katalon.core.main.TestCaseExecutor.runScript(TestCaseExecutor.java:448)
	at com.kms.katalon.core.main.TestCaseExecutor.doExecute(TestCaseExecutor.java:439)
	at com.kms.katalon.core.main.TestCaseExecutor.processExecutionPhase(TestCaseExecutor.java:418)
	at com.kms.katalon.core.main.TestCaseExecutor.accessMainPhase(TestCaseExecutor.java:410)
	at com.kms.katalon.core.main.TestCaseExecutor.execute(TestCaseExecutor.java:285)
	at com.kms.katalon.core.common.CommonExecutor.accessTestCaseMainPhase(CommonExecutor.java:65)
	at com.kms.katalon.core.main.TestSuiteExecutor.accessTestSuiteMainPhase(TestSuiteExecutor.java:150)
	at com.kms.katalon.core.main.TestSuiteExecutor.execute(TestSuiteExecutor.java:106)
	at com.kms.katalon.core.main.TestCaseMain.startTestSuite(TestCaseMain.java:180)
	at TempTestSuite1729057289574.run(TempTestSuite1729057289574.groovy:35)
	at java.base/jdk.internal.reflect.NativeMethodAccessorImpl.invoke0(Native Method)
	at java.base/jdk.internal.reflect.NativeMethodAccessorImpl.invoke(NativeMethodAccessorImpl.java:77)
	at java.base/jdk.internal.reflect.DelegatingMethodAccessorImpl.invoke(DelegatingMethodAccessorImpl.java:43)
)

16-10-2024T09:22:09 - [TEST_STEP][PASSED] - println(numberOfErrors): null

16-10-2024T09:22:09 - [TEST_STEP][PASSED] - if (a == 28 || a == 77 || a == 74 || a == 65 || a == 36 || a == 44 || a == 54 || a == 1 || a == 18 || a == 59): null

16-10-2024T09:22:09 - [TEST_STEP][PASSED] - if (a == 82): null

16-10-2024T09:22:09 - [TEST_STEP][PASSED] - dZO = "Ивэнерго": null

16-10-2024T09:22:09 - [TEST_STEP][PASSED] - a = 20: null

16-10-2024T09:22:09 - [TEST_STEP][PASSED] - if (x2.contains(dZO)): null

16-10-2024T09:22:09 - [TEST_STEP][PASSED] - filialNum = filialNum + 1: null

16-10-2024T09:22:09 - [TEST_STEP][PASSED] - Script1718980020443.Numbers(a, typeOfData, todaysDate, pageInt, fileInt, pageDouble, fileDouble, dZO, dzoNum, filialNum): null

16-10-2024T09:22:09 - [TEST_STEP][PASSED] - println(dzoNum): null

16-10-2024T09:22:09 - [TEST_STEP][PASSED] - planFact = <not implemented yet for class: org.codehaus.groovy.ast.expr.EmptyExpression>: null

16-10-2024T09:22:09 - [TEST_STEP][PASSED] - page = <not implemented yet for class: org.codehaus.groovy.ast.expr.EmptyExpression>: null

16-10-2024T09:22:09 - [TEST_STEP][PASSED] - page1 = <not implemented yet for class: org.codehaus.groovy.ast.expr.EmptyExpression>: null

16-10-2024T09:22:09 - [TEST_STEP][PASSED] - page2 = <not implemented yet for class: org.codehaus.groovy.ast.expr.EmptyExpression>: null

16-10-2024T09:22:09 - [TEST_STEP][PASSED] - filialNumberInRow = <not implemented yet for class: org.codehaus.groovy.ast.expr.EmptyExpression>: null

16-10-2024T09:22:09 - [TEST_STEP][PASSED] - filialsDzoNames = <not implemented yet for class: org.codehaus.groovy.ast.expr.EmptyExpression>: null

16-10-2024T09:22:09 - [TEST_STEP][PASSED] - numberOfFilials = <not implemented yet for class: org.codehaus.groovy.ast.expr.EmptyExpression>: null

16-10-2024T09:22:09 - [TEST_STEP][PASSED] - numberOfSpaces = <not implemented yet for class: org.codehaus.groovy.ast.expr.EmptyExpression>: null

16-10-2024T09:22:09 - [TEST_STEP][PASSED] - file = <not implemented yet for class: org.codehaus.groovy.ast.expr.EmptyExpression>: null

16-10-2024T09:22:09 - [TEST_STEP][PASSED] - otpusk = <not implemented yet for class: org.codehaus.groovy.ast.expr.EmptyExpression>: null

16-10-2024T09:22:09 - [TEST_STEP][PASSED] - poteri = <not implemented yet for class: org.codehaus.groovy.ast.expr.EmptyExpression>: null

16-10-2024T09:22:09 - [TEST_STEP][PASSED] - dataFolder = "Выполнение бизнес-плана/Значения со страницы Выполнение бизнес-плана/": null

16-10-2024T09:22:09 - [TEST_STEP][PASSED] - path = <not implemented yet for class: org.codehaus.groovy.ast.expr.EmptyExpression>: null

16-10-2024T09:22:09 - [TEST_STEP][PASSED] - typeOfDataMain = <not implemented yet for class: org.codehaus.groovy.ast.expr.EmptyExpression>: null

16-10-2024T09:22:09 - [TEST_STEP][PASSED] - fileOtpuskVSet = <not implemented yet for class: org.codehaus.groovy.ast.expr.EmptyExpression>: null

16-10-2024T09:22:09 - [TEST_STEP][PASSED] - pageOtpuskVSet = <not implemented yet for class: org.codehaus.groovy.ast.expr.EmptyExpression>: null

16-10-2024T09:22:09 - [TEST_STEP][PASSED] - filePoteri = <not implemented yet for class: org.codehaus.groovy.ast.expr.EmptyExpression>: null

16-10-2024T09:22:09 - [TEST_STEP][PASSED] - pagePoteri = <not implemented yet for class: org.codehaus.groovy.ast.expr.EmptyExpression>: null

16-10-2024T09:22:09 - [TEST_STEP][PASSED] - compare = <not implemented yet for class: org.codehaus.groovy.ast.expr.EmptyExpression>: null

16-10-2024T09:22:09 - [TEST_STEP][PASSED] - b = <not implemented yet for class: org.codehaus.groovy.ast.expr.EmptyExpression>: null

16-10-2024T09:22:09 - [TEST_STEP][PASSED] - i = <not implemented yet for class: org.codehaus.groovy.ast.expr.EmptyExpression>: null

16-10-2024T09:22:09 - [TEST_STEP][PASSED] - ii = <not implemented yet for class: org.codehaus.groovy.ast.expr.EmptyExpression>: null

16-10-2024T09:22:09 - [TEST_STEP][PASSED] - c = <not implemented yet for class: org.codehaus.groovy.ast.expr.EmptyExpression>: null

16-10-2024T09:22:09 - [TEST_STEP][PASSED] - numberOfErrors = 0: null

16-10-2024T09:22:09 - [TEST_STEP][PASSED] - if (a == 82): null

16-10-2024T09:22:09 - [TEST_STEP][PASSED] - b = findTestData("PlanFact").getValue(1, a): null

16-10-2024T09:22:09 - [TEST_STEP][PASSED] - i = b.indexOf(" (ГК)"): null

16-10-2024T09:22:09 - [TEST_STEP][PASSED] - if (i > -1): null

16-10-2024T09:22:09 - [TEST_STEP][PASSED] - i = b.indexOf("О ""): null

16-10-2024T09:22:09 - [TEST_STEP][PASSED] - if (i > -1): null

16-10-2024T09:22:09 - [TEST_STEP][PASSED] - i = b.indexOf("О «"): null

16-10-2024T09:22:09 - [TEST_STEP][PASSED] - if (i > -1): null

16-10-2024T09:22:09 - [TEST_STEP][PASSED] - i = b.indexOf("г. "): null

16-10-2024T09:22:09 - [TEST_STEP][PASSED] - if (i > -1): null

16-10-2024T09:22:09 - [TEST_STEP][PASSED] - println(b): null

16-10-2024T09:22:09 - [TEST_STEP][PASSED] - for ([planFact = 1, planFact < 3, (planFact++)]): null

16-10-2024T09:22:09 - [TEST_STEP][PASSED] - if (planFact == 1): null

16-10-2024T09:22:09 - [TEST_STEP][PASSED] - typeOfDataMain = "Факт": null

16-10-2024T09:22:09 - [TEST_STEP][PASSED] - otpusk = findTestData("PlanFact").getValue(5, a): null

16-10-2024T09:22:09 - [TEST_STEP][PASSED] - poteri = findTestData("PlanFact").getValue(6, a): null

16-10-2024T09:22:09 - [TEST_STEP][PASSED] - otpusk = otpusk.replaceAll("\s+", ""): null

16-10-2024T09:22:09 - [TEST_STEP][PASSED] - poteri = poteri.replaceAll("\s+", ""): null

16-10-2024T09:22:09 - [TEST_STEP][PASSED] - typeOfData = typeOfDataMain + " Отпуск в сеть": null

16-10-2024T09:22:09 - [TEST_STEP][PASSED] - if (a == 82): null

16-10-2024T09:22:09 - [TEST_STEP][PASSED] - else if (a == 84): null

16-10-2024T09:22:09 - [TEST_STEP][PASSED] - else if (a == 52 || a == 72 || a == 28 || a == 73 || a == 77 || a == 74 || a == 65 || a == 36 || a == 44 || a == 53 || a == 80 || a == 54 || a == 1 || a == 18 || a == 59 || a == 81): null

16-10-2024T09:22:09 - [TEST_STEP][PASSED] - else: null

16-10-2024T09:22:09 - [TEST_STEP][PASSED] - path = dataFolder + typeOfData + " за отчётный период " + b: null

16-10-2024T09:22:09 - [TEST_STEP][PASSED] - println(path): null

16-10-2024T09:22:09 - [TEST_STEP][PASSED] - page = getText(findTestObject(path)): Text of object 'Object Repository/Выполнение бизнес-плана/Значения со страницы Выполнение бизнес-плана/Факт Отпуск в сеть за отчётный период Ивэнерго' is: '2 049 381'

16-10-2024T09:22:09 - [MESSAGE][PASSED] - Text of object 'Object Repository/Выполнение бизнес-плана/Значения со страницы Выполнение бизнес-плана/Факт Отпуск в сеть за отчётный период Ивэнерго' is: '2 049 381'

16-10-2024T09:22:09 - [TEST_STEP][PASSED] - page = page.replaceAll("\s+", ""): null

16-10-2024T09:22:09 - [TEST_STEP][PASSED] - fileOtpuskVSet = otpusk.toInteger(): null

16-10-2024T09:22:09 - [TEST_STEP][PASSED] - pageOtpuskVSet = page.toInteger(): null

16-10-2024T09:22:09 - [TEST_STEP][PASSED] - typeOfData = typeOfDataMain + " Потери": null

16-10-2024T09:22:09 - [TEST_STEP][PASSED] - if (a == 82): null

16-10-2024T09:22:09 - [TEST_STEP][PASSED] - else if (a == 84): null

16-10-2024T09:22:09 - [TEST_STEP][PASSED] - else if (a == 52 || a == 72 || a == 28 || a == 73 || a == 77 || a == 74 || a == 65 || a == 36 || a == 44 || a == 53 || a == 80 || a == 54 || a == 1 || a == 18 || a == 59 || a == 81): null

16-10-2024T09:22:09 - [TEST_STEP][PASSED] - else: null

16-10-2024T09:22:09 - [TEST_STEP][PASSED] - path = dataFolder + typeOfData + " за отчётный период " + b: null

16-10-2024T09:22:09 - [TEST_STEP][PASSED] - page = getText(findTestObject(path)): Text of object 'Object Repository/Выполнение бизнес-плана/Значения со страницы Выполнение бизнес-плана/Факт Потери за отчётный период Ивэнерго' is: '170 357'

16-10-2024T09:22:09 - [MESSAGE][PASSED] - Text of object 'Object Repository/Выполнение бизнес-плана/Значения со страницы Выполнение бизнес-плана/Факт Потери за отчётный период Ивэнерго' is: '170 357'

16-10-2024T09:22:09 - [TEST_STEP][PASSED] - page = page.replaceAll("\s+", ""): null

16-10-2024T09:22:09 - [TEST_STEP][PASSED] - filePoteri = poteri.toInteger(): null

16-10-2024T09:22:09 - [TEST_STEP][PASSED] - pagePoteri = page.toInteger(): null

16-10-2024T09:22:09 - [TEST_STEP][PASSED] - compare = pageOtpuskVSet: null

16-10-2024T09:22:09 - [TEST_STEP][PASSED] - if (compare == fileOtpuskVSet): null

16-10-2024T09:22:09 - [TEST_STEP][PASSED] - else if (compare > fileOtpuskVSet): null

16-10-2024T09:22:09 - [TEST_STEP][PASSED] - compare = compare - 1: null

16-10-2024T09:22:09 - [TEST_STEP][PASSED] - if (compare == fileOtpuskVSet): null

16-10-2024T09:22:09 - [TEST_STEP][PASSED] - else: null

16-10-2024T09:22:09 - [TEST_STEP][PASSED] - numberOfErrors = numberOfErrors + 1: null

16-10-2024T09:22:09 - [TEST_STEP][PASSED] - pageInt = pageOtpuskVSet: null

16-10-2024T09:22:09 - [TEST_STEP][PASSED] - fileInt = fileOtpuskVSet: null

16-10-2024T09:22:09 - [TEST_STEP][PASSED] - typeOfData = typeOfDataMain + " Отпуск в сеть": null

16-10-2024T09:22:09 - [TEST_STEP][PASSED] - Script1718980020443.WriteToExcel(a, typeOfData, todaysDate, pageInt, fileInt, pageDouble, fileDouble, dZO): null

16-10-2024T09:22:09 - [TEST_STEP][PASSED] - sheetName = "Sheet1": null

16-10-2024T09:22:09 - [TEST_STEP][PASSED] - data = findTestData("PlanFact"): null

16-10-2024T09:22:09 - [TEST_STEP][PASSED] - n = data.getRowNumbers() + 1: null

16-10-2024T09:22:09 - [TEST_STEP][PASSED] - year = todaysDate.substring(todaysDate.length() - 4, todaysDate.length()): null

16-10-2024T09:22:09 - [TEST_STEP][PASSED] - y = year.toInteger(): null

16-10-2024T09:22:09 - [TEST_STEP][PASSED] - m = getText(findTestObject("Выполнение бизнес-плана/Период")): Text of object 'Object Repository/Выполнение бизнес-плана/Период' is: '1, 2 кв., Июль, Август 2024 года'

16-10-2024T09:22:10 - [MESSAGE][PASSED] - Text of object 'Object Repository/Выполнение бизнес-плана/Период' is: '1, 2 кв., Июль, Август 2024 года'

16-10-2024T09:22:10 - [TEST_STEP][PASSED] - m = m.substring(0, m.indexOf("2024")): null

16-10-2024T09:22:10 - [TEST_STEP][PASSED] - m = m.trim(): null

16-10-2024T09:22:10 - [TEST_STEP][PASSED] - dashboardName = "Выполнение бизнес-плана": null

16-10-2024T09:22:10 - [TEST_STEP][PASSED] - workbook01 = getWorkbook(excelFilePath): null

16-10-2024T09:22:10 - [TEST_STEP][PASSED] - sheet01 = getExcelSheet(workbook01, sheetName): null

16-10-2024T09:22:10 - [TEST_STEP][PASSED] - setValueToCellByIndex(sheet01, n, 0, dashboardName): null

16-10-2024T09:22:10 - [TEST_STEP][PASSED] - setValueToCellByIndex(sheet01, n, 1, dZO): null

16-10-2024T09:22:10 - [TEST_STEP][PASSED] - setValueToCellByIndex(sheet01, n, 2, typeOfData): null

16-10-2024T09:22:10 - [TEST_STEP][PASSED] - if (typeOfData == "Факт в процентах" || typeOfData == "План в процентах"): null

16-10-2024T09:22:10 - [TEST_STEP][PASSED] - else: null

16-10-2024T09:22:10 - [TEST_STEP][PASSED] - setValueToCellByIndex(sheet01, n, 3, fileInt): null

16-10-2024T09:22:10 - [TEST_STEP][PASSED] - setValueToCellByIndex(sheet01, n, 4, pageInt): null

16-10-2024T09:22:10 - [TEST_STEP][PASSED] - setValueToCellByIndex(sheet01, n, 5, m): null

16-10-2024T09:22:10 - [TEST_STEP][PASSED] - setValueToCellByIndex(sheet01, n, 6, y): null

16-10-2024T09:22:10 - [TEST_STEP][PASSED] - setValueToCellByIndex(sheet01, n, 7, todaysDate): null

16-10-2024T09:22:10 - [TEST_STEP][PASSED] - n = n + 1: null

16-10-2024T09:22:10 - [TEST_STEP][PASSED] - saveWorkbook(excelFilePath, workbook01): null

16-10-2024T09:22:10 - [TEST_STEP][PASSED] - compare = pagePoteri: null

16-10-2024T09:22:10 - [TEST_STEP][PASSED] - if (compare == filePoteri): null

16-10-2024T09:22:10 - [TEST_STEP][PASSED] - else if (compare > filePoteri): null

16-10-2024T09:22:10 - [TEST_STEP][PASSED] - compare = compare - 1: null

16-10-2024T09:22:10 - [TEST_STEP][PASSED] - if (compare == filePoteri): null

16-10-2024T09:22:10 - [TEST_STEP][PASSED] - else: null

16-10-2024T09:22:10 - [TEST_STEP][PASSED] - numberOfErrors = numberOfErrors + 1: null

16-10-2024T09:22:10 - [TEST_STEP][PASSED] - pageInt = pagePoteri: null

16-10-2024T09:22:10 - [TEST_STEP][PASSED] - fileInt = filePoteri: null

16-10-2024T09:22:10 - [TEST_STEP][PASSED] - typeOfData = typeOfDataMain + " Потери": null

16-10-2024T09:22:10 - [TEST_STEP][PASSED] - Script1718980020443.WriteToExcel(a, typeOfData, todaysDate, pageInt, fileInt, pageDouble, fileDouble, dZO): null

16-10-2024T09:22:10 - [TEST_STEP][PASSED] - sheetName = "Sheet1": null

16-10-2024T09:22:10 - [TEST_STEP][PASSED] - data = findTestData("PlanFact"): null

16-10-2024T09:22:10 - [TEST_STEP][PASSED] - n = data.getRowNumbers() + 1: null

16-10-2024T09:22:10 - [TEST_STEP][PASSED] - year = todaysDate.substring(todaysDate.length() - 4, todaysDate.length()): null

16-10-2024T09:22:10 - [TEST_STEP][PASSED] - y = year.toInteger(): null

16-10-2024T09:22:10 - [TEST_STEP][PASSED] - m = getText(findTestObject("Выполнение бизнес-плана/Период")): Text of object 'Object Repository/Выполнение бизнес-плана/Период' is: '1, 2 кв., Июль, Август 2024 года'

16-10-2024T09:22:10 - [MESSAGE][PASSED] - Text of object 'Object Repository/Выполнение бизнес-плана/Период' is: '1, 2 кв., Июль, Август 2024 года'

16-10-2024T09:22:10 - [TEST_STEP][PASSED] - m = m.substring(0, m.indexOf("2024")): null

16-10-2024T09:22:10 - [TEST_STEP][PASSED] - m = m.trim(): null

16-10-2024T09:22:10 - [TEST_STEP][PASSED] - dashboardName = "Выполнение бизнес-плана": null

16-10-2024T09:22:10 - [TEST_STEP][PASSED] - workbook01 = getWorkbook(excelFilePath): null

16-10-2024T09:22:10 - [TEST_STEP][PASSED] - sheet01 = getExcelSheet(workbook01, sheetName): null

16-10-2024T09:22:10 - [TEST_STEP][PASSED] - setValueToCellByIndex(sheet01, n, 0, dashboardName): null

16-10-2024T09:22:10 - [TEST_STEP][PASSED] - setValueToCellByIndex(sheet01, n, 1, dZO): null

16-10-2024T09:22:10 - [TEST_STEP][PASSED] - setValueToCellByIndex(sheet01, n, 2, typeOfData): null

16-10-2024T09:22:10 - [TEST_STEP][PASSED] - if (typeOfData == "Факт в процентах" || typeOfData == "План в процентах"): null

16-10-2024T09:22:10 - [TEST_STEP][PASSED] - else: null

16-10-2024T09:22:10 - [TEST_STEP][PASSED] - setValueToCellByIndex(sheet01, n, 3, fileInt): null

16-10-2024T09:22:10 - [TEST_STEP][PASSED] - setValueToCellByIndex(sheet01, n, 4, pageInt): null

16-10-2024T09:22:10 - [TEST_STEP][PASSED] - setValueToCellByIndex(sheet01, n, 5, m): null

16-10-2024T09:22:10 - [TEST_STEP][PASSED] - setValueToCellByIndex(sheet01, n, 6, y): null

16-10-2024T09:22:10 - [TEST_STEP][PASSED] - setValueToCellByIndex(sheet01, n, 7, todaysDate): null

16-10-2024T09:22:10 - [TEST_STEP][PASSED] - n = n + 1: null

16-10-2024T09:22:10 - [TEST_STEP][PASSED] - saveWorkbook(excelFilePath, workbook01): null

16-10-2024T09:22:11 - [TEST_STEP][PASSED] - if (planFact == 2): null

16-10-2024T09:22:11 - [TEST_STEP][PASSED] - if (planFact == 1): null

16-10-2024T09:22:11 - [TEST_STEP][PASSED] - else if (planFact == 2): null

16-10-2024T09:22:11 - [TEST_STEP][PASSED] - click(findTestObject("Выполнение бизнес-плана/Кнопка План")): Object: 'Object Repository/Выполнение бизнес-плана/Кнопка План' is clicked on

16-10-2024T09:22:11 - [MESSAGE][PASSED] - Object: 'Object Repository/Выполнение бизнес-плана/Кнопка План' is clicked on

16-10-2024T09:22:11 - [TEST_STEP][PASSED] - typeOfDataMain = "План": null

16-10-2024T09:22:11 - [TEST_STEP][PASSED] - otpusk = findTestData("PlanFact").getValue(2, a): null

16-10-2024T09:22:11 - [TEST_STEP][PASSED] - poteri = findTestData("PlanFact").getValue(3, a): null

16-10-2024T09:22:11 - [TEST_STEP][PASSED] - otpusk = otpusk.replaceAll("\s+", ""): null

16-10-2024T09:22:11 - [TEST_STEP][PASSED] - poteri = poteri.replaceAll("\s+", ""): null

16-10-2024T09:22:11 - [TEST_STEP][PASSED] - typeOfData = typeOfDataMain + " Отпуск в сеть": null

16-10-2024T09:22:11 - [TEST_STEP][PASSED] - if (a == 82): null

16-10-2024T09:22:11 - [TEST_STEP][PASSED] - else if (a == 84): null

16-10-2024T09:22:11 - [TEST_STEP][PASSED] - else if (a == 52 || a == 72 || a == 28 || a == 73 || a == 77 || a == 74 || a == 65 || a == 36 || a == 44 || a == 53 || a == 80 || a == 54 || a == 1 || a == 18 || a == 59 || a == 81): null

16-10-2024T09:22:11 - [TEST_STEP][PASSED] - else: null

16-10-2024T09:22:11 - [TEST_STEP][PASSED] - path = dataFolder + typeOfData + " за отчётный период " + b: null

16-10-2024T09:22:11 - [TEST_STEP][PASSED] - println(path): null

16-10-2024T09:22:11 - [TEST_STEP][PASSED] - page = getText(findTestObject(path)): Text of object 'Object Repository/Выполнение бизнес-плана/Значения со страницы Выполнение бизнес-плана/План Отпуск в сеть за отчётный период Ивэнерго' is: '1 962 782'

16-10-2024T09:22:11 - [MESSAGE][PASSED] - Text of object 'Object Repository/Выполнение бизнес-плана/Значения со страницы Выполнение бизнес-плана/План Отпуск в сеть за отчётный период Ивэнерго' is: '1 962 782'

16-10-2024T09:22:11 - [TEST_STEP][PASSED] - page = page.replaceAll("\s+", ""): null

16-10-2024T09:22:11 - [TEST_STEP][PASSED] - fileOtpuskVSet = otpusk.toInteger(): null

16-10-2024T09:22:11 - [TEST_STEP][PASSED] - pageOtpuskVSet = page.toInteger(): null

16-10-2024T09:22:11 - [TEST_STEP][PASSED] - typeOfData = typeOfDataMain + " Потери": null

16-10-2024T09:22:11 - [TEST_STEP][PASSED] - if (a == 82): null

16-10-2024T09:22:11 - [TEST_STEP][PASSED] - else if (a == 84): null

16-10-2024T09:22:11 - [TEST_STEP][PASSED] - else if (a == 52 || a == 72 || a == 28 || a == 73 || a == 77 || a == 74 || a == 65 || a == 36 || a == 44 || a == 53 || a == 80 || a == 54 || a == 1 || a == 18 || a == 59 || a == 81): null

16-10-2024T09:22:11 - [TEST_STEP][PASSED] - else: null

16-10-2024T09:22:11 - [TEST_STEP][PASSED] - path = dataFolder + typeOfData + " за отчётный период " + b: null

16-10-2024T09:22:11 - [TEST_STEP][PASSED] - page = getText(findTestObject(path)): Text of object 'Object Repository/Выполнение бизнес-плана/Значения со страницы Выполнение бизнес-плана/План Потери за отчётный период Ивэнерго' is: '158 996'

16-10-2024T09:22:12 - [MESSAGE][PASSED] - Text of object 'Object Repository/Выполнение бизнес-плана/Значения со страницы Выполнение бизнес-плана/План Потери за отчётный период Ивэнерго' is: '158 996'

16-10-2024T09:22:12 - [TEST_STEP][PASSED] - page = page.replaceAll("\s+", ""): null

16-10-2024T09:22:12 - [TEST_STEP][PASSED] - filePoteri = poteri.toInteger(): null

16-10-2024T09:22:12 - [TEST_STEP][PASSED] - pagePoteri = page.toInteger(): null

16-10-2024T09:22:12 - [TEST_STEP][PASSED] - compare = pageOtpuskVSet: null

16-10-2024T09:22:12 - [TEST_STEP][PASSED] - if (compare == fileOtpuskVSet): null

16-10-2024T09:22:12 - [TEST_STEP][PASSED] - else if (compare > fileOtpuskVSet): null

16-10-2024T09:22:12 - [TEST_STEP][PASSED] - compare = compare - 1: null

16-10-2024T09:22:12 - [TEST_STEP][PASSED] - if (compare == fileOtpuskVSet): null

16-10-2024T09:22:12 - [TEST_STEP][PASSED] - else: null

16-10-2024T09:22:12 - [TEST_STEP][PASSED] - numberOfErrors = numberOfErrors + 1: null

16-10-2024T09:22:12 - [TEST_STEP][PASSED] - pageInt = pageOtpuskVSet: null

16-10-2024T09:22:12 - [TEST_STEP][PASSED] - fileInt = fileOtpuskVSet: null

16-10-2024T09:22:12 - [TEST_STEP][PASSED] - typeOfData = typeOfDataMain + " Отпуск в сеть": null

16-10-2024T09:22:12 - [TEST_STEP][PASSED] - Script1718980020443.WriteToExcel(a, typeOfData, todaysDate, pageInt, fileInt, pageDouble, fileDouble, dZO): null

16-10-2024T09:22:12 - [TEST_STEP][PASSED] - sheetName = "Sheet1": null

16-10-2024T09:22:12 - [TEST_STEP][PASSED] - data = findTestData("PlanFact"): null

16-10-2024T09:22:12 - [TEST_STEP][PASSED] - n = data.getRowNumbers() + 1: null

16-10-2024T09:22:12 - [TEST_STEP][PASSED] - year = todaysDate.substring(todaysDate.length() - 4, todaysDate.length()): null

16-10-2024T09:22:12 - [TEST_STEP][PASSED] - y = year.toInteger(): null

16-10-2024T09:22:12 - [TEST_STEP][PASSED] - m = getText(findTestObject("Выполнение бизнес-плана/Период")): Text of object 'Object Repository/Выполнение бизнес-плана/Период' is: '1, 2 кв., Июль, Август 2024 года'

16-10-2024T09:22:12 - [MESSAGE][PASSED] - Text of object 'Object Repository/Выполнение бизнес-плана/Период' is: '1, 2 кв., Июль, Август 2024 года'

16-10-2024T09:22:12 - [TEST_STEP][PASSED] - m = m.substring(0, m.indexOf("2024")): null

16-10-2024T09:22:12 - [TEST_STEP][PASSED] - m = m.trim(): null

16-10-2024T09:22:12 - [TEST_STEP][PASSED] - dashboardName = "Выполнение бизнес-плана": null

16-10-2024T09:22:12 - [TEST_STEP][PASSED] - workbook01 = getWorkbook(excelFilePath): null

16-10-2024T09:22:12 - [TEST_STEP][PASSED] - sheet01 = getExcelSheet(workbook01, sheetName): null

16-10-2024T09:22:12 - [TEST_STEP][PASSED] - setValueToCellByIndex(sheet01, n, 0, dashboardName): null

16-10-2024T09:22:12 - [TEST_STEP][PASSED] - setValueToCellByIndex(sheet01, n, 1, dZO): null

16-10-2024T09:22:12 - [TEST_STEP][PASSED] - setValueToCellByIndex(sheet01, n, 2, typeOfData): null

16-10-2024T09:22:12 - [TEST_STEP][PASSED] - if (typeOfData == "Факт в процентах" || typeOfData == "План в процентах"): null

16-10-2024T09:22:12 - [TEST_STEP][PASSED] - else: null

16-10-2024T09:22:12 - [TEST_STEP][PASSED] - setValueToCellByIndex(sheet01, n, 3, fileInt): null

16-10-2024T09:22:12 - [TEST_STEP][PASSED] - setValueToCellByIndex(sheet01, n, 4, pageInt): null

16-10-2024T09:22:12 - [TEST_STEP][PASSED] - setValueToCellByIndex(sheet01, n, 5, m): null

16-10-2024T09:22:12 - [TEST_STEP][PASSED] - setValueToCellByIndex(sheet01, n, 6, y): null

16-10-2024T09:22:12 - [TEST_STEP][PASSED] - setValueToCellByIndex(sheet01, n, 7, todaysDate): null

16-10-2024T09:22:12 - [TEST_STEP][PASSED] - n = n + 1: null

16-10-2024T09:22:12 - [TEST_STEP][PASSED] - saveWorkbook(excelFilePath, workbook01): null

16-10-2024T09:22:13 - [TEST_STEP][PASSED] - compare = pagePoteri: null

16-10-2024T09:22:13 - [TEST_STEP][PASSED] - if (compare == filePoteri): null

16-10-2024T09:22:13 - [TEST_STEP][PASSED] - else if (compare > filePoteri): null

16-10-2024T09:22:13 - [TEST_STEP][PASSED] - compare = compare - 1: null

16-10-2024T09:22:13 - [TEST_STEP][PASSED] - if (compare == filePoteri): null

16-10-2024T09:22:13 - [TEST_STEP][PASSED] - else: null

16-10-2024T09:22:13 - [TEST_STEP][PASSED] - numberOfErrors = numberOfErrors + 1: null

16-10-2024T09:22:13 - [TEST_STEP][PASSED] - pageInt = pagePoteri: null

16-10-2024T09:22:13 - [TEST_STEP][PASSED] - fileInt = filePoteri: null

16-10-2024T09:22:13 - [TEST_STEP][PASSED] - typeOfData = typeOfDataMain + " Потери": null

16-10-2024T09:22:13 - [TEST_STEP][PASSED] - Script1718980020443.WriteToExcel(a, typeOfData, todaysDate, pageInt, fileInt, pageDouble, fileDouble, dZO): null

16-10-2024T09:22:13 - [TEST_STEP][PASSED] - sheetName = "Sheet1": null

16-10-2024T09:22:13 - [TEST_STEP][PASSED] - data = findTestData("PlanFact"): null

16-10-2024T09:22:13 - [TEST_STEP][PASSED] - n = data.getRowNumbers() + 1: null

16-10-2024T09:22:13 - [TEST_STEP][PASSED] - year = todaysDate.substring(todaysDate.length() - 4, todaysDate.length()): null

16-10-2024T09:22:13 - [TEST_STEP][PASSED] - y = year.toInteger(): null

16-10-2024T09:22:13 - [TEST_STEP][PASSED] - m = getText(findTestObject("Выполнение бизнес-плана/Период")): Text of object 'Object Repository/Выполнение бизнес-плана/Период' is: '1, 2 кв., Июль, Август 2024 года'

16-10-2024T09:22:13 - [MESSAGE][PASSED] - Text of object 'Object Repository/Выполнение бизнес-плана/Период' is: '1, 2 кв., Июль, Август 2024 года'

16-10-2024T09:22:13 - [TEST_STEP][PASSED] - m = m.substring(0, m.indexOf("2024")): null

16-10-2024T09:22:13 - [TEST_STEP][PASSED] - m = m.trim(): null

16-10-2024T09:22:13 - [TEST_STEP][PASSED] - dashboardName = "Выполнение бизнес-плана": null

16-10-2024T09:22:13 - [TEST_STEP][PASSED] - workbook01 = getWorkbook(excelFilePath): null

16-10-2024T09:22:13 - [TEST_STEP][PASSED] - sheet01 = getExcelSheet(workbook01, sheetName): null

16-10-2024T09:22:13 - [TEST_STEP][PASSED] - setValueToCellByIndex(sheet01, n, 0, dashboardName): null

16-10-2024T09:22:13 - [TEST_STEP][PASSED] - setValueToCellByIndex(sheet01, n, 1, dZO): null

16-10-2024T09:22:13 - [TEST_STEP][PASSED] - setValueToCellByIndex(sheet01, n, 2, typeOfData): null

16-10-2024T09:22:13 - [TEST_STEP][PASSED] - if (typeOfData == "Факт в процентах" || typeOfData == "План в процентах"): null

16-10-2024T09:22:13 - [TEST_STEP][PASSED] - else: null

16-10-2024T09:22:13 - [TEST_STEP][PASSED] - setValueToCellByIndex(sheet01, n, 3, fileInt): null

16-10-2024T09:22:13 - [TEST_STEP][PASSED] - setValueToCellByIndex(sheet01, n, 4, pageInt): null

16-10-2024T09:22:13 - [TEST_STEP][PASSED] - setValueToCellByIndex(sheet01, n, 5, m): null

16-10-2024T09:22:13 - [TEST_STEP][PASSED] - setValueToCellByIndex(sheet01, n, 6, y): null

16-10-2024T09:22:13 - [TEST_STEP][PASSED] - setValueToCellByIndex(sheet01, n, 7, todaysDate): null

16-10-2024T09:22:13 - [TEST_STEP][PASSED] - n = n + 1: null

16-10-2024T09:22:13 - [TEST_STEP][PASSED] - saveWorkbook(excelFilePath, workbook01): Object: 'Object Repository/Выполнение бизнес-плана/Кнопка Факт' is clicked on

16-10-2024T09:22:13 - [TEST_STEP][PASSED] - if (planFact == 2): Object: 'Object Repository/Выполнение бизнес-плана/Кнопка Факт' is clicked on

16-10-2024T09:22:13 - [TEST_STEP][PASSED] - click(findTestObject("Выполнение бизнес-плана/Кнопка Факт")): Object: 'Object Repository/Выполнение бизнес-плана/Кнопка Факт' is clicked on

16-10-2024T09:22:14 - [MESSAGE][PASSED] - Object: 'Object Repository/Выполнение бизнес-плана/Кнопка Факт' is clicked on

16-10-2024T09:22:14 - [TEST_STEP][PASSED] - if (a == 84 || a == 82): null

16-10-2024T09:22:14 - [TEST_STEP][PASSED] - else if (a == 52 || a == 72 || a == 28 || a == 73 || a == 77 || a == 74 || a == 65 || a == 36 || a == 44 || a == 53 || a == 80 || a == 54 || a == 1 || a == 18 || a == 59 || a == 81): null

16-10-2024T09:22:14 - [TEST_STEP][PASSED] - else: null

16-10-2024T09:22:14 - [TEST_STEP][PASSED] - page1 = getText(findTestObject("Object Repository/Выполнение бизнес-плана/spanPlan" + filialNum)): Text of object 'Object Repository/Выполнение бизнес-плана/spanPlan2' is: '8.10
|'

16-10-2024T09:22:14 - [MESSAGE][PASSED] - Text of object 'Object Repository/Выполнение бизнес-плана/spanPlan2' is: '8.10
|'

16-10-2024T09:22:14 - [TEST_STEP][PASSED] - page1 = page1.replace("|", ""): null

16-10-2024T09:22:14 - [TEST_STEP][PASSED] - page2 = getText(findTestObject("Object Repository/Выполнение бизнес-плана/spanFact" + filialNum)): Text of object 'Object Repository/Выполнение бизнес-плана/spanFact2' is: '8.31
|'

16-10-2024T09:22:14 - [MESSAGE][PASSED] - Text of object 'Object Repository/Выполнение бизнес-плана/spanFact2' is: '8.31
|'

16-10-2024T09:22:14 - [TEST_STEP][PASSED] - page2 = page2.replace("|", ""): null

16-10-2024T09:22:14 - [TEST_STEP][PASSED] - println("page1: " + page1): null

16-10-2024T09:22:14 - [TEST_STEP][PASSED] - println("page2: " + page2): null

16-10-2024T09:22:14 - [TEST_STEP][PASSED] - file = findTestData("PlanFact").getValue(4, a): null

16-10-2024T09:22:14 - [TEST_STEP][PASSED] - file = file.replace(",", "."): null

16-10-2024T09:22:14 - [TEST_STEP][PASSED] - println("file Plan: " + file): null

16-10-2024T09:22:14 - [TEST_STEP][PASSED] - typeOfData = "План в процентах": null

16-10-2024T09:22:14 - [TEST_STEP][PASSED] - fileDouble = file.toDouble(): null

16-10-2024T09:22:14 - [TEST_STEP][PASSED] - pageDouble = page1.toDouble(): null

16-10-2024T09:22:14 - [TEST_STEP][PASSED] - if (fileDouble != pageDouble): null

16-10-2024T09:22:14 - [TEST_STEP][PASSED] - numberOfErrors = numberOfErrors + 1: null

16-10-2024T09:22:14 - [TEST_STEP][PASSED] - Script1718980020443.WriteToExcel(a, typeOfData, todaysDate, pageInt, fileInt, pageDouble, fileDouble, dZO): null

16-10-2024T09:22:14 - [TEST_STEP][PASSED] - sheetName = "Sheet1": null

16-10-2024T09:22:14 - [TEST_STEP][PASSED] - data = findTestData("PlanFact"): null

16-10-2024T09:22:14 - [TEST_STEP][PASSED] - n = data.getRowNumbers() + 1: null

16-10-2024T09:22:14 - [TEST_STEP][PASSED] - year = todaysDate.substring(todaysDate.length() - 4, todaysDate.length()): null

16-10-2024T09:22:14 - [TEST_STEP][PASSED] - y = year.toInteger(): null

16-10-2024T09:22:14 - [TEST_STEP][PASSED] - m = getText(findTestObject("Выполнение бизнес-плана/Период")): Text of object 'Object Repository/Выполнение бизнес-плана/Период' is: '1, 2 кв., Июль, Август 2024 года'

16-10-2024T09:22:15 - [MESSAGE][PASSED] - Text of object 'Object Repository/Выполнение бизнес-плана/Период' is: '1, 2 кв., Июль, Август 2024 года'

16-10-2024T09:22:15 - [TEST_STEP][PASSED] - m = m.substring(0, m.indexOf("2024")): null

16-10-2024T09:22:15 - [TEST_STEP][PASSED] - m = m.trim(): null

16-10-2024T09:22:15 - [TEST_STEP][PASSED] - dashboardName = "Выполнение бизнес-плана": null

16-10-2024T09:22:15 - [TEST_STEP][PASSED] - workbook01 = getWorkbook(excelFilePath): null

16-10-2024T09:22:15 - [TEST_STEP][PASSED] - sheet01 = getExcelSheet(workbook01, sheetName): null

16-10-2024T09:22:15 - [TEST_STEP][PASSED] - setValueToCellByIndex(sheet01, n, 0, dashboardName): null

16-10-2024T09:22:15 - [TEST_STEP][PASSED] - setValueToCellByIndex(sheet01, n, 1, dZO): null

16-10-2024T09:22:15 - [TEST_STEP][PASSED] - setValueToCellByIndex(sheet01, n, 2, typeOfData): null

16-10-2024T09:22:15 - [TEST_STEP][PASSED] - if (typeOfData == "Факт в процентах" || typeOfData == "План в процентах"): null

16-10-2024T09:22:15 - [TEST_STEP][PASSED] - setValueToCellByIndex(sheet01, n, 3, fileDouble): null

16-10-2024T09:22:15 - [TEST_STEP][PASSED] - setValueToCellByIndex(sheet01, n, 4, pageDouble): null

16-10-2024T09:22:15 - [TEST_STEP][PASSED] - setValueToCellByIndex(sheet01, n, 5, m): null

16-10-2024T09:22:15 - [TEST_STEP][PASSED] - setValueToCellByIndex(sheet01, n, 6, y): null

16-10-2024T09:22:15 - [TEST_STEP][PASSED] - setValueToCellByIndex(sheet01, n, 7, todaysDate): null

16-10-2024T09:22:15 - [TEST_STEP][PASSED] - n = n + 1: null

16-10-2024T09:22:15 - [TEST_STEP][PASSED] - saveWorkbook(excelFilePath, workbook01): null

16-10-2024T09:22:15 - [TEST_STEP][PASSED] - file = findTestData("PlanFact").getValue(7, a): null

16-10-2024T09:22:15 - [TEST_STEP][PASSED] - file = file.replace(",", "."): null

16-10-2024T09:22:15 - [TEST_STEP][PASSED] - println("file Fact: " + file): null

16-10-2024T09:22:15 - [TEST_STEP][PASSED] - fileDouble = file.toDouble(): null

16-10-2024T09:22:15 - [TEST_STEP][PASSED] - typeOfData = "Факт в процентах": null

16-10-2024T09:22:15 - [TEST_STEP][PASSED] - fileDouble = file.toDouble(): null

16-10-2024T09:22:15 - [TEST_STEP][PASSED] - pageDouble = page2.toDouble(): null

16-10-2024T09:22:15 - [TEST_STEP][PASSED] - if (fileDouble != pageDouble): null

16-10-2024T09:22:15 - [TEST_STEP][PASSED] - numberOfErrors = numberOfErrors + 1: null

16-10-2024T09:22:15 - [TEST_STEP][PASSED] - Script1718980020443.WriteToExcel(a, typeOfData, todaysDate, pageInt, fileInt, pageDouble, fileDouble, dZO): null

16-10-2024T09:22:15 - [TEST_STEP][PASSED] - sheetName = "Sheet1": null

16-10-2024T09:22:15 - [TEST_STEP][PASSED] - data = findTestData("PlanFact"): null

16-10-2024T09:22:15 - [TEST_STEP][PASSED] - n = data.getRowNumbers() + 1: null

16-10-2024T09:22:15 - [TEST_STEP][PASSED] - year = todaysDate.substring(todaysDate.length() - 4, todaysDate.length()): null

16-10-2024T09:22:15 - [TEST_STEP][PASSED] - y = year.toInteger(): null

16-10-2024T09:22:15 - [TEST_STEP][PASSED] - m = getText(findTestObject("Выполнение бизнес-плана/Период")): Text of object 'Object Repository/Выполнение бизнес-плана/Период' is: '1, 2 кв., Июль, Август 2024 года'

16-10-2024T09:22:15 - [MESSAGE][PASSED] - Text of object 'Object Repository/Выполнение бизнес-плана/Период' is: '1, 2 кв., Июль, Август 2024 года'

16-10-2024T09:22:15 - [TEST_STEP][PASSED] - m = m.substring(0, m.indexOf("2024")): null

16-10-2024T09:22:15 - [TEST_STEP][PASSED] - m = m.trim(): null

16-10-2024T09:22:15 - [TEST_STEP][PASSED] - dashboardName = "Выполнение бизнес-плана": null

16-10-2024T09:22:15 - [TEST_STEP][PASSED] - workbook01 = getWorkbook(excelFilePath): null

16-10-2024T09:22:16 - [TEST_STEP][PASSED] - sheet01 = getExcelSheet(workbook01, sheetName): null

16-10-2024T09:22:16 - [TEST_STEP][PASSED] - setValueToCellByIndex(sheet01, n, 0, dashboardName): null

16-10-2024T09:22:16 - [TEST_STEP][PASSED] - setValueToCellByIndex(sheet01, n, 1, dZO): null

16-10-2024T09:22:16 - [TEST_STEP][PASSED] - setValueToCellByIndex(sheet01, n, 2, typeOfData): null

16-10-2024T09:22:16 - [TEST_STEP][PASSED] - if (typeOfData == "Факт в процентах" || typeOfData == "План в процентах"): null

16-10-2024T09:22:16 - [TEST_STEP][PASSED] - setValueToCellByIndex(sheet01, n, 3, fileDouble): null

16-10-2024T09:22:16 - [TEST_STEP][PASSED] - setValueToCellByIndex(sheet01, n, 4, pageDouble): null

16-10-2024T09:22:16 - [TEST_STEP][PASSED] - setValueToCellByIndex(sheet01, n, 5, m): null

16-10-2024T09:22:16 - [TEST_STEP][PASSED] - setValueToCellByIndex(sheet01, n, 6, y): null

16-10-2024T09:22:16 - [TEST_STEP][PASSED] - setValueToCellByIndex(sheet01, n, 7, todaysDate): null

16-10-2024T09:22:16 - [TEST_STEP][PASSED] - n = n + 1: null

16-10-2024T09:22:16 - [TEST_STEP][PASSED] - saveWorkbook(excelFilePath, workbook01): null

16-10-2024T09:22:16 - [TEST_STEP][FAILED] - if (verifyEqual(numberOfErrors, 0) == false): null

16-10-2024T09:22:16 - [MESSAGE][FAILED] - Unable to verify equal between actual object '6' and expected object '0' (Root cause: com.kms.katalon.core.exception.StepFailedException: Actual object '6' and expected object '0' are not equal
	at com.kms.katalon.core.keyword.builtin.VerifyEqualKeyword$_verifyEqual_closure1.doCall(VerifyEqualKeyword.groovy:58)
	at com.kms.katalon.core.keyword.builtin.VerifyEqualKeyword$_verifyEqual_closure1.call(VerifyEqualKeyword.groovy)
	at com.kms.katalon.core.keyword.internal.KeywordMain.runKeyword(KeywordMain.groovy:75)
	at com.kms.katalon.core.keyword.builtin.VerifyEqualKeyword.verifyEqual(VerifyEqualKeyword.groovy:63)
	at com.kms.katalon.core.keyword.builtin.VerifyEqualKeyword.execute(VerifyEqualKeyword.groovy:44)
	at com.kms.katalon.core.keyword.internal.KeywordExecutor.executeKeywordForPlatform(KeywordExecutor.groovy:74)
	at com.kms.katalon.core.keyword.BuiltinKeywords.verifyEqual(BuiltinKeywords.groovy:146)
	at jdk.internal.reflect.GeneratedMethodAccessor25.invoke(Unknown Source)
	at java.base/jdk.internal.reflect.DelegatingMethodAccessorImpl.invoke(DelegatingMethodAccessorImpl.java:43)
	at Выполнение бизнес-плана Сверка ПАО Россети все филиалы.Numbers(Выполнение бизнес-плана Сверка ПАО Россети все филиалы:749)
	at Выполнение бизнес-плана Сверка ПАО Россети все филиалы.Filials(Выполнение бизнес-плана Сверка ПАО Россети все филиалы:1362)
	at Выполнение бизнес-плана Сверка ПАО Россети все филиалы.Numbers(Выполнение бизнес-плана Сверка ПАО Россети все филиалы:754)
	at Выполнение бизнес-плана Сверка ПАО Россети все филиалы.run(Выполнение бизнес-плана Сверка ПАО Россети все филиалы:411)
	at com.kms.katalon.core.main.ScriptEngine.run(ScriptEngine.java:194)
	at com.kms.katalon.core.main.ScriptEngine.runScriptAsRawText(ScriptEngine.java:119)
	at com.kms.katalon.core.main.TestCaseExecutor.runScript(TestCaseExecutor.java:448)
	at com.kms.katalon.core.main.TestCaseExecutor.doExecute(TestCaseExecutor.java:439)
	at com.kms.katalon.core.main.TestCaseExecutor.processExecutionPhase(TestCaseExecutor.java:418)
	at com.kms.katalon.core.main.TestCaseExecutor.accessMainPhase(TestCaseExecutor.java:410)
	at com.kms.katalon.core.main.TestCaseExecutor.execute(TestCaseExecutor.java:285)
	at com.kms.katalon.core.common.CommonExecutor.accessTestCaseMainPhase(CommonExecutor.java:65)
	at com.kms.katalon.core.main.TestSuiteExecutor.accessTestSuiteMainPhase(TestSuiteExecutor.java:150)
	at com.kms.katalon.core.main.TestSuiteExecutor.execute(TestSuiteExecutor.java:106)
	at com.kms.katalon.core.main.TestCaseMain.startTestSuite(TestCaseMain.java:180)
	at TempTestSuite1729057289574.run(TempTestSuite1729057289574.groovy:35)
	at java.base/jdk.internal.reflect.NativeMethodAccessorImpl.invoke0(Native Method)
	at java.base/jdk.internal.reflect.NativeMethodAccessorImpl.invoke(NativeMethodAccessorImpl.java:77)
	at java.base/jdk.internal.reflect.DelegatingMethodAccessorImpl.invoke(DelegatingMethodAccessorImpl.java:43)
)

16-10-2024T09:22:16 - [TEST_STEP][PASSED] - println(numberOfErrors): null

16-10-2024T09:22:16 - [TEST_STEP][PASSED] - if (a == 28 || a == 77 || a == 74 || a == 65 || a == 36 || a == 44 || a == 54 || a == 1 || a == 18 || a == 59): null

16-10-2024T09:22:16 - [TEST_STEP][PASSED] - if (a == 82): null

16-10-2024T09:22:16 - [TEST_STEP][PASSED] - dZO = "Калугаэнерго": null

16-10-2024T09:22:16 - [TEST_STEP][PASSED] - a = 21: null

16-10-2024T09:22:16 - [TEST_STEP][PASSED] - if (x2.contains(dZO)): null

16-10-2024T09:22:16 - [TEST_STEP][PASSED] - filialNum = filialNum + 1: null

16-10-2024T09:22:16 - [TEST_STEP][PASSED] - Script1718980020443.Numbers(a, typeOfData, todaysDate, pageInt, fileInt, pageDouble, fileDouble, dZO, dzoNum, filialNum): null

16-10-2024T09:22:16 - [TEST_STEP][PASSED] - println(dzoNum): null

16-10-2024T09:22:16 - [TEST_STEP][PASSED] - planFact = <not implemented yet for class: org.codehaus.groovy.ast.expr.EmptyExpression>: null

16-10-2024T09:22:16 - [TEST_STEP][PASSED] - page = <not implemented yet for class: org.codehaus.groovy.ast.expr.EmptyExpression>: null

16-10-2024T09:22:16 - [TEST_STEP][PASSED] - page1 = <not implemented yet for class: org.codehaus.groovy.ast.expr.EmptyExpression>: null

16-10-2024T09:22:16 - [TEST_STEP][PASSED] - page2 = <not implemented yet for class: org.codehaus.groovy.ast.expr.EmptyExpression>: null

16-10-2024T09:22:16 - [TEST_STEP][PASSED] - filialNumberInRow = <not implemented yet for class: org.codehaus.groovy.ast.expr.EmptyExpression>: null

16-10-2024T09:22:16 - [TEST_STEP][PASSED] - filialsDzoNames = <not implemented yet for class: org.codehaus.groovy.ast.expr.EmptyExpression>: null

16-10-2024T09:22:16 - [TEST_STEP][PASSED] - numberOfFilials = <not implemented yet for class: org.codehaus.groovy.ast.expr.EmptyExpression>: null

16-10-2024T09:22:16 - [TEST_STEP][PASSED] - numberOfSpaces = <not implemented yet for class: org.codehaus.groovy.ast.expr.EmptyExpression>: null

16-10-2024T09:22:16 - [TEST_STEP][PASSED] - file = <not implemented yet for class: org.codehaus.groovy.ast.expr.EmptyExpression>: null

16-10-2024T09:22:16 - [TEST_STEP][PASSED] - otpusk = <not implemented yet for class: org.codehaus.groovy.ast.expr.EmptyExpression>: null

16-10-2024T09:22:16 - [TEST_STEP][PASSED] - poteri = <not implemented yet for class: org.codehaus.groovy.ast.expr.EmptyExpression>: null

16-10-2024T09:22:16 - [TEST_STEP][PASSED] - dataFolder = "Выполнение бизнес-плана/Значения со страницы Выполнение бизнес-плана/": null

16-10-2024T09:22:16 - [TEST_STEP][PASSED] - path = <not implemented yet for class: org.codehaus.groovy.ast.expr.EmptyExpression>: null

16-10-2024T09:22:16 - [TEST_STEP][PASSED] - typeOfDataMain = <not implemented yet for class: org.codehaus.groovy.ast.expr.EmptyExpression>: null

16-10-2024T09:22:16 - [TEST_STEP][PASSED] - fileOtpuskVSet = <not implemented yet for class: org.codehaus.groovy.ast.expr.EmptyExpression>: null

16-10-2024T09:22:16 - [TEST_STEP][PASSED] - pageOtpuskVSet = <not implemented yet for class: org.codehaus.groovy.ast.expr.EmptyExpression>: null

16-10-2024T09:22:16 - [TEST_STEP][PASSED] - filePoteri = <not implemented yet for class: org.codehaus.groovy.ast.expr.EmptyExpression>: null

16-10-2024T09:22:16 - [TEST_STEP][PASSED] - pagePoteri = <not implemented yet for class: org.codehaus.groovy.ast.expr.EmptyExpression>: null

16-10-2024T09:22:16 - [TEST_STEP][PASSED] - compare = <not implemented yet for class: org.codehaus.groovy.ast.expr.EmptyExpression>: null

16-10-2024T09:22:16 - [TEST_STEP][PASSED] - b = <not implemented yet for class: org.codehaus.groovy.ast.expr.EmptyExpression>: null

16-10-2024T09:22:16 - [TEST_STEP][PASSED] - i = <not implemented yet for class: org.codehaus.groovy.ast.expr.EmptyExpression>: null

16-10-2024T09:22:16 - [TEST_STEP][PASSED] - ii = <not implemented yet for class: org.codehaus.groovy.ast.expr.EmptyExpression>: null

16-10-2024T09:22:16 - [TEST_STEP][PASSED] - c = <not implemented yet for class: org.codehaus.groovy.ast.expr.EmptyExpression>: null

16-10-2024T09:22:16 - [TEST_STEP][PASSED] - numberOfErrors = 0: null

16-10-2024T09:22:16 - [TEST_STEP][PASSED] - if (a == 82): null

16-10-2024T09:22:16 - [TEST_STEP][PASSED] - b = findTestData("PlanFact").getValue(1, a): null

16-10-2024T09:22:16 - [TEST_STEP][PASSED] - i = b.indexOf(" (ГК)"): null

16-10-2024T09:22:16 - [TEST_STEP][PASSED] - if (i > -1): null

16-10-2024T09:22:16 - [TEST_STEP][PASSED] - i = b.indexOf("О ""): null

16-10-2024T09:22:16 - [TEST_STEP][PASSED] - if (i > -1): null

16-10-2024T09:22:16 - [TEST_STEP][PASSED] - i = b.indexOf("О «"): null

16-10-2024T09:22:16 - [TEST_STEP][PASSED] - if (i > -1): null

16-10-2024T09:22:16 - [TEST_STEP][PASSED] - i = b.indexOf("г. "): null

16-10-2024T09:22:16 - [TEST_STEP][PASSED] - if (i > -1): null

16-10-2024T09:22:16 - [TEST_STEP][PASSED] - println(b): null

16-10-2024T09:22:16 - [TEST_STEP][PASSED] - for ([planFact = 1, planFact < 3, (planFact++)]): null

16-10-2024T09:22:16 - [TEST_STEP][PASSED] - if (planFact == 1): null

16-10-2024T09:22:16 - [TEST_STEP][PASSED] - typeOfDataMain = "Факт": null

16-10-2024T09:22:16 - [TEST_STEP][PASSED] - otpusk = findTestData("PlanFact").getValue(5, a): null

16-10-2024T09:22:16 - [TEST_STEP][PASSED] - poteri = findTestData("PlanFact").getValue(6, a): null

16-10-2024T09:22:16 - [TEST_STEP][PASSED] - otpusk = otpusk.replaceAll("\s+", ""): null

16-10-2024T09:22:16 - [TEST_STEP][PASSED] - poteri = poteri.replaceAll("\s+", ""): null

16-10-2024T09:22:16 - [TEST_STEP][PASSED] - typeOfData = typeOfDataMain + " Отпуск в сеть": null

16-10-2024T09:22:16 - [TEST_STEP][PASSED] - if (a == 82): null

16-10-2024T09:22:16 - [TEST_STEP][PASSED] - else if (a == 84): null

16-10-2024T09:22:16 - [TEST_STEP][PASSED] - else if (a == 52 || a == 72 || a == 28 || a == 73 || a == 77 || a == 74 || a == 65 || a == 36 || a == 44 || a == 53 || a == 80 || a == 54 || a == 1 || a == 18 || a == 59 || a == 81): null

16-10-2024T09:22:16 - [TEST_STEP][PASSED] - else: null

16-10-2024T09:22:16 - [TEST_STEP][PASSED] - path = dataFolder + typeOfData + " за отчётный период " + b: null

16-10-2024T09:22:16 - [TEST_STEP][PASSED] - println(path): null

16-10-2024T09:22:16 - [TEST_STEP][PASSED] - page = getText(findTestObject(path)): Text of object 'Object Repository/Выполнение бизнес-плана/Значения со страницы Выполнение бизнес-плана/Факт Отпуск в сеть за отчётный период Калугаэнерго' is: '3 759 511'

16-10-2024T09:22:16 - [MESSAGE][PASSED] - Text of object 'Object Repository/Выполнение бизнес-плана/Значения со страницы Выполнение бизнес-плана/Факт Отпуск в сеть за отчётный период Калугаэнерго' is: '3 759 511'

16-10-2024T09:22:16 - [TEST_STEP][PASSED] - page = page.replaceAll("\s+", ""): null

16-10-2024T09:22:16 - [TEST_STEP][PASSED] - fileOtpuskVSet = otpusk.toInteger(): null

16-10-2024T09:22:16 - [TEST_STEP][PASSED] - pageOtpuskVSet = page.toInteger(): null

16-10-2024T09:22:16 - [TEST_STEP][PASSED] - typeOfData = typeOfDataMain + " Потери": null

16-10-2024T09:22:16 - [TEST_STEP][PASSED] - if (a == 82): null

16-10-2024T09:22:16 - [TEST_STEP][PASSED] - else if (a == 84): null

16-10-2024T09:22:16 - [TEST_STEP][PASSED] - else if (a == 52 || a == 72 || a == 28 || a == 73 || a == 77 || a == 74 || a == 65 || a == 36 || a == 44 || a == 53 || a == 80 || a == 54 || a == 1 || a == 18 || a == 59 || a == 81): null

16-10-2024T09:22:16 - [TEST_STEP][PASSED] - else: null

16-10-2024T09:22:16 - [TEST_STEP][PASSED] - path = dataFolder + typeOfData + " за отчётный период " + b: null

16-10-2024T09:22:16 - [TEST_STEP][PASSED] - page = getText(findTestObject(path)): Text of object 'Object Repository/Выполнение бизнес-плана/Значения со страницы Выполнение бизнес-плана/Факт Потери за отчётный период Калугаэнерго' is: '306 561'

16-10-2024T09:22:17 - [MESSAGE][PASSED] - Text of object 'Object Repository/Выполнение бизнес-плана/Значения со страницы Выполнение бизнес-плана/Факт Потери за отчётный период Калугаэнерго' is: '306 561'

16-10-2024T09:22:17 - [TEST_STEP][PASSED] - page = page.replaceAll("\s+", ""): null

16-10-2024T09:22:17 - [TEST_STEP][PASSED] - filePoteri = poteri.toInteger(): null

16-10-2024T09:22:17 - [TEST_STEP][PASSED] - pagePoteri = page.toInteger(): null

16-10-2024T09:22:17 - [TEST_STEP][PASSED] - compare = pageOtpuskVSet: null

16-10-2024T09:22:17 - [TEST_STEP][PASSED] - if (compare == fileOtpuskVSet): null

16-10-2024T09:22:17 - [TEST_STEP][PASSED] - else if (compare > fileOtpuskVSet): null

16-10-2024T09:22:17 - [TEST_STEP][PASSED] - compare = compare - 1: null

16-10-2024T09:22:17 - [TEST_STEP][PASSED] - if (compare == fileOtpuskVSet): null

16-10-2024T09:22:17 - [TEST_STEP][PASSED] - else: null

16-10-2024T09:22:17 - [TEST_STEP][PASSED] - numberOfErrors = numberOfErrors + 1: null

16-10-2024T09:22:17 - [TEST_STEP][PASSED] - pageInt = pageOtpuskVSet: null

16-10-2024T09:22:17 - [TEST_STEP][PASSED] - fileInt = fileOtpuskVSet: null

16-10-2024T09:22:17 - [TEST_STEP][PASSED] - typeOfData = typeOfDataMain + " Отпуск в сеть": null

16-10-2024T09:22:17 - [TEST_STEP][PASSED] - Script1718980020443.WriteToExcel(a, typeOfData, todaysDate, pageInt, fileInt, pageDouble, fileDouble, dZO): null

16-10-2024T09:22:17 - [TEST_STEP][PASSED] - sheetName = "Sheet1": null

16-10-2024T09:22:17 - [TEST_STEP][PASSED] - data = findTestData("PlanFact"): null

16-10-2024T09:22:17 - [TEST_STEP][PASSED] - n = data.getRowNumbers() + 1: null

16-10-2024T09:22:17 - [TEST_STEP][PASSED] - year = todaysDate.substring(todaysDate.length() - 4, todaysDate.length()): null

16-10-2024T09:22:17 - [TEST_STEP][PASSED] - y = year.toInteger(): null

16-10-2024T09:22:17 - [TEST_STEP][PASSED] - m = getText(findTestObject("Выполнение бизнес-плана/Период")): Text of object 'Object Repository/Выполнение бизнес-плана/Период' is: '1, 2 кв., Июль, Август 2024 года'

16-10-2024T09:22:17 - [MESSAGE][PASSED] - Text of object 'Object Repository/Выполнение бизнес-плана/Период' is: '1, 2 кв., Июль, Август 2024 года'

16-10-2024T09:22:17 - [TEST_STEP][PASSED] - m = m.substring(0, m.indexOf("2024")): null

16-10-2024T09:22:17 - [TEST_STEP][PASSED] - m = m.trim(): null

16-10-2024T09:22:17 - [TEST_STEP][PASSED] - dashboardName = "Выполнение бизнес-плана": null

16-10-2024T09:22:17 - [TEST_STEP][PASSED] - workbook01 = getWorkbook(excelFilePath): null

16-10-2024T09:22:17 - [TEST_STEP][PASSED] - sheet01 = getExcelSheet(workbook01, sheetName): null

16-10-2024T09:22:17 - [TEST_STEP][PASSED] - setValueToCellByIndex(sheet01, n, 0, dashboardName): null

16-10-2024T09:22:17 - [TEST_STEP][PASSED] - setValueToCellByIndex(sheet01, n, 1, dZO): null

16-10-2024T09:22:17 - [TEST_STEP][PASSED] - setValueToCellByIndex(sheet01, n, 2, typeOfData): null

16-10-2024T09:22:17 - [TEST_STEP][PASSED] - if (typeOfData == "Факт в процентах" || typeOfData == "План в процентах"): null

16-10-2024T09:22:17 - [TEST_STEP][PASSED] - else: null

16-10-2024T09:22:17 - [TEST_STEP][PASSED] - setValueToCellByIndex(sheet01, n, 3, fileInt): null

16-10-2024T09:22:17 - [TEST_STEP][PASSED] - setValueToCellByIndex(sheet01, n, 4, pageInt): null

16-10-2024T09:22:17 - [TEST_STEP][PASSED] - setValueToCellByIndex(sheet01, n, 5, m): null

16-10-2024T09:22:17 - [TEST_STEP][PASSED] - setValueToCellByIndex(sheet01, n, 6, y): null

16-10-2024T09:22:17 - [TEST_STEP][PASSED] - setValueToCellByIndex(sheet01, n, 7, todaysDate): null

16-10-2024T09:22:17 - [TEST_STEP][PASSED] - n = n + 1: null

16-10-2024T09:22:17 - [TEST_STEP][PASSED] - saveWorkbook(excelFilePath, workbook01): null

16-10-2024T09:22:17 - [TEST_STEP][PASSED] - compare = pagePoteri: null

16-10-2024T09:22:17 - [TEST_STEP][PASSED] - if (compare == filePoteri): null

16-10-2024T09:22:17 - [TEST_STEP][PASSED] - else if (compare > filePoteri): null

16-10-2024T09:22:17 - [TEST_STEP][PASSED] - compare = compare - 1: null

16-10-2024T09:22:17 - [TEST_STEP][PASSED] - if (compare == filePoteri): null

16-10-2024T09:22:17 - [TEST_STEP][PASSED] - else: null

16-10-2024T09:22:17 - [TEST_STEP][PASSED] - numberOfErrors = numberOfErrors + 1: null

16-10-2024T09:22:17 - [TEST_STEP][PASSED] - pageInt = pagePoteri: null

16-10-2024T09:22:17 - [TEST_STEP][PASSED] - fileInt = filePoteri: null

16-10-2024T09:22:17 - [TEST_STEP][PASSED] - typeOfData = typeOfDataMain + " Потери": null

16-10-2024T09:22:17 - [TEST_STEP][PASSED] - Script1718980020443.WriteToExcel(a, typeOfData, todaysDate, pageInt, fileInt, pageDouble, fileDouble, dZO): null

16-10-2024T09:22:17 - [TEST_STEP][PASSED] - sheetName = "Sheet1": null

16-10-2024T09:22:17 - [TEST_STEP][PASSED] - data = findTestData("PlanFact"): null

16-10-2024T09:22:17 - [TEST_STEP][PASSED] - n = data.getRowNumbers() + 1: null

16-10-2024T09:22:17 - [TEST_STEP][PASSED] - year = todaysDate.substring(todaysDate.length() - 4, todaysDate.length()): null

16-10-2024T09:22:17 - [TEST_STEP][PASSED] - y = year.toInteger(): null

16-10-2024T09:22:17 - [TEST_STEP][PASSED] - m = getText(findTestObject("Выполнение бизнес-плана/Период")): Text of object 'Object Repository/Выполнение бизнес-плана/Период' is: '1, 2 кв., Июль, Август 2024 года'

16-10-2024T09:22:18 - [MESSAGE][PASSED] - Text of object 'Object Repository/Выполнение бизнес-плана/Период' is: '1, 2 кв., Июль, Август 2024 года'

16-10-2024T09:22:18 - [TEST_STEP][PASSED] - m = m.substring(0, m.indexOf("2024")): null

16-10-2024T09:22:18 - [TEST_STEP][PASSED] - m = m.trim(): null

16-10-2024T09:22:18 - [TEST_STEP][PASSED] - dashboardName = "Выполнение бизнес-плана": null

16-10-2024T09:22:18 - [TEST_STEP][PASSED] - workbook01 = getWorkbook(excelFilePath): null

16-10-2024T09:22:18 - [TEST_STEP][PASSED] - sheet01 = getExcelSheet(workbook01, sheetName): null

16-10-2024T09:22:18 - [TEST_STEP][PASSED] - setValueToCellByIndex(sheet01, n, 0, dashboardName): null

16-10-2024T09:22:18 - [TEST_STEP][PASSED] - setValueToCellByIndex(sheet01, n, 1, dZO): null

16-10-2024T09:22:18 - [TEST_STEP][PASSED] - setValueToCellByIndex(sheet01, n, 2, typeOfData): null

16-10-2024T09:22:18 - [TEST_STEP][PASSED] - if (typeOfData == "Факт в процентах" || typeOfData == "План в процентах"): null

16-10-2024T09:22:18 - [TEST_STEP][PASSED] - else: null

16-10-2024T09:22:18 - [TEST_STEP][PASSED] - setValueToCellByIndex(sheet01, n, 3, fileInt): null

16-10-2024T09:22:18 - [TEST_STEP][PASSED] - setValueToCellByIndex(sheet01, n, 4, pageInt): null

16-10-2024T09:22:18 - [TEST_STEP][PASSED] - setValueToCellByIndex(sheet01, n, 5, m): null

16-10-2024T09:22:18 - [TEST_STEP][PASSED] - setValueToCellByIndex(sheet01, n, 6, y): null

16-10-2024T09:22:18 - [TEST_STEP][PASSED] - setValueToCellByIndex(sheet01, n, 7, todaysDate): null

16-10-2024T09:22:18 - [TEST_STEP][PASSED] - n = n + 1: null

16-10-2024T09:22:18 - [TEST_STEP][PASSED] - saveWorkbook(excelFilePath, workbook01): null

16-10-2024T09:22:18 - [TEST_STEP][PASSED] - if (planFact == 2): null

16-10-2024T09:22:18 - [TEST_STEP][PASSED] - if (planFact == 1): null

16-10-2024T09:22:18 - [TEST_STEP][PASSED] - else if (planFact == 2): null

16-10-2024T09:22:18 - [TEST_STEP][PASSED] - click(findTestObject("Выполнение бизнес-плана/Кнопка План")): Object: 'Object Repository/Выполнение бизнес-плана/Кнопка План' is clicked on

16-10-2024T09:22:18 - [MESSAGE][PASSED] - Object: 'Object Repository/Выполнение бизнес-плана/Кнопка План' is clicked on

16-10-2024T09:22:18 - [TEST_STEP][PASSED] - typeOfDataMain = "План": null

16-10-2024T09:22:18 - [TEST_STEP][PASSED] - otpusk = findTestData("PlanFact").getValue(2, a): null

16-10-2024T09:22:18 - [TEST_STEP][PASSED] - poteri = findTestData("PlanFact").getValue(3, a): null

16-10-2024T09:22:18 - [TEST_STEP][PASSED] - otpusk = otpusk.replaceAll("\s+", ""): null

16-10-2024T09:22:18 - [TEST_STEP][PASSED] - poteri = poteri.replaceAll("\s+", ""): null

16-10-2024T09:22:18 - [TEST_STEP][PASSED] - typeOfData = typeOfDataMain + " Отпуск в сеть": null

16-10-2024T09:22:18 - [TEST_STEP][PASSED] - if (a == 82): null

16-10-2024T09:22:18 - [TEST_STEP][PASSED] - else if (a == 84): null

16-10-2024T09:22:18 - [TEST_STEP][PASSED] - else if (a == 52 || a == 72 || a == 28 || a == 73 || a == 77 || a == 74 || a == 65 || a == 36 || a == 44 || a == 53 || a == 80 || a == 54 || a == 1 || a == 18 || a == 59 || a == 81): null

16-10-2024T09:22:18 - [TEST_STEP][PASSED] - else: null

16-10-2024T09:22:18 - [TEST_STEP][PASSED] - path = dataFolder + typeOfData + " за отчётный период " + b: null

16-10-2024T09:22:18 - [TEST_STEP][PASSED] - println(path): null

16-10-2024T09:22:18 - [TEST_STEP][PASSED] - page = getText(findTestObject(path)): Text of object 'Object Repository/Выполнение бизнес-плана/Значения со страницы Выполнение бизнес-плана/План Отпуск в сеть за отчётный период Калугаэнерго' is: '3 567 282'

16-10-2024T09:22:19 - [MESSAGE][PASSED] - Text of object 'Object Repository/Выполнение бизнес-плана/Значения со страницы Выполнение бизнес-плана/План Отпуск в сеть за отчётный период Калугаэнерго' is: '3 567 282'

16-10-2024T09:22:19 - [TEST_STEP][PASSED] - page = page.replaceAll("\s+", ""): null

16-10-2024T09:22:19 - [TEST_STEP][PASSED] - fileOtpuskVSet = otpusk.toInteger(): null

16-10-2024T09:22:19 - [TEST_STEP][PASSED] - pageOtpuskVSet = page.toInteger(): null

16-10-2024T09:22:19 - [TEST_STEP][PASSED] - typeOfData = typeOfDataMain + " Потери": null

16-10-2024T09:22:19 - [TEST_STEP][PASSED] - if (a == 82): null

16-10-2024T09:22:19 - [TEST_STEP][PASSED] - else if (a == 84): null

16-10-2024T09:22:19 - [TEST_STEP][PASSED] - else if (a == 52 || a == 72 || a == 28 || a == 73 || a == 77 || a == 74 || a == 65 || a == 36 || a == 44 || a == 53 || a == 80 || a == 54 || a == 1 || a == 18 || a == 59 || a == 81): null

16-10-2024T09:22:19 - [TEST_STEP][PASSED] - else: null

16-10-2024T09:22:19 - [TEST_STEP][PASSED] - path = dataFolder + typeOfData + " за отчётный период " + b: null

16-10-2024T09:22:19 - [TEST_STEP][PASSED] - page = getText(findTestObject(path)): Text of object 'Object Repository/Выполнение бизнес-плана/Значения со страницы Выполнение бизнес-плана/План Потери за отчётный период Калугаэнерго' is: '302 865'

16-10-2024T09:22:19 - [MESSAGE][PASSED] - Text of object 'Object Repository/Выполнение бизнес-плана/Значения со страницы Выполнение бизнес-плана/План Потери за отчётный период Калугаэнерго' is: '302 865'

16-10-2024T09:22:19 - [TEST_STEP][PASSED] - page = page.replaceAll("\s+", ""): null

16-10-2024T09:22:19 - [TEST_STEP][PASSED] - filePoteri = poteri.toInteger(): null

16-10-2024T09:22:19 - [TEST_STEP][PASSED] - pagePoteri = page.toInteger(): null

16-10-2024T09:22:19 - [TEST_STEP][PASSED] - compare = pageOtpuskVSet: null

16-10-2024T09:22:19 - [TEST_STEP][PASSED] - if (compare == fileOtpuskVSet): null

16-10-2024T09:22:19 - [TEST_STEP][PASSED] - else if (compare > fileOtpuskVSet): null

16-10-2024T09:22:19 - [TEST_STEP][PASSED] - compare = compare - 1: null

16-10-2024T09:22:19 - [TEST_STEP][PASSED] - if (compare == fileOtpuskVSet): null

16-10-2024T09:22:19 - [TEST_STEP][PASSED] - else: null

16-10-2024T09:22:19 - [TEST_STEP][PASSED] - numberOfErrors = numberOfErrors + 1: null

16-10-2024T09:22:19 - [TEST_STEP][PASSED] - pageInt = pageOtpuskVSet: null

16-10-2024T09:22:19 - [TEST_STEP][PASSED] - fileInt = fileOtpuskVSet: null

16-10-2024T09:22:19 - [TEST_STEP][PASSED] - typeOfData = typeOfDataMain + " Отпуск в сеть": null

16-10-2024T09:22:19 - [TEST_STEP][PASSED] - Script1718980020443.WriteToExcel(a, typeOfData, todaysDate, pageInt, fileInt, pageDouble, fileDouble, dZO): null

16-10-2024T09:22:19 - [TEST_STEP][PASSED] - sheetName = "Sheet1": null

16-10-2024T09:22:19 - [TEST_STEP][PASSED] - data = findTestData("PlanFact"): null

16-10-2024T09:22:19 - [TEST_STEP][PASSED] - n = data.getRowNumbers() + 1: null

16-10-2024T09:22:19 - [TEST_STEP][PASSED] - year = todaysDate.substring(todaysDate.length() - 4, todaysDate.length()): null

16-10-2024T09:22:19 - [TEST_STEP][PASSED] - y = year.toInteger(): null

16-10-2024T09:22:19 - [TEST_STEP][PASSED] - m = getText(findTestObject("Выполнение бизнес-плана/Период")): Text of object 'Object Repository/Выполнение бизнес-плана/Период' is: '1, 2 кв., Июль, Август 2024 года'

16-10-2024T09:22:19 - [MESSAGE][PASSED] - Text of object 'Object Repository/Выполнение бизнес-плана/Период' is: '1, 2 кв., Июль, Август 2024 года'

16-10-2024T09:22:19 - [TEST_STEP][PASSED] - m = m.substring(0, m.indexOf("2024")): null

16-10-2024T09:22:19 - [TEST_STEP][PASSED] - m = m.trim(): null

16-10-2024T09:22:19 - [TEST_STEP][PASSED] - dashboardName = "Выполнение бизнес-плана": null

16-10-2024T09:22:19 - [TEST_STEP][PASSED] - workbook01 = getWorkbook(excelFilePath): null

16-10-2024T09:22:20 - [TEST_STEP][PASSED] - sheet01 = getExcelSheet(workbook01, sheetName): null

16-10-2024T09:22:20 - [TEST_STEP][PASSED] - setValueToCellByIndex(sheet01, n, 0, dashboardName): null

16-10-2024T09:22:20 - [TEST_STEP][PASSED] - setValueToCellByIndex(sheet01, n, 1, dZO): null

16-10-2024T09:22:20 - [TEST_STEP][PASSED] - setValueToCellByIndex(sheet01, n, 2, typeOfData): null

16-10-2024T09:22:20 - [TEST_STEP][PASSED] - if (typeOfData == "Факт в процентах" || typeOfData == "План в процентах"): null

16-10-2024T09:22:20 - [TEST_STEP][PASSED] - else: null

16-10-2024T09:22:20 - [TEST_STEP][PASSED] - setValueToCellByIndex(sheet01, n, 3, fileInt): null

16-10-2024T09:22:20 - [TEST_STEP][PASSED] - setValueToCellByIndex(sheet01, n, 4, pageInt): null

16-10-2024T09:22:20 - [TEST_STEP][PASSED] - setValueToCellByIndex(sheet01, n, 5, m): null

16-10-2024T09:22:20 - [TEST_STEP][PASSED] - setValueToCellByIndex(sheet01, n, 6, y): null

16-10-2024T09:22:20 - [TEST_STEP][PASSED] - setValueToCellByIndex(sheet01, n, 7, todaysDate): null

16-10-2024T09:22:20 - [TEST_STEP][PASSED] - n = n + 1: null

16-10-2024T09:22:20 - [TEST_STEP][PASSED] - saveWorkbook(excelFilePath, workbook01): null

16-10-2024T09:22:20 - [TEST_STEP][PASSED] - compare = pagePoteri: null

16-10-2024T09:22:20 - [TEST_STEP][PASSED] - if (compare == filePoteri): null

16-10-2024T09:22:20 - [TEST_STEP][PASSED] - else if (compare > filePoteri): null

16-10-2024T09:22:20 - [TEST_STEP][PASSED] - compare = compare - 1: null

16-10-2024T09:22:20 - [TEST_STEP][PASSED] - if (compare == filePoteri): null

16-10-2024T09:22:20 - [TEST_STEP][PASSED] - else: null

16-10-2024T09:22:20 - [TEST_STEP][PASSED] - numberOfErrors = numberOfErrors + 1: null

16-10-2024T09:22:20 - [TEST_STEP][PASSED] - pageInt = pagePoteri: null

16-10-2024T09:22:20 - [TEST_STEP][PASSED] - fileInt = filePoteri: null

16-10-2024T09:22:20 - [TEST_STEP][PASSED] - typeOfData = typeOfDataMain + " Потери": null

16-10-2024T09:22:20 - [TEST_STEP][PASSED] - Script1718980020443.WriteToExcel(a, typeOfData, todaysDate, pageInt, fileInt, pageDouble, fileDouble, dZO): null

16-10-2024T09:22:20 - [TEST_STEP][PASSED] - sheetName = "Sheet1": null

16-10-2024T09:22:20 - [TEST_STEP][PASSED] - data = findTestData("PlanFact"): null

16-10-2024T09:22:20 - [TEST_STEP][PASSED] - n = data.getRowNumbers() + 1: null

16-10-2024T09:22:20 - [TEST_STEP][PASSED] - year = todaysDate.substring(todaysDate.length() - 4, todaysDate.length()): null

16-10-2024T09:22:20 - [TEST_STEP][PASSED] - y = year.toInteger(): null

16-10-2024T09:22:20 - [TEST_STEP][PASSED] - m = getText(findTestObject("Выполнение бизнес-плана/Период")): Text of object 'Object Repository/Выполнение бизнес-плана/Период' is: '1, 2 кв., Июль, Август 2024 года'

16-10-2024T09:22:20 - [MESSAGE][PASSED] - Text of object 'Object Repository/Выполнение бизнес-плана/Период' is: '1, 2 кв., Июль, Август 2024 года'

16-10-2024T09:22:20 - [TEST_STEP][PASSED] - m = m.substring(0, m.indexOf("2024")): null

16-10-2024T09:22:20 - [TEST_STEP][PASSED] - m = m.trim(): null

16-10-2024T09:22:20 - [TEST_STEP][PASSED] - dashboardName = "Выполнение бизнес-плана": null

16-10-2024T09:22:20 - [TEST_STEP][PASSED] - workbook01 = getWorkbook(excelFilePath): null

16-10-2024T09:22:20 - [TEST_STEP][PASSED] - sheet01 = getExcelSheet(workbook01, sheetName): null

16-10-2024T09:22:20 - [TEST_STEP][PASSED] - setValueToCellByIndex(sheet01, n, 0, dashboardName): null

16-10-2024T09:22:20 - [TEST_STEP][PASSED] - setValueToCellByIndex(sheet01, n, 1, dZO): null

16-10-2024T09:22:20 - [TEST_STEP][PASSED] - setValueToCellByIndex(sheet01, n, 2, typeOfData): null

16-10-2024T09:22:20 - [TEST_STEP][PASSED] - if (typeOfData == "Факт в процентах" || typeOfData == "План в процентах"): null

16-10-2024T09:22:20 - [TEST_STEP][PASSED] - else: null

16-10-2024T09:22:20 - [TEST_STEP][PASSED] - setValueToCellByIndex(sheet01, n, 3, fileInt): null

16-10-2024T09:22:20 - [TEST_STEP][PASSED] - setValueToCellByIndex(sheet01, n, 4, pageInt): null

16-10-2024T09:22:20 - [TEST_STEP][PASSED] - setValueToCellByIndex(sheet01, n, 5, m): null

16-10-2024T09:22:20 - [TEST_STEP][PASSED] - setValueToCellByIndex(sheet01, n, 6, y): null

16-10-2024T09:22:20 - [TEST_STEP][PASSED] - setValueToCellByIndex(sheet01, n, 7, todaysDate): null

16-10-2024T09:22:20 - [TEST_STEP][PASSED] - n = n + 1: null

16-10-2024T09:22:20 - [TEST_STEP][PASSED] - saveWorkbook(excelFilePath, workbook01): Object: 'Object Repository/Выполнение бизнес-плана/Кнопка Факт' is clicked on

16-10-2024T09:22:21 - [TEST_STEP][PASSED] - if (planFact == 2): Object: 'Object Repository/Выполнение бизнес-плана/Кнопка Факт' is clicked on

16-10-2024T09:22:21 - [TEST_STEP][PASSED] - click(findTestObject("Выполнение бизнес-плана/Кнопка Факт")): Object: 'Object Repository/Выполнение бизнес-плана/Кнопка Факт' is clicked on

16-10-2024T09:22:21 - [MESSAGE][PASSED] - Object: 'Object Repository/Выполнение бизнес-плана/Кнопка Факт' is clicked on

16-10-2024T09:22:21 - [TEST_STEP][PASSED] - if (a == 84 || a == 82): null

16-10-2024T09:22:21 - [TEST_STEP][PASSED] - else if (a == 52 || a == 72 || a == 28 || a == 73 || a == 77 || a == 74 || a == 65 || a == 36 || a == 44 || a == 53 || a == 80 || a == 54 || a == 1 || a == 18 || a == 59 || a == 81): null

16-10-2024T09:22:21 - [TEST_STEP][PASSED] - else: null

16-10-2024T09:22:21 - [TEST_STEP][PASSED] - page1 = getText(findTestObject("Object Repository/Выполнение бизнес-плана/spanPlan" + filialNum)): Text of object 'Object Repository/Выполнение бизнес-плана/spanPlan3' is: '8.49
|'

16-10-2024T09:22:21 - [MESSAGE][PASSED] - Text of object 'Object Repository/Выполнение бизнес-плана/spanPlan3' is: '8.49
|'

16-10-2024T09:22:21 - [TEST_STEP][PASSED] - page1 = page1.replace("|", ""): null

16-10-2024T09:22:21 - [TEST_STEP][PASSED] - page2 = getText(findTestObject("Object Repository/Выполнение бизнес-плана/spanFact" + filialNum)): Text of object 'Object Repository/Выполнение бизнес-плана/spanFact3' is: '8.15
|'

16-10-2024T09:22:22 - [MESSAGE][PASSED] - Text of object 'Object Repository/Выполнение бизнес-плана/spanFact3' is: '8.15
|'

16-10-2024T09:22:22 - [TEST_STEP][PASSED] - page2 = page2.replace("|", ""): null

16-10-2024T09:22:22 - [TEST_STEP][PASSED] - println("page1: " + page1): null

16-10-2024T09:22:22 - [TEST_STEP][PASSED] - println("page2: " + page2): null

16-10-2024T09:22:22 - [TEST_STEP][PASSED] - file = findTestData("PlanFact").getValue(4, a): null

16-10-2024T09:22:22 - [TEST_STEP][PASSED] - file = file.replace(",", "."): null

16-10-2024T09:22:22 - [TEST_STEP][PASSED] - println("file Plan: " + file): null

16-10-2024T09:22:22 - [TEST_STEP][PASSED] - typeOfData = "План в процентах": null

16-10-2024T09:22:22 - [TEST_STEP][PASSED] - fileDouble = file.toDouble(): null

16-10-2024T09:22:22 - [TEST_STEP][PASSED] - pageDouble = page1.toDouble(): null

16-10-2024T09:22:22 - [TEST_STEP][PASSED] - if (fileDouble != pageDouble): null

16-10-2024T09:22:22 - [TEST_STEP][PASSED] - numberOfErrors = numberOfErrors + 1: null

16-10-2024T09:22:22 - [TEST_STEP][PASSED] - Script1718980020443.WriteToExcel(a, typeOfData, todaysDate, pageInt, fileInt, pageDouble, fileDouble, dZO): null

16-10-2024T09:22:22 - [TEST_STEP][PASSED] - sheetName = "Sheet1": null

16-10-2024T09:22:22 - [TEST_STEP][PASSED] - data = findTestData("PlanFact"): null

16-10-2024T09:22:22 - [TEST_STEP][PASSED] - n = data.getRowNumbers() + 1: null

16-10-2024T09:22:22 - [TEST_STEP][PASSED] - year = todaysDate.substring(todaysDate.length() - 4, todaysDate.length()): null

16-10-2024T09:22:22 - [TEST_STEP][PASSED] - y = year.toInteger(): null

16-10-2024T09:22:22 - [TEST_STEP][PASSED] - m = getText(findTestObject("Выполнение бизнес-плана/Период")): Text of object 'Object Repository/Выполнение бизнес-плана/Период' is: '1, 2 кв., Июль, Август 2024 года'

16-10-2024T09:22:22 - [MESSAGE][PASSED] - Text of object 'Object Repository/Выполнение бизнес-плана/Период' is: '1, 2 кв., Июль, Август 2024 года'

16-10-2024T09:22:22 - [TEST_STEP][PASSED] - m = m.substring(0, m.indexOf("2024")): null

16-10-2024T09:22:22 - [TEST_STEP][PASSED] - m = m.trim(): null

16-10-2024T09:22:22 - [TEST_STEP][PASSED] - dashboardName = "Выполнение бизнес-плана": null

16-10-2024T09:22:22 - [TEST_STEP][PASSED] - workbook01 = getWorkbook(excelFilePath): null

16-10-2024T09:22:22 - [TEST_STEP][PASSED] - sheet01 = getExcelSheet(workbook01, sheetName): null

16-10-2024T09:22:22 - [TEST_STEP][PASSED] - setValueToCellByIndex(sheet01, n, 0, dashboardName): null

16-10-2024T09:22:22 - [TEST_STEP][PASSED] - setValueToCellByIndex(sheet01, n, 1, dZO): null

16-10-2024T09:22:22 - [TEST_STEP][PASSED] - setValueToCellByIndex(sheet01, n, 2, typeOfData): null

16-10-2024T09:22:22 - [TEST_STEP][PASSED] - if (typeOfData == "Факт в процентах" || typeOfData == "План в процентах"): null

16-10-2024T09:22:22 - [TEST_STEP][PASSED] - setValueToCellByIndex(sheet01, n, 3, fileDouble): null

16-10-2024T09:22:22 - [TEST_STEP][PASSED] - setValueToCellByIndex(sheet01, n, 4, pageDouble): null

16-10-2024T09:22:22 - [TEST_STEP][PASSED] - setValueToCellByIndex(sheet01, n, 5, m): null

16-10-2024T09:22:22 - [TEST_STEP][PASSED] - setValueToCellByIndex(sheet01, n, 6, y): null

16-10-2024T09:22:22 - [TEST_STEP][PASSED] - setValueToCellByIndex(sheet01, n, 7, todaysDate): null

16-10-2024T09:22:22 - [TEST_STEP][PASSED] - n = n + 1: null

16-10-2024T09:22:22 - [TEST_STEP][PASSED] - saveWorkbook(excelFilePath, workbook01): null

16-10-2024T09:22:22 - [TEST_STEP][PASSED] - file = findTestData("PlanFact").getValue(7, a): null

16-10-2024T09:22:22 - [TEST_STEP][PASSED] - file = file.replace(",", "."): null

16-10-2024T09:22:22 - [TEST_STEP][PASSED] - println("file Fact: " + file): null

16-10-2024T09:22:22 - [TEST_STEP][PASSED] - fileDouble = file.toDouble(): null

16-10-2024T09:22:22 - [TEST_STEP][PASSED] - typeOfData = "Факт в процентах": null

16-10-2024T09:22:22 - [TEST_STEP][PASSED] - fileDouble = file.toDouble(): null

16-10-2024T09:22:22 - [TEST_STEP][PASSED] - pageDouble = page2.toDouble(): null

16-10-2024T09:22:22 - [TEST_STEP][PASSED] - if (fileDouble != pageDouble): null

16-10-2024T09:22:22 - [TEST_STEP][PASSED] - numberOfErrors = numberOfErrors + 1: null

16-10-2024T09:22:22 - [TEST_STEP][PASSED] - Script1718980020443.WriteToExcel(a, typeOfData, todaysDate, pageInt, fileInt, pageDouble, fileDouble, dZO): null

16-10-2024T09:22:22 - [TEST_STEP][PASSED] - sheetName = "Sheet1": null

16-10-2024T09:22:22 - [TEST_STEP][PASSED] - data = findTestData("PlanFact"): null

16-10-2024T09:22:22 - [TEST_STEP][PASSED] - n = data.getRowNumbers() + 1: null

16-10-2024T09:22:22 - [TEST_STEP][PASSED] - year = todaysDate.substring(todaysDate.length() - 4, todaysDate.length()): null

16-10-2024T09:22:22 - [TEST_STEP][PASSED] - y = year.toInteger(): null

16-10-2024T09:22:22 - [TEST_STEP][PASSED] - m = getText(findTestObject("Выполнение бизнес-плана/Период")): Text of object 'Object Repository/Выполнение бизнес-плана/Период' is: '1, 2 кв., Июль, Август 2024 года'

16-10-2024T09:22:23 - [MESSAGE][PASSED] - Text of object 'Object Repository/Выполнение бизнес-плана/Период' is: '1, 2 кв., Июль, Август 2024 года'

16-10-2024T09:22:23 - [TEST_STEP][PASSED] - m = m.substring(0, m.indexOf("2024")): null

16-10-2024T09:22:23 - [TEST_STEP][PASSED] - m = m.trim(): null

16-10-2024T09:22:23 - [TEST_STEP][PASSED] - dashboardName = "Выполнение бизнес-плана": null

16-10-2024T09:22:23 - [TEST_STEP][PASSED] - workbook01 = getWorkbook(excelFilePath): null

16-10-2024T09:22:23 - [TEST_STEP][PASSED] - sheet01 = getExcelSheet(workbook01, sheetName): null

16-10-2024T09:22:23 - [TEST_STEP][PASSED] - setValueToCellByIndex(sheet01, n, 0, dashboardName): null

16-10-2024T09:22:23 - [TEST_STEP][PASSED] - setValueToCellByIndex(sheet01, n, 1, dZO): null

16-10-2024T09:22:23 - [TEST_STEP][PASSED] - setValueToCellByIndex(sheet01, n, 2, typeOfData): null

16-10-2024T09:22:23 - [TEST_STEP][PASSED] - if (typeOfData == "Факт в процентах" || typeOfData == "План в процентах"): null

16-10-2024T09:22:23 - [TEST_STEP][PASSED] - setValueToCellByIndex(sheet01, n, 3, fileDouble): null

16-10-2024T09:22:23 - [TEST_STEP][PASSED] - setValueToCellByIndex(sheet01, n, 4, pageDouble): null

16-10-2024T09:22:23 - [TEST_STEP][PASSED] - setValueToCellByIndex(sheet01, n, 5, m): null

16-10-2024T09:22:23 - [TEST_STEP][PASSED] - setValueToCellByIndex(sheet01, n, 6, y): null

16-10-2024T09:22:23 - [TEST_STEP][PASSED] - setValueToCellByIndex(sheet01, n, 7, todaysDate): null

16-10-2024T09:22:23 - [TEST_STEP][PASSED] - n = n + 1: null

16-10-2024T09:22:23 - [TEST_STEP][PASSED] - saveWorkbook(excelFilePath, workbook01): null

16-10-2024T09:22:23 - [TEST_STEP][FAILED] - if (verifyEqual(numberOfErrors, 0) == false): null

16-10-2024T09:22:23 - [MESSAGE][FAILED] - Unable to verify equal between actual object '6' and expected object '0' (Root cause: com.kms.katalon.core.exception.StepFailedException: Actual object '6' and expected object '0' are not equal
	at com.kms.katalon.core.keyword.builtin.VerifyEqualKeyword$_verifyEqual_closure1.doCall(VerifyEqualKeyword.groovy:58)
	at com.kms.katalon.core.keyword.builtin.VerifyEqualKeyword$_verifyEqual_closure1.call(VerifyEqualKeyword.groovy)
	at com.kms.katalon.core.keyword.internal.KeywordMain.runKeyword(KeywordMain.groovy:75)
	at com.kms.katalon.core.keyword.builtin.VerifyEqualKeyword.verifyEqual(VerifyEqualKeyword.groovy:63)
	at com.kms.katalon.core.keyword.builtin.VerifyEqualKeyword.execute(VerifyEqualKeyword.groovy:44)
	at com.kms.katalon.core.keyword.internal.KeywordExecutor.executeKeywordForPlatform(KeywordExecutor.groovy:74)
	at com.kms.katalon.core.keyword.BuiltinKeywords.verifyEqual(BuiltinKeywords.groovy:146)
	at jdk.internal.reflect.GeneratedMethodAccessor25.invoke(Unknown Source)
	at java.base/jdk.internal.reflect.DelegatingMethodAccessorImpl.invoke(DelegatingMethodAccessorImpl.java:43)
	at Выполнение бизнес-плана Сверка ПАО Россети все филиалы.Numbers(Выполнение бизнес-плана Сверка ПАО Россети все филиалы:749)
	at Выполнение бизнес-плана Сверка ПАО Россети все филиалы.Filials(Выполнение бизнес-плана Сверка ПАО Россети все филиалы:1374)
	at Выполнение бизнес-плана Сверка ПАО Россети все филиалы.Numbers(Выполнение бизнес-плана Сверка ПАО Россети все филиалы:754)
	at Выполнение бизнес-плана Сверка ПАО Россети все филиалы.run(Выполнение бизнес-плана Сверка ПАО Россети все филиалы:411)
	at com.kms.katalon.core.main.ScriptEngine.run(ScriptEngine.java:194)
	at com.kms.katalon.core.main.ScriptEngine.runScriptAsRawText(ScriptEngine.java:119)
	at com.kms.katalon.core.main.TestCaseExecutor.runScript(TestCaseExecutor.java:448)
	at com.kms.katalon.core.main.TestCaseExecutor.doExecute(TestCaseExecutor.java:439)
	at com.kms.katalon.core.main.TestCaseExecutor.processExecutionPhase(TestCaseExecutor.java:418)
	at com.kms.katalon.core.main.TestCaseExecutor.accessMainPhase(TestCaseExecutor.java:410)
	at com.kms.katalon.core.main.TestCaseExecutor.execute(TestCaseExecutor.java:285)
	at com.kms.katalon.core.common.CommonExecutor.accessTestCaseMainPhase(CommonExecutor.java:65)
	at com.kms.katalon.core.main.TestSuiteExecutor.accessTestSuiteMainPhase(TestSuiteExecutor.java:150)
	at com.kms.katalon.core.main.TestSuiteExecutor.execute(TestSuiteExecutor.java:106)
	at com.kms.katalon.core.main.TestCaseMain.startTestSuite(TestCaseMain.java:180)
	at TempTestSuite1729057289574.run(TempTestSuite1729057289574.groovy:35)
	at java.base/jdk.internal.reflect.NativeMethodAccessorImpl.invoke0(Native Method)
	at java.base/jdk.internal.reflect.NativeMethodAccessorImpl.invoke(NativeMethodAccessorImpl.java:77)
	at java.base/jdk.internal.reflect.DelegatingMethodAccessorImpl.invoke(DelegatingMethodAccessorImpl.java:43)
)

16-10-2024T09:22:23 - [TEST_STEP][PASSED] - println(numberOfErrors): null

16-10-2024T09:22:23 - [TEST_STEP][PASSED] - if (a == 28 || a == 77 || a == 74 || a == 65 || a == 36 || a == 44 || a == 54 || a == 1 || a == 18 || a == 59): null

16-10-2024T09:22:23 - [TEST_STEP][PASSED] - if (a == 82): null

16-10-2024T09:22:23 - [TEST_STEP][PASSED] - dZO = "Кировэнерго": null

16-10-2024T09:22:23 - [TEST_STEP][PASSED] - a = 22: null

16-10-2024T09:22:23 - [TEST_STEP][PASSED] - if (x2.contains(dZO)): null

16-10-2024T09:22:23 - [TEST_STEP][PASSED] - filialNum = filialNum + 1: null

16-10-2024T09:22:23 - [TEST_STEP][PASSED] - Script1718980020443.Numbers(a, typeOfData, todaysDate, pageInt, fileInt, pageDouble, fileDouble, dZO, dzoNum, filialNum): null

16-10-2024T09:22:23 - [TEST_STEP][PASSED] - println(dzoNum): null

16-10-2024T09:22:23 - [TEST_STEP][PASSED] - planFact = <not implemented yet for class: org.codehaus.groovy.ast.expr.EmptyExpression>: null

16-10-2024T09:22:23 - [TEST_STEP][PASSED] - page = <not implemented yet for class: org.codehaus.groovy.ast.expr.EmptyExpression>: null

16-10-2024T09:22:23 - [TEST_STEP][PASSED] - page1 = <not implemented yet for class: org.codehaus.groovy.ast.expr.EmptyExpression>: null

16-10-2024T09:22:23 - [TEST_STEP][PASSED] - page2 = <not implemented yet for class: org.codehaus.groovy.ast.expr.EmptyExpression>: null

16-10-2024T09:22:23 - [TEST_STEP][PASSED] - filialNumberInRow = <not implemented yet for class: org.codehaus.groovy.ast.expr.EmptyExpression>: null

16-10-2024T09:22:23 - [TEST_STEP][PASSED] - filialsDzoNames = <not implemented yet for class: org.codehaus.groovy.ast.expr.EmptyExpression>: null

16-10-2024T09:22:23 - [TEST_STEP][PASSED] - numberOfFilials = <not implemented yet for class: org.codehaus.groovy.ast.expr.EmptyExpression>: null

16-10-2024T09:22:23 - [TEST_STEP][PASSED] - numberOfSpaces = <not implemented yet for class: org.codehaus.groovy.ast.expr.EmptyExpression>: null

16-10-2024T09:22:23 - [TEST_STEP][PASSED] - file = <not implemented yet for class: org.codehaus.groovy.ast.expr.EmptyExpression>: null

16-10-2024T09:22:23 - [TEST_STEP][PASSED] - otpusk = <not implemented yet for class: org.codehaus.groovy.ast.expr.EmptyExpression>: null

16-10-2024T09:22:23 - [TEST_STEP][PASSED] - poteri = <not implemented yet for class: org.codehaus.groovy.ast.expr.EmptyExpression>: null

16-10-2024T09:22:23 - [TEST_STEP][PASSED] - dataFolder = "Выполнение бизнес-плана/Значения со страницы Выполнение бизнес-плана/": null

16-10-2024T09:22:23 - [TEST_STEP][PASSED] - path = <not implemented yet for class: org.codehaus.groovy.ast.expr.EmptyExpression>: null

16-10-2024T09:22:23 - [TEST_STEP][PASSED] - typeOfDataMain = <not implemented yet for class: org.codehaus.groovy.ast.expr.EmptyExpression>: null

16-10-2024T09:22:23 - [TEST_STEP][PASSED] - fileOtpuskVSet = <not implemented yet for class: org.codehaus.groovy.ast.expr.EmptyExpression>: null

16-10-2024T09:22:23 - [TEST_STEP][PASSED] - pageOtpuskVSet = <not implemented yet for class: org.codehaus.groovy.ast.expr.EmptyExpression>: null

16-10-2024T09:22:23 - [TEST_STEP][PASSED] - filePoteri = <not implemented yet for class: org.codehaus.groovy.ast.expr.EmptyExpression>: null

16-10-2024T09:22:23 - [TEST_STEP][PASSED] - pagePoteri = <not implemented yet for class: org.codehaus.groovy.ast.expr.EmptyExpression>: null

16-10-2024T09:22:23 - [TEST_STEP][PASSED] - compare = <not implemented yet for class: org.codehaus.groovy.ast.expr.EmptyExpression>: null

16-10-2024T09:22:23 - [TEST_STEP][PASSED] - b = <not implemented yet for class: org.codehaus.groovy.ast.expr.EmptyExpression>: null

16-10-2024T09:22:23 - [TEST_STEP][PASSED] - i = <not implemented yet for class: org.codehaus.groovy.ast.expr.EmptyExpression>: null

16-10-2024T09:22:23 - [TEST_STEP][PASSED] - ii = <not implemented yet for class: org.codehaus.groovy.ast.expr.EmptyExpression>: null

16-10-2024T09:22:23 - [TEST_STEP][PASSED] - c = <not implemented yet for class: org.codehaus.groovy.ast.expr.EmptyExpression>: null

16-10-2024T09:22:23 - [TEST_STEP][PASSED] - numberOfErrors = 0: null

16-10-2024T09:22:23 - [TEST_STEP][PASSED] - if (a == 82): null

16-10-2024T09:22:23 - [TEST_STEP][PASSED] - b = findTestData("PlanFact").getValue(1, a): null

16-10-2024T09:22:23 - [TEST_STEP][PASSED] - i = b.indexOf(" (ГК)"): null

16-10-2024T09:22:23 - [TEST_STEP][PASSED] - if (i > -1): null

16-10-2024T09:22:23 - [TEST_STEP][PASSED] - i = b.indexOf("О ""): null

16-10-2024T09:22:23 - [TEST_STEP][PASSED] - if (i > -1): null

16-10-2024T09:22:23 - [TEST_STEP][PASSED] - i = b.indexOf("О «"): null

16-10-2024T09:22:23 - [TEST_STEP][PASSED] - if (i > -1): null

16-10-2024T09:22:23 - [TEST_STEP][PASSED] - i = b.indexOf("г. "): null

16-10-2024T09:22:23 - [TEST_STEP][PASSED] - if (i > -1): null

16-10-2024T09:22:23 - [TEST_STEP][PASSED] - println(b): null

16-10-2024T09:22:23 - [TEST_STEP][PASSED] - for ([planFact = 1, planFact < 3, (planFact++)]): null

16-10-2024T09:22:23 - [TEST_STEP][PASSED] - if (planFact == 1): null

16-10-2024T09:22:23 - [TEST_STEP][PASSED] - typeOfDataMain = "Факт": null

16-10-2024T09:22:23 - [TEST_STEP][PASSED] - otpusk = findTestData("PlanFact").getValue(5, a): null

16-10-2024T09:22:23 - [TEST_STEP][PASSED] - poteri = findTestData("PlanFact").getValue(6, a): null

16-10-2024T09:22:23 - [TEST_STEP][PASSED] - otpusk = otpusk.replaceAll("\s+", ""): null

16-10-2024T09:22:23 - [TEST_STEP][PASSED] - poteri = poteri.replaceAll("\s+", ""): null

16-10-2024T09:22:23 - [TEST_STEP][PASSED] - typeOfData = typeOfDataMain + " Отпуск в сеть": null

16-10-2024T09:22:23 - [TEST_STEP][PASSED] - if (a == 82): null

16-10-2024T09:22:23 - [TEST_STEP][PASSED] - else if (a == 84): null

16-10-2024T09:22:23 - [TEST_STEP][PASSED] - else if (a == 52 || a == 72 || a == 28 || a == 73 || a == 77 || a == 74 || a == 65 || a == 36 || a == 44 || a == 53 || a == 80 || a == 54 || a == 1 || a == 18 || a == 59 || a == 81): null

16-10-2024T09:22:23 - [TEST_STEP][PASSED] - else: null

16-10-2024T09:22:23 - [TEST_STEP][PASSED] - path = dataFolder + typeOfData + " за отчётный период " + b: null

16-10-2024T09:22:23 - [TEST_STEP][PASSED] - println(path): null

16-10-2024T09:22:23 - [TEST_STEP][PASSED] - page = getText(findTestObject(path)): Text of object 'Object Repository/Выполнение бизнес-плана/Значения со страницы Выполнение бизнес-плана/Факт Отпуск в сеть за отчётный период Кировэнерго' is: '3 746 715'

16-10-2024T09:22:24 - [MESSAGE][PASSED] - Text of object 'Object Repository/Выполнение бизнес-плана/Значения со страницы Выполнение бизнес-плана/Факт Отпуск в сеть за отчётный период Кировэнерго' is: '3 746 715'

16-10-2024T09:22:24 - [TEST_STEP][PASSED] - page = page.replaceAll("\s+", ""): null

16-10-2024T09:22:24 - [TEST_STEP][PASSED] - fileOtpuskVSet = otpusk.toInteger(): null

16-10-2024T09:22:24 - [TEST_STEP][PASSED] - pageOtpuskVSet = page.toInteger(): null

16-10-2024T09:22:24 - [TEST_STEP][PASSED] - typeOfData = typeOfDataMain + " Потери": null

16-10-2024T09:22:24 - [TEST_STEP][PASSED] - if (a == 82): null

16-10-2024T09:22:24 - [TEST_STEP][PASSED] - else if (a == 84): null

16-10-2024T09:22:24 - [TEST_STEP][PASSED] - else if (a == 52 || a == 72 || a == 28 || a == 73 || a == 77 || a == 74 || a == 65 || a == 36 || a == 44 || a == 53 || a == 80 || a == 54 || a == 1 || a == 18 || a == 59 || a == 81): null

16-10-2024T09:22:24 - [TEST_STEP][PASSED] - else: null

16-10-2024T09:22:24 - [TEST_STEP][PASSED] - path = dataFolder + typeOfData + " за отчётный период " + b: null

16-10-2024T09:22:24 - [TEST_STEP][PASSED] - page = getText(findTestObject(path)): Text of object 'Object Repository/Выполнение бизнес-плана/Значения со страницы Выполнение бизнес-плана/Факт Потери за отчётный период Кировэнерго' is: '133 812'

16-10-2024T09:22:24 - [MESSAGE][PASSED] - Text of object 'Object Repository/Выполнение бизнес-плана/Значения со страницы Выполнение бизнес-плана/Факт Потери за отчётный период Кировэнерго' is: '133 812'

16-10-2024T09:22:24 - [TEST_STEP][PASSED] - page = page.replaceAll("\s+", ""): null

16-10-2024T09:22:24 - [TEST_STEP][PASSED] - filePoteri = poteri.toInteger(): null

16-10-2024T09:22:24 - [TEST_STEP][PASSED] - pagePoteri = page.toInteger(): null

16-10-2024T09:22:24 - [TEST_STEP][PASSED] - compare = pageOtpuskVSet: null

16-10-2024T09:22:24 - [TEST_STEP][PASSED] - if (compare == fileOtpuskVSet): null

16-10-2024T09:22:24 - [TEST_STEP][PASSED] - else if (compare > fileOtpuskVSet): null

16-10-2024T09:22:24 - [TEST_STEP][PASSED] - compare = compare - 1: null

16-10-2024T09:22:24 - [TEST_STEP][PASSED] - if (compare == fileOtpuskVSet): null

16-10-2024T09:22:24 - [TEST_STEP][PASSED] - else: null

16-10-2024T09:22:24 - [TEST_STEP][PASSED] - numberOfErrors = numberOfErrors + 1: null

16-10-2024T09:22:24 - [TEST_STEP][PASSED] - pageInt = pageOtpuskVSet: null

16-10-2024T09:22:24 - [TEST_STEP][PASSED] - fileInt = fileOtpuskVSet: null

16-10-2024T09:22:24 - [TEST_STEP][PASSED] - typeOfData = typeOfDataMain + " Отпуск в сеть": null

16-10-2024T09:22:24 - [TEST_STEP][PASSED] - Script1718980020443.WriteToExcel(a, typeOfData, todaysDate, pageInt, fileInt, pageDouble, fileDouble, dZO): null

16-10-2024T09:22:24 - [TEST_STEP][PASSED] - sheetName = "Sheet1": null

16-10-2024T09:22:24 - [TEST_STEP][PASSED] - data = findTestData("PlanFact"): null

16-10-2024T09:22:24 - [TEST_STEP][PASSED] - n = data.getRowNumbers() + 1: null

16-10-2024T09:22:24 - [TEST_STEP][PASSED] - year = todaysDate.substring(todaysDate.length() - 4, todaysDate.length()): null

16-10-2024T09:22:24 - [TEST_STEP][PASSED] - y = year.toInteger(): null

16-10-2024T09:22:24 - [TEST_STEP][PASSED] - m = getText(findTestObject("Выполнение бизнес-плана/Период")): Text of object 'Object Repository/Выполнение бизнес-плана/Период' is: '1, 2 кв., Июль, Август 2024 года'

16-10-2024T09:22:24 - [MESSAGE][PASSED] - Text of object 'Object Repository/Выполнение бизнес-плана/Период' is: '1, 2 кв., Июль, Август 2024 года'

16-10-2024T09:22:24 - [TEST_STEP][PASSED] - m = m.substring(0, m.indexOf("2024")): null

16-10-2024T09:22:24 - [TEST_STEP][PASSED] - m = m.trim(): null

16-10-2024T09:22:24 - [TEST_STEP][PASSED] - dashboardName = "Выполнение бизнес-плана": null

16-10-2024T09:22:24 - [TEST_STEP][PASSED] - workbook01 = getWorkbook(excelFilePath): null

16-10-2024T09:22:24 - [TEST_STEP][PASSED] - sheet01 = getExcelSheet(workbook01, sheetName): null

16-10-2024T09:22:24 - [TEST_STEP][PASSED] - setValueToCellByIndex(sheet01, n, 0, dashboardName): null

16-10-2024T09:22:24 - [TEST_STEP][PASSED] - setValueToCellByIndex(sheet01, n, 1, dZO): null

16-10-2024T09:22:24 - [TEST_STEP][PASSED] - setValueToCellByIndex(sheet01, n, 2, typeOfData): null

16-10-2024T09:22:24 - [TEST_STEP][PASSED] - if (typeOfData == "Факт в процентах" || typeOfData == "План в процентах"): null

16-10-2024T09:22:24 - [TEST_STEP][PASSED] - else: null

16-10-2024T09:22:24 - [TEST_STEP][PASSED] - setValueToCellByIndex(sheet01, n, 3, fileInt): null

16-10-2024T09:22:24 - [TEST_STEP][PASSED] - setValueToCellByIndex(sheet01, n, 4, pageInt): null

16-10-2024T09:22:24 - [TEST_STEP][PASSED] - setValueToCellByIndex(sheet01, n, 5, m): null

16-10-2024T09:22:24 - [TEST_STEP][PASSED] - setValueToCellByIndex(sheet01, n, 6, y): null

16-10-2024T09:22:24 - [TEST_STEP][PASSED] - setValueToCellByIndex(sheet01, n, 7, todaysDate): null

16-10-2024T09:22:24 - [TEST_STEP][PASSED] - n = n + 1: null

16-10-2024T09:22:24 - [TEST_STEP][PASSED] - saveWorkbook(excelFilePath, workbook01): null

16-10-2024T09:22:25 - [TEST_STEP][PASSED] - compare = pagePoteri: null

16-10-2024T09:22:25 - [TEST_STEP][PASSED] - if (compare == filePoteri): null

16-10-2024T09:22:25 - [TEST_STEP][PASSED] - else if (compare > filePoteri): null

16-10-2024T09:22:25 - [TEST_STEP][PASSED] - compare = compare - 1: null

16-10-2024T09:22:25 - [TEST_STEP][PASSED] - if (compare == filePoteri): null

16-10-2024T09:22:25 - [TEST_STEP][PASSED] - else: null

16-10-2024T09:22:25 - [TEST_STEP][PASSED] - numberOfErrors = numberOfErrors + 1: null

16-10-2024T09:22:25 - [TEST_STEP][PASSED] - pageInt = pagePoteri: null

16-10-2024T09:22:25 - [TEST_STEP][PASSED] - fileInt = filePoteri: null

16-10-2024T09:22:25 - [TEST_STEP][PASSED] - typeOfData = typeOfDataMain + " Потери": null

16-10-2024T09:22:25 - [TEST_STEP][PASSED] - Script1718980020443.WriteToExcel(a, typeOfData, todaysDate, pageInt, fileInt, pageDouble, fileDouble, dZO): null

16-10-2024T09:22:25 - [TEST_STEP][PASSED] - sheetName = "Sheet1": null

16-10-2024T09:22:25 - [TEST_STEP][PASSED] - data = findTestData("PlanFact"): null

16-10-2024T09:22:25 - [TEST_STEP][PASSED] - n = data.getRowNumbers() + 1: null

16-10-2024T09:22:25 - [TEST_STEP][PASSED] - year = todaysDate.substring(todaysDate.length() - 4, todaysDate.length()): null

16-10-2024T09:22:25 - [TEST_STEP][PASSED] - y = year.toInteger(): null

16-10-2024T09:22:25 - [TEST_STEP][PASSED] - m = getText(findTestObject("Выполнение бизнес-плана/Период")): Text of object 'Object Repository/Выполнение бизнес-плана/Период' is: '1, 2 кв., Июль, Август 2024 года'

16-10-2024T09:22:25 - [MESSAGE][PASSED] - Text of object 'Object Repository/Выполнение бизнес-плана/Период' is: '1, 2 кв., Июль, Август 2024 года'

16-10-2024T09:22:25 - [TEST_STEP][PASSED] - m = m.substring(0, m.indexOf("2024")): null

16-10-2024T09:22:25 - [TEST_STEP][PASSED] - m = m.trim(): null

16-10-2024T09:22:25 - [TEST_STEP][PASSED] - dashboardName = "Выполнение бизнес-плана": null

16-10-2024T09:22:25 - [TEST_STEP][PASSED] - workbook01 = getWorkbook(excelFilePath): null

16-10-2024T09:22:25 - [TEST_STEP][PASSED] - sheet01 = getExcelSheet(workbook01, sheetName): null

16-10-2024T09:22:25 - [TEST_STEP][PASSED] - setValueToCellByIndex(sheet01, n, 0, dashboardName): null

16-10-2024T09:22:25 - [TEST_STEP][PASSED] - setValueToCellByIndex(sheet01, n, 1, dZO): null

16-10-2024T09:22:25 - [TEST_STEP][PASSED] - setValueToCellByIndex(sheet01, n, 2, typeOfData): null

16-10-2024T09:22:25 - [TEST_STEP][PASSED] - if (typeOfData == "Факт в процентах" || typeOfData == "План в процентах"): null

16-10-2024T09:22:25 - [TEST_STEP][PASSED] - else: null

16-10-2024T09:22:25 - [TEST_STEP][PASSED] - setValueToCellByIndex(sheet01, n, 3, fileInt): null

16-10-2024T09:22:25 - [TEST_STEP][PASSED] - setValueToCellByIndex(sheet01, n, 4, pageInt): null

16-10-2024T09:22:25 - [TEST_STEP][PASSED] - setValueToCellByIndex(sheet01, n, 5, m): null

16-10-2024T09:22:25 - [TEST_STEP][PASSED] - setValueToCellByIndex(sheet01, n, 6, y): null

16-10-2024T09:22:25 - [TEST_STEP][PASSED] - setValueToCellByIndex(sheet01, n, 7, todaysDate): null

16-10-2024T09:22:25 - [TEST_STEP][PASSED] - n = n + 1: null

16-10-2024T09:22:25 - [TEST_STEP][PASSED] - saveWorkbook(excelFilePath, workbook01): null

16-10-2024T09:22:25 - [TEST_STEP][PASSED] - if (planFact == 2): null

16-10-2024T09:22:25 - [TEST_STEP][PASSED] - if (planFact == 1): null

16-10-2024T09:22:25 - [TEST_STEP][PASSED] - else if (planFact == 2): null

16-10-2024T09:22:25 - [TEST_STEP][PASSED] - click(findTestObject("Выполнение бизнес-плана/Кнопка План")): Object: 'Object Repository/Выполнение бизнес-плана/Кнопка План' is clicked on

16-10-2024T09:22:26 - [MESSAGE][PASSED] - Object: 'Object Repository/Выполнение бизнес-плана/Кнопка План' is clicked on

16-10-2024T09:22:26 - [TEST_STEP][PASSED] - typeOfDataMain = "План": null

16-10-2024T09:22:26 - [TEST_STEP][PASSED] - otpusk = findTestData("PlanFact").getValue(2, a): null

16-10-2024T09:22:26 - [TEST_STEP][PASSED] - poteri = findTestData("PlanFact").getValue(3, a): null

16-10-2024T09:22:26 - [TEST_STEP][PASSED] - otpusk = otpusk.replaceAll("\s+", ""): null

16-10-2024T09:22:26 - [TEST_STEP][PASSED] - poteri = poteri.replaceAll("\s+", ""): null

16-10-2024T09:22:26 - [TEST_STEP][PASSED] - typeOfData = typeOfDataMain + " Отпуск в сеть": null

16-10-2024T09:22:26 - [TEST_STEP][PASSED] - if (a == 82): null

16-10-2024T09:22:26 - [TEST_STEP][PASSED] - else if (a == 84): null

16-10-2024T09:22:26 - [TEST_STEP][PASSED] - else if (a == 52 || a == 72 || a == 28 || a == 73 || a == 77 || a == 74 || a == 65 || a == 36 || a == 44 || a == 53 || a == 80 || a == 54 || a == 1 || a == 18 || a == 59 || a == 81): null

16-10-2024T09:22:26 - [TEST_STEP][PASSED] - else: null

16-10-2024T09:22:26 - [TEST_STEP][PASSED] - path = dataFolder + typeOfData + " за отчётный период " + b: null

16-10-2024T09:22:26 - [TEST_STEP][PASSED] - println(path): null

16-10-2024T09:22:26 - [TEST_STEP][PASSED] - page = getText(findTestObject(path)): Text of object 'Object Repository/Выполнение бизнес-плана/Значения со страницы Выполнение бизнес-плана/План Отпуск в сеть за отчётный период Кировэнерго' is: '3 554 774'

16-10-2024T09:22:26 - [MESSAGE][PASSED] - Text of object 'Object Repository/Выполнение бизнес-плана/Значения со страницы Выполнение бизнес-плана/План Отпуск в сеть за отчётный период Кировэнерго' is: '3 554 774'

16-10-2024T09:22:26 - [TEST_STEP][PASSED] - page = page.replaceAll("\s+", ""): null

16-10-2024T09:22:26 - [TEST_STEP][PASSED] - fileOtpuskVSet = otpusk.toInteger(): null

16-10-2024T09:22:26 - [TEST_STEP][PASSED] - pageOtpuskVSet = page.toInteger(): null

16-10-2024T09:22:26 - [TEST_STEP][PASSED] - typeOfData = typeOfDataMain + " Потери": null

16-10-2024T09:22:26 - [TEST_STEP][PASSED] - if (a == 82): null

16-10-2024T09:22:26 - [TEST_STEP][PASSED] - else if (a == 84): null

16-10-2024T09:22:26 - [TEST_STEP][PASSED] - else if (a == 52 || a == 72 || a == 28 || a == 73 || a == 77 || a == 74 || a == 65 || a == 36 || a == 44 || a == 53 || a == 80 || a == 54 || a == 1 || a == 18 || a == 59 || a == 81): null

16-10-2024T09:22:26 - [TEST_STEP][PASSED] - else: null

16-10-2024T09:22:26 - [TEST_STEP][PASSED] - path = dataFolder + typeOfData + " за отчётный период " + b: null

16-10-2024T09:22:26 - [TEST_STEP][PASSED] - page = getText(findTestObject(path)): Text of object 'Object Repository/Выполнение бизнес-плана/Значения со страницы Выполнение бизнес-плана/План Потери за отчётный период Кировэнерго' is: '145 538'

16-10-2024T09:22:26 - [MESSAGE][PASSED] - Text of object 'Object Repository/Выполнение бизнес-плана/Значения со страницы Выполнение бизнес-плана/План Потери за отчётный период Кировэнерго' is: '145 538'

16-10-2024T09:22:26 - [TEST_STEP][PASSED] - page = page.replaceAll("\s+", ""): null

16-10-2024T09:22:26 - [TEST_STEP][PASSED] - filePoteri = poteri.toInteger(): null

16-10-2024T09:22:26 - [TEST_STEP][PASSED] - pagePoteri = page.toInteger(): null

16-10-2024T09:22:26 - [TEST_STEP][PASSED] - compare = pageOtpuskVSet: null

16-10-2024T09:22:26 - [TEST_STEP][PASSED] - if (compare == fileOtpuskVSet): null

16-10-2024T09:22:26 - [TEST_STEP][PASSED] - else if (compare > fileOtpuskVSet): null

16-10-2024T09:22:26 - [TEST_STEP][PASSED] - compare = compare - 1: null

16-10-2024T09:22:26 - [TEST_STEP][PASSED] - if (compare == fileOtpuskVSet): null

16-10-2024T09:22:26 - [TEST_STEP][PASSED] - else: null

16-10-2024T09:22:26 - [TEST_STEP][PASSED] - numberOfErrors = numberOfErrors + 1: null

16-10-2024T09:22:26 - [TEST_STEP][PASSED] - pageInt = pageOtpuskVSet: null

16-10-2024T09:22:26 - [TEST_STEP][PASSED] - fileInt = fileOtpuskVSet: null

16-10-2024T09:22:26 - [TEST_STEP][PASSED] - typeOfData = typeOfDataMain + " Отпуск в сеть": null

16-10-2024T09:22:26 - [TEST_STEP][PASSED] - Script1718980020443.WriteToExcel(a, typeOfData, todaysDate, pageInt, fileInt, pageDouble, fileDouble, dZO): null

16-10-2024T09:22:26 - [TEST_STEP][PASSED] - sheetName = "Sheet1": null

16-10-2024T09:22:26 - [TEST_STEP][PASSED] - data = findTestData("PlanFact"): null

16-10-2024T09:22:26 - [TEST_STEP][PASSED] - n = data.getRowNumbers() + 1: null

16-10-2024T09:22:26 - [TEST_STEP][PASSED] - year = todaysDate.substring(todaysDate.length() - 4, todaysDate.length()): null

16-10-2024T09:22:26 - [TEST_STEP][PASSED] - y = year.toInteger(): null

16-10-2024T09:22:26 - [TEST_STEP][PASSED] - m = getText(findTestObject("Выполнение бизнес-плана/Период")): Text of object 'Object Repository/Выполнение бизнес-плана/Период' is: '1, 2 кв., Июль, Август 2024 года'

16-10-2024T09:22:27 - [MESSAGE][PASSED] - Text of object 'Object Repository/Выполнение бизнес-плана/Период' is: '1, 2 кв., Июль, Август 2024 года'

16-10-2024T09:22:27 - [TEST_STEP][PASSED] - m = m.substring(0, m.indexOf("2024")): null

16-10-2024T09:22:27 - [TEST_STEP][PASSED] - m = m.trim(): null

16-10-2024T09:22:27 - [TEST_STEP][PASSED] - dashboardName = "Выполнение бизнес-плана": null

16-10-2024T09:22:27 - [TEST_STEP][PASSED] - workbook01 = getWorkbook(excelFilePath): null

16-10-2024T09:22:27 - [TEST_STEP][PASSED] - sheet01 = getExcelSheet(workbook01, sheetName): null

16-10-2024T09:22:27 - [TEST_STEP][PASSED] - setValueToCellByIndex(sheet01, n, 0, dashboardName): null

16-10-2024T09:22:27 - [TEST_STEP][PASSED] - setValueToCellByIndex(sheet01, n, 1, dZO): null

16-10-2024T09:22:27 - [TEST_STEP][PASSED] - setValueToCellByIndex(sheet01, n, 2, typeOfData): null

16-10-2024T09:22:27 - [TEST_STEP][PASSED] - if (typeOfData == "Факт в процентах" || typeOfData == "План в процентах"): null

16-10-2024T09:22:27 - [TEST_STEP][PASSED] - else: null

16-10-2024T09:22:27 - [TEST_STEP][PASSED] - setValueToCellByIndex(sheet01, n, 3, fileInt): null

16-10-2024T09:22:27 - [TEST_STEP][PASSED] - setValueToCellByIndex(sheet01, n, 4, pageInt): null

16-10-2024T09:22:27 - [TEST_STEP][PASSED] - setValueToCellByIndex(sheet01, n, 5, m): null

16-10-2024T09:22:27 - [TEST_STEP][PASSED] - setValueToCellByIndex(sheet01, n, 6, y): null

16-10-2024T09:22:27 - [TEST_STEP][PASSED] - setValueToCellByIndex(sheet01, n, 7, todaysDate): null

16-10-2024T09:22:27 - [TEST_STEP][PASSED] - n = n + 1: null

16-10-2024T09:22:27 - [TEST_STEP][PASSED] - saveWorkbook(excelFilePath, workbook01): null

16-10-2024T09:22:27 - [TEST_STEP][PASSED] - compare = pagePoteri: null

16-10-2024T09:22:27 - [TEST_STEP][PASSED] - if (compare == filePoteri): null

16-10-2024T09:22:27 - [TEST_STEP][PASSED] - else if (compare > filePoteri): null

16-10-2024T09:22:27 - [TEST_STEP][PASSED] - compare = compare - 1: null

16-10-2024T09:22:27 - [TEST_STEP][PASSED] - if (compare == filePoteri): null

16-10-2024T09:22:27 - [TEST_STEP][PASSED] - else: null

16-10-2024T09:22:27 - [TEST_STEP][PASSED] - numberOfErrors = numberOfErrors + 1: null

16-10-2024T09:22:27 - [TEST_STEP][PASSED] - pageInt = pagePoteri: null

16-10-2024T09:22:27 - [TEST_STEP][PASSED] - fileInt = filePoteri: null

16-10-2024T09:22:27 - [TEST_STEP][PASSED] - typeOfData = typeOfDataMain + " Потери": null

16-10-2024T09:22:27 - [TEST_STEP][PASSED] - Script1718980020443.WriteToExcel(a, typeOfData, todaysDate, pageInt, fileInt, pageDouble, fileDouble, dZO): null

16-10-2024T09:22:27 - [TEST_STEP][PASSED] - sheetName = "Sheet1": null

16-10-2024T09:22:27 - [TEST_STEP][PASSED] - data = findTestData("PlanFact"): null

16-10-2024T09:22:27 - [TEST_STEP][PASSED] - n = data.getRowNumbers() + 1: null

16-10-2024T09:22:27 - [TEST_STEP][PASSED] - year = todaysDate.substring(todaysDate.length() - 4, todaysDate.length()): null

16-10-2024T09:22:27 - [TEST_STEP][PASSED] - y = year.toInteger(): null

16-10-2024T09:22:27 - [TEST_STEP][PASSED] - m = getText(findTestObject("Выполнение бизнес-плана/Период")): Text of object 'Object Repository/Выполнение бизнес-плана/Период' is: '1, 2 кв., Июль, Август 2024 года'

16-10-2024T09:22:28 - [MESSAGE][PASSED] - Text of object 'Object Repository/Выполнение бизнес-плана/Период' is: '1, 2 кв., Июль, Август 2024 года'

16-10-2024T09:22:28 - [TEST_STEP][PASSED] - m = m.substring(0, m.indexOf("2024")): null

16-10-2024T09:22:28 - [TEST_STEP][PASSED] - m = m.trim(): null

16-10-2024T09:22:28 - [TEST_STEP][PASSED] - dashboardName = "Выполнение бизнес-плана": null

16-10-2024T09:22:28 - [TEST_STEP][PASSED] - workbook01 = getWorkbook(excelFilePath): null

16-10-2024T09:22:28 - [TEST_STEP][PASSED] - sheet01 = getExcelSheet(workbook01, sheetName): null

16-10-2024T09:22:28 - [TEST_STEP][PASSED] - setValueToCellByIndex(sheet01, n, 0, dashboardName): null

16-10-2024T09:22:28 - [TEST_STEP][PASSED] - setValueToCellByIndex(sheet01, n, 1, dZO): null

16-10-2024T09:22:28 - [TEST_STEP][PASSED] - setValueToCellByIndex(sheet01, n, 2, typeOfData): null

16-10-2024T09:22:28 - [TEST_STEP][PASSED] - if (typeOfData == "Факт в процентах" || typeOfData == "План в процентах"): null

16-10-2024T09:22:28 - [TEST_STEP][PASSED] - else: null

16-10-2024T09:22:28 - [TEST_STEP][PASSED] - setValueToCellByIndex(sheet01, n, 3, fileInt): null

16-10-2024T09:22:28 - [TEST_STEP][PASSED] - setValueToCellByIndex(sheet01, n, 4, pageInt): null

16-10-2024T09:22:28 - [TEST_STEP][PASSED] - setValueToCellByIndex(sheet01, n, 5, m): null

16-10-2024T09:22:28 - [TEST_STEP][PASSED] - setValueToCellByIndex(sheet01, n, 6, y): null

16-10-2024T09:22:28 - [TEST_STEP][PASSED] - setValueToCellByIndex(sheet01, n, 7, todaysDate): null

16-10-2024T09:22:28 - [TEST_STEP][PASSED] - n = n + 1: null

16-10-2024T09:22:28 - [TEST_STEP][PASSED] - saveWorkbook(excelFilePath, workbook01): Object: 'Object Repository/Выполнение бизнес-плана/Кнопка Факт' is clicked on

16-10-2024T09:22:28 - [TEST_STEP][PASSED] - if (planFact == 2): Object: 'Object Repository/Выполнение бизнес-плана/Кнопка Факт' is clicked on

16-10-2024T09:22:28 - [TEST_STEP][PASSED] - click(findTestObject("Выполнение бизнес-плана/Кнопка Факт")): Object: 'Object Repository/Выполнение бизнес-плана/Кнопка Факт' is clicked on

16-10-2024T09:22:28 - [MESSAGE][PASSED] - Object: 'Object Repository/Выполнение бизнес-плана/Кнопка Факт' is clicked on

16-10-2024T09:22:28 - [TEST_STEP][PASSED] - if (a == 84 || a == 82): null

16-10-2024T09:22:28 - [TEST_STEP][PASSED] - else if (a == 52 || a == 72 || a == 28 || a == 73 || a == 77 || a == 74 || a == 65 || a == 36 || a == 44 || a == 53 || a == 80 || a == 54 || a == 1 || a == 18 || a == 59 || a == 81): null

16-10-2024T09:22:28 - [TEST_STEP][PASSED] - else: null

16-10-2024T09:22:28 - [TEST_STEP][PASSED] - page1 = getText(findTestObject("Object Repository/Выполнение бизнес-плана/spanPlan" + filialNum)): Text of object 'Object Repository/Выполнение бизнес-плана/spanPlan4' is: '4.09
|'

16-10-2024T09:22:29 - [MESSAGE][PASSED] - Text of object 'Object Repository/Выполнение бизнес-плана/spanPlan4' is: '4.09
|'

16-10-2024T09:22:29 - [TEST_STEP][PASSED] - page1 = page1.replace("|", ""): null

16-10-2024T09:22:29 - [TEST_STEP][PASSED] - page2 = getText(findTestObject("Object Repository/Выполнение бизнес-плана/spanFact" + filialNum)): Text of object 'Object Repository/Выполнение бизнес-плана/spanFact4' is: '3.57
|'

16-10-2024T09:22:29 - [MESSAGE][PASSED] - Text of object 'Object Repository/Выполнение бизнес-плана/spanFact4' is: '3.57
|'

16-10-2024T09:22:29 - [TEST_STEP][PASSED] - page2 = page2.replace("|", ""): null

16-10-2024T09:22:29 - [TEST_STEP][PASSED] - println("page1: " + page1): null

16-10-2024T09:22:29 - [TEST_STEP][PASSED] - println("page2: " + page2): null

16-10-2024T09:22:29 - [TEST_STEP][PASSED] - file = findTestData("PlanFact").getValue(4, a): null

16-10-2024T09:22:29 - [TEST_STEP][PASSED] - file = file.replace(",", "."): null

16-10-2024T09:22:29 - [TEST_STEP][PASSED] - println("file Plan: " + file): null

16-10-2024T09:22:29 - [TEST_STEP][PASSED] - typeOfData = "План в процентах": null

16-10-2024T09:22:29 - [TEST_STEP][PASSED] - fileDouble = file.toDouble(): null

16-10-2024T09:22:29 - [TEST_STEP][PASSED] - pageDouble = page1.toDouble(): null

16-10-2024T09:22:29 - [TEST_STEP][PASSED] - if (fileDouble != pageDouble): null

16-10-2024T09:22:29 - [TEST_STEP][PASSED] - numberOfErrors = numberOfErrors + 1: null

16-10-2024T09:22:29 - [TEST_STEP][PASSED] - Script1718980020443.WriteToExcel(a, typeOfData, todaysDate, pageInt, fileInt, pageDouble, fileDouble, dZO): null

16-10-2024T09:22:29 - [TEST_STEP][PASSED] - sheetName = "Sheet1": null

16-10-2024T09:22:29 - [TEST_STEP][PASSED] - data = findTestData("PlanFact"): null

16-10-2024T09:22:29 - [TEST_STEP][PASSED] - n = data.getRowNumbers() + 1: null

16-10-2024T09:22:29 - [TEST_STEP][PASSED] - year = todaysDate.substring(todaysDate.length() - 4, todaysDate.length()): null

16-10-2024T09:22:29 - [TEST_STEP][PASSED] - y = year.toInteger(): null

16-10-2024T09:22:29 - [TEST_STEP][PASSED] - m = getText(findTestObject("Выполнение бизнес-плана/Период")): Text of object 'Object Repository/Выполнение бизнес-плана/Период' is: '1, 2 кв., Июль, Август 2024 года'

16-10-2024T09:22:29 - [MESSAGE][PASSED] - Text of object 'Object Repository/Выполнение бизнес-плана/Период' is: '1, 2 кв., Июль, Август 2024 года'

16-10-2024T09:22:29 - [TEST_STEP][PASSED] - m = m.substring(0, m.indexOf("2024")): null

16-10-2024T09:22:29 - [TEST_STEP][PASSED] - m = m.trim(): null

16-10-2024T09:22:29 - [TEST_STEP][PASSED] - dashboardName = "Выполнение бизнес-плана": null

16-10-2024T09:22:29 - [TEST_STEP][PASSED] - workbook01 = getWorkbook(excelFilePath): null

16-10-2024T09:22:29 - [TEST_STEP][PASSED] - sheet01 = getExcelSheet(workbook01, sheetName): null

16-10-2024T09:22:29 - [TEST_STEP][PASSED] - setValueToCellByIndex(sheet01, n, 0, dashboardName): null

16-10-2024T09:22:29 - [TEST_STEP][PASSED] - setValueToCellByIndex(sheet01, n, 1, dZO): null

16-10-2024T09:22:29 - [TEST_STEP][PASSED] - setValueToCellByIndex(sheet01, n, 2, typeOfData): null

16-10-2024T09:22:29 - [TEST_STEP][PASSED] - if (typeOfData == "Факт в процентах" || typeOfData == "План в процентах"): null

16-10-2024T09:22:29 - [TEST_STEP][PASSED] - setValueToCellByIndex(sheet01, n, 3, fileDouble): null

16-10-2024T09:22:29 - [TEST_STEP][PASSED] - setValueToCellByIndex(sheet01, n, 4, pageDouble): null

16-10-2024T09:22:29 - [TEST_STEP][PASSED] - setValueToCellByIndex(sheet01, n, 5, m): null

16-10-2024T09:22:29 - [TEST_STEP][PASSED] - setValueToCellByIndex(sheet01, n, 6, y): null

16-10-2024T09:22:29 - [TEST_STEP][PASSED] - setValueToCellByIndex(sheet01, n, 7, todaysDate): null

16-10-2024T09:22:29 - [TEST_STEP][PASSED] - n = n + 1: null

16-10-2024T09:22:29 - [TEST_STEP][PASSED] - saveWorkbook(excelFilePath, workbook01): null

16-10-2024T09:22:30 - [TEST_STEP][PASSED] - file = findTestData("PlanFact").getValue(7, a): null

16-10-2024T09:22:30 - [TEST_STEP][PASSED] - file = file.replace(",", "."): null

16-10-2024T09:22:30 - [TEST_STEP][PASSED] - println("file Fact: " + file): null

16-10-2024T09:22:30 - [TEST_STEP][PASSED] - fileDouble = file.toDouble(): null

16-10-2024T09:22:30 - [TEST_STEP][PASSED] - typeOfData = "Факт в процентах": null

16-10-2024T09:22:30 - [TEST_STEP][PASSED] - fileDouble = file.toDouble(): null

16-10-2024T09:22:30 - [TEST_STEP][PASSED] - pageDouble = page2.toDouble(): null

16-10-2024T09:22:30 - [TEST_STEP][PASSED] - if (fileDouble != pageDouble): null

16-10-2024T09:22:30 - [TEST_STEP][PASSED] - numberOfErrors = numberOfErrors + 1: null

16-10-2024T09:22:30 - [TEST_STEP][PASSED] - Script1718980020443.WriteToExcel(a, typeOfData, todaysDate, pageInt, fileInt, pageDouble, fileDouble, dZO): null

16-10-2024T09:22:30 - [TEST_STEP][PASSED] - sheetName = "Sheet1": null

16-10-2024T09:22:30 - [TEST_STEP][PASSED] - data = findTestData("PlanFact"): null

16-10-2024T09:22:30 - [TEST_STEP][PASSED] - n = data.getRowNumbers() + 1: null

16-10-2024T09:22:30 - [TEST_STEP][PASSED] - year = todaysDate.substring(todaysDate.length() - 4, todaysDate.length()): null

16-10-2024T09:22:30 - [TEST_STEP][PASSED] - y = year.toInteger(): null

16-10-2024T09:22:30 - [TEST_STEP][PASSED] - m = getText(findTestObject("Выполнение бизнес-плана/Период")): Text of object 'Object Repository/Выполнение бизнес-плана/Период' is: '1, 2 кв., Июль, Август 2024 года'

16-10-2024T09:22:30 - [MESSAGE][PASSED] - Text of object 'Object Repository/Выполнение бизнес-плана/Период' is: '1, 2 кв., Июль, Август 2024 года'

16-10-2024T09:22:30 - [TEST_STEP][PASSED] - m = m.substring(0, m.indexOf("2024")): null

16-10-2024T09:22:30 - [TEST_STEP][PASSED] - m = m.trim(): null

16-10-2024T09:22:30 - [TEST_STEP][PASSED] - dashboardName = "Выполнение бизнес-плана": null

16-10-2024T09:22:30 - [TEST_STEP][PASSED] - workbook01 = getWorkbook(excelFilePath): null

16-10-2024T09:22:30 - [TEST_STEP][PASSED] - sheet01 = getExcelSheet(workbook01, sheetName): null

16-10-2024T09:22:30 - [TEST_STEP][PASSED] - setValueToCellByIndex(sheet01, n, 0, dashboardName): null

16-10-2024T09:22:30 - [TEST_STEP][PASSED] - setValueToCellByIndex(sheet01, n, 1, dZO): null

16-10-2024T09:22:30 - [TEST_STEP][PASSED] - setValueToCellByIndex(sheet01, n, 2, typeOfData): null

16-10-2024T09:22:30 - [TEST_STEP][PASSED] - if (typeOfData == "Факт в процентах" || typeOfData == "План в процентах"): null

16-10-2024T09:22:30 - [TEST_STEP][PASSED] - setValueToCellByIndex(sheet01, n, 3, fileDouble): null

16-10-2024T09:22:30 - [TEST_STEP][PASSED] - setValueToCellByIndex(sheet01, n, 4, pageDouble): null

16-10-2024T09:22:30 - [TEST_STEP][PASSED] - setValueToCellByIndex(sheet01, n, 5, m): null

16-10-2024T09:22:30 - [TEST_STEP][PASSED] - setValueToCellByIndex(sheet01, n, 6, y): null

16-10-2024T09:22:30 - [TEST_STEP][PASSED] - setValueToCellByIndex(sheet01, n, 7, todaysDate): null

16-10-2024T09:22:30 - [TEST_STEP][PASSED] - n = n + 1: null

16-10-2024T09:22:30 - [TEST_STEP][PASSED] - saveWorkbook(excelFilePath, workbook01): null

16-10-2024T09:22:30 - [TEST_STEP][FAILED] - if (verifyEqual(numberOfErrors, 0) == false): null

16-10-2024T09:22:30 - [MESSAGE][FAILED] - Unable to verify equal between actual object '6' and expected object '0' (Root cause: com.kms.katalon.core.exception.StepFailedException: Actual object '6' and expected object '0' are not equal
	at com.kms.katalon.core.keyword.builtin.VerifyEqualKeyword$_verifyEqual_closure1.doCall(VerifyEqualKeyword.groovy:58)
	at com.kms.katalon.core.keyword.builtin.VerifyEqualKeyword$_verifyEqual_closure1.call(VerifyEqualKeyword.groovy)
	at com.kms.katalon.core.keyword.internal.KeywordMain.runKeyword(KeywordMain.groovy:75)
	at com.kms.katalon.core.keyword.builtin.VerifyEqualKeyword.verifyEqual(VerifyEqualKeyword.groovy:63)
	at com.kms.katalon.core.keyword.builtin.VerifyEqualKeyword.execute(VerifyEqualKeyword.groovy:44)
	at com.kms.katalon.core.keyword.internal.KeywordExecutor.executeKeywordForPlatform(KeywordExecutor.groovy:74)
	at com.kms.katalon.core.keyword.BuiltinKeywords.verifyEqual(BuiltinKeywords.groovy:146)
	at jdk.internal.reflect.GeneratedMethodAccessor25.invoke(Unknown Source)
	at java.base/jdk.internal.reflect.DelegatingMethodAccessorImpl.invoke(DelegatingMethodAccessorImpl.java:43)
	at Выполнение бизнес-плана Сверка ПАО Россети все филиалы.Numbers(Выполнение бизнес-плана Сверка ПАО Россети все филиалы:749)
	at Выполнение бизнес-плана Сверка ПАО Россети все филиалы.Filials(Выполнение бизнес-плана Сверка ПАО Россети все филиалы:1386)
	at Выполнение бизнес-плана Сверка ПАО Россети все филиалы.Numbers(Выполнение бизнес-плана Сверка ПАО Россети все филиалы:754)
	at Выполнение бизнес-плана Сверка ПАО Россети все филиалы.run(Выполнение бизнес-плана Сверка ПАО Россети все филиалы:411)
	at com.kms.katalon.core.main.ScriptEngine.run(ScriptEngine.java:194)
	at com.kms.katalon.core.main.ScriptEngine.runScriptAsRawText(ScriptEngine.java:119)
	at com.kms.katalon.core.main.TestCaseExecutor.runScript(TestCaseExecutor.java:448)
	at com.kms.katalon.core.main.TestCaseExecutor.doExecute(TestCaseExecutor.java:439)
	at com.kms.katalon.core.main.TestCaseExecutor.processExecutionPhase(TestCaseExecutor.java:418)
	at com.kms.katalon.core.main.TestCaseExecutor.accessMainPhase(TestCaseExecutor.java:410)
	at com.kms.katalon.core.main.TestCaseExecutor.execute(TestCaseExecutor.java:285)
	at com.kms.katalon.core.common.CommonExecutor.accessTestCaseMainPhase(CommonExecutor.java:65)
	at com.kms.katalon.core.main.TestSuiteExecutor.accessTestSuiteMainPhase(TestSuiteExecutor.java:150)
	at com.kms.katalon.core.main.TestSuiteExecutor.execute(TestSuiteExecutor.java:106)
	at com.kms.katalon.core.main.TestCaseMain.startTestSuite(TestCaseMain.java:180)
	at TempTestSuite1729057289574.run(TempTestSuite1729057289574.groovy:35)
	at java.base/jdk.internal.reflect.NativeMethodAccessorImpl.invoke0(Native Method)
	at java.base/jdk.internal.reflect.NativeMethodAccessorImpl.invoke(NativeMethodAccessorImpl.java:77)
	at java.base/jdk.internal.reflect.DelegatingMethodAccessorImpl.invoke(DelegatingMethodAccessorImpl.java:43)
)

16-10-2024T09:22:30 - [TEST_STEP][PASSED] - println(numberOfErrors): null

16-10-2024T09:22:30 - [TEST_STEP][PASSED] - if (a == 28 || a == 77 || a == 74 || a == 65 || a == 36 || a == 44 || a == 54 || a == 1 || a == 18 || a == 59): null

16-10-2024T09:22:30 - [TEST_STEP][PASSED] - if (a == 82): null

16-10-2024T09:22:30 - [TEST_STEP][PASSED] - dZO = "Мариэнерго": null

16-10-2024T09:22:30 - [TEST_STEP][PASSED] - a = 23: null

16-10-2024T09:22:30 - [TEST_STEP][PASSED] - if (x2.contains(dZO)): null

16-10-2024T09:22:30 - [TEST_STEP][PASSED] - filialNum = filialNum + 1: null

16-10-2024T09:22:30 - [TEST_STEP][PASSED] - Script1718980020443.Numbers(a, typeOfData, todaysDate, pageInt, fileInt, pageDouble, fileDouble, dZO, dzoNum, filialNum): null

16-10-2024T09:22:30 - [TEST_STEP][PASSED] - println(dzoNum): null

16-10-2024T09:22:30 - [TEST_STEP][PASSED] - planFact = <not implemented yet for class: org.codehaus.groovy.ast.expr.EmptyExpression>: null

16-10-2024T09:22:30 - [TEST_STEP][PASSED] - page = <not implemented yet for class: org.codehaus.groovy.ast.expr.EmptyExpression>: null

16-10-2024T09:22:30 - [TEST_STEP][PASSED] - page1 = <not implemented yet for class: org.codehaus.groovy.ast.expr.EmptyExpression>: null

16-10-2024T09:22:30 - [TEST_STEP][PASSED] - page2 = <not implemented yet for class: org.codehaus.groovy.ast.expr.EmptyExpression>: null

16-10-2024T09:22:30 - [TEST_STEP][PASSED] - filialNumberInRow = <not implemented yet for class: org.codehaus.groovy.ast.expr.EmptyExpression>: null

16-10-2024T09:22:30 - [TEST_STEP][PASSED] - filialsDzoNames = <not implemented yet for class: org.codehaus.groovy.ast.expr.EmptyExpression>: null

16-10-2024T09:22:30 - [TEST_STEP][PASSED] - numberOfFilials = <not implemented yet for class: org.codehaus.groovy.ast.expr.EmptyExpression>: null

16-10-2024T09:22:30 - [TEST_STEP][PASSED] - numberOfSpaces = <not implemented yet for class: org.codehaus.groovy.ast.expr.EmptyExpression>: null

16-10-2024T09:22:30 - [TEST_STEP][PASSED] - file = <not implemented yet for class: org.codehaus.groovy.ast.expr.EmptyExpression>: null

16-10-2024T09:22:30 - [TEST_STEP][PASSED] - otpusk = <not implemented yet for class: org.codehaus.groovy.ast.expr.EmptyExpression>: null

16-10-2024T09:22:30 - [TEST_STEP][PASSED] - poteri = <not implemented yet for class: org.codehaus.groovy.ast.expr.EmptyExpression>: null

16-10-2024T09:22:30 - [TEST_STEP][PASSED] - dataFolder = "Выполнение бизнес-плана/Значения со страницы Выполнение бизнес-плана/": null

16-10-2024T09:22:30 - [TEST_STEP][PASSED] - path = <not implemented yet for class: org.codehaus.groovy.ast.expr.EmptyExpression>: null

16-10-2024T09:22:30 - [TEST_STEP][PASSED] - typeOfDataMain = <not implemented yet for class: org.codehaus.groovy.ast.expr.EmptyExpression>: null

16-10-2024T09:22:30 - [TEST_STEP][PASSED] - fileOtpuskVSet = <not implemented yet for class: org.codehaus.groovy.ast.expr.EmptyExpression>: null

16-10-2024T09:22:30 - [TEST_STEP][PASSED] - pageOtpuskVSet = <not implemented yet for class: org.codehaus.groovy.ast.expr.EmptyExpression>: null

16-10-2024T09:22:30 - [TEST_STEP][PASSED] - filePoteri = <not implemented yet for class: org.codehaus.groovy.ast.expr.EmptyExpression>: null

16-10-2024T09:22:30 - [TEST_STEP][PASSED] - pagePoteri = <not implemented yet for class: org.codehaus.groovy.ast.expr.EmptyExpression>: null

16-10-2024T09:22:30 - [TEST_STEP][PASSED] - compare = <not implemented yet for class: org.codehaus.groovy.ast.expr.EmptyExpression>: null

16-10-2024T09:22:30 - [TEST_STEP][PASSED] - b = <not implemented yet for class: org.codehaus.groovy.ast.expr.EmptyExpression>: null

16-10-2024T09:22:30 - [TEST_STEP][PASSED] - i = <not implemented yet for class: org.codehaus.groovy.ast.expr.EmptyExpression>: null

16-10-2024T09:22:30 - [TEST_STEP][PASSED] - ii = <not implemented yet for class: org.codehaus.groovy.ast.expr.EmptyExpression>: null

16-10-2024T09:22:30 - [TEST_STEP][PASSED] - c = <not implemented yet for class: org.codehaus.groovy.ast.expr.EmptyExpression>: null

16-10-2024T09:22:30 - [TEST_STEP][PASSED] - numberOfErrors = 0: null

16-10-2024T09:22:30 - [TEST_STEP][PASSED] - if (a == 82): null

16-10-2024T09:22:30 - [TEST_STEP][PASSED] - b = findTestData("PlanFact").getValue(1, a): null

16-10-2024T09:22:30 - [TEST_STEP][PASSED] - i = b.indexOf(" (ГК)"): null

16-10-2024T09:22:30 - [TEST_STEP][PASSED] - if (i > -1): null

16-10-2024T09:22:30 - [TEST_STEP][PASSED] - i = b.indexOf("О ""): null

16-10-2024T09:22:30 - [TEST_STEP][PASSED] - if (i > -1): null

16-10-2024T09:22:30 - [TEST_STEP][PASSED] - i = b.indexOf("О «"): null

16-10-2024T09:22:30 - [TEST_STEP][PASSED] - if (i > -1): null

16-10-2024T09:22:30 - [TEST_STEP][PASSED] - i = b.indexOf("г. "): null

16-10-2024T09:22:30 - [TEST_STEP][PASSED] - if (i > -1): null

16-10-2024T09:22:30 - [TEST_STEP][PASSED] - println(b): null

16-10-2024T09:22:30 - [TEST_STEP][PASSED] - for ([planFact = 1, planFact < 3, (planFact++)]): null

16-10-2024T09:22:30 - [TEST_STEP][PASSED] - if (planFact == 1): null

16-10-2024T09:22:30 - [TEST_STEP][PASSED] - typeOfDataMain = "Факт": null

16-10-2024T09:22:30 - [TEST_STEP][PASSED] - otpusk = findTestData("PlanFact").getValue(5, a): null

16-10-2024T09:22:31 - [TEST_STEP][PASSED] - poteri = findTestData("PlanFact").getValue(6, a): null

16-10-2024T09:22:31 - [TEST_STEP][PASSED] - otpusk = otpusk.replaceAll("\s+", ""): null

16-10-2024T09:22:31 - [TEST_STEP][PASSED] - poteri = poteri.replaceAll("\s+", ""): null

16-10-2024T09:22:31 - [TEST_STEP][PASSED] - typeOfData = typeOfDataMain + " Отпуск в сеть": null

16-10-2024T09:22:31 - [TEST_STEP][PASSED] - if (a == 82): null

16-10-2024T09:22:31 - [TEST_STEP][PASSED] - else if (a == 84): null

16-10-2024T09:22:31 - [TEST_STEP][PASSED] - else if (a == 52 || a == 72 || a == 28 || a == 73 || a == 77 || a == 74 || a == 65 || a == 36 || a == 44 || a == 53 || a == 80 || a == 54 || a == 1 || a == 18 || a == 59 || a == 81): null

16-10-2024T09:22:31 - [TEST_STEP][PASSED] - else: null

16-10-2024T09:22:31 - [TEST_STEP][PASSED] - path = dataFolder + typeOfData + " за отчётный период " + b: null

16-10-2024T09:22:31 - [TEST_STEP][PASSED] - println(path): null

16-10-2024T09:22:31 - [TEST_STEP][PASSED] - page = getText(findTestObject(path)): Text of object 'Object Repository/Выполнение бизнес-плана/Значения со страницы Выполнение бизнес-плана/Факт Отпуск в сеть за отчётный период Мариэнерго' is: '1 321 334'

16-10-2024T09:22:31 - [MESSAGE][PASSED] - Text of object 'Object Repository/Выполнение бизнес-плана/Значения со страницы Выполнение бизнес-плана/Факт Отпуск в сеть за отчётный период Мариэнерго' is: '1 321 334'

16-10-2024T09:22:31 - [TEST_STEP][PASSED] - page = page.replaceAll("\s+", ""): null

16-10-2024T09:22:31 - [TEST_STEP][PASSED] - fileOtpuskVSet = otpusk.toInteger(): null

16-10-2024T09:22:31 - [TEST_STEP][PASSED] - pageOtpuskVSet = page.toInteger(): null

16-10-2024T09:22:31 - [TEST_STEP][PASSED] - typeOfData = typeOfDataMain + " Потери": null

16-10-2024T09:22:31 - [TEST_STEP][PASSED] - if (a == 82): null

16-10-2024T09:22:31 - [TEST_STEP][PASSED] - else if (a == 84): null

16-10-2024T09:22:31 - [TEST_STEP][PASSED] - else if (a == 52 || a == 72 || a == 28 || a == 73 || a == 77 || a == 74 || a == 65 || a == 36 || a == 44 || a == 53 || a == 80 || a == 54 || a == 1 || a == 18 || a == 59 || a == 81): null

16-10-2024T09:22:31 - [TEST_STEP][PASSED] - else: null

16-10-2024T09:22:31 - [TEST_STEP][PASSED] - path = dataFolder + typeOfData + " за отчётный период " + b: null

16-10-2024T09:22:31 - [TEST_STEP][PASSED] - page = getText(findTestObject(path)): Text of object 'Object Repository/Выполнение бизнес-плана/Значения со страницы Выполнение бизнес-плана/Факт Потери за отчётный период Мариэнерго' is: '103 617'

16-10-2024T09:22:31 - [MESSAGE][PASSED] - Text of object 'Object Repository/Выполнение бизнес-плана/Значения со страницы Выполнение бизнес-плана/Факт Потери за отчётный период Мариэнерго' is: '103 617'

16-10-2024T09:22:31 - [TEST_STEP][PASSED] - page = page.replaceAll("\s+", ""): null

16-10-2024T09:22:31 - [TEST_STEP][PASSED] - filePoteri = poteri.toInteger(): null

16-10-2024T09:22:31 - [TEST_STEP][PASSED] - pagePoteri = page.toInteger(): null

16-10-2024T09:22:31 - [TEST_STEP][PASSED] - compare = pageOtpuskVSet: null

16-10-2024T09:22:31 - [TEST_STEP][PASSED] - if (compare == fileOtpuskVSet): null

16-10-2024T09:22:31 - [TEST_STEP][PASSED] - else if (compare > fileOtpuskVSet): null

16-10-2024T09:22:31 - [TEST_STEP][PASSED] - compare = compare - 1: null

16-10-2024T09:22:31 - [TEST_STEP][PASSED] - if (compare == fileOtpuskVSet): null

16-10-2024T09:22:31 - [TEST_STEP][PASSED] - else: null

16-10-2024T09:22:31 - [TEST_STEP][PASSED] - numberOfErrors = numberOfErrors + 1: null

16-10-2024T09:22:31 - [TEST_STEP][PASSED] - pageInt = pageOtpuskVSet: null

16-10-2024T09:22:31 - [TEST_STEP][PASSED] - fileInt = fileOtpuskVSet: null

16-10-2024T09:22:31 - [TEST_STEP][PASSED] - typeOfData = typeOfDataMain + " Отпуск в сеть": null

16-10-2024T09:22:31 - [TEST_STEP][PASSED] - Script1718980020443.WriteToExcel(a, typeOfData, todaysDate, pageInt, fileInt, pageDouble, fileDouble, dZO): null

16-10-2024T09:22:31 - [TEST_STEP][PASSED] - sheetName = "Sheet1": null

16-10-2024T09:22:31 - [TEST_STEP][PASSED] - data = findTestData("PlanFact"): null

16-10-2024T09:22:31 - [TEST_STEP][PASSED] - n = data.getRowNumbers() + 1: null

16-10-2024T09:22:31 - [TEST_STEP][PASSED] - year = todaysDate.substring(todaysDate.length() - 4, todaysDate.length()): null

16-10-2024T09:22:31 - [TEST_STEP][PASSED] - y = year.toInteger(): null

16-10-2024T09:22:31 - [TEST_STEP][PASSED] - m = getText(findTestObject("Выполнение бизнес-плана/Период")): Text of object 'Object Repository/Выполнение бизнес-плана/Период' is: '1, 2 кв., Июль, Август 2024 года'

16-10-2024T09:22:32 - [MESSAGE][PASSED] - Text of object 'Object Repository/Выполнение бизнес-плана/Период' is: '1, 2 кв., Июль, Август 2024 года'

16-10-2024T09:22:32 - [TEST_STEP][PASSED] - m = m.substring(0, m.indexOf("2024")): null

16-10-2024T09:22:32 - [TEST_STEP][PASSED] - m = m.trim(): null

16-10-2024T09:22:32 - [TEST_STEP][PASSED] - dashboardName = "Выполнение бизнес-плана": null

16-10-2024T09:22:32 - [TEST_STEP][PASSED] - workbook01 = getWorkbook(excelFilePath): null

16-10-2024T09:22:32 - [TEST_STEP][PASSED] - sheet01 = getExcelSheet(workbook01, sheetName): null

16-10-2024T09:22:32 - [TEST_STEP][PASSED] - setValueToCellByIndex(sheet01, n, 0, dashboardName): null

16-10-2024T09:22:32 - [TEST_STEP][PASSED] - setValueToCellByIndex(sheet01, n, 1, dZO): null

16-10-2024T09:22:32 - [TEST_STEP][PASSED] - setValueToCellByIndex(sheet01, n, 2, typeOfData): null

16-10-2024T09:22:32 - [TEST_STEP][PASSED] - if (typeOfData == "Факт в процентах" || typeOfData == "План в процентах"): null

16-10-2024T09:22:32 - [TEST_STEP][PASSED] - else: null

16-10-2024T09:22:32 - [TEST_STEP][PASSED] - setValueToCellByIndex(sheet01, n, 3, fileInt): null

16-10-2024T09:22:32 - [TEST_STEP][PASSED] - setValueToCellByIndex(sheet01, n, 4, pageInt): null

16-10-2024T09:22:32 - [TEST_STEP][PASSED] - setValueToCellByIndex(sheet01, n, 5, m): null

16-10-2024T09:22:32 - [TEST_STEP][PASSED] - setValueToCellByIndex(sheet01, n, 6, y): null

16-10-2024T09:22:32 - [TEST_STEP][PASSED] - setValueToCellByIndex(sheet01, n, 7, todaysDate): null

16-10-2024T09:22:32 - [TEST_STEP][PASSED] - n = n + 1: null

16-10-2024T09:22:32 - [TEST_STEP][PASSED] - saveWorkbook(excelFilePath, workbook01): null

16-10-2024T09:22:32 - [TEST_STEP][PASSED] - compare = pagePoteri: null

16-10-2024T09:22:32 - [TEST_STEP][PASSED] - if (compare == filePoteri): null

16-10-2024T09:22:32 - [TEST_STEP][PASSED] - else if (compare > filePoteri): null

16-10-2024T09:22:32 - [TEST_STEP][PASSED] - compare = compare - 1: null

16-10-2024T09:22:32 - [TEST_STEP][PASSED] - if (compare == filePoteri): null

16-10-2024T09:22:32 - [TEST_STEP][PASSED] - else: null

16-10-2024T09:22:32 - [TEST_STEP][PASSED] - numberOfErrors = numberOfErrors + 1: null

16-10-2024T09:22:32 - [TEST_STEP][PASSED] - pageInt = pagePoteri: null

16-10-2024T09:22:32 - [TEST_STEP][PASSED] - fileInt = filePoteri: null

16-10-2024T09:22:32 - [TEST_STEP][PASSED] - typeOfData = typeOfDataMain + " Потери": null

16-10-2024T09:22:32 - [TEST_STEP][PASSED] - Script1718980020443.WriteToExcel(a, typeOfData, todaysDate, pageInt, fileInt, pageDouble, fileDouble, dZO): null

16-10-2024T09:22:32 - [TEST_STEP][PASSED] - sheetName = "Sheet1": null

16-10-2024T09:22:32 - [TEST_STEP][PASSED] - data = findTestData("PlanFact"): null

16-10-2024T09:22:32 - [TEST_STEP][PASSED] - n = data.getRowNumbers() + 1: null

16-10-2024T09:22:32 - [TEST_STEP][PASSED] - year = todaysDate.substring(todaysDate.length() - 4, todaysDate.length()): null

16-10-2024T09:22:32 - [TEST_STEP][PASSED] - y = year.toInteger(): null

16-10-2024T09:22:32 - [TEST_STEP][PASSED] - m = getText(findTestObject("Выполнение бизнес-плана/Период")): Text of object 'Object Repository/Выполнение бизнес-плана/Период' is: '1, 2 кв., Июль, Август 2024 года'

16-10-2024T09:22:32 - [MESSAGE][PASSED] - Text of object 'Object Repository/Выполнение бизнес-плана/Период' is: '1, 2 кв., Июль, Август 2024 года'

16-10-2024T09:22:32 - [TEST_STEP][PASSED] - m = m.substring(0, m.indexOf("2024")): null

16-10-2024T09:22:32 - [TEST_STEP][PASSED] - m = m.trim(): null

16-10-2024T09:22:32 - [TEST_STEP][PASSED] - dashboardName = "Выполнение бизнес-плана": null

16-10-2024T09:22:32 - [TEST_STEP][PASSED] - workbook01 = getWorkbook(excelFilePath): null

16-10-2024T09:22:32 - [TEST_STEP][PASSED] - sheet01 = getExcelSheet(workbook01, sheetName): null

16-10-2024T09:22:32 - [TEST_STEP][PASSED] - setValueToCellByIndex(sheet01, n, 0, dashboardName): null

16-10-2024T09:22:32 - [TEST_STEP][PASSED] - setValueToCellByIndex(sheet01, n, 1, dZO): null

16-10-2024T09:22:32 - [TEST_STEP][PASSED] - setValueToCellByIndex(sheet01, n, 2, typeOfData): null

16-10-2024T09:22:32 - [TEST_STEP][PASSED] - if (typeOfData == "Факт в процентах" || typeOfData == "План в процентах"): null

16-10-2024T09:22:32 - [TEST_STEP][PASSED] - else: null

16-10-2024T09:22:32 - [TEST_STEP][PASSED] - setValueToCellByIndex(sheet01, n, 3, fileInt): null

16-10-2024T09:22:32 - [TEST_STEP][PASSED] - setValueToCellByIndex(sheet01, n, 4, pageInt): null

16-10-2024T09:22:32 - [TEST_STEP][PASSED] - setValueToCellByIndex(sheet01, n, 5, m): null

16-10-2024T09:22:32 - [TEST_STEP][PASSED] - setValueToCellByIndex(sheet01, n, 6, y): null

16-10-2024T09:22:32 - [TEST_STEP][PASSED] - setValueToCellByIndex(sheet01, n, 7, todaysDate): null

16-10-2024T09:22:32 - [TEST_STEP][PASSED] - n = n + 1: null

16-10-2024T09:22:32 - [TEST_STEP][PASSED] - saveWorkbook(excelFilePath, workbook01): null

16-10-2024T09:22:33 - [TEST_STEP][PASSED] - if (planFact == 2): null

16-10-2024T09:22:33 - [TEST_STEP][PASSED] - if (planFact == 1): null

16-10-2024T09:22:33 - [TEST_STEP][PASSED] - else if (planFact == 2): null

16-10-2024T09:22:33 - [TEST_STEP][PASSED] - click(findTestObject("Выполнение бизнес-плана/Кнопка План")): Object: 'Object Repository/Выполнение бизнес-плана/Кнопка План' is clicked on

16-10-2024T09:22:33 - [MESSAGE][PASSED] - Object: 'Object Repository/Выполнение бизнес-плана/Кнопка План' is clicked on

16-10-2024T09:22:33 - [TEST_STEP][PASSED] - typeOfDataMain = "План": null

16-10-2024T09:22:33 - [TEST_STEP][PASSED] - otpusk = findTestData("PlanFact").getValue(2, a): null

16-10-2024T09:22:33 - [TEST_STEP][PASSED] - poteri = findTestData("PlanFact").getValue(3, a): null

16-10-2024T09:22:33 - [TEST_STEP][PASSED] - otpusk = otpusk.replaceAll("\s+", ""): null

16-10-2024T09:22:33 - [TEST_STEP][PASSED] - poteri = poteri.replaceAll("\s+", ""): null

16-10-2024T09:22:33 - [TEST_STEP][PASSED] - typeOfData = typeOfDataMain + " Отпуск в сеть": null

16-10-2024T09:22:33 - [TEST_STEP][PASSED] - if (a == 82): null

16-10-2024T09:22:33 - [TEST_STEP][PASSED] - else if (a == 84): null

16-10-2024T09:22:33 - [TEST_STEP][PASSED] - else if (a == 52 || a == 72 || a == 28 || a == 73 || a == 77 || a == 74 || a == 65 || a == 36 || a == 44 || a == 53 || a == 80 || a == 54 || a == 1 || a == 18 || a == 59 || a == 81): null

16-10-2024T09:22:33 - [TEST_STEP][PASSED] - else: null

16-10-2024T09:22:33 - [TEST_STEP][PASSED] - path = dataFolder + typeOfData + " за отчётный период " + b: null

16-10-2024T09:22:33 - [TEST_STEP][PASSED] - println(path): null

16-10-2024T09:22:33 - [TEST_STEP][PASSED] - page = getText(findTestObject(path)): Text of object 'Object Repository/Выполнение бизнес-плана/Значения со страницы Выполнение бизнес-плана/План Отпуск в сеть за отчётный период Мариэнерго' is: '1 260 073'

16-10-2024T09:22:33 - [MESSAGE][PASSED] - Text of object 'Object Repository/Выполнение бизнес-плана/Значения со страницы Выполнение бизнес-плана/План Отпуск в сеть за отчётный период Мариэнерго' is: '1 260 073'

16-10-2024T09:22:33 - [TEST_STEP][PASSED] - page = page.replaceAll("\s+", ""): null

16-10-2024T09:22:33 - [TEST_STEP][PASSED] - fileOtpuskVSet = otpusk.toInteger(): null

16-10-2024T09:22:33 - [TEST_STEP][PASSED] - pageOtpuskVSet = page.toInteger(): null

16-10-2024T09:22:33 - [TEST_STEP][PASSED] - typeOfData = typeOfDataMain + " Потери": null

16-10-2024T09:22:33 - [TEST_STEP][PASSED] - if (a == 82): null

16-10-2024T09:22:33 - [TEST_STEP][PASSED] - else if (a == 84): null

16-10-2024T09:22:33 - [TEST_STEP][PASSED] - else if (a == 52 || a == 72 || a == 28 || a == 73 || a == 77 || a == 74 || a == 65 || a == 36 || a == 44 || a == 53 || a == 80 || a == 54 || a == 1 || a == 18 || a == 59 || a == 81): null

16-10-2024T09:22:33 - [TEST_STEP][PASSED] - else: null

16-10-2024T09:22:33 - [TEST_STEP][PASSED] - path = dataFolder + typeOfData + " за отчётный период " + b: null

16-10-2024T09:22:33 - [TEST_STEP][PASSED] - page = getText(findTestObject(path)): Text of object 'Object Repository/Выполнение бизнес-плана/Значения со страницы Выполнение бизнес-плана/План Потери за отчётный период Мариэнерго' is: '101 752'

16-10-2024T09:22:34 - [MESSAGE][PASSED] - Text of object 'Object Repository/Выполнение бизнес-плана/Значения со страницы Выполнение бизнес-плана/План Потери за отчётный период Мариэнерго' is: '101 752'

16-10-2024T09:22:34 - [TEST_STEP][PASSED] - page = page.replaceAll("\s+", ""): null

16-10-2024T09:22:34 - [TEST_STEP][PASSED] - filePoteri = poteri.toInteger(): null

16-10-2024T09:22:34 - [TEST_STEP][PASSED] - pagePoteri = page.toInteger(): null

16-10-2024T09:22:34 - [TEST_STEP][PASSED] - compare = pageOtpuskVSet: null

16-10-2024T09:22:34 - [TEST_STEP][PASSED] - if (compare == fileOtpuskVSet): null

16-10-2024T09:22:34 - [TEST_STEP][PASSED] - else if (compare > fileOtpuskVSet): null

16-10-2024T09:22:34 - [TEST_STEP][PASSED] - compare = compare - 1: null

16-10-2024T09:22:34 - [TEST_STEP][PASSED] - if (compare == fileOtpuskVSet): null

16-10-2024T09:22:34 - [TEST_STEP][PASSED] - else: null

16-10-2024T09:22:34 - [TEST_STEP][PASSED] - numberOfErrors = numberOfErrors + 1: null

16-10-2024T09:22:34 - [TEST_STEP][PASSED] - pageInt = pageOtpuskVSet: null

16-10-2024T09:22:34 - [TEST_STEP][PASSED] - fileInt = fileOtpuskVSet: null

16-10-2024T09:22:34 - [TEST_STEP][PASSED] - typeOfData = typeOfDataMain + " Отпуск в сеть": null

16-10-2024T09:22:34 - [TEST_STEP][PASSED] - Script1718980020443.WriteToExcel(a, typeOfData, todaysDate, pageInt, fileInt, pageDouble, fileDouble, dZO): null

16-10-2024T09:22:34 - [TEST_STEP][PASSED] - sheetName = "Sheet1": null

16-10-2024T09:22:34 - [TEST_STEP][PASSED] - data = findTestData("PlanFact"): null

16-10-2024T09:22:34 - [TEST_STEP][PASSED] - n = data.getRowNumbers() + 1: null

16-10-2024T09:22:34 - [TEST_STEP][PASSED] - year = todaysDate.substring(todaysDate.length() - 4, todaysDate.length()): null

16-10-2024T09:22:34 - [TEST_STEP][PASSED] - y = year.toInteger(): null

16-10-2024T09:22:34 - [TEST_STEP][PASSED] - m = getText(findTestObject("Выполнение бизнес-плана/Период")): Text of object 'Object Repository/Выполнение бизнес-плана/Период' is: '1, 2 кв., Июль, Август 2024 года'

16-10-2024T09:22:34 - [MESSAGE][PASSED] - Text of object 'Object Repository/Выполнение бизнес-плана/Период' is: '1, 2 кв., Июль, Август 2024 года'

16-10-2024T09:22:34 - [TEST_STEP][PASSED] - m = m.substring(0, m.indexOf("2024")): null

16-10-2024T09:22:34 - [TEST_STEP][PASSED] - m = m.trim(): null

16-10-2024T09:22:34 - [TEST_STEP][PASSED] - dashboardName = "Выполнение бизнес-плана": null

16-10-2024T09:22:34 - [TEST_STEP][PASSED] - workbook01 = getWorkbook(excelFilePath): null

16-10-2024T09:22:34 - [TEST_STEP][PASSED] - sheet01 = getExcelSheet(workbook01, sheetName): null

16-10-2024T09:22:34 - [TEST_STEP][PASSED] - setValueToCellByIndex(sheet01, n, 0, dashboardName): null

16-10-2024T09:22:34 - [TEST_STEP][PASSED] - setValueToCellByIndex(sheet01, n, 1, dZO): null

16-10-2024T09:22:34 - [TEST_STEP][PASSED] - setValueToCellByIndex(sheet01, n, 2, typeOfData): null

16-10-2024T09:22:34 - [TEST_STEP][PASSED] - if (typeOfData == "Факт в процентах" || typeOfData == "План в процентах"): null

16-10-2024T09:22:34 - [TEST_STEP][PASSED] - else: null

16-10-2024T09:22:34 - [TEST_STEP][PASSED] - setValueToCellByIndex(sheet01, n, 3, fileInt): null

16-10-2024T09:22:34 - [TEST_STEP][PASSED] - setValueToCellByIndex(sheet01, n, 4, pageInt): null

16-10-2024T09:22:34 - [TEST_STEP][PASSED] - setValueToCellByIndex(sheet01, n, 5, m): null

16-10-2024T09:22:34 - [TEST_STEP][PASSED] - setValueToCellByIndex(sheet01, n, 6, y): null

16-10-2024T09:22:34 - [TEST_STEP][PASSED] - setValueToCellByIndex(sheet01, n, 7, todaysDate): null

16-10-2024T09:22:34 - [TEST_STEP][PASSED] - n = n + 1: null

16-10-2024T09:22:34 - [TEST_STEP][PASSED] - saveWorkbook(excelFilePath, workbook01): null

16-10-2024T09:22:34 - [TEST_STEP][PASSED] - compare = pagePoteri: null

16-10-2024T09:22:34 - [TEST_STEP][PASSED] - if (compare == filePoteri): null

16-10-2024T09:22:34 - [TEST_STEP][PASSED] - else if (compare > filePoteri): null

16-10-2024T09:22:34 - [TEST_STEP][PASSED] - compare = compare - 1: null

16-10-2024T09:22:34 - [TEST_STEP][PASSED] - if (compare == filePoteri): null

16-10-2024T09:22:34 - [TEST_STEP][PASSED] - else: null

16-10-2024T09:22:34 - [TEST_STEP][PASSED] - numberOfErrors = numberOfErrors + 1: null

16-10-2024T09:22:34 - [TEST_STEP][PASSED] - pageInt = pagePoteri: null

16-10-2024T09:22:34 - [TEST_STEP][PASSED] - fileInt = filePoteri: null

16-10-2024T09:22:34 - [TEST_STEP][PASSED] - typeOfData = typeOfDataMain + " Потери": null

16-10-2024T09:22:34 - [TEST_STEP][PASSED] - Script1718980020443.WriteToExcel(a, typeOfData, todaysDate, pageInt, fileInt, pageDouble, fileDouble, dZO): null

16-10-2024T09:22:34 - [TEST_STEP][PASSED] - sheetName = "Sheet1": null

16-10-2024T09:22:34 - [TEST_STEP][PASSED] - data = findTestData("PlanFact"): null

16-10-2024T09:22:34 - [TEST_STEP][PASSED] - n = data.getRowNumbers() + 1: null

16-10-2024T09:22:34 - [TEST_STEP][PASSED] - year = todaysDate.substring(todaysDate.length() - 4, todaysDate.length()): null

16-10-2024T09:22:34 - [TEST_STEP][PASSED] - y = year.toInteger(): null

16-10-2024T09:22:34 - [TEST_STEP][PASSED] - m = getText(findTestObject("Выполнение бизнес-плана/Период")): Text of object 'Object Repository/Выполнение бизнес-плана/Период' is: '1, 2 кв., Июль, Август 2024 года'

16-10-2024T09:22:35 - [MESSAGE][PASSED] - Text of object 'Object Repository/Выполнение бизнес-плана/Период' is: '1, 2 кв., Июль, Август 2024 года'

16-10-2024T09:22:35 - [TEST_STEP][PASSED] - m = m.substring(0, m.indexOf("2024")): null

16-10-2024T09:22:35 - [TEST_STEP][PASSED] - m = m.trim(): null

16-10-2024T09:22:35 - [TEST_STEP][PASSED] - dashboardName = "Выполнение бизнес-плана": null

16-10-2024T09:22:35 - [TEST_STEP][PASSED] - workbook01 = getWorkbook(excelFilePath): null

16-10-2024T09:22:35 - [TEST_STEP][PASSED] - sheet01 = getExcelSheet(workbook01, sheetName): null

16-10-2024T09:22:35 - [TEST_STEP][PASSED] - setValueToCellByIndex(sheet01, n, 0, dashboardName): null

16-10-2024T09:22:35 - [TEST_STEP][PASSED] - setValueToCellByIndex(sheet01, n, 1, dZO): null

16-10-2024T09:22:35 - [TEST_STEP][PASSED] - setValueToCellByIndex(sheet01, n, 2, typeOfData): null

16-10-2024T09:22:35 - [TEST_STEP][PASSED] - if (typeOfData == "Факт в процентах" || typeOfData == "План в процентах"): null

16-10-2024T09:22:35 - [TEST_STEP][PASSED] - else: null

16-10-2024T09:22:35 - [TEST_STEP][PASSED] - setValueToCellByIndex(sheet01, n, 3, fileInt): null

16-10-2024T09:22:35 - [TEST_STEP][PASSED] - setValueToCellByIndex(sheet01, n, 4, pageInt): null

16-10-2024T09:22:35 - [TEST_STEP][PASSED] - setValueToCellByIndex(sheet01, n, 5, m): null

16-10-2024T09:22:35 - [TEST_STEP][PASSED] - setValueToCellByIndex(sheet01, n, 6, y): null

16-10-2024T09:22:35 - [TEST_STEP][PASSED] - setValueToCellByIndex(sheet01, n, 7, todaysDate): null

16-10-2024T09:22:35 - [TEST_STEP][PASSED] - n = n + 1: null

16-10-2024T09:22:35 - [TEST_STEP][PASSED] - saveWorkbook(excelFilePath, workbook01): Object: 'Object Repository/Выполнение бизнес-плана/Кнопка Факт' is clicked on

16-10-2024T09:22:35 - [TEST_STEP][PASSED] - if (planFact == 2): Object: 'Object Repository/Выполнение бизнес-плана/Кнопка Факт' is clicked on

16-10-2024T09:22:35 - [TEST_STEP][PASSED] - click(findTestObject("Выполнение бизнес-плана/Кнопка Факт")): Object: 'Object Repository/Выполнение бизнес-плана/Кнопка Факт' is clicked on

16-10-2024T09:22:35 - [MESSAGE][PASSED] - Object: 'Object Repository/Выполнение бизнес-плана/Кнопка Факт' is clicked on

16-10-2024T09:22:35 - [TEST_STEP][PASSED] - if (a == 84 || a == 82): null

16-10-2024T09:22:35 - [TEST_STEP][PASSED] - else if (a == 52 || a == 72 || a == 28 || a == 73 || a == 77 || a == 74 || a == 65 || a == 36 || a == 44 || a == 53 || a == 80 || a == 54 || a == 1 || a == 18 || a == 59 || a == 81): null

16-10-2024T09:22:35 - [TEST_STEP][PASSED] - else: null

16-10-2024T09:22:35 - [TEST_STEP][PASSED] - page1 = getText(findTestObject("Object Repository/Выполнение бизнес-плана/spanPlan" + filialNum)): Text of object 'Object Repository/Выполнение бизнес-плана/spanPlan5' is: '8.08
|'

16-10-2024T09:22:36 - [MESSAGE][PASSED] - Text of object 'Object Repository/Выполнение бизнес-плана/spanPlan5' is: '8.08
|'

16-10-2024T09:22:36 - [TEST_STEP][PASSED] - page1 = page1.replace("|", ""): null

16-10-2024T09:22:36 - [TEST_STEP][PASSED] - page2 = getText(findTestObject("Object Repository/Выполнение бизнес-плана/spanFact" + filialNum)): Text of object 'Object Repository/Выполнение бизнес-плана/spanFact5' is: '7.84
|'

16-10-2024T09:22:36 - [MESSAGE][PASSED] - Text of object 'Object Repository/Выполнение бизнес-плана/spanFact5' is: '7.84
|'

16-10-2024T09:22:36 - [TEST_STEP][PASSED] - page2 = page2.replace("|", ""): null

16-10-2024T09:22:36 - [TEST_STEP][PASSED] - println("page1: " + page1): null

16-10-2024T09:22:36 - [TEST_STEP][PASSED] - println("page2: " + page2): null

16-10-2024T09:22:36 - [TEST_STEP][PASSED] - file = findTestData("PlanFact").getValue(4, a): null

16-10-2024T09:22:36 - [TEST_STEP][PASSED] - file = file.replace(",", "."): null

16-10-2024T09:22:36 - [TEST_STEP][PASSED] - println("file Plan: " + file): null

16-10-2024T09:22:36 - [TEST_STEP][PASSED] - typeOfData = "План в процентах": null

16-10-2024T09:22:36 - [TEST_STEP][PASSED] - fileDouble = file.toDouble(): null

16-10-2024T09:22:36 - [TEST_STEP][PASSED] - pageDouble = page1.toDouble(): null

16-10-2024T09:22:36 - [TEST_STEP][PASSED] - if (fileDouble != pageDouble): null

16-10-2024T09:22:36 - [TEST_STEP][PASSED] - numberOfErrors = numberOfErrors + 1: null

16-10-2024T09:22:36 - [TEST_STEP][PASSED] - Script1718980020443.WriteToExcel(a, typeOfData, todaysDate, pageInt, fileInt, pageDouble, fileDouble, dZO): null

16-10-2024T09:22:36 - [TEST_STEP][PASSED] - sheetName = "Sheet1": null

16-10-2024T09:22:36 - [TEST_STEP][PASSED] - data = findTestData("PlanFact"): null

16-10-2024T09:22:36 - [TEST_STEP][PASSED] - n = data.getRowNumbers() + 1: null

16-10-2024T09:22:36 - [TEST_STEP][PASSED] - year = todaysDate.substring(todaysDate.length() - 4, todaysDate.length()): null

16-10-2024T09:22:36 - [TEST_STEP][PASSED] - y = year.toInteger(): null

16-10-2024T09:23:01 - [TEST_STEP][PASSED] - m = getText(findTestObject("Выполнение бизнес-плана/Период")): Text of object 'Object Repository/Выполнение бизнес-плана/Период' is: '1, 2 кв., Июль, Август 2024 года'

16-10-2024T09:23:01 - [MESSAGE][PASSED] - Text of object 'Object Repository/Выполнение бизнес-плана/Период' is: '1, 2 кв., Июль, Август 2024 года'

16-10-2024T09:23:01 - [TEST_STEP][PASSED] - m = m.substring(0, m.indexOf("2024")): null

16-10-2024T09:23:01 - [TEST_STEP][PASSED] - m = m.trim(): null

16-10-2024T09:23:01 - [TEST_STEP][PASSED] - dashboardName = "Выполнение бизнес-плана": null

16-10-2024T09:23:01 - [TEST_STEP][PASSED] - workbook01 = getWorkbook(excelFilePath): null

16-10-2024T09:23:01 - [TEST_STEP][PASSED] - sheet01 = getExcelSheet(workbook01, sheetName): null

16-10-2024T09:23:01 - [TEST_STEP][PASSED] - setValueToCellByIndex(sheet01, n, 0, dashboardName): null

16-10-2024T09:23:01 - [TEST_STEP][PASSED] - setValueToCellByIndex(sheet01, n, 1, dZO): null

16-10-2024T09:23:01 - [TEST_STEP][PASSED] - setValueToCellByIndex(sheet01, n, 2, typeOfData): null

16-10-2024T09:23:01 - [TEST_STEP][PASSED] - if (typeOfData == "Факт в процентах" || typeOfData == "План в процентах"): null

16-10-2024T09:23:01 - [TEST_STEP][PASSED] - setValueToCellByIndex(sheet01, n, 3, fileDouble): null

16-10-2024T09:23:01 - [TEST_STEP][PASSED] - setValueToCellByIndex(sheet01, n, 4, pageDouble): null

16-10-2024T09:23:01 - [TEST_STEP][PASSED] - setValueToCellByIndex(sheet01, n, 5, m): null

16-10-2024T09:23:01 - [TEST_STEP][PASSED] - setValueToCellByIndex(sheet01, n, 6, y): null

16-10-2024T09:23:01 - [TEST_STEP][PASSED] - setValueToCellByIndex(sheet01, n, 7, todaysDate): null

16-10-2024T09:23:01 - [TEST_STEP][PASSED] - n = n + 1: null

16-10-2024T09:23:01 - [TEST_STEP][PASSED] - saveWorkbook(excelFilePath, workbook01): null

16-10-2024T09:23:01 - [TEST_STEP][PASSED] - file = findTestData("PlanFact").getValue(7, a): null

16-10-2024T09:23:01 - [TEST_STEP][PASSED] - file = file.replace(",", "."): null

16-10-2024T09:23:01 - [TEST_STEP][PASSED] - println("file Fact: " + file): null

16-10-2024T09:23:01 - [TEST_STEP][PASSED] - fileDouble = file.toDouble(): null

16-10-2024T09:23:01 - [TEST_STEP][PASSED] - typeOfData = "Факт в процентах": null

16-10-2024T09:23:01 - [TEST_STEP][PASSED] - fileDouble = file.toDouble(): null

16-10-2024T09:23:01 - [TEST_STEP][PASSED] - pageDouble = page2.toDouble(): null

16-10-2024T09:23:01 - [TEST_STEP][PASSED] - if (fileDouble != pageDouble): null

16-10-2024T09:23:01 - [TEST_STEP][PASSED] - numberOfErrors = numberOfErrors + 1: null

16-10-2024T09:23:01 - [TEST_STEP][PASSED] - Script1718980020443.WriteToExcel(a, typeOfData, todaysDate, pageInt, fileInt, pageDouble, fileDouble, dZO): null

16-10-2024T09:23:01 - [TEST_STEP][PASSED] - sheetName = "Sheet1": null

16-10-2024T09:23:01 - [TEST_STEP][PASSED] - data = findTestData("PlanFact"): null

16-10-2024T09:23:01 - [TEST_STEP][PASSED] - n = data.getRowNumbers() + 1: null

16-10-2024T09:23:01 - [TEST_STEP][PASSED] - year = todaysDate.substring(todaysDate.length() - 4, todaysDate.length()): null

16-10-2024T09:23:01 - [TEST_STEP][PASSED] - y = year.toInteger(): null

16-10-2024T09:23:01 - [TEST_STEP][PASSED] - m = getText(findTestObject("Выполнение бизнес-плана/Период")): Text of object 'Object Repository/Выполнение бизнес-плана/Период' is: '1, 2 кв., Июль, Август 2024 года'

16-10-2024T09:23:02 - [MESSAGE][PASSED] - Text of object 'Object Repository/Выполнение бизнес-плана/Период' is: '1, 2 кв., Июль, Август 2024 года'

16-10-2024T09:23:02 - [TEST_STEP][PASSED] - m = m.substring(0, m.indexOf("2024")): null

16-10-2024T09:23:02 - [TEST_STEP][PASSED] - m = m.trim(): null

16-10-2024T09:23:02 - [TEST_STEP][PASSED] - dashboardName = "Выполнение бизнес-плана": null

16-10-2024T09:23:02 - [TEST_STEP][PASSED] - workbook01 = getWorkbook(excelFilePath): null

16-10-2024T09:23:02 - [TEST_STEP][PASSED] - sheet01 = getExcelSheet(workbook01, sheetName): null

16-10-2024T09:23:02 - [TEST_STEP][PASSED] - setValueToCellByIndex(sheet01, n, 0, dashboardName): null

16-10-2024T09:23:02 - [TEST_STEP][PASSED] - setValueToCellByIndex(sheet01, n, 1, dZO): null

16-10-2024T09:23:02 - [TEST_STEP][PASSED] - setValueToCellByIndex(sheet01, n, 2, typeOfData): null

16-10-2024T09:23:02 - [TEST_STEP][PASSED] - if (typeOfData == "Факт в процентах" || typeOfData == "План в процентах"): null

16-10-2024T09:23:02 - [TEST_STEP][PASSED] - setValueToCellByIndex(sheet01, n, 3, fileDouble): null

16-10-2024T09:23:02 - [TEST_STEP][PASSED] - setValueToCellByIndex(sheet01, n, 4, pageDouble): null

16-10-2024T09:23:02 - [TEST_STEP][PASSED] - setValueToCellByIndex(sheet01, n, 5, m): null

16-10-2024T09:23:02 - [TEST_STEP][PASSED] - setValueToCellByIndex(sheet01, n, 6, y): null

16-10-2024T09:23:02 - [TEST_STEP][PASSED] - setValueToCellByIndex(sheet01, n, 7, todaysDate): null

16-10-2024T09:23:02 - [TEST_STEP][PASSED] - n = n + 1: null

16-10-2024T09:23:02 - [TEST_STEP][PASSED] - saveWorkbook(excelFilePath, workbook01): null

16-10-2024T09:23:02 - [TEST_STEP][FAILED] - if (verifyEqual(numberOfErrors, 0) == false): null

16-10-2024T09:23:02 - [MESSAGE][FAILED] - Unable to verify equal between actual object '6' and expected object '0' (Root cause: com.kms.katalon.core.exception.StepFailedException: Actual object '6' and expected object '0' are not equal
	at com.kms.katalon.core.keyword.builtin.VerifyEqualKeyword$_verifyEqual_closure1.doCall(VerifyEqualKeyword.groovy:58)
	at com.kms.katalon.core.keyword.builtin.VerifyEqualKeyword$_verifyEqual_closure1.call(VerifyEqualKeyword.groovy)
	at com.kms.katalon.core.keyword.internal.KeywordMain.runKeyword(KeywordMain.groovy:75)
	at com.kms.katalon.core.keyword.builtin.VerifyEqualKeyword.verifyEqual(VerifyEqualKeyword.groovy:63)
	at com.kms.katalon.core.keyword.builtin.VerifyEqualKeyword.execute(VerifyEqualKeyword.groovy:44)
	at com.kms.katalon.core.keyword.internal.KeywordExecutor.executeKeywordForPlatform(KeywordExecutor.groovy:74)
	at com.kms.katalon.core.keyword.BuiltinKeywords.verifyEqual(BuiltinKeywords.groovy:146)
	at jdk.internal.reflect.GeneratedMethodAccessor25.invoke(Unknown Source)
	at java.base/jdk.internal.reflect.DelegatingMethodAccessorImpl.invoke(DelegatingMethodAccessorImpl.java:43)
	at Выполнение бизнес-плана Сверка ПАО Россети все филиалы.Numbers(Выполнение бизнес-плана Сверка ПАО Россети все филиалы:749)
	at Выполнение бизнес-плана Сверка ПАО Россети все филиалы.Filials(Выполнение бизнес-плана Сверка ПАО Россети все филиалы:1398)
	at Выполнение бизнес-плана Сверка ПАО Россети все филиалы.Numbers(Выполнение бизнес-плана Сверка ПАО Россети все филиалы:754)
	at Выполнение бизнес-плана Сверка ПАО Россети все филиалы.run(Выполнение бизнес-плана Сверка ПАО Россети все филиалы:411)
	at com.kms.katalon.core.main.ScriptEngine.run(ScriptEngine.java:194)
	at com.kms.katalon.core.main.ScriptEngine.runScriptAsRawText(ScriptEngine.java:119)
	at com.kms.katalon.core.main.TestCaseExecutor.runScript(TestCaseExecutor.java:448)
	at com.kms.katalon.core.main.TestCaseExecutor.doExecute(TestCaseExecutor.java:439)
	at com.kms.katalon.core.main.TestCaseExecutor.processExecutionPhase(TestCaseExecutor.java:418)
	at com.kms.katalon.core.main.TestCaseExecutor.accessMainPhase(TestCaseExecutor.java:410)
	at com.kms.katalon.core.main.TestCaseExecutor.execute(TestCaseExecutor.java:285)
	at com.kms.katalon.core.common.CommonExecutor.accessTestCaseMainPhase(CommonExecutor.java:65)
	at com.kms.katalon.core.main.TestSuiteExecutor.accessTestSuiteMainPhase(TestSuiteExecutor.java:150)
	at com.kms.katalon.core.main.TestSuiteExecutor.execute(TestSuiteExecutor.java:106)
	at com.kms.katalon.core.main.TestCaseMain.startTestSuite(TestCaseMain.java:180)
	at TempTestSuite1729057289574.run(TempTestSuite1729057289574.groovy:35)
	at java.base/jdk.internal.reflect.NativeMethodAccessorImpl.invoke0(Native Method)
	at java.base/jdk.internal.reflect.NativeMethodAccessorImpl.invoke(NativeMethodAccessorImpl.java:77)
	at java.base/jdk.internal.reflect.DelegatingMethodAccessorImpl.invoke(DelegatingMethodAccessorImpl.java:43)
)

16-10-2024T09:23:02 - [TEST_STEP][PASSED] - println(numberOfErrors): null

16-10-2024T09:23:02 - [TEST_STEP][PASSED] - if (a == 28 || a == 77 || a == 74 || a == 65 || a == 36 || a == 44 || a == 54 || a == 1 || a == 18 || a == 59): null

16-10-2024T09:23:02 - [TEST_STEP][PASSED] - if (a == 82): null

16-10-2024T09:23:02 - [TEST_STEP][PASSED] - dZO = "Нижновэнерго": null

16-10-2024T09:23:02 - [TEST_STEP][PASSED] - a = 24: null

16-10-2024T09:23:02 - [TEST_STEP][PASSED] - if (x2.contains(dZO)): null

16-10-2024T09:23:02 - [TEST_STEP][PASSED] - filialNum = filialNum + 1: null

16-10-2024T09:23:02 - [TEST_STEP][PASSED] - Script1718980020443.Numbers(a, typeOfData, todaysDate, pageInt, fileInt, pageDouble, fileDouble, dZO, dzoNum, filialNum): null

16-10-2024T09:23:02 - [TEST_STEP][PASSED] - println(dzoNum): null

16-10-2024T09:23:02 - [TEST_STEP][PASSED] - planFact = <not implemented yet for class: org.codehaus.groovy.ast.expr.EmptyExpression>: null

16-10-2024T09:23:02 - [TEST_STEP][PASSED] - page = <not implemented yet for class: org.codehaus.groovy.ast.expr.EmptyExpression>: null

16-10-2024T09:23:02 - [TEST_STEP][PASSED] - page1 = <not implemented yet for class: org.codehaus.groovy.ast.expr.EmptyExpression>: null

16-10-2024T09:23:02 - [TEST_STEP][PASSED] - page2 = <not implemented yet for class: org.codehaus.groovy.ast.expr.EmptyExpression>: null

16-10-2024T09:23:02 - [TEST_STEP][PASSED] - filialNumberInRow = <not implemented yet for class: org.codehaus.groovy.ast.expr.EmptyExpression>: null

16-10-2024T09:23:02 - [TEST_STEP][PASSED] - filialsDzoNames = <not implemented yet for class: org.codehaus.groovy.ast.expr.EmptyExpression>: null

16-10-2024T09:23:02 - [TEST_STEP][PASSED] - numberOfFilials = <not implemented yet for class: org.codehaus.groovy.ast.expr.EmptyExpression>: null

16-10-2024T09:23:02 - [TEST_STEP][PASSED] - numberOfSpaces = <not implemented yet for class: org.codehaus.groovy.ast.expr.EmptyExpression>: null

16-10-2024T09:23:02 - [TEST_STEP][PASSED] - file = <not implemented yet for class: org.codehaus.groovy.ast.expr.EmptyExpression>: null

16-10-2024T09:23:02 - [TEST_STEP][PASSED] - otpusk = <not implemented yet for class: org.codehaus.groovy.ast.expr.EmptyExpression>: null

16-10-2024T09:23:02 - [TEST_STEP][PASSED] - poteri = <not implemented yet for class: org.codehaus.groovy.ast.expr.EmptyExpression>: null

16-10-2024T09:23:02 - [TEST_STEP][PASSED] - dataFolder = "Выполнение бизнес-плана/Значения со страницы Выполнение бизнес-плана/": null

16-10-2024T09:23:02 - [TEST_STEP][PASSED] - path = <not implemented yet for class: org.codehaus.groovy.ast.expr.EmptyExpression>: null

16-10-2024T09:23:02 - [TEST_STEP][PASSED] - typeOfDataMain = <not implemented yet for class: org.codehaus.groovy.ast.expr.EmptyExpression>: null

16-10-2024T09:23:02 - [TEST_STEP][PASSED] - fileOtpuskVSet = <not implemented yet for class: org.codehaus.groovy.ast.expr.EmptyExpression>: null

16-10-2024T09:23:02 - [TEST_STEP][PASSED] - pageOtpuskVSet = <not implemented yet for class: org.codehaus.groovy.ast.expr.EmptyExpression>: null

16-10-2024T09:23:02 - [TEST_STEP][PASSED] - filePoteri = <not implemented yet for class: org.codehaus.groovy.ast.expr.EmptyExpression>: null

16-10-2024T09:23:02 - [TEST_STEP][PASSED] - pagePoteri = <not implemented yet for class: org.codehaus.groovy.ast.expr.EmptyExpression>: null

16-10-2024T09:23:02 - [TEST_STEP][PASSED] - compare = <not implemented yet for class: org.codehaus.groovy.ast.expr.EmptyExpression>: null

16-10-2024T09:23:02 - [TEST_STEP][PASSED] - b = <not implemented yet for class: org.codehaus.groovy.ast.expr.EmptyExpression>: null

16-10-2024T09:23:02 - [TEST_STEP][PASSED] - i = <not implemented yet for class: org.codehaus.groovy.ast.expr.EmptyExpression>: null

16-10-2024T09:23:02 - [TEST_STEP][PASSED] - ii = <not implemented yet for class: org.codehaus.groovy.ast.expr.EmptyExpression>: null

16-10-2024T09:23:02 - [TEST_STEP][PASSED] - c = <not implemented yet for class: org.codehaus.groovy.ast.expr.EmptyExpression>: null

16-10-2024T09:23:02 - [TEST_STEP][PASSED] - numberOfErrors = 0: null

16-10-2024T09:23:02 - [TEST_STEP][PASSED] - if (a == 82): null

16-10-2024T09:23:02 - [TEST_STEP][PASSED] - b = findTestData("PlanFact").getValue(1, a): null

16-10-2024T09:23:02 - [TEST_STEP][PASSED] - i = b.indexOf(" (ГК)"): null

16-10-2024T09:23:02 - [TEST_STEP][PASSED] - if (i > -1): null

16-10-2024T09:23:02 - [TEST_STEP][PASSED] - i = b.indexOf("О ""): null

16-10-2024T09:23:02 - [TEST_STEP][PASSED] - if (i > -1): null

16-10-2024T09:23:02 - [TEST_STEP][PASSED] - i = b.indexOf("О «"): null

16-10-2024T09:23:02 - [TEST_STEP][PASSED] - if (i > -1): null

16-10-2024T09:23:02 - [TEST_STEP][PASSED] - i = b.indexOf("г. "): null

16-10-2024T09:23:02 - [TEST_STEP][PASSED] - if (i > -1): null

16-10-2024T09:23:02 - [TEST_STEP][PASSED] - println(b): null

16-10-2024T09:23:02 - [TEST_STEP][PASSED] - for ([planFact = 1, planFact < 3, (planFact++)]): null

16-10-2024T09:23:02 - [TEST_STEP][PASSED] - if (planFact == 1): null

16-10-2024T09:23:02 - [TEST_STEP][PASSED] - typeOfDataMain = "Факт": null

16-10-2024T09:23:02 - [TEST_STEP][PASSED] - otpusk = findTestData("PlanFact").getValue(5, a): null

16-10-2024T09:23:02 - [TEST_STEP][PASSED] - poteri = findTestData("PlanFact").getValue(6, a): null

16-10-2024T09:23:02 - [TEST_STEP][PASSED] - otpusk = otpusk.replaceAll("\s+", ""): null

16-10-2024T09:23:02 - [TEST_STEP][PASSED] - poteri = poteri.replaceAll("\s+", ""): null

16-10-2024T09:23:02 - [TEST_STEP][PASSED] - typeOfData = typeOfDataMain + " Отпуск в сеть": null

16-10-2024T09:23:02 - [TEST_STEP][PASSED] - if (a == 82): null

16-10-2024T09:23:02 - [TEST_STEP][PASSED] - else if (a == 84): null

16-10-2024T09:23:02 - [TEST_STEP][PASSED] - else if (a == 52 || a == 72 || a == 28 || a == 73 || a == 77 || a == 74 || a == 65 || a == 36 || a == 44 || a == 53 || a == 80 || a == 54 || a == 1 || a == 18 || a == 59 || a == 81): null

16-10-2024T09:23:02 - [TEST_STEP][PASSED] - else: null

16-10-2024T09:23:02 - [TEST_STEP][PASSED] - path = dataFolder + typeOfData + " за отчётный период " + b: null

16-10-2024T09:23:02 - [TEST_STEP][PASSED] - println(path): null

16-10-2024T09:23:02 - [TEST_STEP][PASSED] - page = getText(findTestObject(path)): Text of object 'Object Repository/Выполнение бизнес-плана/Значения со страницы Выполнение бизнес-плана/Факт Отпуск в сеть за отчётный период Нижновэнерго' is: '8 458 714'

16-10-2024T09:23:03 - [MESSAGE][PASSED] - Text of object 'Object Repository/Выполнение бизнес-плана/Значения со страницы Выполнение бизнес-плана/Факт Отпуск в сеть за отчётный период Нижновэнерго' is: '8 458 714'

16-10-2024T09:23:03 - [TEST_STEP][PASSED] - page = page.replaceAll("\s+", ""): null

16-10-2024T09:23:03 - [TEST_STEP][PASSED] - fileOtpuskVSet = otpusk.toInteger(): null

16-10-2024T09:23:03 - [TEST_STEP][PASSED] - pageOtpuskVSet = page.toInteger(): null

16-10-2024T09:23:03 - [TEST_STEP][PASSED] - typeOfData = typeOfDataMain + " Потери": null

16-10-2024T09:23:03 - [TEST_STEP][PASSED] - if (a == 82): null

16-10-2024T09:23:03 - [TEST_STEP][PASSED] - else if (a == 84): null

16-10-2024T09:23:03 - [TEST_STEP][PASSED] - else if (a == 52 || a == 72 || a == 28 || a == 73 || a == 77 || a == 74 || a == 65 || a == 36 || a == 44 || a == 53 || a == 80 || a == 54 || a == 1 || a == 18 || a == 59 || a == 81): null

16-10-2024T09:23:03 - [TEST_STEP][PASSED] - else: null

16-10-2024T09:23:03 - [TEST_STEP][PASSED] - path = dataFolder + typeOfData + " за отчётный период " + b: null

16-10-2024T09:23:03 - [TEST_STEP][PASSED] - page = getText(findTestObject(path)): Text of object 'Object Repository/Выполнение бизнес-плана/Значения со страницы Выполнение бизнес-плана/Факт Потери за отчётный период Нижновэнерго' is: '722 156'

16-10-2024T09:23:03 - [MESSAGE][PASSED] - Text of object 'Object Repository/Выполнение бизнес-плана/Значения со страницы Выполнение бизнес-плана/Факт Потери за отчётный период Нижновэнерго' is: '722 156'

16-10-2024T09:23:03 - [TEST_STEP][PASSED] - page = page.replaceAll("\s+", ""): null

16-10-2024T09:23:03 - [TEST_STEP][PASSED] - filePoteri = poteri.toInteger(): null

16-10-2024T09:23:03 - [TEST_STEP][PASSED] - pagePoteri = page.toInteger(): null

16-10-2024T09:23:03 - [TEST_STEP][PASSED] - compare = pageOtpuskVSet: null

16-10-2024T09:23:03 - [TEST_STEP][PASSED] - if (compare == fileOtpuskVSet): null

16-10-2024T09:23:03 - [TEST_STEP][PASSED] - else if (compare > fileOtpuskVSet): null

16-10-2024T09:23:03 - [TEST_STEP][PASSED] - compare = compare - 1: null

16-10-2024T09:23:03 - [TEST_STEP][PASSED] - if (compare == fileOtpuskVSet): null

16-10-2024T09:23:03 - [TEST_STEP][PASSED] - else: null

16-10-2024T09:23:03 - [TEST_STEP][PASSED] - numberOfErrors = numberOfErrors + 1: null

16-10-2024T09:23:03 - [TEST_STEP][PASSED] - pageInt = pageOtpuskVSet: null

16-10-2024T09:23:03 - [TEST_STEP][PASSED] - fileInt = fileOtpuskVSet: null

16-10-2024T09:23:03 - [TEST_STEP][PASSED] - typeOfData = typeOfDataMain + " Отпуск в сеть": null

16-10-2024T09:23:03 - [TEST_STEP][PASSED] - Script1718980020443.WriteToExcel(a, typeOfData, todaysDate, pageInt, fileInt, pageDouble, fileDouble, dZO): null

16-10-2024T09:23:03 - [TEST_STEP][PASSED] - sheetName = "Sheet1": null

16-10-2024T09:23:03 - [TEST_STEP][PASSED] - data = findTestData("PlanFact"): null

16-10-2024T09:23:03 - [TEST_STEP][PASSED] - n = data.getRowNumbers() + 1: null

16-10-2024T09:23:03 - [TEST_STEP][PASSED] - year = todaysDate.substring(todaysDate.length() - 4, todaysDate.length()): null

16-10-2024T09:23:03 - [TEST_STEP][PASSED] - y = year.toInteger(): null

16-10-2024T09:23:03 - [TEST_STEP][PASSED] - m = getText(findTestObject("Выполнение бизнес-плана/Период")): Text of object 'Object Repository/Выполнение бизнес-плана/Период' is: '1, 2 кв., Июль, Август 2024 года'

16-10-2024T09:23:03 - [MESSAGE][PASSED] - Text of object 'Object Repository/Выполнение бизнес-плана/Период' is: '1, 2 кв., Июль, Август 2024 года'

16-10-2024T09:23:03 - [TEST_STEP][PASSED] - m = m.substring(0, m.indexOf("2024")): null

16-10-2024T09:23:03 - [TEST_STEP][PASSED] - m = m.trim(): null

16-10-2024T09:23:03 - [TEST_STEP][PASSED] - dashboardName = "Выполнение бизнес-плана": null

16-10-2024T09:23:03 - [TEST_STEP][PASSED] - workbook01 = getWorkbook(excelFilePath): null

16-10-2024T09:23:03 - [TEST_STEP][PASSED] - sheet01 = getExcelSheet(workbook01, sheetName): null

16-10-2024T09:23:03 - [TEST_STEP][PASSED] - setValueToCellByIndex(sheet01, n, 0, dashboardName): null

16-10-2024T09:23:03 - [TEST_STEP][PASSED] - setValueToCellByIndex(sheet01, n, 1, dZO): null

16-10-2024T09:23:03 - [TEST_STEP][PASSED] - setValueToCellByIndex(sheet01, n, 2, typeOfData): null

16-10-2024T09:23:03 - [TEST_STEP][PASSED] - if (typeOfData == "Факт в процентах" || typeOfData == "План в процентах"): null

16-10-2024T09:23:03 - [TEST_STEP][PASSED] - else: null

16-10-2024T09:23:03 - [TEST_STEP][PASSED] - setValueToCellByIndex(sheet01, n, 3, fileInt): null

16-10-2024T09:23:03 - [TEST_STEP][PASSED] - setValueToCellByIndex(sheet01, n, 4, pageInt): null

16-10-2024T09:23:03 - [TEST_STEP][PASSED] - setValueToCellByIndex(sheet01, n, 5, m): null

16-10-2024T09:23:03 - [TEST_STEP][PASSED] - setValueToCellByIndex(sheet01, n, 6, y): null

16-10-2024T09:23:03 - [TEST_STEP][PASSED] - setValueToCellByIndex(sheet01, n, 7, todaysDate): null

16-10-2024T09:23:03 - [TEST_STEP][PASSED] - n = n + 1: null

16-10-2024T09:23:03 - [TEST_STEP][PASSED] - saveWorkbook(excelFilePath, workbook01): null

16-10-2024T09:23:04 - [TEST_STEP][PASSED] - compare = pagePoteri: null

16-10-2024T09:23:04 - [TEST_STEP][PASSED] - if (compare == filePoteri): null

16-10-2024T09:23:04 - [TEST_STEP][PASSED] - else if (compare > filePoteri): null

16-10-2024T09:23:04 - [TEST_STEP][PASSED] - compare = compare - 1: null

16-10-2024T09:23:04 - [TEST_STEP][PASSED] - if (compare == filePoteri): null

16-10-2024T09:23:04 - [TEST_STEP][PASSED] - else: null

16-10-2024T09:23:04 - [TEST_STEP][PASSED] - numberOfErrors = numberOfErrors + 1: null

16-10-2024T09:23:04 - [TEST_STEP][PASSED] - pageInt = pagePoteri: null

16-10-2024T09:23:04 - [TEST_STEP][PASSED] - fileInt = filePoteri: null

16-10-2024T09:23:04 - [TEST_STEP][PASSED] - typeOfData = typeOfDataMain + " Потери": null

16-10-2024T09:23:04 - [TEST_STEP][PASSED] - Script1718980020443.WriteToExcel(a, typeOfData, todaysDate, pageInt, fileInt, pageDouble, fileDouble, dZO): null

16-10-2024T09:23:04 - [TEST_STEP][PASSED] - sheetName = "Sheet1": null

16-10-2024T09:23:04 - [TEST_STEP][PASSED] - data = findTestData("PlanFact"): null

16-10-2024T09:23:04 - [TEST_STEP][PASSED] - n = data.getRowNumbers() + 1: null

16-10-2024T09:23:04 - [TEST_STEP][PASSED] - year = todaysDate.substring(todaysDate.length() - 4, todaysDate.length()): null

16-10-2024T09:23:04 - [TEST_STEP][PASSED] - y = year.toInteger(): null

16-10-2024T09:23:04 - [TEST_STEP][PASSED] - m = getText(findTestObject("Выполнение бизнес-плана/Период")): Text of object 'Object Repository/Выполнение бизнес-плана/Период' is: '1, 2 кв., Июль, Август 2024 года'

16-10-2024T09:23:04 - [MESSAGE][PASSED] - Text of object 'Object Repository/Выполнение бизнес-плана/Период' is: '1, 2 кв., Июль, Август 2024 года'

16-10-2024T09:23:04 - [TEST_STEP][PASSED] - m = m.substring(0, m.indexOf("2024")): null

16-10-2024T09:23:04 - [TEST_STEP][PASSED] - m = m.trim(): null

16-10-2024T09:23:04 - [TEST_STEP][PASSED] - dashboardName = "Выполнение бизнес-плана": null

16-10-2024T09:23:04 - [TEST_STEP][PASSED] - workbook01 = getWorkbook(excelFilePath): null

16-10-2024T09:23:04 - [TEST_STEP][PASSED] - sheet01 = getExcelSheet(workbook01, sheetName): null

16-10-2024T09:23:04 - [TEST_STEP][PASSED] - setValueToCellByIndex(sheet01, n, 0, dashboardName): null

16-10-2024T09:23:04 - [TEST_STEP][PASSED] - setValueToCellByIndex(sheet01, n, 1, dZO): null

16-10-2024T09:23:04 - [TEST_STEP][PASSED] - setValueToCellByIndex(sheet01, n, 2, typeOfData): null

16-10-2024T09:23:04 - [TEST_STEP][PASSED] - if (typeOfData == "Факт в процентах" || typeOfData == "План в процентах"): null

16-10-2024T09:23:04 - [TEST_STEP][PASSED] - else: null

16-10-2024T09:23:04 - [TEST_STEP][PASSED] - setValueToCellByIndex(sheet01, n, 3, fileInt): null

16-10-2024T09:23:04 - [TEST_STEP][PASSED] - setValueToCellByIndex(sheet01, n, 4, pageInt): null

16-10-2024T09:23:04 - [TEST_STEP][PASSED] - setValueToCellByIndex(sheet01, n, 5, m): null

16-10-2024T09:23:04 - [TEST_STEP][PASSED] - setValueToCellByIndex(sheet01, n, 6, y): null

16-10-2024T09:23:04 - [TEST_STEP][PASSED] - setValueToCellByIndex(sheet01, n, 7, todaysDate): null

16-10-2024T09:23:04 - [TEST_STEP][PASSED] - n = n + 1: null

16-10-2024T09:23:04 - [TEST_STEP][PASSED] - saveWorkbook(excelFilePath, workbook01): null

16-10-2024T09:23:04 - [TEST_STEP][PASSED] - if (planFact == 2): null

16-10-2024T09:23:04 - [TEST_STEP][PASSED] - if (planFact == 1): null

16-10-2024T09:23:04 - [TEST_STEP][PASSED] - else if (planFact == 2): null

16-10-2024T09:23:04 - [TEST_STEP][PASSED] - click(findTestObject("Выполнение бизнес-плана/Кнопка План")): Object: 'Object Repository/Выполнение бизнес-плана/Кнопка План' is clicked on

16-10-2024T09:23:05 - [MESSAGE][PASSED] - Object: 'Object Repository/Выполнение бизнес-плана/Кнопка План' is clicked on

16-10-2024T09:23:05 - [TEST_STEP][PASSED] - typeOfDataMain = "План": null

16-10-2024T09:23:05 - [TEST_STEP][PASSED] - otpusk = findTestData("PlanFact").getValue(2, a): null

16-10-2024T09:23:05 - [TEST_STEP][PASSED] - poteri = findTestData("PlanFact").getValue(3, a): null

16-10-2024T09:23:05 - [TEST_STEP][PASSED] - otpusk = otpusk.replaceAll("\s+", ""): null

16-10-2024T09:23:05 - [TEST_STEP][PASSED] - poteri = poteri.replaceAll("\s+", ""): null

16-10-2024T09:23:05 - [TEST_STEP][PASSED] - typeOfData = typeOfDataMain + " Отпуск в сеть": null

16-10-2024T09:23:05 - [TEST_STEP][PASSED] - if (a == 82): null

16-10-2024T09:23:05 - [TEST_STEP][PASSED] - else if (a == 84): null

16-10-2024T09:23:05 - [TEST_STEP][PASSED] - else if (a == 52 || a == 72 || a == 28 || a == 73 || a == 77 || a == 74 || a == 65 || a == 36 || a == 44 || a == 53 || a == 80 || a == 54 || a == 1 || a == 18 || a == 59 || a == 81): null

16-10-2024T09:23:05 - [TEST_STEP][PASSED] - else: null

16-10-2024T09:23:05 - [TEST_STEP][PASSED] - path = dataFolder + typeOfData + " за отчётный период " + b: null

16-10-2024T09:23:05 - [TEST_STEP][PASSED] - println(path): null

16-10-2024T09:23:05 - [TEST_STEP][PASSED] - page = getText(findTestObject(path)): Text of object 'Object Repository/Выполнение бизнес-плана/Значения со страницы Выполнение бизнес-плана/План Отпуск в сеть за отчётный период Нижновэнерго' is: '8 220 173'

16-10-2024T09:23:05 - [MESSAGE][PASSED] - Text of object 'Object Repository/Выполнение бизнес-плана/Значения со страницы Выполнение бизнес-плана/План Отпуск в сеть за отчётный период Нижновэнерго' is: '8 220 173'

16-10-2024T09:23:05 - [TEST_STEP][PASSED] - page = page.replaceAll("\s+", ""): null

16-10-2024T09:23:05 - [TEST_STEP][PASSED] - fileOtpuskVSet = otpusk.toInteger(): null

16-10-2024T09:23:05 - [TEST_STEP][PASSED] - pageOtpuskVSet = page.toInteger(): null

16-10-2024T09:23:05 - [TEST_STEP][PASSED] - typeOfData = typeOfDataMain + " Потери": null

16-10-2024T09:23:05 - [TEST_STEP][PASSED] - if (a == 82): null

16-10-2024T09:23:05 - [TEST_STEP][PASSED] - else if (a == 84): null

16-10-2024T09:23:05 - [TEST_STEP][PASSED] - else if (a == 52 || a == 72 || a == 28 || a == 73 || a == 77 || a == 74 || a == 65 || a == 36 || a == 44 || a == 53 || a == 80 || a == 54 || a == 1 || a == 18 || a == 59 || a == 81): null

16-10-2024T09:23:05 - [TEST_STEP][PASSED] - else: null

16-10-2024T09:23:05 - [TEST_STEP][PASSED] - path = dataFolder + typeOfData + " за отчётный период " + b: null

16-10-2024T09:23:05 - [TEST_STEP][PASSED] - page = getText(findTestObject(path)): Text of object 'Object Repository/Выполнение бизнес-плана/Значения со страницы Выполнение бизнес-плана/План Потери за отчётный период Нижновэнерго' is: '684 429'

16-10-2024T09:23:05 - [MESSAGE][PASSED] - Text of object 'Object Repository/Выполнение бизнес-плана/Значения со страницы Выполнение бизнес-плана/План Потери за отчётный период Нижновэнерго' is: '684 429'

16-10-2024T09:23:05 - [TEST_STEP][PASSED] - page = page.replaceAll("\s+", ""): null

16-10-2024T09:23:05 - [TEST_STEP][PASSED] - filePoteri = poteri.toInteger(): null

16-10-2024T09:23:05 - [TEST_STEP][PASSED] - pagePoteri = page.toInteger(): null

16-10-2024T09:23:05 - [TEST_STEP][PASSED] - compare = pageOtpuskVSet: null

16-10-2024T09:23:05 - [TEST_STEP][PASSED] - if (compare == fileOtpuskVSet): null

16-10-2024T09:23:05 - [TEST_STEP][PASSED] - else if (compare > fileOtpuskVSet): null

16-10-2024T09:23:05 - [TEST_STEP][PASSED] - compare = compare - 1: null

16-10-2024T09:23:05 - [TEST_STEP][PASSED] - if (compare == fileOtpuskVSet): null

16-10-2024T09:23:05 - [TEST_STEP][PASSED] - else: null

16-10-2024T09:23:05 - [TEST_STEP][PASSED] - numberOfErrors = numberOfErrors + 1: null

16-10-2024T09:23:05 - [TEST_STEP][PASSED] - pageInt = pageOtpuskVSet: null

16-10-2024T09:23:05 - [TEST_STEP][PASSED] - fileInt = fileOtpuskVSet: null

16-10-2024T09:23:05 - [TEST_STEP][PASSED] - typeOfData = typeOfDataMain + " Отпуск в сеть": null

16-10-2024T09:23:05 - [TEST_STEP][PASSED] - Script1718980020443.WriteToExcel(a, typeOfData, todaysDate, pageInt, fileInt, pageDouble, fileDouble, dZO): null

16-10-2024T09:23:05 - [TEST_STEP][PASSED] - sheetName = "Sheet1": null

16-10-2024T09:23:05 - [TEST_STEP][PASSED] - data = findTestData("PlanFact"): null

16-10-2024T09:23:06 - [TEST_STEP][PASSED] - n = data.getRowNumbers() + 1: null

16-10-2024T09:23:06 - [TEST_STEP][PASSED] - year = todaysDate.substring(todaysDate.length() - 4, todaysDate.length()): null

16-10-2024T09:23:06 - [TEST_STEP][PASSED] - y = year.toInteger(): null

16-10-2024T09:23:06 - [TEST_STEP][PASSED] - m = getText(findTestObject("Выполнение бизнес-плана/Период")): Text of object 'Object Repository/Выполнение бизнес-плана/Период' is: '1, 2 кв., Июль, Август 2024 года'

16-10-2024T09:23:06 - [MESSAGE][PASSED] - Text of object 'Object Repository/Выполнение бизнес-плана/Период' is: '1, 2 кв., Июль, Август 2024 года'

16-10-2024T09:23:06 - [TEST_STEP][PASSED] - m = m.substring(0, m.indexOf("2024")): null

16-10-2024T09:23:06 - [TEST_STEP][PASSED] - m = m.trim(): null

16-10-2024T09:23:06 - [TEST_STEP][PASSED] - dashboardName = "Выполнение бизнес-плана": null

16-10-2024T09:23:06 - [TEST_STEP][PASSED] - workbook01 = getWorkbook(excelFilePath): null

16-10-2024T09:23:06 - [TEST_STEP][PASSED] - sheet01 = getExcelSheet(workbook01, sheetName): null

16-10-2024T09:23:06 - [TEST_STEP][PASSED] - setValueToCellByIndex(sheet01, n, 0, dashboardName): null

16-10-2024T09:23:06 - [TEST_STEP][PASSED] - setValueToCellByIndex(sheet01, n, 1, dZO): null

16-10-2024T09:23:06 - [TEST_STEP][PASSED] - setValueToCellByIndex(sheet01, n, 2, typeOfData): null

16-10-2024T09:23:06 - [TEST_STEP][PASSED] - if (typeOfData == "Факт в процентах" || typeOfData == "План в процентах"): null

16-10-2024T09:23:06 - [TEST_STEP][PASSED] - else: null

16-10-2024T09:23:06 - [TEST_STEP][PASSED] - setValueToCellByIndex(sheet01, n, 3, fileInt): null

16-10-2024T09:23:06 - [TEST_STEP][PASSED] - setValueToCellByIndex(sheet01, n, 4, pageInt): null

16-10-2024T09:23:06 - [TEST_STEP][PASSED] - setValueToCellByIndex(sheet01, n, 5, m): null

16-10-2024T09:23:06 - [TEST_STEP][PASSED] - setValueToCellByIndex(sheet01, n, 6, y): null

16-10-2024T09:23:06 - [TEST_STEP][PASSED] - setValueToCellByIndex(sheet01, n, 7, todaysDate): null

16-10-2024T09:23:06 - [TEST_STEP][PASSED] - n = n + 1: null

16-10-2024T09:23:06 - [TEST_STEP][PASSED] - saveWorkbook(excelFilePath, workbook01): null

16-10-2024T09:23:06 - [TEST_STEP][PASSED] - compare = pagePoteri: null

16-10-2024T09:23:06 - [TEST_STEP][PASSED] - if (compare == filePoteri): null

16-10-2024T09:23:06 - [TEST_STEP][PASSED] - else if (compare > filePoteri): null

16-10-2024T09:23:06 - [TEST_STEP][PASSED] - compare = compare - 1: null

16-10-2024T09:23:06 - [TEST_STEP][PASSED] - if (compare == filePoteri): null

16-10-2024T09:23:06 - [TEST_STEP][PASSED] - else: null

16-10-2024T09:23:06 - [TEST_STEP][PASSED] - numberOfErrors = numberOfErrors + 1: null

16-10-2024T09:23:06 - [TEST_STEP][PASSED] - pageInt = pagePoteri: null

16-10-2024T09:23:06 - [TEST_STEP][PASSED] - fileInt = filePoteri: null

16-10-2024T09:23:06 - [TEST_STEP][PASSED] - typeOfData = typeOfDataMain + " Потери": null

16-10-2024T09:23:06 - [TEST_STEP][PASSED] - Script1718980020443.WriteToExcel(a, typeOfData, todaysDate, pageInt, fileInt, pageDouble, fileDouble, dZO): null

16-10-2024T09:23:06 - [TEST_STEP][PASSED] - sheetName = "Sheet1": null

16-10-2024T09:23:06 - [TEST_STEP][PASSED] - data = findTestData("PlanFact"): null

16-10-2024T09:23:06 - [TEST_STEP][PASSED] - n = data.getRowNumbers() + 1: null

16-10-2024T09:23:06 - [TEST_STEP][PASSED] - year = todaysDate.substring(todaysDate.length() - 4, todaysDate.length()): null

16-10-2024T09:23:06 - [TEST_STEP][PASSED] - y = year.toInteger(): null

16-10-2024T09:23:06 - [TEST_STEP][PASSED] - m = getText(findTestObject("Выполнение бизнес-плана/Период")): Text of object 'Object Repository/Выполнение бизнес-плана/Период' is: '1, 2 кв., Июль, Август 2024 года'

16-10-2024T09:23:07 - [MESSAGE][PASSED] - Text of object 'Object Repository/Выполнение бизнес-плана/Период' is: '1, 2 кв., Июль, Август 2024 года'

16-10-2024T09:23:07 - [TEST_STEP][PASSED] - m = m.substring(0, m.indexOf("2024")): null

16-10-2024T09:23:07 - [TEST_STEP][PASSED] - m = m.trim(): null

16-10-2024T09:23:07 - [TEST_STEP][PASSED] - dashboardName = "Выполнение бизнес-плана": null

16-10-2024T09:23:07 - [TEST_STEP][PASSED] - workbook01 = getWorkbook(excelFilePath): null

16-10-2024T09:23:07 - [TEST_STEP][PASSED] - sheet01 = getExcelSheet(workbook01, sheetName): null

16-10-2024T09:23:07 - [TEST_STEP][PASSED] - setValueToCellByIndex(sheet01, n, 0, dashboardName): null

16-10-2024T09:23:07 - [TEST_STEP][PASSED] - setValueToCellByIndex(sheet01, n, 1, dZO): null

16-10-2024T09:23:07 - [TEST_STEP][PASSED] - setValueToCellByIndex(sheet01, n, 2, typeOfData): null

16-10-2024T09:23:07 - [TEST_STEP][PASSED] - if (typeOfData == "Факт в процентах" || typeOfData == "План в процентах"): null

16-10-2024T09:23:07 - [TEST_STEP][PASSED] - else: null

16-10-2024T09:23:07 - [TEST_STEP][PASSED] - setValueToCellByIndex(sheet01, n, 3, fileInt): null

16-10-2024T09:23:07 - [TEST_STEP][PASSED] - setValueToCellByIndex(sheet01, n, 4, pageInt): null

16-10-2024T09:23:07 - [TEST_STEP][PASSED] - setValueToCellByIndex(sheet01, n, 5, m): null

16-10-2024T09:23:07 - [TEST_STEP][PASSED] - setValueToCellByIndex(sheet01, n, 6, y): null

16-10-2024T09:23:07 - [TEST_STEP][PASSED] - setValueToCellByIndex(sheet01, n, 7, todaysDate): null

16-10-2024T09:23:07 - [TEST_STEP][PASSED] - n = n + 1: null

16-10-2024T09:23:07 - [TEST_STEP][PASSED] - saveWorkbook(excelFilePath, workbook01): Object: 'Object Repository/Выполнение бизнес-плана/Кнопка Факт' is clicked on

16-10-2024T09:23:07 - [TEST_STEP][PASSED] - if (planFact == 2): Object: 'Object Repository/Выполнение бизнес-плана/Кнопка Факт' is clicked on

16-10-2024T09:23:07 - [TEST_STEP][PASSED] - click(findTestObject("Выполнение бизнес-плана/Кнопка Факт")): Object: 'Object Repository/Выполнение бизнес-плана/Кнопка Факт' is clicked on

16-10-2024T09:23:07 - [MESSAGE][PASSED] - Object: 'Object Repository/Выполнение бизнес-плана/Кнопка Факт' is clicked on

16-10-2024T09:23:07 - [TEST_STEP][PASSED] - if (a == 84 || a == 82): null

16-10-2024T09:23:07 - [TEST_STEP][PASSED] - else if (a == 52 || a == 72 || a == 28 || a == 73 || a == 77 || a == 74 || a == 65 || a == 36 || a == 44 || a == 53 || a == 80 || a == 54 || a == 1 || a == 18 || a == 59 || a == 81): null

16-10-2024T09:23:07 - [TEST_STEP][PASSED] - else: null

16-10-2024T09:23:07 - [TEST_STEP][PASSED] - page1 = getText(findTestObject("Object Repository/Выполнение бизнес-плана/spanPlan" + filialNum)): Text of object 'Object Repository/Выполнение бизнес-плана/spanPlan6' is: '8.33
|'

16-10-2024T09:23:08 - [MESSAGE][PASSED] - Text of object 'Object Repository/Выполнение бизнес-плана/spanPlan6' is: '8.33
|'

16-10-2024T09:23:08 - [TEST_STEP][PASSED] - page1 = page1.replace("|", ""): null

16-10-2024T09:23:08 - [TEST_STEP][PASSED] - page2 = getText(findTestObject("Object Repository/Выполнение бизнес-плана/spanFact" + filialNum)): Text of object 'Object Repository/Выполнение бизнес-плана/spanFact6' is: '8.54
|'

16-10-2024T09:23:08 - [MESSAGE][PASSED] - Text of object 'Object Repository/Выполнение бизнес-плана/spanFact6' is: '8.54
|'

16-10-2024T09:23:08 - [TEST_STEP][PASSED] - page2 = page2.replace("|", ""): null

16-10-2024T09:23:08 - [TEST_STEP][PASSED] - println("page1: " + page1): null

16-10-2024T09:23:08 - [TEST_STEP][PASSED] - println("page2: " + page2): null

16-10-2024T09:23:08 - [TEST_STEP][PASSED] - file = findTestData("PlanFact").getValue(4, a): null

16-10-2024T09:23:08 - [TEST_STEP][PASSED] - file = file.replace(",", "."): null

16-10-2024T09:23:08 - [TEST_STEP][PASSED] - println("file Plan: " + file): null

16-10-2024T09:23:08 - [TEST_STEP][PASSED] - typeOfData = "План в процентах": null

16-10-2024T09:23:08 - [TEST_STEP][PASSED] - fileDouble = file.toDouble(): null

16-10-2024T09:23:08 - [TEST_STEP][PASSED] - pageDouble = page1.toDouble(): null

16-10-2024T09:23:08 - [TEST_STEP][PASSED] - if (fileDouble != pageDouble): null

16-10-2024T09:23:08 - [TEST_STEP][PASSED] - numberOfErrors = numberOfErrors + 1: null

16-10-2024T09:23:08 - [TEST_STEP][PASSED] - Script1718980020443.WriteToExcel(a, typeOfData, todaysDate, pageInt, fileInt, pageDouble, fileDouble, dZO): null

16-10-2024T09:23:08 - [TEST_STEP][PASSED] - sheetName = "Sheet1": null

16-10-2024T09:23:08 - [TEST_STEP][PASSED] - data = findTestData("PlanFact"): null

16-10-2024T09:23:08 - [TEST_STEP][PASSED] - n = data.getRowNumbers() + 1: null

16-10-2024T09:23:08 - [TEST_STEP][PASSED] - year = todaysDate.substring(todaysDate.length() - 4, todaysDate.length()): null

16-10-2024T09:23:08 - [TEST_STEP][PASSED] - y = year.toInteger(): null

16-10-2024T09:23:08 - [TEST_STEP][PASSED] - m = getText(findTestObject("Выполнение бизнес-плана/Период")): Text of object 'Object Repository/Выполнение бизнес-плана/Период' is: '1, 2 кв., Июль, Август 2024 года'

16-10-2024T09:23:08 - [MESSAGE][PASSED] - Text of object 'Object Repository/Выполнение бизнес-плана/Период' is: '1, 2 кв., Июль, Август 2024 года'

16-10-2024T09:23:08 - [TEST_STEP][PASSED] - m = m.substring(0, m.indexOf("2024")): null

16-10-2024T09:23:08 - [TEST_STEP][PASSED] - m = m.trim(): null

16-10-2024T09:23:08 - [TEST_STEP][PASSED] - dashboardName = "Выполнение бизнес-плана": null

16-10-2024T09:23:08 - [TEST_STEP][PASSED] - workbook01 = getWorkbook(excelFilePath): null

16-10-2024T09:23:08 - [TEST_STEP][PASSED] - sheet01 = getExcelSheet(workbook01, sheetName): null

16-10-2024T09:23:08 - [TEST_STEP][PASSED] - setValueToCellByIndex(sheet01, n, 0, dashboardName): null

16-10-2024T09:23:08 - [TEST_STEP][PASSED] - setValueToCellByIndex(sheet01, n, 1, dZO): null

16-10-2024T09:23:08 - [TEST_STEP][PASSED] - setValueToCellByIndex(sheet01, n, 2, typeOfData): null

16-10-2024T09:23:08 - [TEST_STEP][PASSED] - if (typeOfData == "Факт в процентах" || typeOfData == "План в процентах"): null

16-10-2024T09:23:08 - [TEST_STEP][PASSED] - setValueToCellByIndex(sheet01, n, 3, fileDouble): null

16-10-2024T09:23:08 - [TEST_STEP][PASSED] - setValueToCellByIndex(sheet01, n, 4, pageDouble): null

16-10-2024T09:23:08 - [TEST_STEP][PASSED] - setValueToCellByIndex(sheet01, n, 5, m): null

16-10-2024T09:23:08 - [TEST_STEP][PASSED] - setValueToCellByIndex(sheet01, n, 6, y): null

16-10-2024T09:23:08 - [TEST_STEP][PASSED] - setValueToCellByIndex(sheet01, n, 7, todaysDate): null

16-10-2024T09:23:08 - [TEST_STEP][PASSED] - n = n + 1: null

16-10-2024T09:23:08 - [TEST_STEP][PASSED] - saveWorkbook(excelFilePath, workbook01): null

16-10-2024T09:23:09 - [TEST_STEP][PASSED] - file = findTestData("PlanFact").getValue(7, a): null

16-10-2024T09:23:09 - [TEST_STEP][PASSED] - file = file.replace(",", "."): null

16-10-2024T09:23:09 - [TEST_STEP][PASSED] - println("file Fact: " + file): null

16-10-2024T09:23:09 - [TEST_STEP][PASSED] - fileDouble = file.toDouble(): null

16-10-2024T09:23:09 - [TEST_STEP][PASSED] - typeOfData = "Факт в процентах": null

16-10-2024T09:23:09 - [TEST_STEP][PASSED] - fileDouble = file.toDouble(): null

16-10-2024T09:23:09 - [TEST_STEP][PASSED] - pageDouble = page2.toDouble(): null

16-10-2024T09:23:09 - [TEST_STEP][PASSED] - if (fileDouble != pageDouble): null

16-10-2024T09:23:09 - [TEST_STEP][PASSED] - numberOfErrors = numberOfErrors + 1: null

16-10-2024T09:23:09 - [TEST_STEP][PASSED] - Script1718980020443.WriteToExcel(a, typeOfData, todaysDate, pageInt, fileInt, pageDouble, fileDouble, dZO): null

16-10-2024T09:23:09 - [TEST_STEP][PASSED] - sheetName = "Sheet1": null

16-10-2024T09:23:09 - [TEST_STEP][PASSED] - data = findTestData("PlanFact"): null

16-10-2024T09:23:09 - [TEST_STEP][PASSED] - n = data.getRowNumbers() + 1: null

16-10-2024T09:23:09 - [TEST_STEP][PASSED] - year = todaysDate.substring(todaysDate.length() - 4, todaysDate.length()): null

16-10-2024T09:23:09 - [TEST_STEP][PASSED] - y = year.toInteger(): null

16-10-2024T09:23:09 - [TEST_STEP][PASSED] - m = getText(findTestObject("Выполнение бизнес-плана/Период")): Text of object 'Object Repository/Выполнение бизнес-плана/Период' is: '1, 2 кв., Июль, Август 2024 года'

16-10-2024T09:23:09 - [MESSAGE][PASSED] - Text of object 'Object Repository/Выполнение бизнес-плана/Период' is: '1, 2 кв., Июль, Август 2024 года'

16-10-2024T09:23:09 - [TEST_STEP][PASSED] - m = m.substring(0, m.indexOf("2024")): null

16-10-2024T09:23:09 - [TEST_STEP][PASSED] - m = m.trim(): null

16-10-2024T09:23:09 - [TEST_STEP][PASSED] - dashboardName = "Выполнение бизнес-плана": null

16-10-2024T09:23:09 - [TEST_STEP][PASSED] - workbook01 = getWorkbook(excelFilePath): null

16-10-2024T09:23:09 - [TEST_STEP][PASSED] - sheet01 = getExcelSheet(workbook01, sheetName): null

16-10-2024T09:23:09 - [TEST_STEP][PASSED] - setValueToCellByIndex(sheet01, n, 0, dashboardName): null

16-10-2024T09:23:09 - [TEST_STEP][PASSED] - setValueToCellByIndex(sheet01, n, 1, dZO): null

16-10-2024T09:23:09 - [TEST_STEP][PASSED] - setValueToCellByIndex(sheet01, n, 2, typeOfData): null

16-10-2024T09:23:09 - [TEST_STEP][PASSED] - if (typeOfData == "Факт в процентах" || typeOfData == "План в процентах"): null

16-10-2024T09:23:09 - [TEST_STEP][PASSED] - setValueToCellByIndex(sheet01, n, 3, fileDouble): null

16-10-2024T09:23:09 - [TEST_STEP][PASSED] - setValueToCellByIndex(sheet01, n, 4, pageDouble): null

16-10-2024T09:23:09 - [TEST_STEP][PASSED] - setValueToCellByIndex(sheet01, n, 5, m): null

16-10-2024T09:23:09 - [TEST_STEP][PASSED] - setValueToCellByIndex(sheet01, n, 6, y): null

16-10-2024T09:23:09 - [TEST_STEP][PASSED] - setValueToCellByIndex(sheet01, n, 7, todaysDate): null

16-10-2024T09:23:09 - [TEST_STEP][PASSED] - n = n + 1: null

16-10-2024T09:23:09 - [TEST_STEP][PASSED] - saveWorkbook(excelFilePath, workbook01): null

16-10-2024T09:23:10 - [TEST_STEP][FAILED] - if (verifyEqual(numberOfErrors, 0) == false): null

16-10-2024T09:23:10 - [MESSAGE][FAILED] - Unable to verify equal between actual object '6' and expected object '0' (Root cause: com.kms.katalon.core.exception.StepFailedException: Actual object '6' and expected object '0' are not equal
	at com.kms.katalon.core.keyword.builtin.VerifyEqualKeyword$_verifyEqual_closure1.doCall(VerifyEqualKeyword.groovy:58)
	at com.kms.katalon.core.keyword.builtin.VerifyEqualKeyword$_verifyEqual_closure1.call(VerifyEqualKeyword.groovy)
	at com.kms.katalon.core.keyword.internal.KeywordMain.runKeyword(KeywordMain.groovy:75)
	at com.kms.katalon.core.keyword.builtin.VerifyEqualKeyword.verifyEqual(VerifyEqualKeyword.groovy:63)
	at com.kms.katalon.core.keyword.builtin.VerifyEqualKeyword.execute(VerifyEqualKeyword.groovy:44)
	at com.kms.katalon.core.keyword.internal.KeywordExecutor.executeKeywordForPlatform(KeywordExecutor.groovy:74)
	at com.kms.katalon.core.keyword.BuiltinKeywords.verifyEqual(BuiltinKeywords.groovy:146)
	at jdk.internal.reflect.GeneratedMethodAccessor25.invoke(Unknown Source)
	at java.base/jdk.internal.reflect.DelegatingMethodAccessorImpl.invoke(DelegatingMethodAccessorImpl.java:43)
	at Выполнение бизнес-плана Сверка ПАО Россети все филиалы.Numbers(Выполнение бизнес-плана Сверка ПАО Россети все филиалы:749)
	at Выполнение бизнес-плана Сверка ПАО Россети все филиалы.Filials(Выполнение бизнес-плана Сверка ПАО Россети все филиалы:1410)
	at Выполнение бизнес-плана Сверка ПАО Россети все филиалы.Numbers(Выполнение бизнес-плана Сверка ПАО Россети все филиалы:754)
	at Выполнение бизнес-плана Сверка ПАО Россети все филиалы.run(Выполнение бизнес-плана Сверка ПАО Россети все филиалы:411)
	at com.kms.katalon.core.main.ScriptEngine.run(ScriptEngine.java:194)
	at com.kms.katalon.core.main.ScriptEngine.runScriptAsRawText(ScriptEngine.java:119)
	at com.kms.katalon.core.main.TestCaseExecutor.runScript(TestCaseExecutor.java:448)
	at com.kms.katalon.core.main.TestCaseExecutor.doExecute(TestCaseExecutor.java:439)
	at com.kms.katalon.core.main.TestCaseExecutor.processExecutionPhase(TestCaseExecutor.java:418)
	at com.kms.katalon.core.main.TestCaseExecutor.accessMainPhase(TestCaseExecutor.java:410)
	at com.kms.katalon.core.main.TestCaseExecutor.execute(TestCaseExecutor.java:285)
	at com.kms.katalon.core.common.CommonExecutor.accessTestCaseMainPhase(CommonExecutor.java:65)
	at com.kms.katalon.core.main.TestSuiteExecutor.accessTestSuiteMainPhase(TestSuiteExecutor.java:150)
	at com.kms.katalon.core.main.TestSuiteExecutor.execute(TestSuiteExecutor.java:106)
	at com.kms.katalon.core.main.TestCaseMain.startTestSuite(TestCaseMain.java:180)
	at TempTestSuite1729057289574.run(TempTestSuite1729057289574.groovy:35)
	at java.base/jdk.internal.reflect.NativeMethodAccessorImpl.invoke0(Native Method)
	at java.base/jdk.internal.reflect.NativeMethodAccessorImpl.invoke(NativeMethodAccessorImpl.java:77)
	at java.base/jdk.internal.reflect.DelegatingMethodAccessorImpl.invoke(DelegatingMethodAccessorImpl.java:43)
)

16-10-2024T09:23:10 - [TEST_STEP][PASSED] - println(numberOfErrors): null

16-10-2024T09:23:10 - [TEST_STEP][PASSED] - if (a == 28 || a == 77 || a == 74 || a == 65 || a == 36 || a == 44 || a == 54 || a == 1 || a == 18 || a == 59): null

16-10-2024T09:23:10 - [TEST_STEP][PASSED] - if (a == 82): null

16-10-2024T09:23:10 - [TEST_STEP][PASSED] - dZO = "Рязаньэнерго": null

16-10-2024T09:23:10 - [TEST_STEP][PASSED] - a = 25: null

16-10-2024T09:23:10 - [TEST_STEP][PASSED] - if (x2.contains(dZO)): null

16-10-2024T09:23:10 - [TEST_STEP][PASSED] - filialNum = filialNum + 1: null

16-10-2024T09:23:10 - [TEST_STEP][PASSED] - Script1718980020443.Numbers(a, typeOfData, todaysDate, pageInt, fileInt, pageDouble, fileDouble, dZO, dzoNum, filialNum): null

16-10-2024T09:23:10 - [TEST_STEP][PASSED] - println(dzoNum): null

16-10-2024T09:23:10 - [TEST_STEP][PASSED] - planFact = <not implemented yet for class: org.codehaus.groovy.ast.expr.EmptyExpression>: null

16-10-2024T09:23:10 - [TEST_STEP][PASSED] - page = <not implemented yet for class: org.codehaus.groovy.ast.expr.EmptyExpression>: null

16-10-2024T09:23:10 - [TEST_STEP][PASSED] - page1 = <not implemented yet for class: org.codehaus.groovy.ast.expr.EmptyExpression>: null

16-10-2024T09:23:10 - [TEST_STEP][PASSED] - page2 = <not implemented yet for class: org.codehaus.groovy.ast.expr.EmptyExpression>: null

16-10-2024T09:23:10 - [TEST_STEP][PASSED] - filialNumberInRow = <not implemented yet for class: org.codehaus.groovy.ast.expr.EmptyExpression>: null

16-10-2024T09:23:10 - [TEST_STEP][PASSED] - filialsDzoNames = <not implemented yet for class: org.codehaus.groovy.ast.expr.EmptyExpression>: null

16-10-2024T09:23:10 - [TEST_STEP][PASSED] - numberOfFilials = <not implemented yet for class: org.codehaus.groovy.ast.expr.EmptyExpression>: null

16-10-2024T09:23:10 - [TEST_STEP][PASSED] - numberOfSpaces = <not implemented yet for class: org.codehaus.groovy.ast.expr.EmptyExpression>: null

16-10-2024T09:23:10 - [TEST_STEP][PASSED] - file = <not implemented yet for class: org.codehaus.groovy.ast.expr.EmptyExpression>: null

16-10-2024T09:23:10 - [TEST_STEP][PASSED] - otpusk = <not implemented yet for class: org.codehaus.groovy.ast.expr.EmptyExpression>: null

16-10-2024T09:23:10 - [TEST_STEP][PASSED] - poteri = <not implemented yet for class: org.codehaus.groovy.ast.expr.EmptyExpression>: null

16-10-2024T09:23:10 - [TEST_STEP][PASSED] - dataFolder = "Выполнение бизнес-плана/Значения со страницы Выполнение бизнес-плана/": null

16-10-2024T09:23:10 - [TEST_STEP][PASSED] - path = <not implemented yet for class: org.codehaus.groovy.ast.expr.EmptyExpression>: null

16-10-2024T09:23:10 - [TEST_STEP][PASSED] - typeOfDataMain = <not implemented yet for class: org.codehaus.groovy.ast.expr.EmptyExpression>: null

16-10-2024T09:23:10 - [TEST_STEP][PASSED] - fileOtpuskVSet = <not implemented yet for class: org.codehaus.groovy.ast.expr.EmptyExpression>: null

16-10-2024T09:23:10 - [TEST_STEP][PASSED] - pageOtpuskVSet = <not implemented yet for class: org.codehaus.groovy.ast.expr.EmptyExpression>: null

16-10-2024T09:23:10 - [TEST_STEP][PASSED] - filePoteri = <not implemented yet for class: org.codehaus.groovy.ast.expr.EmptyExpression>: null

16-10-2024T09:23:10 - [TEST_STEP][PASSED] - pagePoteri = <not implemented yet for class: org.codehaus.groovy.ast.expr.EmptyExpression>: null

16-10-2024T09:23:10 - [TEST_STEP][PASSED] - compare = <not implemented yet for class: org.codehaus.groovy.ast.expr.EmptyExpression>: null

16-10-2024T09:23:10 - [TEST_STEP][PASSED] - b = <not implemented yet for class: org.codehaus.groovy.ast.expr.EmptyExpression>: null

16-10-2024T09:23:10 - [TEST_STEP][PASSED] - i = <not implemented yet for class: org.codehaus.groovy.ast.expr.EmptyExpression>: null

16-10-2024T09:23:10 - [TEST_STEP][PASSED] - ii = <not implemented yet for class: org.codehaus.groovy.ast.expr.EmptyExpression>: null

16-10-2024T09:23:10 - [TEST_STEP][PASSED] - c = <not implemented yet for class: org.codehaus.groovy.ast.expr.EmptyExpression>: null

16-10-2024T09:23:10 - [TEST_STEP][PASSED] - numberOfErrors = 0: null

16-10-2024T09:23:10 - [TEST_STEP][PASSED] - if (a == 82): null

16-10-2024T09:23:10 - [TEST_STEP][PASSED] - b = findTestData("PlanFact").getValue(1, a): null

16-10-2024T09:23:10 - [TEST_STEP][PASSED] - i = b.indexOf(" (ГК)"): null

16-10-2024T09:23:10 - [TEST_STEP][PASSED] - if (i > -1): null

16-10-2024T09:23:10 - [TEST_STEP][PASSED] - i = b.indexOf("О ""): null

16-10-2024T09:23:10 - [TEST_STEP][PASSED] - if (i > -1): null

16-10-2024T09:23:10 - [TEST_STEP][PASSED] - i = b.indexOf("О «"): null

16-10-2024T09:23:10 - [TEST_STEP][PASSED] - if (i > -1): null

16-10-2024T09:23:10 - [TEST_STEP][PASSED] - i = b.indexOf("г. "): null

16-10-2024T09:23:10 - [TEST_STEP][PASSED] - if (i > -1): null

16-10-2024T09:23:10 - [TEST_STEP][PASSED] - println(b): null

16-10-2024T09:23:10 - [TEST_STEP][PASSED] - for ([planFact = 1, planFact < 3, (planFact++)]): null

16-10-2024T09:23:10 - [TEST_STEP][PASSED] - if (planFact == 1): null

16-10-2024T09:23:10 - [TEST_STEP][PASSED] - typeOfDataMain = "Факт": null

16-10-2024T09:23:10 - [TEST_STEP][PASSED] - otpusk = findTestData("PlanFact").getValue(5, a): null

16-10-2024T09:23:10 - [TEST_STEP][PASSED] - poteri = findTestData("PlanFact").getValue(6, a): null

16-10-2024T09:23:10 - [TEST_STEP][PASSED] - otpusk = otpusk.replaceAll("\s+", ""): null

16-10-2024T09:23:10 - [TEST_STEP][PASSED] - poteri = poteri.replaceAll("\s+", ""): null

16-10-2024T09:23:10 - [TEST_STEP][PASSED] - typeOfData = typeOfDataMain + " Отпуск в сеть": null

16-10-2024T09:23:10 - [TEST_STEP][PASSED] - if (a == 82): null

16-10-2024T09:23:10 - [TEST_STEP][PASSED] - else if (a == 84): null

16-10-2024T09:23:10 - [TEST_STEP][PASSED] - else if (a == 52 || a == 72 || a == 28 || a == 73 || a == 77 || a == 74 || a == 65 || a == 36 || a == 44 || a == 53 || a == 80 || a == 54 || a == 1 || a == 18 || a == 59 || a == 81): null

16-10-2024T09:23:10 - [TEST_STEP][PASSED] - else: null

16-10-2024T09:23:10 - [TEST_STEP][PASSED] - path = dataFolder + typeOfData + " за отчётный период " + b: null

16-10-2024T09:23:10 - [TEST_STEP][PASSED] - println(path): null

16-10-2024T09:23:10 - [TEST_STEP][PASSED] - page = getText(findTestObject(path)): Text of object 'Object Repository/Выполнение бизнес-плана/Значения со страницы Выполнение бизнес-плана/Факт Отпуск в сеть за отчётный период Рязаньэнерго' is: '3 769 042'

16-10-2024T09:23:10 - [MESSAGE][PASSED] - Text of object 'Object Repository/Выполнение бизнес-плана/Значения со страницы Выполнение бизнес-плана/Факт Отпуск в сеть за отчётный период Рязаньэнерго' is: '3 769 042'

16-10-2024T09:23:10 - [TEST_STEP][PASSED] - page = page.replaceAll("\s+", ""): null

16-10-2024T09:23:10 - [TEST_STEP][PASSED] - fileOtpuskVSet = otpusk.toInteger(): null

16-10-2024T09:23:10 - [TEST_STEP][PASSED] - pageOtpuskVSet = page.toInteger(): null

16-10-2024T09:23:10 - [TEST_STEP][PASSED] - typeOfData = typeOfDataMain + " Потери": null

16-10-2024T09:23:10 - [TEST_STEP][PASSED] - if (a == 82): null

16-10-2024T09:23:10 - [TEST_STEP][PASSED] - else if (a == 84): null

16-10-2024T09:23:10 - [TEST_STEP][PASSED] - else if (a == 52 || a == 72 || a == 28 || a == 73 || a == 77 || a == 74 || a == 65 || a == 36 || a == 44 || a == 53 || a == 80 || a == 54 || a == 1 || a == 18 || a == 59 || a == 81): null

16-10-2024T09:23:10 - [TEST_STEP][PASSED] - else: null

16-10-2024T09:23:10 - [TEST_STEP][PASSED] - path = dataFolder + typeOfData + " за отчётный период " + b: null

16-10-2024T09:23:10 - [TEST_STEP][PASSED] - page = getText(findTestObject(path)): Text of object 'Object Repository/Выполнение бизнес-плана/Значения со страницы Выполнение бизнес-плана/Факт Потери за отчётный период Рязаньэнерго' is: '171 819'

16-10-2024T09:23:10 - [MESSAGE][PASSED] - Text of object 'Object Repository/Выполнение бизнес-плана/Значения со страницы Выполнение бизнес-плана/Факт Потери за отчётный период Рязаньэнерго' is: '171 819'

16-10-2024T09:23:10 - [TEST_STEP][PASSED] - page = page.replaceAll("\s+", ""): null

16-10-2024T09:23:10 - [TEST_STEP][PASSED] - filePoteri = poteri.toInteger(): null

16-10-2024T09:23:10 - [TEST_STEP][PASSED] - pagePoteri = page.toInteger(): null

16-10-2024T09:23:10 - [TEST_STEP][PASSED] - compare = pageOtpuskVSet: null

16-10-2024T09:23:10 - [TEST_STEP][PASSED] - if (compare == fileOtpuskVSet): null

16-10-2024T09:23:10 - [TEST_STEP][PASSED] - else if (compare > fileOtpuskVSet): null

16-10-2024T09:23:10 - [TEST_STEP][PASSED] - compare = compare - 1: null

16-10-2024T09:23:10 - [TEST_STEP][PASSED] - if (compare == fileOtpuskVSet): null

16-10-2024T09:23:10 - [TEST_STEP][PASSED] - else: null

16-10-2024T09:23:10 - [TEST_STEP][PASSED] - numberOfErrors = numberOfErrors + 1: null

16-10-2024T09:23:10 - [TEST_STEP][PASSED] - pageInt = pageOtpuskVSet: null

16-10-2024T09:23:10 - [TEST_STEP][PASSED] - fileInt = fileOtpuskVSet: null

16-10-2024T09:23:10 - [TEST_STEP][PASSED] - typeOfData = typeOfDataMain + " Отпуск в сеть": null

16-10-2024T09:23:10 - [TEST_STEP][PASSED] - Script1718980020443.WriteToExcel(a, typeOfData, todaysDate, pageInt, fileInt, pageDouble, fileDouble, dZO): null

16-10-2024T09:23:10 - [TEST_STEP][PASSED] - sheetName = "Sheet1": null

16-10-2024T09:23:10 - [TEST_STEP][PASSED] - data = findTestData("PlanFact"): null

16-10-2024T09:23:10 - [TEST_STEP][PASSED] - n = data.getRowNumbers() + 1: null

16-10-2024T09:23:10 - [TEST_STEP][PASSED] - year = todaysDate.substring(todaysDate.length() - 4, todaysDate.length()): null

16-10-2024T09:23:10 - [TEST_STEP][PASSED] - y = year.toInteger(): null

16-10-2024T09:23:10 - [TEST_STEP][PASSED] - m = getText(findTestObject("Выполнение бизнес-плана/Период")): Text of object 'Object Repository/Выполнение бизнес-плана/Период' is: '1, 2 кв., Июль, Август 2024 года'

16-10-2024T09:23:11 - [MESSAGE][PASSED] - Text of object 'Object Repository/Выполнение бизнес-плана/Период' is: '1, 2 кв., Июль, Август 2024 года'

16-10-2024T09:23:11 - [TEST_STEP][PASSED] - m = m.substring(0, m.indexOf("2024")): null

16-10-2024T09:23:11 - [TEST_STEP][PASSED] - m = m.trim(): null

16-10-2024T09:23:11 - [TEST_STEP][PASSED] - dashboardName = "Выполнение бизнес-плана": null

16-10-2024T09:23:11 - [TEST_STEP][PASSED] - workbook01 = getWorkbook(excelFilePath): null

16-10-2024T09:23:11 - [TEST_STEP][PASSED] - sheet01 = getExcelSheet(workbook01, sheetName): null

16-10-2024T09:23:11 - [TEST_STEP][PASSED] - setValueToCellByIndex(sheet01, n, 0, dashboardName): null

16-10-2024T09:23:11 - [TEST_STEP][PASSED] - setValueToCellByIndex(sheet01, n, 1, dZO): null

16-10-2024T09:23:11 - [TEST_STEP][PASSED] - setValueToCellByIndex(sheet01, n, 2, typeOfData): null

16-10-2024T09:23:11 - [TEST_STEP][PASSED] - if (typeOfData == "Факт в процентах" || typeOfData == "План в процентах"): null

16-10-2024T09:23:11 - [TEST_STEP][PASSED] - else: null

16-10-2024T09:23:11 - [TEST_STEP][PASSED] - setValueToCellByIndex(sheet01, n, 3, fileInt): null

16-10-2024T09:23:11 - [TEST_STEP][PASSED] - setValueToCellByIndex(sheet01, n, 4, pageInt): null

16-10-2024T09:23:11 - [TEST_STEP][PASSED] - setValueToCellByIndex(sheet01, n, 5, m): null

16-10-2024T09:23:11 - [TEST_STEP][PASSED] - setValueToCellByIndex(sheet01, n, 6, y): null

16-10-2024T09:23:11 - [TEST_STEP][PASSED] - setValueToCellByIndex(sheet01, n, 7, todaysDate): null

16-10-2024T09:23:11 - [TEST_STEP][PASSED] - n = n + 1: null

16-10-2024T09:23:11 - [TEST_STEP][PASSED] - saveWorkbook(excelFilePath, workbook01): null

16-10-2024T09:23:11 - [TEST_STEP][PASSED] - compare = pagePoteri: null

16-10-2024T09:23:11 - [TEST_STEP][PASSED] - if (compare == filePoteri): null

16-10-2024T09:23:11 - [TEST_STEP][PASSED] - else if (compare > filePoteri): null

16-10-2024T09:23:11 - [TEST_STEP][PASSED] - compare = compare - 1: null

16-10-2024T09:23:11 - [TEST_STEP][PASSED] - if (compare == filePoteri): null

16-10-2024T09:23:11 - [TEST_STEP][PASSED] - else: null

16-10-2024T09:23:11 - [TEST_STEP][PASSED] - numberOfErrors = numberOfErrors + 1: null

16-10-2024T09:23:11 - [TEST_STEP][PASSED] - pageInt = pagePoteri: null

16-10-2024T09:23:11 - [TEST_STEP][PASSED] - fileInt = filePoteri: null

16-10-2024T09:23:11 - [TEST_STEP][PASSED] - typeOfData = typeOfDataMain + " Потери": null

16-10-2024T09:23:11 - [TEST_STEP][PASSED] - Script1718980020443.WriteToExcel(a, typeOfData, todaysDate, pageInt, fileInt, pageDouble, fileDouble, dZO): null

16-10-2024T09:23:11 - [TEST_STEP][PASSED] - sheetName = "Sheet1": null

16-10-2024T09:23:11 - [TEST_STEP][PASSED] - data = findTestData("PlanFact"): null

16-10-2024T09:23:11 - [TEST_STEP][PASSED] - n = data.getRowNumbers() + 1: null

16-10-2024T09:23:11 - [TEST_STEP][PASSED] - year = todaysDate.substring(todaysDate.length() - 4, todaysDate.length()): null

16-10-2024T09:23:11 - [TEST_STEP][PASSED] - y = year.toInteger(): null

16-10-2024T09:23:11 - [TEST_STEP][PASSED] - m = getText(findTestObject("Выполнение бизнес-плана/Период")): Text of object 'Object Repository/Выполнение бизнес-плана/Период' is: '1, 2 кв., Июль, Август 2024 года'

16-10-2024T09:23:11 - [MESSAGE][PASSED] - Text of object 'Object Repository/Выполнение бизнес-плана/Период' is: '1, 2 кв., Июль, Август 2024 года'

16-10-2024T09:23:11 - [TEST_STEP][PASSED] - m = m.substring(0, m.indexOf("2024")): null

16-10-2024T09:23:11 - [TEST_STEP][PASSED] - m = m.trim(): null

16-10-2024T09:23:11 - [TEST_STEP][PASSED] - dashboardName = "Выполнение бизнес-плана": null

16-10-2024T09:23:11 - [TEST_STEP][PASSED] - workbook01 = getWorkbook(excelFilePath): null

16-10-2024T09:23:12 - [TEST_STEP][PASSED] - sheet01 = getExcelSheet(workbook01, sheetName): null

16-10-2024T09:23:12 - [TEST_STEP][PASSED] - setValueToCellByIndex(sheet01, n, 0, dashboardName): null

16-10-2024T09:23:12 - [TEST_STEP][PASSED] - setValueToCellByIndex(sheet01, n, 1, dZO): null

16-10-2024T09:23:12 - [TEST_STEP][PASSED] - setValueToCellByIndex(sheet01, n, 2, typeOfData): null

16-10-2024T09:23:12 - [TEST_STEP][PASSED] - if (typeOfData == "Факт в процентах" || typeOfData == "План в процентах"): null

16-10-2024T09:23:12 - [TEST_STEP][PASSED] - else: null

16-10-2024T09:23:12 - [TEST_STEP][PASSED] - setValueToCellByIndex(sheet01, n, 3, fileInt): null

16-10-2024T09:23:12 - [TEST_STEP][PASSED] - setValueToCellByIndex(sheet01, n, 4, pageInt): null

16-10-2024T09:23:12 - [TEST_STEP][PASSED] - setValueToCellByIndex(sheet01, n, 5, m): null

16-10-2024T09:23:12 - [TEST_STEP][PASSED] - setValueToCellByIndex(sheet01, n, 6, y): null

16-10-2024T09:23:12 - [TEST_STEP][PASSED] - setValueToCellByIndex(sheet01, n, 7, todaysDate): null

16-10-2024T09:23:12 - [TEST_STEP][PASSED] - n = n + 1: null

16-10-2024T09:23:12 - [TEST_STEP][PASSED] - saveWorkbook(excelFilePath, workbook01): null

16-10-2024T09:23:12 - [TEST_STEP][PASSED] - if (planFact == 2): null

16-10-2024T09:23:12 - [TEST_STEP][PASSED] - if (planFact == 1): null

16-10-2024T09:23:12 - [TEST_STEP][PASSED] - else if (planFact == 2): null

16-10-2024T09:23:12 - [TEST_STEP][PASSED] - click(findTestObject("Выполнение бизнес-плана/Кнопка План")): Object: 'Object Repository/Выполнение бизнес-плана/Кнопка План' is clicked on

16-10-2024T09:23:12 - [MESSAGE][PASSED] - Object: 'Object Repository/Выполнение бизнес-плана/Кнопка План' is clicked on

16-10-2024T09:23:12 - [TEST_STEP][PASSED] - typeOfDataMain = "План": null

16-10-2024T09:23:12 - [TEST_STEP][PASSED] - otpusk = findTestData("PlanFact").getValue(2, a): null

16-10-2024T09:23:12 - [TEST_STEP][PASSED] - poteri = findTestData("PlanFact").getValue(3, a): null

16-10-2024T09:23:12 - [TEST_STEP][PASSED] - otpusk = otpusk.replaceAll("\s+", ""): null

16-10-2024T09:23:12 - [TEST_STEP][PASSED] - poteri = poteri.replaceAll("\s+", ""): null

16-10-2024T09:23:12 - [TEST_STEP][PASSED] - typeOfData = typeOfDataMain + " Отпуск в сеть": null

16-10-2024T09:23:12 - [TEST_STEP][PASSED] - if (a == 82): null

16-10-2024T09:23:12 - [TEST_STEP][PASSED] - else if (a == 84): null

16-10-2024T09:23:12 - [TEST_STEP][PASSED] - else if (a == 52 || a == 72 || a == 28 || a == 73 || a == 77 || a == 74 || a == 65 || a == 36 || a == 44 || a == 53 || a == 80 || a == 54 || a == 1 || a == 18 || a == 59 || a == 81): null

16-10-2024T09:23:12 - [TEST_STEP][PASSED] - else: null

16-10-2024T09:23:12 - [TEST_STEP][PASSED] - path = dataFolder + typeOfData + " за отчётный период " + b: null

16-10-2024T09:23:12 - [TEST_STEP][PASSED] - println(path): null

16-10-2024T09:23:12 - [TEST_STEP][PASSED] - page = getText(findTestObject(path)): Text of object 'Object Repository/Выполнение бизнес-плана/Значения со страницы Выполнение бизнес-плана/План Отпуск в сеть за отчётный период Рязаньэнерго' is: '3 638 325'

16-10-2024T09:23:13 - [MESSAGE][PASSED] - Text of object 'Object Repository/Выполнение бизнес-плана/Значения со страницы Выполнение бизнес-плана/План Отпуск в сеть за отчётный период Рязаньэнерго' is: '3 638 325'

16-10-2024T09:23:13 - [TEST_STEP][PASSED] - page = page.replaceAll("\s+", ""): null

16-10-2024T09:23:13 - [TEST_STEP][PASSED] - fileOtpuskVSet = otpusk.toInteger(): null

16-10-2024T09:23:13 - [TEST_STEP][PASSED] - pageOtpuskVSet = page.toInteger(): null

16-10-2024T09:23:13 - [TEST_STEP][PASSED] - typeOfData = typeOfDataMain + " Потери": null

16-10-2024T09:23:13 - [TEST_STEP][PASSED] - if (a == 82): null

16-10-2024T09:23:13 - [TEST_STEP][PASSED] - else if (a == 84): null

16-10-2024T09:23:13 - [TEST_STEP][PASSED] - else if (a == 52 || a == 72 || a == 28 || a == 73 || a == 77 || a == 74 || a == 65 || a == 36 || a == 44 || a == 53 || a == 80 || a == 54 || a == 1 || a == 18 || a == 59 || a == 81): null

16-10-2024T09:23:13 - [TEST_STEP][PASSED] - else: null

16-10-2024T09:23:13 - [TEST_STEP][PASSED] - path = dataFolder + typeOfData + " за отчётный период " + b: null

16-10-2024T09:23:13 - [TEST_STEP][PASSED] - page = getText(findTestObject(path)): Text of object 'Object Repository/Выполнение бизнес-плана/Значения со страницы Выполнение бизнес-плана/План Потери за отчётный период Рязаньэнерго' is: '163 459'

16-10-2024T09:23:13 - [MESSAGE][PASSED] - Text of object 'Object Repository/Выполнение бизнес-плана/Значения со страницы Выполнение бизнес-плана/План Потери за отчётный период Рязаньэнерго' is: '163 459'

16-10-2024T09:23:13 - [TEST_STEP][PASSED] - page = page.replaceAll("\s+", ""): null

16-10-2024T09:23:13 - [TEST_STEP][PASSED] - filePoteri = poteri.toInteger(): null

16-10-2024T09:23:13 - [TEST_STEP][PASSED] - pagePoteri = page.toInteger(): null

16-10-2024T09:23:13 - [TEST_STEP][PASSED] - compare = pageOtpuskVSet: null

16-10-2024T09:23:13 - [TEST_STEP][PASSED] - if (compare == fileOtpuskVSet): null

16-10-2024T09:23:13 - [TEST_STEP][PASSED] - else if (compare > fileOtpuskVSet): null

16-10-2024T09:23:13 - [TEST_STEP][PASSED] - compare = compare - 1: null

16-10-2024T09:23:13 - [TEST_STEP][PASSED] - if (compare == fileOtpuskVSet): null

16-10-2024T09:23:13 - [TEST_STEP][PASSED] - else: null

16-10-2024T09:23:13 - [TEST_STEP][PASSED] - numberOfErrors = numberOfErrors + 1: null

16-10-2024T09:23:13 - [TEST_STEP][PASSED] - pageInt = pageOtpuskVSet: null

16-10-2024T09:23:13 - [TEST_STEP][PASSED] - fileInt = fileOtpuskVSet: null

16-10-2024T09:23:13 - [TEST_STEP][PASSED] - typeOfData = typeOfDataMain + " Отпуск в сеть": null

16-10-2024T09:23:13 - [TEST_STEP][PASSED] - Script1718980020443.WriteToExcel(a, typeOfData, todaysDate, pageInt, fileInt, pageDouble, fileDouble, dZO): null

16-10-2024T09:23:13 - [TEST_STEP][PASSED] - sheetName = "Sheet1": null

16-10-2024T09:23:13 - [TEST_STEP][PASSED] - data = findTestData("PlanFact"): null

16-10-2024T09:23:13 - [TEST_STEP][PASSED] - n = data.getRowNumbers() + 1: null

16-10-2024T09:23:13 - [TEST_STEP][PASSED] - year = todaysDate.substring(todaysDate.length() - 4, todaysDate.length()): null

16-10-2024T09:23:13 - [TEST_STEP][PASSED] - y = year.toInteger(): null

16-10-2024T09:23:13 - [TEST_STEP][PASSED] - m = getText(findTestObject("Выполнение бизнес-плана/Период")): Text of object 'Object Repository/Выполнение бизнес-плана/Период' is: '1, 2 кв., Июль, Август 2024 года'

16-10-2024T09:23:14 - [MESSAGE][PASSED] - Text of object 'Object Repository/Выполнение бизнес-плана/Период' is: '1, 2 кв., Июль, Август 2024 года'

16-10-2024T09:23:14 - [TEST_STEP][PASSED] - m = m.substring(0, m.indexOf("2024")): null

16-10-2024T09:23:14 - [TEST_STEP][PASSED] - m = m.trim(): null

16-10-2024T09:23:14 - [TEST_STEP][PASSED] - dashboardName = "Выполнение бизнес-плана": null

16-10-2024T09:23:14 - [TEST_STEP][PASSED] - workbook01 = getWorkbook(excelFilePath): null

16-10-2024T09:23:14 - [TEST_STEP][PASSED] - sheet01 = getExcelSheet(workbook01, sheetName): null

16-10-2024T09:23:14 - [TEST_STEP][PASSED] - setValueToCellByIndex(sheet01, n, 0, dashboardName): null

16-10-2024T09:23:14 - [TEST_STEP][PASSED] - setValueToCellByIndex(sheet01, n, 1, dZO): null

16-10-2024T09:23:14 - [TEST_STEP][PASSED] - setValueToCellByIndex(sheet01, n, 2, typeOfData): null

16-10-2024T09:23:14 - [TEST_STEP][PASSED] - if (typeOfData == "Факт в процентах" || typeOfData == "План в процентах"): null

16-10-2024T09:23:14 - [TEST_STEP][PASSED] - else: null

16-10-2024T09:23:14 - [TEST_STEP][PASSED] - setValueToCellByIndex(sheet01, n, 3, fileInt): null

16-10-2024T09:23:14 - [TEST_STEP][PASSED] - setValueToCellByIndex(sheet01, n, 4, pageInt): null

16-10-2024T09:23:14 - [TEST_STEP][PASSED] - setValueToCellByIndex(sheet01, n, 5, m): null

16-10-2024T09:23:14 - [TEST_STEP][PASSED] - setValueToCellByIndex(sheet01, n, 6, y): null

16-10-2024T09:23:14 - [TEST_STEP][PASSED] - setValueToCellByIndex(sheet01, n, 7, todaysDate): null

16-10-2024T09:23:14 - [TEST_STEP][PASSED] - n = n + 1: null

16-10-2024T09:23:14 - [TEST_STEP][PASSED] - saveWorkbook(excelFilePath, workbook01): null

16-10-2024T09:23:14 - [TEST_STEP][PASSED] - compare = pagePoteri: null

16-10-2024T09:23:14 - [TEST_STEP][PASSED] - if (compare == filePoteri): null

16-10-2024T09:23:14 - [TEST_STEP][PASSED] - else if (compare > filePoteri): null

16-10-2024T09:23:14 - [TEST_STEP][PASSED] - compare = compare - 1: null

16-10-2024T09:23:14 - [TEST_STEP][PASSED] - if (compare == filePoteri): null

16-10-2024T09:23:14 - [TEST_STEP][PASSED] - else: null

16-10-2024T09:23:14 - [TEST_STEP][PASSED] - numberOfErrors = numberOfErrors + 1: null

16-10-2024T09:23:14 - [TEST_STEP][PASSED] - pageInt = pagePoteri: null

16-10-2024T09:23:14 - [TEST_STEP][PASSED] - fileInt = filePoteri: null

16-10-2024T09:23:14 - [TEST_STEP][PASSED] - typeOfData = typeOfDataMain + " Потери": null

16-10-2024T09:23:14 - [TEST_STEP][PASSED] - Script1718980020443.WriteToExcel(a, typeOfData, todaysDate, pageInt, fileInt, pageDouble, fileDouble, dZO): null

16-10-2024T09:23:14 - [TEST_STEP][PASSED] - sheetName = "Sheet1": null

16-10-2024T09:23:14 - [TEST_STEP][PASSED] - data = findTestData("PlanFact"): null

16-10-2024T09:23:14 - [TEST_STEP][PASSED] - n = data.getRowNumbers() + 1: null

16-10-2024T09:23:14 - [TEST_STEP][PASSED] - year = todaysDate.substring(todaysDate.length() - 4, todaysDate.length()): null

16-10-2024T09:23:14 - [TEST_STEP][PASSED] - y = year.toInteger(): null

16-10-2024T09:23:14 - [TEST_STEP][PASSED] - m = getText(findTestObject("Выполнение бизнес-плана/Период")): Text of object 'Object Repository/Выполнение бизнес-плана/Период' is: '1, 2 кв., Июль, Август 2024 года'

16-10-2024T09:23:14 - [MESSAGE][PASSED] - Text of object 'Object Repository/Выполнение бизнес-плана/Период' is: '1, 2 кв., Июль, Август 2024 года'

16-10-2024T09:23:14 - [TEST_STEP][PASSED] - m = m.substring(0, m.indexOf("2024")): null

16-10-2024T09:23:14 - [TEST_STEP][PASSED] - m = m.trim(): null

16-10-2024T09:23:14 - [TEST_STEP][PASSED] - dashboardName = "Выполнение бизнес-плана": null

16-10-2024T09:23:14 - [TEST_STEP][PASSED] - workbook01 = getWorkbook(excelFilePath): null

16-10-2024T09:23:14 - [TEST_STEP][PASSED] - sheet01 = getExcelSheet(workbook01, sheetName): null

16-10-2024T09:23:14 - [TEST_STEP][PASSED] - setValueToCellByIndex(sheet01, n, 0, dashboardName): null

16-10-2024T09:23:14 - [TEST_STEP][PASSED] - setValueToCellByIndex(sheet01, n, 1, dZO): null

16-10-2024T09:23:14 - [TEST_STEP][PASSED] - setValueToCellByIndex(sheet01, n, 2, typeOfData): null

16-10-2024T09:23:14 - [TEST_STEP][PASSED] - if (typeOfData == "Факт в процентах" || typeOfData == "План в процентах"): null

16-10-2024T09:23:14 - [TEST_STEP][PASSED] - else: null

16-10-2024T09:23:14 - [TEST_STEP][PASSED] - setValueToCellByIndex(sheet01, n, 3, fileInt): null

16-10-2024T09:23:14 - [TEST_STEP][PASSED] - setValueToCellByIndex(sheet01, n, 4, pageInt): null

16-10-2024T09:23:14 - [TEST_STEP][PASSED] - setValueToCellByIndex(sheet01, n, 5, m): null

16-10-2024T09:23:14 - [TEST_STEP][PASSED] - setValueToCellByIndex(sheet01, n, 6, y): null

16-10-2024T09:23:14 - [TEST_STEP][PASSED] - setValueToCellByIndex(sheet01, n, 7, todaysDate): null

16-10-2024T09:23:14 - [TEST_STEP][PASSED] - n = n + 1: null

16-10-2024T09:23:14 - [TEST_STEP][PASSED] - saveWorkbook(excelFilePath, workbook01): Object: 'Object Repository/Выполнение бизнес-плана/Кнопка Факт' is clicked on

16-10-2024T09:23:15 - [TEST_STEP][PASSED] - if (planFact == 2): Object: 'Object Repository/Выполнение бизнес-плана/Кнопка Факт' is clicked on

16-10-2024T09:23:15 - [TEST_STEP][PASSED] - click(findTestObject("Выполнение бизнес-плана/Кнопка Факт")): Object: 'Object Repository/Выполнение бизнес-плана/Кнопка Факт' is clicked on

16-10-2024T09:23:15 - [MESSAGE][PASSED] - Object: 'Object Repository/Выполнение бизнес-плана/Кнопка Факт' is clicked on

16-10-2024T09:23:15 - [TEST_STEP][PASSED] - if (a == 84 || a == 82): null

16-10-2024T09:23:15 - [TEST_STEP][PASSED] - else if (a == 52 || a == 72 || a == 28 || a == 73 || a == 77 || a == 74 || a == 65 || a == 36 || a == 44 || a == 53 || a == 80 || a == 54 || a == 1 || a == 18 || a == 59 || a == 81): null

16-10-2024T09:23:15 - [TEST_STEP][PASSED] - else: null

16-10-2024T09:23:15 - [TEST_STEP][PASSED] - page1 = getText(findTestObject("Object Repository/Выполнение бизнес-плана/spanPlan" + filialNum)): Text of object 'Object Repository/Выполнение бизнес-плана/spanPlan7' is: '4.49
|'

16-10-2024T09:23:15 - [MESSAGE][PASSED] - Text of object 'Object Repository/Выполнение бизнес-плана/spanPlan7' is: '4.49
|'

16-10-2024T09:23:15 - [TEST_STEP][PASSED] - page1 = page1.replace("|", ""): null

16-10-2024T09:23:15 - [TEST_STEP][PASSED] - page2 = getText(findTestObject("Object Repository/Выполнение бизнес-плана/spanFact" + filialNum)): Text of object 'Object Repository/Выполнение бизнес-плана/spanFact7' is: '4.56
|'

16-10-2024T09:23:16 - [MESSAGE][PASSED] - Text of object 'Object Repository/Выполнение бизнес-плана/spanFact7' is: '4.56
|'

16-10-2024T09:23:16 - [TEST_STEP][PASSED] - page2 = page2.replace("|", ""): null

16-10-2024T09:23:16 - [TEST_STEP][PASSED] - println("page1: " + page1): null

16-10-2024T09:23:16 - [TEST_STEP][PASSED] - println("page2: " + page2): null

16-10-2024T09:23:16 - [TEST_STEP][PASSED] - file = findTestData("PlanFact").getValue(4, a): null

16-10-2024T09:23:16 - [TEST_STEP][PASSED] - file = file.replace(",", "."): null

16-10-2024T09:23:16 - [TEST_STEP][PASSED] - println("file Plan: " + file): null

16-10-2024T09:23:16 - [TEST_STEP][PASSED] - typeOfData = "План в процентах": null

16-10-2024T09:23:16 - [TEST_STEP][PASSED] - fileDouble = file.toDouble(): null

16-10-2024T09:23:16 - [TEST_STEP][PASSED] - pageDouble = page1.toDouble(): null

16-10-2024T09:23:16 - [TEST_STEP][PASSED] - if (fileDouble != pageDouble): null

16-10-2024T09:23:16 - [TEST_STEP][PASSED] - numberOfErrors = numberOfErrors + 1: null

16-10-2024T09:23:16 - [TEST_STEP][PASSED] - Script1718980020443.WriteToExcel(a, typeOfData, todaysDate, pageInt, fileInt, pageDouble, fileDouble, dZO): null

16-10-2024T09:23:16 - [TEST_STEP][PASSED] - sheetName = "Sheet1": null

16-10-2024T09:23:16 - [TEST_STEP][PASSED] - data = findTestData("PlanFact"): null

16-10-2024T09:23:16 - [TEST_STEP][PASSED] - n = data.getRowNumbers() + 1: null

16-10-2024T09:23:16 - [TEST_STEP][PASSED] - year = todaysDate.substring(todaysDate.length() - 4, todaysDate.length()): null

16-10-2024T09:23:16 - [TEST_STEP][PASSED] - y = year.toInteger(): null

16-10-2024T09:23:16 - [TEST_STEP][PASSED] - m = getText(findTestObject("Выполнение бизнес-плана/Период")): Text of object 'Object Repository/Выполнение бизнес-плана/Период' is: '1, 2 кв., Июль, Август 2024 года'

16-10-2024T09:23:16 - [MESSAGE][PASSED] - Text of object 'Object Repository/Выполнение бизнес-плана/Период' is: '1, 2 кв., Июль, Август 2024 года'

16-10-2024T09:23:16 - [TEST_STEP][PASSED] - m = m.substring(0, m.indexOf("2024")): null

16-10-2024T09:23:16 - [TEST_STEP][PASSED] - m = m.trim(): null

16-10-2024T09:23:16 - [TEST_STEP][PASSED] - dashboardName = "Выполнение бизнес-плана": null

16-10-2024T09:23:16 - [TEST_STEP][PASSED] - workbook01 = getWorkbook(excelFilePath): null

16-10-2024T09:23:16 - [TEST_STEP][PASSED] - sheet01 = getExcelSheet(workbook01, sheetName): null

16-10-2024T09:23:16 - [TEST_STEP][PASSED] - setValueToCellByIndex(sheet01, n, 0, dashboardName): null

16-10-2024T09:23:16 - [TEST_STEP][PASSED] - setValueToCellByIndex(sheet01, n, 1, dZO): null

16-10-2024T09:23:16 - [TEST_STEP][PASSED] - setValueToCellByIndex(sheet01, n, 2, typeOfData): null

16-10-2024T09:23:16 - [TEST_STEP][PASSED] - if (typeOfData == "Факт в процентах" || typeOfData == "План в процентах"): null

16-10-2024T09:23:16 - [TEST_STEP][PASSED] - setValueToCellByIndex(sheet01, n, 3, fileDouble): null

16-10-2024T09:23:16 - [TEST_STEP][PASSED] - setValueToCellByIndex(sheet01, n, 4, pageDouble): null

16-10-2024T09:23:16 - [TEST_STEP][PASSED] - setValueToCellByIndex(sheet01, n, 5, m): null

16-10-2024T09:23:16 - [TEST_STEP][PASSED] - setValueToCellByIndex(sheet01, n, 6, y): null

16-10-2024T09:23:16 - [TEST_STEP][PASSED] - setValueToCellByIndex(sheet01, n, 7, todaysDate): null

16-10-2024T09:23:16 - [TEST_STEP][PASSED] - n = n + 1: null

16-10-2024T09:23:16 - [TEST_STEP][PASSED] - saveWorkbook(excelFilePath, workbook01): null

16-10-2024T09:23:16 - [TEST_STEP][PASSED] - file = findTestData("PlanFact").getValue(7, a): null

16-10-2024T09:23:16 - [TEST_STEP][PASSED] - file = file.replace(",", "."): null

16-10-2024T09:23:16 - [TEST_STEP][PASSED] - println("file Fact: " + file): null

16-10-2024T09:23:16 - [TEST_STEP][PASSED] - fileDouble = file.toDouble(): null

16-10-2024T09:23:16 - [TEST_STEP][PASSED] - typeOfData = "Факт в процентах": null

16-10-2024T09:23:16 - [TEST_STEP][PASSED] - fileDouble = file.toDouble(): null

16-10-2024T09:23:16 - [TEST_STEP][PASSED] - pageDouble = page2.toDouble(): null

16-10-2024T09:23:16 - [TEST_STEP][PASSED] - if (fileDouble != pageDouble): null

16-10-2024T09:23:16 - [TEST_STEP][PASSED] - numberOfErrors = numberOfErrors + 1: null

16-10-2024T09:23:16 - [TEST_STEP][PASSED] - Script1718980020443.WriteToExcel(a, typeOfData, todaysDate, pageInt, fileInt, pageDouble, fileDouble, dZO): null

16-10-2024T09:23:16 - [TEST_STEP][PASSED] - sheetName = "Sheet1": null

16-10-2024T09:23:16 - [TEST_STEP][PASSED] - data = findTestData("PlanFact"): null

16-10-2024T09:23:16 - [TEST_STEP][PASSED] - n = data.getRowNumbers() + 1: null

16-10-2024T09:23:16 - [TEST_STEP][PASSED] - year = todaysDate.substring(todaysDate.length() - 4, todaysDate.length()): null

16-10-2024T09:23:16 - [TEST_STEP][PASSED] - y = year.toInteger(): null

16-10-2024T09:23:16 - [TEST_STEP][PASSED] - m = getText(findTestObject("Выполнение бизнес-плана/Период")): Text of object 'Object Repository/Выполнение бизнес-плана/Период' is: '1, 2 кв., Июль, Август 2024 года'

16-10-2024T09:23:17 - [MESSAGE][PASSED] - Text of object 'Object Repository/Выполнение бизнес-плана/Период' is: '1, 2 кв., Июль, Август 2024 года'

16-10-2024T09:23:17 - [TEST_STEP][PASSED] - m = m.substring(0, m.indexOf("2024")): null

16-10-2024T09:23:17 - [TEST_STEP][PASSED] - m = m.trim(): null

16-10-2024T09:23:17 - [TEST_STEP][PASSED] - dashboardName = "Выполнение бизнес-плана": null

16-10-2024T09:23:17 - [TEST_STEP][PASSED] - workbook01 = getWorkbook(excelFilePath): null

16-10-2024T09:23:17 - [TEST_STEP][PASSED] - sheet01 = getExcelSheet(workbook01, sheetName): null

16-10-2024T09:23:17 - [TEST_STEP][PASSED] - setValueToCellByIndex(sheet01, n, 0, dashboardName): null

16-10-2024T09:23:17 - [TEST_STEP][PASSED] - setValueToCellByIndex(sheet01, n, 1, dZO): null

16-10-2024T09:23:17 - [TEST_STEP][PASSED] - setValueToCellByIndex(sheet01, n, 2, typeOfData): null

16-10-2024T09:23:17 - [TEST_STEP][PASSED] - if (typeOfData == "Факт в процентах" || typeOfData == "План в процентах"): null

16-10-2024T09:23:17 - [TEST_STEP][PASSED] - setValueToCellByIndex(sheet01, n, 3, fileDouble): null

16-10-2024T09:23:17 - [TEST_STEP][PASSED] - setValueToCellByIndex(sheet01, n, 4, pageDouble): null

16-10-2024T09:23:17 - [TEST_STEP][PASSED] - setValueToCellByIndex(sheet01, n, 5, m): null

16-10-2024T09:23:17 - [TEST_STEP][PASSED] - setValueToCellByIndex(sheet01, n, 6, y): null

16-10-2024T09:23:17 - [TEST_STEP][PASSED] - setValueToCellByIndex(sheet01, n, 7, todaysDate): null

16-10-2024T09:23:17 - [TEST_STEP][PASSED] - n = n + 1: null

16-10-2024T09:23:17 - [TEST_STEP][PASSED] - saveWorkbook(excelFilePath, workbook01): null

16-10-2024T09:23:17 - [TEST_STEP][FAILED] - if (verifyEqual(numberOfErrors, 0) == false): null

16-10-2024T09:23:17 - [MESSAGE][FAILED] - Unable to verify equal between actual object '6' and expected object '0' (Root cause: com.kms.katalon.core.exception.StepFailedException: Actual object '6' and expected object '0' are not equal
	at com.kms.katalon.core.keyword.builtin.VerifyEqualKeyword$_verifyEqual_closure1.doCall(VerifyEqualKeyword.groovy:58)
	at com.kms.katalon.core.keyword.builtin.VerifyEqualKeyword$_verifyEqual_closure1.call(VerifyEqualKeyword.groovy)
	at com.kms.katalon.core.keyword.internal.KeywordMain.runKeyword(KeywordMain.groovy:75)
	at com.kms.katalon.core.keyword.builtin.VerifyEqualKeyword.verifyEqual(VerifyEqualKeyword.groovy:63)
	at com.kms.katalon.core.keyword.builtin.VerifyEqualKeyword.execute(VerifyEqualKeyword.groovy:44)
	at com.kms.katalon.core.keyword.internal.KeywordExecutor.executeKeywordForPlatform(KeywordExecutor.groovy:74)
	at com.kms.katalon.core.keyword.BuiltinKeywords.verifyEqual(BuiltinKeywords.groovy:146)
	at jdk.internal.reflect.GeneratedMethodAccessor25.invoke(Unknown Source)
	at java.base/jdk.internal.reflect.DelegatingMethodAccessorImpl.invoke(DelegatingMethodAccessorImpl.java:43)
	at Выполнение бизнес-плана Сверка ПАО Россети все филиалы.Numbers(Выполнение бизнес-плана Сверка ПАО Россети все филиалы:749)
	at Выполнение бизнес-плана Сверка ПАО Россети все филиалы.Filials(Выполнение бизнес-плана Сверка ПАО Россети все филиалы:1422)
	at Выполнение бизнес-плана Сверка ПАО Россети все филиалы.Numbers(Выполнение бизнес-плана Сверка ПАО Россети все филиалы:754)
	at Выполнение бизнес-плана Сверка ПАО Россети все филиалы.run(Выполнение бизнес-плана Сверка ПАО Россети все филиалы:411)
	at com.kms.katalon.core.main.ScriptEngine.run(ScriptEngine.java:194)
	at com.kms.katalon.core.main.ScriptEngine.runScriptAsRawText(ScriptEngine.java:119)
	at com.kms.katalon.core.main.TestCaseExecutor.runScript(TestCaseExecutor.java:448)
	at com.kms.katalon.core.main.TestCaseExecutor.doExecute(TestCaseExecutor.java:439)
	at com.kms.katalon.core.main.TestCaseExecutor.processExecutionPhase(TestCaseExecutor.java:418)
	at com.kms.katalon.core.main.TestCaseExecutor.accessMainPhase(TestCaseExecutor.java:410)
	at com.kms.katalon.core.main.TestCaseExecutor.execute(TestCaseExecutor.java:285)
	at com.kms.katalon.core.common.CommonExecutor.accessTestCaseMainPhase(CommonExecutor.java:65)
	at com.kms.katalon.core.main.TestSuiteExecutor.accessTestSuiteMainPhase(TestSuiteExecutor.java:150)
	at com.kms.katalon.core.main.TestSuiteExecutor.execute(TestSuiteExecutor.java:106)
	at com.kms.katalon.core.main.TestCaseMain.startTestSuite(TestCaseMain.java:180)
	at TempTestSuite1729057289574.run(TempTestSuite1729057289574.groovy:35)
	at java.base/jdk.internal.reflect.NativeMethodAccessorImpl.invoke0(Native Method)
	at java.base/jdk.internal.reflect.NativeMethodAccessorImpl.invoke(NativeMethodAccessorImpl.java:77)
	at java.base/jdk.internal.reflect.DelegatingMethodAccessorImpl.invoke(DelegatingMethodAccessorImpl.java:43)
)

16-10-2024T09:23:17 - [TEST_STEP][PASSED] - println(numberOfErrors): null

16-10-2024T09:23:17 - [TEST_STEP][PASSED] - if (a == 28 || a == 77 || a == 74 || a == 65 || a == 36 || a == 44 || a == 54 || a == 1 || a == 18 || a == 59): null

16-10-2024T09:23:17 - [TEST_STEP][PASSED] - if (a == 82): null

16-10-2024T09:23:17 - [TEST_STEP][PASSED] - dZO = "Тулэнерго": null

16-10-2024T09:23:17 - [TEST_STEP][PASSED] - a = 26: null

16-10-2024T09:23:17 - [TEST_STEP][PASSED] - if (x2.contains(dZO)): null

16-10-2024T09:23:17 - [TEST_STEP][PASSED] - filialNum = filialNum + 1: null

16-10-2024T09:23:17 - [TEST_STEP][PASSED] - Script1718980020443.Numbers(a, typeOfData, todaysDate, pageInt, fileInt, pageDouble, fileDouble, dZO, dzoNum, filialNum): null

16-10-2024T09:23:17 - [TEST_STEP][PASSED] - println(dzoNum): null

16-10-2024T09:23:17 - [TEST_STEP][PASSED] - planFact = <not implemented yet for class: org.codehaus.groovy.ast.expr.EmptyExpression>: null

16-10-2024T09:23:17 - [TEST_STEP][PASSED] - page = <not implemented yet for class: org.codehaus.groovy.ast.expr.EmptyExpression>: null

16-10-2024T09:23:17 - [TEST_STEP][PASSED] - page1 = <not implemented yet for class: org.codehaus.groovy.ast.expr.EmptyExpression>: null

16-10-2024T09:23:17 - [TEST_STEP][PASSED] - page2 = <not implemented yet for class: org.codehaus.groovy.ast.expr.EmptyExpression>: null

16-10-2024T09:23:17 - [TEST_STEP][PASSED] - filialNumberInRow = <not implemented yet for class: org.codehaus.groovy.ast.expr.EmptyExpression>: null

16-10-2024T09:23:17 - [TEST_STEP][PASSED] - filialsDzoNames = <not implemented yet for class: org.codehaus.groovy.ast.expr.EmptyExpression>: null

16-10-2024T09:23:17 - [TEST_STEP][PASSED] - numberOfFilials = <not implemented yet for class: org.codehaus.groovy.ast.expr.EmptyExpression>: null

16-10-2024T09:23:17 - [TEST_STEP][PASSED] - numberOfSpaces = <not implemented yet for class: org.codehaus.groovy.ast.expr.EmptyExpression>: null

16-10-2024T09:23:17 - [TEST_STEP][PASSED] - file = <not implemented yet for class: org.codehaus.groovy.ast.expr.EmptyExpression>: null

16-10-2024T09:23:17 - [TEST_STEP][PASSED] - otpusk = <not implemented yet for class: org.codehaus.groovy.ast.expr.EmptyExpression>: null

16-10-2024T09:23:17 - [TEST_STEP][PASSED] - poteri = <not implemented yet for class: org.codehaus.groovy.ast.expr.EmptyExpression>: null

16-10-2024T09:23:17 - [TEST_STEP][PASSED] - dataFolder = "Выполнение бизнес-плана/Значения со страницы Выполнение бизнес-плана/": null

16-10-2024T09:23:17 - [TEST_STEP][PASSED] - path = <not implemented yet for class: org.codehaus.groovy.ast.expr.EmptyExpression>: null

16-10-2024T09:23:17 - [TEST_STEP][PASSED] - typeOfDataMain = <not implemented yet for class: org.codehaus.groovy.ast.expr.EmptyExpression>: null

16-10-2024T09:23:17 - [TEST_STEP][PASSED] - fileOtpuskVSet = <not implemented yet for class: org.codehaus.groovy.ast.expr.EmptyExpression>: null

16-10-2024T09:23:17 - [TEST_STEP][PASSED] - pageOtpuskVSet = <not implemented yet for class: org.codehaus.groovy.ast.expr.EmptyExpression>: null

16-10-2024T09:23:17 - [TEST_STEP][PASSED] - filePoteri = <not implemented yet for class: org.codehaus.groovy.ast.expr.EmptyExpression>: null

16-10-2024T09:23:17 - [TEST_STEP][PASSED] - pagePoteri = <not implemented yet for class: org.codehaus.groovy.ast.expr.EmptyExpression>: null

16-10-2024T09:23:17 - [TEST_STEP][PASSED] - compare = <not implemented yet for class: org.codehaus.groovy.ast.expr.EmptyExpression>: null

16-10-2024T09:23:17 - [TEST_STEP][PASSED] - b = <not implemented yet for class: org.codehaus.groovy.ast.expr.EmptyExpression>: null

16-10-2024T09:23:17 - [TEST_STEP][PASSED] - i = <not implemented yet for class: org.codehaus.groovy.ast.expr.EmptyExpression>: null

16-10-2024T09:23:17 - [TEST_STEP][PASSED] - ii = <not implemented yet for class: org.codehaus.groovy.ast.expr.EmptyExpression>: null

16-10-2024T09:23:17 - [TEST_STEP][PASSED] - c = <not implemented yet for class: org.codehaus.groovy.ast.expr.EmptyExpression>: null

16-10-2024T09:23:17 - [TEST_STEP][PASSED] - numberOfErrors = 0: null

16-10-2024T09:23:17 - [TEST_STEP][PASSED] - if (a == 82): null

16-10-2024T09:23:17 - [TEST_STEP][PASSED] - b = findTestData("PlanFact").getValue(1, a): null

16-10-2024T09:23:17 - [TEST_STEP][PASSED] - i = b.indexOf(" (ГК)"): null

16-10-2024T09:23:17 - [TEST_STEP][PASSED] - if (i > -1): null

16-10-2024T09:23:17 - [TEST_STEP][PASSED] - i = b.indexOf("О ""): null

16-10-2024T09:23:17 - [TEST_STEP][PASSED] - if (i > -1): null

16-10-2024T09:23:17 - [TEST_STEP][PASSED] - i = b.indexOf("О «"): null

16-10-2024T09:23:17 - [TEST_STEP][PASSED] - if (i > -1): null

16-10-2024T09:23:17 - [TEST_STEP][PASSED] - i = b.indexOf("г. "): null

16-10-2024T09:23:17 - [TEST_STEP][PASSED] - if (i > -1): null

16-10-2024T09:23:17 - [TEST_STEP][PASSED] - println(b): null

16-10-2024T09:23:17 - [TEST_STEP][PASSED] - for ([planFact = 1, planFact < 3, (planFact++)]): null

16-10-2024T09:23:17 - [TEST_STEP][PASSED] - if (planFact == 1): null

16-10-2024T09:23:17 - [TEST_STEP][PASSED] - typeOfDataMain = "Факт": null

16-10-2024T09:23:17 - [TEST_STEP][PASSED] - otpusk = findTestData("PlanFact").getValue(5, a): null

16-10-2024T09:23:17 - [TEST_STEP][PASSED] - poteri = findTestData("PlanFact").getValue(6, a): null

16-10-2024T09:23:17 - [TEST_STEP][PASSED] - otpusk = otpusk.replaceAll("\s+", ""): null

16-10-2024T09:23:17 - [TEST_STEP][PASSED] - poteri = poteri.replaceAll("\s+", ""): null

16-10-2024T09:23:17 - [TEST_STEP][PASSED] - typeOfData = typeOfDataMain + " Отпуск в сеть": null

16-10-2024T09:23:17 - [TEST_STEP][PASSED] - if (a == 82): null

16-10-2024T09:23:17 - [TEST_STEP][PASSED] - else if (a == 84): null

16-10-2024T09:23:17 - [TEST_STEP][PASSED] - else if (a == 52 || a == 72 || a == 28 || a == 73 || a == 77 || a == 74 || a == 65 || a == 36 || a == 44 || a == 53 || a == 80 || a == 54 || a == 1 || a == 18 || a == 59 || a == 81): null

16-10-2024T09:23:17 - [TEST_STEP][PASSED] - else: null

16-10-2024T09:23:17 - [TEST_STEP][PASSED] - path = dataFolder + typeOfData + " за отчётный период " + b: null

16-10-2024T09:23:17 - [TEST_STEP][PASSED] - println(path): null

16-10-2024T09:23:17 - [TEST_STEP][PASSED] - page = getText(findTestObject(path)): Text of object 'Object Repository/Выполнение бизнес-плана/Значения со страницы Выполнение бизнес-плана/Факт Отпуск в сеть за отчётный период Тулэнерго' is: '4 393 424'

16-10-2024T09:23:18 - [MESSAGE][PASSED] - Text of object 'Object Repository/Выполнение бизнес-плана/Значения со страницы Выполнение бизнес-плана/Факт Отпуск в сеть за отчётный период Тулэнерго' is: '4 393 424'

16-10-2024T09:23:18 - [TEST_STEP][PASSED] - page = page.replaceAll("\s+", ""): null

16-10-2024T09:23:18 - [TEST_STEP][PASSED] - fileOtpuskVSet = otpusk.toInteger(): null

16-10-2024T09:23:18 - [TEST_STEP][PASSED] - pageOtpuskVSet = page.toInteger(): null

16-10-2024T09:23:18 - [TEST_STEP][PASSED] - typeOfData = typeOfDataMain + " Потери": null

16-10-2024T09:23:18 - [TEST_STEP][PASSED] - if (a == 82): null

16-10-2024T09:23:18 - [TEST_STEP][PASSED] - else if (a == 84): null

16-10-2024T09:23:18 - [TEST_STEP][PASSED] - else if (a == 52 || a == 72 || a == 28 || a == 73 || a == 77 || a == 74 || a == 65 || a == 36 || a == 44 || a == 53 || a == 80 || a == 54 || a == 1 || a == 18 || a == 59 || a == 81): null

16-10-2024T09:23:18 - [TEST_STEP][PASSED] - else: null

16-10-2024T09:23:18 - [TEST_STEP][PASSED] - path = dataFolder + typeOfData + " за отчётный период " + b: null

16-10-2024T09:23:18 - [TEST_STEP][PASSED] - page = getText(findTestObject(path)): Text of object 'Object Repository/Выполнение бизнес-плана/Значения со страницы Выполнение бизнес-плана/Факт Потери за отчётный период Тулэнерго' is: '321 235'

16-10-2024T09:23:18 - [MESSAGE][PASSED] - Text of object 'Object Repository/Выполнение бизнес-плана/Значения со страницы Выполнение бизнес-плана/Факт Потери за отчётный период Тулэнерго' is: '321 235'

16-10-2024T09:23:18 - [TEST_STEP][PASSED] - page = page.replaceAll("\s+", ""): null

16-10-2024T09:23:18 - [TEST_STEP][PASSED] - filePoteri = poteri.toInteger(): null

16-10-2024T09:23:18 - [TEST_STEP][PASSED] - pagePoteri = page.toInteger(): null

16-10-2024T09:23:18 - [TEST_STEP][PASSED] - compare = pageOtpuskVSet: null

16-10-2024T09:23:18 - [TEST_STEP][PASSED] - if (compare == fileOtpuskVSet): null

16-10-2024T09:23:18 - [TEST_STEP][PASSED] - else if (compare > fileOtpuskVSet): null

16-10-2024T09:23:18 - [TEST_STEP][PASSED] - compare = compare - 1: null

16-10-2024T09:23:18 - [TEST_STEP][PASSED] - if (compare == fileOtpuskVSet): null

16-10-2024T09:23:18 - [TEST_STEP][PASSED] - else: null

16-10-2024T09:23:18 - [TEST_STEP][PASSED] - numberOfErrors = numberOfErrors + 1: null

16-10-2024T09:23:18 - [TEST_STEP][PASSED] - pageInt = pageOtpuskVSet: null

16-10-2024T09:23:18 - [TEST_STEP][PASSED] - fileInt = fileOtpuskVSet: null

16-10-2024T09:23:18 - [TEST_STEP][PASSED] - typeOfData = typeOfDataMain + " Отпуск в сеть": null

16-10-2024T09:23:18 - [TEST_STEP][PASSED] - Script1718980020443.WriteToExcel(a, typeOfData, todaysDate, pageInt, fileInt, pageDouble, fileDouble, dZO): null

16-10-2024T09:23:18 - [TEST_STEP][PASSED] - sheetName = "Sheet1": null

16-10-2024T09:23:18 - [TEST_STEP][PASSED] - data = findTestData("PlanFact"): null

16-10-2024T09:23:18 - [TEST_STEP][PASSED] - n = data.getRowNumbers() + 1: null

16-10-2024T09:23:18 - [TEST_STEP][PASSED] - year = todaysDate.substring(todaysDate.length() - 4, todaysDate.length()): null

16-10-2024T09:23:18 - [TEST_STEP][PASSED] - y = year.toInteger(): null

16-10-2024T09:23:18 - [TEST_STEP][PASSED] - m = getText(findTestObject("Выполнение бизнес-плана/Период")): Text of object 'Object Repository/Выполнение бизнес-плана/Период' is: '1, 2 кв., Июль, Август 2024 года'

16-10-2024T09:23:18 - [MESSAGE][PASSED] - Text of object 'Object Repository/Выполнение бизнес-плана/Период' is: '1, 2 кв., Июль, Август 2024 года'

16-10-2024T09:23:18 - [TEST_STEP][PASSED] - m = m.substring(0, m.indexOf("2024")): null

16-10-2024T09:23:18 - [TEST_STEP][PASSED] - m = m.trim(): null

16-10-2024T09:23:18 - [TEST_STEP][PASSED] - dashboardName = "Выполнение бизнес-плана": null

16-10-2024T09:23:18 - [TEST_STEP][PASSED] - workbook01 = getWorkbook(excelFilePath): null

16-10-2024T09:23:18 - [TEST_STEP][PASSED] - sheet01 = getExcelSheet(workbook01, sheetName): null

16-10-2024T09:23:18 - [TEST_STEP][PASSED] - setValueToCellByIndex(sheet01, n, 0, dashboardName): null

16-10-2024T09:23:18 - [TEST_STEP][PASSED] - setValueToCellByIndex(sheet01, n, 1, dZO): null

16-10-2024T09:23:18 - [TEST_STEP][PASSED] - setValueToCellByIndex(sheet01, n, 2, typeOfData): null

16-10-2024T09:23:18 - [TEST_STEP][PASSED] - if (typeOfData == "Факт в процентах" || typeOfData == "План в процентах"): null

16-10-2024T09:23:18 - [TEST_STEP][PASSED] - else: null

16-10-2024T09:23:18 - [TEST_STEP][PASSED] - setValueToCellByIndex(sheet01, n, 3, fileInt): null

16-10-2024T09:23:18 - [TEST_STEP][PASSED] - setValueToCellByIndex(sheet01, n, 4, pageInt): null

16-10-2024T09:23:18 - [TEST_STEP][PASSED] - setValueToCellByIndex(sheet01, n, 5, m): null

16-10-2024T09:23:18 - [TEST_STEP][PASSED] - setValueToCellByIndex(sheet01, n, 6, y): null

16-10-2024T09:23:18 - [TEST_STEP][PASSED] - setValueToCellByIndex(sheet01, n, 7, todaysDate): null

16-10-2024T09:23:18 - [TEST_STEP][PASSED] - n = n + 1: null

16-10-2024T09:23:18 - [TEST_STEP][PASSED] - saveWorkbook(excelFilePath, workbook01): null

16-10-2024T09:23:19 - [TEST_STEP][PASSED] - compare = pagePoteri: null

16-10-2024T09:23:19 - [TEST_STEP][PASSED] - if (compare == filePoteri): null

16-10-2024T09:23:19 - [TEST_STEP][PASSED] - else if (compare > filePoteri): null

16-10-2024T09:23:19 - [TEST_STEP][PASSED] - compare = compare - 1: null

16-10-2024T09:23:19 - [TEST_STEP][PASSED] - if (compare == filePoteri): null

16-10-2024T09:23:19 - [TEST_STEP][PASSED] - else: null

16-10-2024T09:23:19 - [TEST_STEP][PASSED] - numberOfErrors = numberOfErrors + 1: null

16-10-2024T09:23:19 - [TEST_STEP][PASSED] - pageInt = pagePoteri: null

16-10-2024T09:23:19 - [TEST_STEP][PASSED] - fileInt = filePoteri: null

16-10-2024T09:23:19 - [TEST_STEP][PASSED] - typeOfData = typeOfDataMain + " Потери": null

16-10-2024T09:23:19 - [TEST_STEP][PASSED] - Script1718980020443.WriteToExcel(a, typeOfData, todaysDate, pageInt, fileInt, pageDouble, fileDouble, dZO): null

16-10-2024T09:23:19 - [TEST_STEP][PASSED] - sheetName = "Sheet1": null

16-10-2024T09:23:19 - [TEST_STEP][PASSED] - data = findTestData("PlanFact"): null

16-10-2024T09:23:19 - [TEST_STEP][PASSED] - n = data.getRowNumbers() + 1: null

16-10-2024T09:23:19 - [TEST_STEP][PASSED] - year = todaysDate.substring(todaysDate.length() - 4, todaysDate.length()): null

16-10-2024T09:23:19 - [TEST_STEP][PASSED] - y = year.toInteger(): null

16-10-2024T09:23:19 - [TEST_STEP][PASSED] - m = getText(findTestObject("Выполнение бизнес-плана/Период")): Text of object 'Object Repository/Выполнение бизнес-плана/Период' is: '1, 2 кв., Июль, Август 2024 года'

16-10-2024T09:23:19 - [MESSAGE][PASSED] - Text of object 'Object Repository/Выполнение бизнес-плана/Период' is: '1, 2 кв., Июль, Август 2024 года'

16-10-2024T09:23:19 - [TEST_STEP][PASSED] - m = m.substring(0, m.indexOf("2024")): null

16-10-2024T09:23:19 - [TEST_STEP][PASSED] - m = m.trim(): null

16-10-2024T09:23:19 - [TEST_STEP][PASSED] - dashboardName = "Выполнение бизнес-плана": null

16-10-2024T09:23:19 - [TEST_STEP][PASSED] - workbook01 = getWorkbook(excelFilePath): null

16-10-2024T09:23:19 - [TEST_STEP][PASSED] - sheet01 = getExcelSheet(workbook01, sheetName): null

16-10-2024T09:23:19 - [TEST_STEP][PASSED] - setValueToCellByIndex(sheet01, n, 0, dashboardName): null

16-10-2024T09:23:19 - [TEST_STEP][PASSED] - setValueToCellByIndex(sheet01, n, 1, dZO): null

16-10-2024T09:23:19 - [TEST_STEP][PASSED] - setValueToCellByIndex(sheet01, n, 2, typeOfData): null

16-10-2024T09:23:19 - [TEST_STEP][PASSED] - if (typeOfData == "Факт в процентах" || typeOfData == "План в процентах"): null

16-10-2024T09:23:19 - [TEST_STEP][PASSED] - else: null

16-10-2024T09:23:19 - [TEST_STEP][PASSED] - setValueToCellByIndex(sheet01, n, 3, fileInt): null

16-10-2024T09:23:19 - [TEST_STEP][PASSED] - setValueToCellByIndex(sheet01, n, 4, pageInt): null

16-10-2024T09:23:19 - [TEST_STEP][PASSED] - setValueToCellByIndex(sheet01, n, 5, m): null

16-10-2024T09:23:19 - [TEST_STEP][PASSED] - setValueToCellByIndex(sheet01, n, 6, y): null

16-10-2024T09:23:19 - [TEST_STEP][PASSED] - setValueToCellByIndex(sheet01, n, 7, todaysDate): null

16-10-2024T09:23:19 - [TEST_STEP][PASSED] - n = n + 1: null

16-10-2024T09:23:19 - [TEST_STEP][PASSED] - saveWorkbook(excelFilePath, workbook01): null

16-10-2024T09:23:19 - [TEST_STEP][PASSED] - if (planFact == 2): null

16-10-2024T09:23:19 - [TEST_STEP][PASSED] - if (planFact == 1): null

16-10-2024T09:23:19 - [TEST_STEP][PASSED] - else if (planFact == 2): null

16-10-2024T09:23:19 - [TEST_STEP][PASSED] - click(findTestObject("Выполнение бизнес-плана/Кнопка План")): Object: 'Object Repository/Выполнение бизнес-плана/Кнопка План' is clicked on

16-10-2024T09:23:20 - [MESSAGE][PASSED] - Object: 'Object Repository/Выполнение бизнес-плана/Кнопка План' is clicked on

16-10-2024T09:23:20 - [TEST_STEP][PASSED] - typeOfDataMain = "План": null

16-10-2024T09:23:20 - [TEST_STEP][PASSED] - otpusk = findTestData("PlanFact").getValue(2, a): null

16-10-2024T09:23:20 - [TEST_STEP][PASSED] - poteri = findTestData("PlanFact").getValue(3, a): null

16-10-2024T09:23:20 - [TEST_STEP][PASSED] - otpusk = otpusk.replaceAll("\s+", ""): null

16-10-2024T09:23:20 - [TEST_STEP][PASSED] - poteri = poteri.replaceAll("\s+", ""): null

16-10-2024T09:23:20 - [TEST_STEP][PASSED] - typeOfData = typeOfDataMain + " Отпуск в сеть": null

16-10-2024T09:23:20 - [TEST_STEP][PASSED] - if (a == 82): null

16-10-2024T09:23:20 - [TEST_STEP][PASSED] - else if (a == 84): null

16-10-2024T09:23:20 - [TEST_STEP][PASSED] - else if (a == 52 || a == 72 || a == 28 || a == 73 || a == 77 || a == 74 || a == 65 || a == 36 || a == 44 || a == 53 || a == 80 || a == 54 || a == 1 || a == 18 || a == 59 || a == 81): null

16-10-2024T09:23:20 - [TEST_STEP][PASSED] - else: null

16-10-2024T09:23:20 - [TEST_STEP][PASSED] - path = dataFolder + typeOfData + " за отчётный период " + b: null

16-10-2024T09:23:20 - [TEST_STEP][PASSED] - println(path): null

16-10-2024T09:23:20 - [TEST_STEP][PASSED] - page = getText(findTestObject(path)): Text of object 'Object Repository/Выполнение бизнес-плана/Значения со страницы Выполнение бизнес-плана/План Отпуск в сеть за отчётный период Тулэнерго' is: '4 168 202'

16-10-2024T09:23:20 - [MESSAGE][PASSED] - Text of object 'Object Repository/Выполнение бизнес-плана/Значения со страницы Выполнение бизнес-плана/План Отпуск в сеть за отчётный период Тулэнерго' is: '4 168 202'

16-10-2024T09:23:20 - [TEST_STEP][PASSED] - page = page.replaceAll("\s+", ""): null

16-10-2024T09:23:20 - [TEST_STEP][PASSED] - fileOtpuskVSet = otpusk.toInteger(): null

16-10-2024T09:23:20 - [TEST_STEP][PASSED] - pageOtpuskVSet = page.toInteger(): null

16-10-2024T09:23:20 - [TEST_STEP][PASSED] - typeOfData = typeOfDataMain + " Потери": null

16-10-2024T09:23:20 - [TEST_STEP][PASSED] - if (a == 82): null

16-10-2024T09:23:20 - [TEST_STEP][PASSED] - else if (a == 84): null

16-10-2024T09:23:20 - [TEST_STEP][PASSED] - else if (a == 52 || a == 72 || a == 28 || a == 73 || a == 77 || a == 74 || a == 65 || a == 36 || a == 44 || a == 53 || a == 80 || a == 54 || a == 1 || a == 18 || a == 59 || a == 81): null

16-10-2024T09:23:20 - [TEST_STEP][PASSED] - else: null

16-10-2024T09:23:20 - [TEST_STEP][PASSED] - path = dataFolder + typeOfData + " за отчётный период " + b: null

16-10-2024T09:23:20 - [TEST_STEP][PASSED] - page = getText(findTestObject(path)): Text of object 'Object Repository/Выполнение бизнес-плана/Значения со страницы Выполнение бизнес-плана/План Потери за отчётный период Тулэнерго' is: '330 900'

16-10-2024T09:23:20 - [MESSAGE][PASSED] - Text of object 'Object Repository/Выполнение бизнес-плана/Значения со страницы Выполнение бизнес-плана/План Потери за отчётный период Тулэнерго' is: '330 900'

16-10-2024T09:23:20 - [TEST_STEP][PASSED] - page = page.replaceAll("\s+", ""): null

16-10-2024T09:23:20 - [TEST_STEP][PASSED] - filePoteri = poteri.toInteger(): null

16-10-2024T09:23:20 - [TEST_STEP][PASSED] - pagePoteri = page.toInteger(): null

16-10-2024T09:23:20 - [TEST_STEP][PASSED] - compare = pageOtpuskVSet: null

16-10-2024T09:23:20 - [TEST_STEP][PASSED] - if (compare == fileOtpuskVSet): null

16-10-2024T09:23:20 - [TEST_STEP][PASSED] - else if (compare > fileOtpuskVSet): null

16-10-2024T09:23:20 - [TEST_STEP][PASSED] - compare = compare - 1: null

16-10-2024T09:23:20 - [TEST_STEP][PASSED] - if (compare == fileOtpuskVSet): null

16-10-2024T09:23:20 - [TEST_STEP][PASSED] - else: null

16-10-2024T09:23:20 - [TEST_STEP][PASSED] - numberOfErrors = numberOfErrors + 1: null

16-10-2024T09:23:20 - [TEST_STEP][PASSED] - pageInt = pageOtpuskVSet: null

16-10-2024T09:23:20 - [TEST_STEP][PASSED] - fileInt = fileOtpuskVSet: null

16-10-2024T09:23:20 - [TEST_STEP][PASSED] - typeOfData = typeOfDataMain + " Отпуск в сеть": null

16-10-2024T09:23:20 - [TEST_STEP][PASSED] - Script1718980020443.WriteToExcel(a, typeOfData, todaysDate, pageInt, fileInt, pageDouble, fileDouble, dZO): null

16-10-2024T09:23:20 - [TEST_STEP][PASSED] - sheetName = "Sheet1": null

16-10-2024T09:23:20 - [TEST_STEP][PASSED] - data = findTestData("PlanFact"): null

16-10-2024T09:23:20 - [TEST_STEP][PASSED] - n = data.getRowNumbers() + 1: null

16-10-2024T09:23:20 - [TEST_STEP][PASSED] - year = todaysDate.substring(todaysDate.length() - 4, todaysDate.length()): null

16-10-2024T09:23:20 - [TEST_STEP][PASSED] - y = year.toInteger(): null

16-10-2024T09:23:20 - [TEST_STEP][PASSED] - m = getText(findTestObject("Выполнение бизнес-плана/Период")): Text of object 'Object Repository/Выполнение бизнес-плана/Период' is: '1, 2 кв., Июль, Август 2024 года'

16-10-2024T09:23:21 - [MESSAGE][PASSED] - Text of object 'Object Repository/Выполнение бизнес-плана/Период' is: '1, 2 кв., Июль, Август 2024 года'

16-10-2024T09:23:21 - [TEST_STEP][PASSED] - m = m.substring(0, m.indexOf("2024")): null

16-10-2024T09:23:21 - [TEST_STEP][PASSED] - m = m.trim(): null

16-10-2024T09:23:21 - [TEST_STEP][PASSED] - dashboardName = "Выполнение бизнес-плана": null

16-10-2024T09:23:21 - [TEST_STEP][PASSED] - workbook01 = getWorkbook(excelFilePath): null

16-10-2024T09:23:21 - [TEST_STEP][PASSED] - sheet01 = getExcelSheet(workbook01, sheetName): null

16-10-2024T09:23:21 - [TEST_STEP][PASSED] - setValueToCellByIndex(sheet01, n, 0, dashboardName): null

16-10-2024T09:23:21 - [TEST_STEP][PASSED] - setValueToCellByIndex(sheet01, n, 1, dZO): null

16-10-2024T09:23:21 - [TEST_STEP][PASSED] - setValueToCellByIndex(sheet01, n, 2, typeOfData): null

16-10-2024T09:23:21 - [TEST_STEP][PASSED] - if (typeOfData == "Факт в процентах" || typeOfData == "План в процентах"): null

16-10-2024T09:23:21 - [TEST_STEP][PASSED] - else: null

16-10-2024T09:23:21 - [TEST_STEP][PASSED] - setValueToCellByIndex(sheet01, n, 3, fileInt): null

16-10-2024T09:23:21 - [TEST_STEP][PASSED] - setValueToCellByIndex(sheet01, n, 4, pageInt): null

16-10-2024T09:23:21 - [TEST_STEP][PASSED] - setValueToCellByIndex(sheet01, n, 5, m): null

16-10-2024T09:23:21 - [TEST_STEP][PASSED] - setValueToCellByIndex(sheet01, n, 6, y): null

16-10-2024T09:23:21 - [TEST_STEP][PASSED] - setValueToCellByIndex(sheet01, n, 7, todaysDate): null

16-10-2024T09:23:21 - [TEST_STEP][PASSED] - n = n + 1: null

16-10-2024T09:23:21 - [TEST_STEP][PASSED] - saveWorkbook(excelFilePath, workbook01): null

16-10-2024T09:23:21 - [TEST_STEP][PASSED] - compare = pagePoteri: null

16-10-2024T09:23:21 - [TEST_STEP][PASSED] - if (compare == filePoteri): null

16-10-2024T09:23:21 - [TEST_STEP][PASSED] - else if (compare > filePoteri): null

16-10-2024T09:23:21 - [TEST_STEP][PASSED] - compare = compare - 1: null

16-10-2024T09:23:21 - [TEST_STEP][PASSED] - if (compare == filePoteri): null

16-10-2024T09:23:21 - [TEST_STEP][PASSED] - else: null

16-10-2024T09:23:21 - [TEST_STEP][PASSED] - numberOfErrors = numberOfErrors + 1: null

16-10-2024T09:23:21 - [TEST_STEP][PASSED] - pageInt = pagePoteri: null

16-10-2024T09:23:21 - [TEST_STEP][PASSED] - fileInt = filePoteri: null

16-10-2024T09:23:21 - [TEST_STEP][PASSED] - typeOfData = typeOfDataMain + " Потери": null

16-10-2024T09:23:21 - [TEST_STEP][PASSED] - Script1718980020443.WriteToExcel(a, typeOfData, todaysDate, pageInt, fileInt, pageDouble, fileDouble, dZO): null

16-10-2024T09:23:21 - [TEST_STEP][PASSED] - sheetName = "Sheet1": null

16-10-2024T09:23:21 - [TEST_STEP][PASSED] - data = findTestData("PlanFact"): null

16-10-2024T09:23:21 - [TEST_STEP][PASSED] - n = data.getRowNumbers() + 1: null

16-10-2024T09:23:21 - [TEST_STEP][PASSED] - year = todaysDate.substring(todaysDate.length() - 4, todaysDate.length()): null

16-10-2024T09:23:21 - [TEST_STEP][PASSED] - y = year.toInteger(): null

16-10-2024T09:23:21 - [TEST_STEP][PASSED] - m = getText(findTestObject("Выполнение бизнес-плана/Период")): Text of object 'Object Repository/Выполнение бизнес-плана/Период' is: '1, 2 кв., Июль, Август 2024 года'

16-10-2024T09:23:21 - [MESSAGE][PASSED] - Text of object 'Object Repository/Выполнение бизнес-плана/Период' is: '1, 2 кв., Июль, Август 2024 года'

16-10-2024T09:23:21 - [TEST_STEP][PASSED] - m = m.substring(0, m.indexOf("2024")): null

16-10-2024T09:23:21 - [TEST_STEP][PASSED] - m = m.trim(): null

16-10-2024T09:23:21 - [TEST_STEP][PASSED] - dashboardName = "Выполнение бизнес-плана": null

16-10-2024T09:23:21 - [TEST_STEP][PASSED] - workbook01 = getWorkbook(excelFilePath): null

16-10-2024T09:23:22 - [TEST_STEP][PASSED] - sheet01 = getExcelSheet(workbook01, sheetName): null

16-10-2024T09:23:22 - [TEST_STEP][PASSED] - setValueToCellByIndex(sheet01, n, 0, dashboardName): null

16-10-2024T09:23:22 - [TEST_STEP][PASSED] - setValueToCellByIndex(sheet01, n, 1, dZO): null

16-10-2024T09:23:22 - [TEST_STEP][PASSED] - setValueToCellByIndex(sheet01, n, 2, typeOfData): null

16-10-2024T09:23:22 - [TEST_STEP][PASSED] - if (typeOfData == "Факт в процентах" || typeOfData == "План в процентах"): null

16-10-2024T09:23:22 - [TEST_STEP][PASSED] - else: null

16-10-2024T09:23:22 - [TEST_STEP][PASSED] - setValueToCellByIndex(sheet01, n, 3, fileInt): null

16-10-2024T09:23:22 - [TEST_STEP][PASSED] - setValueToCellByIndex(sheet01, n, 4, pageInt): null

16-10-2024T09:23:22 - [TEST_STEP][PASSED] - setValueToCellByIndex(sheet01, n, 5, m): null

16-10-2024T09:23:22 - [TEST_STEP][PASSED] - setValueToCellByIndex(sheet01, n, 6, y): null

16-10-2024T09:23:22 - [TEST_STEP][PASSED] - setValueToCellByIndex(sheet01, n, 7, todaysDate): null

16-10-2024T09:23:22 - [TEST_STEP][PASSED] - n = n + 1: null

16-10-2024T09:23:22 - [TEST_STEP][PASSED] - saveWorkbook(excelFilePath, workbook01): Object: 'Object Repository/Выполнение бизнес-плана/Кнопка Факт' is clicked on

16-10-2024T09:23:22 - [TEST_STEP][PASSED] - if (planFact == 2): Object: 'Object Repository/Выполнение бизнес-плана/Кнопка Факт' is clicked on

16-10-2024T09:23:22 - [TEST_STEP][PASSED] - click(findTestObject("Выполнение бизнес-плана/Кнопка Факт")): Object: 'Object Repository/Выполнение бизнес-плана/Кнопка Факт' is clicked on

16-10-2024T09:23:22 - [MESSAGE][PASSED] - Object: 'Object Repository/Выполнение бизнес-плана/Кнопка Факт' is clicked on

16-10-2024T09:23:22 - [TEST_STEP][PASSED] - if (a == 84 || a == 82): null

16-10-2024T09:23:22 - [TEST_STEP][PASSED] - else if (a == 52 || a == 72 || a == 28 || a == 73 || a == 77 || a == 74 || a == 65 || a == 36 || a == 44 || a == 53 || a == 80 || a == 54 || a == 1 || a == 18 || a == 59 || a == 81): null

16-10-2024T09:23:22 - [TEST_STEP][PASSED] - else: null

16-10-2024T09:23:22 - [TEST_STEP][PASSED] - page1 = getText(findTestObject("Object Repository/Выполнение бизнес-плана/spanPlan" + filialNum)): Text of object 'Object Repository/Выполнение бизнес-плана/spanPlan8' is: '7.94
|'

16-10-2024T09:23:22 - [MESSAGE][PASSED] - Text of object 'Object Repository/Выполнение бизнес-плана/spanPlan8' is: '7.94
|'

16-10-2024T09:23:22 - [TEST_STEP][PASSED] - page1 = page1.replace("|", ""): null

16-10-2024T09:23:22 - [TEST_STEP][PASSED] - page2 = getText(findTestObject("Object Repository/Выполнение бизнес-плана/spanFact" + filialNum)): Text of object 'Object Repository/Выполнение бизнес-плана/spanFact8' is: '7.31
|'

16-10-2024T09:23:23 - [MESSAGE][PASSED] - Text of object 'Object Repository/Выполнение бизнес-плана/spanFact8' is: '7.31
|'

16-10-2024T09:23:23 - [TEST_STEP][PASSED] - page2 = page2.replace("|", ""): null

16-10-2024T09:23:23 - [TEST_STEP][PASSED] - println("page1: " + page1): null

16-10-2024T09:23:23 - [TEST_STEP][PASSED] - println("page2: " + page2): null

16-10-2024T09:23:23 - [TEST_STEP][PASSED] - file = findTestData("PlanFact").getValue(4, a): null

16-10-2024T09:23:23 - [TEST_STEP][PASSED] - file = file.replace(",", "."): null

16-10-2024T09:23:23 - [TEST_STEP][PASSED] - println("file Plan: " + file): null

16-10-2024T09:23:23 - [TEST_STEP][PASSED] - typeOfData = "План в процентах": null

16-10-2024T09:23:23 - [TEST_STEP][PASSED] - fileDouble = file.toDouble(): null

16-10-2024T09:23:23 - [TEST_STEP][PASSED] - pageDouble = page1.toDouble(): null

16-10-2024T09:23:23 - [TEST_STEP][PASSED] - if (fileDouble != pageDouble): null

16-10-2024T09:23:23 - [TEST_STEP][PASSED] - numberOfErrors = numberOfErrors + 1: null

16-10-2024T09:23:23 - [TEST_STEP][PASSED] - Script1718980020443.WriteToExcel(a, typeOfData, todaysDate, pageInt, fileInt, pageDouble, fileDouble, dZO): null

16-10-2024T09:23:23 - [TEST_STEP][PASSED] - sheetName = "Sheet1": null

16-10-2024T09:23:23 - [TEST_STEP][PASSED] - data = findTestData("PlanFact"): null

16-10-2024T09:23:23 - [TEST_STEP][PASSED] - n = data.getRowNumbers() + 1: null

16-10-2024T09:23:23 - [TEST_STEP][PASSED] - year = todaysDate.substring(todaysDate.length() - 4, todaysDate.length()): null

16-10-2024T09:23:23 - [TEST_STEP][PASSED] - y = year.toInteger(): null

16-10-2024T09:23:23 - [TEST_STEP][PASSED] - m = getText(findTestObject("Выполнение бизнес-плана/Период")): Text of object 'Object Repository/Выполнение бизнес-плана/Период' is: '1, 2 кв., Июль, Август 2024 года'

16-10-2024T09:23:23 - [MESSAGE][PASSED] - Text of object 'Object Repository/Выполнение бизнес-плана/Период' is: '1, 2 кв., Июль, Август 2024 года'

16-10-2024T09:23:23 - [TEST_STEP][PASSED] - m = m.substring(0, m.indexOf("2024")): null

16-10-2024T09:23:23 - [TEST_STEP][PASSED] - m = m.trim(): null

16-10-2024T09:23:23 - [TEST_STEP][PASSED] - dashboardName = "Выполнение бизнес-плана": null

16-10-2024T09:23:23 - [TEST_STEP][PASSED] - workbook01 = getWorkbook(excelFilePath): null

16-10-2024T09:23:23 - [TEST_STEP][PASSED] - sheet01 = getExcelSheet(workbook01, sheetName): null

16-10-2024T09:23:23 - [TEST_STEP][PASSED] - setValueToCellByIndex(sheet01, n, 0, dashboardName): null

16-10-2024T09:23:23 - [TEST_STEP][PASSED] - setValueToCellByIndex(sheet01, n, 1, dZO): null

16-10-2024T09:23:23 - [TEST_STEP][PASSED] - setValueToCellByIndex(sheet01, n, 2, typeOfData): null

16-10-2024T09:23:23 - [TEST_STEP][PASSED] - if (typeOfData == "Факт в процентах" || typeOfData == "План в процентах"): null

16-10-2024T09:23:23 - [TEST_STEP][PASSED] - setValueToCellByIndex(sheet01, n, 3, fileDouble): null

16-10-2024T09:23:23 - [TEST_STEP][PASSED] - setValueToCellByIndex(sheet01, n, 4, pageDouble): null

16-10-2024T09:23:23 - [TEST_STEP][PASSED] - setValueToCellByIndex(sheet01, n, 5, m): null

16-10-2024T09:23:23 - [TEST_STEP][PASSED] - setValueToCellByIndex(sheet01, n, 6, y): null

16-10-2024T09:23:23 - [TEST_STEP][PASSED] - setValueToCellByIndex(sheet01, n, 7, todaysDate): null

16-10-2024T09:23:23 - [TEST_STEP][PASSED] - n = n + 1: null

16-10-2024T09:23:23 - [TEST_STEP][PASSED] - saveWorkbook(excelFilePath, workbook01): null

16-10-2024T09:23:23 - [TEST_STEP][PASSED] - file = findTestData("PlanFact").getValue(7, a): null

16-10-2024T09:23:24 - [TEST_STEP][PASSED] - file = file.replace(",", "."): null

16-10-2024T09:23:24 - [TEST_STEP][PASSED] - println("file Fact: " + file): null

16-10-2024T09:23:24 - [TEST_STEP][PASSED] - fileDouble = file.toDouble(): null

16-10-2024T09:23:24 - [TEST_STEP][PASSED] - typeOfData = "Факт в процентах": null

16-10-2024T09:23:24 - [TEST_STEP][PASSED] - fileDouble = file.toDouble(): null

16-10-2024T09:23:24 - [TEST_STEP][PASSED] - pageDouble = page2.toDouble(): null

16-10-2024T09:23:24 - [TEST_STEP][PASSED] - if (fileDouble != pageDouble): null

16-10-2024T09:23:24 - [TEST_STEP][PASSED] - numberOfErrors = numberOfErrors + 1: null

16-10-2024T09:23:24 - [TEST_STEP][PASSED] - Script1718980020443.WriteToExcel(a, typeOfData, todaysDate, pageInt, fileInt, pageDouble, fileDouble, dZO): null

16-10-2024T09:23:24 - [TEST_STEP][PASSED] - sheetName = "Sheet1": null

16-10-2024T09:23:24 - [TEST_STEP][PASSED] - data = findTestData("PlanFact"): null

16-10-2024T09:23:24 - [TEST_STEP][PASSED] - n = data.getRowNumbers() + 1: null

16-10-2024T09:23:24 - [TEST_STEP][PASSED] - year = todaysDate.substring(todaysDate.length() - 4, todaysDate.length()): null

16-10-2024T09:23:24 - [TEST_STEP][PASSED] - y = year.toInteger(): null

16-10-2024T09:23:24 - [TEST_STEP][PASSED] - m = getText(findTestObject("Выполнение бизнес-плана/Период")): Text of object 'Object Repository/Выполнение бизнес-плана/Период' is: '1, 2 кв., Июль, Август 2024 года'

16-10-2024T09:23:24 - [MESSAGE][PASSED] - Text of object 'Object Repository/Выполнение бизнес-плана/Период' is: '1, 2 кв., Июль, Август 2024 года'

16-10-2024T09:23:24 - [TEST_STEP][PASSED] - m = m.substring(0, m.indexOf("2024")): null

16-10-2024T09:23:24 - [TEST_STEP][PASSED] - m = m.trim(): null

16-10-2024T09:23:24 - [TEST_STEP][PASSED] - dashboardName = "Выполнение бизнес-плана": null

16-10-2024T09:23:24 - [TEST_STEP][PASSED] - workbook01 = getWorkbook(excelFilePath): null

16-10-2024T09:23:24 - [TEST_STEP][PASSED] - sheet01 = getExcelSheet(workbook01, sheetName): null

16-10-2024T09:23:24 - [TEST_STEP][PASSED] - setValueToCellByIndex(sheet01, n, 0, dashboardName): null

16-10-2024T09:23:24 - [TEST_STEP][PASSED] - setValueToCellByIndex(sheet01, n, 1, dZO): null

16-10-2024T09:23:24 - [TEST_STEP][PASSED] - setValueToCellByIndex(sheet01, n, 2, typeOfData): null

16-10-2024T09:23:24 - [TEST_STEP][PASSED] - if (typeOfData == "Факт в процентах" || typeOfData == "План в процентах"): null

16-10-2024T09:23:24 - [TEST_STEP][PASSED] - setValueToCellByIndex(sheet01, n, 3, fileDouble): null

16-10-2024T09:23:24 - [TEST_STEP][PASSED] - setValueToCellByIndex(sheet01, n, 4, pageDouble): null

16-10-2024T09:23:24 - [TEST_STEP][PASSED] - setValueToCellByIndex(sheet01, n, 5, m): null

16-10-2024T09:23:24 - [TEST_STEP][PASSED] - setValueToCellByIndex(sheet01, n, 6, y): null

16-10-2024T09:23:24 - [TEST_STEP][PASSED] - setValueToCellByIndex(sheet01, n, 7, todaysDate): null

16-10-2024T09:23:24 - [TEST_STEP][PASSED] - n = n + 1: null

16-10-2024T09:23:24 - [TEST_STEP][PASSED] - saveWorkbook(excelFilePath, workbook01): null

16-10-2024T09:23:24 - [TEST_STEP][FAILED] - if (verifyEqual(numberOfErrors, 0) == false): null

16-10-2024T09:23:24 - [MESSAGE][FAILED] - Unable to verify equal between actual object '6' and expected object '0' (Root cause: com.kms.katalon.core.exception.StepFailedException: Actual object '6' and expected object '0' are not equal
	at com.kms.katalon.core.keyword.builtin.VerifyEqualKeyword$_verifyEqual_closure1.doCall(VerifyEqualKeyword.groovy:58)
	at com.kms.katalon.core.keyword.builtin.VerifyEqualKeyword$_verifyEqual_closure1.call(VerifyEqualKeyword.groovy)
	at com.kms.katalon.core.keyword.internal.KeywordMain.runKeyword(KeywordMain.groovy:75)
	at com.kms.katalon.core.keyword.builtin.VerifyEqualKeyword.verifyEqual(VerifyEqualKeyword.groovy:63)
	at com.kms.katalon.core.keyword.builtin.VerifyEqualKeyword.execute(VerifyEqualKeyword.groovy:44)
	at com.kms.katalon.core.keyword.internal.KeywordExecutor.executeKeywordForPlatform(KeywordExecutor.groovy:74)
	at com.kms.katalon.core.keyword.BuiltinKeywords.verifyEqual(BuiltinKeywords.groovy:146)
	at jdk.internal.reflect.GeneratedMethodAccessor25.invoke(Unknown Source)
	at java.base/jdk.internal.reflect.DelegatingMethodAccessorImpl.invoke(DelegatingMethodAccessorImpl.java:43)
	at Выполнение бизнес-плана Сверка ПАО Россети все филиалы.Numbers(Выполнение бизнес-плана Сверка ПАО Россети все филиалы:749)
	at Выполнение бизнес-плана Сверка ПАО Россети все филиалы.Filials(Выполнение бизнес-плана Сверка ПАО Россети все филиалы:1434)
	at Выполнение бизнес-плана Сверка ПАО Россети все филиалы.Numbers(Выполнение бизнес-плана Сверка ПАО Россети все филиалы:754)
	at Выполнение бизнес-плана Сверка ПАО Россети все филиалы.run(Выполнение бизнес-плана Сверка ПАО Россети все филиалы:411)
	at com.kms.katalon.core.main.ScriptEngine.run(ScriptEngine.java:194)
	at com.kms.katalon.core.main.ScriptEngine.runScriptAsRawText(ScriptEngine.java:119)
	at com.kms.katalon.core.main.TestCaseExecutor.runScript(TestCaseExecutor.java:448)
	at com.kms.katalon.core.main.TestCaseExecutor.doExecute(TestCaseExecutor.java:439)
	at com.kms.katalon.core.main.TestCaseExecutor.processExecutionPhase(TestCaseExecutor.java:418)
	at com.kms.katalon.core.main.TestCaseExecutor.accessMainPhase(TestCaseExecutor.java:410)
	at com.kms.katalon.core.main.TestCaseExecutor.execute(TestCaseExecutor.java:285)
	at com.kms.katalon.core.common.CommonExecutor.accessTestCaseMainPhase(CommonExecutor.java:65)
	at com.kms.katalon.core.main.TestSuiteExecutor.accessTestSuiteMainPhase(TestSuiteExecutor.java:150)
	at com.kms.katalon.core.main.TestSuiteExecutor.execute(TestSuiteExecutor.java:106)
	at com.kms.katalon.core.main.TestCaseMain.startTestSuite(TestCaseMain.java:180)
	at TempTestSuite1729057289574.run(TempTestSuite1729057289574.groovy:35)
	at java.base/jdk.internal.reflect.NativeMethodAccessorImpl.invoke0(Native Method)
	at java.base/jdk.internal.reflect.NativeMethodAccessorImpl.invoke(NativeMethodAccessorImpl.java:77)
	at java.base/jdk.internal.reflect.DelegatingMethodAccessorImpl.invoke(DelegatingMethodAccessorImpl.java:43)
)

16-10-2024T09:23:24 - [TEST_STEP][PASSED] - println(numberOfErrors): null

16-10-2024T09:23:24 - [TEST_STEP][PASSED] - if (a == 28 || a == 77 || a == 74 || a == 65 || a == 36 || a == 44 || a == 54 || a == 1 || a == 18 || a == 59): null

16-10-2024T09:23:24 - [TEST_STEP][PASSED] - if (a == 82): null

16-10-2024T09:23:24 - [TEST_STEP][PASSED] - dZO = "Удмуртэнерго": null

16-10-2024T09:23:24 - [TEST_STEP][PASSED] - a = 27: null

16-10-2024T09:23:24 - [TEST_STEP][PASSED] - if (x2.contains(dZO)): null

16-10-2024T09:23:24 - [TEST_STEP][PASSED] - filialNum = filialNum + 1: null

16-10-2024T09:23:24 - [TEST_STEP][PASSED] - Script1718980020443.Numbers(a, typeOfData, todaysDate, pageInt, fileInt, pageDouble, fileDouble, dZO, dzoNum, filialNum): null

16-10-2024T09:23:24 - [TEST_STEP][PASSED] - println(dzoNum): null

16-10-2024T09:23:24 - [TEST_STEP][PASSED] - planFact = <not implemented yet for class: org.codehaus.groovy.ast.expr.EmptyExpression>: null

16-10-2024T09:23:24 - [TEST_STEP][PASSED] - page = <not implemented yet for class: org.codehaus.groovy.ast.expr.EmptyExpression>: null

16-10-2024T09:23:24 - [TEST_STEP][PASSED] - page1 = <not implemented yet for class: org.codehaus.groovy.ast.expr.EmptyExpression>: null

16-10-2024T09:23:24 - [TEST_STEP][PASSED] - page2 = <not implemented yet for class: org.codehaus.groovy.ast.expr.EmptyExpression>: null

16-10-2024T09:23:24 - [TEST_STEP][PASSED] - filialNumberInRow = <not implemented yet for class: org.codehaus.groovy.ast.expr.EmptyExpression>: null

16-10-2024T09:23:24 - [TEST_STEP][PASSED] - filialsDzoNames = <not implemented yet for class: org.codehaus.groovy.ast.expr.EmptyExpression>: null

16-10-2024T09:23:24 - [TEST_STEP][PASSED] - numberOfFilials = <not implemented yet for class: org.codehaus.groovy.ast.expr.EmptyExpression>: null

16-10-2024T09:23:24 - [TEST_STEP][PASSED] - numberOfSpaces = <not implemented yet for class: org.codehaus.groovy.ast.expr.EmptyExpression>: null

16-10-2024T09:23:24 - [TEST_STEP][PASSED] - file = <not implemented yet for class: org.codehaus.groovy.ast.expr.EmptyExpression>: null

16-10-2024T09:23:24 - [TEST_STEP][PASSED] - otpusk = <not implemented yet for class: org.codehaus.groovy.ast.expr.EmptyExpression>: null

16-10-2024T09:23:24 - [TEST_STEP][PASSED] - poteri = <not implemented yet for class: org.codehaus.groovy.ast.expr.EmptyExpression>: null

16-10-2024T09:23:24 - [TEST_STEP][PASSED] - dataFolder = "Выполнение бизнес-плана/Значения со страницы Выполнение бизнес-плана/": null

16-10-2024T09:23:24 - [TEST_STEP][PASSED] - path = <not implemented yet for class: org.codehaus.groovy.ast.expr.EmptyExpression>: null

16-10-2024T09:23:24 - [TEST_STEP][PASSED] - typeOfDataMain = <not implemented yet for class: org.codehaus.groovy.ast.expr.EmptyExpression>: null

16-10-2024T09:23:24 - [TEST_STEP][PASSED] - fileOtpuskVSet = <not implemented yet for class: org.codehaus.groovy.ast.expr.EmptyExpression>: null

16-10-2024T09:23:24 - [TEST_STEP][PASSED] - pageOtpuskVSet = <not implemented yet for class: org.codehaus.groovy.ast.expr.EmptyExpression>: null

16-10-2024T09:23:24 - [TEST_STEP][PASSED] - filePoteri = <not implemented yet for class: org.codehaus.groovy.ast.expr.EmptyExpression>: null

16-10-2024T09:23:24 - [TEST_STEP][PASSED] - pagePoteri = <not implemented yet for class: org.codehaus.groovy.ast.expr.EmptyExpression>: null

16-10-2024T09:23:24 - [TEST_STEP][PASSED] - compare = <not implemented yet for class: org.codehaus.groovy.ast.expr.EmptyExpression>: null

16-10-2024T09:23:24 - [TEST_STEP][PASSED] - b = <not implemented yet for class: org.codehaus.groovy.ast.expr.EmptyExpression>: null

16-10-2024T09:23:24 - [TEST_STEP][PASSED] - i = <not implemented yet for class: org.codehaus.groovy.ast.expr.EmptyExpression>: null

16-10-2024T09:23:24 - [TEST_STEP][PASSED] - ii = <not implemented yet for class: org.codehaus.groovy.ast.expr.EmptyExpression>: null

16-10-2024T09:23:24 - [TEST_STEP][PASSED] - c = <not implemented yet for class: org.codehaus.groovy.ast.expr.EmptyExpression>: null

16-10-2024T09:23:24 - [TEST_STEP][PASSED] - numberOfErrors = 0: null

16-10-2024T09:23:24 - [TEST_STEP][PASSED] - if (a == 82): null

16-10-2024T09:23:24 - [TEST_STEP][PASSED] - b = findTestData("PlanFact").getValue(1, a): null

16-10-2024T09:23:24 - [TEST_STEP][PASSED] - i = b.indexOf(" (ГК)"): null

16-10-2024T09:23:24 - [TEST_STEP][PASSED] - if (i > -1): null

16-10-2024T09:23:24 - [TEST_STEP][PASSED] - i = b.indexOf("О ""): null

16-10-2024T09:23:24 - [TEST_STEP][PASSED] - if (i > -1): null

16-10-2024T09:23:24 - [TEST_STEP][PASSED] - i = b.indexOf("О «"): null

16-10-2024T09:23:24 - [TEST_STEP][PASSED] - if (i > -1): null

16-10-2024T09:23:24 - [TEST_STEP][PASSED] - i = b.indexOf("г. "): null

16-10-2024T09:23:24 - [TEST_STEP][PASSED] - if (i > -1): null

16-10-2024T09:23:24 - [TEST_STEP][PASSED] - println(b): null

16-10-2024T09:23:24 - [TEST_STEP][PASSED] - for ([planFact = 1, planFact < 3, (planFact++)]): null

16-10-2024T09:23:24 - [TEST_STEP][PASSED] - if (planFact == 1): null

16-10-2024T09:23:24 - [TEST_STEP][PASSED] - typeOfDataMain = "Факт": null

16-10-2024T09:23:24 - [TEST_STEP][PASSED] - otpusk = findTestData("PlanFact").getValue(5, a): null

16-10-2024T09:23:24 - [TEST_STEP][PASSED] - poteri = findTestData("PlanFact").getValue(6, a): null

16-10-2024T09:23:24 - [TEST_STEP][PASSED] - otpusk = otpusk.replaceAll("\s+", ""): null

16-10-2024T09:23:24 - [TEST_STEP][PASSED] - poteri = poteri.replaceAll("\s+", ""): null

16-10-2024T09:23:24 - [TEST_STEP][PASSED] - typeOfData = typeOfDataMain + " Отпуск в сеть": null

16-10-2024T09:23:24 - [TEST_STEP][PASSED] - if (a == 82): null

16-10-2024T09:23:24 - [TEST_STEP][PASSED] - else if (a == 84): null

16-10-2024T09:23:24 - [TEST_STEP][PASSED] - else if (a == 52 || a == 72 || a == 28 || a == 73 || a == 77 || a == 74 || a == 65 || a == 36 || a == 44 || a == 53 || a == 80 || a == 54 || a == 1 || a == 18 || a == 59 || a == 81): null

16-10-2024T09:23:24 - [TEST_STEP][PASSED] - else: null

16-10-2024T09:23:24 - [TEST_STEP][PASSED] - path = dataFolder + typeOfData + " за отчётный период " + b: null

16-10-2024T09:23:24 - [TEST_STEP][PASSED] - println(path): null

16-10-2024T09:23:24 - [TEST_STEP][PASSED] - page = getText(findTestObject(path)): Text of object 'Object Repository/Выполнение бизнес-плана/Значения со страницы Выполнение бизнес-плана/Факт Отпуск в сеть за отчётный период Удмуртэнерго' is: '5 221 646'

16-10-2024T09:23:25 - [MESSAGE][PASSED] - Text of object 'Object Repository/Выполнение бизнес-плана/Значения со страницы Выполнение бизнес-плана/Факт Отпуск в сеть за отчётный период Удмуртэнерго' is: '5 221 646'

16-10-2024T09:23:25 - [TEST_STEP][PASSED] - page = page.replaceAll("\s+", ""): null

16-10-2024T09:23:25 - [TEST_STEP][PASSED] - fileOtpuskVSet = otpusk.toInteger(): null

16-10-2024T09:23:25 - [TEST_STEP][PASSED] - pageOtpuskVSet = page.toInteger(): null

16-10-2024T09:23:25 - [TEST_STEP][PASSED] - typeOfData = typeOfDataMain + " Потери": null

16-10-2024T09:23:25 - [TEST_STEP][PASSED] - if (a == 82): null

16-10-2024T09:23:25 - [TEST_STEP][PASSED] - else if (a == 84): null

16-10-2024T09:23:25 - [TEST_STEP][PASSED] - else if (a == 52 || a == 72 || a == 28 || a == 73 || a == 77 || a == 74 || a == 65 || a == 36 || a == 44 || a == 53 || a == 80 || a == 54 || a == 1 || a == 18 || a == 59 || a == 81): null

16-10-2024T09:23:25 - [TEST_STEP][PASSED] - else: null

16-10-2024T09:23:25 - [TEST_STEP][PASSED] - path = dataFolder + typeOfData + " за отчётный период " + b: null

16-10-2024T09:23:25 - [TEST_STEP][PASSED] - page = getText(findTestObject(path)): Text of object 'Object Repository/Выполнение бизнес-плана/Значения со страницы Выполнение бизнес-плана/Факт Потери за отчётный период Удмуртэнерго' is: '318 866'

16-10-2024T09:23:25 - [MESSAGE][PASSED] - Text of object 'Object Repository/Выполнение бизнес-плана/Значения со страницы Выполнение бизнес-плана/Факт Потери за отчётный период Удмуртэнерго' is: '318 866'

16-10-2024T09:23:25 - [TEST_STEP][PASSED] - page = page.replaceAll("\s+", ""): null

16-10-2024T09:23:25 - [TEST_STEP][PASSED] - filePoteri = poteri.toInteger(): null

16-10-2024T09:23:25 - [TEST_STEP][PASSED] - pagePoteri = page.toInteger(): null

16-10-2024T09:23:25 - [TEST_STEP][PASSED] - compare = pageOtpuskVSet: null

16-10-2024T09:23:25 - [TEST_STEP][PASSED] - if (compare == fileOtpuskVSet): null

16-10-2024T09:23:25 - [TEST_STEP][PASSED] - else if (compare > fileOtpuskVSet): null

16-10-2024T09:23:25 - [TEST_STEP][PASSED] - compare = compare - 1: null

16-10-2024T09:23:25 - [TEST_STEP][PASSED] - if (compare == fileOtpuskVSet): null

16-10-2024T09:23:25 - [TEST_STEP][PASSED] - else: null

16-10-2024T09:23:25 - [TEST_STEP][PASSED] - numberOfErrors = numberOfErrors + 1: null

16-10-2024T09:23:25 - [TEST_STEP][PASSED] - pageInt = pageOtpuskVSet: null

16-10-2024T09:23:25 - [TEST_STEP][PASSED] - fileInt = fileOtpuskVSet: null

16-10-2024T09:23:25 - [TEST_STEP][PASSED] - typeOfData = typeOfDataMain + " Отпуск в сеть": null

16-10-2024T09:23:25 - [TEST_STEP][PASSED] - Script1718980020443.WriteToExcel(a, typeOfData, todaysDate, pageInt, fileInt, pageDouble, fileDouble, dZO): null

16-10-2024T09:23:25 - [TEST_STEP][PASSED] - sheetName = "Sheet1": null

16-10-2024T09:23:25 - [TEST_STEP][PASSED] - data = findTestData("PlanFact"): null

16-10-2024T09:23:25 - [TEST_STEP][PASSED] - n = data.getRowNumbers() + 1: null

16-10-2024T09:23:25 - [TEST_STEP][PASSED] - year = todaysDate.substring(todaysDate.length() - 4, todaysDate.length()): null

16-10-2024T09:23:25 - [TEST_STEP][PASSED] - y = year.toInteger(): null

16-10-2024T09:23:25 - [TEST_STEP][PASSED] - m = getText(findTestObject("Выполнение бизнес-плана/Период")): Text of object 'Object Repository/Выполнение бизнес-плана/Период' is: '1, 2 кв., Июль, Август 2024 года'

16-10-2024T09:23:25 - [MESSAGE][PASSED] - Text of object 'Object Repository/Выполнение бизнес-плана/Период' is: '1, 2 кв., Июль, Август 2024 года'

16-10-2024T09:23:25 - [TEST_STEP][PASSED] - m = m.substring(0, m.indexOf("2024")): null

16-10-2024T09:23:25 - [TEST_STEP][PASSED] - m = m.trim(): null

16-10-2024T09:23:25 - [TEST_STEP][PASSED] - dashboardName = "Выполнение бизнес-плана": null

16-10-2024T09:23:25 - [TEST_STEP][PASSED] - workbook01 = getWorkbook(excelFilePath): null

16-10-2024T09:23:25 - [TEST_STEP][PASSED] - sheet01 = getExcelSheet(workbook01, sheetName): null

16-10-2024T09:23:25 - [TEST_STEP][PASSED] - setValueToCellByIndex(sheet01, n, 0, dashboardName): null

16-10-2024T09:23:25 - [TEST_STEP][PASSED] - setValueToCellByIndex(sheet01, n, 1, dZO): null

16-10-2024T09:23:25 - [TEST_STEP][PASSED] - setValueToCellByIndex(sheet01, n, 2, typeOfData): null

16-10-2024T09:23:25 - [TEST_STEP][PASSED] - if (typeOfData == "Факт в процентах" || typeOfData == "План в процентах"): null

16-10-2024T09:23:25 - [TEST_STEP][PASSED] - else: null

16-10-2024T09:23:25 - [TEST_STEP][PASSED] - setValueToCellByIndex(sheet01, n, 3, fileInt): null

16-10-2024T09:23:25 - [TEST_STEP][PASSED] - setValueToCellByIndex(sheet01, n, 4, pageInt): null

16-10-2024T09:23:25 - [TEST_STEP][PASSED] - setValueToCellByIndex(sheet01, n, 5, m): null

16-10-2024T09:23:25 - [TEST_STEP][PASSED] - setValueToCellByIndex(sheet01, n, 6, y): null

16-10-2024T09:23:25 - [TEST_STEP][PASSED] - setValueToCellByIndex(sheet01, n, 7, todaysDate): null

16-10-2024T09:23:25 - [TEST_STEP][PASSED] - n = n + 1: null

16-10-2024T09:23:25 - [TEST_STEP][PASSED] - saveWorkbook(excelFilePath, workbook01): null

16-10-2024T09:23:26 - [TEST_STEP][PASSED] - compare = pagePoteri: null

16-10-2024T09:23:26 - [TEST_STEP][PASSED] - if (compare == filePoteri): null

16-10-2024T09:23:26 - [TEST_STEP][PASSED] - else if (compare > filePoteri): null

16-10-2024T09:23:26 - [TEST_STEP][PASSED] - compare = compare - 1: null

16-10-2024T09:23:26 - [TEST_STEP][PASSED] - if (compare == filePoteri): null

16-10-2024T09:23:26 - [TEST_STEP][PASSED] - else: null

16-10-2024T09:23:26 - [TEST_STEP][PASSED] - numberOfErrors = numberOfErrors + 1: null

16-10-2024T09:23:26 - [TEST_STEP][PASSED] - pageInt = pagePoteri: null

16-10-2024T09:23:26 - [TEST_STEP][PASSED] - fileInt = filePoteri: null

16-10-2024T09:23:26 - [TEST_STEP][PASSED] - typeOfData = typeOfDataMain + " Потери": null

16-10-2024T09:23:26 - [TEST_STEP][PASSED] - Script1718980020443.WriteToExcel(a, typeOfData, todaysDate, pageInt, fileInt, pageDouble, fileDouble, dZO): null

16-10-2024T09:23:26 - [TEST_STEP][PASSED] - sheetName = "Sheet1": null

16-10-2024T09:23:26 - [TEST_STEP][PASSED] - data = findTestData("PlanFact"): null

16-10-2024T09:23:26 - [TEST_STEP][PASSED] - n = data.getRowNumbers() + 1: null

16-10-2024T09:23:26 - [TEST_STEP][PASSED] - year = todaysDate.substring(todaysDate.length() - 4, todaysDate.length()): null

16-10-2024T09:23:26 - [TEST_STEP][PASSED] - y = year.toInteger(): null

16-10-2024T09:23:26 - [TEST_STEP][PASSED] - m = getText(findTestObject("Выполнение бизнес-плана/Период")): Text of object 'Object Repository/Выполнение бизнес-плана/Период' is: '1, 2 кв., Июль, Август 2024 года'

16-10-2024T09:23:26 - [MESSAGE][PASSED] - Text of object 'Object Repository/Выполнение бизнес-плана/Период' is: '1, 2 кв., Июль, Август 2024 года'

16-10-2024T09:23:26 - [TEST_STEP][PASSED] - m = m.substring(0, m.indexOf("2024")): null

16-10-2024T09:23:26 - [TEST_STEP][PASSED] - m = m.trim(): null

16-10-2024T09:23:26 - [TEST_STEP][PASSED] - dashboardName = "Выполнение бизнес-плана": null

16-10-2024T09:23:26 - [TEST_STEP][PASSED] - workbook01 = getWorkbook(excelFilePath): null

16-10-2024T09:23:26 - [TEST_STEP][PASSED] - sheet01 = getExcelSheet(workbook01, sheetName): null

16-10-2024T09:23:26 - [TEST_STEP][PASSED] - setValueToCellByIndex(sheet01, n, 0, dashboardName): null

16-10-2024T09:23:26 - [TEST_STEP][PASSED] - setValueToCellByIndex(sheet01, n, 1, dZO): null

16-10-2024T09:23:26 - [TEST_STEP][PASSED] - setValueToCellByIndex(sheet01, n, 2, typeOfData): null

16-10-2024T09:23:26 - [TEST_STEP][PASSED] - if (typeOfData == "Факт в процентах" || typeOfData == "План в процентах"): null

16-10-2024T09:23:26 - [TEST_STEP][PASSED] - else: null

16-10-2024T09:23:26 - [TEST_STEP][PASSED] - setValueToCellByIndex(sheet01, n, 3, fileInt): null

16-10-2024T09:23:26 - [TEST_STEP][PASSED] - setValueToCellByIndex(sheet01, n, 4, pageInt): null

16-10-2024T09:23:26 - [TEST_STEP][PASSED] - setValueToCellByIndex(sheet01, n, 5, m): null

16-10-2024T09:23:26 - [TEST_STEP][PASSED] - setValueToCellByIndex(sheet01, n, 6, y): null

16-10-2024T09:23:26 - [TEST_STEP][PASSED] - setValueToCellByIndex(sheet01, n, 7, todaysDate): null

16-10-2024T09:23:26 - [TEST_STEP][PASSED] - n = n + 1: null

16-10-2024T09:23:26 - [TEST_STEP][PASSED] - saveWorkbook(excelFilePath, workbook01): null

16-10-2024T09:23:26 - [TEST_STEP][PASSED] - if (planFact == 2): null

16-10-2024T09:23:26 - [TEST_STEP][PASSED] - if (planFact == 1): null

16-10-2024T09:23:26 - [TEST_STEP][PASSED] - else if (planFact == 2): null

16-10-2024T09:23:26 - [TEST_STEP][PASSED] - click(findTestObject("Выполнение бизнес-плана/Кнопка План")): Object: 'Object Repository/Выполнение бизнес-плана/Кнопка План' is clicked on

16-10-2024T09:23:27 - [MESSAGE][PASSED] - Object: 'Object Repository/Выполнение бизнес-плана/Кнопка План' is clicked on

16-10-2024T09:23:27 - [TEST_STEP][PASSED] - typeOfDataMain = "План": null

16-10-2024T09:23:27 - [TEST_STEP][PASSED] - otpusk = findTestData("PlanFact").getValue(2, a): null

16-10-2024T09:23:27 - [TEST_STEP][PASSED] - poteri = findTestData("PlanFact").getValue(3, a): null

16-10-2024T09:23:27 - [TEST_STEP][PASSED] - otpusk = otpusk.replaceAll("\s+", ""): null

16-10-2024T09:23:27 - [TEST_STEP][PASSED] - poteri = poteri.replaceAll("\s+", ""): null

16-10-2024T09:23:27 - [TEST_STEP][PASSED] - typeOfData = typeOfDataMain + " Отпуск в сеть": null

16-10-2024T09:23:27 - [TEST_STEP][PASSED] - if (a == 82): null

16-10-2024T09:23:27 - [TEST_STEP][PASSED] - else if (a == 84): null

16-10-2024T09:23:27 - [TEST_STEP][PASSED] - else if (a == 52 || a == 72 || a == 28 || a == 73 || a == 77 || a == 74 || a == 65 || a == 36 || a == 44 || a == 53 || a == 80 || a == 54 || a == 1 || a == 18 || a == 59 || a == 81): null

16-10-2024T09:23:27 - [TEST_STEP][PASSED] - else: null

16-10-2024T09:23:27 - [TEST_STEP][PASSED] - path = dataFolder + typeOfData + " за отчётный период " + b: null

16-10-2024T09:23:27 - [TEST_STEP][PASSED] - println(path): null

16-10-2024T09:23:27 - [TEST_STEP][PASSED] - page = getText(findTestObject(path)): Text of object 'Object Repository/Выполнение бизнес-плана/Значения со страницы Выполнение бизнес-плана/План Отпуск в сеть за отчётный период Удмуртэнерго' is: '5 055 525'

16-10-2024T09:23:27 - [MESSAGE][PASSED] - Text of object 'Object Repository/Выполнение бизнес-плана/Значения со страницы Выполнение бизнес-плана/План Отпуск в сеть за отчётный период Удмуртэнерго' is: '5 055 525'

16-10-2024T09:23:27 - [TEST_STEP][PASSED] - page = page.replaceAll("\s+", ""): null

16-10-2024T09:23:27 - [TEST_STEP][PASSED] - fileOtpuskVSet = otpusk.toInteger(): null

16-10-2024T09:23:27 - [TEST_STEP][PASSED] - pageOtpuskVSet = page.toInteger(): null

16-10-2024T09:23:27 - [TEST_STEP][PASSED] - typeOfData = typeOfDataMain + " Потери": null

16-10-2024T09:23:27 - [TEST_STEP][PASSED] - if (a == 82): null

16-10-2024T09:23:27 - [TEST_STEP][PASSED] - else if (a == 84): null

16-10-2024T09:23:27 - [TEST_STEP][PASSED] - else if (a == 52 || a == 72 || a == 28 || a == 73 || a == 77 || a == 74 || a == 65 || a == 36 || a == 44 || a == 53 || a == 80 || a == 54 || a == 1 || a == 18 || a == 59 || a == 81): null

16-10-2024T09:23:27 - [TEST_STEP][PASSED] - else: null

16-10-2024T09:23:27 - [TEST_STEP][PASSED] - path = dataFolder + typeOfData + " за отчётный период " + b: null

16-10-2024T09:23:27 - [TEST_STEP][PASSED] - page = getText(findTestObject(path)): Text of object 'Object Repository/Выполнение бизнес-плана/Значения со страницы Выполнение бизнес-плана/План Потери за отчётный период Удмуртэнерго' is: '313 311'

16-10-2024T09:23:27 - [MESSAGE][PASSED] - Text of object 'Object Repository/Выполнение бизнес-плана/Значения со страницы Выполнение бизнес-плана/План Потери за отчётный период Удмуртэнерго' is: '313 311'

16-10-2024T09:23:27 - [TEST_STEP][PASSED] - page = page.replaceAll("\s+", ""): null

16-10-2024T09:23:28 - [TEST_STEP][PASSED] - filePoteri = poteri.toInteger(): null

16-10-2024T09:23:28 - [TEST_STEP][PASSED] - pagePoteri = page.toInteger(): null

16-10-2024T09:23:28 - [TEST_STEP][PASSED] - compare = pageOtpuskVSet: null

16-10-2024T09:23:28 - [TEST_STEP][PASSED] - if (compare == fileOtpuskVSet): null

16-10-2024T09:23:28 - [TEST_STEP][PASSED] - else if (compare > fileOtpuskVSet): null

16-10-2024T09:23:28 - [TEST_STEP][PASSED] - compare = compare - 1: null

16-10-2024T09:23:28 - [TEST_STEP][PASSED] - if (compare == fileOtpuskVSet): null

16-10-2024T09:23:28 - [TEST_STEP][PASSED] - else: null

16-10-2024T09:23:28 - [TEST_STEP][PASSED] - numberOfErrors = numberOfErrors + 1: null

16-10-2024T09:23:28 - [TEST_STEP][PASSED] - pageInt = pageOtpuskVSet: null

16-10-2024T09:23:28 - [TEST_STEP][PASSED] - fileInt = fileOtpuskVSet: null

16-10-2024T09:23:28 - [TEST_STEP][PASSED] - typeOfData = typeOfDataMain + " Отпуск в сеть": null

16-10-2024T09:23:28 - [TEST_STEP][PASSED] - Script1718980020443.WriteToExcel(a, typeOfData, todaysDate, pageInt, fileInt, pageDouble, fileDouble, dZO): null

16-10-2024T09:23:28 - [TEST_STEP][PASSED] - sheetName = "Sheet1": null

16-10-2024T09:23:28 - [TEST_STEP][PASSED] - data = findTestData("PlanFact"): null

16-10-2024T09:23:28 - [TEST_STEP][PASSED] - n = data.getRowNumbers() + 1: null

16-10-2024T09:23:28 - [TEST_STEP][PASSED] - year = todaysDate.substring(todaysDate.length() - 4, todaysDate.length()): null

16-10-2024T09:23:28 - [TEST_STEP][PASSED] - y = year.toInteger(): null

16-10-2024T09:23:28 - [TEST_STEP][PASSED] - m = getText(findTestObject("Выполнение бизнес-плана/Период")): Text of object 'Object Repository/Выполнение бизнес-плана/Период' is: '1, 2 кв., Июль, Август 2024 года'

16-10-2024T09:23:28 - [MESSAGE][PASSED] - Text of object 'Object Repository/Выполнение бизнес-плана/Период' is: '1, 2 кв., Июль, Август 2024 года'

16-10-2024T09:23:28 - [TEST_STEP][PASSED] - m = m.substring(0, m.indexOf("2024")): null

16-10-2024T09:23:28 - [TEST_STEP][PASSED] - m = m.trim(): null

16-10-2024T09:23:28 - [TEST_STEP][PASSED] - dashboardName = "Выполнение бизнес-плана": null

16-10-2024T09:23:28 - [TEST_STEP][PASSED] - workbook01 = getWorkbook(excelFilePath): null

16-10-2024T09:23:28 - [TEST_STEP][PASSED] - sheet01 = getExcelSheet(workbook01, sheetName): null

16-10-2024T09:23:28 - [TEST_STEP][PASSED] - setValueToCellByIndex(sheet01, n, 0, dashboardName): null

16-10-2024T09:23:28 - [TEST_STEP][PASSED] - setValueToCellByIndex(sheet01, n, 1, dZO): null

16-10-2024T09:23:28 - [TEST_STEP][PASSED] - setValueToCellByIndex(sheet01, n, 2, typeOfData): null

16-10-2024T09:23:28 - [TEST_STEP][PASSED] - if (typeOfData == "Факт в процентах" || typeOfData == "План в процентах"): null

16-10-2024T09:23:28 - [TEST_STEP][PASSED] - else: null

16-10-2024T09:23:28 - [TEST_STEP][PASSED] - setValueToCellByIndex(sheet01, n, 3, fileInt): null

16-10-2024T09:23:28 - [TEST_STEP][PASSED] - setValueToCellByIndex(sheet01, n, 4, pageInt): null

16-10-2024T09:23:28 - [TEST_STEP][PASSED] - setValueToCellByIndex(sheet01, n, 5, m): null

16-10-2024T09:23:28 - [TEST_STEP][PASSED] - setValueToCellByIndex(sheet01, n, 6, y): null

16-10-2024T09:23:28 - [TEST_STEP][PASSED] - setValueToCellByIndex(sheet01, n, 7, todaysDate): null

16-10-2024T09:23:28 - [TEST_STEP][PASSED] - n = n + 1: null

16-10-2024T09:23:28 - [TEST_STEP][PASSED] - saveWorkbook(excelFilePath, workbook01): null

16-10-2024T09:23:28 - [TEST_STEP][PASSED] - compare = pagePoteri: null

16-10-2024T09:23:28 - [TEST_STEP][PASSED] - if (compare == filePoteri): null

16-10-2024T09:23:28 - [TEST_STEP][PASSED] - else if (compare > filePoteri): null

16-10-2024T09:23:28 - [TEST_STEP][PASSED] - compare = compare - 1: null

16-10-2024T09:23:28 - [TEST_STEP][PASSED] - if (compare == filePoteri): null

16-10-2024T09:23:28 - [TEST_STEP][PASSED] - else: null

16-10-2024T09:23:28 - [TEST_STEP][PASSED] - numberOfErrors = numberOfErrors + 1: null

16-10-2024T09:23:28 - [TEST_STEP][PASSED] - pageInt = pagePoteri: null

16-10-2024T09:23:28 - [TEST_STEP][PASSED] - fileInt = filePoteri: null

16-10-2024T09:23:28 - [TEST_STEP][PASSED] - typeOfData = typeOfDataMain + " Потери": null

16-10-2024T09:23:28 - [TEST_STEP][PASSED] - Script1718980020443.WriteToExcel(a, typeOfData, todaysDate, pageInt, fileInt, pageDouble, fileDouble, dZO): null

16-10-2024T09:23:28 - [TEST_STEP][PASSED] - sheetName = "Sheet1": null

16-10-2024T09:23:28 - [TEST_STEP][PASSED] - data = findTestData("PlanFact"): null

16-10-2024T09:23:28 - [TEST_STEP][PASSED] - n = data.getRowNumbers() + 1: null

16-10-2024T09:23:28 - [TEST_STEP][PASSED] - year = todaysDate.substring(todaysDate.length() - 4, todaysDate.length()): null

16-10-2024T09:23:28 - [TEST_STEP][PASSED] - y = year.toInteger(): null

16-10-2024T09:23:28 - [TEST_STEP][PASSED] - m = getText(findTestObject("Выполнение бизнес-плана/Период")): Text of object 'Object Repository/Выполнение бизнес-плана/Период' is: '1, 2 кв., Июль, Август 2024 года'

16-10-2024T09:23:29 - [MESSAGE][PASSED] - Text of object 'Object Repository/Выполнение бизнес-плана/Период' is: '1, 2 кв., Июль, Август 2024 года'

16-10-2024T09:23:29 - [TEST_STEP][PASSED] - m = m.substring(0, m.indexOf("2024")): null

16-10-2024T09:23:29 - [TEST_STEP][PASSED] - m = m.trim(): null

16-10-2024T09:23:29 - [TEST_STEP][PASSED] - dashboardName = "Выполнение бизнес-плана": null

16-10-2024T09:23:29 - [TEST_STEP][PASSED] - workbook01 = getWorkbook(excelFilePath): null

16-10-2024T09:23:29 - [TEST_STEP][PASSED] - sheet01 = getExcelSheet(workbook01, sheetName): null

16-10-2024T09:23:29 - [TEST_STEP][PASSED] - setValueToCellByIndex(sheet01, n, 0, dashboardName): null

16-10-2024T09:23:29 - [TEST_STEP][PASSED] - setValueToCellByIndex(sheet01, n, 1, dZO): null

16-10-2024T09:23:29 - [TEST_STEP][PASSED] - setValueToCellByIndex(sheet01, n, 2, typeOfData): null

16-10-2024T09:23:29 - [TEST_STEP][PASSED] - if (typeOfData == "Факт в процентах" || typeOfData == "План в процентах"): null

16-10-2024T09:23:29 - [TEST_STEP][PASSED] - else: null

16-10-2024T09:23:29 - [TEST_STEP][PASSED] - setValueToCellByIndex(sheet01, n, 3, fileInt): null

16-10-2024T09:23:29 - [TEST_STEP][PASSED] - setValueToCellByIndex(sheet01, n, 4, pageInt): null

16-10-2024T09:23:29 - [TEST_STEP][PASSED] - setValueToCellByIndex(sheet01, n, 5, m): null

16-10-2024T09:23:29 - [TEST_STEP][PASSED] - setValueToCellByIndex(sheet01, n, 6, y): null

16-10-2024T09:23:29 - [TEST_STEP][PASSED] - setValueToCellByIndex(sheet01, n, 7, todaysDate): null

16-10-2024T09:23:29 - [TEST_STEP][PASSED] - n = n + 1: null

16-10-2024T09:23:29 - [TEST_STEP][PASSED] - saveWorkbook(excelFilePath, workbook01): Object: 'Object Repository/Выполнение бизнес-плана/Кнопка Факт' is clicked on

16-10-2024T09:23:29 - [TEST_STEP][PASSED] - if (planFact == 2): Object: 'Object Repository/Выполнение бизнес-плана/Кнопка Факт' is clicked on

16-10-2024T09:23:29 - [TEST_STEP][PASSED] - click(findTestObject("Выполнение бизнес-плана/Кнопка Факт")): Object: 'Object Repository/Выполнение бизнес-плана/Кнопка Факт' is clicked on

16-10-2024T09:23:29 - [MESSAGE][PASSED] - Object: 'Object Repository/Выполнение бизнес-плана/Кнопка Факт' is clicked on

16-10-2024T09:23:29 - [TEST_STEP][PASSED] - if (a == 84 || a == 82): null

16-10-2024T09:23:29 - [TEST_STEP][PASSED] - else if (a == 52 || a == 72 || a == 28 || a == 73 || a == 77 || a == 74 || a == 65 || a == 36 || a == 44 || a == 53 || a == 80 || a == 54 || a == 1 || a == 18 || a == 59 || a == 81): null

16-10-2024T09:23:29 - [TEST_STEP][PASSED] - else: null

16-10-2024T09:23:29 - [TEST_STEP][PASSED] - page1 = getText(findTestObject("Object Repository/Выполнение бизнес-плана/spanPlan" + filialNum)): Text of object 'Object Repository/Выполнение бизнес-плана/spanPlan9' is: '6.20
|'

16-10-2024T09:23:30 - [MESSAGE][PASSED] - Text of object 'Object Repository/Выполнение бизнес-плана/spanPlan9' is: '6.20
|'

16-10-2024T09:23:30 - [TEST_STEP][PASSED] - page1 = page1.replace("|", ""): null

16-10-2024T09:23:30 - [TEST_STEP][PASSED] - page2 = getText(findTestObject("Object Repository/Выполнение бизнес-плана/spanFact" + filialNum)): Text of object 'Object Repository/Выполнение бизнес-плана/spanFact9' is: '6.11
|'

16-10-2024T09:23:30 - [MESSAGE][PASSED] - Text of object 'Object Repository/Выполнение бизнес-плана/spanFact9' is: '6.11
|'

16-10-2024T09:23:30 - [TEST_STEP][PASSED] - page2 = page2.replace("|", ""): null

16-10-2024T09:23:30 - [TEST_STEP][PASSED] - println("page1: " + page1): null

16-10-2024T09:23:30 - [TEST_STEP][PASSED] - println("page2: " + page2): null

16-10-2024T09:23:30 - [TEST_STEP][PASSED] - file = findTestData("PlanFact").getValue(4, a): null

16-10-2024T09:23:30 - [TEST_STEP][PASSED] - file = file.replace(",", "."): null

16-10-2024T09:23:30 - [TEST_STEP][PASSED] - println("file Plan: " + file): null

16-10-2024T09:23:30 - [TEST_STEP][PASSED] - typeOfData = "План в процентах": null

16-10-2024T09:23:30 - [TEST_STEP][PASSED] - fileDouble = file.toDouble(): null

16-10-2024T09:23:30 - [TEST_STEP][PASSED] - pageDouble = page1.toDouble(): null

16-10-2024T09:23:30 - [TEST_STEP][PASSED] - if (fileDouble != pageDouble): null

16-10-2024T09:23:30 - [TEST_STEP][PASSED] - numberOfErrors = numberOfErrors + 1: null

16-10-2024T09:23:30 - [TEST_STEP][PASSED] - Script1718980020443.WriteToExcel(a, typeOfData, todaysDate, pageInt, fileInt, pageDouble, fileDouble, dZO): null

16-10-2024T09:23:30 - [TEST_STEP][PASSED] - sheetName = "Sheet1": null

16-10-2024T09:23:30 - [TEST_STEP][PASSED] - data = findTestData("PlanFact"): null

16-10-2024T09:23:30 - [TEST_STEP][PASSED] - n = data.getRowNumbers() + 1: null

16-10-2024T09:23:30 - [TEST_STEP][PASSED] - year = todaysDate.substring(todaysDate.length() - 4, todaysDate.length()): null

16-10-2024T09:23:30 - [TEST_STEP][PASSED] - y = year.toInteger(): null

16-10-2024T09:23:30 - [TEST_STEP][PASSED] - m = getText(findTestObject("Выполнение бизнес-плана/Период")): Text of object 'Object Repository/Выполнение бизнес-плана/Период' is: '1, 2 кв., Июль, Август 2024 года'

16-10-2024T09:23:30 - [MESSAGE][PASSED] - Text of object 'Object Repository/Выполнение бизнес-плана/Период' is: '1, 2 кв., Июль, Август 2024 года'

16-10-2024T09:23:30 - [TEST_STEP][PASSED] - m = m.substring(0, m.indexOf("2024")): null

16-10-2024T09:23:30 - [TEST_STEP][PASSED] - m = m.trim(): null

16-10-2024T09:23:30 - [TEST_STEP][PASSED] - dashboardName = "Выполнение бизнес-плана": null

16-10-2024T09:23:30 - [TEST_STEP][PASSED] - workbook01 = getWorkbook(excelFilePath): null

16-10-2024T09:23:31 - [TEST_STEP][PASSED] - sheet01 = getExcelSheet(workbook01, sheetName): null

16-10-2024T09:23:31 - [TEST_STEP][PASSED] - setValueToCellByIndex(sheet01, n, 0, dashboardName): null

16-10-2024T09:23:31 - [TEST_STEP][PASSED] - setValueToCellByIndex(sheet01, n, 1, dZO): null

16-10-2024T09:23:31 - [TEST_STEP][PASSED] - setValueToCellByIndex(sheet01, n, 2, typeOfData): null

16-10-2024T09:23:31 - [TEST_STEP][PASSED] - if (typeOfData == "Факт в процентах" || typeOfData == "План в процентах"): null

16-10-2024T09:23:31 - [TEST_STEP][PASSED] - setValueToCellByIndex(sheet01, n, 3, fileDouble): null

16-10-2024T09:23:31 - [TEST_STEP][PASSED] - setValueToCellByIndex(sheet01, n, 4, pageDouble): null

16-10-2024T09:23:31 - [TEST_STEP][PASSED] - setValueToCellByIndex(sheet01, n, 5, m): null

16-10-2024T09:23:31 - [TEST_STEP][PASSED] - setValueToCellByIndex(sheet01, n, 6, y): null

16-10-2024T09:23:31 - [TEST_STEP][PASSED] - setValueToCellByIndex(sheet01, n, 7, todaysDate): null

16-10-2024T09:23:31 - [TEST_STEP][PASSED] - n = n + 1: null

16-10-2024T09:23:31 - [TEST_STEP][PASSED] - saveWorkbook(excelFilePath, workbook01): null

16-10-2024T09:23:31 - [TEST_STEP][PASSED] - file = findTestData("PlanFact").getValue(7, a): null

16-10-2024T09:23:31 - [TEST_STEP][PASSED] - file = file.replace(",", "."): null

16-10-2024T09:23:31 - [TEST_STEP][PASSED] - println("file Fact: " + file): null

16-10-2024T09:23:31 - [TEST_STEP][PASSED] - fileDouble = file.toDouble(): null

16-10-2024T09:23:31 - [TEST_STEP][PASSED] - typeOfData = "Факт в процентах": null

16-10-2024T09:23:31 - [TEST_STEP][PASSED] - fileDouble = file.toDouble(): null

16-10-2024T09:23:31 - [TEST_STEP][PASSED] - pageDouble = page2.toDouble(): null

16-10-2024T09:23:31 - [TEST_STEP][PASSED] - if (fileDouble != pageDouble): null

16-10-2024T09:23:31 - [TEST_STEP][PASSED] - numberOfErrors = numberOfErrors + 1: null

16-10-2024T09:23:31 - [TEST_STEP][PASSED] - Script1718980020443.WriteToExcel(a, typeOfData, todaysDate, pageInt, fileInt, pageDouble, fileDouble, dZO): null

16-10-2024T09:23:31 - [TEST_STEP][PASSED] - sheetName = "Sheet1": null

16-10-2024T09:23:31 - [TEST_STEP][PASSED] - data = findTestData("PlanFact"): null

16-10-2024T09:23:31 - [TEST_STEP][PASSED] - n = data.getRowNumbers() + 1: null

16-10-2024T09:23:31 - [TEST_STEP][PASSED] - year = todaysDate.substring(todaysDate.length() - 4, todaysDate.length()): null

16-10-2024T09:23:31 - [TEST_STEP][PASSED] - y = year.toInteger(): null

16-10-2024T09:23:31 - [TEST_STEP][PASSED] - m = getText(findTestObject("Выполнение бизнес-плана/Период")): Text of object 'Object Repository/Выполнение бизнес-плана/Период' is: '1, 2 кв., Июль, Август 2024 года'

16-10-2024T09:23:31 - [MESSAGE][PASSED] - Text of object 'Object Repository/Выполнение бизнес-плана/Период' is: '1, 2 кв., Июль, Август 2024 года'

16-10-2024T09:23:31 - [TEST_STEP][PASSED] - m = m.substring(0, m.indexOf("2024")): null

16-10-2024T09:23:31 - [TEST_STEP][PASSED] - m = m.trim(): null

16-10-2024T09:23:31 - [TEST_STEP][PASSED] - dashboardName = "Выполнение бизнес-плана": null

16-10-2024T09:23:31 - [TEST_STEP][PASSED] - workbook01 = getWorkbook(excelFilePath): null

16-10-2024T09:23:31 - [TEST_STEP][PASSED] - sheet01 = getExcelSheet(workbook01, sheetName): null

16-10-2024T09:23:31 - [TEST_STEP][PASSED] - setValueToCellByIndex(sheet01, n, 0, dashboardName): null

16-10-2024T09:23:31 - [TEST_STEP][PASSED] - setValueToCellByIndex(sheet01, n, 1, dZO): null

16-10-2024T09:23:31 - [TEST_STEP][PASSED] - setValueToCellByIndex(sheet01, n, 2, typeOfData): null

16-10-2024T09:23:31 - [TEST_STEP][PASSED] - if (typeOfData == "Факт в процентах" || typeOfData == "План в процентах"): null

16-10-2024T09:23:31 - [TEST_STEP][PASSED] - setValueToCellByIndex(sheet01, n, 3, fileDouble): null

16-10-2024T09:23:31 - [TEST_STEP][PASSED] - setValueToCellByIndex(sheet01, n, 4, pageDouble): null

16-10-2024T09:23:31 - [TEST_STEP][PASSED] - setValueToCellByIndex(sheet01, n, 5, m): null

16-10-2024T09:23:31 - [TEST_STEP][PASSED] - setValueToCellByIndex(sheet01, n, 6, y): null

16-10-2024T09:23:31 - [TEST_STEP][PASSED] - setValueToCellByIndex(sheet01, n, 7, todaysDate): null

16-10-2024T09:23:31 - [TEST_STEP][PASSED] - n = n + 1: null

16-10-2024T09:23:31 - [TEST_STEP][PASSED] - saveWorkbook(excelFilePath, workbook01): null

16-10-2024T09:23:32 - [TEST_STEP][FAILED] - if (verifyEqual(numberOfErrors, 0) == false): null

16-10-2024T09:23:32 - [MESSAGE][FAILED] - Unable to verify equal between actual object '6' and expected object '0' (Root cause: com.kms.katalon.core.exception.StepFailedException: Actual object '6' and expected object '0' are not equal
	at com.kms.katalon.core.keyword.builtin.VerifyEqualKeyword$_verifyEqual_closure1.doCall(VerifyEqualKeyword.groovy:58)
	at com.kms.katalon.core.keyword.builtin.VerifyEqualKeyword$_verifyEqual_closure1.call(VerifyEqualKeyword.groovy)
	at com.kms.katalon.core.keyword.internal.KeywordMain.runKeyword(KeywordMain.groovy:75)
	at com.kms.katalon.core.keyword.builtin.VerifyEqualKeyword.verifyEqual(VerifyEqualKeyword.groovy:63)
	at com.kms.katalon.core.keyword.builtin.VerifyEqualKeyword.execute(VerifyEqualKeyword.groovy:44)
	at com.kms.katalon.core.keyword.internal.KeywordExecutor.executeKeywordForPlatform(KeywordExecutor.groovy:74)
	at com.kms.katalon.core.keyword.BuiltinKeywords.verifyEqual(BuiltinKeywords.groovy:146)
	at jdk.internal.reflect.GeneratedMethodAccessor25.invoke(Unknown Source)
	at java.base/jdk.internal.reflect.DelegatingMethodAccessorImpl.invoke(DelegatingMethodAccessorImpl.java:43)
	at Выполнение бизнес-плана Сверка ПАО Россети все филиалы.Numbers(Выполнение бизнес-плана Сверка ПАО Россети все филиалы:749)
	at Выполнение бизнес-плана Сверка ПАО Россети все филиалы.Filials(Выполнение бизнес-плана Сверка ПАО Россети все филиалы:1446)
	at Выполнение бизнес-плана Сверка ПАО Россети все филиалы.Numbers(Выполнение бизнес-плана Сверка ПАО Россети все филиалы:754)
	at Выполнение бизнес-плана Сверка ПАО Россети все филиалы.run(Выполнение бизнес-плана Сверка ПАО Россети все филиалы:411)
	at com.kms.katalon.core.main.ScriptEngine.run(ScriptEngine.java:194)
	at com.kms.katalon.core.main.ScriptEngine.runScriptAsRawText(ScriptEngine.java:119)
	at com.kms.katalon.core.main.TestCaseExecutor.runScript(TestCaseExecutor.java:448)
	at com.kms.katalon.core.main.TestCaseExecutor.doExecute(TestCaseExecutor.java:439)
	at com.kms.katalon.core.main.TestCaseExecutor.processExecutionPhase(TestCaseExecutor.java:418)
	at com.kms.katalon.core.main.TestCaseExecutor.accessMainPhase(TestCaseExecutor.java:410)
	at com.kms.katalon.core.main.TestCaseExecutor.execute(TestCaseExecutor.java:285)
	at com.kms.katalon.core.common.CommonExecutor.accessTestCaseMainPhase(CommonExecutor.java:65)
	at com.kms.katalon.core.main.TestSuiteExecutor.accessTestSuiteMainPhase(TestSuiteExecutor.java:150)
	at com.kms.katalon.core.main.TestSuiteExecutor.execute(TestSuiteExecutor.java:106)
	at com.kms.katalon.core.main.TestCaseMain.startTestSuite(TestCaseMain.java:180)
	at TempTestSuite1729057289574.run(TempTestSuite1729057289574.groovy:35)
	at java.base/jdk.internal.reflect.NativeMethodAccessorImpl.invoke0(Native Method)
	at java.base/jdk.internal.reflect.NativeMethodAccessorImpl.invoke(NativeMethodAccessorImpl.java:77)
	at java.base/jdk.internal.reflect.DelegatingMethodAccessorImpl.invoke(DelegatingMethodAccessorImpl.java:43)
)

16-10-2024T09:23:32 - [TEST_STEP][PASSED] - println(numberOfErrors): null

16-10-2024T09:23:32 - [TEST_STEP][PASSED] - if (a == 28 || a == 77 || a == 74 || a == 65 || a == 36 || a == 44 || a == 54 || a == 1 || a == 18 || a == 59): null

16-10-2024T09:23:32 - [TEST_STEP][PASSED] - if (a == 82): null

16-10-2024T09:23:32 - [TEST_STEP][PASSED] - filialNum = 0: null

16-10-2024T09:23:32 - [TEST_STEP][PASSED] - if (a == 36): null

16-10-2024T09:23:32 - [TEST_STEP][PASSED] - if (a == 44): null

16-10-2024T09:23:32 - [TEST_STEP][PASSED] - if (a == 54): null

16-10-2024T09:23:32 - [TEST_STEP][PASSED] - if (a == 59): null

16-10-2024T09:23:32 - [TEST_STEP][PASSED] - Script1718980020443.OpenFilter(): null

16-10-2024T09:23:32 - [TEST_STEP][PASSED] - click(findTestObject("Object Repository/Выполнение бизнес-плана/Фильтр ДЗО")): Object: 'Object Repository/Выполнение бизнес-плана/Фильтр ДЗО' is clicked on

16-10-2024T09:23:32 - [MESSAGE][PASSED] - Object: 'Object Repository/Выполнение бизнес-плана/Фильтр ДЗО' is clicked on

16-10-2024T09:23:32 - [TEST_STEP][PASSED] - click(findTestObject("Выполнение бизнес-плана/Снять выделение в фильтре ДЗО")): Object: 'Object Repository/Выполнение бизнес-плана/Снять выделение в фильтре ДЗО' is clicked on

16-10-2024T09:23:32 - [MESSAGE][PASSED] - Object: 'Object Repository/Выполнение бизнес-плана/Снять выделение в фильтре ДЗО' is clicked on

16-10-2024T09:23:32 - [TEST_STEP][PASSED] - Script1718980020443.CloseFilter(): null

16-10-2024T09:23:32 - [TEST_STEP][PASSED] - scrollToElement(findTestObject("Выполнение бизнес-плана/Заголовок дашборда"), 30): Scroll to object 'Object Repository/Выполнение бизнес-плана/Заголовок дашборда' successfully

16-10-2024T09:23:33 - [MESSAGE][PASSED] - Scroll to object 'Object Repository/Выполнение бизнес-плана/Заголовок дашборда' successfully

16-10-2024T09:23:33 - [TEST_STEP][PASSED] - click(findTestObject("Object Repository/Выполнение бизнес-плана/Применить в фильтре ДЗО")): Object: 'Object Repository/Выполнение бизнес-плана/Применить в фильтре ДЗО' is clicked on

16-10-2024T09:23:34 - [MESSAGE][PASSED] - Object: 'Object Repository/Выполнение бизнес-плана/Применить в фильтре ДЗО' is clicked on

16-10-2024T09:23:34 - [TEST_STEP][PASSED] - if (a == 82): null

16-10-2024T09:23:34 - [TEST_STEP][PASSED] - println(dzoNum): null

16-10-2024T09:23:34 - [TEST_STEP][PASSED] - dZO = "Россети Юг": null

16-10-2024T09:23:34 - [TEST_STEP][PASSED] - a = 59: null

16-10-2024T09:23:34 - [TEST_STEP][PASSED] - if (x1.contains(dZO)): null

16-10-2024T09:23:34 - [TEST_STEP][PASSED] - else: null

16-10-2024T09:23:34 - [TEST_STEP][PASSED] - Script1718980020443.NoData(a, typeOfData, todaysDate, fileInt, fileDouble, dZO): null

16-10-2024T09:23:34 - [TEST_STEP][PASSED] - println(a): null

16-10-2024T09:23:34 - [TEST_STEP][PASSED] - println(todaysDate): null

16-10-2024T09:23:34 - [TEST_STEP][PASSED] - println(fileInt): null

16-10-2024T09:23:34 - [TEST_STEP][PASSED] - println(fileDouble): null

16-10-2024T09:23:34 - [TEST_STEP][PASSED] - println(dZO): null

16-10-2024T09:23:34 - [TEST_STEP][PASSED] - typeOfData = "Факт Отпуск в сеть": null

16-10-2024T09:23:34 - [TEST_STEP][PASSED] - fileInt = replaceAll("\s+", "").toInteger(): null

16-10-2024T09:23:34 - [TEST_STEP][PASSED] - Script1718980020443.WriteToExcelNoData(a, typeOfData, todaysDate, fileInt, fileDouble, dZO): null

16-10-2024T09:23:34 - [TEST_STEP][PASSED] - sheetName = "Sheet1": null

16-10-2024T09:23:34 - [TEST_STEP][PASSED] - data = findTestData("PlanFact"): null

16-10-2024T09:23:34 - [TEST_STEP][PASSED] - n = data.getRowNumbers() + 1: null

16-10-2024T09:23:34 - [TEST_STEP][PASSED] - year = todaysDate.substring(todaysDate.length() - 4, todaysDate.length()): null

16-10-2024T09:23:34 - [TEST_STEP][PASSED] - y = year.toInteger(): null

16-10-2024T09:23:34 - [TEST_STEP][PASSED] - m = getText(findTestObject("Выполнение бизнес-плана/Период")): Text of object 'Object Repository/Выполнение бизнес-плана/Период' is: '1, 2 кв., Июль, Август 2024 года'

16-10-2024T09:24:04 - [MESSAGE][PASSED] - Text of object 'Object Repository/Выполнение бизнес-плана/Период' is: '1, 2 кв., Июль, Август 2024 года'

16-10-2024T09:24:04 - [TEST_STEP][PASSED] - m = m.substring(0, m.indexOf("2024")): null

16-10-2024T09:24:04 - [TEST_STEP][PASSED] - m = m.trim(): null

16-10-2024T09:24:04 - [TEST_STEP][PASSED] - dashboardName = "Выполнение бизнес-плана": null

16-10-2024T09:24:04 - [TEST_STEP][PASSED] - workbook01 = getWorkbook(excelFilePath): null

16-10-2024T09:24:04 - [TEST_STEP][PASSED] - sheet01 = getExcelSheet(workbook01, sheetName): null

16-10-2024T09:24:04 - [TEST_STEP][PASSED] - setValueToCellByIndex(sheet01, n, 0, dashboardName): null

16-10-2024T09:24:04 - [TEST_STEP][PASSED] - setValueToCellByIndex(sheet01, n, 1, dZO): null

16-10-2024T09:24:04 - [TEST_STEP][PASSED] - setValueToCellByIndex(sheet01, n, 2, typeOfData): null

16-10-2024T09:24:04 - [TEST_STEP][PASSED] - if (typeOfData == "Факт в процентах" || typeOfData == "План в процентах"): null

16-10-2024T09:24:04 - [TEST_STEP][PASSED] - else: null

16-10-2024T09:24:04 - [TEST_STEP][PASSED] - setValueToCellByIndex(sheet01, n, 3, fileInt): null

16-10-2024T09:24:04 - [TEST_STEP][PASSED] - setValueToCellByIndex(sheet01, n, 4, "нет данных"): null

16-10-2024T09:24:04 - [TEST_STEP][PASSED] - setValueToCellByIndex(sheet01, n, 5, m): null

16-10-2024T09:24:04 - [TEST_STEP][PASSED] - setValueToCellByIndex(sheet01, n, 6, y): null

16-10-2024T09:24:04 - [TEST_STEP][PASSED] - setValueToCellByIndex(sheet01, n, 7, todaysDate): null

16-10-2024T09:24:04 - [TEST_STEP][PASSED] - n = n + 1: null

16-10-2024T09:24:04 - [TEST_STEP][PASSED] - saveWorkbook(excelFilePath, workbook01): null

16-10-2024T09:24:04 - [TEST_STEP][PASSED] - typeOfData = "Факт Потери": null

16-10-2024T09:24:04 - [TEST_STEP][PASSED] - fileInt = replaceAll("\s+", "").toInteger(): null

16-10-2024T09:24:04 - [TEST_STEP][PASSED] - Script1718980020443.WriteToExcelNoData(a, typeOfData, todaysDate, fileInt, fileDouble, dZO): null

16-10-2024T09:24:04 - [TEST_STEP][PASSED] - sheetName = "Sheet1": null

16-10-2024T09:24:04 - [TEST_STEP][PASSED] - data = findTestData("PlanFact"): null

16-10-2024T09:24:05 - [TEST_STEP][PASSED] - n = data.getRowNumbers() + 1: null

16-10-2024T09:24:05 - [TEST_STEP][PASSED] - year = todaysDate.substring(todaysDate.length() - 4, todaysDate.length()): null

16-10-2024T09:24:05 - [TEST_STEP][PASSED] - y = year.toInteger(): null

16-10-2024T09:24:05 - [TEST_STEP][PASSED] - m = getText(findTestObject("Выполнение бизнес-плана/Период")): Text of object 'Object Repository/Выполнение бизнес-плана/Период' is: '1, 2 кв., Июль, Август 2024 года'

16-10-2024T09:24:14 - [MESSAGE][PASSED] - Text of object 'Object Repository/Выполнение бизнес-плана/Период' is: '1, 2 кв., Июль, Август 2024 года'

16-10-2024T09:24:14 - [TEST_STEP][PASSED] - m = m.substring(0, m.indexOf("2024")): null

16-10-2024T09:24:14 - [TEST_STEP][PASSED] - m = m.trim(): null

16-10-2024T09:24:14 - [TEST_STEP][PASSED] - dashboardName = "Выполнение бизнес-плана": null

16-10-2024T09:24:14 - [TEST_STEP][PASSED] - workbook01 = getWorkbook(excelFilePath): null

16-10-2024T09:24:14 - [TEST_STEP][PASSED] - sheet01 = getExcelSheet(workbook01, sheetName): null

16-10-2024T09:24:14 - [TEST_STEP][PASSED] - setValueToCellByIndex(sheet01, n, 0, dashboardName): null

16-10-2024T09:24:14 - [TEST_STEP][PASSED] - setValueToCellByIndex(sheet01, n, 1, dZO): null

16-10-2024T09:24:14 - [TEST_STEP][PASSED] - setValueToCellByIndex(sheet01, n, 2, typeOfData): null

16-10-2024T09:24:14 - [TEST_STEP][PASSED] - if (typeOfData == "Факт в процентах" || typeOfData == "План в процентах"): null

16-10-2024T09:24:14 - [TEST_STEP][PASSED] - else: null

16-10-2024T09:24:14 - [TEST_STEP][PASSED] - setValueToCellByIndex(sheet01, n, 3, fileInt): null

16-10-2024T09:24:14 - [TEST_STEP][PASSED] - setValueToCellByIndex(sheet01, n, 4, "нет данных"): null

16-10-2024T09:24:14 - [TEST_STEP][PASSED] - setValueToCellByIndex(sheet01, n, 5, m): null

16-10-2024T09:24:14 - [TEST_STEP][PASSED] - setValueToCellByIndex(sheet01, n, 6, y): null

16-10-2024T09:24:14 - [TEST_STEP][PASSED] - setValueToCellByIndex(sheet01, n, 7, todaysDate): null

16-10-2024T09:24:14 - [TEST_STEP][PASSED] - n = n + 1: null

16-10-2024T09:24:14 - [TEST_STEP][PASSED] - saveWorkbook(excelFilePath, workbook01): null

16-10-2024T09:24:14 - [TEST_STEP][PASSED] - typeOfData = "План Отпуск в сеть": null

16-10-2024T09:24:14 - [TEST_STEP][PASSED] - fileInt = replaceAll("\s+", "").toInteger(): null

16-10-2024T09:24:14 - [TEST_STEP][PASSED] - Script1718980020443.WriteToExcelNoData(a, typeOfData, todaysDate, fileInt, fileDouble, dZO): null

16-10-2024T09:24:14 - [TEST_STEP][PASSED] - sheetName = "Sheet1": null

16-10-2024T09:24:14 - [TEST_STEP][PASSED] - data = findTestData("PlanFact"): null

16-10-2024T09:24:14 - [TEST_STEP][PASSED] - n = data.getRowNumbers() + 1: null

16-10-2024T09:24:14 - [TEST_STEP][PASSED] - year = todaysDate.substring(todaysDate.length() - 4, todaysDate.length()): null

16-10-2024T09:24:14 - [TEST_STEP][PASSED] - y = year.toInteger(): null

16-10-2024T09:24:14 - [TEST_STEP][PASSED] - m = getText(findTestObject("Выполнение бизнес-плана/Период")): Text of object 'Object Repository/Выполнение бизнес-плана/Период' is: '1, 2 кв., Июль, Август 2024 года'

16-10-2024T09:24:14 - [MESSAGE][PASSED] - Text of object 'Object Repository/Выполнение бизнес-плана/Период' is: '1, 2 кв., Июль, Август 2024 года'

16-10-2024T09:24:14 - [TEST_STEP][PASSED] - m = m.substring(0, m.indexOf("2024")): null

16-10-2024T09:24:14 - [TEST_STEP][PASSED] - m = m.trim(): null

16-10-2024T09:24:14 - [TEST_STEP][PASSED] - dashboardName = "Выполнение бизнес-плана": null

16-10-2024T09:24:14 - [TEST_STEP][PASSED] - workbook01 = getWorkbook(excelFilePath): null

16-10-2024T09:24:14 - [TEST_STEP][PASSED] - sheet01 = getExcelSheet(workbook01, sheetName): null

16-10-2024T09:24:14 - [TEST_STEP][PASSED] - setValueToCellByIndex(sheet01, n, 0, dashboardName): null

16-10-2024T09:24:14 - [TEST_STEP][PASSED] - setValueToCellByIndex(sheet01, n, 1, dZO): null

16-10-2024T09:24:14 - [TEST_STEP][PASSED] - setValueToCellByIndex(sheet01, n, 2, typeOfData): null

16-10-2024T09:24:14 - [TEST_STEP][PASSED] - if (typeOfData == "Факт в процентах" || typeOfData == "План в процентах"): null

16-10-2024T09:24:14 - [TEST_STEP][PASSED] - else: null

16-10-2024T09:24:14 - [TEST_STEP][PASSED] - setValueToCellByIndex(sheet01, n, 3, fileInt): null

16-10-2024T09:24:14 - [TEST_STEP][PASSED] - setValueToCellByIndex(sheet01, n, 4, "нет данных"): null

16-10-2024T09:24:14 - [TEST_STEP][PASSED] - setValueToCellByIndex(sheet01, n, 5, m): null

16-10-2024T09:24:14 - [TEST_STEP][PASSED] - setValueToCellByIndex(sheet01, n, 6, y): null

16-10-2024T09:24:14 - [TEST_STEP][PASSED] - setValueToCellByIndex(sheet01, n, 7, todaysDate): null

16-10-2024T09:24:14 - [TEST_STEP][PASSED] - n = n + 1: null

16-10-2024T09:24:14 - [TEST_STEP][PASSED] - saveWorkbook(excelFilePath, workbook01): null

16-10-2024T09:24:15 - [TEST_STEP][PASSED] - typeOfData = "План Потери": null

16-10-2024T09:24:15 - [TEST_STEP][PASSED] - fileInt = replaceAll("\s+", "").toInteger(): null

16-10-2024T09:24:15 - [TEST_STEP][PASSED] - Script1718980020443.WriteToExcelNoData(a, typeOfData, todaysDate, fileInt, fileDouble, dZO): null

16-10-2024T09:24:15 - [TEST_STEP][PASSED] - sheetName = "Sheet1": null

16-10-2024T09:24:15 - [TEST_STEP][PASSED] - data = findTestData("PlanFact"): null

16-10-2024T09:24:15 - [TEST_STEP][PASSED] - n = data.getRowNumbers() + 1: null

16-10-2024T09:24:15 - [TEST_STEP][PASSED] - year = todaysDate.substring(todaysDate.length() - 4, todaysDate.length()): null

16-10-2024T09:24:15 - [TEST_STEP][PASSED] - y = year.toInteger(): null

16-10-2024T09:24:15 - [TEST_STEP][PASSED] - m = getText(findTestObject("Выполнение бизнес-плана/Период")): Text of object 'Object Repository/Выполнение бизнес-плана/Период' is: '1, 2 кв., Июль, Август 2024 года'

16-10-2024T09:24:15 - [MESSAGE][PASSED] - Text of object 'Object Repository/Выполнение бизнес-плана/Период' is: '1, 2 кв., Июль, Август 2024 года'

16-10-2024T09:24:15 - [TEST_STEP][PASSED] - m = m.substring(0, m.indexOf("2024")): null

16-10-2024T09:24:15 - [TEST_STEP][PASSED] - m = m.trim(): null

16-10-2024T09:24:15 - [TEST_STEP][PASSED] - dashboardName = "Выполнение бизнес-плана": null

16-10-2024T09:24:15 - [TEST_STEP][PASSED] - workbook01 = getWorkbook(excelFilePath): null

16-10-2024T09:24:15 - [TEST_STEP][PASSED] - sheet01 = getExcelSheet(workbook01, sheetName): null

16-10-2024T09:24:15 - [TEST_STEP][PASSED] - setValueToCellByIndex(sheet01, n, 0, dashboardName): null

16-10-2024T09:24:15 - [TEST_STEP][PASSED] - setValueToCellByIndex(sheet01, n, 1, dZO): null

16-10-2024T09:24:15 - [TEST_STEP][PASSED] - setValueToCellByIndex(sheet01, n, 2, typeOfData): null

16-10-2024T09:24:15 - [TEST_STEP][PASSED] - if (typeOfData == "Факт в процентах" || typeOfData == "План в процентах"): null

16-10-2024T09:24:15 - [TEST_STEP][PASSED] - else: null

16-10-2024T09:24:15 - [TEST_STEP][PASSED] - setValueToCellByIndex(sheet01, n, 3, fileInt): null

16-10-2024T09:24:15 - [TEST_STEP][PASSED] - setValueToCellByIndex(sheet01, n, 4, "нет данных"): null

16-10-2024T09:24:15 - [TEST_STEP][PASSED] - setValueToCellByIndex(sheet01, n, 5, m): null

16-10-2024T09:24:15 - [TEST_STEP][PASSED] - setValueToCellByIndex(sheet01, n, 6, y): null

16-10-2024T09:24:15 - [TEST_STEP][PASSED] - setValueToCellByIndex(sheet01, n, 7, todaysDate): null

16-10-2024T09:24:15 - [TEST_STEP][PASSED] - n = n + 1: null

16-10-2024T09:24:15 - [TEST_STEP][PASSED] - saveWorkbook(excelFilePath, workbook01): null

16-10-2024T09:24:15 - [TEST_STEP][PASSED] - typeOfData = "План в процентах": null

16-10-2024T09:24:15 - [TEST_STEP][PASSED] - fileDouble = ").toDouble(): null

16-10-2024T09:24:15 - [TEST_STEP][PASSED] - Script1718980020443.WriteToExcelNoData(a, typeOfData, todaysDate, fileInt, fileDouble, dZO): null

16-10-2024T09:24:15 - [TEST_STEP][PASSED] - sheetName = "Sheet1": null

16-10-2024T09:24:15 - [TEST_STEP][PASSED] - data = findTestData("PlanFact"): null

16-10-2024T09:24:15 - [TEST_STEP][PASSED] - n = data.getRowNumbers() + 1: null

16-10-2024T09:24:15 - [TEST_STEP][PASSED] - year = todaysDate.substring(todaysDate.length() - 4, todaysDate.length()): null

16-10-2024T09:24:15 - [TEST_STEP][PASSED] - y = year.toInteger(): null

16-10-2024T09:24:15 - [TEST_STEP][PASSED] - m = getText(findTestObject("Выполнение бизнес-плана/Период")): Text of object 'Object Repository/Выполнение бизнес-плана/Период' is: '1, 2 кв., Июль, Август 2024 года'

16-10-2024T09:24:16 - [MESSAGE][PASSED] - Text of object 'Object Repository/Выполнение бизнес-плана/Период' is: '1, 2 кв., Июль, Август 2024 года'

16-10-2024T09:24:16 - [TEST_STEP][PASSED] - m = m.substring(0, m.indexOf("2024")): null

16-10-2024T09:24:16 - [TEST_STEP][PASSED] - m = m.trim(): null

16-10-2024T09:24:16 - [TEST_STEP][PASSED] - dashboardName = "Выполнение бизнес-плана": null

16-10-2024T09:24:16 - [TEST_STEP][PASSED] - workbook01 = getWorkbook(excelFilePath): null

16-10-2024T09:24:16 - [TEST_STEP][PASSED] - sheet01 = getExcelSheet(workbook01, sheetName): null

16-10-2024T09:24:16 - [TEST_STEP][PASSED] - setValueToCellByIndex(sheet01, n, 0, dashboardName): null

16-10-2024T09:24:16 - [TEST_STEP][PASSED] - setValueToCellByIndex(sheet01, n, 1, dZO): null

16-10-2024T09:24:16 - [TEST_STEP][PASSED] - setValueToCellByIndex(sheet01, n, 2, typeOfData): null

16-10-2024T09:24:16 - [TEST_STEP][PASSED] - if (typeOfData == "Факт в процентах" || typeOfData == "План в процентах"): null

16-10-2024T09:24:16 - [TEST_STEP][PASSED] - setValueToCellByIndex(sheet01, n, 3, fileDouble): null

16-10-2024T09:24:16 - [TEST_STEP][PASSED] - setValueToCellByIndex(sheet01, n, 4, "нет данных"): null

16-10-2024T09:24:16 - [TEST_STEP][PASSED] - setValueToCellByIndex(sheet01, n, 5, m): null

16-10-2024T09:24:16 - [TEST_STEP][PASSED] - setValueToCellByIndex(sheet01, n, 6, y): null

16-10-2024T09:24:16 - [TEST_STEP][PASSED] - setValueToCellByIndex(sheet01, n, 7, todaysDate): null

16-10-2024T09:24:16 - [TEST_STEP][PASSED] - n = n + 1: null

16-10-2024T09:24:16 - [TEST_STEP][PASSED] - saveWorkbook(excelFilePath, workbook01): null

16-10-2024T09:24:16 - [TEST_STEP][PASSED] - typeOfData = "Факт в процентах": null

16-10-2024T09:24:16 - [TEST_STEP][PASSED] - fileDouble = ").toDouble(): null

16-10-2024T09:24:16 - [TEST_STEP][PASSED] - Script1718980020443.WriteToExcelNoData(a, typeOfData, todaysDate, fileInt, fileDouble, dZO): null

16-10-2024T09:24:16 - [TEST_STEP][PASSED] - sheetName = "Sheet1": null

16-10-2024T09:24:16 - [TEST_STEP][PASSED] - data = findTestData("PlanFact"): null

16-10-2024T09:24:16 - [TEST_STEP][PASSED] - n = data.getRowNumbers() + 1: null

16-10-2024T09:24:16 - [TEST_STEP][PASSED] - year = todaysDate.substring(todaysDate.length() - 4, todaysDate.length()): null

16-10-2024T09:24:16 - [TEST_STEP][PASSED] - y = year.toInteger(): null

16-10-2024T09:24:16 - [TEST_STEP][PASSED] - m = getText(findTestObject("Выполнение бизнес-плана/Период")): Text of object 'Object Repository/Выполнение бизнес-плана/Период' is: '1, 2 кв., Июль, Август 2024 года'

16-10-2024T09:24:16 - [MESSAGE][PASSED] - Text of object 'Object Repository/Выполнение бизнес-плана/Период' is: '1, 2 кв., Июль, Август 2024 года'

16-10-2024T09:24:16 - [TEST_STEP][PASSED] - m = m.substring(0, m.indexOf("2024")): null

16-10-2024T09:24:16 - [TEST_STEP][PASSED] - m = m.trim(): null

16-10-2024T09:24:16 - [TEST_STEP][PASSED] - dashboardName = "Выполнение бизнес-плана": null

16-10-2024T09:24:16 - [TEST_STEP][PASSED] - workbook01 = getWorkbook(excelFilePath): null

16-10-2024T09:24:16 - [TEST_STEP][PASSED] - sheet01 = getExcelSheet(workbook01, sheetName): null

16-10-2024T09:24:16 - [TEST_STEP][PASSED] - setValueToCellByIndex(sheet01, n, 0, dashboardName): null

16-10-2024T09:24:16 - [TEST_STEP][PASSED] - setValueToCellByIndex(sheet01, n, 1, dZO): null

16-10-2024T09:24:16 - [TEST_STEP][PASSED] - setValueToCellByIndex(sheet01, n, 2, typeOfData): null

16-10-2024T09:24:16 - [TEST_STEP][PASSED] - if (typeOfData == "Факт в процентах" || typeOfData == "План в процентах"): null

16-10-2024T09:24:16 - [TEST_STEP][PASSED] - setValueToCellByIndex(sheet01, n, 3, fileDouble): null

16-10-2024T09:24:16 - [TEST_STEP][PASSED] - setValueToCellByIndex(sheet01, n, 4, "нет данных"): null

16-10-2024T09:24:16 - [TEST_STEP][PASSED] - setValueToCellByIndex(sheet01, n, 5, m): null

16-10-2024T09:24:16 - [TEST_STEP][PASSED] - setValueToCellByIndex(sheet01, n, 6, y): null

16-10-2024T09:24:16 - [TEST_STEP][PASSED] - setValueToCellByIndex(sheet01, n, 7, todaysDate): null

16-10-2024T09:24:16 - [TEST_STEP][PASSED] - n = n + 1: null

16-10-2024T09:24:16 - [TEST_STEP][PASSED] - saveWorkbook(excelFilePath, workbook01): null

16-10-2024T09:24:17 - [TEST_STEP][PASSED] - println(dzoNum): null

16-10-2024T09:24:17 - [TEST_STEP][PASSED] - dZO = "Россети Янтарь": null

16-10-2024T09:24:17 - [TEST_STEP][PASSED] - a = 81: null

16-10-2024T09:24:17 - [TEST_STEP][PASSED] - if (x1.contains(dZO)): null

16-10-2024T09:24:17 - [TEST_STEP][PASSED] - else: null

16-10-2024T09:24:17 - [TEST_STEP][PASSED] - Script1718980020443.NoData(a, typeOfData, todaysDate, fileInt, fileDouble, dZO): null

16-10-2024T09:24:17 - [TEST_STEP][PASSED] - println(a): null

16-10-2024T09:24:17 - [TEST_STEP][PASSED] - println(todaysDate): null

16-10-2024T09:24:17 - [TEST_STEP][PASSED] - println(fileInt): null

16-10-2024T09:24:17 - [TEST_STEP][PASSED] - println(fileDouble): null

16-10-2024T09:24:17 - [TEST_STEP][PASSED] - println(dZO): null

16-10-2024T09:24:17 - [TEST_STEP][PASSED] - typeOfData = "Факт Отпуск в сеть": null

16-10-2024T09:24:17 - [TEST_STEP][PASSED] - fileInt = replaceAll("\s+", "").toInteger(): null

16-10-2024T09:24:17 - [TEST_STEP][PASSED] - Script1718980020443.WriteToExcelNoData(a, typeOfData, todaysDate, fileInt, fileDouble, dZO): null

16-10-2024T09:24:17 - [TEST_STEP][PASSED] - sheetName = "Sheet1": null

16-10-2024T09:24:17 - [TEST_STEP][PASSED] - data = findTestData("PlanFact"): null

16-10-2024T09:24:17 - [TEST_STEP][PASSED] - n = data.getRowNumbers() + 1: null

16-10-2024T09:24:17 - [TEST_STEP][PASSED] - year = todaysDate.substring(todaysDate.length() - 4, todaysDate.length()): null

16-10-2024T09:24:17 - [TEST_STEP][PASSED] - y = year.toInteger(): null

16-10-2024T09:24:17 - [TEST_STEP][PASSED] - m = getText(findTestObject("Выполнение бизнес-плана/Период")): Text of object 'Object Repository/Выполнение бизнес-плана/Период' is: '1, 2 кв., Июль, Август 2024 года'

16-10-2024T09:24:17 - [MESSAGE][PASSED] - Text of object 'Object Repository/Выполнение бизнес-плана/Период' is: '1, 2 кв., Июль, Август 2024 года'

16-10-2024T09:24:17 - [TEST_STEP][PASSED] - m = m.substring(0, m.indexOf("2024")): null

16-10-2024T09:24:17 - [TEST_STEP][PASSED] - m = m.trim(): null

16-10-2024T09:24:17 - [TEST_STEP][PASSED] - dashboardName = "Выполнение бизнес-плана": null

16-10-2024T09:24:17 - [TEST_STEP][PASSED] - workbook01 = getWorkbook(excelFilePath): null

16-10-2024T09:24:17 - [TEST_STEP][PASSED] - sheet01 = getExcelSheet(workbook01, sheetName): null

16-10-2024T09:24:17 - [TEST_STEP][PASSED] - setValueToCellByIndex(sheet01, n, 0, dashboardName): null

16-10-2024T09:24:17 - [TEST_STEP][PASSED] - setValueToCellByIndex(sheet01, n, 1, dZO): null

16-10-2024T09:24:17 - [TEST_STEP][PASSED] - setValueToCellByIndex(sheet01, n, 2, typeOfData): null

16-10-2024T09:24:17 - [TEST_STEP][PASSED] - if (typeOfData == "Факт в процентах" || typeOfData == "План в процентах"): null

16-10-2024T09:24:17 - [TEST_STEP][PASSED] - else: null

16-10-2024T09:24:17 - [TEST_STEP][PASSED] - setValueToCellByIndex(sheet01, n, 3, fileInt): null

16-10-2024T09:24:17 - [TEST_STEP][PASSED] - setValueToCellByIndex(sheet01, n, 4, "нет данных"): null

16-10-2024T09:24:17 - [TEST_STEP][PASSED] - setValueToCellByIndex(sheet01, n, 5, m): null

16-10-2024T09:24:17 - [TEST_STEP][PASSED] - setValueToCellByIndex(sheet01, n, 6, y): null

16-10-2024T09:24:17 - [TEST_STEP][PASSED] - setValueToCellByIndex(sheet01, n, 7, todaysDate): null

16-10-2024T09:24:17 - [TEST_STEP][PASSED] - n = n + 1: null

16-10-2024T09:24:17 - [TEST_STEP][PASSED] - saveWorkbook(excelFilePath, workbook01): null

16-10-2024T09:24:17 - [TEST_STEP][PASSED] - typeOfData = "Факт Потери": null

16-10-2024T09:24:17 - [TEST_STEP][PASSED] - fileInt = replaceAll("\s+", "").toInteger(): null

16-10-2024T09:24:17 - [TEST_STEP][PASSED] - Script1718980020443.WriteToExcelNoData(a, typeOfData, todaysDate, fileInt, fileDouble, dZO): null

16-10-2024T09:24:17 - [TEST_STEP][PASSED] - sheetName = "Sheet1": null

16-10-2024T09:24:17 - [TEST_STEP][PASSED] - data = findTestData("PlanFact"): null

16-10-2024T09:24:17 - [TEST_STEP][PASSED] - n = data.getRowNumbers() + 1: null

16-10-2024T09:24:17 - [TEST_STEP][PASSED] - year = todaysDate.substring(todaysDate.length() - 4, todaysDate.length()): null

16-10-2024T09:24:17 - [TEST_STEP][PASSED] - y = year.toInteger(): null

16-10-2024T09:24:17 - [TEST_STEP][PASSED] - m = getText(findTestObject("Выполнение бизнес-плана/Период")): Text of object 'Object Repository/Выполнение бизнес-плана/Период' is: '1, 2 кв., Июль, Август 2024 года'

16-10-2024T09:24:18 - [MESSAGE][PASSED] - Text of object 'Object Repository/Выполнение бизнес-плана/Период' is: '1, 2 кв., Июль, Август 2024 года'

16-10-2024T09:24:18 - [TEST_STEP][PASSED] - m = m.substring(0, m.indexOf("2024")): null

16-10-2024T09:24:18 - [TEST_STEP][PASSED] - m = m.trim(): null

16-10-2024T09:24:18 - [TEST_STEP][PASSED] - dashboardName = "Выполнение бизнес-плана": null

16-10-2024T09:24:18 - [TEST_STEP][PASSED] - workbook01 = getWorkbook(excelFilePath): null

16-10-2024T09:24:18 - [TEST_STEP][PASSED] - sheet01 = getExcelSheet(workbook01, sheetName): null

16-10-2024T09:24:18 - [TEST_STEP][PASSED] - setValueToCellByIndex(sheet01, n, 0, dashboardName): null

16-10-2024T09:24:18 - [TEST_STEP][PASSED] - setValueToCellByIndex(sheet01, n, 1, dZO): null

16-10-2024T09:24:18 - [TEST_STEP][PASSED] - setValueToCellByIndex(sheet01, n, 2, typeOfData): null

16-10-2024T09:24:18 - [TEST_STEP][PASSED] - if (typeOfData == "Факт в процентах" || typeOfData == "План в процентах"): null

16-10-2024T09:24:18 - [TEST_STEP][PASSED] - else: null

16-10-2024T09:24:18 - [TEST_STEP][PASSED] - setValueToCellByIndex(sheet01, n, 3, fileInt): null

16-10-2024T09:24:18 - [TEST_STEP][PASSED] - setValueToCellByIndex(sheet01, n, 4, "нет данных"): null

16-10-2024T09:24:18 - [TEST_STEP][PASSED] - setValueToCellByIndex(sheet01, n, 5, m): null

16-10-2024T09:24:18 - [TEST_STEP][PASSED] - setValueToCellByIndex(sheet01, n, 6, y): null

16-10-2024T09:24:18 - [TEST_STEP][PASSED] - setValueToCellByIndex(sheet01, n, 7, todaysDate): null

16-10-2024T09:24:18 - [TEST_STEP][PASSED] - n = n + 1: null

16-10-2024T09:24:18 - [TEST_STEP][PASSED] - saveWorkbook(excelFilePath, workbook01): null

16-10-2024T09:24:18 - [TEST_STEP][PASSED] - typeOfData = "План Отпуск в сеть": null

16-10-2024T09:24:18 - [TEST_STEP][PASSED] - fileInt = replaceAll("\s+", "").toInteger(): null

16-10-2024T09:24:18 - [TEST_STEP][PASSED] - Script1718980020443.WriteToExcelNoData(a, typeOfData, todaysDate, fileInt, fileDouble, dZO): null

16-10-2024T09:24:18 - [TEST_STEP][PASSED] - sheetName = "Sheet1": null

16-10-2024T09:24:18 - [TEST_STEP][PASSED] - data = findTestData("PlanFact"): null

16-10-2024T09:24:18 - [TEST_STEP][PASSED] - n = data.getRowNumbers() + 1: null

16-10-2024T09:24:18 - [TEST_STEP][PASSED] - year = todaysDate.substring(todaysDate.length() - 4, todaysDate.length()): null

16-10-2024T09:24:18 - [TEST_STEP][PASSED] - y = year.toInteger(): null

16-10-2024T09:24:18 - [TEST_STEP][PASSED] - m = getText(findTestObject("Выполнение бизнес-плана/Период")): Text of object 'Object Repository/Выполнение бизнес-плана/Период' is: '1, 2 кв., Июль, Август 2024 года'

16-10-2024T09:24:18 - [MESSAGE][PASSED] - Text of object 'Object Repository/Выполнение бизнес-плана/Период' is: '1, 2 кв., Июль, Август 2024 года'

16-10-2024T09:24:18 - [TEST_STEP][PASSED] - m = m.substring(0, m.indexOf("2024")): null

16-10-2024T09:24:18 - [TEST_STEP][PASSED] - m = m.trim(): null

16-10-2024T09:24:18 - [TEST_STEP][PASSED] - dashboardName = "Выполнение бизнес-плана": null

16-10-2024T09:24:18 - [TEST_STEP][PASSED] - workbook01 = getWorkbook(excelFilePath): null

16-10-2024T09:24:18 - [TEST_STEP][PASSED] - sheet01 = getExcelSheet(workbook01, sheetName): null

16-10-2024T09:24:18 - [TEST_STEP][PASSED] - setValueToCellByIndex(sheet01, n, 0, dashboardName): null

16-10-2024T09:24:18 - [TEST_STEP][PASSED] - setValueToCellByIndex(sheet01, n, 1, dZO): null

16-10-2024T09:24:18 - [TEST_STEP][PASSED] - setValueToCellByIndex(sheet01, n, 2, typeOfData): null

16-10-2024T09:24:18 - [TEST_STEP][PASSED] - if (typeOfData == "Факт в процентах" || typeOfData == "План в процентах"): null

16-10-2024T09:24:18 - [TEST_STEP][PASSED] - else: null

16-10-2024T09:24:18 - [TEST_STEP][PASSED] - setValueToCellByIndex(sheet01, n, 3, fileInt): null

16-10-2024T09:24:18 - [TEST_STEP][PASSED] - setValueToCellByIndex(sheet01, n, 4, "нет данных"): null

16-10-2024T09:24:18 - [TEST_STEP][PASSED] - setValueToCellByIndex(sheet01, n, 5, m): null

16-10-2024T09:24:18 - [TEST_STEP][PASSED] - setValueToCellByIndex(sheet01, n, 6, y): null

16-10-2024T09:24:18 - [TEST_STEP][PASSED] - setValueToCellByIndex(sheet01, n, 7, todaysDate): null

16-10-2024T09:24:18 - [TEST_STEP][PASSED] - n = n + 1: null

16-10-2024T09:24:18 - [TEST_STEP][PASSED] - saveWorkbook(excelFilePath, workbook01): null

16-10-2024T09:24:19 - [TEST_STEP][PASSED] - typeOfData = "План Потери": null

16-10-2024T09:24:19 - [TEST_STEP][PASSED] - fileInt = replaceAll("\s+", "").toInteger(): null

16-10-2024T09:24:19 - [TEST_STEP][PASSED] - Script1718980020443.WriteToExcelNoData(a, typeOfData, todaysDate, fileInt, fileDouble, dZO): null

16-10-2024T09:24:19 - [TEST_STEP][PASSED] - sheetName = "Sheet1": null

16-10-2024T09:24:19 - [TEST_STEP][PASSED] - data = findTestData("PlanFact"): null

16-10-2024T09:24:19 - [TEST_STEP][PASSED] - n = data.getRowNumbers() + 1: null

16-10-2024T09:24:19 - [TEST_STEP][PASSED] - year = todaysDate.substring(todaysDate.length() - 4, todaysDate.length()): null

16-10-2024T09:24:19 - [TEST_STEP][PASSED] - y = year.toInteger(): null

16-10-2024T09:24:19 - [TEST_STEP][PASSED] - m = getText(findTestObject("Выполнение бизнес-плана/Период")): Text of object 'Object Repository/Выполнение бизнес-плана/Период' is: '1, 2 кв., Июль, Август 2024 года'

16-10-2024T09:24:19 - [MESSAGE][PASSED] - Text of object 'Object Repository/Выполнение бизнес-плана/Период' is: '1, 2 кв., Июль, Август 2024 года'

16-10-2024T09:24:19 - [TEST_STEP][PASSED] - m = m.substring(0, m.indexOf("2024")): null

16-10-2024T09:24:19 - [TEST_STEP][PASSED] - m = m.trim(): null

16-10-2024T09:24:19 - [TEST_STEP][PASSED] - dashboardName = "Выполнение бизнес-плана": null

16-10-2024T09:24:19 - [TEST_STEP][PASSED] - workbook01 = getWorkbook(excelFilePath): null

16-10-2024T09:24:19 - [TEST_STEP][PASSED] - sheet01 = getExcelSheet(workbook01, sheetName): null

16-10-2024T09:24:19 - [TEST_STEP][PASSED] - setValueToCellByIndex(sheet01, n, 0, dashboardName): null

16-10-2024T09:24:19 - [TEST_STEP][PASSED] - setValueToCellByIndex(sheet01, n, 1, dZO): null

16-10-2024T09:24:19 - [TEST_STEP][PASSED] - setValueToCellByIndex(sheet01, n, 2, typeOfData): null

16-10-2024T09:24:19 - [TEST_STEP][PASSED] - if (typeOfData == "Факт в процентах" || typeOfData == "План в процентах"): null

16-10-2024T09:24:19 - [TEST_STEP][PASSED] - else: null

16-10-2024T09:24:19 - [TEST_STEP][PASSED] - setValueToCellByIndex(sheet01, n, 3, fileInt): null

16-10-2024T09:24:19 - [TEST_STEP][PASSED] - setValueToCellByIndex(sheet01, n, 4, "нет данных"): null

16-10-2024T09:24:19 - [TEST_STEP][PASSED] - setValueToCellByIndex(sheet01, n, 5, m): null

16-10-2024T09:24:19 - [TEST_STEP][PASSED] - setValueToCellByIndex(sheet01, n, 6, y): null

16-10-2024T09:24:19 - [TEST_STEP][PASSED] - setValueToCellByIndex(sheet01, n, 7, todaysDate): null

16-10-2024T09:24:19 - [TEST_STEP][PASSED] - n = n + 1: null

16-10-2024T09:24:19 - [TEST_STEP][PASSED] - saveWorkbook(excelFilePath, workbook01): null

16-10-2024T09:24:19 - [TEST_STEP][PASSED] - typeOfData = "План в процентах": null

16-10-2024T09:24:19 - [TEST_STEP][PASSED] - fileDouble = ").toDouble(): null

16-10-2024T09:24:19 - [TEST_STEP][PASSED] - Script1718980020443.WriteToExcelNoData(a, typeOfData, todaysDate, fileInt, fileDouble, dZO): null

16-10-2024T09:24:19 - [TEST_STEP][PASSED] - sheetName = "Sheet1": null

16-10-2024T09:24:19 - [TEST_STEP][PASSED] - data = findTestData("PlanFact"): null

16-10-2024T09:24:19 - [TEST_STEP][PASSED] - n = data.getRowNumbers() + 1: null

16-10-2024T09:24:19 - [TEST_STEP][PASSED] - year = todaysDate.substring(todaysDate.length() - 4, todaysDate.length()): null

16-10-2024T09:24:19 - [TEST_STEP][PASSED] - y = year.toInteger(): null

16-10-2024T09:24:19 - [TEST_STEP][PASSED] - m = getText(findTestObject("Выполнение бизнес-плана/Период")): Text of object 'Object Repository/Выполнение бизнес-плана/Период' is: '1, 2 кв., Июль, Август 2024 года'

16-10-2024T09:24:20 - [MESSAGE][PASSED] - Text of object 'Object Repository/Выполнение бизнес-плана/Период' is: '1, 2 кв., Июль, Август 2024 года'

16-10-2024T09:24:20 - [TEST_STEP][PASSED] - m = m.substring(0, m.indexOf("2024")): null

16-10-2024T09:24:20 - [TEST_STEP][PASSED] - m = m.trim(): null

16-10-2024T09:24:20 - [TEST_STEP][PASSED] - dashboardName = "Выполнение бизнес-плана": null

16-10-2024T09:24:20 - [TEST_STEP][PASSED] - workbook01 = getWorkbook(excelFilePath): null

16-10-2024T09:24:20 - [TEST_STEP][PASSED] - sheet01 = getExcelSheet(workbook01, sheetName): null

16-10-2024T09:24:20 - [TEST_STEP][PASSED] - setValueToCellByIndex(sheet01, n, 0, dashboardName): null

16-10-2024T09:24:20 - [TEST_STEP][PASSED] - setValueToCellByIndex(sheet01, n, 1, dZO): null

16-10-2024T09:24:20 - [TEST_STEP][PASSED] - setValueToCellByIndex(sheet01, n, 2, typeOfData): null

16-10-2024T09:24:20 - [TEST_STEP][PASSED] - if (typeOfData == "Факт в процентах" || typeOfData == "План в процентах"): null

16-10-2024T09:24:20 - [TEST_STEP][PASSED] - setValueToCellByIndex(sheet01, n, 3, fileDouble): null

16-10-2024T09:24:20 - [TEST_STEP][PASSED] - setValueToCellByIndex(sheet01, n, 4, "нет данных"): null

16-10-2024T09:24:20 - [TEST_STEP][PASSED] - setValueToCellByIndex(sheet01, n, 5, m): null

16-10-2024T09:24:20 - [TEST_STEP][PASSED] - setValueToCellByIndex(sheet01, n, 6, y): null

16-10-2024T09:24:20 - [TEST_STEP][PASSED] - setValueToCellByIndex(sheet01, n, 7, todaysDate): null

16-10-2024T09:24:20 - [TEST_STEP][PASSED] - n = n + 1: null

16-10-2024T09:24:20 - [TEST_STEP][PASSED] - saveWorkbook(excelFilePath, workbook01): null

16-10-2024T09:24:20 - [TEST_STEP][PASSED] - typeOfData = "Факт в процентах": null

16-10-2024T09:24:20 - [TEST_STEP][PASSED] - fileDouble = ").toDouble(): null

16-10-2024T09:24:20 - [TEST_STEP][PASSED] - Script1718980020443.WriteToExcelNoData(a, typeOfData, todaysDate, fileInt, fileDouble, dZO): null

16-10-2024T09:24:20 - [TEST_STEP][PASSED] - sheetName = "Sheet1": null

16-10-2024T09:24:20 - [TEST_STEP][PASSED] - data = findTestData("PlanFact"): null

16-10-2024T09:24:20 - [TEST_STEP][PASSED] - n = data.getRowNumbers() + 1: null

16-10-2024T09:24:20 - [TEST_STEP][PASSED] - year = todaysDate.substring(todaysDate.length() - 4, todaysDate.length()): null

16-10-2024T09:24:20 - [TEST_STEP][PASSED] - y = year.toInteger(): null

16-10-2024T09:24:20 - [TEST_STEP][PASSED] - m = getText(findTestObject("Выполнение бизнес-плана/Период")): Text of object 'Object Repository/Выполнение бизнес-плана/Период' is: '1, 2 кв., Июль, Август 2024 года'

16-10-2024T09:24:20 - [MESSAGE][PASSED] - Text of object 'Object Repository/Выполнение бизнес-плана/Период' is: '1, 2 кв., Июль, Август 2024 года'

16-10-2024T09:24:20 - [TEST_STEP][PASSED] - m = m.substring(0, m.indexOf("2024")): null

16-10-2024T09:24:20 - [TEST_STEP][PASSED] - m = m.trim(): null

16-10-2024T09:24:20 - [TEST_STEP][PASSED] - dashboardName = "Выполнение бизнес-плана": null

16-10-2024T09:24:20 - [TEST_STEP][PASSED] - workbook01 = getWorkbook(excelFilePath): null

16-10-2024T09:24:20 - [TEST_STEP][PASSED] - sheet01 = getExcelSheet(workbook01, sheetName): null

16-10-2024T09:24:20 - [TEST_STEP][PASSED] - setValueToCellByIndex(sheet01, n, 0, dashboardName): null

16-10-2024T09:24:20 - [TEST_STEP][PASSED] - setValueToCellByIndex(sheet01, n, 1, dZO): null

16-10-2024T09:24:20 - [TEST_STEP][PASSED] - setValueToCellByIndex(sheet01, n, 2, typeOfData): null

16-10-2024T09:24:20 - [TEST_STEP][PASSED] - if (typeOfData == "Факт в процентах" || typeOfData == "План в процентах"): null

16-10-2024T09:24:20 - [TEST_STEP][PASSED] - setValueToCellByIndex(sheet01, n, 3, fileDouble): null

16-10-2024T09:24:20 - [TEST_STEP][PASSED] - setValueToCellByIndex(sheet01, n, 4, "нет данных"): null

16-10-2024T09:24:20 - [TEST_STEP][PASSED] - setValueToCellByIndex(sheet01, n, 5, m): null

16-10-2024T09:24:20 - [TEST_STEP][PASSED] - setValueToCellByIndex(sheet01, n, 6, y): null

16-10-2024T09:24:20 - [TEST_STEP][PASSED] - setValueToCellByIndex(sheet01, n, 7, todaysDate): null

16-10-2024T09:24:20 - [TEST_STEP][PASSED] - n = n + 1: null

16-10-2024T09:24:20 - [TEST_STEP][PASSED] - saveWorkbook(excelFilePath, workbook01): null

16-10-2024T09:24:21 - [TEST_STEP][PASSED] - println(dzoNum): null

16-10-2024T09:24:21 - [TEST_STEP][PASSED] - closeBrowser(): Browser is closed

16-10-2024T09:24:21 - [MESSAGE][PASSED] - Browser is closed]]></system-out>
         <system-err><![CDATA[16-10-2024T08:41:34 - [TEST_CASE][FAILED] - Test Cases/Выполнение бизнес-плана/Выполнение бизнес-плана Сверка ПАО Россети все филиалы: Test Cases/Выполнение бизнес-плана/Выполнение бизнес-плана Сверка ПАО Россети все филиалы FAILED.
Reason:
com.kms.katalon.core.exception.StepFailedException: Unable to verify equal between actual object '6' and expected object '0' (Root cause: com.kms.katalon.core.exception.StepFailedException: Actual object '6' and expected object '0' are not equal
	at com.kms.katalon.core.keyword.builtin.VerifyEqualKeyword$_verifyEqual_closure1.doCall(VerifyEqualKeyword.groovy:58)
	at com.kms.katalon.core.keyword.builtin.VerifyEqualKeyword$_verifyEqual_closure1.call(VerifyEqualKeyword.groovy)
	at com.kms.katalon.core.keyword.internal.KeywordMain.runKeyword(KeywordMain.groovy:75)
	at com.kms.katalon.core.keyword.builtin.VerifyEqualKeyword.verifyEqual(VerifyEqualKeyword.groovy:63)
	at com.kms.katalon.core.keyword.builtin.VerifyEqualKeyword.execute(VerifyEqualKeyword.groovy:44)
	at com.kms.katalon.core.keyword.internal.KeywordExecutor.executeKeywordForPlatform(KeywordExecutor.groovy:74)
	at com.kms.katalon.core.keyword.BuiltinKeywords.verifyEqual(BuiltinKeywords.groovy:146)
	at java.base/jdk.internal.reflect.NativeMethodAccessorImpl.invoke0(Native Method)
	at java.base/jdk.internal.reflect.NativeMethodAccessorImpl.invoke(NativeMethodAccessorImpl.java:77)
	at java.base/jdk.internal.reflect.DelegatingMethodAccessorImpl.invoke(DelegatingMethodAccessorImpl.java:43)
	at Выполнение бизнес-плана Сверка ПАО Россети все филиалы.Numbers(Выполнение бизнес-плана Сверка ПАО Россети все филиалы:749)
	at Выполнение бизнес-плана Сверка ПАО Россети все филиалы.run(Выполнение бизнес-плана Сверка ПАО Россети все филиалы:198)
	at com.kms.katalon.core.main.ScriptEngine.run(ScriptEngine.java:194)
	at com.kms.katalon.core.main.ScriptEngine.runScriptAsRawText(ScriptEngine.java:119)
	at com.kms.katalon.core.main.TestCaseExecutor.runScript(TestCaseExecutor.java:448)
	at com.kms.katalon.core.main.TestCaseExecutor.doExecute(TestCaseExecutor.java:439)
	at com.kms.katalon.core.main.TestCaseExecutor.processExecutionPhase(TestCaseExecutor.java:418)
	at com.kms.katalon.core.main.TestCaseExecutor.accessMainPhase(TestCaseExecutor.java:410)
	at com.kms.katalon.core.main.TestCaseExecutor.execute(TestCaseExecutor.java:285)
	at com.kms.katalon.core.common.CommonExecutor.accessTestCaseMainPhase(CommonExecutor.java:65)
	at com.kms.katalon.core.main.TestSuiteExecutor.accessTestSuiteMainPhase(TestSuiteExecutor.java:150)
	at com.kms.katalon.core.main.TestSuiteExecutor.execute(TestSuiteExecutor.java:106)
	at com.kms.katalon.core.main.TestCaseMain.startTestSuite(TestCaseMain.java:180)
	at TempTestSuite1729057289574.run(TempTestSuite1729057289574.groovy:35)
	at java.base/jdk.internal.reflect.NativeMethodAccessorImpl.invoke0(Native Method)
	at java.base/jdk.internal.reflect.NativeMethodAccessorImpl.invoke(NativeMethodAccessorImpl.java:77)
	at java.base/jdk.internal.reflect.DelegatingMethodAccessorImpl.invoke(DelegatingMethodAccessorImpl.java:43)
)
	at com.kms.katalon.core.keyword.internal.KeywordMain.stepFailed(KeywordMain.groovy:39)
	at com.kms.katalon.core.keyword.internal.KeywordMain.stepFailed(KeywordMain.groovy)
	at com.kms.katalon.core.keyword.internal.KeywordMain.runKeyword(KeywordMain.groovy:77)
	at com.kms.katalon.core.keyword.builtin.VerifyEqualKeyword.verifyEqual(VerifyEqualKeyword.groovy:63)
	at com.kms.katalon.core.keyword.builtin.VerifyEqualKeyword.execute(VerifyEqualKeyword.groovy:44)
	at com.kms.katalon.core.keyword.internal.KeywordExecutor.executeKeywordForPlatform(KeywordExecutor.groovy:74)
	at com.kms.katalon.core.keyword.BuiltinKeywords.verifyEqual(BuiltinKeywords.groovy:146)
	at java.base/jdk.internal.reflect.NativeMethodAccessorImpl.invoke0(Native Method)
	at java.base/jdk.internal.reflect.NativeMethodAccessorImpl.invoke(NativeMethodAccessorImpl.java:77)
	at java.base/jdk.internal.reflect.DelegatingMethodAccessorImpl.invoke(DelegatingMethodAccessorImpl.java:43)
	at Выполнение бизнес-плана Сверка ПАО Россети все филиалы.Numbers(Выполнение бизнес-плана Сверка ПАО Россети все филиалы:749)
	at Выполнение бизнес-плана Сверка ПАО Россети все филиалы.run(Выполнение бизнес-плана Сверка ПАО Россети все филиалы:198)
	at com.kms.katalon.core.main.ScriptEngine.run(ScriptEngine.java:194)
	at com.kms.katalon.core.main.ScriptEngine.runScriptAsRawText(ScriptEngine.java:119)
	at com.kms.katalon.core.main.TestCaseExecutor.runScript(TestCaseExecutor.java:448)
	at com.kms.katalon.core.main.TestCaseExecutor.doExecute(TestCaseExecutor.java:439)
	at com.kms.katalon.core.main.TestCaseExecutor.processExecutionPhase(TestCaseExecutor.java:418)
	at com.kms.katalon.core.main.TestCaseExecutor.accessMainPhase(TestCaseExecutor.java:410)
	at com.kms.katalon.core.main.TestCaseExecutor.execute(TestCaseExecutor.java:285)
	at com.kms.katalon.core.common.CommonExecutor.accessTestCaseMainPhase(CommonExecutor.java:65)
	at com.kms.katalon.core.main.TestSuiteExecutor.accessTestSuiteMainPhase(TestSuiteExecutor.java:150)
	at com.kms.katalon.core.main.TestSuiteExecutor.execute(TestSuiteExecutor.java:106)
	at com.kms.katalon.core.main.TestCaseMain.startTestSuite(TestCaseMain.java:180)
	at TempTestSuite1729057289574.run(TempTestSuite1729057289574.groovy:35)
	at java.base/jdk.internal.reflect.NativeMethodAccessorImpl.invoke0(Native Method)
	at java.base/jdk.internal.reflect.NativeMethodAccessorImpl.invoke(NativeMethodAccessorImpl.java:77)
	at java.base/jdk.internal.reflect.DelegatingMethodAccessorImpl.invoke(DelegatingMethodAccessorImpl.java:43)
Caused by: com.kms.katalon.core.exception.StepFailedException: Actual object '6' and expected object '0' are not equal
	at com.kms.katalon.core.keyword.builtin.VerifyEqualKeyword$_verifyEqual_closure1.doCall(VerifyEqualKeyword.groovy:58)
	at com.kms.katalon.core.keyword.builtin.VerifyEqualKeyword$_verifyEqual_closure1.call(VerifyEqualKeyword.groovy)
	at com.kms.katalon.core.keyword.internal.KeywordMain.runKeyword(KeywordMain.groovy:75)
	... 24 more]]></system-err>
      </testcase>
      <system-out><![CDATA[16-10-2024T08:41:34 - [TEST_SUITE][FAILED] - Сверка с ПБЭ: Test Cases/Выполнение бизнес-плана/Выполнение бизнес-плана Сверка ПАО Россети все филиалы FAILED.
Reason:
com.kms.katalon.core.exception.StepFailedException: Unable to verify equal between actual object '6' and expected object '0' (Root cause: com.kms.katalon.core.exception.StepFailedException: Actual object '6' and expected object '0' are not equal
	at com.kms.katalon.core.keyword.builtin.VerifyEqualKeyword$_verifyEqual_closure1.doCall(VerifyEqualKeyword.groovy:58)
	at com.kms.katalon.core.keyword.builtin.VerifyEqualKeyword$_verifyEqual_closure1.call(VerifyEqualKeyword.groovy)
	at com.kms.katalon.core.keyword.internal.KeywordMain.runKeyword(KeywordMain.groovy:75)
	at com.kms.katalon.core.keyword.builtin.VerifyEqualKeyword.verifyEqual(VerifyEqualKeyword.groovy:63)
	at com.kms.katalon.core.keyword.builtin.VerifyEqualKeyword.execute(VerifyEqualKeyword.groovy:44)
	at com.kms.katalon.core.keyword.internal.KeywordExecutor.executeKeywordForPlatform(KeywordExecutor.groovy:74)
	at com.kms.katalon.core.keyword.BuiltinKeywords.verifyEqual(BuiltinKeywords.groovy:146)
	at java.base/jdk.internal.reflect.NativeMethodAccessorImpl.invoke0(Native Method)
	at java.base/jdk.internal.reflect.NativeMethodAccessorImpl.invoke(NativeMethodAccessorImpl.java:77)
	at java.base/jdk.internal.reflect.DelegatingMethodAccessorImpl.invoke(DelegatingMethodAccessorImpl.java:43)
	at Выполнение бизнес-плана Сверка ПАО Россети все филиалы.Numbers(Выполнение бизнес-плана Сверка ПАО Россети все филиалы:749)
	at Выполнение бизнес-плана Сверка ПАО Россети все филиалы.run(Выполнение бизнес-плана Сверка ПАО Россети все филиалы:198)
	at com.kms.katalon.core.main.ScriptEngine.run(ScriptEngine.java:194)
	at com.kms.katalon.core.main.ScriptEngine.runScriptAsRawText(ScriptEngine.java:119)
	at com.kms.katalon.core.main.TestCaseExecutor.runScript(TestCaseExecutor.java:448)
	at com.kms.katalon.core.main.TestCaseExecutor.doExecute(TestCaseExecutor.java:439)
	at com.kms.katalon.core.main.TestCaseExecutor.processExecutionPhase(TestCaseExecutor.java:418)
	at com.kms.katalon.core.main.TestCaseExecutor.accessMainPhase(TestCaseExecutor.java:410)
	at com.kms.katalon.core.main.TestCaseExecutor.execute(TestCaseExecutor.java:285)
	at com.kms.katalon.core.common.CommonExecutor.accessTestCaseMainPhase(CommonExecutor.java:65)
	at com.kms.katalon.core.main.TestSuiteExecutor.accessTestSuiteMainPhase(TestSuiteExecutor.java:150)
	at com.kms.katalon.core.main.TestSuiteExecutor.execute(TestSuiteExecutor.java:106)
	at com.kms.katalon.core.main.TestCaseMain.startTestSuite(TestCaseMain.java:180)
	at TempTestSuite1729057289574.run(TempTestSuite1729057289574.groovy:35)
	at java.base/jdk.internal.reflect.NativeMethodAccessorImpl.invoke0(Native Method)
	at java.base/jdk.internal.reflect.NativeMethodAccessorImpl.invoke(NativeMethodAccessorImpl.java:77)
	at java.base/jdk.internal.reflect.DelegatingMethodAccessorImpl.invoke(DelegatingMethodAccessorImpl.java:43)
)
	at com.kms.katalon.core.keyword.internal.KeywordMain.stepFailed(KeywordMain.groovy:39)
	at com.kms.katalon.core.keyword.internal.KeywordMain.stepFailed(KeywordMain.groovy)
	at com.kms.katalon.core.keyword.internal.KeywordMain.runKeyword(KeywordMain.groovy:77)
	at com.kms.katalon.core.keyword.builtin.VerifyEqualKeyword.verifyEqual(VerifyEqualKeyword.groovy:63)
	at com.kms.katalon.core.keyword.builtin.VerifyEqualKeyword.execute(VerifyEqualKeyword.groovy:44)
	at com.kms.katalon.core.keyword.internal.KeywordExecutor.executeKeywordForPlatform(KeywordExecutor.groovy:74)
	at com.kms.katalon.core.keyword.BuiltinKeywords.verifyEqual(BuiltinKeywords.groovy:146)
	at java.base/jdk.internal.reflect.NativeMethodAccessorImpl.invoke0(Native Method)
	at java.base/jdk.internal.reflect.NativeMethodAccessorImpl.invoke(NativeMethodAccessorImpl.java:77)
	at java.base/jdk.internal.reflect.DelegatingMethodAccessorImpl.invoke(DelegatingMethodAccessorImpl.java:43)
	at Выполнение бизнес-плана Сверка ПАО Россети все филиалы.Numbers(Выполнение бизнес-плана Сверка ПАО Россети все филиалы:749)
	at Выполнение бизнес-плана Сверка ПАО Россети все филиалы.run(Выполнение бизнес-плана Сверка ПАО Россети все филиалы:198)
	at com.kms.katalon.core.main.ScriptEngine.run(ScriptEngine.java:194)
	at com.kms.katalon.core.main.ScriptEngine.runScriptAsRawText(ScriptEngine.java:119)
	at com.kms.katalon.core.main.TestCaseExecutor.runScript(TestCaseExecutor.java:448)
	at com.kms.katalon.core.main.TestCaseExecutor.doExecute(TestCaseExecutor.java:439)
	at com.kms.katalon.core.main.TestCaseExecutor.processExecutionPhase(TestCaseExecutor.java:418)
	at com.kms.katalon.core.main.TestCaseExecutor.accessMainPhase(TestCaseExecutor.java:410)
	at com.kms.katalon.core.main.TestCaseExecutor.execute(TestCaseExecutor.java:285)
	at com.kms.katalon.core.common.CommonExecutor.accessTestCaseMainPhase(CommonExecutor.java:65)
	at com.kms.katalon.core.main.TestSuiteExecutor.accessTestSuiteMainPhase(TestSuiteExecutor.java:150)
	at com.kms.katalon.core.main.TestSuiteExecutor.execute(TestSuiteExecutor.java:106)
	at com.kms.katalon.core.main.TestCaseMain.startTestSuite(TestCaseMain.java:180)
	at TempTestSuite1729057289574.run(TempTestSuite1729057289574.groovy:35)
	at java.base/jdk.internal.reflect.NativeMethodAccessorImpl.invoke0(Native Method)
	at java.base/jdk.internal.reflect.NativeMethodAccessorImpl.invoke(NativeMethodAccessorImpl.java:77)
	at java.base/jdk.internal.reflect.DelegatingMethodAccessorImpl.invoke(DelegatingMethodAccessorImpl.java:43)
Caused by: com.kms.katalon.core.exception.StepFailedException: Actual object '6' and expected object '0' are not equal
	at com.kms.katalon.core.keyword.builtin.VerifyEqualKeyword$_verifyEqual_closure1.doCall(VerifyEqualKeyword.groovy:58)
	at com.kms.katalon.core.keyword.builtin.VerifyEqualKeyword$_verifyEqual_closure1.call(VerifyEqualKeyword.groovy)
	at com.kms.katalon.core.keyword.internal.KeywordMain.runKeyword(KeywordMain.groovy:75)
	... 24 more]]></system-out>
      <system-err><![CDATA[16-10-2024T08:41:34 - [TEST_SUITE][FAILED] - Сверка с ПБЭ: Test Cases/Выполнение бизнес-плана/Выполнение бизнес-плана Сверка ПАО Россети все филиалы FAILED.
Reason:
com.kms.katalon.core.exception.StepFailedException: Unable to verify equal between actual object '6' and expected object '0' (Root cause: com.kms.katalon.core.exception.StepFailedException: Actual object '6' and expected object '0' are not equal
	at com.kms.katalon.core.keyword.builtin.VerifyEqualKeyword$_verifyEqual_closure1.doCall(VerifyEqualKeyword.groovy:58)
	at com.kms.katalon.core.keyword.builtin.VerifyEqualKeyword$_verifyEqual_closure1.call(VerifyEqualKeyword.groovy)
	at com.kms.katalon.core.keyword.internal.KeywordMain.runKeyword(KeywordMain.groovy:75)
	at com.kms.katalon.core.keyword.builtin.VerifyEqualKeyword.verifyEqual(VerifyEqualKeyword.groovy:63)
	at com.kms.katalon.core.keyword.builtin.VerifyEqualKeyword.execute(VerifyEqualKeyword.groovy:44)
	at com.kms.katalon.core.keyword.internal.KeywordExecutor.executeKeywordForPlatform(KeywordExecutor.groovy:74)
	at com.kms.katalon.core.keyword.BuiltinKeywords.verifyEqual(BuiltinKeywords.groovy:146)
	at java.base/jdk.internal.reflect.NativeMethodAccessorImpl.invoke0(Native Method)
	at java.base/jdk.internal.reflect.NativeMethodAccessorImpl.invoke(NativeMethodAccessorImpl.java:77)
	at java.base/jdk.internal.reflect.DelegatingMethodAccessorImpl.invoke(DelegatingMethodAccessorImpl.java:43)
	at Выполнение бизнес-плана Сверка ПАО Россети все филиалы.Numbers(Выполнение бизнес-плана Сверка ПАО Россети все филиалы:749)
	at Выполнение бизнес-плана Сверка ПАО Россети все филиалы.run(Выполнение бизнес-плана Сверка ПАО Россети все филиалы:198)
	at com.kms.katalon.core.main.ScriptEngine.run(ScriptEngine.java:194)
	at com.kms.katalon.core.main.ScriptEngine.runScriptAsRawText(ScriptEngine.java:119)
	at com.kms.katalon.core.main.TestCaseExecutor.runScript(TestCaseExecutor.java:448)
	at com.kms.katalon.core.main.TestCaseExecutor.doExecute(TestCaseExecutor.java:439)
	at com.kms.katalon.core.main.TestCaseExecutor.processExecutionPhase(TestCaseExecutor.java:418)
	at com.kms.katalon.core.main.TestCaseExecutor.accessMainPhase(TestCaseExecutor.java:410)
	at com.kms.katalon.core.main.TestCaseExecutor.execute(TestCaseExecutor.java:285)
	at com.kms.katalon.core.common.CommonExecutor.accessTestCaseMainPhase(CommonExecutor.java:65)
	at com.kms.katalon.core.main.TestSuiteExecutor.accessTestSuiteMainPhase(TestSuiteExecutor.java:150)
	at com.kms.katalon.core.main.TestSuiteExecutor.execute(TestSuiteExecutor.java:106)
	at com.kms.katalon.core.main.TestCaseMain.startTestSuite(TestCaseMain.java:180)
	at TempTestSuite1729057289574.run(TempTestSuite1729057289574.groovy:35)
	at java.base/jdk.internal.reflect.NativeMethodAccessorImpl.invoke0(Native Method)
	at java.base/jdk.internal.reflect.NativeMethodAccessorImpl.invoke(NativeMethodAccessorImpl.java:77)
	at java.base/jdk.internal.reflect.DelegatingMethodAccessorImpl.invoke(DelegatingMethodAccessorImpl.java:43)
)
	at com.kms.katalon.core.keyword.internal.KeywordMain.stepFailed(KeywordMain.groovy:39)
	at com.kms.katalon.core.keyword.internal.KeywordMain.stepFailed(KeywordMain.groovy)
	at com.kms.katalon.core.keyword.internal.KeywordMain.runKeyword(KeywordMain.groovy:77)
	at com.kms.katalon.core.keyword.builtin.VerifyEqualKeyword.verifyEqual(VerifyEqualKeyword.groovy:63)
	at com.kms.katalon.core.keyword.builtin.VerifyEqualKeyword.execute(VerifyEqualKeyword.groovy:44)
	at com.kms.katalon.core.keyword.internal.KeywordExecutor.executeKeywordForPlatform(KeywordExecutor.groovy:74)
	at com.kms.katalon.core.keyword.BuiltinKeywords.verifyEqual(BuiltinKeywords.groovy:146)
	at java.base/jdk.internal.reflect.NativeMethodAccessorImpl.invoke0(Native Method)
	at java.base/jdk.internal.reflect.NativeMethodAccessorImpl.invoke(NativeMethodAccessorImpl.java:77)
	at java.base/jdk.internal.reflect.DelegatingMethodAccessorImpl.invoke(DelegatingMethodAccessorImpl.java:43)
	at Выполнение бизнес-плана Сверка ПАО Россети все филиалы.Numbers(Выполнение бизнес-плана Сверка ПАО Россети все филиалы:749)
	at Выполнение бизнес-плана Сверка ПАО Россети все филиалы.run(Выполнение бизнес-плана Сверка ПАО Россети все филиалы:198)
	at com.kms.katalon.core.main.ScriptEngine.run(ScriptEngine.java:194)
	at com.kms.katalon.core.main.ScriptEngine.runScriptAsRawText(ScriptEngine.java:119)
	at com.kms.katalon.core.main.TestCaseExecutor.runScript(TestCaseExecutor.java:448)
	at com.kms.katalon.core.main.TestCaseExecutor.doExecute(TestCaseExecutor.java:439)
	at com.kms.katalon.core.main.TestCaseExecutor.processExecutionPhase(TestCaseExecutor.java:418)
	at com.kms.katalon.core.main.TestCaseExecutor.accessMainPhase(TestCaseExecutor.java:410)
	at com.kms.katalon.core.main.TestCaseExecutor.execute(TestCaseExecutor.java:285)
	at com.kms.katalon.core.common.CommonExecutor.accessTestCaseMainPhase(CommonExecutor.java:65)
	at com.kms.katalon.core.main.TestSuiteExecutor.accessTestSuiteMainPhase(TestSuiteExecutor.java:150)
	at com.kms.katalon.core.main.TestSuiteExecutor.execute(TestSuiteExecutor.java:106)
	at com.kms.katalon.core.main.TestCaseMain.startTestSuite(TestCaseMain.java:180)
	at TempTestSuite1729057289574.run(TempTestSuite1729057289574.groovy:35)
	at java.base/jdk.internal.reflect.NativeMethodAccessorImpl.invoke0(Native Method)
	at java.base/jdk.internal.reflect.NativeMethodAccessorImpl.invoke(NativeMethodAccessorImpl.java:77)
	at java.base/jdk.internal.reflect.DelegatingMethodAccessorImpl.invoke(DelegatingMethodAccessorImpl.java:43)
Caused by: com.kms.katalon.core.exception.StepFailedException: Actual object '6' and expected object '0' are not equal
	at com.kms.katalon.core.keyword.builtin.VerifyEqualKeyword$_verifyEqual_closure1.doCall(VerifyEqualKeyword.groovy:58)
	at com.kms.katalon.core.keyword.builtin.VerifyEqualKeyword$_verifyEqual_closure1.call(VerifyEqualKeyword.groovy)
	at com.kms.katalon.core.keyword.internal.KeywordMain.runKeyword(KeywordMain.groovy:75)
	... 24 more]]></system-err>
   </testsuite>
</testsuites>
